<?xml version="1.0" encoding="UTF-8"?>
<testsuite xmlns:xsi="http://www.w3.org/2001/XMLSchema-instance" xsi:noNamespaceSchemaLocation="https://maven.apache.org/surefire/maven-surefire-plugin/xsd/surefire-test-report-3.0.xsd" version="3.0" name="bloodbank.entity.TestCRUDPerson" time="3.767" tests="6" errors="0" skipped="0" failures="0">
  <properties>
    <property name="sun.desktop" value="windows"/>
    <property name="awt.toolkit" value="sun.awt.windows.WToolkit"/>
    <property name="java.specification.version" value="11"/>
    <property name="sun.cpu.isalist" value="amd64"/>
    <property name="sun.jnu.encoding" value="Cp1252"/>
    <property name="java.class.path" value="D:\Computer Programming\Level 4\CST8277_300 Enterprise Application\Assignments\Assignment03\BloodBank-JPA-Mapping-JUnit-Skeleton\BloodBank-JPA-Mapping-JUnit-Skeleton\target\test-classes;C:\Users\simondaxia\.m2\repository\org\junit\jupiter\junit-jupiter\5.7.0\junit-jupiter-5.7.0.jar;C:\Users\simondaxia\.m2\repository\org\junit\jupiter\junit-jupiter-api\5.7.0\junit-jupiter-api-5.7.0.jar;C:\Users\simondaxia\.m2\repository\org\apiguardian\apiguardian-api\1.1.0\apiguardian-api-1.1.0.jar;C:\Users\simondaxia\.m2\repository\org\opentest4j\opentest4j\1.2.0\opentest4j-1.2.0.jar;C:\Users\simondaxia\.m2\repository\org\junit\platform\junit-platform-commons\1.7.0\junit-platform-commons-1.7.0.jar;C:\Users\simondaxia\.m2\repository\org\junit\jupiter\junit-jupiter-params\5.7.0\junit-jupiter-params-5.7.0.jar;C:\Users\simondaxia\.m2\repository\org\junit\jupiter\junit-jupiter-engine\5.7.0\junit-jupiter-engine-5.7.0.jar;C:\Users\simondaxia\.m2\repository\org\junit\platform\junit-platform-engine\1.7.0\junit-platform-engine-1.7.0.jar;C:\Users\simondaxia\.m2\repository\org\hamcrest\hamcrest\2.2\hamcrest-2.2.jar;C:\Users\simondaxia\.m2\repository\org\hamcrest\hamcrest-library\2.2\hamcrest-library-2.2.jar;C:\Users\simondaxia\.m2\repository\org\hamcrest\hamcrest-core\2.2\hamcrest-core-2.2.jar;C:\Users\simondaxia\.m2\repository\org\jboss\logging\jboss-logging\3.4.1.Final\jboss-logging-3.4.1.Final.jar;C:\Users\simondaxia\.m2\repository\org\javassist\javassist\3.27.0-GA\javassist-3.27.0-GA.jar;C:\Users\simondaxia\.m2\repository\net\bytebuddy\byte-buddy\1.10.17\byte-buddy-1.10.17.jar;C:\Users\simondaxia\.m2\repository\antlr\antlr\2.7.7\antlr-2.7.7.jar;C:\Users\simondaxia\.m2\repository\org\jboss\spec\javax\transaction\jboss-transaction-api_1.2_spec\1.1.1.Final\jboss-transaction-api_1.2_spec-1.1.1.Final.jar;C:\Users\simondaxia\.m2\repository\org\jboss\jandex\2.1.3.Final\jandex-2.1.3.Final.jar;C:\Users\simondaxia\.m2\repository\com\fasterxml\classmate\1.5.1\classmate-1.5.1.jar;C:\Users\simondaxia\.m2\repository\javax\activation\javax.activation-api\1.2.0\javax.activation-api-1.2.0.jar;C:\Users\simondaxia\.m2\repository\org\dom4j\dom4j\2.1.3\dom4j-2.1.3.jar;C:\Users\simondaxia\.m2\repository\org\hibernate\common\hibernate-commons-annotations\5.1.2.Final\hibernate-commons-annotations-5.1.2.Final.jar;C:\Users\simondaxia\.m2\repository\javax\xml\bind\jaxb-api\2.3.1\jaxb-api-2.3.1.jar;C:\Users\simondaxia\.m2\repository\org\glassfish\jaxb\jaxb-runtime\2.3.1\jaxb-runtime-2.3.1.jar;C:\Users\simondaxia\.m2\repository\org\glassfish\jaxb\txw2\2.3.1\txw2-2.3.1.jar;C:\Users\simondaxia\.m2\repository\com\sun\istack\istack-commons-runtime\3.0.7\istack-commons-runtime-3.0.7.jar;C:\Users\simondaxia\.m2\repository\org\jvnet\staxex\stax-ex\1.8\stax-ex-1.8.jar;C:\Users\simondaxia\.m2\repository\com\sun\xml\fastinfoset\FastInfoset\1.2.15\FastInfoset-1.2.15.jar;C:\Users\simondaxia\.m2\repository\mysql\mysql-connector-java\8.0.23\mysql-connector-java-8.0.23.jar;C:\Users\simondaxia\.m2\repository\com\google\protobuf\protobuf-java\3.11.4\protobuf-java-3.11.4.jar;"/>
    <property name="java.vm.vendor" value="Amazon.com Inc."/>
    <property name="sun.arch.data.model" value="64"/>
    <property name="user.variant" value=""/>
    <property name="java.vendor.url" value="https://aws.amazon.com/corretto/"/>
    <property name="user.timezone" value="America/New_York"/>
    <property name="java.vm.specification.version" value="11"/>
    <property name="os.name" value="Windows 10"/>
    <property name="sun.java.launcher" value="SUN_STANDARD"/>
    <property name="user.country" value="CA"/>
    <property name="sun.boot.library.path" value="C:\Program Files\Amazon Corretto\jdk11.0.11_9\bin"/>
    <property name="sun.java.command" value="org.apache.maven.surefire.booter.ForkedBooter C:\Users\simondaxia\AppData\Local\Temp\surefire18336507460364361438 2021-11-19T10-23-33_773-jvmRun1 surefire10358599284016281038tmp surefire_028660401499378696tmp"/>
    <property name="jdk.debug" value="release"/>
    <property name="surefire.test.class.path" value="D:\Computer Programming\Level 4\CST8277_300 Enterprise Application\Assignments\Assignment03\BloodBank-JPA-Mapping-JUnit-Skeleton\BloodBank-JPA-Mapping-JUnit-Skeleton\target\test-classes;C:\Users\simondaxia\.m2\repository\org\junit\jupiter\junit-jupiter\5.7.0\junit-jupiter-5.7.0.jar;C:\Users\simondaxia\.m2\repository\org\junit\jupiter\junit-jupiter-api\5.7.0\junit-jupiter-api-5.7.0.jar;C:\Users\simondaxia\.m2\repository\org\apiguardian\apiguardian-api\1.1.0\apiguardian-api-1.1.0.jar;C:\Users\simondaxia\.m2\repository\org\opentest4j\opentest4j\1.2.0\opentest4j-1.2.0.jar;C:\Users\simondaxia\.m2\repository\org\junit\platform\junit-platform-commons\1.7.0\junit-platform-commons-1.7.0.jar;C:\Users\simondaxia\.m2\repository\org\junit\jupiter\junit-jupiter-params\5.7.0\junit-jupiter-params-5.7.0.jar;C:\Users\simondaxia\.m2\repository\org\junit\jupiter\junit-jupiter-engine\5.7.0\junit-jupiter-engine-5.7.0.jar;C:\Users\simondaxia\.m2\repository\org\junit\platform\junit-platform-engine\1.7.0\junit-platform-engine-1.7.0.jar;C:\Users\simondaxia\.m2\repository\org\hamcrest\hamcrest\2.2\hamcrest-2.2.jar;C:\Users\simondaxia\.m2\repository\org\hamcrest\hamcrest-library\2.2\hamcrest-library-2.2.jar;C:\Users\simondaxia\.m2\repository\org\hamcrest\hamcrest-core\2.2\hamcrest-core-2.2.jar;C:\Users\simondaxia\.m2\repository\org\jboss\logging\jboss-logging\3.4.1.Final\jboss-logging-3.4.1.Final.jar;C:\Users\simondaxia\.m2\repository\org\javassist\javassist\3.27.0-GA\javassist-3.27.0-GA.jar;C:\Users\simondaxia\.m2\repository\net\bytebuddy\byte-buddy\1.10.17\byte-buddy-1.10.17.jar;C:\Users\simondaxia\.m2\repository\antlr\antlr\2.7.7\antlr-2.7.7.jar;C:\Users\simondaxia\.m2\repository\org\jboss\spec\javax\transaction\jboss-transaction-api_1.2_spec\1.1.1.Final\jboss-transaction-api_1.2_spec-1.1.1.Final.jar;C:\Users\simondaxia\.m2\repository\org\jboss\jandex\2.1.3.Final\jandex-2.1.3.Final.jar;C:\Users\simondaxia\.m2\repository\com\fasterxml\classmate\1.5.1\classmate-1.5.1.jar;C:\Users\simondaxia\.m2\repository\javax\activation\javax.activation-api\1.2.0\javax.activation-api-1.2.0.jar;C:\Users\simondaxia\.m2\repository\org\dom4j\dom4j\2.1.3\dom4j-2.1.3.jar;C:\Users\simondaxia\.m2\repository\org\hibernate\common\hibernate-commons-annotations\5.1.2.Final\hibernate-commons-annotations-5.1.2.Final.jar;C:\Users\simondaxia\.m2\repository\javax\xml\bind\jaxb-api\2.3.1\jaxb-api-2.3.1.jar;C:\Users\simondaxia\.m2\repository\org\glassfish\jaxb\jaxb-runtime\2.3.1\jaxb-runtime-2.3.1.jar;C:\Users\simondaxia\.m2\repository\org\glassfish\jaxb\txw2\2.3.1\txw2-2.3.1.jar;C:\Users\simondaxia\.m2\repository\com\sun\istack\istack-commons-runtime\3.0.7\istack-commons-runtime-3.0.7.jar;C:\Users\simondaxia\.m2\repository\org\jvnet\staxex\stax-ex\1.8\stax-ex-1.8.jar;C:\Users\simondaxia\.m2\repository\com\sun\xml\fastinfoset\FastInfoset\1.2.15\FastInfoset-1.2.15.jar;C:\Users\simondaxia\.m2\repository\mysql\mysql-connector-java\8.0.23\mysql-connector-java-8.0.23.jar;C:\Users\simondaxia\.m2\repository\com\google\protobuf\protobuf-java\3.11.4\protobuf-java-3.11.4.jar;"/>
    <property name="sun.cpu.endian" value="little"/>
    <property name="user.home" value="C:\Users\simondaxia"/>
    <property name="user.language" value="en"/>
    <property name="java.specification.vendor" value="Oracle Corporation"/>
    <property name="jdk.module.path" value="D:\Computer Programming\Level 4\CST8277_300 Enterprise Application\Assignments\Assignment03\BloodBank-JPA-Mapping-JUnit-Skeleton\BloodBank-JPA-Mapping-JUnit-Skeleton\target\classes;C:\Users\simondaxia\.m2\repository\org\apache\logging\log4j\log4j-api\2.14.0\log4j-api-2.14.0.jar;C:\Users\simondaxia\.m2\repository\org\apache\logging\log4j\log4j-core\2.14.0\log4j-core-2.14.0.jar;C:\Users\simondaxia\.m2\repository\org\hibernate\hibernate-core\5.4.27.Final\hibernate-core-5.4.27.Final.jar;C:\Users\simondaxia\.m2\repository\jakarta\platform\jakarta.jakartaee-api\8.0.0\jakarta.jakartaee-api-8.0.0.jar"/>
    <property name="java.version.date" value="2021-04-20"/>
    <property name="generateReports" value="flase"/>
    <property name="java.home" value="C:\Program Files\Amazon Corretto\jdk11.0.11_9"/>
    <property name="file.separator" value="\"/>
    <property name="basedir" value="D:\Computer Programming\Level 4\CST8277_300 Enterprise Application\Assignments\Assignment03\BloodBank-JPA-Mapping-JUnit-Skeleton\BloodBank-JPA-Mapping-JUnit-Skeleton"/>
    <property name="java.vm.compressedOopsMode" value="32-bit"/>
    <property name="line.separator" value="&#10;"/>
    <property name="java.specification.name" value="Java Platform API Specification"/>
    <property name="java.vm.specification.vendor" value="Oracle Corporation"/>
    <property name="java.awt.graphicsenv" value="sun.awt.Win32GraphicsEnvironment"/>
    <property name="surefire.real.class.path" value="C:\Users\simondaxia\.m2\repository\org\apache\maven\surefire\surefire-booter\3.0.0-M5\surefire-booter-3.0.0-M5.jar;C:\Users\simondaxia\.m2\repository\org\apache\maven\surefire\surefire-api\3.0.0-M5\surefire-api-3.0.0-M5.jar;C:\Users\simondaxia\.m2\repository\org\apache\maven\surefire\surefire-logger-api\3.0.0-M5\surefire-logger-api-3.0.0-M5.jar;C:\Users\simondaxia\.m2\repository\org\apache\maven\surefire\surefire-shared-utils\3.0.0-M4\surefire-shared-utils-3.0.0-M4.jar;C:\Users\simondaxia\.m2\repository\org\apache\maven\surefire\surefire-extensions-spi\3.0.0-M5\surefire-extensions-spi-3.0.0-M5.jar;D:\Computer Programming\Level 4\CST8277_300 Enterprise Application\Assignments\Assignment03\BloodBank-JPA-Mapping-JUnit-Skeleton\BloodBank-JPA-Mapping-JUnit-Skeleton\target\test-classes;C:\Users\simondaxia\.m2\repository\org\junit\jupiter\junit-jupiter\5.7.0\junit-jupiter-5.7.0.jar;C:\Users\simondaxia\.m2\repository\org\junit\jupiter\junit-jupiter-api\5.7.0\junit-jupiter-api-5.7.0.jar;C:\Users\simondaxia\.m2\repository\org\apiguardian\apiguardian-api\1.1.0\apiguardian-api-1.1.0.jar;C:\Users\simondaxia\.m2\repository\org\opentest4j\opentest4j\1.2.0\opentest4j-1.2.0.jar;C:\Users\simondaxia\.m2\repository\org\junit\platform\junit-platform-commons\1.7.0\junit-platform-commons-1.7.0.jar;C:\Users\simondaxia\.m2\repository\org\junit\jupiter\junit-jupiter-params\5.7.0\junit-jupiter-params-5.7.0.jar;C:\Users\simondaxia\.m2\repository\org\junit\jupiter\junit-jupiter-engine\5.7.0\junit-jupiter-engine-5.7.0.jar;C:\Users\simondaxia\.m2\repository\org\junit\platform\junit-platform-engine\1.7.0\junit-platform-engine-1.7.0.jar;C:\Users\simondaxia\.m2\repository\org\hamcrest\hamcrest\2.2\hamcrest-2.2.jar;C:\Users\simondaxia\.m2\repository\org\hamcrest\hamcrest-library\2.2\hamcrest-library-2.2.jar;C:\Users\simondaxia\.m2\repository\org\hamcrest\hamcrest-core\2.2\hamcrest-core-2.2.jar;C:\Users\simondaxia\.m2\repository\org\jboss\logging\jboss-logging\3.4.1.Final\jboss-logging-3.4.1.Final.jar;C:\Users\simondaxia\.m2\repository\org\javassist\javassist\3.27.0-GA\javassist-3.27.0-GA.jar;C:\Users\simondaxia\.m2\repository\net\bytebuddy\byte-buddy\1.10.17\byte-buddy-1.10.17.jar;C:\Users\simondaxia\.m2\repository\antlr\antlr\2.7.7\antlr-2.7.7.jar;C:\Users\simondaxia\.m2\repository\org\jboss\spec\javax\transaction\jboss-transaction-api_1.2_spec\1.1.1.Final\jboss-transaction-api_1.2_spec-1.1.1.Final.jar;C:\Users\simondaxia\.m2\repository\org\jboss\jandex\2.1.3.Final\jandex-2.1.3.Final.jar;C:\Users\simondaxia\.m2\repository\com\fasterxml\classmate\1.5.1\classmate-1.5.1.jar;C:\Users\simondaxia\.m2\repository\javax\activation\javax.activation-api\1.2.0\javax.activation-api-1.2.0.jar;C:\Users\simondaxia\.m2\repository\org\dom4j\dom4j\2.1.3\dom4j-2.1.3.jar;C:\Users\simondaxia\.m2\repository\org\hibernate\common\hibernate-commons-annotations\5.1.2.Final\hibernate-commons-annotations-5.1.2.Final.jar;C:\Users\simondaxia\.m2\repository\javax\xml\bind\jaxb-api\2.3.1\jaxb-api-2.3.1.jar;C:\Users\simondaxia\.m2\repository\org\glassfish\jaxb\jaxb-runtime\2.3.1\jaxb-runtime-2.3.1.jar;C:\Users\simondaxia\.m2\repository\org\glassfish\jaxb\txw2\2.3.1\txw2-2.3.1.jar;C:\Users\simondaxia\.m2\repository\com\sun\istack\istack-commons-runtime\3.0.7\istack-commons-runtime-3.0.7.jar;C:\Users\simondaxia\.m2\repository\org\jvnet\staxex\stax-ex\1.8\stax-ex-1.8.jar;C:\Users\simondaxia\.m2\repository\com\sun\xml\fastinfoset\FastInfoset\1.2.15\FastInfoset-1.2.15.jar;C:\Users\simondaxia\.m2\repository\mysql\mysql-connector-java\8.0.23\mysql-connector-java-8.0.23.jar;C:\Users\simondaxia\.m2\repository\com\google\protobuf\protobuf-java\3.11.4\protobuf-java-3.11.4.jar;C:\Users\simondaxia\.m2\repository\org\apache\maven\surefire\surefire-junit-platform\3.0.0-M5\surefire-junit-platform-3.0.0-M5.jar;C:\Users\simondaxia\.m2\repository\org\apache\maven\surefire\common-java5\3.0.0-M5\common-java5-3.0.0-M5.jar;C:\Users\simondaxia\.m2\repository\org\junit\platform\junit-platform-launcher\1.7.0\junit-platform-launcher-1.7.0.jar"/>
    <property name="user.script" value=""/>
    <property name="sun.management.compiler" value="HotSpot 64-Bit Tiered Compilers"/>
    <property name="java.runtime.version" value="11.0.11+9-LTS"/>
    <property name="user.name" value="simondaxia"/>
    <property name="path.separator" value=";"/>
    <property name="os.version" value="10.0"/>
    <property name="java.runtime.name" value="OpenJDK Runtime Environment"/>
    <property name="file.encoding" value="Cp1252"/>
    <property name="java.vm.name" value="OpenJDK 64-Bit Server VM"/>
    <property name="java.vendor.version" value="Corretto-11.0.11.9.1"/>
    <property name="localRepository" value="C:\Users\simondaxia\.m2\repository"/>
    <property name="java.vendor.url.bug" value="https://github.com/corretto/corretto-11/issues/"/>
    <property name="java.io.tmpdir" value="C:\Users\SIMOND~1\AppData\Local\Temp\"/>
    <property name="java.version" value="11.0.11"/>
    <property name="user.dir" value="D:\Computer Programming\Level 4\CST8277_300 Enterprise Application\Assignments\Assignment03\BloodBank-JPA-Mapping-JUnit-Skeleton\BloodBank-JPA-Mapping-JUnit-Skeleton"/>
    <property name="os.arch" value="amd64"/>
    <property name="java.vm.specification.name" value="Java Virtual Machine Specification"/>
    <property name="java.awt.printerjob" value="sun.awt.windows.WPrinterJob"/>
    <property name="sun.os.patch.level" value=""/>
    <property name="java.library.path" value="C:\Program Files\Amazon Corretto\jdk11.0.11_9\bin;C:\WINDOWS\Sun\Java\bin;C:\WINDOWS\system32;C:\WINDOWS;C:/Program Files/Amazon Corretto/jdk11.0.11_9/bin/server;C:/Program Files/Amazon Corretto/jdk11.0.11_9/bin;D:\Python39\Scripts\;D:\Python39\;D:\app\simondaxia\product\12.1.0\bin;D:\app\simondaxia\product\12.1.0\dbhome_1\bin;D:\app\simondaxia\product\12.1.0\dbhome_2\bin;C:\Program Files\Amazon Corretto\jdk11.0.11_9\bin;D:\oraclexe\app\oracle\product\11.2.0\server\bin;;C:\AmazonCorretto\jdk11.0.8_10\bin;C:\Program Files (x86)\Common Files\Oracle\Java\javapath;C:\Program Files (x86)\Intel\Intel(R) Management Engine Components\iCLS\;C:\Program Files\Intel\Intel(R) Management Engine Components\iCLS\;C:\Windows\system32;C:\Windows;C:\Windows\System32\Wbem;C:\Windows\System32\WindowsPowerShell\v1.0\;C:\Windows\System32\OpenSSH\;C:\Program Files (x86)\Intel\Intel(R) Management Engine Components\DAL;C:\Program Files\Intel\Intel(R) Management Engine Components\DAL;C:\Program Files (x86)\Intel\Intel(R) Management Engine Components\IPT;C:\Program Files\Intel\Intel(R) Management Engine Components\IPT;C:\Program Files (x86)\NVIDIA Corporation\PhysX\Common;C:\Program Files\Intel\WiFi\bin\;C:\Program Files\Common Files\Intel\WirelessCommon\;C:\WINDOWS\system32;C:\WINDOWS;C:\WINDOWS\System32\Wbem;C:\WINDOWS\System32\WindowsPowerShell\v1.0\;C:\WINDOWS\System32\OpenSSH\;C:\Program Files (x86)\pgmodeler;C:\Program Files\Git\cmd;C:\Users\simondaxia\AppData\Local\Microsoft\WindowsApps;C:\Program Files\Java\jdk1.8.0_271\bin;C:\Program Files\Microsoft SQL Server\Client SDK\ODBC\130\Tools\Binn\;C:\Program Files (x86)\Microsoft SQL Server\140\Tools\Binn\;C:\Program Files\Microsoft SQL Server\140\Tools\Binn\;C:\Program Files\Microsoft SQL Server\140\DTS\Binn\;C:\Program Files (x86)\Microsoft SQL Server\150\DTS\Binn\;C:\Program Files\Azure Data Studio\bin;C:\Users\simondaxia\AppData\Local\Microsoft\WindowsApps;;D:\Microsoft VS Code\bin;C:\Program Files\Azure Data Studio\bin;D:\JetBrains\PyCharm Community Edition 2021.2.2\bin;;D:\Programs\mongosh\;C:\Users\simondaxia\Desktop;;."/>
    <property name="java.vm.info" value="mixed mode"/>
    <property name="java.vendor" value="Amazon.com Inc."/>
    <property name="java.vm.version" value="11.0.11+9-LTS"/>
    <property name="sun.io.unicode.encoding" value="UnicodeLittle"/>
    <property name="java.class.version" value="55.0"/>
  </properties>
  <testcase name="testEmpty" classname="bloodbank.entity.TestCRUDPerson" time="0.005">
    <system-out><![CDATA[2021-11-19T10:23:52,418|[TRACE] HibernatePersistenceProvider - Starting createEntityManagerFactory for persistenceUnitName bloodbank-PU
2021-11-19T10:23:52,418|[TRACE] HibernatePersistenceProvider - Attempting to obtain correct EntityManagerFactoryBuilder for persistenceUnitName : bloodbank-PU
2021-11-19T10:23:52,419|[TRACE] PersistenceXmlParser - Attempting to parse persistence.xml file : file:/D:/Computer%20Programming/Level%204/CST8277_300%20Enterprise%20Application/Assignments/Assignment03/BloodBank-JPA-Mapping-JUnit-Skeleton/BloodBank-JPA-Mapping-JUnit-Skeleton/target/classes/META-INF/persistence.xml
2021-11-19T10:23:52,424|[TRACE] ArchiveHelper - JAR URL from URL Entry: file:/D:/Computer%20Programming/Level%204/CST8277_300%20Enterprise%20Application/Assignments/Assignment03/BloodBank-JPA-Mapping-JUnit-Skeleton/BloodBank-JPA-Mapping-JUnit-Skeleton/target/classes/META-INF/persistence.xml >> file:/D:/Computer%20Programming/Level%204/CST8277_300%20Enterprise%20Application/Assignments/Assignment03/BloodBank-JPA-Mapping-JUnit-Skeleton/BloodBank-JPA-Mapping-JUnit-Skeleton/target/classes
2021-11-19T10:23:52,424|[TRACE] PersistenceXmlParser - Persistence unit name from persistence.xml : bloodbank-PU
2021-11-19T10:23:52,424|[DEBUG] HibernatePersistenceProvider - Located and parsed 1 persistence units; checking each
2021-11-19T10:23:52,424|[DEBUG] HibernatePersistenceProvider - Checking persistence-unit [name=bloodbank-PU, explicit-provider=org.hibernate.jpa.HibernatePersistenceProvider] against incoming persistence unit name [bloodbank-PU]
2021-11-19T10:23:52,424|[DEBUG] ProviderChecker - Persistence-unit [bloodbank-PU] requested PersistenceProvider [org.hibernate.jpa.HibernatePersistenceProvider]
2021-11-19T10:23:52,424|[TRACE] ProviderChecker - Checking requested PersistenceProvider name [org.hibernate.jpa.HibernatePersistenceProvider] against Hibernate provider names
2021-11-19T10:23:52,424|[DEBUG] LogHelper - PersistenceUnitInfo [
	name: bloodbank-PU
	persistence provider classname: org.hibernate.jpa.HibernatePersistenceProvider
	classloader: null
	excludeUnlistedClasses: false
	JTA datasource: null
	Non JTA datasource: null
	Transaction type: RESOURCE_LOCAL
	PU root URL: file:/D:/Computer%20Programming/Level%204/CST8277_300%20Enterprise%20Application/Assignments/Assignment03/BloodBank-JPA-Mapping-JUnit-Skeleton/BloodBank-JPA-Mapping-JUnit-Skeleton/target/classes
	Shared Cache Mode: null
	Validation Mode: null
	Jar files URLs []
	Managed classes names []
	Mapping files names []
	Properties [
		javax.persistence.schema-generation.drop-source: script
		hibernate.use_sql_comments: true
		javax.persistence.schema-generation.drop-script-source: META-INF/sql/bloodbank-drop.sql
		hibernate.hbm2ddl.import_files_sql_extractor: org.hibernate.tool.hbm2ddl.MultipleLinesSqlCommandExtractor
		javax.persistence.jdbc.user: cst8277
		javax.persistence.schema-generation.create-source: script
		hibernate.dialect: org.hibernate.dialect.MySQL8Dialect
		javax.persistence.jdbc.url: jdbc:mysql://localhost:3306/bloodbank?createDatabaseIfNotExist=true&zeroDateTimeBehavior=convertToNull
		javax.persistence.schema-generation.create-script-source: META-INF/sql/bloodbank-create.sql
		javax.persistence.jdbc.driver: com.mysql.cj.jdbc.Driver
		hibernate.format_sql: true
		javax.persistence.jdbc.password: 8277
		javax.persistence.schema-generation.database.action: drop-and-create]
2021-11-19T10:23:52,424|[DEBUG] IntegratorServiceImpl - Adding Integrator [org.hibernate.cfg.beanvalidation.BeanValidationIntegrator].
2021-11-19T10:23:52,424|[DEBUG] IntegratorServiceImpl - Adding Integrator [org.hibernate.secure.spi.JaccIntegrator].
2021-11-19T10:23:52,424|[DEBUG] IntegratorServiceImpl - Adding Integrator [org.hibernate.cache.internal.CollectionCacheInvalidator].
2021-11-19T10:23:52,425|[TRACE] StrategySelectorImpl - Registering named strategy selector [org.hibernate.resource.transaction.spi.TransactionCoordinatorBuilder] : [jdbc] -> [org.hibernate.resource.transaction.backend.jdbc.internal.JdbcResourceLocalTransactionCoordinatorBuilderImpl]
2021-11-19T10:23:52,425|[TRACE] StrategySelectorImpl - Registering named strategy selector [org.hibernate.resource.transaction.spi.TransactionCoordinatorBuilder] : [jta] -> [org.hibernate.resource.transaction.backend.jta.internal.JtaTransactionCoordinatorBuilderImpl]
2021-11-19T10:23:52,425|[TRACE] StrategySelectorImpl - Registering named strategy selector [org.hibernate.resource.transaction.spi.TransactionCoordinatorBuilder] : [org.hibernate.transaction.JDBCTransactionFactory] -> [org.hibernate.resource.transaction.backend.jdbc.internal.JdbcResourceLocalTransactionCoordinatorBuilderImpl]
2021-11-19T10:23:52,425|[TRACE] StrategySelectorImpl - Registering named strategy selector [org.hibernate.resource.transaction.spi.TransactionCoordinatorBuilder] : [org.hibernate.transaction.JTATransactionFactory] -> [org.hibernate.resource.transaction.backend.jta.internal.JtaTransactionCoordinatorBuilderImpl]
2021-11-19T10:23:52,425|[TRACE] StrategySelectorImpl - Registering named strategy selector [org.hibernate.resource.transaction.spi.TransactionCoordinatorBuilder] : [org.hibernate.transaction.CMTTransactionFactory] -> [org.hibernate.resource.transaction.backend.jta.internal.JtaTransactionCoordinatorBuilderImpl]
2021-11-19T10:23:52,425|[TRACE] StrategySelectorImpl - Registering named strategy selector [org.hibernate.hql.spi.id.MultiTableBulkIdStrategy] : [persistent] -> [org.hibernate.hql.spi.id.persistent.PersistentTableBulkIdStrategy]
2021-11-19T10:23:52,425|[TRACE] StrategySelectorImpl - Registering named strategy selector [org.hibernate.hql.spi.id.MultiTableBulkIdStrategy] : [global_temporary] -> [org.hibernate.hql.spi.id.global.GlobalTemporaryTableBulkIdStrategy]
2021-11-19T10:23:52,425|[TRACE] StrategySelectorImpl - Registering named strategy selector [org.hibernate.hql.spi.id.MultiTableBulkIdStrategy] : [local_temporary] -> [org.hibernate.hql.spi.id.local.LocalTemporaryTableBulkIdStrategy]
2021-11-19T10:23:52,425|[TRACE] StrategySelectorImpl - Registering named strategy selector [org.hibernate.boot.model.naming.ImplicitNamingStrategy] : [default] -> [org.hibernate.boot.model.naming.ImplicitNamingStrategyJpaCompliantImpl]
2021-11-19T10:23:52,425|[TRACE] StrategySelectorImpl - Registering named strategy selector [org.hibernate.boot.model.naming.ImplicitNamingStrategy] : [jpa] -> [org.hibernate.boot.model.naming.ImplicitNamingStrategyJpaCompliantImpl]
2021-11-19T10:23:52,425|[TRACE] StrategySelectorImpl - Registering named strategy selector [org.hibernate.boot.model.naming.ImplicitNamingStrategy] : [legacy-jpa] -> [org.hibernate.boot.model.naming.ImplicitNamingStrategyLegacyJpaImpl]
2021-11-19T10:23:52,425|[TRACE] StrategySelectorImpl - Registering named strategy selector [org.hibernate.boot.model.naming.ImplicitNamingStrategy] : [legacy-hbm] -> [org.hibernate.boot.model.naming.ImplicitNamingStrategyLegacyHbmImpl]
2021-11-19T10:23:52,425|[TRACE] StrategySelectorImpl - Registering named strategy selector [org.hibernate.boot.model.naming.ImplicitNamingStrategy] : [component-path] -> [org.hibernate.boot.model.naming.ImplicitNamingStrategyComponentPathImpl]
2021-11-19T10:23:52,425|[TRACE] StrategySelectorImpl - Registering named strategy selector [org.hibernate.cache.spi.CacheKeysFactory] : [default] -> [org.hibernate.cache.internal.DefaultCacheKeysFactory]
2021-11-19T10:23:52,425|[TRACE] StrategySelectorImpl - Registering named strategy selector [org.hibernate.cache.spi.CacheKeysFactory] : [simple] -> [org.hibernate.cache.internal.SimpleCacheKeysFactory]
2021-11-19T10:23:52,427|[DEBUG] ServiceBinding - Overriding existing service binding [org.hibernate.secure.spi.JaccService]
2021-11-19T10:23:52,427|[TRACE] AbstractServiceRegistryImpl - Initializing service [role=org.hibernate.engine.config.spi.ConfigurationService]
2021-11-19T10:23:52,427|[TRACE] AbstractServiceRegistryImpl - Initializing service [role=org.hibernate.cache.spi.RegionFactory]
2021-11-19T10:23:52,427|[DEBUG] RegionFactoryInitiator - Cannot default RegionFactory based on registered strategies as `[]` RegionFactory strategies were registered
2021-11-19T10:23:52,427|[DEBUG] RegionFactoryInitiator - Cache region factory : org.hibernate.cache.internal.NoCachingRegionFactory
2021-11-19T10:23:52,427|[DEBUG] BasicTypeRegistry - Adding type registration boolean -> org.hibernate.type.BooleanType@7351a16e
2021-11-19T10:23:52,427|[DEBUG] BasicTypeRegistry - Adding type registration boolean -> org.hibernate.type.BooleanType@7351a16e
2021-11-19T10:23:52,427|[DEBUG] BasicTypeRegistry - Adding type registration java.lang.Boolean -> org.hibernate.type.BooleanType@7351a16e
2021-11-19T10:23:52,427|[DEBUG] BasicTypeRegistry - Adding type registration numeric_boolean -> org.hibernate.type.NumericBooleanType@3ed0918d
2021-11-19T10:23:52,427|[DEBUG] BasicTypeRegistry - Adding type registration true_false -> org.hibernate.type.TrueFalseType@3c0fbd3a
2021-11-19T10:23:52,427|[DEBUG] BasicTypeRegistry - Adding type registration yes_no -> org.hibernate.type.YesNoType@5b12012e
2021-11-19T10:23:52,427|[DEBUG] BasicTypeRegistry - Adding type registration byte -> org.hibernate.type.ByteType@2b4786dd
2021-11-19T10:23:52,427|[DEBUG] BasicTypeRegistry - Adding type registration byte -> org.hibernate.type.ByteType@2b4786dd
2021-11-19T10:23:52,427|[DEBUG] BasicTypeRegistry - Adding type registration java.lang.Byte -> org.hibernate.type.ByteType@2b4786dd
2021-11-19T10:23:52,427|[DEBUG] BasicTypeRegistry - Adding type registration character -> org.hibernate.type.CharacterType@1f38957
2021-11-19T10:23:52,427|[DEBUG] BasicTypeRegistry - Adding type registration char -> org.hibernate.type.CharacterType@1f38957
2021-11-19T10:23:52,427|[DEBUG] BasicTypeRegistry - Adding type registration java.lang.Character -> org.hibernate.type.CharacterType@1f38957
2021-11-19T10:23:52,427|[DEBUG] BasicTypeRegistry - Adding type registration short -> org.hibernate.type.ShortType@6136998b
2021-11-19T10:23:52,427|[DEBUG] BasicTypeRegistry - Adding type registration short -> org.hibernate.type.ShortType@6136998b
2021-11-19T10:23:52,427|[DEBUG] BasicTypeRegistry - Adding type registration java.lang.Short -> org.hibernate.type.ShortType@6136998b
2021-11-19T10:23:52,427|[DEBUG] BasicTypeRegistry - Adding type registration integer -> org.hibernate.type.IntegerType@6892cc6f
2021-11-19T10:23:52,427|[DEBUG] BasicTypeRegistry - Adding type registration int -> org.hibernate.type.IntegerType@6892cc6f
2021-11-19T10:23:52,427|[DEBUG] BasicTypeRegistry - Adding type registration java.lang.Integer -> org.hibernate.type.IntegerType@6892cc6f
2021-11-19T10:23:52,427|[DEBUG] BasicTypeRegistry - Adding type registration long -> org.hibernate.type.LongType@ae7950d
2021-11-19T10:23:52,427|[DEBUG] BasicTypeRegistry - Adding type registration long -> org.hibernate.type.LongType@ae7950d
2021-11-19T10:23:52,427|[DEBUG] BasicTypeRegistry - Adding type registration java.lang.Long -> org.hibernate.type.LongType@ae7950d
2021-11-19T10:23:52,427|[DEBUG] BasicTypeRegistry - Adding type registration float -> org.hibernate.type.FloatType@4dafba3e
2021-11-19T10:23:52,427|[DEBUG] BasicTypeRegistry - Adding type registration float -> org.hibernate.type.FloatType@4dafba3e
2021-11-19T10:23:52,427|[DEBUG] BasicTypeRegistry - Adding type registration java.lang.Float -> org.hibernate.type.FloatType@4dafba3e
2021-11-19T10:23:52,427|[DEBUG] BasicTypeRegistry - Adding type registration double -> org.hibernate.type.DoubleType@676ff3b0
2021-11-19T10:23:52,427|[DEBUG] BasicTypeRegistry - Adding type registration double -> org.hibernate.type.DoubleType@676ff3b0
2021-11-19T10:23:52,427|[DEBUG] BasicTypeRegistry - Adding type registration java.lang.Double -> org.hibernate.type.DoubleType@676ff3b0
2021-11-19T10:23:52,427|[DEBUG] BasicTypeRegistry - Adding type registration big_decimal -> org.hibernate.type.BigDecimalType@65bcf7c2
2021-11-19T10:23:52,427|[DEBUG] BasicTypeRegistry - Adding type registration java.math.BigDecimal -> org.hibernate.type.BigDecimalType@65bcf7c2
2021-11-19T10:23:52,427|[DEBUG] BasicTypeRegistry - Adding type registration big_integer -> org.hibernate.type.BigIntegerType@232cce0
2021-11-19T10:23:52,427|[DEBUG] BasicTypeRegistry - Adding type registration java.math.BigInteger -> org.hibernate.type.BigIntegerType@232cce0
2021-11-19T10:23:52,427|[DEBUG] BasicTypeRegistry - Adding type registration string -> org.hibernate.type.StringType@7fc645e4
2021-11-19T10:23:52,427|[DEBUG] BasicTypeRegistry - Adding type registration java.lang.String -> org.hibernate.type.StringType@7fc645e4
2021-11-19T10:23:52,427|[DEBUG] BasicTypeRegistry - Adding type registration nstring -> org.hibernate.type.StringNVarcharType@719843e5
2021-11-19T10:23:52,428|[DEBUG] BasicTypeRegistry - Adding type registration ncharacter -> org.hibernate.type.CharacterNCharType@3104f7bd
2021-11-19T10:23:52,428|[DEBUG] BasicTypeRegistry - Adding type registration url -> org.hibernate.type.UrlType@6d171ce0
2021-11-19T10:23:52,428|[DEBUG] BasicTypeRegistry - Adding type registration java.net.URL -> org.hibernate.type.UrlType@6d171ce0
2021-11-19T10:23:52,428|[DEBUG] BasicTypeRegistry - Adding type registration Duration -> org.hibernate.type.DurationType@57b75756
2021-11-19T10:23:52,428|[DEBUG] BasicTypeRegistry - Adding type registration java.time.Duration -> org.hibernate.type.DurationType@57b75756
2021-11-19T10:23:52,428|[DEBUG] BasicTypeRegistry - Adding type registration Instant -> org.hibernate.type.InstantType@3b36e000
2021-11-19T10:23:52,428|[DEBUG] BasicTypeRegistry - Adding type registration java.time.Instant -> org.hibernate.type.InstantType@3b36e000
2021-11-19T10:23:52,428|[DEBUG] BasicTypeRegistry - Adding type registration LocalDateTime -> org.hibernate.type.LocalDateTimeType@3fae596
2021-11-19T10:23:52,428|[DEBUG] BasicTypeRegistry - Adding type registration java.time.LocalDateTime -> org.hibernate.type.LocalDateTimeType@3fae596
2021-11-19T10:23:52,428|[DEBUG] BasicTypeRegistry - Adding type registration LocalDate -> org.hibernate.type.LocalDateType@7f829c76
2021-11-19T10:23:52,428|[DEBUG] BasicTypeRegistry - Adding type registration java.time.LocalDate -> org.hibernate.type.LocalDateType@7f829c76
2021-11-19T10:23:52,428|[DEBUG] BasicTypeRegistry - Adding type registration LocalTime -> org.hibernate.type.LocalTimeType@6ae7deac
2021-11-19T10:23:52,428|[DEBUG] BasicTypeRegistry - Adding type registration java.time.LocalTime -> org.hibernate.type.LocalTimeType@6ae7deac
2021-11-19T10:23:52,428|[DEBUG] BasicTypeRegistry - Adding type registration OffsetDateTime -> org.hibernate.type.OffsetDateTimeType@21fdfefc
2021-11-19T10:23:52,428|[DEBUG] BasicTypeRegistry - Adding type registration java.time.OffsetDateTime -> org.hibernate.type.OffsetDateTimeType@21fdfefc
2021-11-19T10:23:52,428|[DEBUG] BasicTypeRegistry - Adding type registration OffsetTime -> org.hibernate.type.OffsetTimeType@108bdbd8
2021-11-19T10:23:52,428|[DEBUG] BasicTypeRegistry - Adding type registration java.time.OffsetTime -> org.hibernate.type.OffsetTimeType@108bdbd8
2021-11-19T10:23:52,428|[DEBUG] BasicTypeRegistry - Adding type registration ZonedDateTime -> org.hibernate.type.ZonedDateTimeType@54aca26f
2021-11-19T10:23:52,428|[DEBUG] BasicTypeRegistry - Adding type registration java.time.ZonedDateTime -> org.hibernate.type.ZonedDateTimeType@54aca26f
2021-11-19T10:23:52,428|[DEBUG] BasicTypeRegistry - Adding type registration date -> org.hibernate.type.DateType@528f8f8b
2021-11-19T10:23:52,428|[DEBUG] BasicTypeRegistry - Adding type registration java.sql.Date -> org.hibernate.type.DateType@528f8f8b
2021-11-19T10:23:52,428|[DEBUG] BasicTypeRegistry - Adding type registration time -> org.hibernate.type.TimeType@234a8f27
2021-11-19T10:23:52,428|[DEBUG] BasicTypeRegistry - Adding type registration java.sql.Time -> org.hibernate.type.TimeType@234a8f27
2021-11-19T10:23:52,428|[DEBUG] BasicTypeRegistry - Adding type registration timestamp -> org.hibernate.type.TimestampType@2f61f937
2021-11-19T10:23:52,428|[DEBUG] BasicTypeRegistry - Adding type registration java.sql.Timestamp -> org.hibernate.type.TimestampType@2f61f937
2021-11-19T10:23:52,428|[DEBUG] BasicTypeRegistry - Adding type registration java.util.Date -> org.hibernate.type.TimestampType@2f61f937
2021-11-19T10:23:52,428|[DEBUG] BasicTypeRegistry - Adding type registration dbtimestamp -> org.hibernate.type.DbTimestampType@369c9bb
2021-11-19T10:23:52,428|[DEBUG] BasicTypeRegistry - Adding type registration calendar -> org.hibernate.type.CalendarType@7d37f1c
2021-11-19T10:23:52,428|[DEBUG] BasicTypeRegistry - Adding type registration java.util.Calendar -> org.hibernate.type.CalendarType@7d37f1c
2021-11-19T10:23:52,428|[DEBUG] BasicTypeRegistry - Adding type registration java.util.GregorianCalendar -> org.hibernate.type.CalendarType@7d37f1c
2021-11-19T10:23:52,428|[DEBUG] BasicTypeRegistry - Adding type registration calendar_date -> org.hibernate.type.CalendarDateType@6cf31447
2021-11-19T10:23:52,428|[DEBUG] BasicTypeRegistry - Adding type registration calendar_time -> org.hibernate.type.CalendarTimeType@6f7e336b
2021-11-19T10:23:52,428|[DEBUG] BasicTypeRegistry - Adding type registration locale -> org.hibernate.type.LocaleType@1f966492
2021-11-19T10:23:52,428|[DEBUG] BasicTypeRegistry - Adding type registration java.util.Locale -> org.hibernate.type.LocaleType@1f966492
2021-11-19T10:23:52,428|[DEBUG] BasicTypeRegistry - Adding type registration currency -> org.hibernate.type.CurrencyType@2063c53e
2021-11-19T10:23:52,428|[DEBUG] BasicTypeRegistry - Adding type registration java.util.Currency -> org.hibernate.type.CurrencyType@2063c53e
2021-11-19T10:23:52,428|[DEBUG] BasicTypeRegistry - Adding type registration timezone -> org.hibernate.type.TimeZoneType@24e08d59
2021-11-19T10:23:52,428|[DEBUG] BasicTypeRegistry - Adding type registration java.util.TimeZone -> org.hibernate.type.TimeZoneType@24e08d59
2021-11-19T10:23:52,428|[DEBUG] BasicTypeRegistry - Adding type registration class -> org.hibernate.type.ClassType@16ade133
2021-11-19T10:23:52,428|[DEBUG] BasicTypeRegistry - Adding type registration java.lang.Class -> org.hibernate.type.ClassType@16ade133
2021-11-19T10:23:52,428|[DEBUG] BasicTypeRegistry - Adding type registration uuid-binary -> org.hibernate.type.UUIDBinaryType@1a28aef1
2021-11-19T10:23:52,428|[DEBUG] BasicTypeRegistry - Adding type registration java.util.UUID -> org.hibernate.type.UUIDBinaryType@1a28aef1
2021-11-19T10:23:52,428|[DEBUG] BasicTypeRegistry - Adding type registration uuid-char -> org.hibernate.type.UUIDCharType@6a9b0a6f
2021-11-19T10:23:52,428|[DEBUG] BasicTypeRegistry - Adding type registration binary -> org.hibernate.type.BinaryType@4b54af3d
2021-11-19T10:23:52,428|[DEBUG] BasicTypeRegistry - Adding type registration byte[] -> org.hibernate.type.BinaryType@4b54af3d
2021-11-19T10:23:52,428|[DEBUG] BasicTypeRegistry - Adding type registration [B -> org.hibernate.type.BinaryType@4b54af3d
2021-11-19T10:23:52,428|[DEBUG] BasicTypeRegistry - Adding type registration wrapper-binary -> org.hibernate.type.WrapperBinaryType@2116b68b
2021-11-19T10:23:52,428|[DEBUG] BasicTypeRegistry - Adding type registration Byte[] -> org.hibernate.type.WrapperBinaryType@2116b68b
2021-11-19T10:23:52,428|[DEBUG] BasicTypeRegistry - Adding type registration [Ljava.lang.Byte; -> org.hibernate.type.WrapperBinaryType@2116b68b
2021-11-19T10:23:52,428|[DEBUG] BasicTypeRegistry - Adding type registration row_version -> org.hibernate.type.RowVersionType@3e1624c7
2021-11-19T10:23:52,428|[DEBUG] BasicTypeRegistry - Adding type registration image -> org.hibernate.type.ImageType@48535004
2021-11-19T10:23:52,428|[DEBUG] BasicTypeRegistry - Adding type registration characters -> org.hibernate.type.CharArrayType@1aa99005
2021-11-19T10:23:52,428|[DEBUG] BasicTypeRegistry - Adding type registration char[] -> org.hibernate.type.CharArrayType@1aa99005
2021-11-19T10:23:52,428|[DEBUG] BasicTypeRegistry - Adding type registration [C -> org.hibernate.type.CharArrayType@1aa99005
2021-11-19T10:23:52,428|[DEBUG] BasicTypeRegistry - Adding type registration wrapper-characters -> org.hibernate.type.CharacterArrayType@33b082c5
2021-11-19T10:23:52,428|[DEBUG] BasicTypeRegistry - Adding type registration [Ljava.lang.Character; -> org.hibernate.type.CharacterArrayType@33b082c5
2021-11-19T10:23:52,428|[DEBUG] BasicTypeRegistry - Adding type registration Character[] -> org.hibernate.type.CharacterArrayType@33b082c5
2021-11-19T10:23:52,428|[DEBUG] BasicTypeRegistry - Adding type registration text -> org.hibernate.type.TextType@3bead518
2021-11-19T10:23:52,428|[DEBUG] BasicTypeRegistry - Adding type registration ntext -> org.hibernate.type.NTextType@7918c7f8
2021-11-19T10:23:52,428|[DEBUG] BasicTypeRegistry - Adding type registration blob -> org.hibernate.type.BlobType@289fdb08
2021-11-19T10:23:52,428|[DEBUG] BasicTypeRegistry - Adding type registration java.sql.Blob -> org.hibernate.type.BlobType@289fdb08
2021-11-19T10:23:52,428|[DEBUG] BasicTypeRegistry - Adding type registration materialized_blob -> org.hibernate.type.MaterializedBlobType@49cf9028
2021-11-19T10:23:52,428|[DEBUG] BasicTypeRegistry - Adding type registration clob -> org.hibernate.type.ClobType@5136207f
2021-11-19T10:23:52,428|[DEBUG] BasicTypeRegistry - Adding type registration java.sql.Clob -> org.hibernate.type.ClobType@5136207f
2021-11-19T10:23:52,428|[DEBUG] BasicTypeRegistry - Adding type registration nclob -> org.hibernate.type.NClobType@2764c546
2021-11-19T10:23:52,428|[DEBUG] BasicTypeRegistry - Adding type registration java.sql.NClob -> org.hibernate.type.NClobType@2764c546
2021-11-19T10:23:52,428|[DEBUG] BasicTypeRegistry - Adding type registration materialized_clob -> org.hibernate.type.MaterializedClobType@787f32b7
2021-11-19T10:23:52,429|[DEBUG] BasicTypeRegistry - Adding type registration materialized_nclob -> org.hibernate.type.MaterializedNClobType@a52ca2e
2021-11-19T10:23:52,429|[DEBUG] BasicTypeRegistry - Adding type registration serializable -> org.hibernate.type.SerializableType@5cbd159f
2021-11-19T10:23:52,429|[DEBUG] BasicTypeRegistry - Adding type registration object -> org.hibernate.type.ObjectType@6972c30a
2021-11-19T10:23:52,429|[DEBUG] BasicTypeRegistry - Adding type registration java.lang.Object -> org.hibernate.type.ObjectType@6972c30a
2021-11-19T10:23:52,429|[DEBUG] BasicTypeRegistry - Adding type registration imm_date -> org.hibernate.type.AdaptedImmutableType@62f305bc
2021-11-19T10:23:52,429|[DEBUG] BasicTypeRegistry - Adding type registration imm_time -> org.hibernate.type.AdaptedImmutableType@729c8def
2021-11-19T10:23:52,429|[DEBUG] BasicTypeRegistry - Adding type registration imm_timestamp -> org.hibernate.type.AdaptedImmutableType@41c88e00
2021-11-19T10:23:52,429|[DEBUG] BasicTypeRegistry - Adding type registration imm_dbtimestamp -> org.hibernate.type.AdaptedImmutableType@4fea095b
2021-11-19T10:23:52,429|[DEBUG] BasicTypeRegistry - Adding type registration imm_calendar -> org.hibernate.type.AdaptedImmutableType@354e2bff
2021-11-19T10:23:52,429|[DEBUG] BasicTypeRegistry - Adding type registration imm_calendar_date -> org.hibernate.type.AdaptedImmutableType@232b3b4c
2021-11-19T10:23:52,429|[DEBUG] BasicTypeRegistry - Adding type registration imm_binary -> org.hibernate.type.AdaptedImmutableType@261609a7
2021-11-19T10:23:52,429|[DEBUG] BasicTypeRegistry - Adding type registration imm_serializable -> org.hibernate.type.AdaptedImmutableType@39296cef
2021-11-19T10:23:52,429|[TRACE] AbstractServiceRegistryImpl - Initializing service [role=org.hibernate.boot.cfgxml.spi.CfgXmlAccessService]
2021-11-19T10:23:52,430|[DEBUG] BootstrapContextImpl - Injecting ScanEnvironment [org.hibernate.jpa.boot.internal.StandardJpaScanEnvironmentImpl@7dfca9e6] into BootstrapContext; was [null]
2021-11-19T10:23:52,430|[DEBUG] BootstrapContextImpl - Injecting ScanOptions [org.hibernate.boot.archive.scan.internal.StandardScanOptions@7771c4e] into BootstrapContext; was [org.hibernate.boot.archive.scan.internal.StandardScanOptions@113a6636]
2021-11-19T10:23:52,452|[DEBUG] BootstrapContextImpl - Injecting JPA temp ClassLoader [null] into BootstrapContext; was [null]
2021-11-19T10:23:52,452|[DEBUG] ClassLoaderAccessImpl - ClassLoaderAccessImpl#injectTempClassLoader(null) [was null]
2021-11-19T10:23:52,452|[TRACE] AbstractServiceRegistryImpl - Initializing service [role=org.hibernate.id.factory.spi.MutableIdentifierGeneratorFactory]
2021-11-19T10:23:52,452|[DEBUG] DefaultIdentifierGeneratorFactory - Registering IdentifierGenerator strategy [uuid2] -> [org.hibernate.id.UUIDGenerator]
2021-11-19T10:23:52,452|[DEBUG] DefaultIdentifierGeneratorFactory - Registering IdentifierGenerator strategy [guid] -> [org.hibernate.id.GUIDGenerator]
2021-11-19T10:23:52,452|[DEBUG] DefaultIdentifierGeneratorFactory - Registering IdentifierGenerator strategy [uuid] -> [org.hibernate.id.UUIDHexGenerator]
2021-11-19T10:23:52,452|[DEBUG] DefaultIdentifierGeneratorFactory - Registering IdentifierGenerator strategy [uuid.hex] -> [org.hibernate.id.UUIDHexGenerator]
2021-11-19T10:23:52,452|[DEBUG] DefaultIdentifierGeneratorFactory - Registering IdentifierGenerator strategy [assigned] -> [org.hibernate.id.Assigned]
2021-11-19T10:23:52,452|[DEBUG] DefaultIdentifierGeneratorFactory - Registering IdentifierGenerator strategy [identity] -> [org.hibernate.id.IdentityGenerator]
2021-11-19T10:23:52,452|[DEBUG] DefaultIdentifierGeneratorFactory - Registering IdentifierGenerator strategy [select] -> [org.hibernate.id.SelectGenerator]
2021-11-19T10:23:52,452|[DEBUG] DefaultIdentifierGeneratorFactory - Registering IdentifierGenerator strategy [sequence] -> [org.hibernate.id.enhanced.SequenceStyleGenerator]
2021-11-19T10:23:52,452|[DEBUG] DefaultIdentifierGeneratorFactory - Registering IdentifierGenerator strategy [seqhilo] -> [org.hibernate.id.SequenceHiLoGenerator]
2021-11-19T10:23:52,452|[DEBUG] DefaultIdentifierGeneratorFactory - Registering IdentifierGenerator strategy [increment] -> [org.hibernate.id.IncrementGenerator]
2021-11-19T10:23:52,452|[DEBUG] DefaultIdentifierGeneratorFactory - Registering IdentifierGenerator strategy [foreign] -> [org.hibernate.id.ForeignGenerator]
2021-11-19T10:23:52,452|[DEBUG] DefaultIdentifierGeneratorFactory - Registering IdentifierGenerator strategy [sequence-identity] -> [org.hibernate.id.SequenceIdentityGenerator]
2021-11-19T10:23:52,452|[DEBUG] DefaultIdentifierGeneratorFactory - Registering IdentifierGenerator strategy [enhanced-sequence] -> [org.hibernate.id.enhanced.SequenceStyleGenerator]
2021-11-19T10:23:52,452|[DEBUG] DefaultIdentifierGeneratorFactory - Registering IdentifierGenerator strategy [enhanced-table] -> [org.hibernate.id.enhanced.TableGenerator]
2021-11-19T10:23:52,452|[TRACE] AbstractServiceRegistryImpl - Initializing service [role=org.hibernate.engine.jdbc.env.spi.JdbcEnvironment]
2021-11-19T10:23:52,452|[TRACE] AbstractServiceRegistryImpl - Initializing service [role=org.hibernate.engine.jdbc.dialect.spi.DialectFactory]
2021-11-19T10:23:52,452|[TRACE] AbstractServiceRegistryImpl - Initializing service [role=org.hibernate.engine.jdbc.dialect.spi.DialectResolver]
2021-11-19T10:23:52,452|[TRACE] AbstractServiceRegistryImpl - Initializing service [role=org.hibernate.engine.jdbc.connections.spi.ConnectionProvider]
2021-11-19T10:23:52,453|[WARN ] pooling - HHH10001002: Using Hibernate built-in connection pool (not for production use!)
2021-11-19T10:23:52,453|[INFO ] pooling - HHH10001005: using driver [com.mysql.cj.jdbc.Driver] at URL [jdbc:mysql://localhost:3306/bloodbank?createDatabaseIfNotExist=true&zeroDateTimeBehavior=convertToNull]
2021-11-19T10:23:52,453|[INFO ] pooling - HHH10001001: Connection properties: {password=8277, user=cst8277}
2021-11-19T10:23:52,453|[INFO ] pooling - HHH10001003: Autocommit mode: false
2021-11-19T10:23:52,453|[DEBUG] DriverManagerConnectionProviderImpl - Initializing Connection pool with 1 Connections
2021-11-19T10:23:52,453|[INFO ] DriverManagerConnectionProviderImpl - HHH000115: Hibernate connection pool size: 20 (min=1)
2021-11-19T10:23:52,473|[DEBUG] JdbcEnvironmentInitiator - Database ->
       name : MySQL
    version : 8.0.23
      major : 8
      minor : 0
2021-11-19T10:23:52,473|[DEBUG] JdbcEnvironmentInitiator - Driver ->
       name : MySQL Connector/J
    version : mysql-connector-java-8.0.23 (Revision: 18bbd5e68195d0da083cbd5bd0d05d76320df7cd)
      major : 8
      minor : 0
2021-11-19T10:23:52,473|[DEBUG] JdbcEnvironmentInitiator - JDBC version : 4.2
2021-11-19T10:23:52,473|[INFO ] Dialect - HHH000400: Using dialect: org.hibernate.dialect.MySQL8Dialect
2021-11-19T10:23:52,474|[DEBUG] IdentifierHelperBuilder - JDBC driver metadata reported database stores quoted identifiers in more than one case
2021-11-19T10:23:52,474|[DEBUG] IdentifierHelperBuilder - IdentifierCaseStrategy for both quoted and unquoted identifiers was set to the same strategy [LOWER]; that will likely lead to problems in schema update and validation if using quoted identifiers
2021-11-19T10:23:52,477|[TRACE] NormalizingIdentifierHelperImpl - Normalizing identifier quoting [bloodbank]
2021-11-19T10:23:52,477|[TRACE] NormalizingIdentifierHelperImpl - Normalizing identifier quoting [null]
2021-11-19T10:23:52,479|[TRACE] AbstractServiceRegistryImpl - Initializing service [role=org.hibernate.engine.jdbc.spi.JdbcServices]
2021-11-19T10:23:52,479|[DEBUG] Namespace - Created database namespace [logicalName=Name{catalog=null, schema=null}, physicalName=Name{catalog=null, schema=null}]
2021-11-19T10:23:52,480|[DEBUG] TypeConfiguration$Scope - Scoping TypeConfiguration [org.hibernate.type.spi.TypeConfiguration@5c7a06ec] to MetadataBuildingContext [org.hibernate.boot.internal.MetadataBuildingContextRootImpl@697b48e4]
2021-11-19T10:23:52,481|[DEBUG] AnnotationBinder - Binding entity from annotated class: bloodbank.entity.Contact
2021-11-19T10:23:52,481|[DEBUG] QueryBinder - Binding named query: Contact.findAll => SELECT c FROM Contact c
2021-11-19T10:23:52,481|[TRACE] NormalizingIdentifierHelperImpl - Normalizing identifier quoting [DTYPE]
2021-11-19T10:23:52,481|[DEBUG] Ejb3Column - Binding column: Ejb3DiscriminatorColumn{logicalColumnName'DTYPE', discriminatorTypeName='string'}
2021-11-19T10:23:52,481|[DEBUG] EntityBinder - Import with entity name Contact
2021-11-19T10:23:52,481|[TRACE] InFlightMetadataCollectorImpl - Import: Contact -> bloodbank.entity.Contact
2021-11-19T10:23:52,481|[TRACE] InFlightMetadataCollectorImpl - Import: bloodbank.entity.Contact -> bloodbank.entity.Contact
2021-11-19T10:23:52,481|[TRACE] NormalizingIdentifierHelperImpl - Normalizing identifier quoting [contact]
2021-11-19T10:23:52,481|[TRACE] NormalizingIdentifierHelperImpl - Normalizing identifier quoting [contact]
2021-11-19T10:23:52,481|[DEBUG] EntityBinder - Bind entity bloodbank.entity.Contact on table contact
2021-11-19T10:23:52,482|[TRACE] AnnotationBinder - Processing annotations of bloodbank.entity.Contact.id
2021-11-19T10:23:52,482|[TRACE] NormalizingIdentifierHelperImpl - Normalizing identifier quoting [id]
2021-11-19T10:23:52,482|[TRACE] NormalizingIdentifierHelperImpl - Normalizing identifier quoting [id]
2021-11-19T10:23:52,482|[DEBUG] Ejb3Column - Binding column: Ejb3Column{table=org.hibernate.mapping.Table(contact), mappingColumn=id, insertable=true, updatable=true, unique=false}
2021-11-19T10:23:52,482|[DEBUG] ClassLoaderAccessImpl - Not known whether passed class name [bloodbank.entity.Contact] is safe
2021-11-19T10:23:52,482|[DEBUG] ClassLoaderAccessImpl - No temp ClassLoader provided; using live ClassLoader for loading potentially unsafe class : bloodbank.entity.Contact
2021-11-19T10:23:52,482|[TRACE] AnnotationBinder - Binding component with path: bloodbank.entity.Contact.id
2021-11-19T10:23:52,482|[TRACE] AnnotationBinder - Processing annotations of bloodbank.entity.ContactPK.personId
2021-11-19T10:23:52,482|[TRACE] NormalizingIdentifierHelperImpl - Normalizing identifier quoting [person_id]
2021-11-19T10:23:52,482|[TRACE] NormalizingIdentifierHelperImpl - Normalizing identifier quoting [person_id]
2021-11-19T10:23:52,482|[DEBUG] Ejb3Column - Binding column: Ejb3Column{table=org.hibernate.mapping.Table(contact), mappingColumn=person_id, insertable=true, updatable=true, unique=false}
2021-11-19T10:23:52,483|[TRACE] NormalizingIdentifierHelperImpl - Normalizing identifier quoting [person_id]
2021-11-19T10:23:52,483|[DEBUG] Ejb3Column - Binding column: Ejb3JoinColumn{logicalColumnName='person_id', referencedColumn='id', mappedBy=''}
2021-11-19T10:23:52,483|[DEBUG] PropertyBinder - MetadataSourceProcessor property personId with lazy=false
2021-11-19T10:23:52,483|[DEBUG] AbstractPropertyHolder - Attempting to locate auto-apply AttributeConverter for property [bloodbank.entity.Contact.id:personId]
2021-11-19T10:23:52,483|[DEBUG] SimpleValueBinder - building SimpleValue for personId
2021-11-19T10:23:52,483|[TRACE] NormalizingIdentifierHelperImpl - Normalizing identifier quoting [person_id]
2021-11-19T10:23:52,483|[TRACE] NormalizingIdentifierHelperImpl - Normalizing identifier quoting [id]
2021-11-19T10:23:52,483|[TRACE] NormalizingIdentifierHelperImpl - Normalizing identifier quoting [person_id]
2021-11-19T10:23:52,483|[TRACE] NormalizingIdentifierHelperImpl - Normalizing identifier quoting [person_id]
2021-11-19T10:23:52,483|[DEBUG] PropertyBinder - Building property personId
2021-11-19T10:23:52,484|[TRACE] PropertyBinder - Cascading personId with null
2021-11-19T10:23:52,484|[DEBUG] BinderHelper - #makeIdGenerator(org.hibernate.mapping.SimpleValue([org.hibernate.mapping.Column(person_id)]), personId, foreign, Hibernate-local--foreign generator, ...)
2021-11-19T10:23:52,484|[TRACE] AnnotationBinder - Processing annotations of bloodbank.entity.ContactPK.phoneId
2021-11-19T10:23:52,484|[TRACE] NormalizingIdentifierHelperImpl - Normalizing identifier quoting [phone_id]
2021-11-19T10:23:52,484|[TRACE] NormalizingIdentifierHelperImpl - Normalizing identifier quoting [phone_id]
2021-11-19T10:23:52,484|[DEBUG] Ejb3Column - Binding column: Ejb3Column{table=org.hibernate.mapping.Table(contact), mappingColumn=phone_id, insertable=true, updatable=true, unique=false}
2021-11-19T10:23:52,485|[TRACE] NormalizingIdentifierHelperImpl - Normalizing identifier quoting [phone_id]
2021-11-19T10:23:52,485|[DEBUG] Ejb3Column - Binding column: Ejb3JoinColumn{logicalColumnName='phone_id', referencedColumn='phone_id', mappedBy=''}
2021-11-19T10:23:52,485|[DEBUG] PropertyBinder - MetadataSourceProcessor property phoneId with lazy=false
2021-11-19T10:23:52,485|[DEBUG] AbstractPropertyHolder - Attempting to locate auto-apply AttributeConverter for property [bloodbank.entity.Contact.id:phoneId]
2021-11-19T10:23:52,485|[DEBUG] SimpleValueBinder - building SimpleValue for phoneId
2021-11-19T10:23:52,485|[TRACE] NormalizingIdentifierHelperImpl - Normalizing identifier quoting [phone_id]
2021-11-19T10:23:52,485|[TRACE] NormalizingIdentifierHelperImpl - Normalizing identifier quoting [phone_id]
2021-11-19T10:23:52,485|[TRACE] NormalizingIdentifierHelperImpl - Normalizing identifier quoting [phone_id]
2021-11-19T10:23:52,485|[TRACE] NormalizingIdentifierHelperImpl - Normalizing identifier quoting [phone_id]
2021-11-19T10:23:52,485|[DEBUG] PropertyBinder - Building property phoneId
2021-11-19T10:23:52,485|[TRACE] PropertyBinder - Cascading phoneId with null
2021-11-19T10:23:52,485|[DEBUG] BinderHelper - #makeIdGenerator(org.hibernate.mapping.SimpleValue([org.hibernate.mapping.Column(phone_id)]), phoneId, foreign, Hibernate-local--foreign generator, ...)
2021-11-19T10:23:52,485|[DEBUG] PropertyBinder - Building property id
2021-11-19T10:23:52,485|[TRACE] PropertyBinder - Cascading id with null
2021-11-19T10:23:52,485|[DEBUG] BinderHelper - #makeIdGenerator(org.hibernate.mapping.Component([org.hibernate.mapping.Property(personId), org.hibernate.mapping.Property(phoneId)]), id, assigned, , ...)
2021-11-19T10:23:52,485|[TRACE] AnnotationBinder - Bind @EmbeddedId on id
2021-11-19T10:23:52,485|[TRACE] AnnotationBinder - Processing annotations of bloodbank.entity.Contact.epochCreated
2021-11-19T10:23:52,485|[TRACE] NormalizingIdentifierHelperImpl - Normalizing identifier quoting [created]
2021-11-19T10:23:52,485|[TRACE] NormalizingIdentifierHelperImpl - Normalizing identifier quoting [created]
2021-11-19T10:23:52,485|[DEBUG] Ejb3Column - Binding column: Ejb3Column{table=org.hibernate.mapping.Table(contact), mappingColumn=created, insertable=true, updatable=true, unique=false}
2021-11-19T10:23:52,485|[DEBUG] PropertyBinder - MetadataSourceProcessor property epochCreated with lazy=false
2021-11-19T10:23:52,485|[DEBUG] AbstractPropertyHolder - Attempting to locate auto-apply AttributeConverter for property [bloodbank.entity.Contact:epochCreated]
2021-11-19T10:23:52,485|[DEBUG] SimpleValueBinder - building SimpleValue for epochCreated
2021-11-19T10:23:52,485|[TRACE] NormalizingIdentifierHelperImpl - Normalizing identifier quoting [created]
2021-11-19T10:23:52,485|[DEBUG] PropertyBinder - Building property epochCreated
2021-11-19T10:23:52,485|[TRACE] PropertyBinder - Cascading epochCreated with null
2021-11-19T10:23:52,485|[TRACE] AnnotationBinder - Processing annotations of bloodbank.entity.Contact.epochUpdated
2021-11-19T10:23:52,485|[TRACE] NormalizingIdentifierHelperImpl - Normalizing identifier quoting [updated]
2021-11-19T10:23:52,485|[TRACE] NormalizingIdentifierHelperImpl - Normalizing identifier quoting [updated]
2021-11-19T10:23:52,485|[DEBUG] Ejb3Column - Binding column: Ejb3Column{table=org.hibernate.mapping.Table(contact), mappingColumn=updated, insertable=true, updatable=true, unique=false}
2021-11-19T10:23:52,485|[DEBUG] PropertyBinder - MetadataSourceProcessor property epochUpdated with lazy=false
2021-11-19T10:23:52,485|[DEBUG] AbstractPropertyHolder - Attempting to locate auto-apply AttributeConverter for property [bloodbank.entity.Contact:epochUpdated]
2021-11-19T10:23:52,485|[DEBUG] SimpleValueBinder - building SimpleValue for epochUpdated
2021-11-19T10:23:52,485|[TRACE] NormalizingIdentifierHelperImpl - Normalizing identifier quoting [updated]
2021-11-19T10:23:52,485|[DEBUG] PropertyBinder - Building property epochUpdated
2021-11-19T10:23:52,485|[TRACE] PropertyBinder - Cascading epochUpdated with null
2021-11-19T10:23:52,485|[TRACE] AnnotationBinder - Processing annotations of bloodbank.entity.Contact.version
2021-11-19T10:23:52,485|[TRACE] NormalizingIdentifierHelperImpl - Normalizing identifier quoting [version]
2021-11-19T10:23:52,485|[TRACE] NormalizingIdentifierHelperImpl - Normalizing identifier quoting [version]
2021-11-19T10:23:52,485|[DEBUG] Ejb3Column - Binding column: Ejb3Column{table=org.hibernate.mapping.Table(contact), mappingColumn=version, insertable=true, updatable=true, unique=false}
2021-11-19T10:23:52,485|[TRACE] AnnotationBinder - version is a version property
2021-11-19T10:23:52,485|[DEBUG] PropertyBinder - MetadataSourceProcessor property version with lazy=false
2021-11-19T10:23:52,485|[DEBUG] AbstractPropertyHolder - Attempting to locate auto-apply AttributeConverter for property [bloodbank.entity.Contact:version]
2021-11-19T10:23:52,485|[DEBUG] SimpleValueBinder - building SimpleValue for version
2021-11-19T10:23:52,485|[TRACE] NormalizingIdentifierHelperImpl - Normalizing identifier quoting [version]
2021-11-19T10:23:52,485|[TRACE] NormalizingIdentifierHelperImpl - Normalizing identifier quoting [version]
2021-11-19T10:23:52,485|[TRACE] NormalizingIdentifierHelperImpl - Normalizing identifier quoting [version]
2021-11-19T10:23:52,485|[DEBUG] PropertyBinder - Building property version
2021-11-19T10:23:52,485|[TRACE] PropertyBinder - Cascading version with null
2021-11-19T10:23:52,485|[TRACE] AnnotationBinder - Version name: version, unsavedValue: undefined
2021-11-19T10:23:52,485|[TRACE] AnnotationBinder - Processing annotations of bloodbank.entity.Contact.address
2021-11-19T10:23:52,485|[TRACE] NormalizingIdentifierHelperImpl - Normalizing identifier quoting [address_id]
2021-11-19T10:23:52,485|[DEBUG] Ejb3Column - Binding column: Ejb3JoinColumn{logicalColumnName='address_id', referencedColumn='address_id', mappedBy=''}
2021-11-19T10:23:52,485|[TRACE] NormalizingIdentifierHelperImpl - Normalizing identifier quoting [address]
2021-11-19T10:23:52,485|[TRACE] NormalizingIdentifierHelperImpl - Normalizing identifier quoting [address]
2021-11-19T10:23:52,485|[DEBUG] Ejb3Column - Binding column: Ejb3Column{table=org.hibernate.mapping.Table(contact), mappingColumn=address, insertable=true, updatable=true, unique=false}
2021-11-19T10:23:52,486|[DEBUG] PropertyBinder - Building property address
2021-11-19T10:23:52,486|[TRACE] PropertyBinder - Cascading address with all
2021-11-19T10:23:52,486|[TRACE] AnnotationBinder - Processing annotations of bloodbank.entity.Contact.contactType
2021-11-19T10:23:52,486|[TRACE] NormalizingIdentifierHelperImpl - Normalizing identifier quoting [contact_type]
2021-11-19T10:23:52,486|[TRACE] NormalizingIdentifierHelperImpl - Normalizing identifier quoting [contact_type]
2021-11-19T10:23:52,486|[DEBUG] Ejb3Column - Binding column: Ejb3Column{table=org.hibernate.mapping.Table(contact), mappingColumn=contact_type, insertable=true, updatable=true, unique=false}
2021-11-19T10:23:52,486|[DEBUG] PropertyBinder - MetadataSourceProcessor property contactType with lazy=false
2021-11-19T10:23:52,486|[DEBUG] AbstractPropertyHolder - Attempting to locate auto-apply AttributeConverter for property [bloodbank.entity.Contact:contactType]
2021-11-19T10:23:52,486|[DEBUG] SimpleValueBinder - building SimpleValue for contactType
2021-11-19T10:23:52,486|[TRACE] NormalizingIdentifierHelperImpl - Normalizing identifier quoting [contact_type]
2021-11-19T10:23:52,486|[DEBUG] PropertyBinder - Building property contactType
2021-11-19T10:23:52,486|[TRACE] PropertyBinder - Cascading contactType with null
2021-11-19T10:23:52,486|[TRACE] AnnotationBinder - Processing annotations of bloodbank.entity.Contact.email
2021-11-19T10:23:52,486|[TRACE] NormalizingIdentifierHelperImpl - Normalizing identifier quoting [email]
2021-11-19T10:23:52,486|[TRACE] NormalizingIdentifierHelperImpl - Normalizing identifier quoting [email]
2021-11-19T10:23:52,486|[DEBUG] Ejb3Column - Binding column: Ejb3Column{table=org.hibernate.mapping.Table(contact), mappingColumn=email, insertable=true, updatable=true, unique=false}
2021-11-19T10:23:52,486|[DEBUG] PropertyBinder - MetadataSourceProcessor property email with lazy=false
2021-11-19T10:23:52,486|[DEBUG] AbstractPropertyHolder - Attempting to locate auto-apply AttributeConverter for property [bloodbank.entity.Contact:email]
2021-11-19T10:23:52,486|[DEBUG] SimpleValueBinder - building SimpleValue for email
2021-11-19T10:23:52,486|[TRACE] NormalizingIdentifierHelperImpl - Normalizing identifier quoting [email]
2021-11-19T10:23:52,486|[DEBUG] PropertyBinder - Building property email
2021-11-19T10:23:52,486|[TRACE] PropertyBinder - Cascading email with null
2021-11-19T10:23:52,486|[TRACE] AnnotationBinder - Processing annotations of bloodbank.entity.Contact.owner
2021-11-19T10:23:52,486|[TRACE] NormalizingIdentifierHelperImpl - Normalizing identifier quoting [person_id]
2021-11-19T10:23:52,486|[DEBUG] Ejb3Column - Binding column: Ejb3JoinColumn{logicalColumnName='person_id', referencedColumn='id', mappedBy=''}
2021-11-19T10:23:52,486|[TRACE] NormalizingIdentifierHelperImpl - Normalizing identifier quoting [owner]
2021-11-19T10:23:52,486|[TRACE] NormalizingIdentifierHelperImpl - Normalizing identifier quoting [owner]
2021-11-19T10:23:52,486|[DEBUG] Ejb3Column - Binding column: Ejb3Column{table=org.hibernate.mapping.Table(contact), mappingColumn=owner, insertable=true, updatable=true, unique=false}
2021-11-19T10:23:52,486|[DEBUG] PropertyBinder - Building property owner
2021-11-19T10:23:52,486|[TRACE] PropertyBinder - Cascading owner with all,persist
2021-11-19T10:23:52,486|[TRACE] AnnotationBinder - Processing annotations of bloodbank.entity.Contact.phone
2021-11-19T10:23:52,486|[TRACE] NormalizingIdentifierHelperImpl - Normalizing identifier quoting [phone_id]
2021-11-19T10:23:52,486|[DEBUG] Ejb3Column - Binding column: Ejb3JoinColumn{logicalColumnName='phone_id', referencedColumn='phone_id', mappedBy=''}
2021-11-19T10:23:52,486|[TRACE] NormalizingIdentifierHelperImpl - Normalizing identifier quoting [phone]
2021-11-19T10:23:52,486|[TRACE] NormalizingIdentifierHelperImpl - Normalizing identifier quoting [phone]
2021-11-19T10:23:52,486|[DEBUG] Ejb3Column - Binding column: Ejb3Column{table=org.hibernate.mapping.Table(contact), mappingColumn=phone, insertable=true, updatable=true, unique=false}
2021-11-19T10:23:52,486|[DEBUG] PropertyBinder - Building property phone
2021-11-19T10:23:52,486|[TRACE] PropertyBinder - Cascading phone with all,persist
2021-11-19T10:23:52,486|[DEBUG] AnnotationBinder - Binding entity from annotated class: bloodbank.entity.Phone
2021-11-19T10:23:52,486|[TRACE] NormalizingIdentifierHelperImpl - Normalizing identifier quoting [DTYPE]
2021-11-19T10:23:52,487|[DEBUG] Ejb3Column - Binding column: Ejb3DiscriminatorColumn{logicalColumnName'DTYPE', discriminatorTypeName='string'}
2021-11-19T10:23:52,487|[DEBUG] EntityBinder - Import with entity name Phone
2021-11-19T10:23:52,487|[TRACE] InFlightMetadataCollectorImpl - Import: Phone -> bloodbank.entity.Phone
2021-11-19T10:23:52,487|[TRACE] InFlightMetadataCollectorImpl - Import: bloodbank.entity.Phone -> bloodbank.entity.Phone
2021-11-19T10:23:52,487|[TRACE] NormalizingIdentifierHelperImpl - Normalizing identifier quoting [phone]
2021-11-19T10:23:52,487|[TRACE] NormalizingIdentifierHelperImpl - Normalizing identifier quoting [phone]
2021-11-19T10:23:52,487|[DEBUG] EntityBinder - Bind entity bloodbank.entity.Phone on table phone
2021-11-19T10:23:52,487|[TRACE] AnnotationBinder - Processing annotations of bloodbank.entity.Phone.id
2021-11-19T10:23:52,487|[DEBUG] Ejb3Column - Column(s) overridden for property id
2021-11-19T10:23:52,487|[TRACE] NormalizingIdentifierHelperImpl - Normalizing identifier quoting [phone_id]
2021-11-19T10:23:52,487|[TRACE] NormalizingIdentifierHelperImpl - Normalizing identifier quoting [phone_id]
2021-11-19T10:23:52,487|[DEBUG] Ejb3Column - Binding column: Ejb3Column{table=org.hibernate.mapping.Table(phone), mappingColumn=phone_id, insertable=true, updatable=true, unique=false}
2021-11-19T10:23:52,487|[DEBUG] ClassLoaderAccessImpl - Not known whether passed class name [bloodbank.entity.Phone] is safe
2021-11-19T10:23:52,487|[DEBUG] ClassLoaderAccessImpl - No temp ClassLoader provided; using live ClassLoader for loading potentially unsafe class : bloodbank.entity.Phone
2021-11-19T10:23:52,487|[DEBUG] PropertyBinder - MetadataSourceProcessor property id with lazy=false
2021-11-19T10:23:52,487|[DEBUG] AbstractPropertyHolder - Attempting to locate auto-apply AttributeConverter for property [bloodbank.entity.Phone:id]
2021-11-19T10:23:52,487|[DEBUG] SimpleValueBinder - building SimpleValue for id
2021-11-19T10:23:52,487|[TRACE] NormalizingIdentifierHelperImpl - Normalizing identifier quoting [phone_id]
2021-11-19T10:23:52,487|[DEBUG] PropertyBinder - Building property id
2021-11-19T10:23:52,487|[TRACE] PropertyBinder - Cascading id with null
2021-11-19T10:23:52,487|[DEBUG] BinderHelper - #makeIdGenerator(org.hibernate.mapping.SimpleValue([org.hibernate.mapping.Column(phone_id)]), id, identity, , ...)
2021-11-19T10:23:52,487|[TRACE] AnnotationBinder - Bind @Id on id
2021-11-19T10:23:52,487|[TRACE] AnnotationBinder - Processing annotations of bloodbank.entity.Phone.epochCreated
2021-11-19T10:23:52,487|[TRACE] NormalizingIdentifierHelperImpl - Normalizing identifier quoting [created]
2021-11-19T10:23:52,487|[TRACE] NormalizingIdentifierHelperImpl - Normalizing identifier quoting [created]
2021-11-19T10:23:52,487|[DEBUG] Ejb3Column - Binding column: Ejb3Column{table=org.hibernate.mapping.Table(phone), mappingColumn=created, insertable=true, updatable=true, unique=false}
2021-11-19T10:23:52,487|[DEBUG] PropertyBinder - MetadataSourceProcessor property epochCreated with lazy=false
2021-11-19T10:23:52,487|[DEBUG] AbstractPropertyHolder - Attempting to locate auto-apply AttributeConverter for property [bloodbank.entity.Phone:epochCreated]
2021-11-19T10:23:52,487|[DEBUG] SimpleValueBinder - building SimpleValue for epochCreated
2021-11-19T10:23:52,487|[TRACE] NormalizingIdentifierHelperImpl - Normalizing identifier quoting [created]
2021-11-19T10:23:52,487|[DEBUG] PropertyBinder - Building property epochCreated
2021-11-19T10:23:52,487|[TRACE] PropertyBinder - Cascading epochCreated with null
2021-11-19T10:23:52,487|[TRACE] AnnotationBinder - Processing annotations of bloodbank.entity.Phone.epochUpdated
2021-11-19T10:23:52,487|[TRACE] NormalizingIdentifierHelperImpl - Normalizing identifier quoting [updated]
2021-11-19T10:23:52,487|[TRACE] NormalizingIdentifierHelperImpl - Normalizing identifier quoting [updated]
2021-11-19T10:23:52,487|[DEBUG] Ejb3Column - Binding column: Ejb3Column{table=org.hibernate.mapping.Table(phone), mappingColumn=updated, insertable=true, updatable=true, unique=false}
2021-11-19T10:23:52,487|[DEBUG] PropertyBinder - MetadataSourceProcessor property epochUpdated with lazy=false
2021-11-19T10:23:52,487|[DEBUG] AbstractPropertyHolder - Attempting to locate auto-apply AttributeConverter for property [bloodbank.entity.Phone:epochUpdated]
2021-11-19T10:23:52,487|[DEBUG] SimpleValueBinder - building SimpleValue for epochUpdated
2021-11-19T10:23:52,487|[TRACE] NormalizingIdentifierHelperImpl - Normalizing identifier quoting [updated]
2021-11-19T10:23:52,487|[DEBUG] PropertyBinder - Building property epochUpdated
2021-11-19T10:23:52,487|[TRACE] PropertyBinder - Cascading epochUpdated with null
2021-11-19T10:23:52,487|[TRACE] AnnotationBinder - Processing annotations of bloodbank.entity.Phone.version
2021-11-19T10:23:52,487|[TRACE] NormalizingIdentifierHelperImpl - Normalizing identifier quoting [version]
2021-11-19T10:23:52,487|[TRACE] NormalizingIdentifierHelperImpl - Normalizing identifier quoting [version]
2021-11-19T10:23:52,487|[DEBUG] Ejb3Column - Binding column: Ejb3Column{table=org.hibernate.mapping.Table(phone), mappingColumn=version, insertable=true, updatable=true, unique=false}
2021-11-19T10:23:52,487|[TRACE] AnnotationBinder - version is a version property
2021-11-19T10:23:52,487|[DEBUG] PropertyBinder - MetadataSourceProcessor property version with lazy=false
2021-11-19T10:23:52,487|[DEBUG] AbstractPropertyHolder - Attempting to locate auto-apply AttributeConverter for property [bloodbank.entity.Phone:version]
2021-11-19T10:23:52,487|[DEBUG] SimpleValueBinder - building SimpleValue for version
2021-11-19T10:23:52,487|[TRACE] NormalizingIdentifierHelperImpl - Normalizing identifier quoting [version]
2021-11-19T10:23:52,487|[TRACE] NormalizingIdentifierHelperImpl - Normalizing identifier quoting [version]
2021-11-19T10:23:52,487|[TRACE] NormalizingIdentifierHelperImpl - Normalizing identifier quoting [version]
2021-11-19T10:23:52,487|[DEBUG] PropertyBinder - Building property version
2021-11-19T10:23:52,487|[TRACE] PropertyBinder - Cascading version with null
2021-11-19T10:23:52,487|[TRACE] AnnotationBinder - Version name: version, unsavedValue: undefined
2021-11-19T10:23:52,487|[TRACE] AnnotationBinder - Processing annotations of bloodbank.entity.Phone.areaCode
2021-11-19T10:23:52,487|[TRACE] NormalizingIdentifierHelperImpl - Normalizing identifier quoting [area_code]
2021-11-19T10:23:52,487|[TRACE] NormalizingIdentifierHelperImpl - Normalizing identifier quoting [area_code]
2021-11-19T10:23:52,488|[DEBUG] Ejb3Column - Binding column: Ejb3Column{table=org.hibernate.mapping.Table(phone), mappingColumn=area_code, insertable=true, updatable=true, unique=false}
2021-11-19T10:23:52,488|[DEBUG] PropertyBinder - MetadataSourceProcessor property areaCode with lazy=false
2021-11-19T10:23:52,488|[DEBUG] AbstractPropertyHolder - Attempting to locate auto-apply AttributeConverter for property [bloodbank.entity.Phone:areaCode]
2021-11-19T10:23:52,488|[DEBUG] SimpleValueBinder - building SimpleValue for areaCode
2021-11-19T10:23:52,488|[TRACE] NormalizingIdentifierHelperImpl - Normalizing identifier quoting [area_code]
2021-11-19T10:23:52,488|[DEBUG] PropertyBinder - Building property areaCode
2021-11-19T10:23:52,488|[TRACE] PropertyBinder - Cascading areaCode with null
2021-11-19T10:23:52,488|[TRACE] AnnotationBinder - Processing annotations of bloodbank.entity.Phone.contacts
2021-11-19T10:23:52,488|[TRACE] NormalizingIdentifierHelperImpl - Normalizing identifier quoting [phone_id]
2021-11-19T10:23:52,488|[DEBUG] Ejb3Column - Binding column: Ejb3JoinColumn{logicalColumnName='phone_id', referencedColumn='phone_id', mappedBy=''}
2021-11-19T10:23:52,488|[TRACE] NormalizingIdentifierHelperImpl - Normalizing identifier quoting [contacts]
2021-11-19T10:23:52,488|[TRACE] NormalizingIdentifierHelperImpl - Normalizing identifier quoting [contacts]
2021-11-19T10:23:52,488|[DEBUG] Ejb3Column - Binding column: Ejb3Column{table=org.hibernate.mapping.Table(phone), mappingColumn=contacts, insertable=true, updatable=true, unique=false}
2021-11-19T10:23:52,488|[DEBUG] Ejb3Column - Binding column: Ejb3Column{table=org.hibernate.mapping.Table(phone), mappingColumn=null, insertable=true, updatable=true, unique=false}
2021-11-19T10:23:52,488|[TRACE] NormalizingIdentifierHelperImpl - Normalizing identifier quoting [element]
2021-11-19T10:23:52,488|[TRACE] NormalizingIdentifierHelperImpl - Normalizing identifier quoting [element]
2021-11-19T10:23:52,488|[DEBUG] Ejb3Column - Binding column: Ejb3Column{table=org.hibernate.mapping.Table(phone), mappingColumn=element, insertable=true, updatable=true, unique=false}
2021-11-19T10:23:52,488|[TRACE] NormalizingIdentifierHelperImpl - Normalizing identifier quoting [contacts_KEY]
2021-11-19T10:23:52,488|[DEBUG] Ejb3Column - Binding column: Ejb3Column{table=org.hibernate.mapping.Table(phone), mappingColumn=contacts_KEY, insertable=true, updatable=true, unique=false}
2021-11-19T10:23:52,488|[TRACE] NormalizingIdentifierHelperImpl - Normalizing identifier quoting [contacts_KEY]
2021-11-19T10:23:52,488|[DEBUG] Ejb3Column - Binding column: Ejb3JoinColumn{logicalColumnName='contacts_KEY', referencedColumn='null', mappedBy='null'}
2021-11-19T10:23:52,488|[DEBUG] Ejb3Column - Binding column: Ejb3JoinColumn{logicalColumnName='null', referencedColumn='null', mappedBy=''}
2021-11-19T10:23:52,488|[DEBUG] Ejb3Column - Binding column: Ejb3JoinColumn{logicalColumnName='null', referencedColumn='null', mappedBy=''}
2021-11-19T10:23:52,488|[DEBUG] CollectionBinder - Collection role: bloodbank.entity.Phone.contacts
2021-11-19T10:23:52,488|[DEBUG] PropertyBinder - Building property contacts
2021-11-19T10:23:52,488|[TRACE] PropertyBinder - Cascading contacts with persist,merge,refresh,evict
2021-11-19T10:23:52,488|[TRACE] AnnotationBinder - Processing annotations of bloodbank.entity.Phone.countryCode
2021-11-19T10:23:52,488|[TRACE] NormalizingIdentifierHelperImpl - Normalizing identifier quoting [country_code]
2021-11-19T10:23:52,488|[TRACE] NormalizingIdentifierHelperImpl - Normalizing identifier quoting [country_code]
2021-11-19T10:23:52,488|[DEBUG] Ejb3Column - Binding column: Ejb3Column{table=org.hibernate.mapping.Table(phone), mappingColumn=country_code, insertable=true, updatable=true, unique=false}
2021-11-19T10:23:52,488|[DEBUG] PropertyBinder - MetadataSourceProcessor property countryCode with lazy=false
2021-11-19T10:23:52,488|[DEBUG] AbstractPropertyHolder - Attempting to locate auto-apply AttributeConverter for property [bloodbank.entity.Phone:countryCode]
2021-11-19T10:23:52,488|[DEBUG] SimpleValueBinder - building SimpleValue for countryCode
2021-11-19T10:23:52,488|[TRACE] NormalizingIdentifierHelperImpl - Normalizing identifier quoting [country_code]
2021-11-19T10:23:52,488|[DEBUG] PropertyBinder - Building property countryCode
2021-11-19T10:23:52,488|[TRACE] PropertyBinder - Cascading countryCode with null
2021-11-19T10:23:52,488|[TRACE] AnnotationBinder - Processing annotations of bloodbank.entity.Phone.number
2021-11-19T10:23:52,488|[TRACE] NormalizingIdentifierHelperImpl - Normalizing identifier quoting [number]
2021-11-19T10:23:52,488|[TRACE] NormalizingIdentifierHelperImpl - Normalizing identifier quoting [number]
2021-11-19T10:23:52,488|[DEBUG] Ejb3Column - Binding column: Ejb3Column{table=org.hibernate.mapping.Table(phone), mappingColumn=number, insertable=true, updatable=true, unique=false}
2021-11-19T10:23:52,488|[DEBUG] PropertyBinder - MetadataSourceProcessor property number with lazy=false
2021-11-19T10:23:52,488|[DEBUG] AbstractPropertyHolder - Attempting to locate auto-apply AttributeConverter for property [bloodbank.entity.Phone:number]
2021-11-19T10:23:52,488|[DEBUG] SimpleValueBinder - building SimpleValue for number
2021-11-19T10:23:52,488|[TRACE] NormalizingIdentifierHelperImpl - Normalizing identifier quoting [number]
2021-11-19T10:23:52,488|[TRACE] NormalizingIdentifierHelperImpl - Normalizing identifier quoting [number]
2021-11-19T10:23:52,488|[TRACE] NormalizingIdentifierHelperImpl - Normalizing identifier quoting [number]
2021-11-19T10:23:52,488|[DEBUG] PropertyBinder - Building property number
2021-11-19T10:23:52,488|[TRACE] PropertyBinder - Cascading number with null
2021-11-19T10:23:52,488|[DEBUG] AnnotationBinder - Binding entity from annotated class: bloodbank.entity.BloodDonation
2021-11-19T10:23:52,488|[TRACE] NormalizingIdentifierHelperImpl - Normalizing identifier quoting [DTYPE]
2021-11-19T10:23:52,488|[DEBUG] Ejb3Column - Binding column: Ejb3DiscriminatorColumn{logicalColumnName'DTYPE', discriminatorTypeName='string'}
2021-11-19T10:23:52,488|[DEBUG] EntityBinder - Import with entity name BloodDonation
2021-11-19T10:23:52,488|[TRACE] InFlightMetadataCollectorImpl - Import: BloodDonation -> bloodbank.entity.BloodDonation
2021-11-19T10:23:52,488|[TRACE] InFlightMetadataCollectorImpl - Import: bloodbank.entity.BloodDonation -> bloodbank.entity.BloodDonation
2021-11-19T10:23:52,488|[TRACE] NormalizingIdentifierHelperImpl - Normalizing identifier quoting [blood_donation]
2021-11-19T10:23:52,488|[TRACE] NormalizingIdentifierHelperImpl - Normalizing identifier quoting [blood_donation]
2021-11-19T10:23:52,488|[DEBUG] EntityBinder - Bind entity bloodbank.entity.BloodDonation on table blood_donation
2021-11-19T10:23:52,489|[TRACE] AnnotationBinder - Processing annotations of bloodbank.entity.BloodDonation.id
2021-11-19T10:23:52,489|[DEBUG] Ejb3Column - Column(s) overridden for property id
2021-11-19T10:23:52,489|[TRACE] NormalizingIdentifierHelperImpl - Normalizing identifier quoting [donation_id]
2021-11-19T10:23:52,489|[TRACE] NormalizingIdentifierHelperImpl - Normalizing identifier quoting [donation_id]
2021-11-19T10:23:52,489|[DEBUG] Ejb3Column - Binding column: Ejb3Column{table=org.hibernate.mapping.Table(blood_donation), mappingColumn=donation_id, insertable=true, updatable=true, unique=false}
2021-11-19T10:23:52,489|[DEBUG] ClassLoaderAccessImpl - Not known whether passed class name [bloodbank.entity.BloodDonation] is safe
2021-11-19T10:23:52,489|[DEBUG] ClassLoaderAccessImpl - No temp ClassLoader provided; using live ClassLoader for loading potentially unsafe class : bloodbank.entity.BloodDonation
2021-11-19T10:23:52,489|[DEBUG] PropertyBinder - MetadataSourceProcessor property id with lazy=false
2021-11-19T10:23:52,489|[DEBUG] AbstractPropertyHolder - Attempting to locate auto-apply AttributeConverter for property [bloodbank.entity.BloodDonation:id]
2021-11-19T10:23:52,489|[DEBUG] SimpleValueBinder - building SimpleValue for id
2021-11-19T10:23:52,489|[TRACE] NormalizingIdentifierHelperImpl - Normalizing identifier quoting [donation_id]
2021-11-19T10:23:52,489|[DEBUG] PropertyBinder - Building property id
2021-11-19T10:23:52,489|[TRACE] PropertyBinder - Cascading id with null
2021-11-19T10:23:52,489|[DEBUG] BinderHelper - #makeIdGenerator(org.hibernate.mapping.SimpleValue([org.hibernate.mapping.Column(donation_id)]), id, identity, , ...)
2021-11-19T10:23:52,489|[TRACE] AnnotationBinder - Bind @Id on id
2021-11-19T10:23:52,489|[TRACE] AnnotationBinder - Processing annotations of bloodbank.entity.BloodDonation.epochCreated
2021-11-19T10:23:52,489|[TRACE] NormalizingIdentifierHelperImpl - Normalizing identifier quoting [created]
2021-11-19T10:23:52,489|[TRACE] NormalizingIdentifierHelperImpl - Normalizing identifier quoting [created]
2021-11-19T10:23:52,489|[DEBUG] Ejb3Column - Binding column: Ejb3Column{table=org.hibernate.mapping.Table(blood_donation), mappingColumn=created, insertable=true, updatable=true, unique=false}
2021-11-19T10:23:52,489|[DEBUG] PropertyBinder - MetadataSourceProcessor property epochCreated with lazy=false
2021-11-19T10:23:52,489|[DEBUG] AbstractPropertyHolder - Attempting to locate auto-apply AttributeConverter for property [bloodbank.entity.BloodDonation:epochCreated]
2021-11-19T10:23:52,489|[DEBUG] SimpleValueBinder - building SimpleValue for epochCreated
2021-11-19T10:23:52,489|[TRACE] NormalizingIdentifierHelperImpl - Normalizing identifier quoting [created]
2021-11-19T10:23:52,489|[DEBUG] PropertyBinder - Building property epochCreated
2021-11-19T10:23:52,489|[TRACE] PropertyBinder - Cascading epochCreated with null
2021-11-19T10:23:52,489|[TRACE] AnnotationBinder - Processing annotations of bloodbank.entity.BloodDonation.epochUpdated
2021-11-19T10:23:52,489|[TRACE] NormalizingIdentifierHelperImpl - Normalizing identifier quoting [updated]
2021-11-19T10:23:52,489|[TRACE] NormalizingIdentifierHelperImpl - Normalizing identifier quoting [updated]
2021-11-19T10:23:52,489|[DEBUG] Ejb3Column - Binding column: Ejb3Column{table=org.hibernate.mapping.Table(blood_donation), mappingColumn=updated, insertable=true, updatable=true, unique=false}
2021-11-19T10:23:52,489|[DEBUG] PropertyBinder - MetadataSourceProcessor property epochUpdated with lazy=false
2021-11-19T10:23:52,489|[DEBUG] AbstractPropertyHolder - Attempting to locate auto-apply AttributeConverter for property [bloodbank.entity.BloodDonation:epochUpdated]
2021-11-19T10:23:52,489|[DEBUG] SimpleValueBinder - building SimpleValue for epochUpdated
2021-11-19T10:23:52,489|[TRACE] NormalizingIdentifierHelperImpl - Normalizing identifier quoting [updated]
2021-11-19T10:23:52,489|[DEBUG] PropertyBinder - Building property epochUpdated
2021-11-19T10:23:52,489|[TRACE] PropertyBinder - Cascading epochUpdated with null
2021-11-19T10:23:52,489|[TRACE] AnnotationBinder - Processing annotations of bloodbank.entity.BloodDonation.version
2021-11-19T10:23:52,489|[TRACE] NormalizingIdentifierHelperImpl - Normalizing identifier quoting [version]
2021-11-19T10:23:52,489|[TRACE] NormalizingIdentifierHelperImpl - Normalizing identifier quoting [version]
2021-11-19T10:23:52,489|[DEBUG] Ejb3Column - Binding column: Ejb3Column{table=org.hibernate.mapping.Table(blood_donation), mappingColumn=version, insertable=true, updatable=true, unique=false}
2021-11-19T10:23:52,489|[TRACE] AnnotationBinder - version is a version property
2021-11-19T10:23:52,489|[DEBUG] PropertyBinder - MetadataSourceProcessor property version with lazy=false
2021-11-19T10:23:52,489|[DEBUG] AbstractPropertyHolder - Attempting to locate auto-apply AttributeConverter for property [bloodbank.entity.BloodDonation:version]
2021-11-19T10:23:52,489|[DEBUG] SimpleValueBinder - building SimpleValue for version
2021-11-19T10:23:52,489|[TRACE] NormalizingIdentifierHelperImpl - Normalizing identifier quoting [version]
2021-11-19T10:23:52,489|[TRACE] NormalizingIdentifierHelperImpl - Normalizing identifier quoting [version]
2021-11-19T10:23:52,489|[TRACE] NormalizingIdentifierHelperImpl - Normalizing identifier quoting [version]
2021-11-19T10:23:52,489|[DEBUG] PropertyBinder - Building property version
2021-11-19T10:23:52,489|[TRACE] PropertyBinder - Cascading version with null
2021-11-19T10:23:52,489|[TRACE] AnnotationBinder - Version name: version, unsavedValue: undefined
2021-11-19T10:23:52,489|[TRACE] AnnotationBinder - Processing annotations of bloodbank.entity.BloodDonation.bank
2021-11-19T10:23:52,489|[TRACE] NormalizingIdentifierHelperImpl - Normalizing identifier quoting [bank_id]
2021-11-19T10:23:52,489|[DEBUG] Ejb3Column - Binding column: Ejb3JoinColumn{logicalColumnName='bank_id', referencedColumn='bank_id', mappedBy=''}
2021-11-19T10:23:52,489|[TRACE] NormalizingIdentifierHelperImpl - Normalizing identifier quoting [bank]
2021-11-19T10:23:52,489|[TRACE] NormalizingIdentifierHelperImpl - Normalizing identifier quoting [bank]
2021-11-19T10:23:52,489|[DEBUG] Ejb3Column - Binding column: Ejb3Column{table=org.hibernate.mapping.Table(blood_donation), mappingColumn=bank, insertable=true, updatable=true, unique=false}
2021-11-19T10:23:52,489|[DEBUG] PropertyBinder - Building property bank
2021-11-19T10:23:52,489|[TRACE] PropertyBinder - Cascading bank with all
2021-11-19T10:23:52,489|[TRACE] AnnotationBinder - Processing annotations of bloodbank.entity.BloodDonation.bloodType
2021-11-19T10:23:52,489|[TRACE] NormalizingIdentifierHelperImpl - Normalizing identifier quoting [bloodType]
2021-11-19T10:23:52,489|[TRACE] NormalizingIdentifierHelperImpl - Normalizing identifier quoting [bloodType]
2021-11-19T10:23:52,489|[DEBUG] Ejb3Column - Binding column: Ejb3Column{table=org.hibernate.mapping.Table(blood_donation), mappingColumn=bloodType, insertable=true, updatable=true, unique=false}
2021-11-19T10:23:52,489|[TRACE] AnnotationBinder - Binding component with path: bloodbank.entity.BloodDonation.bloodType
2021-11-19T10:23:52,489|[TRACE] AnnotationBinder - Processing annotations of bloodbank.entity.BloodType.bloodGroup
2021-11-19T10:23:52,489|[TRACE] NormalizingIdentifierHelperImpl - Normalizing identifier quoting [blood_group]
2021-11-19T10:23:52,489|[TRACE] NormalizingIdentifierHelperImpl - Normalizing identifier quoting [blood_group]
2021-11-19T10:23:52,489|[DEBUG] Ejb3Column - Binding column: Ejb3Column{table=org.hibernate.mapping.Table(blood_donation), mappingColumn=blood_group, insertable=true, updatable=true, unique=false}
2021-11-19T10:23:52,490|[DEBUG] PropertyBinder - MetadataSourceProcessor property bloodGroup with lazy=false
2021-11-19T10:23:52,490|[DEBUG] AbstractPropertyHolder - Attempting to locate auto-apply AttributeConverter for property [bloodbank.entity.BloodDonation.bloodType:bloodGroup]
2021-11-19T10:23:52,490|[DEBUG] SimpleValueBinder - building SimpleValue for bloodGroup
2021-11-19T10:23:52,490|[TRACE] NormalizingIdentifierHelperImpl - Normalizing identifier quoting [blood_group]
2021-11-19T10:23:52,490|[DEBUG] PropertyBinder - Building property bloodGroup
2021-11-19T10:23:52,490|[TRACE] PropertyBinder - Cascading bloodGroup with null
2021-11-19T10:23:52,490|[TRACE] AnnotationBinder - Processing annotations of bloodbank.entity.BloodType.rhd
2021-11-19T10:23:52,490|[TRACE] NormalizingIdentifierHelperImpl - Normalizing identifier quoting [rhd]
2021-11-19T10:23:52,490|[TRACE] NormalizingIdentifierHelperImpl - Normalizing identifier quoting [rhd]
2021-11-19T10:23:52,490|[DEBUG] Ejb3Column - Binding column: Ejb3Column{table=org.hibernate.mapping.Table(blood_donation), mappingColumn=rhd, insertable=true, updatable=true, unique=false}
2021-11-19T10:23:52,490|[DEBUG] PropertyBinder - MetadataSourceProcessor property rhd with lazy=false
2021-11-19T10:23:52,490|[DEBUG] AbstractPropertyHolder - Attempting to locate auto-apply AttributeConverter for property [bloodbank.entity.BloodDonation.bloodType:rhd]
2021-11-19T10:23:52,490|[DEBUG] SimpleValueBinder - building SimpleValue for rhd
2021-11-19T10:23:52,490|[TRACE] NormalizingIdentifierHelperImpl - Normalizing identifier quoting [rhd]
2021-11-19T10:23:52,490|[DEBUG] PropertyBinder - Building property rhd
2021-11-19T10:23:52,490|[TRACE] PropertyBinder - Cascading rhd with null
2021-11-19T10:23:52,490|[DEBUG] PropertyBinder - Building property bloodType
2021-11-19T10:23:52,490|[TRACE] PropertyBinder - Cascading bloodType with null
2021-11-19T10:23:52,490|[TRACE] AnnotationBinder - Processing annotations of bloodbank.entity.BloodDonation.milliliters
2021-11-19T10:23:52,490|[TRACE] NormalizingIdentifierHelperImpl - Normalizing identifier quoting [milliliters]
2021-11-19T10:23:52,490|[TRACE] NormalizingIdentifierHelperImpl - Normalizing identifier quoting [milliliters]
2021-11-19T10:23:52,490|[DEBUG] Ejb3Column - Binding column: Ejb3Column{table=org.hibernate.mapping.Table(blood_donation), mappingColumn=milliliters, insertable=true, updatable=true, unique=false}
2021-11-19T10:23:52,490|[DEBUG] PropertyBinder - MetadataSourceProcessor property milliliters with lazy=false
2021-11-19T10:23:52,490|[DEBUG] AbstractPropertyHolder - Attempting to locate auto-apply AttributeConverter for property [bloodbank.entity.BloodDonation:milliliters]
2021-11-19T10:23:52,490|[DEBUG] SimpleValueBinder - building SimpleValue for milliliters
2021-11-19T10:23:52,490|[TRACE] NormalizingIdentifierHelperImpl - Normalizing identifier quoting [milliliters]
2021-11-19T10:23:52,490|[TRACE] NormalizingIdentifierHelperImpl - Normalizing identifier quoting [milliliters]
2021-11-19T10:23:52,490|[TRACE] NormalizingIdentifierHelperImpl - Normalizing identifier quoting [milliliters]
2021-11-19T10:23:52,490|[DEBUG] PropertyBinder - Building property milliliters
2021-11-19T10:23:52,490|[TRACE] PropertyBinder - Cascading milliliters with null
2021-11-19T10:23:52,490|[TRACE] AnnotationBinder - Processing annotations of bloodbank.entity.BloodDonation.record
2021-11-19T10:23:52,490|[TRACE] NormalizingIdentifierHelperImpl - Normalizing identifier quoting [donation_id]
2021-11-19T10:23:52,490|[DEBUG] Ejb3Column - Binding column: Ejb3JoinColumn{logicalColumnName='donation_id', referencedColumn='donation_id', mappedBy=''}
2021-11-19T10:23:52,490|[TRACE] NormalizingIdentifierHelperImpl - Normalizing identifier quoting [record]
2021-11-19T10:23:52,490|[TRACE] NormalizingIdentifierHelperImpl - Normalizing identifier quoting [record]
2021-11-19T10:23:52,490|[DEBUG] Ejb3Column - Binding column: Ejb3Column{table=org.hibernate.mapping.Table(blood_donation), mappingColumn=record, insertable=true, updatable=true, unique=false}
2021-11-19T10:23:52,490|[TRACE] AnnotationBinder - Fetching record with SELECT
2021-11-19T10:23:52,490|[DEBUG] AnnotationBinder - Binding entity from annotated class: bloodbank.entity.BloodBank
2021-11-19T10:23:52,490|[TRACE] NormalizingIdentifierHelperImpl - Normalizing identifier quoting [privately_owned]
2021-11-19T10:23:52,490|[DEBUG] Ejb3Column - Binding column: Ejb3DiscriminatorColumn{logicalColumnName'privately_owned', discriminatorTypeName='integer'}
2021-11-19T10:23:52,490|[DEBUG] EntityBinder - Import with entity name BloodBank
2021-11-19T10:23:52,490|[TRACE] InFlightMetadataCollectorImpl - Import: BloodBank -> bloodbank.entity.BloodBank
2021-11-19T10:23:52,490|[TRACE] InFlightMetadataCollectorImpl - Import: bloodbank.entity.BloodBank -> bloodbank.entity.BloodBank
2021-11-19T10:23:52,490|[TRACE] NormalizingIdentifierHelperImpl - Normalizing identifier quoting [blood_bank]
2021-11-19T10:23:52,490|[TRACE] NormalizingIdentifierHelperImpl - Normalizing identifier quoting [blood_bank]
2021-11-19T10:23:52,490|[DEBUG] EntityBinder - Bind entity bloodbank.entity.BloodBank on table blood_bank
2021-11-19T10:23:52,490|[TRACE] NormalizingIdentifierHelperImpl - Normalizing identifier quoting [privately_owned]
2021-11-19T10:23:52,490|[TRACE] AnnotationBinder - Setting discriminator for entity bloodbank.entity.BloodBank
2021-11-19T10:23:52,490|[TRACE] AnnotationBinder - Processing annotations of bloodbank.entity.BloodBank.id
2021-11-19T10:23:52,490|[DEBUG] Ejb3Column - Column(s) overridden for property id
2021-11-19T10:23:52,490|[TRACE] NormalizingIdentifierHelperImpl - Normalizing identifier quoting [bank_id]
2021-11-19T10:23:52,490|[TRACE] NormalizingIdentifierHelperImpl - Normalizing identifier quoting [bank_id]
2021-11-19T10:23:52,490|[DEBUG] Ejb3Column - Binding column: Ejb3Column{table=org.hibernate.mapping.Table(blood_bank), mappingColumn=bank_id, insertable=true, updatable=true, unique=false}
2021-11-19T10:23:52,490|[DEBUG] ClassLoaderAccessImpl - Not known whether passed class name [bloodbank.entity.BloodBank] is safe
2021-11-19T10:23:52,491|[DEBUG] ClassLoaderAccessImpl - No temp ClassLoader provided; using live ClassLoader for loading potentially unsafe class : bloodbank.entity.BloodBank
2021-11-19T10:23:52,491|[DEBUG] PropertyBinder - MetadataSourceProcessor property id with lazy=false
2021-11-19T10:23:52,491|[DEBUG] AbstractPropertyHolder - Attempting to locate auto-apply AttributeConverter for property [bloodbank.entity.BloodBank:id]
2021-11-19T10:23:52,491|[DEBUG] SimpleValueBinder - building SimpleValue for id
2021-11-19T10:23:52,491|[TRACE] NormalizingIdentifierHelperImpl - Normalizing identifier quoting [bank_id]
2021-11-19T10:23:52,491|[DEBUG] PropertyBinder - Building property id
2021-11-19T10:23:52,491|[TRACE] PropertyBinder - Cascading id with null
2021-11-19T10:23:52,491|[DEBUG] BinderHelper - #makeIdGenerator(org.hibernate.mapping.SimpleValue([org.hibernate.mapping.Column(bank_id)]), id, identity, , ...)
2021-11-19T10:23:52,491|[TRACE] AnnotationBinder - Bind @Id on id
2021-11-19T10:23:52,491|[TRACE] AnnotationBinder - Processing annotations of bloodbank.entity.BloodBank.epochCreated
2021-11-19T10:23:52,491|[TRACE] NormalizingIdentifierHelperImpl - Normalizing identifier quoting [created]
2021-11-19T10:23:52,491|[TRACE] NormalizingIdentifierHelperImpl - Normalizing identifier quoting [created]
2021-11-19T10:23:52,491|[DEBUG] Ejb3Column - Binding column: Ejb3Column{table=org.hibernate.mapping.Table(blood_bank), mappingColumn=created, insertable=true, updatable=true, unique=false}
2021-11-19T10:23:52,491|[DEBUG] PropertyBinder - MetadataSourceProcessor property epochCreated with lazy=false
2021-11-19T10:23:52,491|[DEBUG] AbstractPropertyHolder - Attempting to locate auto-apply AttributeConverter for property [bloodbank.entity.BloodBank:epochCreated]
2021-11-19T10:23:52,491|[DEBUG] SimpleValueBinder - building SimpleValue for epochCreated
2021-11-19T10:23:52,491|[TRACE] NormalizingIdentifierHelperImpl - Normalizing identifier quoting [created]
2021-11-19T10:23:52,491|[DEBUG] PropertyBinder - Building property epochCreated
2021-11-19T10:23:52,491|[TRACE] PropertyBinder - Cascading epochCreated with null
2021-11-19T10:23:52,491|[TRACE] AnnotationBinder - Processing annotations of bloodbank.entity.BloodBank.epochUpdated
2021-11-19T10:23:52,491|[TRACE] NormalizingIdentifierHelperImpl - Normalizing identifier quoting [updated]
2021-11-19T10:23:52,491|[TRACE] NormalizingIdentifierHelperImpl - Normalizing identifier quoting [updated]
2021-11-19T10:23:52,491|[DEBUG] Ejb3Column - Binding column: Ejb3Column{table=org.hibernate.mapping.Table(blood_bank), mappingColumn=updated, insertable=true, updatable=true, unique=false}
2021-11-19T10:23:52,491|[DEBUG] PropertyBinder - MetadataSourceProcessor property epochUpdated with lazy=false
2021-11-19T10:23:52,491|[DEBUG] AbstractPropertyHolder - Attempting to locate auto-apply AttributeConverter for property [bloodbank.entity.BloodBank:epochUpdated]
2021-11-19T10:23:52,491|[DEBUG] SimpleValueBinder - building SimpleValue for epochUpdated
2021-11-19T10:23:52,491|[TRACE] NormalizingIdentifierHelperImpl - Normalizing identifier quoting [updated]
2021-11-19T10:23:52,491|[DEBUG] PropertyBinder - Building property epochUpdated
2021-11-19T10:23:52,491|[TRACE] PropertyBinder - Cascading epochUpdated with null
2021-11-19T10:23:52,491|[TRACE] AnnotationBinder - Processing annotations of bloodbank.entity.BloodBank.version
2021-11-19T10:23:52,491|[TRACE] NormalizingIdentifierHelperImpl - Normalizing identifier quoting [version]
2021-11-19T10:23:52,491|[TRACE] NormalizingIdentifierHelperImpl - Normalizing identifier quoting [version]
2021-11-19T10:23:52,491|[DEBUG] Ejb3Column - Binding column: Ejb3Column{table=org.hibernate.mapping.Table(blood_bank), mappingColumn=version, insertable=true, updatable=true, unique=false}
2021-11-19T10:23:52,491|[TRACE] AnnotationBinder - version is a version property
2021-11-19T10:23:52,491|[DEBUG] PropertyBinder - MetadataSourceProcessor property version with lazy=false
2021-11-19T10:23:52,491|[DEBUG] AbstractPropertyHolder - Attempting to locate auto-apply AttributeConverter for property [bloodbank.entity.BloodBank:version]
2021-11-19T10:23:52,491|[DEBUG] SimpleValueBinder - building SimpleValue for version
2021-11-19T10:23:52,491|[TRACE] NormalizingIdentifierHelperImpl - Normalizing identifier quoting [version]
2021-11-19T10:23:52,491|[TRACE] NormalizingIdentifierHelperImpl - Normalizing identifier quoting [version]
2021-11-19T10:23:52,491|[TRACE] NormalizingIdentifierHelperImpl - Normalizing identifier quoting [version]
2021-11-19T10:23:52,491|[DEBUG] PropertyBinder - Building property version
2021-11-19T10:23:52,491|[TRACE] PropertyBinder - Cascading version with null
2021-11-19T10:23:52,491|[TRACE] AnnotationBinder - Version name: version, unsavedValue: undefined
2021-11-19T10:23:52,491|[TRACE] AnnotationBinder - Processing annotations of bloodbank.entity.BloodBank.donations
2021-11-19T10:23:52,491|[DEBUG] Ejb3Column - Binding column: Ejb3JoinColumn{logicalColumnName='null', referencedColumn='null', mappedBy='bank'}
2021-11-19T10:23:52,491|[TRACE] NormalizingIdentifierHelperImpl - Normalizing identifier quoting [donations]
2021-11-19T10:23:52,491|[TRACE] NormalizingIdentifierHelperImpl - Normalizing identifier quoting [donations]
2021-11-19T10:23:52,491|[DEBUG] Ejb3Column - Binding column: Ejb3Column{table=org.hibernate.mapping.Table(blood_bank), mappingColumn=donations, insertable=true, updatable=true, unique=false}
2021-11-19T10:23:52,491|[DEBUG] Ejb3Column - Binding column: Ejb3Column{table=org.hibernate.mapping.Table(blood_bank), mappingColumn=null, insertable=true, updatable=true, unique=false}
2021-11-19T10:23:52,492|[TRACE] NormalizingIdentifierHelperImpl - Normalizing identifier quoting [element]
2021-11-19T10:23:52,492|[TRACE] NormalizingIdentifierHelperImpl - Normalizing identifier quoting [element]
2021-11-19T10:23:52,492|[DEBUG] Ejb3Column - Binding column: Ejb3Column{table=org.hibernate.mapping.Table(blood_bank), mappingColumn=element, insertable=true, updatable=true, unique=false}
2021-11-19T10:23:52,492|[TRACE] NormalizingIdentifierHelperImpl - Normalizing identifier quoting [donations_KEY]
2021-11-19T10:23:52,492|[DEBUG] Ejb3Column - Binding column: Ejb3Column{table=org.hibernate.mapping.Table(blood_bank), mappingColumn=donations_KEY, insertable=true, updatable=true, unique=false}
2021-11-19T10:23:52,492|[TRACE] NormalizingIdentifierHelperImpl - Normalizing identifier quoting [donations_KEY]
2021-11-19T10:23:52,492|[DEBUG] Ejb3Column - Binding column: Ejb3JoinColumn{logicalColumnName='donations_KEY', referencedColumn='null', mappedBy='null'}
2021-11-19T10:23:52,492|[DEBUG] Ejb3Column - Binding column: Ejb3JoinColumn{logicalColumnName='null', referencedColumn='null', mappedBy='bank'}
2021-11-19T10:23:52,492|[DEBUG] Ejb3Column - Binding column: Ejb3JoinColumn{logicalColumnName='null', referencedColumn='null', mappedBy='bank'}
2021-11-19T10:23:52,492|[DEBUG] CollectionBinder - Collection role: bloodbank.entity.BloodBank.donations
2021-11-19T10:23:52,492|[DEBUG] PropertyBinder - Building property donations
2021-11-19T10:23:52,492|[TRACE] PropertyBinder - Cascading donations with all
2021-11-19T10:23:52,492|[TRACE] AnnotationBinder - Processing annotations of bloodbank.entity.BloodBank.name
2021-11-19T10:23:52,492|[TRACE] NormalizingIdentifierHelperImpl - Normalizing identifier quoting [name]
2021-11-19T10:23:52,492|[TRACE] NormalizingIdentifierHelperImpl - Normalizing identifier quoting [name]
2021-11-19T10:23:52,492|[DEBUG] Ejb3Column - Binding column: Ejb3Column{table=org.hibernate.mapping.Table(blood_bank), mappingColumn=name, insertable=true, updatable=true, unique=false}
2021-11-19T10:23:52,492|[DEBUG] PropertyBinder - MetadataSourceProcessor property name with lazy=false
2021-11-19T10:23:52,492|[DEBUG] AbstractPropertyHolder - Attempting to locate auto-apply AttributeConverter for property [bloodbank.entity.BloodBank:name]
2021-11-19T10:23:52,492|[DEBUG] SimpleValueBinder - building SimpleValue for name
2021-11-19T10:23:52,492|[TRACE] NormalizingIdentifierHelperImpl - Normalizing identifier quoting [name]
2021-11-19T10:23:52,492|[TRACE] NormalizingIdentifierHelperImpl - Normalizing identifier quoting [name]
2021-11-19T10:23:52,492|[TRACE] NormalizingIdentifierHelperImpl - Normalizing identifier quoting [name]
2021-11-19T10:23:52,492|[DEBUG] PropertyBinder - Building property name
2021-11-19T10:23:52,492|[TRACE] PropertyBinder - Cascading name with null
2021-11-19T10:23:52,492|[DEBUG] AnnotationBinder - Binding entity from annotated class: bloodbank.entity.PrivateBloodBank
2021-11-19T10:23:52,492|[DEBUG] EntityBinder - Import with entity name PrivateBloodBank
2021-11-19T10:23:52,492|[TRACE] InFlightMetadataCollectorImpl - Import: PrivateBloodBank -> bloodbank.entity.PrivateBloodBank
2021-11-19T10:23:52,492|[TRACE] InFlightMetadataCollectorImpl - Import: bloodbank.entity.PrivateBloodBank -> bloodbank.entity.PrivateBloodBank
2021-11-19T10:23:52,492|[TRACE] NormalizingIdentifierHelperImpl - Normalizing identifier quoting [blood_bank]
2021-11-19T10:23:52,492|[DEBUG] AnnotationBinder - Binding entity from annotated class: bloodbank.entity.Address
2021-11-19T10:23:52,492|[DEBUG] QueryBinder - Binding named query: Address.findAll => SELECT a FROM Address a
2021-11-19T10:23:52,492|[TRACE] NormalizingIdentifierHelperImpl - Normalizing identifier quoting [DTYPE]
2021-11-19T10:23:52,492|[DEBUG] Ejb3Column - Binding column: Ejb3DiscriminatorColumn{logicalColumnName'DTYPE', discriminatorTypeName='string'}
2021-11-19T10:23:52,492|[DEBUG] EntityBinder - Import with entity name Address
2021-11-19T10:23:52,492|[TRACE] InFlightMetadataCollectorImpl - Import: Address -> bloodbank.entity.Address
2021-11-19T10:23:52,492|[TRACE] InFlightMetadataCollectorImpl - Import: bloodbank.entity.Address -> bloodbank.entity.Address
2021-11-19T10:23:52,492|[TRACE] NormalizingIdentifierHelperImpl - Normalizing identifier quoting [address]
2021-11-19T10:23:52,492|[TRACE] NormalizingIdentifierHelperImpl - Normalizing identifier quoting [address]
2021-11-19T10:23:52,492|[DEBUG] EntityBinder - Bind entity bloodbank.entity.Address on table address
2021-11-19T10:23:52,493|[TRACE] AnnotationBinder - Processing annotations of bloodbank.entity.Address.id
2021-11-19T10:23:52,493|[DEBUG] Ejb3Column - Column(s) overridden for property id
2021-11-19T10:23:52,493|[TRACE] NormalizingIdentifierHelperImpl - Normalizing identifier quoting [address_id]
2021-11-19T10:23:52,493|[TRACE] NormalizingIdentifierHelperImpl - Normalizing identifier quoting [address_id]
2021-11-19T10:23:52,493|[DEBUG] Ejb3Column - Binding column: Ejb3Column{table=org.hibernate.mapping.Table(address), mappingColumn=address_id, insertable=true, updatable=true, unique=false}
2021-11-19T10:23:52,493|[DEBUG] ClassLoaderAccessImpl - Not known whether passed class name [bloodbank.entity.Address] is safe
2021-11-19T10:23:52,493|[DEBUG] ClassLoaderAccessImpl - No temp ClassLoader provided; using live ClassLoader for loading potentially unsafe class : bloodbank.entity.Address
2021-11-19T10:23:52,493|[DEBUG] PropertyBinder - MetadataSourceProcessor property id with lazy=false
2021-11-19T10:23:52,493|[DEBUG] AbstractPropertyHolder - Attempting to locate auto-apply AttributeConverter for property [bloodbank.entity.Address:id]
2021-11-19T10:23:52,493|[DEBUG] SimpleValueBinder - building SimpleValue for id
2021-11-19T10:23:52,493|[TRACE] NormalizingIdentifierHelperImpl - Normalizing identifier quoting [address_id]
2021-11-19T10:23:52,493|[DEBUG] PropertyBinder - Building property id
2021-11-19T10:23:52,493|[TRACE] PropertyBinder - Cascading id with null
2021-11-19T10:23:52,493|[DEBUG] BinderHelper - #makeIdGenerator(org.hibernate.mapping.SimpleValue([org.hibernate.mapping.Column(address_id)]), id, identity, , ...)
2021-11-19T10:23:52,493|[TRACE] AnnotationBinder - Bind @Id on id
2021-11-19T10:23:52,493|[TRACE] AnnotationBinder - Processing annotations of bloodbank.entity.Address.epochCreated
2021-11-19T10:23:52,493|[TRACE] NormalizingIdentifierHelperImpl - Normalizing identifier quoting [created]
2021-11-19T10:23:52,493|[TRACE] NormalizingIdentifierHelperImpl - Normalizing identifier quoting [created]
2021-11-19T10:23:52,493|[DEBUG] Ejb3Column - Binding column: Ejb3Column{table=org.hibernate.mapping.Table(address), mappingColumn=created, insertable=true, updatable=true, unique=false}
2021-11-19T10:23:52,493|[DEBUG] PropertyBinder - MetadataSourceProcessor property epochCreated with lazy=false
2021-11-19T10:23:52,493|[DEBUG] AbstractPropertyHolder - Attempting to locate auto-apply AttributeConverter for property [bloodbank.entity.Address:epochCreated]
2021-11-19T10:23:52,493|[DEBUG] SimpleValueBinder - building SimpleValue for epochCreated
2021-11-19T10:23:52,493|[TRACE] NormalizingIdentifierHelperImpl - Normalizing identifier quoting [created]
2021-11-19T10:23:52,493|[DEBUG] PropertyBinder - Building property epochCreated
2021-11-19T10:23:52,493|[TRACE] PropertyBinder - Cascading epochCreated with null
2021-11-19T10:23:52,493|[TRACE] AnnotationBinder - Processing annotations of bloodbank.entity.Address.epochUpdated
2021-11-19T10:23:52,493|[TRACE] NormalizingIdentifierHelperImpl - Normalizing identifier quoting [updated]
2021-11-19T10:23:52,493|[TRACE] NormalizingIdentifierHelperImpl - Normalizing identifier quoting [updated]
2021-11-19T10:23:52,493|[DEBUG] Ejb3Column - Binding column: Ejb3Column{table=org.hibernate.mapping.Table(address), mappingColumn=updated, insertable=true, updatable=true, unique=false}
2021-11-19T10:23:52,493|[DEBUG] PropertyBinder - MetadataSourceProcessor property epochUpdated with lazy=false
2021-11-19T10:23:52,493|[DEBUG] AbstractPropertyHolder - Attempting to locate auto-apply AttributeConverter for property [bloodbank.entity.Address:epochUpdated]
2021-11-19T10:23:52,493|[DEBUG] SimpleValueBinder - building SimpleValue for epochUpdated
2021-11-19T10:23:52,493|[TRACE] NormalizingIdentifierHelperImpl - Normalizing identifier quoting [updated]
2021-11-19T10:23:52,493|[DEBUG] PropertyBinder - Building property epochUpdated
2021-11-19T10:23:52,493|[TRACE] PropertyBinder - Cascading epochUpdated with null
2021-11-19T10:23:52,493|[TRACE] AnnotationBinder - Processing annotations of bloodbank.entity.Address.version
2021-11-19T10:23:52,493|[TRACE] NormalizingIdentifierHelperImpl - Normalizing identifier quoting [version]
2021-11-19T10:23:52,493|[TRACE] NormalizingIdentifierHelperImpl - Normalizing identifier quoting [version]
2021-11-19T10:23:52,494|[DEBUG] Ejb3Column - Binding column: Ejb3Column{table=org.hibernate.mapping.Table(address), mappingColumn=version, insertable=true, updatable=true, unique=false}
2021-11-19T10:23:52,494|[TRACE] AnnotationBinder - version is a version property
2021-11-19T10:23:52,494|[DEBUG] PropertyBinder - MetadataSourceProcessor property version with lazy=false
2021-11-19T10:23:52,494|[DEBUG] AbstractPropertyHolder - Attempting to locate auto-apply AttributeConverter for property [bloodbank.entity.Address:version]
2021-11-19T10:23:52,494|[DEBUG] SimpleValueBinder - building SimpleValue for version
2021-11-19T10:23:52,494|[TRACE] NormalizingIdentifierHelperImpl - Normalizing identifier quoting [version]
2021-11-19T10:23:52,494|[TRACE] NormalizingIdentifierHelperImpl - Normalizing identifier quoting [version]
2021-11-19T10:23:52,494|[TRACE] NormalizingIdentifierHelperImpl - Normalizing identifier quoting [version]
2021-11-19T10:23:52,494|[DEBUG] PropertyBinder - Building property version
2021-11-19T10:23:52,494|[TRACE] PropertyBinder - Cascading version with null
2021-11-19T10:23:52,494|[TRACE] AnnotationBinder - Version name: version, unsavedValue: undefined
2021-11-19T10:23:52,494|[TRACE] AnnotationBinder - Processing annotations of bloodbank.entity.Address.city
2021-11-19T10:23:52,494|[TRACE] NormalizingIdentifierHelperImpl - Normalizing identifier quoting [city]
2021-11-19T10:23:52,494|[TRACE] NormalizingIdentifierHelperImpl - Normalizing identifier quoting [city]
2021-11-19T10:23:52,494|[DEBUG] Ejb3Column - Binding column: Ejb3Column{table=org.hibernate.mapping.Table(address), mappingColumn=city, insertable=true, updatable=true, unique=false}
2021-11-19T10:23:52,494|[DEBUG] PropertyBinder - MetadataSourceProcessor property city with lazy=false
2021-11-19T10:23:52,494|[DEBUG] AbstractPropertyHolder - Attempting to locate auto-apply AttributeConverter for property [bloodbank.entity.Address:city]
2021-11-19T10:23:52,494|[DEBUG] SimpleValueBinder - building SimpleValue for city
2021-11-19T10:23:52,494|[TRACE] NormalizingIdentifierHelperImpl - Normalizing identifier quoting [city]
2021-11-19T10:23:52,494|[TRACE] NormalizingIdentifierHelperImpl - Normalizing identifier quoting [city]
2021-11-19T10:23:52,494|[TRACE] NormalizingIdentifierHelperImpl - Normalizing identifier quoting [city]
2021-11-19T10:23:52,494|[DEBUG] PropertyBinder - Building property city
2021-11-19T10:23:52,494|[TRACE] PropertyBinder - Cascading city with null
2021-11-19T10:23:52,494|[TRACE] AnnotationBinder - Processing annotations of bloodbank.entity.Address.contacts
2021-11-19T10:23:52,494|[TRACE] NormalizingIdentifierHelperImpl - Normalizing identifier quoting [address_id]
2021-11-19T10:23:52,494|[DEBUG] Ejb3Column - Binding column: Ejb3JoinColumn{logicalColumnName='address_id', referencedColumn='address_id', mappedBy=''}
2021-11-19T10:23:52,494|[TRACE] NormalizingIdentifierHelperImpl - Normalizing identifier quoting [contacts]
2021-11-19T10:23:52,494|[TRACE] NormalizingIdentifierHelperImpl - Normalizing identifier quoting [contacts]
2021-11-19T10:23:52,494|[DEBUG] Ejb3Column - Binding column: Ejb3Column{table=org.hibernate.mapping.Table(address), mappingColumn=contacts, insertable=true, updatable=true, unique=false}
2021-11-19T10:23:52,494|[DEBUG] Ejb3Column - Binding column: Ejb3Column{table=org.hibernate.mapping.Table(address), mappingColumn=null, insertable=true, updatable=true, unique=false}
2021-11-19T10:23:52,494|[TRACE] NormalizingIdentifierHelperImpl - Normalizing identifier quoting [element]
2021-11-19T10:23:52,494|[TRACE] NormalizingIdentifierHelperImpl - Normalizing identifier quoting [element]
2021-11-19T10:23:52,494|[DEBUG] Ejb3Column - Binding column: Ejb3Column{table=org.hibernate.mapping.Table(address), mappingColumn=element, insertable=true, updatable=true, unique=false}
2021-11-19T10:23:52,494|[TRACE] NormalizingIdentifierHelperImpl - Normalizing identifier quoting [contacts_KEY]
2021-11-19T10:23:52,494|[DEBUG] Ejb3Column - Binding column: Ejb3Column{table=org.hibernate.mapping.Table(address), mappingColumn=contacts_KEY, insertable=true, updatable=true, unique=false}
2021-11-19T10:23:52,494|[TRACE] NormalizingIdentifierHelperImpl - Normalizing identifier quoting [contacts_KEY]
2021-11-19T10:23:52,494|[DEBUG] Ejb3Column - Binding column: Ejb3JoinColumn{logicalColumnName='contacts_KEY', referencedColumn='null', mappedBy='null'}
2021-11-19T10:23:52,494|[DEBUG] Ejb3Column - Binding column: Ejb3JoinColumn{logicalColumnName='null', referencedColumn='null', mappedBy=''}
2021-11-19T10:23:52,494|[DEBUG] Ejb3Column - Binding column: Ejb3JoinColumn{logicalColumnName='null', referencedColumn='null', mappedBy=''}
2021-11-19T10:23:52,494|[DEBUG] CollectionBinder - Collection role: bloodbank.entity.Address.contacts
2021-11-19T10:23:52,494|[DEBUG] PropertyBinder - Building property contacts
2021-11-19T10:23:52,494|[TRACE] PropertyBinder - Cascading contacts with none
2021-11-19T10:23:52,494|[TRACE] AnnotationBinder - Processing annotations of bloodbank.entity.Address.country
2021-11-19T10:23:52,494|[TRACE] NormalizingIdentifierHelperImpl - Normalizing identifier quoting [country]
2021-11-19T10:23:52,494|[TRACE] NormalizingIdentifierHelperImpl - Normalizing identifier quoting [country]
2021-11-19T10:23:52,494|[DEBUG] Ejb3Column - Binding column: Ejb3Column{table=org.hibernate.mapping.Table(address), mappingColumn=country, insertable=true, updatable=true, unique=false}
2021-11-19T10:23:52,494|[DEBUG] PropertyBinder - MetadataSourceProcessor property country with lazy=false
2021-11-19T10:23:52,494|[DEBUG] AbstractPropertyHolder - Attempting to locate auto-apply AttributeConverter for property [bloodbank.entity.Address:country]
2021-11-19T10:23:52,494|[DEBUG] SimpleValueBinder - building SimpleValue for country
2021-11-19T10:23:52,494|[TRACE] NormalizingIdentifierHelperImpl - Normalizing identifier quoting [country]
2021-11-19T10:23:52,494|[TRACE] NormalizingIdentifierHelperImpl - Normalizing identifier quoting [country]
2021-11-19T10:23:52,494|[TRACE] NormalizingIdentifierHelperImpl - Normalizing identifier quoting [country]
2021-11-19T10:23:52,494|[DEBUG] PropertyBinder - Building property country
2021-11-19T10:23:52,494|[TRACE] PropertyBinder - Cascading country with null
2021-11-19T10:23:52,494|[TRACE] AnnotationBinder - Processing annotations of bloodbank.entity.Address.province
2021-11-19T10:23:52,494|[TRACE] NormalizingIdentifierHelperImpl - Normalizing identifier quoting [province]
2021-11-19T10:23:52,494|[TRACE] NormalizingIdentifierHelperImpl - Normalizing identifier quoting [province]
2021-11-19T10:23:52,494|[DEBUG] Ejb3Column - Binding column: Ejb3Column{table=org.hibernate.mapping.Table(address), mappingColumn=province, insertable=true, updatable=true, unique=false}
2021-11-19T10:23:52,494|[DEBUG] PropertyBinder - MetadataSourceProcessor property province with lazy=false
2021-11-19T10:23:52,494|[DEBUG] AbstractPropertyHolder - Attempting to locate auto-apply AttributeConverter for property [bloodbank.entity.Address:province]
2021-11-19T10:23:52,494|[DEBUG] SimpleValueBinder - building SimpleValue for province
2021-11-19T10:23:52,494|[TRACE] NormalizingIdentifierHelperImpl - Normalizing identifier quoting [province]
2021-11-19T10:23:52,494|[TRACE] NormalizingIdentifierHelperImpl - Normalizing identifier quoting [province]
2021-11-19T10:23:52,494|[TRACE] NormalizingIdentifierHelperImpl - Normalizing identifier quoting [province]
2021-11-19T10:23:52,494|[DEBUG] PropertyBinder - Building property province
2021-11-19T10:23:52,494|[TRACE] PropertyBinder - Cascading province with null
2021-11-19T10:23:52,494|[TRACE] AnnotationBinder - Processing annotations of bloodbank.entity.Address.street
2021-11-19T10:23:52,494|[TRACE] NormalizingIdentifierHelperImpl - Normalizing identifier quoting [street]
2021-11-19T10:23:52,494|[TRACE] NormalizingIdentifierHelperImpl - Normalizing identifier quoting [street]
2021-11-19T10:23:52,494|[DEBUG] Ejb3Column - Binding column: Ejb3Column{table=org.hibernate.mapping.Table(address), mappingColumn=street, insertable=true, updatable=true, unique=false}
2021-11-19T10:23:52,494|[DEBUG] PropertyBinder - MetadataSourceProcessor property street with lazy=false
2021-11-19T10:23:52,494|[DEBUG] AbstractPropertyHolder - Attempting to locate auto-apply AttributeConverter for property [bloodbank.entity.Address:street]
2021-11-19T10:23:52,494|[DEBUG] SimpleValueBinder - building SimpleValue for street
2021-11-19T10:23:52,495|[TRACE] NormalizingIdentifierHelperImpl - Normalizing identifier quoting [street]
2021-11-19T10:23:52,495|[TRACE] NormalizingIdentifierHelperImpl - Normalizing identifier quoting [street]
2021-11-19T10:23:52,495|[TRACE] NormalizingIdentifierHelperImpl - Normalizing identifier quoting [street]
2021-11-19T10:23:52,495|[DEBUG] PropertyBinder - Building property street
2021-11-19T10:23:52,495|[TRACE] PropertyBinder - Cascading street with null
2021-11-19T10:23:52,495|[TRACE] AnnotationBinder - Processing annotations of bloodbank.entity.Address.streetNumber
2021-11-19T10:23:52,495|[TRACE] NormalizingIdentifierHelperImpl - Normalizing identifier quoting [street_number]
2021-11-19T10:23:52,495|[TRACE] NormalizingIdentifierHelperImpl - Normalizing identifier quoting [street_number]
2021-11-19T10:23:52,495|[DEBUG] Ejb3Column - Binding column: Ejb3Column{table=org.hibernate.mapping.Table(address), mappingColumn=street_number, insertable=true, updatable=true, unique=false}
2021-11-19T10:23:52,495|[DEBUG] PropertyBinder - MetadataSourceProcessor property streetNumber with lazy=false
2021-11-19T10:23:52,495|[DEBUG] AbstractPropertyHolder - Attempting to locate auto-apply AttributeConverter for property [bloodbank.entity.Address:streetNumber]
2021-11-19T10:23:52,495|[DEBUG] SimpleValueBinder - building SimpleValue for streetNumber
2021-11-19T10:23:52,495|[TRACE] NormalizingIdentifierHelperImpl - Normalizing identifier quoting [street_number]
2021-11-19T10:23:52,495|[DEBUG] PropertyBinder - Building property streetNumber
2021-11-19T10:23:52,495|[TRACE] PropertyBinder - Cascading streetNumber with null
2021-11-19T10:23:52,495|[TRACE] AnnotationBinder - Processing annotations of bloodbank.entity.Address.zipcode
2021-11-19T10:23:52,495|[TRACE] NormalizingIdentifierHelperImpl - Normalizing identifier quoting [zipcode]
2021-11-19T10:23:52,495|[TRACE] NormalizingIdentifierHelperImpl - Normalizing identifier quoting [zipcode]
2021-11-19T10:23:52,495|[DEBUG] Ejb3Column - Binding column: Ejb3Column{table=org.hibernate.mapping.Table(address), mappingColumn=zipcode, insertable=true, updatable=true, unique=false}
2021-11-19T10:23:52,495|[DEBUG] PropertyBinder - MetadataSourceProcessor property zipcode with lazy=false
2021-11-19T10:23:52,495|[DEBUG] AbstractPropertyHolder - Attempting to locate auto-apply AttributeConverter for property [bloodbank.entity.Address:zipcode]
2021-11-19T10:23:52,495|[DEBUG] SimpleValueBinder - building SimpleValue for zipcode
2021-11-19T10:23:52,495|[TRACE] NormalizingIdentifierHelperImpl - Normalizing identifier quoting [zipcode]
2021-11-19T10:23:52,495|[TRACE] NormalizingIdentifierHelperImpl - Normalizing identifier quoting [zipcode]
2021-11-19T10:23:52,495|[TRACE] NormalizingIdentifierHelperImpl - Normalizing identifier quoting [zipcode]
2021-11-19T10:23:52,495|[DEBUG] PropertyBinder - Building property zipcode
2021-11-19T10:23:52,495|[TRACE] PropertyBinder - Cascading zipcode with null
2021-11-19T10:23:52,495|[DEBUG] AnnotationBinder - Binding entity from annotated class: bloodbank.entity.Person
2021-11-19T10:23:52,495|[TRACE] NormalizingIdentifierHelperImpl - Normalizing identifier quoting [DTYPE]
2021-11-19T10:23:52,495|[DEBUG] Ejb3Column - Binding column: Ejb3DiscriminatorColumn{logicalColumnName'DTYPE', discriminatorTypeName='string'}
2021-11-19T10:23:52,495|[DEBUG] EntityBinder - Import with entity name Person
2021-11-19T10:23:52,495|[TRACE] InFlightMetadataCollectorImpl - Import: Person -> bloodbank.entity.Person
2021-11-19T10:23:52,495|[TRACE] InFlightMetadataCollectorImpl - Import: bloodbank.entity.Person -> bloodbank.entity.Person
2021-11-19T10:23:52,495|[TRACE] NormalizingIdentifierHelperImpl - Normalizing identifier quoting [person]
2021-11-19T10:23:52,495|[TRACE] NormalizingIdentifierHelperImpl - Normalizing identifier quoting [person]
2021-11-19T10:23:52,495|[DEBUG] EntityBinder - Bind entity bloodbank.entity.Person on table person
2021-11-19T10:23:52,495|[TRACE] AnnotationBinder - Processing annotations of bloodbank.entity.Person.id
2021-11-19T10:23:52,495|[TRACE] NormalizingIdentifierHelperImpl - Normalizing identifier quoting [id]
2021-11-19T10:23:52,495|[TRACE] NormalizingIdentifierHelperImpl - Normalizing identifier quoting [id]
2021-11-19T10:23:52,495|[DEBUG] Ejb3Column - Binding column: Ejb3Column{table=org.hibernate.mapping.Table(person), mappingColumn=id, insertable=true, updatable=true, unique=false}
2021-11-19T10:23:52,495|[DEBUG] ClassLoaderAccessImpl - Not known whether passed class name [bloodbank.entity.Person] is safe
2021-11-19T10:23:52,495|[DEBUG] ClassLoaderAccessImpl - No temp ClassLoader provided; using live ClassLoader for loading potentially unsafe class : bloodbank.entity.Person
2021-11-19T10:23:52,495|[DEBUG] PropertyBinder - MetadataSourceProcessor property id with lazy=false
2021-11-19T10:23:52,495|[DEBUG] AbstractPropertyHolder - Attempting to locate auto-apply AttributeConverter for property [bloodbank.entity.Person:id]
2021-11-19T10:23:52,495|[DEBUG] SimpleValueBinder - building SimpleValue for id
2021-11-19T10:23:52,495|[TRACE] NormalizingIdentifierHelperImpl - Normalizing identifier quoting [id]
2021-11-19T10:23:52,495|[TRACE] NormalizingIdentifierHelperImpl - Normalizing identifier quoting [id]
2021-11-19T10:23:52,495|[TRACE] NormalizingIdentifierHelperImpl - Normalizing identifier quoting [id]
2021-11-19T10:23:52,495|[DEBUG] PropertyBinder - Building property id
2021-11-19T10:23:52,495|[TRACE] PropertyBinder - Cascading id with null
2021-11-19T10:23:52,495|[DEBUG] BinderHelper - #makeIdGenerator(org.hibernate.mapping.SimpleValue([org.hibernate.mapping.Column(id)]), id, identity, , ...)
2021-11-19T10:23:52,496|[TRACE] AnnotationBinder - Bind @Id on id
2021-11-19T10:23:52,496|[TRACE] AnnotationBinder - Processing annotations of bloodbank.entity.Person.epochCreated
2021-11-19T10:23:52,496|[TRACE] NormalizingIdentifierHelperImpl - Normalizing identifier quoting [created]
2021-11-19T10:23:52,496|[TRACE] NormalizingIdentifierHelperImpl - Normalizing identifier quoting [created]
2021-11-19T10:23:52,496|[DEBUG] Ejb3Column - Binding column: Ejb3Column{table=org.hibernate.mapping.Table(person), mappingColumn=created, insertable=true, updatable=true, unique=false}
2021-11-19T10:23:52,496|[DEBUG] PropertyBinder - MetadataSourceProcessor property epochCreated with lazy=false
2021-11-19T10:23:52,496|[DEBUG] AbstractPropertyHolder - Attempting to locate auto-apply AttributeConverter for property [bloodbank.entity.Person:epochCreated]
2021-11-19T10:23:52,496|[DEBUG] SimpleValueBinder - building SimpleValue for epochCreated
2021-11-19T10:23:52,496|[TRACE] NormalizingIdentifierHelperImpl - Normalizing identifier quoting [created]
2021-11-19T10:23:52,496|[DEBUG] PropertyBinder - Building property epochCreated
2021-11-19T10:23:52,496|[TRACE] PropertyBinder - Cascading epochCreated with null
2021-11-19T10:23:52,496|[TRACE] AnnotationBinder - Processing annotations of bloodbank.entity.Person.epochUpdated
2021-11-19T10:23:52,496|[TRACE] NormalizingIdentifierHelperImpl - Normalizing identifier quoting [updated]
2021-11-19T10:23:52,496|[TRACE] NormalizingIdentifierHelperImpl - Normalizing identifier quoting [updated]
2021-11-19T10:23:52,496|[DEBUG] Ejb3Column - Binding column: Ejb3Column{table=org.hibernate.mapping.Table(person), mappingColumn=updated, insertable=true, updatable=true, unique=false}
2021-11-19T10:23:52,496|[DEBUG] PropertyBinder - MetadataSourceProcessor property epochUpdated with lazy=false
2021-11-19T10:23:52,496|[DEBUG] AbstractPropertyHolder - Attempting to locate auto-apply AttributeConverter for property [bloodbank.entity.Person:epochUpdated]
2021-11-19T10:23:52,496|[DEBUG] SimpleValueBinder - building SimpleValue for epochUpdated
2021-11-19T10:23:52,496|[TRACE] NormalizingIdentifierHelperImpl - Normalizing identifier quoting [updated]
2021-11-19T10:23:52,496|[DEBUG] PropertyBinder - Building property epochUpdated
2021-11-19T10:23:52,496|[TRACE] PropertyBinder - Cascading epochUpdated with null
2021-11-19T10:23:52,496|[TRACE] AnnotationBinder - Processing annotations of bloodbank.entity.Person.version
2021-11-19T10:23:52,496|[TRACE] NormalizingIdentifierHelperImpl - Normalizing identifier quoting [version]
2021-11-19T10:23:52,496|[TRACE] NormalizingIdentifierHelperImpl - Normalizing identifier quoting [version]
2021-11-19T10:23:52,496|[DEBUG] Ejb3Column - Binding column: Ejb3Column{table=org.hibernate.mapping.Table(person), mappingColumn=version, insertable=true, updatable=true, unique=false}
2021-11-19T10:23:52,496|[TRACE] AnnotationBinder - version is a version property
2021-11-19T10:23:52,496|[DEBUG] PropertyBinder - MetadataSourceProcessor property version with lazy=false
2021-11-19T10:23:52,496|[DEBUG] AbstractPropertyHolder - Attempting to locate auto-apply AttributeConverter for property [bloodbank.entity.Person:version]
2021-11-19T10:23:52,496|[DEBUG] SimpleValueBinder - building SimpleValue for version
2021-11-19T10:23:52,496|[TRACE] NormalizingIdentifierHelperImpl - Normalizing identifier quoting [version]
2021-11-19T10:23:52,496|[TRACE] NormalizingIdentifierHelperImpl - Normalizing identifier quoting [version]
2021-11-19T10:23:52,496|[TRACE] NormalizingIdentifierHelperImpl - Normalizing identifier quoting [version]
2021-11-19T10:23:52,496|[DEBUG] PropertyBinder - Building property version
2021-11-19T10:23:52,496|[TRACE] PropertyBinder - Cascading version with null
2021-11-19T10:23:52,496|[TRACE] AnnotationBinder - Version name: version, unsavedValue: undefined
2021-11-19T10:23:52,496|[TRACE] AnnotationBinder - Processing annotations of bloodbank.entity.Person.contacts
2021-11-19T10:23:52,496|[DEBUG] Ejb3Column - Binding column: Ejb3JoinColumn{logicalColumnName='null', referencedColumn='null', mappedBy='owner'}
2021-11-19T10:23:52,496|[TRACE] NormalizingIdentifierHelperImpl - Normalizing identifier quoting [contacts]
2021-11-19T10:23:52,496|[TRACE] NormalizingIdentifierHelperImpl - Normalizing identifier quoting [contacts]
2021-11-19T10:23:52,496|[DEBUG] Ejb3Column - Binding column: Ejb3Column{table=org.hibernate.mapping.Table(person), mappingColumn=contacts, insertable=true, updatable=true, unique=false}
2021-11-19T10:23:52,496|[DEBUG] Ejb3Column - Binding column: Ejb3Column{table=org.hibernate.mapping.Table(person), mappingColumn=null, insertable=true, updatable=true, unique=false}
2021-11-19T10:23:52,496|[TRACE] NormalizingIdentifierHelperImpl - Normalizing identifier quoting [element]
2021-11-19T10:23:52,496|[TRACE] NormalizingIdentifierHelperImpl - Normalizing identifier quoting [element]
2021-11-19T10:23:52,496|[DEBUG] Ejb3Column - Binding column: Ejb3Column{table=org.hibernate.mapping.Table(person), mappingColumn=element, insertable=true, updatable=true, unique=false}
2021-11-19T10:23:52,496|[TRACE] NormalizingIdentifierHelperImpl - Normalizing identifier quoting [contacts_KEY]
2021-11-19T10:23:52,496|[DEBUG] Ejb3Column - Binding column: Ejb3Column{table=org.hibernate.mapping.Table(person), mappingColumn=contacts_KEY, insertable=true, updatable=true, unique=false}
2021-11-19T10:23:52,496|[TRACE] NormalizingIdentifierHelperImpl - Normalizing identifier quoting [contacts_KEY]
2021-11-19T10:23:52,496|[DEBUG] Ejb3Column - Binding column: Ejb3JoinColumn{logicalColumnName='contacts_KEY', referencedColumn='null', mappedBy='null'}
2021-11-19T10:23:52,496|[DEBUG] Ejb3Column - Binding column: Ejb3JoinColumn{logicalColumnName='null', referencedColumn='null', mappedBy='owner'}
2021-11-19T10:23:52,496|[DEBUG] Ejb3Column - Binding column: Ejb3JoinColumn{logicalColumnName='null', referencedColumn='null', mappedBy='owner'}
2021-11-19T10:23:52,496|[DEBUG] CollectionBinder - Collection role: bloodbank.entity.Person.contacts
2021-11-19T10:23:52,496|[DEBUG] PropertyBinder - Building property contacts
2021-11-19T10:23:52,496|[TRACE] PropertyBinder - Cascading contacts with persist,merge,refresh,evict
2021-11-19T10:23:52,496|[TRACE] AnnotationBinder - Processing annotations of bloodbank.entity.Person.donations
2021-11-19T10:23:52,496|[DEBUG] Ejb3Column - Binding column: Ejb3JoinColumn{logicalColumnName='null', referencedColumn='null', mappedBy='owner'}
2021-11-19T10:23:52,496|[TRACE] NormalizingIdentifierHelperImpl - Normalizing identifier quoting [donations]
2021-11-19T10:23:52,496|[TRACE] NormalizingIdentifierHelperImpl - Normalizing identifier quoting [donations]
2021-11-19T10:23:52,496|[DEBUG] Ejb3Column - Binding column: Ejb3Column{table=org.hibernate.mapping.Table(person), mappingColumn=donations, insertable=true, updatable=true, unique=false}
2021-11-19T10:23:52,496|[DEBUG] Ejb3Column - Binding column: Ejb3Column{table=org.hibernate.mapping.Table(person), mappingColumn=null, insertable=true, updatable=true, unique=false}
2021-11-19T10:23:52,496|[TRACE] NormalizingIdentifierHelperImpl - Normalizing identifier quoting [element]
2021-11-19T10:23:52,496|[TRACE] NormalizingIdentifierHelperImpl - Normalizing identifier quoting [element]
2021-11-19T10:23:52,496|[DEBUG] Ejb3Column - Binding column: Ejb3Column{table=org.hibernate.mapping.Table(person), mappingColumn=element, insertable=true, updatable=true, unique=false}
2021-11-19T10:23:52,496|[TRACE] NormalizingIdentifierHelperImpl - Normalizing identifier quoting [donations_KEY]
2021-11-19T10:23:52,496|[DEBUG] Ejb3Column - Binding column: Ejb3Column{table=org.hibernate.mapping.Table(person), mappingColumn=donations_KEY, insertable=true, updatable=true, unique=false}
2021-11-19T10:23:52,496|[TRACE] NormalizingIdentifierHelperImpl - Normalizing identifier quoting [donations_KEY]
2021-11-19T10:23:52,496|[DEBUG] Ejb3Column - Binding column: Ejb3JoinColumn{logicalColumnName='donations_KEY', referencedColumn='null', mappedBy='null'}
2021-11-19T10:23:52,496|[DEBUG] Ejb3Column - Binding column: Ejb3JoinColumn{logicalColumnName='null', referencedColumn='null', mappedBy='owner'}
2021-11-19T10:23:52,496|[DEBUG] Ejb3Column - Binding column: Ejb3JoinColumn{logicalColumnName='null', referencedColumn='null', mappedBy='owner'}
2021-11-19T10:23:52,528|[DEBUG] CollectionBinder - Collection role: bloodbank.entity.Person.donations
2021-11-19T10:23:52,528|[DEBUG] PropertyBinder - Building property donations
2021-11-19T10:23:52,528|[TRACE] PropertyBinder - Cascading donations with persist,merge,refresh,evict
2021-11-19T10:23:52,528|[TRACE] AnnotationBinder - Processing annotations of bloodbank.entity.Person.firstName
2021-11-19T10:23:52,528|[TRACE] NormalizingIdentifierHelperImpl - Normalizing identifier quoting [first_name]
2021-11-19T10:23:52,528|[TRACE] NormalizingIdentifierHelperImpl - Normalizing identifier quoting [first_name]
2021-11-19T10:23:52,528|[DEBUG] Ejb3Column - Binding column: Ejb3Column{table=org.hibernate.mapping.Table(person), mappingColumn=first_name, insertable=true, updatable=true, unique=false}
2021-11-19T10:23:52,528|[DEBUG] PropertyBinder - MetadataSourceProcessor property firstName with lazy=false
2021-11-19T10:23:52,528|[DEBUG] AbstractPropertyHolder - Attempting to locate auto-apply AttributeConverter for property [bloodbank.entity.Person:firstName]
2021-11-19T10:23:52,528|[DEBUG] SimpleValueBinder - building SimpleValue for firstName
2021-11-19T10:23:52,528|[TRACE] NormalizingIdentifierHelperImpl - Normalizing identifier quoting [first_name]
2021-11-19T10:23:52,528|[DEBUG] PropertyBinder - Building property firstName
2021-11-19T10:23:52,528|[TRACE] PropertyBinder - Cascading firstName with null
2021-11-19T10:23:52,528|[TRACE] AnnotationBinder - Processing annotations of bloodbank.entity.Person.lastName
2021-11-19T10:23:52,528|[TRACE] NormalizingIdentifierHelperImpl - Normalizing identifier quoting [last_name]
2021-11-19T10:23:52,529|[TRACE] NormalizingIdentifierHelperImpl - Normalizing identifier quoting [last_name]
2021-11-19T10:23:52,529|[DEBUG] Ejb3Column - Binding column: Ejb3Column{table=org.hibernate.mapping.Table(person), mappingColumn=last_name, insertable=true, updatable=true, unique=false}
2021-11-19T10:23:52,529|[DEBUG] PropertyBinder - MetadataSourceProcessor property lastName with lazy=false
2021-11-19T10:23:52,529|[DEBUG] AbstractPropertyHolder - Attempting to locate auto-apply AttributeConverter for property [bloodbank.entity.Person:lastName]
2021-11-19T10:23:52,529|[DEBUG] SimpleValueBinder - building SimpleValue for lastName
2021-11-19T10:23:52,529|[TRACE] NormalizingIdentifierHelperImpl - Normalizing identifier quoting [last_name]
2021-11-19T10:23:52,529|[DEBUG] PropertyBinder - Building property lastName
2021-11-19T10:23:52,529|[TRACE] PropertyBinder - Cascading lastName with null
2021-11-19T10:23:52,529|[DEBUG] AnnotationBinder - Binding entity from annotated class: bloodbank.entity.PublicBloodBank
2021-11-19T10:23:52,529|[DEBUG] EntityBinder - Import with entity name PublicBloodBank
2021-11-19T10:23:52,529|[TRACE] InFlightMetadataCollectorImpl - Import: PublicBloodBank -> bloodbank.entity.PublicBloodBank
2021-11-19T10:23:52,529|[TRACE] InFlightMetadataCollectorImpl - Import: bloodbank.entity.PublicBloodBank -> bloodbank.entity.PublicBloodBank
2021-11-19T10:23:52,529|[TRACE] NormalizingIdentifierHelperImpl - Normalizing identifier quoting [blood_bank]
2021-11-19T10:23:52,529|[DEBUG] AnnotationBinder - Binding entity from annotated class: bloodbank.entity.DonationRecord
2021-11-19T10:23:52,529|[TRACE] NormalizingIdentifierHelperImpl - Normalizing identifier quoting [DTYPE]
2021-11-19T10:23:52,530|[DEBUG] Ejb3Column - Binding column: Ejb3DiscriminatorColumn{logicalColumnName'DTYPE', discriminatorTypeName='string'}
2021-11-19T10:23:52,530|[DEBUG] EntityBinder - Import with entity name DonationRecord
2021-11-19T10:23:52,530|[TRACE] InFlightMetadataCollectorImpl - Import: DonationRecord -> bloodbank.entity.DonationRecord
2021-11-19T10:23:52,530|[TRACE] InFlightMetadataCollectorImpl - Import: bloodbank.entity.DonationRecord -> bloodbank.entity.DonationRecord
2021-11-19T10:23:52,530|[TRACE] NormalizingIdentifierHelperImpl - Normalizing identifier quoting [donation_record]
2021-11-19T10:23:52,530|[TRACE] NormalizingIdentifierHelperImpl - Normalizing identifier quoting [donation_record]
2021-11-19T10:23:52,530|[DEBUG] EntityBinder - Bind entity bloodbank.entity.DonationRecord on table donation_record
2021-11-19T10:23:52,530|[TRACE] AnnotationBinder - Processing annotations of bloodbank.entity.DonationRecord.id
2021-11-19T10:23:52,530|[DEBUG] Ejb3Column - Column(s) overridden for property id
2021-11-19T10:23:52,530|[TRACE] NormalizingIdentifierHelperImpl - Normalizing identifier quoting [record_id]
2021-11-19T10:23:52,530|[TRACE] NormalizingIdentifierHelperImpl - Normalizing identifier quoting [record_id]
2021-11-19T10:23:52,530|[DEBUG] Ejb3Column - Binding column: Ejb3Column{table=org.hibernate.mapping.Table(donation_record), mappingColumn=record_id, insertable=true, updatable=true, unique=false}
2021-11-19T10:23:52,530|[DEBUG] ClassLoaderAccessImpl - Not known whether passed class name [bloodbank.entity.DonationRecord] is safe
2021-11-19T10:23:52,530|[DEBUG] ClassLoaderAccessImpl - No temp ClassLoader provided; using live ClassLoader for loading potentially unsafe class : bloodbank.entity.DonationRecord
2021-11-19T10:23:52,530|[DEBUG] PropertyBinder - MetadataSourceProcessor property id with lazy=false
2021-11-19T10:23:52,530|[DEBUG] AbstractPropertyHolder - Attempting to locate auto-apply AttributeConverter for property [bloodbank.entity.DonationRecord:id]
2021-11-19T10:23:52,530|[DEBUG] SimpleValueBinder - building SimpleValue for id
2021-11-19T10:23:52,530|[TRACE] NormalizingIdentifierHelperImpl - Normalizing identifier quoting [record_id]
2021-11-19T10:23:52,530|[DEBUG] PropertyBinder - Building property id
2021-11-19T10:23:52,530|[TRACE] PropertyBinder - Cascading id with null
2021-11-19T10:23:52,530|[DEBUG] BinderHelper - #makeIdGenerator(org.hibernate.mapping.SimpleValue([org.hibernate.mapping.Column(record_id)]), id, identity, , ...)
2021-11-19T10:23:52,530|[TRACE] AnnotationBinder - Bind @Id on id
2021-11-19T10:23:52,530|[TRACE] AnnotationBinder - Processing annotations of bloodbank.entity.DonationRecord.epochCreated
2021-11-19T10:23:52,530|[TRACE] NormalizingIdentifierHelperImpl - Normalizing identifier quoting [created]
2021-11-19T10:23:52,530|[TRACE] NormalizingIdentifierHelperImpl - Normalizing identifier quoting [created]
2021-11-19T10:23:52,531|[DEBUG] Ejb3Column - Binding column: Ejb3Column{table=org.hibernate.mapping.Table(donation_record), mappingColumn=created, insertable=true, updatable=true, unique=false}
2021-11-19T10:23:52,531|[DEBUG] PropertyBinder - MetadataSourceProcessor property epochCreated with lazy=false
2021-11-19T10:23:52,531|[DEBUG] AbstractPropertyHolder - Attempting to locate auto-apply AttributeConverter for property [bloodbank.entity.DonationRecord:epochCreated]
2021-11-19T10:23:52,531|[DEBUG] SimpleValueBinder - building SimpleValue for epochCreated
2021-11-19T10:23:52,531|[TRACE] NormalizingIdentifierHelperImpl - Normalizing identifier quoting [created]
2021-11-19T10:23:52,531|[DEBUG] PropertyBinder - Building property epochCreated
2021-11-19T10:23:52,531|[TRACE] PropertyBinder - Cascading epochCreated with null
2021-11-19T10:23:52,531|[TRACE] AnnotationBinder - Processing annotations of bloodbank.entity.DonationRecord.epochUpdated
2021-11-19T10:23:52,531|[TRACE] NormalizingIdentifierHelperImpl - Normalizing identifier quoting [updated]
2021-11-19T10:23:52,531|[TRACE] NormalizingIdentifierHelperImpl - Normalizing identifier quoting [updated]
2021-11-19T10:23:52,531|[DEBUG] Ejb3Column - Binding column: Ejb3Column{table=org.hibernate.mapping.Table(donation_record), mappingColumn=updated, insertable=true, updatable=true, unique=false}
2021-11-19T10:23:52,531|[DEBUG] PropertyBinder - MetadataSourceProcessor property epochUpdated with lazy=false
2021-11-19T10:23:52,531|[DEBUG] AbstractPropertyHolder - Attempting to locate auto-apply AttributeConverter for property [bloodbank.entity.DonationRecord:epochUpdated]
2021-11-19T10:23:52,531|[DEBUG] SimpleValueBinder - building SimpleValue for epochUpdated
2021-11-19T10:23:52,531|[TRACE] NormalizingIdentifierHelperImpl - Normalizing identifier quoting [updated]
2021-11-19T10:23:52,531|[DEBUG] PropertyBinder - Building property epochUpdated
2021-11-19T10:23:52,531|[TRACE] PropertyBinder - Cascading epochUpdated with null
2021-11-19T10:23:52,531|[TRACE] AnnotationBinder - Processing annotations of bloodbank.entity.DonationRecord.version
2021-11-19T10:23:52,531|[TRACE] NormalizingIdentifierHelperImpl - Normalizing identifier quoting [version]
2021-11-19T10:23:52,531|[TRACE] NormalizingIdentifierHelperImpl - Normalizing identifier quoting [version]
2021-11-19T10:23:52,531|[DEBUG] Ejb3Column - Binding column: Ejb3Column{table=org.hibernate.mapping.Table(donation_record), mappingColumn=version, insertable=true, updatable=true, unique=false}
2021-11-19T10:23:52,531|[TRACE] AnnotationBinder - version is a version property
2021-11-19T10:23:52,531|[DEBUG] PropertyBinder - MetadataSourceProcessor property version with lazy=false
2021-11-19T10:23:52,531|[DEBUG] AbstractPropertyHolder - Attempting to locate auto-apply AttributeConverter for property [bloodbank.entity.DonationRecord:version]
2021-11-19T10:23:52,531|[DEBUG] SimpleValueBinder - building SimpleValue for version
2021-11-19T10:23:52,531|[TRACE] NormalizingIdentifierHelperImpl - Normalizing identifier quoting [version]
2021-11-19T10:23:52,531|[TRACE] NormalizingIdentifierHelperImpl - Normalizing identifier quoting [version]
2021-11-19T10:23:52,531|[TRACE] NormalizingIdentifierHelperImpl - Normalizing identifier quoting [version]
2021-11-19T10:23:52,531|[DEBUG] PropertyBinder - Building property version
2021-11-19T10:23:52,531|[TRACE] PropertyBinder - Cascading version with null
2021-11-19T10:23:52,531|[TRACE] AnnotationBinder - Version name: version, unsavedValue: undefined
2021-11-19T10:23:52,531|[TRACE] AnnotationBinder - Processing annotations of bloodbank.entity.DonationRecord.donation
2021-11-19T10:23:52,531|[TRACE] NormalizingIdentifierHelperImpl - Normalizing identifier quoting [donation_id]
2021-11-19T10:23:52,531|[DEBUG] Ejb3Column - Binding column: Ejb3JoinColumn{logicalColumnName='donation_id', referencedColumn='donation_id', mappedBy=''}
2021-11-19T10:23:52,531|[TRACE] NormalizingIdentifierHelperImpl - Normalizing identifier quoting [donation]
2021-11-19T10:23:52,531|[TRACE] NormalizingIdentifierHelperImpl - Normalizing identifier quoting [donation]
2021-11-19T10:23:52,531|[DEBUG] Ejb3Column - Binding column: Ejb3Column{table=org.hibernate.mapping.Table(donation_record), mappingColumn=donation, insertable=true, updatable=true, unique=false}
2021-11-19T10:23:52,531|[TRACE] AnnotationBinder - Fetching donation with JOIN
2021-11-19T10:23:52,531|[DEBUG] PropertyBinder - Building property donation
2021-11-19T10:23:52,531|[TRACE] PropertyBinder - Cascading donation with all
2021-11-19T10:23:52,531|[TRACE] AnnotationBinder - Processing annotations of bloodbank.entity.DonationRecord.owner
2021-11-19T10:23:52,531|[TRACE] NormalizingIdentifierHelperImpl - Normalizing identifier quoting [person_id]
2021-11-19T10:23:52,531|[DEBUG] Ejb3Column - Binding column: Ejb3JoinColumn{logicalColumnName='person_id', referencedColumn='id', mappedBy=''}
2021-11-19T10:23:52,531|[TRACE] NormalizingIdentifierHelperImpl - Normalizing identifier quoting [owner]
2021-11-19T10:23:52,531|[TRACE] NormalizingIdentifierHelperImpl - Normalizing identifier quoting [owner]
2021-11-19T10:23:52,531|[DEBUG] Ejb3Column - Binding column: Ejb3Column{table=org.hibernate.mapping.Table(donation_record), mappingColumn=owner, insertable=true, updatable=true, unique=false}
2021-11-19T10:23:52,531|[DEBUG] PropertyBinder - Building property owner
2021-11-19T10:23:52,532|[TRACE] PropertyBinder - Cascading owner with none
2021-11-19T10:23:52,532|[TRACE] AnnotationBinder - Processing annotations of bloodbank.entity.DonationRecord.tested
2021-11-19T10:23:52,532|[TRACE] NormalizingIdentifierHelperImpl - Normalizing identifier quoting [tested]
2021-11-19T10:23:52,532|[TRACE] NormalizingIdentifierHelperImpl - Normalizing identifier quoting [tested]
2021-11-19T10:23:52,532|[DEBUG] Ejb3Column - Binding column: Ejb3Column{table=org.hibernate.mapping.Table(donation_record), mappingColumn=tested, insertable=true, updatable=true, unique=false}
2021-11-19T10:23:52,532|[DEBUG] PropertyBinder - MetadataSourceProcessor property tested with lazy=false
2021-11-19T10:23:52,532|[DEBUG] AbstractPropertyHolder - Attempting to locate auto-apply AttributeConverter for property [bloodbank.entity.DonationRecord:tested]
2021-11-19T10:23:52,532|[DEBUG] SimpleValueBinder - building SimpleValue for tested
2021-11-19T10:23:52,532|[TRACE] NormalizingIdentifierHelperImpl - Normalizing identifier quoting [tested]
2021-11-19T10:23:52,532|[TRACE] NormalizingIdentifierHelperImpl - Normalizing identifier quoting [tested]
2021-11-19T10:23:52,532|[TRACE] NormalizingIdentifierHelperImpl - Normalizing identifier quoting [tested]
2021-11-19T10:23:52,532|[DEBUG] PropertyBinder - Building property tested
2021-11-19T10:23:52,532|[TRACE] PropertyBinder - Cascading tested with null
2021-11-19T10:23:52,533|[DEBUG] SimpleValueBinder - Starting fillSimpleValue for personId
2021-11-19T10:23:52,533|[DEBUG] SimpleValueBinder - Starting fillSimpleValue for phoneId
2021-11-19T10:23:52,533|[DEBUG] SimpleValueBinder - Starting fillSimpleValue for epochCreated
2021-11-19T10:23:52,533|[DEBUG] SimpleValueBinder - Starting fillSimpleValue for epochUpdated
2021-11-19T10:23:52,533|[DEBUG] SimpleValueBinder - Starting fillSimpleValue for version
2021-11-19T10:23:52,533|[DEBUG] SimpleValueBinder - Starting fillSimpleValue for contactType
2021-11-19T10:23:52,533|[DEBUG] SimpleValueBinder - Starting fillSimpleValue for email
2021-11-19T10:23:52,533|[DEBUG] SimpleValueBinder - Starting fillSimpleValue for id
2021-11-19T10:23:52,533|[DEBUG] SimpleValueBinder - Starting fillSimpleValue for epochCreated
2021-11-19T10:23:52,533|[DEBUG] SimpleValueBinder - Starting fillSimpleValue for epochUpdated
2021-11-19T10:23:52,533|[DEBUG] SimpleValueBinder - Starting fillSimpleValue for version
2021-11-19T10:23:52,533|[DEBUG] SimpleValueBinder - Starting fillSimpleValue for areaCode
2021-11-19T10:23:52,533|[DEBUG] SimpleValueBinder - Starting fillSimpleValue for countryCode
2021-11-19T10:23:52,533|[DEBUG] SimpleValueBinder - Starting fillSimpleValue for number
2021-11-19T10:23:52,533|[DEBUG] SimpleValueBinder - Starting fillSimpleValue for id
2021-11-19T10:23:52,533|[DEBUG] SimpleValueBinder - Starting fillSimpleValue for epochCreated
2021-11-19T10:23:52,533|[DEBUG] SimpleValueBinder - Starting fillSimpleValue for epochUpdated
2021-11-19T10:23:52,533|[DEBUG] SimpleValueBinder - Starting fillSimpleValue for version
2021-11-19T10:23:52,533|[DEBUG] SimpleValueBinder - Starting fillSimpleValue for bloodGroup
2021-11-19T10:23:52,533|[DEBUG] SimpleValueBinder - Starting fillSimpleValue for rhd
2021-11-19T10:23:52,533|[DEBUG] SimpleValueBinder - Starting fillSimpleValue for milliliters
2021-11-19T10:23:52,533|[DEBUG] SimpleValueBinder - Starting fillSimpleValue for id
2021-11-19T10:23:52,533|[DEBUG] SimpleValueBinder - Starting fillSimpleValue for epochCreated
2021-11-19T10:23:52,533|[DEBUG] SimpleValueBinder - Starting fillSimpleValue for epochUpdated
2021-11-19T10:23:52,533|[DEBUG] SimpleValueBinder - Starting fillSimpleValue for version
2021-11-19T10:23:52,533|[DEBUG] SimpleValueBinder - Starting fillSimpleValue for name
2021-11-19T10:23:52,533|[DEBUG] SimpleValueBinder - Starting fillSimpleValue for id
2021-11-19T10:23:52,533|[DEBUG] SimpleValueBinder - Starting fillSimpleValue for epochCreated
2021-11-19T10:23:52,533|[DEBUG] SimpleValueBinder - Starting fillSimpleValue for epochUpdated
2021-11-19T10:23:52,533|[DEBUG] SimpleValueBinder - Starting fillSimpleValue for version
2021-11-19T10:23:52,533|[DEBUG] SimpleValueBinder - Starting fillSimpleValue for city
2021-11-19T10:23:52,533|[DEBUG] SimpleValueBinder - Starting fillSimpleValue for country
2021-11-19T10:23:52,534|[DEBUG] SimpleValueBinder - Starting fillSimpleValue for province
2021-11-19T10:23:52,534|[DEBUG] SimpleValueBinder - Starting fillSimpleValue for street
2021-11-19T10:23:52,534|[DEBUG] SimpleValueBinder - Starting fillSimpleValue for streetNumber
2021-11-19T10:23:52,534|[DEBUG] SimpleValueBinder - Starting fillSimpleValue for zipcode
2021-11-19T10:23:52,534|[DEBUG] SimpleValueBinder - Starting fillSimpleValue for id
2021-11-19T10:23:52,534|[DEBUG] SimpleValueBinder - Starting fillSimpleValue for epochCreated
2021-11-19T10:23:52,534|[DEBUG] SimpleValueBinder - Starting fillSimpleValue for epochUpdated
2021-11-19T10:23:52,534|[DEBUG] SimpleValueBinder - Starting fillSimpleValue for version
2021-11-19T10:23:52,534|[DEBUG] SimpleValueBinder - Starting fillSimpleValue for firstName
2021-11-19T10:23:52,534|[DEBUG] SimpleValueBinder - Starting fillSimpleValue for lastName
2021-11-19T10:23:52,534|[DEBUG] SimpleValueBinder - Starting fillSimpleValue for id
2021-11-19T10:23:52,534|[DEBUG] SimpleValueBinder - Starting fillSimpleValue for epochCreated
2021-11-19T10:23:52,534|[DEBUG] SimpleValueBinder - Starting fillSimpleValue for epochUpdated
2021-11-19T10:23:52,534|[DEBUG] SimpleValueBinder - Starting fillSimpleValue for version
2021-11-19T10:23:52,534|[DEBUG] SimpleValueBinder - Starting fillSimpleValue for tested
2021-11-19T10:23:52,534|[TRACE] NormalizingIdentifierHelperImpl - Normalizing identifier quoting [address_id]
2021-11-19T10:23:52,534|[TRACE] NormalizingIdentifierHelperImpl - Normalizing identifier quoting [address_id]
2021-11-19T10:23:52,534|[TRACE] NormalizingIdentifierHelperImpl - Normalizing identifier quoting [address_id]
2021-11-19T10:23:52,534|[TRACE] NormalizingIdentifierHelperImpl - Normalizing identifier quoting [address_id]
2021-11-19T10:23:52,534|[TRACE] NormalizingIdentifierHelperImpl - Normalizing identifier quoting [address_id]
2021-11-19T10:23:52,534|[TRACE] NormalizingIdentifierHelperImpl - Normalizing identifier quoting [address_id]
2021-11-19T10:23:52,534|[TRACE] NormalizingIdentifierHelperImpl - Normalizing identifier quoting [address_id]
2021-11-19T10:23:52,534|[TRACE] NormalizingIdentifierHelperImpl - Normalizing identifier quoting [address_id]
2021-11-19T10:23:52,534|[TRACE] NormalizingIdentifierHelperImpl - Normalizing identifier quoting [address_id]
2021-11-19T10:23:52,534|[TRACE] NormalizingIdentifierHelperImpl - Normalizing identifier quoting [id]
2021-11-19T10:23:52,534|[TRACE] NormalizingIdentifierHelperImpl - Normalizing identifier quoting [id]
2021-11-19T10:23:52,534|[TRACE] NormalizingIdentifierHelperImpl - Normalizing identifier quoting [id]
2021-11-19T10:23:52,534|[TRACE] NormalizingIdentifierHelperImpl - Normalizing identifier quoting [id]
2021-11-19T10:23:52,534|[TRACE] NormalizingIdentifierHelperImpl - Normalizing identifier quoting [id]
2021-11-19T10:23:52,534|[TRACE] NormalizingIdentifierHelperImpl - Normalizing identifier quoting [person_id]
2021-11-19T10:23:52,534|[TRACE] NormalizingIdentifierHelperImpl - Normalizing identifier quoting [id]
2021-11-19T10:23:52,534|[TRACE] NormalizingIdentifierHelperImpl - Normalizing identifier quoting [person_id]
2021-11-19T10:23:52,534|[TRACE] NormalizingIdentifierHelperImpl - Normalizing identifier quoting [person_id]
2021-11-19T10:23:52,534|[TRACE] NormalizingIdentifierHelperImpl - Normalizing identifier quoting [phone_id]
2021-11-19T10:23:52,534|[TRACE] NormalizingIdentifierHelperImpl - Normalizing identifier quoting [phone_id]
2021-11-19T10:23:52,534|[TRACE] NormalizingIdentifierHelperImpl - Normalizing identifier quoting [phone_id]
2021-11-19T10:23:52,534|[TRACE] NormalizingIdentifierHelperImpl - Normalizing identifier quoting [phone_id]
2021-11-19T10:23:52,534|[TRACE] NormalizingIdentifierHelperImpl - Normalizing identifier quoting [phone_id]
2021-11-19T10:23:52,534|[TRACE] NormalizingIdentifierHelperImpl - Normalizing identifier quoting [phone_id]
2021-11-19T10:23:52,534|[TRACE] NormalizingIdentifierHelperImpl - Normalizing identifier quoting [phone_id]
2021-11-19T10:23:52,542|[TRACE] NormalizingIdentifierHelperImpl - Normalizing identifier quoting [phone_id]
2021-11-19T10:23:52,542|[TRACE] NormalizingIdentifierHelperImpl - Normalizing identifier quoting [phone_id]
2021-11-19T10:23:52,542|[TRACE] NormalizingIdentifierHelperImpl - Normalizing identifier quoting [bank_id]
2021-11-19T10:23:52,542|[TRACE] NormalizingIdentifierHelperImpl - Normalizing identifier quoting [bank_id]
2021-11-19T10:23:52,542|[TRACE] NormalizingIdentifierHelperImpl - Normalizing identifier quoting [bank_id]
2021-11-19T10:23:52,542|[TRACE] NormalizingIdentifierHelperImpl - Normalizing identifier quoting [bank_id]
2021-11-19T10:23:52,542|[TRACE] NormalizingIdentifierHelperImpl - Normalizing identifier quoting [bank_id]
2021-11-19T10:23:52,542|[TRACE] NormalizingIdentifierHelperImpl - Normalizing identifier quoting [bank_id]
2021-11-19T10:23:52,542|[TRACE] NormalizingIdentifierHelperImpl - Normalizing identifier quoting [bank_id]
2021-11-19T10:23:52,542|[TRACE] NormalizingIdentifierHelperImpl - Normalizing identifier quoting [bank_id]
2021-11-19T10:23:52,543|[TRACE] NormalizingIdentifierHelperImpl - Normalizing identifier quoting [bank_id]
2021-11-19T10:23:52,543|[TRACE] NormalizingIdentifierHelperImpl - Normalizing identifier quoting [donation_id]
2021-11-19T10:23:52,543|[TRACE] NormalizingIdentifierHelperImpl - Normalizing identifier quoting [donation_id]
2021-11-19T10:23:52,543|[TRACE] NormalizingIdentifierHelperImpl - Normalizing identifier quoting [donation_id]
2021-11-19T10:23:52,543|[TRACE] NormalizingIdentifierHelperImpl - Normalizing identifier quoting [donation_id]
2021-11-19T10:23:52,543|[TRACE] NormalizingIdentifierHelperImpl - Normalizing identifier quoting [donation_id]
2021-11-19T10:23:52,543|[TRACE] NormalizingIdentifierHelperImpl - Normalizing identifier quoting [donation_id]
2021-11-19T10:23:52,543|[TRACE] NormalizingIdentifierHelperImpl - Normalizing identifier quoting [donation_id]
2021-11-19T10:23:52,543|[TRACE] NormalizingIdentifierHelperImpl - Normalizing identifier quoting [donation_id]
2021-11-19T10:23:52,543|[TRACE] NormalizingIdentifierHelperImpl - Normalizing identifier quoting [donation_id]
2021-11-19T10:23:52,543|[TRACE] NormalizingIdentifierHelperImpl - Normalizing identifier quoting [id]
2021-11-19T10:23:52,543|[TRACE] NormalizingIdentifierHelperImpl - Normalizing identifier quoting [id]
2021-11-19T10:23:52,543|[TRACE] NormalizingIdentifierHelperImpl - Normalizing identifier quoting [id]
2021-11-19T10:23:52,543|[TRACE] NormalizingIdentifierHelperImpl - Normalizing identifier quoting [id]
2021-11-19T10:23:52,543|[TRACE] NormalizingIdentifierHelperImpl - Normalizing identifier quoting [id]
2021-11-19T10:23:52,543|[TRACE] NormalizingIdentifierHelperImpl - Normalizing identifier quoting [person_id]
2021-11-19T10:23:52,543|[TRACE] NormalizingIdentifierHelperImpl - Normalizing identifier quoting [id]
2021-11-19T10:23:52,543|[TRACE] NormalizingIdentifierHelperImpl - Normalizing identifier quoting [person_id]
2021-11-19T10:23:52,543|[TRACE] NormalizingIdentifierHelperImpl - Normalizing identifier quoting [person_id]
2021-11-19T10:23:52,543|[DEBUG] PrimaryKey - Forcing column [person_id] to be non-null as it is part of the primary key for table [contact]
2021-11-19T10:23:52,543|[DEBUG] PrimaryKey - Forcing column [phone_id] to be non-null as it is part of the primary key for table [contact]
2021-11-19T10:23:52,543|[DEBUG] PrimaryKey - Forcing column [phone_id] to be non-null as it is part of the primary key for table [phone]
2021-11-19T10:23:52,543|[DEBUG] PrimaryKey - Forcing column [donation_id] to be non-null as it is part of the primary key for table [blood_donation]
2021-11-19T10:23:52,543|[DEBUG] PrimaryKey - Forcing column [bank_id] to be non-null as it is part of the primary key for table [blood_bank]
2021-11-19T10:23:52,543|[DEBUG] PrimaryKey - Forcing column [address_id] to be non-null as it is part of the primary key for table [address]
2021-11-19T10:23:52,543|[DEBUG] PrimaryKey - Forcing column [id] to be non-null as it is part of the primary key for table [person]
2021-11-19T10:23:52,543|[DEBUG] PrimaryKey - Forcing column [record_id] to be non-null as it is part of the primary key for table [donation_record]
2021-11-19T10:23:52,543|[DEBUG] CollectionSecondPass - Second pass for collection: bloodbank.entity.Address.contacts
2021-11-19T10:23:52,543|[DEBUG] CollectionBinder - Binding a OneToMany: bloodbank.entity.Address.contacts through a foreign key
2021-11-19T10:23:52,543|[DEBUG] CollectionBinder - Mapping collection: bloodbank.entity.Address.contacts -> contact
2021-11-19T10:23:52,543|[TRACE] NormalizingIdentifierHelperImpl - Normalizing identifier quoting [address_id]
2021-11-19T10:23:52,543|[TRACE] NormalizingIdentifierHelperImpl - Normalizing identifier quoting [address_id]
2021-11-19T10:23:52,543|[TRACE] NormalizingIdentifierHelperImpl - Normalizing identifier quoting [address_id]
2021-11-19T10:23:52,543|[TRACE] NormalizingIdentifierHelperImpl - Normalizing identifier quoting [address_id]
2021-11-19T10:23:52,543|[TRACE] NormalizingIdentifierHelperImpl - Normalizing identifier quoting [address_id]
2021-11-19T10:23:52,543|[TRACE] NormalizingIdentifierHelperImpl - Normalizing identifier quoting [address_id]
2021-11-19T10:23:52,543|[TRACE] NormalizingIdentifierHelperImpl - Normalizing identifier quoting [address_id]
2021-11-19T10:23:52,543|[TRACE] NormalizingIdentifierHelperImpl - Normalizing identifier quoting [address_id]
2021-11-19T10:23:52,543|[TRACE] NormalizingIdentifierHelperImpl - Normalizing identifier quoting [address_id]
2021-11-19T10:23:52,543|[DEBUG] CollectionSecondPass - Mapped collection key: address_id, one-to-many: bloodbank.entity.Contact
2021-11-19T10:23:52,543|[DEBUG] PropertyBinder - Building property record
2021-11-19T10:23:52,543|[TRACE] PropertyBinder - Cascading record with none
2021-11-19T10:23:52,543|[DEBUG] CollectionSecondPass - Second pass for collection: bloodbank.entity.Phone.contacts
2021-11-19T10:23:52,543|[DEBUG] CollectionBinder - Binding a OneToMany: bloodbank.entity.Phone.contacts through a foreign key
2021-11-19T10:23:52,543|[DEBUG] CollectionBinder - Mapping collection: bloodbank.entity.Phone.contacts -> contact
2021-11-19T10:23:52,543|[TRACE] NormalizingIdentifierHelperImpl - Normalizing identifier quoting [phone_id]
2021-11-19T10:23:52,543|[TRACE] NormalizingIdentifierHelperImpl - Normalizing identifier quoting [phone_id]
2021-11-19T10:23:52,543|[TRACE] NormalizingIdentifierHelperImpl - Normalizing identifier quoting [phone_id]
2021-11-19T10:23:52,543|[TRACE] NormalizingIdentifierHelperImpl - Normalizing identifier quoting [phone_id]
2021-11-19T10:23:52,543|[TRACE] NormalizingIdentifierHelperImpl - Normalizing identifier quoting [phone_id]
2021-11-19T10:23:52,543|[TRACE] NormalizingIdentifierHelperImpl - Normalizing identifier quoting [phone_id]
2021-11-19T10:23:52,543|[TRACE] NormalizingIdentifierHelperImpl - Normalizing identifier quoting [phone_id]
2021-11-19T10:23:52,543|[TRACE] NormalizingIdentifierHelperImpl - Normalizing identifier quoting [phone_id]
2021-11-19T10:23:52,543|[TRACE] NormalizingIdentifierHelperImpl - Normalizing identifier quoting [phone_id]
2021-11-19T10:23:52,543|[DEBUG] CollectionSecondPass - Mapped collection key: phone_id, one-to-many: bloodbank.entity.Contact
2021-11-19T10:23:52,543|[DEBUG] CollectionSecondPass - Second pass for collection: bloodbank.entity.BloodBank.donations
2021-11-19T10:23:52,543|[DEBUG] CollectionBinder - Binding a OneToMany: bloodbank.entity.BloodBank.donations through a foreign key
2021-11-19T10:23:52,543|[DEBUG] CollectionBinder - Mapping collection: bloodbank.entity.BloodBank.donations -> blood_donation
2021-11-19T10:23:52,543|[DEBUG] TableBinder - Retrieving property bloodbank.entity.BloodDonation.bank
2021-11-19T10:23:52,544|[DEBUG] CollectionSecondPass - Mapped collection key: bank_id, one-to-many: bloodbank.entity.BloodDonation
2021-11-19T10:23:52,544|[DEBUG] CollectionSecondPass - Second pass for collection: bloodbank.entity.Person.contacts
2021-11-19T10:23:52,544|[DEBUG] CollectionBinder - Binding a OneToMany: bloodbank.entity.Person.contacts through a foreign key
2021-11-19T10:23:52,544|[DEBUG] CollectionBinder - Mapping collection: bloodbank.entity.Person.contacts -> contact
2021-11-19T10:23:52,544|[DEBUG] TableBinder - Retrieving property bloodbank.entity.Contact.owner
2021-11-19T10:23:52,544|[DEBUG] CollectionSecondPass - Mapped collection key: person_id, one-to-many: bloodbank.entity.Contact
2021-11-19T10:23:52,544|[DEBUG] CollectionSecondPass - Second pass for collection: bloodbank.entity.Person.donations
2021-11-19T10:23:52,544|[DEBUG] CollectionBinder - Binding a OneToMany: bloodbank.entity.Person.donations through a foreign key
2021-11-19T10:23:52,544|[DEBUG] CollectionBinder - Mapping collection: bloodbank.entity.Person.donations -> donation_record
2021-11-19T10:23:52,544|[DEBUG] TableBinder - Retrieving property bloodbank.entity.DonationRecord.owner
2021-11-19T10:23:52,544|[DEBUG] CollectionSecondPass - Mapped collection key: person_id, one-to-many: bloodbank.entity.DonationRecord
2021-11-19T10:23:52,544|[DEBUG] InFlightMetadataCollectorImpl - Resolving reference to class: bloodbank.entity.BloodBank
2021-11-19T10:23:52,544|[TRACE] NormalizingIdentifierHelperImpl - Normalizing identifier quoting [bank_id]
2021-11-19T10:23:52,544|[TRACE] NormalizingIdentifierHelperImpl - Normalizing identifier quoting [FK35l5lwcy7xl2a6tvg04g7o78o]
2021-11-19T10:23:52,544|[DEBUG] InFlightMetadataCollectorImpl - Resolving reference to class: bloodbank.entity.Address
2021-11-19T10:23:52,544|[TRACE] NormalizingIdentifierHelperImpl - Normalizing identifier quoting [address_id]
2021-11-19T10:23:52,544|[TRACE] NormalizingIdentifierHelperImpl - Normalizing identifier quoting [FKl0sju2uai8cgdtic18wy5hlfr]
2021-11-19T10:23:52,544|[DEBUG] InFlightMetadataCollectorImpl - Resolving reference to class: bloodbank.entity.Person
2021-11-19T10:23:52,544|[TRACE] NormalizingIdentifierHelperImpl - Normalizing identifier quoting [person_id]
2021-11-19T10:23:52,544|[TRACE] NormalizingIdentifierHelperImpl - Normalizing identifier quoting [FKjbcdaayhsa4dhcuc5q0kkw8et]
2021-11-19T10:23:52,544|[DEBUG] InFlightMetadataCollectorImpl - Resolving reference to class: bloodbank.entity.Phone
2021-11-19T10:23:52,544|[TRACE] NormalizingIdentifierHelperImpl - Normalizing identifier quoting [phone_id]
2021-11-19T10:23:52,544|[TRACE] NormalizingIdentifierHelperImpl - Normalizing identifier quoting [FKj0erqcin09fsecb869qdkgnli]
2021-11-19T10:23:52,544|[DEBUG] InFlightMetadataCollectorImpl - Resolving reference to class: bloodbank.entity.BloodDonation
2021-11-19T10:23:52,544|[TRACE] NormalizingIdentifierHelperImpl - Normalizing identifier quoting [donation_id]
2021-11-19T10:23:52,544|[TRACE] NormalizingIdentifierHelperImpl - Normalizing identifier quoting [FK5os0h3pehrbipqs82hpi2roqi]
2021-11-19T10:23:52,544|[DEBUG] InFlightMetadataCollectorImpl - Resolving reference to class: bloodbank.entity.Person
2021-11-19T10:23:52,544|[TRACE] NormalizingIdentifierHelperImpl - Normalizing identifier quoting [person_id]
2021-11-19T10:23:52,544|[TRACE] NormalizingIdentifierHelperImpl - Normalizing identifier quoting [FKg7oj3wip5i4to211cj8e1d4nx]
2021-11-19T10:23:52,545|[DEBUG] InFlightMetadataCollectorImpl - Resolving reference to class: bloodbank.entity.BloodBank
2021-11-19T10:23:52,545|[TRACE] NormalizingIdentifierHelperImpl - Normalizing identifier quoting [bank_id]
2021-11-19T10:23:52,545|[DEBUG] InFlightMetadataCollectorImpl - Resolving reference to class: bloodbank.entity.Address
2021-11-19T10:23:52,545|[TRACE] NormalizingIdentifierHelperImpl - Normalizing identifier quoting [address_id]
2021-11-19T10:23:52,545|[DEBUG] InFlightMetadataCollectorImpl - Resolving reference to class: bloodbank.entity.Person
2021-11-19T10:23:52,545|[TRACE] NormalizingIdentifierHelperImpl - Normalizing identifier quoting [person_id]
2021-11-19T10:23:52,545|[DEBUG] InFlightMetadataCollectorImpl - Resolving reference to class: bloodbank.entity.Phone
2021-11-19T10:23:52,545|[TRACE] NormalizingIdentifierHelperImpl - Normalizing identifier quoting [phone_id]
2021-11-19T10:23:52,545|[DEBUG] InFlightMetadataCollectorImpl - Resolving reference to class: bloodbank.entity.BloodDonation
2021-11-19T10:23:52,545|[TRACE] NormalizingIdentifierHelperImpl - Normalizing identifier quoting [donation_id]
2021-11-19T10:23:52,545|[DEBUG] InFlightMetadataCollectorImpl - Resolving reference to class: bloodbank.entity.Person
2021-11-19T10:23:52,545|[TRACE] NormalizingIdentifierHelperImpl - Normalizing identifier quoting [person_id]
2021-11-19T10:23:52,545|[TRACE] AbstractServiceRegistryImpl - Initializing service [role=org.hibernate.property.access.spi.PropertyAccessStrategyResolver]
2021-11-19T10:23:52,545|[TRACE] AbstractServiceRegistryImpl - Initializing service [role=org.hibernate.boot.spi.SessionFactoryBuilderService]
2021-11-19T10:23:52,545|[TRACE] BatchFetchStyle - Interpreting BatchFetchStyle from setting : null
2021-11-19T10:23:52,546|[TRACE] AbstractServiceRegistryImpl - Initializing service [role=org.hibernate.resource.transaction.spi.TransactionCoordinatorBuilder]
2021-11-19T10:23:52,547|[TRACE] AbstractServiceRegistryImpl - Initializing service [role=org.hibernate.bytecode.spi.BytecodeProvider]
2021-11-19T10:23:52,547|[DEBUG] SessionFactoryImpl - Building session factory
2021-11-19T10:23:52,547|[DEBUG] Settings - SessionFactory name : null
2021-11-19T10:23:52,547|[DEBUG] Settings - Automatic flush during beforeCompletion(): enabled
2021-11-19T10:23:52,547|[DEBUG] Settings - Automatic session close at end of transaction: disabled
2021-11-19T10:23:52,547|[DEBUG] Settings - Statistics: disabled
2021-11-19T10:23:52,547|[DEBUG] Settings - Deleted entity synthetic identifier rollback: disabled
2021-11-19T10:23:52,547|[DEBUG] Settings - Default entity-mode: pojo
2021-11-19T10:23:52,547|[DEBUG] Settings - Check Nullability in Core (should be disabled when Bean Validation is on): enabled
2021-11-19T10:23:52,547|[DEBUG] Settings - Allow initialization of lazy state outside session : disabled
2021-11-19T10:23:52,547|[DEBUG] Settings - Using BatchFetchStyle : LEGACY
2021-11-19T10:23:52,547|[DEBUG] Settings - Default batch fetch size: -1
2021-11-19T10:23:52,547|[DEBUG] Settings - Maximum outer join fetch depth: 2
2021-11-19T10:23:52,547|[DEBUG] Settings - Default null ordering: NONE
2021-11-19T10:23:52,547|[DEBUG] Settings - Order SQL updates by primary key: disabled
2021-11-19T10:23:52,547|[DEBUG] Settings - Order SQL inserts for batching: disabled
2021-11-19T10:23:52,547|[DEBUG] Settings - multi-tenancy strategy : NONE
2021-11-19T10:23:52,547|[DEBUG] Settings - JTA Track by Thread: enabled
2021-11-19T10:23:52,547|[DEBUG] Settings - Query language substitutions: {}
2021-11-19T10:23:52,547|[DEBUG] Settings - Named query checking : enabled
2021-11-19T10:23:52,576|[DEBUG] Settings - Second-level cache: disabled
2021-11-19T10:23:52,576|[DEBUG] Settings - Second-level query cache: disabled
2021-11-19T10:23:52,576|[DEBUG] Settings - Second-level query cache factory: null
2021-11-19T10:23:52,576|[DEBUG] Settings - Second-level cache region prefix: null
2021-11-19T10:23:52,576|[DEBUG] Settings - Optimize second-level cache for minimal puts: disabled
2021-11-19T10:23:52,576|[DEBUG] Settings - Structured second-level cache entries: disabled
2021-11-19T10:23:52,576|[DEBUG] Settings - Second-level cache direct-reference entries: disabled
2021-11-19T10:23:52,576|[DEBUG] Settings - Automatic eviction of collection cache: disabled
2021-11-19T10:23:52,576|[DEBUG] Settings - JDBC batch size: 15
2021-11-19T10:23:52,576|[DEBUG] Settings - JDBC batch updates for versioned data: enabled
2021-11-19T10:23:52,576|[DEBUG] Settings - Scrollable result sets: enabled
2021-11-19T10:23:52,576|[DEBUG] Settings - Wrap result sets: disabled
2021-11-19T10:23:52,576|[DEBUG] Settings - JDBC3 getGeneratedKeys(): enabled
2021-11-19T10:23:52,576|[DEBUG] Settings - JDBC result set fetch size: null
2021-11-19T10:23:52,576|[DEBUG] Settings - Connection release mode: AFTER_TRANSACTION
2021-11-19T10:23:52,576|[DEBUG] Settings - Generate SQL with comments: enabled
2021-11-19T10:23:52,576|[DEBUG] Settings - JPA compliance - query : disabled
2021-11-19T10:23:52,576|[DEBUG] Settings - JPA compliance - closed-handling : disabled
2021-11-19T10:23:52,576|[DEBUG] Settings - JPA compliance - lists : disabled
2021-11-19T10:23:52,576|[DEBUG] Settings - JPA compliance - transactions : disabled
2021-11-19T10:23:52,576|[TRACE] AbstractServiceRegistryImpl - Initializing service [role=org.hibernate.service.spi.SessionFactoryServiceRegistryFactory]
2021-11-19T10:23:52,576|[TRACE] AbstractServiceRegistryImpl - Initializing service [role=org.hibernate.event.service.spi.EventListenerRegistry]
2021-11-19T10:23:52,577|[TRACE] AbstractServiceRegistryImpl - Initializing service [role=org.hibernate.resource.beans.spi.ManagedBeanRegistry]
2021-11-19T10:23:52,577|[INFO ] beans - HHH10005002: No explicit CDI BeanManager reference was passed to Hibernate, but CDI is available on the Hibernate ClassLoader.
2021-11-19T10:23:52,577|[TRACE] FallbackBeanInstanceProducer - Creating ManagedBean(bloodbank.entity.PojoCompositeListener) using direct instantiation
2021-11-19T10:23:52,577|[DEBUG] CallbackBuilderLegacyImpl - Adding setUpdatedDate as PreUpdate callback for entity bloodbank.entity.Contact
2021-11-19T10:23:52,577|[DEBUG] CallbackBuilderLegacyImpl - Adding setCreatedOnDate as PrePersist callback for entity bloodbank.entity.Contact
2021-11-19T10:23:52,577|[TRACE] FallbackBeanInstanceProducer - Creating ManagedBean(bloodbank.entity.PojoListener) using direct instantiation
2021-11-19T10:23:52,577|[DEBUG] CallbackBuilderLegacyImpl - Adding setUpdatedDate as PreUpdate callback for entity bloodbank.entity.Phone
2021-11-19T10:23:52,577|[DEBUG] CallbackBuilderLegacyImpl - Adding setCreatedOnDate as PrePersist callback for entity bloodbank.entity.Phone
2021-11-19T10:23:52,578|[DEBUG] CallbackBuilderLegacyImpl - Adding setUpdatedDate as PreUpdate callback for entity bloodbank.entity.BloodDonation
2021-11-19T10:23:52,578|[DEBUG] CallbackBuilderLegacyImpl - Adding setCreatedOnDate as PrePersist callback for entity bloodbank.entity.BloodDonation
2021-11-19T10:23:52,578|[DEBUG] CallbackBuilderLegacyImpl - Adding setUpdatedDate as PreUpdate callback for entity bloodbank.entity.BloodBank
2021-11-19T10:23:52,578|[DEBUG] CallbackBuilderLegacyImpl - Adding setCreatedOnDate as PrePersist callback for entity bloodbank.entity.BloodBank
2021-11-19T10:23:52,578|[DEBUG] ClassLoaderAccessImpl - Not known whether passed class name [bloodbank.entity.PrivateBloodBank] is safe
2021-11-19T10:23:52,578|[DEBUG] ClassLoaderAccessImpl - No temp ClassLoader provided; using live ClassLoader for loading potentially unsafe class : bloodbank.entity.PrivateBloodBank
2021-11-19T10:23:52,578|[DEBUG] CallbackBuilderLegacyImpl - Adding setUpdatedDate as PreUpdate callback for entity bloodbank.entity.PrivateBloodBank
2021-11-19T10:23:52,578|[DEBUG] CallbackBuilderLegacyImpl - Adding setCreatedOnDate as PrePersist callback for entity bloodbank.entity.PrivateBloodBank
2021-11-19T10:23:52,578|[DEBUG] CallbackBuilderLegacyImpl - Adding setUpdatedDate as PreUpdate callback for entity bloodbank.entity.DonationRecord
2021-11-19T10:23:52,578|[DEBUG] CallbackBuilderLegacyImpl - Adding setCreatedOnDate as PrePersist callback for entity bloodbank.entity.DonationRecord
2021-11-19T10:23:52,578|[DEBUG] CallbackBuilderLegacyImpl - Adding setUpdatedDate as PreUpdate callback for entity bloodbank.entity.Address
2021-11-19T10:23:52,578|[DEBUG] CallbackBuilderLegacyImpl - Adding setCreatedOnDate as PrePersist callback for entity bloodbank.entity.Address
2021-11-19T10:23:52,578|[DEBUG] CallbackBuilderLegacyImpl - Adding setUpdatedDate as PreUpdate callback for entity bloodbank.entity.Person
2021-11-19T10:23:52,578|[DEBUG] CallbackBuilderLegacyImpl - Adding setCreatedOnDate as PrePersist callback for entity bloodbank.entity.Person
2021-11-19T10:23:52,578|[DEBUG] ClassLoaderAccessImpl - Not known whether passed class name [bloodbank.entity.PublicBloodBank] is safe
2021-11-19T10:23:52,578|[DEBUG] ClassLoaderAccessImpl - No temp ClassLoader provided; using live ClassLoader for loading potentially unsafe class : bloodbank.entity.PublicBloodBank
2021-11-19T10:23:52,578|[DEBUG] CallbackBuilderLegacyImpl - Adding setUpdatedDate as PreUpdate callback for entity bloodbank.entity.PublicBloodBank
2021-11-19T10:23:52,579|[DEBUG] CallbackBuilderLegacyImpl - Adding setCreatedOnDate as PrePersist callback for entity bloodbank.entity.PublicBloodBank
2021-11-19T10:23:52,579|[TRACE] AbstractServiceRegistryImpl - Initializing service [role=org.hibernate.cache.spi.CacheImplementor]
2021-11-19T10:23:52,579|[DEBUG] SessionFactoryImpl - Session factory constructed with filter configurations : {}
2021-11-19T10:23:52,579|[DEBUG] SessionFactoryImpl - Instantiating session factory with properties: {sun.desktop=windows, awt.toolkit=sun.awt.windows.WToolkit, hibernate.format_sql=true, java.specification.version=11, sun.cpu.isalist=amd64, sun.jnu.encoding=Cp1252, hibernate.dialect=org.hibernate.dialect.MySQL8Dialect, java.class.path=D:\Computer Programming\Level 4\CST8277_300 Enterprise Application\Assignments\Assignment03\BloodBank-JPA-Mapping-JUnit-Skeleton\BloodBank-JPA-Mapping-JUnit-Skeleton\target\test-classes;C:\Users\simondaxia\.m2\repository\org\junit\jupiter\junit-jupiter\5.7.0\junit-jupiter-5.7.0.jar;C:\Users\simondaxia\.m2\repository\org\junit\jupiter\junit-jupiter-api\5.7.0\junit-jupiter-api-5.7.0.jar;C:\Users\simondaxia\.m2\repository\org\apiguardian\apiguardian-api\1.1.0\apiguardian-api-1.1.0.jar;C:\Users\simondaxia\.m2\repository\org\opentest4j\opentest4j\1.2.0\opentest4j-1.2.0.jar;C:\Users\simondaxia\.m2\repository\org\junit\platform\junit-platform-commons\1.7.0\junit-platform-commons-1.7.0.jar;C:\Users\simondaxia\.m2\repository\org\junit\jupiter\junit-jupiter-params\5.7.0\junit-jupiter-params-5.7.0.jar;C:\Users\simondaxia\.m2\repository\org\junit\jupiter\junit-jupiter-engine\5.7.0\junit-jupiter-engine-5.7.0.jar;C:\Users\simondaxia\.m2\repository\org\junit\platform\junit-platform-engine\1.7.0\junit-platform-engine-1.7.0.jar;C:\Users\simondaxia\.m2\repository\org\hamcrest\hamcrest\2.2\hamcrest-2.2.jar;C:\Users\simondaxia\.m2\repository\org\hamcrest\hamcrest-library\2.2\hamcrest-library-2.2.jar;C:\Users\simondaxia\.m2\repository\org\hamcrest\hamcrest-core\2.2\hamcrest-core-2.2.jar;C:\Users\simondaxia\.m2\repository\org\jboss\logging\jboss-logging\3.4.1.Final\jboss-logging-3.4.1.Final.jar;C:\Users\simondaxia\.m2\repository\org\javassist\javassist\3.27.0-GA\javassist-3.27.0-GA.jar;C:\Users\simondaxia\.m2\repository\net\bytebuddy\byte-buddy\1.10.17\byte-buddy-1.10.17.jar;C:\Users\simondaxia\.m2\repository\antlr\antlr\2.7.7\antlr-2.7.7.jar;C:\Users\simondaxia\.m2\repository\org\jboss\spec\javax\transaction\jboss-transaction-api_1.2_spec\1.1.1.Final\jboss-transaction-api_1.2_spec-1.1.1.Final.jar;C:\Users\simondaxia\.m2\repository\org\jboss\jandex\2.1.3.Final\jandex-2.1.3.Final.jar;C:\Users\simondaxia\.m2\repository\com\fasterxml\classmate\1.5.1\classmate-1.5.1.jar;C:\Users\simondaxia\.m2\repository\javax\activation\javax.activation-api\1.2.0\javax.activation-api-1.2.0.jar;C:\Users\simondaxia\.m2\repository\org\dom4j\dom4j\2.1.3\dom4j-2.1.3.jar;C:\Users\simondaxia\.m2\repository\org\hibernate\common\hibernate-commons-annotations\5.1.2.Final\hibernate-commons-annotations-5.1.2.Final.jar;C:\Users\simondaxia\.m2\repository\javax\xml\bind\jaxb-api\2.3.1\jaxb-api-2.3.1.jar;C:\Users\simondaxia\.m2\repository\org\glassfish\jaxb\jaxb-runtime\2.3.1\jaxb-runtime-2.3.1.jar;C:\Users\simondaxia\.m2\repository\org\glassfish\jaxb\txw2\2.3.1\txw2-2.3.1.jar;C:\Users\simondaxia\.m2\repository\com\sun\istack\istack-commons-runtime\3.0.7\istack-commons-runtime-3.0.7.jar;C:\Users\simondaxia\.m2\repository\org\jvnet\staxex\stax-ex\1.8\stax-ex-1.8.jar;C:\Users\simondaxia\.m2\repository\com\sun\xml\fastinfoset\FastInfoset\1.2.15\FastInfoset-1.2.15.jar;C:\Users\simondaxia\.m2\repository\mysql\mysql-connector-java\8.0.23\mysql-connector-java-8.0.23.jar;C:\Users\simondaxia\.m2\repository\com\google\protobuf\protobuf-java\3.11.4\protobuf-java-3.11.4.jar;, java.vm.vendor=Amazon.com Inc., sun.arch.data.model=64, user.variant=, java.vendor.url=https://aws.amazon.com/corretto/, user.timezone=America/New_York, javax.persistence.jdbc.url=jdbc:mysql://localhost:3306/bloodbank?createDatabaseIfNotExist=true&zeroDateTimeBehavior=convertToNull, javax.persistence.jdbc.user=****, os.name=Windows 10, java.vm.specification.version=11, javax.persistence.schema-generation.create-script-source=META-INF/sql/bloodbank-create.sql, sun.java.launcher=SUN_STANDARD, user.country=CA, local.setting.IS_JTA_TXN_COORD=false, sun.boot.library.path=C:\Program Files\Amazon Corretto\jdk11.0.11_9\bin, sun.java.command=org.apache.maven.surefire.booter.ForkedBooter C:\Users\simondaxia\AppData\Local\Temp\surefire18336507460364361438 2021-11-19T10-23-33_773-jvmRun1 surefire10358599284016281038tmp surefire_028660401499378696tmp, hibernate.use_sql_comments=true, jdk.debug=release, surefire.test.class.path=D:\Computer Programming\Level 4\CST8277_300 Enterprise Application\Assignments\Assignment03\BloodBank-JPA-Mapping-JUnit-Skeleton\BloodBank-JPA-Mapping-JUnit-Skeleton\target\test-classes;C:\Users\simondaxia\.m2\repository\org\junit\jupiter\junit-jupiter\5.7.0\junit-jupiter-5.7.0.jar;C:\Users\simondaxia\.m2\repository\org\junit\jupiter\junit-jupiter-api\5.7.0\junit-jupiter-api-5.7.0.jar;C:\Users\simondaxia\.m2\repository\org\apiguardian\apiguardian-api\1.1.0\apiguardian-api-1.1.0.jar;C:\Users\simondaxia\.m2\repository\org\opentest4j\opentest4j\1.2.0\opentest4j-1.2.0.jar;C:\Users\simondaxia\.m2\repository\org\junit\platform\junit-platform-commons\1.7.0\junit-platform-commons-1.7.0.jar;C:\Users\simondaxia\.m2\repository\org\junit\jupiter\junit-jupiter-params\5.7.0\junit-jupiter-params-5.7.0.jar;C:\Users\simondaxia\.m2\repository\org\junit\jupiter\junit-jupiter-engine\5.7.0\junit-jupiter-engine-5.7.0.jar;C:\Users\simondaxia\.m2\repository\org\junit\platform\junit-platform-engine\1.7.0\junit-platform-engine-1.7.0.jar;C:\Users\simondaxia\.m2\repository\org\hamcrest\hamcrest\2.2\hamcrest-2.2.jar;C:\Users\simondaxia\.m2\repository\org\hamcrest\hamcrest-library\2.2\hamcrest-library-2.2.jar;C:\Users\simondaxia\.m2\repository\org\hamcrest\hamcrest-core\2.2\hamcrest-core-2.2.jar;C:\Users\simondaxia\.m2\repository\org\jboss\logging\jboss-logging\3.4.1.Final\jboss-logging-3.4.1.Final.jar;C:\Users\simondaxia\.m2\repository\org\javassist\javassist\3.27.0-GA\javassist-3.27.0-GA.jar;C:\Users\simondaxia\.m2\repository\net\bytebuddy\byte-buddy\1.10.17\byte-buddy-1.10.17.jar;C:\Users\simondaxia\.m2\repository\antlr\antlr\2.7.7\antlr-2.7.7.jar;C:\Users\simondaxia\.m2\repository\org\jboss\spec\javax\transaction\jboss-transaction-api_1.2_spec\1.1.1.Final\jboss-transaction-api_1.2_spec-1.1.1.Final.jar;C:\Users\simondaxia\.m2\repository\org\jboss\jandex\2.1.3.Final\jandex-2.1.3.Final.jar;C:\Users\simondaxia\.m2\repository\com\fasterxml\classmate\1.5.1\classmate-1.5.1.jar;C:\Users\simondaxia\.m2\repository\javax\activation\javax.activation-api\1.2.0\javax.activation-api-1.2.0.jar;C:\Users\simondaxia\.m2\repository\org\dom4j\dom4j\2.1.3\dom4j-2.1.3.jar;C:\Users\simondaxia\.m2\repository\org\hibernate\common\hibernate-commons-annotations\5.1.2.Final\hibernate-commons-annotations-5.1.2.Final.jar;C:\Users\simondaxia\.m2\repository\javax\xml\bind\jaxb-api\2.3.1\jaxb-api-2.3.1.jar;C:\Users\simondaxia\.m2\repository\org\glassfish\jaxb\jaxb-runtime\2.3.1\jaxb-runtime-2.3.1.jar;C:\Users\simondaxia\.m2\repository\org\glassfish\jaxb\txw2\2.3.1\txw2-2.3.1.jar;C:\Users\simondaxia\.m2\repository\com\sun\istack\istack-commons-runtime\3.0.7\istack-commons-runtime-3.0.7.jar;C:\Users\simondaxia\.m2\repository\org\jvnet\staxex\stax-ex\1.8\stax-ex-1.8.jar;C:\Users\simondaxia\.m2\repository\com\sun\xml\fastinfoset\FastInfoset\1.2.15\FastInfoset-1.2.15.jar;C:\Users\simondaxia\.m2\repository\mysql\mysql-connector-java\8.0.23\mysql-connector-java-8.0.23.jar;C:\Users\simondaxia\.m2\repository\com\google\protobuf\protobuf-java\3.11.4\protobuf-java-3.11.4.jar;, sun.cpu.endian=little, user.home=C:\Users\simondaxia, user.language=en, java.specification.vendor=Oracle Corporation, jdk.module.path=D:\Computer Programming\Level 4\CST8277_300 Enterprise Application\Assignments\Assignment03\BloodBank-JPA-Mapping-JUnit-Skeleton\BloodBank-JPA-Mapping-JUnit-Skeleton\target\classes;C:\Users\simondaxia\.m2\repository\org\apache\logging\log4j\log4j-api\2.14.0\log4j-api-2.14.0.jar;C:\Users\simondaxia\.m2\repository\org\apache\logging\log4j\log4j-core\2.14.0\log4j-core-2.14.0.jar;C:\Users\simondaxia\.m2\repository\org\hibernate\hibernate-core\5.4.27.Final\hibernate-core-5.4.27.Final.jar;C:\Users\simondaxia\.m2\repository\jakarta\platform\jakarta.jakartaee-api\8.0.0\jakarta.jakartaee-api-8.0.0.jar, java.version.date=2021-04-20, generateReports=flase, java.home=C:\Program Files\Amazon Corretto\jdk11.0.11_9, file.separator=\, basedir=D:\Computer Programming\Level 4\CST8277_300 Enterprise Application\Assignments\Assignment03\BloodBank-JPA-Mapping-JUnit-Skeleton\BloodBank-JPA-Mapping-JUnit-Skeleton, java.vm.compressedOopsMode=32-bit, line.separator=
, java.specification.name=Java Platform API Specification, java.vm.specification.vendor=Oracle Corporation, hibernate.transaction.coordinator_class=class org.hibernate.resource.transaction.backend.jdbc.internal.JdbcResourceLocalTransactionCoordinatorBuilderImpl, java.awt.graphicsenv=sun.awt.Win32GraphicsEnvironment, javax.persistence.jdbc.driver=com.mysql.cj.jdbc.Driver, surefire.real.class.path=C:\Users\simondaxia\.m2\repository\org\apache\maven\surefire\surefire-booter\3.0.0-M5\surefire-booter-3.0.0-M5.jar;C:\Users\simondaxia\.m2\repository\org\apache\maven\surefire\surefire-api\3.0.0-M5\surefire-api-3.0.0-M5.jar;C:\Users\simondaxia\.m2\repository\org\apache\maven\surefire\surefire-logger-api\3.0.0-M5\surefire-logger-api-3.0.0-M5.jar;C:\Users\simondaxia\.m2\repository\org\apache\maven\surefire\surefire-shared-utils\3.0.0-M4\surefire-shared-utils-3.0.0-M4.jar;C:\Users\simondaxia\.m2\repository\org\apache\maven\surefire\surefire-extensions-spi\3.0.0-M5\surefire-extensions-spi-3.0.0-M5.jar;D:\Computer Programming\Level 4\CST8277_300 Enterprise Application\Assignments\Assignment03\BloodBank-JPA-Mapping-JUnit-Skeleton\BloodBank-JPA-Mapping-JUnit-Skeleton\target\test-classes;C:\Users\simondaxia\.m2\repository\org\junit\jupiter\junit-jupiter\5.7.0\junit-jupiter-5.7.0.jar;C:\Users\simondaxia\.m2\repository\org\junit\jupiter\junit-jupiter-api\5.7.0\junit-jupiter-api-5.7.0.jar;C:\Users\simondaxia\.m2\repository\org\apiguardian\apiguardian-api\1.1.0\apiguardian-api-1.1.0.jar;C:\Users\simondaxia\.m2\repository\org\opentest4j\opentest4j\1.2.0\opentest4j-1.2.0.jar;C:\Users\simondaxia\.m2\repository\org\junit\platform\junit-platform-commons\1.7.0\junit-platform-commons-1.7.0.jar;C:\Users\simondaxia\.m2\repository\org\junit\jupiter\junit-jupiter-params\5.7.0\junit-jupiter-params-5.7.0.jar;C:\Users\simondaxia\.m2\repository\org\junit\jupiter\junit-jupiter-engine\5.7.0\junit-jupiter-engine-5.7.0.jar;C:\Users\simondaxia\.m2\repository\org\junit\platform\junit-platform-engine\1.7.0\junit-platform-engine-1.7.0.jar;C:\Users\simondaxia\.m2\repository\org\hamcrest\hamcrest\2.2\hamcrest-2.2.jar;C:\Users\simondaxia\.m2\repository\org\hamcrest\hamcrest-library\2.2\hamcrest-library-2.2.jar;C:\Users\simondaxia\.m2\repository\org\hamcrest\hamcrest-core\2.2\hamcrest-core-2.2.jar;C:\Users\simondaxia\.m2\repository\org\jboss\logging\jboss-logging\3.4.1.Final\jboss-logging-3.4.1.Final.jar;C:\Users\simondaxia\.m2\repository\org\javassist\javassist\3.27.0-GA\javassist-3.27.0-GA.jar;C:\Users\simondaxia\.m2\repository\net\bytebuddy\byte-buddy\1.10.17\byte-buddy-1.10.17.jar;C:\Users\simondaxia\.m2\repository\antlr\antlr\2.7.7\antlr-2.7.7.jar;C:\Users\simondaxia\.m2\repository\org\jboss\spec\javax\transaction\jboss-transaction-api_1.2_spec\1.1.1.Final\jboss-transaction-api_1.2_spec-1.1.1.Final.jar;C:\Users\simondaxia\.m2\repository\org\jboss\jandex\2.1.3.Final\jandex-2.1.3.Final.jar;C:\Users\simondaxia\.m2\repository\com\fasterxml\classmate\1.5.1\classmate-1.5.1.jar;C:\Users\simondaxia\.m2\repository\javax\activation\javax.activation-api\1.2.0\javax.activation-api-1.2.0.jar;C:\Users\simondaxia\.m2\repository\org\dom4j\dom4j\2.1.3\dom4j-2.1.3.jar;C:\Users\simondaxia\.m2\repository\org\hibernate\common\hibernate-commons-annotations\5.1.2.Final\hibernate-commons-annotations-5.1.2.Final.jar;C:\Users\simondaxia\.m2\repository\javax\xml\bind\jaxb-api\2.3.1\jaxb-api-2.3.1.jar;C:\Users\simondaxia\.m2\repository\org\glassfish\jaxb\jaxb-runtime\2.3.1\jaxb-runtime-2.3.1.jar;C:\Users\simondaxia\.m2\repository\org\glassfish\jaxb\txw2\2.3.1\txw2-2.3.1.jar;C:\Users\simondaxia\.m2\repository\com\sun\istack\istack-commons-runtime\3.0.7\istack-commons-runtime-3.0.7.jar;C:\Users\simondaxia\.m2\repository\org\jvnet\staxex\stax-ex\1.8\stax-ex-1.8.jar;C:\Users\simondaxia\.m2\repository\com\sun\xml\fastinfoset\FastInfoset\1.2.15\FastInfoset-1.2.15.jar;C:\Users\simondaxia\.m2\repository\mysql\mysql-connector-java\8.0.23\mysql-connector-java-8.0.23.jar;C:\Users\simondaxia\.m2\repository\com\google\protobuf\protobuf-java\3.11.4\protobuf-java-3.11.4.jar;C:\Users\simondaxia\.m2\repository\org\apache\maven\surefire\surefire-junit-platform\3.0.0-M5\surefire-junit-platform-3.0.0-M5.jar;C:\Users\simondaxia\.m2\repository\org\apache\maven\surefire\common-java5\3.0.0-M5\common-java5-3.0.0-M5.jar;C:\Users\simondaxia\.m2\repository\org\junit\platform\junit-platform-launcher\1.7.0\junit-platform-launcher-1.7.0.jar, user.script=, sun.management.compiler=HotSpot 64-Bit Tiered Compilers, java.runtime.version=11.0.11+9-LTS, user.name=simondaxia, path.separator=;, hibernate.connection.username=****, os.version=10.0, hibernate.hbm2ddl.import_files_sql_extractor=org.hibernate.tool.hbm2ddl.MultipleLinesSqlCommandExtractor, java.runtime.name=OpenJDK Runtime Environment, hibernate.connection.url=jdbc:mysql://localhost:3306/bloodbank?createDatabaseIfNotExist=true&zeroDateTimeBehavior=convertToNull, file.encoding=Cp1252, hibernate.ejb.persistenceUnitName=bloodbank-PU, java.vm.name=OpenJDK 64-Bit Server VM, java.vendor.version=Corretto-11.0.11.9.1, javax.persistence.schema-generation.drop-script-source=META-INF/sql/bloodbank-drop.sql, localRepository=C:\Users\simondaxia\.m2\repository, hibernate.connection.driver_class=com.mysql.cj.jdbc.Driver, java.vendor.url.bug=https://github.com/corretto/corretto-11/issues/, java.io.tmpdir=C:\Users\SIMOND~1\AppData\Local\Temp\, javax.persistence.schema-generation.drop-source=script, javax.persistence.schema-generation.create-source=script, java.version=11.0.11, user.dir=D:\Computer Programming\Level 4\CST8277_300 Enterprise Application\Assignments\Assignment03\BloodBank-JPA-Mapping-JUnit-Skeleton\BloodBank-JPA-Mapping-JUnit-Skeleton, os.arch=amd64, java.vm.specification.name=Java Virtual Machine Specification, java.awt.printerjob=sun.awt.windows.WPrinterJob, javax.persistence.schema-generation.database.action=drop-and-create, hibernate.connection.password=****, sun.os.patch.level=, hibernate.boot.CfgXmlAccessService.key=org.hibernate.boot.registry.StandardServiceRegistryBuilder$1@1aee6983, java.library.path=C:\Program Files\Amazon Corretto\jdk11.0.11_9\bin;C:\WINDOWS\Sun\Java\bin;C:\WINDOWS\system32;C:\WINDOWS;C:/Program Files/Amazon Corretto/jdk11.0.11_9/bin/server;C:/Program Files/Amazon Corretto/jdk11.0.11_9/bin;D:\Python39\Scripts\;D:\Python39\;D:\app\simondaxia\product\12.1.0\bin;D:\app\simondaxia\product\12.1.0\dbhome_1\bin;D:\app\simondaxia\product\12.1.0\dbhome_2\bin;C:\Program Files\Amazon Corretto\jdk11.0.11_9\bin;D:\oraclexe\app\oracle\product\11.2.0\server\bin;;C:\AmazonCorretto\jdk11.0.8_10\bin;C:\Program Files (x86)\Common Files\Oracle\Java\javapath;C:\Program Files (x86)\Intel\Intel(R) Management Engine Components\iCLS\;C:\Program Files\Intel\Intel(R) Management Engine Components\iCLS\;C:\Windows\system32;C:\Windows;C:\Windows\System32\Wbem;C:\Windows\System32\WindowsPowerShell\v1.0\;C:\Windows\System32\OpenSSH\;C:\Program Files (x86)\Intel\Intel(R) Management Engine Components\DAL;C:\Program Files\Intel\Intel(R) Management Engine Components\DAL;C:\Program Files (x86)\Intel\Intel(R) Management Engine Components\IPT;C:\Program Files\Intel\Intel(R) Management Engine Components\IPT;C:\Program Files (x86)\NVIDIA Corporation\PhysX\Common;C:\Program Files\Intel\WiFi\bin\;C:\Program Files\Common Files\Intel\WirelessCommon\;C:\WINDOWS\system32;C:\WINDOWS;C:\WINDOWS\System32\Wbem;C:\WINDOWS\System32\WindowsPowerShell\v1.0\;C:\WINDOWS\System32\OpenSSH\;C:\Program Files (x86)\pgmodeler;C:\Program Files\Git\cmd;C:\Users\simondaxia\AppData\Local\Microsoft\WindowsApps;C:\Program Files\Java\jdk1.8.0_271\bin;C:\Program Files\Microsoft SQL Server\Client SDK\ODBC\130\Tools\Binn\;C:\Program Files (x86)\Microsoft SQL Server\140\Tools\Binn\;C:\Program Files\Microsoft SQL Server\140\Tools\Binn\;C:\Program Files\Microsoft SQL Server\140\DTS\Binn\;C:\Program Files (x86)\Microsoft SQL Server\150\DTS\Binn\;C:\Program Files\Azure Data Studio\bin;C:\Users\simondaxia\AppData\Local\Microsoft\WindowsApps;;D:\Microsoft VS Code\bin;C:\Program Files\Azure Data Studio\bin;D:\JetBrains\PyCharm Community Edition 2021.2.2\bin;;D:\Programs\mongosh\;C:\Users\simondaxia\Desktop;;., java.vendor=Amazon.com Inc., java.vm.info=mixed mode, java.vm.version=11.0.11+9-LTS, hibernate.bytecode.use_reflection_optimizer=false, sun.io.unicode.encoding=UnicodeLittle, javax.persistence.jdbc.password=****, java.class.version=55.0}
2021-11-19T10:23:52,579|[TRACE] AbstractServiceRegistryImpl - Initializing service [role=org.hibernate.engine.query.spi.NativeQueryInterpreter]
2021-11-19T10:23:52,579|[DEBUG] TypeSafeActivator - Unable to acquire Bean Validation ValidatorFactory, skipping activation
2021-11-19T10:23:52,579|[DEBUG] JaccIntegrator - Skipping JACC integration as it was not enabled
2021-11-19T10:23:52,579|[DEBUG] SessionFactoryImpl - Instantiated session factory
2021-11-19T10:23:52,579|[DEBUG] TypeConfiguration$Scope - Scoping TypeConfiguration [org.hibernate.type.spi.TypeConfiguration@5c7a06ec] to SessionFactoryImpl [org.hibernate.internal.SessionFactoryImpl@3adeca1f]
2021-11-19T10:23:52,579|[TRACE] AbstractServiceRegistryImpl - Initializing service [role=org.hibernate.persister.spi.PersisterFactory]
2021-11-19T10:23:52,579|[TRACE] AbstractServiceRegistryImpl - Initializing service [role=org.hibernate.persister.spi.PersisterClassResolver]
2021-11-19T10:23:52,580|[DEBUG] ClassLoaderAccessImpl - Not known whether passed class name [bloodbank.entity.Contact] is safe
2021-11-19T10:23:52,580|[DEBUG] ClassLoaderAccessImpl - No temp ClassLoader provided; using live ClassLoader for loading potentially unsafe class : bloodbank.entity.Contact
2021-11-19T10:23:52,580|[TRACE] AbstractServiceRegistryImpl - Initializing service [role=org.hibernate.bytecode.spi.ProxyFactoryFactory]
2021-11-19T10:23:52,587|[TRACE] AbstractPropertyMapping - Skipping duplicate registration of path [address.id], existing type = [org.hibernate.type.IntegerType@6892cc6f], incoming type = [org.hibernate.type.IntegerType@6892cc6f]
2021-11-19T10:23:52,587|[TRACE] AbstractPropertyMapping - Skipping duplicate registration of path [owner.id], existing type = [org.hibernate.type.IntegerType@6892cc6f], incoming type = [org.hibernate.type.IntegerType@6892cc6f]
2021-11-19T10:23:52,587|[TRACE] AbstractPropertyMapping - Skipping duplicate registration of path [phone.id], existing type = [org.hibernate.type.IntegerType@6892cc6f], incoming type = [org.hibernate.type.IntegerType@6892cc6f]
2021-11-19T10:23:52,587|[TRACE] AbstractPropertyMapping - Skipping duplicate registration of path [epochCreated], existing type = [org.hibernate.type.LongType@ae7950d], incoming type = [org.hibernate.type.LongType@ae7950d]
2021-11-19T10:23:52,587|[TRACE] AbstractPropertyMapping - Skipping duplicate registration of path [epochUpdated], existing type = [org.hibernate.type.LongType@ae7950d], incoming type = [org.hibernate.type.LongType@ae7950d]
2021-11-19T10:23:52,587|[TRACE] AbstractPropertyMapping - Skipping duplicate registration of path [version], existing type = [org.hibernate.type.IntegerType@6892cc6f], incoming type = [org.hibernate.type.IntegerType@6892cc6f]
2021-11-19T10:23:52,587|[TRACE] AbstractPropertyMapping - Skipping duplicate registration of path [address], existing type = [org.hibernate.type.ManyToOneType(bloodbank.entity.Address)], incoming type = [org.hibernate.type.ManyToOneType(bloodbank.entity.Address)]
2021-11-19T10:23:52,587|[TRACE] AbstractPropertyMapping - Skipping duplicate registration of path [address.id], existing type = [org.hibernate.type.IntegerType@6892cc6f], incoming type = [org.hibernate.type.IntegerType@6892cc6f]
2021-11-19T10:23:52,587|[TRACE] AbstractPropertyMapping - Skipping duplicate registration of path [address.id], existing type = [org.hibernate.type.IntegerType@6892cc6f], incoming type = [org.hibernate.type.IntegerType@6892cc6f]
2021-11-19T10:23:52,587|[TRACE] AbstractPropertyMapping - Skipping duplicate registration of path [contactType], existing type = [org.hibernate.type.StringType@7fc645e4], incoming type = [org.hibernate.type.StringType@7fc645e4]
2021-11-19T10:23:52,587|[TRACE] AbstractPropertyMapping - Skipping duplicate registration of path [email], existing type = [org.hibernate.type.StringType@7fc645e4], incoming type = [org.hibernate.type.StringType@7fc645e4]
2021-11-19T10:23:52,587|[TRACE] AbstractPropertyMapping - Skipping duplicate registration of path [owner], existing type = [org.hibernate.type.ManyToOneType(bloodbank.entity.Person)], incoming type = [org.hibernate.type.ManyToOneType(bloodbank.entity.Person)]
2021-11-19T10:23:52,587|[TRACE] AbstractPropertyMapping - Skipping duplicate registration of path [owner.id], existing type = [org.hibernate.type.IntegerType@6892cc6f], incoming type = [org.hibernate.type.IntegerType@6892cc6f]
2021-11-19T10:23:52,587|[TRACE] AbstractPropertyMapping - Skipping duplicate registration of path [owner.id], existing type = [org.hibernate.type.IntegerType@6892cc6f], incoming type = [org.hibernate.type.IntegerType@6892cc6f]
2021-11-19T10:23:52,587|[TRACE] AbstractPropertyMapping - Skipping duplicate registration of path [phone], existing type = [org.hibernate.type.ManyToOneType(bloodbank.entity.Phone)], incoming type = [org.hibernate.type.ManyToOneType(bloodbank.entity.Phone)]
2021-11-19T10:23:52,587|[TRACE] AbstractPropertyMapping - Skipping duplicate registration of path [phone.id], existing type = [org.hibernate.type.IntegerType@6892cc6f], incoming type = [org.hibernate.type.IntegerType@6892cc6f]
2021-11-19T10:23:52,587|[TRACE] AbstractPropertyMapping - Skipping duplicate registration of path [phone.id], existing type = [org.hibernate.type.IntegerType@6892cc6f], incoming type = [org.hibernate.type.IntegerType@6892cc6f]
2021-11-19T10:23:52,587|[TRACE] AbstractPropertyMapping - Skipping duplicate registration of path [id], existing type = [org.hibernate.type.ComponentType@5f26cb8b], incoming type = [org.hibernate.type.ComponentType@5f26cb8b]
2021-11-19T10:23:52,587|[TRACE] AbstractPropertyMapping - Skipping duplicate registration of path [id.personId], existing type = [org.hibernate.type.IntegerType@6892cc6f], incoming type = [org.hibernate.type.IntegerType@6892cc6f]
2021-11-19T10:23:52,587|[TRACE] AbstractPropertyMapping - Skipping duplicate registration of path [id.phoneId], existing type = [org.hibernate.type.IntegerType@6892cc6f], incoming type = [org.hibernate.type.IntegerType@6892cc6f]
2021-11-19T10:23:52,588|[DEBUG] ClassLoaderAccessImpl - Not known whether passed class name [bloodbank.entity.Phone] is safe
2021-11-19T10:23:52,588|[DEBUG] ClassLoaderAccessImpl - No temp ClassLoader provided; using live ClassLoader for loading potentially unsafe class : bloodbank.entity.Phone
2021-11-19T10:23:52,597|[TRACE] AbstractPropertyMapping - Skipping duplicate registration of path [epochCreated], existing type = [org.hibernate.type.LongType@ae7950d], incoming type = [org.hibernate.type.LongType@ae7950d]
2021-11-19T10:23:52,597|[TRACE] AbstractPropertyMapping - Skipping duplicate registration of path [epochUpdated], existing type = [org.hibernate.type.LongType@ae7950d], incoming type = [org.hibernate.type.LongType@ae7950d]
2021-11-19T10:23:52,597|[TRACE] AbstractPropertyMapping - Skipping duplicate registration of path [version], existing type = [org.hibernate.type.IntegerType@6892cc6f], incoming type = [org.hibernate.type.IntegerType@6892cc6f]
2021-11-19T10:23:52,597|[TRACE] AbstractPropertyMapping - Skipping duplicate registration of path [areaCode], existing type = [org.hibernate.type.StringType@7fc645e4], incoming type = [org.hibernate.type.StringType@7fc645e4]
2021-11-19T10:23:52,597|[TRACE] AbstractPropertyMapping - Skipping duplicate registration of path [contacts], existing type = [org.hibernate.type.SetType(bloodbank.entity.Phone.contacts)], incoming type = [org.hibernate.type.SetType(bloodbank.entity.Phone.contacts)]
2021-11-19T10:23:52,597|[TRACE] AbstractPropertyMapping - Skipping duplicate registration of path [countryCode], existing type = [org.hibernate.type.StringType@7fc645e4], incoming type = [org.hibernate.type.StringType@7fc645e4]
2021-11-19T10:23:52,597|[TRACE] AbstractPropertyMapping - Skipping duplicate registration of path [number], existing type = [org.hibernate.type.StringType@7fc645e4], incoming type = [org.hibernate.type.StringType@7fc645e4]
2021-11-19T10:23:52,597|[TRACE] AbstractPropertyMapping - Skipping duplicate registration of path [id], existing type = [org.hibernate.type.IntegerType@6892cc6f], incoming type = [org.hibernate.type.IntegerType@6892cc6f]
2021-11-19T10:23:52,598|[DEBUG] ClassLoaderAccessImpl - Not known whether passed class name [bloodbank.entity.BloodDonation] is safe
2021-11-19T10:23:52,598|[DEBUG] ClassLoaderAccessImpl - No temp ClassLoader provided; using live ClassLoader for loading potentially unsafe class : bloodbank.entity.BloodDonation
2021-11-19T10:23:52,606|[TRACE] AbstractPropertyMapping - Skipping duplicate registration of path [bank.id], existing type = [org.hibernate.type.IntegerType@6892cc6f], incoming type = [org.hibernate.type.IntegerType@6892cc6f]
2021-11-19T10:23:52,606|[TRACE] AbstractPropertyMapping - Skipping duplicate registration of path [epochCreated], existing type = [org.hibernate.type.LongType@ae7950d], incoming type = [org.hibernate.type.LongType@ae7950d]
2021-11-19T10:23:52,606|[TRACE] AbstractPropertyMapping - Skipping duplicate registration of path [epochUpdated], existing type = [org.hibernate.type.LongType@ae7950d], incoming type = [org.hibernate.type.LongType@ae7950d]
2021-11-19T10:23:52,606|[TRACE] AbstractPropertyMapping - Skipping duplicate registration of path [version], existing type = [org.hibernate.type.IntegerType@6892cc6f], incoming type = [org.hibernate.type.IntegerType@6892cc6f]
2021-11-19T10:23:52,606|[TRACE] AbstractPropertyMapping - Skipping duplicate registration of path [bank], existing type = [org.hibernate.type.ManyToOneType(bloodbank.entity.BloodBank)], incoming type = [org.hibernate.type.ManyToOneType(bloodbank.entity.BloodBank)]
2021-11-19T10:23:52,606|[TRACE] AbstractPropertyMapping - Skipping duplicate registration of path [bank.id], existing type = [org.hibernate.type.IntegerType@6892cc6f], incoming type = [org.hibernate.type.IntegerType@6892cc6f]
2021-11-19T10:23:52,606|[TRACE] AbstractPropertyMapping - Skipping duplicate registration of path [bank.id], existing type = [org.hibernate.type.IntegerType@6892cc6f], incoming type = [org.hibernate.type.IntegerType@6892cc6f]
2021-11-19T10:23:52,606|[TRACE] AbstractPropertyMapping - Skipping duplicate registration of path [bloodType], existing type = [org.hibernate.type.ComponentType@523f3c29], incoming type = [org.hibernate.type.ComponentType@523f3c29]
2021-11-19T10:23:52,606|[TRACE] AbstractPropertyMapping - Skipping duplicate registration of path [bloodType.bloodGroup], existing type = [org.hibernate.type.StringType@7fc645e4], incoming type = [org.hibernate.type.StringType@7fc645e4]
2021-11-19T10:23:52,606|[TRACE] AbstractPropertyMapping - Skipping duplicate registration of path [bloodType.rhd], existing type = [org.hibernate.type.ByteType@2b4786dd], incoming type = [org.hibernate.type.ByteType@2b4786dd]
2021-11-19T10:23:52,606|[TRACE] AbstractPropertyMapping - Skipping duplicate registration of path [milliliters], existing type = [org.hibernate.type.IntegerType@6892cc6f], incoming type = [org.hibernate.type.IntegerType@6892cc6f]
2021-11-19T10:23:52,606|[TRACE] AbstractPropertyMapping - Skipping duplicate registration of path [record], existing type = [org.hibernate.type.OneToOneType(bloodbank.entity.DonationRecord)], incoming type = [org.hibernate.type.OneToOneType(bloodbank.entity.DonationRecord)]
2021-11-19T10:23:52,606|[TRACE] AbstractPropertyMapping - Skipping duplicate registration of path [id], existing type = [org.hibernate.type.IntegerType@6892cc6f], incoming type = [org.hibernate.type.IntegerType@6892cc6f]
2021-11-19T10:23:52,606|[DEBUG] ClassLoaderAccessImpl - Not known whether passed class name [bloodbank.entity.BloodBank] is safe
2021-11-19T10:23:52,606|[DEBUG] ClassLoaderAccessImpl - No temp ClassLoader provided; using live ClassLoader for loading potentially unsafe class : bloodbank.entity.BloodBank
2021-11-19T10:23:52,606|[DEBUG] ClassLoaderAccessImpl - Not known whether passed class name [bloodbank.entity.PrivateBloodBank] is safe
2021-11-19T10:23:52,606|[DEBUG] ClassLoaderAccessImpl - No temp ClassLoader provided; using live ClassLoader for loading potentially unsafe class : bloodbank.entity.PrivateBloodBank
2021-11-19T10:23:52,606|[DEBUG] ClassLoaderAccessImpl - Not known whether passed class name [bloodbank.entity.PublicBloodBank] is safe
2021-11-19T10:23:52,606|[DEBUG] ClassLoaderAccessImpl - No temp ClassLoader provided; using live ClassLoader for loading potentially unsafe class : bloodbank.entity.PublicBloodBank
2021-11-19T10:23:52,611|[TRACE] AbstractPropertyMapping - Skipping duplicate registration of path [epochCreated], existing type = [org.hibernate.type.LongType@ae7950d], incoming type = [org.hibernate.type.LongType@ae7950d]
2021-11-19T10:23:52,611|[TRACE] AbstractPropertyMapping - Skipping duplicate registration of path [epochUpdated], existing type = [org.hibernate.type.LongType@ae7950d], incoming type = [org.hibernate.type.LongType@ae7950d]
2021-11-19T10:23:52,611|[TRACE] AbstractPropertyMapping - Skipping duplicate registration of path [version], existing type = [org.hibernate.type.IntegerType@6892cc6f], incoming type = [org.hibernate.type.IntegerType@6892cc6f]
2021-11-19T10:23:52,611|[TRACE] AbstractPropertyMapping - Skipping duplicate registration of path [donations], existing type = [org.hibernate.type.SetType(bloodbank.entity.BloodBank.donations)], incoming type = [org.hibernate.type.SetType(bloodbank.entity.BloodBank.donations)]
2021-11-19T10:23:52,611|[TRACE] AbstractPropertyMapping - Skipping duplicate registration of path [name], existing type = [org.hibernate.type.StringType@7fc645e4], incoming type = [org.hibernate.type.StringType@7fc645e4]
2021-11-19T10:23:52,611|[TRACE] AbstractPropertyMapping - Skipping duplicate registration of path [id], existing type = [org.hibernate.type.IntegerType@6892cc6f], incoming type = [org.hibernate.type.IntegerType@6892cc6f]
2021-11-19T10:23:52,618|[TRACE] AbstractPropertyMapping - Skipping duplicate registration of path [epochCreated], existing type = [org.hibernate.type.LongType@ae7950d], incoming type = [org.hibernate.type.LongType@ae7950d]
2021-11-19T10:23:52,618|[TRACE] AbstractPropertyMapping - Skipping duplicate registration of path [epochUpdated], existing type = [org.hibernate.type.LongType@ae7950d], incoming type = [org.hibernate.type.LongType@ae7950d]
2021-11-19T10:23:52,618|[TRACE] AbstractPropertyMapping - Skipping duplicate registration of path [version], existing type = [org.hibernate.type.IntegerType@6892cc6f], incoming type = [org.hibernate.type.IntegerType@6892cc6f]
2021-11-19T10:23:52,618|[TRACE] AbstractPropertyMapping - Skipping duplicate registration of path [donations], existing type = [org.hibernate.type.SetType(bloodbank.entity.BloodBank.donations)], incoming type = [org.hibernate.type.SetType(bloodbank.entity.BloodBank.donations)]
2021-11-19T10:23:52,618|[TRACE] AbstractPropertyMapping - Skipping duplicate registration of path [name], existing type = [org.hibernate.type.StringType@7fc645e4], incoming type = [org.hibernate.type.StringType@7fc645e4]
2021-11-19T10:23:52,618|[TRACE] AbstractPropertyMapping - Skipping duplicate registration of path [id], existing type = [org.hibernate.type.IntegerType@6892cc6f], incoming type = [org.hibernate.type.IntegerType@6892cc6f]
2021-11-19T10:23:52,620|[DEBUG] ClassLoaderAccessImpl - Not known whether passed class name [bloodbank.entity.DonationRecord] is safe
2021-11-19T10:23:52,620|[DEBUG] ClassLoaderAccessImpl - No temp ClassLoader provided; using live ClassLoader for loading potentially unsafe class : bloodbank.entity.DonationRecord
2021-11-19T10:23:52,628|[TRACE] AbstractPropertyMapping - Skipping duplicate registration of path [donation.id], existing type = [org.hibernate.type.IntegerType@6892cc6f], incoming type = [org.hibernate.type.IntegerType@6892cc6f]
2021-11-19T10:23:52,628|[TRACE] AbstractPropertyMapping - Skipping duplicate registration of path [owner.id], existing type = [org.hibernate.type.IntegerType@6892cc6f], incoming type = [org.hibernate.type.IntegerType@6892cc6f]
2021-11-19T10:23:52,628|[TRACE] AbstractPropertyMapping - Skipping duplicate registration of path [epochCreated], existing type = [org.hibernate.type.LongType@ae7950d], incoming type = [org.hibernate.type.LongType@ae7950d]
2021-11-19T10:23:52,628|[TRACE] AbstractPropertyMapping - Skipping duplicate registration of path [epochUpdated], existing type = [org.hibernate.type.LongType@ae7950d], incoming type = [org.hibernate.type.LongType@ae7950d]
2021-11-19T10:23:52,628|[TRACE] AbstractPropertyMapping - Skipping duplicate registration of path [version], existing type = [org.hibernate.type.IntegerType@6892cc6f], incoming type = [org.hibernate.type.IntegerType@6892cc6f]
2021-11-19T10:23:52,628|[TRACE] AbstractPropertyMapping - Skipping duplicate registration of path [donation], existing type = [org.hibernate.type.ManyToOneType(bloodbank.entity.BloodDonation)], incoming type = [org.hibernate.type.ManyToOneType(bloodbank.entity.BloodDonation)]
2021-11-19T10:23:52,628|[TRACE] AbstractPropertyMapping - Skipping duplicate registration of path [donation.id], existing type = [org.hibernate.type.IntegerType@6892cc6f], incoming type = [org.hibernate.type.IntegerType@6892cc6f]
2021-11-19T10:23:52,628|[TRACE] AbstractPropertyMapping - Skipping duplicate registration of path [donation.id], existing type = [org.hibernate.type.IntegerType@6892cc6f], incoming type = [org.hibernate.type.IntegerType@6892cc6f]
2021-11-19T10:23:52,628|[TRACE] AbstractPropertyMapping - Skipping duplicate registration of path [owner], existing type = [org.hibernate.type.ManyToOneType(bloodbank.entity.Person)], incoming type = [org.hibernate.type.ManyToOneType(bloodbank.entity.Person)]
2021-11-19T10:23:52,628|[TRACE] AbstractPropertyMapping - Skipping duplicate registration of path [owner.id], existing type = [org.hibernate.type.IntegerType@6892cc6f], incoming type = [org.hibernate.type.IntegerType@6892cc6f]
2021-11-19T10:23:52,628|[TRACE] AbstractPropertyMapping - Skipping duplicate registration of path [owner.id], existing type = [org.hibernate.type.IntegerType@6892cc6f], incoming type = [org.hibernate.type.IntegerType@6892cc6f]
2021-11-19T10:23:52,628|[TRACE] AbstractPropertyMapping - Skipping duplicate registration of path [tested], existing type = [org.hibernate.type.ByteType@2b4786dd], incoming type = [org.hibernate.type.ByteType@2b4786dd]
2021-11-19T10:23:52,628|[TRACE] AbstractPropertyMapping - Skipping duplicate registration of path [id], existing type = [org.hibernate.type.IntegerType@6892cc6f], incoming type = [org.hibernate.type.IntegerType@6892cc6f]
2021-11-19T10:23:52,628|[DEBUG] ClassLoaderAccessImpl - Not known whether passed class name [bloodbank.entity.Address] is safe
2021-11-19T10:23:52,628|[DEBUG] ClassLoaderAccessImpl - No temp ClassLoader provided; using live ClassLoader for loading potentially unsafe class : bloodbank.entity.Address
2021-11-19T10:23:52,638|[TRACE] AbstractPropertyMapping - Skipping duplicate registration of path [epochCreated], existing type = [org.hibernate.type.LongType@ae7950d], incoming type = [org.hibernate.type.LongType@ae7950d]
2021-11-19T10:23:52,638|[TRACE] AbstractPropertyMapping - Skipping duplicate registration of path [epochUpdated], existing type = [org.hibernate.type.LongType@ae7950d], incoming type = [org.hibernate.type.LongType@ae7950d]
2021-11-19T10:23:52,638|[TRACE] AbstractPropertyMapping - Skipping duplicate registration of path [version], existing type = [org.hibernate.type.IntegerType@6892cc6f], incoming type = [org.hibernate.type.IntegerType@6892cc6f]
2021-11-19T10:23:52,638|[TRACE] AbstractPropertyMapping - Skipping duplicate registration of path [city], existing type = [org.hibernate.type.StringType@7fc645e4], incoming type = [org.hibernate.type.StringType@7fc645e4]
2021-11-19T10:23:52,638|[TRACE] AbstractPropertyMapping - Skipping duplicate registration of path [contacts], existing type = [org.hibernate.type.SetType(bloodbank.entity.Address.contacts)], incoming type = [org.hibernate.type.SetType(bloodbank.entity.Address.contacts)]
2021-11-19T10:23:52,638|[TRACE] AbstractPropertyMapping - Skipping duplicate registration of path [country], existing type = [org.hibernate.type.StringType@7fc645e4], incoming type = [org.hibernate.type.StringType@7fc645e4]
2021-11-19T10:23:52,638|[TRACE] AbstractPropertyMapping - Skipping duplicate registration of path [province], existing type = [org.hibernate.type.StringType@7fc645e4], incoming type = [org.hibernate.type.StringType@7fc645e4]
2021-11-19T10:23:52,638|[TRACE] AbstractPropertyMapping - Skipping duplicate registration of path [street], existing type = [org.hibernate.type.StringType@7fc645e4], incoming type = [org.hibernate.type.StringType@7fc645e4]
2021-11-19T10:23:52,638|[TRACE] AbstractPropertyMapping - Skipping duplicate registration of path [streetNumber], existing type = [org.hibernate.type.StringType@7fc645e4], incoming type = [org.hibernate.type.StringType@7fc645e4]
2021-11-19T10:23:52,638|[TRACE] AbstractPropertyMapping - Skipping duplicate registration of path [zipcode], existing type = [org.hibernate.type.StringType@7fc645e4], incoming type = [org.hibernate.type.StringType@7fc645e4]
2021-11-19T10:23:52,638|[TRACE] AbstractPropertyMapping - Skipping duplicate registration of path [id], existing type = [org.hibernate.type.IntegerType@6892cc6f], incoming type = [org.hibernate.type.IntegerType@6892cc6f]
2021-11-19T10:23:52,638|[DEBUG] ClassLoaderAccessImpl - Not known whether passed class name [bloodbank.entity.Person] is safe
2021-11-19T10:23:52,638|[DEBUG] ClassLoaderAccessImpl - No temp ClassLoader provided; using live ClassLoader for loading potentially unsafe class : bloodbank.entity.Person
2021-11-19T10:23:52,645|[TRACE] AbstractPropertyMapping - Skipping duplicate registration of path [epochCreated], existing type = [org.hibernate.type.LongType@ae7950d], incoming type = [org.hibernate.type.LongType@ae7950d]
2021-11-19T10:23:52,645|[TRACE] AbstractPropertyMapping - Skipping duplicate registration of path [epochUpdated], existing type = [org.hibernate.type.LongType@ae7950d], incoming type = [org.hibernate.type.LongType@ae7950d]
2021-11-19T10:23:52,645|[TRACE] AbstractPropertyMapping - Skipping duplicate registration of path [version], existing type = [org.hibernate.type.IntegerType@6892cc6f], incoming type = [org.hibernate.type.IntegerType@6892cc6f]
2021-11-19T10:23:52,645|[TRACE] AbstractPropertyMapping - Skipping duplicate registration of path [contacts], existing type = [org.hibernate.type.SetType(bloodbank.entity.Person.contacts)], incoming type = [org.hibernate.type.SetType(bloodbank.entity.Person.contacts)]
2021-11-19T10:23:52,645|[TRACE] AbstractPropertyMapping - Skipping duplicate registration of path [donations], existing type = [org.hibernate.type.SetType(bloodbank.entity.Person.donations)], incoming type = [org.hibernate.type.SetType(bloodbank.entity.Person.donations)]
2021-11-19T10:23:52,645|[TRACE] AbstractPropertyMapping - Skipping duplicate registration of path [firstName], existing type = [org.hibernate.type.StringType@7fc645e4], incoming type = [org.hibernate.type.StringType@7fc645e4]
2021-11-19T10:23:52,645|[TRACE] AbstractPropertyMapping - Skipping duplicate registration of path [lastName], existing type = [org.hibernate.type.StringType@7fc645e4], incoming type = [org.hibernate.type.StringType@7fc645e4]
2021-11-19T10:23:52,645|[TRACE] AbstractPropertyMapping - Skipping duplicate registration of path [id], existing type = [org.hibernate.type.IntegerType@6892cc6f], incoming type = [org.hibernate.type.IntegerType@6892cc6f]
2021-11-19T10:23:52,651|[TRACE] AbstractPropertyMapping - Skipping duplicate registration of path [epochCreated], existing type = [org.hibernate.type.LongType@ae7950d], incoming type = [org.hibernate.type.LongType@ae7950d]
2021-11-19T10:23:52,651|[TRACE] AbstractPropertyMapping - Skipping duplicate registration of path [epochUpdated], existing type = [org.hibernate.type.LongType@ae7950d], incoming type = [org.hibernate.type.LongType@ae7950d]
2021-11-19T10:23:52,651|[TRACE] AbstractPropertyMapping - Skipping duplicate registration of path [version], existing type = [org.hibernate.type.IntegerType@6892cc6f], incoming type = [org.hibernate.type.IntegerType@6892cc6f]
2021-11-19T10:23:52,651|[TRACE] AbstractPropertyMapping - Skipping duplicate registration of path [donations], existing type = [org.hibernate.type.SetType(bloodbank.entity.BloodBank.donations)], incoming type = [org.hibernate.type.SetType(bloodbank.entity.BloodBank.donations)]
2021-11-19T10:23:52,651|[TRACE] AbstractPropertyMapping - Skipping duplicate registration of path [name], existing type = [org.hibernate.type.StringType@7fc645e4], incoming type = [org.hibernate.type.StringType@7fc645e4]
2021-11-19T10:23:52,651|[TRACE] AbstractPropertyMapping - Skipping duplicate registration of path [id], existing type = [org.hibernate.type.IntegerType@6892cc6f], incoming type = [org.hibernate.type.IntegerType@6892cc6f]
2021-11-19T10:23:52,651|[DEBUG] AbstractCollectionPersister - Static SQL for collection: bloodbank.entity.Address.contacts
2021-11-19T10:23:52,651|[DEBUG] AbstractCollectionPersister -  Row insert: /* create one-to-many row bloodbank.entity.Address.contacts */ update contact set address_id=? where person_id=? and phone_id=?
2021-11-19T10:23:52,651|[DEBUG] AbstractCollectionPersister -  Row update: update contact set  where person_id=? and phone_id=?
2021-11-19T10:23:52,651|[DEBUG] AbstractCollectionPersister -  Row delete: /* delete one-to-many row bloodbank.entity.Address.contacts */ update contact set address_id=null where address_id=? and person_id=? and phone_id=?
2021-11-19T10:23:52,651|[DEBUG] AbstractCollectionPersister -  One-shot delete: /* delete one-to-many bloodbank.entity.Address.contacts */ update contact set address_id=null where address_id=?
2021-11-19T10:23:52,651|[DEBUG] AbstractCollectionPersister - Static SQL for collection: bloodbank.entity.Person.donations
2021-11-19T10:23:52,651|[DEBUG] AbstractCollectionPersister -  Row insert: /* create one-to-many row bloodbank.entity.Person.donations */ update donation_record set person_id=? where record_id=?
2021-11-19T10:23:52,651|[DEBUG] AbstractCollectionPersister -  Row update: update donation_record set  where record_id=?
2021-11-19T10:23:52,651|[DEBUG] AbstractCollectionPersister -  Row delete: /* delete one-to-many row bloodbank.entity.Person.donations */ update donation_record set person_id=null where person_id=? and record_id=?
2021-11-19T10:23:52,651|[DEBUG] AbstractCollectionPersister -  One-shot delete: /* delete one-to-many bloodbank.entity.Person.donations */ update donation_record set person_id=null where person_id=?
2021-11-19T10:23:52,652|[DEBUG] AbstractCollectionPersister - Static SQL for collection: bloodbank.entity.Person.contacts
2021-11-19T10:23:52,652|[DEBUG] AbstractCollectionPersister -  Row insert: /* create one-to-many row bloodbank.entity.Person.contacts */ update contact set person_id=? where person_id=? and phone_id=?
2021-11-19T10:23:52,652|[DEBUG] AbstractCollectionPersister -  Row update: update contact set  where person_id=? and phone_id=?
2021-11-19T10:23:52,652|[DEBUG] AbstractCollectionPersister -  Row delete: /* delete one-to-many row bloodbank.entity.Person.contacts */ update contact set person_id=null where person_id=? and phone_id=?
2021-11-19T10:23:52,652|[DEBUG] AbstractCollectionPersister -  One-shot delete: /* delete one-to-many bloodbank.entity.Person.contacts */ update contact set person_id=null where person_id=?
2021-11-19T10:23:52,652|[DEBUG] AbstractCollectionPersister - Static SQL for collection: bloodbank.entity.Phone.contacts
2021-11-19T10:23:52,652|[DEBUG] AbstractCollectionPersister -  Row insert: /* create one-to-many row bloodbank.entity.Phone.contacts */ update contact set phone_id=? where person_id=? and phone_id=?
2021-11-19T10:23:52,652|[DEBUG] AbstractCollectionPersister -  Row update: update contact set  where person_id=? and phone_id=?
2021-11-19T10:23:52,652|[DEBUG] AbstractCollectionPersister -  Row delete: /* delete one-to-many row bloodbank.entity.Phone.contacts */ update contact set phone_id=null where phone_id=? and person_id=?
2021-11-19T10:23:52,652|[DEBUG] AbstractCollectionPersister -  One-shot delete: /* delete one-to-many bloodbank.entity.Phone.contacts */ update contact set phone_id=null where phone_id=?
2021-11-19T10:23:52,652|[DEBUG] AbstractCollectionPersister - Static SQL for collection: bloodbank.entity.BloodBank.donations
2021-11-19T10:23:52,652|[DEBUG] AbstractCollectionPersister -  Row insert: /* create one-to-many row bloodbank.entity.BloodBank.donations */ update blood_donation set bank_id=? where donation_id=?
2021-11-19T10:23:52,652|[DEBUG] AbstractCollectionPersister -  Row update: update blood_donation set  where donation_id=?
2021-11-19T10:23:52,652|[DEBUG] AbstractCollectionPersister -  Row delete: /* delete one-to-many row bloodbank.entity.BloodBank.donations */ update blood_donation set bank_id=null where bank_id=? and donation_id=?
2021-11-19T10:23:52,652|[DEBUG] AbstractCollectionPersister -  One-shot delete: /* delete one-to-many bloodbank.entity.BloodBank.donations */ update blood_donation set bank_id=null where bank_id=?
2021-11-19T10:23:52,652|[TRACE] AbstractEntityPersister - Ignoring subclass attribute definition [bloodbank.entity.BloodBank.epochCreated] because it is defined in a superclass 
2021-11-19T10:23:52,652|[TRACE] AbstractEntityPersister - Ignoring subclass attribute definition [bloodbank.entity.BloodBank.epochUpdated] because it is defined in a superclass 
2021-11-19T10:23:52,652|[TRACE] AbstractEntityPersister - Ignoring subclass attribute definition [bloodbank.entity.BloodBank.version] because it is defined in a superclass 
2021-11-19T10:23:52,652|[TRACE] AbstractEntityPersister - Ignoring subclass attribute definition [bloodbank.entity.BloodBank.donations] because it is defined in a superclass 
2021-11-19T10:23:52,652|[TRACE] AbstractEntityPersister - Ignoring subclass attribute definition [bloodbank.entity.BloodBank.name] because it is defined in a superclass 
2021-11-19T10:23:52,652|[TRACE] AbstractEntityPersister - Ignoring subclass attribute definition [bloodbank.entity.BloodBank.epochCreated] because it is defined in a superclass 
2021-11-19T10:23:52,652|[TRACE] AbstractEntityPersister - Ignoring subclass attribute definition [bloodbank.entity.BloodBank.epochUpdated] because it is defined in a superclass 
2021-11-19T10:23:52,652|[TRACE] AbstractEntityPersister - Ignoring subclass attribute definition [bloodbank.entity.BloodBank.version] because it is defined in a superclass 
2021-11-19T10:23:52,652|[TRACE] AbstractEntityPersister - Ignoring subclass attribute definition [bloodbank.entity.BloodBank.donations] because it is defined in a superclass 
2021-11-19T10:23:52,652|[TRACE] AbstractEntityPersister - Ignoring subclass attribute definition [bloodbank.entity.BloodBank.name] because it is defined in a superclass 
2021-11-19T10:23:52,652|[DEBUG] AbstractEntityPersister - Static SQL for entity: bloodbank.entity.Contact
2021-11-19T10:23:52,652|[DEBUG] AbstractEntityPersister -  Version select: /* get version bloodbank.entity.Contact */ select version from contact where person_id =? and phone_id =?
2021-11-19T10:23:52,652|[DEBUG] AbstractEntityPersister -  Snapshot select: /* get current state bloodbank.entity.Contact */ select contact_.person_id, contact_.phone_id, contact_.created as created3_3_, contact_.updated as updated4_3_, contact_.version as version5_3_, contact_.address_id as address_8_3_, contact_.contact_type as contact_6_3_, contact_.email as email7_3_ from contact contact_ where contact_.person_id=? and contact_.phone_id=?
2021-11-19T10:23:52,652|[DEBUG] AbstractEntityPersister -  Insert 0: /* insert bloodbank.entity.Contact */ insert into contact (created, updated, version, address_id, contact_type, email, person_id, phone_id) values (?, ?, ?, ?, ?, ?, ?, ?)
2021-11-19T10:23:52,652|[DEBUG] AbstractEntityPersister -  Update 0: /* update bloodbank.entity.Contact */ update contact set created=?, updated=?, version=?, address_id=?, contact_type=?, email=? where person_id=? and phone_id=? and version=?
2021-11-19T10:23:52,652|[DEBUG] AbstractEntityPersister -  Delete 0: /* delete bloodbank.entity.Contact */ delete from contact where person_id=? and phone_id=? and version=?
2021-11-19T10:23:52,652|[TRACE] AbstractLoadPlanBuildingAssociationVisitationStrategy -  Starting root entity : bloodbank.entity.Contact
2021-11-19T10:23:52,652|[DEBUG] QuerySpacesImpl - Adding QuerySpace : uid = <gen:0> -> org.hibernate.loader.plan.build.internal.spaces.EntityQuerySpaceImpl@239bc43f]
2021-11-19T10:23:52,652|[DEBUG] QuerySpacesImpl - Adding QuerySpace : uid = <gen:0>-id -> org.hibernate.loader.plan.build.internal.spaces.CompositeQuerySpaceImpl@c3ca482]
2021-11-19T10:23:52,652|[TRACE] AbstractLoadPlanBuildingAssociationVisitationStrategy - Pushing fetch source to stack : org.hibernate.loader.plan.build.internal.returns.EntityReturnImpl@6b338591
2021-11-19T10:23:52,652|[TRACE] AbstractLoadPlanBuildingAssociationVisitationStrategy - .. Registering AssociationKey : AssociationKey(table=contact, columns={person_id,phone_id}) -> org.hibernate.loader.plan.build.internal.returns.EntityReturnImpl@6b338591
2021-11-19T10:23:52,652|[TRACE] AbstractLoadPlanBuildingAssociationVisitationStrategy - >> Starting entity identifier : bloodbank.entity.Contact
2021-11-19T10:23:52,652|[TRACE] AbstractLoadPlanBuildingAssociationVisitationStrategy - Pushing fetch source to stack : org.hibernate.loader.plan.build.internal.returns.EncapsulatedEntityIdentifierDescription@277474fc
2021-11-19T10:23:52,652|[TRACE] AbstractLoadPlanBuildingAssociationVisitationStrategy - >>>> Starting composite : id
2021-11-19T10:23:52,653|[DEBUG] MetamodelGraphWalker - Visiting attribute path : personId
2021-11-19T10:23:52,653|[TRACE] AbstractLoadPlanBuildingAssociationVisitationStrategy - >>>> Starting attribute org.hibernate.persister.walking.internal.CompositionSingularSubAttributesHelper$1$1$3@5ab3f611
2021-11-19T10:23:52,653|[TRACE] AbstractLoadPlanBuildingAssociationVisitationStrategy - <<<< Finishing up attribute : org.hibernate.persister.walking.internal.CompositionSingularSubAttributesHelper$1$1$3@5ab3f611
2021-11-19T10:23:52,653|[DEBUG] MetamodelGraphWalker - Visiting attribute path : phoneId
2021-11-19T10:23:52,653|[TRACE] AbstractLoadPlanBuildingAssociationVisitationStrategy - >>>> Starting attribute org.hibernate.persister.walking.internal.CompositionSingularSubAttributesHelper$1$1$3@33425171
2021-11-19T10:23:52,653|[TRACE] AbstractLoadPlanBuildingAssociationVisitationStrategy - <<<< Finishing up attribute : org.hibernate.persister.walking.internal.CompositionSingularSubAttributesHelper$1$1$3@33425171
2021-11-19T10:23:52,653|[TRACE] AbstractLoadPlanBuildingAssociationVisitationStrategy - <<<< Finishing composite : id
2021-11-19T10:23:52,653|[TRACE] AbstractLoadPlanBuildingAssociationVisitationStrategy - Popped fetch owner from stack : org.hibernate.loader.plan.build.internal.returns.EncapsulatedEntityIdentifierDescription@277474fc
2021-11-19T10:23:52,653|[TRACE] AbstractLoadPlanBuildingAssociationVisitationStrategy - << Finished entity identifier : bloodbank.entity.Contact
2021-11-19T10:23:52,653|[DEBUG] MetamodelGraphWalker - Visiting attribute path : epochCreated
2021-11-19T10:23:52,653|[TRACE] AbstractLoadPlanBuildingAssociationVisitationStrategy - >> Starting attribute Attribute(name=epochCreated, type=long [non-identifier])
2021-11-19T10:23:52,653|[TRACE] AbstractLoadPlanBuildingAssociationVisitationStrategy - << Finishing up attribute : Attribute(name=epochCreated, type=long [non-identifier])
2021-11-19T10:23:52,653|[DEBUG] MetamodelGraphWalker - Visiting attribute path : epochUpdated
2021-11-19T10:23:52,653|[TRACE] AbstractLoadPlanBuildingAssociationVisitationStrategy - >> Starting attribute Attribute(name=epochUpdated, type=long [non-identifier])
2021-11-19T10:23:52,653|[TRACE] AbstractLoadPlanBuildingAssociationVisitationStrategy - << Finishing up attribute : Attribute(name=epochUpdated, type=long [non-identifier])
2021-11-19T10:23:52,653|[DEBUG] MetamodelGraphWalker - Visiting attribute path : version
2021-11-19T10:23:52,653|[TRACE] AbstractLoadPlanBuildingAssociationVisitationStrategy - >> Starting attribute Attribute(name=version, type=integer [non-identifier])
2021-11-19T10:23:52,653|[TRACE] AbstractLoadPlanBuildingAssociationVisitationStrategy - << Finishing up attribute : Attribute(name=version, type=integer [non-identifier])
2021-11-19T10:23:52,653|[DEBUG] MetamodelGraphWalker - Visiting attribute path : address
2021-11-19T10:23:52,653|[TRACE] AbstractLoadPlanBuildingAssociationVisitationStrategy - >> Starting attribute Attribute(name=address, type=bloodbank.entity.Address [non-identifier,association])
2021-11-19T10:23:52,653|[DEBUG] QuerySpacesImpl - Adding QuerySpace : uid = <gen:1> -> org.hibernate.loader.plan.build.internal.spaces.EntityQuerySpaceImpl@44aa5585]
2021-11-19T10:23:52,653|[TRACE] AbstractLoadPlanBuildingAssociationVisitationStrategy - << Finishing up attribute : Attribute(name=address, type=bloodbank.entity.Address [non-identifier,association])
2021-11-19T10:23:52,653|[DEBUG] MetamodelGraphWalker - Visiting attribute path : contactType
2021-11-19T10:23:52,653|[TRACE] AbstractLoadPlanBuildingAssociationVisitationStrategy - >> Starting attribute Attribute(name=contactType, type=string [non-identifier])
2021-11-19T10:23:52,653|[TRACE] AbstractLoadPlanBuildingAssociationVisitationStrategy - << Finishing up attribute : Attribute(name=contactType, type=string [non-identifier])
2021-11-19T10:23:52,653|[DEBUG] MetamodelGraphWalker - Visiting attribute path : email
2021-11-19T10:23:52,653|[TRACE] AbstractLoadPlanBuildingAssociationVisitationStrategy - >> Starting attribute Attribute(name=email, type=string [non-identifier])
2021-11-19T10:23:52,653|[TRACE] AbstractLoadPlanBuildingAssociationVisitationStrategy - << Finishing up attribute : Attribute(name=email, type=string [non-identifier])
2021-11-19T10:23:52,653|[DEBUG] MetamodelGraphWalker - Visiting attribute path : owner
2021-11-19T10:23:52,653|[TRACE] AbstractLoadPlanBuildingAssociationVisitationStrategy - >> Starting attribute Attribute(name=owner, type=bloodbank.entity.Person [non-identifier,association])
2021-11-19T10:23:52,653|[DEBUG] QuerySpacesImpl - Adding QuerySpace : uid = <gen:2> -> org.hibernate.loader.plan.build.internal.spaces.EntityQuerySpaceImpl@40fd1a78]
2021-11-19T10:23:52,653|[TRACE] AbstractLoadPlanBuildingAssociationVisitationStrategy - << Finishing up attribute : Attribute(name=owner, type=bloodbank.entity.Person [non-identifier,association])
2021-11-19T10:23:52,653|[DEBUG] MetamodelGraphWalker - Visiting attribute path : phone
2021-11-19T10:23:52,653|[TRACE] AbstractLoadPlanBuildingAssociationVisitationStrategy - >> Starting attribute Attribute(name=phone, type=bloodbank.entity.Phone [non-identifier,association])
2021-11-19T10:23:52,653|[DEBUG] QuerySpacesImpl - Adding QuerySpace : uid = <gen:3> -> org.hibernate.loader.plan.build.internal.spaces.EntityQuerySpaceImpl@53b7f08]
2021-11-19T10:23:52,653|[TRACE] AbstractLoadPlanBuildingAssociationVisitationStrategy - << Finishing up attribute : Attribute(name=phone, type=bloodbank.entity.Phone [non-identifier,association])
2021-11-19T10:23:52,653|[TRACE] AbstractLoadPlanBuildingAssociationVisitationStrategy - Popped fetch owner from stack : org.hibernate.loader.plan.build.internal.returns.EntityReturnImpl@6b338591
2021-11-19T10:23:52,653|[TRACE] AbstractLoadPlanBuildingAssociationVisitationStrategy -  Finished root entity : bloodbank.entity.Contact
2021-11-19T10:23:52,653|[DEBUG] FetchStyleLoadPlanBuildingAssociationVisitationStrategy - Building LoadPlan...
2021-11-19T10:23:52,653|[DEBUG] LoadQueryJoinAndFetchProcessor - processing queryspace <gen:0>
2021-11-19T10:23:52,653|[DEBUG] LoadPlanTreePrinter - LoadPlan(entity=bloodbank.entity.Contact)
    - Returns
       - EntityReturnImpl(entity=bloodbank.entity.Contact, querySpaceUid=<gen:0>, path=bloodbank.entity.Contact)
          - EntityAttributeFetchImpl(entity=bloodbank.entity.Address, querySpaceUid=<gen:1>, path=bloodbank.entity.Contact.address)
          - EntityAttributeFetchImpl(entity=bloodbank.entity.Person, querySpaceUid=<gen:2>, path=bloodbank.entity.Contact.owner)
          - EntityAttributeFetchImpl(entity=bloodbank.entity.Phone, querySpaceUid=<gen:3>, path=bloodbank.entity.Contact.phone)
    - QuerySpaces
       - EntityQuerySpaceImpl(uid=<gen:0>, entity=bloodbank.entity.Contact)
          - SQL table alias mapping - contact0_
          - alias suffix - 0_
          - suffixed key columns - {person_i1_3_0_, phone_id2_3_0_}
          - JOIN (JoinDefinedByMetadata(id)) : <gen:0> -> <gen:0>-id
             - CompositeQuerySpaceImpl(uid=<gen:0>-id)
                - SQL table alias mapping - contact0_

2021-11-19T10:23:52,653|[DEBUG] EntityLoader - Static select for entity bloodbank.entity.Contact [NONE]: select contact0_.person_id as person_i1_3_0_, contact0_.phone_id as phone_id2_3_0_, contact0_.created as created3_3_0_, contact0_.updated as updated4_3_0_, contact0_.version as version5_3_0_, contact0_.address_id as address_8_3_0_, contact0_.contact_type as contact_6_3_0_, contact0_.email as email7_3_0_ from contact contact0_ where contact0_.person_id=? and contact0_.phone_id=?
2021-11-19T10:23:52,654|[DEBUG] AbstractEntityPersister - Static SQL for entity: bloodbank.entity.Phone
2021-11-19T10:23:52,654|[DEBUG] AbstractEntityPersister -  Version select: /* get version bloodbank.entity.Phone */ select version from phone where phone_id =?
2021-11-19T10:23:52,654|[DEBUG] AbstractEntityPersister -  Snapshot select: /* get current state bloodbank.entity.Phone */ select phone_.phone_id, phone_.created as created2_6_, phone_.updated as updated3_6_, phone_.version as version4_6_, phone_.area_code as area_cod5_6_, phone_.country_code as country_6_6_, phone_.number as number7_6_ from phone phone_ where phone_.phone_id=?
2021-11-19T10:23:52,654|[DEBUG] AbstractEntityPersister -  Insert 0: /* insert bloodbank.entity.Phone */ insert into phone (created, updated, version, area_code, country_code, number, phone_id) values (?, ?, ?, ?, ?, ?, ?)
2021-11-19T10:23:52,654|[DEBUG] AbstractEntityPersister -  Update 0: /* update bloodbank.entity.Phone */ update phone set created=?, updated=?, version=?, area_code=?, country_code=?, number=? where phone_id=? and version=?
2021-11-19T10:23:52,654|[DEBUG] AbstractEntityPersister -  Delete 0: /* delete bloodbank.entity.Phone */ delete from phone where phone_id=? and version=?
2021-11-19T10:23:52,654|[DEBUG] AbstractEntityPersister -  Identity insert: /* insert bloodbank.entity.Phone */ insert into phone (created, updated, version, area_code, country_code, number) values (?, ?, ?, ?, ?, ?)
2021-11-19T10:23:52,654|[TRACE] AbstractLoadPlanBuildingAssociationVisitationStrategy -  Starting root entity : bloodbank.entity.Phone
2021-11-19T10:23:52,654|[DEBUG] QuerySpacesImpl - Adding QuerySpace : uid = <gen:0> -> org.hibernate.loader.plan.build.internal.spaces.EntityQuerySpaceImpl@24536f07]
2021-11-19T10:23:52,654|[TRACE] AbstractLoadPlanBuildingAssociationVisitationStrategy - Pushing fetch source to stack : org.hibernate.loader.plan.build.internal.returns.EntityReturnImpl@32430075
2021-11-19T10:23:52,654|[TRACE] AbstractLoadPlanBuildingAssociationVisitationStrategy - .. Registering AssociationKey : AssociationKey(table=phone, columns={phone_id}) -> org.hibernate.loader.plan.build.internal.returns.EntityReturnImpl@32430075
2021-11-19T10:23:52,654|[TRACE] AbstractLoadPlanBuildingAssociationVisitationStrategy - >> Starting entity identifier : bloodbank.entity.Phone
2021-11-19T10:23:52,654|[DEBUG] MetamodelGraphWalker - Visiting attribute path : epochCreated
2021-11-19T10:23:52,654|[TRACE] AbstractLoadPlanBuildingAssociationVisitationStrategy - >> Starting attribute Attribute(name=epochCreated, type=long [non-identifier])
2021-11-19T10:23:52,654|[TRACE] AbstractLoadPlanBuildingAssociationVisitationStrategy - << Finishing up attribute : Attribute(name=epochCreated, type=long [non-identifier])
2021-11-19T10:23:52,654|[DEBUG] MetamodelGraphWalker - Visiting attribute path : epochUpdated
2021-11-19T10:23:52,654|[TRACE] AbstractLoadPlanBuildingAssociationVisitationStrategy - >> Starting attribute Attribute(name=epochUpdated, type=long [non-identifier])
2021-11-19T10:23:52,654|[TRACE] AbstractLoadPlanBuildingAssociationVisitationStrategy - << Finishing up attribute : Attribute(name=epochUpdated, type=long [non-identifier])
2021-11-19T10:23:52,654|[DEBUG] MetamodelGraphWalker - Visiting attribute path : version
2021-11-19T10:23:52,654|[TRACE] AbstractLoadPlanBuildingAssociationVisitationStrategy - >> Starting attribute Attribute(name=version, type=integer [non-identifier])
2021-11-19T10:23:52,654|[TRACE] AbstractLoadPlanBuildingAssociationVisitationStrategy - << Finishing up attribute : Attribute(name=version, type=integer [non-identifier])
2021-11-19T10:23:52,654|[DEBUG] MetamodelGraphWalker - Visiting attribute path : areaCode
2021-11-19T10:23:52,654|[TRACE] AbstractLoadPlanBuildingAssociationVisitationStrategy - >> Starting attribute Attribute(name=areaCode, type=string [non-identifier])
2021-11-19T10:23:52,654|[TRACE] AbstractLoadPlanBuildingAssociationVisitationStrategy - << Finishing up attribute : Attribute(name=areaCode, type=string [non-identifier])
2021-11-19T10:23:52,654|[DEBUG] MetamodelGraphWalker - Visiting attribute path : contacts
2021-11-19T10:23:52,654|[TRACE] AbstractLoadPlanBuildingAssociationVisitationStrategy - >> Starting attribute Attribute(name=contacts, type=java.util.Set(bloodbank.entity.Phone.contacts) [non-identifier,association])
2021-11-19T10:23:52,654|[DEBUG] QuerySpacesImpl - Adding QuerySpace : uid = <gen:1> -> org.hibernate.loader.plan.build.internal.spaces.CollectionQuerySpaceImpl@1a45e29f]
2021-11-19T10:23:52,654|[DEBUG] QuerySpacesImpl - Adding QuerySpace : uid = <gen:2> -> org.hibernate.loader.plan.build.internal.spaces.EntityQuerySpaceImpl@44580de0]
2021-11-19T10:23:52,654|[DEBUG] QuerySpacesImpl - Adding QuerySpace : uid = <gen:2>-id -> org.hibernate.loader.plan.build.internal.spaces.CompositeQuerySpaceImpl@7b4c793b]
2021-11-19T10:23:52,654|[TRACE] AbstractLoadPlanBuildingAssociationVisitationStrategy - << Finishing up attribute : Attribute(name=contacts, type=java.util.Set(bloodbank.entity.Phone.contacts) [non-identifier,association])
2021-11-19T10:23:52,654|[DEBUG] MetamodelGraphWalker - Visiting attribute path : countryCode
2021-11-19T10:23:52,654|[TRACE] AbstractLoadPlanBuildingAssociationVisitationStrategy - >> Starting attribute Attribute(name=countryCode, type=string [non-identifier])
2021-11-19T10:23:52,654|[TRACE] AbstractLoadPlanBuildingAssociationVisitationStrategy - << Finishing up attribute : Attribute(name=countryCode, type=string [non-identifier])
2021-11-19T10:23:52,654|[DEBUG] MetamodelGraphWalker - Visiting attribute path : number
2021-11-19T10:23:52,654|[TRACE] AbstractLoadPlanBuildingAssociationVisitationStrategy - >> Starting attribute Attribute(name=number, type=string [non-identifier])
2021-11-19T10:23:52,654|[TRACE] AbstractLoadPlanBuildingAssociationVisitationStrategy - << Finishing up attribute : Attribute(name=number, type=string [non-identifier])
2021-11-19T10:23:52,654|[TRACE] AbstractLoadPlanBuildingAssociationVisitationStrategy - Popped fetch owner from stack : org.hibernate.loader.plan.build.internal.returns.EntityReturnImpl@32430075
2021-11-19T10:23:52,654|[TRACE] AbstractLoadPlanBuildingAssociationVisitationStrategy -  Finished root entity : bloodbank.entity.Phone
2021-11-19T10:23:52,654|[DEBUG] FetchStyleLoadPlanBuildingAssociationVisitationStrategy - Building LoadPlan...
2021-11-19T10:23:52,654|[DEBUG] LoadQueryJoinAndFetchProcessor - processing queryspace <gen:0>
2021-11-19T10:23:52,654|[DEBUG] LoadPlanTreePrinter - LoadPlan(entity=bloodbank.entity.Phone)
    - Returns
       - EntityReturnImpl(entity=bloodbank.entity.Phone, querySpaceUid=<gen:0>, path=bloodbank.entity.Phone)
          - CollectionAttributeFetchImpl(collection=bloodbank.entity.Phone.contacts, querySpaceUid=<gen:1>, path=bloodbank.entity.Phone.contacts)
             - (collection element) CollectionFetchableElementEntityGraph(entity=bloodbank.entity.Contact, querySpaceUid=<gen:2>, path=bloodbank.entity.Phone.contacts.<elements>)
    - QuerySpaces
       - EntityQuerySpaceImpl(uid=<gen:0>, entity=bloodbank.entity.Phone)
          - SQL table alias mapping - phone0_
          - alias suffix - 0_
          - suffixed key columns - {phone_id1_6_0_}

2021-11-19T10:23:52,654|[DEBUG] EntityLoader - Static select for entity bloodbank.entity.Phone [NONE]: select phone0_.phone_id as phone_id1_6_0_, phone0_.created as created2_6_0_, phone0_.updated as updated3_6_0_, phone0_.version as version4_6_0_, phone0_.area_code as area_cod5_6_0_, phone0_.country_code as country_6_6_0_, phone0_.number as number7_6_0_ from phone phone0_ where phone0_.phone_id=?
2021-11-19T10:23:52,655|[DEBUG] AbstractEntityPersister - Static SQL for entity: bloodbank.entity.BloodDonation
2021-11-19T10:23:52,655|[DEBUG] AbstractEntityPersister -  Version select: /* get version bloodbank.entity.BloodDonation */ select version from blood_donation where donation_id =?
2021-11-19T10:23:52,655|[DEBUG] AbstractEntityPersister -  Snapshot select: /* get current state bloodbank.entity.BloodDonation */ select blooddonat_.donation_id, blooddonat_.created as created2_2_, blooddonat_.updated as updated3_2_, blooddonat_.version as version4_2_, blooddonat_.bank_id as bank_id8_2_, blooddonat_.blood_group as blood_gr5_2_, blooddonat_.rhd as rhd6_2_, blooddonat_.milliliters as millilit7_2_ from blood_donation blooddonat_ where blooddonat_.donation_id=?
2021-11-19T10:23:52,655|[DEBUG] AbstractEntityPersister -  Insert 0: /* insert bloodbank.entity.BloodDonation */ insert into blood_donation (created, updated, version, bank_id, blood_group, rhd, milliliters, donation_id) values (?, ?, ?, ?, ?, ?, ?, ?)
2021-11-19T10:23:52,655|[DEBUG] AbstractEntityPersister -  Update 0: /* update bloodbank.entity.BloodDonation */ update blood_donation set created=?, updated=?, version=?, bank_id=?, blood_group=?, rhd=?, milliliters=? where donation_id=? and version=?
2021-11-19T10:23:52,655|[DEBUG] AbstractEntityPersister -  Delete 0: /* delete bloodbank.entity.BloodDonation */ delete from blood_donation where donation_id=? and version=?
2021-11-19T10:23:52,655|[DEBUG] AbstractEntityPersister -  Identity insert: /* insert bloodbank.entity.BloodDonation */ insert into blood_donation (created, updated, version, bank_id, blood_group, rhd, milliliters) values (?, ?, ?, ?, ?, ?, ?)
2021-11-19T10:23:52,655|[TRACE] AbstractLoadPlanBuildingAssociationVisitationStrategy -  Starting root entity : bloodbank.entity.BloodDonation
2021-11-19T10:23:52,655|[DEBUG] QuerySpacesImpl - Adding QuerySpace : uid = <gen:0> -> org.hibernate.loader.plan.build.internal.spaces.EntityQuerySpaceImpl@51a69e8f]
2021-11-19T10:23:52,655|[TRACE] AbstractLoadPlanBuildingAssociationVisitationStrategy - Pushing fetch source to stack : org.hibernate.loader.plan.build.internal.returns.EntityReturnImpl@6442cf3e
2021-11-19T10:23:52,655|[TRACE] AbstractLoadPlanBuildingAssociationVisitationStrategy - .. Registering AssociationKey : AssociationKey(table=blood_donation, columns={donation_id}) -> org.hibernate.loader.plan.build.internal.returns.EntityReturnImpl@6442cf3e
2021-11-19T10:23:52,655|[TRACE] AbstractLoadPlanBuildingAssociationVisitationStrategy - >> Starting entity identifier : bloodbank.entity.BloodDonation
2021-11-19T10:23:52,655|[DEBUG] MetamodelGraphWalker - Visiting attribute path : epochCreated
2021-11-19T10:23:52,655|[TRACE] AbstractLoadPlanBuildingAssociationVisitationStrategy - >> Starting attribute Attribute(name=epochCreated, type=long [non-identifier])
2021-11-19T10:23:52,655|[TRACE] AbstractLoadPlanBuildingAssociationVisitationStrategy - << Finishing up attribute : Attribute(name=epochCreated, type=long [non-identifier])
2021-11-19T10:23:52,655|[DEBUG] MetamodelGraphWalker - Visiting attribute path : epochUpdated
2021-11-19T10:23:52,655|[TRACE] AbstractLoadPlanBuildingAssociationVisitationStrategy - >> Starting attribute Attribute(name=epochUpdated, type=long [non-identifier])
2021-11-19T10:23:52,655|[TRACE] AbstractLoadPlanBuildingAssociationVisitationStrategy - << Finishing up attribute : Attribute(name=epochUpdated, type=long [non-identifier])
2021-11-19T10:23:52,655|[DEBUG] MetamodelGraphWalker - Visiting attribute path : version
2021-11-19T10:23:52,655|[TRACE] AbstractLoadPlanBuildingAssociationVisitationStrategy - >> Starting attribute Attribute(name=version, type=integer [non-identifier])
2021-11-19T10:23:52,655|[TRACE] AbstractLoadPlanBuildingAssociationVisitationStrategy - << Finishing up attribute : Attribute(name=version, type=integer [non-identifier])
2021-11-19T10:23:52,655|[DEBUG] MetamodelGraphWalker - Visiting attribute path : bank
2021-11-19T10:23:52,655|[TRACE] AbstractLoadPlanBuildingAssociationVisitationStrategy - >> Starting attribute Attribute(name=bank, type=bloodbank.entity.BloodBank [non-identifier,association])
2021-11-19T10:23:52,655|[DEBUG] QuerySpacesImpl - Adding QuerySpace : uid = <gen:1> -> org.hibernate.loader.plan.build.internal.spaces.EntityQuerySpaceImpl@60f1f95b]
2021-11-19T10:23:52,655|[TRACE] AbstractLoadPlanBuildingAssociationVisitationStrategy - << Finishing up attribute : Attribute(name=bank, type=bloodbank.entity.BloodBank [non-identifier,association])
2021-11-19T10:23:52,655|[DEBUG] MetamodelGraphWalker - Visiting attribute path : bloodType
2021-11-19T10:23:52,655|[TRACE] AbstractLoadPlanBuildingAssociationVisitationStrategy - >> Starting attribute Attribute(name=bloodType, type=component[bloodGroup,rhd] [non-identifier,composition])
2021-11-19T10:23:52,655|[DEBUG] QuerySpacesImpl - Adding QuerySpace : uid = <gen:2> -> org.hibernate.loader.plan.build.internal.spaces.CompositeQuerySpaceImpl@786cc1df]
2021-11-19T10:23:52,655|[TRACE] AbstractLoadPlanBuildingAssociationVisitationStrategy - Pushing fetch source to stack : org.hibernate.loader.plan.build.internal.returns.CompositeAttributeFetchImpl@1ddb6abb
2021-11-19T10:23:52,655|[TRACE] AbstractLoadPlanBuildingAssociationVisitationStrategy - >>>> Starting composite : bloodType
2021-11-19T10:23:52,655|[DEBUG] MetamodelGraphWalker - Visiting attribute path : bloodType.bloodGroup
2021-11-19T10:23:52,655|[TRACE] AbstractLoadPlanBuildingAssociationVisitationStrategy - >>>> Starting attribute Attribute(name=bloodGroup, type=string [non-identifier])
2021-11-19T10:23:52,655|[TRACE] AbstractLoadPlanBuildingAssociationVisitationStrategy - <<<< Finishing up attribute : Attribute(name=bloodGroup, type=string [non-identifier])
2021-11-19T10:23:52,655|[DEBUG] MetamodelGraphWalker - Visiting attribute path : bloodType.rhd
2021-11-19T10:23:52,655|[TRACE] AbstractLoadPlanBuildingAssociationVisitationStrategy - >>>> Starting attribute Attribute(name=rhd, type=byte [non-identifier])
2021-11-19T10:23:52,655|[TRACE] AbstractLoadPlanBuildingAssociationVisitationStrategy - <<<< Finishing up attribute : Attribute(name=rhd, type=byte [non-identifier])
2021-11-19T10:23:52,655|[TRACE] AbstractLoadPlanBuildingAssociationVisitationStrategy - <<<< Finishing composite : bloodType
2021-11-19T10:23:52,655|[TRACE] AbstractLoadPlanBuildingAssociationVisitationStrategy - Popped fetch owner from stack : org.hibernate.loader.plan.build.internal.returns.CompositeAttributeFetchImpl@1ddb6abb
2021-11-19T10:23:52,655|[TRACE] AbstractLoadPlanBuildingAssociationVisitationStrategy - << Finishing up attribute : Attribute(name=bloodType, type=component[bloodGroup,rhd] [non-identifier,composition])
2021-11-19T10:23:52,655|[DEBUG] MetamodelGraphWalker - Visiting attribute path : milliliters
2021-11-19T10:23:52,655|[TRACE] AbstractLoadPlanBuildingAssociationVisitationStrategy - >> Starting attribute Attribute(name=milliliters, type=integer [non-identifier])
2021-11-19T10:23:52,655|[TRACE] AbstractLoadPlanBuildingAssociationVisitationStrategy - << Finishing up attribute : Attribute(name=milliliters, type=integer [non-identifier])
2021-11-19T10:23:52,655|[DEBUG] MetamodelGraphWalker - Visiting attribute path : record
2021-11-19T10:23:52,655|[DEBUG] MetamodelGraphWalker - Property path deemed to be circular : record
2021-11-19T10:23:52,655|[TRACE] AbstractLoadPlanBuildingAssociationVisitationStrategy - Popped fetch owner from stack : org.hibernate.loader.plan.build.internal.returns.EntityReturnImpl@6442cf3e
2021-11-19T10:23:52,655|[TRACE] AbstractLoadPlanBuildingAssociationVisitationStrategy -  Finished root entity : bloodbank.entity.BloodDonation
2021-11-19T10:23:52,655|[DEBUG] FetchStyleLoadPlanBuildingAssociationVisitationStrategy - Building LoadPlan...
2021-11-19T10:23:52,655|[DEBUG] LoadQueryJoinAndFetchProcessor - processing queryspace <gen:0>
2021-11-19T10:23:52,655|[DEBUG] LoadPlanTreePrinter - LoadPlan(entity=bloodbank.entity.BloodDonation)
    - Returns
       - EntityReturnImpl(entity=bloodbank.entity.BloodDonation, querySpaceUid=<gen:0>, path=bloodbank.entity.BloodDonation)
          - EntityAttributeFetchImpl(entity=bloodbank.entity.BloodBank, querySpaceUid=<gen:1>, path=bloodbank.entity.BloodDonation.bank)
          - CompositeAttributeFetchImpl(composite=bloodbank.entity.BloodType, querySpaceUid=<gen:2>, path=bloodbank.entity.BloodDonation.bloodType)
    - QuerySpaces
       - EntityQuerySpaceImpl(uid=<gen:0>, entity=bloodbank.entity.BloodDonation)
          - SQL table alias mapping - blooddonat0_
          - alias suffix - 0_
          - suffixed key columns - {donation1_2_0_}
          - JOIN (JoinDefinedByMetadata(bloodType)) : <gen:0> -> <gen:2>
             - CompositeQuerySpaceImpl(uid=<gen:2>)
                - SQL table alias mapping - blooddonat0_

2021-11-19T10:23:52,655|[DEBUG] EntityLoader - Static select for entity bloodbank.entity.BloodDonation [NONE]: select blooddonat0_.donation_id as donation1_2_0_, blooddonat0_.created as created2_2_0_, blooddonat0_.updated as updated3_2_0_, blooddonat0_.version as version4_2_0_, blooddonat0_.bank_id as bank_id8_2_0_, blooddonat0_.blood_group as blood_gr5_2_0_, blooddonat0_.rhd as rhd6_2_0_, blooddonat0_.milliliters as millilit7_2_0_ from blood_donation blooddonat0_ where blooddonat0_.donation_id=?
2021-11-19T10:23:52,656|[DEBUG] AbstractEntityPersister - Static SQL for entity: bloodbank.entity.BloodBank
2021-11-19T10:23:52,656|[DEBUG] AbstractEntityPersister -  Version select: /* get version bloodbank.entity.BloodBank */ select version from blood_bank where bank_id =?
2021-11-19T10:23:52,656|[DEBUG] AbstractEntityPersister -  Snapshot select: /* get current state bloodbank.entity.BloodBank */ select bloodbank_.bank_id, bloodbank_.created as created3_1_, bloodbank_.updated as updated4_1_, bloodbank_.version as version5_1_, bloodbank_.name as name6_1_ from blood_bank bloodbank_ where bloodbank_.bank_id=?
2021-11-19T10:23:52,656|[DEBUG] AbstractEntityPersister -  Insert 0: /* insert bloodbank.entity.BloodBank */ insert into blood_bank (created, updated, version, name, privately_owned, bank_id) values (?, ?, ?, ?, -1082010826, ?)
2021-11-19T10:23:52,656|[DEBUG] AbstractEntityPersister -  Update 0: /* update bloodbank.entity.BloodBank */ update blood_bank set created=?, updated=?, version=?, name=? where bank_id=? and version=?
2021-11-19T10:23:52,658|[DEBUG] AbstractEntityPersister -  Delete 0: /* delete bloodbank.entity.BloodBank */ delete from blood_bank where bank_id=? and version=?
2021-11-19T10:23:52,658|[DEBUG] AbstractEntityPersister -  Identity insert: /* insert bloodbank.entity.BloodBank */ insert into blood_bank (created, updated, version, name, privately_owned) values (?, ?, ?, ?, -1082010826)
2021-11-19T10:23:52,659|[TRACE] AbstractLoadPlanBuildingAssociationVisitationStrategy -  Starting root entity : bloodbank.entity.BloodBank
2021-11-19T10:23:52,659|[DEBUG] QuerySpacesImpl - Adding QuerySpace : uid = <gen:0> -> org.hibernate.loader.plan.build.internal.spaces.EntityQuerySpaceImpl@6f926d01]
2021-11-19T10:23:52,659|[TRACE] AbstractLoadPlanBuildingAssociationVisitationStrategy - Pushing fetch source to stack : org.hibernate.loader.plan.build.internal.returns.EntityReturnImpl@c67a89
2021-11-19T10:23:52,659|[TRACE] AbstractLoadPlanBuildingAssociationVisitationStrategy - .. Registering AssociationKey : AssociationKey(table=blood_bank, columns={bank_id}) -> org.hibernate.loader.plan.build.internal.returns.EntityReturnImpl@c67a89
2021-11-19T10:23:52,659|[TRACE] AbstractLoadPlanBuildingAssociationVisitationStrategy - >> Starting entity identifier : bloodbank.entity.BloodBank
2021-11-19T10:23:52,659|[DEBUG] MetamodelGraphWalker - Visiting attribute path : epochCreated
2021-11-19T10:23:52,659|[TRACE] AbstractLoadPlanBuildingAssociationVisitationStrategy - >> Starting attribute Attribute(name=epochCreated, type=long [non-identifier])
2021-11-19T10:23:52,659|[TRACE] AbstractLoadPlanBuildingAssociationVisitationStrategy - << Finishing up attribute : Attribute(name=epochCreated, type=long [non-identifier])
2021-11-19T10:23:52,659|[DEBUG] MetamodelGraphWalker - Visiting attribute path : epochUpdated
2021-11-19T10:23:52,659|[TRACE] AbstractLoadPlanBuildingAssociationVisitationStrategy - >> Starting attribute Attribute(name=epochUpdated, type=long [non-identifier])
2021-11-19T10:23:52,659|[TRACE] AbstractLoadPlanBuildingAssociationVisitationStrategy - << Finishing up attribute : Attribute(name=epochUpdated, type=long [non-identifier])
2021-11-19T10:23:52,659|[DEBUG] MetamodelGraphWalker - Visiting attribute path : version
2021-11-19T10:23:52,659|[TRACE] AbstractLoadPlanBuildingAssociationVisitationStrategy - >> Starting attribute Attribute(name=version, type=integer [non-identifier])
2021-11-19T10:23:52,659|[TRACE] AbstractLoadPlanBuildingAssociationVisitationStrategy - << Finishing up attribute : Attribute(name=version, type=integer [non-identifier])
2021-11-19T10:23:52,659|[DEBUG] MetamodelGraphWalker - Visiting attribute path : donations
2021-11-19T10:23:52,659|[TRACE] AbstractLoadPlanBuildingAssociationVisitationStrategy - >> Starting attribute Attribute(name=donations, type=java.util.Set(bloodbank.entity.BloodBank.donations) [non-identifier,association])
2021-11-19T10:23:52,659|[DEBUG] QuerySpacesImpl - Adding QuerySpace : uid = <gen:1> -> org.hibernate.loader.plan.build.internal.spaces.CollectionQuerySpaceImpl@1e3a2177]
2021-11-19T10:23:52,659|[DEBUG] QuerySpacesImpl - Adding QuerySpace : uid = <gen:2> -> org.hibernate.loader.plan.build.internal.spaces.EntityQuerySpaceImpl@58720eb9]
2021-11-19T10:23:52,659|[TRACE] AbstractLoadPlanBuildingAssociationVisitationStrategy - << Finishing up attribute : Attribute(name=donations, type=java.util.Set(bloodbank.entity.BloodBank.donations) [non-identifier,association])
2021-11-19T10:23:52,659|[DEBUG] MetamodelGraphWalker - Visiting attribute path : name
2021-11-19T10:23:52,659|[TRACE] AbstractLoadPlanBuildingAssociationVisitationStrategy - >> Starting attribute Attribute(name=name, type=string [non-identifier])
2021-11-19T10:23:52,659|[TRACE] AbstractLoadPlanBuildingAssociationVisitationStrategy - << Finishing up attribute : Attribute(name=name, type=string [non-identifier])
2021-11-19T10:23:52,659|[TRACE] AbstractLoadPlanBuildingAssociationVisitationStrategy - Popped fetch owner from stack : org.hibernate.loader.plan.build.internal.returns.EntityReturnImpl@c67a89
2021-11-19T10:23:52,659|[TRACE] AbstractLoadPlanBuildingAssociationVisitationStrategy -  Finished root entity : bloodbank.entity.BloodBank
2021-11-19T10:23:52,659|[DEBUG] FetchStyleLoadPlanBuildingAssociationVisitationStrategy - Building LoadPlan...
2021-11-19T10:23:52,659|[DEBUG] LoadQueryJoinAndFetchProcessor - processing queryspace <gen:0>
2021-11-19T10:23:52,659|[DEBUG] LoadPlanTreePrinter - LoadPlan(entity=bloodbank.entity.BloodBank)
    - Returns
       - EntityReturnImpl(entity=bloodbank.entity.BloodBank, querySpaceUid=<gen:0>, path=bloodbank.entity.BloodBank)
          - CollectionAttributeFetchImpl(collection=bloodbank.entity.BloodBank.donations, querySpaceUid=<gen:1>, path=bloodbank.entity.BloodBank.donations)
             - (collection element) CollectionFetchableElementEntityGraph(entity=bloodbank.entity.BloodDonation, querySpaceUid=<gen:2>, path=bloodbank.entity.BloodBank.donations.<elements>)
    - QuerySpaces
       - EntityQuerySpaceImpl(uid=<gen:0>, entity=bloodbank.entity.BloodBank)
          - SQL table alias mapping - bloodbank0_
          - alias suffix - 0_
          - suffixed key columns - {bank_id2_1_0_}

2021-11-19T10:23:52,659|[DEBUG] EntityLoader - Static select for entity bloodbank.entity.BloodBank [NONE]: select bloodbank0_.bank_id as bank_id2_1_0_, bloodbank0_.created as created3_1_0_, bloodbank0_.updated as updated4_1_0_, bloodbank0_.version as version5_1_0_, bloodbank0_.name as name6_1_0_, bloodbank0_.privately_owned as privatel1_1_0_ from blood_bank bloodbank0_ where bloodbank0_.bank_id=?
2021-11-19T10:23:52,660|[DEBUG] AbstractEntityPersister - Static SQL for entity: bloodbank.entity.PrivateBloodBank
2021-11-19T10:23:52,660|[DEBUG] AbstractEntityPersister -  Version select: /* get version bloodbank.entity.PrivateBloodBank */ select version from blood_bank where bank_id =?
2021-11-19T10:23:52,660|[DEBUG] AbstractEntityPersister -  Snapshot select: /* get current state bloodbank.entity.PrivateBloodBank */ select privateblo_.bank_id, privateblo_.created as created3_1_, privateblo_.updated as updated4_1_, privateblo_.version as version5_1_, privateblo_.name as name6_1_ from blood_bank privateblo_ where privateblo_.bank_id=?
2021-11-19T10:23:52,660|[DEBUG] AbstractEntityPersister -  Insert 0: /* insert bloodbank.entity.PrivateBloodBank */ insert into blood_bank (created, updated, version, name, privately_owned, bank_id) values (?, ?, ?, ?, 1, ?)
2021-11-19T10:23:52,660|[DEBUG] AbstractEntityPersister -  Update 0: /* update bloodbank.entity.PrivateBloodBank */ update blood_bank set created=?, updated=?, version=?, name=? where bank_id=? and version=?
2021-11-19T10:23:52,660|[DEBUG] AbstractEntityPersister -  Delete 0: /* delete bloodbank.entity.PrivateBloodBank */ delete from blood_bank where bank_id=? and version=?
2021-11-19T10:23:52,660|[DEBUG] AbstractEntityPersister -  Identity insert: /* insert bloodbank.entity.PrivateBloodBank */ insert into blood_bank (created, updated, version, name, privately_owned) values (?, ?, ?, ?, 1)
2021-11-19T10:23:52,660|[TRACE] AbstractLoadPlanBuildingAssociationVisitationStrategy -  Starting root entity : bloodbank.entity.PrivateBloodBank
2021-11-19T10:23:52,660|[DEBUG] QuerySpacesImpl - Adding QuerySpace : uid = <gen:0> -> org.hibernate.loader.plan.build.internal.spaces.EntityQuerySpaceImpl@24749ad3]
2021-11-19T10:23:52,660|[TRACE] AbstractLoadPlanBuildingAssociationVisitationStrategy - Pushing fetch source to stack : org.hibernate.loader.plan.build.internal.returns.EntityReturnImpl@1755aee6
2021-11-19T10:23:52,660|[TRACE] AbstractLoadPlanBuildingAssociationVisitationStrategy - .. Registering AssociationKey : AssociationKey(table=blood_bank, columns={bank_id}) -> org.hibernate.loader.plan.build.internal.returns.EntityReturnImpl@1755aee6
2021-11-19T10:23:52,660|[TRACE] AbstractLoadPlanBuildingAssociationVisitationStrategy - >> Starting entity identifier : bloodbank.entity.PrivateBloodBank
2021-11-19T10:23:52,660|[DEBUG] MetamodelGraphWalker - Visiting attribute path : epochCreated
2021-11-19T10:23:52,660|[TRACE] AbstractLoadPlanBuildingAssociationVisitationStrategy - >> Starting attribute Attribute(name=epochCreated, type=long [non-identifier])
2021-11-19T10:23:52,660|[TRACE] AbstractLoadPlanBuildingAssociationVisitationStrategy - << Finishing up attribute : Attribute(name=epochCreated, type=long [non-identifier])
2021-11-19T10:23:52,660|[DEBUG] MetamodelGraphWalker - Visiting attribute path : epochUpdated
2021-11-19T10:23:52,660|[TRACE] AbstractLoadPlanBuildingAssociationVisitationStrategy - >> Starting attribute Attribute(name=epochUpdated, type=long [non-identifier])
2021-11-19T10:23:52,660|[TRACE] AbstractLoadPlanBuildingAssociationVisitationStrategy - << Finishing up attribute : Attribute(name=epochUpdated, type=long [non-identifier])
2021-11-19T10:23:52,660|[DEBUG] MetamodelGraphWalker - Visiting attribute path : version
2021-11-19T10:23:52,660|[TRACE] AbstractLoadPlanBuildingAssociationVisitationStrategy - >> Starting attribute Attribute(name=version, type=integer [non-identifier])
2021-11-19T10:23:52,660|[TRACE] AbstractLoadPlanBuildingAssociationVisitationStrategy - << Finishing up attribute : Attribute(name=version, type=integer [non-identifier])
2021-11-19T10:23:52,660|[DEBUG] MetamodelGraphWalker - Visiting attribute path : donations
2021-11-19T10:23:52,660|[TRACE] AbstractLoadPlanBuildingAssociationVisitationStrategy - >> Starting attribute Attribute(name=donations, type=java.util.Set(bloodbank.entity.BloodBank.donations) [non-identifier,association])
2021-11-19T10:23:52,660|[DEBUG] QuerySpacesImpl - Adding QuerySpace : uid = <gen:1> -> org.hibernate.loader.plan.build.internal.spaces.CollectionQuerySpaceImpl@582b14e2]
2021-11-19T10:23:52,660|[DEBUG] QuerySpacesImpl - Adding QuerySpace : uid = <gen:2> -> org.hibernate.loader.plan.build.internal.spaces.EntityQuerySpaceImpl@10e4ce98]
2021-11-19T10:23:52,660|[TRACE] AbstractLoadPlanBuildingAssociationVisitationStrategy - << Finishing up attribute : Attribute(name=donations, type=java.util.Set(bloodbank.entity.BloodBank.donations) [non-identifier,association])
2021-11-19T10:23:52,660|[DEBUG] MetamodelGraphWalker - Visiting attribute path : name
2021-11-19T10:23:52,660|[TRACE] AbstractLoadPlanBuildingAssociationVisitationStrategy - >> Starting attribute Attribute(name=name, type=string [non-identifier])
2021-11-19T10:23:52,660|[TRACE] AbstractLoadPlanBuildingAssociationVisitationStrategy - << Finishing up attribute : Attribute(name=name, type=string [non-identifier])
2021-11-19T10:23:52,660|[TRACE] AbstractLoadPlanBuildingAssociationVisitationStrategy - Popped fetch owner from stack : org.hibernate.loader.plan.build.internal.returns.EntityReturnImpl@1755aee6
2021-11-19T10:23:52,660|[TRACE] AbstractLoadPlanBuildingAssociationVisitationStrategy -  Finished root entity : bloodbank.entity.PrivateBloodBank
2021-11-19T10:23:52,660|[DEBUG] FetchStyleLoadPlanBuildingAssociationVisitationStrategy - Building LoadPlan...
2021-11-19T10:23:52,660|[DEBUG] LoadQueryJoinAndFetchProcessor - processing queryspace <gen:0>
2021-11-19T10:23:52,660|[DEBUG] LoadPlanTreePrinter - LoadPlan(entity=bloodbank.entity.PrivateBloodBank)
    - Returns
       - EntityReturnImpl(entity=bloodbank.entity.PrivateBloodBank, querySpaceUid=<gen:0>, path=bloodbank.entity.PrivateBloodBank)
          - CollectionAttributeFetchImpl(collection=bloodbank.entity.BloodBank.donations, querySpaceUid=<gen:1>, path=bloodbank.entity.PrivateBloodBank.donations)
             - (collection element) CollectionFetchableElementEntityGraph(entity=bloodbank.entity.BloodDonation, querySpaceUid=<gen:2>, path=bloodbank.entity.PrivateBloodBank.donations.<elements>)
    - QuerySpaces
       - EntityQuerySpaceImpl(uid=<gen:0>, entity=bloodbank.entity.PrivateBloodBank)
          - SQL table alias mapping - privateblo0_
          - alias suffix - 0_
          - suffixed key columns - {bank_id2_1_0_}

2021-11-19T10:23:52,660|[DEBUG] EntityLoader - Static select for entity bloodbank.entity.PrivateBloodBank [NONE]: select privateblo0_.bank_id as bank_id2_1_0_, privateblo0_.created as created3_1_0_, privateblo0_.updated as updated4_1_0_, privateblo0_.version as version5_1_0_, privateblo0_.name as name6_1_0_ from blood_bank privateblo0_ where privateblo0_.bank_id=? and privateblo0_.privately_owned=1
2021-11-19T10:23:52,661|[DEBUG] AbstractEntityPersister - Static SQL for entity: bloodbank.entity.DonationRecord
2021-11-19T10:23:52,661|[DEBUG] AbstractEntityPersister -  Version select: /* get version bloodbank.entity.DonationRecord */ select version from donation_record where record_id =?
2021-11-19T10:23:52,661|[DEBUG] AbstractEntityPersister -  Snapshot select: /* get current state bloodbank.entity.DonationRecord */ select donationre_.record_id, donationre_.created as created2_4_, donationre_.updated as updated3_4_, donationre_.version as version4_4_, donationre_.donation_id as donation6_4_, donationre_.person_id as person_i7_4_, donationre_.tested as tested5_4_ from donation_record donationre_ where donationre_.record_id=?
2021-11-19T10:23:52,661|[DEBUG] AbstractEntityPersister -  Insert 0: /* insert bloodbank.entity.DonationRecord */ insert into donation_record (created, updated, version, donation_id, person_id, tested, record_id) values (?, ?, ?, ?, ?, ?, ?)
2021-11-19T10:23:52,661|[DEBUG] AbstractEntityPersister -  Update 0: /* update bloodbank.entity.DonationRecord */ update donation_record set created=?, updated=?, version=?, donation_id=?, person_id=?, tested=? where record_id=? and version=?
2021-11-19T10:23:52,661|[DEBUG] AbstractEntityPersister -  Delete 0: /* delete bloodbank.entity.DonationRecord */ delete from donation_record where record_id=? and version=?
2021-11-19T10:23:52,661|[DEBUG] AbstractEntityPersister -  Identity insert: /* insert bloodbank.entity.DonationRecord */ insert into donation_record (created, updated, version, donation_id, person_id, tested) values (?, ?, ?, ?, ?, ?)
2021-11-19T10:23:52,661|[TRACE] AbstractLoadPlanBuildingAssociationVisitationStrategy -  Starting root entity : bloodbank.entity.DonationRecord
2021-11-19T10:23:52,661|[DEBUG] QuerySpacesImpl - Adding QuerySpace : uid = <gen:0> -> org.hibernate.loader.plan.build.internal.spaces.EntityQuerySpaceImpl@10466c55]
2021-11-19T10:23:52,661|[TRACE] AbstractLoadPlanBuildingAssociationVisitationStrategy - Pushing fetch source to stack : org.hibernate.loader.plan.build.internal.returns.EntityReturnImpl@2a5ed225
2021-11-19T10:23:52,661|[TRACE] AbstractLoadPlanBuildingAssociationVisitationStrategy - .. Registering AssociationKey : AssociationKey(table=donation_record, columns={record_id}) -> org.hibernate.loader.plan.build.internal.returns.EntityReturnImpl@2a5ed225
2021-11-19T10:23:52,661|[TRACE] AbstractLoadPlanBuildingAssociationVisitationStrategy - >> Starting entity identifier : bloodbank.entity.DonationRecord
2021-11-19T10:23:52,661|[DEBUG] MetamodelGraphWalker - Visiting attribute path : epochCreated
2021-11-19T10:23:52,661|[TRACE] AbstractLoadPlanBuildingAssociationVisitationStrategy - >> Starting attribute Attribute(name=epochCreated, type=long [non-identifier])
2021-11-19T10:23:52,661|[TRACE] AbstractLoadPlanBuildingAssociationVisitationStrategy - << Finishing up attribute : Attribute(name=epochCreated, type=long [non-identifier])
2021-11-19T10:23:52,661|[DEBUG] MetamodelGraphWalker - Visiting attribute path : epochUpdated
2021-11-19T10:23:52,661|[TRACE] AbstractLoadPlanBuildingAssociationVisitationStrategy - >> Starting attribute Attribute(name=epochUpdated, type=long [non-identifier])
2021-11-19T10:23:52,661|[TRACE] AbstractLoadPlanBuildingAssociationVisitationStrategy - << Finishing up attribute : Attribute(name=epochUpdated, type=long [non-identifier])
2021-11-19T10:23:52,661|[DEBUG] MetamodelGraphWalker - Visiting attribute path : version
2021-11-19T10:23:52,661|[TRACE] AbstractLoadPlanBuildingAssociationVisitationStrategy - >> Starting attribute Attribute(name=version, type=integer [non-identifier])
2021-11-19T10:23:52,661|[TRACE] AbstractLoadPlanBuildingAssociationVisitationStrategy - << Finishing up attribute : Attribute(name=version, type=integer [non-identifier])
2021-11-19T10:23:52,661|[DEBUG] MetamodelGraphWalker - Visiting attribute path : donation
2021-11-19T10:23:52,661|[TRACE] AbstractLoadPlanBuildingAssociationVisitationStrategy - >> Starting attribute Attribute(name=donation, type=bloodbank.entity.BloodDonation [non-identifier,association])
2021-11-19T10:23:52,661|[DEBUG] QuerySpacesImpl - Adding QuerySpace : uid = <gen:1> -> org.hibernate.loader.plan.build.internal.spaces.EntityQuerySpaceImpl@2a525f88]
2021-11-19T10:23:52,661|[TRACE] AbstractLoadPlanBuildingAssociationVisitationStrategy - Pushing fetch source to stack : org.hibernate.loader.plan.build.internal.returns.EntityAttributeFetchImpl@1cf4d454
2021-11-19T10:23:52,661|[TRACE] AbstractLoadPlanBuildingAssociationVisitationStrategy - .... Registering AssociationKey : AssociationKey(table=donation_record, columns={donation_id}) -> org.hibernate.loader.plan.build.internal.returns.EntityAttributeFetchImpl@1cf4d454
2021-11-19T10:23:52,661|[TRACE] AbstractLoadPlanBuildingAssociationVisitationStrategy - >>>> Starting entity identifier : bloodbank.entity.BloodDonation
2021-11-19T10:23:52,661|[DEBUG] MetamodelGraphWalker - Visiting attribute path : donation.epochCreated
2021-11-19T10:23:52,661|[TRACE] AbstractLoadPlanBuildingAssociationVisitationStrategy - >>>> Starting attribute Attribute(name=epochCreated, type=long [non-identifier])
2021-11-19T10:23:52,661|[TRACE] AbstractLoadPlanBuildingAssociationVisitationStrategy - <<<< Finishing up attribute : Attribute(name=epochCreated, type=long [non-identifier])
2021-11-19T10:23:52,661|[DEBUG] MetamodelGraphWalker - Visiting attribute path : donation.epochUpdated
2021-11-19T10:23:52,661|[TRACE] AbstractLoadPlanBuildingAssociationVisitationStrategy - >>>> Starting attribute Attribute(name=epochUpdated, type=long [non-identifier])
2021-11-19T10:23:52,661|[TRACE] AbstractLoadPlanBuildingAssociationVisitationStrategy - <<<< Finishing up attribute : Attribute(name=epochUpdated, type=long [non-identifier])
2021-11-19T10:23:52,661|[DEBUG] MetamodelGraphWalker - Visiting attribute path : donation.version
2021-11-19T10:23:52,661|[TRACE] AbstractLoadPlanBuildingAssociationVisitationStrategy - >>>> Starting attribute Attribute(name=version, type=integer [non-identifier])
2021-11-19T10:23:52,661|[TRACE] AbstractLoadPlanBuildingAssociationVisitationStrategy - <<<< Finishing up attribute : Attribute(name=version, type=integer [non-identifier])
2021-11-19T10:23:52,661|[DEBUG] MetamodelGraphWalker - Visiting attribute path : donation.bank
2021-11-19T10:23:52,661|[TRACE] AbstractLoadPlanBuildingAssociationVisitationStrategy - >>>> Starting attribute Attribute(name=bank, type=bloodbank.entity.BloodBank [non-identifier,association])
2021-11-19T10:23:52,661|[DEBUG] QuerySpacesImpl - Adding QuerySpace : uid = <gen:2> -> org.hibernate.loader.plan.build.internal.spaces.EntityQuerySpaceImpl@3ff3275b]
2021-11-19T10:23:52,661|[TRACE] AbstractLoadPlanBuildingAssociationVisitationStrategy - <<<< Finishing up attribute : Attribute(name=bank, type=bloodbank.entity.BloodBank [non-identifier,association])
2021-11-19T10:23:52,661|[DEBUG] MetamodelGraphWalker - Visiting attribute path : donation.bloodType
2021-11-19T10:23:52,661|[TRACE] AbstractLoadPlanBuildingAssociationVisitationStrategy - >>>> Starting attribute Attribute(name=bloodType, type=component[bloodGroup,rhd] [non-identifier,composition])
2021-11-19T10:23:52,661|[DEBUG] QuerySpacesImpl - Adding QuerySpace : uid = <gen:3> -> org.hibernate.loader.plan.build.internal.spaces.CompositeQuerySpaceImpl@63e0057a]
2021-11-19T10:23:52,661|[TRACE] AbstractLoadPlanBuildingAssociationVisitationStrategy - Pushing fetch source to stack : org.hibernate.loader.plan.build.internal.returns.CompositeAttributeFetchImpl@5b76b891
2021-11-19T10:23:52,661|[TRACE] AbstractLoadPlanBuildingAssociationVisitationStrategy - >>>>>> Starting composite : bloodType
2021-11-19T10:23:52,661|[DEBUG] MetamodelGraphWalker - Visiting attribute path : donation.bloodType.bloodGroup
2021-11-19T10:23:52,661|[TRACE] AbstractLoadPlanBuildingAssociationVisitationStrategy - >>>>>> Starting attribute Attribute(name=bloodGroup, type=string [non-identifier])
2021-11-19T10:23:52,661|[TRACE] AbstractLoadPlanBuildingAssociationVisitationStrategy - <<<<<< Finishing up attribute : Attribute(name=bloodGroup, type=string [non-identifier])
2021-11-19T10:23:52,661|[DEBUG] MetamodelGraphWalker - Visiting attribute path : donation.bloodType.rhd
2021-11-19T10:23:52,661|[TRACE] AbstractLoadPlanBuildingAssociationVisitationStrategy - >>>>>> Starting attribute Attribute(name=rhd, type=byte [non-identifier])
2021-11-19T10:23:52,661|[TRACE] AbstractLoadPlanBuildingAssociationVisitationStrategy - <<<<<< Finishing up attribute : Attribute(name=rhd, type=byte [non-identifier])
2021-11-19T10:23:52,661|[TRACE] AbstractLoadPlanBuildingAssociationVisitationStrategy - <<<<<< Finishing composite : bloodType
2021-11-19T10:23:52,661|[TRACE] AbstractLoadPlanBuildingAssociationVisitationStrategy - Popped fetch owner from stack : org.hibernate.loader.plan.build.internal.returns.CompositeAttributeFetchImpl@5b76b891
2021-11-19T10:23:52,661|[TRACE] AbstractLoadPlanBuildingAssociationVisitationStrategy - <<<< Finishing up attribute : Attribute(name=bloodType, type=component[bloodGroup,rhd] [non-identifier,composition])
2021-11-19T10:23:52,661|[DEBUG] MetamodelGraphWalker - Visiting attribute path : donation.milliliters
2021-11-19T10:23:52,661|[TRACE] AbstractLoadPlanBuildingAssociationVisitationStrategy - >>>> Starting attribute Attribute(name=milliliters, type=integer [non-identifier])
2021-11-19T10:23:52,661|[TRACE] AbstractLoadPlanBuildingAssociationVisitationStrategy - <<<< Finishing up attribute : Attribute(name=milliliters, type=integer [non-identifier])
2021-11-19T10:23:52,661|[DEBUG] MetamodelGraphWalker - Visiting attribute path : donation.record
2021-11-19T10:23:52,661|[TRACE] AbstractLoadPlanBuildingAssociationVisitationStrategy - >>>> Starting attribute Attribute(name=record, type=bloodbank.entity.DonationRecord [non-identifier,association])
2021-11-19T10:23:52,661|[DEBUG] QuerySpacesImpl - Adding QuerySpace : uid = <gen:4> -> org.hibernate.loader.plan.build.internal.spaces.EntityQuerySpaceImpl@611a91df]
2021-11-19T10:23:52,661|[TRACE] AbstractLoadPlanBuildingAssociationVisitationStrategy - <<<< Finishing up attribute : Attribute(name=record, type=bloodbank.entity.DonationRecord [non-identifier,association])
2021-11-19T10:23:52,661|[TRACE] AbstractLoadPlanBuildingAssociationVisitationStrategy - Popped fetch owner from stack : org.hibernate.loader.plan.build.internal.returns.EntityAttributeFetchImpl@1cf4d454
2021-11-19T10:23:52,661|[TRACE] AbstractLoadPlanBuildingAssociationVisitationStrategy - << Finishing up attribute : Attribute(name=donation, type=bloodbank.entity.BloodDonation [non-identifier,association])
2021-11-19T10:23:52,661|[DEBUG] MetamodelGraphWalker - Visiting attribute path : owner
2021-11-19T10:23:52,661|[TRACE] AbstractLoadPlanBuildingAssociationVisitationStrategy - >> Starting attribute Attribute(name=owner, type=bloodbank.entity.Person [non-identifier,association])
2021-11-19T10:23:52,661|[DEBUG] QuerySpacesImpl - Adding QuerySpace : uid = <gen:5> -> org.hibernate.loader.plan.build.internal.spaces.EntityQuerySpaceImpl@47f5ab58]
2021-11-19T10:23:52,661|[TRACE] AbstractLoadPlanBuildingAssociationVisitationStrategy - << Finishing up attribute : Attribute(name=owner, type=bloodbank.entity.Person [non-identifier,association])
2021-11-19T10:23:52,661|[DEBUG] MetamodelGraphWalker - Visiting attribute path : tested
2021-11-19T10:23:52,661|[TRACE] AbstractLoadPlanBuildingAssociationVisitationStrategy - >> Starting attribute Attribute(name=tested, type=byte [non-identifier])
2021-11-19T10:23:52,661|[TRACE] AbstractLoadPlanBuildingAssociationVisitationStrategy - << Finishing up attribute : Attribute(name=tested, type=byte [non-identifier])
2021-11-19T10:23:52,662|[TRACE] AbstractLoadPlanBuildingAssociationVisitationStrategy - Popped fetch owner from stack : org.hibernate.loader.plan.build.internal.returns.EntityReturnImpl@2a5ed225
2021-11-19T10:23:52,662|[TRACE] AbstractLoadPlanBuildingAssociationVisitationStrategy -  Finished root entity : bloodbank.entity.DonationRecord
2021-11-19T10:23:52,662|[DEBUG] FetchStyleLoadPlanBuildingAssociationVisitationStrategy - Building LoadPlan...
2021-11-19T10:23:52,662|[DEBUG] LoadQueryJoinAndFetchProcessor - processing queryspace <gen:0>
2021-11-19T10:23:52,662|[DEBUG] LoadPlanTreePrinter - LoadPlan(entity=bloodbank.entity.DonationRecord)
    - Returns
       - EntityReturnImpl(entity=bloodbank.entity.DonationRecord, querySpaceUid=<gen:0>, path=bloodbank.entity.DonationRecord)
          - EntityAttributeFetchImpl(entity=bloodbank.entity.BloodDonation, querySpaceUid=<gen:1>, path=bloodbank.entity.DonationRecord.donation)
             - EntityAttributeFetchImpl(entity=bloodbank.entity.BloodBank, querySpaceUid=<gen:2>, path=bloodbank.entity.DonationRecord.donation.bank)
             - CompositeAttributeFetchImpl(composite=bloodbank.entity.BloodType, querySpaceUid=<gen:3>, path=bloodbank.entity.DonationRecord.donation.bloodType)
             - EntityAttributeFetchImpl(entity=bloodbank.entity.DonationRecord, querySpaceUid=<gen:4>, path=bloodbank.entity.DonationRecord.donation.record)
          - EntityAttributeFetchImpl(entity=bloodbank.entity.Person, querySpaceUid=<gen:5>, path=bloodbank.entity.DonationRecord.owner)
    - QuerySpaces
       - EntityQuerySpaceImpl(uid=<gen:0>, entity=bloodbank.entity.DonationRecord)
          - SQL table alias mapping - donationre0_
          - alias suffix - 0_
          - suffixed key columns - {record_i1_4_0_}
          - JOIN (JoinDefinedByMetadata(donation)) : <gen:0> -> <gen:1>
             - EntityQuerySpaceImpl(uid=<gen:1>, entity=bloodbank.entity.BloodDonation)
                - SQL table alias mapping - blooddonat1_
                - alias suffix - 1_
                - suffixed key columns - {donation1_2_1_}
                - JOIN (JoinDefinedByMetadata(bloodType)) : <gen:1> -> <gen:3>
                   - CompositeQuerySpaceImpl(uid=<gen:3>)
                      - SQL table alias mapping - blooddonat1_

2021-11-19T10:23:52,662|[DEBUG] EntityLoader - Static select for entity bloodbank.entity.DonationRecord [NONE]: select donationre0_.record_id as record_i1_4_0_, donationre0_.created as created2_4_0_, donationre0_.updated as updated3_4_0_, donationre0_.version as version4_4_0_, donationre0_.donation_id as donation6_4_0_, donationre0_.person_id as person_i7_4_0_, donationre0_.tested as tested5_4_0_, blooddonat1_.donation_id as donation1_2_1_, blooddonat1_.created as created2_2_1_, blooddonat1_.updated as updated3_2_1_, blooddonat1_.version as version4_2_1_, blooddonat1_.bank_id as bank_id8_2_1_, blooddonat1_.blood_group as blood_gr5_2_1_, blooddonat1_.rhd as rhd6_2_1_, blooddonat1_.milliliters as millilit7_2_1_ from donation_record donationre0_ inner join blood_donation blooddonat1_ on donationre0_.donation_id=blooddonat1_.donation_id where donationre0_.record_id=?
2021-11-19T10:23:52,663|[DEBUG] AbstractEntityPersister - Static SQL for entity: bloodbank.entity.Address
2021-11-19T10:23:52,663|[DEBUG] AbstractEntityPersister -  Version select: /* get version bloodbank.entity.Address */ select version from address where address_id =?
2021-11-19T10:23:52,663|[DEBUG] AbstractEntityPersister -  Snapshot select: /* get current state bloodbank.entity.Address */ select address_.address_id, address_.created as created2_0_, address_.updated as updated3_0_, address_.version as version4_0_, address_.city as city5_0_, address_.country as country6_0_, address_.province as province7_0_, address_.street as street8_0_, address_.street_number as street_n9_0_, address_.zipcode as zipcode10_0_ from address address_ where address_.address_id=?
2021-11-19T10:23:52,663|[DEBUG] AbstractEntityPersister -  Insert 0: /* insert bloodbank.entity.Address */ insert into address (created, updated, version, city, country, province, street, street_number, zipcode, address_id) values (?, ?, ?, ?, ?, ?, ?, ?, ?, ?)
2021-11-19T10:23:52,663|[DEBUG] AbstractEntityPersister -  Update 0: /* update bloodbank.entity.Address */ update address set created=?, updated=?, version=?, city=?, country=?, province=?, street=?, street_number=?, zipcode=? where address_id=? and version=?
2021-11-19T10:23:52,663|[DEBUG] AbstractEntityPersister -  Delete 0: /* delete bloodbank.entity.Address */ delete from address where address_id=? and version=?
2021-11-19T10:23:52,663|[DEBUG] AbstractEntityPersister -  Identity insert: /* insert bloodbank.entity.Address */ insert into address (created, updated, version, city, country, province, street, street_number, zipcode) values (?, ?, ?, ?, ?, ?, ?, ?, ?)
2021-11-19T10:23:52,663|[TRACE] AbstractLoadPlanBuildingAssociationVisitationStrategy -  Starting root entity : bloodbank.entity.Address
2021-11-19T10:23:52,663|[DEBUG] QuerySpacesImpl - Adding QuerySpace : uid = <gen:0> -> org.hibernate.loader.plan.build.internal.spaces.EntityQuerySpaceImpl@245dbd09]
2021-11-19T10:23:52,663|[TRACE] AbstractLoadPlanBuildingAssociationVisitationStrategy - Pushing fetch source to stack : org.hibernate.loader.plan.build.internal.returns.EntityReturnImpl@4a013b23
2021-11-19T10:23:52,663|[TRACE] AbstractLoadPlanBuildingAssociationVisitationStrategy - .. Registering AssociationKey : AssociationKey(table=address, columns={address_id}) -> org.hibernate.loader.plan.build.internal.returns.EntityReturnImpl@4a013b23
2021-11-19T10:23:52,663|[TRACE] AbstractLoadPlanBuildingAssociationVisitationStrategy - >> Starting entity identifier : bloodbank.entity.Address
2021-11-19T10:23:52,663|[DEBUG] MetamodelGraphWalker - Visiting attribute path : epochCreated
2021-11-19T10:23:52,663|[TRACE] AbstractLoadPlanBuildingAssociationVisitationStrategy - >> Starting attribute Attribute(name=epochCreated, type=long [non-identifier])
2021-11-19T10:23:52,663|[TRACE] AbstractLoadPlanBuildingAssociationVisitationStrategy - << Finishing up attribute : Attribute(name=epochCreated, type=long [non-identifier])
2021-11-19T10:23:52,663|[DEBUG] MetamodelGraphWalker - Visiting attribute path : epochUpdated
2021-11-19T10:23:52,663|[TRACE] AbstractLoadPlanBuildingAssociationVisitationStrategy - >> Starting attribute Attribute(name=epochUpdated, type=long [non-identifier])
2021-11-19T10:23:52,663|[TRACE] AbstractLoadPlanBuildingAssociationVisitationStrategy - << Finishing up attribute : Attribute(name=epochUpdated, type=long [non-identifier])
2021-11-19T10:23:52,663|[DEBUG] MetamodelGraphWalker - Visiting attribute path : version
2021-11-19T10:23:52,663|[TRACE] AbstractLoadPlanBuildingAssociationVisitationStrategy - >> Starting attribute Attribute(name=version, type=integer [non-identifier])
2021-11-19T10:23:52,663|[TRACE] AbstractLoadPlanBuildingAssociationVisitationStrategy - << Finishing up attribute : Attribute(name=version, type=integer [non-identifier])
2021-11-19T10:23:52,663|[DEBUG] MetamodelGraphWalker - Visiting attribute path : city
2021-11-19T10:23:52,663|[TRACE] AbstractLoadPlanBuildingAssociationVisitationStrategy - >> Starting attribute Attribute(name=city, type=string [non-identifier])
2021-11-19T10:23:52,663|[TRACE] AbstractLoadPlanBuildingAssociationVisitationStrategy - << Finishing up attribute : Attribute(name=city, type=string [non-identifier])
2021-11-19T10:23:52,663|[DEBUG] MetamodelGraphWalker - Visiting attribute path : contacts
2021-11-19T10:23:52,663|[TRACE] AbstractLoadPlanBuildingAssociationVisitationStrategy - >> Starting attribute Attribute(name=contacts, type=java.util.Set(bloodbank.entity.Address.contacts) [non-identifier,association])
2021-11-19T10:23:52,663|[DEBUG] QuerySpacesImpl - Adding QuerySpace : uid = <gen:1> -> org.hibernate.loader.plan.build.internal.spaces.CollectionQuerySpaceImpl@7f20dfd5]
2021-11-19T10:23:52,663|[DEBUG] QuerySpacesImpl - Adding QuerySpace : uid = <gen:2> -> org.hibernate.loader.plan.build.internal.spaces.EntityQuerySpaceImpl@15651402]
2021-11-19T10:23:52,663|[DEBUG] QuerySpacesImpl - Adding QuerySpace : uid = <gen:2>-id -> org.hibernate.loader.plan.build.internal.spaces.CompositeQuerySpaceImpl@5c194652]
2021-11-19T10:23:52,663|[TRACE] AbstractLoadPlanBuildingAssociationVisitationStrategy - << Finishing up attribute : Attribute(name=contacts, type=java.util.Set(bloodbank.entity.Address.contacts) [non-identifier,association])
2021-11-19T10:23:52,663|[DEBUG] MetamodelGraphWalker - Visiting attribute path : country
2021-11-19T10:23:52,663|[TRACE] AbstractLoadPlanBuildingAssociationVisitationStrategy - >> Starting attribute Attribute(name=country, type=string [non-identifier])
2021-11-19T10:23:52,663|[TRACE] AbstractLoadPlanBuildingAssociationVisitationStrategy - << Finishing up attribute : Attribute(name=country, type=string [non-identifier])
2021-11-19T10:23:52,663|[DEBUG] MetamodelGraphWalker - Visiting attribute path : province
2021-11-19T10:23:52,663|[TRACE] AbstractLoadPlanBuildingAssociationVisitationStrategy - >> Starting attribute Attribute(name=province, type=string [non-identifier])
2021-11-19T10:23:52,663|[TRACE] AbstractLoadPlanBuildingAssociationVisitationStrategy - << Finishing up attribute : Attribute(name=province, type=string [non-identifier])
2021-11-19T10:23:52,663|[DEBUG] MetamodelGraphWalker - Visiting attribute path : street
2021-11-19T10:23:52,663|[TRACE] AbstractLoadPlanBuildingAssociationVisitationStrategy - >> Starting attribute Attribute(name=street, type=string [non-identifier])
2021-11-19T10:23:52,663|[TRACE] AbstractLoadPlanBuildingAssociationVisitationStrategy - << Finishing up attribute : Attribute(name=street, type=string [non-identifier])
2021-11-19T10:23:52,663|[DEBUG] MetamodelGraphWalker - Visiting attribute path : streetNumber
2021-11-19T10:23:52,663|[TRACE] AbstractLoadPlanBuildingAssociationVisitationStrategy - >> Starting attribute Attribute(name=streetNumber, type=string [non-identifier])
2021-11-19T10:23:52,663|[TRACE] AbstractLoadPlanBuildingAssociationVisitationStrategy - << Finishing up attribute : Attribute(name=streetNumber, type=string [non-identifier])
2021-11-19T10:23:52,663|[DEBUG] MetamodelGraphWalker - Visiting attribute path : zipcode
2021-11-19T10:23:52,663|[TRACE] AbstractLoadPlanBuildingAssociationVisitationStrategy - >> Starting attribute Attribute(name=zipcode, type=string [non-identifier])
2021-11-19T10:23:52,663|[TRACE] AbstractLoadPlanBuildingAssociationVisitationStrategy - << Finishing up attribute : Attribute(name=zipcode, type=string [non-identifier])
2021-11-19T10:23:52,663|[TRACE] AbstractLoadPlanBuildingAssociationVisitationStrategy - Popped fetch owner from stack : org.hibernate.loader.plan.build.internal.returns.EntityReturnImpl@4a013b23
2021-11-19T10:23:52,663|[TRACE] AbstractLoadPlanBuildingAssociationVisitationStrategy -  Finished root entity : bloodbank.entity.Address
2021-11-19T10:23:52,663|[DEBUG] FetchStyleLoadPlanBuildingAssociationVisitationStrategy - Building LoadPlan...
2021-11-19T10:23:52,664|[DEBUG] LoadQueryJoinAndFetchProcessor - processing queryspace <gen:0>
2021-11-19T10:23:52,664|[DEBUG] LoadPlanTreePrinter - LoadPlan(entity=bloodbank.entity.Address)
    - Returns
       - EntityReturnImpl(entity=bloodbank.entity.Address, querySpaceUid=<gen:0>, path=bloodbank.entity.Address)
          - CollectionAttributeFetchImpl(collection=bloodbank.entity.Address.contacts, querySpaceUid=<gen:1>, path=bloodbank.entity.Address.contacts)
             - (collection element) CollectionFetchableElementEntityGraph(entity=bloodbank.entity.Contact, querySpaceUid=<gen:2>, path=bloodbank.entity.Address.contacts.<elements>)
    - QuerySpaces
       - EntityQuerySpaceImpl(uid=<gen:0>, entity=bloodbank.entity.Address)
          - SQL table alias mapping - address0_
          - alias suffix - 0_
          - suffixed key columns - {address_1_0_0_}

2021-11-19T10:23:52,664|[DEBUG] EntityLoader - Static select for entity bloodbank.entity.Address [NONE]: select address0_.address_id as address_1_0_0_, address0_.created as created2_0_0_, address0_.updated as updated3_0_0_, address0_.version as version4_0_0_, address0_.city as city5_0_0_, address0_.country as country6_0_0_, address0_.province as province7_0_0_, address0_.street as street8_0_0_, address0_.street_number as street_n9_0_0_, address0_.zipcode as zipcode10_0_0_ from address address0_ where address0_.address_id=?
2021-11-19T10:23:52,664|[DEBUG] AbstractEntityPersister - Static SQL for entity: bloodbank.entity.Person
2021-11-19T10:23:52,664|[DEBUG] AbstractEntityPersister -  Version select: /* get version bloodbank.entity.Person */ select version from person where id =?
2021-11-19T10:23:52,664|[DEBUG] AbstractEntityPersister -  Snapshot select: /* get current state bloodbank.entity.Person */ select person_.id, person_.created as created2_5_, person_.updated as updated3_5_, person_.version as version4_5_, person_.first_name as first_na5_5_, person_.last_name as last_nam6_5_ from person person_ where person_.id=?
2021-11-19T10:23:52,664|[DEBUG] AbstractEntityPersister -  Insert 0: /* insert bloodbank.entity.Person */ insert into person (created, updated, version, first_name, last_name, id) values (?, ?, ?, ?, ?, ?)
2021-11-19T10:23:52,664|[DEBUG] AbstractEntityPersister -  Update 0: /* update bloodbank.entity.Person */ update person set created=?, updated=?, version=?, first_name=?, last_name=? where id=? and version=?
2021-11-19T10:23:52,664|[DEBUG] AbstractEntityPersister -  Delete 0: /* delete bloodbank.entity.Person */ delete from person where id=? and version=?
2021-11-19T10:23:52,664|[DEBUG] AbstractEntityPersister -  Identity insert: /* insert bloodbank.entity.Person */ insert into person (created, updated, version, first_name, last_name) values (?, ?, ?, ?, ?)
2021-11-19T10:23:52,664|[TRACE] AbstractLoadPlanBuildingAssociationVisitationStrategy -  Starting root entity : bloodbank.entity.Person
2021-11-19T10:23:52,664|[DEBUG] QuerySpacesImpl - Adding QuerySpace : uid = <gen:0> -> org.hibernate.loader.plan.build.internal.spaces.EntityQuerySpaceImpl@1f02b6d1]
2021-11-19T10:23:52,664|[TRACE] AbstractLoadPlanBuildingAssociationVisitationStrategy - Pushing fetch source to stack : org.hibernate.loader.plan.build.internal.returns.EntityReturnImpl@66a50c93
2021-11-19T10:23:52,664|[TRACE] AbstractLoadPlanBuildingAssociationVisitationStrategy - .. Registering AssociationKey : AssociationKey(table=person, columns={id}) -> org.hibernate.loader.plan.build.internal.returns.EntityReturnImpl@66a50c93
2021-11-19T10:23:52,664|[TRACE] AbstractLoadPlanBuildingAssociationVisitationStrategy - >> Starting entity identifier : bloodbank.entity.Person
2021-11-19T10:23:52,664|[DEBUG] MetamodelGraphWalker - Visiting attribute path : epochCreated
2021-11-19T10:23:52,664|[TRACE] AbstractLoadPlanBuildingAssociationVisitationStrategy - >> Starting attribute Attribute(name=epochCreated, type=long [non-identifier])
2021-11-19T10:23:52,664|[TRACE] AbstractLoadPlanBuildingAssociationVisitationStrategy - << Finishing up attribute : Attribute(name=epochCreated, type=long [non-identifier])
2021-11-19T10:23:52,664|[DEBUG] MetamodelGraphWalker - Visiting attribute path : epochUpdated
2021-11-19T10:23:52,664|[TRACE] AbstractLoadPlanBuildingAssociationVisitationStrategy - >> Starting attribute Attribute(name=epochUpdated, type=long [non-identifier])
2021-11-19T10:23:52,664|[TRACE] AbstractLoadPlanBuildingAssociationVisitationStrategy - << Finishing up attribute : Attribute(name=epochUpdated, type=long [non-identifier])
2021-11-19T10:23:52,694|[DEBUG] MetamodelGraphWalker - Visiting attribute path : version
2021-11-19T10:23:52,694|[TRACE] AbstractLoadPlanBuildingAssociationVisitationStrategy - >> Starting attribute Attribute(name=version, type=integer [non-identifier])
2021-11-19T10:23:52,694|[TRACE] AbstractLoadPlanBuildingAssociationVisitationStrategy - << Finishing up attribute : Attribute(name=version, type=integer [non-identifier])
2021-11-19T10:23:52,694|[DEBUG] MetamodelGraphWalker - Visiting attribute path : contacts
2021-11-19T10:23:52,694|[TRACE] AbstractLoadPlanBuildingAssociationVisitationStrategy - >> Starting attribute Attribute(name=contacts, type=java.util.Set(bloodbank.entity.Person.contacts) [non-identifier,association])
2021-11-19T10:23:52,694|[DEBUG] QuerySpacesImpl - Adding QuerySpace : uid = <gen:1> -> org.hibernate.loader.plan.build.internal.spaces.CollectionQuerySpaceImpl@5bddd141]
2021-11-19T10:23:52,694|[DEBUG] QuerySpacesImpl - Adding QuerySpace : uid = <gen:2> -> org.hibernate.loader.plan.build.internal.spaces.EntityQuerySpaceImpl@4d6027be]
2021-11-19T10:23:52,694|[DEBUG] QuerySpacesImpl - Adding QuerySpace : uid = <gen:2>-id -> org.hibernate.loader.plan.build.internal.spaces.CompositeQuerySpaceImpl@475eb4fd]
2021-11-19T10:23:52,695|[TRACE] AbstractLoadPlanBuildingAssociationVisitationStrategy - << Finishing up attribute : Attribute(name=contacts, type=java.util.Set(bloodbank.entity.Person.contacts) [non-identifier,association])
2021-11-19T10:23:52,695|[DEBUG] MetamodelGraphWalker - Visiting attribute path : donations
2021-11-19T10:23:52,695|[TRACE] AbstractLoadPlanBuildingAssociationVisitationStrategy - >> Starting attribute Attribute(name=donations, type=java.util.Set(bloodbank.entity.Person.donations) [non-identifier,association])
2021-11-19T10:23:52,695|[DEBUG] QuerySpacesImpl - Adding QuerySpace : uid = <gen:3> -> org.hibernate.loader.plan.build.internal.spaces.CollectionQuerySpaceImpl@951e911]
2021-11-19T10:23:52,695|[DEBUG] QuerySpacesImpl - Adding QuerySpace : uid = <gen:4> -> org.hibernate.loader.plan.build.internal.spaces.EntityQuerySpaceImpl@3cb376a3]
2021-11-19T10:23:52,695|[TRACE] AbstractLoadPlanBuildingAssociationVisitationStrategy - << Finishing up attribute : Attribute(name=donations, type=java.util.Set(bloodbank.entity.Person.donations) [non-identifier,association])
2021-11-19T10:23:52,695|[DEBUG] MetamodelGraphWalker - Visiting attribute path : firstName
2021-11-19T10:23:52,695|[TRACE] AbstractLoadPlanBuildingAssociationVisitationStrategy - >> Starting attribute Attribute(name=firstName, type=string [non-identifier])
2021-11-19T10:23:52,695|[TRACE] AbstractLoadPlanBuildingAssociationVisitationStrategy - << Finishing up attribute : Attribute(name=firstName, type=string [non-identifier])
2021-11-19T10:23:52,695|[DEBUG] MetamodelGraphWalker - Visiting attribute path : lastName
2021-11-19T10:23:52,695|[TRACE] AbstractLoadPlanBuildingAssociationVisitationStrategy - >> Starting attribute Attribute(name=lastName, type=string [non-identifier])
2021-11-19T10:23:52,695|[TRACE] AbstractLoadPlanBuildingAssociationVisitationStrategy - << Finishing up attribute : Attribute(name=lastName, type=string [non-identifier])
2021-11-19T10:23:52,695|[TRACE] AbstractLoadPlanBuildingAssociationVisitationStrategy - Popped fetch owner from stack : org.hibernate.loader.plan.build.internal.returns.EntityReturnImpl@66a50c93
2021-11-19T10:23:52,695|[TRACE] AbstractLoadPlanBuildingAssociationVisitationStrategy -  Finished root entity : bloodbank.entity.Person
2021-11-19T10:23:52,695|[DEBUG] FetchStyleLoadPlanBuildingAssociationVisitationStrategy - Building LoadPlan...
2021-11-19T10:23:52,695|[DEBUG] LoadQueryJoinAndFetchProcessor - processing queryspace <gen:0>
2021-11-19T10:23:52,695|[DEBUG] LoadPlanTreePrinter - LoadPlan(entity=bloodbank.entity.Person)
    - Returns
       - EntityReturnImpl(entity=bloodbank.entity.Person, querySpaceUid=<gen:0>, path=bloodbank.entity.Person)
          - CollectionAttributeFetchImpl(collection=bloodbank.entity.Person.contacts, querySpaceUid=<gen:1>, path=bloodbank.entity.Person.contacts)
             - (collection element) CollectionFetchableElementEntityGraph(entity=bloodbank.entity.Contact, querySpaceUid=<gen:2>, path=bloodbank.entity.Person.contacts.<elements>)
          - CollectionAttributeFetchImpl(collection=bloodbank.entity.Person.donations, querySpaceUid=<gen:3>, path=bloodbank.entity.Person.donations)
             - (collection element) CollectionFetchableElementEntityGraph(entity=bloodbank.entity.DonationRecord, querySpaceUid=<gen:4>, path=bloodbank.entity.Person.donations.<elements>)
    - QuerySpaces
       - EntityQuerySpaceImpl(uid=<gen:0>, entity=bloodbank.entity.Person)
          - SQL table alias mapping - person0_
          - alias suffix - 0_
          - suffixed key columns - {id1_5_0_}

2021-11-19T10:23:52,695|[DEBUG] EntityLoader - Static select for entity bloodbank.entity.Person [NONE]: select person0_.id as id1_5_0_, person0_.created as created2_5_0_, person0_.updated as updated3_5_0_, person0_.version as version4_5_0_, person0_.first_name as first_na5_5_0_, person0_.last_name as last_nam6_5_0_ from person person0_ where person0_.id=?
2021-11-19T10:23:52,696|[DEBUG] AbstractEntityPersister - Static SQL for entity: bloodbank.entity.PublicBloodBank
2021-11-19T10:23:52,696|[DEBUG] AbstractEntityPersister -  Version select: /* get version bloodbank.entity.PublicBloodBank */ select version from blood_bank where bank_id =?
2021-11-19T10:23:52,696|[DEBUG] AbstractEntityPersister -  Snapshot select: /* get current state bloodbank.entity.PublicBloodBank */ select publicbloo_.bank_id, publicbloo_.created as created3_1_, publicbloo_.updated as updated4_1_, publicbloo_.version as version5_1_, publicbloo_.name as name6_1_ from blood_bank publicbloo_ where publicbloo_.bank_id=?
2021-11-19T10:23:52,696|[DEBUG] AbstractEntityPersister -  Insert 0: /* insert bloodbank.entity.PublicBloodBank */ insert into blood_bank (created, updated, version, name, privately_owned, bank_id) values (?, ?, ?, ?, 0, ?)
2021-11-19T10:23:52,696|[DEBUG] AbstractEntityPersister -  Update 0: /* update bloodbank.entity.PublicBloodBank */ update blood_bank set created=?, updated=?, version=?, name=? where bank_id=? and version=?
2021-11-19T10:23:52,696|[DEBUG] AbstractEntityPersister -  Delete 0: /* delete bloodbank.entity.PublicBloodBank */ delete from blood_bank where bank_id=? and version=?
2021-11-19T10:23:52,696|[DEBUG] AbstractEntityPersister -  Identity insert: /* insert bloodbank.entity.PublicBloodBank */ insert into blood_bank (created, updated, version, name, privately_owned) values (?, ?, ?, ?, 0)
2021-11-19T10:23:52,696|[TRACE] AbstractLoadPlanBuildingAssociationVisitationStrategy -  Starting root entity : bloodbank.entity.PublicBloodBank
2021-11-19T10:23:52,696|[DEBUG] QuerySpacesImpl - Adding QuerySpace : uid = <gen:0> -> org.hibernate.loader.plan.build.internal.spaces.EntityQuerySpaceImpl@7022fb5c]
2021-11-19T10:23:52,696|[TRACE] AbstractLoadPlanBuildingAssociationVisitationStrategy - Pushing fetch source to stack : org.hibernate.loader.plan.build.internal.returns.EntityReturnImpl@426940f9
2021-11-19T10:23:52,696|[TRACE] AbstractLoadPlanBuildingAssociationVisitationStrategy - .. Registering AssociationKey : AssociationKey(table=blood_bank, columns={bank_id}) -> org.hibernate.loader.plan.build.internal.returns.EntityReturnImpl@426940f9
2021-11-19T10:23:52,696|[TRACE] AbstractLoadPlanBuildingAssociationVisitationStrategy - >> Starting entity identifier : bloodbank.entity.PublicBloodBank
2021-11-19T10:23:52,696|[DEBUG] MetamodelGraphWalker - Visiting attribute path : epochCreated
2021-11-19T10:23:52,696|[TRACE] AbstractLoadPlanBuildingAssociationVisitationStrategy - >> Starting attribute Attribute(name=epochCreated, type=long [non-identifier])
2021-11-19T10:23:52,696|[TRACE] AbstractLoadPlanBuildingAssociationVisitationStrategy - << Finishing up attribute : Attribute(name=epochCreated, type=long [non-identifier])
2021-11-19T10:23:52,696|[DEBUG] MetamodelGraphWalker - Visiting attribute path : epochUpdated
2021-11-19T10:23:52,696|[TRACE] AbstractLoadPlanBuildingAssociationVisitationStrategy - >> Starting attribute Attribute(name=epochUpdated, type=long [non-identifier])
2021-11-19T10:23:52,696|[TRACE] AbstractLoadPlanBuildingAssociationVisitationStrategy - << Finishing up attribute : Attribute(name=epochUpdated, type=long [non-identifier])
2021-11-19T10:23:52,696|[DEBUG] MetamodelGraphWalker - Visiting attribute path : version
2021-11-19T10:23:52,696|[TRACE] AbstractLoadPlanBuildingAssociationVisitationStrategy - >> Starting attribute Attribute(name=version, type=integer [non-identifier])
2021-11-19T10:23:52,696|[TRACE] AbstractLoadPlanBuildingAssociationVisitationStrategy - << Finishing up attribute : Attribute(name=version, type=integer [non-identifier])
2021-11-19T10:23:52,696|[DEBUG] MetamodelGraphWalker - Visiting attribute path : donations
2021-11-19T10:23:52,696|[TRACE] AbstractLoadPlanBuildingAssociationVisitationStrategy - >> Starting attribute Attribute(name=donations, type=java.util.Set(bloodbank.entity.BloodBank.donations) [non-identifier,association])
2021-11-19T10:23:52,696|[DEBUG] QuerySpacesImpl - Adding QuerySpace : uid = <gen:1> -> org.hibernate.loader.plan.build.internal.spaces.CollectionQuerySpaceImpl@447630c4]
2021-11-19T10:23:52,696|[DEBUG] QuerySpacesImpl - Adding QuerySpace : uid = <gen:2> -> org.hibernate.loader.plan.build.internal.spaces.EntityQuerySpaceImpl@63d75087]
2021-11-19T10:23:52,696|[TRACE] AbstractLoadPlanBuildingAssociationVisitationStrategy - << Finishing up attribute : Attribute(name=donations, type=java.util.Set(bloodbank.entity.BloodBank.donations) [non-identifier,association])
2021-11-19T10:23:52,696|[DEBUG] MetamodelGraphWalker - Visiting attribute path : name
2021-11-19T10:23:52,696|[TRACE] AbstractLoadPlanBuildingAssociationVisitationStrategy - >> Starting attribute Attribute(name=name, type=string [non-identifier])
2021-11-19T10:23:52,696|[TRACE] AbstractLoadPlanBuildingAssociationVisitationStrategy - << Finishing up attribute : Attribute(name=name, type=string [non-identifier])
2021-11-19T10:23:52,696|[TRACE] AbstractLoadPlanBuildingAssociationVisitationStrategy - Popped fetch owner from stack : org.hibernate.loader.plan.build.internal.returns.EntityReturnImpl@426940f9
2021-11-19T10:23:52,696|[TRACE] AbstractLoadPlanBuildingAssociationVisitationStrategy -  Finished root entity : bloodbank.entity.PublicBloodBank
2021-11-19T10:23:52,696|[DEBUG] FetchStyleLoadPlanBuildingAssociationVisitationStrategy - Building LoadPlan...
2021-11-19T10:23:52,696|[DEBUG] LoadQueryJoinAndFetchProcessor - processing queryspace <gen:0>
2021-11-19T10:23:52,696|[DEBUG] LoadPlanTreePrinter - LoadPlan(entity=bloodbank.entity.PublicBloodBank)
    - Returns
       - EntityReturnImpl(entity=bloodbank.entity.PublicBloodBank, querySpaceUid=<gen:0>, path=bloodbank.entity.PublicBloodBank)
          - CollectionAttributeFetchImpl(collection=bloodbank.entity.BloodBank.donations, querySpaceUid=<gen:1>, path=bloodbank.entity.PublicBloodBank.donations)
             - (collection element) CollectionFetchableElementEntityGraph(entity=bloodbank.entity.BloodDonation, querySpaceUid=<gen:2>, path=bloodbank.entity.PublicBloodBank.donations.<elements>)
    - QuerySpaces
       - EntityQuerySpaceImpl(uid=<gen:0>, entity=bloodbank.entity.PublicBloodBank)
          - SQL table alias mapping - publicbloo0_
          - alias suffix - 0_
          - suffixed key columns - {bank_id2_1_0_}

2021-11-19T10:23:52,696|[DEBUG] EntityLoader - Static select for entity bloodbank.entity.PublicBloodBank [NONE]: select publicbloo0_.bank_id as bank_id2_1_0_, publicbloo0_.created as created3_1_0_, publicbloo0_.updated as updated4_1_0_, publicbloo0_.version as version5_1_0_, publicbloo0_.name as name6_1_0_ from blood_bank publicbloo0_ where publicbloo0_.bank_id=? and publicbloo0_.privately_owned=0
2021-11-19T10:23:52,696|[TRACE] AbstractLoadPlanBuildingAssociationVisitationStrategy -  Starting root collection : bloodbank.entity.Address.contacts
2021-11-19T10:23:52,696|[DEBUG] QuerySpacesImpl - Adding QuerySpace : uid = <gen:0> -> org.hibernate.loader.plan.build.internal.spaces.CollectionQuerySpaceImpl@4c8afba]
2021-11-19T10:23:52,696|[DEBUG] QuerySpacesImpl - Adding QuerySpace : uid = <gen:1> -> org.hibernate.loader.plan.build.internal.spaces.EntityQuerySpaceImpl@cae4952]
2021-11-19T10:23:52,696|[DEBUG] QuerySpacesImpl - Adding QuerySpace : uid = <gen:1>-id -> org.hibernate.loader.plan.build.internal.spaces.CompositeQuerySpaceImpl@79aba813]
2021-11-19T10:23:52,696|[TRACE] AbstractLoadPlanBuildingAssociationVisitationStrategy - Pushing collection reference to stack : org.hibernate.loader.plan.build.internal.returns.CollectionReturnImpl@20a18cc9
2021-11-19T10:23:52,696|[TRACE] AbstractLoadPlanBuildingAssociationVisitationStrategy -  Registering AssociationKey : AssociationKey(table=contact, columns={address_id}) -> null
2021-11-19T10:23:52,696|[TRACE] AbstractLoadPlanBuildingAssociationVisitationStrategy -  Starting collection element graph : bloodbank.entity.Address.contacts
2021-11-19T10:23:52,696|[TRACE] AbstractLoadPlanBuildingAssociationVisitationStrategy - Pushing fetch source to stack : org.hibernate.loader.plan.build.internal.returns.CollectionFetchableElementEntityGraph@61555218
2021-11-19T10:23:52,697|[TRACE] AbstractLoadPlanBuildingAssociationVisitationStrategy - >> Starting entity identifier : bloodbank.entity.Contact
2021-11-19T10:23:52,697|[TRACE] AbstractLoadPlanBuildingAssociationVisitationStrategy - Pushing fetch source to stack : org.hibernate.loader.plan.build.internal.returns.EncapsulatedEntityIdentifierDescription@1fcf73b9
2021-11-19T10:23:52,697|[TRACE] AbstractLoadPlanBuildingAssociationVisitationStrategy - >>>> Starting composite : id
2021-11-19T10:23:52,697|[DEBUG] MetamodelGraphWalker - Visiting attribute path : personId
2021-11-19T10:23:52,697|[TRACE] AbstractLoadPlanBuildingAssociationVisitationStrategy - >>>> Starting attribute org.hibernate.persister.walking.internal.CompositionSingularSubAttributesHelper$1$1$3@3b80bb63
2021-11-19T10:23:52,697|[TRACE] AbstractLoadPlanBuildingAssociationVisitationStrategy - <<<< Finishing up attribute : org.hibernate.persister.walking.internal.CompositionSingularSubAttributesHelper$1$1$3@3b80bb63
2021-11-19T10:23:52,697|[DEBUG] MetamodelGraphWalker - Visiting attribute path : phoneId
2021-11-19T10:23:52,697|[TRACE] AbstractLoadPlanBuildingAssociationVisitationStrategy - >>>> Starting attribute org.hibernate.persister.walking.internal.CompositionSingularSubAttributesHelper$1$1$3@17ebbf1e
2021-11-19T10:23:52,697|[TRACE] AbstractLoadPlanBuildingAssociationVisitationStrategy - <<<< Finishing up attribute : org.hibernate.persister.walking.internal.CompositionSingularSubAttributesHelper$1$1$3@17ebbf1e
2021-11-19T10:23:52,697|[TRACE] AbstractLoadPlanBuildingAssociationVisitationStrategy - <<<< Finishing composite : id
2021-11-19T10:23:52,697|[TRACE] AbstractLoadPlanBuildingAssociationVisitationStrategy - Popped fetch owner from stack : org.hibernate.loader.plan.build.internal.returns.EncapsulatedEntityIdentifierDescription@1fcf73b9
2021-11-19T10:23:52,697|[TRACE] AbstractLoadPlanBuildingAssociationVisitationStrategy - << Finished entity identifier : bloodbank.entity.Contact
2021-11-19T10:23:52,697|[DEBUG] MetamodelGraphWalker - Visiting attribute path : epochCreated
2021-11-19T10:23:52,697|[TRACE] AbstractLoadPlanBuildingAssociationVisitationStrategy - >> Starting attribute Attribute(name=epochCreated, type=long [non-identifier])
2021-11-19T10:23:52,697|[TRACE] AbstractLoadPlanBuildingAssociationVisitationStrategy - << Finishing up attribute : Attribute(name=epochCreated, type=long [non-identifier])
2021-11-19T10:23:52,697|[DEBUG] MetamodelGraphWalker - Visiting attribute path : epochUpdated
2021-11-19T10:23:52,697|[TRACE] AbstractLoadPlanBuildingAssociationVisitationStrategy - >> Starting attribute Attribute(name=epochUpdated, type=long [non-identifier])
2021-11-19T10:23:52,697|[TRACE] AbstractLoadPlanBuildingAssociationVisitationStrategy - << Finishing up attribute : Attribute(name=epochUpdated, type=long [non-identifier])
2021-11-19T10:23:52,697|[DEBUG] MetamodelGraphWalker - Visiting attribute path : version
2021-11-19T10:23:52,697|[TRACE] AbstractLoadPlanBuildingAssociationVisitationStrategy - >> Starting attribute Attribute(name=version, type=integer [non-identifier])
2021-11-19T10:23:52,697|[TRACE] AbstractLoadPlanBuildingAssociationVisitationStrategy - << Finishing up attribute : Attribute(name=version, type=integer [non-identifier])
2021-11-19T10:23:52,697|[DEBUG] MetamodelGraphWalker - Visiting attribute path : address
2021-11-19T10:23:52,697|[DEBUG] MetamodelGraphWalker - Property path deemed to be circular : address
2021-11-19T10:23:52,697|[DEBUG] MetamodelGraphWalker - Visiting attribute path : contactType
2021-11-19T10:23:52,697|[TRACE] AbstractLoadPlanBuildingAssociationVisitationStrategy - >> Starting attribute Attribute(name=contactType, type=string [non-identifier])
2021-11-19T10:23:52,697|[TRACE] AbstractLoadPlanBuildingAssociationVisitationStrategy - << Finishing up attribute : Attribute(name=contactType, type=string [non-identifier])
2021-11-19T10:23:52,697|[DEBUG] MetamodelGraphWalker - Visiting attribute path : email
2021-11-19T10:23:52,697|[TRACE] AbstractLoadPlanBuildingAssociationVisitationStrategy - >> Starting attribute Attribute(name=email, type=string [non-identifier])
2021-11-19T10:23:52,697|[TRACE] AbstractLoadPlanBuildingAssociationVisitationStrategy - << Finishing up attribute : Attribute(name=email, type=string [non-identifier])
2021-11-19T10:23:52,697|[DEBUG] MetamodelGraphWalker - Visiting attribute path : owner
2021-11-19T10:23:52,697|[TRACE] AbstractLoadPlanBuildingAssociationVisitationStrategy - >> Starting attribute Attribute(name=owner, type=bloodbank.entity.Person [non-identifier,association])
2021-11-19T10:23:52,697|[DEBUG] QuerySpacesImpl - Adding QuerySpace : uid = <gen:2> -> org.hibernate.loader.plan.build.internal.spaces.EntityQuerySpaceImpl@5c65fa69]
2021-11-19T10:23:52,697|[TRACE] AbstractLoadPlanBuildingAssociationVisitationStrategy - << Finishing up attribute : Attribute(name=owner, type=bloodbank.entity.Person [non-identifier,association])
2021-11-19T10:23:52,697|[DEBUG] MetamodelGraphWalker - Visiting attribute path : phone
2021-11-19T10:23:52,697|[TRACE] AbstractLoadPlanBuildingAssociationVisitationStrategy - >> Starting attribute Attribute(name=phone, type=bloodbank.entity.Phone [non-identifier,association])
2021-11-19T10:23:52,697|[DEBUG] QuerySpacesImpl - Adding QuerySpace : uid = <gen:3> -> org.hibernate.loader.plan.build.internal.spaces.EntityQuerySpaceImpl@38d308e7]
2021-11-19T10:23:52,697|[TRACE] AbstractLoadPlanBuildingAssociationVisitationStrategy - << Finishing up attribute : Attribute(name=phone, type=bloodbank.entity.Phone [non-identifier,association])
2021-11-19T10:23:52,697|[TRACE] AbstractLoadPlanBuildingAssociationVisitationStrategy - Popped fetch owner from stack : org.hibernate.loader.plan.build.internal.returns.CollectionFetchableElementEntityGraph@61555218
2021-11-19T10:23:52,697|[TRACE] AbstractLoadPlanBuildingAssociationVisitationStrategy -  Finished collection element graph : bloodbank.entity.Address.contacts
2021-11-19T10:23:52,697|[TRACE] AbstractLoadPlanBuildingAssociationVisitationStrategy - Popped collection reference from stack : org.hibernate.loader.plan.build.internal.returns.CollectionReturnImpl@20a18cc9
2021-11-19T10:23:52,697|[TRACE] AbstractLoadPlanBuildingAssociationVisitationStrategy -  Finished root collection : bloodbank.entity.Address.contacts
2021-11-19T10:23:52,697|[DEBUG] FetchStyleLoadPlanBuildingAssociationVisitationStrategy - Building LoadPlan...
2021-11-19T10:23:52,697|[DEBUG] LoadQueryJoinAndFetchProcessor - processing queryspace <gen:0>
2021-11-19T10:23:52,697|[DEBUG] LoadPlanTreePrinter - LoadPlan(collection=bloodbank.entity.Address.contacts)
    - Returns
       - CollectionReturnImpl(collection=bloodbank.entity.Address.contacts, querySpaceUid=<gen:0>, path=[bloodbank.entity.Address.contacts])
          - (collection element) CollectionFetchableElementEntityGraph(entity=bloodbank.entity.Contact, querySpaceUid=<gen:1>, path=[bloodbank.entity.Address.contacts].<elements>)
             - EntityAttributeFetchImpl(entity=bloodbank.entity.Person, querySpaceUid=<gen:2>, path=[bloodbank.entity.Address.contacts].<elements>.owner)
             - EntityAttributeFetchImpl(entity=bloodbank.entity.Phone, querySpaceUid=<gen:3>, path=[bloodbank.entity.Address.contacts].<elements>.phone)
    - QuerySpaces
       - CollectionQuerySpaceImpl(uid=<gen:0>, collection=bloodbank.entity.Address.contacts)
          - SQL table alias mapping - contacts0_
          - alias suffix - 0_
          - suffixed key columns - {address_8_3_0_}
          - entity-element alias suffix - 1_
          - 1_entity-element suffixed key columns - person_i1_3_1_, phone_id2_3_1_
          - JOIN (JoinDefinedByMetadata(elements)) : <gen:0> -> <gen:1>
             - EntityQuerySpaceImpl(uid=<gen:1>, entity=bloodbank.entity.Contact)
                - SQL table alias mapping - contacts0_
                - alias suffix - 1_
                - suffixed key columns - {person_i1_3_1_, phone_id2_3_1_}
                - JOIN (JoinDefinedByMetadata(id)) : <gen:1> -> <gen:1>-id
                   - CompositeQuerySpaceImpl(uid=<gen:1>-id)
                      - SQL table alias mapping - contacts0_

2021-11-19T10:23:52,697|[DEBUG] CollectionLoader - Static select for collection bloodbank.entity.Address.contacts: select contacts0_.address_id as address_8_3_0_, contacts0_.person_id as person_i1_3_0_, contacts0_.phone_id as phone_id2_3_0_, contacts0_.person_id as person_i1_3_1_, contacts0_.phone_id as phone_id2_3_1_, contacts0_.created as created3_3_1_, contacts0_.updated as updated4_3_1_, contacts0_.version as version5_3_1_, contacts0_.address_id as address_8_3_1_, contacts0_.contact_type as contact_6_3_1_, contacts0_.email as email7_3_1_ from contact contacts0_ where contacts0_.address_id=?
2021-11-19T10:23:52,697|[TRACE] AbstractLoadPlanBuildingAssociationVisitationStrategy -  Starting root collection : bloodbank.entity.Person.donations
2021-11-19T10:23:52,697|[DEBUG] QuerySpacesImpl - Adding QuerySpace : uid = <gen:0> -> org.hibernate.loader.plan.build.internal.spaces.CollectionQuerySpaceImpl@6b6f73d]
2021-11-19T10:23:52,697|[DEBUG] QuerySpacesImpl - Adding QuerySpace : uid = <gen:1> -> org.hibernate.loader.plan.build.internal.spaces.EntityQuerySpaceImpl@4c6fabba]
2021-11-19T10:23:52,697|[TRACE] AbstractLoadPlanBuildingAssociationVisitationStrategy - Pushing collection reference to stack : org.hibernate.loader.plan.build.internal.returns.CollectionReturnImpl@3f2ab6ec
2021-11-19T10:23:52,698|[TRACE] AbstractLoadPlanBuildingAssociationVisitationStrategy -  Registering AssociationKey : AssociationKey(table=donation_record, columns={person_id}) -> null
2021-11-19T10:23:52,698|[TRACE] AbstractLoadPlanBuildingAssociationVisitationStrategy -  Starting collection element graph : bloodbank.entity.Person.donations
2021-11-19T10:23:52,698|[TRACE] AbstractLoadPlanBuildingAssociationVisitationStrategy - Pushing fetch source to stack : org.hibernate.loader.plan.build.internal.returns.CollectionFetchableElementEntityGraph@1f1e15de
2021-11-19T10:23:52,698|[TRACE] AbstractLoadPlanBuildingAssociationVisitationStrategy - >> Starting entity identifier : bloodbank.entity.DonationRecord
2021-11-19T10:23:52,698|[DEBUG] MetamodelGraphWalker - Visiting attribute path : epochCreated
2021-11-19T10:23:52,698|[TRACE] AbstractLoadPlanBuildingAssociationVisitationStrategy - >> Starting attribute Attribute(name=epochCreated, type=long [non-identifier])
2021-11-19T10:23:52,698|[TRACE] AbstractLoadPlanBuildingAssociationVisitationStrategy - << Finishing up attribute : Attribute(name=epochCreated, type=long [non-identifier])
2021-11-19T10:23:52,698|[DEBUG] MetamodelGraphWalker - Visiting attribute path : epochUpdated
2021-11-19T10:23:52,698|[TRACE] AbstractLoadPlanBuildingAssociationVisitationStrategy - >> Starting attribute Attribute(name=epochUpdated, type=long [non-identifier])
2021-11-19T10:23:52,698|[TRACE] AbstractLoadPlanBuildingAssociationVisitationStrategy - << Finishing up attribute : Attribute(name=epochUpdated, type=long [non-identifier])
2021-11-19T10:23:52,698|[DEBUG] MetamodelGraphWalker - Visiting attribute path : version
2021-11-19T10:23:52,698|[TRACE] AbstractLoadPlanBuildingAssociationVisitationStrategy - >> Starting attribute Attribute(name=version, type=integer [non-identifier])
2021-11-19T10:23:52,698|[TRACE] AbstractLoadPlanBuildingAssociationVisitationStrategy - << Finishing up attribute : Attribute(name=version, type=integer [non-identifier])
2021-11-19T10:23:52,698|[DEBUG] MetamodelGraphWalker - Visiting attribute path : donation
2021-11-19T10:23:52,698|[TRACE] AbstractLoadPlanBuildingAssociationVisitationStrategy - >> Starting attribute Attribute(name=donation, type=bloodbank.entity.BloodDonation [non-identifier,association])
2021-11-19T10:23:52,698|[DEBUG] QuerySpacesImpl - Adding QuerySpace : uid = <gen:2> -> org.hibernate.loader.plan.build.internal.spaces.EntityQuerySpaceImpl@2ea0161f]
2021-11-19T10:23:52,698|[TRACE] AbstractLoadPlanBuildingAssociationVisitationStrategy - Pushing fetch source to stack : org.hibernate.loader.plan.build.internal.returns.EntityAttributeFetchImpl@1f235a0a
2021-11-19T10:23:52,698|[TRACE] AbstractLoadPlanBuildingAssociationVisitationStrategy - .... Registering AssociationKey : AssociationKey(table=donation_record, columns={donation_id}) -> org.hibernate.loader.plan.build.internal.returns.EntityAttributeFetchImpl@1f235a0a
2021-11-19T10:23:52,698|[TRACE] AbstractLoadPlanBuildingAssociationVisitationStrategy - >>>> Starting entity identifier : bloodbank.entity.BloodDonation
2021-11-19T10:23:52,698|[DEBUG] MetamodelGraphWalker - Visiting attribute path : donation.epochCreated
2021-11-19T10:23:52,698|[TRACE] AbstractLoadPlanBuildingAssociationVisitationStrategy - >>>> Starting attribute Attribute(name=epochCreated, type=long [non-identifier])
2021-11-19T10:23:52,698|[TRACE] AbstractLoadPlanBuildingAssociationVisitationStrategy - <<<< Finishing up attribute : Attribute(name=epochCreated, type=long [non-identifier])
2021-11-19T10:23:52,698|[DEBUG] MetamodelGraphWalker - Visiting attribute path : donation.epochUpdated
2021-11-19T10:23:52,698|[TRACE] AbstractLoadPlanBuildingAssociationVisitationStrategy - >>>> Starting attribute Attribute(name=epochUpdated, type=long [non-identifier])
2021-11-19T10:23:52,698|[TRACE] AbstractLoadPlanBuildingAssociationVisitationStrategy - <<<< Finishing up attribute : Attribute(name=epochUpdated, type=long [non-identifier])
2021-11-19T10:23:52,698|[DEBUG] MetamodelGraphWalker - Visiting attribute path : donation.version
2021-11-19T10:23:52,698|[TRACE] AbstractLoadPlanBuildingAssociationVisitationStrategy - >>>> Starting attribute Attribute(name=version, type=integer [non-identifier])
2021-11-19T10:23:52,698|[TRACE] AbstractLoadPlanBuildingAssociationVisitationStrategy - <<<< Finishing up attribute : Attribute(name=version, type=integer [non-identifier])
2021-11-19T10:23:52,698|[DEBUG] MetamodelGraphWalker - Visiting attribute path : donation.bank
2021-11-19T10:23:52,698|[TRACE] AbstractLoadPlanBuildingAssociationVisitationStrategy - >>>> Starting attribute Attribute(name=bank, type=bloodbank.entity.BloodBank [non-identifier,association])
2021-11-19T10:23:52,698|[DEBUG] QuerySpacesImpl - Adding QuerySpace : uid = <gen:3> -> org.hibernate.loader.plan.build.internal.spaces.EntityQuerySpaceImpl@75d402d4]
2021-11-19T10:23:52,698|[TRACE] AbstractLoadPlanBuildingAssociationVisitationStrategy - <<<< Finishing up attribute : Attribute(name=bank, type=bloodbank.entity.BloodBank [non-identifier,association])
2021-11-19T10:23:52,698|[DEBUG] MetamodelGraphWalker - Visiting attribute path : donation.bloodType
2021-11-19T10:23:52,698|[TRACE] AbstractLoadPlanBuildingAssociationVisitationStrategy - >>>> Starting attribute Attribute(name=bloodType, type=component[bloodGroup,rhd] [non-identifier,composition])
2021-11-19T10:23:52,698|[DEBUG] QuerySpacesImpl - Adding QuerySpace : uid = <gen:4> -> org.hibernate.loader.plan.build.internal.spaces.CompositeQuerySpaceImpl@1a0b4955]
2021-11-19T10:23:52,698|[TRACE] AbstractLoadPlanBuildingAssociationVisitationStrategy - Pushing fetch source to stack : org.hibernate.loader.plan.build.internal.returns.CompositeAttributeFetchImpl@3435a4e5
2021-11-19T10:23:52,698|[TRACE] AbstractLoadPlanBuildingAssociationVisitationStrategy - >>>>>> Starting composite : bloodType
2021-11-19T10:23:52,698|[DEBUG] MetamodelGraphWalker - Visiting attribute path : donation.bloodType.bloodGroup
2021-11-19T10:23:52,698|[TRACE] AbstractLoadPlanBuildingAssociationVisitationStrategy - >>>>>> Starting attribute Attribute(name=bloodGroup, type=string [non-identifier])
2021-11-19T10:23:52,698|[TRACE] AbstractLoadPlanBuildingAssociationVisitationStrategy - <<<<<< Finishing up attribute : Attribute(name=bloodGroup, type=string [non-identifier])
2021-11-19T10:23:52,698|[DEBUG] MetamodelGraphWalker - Visiting attribute path : donation.bloodType.rhd
2021-11-19T10:23:52,698|[TRACE] AbstractLoadPlanBuildingAssociationVisitationStrategy - >>>>>> Starting attribute Attribute(name=rhd, type=byte [non-identifier])
2021-11-19T10:23:52,698|[TRACE] AbstractLoadPlanBuildingAssociationVisitationStrategy - <<<<<< Finishing up attribute : Attribute(name=rhd, type=byte [non-identifier])
2021-11-19T10:23:52,698|[TRACE] AbstractLoadPlanBuildingAssociationVisitationStrategy - <<<<<< Finishing composite : bloodType
2021-11-19T10:23:52,698|[TRACE] AbstractLoadPlanBuildingAssociationVisitationStrategy - Popped fetch owner from stack : org.hibernate.loader.plan.build.internal.returns.CompositeAttributeFetchImpl@3435a4e5
2021-11-19T10:23:52,698|[TRACE] AbstractLoadPlanBuildingAssociationVisitationStrategy - <<<< Finishing up attribute : Attribute(name=bloodType, type=component[bloodGroup,rhd] [non-identifier,composition])
2021-11-19T10:23:52,698|[DEBUG] MetamodelGraphWalker - Visiting attribute path : donation.milliliters
2021-11-19T10:23:52,698|[TRACE] AbstractLoadPlanBuildingAssociationVisitationStrategy - >>>> Starting attribute Attribute(name=milliliters, type=integer [non-identifier])
2021-11-19T10:23:52,698|[TRACE] AbstractLoadPlanBuildingAssociationVisitationStrategy - <<<< Finishing up attribute : Attribute(name=milliliters, type=integer [non-identifier])
2021-11-19T10:23:52,698|[DEBUG] MetamodelGraphWalker - Visiting attribute path : donation.record
2021-11-19T10:23:52,698|[TRACE] AbstractLoadPlanBuildingAssociationVisitationStrategy - >>>> Starting attribute Attribute(name=record, type=bloodbank.entity.DonationRecord [non-identifier,association])
2021-11-19T10:23:52,698|[DEBUG] QuerySpacesImpl - Adding QuerySpace : uid = <gen:5> -> org.hibernate.loader.plan.build.internal.spaces.EntityQuerySpaceImpl@31434b63]
2021-11-19T10:23:52,698|[TRACE] AbstractLoadPlanBuildingAssociationVisitationStrategy - <<<< Finishing up attribute : Attribute(name=record, type=bloodbank.entity.DonationRecord [non-identifier,association])
2021-11-19T10:23:52,698|[TRACE] AbstractLoadPlanBuildingAssociationVisitationStrategy - Popped fetch owner from stack : org.hibernate.loader.plan.build.internal.returns.EntityAttributeFetchImpl@1f235a0a
2021-11-19T10:23:52,698|[TRACE] AbstractLoadPlanBuildingAssociationVisitationStrategy - << Finishing up attribute : Attribute(name=donation, type=bloodbank.entity.BloodDonation [non-identifier,association])
2021-11-19T10:23:52,699|[DEBUG] MetamodelGraphWalker - Visiting attribute path : owner
2021-11-19T10:23:52,699|[DEBUG] MetamodelGraphWalker - Property path deemed to be circular : owner
2021-11-19T10:23:52,699|[DEBUG] MetamodelGraphWalker - Visiting attribute path : tested
2021-11-19T10:23:52,699|[TRACE] AbstractLoadPlanBuildingAssociationVisitationStrategy - >> Starting attribute Attribute(name=tested, type=byte [non-identifier])
2021-11-19T10:23:52,699|[TRACE] AbstractLoadPlanBuildingAssociationVisitationStrategy - << Finishing up attribute : Attribute(name=tested, type=byte [non-identifier])
2021-11-19T10:23:52,699|[TRACE] AbstractLoadPlanBuildingAssociationVisitationStrategy - Popped fetch owner from stack : org.hibernate.loader.plan.build.internal.returns.CollectionFetchableElementEntityGraph@1f1e15de
2021-11-19T10:23:52,699|[TRACE] AbstractLoadPlanBuildingAssociationVisitationStrategy -  Finished collection element graph : bloodbank.entity.Person.donations
2021-11-19T10:23:52,699|[TRACE] AbstractLoadPlanBuildingAssociationVisitationStrategy - Popped collection reference from stack : org.hibernate.loader.plan.build.internal.returns.CollectionReturnImpl@3f2ab6ec
2021-11-19T10:23:52,699|[TRACE] AbstractLoadPlanBuildingAssociationVisitationStrategy -  Finished root collection : bloodbank.entity.Person.donations
2021-11-19T10:23:52,699|[DEBUG] FetchStyleLoadPlanBuildingAssociationVisitationStrategy - Building LoadPlan...
2021-11-19T10:23:52,699|[DEBUG] LoadQueryJoinAndFetchProcessor - processing queryspace <gen:0>
2021-11-19T10:23:52,700|[DEBUG] LoadPlanTreePrinter - LoadPlan(collection=bloodbank.entity.Person.donations)
    - Returns
       - CollectionReturnImpl(collection=bloodbank.entity.Person.donations, querySpaceUid=<gen:0>, path=[bloodbank.entity.Person.donations])
          - (collection element) CollectionFetchableElementEntityGraph(entity=bloodbank.entity.DonationRecord, querySpaceUid=<gen:1>, path=[bloodbank.entity.Person.donations].<elements>)
             - EntityAttributeFetchImpl(entity=bloodbank.entity.BloodDonation, querySpaceUid=<gen:2>, path=[bloodbank.entity.Person.donations].<elements>.donation)
                - EntityAttributeFetchImpl(entity=bloodbank.entity.BloodBank, querySpaceUid=<gen:3>, path=[bloodbank.entity.Person.donations].<elements>.donation.bank)
                - CompositeAttributeFetchImpl(composite=bloodbank.entity.BloodType, querySpaceUid=<gen:4>, path=[bloodbank.entity.Person.donations].<elements>.donation.bloodType)
                - EntityAttributeFetchImpl(entity=bloodbank.entity.DonationRecord, querySpaceUid=<gen:5>, path=[bloodbank.entity.Person.donations].<elements>.donation.record)
    - QuerySpaces
       - CollectionQuerySpaceImpl(uid=<gen:0>, collection=bloodbank.entity.Person.donations)
          - SQL table alias mapping - donations0_
          - alias suffix - 0_
          - suffixed key columns - {person_i7_4_0_}
          - entity-element alias suffix - 1_
          - 1_entity-element suffixed key columns - record_i1_4_1_
          - JOIN (JoinDefinedByMetadata(elements)) : <gen:0> -> <gen:1>
             - EntityQuerySpaceImpl(uid=<gen:1>, entity=bloodbank.entity.DonationRecord)
                - SQL table alias mapping - donations0_
                - alias suffix - 1_
                - suffixed key columns - {record_i1_4_1_}
                - JOIN (JoinDefinedByMetadata(donation)) : <gen:1> -> <gen:2>
                   - EntityQuerySpaceImpl(uid=<gen:2>, entity=bloodbank.entity.BloodDonation)
                      - SQL table alias mapping - blooddonat1_
                      - alias suffix - 2_
                      - suffixed key columns - {donation1_2_2_}
                      - JOIN (JoinDefinedByMetadata(bloodType)) : <gen:2> -> <gen:4>
                         - CompositeQuerySpaceImpl(uid=<gen:4>)
                            - SQL table alias mapping - blooddonat1_

2021-11-19T10:23:52,700|[DEBUG] CollectionLoader - Static select for collection bloodbank.entity.Person.donations: select donations0_.person_id as person_i7_4_0_, donations0_.record_id as record_i1_4_0_, donations0_.record_id as record_i1_4_1_, donations0_.created as created2_4_1_, donations0_.updated as updated3_4_1_, donations0_.version as version4_4_1_, donations0_.donation_id as donation6_4_1_, donations0_.person_id as person_i7_4_1_, donations0_.tested as tested5_4_1_, blooddonat1_.donation_id as donation1_2_2_, blooddonat1_.created as created2_2_2_, blooddonat1_.updated as updated3_2_2_, blooddonat1_.version as version4_2_2_, blooddonat1_.bank_id as bank_id8_2_2_, blooddonat1_.blood_group as blood_gr5_2_2_, blooddonat1_.rhd as rhd6_2_2_, blooddonat1_.milliliters as millilit7_2_2_ from donation_record donations0_ inner join blood_donation blooddonat1_ on donations0_.donation_id=blooddonat1_.donation_id where donations0_.person_id=?
2021-11-19T10:23:52,700|[TRACE] AbstractLoadPlanBuildingAssociationVisitationStrategy -  Starting root collection : bloodbank.entity.Person.contacts
2021-11-19T10:23:52,700|[DEBUG] QuerySpacesImpl - Adding QuerySpace : uid = <gen:0> -> org.hibernate.loader.plan.build.internal.spaces.CollectionQuerySpaceImpl@64d42d3d]
2021-11-19T10:23:52,700|[DEBUG] QuerySpacesImpl - Adding QuerySpace : uid = <gen:1> -> org.hibernate.loader.plan.build.internal.spaces.EntityQuerySpaceImpl@24558113]
2021-11-19T10:23:52,700|[DEBUG] QuerySpacesImpl - Adding QuerySpace : uid = <gen:1>-id -> org.hibernate.loader.plan.build.internal.spaces.CompositeQuerySpaceImpl@3d5e0bf0]
2021-11-19T10:23:52,700|[TRACE] AbstractLoadPlanBuildingAssociationVisitationStrategy - Pushing collection reference to stack : org.hibernate.loader.plan.build.internal.returns.CollectionReturnImpl@166d576b
2021-11-19T10:23:52,700|[TRACE] AbstractLoadPlanBuildingAssociationVisitationStrategy -  Registering AssociationKey : AssociationKey(table=contact, columns={person_id}) -> null
2021-11-19T10:23:52,700|[TRACE] AbstractLoadPlanBuildingAssociationVisitationStrategy -  Starting collection element graph : bloodbank.entity.Person.contacts
2021-11-19T10:23:52,700|[TRACE] AbstractLoadPlanBuildingAssociationVisitationStrategy - Pushing fetch source to stack : org.hibernate.loader.plan.build.internal.returns.CollectionFetchableElementEntityGraph@53153d5e
2021-11-19T10:23:52,700|[TRACE] AbstractLoadPlanBuildingAssociationVisitationStrategy - >> Starting entity identifier : bloodbank.entity.Contact
2021-11-19T10:23:52,700|[TRACE] AbstractLoadPlanBuildingAssociationVisitationStrategy - Pushing fetch source to stack : org.hibernate.loader.plan.build.internal.returns.EncapsulatedEntityIdentifierDescription@5b407336
2021-11-19T10:23:52,700|[TRACE] AbstractLoadPlanBuildingAssociationVisitationStrategy - >>>> Starting composite : id
2021-11-19T10:23:52,700|[DEBUG] MetamodelGraphWalker - Visiting attribute path : personId
2021-11-19T10:23:52,700|[TRACE] AbstractLoadPlanBuildingAssociationVisitationStrategy - >>>> Starting attribute org.hibernate.persister.walking.internal.CompositionSingularSubAttributesHelper$1$1$3@160cf225
2021-11-19T10:23:52,700|[TRACE] AbstractLoadPlanBuildingAssociationVisitationStrategy - <<<< Finishing up attribute : org.hibernate.persister.walking.internal.CompositionSingularSubAttributesHelper$1$1$3@160cf225
2021-11-19T10:23:52,700|[DEBUG] MetamodelGraphWalker - Visiting attribute path : phoneId
2021-11-19T10:23:52,700|[TRACE] AbstractLoadPlanBuildingAssociationVisitationStrategy - >>>> Starting attribute org.hibernate.persister.walking.internal.CompositionSingularSubAttributesHelper$1$1$3@6a262980
2021-11-19T10:23:52,700|[TRACE] AbstractLoadPlanBuildingAssociationVisitationStrategy - <<<< Finishing up attribute : org.hibernate.persister.walking.internal.CompositionSingularSubAttributesHelper$1$1$3@6a262980
2021-11-19T10:23:52,700|[TRACE] AbstractLoadPlanBuildingAssociationVisitationStrategy - <<<< Finishing composite : id
2021-11-19T10:23:52,700|[TRACE] AbstractLoadPlanBuildingAssociationVisitationStrategy - Popped fetch owner from stack : org.hibernate.loader.plan.build.internal.returns.EncapsulatedEntityIdentifierDescription@5b407336
2021-11-19T10:23:52,700|[TRACE] AbstractLoadPlanBuildingAssociationVisitationStrategy - << Finished entity identifier : bloodbank.entity.Contact
2021-11-19T10:23:52,723|[DEBUG] MetamodelGraphWalker - Visiting attribute path : epochCreated
2021-11-19T10:23:52,723|[TRACE] AbstractLoadPlanBuildingAssociationVisitationStrategy - >> Starting attribute Attribute(name=epochCreated, type=long [non-identifier])
2021-11-19T10:23:52,723|[TRACE] AbstractLoadPlanBuildingAssociationVisitationStrategy - << Finishing up attribute : Attribute(name=epochCreated, type=long [non-identifier])
2021-11-19T10:23:52,723|[DEBUG] MetamodelGraphWalker - Visiting attribute path : epochUpdated
2021-11-19T10:23:52,723|[TRACE] AbstractLoadPlanBuildingAssociationVisitationStrategy - >> Starting attribute Attribute(name=epochUpdated, type=long [non-identifier])
2021-11-19T10:23:52,723|[TRACE] AbstractLoadPlanBuildingAssociationVisitationStrategy - << Finishing up attribute : Attribute(name=epochUpdated, type=long [non-identifier])
2021-11-19T10:23:52,723|[DEBUG] MetamodelGraphWalker - Visiting attribute path : version
2021-11-19T10:23:52,723|[TRACE] AbstractLoadPlanBuildingAssociationVisitationStrategy - >> Starting attribute Attribute(name=version, type=integer [non-identifier])
2021-11-19T10:23:52,723|[TRACE] AbstractLoadPlanBuildingAssociationVisitationStrategy - << Finishing up attribute : Attribute(name=version, type=integer [non-identifier])
2021-11-19T10:23:52,723|[DEBUG] MetamodelGraphWalker - Visiting attribute path : address
2021-11-19T10:23:52,723|[TRACE] AbstractLoadPlanBuildingAssociationVisitationStrategy - >> Starting attribute Attribute(name=address, type=bloodbank.entity.Address [non-identifier,association])
2021-11-19T10:23:52,723|[DEBUG] QuerySpacesImpl - Adding QuerySpace : uid = <gen:2> -> org.hibernate.loader.plan.build.internal.spaces.EntityQuerySpaceImpl@10230657]
2021-11-19T10:23:52,723|[TRACE] AbstractLoadPlanBuildingAssociationVisitationStrategy - << Finishing up attribute : Attribute(name=address, type=bloodbank.entity.Address [non-identifier,association])
2021-11-19T10:23:52,723|[DEBUG] MetamodelGraphWalker - Visiting attribute path : contactType
2021-11-19T10:23:52,723|[TRACE] AbstractLoadPlanBuildingAssociationVisitationStrategy - >> Starting attribute Attribute(name=contactType, type=string [non-identifier])
2021-11-19T10:23:52,723|[TRACE] AbstractLoadPlanBuildingAssociationVisitationStrategy - << Finishing up attribute : Attribute(name=contactType, type=string [non-identifier])
2021-11-19T10:23:52,723|[DEBUG] MetamodelGraphWalker - Visiting attribute path : email
2021-11-19T10:23:52,723|[TRACE] AbstractLoadPlanBuildingAssociationVisitationStrategy - >> Starting attribute Attribute(name=email, type=string [non-identifier])
2021-11-19T10:23:52,723|[TRACE] AbstractLoadPlanBuildingAssociationVisitationStrategy - << Finishing up attribute : Attribute(name=email, type=string [non-identifier])
2021-11-19T10:23:52,723|[DEBUG] MetamodelGraphWalker - Visiting attribute path : owner
2021-11-19T10:23:52,723|[DEBUG] MetamodelGraphWalker - Property path deemed to be circular : owner
2021-11-19T10:23:52,723|[DEBUG] MetamodelGraphWalker - Visiting attribute path : phone
2021-11-19T10:23:52,723|[TRACE] AbstractLoadPlanBuildingAssociationVisitationStrategy - >> Starting attribute Attribute(name=phone, type=bloodbank.entity.Phone [non-identifier,association])
2021-11-19T10:23:52,723|[DEBUG] QuerySpacesImpl - Adding QuerySpace : uid = <gen:3> -> org.hibernate.loader.plan.build.internal.spaces.EntityQuerySpaceImpl@48a21ea6]
2021-11-19T10:23:52,723|[TRACE] AbstractLoadPlanBuildingAssociationVisitationStrategy - << Finishing up attribute : Attribute(name=phone, type=bloodbank.entity.Phone [non-identifier,association])
2021-11-19T10:23:52,723|[TRACE] AbstractLoadPlanBuildingAssociationVisitationStrategy - Popped fetch owner from stack : org.hibernate.loader.plan.build.internal.returns.CollectionFetchableElementEntityGraph@53153d5e
2021-11-19T10:23:52,723|[TRACE] AbstractLoadPlanBuildingAssociationVisitationStrategy -  Finished collection element graph : bloodbank.entity.Person.contacts
2021-11-19T10:23:52,723|[TRACE] AbstractLoadPlanBuildingAssociationVisitationStrategy - Popped collection reference from stack : org.hibernate.loader.plan.build.internal.returns.CollectionReturnImpl@166d576b
2021-11-19T10:23:52,723|[TRACE] AbstractLoadPlanBuildingAssociationVisitationStrategy -  Finished root collection : bloodbank.entity.Person.contacts
2021-11-19T10:23:52,723|[DEBUG] FetchStyleLoadPlanBuildingAssociationVisitationStrategy - Building LoadPlan...
2021-11-19T10:23:52,724|[DEBUG] LoadQueryJoinAndFetchProcessor - processing queryspace <gen:0>
2021-11-19T10:23:52,724|[DEBUG] LoadPlanTreePrinter - LoadPlan(collection=bloodbank.entity.Person.contacts)
    - Returns
       - CollectionReturnImpl(collection=bloodbank.entity.Person.contacts, querySpaceUid=<gen:0>, path=[bloodbank.entity.Person.contacts])
          - (collection element) CollectionFetchableElementEntityGraph(entity=bloodbank.entity.Contact, querySpaceUid=<gen:1>, path=[bloodbank.entity.Person.contacts].<elements>)
             - EntityAttributeFetchImpl(entity=bloodbank.entity.Address, querySpaceUid=<gen:2>, path=[bloodbank.entity.Person.contacts].<elements>.address)
             - EntityAttributeFetchImpl(entity=bloodbank.entity.Phone, querySpaceUid=<gen:3>, path=[bloodbank.entity.Person.contacts].<elements>.phone)
    - QuerySpaces
       - CollectionQuerySpaceImpl(uid=<gen:0>, collection=bloodbank.entity.Person.contacts)
          - SQL table alias mapping - contacts0_
          - alias suffix - 0_
          - suffixed key columns - {person_i1_3_0_}
          - entity-element alias suffix - 1_
          - 1_entity-element suffixed key columns - person_i1_3_1_, phone_id2_3_1_
          - JOIN (JoinDefinedByMetadata(elements)) : <gen:0> -> <gen:1>
             - EntityQuerySpaceImpl(uid=<gen:1>, entity=bloodbank.entity.Contact)
                - SQL table alias mapping - contacts0_
                - alias suffix - 1_
                - suffixed key columns - {person_i1_3_1_, phone_id2_3_1_}
                - JOIN (JoinDefinedByMetadata(id)) : <gen:1> -> <gen:1>-id
                   - CompositeQuerySpaceImpl(uid=<gen:1>-id)
                      - SQL table alias mapping - contacts0_

2021-11-19T10:23:52,724|[DEBUG] CollectionLoader - Static select for collection bloodbank.entity.Person.contacts: select contacts0_.person_id as person_i1_3_0_, contacts0_.phone_id as phone_id2_3_0_, contacts0_.person_id as person_i1_3_1_, contacts0_.phone_id as phone_id2_3_1_, contacts0_.created as created3_3_1_, contacts0_.updated as updated4_3_1_, contacts0_.version as version5_3_1_, contacts0_.address_id as address_8_3_1_, contacts0_.contact_type as contact_6_3_1_, contacts0_.email as email7_3_1_ from contact contacts0_ where contacts0_.person_id=?
2021-11-19T10:23:52,724|[TRACE] AbstractLoadPlanBuildingAssociationVisitationStrategy -  Starting root collection : bloodbank.entity.Phone.contacts
2021-11-19T10:23:52,724|[DEBUG] QuerySpacesImpl - Adding QuerySpace : uid = <gen:0> -> org.hibernate.loader.plan.build.internal.spaces.CollectionQuerySpaceImpl@394e504d]
2021-11-19T10:23:52,724|[DEBUG] QuerySpacesImpl - Adding QuerySpace : uid = <gen:1> -> org.hibernate.loader.plan.build.internal.spaces.EntityQuerySpaceImpl@62ff14cd]
2021-11-19T10:23:52,724|[DEBUG] QuerySpacesImpl - Adding QuerySpace : uid = <gen:1>-id -> org.hibernate.loader.plan.build.internal.spaces.CompositeQuerySpaceImpl@6ae6a77b]
2021-11-19T10:23:52,724|[TRACE] AbstractLoadPlanBuildingAssociationVisitationStrategy - Pushing collection reference to stack : org.hibernate.loader.plan.build.internal.returns.CollectionReturnImpl@32e9c3af
2021-11-19T10:23:52,724|[TRACE] AbstractLoadPlanBuildingAssociationVisitationStrategy -  Registering AssociationKey : AssociationKey(table=contact, columns={phone_id}) -> null
2021-11-19T10:23:52,724|[TRACE] AbstractLoadPlanBuildingAssociationVisitationStrategy -  Starting collection element graph : bloodbank.entity.Phone.contacts
2021-11-19T10:23:52,724|[TRACE] AbstractLoadPlanBuildingAssociationVisitationStrategy - Pushing fetch source to stack : org.hibernate.loader.plan.build.internal.returns.CollectionFetchableElementEntityGraph@796e2187
2021-11-19T10:23:52,724|[TRACE] AbstractLoadPlanBuildingAssociationVisitationStrategy - >> Starting entity identifier : bloodbank.entity.Contact
2021-11-19T10:23:52,724|[TRACE] AbstractLoadPlanBuildingAssociationVisitationStrategy - Pushing fetch source to stack : org.hibernate.loader.plan.build.internal.returns.EncapsulatedEntityIdentifierDescription@632d1b1b
2021-11-19T10:23:52,724|[TRACE] AbstractLoadPlanBuildingAssociationVisitationStrategy - >>>> Starting composite : id
2021-11-19T10:23:52,724|[DEBUG] MetamodelGraphWalker - Visiting attribute path : personId
2021-11-19T10:23:52,724|[TRACE] AbstractLoadPlanBuildingAssociationVisitationStrategy - >>>> Starting attribute org.hibernate.persister.walking.internal.CompositionSingularSubAttributesHelper$1$1$3@3c2fa57a
2021-11-19T10:23:52,724|[TRACE] AbstractLoadPlanBuildingAssociationVisitationStrategy - <<<< Finishing up attribute : org.hibernate.persister.walking.internal.CompositionSingularSubAttributesHelper$1$1$3@3c2fa57a
2021-11-19T10:23:52,724|[DEBUG] MetamodelGraphWalker - Visiting attribute path : phoneId
2021-11-19T10:23:52,724|[TRACE] AbstractLoadPlanBuildingAssociationVisitationStrategy - >>>> Starting attribute org.hibernate.persister.walking.internal.CompositionSingularSubAttributesHelper$1$1$3@4027edeb
2021-11-19T10:23:52,724|[TRACE] AbstractLoadPlanBuildingAssociationVisitationStrategy - <<<< Finishing up attribute : org.hibernate.persister.walking.internal.CompositionSingularSubAttributesHelper$1$1$3@4027edeb
2021-11-19T10:23:52,724|[TRACE] AbstractLoadPlanBuildingAssociationVisitationStrategy - <<<< Finishing composite : id
2021-11-19T10:23:52,724|[TRACE] AbstractLoadPlanBuildingAssociationVisitationStrategy - Popped fetch owner from stack : org.hibernate.loader.plan.build.internal.returns.EncapsulatedEntityIdentifierDescription@632d1b1b
2021-11-19T10:23:52,724|[TRACE] AbstractLoadPlanBuildingAssociationVisitationStrategy - << Finished entity identifier : bloodbank.entity.Contact
2021-11-19T10:23:52,724|[DEBUG] MetamodelGraphWalker - Visiting attribute path : epochCreated
2021-11-19T10:23:52,724|[TRACE] AbstractLoadPlanBuildingAssociationVisitationStrategy - >> Starting attribute Attribute(name=epochCreated, type=long [non-identifier])
2021-11-19T10:23:52,724|[TRACE] AbstractLoadPlanBuildingAssociationVisitationStrategy - << Finishing up attribute : Attribute(name=epochCreated, type=long [non-identifier])
2021-11-19T10:23:52,724|[DEBUG] MetamodelGraphWalker - Visiting attribute path : epochUpdated
2021-11-19T10:23:52,724|[TRACE] AbstractLoadPlanBuildingAssociationVisitationStrategy - >> Starting attribute Attribute(name=epochUpdated, type=long [non-identifier])
2021-11-19T10:23:52,724|[TRACE] AbstractLoadPlanBuildingAssociationVisitationStrategy - << Finishing up attribute : Attribute(name=epochUpdated, type=long [non-identifier])
2021-11-19T10:23:52,724|[DEBUG] MetamodelGraphWalker - Visiting attribute path : version
2021-11-19T10:23:52,724|[TRACE] AbstractLoadPlanBuildingAssociationVisitationStrategy - >> Starting attribute Attribute(name=version, type=integer [non-identifier])
2021-11-19T10:23:52,724|[TRACE] AbstractLoadPlanBuildingAssociationVisitationStrategy - << Finishing up attribute : Attribute(name=version, type=integer [non-identifier])
2021-11-19T10:23:52,724|[DEBUG] MetamodelGraphWalker - Visiting attribute path : address
2021-11-19T10:23:52,724|[TRACE] AbstractLoadPlanBuildingAssociationVisitationStrategy - >> Starting attribute Attribute(name=address, type=bloodbank.entity.Address [non-identifier,association])
2021-11-19T10:23:52,725|[DEBUG] QuerySpacesImpl - Adding QuerySpace : uid = <gen:2> -> org.hibernate.loader.plan.build.internal.spaces.EntityQuerySpaceImpl@48cd8e71]
2021-11-19T10:23:52,725|[TRACE] AbstractLoadPlanBuildingAssociationVisitationStrategy - << Finishing up attribute : Attribute(name=address, type=bloodbank.entity.Address [non-identifier,association])
2021-11-19T10:23:52,725|[DEBUG] MetamodelGraphWalker - Visiting attribute path : contactType
2021-11-19T10:23:52,725|[TRACE] AbstractLoadPlanBuildingAssociationVisitationStrategy - >> Starting attribute Attribute(name=contactType, type=string [non-identifier])
2021-11-19T10:23:52,725|[TRACE] AbstractLoadPlanBuildingAssociationVisitationStrategy - << Finishing up attribute : Attribute(name=contactType, type=string [non-identifier])
2021-11-19T10:23:52,725|[DEBUG] MetamodelGraphWalker - Visiting attribute path : email
2021-11-19T10:23:52,725|[TRACE] AbstractLoadPlanBuildingAssociationVisitationStrategy - >> Starting attribute Attribute(name=email, type=string [non-identifier])
2021-11-19T10:23:52,725|[TRACE] AbstractLoadPlanBuildingAssociationVisitationStrategy - << Finishing up attribute : Attribute(name=email, type=string [non-identifier])
2021-11-19T10:23:52,725|[DEBUG] MetamodelGraphWalker - Visiting attribute path : owner
2021-11-19T10:23:52,725|[TRACE] AbstractLoadPlanBuildingAssociationVisitationStrategy - >> Starting attribute Attribute(name=owner, type=bloodbank.entity.Person [non-identifier,association])
2021-11-19T10:23:52,725|[DEBUG] QuerySpacesImpl - Adding QuerySpace : uid = <gen:3> -> org.hibernate.loader.plan.build.internal.spaces.EntityQuerySpaceImpl@43b3b1b0]
2021-11-19T10:23:52,725|[TRACE] AbstractLoadPlanBuildingAssociationVisitationStrategy - << Finishing up attribute : Attribute(name=owner, type=bloodbank.entity.Person [non-identifier,association])
2021-11-19T10:23:52,725|[DEBUG] MetamodelGraphWalker - Visiting attribute path : phone
2021-11-19T10:23:52,725|[DEBUG] MetamodelGraphWalker - Property path deemed to be circular : phone
2021-11-19T10:23:52,725|[TRACE] AbstractLoadPlanBuildingAssociationVisitationStrategy - Popped fetch owner from stack : org.hibernate.loader.plan.build.internal.returns.CollectionFetchableElementEntityGraph@796e2187
2021-11-19T10:23:52,725|[TRACE] AbstractLoadPlanBuildingAssociationVisitationStrategy -  Finished collection element graph : bloodbank.entity.Phone.contacts
2021-11-19T10:23:52,725|[TRACE] AbstractLoadPlanBuildingAssociationVisitationStrategy - Popped collection reference from stack : org.hibernate.loader.plan.build.internal.returns.CollectionReturnImpl@32e9c3af
2021-11-19T10:23:52,725|[TRACE] AbstractLoadPlanBuildingAssociationVisitationStrategy -  Finished root collection : bloodbank.entity.Phone.contacts
2021-11-19T10:23:52,725|[DEBUG] FetchStyleLoadPlanBuildingAssociationVisitationStrategy - Building LoadPlan...
2021-11-19T10:23:52,725|[DEBUG] LoadQueryJoinAndFetchProcessor - processing queryspace <gen:0>
2021-11-19T10:23:52,725|[DEBUG] LoadPlanTreePrinter - LoadPlan(collection=bloodbank.entity.Phone.contacts)
    - Returns
       - CollectionReturnImpl(collection=bloodbank.entity.Phone.contacts, querySpaceUid=<gen:0>, path=[bloodbank.entity.Phone.contacts])
          - (collection element) CollectionFetchableElementEntityGraph(entity=bloodbank.entity.Contact, querySpaceUid=<gen:1>, path=[bloodbank.entity.Phone.contacts].<elements>)
             - EntityAttributeFetchImpl(entity=bloodbank.entity.Address, querySpaceUid=<gen:2>, path=[bloodbank.entity.Phone.contacts].<elements>.address)
             - EntityAttributeFetchImpl(entity=bloodbank.entity.Person, querySpaceUid=<gen:3>, path=[bloodbank.entity.Phone.contacts].<elements>.owner)
    - QuerySpaces
       - CollectionQuerySpaceImpl(uid=<gen:0>, collection=bloodbank.entity.Phone.contacts)
          - SQL table alias mapping - contacts0_
          - alias suffix - 0_
          - suffixed key columns - {phone_id2_3_0_}
          - entity-element alias suffix - 1_
          - 1_entity-element suffixed key columns - person_i1_3_1_, phone_id2_3_1_
          - JOIN (JoinDefinedByMetadata(elements)) : <gen:0> -> <gen:1>
             - EntityQuerySpaceImpl(uid=<gen:1>, entity=bloodbank.entity.Contact)
                - SQL table alias mapping - contacts0_
                - alias suffix - 1_
                - suffixed key columns - {person_i1_3_1_, phone_id2_3_1_}
                - JOIN (JoinDefinedByMetadata(id)) : <gen:1> -> <gen:1>-id
                   - CompositeQuerySpaceImpl(uid=<gen:1>-id)
                      - SQL table alias mapping - contacts0_

2021-11-19T10:23:52,725|[DEBUG] CollectionLoader - Static select for collection bloodbank.entity.Phone.contacts: select contacts0_.phone_id as phone_id2_3_0_, contacts0_.person_id as person_i1_3_0_, contacts0_.person_id as person_i1_3_1_, contacts0_.phone_id as phone_id2_3_1_, contacts0_.created as created3_3_1_, contacts0_.updated as updated4_3_1_, contacts0_.version as version5_3_1_, contacts0_.address_id as address_8_3_1_, contacts0_.contact_type as contact_6_3_1_, contacts0_.email as email7_3_1_ from contact contacts0_ where contacts0_.phone_id=?
2021-11-19T10:23:52,725|[TRACE] AbstractLoadPlanBuildingAssociationVisitationStrategy -  Starting root collection : bloodbank.entity.BloodBank.donations
2021-11-19T10:23:52,725|[DEBUG] QuerySpacesImpl - Adding QuerySpace : uid = <gen:0> -> org.hibernate.loader.plan.build.internal.spaces.CollectionQuerySpaceImpl@2f6d8c9]
2021-11-19T10:23:52,725|[DEBUG] QuerySpacesImpl - Adding QuerySpace : uid = <gen:1> -> org.hibernate.loader.plan.build.internal.spaces.EntityQuerySpaceImpl@7d4135c9]
2021-11-19T10:23:52,725|[TRACE] AbstractLoadPlanBuildingAssociationVisitationStrategy - Pushing collection reference to stack : org.hibernate.loader.plan.build.internal.returns.CollectionReturnImpl@59db8216
2021-11-19T10:23:52,725|[TRACE] AbstractLoadPlanBuildingAssociationVisitationStrategy -  Registering AssociationKey : AssociationKey(table=blood_donation, columns={bank_id}) -> null
2021-11-19T10:23:52,725|[TRACE] AbstractLoadPlanBuildingAssociationVisitationStrategy -  Starting collection element graph : bloodbank.entity.BloodBank.donations
2021-11-19T10:23:52,725|[TRACE] AbstractLoadPlanBuildingAssociationVisitationStrategy - Pushing fetch source to stack : org.hibernate.loader.plan.build.internal.returns.CollectionFetchableElementEntityGraph@7bb86ac
2021-11-19T10:23:52,726|[TRACE] AbstractLoadPlanBuildingAssociationVisitationStrategy - >> Starting entity identifier : bloodbank.entity.BloodDonation
2021-11-19T10:23:52,726|[DEBUG] MetamodelGraphWalker - Visiting attribute path : epochCreated
2021-11-19T10:23:52,726|[TRACE] AbstractLoadPlanBuildingAssociationVisitationStrategy - >> Starting attribute Attribute(name=epochCreated, type=long [non-identifier])
2021-11-19T10:23:52,726|[TRACE] AbstractLoadPlanBuildingAssociationVisitationStrategy - << Finishing up attribute : Attribute(name=epochCreated, type=long [non-identifier])
2021-11-19T10:23:52,726|[DEBUG] MetamodelGraphWalker - Visiting attribute path : epochUpdated
2021-11-19T10:23:52,726|[TRACE] AbstractLoadPlanBuildingAssociationVisitationStrategy - >> Starting attribute Attribute(name=epochUpdated, type=long [non-identifier])
2021-11-19T10:23:52,726|[TRACE] AbstractLoadPlanBuildingAssociationVisitationStrategy - << Finishing up attribute : Attribute(name=epochUpdated, type=long [non-identifier])
2021-11-19T10:23:52,726|[DEBUG] MetamodelGraphWalker - Visiting attribute path : version
2021-11-19T10:23:52,726|[TRACE] AbstractLoadPlanBuildingAssociationVisitationStrategy - >> Starting attribute Attribute(name=version, type=integer [non-identifier])
2021-11-19T10:23:52,726|[TRACE] AbstractLoadPlanBuildingAssociationVisitationStrategy - << Finishing up attribute : Attribute(name=version, type=integer [non-identifier])
2021-11-19T10:23:52,726|[DEBUG] MetamodelGraphWalker - Visiting attribute path : bank
2021-11-19T10:23:52,726|[DEBUG] MetamodelGraphWalker - Property path deemed to be circular : bank
2021-11-19T10:23:52,726|[DEBUG] MetamodelGraphWalker - Visiting attribute path : bloodType
2021-11-19T10:23:52,726|[TRACE] AbstractLoadPlanBuildingAssociationVisitationStrategy - >> Starting attribute Attribute(name=bloodType, type=component[bloodGroup,rhd] [non-identifier,composition])
2021-11-19T10:23:52,726|[DEBUG] QuerySpacesImpl - Adding QuerySpace : uid = <gen:2> -> org.hibernate.loader.plan.build.internal.spaces.CompositeQuerySpaceImpl@33bf2602]
2021-11-19T10:23:52,726|[TRACE] AbstractLoadPlanBuildingAssociationVisitationStrategy - Pushing fetch source to stack : org.hibernate.loader.plan.build.internal.returns.CompositeAttributeFetchImpl@4724b2c1
2021-11-19T10:23:52,726|[TRACE] AbstractLoadPlanBuildingAssociationVisitationStrategy - >>>> Starting composite : bloodType
2021-11-19T10:23:52,726|[DEBUG] MetamodelGraphWalker - Visiting attribute path : bloodType.bloodGroup
2021-11-19T10:23:52,726|[TRACE] AbstractLoadPlanBuildingAssociationVisitationStrategy - >>>> Starting attribute Attribute(name=bloodGroup, type=string [non-identifier])
2021-11-19T10:23:52,726|[TRACE] AbstractLoadPlanBuildingAssociationVisitationStrategy - <<<< Finishing up attribute : Attribute(name=bloodGroup, type=string [non-identifier])
2021-11-19T10:23:52,726|[DEBUG] MetamodelGraphWalker - Visiting attribute path : bloodType.rhd
2021-11-19T10:23:52,726|[TRACE] AbstractLoadPlanBuildingAssociationVisitationStrategy - >>>> Starting attribute Attribute(name=rhd, type=byte [non-identifier])
2021-11-19T10:23:52,726|[TRACE] AbstractLoadPlanBuildingAssociationVisitationStrategy - <<<< Finishing up attribute : Attribute(name=rhd, type=byte [non-identifier])
2021-11-19T10:23:52,726|[TRACE] AbstractLoadPlanBuildingAssociationVisitationStrategy - <<<< Finishing composite : bloodType
2021-11-19T10:23:52,726|[TRACE] AbstractLoadPlanBuildingAssociationVisitationStrategy - Popped fetch owner from stack : org.hibernate.loader.plan.build.internal.returns.CompositeAttributeFetchImpl@4724b2c1
2021-11-19T10:23:52,726|[TRACE] AbstractLoadPlanBuildingAssociationVisitationStrategy - << Finishing up attribute : Attribute(name=bloodType, type=component[bloodGroup,rhd] [non-identifier,composition])
2021-11-19T10:23:52,726|[DEBUG] MetamodelGraphWalker - Visiting attribute path : milliliters
2021-11-19T10:23:52,726|[TRACE] AbstractLoadPlanBuildingAssociationVisitationStrategy - >> Starting attribute Attribute(name=milliliters, type=integer [non-identifier])
2021-11-19T10:23:52,726|[TRACE] AbstractLoadPlanBuildingAssociationVisitationStrategy - << Finishing up attribute : Attribute(name=milliliters, type=integer [non-identifier])
2021-11-19T10:23:52,726|[DEBUG] MetamodelGraphWalker - Visiting attribute path : record
2021-11-19T10:23:52,726|[TRACE] AbstractLoadPlanBuildingAssociationVisitationStrategy - >> Starting attribute Attribute(name=record, type=bloodbank.entity.DonationRecord [non-identifier,association])
2021-11-19T10:23:52,726|[DEBUG] QuerySpacesImpl - Adding QuerySpace : uid = <gen:3> -> org.hibernate.loader.plan.build.internal.spaces.EntityQuerySpaceImpl@426a4301]
2021-11-19T10:23:52,726|[TRACE] AbstractLoadPlanBuildingAssociationVisitationStrategy - << Finishing up attribute : Attribute(name=record, type=bloodbank.entity.DonationRecord [non-identifier,association])
2021-11-19T10:23:52,726|[TRACE] AbstractLoadPlanBuildingAssociationVisitationStrategy - Popped fetch owner from stack : org.hibernate.loader.plan.build.internal.returns.CollectionFetchableElementEntityGraph@7bb86ac
2021-11-19T10:23:52,726|[TRACE] AbstractLoadPlanBuildingAssociationVisitationStrategy -  Finished collection element graph : bloodbank.entity.BloodBank.donations
2021-11-19T10:23:52,726|[TRACE] AbstractLoadPlanBuildingAssociationVisitationStrategy - Popped collection reference from stack : org.hibernate.loader.plan.build.internal.returns.CollectionReturnImpl@59db8216
2021-11-19T10:23:52,726|[TRACE] AbstractLoadPlanBuildingAssociationVisitationStrategy -  Finished root collection : bloodbank.entity.BloodBank.donations
2021-11-19T10:23:52,726|[DEBUG] FetchStyleLoadPlanBuildingAssociationVisitationStrategy - Building LoadPlan...
2021-11-19T10:23:52,726|[DEBUG] LoadQueryJoinAndFetchProcessor - processing queryspace <gen:0>
2021-11-19T10:23:52,727|[DEBUG] LoadPlanTreePrinter - LoadPlan(collection=bloodbank.entity.BloodBank.donations)
    - Returns
       - CollectionReturnImpl(collection=bloodbank.entity.BloodBank.donations, querySpaceUid=<gen:0>, path=[bloodbank.entity.BloodBank.donations])
          - (collection element) CollectionFetchableElementEntityGraph(entity=bloodbank.entity.BloodDonation, querySpaceUid=<gen:1>, path=[bloodbank.entity.BloodBank.donations].<elements>)
             - CompositeAttributeFetchImpl(composite=bloodbank.entity.BloodType, querySpaceUid=<gen:2>, path=[bloodbank.entity.BloodBank.donations].<elements>.bloodType)
             - EntityAttributeFetchImpl(entity=bloodbank.entity.DonationRecord, querySpaceUid=<gen:3>, path=[bloodbank.entity.BloodBank.donations].<elements>.record)
    - QuerySpaces
       - CollectionQuerySpaceImpl(uid=<gen:0>, collection=bloodbank.entity.BloodBank.donations)
          - SQL table alias mapping - donations0_
          - alias suffix - 0_
          - suffixed key columns - {bank_id8_2_0_}
          - entity-element alias suffix - 1_
          - 1_entity-element suffixed key columns - donation1_2_1_
          - JOIN (JoinDefinedByMetadata(elements)) : <gen:0> -> <gen:1>
             - EntityQuerySpaceImpl(uid=<gen:1>, entity=bloodbank.entity.BloodDonation)
                - SQL table alias mapping - donations0_
                - alias suffix - 1_
                - suffixed key columns - {donation1_2_1_}
                - JOIN (JoinDefinedByMetadata(bloodType)) : <gen:1> -> <gen:2>
                   - CompositeQuerySpaceImpl(uid=<gen:2>)
                      - SQL table alias mapping - donations0_

2021-11-19T10:23:52,727|[DEBUG] CollectionLoader - Static select for collection bloodbank.entity.BloodBank.donations: select donations0_.bank_id as bank_id8_2_0_, donations0_.donation_id as donation1_2_0_, donations0_.donation_id as donation1_2_1_, donations0_.created as created2_2_1_, donations0_.updated as updated3_2_1_, donations0_.version as version4_2_1_, donations0_.bank_id as bank_id8_2_1_, donations0_.blood_group as blood_gr5_2_1_, donations0_.rhd as rhd6_2_1_, donations0_.milliliters as millilit7_2_1_ from blood_donation donations0_ where donations0_.bank_id=?
2021-11-19T10:23:52,727|[TRACE] MetadataContext - Wrapping up metadata context...
2021-11-19T10:23:52,727|[TRACE] MetadataContext - Starting mapped superclass [bloodbank.entity.PojoBaseCompositeKey]
2021-11-19T10:23:52,727|[TRACE] AttributeFactory - Building version attribute [ownerType.getTypeName().property.getName()]
2021-11-19T10:23:52,727|[TRACE] AttributeFactory - Starting attribute metadata determination [version]
2021-11-19T10:23:52,727|[TRACE] AttributeFactory -     Determined member [protected int bloodbank.entity.PojoBaseCompositeKey.version]
2021-11-19T10:23:52,727|[TRACE] AttributeFactory -     Determined type [name=integer, class=org.hibernate.type.IntegerType]
2021-11-19T10:23:52,727|[TRACE] AttributeFactory - Building attribute [bloodbank.entity.PojoBaseCompositeKey.epochCreated]
2021-11-19T10:23:52,727|[TRACE] AttributeFactory - Starting attribute metadata determination [epochCreated]
2021-11-19T10:23:52,727|[TRACE] AttributeFactory -     Determined member [protected long bloodbank.entity.PojoBaseCompositeKey.epochCreated]
2021-11-19T10:23:52,727|[TRACE] AttributeFactory -     Determined type [name=long, class=org.hibernate.type.LongType]
2021-11-19T10:23:52,727|[TRACE] AttributeFactory - Building attribute [bloodbank.entity.PojoBaseCompositeKey.epochUpdated]
2021-11-19T10:23:52,727|[TRACE] AttributeFactory - Starting attribute metadata determination [epochUpdated]
2021-11-19T10:23:52,727|[TRACE] AttributeFactory -     Determined member [protected long bloodbank.entity.PojoBaseCompositeKey.epochUpdated]
2021-11-19T10:23:52,727|[TRACE] AttributeFactory -     Determined type [name=long, class=org.hibernate.type.LongType]
2021-11-19T10:23:52,727|[TRACE] MetadataContext - Completed mapped superclass [bloodbank.entity.PojoBaseCompositeKey]
2021-11-19T10:23:52,727|[TRACE] MetadataContext - Starting entity [bloodbank.entity.Contact]
2021-11-19T10:23:52,727|[TRACE] AttributeFactory - Building identifier attribute [Contact.id]
2021-11-19T10:23:52,727|[TRACE] AttributeFactory - Starting attribute metadata determination [id]
2021-11-19T10:23:52,727|[TRACE] AttributeFactory -     Determined member [private bloodbank.entity.ContactPK bloodbank.entity.Contact.id]
2021-11-19T10:23:52,727|[TRACE] AttributeFactory -     Determined type [name=component[personId,phoneId], class=org.hibernate.type.ComponentType]
2021-11-19T10:23:52,727|[TRACE] AttributeFactory - Building attribute [unknown.personId]
2021-11-19T10:23:52,727|[TRACE] AttributeFactory - Starting attribute metadata determination [personId]
2021-11-19T10:23:52,727|[TRACE] AttributeFactory -     Determined member [private int bloodbank.entity.ContactPK.personId]
2021-11-19T10:23:52,727|[TRACE] AttributeFactory -     Determined type [name=integer, class=org.hibernate.type.IntegerType]
2021-11-19T10:23:52,727|[TRACE] AttributeFactory - Building attribute [unknown.phoneId]
2021-11-19T10:23:52,727|[TRACE] AttributeFactory - Starting attribute metadata determination [phoneId]
2021-11-19T10:23:52,727|[TRACE] AttributeFactory -     Determined member [private int bloodbank.entity.ContactPK.phoneId]
2021-11-19T10:23:52,727|[TRACE] AttributeFactory -     Determined type [name=integer, class=org.hibernate.type.IntegerType]
2021-11-19T10:23:52,727|[TRACE] AttributeFactory - Building attribute [Contact.address]
2021-11-19T10:23:52,727|[TRACE] AttributeFactory - Starting attribute metadata determination [address]
2021-11-19T10:23:52,727|[TRACE] AttributeFactory -     Determined member [private bloodbank.entity.Address bloodbank.entity.Contact.address]
2021-11-19T10:23:52,727|[TRACE] AttributeFactory -     Determined type [name=bloodbank.entity.Address, class=org.hibernate.type.ManyToOneType]
2021-11-19T10:23:52,727|[TRACE] AttributeFactory - Building attribute [Contact.contactType]
2021-11-19T10:23:52,727|[TRACE] AttributeFactory - Starting attribute metadata determination [contactType]
2021-11-19T10:23:52,727|[TRACE] AttributeFactory -     Determined member [private java.lang.String bloodbank.entity.Contact.contactType]
2021-11-19T10:23:52,727|[TRACE] AttributeFactory -     Determined type [name=string, class=org.hibernate.type.StringType]
2021-11-19T10:23:52,727|[TRACE] AttributeFactory - Building attribute [Contact.email]
2021-11-19T10:23:52,727|[TRACE] AttributeFactory - Starting attribute metadata determination [email]
2021-11-19T10:23:52,727|[TRACE] AttributeFactory -     Determined member [private java.lang.String bloodbank.entity.Contact.email]
2021-11-19T10:23:52,727|[TRACE] AttributeFactory -     Determined type [name=string, class=org.hibernate.type.StringType]
2021-11-19T10:23:52,727|[TRACE] AttributeFactory - Building attribute [Contact.owner]
2021-11-19T10:23:52,727|[TRACE] AttributeFactory - Starting attribute metadata determination [owner]
2021-11-19T10:23:52,727|[TRACE] AttributeFactory -     Determined member [private bloodbank.entity.Person bloodbank.entity.Contact.owner]
2021-11-19T10:23:52,727|[TRACE] AttributeFactory -     Determined type [name=bloodbank.entity.Person, class=org.hibernate.type.ManyToOneType]
2021-11-19T10:23:52,727|[TRACE] AttributeFactory - Building attribute [Contact.phone]
2021-11-19T10:23:52,727|[TRACE] AttributeFactory - Starting attribute metadata determination [phone]
2021-11-19T10:23:52,727|[TRACE] AttributeFactory -     Determined member [private bloodbank.entity.Phone bloodbank.entity.Contact.phone]
2021-11-19T10:23:52,727|[TRACE] AttributeFactory -     Determined type [name=bloodbank.entity.Phone, class=org.hibernate.type.ManyToOneType]
2021-11-19T10:23:52,728|[TRACE] MetadataContext - Completed entity [bloodbank.entity.Contact]
2021-11-19T10:23:52,728|[TRACE] MetadataContext - Starting mapped superclass [bloodbank.entity.PojoBase]
2021-11-19T10:23:52,728|[TRACE] AttributeFactory - Building identifier attribute [bloodbank.entity.PojoBase.id]
2021-11-19T10:23:52,728|[TRACE] AttributeFactory - Starting attribute metadata determination [id]
2021-11-19T10:23:52,728|[TRACE] AttributeFactory -     Determined member [protected int bloodbank.entity.PojoBase.id]
2021-11-19T10:23:52,728|[TRACE] AttributeFactory -     Determined type [name=integer, class=org.hibernate.type.IntegerType]
2021-11-19T10:23:52,728|[TRACE] AttributeFactory - Building version attribute [ownerType.getTypeName().property.getName()]
2021-11-19T10:23:52,728|[TRACE] AttributeFactory - Starting attribute metadata determination [version]
2021-11-19T10:23:52,728|[TRACE] AttributeFactory -     Determined member [protected int bloodbank.entity.PojoBase.version]
2021-11-19T10:23:52,728|[TRACE] AttributeFactory -     Determined type [name=integer, class=org.hibernate.type.IntegerType]
2021-11-19T10:23:52,728|[TRACE] AttributeFactory - Building attribute [bloodbank.entity.PojoBase.epochCreated]
2021-11-19T10:23:52,728|[TRACE] AttributeFactory - Starting attribute metadata determination [epochCreated]
2021-11-19T10:23:52,728|[TRACE] AttributeFactory -     Determined member [protected long bloodbank.entity.PojoBase.epochCreated]
2021-11-19T10:23:52,728|[TRACE] AttributeFactory -     Determined type [name=long, class=org.hibernate.type.LongType]
2021-11-19T10:23:52,728|[TRACE] AttributeFactory - Building attribute [bloodbank.entity.PojoBase.epochUpdated]
2021-11-19T10:23:52,728|[TRACE] AttributeFactory - Starting attribute metadata determination [epochUpdated]
2021-11-19T10:23:52,728|[TRACE] AttributeFactory -     Determined member [protected long bloodbank.entity.PojoBase.epochUpdated]
2021-11-19T10:23:52,728|[TRACE] AttributeFactory -     Determined type [name=long, class=org.hibernate.type.LongType]
2021-11-19T10:23:52,728|[TRACE] AttributeFactory - Building attribute [bloodbank.entity.PojoBase.version]
2021-11-19T10:23:52,728|[TRACE] AttributeFactory - Starting attribute metadata determination [version]
2021-11-19T10:23:52,728|[TRACE] AttributeFactory -     Determined member [protected int bloodbank.entity.PojoBase.version]
2021-11-19T10:23:52,728|[TRACE] AttributeFactory -     Determined type [name=integer, class=org.hibernate.type.IntegerType]
2021-11-19T10:23:52,728|[TRACE] MetadataContext - Completed mapped superclass [bloodbank.entity.PojoBase]
2021-11-19T10:23:52,728|[TRACE] MetadataContext - Starting entity [bloodbank.entity.Phone]
2021-11-19T10:23:52,728|[TRACE] AttributeFactory - Building attribute [Phone.areaCode]
2021-11-19T10:23:52,728|[TRACE] AttributeFactory - Starting attribute metadata determination [areaCode]
2021-11-19T10:23:52,728|[TRACE] AttributeFactory -     Determined member [private java.lang.String bloodbank.entity.Phone.areaCode]
2021-11-19T10:23:52,728|[TRACE] AttributeFactory -     Determined type [name=string, class=org.hibernate.type.StringType]
2021-11-19T10:23:52,728|[TRACE] AttributeFactory - Building attribute [Phone.contacts]
2021-11-19T10:23:52,728|[TRACE] AttributeFactory - Starting attribute metadata determination [contacts]
2021-11-19T10:23:52,728|[TRACE] AttributeFactory -     Determined member [private java.util.Set bloodbank.entity.Phone.contacts]
2021-11-19T10:23:52,728|[TRACE] AttributeFactory -     Determined type [name=java.util.Set(bloodbank.entity.Phone.contacts), class=org.hibernate.type.SetType]
2021-11-19T10:23:52,728|[TRACE] AttributeFactory - Building attribute [Phone.countryCode]
2021-11-19T10:23:52,728|[TRACE] AttributeFactory - Starting attribute metadata determination [countryCode]
2021-11-19T10:23:52,728|[TRACE] AttributeFactory -     Determined member [private java.lang.String bloodbank.entity.Phone.countryCode]
2021-11-19T10:23:52,728|[TRACE] AttributeFactory -     Determined type [name=string, class=org.hibernate.type.StringType]
2021-11-19T10:23:52,728|[TRACE] AttributeFactory - Building attribute [Phone.number]
2021-11-19T10:23:52,728|[TRACE] AttributeFactory - Starting attribute metadata determination [number]
2021-11-19T10:23:52,728|[TRACE] AttributeFactory -     Determined member [private java.lang.String bloodbank.entity.Phone.number]
2021-11-19T10:23:52,728|[TRACE] AttributeFactory -     Determined type [name=string, class=org.hibernate.type.StringType]
2021-11-19T10:23:52,728|[TRACE] MetadataContext - Completed entity [bloodbank.entity.Phone]
2021-11-19T10:23:52,728|[TRACE] MetadataContext - Starting entity [bloodbank.entity.BloodDonation]
2021-11-19T10:23:52,728|[TRACE] AttributeFactory - Building attribute [BloodDonation.bank]
2021-11-19T10:23:52,728|[TRACE] AttributeFactory - Starting attribute metadata determination [bank]
2021-11-19T10:23:52,728|[TRACE] AttributeFactory -     Determined member [private bloodbank.entity.BloodBank bloodbank.entity.BloodDonation.bank]
2021-11-19T10:23:52,728|[TRACE] AttributeFactory -     Determined type [name=bloodbank.entity.BloodBank, class=org.hibernate.type.ManyToOneType]
2021-11-19T10:23:52,728|[TRACE] AttributeFactory - Building attribute [BloodDonation.bloodType]
2021-11-19T10:23:52,728|[TRACE] AttributeFactory - Starting attribute metadata determination [bloodType]
2021-11-19T10:23:52,728|[TRACE] AttributeFactory -     Determined member [private bloodbank.entity.BloodType bloodbank.entity.BloodDonation.bloodType]
2021-11-19T10:23:52,728|[TRACE] AttributeFactory -     Determined type [name=component[bloodGroup,rhd], class=org.hibernate.type.ComponentType]
2021-11-19T10:23:52,728|[TRACE] AttributeFactory - Building attribute [unknown.bloodGroup]
2021-11-19T10:23:52,728|[TRACE] AttributeFactory - Starting attribute metadata determination [bloodGroup]
2021-11-19T10:23:52,728|[TRACE] AttributeFactory -     Determined member [private java.lang.String bloodbank.entity.BloodType.bloodGroup]
2021-11-19T10:23:52,728|[TRACE] AttributeFactory -     Determined type [name=string, class=org.hibernate.type.StringType]
2021-11-19T10:23:52,728|[TRACE] AttributeFactory - Building attribute [unknown.rhd]
2021-11-19T10:23:52,728|[TRACE] AttributeFactory - Starting attribute metadata determination [rhd]
2021-11-19T10:23:52,728|[TRACE] AttributeFactory -     Determined member [private byte bloodbank.entity.BloodType.rhd]
2021-11-19T10:23:52,728|[TRACE] AttributeFactory -     Determined type [name=byte, class=org.hibernate.type.ByteType]
2021-11-19T10:23:52,753|[TRACE] AttributeFactory - Building attribute [BloodDonation.milliliters]
2021-11-19T10:23:52,753|[TRACE] AttributeFactory - Starting attribute metadata determination [milliliters]
2021-11-19T10:23:52,753|[TRACE] AttributeFactory -     Determined member [private int bloodbank.entity.BloodDonation.milliliters]
2021-11-19T10:23:52,753|[TRACE] AttributeFactory -     Determined type [name=integer, class=org.hibernate.type.IntegerType]
2021-11-19T10:23:52,753|[TRACE] AttributeFactory - Building attribute [BloodDonation.record]
2021-11-19T10:23:52,753|[TRACE] AttributeFactory - Starting attribute metadata determination [record]
2021-11-19T10:23:52,753|[TRACE] AttributeFactory -     Determined member [private bloodbank.entity.DonationRecord bloodbank.entity.BloodDonation.record]
2021-11-19T10:23:52,753|[TRACE] AttributeFactory -     Determined type [name=bloodbank.entity.DonationRecord, class=org.hibernate.type.OneToOneType]
2021-11-19T10:23:52,753|[TRACE] MetadataContext - Completed entity [bloodbank.entity.BloodDonation]
2021-11-19T10:23:52,753|[TRACE] MetadataContext - Starting entity [bloodbank.entity.BloodBank]
2021-11-19T10:23:52,753|[TRACE] AttributeFactory - Building attribute [BloodBank.donations]
2021-11-19T10:23:52,753|[TRACE] AttributeFactory - Starting attribute metadata determination [donations]
2021-11-19T10:23:52,753|[TRACE] AttributeFactory -     Determined member [private java.util.Set bloodbank.entity.BloodBank.donations]
2021-11-19T10:23:52,753|[TRACE] AttributeFactory -     Determined type [name=java.util.Set(bloodbank.entity.BloodBank.donations), class=org.hibernate.type.SetType]
2021-11-19T10:23:52,754|[TRACE] AttributeFactory - Building attribute [BloodBank.name]
2021-11-19T10:23:52,754|[TRACE] AttributeFactory - Starting attribute metadata determination [name]
2021-11-19T10:23:52,754|[TRACE] AttributeFactory -     Determined member [private java.lang.String bloodbank.entity.BloodBank.name]
2021-11-19T10:23:52,754|[TRACE] AttributeFactory -     Determined type [name=string, class=org.hibernate.type.StringType]
2021-11-19T10:23:52,754|[TRACE] MetadataContext - Completed entity [bloodbank.entity.BloodBank]
2021-11-19T10:23:52,754|[TRACE] MetadataContext - Starting entity [bloodbank.entity.PrivateBloodBank]
2021-11-19T10:23:52,754|[TRACE] MetadataContext - Completed entity [bloodbank.entity.PrivateBloodBank]
2021-11-19T10:23:52,754|[TRACE] MetadataContext - Starting entity [bloodbank.entity.DonationRecord]
2021-11-19T10:23:52,754|[TRACE] AttributeFactory - Building attribute [DonationRecord.donation]
2021-11-19T10:23:52,754|[TRACE] AttributeFactory - Starting attribute metadata determination [donation]
2021-11-19T10:23:52,754|[TRACE] AttributeFactory -     Determined member [private bloodbank.entity.BloodDonation bloodbank.entity.DonationRecord.donation]
2021-11-19T10:23:52,754|[TRACE] AttributeFactory -     Determined type [name=bloodbank.entity.BloodDonation, class=org.hibernate.type.ManyToOneType]
2021-11-19T10:23:52,754|[TRACE] AttributeFactory - Building attribute [DonationRecord.owner]
2021-11-19T10:23:52,754|[TRACE] AttributeFactory - Starting attribute metadata determination [owner]
2021-11-19T10:23:52,754|[TRACE] AttributeFactory -     Determined member [private bloodbank.entity.Person bloodbank.entity.DonationRecord.owner]
2021-11-19T10:23:52,754|[TRACE] AttributeFactory -     Determined type [name=bloodbank.entity.Person, class=org.hibernate.type.ManyToOneType]
2021-11-19T10:23:52,754|[TRACE] AttributeFactory - Building attribute [DonationRecord.tested]
2021-11-19T10:23:52,754|[TRACE] AttributeFactory - Starting attribute metadata determination [tested]
2021-11-19T10:23:52,754|[TRACE] AttributeFactory -     Determined member [private byte bloodbank.entity.DonationRecord.tested]
2021-11-19T10:23:52,754|[TRACE] AttributeFactory -     Determined type [name=byte, class=org.hibernate.type.ByteType]
2021-11-19T10:23:52,754|[TRACE] MetadataContext - Completed entity [bloodbank.entity.DonationRecord]
2021-11-19T10:23:52,754|[TRACE] MetadataContext - Starting entity [bloodbank.entity.Address]
2021-11-19T10:23:52,754|[TRACE] AttributeFactory - Building attribute [Address.city]
2021-11-19T10:23:52,754|[TRACE] AttributeFactory - Starting attribute metadata determination [city]
2021-11-19T10:23:52,754|[TRACE] AttributeFactory -     Determined member [private java.lang.String bloodbank.entity.Address.city]
2021-11-19T10:23:52,754|[TRACE] AttributeFactory -     Determined type [name=string, class=org.hibernate.type.StringType]
2021-11-19T10:23:52,754|[TRACE] AttributeFactory - Building attribute [Address.contacts]
2021-11-19T10:23:52,754|[TRACE] AttributeFactory - Starting attribute metadata determination [contacts]
2021-11-19T10:23:52,754|[TRACE] AttributeFactory -     Determined member [private java.util.Set bloodbank.entity.Address.contacts]
2021-11-19T10:23:52,754|[TRACE] AttributeFactory -     Determined type [name=java.util.Set(bloodbank.entity.Address.contacts), class=org.hibernate.type.SetType]
2021-11-19T10:23:52,754|[TRACE] AttributeFactory - Building attribute [Address.country]
2021-11-19T10:23:52,754|[TRACE] AttributeFactory - Starting attribute metadata determination [country]
2021-11-19T10:23:52,754|[TRACE] AttributeFactory -     Determined member [private java.lang.String bloodbank.entity.Address.country]
2021-11-19T10:23:52,754|[TRACE] AttributeFactory -     Determined type [name=string, class=org.hibernate.type.StringType]
2021-11-19T10:23:52,754|[TRACE] AttributeFactory - Building attribute [Address.province]
2021-11-19T10:23:52,754|[TRACE] AttributeFactory - Starting attribute metadata determination [province]
2021-11-19T10:23:52,754|[TRACE] AttributeFactory -     Determined member [private java.lang.String bloodbank.entity.Address.province]
2021-11-19T10:23:52,754|[TRACE] AttributeFactory -     Determined type [name=string, class=org.hibernate.type.StringType]
2021-11-19T10:23:52,754|[TRACE] AttributeFactory - Building attribute [Address.street]
2021-11-19T10:23:52,754|[TRACE] AttributeFactory - Starting attribute metadata determination [street]
2021-11-19T10:23:52,754|[TRACE] AttributeFactory -     Determined member [private java.lang.String bloodbank.entity.Address.street]
2021-11-19T10:23:52,754|[TRACE] AttributeFactory -     Determined type [name=string, class=org.hibernate.type.StringType]
2021-11-19T10:23:52,754|[TRACE] AttributeFactory - Building attribute [Address.streetNumber]
2021-11-19T10:23:52,754|[TRACE] AttributeFactory - Starting attribute metadata determination [streetNumber]
2021-11-19T10:23:52,754|[TRACE] AttributeFactory -     Determined member [private java.lang.String bloodbank.entity.Address.streetNumber]
2021-11-19T10:23:52,754|[TRACE] AttributeFactory -     Determined type [name=string, class=org.hibernate.type.StringType]
2021-11-19T10:23:52,754|[TRACE] AttributeFactory - Building attribute [Address.zipcode]
2021-11-19T10:23:52,754|[TRACE] AttributeFactory - Starting attribute metadata determination [zipcode]
2021-11-19T10:23:52,754|[TRACE] AttributeFactory -     Determined member [private java.lang.String bloodbank.entity.Address.zipcode]
2021-11-19T10:23:52,754|[TRACE] AttributeFactory -     Determined type [name=string, class=org.hibernate.type.StringType]
2021-11-19T10:23:52,754|[TRACE] MetadataContext - Completed entity [bloodbank.entity.Address]
2021-11-19T10:23:52,754|[TRACE] MetadataContext - Starting entity [bloodbank.entity.Person]
2021-11-19T10:23:52,754|[TRACE] AttributeFactory - Building attribute [Person.contacts]
2021-11-19T10:23:52,754|[TRACE] AttributeFactory - Starting attribute metadata determination [contacts]
2021-11-19T10:23:52,754|[TRACE] AttributeFactory -     Determined member [private java.util.Set bloodbank.entity.Person.contacts]
2021-11-19T10:23:52,754|[TRACE] AttributeFactory -     Determined type [name=java.util.Set(bloodbank.entity.Person.contacts), class=org.hibernate.type.SetType]
2021-11-19T10:23:52,754|[TRACE] AttributeFactory - Building attribute [Person.donations]
2021-11-19T10:23:52,754|[TRACE] AttributeFactory - Starting attribute metadata determination [donations]
2021-11-19T10:23:52,754|[TRACE] AttributeFactory -     Determined member [private java.util.Set bloodbank.entity.Person.donations]
2021-11-19T10:23:52,754|[TRACE] AttributeFactory -     Determined type [name=java.util.Set(bloodbank.entity.Person.donations), class=org.hibernate.type.SetType]
2021-11-19T10:23:52,754|[TRACE] AttributeFactory - Building attribute [Person.firstName]
2021-11-19T10:23:52,754|[TRACE] AttributeFactory - Starting attribute metadata determination [firstName]
2021-11-19T10:23:52,754|[TRACE] AttributeFactory -     Determined member [private java.lang.String bloodbank.entity.Person.firstName]
2021-11-19T10:23:52,754|[TRACE] AttributeFactory -     Determined type [name=string, class=org.hibernate.type.StringType]
2021-11-19T10:23:52,754|[TRACE] AttributeFactory - Building attribute [Person.lastName]
2021-11-19T10:23:52,754|[TRACE] AttributeFactory - Starting attribute metadata determination [lastName]
2021-11-19T10:23:52,754|[TRACE] AttributeFactory -     Determined member [private java.lang.String bloodbank.entity.Person.lastName]
2021-11-19T10:23:52,754|[TRACE] AttributeFactory -     Determined type [name=string, class=org.hibernate.type.StringType]
2021-11-19T10:23:52,754|[TRACE] MetadataContext - Completed entity [bloodbank.entity.Person]
2021-11-19T10:23:52,754|[TRACE] MetadataContext - Starting entity [bloodbank.entity.PublicBloodBank]
2021-11-19T10:23:52,754|[TRACE] MetadataContext - Completed entity [bloodbank.entity.PublicBloodBank]
2021-11-19T10:23:52,754|[TRACE] AbstractServiceRegistryImpl - Initializing service [role=org.hibernate.tool.schema.spi.SchemaManagementTool]
2021-11-19T10:23:52,754|[DEBUG] Helper - Attempting to resolve script source setting : META-INF/sql/bloodbank-drop.sql
2021-11-19T10:23:52,754|[TRACE] Helper - Trying as URL...
2021-11-19T10:23:52,755|[TRACE] AbstractServiceRegistryImpl - Initializing service [role=org.hibernate.tool.hbm2ddl.ImportSqlCommandExtractor]
2021-11-19T10:23:52,755|[INFO ] SchemaCreatorImpl - HHH000476: Executing import script 'file:/D:/Computer%20Programming/Level%204/CST8277_300%20Enterprise%20Application/Assignments/Assignment03/BloodBank-JPA-Mapping-JUnit-Skeleton/BloodBank-JPA-Mapping-JUnit-Skeleton/target/classes/META-INF/sql/bloodbank-drop.sql'
2021-11-19T10:23:52,755|[TRACE] graph - -> script
2021-11-19T10:23:52,755|[TRACE] graph - ---> blankSpacesToSkip
2021-11-19T10:23:52,755|[TRACE] graph - <--- blankSpacesToSkip
2021-11-19T10:23:52,755|[TRACE] graph - ---> statement
2021-11-19T10:23:52,755|[TRACE] graph - -----> statementFirstPart
2021-11-19T10:23:52,755|[TRACE] graph - -------> nonSkippedChar
2021-11-19T10:23:52,755|[TRACE] script - #out(`D`) [token]
2021-11-19T10:23:52,755|[TRACE] graph - <------- nonSkippedChar
2021-11-19T10:23:52,755|[TRACE] graph - <----- statementFirstPart
2021-11-19T10:23:52,755|[TRACE] graph - -----> statementPart
2021-11-19T10:23:52,755|[TRACE] graph - -------> nonSkippedChar
2021-11-19T10:23:52,755|[TRACE] script - #out(`R`) [token]
2021-11-19T10:23:52,755|[TRACE] graph - <------- nonSkippedChar
2021-11-19T10:23:52,755|[TRACE] graph - <----- statementPart
2021-11-19T10:23:52,755|[TRACE] graph - -----> statementPart
2021-11-19T10:23:52,755|[TRACE] graph - -------> nonSkippedChar
2021-11-19T10:23:52,755|[TRACE] script - #out(`O`) [token]
2021-11-19T10:23:52,755|[TRACE] graph - <------- nonSkippedChar
2021-11-19T10:23:52,755|[TRACE] graph - <----- statementPart
2021-11-19T10:23:52,755|[TRACE] graph - -----> statementPart
2021-11-19T10:23:52,755|[TRACE] graph - -------> nonSkippedChar
2021-11-19T10:23:52,755|[TRACE] script - #out(`P`) [token]
2021-11-19T10:23:52,755|[TRACE] graph - <------- nonSkippedChar
2021-11-19T10:23:52,755|[TRACE] graph - <----- statementPart
2021-11-19T10:23:52,755|[TRACE] graph - -----> statementPart
2021-11-19T10:23:52,755|[TRACE] graph - -------> nonSkippedSpace
2021-11-19T10:23:52,755|[TRACE] script - #out(` `) [token]
2021-11-19T10:23:52,755|[TRACE] graph - <------- nonSkippedSpace
2021-11-19T10:23:52,755|[TRACE] graph - <----- statementPart
2021-11-19T10:23:52,755|[TRACE] graph - -----> statementPart
2021-11-19T10:23:52,755|[TRACE] graph - -------> nonSkippedChar
2021-11-19T10:23:52,755|[TRACE] script - #out(`S`) [token]
2021-11-19T10:23:52,755|[TRACE] graph - <------- nonSkippedChar
2021-11-19T10:23:52,755|[TRACE] graph - <----- statementPart
2021-11-19T10:23:52,755|[TRACE] graph - -----> statementPart
2021-11-19T10:23:52,755|[TRACE] graph - -------> nonSkippedChar
2021-11-19T10:23:52,755|[TRACE] script - #out(`C`) [token]
2021-11-19T10:23:52,755|[TRACE] graph - <------- nonSkippedChar
2021-11-19T10:23:52,755|[TRACE] graph - <----- statementPart
2021-11-19T10:23:52,755|[TRACE] graph - -----> statementPart
2021-11-19T10:23:52,755|[TRACE] graph - -------> nonSkippedChar
2021-11-19T10:23:52,755|[TRACE] script - #out(`H`) [token]
2021-11-19T10:23:52,755|[TRACE] graph - <------- nonSkippedChar
2021-11-19T10:23:52,755|[TRACE] graph - <----- statementPart
2021-11-19T10:23:52,755|[TRACE] graph - -----> statementPart
2021-11-19T10:23:52,755|[TRACE] graph - -------> nonSkippedChar
2021-11-19T10:23:52,755|[TRACE] script - #out(`E`) [token]
2021-11-19T10:23:52,755|[TRACE] graph - <------- nonSkippedChar
2021-11-19T10:23:52,755|[TRACE] graph - <----- statementPart
2021-11-19T10:23:52,755|[TRACE] graph - -----> statementPart
2021-11-19T10:23:52,755|[TRACE] graph - -------> nonSkippedChar
2021-11-19T10:23:52,755|[TRACE] script - #out(`M`) [token]
2021-11-19T10:23:52,755|[TRACE] graph - <------- nonSkippedChar
2021-11-19T10:23:52,755|[TRACE] graph - <----- statementPart
2021-11-19T10:23:52,755|[TRACE] graph - -----> statementPart
2021-11-19T10:23:52,755|[TRACE] graph - -------> nonSkippedChar
2021-11-19T10:23:52,755|[TRACE] script - #out(`A`) [token]
2021-11-19T10:23:52,755|[TRACE] graph - <------- nonSkippedChar
2021-11-19T10:23:52,755|[TRACE] graph - <----- statementPart
2021-11-19T10:23:52,755|[TRACE] graph - -----> statementPart
2021-11-19T10:23:52,755|[TRACE] graph - -------> nonSkippedSpace
2021-11-19T10:23:52,755|[TRACE] script - #out(` `) [token]
2021-11-19T10:23:52,755|[TRACE] graph - <------- nonSkippedSpace
2021-11-19T10:23:52,755|[TRACE] graph - <----- statementPart
2021-11-19T10:23:52,755|[TRACE] graph - -----> statementPart
2021-11-19T10:23:52,755|[TRACE] graph - -------> nonSkippedChar
2021-11-19T10:23:52,755|[TRACE] script - #out(`I`) [token]
2021-11-19T10:23:52,755|[TRACE] graph - <------- nonSkippedChar
2021-11-19T10:23:52,755|[TRACE] graph - <----- statementPart
2021-11-19T10:23:52,755|[TRACE] graph - -----> statementPart
2021-11-19T10:23:52,755|[TRACE] graph - -------> nonSkippedChar
2021-11-19T10:23:52,755|[TRACE] script - #out(`F`) [token]
2021-11-19T10:23:52,755|[TRACE] graph - <------- nonSkippedChar
2021-11-19T10:23:52,755|[TRACE] graph - <----- statementPart
2021-11-19T10:23:52,755|[TRACE] graph - -----> statementPart
2021-11-19T10:23:52,755|[TRACE] graph - -------> nonSkippedSpace
2021-11-19T10:23:52,755|[TRACE] script - #out(` `) [token]
2021-11-19T10:23:52,755|[TRACE] graph - <------- nonSkippedSpace
2021-11-19T10:23:52,755|[TRACE] graph - <----- statementPart
2021-11-19T10:23:52,755|[TRACE] graph - -----> statementPart
2021-11-19T10:23:52,755|[TRACE] graph - -------> nonSkippedChar
2021-11-19T10:23:52,755|[TRACE] script - #out(`E`) [token]
2021-11-19T10:23:52,755|[TRACE] graph - <------- nonSkippedChar
2021-11-19T10:23:52,755|[TRACE] graph - <----- statementPart
2021-11-19T10:23:52,755|[TRACE] graph - -----> statementPart
2021-11-19T10:23:52,755|[TRACE] graph - -------> nonSkippedChar
2021-11-19T10:23:52,755|[TRACE] script - #out(`X`) [token]
2021-11-19T10:23:52,755|[TRACE] graph - <------- nonSkippedChar
2021-11-19T10:23:52,755|[TRACE] graph - <----- statementPart
2021-11-19T10:23:52,755|[TRACE] graph - -----> statementPart
2021-11-19T10:23:52,755|[TRACE] graph - -------> nonSkippedChar
2021-11-19T10:23:52,755|[TRACE] script - #out(`I`) [token]
2021-11-19T10:23:52,755|[TRACE] graph - <------- nonSkippedChar
2021-11-19T10:23:52,755|[TRACE] graph - <----- statementPart
2021-11-19T10:23:52,755|[TRACE] graph - -----> statementPart
2021-11-19T10:23:52,755|[TRACE] graph - -------> nonSkippedChar
2021-11-19T10:23:52,755|[TRACE] script - #out(`S`) [token]
2021-11-19T10:23:52,755|[TRACE] graph - <------- nonSkippedChar
2021-11-19T10:23:52,755|[TRACE] graph - <----- statementPart
2021-11-19T10:23:52,755|[TRACE] graph - -----> statementPart
2021-11-19T10:23:52,755|[TRACE] graph - -------> nonSkippedChar
2021-11-19T10:23:52,755|[TRACE] script - #out(`T`) [token]
2021-11-19T10:23:52,755|[TRACE] graph - <------- nonSkippedChar
2021-11-19T10:23:52,755|[TRACE] graph - <----- statementPart
2021-11-19T10:23:52,755|[TRACE] graph - -----> statementPart
2021-11-19T10:23:52,755|[TRACE] graph - -------> nonSkippedChar
2021-11-19T10:23:52,755|[TRACE] script - #out(`S`) [token]
2021-11-19T10:23:52,755|[TRACE] graph - <------- nonSkippedChar
2021-11-19T10:23:52,755|[TRACE] graph - <----- statementPart
2021-11-19T10:23:52,755|[TRACE] graph - -----> statementPart
2021-11-19T10:23:52,755|[TRACE] graph - -------> nonSkippedSpace
2021-11-19T10:23:52,755|[TRACE] script - #out(` `) [token]
2021-11-19T10:23:52,755|[TRACE] graph - <------- nonSkippedSpace
2021-11-19T10:23:52,755|[TRACE] graph - <----- statementPart
2021-11-19T10:23:52,755|[TRACE] graph - -----> statementPart
2021-11-19T10:23:52,755|[TRACE] graph - -------> nonSkippedChar
2021-11-19T10:23:52,755|[TRACE] script - #out(`b`) [token]
2021-11-19T10:23:52,755|[TRACE] graph - <------- nonSkippedChar
2021-11-19T10:23:52,755|[TRACE] graph - <----- statementPart
2021-11-19T10:23:52,755|[TRACE] graph - -----> statementPart
2021-11-19T10:23:52,755|[TRACE] graph - -------> nonSkippedChar
2021-11-19T10:23:52,755|[TRACE] script - #out(`l`) [token]
2021-11-19T10:23:52,755|[TRACE] graph - <------- nonSkippedChar
2021-11-19T10:23:52,755|[TRACE] graph - <----- statementPart
2021-11-19T10:23:52,755|[TRACE] graph - -----> statementPart
2021-11-19T10:23:52,755|[TRACE] graph - -------> nonSkippedChar
2021-11-19T10:23:52,755|[TRACE] script - #out(`o`) [token]
2021-11-19T10:23:52,755|[TRACE] graph - <------- nonSkippedChar
2021-11-19T10:23:52,755|[TRACE] graph - <----- statementPart
2021-11-19T10:23:52,755|[TRACE] graph - -----> statementPart
2021-11-19T10:23:52,755|[TRACE] graph - -------> nonSkippedChar
2021-11-19T10:23:52,755|[TRACE] script - #out(`o`) [token]
2021-11-19T10:23:52,755|[TRACE] graph - <------- nonSkippedChar
2021-11-19T10:23:52,755|[TRACE] graph - <----- statementPart
2021-11-19T10:23:52,755|[TRACE] graph - -----> statementPart
2021-11-19T10:23:52,755|[TRACE] graph - -------> nonSkippedChar
2021-11-19T10:23:52,755|[TRACE] script - #out(`d`) [token]
2021-11-19T10:23:52,755|[TRACE] graph - <------- nonSkippedChar
2021-11-19T10:23:52,755|[TRACE] graph - <----- statementPart
2021-11-19T10:23:52,755|[TRACE] graph - -----> statementPart
2021-11-19T10:23:52,755|[TRACE] graph - -------> nonSkippedChar
2021-11-19T10:23:52,755|[TRACE] script - #out(`b`) [token]
2021-11-19T10:23:52,755|[TRACE] graph - <------- nonSkippedChar
2021-11-19T10:23:52,755|[TRACE] graph - <----- statementPart
2021-11-19T10:23:52,755|[TRACE] graph - -----> statementPart
2021-11-19T10:23:52,756|[TRACE] graph - -------> nonSkippedChar
2021-11-19T10:23:52,756|[TRACE] script - #out(`a`) [token]
2021-11-19T10:23:52,756|[TRACE] graph - <------- nonSkippedChar
2021-11-19T10:23:52,756|[TRACE] graph - <----- statementPart
2021-11-19T10:23:52,756|[TRACE] graph - -----> statementPart
2021-11-19T10:23:52,756|[TRACE] graph - -------> nonSkippedChar
2021-11-19T10:23:52,756|[TRACE] script - #out(`n`) [token]
2021-11-19T10:23:52,756|[TRACE] graph - <------- nonSkippedChar
2021-11-19T10:23:52,756|[TRACE] graph - <----- statementPart
2021-11-19T10:23:52,756|[TRACE] graph - -----> statementPart
2021-11-19T10:23:52,756|[TRACE] graph - -------> nonSkippedChar
2021-11-19T10:23:52,756|[TRACE] script - #out(`k`) [token]
2021-11-19T10:23:52,756|[TRACE] graph - <------- nonSkippedChar
2021-11-19T10:23:52,756|[TRACE] graph - <----- statementPart
2021-11-19T10:23:52,756|[DEBUG] graph - Import statement : DROP SCHEMA IF EXISTS bloodbank
2021-11-19T10:23:52,756|[TRACE] graph - <--- statement
2021-11-19T10:23:52,756|[TRACE] graph - ---> blankSpacesToSkip
2021-11-19T10:23:52,756|[TRACE] graph - -----> newLineToSkip
2021-11-19T10:23:52,756|[TRACE] graph - <----- newLineToSkip
2021-11-19T10:23:52,756|[TRACE] graph - <--- blankSpacesToSkip
2021-11-19T10:23:52,756|[TRACE] graph - <- script
2021-11-19T10:23:52,756|[DEBUG] SQL - 
    
    DROP SCHEMA IF EXISTS bloodbank
2021-11-19T10:23:52,756|[INFO ] access - HHH10001501: Connection obtained from JdbcConnectionAccess [org.hibernate.engine.jdbc.env.internal.JdbcEnvironmentInitiator$ConnectionProviderJdbcConnectionAccess@63e648a0] for (non-JTA) DDL execution was not in auto-commit mode; the Connection 'local transaction' will be committed and the Connection will be set into auto-commit mode.
2021-11-19T10:23:52,901|[DEBUG] Helper - Attempting to resolve script source setting : META-INF/sql/bloodbank-create.sql
2021-11-19T10:23:52,901|[TRACE] Helper - Trying as URL...
2021-11-19T10:23:52,901|[INFO ] SchemaCreatorImpl - HHH000476: Executing import script 'file:/D:/Computer%20Programming/Level%204/CST8277_300%20Enterprise%20Application/Assignments/Assignment03/BloodBank-JPA-Mapping-JUnit-Skeleton/BloodBank-JPA-Mapping-JUnit-Skeleton/target/classes/META-INF/sql/bloodbank-create.sql'
2021-11-19T10:23:52,901|[TRACE] graph - -> script
2021-11-19T10:23:52,901|[TRACE] graph - ---> blankSpacesToSkip
2021-11-19T10:23:52,901|[TRACE] graph - -----> newLineToSkip
2021-11-19T10:23:52,901|[TRACE] graph - <----- newLineToSkip
2021-11-19T10:23:52,901|[TRACE] graph - -----> newLineToSkip
2021-11-19T10:23:52,901|[TRACE] graph - <----- newLineToSkip
2021-11-19T10:23:52,901|[TRACE] graph - <--- blankSpacesToSkip
2021-11-19T10:23:52,901|[TRACE] graph - ---> statement
2021-11-19T10:23:52,901|[TRACE] graph - -----> statementFirstPart
2021-11-19T10:23:52,901|[TRACE] graph - -------> nonSkippedChar
2021-11-19T10:23:52,901|[TRACE] script - #out(`S`) [token]
2021-11-19T10:23:52,901|[TRACE] graph - <------- nonSkippedChar
2021-11-19T10:23:52,901|[TRACE] graph - <----- statementFirstPart
2021-11-19T10:23:52,901|[TRACE] graph - -----> statementPart
2021-11-19T10:23:52,901|[TRACE] graph - -------> nonSkippedChar
2021-11-19T10:23:52,901|[TRACE] script - #out(`E`) [token]
2021-11-19T10:23:52,901|[TRACE] graph - <------- nonSkippedChar
2021-11-19T10:23:52,901|[TRACE] graph - <----- statementPart
2021-11-19T10:23:52,901|[TRACE] graph - -----> statementPart
2021-11-19T10:23:52,901|[TRACE] graph - -------> nonSkippedChar
2021-11-19T10:23:52,901|[TRACE] script - #out(`T`) [token]
2021-11-19T10:23:52,901|[TRACE] graph - <------- nonSkippedChar
2021-11-19T10:23:52,901|[TRACE] graph - <----- statementPart
2021-11-19T10:23:52,901|[TRACE] graph - -----> statementPart
2021-11-19T10:23:52,901|[TRACE] graph - -------> nonSkippedSpace
2021-11-19T10:23:52,901|[TRACE] script - #out(` `) [token]
2021-11-19T10:23:52,901|[TRACE] graph - <------- nonSkippedSpace
2021-11-19T10:23:52,901|[TRACE] graph - <----- statementPart
2021-11-19T10:23:52,901|[TRACE] graph - -----> statementPart
2021-11-19T10:23:52,901|[TRACE] graph - -------> nonSkippedChar
2021-11-19T10:23:52,901|[TRACE] script - #out(`@`) [token]
2021-11-19T10:23:52,901|[TRACE] graph - <------- nonSkippedChar
2021-11-19T10:23:52,901|[TRACE] graph - <----- statementPart
2021-11-19T10:23:52,901|[TRACE] graph - -----> statementPart
2021-11-19T10:23:52,901|[TRACE] graph - -------> nonSkippedChar
2021-11-19T10:23:52,901|[TRACE] script - #out(`O`) [token]
2021-11-19T10:23:52,901|[TRACE] graph - <------- nonSkippedChar
2021-11-19T10:23:52,901|[TRACE] graph - <----- statementPart
2021-11-19T10:23:52,901|[TRACE] graph - -----> statementPart
2021-11-19T10:23:52,901|[TRACE] graph - -------> nonSkippedChar
2021-11-19T10:23:52,901|[TRACE] script - #out(`L`) [token]
2021-11-19T10:23:52,901|[TRACE] graph - <------- nonSkippedChar
2021-11-19T10:23:52,901|[TRACE] graph - <----- statementPart
2021-11-19T10:23:52,901|[TRACE] graph - -----> statementPart
2021-11-19T10:23:52,901|[TRACE] graph - -------> nonSkippedChar
2021-11-19T10:23:52,901|[TRACE] script - #out(`D`) [token]
2021-11-19T10:23:52,901|[TRACE] graph - <------- nonSkippedChar
2021-11-19T10:23:52,901|[TRACE] graph - <----- statementPart
2021-11-19T10:23:52,901|[TRACE] graph - -----> statementPart
2021-11-19T10:23:52,901|[TRACE] graph - -------> nonSkippedChar
2021-11-19T10:23:52,901|[TRACE] script - #out(`_`) [token]
2021-11-19T10:23:52,901|[TRACE] graph - <------- nonSkippedChar
2021-11-19T10:23:52,901|[TRACE] graph - <----- statementPart
2021-11-19T10:23:52,901|[TRACE] graph - -----> statementPart
2021-11-19T10:23:52,901|[TRACE] graph - -------> nonSkippedChar
2021-11-19T10:23:52,901|[TRACE] script - #out(`U`) [token]
2021-11-19T10:23:52,901|[TRACE] graph - <------- nonSkippedChar
2021-11-19T10:23:52,901|[TRACE] graph - <----- statementPart
2021-11-19T10:23:52,901|[TRACE] graph - -----> statementPart
2021-11-19T10:23:52,901|[TRACE] graph - -------> nonSkippedChar
2021-11-19T10:23:52,901|[TRACE] script - #out(`N`) [token]
2021-11-19T10:23:52,901|[TRACE] graph - <------- nonSkippedChar
2021-11-19T10:23:52,901|[TRACE] graph - <----- statementPart
2021-11-19T10:23:52,901|[TRACE] graph - -----> statementPart
2021-11-19T10:23:52,901|[TRACE] graph - -------> nonSkippedChar
2021-11-19T10:23:52,901|[TRACE] script - #out(`I`) [token]
2021-11-19T10:23:52,901|[TRACE] graph - <------- nonSkippedChar
2021-11-19T10:23:52,901|[TRACE] graph - <----- statementPart
2021-11-19T10:23:52,901|[TRACE] graph - -----> statementPart
2021-11-19T10:23:52,901|[TRACE] graph - -------> nonSkippedChar
2021-11-19T10:23:52,901|[TRACE] script - #out(`Q`) [token]
2021-11-19T10:23:52,901|[TRACE] graph - <------- nonSkippedChar
2021-11-19T10:23:52,901|[TRACE] graph - <----- statementPart
2021-11-19T10:23:52,901|[TRACE] graph - -----> statementPart
2021-11-19T10:23:52,901|[TRACE] graph - -------> nonSkippedChar
2021-11-19T10:23:52,901|[TRACE] script - #out(`U`) [token]
2021-11-19T10:23:52,901|[TRACE] graph - <------- nonSkippedChar
2021-11-19T10:23:52,901|[TRACE] graph - <----- statementPart
2021-11-19T10:23:52,901|[TRACE] graph - -----> statementPart
2021-11-19T10:23:52,901|[TRACE] graph - -------> nonSkippedChar
2021-11-19T10:23:52,901|[TRACE] script - #out(`E`) [token]
2021-11-19T10:23:52,901|[TRACE] graph - <------- nonSkippedChar
2021-11-19T10:23:52,901|[TRACE] graph - <----- statementPart
2021-11-19T10:23:52,901|[TRACE] graph - -----> statementPart
2021-11-19T10:23:52,901|[TRACE] graph - -------> nonSkippedChar
2021-11-19T10:23:52,901|[TRACE] script - #out(`_`) [token]
2021-11-19T10:23:52,901|[TRACE] graph - <------- nonSkippedChar
2021-11-19T10:23:52,901|[TRACE] graph - <----- statementPart
2021-11-19T10:23:52,901|[TRACE] graph - -----> statementPart
2021-11-19T10:23:52,901|[TRACE] graph - -------> nonSkippedChar
2021-11-19T10:23:52,901|[TRACE] script - #out(`C`) [token]
2021-11-19T10:23:52,901|[TRACE] graph - <------- nonSkippedChar
2021-11-19T10:23:52,901|[TRACE] graph - <----- statementPart
2021-11-19T10:23:52,901|[TRACE] graph - -----> statementPart
2021-11-19T10:23:52,901|[TRACE] graph - -------> nonSkippedChar
2021-11-19T10:23:52,901|[TRACE] script - #out(`H`) [token]
2021-11-19T10:23:52,901|[TRACE] graph - <------- nonSkippedChar
2021-11-19T10:23:52,901|[TRACE] graph - <----- statementPart
2021-11-19T10:23:52,901|[TRACE] graph - -----> statementPart
2021-11-19T10:23:52,901|[TRACE] graph - -------> nonSkippedChar
2021-11-19T10:23:52,901|[TRACE] script - #out(`E`) [token]
2021-11-19T10:23:52,901|[TRACE] graph - <------- nonSkippedChar
2021-11-19T10:23:52,901|[TRACE] graph - <----- statementPart
2021-11-19T10:23:52,901|[TRACE] graph - -----> statementPart
2021-11-19T10:23:52,901|[TRACE] graph - -------> nonSkippedChar
2021-11-19T10:23:52,901|[TRACE] script - #out(`C`) [token]
2021-11-19T10:23:52,901|[TRACE] graph - <------- nonSkippedChar
2021-11-19T10:23:52,901|[TRACE] graph - <----- statementPart
2021-11-19T10:23:52,901|[TRACE] graph - -----> statementPart
2021-11-19T10:23:52,901|[TRACE] graph - -------> nonSkippedChar
2021-11-19T10:23:52,901|[TRACE] script - #out(`K`) [token]
2021-11-19T10:23:52,901|[TRACE] graph - <------- nonSkippedChar
2021-11-19T10:23:52,901|[TRACE] graph - <----- statementPart
2021-11-19T10:23:52,901|[TRACE] graph - -----> statementPart
2021-11-19T10:23:52,901|[TRACE] graph - -------> nonSkippedChar
2021-11-19T10:23:52,901|[TRACE] script - #out(`S`) [token]
2021-11-19T10:23:52,901|[TRACE] graph - <------- nonSkippedChar
2021-11-19T10:23:52,901|[TRACE] graph - <----- statementPart
2021-11-19T10:23:52,901|[TRACE] graph - -----> statementPart
2021-11-19T10:23:52,901|[TRACE] graph - -------> nonSkippedChar
2021-11-19T10:23:52,901|[TRACE] script - #out(`=`) [token]
2021-11-19T10:23:52,901|[TRACE] graph - <------- nonSkippedChar
2021-11-19T10:23:52,901|[TRACE] graph - <----- statementPart
2021-11-19T10:23:52,901|[TRACE] graph - -----> statementPart
2021-11-19T10:23:52,901|[TRACE] graph - -------> nonSkippedChar
2021-11-19T10:23:52,901|[TRACE] script - #out(`@`) [token]
2021-11-19T10:23:52,901|[TRACE] graph - <------- nonSkippedChar
2021-11-19T10:23:52,901|[TRACE] graph - <----- statementPart
2021-11-19T10:23:52,901|[TRACE] graph - -----> statementPart
2021-11-19T10:23:52,901|[TRACE] graph - -------> nonSkippedChar
2021-11-19T10:23:52,901|[TRACE] script - #out(`@`) [token]
2021-11-19T10:23:52,901|[TRACE] graph - <------- nonSkippedChar
2021-11-19T10:23:52,901|[TRACE] graph - <----- statementPart
2021-11-19T10:23:52,901|[TRACE] graph - -----> statementPart
2021-11-19T10:23:52,901|[TRACE] graph - -------> nonSkippedChar
2021-11-19T10:23:52,901|[TRACE] script - #out(`U`) [token]
2021-11-19T10:23:52,901|[TRACE] graph - <------- nonSkippedChar
2021-11-19T10:23:52,901|[TRACE] graph - <----- statementPart
2021-11-19T10:23:52,901|[TRACE] graph - -----> statementPart
2021-11-19T10:23:52,901|[TRACE] graph - -------> nonSkippedChar
2021-11-19T10:23:52,902|[TRACE] script - #out(`N`) [token]
2021-11-19T10:23:52,902|[TRACE] graph - <------- nonSkippedChar
2021-11-19T10:23:52,902|[TRACE] graph - <----- statementPart
2021-11-19T10:23:52,902|[TRACE] graph - -----> statementPart
2021-11-19T10:23:52,902|[TRACE] graph - -------> nonSkippedChar
2021-11-19T10:23:52,902|[TRACE] script - #out(`I`) [token]
2021-11-19T10:23:52,902|[TRACE] graph - <------- nonSkippedChar
2021-11-19T10:23:52,902|[TRACE] graph - <----- statementPart
2021-11-19T10:23:52,902|[TRACE] graph - -----> statementPart
2021-11-19T10:23:52,902|[TRACE] graph - -------> nonSkippedChar
2021-11-19T10:23:52,902|[TRACE] script - #out(`Q`) [token]
2021-11-19T10:23:52,902|[TRACE] graph - <------- nonSkippedChar
2021-11-19T10:23:52,902|[TRACE] graph - <----- statementPart
2021-11-19T10:23:52,902|[TRACE] graph - -----> statementPart
2021-11-19T10:23:52,902|[TRACE] graph - -------> nonSkippedChar
2021-11-19T10:23:52,902|[TRACE] script - #out(`U`) [token]
2021-11-19T10:23:52,902|[TRACE] graph - <------- nonSkippedChar
2021-11-19T10:23:52,902|[TRACE] graph - <----- statementPart
2021-11-19T10:23:52,902|[TRACE] graph - -----> statementPart
2021-11-19T10:23:52,902|[TRACE] graph - -------> nonSkippedChar
2021-11-19T10:23:52,902|[TRACE] script - #out(`E`) [token]
2021-11-19T10:23:52,902|[TRACE] graph - <------- nonSkippedChar
2021-11-19T10:23:52,902|[TRACE] graph - <----- statementPart
2021-11-19T10:23:52,902|[TRACE] graph - -----> statementPart
2021-11-19T10:23:52,902|[TRACE] graph - -------> nonSkippedChar
2021-11-19T10:23:52,902|[TRACE] script - #out(`_`) [token]
2021-11-19T10:23:52,902|[TRACE] graph - <------- nonSkippedChar
2021-11-19T10:23:52,902|[TRACE] graph - <----- statementPart
2021-11-19T10:23:52,902|[TRACE] graph - -----> statementPart
2021-11-19T10:23:52,902|[TRACE] graph - -------> nonSkippedChar
2021-11-19T10:23:52,902|[TRACE] script - #out(`C`) [token]
2021-11-19T10:23:52,902|[TRACE] graph - <------- nonSkippedChar
2021-11-19T10:23:52,902|[TRACE] graph - <----- statementPart
2021-11-19T10:23:52,902|[TRACE] graph - -----> statementPart
2021-11-19T10:23:52,902|[TRACE] graph - -------> nonSkippedChar
2021-11-19T10:23:52,902|[TRACE] script - #out(`H`) [token]
2021-11-19T10:23:52,902|[TRACE] graph - <------- nonSkippedChar
2021-11-19T10:23:52,902|[TRACE] graph - <----- statementPart
2021-11-19T10:23:52,902|[TRACE] graph - -----> statementPart
2021-11-19T10:23:52,902|[TRACE] graph - -------> nonSkippedChar
2021-11-19T10:23:52,902|[TRACE] script - #out(`E`) [token]
2021-11-19T10:23:52,902|[TRACE] graph - <------- nonSkippedChar
2021-11-19T10:23:52,902|[TRACE] graph - <----- statementPart
2021-11-19T10:23:52,902|[TRACE] graph - -----> statementPart
2021-11-19T10:23:52,902|[TRACE] graph - -------> nonSkippedChar
2021-11-19T10:23:52,902|[TRACE] script - #out(`C`) [token]
2021-11-19T10:23:52,902|[TRACE] graph - <------- nonSkippedChar
2021-11-19T10:23:52,902|[TRACE] graph - <----- statementPart
2021-11-19T10:23:52,902|[TRACE] graph - -----> statementPart
2021-11-19T10:23:52,902|[TRACE] graph - -------> nonSkippedChar
2021-11-19T10:23:52,902|[TRACE] script - #out(`K`) [token]
2021-11-19T10:23:52,902|[TRACE] graph - <------- nonSkippedChar
2021-11-19T10:23:52,902|[TRACE] graph - <----- statementPart
2021-11-19T10:23:52,902|[TRACE] graph - -----> statementPart
2021-11-19T10:23:52,902|[TRACE] graph - -------> nonSkippedChar
2021-11-19T10:23:52,902|[TRACE] script - #out(`S`) [token]
2021-11-19T10:23:52,902|[TRACE] graph - <------- nonSkippedChar
2021-11-19T10:23:52,902|[TRACE] graph - <----- statementPart
2021-11-19T10:23:52,902|[TRACE] graph - -----> statementPart
2021-11-19T10:23:52,902|[TRACE] graph - -------> nonSkippedChar
2021-11-19T10:23:52,902|[TRACE] script - #out(`,`) [token]
2021-11-19T10:23:52,902|[TRACE] graph - <------- nonSkippedChar
2021-11-19T10:23:52,902|[TRACE] graph - <----- statementPart
2021-11-19T10:23:52,902|[TRACE] graph - -----> statementPart
2021-11-19T10:23:52,902|[TRACE] graph - -------> nonSkippedSpace
2021-11-19T10:23:52,902|[TRACE] script - #out(` `) [token]
2021-11-19T10:23:52,902|[TRACE] graph - <------- nonSkippedSpace
2021-11-19T10:23:52,902|[TRACE] graph - <----- statementPart
2021-11-19T10:23:52,902|[TRACE] graph - -----> statementPart
2021-11-19T10:23:52,902|[TRACE] graph - -------> nonSkippedChar
2021-11-19T10:23:52,902|[TRACE] script - #out(`U`) [token]
2021-11-19T10:23:52,902|[TRACE] graph - <------- nonSkippedChar
2021-11-19T10:23:52,902|[TRACE] graph - <----- statementPart
2021-11-19T10:23:52,902|[TRACE] graph - -----> statementPart
2021-11-19T10:23:52,902|[TRACE] graph - -------> nonSkippedChar
2021-11-19T10:23:52,902|[TRACE] script - #out(`N`) [token]
2021-11-19T10:23:52,902|[TRACE] graph - <------- nonSkippedChar
2021-11-19T10:23:52,902|[TRACE] graph - <----- statementPart
2021-11-19T10:23:52,902|[TRACE] graph - -----> statementPart
2021-11-19T10:23:52,902|[TRACE] graph - -------> nonSkippedChar
2021-11-19T10:23:52,902|[TRACE] script - #out(`I`) [token]
2021-11-19T10:23:52,902|[TRACE] graph - <------- nonSkippedChar
2021-11-19T10:23:52,902|[TRACE] graph - <----- statementPart
2021-11-19T10:23:52,902|[TRACE] graph - -----> statementPart
2021-11-19T10:23:52,902|[TRACE] graph - -------> nonSkippedChar
2021-11-19T10:23:52,902|[TRACE] script - #out(`Q`) [token]
2021-11-19T10:23:52,902|[TRACE] graph - <------- nonSkippedChar
2021-11-19T10:23:52,902|[TRACE] graph - <----- statementPart
2021-11-19T10:23:52,902|[TRACE] graph - -----> statementPart
2021-11-19T10:23:52,902|[TRACE] graph - -------> nonSkippedChar
2021-11-19T10:23:52,902|[TRACE] script - #out(`U`) [token]
2021-11-19T10:23:52,902|[TRACE] graph - <------- nonSkippedChar
2021-11-19T10:23:52,902|[TRACE] graph - <----- statementPart
2021-11-19T10:23:52,902|[TRACE] graph - -----> statementPart
2021-11-19T10:23:52,902|[TRACE] graph - -------> nonSkippedChar
2021-11-19T10:23:52,902|[TRACE] script - #out(`E`) [token]
2021-11-19T10:23:52,902|[TRACE] graph - <------- nonSkippedChar
2021-11-19T10:23:52,902|[TRACE] graph - <----- statementPart
2021-11-19T10:23:52,902|[TRACE] graph - -----> statementPart
2021-11-19T10:23:52,902|[TRACE] graph - -------> nonSkippedChar
2021-11-19T10:23:52,902|[TRACE] script - #out(`_`) [token]
2021-11-19T10:23:52,902|[TRACE] graph - <------- nonSkippedChar
2021-11-19T10:23:52,902|[TRACE] graph - <----- statementPart
2021-11-19T10:23:52,902|[TRACE] graph - -----> statementPart
2021-11-19T10:23:52,902|[TRACE] graph - -------> nonSkippedChar
2021-11-19T10:23:52,902|[TRACE] script - #out(`C`) [token]
2021-11-19T10:23:52,902|[TRACE] graph - <------- nonSkippedChar
2021-11-19T10:23:52,902|[TRACE] graph - <----- statementPart
2021-11-19T10:23:52,902|[TRACE] graph - -----> statementPart
2021-11-19T10:23:52,902|[TRACE] graph - -------> nonSkippedChar
2021-11-19T10:23:52,902|[TRACE] script - #out(`H`) [token]
2021-11-19T10:23:52,902|[TRACE] graph - <------- nonSkippedChar
2021-11-19T10:23:52,902|[TRACE] graph - <----- statementPart
2021-11-19T10:23:52,902|[TRACE] graph - -----> statementPart
2021-11-19T10:23:52,902|[TRACE] graph - -------> nonSkippedChar
2021-11-19T10:23:52,902|[TRACE] script - #out(`E`) [token]
2021-11-19T10:23:52,902|[TRACE] graph - <------- nonSkippedChar
2021-11-19T10:23:52,902|[TRACE] graph - <----- statementPart
2021-11-19T10:23:52,902|[TRACE] graph - -----> statementPart
2021-11-19T10:23:52,902|[TRACE] graph - -------> nonSkippedChar
2021-11-19T10:23:52,902|[TRACE] script - #out(`C`) [token]
2021-11-19T10:23:52,902|[TRACE] graph - <------- nonSkippedChar
2021-11-19T10:23:52,902|[TRACE] graph - <----- statementPart
2021-11-19T10:23:52,902|[TRACE] graph - -----> statementPart
2021-11-19T10:23:52,902|[TRACE] graph - -------> nonSkippedChar
2021-11-19T10:23:52,902|[TRACE] script - #out(`K`) [token]
2021-11-19T10:23:52,902|[TRACE] graph - <------- nonSkippedChar
2021-11-19T10:23:52,902|[TRACE] graph - <----- statementPart
2021-11-19T10:23:52,902|[TRACE] graph - -----> statementPart
2021-11-19T10:23:52,902|[TRACE] graph - -------> nonSkippedChar
2021-11-19T10:23:52,902|[TRACE] script - #out(`S`) [token]
2021-11-19T10:23:52,902|[TRACE] graph - <------- nonSkippedChar
2021-11-19T10:23:52,902|[TRACE] graph - <----- statementPart
2021-11-19T10:23:52,902|[TRACE] graph - -----> statementPart
2021-11-19T10:23:52,902|[TRACE] graph - -------> nonSkippedChar
2021-11-19T10:23:52,902|[TRACE] script - #out(`=`) [token]
2021-11-19T10:23:52,902|[TRACE] graph - <------- nonSkippedChar
2021-11-19T10:23:52,902|[TRACE] graph - <----- statementPart
2021-11-19T10:23:52,902|[TRACE] graph - -----> statementPart
2021-11-19T10:23:52,902|[TRACE] graph - -------> nonSkippedChar
2021-11-19T10:23:52,902|[TRACE] script - #out(`0`) [token]
2021-11-19T10:23:52,902|[TRACE] graph - <------- nonSkippedChar
2021-11-19T10:23:52,902|[TRACE] graph - <----- statementPart
2021-11-19T10:23:52,902|[DEBUG] graph - Import statement : SET @OLD_UNIQUE_CHECKS=@@UNIQUE_CHECKS, UNIQUE_CHECKS=0
2021-11-19T10:23:52,902|[TRACE] graph - <--- statement
2021-11-19T10:23:52,902|[TRACE] graph - ---> blankSpacesToSkip
2021-11-19T10:23:52,902|[TRACE] graph - -----> newLineToSkip
2021-11-19T10:23:52,902|[TRACE] graph - <----- newLineToSkip
2021-11-19T10:23:52,902|[TRACE] graph - <--- blankSpacesToSkip
2021-11-19T10:23:52,902|[TRACE] graph - ---> statement
2021-11-19T10:23:52,902|[TRACE] graph - -----> statementFirstPart
2021-11-19T10:23:52,902|[TRACE] graph - -------> nonSkippedChar
2021-11-19T10:23:52,902|[TRACE] script - #out(`S`) [token]
2021-11-19T10:23:52,902|[TRACE] graph - <------- nonSkippedChar
2021-11-19T10:23:52,902|[TRACE] graph - <----- statementFirstPart
2021-11-19T10:23:52,902|[TRACE] graph - -----> statementPart
2021-11-19T10:23:52,902|[TRACE] graph - -------> nonSkippedChar
2021-11-19T10:23:52,902|[TRACE] script - #out(`E`) [token]
2021-11-19T10:23:52,902|[TRACE] graph - <------- nonSkippedChar
2021-11-19T10:23:52,902|[TRACE] graph - <----- statementPart
2021-11-19T10:23:52,902|[TRACE] graph - -----> statementPart
2021-11-19T10:23:52,902|[TRACE] graph - -------> nonSkippedChar
2021-11-19T10:23:52,902|[TRACE] script - #out(`T`) [token]
2021-11-19T10:23:52,902|[TRACE] graph - <------- nonSkippedChar
2021-11-19T10:23:52,902|[TRACE] graph - <----- statementPart
2021-11-19T10:23:52,902|[TRACE] graph - -----> statementPart
2021-11-19T10:23:52,902|[TRACE] graph - -------> nonSkippedSpace
2021-11-19T10:23:52,902|[TRACE] script - #out(` `) [token]
2021-11-19T10:23:52,902|[TRACE] graph - <------- nonSkippedSpace
2021-11-19T10:23:52,902|[TRACE] graph - <----- statementPart
2021-11-19T10:23:52,902|[TRACE] graph - -----> statementPart
2021-11-19T10:23:52,902|[TRACE] graph - -------> nonSkippedChar
2021-11-19T10:23:52,902|[TRACE] script - #out(`@`) [token]
2021-11-19T10:23:52,902|[TRACE] graph - <------- nonSkippedChar
2021-11-19T10:23:52,902|[TRACE] graph - <----- statementPart
2021-11-19T10:23:52,902|[TRACE] graph - -----> statementPart
2021-11-19T10:23:52,902|[TRACE] graph - -------> nonSkippedChar
2021-11-19T10:23:52,902|[TRACE] script - #out(`O`) [token]
2021-11-19T10:23:52,902|[TRACE] graph - <------- nonSkippedChar
2021-11-19T10:23:52,902|[TRACE] graph - <----- statementPart
2021-11-19T10:23:52,902|[TRACE] graph - -----> statementPart
2021-11-19T10:23:52,902|[TRACE] graph - -------> nonSkippedChar
2021-11-19T10:23:52,902|[TRACE] script - #out(`L`) [token]
2021-11-19T10:23:52,902|[TRACE] graph - <------- nonSkippedChar
2021-11-19T10:23:52,902|[TRACE] graph - <----- statementPart
2021-11-19T10:23:52,902|[TRACE] graph - -----> statementPart
2021-11-19T10:23:52,902|[TRACE] graph - -------> nonSkippedChar
2021-11-19T10:23:52,902|[TRACE] script - #out(`D`) [token]
2021-11-19T10:23:52,902|[TRACE] graph - <------- nonSkippedChar
2021-11-19T10:23:52,902|[TRACE] graph - <----- statementPart
2021-11-19T10:23:52,902|[TRACE] graph - -----> statementPart
2021-11-19T10:23:52,902|[TRACE] graph - -------> nonSkippedChar
2021-11-19T10:23:52,902|[TRACE] script - #out(`_`) [token]
2021-11-19T10:23:52,902|[TRACE] graph - <------- nonSkippedChar
2021-11-19T10:23:52,902|[TRACE] graph - <----- statementPart
2021-11-19T10:23:52,902|[TRACE] graph - -----> statementPart
2021-11-19T10:23:52,902|[TRACE] graph - -------> nonSkippedChar
2021-11-19T10:23:52,902|[TRACE] script - #out(`F`) [token]
2021-11-19T10:23:52,902|[TRACE] graph - <------- nonSkippedChar
2021-11-19T10:23:52,902|[TRACE] graph - <----- statementPart
2021-11-19T10:23:52,902|[TRACE] graph - -----> statementPart
2021-11-19T10:23:52,902|[TRACE] graph - -------> nonSkippedChar
2021-11-19T10:23:52,902|[TRACE] script - #out(`O`) [token]
2021-11-19T10:23:52,902|[TRACE] graph - <------- nonSkippedChar
2021-11-19T10:23:52,902|[TRACE] graph - <----- statementPart
2021-11-19T10:23:52,902|[TRACE] graph - -----> statementPart
2021-11-19T10:23:52,902|[TRACE] graph - -------> nonSkippedChar
2021-11-19T10:23:52,902|[TRACE] script - #out(`R`) [token]
2021-11-19T10:23:52,902|[TRACE] graph - <------- nonSkippedChar
2021-11-19T10:23:52,902|[TRACE] graph - <----- statementPart
2021-11-19T10:23:52,902|[TRACE] graph - -----> statementPart
2021-11-19T10:23:52,902|[TRACE] graph - -------> nonSkippedChar
2021-11-19T10:23:52,902|[TRACE] script - #out(`E`) [token]
2021-11-19T10:23:52,902|[TRACE] graph - <------- nonSkippedChar
2021-11-19T10:23:52,902|[TRACE] graph - <----- statementPart
2021-11-19T10:23:52,902|[TRACE] graph - -----> statementPart
2021-11-19T10:23:52,902|[TRACE] graph - -------> nonSkippedChar
2021-11-19T10:23:52,902|[TRACE] script - #out(`I`) [token]
2021-11-19T10:23:52,902|[TRACE] graph - <------- nonSkippedChar
2021-11-19T10:23:52,902|[TRACE] graph - <----- statementPart
2021-11-19T10:23:52,902|[TRACE] graph - -----> statementPart
2021-11-19T10:23:52,902|[TRACE] graph - -------> nonSkippedChar
2021-11-19T10:23:52,902|[TRACE] script - #out(`G`) [token]
2021-11-19T10:23:52,902|[TRACE] graph - <------- nonSkippedChar
2021-11-19T10:23:52,902|[TRACE] graph - <----- statementPart
2021-11-19T10:23:52,902|[TRACE] graph - -----> statementPart
2021-11-19T10:23:52,902|[TRACE] graph - -------> nonSkippedChar
2021-11-19T10:23:52,902|[TRACE] script - #out(`N`) [token]
2021-11-19T10:23:52,902|[TRACE] graph - <------- nonSkippedChar
2021-11-19T10:23:52,902|[TRACE] graph - <----- statementPart
2021-11-19T10:23:52,902|[TRACE] graph - -----> statementPart
2021-11-19T10:23:52,902|[TRACE] graph - -------> nonSkippedChar
2021-11-19T10:23:52,902|[TRACE] script - #out(`_`) [token]
2021-11-19T10:23:52,902|[TRACE] graph - <------- nonSkippedChar
2021-11-19T10:23:52,902|[TRACE] graph - <----- statementPart
2021-11-19T10:23:52,902|[TRACE] graph - -----> statementPart
2021-11-19T10:23:52,902|[TRACE] graph - -------> nonSkippedChar
2021-11-19T10:23:52,902|[TRACE] script - #out(`K`) [token]
2021-11-19T10:23:52,902|[TRACE] graph - <------- nonSkippedChar
2021-11-19T10:23:52,902|[TRACE] graph - <----- statementPart
2021-11-19T10:23:52,902|[TRACE] graph - -----> statementPart
2021-11-19T10:23:52,902|[TRACE] graph - -------> nonSkippedChar
2021-11-19T10:23:52,902|[TRACE] script - #out(`E`) [token]
2021-11-19T10:23:52,902|[TRACE] graph - <------- nonSkippedChar
2021-11-19T10:23:52,902|[TRACE] graph - <----- statementPart
2021-11-19T10:23:52,902|[TRACE] graph - -----> statementPart
2021-11-19T10:23:52,902|[TRACE] graph - -------> nonSkippedChar
2021-11-19T10:23:52,902|[TRACE] script - #out(`Y`) [token]
2021-11-19T10:23:52,902|[TRACE] graph - <------- nonSkippedChar
2021-11-19T10:23:52,902|[TRACE] graph - <----- statementPart
2021-11-19T10:23:52,902|[TRACE] graph - -----> statementPart
2021-11-19T10:23:52,902|[TRACE] graph - -------> nonSkippedChar
2021-11-19T10:23:52,902|[TRACE] script - #out(`_`) [token]
2021-11-19T10:23:52,902|[TRACE] graph - <------- nonSkippedChar
2021-11-19T10:23:52,902|[TRACE] graph - <----- statementPart
2021-11-19T10:23:52,902|[TRACE] graph - -----> statementPart
2021-11-19T10:23:52,902|[TRACE] graph - -------> nonSkippedChar
2021-11-19T10:23:52,902|[TRACE] script - #out(`C`) [token]
2021-11-19T10:23:52,902|[TRACE] graph - <------- nonSkippedChar
2021-11-19T10:23:52,902|[TRACE] graph - <----- statementPart
2021-11-19T10:23:52,902|[TRACE] graph - -----> statementPart
2021-11-19T10:23:52,902|[TRACE] graph - -------> nonSkippedChar
2021-11-19T10:23:52,902|[TRACE] script - #out(`H`) [token]
2021-11-19T10:23:52,902|[TRACE] graph - <------- nonSkippedChar
2021-11-19T10:23:52,902|[TRACE] graph - <----- statementPart
2021-11-19T10:23:52,902|[TRACE] graph - -----> statementPart
2021-11-19T10:23:52,902|[TRACE] graph - -------> nonSkippedChar
2021-11-19T10:23:52,902|[TRACE] script - #out(`E`) [token]
2021-11-19T10:23:52,902|[TRACE] graph - <------- nonSkippedChar
2021-11-19T10:23:52,902|[TRACE] graph - <----- statementPart
2021-11-19T10:23:52,902|[TRACE] graph - -----> statementPart
2021-11-19T10:23:52,902|[TRACE] graph - -------> nonSkippedChar
2021-11-19T10:23:52,902|[TRACE] script - #out(`C`) [token]
2021-11-19T10:23:52,902|[TRACE] graph - <------- nonSkippedChar
2021-11-19T10:23:52,903|[TRACE] graph - <----- statementPart
2021-11-19T10:23:52,903|[TRACE] graph - -----> statementPart
2021-11-19T10:23:52,903|[TRACE] graph - -------> nonSkippedChar
2021-11-19T10:23:52,903|[TRACE] script - #out(`K`) [token]
2021-11-19T10:23:52,903|[TRACE] graph - <------- nonSkippedChar
2021-11-19T10:23:52,903|[TRACE] graph - <----- statementPart
2021-11-19T10:23:52,903|[TRACE] graph - -----> statementPart
2021-11-19T10:23:52,903|[TRACE] graph - -------> nonSkippedChar
2021-11-19T10:23:52,903|[TRACE] script - #out(`S`) [token]
2021-11-19T10:23:52,903|[TRACE] graph - <------- nonSkippedChar
2021-11-19T10:23:52,903|[TRACE] graph - <----- statementPart
2021-11-19T10:23:52,903|[TRACE] graph - -----> statementPart
2021-11-19T10:23:52,903|[TRACE] graph - -------> nonSkippedChar
2021-11-19T10:23:52,903|[TRACE] script - #out(`=`) [token]
2021-11-19T10:23:52,903|[TRACE] graph - <------- nonSkippedChar
2021-11-19T10:23:52,903|[TRACE] graph - <----- statementPart
2021-11-19T10:23:52,903|[TRACE] graph - -----> statementPart
2021-11-19T10:23:52,903|[TRACE] graph - -------> nonSkippedChar
2021-11-19T10:23:52,903|[TRACE] script - #out(`@`) [token]
2021-11-19T10:23:52,903|[TRACE] graph - <------- nonSkippedChar
2021-11-19T10:23:52,903|[TRACE] graph - <----- statementPart
2021-11-19T10:23:52,903|[TRACE] graph - -----> statementPart
2021-11-19T10:23:52,903|[TRACE] graph - -------> nonSkippedChar
2021-11-19T10:23:52,903|[TRACE] script - #out(`@`) [token]
2021-11-19T10:23:52,903|[TRACE] graph - <------- nonSkippedChar
2021-11-19T10:23:52,903|[TRACE] graph - <----- statementPart
2021-11-19T10:23:52,903|[TRACE] graph - -----> statementPart
2021-11-19T10:23:52,903|[TRACE] graph - -------> nonSkippedChar
2021-11-19T10:23:52,903|[TRACE] script - #out(`F`) [token]
2021-11-19T10:23:52,903|[TRACE] graph - <------- nonSkippedChar
2021-11-19T10:23:52,903|[TRACE] graph - <----- statementPart
2021-11-19T10:23:52,903|[TRACE] graph - -----> statementPart
2021-11-19T10:23:52,903|[TRACE] graph - -------> nonSkippedChar
2021-11-19T10:23:52,903|[TRACE] script - #out(`O`) [token]
2021-11-19T10:23:52,903|[TRACE] graph - <------- nonSkippedChar
2021-11-19T10:23:52,903|[TRACE] graph - <----- statementPart
2021-11-19T10:23:52,903|[TRACE] graph - -----> statementPart
2021-11-19T10:23:52,903|[TRACE] graph - -------> nonSkippedChar
2021-11-19T10:23:52,903|[TRACE] script - #out(`R`) [token]
2021-11-19T10:23:52,903|[TRACE] graph - <------- nonSkippedChar
2021-11-19T10:23:52,903|[TRACE] graph - <----- statementPart
2021-11-19T10:23:52,903|[TRACE] graph - -----> statementPart
2021-11-19T10:23:52,903|[TRACE] graph - -------> nonSkippedChar
2021-11-19T10:23:52,903|[TRACE] script - #out(`E`) [token]
2021-11-19T10:23:52,903|[TRACE] graph - <------- nonSkippedChar
2021-11-19T10:23:52,903|[TRACE] graph - <----- statementPart
2021-11-19T10:23:52,903|[TRACE] graph - -----> statementPart
2021-11-19T10:23:52,903|[TRACE] graph - -------> nonSkippedChar
2021-11-19T10:23:52,903|[TRACE] script - #out(`I`) [token]
2021-11-19T10:23:52,903|[TRACE] graph - <------- nonSkippedChar
2021-11-19T10:23:52,903|[TRACE] graph - <----- statementPart
2021-11-19T10:23:52,903|[TRACE] graph - -----> statementPart
2021-11-19T10:23:52,903|[TRACE] graph - -------> nonSkippedChar
2021-11-19T10:23:52,903|[TRACE] script - #out(`G`) [token]
2021-11-19T10:23:52,903|[TRACE] graph - <------- nonSkippedChar
2021-11-19T10:23:52,903|[TRACE] graph - <----- statementPart
2021-11-19T10:23:52,903|[TRACE] graph - -----> statementPart
2021-11-19T10:23:52,903|[TRACE] graph - -------> nonSkippedChar
2021-11-19T10:23:52,903|[TRACE] script - #out(`N`) [token]
2021-11-19T10:23:52,903|[TRACE] graph - <------- nonSkippedChar
2021-11-19T10:23:52,903|[TRACE] graph - <----- statementPart
2021-11-19T10:23:52,903|[TRACE] graph - -----> statementPart
2021-11-19T10:23:52,903|[TRACE] graph - -------> nonSkippedChar
2021-11-19T10:23:52,903|[TRACE] script - #out(`_`) [token]
2021-11-19T10:23:52,903|[TRACE] graph - <------- nonSkippedChar
2021-11-19T10:23:52,903|[TRACE] graph - <----- statementPart
2021-11-19T10:23:52,903|[TRACE] graph - -----> statementPart
2021-11-19T10:23:52,903|[TRACE] graph - -------> nonSkippedChar
2021-11-19T10:23:52,903|[TRACE] script - #out(`K`) [token]
2021-11-19T10:23:52,903|[TRACE] graph - <------- nonSkippedChar
2021-11-19T10:23:52,903|[TRACE] graph - <----- statementPart
2021-11-19T10:23:52,903|[TRACE] graph - -----> statementPart
2021-11-19T10:23:52,903|[TRACE] graph - -------> nonSkippedChar
2021-11-19T10:23:52,903|[TRACE] script - #out(`E`) [token]
2021-11-19T10:23:52,903|[TRACE] graph - <------- nonSkippedChar
2021-11-19T10:23:52,903|[TRACE] graph - <----- statementPart
2021-11-19T10:23:52,903|[TRACE] graph - -----> statementPart
2021-11-19T10:23:52,903|[TRACE] graph - -------> nonSkippedChar
2021-11-19T10:23:52,903|[TRACE] script - #out(`Y`) [token]
2021-11-19T10:23:52,903|[TRACE] graph - <------- nonSkippedChar
2021-11-19T10:23:52,903|[TRACE] graph - <----- statementPart
2021-11-19T10:23:52,903|[TRACE] graph - -----> statementPart
2021-11-19T10:23:52,903|[TRACE] graph - -------> nonSkippedChar
2021-11-19T10:23:52,903|[TRACE] script - #out(`_`) [token]
2021-11-19T10:23:52,903|[TRACE] graph - <------- nonSkippedChar
2021-11-19T10:23:52,903|[TRACE] graph - <----- statementPart
2021-11-19T10:23:52,903|[TRACE] graph - -----> statementPart
2021-11-19T10:23:52,903|[TRACE] graph - -------> nonSkippedChar
2021-11-19T10:23:52,903|[TRACE] script - #out(`C`) [token]
2021-11-19T10:23:52,903|[TRACE] graph - <------- nonSkippedChar
2021-11-19T10:23:52,903|[TRACE] graph - <----- statementPart
2021-11-19T10:23:52,903|[TRACE] graph - -----> statementPart
2021-11-19T10:23:52,903|[TRACE] graph - -------> nonSkippedChar
2021-11-19T10:23:52,903|[TRACE] script - #out(`H`) [token]
2021-11-19T10:23:52,903|[TRACE] graph - <------- nonSkippedChar
2021-11-19T10:23:52,903|[TRACE] graph - <----- statementPart
2021-11-19T10:23:52,903|[TRACE] graph - -----> statementPart
2021-11-19T10:23:52,903|[TRACE] graph - -------> nonSkippedChar
2021-11-19T10:23:52,903|[TRACE] script - #out(`E`) [token]
2021-11-19T10:23:52,903|[TRACE] graph - <------- nonSkippedChar
2021-11-19T10:23:52,903|[TRACE] graph - <----- statementPart
2021-11-19T10:23:52,903|[TRACE] graph - -----> statementPart
2021-11-19T10:23:52,903|[TRACE] graph - -------> nonSkippedChar
2021-11-19T10:23:52,903|[TRACE] script - #out(`C`) [token]
2021-11-19T10:23:52,903|[TRACE] graph - <------- nonSkippedChar
2021-11-19T10:23:52,903|[TRACE] graph - <----- statementPart
2021-11-19T10:23:52,903|[TRACE] graph - -----> statementPart
2021-11-19T10:23:52,903|[TRACE] graph - -------> nonSkippedChar
2021-11-19T10:23:52,903|[TRACE] script - #out(`K`) [token]
2021-11-19T10:23:52,903|[TRACE] graph - <------- nonSkippedChar
2021-11-19T10:23:52,903|[TRACE] graph - <----- statementPart
2021-11-19T10:23:52,903|[TRACE] graph - -----> statementPart
2021-11-19T10:23:52,903|[TRACE] graph - -------> nonSkippedChar
2021-11-19T10:23:52,903|[TRACE] script - #out(`S`) [token]
2021-11-19T10:23:52,903|[TRACE] graph - <------- nonSkippedChar
2021-11-19T10:23:52,903|[TRACE] graph - <----- statementPart
2021-11-19T10:23:52,903|[TRACE] graph - -----> statementPart
2021-11-19T10:23:52,903|[TRACE] graph - -------> nonSkippedChar
2021-11-19T10:23:52,903|[TRACE] script - #out(`,`) [token]
2021-11-19T10:23:52,903|[TRACE] graph - <------- nonSkippedChar
2021-11-19T10:23:52,903|[TRACE] graph - <----- statementPart
2021-11-19T10:23:52,903|[TRACE] graph - -----> statementPart
2021-11-19T10:23:52,903|[TRACE] graph - -------> nonSkippedSpace
2021-11-19T10:23:52,903|[TRACE] script - #out(` `) [token]
2021-11-19T10:23:52,903|[TRACE] graph - <------- nonSkippedSpace
2021-11-19T10:23:52,903|[TRACE] graph - <----- statementPart
2021-11-19T10:23:52,903|[TRACE] graph - -----> statementPart
2021-11-19T10:23:52,903|[TRACE] graph - -------> nonSkippedChar
2021-11-19T10:23:52,903|[TRACE] script - #out(`F`) [token]
2021-11-19T10:23:52,903|[TRACE] graph - <------- nonSkippedChar
2021-11-19T10:23:52,903|[TRACE] graph - <----- statementPart
2021-11-19T10:23:52,903|[TRACE] graph - -----> statementPart
2021-11-19T10:23:52,903|[TRACE] graph - -------> nonSkippedChar
2021-11-19T10:23:52,903|[TRACE] script - #out(`O`) [token]
2021-11-19T10:23:52,903|[TRACE] graph - <------- nonSkippedChar
2021-11-19T10:23:52,903|[TRACE] graph - <----- statementPart
2021-11-19T10:23:52,903|[TRACE] graph - -----> statementPart
2021-11-19T10:23:52,903|[TRACE] graph - -------> nonSkippedChar
2021-11-19T10:23:52,903|[TRACE] script - #out(`R`) [token]
2021-11-19T10:23:52,903|[TRACE] graph - <------- nonSkippedChar
2021-11-19T10:23:52,903|[TRACE] graph - <----- statementPart
2021-11-19T10:23:52,903|[TRACE] graph - -----> statementPart
2021-11-19T10:23:52,903|[TRACE] graph - -------> nonSkippedChar
2021-11-19T10:23:52,903|[TRACE] script - #out(`E`) [token]
2021-11-19T10:23:52,903|[TRACE] graph - <------- nonSkippedChar
2021-11-19T10:23:52,903|[TRACE] graph - <----- statementPart
2021-11-19T10:23:52,903|[TRACE] graph - -----> statementPart
2021-11-19T10:23:52,903|[TRACE] graph - -------> nonSkippedChar
2021-11-19T10:23:52,903|[TRACE] script - #out(`I`) [token]
2021-11-19T10:23:52,903|[TRACE] graph - <------- nonSkippedChar
2021-11-19T10:23:52,903|[TRACE] graph - <----- statementPart
2021-11-19T10:23:52,903|[TRACE] graph - -----> statementPart
2021-11-19T10:23:52,903|[TRACE] graph - -------> nonSkippedChar
2021-11-19T10:23:52,903|[TRACE] script - #out(`G`) [token]
2021-11-19T10:23:52,903|[TRACE] graph - <------- nonSkippedChar
2021-11-19T10:23:52,903|[TRACE] graph - <----- statementPart
2021-11-19T10:23:52,903|[TRACE] graph - -----> statementPart
2021-11-19T10:23:52,903|[TRACE] graph - -------> nonSkippedChar
2021-11-19T10:23:52,903|[TRACE] script - #out(`N`) [token]
2021-11-19T10:23:52,903|[TRACE] graph - <------- nonSkippedChar
2021-11-19T10:23:52,903|[TRACE] graph - <----- statementPart
2021-11-19T10:23:52,903|[TRACE] graph - -----> statementPart
2021-11-19T10:23:52,903|[TRACE] graph - -------> nonSkippedChar
2021-11-19T10:23:52,903|[TRACE] script - #out(`_`) [token]
2021-11-19T10:23:52,903|[TRACE] graph - <------- nonSkippedChar
2021-11-19T10:23:52,903|[TRACE] graph - <----- statementPart
2021-11-19T10:23:52,903|[TRACE] graph - -----> statementPart
2021-11-19T10:23:52,903|[TRACE] graph - -------> nonSkippedChar
2021-11-19T10:23:52,903|[TRACE] script - #out(`K`) [token]
2021-11-19T10:23:52,903|[TRACE] graph - <------- nonSkippedChar
2021-11-19T10:23:52,903|[TRACE] graph - <----- statementPart
2021-11-19T10:23:52,903|[TRACE] graph - -----> statementPart
2021-11-19T10:23:52,903|[TRACE] graph - -------> nonSkippedChar
2021-11-19T10:23:52,903|[TRACE] script - #out(`E`) [token]
2021-11-19T10:23:52,903|[TRACE] graph - <------- nonSkippedChar
2021-11-19T10:23:52,903|[TRACE] graph - <----- statementPart
2021-11-19T10:23:52,903|[TRACE] graph - -----> statementPart
2021-11-19T10:23:52,903|[TRACE] graph - -------> nonSkippedChar
2021-11-19T10:23:52,903|[TRACE] script - #out(`Y`) [token]
2021-11-19T10:23:52,903|[TRACE] graph - <------- nonSkippedChar
2021-11-19T10:23:52,903|[TRACE] graph - <----- statementPart
2021-11-19T10:23:52,903|[TRACE] graph - -----> statementPart
2021-11-19T10:23:52,903|[TRACE] graph - -------> nonSkippedChar
2021-11-19T10:23:52,903|[TRACE] script - #out(`_`) [token]
2021-11-19T10:23:52,903|[TRACE] graph - <------- nonSkippedChar
2021-11-19T10:23:52,903|[TRACE] graph - <----- statementPart
2021-11-19T10:23:52,903|[TRACE] graph - -----> statementPart
2021-11-19T10:23:52,903|[TRACE] graph - -------> nonSkippedChar
2021-11-19T10:23:52,903|[TRACE] script - #out(`C`) [token]
2021-11-19T10:23:52,903|[TRACE] graph - <------- nonSkippedChar
2021-11-19T10:23:52,903|[TRACE] graph - <----- statementPart
2021-11-19T10:23:52,903|[TRACE] graph - -----> statementPart
2021-11-19T10:23:52,903|[TRACE] graph - -------> nonSkippedChar
2021-11-19T10:23:52,903|[TRACE] script - #out(`H`) [token]
2021-11-19T10:23:52,903|[TRACE] graph - <------- nonSkippedChar
2021-11-19T10:23:52,903|[TRACE] graph - <----- statementPart
2021-11-19T10:23:52,903|[TRACE] graph - -----> statementPart
2021-11-19T10:23:52,903|[TRACE] graph - -------> nonSkippedChar
2021-11-19T10:23:52,903|[TRACE] script - #out(`E`) [token]
2021-11-19T10:23:52,903|[TRACE] graph - <------- nonSkippedChar
2021-11-19T10:23:52,903|[TRACE] graph - <----- statementPart
2021-11-19T10:23:52,903|[TRACE] graph - -----> statementPart
2021-11-19T10:23:52,903|[TRACE] graph - -------> nonSkippedChar
2021-11-19T10:23:52,903|[TRACE] script - #out(`C`) [token]
2021-11-19T10:23:52,903|[TRACE] graph - <------- nonSkippedChar
2021-11-19T10:23:52,903|[TRACE] graph - <----- statementPart
2021-11-19T10:23:52,903|[TRACE] graph - -----> statementPart
2021-11-19T10:23:52,903|[TRACE] graph - -------> nonSkippedChar
2021-11-19T10:23:52,903|[TRACE] script - #out(`K`) [token]
2021-11-19T10:23:52,903|[TRACE] graph - <------- nonSkippedChar
2021-11-19T10:23:52,903|[TRACE] graph - <----- statementPart
2021-11-19T10:23:52,903|[TRACE] graph - -----> statementPart
2021-11-19T10:23:52,903|[TRACE] graph - -------> nonSkippedChar
2021-11-19T10:23:52,903|[TRACE] script - #out(`S`) [token]
2021-11-19T10:23:52,903|[TRACE] graph - <------- nonSkippedChar
2021-11-19T10:23:52,903|[TRACE] graph - <----- statementPart
2021-11-19T10:23:52,903|[TRACE] graph - -----> statementPart
2021-11-19T10:23:52,903|[TRACE] graph - -------> nonSkippedChar
2021-11-19T10:23:52,903|[TRACE] script - #out(`=`) [token]
2021-11-19T10:23:52,903|[TRACE] graph - <------- nonSkippedChar
2021-11-19T10:23:52,903|[TRACE] graph - <----- statementPart
2021-11-19T10:23:52,903|[TRACE] graph - -----> statementPart
2021-11-19T10:23:52,903|[TRACE] graph - -------> nonSkippedChar
2021-11-19T10:23:52,903|[TRACE] script - #out(`0`) [token]
2021-11-19T10:23:52,903|[TRACE] graph - <------- nonSkippedChar
2021-11-19T10:23:52,903|[TRACE] graph - <----- statementPart
2021-11-19T10:23:52,903|[DEBUG] graph - Import statement : SET @OLD_FOREIGN_KEY_CHECKS=@@FOREIGN_KEY_CHECKS, FOREIGN_KEY_CHECKS=0
2021-11-19T10:23:52,903|[TRACE] graph - <--- statement
2021-11-19T10:23:52,903|[TRACE] graph - ---> blankSpacesToSkip
2021-11-19T10:23:52,903|[TRACE] graph - -----> newLineToSkip
2021-11-19T10:23:52,903|[TRACE] graph - <----- newLineToSkip
2021-11-19T10:23:52,903|[TRACE] graph - <--- blankSpacesToSkip
2021-11-19T10:23:52,903|[TRACE] graph - ---> statement
2021-11-19T10:23:52,903|[TRACE] graph - -----> statementFirstPart
2021-11-19T10:23:52,903|[TRACE] graph - -------> nonSkippedChar
2021-11-19T10:23:52,903|[TRACE] script - #out(`S`) [token]
2021-11-19T10:23:52,903|[TRACE] graph - <------- nonSkippedChar
2021-11-19T10:23:52,903|[TRACE] graph - <----- statementFirstPart
2021-11-19T10:23:52,903|[TRACE] graph - -----> statementPart
2021-11-19T10:23:52,903|[TRACE] graph - -------> nonSkippedChar
2021-11-19T10:23:52,903|[TRACE] script - #out(`E`) [token]
2021-11-19T10:23:52,903|[TRACE] graph - <------- nonSkippedChar
2021-11-19T10:23:52,903|[TRACE] graph - <----- statementPart
2021-11-19T10:23:52,904|[TRACE] graph - -----> statementPart
2021-11-19T10:23:52,904|[TRACE] graph - -------> nonSkippedChar
2021-11-19T10:23:52,904|[TRACE] script - #out(`T`) [token]
2021-11-19T10:23:52,904|[TRACE] graph - <------- nonSkippedChar
2021-11-19T10:23:52,904|[TRACE] graph - <----- statementPart
2021-11-19T10:23:52,904|[TRACE] graph - -----> statementPart
2021-11-19T10:23:52,904|[TRACE] graph - -------> nonSkippedSpace
2021-11-19T10:23:52,904|[TRACE] script - #out(` `) [token]
2021-11-19T10:23:52,904|[TRACE] graph - <------- nonSkippedSpace
2021-11-19T10:23:52,904|[TRACE] graph - <----- statementPart
2021-11-19T10:23:52,904|[TRACE] graph - -----> statementPart
2021-11-19T10:23:52,904|[TRACE] graph - -------> nonSkippedChar
2021-11-19T10:23:52,904|[TRACE] script - #out(`@`) [token]
2021-11-19T10:23:52,904|[TRACE] graph - <------- nonSkippedChar
2021-11-19T10:23:52,904|[TRACE] graph - <----- statementPart
2021-11-19T10:23:52,904|[TRACE] graph - -----> statementPart
2021-11-19T10:23:52,904|[TRACE] graph - -------> nonSkippedChar
2021-11-19T10:23:52,904|[TRACE] script - #out(`O`) [token]
2021-11-19T10:23:52,904|[TRACE] graph - <------- nonSkippedChar
2021-11-19T10:23:52,904|[TRACE] graph - <----- statementPart
2021-11-19T10:23:52,904|[TRACE] graph - -----> statementPart
2021-11-19T10:23:52,904|[TRACE] graph - -------> nonSkippedChar
2021-11-19T10:23:52,904|[TRACE] script - #out(`L`) [token]
2021-11-19T10:23:52,904|[TRACE] graph - <------- nonSkippedChar
2021-11-19T10:23:52,904|[TRACE] graph - <----- statementPart
2021-11-19T10:23:52,904|[TRACE] graph - -----> statementPart
2021-11-19T10:23:52,904|[TRACE] graph - -------> nonSkippedChar
2021-11-19T10:23:52,904|[TRACE] script - #out(`D`) [token]
2021-11-19T10:23:52,904|[TRACE] graph - <------- nonSkippedChar
2021-11-19T10:23:52,904|[TRACE] graph - <----- statementPart
2021-11-19T10:23:52,904|[TRACE] graph - -----> statementPart
2021-11-19T10:23:52,904|[TRACE] graph - -------> nonSkippedChar
2021-11-19T10:23:52,904|[TRACE] script - #out(`_`) [token]
2021-11-19T10:23:52,904|[TRACE] graph - <------- nonSkippedChar
2021-11-19T10:23:52,904|[TRACE] graph - <----- statementPart
2021-11-19T10:23:52,904|[TRACE] graph - -----> statementPart
2021-11-19T10:23:52,904|[TRACE] graph - -------> nonSkippedChar
2021-11-19T10:23:52,904|[TRACE] script - #out(`S`) [token]
2021-11-19T10:23:52,904|[TRACE] graph - <------- nonSkippedChar
2021-11-19T10:23:52,904|[TRACE] graph - <----- statementPart
2021-11-19T10:23:52,904|[TRACE] graph - -----> statementPart
2021-11-19T10:23:52,904|[TRACE] graph - -------> nonSkippedChar
2021-11-19T10:23:52,904|[TRACE] script - #out(`Q`) [token]
2021-11-19T10:23:52,904|[TRACE] graph - <------- nonSkippedChar
2021-11-19T10:23:52,904|[TRACE] graph - <----- statementPart
2021-11-19T10:23:52,904|[TRACE] graph - -----> statementPart
2021-11-19T10:23:52,904|[TRACE] graph - -------> nonSkippedChar
2021-11-19T10:23:52,904|[TRACE] script - #out(`L`) [token]
2021-11-19T10:23:52,904|[TRACE] graph - <------- nonSkippedChar
2021-11-19T10:23:52,904|[TRACE] graph - <----- statementPart
2021-11-19T10:23:52,904|[TRACE] graph - -----> statementPart
2021-11-19T10:23:52,904|[TRACE] graph - -------> nonSkippedChar
2021-11-19T10:23:52,904|[TRACE] script - #out(`_`) [token]
2021-11-19T10:23:52,904|[TRACE] graph - <------- nonSkippedChar
2021-11-19T10:23:52,904|[TRACE] graph - <----- statementPart
2021-11-19T10:23:52,904|[TRACE] graph - -----> statementPart
2021-11-19T10:23:52,904|[TRACE] graph - -------> nonSkippedChar
2021-11-19T10:23:52,904|[TRACE] script - #out(`M`) [token]
2021-11-19T10:23:52,904|[TRACE] graph - <------- nonSkippedChar
2021-11-19T10:23:52,904|[TRACE] graph - <----- statementPart
2021-11-19T10:23:52,904|[TRACE] graph - -----> statementPart
2021-11-19T10:23:52,904|[TRACE] graph - -------> nonSkippedChar
2021-11-19T10:23:52,904|[TRACE] script - #out(`O`) [token]
2021-11-19T10:23:52,904|[TRACE] graph - <------- nonSkippedChar
2021-11-19T10:23:52,904|[TRACE] graph - <----- statementPart
2021-11-19T10:23:52,904|[TRACE] graph - -----> statementPart
2021-11-19T10:23:52,904|[TRACE] graph - -------> nonSkippedChar
2021-11-19T10:23:52,904|[TRACE] script - #out(`D`) [token]
2021-11-19T10:23:52,904|[TRACE] graph - <------- nonSkippedChar
2021-11-19T10:23:52,904|[TRACE] graph - <----- statementPart
2021-11-19T10:23:52,904|[TRACE] graph - -----> statementPart
2021-11-19T10:23:52,904|[TRACE] graph - -------> nonSkippedChar
2021-11-19T10:23:52,904|[TRACE] script - #out(`E`) [token]
2021-11-19T10:23:52,904|[TRACE] graph - <------- nonSkippedChar
2021-11-19T10:23:52,904|[TRACE] graph - <----- statementPart
2021-11-19T10:23:52,904|[TRACE] graph - -----> statementPart
2021-11-19T10:23:52,904|[TRACE] graph - -------> nonSkippedChar
2021-11-19T10:23:52,904|[TRACE] script - #out(`=`) [token]
2021-11-19T10:23:52,904|[TRACE] graph - <------- nonSkippedChar
2021-11-19T10:23:52,904|[TRACE] graph - <----- statementPart
2021-11-19T10:23:52,904|[TRACE] graph - -----> statementPart
2021-11-19T10:23:52,904|[TRACE] graph - -------> nonSkippedChar
2021-11-19T10:23:52,904|[TRACE] script - #out(`@`) [token]
2021-11-19T10:23:52,904|[TRACE] graph - <------- nonSkippedChar
2021-11-19T10:23:52,904|[TRACE] graph - <----- statementPart
2021-11-19T10:23:52,904|[TRACE] graph - -----> statementPart
2021-11-19T10:23:52,904|[TRACE] graph - -------> nonSkippedChar
2021-11-19T10:23:52,904|[TRACE] script - #out(`@`) [token]
2021-11-19T10:23:52,904|[TRACE] graph - <------- nonSkippedChar
2021-11-19T10:23:52,904|[TRACE] graph - <----- statementPart
2021-11-19T10:23:52,904|[TRACE] graph - -----> statementPart
2021-11-19T10:23:52,904|[TRACE] graph - -------> nonSkippedChar
2021-11-19T10:23:52,904|[TRACE] script - #out(`S`) [token]
2021-11-19T10:23:52,904|[TRACE] graph - <------- nonSkippedChar
2021-11-19T10:23:52,904|[TRACE] graph - <----- statementPart
2021-11-19T10:23:52,904|[TRACE] graph - -----> statementPart
2021-11-19T10:23:52,904|[TRACE] graph - -------> nonSkippedChar
2021-11-19T10:23:52,904|[TRACE] script - #out(`Q`) [token]
2021-11-19T10:23:52,904|[TRACE] graph - <------- nonSkippedChar
2021-11-19T10:23:52,904|[TRACE] graph - <----- statementPart
2021-11-19T10:23:52,904|[TRACE] graph - -----> statementPart
2021-11-19T10:23:52,904|[TRACE] graph - -------> nonSkippedChar
2021-11-19T10:23:52,904|[TRACE] script - #out(`L`) [token]
2021-11-19T10:23:52,904|[TRACE] graph - <------- nonSkippedChar
2021-11-19T10:23:52,904|[TRACE] graph - <----- statementPart
2021-11-19T10:23:52,904|[TRACE] graph - -----> statementPart
2021-11-19T10:23:52,904|[TRACE] graph - -------> nonSkippedChar
2021-11-19T10:23:52,904|[TRACE] script - #out(`_`) [token]
2021-11-19T10:23:52,904|[TRACE] graph - <------- nonSkippedChar
2021-11-19T10:23:52,904|[TRACE] graph - <----- statementPart
2021-11-19T10:23:52,904|[TRACE] graph - -----> statementPart
2021-11-19T10:23:52,904|[TRACE] graph - -------> nonSkippedChar
2021-11-19T10:23:52,904|[TRACE] script - #out(`M`) [token]
2021-11-19T10:23:52,904|[TRACE] graph - <------- nonSkippedChar
2021-11-19T10:23:52,904|[TRACE] graph - <----- statementPart
2021-11-19T10:23:52,904|[TRACE] graph - -----> statementPart
2021-11-19T10:23:52,904|[TRACE] graph - -------> nonSkippedChar
2021-11-19T10:23:52,904|[TRACE] script - #out(`O`) [token]
2021-11-19T10:23:52,904|[TRACE] graph - <------- nonSkippedChar
2021-11-19T10:23:52,904|[TRACE] graph - <----- statementPart
2021-11-19T10:23:52,904|[TRACE] graph - -----> statementPart
2021-11-19T10:23:52,904|[TRACE] graph - -------> nonSkippedChar
2021-11-19T10:23:52,904|[TRACE] script - #out(`D`) [token]
2021-11-19T10:23:52,904|[TRACE] graph - <------- nonSkippedChar
2021-11-19T10:23:52,904|[TRACE] graph - <----- statementPart
2021-11-19T10:23:52,904|[TRACE] graph - -----> statementPart
2021-11-19T10:23:52,904|[TRACE] graph - -------> nonSkippedChar
2021-11-19T10:23:52,904|[TRACE] script - #out(`E`) [token]
2021-11-19T10:23:52,904|[TRACE] graph - <------- nonSkippedChar
2021-11-19T10:23:52,904|[TRACE] graph - <----- statementPart
2021-11-19T10:23:52,904|[TRACE] graph - -----> statementPart
2021-11-19T10:23:52,904|[TRACE] graph - -------> nonSkippedChar
2021-11-19T10:23:52,904|[TRACE] script - #out(`,`) [token]
2021-11-19T10:23:52,904|[TRACE] graph - <------- nonSkippedChar
2021-11-19T10:23:52,904|[TRACE] graph - <----- statementPart
2021-11-19T10:23:52,904|[TRACE] graph - -----> statementPart
2021-11-19T10:23:52,904|[TRACE] graph - -------> nonSkippedSpace
2021-11-19T10:23:52,904|[TRACE] script - #out(` `) [token]
2021-11-19T10:23:52,904|[TRACE] graph - <------- nonSkippedSpace
2021-11-19T10:23:52,904|[TRACE] graph - <----- statementPart
2021-11-19T10:23:52,904|[TRACE] graph - -----> statementPart
2021-11-19T10:23:52,904|[TRACE] graph - -------> nonSkippedChar
2021-11-19T10:23:52,904|[TRACE] script - #out(`S`) [token]
2021-11-19T10:23:52,904|[TRACE] graph - <------- nonSkippedChar
2021-11-19T10:23:52,904|[TRACE] graph - <----- statementPart
2021-11-19T10:23:52,904|[TRACE] graph - -----> statementPart
2021-11-19T10:23:52,904|[TRACE] graph - -------> nonSkippedChar
2021-11-19T10:23:52,904|[TRACE] script - #out(`Q`) [token]
2021-11-19T10:23:52,904|[TRACE] graph - <------- nonSkippedChar
2021-11-19T10:23:52,904|[TRACE] graph - <----- statementPart
2021-11-19T10:23:52,904|[TRACE] graph - -----> statementPart
2021-11-19T10:23:52,904|[TRACE] graph - -------> nonSkippedChar
2021-11-19T10:23:52,904|[TRACE] script - #out(`L`) [token]
2021-11-19T10:23:52,904|[TRACE] graph - <------- nonSkippedChar
2021-11-19T10:23:52,904|[TRACE] graph - <----- statementPart
2021-11-19T10:23:52,904|[TRACE] graph - -----> statementPart
2021-11-19T10:23:52,904|[TRACE] graph - -------> nonSkippedChar
2021-11-19T10:23:52,904|[TRACE] script - #out(`_`) [token]
2021-11-19T10:23:52,904|[TRACE] graph - <------- nonSkippedChar
2021-11-19T10:23:52,904|[TRACE] graph - <----- statementPart
2021-11-19T10:23:52,904|[TRACE] graph - -----> statementPart
2021-11-19T10:23:52,904|[TRACE] graph - -------> nonSkippedChar
2021-11-19T10:23:52,904|[TRACE] script - #out(`M`) [token]
2021-11-19T10:23:52,904|[TRACE] graph - <------- nonSkippedChar
2021-11-19T10:23:52,904|[TRACE] graph - <----- statementPart
2021-11-19T10:23:52,904|[TRACE] graph - -----> statementPart
2021-11-19T10:23:52,904|[TRACE] graph - -------> nonSkippedChar
2021-11-19T10:23:52,904|[TRACE] script - #out(`O`) [token]
2021-11-19T10:23:52,904|[TRACE] graph - <------- nonSkippedChar
2021-11-19T10:23:52,904|[TRACE] graph - <----- statementPart
2021-11-19T10:23:52,904|[TRACE] graph - -----> statementPart
2021-11-19T10:23:52,904|[TRACE] graph - -------> nonSkippedChar
2021-11-19T10:23:52,904|[TRACE] script - #out(`D`) [token]
2021-11-19T10:23:52,904|[TRACE] graph - <------- nonSkippedChar
2021-11-19T10:23:52,904|[TRACE] graph - <----- statementPart
2021-11-19T10:23:52,904|[TRACE] graph - -----> statementPart
2021-11-19T10:23:52,904|[TRACE] graph - -------> nonSkippedChar
2021-11-19T10:23:52,904|[TRACE] script - #out(`E`) [token]
2021-11-19T10:23:52,904|[TRACE] graph - <------- nonSkippedChar
2021-11-19T10:23:52,904|[TRACE] graph - <----- statementPart
2021-11-19T10:23:52,904|[TRACE] graph - -----> statementPart
2021-11-19T10:23:52,904|[TRACE] graph - -------> nonSkippedChar
2021-11-19T10:23:52,904|[TRACE] script - #out(`=`) [token]
2021-11-19T10:23:52,904|[TRACE] graph - <------- nonSkippedChar
2021-11-19T10:23:52,904|[TRACE] graph - <----- statementPart
2021-11-19T10:23:52,904|[TRACE] graph - -----> statementPart
2021-11-19T10:23:52,904|[TRACE] graph - -------> quotedString
2021-11-19T10:23:52,904|[TRACE] script - #out(`'ONLY_FULL_GROUP_BY,STRICT_TRANS_TABLES,NO_ZERO_IN_DATE,NO_ZERO_DATE,ERROR_FOR_DIVISION_BY_ZERO,NO_ENGINE_SUBSTITUTION'`) [token]
2021-11-19T10:23:52,904|[TRACE] graph - <------- quotedString
2021-11-19T10:23:52,904|[TRACE] graph - <----- statementPart
2021-11-19T10:23:52,904|[DEBUG] graph - Import statement : SET @OLD_SQL_MODE=@@SQL_MODE, SQL_MODE='ONLY_FULL_GROUP_BY,STRICT_TRANS_TABLES,NO_ZERO_IN_DATE,NO_ZERO_DATE,ERROR_FOR_DIVISION_BY_ZERO,NO_ENGINE_SUBSTITUTION'
2021-11-19T10:23:52,904|[TRACE] graph - <--- statement
2021-11-19T10:23:52,904|[TRACE] graph - ---> blankSpacesToSkip
2021-11-19T10:23:52,904|[TRACE] graph - -----> newLineToSkip
2021-11-19T10:23:52,904|[TRACE] graph - <----- newLineToSkip
2021-11-19T10:23:52,904|[TRACE] graph - -----> newLineToSkip
2021-11-19T10:23:52,904|[TRACE] graph - <----- newLineToSkip
2021-11-19T10:23:52,904|[TRACE] graph - -----> newLineToSkip
2021-11-19T10:23:52,904|[TRACE] graph - <----- newLineToSkip
2021-11-19T10:23:52,904|[TRACE] graph - -----> newLineToSkip
2021-11-19T10:23:52,904|[TRACE] graph - <----- newLineToSkip
2021-11-19T10:23:52,904|[TRACE] graph - -----> newLineToSkip
2021-11-19T10:23:52,904|[TRACE] graph - <----- newLineToSkip
2021-11-19T10:23:52,904|[TRACE] graph - <--- blankSpacesToSkip
2021-11-19T10:23:52,904|[TRACE] graph - ---> statement
2021-11-19T10:23:52,904|[TRACE] graph - -----> statementFirstPart
2021-11-19T10:23:52,904|[TRACE] graph - -------> nonSkippedChar
2021-11-19T10:23:52,904|[TRACE] script - #out(`C`) [token]
2021-11-19T10:23:52,904|[TRACE] graph - <------- nonSkippedChar
2021-11-19T10:23:52,904|[TRACE] graph - <----- statementFirstPart
2021-11-19T10:23:52,904|[TRACE] graph - -----> statementPart
2021-11-19T10:23:52,904|[TRACE] graph - -------> nonSkippedChar
2021-11-19T10:23:52,904|[TRACE] script - #out(`R`) [token]
2021-11-19T10:23:52,904|[TRACE] graph - <------- nonSkippedChar
2021-11-19T10:23:52,904|[TRACE] graph - <----- statementPart
2021-11-19T10:23:52,904|[TRACE] graph - -----> statementPart
2021-11-19T10:23:52,904|[TRACE] graph - -------> nonSkippedChar
2021-11-19T10:23:52,904|[TRACE] script - #out(`E`) [token]
2021-11-19T10:23:52,904|[TRACE] graph - <------- nonSkippedChar
2021-11-19T10:23:52,904|[TRACE] graph - <----- statementPart
2021-11-19T10:23:52,904|[TRACE] graph - -----> statementPart
2021-11-19T10:23:52,904|[TRACE] graph - -------> nonSkippedChar
2021-11-19T10:23:52,904|[TRACE] script - #out(`A`) [token]
2021-11-19T10:23:52,904|[TRACE] graph - <------- nonSkippedChar
2021-11-19T10:23:52,904|[TRACE] graph - <----- statementPart
2021-11-19T10:23:52,904|[TRACE] graph - -----> statementPart
2021-11-19T10:23:52,904|[TRACE] graph - -------> nonSkippedChar
2021-11-19T10:23:52,904|[TRACE] script - #out(`T`) [token]
2021-11-19T10:23:52,904|[TRACE] graph - <------- nonSkippedChar
2021-11-19T10:23:52,904|[TRACE] graph - <----- statementPart
2021-11-19T10:23:52,904|[TRACE] graph - -----> statementPart
2021-11-19T10:23:52,904|[TRACE] graph - -------> nonSkippedChar
2021-11-19T10:23:52,904|[TRACE] script - #out(`E`) [token]
2021-11-19T10:23:52,904|[TRACE] graph - <------- nonSkippedChar
2021-11-19T10:23:52,904|[TRACE] graph - <----- statementPart
2021-11-19T10:23:52,904|[TRACE] graph - -----> statementPart
2021-11-19T10:23:52,904|[TRACE] graph - -------> nonSkippedSpace
2021-11-19T10:23:52,904|[TRACE] script - #out(` `) [token]
2021-11-19T10:23:52,904|[TRACE] graph - <------- nonSkippedSpace
2021-11-19T10:23:52,904|[TRACE] graph - <----- statementPart
2021-11-19T10:23:52,904|[TRACE] graph - -----> statementPart
2021-11-19T10:23:52,904|[TRACE] graph - -------> nonSkippedChar
2021-11-19T10:23:52,904|[TRACE] script - #out(`S`) [token]
2021-11-19T10:23:52,904|[TRACE] graph - <------- nonSkippedChar
2021-11-19T10:23:52,904|[TRACE] graph - <----- statementPart
2021-11-19T10:23:52,904|[TRACE] graph - -----> statementPart
2021-11-19T10:23:52,904|[TRACE] graph - -------> nonSkippedChar
2021-11-19T10:23:52,904|[TRACE] script - #out(`C`) [token]
2021-11-19T10:23:52,904|[TRACE] graph - <------- nonSkippedChar
2021-11-19T10:23:52,904|[TRACE] graph - <----- statementPart
2021-11-19T10:23:52,904|[TRACE] graph - -----> statementPart
2021-11-19T10:23:52,904|[TRACE] graph - -------> nonSkippedChar
2021-11-19T10:23:52,904|[TRACE] script - #out(`H`) [token]
2021-11-19T10:23:52,904|[TRACE] graph - <------- nonSkippedChar
2021-11-19T10:23:52,904|[TRACE] graph - <----- statementPart
2021-11-19T10:23:52,905|[TRACE] graph - -----> statementPart
2021-11-19T10:23:52,905|[TRACE] graph - -------> nonSkippedChar
2021-11-19T10:23:52,905|[TRACE] script - #out(`E`) [token]
2021-11-19T10:23:52,905|[TRACE] graph - <------- nonSkippedChar
2021-11-19T10:23:52,905|[TRACE] graph - <----- statementPart
2021-11-19T10:23:52,905|[TRACE] graph - -----> statementPart
2021-11-19T10:23:52,905|[TRACE] graph - -------> nonSkippedChar
2021-11-19T10:23:52,905|[TRACE] script - #out(`M`) [token]
2021-11-19T10:23:52,905|[TRACE] graph - <------- nonSkippedChar
2021-11-19T10:23:52,905|[TRACE] graph - <----- statementPart
2021-11-19T10:23:52,905|[TRACE] graph - -----> statementPart
2021-11-19T10:23:52,905|[TRACE] graph - -------> nonSkippedChar
2021-11-19T10:23:52,905|[TRACE] script - #out(`A`) [token]
2021-11-19T10:23:52,905|[TRACE] graph - <------- nonSkippedChar
2021-11-19T10:23:52,905|[TRACE] graph - <----- statementPart
2021-11-19T10:23:52,905|[TRACE] graph - -----> statementPart
2021-11-19T10:23:52,905|[TRACE] graph - -------> nonSkippedSpace
2021-11-19T10:23:52,905|[TRACE] script - #out(` `) [token]
2021-11-19T10:23:52,905|[TRACE] graph - <------- nonSkippedSpace
2021-11-19T10:23:52,905|[TRACE] graph - <----- statementPart
2021-11-19T10:23:52,905|[TRACE] graph - -----> statementPart
2021-11-19T10:23:52,905|[TRACE] graph - -------> nonSkippedChar
2021-11-19T10:23:52,905|[TRACE] script - #out(`I`) [token]
2021-11-19T10:23:52,905|[TRACE] graph - <------- nonSkippedChar
2021-11-19T10:23:52,905|[TRACE] graph - <----- statementPart
2021-11-19T10:23:52,905|[TRACE] graph - -----> statementPart
2021-11-19T10:23:52,905|[TRACE] graph - -------> nonSkippedChar
2021-11-19T10:23:52,905|[TRACE] script - #out(`F`) [token]
2021-11-19T10:23:52,905|[TRACE] graph - <------- nonSkippedChar
2021-11-19T10:23:52,905|[TRACE] graph - <----- statementPart
2021-11-19T10:23:52,905|[TRACE] graph - -----> statementPart
2021-11-19T10:23:52,905|[TRACE] graph - -------> nonSkippedSpace
2021-11-19T10:23:52,905|[TRACE] script - #out(` `) [token]
2021-11-19T10:23:52,905|[TRACE] graph - <------- nonSkippedSpace
2021-11-19T10:23:52,905|[TRACE] graph - <----- statementPart
2021-11-19T10:23:52,905|[TRACE] graph - -----> statementPart
2021-11-19T10:23:52,905|[TRACE] graph - -------> nonSkippedChar
2021-11-19T10:23:52,905|[TRACE] script - #out(`N`) [token]
2021-11-19T10:23:52,905|[TRACE] graph - <------- nonSkippedChar
2021-11-19T10:23:52,905|[TRACE] graph - <----- statementPart
2021-11-19T10:23:52,905|[TRACE] graph - -----> statementPart
2021-11-19T10:23:52,905|[TRACE] graph - -------> nonSkippedChar
2021-11-19T10:23:52,905|[TRACE] script - #out(`O`) [token]
2021-11-19T10:23:52,905|[TRACE] graph - <------- nonSkippedChar
2021-11-19T10:23:52,905|[TRACE] graph - <----- statementPart
2021-11-19T10:23:52,905|[TRACE] graph - -----> statementPart
2021-11-19T10:23:52,905|[TRACE] graph - -------> nonSkippedChar
2021-11-19T10:23:52,905|[TRACE] script - #out(`T`) [token]
2021-11-19T10:23:52,905|[TRACE] graph - <------- nonSkippedChar
2021-11-19T10:23:52,905|[TRACE] graph - <----- statementPart
2021-11-19T10:23:52,905|[TRACE] graph - -----> statementPart
2021-11-19T10:23:52,905|[TRACE] graph - -------> nonSkippedSpace
2021-11-19T10:23:52,905|[TRACE] script - #out(` `) [token]
2021-11-19T10:23:52,905|[TRACE] graph - <------- nonSkippedSpace
2021-11-19T10:23:52,905|[TRACE] graph - <----- statementPart
2021-11-19T10:23:52,905|[TRACE] graph - -----> statementPart
2021-11-19T10:23:52,905|[TRACE] graph - -------> nonSkippedChar
2021-11-19T10:23:52,905|[TRACE] script - #out(`E`) [token]
2021-11-19T10:23:52,905|[TRACE] graph - <------- nonSkippedChar
2021-11-19T10:23:52,905|[TRACE] graph - <----- statementPart
2021-11-19T10:23:52,905|[TRACE] graph - -----> statementPart
2021-11-19T10:23:52,905|[TRACE] graph - -------> nonSkippedChar
2021-11-19T10:23:52,905|[TRACE] script - #out(`X`) [token]
2021-11-19T10:23:52,905|[TRACE] graph - <------- nonSkippedChar
2021-11-19T10:23:52,905|[TRACE] graph - <----- statementPart
2021-11-19T10:23:52,905|[TRACE] graph - -----> statementPart
2021-11-19T10:23:52,905|[TRACE] graph - -------> nonSkippedChar
2021-11-19T10:23:52,905|[TRACE] script - #out(`I`) [token]
2021-11-19T10:23:52,905|[TRACE] graph - <------- nonSkippedChar
2021-11-19T10:23:52,905|[TRACE] graph - <----- statementPart
2021-11-19T10:23:52,905|[TRACE] graph - -----> statementPart
2021-11-19T10:23:52,905|[TRACE] graph - -------> nonSkippedChar
2021-11-19T10:23:52,905|[TRACE] script - #out(`S`) [token]
2021-11-19T10:23:52,905|[TRACE] graph - <------- nonSkippedChar
2021-11-19T10:23:52,905|[TRACE] graph - <----- statementPart
2021-11-19T10:23:52,905|[TRACE] graph - -----> statementPart
2021-11-19T10:23:52,905|[TRACE] graph - -------> nonSkippedChar
2021-11-19T10:23:52,905|[TRACE] script - #out(`T`) [token]
2021-11-19T10:23:52,905|[TRACE] graph - <------- nonSkippedChar
2021-11-19T10:23:52,905|[TRACE] graph - <----- statementPart
2021-11-19T10:23:52,905|[TRACE] graph - -----> statementPart
2021-11-19T10:23:52,905|[TRACE] graph - -------> nonSkippedChar
2021-11-19T10:23:52,905|[TRACE] script - #out(`S`) [token]
2021-11-19T10:23:52,905|[TRACE] graph - <------- nonSkippedChar
2021-11-19T10:23:52,905|[TRACE] graph - <----- statementPart
2021-11-19T10:23:52,905|[TRACE] graph - -----> statementPart
2021-11-19T10:23:52,905|[TRACE] graph - -------> nonSkippedSpace
2021-11-19T10:23:52,905|[TRACE] script - #out(` `) [token]
2021-11-19T10:23:52,905|[TRACE] graph - <------- nonSkippedSpace
2021-11-19T10:23:52,905|[TRACE] graph - <----- statementPart
2021-11-19T10:23:52,905|[TRACE] graph - -----> statementPart
2021-11-19T10:23:52,905|[TRACE] graph - -------> quotedString
2021-11-19T10:23:52,905|[TRACE] script - #out(``bloodbank``) [token]
2021-11-19T10:23:52,905|[TRACE] graph - <------- quotedString
2021-11-19T10:23:52,905|[TRACE] graph - <----- statementPart
2021-11-19T10:23:52,905|[TRACE] graph - -----> statementPart
2021-11-19T10:23:52,905|[TRACE] graph - -------> nonSkippedSpace
2021-11-19T10:23:52,905|[TRACE] script - #out(` `) [token]
2021-11-19T10:23:52,905|[TRACE] graph - <------- nonSkippedSpace
2021-11-19T10:23:52,905|[TRACE] graph - <----- statementPart
2021-11-19T10:23:52,905|[TRACE] graph - -----> statementPart
2021-11-19T10:23:52,905|[TRACE] graph - -------> nonSkippedChar
2021-11-19T10:23:52,905|[TRACE] script - #out(`D`) [token]
2021-11-19T10:23:52,905|[TRACE] graph - <------- nonSkippedChar
2021-11-19T10:23:52,905|[TRACE] graph - <----- statementPart
2021-11-19T10:23:52,905|[TRACE] graph - -----> statementPart
2021-11-19T10:23:52,905|[TRACE] graph - -------> nonSkippedChar
2021-11-19T10:23:52,905|[TRACE] script - #out(`E`) [token]
2021-11-19T10:23:52,905|[TRACE] graph - <------- nonSkippedChar
2021-11-19T10:23:52,905|[TRACE] graph - <----- statementPart
2021-11-19T10:23:52,905|[TRACE] graph - -----> statementPart
2021-11-19T10:23:52,905|[TRACE] graph - -------> nonSkippedChar
2021-11-19T10:23:52,905|[TRACE] script - #out(`F`) [token]
2021-11-19T10:23:52,905|[TRACE] graph - <------- nonSkippedChar
2021-11-19T10:23:52,905|[TRACE] graph - <----- statementPart
2021-11-19T10:23:52,905|[TRACE] graph - -----> statementPart
2021-11-19T10:23:52,905|[TRACE] graph - -------> nonSkippedChar
2021-11-19T10:23:52,905|[TRACE] script - #out(`A`) [token]
2021-11-19T10:23:52,905|[TRACE] graph - <------- nonSkippedChar
2021-11-19T10:23:52,905|[TRACE] graph - <----- statementPart
2021-11-19T10:23:52,905|[TRACE] graph - -----> statementPart
2021-11-19T10:23:52,905|[TRACE] graph - -------> nonSkippedChar
2021-11-19T10:23:52,905|[TRACE] script - #out(`U`) [token]
2021-11-19T10:23:52,905|[TRACE] graph - <------- nonSkippedChar
2021-11-19T10:23:52,905|[TRACE] graph - <----- statementPart
2021-11-19T10:23:52,905|[TRACE] graph - -----> statementPart
2021-11-19T10:23:52,905|[TRACE] graph - -------> nonSkippedChar
2021-11-19T10:23:52,905|[TRACE] script - #out(`L`) [token]
2021-11-19T10:23:52,905|[TRACE] graph - <------- nonSkippedChar
2021-11-19T10:23:52,905|[TRACE] graph - <----- statementPart
2021-11-19T10:23:52,905|[TRACE] graph - -----> statementPart
2021-11-19T10:23:52,906|[TRACE] graph - -------> nonSkippedChar
2021-11-19T10:23:52,906|[TRACE] script - #out(`T`) [token]
2021-11-19T10:23:52,906|[TRACE] graph - <------- nonSkippedChar
2021-11-19T10:23:52,906|[TRACE] graph - <----- statementPart
2021-11-19T10:23:52,906|[TRACE] graph - -----> statementPart
2021-11-19T10:23:52,906|[TRACE] graph - -------> nonSkippedSpace
2021-11-19T10:23:52,906|[TRACE] script - #out(` `) [token]
2021-11-19T10:23:52,906|[TRACE] graph - <------- nonSkippedSpace
2021-11-19T10:23:52,906|[TRACE] graph - <----- statementPart
2021-11-19T10:23:52,906|[TRACE] graph - -----> statementPart
2021-11-19T10:23:52,906|[TRACE] graph - -------> nonSkippedChar
2021-11-19T10:23:52,906|[TRACE] script - #out(`C`) [token]
2021-11-19T10:23:52,906|[TRACE] graph - <------- nonSkippedChar
2021-11-19T10:23:52,906|[TRACE] graph - <----- statementPart
2021-11-19T10:23:52,906|[TRACE] graph - -----> statementPart
2021-11-19T10:23:52,906|[TRACE] graph - -------> nonSkippedChar
2021-11-19T10:23:52,906|[TRACE] script - #out(`H`) [token]
2021-11-19T10:23:52,906|[TRACE] graph - <------- nonSkippedChar
2021-11-19T10:23:52,906|[TRACE] graph - <----- statementPart
2021-11-19T10:23:52,906|[TRACE] graph - -----> statementPart
2021-11-19T10:23:52,906|[TRACE] graph - -------> nonSkippedChar
2021-11-19T10:23:52,906|[TRACE] script - #out(`A`) [token]
2021-11-19T10:23:52,906|[TRACE] graph - <------- nonSkippedChar
2021-11-19T10:23:52,906|[TRACE] graph - <----- statementPart
2021-11-19T10:23:52,906|[TRACE] graph - -----> statementPart
2021-11-19T10:23:52,906|[TRACE] graph - -------> nonSkippedChar
2021-11-19T10:23:52,906|[TRACE] script - #out(`R`) [token]
2021-11-19T10:23:52,906|[TRACE] graph - <------- nonSkippedChar
2021-11-19T10:23:52,906|[TRACE] graph - <----- statementPart
2021-11-19T10:23:52,906|[TRACE] graph - -----> statementPart
2021-11-19T10:23:52,906|[TRACE] graph - -------> nonSkippedChar
2021-11-19T10:23:52,906|[TRACE] script - #out(`A`) [token]
2021-11-19T10:23:52,906|[TRACE] graph - <------- nonSkippedChar
2021-11-19T10:23:52,906|[TRACE] graph - <----- statementPart
2021-11-19T10:23:52,906|[TRACE] graph - -----> statementPart
2021-11-19T10:23:52,906|[TRACE] graph - -------> nonSkippedChar
2021-11-19T10:23:52,906|[TRACE] script - #out(`C`) [token]
2021-11-19T10:23:52,906|[TRACE] graph - <------- nonSkippedChar
2021-11-19T10:23:52,906|[TRACE] graph - <----- statementPart
2021-11-19T10:23:52,906|[TRACE] graph - -----> statementPart
2021-11-19T10:23:52,906|[TRACE] graph - -------> nonSkippedChar
2021-11-19T10:23:52,906|[TRACE] script - #out(`T`) [token]
2021-11-19T10:23:52,906|[TRACE] graph - <------- nonSkippedChar
2021-11-19T10:23:52,906|[TRACE] graph - <----- statementPart
2021-11-19T10:23:52,906|[TRACE] graph - -----> statementPart
2021-11-19T10:23:52,906|[TRACE] graph - -------> nonSkippedChar
2021-11-19T10:23:52,906|[TRACE] script - #out(`E`) [token]
2021-11-19T10:23:52,906|[TRACE] graph - <------- nonSkippedChar
2021-11-19T10:23:52,906|[TRACE] graph - <----- statementPart
2021-11-19T10:23:52,906|[TRACE] graph - -----> statementPart
2021-11-19T10:23:52,906|[TRACE] graph - -------> nonSkippedChar
2021-11-19T10:23:52,906|[TRACE] script - #out(`R`) [token]
2021-11-19T10:23:52,906|[TRACE] graph - <------- nonSkippedChar
2021-11-19T10:23:52,906|[TRACE] graph - <----- statementPart
2021-11-19T10:23:52,906|[TRACE] graph - -----> statementPart
2021-11-19T10:23:52,906|[TRACE] graph - -------> nonSkippedSpace
2021-11-19T10:23:52,906|[TRACE] script - #out(` `) [token]
2021-11-19T10:23:52,906|[TRACE] graph - <------- nonSkippedSpace
2021-11-19T10:23:52,906|[TRACE] graph - <----- statementPart
2021-11-19T10:23:52,906|[TRACE] graph - -----> statementPart
2021-11-19T10:23:52,906|[TRACE] graph - -------> nonSkippedChar
2021-11-19T10:23:52,906|[TRACE] script - #out(`S`) [token]
2021-11-19T10:23:52,906|[TRACE] graph - <------- nonSkippedChar
2021-11-19T10:23:52,906|[TRACE] graph - <----- statementPart
2021-11-19T10:23:52,906|[TRACE] graph - -----> statementPart
2021-11-19T10:23:52,906|[TRACE] graph - -------> nonSkippedChar
2021-11-19T10:23:52,906|[TRACE] script - #out(`E`) [token]
2021-11-19T10:23:52,906|[TRACE] graph - <------- nonSkippedChar
2021-11-19T10:23:52,906|[TRACE] graph - <----- statementPart
2021-11-19T10:23:52,906|[TRACE] graph - -----> statementPart
2021-11-19T10:23:52,906|[TRACE] graph - -------> nonSkippedChar
2021-11-19T10:23:52,906|[TRACE] script - #out(`T`) [token]
2021-11-19T10:23:52,906|[TRACE] graph - <------- nonSkippedChar
2021-11-19T10:23:52,906|[TRACE] graph - <----- statementPart
2021-11-19T10:23:52,906|[TRACE] graph - -----> statementPart
2021-11-19T10:23:52,906|[TRACE] graph - -------> nonSkippedSpace
2021-11-19T10:23:52,906|[TRACE] script - #out(` `) [token]
2021-11-19T10:23:52,906|[TRACE] graph - <------- nonSkippedSpace
2021-11-19T10:23:52,906|[TRACE] graph - <----- statementPart
2021-11-19T10:23:52,906|[TRACE] graph - -----> statementPart
2021-11-19T10:23:52,906|[TRACE] graph - -------> nonSkippedChar
2021-11-19T10:23:52,906|[TRACE] script - #out(`u`) [token]
2021-11-19T10:23:52,906|[TRACE] graph - <------- nonSkippedChar
2021-11-19T10:23:52,906|[TRACE] graph - <----- statementPart
2021-11-19T10:23:52,906|[TRACE] graph - -----> statementPart
2021-11-19T10:23:52,906|[TRACE] graph - -------> nonSkippedChar
2021-11-19T10:23:52,906|[TRACE] script - #out(`t`) [token]
2021-11-19T10:23:52,906|[TRACE] graph - <------- nonSkippedChar
2021-11-19T10:23:52,906|[TRACE] graph - <----- statementPart
2021-11-19T10:23:52,906|[TRACE] graph - -----> statementPart
2021-11-19T10:23:52,906|[TRACE] graph - -------> nonSkippedChar
2021-11-19T10:23:52,906|[TRACE] script - #out(`f`) [token]
2021-11-19T10:23:52,906|[TRACE] graph - <------- nonSkippedChar
2021-11-19T10:23:52,906|[TRACE] graph - <----- statementPart
2021-11-19T10:23:52,906|[TRACE] graph - -----> statementPart
2021-11-19T10:23:52,906|[TRACE] graph - -------> nonSkippedChar
2021-11-19T10:23:52,906|[TRACE] script - #out(`8`) [token]
2021-11-19T10:23:52,906|[TRACE] graph - <------- nonSkippedChar
2021-11-19T10:23:52,906|[TRACE] graph - <----- statementPart
2021-11-19T10:23:52,906|[TRACE] graph - -----> statementPart
2021-11-19T10:23:52,906|[TRACE] graph - -------> nonSkippedChar
2021-11-19T10:23:52,906|[TRACE] script - #out(`m`) [token]
2021-11-19T10:23:52,906|[TRACE] graph - <------- nonSkippedChar
2021-11-19T10:23:52,906|[TRACE] graph - <----- statementPart
2021-11-19T10:23:52,906|[TRACE] graph - -----> statementPart
2021-11-19T10:23:52,906|[TRACE] graph - -------> nonSkippedChar
2021-11-19T10:23:52,906|[TRACE] script - #out(`b`) [token]
2021-11-19T10:23:52,906|[TRACE] graph - <------- nonSkippedChar
2021-11-19T10:23:52,906|[TRACE] graph - <----- statementPart
2021-11-19T10:23:52,906|[TRACE] graph - -----> statementPart
2021-11-19T10:23:52,906|[TRACE] graph - -------> nonSkippedChar
2021-11-19T10:23:52,906|[TRACE] script - #out(`4`) [token]
2021-11-19T10:23:52,906|[TRACE] graph - <------- nonSkippedChar
2021-11-19T10:23:52,906|[TRACE] graph - <----- statementPart
2021-11-19T10:23:52,906|[TRACE] graph - -----> statementPart
2021-11-19T10:23:52,906|[TRACE] graph - -------> nonSkippedSpace
2021-11-19T10:23:52,906|[TRACE] script - #out(` `) [token]
2021-11-19T10:23:52,906|[TRACE] graph - <------- nonSkippedSpace
2021-11-19T10:23:52,906|[TRACE] graph - <----- statementPart
2021-11-19T10:23:52,906|[TRACE] graph - -----> statementPart
2021-11-19T10:23:52,906|[TRACE] graph - -------> nonSkippedChar
2021-11-19T10:23:52,906|[TRACE] script - #out(`C`) [token]
2021-11-19T10:23:52,906|[TRACE] graph - <------- nonSkippedChar
2021-11-19T10:23:52,906|[TRACE] graph - <----- statementPart
2021-11-19T10:23:52,906|[TRACE] graph - -----> statementPart
2021-11-19T10:23:52,906|[TRACE] graph - -------> nonSkippedChar
2021-11-19T10:23:52,906|[TRACE] script - #out(`O`) [token]
2021-11-19T10:23:52,906|[TRACE] graph - <------- nonSkippedChar
2021-11-19T10:23:52,906|[TRACE] graph - <----- statementPart
2021-11-19T10:23:52,906|[TRACE] graph - -----> statementPart
2021-11-19T10:23:52,906|[TRACE] graph - -------> nonSkippedChar
2021-11-19T10:23:52,906|[TRACE] script - #out(`L`) [token]
2021-11-19T10:23:52,906|[TRACE] graph - <------- nonSkippedChar
2021-11-19T10:23:52,906|[TRACE] graph - <----- statementPart
2021-11-19T10:23:52,906|[TRACE] graph - -----> statementPart
2021-11-19T10:23:52,906|[TRACE] graph - -------> nonSkippedChar
2021-11-19T10:23:52,906|[TRACE] script - #out(`L`) [token]
2021-11-19T10:23:52,906|[TRACE] graph - <------- nonSkippedChar
2021-11-19T10:23:52,906|[TRACE] graph - <----- statementPart
2021-11-19T10:23:52,906|[TRACE] graph - -----> statementPart
2021-11-19T10:23:52,906|[TRACE] graph - -------> nonSkippedChar
2021-11-19T10:23:52,906|[TRACE] script - #out(`A`) [token]
2021-11-19T10:23:52,906|[TRACE] graph - <------- nonSkippedChar
2021-11-19T10:23:52,906|[TRACE] graph - <----- statementPart
2021-11-19T10:23:52,906|[TRACE] graph - -----> statementPart
2021-11-19T10:23:52,906|[TRACE] graph - -------> nonSkippedChar
2021-11-19T10:23:52,906|[TRACE] script - #out(`T`) [token]
2021-11-19T10:23:52,906|[TRACE] graph - <------- nonSkippedChar
2021-11-19T10:23:52,906|[TRACE] graph - <----- statementPart
2021-11-19T10:23:52,906|[TRACE] graph - -----> statementPart
2021-11-19T10:23:52,906|[TRACE] graph - -------> nonSkippedChar
2021-11-19T10:23:52,906|[TRACE] script - #out(`E`) [token]
2021-11-19T10:23:52,906|[TRACE] graph - <------- nonSkippedChar
2021-11-19T10:23:52,906|[TRACE] graph - <----- statementPart
2021-11-19T10:23:52,906|[TRACE] graph - -----> statementPart
2021-11-19T10:23:52,906|[TRACE] graph - -------> nonSkippedSpace
2021-11-19T10:23:52,906|[TRACE] script - #out(` `) [token]
2021-11-19T10:23:52,906|[TRACE] graph - <------- nonSkippedSpace
2021-11-19T10:23:52,906|[TRACE] graph - <----- statementPart
2021-11-19T10:23:52,906|[TRACE] graph - -----> statementPart
2021-11-19T10:23:52,906|[TRACE] graph - -------> nonSkippedChar
2021-11-19T10:23:52,906|[TRACE] script - #out(`u`) [token]
2021-11-19T10:23:52,906|[TRACE] graph - <------- nonSkippedChar
2021-11-19T10:23:52,906|[TRACE] graph - <----- statementPart
2021-11-19T10:23:52,906|[TRACE] graph - -----> statementPart
2021-11-19T10:23:52,906|[TRACE] graph - -------> nonSkippedChar
2021-11-19T10:23:52,906|[TRACE] script - #out(`t`) [token]
2021-11-19T10:23:52,906|[TRACE] graph - <------- nonSkippedChar
2021-11-19T10:23:52,906|[TRACE] graph - <----- statementPart
2021-11-19T10:23:52,906|[TRACE] graph - -----> statementPart
2021-11-19T10:23:52,906|[TRACE] graph - -------> nonSkippedChar
2021-11-19T10:23:52,906|[TRACE] script - #out(`f`) [token]
2021-11-19T10:23:52,906|[TRACE] graph - <------- nonSkippedChar
2021-11-19T10:23:52,906|[TRACE] graph - <----- statementPart
2021-11-19T10:23:52,906|[TRACE] graph - -----> statementPart
2021-11-19T10:23:52,906|[TRACE] graph - -------> nonSkippedChar
2021-11-19T10:23:52,906|[TRACE] script - #out(`8`) [token]
2021-11-19T10:23:52,906|[TRACE] graph - <------- nonSkippedChar
2021-11-19T10:23:52,906|[TRACE] graph - <----- statementPart
2021-11-19T10:23:52,906|[TRACE] graph - -----> statementPart
2021-11-19T10:23:52,906|[TRACE] graph - -------> nonSkippedChar
2021-11-19T10:23:52,906|[TRACE] script - #out(`m`) [token]
2021-11-19T10:23:52,906|[TRACE] graph - <------- nonSkippedChar
2021-11-19T10:23:52,906|[TRACE] graph - <----- statementPart
2021-11-19T10:23:52,906|[TRACE] graph - -----> statementPart
2021-11-19T10:23:52,906|[TRACE] graph - -------> nonSkippedChar
2021-11-19T10:23:52,906|[TRACE] script - #out(`b`) [token]
2021-11-19T10:23:52,906|[TRACE] graph - <------- nonSkippedChar
2021-11-19T10:23:52,906|[TRACE] graph - <----- statementPart
2021-11-19T10:23:52,906|[TRACE] graph - -----> statementPart
2021-11-19T10:23:52,906|[TRACE] graph - -------> nonSkippedChar
2021-11-19T10:23:52,906|[TRACE] script - #out(`4`) [token]
2021-11-19T10:23:52,906|[TRACE] graph - <------- nonSkippedChar
2021-11-19T10:23:52,906|[TRACE] graph - <----- statementPart
2021-11-19T10:23:52,906|[TRACE] graph - -----> statementPart
2021-11-19T10:23:52,906|[TRACE] graph - -------> nonSkippedChar
2021-11-19T10:23:52,906|[TRACE] script - #out(`_`) [token]
2021-11-19T10:23:52,906|[TRACE] graph - <------- nonSkippedChar
2021-11-19T10:23:52,906|[TRACE] graph - <----- statementPart
2021-11-19T10:23:52,906|[TRACE] graph - -----> statementPart
2021-11-19T10:23:52,906|[TRACE] graph - -------> nonSkippedChar
2021-11-19T10:23:52,906|[TRACE] script - #out(`0`) [token]
2021-11-19T10:23:52,906|[TRACE] graph - <------- nonSkippedChar
2021-11-19T10:23:52,906|[TRACE] graph - <----- statementPart
2021-11-19T10:23:52,906|[TRACE] graph - -----> statementPart
2021-11-19T10:23:52,906|[TRACE] graph - -------> nonSkippedChar
2021-11-19T10:23:52,906|[TRACE] script - #out(`9`) [token]
2021-11-19T10:23:52,906|[TRACE] graph - <------- nonSkippedChar
2021-11-19T10:23:52,906|[TRACE] graph - <----- statementPart
2021-11-19T10:23:52,906|[TRACE] graph - -----> statementPart
2021-11-19T10:23:52,906|[TRACE] graph - -------> nonSkippedChar
2021-11-19T10:23:52,906|[TRACE] script - #out(`0`) [token]
2021-11-19T10:23:52,906|[TRACE] graph - <------- nonSkippedChar
2021-11-19T10:23:52,906|[TRACE] graph - <----- statementPart
2021-11-19T10:23:52,906|[TRACE] graph - -----> statementPart
2021-11-19T10:23:52,906|[TRACE] graph - -------> nonSkippedChar
2021-11-19T10:23:52,906|[TRACE] script - #out(`0`) [token]
2021-11-19T10:23:52,906|[TRACE] graph - <------- nonSkippedChar
2021-11-19T10:23:52,906|[TRACE] graph - <----- statementPart
2021-11-19T10:23:52,906|[TRACE] graph - -----> statementPart
2021-11-19T10:23:52,907|[TRACE] graph - -------> nonSkippedChar
2021-11-19T10:23:52,907|[TRACE] script - #out(`_`) [token]
2021-11-19T10:23:52,907|[TRACE] graph - <------- nonSkippedChar
2021-11-19T10:23:52,907|[TRACE] graph - <----- statementPart
2021-11-19T10:23:52,907|[TRACE] graph - -----> statementPart
2021-11-19T10:23:52,907|[TRACE] graph - -------> nonSkippedChar
2021-11-19T10:23:52,907|[TRACE] script - #out(`a`) [token]
2021-11-19T10:23:52,907|[TRACE] graph - <------- nonSkippedChar
2021-11-19T10:23:52,907|[TRACE] graph - <----- statementPart
2021-11-19T10:23:52,907|[TRACE] graph - -----> statementPart
2021-11-19T10:23:52,907|[TRACE] graph - -------> nonSkippedChar
2021-11-19T10:23:52,907|[TRACE] script - #out(`i`) [token]
2021-11-19T10:23:52,907|[TRACE] graph - <------- nonSkippedChar
2021-11-19T10:23:52,907|[TRACE] graph - <----- statementPart
2021-11-19T10:23:52,907|[TRACE] graph - -----> statementPart
2021-11-19T10:23:52,907|[TRACE] graph - -------> nonSkippedChar
2021-11-19T10:23:52,907|[TRACE] script - #out(`_`) [token]
2021-11-19T10:23:52,907|[TRACE] graph - <------- nonSkippedChar
2021-11-19T10:23:52,907|[TRACE] graph - <----- statementPart
2021-11-19T10:23:52,907|[TRACE] graph - -----> statementPart
2021-11-19T10:23:52,907|[TRACE] graph - -------> nonSkippedChar
2021-11-19T10:23:52,907|[TRACE] script - #out(`c`) [token]
2021-11-19T10:23:52,907|[TRACE] graph - <------- nonSkippedChar
2021-11-19T10:23:52,907|[TRACE] graph - <----- statementPart
2021-11-19T10:23:52,907|[TRACE] graph - -----> statementPart
2021-11-19T10:23:52,907|[TRACE] graph - -------> nonSkippedChar
2021-11-19T10:23:52,907|[TRACE] script - #out(`i`) [token]
2021-11-19T10:23:52,907|[TRACE] graph - <------- nonSkippedChar
2021-11-19T10:23:52,907|[TRACE] graph - <----- statementPart
2021-11-19T10:23:52,907|[TRACE] graph - -----> statementPart
2021-11-19T10:23:52,907|[TRACE] graph - -------> nonSkippedSpace
2021-11-19T10:23:52,907|[TRACE] script - #out(` `) [token]
2021-11-19T10:23:52,907|[TRACE] graph - <------- nonSkippedSpace
2021-11-19T10:23:52,907|[TRACE] graph - <----- statementPart
2021-11-19T10:23:52,907|[DEBUG] graph - Import statement : CREATE SCHEMA IF NOT EXISTS `bloodbank` DEFAULT CHARACTER SET utf8mb4 COLLATE utf8mb4_0900_ai_ci
2021-11-19T10:23:52,907|[TRACE] graph - <--- statement
2021-11-19T10:23:52,907|[TRACE] graph - ---> blankSpacesToSkip
2021-11-19T10:23:52,907|[TRACE] graph - -----> newLineToSkip
2021-11-19T10:23:52,907|[TRACE] graph - <----- newLineToSkip
2021-11-19T10:23:52,907|[TRACE] graph - <--- blankSpacesToSkip
2021-11-19T10:23:52,907|[TRACE] graph - ---> statement
2021-11-19T10:23:52,907|[TRACE] graph - -----> statementFirstPart
2021-11-19T10:23:52,907|[TRACE] graph - -------> nonSkippedChar
2021-11-19T10:23:52,907|[TRACE] script - #out(`U`) [token]
2021-11-19T10:23:52,907|[TRACE] graph - <------- nonSkippedChar
2021-11-19T10:23:52,907|[TRACE] graph - <----- statementFirstPart
2021-11-19T10:23:52,907|[TRACE] graph - -----> statementPart
2021-11-19T10:23:52,907|[TRACE] graph - -------> nonSkippedChar
2021-11-19T10:23:52,907|[TRACE] script - #out(`S`) [token]
2021-11-19T10:23:52,907|[TRACE] graph - <------- nonSkippedChar
2021-11-19T10:23:52,907|[TRACE] graph - <----- statementPart
2021-11-19T10:23:52,907|[TRACE] graph - -----> statementPart
2021-11-19T10:23:52,907|[TRACE] graph - -------> nonSkippedChar
2021-11-19T10:23:52,907|[TRACE] script - #out(`E`) [token]
2021-11-19T10:23:52,907|[TRACE] graph - <------- nonSkippedChar
2021-11-19T10:23:52,907|[TRACE] graph - <----- statementPart
2021-11-19T10:23:52,907|[TRACE] graph - -----> statementPart
2021-11-19T10:23:52,907|[TRACE] graph - -------> nonSkippedSpace
2021-11-19T10:23:52,907|[TRACE] script - #out(` `) [token]
2021-11-19T10:23:52,907|[TRACE] graph - <------- nonSkippedSpace
2021-11-19T10:23:52,907|[TRACE] graph - <----- statementPart
2021-11-19T10:23:52,907|[TRACE] graph - -----> statementPart
2021-11-19T10:23:52,907|[TRACE] graph - -------> quotedString
2021-11-19T10:23:52,907|[TRACE] script - #out(``bloodbank``) [token]
2021-11-19T10:23:52,907|[TRACE] graph - <------- quotedString
2021-11-19T10:23:52,907|[TRACE] graph - <----- statementPart
2021-11-19T10:23:52,907|[TRACE] graph - -----> statementPart
2021-11-19T10:23:52,907|[TRACE] graph - -------> nonSkippedSpace
2021-11-19T10:23:52,907|[TRACE] script - #out(` `) [token]
2021-11-19T10:23:52,907|[TRACE] graph - <------- nonSkippedSpace
2021-11-19T10:23:52,907|[TRACE] graph - <----- statementPart
2021-11-19T10:23:52,907|[DEBUG] graph - Import statement : USE `bloodbank`
2021-11-19T10:23:52,907|[TRACE] graph - <--- statement
2021-11-19T10:23:52,907|[TRACE] graph - ---> blankSpacesToSkip
2021-11-19T10:23:52,907|[TRACE] graph - -----> newLineToSkip
2021-11-19T10:23:52,907|[TRACE] graph - <----- newLineToSkip
2021-11-19T10:23:52,907|[TRACE] graph - -----> newLineToSkip
2021-11-19T10:23:52,907|[TRACE] graph - <----- newLineToSkip
2021-11-19T10:23:52,907|[TRACE] graph - -----> newLineToSkip
2021-11-19T10:23:52,907|[TRACE] graph - <----- newLineToSkip
2021-11-19T10:23:52,907|[TRACE] graph - -----> newLineToSkip
2021-11-19T10:23:52,907|[TRACE] graph - <----- newLineToSkip
2021-11-19T10:23:52,907|[TRACE] graph - -----> newLineToSkip
2021-11-19T10:23:52,907|[TRACE] graph - <----- newLineToSkip
2021-11-19T10:23:52,907|[TRACE] graph - <--- blankSpacesToSkip
2021-11-19T10:23:52,907|[TRACE] graph - ---> statement
2021-11-19T10:23:52,907|[TRACE] graph - -----> statementFirstPart
2021-11-19T10:23:52,907|[TRACE] graph - -------> nonSkippedChar
2021-11-19T10:23:52,907|[TRACE] script - #out(`C`) [token]
2021-11-19T10:23:52,907|[TRACE] graph - <------- nonSkippedChar
2021-11-19T10:23:52,907|[TRACE] graph - <----- statementFirstPart
2021-11-19T10:23:52,907|[TRACE] graph - -----> statementPart
2021-11-19T10:23:52,907|[TRACE] graph - -------> nonSkippedChar
2021-11-19T10:23:52,907|[TRACE] script - #out(`R`) [token]
2021-11-19T10:23:52,907|[TRACE] graph - <------- nonSkippedChar
2021-11-19T10:23:52,907|[TRACE] graph - <----- statementPart
2021-11-19T10:23:52,907|[TRACE] graph - -----> statementPart
2021-11-19T10:23:52,907|[TRACE] graph - -------> nonSkippedChar
2021-11-19T10:23:52,907|[TRACE] script - #out(`E`) [token]
2021-11-19T10:23:52,907|[TRACE] graph - <------- nonSkippedChar
2021-11-19T10:23:52,907|[TRACE] graph - <----- statementPart
2021-11-19T10:23:52,907|[TRACE] graph - -----> statementPart
2021-11-19T10:23:52,907|[TRACE] graph - -------> nonSkippedChar
2021-11-19T10:23:52,907|[TRACE] script - #out(`A`) [token]
2021-11-19T10:23:52,907|[TRACE] graph - <------- nonSkippedChar
2021-11-19T10:23:52,907|[TRACE] graph - <----- statementPart
2021-11-19T10:23:52,907|[TRACE] graph - -----> statementPart
2021-11-19T10:23:52,907|[TRACE] graph - -------> nonSkippedChar
2021-11-19T10:23:52,907|[TRACE] script - #out(`T`) [token]
2021-11-19T10:23:52,907|[TRACE] graph - <------- nonSkippedChar
2021-11-19T10:23:52,907|[TRACE] graph - <----- statementPart
2021-11-19T10:23:52,907|[TRACE] graph - -----> statementPart
2021-11-19T10:23:52,907|[TRACE] graph - -------> nonSkippedChar
2021-11-19T10:23:52,907|[TRACE] script - #out(`E`) [token]
2021-11-19T10:23:52,907|[TRACE] graph - <------- nonSkippedChar
2021-11-19T10:23:52,907|[TRACE] graph - <----- statementPart
2021-11-19T10:23:52,907|[TRACE] graph - -----> statementPart
2021-11-19T10:23:52,907|[TRACE] graph - -------> nonSkippedSpace
2021-11-19T10:23:52,907|[TRACE] script - #out(` `) [token]
2021-11-19T10:23:52,907|[TRACE] graph - <------- nonSkippedSpace
2021-11-19T10:23:52,907|[TRACE] graph - <----- statementPart
2021-11-19T10:23:52,907|[TRACE] graph - -----> statementPart
2021-11-19T10:23:52,907|[TRACE] graph - -------> nonSkippedChar
2021-11-19T10:23:52,907|[TRACE] script - #out(`T`) [token]
2021-11-19T10:23:52,907|[TRACE] graph - <------- nonSkippedChar
2021-11-19T10:23:52,907|[TRACE] graph - <----- statementPart
2021-11-19T10:23:52,907|[TRACE] graph - -----> statementPart
2021-11-19T10:23:52,907|[TRACE] graph - -------> nonSkippedChar
2021-11-19T10:23:52,907|[TRACE] script - #out(`A`) [token]
2021-11-19T10:23:52,907|[TRACE] graph - <------- nonSkippedChar
2021-11-19T10:23:52,907|[TRACE] graph - <----- statementPart
2021-11-19T10:23:52,907|[TRACE] graph - -----> statementPart
2021-11-19T10:23:52,907|[TRACE] graph - -------> nonSkippedChar
2021-11-19T10:23:52,907|[TRACE] script - #out(`B`) [token]
2021-11-19T10:23:52,907|[TRACE] graph - <------- nonSkippedChar
2021-11-19T10:23:52,907|[TRACE] graph - <----- statementPart
2021-11-19T10:23:52,907|[TRACE] graph - -----> statementPart
2021-11-19T10:23:52,907|[TRACE] graph - -------> nonSkippedChar
2021-11-19T10:23:52,907|[TRACE] script - #out(`L`) [token]
2021-11-19T10:23:52,907|[TRACE] graph - <------- nonSkippedChar
2021-11-19T10:23:52,907|[TRACE] graph - <----- statementPart
2021-11-19T10:23:52,907|[TRACE] graph - -----> statementPart
2021-11-19T10:23:52,907|[TRACE] graph - -------> nonSkippedChar
2021-11-19T10:23:52,907|[TRACE] script - #out(`E`) [token]
2021-11-19T10:23:52,907|[TRACE] graph - <------- nonSkippedChar
2021-11-19T10:23:52,907|[TRACE] graph - <----- statementPart
2021-11-19T10:23:52,907|[TRACE] graph - -----> statementPart
2021-11-19T10:23:52,907|[TRACE] graph - -------> nonSkippedSpace
2021-11-19T10:23:52,907|[TRACE] script - #out(` `) [token]
2021-11-19T10:23:52,907|[TRACE] graph - <------- nonSkippedSpace
2021-11-19T10:23:52,907|[TRACE] graph - <----- statementPart
2021-11-19T10:23:52,907|[TRACE] graph - -----> statementPart
2021-11-19T10:23:52,907|[TRACE] graph - -------> nonSkippedChar
2021-11-19T10:23:52,907|[TRACE] script - #out(`I`) [token]
2021-11-19T10:23:52,907|[TRACE] graph - <------- nonSkippedChar
2021-11-19T10:23:52,907|[TRACE] graph - <----- statementPart
2021-11-19T10:23:52,907|[TRACE] graph - -----> statementPart
2021-11-19T10:23:52,907|[TRACE] graph - -------> nonSkippedChar
2021-11-19T10:23:52,907|[TRACE] script - #out(`F`) [token]
2021-11-19T10:23:52,907|[TRACE] graph - <------- nonSkippedChar
2021-11-19T10:23:52,907|[TRACE] graph - <----- statementPart
2021-11-19T10:23:52,907|[TRACE] graph - -----> statementPart
2021-11-19T10:23:52,907|[TRACE] graph - -------> nonSkippedSpace
2021-11-19T10:23:52,907|[TRACE] script - #out(` `) [token]
2021-11-19T10:23:52,907|[TRACE] graph - <------- nonSkippedSpace
2021-11-19T10:23:52,907|[TRACE] graph - <----- statementPart
2021-11-19T10:23:52,907|[TRACE] graph - -----> statementPart
2021-11-19T10:23:52,907|[TRACE] graph - -------> nonSkippedChar
2021-11-19T10:23:52,907|[TRACE] script - #out(`N`) [token]
2021-11-19T10:23:52,907|[TRACE] graph - <------- nonSkippedChar
2021-11-19T10:23:52,907|[TRACE] graph - <----- statementPart
2021-11-19T10:23:52,907|[TRACE] graph - -----> statementPart
2021-11-19T10:23:52,907|[TRACE] graph - -------> nonSkippedChar
2021-11-19T10:23:52,907|[TRACE] script - #out(`O`) [token]
2021-11-19T10:23:52,907|[TRACE] graph - <------- nonSkippedChar
2021-11-19T10:23:52,907|[TRACE] graph - <----- statementPart
2021-11-19T10:23:52,907|[TRACE] graph - -----> statementPart
2021-11-19T10:23:52,907|[TRACE] graph - -------> nonSkippedChar
2021-11-19T10:23:52,907|[TRACE] script - #out(`T`) [token]
2021-11-19T10:23:52,907|[TRACE] graph - <------- nonSkippedChar
2021-11-19T10:23:52,907|[TRACE] graph - <----- statementPart
2021-11-19T10:23:52,907|[TRACE] graph - -----> statementPart
2021-11-19T10:23:52,907|[TRACE] graph - -------> nonSkippedSpace
2021-11-19T10:23:52,907|[TRACE] script - #out(` `) [token]
2021-11-19T10:23:52,907|[TRACE] graph - <------- nonSkippedSpace
2021-11-19T10:23:52,907|[TRACE] graph - <----- statementPart
2021-11-19T10:23:52,907|[TRACE] graph - -----> statementPart
2021-11-19T10:23:52,907|[TRACE] graph - -------> nonSkippedChar
2021-11-19T10:23:52,907|[TRACE] script - #out(`E`) [token]
2021-11-19T10:23:52,907|[TRACE] graph - <------- nonSkippedChar
2021-11-19T10:23:52,907|[TRACE] graph - <----- statementPart
2021-11-19T10:23:52,907|[TRACE] graph - -----> statementPart
2021-11-19T10:23:52,907|[TRACE] graph - -------> nonSkippedChar
2021-11-19T10:23:52,907|[TRACE] script - #out(`X`) [token]
2021-11-19T10:23:52,907|[TRACE] graph - <------- nonSkippedChar
2021-11-19T10:23:52,907|[TRACE] graph - <----- statementPart
2021-11-19T10:23:52,907|[TRACE] graph - -----> statementPart
2021-11-19T10:23:52,907|[TRACE] graph - -------> nonSkippedChar
2021-11-19T10:23:52,907|[TRACE] script - #out(`I`) [token]
2021-11-19T10:23:52,907|[TRACE] graph - <------- nonSkippedChar
2021-11-19T10:23:52,907|[TRACE] graph - <----- statementPart
2021-11-19T10:23:52,907|[TRACE] graph - -----> statementPart
2021-11-19T10:23:52,907|[TRACE] graph - -------> nonSkippedChar
2021-11-19T10:23:52,907|[TRACE] script - #out(`S`) [token]
2021-11-19T10:23:52,907|[TRACE] graph - <------- nonSkippedChar
2021-11-19T10:23:52,907|[TRACE] graph - <----- statementPart
2021-11-19T10:23:52,907|[TRACE] graph - -----> statementPart
2021-11-19T10:23:52,907|[TRACE] graph - -------> nonSkippedChar
2021-11-19T10:23:52,907|[TRACE] script - #out(`T`) [token]
2021-11-19T10:23:52,907|[TRACE] graph - <------- nonSkippedChar
2021-11-19T10:23:52,907|[TRACE] graph - <----- statementPart
2021-11-19T10:23:52,907|[TRACE] graph - -----> statementPart
2021-11-19T10:23:52,907|[TRACE] graph - -------> nonSkippedChar
2021-11-19T10:23:52,907|[TRACE] script - #out(`S`) [token]
2021-11-19T10:23:52,907|[TRACE] graph - <------- nonSkippedChar
2021-11-19T10:23:52,907|[TRACE] graph - <----- statementPart
2021-11-19T10:23:52,907|[TRACE] graph - -----> statementPart
2021-11-19T10:23:52,907|[TRACE] graph - -------> nonSkippedSpace
2021-11-19T10:23:52,907|[TRACE] script - #out(` `) [token]
2021-11-19T10:23:52,907|[TRACE] graph - <------- nonSkippedSpace
2021-11-19T10:23:52,907|[TRACE] graph - <----- statementPart
2021-11-19T10:23:52,907|[TRACE] graph - -----> statementPart
2021-11-19T10:23:52,907|[TRACE] graph - -------> quotedString
2021-11-19T10:23:52,907|[TRACE] script - #out(``bloodbank``) [token]
2021-11-19T10:23:52,907|[TRACE] graph - <------- quotedString
2021-11-19T10:23:52,907|[TRACE] graph - <----- statementPart
2021-11-19T10:23:52,907|[TRACE] graph - -----> statementPart
2021-11-19T10:23:52,907|[TRACE] graph - -------> nonSkippedChar
2021-11-19T10:23:52,907|[TRACE] script - #out(`.`) [token]
2021-11-19T10:23:52,907|[TRACE] graph - <------- nonSkippedChar
2021-11-19T10:23:52,907|[TRACE] graph - <----- statementPart
2021-11-19T10:23:52,907|[TRACE] graph - -----> statementPart
2021-11-19T10:23:52,907|[TRACE] graph - -------> quotedString
2021-11-19T10:23:52,907|[TRACE] script - #out(``person``) [token]
2021-11-19T10:23:52,907|[TRACE] graph - <------- quotedString
2021-11-19T10:23:52,907|[TRACE] graph - <----- statementPart
2021-11-19T10:23:52,907|[TRACE] graph - -----> statementPart
2021-11-19T10:23:52,907|[TRACE] graph - -------> nonSkippedSpace
2021-11-19T10:23:52,907|[TRACE] script - #out(` `) [token]
2021-11-19T10:23:52,907|[TRACE] graph - <------- nonSkippedSpace
2021-11-19T10:23:52,907|[TRACE] graph - <----- statementPart
2021-11-19T10:23:52,907|[TRACE] graph - -----> statementPart
2021-11-19T10:23:52,907|[TRACE] graph - -------> nonSkippedChar
2021-11-19T10:23:52,907|[TRACE] script - #out(`(`) [token]
2021-11-19T10:23:52,907|[TRACE] graph - <------- nonSkippedChar
2021-11-19T10:23:52,907|[TRACE] graph - <----- statementPart
2021-11-19T10:23:52,907|[TRACE] graph - -----> afterStatementPartNewline
2021-11-19T10:23:52,907|[TRACE] script - #out(` `) [text]
2021-11-19T10:23:52,907|[TRACE] graph - <----- afterStatementPartNewline
2021-11-19T10:23:52,907|[TRACE] graph - -----> statementPart
2021-11-19T10:23:52,907|[TRACE] graph - -------> nonSkippedSpace
2021-11-19T10:23:52,907|[TRACE] script - #out(` `) [token]
2021-11-19T10:23:52,907|[TRACE] graph - <------- nonSkippedSpace
2021-11-19T10:23:52,907|[TRACE] graph - <----- statementPart
2021-11-19T10:23:52,907|[TRACE] graph - -----> statementPart
2021-11-19T10:23:52,907|[TRACE] graph - -------> nonSkippedSpace
2021-11-19T10:23:52,907|[TRACE] script - #out(` `) [token]
2021-11-19T10:23:52,907|[TRACE] graph - <------- nonSkippedSpace
2021-11-19T10:23:52,907|[TRACE] graph - <----- statementPart
2021-11-19T10:23:52,907|[TRACE] graph - -----> statementPart
2021-11-19T10:23:52,908|[TRACE] graph - -------> quotedString
2021-11-19T10:23:52,908|[TRACE] script - #out(``id``) [token]
2021-11-19T10:23:52,908|[TRACE] graph - <------- quotedString
2021-11-19T10:23:52,908|[TRACE] graph - <----- statementPart
2021-11-19T10:23:52,908|[TRACE] graph - -----> statementPart
2021-11-19T10:23:52,908|[TRACE] graph - -------> nonSkippedSpace
2021-11-19T10:23:52,908|[TRACE] script - #out(` `) [token]
2021-11-19T10:23:52,908|[TRACE] graph - <------- nonSkippedSpace
2021-11-19T10:23:52,908|[TRACE] graph - <----- statementPart
2021-11-19T10:23:52,908|[TRACE] graph - -----> statementPart
2021-11-19T10:23:52,908|[TRACE] graph - -------> nonSkippedChar
2021-11-19T10:23:52,908|[TRACE] script - #out(`I`) [token]
2021-11-19T10:23:52,908|[TRACE] graph - <------- nonSkippedChar
2021-11-19T10:23:52,908|[TRACE] graph - <----- statementPart
2021-11-19T10:23:52,908|[TRACE] graph - -----> statementPart
2021-11-19T10:23:52,908|[TRACE] graph - -------> nonSkippedChar
2021-11-19T10:23:52,908|[TRACE] script - #out(`N`) [token]
2021-11-19T10:23:52,908|[TRACE] graph - <------- nonSkippedChar
2021-11-19T10:23:52,963|[TRACE] graph - <----- statementPart
2021-11-19T10:23:52,963|[TRACE] graph - -----> statementPart
2021-11-19T10:23:52,963|[TRACE] graph - -------> nonSkippedChar
2021-11-19T10:23:52,963|[TRACE] script - #out(`T`) [token]
2021-11-19T10:23:52,963|[TRACE] graph - <------- nonSkippedChar
2021-11-19T10:23:52,963|[TRACE] graph - <----- statementPart
2021-11-19T10:23:52,963|[TRACE] graph - -----> statementPart
2021-11-19T10:23:52,963|[TRACE] graph - -------> nonSkippedSpace
2021-11-19T10:23:52,963|[TRACE] script - #out(` `) [token]
2021-11-19T10:23:52,963|[TRACE] graph - <------- nonSkippedSpace
2021-11-19T10:23:52,964|[TRACE] graph - <----- statementPart
2021-11-19T10:23:52,964|[TRACE] graph - -----> statementPart
2021-11-19T10:23:52,964|[TRACE] graph - -------> nonSkippedChar
2021-11-19T10:23:52,964|[TRACE] script - #out(`N`) [token]
2021-11-19T10:23:52,964|[TRACE] graph - <------- nonSkippedChar
2021-11-19T10:23:52,964|[TRACE] graph - <----- statementPart
2021-11-19T10:23:52,964|[TRACE] graph - -----> statementPart
2021-11-19T10:23:52,964|[TRACE] graph - -------> nonSkippedChar
2021-11-19T10:23:52,964|[TRACE] script - #out(`O`) [token]
2021-11-19T10:23:52,964|[TRACE] graph - <------- nonSkippedChar
2021-11-19T10:23:52,964|[TRACE] graph - <----- statementPart
2021-11-19T10:23:52,964|[TRACE] graph - -----> statementPart
2021-11-19T10:23:52,964|[TRACE] graph - -------> nonSkippedChar
2021-11-19T10:23:52,964|[TRACE] script - #out(`T`) [token]
2021-11-19T10:23:52,964|[TRACE] graph - <------- nonSkippedChar
2021-11-19T10:23:52,964|[TRACE] graph - <----- statementPart
2021-11-19T10:23:52,964|[TRACE] graph - -----> statementPart
2021-11-19T10:23:52,964|[TRACE] graph - -------> nonSkippedSpace
2021-11-19T10:23:52,964|[TRACE] script - #out(` `) [token]
2021-11-19T10:23:52,964|[TRACE] graph - <------- nonSkippedSpace
2021-11-19T10:23:52,964|[TRACE] graph - <----- statementPart
2021-11-19T10:23:52,964|[TRACE] graph - -----> statementPart
2021-11-19T10:23:52,964|[TRACE] graph - -------> nonSkippedChar
2021-11-19T10:23:52,964|[TRACE] script - #out(`N`) [token]
2021-11-19T10:23:52,964|[TRACE] graph - <------- nonSkippedChar
2021-11-19T10:23:52,964|[TRACE] graph - <----- statementPart
2021-11-19T10:23:52,964|[TRACE] graph - -----> statementPart
2021-11-19T10:23:52,964|[TRACE] graph - -------> nonSkippedChar
2021-11-19T10:23:52,964|[TRACE] script - #out(`U`) [token]
2021-11-19T10:23:52,964|[TRACE] graph - <------- nonSkippedChar
2021-11-19T10:23:52,964|[TRACE] graph - <----- statementPart
2021-11-19T10:23:52,964|[TRACE] graph - -----> statementPart
2021-11-19T10:23:52,964|[TRACE] graph - -------> nonSkippedChar
2021-11-19T10:23:52,964|[TRACE] script - #out(`L`) [token]
2021-11-19T10:23:52,964|[TRACE] graph - <------- nonSkippedChar
2021-11-19T10:23:52,964|[TRACE] graph - <----- statementPart
2021-11-19T10:23:52,964|[TRACE] graph - -----> statementPart
2021-11-19T10:23:52,964|[TRACE] graph - -------> nonSkippedChar
2021-11-19T10:23:52,964|[TRACE] script - #out(`L`) [token]
2021-11-19T10:23:52,964|[TRACE] graph - <------- nonSkippedChar
2021-11-19T10:23:52,964|[TRACE] graph - <----- statementPart
2021-11-19T10:23:52,964|[TRACE] graph - -----> statementPart
2021-11-19T10:23:52,964|[TRACE] graph - -------> nonSkippedSpace
2021-11-19T10:23:52,964|[TRACE] script - #out(` `) [token]
2021-11-19T10:23:52,964|[TRACE] graph - <------- nonSkippedSpace
2021-11-19T10:23:52,964|[TRACE] graph - <----- statementPart
2021-11-19T10:23:52,964|[TRACE] graph - -----> statementPart
2021-11-19T10:23:52,964|[TRACE] graph - -------> nonSkippedChar
2021-11-19T10:23:52,964|[TRACE] script - #out(`A`) [token]
2021-11-19T10:23:52,964|[TRACE] graph - <------- nonSkippedChar
2021-11-19T10:23:52,964|[TRACE] graph - <----- statementPart
2021-11-19T10:23:52,964|[TRACE] graph - -----> statementPart
2021-11-19T10:23:52,964|[TRACE] graph - -------> nonSkippedChar
2021-11-19T10:23:52,964|[TRACE] script - #out(`U`) [token]
2021-11-19T10:23:52,964|[TRACE] graph - <------- nonSkippedChar
2021-11-19T10:23:52,964|[TRACE] graph - <----- statementPart
2021-11-19T10:23:52,964|[TRACE] graph - -----> statementPart
2021-11-19T10:23:52,964|[TRACE] graph - -------> nonSkippedChar
2021-11-19T10:23:52,964|[TRACE] script - #out(`T`) [token]
2021-11-19T10:23:52,964|[TRACE] graph - <------- nonSkippedChar
2021-11-19T10:23:52,964|[TRACE] graph - <----- statementPart
2021-11-19T10:23:52,964|[TRACE] graph - -----> statementPart
2021-11-19T10:23:52,964|[TRACE] graph - -------> nonSkippedChar
2021-11-19T10:23:52,964|[TRACE] script - #out(`O`) [token]
2021-11-19T10:23:52,964|[TRACE] graph - <------- nonSkippedChar
2021-11-19T10:23:52,964|[TRACE] graph - <----- statementPart
2021-11-19T10:23:52,964|[TRACE] graph - -----> statementPart
2021-11-19T10:23:52,964|[TRACE] graph - -------> nonSkippedChar
2021-11-19T10:23:52,964|[TRACE] script - #out(`_`) [token]
2021-11-19T10:23:52,964|[TRACE] graph - <------- nonSkippedChar
2021-11-19T10:23:52,964|[TRACE] graph - <----- statementPart
2021-11-19T10:23:52,964|[TRACE] graph - -----> statementPart
2021-11-19T10:23:52,964|[TRACE] graph - -------> nonSkippedChar
2021-11-19T10:23:52,964|[TRACE] script - #out(`I`) [token]
2021-11-19T10:23:52,964|[TRACE] graph - <------- nonSkippedChar
2021-11-19T10:23:52,964|[TRACE] graph - <----- statementPart
2021-11-19T10:23:52,964|[TRACE] graph - -----> statementPart
2021-11-19T10:23:52,964|[TRACE] graph - -------> nonSkippedChar
2021-11-19T10:23:52,964|[TRACE] script - #out(`N`) [token]
2021-11-19T10:23:52,964|[TRACE] graph - <------- nonSkippedChar
2021-11-19T10:23:52,964|[TRACE] graph - <----- statementPart
2021-11-19T10:23:52,964|[TRACE] graph - -----> statementPart
2021-11-19T10:23:52,964|[TRACE] graph - -------> nonSkippedChar
2021-11-19T10:23:52,964|[TRACE] script - #out(`C`) [token]
2021-11-19T10:23:52,964|[TRACE] graph - <------- nonSkippedChar
2021-11-19T10:23:52,964|[TRACE] graph - <----- statementPart
2021-11-19T10:23:52,964|[TRACE] graph - -----> statementPart
2021-11-19T10:23:52,964|[TRACE] graph - -------> nonSkippedChar
2021-11-19T10:23:52,964|[TRACE] script - #out(`R`) [token]
2021-11-19T10:23:52,964|[TRACE] graph - <------- nonSkippedChar
2021-11-19T10:23:52,964|[TRACE] graph - <----- statementPart
2021-11-19T10:23:52,964|[TRACE] graph - -----> statementPart
2021-11-19T10:23:52,964|[TRACE] graph - -------> nonSkippedChar
2021-11-19T10:23:52,964|[TRACE] script - #out(`E`) [token]
2021-11-19T10:23:52,964|[TRACE] graph - <------- nonSkippedChar
2021-11-19T10:23:52,964|[TRACE] graph - <----- statementPart
2021-11-19T10:23:52,964|[TRACE] graph - -----> statementPart
2021-11-19T10:23:52,964|[TRACE] graph - -------> nonSkippedChar
2021-11-19T10:23:52,964|[TRACE] script - #out(`M`) [token]
2021-11-19T10:23:52,964|[TRACE] graph - <------- nonSkippedChar
2021-11-19T10:23:52,964|[TRACE] graph - <----- statementPart
2021-11-19T10:23:52,964|[TRACE] graph - -----> statementPart
2021-11-19T10:23:52,964|[TRACE] graph - -------> nonSkippedChar
2021-11-19T10:23:52,964|[TRACE] script - #out(`E`) [token]
2021-11-19T10:23:52,964|[TRACE] graph - <------- nonSkippedChar
2021-11-19T10:23:52,964|[TRACE] graph - <----- statementPart
2021-11-19T10:23:52,964|[TRACE] graph - -----> statementPart
2021-11-19T10:23:52,964|[TRACE] graph - -------> nonSkippedChar
2021-11-19T10:23:52,964|[TRACE] script - #out(`N`) [token]
2021-11-19T10:23:52,964|[TRACE] graph - <------- nonSkippedChar
2021-11-19T10:23:52,964|[TRACE] graph - <----- statementPart
2021-11-19T10:23:52,964|[TRACE] graph - -----> statementPart
2021-11-19T10:23:52,964|[TRACE] graph - -------> nonSkippedChar
2021-11-19T10:23:52,964|[TRACE] script - #out(`T`) [token]
2021-11-19T10:23:52,964|[TRACE] graph - <------- nonSkippedChar
2021-11-19T10:23:52,964|[TRACE] graph - <----- statementPart
2021-11-19T10:23:52,964|[TRACE] graph - -----> statementPart
2021-11-19T10:23:52,964|[TRACE] graph - -------> nonSkippedChar
2021-11-19T10:23:52,964|[TRACE] script - #out(`,`) [token]
2021-11-19T10:23:52,964|[TRACE] graph - <------- nonSkippedChar
2021-11-19T10:23:52,964|[TRACE] graph - <----- statementPart
2021-11-19T10:23:52,964|[TRACE] graph - -----> afterStatementPartNewline
2021-11-19T10:23:52,964|[TRACE] script - #out(` `) [text]
2021-11-19T10:23:52,964|[TRACE] graph - <----- afterStatementPartNewline
2021-11-19T10:23:52,964|[TRACE] graph - -----> statementPart
2021-11-19T10:23:52,964|[TRACE] graph - -------> nonSkippedSpace
2021-11-19T10:23:52,964|[TRACE] script - #out(` `) [token]
2021-11-19T10:23:52,964|[TRACE] graph - <------- nonSkippedSpace
2021-11-19T10:23:52,964|[TRACE] graph - <----- statementPart
2021-11-19T10:23:52,964|[TRACE] graph - -----> statementPart
2021-11-19T10:23:52,964|[TRACE] graph - -------> nonSkippedSpace
2021-11-19T10:23:52,964|[TRACE] script - #out(` `) [token]
2021-11-19T10:23:52,964|[TRACE] graph - <------- nonSkippedSpace
2021-11-19T10:23:52,964|[TRACE] graph - <----- statementPart
2021-11-19T10:23:52,964|[TRACE] graph - -----> statementPart
2021-11-19T10:23:52,964|[TRACE] graph - -------> quotedString
2021-11-19T10:23:52,964|[TRACE] script - #out(``first_name``) [token]
2021-11-19T10:23:52,964|[TRACE] graph - <------- quotedString
2021-11-19T10:23:52,964|[TRACE] graph - <----- statementPart
2021-11-19T10:23:52,964|[TRACE] graph - -----> statementPart
2021-11-19T10:23:52,964|[TRACE] graph - -------> nonSkippedSpace
2021-11-19T10:23:52,964|[TRACE] script - #out(` `) [token]
2021-11-19T10:23:52,964|[TRACE] graph - <------- nonSkippedSpace
2021-11-19T10:23:52,964|[TRACE] graph - <----- statementPart
2021-11-19T10:23:52,964|[TRACE] graph - -----> statementPart
2021-11-19T10:23:52,964|[TRACE] graph - -------> nonSkippedChar
2021-11-19T10:23:52,964|[TRACE] script - #out(`V`) [token]
2021-11-19T10:23:52,964|[TRACE] graph - <------- nonSkippedChar
2021-11-19T10:23:52,964|[TRACE] graph - <----- statementPart
2021-11-19T10:23:52,964|[TRACE] graph - -----> statementPart
2021-11-19T10:23:52,964|[TRACE] graph - -------> nonSkippedChar
2021-11-19T10:23:52,964|[TRACE] script - #out(`A`) [token]
2021-11-19T10:23:52,964|[TRACE] graph - <------- nonSkippedChar
2021-11-19T10:23:52,964|[TRACE] graph - <----- statementPart
2021-11-19T10:23:52,964|[TRACE] graph - -----> statementPart
2021-11-19T10:23:52,964|[TRACE] graph - -------> nonSkippedChar
2021-11-19T10:23:52,964|[TRACE] script - #out(`R`) [token]
2021-11-19T10:23:52,964|[TRACE] graph - <------- nonSkippedChar
2021-11-19T10:23:52,964|[TRACE] graph - <----- statementPart
2021-11-19T10:23:52,964|[TRACE] graph - -----> statementPart
2021-11-19T10:23:52,964|[TRACE] graph - -------> nonSkippedChar
2021-11-19T10:23:52,964|[TRACE] script - #out(`C`) [token]
2021-11-19T10:23:52,964|[TRACE] graph - <------- nonSkippedChar
2021-11-19T10:23:52,964|[TRACE] graph - <----- statementPart
2021-11-19T10:23:52,964|[TRACE] graph - -----> statementPart
2021-11-19T10:23:52,964|[TRACE] graph - -------> nonSkippedChar
2021-11-19T10:23:52,964|[TRACE] script - #out(`H`) [token]
2021-11-19T10:23:52,964|[TRACE] graph - <------- nonSkippedChar
2021-11-19T10:23:52,964|[TRACE] graph - <----- statementPart
2021-11-19T10:23:52,964|[TRACE] graph - -----> statementPart
2021-11-19T10:23:52,964|[TRACE] graph - -------> nonSkippedChar
2021-11-19T10:23:52,964|[TRACE] script - #out(`A`) [token]
2021-11-19T10:23:52,964|[TRACE] graph - <------- nonSkippedChar
2021-11-19T10:23:52,964|[TRACE] graph - <----- statementPart
2021-11-19T10:23:52,964|[TRACE] graph - -----> statementPart
2021-11-19T10:23:52,964|[TRACE] graph - -------> nonSkippedChar
2021-11-19T10:23:52,964|[TRACE] script - #out(`R`) [token]
2021-11-19T10:23:52,964|[TRACE] graph - <------- nonSkippedChar
2021-11-19T10:23:52,964|[TRACE] graph - <----- statementPart
2021-11-19T10:23:52,964|[TRACE] graph - -----> statementPart
2021-11-19T10:23:52,964|[TRACE] graph - -------> nonSkippedChar
2021-11-19T10:23:52,964|[TRACE] script - #out(`(`) [token]
2021-11-19T10:23:52,964|[TRACE] graph - <------- nonSkippedChar
2021-11-19T10:23:52,964|[TRACE] graph - <----- statementPart
2021-11-19T10:23:52,964|[TRACE] graph - -----> statementPart
2021-11-19T10:23:52,964|[TRACE] graph - -------> nonSkippedChar
2021-11-19T10:23:52,964|[TRACE] script - #out(`5`) [token]
2021-11-19T10:23:52,964|[TRACE] graph - <------- nonSkippedChar
2021-11-19T10:23:52,964|[TRACE] graph - <----- statementPart
2021-11-19T10:23:52,964|[TRACE] graph - -----> statementPart
2021-11-19T10:23:52,964|[TRACE] graph - -------> nonSkippedChar
2021-11-19T10:23:52,964|[TRACE] script - #out(`0`) [token]
2021-11-19T10:23:52,964|[TRACE] graph - <------- nonSkippedChar
2021-11-19T10:23:52,964|[TRACE] graph - <----- statementPart
2021-11-19T10:23:52,964|[TRACE] graph - -----> statementPart
2021-11-19T10:23:52,964|[TRACE] graph - -------> nonSkippedChar
2021-11-19T10:23:52,964|[TRACE] script - #out(`)`) [token]
2021-11-19T10:23:52,964|[TRACE] graph - <------- nonSkippedChar
2021-11-19T10:23:52,964|[TRACE] graph - <----- statementPart
2021-11-19T10:23:52,964|[TRACE] graph - -----> statementPart
2021-11-19T10:23:52,964|[TRACE] graph - -------> nonSkippedSpace
2021-11-19T10:23:52,964|[TRACE] script - #out(` `) [token]
2021-11-19T10:23:52,964|[TRACE] graph - <------- nonSkippedSpace
2021-11-19T10:23:52,964|[TRACE] graph - <----- statementPart
2021-11-19T10:23:52,964|[TRACE] graph - -----> statementPart
2021-11-19T10:23:52,964|[TRACE] graph - -------> nonSkippedChar
2021-11-19T10:23:52,964|[TRACE] script - #out(`N`) [token]
2021-11-19T10:23:52,964|[TRACE] graph - <------- nonSkippedChar
2021-11-19T10:23:52,964|[TRACE] graph - <----- statementPart
2021-11-19T10:23:52,964|[TRACE] graph - -----> statementPart
2021-11-19T10:23:52,964|[TRACE] graph - -------> nonSkippedChar
2021-11-19T10:23:52,964|[TRACE] script - #out(`O`) [token]
2021-11-19T10:23:52,964|[TRACE] graph - <------- nonSkippedChar
2021-11-19T10:23:52,964|[TRACE] graph - <----- statementPart
2021-11-19T10:23:52,964|[TRACE] graph - -----> statementPart
2021-11-19T10:23:52,964|[TRACE] graph - -------> nonSkippedChar
2021-11-19T10:23:52,964|[TRACE] script - #out(`T`) [token]
2021-11-19T10:23:52,964|[TRACE] graph - <------- nonSkippedChar
2021-11-19T10:23:52,964|[TRACE] graph - <----- statementPart
2021-11-19T10:23:52,964|[TRACE] graph - -----> statementPart
2021-11-19T10:23:52,964|[TRACE] graph - -------> nonSkippedSpace
2021-11-19T10:23:52,964|[TRACE] script - #out(` `) [token]
2021-11-19T10:23:52,964|[TRACE] graph - <------- nonSkippedSpace
2021-11-19T10:23:52,964|[TRACE] graph - <----- statementPart
2021-11-19T10:23:52,964|[TRACE] graph - -----> statementPart
2021-11-19T10:23:52,964|[TRACE] graph - -------> nonSkippedChar
2021-11-19T10:23:52,964|[TRACE] script - #out(`N`) [token]
2021-11-19T10:23:52,964|[TRACE] graph - <------- nonSkippedChar
2021-11-19T10:23:52,964|[TRACE] graph - <----- statementPart
2021-11-19T10:23:52,964|[TRACE] graph - -----> statementPart
2021-11-19T10:23:52,964|[TRACE] graph - -------> nonSkippedChar
2021-11-19T10:23:52,964|[TRACE] script - #out(`U`) [token]
2021-11-19T10:23:52,964|[TRACE] graph - <------- nonSkippedChar
2021-11-19T10:23:52,964|[TRACE] graph - <----- statementPart
2021-11-19T10:23:52,964|[TRACE] graph - -----> statementPart
2021-11-19T10:23:52,964|[TRACE] graph - -------> nonSkippedChar
2021-11-19T10:23:52,964|[TRACE] script - #out(`L`) [token]
2021-11-19T10:23:52,964|[TRACE] graph - <------- nonSkippedChar
2021-11-19T10:23:52,964|[TRACE] graph - <----- statementPart
2021-11-19T10:23:52,964|[TRACE] graph - -----> statementPart
2021-11-19T10:23:52,964|[TRACE] graph - -------> nonSkippedChar
2021-11-19T10:23:52,964|[TRACE] script - #out(`L`) [token]
2021-11-19T10:23:52,964|[TRACE] graph - <------- nonSkippedChar
2021-11-19T10:23:52,964|[TRACE] graph - <----- statementPart
2021-11-19T10:23:52,964|[TRACE] graph - -----> statementPart
2021-11-19T10:23:52,964|[TRACE] graph - -------> nonSkippedChar
2021-11-19T10:23:52,964|[TRACE] script - #out(`,`) [token]
2021-11-19T10:23:52,964|[TRACE] graph - <------- nonSkippedChar
2021-11-19T10:23:52,964|[TRACE] graph - <----- statementPart
2021-11-19T10:23:52,964|[TRACE] graph - -----> afterStatementPartNewline
2021-11-19T10:23:52,964|[TRACE] script - #out(` `) [text]
2021-11-19T10:23:52,964|[TRACE] graph - <----- afterStatementPartNewline
2021-11-19T10:23:52,964|[TRACE] graph - -----> statementPart
2021-11-19T10:23:52,964|[TRACE] graph - -------> nonSkippedSpace
2021-11-19T10:23:52,964|[TRACE] script - #out(` `) [token]
2021-11-19T10:23:52,964|[TRACE] graph - <------- nonSkippedSpace
2021-11-19T10:23:52,964|[TRACE] graph - <----- statementPart
2021-11-19T10:23:52,964|[TRACE] graph - -----> statementPart
2021-11-19T10:23:52,964|[TRACE] graph - -------> nonSkippedSpace
2021-11-19T10:23:52,964|[TRACE] script - #out(` `) [token]
2021-11-19T10:23:52,964|[TRACE] graph - <------- nonSkippedSpace
2021-11-19T10:23:52,965|[TRACE] graph - <----- statementPart
2021-11-19T10:23:52,965|[TRACE] graph - -----> statementPart
2021-11-19T10:23:52,965|[TRACE] graph - -------> quotedString
2021-11-19T10:23:52,965|[TRACE] script - #out(``last_name``) [token]
2021-11-19T10:23:52,965|[TRACE] graph - <------- quotedString
2021-11-19T10:23:52,965|[TRACE] graph - <----- statementPart
2021-11-19T10:23:52,965|[TRACE] graph - -----> statementPart
2021-11-19T10:23:52,965|[TRACE] graph - -------> nonSkippedSpace
2021-11-19T10:23:52,965|[TRACE] script - #out(` `) [token]
2021-11-19T10:23:52,965|[TRACE] graph - <------- nonSkippedSpace
2021-11-19T10:23:52,965|[TRACE] graph - <----- statementPart
2021-11-19T10:23:52,965|[TRACE] graph - -----> statementPart
2021-11-19T10:23:52,965|[TRACE] graph - -------> nonSkippedChar
2021-11-19T10:23:52,965|[TRACE] script - #out(`V`) [token]
2021-11-19T10:23:52,965|[TRACE] graph - <------- nonSkippedChar
2021-11-19T10:23:52,965|[TRACE] graph - <----- statementPart
2021-11-19T10:23:52,965|[TRACE] graph - -----> statementPart
2021-11-19T10:23:52,965|[TRACE] graph - -------> nonSkippedChar
2021-11-19T10:23:52,965|[TRACE] script - #out(`A`) [token]
2021-11-19T10:23:52,965|[TRACE] graph - <------- nonSkippedChar
2021-11-19T10:23:52,965|[TRACE] graph - <----- statementPart
2021-11-19T10:23:52,965|[TRACE] graph - -----> statementPart
2021-11-19T10:23:52,965|[TRACE] graph - -------> nonSkippedChar
2021-11-19T10:23:52,965|[TRACE] script - #out(`R`) [token]
2021-11-19T10:23:52,965|[TRACE] graph - <------- nonSkippedChar
2021-11-19T10:23:52,965|[TRACE] graph - <----- statementPart
2021-11-19T10:23:52,965|[TRACE] graph - -----> statementPart
2021-11-19T10:23:52,965|[TRACE] graph - -------> nonSkippedChar
2021-11-19T10:23:52,965|[TRACE] script - #out(`C`) [token]
2021-11-19T10:23:52,965|[TRACE] graph - <------- nonSkippedChar
2021-11-19T10:23:52,965|[TRACE] graph - <----- statementPart
2021-11-19T10:23:52,965|[TRACE] graph - -----> statementPart
2021-11-19T10:23:52,965|[TRACE] graph - -------> nonSkippedChar
2021-11-19T10:23:52,965|[TRACE] script - #out(`H`) [token]
2021-11-19T10:23:52,965|[TRACE] graph - <------- nonSkippedChar
2021-11-19T10:23:52,965|[TRACE] graph - <----- statementPart
2021-11-19T10:23:52,965|[TRACE] graph - -----> statementPart
2021-11-19T10:23:52,965|[TRACE] graph - -------> nonSkippedChar
2021-11-19T10:23:52,965|[TRACE] script - #out(`A`) [token]
2021-11-19T10:23:52,965|[TRACE] graph - <------- nonSkippedChar
2021-11-19T10:23:52,965|[TRACE] graph - <----- statementPart
2021-11-19T10:23:52,965|[TRACE] graph - -----> statementPart
2021-11-19T10:23:52,965|[TRACE] graph - -------> nonSkippedChar
2021-11-19T10:23:52,965|[TRACE] script - #out(`R`) [token]
2021-11-19T10:23:52,965|[TRACE] graph - <------- nonSkippedChar
2021-11-19T10:23:52,965|[TRACE] graph - <----- statementPart
2021-11-19T10:23:52,965|[TRACE] graph - -----> statementPart
2021-11-19T10:23:52,965|[TRACE] graph - -------> nonSkippedChar
2021-11-19T10:23:52,965|[TRACE] script - #out(`(`) [token]
2021-11-19T10:23:52,965|[TRACE] graph - <------- nonSkippedChar
2021-11-19T10:23:52,965|[TRACE] graph - <----- statementPart
2021-11-19T10:23:52,965|[TRACE] graph - -----> statementPart
2021-11-19T10:23:52,965|[TRACE] graph - -------> nonSkippedChar
2021-11-19T10:23:52,965|[TRACE] script - #out(`5`) [token]
2021-11-19T10:23:52,965|[TRACE] graph - <------- nonSkippedChar
2021-11-19T10:23:52,965|[TRACE] graph - <----- statementPart
2021-11-19T10:23:52,965|[TRACE] graph - -----> statementPart
2021-11-19T10:23:52,965|[TRACE] graph - -------> nonSkippedChar
2021-11-19T10:23:52,965|[TRACE] script - #out(`0`) [token]
2021-11-19T10:23:52,965|[TRACE] graph - <------- nonSkippedChar
2021-11-19T10:23:52,965|[TRACE] graph - <----- statementPart
2021-11-19T10:23:52,965|[TRACE] graph - -----> statementPart
2021-11-19T10:23:52,965|[TRACE] graph - -------> nonSkippedChar
2021-11-19T10:23:52,965|[TRACE] script - #out(`)`) [token]
2021-11-19T10:23:52,965|[TRACE] graph - <------- nonSkippedChar
2021-11-19T10:23:52,965|[TRACE] graph - <----- statementPart
2021-11-19T10:23:52,965|[TRACE] graph - -----> statementPart
2021-11-19T10:23:52,965|[TRACE] graph - -------> nonSkippedSpace
2021-11-19T10:23:52,965|[TRACE] script - #out(` `) [token]
2021-11-19T10:23:52,965|[TRACE] graph - <------- nonSkippedSpace
2021-11-19T10:23:52,965|[TRACE] graph - <----- statementPart
2021-11-19T10:23:52,965|[TRACE] graph - -----> statementPart
2021-11-19T10:23:52,965|[TRACE] graph - -------> nonSkippedChar
2021-11-19T10:23:52,965|[TRACE] script - #out(`N`) [token]
2021-11-19T10:23:52,965|[TRACE] graph - <------- nonSkippedChar
2021-11-19T10:23:52,965|[TRACE] graph - <----- statementPart
2021-11-19T10:23:52,965|[TRACE] graph - -----> statementPart
2021-11-19T10:23:52,965|[TRACE] graph - -------> nonSkippedChar
2021-11-19T10:23:52,965|[TRACE] script - #out(`O`) [token]
2021-11-19T10:23:52,965|[TRACE] graph - <------- nonSkippedChar
2021-11-19T10:23:52,965|[TRACE] graph - <----- statementPart
2021-11-19T10:23:52,965|[TRACE] graph - -----> statementPart
2021-11-19T10:23:52,965|[TRACE] graph - -------> nonSkippedChar
2021-11-19T10:23:52,965|[TRACE] script - #out(`T`) [token]
2021-11-19T10:23:52,965|[TRACE] graph - <------- nonSkippedChar
2021-11-19T10:23:52,965|[TRACE] graph - <----- statementPart
2021-11-19T10:23:52,965|[TRACE] graph - -----> statementPart
2021-11-19T10:23:52,965|[TRACE] graph - -------> nonSkippedSpace
2021-11-19T10:23:52,965|[TRACE] script - #out(` `) [token]
2021-11-19T10:23:52,965|[TRACE] graph - <------- nonSkippedSpace
2021-11-19T10:23:52,965|[TRACE] graph - <----- statementPart
2021-11-19T10:23:52,965|[TRACE] graph - -----> statementPart
2021-11-19T10:23:52,965|[TRACE] graph - -------> nonSkippedChar
2021-11-19T10:23:52,965|[TRACE] script - #out(`N`) [token]
2021-11-19T10:23:52,965|[TRACE] graph - <------- nonSkippedChar
2021-11-19T10:23:52,965|[TRACE] graph - <----- statementPart
2021-11-19T10:23:52,965|[TRACE] graph - -----> statementPart
2021-11-19T10:23:52,965|[TRACE] graph - -------> nonSkippedChar
2021-11-19T10:23:52,965|[TRACE] script - #out(`U`) [token]
2021-11-19T10:23:52,965|[TRACE] graph - <------- nonSkippedChar
2021-11-19T10:23:52,965|[TRACE] graph - <----- statementPart
2021-11-19T10:23:52,965|[TRACE] graph - -----> statementPart
2021-11-19T10:23:52,965|[TRACE] graph - -------> nonSkippedChar
2021-11-19T10:23:52,965|[TRACE] script - #out(`L`) [token]
2021-11-19T10:23:52,965|[TRACE] graph - <------- nonSkippedChar
2021-11-19T10:23:52,965|[TRACE] graph - <----- statementPart
2021-11-19T10:23:52,965|[TRACE] graph - -----> statementPart
2021-11-19T10:23:52,965|[TRACE] graph - -------> nonSkippedChar
2021-11-19T10:23:52,965|[TRACE] script - #out(`L`) [token]
2021-11-19T10:23:52,965|[TRACE] graph - <------- nonSkippedChar
2021-11-19T10:23:52,965|[TRACE] graph - <----- statementPart
2021-11-19T10:23:52,965|[TRACE] graph - -----> statementPart
2021-11-19T10:23:52,965|[TRACE] graph - -------> nonSkippedChar
2021-11-19T10:23:52,965|[TRACE] script - #out(`,`) [token]
2021-11-19T10:23:52,965|[TRACE] graph - <------- nonSkippedChar
2021-11-19T10:23:52,965|[TRACE] graph - <----- statementPart
2021-11-19T10:23:52,965|[TRACE] graph - -----> afterStatementPartNewline
2021-11-19T10:23:52,965|[TRACE] script - #out(` `) [text]
2021-11-19T10:23:52,965|[TRACE] graph - <----- afterStatementPartNewline
2021-11-19T10:23:52,965|[TRACE] graph - -----> statementPart
2021-11-19T10:23:52,965|[TRACE] graph - -------> nonSkippedSpace
2021-11-19T10:23:52,965|[TRACE] script - #out(` `) [token]
2021-11-19T10:23:52,965|[TRACE] graph - <------- nonSkippedSpace
2021-11-19T10:23:52,965|[TRACE] graph - <----- statementPart
2021-11-19T10:23:52,965|[TRACE] graph - -----> statementPart
2021-11-19T10:23:52,965|[TRACE] graph - -------> nonSkippedSpace
2021-11-19T10:23:52,965|[TRACE] script - #out(` `) [token]
2021-11-19T10:23:52,965|[TRACE] graph - <------- nonSkippedSpace
2021-11-19T10:23:52,965|[TRACE] graph - <----- statementPart
2021-11-19T10:23:52,965|[TRACE] graph - -----> statementPart
2021-11-19T10:23:52,965|[TRACE] graph - -------> quotedString
2021-11-19T10:23:52,965|[TRACE] script - #out(``created``) [token]
2021-11-19T10:23:52,965|[TRACE] graph - <------- quotedString
2021-11-19T10:23:52,965|[TRACE] graph - <----- statementPart
2021-11-19T10:23:52,965|[TRACE] graph - -----> statementPart
2021-11-19T10:23:52,965|[TRACE] graph - -------> nonSkippedSpace
2021-11-19T10:23:52,965|[TRACE] script - #out(` `) [token]
2021-11-19T10:23:52,965|[TRACE] graph - <------- nonSkippedSpace
2021-11-19T10:23:52,965|[TRACE] graph - <----- statementPart
2021-11-19T10:23:52,965|[TRACE] graph - -----> statementPart
2021-11-19T10:23:52,965|[TRACE] graph - -------> nonSkippedChar
2021-11-19T10:23:52,965|[TRACE] script - #out(`B`) [token]
2021-11-19T10:23:52,965|[TRACE] graph - <------- nonSkippedChar
2021-11-19T10:23:52,965|[TRACE] graph - <----- statementPart
2021-11-19T10:23:52,965|[TRACE] graph - -----> statementPart
2021-11-19T10:23:52,965|[TRACE] graph - -------> nonSkippedChar
2021-11-19T10:23:52,965|[TRACE] script - #out(`I`) [token]
2021-11-19T10:23:52,965|[TRACE] graph - <------- nonSkippedChar
2021-11-19T10:23:52,965|[TRACE] graph - <----- statementPart
2021-11-19T10:23:52,965|[TRACE] graph - -----> statementPart
2021-11-19T10:23:52,965|[TRACE] graph - -------> nonSkippedChar
2021-11-19T10:23:52,965|[TRACE] script - #out(`G`) [token]
2021-11-19T10:23:52,965|[TRACE] graph - <------- nonSkippedChar
2021-11-19T10:23:52,965|[TRACE] graph - <----- statementPart
2021-11-19T10:23:52,965|[TRACE] graph - -----> statementPart
2021-11-19T10:23:52,965|[TRACE] graph - -------> nonSkippedChar
2021-11-19T10:23:52,965|[TRACE] script - #out(`I`) [token]
2021-11-19T10:23:52,965|[TRACE] graph - <------- nonSkippedChar
2021-11-19T10:23:52,965|[TRACE] graph - <----- statementPart
2021-11-19T10:23:52,965|[TRACE] graph - -----> statementPart
2021-11-19T10:23:52,965|[TRACE] graph - -------> nonSkippedChar
2021-11-19T10:23:52,965|[TRACE] script - #out(`N`) [token]
2021-11-19T10:23:52,965|[TRACE] graph - <------- nonSkippedChar
2021-11-19T10:23:52,965|[TRACE] graph - <----- statementPart
2021-11-19T10:23:52,965|[TRACE] graph - -----> statementPart
2021-11-19T10:23:52,965|[TRACE] graph - -------> nonSkippedChar
2021-11-19T10:23:52,965|[TRACE] script - #out(`T`) [token]
2021-11-19T10:23:52,965|[TRACE] graph - <------- nonSkippedChar
2021-11-19T10:23:52,965|[TRACE] graph - <----- statementPart
2021-11-19T10:23:52,965|[TRACE] graph - -----> statementPart
2021-11-19T10:23:52,965|[TRACE] graph - -------> nonSkippedSpace
2021-11-19T10:23:52,965|[TRACE] script - #out(` `) [token]
2021-11-19T10:23:52,965|[TRACE] graph - <------- nonSkippedSpace
2021-11-19T10:23:52,965|[TRACE] graph - <----- statementPart
2021-11-19T10:23:52,965|[TRACE] graph - -----> statementPart
2021-11-19T10:23:52,965|[TRACE] graph - -------> nonSkippedChar
2021-11-19T10:23:52,965|[TRACE] script - #out(`N`) [token]
2021-11-19T10:23:52,965|[TRACE] graph - <------- nonSkippedChar
2021-11-19T10:23:52,965|[TRACE] graph - <----- statementPart
2021-11-19T10:23:52,965|[TRACE] graph - -----> statementPart
2021-11-19T10:23:52,965|[TRACE] graph - -------> nonSkippedChar
2021-11-19T10:23:52,965|[TRACE] script - #out(`O`) [token]
2021-11-19T10:23:52,965|[TRACE] graph - <------- nonSkippedChar
2021-11-19T10:23:52,965|[TRACE] graph - <----- statementPart
2021-11-19T10:23:52,965|[TRACE] graph - -----> statementPart
2021-11-19T10:23:52,965|[TRACE] graph - -------> nonSkippedChar
2021-11-19T10:23:52,965|[TRACE] script - #out(`T`) [token]
2021-11-19T10:23:52,965|[TRACE] graph - <------- nonSkippedChar
2021-11-19T10:23:52,965|[TRACE] graph - <----- statementPart
2021-11-19T10:23:52,965|[TRACE] graph - -----> statementPart
2021-11-19T10:23:52,965|[TRACE] graph - -------> nonSkippedSpace
2021-11-19T10:23:52,965|[TRACE] script - #out(` `) [token]
2021-11-19T10:23:52,965|[TRACE] graph - <------- nonSkippedSpace
2021-11-19T10:23:53,023|[TRACE] graph - <----- statementPart
2021-11-19T10:23:53,023|[TRACE] graph - -----> statementPart
2021-11-19T10:23:53,023|[TRACE] graph - -------> nonSkippedChar
2021-11-19T10:23:53,023|[TRACE] script - #out(`N`) [token]
2021-11-19T10:23:53,023|[TRACE] graph - <------- nonSkippedChar
2021-11-19T10:23:53,023|[TRACE] graph - <----- statementPart
2021-11-19T10:23:53,023|[TRACE] graph - -----> statementPart
2021-11-19T10:23:53,023|[TRACE] graph - -------> nonSkippedChar
2021-11-19T10:23:53,023|[TRACE] script - #out(`U`) [token]
2021-11-19T10:23:53,023|[TRACE] graph - <------- nonSkippedChar
2021-11-19T10:23:53,023|[TRACE] graph - <----- statementPart
2021-11-19T10:23:53,023|[TRACE] graph - -----> statementPart
2021-11-19T10:23:53,023|[TRACE] graph - -------> nonSkippedChar
2021-11-19T10:23:53,023|[TRACE] script - #out(`L`) [token]
2021-11-19T10:23:53,023|[TRACE] graph - <------- nonSkippedChar
2021-11-19T10:23:53,023|[TRACE] graph - <----- statementPart
2021-11-19T10:23:53,023|[TRACE] graph - -----> statementPart
2021-11-19T10:23:53,023|[TRACE] graph - -------> nonSkippedChar
2021-11-19T10:23:53,023|[TRACE] script - #out(`L`) [token]
2021-11-19T10:23:53,023|[TRACE] graph - <------- nonSkippedChar
2021-11-19T10:23:53,023|[TRACE] graph - <----- statementPart
2021-11-19T10:23:53,023|[TRACE] graph - -----> statementPart
2021-11-19T10:23:53,023|[TRACE] graph - -------> nonSkippedSpace
2021-11-19T10:23:53,023|[TRACE] script - #out(` `) [token]
2021-11-19T10:23:53,023|[TRACE] graph - <------- nonSkippedSpace
2021-11-19T10:23:53,023|[TRACE] graph - <----- statementPart
2021-11-19T10:23:53,023|[TRACE] graph - -----> statementPart
2021-11-19T10:23:53,023|[TRACE] graph - -------> nonSkippedChar
2021-11-19T10:23:53,023|[TRACE] script - #out(`D`) [token]
2021-11-19T10:23:53,023|[TRACE] graph - <------- nonSkippedChar
2021-11-19T10:23:53,023|[TRACE] graph - <----- statementPart
2021-11-19T10:23:53,023|[TRACE] graph - -----> statementPart
2021-11-19T10:23:53,023|[TRACE] graph - -------> nonSkippedChar
2021-11-19T10:23:53,023|[TRACE] script - #out(`E`) [token]
2021-11-19T10:23:53,023|[TRACE] graph - <------- nonSkippedChar
2021-11-19T10:23:53,023|[TRACE] graph - <----- statementPart
2021-11-19T10:23:53,023|[TRACE] graph - -----> statementPart
2021-11-19T10:23:53,023|[TRACE] graph - -------> nonSkippedChar
2021-11-19T10:23:53,023|[TRACE] script - #out(`F`) [token]
2021-11-19T10:23:53,023|[TRACE] graph - <------- nonSkippedChar
2021-11-19T10:23:53,023|[TRACE] graph - <----- statementPart
2021-11-19T10:23:53,023|[TRACE] graph - -----> statementPart
2021-11-19T10:23:53,023|[TRACE] graph - -------> nonSkippedChar
2021-11-19T10:23:53,023|[TRACE] script - #out(`A`) [token]
2021-11-19T10:23:53,023|[TRACE] graph - <------- nonSkippedChar
2021-11-19T10:23:53,023|[TRACE] graph - <----- statementPart
2021-11-19T10:23:53,023|[TRACE] graph - -----> statementPart
2021-11-19T10:23:53,023|[TRACE] graph - -------> nonSkippedChar
2021-11-19T10:23:53,023|[TRACE] script - #out(`U`) [token]
2021-11-19T10:23:53,023|[TRACE] graph - <------- nonSkippedChar
2021-11-19T10:23:53,023|[TRACE] graph - <----- statementPart
2021-11-19T10:23:53,023|[TRACE] graph - -----> statementPart
2021-11-19T10:23:53,023|[TRACE] graph - -------> nonSkippedChar
2021-11-19T10:23:53,023|[TRACE] script - #out(`L`) [token]
2021-11-19T10:23:53,023|[TRACE] graph - <------- nonSkippedChar
2021-11-19T10:23:53,023|[TRACE] graph - <----- statementPart
2021-11-19T10:23:53,023|[TRACE] graph - -----> statementPart
2021-11-19T10:23:53,023|[TRACE] graph - -------> nonSkippedChar
2021-11-19T10:23:53,023|[TRACE] script - #out(`T`) [token]
2021-11-19T10:23:53,023|[TRACE] graph - <------- nonSkippedChar
2021-11-19T10:23:53,023|[TRACE] graph - <----- statementPart
2021-11-19T10:23:53,023|[TRACE] graph - -----> statementPart
2021-11-19T10:23:53,023|[TRACE] graph - -------> nonSkippedSpace
2021-11-19T10:23:53,023|[TRACE] script - #out(` `) [token]
2021-11-19T10:23:53,023|[TRACE] graph - <------- nonSkippedSpace
2021-11-19T10:23:53,023|[TRACE] graph - <----- statementPart
2021-11-19T10:23:53,023|[TRACE] graph - -----> statementPart
2021-11-19T10:23:53,023|[TRACE] graph - -------> nonSkippedChar
2021-11-19T10:23:53,023|[TRACE] script - #out(`(`) [token]
2021-11-19T10:23:53,023|[TRACE] graph - <------- nonSkippedChar
2021-11-19T10:23:53,023|[TRACE] graph - <----- statementPart
2021-11-19T10:23:53,023|[TRACE] graph - -----> statementPart
2021-11-19T10:23:53,023|[TRACE] graph - -------> nonSkippedChar
2021-11-19T10:23:53,023|[TRACE] script - #out(`u`) [token]
2021-11-19T10:23:53,023|[TRACE] graph - <------- nonSkippedChar
2021-11-19T10:23:53,023|[TRACE] graph - <----- statementPart
2021-11-19T10:23:53,023|[TRACE] graph - -----> statementPart
2021-11-19T10:23:53,023|[TRACE] graph - -------> nonSkippedChar
2021-11-19T10:23:53,023|[TRACE] script - #out(`n`) [token]
2021-11-19T10:23:53,023|[TRACE] graph - <------- nonSkippedChar
2021-11-19T10:23:53,023|[TRACE] graph - <----- statementPart
2021-11-19T10:23:53,023|[TRACE] graph - -----> statementPart
2021-11-19T10:23:53,023|[TRACE] graph - -------> nonSkippedChar
2021-11-19T10:23:53,023|[TRACE] script - #out(`i`) [token]
2021-11-19T10:23:53,023|[TRACE] graph - <------- nonSkippedChar
2021-11-19T10:23:53,023|[TRACE] graph - <----- statementPart
2021-11-19T10:23:53,023|[TRACE] graph - -----> statementPart
2021-11-19T10:23:53,023|[TRACE] graph - -------> nonSkippedChar
2021-11-19T10:23:53,023|[TRACE] script - #out(`x`) [token]
2021-11-19T10:23:53,023|[TRACE] graph - <------- nonSkippedChar
2021-11-19T10:23:53,023|[TRACE] graph - <----- statementPart
2021-11-19T10:23:53,023|[TRACE] graph - -----> statementPart
2021-11-19T10:23:53,023|[TRACE] graph - -------> nonSkippedChar
2021-11-19T10:23:53,023|[TRACE] script - #out(`_`) [token]
2021-11-19T10:23:53,023|[TRACE] graph - <------- nonSkippedChar
2021-11-19T10:23:53,023|[TRACE] graph - <----- statementPart
2021-11-19T10:23:53,023|[TRACE] graph - -----> statementPart
2021-11-19T10:23:53,023|[TRACE] graph - -------> nonSkippedChar
2021-11-19T10:23:53,023|[TRACE] script - #out(`t`) [token]
2021-11-19T10:23:53,023|[TRACE] graph - <------- nonSkippedChar
2021-11-19T10:23:53,023|[TRACE] graph - <----- statementPart
2021-11-19T10:23:53,023|[TRACE] graph - -----> statementPart
2021-11-19T10:23:53,023|[TRACE] graph - -------> nonSkippedChar
2021-11-19T10:23:53,023|[TRACE] script - #out(`i`) [token]
2021-11-19T10:23:53,023|[TRACE] graph - <------- nonSkippedChar
2021-11-19T10:23:53,023|[TRACE] graph - <----- statementPart
2021-11-19T10:23:53,023|[TRACE] graph - -----> statementPart
2021-11-19T10:23:53,023|[TRACE] graph - -------> nonSkippedChar
2021-11-19T10:23:53,023|[TRACE] script - #out(`m`) [token]
2021-11-19T10:23:53,023|[TRACE] graph - <------- nonSkippedChar
2021-11-19T10:23:53,023|[TRACE] graph - <----- statementPart
2021-11-19T10:23:53,023|[TRACE] graph - -----> statementPart
2021-11-19T10:23:53,023|[TRACE] graph - -------> nonSkippedChar
2021-11-19T10:23:53,023|[TRACE] script - #out(`e`) [token]
2021-11-19T10:23:53,023|[TRACE] graph - <------- nonSkippedChar
2021-11-19T10:23:53,023|[TRACE] graph - <----- statementPart
2021-11-19T10:23:53,023|[TRACE] graph - -----> statementPart
2021-11-19T10:23:53,023|[TRACE] graph - -------> nonSkippedChar
2021-11-19T10:23:53,023|[TRACE] script - #out(`s`) [token]
2021-11-19T10:23:53,023|[TRACE] graph - <------- nonSkippedChar
2021-11-19T10:23:53,023|[TRACE] graph - <----- statementPart
2021-11-19T10:23:53,023|[TRACE] graph - -----> statementPart
2021-11-19T10:23:53,023|[TRACE] graph - -------> nonSkippedChar
2021-11-19T10:23:53,023|[TRACE] script - #out(`t`) [token]
2021-11-19T10:23:53,023|[TRACE] graph - <------- nonSkippedChar
2021-11-19T10:23:53,023|[TRACE] graph - <----- statementPart
2021-11-19T10:23:53,023|[TRACE] graph - -----> statementPart
2021-11-19T10:23:53,023|[TRACE] graph - -------> nonSkippedChar
2021-11-19T10:23:53,023|[TRACE] script - #out(`a`) [token]
2021-11-19T10:23:53,023|[TRACE] graph - <------- nonSkippedChar
2021-11-19T10:23:53,023|[TRACE] graph - <----- statementPart
2021-11-19T10:23:53,023|[TRACE] graph - -----> statementPart
2021-11-19T10:23:53,023|[TRACE] graph - -------> nonSkippedChar
2021-11-19T10:23:53,023|[TRACE] script - #out(`m`) [token]
2021-11-19T10:23:53,023|[TRACE] graph - <------- nonSkippedChar
2021-11-19T10:23:53,023|[TRACE] graph - <----- statementPart
2021-11-19T10:23:53,023|[TRACE] graph - -----> statementPart
2021-11-19T10:23:53,023|[TRACE] graph - -------> nonSkippedChar
2021-11-19T10:23:53,023|[TRACE] script - #out(`p`) [token]
2021-11-19T10:23:53,023|[TRACE] graph - <------- nonSkippedChar
2021-11-19T10:23:53,023|[TRACE] graph - <----- statementPart
2021-11-19T10:23:53,023|[TRACE] graph - -----> statementPart
2021-11-19T10:23:53,023|[TRACE] graph - -------> nonSkippedChar
2021-11-19T10:23:53,023|[TRACE] script - #out(`(`) [token]
2021-11-19T10:23:53,023|[TRACE] graph - <------- nonSkippedChar
2021-11-19T10:23:53,023|[TRACE] graph - <----- statementPart
2021-11-19T10:23:53,023|[TRACE] graph - -----> statementPart
2021-11-19T10:23:53,023|[TRACE] graph - -------> nonSkippedChar
2021-11-19T10:23:53,023|[TRACE] script - #out(`n`) [token]
2021-11-19T10:23:53,024|[TRACE] graph - <------- nonSkippedChar
2021-11-19T10:23:53,024|[TRACE] graph - <----- statementPart
2021-11-19T10:23:53,024|[TRACE] graph - -----> statementPart
2021-11-19T10:23:53,024|[TRACE] graph - -------> nonSkippedChar
2021-11-19T10:23:53,024|[TRACE] script - #out(`o`) [token]
2021-11-19T10:23:53,024|[TRACE] graph - <------- nonSkippedChar
2021-11-19T10:23:53,024|[TRACE] graph - <----- statementPart
2021-11-19T10:23:53,024|[TRACE] graph - -----> statementPart
2021-11-19T10:23:53,024|[TRACE] graph - -------> nonSkippedChar
2021-11-19T10:23:53,024|[TRACE] script - #out(`w`) [token]
2021-11-19T10:23:53,024|[TRACE] graph - <------- nonSkippedChar
2021-11-19T10:23:53,024|[TRACE] graph - <----- statementPart
2021-11-19T10:23:53,024|[TRACE] graph - -----> statementPart
2021-11-19T10:23:53,024|[TRACE] graph - -------> nonSkippedChar
2021-11-19T10:23:53,024|[TRACE] script - #out(`(`) [token]
2021-11-19T10:23:53,024|[TRACE] graph - <------- nonSkippedChar
2021-11-19T10:23:53,024|[TRACE] graph - <----- statementPart
2021-11-19T10:23:53,024|[TRACE] graph - -----> statementPart
2021-11-19T10:23:53,024|[TRACE] graph - -------> nonSkippedChar
2021-11-19T10:23:53,024|[TRACE] script - #out(`)`) [token]
2021-11-19T10:23:53,024|[TRACE] graph - <------- nonSkippedChar
2021-11-19T10:23:53,024|[TRACE] graph - <----- statementPart
2021-11-19T10:23:53,024|[TRACE] graph - -----> statementPart
2021-11-19T10:23:53,024|[TRACE] graph - -------> nonSkippedChar
2021-11-19T10:23:53,024|[TRACE] script - #out(`)`) [token]
2021-11-19T10:23:53,024|[TRACE] graph - <------- nonSkippedChar
2021-11-19T10:23:53,024|[TRACE] graph - <----- statementPart
2021-11-19T10:23:53,024|[TRACE] graph - -----> statementPart
2021-11-19T10:23:53,024|[TRACE] graph - -------> nonSkippedSpace
2021-11-19T10:23:53,024|[TRACE] script - #out(` `) [token]
2021-11-19T10:23:53,024|[TRACE] graph - <------- nonSkippedSpace
2021-11-19T10:23:53,024|[TRACE] graph - <----- statementPart
2021-11-19T10:23:53,024|[TRACE] graph - -----> statementPart
2021-11-19T10:23:53,024|[TRACE] graph - -------> nonSkippedChar
2021-11-19T10:23:53,024|[TRACE] script - #out(`*`) [token]
2021-11-19T10:23:53,024|[TRACE] graph - <------- nonSkippedChar
2021-11-19T10:23:53,024|[TRACE] graph - <----- statementPart
2021-11-19T10:23:53,024|[TRACE] graph - -----> statementPart
2021-11-19T10:23:53,024|[TRACE] graph - -------> nonSkippedSpace
2021-11-19T10:23:53,024|[TRACE] script - #out(` `) [token]
2021-11-19T10:23:53,024|[TRACE] graph - <------- nonSkippedSpace
2021-11-19T10:23:53,024|[TRACE] graph - <----- statementPart
2021-11-19T10:23:53,024|[TRACE] graph - -----> statementPart
2021-11-19T10:23:53,024|[TRACE] graph - -------> nonSkippedChar
2021-11-19T10:23:53,024|[TRACE] script - #out(`1`) [token]
2021-11-19T10:23:53,024|[TRACE] graph - <------- nonSkippedChar
2021-11-19T10:23:53,024|[TRACE] graph - <----- statementPart
2021-11-19T10:23:53,024|[TRACE] graph - -----> statementPart
2021-11-19T10:23:53,024|[TRACE] graph - -------> nonSkippedChar
2021-11-19T10:23:53,024|[TRACE] script - #out(`0`) [token]
2021-11-19T10:23:53,024|[TRACE] graph - <------- nonSkippedChar
2021-11-19T10:23:53,024|[TRACE] graph - <----- statementPart
2021-11-19T10:23:53,024|[TRACE] graph - -----> statementPart
2021-11-19T10:23:53,024|[TRACE] graph - -------> nonSkippedChar
2021-11-19T10:23:53,024|[TRACE] script - #out(`0`) [token]
2021-11-19T10:23:53,024|[TRACE] graph - <------- nonSkippedChar
2021-11-19T10:23:53,024|[TRACE] graph - <----- statementPart
2021-11-19T10:23:53,024|[TRACE] graph - -----> statementPart
2021-11-19T10:23:53,024|[TRACE] graph - -------> nonSkippedChar
2021-11-19T10:23:53,024|[TRACE] script - #out(`0`) [token]
2021-11-19T10:23:53,024|[TRACE] graph - <------- nonSkippedChar
2021-11-19T10:23:53,024|[TRACE] graph - <----- statementPart
2021-11-19T10:23:53,024|[TRACE] graph - -----> statementPart
2021-11-19T10:23:53,024|[TRACE] graph - -------> nonSkippedChar
2021-11-19T10:23:53,024|[TRACE] script - #out(`)`) [token]
2021-11-19T10:23:53,024|[TRACE] graph - <------- nonSkippedChar
2021-11-19T10:23:53,024|[TRACE] graph - <----- statementPart
2021-11-19T10:23:53,024|[TRACE] graph - -----> statementPart
2021-11-19T10:23:53,024|[TRACE] graph - -------> nonSkippedChar
2021-11-19T10:23:53,024|[TRACE] script - #out(`,`) [token]
2021-11-19T10:23:53,024|[TRACE] graph - <------- nonSkippedChar
2021-11-19T10:23:53,024|[TRACE] graph - <----- statementPart
2021-11-19T10:23:53,024|[TRACE] graph - -----> afterStatementPartNewline
2021-11-19T10:23:53,024|[TRACE] script - #out(` `) [text]
2021-11-19T10:23:53,024|[TRACE] graph - <----- afterStatementPartNewline
2021-11-19T10:23:53,024|[TRACE] graph - -----> statementPart
2021-11-19T10:23:53,024|[TRACE] graph - -------> nonSkippedSpace
2021-11-19T10:23:53,024|[TRACE] script - #out(` `) [token]
2021-11-19T10:23:53,024|[TRACE] graph - <------- nonSkippedSpace
2021-11-19T10:23:53,024|[TRACE] graph - <----- statementPart
2021-11-19T10:23:53,024|[TRACE] graph - -----> statementPart
2021-11-19T10:23:53,024|[TRACE] graph - -------> nonSkippedSpace
2021-11-19T10:23:53,024|[TRACE] script - #out(` `) [token]
2021-11-19T10:23:53,024|[TRACE] graph - <------- nonSkippedSpace
2021-11-19T10:23:53,024|[TRACE] graph - <----- statementPart
2021-11-19T10:23:53,024|[TRACE] graph - -----> statementPart
2021-11-19T10:23:53,024|[TRACE] graph - -------> quotedString
2021-11-19T10:23:53,024|[TRACE] script - #out(``updated``) [token]
2021-11-19T10:23:53,024|[TRACE] graph - <------- quotedString
2021-11-19T10:23:53,024|[TRACE] graph - <----- statementPart
2021-11-19T10:23:53,024|[TRACE] graph - -----> statementPart
2021-11-19T10:23:53,024|[TRACE] graph - -------> nonSkippedSpace
2021-11-19T10:23:53,024|[TRACE] script - #out(` `) [token]
2021-11-19T10:23:53,024|[TRACE] graph - <------- nonSkippedSpace
2021-11-19T10:23:53,024|[TRACE] graph - <----- statementPart
2021-11-19T10:23:53,024|[TRACE] graph - -----> statementPart
2021-11-19T10:23:53,024|[TRACE] graph - -------> nonSkippedChar
2021-11-19T10:23:53,024|[TRACE] script - #out(`B`) [token]
2021-11-19T10:23:53,024|[TRACE] graph - <------- nonSkippedChar
2021-11-19T10:23:53,024|[TRACE] graph - <----- statementPart
2021-11-19T10:23:53,024|[TRACE] graph - -----> statementPart
2021-11-19T10:23:53,024|[TRACE] graph - -------> nonSkippedChar
2021-11-19T10:23:53,024|[TRACE] script - #out(`I`) [token]
2021-11-19T10:23:53,024|[TRACE] graph - <------- nonSkippedChar
2021-11-19T10:23:53,024|[TRACE] graph - <----- statementPart
2021-11-19T10:23:53,024|[TRACE] graph - -----> statementPart
2021-11-19T10:23:53,024|[TRACE] graph - -------> nonSkippedChar
2021-11-19T10:23:53,024|[TRACE] script - #out(`G`) [token]
2021-11-19T10:23:53,024|[TRACE] graph - <------- nonSkippedChar
2021-11-19T10:23:53,024|[TRACE] graph - <----- statementPart
2021-11-19T10:23:53,024|[TRACE] graph - -----> statementPart
2021-11-19T10:23:53,024|[TRACE] graph - -------> nonSkippedChar
2021-11-19T10:23:53,024|[TRACE] script - #out(`I`) [token]
2021-11-19T10:23:53,024|[TRACE] graph - <------- nonSkippedChar
2021-11-19T10:23:53,024|[TRACE] graph - <----- statementPart
2021-11-19T10:23:53,024|[TRACE] graph - -----> statementPart
2021-11-19T10:23:53,024|[TRACE] graph - -------> nonSkippedChar
2021-11-19T10:23:53,024|[TRACE] script - #out(`N`) [token]
2021-11-19T10:23:53,024|[TRACE] graph - <------- nonSkippedChar
2021-11-19T10:23:53,024|[TRACE] graph - <----- statementPart
2021-11-19T10:23:53,024|[TRACE] graph - -----> statementPart
2021-11-19T10:23:53,024|[TRACE] graph - -------> nonSkippedChar
2021-11-19T10:23:53,024|[TRACE] script - #out(`T`) [token]
2021-11-19T10:23:53,024|[TRACE] graph - <------- nonSkippedChar
2021-11-19T10:23:53,024|[TRACE] graph - <----- statementPart
2021-11-19T10:23:53,024|[TRACE] graph - -----> statementPart
2021-11-19T10:23:53,024|[TRACE] graph - -------> nonSkippedSpace
2021-11-19T10:23:53,024|[TRACE] script - #out(` `) [token]
2021-11-19T10:23:53,024|[TRACE] graph - <------- nonSkippedSpace
2021-11-19T10:23:53,024|[TRACE] graph - <----- statementPart
2021-11-19T10:23:53,024|[TRACE] graph - -----> statementPart
2021-11-19T10:23:53,024|[TRACE] graph - -------> nonSkippedChar
2021-11-19T10:23:53,024|[TRACE] script - #out(`N`) [token]
2021-11-19T10:23:53,024|[TRACE] graph - <------- nonSkippedChar
2021-11-19T10:23:53,024|[TRACE] graph - <----- statementPart
2021-11-19T10:23:53,024|[TRACE] graph - -----> statementPart
2021-11-19T10:23:53,024|[TRACE] graph - -------> nonSkippedChar
2021-11-19T10:23:53,024|[TRACE] script - #out(`O`) [token]
2021-11-19T10:23:53,024|[TRACE] graph - <------- nonSkippedChar
2021-11-19T10:23:53,024|[TRACE] graph - <----- statementPart
2021-11-19T10:23:53,024|[TRACE] graph - -----> statementPart
2021-11-19T10:23:53,024|[TRACE] graph - -------> nonSkippedChar
2021-11-19T10:23:53,024|[TRACE] script - #out(`T`) [token]
2021-11-19T10:23:53,024|[TRACE] graph - <------- nonSkippedChar
2021-11-19T10:23:53,024|[TRACE] graph - <----- statementPart
2021-11-19T10:23:53,024|[TRACE] graph - -----> statementPart
2021-11-19T10:23:53,024|[TRACE] graph - -------> nonSkippedSpace
2021-11-19T10:23:53,024|[TRACE] script - #out(` `) [token]
2021-11-19T10:23:53,024|[TRACE] graph - <------- nonSkippedSpace
2021-11-19T10:23:53,024|[TRACE] graph - <----- statementPart
2021-11-19T10:23:53,024|[TRACE] graph - -----> statementPart
2021-11-19T10:23:53,024|[TRACE] graph - -------> nonSkippedChar
2021-11-19T10:23:53,024|[TRACE] script - #out(`N`) [token]
2021-11-19T10:23:53,024|[TRACE] graph - <------- nonSkippedChar
2021-11-19T10:23:53,024|[TRACE] graph - <----- statementPart
2021-11-19T10:23:53,024|[TRACE] graph - -----> statementPart
2021-11-19T10:23:53,024|[TRACE] graph - -------> nonSkippedChar
2021-11-19T10:23:53,024|[TRACE] script - #out(`U`) [token]
2021-11-19T10:23:53,024|[TRACE] graph - <------- nonSkippedChar
2021-11-19T10:23:53,024|[TRACE] graph - <----- statementPart
2021-11-19T10:23:53,024|[TRACE] graph - -----> statementPart
2021-11-19T10:23:53,024|[TRACE] graph - -------> nonSkippedChar
2021-11-19T10:23:53,024|[TRACE] script - #out(`L`) [token]
2021-11-19T10:23:53,024|[TRACE] graph - <------- nonSkippedChar
2021-11-19T10:23:53,024|[TRACE] graph - <----- statementPart
2021-11-19T10:23:53,024|[TRACE] graph - -----> statementPart
2021-11-19T10:23:53,024|[TRACE] graph - -------> nonSkippedChar
2021-11-19T10:23:53,024|[TRACE] script - #out(`L`) [token]
2021-11-19T10:23:53,024|[TRACE] graph - <------- nonSkippedChar
2021-11-19T10:23:53,024|[TRACE] graph - <----- statementPart
2021-11-19T10:23:53,024|[TRACE] graph - -----> statementPart
2021-11-19T10:23:53,024|[TRACE] graph - -------> nonSkippedSpace
2021-11-19T10:23:53,024|[TRACE] script - #out(` `) [token]
2021-11-19T10:23:53,024|[TRACE] graph - <------- nonSkippedSpace
2021-11-19T10:23:53,024|[TRACE] graph - <----- statementPart
2021-11-19T10:23:53,024|[TRACE] graph - -----> statementPart
2021-11-19T10:23:53,024|[TRACE] graph - -------> nonSkippedChar
2021-11-19T10:23:53,024|[TRACE] script - #out(`D`) [token]
2021-11-19T10:23:53,024|[TRACE] graph - <------- nonSkippedChar
2021-11-19T10:23:53,024|[TRACE] graph - <----- statementPart
2021-11-19T10:23:53,024|[TRACE] graph - -----> statementPart
2021-11-19T10:23:53,024|[TRACE] graph - -------> nonSkippedChar
2021-11-19T10:23:53,024|[TRACE] script - #out(`E`) [token]
2021-11-19T10:23:53,024|[TRACE] graph - <------- nonSkippedChar
2021-11-19T10:23:53,024|[TRACE] graph - <----- statementPart
2021-11-19T10:23:53,024|[TRACE] graph - -----> statementPart
2021-11-19T10:23:53,024|[TRACE] graph - -------> nonSkippedChar
2021-11-19T10:23:53,024|[TRACE] script - #out(`F`) [token]
2021-11-19T10:23:53,024|[TRACE] graph - <------- nonSkippedChar
2021-11-19T10:23:53,024|[TRACE] graph - <----- statementPart
2021-11-19T10:23:53,024|[TRACE] graph - -----> statementPart
2021-11-19T10:23:53,024|[TRACE] graph - -------> nonSkippedChar
2021-11-19T10:23:53,024|[TRACE] script - #out(`A`) [token]
2021-11-19T10:23:53,024|[TRACE] graph - <------- nonSkippedChar
2021-11-19T10:23:53,024|[TRACE] graph - <----- statementPart
2021-11-19T10:23:53,024|[TRACE] graph - -----> statementPart
2021-11-19T10:23:53,024|[TRACE] graph - -------> nonSkippedChar
2021-11-19T10:23:53,024|[TRACE] script - #out(`U`) [token]
2021-11-19T10:23:53,024|[TRACE] graph - <------- nonSkippedChar
2021-11-19T10:23:53,024|[TRACE] graph - <----- statementPart
2021-11-19T10:23:53,024|[TRACE] graph - -----> statementPart
2021-11-19T10:23:53,024|[TRACE] graph - -------> nonSkippedChar
2021-11-19T10:23:53,024|[TRACE] script - #out(`L`) [token]
2021-11-19T10:23:53,024|[TRACE] graph - <------- nonSkippedChar
2021-11-19T10:23:53,024|[TRACE] graph - <----- statementPart
2021-11-19T10:23:53,024|[TRACE] graph - -----> statementPart
2021-11-19T10:23:53,024|[TRACE] graph - -------> nonSkippedChar
2021-11-19T10:23:53,024|[TRACE] script - #out(`T`) [token]
2021-11-19T10:23:53,024|[TRACE] graph - <------- nonSkippedChar
2021-11-19T10:23:53,024|[TRACE] graph - <----- statementPart
2021-11-19T10:23:53,024|[TRACE] graph - -----> statementPart
2021-11-19T10:23:53,024|[TRACE] graph - -------> nonSkippedSpace
2021-11-19T10:23:53,024|[TRACE] script - #out(` `) [token]
2021-11-19T10:23:53,024|[TRACE] graph - <------- nonSkippedSpace
2021-11-19T10:23:53,024|[TRACE] graph - <----- statementPart
2021-11-19T10:23:53,024|[TRACE] graph - -----> statementPart
2021-11-19T10:23:53,024|[TRACE] graph - -------> nonSkippedChar
2021-11-19T10:23:53,024|[TRACE] script - #out(`(`) [token]
2021-11-19T10:23:53,024|[TRACE] graph - <------- nonSkippedChar
2021-11-19T10:23:53,024|[TRACE] graph - <----- statementPart
2021-11-19T10:23:53,024|[TRACE] graph - -----> statementPart
2021-11-19T10:23:53,024|[TRACE] graph - -------> nonSkippedChar
2021-11-19T10:23:53,024|[TRACE] script - #out(`u`) [token]
2021-11-19T10:23:53,024|[TRACE] graph - <------- nonSkippedChar
2021-11-19T10:23:53,024|[TRACE] graph - <----- statementPart
2021-11-19T10:23:53,024|[TRACE] graph - -----> statementPart
2021-11-19T10:23:53,024|[TRACE] graph - -------> nonSkippedChar
2021-11-19T10:23:53,024|[TRACE] script - #out(`n`) [token]
2021-11-19T10:23:53,024|[TRACE] graph - <------- nonSkippedChar
2021-11-19T10:23:53,024|[TRACE] graph - <----- statementPart
2021-11-19T10:23:53,024|[TRACE] graph - -----> statementPart
2021-11-19T10:23:53,024|[TRACE] graph - -------> nonSkippedChar
2021-11-19T10:23:53,024|[TRACE] script - #out(`i`) [token]
2021-11-19T10:23:53,024|[TRACE] graph - <------- nonSkippedChar
2021-11-19T10:23:53,024|[TRACE] graph - <----- statementPart
2021-11-19T10:23:53,024|[TRACE] graph - -----> statementPart
2021-11-19T10:23:53,024|[TRACE] graph - -------> nonSkippedChar
2021-11-19T10:23:53,024|[TRACE] script - #out(`x`) [token]
2021-11-19T10:23:53,024|[TRACE] graph - <------- nonSkippedChar
2021-11-19T10:23:53,024|[TRACE] graph - <----- statementPart
2021-11-19T10:23:53,024|[TRACE] graph - -----> statementPart
2021-11-19T10:23:53,024|[TRACE] graph - -------> nonSkippedChar
2021-11-19T10:23:53,024|[TRACE] script - #out(`_`) [token]
2021-11-19T10:23:53,024|[TRACE] graph - <------- nonSkippedChar
2021-11-19T10:23:53,024|[TRACE] graph - <----- statementPart
2021-11-19T10:23:53,024|[TRACE] graph - -----> statementPart
2021-11-19T10:23:53,024|[TRACE] graph - -------> nonSkippedChar
2021-11-19T10:23:53,024|[TRACE] script - #out(`t`) [token]
2021-11-19T10:23:53,024|[TRACE] graph - <------- nonSkippedChar
2021-11-19T10:23:53,024|[TRACE] graph - <----- statementPart
2021-11-19T10:23:53,024|[TRACE] graph - -----> statementPart
2021-11-19T10:23:53,024|[TRACE] graph - -------> nonSkippedChar
2021-11-19T10:23:53,024|[TRACE] script - #out(`i`) [token]
2021-11-19T10:23:53,024|[TRACE] graph - <------- nonSkippedChar
2021-11-19T10:23:53,024|[TRACE] graph - <----- statementPart
2021-11-19T10:23:53,024|[TRACE] graph - -----> statementPart
2021-11-19T10:23:53,024|[TRACE] graph - -------> nonSkippedChar
2021-11-19T10:23:53,024|[TRACE] script - #out(`m`) [token]
2021-11-19T10:23:53,024|[TRACE] graph - <------- nonSkippedChar
2021-11-19T10:23:53,024|[TRACE] graph - <----- statementPart
2021-11-19T10:23:53,024|[TRACE] graph - -----> statementPart
2021-11-19T10:23:53,024|[TRACE] graph - -------> nonSkippedChar
2021-11-19T10:23:53,024|[TRACE] script - #out(`e`) [token]
2021-11-19T10:23:53,024|[TRACE] graph - <------- nonSkippedChar
2021-11-19T10:23:53,024|[TRACE] graph - <----- statementPart
2021-11-19T10:23:53,024|[TRACE] graph - -----> statementPart
2021-11-19T10:23:53,024|[TRACE] graph - -------> nonSkippedChar
2021-11-19T10:23:53,024|[TRACE] script - #out(`s`) [token]
2021-11-19T10:23:53,024|[TRACE] graph - <------- nonSkippedChar
2021-11-19T10:23:53,024|[TRACE] graph - <----- statementPart
2021-11-19T10:23:53,024|[TRACE] graph - -----> statementPart
2021-11-19T10:23:53,024|[TRACE] graph - -------> nonSkippedChar
2021-11-19T10:23:53,024|[TRACE] script - #out(`t`) [token]
2021-11-19T10:23:53,024|[TRACE] graph - <------- nonSkippedChar
2021-11-19T10:23:53,024|[TRACE] graph - <----- statementPart
2021-11-19T10:23:53,024|[TRACE] graph - -----> statementPart
2021-11-19T10:23:53,024|[TRACE] graph - -------> nonSkippedChar
2021-11-19T10:23:53,024|[TRACE] script - #out(`a`) [token]
2021-11-19T10:23:53,024|[TRACE] graph - <------- nonSkippedChar
2021-11-19T10:23:53,024|[TRACE] graph - <----- statementPart
2021-11-19T10:23:53,024|[TRACE] graph - -----> statementPart
2021-11-19T10:23:53,024|[TRACE] graph - -------> nonSkippedChar
2021-11-19T10:23:53,024|[TRACE] script - #out(`m`) [token]
2021-11-19T10:23:53,024|[TRACE] graph - <------- nonSkippedChar
2021-11-19T10:23:53,024|[TRACE] graph - <----- statementPart
2021-11-19T10:23:53,024|[TRACE] graph - -----> statementPart
2021-11-19T10:23:53,024|[TRACE] graph - -------> nonSkippedChar
2021-11-19T10:23:53,024|[TRACE] script - #out(`p`) [token]
2021-11-19T10:23:53,024|[TRACE] graph - <------- nonSkippedChar
2021-11-19T10:23:53,024|[TRACE] graph - <----- statementPart
2021-11-19T10:23:53,024|[TRACE] graph - -----> statementPart
2021-11-19T10:23:53,024|[TRACE] graph - -------> nonSkippedChar
2021-11-19T10:23:53,025|[TRACE] script - #out(`(`) [token]
2021-11-19T10:23:53,025|[TRACE] graph - <------- nonSkippedChar
2021-11-19T10:23:53,025|[TRACE] graph - <----- statementPart
2021-11-19T10:23:53,025|[TRACE] graph - -----> statementPart
2021-11-19T10:23:53,025|[TRACE] graph - -------> nonSkippedChar
2021-11-19T10:23:53,025|[TRACE] script - #out(`n`) [token]
2021-11-19T10:23:53,025|[TRACE] graph - <------- nonSkippedChar
2021-11-19T10:23:53,025|[TRACE] graph - <----- statementPart
2021-11-19T10:23:53,025|[TRACE] graph - -----> statementPart
2021-11-19T10:23:53,025|[TRACE] graph - -------> nonSkippedChar
2021-11-19T10:23:53,025|[TRACE] script - #out(`o`) [token]
2021-11-19T10:23:53,025|[TRACE] graph - <------- nonSkippedChar
2021-11-19T10:23:53,025|[TRACE] graph - <----- statementPart
2021-11-19T10:23:53,025|[TRACE] graph - -----> statementPart
2021-11-19T10:23:53,025|[TRACE] graph - -------> nonSkippedChar
2021-11-19T10:23:53,025|[TRACE] script - #out(`w`) [token]
2021-11-19T10:23:53,025|[TRACE] graph - <------- nonSkippedChar
2021-11-19T10:23:53,025|[TRACE] graph - <----- statementPart
2021-11-19T10:23:53,025|[TRACE] graph - -----> statementPart
2021-11-19T10:23:53,025|[TRACE] graph - -------> nonSkippedChar
2021-11-19T10:23:53,025|[TRACE] script - #out(`(`) [token]
2021-11-19T10:23:53,025|[TRACE] graph - <------- nonSkippedChar
2021-11-19T10:23:53,025|[TRACE] graph - <----- statementPart
2021-11-19T10:23:53,025|[TRACE] graph - -----> statementPart
2021-11-19T10:23:53,084|[TRACE] graph - -------> nonSkippedChar
2021-11-19T10:23:53,084|[TRACE] script - #out(`)`) [token]
2021-11-19T10:23:53,084|[TRACE] graph - <------- nonSkippedChar
2021-11-19T10:23:53,084|[TRACE] graph - <----- statementPart
2021-11-19T10:23:53,084|[TRACE] graph - -----> statementPart
2021-11-19T10:23:53,084|[TRACE] graph - -------> nonSkippedChar
2021-11-19T10:23:53,084|[TRACE] script - #out(`)`) [token]
2021-11-19T10:23:53,084|[TRACE] graph - <------- nonSkippedChar
2021-11-19T10:23:53,084|[TRACE] graph - <----- statementPart
2021-11-19T10:23:53,084|[TRACE] graph - -----> statementPart
2021-11-19T10:23:53,084|[TRACE] graph - -------> nonSkippedSpace
2021-11-19T10:23:53,084|[TRACE] script - #out(` `) [token]
2021-11-19T10:23:53,084|[TRACE] graph - <------- nonSkippedSpace
2021-11-19T10:23:53,084|[TRACE] graph - <----- statementPart
2021-11-19T10:23:53,084|[TRACE] graph - -----> statementPart
2021-11-19T10:23:53,084|[TRACE] graph - -------> nonSkippedChar
2021-11-19T10:23:53,084|[TRACE] script - #out(`*`) [token]
2021-11-19T10:23:53,084|[TRACE] graph - <------- nonSkippedChar
2021-11-19T10:23:53,084|[TRACE] graph - <----- statementPart
2021-11-19T10:23:53,084|[TRACE] graph - -----> statementPart
2021-11-19T10:23:53,084|[TRACE] graph - -------> nonSkippedSpace
2021-11-19T10:23:53,084|[TRACE] script - #out(` `) [token]
2021-11-19T10:23:53,084|[TRACE] graph - <------- nonSkippedSpace
2021-11-19T10:23:53,084|[TRACE] graph - <----- statementPart
2021-11-19T10:23:53,084|[TRACE] graph - -----> statementPart
2021-11-19T10:23:53,084|[TRACE] graph - -------> nonSkippedChar
2021-11-19T10:23:53,084|[TRACE] script - #out(`1`) [token]
2021-11-19T10:23:53,084|[TRACE] graph - <------- nonSkippedChar
2021-11-19T10:23:53,084|[TRACE] graph - <----- statementPart
2021-11-19T10:23:53,084|[TRACE] graph - -----> statementPart
2021-11-19T10:23:53,084|[TRACE] graph - -------> nonSkippedChar
2021-11-19T10:23:53,084|[TRACE] script - #out(`0`) [token]
2021-11-19T10:23:53,084|[TRACE] graph - <------- nonSkippedChar
2021-11-19T10:23:53,084|[TRACE] graph - <----- statementPart
2021-11-19T10:23:53,084|[TRACE] graph - -----> statementPart
2021-11-19T10:23:53,084|[TRACE] graph - -------> nonSkippedChar
2021-11-19T10:23:53,084|[TRACE] script - #out(`0`) [token]
2021-11-19T10:23:53,084|[TRACE] graph - <------- nonSkippedChar
2021-11-19T10:23:53,084|[TRACE] graph - <----- statementPart
2021-11-19T10:23:53,084|[TRACE] graph - -----> statementPart
2021-11-19T10:23:53,084|[TRACE] graph - -------> nonSkippedChar
2021-11-19T10:23:53,084|[TRACE] script - #out(`0`) [token]
2021-11-19T10:23:53,084|[TRACE] graph - <------- nonSkippedChar
2021-11-19T10:23:53,084|[TRACE] graph - <----- statementPart
2021-11-19T10:23:53,084|[TRACE] graph - -----> statementPart
2021-11-19T10:23:53,084|[TRACE] graph - -------> nonSkippedChar
2021-11-19T10:23:53,084|[TRACE] script - #out(`)`) [token]
2021-11-19T10:23:53,084|[TRACE] graph - <------- nonSkippedChar
2021-11-19T10:23:53,084|[TRACE] graph - <----- statementPart
2021-11-19T10:23:53,085|[TRACE] graph - -----> statementPart
2021-11-19T10:23:53,085|[TRACE] graph - -------> nonSkippedChar
2021-11-19T10:23:53,085|[TRACE] script - #out(`,`) [token]
2021-11-19T10:23:53,085|[TRACE] graph - <------- nonSkippedChar
2021-11-19T10:23:53,085|[TRACE] graph - <----- statementPart
2021-11-19T10:23:53,085|[TRACE] graph - -----> afterStatementPartNewline
2021-11-19T10:23:53,085|[TRACE] script - #out(` `) [text]
2021-11-19T10:23:53,085|[TRACE] graph - <----- afterStatementPartNewline
2021-11-19T10:23:53,085|[TRACE] graph - -----> statementPart
2021-11-19T10:23:53,085|[TRACE] graph - -------> nonSkippedSpace
2021-11-19T10:23:53,085|[TRACE] script - #out(` `) [token]
2021-11-19T10:23:53,085|[TRACE] graph - <------- nonSkippedSpace
2021-11-19T10:23:53,085|[TRACE] graph - <----- statementPart
2021-11-19T10:23:53,085|[TRACE] graph - -----> statementPart
2021-11-19T10:23:53,085|[TRACE] graph - -------> nonSkippedSpace
2021-11-19T10:23:53,085|[TRACE] script - #out(` `) [token]
2021-11-19T10:23:53,085|[TRACE] graph - <------- nonSkippedSpace
2021-11-19T10:23:53,085|[TRACE] graph - <----- statementPart
2021-11-19T10:23:53,085|[TRACE] graph - -----> statementPart
2021-11-19T10:23:53,085|[TRACE] graph - -------> quotedString
2021-11-19T10:23:53,085|[TRACE] script - #out(``version``) [token]
2021-11-19T10:23:53,085|[TRACE] graph - <------- quotedString
2021-11-19T10:23:53,085|[TRACE] graph - <----- statementPart
2021-11-19T10:23:53,085|[TRACE] graph - -----> statementPart
2021-11-19T10:23:53,085|[TRACE] graph - -------> nonSkippedSpace
2021-11-19T10:23:53,085|[TRACE] script - #out(` `) [token]
2021-11-19T10:23:53,085|[TRACE] graph - <------- nonSkippedSpace
2021-11-19T10:23:53,085|[TRACE] graph - <----- statementPart
2021-11-19T10:23:53,085|[TRACE] graph - -----> statementPart
2021-11-19T10:23:53,085|[TRACE] graph - -------> nonSkippedChar
2021-11-19T10:23:53,085|[TRACE] script - #out(`I`) [token]
2021-11-19T10:23:53,085|[TRACE] graph - <------- nonSkippedChar
2021-11-19T10:23:53,085|[TRACE] graph - <----- statementPart
2021-11-19T10:23:53,085|[TRACE] graph - -----> statementPart
2021-11-19T10:23:53,085|[TRACE] graph - -------> nonSkippedChar
2021-11-19T10:23:53,085|[TRACE] script - #out(`N`) [token]
2021-11-19T10:23:53,085|[TRACE] graph - <------- nonSkippedChar
2021-11-19T10:23:53,085|[TRACE] graph - <----- statementPart
2021-11-19T10:23:53,085|[TRACE] graph - -----> statementPart
2021-11-19T10:23:53,085|[TRACE] graph - -------> nonSkippedChar
2021-11-19T10:23:53,085|[TRACE] script - #out(`T`) [token]
2021-11-19T10:23:53,085|[TRACE] graph - <------- nonSkippedChar
2021-11-19T10:23:53,085|[TRACE] graph - <----- statementPart
2021-11-19T10:23:53,085|[TRACE] graph - -----> statementPart
2021-11-19T10:23:53,085|[TRACE] graph - -------> nonSkippedSpace
2021-11-19T10:23:53,085|[TRACE] script - #out(` `) [token]
2021-11-19T10:23:53,085|[TRACE] graph - <------- nonSkippedSpace
2021-11-19T10:23:53,085|[TRACE] graph - <----- statementPart
2021-11-19T10:23:53,085|[TRACE] graph - -----> statementPart
2021-11-19T10:23:53,085|[TRACE] graph - -------> nonSkippedChar
2021-11-19T10:23:53,085|[TRACE] script - #out(`N`) [token]
2021-11-19T10:23:53,085|[TRACE] graph - <------- nonSkippedChar
2021-11-19T10:23:53,085|[TRACE] graph - <----- statementPart
2021-11-19T10:23:53,085|[TRACE] graph - -----> statementPart
2021-11-19T10:23:53,085|[TRACE] graph - -------> nonSkippedChar
2021-11-19T10:23:53,085|[TRACE] script - #out(`O`) [token]
2021-11-19T10:23:53,085|[TRACE] graph - <------- nonSkippedChar
2021-11-19T10:23:53,085|[TRACE] graph - <----- statementPart
2021-11-19T10:23:53,085|[TRACE] graph - -----> statementPart
2021-11-19T10:23:53,085|[TRACE] graph - -------> nonSkippedChar
2021-11-19T10:23:53,085|[TRACE] script - #out(`T`) [token]
2021-11-19T10:23:53,085|[TRACE] graph - <------- nonSkippedChar
2021-11-19T10:23:53,085|[TRACE] graph - <----- statementPart
2021-11-19T10:23:53,085|[TRACE] graph - -----> statementPart
2021-11-19T10:23:53,085|[TRACE] graph - -------> nonSkippedSpace
2021-11-19T10:23:53,085|[TRACE] script - #out(` `) [token]
2021-11-19T10:23:53,085|[TRACE] graph - <------- nonSkippedSpace
2021-11-19T10:23:53,085|[TRACE] graph - <----- statementPart
2021-11-19T10:23:53,085|[TRACE] graph - -----> statementPart
2021-11-19T10:23:53,085|[TRACE] graph - -------> nonSkippedChar
2021-11-19T10:23:53,085|[TRACE] script - #out(`N`) [token]
2021-11-19T10:23:53,085|[TRACE] graph - <------- nonSkippedChar
2021-11-19T10:23:53,085|[TRACE] graph - <----- statementPart
2021-11-19T10:23:53,085|[TRACE] graph - -----> statementPart
2021-11-19T10:23:53,085|[TRACE] graph - -------> nonSkippedChar
2021-11-19T10:23:53,085|[TRACE] script - #out(`U`) [token]
2021-11-19T10:23:53,085|[TRACE] graph - <------- nonSkippedChar
2021-11-19T10:23:53,085|[TRACE] graph - <----- statementPart
2021-11-19T10:23:53,085|[TRACE] graph - -----> statementPart
2021-11-19T10:23:53,085|[TRACE] graph - -------> nonSkippedChar
2021-11-19T10:23:53,085|[TRACE] script - #out(`L`) [token]
2021-11-19T10:23:53,085|[TRACE] graph - <------- nonSkippedChar
2021-11-19T10:23:53,085|[TRACE] graph - <----- statementPart
2021-11-19T10:23:53,085|[TRACE] graph - -----> statementPart
2021-11-19T10:23:53,085|[TRACE] graph - -------> nonSkippedChar
2021-11-19T10:23:53,085|[TRACE] script - #out(`L`) [token]
2021-11-19T10:23:53,085|[TRACE] graph - <------- nonSkippedChar
2021-11-19T10:23:53,085|[TRACE] graph - <----- statementPart
2021-11-19T10:23:53,085|[TRACE] graph - -----> statementPart
2021-11-19T10:23:53,085|[TRACE] graph - -------> nonSkippedSpace
2021-11-19T10:23:53,085|[TRACE] script - #out(` `) [token]
2021-11-19T10:23:53,085|[TRACE] graph - <------- nonSkippedSpace
2021-11-19T10:23:53,085|[TRACE] graph - <----- statementPart
2021-11-19T10:23:53,085|[TRACE] graph - -----> statementPart
2021-11-19T10:23:53,085|[TRACE] graph - -------> nonSkippedChar
2021-11-19T10:23:53,085|[TRACE] script - #out(`D`) [token]
2021-11-19T10:23:53,085|[TRACE] graph - <------- nonSkippedChar
2021-11-19T10:23:53,085|[TRACE] graph - <----- statementPart
2021-11-19T10:23:53,085|[TRACE] graph - -----> statementPart
2021-11-19T10:23:53,085|[TRACE] graph - -------> nonSkippedChar
2021-11-19T10:23:53,085|[TRACE] script - #out(`E`) [token]
2021-11-19T10:23:53,085|[TRACE] graph - <------- nonSkippedChar
2021-11-19T10:23:53,085|[TRACE] graph - <----- statementPart
2021-11-19T10:23:53,085|[TRACE] graph - -----> statementPart
2021-11-19T10:23:53,085|[TRACE] graph - -------> nonSkippedChar
2021-11-19T10:23:53,085|[TRACE] script - #out(`F`) [token]
2021-11-19T10:23:53,085|[TRACE] graph - <------- nonSkippedChar
2021-11-19T10:23:53,085|[TRACE] graph - <----- statementPart
2021-11-19T10:23:53,085|[TRACE] graph - -----> statementPart
2021-11-19T10:23:53,085|[TRACE] graph - -------> nonSkippedChar
2021-11-19T10:23:53,085|[TRACE] script - #out(`A`) [token]
2021-11-19T10:23:53,085|[TRACE] graph - <------- nonSkippedChar
2021-11-19T10:23:53,085|[TRACE] graph - <----- statementPart
2021-11-19T10:23:53,085|[TRACE] graph - -----> statementPart
2021-11-19T10:23:53,085|[TRACE] graph - -------> nonSkippedChar
2021-11-19T10:23:53,085|[TRACE] script - #out(`U`) [token]
2021-11-19T10:23:53,085|[TRACE] graph - <------- nonSkippedChar
2021-11-19T10:23:53,085|[TRACE] graph - <----- statementPart
2021-11-19T10:23:53,085|[TRACE] graph - -----> statementPart
2021-11-19T10:23:53,085|[TRACE] graph - -------> nonSkippedChar
2021-11-19T10:23:53,085|[TRACE] script - #out(`L`) [token]
2021-11-19T10:23:53,085|[TRACE] graph - <------- nonSkippedChar
2021-11-19T10:23:53,085|[TRACE] graph - <----- statementPart
2021-11-19T10:23:53,085|[TRACE] graph - -----> statementPart
2021-11-19T10:23:53,085|[TRACE] graph - -------> nonSkippedChar
2021-11-19T10:23:53,085|[TRACE] script - #out(`T`) [token]
2021-11-19T10:23:53,085|[TRACE] graph - <------- nonSkippedChar
2021-11-19T10:23:53,085|[TRACE] graph - <----- statementPart
2021-11-19T10:23:53,085|[TRACE] graph - -----> statementPart
2021-11-19T10:23:53,085|[TRACE] graph - -------> nonSkippedSpace
2021-11-19T10:23:53,085|[TRACE] script - #out(` `) [token]
2021-11-19T10:23:53,085|[TRACE] graph - <------- nonSkippedSpace
2021-11-19T10:23:53,085|[TRACE] graph - <----- statementPart
2021-11-19T10:23:53,085|[TRACE] graph - -----> statementPart
2021-11-19T10:23:53,085|[TRACE] graph - -------> quotedString
2021-11-19T10:23:53,085|[TRACE] script - #out(`'1'`) [token]
2021-11-19T10:23:53,085|[TRACE] graph - <------- quotedString
2021-11-19T10:23:53,085|[TRACE] graph - <----- statementPart
2021-11-19T10:23:53,085|[TRACE] graph - -----> statementPart
2021-11-19T10:23:53,085|[TRACE] graph - -------> nonSkippedChar
2021-11-19T10:23:53,085|[TRACE] script - #out(`,`) [token]
2021-11-19T10:23:53,085|[TRACE] graph - <------- nonSkippedChar
2021-11-19T10:23:53,085|[TRACE] graph - <----- statementPart
2021-11-19T10:23:53,085|[TRACE] graph - -----> afterStatementPartNewline
2021-11-19T10:23:53,085|[TRACE] script - #out(` `) [text]
2021-11-19T10:23:53,085|[TRACE] graph - <----- afterStatementPartNewline
2021-11-19T10:23:53,085|[TRACE] graph - -----> statementPart
2021-11-19T10:23:53,085|[TRACE] graph - -------> nonSkippedSpace
2021-11-19T10:23:53,085|[TRACE] script - #out(` `) [token]
2021-11-19T10:23:53,085|[TRACE] graph - <------- nonSkippedSpace
2021-11-19T10:23:53,085|[TRACE] graph - <----- statementPart
2021-11-19T10:23:53,085|[TRACE] graph - -----> statementPart
2021-11-19T10:23:53,085|[TRACE] graph - -------> nonSkippedSpace
2021-11-19T10:23:53,085|[TRACE] script - #out(` `) [token]
2021-11-19T10:23:53,085|[TRACE] graph - <------- nonSkippedSpace
2021-11-19T10:23:53,085|[TRACE] graph - <----- statementPart
2021-11-19T10:23:53,085|[TRACE] graph - -----> statementPart
2021-11-19T10:23:53,085|[TRACE] graph - -------> nonSkippedChar
2021-11-19T10:23:53,085|[TRACE] script - #out(`P`) [token]
2021-11-19T10:23:53,085|[TRACE] graph - <------- nonSkippedChar
2021-11-19T10:23:53,085|[TRACE] graph - <----- statementPart
2021-11-19T10:23:53,085|[TRACE] graph - -----> statementPart
2021-11-19T10:23:53,085|[TRACE] graph - -------> nonSkippedChar
2021-11-19T10:23:53,085|[TRACE] script - #out(`R`) [token]
2021-11-19T10:23:53,085|[TRACE] graph - <------- nonSkippedChar
2021-11-19T10:23:53,085|[TRACE] graph - <----- statementPart
2021-11-19T10:23:53,085|[TRACE] graph - -----> statementPart
2021-11-19T10:23:53,085|[TRACE] graph - -------> nonSkippedChar
2021-11-19T10:23:53,085|[TRACE] script - #out(`I`) [token]
2021-11-19T10:23:53,085|[TRACE] graph - <------- nonSkippedChar
2021-11-19T10:23:53,085|[TRACE] graph - <----- statementPart
2021-11-19T10:23:53,085|[TRACE] graph - -----> statementPart
2021-11-19T10:23:53,085|[TRACE] graph - -------> nonSkippedChar
2021-11-19T10:23:53,085|[TRACE] script - #out(`M`) [token]
2021-11-19T10:23:53,085|[TRACE] graph - <------- nonSkippedChar
2021-11-19T10:23:53,085|[TRACE] graph - <----- statementPart
2021-11-19T10:23:53,085|[TRACE] graph - -----> statementPart
2021-11-19T10:23:53,085|[TRACE] graph - -------> nonSkippedChar
2021-11-19T10:23:53,085|[TRACE] script - #out(`A`) [token]
2021-11-19T10:23:53,085|[TRACE] graph - <------- nonSkippedChar
2021-11-19T10:23:53,085|[TRACE] graph - <----- statementPart
2021-11-19T10:23:53,085|[TRACE] graph - -----> statementPart
2021-11-19T10:23:53,085|[TRACE] graph - -------> nonSkippedChar
2021-11-19T10:23:53,085|[TRACE] script - #out(`R`) [token]
2021-11-19T10:23:53,085|[TRACE] graph - <------- nonSkippedChar
2021-11-19T10:23:53,085|[TRACE] graph - <----- statementPart
2021-11-19T10:23:53,085|[TRACE] graph - -----> statementPart
2021-11-19T10:23:53,085|[TRACE] graph - -------> nonSkippedChar
2021-11-19T10:23:53,085|[TRACE] script - #out(`Y`) [token]
2021-11-19T10:23:53,085|[TRACE] graph - <------- nonSkippedChar
2021-11-19T10:23:53,085|[TRACE] graph - <----- statementPart
2021-11-19T10:23:53,085|[TRACE] graph - -----> statementPart
2021-11-19T10:23:53,085|[TRACE] graph - -------> nonSkippedSpace
2021-11-19T10:23:53,085|[TRACE] script - #out(` `) [token]
2021-11-19T10:23:53,085|[TRACE] graph - <------- nonSkippedSpace
2021-11-19T10:23:53,085|[TRACE] graph - <----- statementPart
2021-11-19T10:23:53,085|[TRACE] graph - -----> statementPart
2021-11-19T10:23:53,085|[TRACE] graph - -------> nonSkippedChar
2021-11-19T10:23:53,085|[TRACE] script - #out(`K`) [token]
2021-11-19T10:23:53,085|[TRACE] graph - <------- nonSkippedChar
2021-11-19T10:23:53,085|[TRACE] graph - <----- statementPart
2021-11-19T10:23:53,085|[TRACE] graph - -----> statementPart
2021-11-19T10:23:53,085|[TRACE] graph - -------> nonSkippedChar
2021-11-19T10:23:53,085|[TRACE] script - #out(`E`) [token]
2021-11-19T10:23:53,085|[TRACE] graph - <------- nonSkippedChar
2021-11-19T10:23:53,085|[TRACE] graph - <----- statementPart
2021-11-19T10:23:53,085|[TRACE] graph - -----> statementPart
2021-11-19T10:23:53,085|[TRACE] graph - -------> nonSkippedChar
2021-11-19T10:23:53,085|[TRACE] script - #out(`Y`) [token]
2021-11-19T10:23:53,085|[TRACE] graph - <------- nonSkippedChar
2021-11-19T10:23:53,085|[TRACE] graph - <----- statementPart
2021-11-19T10:23:53,085|[TRACE] graph - -----> statementPart
2021-11-19T10:23:53,085|[TRACE] graph - -------> nonSkippedSpace
2021-11-19T10:23:53,085|[TRACE] script - #out(` `) [token]
2021-11-19T10:23:53,085|[TRACE] graph - <------- nonSkippedSpace
2021-11-19T10:23:53,085|[TRACE] graph - <----- statementPart
2021-11-19T10:23:53,085|[TRACE] graph - -----> statementPart
2021-11-19T10:23:53,085|[TRACE] graph - -------> nonSkippedChar
2021-11-19T10:23:53,085|[TRACE] script - #out(`(`) [token]
2021-11-19T10:23:53,085|[TRACE] graph - <------- nonSkippedChar
2021-11-19T10:23:53,085|[TRACE] graph - <----- statementPart
2021-11-19T10:23:53,085|[TRACE] graph - -----> statementPart
2021-11-19T10:23:53,085|[TRACE] graph - -------> quotedString
2021-11-19T10:23:53,085|[TRACE] script - #out(``id``) [token]
2021-11-19T10:23:53,085|[TRACE] graph - <------- quotedString
2021-11-19T10:23:53,085|[TRACE] graph - <----- statementPart
2021-11-19T10:23:53,085|[TRACE] graph - -----> statementPart
2021-11-19T10:23:53,085|[TRACE] graph - -------> nonSkippedChar
2021-11-19T10:23:53,085|[TRACE] script - #out(`)`) [token]
2021-11-19T10:23:53,085|[TRACE] graph - <------- nonSkippedChar
2021-11-19T10:23:53,085|[TRACE] graph - <----- statementPart
2021-11-19T10:23:53,085|[TRACE] graph - -----> statementPart
2021-11-19T10:23:53,085|[TRACE] graph - -------> nonSkippedChar
2021-11-19T10:23:53,085|[TRACE] script - #out(`)`) [token]
2021-11-19T10:23:53,085|[TRACE] graph - <------- nonSkippedChar
2021-11-19T10:23:53,085|[TRACE] graph - <----- statementPart
2021-11-19T10:23:53,085|[TRACE] graph - -----> afterStatementPartNewline
2021-11-19T10:23:53,085|[TRACE] script - #out(` `) [text]
2021-11-19T10:23:53,085|[TRACE] graph - <----- afterStatementPartNewline
2021-11-19T10:23:53,085|[TRACE] graph - -----> statementPart
2021-11-19T10:23:53,085|[TRACE] graph - -------> nonSkippedChar
2021-11-19T10:23:53,085|[TRACE] script - #out(`E`) [token]
2021-11-19T10:23:53,085|[TRACE] graph - <------- nonSkippedChar
2021-11-19T10:23:53,085|[TRACE] graph - <----- statementPart
2021-11-19T10:23:53,085|[TRACE] graph - -----> statementPart
2021-11-19T10:23:53,085|[TRACE] graph - -------> nonSkippedChar
2021-11-19T10:23:53,085|[TRACE] script - #out(`N`) [token]
2021-11-19T10:23:53,085|[TRACE] graph - <------- nonSkippedChar
2021-11-19T10:23:53,085|[TRACE] graph - <----- statementPart
2021-11-19T10:23:53,085|[TRACE] graph - -----> statementPart
2021-11-19T10:23:53,085|[TRACE] graph - -------> nonSkippedChar
2021-11-19T10:23:53,085|[TRACE] script - #out(`G`) [token]
2021-11-19T10:23:53,085|[TRACE] graph - <------- nonSkippedChar
2021-11-19T10:23:53,085|[TRACE] graph - <----- statementPart
2021-11-19T10:23:53,085|[TRACE] graph - -----> statementPart
2021-11-19T10:23:53,085|[TRACE] graph - -------> nonSkippedChar
2021-11-19T10:23:53,085|[TRACE] script - #out(`I`) [token]
2021-11-19T10:23:53,085|[TRACE] graph - <------- nonSkippedChar
2021-11-19T10:23:53,085|[TRACE] graph - <----- statementPart
2021-11-19T10:23:53,085|[TRACE] graph - -----> statementPart
2021-11-19T10:23:53,085|[TRACE] graph - -------> nonSkippedChar
2021-11-19T10:23:53,085|[TRACE] script - #out(`N`) [token]
2021-11-19T10:23:53,085|[TRACE] graph - <------- nonSkippedChar
2021-11-19T10:23:53,085|[TRACE] graph - <----- statementPart
2021-11-19T10:23:53,086|[TRACE] graph - -----> statementPart
2021-11-19T10:23:53,086|[TRACE] graph - -------> nonSkippedChar
2021-11-19T10:23:53,086|[TRACE] script - #out(`E`) [token]
2021-11-19T10:23:53,086|[TRACE] graph - <------- nonSkippedChar
2021-11-19T10:23:53,086|[TRACE] graph - <----- statementPart
2021-11-19T10:23:53,086|[TRACE] graph - -----> statementPart
2021-11-19T10:23:53,086|[TRACE] graph - -------> nonSkippedSpace
2021-11-19T10:23:53,086|[TRACE] script - #out(` `) [token]
2021-11-19T10:23:53,086|[TRACE] graph - <------- nonSkippedSpace
2021-11-19T10:23:53,086|[TRACE] graph - <----- statementPart
2021-11-19T10:23:53,086|[TRACE] graph - -----> statementPart
2021-11-19T10:23:53,086|[TRACE] graph - -------> nonSkippedChar
2021-11-19T10:23:53,086|[TRACE] script - #out(`=`) [token]
2021-11-19T10:23:53,086|[TRACE] graph - <------- nonSkippedChar
2021-11-19T10:23:53,086|[TRACE] graph - <----- statementPart
2021-11-19T10:23:53,086|[TRACE] graph - -----> statementPart
2021-11-19T10:23:53,086|[TRACE] graph - -------> nonSkippedSpace
2021-11-19T10:23:53,086|[TRACE] script - #out(` `) [token]
2021-11-19T10:23:53,086|[TRACE] graph - <------- nonSkippedSpace
2021-11-19T10:23:53,086|[TRACE] graph - <----- statementPart
2021-11-19T10:23:53,086|[TRACE] graph - -----> statementPart
2021-11-19T10:23:53,086|[TRACE] graph - -------> nonSkippedChar
2021-11-19T10:23:53,086|[TRACE] script - #out(`I`) [token]
2021-11-19T10:23:53,086|[TRACE] graph - <------- nonSkippedChar
2021-11-19T10:23:53,086|[TRACE] graph - <----- statementPart
2021-11-19T10:23:53,086|[TRACE] graph - -----> statementPart
2021-11-19T10:23:53,086|[TRACE] graph - -------> nonSkippedChar
2021-11-19T10:23:53,086|[TRACE] script - #out(`n`) [token]
2021-11-19T10:23:53,086|[TRACE] graph - <------- nonSkippedChar
2021-11-19T10:23:53,086|[TRACE] graph - <----- statementPart
2021-11-19T10:23:53,086|[TRACE] graph - -----> statementPart
2021-11-19T10:23:53,086|[TRACE] graph - -------> nonSkippedChar
2021-11-19T10:23:53,086|[TRACE] script - #out(`n`) [token]
2021-11-19T10:23:53,086|[TRACE] graph - <------- nonSkippedChar
2021-11-19T10:23:53,086|[TRACE] graph - <----- statementPart
2021-11-19T10:23:53,086|[TRACE] graph - -----> statementPart
2021-11-19T10:23:53,086|[TRACE] graph - -------> nonSkippedChar
2021-11-19T10:23:53,086|[TRACE] script - #out(`o`) [token]
2021-11-19T10:23:53,086|[TRACE] graph - <------- nonSkippedChar
2021-11-19T10:23:53,086|[TRACE] graph - <----- statementPart
2021-11-19T10:23:53,086|[TRACE] graph - -----> statementPart
2021-11-19T10:23:53,086|[TRACE] graph - -------> nonSkippedChar
2021-11-19T10:23:53,086|[TRACE] script - #out(`D`) [token]
2021-11-19T10:23:53,086|[TRACE] graph - <------- nonSkippedChar
2021-11-19T10:23:53,086|[TRACE] graph - <----- statementPart
2021-11-19T10:23:53,086|[TRACE] graph - -----> statementPart
2021-11-19T10:23:53,086|[TRACE] graph - -------> nonSkippedChar
2021-11-19T10:23:53,086|[TRACE] script - #out(`B`) [token]
2021-11-19T10:23:53,086|[TRACE] graph - <------- nonSkippedChar
2021-11-19T10:23:53,086|[TRACE] graph - <----- statementPart
2021-11-19T10:23:53,086|[TRACE] graph - -----> afterStatementPartNewline
2021-11-19T10:23:53,086|[TRACE] script - #out(` `) [text]
2021-11-19T10:23:53,086|[TRACE] graph - <----- afterStatementPartNewline
2021-11-19T10:23:53,086|[TRACE] graph - -----> statementPart
2021-11-19T10:23:53,086|[TRACE] graph - -------> nonSkippedChar
2021-11-19T10:23:53,086|[TRACE] script - #out(`D`) [token]
2021-11-19T10:23:53,086|[TRACE] graph - <------- nonSkippedChar
2021-11-19T10:23:53,086|[TRACE] graph - <----- statementPart
2021-11-19T10:23:53,086|[TRACE] graph - -----> statementPart
2021-11-19T10:23:53,086|[TRACE] graph - -------> nonSkippedChar
2021-11-19T10:23:53,086|[TRACE] script - #out(`E`) [token]
2021-11-19T10:23:53,086|[TRACE] graph - <------- nonSkippedChar
2021-11-19T10:23:53,086|[TRACE] graph - <----- statementPart
2021-11-19T10:23:53,086|[TRACE] graph - -----> statementPart
2021-11-19T10:23:53,086|[TRACE] graph - -------> nonSkippedChar
2021-11-19T10:23:53,086|[TRACE] script - #out(`F`) [token]
2021-11-19T10:23:53,086|[TRACE] graph - <------- nonSkippedChar
2021-11-19T10:23:53,086|[TRACE] graph - <----- statementPart
2021-11-19T10:23:53,086|[TRACE] graph - -----> statementPart
2021-11-19T10:23:53,086|[TRACE] graph - -------> nonSkippedChar
2021-11-19T10:23:53,086|[TRACE] script - #out(`A`) [token]
2021-11-19T10:23:53,086|[TRACE] graph - <------- nonSkippedChar
2021-11-19T10:23:53,086|[TRACE] graph - <----- statementPart
2021-11-19T10:23:53,086|[TRACE] graph - -----> statementPart
2021-11-19T10:23:53,086|[TRACE] graph - -------> nonSkippedChar
2021-11-19T10:23:53,086|[TRACE] script - #out(`U`) [token]
2021-11-19T10:23:53,086|[TRACE] graph - <------- nonSkippedChar
2021-11-19T10:23:53,086|[TRACE] graph - <----- statementPart
2021-11-19T10:23:53,086|[TRACE] graph - -----> statementPart
2021-11-19T10:23:53,086|[TRACE] graph - -------> nonSkippedChar
2021-11-19T10:23:53,086|[TRACE] script - #out(`L`) [token]
2021-11-19T10:23:53,086|[TRACE] graph - <------- nonSkippedChar
2021-11-19T10:23:53,086|[TRACE] graph - <----- statementPart
2021-11-19T10:23:53,086|[TRACE] graph - -----> statementPart
2021-11-19T10:23:53,086|[TRACE] graph - -------> nonSkippedChar
2021-11-19T10:23:53,086|[TRACE] script - #out(`T`) [token]
2021-11-19T10:23:53,086|[TRACE] graph - <------- nonSkippedChar
2021-11-19T10:23:53,086|[TRACE] graph - <----- statementPart
2021-11-19T10:23:53,086|[TRACE] graph - -----> statementPart
2021-11-19T10:23:53,086|[TRACE] graph - -------> nonSkippedSpace
2021-11-19T10:23:53,086|[TRACE] script - #out(` `) [token]
2021-11-19T10:23:53,086|[TRACE] graph - <------- nonSkippedSpace
2021-11-19T10:23:53,086|[TRACE] graph - <----- statementPart
2021-11-19T10:23:53,086|[TRACE] graph - -----> statementPart
2021-11-19T10:23:53,086|[TRACE] graph - -------> nonSkippedChar
2021-11-19T10:23:53,086|[TRACE] script - #out(`C`) [token]
2021-11-19T10:23:53,086|[TRACE] graph - <------- nonSkippedChar
2021-11-19T10:23:53,086|[TRACE] graph - <----- statementPart
2021-11-19T10:23:53,086|[TRACE] graph - -----> statementPart
2021-11-19T10:23:53,086|[TRACE] graph - -------> nonSkippedChar
2021-11-19T10:23:53,086|[TRACE] script - #out(`H`) [token]
2021-11-19T10:23:53,086|[TRACE] graph - <------- nonSkippedChar
2021-11-19T10:23:53,086|[TRACE] graph - <----- statementPart
2021-11-19T10:23:53,086|[TRACE] graph - -----> statementPart
2021-11-19T10:23:53,086|[TRACE] graph - -------> nonSkippedChar
2021-11-19T10:23:53,086|[TRACE] script - #out(`A`) [token]
2021-11-19T10:23:53,086|[TRACE] graph - <------- nonSkippedChar
2021-11-19T10:23:53,086|[TRACE] graph - <----- statementPart
2021-11-19T10:23:53,086|[TRACE] graph - -----> statementPart
2021-11-19T10:23:53,086|[TRACE] graph - -------> nonSkippedChar
2021-11-19T10:23:53,086|[TRACE] script - #out(`R`) [token]
2021-11-19T10:23:53,086|[TRACE] graph - <------- nonSkippedChar
2021-11-19T10:23:53,086|[TRACE] graph - <----- statementPart
2021-11-19T10:23:53,086|[TRACE] graph - -----> statementPart
2021-11-19T10:23:53,086|[TRACE] graph - -------> nonSkippedChar
2021-11-19T10:23:53,086|[TRACE] script - #out(`A`) [token]
2021-11-19T10:23:53,086|[TRACE] graph - <------- nonSkippedChar
2021-11-19T10:23:53,086|[TRACE] graph - <----- statementPart
2021-11-19T10:23:53,086|[TRACE] graph - -----> statementPart
2021-11-19T10:23:53,086|[TRACE] graph - -------> nonSkippedChar
2021-11-19T10:23:53,086|[TRACE] script - #out(`C`) [token]
2021-11-19T10:23:53,086|[TRACE] graph - <------- nonSkippedChar
2021-11-19T10:23:53,086|[TRACE] graph - <----- statementPart
2021-11-19T10:23:53,086|[TRACE] graph - -----> statementPart
2021-11-19T10:23:53,086|[TRACE] graph - -------> nonSkippedChar
2021-11-19T10:23:53,086|[TRACE] script - #out(`T`) [token]
2021-11-19T10:23:53,086|[TRACE] graph - <------- nonSkippedChar
2021-11-19T10:23:53,086|[TRACE] graph - <----- statementPart
2021-11-19T10:23:53,086|[TRACE] graph - -----> statementPart
2021-11-19T10:23:53,086|[TRACE] graph - -------> nonSkippedChar
2021-11-19T10:23:53,086|[TRACE] script - #out(`E`) [token]
2021-11-19T10:23:53,086|[TRACE] graph - <------- nonSkippedChar
2021-11-19T10:23:53,086|[TRACE] graph - <----- statementPart
2021-11-19T10:23:53,086|[TRACE] graph - -----> statementPart
2021-11-19T10:23:53,086|[TRACE] graph - -------> nonSkippedChar
2021-11-19T10:23:53,086|[TRACE] script - #out(`R`) [token]
2021-11-19T10:23:53,086|[TRACE] graph - <------- nonSkippedChar
2021-11-19T10:23:53,086|[TRACE] graph - <----- statementPart
2021-11-19T10:23:53,086|[TRACE] graph - -----> statementPart
2021-11-19T10:23:53,086|[TRACE] graph - -------> nonSkippedSpace
2021-11-19T10:23:53,086|[TRACE] script - #out(` `) [token]
2021-11-19T10:23:53,086|[TRACE] graph - <------- nonSkippedSpace
2021-11-19T10:23:53,086|[TRACE] graph - <----- statementPart
2021-11-19T10:23:53,086|[TRACE] graph - -----> statementPart
2021-11-19T10:23:53,086|[TRACE] graph - -------> nonSkippedChar
2021-11-19T10:23:53,086|[TRACE] script - #out(`S`) [token]
2021-11-19T10:23:53,086|[TRACE] graph - <------- nonSkippedChar
2021-11-19T10:23:53,086|[TRACE] graph - <----- statementPart
2021-11-19T10:23:53,086|[TRACE] graph - -----> statementPart
2021-11-19T10:23:53,086|[TRACE] graph - -------> nonSkippedChar
2021-11-19T10:23:53,086|[TRACE] script - #out(`E`) [token]
2021-11-19T10:23:53,143|[TRACE] graph - <------- nonSkippedChar
2021-11-19T10:23:53,143|[TRACE] graph - <----- statementPart
2021-11-19T10:23:53,143|[TRACE] graph - -----> statementPart
2021-11-19T10:23:53,143|[TRACE] graph - -------> nonSkippedChar
2021-11-19T10:23:53,143|[TRACE] script - #out(`T`) [token]
2021-11-19T10:23:53,143|[TRACE] graph - <------- nonSkippedChar
2021-11-19T10:23:53,143|[TRACE] graph - <----- statementPart
2021-11-19T10:23:53,143|[TRACE] graph - -----> statementPart
2021-11-19T10:23:53,143|[TRACE] graph - -------> nonSkippedSpace
2021-11-19T10:23:53,143|[TRACE] script - #out(` `) [token]
2021-11-19T10:23:53,143|[TRACE] graph - <------- nonSkippedSpace
2021-11-19T10:23:53,143|[TRACE] graph - <----- statementPart
2021-11-19T10:23:53,143|[TRACE] graph - -----> statementPart
2021-11-19T10:23:53,143|[TRACE] graph - -------> nonSkippedChar
2021-11-19T10:23:53,143|[TRACE] script - #out(`=`) [token]
2021-11-19T10:23:53,143|[TRACE] graph - <------- nonSkippedChar
2021-11-19T10:23:53,143|[TRACE] graph - <----- statementPart
2021-11-19T10:23:53,143|[TRACE] graph - -----> statementPart
2021-11-19T10:23:53,143|[TRACE] graph - -------> nonSkippedSpace
2021-11-19T10:23:53,143|[TRACE] script - #out(` `) [token]
2021-11-19T10:23:53,143|[TRACE] graph - <------- nonSkippedSpace
2021-11-19T10:23:53,143|[TRACE] graph - <----- statementPart
2021-11-19T10:23:53,143|[TRACE] graph - -----> statementPart
2021-11-19T10:23:53,143|[TRACE] graph - -------> nonSkippedChar
2021-11-19T10:23:53,143|[TRACE] script - #out(`u`) [token]
2021-11-19T10:23:53,143|[TRACE] graph - <------- nonSkippedChar
2021-11-19T10:23:53,143|[TRACE] graph - <----- statementPart
2021-11-19T10:23:53,143|[TRACE] graph - -----> statementPart
2021-11-19T10:23:53,143|[TRACE] graph - -------> nonSkippedChar
2021-11-19T10:23:53,143|[TRACE] script - #out(`t`) [token]
2021-11-19T10:23:53,143|[TRACE] graph - <------- nonSkippedChar
2021-11-19T10:23:53,143|[TRACE] graph - <----- statementPart
2021-11-19T10:23:53,143|[TRACE] graph - -----> statementPart
2021-11-19T10:23:53,143|[TRACE] graph - -------> nonSkippedChar
2021-11-19T10:23:53,143|[TRACE] script - #out(`f`) [token]
2021-11-19T10:23:53,143|[TRACE] graph - <------- nonSkippedChar
2021-11-19T10:23:53,143|[TRACE] graph - <----- statementPart
2021-11-19T10:23:53,143|[TRACE] graph - -----> statementPart
2021-11-19T10:23:53,143|[TRACE] graph - -------> nonSkippedChar
2021-11-19T10:23:53,143|[TRACE] script - #out(`8`) [token]
2021-11-19T10:23:53,143|[TRACE] graph - <------- nonSkippedChar
2021-11-19T10:23:53,143|[TRACE] graph - <----- statementPart
2021-11-19T10:23:53,143|[TRACE] graph - -----> statementPart
2021-11-19T10:23:53,143|[TRACE] graph - -------> nonSkippedChar
2021-11-19T10:23:53,143|[TRACE] script - #out(`m`) [token]
2021-11-19T10:23:53,143|[TRACE] graph - <------- nonSkippedChar
2021-11-19T10:23:53,143|[TRACE] graph - <----- statementPart
2021-11-19T10:23:53,143|[TRACE] graph - -----> statementPart
2021-11-19T10:23:53,143|[TRACE] graph - -------> nonSkippedChar
2021-11-19T10:23:53,143|[TRACE] script - #out(`b`) [token]
2021-11-19T10:23:53,143|[TRACE] graph - <------- nonSkippedChar
2021-11-19T10:23:53,143|[TRACE] graph - <----- statementPart
2021-11-19T10:23:53,143|[TRACE] graph - -----> statementPart
2021-11-19T10:23:53,143|[TRACE] graph - -------> nonSkippedChar
2021-11-19T10:23:53,143|[TRACE] script - #out(`4`) [token]
2021-11-19T10:23:53,143|[TRACE] graph - <------- nonSkippedChar
2021-11-19T10:23:53,143|[TRACE] graph - <----- statementPart
2021-11-19T10:23:53,143|[TRACE] graph - -----> afterStatementPartNewline
2021-11-19T10:23:53,143|[TRACE] script - #out(` `) [text]
2021-11-19T10:23:53,143|[TRACE] graph - <----- afterStatementPartNewline
2021-11-19T10:23:53,143|[TRACE] graph - -----> statementPart
2021-11-19T10:23:53,143|[TRACE] graph - -------> nonSkippedChar
2021-11-19T10:23:53,143|[TRACE] script - #out(`C`) [token]
2021-11-19T10:23:53,143|[TRACE] graph - <------- nonSkippedChar
2021-11-19T10:23:53,143|[TRACE] graph - <----- statementPart
2021-11-19T10:23:53,143|[TRACE] graph - -----> statementPart
2021-11-19T10:23:53,143|[TRACE] graph - -------> nonSkippedChar
2021-11-19T10:23:53,143|[TRACE] script - #out(`O`) [token]
2021-11-19T10:23:53,143|[TRACE] graph - <------- nonSkippedChar
2021-11-19T10:23:53,143|[TRACE] graph - <----- statementPart
2021-11-19T10:23:53,143|[TRACE] graph - -----> statementPart
2021-11-19T10:23:53,143|[TRACE] graph - -------> nonSkippedChar
2021-11-19T10:23:53,143|[TRACE] script - #out(`L`) [token]
2021-11-19T10:23:53,143|[TRACE] graph - <------- nonSkippedChar
2021-11-19T10:23:53,143|[TRACE] graph - <----- statementPart
2021-11-19T10:23:53,143|[TRACE] graph - -----> statementPart
2021-11-19T10:23:53,143|[TRACE] graph - -------> nonSkippedChar
2021-11-19T10:23:53,143|[TRACE] script - #out(`L`) [token]
2021-11-19T10:23:53,143|[TRACE] graph - <------- nonSkippedChar
2021-11-19T10:23:53,143|[TRACE] graph - <----- statementPart
2021-11-19T10:23:53,143|[TRACE] graph - -----> statementPart
2021-11-19T10:23:53,143|[TRACE] graph - -------> nonSkippedChar
2021-11-19T10:23:53,143|[TRACE] script - #out(`A`) [token]
2021-11-19T10:23:53,143|[TRACE] graph - <------- nonSkippedChar
2021-11-19T10:23:53,143|[TRACE] graph - <----- statementPart
2021-11-19T10:23:53,143|[TRACE] graph - -----> statementPart
2021-11-19T10:23:53,143|[TRACE] graph - -------> nonSkippedChar
2021-11-19T10:23:53,143|[TRACE] script - #out(`T`) [token]
2021-11-19T10:23:53,143|[TRACE] graph - <------- nonSkippedChar
2021-11-19T10:23:53,143|[TRACE] graph - <----- statementPart
2021-11-19T10:23:53,143|[TRACE] graph - -----> statementPart
2021-11-19T10:23:53,143|[TRACE] graph - -------> nonSkippedChar
2021-11-19T10:23:53,143|[TRACE] script - #out(`E`) [token]
2021-11-19T10:23:53,143|[TRACE] graph - <------- nonSkippedChar
2021-11-19T10:23:53,143|[TRACE] graph - <----- statementPart
2021-11-19T10:23:53,143|[TRACE] graph - -----> statementPart
2021-11-19T10:23:53,143|[TRACE] graph - -------> nonSkippedSpace
2021-11-19T10:23:53,143|[TRACE] script - #out(` `) [token]
2021-11-19T10:23:53,143|[TRACE] graph - <------- nonSkippedSpace
2021-11-19T10:23:53,143|[TRACE] graph - <----- statementPart
2021-11-19T10:23:53,143|[TRACE] graph - -----> statementPart
2021-11-19T10:23:53,143|[TRACE] graph - -------> nonSkippedChar
2021-11-19T10:23:53,143|[TRACE] script - #out(`=`) [token]
2021-11-19T10:23:53,143|[TRACE] graph - <------- nonSkippedChar
2021-11-19T10:23:53,143|[TRACE] graph - <----- statementPart
2021-11-19T10:23:53,143|[TRACE] graph - -----> statementPart
2021-11-19T10:23:53,143|[TRACE] graph - -------> nonSkippedSpace
2021-11-19T10:23:53,143|[TRACE] script - #out(` `) [token]
2021-11-19T10:23:53,143|[TRACE] graph - <------- nonSkippedSpace
2021-11-19T10:23:53,143|[TRACE] graph - <----- statementPart
2021-11-19T10:23:53,143|[TRACE] graph - -----> statementPart
2021-11-19T10:23:53,143|[TRACE] graph - -------> nonSkippedChar
2021-11-19T10:23:53,143|[TRACE] script - #out(`u`) [token]
2021-11-19T10:23:53,143|[TRACE] graph - <------- nonSkippedChar
2021-11-19T10:23:53,143|[TRACE] graph - <----- statementPart
2021-11-19T10:23:53,143|[TRACE] graph - -----> statementPart
2021-11-19T10:23:53,143|[TRACE] graph - -------> nonSkippedChar
2021-11-19T10:23:53,143|[TRACE] script - #out(`t`) [token]
2021-11-19T10:23:53,143|[TRACE] graph - <------- nonSkippedChar
2021-11-19T10:23:53,143|[TRACE] graph - <----- statementPart
2021-11-19T10:23:53,143|[TRACE] graph - -----> statementPart
2021-11-19T10:23:53,143|[TRACE] graph - -------> nonSkippedChar
2021-11-19T10:23:53,143|[TRACE] script - #out(`f`) [token]
2021-11-19T10:23:53,143|[TRACE] graph - <------- nonSkippedChar
2021-11-19T10:23:53,143|[TRACE] graph - <----- statementPart
2021-11-19T10:23:53,143|[TRACE] graph - -----> statementPart
2021-11-19T10:23:53,143|[TRACE] graph - -------> nonSkippedChar
2021-11-19T10:23:53,143|[TRACE] script - #out(`8`) [token]
2021-11-19T10:23:53,143|[TRACE] graph - <------- nonSkippedChar
2021-11-19T10:23:53,143|[TRACE] graph - <----- statementPart
2021-11-19T10:23:53,143|[TRACE] graph - -----> statementPart
2021-11-19T10:23:53,143|[TRACE] graph - -------> nonSkippedChar
2021-11-19T10:23:53,143|[TRACE] script - #out(`m`) [token]
2021-11-19T10:23:53,143|[TRACE] graph - <------- nonSkippedChar
2021-11-19T10:23:53,143|[TRACE] graph - <----- statementPart
2021-11-19T10:23:53,143|[TRACE] graph - -----> statementPart
2021-11-19T10:23:53,143|[TRACE] graph - -------> nonSkippedChar
2021-11-19T10:23:53,143|[TRACE] script - #out(`b`) [token]
2021-11-19T10:23:53,143|[TRACE] graph - <------- nonSkippedChar
2021-11-19T10:23:53,143|[TRACE] graph - <----- statementPart
2021-11-19T10:23:53,143|[TRACE] graph - -----> statementPart
2021-11-19T10:23:53,143|[TRACE] graph - -------> nonSkippedChar
2021-11-19T10:23:53,143|[TRACE] script - #out(`4`) [token]
2021-11-19T10:23:53,143|[TRACE] graph - <------- nonSkippedChar
2021-11-19T10:23:53,143|[TRACE] graph - <----- statementPart
2021-11-19T10:23:53,143|[TRACE] graph - -----> statementPart
2021-11-19T10:23:53,143|[TRACE] graph - -------> nonSkippedChar
2021-11-19T10:23:53,143|[TRACE] script - #out(`_`) [token]
2021-11-19T10:23:53,143|[TRACE] graph - <------- nonSkippedChar
2021-11-19T10:23:53,143|[TRACE] graph - <----- statementPart
2021-11-19T10:23:53,143|[TRACE] graph - -----> statementPart
2021-11-19T10:23:53,143|[TRACE] graph - -------> nonSkippedChar
2021-11-19T10:23:53,143|[TRACE] script - #out(`0`) [token]
2021-11-19T10:23:53,143|[TRACE] graph - <------- nonSkippedChar
2021-11-19T10:23:53,143|[TRACE] graph - <----- statementPart
2021-11-19T10:23:53,143|[TRACE] graph - -----> statementPart
2021-11-19T10:23:53,143|[TRACE] graph - -------> nonSkippedChar
2021-11-19T10:23:53,143|[TRACE] script - #out(`9`) [token]
2021-11-19T10:23:53,143|[TRACE] graph - <------- nonSkippedChar
2021-11-19T10:23:53,143|[TRACE] graph - <----- statementPart
2021-11-19T10:23:53,143|[TRACE] graph - -----> statementPart
2021-11-19T10:23:53,143|[TRACE] graph - -------> nonSkippedChar
2021-11-19T10:23:53,143|[TRACE] script - #out(`0`) [token]
2021-11-19T10:23:53,143|[TRACE] graph - <------- nonSkippedChar
2021-11-19T10:23:53,143|[TRACE] graph - <----- statementPart
2021-11-19T10:23:53,143|[TRACE] graph - -----> statementPart
2021-11-19T10:23:53,143|[TRACE] graph - -------> nonSkippedChar
2021-11-19T10:23:53,143|[TRACE] script - #out(`0`) [token]
2021-11-19T10:23:53,143|[TRACE] graph - <------- nonSkippedChar
2021-11-19T10:23:53,143|[TRACE] graph - <----- statementPart
2021-11-19T10:23:53,143|[TRACE] graph - -----> statementPart
2021-11-19T10:23:53,143|[TRACE] graph - -------> nonSkippedChar
2021-11-19T10:23:53,143|[TRACE] script - #out(`_`) [token]
2021-11-19T10:23:53,143|[TRACE] graph - <------- nonSkippedChar
2021-11-19T10:23:53,143|[TRACE] graph - <----- statementPart
2021-11-19T10:23:53,143|[TRACE] graph - -----> statementPart
2021-11-19T10:23:53,143|[TRACE] graph - -------> nonSkippedChar
2021-11-19T10:23:53,143|[TRACE] script - #out(`a`) [token]
2021-11-19T10:23:53,143|[TRACE] graph - <------- nonSkippedChar
2021-11-19T10:23:53,143|[TRACE] graph - <----- statementPart
2021-11-19T10:23:53,143|[TRACE] graph - -----> statementPart
2021-11-19T10:23:53,143|[TRACE] graph - -------> nonSkippedChar
2021-11-19T10:23:53,143|[TRACE] script - #out(`i`) [token]
2021-11-19T10:23:53,143|[TRACE] graph - <------- nonSkippedChar
2021-11-19T10:23:53,143|[TRACE] graph - <----- statementPart
2021-11-19T10:23:53,143|[TRACE] graph - -----> statementPart
2021-11-19T10:23:53,143|[TRACE] graph - -------> nonSkippedChar
2021-11-19T10:23:53,143|[TRACE] script - #out(`_`) [token]
2021-11-19T10:23:53,143|[TRACE] graph - <------- nonSkippedChar
2021-11-19T10:23:53,143|[TRACE] graph - <----- statementPart
2021-11-19T10:23:53,143|[TRACE] graph - -----> statementPart
2021-11-19T10:23:53,143|[TRACE] graph - -------> nonSkippedChar
2021-11-19T10:23:53,143|[TRACE] script - #out(`c`) [token]
2021-11-19T10:23:53,143|[TRACE] graph - <------- nonSkippedChar
2021-11-19T10:23:53,143|[TRACE] graph - <----- statementPart
2021-11-19T10:23:53,143|[TRACE] graph - -----> statementPart
2021-11-19T10:23:53,143|[TRACE] graph - -------> nonSkippedChar
2021-11-19T10:23:53,143|[TRACE] script - #out(`i`) [token]
2021-11-19T10:23:53,143|[TRACE] graph - <------- nonSkippedChar
2021-11-19T10:23:53,143|[TRACE] graph - <----- statementPart
2021-11-19T10:23:53,143|[DEBUG] graph - Import statement : CREATE TABLE IF NOT EXISTS `bloodbank`.`person` (   `id` INT NOT NULL AUTO_INCREMENT,   `first_name` VARCHAR(50) NOT NULL,   `last_name` VARCHAR(50) NOT NULL,   `created` BIGINT NOT NULL DEFAULT (unix_timestamp(now()) * 1000),   `updated` BIGINT NOT NULL DEFAULT (unix_timestamp(now()) * 1000),   `version` INT NOT NULL DEFAULT '1',   PRIMARY KEY (`id`)) ENGINE = InnoDB DEFAULT CHARACTER SET = utf8mb4 COLLATE = utf8mb4_0900_ai_ci
2021-11-19T10:23:53,143|[TRACE] graph - <--- statement
2021-11-19T10:23:53,143|[TRACE] graph - ---> blankSpacesToSkip
2021-11-19T10:23:53,143|[TRACE] graph - -----> newLineToSkip
2021-11-19T10:23:53,143|[TRACE] graph - <----- newLineToSkip
2021-11-19T10:23:53,143|[TRACE] graph - -----> newLineToSkip
2021-11-19T10:23:53,143|[TRACE] graph - <----- newLineToSkip
2021-11-19T10:23:53,143|[TRACE] graph - -----> newLineToSkip
2021-11-19T10:23:53,143|[TRACE] graph - <----- newLineToSkip
2021-11-19T10:23:53,143|[TRACE] graph - -----> newLineToSkip
2021-11-19T10:23:53,143|[TRACE] graph - <----- newLineToSkip
2021-11-19T10:23:53,143|[TRACE] graph - -----> newLineToSkip
2021-11-19T10:23:53,143|[TRACE] graph - <----- newLineToSkip
2021-11-19T10:23:53,143|[TRACE] graph - -----> newLineToSkip
2021-11-19T10:23:53,143|[TRACE] graph - <----- newLineToSkip
2021-11-19T10:23:53,143|[TRACE] graph - <--- blankSpacesToSkip
2021-11-19T10:23:53,143|[TRACE] graph - ---> statement
2021-11-19T10:23:53,143|[TRACE] graph - -----> statementFirstPart
2021-11-19T10:23:53,143|[TRACE] graph - -------> nonSkippedChar
2021-11-19T10:23:53,143|[TRACE] script - #out(`C`) [token]
2021-11-19T10:23:53,143|[TRACE] graph - <------- nonSkippedChar
2021-11-19T10:23:53,143|[TRACE] graph - <----- statementFirstPart
2021-11-19T10:23:53,143|[TRACE] graph - -----> statementPart
2021-11-19T10:23:53,143|[TRACE] graph - -------> nonSkippedChar
2021-11-19T10:23:53,143|[TRACE] script - #out(`R`) [token]
2021-11-19T10:23:53,143|[TRACE] graph - <------- nonSkippedChar
2021-11-19T10:23:53,143|[TRACE] graph - <----- statementPart
2021-11-19T10:23:53,144|[TRACE] graph - -----> statementPart
2021-11-19T10:23:53,144|[TRACE] graph - -------> nonSkippedChar
2021-11-19T10:23:53,144|[TRACE] script - #out(`E`) [token]
2021-11-19T10:23:53,144|[TRACE] graph - <------- nonSkippedChar
2021-11-19T10:23:53,144|[TRACE] graph - <----- statementPart
2021-11-19T10:23:53,144|[TRACE] graph - -----> statementPart
2021-11-19T10:23:53,144|[TRACE] graph - -------> nonSkippedChar
2021-11-19T10:23:53,144|[TRACE] script - #out(`A`) [token]
2021-11-19T10:23:53,144|[TRACE] graph - <------- nonSkippedChar
2021-11-19T10:23:53,144|[TRACE] graph - <----- statementPart
2021-11-19T10:23:53,144|[TRACE] graph - -----> statementPart
2021-11-19T10:23:53,144|[TRACE] graph - -------> nonSkippedChar
2021-11-19T10:23:53,144|[TRACE] script - #out(`T`) [token]
2021-11-19T10:23:53,144|[TRACE] graph - <------- nonSkippedChar
2021-11-19T10:23:53,144|[TRACE] graph - <----- statementPart
2021-11-19T10:23:53,144|[TRACE] graph - -----> statementPart
2021-11-19T10:23:53,144|[TRACE] graph - -------> nonSkippedChar
2021-11-19T10:23:53,144|[TRACE] script - #out(`E`) [token]
2021-11-19T10:23:53,144|[TRACE] graph - <------- nonSkippedChar
2021-11-19T10:23:53,144|[TRACE] graph - <----- statementPart
2021-11-19T10:23:53,144|[TRACE] graph - -----> statementPart
2021-11-19T10:23:53,144|[TRACE] graph - -------> nonSkippedSpace
2021-11-19T10:23:53,144|[TRACE] script - #out(` `) [token]
2021-11-19T10:23:53,144|[TRACE] graph - <------- nonSkippedSpace
2021-11-19T10:23:53,144|[TRACE] graph - <----- statementPart
2021-11-19T10:23:53,144|[TRACE] graph - -----> statementPart
2021-11-19T10:23:53,144|[TRACE] graph - -------> nonSkippedChar
2021-11-19T10:23:53,144|[TRACE] script - #out(`T`) [token]
2021-11-19T10:23:53,144|[TRACE] graph - <------- nonSkippedChar
2021-11-19T10:23:53,144|[TRACE] graph - <----- statementPart
2021-11-19T10:23:53,144|[TRACE] graph - -----> statementPart
2021-11-19T10:23:53,144|[TRACE] graph - -------> nonSkippedChar
2021-11-19T10:23:53,144|[TRACE] script - #out(`A`) [token]
2021-11-19T10:23:53,144|[TRACE] graph - <------- nonSkippedChar
2021-11-19T10:23:53,144|[TRACE] graph - <----- statementPart
2021-11-19T10:23:53,144|[TRACE] graph - -----> statementPart
2021-11-19T10:23:53,144|[TRACE] graph - -------> nonSkippedChar
2021-11-19T10:23:53,144|[TRACE] script - #out(`B`) [token]
2021-11-19T10:23:53,144|[TRACE] graph - <------- nonSkippedChar
2021-11-19T10:23:53,144|[TRACE] graph - <----- statementPart
2021-11-19T10:23:53,144|[TRACE] graph - -----> statementPart
2021-11-19T10:23:53,144|[TRACE] graph - -------> nonSkippedChar
2021-11-19T10:23:53,144|[TRACE] script - #out(`L`) [token]
2021-11-19T10:23:53,144|[TRACE] graph - <------- nonSkippedChar
2021-11-19T10:23:53,144|[TRACE] graph - <----- statementPart
2021-11-19T10:23:53,144|[TRACE] graph - -----> statementPart
2021-11-19T10:23:53,144|[TRACE] graph - -------> nonSkippedChar
2021-11-19T10:23:53,144|[TRACE] script - #out(`E`) [token]
2021-11-19T10:23:53,144|[TRACE] graph - <------- nonSkippedChar
2021-11-19T10:23:53,144|[TRACE] graph - <----- statementPart
2021-11-19T10:23:53,144|[TRACE] graph - -----> statementPart
2021-11-19T10:23:53,144|[TRACE] graph - -------> nonSkippedSpace
2021-11-19T10:23:53,144|[TRACE] script - #out(` `) [token]
2021-11-19T10:23:53,144|[TRACE] graph - <------- nonSkippedSpace
2021-11-19T10:23:53,144|[TRACE] graph - <----- statementPart
2021-11-19T10:23:53,144|[TRACE] graph - -----> statementPart
2021-11-19T10:23:53,144|[TRACE] graph - -------> nonSkippedChar
2021-11-19T10:23:53,144|[TRACE] script - #out(`I`) [token]
2021-11-19T10:23:53,144|[TRACE] graph - <------- nonSkippedChar
2021-11-19T10:23:53,144|[TRACE] graph - <----- statementPart
2021-11-19T10:23:53,144|[TRACE] graph - -----> statementPart
2021-11-19T10:23:53,144|[TRACE] graph - -------> nonSkippedChar
2021-11-19T10:23:53,144|[TRACE] script - #out(`F`) [token]
2021-11-19T10:23:53,144|[TRACE] graph - <------- nonSkippedChar
2021-11-19T10:23:53,144|[TRACE] graph - <----- statementPart
2021-11-19T10:23:53,144|[TRACE] graph - -----> statementPart
2021-11-19T10:23:53,144|[TRACE] graph - -------> nonSkippedSpace
2021-11-19T10:23:53,144|[TRACE] script - #out(` `) [token]
2021-11-19T10:23:53,144|[TRACE] graph - <------- nonSkippedSpace
2021-11-19T10:23:53,144|[TRACE] graph - <----- statementPart
2021-11-19T10:23:53,144|[TRACE] graph - -----> statementPart
2021-11-19T10:23:53,144|[TRACE] graph - -------> nonSkippedChar
2021-11-19T10:23:53,144|[TRACE] script - #out(`N`) [token]
2021-11-19T10:23:53,144|[TRACE] graph - <------- nonSkippedChar
2021-11-19T10:23:53,144|[TRACE] graph - <----- statementPart
2021-11-19T10:23:53,144|[TRACE] graph - -----> statementPart
2021-11-19T10:23:53,144|[TRACE] graph - -------> nonSkippedChar
2021-11-19T10:23:53,144|[TRACE] script - #out(`O`) [token]
2021-11-19T10:23:53,144|[TRACE] graph - <------- nonSkippedChar
2021-11-19T10:23:53,144|[TRACE] graph - <----- statementPart
2021-11-19T10:23:53,144|[TRACE] graph - -----> statementPart
2021-11-19T10:23:53,144|[TRACE] graph - -------> nonSkippedChar
2021-11-19T10:23:53,144|[TRACE] script - #out(`T`) [token]
2021-11-19T10:23:53,144|[TRACE] graph - <------- nonSkippedChar
2021-11-19T10:23:53,144|[TRACE] graph - <----- statementPart
2021-11-19T10:23:53,144|[TRACE] graph - -----> statementPart
2021-11-19T10:23:53,144|[TRACE] graph - -------> nonSkippedSpace
2021-11-19T10:23:53,144|[TRACE] script - #out(` `) [token]
2021-11-19T10:23:53,144|[TRACE] graph - <------- nonSkippedSpace
2021-11-19T10:23:53,144|[TRACE] graph - <----- statementPart
2021-11-19T10:23:53,144|[TRACE] graph - -----> statementPart
2021-11-19T10:23:53,144|[TRACE] graph - -------> nonSkippedChar
2021-11-19T10:23:53,144|[TRACE] script - #out(`E`) [token]
2021-11-19T10:23:53,144|[TRACE] graph - <------- nonSkippedChar
2021-11-19T10:23:53,144|[TRACE] graph - <----- statementPart
2021-11-19T10:23:53,144|[TRACE] graph - -----> statementPart
2021-11-19T10:23:53,144|[TRACE] graph - -------> nonSkippedChar
2021-11-19T10:23:53,144|[TRACE] script - #out(`X`) [token]
2021-11-19T10:23:53,144|[TRACE] graph - <------- nonSkippedChar
2021-11-19T10:23:53,144|[TRACE] graph - <----- statementPart
2021-11-19T10:23:53,144|[TRACE] graph - -----> statementPart
2021-11-19T10:23:53,144|[TRACE] graph - -------> nonSkippedChar
2021-11-19T10:23:53,144|[TRACE] script - #out(`I`) [token]
2021-11-19T10:23:53,144|[TRACE] graph - <------- nonSkippedChar
2021-11-19T10:23:53,144|[TRACE] graph - <----- statementPart
2021-11-19T10:23:53,144|[TRACE] graph - -----> statementPart
2021-11-19T10:23:53,144|[TRACE] graph - -------> nonSkippedChar
2021-11-19T10:23:53,144|[TRACE] script - #out(`S`) [token]
2021-11-19T10:23:53,144|[TRACE] graph - <------- nonSkippedChar
2021-11-19T10:23:53,144|[TRACE] graph - <----- statementPart
2021-11-19T10:23:53,144|[TRACE] graph - -----> statementPart
2021-11-19T10:23:53,144|[TRACE] graph - -------> nonSkippedChar
2021-11-19T10:23:53,144|[TRACE] script - #out(`T`) [token]
2021-11-19T10:23:53,144|[TRACE] graph - <------- nonSkippedChar
2021-11-19T10:23:53,144|[TRACE] graph - <----- statementPart
2021-11-19T10:23:53,144|[TRACE] graph - -----> statementPart
2021-11-19T10:23:53,144|[TRACE] graph - -------> nonSkippedChar
2021-11-19T10:23:53,144|[TRACE] script - #out(`S`) [token]
2021-11-19T10:23:53,144|[TRACE] graph - <------- nonSkippedChar
2021-11-19T10:23:53,144|[TRACE] graph - <----- statementPart
2021-11-19T10:23:53,144|[TRACE] graph - -----> statementPart
2021-11-19T10:23:53,144|[TRACE] graph - -------> nonSkippedSpace
2021-11-19T10:23:53,144|[TRACE] script - #out(` `) [token]
2021-11-19T10:23:53,144|[TRACE] graph - <------- nonSkippedSpace
2021-11-19T10:23:53,144|[TRACE] graph - <----- statementPart
2021-11-19T10:23:53,144|[TRACE] graph - -----> statementPart
2021-11-19T10:23:53,144|[TRACE] graph - -------> quotedString
2021-11-19T10:23:53,144|[TRACE] script - #out(``bloodbank``) [token]
2021-11-19T10:23:53,144|[TRACE] graph - <------- quotedString
2021-11-19T10:23:53,144|[TRACE] graph - <----- statementPart
2021-11-19T10:23:53,144|[TRACE] graph - -----> statementPart
2021-11-19T10:23:53,144|[TRACE] graph - -------> nonSkippedChar
2021-11-19T10:23:53,144|[TRACE] script - #out(`.`) [token]
2021-11-19T10:23:53,144|[TRACE] graph - <------- nonSkippedChar
2021-11-19T10:23:53,144|[TRACE] graph - <----- statementPart
2021-11-19T10:23:53,144|[TRACE] graph - -----> statementPart
2021-11-19T10:23:53,144|[TRACE] graph - -------> quotedString
2021-11-19T10:23:53,144|[TRACE] script - #out(``blood_bank``) [token]
2021-11-19T10:23:53,144|[TRACE] graph - <------- quotedString
2021-11-19T10:23:53,144|[TRACE] graph - <----- statementPart
2021-11-19T10:23:53,144|[TRACE] graph - -----> statementPart
2021-11-19T10:23:53,144|[TRACE] graph - -------> nonSkippedSpace
2021-11-19T10:23:53,144|[TRACE] script - #out(` `) [token]
2021-11-19T10:23:53,144|[TRACE] graph - <------- nonSkippedSpace
2021-11-19T10:23:53,144|[TRACE] graph - <----- statementPart
2021-11-19T10:23:53,144|[TRACE] graph - -----> statementPart
2021-11-19T10:23:53,144|[TRACE] graph - -------> nonSkippedChar
2021-11-19T10:23:53,144|[TRACE] script - #out(`(`) [token]
2021-11-19T10:23:53,144|[TRACE] graph - <------- nonSkippedChar
2021-11-19T10:23:53,144|[TRACE] graph - <----- statementPart
2021-11-19T10:23:53,144|[TRACE] graph - -----> afterStatementPartNewline
2021-11-19T10:23:53,144|[TRACE] script - #out(` `) [text]
2021-11-19T10:23:53,144|[TRACE] graph - <----- afterStatementPartNewline
2021-11-19T10:23:53,144|[TRACE] graph - -----> statementPart
2021-11-19T10:23:53,144|[TRACE] graph - -------> nonSkippedSpace
2021-11-19T10:23:53,144|[TRACE] script - #out(` `) [token]
2021-11-19T10:23:53,144|[TRACE] graph - <------- nonSkippedSpace
2021-11-19T10:23:53,144|[TRACE] graph - <----- statementPart
2021-11-19T10:23:53,144|[TRACE] graph - -----> statementPart
2021-11-19T10:23:53,144|[TRACE] graph - -------> nonSkippedSpace
2021-11-19T10:23:53,144|[TRACE] script - #out(` `) [token]
2021-11-19T10:23:53,144|[TRACE] graph - <------- nonSkippedSpace
2021-11-19T10:23:53,144|[TRACE] graph - <----- statementPart
2021-11-19T10:23:53,144|[TRACE] graph - -----> statementPart
2021-11-19T10:23:53,144|[TRACE] graph - -------> quotedString
2021-11-19T10:23:53,144|[TRACE] script - #out(``bank_id``) [token]
2021-11-19T10:23:53,144|[TRACE] graph - <------- quotedString
2021-11-19T10:23:53,144|[TRACE] graph - <----- statementPart
2021-11-19T10:23:53,144|[TRACE] graph - -----> statementPart
2021-11-19T10:23:53,144|[TRACE] graph - -------> nonSkippedSpace
2021-11-19T10:23:53,144|[TRACE] script - #out(` `) [token]
2021-11-19T10:23:53,144|[TRACE] graph - <------- nonSkippedSpace
2021-11-19T10:23:53,144|[TRACE] graph - <----- statementPart
2021-11-19T10:23:53,144|[TRACE] graph - -----> statementPart
2021-11-19T10:23:53,144|[TRACE] graph - -------> nonSkippedChar
2021-11-19T10:23:53,144|[TRACE] script - #out(`I`) [token]
2021-11-19T10:23:53,144|[TRACE] graph - <------- nonSkippedChar
2021-11-19T10:23:53,144|[TRACE] graph - <----- statementPart
2021-11-19T10:23:53,144|[TRACE] graph - -----> statementPart
2021-11-19T10:23:53,144|[TRACE] graph - -------> nonSkippedChar
2021-11-19T10:23:53,144|[TRACE] script - #out(`N`) [token]
2021-11-19T10:23:53,144|[TRACE] graph - <------- nonSkippedChar
2021-11-19T10:23:53,144|[TRACE] graph - <----- statementPart
2021-11-19T10:23:53,144|[TRACE] graph - -----> statementPart
2021-11-19T10:23:53,144|[TRACE] graph - -------> nonSkippedChar
2021-11-19T10:23:53,144|[TRACE] script - #out(`T`) [token]
2021-11-19T10:23:53,144|[TRACE] graph - <------- nonSkippedChar
2021-11-19T10:23:53,144|[TRACE] graph - <----- statementPart
2021-11-19T10:23:53,144|[TRACE] graph - -----> statementPart
2021-11-19T10:23:53,144|[TRACE] graph - -------> nonSkippedSpace
2021-11-19T10:23:53,144|[TRACE] script - #out(` `) [token]
2021-11-19T10:23:53,144|[TRACE] graph - <------- nonSkippedSpace
2021-11-19T10:23:53,144|[TRACE] graph - <----- statementPart
2021-11-19T10:23:53,144|[TRACE] graph - -----> statementPart
2021-11-19T10:23:53,144|[TRACE] graph - -------> nonSkippedChar
2021-11-19T10:23:53,144|[TRACE] script - #out(`N`) [token]
2021-11-19T10:23:53,144|[TRACE] graph - <------- nonSkippedChar
2021-11-19T10:23:53,144|[TRACE] graph - <----- statementPart
2021-11-19T10:23:53,144|[TRACE] graph - -----> statementPart
2021-11-19T10:23:53,144|[TRACE] graph - -------> nonSkippedChar
2021-11-19T10:23:53,144|[TRACE] script - #out(`O`) [token]
2021-11-19T10:23:53,144|[TRACE] graph - <------- nonSkippedChar
2021-11-19T10:23:53,144|[TRACE] graph - <----- statementPart
2021-11-19T10:23:53,144|[TRACE] graph - -----> statementPart
2021-11-19T10:23:53,144|[TRACE] graph - -------> nonSkippedChar
2021-11-19T10:23:53,144|[TRACE] script - #out(`T`) [token]
2021-11-19T10:23:53,144|[TRACE] graph - <------- nonSkippedChar
2021-11-19T10:23:53,144|[TRACE] graph - <----- statementPart
2021-11-19T10:23:53,144|[TRACE] graph - -----> statementPart
2021-11-19T10:23:53,144|[TRACE] graph - -------> nonSkippedSpace
2021-11-19T10:23:53,144|[TRACE] script - #out(` `) [token]
2021-11-19T10:23:53,144|[TRACE] graph - <------- nonSkippedSpace
2021-11-19T10:23:53,144|[TRACE] graph - <----- statementPart
2021-11-19T10:23:53,144|[TRACE] graph - -----> statementPart
2021-11-19T10:23:53,144|[TRACE] graph - -------> nonSkippedChar
2021-11-19T10:23:53,144|[TRACE] script - #out(`N`) [token]
2021-11-19T10:23:53,144|[TRACE] graph - <------- nonSkippedChar
2021-11-19T10:23:53,144|[TRACE] graph - <----- statementPart
2021-11-19T10:23:53,144|[TRACE] graph - -----> statementPart
2021-11-19T10:23:53,144|[TRACE] graph - -------> nonSkippedChar
2021-11-19T10:23:53,144|[TRACE] script - #out(`U`) [token]
2021-11-19T10:23:53,144|[TRACE] graph - <------- nonSkippedChar
2021-11-19T10:23:53,144|[TRACE] graph - <----- statementPart
2021-11-19T10:23:53,144|[TRACE] graph - -----> statementPart
2021-11-19T10:23:53,144|[TRACE] graph - -------> nonSkippedChar
2021-11-19T10:23:53,144|[TRACE] script - #out(`L`) [token]
2021-11-19T10:23:53,144|[TRACE] graph - <------- nonSkippedChar
2021-11-19T10:23:53,144|[TRACE] graph - <----- statementPart
2021-11-19T10:23:53,144|[TRACE] graph - -----> statementPart
2021-11-19T10:23:53,144|[TRACE] graph - -------> nonSkippedChar
2021-11-19T10:23:53,144|[TRACE] script - #out(`L`) [token]
2021-11-19T10:23:53,144|[TRACE] graph - <------- nonSkippedChar
2021-11-19T10:23:53,144|[TRACE] graph - <----- statementPart
2021-11-19T10:23:53,203|[TRACE] graph - -----> statementPart
2021-11-19T10:23:53,203|[TRACE] graph - -------> nonSkippedSpace
2021-11-19T10:23:53,203|[TRACE] script - #out(` `) [token]
2021-11-19T10:23:53,203|[TRACE] graph - <------- nonSkippedSpace
2021-11-19T10:23:53,203|[TRACE] graph - <----- statementPart
2021-11-19T10:23:53,203|[TRACE] graph - -----> statementPart
2021-11-19T10:23:53,203|[TRACE] graph - -------> nonSkippedChar
2021-11-19T10:23:53,203|[TRACE] script - #out(`A`) [token]
2021-11-19T10:23:53,203|[TRACE] graph - <------- nonSkippedChar
2021-11-19T10:23:53,203|[TRACE] graph - <----- statementPart
2021-11-19T10:23:53,203|[TRACE] graph - -----> statementPart
2021-11-19T10:23:53,203|[TRACE] graph - -------> nonSkippedChar
2021-11-19T10:23:53,203|[TRACE] script - #out(`U`) [token]
2021-11-19T10:23:53,203|[TRACE] graph - <------- nonSkippedChar
2021-11-19T10:23:53,203|[TRACE] graph - <----- statementPart
2021-11-19T10:23:53,203|[TRACE] graph - -----> statementPart
2021-11-19T10:23:53,203|[TRACE] graph - -------> nonSkippedChar
2021-11-19T10:23:53,203|[TRACE] script - #out(`T`) [token]
2021-11-19T10:23:53,203|[TRACE] graph - <------- nonSkippedChar
2021-11-19T10:23:53,203|[TRACE] graph - <----- statementPart
2021-11-19T10:23:53,203|[TRACE] graph - -----> statementPart
2021-11-19T10:23:53,203|[TRACE] graph - -------> nonSkippedChar
2021-11-19T10:23:53,203|[TRACE] script - #out(`O`) [token]
2021-11-19T10:23:53,203|[TRACE] graph - <------- nonSkippedChar
2021-11-19T10:23:53,203|[TRACE] graph - <----- statementPart
2021-11-19T10:23:53,203|[TRACE] graph - -----> statementPart
2021-11-19T10:23:53,203|[TRACE] graph - -------> nonSkippedChar
2021-11-19T10:23:53,203|[TRACE] script - #out(`_`) [token]
2021-11-19T10:23:53,203|[TRACE] graph - <------- nonSkippedChar
2021-11-19T10:23:53,203|[TRACE] graph - <----- statementPart
2021-11-19T10:23:53,203|[TRACE] graph - -----> statementPart
2021-11-19T10:23:53,203|[TRACE] graph - -------> nonSkippedChar
2021-11-19T10:23:53,203|[TRACE] script - #out(`I`) [token]
2021-11-19T10:23:53,203|[TRACE] graph - <------- nonSkippedChar
2021-11-19T10:23:53,203|[TRACE] graph - <----- statementPart
2021-11-19T10:23:53,203|[TRACE] graph - -----> statementPart
2021-11-19T10:23:53,203|[TRACE] graph - -------> nonSkippedChar
2021-11-19T10:23:53,203|[TRACE] script - #out(`N`) [token]
2021-11-19T10:23:53,203|[TRACE] graph - <------- nonSkippedChar
2021-11-19T10:23:53,203|[TRACE] graph - <----- statementPart
2021-11-19T10:23:53,203|[TRACE] graph - -----> statementPart
2021-11-19T10:23:53,203|[TRACE] graph - -------> nonSkippedChar
2021-11-19T10:23:53,203|[TRACE] script - #out(`C`) [token]
2021-11-19T10:23:53,203|[TRACE] graph - <------- nonSkippedChar
2021-11-19T10:23:53,203|[TRACE] graph - <----- statementPart
2021-11-19T10:23:53,203|[TRACE] graph - -----> statementPart
2021-11-19T10:23:53,203|[TRACE] graph - -------> nonSkippedChar
2021-11-19T10:23:53,203|[TRACE] script - #out(`R`) [token]
2021-11-19T10:23:53,203|[TRACE] graph - <------- nonSkippedChar
2021-11-19T10:23:53,203|[TRACE] graph - <----- statementPart
2021-11-19T10:23:53,203|[TRACE] graph - -----> statementPart
2021-11-19T10:23:53,203|[TRACE] graph - -------> nonSkippedChar
2021-11-19T10:23:53,203|[TRACE] script - #out(`E`) [token]
2021-11-19T10:23:53,203|[TRACE] graph - <------- nonSkippedChar
2021-11-19T10:23:53,203|[TRACE] graph - <----- statementPart
2021-11-19T10:23:53,203|[TRACE] graph - -----> statementPart
2021-11-19T10:23:53,203|[TRACE] graph - -------> nonSkippedChar
2021-11-19T10:23:53,203|[TRACE] script - #out(`M`) [token]
2021-11-19T10:23:53,203|[TRACE] graph - <------- nonSkippedChar
2021-11-19T10:23:53,203|[TRACE] graph - <----- statementPart
2021-11-19T10:23:53,203|[TRACE] graph - -----> statementPart
2021-11-19T10:23:53,203|[TRACE] graph - -------> nonSkippedChar
2021-11-19T10:23:53,203|[TRACE] script - #out(`E`) [token]
2021-11-19T10:23:53,203|[TRACE] graph - <------- nonSkippedChar
2021-11-19T10:23:53,203|[TRACE] graph - <----- statementPart
2021-11-19T10:23:53,203|[TRACE] graph - -----> statementPart
2021-11-19T10:23:53,203|[TRACE] graph - -------> nonSkippedChar
2021-11-19T10:23:53,203|[TRACE] script - #out(`N`) [token]
2021-11-19T10:23:53,203|[TRACE] graph - <------- nonSkippedChar
2021-11-19T10:23:53,203|[TRACE] graph - <----- statementPart
2021-11-19T10:23:53,203|[TRACE] graph - -----> statementPart
2021-11-19T10:23:53,203|[TRACE] graph - -------> nonSkippedChar
2021-11-19T10:23:53,203|[TRACE] script - #out(`T`) [token]
2021-11-19T10:23:53,203|[TRACE] graph - <------- nonSkippedChar
2021-11-19T10:23:53,203|[TRACE] graph - <----- statementPart
2021-11-19T10:23:53,203|[TRACE] graph - -----> statementPart
2021-11-19T10:23:53,203|[TRACE] graph - -------> nonSkippedChar
2021-11-19T10:23:53,203|[TRACE] script - #out(`,`) [token]
2021-11-19T10:23:53,203|[TRACE] graph - <------- nonSkippedChar
2021-11-19T10:23:53,203|[TRACE] graph - <----- statementPart
2021-11-19T10:23:53,203|[TRACE] graph - -----> afterStatementPartNewline
2021-11-19T10:23:53,203|[TRACE] script - #out(` `) [text]
2021-11-19T10:23:53,203|[TRACE] graph - <----- afterStatementPartNewline
2021-11-19T10:23:53,203|[TRACE] graph - -----> statementPart
2021-11-19T10:23:53,203|[TRACE] graph - -------> nonSkippedSpace
2021-11-19T10:23:53,203|[TRACE] script - #out(` `) [token]
2021-11-19T10:23:53,203|[TRACE] graph - <------- nonSkippedSpace
2021-11-19T10:23:53,203|[TRACE] graph - <----- statementPart
2021-11-19T10:23:53,203|[TRACE] graph - -----> statementPart
2021-11-19T10:23:53,203|[TRACE] graph - -------> nonSkippedSpace
2021-11-19T10:23:53,203|[TRACE] script - #out(` `) [token]
2021-11-19T10:23:53,203|[TRACE] graph - <------- nonSkippedSpace
2021-11-19T10:23:53,203|[TRACE] graph - <----- statementPart
2021-11-19T10:23:53,203|[TRACE] graph - -----> statementPart
2021-11-19T10:23:53,203|[TRACE] graph - -------> quotedString
2021-11-19T10:23:53,203|[TRACE] script - #out(``name``) [token]
2021-11-19T10:23:53,203|[TRACE] graph - <------- quotedString
2021-11-19T10:23:53,203|[TRACE] graph - <----- statementPart
2021-11-19T10:23:53,203|[TRACE] graph - -----> statementPart
2021-11-19T10:23:53,203|[TRACE] graph - -------> nonSkippedSpace
2021-11-19T10:23:53,203|[TRACE] script - #out(` `) [token]
2021-11-19T10:23:53,203|[TRACE] graph - <------- nonSkippedSpace
2021-11-19T10:23:53,203|[TRACE] graph - <----- statementPart
2021-11-19T10:23:53,203|[TRACE] graph - -----> statementPart
2021-11-19T10:23:53,203|[TRACE] graph - -------> nonSkippedChar
2021-11-19T10:23:53,203|[TRACE] script - #out(`V`) [token]
2021-11-19T10:23:53,203|[TRACE] graph - <------- nonSkippedChar
2021-11-19T10:23:53,203|[TRACE] graph - <----- statementPart
2021-11-19T10:23:53,203|[TRACE] graph - -----> statementPart
2021-11-19T10:23:53,203|[TRACE] graph - -------> nonSkippedChar
2021-11-19T10:23:53,203|[TRACE] script - #out(`A`) [token]
2021-11-19T10:23:53,203|[TRACE] graph - <------- nonSkippedChar
2021-11-19T10:23:53,203|[TRACE] graph - <----- statementPart
2021-11-19T10:23:53,203|[TRACE] graph - -----> statementPart
2021-11-19T10:23:53,203|[TRACE] graph - -------> nonSkippedChar
2021-11-19T10:23:53,203|[TRACE] script - #out(`R`) [token]
2021-11-19T10:23:53,203|[TRACE] graph - <------- nonSkippedChar
2021-11-19T10:23:53,203|[TRACE] graph - <----- statementPart
2021-11-19T10:23:53,203|[TRACE] graph - -----> statementPart
2021-11-19T10:23:53,203|[TRACE] graph - -------> nonSkippedChar
2021-11-19T10:23:53,203|[TRACE] script - #out(`C`) [token]
2021-11-19T10:23:53,203|[TRACE] graph - <------- nonSkippedChar
2021-11-19T10:23:53,203|[TRACE] graph - <----- statementPart
2021-11-19T10:23:53,203|[TRACE] graph - -----> statementPart
2021-11-19T10:23:53,203|[TRACE] graph - -------> nonSkippedChar
2021-11-19T10:23:53,203|[TRACE] script - #out(`H`) [token]
2021-11-19T10:23:53,203|[TRACE] graph - <------- nonSkippedChar
2021-11-19T10:23:53,203|[TRACE] graph - <----- statementPart
2021-11-19T10:23:53,203|[TRACE] graph - -----> statementPart
2021-11-19T10:23:53,203|[TRACE] graph - -------> nonSkippedChar
2021-11-19T10:23:53,203|[TRACE] script - #out(`A`) [token]
2021-11-19T10:23:53,203|[TRACE] graph - <------- nonSkippedChar
2021-11-19T10:23:53,203|[TRACE] graph - <----- statementPart
2021-11-19T10:23:53,203|[TRACE] graph - -----> statementPart
2021-11-19T10:23:53,203|[TRACE] graph - -------> nonSkippedChar
2021-11-19T10:23:53,203|[TRACE] script - #out(`R`) [token]
2021-11-19T10:23:53,203|[TRACE] graph - <------- nonSkippedChar
2021-11-19T10:23:53,203|[TRACE] graph - <----- statementPart
2021-11-19T10:23:53,203|[TRACE] graph - -----> statementPart
2021-11-19T10:23:53,203|[TRACE] graph - -------> nonSkippedChar
2021-11-19T10:23:53,203|[TRACE] script - #out(`(`) [token]
2021-11-19T10:23:53,203|[TRACE] graph - <------- nonSkippedChar
2021-11-19T10:23:53,203|[TRACE] graph - <----- statementPart
2021-11-19T10:23:53,203|[TRACE] graph - -----> statementPart
2021-11-19T10:23:53,203|[TRACE] graph - -------> nonSkippedChar
2021-11-19T10:23:53,203|[TRACE] script - #out(`1`) [token]
2021-11-19T10:23:53,203|[TRACE] graph - <------- nonSkippedChar
2021-11-19T10:23:53,203|[TRACE] graph - <----- statementPart
2021-11-19T10:23:53,203|[TRACE] graph - -----> statementPart
2021-11-19T10:23:53,203|[TRACE] graph - -------> nonSkippedChar
2021-11-19T10:23:53,203|[TRACE] script - #out(`0`) [token]
2021-11-19T10:23:53,203|[TRACE] graph - <------- nonSkippedChar
2021-11-19T10:23:53,203|[TRACE] graph - <----- statementPart
2021-11-19T10:23:53,203|[TRACE] graph - -----> statementPart
2021-11-19T10:23:53,203|[TRACE] graph - -------> nonSkippedChar
2021-11-19T10:23:53,203|[TRACE] script - #out(`0`) [token]
2021-11-19T10:23:53,203|[TRACE] graph - <------- nonSkippedChar
2021-11-19T10:23:53,203|[TRACE] graph - <----- statementPart
2021-11-19T10:23:53,203|[TRACE] graph - -----> statementPart
2021-11-19T10:23:53,203|[TRACE] graph - -------> nonSkippedChar
2021-11-19T10:23:53,203|[TRACE] script - #out(`)`) [token]
2021-11-19T10:23:53,203|[TRACE] graph - <------- nonSkippedChar
2021-11-19T10:23:53,203|[TRACE] graph - <----- statementPart
2021-11-19T10:23:53,203|[TRACE] graph - -----> statementPart
2021-11-19T10:23:53,203|[TRACE] graph - -------> nonSkippedSpace
2021-11-19T10:23:53,203|[TRACE] script - #out(` `) [token]
2021-11-19T10:23:53,203|[TRACE] graph - <------- nonSkippedSpace
2021-11-19T10:23:53,203|[TRACE] graph - <----- statementPart
2021-11-19T10:23:53,203|[TRACE] graph - -----> statementPart
2021-11-19T10:23:53,203|[TRACE] graph - -------> nonSkippedChar
2021-11-19T10:23:53,203|[TRACE] script - #out(`N`) [token]
2021-11-19T10:23:53,203|[TRACE] graph - <------- nonSkippedChar
2021-11-19T10:23:53,203|[TRACE] graph - <----- statementPart
2021-11-19T10:23:53,203|[TRACE] graph - -----> statementPart
2021-11-19T10:23:53,203|[TRACE] graph - -------> nonSkippedChar
2021-11-19T10:23:53,203|[TRACE] script - #out(`O`) [token]
2021-11-19T10:23:53,203|[TRACE] graph - <------- nonSkippedChar
2021-11-19T10:23:53,203|[TRACE] graph - <----- statementPart
2021-11-19T10:23:53,203|[TRACE] graph - -----> statementPart
2021-11-19T10:23:53,203|[TRACE] graph - -------> nonSkippedChar
2021-11-19T10:23:53,203|[TRACE] script - #out(`T`) [token]
2021-11-19T10:23:53,203|[TRACE] graph - <------- nonSkippedChar
2021-11-19T10:23:53,203|[TRACE] graph - <----- statementPart
2021-11-19T10:23:53,203|[TRACE] graph - -----> statementPart
2021-11-19T10:23:53,203|[TRACE] graph - -------> nonSkippedSpace
2021-11-19T10:23:53,203|[TRACE] script - #out(` `) [token]
2021-11-19T10:23:53,203|[TRACE] graph - <------- nonSkippedSpace
2021-11-19T10:23:53,203|[TRACE] graph - <----- statementPart
2021-11-19T10:23:53,203|[TRACE] graph - -----> statementPart
2021-11-19T10:23:53,203|[TRACE] graph - -------> nonSkippedChar
2021-11-19T10:23:53,203|[TRACE] script - #out(`N`) [token]
2021-11-19T10:23:53,203|[TRACE] graph - <------- nonSkippedChar
2021-11-19T10:23:53,203|[TRACE] graph - <----- statementPart
2021-11-19T10:23:53,203|[TRACE] graph - -----> statementPart
2021-11-19T10:23:53,203|[TRACE] graph - -------> nonSkippedChar
2021-11-19T10:23:53,203|[TRACE] script - #out(`U`) [token]
2021-11-19T10:23:53,203|[TRACE] graph - <------- nonSkippedChar
2021-11-19T10:23:53,203|[TRACE] graph - <----- statementPart
2021-11-19T10:23:53,203|[TRACE] graph - -----> statementPart
2021-11-19T10:23:53,203|[TRACE] graph - -------> nonSkippedChar
2021-11-19T10:23:53,203|[TRACE] script - #out(`L`) [token]
2021-11-19T10:23:53,203|[TRACE] graph - <------- nonSkippedChar
2021-11-19T10:23:53,203|[TRACE] graph - <----- statementPart
2021-11-19T10:23:53,203|[TRACE] graph - -----> statementPart
2021-11-19T10:23:53,203|[TRACE] graph - -------> nonSkippedChar
2021-11-19T10:23:53,203|[TRACE] script - #out(`L`) [token]
2021-11-19T10:23:53,203|[TRACE] graph - <------- nonSkippedChar
2021-11-19T10:23:53,203|[TRACE] graph - <----- statementPart
2021-11-19T10:23:53,203|[TRACE] graph - -----> statementPart
2021-11-19T10:23:53,203|[TRACE] graph - -------> nonSkippedChar
2021-11-19T10:23:53,203|[TRACE] script - #out(`,`) [token]
2021-11-19T10:23:53,203|[TRACE] graph - <------- nonSkippedChar
2021-11-19T10:23:53,203|[TRACE] graph - <----- statementPart
2021-11-19T10:23:53,203|[TRACE] graph - -----> afterStatementPartNewline
2021-11-19T10:23:53,203|[TRACE] script - #out(` `) [text]
2021-11-19T10:23:53,203|[TRACE] graph - <----- afterStatementPartNewline
2021-11-19T10:23:53,203|[TRACE] graph - -----> statementPart
2021-11-19T10:23:53,203|[TRACE] graph - -------> nonSkippedSpace
2021-11-19T10:23:53,203|[TRACE] script - #out(` `) [token]
2021-11-19T10:23:53,203|[TRACE] graph - <------- nonSkippedSpace
2021-11-19T10:23:53,203|[TRACE] graph - <----- statementPart
2021-11-19T10:23:53,203|[TRACE] graph - -----> statementPart
2021-11-19T10:23:53,203|[TRACE] graph - -------> nonSkippedSpace
2021-11-19T10:23:53,203|[TRACE] script - #out(` `) [token]
2021-11-19T10:23:53,203|[TRACE] graph - <------- nonSkippedSpace
2021-11-19T10:23:53,203|[TRACE] graph - <----- statementPart
2021-11-19T10:23:53,203|[TRACE] graph - -----> statementPart
2021-11-19T10:23:53,203|[TRACE] graph - -------> quotedString
2021-11-19T10:23:53,203|[TRACE] script - #out(``privately_owned``) [token]
2021-11-19T10:23:53,203|[TRACE] graph - <------- quotedString
2021-11-19T10:23:53,203|[TRACE] graph - <----- statementPart
2021-11-19T10:23:53,203|[TRACE] graph - -----> statementPart
2021-11-19T10:23:53,203|[TRACE] graph - -------> nonSkippedSpace
2021-11-19T10:23:53,203|[TRACE] script - #out(` `) [token]
2021-11-19T10:23:53,203|[TRACE] graph - <------- nonSkippedSpace
2021-11-19T10:23:53,203|[TRACE] graph - <----- statementPart
2021-11-19T10:23:53,203|[TRACE] graph - -----> statementPart
2021-11-19T10:23:53,203|[TRACE] graph - -------> nonSkippedChar
2021-11-19T10:23:53,203|[TRACE] script - #out(`B`) [token]
2021-11-19T10:23:53,203|[TRACE] graph - <------- nonSkippedChar
2021-11-19T10:23:53,203|[TRACE] graph - <----- statementPart
2021-11-19T10:23:53,203|[TRACE] graph - -----> statementPart
2021-11-19T10:23:53,203|[TRACE] graph - -------> nonSkippedChar
2021-11-19T10:23:53,203|[TRACE] script - #out(`I`) [token]
2021-11-19T10:23:53,203|[TRACE] graph - <------- nonSkippedChar
2021-11-19T10:23:53,203|[TRACE] graph - <----- statementPart
2021-11-19T10:23:53,203|[TRACE] graph - -----> statementPart
2021-11-19T10:23:53,203|[TRACE] graph - -------> nonSkippedChar
2021-11-19T10:23:53,203|[TRACE] script - #out(`T`) [token]
2021-11-19T10:23:53,203|[TRACE] graph - <------- nonSkippedChar
2021-11-19T10:23:53,203|[TRACE] graph - <----- statementPart
2021-11-19T10:23:53,203|[TRACE] graph - -----> statementPart
2021-11-19T10:23:53,203|[TRACE] graph - -------> nonSkippedChar
2021-11-19T10:23:53,203|[TRACE] script - #out(`(`) [token]
2021-11-19T10:23:53,203|[TRACE] graph - <------- nonSkippedChar
2021-11-19T10:23:53,203|[TRACE] graph - <----- statementPart
2021-11-19T10:23:53,203|[TRACE] graph - -----> statementPart
2021-11-19T10:23:53,204|[TRACE] graph - -------> nonSkippedChar
2021-11-19T10:23:53,204|[TRACE] script - #out(`1`) [token]
2021-11-19T10:23:53,204|[TRACE] graph - <------- nonSkippedChar
2021-11-19T10:23:53,204|[TRACE] graph - <----- statementPart
2021-11-19T10:23:53,204|[TRACE] graph - -----> statementPart
2021-11-19T10:23:53,204|[TRACE] graph - -------> nonSkippedChar
2021-11-19T10:23:53,204|[TRACE] script - #out(`)`) [token]
2021-11-19T10:23:53,204|[TRACE] graph - <------- nonSkippedChar
2021-11-19T10:23:53,204|[TRACE] graph - <----- statementPart
2021-11-19T10:23:53,204|[TRACE] graph - -----> statementPart
2021-11-19T10:23:53,204|[TRACE] graph - -------> nonSkippedSpace
2021-11-19T10:23:53,204|[TRACE] script - #out(` `) [token]
2021-11-19T10:23:53,204|[TRACE] graph - <------- nonSkippedSpace
2021-11-19T10:23:53,204|[TRACE] graph - <----- statementPart
2021-11-19T10:23:53,204|[TRACE] graph - -----> statementPart
2021-11-19T10:23:53,204|[TRACE] graph - -------> nonSkippedChar
2021-11-19T10:23:53,204|[TRACE] script - #out(`N`) [token]
2021-11-19T10:23:53,204|[TRACE] graph - <------- nonSkippedChar
2021-11-19T10:23:53,204|[TRACE] graph - <----- statementPart
2021-11-19T10:23:53,204|[TRACE] graph - -----> statementPart
2021-11-19T10:23:53,204|[TRACE] graph - -------> nonSkippedChar
2021-11-19T10:23:53,204|[TRACE] script - #out(`O`) [token]
2021-11-19T10:23:53,204|[TRACE] graph - <------- nonSkippedChar
2021-11-19T10:23:53,204|[TRACE] graph - <----- statementPart
2021-11-19T10:23:53,204|[TRACE] graph - -----> statementPart
2021-11-19T10:23:53,204|[TRACE] graph - -------> nonSkippedChar
2021-11-19T10:23:53,204|[TRACE] script - #out(`T`) [token]
2021-11-19T10:23:53,204|[TRACE] graph - <------- nonSkippedChar
2021-11-19T10:23:53,204|[TRACE] graph - <----- statementPart
2021-11-19T10:23:53,204|[TRACE] graph - -----> statementPart
2021-11-19T10:23:53,204|[TRACE] graph - -------> nonSkippedSpace
2021-11-19T10:23:53,204|[TRACE] script - #out(` `) [token]
2021-11-19T10:23:53,204|[TRACE] graph - <------- nonSkippedSpace
2021-11-19T10:23:53,204|[TRACE] graph - <----- statementPart
2021-11-19T10:23:53,204|[TRACE] graph - -----> statementPart
2021-11-19T10:23:53,204|[TRACE] graph - -------> nonSkippedChar
2021-11-19T10:23:53,204|[TRACE] script - #out(`N`) [token]
2021-11-19T10:23:53,204|[TRACE] graph - <------- nonSkippedChar
2021-11-19T10:23:53,204|[TRACE] graph - <----- statementPart
2021-11-19T10:23:53,204|[TRACE] graph - -----> statementPart
2021-11-19T10:23:53,204|[TRACE] graph - -------> nonSkippedChar
2021-11-19T10:23:53,204|[TRACE] script - #out(`U`) [token]
2021-11-19T10:23:53,204|[TRACE] graph - <------- nonSkippedChar
2021-11-19T10:23:53,204|[TRACE] graph - <----- statementPart
2021-11-19T10:23:53,204|[TRACE] graph - -----> statementPart
2021-11-19T10:23:53,204|[TRACE] graph - -------> nonSkippedChar
2021-11-19T10:23:53,204|[TRACE] script - #out(`L`) [token]
2021-11-19T10:23:53,204|[TRACE] graph - <------- nonSkippedChar
2021-11-19T10:23:53,204|[TRACE] graph - <----- statementPart
2021-11-19T10:23:53,204|[TRACE] graph - -----> statementPart
2021-11-19T10:23:53,204|[TRACE] graph - -------> nonSkippedChar
2021-11-19T10:23:53,204|[TRACE] script - #out(`L`) [token]
2021-11-19T10:23:53,204|[TRACE] graph - <------- nonSkippedChar
2021-11-19T10:23:53,204|[TRACE] graph - <----- statementPart
2021-11-19T10:23:53,204|[TRACE] graph - -----> statementPart
2021-11-19T10:23:53,204|[TRACE] graph - -------> nonSkippedChar
2021-11-19T10:23:53,204|[TRACE] script - #out(`,`) [token]
2021-11-19T10:23:53,204|[TRACE] graph - <------- nonSkippedChar
2021-11-19T10:23:53,204|[TRACE] graph - <----- statementPart
2021-11-19T10:23:53,204|[TRACE] graph - -----> afterStatementPartNewline
2021-11-19T10:23:53,204|[TRACE] script - #out(` `) [text]
2021-11-19T10:23:53,204|[TRACE] graph - <----- afterStatementPartNewline
2021-11-19T10:23:53,204|[TRACE] graph - -----> statementPart
2021-11-19T10:23:53,204|[TRACE] graph - -------> nonSkippedSpace
2021-11-19T10:23:53,204|[TRACE] script - #out(` `) [token]
2021-11-19T10:23:53,204|[TRACE] graph - <------- nonSkippedSpace
2021-11-19T10:23:53,204|[TRACE] graph - <----- statementPart
2021-11-19T10:23:53,204|[TRACE] graph - -----> statementPart
2021-11-19T10:23:53,204|[TRACE] graph - -------> nonSkippedSpace
2021-11-19T10:23:53,204|[TRACE] script - #out(` `) [token]
2021-11-19T10:23:53,204|[TRACE] graph - <------- nonSkippedSpace
2021-11-19T10:23:53,204|[TRACE] graph - <----- statementPart
2021-11-19T10:23:53,204|[TRACE] graph - -----> statementPart
2021-11-19T10:23:53,204|[TRACE] graph - -------> quotedString
2021-11-19T10:23:53,204|[TRACE] script - #out(``created``) [token]
2021-11-19T10:23:53,204|[TRACE] graph - <------- quotedString
2021-11-19T10:23:53,204|[TRACE] graph - <----- statementPart
2021-11-19T10:23:53,204|[TRACE] graph - -----> statementPart
2021-11-19T10:23:53,204|[TRACE] graph - -------> nonSkippedSpace
2021-11-19T10:23:53,204|[TRACE] script - #out(` `) [token]
2021-11-19T10:23:53,204|[TRACE] graph - <------- nonSkippedSpace
2021-11-19T10:23:53,204|[TRACE] graph - <----- statementPart
2021-11-19T10:23:53,204|[TRACE] graph - -----> statementPart
2021-11-19T10:23:53,204|[TRACE] graph - -------> nonSkippedChar
2021-11-19T10:23:53,204|[TRACE] script - #out(`B`) [token]
2021-11-19T10:23:53,204|[TRACE] graph - <------- nonSkippedChar
2021-11-19T10:23:53,204|[TRACE] graph - <----- statementPart
2021-11-19T10:23:53,204|[TRACE] graph - -----> statementPart
2021-11-19T10:23:53,204|[TRACE] graph - -------> nonSkippedChar
2021-11-19T10:23:53,204|[TRACE] script - #out(`I`) [token]
2021-11-19T10:23:53,204|[TRACE] graph - <------- nonSkippedChar
2021-11-19T10:23:53,204|[TRACE] graph - <----- statementPart
2021-11-19T10:23:53,204|[TRACE] graph - -----> statementPart
2021-11-19T10:23:53,204|[TRACE] graph - -------> nonSkippedChar
2021-11-19T10:23:53,204|[TRACE] script - #out(`G`) [token]
2021-11-19T10:23:53,204|[TRACE] graph - <------- nonSkippedChar
2021-11-19T10:23:53,204|[TRACE] graph - <----- statementPart
2021-11-19T10:23:53,204|[TRACE] graph - -----> statementPart
2021-11-19T10:23:53,204|[TRACE] graph - -------> nonSkippedChar
2021-11-19T10:23:53,204|[TRACE] script - #out(`I`) [token]
2021-11-19T10:23:53,204|[TRACE] graph - <------- nonSkippedChar
2021-11-19T10:23:53,204|[TRACE] graph - <----- statementPart
2021-11-19T10:23:53,204|[TRACE] graph - -----> statementPart
2021-11-19T10:23:53,204|[TRACE] graph - -------> nonSkippedChar
2021-11-19T10:23:53,204|[TRACE] script - #out(`N`) [token]
2021-11-19T10:23:53,204|[TRACE] graph - <------- nonSkippedChar
2021-11-19T10:23:53,204|[TRACE] graph - <----- statementPart
2021-11-19T10:23:53,204|[TRACE] graph - -----> statementPart
2021-11-19T10:23:53,204|[TRACE] graph - -------> nonSkippedChar
2021-11-19T10:23:53,204|[TRACE] script - #out(`T`) [token]
2021-11-19T10:23:53,204|[TRACE] graph - <------- nonSkippedChar
2021-11-19T10:23:53,204|[TRACE] graph - <----- statementPart
2021-11-19T10:23:53,204|[TRACE] graph - -----> statementPart
2021-11-19T10:23:53,204|[TRACE] graph - -------> nonSkippedSpace
2021-11-19T10:23:53,204|[TRACE] script - #out(` `) [token]
2021-11-19T10:23:53,204|[TRACE] graph - <------- nonSkippedSpace
2021-11-19T10:23:53,204|[TRACE] graph - <----- statementPart
2021-11-19T10:23:53,204|[TRACE] graph - -----> statementPart
2021-11-19T10:23:53,204|[TRACE] graph - -------> nonSkippedChar
2021-11-19T10:23:53,204|[TRACE] script - #out(`N`) [token]
2021-11-19T10:23:53,204|[TRACE] graph - <------- nonSkippedChar
2021-11-19T10:23:53,204|[TRACE] graph - <----- statementPart
2021-11-19T10:23:53,204|[TRACE] graph - -----> statementPart
2021-11-19T10:23:53,204|[TRACE] graph - -------> nonSkippedChar
2021-11-19T10:23:53,204|[TRACE] script - #out(`O`) [token]
2021-11-19T10:23:53,204|[TRACE] graph - <------- nonSkippedChar
2021-11-19T10:23:53,204|[TRACE] graph - <----- statementPart
2021-11-19T10:23:53,204|[TRACE] graph - -----> statementPart
2021-11-19T10:23:53,204|[TRACE] graph - -------> nonSkippedChar
2021-11-19T10:23:53,204|[TRACE] script - #out(`T`) [token]
2021-11-19T10:23:53,204|[TRACE] graph - <------- nonSkippedChar
2021-11-19T10:23:53,204|[TRACE] graph - <----- statementPart
2021-11-19T10:23:53,204|[TRACE] graph - -----> statementPart
2021-11-19T10:23:53,204|[TRACE] graph - -------> nonSkippedSpace
2021-11-19T10:23:53,204|[TRACE] script - #out(` `) [token]
2021-11-19T10:23:53,204|[TRACE] graph - <------- nonSkippedSpace
2021-11-19T10:23:53,204|[TRACE] graph - <----- statementPart
2021-11-19T10:23:53,204|[TRACE] graph - -----> statementPart
2021-11-19T10:23:53,204|[TRACE] graph - -------> nonSkippedChar
2021-11-19T10:23:53,204|[TRACE] script - #out(`N`) [token]
2021-11-19T10:23:53,204|[TRACE] graph - <------- nonSkippedChar
2021-11-19T10:23:53,204|[TRACE] graph - <----- statementPart
2021-11-19T10:23:53,204|[TRACE] graph - -----> statementPart
2021-11-19T10:23:53,204|[TRACE] graph - -------> nonSkippedChar
2021-11-19T10:23:53,204|[TRACE] script - #out(`U`) [token]
2021-11-19T10:23:53,204|[TRACE] graph - <------- nonSkippedChar
2021-11-19T10:23:53,204|[TRACE] graph - <----- statementPart
2021-11-19T10:23:53,204|[TRACE] graph - -----> statementPart
2021-11-19T10:23:53,204|[TRACE] graph - -------> nonSkippedChar
2021-11-19T10:23:53,204|[TRACE] script - #out(`L`) [token]
2021-11-19T10:23:53,204|[TRACE] graph - <------- nonSkippedChar
2021-11-19T10:23:53,204|[TRACE] graph - <----- statementPart
2021-11-19T10:23:53,204|[TRACE] graph - -----> statementPart
2021-11-19T10:23:53,204|[TRACE] graph - -------> nonSkippedChar
2021-11-19T10:23:53,204|[TRACE] script - #out(`L`) [token]
2021-11-19T10:23:53,204|[TRACE] graph - <------- nonSkippedChar
2021-11-19T10:23:53,204|[TRACE] graph - <----- statementPart
2021-11-19T10:23:53,204|[TRACE] graph - -----> statementPart
2021-11-19T10:23:53,204|[TRACE] graph - -------> nonSkippedSpace
2021-11-19T10:23:53,204|[TRACE] script - #out(` `) [token]
2021-11-19T10:23:53,204|[TRACE] graph - <------- nonSkippedSpace
2021-11-19T10:23:53,204|[TRACE] graph - <----- statementPart
2021-11-19T10:23:53,204|[TRACE] graph - -----> statementPart
2021-11-19T10:23:53,204|[TRACE] graph - -------> nonSkippedChar
2021-11-19T10:23:53,204|[TRACE] script - #out(`D`) [token]
2021-11-19T10:23:53,204|[TRACE] graph - <------- nonSkippedChar
2021-11-19T10:23:53,204|[TRACE] graph - <----- statementPart
2021-11-19T10:23:53,204|[TRACE] graph - -----> statementPart
2021-11-19T10:23:53,204|[TRACE] graph - -------> nonSkippedChar
2021-11-19T10:23:53,204|[TRACE] script - #out(`E`) [token]
2021-11-19T10:23:53,204|[TRACE] graph - <------- nonSkippedChar
2021-11-19T10:23:53,204|[TRACE] graph - <----- statementPart
2021-11-19T10:23:53,204|[TRACE] graph - -----> statementPart
2021-11-19T10:23:53,204|[TRACE] graph - -------> nonSkippedChar
2021-11-19T10:23:53,204|[TRACE] script - #out(`F`) [token]
2021-11-19T10:23:53,204|[TRACE] graph - <------- nonSkippedChar
2021-11-19T10:23:53,204|[TRACE] graph - <----- statementPart
2021-11-19T10:23:53,204|[TRACE] graph - -----> statementPart
2021-11-19T10:23:53,204|[TRACE] graph - -------> nonSkippedChar
2021-11-19T10:23:53,204|[TRACE] script - #out(`A`) [token]
2021-11-19T10:23:53,204|[TRACE] graph - <------- nonSkippedChar
2021-11-19T10:23:53,204|[TRACE] graph - <----- statementPart
2021-11-19T10:23:53,204|[TRACE] graph - -----> statementPart
2021-11-19T10:23:53,204|[TRACE] graph - -------> nonSkippedChar
2021-11-19T10:23:53,204|[TRACE] script - #out(`U`) [token]
2021-11-19T10:23:53,204|[TRACE] graph - <------- nonSkippedChar
2021-11-19T10:23:53,204|[TRACE] graph - <----- statementPart
2021-11-19T10:23:53,204|[TRACE] graph - -----> statementPart
2021-11-19T10:23:53,204|[TRACE] graph - -------> nonSkippedChar
2021-11-19T10:23:53,204|[TRACE] script - #out(`L`) [token]
2021-11-19T10:23:53,204|[TRACE] graph - <------- nonSkippedChar
2021-11-19T10:23:53,204|[TRACE] graph - <----- statementPart
2021-11-19T10:23:53,204|[TRACE] graph - -----> statementPart
2021-11-19T10:23:53,204|[TRACE] graph - -------> nonSkippedChar
2021-11-19T10:23:53,204|[TRACE] script - #out(`T`) [token]
2021-11-19T10:23:53,204|[TRACE] graph - <------- nonSkippedChar
2021-11-19T10:23:53,204|[TRACE] graph - <----- statementPart
2021-11-19T10:23:53,204|[TRACE] graph - -----> statementPart
2021-11-19T10:23:53,204|[TRACE] graph - -------> nonSkippedSpace
2021-11-19T10:23:53,204|[TRACE] script - #out(` `) [token]
2021-11-19T10:23:53,204|[TRACE] graph - <------- nonSkippedSpace
2021-11-19T10:23:53,204|[TRACE] graph - <----- statementPart
2021-11-19T10:23:53,204|[TRACE] graph - -----> statementPart
2021-11-19T10:23:53,204|[TRACE] graph - -------> nonSkippedChar
2021-11-19T10:23:53,204|[TRACE] script - #out(`(`) [token]
2021-11-19T10:23:53,204|[TRACE] graph - <------- nonSkippedChar
2021-11-19T10:23:53,204|[TRACE] graph - <----- statementPart
2021-11-19T10:23:53,261|[TRACE] graph - -----> statementPart
2021-11-19T10:23:53,261|[TRACE] graph - -------> nonSkippedChar
2021-11-19T10:23:53,261|[TRACE] script - #out(`u`) [token]
2021-11-19T10:23:53,261|[TRACE] graph - <------- nonSkippedChar
2021-11-19T10:23:53,261|[TRACE] graph - <----- statementPart
2021-11-19T10:23:53,261|[TRACE] graph - -----> statementPart
2021-11-19T10:23:53,261|[TRACE] graph - -------> nonSkippedChar
2021-11-19T10:23:53,261|[TRACE] script - #out(`n`) [token]
2021-11-19T10:23:53,261|[TRACE] graph - <------- nonSkippedChar
2021-11-19T10:23:53,261|[TRACE] graph - <----- statementPart
2021-11-19T10:23:53,261|[TRACE] graph - -----> statementPart
2021-11-19T10:23:53,261|[TRACE] graph - -------> nonSkippedChar
2021-11-19T10:23:53,261|[TRACE] script - #out(`i`) [token]
2021-11-19T10:23:53,261|[TRACE] graph - <------- nonSkippedChar
2021-11-19T10:23:53,261|[TRACE] graph - <----- statementPart
2021-11-19T10:23:53,261|[TRACE] graph - -----> statementPart
2021-11-19T10:23:53,261|[TRACE] graph - -------> nonSkippedChar
2021-11-19T10:23:53,261|[TRACE] script - #out(`x`) [token]
2021-11-19T10:23:53,261|[TRACE] graph - <------- nonSkippedChar
2021-11-19T10:23:53,261|[TRACE] graph - <----- statementPart
2021-11-19T10:23:53,261|[TRACE] graph - -----> statementPart
2021-11-19T10:23:53,261|[TRACE] graph - -------> nonSkippedChar
2021-11-19T10:23:53,261|[TRACE] script - #out(`_`) [token]
2021-11-19T10:23:53,261|[TRACE] graph - <------- nonSkippedChar
2021-11-19T10:23:53,261|[TRACE] graph - <----- statementPart
2021-11-19T10:23:53,261|[TRACE] graph - -----> statementPart
2021-11-19T10:23:53,261|[TRACE] graph - -------> nonSkippedChar
2021-11-19T10:23:53,261|[TRACE] script - #out(`t`) [token]
2021-11-19T10:23:53,261|[TRACE] graph - <------- nonSkippedChar
2021-11-19T10:23:53,261|[TRACE] graph - <----- statementPart
2021-11-19T10:23:53,261|[TRACE] graph - -----> statementPart
2021-11-19T10:23:53,261|[TRACE] graph - -------> nonSkippedChar
2021-11-19T10:23:53,261|[TRACE] script - #out(`i`) [token]
2021-11-19T10:23:53,261|[TRACE] graph - <------- nonSkippedChar
2021-11-19T10:23:53,261|[TRACE] graph - <----- statementPart
2021-11-19T10:23:53,261|[TRACE] graph - -----> statementPart
2021-11-19T10:23:53,261|[TRACE] graph - -------> nonSkippedChar
2021-11-19T10:23:53,261|[TRACE] script - #out(`m`) [token]
2021-11-19T10:23:53,261|[TRACE] graph - <------- nonSkippedChar
2021-11-19T10:23:53,261|[TRACE] graph - <----- statementPart
2021-11-19T10:23:53,261|[TRACE] graph - -----> statementPart
2021-11-19T10:23:53,261|[TRACE] graph - -------> nonSkippedChar
2021-11-19T10:23:53,261|[TRACE] script - #out(`e`) [token]
2021-11-19T10:23:53,261|[TRACE] graph - <------- nonSkippedChar
2021-11-19T10:23:53,261|[TRACE] graph - <----- statementPart
2021-11-19T10:23:53,261|[TRACE] graph - -----> statementPart
2021-11-19T10:23:53,261|[TRACE] graph - -------> nonSkippedChar
2021-11-19T10:23:53,261|[TRACE] script - #out(`s`) [token]
2021-11-19T10:23:53,261|[TRACE] graph - <------- nonSkippedChar
2021-11-19T10:23:53,261|[TRACE] graph - <----- statementPart
2021-11-19T10:23:53,261|[TRACE] graph - -----> statementPart
2021-11-19T10:23:53,261|[TRACE] graph - -------> nonSkippedChar
2021-11-19T10:23:53,261|[TRACE] script - #out(`t`) [token]
2021-11-19T10:23:53,261|[TRACE] graph - <------- nonSkippedChar
2021-11-19T10:23:53,261|[TRACE] graph - <----- statementPart
2021-11-19T10:23:53,261|[TRACE] graph - -----> statementPart
2021-11-19T10:23:53,261|[TRACE] graph - -------> nonSkippedChar
2021-11-19T10:23:53,261|[TRACE] script - #out(`a`) [token]
2021-11-19T10:23:53,261|[TRACE] graph - <------- nonSkippedChar
2021-11-19T10:23:53,261|[TRACE] graph - <----- statementPart
2021-11-19T10:23:53,261|[TRACE] graph - -----> statementPart
2021-11-19T10:23:53,261|[TRACE] graph - -------> nonSkippedChar
2021-11-19T10:23:53,261|[TRACE] script - #out(`m`) [token]
2021-11-19T10:23:53,261|[TRACE] graph - <------- nonSkippedChar
2021-11-19T10:23:53,261|[TRACE] graph - <----- statementPart
2021-11-19T10:23:53,261|[TRACE] graph - -----> statementPart
2021-11-19T10:23:53,261|[TRACE] graph - -------> nonSkippedChar
2021-11-19T10:23:53,261|[TRACE] script - #out(`p`) [token]
2021-11-19T10:23:53,261|[TRACE] graph - <------- nonSkippedChar
2021-11-19T10:23:53,261|[TRACE] graph - <----- statementPart
2021-11-19T10:23:53,261|[TRACE] graph - -----> statementPart
2021-11-19T10:23:53,261|[TRACE] graph - -------> nonSkippedChar
2021-11-19T10:23:53,261|[TRACE] script - #out(`(`) [token]
2021-11-19T10:23:53,261|[TRACE] graph - <------- nonSkippedChar
2021-11-19T10:23:53,261|[TRACE] graph - <----- statementPart
2021-11-19T10:23:53,261|[TRACE] graph - -----> statementPart
2021-11-19T10:23:53,261|[TRACE] graph - -------> nonSkippedChar
2021-11-19T10:23:53,261|[TRACE] script - #out(`n`) [token]
2021-11-19T10:23:53,261|[TRACE] graph - <------- nonSkippedChar
2021-11-19T10:23:53,261|[TRACE] graph - <----- statementPart
2021-11-19T10:23:53,261|[TRACE] graph - -----> statementPart
2021-11-19T10:23:53,261|[TRACE] graph - -------> nonSkippedChar
2021-11-19T10:23:53,261|[TRACE] script - #out(`o`) [token]
2021-11-19T10:23:53,261|[TRACE] graph - <------- nonSkippedChar
2021-11-19T10:23:53,261|[TRACE] graph - <----- statementPart
2021-11-19T10:23:53,261|[TRACE] graph - -----> statementPart
2021-11-19T10:23:53,261|[TRACE] graph - -------> nonSkippedChar
2021-11-19T10:23:53,261|[TRACE] script - #out(`w`) [token]
2021-11-19T10:23:53,261|[TRACE] graph - <------- nonSkippedChar
2021-11-19T10:23:53,261|[TRACE] graph - <----- statementPart
2021-11-19T10:23:53,261|[TRACE] graph - -----> statementPart
2021-11-19T10:23:53,261|[TRACE] graph - -------> nonSkippedChar
2021-11-19T10:23:53,261|[TRACE] script - #out(`(`) [token]
2021-11-19T10:23:53,261|[TRACE] graph - <------- nonSkippedChar
2021-11-19T10:23:53,261|[TRACE] graph - <----- statementPart
2021-11-19T10:23:53,261|[TRACE] graph - -----> statementPart
2021-11-19T10:23:53,261|[TRACE] graph - -------> nonSkippedChar
2021-11-19T10:23:53,261|[TRACE] script - #out(`)`) [token]
2021-11-19T10:23:53,261|[TRACE] graph - <------- nonSkippedChar
2021-11-19T10:23:53,261|[TRACE] graph - <----- statementPart
2021-11-19T10:23:53,261|[TRACE] graph - -----> statementPart
2021-11-19T10:23:53,261|[TRACE] graph - -------> nonSkippedChar
2021-11-19T10:23:53,261|[TRACE] script - #out(`)`) [token]
2021-11-19T10:23:53,261|[TRACE] graph - <------- nonSkippedChar
2021-11-19T10:23:53,261|[TRACE] graph - <----- statementPart
2021-11-19T10:23:53,261|[TRACE] graph - -----> statementPart
2021-11-19T10:23:53,261|[TRACE] graph - -------> nonSkippedSpace
2021-11-19T10:23:53,261|[TRACE] script - #out(` `) [token]
2021-11-19T10:23:53,261|[TRACE] graph - <------- nonSkippedSpace
2021-11-19T10:23:53,261|[TRACE] graph - <----- statementPart
2021-11-19T10:23:53,261|[TRACE] graph - -----> statementPart
2021-11-19T10:23:53,261|[TRACE] graph - -------> nonSkippedChar
2021-11-19T10:23:53,261|[TRACE] script - #out(`*`) [token]
2021-11-19T10:23:53,261|[TRACE] graph - <------- nonSkippedChar
2021-11-19T10:23:53,261|[TRACE] graph - <----- statementPart
2021-11-19T10:23:53,261|[TRACE] graph - -----> statementPart
2021-11-19T10:23:53,261|[TRACE] graph - -------> nonSkippedSpace
2021-11-19T10:23:53,261|[TRACE] script - #out(` `) [token]
2021-11-19T10:23:53,261|[TRACE] graph - <------- nonSkippedSpace
2021-11-19T10:23:53,261|[TRACE] graph - <----- statementPart
2021-11-19T10:23:53,261|[TRACE] graph - -----> statementPart
2021-11-19T10:23:53,261|[TRACE] graph - -------> nonSkippedChar
2021-11-19T10:23:53,261|[TRACE] script - #out(`1`) [token]
2021-11-19T10:23:53,261|[TRACE] graph - <------- nonSkippedChar
2021-11-19T10:23:53,261|[TRACE] graph - <----- statementPart
2021-11-19T10:23:53,261|[TRACE] graph - -----> statementPart
2021-11-19T10:23:53,261|[TRACE] graph - -------> nonSkippedChar
2021-11-19T10:23:53,261|[TRACE] script - #out(`0`) [token]
2021-11-19T10:23:53,261|[TRACE] graph - <------- nonSkippedChar
2021-11-19T10:23:53,261|[TRACE] graph - <----- statementPart
2021-11-19T10:23:53,261|[TRACE] graph - -----> statementPart
2021-11-19T10:23:53,261|[TRACE] graph - -------> nonSkippedChar
2021-11-19T10:23:53,261|[TRACE] script - #out(`0`) [token]
2021-11-19T10:23:53,261|[TRACE] graph - <------- nonSkippedChar
2021-11-19T10:23:53,261|[TRACE] graph - <----- statementPart
2021-11-19T10:23:53,261|[TRACE] graph - -----> statementPart
2021-11-19T10:23:53,261|[TRACE] graph - -------> nonSkippedChar
2021-11-19T10:23:53,261|[TRACE] script - #out(`0`) [token]
2021-11-19T10:23:53,261|[TRACE] graph - <------- nonSkippedChar
2021-11-19T10:23:53,261|[TRACE] graph - <----- statementPart
2021-11-19T10:23:53,261|[TRACE] graph - -----> statementPart
2021-11-19T10:23:53,261|[TRACE] graph - -------> nonSkippedChar
2021-11-19T10:23:53,261|[TRACE] script - #out(`)`) [token]
2021-11-19T10:23:53,261|[TRACE] graph - <------- nonSkippedChar
2021-11-19T10:23:53,261|[TRACE] graph - <----- statementPart
2021-11-19T10:23:53,261|[TRACE] graph - -----> statementPart
2021-11-19T10:23:53,261|[TRACE] graph - -------> nonSkippedChar
2021-11-19T10:23:53,261|[TRACE] script - #out(`,`) [token]
2021-11-19T10:23:53,261|[TRACE] graph - <------- nonSkippedChar
2021-11-19T10:23:53,261|[TRACE] graph - <----- statementPart
2021-11-19T10:23:53,261|[TRACE] graph - -----> afterStatementPartNewline
2021-11-19T10:23:53,261|[TRACE] script - #out(` `) [text]
2021-11-19T10:23:53,261|[TRACE] graph - <----- afterStatementPartNewline
2021-11-19T10:23:53,261|[TRACE] graph - -----> statementPart
2021-11-19T10:23:53,261|[TRACE] graph - -------> nonSkippedSpace
2021-11-19T10:23:53,261|[TRACE] script - #out(` `) [token]
2021-11-19T10:23:53,261|[TRACE] graph - <------- nonSkippedSpace
2021-11-19T10:23:53,261|[TRACE] graph - <----- statementPart
2021-11-19T10:23:53,261|[TRACE] graph - -----> statementPart
2021-11-19T10:23:53,261|[TRACE] graph - -------> nonSkippedSpace
2021-11-19T10:23:53,261|[TRACE] script - #out(` `) [token]
2021-11-19T10:23:53,261|[TRACE] graph - <------- nonSkippedSpace
2021-11-19T10:23:53,261|[TRACE] graph - <----- statementPart
2021-11-19T10:23:53,261|[TRACE] graph - -----> statementPart
2021-11-19T10:23:53,261|[TRACE] graph - -------> quotedString
2021-11-19T10:23:53,261|[TRACE] script - #out(``updated``) [token]
2021-11-19T10:23:53,261|[TRACE] graph - <------- quotedString
2021-11-19T10:23:53,261|[TRACE] graph - <----- statementPart
2021-11-19T10:23:53,261|[TRACE] graph - -----> statementPart
2021-11-19T10:23:53,261|[TRACE] graph - -------> nonSkippedSpace
2021-11-19T10:23:53,261|[TRACE] script - #out(` `) [token]
2021-11-19T10:23:53,261|[TRACE] graph - <------- nonSkippedSpace
2021-11-19T10:23:53,261|[TRACE] graph - <----- statementPart
2021-11-19T10:23:53,261|[TRACE] graph - -----> statementPart
2021-11-19T10:23:53,261|[TRACE] graph - -------> nonSkippedChar
2021-11-19T10:23:53,261|[TRACE] script - #out(`B`) [token]
2021-11-19T10:23:53,261|[TRACE] graph - <------- nonSkippedChar
2021-11-19T10:23:53,261|[TRACE] graph - <----- statementPart
2021-11-19T10:23:53,261|[TRACE] graph - -----> statementPart
2021-11-19T10:23:53,261|[TRACE] graph - -------> nonSkippedChar
2021-11-19T10:23:53,261|[TRACE] script - #out(`I`) [token]
2021-11-19T10:23:53,261|[TRACE] graph - <------- nonSkippedChar
2021-11-19T10:23:53,261|[TRACE] graph - <----- statementPart
2021-11-19T10:23:53,261|[TRACE] graph - -----> statementPart
2021-11-19T10:23:53,261|[TRACE] graph - -------> nonSkippedChar
2021-11-19T10:23:53,261|[TRACE] script - #out(`G`) [token]
2021-11-19T10:23:53,261|[TRACE] graph - <------- nonSkippedChar
2021-11-19T10:23:53,261|[TRACE] graph - <----- statementPart
2021-11-19T10:23:53,261|[TRACE] graph - -----> statementPart
2021-11-19T10:23:53,261|[TRACE] graph - -------> nonSkippedChar
2021-11-19T10:23:53,261|[TRACE] script - #out(`I`) [token]
2021-11-19T10:23:53,261|[TRACE] graph - <------- nonSkippedChar
2021-11-19T10:23:53,261|[TRACE] graph - <----- statementPart
2021-11-19T10:23:53,261|[TRACE] graph - -----> statementPart
2021-11-19T10:23:53,261|[TRACE] graph - -------> nonSkippedChar
2021-11-19T10:23:53,261|[TRACE] script - #out(`N`) [token]
2021-11-19T10:23:53,261|[TRACE] graph - <------- nonSkippedChar
2021-11-19T10:23:53,261|[TRACE] graph - <----- statementPart
2021-11-19T10:23:53,261|[TRACE] graph - -----> statementPart
2021-11-19T10:23:53,261|[TRACE] graph - -------> nonSkippedChar
2021-11-19T10:23:53,261|[TRACE] script - #out(`T`) [token]
2021-11-19T10:23:53,261|[TRACE] graph - <------- nonSkippedChar
2021-11-19T10:23:53,261|[TRACE] graph - <----- statementPart
2021-11-19T10:23:53,261|[TRACE] graph - -----> statementPart
2021-11-19T10:23:53,261|[TRACE] graph - -------> nonSkippedSpace
2021-11-19T10:23:53,261|[TRACE] script - #out(` `) [token]
2021-11-19T10:23:53,261|[TRACE] graph - <------- nonSkippedSpace
2021-11-19T10:23:53,261|[TRACE] graph - <----- statementPart
2021-11-19T10:23:53,261|[TRACE] graph - -----> statementPart
2021-11-19T10:23:53,261|[TRACE] graph - -------> nonSkippedChar
2021-11-19T10:23:53,261|[TRACE] script - #out(`N`) [token]
2021-11-19T10:23:53,261|[TRACE] graph - <------- nonSkippedChar
2021-11-19T10:23:53,261|[TRACE] graph - <----- statementPart
2021-11-19T10:23:53,261|[TRACE] graph - -----> statementPart
2021-11-19T10:23:53,261|[TRACE] graph - -------> nonSkippedChar
2021-11-19T10:23:53,261|[TRACE] script - #out(`O`) [token]
2021-11-19T10:23:53,261|[TRACE] graph - <------- nonSkippedChar
2021-11-19T10:23:53,261|[TRACE] graph - <----- statementPart
2021-11-19T10:23:53,261|[TRACE] graph - -----> statementPart
2021-11-19T10:23:53,261|[TRACE] graph - -------> nonSkippedChar
2021-11-19T10:23:53,261|[TRACE] script - #out(`T`) [token]
2021-11-19T10:23:53,262|[TRACE] graph - <------- nonSkippedChar
2021-11-19T10:23:53,262|[TRACE] graph - <----- statementPart
2021-11-19T10:23:53,262|[TRACE] graph - -----> statementPart
2021-11-19T10:23:53,262|[TRACE] graph - -------> nonSkippedSpace
2021-11-19T10:23:53,262|[TRACE] script - #out(` `) [token]
2021-11-19T10:23:53,262|[TRACE] graph - <------- nonSkippedSpace
2021-11-19T10:23:53,262|[TRACE] graph - <----- statementPart
2021-11-19T10:23:53,262|[TRACE] graph - -----> statementPart
2021-11-19T10:23:53,262|[TRACE] graph - -------> nonSkippedChar
2021-11-19T10:23:53,262|[TRACE] script - #out(`N`) [token]
2021-11-19T10:23:53,262|[TRACE] graph - <------- nonSkippedChar
2021-11-19T10:23:53,262|[TRACE] graph - <----- statementPart
2021-11-19T10:23:53,262|[TRACE] graph - -----> statementPart
2021-11-19T10:23:53,262|[TRACE] graph - -------> nonSkippedChar
2021-11-19T10:23:53,262|[TRACE] script - #out(`U`) [token]
2021-11-19T10:23:53,262|[TRACE] graph - <------- nonSkippedChar
2021-11-19T10:23:53,262|[TRACE] graph - <----- statementPart
2021-11-19T10:23:53,262|[TRACE] graph - -----> statementPart
2021-11-19T10:23:53,262|[TRACE] graph - -------> nonSkippedChar
2021-11-19T10:23:53,262|[TRACE] script - #out(`L`) [token]
2021-11-19T10:23:53,262|[TRACE] graph - <------- nonSkippedChar
2021-11-19T10:23:53,262|[TRACE] graph - <----- statementPart
2021-11-19T10:23:53,262|[TRACE] graph - -----> statementPart
2021-11-19T10:23:53,262|[TRACE] graph - -------> nonSkippedChar
2021-11-19T10:23:53,262|[TRACE] script - #out(`L`) [token]
2021-11-19T10:23:53,262|[TRACE] graph - <------- nonSkippedChar
2021-11-19T10:23:53,262|[TRACE] graph - <----- statementPart
2021-11-19T10:23:53,262|[TRACE] graph - -----> statementPart
2021-11-19T10:23:53,262|[TRACE] graph - -------> nonSkippedSpace
2021-11-19T10:23:53,262|[TRACE] script - #out(` `) [token]
2021-11-19T10:23:53,262|[TRACE] graph - <------- nonSkippedSpace
2021-11-19T10:23:53,262|[TRACE] graph - <----- statementPart
2021-11-19T10:23:53,262|[TRACE] graph - -----> statementPart
2021-11-19T10:23:53,262|[TRACE] graph - -------> nonSkippedChar
2021-11-19T10:23:53,262|[TRACE] script - #out(`D`) [token]
2021-11-19T10:23:53,262|[TRACE] graph - <------- nonSkippedChar
2021-11-19T10:23:53,262|[TRACE] graph - <----- statementPart
2021-11-19T10:23:53,262|[TRACE] graph - -----> statementPart
2021-11-19T10:23:53,262|[TRACE] graph - -------> nonSkippedChar
2021-11-19T10:23:53,262|[TRACE] script - #out(`E`) [token]
2021-11-19T10:23:53,262|[TRACE] graph - <------- nonSkippedChar
2021-11-19T10:23:53,262|[TRACE] graph - <----- statementPart
2021-11-19T10:23:53,262|[TRACE] graph - -----> statementPart
2021-11-19T10:23:53,262|[TRACE] graph - -------> nonSkippedChar
2021-11-19T10:23:53,262|[TRACE] script - #out(`F`) [token]
2021-11-19T10:23:53,262|[TRACE] graph - <------- nonSkippedChar
2021-11-19T10:23:53,262|[TRACE] graph - <----- statementPart
2021-11-19T10:23:53,262|[TRACE] graph - -----> statementPart
2021-11-19T10:23:53,262|[TRACE] graph - -------> nonSkippedChar
2021-11-19T10:23:53,262|[TRACE] script - #out(`A`) [token]
2021-11-19T10:23:53,262|[TRACE] graph - <------- nonSkippedChar
2021-11-19T10:23:53,262|[TRACE] graph - <----- statementPart
2021-11-19T10:23:53,262|[TRACE] graph - -----> statementPart
2021-11-19T10:23:53,262|[TRACE] graph - -------> nonSkippedChar
2021-11-19T10:23:53,262|[TRACE] script - #out(`U`) [token]
2021-11-19T10:23:53,262|[TRACE] graph - <------- nonSkippedChar
2021-11-19T10:23:53,262|[TRACE] graph - <----- statementPart
2021-11-19T10:23:53,262|[TRACE] graph - -----> statementPart
2021-11-19T10:23:53,262|[TRACE] graph - -------> nonSkippedChar
2021-11-19T10:23:53,262|[TRACE] script - #out(`L`) [token]
2021-11-19T10:23:53,262|[TRACE] graph - <------- nonSkippedChar
2021-11-19T10:23:53,262|[TRACE] graph - <----- statementPart
2021-11-19T10:23:53,262|[TRACE] graph - -----> statementPart
2021-11-19T10:23:53,262|[TRACE] graph - -------> nonSkippedChar
2021-11-19T10:23:53,262|[TRACE] script - #out(`T`) [token]
2021-11-19T10:23:53,262|[TRACE] graph - <------- nonSkippedChar
2021-11-19T10:23:53,262|[TRACE] graph - <----- statementPart
2021-11-19T10:23:53,262|[TRACE] graph - -----> statementPart
2021-11-19T10:23:53,262|[TRACE] graph - -------> nonSkippedSpace
2021-11-19T10:23:53,262|[TRACE] script - #out(` `) [token]
2021-11-19T10:23:53,262|[TRACE] graph - <------- nonSkippedSpace
2021-11-19T10:23:53,262|[TRACE] graph - <----- statementPart
2021-11-19T10:23:53,262|[TRACE] graph - -----> statementPart
2021-11-19T10:23:53,262|[TRACE] graph - -------> nonSkippedChar
2021-11-19T10:23:53,262|[TRACE] script - #out(`(`) [token]
2021-11-19T10:23:53,262|[TRACE] graph - <------- nonSkippedChar
2021-11-19T10:23:53,262|[TRACE] graph - <----- statementPart
2021-11-19T10:23:53,262|[TRACE] graph - -----> statementPart
2021-11-19T10:23:53,262|[TRACE] graph - -------> nonSkippedChar
2021-11-19T10:23:53,262|[TRACE] script - #out(`u`) [token]
2021-11-19T10:23:53,262|[TRACE] graph - <------- nonSkippedChar
2021-11-19T10:23:53,262|[TRACE] graph - <----- statementPart
2021-11-19T10:23:53,262|[TRACE] graph - -----> statementPart
2021-11-19T10:23:53,262|[TRACE] graph - -------> nonSkippedChar
2021-11-19T10:23:53,262|[TRACE] script - #out(`n`) [token]
2021-11-19T10:23:53,262|[TRACE] graph - <------- nonSkippedChar
2021-11-19T10:23:53,262|[TRACE] graph - <----- statementPart
2021-11-19T10:23:53,262|[TRACE] graph - -----> statementPart
2021-11-19T10:23:53,262|[TRACE] graph - -------> nonSkippedChar
2021-11-19T10:23:53,262|[TRACE] script - #out(`i`) [token]
2021-11-19T10:23:53,262|[TRACE] graph - <------- nonSkippedChar
2021-11-19T10:23:53,262|[TRACE] graph - <----- statementPart
2021-11-19T10:23:53,262|[TRACE] graph - -----> statementPart
2021-11-19T10:23:53,262|[TRACE] graph - -------> nonSkippedChar
2021-11-19T10:23:53,262|[TRACE] script - #out(`x`) [token]
2021-11-19T10:23:53,262|[TRACE] graph - <------- nonSkippedChar
2021-11-19T10:23:53,262|[TRACE] graph - <----- statementPart
2021-11-19T10:23:53,262|[TRACE] graph - -----> statementPart
2021-11-19T10:23:53,262|[TRACE] graph - -------> nonSkippedChar
2021-11-19T10:23:53,262|[TRACE] script - #out(`_`) [token]
2021-11-19T10:23:53,262|[TRACE] graph - <------- nonSkippedChar
2021-11-19T10:23:53,262|[TRACE] graph - <----- statementPart
2021-11-19T10:23:53,262|[TRACE] graph - -----> statementPart
2021-11-19T10:23:53,262|[TRACE] graph - -------> nonSkippedChar
2021-11-19T10:23:53,262|[TRACE] script - #out(`t`) [token]
2021-11-19T10:23:53,262|[TRACE] graph - <------- nonSkippedChar
2021-11-19T10:23:53,262|[TRACE] graph - <----- statementPart
2021-11-19T10:23:53,262|[TRACE] graph - -----> statementPart
2021-11-19T10:23:53,262|[TRACE] graph - -------> nonSkippedChar
2021-11-19T10:23:53,262|[TRACE] script - #out(`i`) [token]
2021-11-19T10:23:53,262|[TRACE] graph - <------- nonSkippedChar
2021-11-19T10:23:53,262|[TRACE] graph - <----- statementPart
2021-11-19T10:23:53,262|[TRACE] graph - -----> statementPart
2021-11-19T10:23:53,262|[TRACE] graph - -------> nonSkippedChar
2021-11-19T10:23:53,262|[TRACE] script - #out(`m`) [token]
2021-11-19T10:23:53,262|[TRACE] graph - <------- nonSkippedChar
2021-11-19T10:23:53,262|[TRACE] graph - <----- statementPart
2021-11-19T10:23:53,262|[TRACE] graph - -----> statementPart
2021-11-19T10:23:53,262|[TRACE] graph - -------> nonSkippedChar
2021-11-19T10:23:53,262|[TRACE] script - #out(`e`) [token]
2021-11-19T10:23:53,262|[TRACE] graph - <------- nonSkippedChar
2021-11-19T10:23:53,262|[TRACE] graph - <----- statementPart
2021-11-19T10:23:53,262|[TRACE] graph - -----> statementPart
2021-11-19T10:23:53,262|[TRACE] graph - -------> nonSkippedChar
2021-11-19T10:23:53,262|[TRACE] script - #out(`s`) [token]
2021-11-19T10:23:53,262|[TRACE] graph - <------- nonSkippedChar
2021-11-19T10:23:53,262|[TRACE] graph - <----- statementPart
2021-11-19T10:23:53,262|[TRACE] graph - -----> statementPart
2021-11-19T10:23:53,262|[TRACE] graph - -------> nonSkippedChar
2021-11-19T10:23:53,262|[TRACE] script - #out(`t`) [token]
2021-11-19T10:23:53,262|[TRACE] graph - <------- nonSkippedChar
2021-11-19T10:23:53,262|[TRACE] graph - <----- statementPart
2021-11-19T10:23:53,262|[TRACE] graph - -----> statementPart
2021-11-19T10:23:53,262|[TRACE] graph - -------> nonSkippedChar
2021-11-19T10:23:53,262|[TRACE] script - #out(`a`) [token]
2021-11-19T10:23:53,262|[TRACE] graph - <------- nonSkippedChar
2021-11-19T10:23:53,262|[TRACE] graph - <----- statementPart
2021-11-19T10:23:53,262|[TRACE] graph - -----> statementPart
2021-11-19T10:23:53,262|[TRACE] graph - -------> nonSkippedChar
2021-11-19T10:23:53,262|[TRACE] script - #out(`m`) [token]
2021-11-19T10:23:53,262|[TRACE] graph - <------- nonSkippedChar
2021-11-19T10:23:53,262|[TRACE] graph - <----- statementPart
2021-11-19T10:23:53,262|[TRACE] graph - -----> statementPart
2021-11-19T10:23:53,262|[TRACE] graph - -------> nonSkippedChar
2021-11-19T10:23:53,262|[TRACE] script - #out(`p`) [token]
2021-11-19T10:23:53,262|[TRACE] graph - <------- nonSkippedChar
2021-11-19T10:23:53,262|[TRACE] graph - <----- statementPart
2021-11-19T10:23:53,262|[TRACE] graph - -----> statementPart
2021-11-19T10:23:53,262|[TRACE] graph - -------> nonSkippedChar
2021-11-19T10:23:53,262|[TRACE] script - #out(`(`) [token]
2021-11-19T10:23:53,262|[TRACE] graph - <------- nonSkippedChar
2021-11-19T10:23:53,262|[TRACE] graph - <----- statementPart
2021-11-19T10:23:53,262|[TRACE] graph - -----> statementPart
2021-11-19T10:23:53,262|[TRACE] graph - -------> nonSkippedChar
2021-11-19T10:23:53,262|[TRACE] script - #out(`n`) [token]
2021-11-19T10:23:53,262|[TRACE] graph - <------- nonSkippedChar
2021-11-19T10:23:53,262|[TRACE] graph - <----- statementPart
2021-11-19T10:23:53,262|[TRACE] graph - -----> statementPart
2021-11-19T10:23:53,262|[TRACE] graph - -------> nonSkippedChar
2021-11-19T10:23:53,262|[TRACE] script - #out(`o`) [token]
2021-11-19T10:23:53,262|[TRACE] graph - <------- nonSkippedChar
2021-11-19T10:23:53,262|[TRACE] graph - <----- statementPart
2021-11-19T10:23:53,262|[TRACE] graph - -----> statementPart
2021-11-19T10:23:53,262|[TRACE] graph - -------> nonSkippedChar
2021-11-19T10:23:53,262|[TRACE] script - #out(`w`) [token]
2021-11-19T10:23:53,262|[TRACE] graph - <------- nonSkippedChar
2021-11-19T10:23:53,262|[TRACE] graph - <----- statementPart
2021-11-19T10:23:53,262|[TRACE] graph - -----> statementPart
2021-11-19T10:23:53,262|[TRACE] graph - -------> nonSkippedChar
2021-11-19T10:23:53,262|[TRACE] script - #out(`(`) [token]
2021-11-19T10:23:53,262|[TRACE] graph - <------- nonSkippedChar
2021-11-19T10:23:53,262|[TRACE] graph - <----- statementPart
2021-11-19T10:23:53,262|[TRACE] graph - -----> statementPart
2021-11-19T10:23:53,262|[TRACE] graph - -------> nonSkippedChar
2021-11-19T10:23:53,262|[TRACE] script - #out(`)`) [token]
2021-11-19T10:23:53,262|[TRACE] graph - <------- nonSkippedChar
2021-11-19T10:23:53,262|[TRACE] graph - <----- statementPart
2021-11-19T10:23:53,262|[TRACE] graph - -----> statementPart
2021-11-19T10:23:53,262|[TRACE] graph - -------> nonSkippedChar
2021-11-19T10:23:53,262|[TRACE] script - #out(`)`) [token]
2021-11-19T10:23:53,262|[TRACE] graph - <------- nonSkippedChar
2021-11-19T10:23:53,262|[TRACE] graph - <----- statementPart
2021-11-19T10:23:53,262|[TRACE] graph - -----> statementPart
2021-11-19T10:23:53,262|[TRACE] graph - -------> nonSkippedSpace
2021-11-19T10:23:53,262|[TRACE] script - #out(` `) [token]
2021-11-19T10:23:53,262|[TRACE] graph - <------- nonSkippedSpace
2021-11-19T10:23:53,262|[TRACE] graph - <----- statementPart
2021-11-19T10:23:53,262|[TRACE] graph - -----> statementPart
2021-11-19T10:23:53,262|[TRACE] graph - -------> nonSkippedChar
2021-11-19T10:23:53,262|[TRACE] script - #out(`*`) [token]
2021-11-19T10:23:53,262|[TRACE] graph - <------- nonSkippedChar
2021-11-19T10:23:53,262|[TRACE] graph - <----- statementPart
2021-11-19T10:23:53,262|[TRACE] graph - -----> statementPart
2021-11-19T10:23:53,262|[TRACE] graph - -------> nonSkippedSpace
2021-11-19T10:23:53,262|[TRACE] script - #out(` `) [token]
2021-11-19T10:23:53,262|[TRACE] graph - <------- nonSkippedSpace
2021-11-19T10:23:53,262|[TRACE] graph - <----- statementPart
2021-11-19T10:23:53,262|[TRACE] graph - -----> statementPart
2021-11-19T10:23:53,262|[TRACE] graph - -------> nonSkippedChar
2021-11-19T10:23:53,262|[TRACE] script - #out(`1`) [token]
2021-11-19T10:23:53,262|[TRACE] graph - <------- nonSkippedChar
2021-11-19T10:23:53,262|[TRACE] graph - <----- statementPart
2021-11-19T10:23:53,262|[TRACE] graph - -----> statementPart
2021-11-19T10:23:53,262|[TRACE] graph - -------> nonSkippedChar
2021-11-19T10:23:53,262|[TRACE] script - #out(`0`) [token]
2021-11-19T10:23:53,262|[TRACE] graph - <------- nonSkippedChar
2021-11-19T10:23:53,262|[TRACE] graph - <----- statementPart
2021-11-19T10:23:53,262|[TRACE] graph - -----> statementPart
2021-11-19T10:23:53,262|[TRACE] graph - -------> nonSkippedChar
2021-11-19T10:23:53,262|[TRACE] script - #out(`0`) [token]
2021-11-19T10:23:53,262|[TRACE] graph - <------- nonSkippedChar
2021-11-19T10:23:53,262|[TRACE] graph - <----- statementPart
2021-11-19T10:23:53,262|[TRACE] graph - -----> statementPart
2021-11-19T10:23:53,262|[TRACE] graph - -------> nonSkippedChar
2021-11-19T10:23:53,262|[TRACE] script - #out(`0`) [token]
2021-11-19T10:23:53,262|[TRACE] graph - <------- nonSkippedChar
2021-11-19T10:23:53,262|[TRACE] graph - <----- statementPart
2021-11-19T10:23:53,262|[TRACE] graph - -----> statementPart
2021-11-19T10:23:53,262|[TRACE] graph - -------> nonSkippedChar
2021-11-19T10:23:53,262|[TRACE] script - #out(`)`) [token]
2021-11-19T10:23:53,262|[TRACE] graph - <------- nonSkippedChar
2021-11-19T10:23:53,262|[TRACE] graph - <----- statementPart
2021-11-19T10:23:53,262|[TRACE] graph - -----> statementPart
2021-11-19T10:23:53,262|[TRACE] graph - -------> nonSkippedChar
2021-11-19T10:23:53,262|[TRACE] script - #out(`,`) [token]
2021-11-19T10:23:53,262|[TRACE] graph - <------- nonSkippedChar
2021-11-19T10:23:53,262|[TRACE] graph - <----- statementPart
2021-11-19T10:23:53,262|[TRACE] graph - -----> afterStatementPartNewline
2021-11-19T10:23:53,262|[TRACE] script - #out(` `) [text]
2021-11-19T10:23:53,262|[TRACE] graph - <----- afterStatementPartNewline
2021-11-19T10:23:53,262|[TRACE] graph - -----> statementPart
2021-11-19T10:23:53,262|[TRACE] graph - -------> nonSkippedSpace
2021-11-19T10:23:53,262|[TRACE] script - #out(` `) [token]
2021-11-19T10:23:53,262|[TRACE] graph - <------- nonSkippedSpace
2021-11-19T10:23:53,262|[TRACE] graph - <----- statementPart
2021-11-19T10:23:53,262|[TRACE] graph - -----> statementPart
2021-11-19T10:23:53,262|[TRACE] graph - -------> nonSkippedSpace
2021-11-19T10:23:53,262|[TRACE] script - #out(` `) [token]
2021-11-19T10:23:53,262|[TRACE] graph - <------- nonSkippedSpace
2021-11-19T10:23:53,262|[TRACE] graph - <----- statementPart
2021-11-19T10:23:53,262|[TRACE] graph - -----> statementPart
2021-11-19T10:23:53,262|[TRACE] graph - -------> quotedString
2021-11-19T10:23:53,262|[TRACE] script - #out(``version``) [token]
2021-11-19T10:23:53,262|[TRACE] graph - <------- quotedString
2021-11-19T10:23:53,324|[TRACE] graph - <----- statementPart
2021-11-19T10:23:53,324|[TRACE] graph - -----> statementPart
2021-11-19T10:23:53,324|[TRACE] graph - -------> nonSkippedSpace
2021-11-19T10:23:53,324|[TRACE] script - #out(` `) [token]
2021-11-19T10:23:53,324|[TRACE] graph - <------- nonSkippedSpace
2021-11-19T10:23:53,324|[TRACE] graph - <----- statementPart
2021-11-19T10:23:53,324|[TRACE] graph - -----> statementPart
2021-11-19T10:23:53,324|[TRACE] graph - -------> nonSkippedChar
2021-11-19T10:23:53,324|[TRACE] script - #out(`I`) [token]
2021-11-19T10:23:53,324|[TRACE] graph - <------- nonSkippedChar
2021-11-19T10:23:53,324|[TRACE] graph - <----- statementPart
2021-11-19T10:23:53,324|[TRACE] graph - -----> statementPart
2021-11-19T10:23:53,324|[TRACE] graph - -------> nonSkippedChar
2021-11-19T10:23:53,324|[TRACE] script - #out(`N`) [token]
2021-11-19T10:23:53,324|[TRACE] graph - <------- nonSkippedChar
2021-11-19T10:23:53,324|[TRACE] graph - <----- statementPart
2021-11-19T10:23:53,324|[TRACE] graph - -----> statementPart
2021-11-19T10:23:53,324|[TRACE] graph - -------> nonSkippedChar
2021-11-19T10:23:53,324|[TRACE] script - #out(`T`) [token]
2021-11-19T10:23:53,324|[TRACE] graph - <------- nonSkippedChar
2021-11-19T10:23:53,324|[TRACE] graph - <----- statementPart
2021-11-19T10:23:53,324|[TRACE] graph - -----> statementPart
2021-11-19T10:23:53,324|[TRACE] graph - -------> nonSkippedSpace
2021-11-19T10:23:53,324|[TRACE] script - #out(` `) [token]
2021-11-19T10:23:53,324|[TRACE] graph - <------- nonSkippedSpace
2021-11-19T10:23:53,324|[TRACE] graph - <----- statementPart
2021-11-19T10:23:53,324|[TRACE] graph - -----> statementPart
2021-11-19T10:23:53,324|[TRACE] graph - -------> nonSkippedChar
2021-11-19T10:23:53,324|[TRACE] script - #out(`N`) [token]
2021-11-19T10:23:53,324|[TRACE] graph - <------- nonSkippedChar
2021-11-19T10:23:53,324|[TRACE] graph - <----- statementPart
2021-11-19T10:23:53,324|[TRACE] graph - -----> statementPart
2021-11-19T10:23:53,324|[TRACE] graph - -------> nonSkippedChar
2021-11-19T10:23:53,324|[TRACE] script - #out(`O`) [token]
2021-11-19T10:23:53,324|[TRACE] graph - <------- nonSkippedChar
2021-11-19T10:23:53,324|[TRACE] graph - <----- statementPart
2021-11-19T10:23:53,324|[TRACE] graph - -----> statementPart
2021-11-19T10:23:53,324|[TRACE] graph - -------> nonSkippedChar
2021-11-19T10:23:53,324|[TRACE] script - #out(`T`) [token]
2021-11-19T10:23:53,324|[TRACE] graph - <------- nonSkippedChar
2021-11-19T10:23:53,324|[TRACE] graph - <----- statementPart
2021-11-19T10:23:53,324|[TRACE] graph - -----> statementPart
2021-11-19T10:23:53,324|[TRACE] graph - -------> nonSkippedSpace
2021-11-19T10:23:53,324|[TRACE] script - #out(` `) [token]
2021-11-19T10:23:53,324|[TRACE] graph - <------- nonSkippedSpace
2021-11-19T10:23:53,324|[TRACE] graph - <----- statementPart
2021-11-19T10:23:53,324|[TRACE] graph - -----> statementPart
2021-11-19T10:23:53,324|[TRACE] graph - -------> nonSkippedChar
2021-11-19T10:23:53,324|[TRACE] script - #out(`N`) [token]
2021-11-19T10:23:53,324|[TRACE] graph - <------- nonSkippedChar
2021-11-19T10:23:53,324|[TRACE] graph - <----- statementPart
2021-11-19T10:23:53,324|[TRACE] graph - -----> statementPart
2021-11-19T10:23:53,324|[TRACE] graph - -------> nonSkippedChar
2021-11-19T10:23:53,324|[TRACE] script - #out(`U`) [token]
2021-11-19T10:23:53,324|[TRACE] graph - <------- nonSkippedChar
2021-11-19T10:23:53,324|[TRACE] graph - <----- statementPart
2021-11-19T10:23:53,324|[TRACE] graph - -----> statementPart
2021-11-19T10:23:53,324|[TRACE] graph - -------> nonSkippedChar
2021-11-19T10:23:53,324|[TRACE] script - #out(`L`) [token]
2021-11-19T10:23:53,324|[TRACE] graph - <------- nonSkippedChar
2021-11-19T10:23:53,324|[TRACE] graph - <----- statementPart
2021-11-19T10:23:53,324|[TRACE] graph - -----> statementPart
2021-11-19T10:23:53,324|[TRACE] graph - -------> nonSkippedChar
2021-11-19T10:23:53,324|[TRACE] script - #out(`L`) [token]
2021-11-19T10:23:53,324|[TRACE] graph - <------- nonSkippedChar
2021-11-19T10:23:53,324|[TRACE] graph - <----- statementPart
2021-11-19T10:23:53,324|[TRACE] graph - -----> statementPart
2021-11-19T10:23:53,324|[TRACE] graph - -------> nonSkippedSpace
2021-11-19T10:23:53,324|[TRACE] script - #out(` `) [token]
2021-11-19T10:23:53,324|[TRACE] graph - <------- nonSkippedSpace
2021-11-19T10:23:53,324|[TRACE] graph - <----- statementPart
2021-11-19T10:23:53,324|[TRACE] graph - -----> statementPart
2021-11-19T10:23:53,324|[TRACE] graph - -------> nonSkippedChar
2021-11-19T10:23:53,324|[TRACE] script - #out(`D`) [token]
2021-11-19T10:23:53,324|[TRACE] graph - <------- nonSkippedChar
2021-11-19T10:23:53,324|[TRACE] graph - <----- statementPart
2021-11-19T10:23:53,324|[TRACE] graph - -----> statementPart
2021-11-19T10:23:53,324|[TRACE] graph - -------> nonSkippedChar
2021-11-19T10:23:53,324|[TRACE] script - #out(`E`) [token]
2021-11-19T10:23:53,324|[TRACE] graph - <------- nonSkippedChar
2021-11-19T10:23:53,324|[TRACE] graph - <----- statementPart
2021-11-19T10:23:53,324|[TRACE] graph - -----> statementPart
2021-11-19T10:23:53,324|[TRACE] graph - -------> nonSkippedChar
2021-11-19T10:23:53,324|[TRACE] script - #out(`F`) [token]
2021-11-19T10:23:53,324|[TRACE] graph - <------- nonSkippedChar
2021-11-19T10:23:53,324|[TRACE] graph - <----- statementPart
2021-11-19T10:23:53,324|[TRACE] graph - -----> statementPart
2021-11-19T10:23:53,324|[TRACE] graph - -------> nonSkippedChar
2021-11-19T10:23:53,324|[TRACE] script - #out(`A`) [token]
2021-11-19T10:23:53,324|[TRACE] graph - <------- nonSkippedChar
2021-11-19T10:23:53,324|[TRACE] graph - <----- statementPart
2021-11-19T10:23:53,324|[TRACE] graph - -----> statementPart
2021-11-19T10:23:53,324|[TRACE] graph - -------> nonSkippedChar
2021-11-19T10:23:53,324|[TRACE] script - #out(`U`) [token]
2021-11-19T10:23:53,324|[TRACE] graph - <------- nonSkippedChar
2021-11-19T10:23:53,324|[TRACE] graph - <----- statementPart
2021-11-19T10:23:53,324|[TRACE] graph - -----> statementPart
2021-11-19T10:23:53,324|[TRACE] graph - -------> nonSkippedChar
2021-11-19T10:23:53,324|[TRACE] script - #out(`L`) [token]
2021-11-19T10:23:53,324|[TRACE] graph - <------- nonSkippedChar
2021-11-19T10:23:53,324|[TRACE] graph - <----- statementPart
2021-11-19T10:23:53,324|[TRACE] graph - -----> statementPart
2021-11-19T10:23:53,324|[TRACE] graph - -------> nonSkippedChar
2021-11-19T10:23:53,324|[TRACE] script - #out(`T`) [token]
2021-11-19T10:23:53,324|[TRACE] graph - <------- nonSkippedChar
2021-11-19T10:23:53,324|[TRACE] graph - <----- statementPart
2021-11-19T10:23:53,324|[TRACE] graph - -----> statementPart
2021-11-19T10:23:53,324|[TRACE] graph - -------> nonSkippedSpace
2021-11-19T10:23:53,324|[TRACE] script - #out(` `) [token]
2021-11-19T10:23:53,324|[TRACE] graph - <------- nonSkippedSpace
2021-11-19T10:23:53,324|[TRACE] graph - <----- statementPart
2021-11-19T10:23:53,324|[TRACE] graph - -----> statementPart
2021-11-19T10:23:53,324|[TRACE] graph - -------> nonSkippedChar
2021-11-19T10:23:53,324|[TRACE] script - #out(`1`) [token]
2021-11-19T10:23:53,324|[TRACE] graph - <------- nonSkippedChar
2021-11-19T10:23:53,324|[TRACE] graph - <----- statementPart
2021-11-19T10:23:53,324|[TRACE] graph - -----> statementPart
2021-11-19T10:23:53,324|[TRACE] graph - -------> nonSkippedChar
2021-11-19T10:23:53,324|[TRACE] script - #out(`,`) [token]
2021-11-19T10:23:53,324|[TRACE] graph - <------- nonSkippedChar
2021-11-19T10:23:53,324|[TRACE] graph - <----- statementPart
2021-11-19T10:23:53,324|[TRACE] graph - -----> afterStatementPartNewline
2021-11-19T10:23:53,324|[TRACE] script - #out(` `) [text]
2021-11-19T10:23:53,324|[TRACE] graph - <----- afterStatementPartNewline
2021-11-19T10:23:53,329|[TRACE] graph - -----> statementPart
2021-11-19T10:23:53,329|[TRACE] graph - -------> nonSkippedSpace
2021-11-19T10:23:53,329|[TRACE] script - #out(` `) [token]
2021-11-19T10:23:53,329|[TRACE] graph - <------- nonSkippedSpace
2021-11-19T10:23:53,329|[TRACE] graph - <----- statementPart
2021-11-19T10:23:53,329|[TRACE] graph - -----> statementPart
2021-11-19T10:23:53,329|[TRACE] graph - -------> nonSkippedSpace
2021-11-19T10:23:53,329|[TRACE] script - #out(` `) [token]
2021-11-19T10:23:53,329|[TRACE] graph - <------- nonSkippedSpace
2021-11-19T10:23:53,329|[TRACE] graph - <----- statementPart
2021-11-19T10:23:53,329|[TRACE] graph - -----> statementPart
2021-11-19T10:23:53,329|[TRACE] graph - -------> nonSkippedChar
2021-11-19T10:23:53,329|[TRACE] script - #out(`P`) [token]
2021-11-19T10:23:53,329|[TRACE] graph - <------- nonSkippedChar
2021-11-19T10:23:53,329|[TRACE] graph - <----- statementPart
2021-11-19T10:23:53,329|[TRACE] graph - -----> statementPart
2021-11-19T10:23:53,329|[TRACE] graph - -------> nonSkippedChar
2021-11-19T10:23:53,329|[TRACE] script - #out(`R`) [token]
2021-11-19T10:23:53,329|[TRACE] graph - <------- nonSkippedChar
2021-11-19T10:23:53,329|[TRACE] graph - <----- statementPart
2021-11-19T10:23:53,329|[TRACE] graph - -----> statementPart
2021-11-19T10:23:53,329|[TRACE] graph - -------> nonSkippedChar
2021-11-19T10:23:53,329|[TRACE] script - #out(`I`) [token]
2021-11-19T10:23:53,329|[TRACE] graph - <------- nonSkippedChar
2021-11-19T10:23:53,329|[TRACE] graph - <----- statementPart
2021-11-19T10:23:53,329|[TRACE] graph - -----> statementPart
2021-11-19T10:23:53,329|[TRACE] graph - -------> nonSkippedChar
2021-11-19T10:23:53,329|[TRACE] script - #out(`M`) [token]
2021-11-19T10:23:53,329|[TRACE] graph - <------- nonSkippedChar
2021-11-19T10:23:53,329|[TRACE] graph - <----- statementPart
2021-11-19T10:23:53,329|[TRACE] graph - -----> statementPart
2021-11-19T10:23:53,329|[TRACE] graph - -------> nonSkippedChar
2021-11-19T10:23:53,329|[TRACE] script - #out(`A`) [token]
2021-11-19T10:23:53,329|[TRACE] graph - <------- nonSkippedChar
2021-11-19T10:23:53,329|[TRACE] graph - <----- statementPart
2021-11-19T10:23:53,329|[TRACE] graph - -----> statementPart
2021-11-19T10:23:53,329|[TRACE] graph - -------> nonSkippedChar
2021-11-19T10:23:53,329|[TRACE] script - #out(`R`) [token]
2021-11-19T10:23:53,329|[TRACE] graph - <------- nonSkippedChar
2021-11-19T10:23:53,329|[TRACE] graph - <----- statementPart
2021-11-19T10:23:53,329|[TRACE] graph - -----> statementPart
2021-11-19T10:23:53,329|[TRACE] graph - -------> nonSkippedChar
2021-11-19T10:23:53,329|[TRACE] script - #out(`Y`) [token]
2021-11-19T10:23:53,329|[TRACE] graph - <------- nonSkippedChar
2021-11-19T10:23:53,329|[TRACE] graph - <----- statementPart
2021-11-19T10:23:53,329|[TRACE] graph - -----> statementPart
2021-11-19T10:23:53,329|[TRACE] graph - -------> nonSkippedSpace
2021-11-19T10:23:53,329|[TRACE] script - #out(` `) [token]
2021-11-19T10:23:53,329|[TRACE] graph - <------- nonSkippedSpace
2021-11-19T10:23:53,329|[TRACE] graph - <----- statementPart
2021-11-19T10:23:53,329|[TRACE] graph - -----> statementPart
2021-11-19T10:23:53,329|[TRACE] graph - -------> nonSkippedChar
2021-11-19T10:23:53,329|[TRACE] script - #out(`K`) [token]
2021-11-19T10:23:53,329|[TRACE] graph - <------- nonSkippedChar
2021-11-19T10:23:53,329|[TRACE] graph - <----- statementPart
2021-11-19T10:23:53,329|[TRACE] graph - -----> statementPart
2021-11-19T10:23:53,329|[TRACE] graph - -------> nonSkippedChar
2021-11-19T10:23:53,329|[TRACE] script - #out(`E`) [token]
2021-11-19T10:23:53,329|[TRACE] graph - <------- nonSkippedChar
2021-11-19T10:23:53,329|[TRACE] graph - <----- statementPart
2021-11-19T10:23:53,329|[TRACE] graph - -----> statementPart
2021-11-19T10:23:53,329|[TRACE] graph - -------> nonSkippedChar
2021-11-19T10:23:53,329|[TRACE] script - #out(`Y`) [token]
2021-11-19T10:23:53,329|[TRACE] graph - <------- nonSkippedChar
2021-11-19T10:23:53,329|[TRACE] graph - <----- statementPart
2021-11-19T10:23:53,329|[TRACE] graph - -----> statementPart
2021-11-19T10:23:53,329|[TRACE] graph - -------> nonSkippedSpace
2021-11-19T10:23:53,329|[TRACE] script - #out(` `) [token]
2021-11-19T10:23:53,329|[TRACE] graph - <------- nonSkippedSpace
2021-11-19T10:23:53,329|[TRACE] graph - <----- statementPart
2021-11-19T10:23:53,329|[TRACE] graph - -----> statementPart
2021-11-19T10:23:53,329|[TRACE] graph - -------> nonSkippedChar
2021-11-19T10:23:53,329|[TRACE] script - #out(`(`) [token]
2021-11-19T10:23:53,329|[TRACE] graph - <------- nonSkippedChar
2021-11-19T10:23:53,329|[TRACE] graph - <----- statementPart
2021-11-19T10:23:53,329|[TRACE] graph - -----> statementPart
2021-11-19T10:23:53,329|[TRACE] graph - -------> quotedString
2021-11-19T10:23:53,329|[TRACE] script - #out(``bank_id``) [token]
2021-11-19T10:23:53,329|[TRACE] graph - <------- quotedString
2021-11-19T10:23:53,329|[TRACE] graph - <----- statementPart
2021-11-19T10:23:53,329|[TRACE] graph - -----> statementPart
2021-11-19T10:23:53,329|[TRACE] graph - -------> nonSkippedChar
2021-11-19T10:23:53,329|[TRACE] script - #out(`)`) [token]
2021-11-19T10:23:53,329|[TRACE] graph - <------- nonSkippedChar
2021-11-19T10:23:53,329|[TRACE] graph - <----- statementPart
2021-11-19T10:23:53,329|[TRACE] graph - -----> statementPart
2021-11-19T10:23:53,329|[TRACE] graph - -------> nonSkippedChar
2021-11-19T10:23:53,329|[TRACE] script - #out(`,`) [token]
2021-11-19T10:23:53,329|[TRACE] graph - <------- nonSkippedChar
2021-11-19T10:23:53,329|[TRACE] graph - <----- statementPart
2021-11-19T10:23:53,329|[TRACE] graph - -----> afterStatementPartNewline
2021-11-19T10:23:53,329|[TRACE] script - #out(` `) [text]
2021-11-19T10:23:53,329|[TRACE] graph - <----- afterStatementPartNewline
2021-11-19T10:23:53,329|[TRACE] graph - -----> statementPart
2021-11-19T10:23:53,329|[TRACE] graph - -------> nonSkippedSpace
2021-11-19T10:23:53,329|[TRACE] script - #out(` `) [token]
2021-11-19T10:23:53,329|[TRACE] graph - <------- nonSkippedSpace
2021-11-19T10:23:53,329|[TRACE] graph - <----- statementPart
2021-11-19T10:23:53,329|[TRACE] graph - -----> statementPart
2021-11-19T10:23:53,329|[TRACE] graph - -------> nonSkippedSpace
2021-11-19T10:23:53,329|[TRACE] script - #out(` `) [token]
2021-11-19T10:23:53,329|[TRACE] graph - <------- nonSkippedSpace
2021-11-19T10:23:53,329|[TRACE] graph - <----- statementPart
2021-11-19T10:23:53,329|[TRACE] graph - -----> statementPart
2021-11-19T10:23:53,329|[TRACE] graph - -------> nonSkippedChar
2021-11-19T10:23:53,329|[TRACE] script - #out(`U`) [token]
2021-11-19T10:23:53,329|[TRACE] graph - <------- nonSkippedChar
2021-11-19T10:23:53,329|[TRACE] graph - <----- statementPart
2021-11-19T10:23:53,329|[TRACE] graph - -----> statementPart
2021-11-19T10:23:53,329|[TRACE] graph - -------> nonSkippedChar
2021-11-19T10:23:53,329|[TRACE] script - #out(`N`) [token]
2021-11-19T10:23:53,329|[TRACE] graph - <------- nonSkippedChar
2021-11-19T10:23:53,329|[TRACE] graph - <----- statementPart
2021-11-19T10:23:53,329|[TRACE] graph - -----> statementPart
2021-11-19T10:23:53,329|[TRACE] graph - -------> nonSkippedChar
2021-11-19T10:23:53,329|[TRACE] script - #out(`I`) [token]
2021-11-19T10:23:53,329|[TRACE] graph - <------- nonSkippedChar
2021-11-19T10:23:53,329|[TRACE] graph - <----- statementPart
2021-11-19T10:23:53,329|[TRACE] graph - -----> statementPart
2021-11-19T10:23:53,329|[TRACE] graph - -------> nonSkippedChar
2021-11-19T10:23:53,329|[TRACE] script - #out(`Q`) [token]
2021-11-19T10:23:53,329|[TRACE] graph - <------- nonSkippedChar
2021-11-19T10:23:53,329|[TRACE] graph - <----- statementPart
2021-11-19T10:23:53,329|[TRACE] graph - -----> statementPart
2021-11-19T10:23:53,329|[TRACE] graph - -------> nonSkippedChar
2021-11-19T10:23:53,329|[TRACE] script - #out(`U`) [token]
2021-11-19T10:23:53,329|[TRACE] graph - <------- nonSkippedChar
2021-11-19T10:23:53,329|[TRACE] graph - <----- statementPart
2021-11-19T10:23:53,329|[TRACE] graph - -----> statementPart
2021-11-19T10:23:53,329|[TRACE] graph - -------> nonSkippedChar
2021-11-19T10:23:53,329|[TRACE] script - #out(`E`) [token]
2021-11-19T10:23:53,329|[TRACE] graph - <------- nonSkippedChar
2021-11-19T10:23:53,329|[TRACE] graph - <----- statementPart
2021-11-19T10:23:53,329|[TRACE] graph - -----> statementPart
2021-11-19T10:23:53,329|[TRACE] graph - -------> nonSkippedSpace
2021-11-19T10:23:53,329|[TRACE] script - #out(` `) [token]
2021-11-19T10:23:53,329|[TRACE] graph - <------- nonSkippedSpace
2021-11-19T10:23:53,329|[TRACE] graph - <----- statementPart
2021-11-19T10:23:53,329|[TRACE] graph - -----> statementPart
2021-11-19T10:23:53,329|[TRACE] graph - -------> nonSkippedChar
2021-11-19T10:23:53,329|[TRACE] script - #out(`I`) [token]
2021-11-19T10:23:53,329|[TRACE] graph - <------- nonSkippedChar
2021-11-19T10:23:53,329|[TRACE] graph - <----- statementPart
2021-11-19T10:23:53,329|[TRACE] graph - -----> statementPart
2021-11-19T10:23:53,329|[TRACE] graph - -------> nonSkippedChar
2021-11-19T10:23:53,329|[TRACE] script - #out(`N`) [token]
2021-11-19T10:23:53,329|[TRACE] graph - <------- nonSkippedChar
2021-11-19T10:23:53,329|[TRACE] graph - <----- statementPart
2021-11-19T10:23:53,329|[TRACE] graph - -----> statementPart
2021-11-19T10:23:53,329|[TRACE] graph - -------> nonSkippedChar
2021-11-19T10:23:53,329|[TRACE] script - #out(`D`) [token]
2021-11-19T10:23:53,329|[TRACE] graph - <------- nonSkippedChar
2021-11-19T10:23:53,329|[TRACE] graph - <----- statementPart
2021-11-19T10:23:53,329|[TRACE] graph - -----> statementPart
2021-11-19T10:23:53,329|[TRACE] graph - -------> nonSkippedChar
2021-11-19T10:23:53,329|[TRACE] script - #out(`E`) [token]
2021-11-19T10:23:53,329|[TRACE] graph - <------- nonSkippedChar
2021-11-19T10:23:53,330|[TRACE] graph - <----- statementPart
2021-11-19T10:23:53,330|[TRACE] graph - -----> statementPart
2021-11-19T10:23:53,330|[TRACE] graph - -------> nonSkippedChar
2021-11-19T10:23:53,330|[TRACE] script - #out(`X`) [token]
2021-11-19T10:23:53,330|[TRACE] graph - <------- nonSkippedChar
2021-11-19T10:23:53,330|[TRACE] graph - <----- statementPart
2021-11-19T10:23:53,330|[TRACE] graph - -----> statementPart
2021-11-19T10:23:53,330|[TRACE] graph - -------> nonSkippedSpace
2021-11-19T10:23:53,330|[TRACE] script - #out(` `) [token]
2021-11-19T10:23:53,330|[TRACE] graph - <------- nonSkippedSpace
2021-11-19T10:23:53,330|[TRACE] graph - <----- statementPart
2021-11-19T10:23:53,330|[TRACE] graph - -----> statementPart
2021-11-19T10:23:53,330|[TRACE] graph - -------> quotedString
2021-11-19T10:23:53,330|[TRACE] script - #out(``name_UNIQUE``) [token]
2021-11-19T10:23:53,330|[TRACE] graph - <------- quotedString
2021-11-19T10:23:53,330|[TRACE] graph - <----- statementPart
2021-11-19T10:23:53,330|[TRACE] graph - -----> statementPart
2021-11-19T10:23:53,330|[TRACE] graph - -------> nonSkippedSpace
2021-11-19T10:23:53,330|[TRACE] script - #out(` `) [token]
2021-11-19T10:23:53,330|[TRACE] graph - <------- nonSkippedSpace
2021-11-19T10:23:53,330|[TRACE] graph - <----- statementPart
2021-11-19T10:23:53,330|[TRACE] graph - -----> statementPart
2021-11-19T10:23:53,330|[TRACE] graph - -------> nonSkippedChar
2021-11-19T10:23:53,330|[TRACE] script - #out(`(`) [token]
2021-11-19T10:23:53,330|[TRACE] graph - <------- nonSkippedChar
2021-11-19T10:23:53,330|[TRACE] graph - <----- statementPart
2021-11-19T10:23:53,330|[TRACE] graph - -----> statementPart
2021-11-19T10:23:53,330|[TRACE] graph - -------> quotedString
2021-11-19T10:23:53,330|[TRACE] script - #out(``name``) [token]
2021-11-19T10:23:53,330|[TRACE] graph - <------- quotedString
2021-11-19T10:23:53,330|[TRACE] graph - <----- statementPart
2021-11-19T10:23:53,330|[TRACE] graph - -----> statementPart
2021-11-19T10:23:53,330|[TRACE] graph - -------> nonSkippedSpace
2021-11-19T10:23:53,330|[TRACE] script - #out(` `) [token]
2021-11-19T10:23:53,330|[TRACE] graph - <------- nonSkippedSpace
2021-11-19T10:23:53,330|[TRACE] graph - <----- statementPart
2021-11-19T10:23:53,330|[TRACE] graph - -----> statementPart
2021-11-19T10:23:53,330|[TRACE] graph - -------> nonSkippedChar
2021-11-19T10:23:53,330|[TRACE] script - #out(`A`) [token]
2021-11-19T10:23:53,330|[TRACE] graph - <------- nonSkippedChar
2021-11-19T10:23:53,330|[TRACE] graph - <----- statementPart
2021-11-19T10:23:53,330|[TRACE] graph - -----> statementPart
2021-11-19T10:23:53,330|[TRACE] graph - -------> nonSkippedChar
2021-11-19T10:23:53,330|[TRACE] script - #out(`S`) [token]
2021-11-19T10:23:53,330|[TRACE] graph - <------- nonSkippedChar
2021-11-19T10:23:53,330|[TRACE] graph - <----- statementPart
2021-11-19T10:23:53,330|[TRACE] graph - -----> statementPart
2021-11-19T10:23:53,330|[TRACE] graph - -------> nonSkippedChar
2021-11-19T10:23:53,330|[TRACE] script - #out(`C`) [token]
2021-11-19T10:23:53,330|[TRACE] graph - <------- nonSkippedChar
2021-11-19T10:23:53,330|[TRACE] graph - <----- statementPart
2021-11-19T10:23:53,330|[TRACE] graph - -----> statementPart
2021-11-19T10:23:53,330|[TRACE] graph - -------> nonSkippedChar
2021-11-19T10:23:53,330|[TRACE] script - #out(`)`) [token]
2021-11-19T10:23:53,330|[TRACE] graph - <------- nonSkippedChar
2021-11-19T10:23:53,330|[TRACE] graph - <----- statementPart
2021-11-19T10:23:53,330|[TRACE] graph - -----> statementPart
2021-11-19T10:23:53,330|[TRACE] graph - -------> nonSkippedSpace
2021-11-19T10:23:53,330|[TRACE] script - #out(` `) [token]
2021-11-19T10:23:53,330|[TRACE] graph - <------- nonSkippedSpace
2021-11-19T10:23:53,330|[TRACE] graph - <----- statementPart
2021-11-19T10:23:53,330|[TRACE] graph - -----> statementPart
2021-11-19T10:23:53,330|[TRACE] graph - -------> nonSkippedChar
2021-11-19T10:23:53,330|[TRACE] script - #out(`V`) [token]
2021-11-19T10:23:53,330|[TRACE] graph - <------- nonSkippedChar
2021-11-19T10:23:53,330|[TRACE] graph - <----- statementPart
2021-11-19T10:23:53,330|[TRACE] graph - -----> statementPart
2021-11-19T10:23:53,330|[TRACE] graph - -------> nonSkippedChar
2021-11-19T10:23:53,330|[TRACE] script - #out(`I`) [token]
2021-11-19T10:23:53,330|[TRACE] graph - <------- nonSkippedChar
2021-11-19T10:23:53,330|[TRACE] graph - <----- statementPart
2021-11-19T10:23:53,330|[TRACE] graph - -----> statementPart
2021-11-19T10:23:53,330|[TRACE] graph - -------> nonSkippedChar
2021-11-19T10:23:53,330|[TRACE] script - #out(`S`) [token]
2021-11-19T10:23:53,330|[TRACE] graph - <------- nonSkippedChar
2021-11-19T10:23:53,330|[TRACE] graph - <----- statementPart
2021-11-19T10:23:53,330|[TRACE] graph - -----> statementPart
2021-11-19T10:23:53,330|[TRACE] graph - -------> nonSkippedChar
2021-11-19T10:23:53,330|[TRACE] script - #out(`I`) [token]
2021-11-19T10:23:53,330|[TRACE] graph - <------- nonSkippedChar
2021-11-19T10:23:53,330|[TRACE] graph - <----- statementPart
2021-11-19T10:23:53,330|[TRACE] graph - -----> statementPart
2021-11-19T10:23:53,330|[TRACE] graph - -------> nonSkippedChar
2021-11-19T10:23:53,330|[TRACE] script - #out(`B`) [token]
2021-11-19T10:23:53,330|[TRACE] graph - <------- nonSkippedChar
2021-11-19T10:23:53,330|[TRACE] graph - <----- statementPart
2021-11-19T10:23:53,330|[TRACE] graph - -----> statementPart
2021-11-19T10:23:53,330|[TRACE] graph - -------> nonSkippedChar
2021-11-19T10:23:53,330|[TRACE] script - #out(`L`) [token]
2021-11-19T10:23:53,330|[TRACE] graph - <------- nonSkippedChar
2021-11-19T10:23:53,330|[TRACE] graph - <----- statementPart
2021-11-19T10:23:53,330|[TRACE] graph - -----> statementPart
2021-11-19T10:23:53,330|[TRACE] graph - -------> nonSkippedChar
2021-11-19T10:23:53,330|[TRACE] script - #out(`E`) [token]
2021-11-19T10:23:53,330|[TRACE] graph - <------- nonSkippedChar
2021-11-19T10:23:53,330|[TRACE] graph - <----- statementPart
2021-11-19T10:23:53,330|[TRACE] graph - -----> statementPart
2021-11-19T10:23:53,330|[TRACE] graph - -------> nonSkippedChar
2021-11-19T10:23:53,330|[TRACE] script - #out(`)`) [token]
2021-11-19T10:23:53,330|[TRACE] graph - <------- nonSkippedChar
2021-11-19T10:23:53,330|[TRACE] graph - <----- statementPart
2021-11-19T10:23:53,330|[TRACE] graph - -----> afterStatementPartNewline
2021-11-19T10:23:53,330|[TRACE] script - #out(` `) [text]
2021-11-19T10:23:53,330|[TRACE] graph - <----- afterStatementPartNewline
2021-11-19T10:23:53,330|[TRACE] graph - -----> statementPart
2021-11-19T10:23:53,330|[TRACE] graph - -------> nonSkippedChar
2021-11-19T10:23:53,330|[TRACE] script - #out(`E`) [token]
2021-11-19T10:23:53,330|[TRACE] graph - <------- nonSkippedChar
2021-11-19T10:23:53,330|[TRACE] graph - <----- statementPart
2021-11-19T10:23:53,330|[TRACE] graph - -----> statementPart
2021-11-19T10:23:53,330|[TRACE] graph - -------> nonSkippedChar
2021-11-19T10:23:53,330|[TRACE] script - #out(`N`) [token]
2021-11-19T10:23:53,330|[TRACE] graph - <------- nonSkippedChar
2021-11-19T10:23:53,330|[TRACE] graph - <----- statementPart
2021-11-19T10:23:53,330|[TRACE] graph - -----> statementPart
2021-11-19T10:23:53,330|[TRACE] graph - -------> nonSkippedChar
2021-11-19T10:23:53,330|[TRACE] script - #out(`G`) [token]
2021-11-19T10:23:53,330|[TRACE] graph - <------- nonSkippedChar
2021-11-19T10:23:53,330|[TRACE] graph - <----- statementPart
2021-11-19T10:23:53,330|[TRACE] graph - -----> statementPart
2021-11-19T10:23:53,330|[TRACE] graph - -------> nonSkippedChar
2021-11-19T10:23:53,330|[TRACE] script - #out(`I`) [token]
2021-11-19T10:23:53,330|[TRACE] graph - <------- nonSkippedChar
2021-11-19T10:23:53,330|[TRACE] graph - <----- statementPart
2021-11-19T10:23:53,330|[TRACE] graph - -----> statementPart
2021-11-19T10:23:53,330|[TRACE] graph - -------> nonSkippedChar
2021-11-19T10:23:53,330|[TRACE] script - #out(`N`) [token]
2021-11-19T10:23:53,330|[TRACE] graph - <------- nonSkippedChar
2021-11-19T10:23:53,330|[TRACE] graph - <----- statementPart
2021-11-19T10:23:53,330|[TRACE] graph - -----> statementPart
2021-11-19T10:23:53,330|[TRACE] graph - -------> nonSkippedChar
2021-11-19T10:23:53,330|[TRACE] script - #out(`E`) [token]
2021-11-19T10:23:53,330|[TRACE] graph - <------- nonSkippedChar
2021-11-19T10:23:53,330|[TRACE] graph - <----- statementPart
2021-11-19T10:23:53,330|[TRACE] graph - -----> statementPart
2021-11-19T10:23:53,330|[TRACE] graph - -------> nonSkippedSpace
2021-11-19T10:23:53,330|[TRACE] script - #out(` `) [token]
2021-11-19T10:23:53,330|[TRACE] graph - <------- nonSkippedSpace
2021-11-19T10:23:53,330|[TRACE] graph - <----- statementPart
2021-11-19T10:23:53,330|[TRACE] graph - -----> statementPart
2021-11-19T10:23:53,330|[TRACE] graph - -------> nonSkippedChar
2021-11-19T10:23:53,330|[TRACE] script - #out(`=`) [token]
2021-11-19T10:23:53,330|[TRACE] graph - <------- nonSkippedChar
2021-11-19T10:23:53,330|[TRACE] graph - <----- statementPart
2021-11-19T10:23:53,330|[TRACE] graph - -----> statementPart
2021-11-19T10:23:53,330|[TRACE] graph - -------> nonSkippedSpace
2021-11-19T10:23:53,330|[TRACE] script - #out(` `) [token]
2021-11-19T10:23:53,330|[TRACE] graph - <------- nonSkippedSpace
2021-11-19T10:23:53,330|[TRACE] graph - <----- statementPart
2021-11-19T10:23:53,330|[TRACE] graph - -----> statementPart
2021-11-19T10:23:53,330|[TRACE] graph - -------> nonSkippedChar
2021-11-19T10:23:53,330|[TRACE] script - #out(`I`) [token]
2021-11-19T10:23:53,330|[TRACE] graph - <------- nonSkippedChar
2021-11-19T10:23:53,330|[TRACE] graph - <----- statementPart
2021-11-19T10:23:53,330|[TRACE] graph - -----> statementPart
2021-11-19T10:23:53,330|[TRACE] graph - -------> nonSkippedChar
2021-11-19T10:23:53,330|[TRACE] script - #out(`n`) [token]
2021-11-19T10:23:53,330|[TRACE] graph - <------- nonSkippedChar
2021-11-19T10:23:53,330|[TRACE] graph - <----- statementPart
2021-11-19T10:23:53,330|[TRACE] graph - -----> statementPart
2021-11-19T10:23:53,330|[TRACE] graph - -------> nonSkippedChar
2021-11-19T10:23:53,330|[TRACE] script - #out(`n`) [token]
2021-11-19T10:23:53,330|[TRACE] graph - <------- nonSkippedChar
2021-11-19T10:23:53,330|[TRACE] graph - <----- statementPart
2021-11-19T10:23:53,330|[TRACE] graph - -----> statementPart
2021-11-19T10:23:53,330|[TRACE] graph - -------> nonSkippedChar
2021-11-19T10:23:53,330|[TRACE] script - #out(`o`) [token]
2021-11-19T10:23:53,330|[TRACE] graph - <------- nonSkippedChar
2021-11-19T10:23:53,330|[TRACE] graph - <----- statementPart
2021-11-19T10:23:53,330|[TRACE] graph - -----> statementPart
2021-11-19T10:23:53,330|[TRACE] graph - -------> nonSkippedChar
2021-11-19T10:23:53,330|[TRACE] script - #out(`D`) [token]
2021-11-19T10:23:53,330|[TRACE] graph - <------- nonSkippedChar
2021-11-19T10:23:53,330|[TRACE] graph - <----- statementPart
2021-11-19T10:23:53,330|[TRACE] graph - -----> statementPart
2021-11-19T10:23:53,330|[TRACE] graph - -------> nonSkippedChar
2021-11-19T10:23:53,330|[TRACE] script - #out(`B`) [token]
2021-11-19T10:23:53,330|[TRACE] graph - <------- nonSkippedChar
2021-11-19T10:23:53,330|[TRACE] graph - <----- statementPart
2021-11-19T10:23:53,330|[DEBUG] graph - Import statement : CREATE TABLE IF NOT EXISTS `bloodbank`.`blood_bank` (   `bank_id` INT NOT NULL AUTO_INCREMENT,   `name` VARCHAR(100) NOT NULL,   `privately_owned` BIT(1) NOT NULL,   `created` BIGINT NOT NULL DEFAULT (unix_timestamp(now()) * 1000),   `updated` BIGINT NOT NULL DEFAULT (unix_timestamp(now()) * 1000),   `version` INT NOT NULL DEFAULT 1,   PRIMARY KEY (`bank_id`),   UNIQUE INDEX `name_UNIQUE` (`name` ASC) VISIBLE) ENGINE = InnoDB
2021-11-19T10:23:53,386|[TRACE] graph - <--- statement
2021-11-19T10:23:53,386|[TRACE] graph - ---> blankSpacesToSkip
2021-11-19T10:23:53,386|[TRACE] graph - -----> newLineToSkip
2021-11-19T10:23:53,386|[TRACE] graph - <----- newLineToSkip
2021-11-19T10:23:53,386|[TRACE] graph - -----> newLineToSkip
2021-11-19T10:23:53,386|[TRACE] graph - <----- newLineToSkip
2021-11-19T10:23:53,386|[TRACE] graph - -----> newLineToSkip
2021-11-19T10:23:53,386|[TRACE] graph - <----- newLineToSkip
2021-11-19T10:23:53,386|[TRACE] graph - -----> newLineToSkip
2021-11-19T10:23:53,386|[TRACE] graph - <----- newLineToSkip
2021-11-19T10:23:53,386|[TRACE] graph - -----> newLineToSkip
2021-11-19T10:23:53,386|[TRACE] graph - <----- newLineToSkip
2021-11-19T10:23:53,386|[TRACE] graph - -----> newLineToSkip
2021-11-19T10:23:53,386|[TRACE] graph - <----- newLineToSkip
2021-11-19T10:23:53,386|[TRACE] graph - <--- blankSpacesToSkip
2021-11-19T10:23:53,386|[TRACE] graph - ---> statement
2021-11-19T10:23:53,386|[TRACE] graph - -----> statementFirstPart
2021-11-19T10:23:53,386|[TRACE] graph - -------> nonSkippedChar
2021-11-19T10:23:53,386|[TRACE] script - #out(`C`) [token]
2021-11-19T10:23:53,386|[TRACE] graph - <------- nonSkippedChar
2021-11-19T10:23:53,386|[TRACE] graph - <----- statementFirstPart
2021-11-19T10:23:53,386|[TRACE] graph - -----> statementPart
2021-11-19T10:23:53,386|[TRACE] graph - -------> nonSkippedChar
2021-11-19T10:23:53,386|[TRACE] script - #out(`R`) [token]
2021-11-19T10:23:53,386|[TRACE] graph - <------- nonSkippedChar
2021-11-19T10:23:53,386|[TRACE] graph - <----- statementPart
2021-11-19T10:23:53,386|[TRACE] graph - -----> statementPart
2021-11-19T10:23:53,386|[TRACE] graph - -------> nonSkippedChar
2021-11-19T10:23:53,386|[TRACE] script - #out(`E`) [token]
2021-11-19T10:23:53,386|[TRACE] graph - <------- nonSkippedChar
2021-11-19T10:23:53,386|[TRACE] graph - <----- statementPart
2021-11-19T10:23:53,386|[TRACE] graph - -----> statementPart
2021-11-19T10:23:53,386|[TRACE] graph - -------> nonSkippedChar
2021-11-19T10:23:53,386|[TRACE] script - #out(`A`) [token]
2021-11-19T10:23:53,386|[TRACE] graph - <------- nonSkippedChar
2021-11-19T10:23:53,386|[TRACE] graph - <----- statementPart
2021-11-19T10:23:53,386|[TRACE] graph - -----> statementPart
2021-11-19T10:23:53,386|[TRACE] graph - -------> nonSkippedChar
2021-11-19T10:23:53,386|[TRACE] script - #out(`T`) [token]
2021-11-19T10:23:53,386|[TRACE] graph - <------- nonSkippedChar
2021-11-19T10:23:53,386|[TRACE] graph - <----- statementPart
2021-11-19T10:23:53,386|[TRACE] graph - -----> statementPart
2021-11-19T10:23:53,386|[TRACE] graph - -------> nonSkippedChar
2021-11-19T10:23:53,386|[TRACE] script - #out(`E`) [token]
2021-11-19T10:23:53,386|[TRACE] graph - <------- nonSkippedChar
2021-11-19T10:23:53,386|[TRACE] graph - <----- statementPart
2021-11-19T10:23:53,386|[TRACE] graph - -----> statementPart
2021-11-19T10:23:53,386|[TRACE] graph - -------> nonSkippedSpace
2021-11-19T10:23:53,386|[TRACE] script - #out(` `) [token]
2021-11-19T10:23:53,386|[TRACE] graph - <------- nonSkippedSpace
2021-11-19T10:23:53,386|[TRACE] graph - <----- statementPart
2021-11-19T10:23:53,386|[TRACE] graph - -----> statementPart
2021-11-19T10:23:53,386|[TRACE] graph - -------> nonSkippedChar
2021-11-19T10:23:53,386|[TRACE] script - #out(`T`) [token]
2021-11-19T10:23:53,386|[TRACE] graph - <------- nonSkippedChar
2021-11-19T10:23:53,386|[TRACE] graph - <----- statementPart
2021-11-19T10:23:53,386|[TRACE] graph - -----> statementPart
2021-11-19T10:23:53,386|[TRACE] graph - -------> nonSkippedChar
2021-11-19T10:23:53,386|[TRACE] script - #out(`A`) [token]
2021-11-19T10:23:53,386|[TRACE] graph - <------- nonSkippedChar
2021-11-19T10:23:53,386|[TRACE] graph - <----- statementPart
2021-11-19T10:23:53,386|[TRACE] graph - -----> statementPart
2021-11-19T10:23:53,386|[TRACE] graph - -------> nonSkippedChar
2021-11-19T10:23:53,386|[TRACE] script - #out(`B`) [token]
2021-11-19T10:23:53,386|[TRACE] graph - <------- nonSkippedChar
2021-11-19T10:23:53,386|[TRACE] graph - <----- statementPart
2021-11-19T10:23:53,386|[TRACE] graph - -----> statementPart
2021-11-19T10:23:53,386|[TRACE] graph - -------> nonSkippedChar
2021-11-19T10:23:53,386|[TRACE] script - #out(`L`) [token]
2021-11-19T10:23:53,386|[TRACE] graph - <------- nonSkippedChar
2021-11-19T10:23:53,386|[TRACE] graph - <----- statementPart
2021-11-19T10:23:53,386|[TRACE] graph - -----> statementPart
2021-11-19T10:23:53,386|[TRACE] graph - -------> nonSkippedChar
2021-11-19T10:23:53,386|[TRACE] script - #out(`E`) [token]
2021-11-19T10:23:53,386|[TRACE] graph - <------- nonSkippedChar
2021-11-19T10:23:53,386|[TRACE] graph - <----- statementPart
2021-11-19T10:23:53,386|[TRACE] graph - -----> statementPart
2021-11-19T10:23:53,386|[TRACE] graph - -------> nonSkippedSpace
2021-11-19T10:23:53,386|[TRACE] script - #out(` `) [token]
2021-11-19T10:23:53,386|[TRACE] graph - <------- nonSkippedSpace
2021-11-19T10:23:53,386|[TRACE] graph - <----- statementPart
2021-11-19T10:23:53,386|[TRACE] graph - -----> statementPart
2021-11-19T10:23:53,386|[TRACE] graph - -------> nonSkippedChar
2021-11-19T10:23:53,386|[TRACE] script - #out(`I`) [token]
2021-11-19T10:23:53,386|[TRACE] graph - <------- nonSkippedChar
2021-11-19T10:23:53,386|[TRACE] graph - <----- statementPart
2021-11-19T10:23:53,386|[TRACE] graph - -----> statementPart
2021-11-19T10:23:53,386|[TRACE] graph - -------> nonSkippedChar
2021-11-19T10:23:53,386|[TRACE] script - #out(`F`) [token]
2021-11-19T10:23:53,386|[TRACE] graph - <------- nonSkippedChar
2021-11-19T10:23:53,386|[TRACE] graph - <----- statementPart
2021-11-19T10:23:53,386|[TRACE] graph - -----> statementPart
2021-11-19T10:23:53,386|[TRACE] graph - -------> nonSkippedSpace
2021-11-19T10:23:53,386|[TRACE] script - #out(` `) [token]
2021-11-19T10:23:53,386|[TRACE] graph - <------- nonSkippedSpace
2021-11-19T10:23:53,386|[TRACE] graph - <----- statementPart
2021-11-19T10:23:53,386|[TRACE] graph - -----> statementPart
2021-11-19T10:23:53,387|[TRACE] graph - -------> nonSkippedChar
2021-11-19T10:23:53,387|[TRACE] script - #out(`N`) [token]
2021-11-19T10:23:53,387|[TRACE] graph - <------- nonSkippedChar
2021-11-19T10:23:53,387|[TRACE] graph - <----- statementPart
2021-11-19T10:23:53,387|[TRACE] graph - -----> statementPart
2021-11-19T10:23:53,387|[TRACE] graph - -------> nonSkippedChar
2021-11-19T10:23:53,387|[TRACE] script - #out(`O`) [token]
2021-11-19T10:23:53,387|[TRACE] graph - <------- nonSkippedChar
2021-11-19T10:23:53,387|[TRACE] graph - <----- statementPart
2021-11-19T10:23:53,387|[TRACE] graph - -----> statementPart
2021-11-19T10:23:53,387|[TRACE] graph - -------> nonSkippedChar
2021-11-19T10:23:53,387|[TRACE] script - #out(`T`) [token]
2021-11-19T10:23:53,387|[TRACE] graph - <------- nonSkippedChar
2021-11-19T10:23:53,387|[TRACE] graph - <----- statementPart
2021-11-19T10:23:53,387|[TRACE] graph - -----> statementPart
2021-11-19T10:23:53,387|[TRACE] graph - -------> nonSkippedSpace
2021-11-19T10:23:53,387|[TRACE] script - #out(` `) [token]
2021-11-19T10:23:53,387|[TRACE] graph - <------- nonSkippedSpace
2021-11-19T10:23:53,387|[TRACE] graph - <----- statementPart
2021-11-19T10:23:53,387|[TRACE] graph - -----> statementPart
2021-11-19T10:23:53,387|[TRACE] graph - -------> nonSkippedChar
2021-11-19T10:23:53,387|[TRACE] script - #out(`E`) [token]
2021-11-19T10:23:53,387|[TRACE] graph - <------- nonSkippedChar
2021-11-19T10:23:53,387|[TRACE] graph - <----- statementPart
2021-11-19T10:23:53,387|[TRACE] graph - -----> statementPart
2021-11-19T10:23:53,387|[TRACE] graph - -------> nonSkippedChar
2021-11-19T10:23:53,387|[TRACE] script - #out(`X`) [token]
2021-11-19T10:23:53,387|[TRACE] graph - <------- nonSkippedChar
2021-11-19T10:23:53,387|[TRACE] graph - <----- statementPart
2021-11-19T10:23:53,387|[TRACE] graph - -----> statementPart
2021-11-19T10:23:53,387|[TRACE] graph - -------> nonSkippedChar
2021-11-19T10:23:53,387|[TRACE] script - #out(`I`) [token]
2021-11-19T10:23:53,387|[TRACE] graph - <------- nonSkippedChar
2021-11-19T10:23:53,387|[TRACE] graph - <----- statementPart
2021-11-19T10:23:53,387|[TRACE] graph - -----> statementPart
2021-11-19T10:23:53,387|[TRACE] graph - -------> nonSkippedChar
2021-11-19T10:23:53,387|[TRACE] script - #out(`S`) [token]
2021-11-19T10:23:53,387|[TRACE] graph - <------- nonSkippedChar
2021-11-19T10:23:53,387|[TRACE] graph - <----- statementPart
2021-11-19T10:23:53,387|[TRACE] graph - -----> statementPart
2021-11-19T10:23:53,387|[TRACE] graph - -------> nonSkippedChar
2021-11-19T10:23:53,387|[TRACE] script - #out(`T`) [token]
2021-11-19T10:23:53,387|[TRACE] graph - <------- nonSkippedChar
2021-11-19T10:23:53,387|[TRACE] graph - <----- statementPart
2021-11-19T10:23:53,387|[TRACE] graph - -----> statementPart
2021-11-19T10:23:53,387|[TRACE] graph - -------> nonSkippedChar
2021-11-19T10:23:53,387|[TRACE] script - #out(`S`) [token]
2021-11-19T10:23:53,387|[TRACE] graph - <------- nonSkippedChar
2021-11-19T10:23:53,387|[TRACE] graph - <----- statementPart
2021-11-19T10:23:53,387|[TRACE] graph - -----> statementPart
2021-11-19T10:23:53,387|[TRACE] graph - -------> nonSkippedSpace
2021-11-19T10:23:53,387|[TRACE] script - #out(` `) [token]
2021-11-19T10:23:53,387|[TRACE] graph - <------- nonSkippedSpace
2021-11-19T10:23:53,387|[TRACE] graph - <----- statementPart
2021-11-19T10:23:53,387|[TRACE] graph - -----> statementPart
2021-11-19T10:23:53,387|[TRACE] graph - -------> quotedString
2021-11-19T10:23:53,387|[TRACE] script - #out(``bloodbank``) [token]
2021-11-19T10:23:53,387|[TRACE] graph - <------- quotedString
2021-11-19T10:23:53,387|[TRACE] graph - <----- statementPart
2021-11-19T10:23:53,387|[TRACE] graph - -----> statementPart
2021-11-19T10:23:53,387|[TRACE] graph - -------> nonSkippedChar
2021-11-19T10:23:53,387|[TRACE] script - #out(`.`) [token]
2021-11-19T10:23:53,387|[TRACE] graph - <------- nonSkippedChar
2021-11-19T10:23:53,387|[TRACE] graph - <----- statementPart
2021-11-19T10:23:53,387|[TRACE] graph - -----> statementPart
2021-11-19T10:23:53,387|[TRACE] graph - -------> quotedString
2021-11-19T10:23:53,387|[TRACE] script - #out(``blood_donation``) [token]
2021-11-19T10:23:53,387|[TRACE] graph - <------- quotedString
2021-11-19T10:23:53,387|[TRACE] graph - <----- statementPart
2021-11-19T10:23:53,387|[TRACE] graph - -----> statementPart
2021-11-19T10:23:53,387|[TRACE] graph - -------> nonSkippedSpace
2021-11-19T10:23:53,387|[TRACE] script - #out(` `) [token]
2021-11-19T10:23:53,387|[TRACE] graph - <------- nonSkippedSpace
2021-11-19T10:23:53,387|[TRACE] graph - <----- statementPart
2021-11-19T10:23:53,387|[TRACE] graph - -----> statementPart
2021-11-19T10:23:53,387|[TRACE] graph - -------> nonSkippedChar
2021-11-19T10:23:53,387|[TRACE] script - #out(`(`) [token]
2021-11-19T10:23:53,387|[TRACE] graph - <------- nonSkippedChar
2021-11-19T10:23:53,387|[TRACE] graph - <----- statementPart
2021-11-19T10:23:53,387|[TRACE] graph - -----> afterStatementPartNewline
2021-11-19T10:23:53,387|[TRACE] script - #out(` `) [text]
2021-11-19T10:23:53,387|[TRACE] graph - <----- afterStatementPartNewline
2021-11-19T10:23:53,387|[TRACE] graph - -----> statementPart
2021-11-19T10:23:53,387|[TRACE] graph - -------> nonSkippedSpace
2021-11-19T10:23:53,387|[TRACE] script - #out(` `) [token]
2021-11-19T10:23:53,387|[TRACE] graph - <------- nonSkippedSpace
2021-11-19T10:23:53,387|[TRACE] graph - <----- statementPart
2021-11-19T10:23:53,387|[TRACE] graph - -----> statementPart
2021-11-19T10:23:53,387|[TRACE] graph - -------> nonSkippedSpace
2021-11-19T10:23:53,387|[TRACE] script - #out(` `) [token]
2021-11-19T10:23:53,387|[TRACE] graph - <------- nonSkippedSpace
2021-11-19T10:23:53,387|[TRACE] graph - <----- statementPart
2021-11-19T10:23:53,387|[TRACE] graph - -----> statementPart
2021-11-19T10:23:53,387|[TRACE] graph - -------> quotedString
2021-11-19T10:23:53,387|[TRACE] script - #out(``donation_id``) [token]
2021-11-19T10:23:53,387|[TRACE] graph - <------- quotedString
2021-11-19T10:23:53,387|[TRACE] graph - <----- statementPart
2021-11-19T10:23:53,387|[TRACE] graph - -----> statementPart
2021-11-19T10:23:53,387|[TRACE] graph - -------> nonSkippedSpace
2021-11-19T10:23:53,387|[TRACE] script - #out(` `) [token]
2021-11-19T10:23:53,387|[TRACE] graph - <------- nonSkippedSpace
2021-11-19T10:23:53,387|[TRACE] graph - <----- statementPart
2021-11-19T10:23:53,387|[TRACE] graph - -----> statementPart
2021-11-19T10:23:53,387|[TRACE] graph - -------> nonSkippedChar
2021-11-19T10:23:53,387|[TRACE] script - #out(`I`) [token]
2021-11-19T10:23:53,387|[TRACE] graph - <------- nonSkippedChar
2021-11-19T10:23:53,387|[TRACE] graph - <----- statementPart
2021-11-19T10:23:53,387|[TRACE] graph - -----> statementPart
2021-11-19T10:23:53,387|[TRACE] graph - -------> nonSkippedChar
2021-11-19T10:23:53,387|[TRACE] script - #out(`N`) [token]
2021-11-19T10:23:53,387|[TRACE] graph - <------- nonSkippedChar
2021-11-19T10:23:53,387|[TRACE] graph - <----- statementPart
2021-11-19T10:23:53,387|[TRACE] graph - -----> statementPart
2021-11-19T10:23:53,387|[TRACE] graph - -------> nonSkippedChar
2021-11-19T10:23:53,387|[TRACE] script - #out(`T`) [token]
2021-11-19T10:23:53,387|[TRACE] graph - <------- nonSkippedChar
2021-11-19T10:23:53,387|[TRACE] graph - <----- statementPart
2021-11-19T10:23:53,387|[TRACE] graph - -----> statementPart
2021-11-19T10:23:53,387|[TRACE] graph - -------> nonSkippedSpace
2021-11-19T10:23:53,387|[TRACE] script - #out(` `) [token]
2021-11-19T10:23:53,387|[TRACE] graph - <------- nonSkippedSpace
2021-11-19T10:23:53,387|[TRACE] graph - <----- statementPart
2021-11-19T10:23:53,387|[TRACE] graph - -----> statementPart
2021-11-19T10:23:53,387|[TRACE] graph - -------> nonSkippedChar
2021-11-19T10:23:53,387|[TRACE] script - #out(`N`) [token]
2021-11-19T10:23:53,387|[TRACE] graph - <------- nonSkippedChar
2021-11-19T10:23:53,387|[TRACE] graph - <----- statementPart
2021-11-19T10:23:53,387|[TRACE] graph - -----> statementPart
2021-11-19T10:23:53,387|[TRACE] graph - -------> nonSkippedChar
2021-11-19T10:23:53,387|[TRACE] script - #out(`O`) [token]
2021-11-19T10:23:53,387|[TRACE] graph - <------- nonSkippedChar
2021-11-19T10:23:53,387|[TRACE] graph - <----- statementPart
2021-11-19T10:23:53,387|[TRACE] graph - -----> statementPart
2021-11-19T10:23:53,387|[TRACE] graph - -------> nonSkippedChar
2021-11-19T10:23:53,387|[TRACE] script - #out(`T`) [token]
2021-11-19T10:23:53,387|[TRACE] graph - <------- nonSkippedChar
2021-11-19T10:23:53,387|[TRACE] graph - <----- statementPart
2021-11-19T10:23:53,387|[TRACE] graph - -----> statementPart
2021-11-19T10:23:53,387|[TRACE] graph - -------> nonSkippedSpace
2021-11-19T10:23:53,387|[TRACE] script - #out(` `) [token]
2021-11-19T10:23:53,387|[TRACE] graph - <------- nonSkippedSpace
2021-11-19T10:23:53,387|[TRACE] graph - <----- statementPart
2021-11-19T10:23:53,387|[TRACE] graph - -----> statementPart
2021-11-19T10:23:53,387|[TRACE] graph - -------> nonSkippedChar
2021-11-19T10:23:53,387|[TRACE] script - #out(`N`) [token]
2021-11-19T10:23:53,387|[TRACE] graph - <------- nonSkippedChar
2021-11-19T10:23:53,387|[TRACE] graph - <----- statementPart
2021-11-19T10:23:53,387|[TRACE] graph - -----> statementPart
2021-11-19T10:23:53,387|[TRACE] graph - -------> nonSkippedChar
2021-11-19T10:23:53,387|[TRACE] script - #out(`U`) [token]
2021-11-19T10:23:53,387|[TRACE] graph - <------- nonSkippedChar
2021-11-19T10:23:53,387|[TRACE] graph - <----- statementPart
2021-11-19T10:23:53,387|[TRACE] graph - -----> statementPart
2021-11-19T10:23:53,387|[TRACE] graph - -------> nonSkippedChar
2021-11-19T10:23:53,387|[TRACE] script - #out(`L`) [token]
2021-11-19T10:23:53,387|[TRACE] graph - <------- nonSkippedChar
2021-11-19T10:23:53,387|[TRACE] graph - <----- statementPart
2021-11-19T10:23:53,387|[TRACE] graph - -----> statementPart
2021-11-19T10:23:53,387|[TRACE] graph - -------> nonSkippedChar
2021-11-19T10:23:53,387|[TRACE] script - #out(`L`) [token]
2021-11-19T10:23:53,387|[TRACE] graph - <------- nonSkippedChar
2021-11-19T10:23:53,387|[TRACE] graph - <----- statementPart
2021-11-19T10:23:53,387|[TRACE] graph - -----> statementPart
2021-11-19T10:23:53,387|[TRACE] graph - -------> nonSkippedSpace
2021-11-19T10:23:53,387|[TRACE] script - #out(` `) [token]
2021-11-19T10:23:53,387|[TRACE] graph - <------- nonSkippedSpace
2021-11-19T10:23:53,387|[TRACE] graph - <----- statementPart
2021-11-19T10:23:53,387|[TRACE] graph - -----> statementPart
2021-11-19T10:23:53,387|[TRACE] graph - -------> nonSkippedChar
2021-11-19T10:23:53,387|[TRACE] script - #out(`A`) [token]
2021-11-19T10:23:53,387|[TRACE] graph - <------- nonSkippedChar
2021-11-19T10:23:53,387|[TRACE] graph - <----- statementPart
2021-11-19T10:23:53,387|[TRACE] graph - -----> statementPart
2021-11-19T10:23:53,387|[TRACE] graph - -------> nonSkippedChar
2021-11-19T10:23:53,387|[TRACE] script - #out(`U`) [token]
2021-11-19T10:23:53,387|[TRACE] graph - <------- nonSkippedChar
2021-11-19T10:23:53,387|[TRACE] graph - <----- statementPart
2021-11-19T10:23:53,387|[TRACE] graph - -----> statementPart
2021-11-19T10:23:53,387|[TRACE] graph - -------> nonSkippedChar
2021-11-19T10:23:53,387|[TRACE] script - #out(`T`) [token]
2021-11-19T10:23:53,387|[TRACE] graph - <------- nonSkippedChar
2021-11-19T10:23:53,387|[TRACE] graph - <----- statementPart
2021-11-19T10:23:53,387|[TRACE] graph - -----> statementPart
2021-11-19T10:23:53,387|[TRACE] graph - -------> nonSkippedChar
2021-11-19T10:23:53,387|[TRACE] script - #out(`O`) [token]
2021-11-19T10:23:53,387|[TRACE] graph - <------- nonSkippedChar
2021-11-19T10:23:53,387|[TRACE] graph - <----- statementPart
2021-11-19T10:23:53,387|[TRACE] graph - -----> statementPart
2021-11-19T10:23:53,387|[TRACE] graph - -------> nonSkippedChar
2021-11-19T10:23:53,387|[TRACE] script - #out(`_`) [token]
2021-11-19T10:23:53,387|[TRACE] graph - <------- nonSkippedChar
2021-11-19T10:23:53,387|[TRACE] graph - <----- statementPart
2021-11-19T10:23:53,387|[TRACE] graph - -----> statementPart
2021-11-19T10:23:53,387|[TRACE] graph - -------> nonSkippedChar
2021-11-19T10:23:53,387|[TRACE] script - #out(`I`) [token]
2021-11-19T10:23:53,387|[TRACE] graph - <------- nonSkippedChar
2021-11-19T10:23:53,387|[TRACE] graph - <----- statementPart
2021-11-19T10:23:53,387|[TRACE] graph - -----> statementPart
2021-11-19T10:23:53,387|[TRACE] graph - -------> nonSkippedChar
2021-11-19T10:23:53,387|[TRACE] script - #out(`N`) [token]
2021-11-19T10:23:53,387|[TRACE] graph - <------- nonSkippedChar
2021-11-19T10:23:53,387|[TRACE] graph - <----- statementPart
2021-11-19T10:23:53,387|[TRACE] graph - -----> statementPart
2021-11-19T10:23:53,387|[TRACE] graph - -------> nonSkippedChar
2021-11-19T10:23:53,387|[TRACE] script - #out(`C`) [token]
2021-11-19T10:23:53,387|[TRACE] graph - <------- nonSkippedChar
2021-11-19T10:23:53,387|[TRACE] graph - <----- statementPart
2021-11-19T10:23:53,387|[TRACE] graph - -----> statementPart
2021-11-19T10:23:53,387|[TRACE] graph - -------> nonSkippedChar
2021-11-19T10:23:53,387|[TRACE] script - #out(`R`) [token]
2021-11-19T10:23:53,387|[TRACE] graph - <------- nonSkippedChar
2021-11-19T10:23:53,387|[TRACE] graph - <----- statementPart
2021-11-19T10:23:53,387|[TRACE] graph - -----> statementPart
2021-11-19T10:23:53,387|[TRACE] graph - -------> nonSkippedChar
2021-11-19T10:23:53,387|[TRACE] script - #out(`E`) [token]
2021-11-19T10:23:53,387|[TRACE] graph - <------- nonSkippedChar
2021-11-19T10:23:53,387|[TRACE] graph - <----- statementPart
2021-11-19T10:23:53,387|[TRACE] graph - -----> statementPart
2021-11-19T10:23:53,387|[TRACE] graph - -------> nonSkippedChar
2021-11-19T10:23:53,387|[TRACE] script - #out(`M`) [token]
2021-11-19T10:23:53,387|[TRACE] graph - <------- nonSkippedChar
2021-11-19T10:23:53,387|[TRACE] graph - <----- statementPart
2021-11-19T10:23:53,387|[TRACE] graph - -----> statementPart
2021-11-19T10:23:53,387|[TRACE] graph - -------> nonSkippedChar
2021-11-19T10:23:53,387|[TRACE] script - #out(`E`) [token]
2021-11-19T10:23:53,387|[TRACE] graph - <------- nonSkippedChar
2021-11-19T10:23:53,387|[TRACE] graph - <----- statementPart
2021-11-19T10:23:53,387|[TRACE] graph - -----> statementPart
2021-11-19T10:23:53,387|[TRACE] graph - -------> nonSkippedChar
2021-11-19T10:23:53,387|[TRACE] script - #out(`N`) [token]
2021-11-19T10:23:53,387|[TRACE] graph - <------- nonSkippedChar
2021-11-19T10:23:53,387|[TRACE] graph - <----- statementPart
2021-11-19T10:23:53,387|[TRACE] graph - -----> statementPart
2021-11-19T10:23:53,387|[TRACE] graph - -------> nonSkippedChar
2021-11-19T10:23:53,387|[TRACE] script - #out(`T`) [token]
2021-11-19T10:23:53,387|[TRACE] graph - <------- nonSkippedChar
2021-11-19T10:23:53,387|[TRACE] graph - <----- statementPart
2021-11-19T10:23:53,387|[TRACE] graph - -----> statementPart
2021-11-19T10:23:53,387|[TRACE] graph - -------> nonSkippedChar
2021-11-19T10:23:53,387|[TRACE] script - #out(`,`) [token]
2021-11-19T10:23:53,387|[TRACE] graph - <------- nonSkippedChar
2021-11-19T10:23:53,387|[TRACE] graph - <----- statementPart
2021-11-19T10:23:53,387|[TRACE] graph - -----> afterStatementPartNewline
2021-11-19T10:23:53,387|[TRACE] script - #out(` `) [text]
2021-11-19T10:23:53,387|[TRACE] graph - <----- afterStatementPartNewline
2021-11-19T10:23:53,387|[TRACE] graph - -----> statementPart
2021-11-19T10:23:53,387|[TRACE] graph - -------> nonSkippedSpace
2021-11-19T10:23:53,387|[TRACE] script - #out(` `) [token]
2021-11-19T10:23:53,387|[TRACE] graph - <------- nonSkippedSpace
2021-11-19T10:23:53,387|[TRACE] graph - <----- statementPart
2021-11-19T10:23:53,387|[TRACE] graph - -----> statementPart
2021-11-19T10:23:53,387|[TRACE] graph - -------> nonSkippedSpace
2021-11-19T10:23:53,387|[TRACE] script - #out(` `) [token]
2021-11-19T10:23:53,387|[TRACE] graph - <------- nonSkippedSpace
2021-11-19T10:23:53,387|[TRACE] graph - <----- statementPart
2021-11-19T10:23:53,387|[TRACE] graph - -----> statementPart
2021-11-19T10:23:53,387|[TRACE] graph - -------> quotedString
2021-11-19T10:23:53,387|[TRACE] script - #out(``bank_id``) [token]
2021-11-19T10:23:53,387|[TRACE] graph - <------- quotedString
2021-11-19T10:23:53,387|[TRACE] graph - <----- statementPart
2021-11-19T10:23:53,387|[TRACE] graph - -----> statementPart
2021-11-19T10:23:53,387|[TRACE] graph - -------> nonSkippedSpace
2021-11-19T10:23:53,387|[TRACE] script - #out(` `) [token]
2021-11-19T10:23:53,387|[TRACE] graph - <------- nonSkippedSpace
2021-11-19T10:23:53,387|[TRACE] graph - <----- statementPart
2021-11-19T10:23:53,387|[TRACE] graph - -----> statementPart
2021-11-19T10:23:53,387|[TRACE] graph - -------> nonSkippedChar
2021-11-19T10:23:53,387|[TRACE] script - #out(`I`) [token]
2021-11-19T10:23:53,387|[TRACE] graph - <------- nonSkippedChar
2021-11-19T10:23:53,387|[TRACE] graph - <----- statementPart
2021-11-19T10:23:53,387|[TRACE] graph - -----> statementPart
2021-11-19T10:23:53,387|[TRACE] graph - -------> nonSkippedChar
2021-11-19T10:23:53,387|[TRACE] script - #out(`N`) [token]
2021-11-19T10:23:53,387|[TRACE] graph - <------- nonSkippedChar
2021-11-19T10:23:53,387|[TRACE] graph - <----- statementPart
2021-11-19T10:23:53,387|[TRACE] graph - -----> statementPart
2021-11-19T10:23:53,387|[TRACE] graph - -------> nonSkippedChar
2021-11-19T10:23:53,387|[TRACE] script - #out(`T`) [token]
2021-11-19T10:23:53,387|[TRACE] graph - <------- nonSkippedChar
2021-11-19T10:23:53,387|[TRACE] graph - <----- statementPart
2021-11-19T10:23:53,387|[TRACE] graph - -----> statementPart
2021-11-19T10:23:53,387|[TRACE] graph - -------> nonSkippedSpace
2021-11-19T10:23:53,387|[TRACE] script - #out(` `) [token]
2021-11-19T10:23:53,387|[TRACE] graph - <------- nonSkippedSpace
2021-11-19T10:23:53,387|[TRACE] graph - <----- statementPart
2021-11-19T10:23:53,387|[TRACE] graph - -----> statementPart
2021-11-19T10:23:53,387|[TRACE] graph - -------> nonSkippedChar
2021-11-19T10:23:53,387|[TRACE] script - #out(`N`) [token]
2021-11-19T10:23:53,387|[TRACE] graph - <------- nonSkippedChar
2021-11-19T10:23:53,387|[TRACE] graph - <----- statementPart
2021-11-19T10:23:53,387|[TRACE] graph - -----> statementPart
2021-11-19T10:23:53,387|[TRACE] graph - -------> nonSkippedChar
2021-11-19T10:23:53,387|[TRACE] script - #out(`O`) [token]
2021-11-19T10:23:53,387|[TRACE] graph - <------- nonSkippedChar
2021-11-19T10:23:53,387|[TRACE] graph - <----- statementPart
2021-11-19T10:23:53,388|[TRACE] graph - -----> statementPart
2021-11-19T10:23:53,388|[TRACE] graph - -------> nonSkippedChar
2021-11-19T10:23:53,388|[TRACE] script - #out(`T`) [token]
2021-11-19T10:23:53,388|[TRACE] graph - <------- nonSkippedChar
2021-11-19T10:23:53,388|[TRACE] graph - <----- statementPart
2021-11-19T10:23:53,388|[TRACE] graph - -----> statementPart
2021-11-19T10:23:53,388|[TRACE] graph - -------> nonSkippedSpace
2021-11-19T10:23:53,388|[TRACE] script - #out(` `) [token]
2021-11-19T10:23:53,388|[TRACE] graph - <------- nonSkippedSpace
2021-11-19T10:23:53,388|[TRACE] graph - <----- statementPart
2021-11-19T10:23:53,388|[TRACE] graph - -----> statementPart
2021-11-19T10:23:53,388|[TRACE] graph - -------> nonSkippedChar
2021-11-19T10:23:53,388|[TRACE] script - #out(`N`) [token]
2021-11-19T10:23:53,388|[TRACE] graph - <------- nonSkippedChar
2021-11-19T10:23:53,388|[TRACE] graph - <----- statementPart
2021-11-19T10:23:53,388|[TRACE] graph - -----> statementPart
2021-11-19T10:23:53,388|[TRACE] graph - -------> nonSkippedChar
2021-11-19T10:23:53,388|[TRACE] script - #out(`U`) [token]
2021-11-19T10:23:53,388|[TRACE] graph - <------- nonSkippedChar
2021-11-19T10:23:53,388|[TRACE] graph - <----- statementPart
2021-11-19T10:23:53,388|[TRACE] graph - -----> statementPart
2021-11-19T10:23:53,388|[TRACE] graph - -------> nonSkippedChar
2021-11-19T10:23:53,388|[TRACE] script - #out(`L`) [token]
2021-11-19T10:23:53,388|[TRACE] graph - <------- nonSkippedChar
2021-11-19T10:23:53,388|[TRACE] graph - <----- statementPart
2021-11-19T10:23:53,388|[TRACE] graph - -----> statementPart
2021-11-19T10:23:53,388|[TRACE] graph - -------> nonSkippedChar
2021-11-19T10:23:53,388|[TRACE] script - #out(`L`) [token]
2021-11-19T10:23:53,388|[TRACE] graph - <------- nonSkippedChar
2021-11-19T10:23:53,388|[TRACE] graph - <----- statementPart
2021-11-19T10:23:53,388|[TRACE] graph - -----> statementPart
2021-11-19T10:23:53,388|[TRACE] graph - -------> nonSkippedChar
2021-11-19T10:23:53,388|[TRACE] script - #out(`,`) [token]
2021-11-19T10:23:53,388|[TRACE] graph - <------- nonSkippedChar
2021-11-19T10:23:53,388|[TRACE] graph - <----- statementPart
2021-11-19T10:23:53,388|[TRACE] graph - -----> afterStatementPartNewline
2021-11-19T10:23:53,388|[TRACE] script - #out(` `) [text]
2021-11-19T10:23:53,388|[TRACE] graph - <----- afterStatementPartNewline
2021-11-19T10:23:53,388|[TRACE] graph - -----> statementPart
2021-11-19T10:23:53,388|[TRACE] graph - -------> nonSkippedSpace
2021-11-19T10:23:53,388|[TRACE] script - #out(` `) [token]
2021-11-19T10:23:53,388|[TRACE] graph - <------- nonSkippedSpace
2021-11-19T10:23:53,388|[TRACE] graph - <----- statementPart
2021-11-19T10:23:53,388|[TRACE] graph - -----> statementPart
2021-11-19T10:23:53,388|[TRACE] graph - -------> nonSkippedSpace
2021-11-19T10:23:53,388|[TRACE] script - #out(` `) [token]
2021-11-19T10:23:53,388|[TRACE] graph - <------- nonSkippedSpace
2021-11-19T10:23:53,388|[TRACE] graph - <----- statementPart
2021-11-19T10:23:53,388|[TRACE] graph - -----> statementPart
2021-11-19T10:23:53,388|[TRACE] graph - -------> quotedString
2021-11-19T10:23:53,388|[TRACE] script - #out(``milliliters``) [token]
2021-11-19T10:23:53,388|[TRACE] graph - <------- quotedString
2021-11-19T10:23:53,388|[TRACE] graph - <----- statementPart
2021-11-19T10:23:53,388|[TRACE] graph - -----> statementPart
2021-11-19T10:23:53,388|[TRACE] graph - -------> nonSkippedSpace
2021-11-19T10:23:53,388|[TRACE] script - #out(` `) [token]
2021-11-19T10:23:53,388|[TRACE] graph - <------- nonSkippedSpace
2021-11-19T10:23:53,388|[TRACE] graph - <----- statementPart
2021-11-19T10:23:53,388|[TRACE] graph - -----> statementPart
2021-11-19T10:23:53,388|[TRACE] graph - -------> nonSkippedChar
2021-11-19T10:23:53,388|[TRACE] script - #out(`I`) [token]
2021-11-19T10:23:53,388|[TRACE] graph - <------- nonSkippedChar
2021-11-19T10:23:53,388|[TRACE] graph - <----- statementPart
2021-11-19T10:23:53,388|[TRACE] graph - -----> statementPart
2021-11-19T10:23:53,388|[TRACE] graph - -------> nonSkippedChar
2021-11-19T10:23:53,388|[TRACE] script - #out(`N`) [token]
2021-11-19T10:23:53,388|[TRACE] graph - <------- nonSkippedChar
2021-11-19T10:23:53,388|[TRACE] graph - <----- statementPart
2021-11-19T10:23:53,446|[TRACE] graph - -----> statementPart
2021-11-19T10:23:53,446|[TRACE] graph - -------> nonSkippedChar
2021-11-19T10:23:53,446|[TRACE] script - #out(`T`) [token]
2021-11-19T10:23:53,446|[TRACE] graph - <------- nonSkippedChar
2021-11-19T10:23:53,446|[TRACE] graph - <----- statementPart
2021-11-19T10:23:53,446|[TRACE] graph - -----> statementPart
2021-11-19T10:23:53,446|[TRACE] graph - -------> nonSkippedSpace
2021-11-19T10:23:53,446|[TRACE] script - #out(` `) [token]
2021-11-19T10:23:53,446|[TRACE] graph - <------- nonSkippedSpace
2021-11-19T10:23:53,446|[TRACE] graph - <----- statementPart
2021-11-19T10:23:53,446|[TRACE] graph - -----> statementPart
2021-11-19T10:23:53,446|[TRACE] graph - -------> nonSkippedChar
2021-11-19T10:23:53,446|[TRACE] script - #out(`N`) [token]
2021-11-19T10:23:53,446|[TRACE] graph - <------- nonSkippedChar
2021-11-19T10:23:53,446|[TRACE] graph - <----- statementPart
2021-11-19T10:23:53,446|[TRACE] graph - -----> statementPart
2021-11-19T10:23:53,446|[TRACE] graph - -------> nonSkippedChar
2021-11-19T10:23:53,446|[TRACE] script - #out(`O`) [token]
2021-11-19T10:23:53,446|[TRACE] graph - <------- nonSkippedChar
2021-11-19T10:23:53,446|[TRACE] graph - <----- statementPart
2021-11-19T10:23:53,446|[TRACE] graph - -----> statementPart
2021-11-19T10:23:53,446|[TRACE] graph - -------> nonSkippedChar
2021-11-19T10:23:53,446|[TRACE] script - #out(`T`) [token]
2021-11-19T10:23:53,446|[TRACE] graph - <------- nonSkippedChar
2021-11-19T10:23:53,446|[TRACE] graph - <----- statementPart
2021-11-19T10:23:53,446|[TRACE] graph - -----> statementPart
2021-11-19T10:23:53,446|[TRACE] graph - -------> nonSkippedSpace
2021-11-19T10:23:53,446|[TRACE] script - #out(` `) [token]
2021-11-19T10:23:53,446|[TRACE] graph - <------- nonSkippedSpace
2021-11-19T10:23:53,446|[TRACE] graph - <----- statementPart
2021-11-19T10:23:53,446|[TRACE] graph - -----> statementPart
2021-11-19T10:23:53,446|[TRACE] graph - -------> nonSkippedChar
2021-11-19T10:23:53,446|[TRACE] script - #out(`N`) [token]
2021-11-19T10:23:53,446|[TRACE] graph - <------- nonSkippedChar
2021-11-19T10:23:53,446|[TRACE] graph - <----- statementPart
2021-11-19T10:23:53,446|[TRACE] graph - -----> statementPart
2021-11-19T10:23:53,446|[TRACE] graph - -------> nonSkippedChar
2021-11-19T10:23:53,446|[TRACE] script - #out(`U`) [token]
2021-11-19T10:23:53,446|[TRACE] graph - <------- nonSkippedChar
2021-11-19T10:23:53,446|[TRACE] graph - <----- statementPart
2021-11-19T10:23:53,446|[TRACE] graph - -----> statementPart
2021-11-19T10:23:53,446|[TRACE] graph - -------> nonSkippedChar
2021-11-19T10:23:53,446|[TRACE] script - #out(`L`) [token]
2021-11-19T10:23:53,446|[TRACE] graph - <------- nonSkippedChar
2021-11-19T10:23:53,446|[TRACE] graph - <----- statementPart
2021-11-19T10:23:53,446|[TRACE] graph - -----> statementPart
2021-11-19T10:23:53,446|[TRACE] graph - -------> nonSkippedChar
2021-11-19T10:23:53,446|[TRACE] script - #out(`L`) [token]
2021-11-19T10:23:53,446|[TRACE] graph - <------- nonSkippedChar
2021-11-19T10:23:53,446|[TRACE] graph - <----- statementPart
2021-11-19T10:23:53,446|[TRACE] graph - -----> statementPart
2021-11-19T10:23:53,446|[TRACE] graph - -------> nonSkippedChar
2021-11-19T10:23:53,446|[TRACE] script - #out(`,`) [token]
2021-11-19T10:23:53,446|[TRACE] graph - <------- nonSkippedChar
2021-11-19T10:23:53,446|[TRACE] graph - <----- statementPart
2021-11-19T10:23:53,446|[TRACE] graph - -----> afterStatementPartNewline
2021-11-19T10:23:53,446|[TRACE] script - #out(` `) [text]
2021-11-19T10:23:53,446|[TRACE] graph - <----- afterStatementPartNewline
2021-11-19T10:23:53,446|[TRACE] graph - -----> statementPart
2021-11-19T10:23:53,446|[TRACE] graph - -------> nonSkippedSpace
2021-11-19T10:23:53,446|[TRACE] script - #out(` `) [token]
2021-11-19T10:23:53,446|[TRACE] graph - <------- nonSkippedSpace
2021-11-19T10:23:53,446|[TRACE] graph - <----- statementPart
2021-11-19T10:23:53,446|[TRACE] graph - -----> statementPart
2021-11-19T10:23:53,446|[TRACE] graph - -------> nonSkippedSpace
2021-11-19T10:23:53,446|[TRACE] script - #out(` `) [token]
2021-11-19T10:23:53,446|[TRACE] graph - <------- nonSkippedSpace
2021-11-19T10:23:53,446|[TRACE] graph - <----- statementPart
2021-11-19T10:23:53,446|[TRACE] graph - -----> statementPart
2021-11-19T10:23:53,446|[TRACE] graph - -------> quotedString
2021-11-19T10:23:53,446|[TRACE] script - #out(``blood_group``) [token]
2021-11-19T10:23:53,446|[TRACE] graph - <------- quotedString
2021-11-19T10:23:53,446|[TRACE] graph - <----- statementPart
2021-11-19T10:23:53,447|[TRACE] graph - -----> statementPart
2021-11-19T10:23:53,447|[TRACE] graph - -------> nonSkippedSpace
2021-11-19T10:23:53,447|[TRACE] script - #out(` `) [token]
2021-11-19T10:23:53,447|[TRACE] graph - <------- nonSkippedSpace
2021-11-19T10:23:53,447|[TRACE] graph - <----- statementPart
2021-11-19T10:23:53,447|[TRACE] graph - -----> statementPart
2021-11-19T10:23:53,447|[TRACE] graph - -------> nonSkippedChar
2021-11-19T10:23:53,447|[TRACE] script - #out(`C`) [token]
2021-11-19T10:23:53,447|[TRACE] graph - <------- nonSkippedChar
2021-11-19T10:23:53,447|[TRACE] graph - <----- statementPart
2021-11-19T10:23:53,447|[TRACE] graph - -----> statementPart
2021-11-19T10:23:53,447|[TRACE] graph - -------> nonSkippedChar
2021-11-19T10:23:53,447|[TRACE] script - #out(`H`) [token]
2021-11-19T10:23:53,447|[TRACE] graph - <------- nonSkippedChar
2021-11-19T10:23:53,447|[TRACE] graph - <----- statementPart
2021-11-19T10:23:53,447|[TRACE] graph - -----> statementPart
2021-11-19T10:23:53,447|[TRACE] graph - -------> nonSkippedChar
2021-11-19T10:23:53,447|[TRACE] script - #out(`A`) [token]
2021-11-19T10:23:53,447|[TRACE] graph - <------- nonSkippedChar
2021-11-19T10:23:53,447|[TRACE] graph - <----- statementPart
2021-11-19T10:23:53,447|[TRACE] graph - -----> statementPart
2021-11-19T10:23:53,447|[TRACE] graph - -------> nonSkippedChar
2021-11-19T10:23:53,447|[TRACE] script - #out(`R`) [token]
2021-11-19T10:23:53,447|[TRACE] graph - <------- nonSkippedChar
2021-11-19T10:23:53,447|[TRACE] graph - <----- statementPart
2021-11-19T10:23:53,447|[TRACE] graph - -----> statementPart
2021-11-19T10:23:53,447|[TRACE] graph - -------> nonSkippedChar
2021-11-19T10:23:53,447|[TRACE] script - #out(`(`) [token]
2021-11-19T10:23:53,447|[TRACE] graph - <------- nonSkippedChar
2021-11-19T10:23:53,447|[TRACE] graph - <----- statementPart
2021-11-19T10:23:53,447|[TRACE] graph - -----> statementPart
2021-11-19T10:23:53,447|[TRACE] graph - -------> nonSkippedChar
2021-11-19T10:23:53,447|[TRACE] script - #out(`2`) [token]
2021-11-19T10:23:53,447|[TRACE] graph - <------- nonSkippedChar
2021-11-19T10:23:53,447|[TRACE] graph - <----- statementPart
2021-11-19T10:23:53,447|[TRACE] graph - -----> statementPart
2021-11-19T10:23:53,447|[TRACE] graph - -------> nonSkippedChar
2021-11-19T10:23:53,447|[TRACE] script - #out(`)`) [token]
2021-11-19T10:23:53,447|[TRACE] graph - <------- nonSkippedChar
2021-11-19T10:23:53,447|[TRACE] graph - <----- statementPart
2021-11-19T10:23:53,447|[TRACE] graph - -----> statementPart
2021-11-19T10:23:53,447|[TRACE] graph - -------> nonSkippedSpace
2021-11-19T10:23:53,447|[TRACE] script - #out(` `) [token]
2021-11-19T10:23:53,447|[TRACE] graph - <------- nonSkippedSpace
2021-11-19T10:23:53,447|[TRACE] graph - <----- statementPart
2021-11-19T10:23:53,447|[TRACE] graph - -----> statementPart
2021-11-19T10:23:53,447|[TRACE] graph - -------> nonSkippedChar
2021-11-19T10:23:53,447|[TRACE] script - #out(`N`) [token]
2021-11-19T10:23:53,447|[TRACE] graph - <------- nonSkippedChar
2021-11-19T10:23:53,447|[TRACE] graph - <----- statementPart
2021-11-19T10:23:53,447|[TRACE] graph - -----> statementPart
2021-11-19T10:23:53,447|[TRACE] graph - -------> nonSkippedChar
2021-11-19T10:23:53,447|[TRACE] script - #out(`O`) [token]
2021-11-19T10:23:53,447|[TRACE] graph - <------- nonSkippedChar
2021-11-19T10:23:53,447|[TRACE] graph - <----- statementPart
2021-11-19T10:23:53,447|[TRACE] graph - -----> statementPart
2021-11-19T10:23:53,447|[TRACE] graph - -------> nonSkippedChar
2021-11-19T10:23:53,447|[TRACE] script - #out(`T`) [token]
2021-11-19T10:23:53,447|[TRACE] graph - <------- nonSkippedChar
2021-11-19T10:23:53,447|[TRACE] graph - <----- statementPart
2021-11-19T10:23:53,447|[TRACE] graph - -----> statementPart
2021-11-19T10:23:53,447|[TRACE] graph - -------> nonSkippedSpace
2021-11-19T10:23:53,447|[TRACE] script - #out(` `) [token]
2021-11-19T10:23:53,447|[TRACE] graph - <------- nonSkippedSpace
2021-11-19T10:23:53,447|[TRACE] graph - <----- statementPart
2021-11-19T10:23:53,447|[TRACE] graph - -----> statementPart
2021-11-19T10:23:53,447|[TRACE] graph - -------> nonSkippedChar
2021-11-19T10:23:53,447|[TRACE] script - #out(`N`) [token]
2021-11-19T10:23:53,447|[TRACE] graph - <------- nonSkippedChar
2021-11-19T10:23:53,447|[TRACE] graph - <----- statementPart
2021-11-19T10:23:53,447|[TRACE] graph - -----> statementPart
2021-11-19T10:23:53,447|[TRACE] graph - -------> nonSkippedChar
2021-11-19T10:23:53,447|[TRACE] script - #out(`U`) [token]
2021-11-19T10:23:53,447|[TRACE] graph - <------- nonSkippedChar
2021-11-19T10:23:53,447|[TRACE] graph - <----- statementPart
2021-11-19T10:23:53,447|[TRACE] graph - -----> statementPart
2021-11-19T10:23:53,447|[TRACE] graph - -------> nonSkippedChar
2021-11-19T10:23:53,447|[TRACE] script - #out(`L`) [token]
2021-11-19T10:23:53,447|[TRACE] graph - <------- nonSkippedChar
2021-11-19T10:23:53,447|[TRACE] graph - <----- statementPart
2021-11-19T10:23:53,447|[TRACE] graph - -----> statementPart
2021-11-19T10:23:53,447|[TRACE] graph - -------> nonSkippedChar
2021-11-19T10:23:53,447|[TRACE] script - #out(`L`) [token]
2021-11-19T10:23:53,447|[TRACE] graph - <------- nonSkippedChar
2021-11-19T10:23:53,447|[TRACE] graph - <----- statementPart
2021-11-19T10:23:53,447|[TRACE] graph - -----> statementPart
2021-11-19T10:23:53,447|[TRACE] graph - -------> nonSkippedChar
2021-11-19T10:23:53,447|[TRACE] script - #out(`,`) [token]
2021-11-19T10:23:53,447|[TRACE] graph - <------- nonSkippedChar
2021-11-19T10:23:53,447|[TRACE] graph - <----- statementPart
2021-11-19T10:23:53,447|[TRACE] graph - -----> afterStatementPartNewline
2021-11-19T10:23:53,447|[TRACE] script - #out(` `) [text]
2021-11-19T10:23:53,447|[TRACE] graph - <----- afterStatementPartNewline
2021-11-19T10:23:53,447|[TRACE] graph - -----> statementPart
2021-11-19T10:23:53,447|[TRACE] graph - -------> nonSkippedSpace
2021-11-19T10:23:53,447|[TRACE] script - #out(` `) [token]
2021-11-19T10:23:53,447|[TRACE] graph - <------- nonSkippedSpace
2021-11-19T10:23:53,447|[TRACE] graph - <----- statementPart
2021-11-19T10:23:53,447|[TRACE] graph - -----> statementPart
2021-11-19T10:23:53,447|[TRACE] graph - -------> nonSkippedSpace
2021-11-19T10:23:53,447|[TRACE] script - #out(` `) [token]
2021-11-19T10:23:53,447|[TRACE] graph - <------- nonSkippedSpace
2021-11-19T10:23:53,447|[TRACE] graph - <----- statementPart
2021-11-19T10:23:53,447|[TRACE] graph - -----> statementPart
2021-11-19T10:23:53,447|[TRACE] graph - -------> quotedString
2021-11-19T10:23:53,447|[TRACE] script - #out(``rhd``) [token]
2021-11-19T10:23:53,447|[TRACE] graph - <------- quotedString
2021-11-19T10:23:53,447|[TRACE] graph - <----- statementPart
2021-11-19T10:23:53,447|[TRACE] graph - -----> statementPart
2021-11-19T10:23:53,447|[TRACE] graph - -------> nonSkippedSpace
2021-11-19T10:23:53,447|[TRACE] script - #out(` `) [token]
2021-11-19T10:23:53,447|[TRACE] graph - <------- nonSkippedSpace
2021-11-19T10:23:53,447|[TRACE] graph - <----- statementPart
2021-11-19T10:23:53,447|[TRACE] graph - -----> statementPart
2021-11-19T10:23:53,447|[TRACE] graph - -------> nonSkippedChar
2021-11-19T10:23:53,447|[TRACE] script - #out(`B`) [token]
2021-11-19T10:23:53,447|[TRACE] graph - <------- nonSkippedChar
2021-11-19T10:23:53,447|[TRACE] graph - <----- statementPart
2021-11-19T10:23:53,447|[TRACE] graph - -----> statementPart
2021-11-19T10:23:53,447|[TRACE] graph - -------> nonSkippedChar
2021-11-19T10:23:53,447|[TRACE] script - #out(`I`) [token]
2021-11-19T10:23:53,447|[TRACE] graph - <------- nonSkippedChar
2021-11-19T10:23:53,447|[TRACE] graph - <----- statementPart
2021-11-19T10:23:53,447|[TRACE] graph - -----> statementPart
2021-11-19T10:23:53,447|[TRACE] graph - -------> nonSkippedChar
2021-11-19T10:23:53,447|[TRACE] script - #out(`T`) [token]
2021-11-19T10:23:53,447|[TRACE] graph - <------- nonSkippedChar
2021-11-19T10:23:53,447|[TRACE] graph - <----- statementPart
2021-11-19T10:23:53,447|[TRACE] graph - -----> statementPart
2021-11-19T10:23:53,447|[TRACE] graph - -------> nonSkippedChar
2021-11-19T10:23:53,447|[TRACE] script - #out(`(`) [token]
2021-11-19T10:23:53,447|[TRACE] graph - <------- nonSkippedChar
2021-11-19T10:23:53,447|[TRACE] graph - <----- statementPart
2021-11-19T10:23:53,447|[TRACE] graph - -----> statementPart
2021-11-19T10:23:53,447|[TRACE] graph - -------> nonSkippedChar
2021-11-19T10:23:53,447|[TRACE] script - #out(`1`) [token]
2021-11-19T10:23:53,447|[TRACE] graph - <------- nonSkippedChar
2021-11-19T10:23:53,447|[TRACE] graph - <----- statementPart
2021-11-19T10:23:53,447|[TRACE] graph - -----> statementPart
2021-11-19T10:23:53,447|[TRACE] graph - -------> nonSkippedChar
2021-11-19T10:23:53,447|[TRACE] script - #out(`)`) [token]
2021-11-19T10:23:53,447|[TRACE] graph - <------- nonSkippedChar
2021-11-19T10:23:53,447|[TRACE] graph - <----- statementPart
2021-11-19T10:23:53,447|[TRACE] graph - -----> statementPart
2021-11-19T10:23:53,447|[TRACE] graph - -------> nonSkippedSpace
2021-11-19T10:23:53,447|[TRACE] script - #out(` `) [token]
2021-11-19T10:23:53,447|[TRACE] graph - <------- nonSkippedSpace
2021-11-19T10:23:53,447|[TRACE] graph - <----- statementPart
2021-11-19T10:23:53,447|[TRACE] graph - -----> statementPart
2021-11-19T10:23:53,447|[TRACE] graph - -------> nonSkippedChar
2021-11-19T10:23:53,447|[TRACE] script - #out(`N`) [token]
2021-11-19T10:23:53,447|[TRACE] graph - <------- nonSkippedChar
2021-11-19T10:23:53,447|[TRACE] graph - <----- statementPart
2021-11-19T10:23:53,447|[TRACE] graph - -----> statementPart
2021-11-19T10:23:53,447|[TRACE] graph - -------> nonSkippedChar
2021-11-19T10:23:53,447|[TRACE] script - #out(`O`) [token]
2021-11-19T10:23:53,447|[TRACE] graph - <------- nonSkippedChar
2021-11-19T10:23:53,447|[TRACE] graph - <----- statementPart
2021-11-19T10:23:53,447|[TRACE] graph - -----> statementPart
2021-11-19T10:23:53,447|[TRACE] graph - -------> nonSkippedChar
2021-11-19T10:23:53,447|[TRACE] script - #out(`T`) [token]
2021-11-19T10:23:53,447|[TRACE] graph - <------- nonSkippedChar
2021-11-19T10:23:53,447|[TRACE] graph - <----- statementPart
2021-11-19T10:23:53,447|[TRACE] graph - -----> statementPart
2021-11-19T10:23:53,447|[TRACE] graph - -------> nonSkippedSpace
2021-11-19T10:23:53,447|[TRACE] script - #out(` `) [token]
2021-11-19T10:23:53,447|[TRACE] graph - <------- nonSkippedSpace
2021-11-19T10:23:53,447|[TRACE] graph - <----- statementPart
2021-11-19T10:23:53,447|[TRACE] graph - -----> statementPart
2021-11-19T10:23:53,447|[TRACE] graph - -------> nonSkippedChar
2021-11-19T10:23:53,447|[TRACE] script - #out(`N`) [token]
2021-11-19T10:23:53,447|[TRACE] graph - <------- nonSkippedChar
2021-11-19T10:23:53,447|[TRACE] graph - <----- statementPart
2021-11-19T10:23:53,447|[TRACE] graph - -----> statementPart
2021-11-19T10:23:53,447|[TRACE] graph - -------> nonSkippedChar
2021-11-19T10:23:53,447|[TRACE] script - #out(`U`) [token]
2021-11-19T10:23:53,447|[TRACE] graph - <------- nonSkippedChar
2021-11-19T10:23:53,447|[TRACE] graph - <----- statementPart
2021-11-19T10:23:53,447|[TRACE] graph - -----> statementPart
2021-11-19T10:23:53,447|[TRACE] graph - -------> nonSkippedChar
2021-11-19T10:23:53,447|[TRACE] script - #out(`L`) [token]
2021-11-19T10:23:53,447|[TRACE] graph - <------- nonSkippedChar
2021-11-19T10:23:53,447|[TRACE] graph - <----- statementPart
2021-11-19T10:23:53,447|[TRACE] graph - -----> statementPart
2021-11-19T10:23:53,447|[TRACE] graph - -------> nonSkippedChar
2021-11-19T10:23:53,447|[TRACE] script - #out(`L`) [token]
2021-11-19T10:23:53,447|[TRACE] graph - <------- nonSkippedChar
2021-11-19T10:23:53,447|[TRACE] graph - <----- statementPart
2021-11-19T10:23:53,447|[TRACE] graph - -----> statementPart
2021-11-19T10:23:53,447|[TRACE] graph - -------> nonSkippedChar
2021-11-19T10:23:53,447|[TRACE] script - #out(`,`) [token]
2021-11-19T10:23:53,447|[TRACE] graph - <------- nonSkippedChar
2021-11-19T10:23:53,447|[TRACE] graph - <----- statementPart
2021-11-19T10:23:53,447|[TRACE] graph - -----> afterStatementPartNewline
2021-11-19T10:23:53,447|[TRACE] script - #out(` `) [text]
2021-11-19T10:23:53,447|[TRACE] graph - <----- afterStatementPartNewline
2021-11-19T10:23:53,447|[TRACE] graph - -----> statementPart
2021-11-19T10:23:53,447|[TRACE] graph - -------> nonSkippedSpace
2021-11-19T10:23:53,447|[TRACE] script - #out(` `) [token]
2021-11-19T10:23:53,447|[TRACE] graph - <------- nonSkippedSpace
2021-11-19T10:23:53,447|[TRACE] graph - <----- statementPart
2021-11-19T10:23:53,447|[TRACE] graph - -----> statementPart
2021-11-19T10:23:53,447|[TRACE] graph - -------> nonSkippedSpace
2021-11-19T10:23:53,447|[TRACE] script - #out(` `) [token]
2021-11-19T10:23:53,447|[TRACE] graph - <------- nonSkippedSpace
2021-11-19T10:23:53,447|[TRACE] graph - <----- statementPart
2021-11-19T10:23:53,447|[TRACE] graph - -----> statementPart
2021-11-19T10:23:53,447|[TRACE] graph - -------> quotedString
2021-11-19T10:23:53,447|[TRACE] script - #out(``created``) [token]
2021-11-19T10:23:53,447|[TRACE] graph - <------- quotedString
2021-11-19T10:23:53,447|[TRACE] graph - <----- statementPart
2021-11-19T10:23:53,447|[TRACE] graph - -----> statementPart
2021-11-19T10:23:53,447|[TRACE] graph - -------> nonSkippedSpace
2021-11-19T10:23:53,447|[TRACE] script - #out(` `) [token]
2021-11-19T10:23:53,447|[TRACE] graph - <------- nonSkippedSpace
2021-11-19T10:23:53,447|[TRACE] graph - <----- statementPart
2021-11-19T10:23:53,447|[TRACE] graph - -----> statementPart
2021-11-19T10:23:53,447|[TRACE] graph - -------> nonSkippedChar
2021-11-19T10:23:53,447|[TRACE] script - #out(`B`) [token]
2021-11-19T10:23:53,447|[TRACE] graph - <------- nonSkippedChar
2021-11-19T10:23:53,447|[TRACE] graph - <----- statementPart
2021-11-19T10:23:53,447|[TRACE] graph - -----> statementPart
2021-11-19T10:23:53,447|[TRACE] graph - -------> nonSkippedChar
2021-11-19T10:23:53,447|[TRACE] script - #out(`I`) [token]
2021-11-19T10:23:53,447|[TRACE] graph - <------- nonSkippedChar
2021-11-19T10:23:53,447|[TRACE] graph - <----- statementPart
2021-11-19T10:23:53,447|[TRACE] graph - -----> statementPart
2021-11-19T10:23:53,447|[TRACE] graph - -------> nonSkippedChar
2021-11-19T10:23:53,447|[TRACE] script - #out(`G`) [token]
2021-11-19T10:23:53,447|[TRACE] graph - <------- nonSkippedChar
2021-11-19T10:23:53,447|[TRACE] graph - <----- statementPart
2021-11-19T10:23:53,447|[TRACE] graph - -----> statementPart
2021-11-19T10:23:53,447|[TRACE] graph - -------> nonSkippedChar
2021-11-19T10:23:53,447|[TRACE] script - #out(`I`) [token]
2021-11-19T10:23:53,447|[TRACE] graph - <------- nonSkippedChar
2021-11-19T10:23:53,447|[TRACE] graph - <----- statementPart
2021-11-19T10:23:53,447|[TRACE] graph - -----> statementPart
2021-11-19T10:23:53,447|[TRACE] graph - -------> nonSkippedChar
2021-11-19T10:23:53,447|[TRACE] script - #out(`N`) [token]
2021-11-19T10:23:53,447|[TRACE] graph - <------- nonSkippedChar
2021-11-19T10:23:53,447|[TRACE] graph - <----- statementPart
2021-11-19T10:23:53,447|[TRACE] graph - -----> statementPart
2021-11-19T10:23:53,447|[TRACE] graph - -------> nonSkippedChar
2021-11-19T10:23:53,447|[TRACE] script - #out(`T`) [token]
2021-11-19T10:23:53,447|[TRACE] graph - <------- nonSkippedChar
2021-11-19T10:23:53,447|[TRACE] graph - <----- statementPart
2021-11-19T10:23:53,447|[TRACE] graph - -----> statementPart
2021-11-19T10:23:53,447|[TRACE] graph - -------> nonSkippedSpace
2021-11-19T10:23:53,447|[TRACE] script - #out(` `) [token]
2021-11-19T10:23:53,447|[TRACE] graph - <------- nonSkippedSpace
2021-11-19T10:23:53,447|[TRACE] graph - <----- statementPart
2021-11-19T10:23:53,447|[TRACE] graph - -----> statementPart
2021-11-19T10:23:53,447|[TRACE] graph - -------> nonSkippedChar
2021-11-19T10:23:53,447|[TRACE] script - #out(`N`) [token]
2021-11-19T10:23:53,447|[TRACE] graph - <------- nonSkippedChar
2021-11-19T10:23:53,447|[TRACE] graph - <----- statementPart
2021-11-19T10:23:53,447|[TRACE] graph - -----> statementPart
2021-11-19T10:23:53,447|[TRACE] graph - -------> nonSkippedChar
2021-11-19T10:23:53,447|[TRACE] script - #out(`O`) [token]
2021-11-19T10:23:53,447|[TRACE] graph - <------- nonSkippedChar
2021-11-19T10:23:53,447|[TRACE] graph - <----- statementPart
2021-11-19T10:23:53,447|[TRACE] graph - -----> statementPart
2021-11-19T10:23:53,447|[TRACE] graph - -------> nonSkippedChar
2021-11-19T10:23:53,447|[TRACE] script - #out(`T`) [token]
2021-11-19T10:23:53,447|[TRACE] graph - <------- nonSkippedChar
2021-11-19T10:23:53,447|[TRACE] graph - <----- statementPart
2021-11-19T10:23:53,447|[TRACE] graph - -----> statementPart
2021-11-19T10:23:53,447|[TRACE] graph - -------> nonSkippedSpace
2021-11-19T10:23:53,447|[TRACE] script - #out(` `) [token]
2021-11-19T10:23:53,447|[TRACE] graph - <------- nonSkippedSpace
2021-11-19T10:23:53,447|[TRACE] graph - <----- statementPart
2021-11-19T10:23:53,447|[TRACE] graph - -----> statementPart
2021-11-19T10:23:53,447|[TRACE] graph - -------> nonSkippedChar
2021-11-19T10:23:53,447|[TRACE] script - #out(`N`) [token]
2021-11-19T10:23:53,447|[TRACE] graph - <------- nonSkippedChar
2021-11-19T10:23:53,447|[TRACE] graph - <----- statementPart
2021-11-19T10:23:53,447|[TRACE] graph - -----> statementPart
2021-11-19T10:23:53,447|[TRACE] graph - -------> nonSkippedChar
2021-11-19T10:23:53,447|[TRACE] script - #out(`U`) [token]
2021-11-19T10:23:53,447|[TRACE] graph - <------- nonSkippedChar
2021-11-19T10:23:53,447|[TRACE] graph - <----- statementPart
2021-11-19T10:23:53,447|[TRACE] graph - -----> statementPart
2021-11-19T10:23:53,447|[TRACE] graph - -------> nonSkippedChar
2021-11-19T10:23:53,447|[TRACE] script - #out(`L`) [token]
2021-11-19T10:23:53,447|[TRACE] graph - <------- nonSkippedChar
2021-11-19T10:23:53,447|[TRACE] graph - <----- statementPart
2021-11-19T10:23:53,447|[TRACE] graph - -----> statementPart
2021-11-19T10:23:53,447|[TRACE] graph - -------> nonSkippedChar
2021-11-19T10:23:53,447|[TRACE] script - #out(`L`) [token]
2021-11-19T10:23:53,447|[TRACE] graph - <------- nonSkippedChar
2021-11-19T10:23:53,447|[TRACE] graph - <----- statementPart
2021-11-19T10:23:53,447|[TRACE] graph - -----> statementPart
2021-11-19T10:23:53,447|[TRACE] graph - -------> nonSkippedSpace
2021-11-19T10:23:53,447|[TRACE] script - #out(` `) [token]
2021-11-19T10:23:53,447|[TRACE] graph - <------- nonSkippedSpace
2021-11-19T10:23:53,447|[TRACE] graph - <----- statementPart
2021-11-19T10:23:53,448|[TRACE] graph - -----> statementPart
2021-11-19T10:23:53,448|[TRACE] graph - -------> nonSkippedChar
2021-11-19T10:23:53,448|[TRACE] script - #out(`D`) [token]
2021-11-19T10:23:53,448|[TRACE] graph - <------- nonSkippedChar
2021-11-19T10:23:53,448|[TRACE] graph - <----- statementPart
2021-11-19T10:23:53,448|[TRACE] graph - -----> statementPart
2021-11-19T10:23:53,448|[TRACE] graph - -------> nonSkippedChar
2021-11-19T10:23:53,448|[TRACE] script - #out(`E`) [token]
2021-11-19T10:23:53,448|[TRACE] graph - <------- nonSkippedChar
2021-11-19T10:23:53,448|[TRACE] graph - <----- statementPart
2021-11-19T10:23:53,448|[TRACE] graph - -----> statementPart
2021-11-19T10:23:53,448|[TRACE] graph - -------> nonSkippedChar
2021-11-19T10:23:53,448|[TRACE] script - #out(`F`) [token]
2021-11-19T10:23:53,448|[TRACE] graph - <------- nonSkippedChar
2021-11-19T10:23:53,448|[TRACE] graph - <----- statementPart
2021-11-19T10:23:53,448|[TRACE] graph - -----> statementPart
2021-11-19T10:23:53,448|[TRACE] graph - -------> nonSkippedChar
2021-11-19T10:23:53,448|[TRACE] script - #out(`A`) [token]
2021-11-19T10:23:53,448|[TRACE] graph - <------- nonSkippedChar
2021-11-19T10:23:53,448|[TRACE] graph - <----- statementPart
2021-11-19T10:23:53,448|[TRACE] graph - -----> statementPart
2021-11-19T10:23:53,448|[TRACE] graph - -------> nonSkippedChar
2021-11-19T10:23:53,448|[TRACE] script - #out(`U`) [token]
2021-11-19T10:23:53,448|[TRACE] graph - <------- nonSkippedChar
2021-11-19T10:23:53,448|[TRACE] graph - <----- statementPart
2021-11-19T10:23:53,448|[TRACE] graph - -----> statementPart
2021-11-19T10:23:53,448|[TRACE] graph - -------> nonSkippedChar
2021-11-19T10:23:53,448|[TRACE] script - #out(`L`) [token]
2021-11-19T10:23:53,448|[TRACE] graph - <------- nonSkippedChar
2021-11-19T10:23:53,448|[TRACE] graph - <----- statementPart
2021-11-19T10:23:53,448|[TRACE] graph - -----> statementPart
2021-11-19T10:23:53,448|[TRACE] graph - -------> nonSkippedChar
2021-11-19T10:23:53,448|[TRACE] script - #out(`T`) [token]
2021-11-19T10:23:53,448|[TRACE] graph - <------- nonSkippedChar
2021-11-19T10:23:53,448|[TRACE] graph - <----- statementPart
2021-11-19T10:23:53,448|[TRACE] graph - -----> statementPart
2021-11-19T10:23:53,448|[TRACE] graph - -------> nonSkippedSpace
2021-11-19T10:23:53,448|[TRACE] script - #out(` `) [token]
2021-11-19T10:23:53,448|[TRACE] graph - <------- nonSkippedSpace
2021-11-19T10:23:53,448|[TRACE] graph - <----- statementPart
2021-11-19T10:23:53,448|[TRACE] graph - -----> statementPart
2021-11-19T10:23:53,448|[TRACE] graph - -------> nonSkippedChar
2021-11-19T10:23:53,448|[TRACE] script - #out(`(`) [token]
2021-11-19T10:23:53,448|[TRACE] graph - <------- nonSkippedChar
2021-11-19T10:23:53,448|[TRACE] graph - <----- statementPart
2021-11-19T10:23:53,448|[TRACE] graph - -----> statementPart
2021-11-19T10:23:53,448|[TRACE] graph - -------> nonSkippedChar
2021-11-19T10:23:53,448|[TRACE] script - #out(`u`) [token]
2021-11-19T10:23:53,448|[TRACE] graph - <------- nonSkippedChar
2021-11-19T10:23:53,448|[TRACE] graph - <----- statementPart
2021-11-19T10:23:53,448|[TRACE] graph - -----> statementPart
2021-11-19T10:23:53,448|[TRACE] graph - -------> nonSkippedChar
2021-11-19T10:23:53,448|[TRACE] script - #out(`n`) [token]
2021-11-19T10:23:53,448|[TRACE] graph - <------- nonSkippedChar
2021-11-19T10:23:53,448|[TRACE] graph - <----- statementPart
2021-11-19T10:23:53,448|[TRACE] graph - -----> statementPart
2021-11-19T10:23:53,448|[TRACE] graph - -------> nonSkippedChar
2021-11-19T10:23:53,448|[TRACE] script - #out(`i`) [token]
2021-11-19T10:23:53,448|[TRACE] graph - <------- nonSkippedChar
2021-11-19T10:23:53,448|[TRACE] graph - <----- statementPart
2021-11-19T10:23:53,448|[TRACE] graph - -----> statementPart
2021-11-19T10:23:53,448|[TRACE] graph - -------> nonSkippedChar
2021-11-19T10:23:53,448|[TRACE] script - #out(`x`) [token]
2021-11-19T10:23:53,448|[TRACE] graph - <------- nonSkippedChar
2021-11-19T10:23:53,448|[TRACE] graph - <----- statementPart
2021-11-19T10:23:53,448|[TRACE] graph - -----> statementPart
2021-11-19T10:23:53,448|[TRACE] graph - -------> nonSkippedChar
2021-11-19T10:23:53,448|[TRACE] script - #out(`_`) [token]
2021-11-19T10:23:53,448|[TRACE] graph - <------- nonSkippedChar
2021-11-19T10:23:53,448|[TRACE] graph - <----- statementPart
2021-11-19T10:23:53,448|[TRACE] graph - -----> statementPart
2021-11-19T10:23:53,448|[TRACE] graph - -------> nonSkippedChar
2021-11-19T10:23:53,448|[TRACE] script - #out(`t`) [token]
2021-11-19T10:23:53,448|[TRACE] graph - <------- nonSkippedChar
2021-11-19T10:23:53,448|[TRACE] graph - <----- statementPart
2021-11-19T10:23:53,448|[TRACE] graph - -----> statementPart
2021-11-19T10:23:53,448|[TRACE] graph - -------> nonSkippedChar
2021-11-19T10:23:53,448|[TRACE] script - #out(`i`) [token]
2021-11-19T10:23:53,448|[TRACE] graph - <------- nonSkippedChar
2021-11-19T10:23:53,448|[TRACE] graph - <----- statementPart
2021-11-19T10:23:53,448|[TRACE] graph - -----> statementPart
2021-11-19T10:23:53,448|[TRACE] graph - -------> nonSkippedChar
2021-11-19T10:23:53,448|[TRACE] script - #out(`m`) [token]
2021-11-19T10:23:53,448|[TRACE] graph - <------- nonSkippedChar
2021-11-19T10:23:53,448|[TRACE] graph - <----- statementPart
2021-11-19T10:23:53,448|[TRACE] graph - -----> statementPart
2021-11-19T10:23:53,448|[TRACE] graph - -------> nonSkippedChar
2021-11-19T10:23:53,448|[TRACE] script - #out(`e`) [token]
2021-11-19T10:23:53,448|[TRACE] graph - <------- nonSkippedChar
2021-11-19T10:23:53,448|[TRACE] graph - <----- statementPart
2021-11-19T10:23:53,448|[TRACE] graph - -----> statementPart
2021-11-19T10:23:53,448|[TRACE] graph - -------> nonSkippedChar
2021-11-19T10:23:53,448|[TRACE] script - #out(`s`) [token]
2021-11-19T10:23:53,448|[TRACE] graph - <------- nonSkippedChar
2021-11-19T10:23:53,448|[TRACE] graph - <----- statementPart
2021-11-19T10:23:53,519|[TRACE] graph - -----> statementPart
2021-11-19T10:23:53,519|[TRACE] graph - -------> nonSkippedChar
2021-11-19T10:23:53,519|[TRACE] script - #out(`t`) [token]
2021-11-19T10:23:53,519|[TRACE] graph - <------- nonSkippedChar
2021-11-19T10:23:53,519|[TRACE] graph - <----- statementPart
2021-11-19T10:23:53,519|[TRACE] graph - -----> statementPart
2021-11-19T10:23:53,519|[TRACE] graph - -------> nonSkippedChar
2021-11-19T10:23:53,519|[TRACE] script - #out(`a`) [token]
2021-11-19T10:23:53,519|[TRACE] graph - <------- nonSkippedChar
2021-11-19T10:23:53,519|[TRACE] graph - <----- statementPart
2021-11-19T10:23:53,519|[TRACE] graph - -----> statementPart
2021-11-19T10:23:53,519|[TRACE] graph - -------> nonSkippedChar
2021-11-19T10:23:53,519|[TRACE] script - #out(`m`) [token]
2021-11-19T10:23:53,519|[TRACE] graph - <------- nonSkippedChar
2021-11-19T10:23:53,519|[TRACE] graph - <----- statementPart
2021-11-19T10:23:53,519|[TRACE] graph - -----> statementPart
2021-11-19T10:23:53,519|[TRACE] graph - -------> nonSkippedChar
2021-11-19T10:23:53,519|[TRACE] script - #out(`p`) [token]
2021-11-19T10:23:53,519|[TRACE] graph - <------- nonSkippedChar
2021-11-19T10:23:53,519|[TRACE] graph - <----- statementPart
2021-11-19T10:23:53,519|[TRACE] graph - -----> statementPart
2021-11-19T10:23:53,519|[TRACE] graph - -------> nonSkippedChar
2021-11-19T10:23:53,519|[TRACE] script - #out(`(`) [token]
2021-11-19T10:23:53,519|[TRACE] graph - <------- nonSkippedChar
2021-11-19T10:23:53,519|[TRACE] graph - <----- statementPart
2021-11-19T10:23:53,519|[TRACE] graph - -----> statementPart
2021-11-19T10:23:53,519|[TRACE] graph - -------> nonSkippedChar
2021-11-19T10:23:53,519|[TRACE] script - #out(`n`) [token]
2021-11-19T10:23:53,519|[TRACE] graph - <------- nonSkippedChar
2021-11-19T10:23:53,519|[TRACE] graph - <----- statementPart
2021-11-19T10:23:53,519|[TRACE] graph - -----> statementPart
2021-11-19T10:23:53,519|[TRACE] graph - -------> nonSkippedChar
2021-11-19T10:23:53,519|[TRACE] script - #out(`o`) [token]
2021-11-19T10:23:53,519|[TRACE] graph - <------- nonSkippedChar
2021-11-19T10:23:53,519|[TRACE] graph - <----- statementPart
2021-11-19T10:23:53,519|[TRACE] graph - -----> statementPart
2021-11-19T10:23:53,519|[TRACE] graph - -------> nonSkippedChar
2021-11-19T10:23:53,519|[TRACE] script - #out(`w`) [token]
2021-11-19T10:23:53,519|[TRACE] graph - <------- nonSkippedChar
2021-11-19T10:23:53,519|[TRACE] graph - <----- statementPart
2021-11-19T10:23:53,519|[TRACE] graph - -----> statementPart
2021-11-19T10:23:53,519|[TRACE] graph - -------> nonSkippedChar
2021-11-19T10:23:53,519|[TRACE] script - #out(`(`) [token]
2021-11-19T10:23:53,519|[TRACE] graph - <------- nonSkippedChar
2021-11-19T10:23:53,519|[TRACE] graph - <----- statementPart
2021-11-19T10:23:53,519|[TRACE] graph - -----> statementPart
2021-11-19T10:23:53,519|[TRACE] graph - -------> nonSkippedChar
2021-11-19T10:23:53,519|[TRACE] script - #out(`)`) [token]
2021-11-19T10:23:53,519|[TRACE] graph - <------- nonSkippedChar
2021-11-19T10:23:53,519|[TRACE] graph - <----- statementPart
2021-11-19T10:23:53,519|[TRACE] graph - -----> statementPart
2021-11-19T10:23:53,519|[TRACE] graph - -------> nonSkippedChar
2021-11-19T10:23:53,519|[TRACE] script - #out(`)`) [token]
2021-11-19T10:23:53,519|[TRACE] graph - <------- nonSkippedChar
2021-11-19T10:23:53,519|[TRACE] graph - <----- statementPart
2021-11-19T10:23:53,519|[TRACE] graph - -----> statementPart
2021-11-19T10:23:53,519|[TRACE] graph - -------> nonSkippedSpace
2021-11-19T10:23:53,519|[TRACE] script - #out(` `) [token]
2021-11-19T10:23:53,519|[TRACE] graph - <------- nonSkippedSpace
2021-11-19T10:23:53,519|[TRACE] graph - <----- statementPart
2021-11-19T10:23:53,519|[TRACE] graph - -----> statementPart
2021-11-19T10:23:53,519|[TRACE] graph - -------> nonSkippedChar
2021-11-19T10:23:53,519|[TRACE] script - #out(`*`) [token]
2021-11-19T10:23:53,519|[TRACE] graph - <------- nonSkippedChar
2021-11-19T10:23:53,519|[TRACE] graph - <----- statementPart
2021-11-19T10:23:53,519|[TRACE] graph - -----> statementPart
2021-11-19T10:23:53,519|[TRACE] graph - -------> nonSkippedSpace
2021-11-19T10:23:53,519|[TRACE] script - #out(` `) [token]
2021-11-19T10:23:53,519|[TRACE] graph - <------- nonSkippedSpace
2021-11-19T10:23:53,519|[TRACE] graph - <----- statementPart
2021-11-19T10:23:53,519|[TRACE] graph - -----> statementPart
2021-11-19T10:23:53,519|[TRACE] graph - -------> nonSkippedChar
2021-11-19T10:23:53,519|[TRACE] script - #out(`1`) [token]
2021-11-19T10:23:53,519|[TRACE] graph - <------- nonSkippedChar
2021-11-19T10:23:53,519|[TRACE] graph - <----- statementPart
2021-11-19T10:23:53,519|[TRACE] graph - -----> statementPart
2021-11-19T10:23:53,519|[TRACE] graph - -------> nonSkippedChar
2021-11-19T10:23:53,519|[TRACE] script - #out(`0`) [token]
2021-11-19T10:23:53,519|[TRACE] graph - <------- nonSkippedChar
2021-11-19T10:23:53,519|[TRACE] graph - <----- statementPart
2021-11-19T10:23:53,519|[TRACE] graph - -----> statementPart
2021-11-19T10:23:53,519|[TRACE] graph - -------> nonSkippedChar
2021-11-19T10:23:53,519|[TRACE] script - #out(`0`) [token]
2021-11-19T10:23:53,519|[TRACE] graph - <------- nonSkippedChar
2021-11-19T10:23:53,519|[TRACE] graph - <----- statementPart
2021-11-19T10:23:53,519|[TRACE] graph - -----> statementPart
2021-11-19T10:23:53,519|[TRACE] graph - -------> nonSkippedChar
2021-11-19T10:23:53,519|[TRACE] script - #out(`0`) [token]
2021-11-19T10:23:53,519|[TRACE] graph - <------- nonSkippedChar
2021-11-19T10:23:53,519|[TRACE] graph - <----- statementPart
2021-11-19T10:23:53,519|[TRACE] graph - -----> statementPart
2021-11-19T10:23:53,519|[TRACE] graph - -------> nonSkippedChar
2021-11-19T10:23:53,519|[TRACE] script - #out(`)`) [token]
2021-11-19T10:23:53,519|[TRACE] graph - <------- nonSkippedChar
2021-11-19T10:23:53,519|[TRACE] graph - <----- statementPart
2021-11-19T10:23:53,519|[TRACE] graph - -----> statementPart
2021-11-19T10:23:53,519|[TRACE] graph - -------> nonSkippedChar
2021-11-19T10:23:53,519|[TRACE] script - #out(`,`) [token]
2021-11-19T10:23:53,519|[TRACE] graph - <------- nonSkippedChar
2021-11-19T10:23:53,519|[TRACE] graph - <----- statementPart
2021-11-19T10:23:53,519|[TRACE] graph - -----> afterStatementPartNewline
2021-11-19T10:23:53,519|[TRACE] script - #out(` `) [text]
2021-11-19T10:23:53,519|[TRACE] graph - <----- afterStatementPartNewline
2021-11-19T10:23:53,519|[TRACE] graph - -----> statementPart
2021-11-19T10:23:53,519|[TRACE] graph - -------> nonSkippedSpace
2021-11-19T10:23:53,519|[TRACE] script - #out(` `) [token]
2021-11-19T10:23:53,519|[TRACE] graph - <------- nonSkippedSpace
2021-11-19T10:23:53,519|[TRACE] graph - <----- statementPart
2021-11-19T10:23:53,519|[TRACE] graph - -----> statementPart
2021-11-19T10:23:53,519|[TRACE] graph - -------> nonSkippedSpace
2021-11-19T10:23:53,519|[TRACE] script - #out(` `) [token]
2021-11-19T10:23:53,519|[TRACE] graph - <------- nonSkippedSpace
2021-11-19T10:23:53,519|[TRACE] graph - <----- statementPart
2021-11-19T10:23:53,519|[TRACE] graph - -----> statementPart
2021-11-19T10:23:53,519|[TRACE] graph - -------> quotedString
2021-11-19T10:23:53,519|[TRACE] script - #out(``updated``) [token]
2021-11-19T10:23:53,519|[TRACE] graph - <------- quotedString
2021-11-19T10:23:53,519|[TRACE] graph - <----- statementPart
2021-11-19T10:23:53,519|[TRACE] graph - -----> statementPart
2021-11-19T10:23:53,519|[TRACE] graph - -------> nonSkippedSpace
2021-11-19T10:23:53,519|[TRACE] script - #out(` `) [token]
2021-11-19T10:23:53,519|[TRACE] graph - <------- nonSkippedSpace
2021-11-19T10:23:53,519|[TRACE] graph - <----- statementPart
2021-11-19T10:23:53,519|[TRACE] graph - -----> statementPart
2021-11-19T10:23:53,519|[TRACE] graph - -------> nonSkippedChar
2021-11-19T10:23:53,519|[TRACE] script - #out(`B`) [token]
2021-11-19T10:23:53,519|[TRACE] graph - <------- nonSkippedChar
2021-11-19T10:23:53,519|[TRACE] graph - <----- statementPart
2021-11-19T10:23:53,519|[TRACE] graph - -----> statementPart
2021-11-19T10:23:53,519|[TRACE] graph - -------> nonSkippedChar
2021-11-19T10:23:53,519|[TRACE] script - #out(`I`) [token]
2021-11-19T10:23:53,519|[TRACE] graph - <------- nonSkippedChar
2021-11-19T10:23:53,519|[TRACE] graph - <----- statementPart
2021-11-19T10:23:53,519|[TRACE] graph - -----> statementPart
2021-11-19T10:23:53,519|[TRACE] graph - -------> nonSkippedChar
2021-11-19T10:23:53,519|[TRACE] script - #out(`G`) [token]
2021-11-19T10:23:53,519|[TRACE] graph - <------- nonSkippedChar
2021-11-19T10:23:53,519|[TRACE] graph - <----- statementPart
2021-11-19T10:23:53,519|[TRACE] graph - -----> statementPart
2021-11-19T10:23:53,519|[TRACE] graph - -------> nonSkippedChar
2021-11-19T10:23:53,519|[TRACE] script - #out(`I`) [token]
2021-11-19T10:23:53,519|[TRACE] graph - <------- nonSkippedChar
2021-11-19T10:23:53,519|[TRACE] graph - <----- statementPart
2021-11-19T10:23:53,519|[TRACE] graph - -----> statementPart
2021-11-19T10:23:53,519|[TRACE] graph - -------> nonSkippedChar
2021-11-19T10:23:53,519|[TRACE] script - #out(`N`) [token]
2021-11-19T10:23:53,519|[TRACE] graph - <------- nonSkippedChar
2021-11-19T10:23:53,519|[TRACE] graph - <----- statementPart
2021-11-19T10:23:53,519|[TRACE] graph - -----> statementPart
2021-11-19T10:23:53,519|[TRACE] graph - -------> nonSkippedChar
2021-11-19T10:23:53,519|[TRACE] script - #out(`T`) [token]
2021-11-19T10:23:53,519|[TRACE] graph - <------- nonSkippedChar
2021-11-19T10:23:53,519|[TRACE] graph - <----- statementPart
2021-11-19T10:23:53,519|[TRACE] graph - -----> statementPart
2021-11-19T10:23:53,519|[TRACE] graph - -------> nonSkippedSpace
2021-11-19T10:23:53,519|[TRACE] script - #out(` `) [token]
2021-11-19T10:23:53,519|[TRACE] graph - <------- nonSkippedSpace
2021-11-19T10:23:53,519|[TRACE] graph - <----- statementPart
2021-11-19T10:23:53,519|[TRACE] graph - -----> statementPart
2021-11-19T10:23:53,519|[TRACE] graph - -------> nonSkippedChar
2021-11-19T10:23:53,519|[TRACE] script - #out(`N`) [token]
2021-11-19T10:23:53,519|[TRACE] graph - <------- nonSkippedChar
2021-11-19T10:23:53,519|[TRACE] graph - <----- statementPart
2021-11-19T10:23:53,519|[TRACE] graph - -----> statementPart
2021-11-19T10:23:53,519|[TRACE] graph - -------> nonSkippedChar
2021-11-19T10:23:53,519|[TRACE] script - #out(`O`) [token]
2021-11-19T10:23:53,519|[TRACE] graph - <------- nonSkippedChar
2021-11-19T10:23:53,519|[TRACE] graph - <----- statementPart
2021-11-19T10:23:53,519|[TRACE] graph - -----> statementPart
2021-11-19T10:23:53,519|[TRACE] graph - -------> nonSkippedChar
2021-11-19T10:23:53,519|[TRACE] script - #out(`T`) [token]
2021-11-19T10:23:53,519|[TRACE] graph - <------- nonSkippedChar
2021-11-19T10:23:53,519|[TRACE] graph - <----- statementPart
2021-11-19T10:23:53,519|[TRACE] graph - -----> statementPart
2021-11-19T10:23:53,519|[TRACE] graph - -------> nonSkippedSpace
2021-11-19T10:23:53,519|[TRACE] script - #out(` `) [token]
2021-11-19T10:23:53,519|[TRACE] graph - <------- nonSkippedSpace
2021-11-19T10:23:53,519|[TRACE] graph - <----- statementPart
2021-11-19T10:23:53,519|[TRACE] graph - -----> statementPart
2021-11-19T10:23:53,519|[TRACE] graph - -------> nonSkippedChar
2021-11-19T10:23:53,519|[TRACE] script - #out(`N`) [token]
2021-11-19T10:23:53,519|[TRACE] graph - <------- nonSkippedChar
2021-11-19T10:23:53,519|[TRACE] graph - <----- statementPart
2021-11-19T10:23:53,519|[TRACE] graph - -----> statementPart
2021-11-19T10:23:53,519|[TRACE] graph - -------> nonSkippedChar
2021-11-19T10:23:53,519|[TRACE] script - #out(`U`) [token]
2021-11-19T10:23:53,519|[TRACE] graph - <------- nonSkippedChar
2021-11-19T10:23:53,519|[TRACE] graph - <----- statementPart
2021-11-19T10:23:53,519|[TRACE] graph - -----> statementPart
2021-11-19T10:23:53,519|[TRACE] graph - -------> nonSkippedChar
2021-11-19T10:23:53,519|[TRACE] script - #out(`L`) [token]
2021-11-19T10:23:53,519|[TRACE] graph - <------- nonSkippedChar
2021-11-19T10:23:53,519|[TRACE] graph - <----- statementPart
2021-11-19T10:23:53,519|[TRACE] graph - -----> statementPart
2021-11-19T10:23:53,519|[TRACE] graph - -------> nonSkippedChar
2021-11-19T10:23:53,519|[TRACE] script - #out(`L`) [token]
2021-11-19T10:23:53,519|[TRACE] graph - <------- nonSkippedChar
2021-11-19T10:23:53,519|[TRACE] graph - <----- statementPart
2021-11-19T10:23:53,519|[TRACE] graph - -----> statementPart
2021-11-19T10:23:53,519|[TRACE] graph - -------> nonSkippedSpace
2021-11-19T10:23:53,519|[TRACE] script - #out(` `) [token]
2021-11-19T10:23:53,519|[TRACE] graph - <------- nonSkippedSpace
2021-11-19T10:23:53,519|[TRACE] graph - <----- statementPart
2021-11-19T10:23:53,519|[TRACE] graph - -----> statementPart
2021-11-19T10:23:53,519|[TRACE] graph - -------> nonSkippedChar
2021-11-19T10:23:53,519|[TRACE] script - #out(`D`) [token]
2021-11-19T10:23:53,519|[TRACE] graph - <------- nonSkippedChar
2021-11-19T10:23:53,519|[TRACE] graph - <----- statementPart
2021-11-19T10:23:53,519|[TRACE] graph - -----> statementPart
2021-11-19T10:23:53,519|[TRACE] graph - -------> nonSkippedChar
2021-11-19T10:23:53,519|[TRACE] script - #out(`E`) [token]
2021-11-19T10:23:53,519|[TRACE] graph - <------- nonSkippedChar
2021-11-19T10:23:53,519|[TRACE] graph - <----- statementPart
2021-11-19T10:23:53,519|[TRACE] graph - -----> statementPart
2021-11-19T10:23:53,519|[TRACE] graph - -------> nonSkippedChar
2021-11-19T10:23:53,519|[TRACE] script - #out(`F`) [token]
2021-11-19T10:23:53,519|[TRACE] graph - <------- nonSkippedChar
2021-11-19T10:23:53,519|[TRACE] graph - <----- statementPart
2021-11-19T10:23:53,519|[TRACE] graph - -----> statementPart
2021-11-19T10:23:53,519|[TRACE] graph - -------> nonSkippedChar
2021-11-19T10:23:53,519|[TRACE] script - #out(`A`) [token]
2021-11-19T10:23:53,519|[TRACE] graph - <------- nonSkippedChar
2021-11-19T10:23:53,519|[TRACE] graph - <----- statementPart
2021-11-19T10:23:53,519|[TRACE] graph - -----> statementPart
2021-11-19T10:23:53,520|[TRACE] graph - -------> nonSkippedChar
2021-11-19T10:23:53,520|[TRACE] script - #out(`U`) [token]
2021-11-19T10:23:53,520|[TRACE] graph - <------- nonSkippedChar
2021-11-19T10:23:53,520|[TRACE] graph - <----- statementPart
2021-11-19T10:23:53,520|[TRACE] graph - -----> statementPart
2021-11-19T10:23:53,520|[TRACE] graph - -------> nonSkippedChar
2021-11-19T10:23:53,520|[TRACE] script - #out(`L`) [token]
2021-11-19T10:23:53,520|[TRACE] graph - <------- nonSkippedChar
2021-11-19T10:23:53,520|[TRACE] graph - <----- statementPart
2021-11-19T10:23:53,520|[TRACE] graph - -----> statementPart
2021-11-19T10:23:53,520|[TRACE] graph - -------> nonSkippedChar
2021-11-19T10:23:53,520|[TRACE] script - #out(`T`) [token]
2021-11-19T10:23:53,520|[TRACE] graph - <------- nonSkippedChar
2021-11-19T10:23:53,520|[TRACE] graph - <----- statementPart
2021-11-19T10:23:53,520|[TRACE] graph - -----> statementPart
2021-11-19T10:23:53,520|[TRACE] graph - -------> nonSkippedSpace
2021-11-19T10:23:53,520|[TRACE] script - #out(` `) [token]
2021-11-19T10:23:53,520|[TRACE] graph - <------- nonSkippedSpace
2021-11-19T10:23:53,520|[TRACE] graph - <----- statementPart
2021-11-19T10:23:53,520|[TRACE] graph - -----> statementPart
2021-11-19T10:23:53,520|[TRACE] graph - -------> nonSkippedChar
2021-11-19T10:23:53,520|[TRACE] script - #out(`(`) [token]
2021-11-19T10:23:53,520|[TRACE] graph - <------- nonSkippedChar
2021-11-19T10:23:53,520|[TRACE] graph - <----- statementPart
2021-11-19T10:23:53,520|[TRACE] graph - -----> statementPart
2021-11-19T10:23:53,520|[TRACE] graph - -------> nonSkippedChar
2021-11-19T10:23:53,520|[TRACE] script - #out(`u`) [token]
2021-11-19T10:23:53,520|[TRACE] graph - <------- nonSkippedChar
2021-11-19T10:23:53,520|[TRACE] graph - <----- statementPart
2021-11-19T10:23:53,520|[TRACE] graph - -----> statementPart
2021-11-19T10:23:53,520|[TRACE] graph - -------> nonSkippedChar
2021-11-19T10:23:53,520|[TRACE] script - #out(`n`) [token]
2021-11-19T10:23:53,520|[TRACE] graph - <------- nonSkippedChar
2021-11-19T10:23:53,520|[TRACE] graph - <----- statementPart
2021-11-19T10:23:53,520|[TRACE] graph - -----> statementPart
2021-11-19T10:23:53,520|[TRACE] graph - -------> nonSkippedChar
2021-11-19T10:23:53,520|[TRACE] script - #out(`i`) [token]
2021-11-19T10:23:53,520|[TRACE] graph - <------- nonSkippedChar
2021-11-19T10:23:53,520|[TRACE] graph - <----- statementPart
2021-11-19T10:23:53,520|[TRACE] graph - -----> statementPart
2021-11-19T10:23:53,520|[TRACE] graph - -------> nonSkippedChar
2021-11-19T10:23:53,520|[TRACE] script - #out(`x`) [token]
2021-11-19T10:23:53,520|[TRACE] graph - <------- nonSkippedChar
2021-11-19T10:23:53,520|[TRACE] graph - <----- statementPart
2021-11-19T10:23:53,520|[TRACE] graph - -----> statementPart
2021-11-19T10:23:53,520|[TRACE] graph - -------> nonSkippedChar
2021-11-19T10:23:53,520|[TRACE] script - #out(`_`) [token]
2021-11-19T10:23:53,520|[TRACE] graph - <------- nonSkippedChar
2021-11-19T10:23:53,520|[TRACE] graph - <----- statementPart
2021-11-19T10:23:53,520|[TRACE] graph - -----> statementPart
2021-11-19T10:23:53,520|[TRACE] graph - -------> nonSkippedChar
2021-11-19T10:23:53,520|[TRACE] script - #out(`t`) [token]
2021-11-19T10:23:53,520|[TRACE] graph - <------- nonSkippedChar
2021-11-19T10:23:53,520|[TRACE] graph - <----- statementPart
2021-11-19T10:23:53,520|[TRACE] graph - -----> statementPart
2021-11-19T10:23:53,520|[TRACE] graph - -------> nonSkippedChar
2021-11-19T10:23:53,520|[TRACE] script - #out(`i`) [token]
2021-11-19T10:23:53,520|[TRACE] graph - <------- nonSkippedChar
2021-11-19T10:23:53,520|[TRACE] graph - <----- statementPart
2021-11-19T10:23:53,520|[TRACE] graph - -----> statementPart
2021-11-19T10:23:53,520|[TRACE] graph - -------> nonSkippedChar
2021-11-19T10:23:53,520|[TRACE] script - #out(`m`) [token]
2021-11-19T10:23:53,520|[TRACE] graph - <------- nonSkippedChar
2021-11-19T10:23:53,520|[TRACE] graph - <----- statementPart
2021-11-19T10:23:53,520|[TRACE] graph - -----> statementPart
2021-11-19T10:23:53,520|[TRACE] graph - -------> nonSkippedChar
2021-11-19T10:23:53,520|[TRACE] script - #out(`e`) [token]
2021-11-19T10:23:53,520|[TRACE] graph - <------- nonSkippedChar
2021-11-19T10:23:53,520|[TRACE] graph - <----- statementPart
2021-11-19T10:23:53,520|[TRACE] graph - -----> statementPart
2021-11-19T10:23:53,520|[TRACE] graph - -------> nonSkippedChar
2021-11-19T10:23:53,520|[TRACE] script - #out(`s`) [token]
2021-11-19T10:23:53,520|[TRACE] graph - <------- nonSkippedChar
2021-11-19T10:23:53,520|[TRACE] graph - <----- statementPart
2021-11-19T10:23:53,520|[TRACE] graph - -----> statementPart
2021-11-19T10:23:53,520|[TRACE] graph - -------> nonSkippedChar
2021-11-19T10:23:53,520|[TRACE] script - #out(`t`) [token]
2021-11-19T10:23:53,520|[TRACE] graph - <------- nonSkippedChar
2021-11-19T10:23:53,520|[TRACE] graph - <----- statementPart
2021-11-19T10:23:53,520|[TRACE] graph - -----> statementPart
2021-11-19T10:23:53,520|[TRACE] graph - -------> nonSkippedChar
2021-11-19T10:23:53,520|[TRACE] script - #out(`a`) [token]
2021-11-19T10:23:53,520|[TRACE] graph - <------- nonSkippedChar
2021-11-19T10:23:53,520|[TRACE] graph - <----- statementPart
2021-11-19T10:23:53,520|[TRACE] graph - -----> statementPart
2021-11-19T10:23:53,520|[TRACE] graph - -------> nonSkippedChar
2021-11-19T10:23:53,520|[TRACE] script - #out(`m`) [token]
2021-11-19T10:23:53,520|[TRACE] graph - <------- nonSkippedChar
2021-11-19T10:23:53,520|[TRACE] graph - <----- statementPart
2021-11-19T10:23:53,520|[TRACE] graph - -----> statementPart
2021-11-19T10:23:53,520|[TRACE] graph - -------> nonSkippedChar
2021-11-19T10:23:53,520|[TRACE] script - #out(`p`) [token]
2021-11-19T10:23:53,520|[TRACE] graph - <------- nonSkippedChar
2021-11-19T10:23:53,520|[TRACE] graph - <----- statementPart
2021-11-19T10:23:53,520|[TRACE] graph - -----> statementPart
2021-11-19T10:23:53,520|[TRACE] graph - -------> nonSkippedChar
2021-11-19T10:23:53,520|[TRACE] script - #out(`(`) [token]
2021-11-19T10:23:53,520|[TRACE] graph - <------- nonSkippedChar
2021-11-19T10:23:53,520|[TRACE] graph - <----- statementPart
2021-11-19T10:23:53,520|[TRACE] graph - -----> statementPart
2021-11-19T10:23:53,520|[TRACE] graph - -------> nonSkippedChar
2021-11-19T10:23:53,520|[TRACE] script - #out(`n`) [token]
2021-11-19T10:23:53,520|[TRACE] graph - <------- nonSkippedChar
2021-11-19T10:23:53,520|[TRACE] graph - <----- statementPart
2021-11-19T10:23:53,520|[TRACE] graph - -----> statementPart
2021-11-19T10:23:53,520|[TRACE] graph - -------> nonSkippedChar
2021-11-19T10:23:53,520|[TRACE] script - #out(`o`) [token]
2021-11-19T10:23:53,520|[TRACE] graph - <------- nonSkippedChar
2021-11-19T10:23:53,520|[TRACE] graph - <----- statementPart
2021-11-19T10:23:53,520|[TRACE] graph - -----> statementPart
2021-11-19T10:23:53,520|[TRACE] graph - -------> nonSkippedChar
2021-11-19T10:23:53,520|[TRACE] script - #out(`w`) [token]
2021-11-19T10:23:53,520|[TRACE] graph - <------- nonSkippedChar
2021-11-19T10:23:53,520|[TRACE] graph - <----- statementPart
2021-11-19T10:23:53,520|[TRACE] graph - -----> statementPart
2021-11-19T10:23:53,520|[TRACE] graph - -------> nonSkippedChar
2021-11-19T10:23:53,520|[TRACE] script - #out(`(`) [token]
2021-11-19T10:23:53,520|[TRACE] graph - <------- nonSkippedChar
2021-11-19T10:23:53,520|[TRACE] graph - <----- statementPart
2021-11-19T10:23:53,520|[TRACE] graph - -----> statementPart
2021-11-19T10:23:53,520|[TRACE] graph - -------> nonSkippedChar
2021-11-19T10:23:53,520|[TRACE] script - #out(`)`) [token]
2021-11-19T10:23:53,520|[TRACE] graph - <------- nonSkippedChar
2021-11-19T10:23:53,520|[TRACE] graph - <----- statementPart
2021-11-19T10:23:53,520|[TRACE] graph - -----> statementPart
2021-11-19T10:23:53,520|[TRACE] graph - -------> nonSkippedChar
2021-11-19T10:23:53,520|[TRACE] script - #out(`)`) [token]
2021-11-19T10:23:53,520|[TRACE] graph - <------- nonSkippedChar
2021-11-19T10:23:53,520|[TRACE] graph - <----- statementPart
2021-11-19T10:23:53,520|[TRACE] graph - -----> statementPart
2021-11-19T10:23:53,520|[TRACE] graph - -------> nonSkippedSpace
2021-11-19T10:23:53,520|[TRACE] script - #out(` `) [token]
2021-11-19T10:23:53,520|[TRACE] graph - <------- nonSkippedSpace
2021-11-19T10:23:53,520|[TRACE] graph - <----- statementPart
2021-11-19T10:23:53,520|[TRACE] graph - -----> statementPart
2021-11-19T10:23:53,520|[TRACE] graph - -------> nonSkippedChar
2021-11-19T10:23:53,520|[TRACE] script - #out(`*`) [token]
2021-11-19T10:23:53,520|[TRACE] graph - <------- nonSkippedChar
2021-11-19T10:23:53,520|[TRACE] graph - <----- statementPart
2021-11-19T10:23:53,520|[TRACE] graph - -----> statementPart
2021-11-19T10:23:53,520|[TRACE] graph - -------> nonSkippedSpace
2021-11-19T10:23:53,520|[TRACE] script - #out(` `) [token]
2021-11-19T10:23:53,520|[TRACE] graph - <------- nonSkippedSpace
2021-11-19T10:23:53,520|[TRACE] graph - <----- statementPart
2021-11-19T10:23:53,520|[TRACE] graph - -----> statementPart
2021-11-19T10:23:53,520|[TRACE] graph - -------> nonSkippedChar
2021-11-19T10:23:53,520|[TRACE] script - #out(`1`) [token]
2021-11-19T10:23:53,520|[TRACE] graph - <------- nonSkippedChar
2021-11-19T10:23:53,520|[TRACE] graph - <----- statementPart
2021-11-19T10:23:53,520|[TRACE] graph - -----> statementPart
2021-11-19T10:23:53,520|[TRACE] graph - -------> nonSkippedChar
2021-11-19T10:23:53,520|[TRACE] script - #out(`0`) [token]
2021-11-19T10:23:53,520|[TRACE] graph - <------- nonSkippedChar
2021-11-19T10:23:53,520|[TRACE] graph - <----- statementPart
2021-11-19T10:23:53,520|[TRACE] graph - -----> statementPart
2021-11-19T10:23:53,520|[TRACE] graph - -------> nonSkippedChar
2021-11-19T10:23:53,520|[TRACE] script - #out(`0`) [token]
2021-11-19T10:23:53,520|[TRACE] graph - <------- nonSkippedChar
2021-11-19T10:23:53,520|[TRACE] graph - <----- statementPart
2021-11-19T10:23:53,520|[TRACE] graph - -----> statementPart
2021-11-19T10:23:53,520|[TRACE] graph - -------> nonSkippedChar
2021-11-19T10:23:53,520|[TRACE] script - #out(`0`) [token]
2021-11-19T10:23:53,520|[TRACE] graph - <------- nonSkippedChar
2021-11-19T10:23:53,520|[TRACE] graph - <----- statementPart
2021-11-19T10:23:53,520|[TRACE] graph - -----> statementPart
2021-11-19T10:23:53,520|[TRACE] graph - -------> nonSkippedChar
2021-11-19T10:23:53,520|[TRACE] script - #out(`)`) [token]
2021-11-19T10:23:53,520|[TRACE] graph - <------- nonSkippedChar
2021-11-19T10:23:53,520|[TRACE] graph - <----- statementPart
2021-11-19T10:23:53,520|[TRACE] graph - -----> statementPart
2021-11-19T10:23:53,520|[TRACE] graph - -------> nonSkippedChar
2021-11-19T10:23:53,520|[TRACE] script - #out(`,`) [token]
2021-11-19T10:23:53,520|[TRACE] graph - <------- nonSkippedChar
2021-11-19T10:23:53,520|[TRACE] graph - <----- statementPart
2021-11-19T10:23:53,520|[TRACE] graph - -----> afterStatementPartNewline
2021-11-19T10:23:53,520|[TRACE] script - #out(` `) [text]
2021-11-19T10:23:53,520|[TRACE] graph - <----- afterStatementPartNewline
2021-11-19T10:23:53,520|[TRACE] graph - -----> statementPart
2021-11-19T10:23:53,520|[TRACE] graph - -------> nonSkippedSpace
2021-11-19T10:23:53,520|[TRACE] script - #out(` `) [token]
2021-11-19T10:23:53,520|[TRACE] graph - <------- nonSkippedSpace
2021-11-19T10:23:53,520|[TRACE] graph - <----- statementPart
2021-11-19T10:23:53,520|[TRACE] graph - -----> statementPart
2021-11-19T10:23:53,520|[TRACE] graph - -------> nonSkippedSpace
2021-11-19T10:23:53,520|[TRACE] script - #out(` `) [token]
2021-11-19T10:23:53,520|[TRACE] graph - <------- nonSkippedSpace
2021-11-19T10:23:53,520|[TRACE] graph - <----- statementPart
2021-11-19T10:23:53,520|[TRACE] graph - -----> statementPart
2021-11-19T10:23:53,520|[TRACE] graph - -------> quotedString
2021-11-19T10:23:53,520|[TRACE] script - #out(``version``) [token]
2021-11-19T10:23:53,520|[TRACE] graph - <------- quotedString
2021-11-19T10:23:53,520|[TRACE] graph - <----- statementPart
2021-11-19T10:23:53,520|[TRACE] graph - -----> statementPart
2021-11-19T10:23:53,520|[TRACE] graph - -------> nonSkippedSpace
2021-11-19T10:23:53,520|[TRACE] script - #out(` `) [token]
2021-11-19T10:23:53,520|[TRACE] graph - <------- nonSkippedSpace
2021-11-19T10:23:53,520|[TRACE] graph - <----- statementPart
2021-11-19T10:23:53,520|[TRACE] graph - -----> statementPart
2021-11-19T10:23:53,520|[TRACE] graph - -------> nonSkippedChar
2021-11-19T10:23:53,520|[TRACE] script - #out(`I`) [token]
2021-11-19T10:23:53,520|[TRACE] graph - <------- nonSkippedChar
2021-11-19T10:23:53,520|[TRACE] graph - <----- statementPart
2021-11-19T10:23:53,520|[TRACE] graph - -----> statementPart
2021-11-19T10:23:53,520|[TRACE] graph - -------> nonSkippedChar
2021-11-19T10:23:53,520|[TRACE] script - #out(`N`) [token]
2021-11-19T10:23:53,520|[TRACE] graph - <------- nonSkippedChar
2021-11-19T10:23:53,520|[TRACE] graph - <----- statementPart
2021-11-19T10:23:53,520|[TRACE] graph - -----> statementPart
2021-11-19T10:23:53,520|[TRACE] graph - -------> nonSkippedChar
2021-11-19T10:23:53,520|[TRACE] script - #out(`T`) [token]
2021-11-19T10:23:53,520|[TRACE] graph - <------- nonSkippedChar
2021-11-19T10:23:53,520|[TRACE] graph - <----- statementPart
2021-11-19T10:23:53,520|[TRACE] graph - -----> statementPart
2021-11-19T10:23:53,520|[TRACE] graph - -------> nonSkippedSpace
2021-11-19T10:23:53,520|[TRACE] script - #out(` `) [token]
2021-11-19T10:23:53,520|[TRACE] graph - <------- nonSkippedSpace
2021-11-19T10:23:53,520|[TRACE] graph - <----- statementPart
2021-11-19T10:23:53,520|[TRACE] graph - -----> statementPart
2021-11-19T10:23:53,520|[TRACE] graph - -------> nonSkippedChar
2021-11-19T10:23:53,520|[TRACE] script - #out(`N`) [token]
2021-11-19T10:23:53,520|[TRACE] graph - <------- nonSkippedChar
2021-11-19T10:23:53,520|[TRACE] graph - <----- statementPart
2021-11-19T10:23:53,520|[TRACE] graph - -----> statementPart
2021-11-19T10:23:53,520|[TRACE] graph - -------> nonSkippedChar
2021-11-19T10:23:53,520|[TRACE] script - #out(`O`) [token]
2021-11-19T10:23:53,520|[TRACE] graph - <------- nonSkippedChar
2021-11-19T10:23:53,520|[TRACE] graph - <----- statementPart
2021-11-19T10:23:53,520|[TRACE] graph - -----> statementPart
2021-11-19T10:23:53,520|[TRACE] graph - -------> nonSkippedChar
2021-11-19T10:23:53,520|[TRACE] script - #out(`T`) [token]
2021-11-19T10:23:53,520|[TRACE] graph - <------- nonSkippedChar
2021-11-19T10:23:53,520|[TRACE] graph - <----- statementPart
2021-11-19T10:23:53,520|[TRACE] graph - -----> statementPart
2021-11-19T10:23:53,520|[TRACE] graph - -------> nonSkippedSpace
2021-11-19T10:23:53,520|[TRACE] script - #out(` `) [token]
2021-11-19T10:23:53,520|[TRACE] graph - <------- nonSkippedSpace
2021-11-19T10:23:53,520|[TRACE] graph - <----- statementPart
2021-11-19T10:23:53,520|[TRACE] graph - -----> statementPart
2021-11-19T10:23:53,520|[TRACE] graph - -------> nonSkippedChar
2021-11-19T10:23:53,520|[TRACE] script - #out(`N`) [token]
2021-11-19T10:23:53,520|[TRACE] graph - <------- nonSkippedChar
2021-11-19T10:23:53,622|[TRACE] graph - <----- statementPart
2021-11-19T10:23:53,622|[TRACE] graph - -----> statementPart
2021-11-19T10:23:53,622|[TRACE] graph - -------> nonSkippedChar
2021-11-19T10:23:53,622|[TRACE] script - #out(`U`) [token]
2021-11-19T10:23:53,622|[TRACE] graph - <------- nonSkippedChar
2021-11-19T10:23:53,622|[TRACE] graph - <----- statementPart
2021-11-19T10:23:53,622|[TRACE] graph - -----> statementPart
2021-11-19T10:23:53,622|[TRACE] graph - -------> nonSkippedChar
2021-11-19T10:23:53,622|[TRACE] script - #out(`L`) [token]
2021-11-19T10:23:53,622|[TRACE] graph - <------- nonSkippedChar
2021-11-19T10:23:53,622|[TRACE] graph - <----- statementPart
2021-11-19T10:23:53,622|[TRACE] graph - -----> statementPart
2021-11-19T10:23:53,622|[TRACE] graph - -------> nonSkippedChar
2021-11-19T10:23:53,622|[TRACE] script - #out(`L`) [token]
2021-11-19T10:23:53,622|[TRACE] graph - <------- nonSkippedChar
2021-11-19T10:23:53,622|[TRACE] graph - <----- statementPart
2021-11-19T10:23:53,622|[TRACE] graph - -----> statementPart
2021-11-19T10:23:53,622|[TRACE] graph - -------> nonSkippedSpace
2021-11-19T10:23:53,622|[TRACE] script - #out(` `) [token]
2021-11-19T10:23:53,622|[TRACE] graph - <------- nonSkippedSpace
2021-11-19T10:23:53,622|[TRACE] graph - <----- statementPart
2021-11-19T10:23:53,622|[TRACE] graph - -----> statementPart
2021-11-19T10:23:53,622|[TRACE] graph - -------> nonSkippedChar
2021-11-19T10:23:53,622|[TRACE] script - #out(`D`) [token]
2021-11-19T10:23:53,622|[TRACE] graph - <------- nonSkippedChar
2021-11-19T10:23:53,622|[TRACE] graph - <----- statementPart
2021-11-19T10:23:53,622|[TRACE] graph - -----> statementPart
2021-11-19T10:23:53,622|[TRACE] graph - -------> nonSkippedChar
2021-11-19T10:23:53,622|[TRACE] script - #out(`E`) [token]
2021-11-19T10:23:53,622|[TRACE] graph - <------- nonSkippedChar
2021-11-19T10:23:53,622|[TRACE] graph - <----- statementPart
2021-11-19T10:23:53,622|[TRACE] graph - -----> statementPart
2021-11-19T10:23:53,622|[TRACE] graph - -------> nonSkippedChar
2021-11-19T10:23:53,622|[TRACE] script - #out(`F`) [token]
2021-11-19T10:23:53,622|[TRACE] graph - <------- nonSkippedChar
2021-11-19T10:23:53,622|[TRACE] graph - <----- statementPart
2021-11-19T10:23:53,622|[TRACE] graph - -----> statementPart
2021-11-19T10:23:53,622|[TRACE] graph - -------> nonSkippedChar
2021-11-19T10:23:53,622|[TRACE] script - #out(`A`) [token]
2021-11-19T10:23:53,622|[TRACE] graph - <------- nonSkippedChar
2021-11-19T10:23:53,622|[TRACE] graph - <----- statementPart
2021-11-19T10:23:53,622|[TRACE] graph - -----> statementPart
2021-11-19T10:23:53,622|[TRACE] graph - -------> nonSkippedChar
2021-11-19T10:23:53,622|[TRACE] script - #out(`U`) [token]
2021-11-19T10:23:53,622|[TRACE] graph - <------- nonSkippedChar
2021-11-19T10:23:53,622|[TRACE] graph - <----- statementPart
2021-11-19T10:23:53,622|[TRACE] graph - -----> statementPart
2021-11-19T10:23:53,622|[TRACE] graph - -------> nonSkippedChar
2021-11-19T10:23:53,622|[TRACE] script - #out(`L`) [token]
2021-11-19T10:23:53,622|[TRACE] graph - <------- nonSkippedChar
2021-11-19T10:23:53,622|[TRACE] graph - <----- statementPart
2021-11-19T10:23:53,622|[TRACE] graph - -----> statementPart
2021-11-19T10:23:53,623|[TRACE] graph - -------> nonSkippedChar
2021-11-19T10:23:53,623|[TRACE] script - #out(`T`) [token]
2021-11-19T10:23:53,623|[TRACE] graph - <------- nonSkippedChar
2021-11-19T10:23:53,623|[TRACE] graph - <----- statementPart
2021-11-19T10:23:53,623|[TRACE] graph - -----> statementPart
2021-11-19T10:23:53,623|[TRACE] graph - -------> nonSkippedSpace
2021-11-19T10:23:53,623|[TRACE] script - #out(` `) [token]
2021-11-19T10:23:53,623|[TRACE] graph - <------- nonSkippedSpace
2021-11-19T10:23:53,623|[TRACE] graph - <----- statementPart
2021-11-19T10:23:53,623|[TRACE] graph - -----> statementPart
2021-11-19T10:23:53,623|[TRACE] graph - -------> nonSkippedChar
2021-11-19T10:23:53,623|[TRACE] script - #out(`1`) [token]
2021-11-19T10:23:53,623|[TRACE] graph - <------- nonSkippedChar
2021-11-19T10:23:53,623|[TRACE] graph - <----- statementPart
2021-11-19T10:23:53,623|[TRACE] graph - -----> statementPart
2021-11-19T10:23:53,623|[TRACE] graph - -------> nonSkippedChar
2021-11-19T10:23:53,623|[TRACE] script - #out(`,`) [token]
2021-11-19T10:23:53,623|[TRACE] graph - <------- nonSkippedChar
2021-11-19T10:23:53,623|[TRACE] graph - <----- statementPart
2021-11-19T10:23:53,623|[TRACE] graph - -----> afterStatementPartNewline
2021-11-19T10:23:53,623|[TRACE] script - #out(` `) [text]
2021-11-19T10:23:53,623|[TRACE] graph - <----- afterStatementPartNewline
2021-11-19T10:23:53,623|[TRACE] graph - -----> statementPart
2021-11-19T10:23:53,623|[TRACE] graph - -------> nonSkippedSpace
2021-11-19T10:23:53,623|[TRACE] script - #out(` `) [token]
2021-11-19T10:23:53,623|[TRACE] graph - <------- nonSkippedSpace
2021-11-19T10:23:53,623|[TRACE] graph - <----- statementPart
2021-11-19T10:23:53,623|[TRACE] graph - -----> statementPart
2021-11-19T10:23:53,623|[TRACE] graph - -------> nonSkippedSpace
2021-11-19T10:23:53,623|[TRACE] script - #out(` `) [token]
2021-11-19T10:23:53,623|[TRACE] graph - <------- nonSkippedSpace
2021-11-19T10:23:53,623|[TRACE] graph - <----- statementPart
2021-11-19T10:23:53,623|[TRACE] graph - -----> statementPart
2021-11-19T10:23:53,623|[TRACE] graph - -------> nonSkippedChar
2021-11-19T10:23:53,623|[TRACE] script - #out(`P`) [token]
2021-11-19T10:23:53,623|[TRACE] graph - <------- nonSkippedChar
2021-11-19T10:23:53,623|[TRACE] graph - <----- statementPart
2021-11-19T10:23:53,623|[TRACE] graph - -----> statementPart
2021-11-19T10:23:53,623|[TRACE] graph - -------> nonSkippedChar
2021-11-19T10:23:53,623|[TRACE] script - #out(`R`) [token]
2021-11-19T10:23:53,623|[TRACE] graph - <------- nonSkippedChar
2021-11-19T10:23:53,623|[TRACE] graph - <----- statementPart
2021-11-19T10:23:53,623|[TRACE] graph - -----> statementPart
2021-11-19T10:23:53,623|[TRACE] graph - -------> nonSkippedChar
2021-11-19T10:23:53,623|[TRACE] script - #out(`I`) [token]
2021-11-19T10:23:53,623|[TRACE] graph - <------- nonSkippedChar
2021-11-19T10:23:53,623|[TRACE] graph - <----- statementPart
2021-11-19T10:23:53,623|[TRACE] graph - -----> statementPart
2021-11-19T10:23:53,623|[TRACE] graph - -------> nonSkippedChar
2021-11-19T10:23:53,623|[TRACE] script - #out(`M`) [token]
2021-11-19T10:23:53,623|[TRACE] graph - <------- nonSkippedChar
2021-11-19T10:23:53,623|[TRACE] graph - <----- statementPart
2021-11-19T10:23:53,623|[TRACE] graph - -----> statementPart
2021-11-19T10:23:53,623|[TRACE] graph - -------> nonSkippedChar
2021-11-19T10:23:53,623|[TRACE] script - #out(`A`) [token]
2021-11-19T10:23:53,623|[TRACE] graph - <------- nonSkippedChar
2021-11-19T10:23:53,623|[TRACE] graph - <----- statementPart
2021-11-19T10:23:53,623|[TRACE] graph - -----> statementPart
2021-11-19T10:23:53,623|[TRACE] graph - -------> nonSkippedChar
2021-11-19T10:23:53,623|[TRACE] script - #out(`R`) [token]
2021-11-19T10:23:53,623|[TRACE] graph - <------- nonSkippedChar
2021-11-19T10:23:53,623|[TRACE] graph - <----- statementPart
2021-11-19T10:23:53,623|[TRACE] graph - -----> statementPart
2021-11-19T10:23:53,623|[TRACE] graph - -------> nonSkippedChar
2021-11-19T10:23:53,623|[TRACE] script - #out(`Y`) [token]
2021-11-19T10:23:53,623|[TRACE] graph - <------- nonSkippedChar
2021-11-19T10:23:53,623|[TRACE] graph - <----- statementPart
2021-11-19T10:23:53,623|[TRACE] graph - -----> statementPart
2021-11-19T10:23:53,623|[TRACE] graph - -------> nonSkippedSpace
2021-11-19T10:23:53,623|[TRACE] script - #out(` `) [token]
2021-11-19T10:23:53,623|[TRACE] graph - <------- nonSkippedSpace
2021-11-19T10:23:53,623|[TRACE] graph - <----- statementPart
2021-11-19T10:23:53,623|[TRACE] graph - -----> statementPart
2021-11-19T10:23:53,623|[TRACE] graph - -------> nonSkippedChar
2021-11-19T10:23:53,623|[TRACE] script - #out(`K`) [token]
2021-11-19T10:23:53,623|[TRACE] graph - <------- nonSkippedChar
2021-11-19T10:23:53,623|[TRACE] graph - <----- statementPart
2021-11-19T10:23:53,623|[TRACE] graph - -----> statementPart
2021-11-19T10:23:53,623|[TRACE] graph - -------> nonSkippedChar
2021-11-19T10:23:53,623|[TRACE] script - #out(`E`) [token]
2021-11-19T10:23:53,623|[TRACE] graph - <------- nonSkippedChar
2021-11-19T10:23:53,623|[TRACE] graph - <----- statementPart
2021-11-19T10:23:53,623|[TRACE] graph - -----> statementPart
2021-11-19T10:23:53,623|[TRACE] graph - -------> nonSkippedChar
2021-11-19T10:23:53,623|[TRACE] script - #out(`Y`) [token]
2021-11-19T10:23:53,623|[TRACE] graph - <------- nonSkippedChar
2021-11-19T10:23:53,623|[TRACE] graph - <----- statementPart
2021-11-19T10:23:53,623|[TRACE] graph - -----> statementPart
2021-11-19T10:23:53,623|[TRACE] graph - -------> nonSkippedSpace
2021-11-19T10:23:53,623|[TRACE] script - #out(` `) [token]
2021-11-19T10:23:53,623|[TRACE] graph - <------- nonSkippedSpace
2021-11-19T10:23:53,623|[TRACE] graph - <----- statementPart
2021-11-19T10:23:53,623|[TRACE] graph - -----> statementPart
2021-11-19T10:23:53,623|[TRACE] graph - -------> nonSkippedChar
2021-11-19T10:23:53,623|[TRACE] script - #out(`(`) [token]
2021-11-19T10:23:53,623|[TRACE] graph - <------- nonSkippedChar
2021-11-19T10:23:53,623|[TRACE] graph - <----- statementPart
2021-11-19T10:23:53,623|[TRACE] graph - -----> statementPart
2021-11-19T10:23:53,623|[TRACE] graph - -------> quotedString
2021-11-19T10:23:53,623|[TRACE] script - #out(``donation_id``) [token]
2021-11-19T10:23:53,623|[TRACE] graph - <------- quotedString
2021-11-19T10:23:53,623|[TRACE] graph - <----- statementPart
2021-11-19T10:23:53,623|[TRACE] graph - -----> statementPart
2021-11-19T10:23:53,623|[TRACE] graph - -------> nonSkippedChar
2021-11-19T10:23:53,623|[TRACE] script - #out(`)`) [token]
2021-11-19T10:23:53,623|[TRACE] graph - <------- nonSkippedChar
2021-11-19T10:23:53,623|[TRACE] graph - <----- statementPart
2021-11-19T10:23:53,623|[TRACE] graph - -----> statementPart
2021-11-19T10:23:53,623|[TRACE] graph - -------> nonSkippedChar
2021-11-19T10:23:53,623|[TRACE] script - #out(`,`) [token]
2021-11-19T10:23:53,623|[TRACE] graph - <------- nonSkippedChar
2021-11-19T10:23:53,623|[TRACE] graph - <----- statementPart
2021-11-19T10:23:53,623|[TRACE] graph - -----> afterStatementPartNewline
2021-11-19T10:23:53,623|[TRACE] script - #out(` `) [text]
2021-11-19T10:23:53,623|[TRACE] graph - <----- afterStatementPartNewline
2021-11-19T10:23:53,623|[TRACE] graph - -----> statementPart
2021-11-19T10:23:53,623|[TRACE] graph - -------> nonSkippedSpace
2021-11-19T10:23:53,623|[TRACE] script - #out(` `) [token]
2021-11-19T10:23:53,623|[TRACE] graph - <------- nonSkippedSpace
2021-11-19T10:23:53,623|[TRACE] graph - <----- statementPart
2021-11-19T10:23:53,623|[TRACE] graph - -----> statementPart
2021-11-19T10:23:53,623|[TRACE] graph - -------> nonSkippedSpace
2021-11-19T10:23:53,623|[TRACE] script - #out(` `) [token]
2021-11-19T10:23:53,623|[TRACE] graph - <------- nonSkippedSpace
2021-11-19T10:23:53,623|[TRACE] graph - <----- statementPart
2021-11-19T10:23:53,623|[TRACE] graph - -----> statementPart
2021-11-19T10:23:53,623|[TRACE] graph - -------> nonSkippedChar
2021-11-19T10:23:53,623|[TRACE] script - #out(`I`) [token]
2021-11-19T10:23:53,623|[TRACE] graph - <------- nonSkippedChar
2021-11-19T10:23:53,623|[TRACE] graph - <----- statementPart
2021-11-19T10:23:53,623|[TRACE] graph - -----> statementPart
2021-11-19T10:23:53,623|[TRACE] graph - -------> nonSkippedChar
2021-11-19T10:23:53,623|[TRACE] script - #out(`N`) [token]
2021-11-19T10:23:53,623|[TRACE] graph - <------- nonSkippedChar
2021-11-19T10:23:53,623|[TRACE] graph - <----- statementPart
2021-11-19T10:23:53,623|[TRACE] graph - -----> statementPart
2021-11-19T10:23:53,623|[TRACE] graph - -------> nonSkippedChar
2021-11-19T10:23:53,623|[TRACE] script - #out(`D`) [token]
2021-11-19T10:23:53,623|[TRACE] graph - <------- nonSkippedChar
2021-11-19T10:23:53,623|[TRACE] graph - <----- statementPart
2021-11-19T10:23:53,623|[TRACE] graph - -----> statementPart
2021-11-19T10:23:53,623|[TRACE] graph - -------> nonSkippedChar
2021-11-19T10:23:53,623|[TRACE] script - #out(`E`) [token]
2021-11-19T10:23:53,623|[TRACE] graph - <------- nonSkippedChar
2021-11-19T10:23:53,623|[TRACE] graph - <----- statementPart
2021-11-19T10:23:53,623|[TRACE] graph - -----> statementPart
2021-11-19T10:23:53,623|[TRACE] graph - -------> nonSkippedChar
2021-11-19T10:23:53,623|[TRACE] script - #out(`X`) [token]
2021-11-19T10:23:53,623|[TRACE] graph - <------- nonSkippedChar
2021-11-19T10:23:53,623|[TRACE] graph - <----- statementPart
2021-11-19T10:23:53,623|[TRACE] graph - -----> statementPart
2021-11-19T10:23:53,623|[TRACE] graph - -------> nonSkippedSpace
2021-11-19T10:23:53,623|[TRACE] script - #out(` `) [token]
2021-11-19T10:23:53,623|[TRACE] graph - <------- nonSkippedSpace
2021-11-19T10:23:53,623|[TRACE] graph - <----- statementPart
2021-11-19T10:23:53,623|[TRACE] graph - -----> statementPart
2021-11-19T10:23:53,623|[TRACE] graph - -------> quotedString
2021-11-19T10:23:53,623|[TRACE] script - #out(``fk_blood_donation_blood_bank1_idx``) [token]
2021-11-19T10:23:53,623|[TRACE] graph - <------- quotedString
2021-11-19T10:23:53,623|[TRACE] graph - <----- statementPart
2021-11-19T10:23:53,623|[TRACE] graph - -----> statementPart
2021-11-19T10:23:53,623|[TRACE] graph - -------> nonSkippedSpace
2021-11-19T10:23:53,623|[TRACE] script - #out(` `) [token]
2021-11-19T10:23:53,623|[TRACE] graph - <------- nonSkippedSpace
2021-11-19T10:23:53,623|[TRACE] graph - <----- statementPart
2021-11-19T10:23:53,623|[TRACE] graph - -----> statementPart
2021-11-19T10:23:53,623|[TRACE] graph - -------> nonSkippedChar
2021-11-19T10:23:53,623|[TRACE] script - #out(`(`) [token]
2021-11-19T10:23:53,623|[TRACE] graph - <------- nonSkippedChar
2021-11-19T10:23:53,623|[TRACE] graph - <----- statementPart
2021-11-19T10:23:53,623|[TRACE] graph - -----> statementPart
2021-11-19T10:23:53,623|[TRACE] graph - -------> quotedString
2021-11-19T10:23:53,623|[TRACE] script - #out(``bank_id``) [token]
2021-11-19T10:23:53,623|[TRACE] graph - <------- quotedString
2021-11-19T10:23:53,623|[TRACE] graph - <----- statementPart
2021-11-19T10:23:53,623|[TRACE] graph - -----> statementPart
2021-11-19T10:23:53,623|[TRACE] graph - -------> nonSkippedSpace
2021-11-19T10:23:53,623|[TRACE] script - #out(` `) [token]
2021-11-19T10:23:53,623|[TRACE] graph - <------- nonSkippedSpace
2021-11-19T10:23:53,623|[TRACE] graph - <----- statementPart
2021-11-19T10:23:53,623|[TRACE] graph - -----> statementPart
2021-11-19T10:23:53,623|[TRACE] graph - -------> nonSkippedChar
2021-11-19T10:23:53,623|[TRACE] script - #out(`A`) [token]
2021-11-19T10:23:53,623|[TRACE] graph - <------- nonSkippedChar
2021-11-19T10:23:53,623|[TRACE] graph - <----- statementPart
2021-11-19T10:23:53,623|[TRACE] graph - -----> statementPart
2021-11-19T10:23:53,623|[TRACE] graph - -------> nonSkippedChar
2021-11-19T10:23:53,623|[TRACE] script - #out(`S`) [token]
2021-11-19T10:23:53,623|[TRACE] graph - <------- nonSkippedChar
2021-11-19T10:23:53,623|[TRACE] graph - <----- statementPart
2021-11-19T10:23:53,623|[TRACE] graph - -----> statementPart
2021-11-19T10:23:53,623|[TRACE] graph - -------> nonSkippedChar
2021-11-19T10:23:53,623|[TRACE] script - #out(`C`) [token]
2021-11-19T10:23:53,623|[TRACE] graph - <------- nonSkippedChar
2021-11-19T10:23:53,623|[TRACE] graph - <----- statementPart
2021-11-19T10:23:53,623|[TRACE] graph - -----> statementPart
2021-11-19T10:23:53,623|[TRACE] graph - -------> nonSkippedChar
2021-11-19T10:23:53,623|[TRACE] script - #out(`)`) [token]
2021-11-19T10:23:53,623|[TRACE] graph - <------- nonSkippedChar
2021-11-19T10:23:53,623|[TRACE] graph - <----- statementPart
2021-11-19T10:23:53,623|[TRACE] graph - -----> statementPart
2021-11-19T10:23:53,623|[TRACE] graph - -------> nonSkippedSpace
2021-11-19T10:23:53,623|[TRACE] script - #out(` `) [token]
2021-11-19T10:23:53,623|[TRACE] graph - <------- nonSkippedSpace
2021-11-19T10:23:53,623|[TRACE] graph - <----- statementPart
2021-11-19T10:23:53,623|[TRACE] graph - -----> statementPart
2021-11-19T10:23:53,623|[TRACE] graph - -------> nonSkippedChar
2021-11-19T10:23:53,623|[TRACE] script - #out(`V`) [token]
2021-11-19T10:23:53,623|[TRACE] graph - <------- nonSkippedChar
2021-11-19T10:23:53,623|[TRACE] graph - <----- statementPart
2021-11-19T10:23:53,623|[TRACE] graph - -----> statementPart
2021-11-19T10:23:53,623|[TRACE] graph - -------> nonSkippedChar
2021-11-19T10:23:53,623|[TRACE] script - #out(`I`) [token]
2021-11-19T10:23:53,623|[TRACE] graph - <------- nonSkippedChar
2021-11-19T10:23:53,623|[TRACE] graph - <----- statementPart
2021-11-19T10:23:53,623|[TRACE] graph - -----> statementPart
2021-11-19T10:23:53,623|[TRACE] graph - -------> nonSkippedChar
2021-11-19T10:23:53,623|[TRACE] script - #out(`S`) [token]
2021-11-19T10:23:53,623|[TRACE] graph - <------- nonSkippedChar
2021-11-19T10:23:53,623|[TRACE] graph - <----- statementPart
2021-11-19T10:23:53,623|[TRACE] graph - -----> statementPart
2021-11-19T10:23:53,623|[TRACE] graph - -------> nonSkippedChar
2021-11-19T10:23:53,623|[TRACE] script - #out(`I`) [token]
2021-11-19T10:23:53,623|[TRACE] graph - <------- nonSkippedChar
2021-11-19T10:23:53,623|[TRACE] graph - <----- statementPart
2021-11-19T10:23:53,623|[TRACE] graph - -----> statementPart
2021-11-19T10:23:53,623|[TRACE] graph - -------> nonSkippedChar
2021-11-19T10:23:53,623|[TRACE] script - #out(`B`) [token]
2021-11-19T10:23:53,623|[TRACE] graph - <------- nonSkippedChar
2021-11-19T10:23:53,623|[TRACE] graph - <----- statementPart
2021-11-19T10:23:53,623|[TRACE] graph - -----> statementPart
2021-11-19T10:23:53,623|[TRACE] graph - -------> nonSkippedChar
2021-11-19T10:23:53,623|[TRACE] script - #out(`L`) [token]
2021-11-19T10:23:53,623|[TRACE] graph - <------- nonSkippedChar
2021-11-19T10:23:53,623|[TRACE] graph - <----- statementPart
2021-11-19T10:23:53,623|[TRACE] graph - -----> statementPart
2021-11-19T10:23:53,623|[TRACE] graph - -------> nonSkippedChar
2021-11-19T10:23:53,623|[TRACE] script - #out(`E`) [token]
2021-11-19T10:23:53,623|[TRACE] graph - <------- nonSkippedChar
2021-11-19T10:23:53,623|[TRACE] graph - <----- statementPart
2021-11-19T10:23:53,623|[TRACE] graph - -----> statementPart
2021-11-19T10:23:53,623|[TRACE] graph - -------> nonSkippedChar
2021-11-19T10:23:53,623|[TRACE] script - #out(`,`) [token]
2021-11-19T10:23:53,623|[TRACE] graph - <------- nonSkippedChar
2021-11-19T10:23:53,623|[TRACE] graph - <----- statementPart
2021-11-19T10:23:53,623|[TRACE] graph - -----> afterStatementPartNewline
2021-11-19T10:23:53,623|[TRACE] script - #out(` `) [text]
2021-11-19T10:23:53,623|[TRACE] graph - <----- afterStatementPartNewline
2021-11-19T10:23:53,623|[TRACE] graph - -----> statementPart
2021-11-19T10:23:53,623|[TRACE] graph - -------> nonSkippedSpace
2021-11-19T10:23:53,623|[TRACE] script - #out(` `) [token]
2021-11-19T10:23:53,623|[TRACE] graph - <------- nonSkippedSpace
2021-11-19T10:23:53,623|[TRACE] graph - <----- statementPart
2021-11-19T10:23:53,623|[TRACE] graph - -----> statementPart
2021-11-19T10:23:53,623|[TRACE] graph - -------> nonSkippedSpace
2021-11-19T10:23:53,623|[TRACE] script - #out(` `) [token]
2021-11-19T10:23:53,623|[TRACE] graph - <------- nonSkippedSpace
2021-11-19T10:23:53,623|[TRACE] graph - <----- statementPart
2021-11-19T10:23:53,623|[TRACE] graph - -----> statementPart
2021-11-19T10:23:53,623|[TRACE] graph - -------> nonSkippedChar
2021-11-19T10:23:53,623|[TRACE] script - #out(`C`) [token]
2021-11-19T10:23:53,623|[TRACE] graph - <------- nonSkippedChar
2021-11-19T10:23:53,623|[TRACE] graph - <----- statementPart
2021-11-19T10:23:53,623|[TRACE] graph - -----> statementPart
2021-11-19T10:23:53,623|[TRACE] graph - -------> nonSkippedChar
2021-11-19T10:23:53,623|[TRACE] script - #out(`O`) [token]
2021-11-19T10:23:53,623|[TRACE] graph - <------- nonSkippedChar
2021-11-19T10:23:53,623|[TRACE] graph - <----- statementPart
2021-11-19T10:23:53,623|[TRACE] graph - -----> statementPart
2021-11-19T10:23:53,623|[TRACE] graph - -------> nonSkippedChar
2021-11-19T10:23:53,623|[TRACE] script - #out(`N`) [token]
2021-11-19T10:23:53,623|[TRACE] graph - <------- nonSkippedChar
2021-11-19T10:23:53,623|[TRACE] graph - <----- statementPart
2021-11-19T10:23:53,623|[TRACE] graph - -----> statementPart
2021-11-19T10:23:53,623|[TRACE] graph - -------> nonSkippedChar
2021-11-19T10:23:53,623|[TRACE] script - #out(`S`) [token]
2021-11-19T10:23:53,623|[TRACE] graph - <------- nonSkippedChar
2021-11-19T10:23:53,623|[TRACE] graph - <----- statementPart
2021-11-19T10:23:53,623|[TRACE] graph - -----> statementPart
2021-11-19T10:23:53,623|[TRACE] graph - -------> nonSkippedChar
2021-11-19T10:23:53,623|[TRACE] script - #out(`T`) [token]
2021-11-19T10:23:53,623|[TRACE] graph - <------- nonSkippedChar
2021-11-19T10:23:53,623|[TRACE] graph - <----- statementPart
2021-11-19T10:23:53,623|[TRACE] graph - -----> statementPart
2021-11-19T10:23:53,623|[TRACE] graph - -------> nonSkippedChar
2021-11-19T10:23:53,623|[TRACE] script - #out(`R`) [token]
2021-11-19T10:23:53,623|[TRACE] graph - <------- nonSkippedChar
2021-11-19T10:23:53,623|[TRACE] graph - <----- statementPart
2021-11-19T10:23:53,623|[TRACE] graph - -----> statementPart
2021-11-19T10:23:53,623|[TRACE] graph - -------> nonSkippedChar
2021-11-19T10:23:53,623|[TRACE] script - #out(`A`) [token]
2021-11-19T10:23:53,624|[TRACE] graph - <------- nonSkippedChar
2021-11-19T10:23:53,624|[TRACE] graph - <----- statementPart
2021-11-19T10:23:53,624|[TRACE] graph - -----> statementPart
2021-11-19T10:23:53,624|[TRACE] graph - -------> nonSkippedChar
2021-11-19T10:23:53,624|[TRACE] script - #out(`I`) [token]
2021-11-19T10:23:53,624|[TRACE] graph - <------- nonSkippedChar
2021-11-19T10:23:53,624|[TRACE] graph - <----- statementPart
2021-11-19T10:23:53,624|[TRACE] graph - -----> statementPart
2021-11-19T10:23:53,624|[TRACE] graph - -------> nonSkippedChar
2021-11-19T10:23:53,624|[TRACE] script - #out(`N`) [token]
2021-11-19T10:23:53,624|[TRACE] graph - <------- nonSkippedChar
2021-11-19T10:23:53,624|[TRACE] graph - <----- statementPart
2021-11-19T10:23:53,624|[TRACE] graph - -----> statementPart
2021-11-19T10:23:53,624|[TRACE] graph - -------> nonSkippedChar
2021-11-19T10:23:53,624|[TRACE] script - #out(`T`) [token]
2021-11-19T10:23:53,624|[TRACE] graph - <------- nonSkippedChar
2021-11-19T10:23:53,624|[TRACE] graph - <----- statementPart
2021-11-19T10:23:53,624|[TRACE] graph - -----> statementPart
2021-11-19T10:23:53,624|[TRACE] graph - -------> nonSkippedSpace
2021-11-19T10:23:53,624|[TRACE] script - #out(` `) [token]
2021-11-19T10:23:53,624|[TRACE] graph - <------- nonSkippedSpace
2021-11-19T10:23:53,624|[TRACE] graph - <----- statementPart
2021-11-19T10:23:53,624|[TRACE] graph - -----> statementPart
2021-11-19T10:23:53,624|[TRACE] graph - -------> quotedString
2021-11-19T10:23:53,624|[TRACE] script - #out(``fk_blood_donation_blood_bank1``) [token]
2021-11-19T10:23:53,624|[TRACE] graph - <------- quotedString
2021-11-19T10:23:53,624|[TRACE] graph - <----- statementPart
2021-11-19T10:23:53,624|[TRACE] graph - -----> afterStatementPartNewline
2021-11-19T10:23:53,624|[TRACE] script - #out(` `) [text]
2021-11-19T10:23:53,624|[TRACE] graph - <----- afterStatementPartNewline
2021-11-19T10:23:53,624|[TRACE] graph - -----> statementPart
2021-11-19T10:23:53,624|[TRACE] graph - -------> nonSkippedSpace
2021-11-19T10:23:53,624|[TRACE] script - #out(` `) [token]
2021-11-19T10:23:53,624|[TRACE] graph - <------- nonSkippedSpace
2021-11-19T10:23:53,624|[TRACE] graph - <----- statementPart
2021-11-19T10:23:53,624|[TRACE] graph - -----> statementPart
2021-11-19T10:23:53,624|[TRACE] graph - -------> nonSkippedSpace
2021-11-19T10:23:53,624|[TRACE] script - #out(` `) [token]
2021-11-19T10:23:53,624|[TRACE] graph - <------- nonSkippedSpace
2021-11-19T10:23:53,624|[TRACE] graph - <----- statementPart
2021-11-19T10:23:53,624|[TRACE] graph - -----> statementPart
2021-11-19T10:23:53,624|[TRACE] graph - -------> nonSkippedSpace
2021-11-19T10:23:53,624|[TRACE] script - #out(` `) [token]
2021-11-19T10:23:53,624|[TRACE] graph - <------- nonSkippedSpace
2021-11-19T10:23:53,624|[TRACE] graph - <----- statementPart
2021-11-19T10:23:53,624|[TRACE] graph - -----> statementPart
2021-11-19T10:23:53,624|[TRACE] graph - -------> nonSkippedSpace
2021-11-19T10:23:53,624|[TRACE] script - #out(` `) [token]
2021-11-19T10:23:53,624|[TRACE] graph - <------- nonSkippedSpace
2021-11-19T10:23:53,624|[TRACE] graph - <----- statementPart
2021-11-19T10:23:53,624|[TRACE] graph - -----> statementPart
2021-11-19T10:23:53,624|[TRACE] graph - -------> nonSkippedChar
2021-11-19T10:23:53,624|[TRACE] script - #out(`F`) [token]
2021-11-19T10:23:53,624|[TRACE] graph - <------- nonSkippedChar
2021-11-19T10:23:53,624|[TRACE] graph - <----- statementPart
2021-11-19T10:23:53,624|[TRACE] graph - -----> statementPart
2021-11-19T10:23:53,624|[TRACE] graph - -------> nonSkippedChar
2021-11-19T10:23:53,624|[TRACE] script - #out(`O`) [token]
2021-11-19T10:23:53,624|[TRACE] graph - <------- nonSkippedChar
2021-11-19T10:23:53,624|[TRACE] graph - <----- statementPart
2021-11-19T10:23:53,624|[TRACE] graph - -----> statementPart
2021-11-19T10:23:53,624|[TRACE] graph - -------> nonSkippedChar
2021-11-19T10:23:53,624|[TRACE] script - #out(`R`) [token]
2021-11-19T10:23:53,624|[TRACE] graph - <------- nonSkippedChar
2021-11-19T10:23:53,624|[TRACE] graph - <----- statementPart
2021-11-19T10:23:53,624|[TRACE] graph - -----> statementPart
2021-11-19T10:23:53,624|[TRACE] graph - -------> nonSkippedChar
2021-11-19T10:23:53,624|[TRACE] script - #out(`E`) [token]
2021-11-19T10:23:53,624|[TRACE] graph - <------- nonSkippedChar
2021-11-19T10:23:53,624|[TRACE] graph - <----- statementPart
2021-11-19T10:23:53,624|[TRACE] graph - -----> statementPart
2021-11-19T10:23:53,624|[TRACE] graph - -------> nonSkippedChar
2021-11-19T10:23:53,624|[TRACE] script - #out(`I`) [token]
2021-11-19T10:23:53,624|[TRACE] graph - <------- nonSkippedChar
2021-11-19T10:23:53,624|[TRACE] graph - <----- statementPart
2021-11-19T10:23:53,624|[TRACE] graph - -----> statementPart
2021-11-19T10:23:53,624|[TRACE] graph - -------> nonSkippedChar
2021-11-19T10:23:53,624|[TRACE] script - #out(`G`) [token]
2021-11-19T10:23:53,624|[TRACE] graph - <------- nonSkippedChar
2021-11-19T10:23:53,624|[TRACE] graph - <----- statementPart
2021-11-19T10:23:53,624|[TRACE] graph - -----> statementPart
2021-11-19T10:23:53,624|[TRACE] graph - -------> nonSkippedChar
2021-11-19T10:23:53,624|[TRACE] script - #out(`N`) [token]
2021-11-19T10:23:53,624|[TRACE] graph - <------- nonSkippedChar
2021-11-19T10:23:53,624|[TRACE] graph - <----- statementPart
2021-11-19T10:23:53,624|[TRACE] graph - -----> statementPart
2021-11-19T10:23:53,624|[TRACE] graph - -------> nonSkippedSpace
2021-11-19T10:23:53,624|[TRACE] script - #out(` `) [token]
2021-11-19T10:23:53,624|[TRACE] graph - <------- nonSkippedSpace
2021-11-19T10:23:53,624|[TRACE] graph - <----- statementPart
2021-11-19T10:23:53,624|[TRACE] graph - -----> statementPart
2021-11-19T10:23:53,624|[TRACE] graph - -------> nonSkippedChar
2021-11-19T10:23:53,624|[TRACE] script - #out(`K`) [token]
2021-11-19T10:23:53,624|[TRACE] graph - <------- nonSkippedChar
2021-11-19T10:23:53,624|[TRACE] graph - <----- statementPart
2021-11-19T10:23:53,624|[TRACE] graph - -----> statementPart
2021-11-19T10:23:53,624|[TRACE] graph - -------> nonSkippedChar
2021-11-19T10:23:53,624|[TRACE] script - #out(`E`) [token]
2021-11-19T10:23:53,624|[TRACE] graph - <------- nonSkippedChar
2021-11-19T10:23:53,624|[TRACE] graph - <----- statementPart
2021-11-19T10:23:53,624|[TRACE] graph - -----> statementPart
2021-11-19T10:23:53,624|[TRACE] graph - -------> nonSkippedChar
2021-11-19T10:23:53,624|[TRACE] script - #out(`Y`) [token]
2021-11-19T10:23:53,624|[TRACE] graph - <------- nonSkippedChar
2021-11-19T10:23:53,624|[TRACE] graph - <----- statementPart
2021-11-19T10:23:53,624|[TRACE] graph - -----> statementPart
2021-11-19T10:23:53,624|[TRACE] graph - -------> nonSkippedSpace
2021-11-19T10:23:53,624|[TRACE] script - #out(` `) [token]
2021-11-19T10:23:53,624|[TRACE] graph - <------- nonSkippedSpace
2021-11-19T10:23:53,624|[TRACE] graph - <----- statementPart
2021-11-19T10:23:53,624|[TRACE] graph - -----> statementPart
2021-11-19T10:23:53,624|[TRACE] graph - -------> nonSkippedChar
2021-11-19T10:23:53,624|[TRACE] script - #out(`(`) [token]
2021-11-19T10:23:53,624|[TRACE] graph - <------- nonSkippedChar
2021-11-19T10:23:53,624|[TRACE] graph - <----- statementPart
2021-11-19T10:23:53,624|[TRACE] graph - -----> statementPart
2021-11-19T10:23:53,624|[TRACE] graph - -------> quotedString
2021-11-19T10:23:53,624|[TRACE] script - #out(``bank_id``) [token]
2021-11-19T10:23:53,624|[TRACE] graph - <------- quotedString
2021-11-19T10:23:53,624|[TRACE] graph - <----- statementPart
2021-11-19T10:23:53,624|[TRACE] graph - -----> statementPart
2021-11-19T10:23:53,730|[TRACE] graph - -------> nonSkippedChar
2021-11-19T10:23:53,730|[TRACE] script - #out(`)`) [token]
2021-11-19T10:23:53,730|[TRACE] graph - <------- nonSkippedChar
2021-11-19T10:23:53,730|[TRACE] graph - <----- statementPart
2021-11-19T10:23:53,730|[TRACE] graph - -----> afterStatementPartNewline
2021-11-19T10:23:53,730|[TRACE] script - #out(` `) [text]
2021-11-19T10:23:53,730|[TRACE] graph - <----- afterStatementPartNewline
2021-11-19T10:23:53,730|[TRACE] graph - -----> statementPart
2021-11-19T10:23:53,730|[TRACE] graph - -------> nonSkippedSpace
2021-11-19T10:23:53,730|[TRACE] script - #out(` `) [token]
2021-11-19T10:23:53,730|[TRACE] graph - <------- nonSkippedSpace
2021-11-19T10:23:53,730|[TRACE] graph - <----- statementPart
2021-11-19T10:23:53,730|[TRACE] graph - -----> statementPart
2021-11-19T10:23:53,730|[TRACE] graph - -------> nonSkippedSpace
2021-11-19T10:23:53,730|[TRACE] script - #out(` `) [token]
2021-11-19T10:23:53,730|[TRACE] graph - <------- nonSkippedSpace
2021-11-19T10:23:53,730|[TRACE] graph - <----- statementPart
2021-11-19T10:23:53,730|[TRACE] graph - -----> statementPart
2021-11-19T10:23:53,730|[TRACE] graph - -------> nonSkippedSpace
2021-11-19T10:23:53,730|[TRACE] script - #out(` `) [token]
2021-11-19T10:23:53,730|[TRACE] graph - <------- nonSkippedSpace
2021-11-19T10:23:53,730|[TRACE] graph - <----- statementPart
2021-11-19T10:23:53,730|[TRACE] graph - -----> statementPart
2021-11-19T10:23:53,730|[TRACE] graph - -------> nonSkippedSpace
2021-11-19T10:23:53,730|[TRACE] script - #out(` `) [token]
2021-11-19T10:23:53,730|[TRACE] graph - <------- nonSkippedSpace
2021-11-19T10:23:53,730|[TRACE] graph - <----- statementPart
2021-11-19T10:23:53,730|[TRACE] graph - -----> statementPart
2021-11-19T10:23:53,730|[TRACE] graph - -------> nonSkippedChar
2021-11-19T10:23:53,730|[TRACE] script - #out(`R`) [token]
2021-11-19T10:23:53,730|[TRACE] graph - <------- nonSkippedChar
2021-11-19T10:23:53,730|[TRACE] graph - <----- statementPart
2021-11-19T10:23:53,730|[TRACE] graph - -----> statementPart
2021-11-19T10:23:53,730|[TRACE] graph - -------> nonSkippedChar
2021-11-19T10:23:53,730|[TRACE] script - #out(`E`) [token]
2021-11-19T10:23:53,730|[TRACE] graph - <------- nonSkippedChar
2021-11-19T10:23:53,730|[TRACE] graph - <----- statementPart
2021-11-19T10:23:53,730|[TRACE] graph - -----> statementPart
2021-11-19T10:23:53,730|[TRACE] graph - -------> nonSkippedChar
2021-11-19T10:23:53,730|[TRACE] script - #out(`F`) [token]
2021-11-19T10:23:53,730|[TRACE] graph - <------- nonSkippedChar
2021-11-19T10:23:53,730|[TRACE] graph - <----- statementPart
2021-11-19T10:23:53,730|[TRACE] graph - -----> statementPart
2021-11-19T10:23:53,730|[TRACE] graph - -------> nonSkippedChar
2021-11-19T10:23:53,730|[TRACE] script - #out(`E`) [token]
2021-11-19T10:23:53,730|[TRACE] graph - <------- nonSkippedChar
2021-11-19T10:23:53,730|[TRACE] graph - <----- statementPart
2021-11-19T10:23:53,730|[TRACE] graph - -----> statementPart
2021-11-19T10:23:53,730|[TRACE] graph - -------> nonSkippedChar
2021-11-19T10:23:53,730|[TRACE] script - #out(`R`) [token]
2021-11-19T10:23:53,730|[TRACE] graph - <------- nonSkippedChar
2021-11-19T10:23:53,730|[TRACE] graph - <----- statementPart
2021-11-19T10:23:53,730|[TRACE] graph - -----> statementPart
2021-11-19T10:23:53,730|[TRACE] graph - -------> nonSkippedChar
2021-11-19T10:23:53,730|[TRACE] script - #out(`E`) [token]
2021-11-19T10:23:53,730|[TRACE] graph - <------- nonSkippedChar
2021-11-19T10:23:53,730|[TRACE] graph - <----- statementPart
2021-11-19T10:23:53,730|[TRACE] graph - -----> statementPart
2021-11-19T10:23:53,730|[TRACE] graph - -------> nonSkippedChar
2021-11-19T10:23:53,730|[TRACE] script - #out(`N`) [token]
2021-11-19T10:23:53,730|[TRACE] graph - <------- nonSkippedChar
2021-11-19T10:23:53,730|[TRACE] graph - <----- statementPart
2021-11-19T10:23:53,730|[TRACE] graph - -----> statementPart
2021-11-19T10:23:53,730|[TRACE] graph - -------> nonSkippedChar
2021-11-19T10:23:53,730|[TRACE] script - #out(`C`) [token]
2021-11-19T10:23:53,730|[TRACE] graph - <------- nonSkippedChar
2021-11-19T10:23:53,730|[TRACE] graph - <----- statementPart
2021-11-19T10:23:53,730|[TRACE] graph - -----> statementPart
2021-11-19T10:23:53,730|[TRACE] graph - -------> nonSkippedChar
2021-11-19T10:23:53,730|[TRACE] script - #out(`E`) [token]
2021-11-19T10:23:53,730|[TRACE] graph - <------- nonSkippedChar
2021-11-19T10:23:53,730|[TRACE] graph - <----- statementPart
2021-11-19T10:23:53,730|[TRACE] graph - -----> statementPart
2021-11-19T10:23:53,730|[TRACE] graph - -------> nonSkippedChar
2021-11-19T10:23:53,730|[TRACE] script - #out(`S`) [token]
2021-11-19T10:23:53,730|[TRACE] graph - <------- nonSkippedChar
2021-11-19T10:23:53,730|[TRACE] graph - <----- statementPart
2021-11-19T10:23:53,730|[TRACE] graph - -----> statementPart
2021-11-19T10:23:53,730|[TRACE] graph - -------> nonSkippedSpace
2021-11-19T10:23:53,730|[TRACE] script - #out(` `) [token]
2021-11-19T10:23:53,730|[TRACE] graph - <------- nonSkippedSpace
2021-11-19T10:23:53,730|[TRACE] graph - <----- statementPart
2021-11-19T10:23:53,730|[TRACE] graph - -----> statementPart
2021-11-19T10:23:53,730|[TRACE] graph - -------> quotedString
2021-11-19T10:23:53,730|[TRACE] script - #out(``bloodbank``) [token]
2021-11-19T10:23:53,730|[TRACE] graph - <------- quotedString
2021-11-19T10:23:53,730|[TRACE] graph - <----- statementPart
2021-11-19T10:23:53,730|[TRACE] graph - -----> statementPart
2021-11-19T10:23:53,730|[TRACE] graph - -------> nonSkippedChar
2021-11-19T10:23:53,730|[TRACE] script - #out(`.`) [token]
2021-11-19T10:23:53,730|[TRACE] graph - <------- nonSkippedChar
2021-11-19T10:23:53,730|[TRACE] graph - <----- statementPart
2021-11-19T10:23:53,730|[TRACE] graph - -----> statementPart
2021-11-19T10:23:53,730|[TRACE] graph - -------> quotedString
2021-11-19T10:23:53,730|[TRACE] script - #out(``blood_bank``) [token]
2021-11-19T10:23:53,730|[TRACE] graph - <------- quotedString
2021-11-19T10:23:53,730|[TRACE] graph - <----- statementPart
2021-11-19T10:23:53,730|[TRACE] graph - -----> statementPart
2021-11-19T10:23:53,730|[TRACE] graph - -------> nonSkippedSpace
2021-11-19T10:23:53,730|[TRACE] script - #out(` `) [token]
2021-11-19T10:23:53,730|[TRACE] graph - <------- nonSkippedSpace
2021-11-19T10:23:53,730|[TRACE] graph - <----- statementPart
2021-11-19T10:23:53,730|[TRACE] graph - -----> statementPart
2021-11-19T10:23:53,730|[TRACE] graph - -------> nonSkippedChar
2021-11-19T10:23:53,730|[TRACE] script - #out(`(`) [token]
2021-11-19T10:23:53,730|[TRACE] graph - <------- nonSkippedChar
2021-11-19T10:23:53,730|[TRACE] graph - <----- statementPart
2021-11-19T10:23:53,730|[TRACE] graph - -----> statementPart
2021-11-19T10:23:53,730|[TRACE] graph - -------> quotedString
2021-11-19T10:23:53,730|[TRACE] script - #out(``bank_id``) [token]
2021-11-19T10:23:53,730|[TRACE] graph - <------- quotedString
2021-11-19T10:23:53,730|[TRACE] graph - <----- statementPart
2021-11-19T10:23:53,730|[TRACE] graph - -----> statementPart
2021-11-19T10:23:53,730|[TRACE] graph - -------> nonSkippedChar
2021-11-19T10:23:53,730|[TRACE] script - #out(`)`) [token]
2021-11-19T10:23:53,730|[TRACE] graph - <------- nonSkippedChar
2021-11-19T10:23:53,730|[TRACE] graph - <----- statementPart
2021-11-19T10:23:53,730|[TRACE] graph - -----> afterStatementPartNewline
2021-11-19T10:23:53,730|[TRACE] script - #out(` `) [text]
2021-11-19T10:23:53,730|[TRACE] graph - <----- afterStatementPartNewline
2021-11-19T10:23:53,730|[TRACE] graph - -----> statementPart
2021-11-19T10:23:53,730|[TRACE] graph - -------> nonSkippedSpace
2021-11-19T10:23:53,730|[TRACE] script - #out(` `) [token]
2021-11-19T10:23:53,730|[TRACE] graph - <------- nonSkippedSpace
2021-11-19T10:23:53,730|[TRACE] graph - <----- statementPart
2021-11-19T10:23:53,730|[TRACE] graph - -----> statementPart
2021-11-19T10:23:53,730|[TRACE] graph - -------> nonSkippedSpace
2021-11-19T10:23:53,730|[TRACE] script - #out(` `) [token]
2021-11-19T10:23:53,730|[TRACE] graph - <------- nonSkippedSpace
2021-11-19T10:23:53,730|[TRACE] graph - <----- statementPart
2021-11-19T10:23:53,730|[TRACE] graph - -----> statementPart
2021-11-19T10:23:53,730|[TRACE] graph - -------> nonSkippedSpace
2021-11-19T10:23:53,730|[TRACE] script - #out(` `) [token]
2021-11-19T10:23:53,730|[TRACE] graph - <------- nonSkippedSpace
2021-11-19T10:23:53,730|[TRACE] graph - <----- statementPart
2021-11-19T10:23:53,730|[TRACE] graph - -----> statementPart
2021-11-19T10:23:53,730|[TRACE] graph - -------> nonSkippedSpace
2021-11-19T10:23:53,730|[TRACE] script - #out(` `) [token]
2021-11-19T10:23:53,730|[TRACE] graph - <------- nonSkippedSpace
2021-11-19T10:23:53,730|[TRACE] graph - <----- statementPart
2021-11-19T10:23:53,730|[TRACE] graph - -----> statementPart
2021-11-19T10:23:53,730|[TRACE] graph - -------> nonSkippedChar
2021-11-19T10:23:53,730|[TRACE] script - #out(`O`) [token]
2021-11-19T10:23:53,730|[TRACE] graph - <------- nonSkippedChar
2021-11-19T10:23:53,730|[TRACE] graph - <----- statementPart
2021-11-19T10:23:53,730|[TRACE] graph - -----> statementPart
2021-11-19T10:23:53,730|[TRACE] graph - -------> nonSkippedChar
2021-11-19T10:23:53,730|[TRACE] script - #out(`N`) [token]
2021-11-19T10:23:53,731|[TRACE] graph - <------- nonSkippedChar
2021-11-19T10:23:53,731|[TRACE] graph - <----- statementPart
2021-11-19T10:23:53,731|[TRACE] graph - -----> statementPart
2021-11-19T10:23:53,731|[TRACE] graph - -------> nonSkippedSpace
2021-11-19T10:23:53,731|[TRACE] script - #out(` `) [token]
2021-11-19T10:23:53,731|[TRACE] graph - <------- nonSkippedSpace
2021-11-19T10:23:53,731|[TRACE] graph - <----- statementPart
2021-11-19T10:23:53,731|[TRACE] graph - -----> statementPart
2021-11-19T10:23:53,731|[TRACE] graph - -------> nonSkippedChar
2021-11-19T10:23:53,731|[TRACE] script - #out(`D`) [token]
2021-11-19T10:23:53,731|[TRACE] graph - <------- nonSkippedChar
2021-11-19T10:23:53,731|[TRACE] graph - <----- statementPart
2021-11-19T10:23:53,731|[TRACE] graph - -----> statementPart
2021-11-19T10:23:53,731|[TRACE] graph - -------> nonSkippedChar
2021-11-19T10:23:53,731|[TRACE] script - #out(`E`) [token]
2021-11-19T10:23:53,731|[TRACE] graph - <------- nonSkippedChar
2021-11-19T10:23:53,731|[TRACE] graph - <----- statementPart
2021-11-19T10:23:53,731|[TRACE] graph - -----> statementPart
2021-11-19T10:23:53,731|[TRACE] graph - -------> nonSkippedChar
2021-11-19T10:23:53,731|[TRACE] script - #out(`L`) [token]
2021-11-19T10:23:53,731|[TRACE] graph - <------- nonSkippedChar
2021-11-19T10:23:53,731|[TRACE] graph - <----- statementPart
2021-11-19T10:23:53,731|[TRACE] graph - -----> statementPart
2021-11-19T10:23:53,731|[TRACE] graph - -------> nonSkippedChar
2021-11-19T10:23:53,731|[TRACE] script - #out(`E`) [token]
2021-11-19T10:23:53,731|[TRACE] graph - <------- nonSkippedChar
2021-11-19T10:23:53,731|[TRACE] graph - <----- statementPart
2021-11-19T10:23:53,731|[TRACE] graph - -----> statementPart
2021-11-19T10:23:53,731|[TRACE] graph - -------> nonSkippedChar
2021-11-19T10:23:53,731|[TRACE] script - #out(`T`) [token]
2021-11-19T10:23:53,731|[TRACE] graph - <------- nonSkippedChar
2021-11-19T10:23:53,731|[TRACE] graph - <----- statementPart
2021-11-19T10:23:53,731|[TRACE] graph - -----> statementPart
2021-11-19T10:23:53,731|[TRACE] graph - -------> nonSkippedChar
2021-11-19T10:23:53,731|[TRACE] script - #out(`E`) [token]
2021-11-19T10:23:53,731|[TRACE] graph - <------- nonSkippedChar
2021-11-19T10:23:53,731|[TRACE] graph - <----- statementPart
2021-11-19T10:23:53,731|[TRACE] graph - -----> statementPart
2021-11-19T10:23:53,731|[TRACE] graph - -------> nonSkippedSpace
2021-11-19T10:23:53,731|[TRACE] script - #out(` `) [token]
2021-11-19T10:23:53,731|[TRACE] graph - <------- nonSkippedSpace
2021-11-19T10:23:53,731|[TRACE] graph - <----- statementPart
2021-11-19T10:23:53,731|[TRACE] graph - -----> statementPart
2021-11-19T10:23:53,731|[TRACE] graph - -------> nonSkippedChar
2021-11-19T10:23:53,731|[TRACE] script - #out(`N`) [token]
2021-11-19T10:23:53,731|[TRACE] graph - <------- nonSkippedChar
2021-11-19T10:23:53,731|[TRACE] graph - <----- statementPart
2021-11-19T10:23:53,731|[TRACE] graph - -----> statementPart
2021-11-19T10:23:53,731|[TRACE] graph - -------> nonSkippedChar
2021-11-19T10:23:53,731|[TRACE] script - #out(`O`) [token]
2021-11-19T10:23:53,731|[TRACE] graph - <------- nonSkippedChar
2021-11-19T10:23:53,731|[TRACE] graph - <----- statementPart
2021-11-19T10:23:53,731|[TRACE] graph - -----> statementPart
2021-11-19T10:23:53,731|[TRACE] graph - -------> nonSkippedSpace
2021-11-19T10:23:53,731|[TRACE] script - #out(` `) [token]
2021-11-19T10:23:53,731|[TRACE] graph - <------- nonSkippedSpace
2021-11-19T10:23:53,731|[TRACE] graph - <----- statementPart
2021-11-19T10:23:53,731|[TRACE] graph - -----> statementPart
2021-11-19T10:23:53,731|[TRACE] graph - -------> nonSkippedChar
2021-11-19T10:23:53,731|[TRACE] script - #out(`A`) [token]
2021-11-19T10:23:53,731|[TRACE] graph - <------- nonSkippedChar
2021-11-19T10:23:53,731|[TRACE] graph - <----- statementPart
2021-11-19T10:23:53,731|[TRACE] graph - -----> statementPart
2021-11-19T10:23:53,731|[TRACE] graph - -------> nonSkippedChar
2021-11-19T10:23:53,731|[TRACE] script - #out(`C`) [token]
2021-11-19T10:23:53,731|[TRACE] graph - <------- nonSkippedChar
2021-11-19T10:23:53,731|[TRACE] graph - <----- statementPart
2021-11-19T10:23:53,731|[TRACE] graph - -----> statementPart
2021-11-19T10:23:53,731|[TRACE] graph - -------> nonSkippedChar
2021-11-19T10:23:53,731|[TRACE] script - #out(`T`) [token]
2021-11-19T10:23:53,731|[TRACE] graph - <------- nonSkippedChar
2021-11-19T10:23:53,731|[TRACE] graph - <----- statementPart
2021-11-19T10:23:53,731|[TRACE] graph - -----> statementPart
2021-11-19T10:23:53,731|[TRACE] graph - -------> nonSkippedChar
2021-11-19T10:23:53,731|[TRACE] script - #out(`I`) [token]
2021-11-19T10:23:53,731|[TRACE] graph - <------- nonSkippedChar
2021-11-19T10:23:53,731|[TRACE] graph - <----- statementPart
2021-11-19T10:23:53,731|[TRACE] graph - -----> statementPart
2021-11-19T10:23:53,731|[TRACE] graph - -------> nonSkippedChar
2021-11-19T10:23:53,731|[TRACE] script - #out(`O`) [token]
2021-11-19T10:23:53,731|[TRACE] graph - <------- nonSkippedChar
2021-11-19T10:23:53,731|[TRACE] graph - <----- statementPart
2021-11-19T10:23:53,731|[TRACE] graph - -----> statementPart
2021-11-19T10:23:53,731|[TRACE] graph - -------> nonSkippedChar
2021-11-19T10:23:53,731|[TRACE] script - #out(`N`) [token]
2021-11-19T10:23:53,731|[TRACE] graph - <------- nonSkippedChar
2021-11-19T10:23:53,731|[TRACE] graph - <----- statementPart
2021-11-19T10:23:53,731|[TRACE] graph - -----> afterStatementPartNewline
2021-11-19T10:23:53,731|[TRACE] script - #out(` `) [text]
2021-11-19T10:23:53,731|[TRACE] graph - <----- afterStatementPartNewline
2021-11-19T10:23:53,731|[TRACE] graph - -----> statementPart
2021-11-19T10:23:53,731|[TRACE] graph - -------> nonSkippedSpace
2021-11-19T10:23:53,731|[TRACE] script - #out(` `) [token]
2021-11-19T10:23:53,731|[TRACE] graph - <------- nonSkippedSpace
2021-11-19T10:23:53,731|[TRACE] graph - <----- statementPart
2021-11-19T10:23:53,731|[TRACE] graph - -----> statementPart
2021-11-19T10:23:53,731|[TRACE] graph - -------> nonSkippedSpace
2021-11-19T10:23:53,731|[TRACE] script - #out(` `) [token]
2021-11-19T10:23:53,731|[TRACE] graph - <------- nonSkippedSpace
2021-11-19T10:23:53,731|[TRACE] graph - <----- statementPart
2021-11-19T10:23:53,731|[TRACE] graph - -----> statementPart
2021-11-19T10:23:53,731|[TRACE] graph - -------> nonSkippedSpace
2021-11-19T10:23:53,731|[TRACE] script - #out(` `) [token]
2021-11-19T10:23:53,731|[TRACE] graph - <------- nonSkippedSpace
2021-11-19T10:23:53,731|[TRACE] graph - <----- statementPart
2021-11-19T10:23:53,731|[TRACE] graph - -----> statementPart
2021-11-19T10:23:53,731|[TRACE] graph - -------> nonSkippedSpace
2021-11-19T10:23:53,731|[TRACE] script - #out(` `) [token]
2021-11-19T10:23:53,731|[TRACE] graph - <------- nonSkippedSpace
2021-11-19T10:23:53,731|[TRACE] graph - <----- statementPart
2021-11-19T10:23:53,731|[TRACE] graph - -----> statementPart
2021-11-19T10:23:53,731|[TRACE] graph - -------> nonSkippedChar
2021-11-19T10:23:53,731|[TRACE] script - #out(`O`) [token]
2021-11-19T10:23:53,731|[TRACE] graph - <------- nonSkippedChar
2021-11-19T10:23:53,731|[TRACE] graph - <----- statementPart
2021-11-19T10:23:53,731|[TRACE] graph - -----> statementPart
2021-11-19T10:23:53,731|[TRACE] graph - -------> nonSkippedChar
2021-11-19T10:23:53,731|[TRACE] script - #out(`N`) [token]
2021-11-19T10:23:53,731|[TRACE] graph - <------- nonSkippedChar
2021-11-19T10:23:53,731|[TRACE] graph - <----- statementPart
2021-11-19T10:23:53,731|[TRACE] graph - -----> statementPart
2021-11-19T10:23:53,731|[TRACE] graph - -------> nonSkippedSpace
2021-11-19T10:23:53,731|[TRACE] script - #out(` `) [token]
2021-11-19T10:23:53,731|[TRACE] graph - <------- nonSkippedSpace
2021-11-19T10:23:53,731|[TRACE] graph - <----- statementPart
2021-11-19T10:23:53,731|[TRACE] graph - -----> statementPart
2021-11-19T10:23:53,731|[TRACE] graph - -------> nonSkippedChar
2021-11-19T10:23:53,731|[TRACE] script - #out(`U`) [token]
2021-11-19T10:23:53,731|[TRACE] graph - <------- nonSkippedChar
2021-11-19T10:23:53,731|[TRACE] graph - <----- statementPart
2021-11-19T10:23:53,731|[TRACE] graph - -----> statementPart
2021-11-19T10:23:53,731|[TRACE] graph - -------> nonSkippedChar
2021-11-19T10:23:53,731|[TRACE] script - #out(`P`) [token]
2021-11-19T10:23:53,731|[TRACE] graph - <------- nonSkippedChar
2021-11-19T10:23:53,731|[TRACE] graph - <----- statementPart
2021-11-19T10:23:53,731|[TRACE] graph - -----> statementPart
2021-11-19T10:23:53,731|[TRACE] graph - -------> nonSkippedChar
2021-11-19T10:23:53,731|[TRACE] script - #out(`D`) [token]
2021-11-19T10:23:53,731|[TRACE] graph - <------- nonSkippedChar
2021-11-19T10:23:53,731|[TRACE] graph - <----- statementPart
2021-11-19T10:23:53,731|[TRACE] graph - -----> statementPart
2021-11-19T10:23:53,731|[TRACE] graph - -------> nonSkippedChar
2021-11-19T10:23:53,731|[TRACE] script - #out(`A`) [token]
2021-11-19T10:23:53,731|[TRACE] graph - <------- nonSkippedChar
2021-11-19T10:23:53,731|[TRACE] graph - <----- statementPart
2021-11-19T10:23:53,731|[TRACE] graph - -----> statementPart
2021-11-19T10:23:53,731|[TRACE] graph - -------> nonSkippedChar
2021-11-19T10:23:53,731|[TRACE] script - #out(`T`) [token]
2021-11-19T10:23:53,731|[TRACE] graph - <------- nonSkippedChar
2021-11-19T10:23:53,731|[TRACE] graph - <----- statementPart
2021-11-19T10:23:53,731|[TRACE] graph - -----> statementPart
2021-11-19T10:23:53,731|[TRACE] graph - -------> nonSkippedChar
2021-11-19T10:23:53,731|[TRACE] script - #out(`E`) [token]
2021-11-19T10:23:53,731|[TRACE] graph - <------- nonSkippedChar
2021-11-19T10:23:53,731|[TRACE] graph - <----- statementPart
2021-11-19T10:23:53,731|[TRACE] graph - -----> statementPart
2021-11-19T10:23:53,731|[TRACE] graph - -------> nonSkippedSpace
2021-11-19T10:23:53,731|[TRACE] script - #out(` `) [token]
2021-11-19T10:23:53,731|[TRACE] graph - <------- nonSkippedSpace
2021-11-19T10:23:53,731|[TRACE] graph - <----- statementPart
2021-11-19T10:23:53,731|[TRACE] graph - -----> statementPart
2021-11-19T10:23:53,731|[TRACE] graph - -------> nonSkippedChar
2021-11-19T10:23:53,731|[TRACE] script - #out(`N`) [token]
2021-11-19T10:23:53,731|[TRACE] graph - <------- nonSkippedChar
2021-11-19T10:23:53,731|[TRACE] graph - <----- statementPart
2021-11-19T10:23:53,731|[TRACE] graph - -----> statementPart
2021-11-19T10:23:53,731|[TRACE] graph - -------> nonSkippedChar
2021-11-19T10:23:53,731|[TRACE] script - #out(`O`) [token]
2021-11-19T10:23:53,731|[TRACE] graph - <------- nonSkippedChar
2021-11-19T10:23:53,731|[TRACE] graph - <----- statementPart
2021-11-19T10:23:53,731|[TRACE] graph - -----> statementPart
2021-11-19T10:23:53,731|[TRACE] graph - -------> nonSkippedSpace
2021-11-19T10:23:53,731|[TRACE] script - #out(` `) [token]
2021-11-19T10:23:53,731|[TRACE] graph - <------- nonSkippedSpace
2021-11-19T10:23:53,731|[TRACE] graph - <----- statementPart
2021-11-19T10:23:53,731|[TRACE] graph - -----> statementPart
2021-11-19T10:23:53,731|[TRACE] graph - -------> nonSkippedChar
2021-11-19T10:23:53,731|[TRACE] script - #out(`A`) [token]
2021-11-19T10:23:53,731|[TRACE] graph - <------- nonSkippedChar
2021-11-19T10:23:53,731|[TRACE] graph - <----- statementPart
2021-11-19T10:23:53,731|[TRACE] graph - -----> statementPart
2021-11-19T10:23:53,731|[TRACE] graph - -------> nonSkippedChar
2021-11-19T10:23:53,731|[TRACE] script - #out(`C`) [token]
2021-11-19T10:23:53,731|[TRACE] graph - <------- nonSkippedChar
2021-11-19T10:23:53,731|[TRACE] graph - <----- statementPart
2021-11-19T10:23:53,731|[TRACE] graph - -----> statementPart
2021-11-19T10:23:53,731|[TRACE] graph - -------> nonSkippedChar
2021-11-19T10:23:53,731|[TRACE] script - #out(`T`) [token]
2021-11-19T10:23:53,731|[TRACE] graph - <------- nonSkippedChar
2021-11-19T10:23:53,731|[TRACE] graph - <----- statementPart
2021-11-19T10:23:53,731|[TRACE] graph - -----> statementPart
2021-11-19T10:23:53,731|[TRACE] graph - -------> nonSkippedChar
2021-11-19T10:23:53,731|[TRACE] script - #out(`I`) [token]
2021-11-19T10:23:53,731|[TRACE] graph - <------- nonSkippedChar
2021-11-19T10:23:53,731|[TRACE] graph - <----- statementPart
2021-11-19T10:23:53,731|[TRACE] graph - -----> statementPart
2021-11-19T10:23:53,731|[TRACE] graph - -------> nonSkippedChar
2021-11-19T10:23:53,731|[TRACE] script - #out(`O`) [token]
2021-11-19T10:23:53,731|[TRACE] graph - <------- nonSkippedChar
2021-11-19T10:23:53,731|[TRACE] graph - <----- statementPart
2021-11-19T10:23:53,731|[TRACE] graph - -----> statementPart
2021-11-19T10:23:53,731|[TRACE] graph - -------> nonSkippedChar
2021-11-19T10:23:53,731|[TRACE] script - #out(`N`) [token]
2021-11-19T10:23:53,731|[TRACE] graph - <------- nonSkippedChar
2021-11-19T10:23:53,731|[TRACE] graph - <----- statementPart
2021-11-19T10:23:53,731|[TRACE] graph - -----> statementPart
2021-11-19T10:23:53,731|[TRACE] graph - -------> nonSkippedChar
2021-11-19T10:23:53,731|[TRACE] script - #out(`)`) [token]
2021-11-19T10:23:53,731|[TRACE] graph - <------- nonSkippedChar
2021-11-19T10:23:53,731|[TRACE] graph - <----- statementPart
2021-11-19T10:23:53,731|[TRACE] graph - -----> afterStatementPartNewline
2021-11-19T10:23:53,731|[TRACE] script - #out(` `) [text]
2021-11-19T10:23:53,731|[TRACE] graph - <----- afterStatementPartNewline
2021-11-19T10:23:53,731|[TRACE] graph - -----> statementPart
2021-11-19T10:23:53,731|[TRACE] graph - -------> nonSkippedChar
2021-11-19T10:23:53,731|[TRACE] script - #out(`E`) [token]
2021-11-19T10:23:53,731|[TRACE] graph - <------- nonSkippedChar
2021-11-19T10:23:53,731|[TRACE] graph - <----- statementPart
2021-11-19T10:23:53,731|[TRACE] graph - -----> statementPart
2021-11-19T10:23:53,731|[TRACE] graph - -------> nonSkippedChar
2021-11-19T10:23:53,731|[TRACE] script - #out(`N`) [token]
2021-11-19T10:23:53,731|[TRACE] graph - <------- nonSkippedChar
2021-11-19T10:23:53,731|[TRACE] graph - <----- statementPart
2021-11-19T10:23:53,731|[TRACE] graph - -----> statementPart
2021-11-19T10:23:53,731|[TRACE] graph - -------> nonSkippedChar
2021-11-19T10:23:53,731|[TRACE] script - #out(`G`) [token]
2021-11-19T10:23:53,731|[TRACE] graph - <------- nonSkippedChar
2021-11-19T10:23:53,731|[TRACE] graph - <----- statementPart
2021-11-19T10:23:53,731|[TRACE] graph - -----> statementPart
2021-11-19T10:23:53,731|[TRACE] graph - -------> nonSkippedChar
2021-11-19T10:23:53,731|[TRACE] script - #out(`I`) [token]
2021-11-19T10:23:53,731|[TRACE] graph - <------- nonSkippedChar
2021-11-19T10:23:53,731|[TRACE] graph - <----- statementPart
2021-11-19T10:23:53,731|[TRACE] graph - -----> statementPart
2021-11-19T10:23:53,731|[TRACE] graph - -------> nonSkippedChar
2021-11-19T10:23:53,731|[TRACE] script - #out(`N`) [token]
2021-11-19T10:23:53,731|[TRACE] graph - <------- nonSkippedChar
2021-11-19T10:23:53,731|[TRACE] graph - <----- statementPart
2021-11-19T10:23:53,731|[TRACE] graph - -----> statementPart
2021-11-19T10:23:53,731|[TRACE] graph - -------> nonSkippedChar
2021-11-19T10:23:53,731|[TRACE] script - #out(`E`) [token]
2021-11-19T10:23:53,731|[TRACE] graph - <------- nonSkippedChar
2021-11-19T10:23:53,731|[TRACE] graph - <----- statementPart
2021-11-19T10:23:53,731|[TRACE] graph - -----> statementPart
2021-11-19T10:23:53,731|[TRACE] graph - -------> nonSkippedSpace
2021-11-19T10:23:53,731|[TRACE] script - #out(` `) [token]
2021-11-19T10:23:53,731|[TRACE] graph - <------- nonSkippedSpace
2021-11-19T10:23:53,731|[TRACE] graph - <----- statementPart
2021-11-19T10:23:53,731|[TRACE] graph - -----> statementPart
2021-11-19T10:23:53,731|[TRACE] graph - -------> nonSkippedChar
2021-11-19T10:23:53,731|[TRACE] script - #out(`=`) [token]
2021-11-19T10:23:53,731|[TRACE] graph - <------- nonSkippedChar
2021-11-19T10:23:53,731|[TRACE] graph - <----- statementPart
2021-11-19T10:23:53,731|[TRACE] graph - -----> statementPart
2021-11-19T10:23:53,731|[TRACE] graph - -------> nonSkippedSpace
2021-11-19T10:23:53,731|[TRACE] script - #out(` `) [token]
2021-11-19T10:23:53,731|[TRACE] graph - <------- nonSkippedSpace
2021-11-19T10:23:53,731|[TRACE] graph - <----- statementPart
2021-11-19T10:23:53,731|[TRACE] graph - -----> statementPart
2021-11-19T10:23:53,731|[TRACE] graph - -------> nonSkippedChar
2021-11-19T10:23:53,731|[TRACE] script - #out(`I`) [token]
2021-11-19T10:23:53,731|[TRACE] graph - <------- nonSkippedChar
2021-11-19T10:23:53,731|[TRACE] graph - <----- statementPart
2021-11-19T10:23:53,731|[TRACE] graph - -----> statementPart
2021-11-19T10:23:53,731|[TRACE] graph - -------> nonSkippedChar
2021-11-19T10:23:53,731|[TRACE] script - #out(`n`) [token]
2021-11-19T10:23:53,731|[TRACE] graph - <------- nonSkippedChar
2021-11-19T10:23:53,731|[TRACE] graph - <----- statementPart
2021-11-19T10:23:53,731|[TRACE] graph - -----> statementPart
2021-11-19T10:23:53,731|[TRACE] graph - -------> nonSkippedChar
2021-11-19T10:23:53,731|[TRACE] script - #out(`n`) [token]
2021-11-19T10:23:53,731|[TRACE] graph - <------- nonSkippedChar
2021-11-19T10:23:53,731|[TRACE] graph - <----- statementPart
2021-11-19T10:23:53,731|[TRACE] graph - -----> statementPart
2021-11-19T10:23:53,731|[TRACE] graph - -------> nonSkippedChar
2021-11-19T10:23:53,731|[TRACE] script - #out(`o`) [token]
2021-11-19T10:23:53,731|[TRACE] graph - <------- nonSkippedChar
2021-11-19T10:23:53,731|[TRACE] graph - <----- statementPart
2021-11-19T10:23:53,731|[TRACE] graph - -----> statementPart
2021-11-19T10:23:53,731|[TRACE] graph - -------> nonSkippedChar
2021-11-19T10:23:53,731|[TRACE] script - #out(`D`) [token]
2021-11-19T10:23:53,731|[TRACE] graph - <------- nonSkippedChar
2021-11-19T10:23:53,731|[TRACE] graph - <----- statementPart
2021-11-19T10:23:53,731|[TRACE] graph - -----> statementPart
2021-11-19T10:23:53,731|[TRACE] graph - -------> nonSkippedChar
2021-11-19T10:23:53,731|[TRACE] script - #out(`B`) [token]
2021-11-19T10:23:53,731|[TRACE] graph - <------- nonSkippedChar
2021-11-19T10:23:53,731|[TRACE] graph - <----- statementPart
2021-11-19T10:23:53,731|[DEBUG] graph - Import statement : CREATE TABLE IF NOT EXISTS `bloodbank`.`blood_donation` (   `donation_id` INT NOT NULL AUTO_INCREMENT,   `bank_id` INT NOT NULL,   `milliliters` INT NOT NULL,   `blood_group` CHAR(2) NOT NULL,   `rhd` BIT(1) NOT NULL,   `created` BIGINT NOT NULL DEFAULT (unix_timestamp(now()) * 1000),   `updated` BIGINT NOT NULL DEFAULT (unix_timestamp(now()) * 1000),   `version` INT NOT NULL DEFAULT 1,   PRIMARY KEY (`donation_id`),   INDEX `fk_blood_donation_blood_bank1_idx` (`bank_id` ASC) VISIBLE,   CONSTRAINT `fk_blood_donation_blood_bank1`     FOREIGN KEY (`bank_id`)     REFERENCES `bloodbank`.`blood_bank` (`bank_id`)     ON DELETE NO ACTION     ON UPDATE NO ACTION) ENGINE = InnoDB
2021-11-19T10:23:53,731|[TRACE] graph - <--- statement
2021-11-19T10:23:53,732|[TRACE] graph - ---> blankSpacesToSkip
2021-11-19T10:23:53,732|[TRACE] graph - -----> newLineToSkip
2021-11-19T10:23:53,732|[TRACE] graph - <----- newLineToSkip
2021-11-19T10:23:53,732|[TRACE] graph - -----> newLineToSkip
2021-11-19T10:23:53,732|[TRACE] graph - <----- newLineToSkip
2021-11-19T10:23:53,732|[TRACE] graph - -----> newLineToSkip
2021-11-19T10:23:53,732|[TRACE] graph - <----- newLineToSkip
2021-11-19T10:23:53,732|[TRACE] graph - -----> newLineToSkip
2021-11-19T10:23:53,732|[TRACE] graph - <----- newLineToSkip
2021-11-19T10:23:53,732|[TRACE] graph - -----> newLineToSkip
2021-11-19T10:23:53,732|[TRACE] graph - <----- newLineToSkip
2021-11-19T10:23:53,732|[TRACE] graph - -----> newLineToSkip
2021-11-19T10:23:53,732|[TRACE] graph - <----- newLineToSkip
2021-11-19T10:23:53,732|[TRACE] graph - <--- blankSpacesToSkip
2021-11-19T10:23:53,732|[TRACE] graph - ---> statement
2021-11-19T10:23:53,732|[TRACE] graph - -----> statementFirstPart
2021-11-19T10:23:53,732|[TRACE] graph - -------> nonSkippedChar
2021-11-19T10:23:53,732|[TRACE] script - #out(`C`) [token]
2021-11-19T10:23:53,732|[TRACE] graph - <------- nonSkippedChar
2021-11-19T10:23:53,732|[TRACE] graph - <----- statementFirstPart
2021-11-19T10:23:53,896|[TRACE] graph - -----> statementPart
2021-11-19T10:23:53,896|[TRACE] graph - -------> nonSkippedChar
2021-11-19T10:23:53,896|[TRACE] script - #out(`R`) [token]
2021-11-19T10:23:53,896|[TRACE] graph - <------- nonSkippedChar
2021-11-19T10:23:53,896|[TRACE] graph - <----- statementPart
2021-11-19T10:23:53,896|[TRACE] graph - -----> statementPart
2021-11-19T10:23:53,896|[TRACE] graph - -------> nonSkippedChar
2021-11-19T10:23:53,896|[TRACE] script - #out(`E`) [token]
2021-11-19T10:23:53,896|[TRACE] graph - <------- nonSkippedChar
2021-11-19T10:23:53,896|[TRACE] graph - <----- statementPart
2021-11-19T10:23:53,896|[TRACE] graph - -----> statementPart
2021-11-19T10:23:53,896|[TRACE] graph - -------> nonSkippedChar
2021-11-19T10:23:53,896|[TRACE] script - #out(`A`) [token]
2021-11-19T10:23:53,896|[TRACE] graph - <------- nonSkippedChar
2021-11-19T10:23:53,896|[TRACE] graph - <----- statementPart
2021-11-19T10:23:53,896|[TRACE] graph - -----> statementPart
2021-11-19T10:23:53,896|[TRACE] graph - -------> nonSkippedChar
2021-11-19T10:23:53,896|[TRACE] script - #out(`T`) [token]
2021-11-19T10:23:53,896|[TRACE] graph - <------- nonSkippedChar
2021-11-19T10:23:53,896|[TRACE] graph - <----- statementPart
2021-11-19T10:23:53,896|[TRACE] graph - -----> statementPart
2021-11-19T10:23:53,896|[TRACE] graph - -------> nonSkippedChar
2021-11-19T10:23:53,896|[TRACE] script - #out(`E`) [token]
2021-11-19T10:23:53,896|[TRACE] graph - <------- nonSkippedChar
2021-11-19T10:23:53,896|[TRACE] graph - <----- statementPart
2021-11-19T10:23:53,896|[TRACE] graph - -----> statementPart
2021-11-19T10:23:53,896|[TRACE] graph - -------> nonSkippedSpace
2021-11-19T10:23:53,896|[TRACE] script - #out(` `) [token]
2021-11-19T10:23:53,896|[TRACE] graph - <------- nonSkippedSpace
2021-11-19T10:23:53,896|[TRACE] graph - <----- statementPart
2021-11-19T10:23:53,897|[TRACE] graph - -----> statementPart
2021-11-19T10:23:53,897|[TRACE] graph - -------> nonSkippedChar
2021-11-19T10:23:53,897|[TRACE] script - #out(`T`) [token]
2021-11-19T10:23:53,897|[TRACE] graph - <------- nonSkippedChar
2021-11-19T10:23:53,897|[TRACE] graph - <----- statementPart
2021-11-19T10:23:53,897|[TRACE] graph - -----> statementPart
2021-11-19T10:23:53,897|[TRACE] graph - -------> nonSkippedChar
2021-11-19T10:23:53,897|[TRACE] script - #out(`A`) [token]
2021-11-19T10:23:53,897|[TRACE] graph - <------- nonSkippedChar
2021-11-19T10:23:53,897|[TRACE] graph - <----- statementPart
2021-11-19T10:23:53,897|[TRACE] graph - -----> statementPart
2021-11-19T10:23:53,897|[TRACE] graph - -------> nonSkippedChar
2021-11-19T10:23:53,897|[TRACE] script - #out(`B`) [token]
2021-11-19T10:23:53,897|[TRACE] graph - <------- nonSkippedChar
2021-11-19T10:23:53,897|[TRACE] graph - <----- statementPart
2021-11-19T10:23:53,897|[TRACE] graph - -----> statementPart
2021-11-19T10:23:53,897|[TRACE] graph - -------> nonSkippedChar
2021-11-19T10:23:53,897|[TRACE] script - #out(`L`) [token]
2021-11-19T10:23:53,897|[TRACE] graph - <------- nonSkippedChar
2021-11-19T10:23:53,897|[TRACE] graph - <----- statementPart
2021-11-19T10:23:53,897|[TRACE] graph - -----> statementPart
2021-11-19T10:23:53,897|[TRACE] graph - -------> nonSkippedChar
2021-11-19T10:23:53,897|[TRACE] script - #out(`E`) [token]
2021-11-19T10:23:53,897|[TRACE] graph - <------- nonSkippedChar
2021-11-19T10:23:53,897|[TRACE] graph - <----- statementPart
2021-11-19T10:23:53,897|[TRACE] graph - -----> statementPart
2021-11-19T10:23:53,897|[TRACE] graph - -------> nonSkippedSpace
2021-11-19T10:23:53,897|[TRACE] script - #out(` `) [token]
2021-11-19T10:23:53,897|[TRACE] graph - <------- nonSkippedSpace
2021-11-19T10:23:53,897|[TRACE] graph - <----- statementPart
2021-11-19T10:23:53,897|[TRACE] graph - -----> statementPart
2021-11-19T10:23:53,897|[TRACE] graph - -------> nonSkippedChar
2021-11-19T10:23:53,897|[TRACE] script - #out(`I`) [token]
2021-11-19T10:23:53,897|[TRACE] graph - <------- nonSkippedChar
2021-11-19T10:23:53,897|[TRACE] graph - <----- statementPart
2021-11-19T10:23:53,897|[TRACE] graph - -----> statementPart
2021-11-19T10:23:53,897|[TRACE] graph - -------> nonSkippedChar
2021-11-19T10:23:53,897|[TRACE] script - #out(`F`) [token]
2021-11-19T10:23:53,897|[TRACE] graph - <------- nonSkippedChar
2021-11-19T10:23:53,897|[TRACE] graph - <----- statementPart
2021-11-19T10:23:53,897|[TRACE] graph - -----> statementPart
2021-11-19T10:23:53,897|[TRACE] graph - -------> nonSkippedSpace
2021-11-19T10:23:53,897|[TRACE] script - #out(` `) [token]
2021-11-19T10:23:53,897|[TRACE] graph - <------- nonSkippedSpace
2021-11-19T10:23:53,897|[TRACE] graph - <----- statementPart
2021-11-19T10:23:53,897|[TRACE] graph - -----> statementPart
2021-11-19T10:23:53,897|[TRACE] graph - -------> nonSkippedChar
2021-11-19T10:23:53,897|[TRACE] script - #out(`N`) [token]
2021-11-19T10:23:53,897|[TRACE] graph - <------- nonSkippedChar
2021-11-19T10:23:53,897|[TRACE] graph - <----- statementPart
2021-11-19T10:23:53,897|[TRACE] graph - -----> statementPart
2021-11-19T10:23:53,897|[TRACE] graph - -------> nonSkippedChar
2021-11-19T10:23:53,897|[TRACE] script - #out(`O`) [token]
2021-11-19T10:23:53,897|[TRACE] graph - <------- nonSkippedChar
2021-11-19T10:23:53,897|[TRACE] graph - <----- statementPart
2021-11-19T10:23:53,897|[TRACE] graph - -----> statementPart
2021-11-19T10:23:53,897|[TRACE] graph - -------> nonSkippedChar
2021-11-19T10:23:53,897|[TRACE] script - #out(`T`) [token]
2021-11-19T10:23:53,897|[TRACE] graph - <------- nonSkippedChar
2021-11-19T10:23:53,897|[TRACE] graph - <----- statementPart
2021-11-19T10:23:53,897|[TRACE] graph - -----> statementPart
2021-11-19T10:23:53,897|[TRACE] graph - -------> nonSkippedSpace
2021-11-19T10:23:53,897|[TRACE] script - #out(` `) [token]
2021-11-19T10:23:53,897|[TRACE] graph - <------- nonSkippedSpace
2021-11-19T10:23:53,897|[TRACE] graph - <----- statementPart
2021-11-19T10:23:53,897|[TRACE] graph - -----> statementPart
2021-11-19T10:23:53,897|[TRACE] graph - -------> nonSkippedChar
2021-11-19T10:23:53,897|[TRACE] script - #out(`E`) [token]
2021-11-19T10:23:53,897|[TRACE] graph - <------- nonSkippedChar
2021-11-19T10:23:53,897|[TRACE] graph - <----- statementPart
2021-11-19T10:23:53,897|[TRACE] graph - -----> statementPart
2021-11-19T10:23:53,897|[TRACE] graph - -------> nonSkippedChar
2021-11-19T10:23:53,897|[TRACE] script - #out(`X`) [token]
2021-11-19T10:23:53,897|[TRACE] graph - <------- nonSkippedChar
2021-11-19T10:23:53,897|[TRACE] graph - <----- statementPart
2021-11-19T10:23:53,897|[TRACE] graph - -----> statementPart
2021-11-19T10:23:53,897|[TRACE] graph - -------> nonSkippedChar
2021-11-19T10:23:53,897|[TRACE] script - #out(`I`) [token]
2021-11-19T10:23:53,897|[TRACE] graph - <------- nonSkippedChar
2021-11-19T10:23:53,897|[TRACE] graph - <----- statementPart
2021-11-19T10:23:53,897|[TRACE] graph - -----> statementPart
2021-11-19T10:23:53,897|[TRACE] graph - -------> nonSkippedChar
2021-11-19T10:23:53,897|[TRACE] script - #out(`S`) [token]
2021-11-19T10:23:53,897|[TRACE] graph - <------- nonSkippedChar
2021-11-19T10:23:53,897|[TRACE] graph - <----- statementPart
2021-11-19T10:23:53,897|[TRACE] graph - -----> statementPart
2021-11-19T10:23:53,897|[TRACE] graph - -------> nonSkippedChar
2021-11-19T10:23:53,897|[TRACE] script - #out(`T`) [token]
2021-11-19T10:23:53,897|[TRACE] graph - <------- nonSkippedChar
2021-11-19T10:23:53,897|[TRACE] graph - <----- statementPart
2021-11-19T10:23:53,897|[TRACE] graph - -----> statementPart
2021-11-19T10:23:53,897|[TRACE] graph - -------> nonSkippedChar
2021-11-19T10:23:53,897|[TRACE] script - #out(`S`) [token]
2021-11-19T10:23:53,897|[TRACE] graph - <------- nonSkippedChar
2021-11-19T10:23:53,897|[TRACE] graph - <----- statementPart
2021-11-19T10:23:53,897|[TRACE] graph - -----> statementPart
2021-11-19T10:23:53,897|[TRACE] graph - -------> nonSkippedSpace
2021-11-19T10:23:53,897|[TRACE] script - #out(` `) [token]
2021-11-19T10:23:53,897|[TRACE] graph - <------- nonSkippedSpace
2021-11-19T10:23:53,897|[TRACE] graph - <----- statementPart
2021-11-19T10:23:53,897|[TRACE] graph - -----> statementPart
2021-11-19T10:23:53,897|[TRACE] graph - -------> quotedString
2021-11-19T10:23:53,897|[TRACE] script - #out(``bloodbank``) [token]
2021-11-19T10:23:53,897|[TRACE] graph - <------- quotedString
2021-11-19T10:23:53,897|[TRACE] graph - <----- statementPart
2021-11-19T10:23:53,897|[TRACE] graph - -----> statementPart
2021-11-19T10:23:53,897|[TRACE] graph - -------> nonSkippedChar
2021-11-19T10:23:53,897|[TRACE] script - #out(`.`) [token]
2021-11-19T10:23:53,897|[TRACE] graph - <------- nonSkippedChar
2021-11-19T10:23:53,897|[TRACE] graph - <----- statementPart
2021-11-19T10:23:53,897|[TRACE] graph - -----> statementPart
2021-11-19T10:23:53,897|[TRACE] graph - -------> quotedString
2021-11-19T10:23:53,897|[TRACE] script - #out(``donation_record``) [token]
2021-11-19T10:23:53,897|[TRACE] graph - <------- quotedString
2021-11-19T10:23:53,897|[TRACE] graph - <----- statementPart
2021-11-19T10:23:53,897|[TRACE] graph - -----> statementPart
2021-11-19T10:23:53,897|[TRACE] graph - -------> nonSkippedSpace
2021-11-19T10:23:53,897|[TRACE] script - #out(` `) [token]
2021-11-19T10:23:53,897|[TRACE] graph - <------- nonSkippedSpace
2021-11-19T10:23:53,897|[TRACE] graph - <----- statementPart
2021-11-19T10:23:53,897|[TRACE] graph - -----> statementPart
2021-11-19T10:23:53,897|[TRACE] graph - -------> nonSkippedChar
2021-11-19T10:23:53,897|[TRACE] script - #out(`(`) [token]
2021-11-19T10:23:53,897|[TRACE] graph - <------- nonSkippedChar
2021-11-19T10:23:53,897|[TRACE] graph - <----- statementPart
2021-11-19T10:23:53,897|[TRACE] graph - -----> afterStatementPartNewline
2021-11-19T10:23:53,897|[TRACE] script - #out(` `) [text]
2021-11-19T10:23:53,897|[TRACE] graph - <----- afterStatementPartNewline
2021-11-19T10:23:53,897|[TRACE] graph - -----> statementPart
2021-11-19T10:23:53,897|[TRACE] graph - -------> nonSkippedSpace
2021-11-19T10:23:53,897|[TRACE] script - #out(` `) [token]
2021-11-19T10:23:53,897|[TRACE] graph - <------- nonSkippedSpace
2021-11-19T10:23:53,897|[TRACE] graph - <----- statementPart
2021-11-19T10:23:53,897|[TRACE] graph - -----> statementPart
2021-11-19T10:23:53,897|[TRACE] graph - -------> nonSkippedSpace
2021-11-19T10:23:53,897|[TRACE] script - #out(` `) [token]
2021-11-19T10:23:53,897|[TRACE] graph - <------- nonSkippedSpace
2021-11-19T10:23:53,897|[TRACE] graph - <----- statementPart
2021-11-19T10:23:53,897|[TRACE] graph - -----> statementPart
2021-11-19T10:23:53,897|[TRACE] graph - -------> quotedString
2021-11-19T10:23:53,897|[TRACE] script - #out(``record_id``) [token]
2021-11-19T10:23:53,897|[TRACE] graph - <------- quotedString
2021-11-19T10:23:53,897|[TRACE] graph - <----- statementPart
2021-11-19T10:23:53,897|[TRACE] graph - -----> statementPart
2021-11-19T10:23:53,897|[TRACE] graph - -------> nonSkippedSpace
2021-11-19T10:23:53,897|[TRACE] script - #out(` `) [token]
2021-11-19T10:23:53,897|[TRACE] graph - <------- nonSkippedSpace
2021-11-19T10:23:53,897|[TRACE] graph - <----- statementPart
2021-11-19T10:23:53,897|[TRACE] graph - -----> statementPart
2021-11-19T10:23:53,897|[TRACE] graph - -------> nonSkippedChar
2021-11-19T10:23:53,897|[TRACE] script - #out(`I`) [token]
2021-11-19T10:23:53,897|[TRACE] graph - <------- nonSkippedChar
2021-11-19T10:23:53,897|[TRACE] graph - <----- statementPart
2021-11-19T10:23:53,897|[TRACE] graph - -----> statementPart
2021-11-19T10:23:53,897|[TRACE] graph - -------> nonSkippedChar
2021-11-19T10:23:53,897|[TRACE] script - #out(`N`) [token]
2021-11-19T10:23:53,897|[TRACE] graph - <------- nonSkippedChar
2021-11-19T10:23:53,897|[TRACE] graph - <----- statementPart
2021-11-19T10:23:53,897|[TRACE] graph - -----> statementPart
2021-11-19T10:23:53,897|[TRACE] graph - -------> nonSkippedChar
2021-11-19T10:23:53,897|[TRACE] script - #out(`T`) [token]
2021-11-19T10:23:53,897|[TRACE] graph - <------- nonSkippedChar
2021-11-19T10:23:53,897|[TRACE] graph - <----- statementPart
2021-11-19T10:23:53,897|[TRACE] graph - -----> statementPart
2021-11-19T10:23:53,897|[TRACE] graph - -------> nonSkippedSpace
2021-11-19T10:23:53,897|[TRACE] script - #out(` `) [token]
2021-11-19T10:23:53,897|[TRACE] graph - <------- nonSkippedSpace
2021-11-19T10:23:53,897|[TRACE] graph - <----- statementPart
2021-11-19T10:23:53,897|[TRACE] graph - -----> statementPart
2021-11-19T10:23:53,897|[TRACE] graph - -------> nonSkippedChar
2021-11-19T10:23:53,897|[TRACE] script - #out(`N`) [token]
2021-11-19T10:23:53,897|[TRACE] graph - <------- nonSkippedChar
2021-11-19T10:23:53,897|[TRACE] graph - <----- statementPart
2021-11-19T10:23:53,897|[TRACE] graph - -----> statementPart
2021-11-19T10:23:53,897|[TRACE] graph - -------> nonSkippedChar
2021-11-19T10:23:53,897|[TRACE] script - #out(`O`) [token]
2021-11-19T10:23:53,897|[TRACE] graph - <------- nonSkippedChar
2021-11-19T10:23:53,897|[TRACE] graph - <----- statementPart
2021-11-19T10:23:53,897|[TRACE] graph - -----> statementPart
2021-11-19T10:23:53,897|[TRACE] graph - -------> nonSkippedChar
2021-11-19T10:23:53,897|[TRACE] script - #out(`T`) [token]
2021-11-19T10:23:53,897|[TRACE] graph - <------- nonSkippedChar
2021-11-19T10:23:53,897|[TRACE] graph - <----- statementPart
2021-11-19T10:23:53,897|[TRACE] graph - -----> statementPart
2021-11-19T10:23:53,897|[TRACE] graph - -------> nonSkippedSpace
2021-11-19T10:23:53,897|[TRACE] script - #out(` `) [token]
2021-11-19T10:23:53,897|[TRACE] graph - <------- nonSkippedSpace
2021-11-19T10:23:53,897|[TRACE] graph - <----- statementPart
2021-11-19T10:23:53,897|[TRACE] graph - -----> statementPart
2021-11-19T10:23:53,897|[TRACE] graph - -------> nonSkippedChar
2021-11-19T10:23:53,897|[TRACE] script - #out(`N`) [token]
2021-11-19T10:23:53,897|[TRACE] graph - <------- nonSkippedChar
2021-11-19T10:23:53,897|[TRACE] graph - <----- statementPart
2021-11-19T10:23:53,897|[TRACE] graph - -----> statementPart
2021-11-19T10:23:53,897|[TRACE] graph - -------> nonSkippedChar
2021-11-19T10:23:53,897|[TRACE] script - #out(`U`) [token]
2021-11-19T10:23:53,897|[TRACE] graph - <------- nonSkippedChar
2021-11-19T10:23:53,897|[TRACE] graph - <----- statementPart
2021-11-19T10:23:53,897|[TRACE] graph - -----> statementPart
2021-11-19T10:23:53,897|[TRACE] graph - -------> nonSkippedChar
2021-11-19T10:23:53,897|[TRACE] script - #out(`L`) [token]
2021-11-19T10:23:53,897|[TRACE] graph - <------- nonSkippedChar
2021-11-19T10:23:53,897|[TRACE] graph - <----- statementPart
2021-11-19T10:23:53,897|[TRACE] graph - -----> statementPart
2021-11-19T10:23:53,897|[TRACE] graph - -------> nonSkippedChar
2021-11-19T10:23:53,897|[TRACE] script - #out(`L`) [token]
2021-11-19T10:23:53,897|[TRACE] graph - <------- nonSkippedChar
2021-11-19T10:23:53,897|[TRACE] graph - <----- statementPart
2021-11-19T10:23:53,897|[TRACE] graph - -----> statementPart
2021-11-19T10:23:53,897|[TRACE] graph - -------> nonSkippedSpace
2021-11-19T10:23:53,897|[TRACE] script - #out(` `) [token]
2021-11-19T10:23:53,897|[TRACE] graph - <------- nonSkippedSpace
2021-11-19T10:23:53,897|[TRACE] graph - <----- statementPart
2021-11-19T10:23:53,897|[TRACE] graph - -----> statementPart
2021-11-19T10:23:53,897|[TRACE] graph - -------> nonSkippedChar
2021-11-19T10:23:53,897|[TRACE] script - #out(`A`) [token]
2021-11-19T10:23:53,897|[TRACE] graph - <------- nonSkippedChar
2021-11-19T10:23:53,897|[TRACE] graph - <----- statementPart
2021-11-19T10:23:53,897|[TRACE] graph - -----> statementPart
2021-11-19T10:23:53,897|[TRACE] graph - -------> nonSkippedChar
2021-11-19T10:23:53,897|[TRACE] script - #out(`U`) [token]
2021-11-19T10:23:53,897|[TRACE] graph - <------- nonSkippedChar
2021-11-19T10:23:53,897|[TRACE] graph - <----- statementPart
2021-11-19T10:23:53,897|[TRACE] graph - -----> statementPart
2021-11-19T10:23:53,897|[TRACE] graph - -------> nonSkippedChar
2021-11-19T10:23:53,897|[TRACE] script - #out(`T`) [token]
2021-11-19T10:23:53,897|[TRACE] graph - <------- nonSkippedChar
2021-11-19T10:23:53,897|[TRACE] graph - <----- statementPart
2021-11-19T10:23:53,897|[TRACE] graph - -----> statementPart
2021-11-19T10:23:53,897|[TRACE] graph - -------> nonSkippedChar
2021-11-19T10:23:53,897|[TRACE] script - #out(`O`) [token]
2021-11-19T10:23:53,897|[TRACE] graph - <------- nonSkippedChar
2021-11-19T10:23:53,897|[TRACE] graph - <----- statementPart
2021-11-19T10:23:53,897|[TRACE] graph - -----> statementPart
2021-11-19T10:23:53,897|[TRACE] graph - -------> nonSkippedChar
2021-11-19T10:23:53,897|[TRACE] script - #out(`_`) [token]
2021-11-19T10:23:53,897|[TRACE] graph - <------- nonSkippedChar
2021-11-19T10:23:53,897|[TRACE] graph - <----- statementPart
2021-11-19T10:23:53,897|[TRACE] graph - -----> statementPart
2021-11-19T10:23:53,897|[TRACE] graph - -------> nonSkippedChar
2021-11-19T10:23:53,897|[TRACE] script - #out(`I`) [token]
2021-11-19T10:23:53,897|[TRACE] graph - <------- nonSkippedChar
2021-11-19T10:23:53,897|[TRACE] graph - <----- statementPart
2021-11-19T10:23:53,897|[TRACE] graph - -----> statementPart
2021-11-19T10:23:53,897|[TRACE] graph - -------> nonSkippedChar
2021-11-19T10:23:53,897|[TRACE] script - #out(`N`) [token]
2021-11-19T10:23:53,897|[TRACE] graph - <------- nonSkippedChar
2021-11-19T10:23:53,897|[TRACE] graph - <----- statementPart
2021-11-19T10:23:53,897|[TRACE] graph - -----> statementPart
2021-11-19T10:23:53,897|[TRACE] graph - -------> nonSkippedChar
2021-11-19T10:23:53,897|[TRACE] script - #out(`C`) [token]
2021-11-19T10:23:53,897|[TRACE] graph - <------- nonSkippedChar
2021-11-19T10:23:53,897|[TRACE] graph - <----- statementPart
2021-11-19T10:23:53,897|[TRACE] graph - -----> statementPart
2021-11-19T10:23:53,897|[TRACE] graph - -------> nonSkippedChar
2021-11-19T10:23:53,897|[TRACE] script - #out(`R`) [token]
2021-11-19T10:23:53,897|[TRACE] graph - <------- nonSkippedChar
2021-11-19T10:23:53,897|[TRACE] graph - <----- statementPart
2021-11-19T10:23:53,897|[TRACE] graph - -----> statementPart
2021-11-19T10:23:53,897|[TRACE] graph - -------> nonSkippedChar
2021-11-19T10:23:53,897|[TRACE] script - #out(`E`) [token]
2021-11-19T10:23:53,897|[TRACE] graph - <------- nonSkippedChar
2021-11-19T10:23:53,897|[TRACE] graph - <----- statementPart
2021-11-19T10:23:53,897|[TRACE] graph - -----> statementPart
2021-11-19T10:23:53,897|[TRACE] graph - -------> nonSkippedChar
2021-11-19T10:23:53,897|[TRACE] script - #out(`M`) [token]
2021-11-19T10:23:53,897|[TRACE] graph - <------- nonSkippedChar
2021-11-19T10:23:53,897|[TRACE] graph - <----- statementPart
2021-11-19T10:23:53,897|[TRACE] graph - -----> statementPart
2021-11-19T10:23:53,897|[TRACE] graph - -------> nonSkippedChar
2021-11-19T10:23:53,897|[TRACE] script - #out(`E`) [token]
2021-11-19T10:23:53,897|[TRACE] graph - <------- nonSkippedChar
2021-11-19T10:23:53,897|[TRACE] graph - <----- statementPart
2021-11-19T10:23:53,897|[TRACE] graph - -----> statementPart
2021-11-19T10:23:53,897|[TRACE] graph - -------> nonSkippedChar
2021-11-19T10:23:53,897|[TRACE] script - #out(`N`) [token]
2021-11-19T10:23:53,897|[TRACE] graph - <------- nonSkippedChar
2021-11-19T10:23:53,897|[TRACE] graph - <----- statementPart
2021-11-19T10:23:53,897|[TRACE] graph - -----> statementPart
2021-11-19T10:23:53,897|[TRACE] graph - -------> nonSkippedChar
2021-11-19T10:23:53,897|[TRACE] script - #out(`T`) [token]
2021-11-19T10:23:53,897|[TRACE] graph - <------- nonSkippedChar
2021-11-19T10:23:53,897|[TRACE] graph - <----- statementPart
2021-11-19T10:23:53,897|[TRACE] graph - -----> statementPart
2021-11-19T10:23:53,897|[TRACE] graph - -------> nonSkippedChar
2021-11-19T10:23:53,897|[TRACE] script - #out(`,`) [token]
2021-11-19T10:23:53,897|[TRACE] graph - <------- nonSkippedChar
2021-11-19T10:23:53,897|[TRACE] graph - <----- statementPart
2021-11-19T10:23:53,897|[TRACE] graph - -----> afterStatementPartNewline
2021-11-19T10:23:53,897|[TRACE] script - #out(` `) [text]
2021-11-19T10:23:53,897|[TRACE] graph - <----- afterStatementPartNewline
2021-11-19T10:23:53,897|[TRACE] graph - -----> statementPart
2021-11-19T10:23:53,897|[TRACE] graph - -------> nonSkippedSpace
2021-11-19T10:23:53,897|[TRACE] script - #out(` `) [token]
2021-11-19T10:23:53,897|[TRACE] graph - <------- nonSkippedSpace
2021-11-19T10:23:53,897|[TRACE] graph - <----- statementPart
2021-11-19T10:23:53,897|[TRACE] graph - -----> statementPart
2021-11-19T10:23:53,897|[TRACE] graph - -------> nonSkippedSpace
2021-11-19T10:23:53,897|[TRACE] script - #out(` `) [token]
2021-11-19T10:23:53,897|[TRACE] graph - <------- nonSkippedSpace
2021-11-19T10:23:53,897|[TRACE] graph - <----- statementPart
2021-11-19T10:23:53,897|[TRACE] graph - -----> statementPart
2021-11-19T10:23:53,898|[TRACE] graph - -------> quotedString
2021-11-19T10:23:53,898|[TRACE] script - #out(``person_id``) [token]
2021-11-19T10:23:53,898|[TRACE] graph - <------- quotedString
2021-11-19T10:23:53,898|[TRACE] graph - <----- statementPart
2021-11-19T10:23:53,898|[TRACE] graph - -----> statementPart
2021-11-19T10:23:53,898|[TRACE] graph - -------> nonSkippedSpace
2021-11-19T10:23:53,898|[TRACE] script - #out(` `) [token]
2021-11-19T10:23:53,898|[TRACE] graph - <------- nonSkippedSpace
2021-11-19T10:23:53,898|[TRACE] graph - <----- statementPart
2021-11-19T10:23:53,898|[TRACE] graph - -----> statementPart
2021-11-19T10:23:53,898|[TRACE] graph - -------> nonSkippedChar
2021-11-19T10:23:53,898|[TRACE] script - #out(`I`) [token]
2021-11-19T10:23:53,898|[TRACE] graph - <------- nonSkippedChar
2021-11-19T10:23:53,898|[TRACE] graph - <----- statementPart
2021-11-19T10:23:53,898|[TRACE] graph - -----> statementPart
2021-11-19T10:23:53,898|[TRACE] graph - -------> nonSkippedChar
2021-11-19T10:23:53,898|[TRACE] script - #out(`N`) [token]
2021-11-19T10:23:53,898|[TRACE] graph - <------- nonSkippedChar
2021-11-19T10:23:53,898|[TRACE] graph - <----- statementPart
2021-11-19T10:23:53,898|[TRACE] graph - -----> statementPart
2021-11-19T10:23:53,898|[TRACE] graph - -------> nonSkippedChar
2021-11-19T10:23:53,898|[TRACE] script - #out(`T`) [token]
2021-11-19T10:23:53,898|[TRACE] graph - <------- nonSkippedChar
2021-11-19T10:23:53,898|[TRACE] graph - <----- statementPart
2021-11-19T10:23:53,898|[TRACE] graph - -----> statementPart
2021-11-19T10:23:53,898|[TRACE] graph - -------> nonSkippedSpace
2021-11-19T10:23:53,898|[TRACE] script - #out(` `) [token]
2021-11-19T10:23:53,898|[TRACE] graph - <------- nonSkippedSpace
2021-11-19T10:23:53,898|[TRACE] graph - <----- statementPart
2021-11-19T10:23:53,898|[TRACE] graph - -----> statementPart
2021-11-19T10:23:53,898|[TRACE] graph - -------> nonSkippedChar
2021-11-19T10:23:53,898|[TRACE] script - #out(`N`) [token]
2021-11-19T10:23:53,898|[TRACE] graph - <------- nonSkippedChar
2021-11-19T10:23:53,898|[TRACE] graph - <----- statementPart
2021-11-19T10:23:53,898|[TRACE] graph - -----> statementPart
2021-11-19T10:23:53,898|[TRACE] graph - -------> nonSkippedChar
2021-11-19T10:23:53,898|[TRACE] script - #out(`O`) [token]
2021-11-19T10:23:53,898|[TRACE] graph - <------- nonSkippedChar
2021-11-19T10:23:53,898|[TRACE] graph - <----- statementPart
2021-11-19T10:23:53,898|[TRACE] graph - -----> statementPart
2021-11-19T10:23:53,898|[TRACE] graph - -------> nonSkippedChar
2021-11-19T10:23:53,898|[TRACE] script - #out(`T`) [token]
2021-11-19T10:23:53,898|[TRACE] graph - <------- nonSkippedChar
2021-11-19T10:23:53,898|[TRACE] graph - <----- statementPart
2021-11-19T10:23:53,898|[TRACE] graph - -----> statementPart
2021-11-19T10:23:53,898|[TRACE] graph - -------> nonSkippedSpace
2021-11-19T10:23:53,898|[TRACE] script - #out(` `) [token]
2021-11-19T10:23:53,898|[TRACE] graph - <------- nonSkippedSpace
2021-11-19T10:23:53,898|[TRACE] graph - <----- statementPart
2021-11-19T10:23:53,898|[TRACE] graph - -----> statementPart
2021-11-19T10:23:53,898|[TRACE] graph - -------> nonSkippedChar
2021-11-19T10:23:53,898|[TRACE] script - #out(`N`) [token]
2021-11-19T10:23:53,898|[TRACE] graph - <------- nonSkippedChar
2021-11-19T10:23:53,898|[TRACE] graph - <----- statementPart
2021-11-19T10:23:53,898|[TRACE] graph - -----> statementPart
2021-11-19T10:23:53,898|[TRACE] graph - -------> nonSkippedChar
2021-11-19T10:23:53,898|[TRACE] script - #out(`U`) [token]
2021-11-19T10:23:53,898|[TRACE] graph - <------- nonSkippedChar
2021-11-19T10:23:53,898|[TRACE] graph - <----- statementPart
2021-11-19T10:23:53,898|[TRACE] graph - -----> statementPart
2021-11-19T10:23:53,898|[TRACE] graph - -------> nonSkippedChar
2021-11-19T10:23:53,898|[TRACE] script - #out(`L`) [token]
2021-11-19T10:23:53,898|[TRACE] graph - <------- nonSkippedChar
2021-11-19T10:23:53,898|[TRACE] graph - <----- statementPart
2021-11-19T10:23:53,898|[TRACE] graph - -----> statementPart
2021-11-19T10:23:53,898|[TRACE] graph - -------> nonSkippedChar
2021-11-19T10:23:53,898|[TRACE] script - #out(`L`) [token]
2021-11-19T10:23:53,898|[TRACE] graph - <------- nonSkippedChar
2021-11-19T10:23:53,898|[TRACE] graph - <----- statementPart
2021-11-19T10:23:53,898|[TRACE] graph - -----> statementPart
2021-11-19T10:23:53,898|[TRACE] graph - -------> nonSkippedChar
2021-11-19T10:23:53,898|[TRACE] script - #out(`,`) [token]
2021-11-19T10:23:53,898|[TRACE] graph - <------- nonSkippedChar
2021-11-19T10:23:53,898|[TRACE] graph - <----- statementPart
2021-11-19T10:23:53,898|[TRACE] graph - -----> afterStatementPartNewline
2021-11-19T10:23:53,898|[TRACE] script - #out(` `) [text]
2021-11-19T10:23:53,898|[TRACE] graph - <----- afterStatementPartNewline
2021-11-19T10:23:53,898|[TRACE] graph - -----> statementPart
2021-11-19T10:23:53,898|[TRACE] graph - -------> nonSkippedSpace
2021-11-19T10:23:53,898|[TRACE] script - #out(` `) [token]
2021-11-19T10:23:53,898|[TRACE] graph - <------- nonSkippedSpace
2021-11-19T10:23:53,898|[TRACE] graph - <----- statementPart
2021-11-19T10:23:53,898|[TRACE] graph - -----> statementPart
2021-11-19T10:23:53,898|[TRACE] graph - -------> nonSkippedSpace
2021-11-19T10:23:53,898|[TRACE] script - #out(` `) [token]
2021-11-19T10:23:53,898|[TRACE] graph - <------- nonSkippedSpace
2021-11-19T10:23:53,898|[TRACE] graph - <----- statementPart
2021-11-19T10:23:53,898|[TRACE] graph - -----> statementPart
2021-11-19T10:23:53,898|[TRACE] graph - -------> quotedString
2021-11-19T10:23:53,898|[TRACE] script - #out(``donation_id``) [token]
2021-11-19T10:23:53,898|[TRACE] graph - <------- quotedString
2021-11-19T10:23:53,898|[TRACE] graph - <----- statementPart
2021-11-19T10:23:53,898|[TRACE] graph - -----> statementPart
2021-11-19T10:23:53,898|[TRACE] graph - -------> nonSkippedSpace
2021-11-19T10:23:53,898|[TRACE] script - #out(` `) [token]
2021-11-19T10:23:53,898|[TRACE] graph - <------- nonSkippedSpace
2021-11-19T10:23:53,898|[TRACE] graph - <----- statementPart
2021-11-19T10:23:53,898|[TRACE] graph - -----> statementPart
2021-11-19T10:23:53,898|[TRACE] graph - -------> nonSkippedChar
2021-11-19T10:23:53,898|[TRACE] script - #out(`I`) [token]
2021-11-19T10:23:53,898|[TRACE] graph - <------- nonSkippedChar
2021-11-19T10:23:53,898|[TRACE] graph - <----- statementPart
2021-11-19T10:23:53,898|[TRACE] graph - -----> statementPart
2021-11-19T10:23:53,898|[TRACE] graph - -------> nonSkippedChar
2021-11-19T10:23:53,898|[TRACE] script - #out(`N`) [token]
2021-11-19T10:23:53,898|[TRACE] graph - <------- nonSkippedChar
2021-11-19T10:23:53,898|[TRACE] graph - <----- statementPart
2021-11-19T10:23:53,898|[TRACE] graph - -----> statementPart
2021-11-19T10:23:53,898|[TRACE] graph - -------> nonSkippedChar
2021-11-19T10:23:53,898|[TRACE] script - #out(`T`) [token]
2021-11-19T10:23:53,898|[TRACE] graph - <------- nonSkippedChar
2021-11-19T10:23:53,898|[TRACE] graph - <----- statementPart
2021-11-19T10:23:53,898|[TRACE] graph - -----> statementPart
2021-11-19T10:23:53,898|[TRACE] graph - -------> nonSkippedSpace
2021-11-19T10:23:53,898|[TRACE] script - #out(` `) [token]
2021-11-19T10:23:53,898|[TRACE] graph - <------- nonSkippedSpace
2021-11-19T10:23:53,898|[TRACE] graph - <----- statementPart
2021-11-19T10:23:53,898|[TRACE] graph - -----> statementPart
2021-11-19T10:23:53,898|[TRACE] graph - -------> nonSkippedChar
2021-11-19T10:23:53,898|[TRACE] script - #out(`N`) [token]
2021-11-19T10:23:53,898|[TRACE] graph - <------- nonSkippedChar
2021-11-19T10:23:53,898|[TRACE] graph - <----- statementPart
2021-11-19T10:23:53,898|[TRACE] graph - -----> statementPart
2021-11-19T10:23:53,898|[TRACE] graph - -------> nonSkippedChar
2021-11-19T10:23:53,898|[TRACE] script - #out(`U`) [token]
2021-11-19T10:23:53,898|[TRACE] graph - <------- nonSkippedChar
2021-11-19T10:23:53,898|[TRACE] graph - <----- statementPart
2021-11-19T10:23:53,898|[TRACE] graph - -----> statementPart
2021-11-19T10:23:53,898|[TRACE] graph - -------> nonSkippedChar
2021-11-19T10:23:53,898|[TRACE] script - #out(`L`) [token]
2021-11-19T10:23:53,898|[TRACE] graph - <------- nonSkippedChar
2021-11-19T10:23:53,898|[TRACE] graph - <----- statementPart
2021-11-19T10:23:54,040|[TRACE] graph - -----> statementPart
2021-11-19T10:23:54,040|[TRACE] graph - -------> nonSkippedChar
2021-11-19T10:23:54,040|[TRACE] script - #out(`L`) [token]
2021-11-19T10:23:54,040|[TRACE] graph - <------- nonSkippedChar
2021-11-19T10:23:54,040|[TRACE] graph - <----- statementPart
2021-11-19T10:23:54,040|[TRACE] graph - -----> statementPart
2021-11-19T10:23:54,040|[TRACE] graph - -------> nonSkippedChar
2021-11-19T10:23:54,040|[TRACE] script - #out(`,`) [token]
2021-11-19T10:23:54,040|[TRACE] graph - <------- nonSkippedChar
2021-11-19T10:23:54,040|[TRACE] graph - <----- statementPart
2021-11-19T10:23:54,040|[TRACE] graph - -----> afterStatementPartNewline
2021-11-19T10:23:54,040|[TRACE] script - #out(` `) [text]
2021-11-19T10:23:54,040|[TRACE] graph - <----- afterStatementPartNewline
2021-11-19T10:23:54,040|[TRACE] graph - -----> statementPart
2021-11-19T10:23:54,040|[TRACE] graph - -------> nonSkippedSpace
2021-11-19T10:23:54,040|[TRACE] script - #out(` `) [token]
2021-11-19T10:23:54,040|[TRACE] graph - <------- nonSkippedSpace
2021-11-19T10:23:54,040|[TRACE] graph - <----- statementPart
2021-11-19T10:23:54,040|[TRACE] graph - -----> statementPart
2021-11-19T10:23:54,040|[TRACE] graph - -------> nonSkippedSpace
2021-11-19T10:23:54,040|[TRACE] script - #out(` `) [token]
2021-11-19T10:23:54,040|[TRACE] graph - <------- nonSkippedSpace
2021-11-19T10:23:54,040|[TRACE] graph - <----- statementPart
2021-11-19T10:23:54,040|[TRACE] graph - -----> statementPart
2021-11-19T10:23:54,040|[TRACE] graph - -------> quotedString
2021-11-19T10:23:54,040|[TRACE] script - #out(``tested``) [token]
2021-11-19T10:23:54,040|[TRACE] graph - <------- quotedString
2021-11-19T10:23:54,040|[TRACE] graph - <----- statementPart
2021-11-19T10:23:54,040|[TRACE] graph - -----> statementPart
2021-11-19T10:23:54,040|[TRACE] graph - -------> nonSkippedSpace
2021-11-19T10:23:54,040|[TRACE] script - #out(` `) [token]
2021-11-19T10:23:54,040|[TRACE] graph - <------- nonSkippedSpace
2021-11-19T10:23:54,040|[TRACE] graph - <----- statementPart
2021-11-19T10:23:54,040|[TRACE] graph - -----> statementPart
2021-11-19T10:23:54,040|[TRACE] graph - -------> nonSkippedChar
2021-11-19T10:23:54,040|[TRACE] script - #out(`B`) [token]
2021-11-19T10:23:54,040|[TRACE] graph - <------- nonSkippedChar
2021-11-19T10:23:54,040|[TRACE] graph - <----- statementPart
2021-11-19T10:23:54,040|[TRACE] graph - -----> statementPart
2021-11-19T10:23:54,040|[TRACE] graph - -------> nonSkippedChar
2021-11-19T10:23:54,040|[TRACE] script - #out(`I`) [token]
2021-11-19T10:23:54,040|[TRACE] graph - <------- nonSkippedChar
2021-11-19T10:23:54,040|[TRACE] graph - <----- statementPart
2021-11-19T10:23:54,040|[TRACE] graph - -----> statementPart
2021-11-19T10:23:54,040|[TRACE] graph - -------> nonSkippedChar
2021-11-19T10:23:54,040|[TRACE] script - #out(`T`) [token]
2021-11-19T10:23:54,040|[TRACE] graph - <------- nonSkippedChar
2021-11-19T10:23:54,040|[TRACE] graph - <----- statementPart
2021-11-19T10:23:54,040|[TRACE] graph - -----> statementPart
2021-11-19T10:23:54,040|[TRACE] graph - -------> nonSkippedChar
2021-11-19T10:23:54,040|[TRACE] script - #out(`(`) [token]
2021-11-19T10:23:54,040|[TRACE] graph - <------- nonSkippedChar
2021-11-19T10:23:54,040|[TRACE] graph - <----- statementPart
2021-11-19T10:23:54,040|[TRACE] graph - -----> statementPart
2021-11-19T10:23:54,040|[TRACE] graph - -------> nonSkippedChar
2021-11-19T10:23:54,040|[TRACE] script - #out(`1`) [token]
2021-11-19T10:23:54,040|[TRACE] graph - <------- nonSkippedChar
2021-11-19T10:23:54,040|[TRACE] graph - <----- statementPart
2021-11-19T10:23:54,040|[TRACE] graph - -----> statementPart
2021-11-19T10:23:54,040|[TRACE] graph - -------> nonSkippedChar
2021-11-19T10:23:54,040|[TRACE] script - #out(`)`) [token]
2021-11-19T10:23:54,040|[TRACE] graph - <------- nonSkippedChar
2021-11-19T10:23:54,040|[TRACE] graph - <----- statementPart
2021-11-19T10:23:54,040|[TRACE] graph - -----> statementPart
2021-11-19T10:23:54,040|[TRACE] graph - -------> nonSkippedSpace
2021-11-19T10:23:54,040|[TRACE] script - #out(` `) [token]
2021-11-19T10:23:54,040|[TRACE] graph - <------- nonSkippedSpace
2021-11-19T10:23:54,040|[TRACE] graph - <----- statementPart
2021-11-19T10:23:54,040|[TRACE] graph - -----> statementPart
2021-11-19T10:23:54,040|[TRACE] graph - -------> nonSkippedChar
2021-11-19T10:23:54,040|[TRACE] script - #out(`N`) [token]
2021-11-19T10:23:54,040|[TRACE] graph - <------- nonSkippedChar
2021-11-19T10:23:54,040|[TRACE] graph - <----- statementPart
2021-11-19T10:23:54,040|[TRACE] graph - -----> statementPart
2021-11-19T10:23:54,040|[TRACE] graph - -------> nonSkippedChar
2021-11-19T10:23:54,040|[TRACE] script - #out(`O`) [token]
2021-11-19T10:23:54,040|[TRACE] graph - <------- nonSkippedChar
2021-11-19T10:23:54,040|[TRACE] graph - <----- statementPart
2021-11-19T10:23:54,040|[TRACE] graph - -----> statementPart
2021-11-19T10:23:54,040|[TRACE] graph - -------> nonSkippedChar
2021-11-19T10:23:54,040|[TRACE] script - #out(`T`) [token]
2021-11-19T10:23:54,040|[TRACE] graph - <------- nonSkippedChar
2021-11-19T10:23:54,040|[TRACE] graph - <----- statementPart
2021-11-19T10:23:54,040|[TRACE] graph - -----> statementPart
2021-11-19T10:23:54,040|[TRACE] graph - -------> nonSkippedSpace
2021-11-19T10:23:54,040|[TRACE] script - #out(` `) [token]
2021-11-19T10:23:54,040|[TRACE] graph - <------- nonSkippedSpace
2021-11-19T10:23:54,040|[TRACE] graph - <----- statementPart
2021-11-19T10:23:54,040|[TRACE] graph - -----> statementPart
2021-11-19T10:23:54,040|[TRACE] graph - -------> nonSkippedChar
2021-11-19T10:23:54,040|[TRACE] script - #out(`N`) [token]
2021-11-19T10:23:54,040|[TRACE] graph - <------- nonSkippedChar
2021-11-19T10:23:54,040|[TRACE] graph - <----- statementPart
2021-11-19T10:23:54,040|[TRACE] graph - -----> statementPart
2021-11-19T10:23:54,040|[TRACE] graph - -------> nonSkippedChar
2021-11-19T10:23:54,040|[TRACE] script - #out(`U`) [token]
2021-11-19T10:23:54,040|[TRACE] graph - <------- nonSkippedChar
2021-11-19T10:23:54,040|[TRACE] graph - <----- statementPart
2021-11-19T10:23:54,040|[TRACE] graph - -----> statementPart
2021-11-19T10:23:54,040|[TRACE] graph - -------> nonSkippedChar
2021-11-19T10:23:54,040|[TRACE] script - #out(`L`) [token]
2021-11-19T10:23:54,040|[TRACE] graph - <------- nonSkippedChar
2021-11-19T10:23:54,040|[TRACE] graph - <----- statementPart
2021-11-19T10:23:54,040|[TRACE] graph - -----> statementPart
2021-11-19T10:23:54,040|[TRACE] graph - -------> nonSkippedChar
2021-11-19T10:23:54,040|[TRACE] script - #out(`L`) [token]
2021-11-19T10:23:54,040|[TRACE] graph - <------- nonSkippedChar
2021-11-19T10:23:54,040|[TRACE] graph - <----- statementPart
2021-11-19T10:23:54,040|[TRACE] graph - -----> statementPart
2021-11-19T10:23:54,040|[TRACE] graph - -------> nonSkippedChar
2021-11-19T10:23:54,040|[TRACE] script - #out(`,`) [token]
2021-11-19T10:23:54,040|[TRACE] graph - <------- nonSkippedChar
2021-11-19T10:23:54,040|[TRACE] graph - <----- statementPart
2021-11-19T10:23:54,040|[TRACE] graph - -----> afterStatementPartNewline
2021-11-19T10:23:54,040|[TRACE] script - #out(` `) [text]
2021-11-19T10:23:54,040|[TRACE] graph - <----- afterStatementPartNewline
2021-11-19T10:23:54,040|[TRACE] graph - -----> statementPart
2021-11-19T10:23:54,040|[TRACE] graph - -------> nonSkippedSpace
2021-11-19T10:23:54,040|[TRACE] script - #out(` `) [token]
2021-11-19T10:23:54,040|[TRACE] graph - <------- nonSkippedSpace
2021-11-19T10:23:54,041|[TRACE] graph - <----- statementPart
2021-11-19T10:23:54,041|[TRACE] graph - -----> statementPart
2021-11-19T10:23:54,041|[TRACE] graph - -------> nonSkippedSpace
2021-11-19T10:23:54,041|[TRACE] script - #out(` `) [token]
2021-11-19T10:23:54,041|[TRACE] graph - <------- nonSkippedSpace
2021-11-19T10:23:54,041|[TRACE] graph - <----- statementPart
2021-11-19T10:23:54,041|[TRACE] graph - -----> statementPart
2021-11-19T10:23:54,041|[TRACE] graph - -------> quotedString
2021-11-19T10:23:54,041|[TRACE] script - #out(``created``) [token]
2021-11-19T10:23:54,041|[TRACE] graph - <------- quotedString
2021-11-19T10:23:54,041|[TRACE] graph - <----- statementPart
2021-11-19T10:23:54,041|[TRACE] graph - -----> statementPart
2021-11-19T10:23:54,041|[TRACE] graph - -------> nonSkippedSpace
2021-11-19T10:23:54,041|[TRACE] script - #out(` `) [token]
2021-11-19T10:23:54,041|[TRACE] graph - <------- nonSkippedSpace
2021-11-19T10:23:54,041|[TRACE] graph - <----- statementPart
2021-11-19T10:23:54,041|[TRACE] graph - -----> statementPart
2021-11-19T10:23:54,041|[TRACE] graph - -------> nonSkippedChar
2021-11-19T10:23:54,041|[TRACE] script - #out(`B`) [token]
2021-11-19T10:23:54,041|[TRACE] graph - <------- nonSkippedChar
2021-11-19T10:23:54,041|[TRACE] graph - <----- statementPart
2021-11-19T10:23:54,041|[TRACE] graph - -----> statementPart
2021-11-19T10:23:54,041|[TRACE] graph - -------> nonSkippedChar
2021-11-19T10:23:54,041|[TRACE] script - #out(`I`) [token]
2021-11-19T10:23:54,041|[TRACE] graph - <------- nonSkippedChar
2021-11-19T10:23:54,041|[TRACE] graph - <----- statementPart
2021-11-19T10:23:54,041|[TRACE] graph - -----> statementPart
2021-11-19T10:23:54,041|[TRACE] graph - -------> nonSkippedChar
2021-11-19T10:23:54,041|[TRACE] script - #out(`G`) [token]
2021-11-19T10:23:54,041|[TRACE] graph - <------- nonSkippedChar
2021-11-19T10:23:54,041|[TRACE] graph - <----- statementPart
2021-11-19T10:23:54,041|[TRACE] graph - -----> statementPart
2021-11-19T10:23:54,041|[TRACE] graph - -------> nonSkippedChar
2021-11-19T10:23:54,041|[TRACE] script - #out(`I`) [token]
2021-11-19T10:23:54,041|[TRACE] graph - <------- nonSkippedChar
2021-11-19T10:23:54,041|[TRACE] graph - <----- statementPart
2021-11-19T10:23:54,041|[TRACE] graph - -----> statementPart
2021-11-19T10:23:54,041|[TRACE] graph - -------> nonSkippedChar
2021-11-19T10:23:54,041|[TRACE] script - #out(`N`) [token]
2021-11-19T10:23:54,041|[TRACE] graph - <------- nonSkippedChar
2021-11-19T10:23:54,041|[TRACE] graph - <----- statementPart
2021-11-19T10:23:54,041|[TRACE] graph - -----> statementPart
2021-11-19T10:23:54,041|[TRACE] graph - -------> nonSkippedChar
2021-11-19T10:23:54,041|[TRACE] script - #out(`T`) [token]
2021-11-19T10:23:54,041|[TRACE] graph - <------- nonSkippedChar
2021-11-19T10:23:54,041|[TRACE] graph - <----- statementPart
2021-11-19T10:23:54,041|[TRACE] graph - -----> statementPart
2021-11-19T10:23:54,041|[TRACE] graph - -------> nonSkippedSpace
2021-11-19T10:23:54,041|[TRACE] script - #out(` `) [token]
2021-11-19T10:23:54,041|[TRACE] graph - <------- nonSkippedSpace
2021-11-19T10:23:54,041|[TRACE] graph - <----- statementPart
2021-11-19T10:23:54,041|[TRACE] graph - -----> statementPart
2021-11-19T10:23:54,041|[TRACE] graph - -------> nonSkippedChar
2021-11-19T10:23:54,041|[TRACE] script - #out(`N`) [token]
2021-11-19T10:23:54,041|[TRACE] graph - <------- nonSkippedChar
2021-11-19T10:23:54,041|[TRACE] graph - <----- statementPart
2021-11-19T10:23:54,041|[TRACE] graph - -----> statementPart
2021-11-19T10:23:54,041|[TRACE] graph - -------> nonSkippedChar
2021-11-19T10:23:54,041|[TRACE] script - #out(`O`) [token]
2021-11-19T10:23:54,041|[TRACE] graph - <------- nonSkippedChar
2021-11-19T10:23:54,041|[TRACE] graph - <----- statementPart
2021-11-19T10:23:54,041|[TRACE] graph - -----> statementPart
2021-11-19T10:23:54,041|[TRACE] graph - -------> nonSkippedChar
2021-11-19T10:23:54,041|[TRACE] script - #out(`T`) [token]
2021-11-19T10:23:54,041|[TRACE] graph - <------- nonSkippedChar
2021-11-19T10:23:54,041|[TRACE] graph - <----- statementPart
2021-11-19T10:23:54,041|[TRACE] graph - -----> statementPart
2021-11-19T10:23:54,041|[TRACE] graph - -------> nonSkippedSpace
2021-11-19T10:23:54,041|[TRACE] script - #out(` `) [token]
2021-11-19T10:23:54,041|[TRACE] graph - <------- nonSkippedSpace
2021-11-19T10:23:54,041|[TRACE] graph - <----- statementPart
2021-11-19T10:23:54,041|[TRACE] graph - -----> statementPart
2021-11-19T10:23:54,041|[TRACE] graph - -------> nonSkippedChar
2021-11-19T10:23:54,041|[TRACE] script - #out(`N`) [token]
2021-11-19T10:23:54,041|[TRACE] graph - <------- nonSkippedChar
2021-11-19T10:23:54,041|[TRACE] graph - <----- statementPart
2021-11-19T10:23:54,041|[TRACE] graph - -----> statementPart
2021-11-19T10:23:54,041|[TRACE] graph - -------> nonSkippedChar
2021-11-19T10:23:54,041|[TRACE] script - #out(`U`) [token]
2021-11-19T10:23:54,041|[TRACE] graph - <------- nonSkippedChar
2021-11-19T10:23:54,041|[TRACE] graph - <----- statementPart
2021-11-19T10:23:54,041|[TRACE] graph - -----> statementPart
2021-11-19T10:23:54,041|[TRACE] graph - -------> nonSkippedChar
2021-11-19T10:23:54,041|[TRACE] script - #out(`L`) [token]
2021-11-19T10:23:54,041|[TRACE] graph - <------- nonSkippedChar
2021-11-19T10:23:54,041|[TRACE] graph - <----- statementPart
2021-11-19T10:23:54,041|[TRACE] graph - -----> statementPart
2021-11-19T10:23:54,041|[TRACE] graph - -------> nonSkippedChar
2021-11-19T10:23:54,041|[TRACE] script - #out(`L`) [token]
2021-11-19T10:23:54,041|[TRACE] graph - <------- nonSkippedChar
2021-11-19T10:23:54,041|[TRACE] graph - <----- statementPart
2021-11-19T10:23:54,041|[TRACE] graph - -----> statementPart
2021-11-19T10:23:54,041|[TRACE] graph - -------> nonSkippedSpace
2021-11-19T10:23:54,041|[TRACE] script - #out(` `) [token]
2021-11-19T10:23:54,041|[TRACE] graph - <------- nonSkippedSpace
2021-11-19T10:23:54,041|[TRACE] graph - <----- statementPart
2021-11-19T10:23:54,041|[TRACE] graph - -----> statementPart
2021-11-19T10:23:54,041|[TRACE] graph - -------> nonSkippedChar
2021-11-19T10:23:54,041|[TRACE] script - #out(`D`) [token]
2021-11-19T10:23:54,041|[TRACE] graph - <------- nonSkippedChar
2021-11-19T10:23:54,041|[TRACE] graph - <----- statementPart
2021-11-19T10:23:54,041|[TRACE] graph - -----> statementPart
2021-11-19T10:23:54,041|[TRACE] graph - -------> nonSkippedChar
2021-11-19T10:23:54,041|[TRACE] script - #out(`E`) [token]
2021-11-19T10:23:54,041|[TRACE] graph - <------- nonSkippedChar
2021-11-19T10:23:54,041|[TRACE] graph - <----- statementPart
2021-11-19T10:23:54,041|[TRACE] graph - -----> statementPart
2021-11-19T10:23:54,041|[TRACE] graph - -------> nonSkippedChar
2021-11-19T10:23:54,041|[TRACE] script - #out(`F`) [token]
2021-11-19T10:23:54,041|[TRACE] graph - <------- nonSkippedChar
2021-11-19T10:23:54,041|[TRACE] graph - <----- statementPart
2021-11-19T10:23:54,041|[TRACE] graph - -----> statementPart
2021-11-19T10:23:54,041|[TRACE] graph - -------> nonSkippedChar
2021-11-19T10:23:54,041|[TRACE] script - #out(`A`) [token]
2021-11-19T10:23:54,041|[TRACE] graph - <------- nonSkippedChar
2021-11-19T10:23:54,041|[TRACE] graph - <----- statementPart
2021-11-19T10:23:54,041|[TRACE] graph - -----> statementPart
2021-11-19T10:23:54,041|[TRACE] graph - -------> nonSkippedChar
2021-11-19T10:23:54,041|[TRACE] script - #out(`U`) [token]
2021-11-19T10:23:54,041|[TRACE] graph - <------- nonSkippedChar
2021-11-19T10:23:54,041|[TRACE] graph - <----- statementPart
2021-11-19T10:23:54,041|[TRACE] graph - -----> statementPart
2021-11-19T10:23:54,041|[TRACE] graph - -------> nonSkippedChar
2021-11-19T10:23:54,041|[TRACE] script - #out(`L`) [token]
2021-11-19T10:23:54,041|[TRACE] graph - <------- nonSkippedChar
2021-11-19T10:23:54,041|[TRACE] graph - <----- statementPart
2021-11-19T10:23:54,041|[TRACE] graph - -----> statementPart
2021-11-19T10:23:54,041|[TRACE] graph - -------> nonSkippedChar
2021-11-19T10:23:54,041|[TRACE] script - #out(`T`) [token]
2021-11-19T10:23:54,041|[TRACE] graph - <------- nonSkippedChar
2021-11-19T10:23:54,041|[TRACE] graph - <----- statementPart
2021-11-19T10:23:54,041|[TRACE] graph - -----> statementPart
2021-11-19T10:23:54,041|[TRACE] graph - -------> nonSkippedSpace
2021-11-19T10:23:54,041|[TRACE] script - #out(` `) [token]
2021-11-19T10:23:54,041|[TRACE] graph - <------- nonSkippedSpace
2021-11-19T10:23:54,041|[TRACE] graph - <----- statementPart
2021-11-19T10:23:54,041|[TRACE] graph - -----> statementPart
2021-11-19T10:23:54,041|[TRACE] graph - -------> nonSkippedChar
2021-11-19T10:23:54,041|[TRACE] script - #out(`(`) [token]
2021-11-19T10:23:54,041|[TRACE] graph - <------- nonSkippedChar
2021-11-19T10:23:54,041|[TRACE] graph - <----- statementPart
2021-11-19T10:23:54,041|[TRACE] graph - -----> statementPart
2021-11-19T10:23:54,041|[TRACE] graph - -------> nonSkippedChar
2021-11-19T10:23:54,041|[TRACE] script - #out(`u`) [token]
2021-11-19T10:23:54,041|[TRACE] graph - <------- nonSkippedChar
2021-11-19T10:23:54,041|[TRACE] graph - <----- statementPart
2021-11-19T10:23:54,041|[TRACE] graph - -----> statementPart
2021-11-19T10:23:54,041|[TRACE] graph - -------> nonSkippedChar
2021-11-19T10:23:54,041|[TRACE] script - #out(`n`) [token]
2021-11-19T10:23:54,041|[TRACE] graph - <------- nonSkippedChar
2021-11-19T10:23:54,041|[TRACE] graph - <----- statementPart
2021-11-19T10:23:54,041|[TRACE] graph - -----> statementPart
2021-11-19T10:23:54,041|[TRACE] graph - -------> nonSkippedChar
2021-11-19T10:23:54,041|[TRACE] script - #out(`i`) [token]
2021-11-19T10:23:54,041|[TRACE] graph - <------- nonSkippedChar
2021-11-19T10:23:54,041|[TRACE] graph - <----- statementPart
2021-11-19T10:23:54,041|[TRACE] graph - -----> statementPart
2021-11-19T10:23:54,041|[TRACE] graph - -------> nonSkippedChar
2021-11-19T10:23:54,041|[TRACE] script - #out(`x`) [token]
2021-11-19T10:23:54,041|[TRACE] graph - <------- nonSkippedChar
2021-11-19T10:23:54,041|[TRACE] graph - <----- statementPart
2021-11-19T10:23:54,041|[TRACE] graph - -----> statementPart
2021-11-19T10:23:54,041|[TRACE] graph - -------> nonSkippedChar
2021-11-19T10:23:54,041|[TRACE] script - #out(`_`) [token]
2021-11-19T10:23:54,041|[TRACE] graph - <------- nonSkippedChar
2021-11-19T10:23:54,041|[TRACE] graph - <----- statementPart
2021-11-19T10:23:54,041|[TRACE] graph - -----> statementPart
2021-11-19T10:23:54,041|[TRACE] graph - -------> nonSkippedChar
2021-11-19T10:23:54,041|[TRACE] script - #out(`t`) [token]
2021-11-19T10:23:54,041|[TRACE] graph - <------- nonSkippedChar
2021-11-19T10:23:54,041|[TRACE] graph - <----- statementPart
2021-11-19T10:23:54,041|[TRACE] graph - -----> statementPart
2021-11-19T10:23:54,041|[TRACE] graph - -------> nonSkippedChar
2021-11-19T10:23:54,041|[TRACE] script - #out(`i`) [token]
2021-11-19T10:23:54,041|[TRACE] graph - <------- nonSkippedChar
2021-11-19T10:23:54,041|[TRACE] graph - <----- statementPart
2021-11-19T10:23:54,041|[TRACE] graph - -----> statementPart
2021-11-19T10:23:54,041|[TRACE] graph - -------> nonSkippedChar
2021-11-19T10:23:54,041|[TRACE] script - #out(`m`) [token]
2021-11-19T10:23:54,041|[TRACE] graph - <------- nonSkippedChar
2021-11-19T10:23:54,041|[TRACE] graph - <----- statementPart
2021-11-19T10:23:54,041|[TRACE] graph - -----> statementPart
2021-11-19T10:23:54,041|[TRACE] graph - -------> nonSkippedChar
2021-11-19T10:23:54,041|[TRACE] script - #out(`e`) [token]
2021-11-19T10:23:54,041|[TRACE] graph - <------- nonSkippedChar
2021-11-19T10:23:54,041|[TRACE] graph - <----- statementPart
2021-11-19T10:23:54,041|[TRACE] graph - -----> statementPart
2021-11-19T10:23:54,041|[TRACE] graph - -------> nonSkippedChar
2021-11-19T10:23:54,041|[TRACE] script - #out(`s`) [token]
2021-11-19T10:23:54,041|[TRACE] graph - <------- nonSkippedChar
2021-11-19T10:23:54,041|[TRACE] graph - <----- statementPart
2021-11-19T10:23:54,041|[TRACE] graph - -----> statementPart
2021-11-19T10:23:54,041|[TRACE] graph - -------> nonSkippedChar
2021-11-19T10:23:54,041|[TRACE] script - #out(`t`) [token]
2021-11-19T10:23:54,041|[TRACE] graph - <------- nonSkippedChar
2021-11-19T10:23:54,041|[TRACE] graph - <----- statementPart
2021-11-19T10:23:54,041|[TRACE] graph - -----> statementPart
2021-11-19T10:23:54,041|[TRACE] graph - -------> nonSkippedChar
2021-11-19T10:23:54,041|[TRACE] script - #out(`a`) [token]
2021-11-19T10:23:54,041|[TRACE] graph - <------- nonSkippedChar
2021-11-19T10:23:54,041|[TRACE] graph - <----- statementPart
2021-11-19T10:23:54,041|[TRACE] graph - -----> statementPart
2021-11-19T10:23:54,041|[TRACE] graph - -------> nonSkippedChar
2021-11-19T10:23:54,041|[TRACE] script - #out(`m`) [token]
2021-11-19T10:23:54,041|[TRACE] graph - <------- nonSkippedChar
2021-11-19T10:23:54,041|[TRACE] graph - <----- statementPart
2021-11-19T10:23:54,041|[TRACE] graph - -----> statementPart
2021-11-19T10:23:54,041|[TRACE] graph - -------> nonSkippedChar
2021-11-19T10:23:54,041|[TRACE] script - #out(`p`) [token]
2021-11-19T10:23:54,041|[TRACE] graph - <------- nonSkippedChar
2021-11-19T10:23:54,041|[TRACE] graph - <----- statementPart
2021-11-19T10:23:54,041|[TRACE] graph - -----> statementPart
2021-11-19T10:23:54,041|[TRACE] graph - -------> nonSkippedChar
2021-11-19T10:23:54,041|[TRACE] script - #out(`(`) [token]
2021-11-19T10:23:54,041|[TRACE] graph - <------- nonSkippedChar
2021-11-19T10:23:54,041|[TRACE] graph - <----- statementPart
2021-11-19T10:23:54,041|[TRACE] graph - -----> statementPart
2021-11-19T10:23:54,041|[TRACE] graph - -------> nonSkippedChar
2021-11-19T10:23:54,041|[TRACE] script - #out(`n`) [token]
2021-11-19T10:23:54,041|[TRACE] graph - <------- nonSkippedChar
2021-11-19T10:23:54,041|[TRACE] graph - <----- statementPart
2021-11-19T10:23:54,041|[TRACE] graph - -----> statementPart
2021-11-19T10:23:54,041|[TRACE] graph - -------> nonSkippedChar
2021-11-19T10:23:54,041|[TRACE] script - #out(`o`) [token]
2021-11-19T10:23:54,041|[TRACE] graph - <------- nonSkippedChar
2021-11-19T10:23:54,041|[TRACE] graph - <----- statementPart
2021-11-19T10:23:54,041|[TRACE] graph - -----> statementPart
2021-11-19T10:23:54,041|[TRACE] graph - -------> nonSkippedChar
2021-11-19T10:23:54,041|[TRACE] script - #out(`w`) [token]
2021-11-19T10:23:54,041|[TRACE] graph - <------- nonSkippedChar
2021-11-19T10:23:54,041|[TRACE] graph - <----- statementPart
2021-11-19T10:23:54,041|[TRACE] graph - -----> statementPart
2021-11-19T10:23:54,041|[TRACE] graph - -------> nonSkippedChar
2021-11-19T10:23:54,041|[TRACE] script - #out(`(`) [token]
2021-11-19T10:23:54,041|[TRACE] graph - <------- nonSkippedChar
2021-11-19T10:23:54,041|[TRACE] graph - <----- statementPart
2021-11-19T10:23:54,041|[TRACE] graph - -----> statementPart
2021-11-19T10:23:54,041|[TRACE] graph - -------> nonSkippedChar
2021-11-19T10:23:54,041|[TRACE] script - #out(`)`) [token]
2021-11-19T10:23:54,041|[TRACE] graph - <------- nonSkippedChar
2021-11-19T10:23:54,041|[TRACE] graph - <----- statementPart
2021-11-19T10:23:54,041|[TRACE] graph - -----> statementPart
2021-11-19T10:23:54,041|[TRACE] graph - -------> nonSkippedChar
2021-11-19T10:23:54,041|[TRACE] script - #out(`)`) [token]
2021-11-19T10:23:54,041|[TRACE] graph - <------- nonSkippedChar
2021-11-19T10:23:54,041|[TRACE] graph - <----- statementPart
2021-11-19T10:23:54,041|[TRACE] graph - -----> statementPart
2021-11-19T10:23:54,041|[TRACE] graph - -------> nonSkippedSpace
2021-11-19T10:23:54,041|[TRACE] script - #out(` `) [token]
2021-11-19T10:23:54,041|[TRACE] graph - <------- nonSkippedSpace
2021-11-19T10:23:54,041|[TRACE] graph - <----- statementPart
2021-11-19T10:23:54,041|[TRACE] graph - -----> statementPart
2021-11-19T10:23:54,041|[TRACE] graph - -------> nonSkippedChar
2021-11-19T10:23:54,041|[TRACE] script - #out(`*`) [token]
2021-11-19T10:23:54,041|[TRACE] graph - <------- nonSkippedChar
2021-11-19T10:23:54,041|[TRACE] graph - <----- statementPart
2021-11-19T10:23:54,041|[TRACE] graph - -----> statementPart
2021-11-19T10:23:54,041|[TRACE] graph - -------> nonSkippedSpace
2021-11-19T10:23:54,041|[TRACE] script - #out(` `) [token]
2021-11-19T10:23:54,041|[TRACE] graph - <------- nonSkippedSpace
2021-11-19T10:23:54,041|[TRACE] graph - <----- statementPart
2021-11-19T10:23:54,041|[TRACE] graph - -----> statementPart
2021-11-19T10:23:54,041|[TRACE] graph - -------> nonSkippedChar
2021-11-19T10:23:54,041|[TRACE] script - #out(`1`) [token]
2021-11-19T10:23:54,041|[TRACE] graph - <------- nonSkippedChar
2021-11-19T10:23:54,041|[TRACE] graph - <----- statementPart
2021-11-19T10:23:54,041|[TRACE] graph - -----> statementPart
2021-11-19T10:23:54,041|[TRACE] graph - -------> nonSkippedChar
2021-11-19T10:23:54,041|[TRACE] script - #out(`0`) [token]
2021-11-19T10:23:54,041|[TRACE] graph - <------- nonSkippedChar
2021-11-19T10:23:54,041|[TRACE] graph - <----- statementPart
2021-11-19T10:23:54,041|[TRACE] graph - -----> statementPart
2021-11-19T10:23:54,041|[TRACE] graph - -------> nonSkippedChar
2021-11-19T10:23:54,041|[TRACE] script - #out(`0`) [token]
2021-11-19T10:23:54,041|[TRACE] graph - <------- nonSkippedChar
2021-11-19T10:23:54,041|[TRACE] graph - <----- statementPart
2021-11-19T10:23:54,041|[TRACE] graph - -----> statementPart
2021-11-19T10:23:54,041|[TRACE] graph - -------> nonSkippedChar
2021-11-19T10:23:54,041|[TRACE] script - #out(`0`) [token]
2021-11-19T10:23:54,041|[TRACE] graph - <------- nonSkippedChar
2021-11-19T10:23:54,041|[TRACE] graph - <----- statementPart
2021-11-19T10:23:54,041|[TRACE] graph - -----> statementPart
2021-11-19T10:23:54,041|[TRACE] graph - -------> nonSkippedChar
2021-11-19T10:23:54,041|[TRACE] script - #out(`)`) [token]
2021-11-19T10:23:54,041|[TRACE] graph - <------- nonSkippedChar
2021-11-19T10:23:54,041|[TRACE] graph - <----- statementPart
2021-11-19T10:23:54,041|[TRACE] graph - -----> statementPart
2021-11-19T10:23:54,041|[TRACE] graph - -------> nonSkippedChar
2021-11-19T10:23:54,041|[TRACE] script - #out(`,`) [token]
2021-11-19T10:23:54,041|[TRACE] graph - <------- nonSkippedChar
2021-11-19T10:23:54,041|[TRACE] graph - <----- statementPart
2021-11-19T10:23:54,041|[TRACE] graph - -----> afterStatementPartNewline
2021-11-19T10:23:54,041|[TRACE] script - #out(` `) [text]
2021-11-19T10:23:54,041|[TRACE] graph - <----- afterStatementPartNewline
2021-11-19T10:23:54,041|[TRACE] graph - -----> statementPart
2021-11-19T10:23:54,041|[TRACE] graph - -------> nonSkippedSpace
2021-11-19T10:23:54,041|[TRACE] script - #out(` `) [token]
2021-11-19T10:23:54,042|[TRACE] graph - <------- nonSkippedSpace
2021-11-19T10:23:54,042|[TRACE] graph - <----- statementPart
2021-11-19T10:23:54,042|[TRACE] graph - -----> statementPart
2021-11-19T10:23:54,042|[TRACE] graph - -------> nonSkippedSpace
2021-11-19T10:23:54,042|[TRACE] script - #out(` `) [token]
2021-11-19T10:23:54,042|[TRACE] graph - <------- nonSkippedSpace
2021-11-19T10:23:54,042|[TRACE] graph - <----- statementPart
2021-11-19T10:23:54,042|[TRACE] graph - -----> statementPart
2021-11-19T10:23:54,042|[TRACE] graph - -------> quotedString
2021-11-19T10:23:54,042|[TRACE] script - #out(``updated``) [token]
2021-11-19T10:23:54,042|[TRACE] graph - <------- quotedString
2021-11-19T10:23:54,042|[TRACE] graph - <----- statementPart
2021-11-19T10:23:54,042|[TRACE] graph - -----> statementPart
2021-11-19T10:23:54,042|[TRACE] graph - -------> nonSkippedSpace
2021-11-19T10:23:54,042|[TRACE] script - #out(` `) [token]
2021-11-19T10:23:54,042|[TRACE] graph - <------- nonSkippedSpace
2021-11-19T10:23:54,042|[TRACE] graph - <----- statementPart
2021-11-19T10:23:54,042|[TRACE] graph - -----> statementPart
2021-11-19T10:23:54,042|[TRACE] graph - -------> nonSkippedChar
2021-11-19T10:23:54,042|[TRACE] script - #out(`B`) [token]
2021-11-19T10:23:54,042|[TRACE] graph - <------- nonSkippedChar
2021-11-19T10:23:54,042|[TRACE] graph - <----- statementPart
2021-11-19T10:23:54,042|[TRACE] graph - -----> statementPart
2021-11-19T10:23:54,042|[TRACE] graph - -------> nonSkippedChar
2021-11-19T10:23:54,042|[TRACE] script - #out(`I`) [token]
2021-11-19T10:23:54,042|[TRACE] graph - <------- nonSkippedChar
2021-11-19T10:23:54,042|[TRACE] graph - <----- statementPart
2021-11-19T10:23:54,042|[TRACE] graph - -----> statementPart
2021-11-19T10:23:54,042|[TRACE] graph - -------> nonSkippedChar
2021-11-19T10:23:54,042|[TRACE] script - #out(`G`) [token]
2021-11-19T10:23:54,042|[TRACE] graph - <------- nonSkippedChar
2021-11-19T10:23:54,042|[TRACE] graph - <----- statementPart
2021-11-19T10:23:54,042|[TRACE] graph - -----> statementPart
2021-11-19T10:23:54,042|[TRACE] graph - -------> nonSkippedChar
2021-11-19T10:23:54,042|[TRACE] script - #out(`I`) [token]
2021-11-19T10:23:54,042|[TRACE] graph - <------- nonSkippedChar
2021-11-19T10:23:54,042|[TRACE] graph - <----- statementPart
2021-11-19T10:23:54,042|[TRACE] graph - -----> statementPart
2021-11-19T10:23:54,042|[TRACE] graph - -------> nonSkippedChar
2021-11-19T10:23:54,042|[TRACE] script - #out(`N`) [token]
2021-11-19T10:23:54,042|[TRACE] graph - <------- nonSkippedChar
2021-11-19T10:23:54,042|[TRACE] graph - <----- statementPart
2021-11-19T10:23:54,042|[TRACE] graph - -----> statementPart
2021-11-19T10:23:54,042|[TRACE] graph - -------> nonSkippedChar
2021-11-19T10:23:54,042|[TRACE] script - #out(`T`) [token]
2021-11-19T10:23:54,042|[TRACE] graph - <------- nonSkippedChar
2021-11-19T10:23:54,042|[TRACE] graph - <----- statementPart
2021-11-19T10:23:54,165|[TRACE] graph - -----> statementPart
2021-11-19T10:23:54,165|[TRACE] graph - -------> nonSkippedSpace
2021-11-19T10:23:54,165|[TRACE] script - #out(` `) [token]
2021-11-19T10:23:54,165|[TRACE] graph - <------- nonSkippedSpace
2021-11-19T10:23:54,165|[TRACE] graph - <----- statementPart
2021-11-19T10:23:54,165|[TRACE] graph - -----> statementPart
2021-11-19T10:23:54,165|[TRACE] graph - -------> nonSkippedChar
2021-11-19T10:23:54,165|[TRACE] script - #out(`N`) [token]
2021-11-19T10:23:54,165|[TRACE] graph - <------- nonSkippedChar
2021-11-19T10:23:54,165|[TRACE] graph - <----- statementPart
2021-11-19T10:23:54,165|[TRACE] graph - -----> statementPart
2021-11-19T10:23:54,165|[TRACE] graph - -------> nonSkippedChar
2021-11-19T10:23:54,165|[TRACE] script - #out(`O`) [token]
2021-11-19T10:23:54,165|[TRACE] graph - <------- nonSkippedChar
2021-11-19T10:23:54,165|[TRACE] graph - <----- statementPart
2021-11-19T10:23:54,165|[TRACE] graph - -----> statementPart
2021-11-19T10:23:54,165|[TRACE] graph - -------> nonSkippedChar
2021-11-19T10:23:54,165|[TRACE] script - #out(`T`) [token]
2021-11-19T10:23:54,165|[TRACE] graph - <------- nonSkippedChar
2021-11-19T10:23:54,165|[TRACE] graph - <----- statementPart
2021-11-19T10:23:54,165|[TRACE] graph - -----> statementPart
2021-11-19T10:23:54,165|[TRACE] graph - -------> nonSkippedSpace
2021-11-19T10:23:54,165|[TRACE] script - #out(` `) [token]
2021-11-19T10:23:54,165|[TRACE] graph - <------- nonSkippedSpace
2021-11-19T10:23:54,165|[TRACE] graph - <----- statementPart
2021-11-19T10:23:54,165|[TRACE] graph - -----> statementPart
2021-11-19T10:23:54,165|[TRACE] graph - -------> nonSkippedChar
2021-11-19T10:23:54,165|[TRACE] script - #out(`N`) [token]
2021-11-19T10:23:54,165|[TRACE] graph - <------- nonSkippedChar
2021-11-19T10:23:54,165|[TRACE] graph - <----- statementPart
2021-11-19T10:23:54,165|[TRACE] graph - -----> statementPart
2021-11-19T10:23:54,165|[TRACE] graph - -------> nonSkippedChar
2021-11-19T10:23:54,165|[TRACE] script - #out(`U`) [token]
2021-11-19T10:23:54,165|[TRACE] graph - <------- nonSkippedChar
2021-11-19T10:23:54,165|[TRACE] graph - <----- statementPart
2021-11-19T10:23:54,165|[TRACE] graph - -----> statementPart
2021-11-19T10:23:54,165|[TRACE] graph - -------> nonSkippedChar
2021-11-19T10:23:54,165|[TRACE] script - #out(`L`) [token]
2021-11-19T10:23:54,165|[TRACE] graph - <------- nonSkippedChar
2021-11-19T10:23:54,165|[TRACE] graph - <----- statementPart
2021-11-19T10:23:54,165|[TRACE] graph - -----> statementPart
2021-11-19T10:23:54,165|[TRACE] graph - -------> nonSkippedChar
2021-11-19T10:23:54,165|[TRACE] script - #out(`L`) [token]
2021-11-19T10:23:54,165|[TRACE] graph - <------- nonSkippedChar
2021-11-19T10:23:54,165|[TRACE] graph - <----- statementPart
2021-11-19T10:23:54,165|[TRACE] graph - -----> statementPart
2021-11-19T10:23:54,165|[TRACE] graph - -------> nonSkippedSpace
2021-11-19T10:23:54,165|[TRACE] script - #out(` `) [token]
2021-11-19T10:23:54,165|[TRACE] graph - <------- nonSkippedSpace
2021-11-19T10:23:54,165|[TRACE] graph - <----- statementPart
2021-11-19T10:23:54,165|[TRACE] graph - -----> statementPart
2021-11-19T10:23:54,165|[TRACE] graph - -------> nonSkippedChar
2021-11-19T10:23:54,165|[TRACE] script - #out(`D`) [token]
2021-11-19T10:23:54,165|[TRACE] graph - <------- nonSkippedChar
2021-11-19T10:23:54,165|[TRACE] graph - <----- statementPart
2021-11-19T10:23:54,165|[TRACE] graph - -----> statementPart
2021-11-19T10:23:54,165|[TRACE] graph - -------> nonSkippedChar
2021-11-19T10:23:54,165|[TRACE] script - #out(`E`) [token]
2021-11-19T10:23:54,165|[TRACE] graph - <------- nonSkippedChar
2021-11-19T10:23:54,165|[TRACE] graph - <----- statementPart
2021-11-19T10:23:54,165|[TRACE] graph - -----> statementPart
2021-11-19T10:23:54,165|[TRACE] graph - -------> nonSkippedChar
2021-11-19T10:23:54,165|[TRACE] script - #out(`F`) [token]
2021-11-19T10:23:54,165|[TRACE] graph - <------- nonSkippedChar
2021-11-19T10:23:54,165|[TRACE] graph - <----- statementPart
2021-11-19T10:23:54,165|[TRACE] graph - -----> statementPart
2021-11-19T10:23:54,165|[TRACE] graph - -------> nonSkippedChar
2021-11-19T10:23:54,165|[TRACE] script - #out(`A`) [token]
2021-11-19T10:23:54,165|[TRACE] graph - <------- nonSkippedChar
2021-11-19T10:23:54,165|[TRACE] graph - <----- statementPart
2021-11-19T10:23:54,165|[TRACE] graph - -----> statementPart
2021-11-19T10:23:54,165|[TRACE] graph - -------> nonSkippedChar
2021-11-19T10:23:54,165|[TRACE] script - #out(`U`) [token]
2021-11-19T10:23:54,165|[TRACE] graph - <------- nonSkippedChar
2021-11-19T10:23:54,165|[TRACE] graph - <----- statementPart
2021-11-19T10:23:54,165|[TRACE] graph - -----> statementPart
2021-11-19T10:23:54,165|[TRACE] graph - -------> nonSkippedChar
2021-11-19T10:23:54,165|[TRACE] script - #out(`L`) [token]
2021-11-19T10:23:54,165|[TRACE] graph - <------- nonSkippedChar
2021-11-19T10:23:54,165|[TRACE] graph - <----- statementPart
2021-11-19T10:23:54,165|[TRACE] graph - -----> statementPart
2021-11-19T10:23:54,165|[TRACE] graph - -------> nonSkippedChar
2021-11-19T10:23:54,165|[TRACE] script - #out(`T`) [token]
2021-11-19T10:23:54,165|[TRACE] graph - <------- nonSkippedChar
2021-11-19T10:23:54,165|[TRACE] graph - <----- statementPart
2021-11-19T10:23:54,165|[TRACE] graph - -----> statementPart
2021-11-19T10:23:54,165|[TRACE] graph - -------> nonSkippedSpace
2021-11-19T10:23:54,165|[TRACE] script - #out(` `) [token]
2021-11-19T10:23:54,165|[TRACE] graph - <------- nonSkippedSpace
2021-11-19T10:23:54,165|[TRACE] graph - <----- statementPart
2021-11-19T10:23:54,165|[TRACE] graph - -----> statementPart
2021-11-19T10:23:54,165|[TRACE] graph - -------> nonSkippedChar
2021-11-19T10:23:54,165|[TRACE] script - #out(`(`) [token]
2021-11-19T10:23:54,165|[TRACE] graph - <------- nonSkippedChar
2021-11-19T10:23:54,165|[TRACE] graph - <----- statementPart
2021-11-19T10:23:54,165|[TRACE] graph - -----> statementPart
2021-11-19T10:23:54,165|[TRACE] graph - -------> nonSkippedChar
2021-11-19T10:23:54,165|[TRACE] script - #out(`u`) [token]
2021-11-19T10:23:54,165|[TRACE] graph - <------- nonSkippedChar
2021-11-19T10:23:54,165|[TRACE] graph - <----- statementPart
2021-11-19T10:23:54,165|[TRACE] graph - -----> statementPart
2021-11-19T10:23:54,165|[TRACE] graph - -------> nonSkippedChar
2021-11-19T10:23:54,165|[TRACE] script - #out(`n`) [token]
2021-11-19T10:23:54,165|[TRACE] graph - <------- nonSkippedChar
2021-11-19T10:23:54,165|[TRACE] graph - <----- statementPart
2021-11-19T10:23:54,165|[TRACE] graph - -----> statementPart
2021-11-19T10:23:54,165|[TRACE] graph - -------> nonSkippedChar
2021-11-19T10:23:54,165|[TRACE] script - #out(`i`) [token]
2021-11-19T10:23:54,165|[TRACE] graph - <------- nonSkippedChar
2021-11-19T10:23:54,165|[TRACE] graph - <----- statementPart
2021-11-19T10:23:54,165|[TRACE] graph - -----> statementPart
2021-11-19T10:23:54,165|[TRACE] graph - -------> nonSkippedChar
2021-11-19T10:23:54,165|[TRACE] script - #out(`x`) [token]
2021-11-19T10:23:54,165|[TRACE] graph - <------- nonSkippedChar
2021-11-19T10:23:54,165|[TRACE] graph - <----- statementPart
2021-11-19T10:23:54,165|[TRACE] graph - -----> statementPart
2021-11-19T10:23:54,165|[TRACE] graph - -------> nonSkippedChar
2021-11-19T10:23:54,165|[TRACE] script - #out(`_`) [token]
2021-11-19T10:23:54,165|[TRACE] graph - <------- nonSkippedChar
2021-11-19T10:23:54,165|[TRACE] graph - <----- statementPart
2021-11-19T10:23:54,165|[TRACE] graph - -----> statementPart
2021-11-19T10:23:54,165|[TRACE] graph - -------> nonSkippedChar
2021-11-19T10:23:54,165|[TRACE] script - #out(`t`) [token]
2021-11-19T10:23:54,165|[TRACE] graph - <------- nonSkippedChar
2021-11-19T10:23:54,165|[TRACE] graph - <----- statementPart
2021-11-19T10:23:54,165|[TRACE] graph - -----> statementPart
2021-11-19T10:23:54,165|[TRACE] graph - -------> nonSkippedChar
2021-11-19T10:23:54,165|[TRACE] script - #out(`i`) [token]
2021-11-19T10:23:54,165|[TRACE] graph - <------- nonSkippedChar
2021-11-19T10:23:54,165|[TRACE] graph - <----- statementPart
2021-11-19T10:23:54,165|[TRACE] graph - -----> statementPart
2021-11-19T10:23:54,165|[TRACE] graph - -------> nonSkippedChar
2021-11-19T10:23:54,165|[TRACE] script - #out(`m`) [token]
2021-11-19T10:23:54,165|[TRACE] graph - <------- nonSkippedChar
2021-11-19T10:23:54,165|[TRACE] graph - <----- statementPart
2021-11-19T10:23:54,165|[TRACE] graph - -----> statementPart
2021-11-19T10:23:54,165|[TRACE] graph - -------> nonSkippedChar
2021-11-19T10:23:54,166|[TRACE] script - #out(`e`) [token]
2021-11-19T10:23:54,166|[TRACE] graph - <------- nonSkippedChar
2021-11-19T10:23:54,166|[TRACE] graph - <----- statementPart
2021-11-19T10:23:54,166|[TRACE] graph - -----> statementPart
2021-11-19T10:23:54,166|[TRACE] graph - -------> nonSkippedChar
2021-11-19T10:23:54,166|[TRACE] script - #out(`s`) [token]
2021-11-19T10:23:54,166|[TRACE] graph - <------- nonSkippedChar
2021-11-19T10:23:54,166|[TRACE] graph - <----- statementPart
2021-11-19T10:23:54,166|[TRACE] graph - -----> statementPart
2021-11-19T10:23:54,166|[TRACE] graph - -------> nonSkippedChar
2021-11-19T10:23:54,166|[TRACE] script - #out(`t`) [token]
2021-11-19T10:23:54,166|[TRACE] graph - <------- nonSkippedChar
2021-11-19T10:23:54,166|[TRACE] graph - <----- statementPart
2021-11-19T10:23:54,166|[TRACE] graph - -----> statementPart
2021-11-19T10:23:54,166|[TRACE] graph - -------> nonSkippedChar
2021-11-19T10:23:54,166|[TRACE] script - #out(`a`) [token]
2021-11-19T10:23:54,166|[TRACE] graph - <------- nonSkippedChar
2021-11-19T10:23:54,166|[TRACE] graph - <----- statementPart
2021-11-19T10:23:54,166|[TRACE] graph - -----> statementPart
2021-11-19T10:23:54,166|[TRACE] graph - -------> nonSkippedChar
2021-11-19T10:23:54,166|[TRACE] script - #out(`m`) [token]
2021-11-19T10:23:54,166|[TRACE] graph - <------- nonSkippedChar
2021-11-19T10:23:54,166|[TRACE] graph - <----- statementPart
2021-11-19T10:23:54,166|[TRACE] graph - -----> statementPart
2021-11-19T10:23:54,166|[TRACE] graph - -------> nonSkippedChar
2021-11-19T10:23:54,166|[TRACE] script - #out(`p`) [token]
2021-11-19T10:23:54,166|[TRACE] graph - <------- nonSkippedChar
2021-11-19T10:23:54,166|[TRACE] graph - <----- statementPart
2021-11-19T10:23:54,166|[TRACE] graph - -----> statementPart
2021-11-19T10:23:54,166|[TRACE] graph - -------> nonSkippedChar
2021-11-19T10:23:54,166|[TRACE] script - #out(`(`) [token]
2021-11-19T10:23:54,166|[TRACE] graph - <------- nonSkippedChar
2021-11-19T10:23:54,166|[TRACE] graph - <----- statementPart
2021-11-19T10:23:54,166|[TRACE] graph - -----> statementPart
2021-11-19T10:23:54,166|[TRACE] graph - -------> nonSkippedChar
2021-11-19T10:23:54,166|[TRACE] script - #out(`n`) [token]
2021-11-19T10:23:54,166|[TRACE] graph - <------- nonSkippedChar
2021-11-19T10:23:54,166|[TRACE] graph - <----- statementPart
2021-11-19T10:23:54,166|[TRACE] graph - -----> statementPart
2021-11-19T10:23:54,166|[TRACE] graph - -------> nonSkippedChar
2021-11-19T10:23:54,166|[TRACE] script - #out(`o`) [token]
2021-11-19T10:23:54,166|[TRACE] graph - <------- nonSkippedChar
2021-11-19T10:23:54,166|[TRACE] graph - <----- statementPart
2021-11-19T10:23:54,166|[TRACE] graph - -----> statementPart
2021-11-19T10:23:54,166|[TRACE] graph - -------> nonSkippedChar
2021-11-19T10:23:54,166|[TRACE] script - #out(`w`) [token]
2021-11-19T10:23:54,166|[TRACE] graph - <------- nonSkippedChar
2021-11-19T10:23:54,166|[TRACE] graph - <----- statementPart
2021-11-19T10:23:54,166|[TRACE] graph - -----> statementPart
2021-11-19T10:23:54,166|[TRACE] graph - -------> nonSkippedChar
2021-11-19T10:23:54,166|[TRACE] script - #out(`(`) [token]
2021-11-19T10:23:54,166|[TRACE] graph - <------- nonSkippedChar
2021-11-19T10:23:54,166|[TRACE] graph - <----- statementPart
2021-11-19T10:23:54,166|[TRACE] graph - -----> statementPart
2021-11-19T10:23:54,166|[TRACE] graph - -------> nonSkippedChar
2021-11-19T10:23:54,166|[TRACE] script - #out(`)`) [token]
2021-11-19T10:23:54,166|[TRACE] graph - <------- nonSkippedChar
2021-11-19T10:23:54,166|[TRACE] graph - <----- statementPart
2021-11-19T10:23:54,166|[TRACE] graph - -----> statementPart
2021-11-19T10:23:54,166|[TRACE] graph - -------> nonSkippedChar
2021-11-19T10:23:54,166|[TRACE] script - #out(`)`) [token]
2021-11-19T10:23:54,166|[TRACE] graph - <------- nonSkippedChar
2021-11-19T10:23:54,166|[TRACE] graph - <----- statementPart
2021-11-19T10:23:54,166|[TRACE] graph - -----> statementPart
2021-11-19T10:23:54,166|[TRACE] graph - -------> nonSkippedSpace
2021-11-19T10:23:54,166|[TRACE] script - #out(` `) [token]
2021-11-19T10:23:54,166|[TRACE] graph - <------- nonSkippedSpace
2021-11-19T10:23:54,166|[TRACE] graph - <----- statementPart
2021-11-19T10:23:54,166|[TRACE] graph - -----> statementPart
2021-11-19T10:23:54,166|[TRACE] graph - -------> nonSkippedChar
2021-11-19T10:23:54,166|[TRACE] script - #out(`*`) [token]
2021-11-19T10:23:54,166|[TRACE] graph - <------- nonSkippedChar
2021-11-19T10:23:54,166|[TRACE] graph - <----- statementPart
2021-11-19T10:23:54,166|[TRACE] graph - -----> statementPart
2021-11-19T10:23:54,166|[TRACE] graph - -------> nonSkippedSpace
2021-11-19T10:23:54,166|[TRACE] script - #out(` `) [token]
2021-11-19T10:23:54,166|[TRACE] graph - <------- nonSkippedSpace
2021-11-19T10:23:54,166|[TRACE] graph - <----- statementPart
2021-11-19T10:23:54,166|[TRACE] graph - -----> statementPart
2021-11-19T10:23:54,166|[TRACE] graph - -------> nonSkippedChar
2021-11-19T10:23:54,166|[TRACE] script - #out(`1`) [token]
2021-11-19T10:23:54,166|[TRACE] graph - <------- nonSkippedChar
2021-11-19T10:23:54,166|[TRACE] graph - <----- statementPart
2021-11-19T10:23:54,166|[TRACE] graph - -----> statementPart
2021-11-19T10:23:54,166|[TRACE] graph - -------> nonSkippedChar
2021-11-19T10:23:54,166|[TRACE] script - #out(`0`) [token]
2021-11-19T10:23:54,166|[TRACE] graph - <------- nonSkippedChar
2021-11-19T10:23:54,166|[TRACE] graph - <----- statementPart
2021-11-19T10:23:54,166|[TRACE] graph - -----> statementPart
2021-11-19T10:23:54,166|[TRACE] graph - -------> nonSkippedChar
2021-11-19T10:23:54,166|[TRACE] script - #out(`0`) [token]
2021-11-19T10:23:54,166|[TRACE] graph - <------- nonSkippedChar
2021-11-19T10:23:54,166|[TRACE] graph - <----- statementPart
2021-11-19T10:23:54,166|[TRACE] graph - -----> statementPart
2021-11-19T10:23:54,166|[TRACE] graph - -------> nonSkippedChar
2021-11-19T10:23:54,166|[TRACE] script - #out(`0`) [token]
2021-11-19T10:23:54,166|[TRACE] graph - <------- nonSkippedChar
2021-11-19T10:23:54,166|[TRACE] graph - <----- statementPart
2021-11-19T10:23:54,166|[TRACE] graph - -----> statementPart
2021-11-19T10:23:54,166|[TRACE] graph - -------> nonSkippedChar
2021-11-19T10:23:54,166|[TRACE] script - #out(`)`) [token]
2021-11-19T10:23:54,166|[TRACE] graph - <------- nonSkippedChar
2021-11-19T10:23:54,166|[TRACE] graph - <----- statementPart
2021-11-19T10:23:54,166|[TRACE] graph - -----> statementPart
2021-11-19T10:23:54,166|[TRACE] graph - -------> nonSkippedChar
2021-11-19T10:23:54,166|[TRACE] script - #out(`,`) [token]
2021-11-19T10:23:54,166|[TRACE] graph - <------- nonSkippedChar
2021-11-19T10:23:54,166|[TRACE] graph - <----- statementPart
2021-11-19T10:23:54,166|[TRACE] graph - -----> afterStatementPartNewline
2021-11-19T10:23:54,166|[TRACE] script - #out(` `) [text]
2021-11-19T10:23:54,166|[TRACE] graph - <----- afterStatementPartNewline
2021-11-19T10:23:54,166|[TRACE] graph - -----> statementPart
2021-11-19T10:23:54,166|[TRACE] graph - -------> nonSkippedSpace
2021-11-19T10:23:54,166|[TRACE] script - #out(` `) [token]
2021-11-19T10:23:54,166|[TRACE] graph - <------- nonSkippedSpace
2021-11-19T10:23:54,166|[TRACE] graph - <----- statementPart
2021-11-19T10:23:54,166|[TRACE] graph - -----> statementPart
2021-11-19T10:23:54,166|[TRACE] graph - -------> nonSkippedSpace
2021-11-19T10:23:54,166|[TRACE] script - #out(` `) [token]
2021-11-19T10:23:54,166|[TRACE] graph - <------- nonSkippedSpace
2021-11-19T10:23:54,166|[TRACE] graph - <----- statementPart
2021-11-19T10:23:54,166|[TRACE] graph - -----> statementPart
2021-11-19T10:23:54,166|[TRACE] graph - -------> quotedString
2021-11-19T10:23:54,166|[TRACE] script - #out(``version``) [token]
2021-11-19T10:23:54,166|[TRACE] graph - <------- quotedString
2021-11-19T10:23:54,166|[TRACE] graph - <----- statementPart
2021-11-19T10:23:54,166|[TRACE] graph - -----> statementPart
2021-11-19T10:23:54,166|[TRACE] graph - -------> nonSkippedSpace
2021-11-19T10:23:54,166|[TRACE] script - #out(` `) [token]
2021-11-19T10:23:54,166|[TRACE] graph - <------- nonSkippedSpace
2021-11-19T10:23:54,166|[TRACE] graph - <----- statementPart
2021-11-19T10:23:54,166|[TRACE] graph - -----> statementPart
2021-11-19T10:23:54,166|[TRACE] graph - -------> nonSkippedChar
2021-11-19T10:23:54,166|[TRACE] script - #out(`I`) [token]
2021-11-19T10:23:54,166|[TRACE] graph - <------- nonSkippedChar
2021-11-19T10:23:54,166|[TRACE] graph - <----- statementPart
2021-11-19T10:23:54,166|[TRACE] graph - -----> statementPart
2021-11-19T10:23:54,166|[TRACE] graph - -------> nonSkippedChar
2021-11-19T10:23:54,166|[TRACE] script - #out(`N`) [token]
2021-11-19T10:23:54,166|[TRACE] graph - <------- nonSkippedChar
2021-11-19T10:23:54,166|[TRACE] graph - <----- statementPart
2021-11-19T10:23:54,166|[TRACE] graph - -----> statementPart
2021-11-19T10:23:54,166|[TRACE] graph - -------> nonSkippedChar
2021-11-19T10:23:54,166|[TRACE] script - #out(`T`) [token]
2021-11-19T10:23:54,166|[TRACE] graph - <------- nonSkippedChar
2021-11-19T10:23:54,166|[TRACE] graph - <----- statementPart
2021-11-19T10:23:54,166|[TRACE] graph - -----> statementPart
2021-11-19T10:23:54,166|[TRACE] graph - -------> nonSkippedSpace
2021-11-19T10:23:54,166|[TRACE] script - #out(` `) [token]
2021-11-19T10:23:54,166|[TRACE] graph - <------- nonSkippedSpace
2021-11-19T10:23:54,166|[TRACE] graph - <----- statementPart
2021-11-19T10:23:54,166|[TRACE] graph - -----> statementPart
2021-11-19T10:23:54,166|[TRACE] graph - -------> nonSkippedChar
2021-11-19T10:23:54,166|[TRACE] script - #out(`N`) [token]
2021-11-19T10:23:54,166|[TRACE] graph - <------- nonSkippedChar
2021-11-19T10:23:54,166|[TRACE] graph - <----- statementPart
2021-11-19T10:23:54,166|[TRACE] graph - -----> statementPart
2021-11-19T10:23:54,166|[TRACE] graph - -------> nonSkippedChar
2021-11-19T10:23:54,166|[TRACE] script - #out(`O`) [token]
2021-11-19T10:23:54,166|[TRACE] graph - <------- nonSkippedChar
2021-11-19T10:23:54,166|[TRACE] graph - <----- statementPart
2021-11-19T10:23:54,166|[TRACE] graph - -----> statementPart
2021-11-19T10:23:54,166|[TRACE] graph - -------> nonSkippedChar
2021-11-19T10:23:54,166|[TRACE] script - #out(`T`) [token]
2021-11-19T10:23:54,166|[TRACE] graph - <------- nonSkippedChar
2021-11-19T10:23:54,166|[TRACE] graph - <----- statementPart
2021-11-19T10:23:54,166|[TRACE] graph - -----> statementPart
2021-11-19T10:23:54,166|[TRACE] graph - -------> nonSkippedSpace
2021-11-19T10:23:54,166|[TRACE] script - #out(` `) [token]
2021-11-19T10:23:54,166|[TRACE] graph - <------- nonSkippedSpace
2021-11-19T10:23:54,166|[TRACE] graph - <----- statementPart
2021-11-19T10:23:54,166|[TRACE] graph - -----> statementPart
2021-11-19T10:23:54,166|[TRACE] graph - -------> nonSkippedChar
2021-11-19T10:23:54,166|[TRACE] script - #out(`N`) [token]
2021-11-19T10:23:54,166|[TRACE] graph - <------- nonSkippedChar
2021-11-19T10:23:54,166|[TRACE] graph - <----- statementPart
2021-11-19T10:23:54,166|[TRACE] graph - -----> statementPart
2021-11-19T10:23:54,166|[TRACE] graph - -------> nonSkippedChar
2021-11-19T10:23:54,166|[TRACE] script - #out(`U`) [token]
2021-11-19T10:23:54,166|[TRACE] graph - <------- nonSkippedChar
2021-11-19T10:23:54,166|[TRACE] graph - <----- statementPart
2021-11-19T10:23:54,166|[TRACE] graph - -----> statementPart
2021-11-19T10:23:54,166|[TRACE] graph - -------> nonSkippedChar
2021-11-19T10:23:54,166|[TRACE] script - #out(`L`) [token]
2021-11-19T10:23:54,166|[TRACE] graph - <------- nonSkippedChar
2021-11-19T10:23:54,166|[TRACE] graph - <----- statementPart
2021-11-19T10:23:54,166|[TRACE] graph - -----> statementPart
2021-11-19T10:23:54,166|[TRACE] graph - -------> nonSkippedChar
2021-11-19T10:23:54,166|[TRACE] script - #out(`L`) [token]
2021-11-19T10:23:54,166|[TRACE] graph - <------- nonSkippedChar
2021-11-19T10:23:54,166|[TRACE] graph - <----- statementPart
2021-11-19T10:23:54,166|[TRACE] graph - -----> statementPart
2021-11-19T10:23:54,166|[TRACE] graph - -------> nonSkippedSpace
2021-11-19T10:23:54,166|[TRACE] script - #out(` `) [token]
2021-11-19T10:23:54,166|[TRACE] graph - <------- nonSkippedSpace
2021-11-19T10:23:54,166|[TRACE] graph - <----- statementPart
2021-11-19T10:23:54,166|[TRACE] graph - -----> statementPart
2021-11-19T10:23:54,166|[TRACE] graph - -------> nonSkippedChar
2021-11-19T10:23:54,166|[TRACE] script - #out(`D`) [token]
2021-11-19T10:23:54,166|[TRACE] graph - <------- nonSkippedChar
2021-11-19T10:23:54,166|[TRACE] graph - <----- statementPart
2021-11-19T10:23:54,166|[TRACE] graph - -----> statementPart
2021-11-19T10:23:54,166|[TRACE] graph - -------> nonSkippedChar
2021-11-19T10:23:54,166|[TRACE] script - #out(`E`) [token]
2021-11-19T10:23:54,166|[TRACE] graph - <------- nonSkippedChar
2021-11-19T10:23:54,166|[TRACE] graph - <----- statementPart
2021-11-19T10:23:54,166|[TRACE] graph - -----> statementPart
2021-11-19T10:23:54,166|[TRACE] graph - -------> nonSkippedChar
2021-11-19T10:23:54,166|[TRACE] script - #out(`F`) [token]
2021-11-19T10:23:54,166|[TRACE] graph - <------- nonSkippedChar
2021-11-19T10:23:54,166|[TRACE] graph - <----- statementPart
2021-11-19T10:23:54,166|[TRACE] graph - -----> statementPart
2021-11-19T10:23:54,166|[TRACE] graph - -------> nonSkippedChar
2021-11-19T10:23:54,166|[TRACE] script - #out(`A`) [token]
2021-11-19T10:23:54,166|[TRACE] graph - <------- nonSkippedChar
2021-11-19T10:23:54,166|[TRACE] graph - <----- statementPart
2021-11-19T10:23:54,166|[TRACE] graph - -----> statementPart
2021-11-19T10:23:54,166|[TRACE] graph - -------> nonSkippedChar
2021-11-19T10:23:54,166|[TRACE] script - #out(`U`) [token]
2021-11-19T10:23:54,166|[TRACE] graph - <------- nonSkippedChar
2021-11-19T10:23:54,166|[TRACE] graph - <----- statementPart
2021-11-19T10:23:54,166|[TRACE] graph - -----> statementPart
2021-11-19T10:23:54,166|[TRACE] graph - -------> nonSkippedChar
2021-11-19T10:23:54,166|[TRACE] script - #out(`L`) [token]
2021-11-19T10:23:54,166|[TRACE] graph - <------- nonSkippedChar
2021-11-19T10:23:54,166|[TRACE] graph - <----- statementPart
2021-11-19T10:23:54,166|[TRACE] graph - -----> statementPart
2021-11-19T10:23:54,166|[TRACE] graph - -------> nonSkippedChar
2021-11-19T10:23:54,166|[TRACE] script - #out(`T`) [token]
2021-11-19T10:23:54,166|[TRACE] graph - <------- nonSkippedChar
2021-11-19T10:23:54,166|[TRACE] graph - <----- statementPart
2021-11-19T10:23:54,166|[TRACE] graph - -----> statementPart
2021-11-19T10:23:54,166|[TRACE] graph - -------> nonSkippedSpace
2021-11-19T10:23:54,166|[TRACE] script - #out(` `) [token]
2021-11-19T10:23:54,166|[TRACE] graph - <------- nonSkippedSpace
2021-11-19T10:23:54,166|[TRACE] graph - <----- statementPart
2021-11-19T10:23:54,166|[TRACE] graph - -----> statementPart
2021-11-19T10:23:54,166|[TRACE] graph - -------> nonSkippedChar
2021-11-19T10:23:54,166|[TRACE] script - #out(`1`) [token]
2021-11-19T10:23:54,166|[TRACE] graph - <------- nonSkippedChar
2021-11-19T10:23:54,166|[TRACE] graph - <----- statementPart
2021-11-19T10:23:54,166|[TRACE] graph - -----> statementPart
2021-11-19T10:23:54,166|[TRACE] graph - -------> nonSkippedChar
2021-11-19T10:23:54,166|[TRACE] script - #out(`,`) [token]
2021-11-19T10:23:54,166|[TRACE] graph - <------- nonSkippedChar
2021-11-19T10:23:54,166|[TRACE] graph - <----- statementPart
2021-11-19T10:23:54,166|[TRACE] graph - -----> afterStatementPartNewline
2021-11-19T10:23:54,166|[TRACE] script - #out(` `) [text]
2021-11-19T10:23:54,166|[TRACE] graph - <----- afterStatementPartNewline
2021-11-19T10:23:54,166|[TRACE] graph - -----> statementPart
2021-11-19T10:23:54,166|[TRACE] graph - -------> nonSkippedSpace
2021-11-19T10:23:54,166|[TRACE] script - #out(` `) [token]
2021-11-19T10:23:54,166|[TRACE] graph - <------- nonSkippedSpace
2021-11-19T10:23:54,166|[TRACE] graph - <----- statementPart
2021-11-19T10:23:54,166|[TRACE] graph - -----> statementPart
2021-11-19T10:23:54,166|[TRACE] graph - -------> nonSkippedSpace
2021-11-19T10:23:54,166|[TRACE] script - #out(` `) [token]
2021-11-19T10:23:54,166|[TRACE] graph - <------- nonSkippedSpace
2021-11-19T10:23:54,166|[TRACE] graph - <----- statementPart
2021-11-19T10:23:54,166|[TRACE] graph - -----> statementPart
2021-11-19T10:23:54,166|[TRACE] graph - -------> nonSkippedChar
2021-11-19T10:23:54,166|[TRACE] script - #out(`I`) [token]
2021-11-19T10:23:54,166|[TRACE] graph - <------- nonSkippedChar
2021-11-19T10:23:54,166|[TRACE] graph - <----- statementPart
2021-11-19T10:23:54,166|[TRACE] graph - -----> statementPart
2021-11-19T10:23:54,166|[TRACE] graph - -------> nonSkippedChar
2021-11-19T10:23:54,166|[TRACE] script - #out(`N`) [token]
2021-11-19T10:23:54,166|[TRACE] graph - <------- nonSkippedChar
2021-11-19T10:23:54,166|[TRACE] graph - <----- statementPart
2021-11-19T10:23:54,166|[TRACE] graph - -----> statementPart
2021-11-19T10:23:54,166|[TRACE] graph - -------> nonSkippedChar
2021-11-19T10:23:54,166|[TRACE] script - #out(`D`) [token]
2021-11-19T10:23:54,166|[TRACE] graph - <------- nonSkippedChar
2021-11-19T10:23:54,166|[TRACE] graph - <----- statementPart
2021-11-19T10:23:54,166|[TRACE] graph - -----> statementPart
2021-11-19T10:23:54,166|[TRACE] graph - -------> nonSkippedChar
2021-11-19T10:23:54,166|[TRACE] script - #out(`E`) [token]
2021-11-19T10:23:54,167|[TRACE] graph - <------- nonSkippedChar
2021-11-19T10:23:54,167|[TRACE] graph - <----- statementPart
2021-11-19T10:23:54,167|[TRACE] graph - -----> statementPart
2021-11-19T10:23:54,167|[TRACE] graph - -------> nonSkippedChar
2021-11-19T10:23:54,167|[TRACE] script - #out(`X`) [token]
2021-11-19T10:23:54,167|[TRACE] graph - <------- nonSkippedChar
2021-11-19T10:23:54,167|[TRACE] graph - <----- statementPart
2021-11-19T10:23:54,167|[TRACE] graph - -----> statementPart
2021-11-19T10:23:54,167|[TRACE] graph - -------> nonSkippedSpace
2021-11-19T10:23:54,167|[TRACE] script - #out(` `) [token]
2021-11-19T10:23:54,167|[TRACE] graph - <------- nonSkippedSpace
2021-11-19T10:23:54,167|[TRACE] graph - <----- statementPart
2021-11-19T10:23:54,167|[TRACE] graph - -----> statementPart
2021-11-19T10:23:54,167|[TRACE] graph - -------> quotedString
2021-11-19T10:23:54,167|[TRACE] script - #out(``fk_donation_record_person1_idx``) [token]
2021-11-19T10:23:54,167|[TRACE] graph - <------- quotedString
2021-11-19T10:23:54,167|[TRACE] graph - <----- statementPart
2021-11-19T10:23:54,167|[TRACE] graph - -----> statementPart
2021-11-19T10:23:54,167|[TRACE] graph - -------> nonSkippedSpace
2021-11-19T10:23:54,167|[TRACE] script - #out(` `) [token]
2021-11-19T10:23:54,167|[TRACE] graph - <------- nonSkippedSpace
2021-11-19T10:23:54,167|[TRACE] graph - <----- statementPart
2021-11-19T10:23:54,167|[TRACE] graph - -----> statementPart
2021-11-19T10:23:54,167|[TRACE] graph - -------> nonSkippedChar
2021-11-19T10:23:54,167|[TRACE] script - #out(`(`) [token]
2021-11-19T10:23:54,167|[TRACE] graph - <------- nonSkippedChar
2021-11-19T10:23:54,167|[TRACE] graph - <----- statementPart
2021-11-19T10:23:54,167|[TRACE] graph - -----> statementPart
2021-11-19T10:23:54,167|[TRACE] graph - -------> quotedString
2021-11-19T10:23:54,167|[TRACE] script - #out(``person_id``) [token]
2021-11-19T10:23:54,167|[TRACE] graph - <------- quotedString
2021-11-19T10:23:54,167|[TRACE] graph - <----- statementPart
2021-11-19T10:23:54,167|[TRACE] graph - -----> statementPart
2021-11-19T10:23:54,167|[TRACE] graph - -------> nonSkippedSpace
2021-11-19T10:23:54,167|[TRACE] script - #out(` `) [token]
2021-11-19T10:23:54,167|[TRACE] graph - <------- nonSkippedSpace
2021-11-19T10:23:54,167|[TRACE] graph - <----- statementPart
2021-11-19T10:23:54,167|[TRACE] graph - -----> statementPart
2021-11-19T10:23:54,167|[TRACE] graph - -------> nonSkippedChar
2021-11-19T10:23:54,167|[TRACE] script - #out(`A`) [token]
2021-11-19T10:23:54,167|[TRACE] graph - <------- nonSkippedChar
2021-11-19T10:23:54,167|[TRACE] graph - <----- statementPart
2021-11-19T10:23:54,167|[TRACE] graph - -----> statementPart
2021-11-19T10:23:54,167|[TRACE] graph - -------> nonSkippedChar
2021-11-19T10:23:54,167|[TRACE] script - #out(`S`) [token]
2021-11-19T10:23:54,167|[TRACE] graph - <------- nonSkippedChar
2021-11-19T10:23:54,167|[TRACE] graph - <----- statementPart
2021-11-19T10:23:54,167|[TRACE] graph - -----> statementPart
2021-11-19T10:23:54,167|[TRACE] graph - -------> nonSkippedChar
2021-11-19T10:23:54,167|[TRACE] script - #out(`C`) [token]
2021-11-19T10:23:54,276|[TRACE] graph - <------- nonSkippedChar
2021-11-19T10:23:54,276|[TRACE] graph - <----- statementPart
2021-11-19T10:23:54,276|[TRACE] graph - -----> statementPart
2021-11-19T10:23:54,276|[TRACE] graph - -------> nonSkippedChar
2021-11-19T10:23:54,276|[TRACE] script - #out(`)`) [token]
2021-11-19T10:23:54,276|[TRACE] graph - <------- nonSkippedChar
2021-11-19T10:23:54,276|[TRACE] graph - <----- statementPart
2021-11-19T10:23:54,276|[TRACE] graph - -----> statementPart
2021-11-19T10:23:54,276|[TRACE] graph - -------> nonSkippedSpace
2021-11-19T10:23:54,276|[TRACE] script - #out(` `) [token]
2021-11-19T10:23:54,276|[TRACE] graph - <------- nonSkippedSpace
2021-11-19T10:23:54,276|[TRACE] graph - <----- statementPart
2021-11-19T10:23:54,276|[TRACE] graph - -----> statementPart
2021-11-19T10:23:54,276|[TRACE] graph - -------> nonSkippedChar
2021-11-19T10:23:54,276|[TRACE] script - #out(`V`) [token]
2021-11-19T10:23:54,276|[TRACE] graph - <------- nonSkippedChar
2021-11-19T10:23:54,276|[TRACE] graph - <----- statementPart
2021-11-19T10:23:54,276|[TRACE] graph - -----> statementPart
2021-11-19T10:23:54,276|[TRACE] graph - -------> nonSkippedChar
2021-11-19T10:23:54,276|[TRACE] script - #out(`I`) [token]
2021-11-19T10:23:54,276|[TRACE] graph - <------- nonSkippedChar
2021-11-19T10:23:54,276|[TRACE] graph - <----- statementPart
2021-11-19T10:23:54,276|[TRACE] graph - -----> statementPart
2021-11-19T10:23:54,276|[TRACE] graph - -------> nonSkippedChar
2021-11-19T10:23:54,276|[TRACE] script - #out(`S`) [token]
2021-11-19T10:23:54,276|[TRACE] graph - <------- nonSkippedChar
2021-11-19T10:23:54,276|[TRACE] graph - <----- statementPart
2021-11-19T10:23:54,276|[TRACE] graph - -----> statementPart
2021-11-19T10:23:54,276|[TRACE] graph - -------> nonSkippedChar
2021-11-19T10:23:54,276|[TRACE] script - #out(`I`) [token]
2021-11-19T10:23:54,276|[TRACE] graph - <------- nonSkippedChar
2021-11-19T10:23:54,276|[TRACE] graph - <----- statementPart
2021-11-19T10:23:54,276|[TRACE] graph - -----> statementPart
2021-11-19T10:23:54,276|[TRACE] graph - -------> nonSkippedChar
2021-11-19T10:23:54,276|[TRACE] script - #out(`B`) [token]
2021-11-19T10:23:54,276|[TRACE] graph - <------- nonSkippedChar
2021-11-19T10:23:54,276|[TRACE] graph - <----- statementPart
2021-11-19T10:23:54,276|[TRACE] graph - -----> statementPart
2021-11-19T10:23:54,276|[TRACE] graph - -------> nonSkippedChar
2021-11-19T10:23:54,276|[TRACE] script - #out(`L`) [token]
2021-11-19T10:23:54,276|[TRACE] graph - <------- nonSkippedChar
2021-11-19T10:23:54,276|[TRACE] graph - <----- statementPart
2021-11-19T10:23:54,276|[TRACE] graph - -----> statementPart
2021-11-19T10:23:54,276|[TRACE] graph - -------> nonSkippedChar
2021-11-19T10:23:54,276|[TRACE] script - #out(`E`) [token]
2021-11-19T10:23:54,276|[TRACE] graph - <------- nonSkippedChar
2021-11-19T10:23:54,276|[TRACE] graph - <----- statementPart
2021-11-19T10:23:54,276|[TRACE] graph - -----> statementPart
2021-11-19T10:23:54,276|[TRACE] graph - -------> nonSkippedChar
2021-11-19T10:23:54,276|[TRACE] script - #out(`,`) [token]
2021-11-19T10:23:54,276|[TRACE] graph - <------- nonSkippedChar
2021-11-19T10:23:54,276|[TRACE] graph - <----- statementPart
2021-11-19T10:23:54,276|[TRACE] graph - -----> afterStatementPartNewline
2021-11-19T10:23:54,276|[TRACE] script - #out(` `) [text]
2021-11-19T10:23:54,276|[TRACE] graph - <----- afterStatementPartNewline
2021-11-19T10:23:54,276|[TRACE] graph - -----> statementPart
2021-11-19T10:23:54,276|[TRACE] graph - -------> nonSkippedSpace
2021-11-19T10:23:54,276|[TRACE] script - #out(` `) [token]
2021-11-19T10:23:54,276|[TRACE] graph - <------- nonSkippedSpace
2021-11-19T10:23:54,276|[TRACE] graph - <----- statementPart
2021-11-19T10:23:54,276|[TRACE] graph - -----> statementPart
2021-11-19T10:23:54,276|[TRACE] graph - -------> nonSkippedSpace
2021-11-19T10:23:54,276|[TRACE] script - #out(` `) [token]
2021-11-19T10:23:54,276|[TRACE] graph - <------- nonSkippedSpace
2021-11-19T10:23:54,276|[TRACE] graph - <----- statementPart
2021-11-19T10:23:54,276|[TRACE] graph - -----> statementPart
2021-11-19T10:23:54,276|[TRACE] graph - -------> nonSkippedChar
2021-11-19T10:23:54,276|[TRACE] script - #out(`I`) [token]
2021-11-19T10:23:54,276|[TRACE] graph - <------- nonSkippedChar
2021-11-19T10:23:54,276|[TRACE] graph - <----- statementPart
2021-11-19T10:23:54,276|[TRACE] graph - -----> statementPart
2021-11-19T10:23:54,276|[TRACE] graph - -------> nonSkippedChar
2021-11-19T10:23:54,276|[TRACE] script - #out(`N`) [token]
2021-11-19T10:23:54,276|[TRACE] graph - <------- nonSkippedChar
2021-11-19T10:23:54,276|[TRACE] graph - <----- statementPart
2021-11-19T10:23:54,276|[TRACE] graph - -----> statementPart
2021-11-19T10:23:54,276|[TRACE] graph - -------> nonSkippedChar
2021-11-19T10:23:54,276|[TRACE] script - #out(`D`) [token]
2021-11-19T10:23:54,276|[TRACE] graph - <------- nonSkippedChar
2021-11-19T10:23:54,276|[TRACE] graph - <----- statementPart
2021-11-19T10:23:54,276|[TRACE] graph - -----> statementPart
2021-11-19T10:23:54,276|[TRACE] graph - -------> nonSkippedChar
2021-11-19T10:23:54,276|[TRACE] script - #out(`E`) [token]
2021-11-19T10:23:54,276|[TRACE] graph - <------- nonSkippedChar
2021-11-19T10:23:54,276|[TRACE] graph - <----- statementPart
2021-11-19T10:23:54,276|[TRACE] graph - -----> statementPart
2021-11-19T10:23:54,276|[TRACE] graph - -------> nonSkippedChar
2021-11-19T10:23:54,276|[TRACE] script - #out(`X`) [token]
2021-11-19T10:23:54,276|[TRACE] graph - <------- nonSkippedChar
2021-11-19T10:23:54,276|[TRACE] graph - <----- statementPart
2021-11-19T10:23:54,276|[TRACE] graph - -----> statementPart
2021-11-19T10:23:54,276|[TRACE] graph - -------> nonSkippedSpace
2021-11-19T10:23:54,276|[TRACE] script - #out(` `) [token]
2021-11-19T10:23:54,276|[TRACE] graph - <------- nonSkippedSpace
2021-11-19T10:23:54,276|[TRACE] graph - <----- statementPart
2021-11-19T10:23:54,276|[TRACE] graph - -----> statementPart
2021-11-19T10:23:54,276|[TRACE] graph - -------> quotedString
2021-11-19T10:23:54,276|[TRACE] script - #out(``fk_donation_record_blood_donation1_idx``) [token]
2021-11-19T10:23:54,276|[TRACE] graph - <------- quotedString
2021-11-19T10:23:54,276|[TRACE] graph - <----- statementPart
2021-11-19T10:23:54,276|[TRACE] graph - -----> statementPart
2021-11-19T10:23:54,276|[TRACE] graph - -------> nonSkippedSpace
2021-11-19T10:23:54,276|[TRACE] script - #out(` `) [token]
2021-11-19T10:23:54,276|[TRACE] graph - <------- nonSkippedSpace
2021-11-19T10:23:54,276|[TRACE] graph - <----- statementPart
2021-11-19T10:23:54,276|[TRACE] graph - -----> statementPart
2021-11-19T10:23:54,276|[TRACE] graph - -------> nonSkippedChar
2021-11-19T10:23:54,276|[TRACE] script - #out(`(`) [token]
2021-11-19T10:23:54,276|[TRACE] graph - <------- nonSkippedChar
2021-11-19T10:23:54,276|[TRACE] graph - <----- statementPart
2021-11-19T10:23:54,276|[TRACE] graph - -----> statementPart
2021-11-19T10:23:54,276|[TRACE] graph - -------> quotedString
2021-11-19T10:23:54,276|[TRACE] script - #out(``donation_id``) [token]
2021-11-19T10:23:54,276|[TRACE] graph - <------- quotedString
2021-11-19T10:23:54,276|[TRACE] graph - <----- statementPart
2021-11-19T10:23:54,276|[TRACE] graph - -----> statementPart
2021-11-19T10:23:54,276|[TRACE] graph - -------> nonSkippedSpace
2021-11-19T10:23:54,276|[TRACE] script - #out(` `) [token]
2021-11-19T10:23:54,276|[TRACE] graph - <------- nonSkippedSpace
2021-11-19T10:23:54,276|[TRACE] graph - <----- statementPart
2021-11-19T10:23:54,277|[TRACE] graph - -----> statementPart
2021-11-19T10:23:54,277|[TRACE] graph - -------> nonSkippedChar
2021-11-19T10:23:54,277|[TRACE] script - #out(`A`) [token]
2021-11-19T10:23:54,277|[TRACE] graph - <------- nonSkippedChar
2021-11-19T10:23:54,277|[TRACE] graph - <----- statementPart
2021-11-19T10:23:54,277|[TRACE] graph - -----> statementPart
2021-11-19T10:23:54,277|[TRACE] graph - -------> nonSkippedChar
2021-11-19T10:23:54,277|[TRACE] script - #out(`S`) [token]
2021-11-19T10:23:54,277|[TRACE] graph - <------- nonSkippedChar
2021-11-19T10:23:54,277|[TRACE] graph - <----- statementPart
2021-11-19T10:23:54,277|[TRACE] graph - -----> statementPart
2021-11-19T10:23:54,277|[TRACE] graph - -------> nonSkippedChar
2021-11-19T10:23:54,277|[TRACE] script - #out(`C`) [token]
2021-11-19T10:23:54,277|[TRACE] graph - <------- nonSkippedChar
2021-11-19T10:23:54,277|[TRACE] graph - <----- statementPart
2021-11-19T10:23:54,277|[TRACE] graph - -----> statementPart
2021-11-19T10:23:54,277|[TRACE] graph - -------> nonSkippedChar
2021-11-19T10:23:54,277|[TRACE] script - #out(`)`) [token]
2021-11-19T10:23:54,277|[TRACE] graph - <------- nonSkippedChar
2021-11-19T10:23:54,277|[TRACE] graph - <----- statementPart
2021-11-19T10:23:54,277|[TRACE] graph - -----> statementPart
2021-11-19T10:23:54,277|[TRACE] graph - -------> nonSkippedSpace
2021-11-19T10:23:54,277|[TRACE] script - #out(` `) [token]
2021-11-19T10:23:54,277|[TRACE] graph - <------- nonSkippedSpace
2021-11-19T10:23:54,277|[TRACE] graph - <----- statementPart
2021-11-19T10:23:54,277|[TRACE] graph - -----> statementPart
2021-11-19T10:23:54,277|[TRACE] graph - -------> nonSkippedChar
2021-11-19T10:23:54,277|[TRACE] script - #out(`V`) [token]
2021-11-19T10:23:54,277|[TRACE] graph - <------- nonSkippedChar
2021-11-19T10:23:54,277|[TRACE] graph - <----- statementPart
2021-11-19T10:23:54,277|[TRACE] graph - -----> statementPart
2021-11-19T10:23:54,277|[TRACE] graph - -------> nonSkippedChar
2021-11-19T10:23:54,277|[TRACE] script - #out(`I`) [token]
2021-11-19T10:23:54,277|[TRACE] graph - <------- nonSkippedChar
2021-11-19T10:23:54,277|[TRACE] graph - <----- statementPart
2021-11-19T10:23:54,277|[TRACE] graph - -----> statementPart
2021-11-19T10:23:54,277|[TRACE] graph - -------> nonSkippedChar
2021-11-19T10:23:54,277|[TRACE] script - #out(`S`) [token]
2021-11-19T10:23:54,277|[TRACE] graph - <------- nonSkippedChar
2021-11-19T10:23:54,277|[TRACE] graph - <----- statementPart
2021-11-19T10:23:54,277|[TRACE] graph - -----> statementPart
2021-11-19T10:23:54,277|[TRACE] graph - -------> nonSkippedChar
2021-11-19T10:23:54,277|[TRACE] script - #out(`I`) [token]
2021-11-19T10:23:54,277|[TRACE] graph - <------- nonSkippedChar
2021-11-19T10:23:54,277|[TRACE] graph - <----- statementPart
2021-11-19T10:23:54,277|[TRACE] graph - -----> statementPart
2021-11-19T10:23:54,277|[TRACE] graph - -------> nonSkippedChar
2021-11-19T10:23:54,277|[TRACE] script - #out(`B`) [token]
2021-11-19T10:23:54,277|[TRACE] graph - <------- nonSkippedChar
2021-11-19T10:23:54,277|[TRACE] graph - <----- statementPart
2021-11-19T10:23:54,277|[TRACE] graph - -----> statementPart
2021-11-19T10:23:54,277|[TRACE] graph - -------> nonSkippedChar
2021-11-19T10:23:54,277|[TRACE] script - #out(`L`) [token]
2021-11-19T10:23:54,277|[TRACE] graph - <------- nonSkippedChar
2021-11-19T10:23:54,277|[TRACE] graph - <----- statementPart
2021-11-19T10:23:54,277|[TRACE] graph - -----> statementPart
2021-11-19T10:23:54,277|[TRACE] graph - -------> nonSkippedChar
2021-11-19T10:23:54,277|[TRACE] script - #out(`E`) [token]
2021-11-19T10:23:54,277|[TRACE] graph - <------- nonSkippedChar
2021-11-19T10:23:54,277|[TRACE] graph - <----- statementPart
2021-11-19T10:23:54,277|[TRACE] graph - -----> statementPart
2021-11-19T10:23:54,277|[TRACE] graph - -------> nonSkippedChar
2021-11-19T10:23:54,277|[TRACE] script - #out(`,`) [token]
2021-11-19T10:23:54,277|[TRACE] graph - <------- nonSkippedChar
2021-11-19T10:23:54,277|[TRACE] graph - <----- statementPart
2021-11-19T10:23:54,277|[TRACE] graph - -----> afterStatementPartNewline
2021-11-19T10:23:54,277|[TRACE] script - #out(` `) [text]
2021-11-19T10:23:54,277|[TRACE] graph - <----- afterStatementPartNewline
2021-11-19T10:23:54,277|[TRACE] graph - -----> statementPart
2021-11-19T10:23:54,277|[TRACE] graph - -------> nonSkippedSpace
2021-11-19T10:23:54,277|[TRACE] script - #out(` `) [token]
2021-11-19T10:23:54,277|[TRACE] graph - <------- nonSkippedSpace
2021-11-19T10:23:54,277|[TRACE] graph - <----- statementPart
2021-11-19T10:23:54,277|[TRACE] graph - -----> statementPart
2021-11-19T10:23:54,277|[TRACE] graph - -------> nonSkippedSpace
2021-11-19T10:23:54,277|[TRACE] script - #out(` `) [token]
2021-11-19T10:23:54,277|[TRACE] graph - <------- nonSkippedSpace
2021-11-19T10:23:54,277|[TRACE] graph - <----- statementPart
2021-11-19T10:23:54,277|[TRACE] graph - -----> statementPart
2021-11-19T10:23:54,277|[TRACE] graph - -------> nonSkippedChar
2021-11-19T10:23:54,277|[TRACE] script - #out(`U`) [token]
2021-11-19T10:23:54,277|[TRACE] graph - <------- nonSkippedChar
2021-11-19T10:23:54,277|[TRACE] graph - <----- statementPart
2021-11-19T10:23:54,277|[TRACE] graph - -----> statementPart
2021-11-19T10:23:54,277|[TRACE] graph - -------> nonSkippedChar
2021-11-19T10:23:54,277|[TRACE] script - #out(`N`) [token]
2021-11-19T10:23:54,277|[TRACE] graph - <------- nonSkippedChar
2021-11-19T10:23:54,277|[TRACE] graph - <----- statementPart
2021-11-19T10:23:54,277|[TRACE] graph - -----> statementPart
2021-11-19T10:23:54,277|[TRACE] graph - -------> nonSkippedChar
2021-11-19T10:23:54,277|[TRACE] script - #out(`I`) [token]
2021-11-19T10:23:54,277|[TRACE] graph - <------- nonSkippedChar
2021-11-19T10:23:54,277|[TRACE] graph - <----- statementPart
2021-11-19T10:23:54,277|[TRACE] graph - -----> statementPart
2021-11-19T10:23:54,277|[TRACE] graph - -------> nonSkippedChar
2021-11-19T10:23:54,277|[TRACE] script - #out(`Q`) [token]
2021-11-19T10:23:54,277|[TRACE] graph - <------- nonSkippedChar
2021-11-19T10:23:54,277|[TRACE] graph - <----- statementPart
2021-11-19T10:23:54,277|[TRACE] graph - -----> statementPart
2021-11-19T10:23:54,277|[TRACE] graph - -------> nonSkippedChar
2021-11-19T10:23:54,277|[TRACE] script - #out(`U`) [token]
2021-11-19T10:23:54,277|[TRACE] graph - <------- nonSkippedChar
2021-11-19T10:23:54,277|[TRACE] graph - <----- statementPart
2021-11-19T10:23:54,277|[TRACE] graph - -----> statementPart
2021-11-19T10:23:54,277|[TRACE] graph - -------> nonSkippedChar
2021-11-19T10:23:54,277|[TRACE] script - #out(`E`) [token]
2021-11-19T10:23:54,277|[TRACE] graph - <------- nonSkippedChar
2021-11-19T10:23:54,277|[TRACE] graph - <----- statementPart
2021-11-19T10:23:54,277|[TRACE] graph - -----> statementPart
2021-11-19T10:23:54,277|[TRACE] graph - -------> nonSkippedSpace
2021-11-19T10:23:54,277|[TRACE] script - #out(` `) [token]
2021-11-19T10:23:54,277|[TRACE] graph - <------- nonSkippedSpace
2021-11-19T10:23:54,277|[TRACE] graph - <----- statementPart
2021-11-19T10:23:54,277|[TRACE] graph - -----> statementPart
2021-11-19T10:23:54,277|[TRACE] graph - -------> nonSkippedChar
2021-11-19T10:23:54,277|[TRACE] script - #out(`I`) [token]
2021-11-19T10:23:54,277|[TRACE] graph - <------- nonSkippedChar
2021-11-19T10:23:54,277|[TRACE] graph - <----- statementPart
2021-11-19T10:23:54,277|[TRACE] graph - -----> statementPart
2021-11-19T10:23:54,277|[TRACE] graph - -------> nonSkippedChar
2021-11-19T10:23:54,277|[TRACE] script - #out(`N`) [token]
2021-11-19T10:23:54,277|[TRACE] graph - <------- nonSkippedChar
2021-11-19T10:23:54,277|[TRACE] graph - <----- statementPart
2021-11-19T10:23:54,277|[TRACE] graph - -----> statementPart
2021-11-19T10:23:54,277|[TRACE] graph - -------> nonSkippedChar
2021-11-19T10:23:54,277|[TRACE] script - #out(`D`) [token]
2021-11-19T10:23:54,277|[TRACE] graph - <------- nonSkippedChar
2021-11-19T10:23:54,277|[TRACE] graph - <----- statementPart
2021-11-19T10:23:54,277|[TRACE] graph - -----> statementPart
2021-11-19T10:23:54,277|[TRACE] graph - -------> nonSkippedChar
2021-11-19T10:23:54,277|[TRACE] script - #out(`E`) [token]
2021-11-19T10:23:54,277|[TRACE] graph - <------- nonSkippedChar
2021-11-19T10:23:54,277|[TRACE] graph - <----- statementPart
2021-11-19T10:23:54,277|[TRACE] graph - -----> statementPart
2021-11-19T10:23:54,277|[TRACE] graph - -------> nonSkippedChar
2021-11-19T10:23:54,277|[TRACE] script - #out(`X`) [token]
2021-11-19T10:23:54,277|[TRACE] graph - <------- nonSkippedChar
2021-11-19T10:23:54,277|[TRACE] graph - <----- statementPart
2021-11-19T10:23:54,277|[TRACE] graph - -----> statementPart
2021-11-19T10:23:54,277|[TRACE] graph - -------> nonSkippedSpace
2021-11-19T10:23:54,277|[TRACE] script - #out(` `) [token]
2021-11-19T10:23:54,277|[TRACE] graph - <------- nonSkippedSpace
2021-11-19T10:23:54,277|[TRACE] graph - <----- statementPart
2021-11-19T10:23:54,277|[TRACE] graph - -----> statementPart
2021-11-19T10:23:54,277|[TRACE] graph - -------> quotedString
2021-11-19T10:23:54,277|[TRACE] script - #out(``record_id_UNIQUE``) [token]
2021-11-19T10:23:54,277|[TRACE] graph - <------- quotedString
2021-11-19T10:23:54,277|[TRACE] graph - <----- statementPart
2021-11-19T10:23:54,277|[TRACE] graph - -----> statementPart
2021-11-19T10:23:54,277|[TRACE] graph - -------> nonSkippedSpace
2021-11-19T10:23:54,277|[TRACE] script - #out(` `) [token]
2021-11-19T10:23:54,277|[TRACE] graph - <------- nonSkippedSpace
2021-11-19T10:23:54,277|[TRACE] graph - <----- statementPart
2021-11-19T10:23:54,277|[TRACE] graph - -----> statementPart
2021-11-19T10:23:54,277|[TRACE] graph - -------> nonSkippedChar
2021-11-19T10:23:54,277|[TRACE] script - #out(`(`) [token]
2021-11-19T10:23:54,277|[TRACE] graph - <------- nonSkippedChar
2021-11-19T10:23:54,277|[TRACE] graph - <----- statementPart
2021-11-19T10:23:54,277|[TRACE] graph - -----> statementPart
2021-11-19T10:23:54,277|[TRACE] graph - -------> quotedString
2021-11-19T10:23:54,277|[TRACE] script - #out(``record_id``) [token]
2021-11-19T10:23:54,277|[TRACE] graph - <------- quotedString
2021-11-19T10:23:54,277|[TRACE] graph - <----- statementPart
2021-11-19T10:23:54,277|[TRACE] graph - -----> statementPart
2021-11-19T10:23:54,277|[TRACE] graph - -------> nonSkippedSpace
2021-11-19T10:23:54,277|[TRACE] script - #out(` `) [token]
2021-11-19T10:23:54,277|[TRACE] graph - <------- nonSkippedSpace
2021-11-19T10:23:54,277|[TRACE] graph - <----- statementPart
2021-11-19T10:23:54,277|[TRACE] graph - -----> statementPart
2021-11-19T10:23:54,277|[TRACE] graph - -------> nonSkippedChar
2021-11-19T10:23:54,277|[TRACE] script - #out(`A`) [token]
2021-11-19T10:23:54,277|[TRACE] graph - <------- nonSkippedChar
2021-11-19T10:23:54,277|[TRACE] graph - <----- statementPart
2021-11-19T10:23:54,277|[TRACE] graph - -----> statementPart
2021-11-19T10:23:54,277|[TRACE] graph - -------> nonSkippedChar
2021-11-19T10:23:54,277|[TRACE] script - #out(`S`) [token]
2021-11-19T10:23:54,277|[TRACE] graph - <------- nonSkippedChar
2021-11-19T10:23:54,277|[TRACE] graph - <----- statementPart
2021-11-19T10:23:54,277|[TRACE] graph - -----> statementPart
2021-11-19T10:23:54,277|[TRACE] graph - -------> nonSkippedChar
2021-11-19T10:23:54,277|[TRACE] script - #out(`C`) [token]
2021-11-19T10:23:54,277|[TRACE] graph - <------- nonSkippedChar
2021-11-19T10:23:54,277|[TRACE] graph - <----- statementPart
2021-11-19T10:23:54,277|[TRACE] graph - -----> statementPart
2021-11-19T10:23:54,277|[TRACE] graph - -------> nonSkippedChar
2021-11-19T10:23:54,277|[TRACE] script - #out(`)`) [token]
2021-11-19T10:23:54,277|[TRACE] graph - <------- nonSkippedChar
2021-11-19T10:23:54,277|[TRACE] graph - <----- statementPart
2021-11-19T10:23:54,277|[TRACE] graph - -----> statementPart
2021-11-19T10:23:54,277|[TRACE] graph - -------> nonSkippedSpace
2021-11-19T10:23:54,277|[TRACE] script - #out(` `) [token]
2021-11-19T10:23:54,277|[TRACE] graph - <------- nonSkippedSpace
2021-11-19T10:23:54,277|[TRACE] graph - <----- statementPart
2021-11-19T10:23:54,277|[TRACE] graph - -----> statementPart
2021-11-19T10:23:54,277|[TRACE] graph - -------> nonSkippedChar
2021-11-19T10:23:54,277|[TRACE] script - #out(`V`) [token]
2021-11-19T10:23:54,277|[TRACE] graph - <------- nonSkippedChar
2021-11-19T10:23:54,277|[TRACE] graph - <----- statementPart
2021-11-19T10:23:54,277|[TRACE] graph - -----> statementPart
2021-11-19T10:23:54,277|[TRACE] graph - -------> nonSkippedChar
2021-11-19T10:23:54,277|[TRACE] script - #out(`I`) [token]
2021-11-19T10:23:54,277|[TRACE] graph - <------- nonSkippedChar
2021-11-19T10:23:54,277|[TRACE] graph - <----- statementPart
2021-11-19T10:23:54,277|[TRACE] graph - -----> statementPart
2021-11-19T10:23:54,277|[TRACE] graph - -------> nonSkippedChar
2021-11-19T10:23:54,277|[TRACE] script - #out(`S`) [token]
2021-11-19T10:23:54,277|[TRACE] graph - <------- nonSkippedChar
2021-11-19T10:23:54,277|[TRACE] graph - <----- statementPart
2021-11-19T10:23:54,277|[TRACE] graph - -----> statementPart
2021-11-19T10:23:54,277|[TRACE] graph - -------> nonSkippedChar
2021-11-19T10:23:54,277|[TRACE] script - #out(`I`) [token]
2021-11-19T10:23:54,277|[TRACE] graph - <------- nonSkippedChar
2021-11-19T10:23:54,277|[TRACE] graph - <----- statementPart
2021-11-19T10:23:54,277|[TRACE] graph - -----> statementPart
2021-11-19T10:23:54,277|[TRACE] graph - -------> nonSkippedChar
2021-11-19T10:23:54,277|[TRACE] script - #out(`B`) [token]
2021-11-19T10:23:54,277|[TRACE] graph - <------- nonSkippedChar
2021-11-19T10:23:54,277|[TRACE] graph - <----- statementPart
2021-11-19T10:23:54,277|[TRACE] graph - -----> statementPart
2021-11-19T10:23:54,277|[TRACE] graph - -------> nonSkippedChar
2021-11-19T10:23:54,277|[TRACE] script - #out(`L`) [token]
2021-11-19T10:23:54,277|[TRACE] graph - <------- nonSkippedChar
2021-11-19T10:23:54,277|[TRACE] graph - <----- statementPart
2021-11-19T10:23:54,278|[TRACE] graph - -----> statementPart
2021-11-19T10:23:54,278|[TRACE] graph - -------> nonSkippedChar
2021-11-19T10:23:54,278|[TRACE] script - #out(`E`) [token]
2021-11-19T10:23:54,278|[TRACE] graph - <------- nonSkippedChar
2021-11-19T10:23:54,278|[TRACE] graph - <----- statementPart
2021-11-19T10:23:54,278|[TRACE] graph - -----> statementPart
2021-11-19T10:23:54,278|[TRACE] graph - -------> nonSkippedChar
2021-11-19T10:23:54,278|[TRACE] script - #out(`,`) [token]
2021-11-19T10:23:54,278|[TRACE] graph - <------- nonSkippedChar
2021-11-19T10:23:54,278|[TRACE] graph - <----- statementPart
2021-11-19T10:23:54,278|[TRACE] graph - -----> afterStatementPartNewline
2021-11-19T10:23:54,278|[TRACE] script - #out(` `) [text]
2021-11-19T10:23:54,278|[TRACE] graph - <----- afterStatementPartNewline
2021-11-19T10:23:54,278|[TRACE] graph - -----> statementPart
2021-11-19T10:23:54,278|[TRACE] graph - -------> nonSkippedSpace
2021-11-19T10:23:54,278|[TRACE] script - #out(` `) [token]
2021-11-19T10:23:54,278|[TRACE] graph - <------- nonSkippedSpace
2021-11-19T10:23:54,278|[TRACE] graph - <----- statementPart
2021-11-19T10:23:54,278|[TRACE] graph - -----> statementPart
2021-11-19T10:23:54,278|[TRACE] graph - -------> nonSkippedSpace
2021-11-19T10:23:54,278|[TRACE] script - #out(` `) [token]
2021-11-19T10:23:54,278|[TRACE] graph - <------- nonSkippedSpace
2021-11-19T10:23:54,278|[TRACE] graph - <----- statementPart
2021-11-19T10:23:54,278|[TRACE] graph - -----> statementPart
2021-11-19T10:23:54,278|[TRACE] graph - -------> nonSkippedChar
2021-11-19T10:23:54,278|[TRACE] script - #out(`P`) [token]
2021-11-19T10:23:54,278|[TRACE] graph - <------- nonSkippedChar
2021-11-19T10:23:54,278|[TRACE] graph - <----- statementPart
2021-11-19T10:23:54,278|[TRACE] graph - -----> statementPart
2021-11-19T10:23:54,278|[TRACE] graph - -------> nonSkippedChar
2021-11-19T10:23:54,278|[TRACE] script - #out(`R`) [token]
2021-11-19T10:23:54,278|[TRACE] graph - <------- nonSkippedChar
2021-11-19T10:23:54,278|[TRACE] graph - <----- statementPart
2021-11-19T10:23:54,278|[TRACE] graph - -----> statementPart
2021-11-19T10:23:54,278|[TRACE] graph - -------> nonSkippedChar
2021-11-19T10:23:54,278|[TRACE] script - #out(`I`) [token]
2021-11-19T10:23:54,278|[TRACE] graph - <------- nonSkippedChar
2021-11-19T10:23:54,278|[TRACE] graph - <----- statementPart
2021-11-19T10:23:54,278|[TRACE] graph - -----> statementPart
2021-11-19T10:23:54,278|[TRACE] graph - -------> nonSkippedChar
2021-11-19T10:23:54,278|[TRACE] script - #out(`M`) [token]
2021-11-19T10:23:54,278|[TRACE] graph - <------- nonSkippedChar
2021-11-19T10:23:54,278|[TRACE] graph - <----- statementPart
2021-11-19T10:23:54,278|[TRACE] graph - -----> statementPart
2021-11-19T10:23:54,278|[TRACE] graph - -------> nonSkippedChar
2021-11-19T10:23:54,278|[TRACE] script - #out(`A`) [token]
2021-11-19T10:23:54,278|[TRACE] graph - <------- nonSkippedChar
2021-11-19T10:23:54,278|[TRACE] graph - <----- statementPart
2021-11-19T10:23:54,278|[TRACE] graph - -----> statementPart
2021-11-19T10:23:54,278|[TRACE] graph - -------> nonSkippedChar
2021-11-19T10:23:54,278|[TRACE] script - #out(`R`) [token]
2021-11-19T10:23:54,278|[TRACE] graph - <------- nonSkippedChar
2021-11-19T10:23:54,278|[TRACE] graph - <----- statementPart
2021-11-19T10:23:54,278|[TRACE] graph - -----> statementPart
2021-11-19T10:23:54,278|[TRACE] graph - -------> nonSkippedChar
2021-11-19T10:23:54,278|[TRACE] script - #out(`Y`) [token]
2021-11-19T10:23:54,278|[TRACE] graph - <------- nonSkippedChar
2021-11-19T10:23:54,278|[TRACE] graph - <----- statementPart
2021-11-19T10:23:54,278|[TRACE] graph - -----> statementPart
2021-11-19T10:23:54,278|[TRACE] graph - -------> nonSkippedSpace
2021-11-19T10:23:54,278|[TRACE] script - #out(` `) [token]
2021-11-19T10:23:54,278|[TRACE] graph - <------- nonSkippedSpace
2021-11-19T10:23:54,278|[TRACE] graph - <----- statementPart
2021-11-19T10:23:54,278|[TRACE] graph - -----> statementPart
2021-11-19T10:23:54,278|[TRACE] graph - -------> nonSkippedChar
2021-11-19T10:23:54,278|[TRACE] script - #out(`K`) [token]
2021-11-19T10:23:54,278|[TRACE] graph - <------- nonSkippedChar
2021-11-19T10:23:54,278|[TRACE] graph - <----- statementPart
2021-11-19T10:23:54,278|[TRACE] graph - -----> statementPart
2021-11-19T10:23:54,278|[TRACE] graph - -------> nonSkippedChar
2021-11-19T10:23:54,278|[TRACE] script - #out(`E`) [token]
2021-11-19T10:23:54,278|[TRACE] graph - <------- nonSkippedChar
2021-11-19T10:23:54,278|[TRACE] graph - <----- statementPart
2021-11-19T10:23:54,278|[TRACE] graph - -----> statementPart
2021-11-19T10:23:54,278|[TRACE] graph - -------> nonSkippedChar
2021-11-19T10:23:54,278|[TRACE] script - #out(`Y`) [token]
2021-11-19T10:23:54,278|[TRACE] graph - <------- nonSkippedChar
2021-11-19T10:23:54,278|[TRACE] graph - <----- statementPart
2021-11-19T10:23:54,278|[TRACE] graph - -----> statementPart
2021-11-19T10:23:54,278|[TRACE] graph - -------> nonSkippedSpace
2021-11-19T10:23:54,278|[TRACE] script - #out(` `) [token]
2021-11-19T10:23:54,278|[TRACE] graph - <------- nonSkippedSpace
2021-11-19T10:23:54,278|[TRACE] graph - <----- statementPart
2021-11-19T10:23:54,278|[TRACE] graph - -----> statementPart
2021-11-19T10:23:54,278|[TRACE] graph - -------> nonSkippedChar
2021-11-19T10:23:54,278|[TRACE] script - #out(`(`) [token]
2021-11-19T10:23:54,278|[TRACE] graph - <------- nonSkippedChar
2021-11-19T10:23:54,278|[TRACE] graph - <----- statementPart
2021-11-19T10:23:54,278|[TRACE] graph - -----> statementPart
2021-11-19T10:23:54,278|[TRACE] graph - -------> quotedString
2021-11-19T10:23:54,278|[TRACE] script - #out(``record_id``) [token]
2021-11-19T10:23:54,278|[TRACE] graph - <------- quotedString
2021-11-19T10:23:54,278|[TRACE] graph - <----- statementPart
2021-11-19T10:23:54,278|[TRACE] graph - -----> statementPart
2021-11-19T10:23:54,278|[TRACE] graph - -------> nonSkippedChar
2021-11-19T10:23:54,278|[TRACE] script - #out(`)`) [token]
2021-11-19T10:23:54,278|[TRACE] graph - <------- nonSkippedChar
2021-11-19T10:23:54,278|[TRACE] graph - <----- statementPart
2021-11-19T10:23:54,278|[TRACE] graph - -----> statementPart
2021-11-19T10:23:54,278|[TRACE] graph - -------> nonSkippedChar
2021-11-19T10:23:54,278|[TRACE] script - #out(`,`) [token]
2021-11-19T10:23:54,278|[TRACE] graph - <------- nonSkippedChar
2021-11-19T10:23:54,278|[TRACE] graph - <----- statementPart
2021-11-19T10:23:54,278|[TRACE] graph - -----> afterStatementPartNewline
2021-11-19T10:23:54,278|[TRACE] script - #out(` `) [text]
2021-11-19T10:23:54,278|[TRACE] graph - <----- afterStatementPartNewline
2021-11-19T10:23:54,278|[TRACE] graph - -----> statementPart
2021-11-19T10:23:54,278|[TRACE] graph - -------> nonSkippedSpace
2021-11-19T10:23:54,278|[TRACE] script - #out(` `) [token]
2021-11-19T10:23:54,278|[TRACE] graph - <------- nonSkippedSpace
2021-11-19T10:23:54,278|[TRACE] graph - <----- statementPart
2021-11-19T10:23:54,278|[TRACE] graph - -----> statementPart
2021-11-19T10:23:54,278|[TRACE] graph - -------> nonSkippedSpace
2021-11-19T10:23:54,278|[TRACE] script - #out(` `) [token]
2021-11-19T10:23:54,278|[TRACE] graph - <------- nonSkippedSpace
2021-11-19T10:23:54,278|[TRACE] graph - <----- statementPart
2021-11-19T10:23:54,278|[TRACE] graph - -----> statementPart
2021-11-19T10:23:54,278|[TRACE] graph - -------> nonSkippedChar
2021-11-19T10:23:54,278|[TRACE] script - #out(`C`) [token]
2021-11-19T10:23:54,278|[TRACE] graph - <------- nonSkippedChar
2021-11-19T10:23:54,278|[TRACE] graph - <----- statementPart
2021-11-19T10:23:54,382|[TRACE] graph - -----> statementPart
2021-11-19T10:23:54,382|[TRACE] graph - -------> nonSkippedChar
2021-11-19T10:23:54,382|[TRACE] script - #out(`O`) [token]
2021-11-19T10:23:54,382|[TRACE] graph - <------- nonSkippedChar
2021-11-19T10:23:54,382|[TRACE] graph - <----- statementPart
2021-11-19T10:23:54,382|[TRACE] graph - -----> statementPart
2021-11-19T10:23:54,382|[TRACE] graph - -------> nonSkippedChar
2021-11-19T10:23:54,382|[TRACE] script - #out(`N`) [token]
2021-11-19T10:23:54,382|[TRACE] graph - <------- nonSkippedChar
2021-11-19T10:23:54,382|[TRACE] graph - <----- statementPart
2021-11-19T10:23:54,382|[TRACE] graph - -----> statementPart
2021-11-19T10:23:54,382|[TRACE] graph - -------> nonSkippedChar
2021-11-19T10:23:54,382|[TRACE] script - #out(`S`) [token]
2021-11-19T10:23:54,382|[TRACE] graph - <------- nonSkippedChar
2021-11-19T10:23:54,382|[TRACE] graph - <----- statementPart
2021-11-19T10:23:54,382|[TRACE] graph - -----> statementPart
2021-11-19T10:23:54,382|[TRACE] graph - -------> nonSkippedChar
2021-11-19T10:23:54,382|[TRACE] script - #out(`T`) [token]
2021-11-19T10:23:54,382|[TRACE] graph - <------- nonSkippedChar
2021-11-19T10:23:54,382|[TRACE] graph - <----- statementPart
2021-11-19T10:23:54,382|[TRACE] graph - -----> statementPart
2021-11-19T10:23:54,382|[TRACE] graph - -------> nonSkippedChar
2021-11-19T10:23:54,382|[TRACE] script - #out(`R`) [token]
2021-11-19T10:23:54,382|[TRACE] graph - <------- nonSkippedChar
2021-11-19T10:23:54,382|[TRACE] graph - <----- statementPart
2021-11-19T10:23:54,382|[TRACE] graph - -----> statementPart
2021-11-19T10:23:54,382|[TRACE] graph - -------> nonSkippedChar
2021-11-19T10:23:54,382|[TRACE] script - #out(`A`) [token]
2021-11-19T10:23:54,382|[TRACE] graph - <------- nonSkippedChar
2021-11-19T10:23:54,382|[TRACE] graph - <----- statementPart
2021-11-19T10:23:54,382|[TRACE] graph - -----> statementPart
2021-11-19T10:23:54,382|[TRACE] graph - -------> nonSkippedChar
2021-11-19T10:23:54,382|[TRACE] script - #out(`I`) [token]
2021-11-19T10:23:54,382|[TRACE] graph - <------- nonSkippedChar
2021-11-19T10:23:54,382|[TRACE] graph - <----- statementPart
2021-11-19T10:23:54,382|[TRACE] graph - -----> statementPart
2021-11-19T10:23:54,382|[TRACE] graph - -------> nonSkippedChar
2021-11-19T10:23:54,382|[TRACE] script - #out(`N`) [token]
2021-11-19T10:23:54,382|[TRACE] graph - <------- nonSkippedChar
2021-11-19T10:23:54,382|[TRACE] graph - <----- statementPart
2021-11-19T10:23:54,382|[TRACE] graph - -----> statementPart
2021-11-19T10:23:54,382|[TRACE] graph - -------> nonSkippedChar
2021-11-19T10:23:54,382|[TRACE] script - #out(`T`) [token]
2021-11-19T10:23:54,382|[TRACE] graph - <------- nonSkippedChar
2021-11-19T10:23:54,382|[TRACE] graph - <----- statementPart
2021-11-19T10:23:54,382|[TRACE] graph - -----> statementPart
2021-11-19T10:23:54,382|[TRACE] graph - -------> nonSkippedSpace
2021-11-19T10:23:54,382|[TRACE] script - #out(` `) [token]
2021-11-19T10:23:54,382|[TRACE] graph - <------- nonSkippedSpace
2021-11-19T10:23:54,382|[TRACE] graph - <----- statementPart
2021-11-19T10:23:54,382|[TRACE] graph - -----> statementPart
2021-11-19T10:23:54,382|[TRACE] graph - -------> quotedString
2021-11-19T10:23:54,382|[TRACE] script - #out(``fk_donation_record_person1``) [token]
2021-11-19T10:23:54,382|[TRACE] graph - <------- quotedString
2021-11-19T10:23:54,382|[TRACE] graph - <----- statementPart
2021-11-19T10:23:54,383|[TRACE] graph - -----> afterStatementPartNewline
2021-11-19T10:23:54,383|[TRACE] script - #out(` `) [text]
2021-11-19T10:23:54,383|[TRACE] graph - <----- afterStatementPartNewline
2021-11-19T10:23:54,383|[TRACE] graph - -----> statementPart
2021-11-19T10:23:54,383|[TRACE] graph - -------> nonSkippedSpace
2021-11-19T10:23:54,383|[TRACE] script - #out(` `) [token]
2021-11-19T10:23:54,383|[TRACE] graph - <------- nonSkippedSpace
2021-11-19T10:23:54,383|[TRACE] graph - <----- statementPart
2021-11-19T10:23:54,383|[TRACE] graph - -----> statementPart
2021-11-19T10:23:54,383|[TRACE] graph - -------> nonSkippedSpace
2021-11-19T10:23:54,383|[TRACE] script - #out(` `) [token]
2021-11-19T10:23:54,383|[TRACE] graph - <------- nonSkippedSpace
2021-11-19T10:23:54,383|[TRACE] graph - <----- statementPart
2021-11-19T10:23:54,383|[TRACE] graph - -----> statementPart
2021-11-19T10:23:54,383|[TRACE] graph - -------> nonSkippedSpace
2021-11-19T10:23:54,383|[TRACE] script - #out(` `) [token]
2021-11-19T10:23:54,383|[TRACE] graph - <------- nonSkippedSpace
2021-11-19T10:23:54,383|[TRACE] graph - <----- statementPart
2021-11-19T10:23:54,383|[TRACE] graph - -----> statementPart
2021-11-19T10:23:54,383|[TRACE] graph - -------> nonSkippedSpace
2021-11-19T10:23:54,383|[TRACE] script - #out(` `) [token]
2021-11-19T10:23:54,383|[TRACE] graph - <------- nonSkippedSpace
2021-11-19T10:23:54,383|[TRACE] graph - <----- statementPart
2021-11-19T10:23:54,383|[TRACE] graph - -----> statementPart
2021-11-19T10:23:54,383|[TRACE] graph - -------> nonSkippedChar
2021-11-19T10:23:54,383|[TRACE] script - #out(`F`) [token]
2021-11-19T10:23:54,383|[TRACE] graph - <------- nonSkippedChar
2021-11-19T10:23:54,383|[TRACE] graph - <----- statementPart
2021-11-19T10:23:54,383|[TRACE] graph - -----> statementPart
2021-11-19T10:23:54,383|[TRACE] graph - -------> nonSkippedChar
2021-11-19T10:23:54,383|[TRACE] script - #out(`O`) [token]
2021-11-19T10:23:54,383|[TRACE] graph - <------- nonSkippedChar
2021-11-19T10:23:54,383|[TRACE] graph - <----- statementPart
2021-11-19T10:23:54,383|[TRACE] graph - -----> statementPart
2021-11-19T10:23:54,383|[TRACE] graph - -------> nonSkippedChar
2021-11-19T10:23:54,383|[TRACE] script - #out(`R`) [token]
2021-11-19T10:23:54,383|[TRACE] graph - <------- nonSkippedChar
2021-11-19T10:23:54,383|[TRACE] graph - <----- statementPart
2021-11-19T10:23:54,383|[TRACE] graph - -----> statementPart
2021-11-19T10:23:54,383|[TRACE] graph - -------> nonSkippedChar
2021-11-19T10:23:54,383|[TRACE] script - #out(`E`) [token]
2021-11-19T10:23:54,383|[TRACE] graph - <------- nonSkippedChar
2021-11-19T10:23:54,383|[TRACE] graph - <----- statementPart
2021-11-19T10:23:54,383|[TRACE] graph - -----> statementPart
2021-11-19T10:23:54,383|[TRACE] graph - -------> nonSkippedChar
2021-11-19T10:23:54,383|[TRACE] script - #out(`I`) [token]
2021-11-19T10:23:54,383|[TRACE] graph - <------- nonSkippedChar
2021-11-19T10:23:54,383|[TRACE] graph - <----- statementPart
2021-11-19T10:23:54,383|[TRACE] graph - -----> statementPart
2021-11-19T10:23:54,383|[TRACE] graph - -------> nonSkippedChar
2021-11-19T10:23:54,383|[TRACE] script - #out(`G`) [token]
2021-11-19T10:23:54,383|[TRACE] graph - <------- nonSkippedChar
2021-11-19T10:23:54,383|[TRACE] graph - <----- statementPart
2021-11-19T10:23:54,383|[TRACE] graph - -----> statementPart
2021-11-19T10:23:54,383|[TRACE] graph - -------> nonSkippedChar
2021-11-19T10:23:54,383|[TRACE] script - #out(`N`) [token]
2021-11-19T10:23:54,383|[TRACE] graph - <------- nonSkippedChar
2021-11-19T10:23:54,383|[TRACE] graph - <----- statementPart
2021-11-19T10:23:54,383|[TRACE] graph - -----> statementPart
2021-11-19T10:23:54,383|[TRACE] graph - -------> nonSkippedSpace
2021-11-19T10:23:54,383|[TRACE] script - #out(` `) [token]
2021-11-19T10:23:54,383|[TRACE] graph - <------- nonSkippedSpace
2021-11-19T10:23:54,383|[TRACE] graph - <----- statementPart
2021-11-19T10:23:54,383|[TRACE] graph - -----> statementPart
2021-11-19T10:23:54,383|[TRACE] graph - -------> nonSkippedChar
2021-11-19T10:23:54,383|[TRACE] script - #out(`K`) [token]
2021-11-19T10:23:54,383|[TRACE] graph - <------- nonSkippedChar
2021-11-19T10:23:54,383|[TRACE] graph - <----- statementPart
2021-11-19T10:23:54,383|[TRACE] graph - -----> statementPart
2021-11-19T10:23:54,383|[TRACE] graph - -------> nonSkippedChar
2021-11-19T10:23:54,383|[TRACE] script - #out(`E`) [token]
2021-11-19T10:23:54,383|[TRACE] graph - <------- nonSkippedChar
2021-11-19T10:23:54,383|[TRACE] graph - <----- statementPart
2021-11-19T10:23:54,383|[TRACE] graph - -----> statementPart
2021-11-19T10:23:54,383|[TRACE] graph - -------> nonSkippedChar
2021-11-19T10:23:54,383|[TRACE] script - #out(`Y`) [token]
2021-11-19T10:23:54,383|[TRACE] graph - <------- nonSkippedChar
2021-11-19T10:23:54,383|[TRACE] graph - <----- statementPart
2021-11-19T10:23:54,383|[TRACE] graph - -----> statementPart
2021-11-19T10:23:54,383|[TRACE] graph - -------> nonSkippedSpace
2021-11-19T10:23:54,383|[TRACE] script - #out(` `) [token]
2021-11-19T10:23:54,383|[TRACE] graph - <------- nonSkippedSpace
2021-11-19T10:23:54,383|[TRACE] graph - <----- statementPart
2021-11-19T10:23:54,383|[TRACE] graph - -----> statementPart
2021-11-19T10:23:54,383|[TRACE] graph - -------> nonSkippedChar
2021-11-19T10:23:54,383|[TRACE] script - #out(`(`) [token]
2021-11-19T10:23:54,383|[TRACE] graph - <------- nonSkippedChar
2021-11-19T10:23:54,383|[TRACE] graph - <----- statementPart
2021-11-19T10:23:54,383|[TRACE] graph - -----> statementPart
2021-11-19T10:23:54,383|[TRACE] graph - -------> quotedString
2021-11-19T10:23:54,383|[TRACE] script - #out(``person_id``) [token]
2021-11-19T10:23:54,383|[TRACE] graph - <------- quotedString
2021-11-19T10:23:54,383|[TRACE] graph - <----- statementPart
2021-11-19T10:23:54,383|[TRACE] graph - -----> statementPart
2021-11-19T10:23:54,383|[TRACE] graph - -------> nonSkippedChar
2021-11-19T10:23:54,383|[TRACE] script - #out(`)`) [token]
2021-11-19T10:23:54,383|[TRACE] graph - <------- nonSkippedChar
2021-11-19T10:23:54,383|[TRACE] graph - <----- statementPart
2021-11-19T10:23:54,383|[TRACE] graph - -----> afterStatementPartNewline
2021-11-19T10:23:54,383|[TRACE] script - #out(` `) [text]
2021-11-19T10:23:54,383|[TRACE] graph - <----- afterStatementPartNewline
2021-11-19T10:23:54,383|[TRACE] graph - -----> statementPart
2021-11-19T10:23:54,383|[TRACE] graph - -------> nonSkippedSpace
2021-11-19T10:23:54,383|[TRACE] script - #out(` `) [token]
2021-11-19T10:23:54,383|[TRACE] graph - <------- nonSkippedSpace
2021-11-19T10:23:54,383|[TRACE] graph - <----- statementPart
2021-11-19T10:23:54,383|[TRACE] graph - -----> statementPart
2021-11-19T10:23:54,383|[TRACE] graph - -------> nonSkippedSpace
2021-11-19T10:23:54,383|[TRACE] script - #out(` `) [token]
2021-11-19T10:23:54,383|[TRACE] graph - <------- nonSkippedSpace
2021-11-19T10:23:54,383|[TRACE] graph - <----- statementPart
2021-11-19T10:23:54,383|[TRACE] graph - -----> statementPart
2021-11-19T10:23:54,383|[TRACE] graph - -------> nonSkippedSpace
2021-11-19T10:23:54,383|[TRACE] script - #out(` `) [token]
2021-11-19T10:23:54,383|[TRACE] graph - <------- nonSkippedSpace
2021-11-19T10:23:54,383|[TRACE] graph - <----- statementPart
2021-11-19T10:23:54,383|[TRACE] graph - -----> statementPart
2021-11-19T10:23:54,383|[TRACE] graph - -------> nonSkippedSpace
2021-11-19T10:23:54,383|[TRACE] script - #out(` `) [token]
2021-11-19T10:23:54,383|[TRACE] graph - <------- nonSkippedSpace
2021-11-19T10:23:54,383|[TRACE] graph - <----- statementPart
2021-11-19T10:23:54,383|[TRACE] graph - -----> statementPart
2021-11-19T10:23:54,383|[TRACE] graph - -------> nonSkippedChar
2021-11-19T10:23:54,383|[TRACE] script - #out(`R`) [token]
2021-11-19T10:23:54,383|[TRACE] graph - <------- nonSkippedChar
2021-11-19T10:23:54,383|[TRACE] graph - <----- statementPart
2021-11-19T10:23:54,383|[TRACE] graph - -----> statementPart
2021-11-19T10:23:54,383|[TRACE] graph - -------> nonSkippedChar
2021-11-19T10:23:54,383|[TRACE] script - #out(`E`) [token]
2021-11-19T10:23:54,383|[TRACE] graph - <------- nonSkippedChar
2021-11-19T10:23:54,383|[TRACE] graph - <----- statementPart
2021-11-19T10:23:54,383|[TRACE] graph - -----> statementPart
2021-11-19T10:23:54,383|[TRACE] graph - -------> nonSkippedChar
2021-11-19T10:23:54,383|[TRACE] script - #out(`F`) [token]
2021-11-19T10:23:54,383|[TRACE] graph - <------- nonSkippedChar
2021-11-19T10:23:54,383|[TRACE] graph - <----- statementPart
2021-11-19T10:23:54,383|[TRACE] graph - -----> statementPart
2021-11-19T10:23:54,383|[TRACE] graph - -------> nonSkippedChar
2021-11-19T10:23:54,383|[TRACE] script - #out(`E`) [token]
2021-11-19T10:23:54,383|[TRACE] graph - <------- nonSkippedChar
2021-11-19T10:23:54,383|[TRACE] graph - <----- statementPart
2021-11-19T10:23:54,383|[TRACE] graph - -----> statementPart
2021-11-19T10:23:54,383|[TRACE] graph - -------> nonSkippedChar
2021-11-19T10:23:54,383|[TRACE] script - #out(`R`) [token]
2021-11-19T10:23:54,383|[TRACE] graph - <------- nonSkippedChar
2021-11-19T10:23:54,383|[TRACE] graph - <----- statementPart
2021-11-19T10:23:54,383|[TRACE] graph - -----> statementPart
2021-11-19T10:23:54,383|[TRACE] graph - -------> nonSkippedChar
2021-11-19T10:23:54,383|[TRACE] script - #out(`E`) [token]
2021-11-19T10:23:54,383|[TRACE] graph - <------- nonSkippedChar
2021-11-19T10:23:54,383|[TRACE] graph - <----- statementPart
2021-11-19T10:23:54,383|[TRACE] graph - -----> statementPart
2021-11-19T10:23:54,383|[TRACE] graph - -------> nonSkippedChar
2021-11-19T10:23:54,383|[TRACE] script - #out(`N`) [token]
2021-11-19T10:23:54,383|[TRACE] graph - <------- nonSkippedChar
2021-11-19T10:23:54,383|[TRACE] graph - <----- statementPart
2021-11-19T10:23:54,383|[TRACE] graph - -----> statementPart
2021-11-19T10:23:54,383|[TRACE] graph - -------> nonSkippedChar
2021-11-19T10:23:54,383|[TRACE] script - #out(`C`) [token]
2021-11-19T10:23:54,383|[TRACE] graph - <------- nonSkippedChar
2021-11-19T10:23:54,383|[TRACE] graph - <----- statementPart
2021-11-19T10:23:54,383|[TRACE] graph - -----> statementPart
2021-11-19T10:23:54,383|[TRACE] graph - -------> nonSkippedChar
2021-11-19T10:23:54,383|[TRACE] script - #out(`E`) [token]
2021-11-19T10:23:54,383|[TRACE] graph - <------- nonSkippedChar
2021-11-19T10:23:54,383|[TRACE] graph - <----- statementPart
2021-11-19T10:23:54,383|[TRACE] graph - -----> statementPart
2021-11-19T10:23:54,383|[TRACE] graph - -------> nonSkippedChar
2021-11-19T10:23:54,383|[TRACE] script - #out(`S`) [token]
2021-11-19T10:23:54,383|[TRACE] graph - <------- nonSkippedChar
2021-11-19T10:23:54,383|[TRACE] graph - <----- statementPart
2021-11-19T10:23:54,383|[TRACE] graph - -----> statementPart
2021-11-19T10:23:54,383|[TRACE] graph - -------> nonSkippedSpace
2021-11-19T10:23:54,383|[TRACE] script - #out(` `) [token]
2021-11-19T10:23:54,383|[TRACE] graph - <------- nonSkippedSpace
2021-11-19T10:23:54,383|[TRACE] graph - <----- statementPart
2021-11-19T10:23:54,383|[TRACE] graph - -----> statementPart
2021-11-19T10:23:54,383|[TRACE] graph - -------> quotedString
2021-11-19T10:23:54,383|[TRACE] script - #out(``bloodbank``) [token]
2021-11-19T10:23:54,383|[TRACE] graph - <------- quotedString
2021-11-19T10:23:54,383|[TRACE] graph - <----- statementPart
2021-11-19T10:23:54,383|[TRACE] graph - -----> statementPart
2021-11-19T10:23:54,383|[TRACE] graph - -------> nonSkippedChar
2021-11-19T10:23:54,383|[TRACE] script - #out(`.`) [token]
2021-11-19T10:23:54,383|[TRACE] graph - <------- nonSkippedChar
2021-11-19T10:23:54,383|[TRACE] graph - <----- statementPart
2021-11-19T10:23:54,383|[TRACE] graph - -----> statementPart
2021-11-19T10:23:54,383|[TRACE] graph - -------> quotedString
2021-11-19T10:23:54,383|[TRACE] script - #out(``person``) [token]
2021-11-19T10:23:54,383|[TRACE] graph - <------- quotedString
2021-11-19T10:23:54,383|[TRACE] graph - <----- statementPart
2021-11-19T10:23:54,383|[TRACE] graph - -----> statementPart
2021-11-19T10:23:54,383|[TRACE] graph - -------> nonSkippedSpace
2021-11-19T10:23:54,383|[TRACE] script - #out(` `) [token]
2021-11-19T10:23:54,383|[TRACE] graph - <------- nonSkippedSpace
2021-11-19T10:23:54,383|[TRACE] graph - <----- statementPart
2021-11-19T10:23:54,383|[TRACE] graph - -----> statementPart
2021-11-19T10:23:54,383|[TRACE] graph - -------> nonSkippedChar
2021-11-19T10:23:54,383|[TRACE] script - #out(`(`) [token]
2021-11-19T10:23:54,383|[TRACE] graph - <------- nonSkippedChar
2021-11-19T10:23:54,383|[TRACE] graph - <----- statementPart
2021-11-19T10:23:54,383|[TRACE] graph - -----> statementPart
2021-11-19T10:23:54,383|[TRACE] graph - -------> quotedString
2021-11-19T10:23:54,383|[TRACE] script - #out(``id``) [token]
2021-11-19T10:23:54,383|[TRACE] graph - <------- quotedString
2021-11-19T10:23:54,383|[TRACE] graph - <----- statementPart
2021-11-19T10:23:54,383|[TRACE] graph - -----> statementPart
2021-11-19T10:23:54,383|[TRACE] graph - -------> nonSkippedChar
2021-11-19T10:23:54,383|[TRACE] script - #out(`)`) [token]
2021-11-19T10:23:54,383|[TRACE] graph - <------- nonSkippedChar
2021-11-19T10:23:54,383|[TRACE] graph - <----- statementPart
2021-11-19T10:23:54,383|[TRACE] graph - -----> afterStatementPartNewline
2021-11-19T10:23:54,383|[TRACE] script - #out(` `) [text]
2021-11-19T10:23:54,383|[TRACE] graph - <----- afterStatementPartNewline
2021-11-19T10:23:54,383|[TRACE] graph - -----> statementPart
2021-11-19T10:23:54,383|[TRACE] graph - -------> nonSkippedSpace
2021-11-19T10:23:54,383|[TRACE] script - #out(` `) [token]
2021-11-19T10:23:54,383|[TRACE] graph - <------- nonSkippedSpace
2021-11-19T10:23:54,383|[TRACE] graph - <----- statementPart
2021-11-19T10:23:54,383|[TRACE] graph - -----> statementPart
2021-11-19T10:23:54,383|[TRACE] graph - -------> nonSkippedSpace
2021-11-19T10:23:54,383|[TRACE] script - #out(` `) [token]
2021-11-19T10:23:54,383|[TRACE] graph - <------- nonSkippedSpace
2021-11-19T10:23:54,383|[TRACE] graph - <----- statementPart
2021-11-19T10:23:54,383|[TRACE] graph - -----> statementPart
2021-11-19T10:23:54,383|[TRACE] graph - -------> nonSkippedSpace
2021-11-19T10:23:54,383|[TRACE] script - #out(` `) [token]
2021-11-19T10:23:54,383|[TRACE] graph - <------- nonSkippedSpace
2021-11-19T10:23:54,383|[TRACE] graph - <----- statementPart
2021-11-19T10:23:54,383|[TRACE] graph - -----> statementPart
2021-11-19T10:23:54,383|[TRACE] graph - -------> nonSkippedSpace
2021-11-19T10:23:54,383|[TRACE] script - #out(` `) [token]
2021-11-19T10:23:54,383|[TRACE] graph - <------- nonSkippedSpace
2021-11-19T10:23:54,383|[TRACE] graph - <----- statementPart
2021-11-19T10:23:54,383|[TRACE] graph - -----> statementPart
2021-11-19T10:23:54,383|[TRACE] graph - -------> nonSkippedChar
2021-11-19T10:23:54,383|[TRACE] script - #out(`O`) [token]
2021-11-19T10:23:54,383|[TRACE] graph - <------- nonSkippedChar
2021-11-19T10:23:54,383|[TRACE] graph - <----- statementPart
2021-11-19T10:23:54,383|[TRACE] graph - -----> statementPart
2021-11-19T10:23:54,383|[TRACE] graph - -------> nonSkippedChar
2021-11-19T10:23:54,383|[TRACE] script - #out(`N`) [token]
2021-11-19T10:23:54,383|[TRACE] graph - <------- nonSkippedChar
2021-11-19T10:23:54,383|[TRACE] graph - <----- statementPart
2021-11-19T10:23:54,383|[TRACE] graph - -----> statementPart
2021-11-19T10:23:54,383|[TRACE] graph - -------> nonSkippedSpace
2021-11-19T10:23:54,383|[TRACE] script - #out(` `) [token]
2021-11-19T10:23:54,383|[TRACE] graph - <------- nonSkippedSpace
2021-11-19T10:23:54,383|[TRACE] graph - <----- statementPart
2021-11-19T10:23:54,383|[TRACE] graph - -----> statementPart
2021-11-19T10:23:54,383|[TRACE] graph - -------> nonSkippedChar
2021-11-19T10:23:54,383|[TRACE] script - #out(`D`) [token]
2021-11-19T10:23:54,383|[TRACE] graph - <------- nonSkippedChar
2021-11-19T10:23:54,383|[TRACE] graph - <----- statementPart
2021-11-19T10:23:54,383|[TRACE] graph - -----> statementPart
2021-11-19T10:23:54,383|[TRACE] graph - -------> nonSkippedChar
2021-11-19T10:23:54,383|[TRACE] script - #out(`E`) [token]
2021-11-19T10:23:54,383|[TRACE] graph - <------- nonSkippedChar
2021-11-19T10:23:54,383|[TRACE] graph - <----- statementPart
2021-11-19T10:23:54,383|[TRACE] graph - -----> statementPart
2021-11-19T10:23:54,383|[TRACE] graph - -------> nonSkippedChar
2021-11-19T10:23:54,383|[TRACE] script - #out(`L`) [token]
2021-11-19T10:23:54,383|[TRACE] graph - <------- nonSkippedChar
2021-11-19T10:23:54,383|[TRACE] graph - <----- statementPart
2021-11-19T10:23:54,383|[TRACE] graph - -----> statementPart
2021-11-19T10:23:54,383|[TRACE] graph - -------> nonSkippedChar
2021-11-19T10:23:54,383|[TRACE] script - #out(`E`) [token]
2021-11-19T10:23:54,383|[TRACE] graph - <------- nonSkippedChar
2021-11-19T10:23:54,383|[TRACE] graph - <----- statementPart
2021-11-19T10:23:54,383|[TRACE] graph - -----> statementPart
2021-11-19T10:23:54,383|[TRACE] graph - -------> nonSkippedChar
2021-11-19T10:23:54,383|[TRACE] script - #out(`T`) [token]
2021-11-19T10:23:54,383|[TRACE] graph - <------- nonSkippedChar
2021-11-19T10:23:54,383|[TRACE] graph - <----- statementPart
2021-11-19T10:23:54,383|[TRACE] graph - -----> statementPart
2021-11-19T10:23:54,383|[TRACE] graph - -------> nonSkippedChar
2021-11-19T10:23:54,383|[TRACE] script - #out(`E`) [token]
2021-11-19T10:23:54,383|[TRACE] graph - <------- nonSkippedChar
2021-11-19T10:23:54,383|[TRACE] graph - <----- statementPart
2021-11-19T10:23:54,383|[TRACE] graph - -----> statementPart
2021-11-19T10:23:54,383|[TRACE] graph - -------> nonSkippedSpace
2021-11-19T10:23:54,383|[TRACE] script - #out(` `) [token]
2021-11-19T10:23:54,383|[TRACE] graph - <------- nonSkippedSpace
2021-11-19T10:23:54,383|[TRACE] graph - <----- statementPart
2021-11-19T10:23:54,383|[TRACE] graph - -----> statementPart
2021-11-19T10:23:54,383|[TRACE] graph - -------> nonSkippedChar
2021-11-19T10:23:54,383|[TRACE] script - #out(`N`) [token]
2021-11-19T10:23:54,383|[TRACE] graph - <------- nonSkippedChar
2021-11-19T10:23:54,383|[TRACE] graph - <----- statementPart
2021-11-19T10:23:54,383|[TRACE] graph - -----> statementPart
2021-11-19T10:23:54,383|[TRACE] graph - -------> nonSkippedChar
2021-11-19T10:23:54,383|[TRACE] script - #out(`O`) [token]
2021-11-19T10:23:54,383|[TRACE] graph - <------- nonSkippedChar
2021-11-19T10:23:54,383|[TRACE] graph - <----- statementPart
2021-11-19T10:23:54,384|[TRACE] graph - -----> statementPart
2021-11-19T10:23:54,384|[TRACE] graph - -------> nonSkippedSpace
2021-11-19T10:23:54,384|[TRACE] script - #out(` `) [token]
2021-11-19T10:23:54,384|[TRACE] graph - <------- nonSkippedSpace
2021-11-19T10:23:54,384|[TRACE] graph - <----- statementPart
2021-11-19T10:23:54,384|[TRACE] graph - -----> statementPart
2021-11-19T10:23:54,384|[TRACE] graph - -------> nonSkippedChar
2021-11-19T10:23:54,384|[TRACE] script - #out(`A`) [token]
2021-11-19T10:23:54,384|[TRACE] graph - <------- nonSkippedChar
2021-11-19T10:23:54,384|[TRACE] graph - <----- statementPart
2021-11-19T10:23:54,384|[TRACE] graph - -----> statementPart
2021-11-19T10:23:54,384|[TRACE] graph - -------> nonSkippedChar
2021-11-19T10:23:54,384|[TRACE] script - #out(`C`) [token]
2021-11-19T10:23:54,384|[TRACE] graph - <------- nonSkippedChar
2021-11-19T10:23:54,384|[TRACE] graph - <----- statementPart
2021-11-19T10:23:54,384|[TRACE] graph - -----> statementPart
2021-11-19T10:23:54,384|[TRACE] graph - -------> nonSkippedChar
2021-11-19T10:23:54,384|[TRACE] script - #out(`T`) [token]
2021-11-19T10:23:54,384|[TRACE] graph - <------- nonSkippedChar
2021-11-19T10:23:54,384|[TRACE] graph - <----- statementPart
2021-11-19T10:23:54,384|[TRACE] graph - -----> statementPart
2021-11-19T10:23:54,384|[TRACE] graph - -------> nonSkippedChar
2021-11-19T10:23:54,384|[TRACE] script - #out(`I`) [token]
2021-11-19T10:23:54,384|[TRACE] graph - <------- nonSkippedChar
2021-11-19T10:23:54,384|[TRACE] graph - <----- statementPart
2021-11-19T10:23:54,384|[TRACE] graph - -----> statementPart
2021-11-19T10:23:54,384|[TRACE] graph - -------> nonSkippedChar
2021-11-19T10:23:54,384|[TRACE] script - #out(`O`) [token]
2021-11-19T10:23:54,384|[TRACE] graph - <------- nonSkippedChar
2021-11-19T10:23:54,384|[TRACE] graph - <----- statementPart
2021-11-19T10:23:54,384|[TRACE] graph - -----> statementPart
2021-11-19T10:23:54,384|[TRACE] graph - -------> nonSkippedChar
2021-11-19T10:23:54,384|[TRACE] script - #out(`N`) [token]
2021-11-19T10:23:54,384|[TRACE] graph - <------- nonSkippedChar
2021-11-19T10:23:54,384|[TRACE] graph - <----- statementPart
2021-11-19T10:23:54,384|[TRACE] graph - -----> afterStatementPartNewline
2021-11-19T10:23:54,384|[TRACE] script - #out(` `) [text]
2021-11-19T10:23:54,384|[TRACE] graph - <----- afterStatementPartNewline
2021-11-19T10:23:54,384|[TRACE] graph - -----> statementPart
2021-11-19T10:23:54,384|[TRACE] graph - -------> nonSkippedSpace
2021-11-19T10:23:54,384|[TRACE] script - #out(` `) [token]
2021-11-19T10:23:54,384|[TRACE] graph - <------- nonSkippedSpace
2021-11-19T10:23:54,384|[TRACE] graph - <----- statementPart
2021-11-19T10:23:54,384|[TRACE] graph - -----> statementPart
2021-11-19T10:23:54,384|[TRACE] graph - -------> nonSkippedSpace
2021-11-19T10:23:54,384|[TRACE] script - #out(` `) [token]
2021-11-19T10:23:54,384|[TRACE] graph - <------- nonSkippedSpace
2021-11-19T10:23:54,384|[TRACE] graph - <----- statementPart
2021-11-19T10:23:54,384|[TRACE] graph - -----> statementPart
2021-11-19T10:23:54,384|[TRACE] graph - -------> nonSkippedSpace
2021-11-19T10:23:54,384|[TRACE] script - #out(` `) [token]
2021-11-19T10:23:54,384|[TRACE] graph - <------- nonSkippedSpace
2021-11-19T10:23:54,384|[TRACE] graph - <----- statementPart
2021-11-19T10:23:54,384|[TRACE] graph - -----> statementPart
2021-11-19T10:23:54,384|[TRACE] graph - -------> nonSkippedSpace
2021-11-19T10:23:54,384|[TRACE] script - #out(` `) [token]
2021-11-19T10:23:54,384|[TRACE] graph - <------- nonSkippedSpace
2021-11-19T10:23:54,384|[TRACE] graph - <----- statementPart
2021-11-19T10:23:54,384|[TRACE] graph - -----> statementPart
2021-11-19T10:23:54,384|[TRACE] graph - -------> nonSkippedChar
2021-11-19T10:23:54,384|[TRACE] script - #out(`O`) [token]
2021-11-19T10:23:54,384|[TRACE] graph - <------- nonSkippedChar
2021-11-19T10:23:54,384|[TRACE] graph - <----- statementPart
2021-11-19T10:23:54,384|[TRACE] graph - -----> statementPart
2021-11-19T10:23:54,384|[TRACE] graph - -------> nonSkippedChar
2021-11-19T10:23:54,384|[TRACE] script - #out(`N`) [token]
2021-11-19T10:23:54,384|[TRACE] graph - <------- nonSkippedChar
2021-11-19T10:23:54,384|[TRACE] graph - <----- statementPart
2021-11-19T10:23:54,384|[TRACE] graph - -----> statementPart
2021-11-19T10:23:54,384|[TRACE] graph - -------> nonSkippedSpace
2021-11-19T10:23:54,384|[TRACE] script - #out(` `) [token]
2021-11-19T10:23:54,384|[TRACE] graph - <------- nonSkippedSpace
2021-11-19T10:23:54,384|[TRACE] graph - <----- statementPart
2021-11-19T10:23:54,384|[TRACE] graph - -----> statementPart
2021-11-19T10:23:54,384|[TRACE] graph - -------> nonSkippedChar
2021-11-19T10:23:54,384|[TRACE] script - #out(`U`) [token]
2021-11-19T10:23:54,384|[TRACE] graph - <------- nonSkippedChar
2021-11-19T10:23:54,384|[TRACE] graph - <----- statementPart
2021-11-19T10:23:54,384|[TRACE] graph - -----> statementPart
2021-11-19T10:23:54,384|[TRACE] graph - -------> nonSkippedChar
2021-11-19T10:23:54,384|[TRACE] script - #out(`P`) [token]
2021-11-19T10:23:54,384|[TRACE] graph - <------- nonSkippedChar
2021-11-19T10:23:54,384|[TRACE] graph - <----- statementPart
2021-11-19T10:23:54,384|[TRACE] graph - -----> statementPart
2021-11-19T10:23:54,384|[TRACE] graph - -------> nonSkippedChar
2021-11-19T10:23:54,384|[TRACE] script - #out(`D`) [token]
2021-11-19T10:23:54,384|[TRACE] graph - <------- nonSkippedChar
2021-11-19T10:23:54,384|[TRACE] graph - <----- statementPart
2021-11-19T10:23:54,384|[TRACE] graph - -----> statementPart
2021-11-19T10:23:54,384|[TRACE] graph - -------> nonSkippedChar
2021-11-19T10:23:54,384|[TRACE] script - #out(`A`) [token]
2021-11-19T10:23:54,384|[TRACE] graph - <------- nonSkippedChar
2021-11-19T10:23:54,384|[TRACE] graph - <----- statementPart
2021-11-19T10:23:54,384|[TRACE] graph - -----> statementPart
2021-11-19T10:23:54,384|[TRACE] graph - -------> nonSkippedChar
2021-11-19T10:23:54,384|[TRACE] script - #out(`T`) [token]
2021-11-19T10:23:54,384|[TRACE] graph - <------- nonSkippedChar
2021-11-19T10:23:54,384|[TRACE] graph - <----- statementPart
2021-11-19T10:23:54,384|[TRACE] graph - -----> statementPart
2021-11-19T10:23:54,384|[TRACE] graph - -------> nonSkippedChar
2021-11-19T10:23:54,384|[TRACE] script - #out(`E`) [token]
2021-11-19T10:23:54,384|[TRACE] graph - <------- nonSkippedChar
2021-11-19T10:23:54,384|[TRACE] graph - <----- statementPart
2021-11-19T10:23:54,384|[TRACE] graph - -----> statementPart
2021-11-19T10:23:54,384|[TRACE] graph - -------> nonSkippedSpace
2021-11-19T10:23:54,384|[TRACE] script - #out(` `) [token]
2021-11-19T10:23:54,384|[TRACE] graph - <------- nonSkippedSpace
2021-11-19T10:23:54,384|[TRACE] graph - <----- statementPart
2021-11-19T10:23:54,384|[TRACE] graph - -----> statementPart
2021-11-19T10:23:54,384|[TRACE] graph - -------> nonSkippedChar
2021-11-19T10:23:54,384|[TRACE] script - #out(`N`) [token]
2021-11-19T10:23:54,384|[TRACE] graph - <------- nonSkippedChar
2021-11-19T10:23:54,384|[TRACE] graph - <----- statementPart
2021-11-19T10:23:54,384|[TRACE] graph - -----> statementPart
2021-11-19T10:23:54,384|[TRACE] graph - -------> nonSkippedChar
2021-11-19T10:23:54,542|[TRACE] script - #out(`O`) [token]
2021-11-19T10:23:54,542|[TRACE] graph - <------- nonSkippedChar
2021-11-19T10:23:54,542|[TRACE] graph - <----- statementPart
2021-11-19T10:23:54,542|[TRACE] graph - -----> statementPart
2021-11-19T10:23:54,542|[TRACE] graph - -------> nonSkippedSpace
2021-11-19T10:23:54,542|[TRACE] script - #out(` `) [token]
2021-11-19T10:23:54,542|[TRACE] graph - <------- nonSkippedSpace
2021-11-19T10:23:54,542|[TRACE] graph - <----- statementPart
2021-11-19T10:23:54,542|[TRACE] graph - -----> statementPart
2021-11-19T10:23:54,542|[TRACE] graph - -------> nonSkippedChar
2021-11-19T10:23:54,542|[TRACE] script - #out(`A`) [token]
2021-11-19T10:23:54,542|[TRACE] graph - <------- nonSkippedChar
2021-11-19T10:23:54,542|[TRACE] graph - <----- statementPart
2021-11-19T10:23:54,542|[TRACE] graph - -----> statementPart
2021-11-19T10:23:54,542|[TRACE] graph - -------> nonSkippedChar
2021-11-19T10:23:54,542|[TRACE] script - #out(`C`) [token]
2021-11-19T10:23:54,542|[TRACE] graph - <------- nonSkippedChar
2021-11-19T10:23:54,542|[TRACE] graph - <----- statementPart
2021-11-19T10:23:54,542|[TRACE] graph - -----> statementPart
2021-11-19T10:23:54,542|[TRACE] graph - -------> nonSkippedChar
2021-11-19T10:23:54,542|[TRACE] script - #out(`T`) [token]
2021-11-19T10:23:54,542|[TRACE] graph - <------- nonSkippedChar
2021-11-19T10:23:54,542|[TRACE] graph - <----- statementPart
2021-11-19T10:23:54,542|[TRACE] graph - -----> statementPart
2021-11-19T10:23:54,542|[TRACE] graph - -------> nonSkippedChar
2021-11-19T10:23:54,542|[TRACE] script - #out(`I`) [token]
2021-11-19T10:23:54,542|[TRACE] graph - <------- nonSkippedChar
2021-11-19T10:23:54,542|[TRACE] graph - <----- statementPart
2021-11-19T10:23:54,542|[TRACE] graph - -----> statementPart
2021-11-19T10:23:54,542|[TRACE] graph - -------> nonSkippedChar
2021-11-19T10:23:54,542|[TRACE] script - #out(`O`) [token]
2021-11-19T10:23:54,542|[TRACE] graph - <------- nonSkippedChar
2021-11-19T10:23:54,542|[TRACE] graph - <----- statementPart
2021-11-19T10:23:54,542|[TRACE] graph - -----> statementPart
2021-11-19T10:23:54,542|[TRACE] graph - -------> nonSkippedChar
2021-11-19T10:23:54,542|[TRACE] script - #out(`N`) [token]
2021-11-19T10:23:54,542|[TRACE] graph - <------- nonSkippedChar
2021-11-19T10:23:54,542|[TRACE] graph - <----- statementPart
2021-11-19T10:23:54,542|[TRACE] graph - -----> statementPart
2021-11-19T10:23:54,542|[TRACE] graph - -------> nonSkippedChar
2021-11-19T10:23:54,542|[TRACE] script - #out(`,`) [token]
2021-11-19T10:23:54,542|[TRACE] graph - <------- nonSkippedChar
2021-11-19T10:23:54,542|[TRACE] graph - <----- statementPart
2021-11-19T10:23:54,542|[TRACE] graph - -----> afterStatementPartNewline
2021-11-19T10:23:54,542|[TRACE] script - #out(` `) [text]
2021-11-19T10:23:54,542|[TRACE] graph - <----- afterStatementPartNewline
2021-11-19T10:23:54,542|[TRACE] graph - -----> statementPart
2021-11-19T10:23:54,542|[TRACE] graph - -------> nonSkippedSpace
2021-11-19T10:23:54,542|[TRACE] script - #out(` `) [token]
2021-11-19T10:23:54,542|[TRACE] graph - <------- nonSkippedSpace
2021-11-19T10:23:54,542|[TRACE] graph - <----- statementPart
2021-11-19T10:23:54,542|[TRACE] graph - -----> statementPart
2021-11-19T10:23:54,542|[TRACE] graph - -------> nonSkippedSpace
2021-11-19T10:23:54,542|[TRACE] script - #out(` `) [token]
2021-11-19T10:23:54,542|[TRACE] graph - <------- nonSkippedSpace
2021-11-19T10:23:54,542|[TRACE] graph - <----- statementPart
2021-11-19T10:23:54,542|[TRACE] graph - -----> statementPart
2021-11-19T10:23:54,542|[TRACE] graph - -------> nonSkippedChar
2021-11-19T10:23:54,542|[TRACE] script - #out(`C`) [token]
2021-11-19T10:23:54,542|[TRACE] graph - <------- nonSkippedChar
2021-11-19T10:23:54,542|[TRACE] graph - <----- statementPart
2021-11-19T10:23:54,542|[TRACE] graph - -----> statementPart
2021-11-19T10:23:54,542|[TRACE] graph - -------> nonSkippedChar
2021-11-19T10:23:54,542|[TRACE] script - #out(`O`) [token]
2021-11-19T10:23:54,542|[TRACE] graph - <------- nonSkippedChar
2021-11-19T10:23:54,542|[TRACE] graph - <----- statementPart
2021-11-19T10:23:54,542|[TRACE] graph - -----> statementPart
2021-11-19T10:23:54,542|[TRACE] graph - -------> nonSkippedChar
2021-11-19T10:23:54,542|[TRACE] script - #out(`N`) [token]
2021-11-19T10:23:54,542|[TRACE] graph - <------- nonSkippedChar
2021-11-19T10:23:54,542|[TRACE] graph - <----- statementPart
2021-11-19T10:23:54,542|[TRACE] graph - -----> statementPart
2021-11-19T10:23:54,542|[TRACE] graph - -------> nonSkippedChar
2021-11-19T10:23:54,542|[TRACE] script - #out(`S`) [token]
2021-11-19T10:23:54,542|[TRACE] graph - <------- nonSkippedChar
2021-11-19T10:23:54,542|[TRACE] graph - <----- statementPart
2021-11-19T10:23:54,542|[TRACE] graph - -----> statementPart
2021-11-19T10:23:54,542|[TRACE] graph - -------> nonSkippedChar
2021-11-19T10:23:54,542|[TRACE] script - #out(`T`) [token]
2021-11-19T10:23:54,542|[TRACE] graph - <------- nonSkippedChar
2021-11-19T10:23:54,542|[TRACE] graph - <----- statementPart
2021-11-19T10:23:54,542|[TRACE] graph - -----> statementPart
2021-11-19T10:23:54,542|[TRACE] graph - -------> nonSkippedChar
2021-11-19T10:23:54,542|[TRACE] script - #out(`R`) [token]
2021-11-19T10:23:54,542|[TRACE] graph - <------- nonSkippedChar
2021-11-19T10:23:54,542|[TRACE] graph - <----- statementPart
2021-11-19T10:23:54,542|[TRACE] graph - -----> statementPart
2021-11-19T10:23:54,542|[TRACE] graph - -------> nonSkippedChar
2021-11-19T10:23:54,542|[TRACE] script - #out(`A`) [token]
2021-11-19T10:23:54,542|[TRACE] graph - <------- nonSkippedChar
2021-11-19T10:23:54,542|[TRACE] graph - <----- statementPart
2021-11-19T10:23:54,542|[TRACE] graph - -----> statementPart
2021-11-19T10:23:54,542|[TRACE] graph - -------> nonSkippedChar
2021-11-19T10:23:54,542|[TRACE] script - #out(`I`) [token]
2021-11-19T10:23:54,542|[TRACE] graph - <------- nonSkippedChar
2021-11-19T10:23:54,542|[TRACE] graph - <----- statementPart
2021-11-19T10:23:54,542|[TRACE] graph - -----> statementPart
2021-11-19T10:23:54,542|[TRACE] graph - -------> nonSkippedChar
2021-11-19T10:23:54,542|[TRACE] script - #out(`N`) [token]
2021-11-19T10:23:54,542|[TRACE] graph - <------- nonSkippedChar
2021-11-19T10:23:54,542|[TRACE] graph - <----- statementPart
2021-11-19T10:23:54,542|[TRACE] graph - -----> statementPart
2021-11-19T10:23:54,542|[TRACE] graph - -------> nonSkippedChar
2021-11-19T10:23:54,542|[TRACE] script - #out(`T`) [token]
2021-11-19T10:23:54,542|[TRACE] graph - <------- nonSkippedChar
2021-11-19T10:23:54,542|[TRACE] graph - <----- statementPart
2021-11-19T10:23:54,542|[TRACE] graph - -----> statementPart
2021-11-19T10:23:54,542|[TRACE] graph - -------> nonSkippedSpace
2021-11-19T10:23:54,542|[TRACE] script - #out(` `) [token]
2021-11-19T10:23:54,542|[TRACE] graph - <------- nonSkippedSpace
2021-11-19T10:23:54,542|[TRACE] graph - <----- statementPart
2021-11-19T10:23:54,542|[TRACE] graph - -----> statementPart
2021-11-19T10:23:54,542|[TRACE] graph - -------> quotedString
2021-11-19T10:23:54,542|[TRACE] script - #out(``fk_donation_record_blood_donation1``) [token]
2021-11-19T10:23:54,542|[TRACE] graph - <------- quotedString
2021-11-19T10:23:54,542|[TRACE] graph - <----- statementPart
2021-11-19T10:23:54,542|[TRACE] graph - -----> afterStatementPartNewline
2021-11-19T10:23:54,542|[TRACE] script - #out(` `) [text]
2021-11-19T10:23:54,542|[TRACE] graph - <----- afterStatementPartNewline
2021-11-19T10:23:54,542|[TRACE] graph - -----> statementPart
2021-11-19T10:23:54,542|[TRACE] graph - -------> nonSkippedSpace
2021-11-19T10:23:54,542|[TRACE] script - #out(` `) [token]
2021-11-19T10:23:54,542|[TRACE] graph - <------- nonSkippedSpace
2021-11-19T10:23:54,542|[TRACE] graph - <----- statementPart
2021-11-19T10:23:54,542|[TRACE] graph - -----> statementPart
2021-11-19T10:23:54,542|[TRACE] graph - -------> nonSkippedSpace
2021-11-19T10:23:54,542|[TRACE] script - #out(` `) [token]
2021-11-19T10:23:54,543|[TRACE] graph - <------- nonSkippedSpace
2021-11-19T10:23:54,543|[TRACE] graph - <----- statementPart
2021-11-19T10:23:54,543|[TRACE] graph - -----> statementPart
2021-11-19T10:23:54,543|[TRACE] graph - -------> nonSkippedSpace
2021-11-19T10:23:54,543|[TRACE] script - #out(` `) [token]
2021-11-19T10:23:54,543|[TRACE] graph - <------- nonSkippedSpace
2021-11-19T10:23:54,543|[TRACE] graph - <----- statementPart
2021-11-19T10:23:54,543|[TRACE] graph - -----> statementPart
2021-11-19T10:23:54,543|[TRACE] graph - -------> nonSkippedSpace
2021-11-19T10:23:54,543|[TRACE] script - #out(` `) [token]
2021-11-19T10:23:54,543|[TRACE] graph - <------- nonSkippedSpace
2021-11-19T10:23:54,543|[TRACE] graph - <----- statementPart
2021-11-19T10:23:54,543|[TRACE] graph - -----> statementPart
2021-11-19T10:23:54,543|[TRACE] graph - -------> nonSkippedChar
2021-11-19T10:23:54,543|[TRACE] script - #out(`F`) [token]
2021-11-19T10:23:54,543|[TRACE] graph - <------- nonSkippedChar
2021-11-19T10:23:54,543|[TRACE] graph - <----- statementPart
2021-11-19T10:23:54,543|[TRACE] graph - -----> statementPart
2021-11-19T10:23:54,543|[TRACE] graph - -------> nonSkippedChar
2021-11-19T10:23:54,543|[TRACE] script - #out(`O`) [token]
2021-11-19T10:23:54,543|[TRACE] graph - <------- nonSkippedChar
2021-11-19T10:23:54,543|[TRACE] graph - <----- statementPart
2021-11-19T10:23:54,543|[TRACE] graph - -----> statementPart
2021-11-19T10:23:54,543|[TRACE] graph - -------> nonSkippedChar
2021-11-19T10:23:54,543|[TRACE] script - #out(`R`) [token]
2021-11-19T10:23:54,543|[TRACE] graph - <------- nonSkippedChar
2021-11-19T10:23:54,543|[TRACE] graph - <----- statementPart
2021-11-19T10:23:54,543|[TRACE] graph - -----> statementPart
2021-11-19T10:23:54,543|[TRACE] graph - -------> nonSkippedChar
2021-11-19T10:23:54,543|[TRACE] script - #out(`E`) [token]
2021-11-19T10:23:54,543|[TRACE] graph - <------- nonSkippedChar
2021-11-19T10:23:54,543|[TRACE] graph - <----- statementPart
2021-11-19T10:23:54,543|[TRACE] graph - -----> statementPart
2021-11-19T10:23:54,543|[TRACE] graph - -------> nonSkippedChar
2021-11-19T10:23:54,543|[TRACE] script - #out(`I`) [token]
2021-11-19T10:23:54,543|[TRACE] graph - <------- nonSkippedChar
2021-11-19T10:23:54,543|[TRACE] graph - <----- statementPart
2021-11-19T10:23:54,543|[TRACE] graph - -----> statementPart
2021-11-19T10:23:54,543|[TRACE] graph - -------> nonSkippedChar
2021-11-19T10:23:54,543|[TRACE] script - #out(`G`) [token]
2021-11-19T10:23:54,543|[TRACE] graph - <------- nonSkippedChar
2021-11-19T10:23:54,543|[TRACE] graph - <----- statementPart
2021-11-19T10:23:54,543|[TRACE] graph - -----> statementPart
2021-11-19T10:23:54,543|[TRACE] graph - -------> nonSkippedChar
2021-11-19T10:23:54,543|[TRACE] script - #out(`N`) [token]
2021-11-19T10:23:54,543|[TRACE] graph - <------- nonSkippedChar
2021-11-19T10:23:54,543|[TRACE] graph - <----- statementPart
2021-11-19T10:23:54,543|[TRACE] graph - -----> statementPart
2021-11-19T10:23:54,543|[TRACE] graph - -------> nonSkippedSpace
2021-11-19T10:23:54,543|[TRACE] script - #out(` `) [token]
2021-11-19T10:23:54,543|[TRACE] graph - <------- nonSkippedSpace
2021-11-19T10:23:54,543|[TRACE] graph - <----- statementPart
2021-11-19T10:23:54,543|[TRACE] graph - -----> statementPart
2021-11-19T10:23:54,543|[TRACE] graph - -------> nonSkippedChar
2021-11-19T10:23:54,543|[TRACE] script - #out(`K`) [token]
2021-11-19T10:23:54,543|[TRACE] graph - <------- nonSkippedChar
2021-11-19T10:23:54,543|[TRACE] graph - <----- statementPart
2021-11-19T10:23:54,543|[TRACE] graph - -----> statementPart
2021-11-19T10:23:54,543|[TRACE] graph - -------> nonSkippedChar
2021-11-19T10:23:54,543|[TRACE] script - #out(`E`) [token]
2021-11-19T10:23:54,543|[TRACE] graph - <------- nonSkippedChar
2021-11-19T10:23:54,543|[TRACE] graph - <----- statementPart
2021-11-19T10:23:54,543|[TRACE] graph - -----> statementPart
2021-11-19T10:23:54,543|[TRACE] graph - -------> nonSkippedChar
2021-11-19T10:23:54,543|[TRACE] script - #out(`Y`) [token]
2021-11-19T10:23:54,543|[TRACE] graph - <------- nonSkippedChar
2021-11-19T10:23:54,543|[TRACE] graph - <----- statementPart
2021-11-19T10:23:54,543|[TRACE] graph - -----> statementPart
2021-11-19T10:23:54,543|[TRACE] graph - -------> nonSkippedSpace
2021-11-19T10:23:54,543|[TRACE] script - #out(` `) [token]
2021-11-19T10:23:54,543|[TRACE] graph - <------- nonSkippedSpace
2021-11-19T10:23:54,543|[TRACE] graph - <----- statementPart
2021-11-19T10:23:54,543|[TRACE] graph - -----> statementPart
2021-11-19T10:23:54,543|[TRACE] graph - -------> nonSkippedChar
2021-11-19T10:23:54,543|[TRACE] script - #out(`(`) [token]
2021-11-19T10:23:54,543|[TRACE] graph - <------- nonSkippedChar
2021-11-19T10:23:54,543|[TRACE] graph - <----- statementPart
2021-11-19T10:23:54,543|[TRACE] graph - -----> statementPart
2021-11-19T10:23:54,543|[TRACE] graph - -------> quotedString
2021-11-19T10:23:54,543|[TRACE] script - #out(``donation_id``) [token]
2021-11-19T10:23:54,543|[TRACE] graph - <------- quotedString
2021-11-19T10:23:54,543|[TRACE] graph - <----- statementPart
2021-11-19T10:23:54,543|[TRACE] graph - -----> statementPart
2021-11-19T10:23:54,543|[TRACE] graph - -------> nonSkippedChar
2021-11-19T10:23:54,543|[TRACE] script - #out(`)`) [token]
2021-11-19T10:23:54,543|[TRACE] graph - <------- nonSkippedChar
2021-11-19T10:23:54,543|[TRACE] graph - <----- statementPart
2021-11-19T10:23:54,543|[TRACE] graph - -----> afterStatementPartNewline
2021-11-19T10:23:54,543|[TRACE] script - #out(` `) [text]
2021-11-19T10:23:54,543|[TRACE] graph - <----- afterStatementPartNewline
2021-11-19T10:23:54,543|[TRACE] graph - -----> statementPart
2021-11-19T10:23:54,543|[TRACE] graph - -------> nonSkippedSpace
2021-11-19T10:23:54,543|[TRACE] script - #out(` `) [token]
2021-11-19T10:23:54,543|[TRACE] graph - <------- nonSkippedSpace
2021-11-19T10:23:54,543|[TRACE] graph - <----- statementPart
2021-11-19T10:23:54,543|[TRACE] graph - -----> statementPart
2021-11-19T10:23:54,543|[TRACE] graph - -------> nonSkippedSpace
2021-11-19T10:23:54,543|[TRACE] script - #out(` `) [token]
2021-11-19T10:23:54,543|[TRACE] graph - <------- nonSkippedSpace
2021-11-19T10:23:54,543|[TRACE] graph - <----- statementPart
2021-11-19T10:23:54,543|[TRACE] graph - -----> statementPart
2021-11-19T10:23:54,543|[TRACE] graph - -------> nonSkippedSpace
2021-11-19T10:23:54,543|[TRACE] script - #out(` `) [token]
2021-11-19T10:23:54,543|[TRACE] graph - <------- nonSkippedSpace
2021-11-19T10:23:54,543|[TRACE] graph - <----- statementPart
2021-11-19T10:23:54,543|[TRACE] graph - -----> statementPart
2021-11-19T10:23:54,543|[TRACE] graph - -------> nonSkippedSpace
2021-11-19T10:23:54,543|[TRACE] script - #out(` `) [token]
2021-11-19T10:23:54,543|[TRACE] graph - <------- nonSkippedSpace
2021-11-19T10:23:54,543|[TRACE] graph - <----- statementPart
2021-11-19T10:23:54,543|[TRACE] graph - -----> statementPart
2021-11-19T10:23:54,543|[TRACE] graph - -------> nonSkippedChar
2021-11-19T10:23:54,543|[TRACE] script - #out(`R`) [token]
2021-11-19T10:23:54,543|[TRACE] graph - <------- nonSkippedChar
2021-11-19T10:23:54,543|[TRACE] graph - <----- statementPart
2021-11-19T10:23:54,543|[TRACE] graph - -----> statementPart
2021-11-19T10:23:54,543|[TRACE] graph - -------> nonSkippedChar
2021-11-19T10:23:54,543|[TRACE] script - #out(`E`) [token]
2021-11-19T10:23:54,543|[TRACE] graph - <------- nonSkippedChar
2021-11-19T10:23:54,543|[TRACE] graph - <----- statementPart
2021-11-19T10:23:54,543|[TRACE] graph - -----> statementPart
2021-11-19T10:23:54,543|[TRACE] graph - -------> nonSkippedChar
2021-11-19T10:23:54,543|[TRACE] script - #out(`F`) [token]
2021-11-19T10:23:54,543|[TRACE] graph - <------- nonSkippedChar
2021-11-19T10:23:54,543|[TRACE] graph - <----- statementPart
2021-11-19T10:23:54,543|[TRACE] graph - -----> statementPart
2021-11-19T10:23:54,543|[TRACE] graph - -------> nonSkippedChar
2021-11-19T10:23:54,543|[TRACE] script - #out(`E`) [token]
2021-11-19T10:23:54,543|[TRACE] graph - <------- nonSkippedChar
2021-11-19T10:23:54,543|[TRACE] graph - <----- statementPart
2021-11-19T10:23:54,543|[TRACE] graph - -----> statementPart
2021-11-19T10:23:54,543|[TRACE] graph - -------> nonSkippedChar
2021-11-19T10:23:54,543|[TRACE] script - #out(`R`) [token]
2021-11-19T10:23:54,543|[TRACE] graph - <------- nonSkippedChar
2021-11-19T10:23:54,543|[TRACE] graph - <----- statementPart
2021-11-19T10:23:54,543|[TRACE] graph - -----> statementPart
2021-11-19T10:23:54,543|[TRACE] graph - -------> nonSkippedChar
2021-11-19T10:23:54,543|[TRACE] script - #out(`E`) [token]
2021-11-19T10:23:54,543|[TRACE] graph - <------- nonSkippedChar
2021-11-19T10:23:54,543|[TRACE] graph - <----- statementPart
2021-11-19T10:23:54,543|[TRACE] graph - -----> statementPart
2021-11-19T10:23:54,543|[TRACE] graph - -------> nonSkippedChar
2021-11-19T10:23:54,543|[TRACE] script - #out(`N`) [token]
2021-11-19T10:23:54,543|[TRACE] graph - <------- nonSkippedChar
2021-11-19T10:23:54,543|[TRACE] graph - <----- statementPart
2021-11-19T10:23:54,543|[TRACE] graph - -----> statementPart
2021-11-19T10:23:54,543|[TRACE] graph - -------> nonSkippedChar
2021-11-19T10:23:54,543|[TRACE] script - #out(`C`) [token]
2021-11-19T10:23:54,543|[TRACE] graph - <------- nonSkippedChar
2021-11-19T10:23:54,543|[TRACE] graph - <----- statementPart
2021-11-19T10:23:54,543|[TRACE] graph - -----> statementPart
2021-11-19T10:23:54,543|[TRACE] graph - -------> nonSkippedChar
2021-11-19T10:23:54,543|[TRACE] script - #out(`E`) [token]
2021-11-19T10:23:54,543|[TRACE] graph - <------- nonSkippedChar
2021-11-19T10:23:54,543|[TRACE] graph - <----- statementPart
2021-11-19T10:23:54,543|[TRACE] graph - -----> statementPart
2021-11-19T10:23:54,543|[TRACE] graph - -------> nonSkippedChar
2021-11-19T10:23:54,543|[TRACE] script - #out(`S`) [token]
2021-11-19T10:23:54,543|[TRACE] graph - <------- nonSkippedChar
2021-11-19T10:23:54,543|[TRACE] graph - <----- statementPart
2021-11-19T10:23:54,543|[TRACE] graph - -----> statementPart
2021-11-19T10:23:54,543|[TRACE] graph - -------> nonSkippedSpace
2021-11-19T10:23:54,543|[TRACE] script - #out(` `) [token]
2021-11-19T10:23:54,543|[TRACE] graph - <------- nonSkippedSpace
2021-11-19T10:23:54,543|[TRACE] graph - <----- statementPart
2021-11-19T10:23:54,543|[TRACE] graph - -----> statementPart
2021-11-19T10:23:54,543|[TRACE] graph - -------> quotedString
2021-11-19T10:23:54,543|[TRACE] script - #out(``bloodbank``) [token]
2021-11-19T10:23:54,543|[TRACE] graph - <------- quotedString
2021-11-19T10:23:54,543|[TRACE] graph - <----- statementPart
2021-11-19T10:23:54,544|[TRACE] graph - -----> statementPart
2021-11-19T10:23:54,544|[TRACE] graph - -------> nonSkippedChar
2021-11-19T10:23:54,544|[TRACE] script - #out(`.`) [token]
2021-11-19T10:23:54,544|[TRACE] graph - <------- nonSkippedChar
2021-11-19T10:23:54,544|[TRACE] graph - <----- statementPart
2021-11-19T10:23:54,544|[TRACE] graph - -----> statementPart
2021-11-19T10:23:54,544|[TRACE] graph - -------> quotedString
2021-11-19T10:23:54,544|[TRACE] script - #out(``blood_donation``) [token]
2021-11-19T10:23:54,544|[TRACE] graph - <------- quotedString
2021-11-19T10:23:54,544|[TRACE] graph - <----- statementPart
2021-11-19T10:23:54,544|[TRACE] graph - -----> statementPart
2021-11-19T10:23:54,544|[TRACE] graph - -------> nonSkippedSpace
2021-11-19T10:23:54,544|[TRACE] script - #out(` `) [token]
2021-11-19T10:23:54,544|[TRACE] graph - <------- nonSkippedSpace
2021-11-19T10:23:54,544|[TRACE] graph - <----- statementPart
2021-11-19T10:23:54,544|[TRACE] graph - -----> statementPart
2021-11-19T10:23:54,544|[TRACE] graph - -------> nonSkippedChar
2021-11-19T10:23:54,544|[TRACE] script - #out(`(`) [token]
2021-11-19T10:23:54,544|[TRACE] graph - <------- nonSkippedChar
2021-11-19T10:23:54,544|[TRACE] graph - <----- statementPart
2021-11-19T10:23:54,544|[TRACE] graph - -----> statementPart
2021-11-19T10:23:54,544|[TRACE] graph - -------> quotedString
2021-11-19T10:23:54,544|[TRACE] script - #out(``donation_id``) [token]
2021-11-19T10:23:54,544|[TRACE] graph - <------- quotedString
2021-11-19T10:23:54,544|[TRACE] graph - <----- statementPart
2021-11-19T10:23:54,544|[TRACE] graph - -----> statementPart
2021-11-19T10:23:54,544|[TRACE] graph - -------> nonSkippedChar
2021-11-19T10:23:54,544|[TRACE] script - #out(`)`) [token]
2021-11-19T10:23:54,544|[TRACE] graph - <------- nonSkippedChar
2021-11-19T10:23:54,544|[TRACE] graph - <----- statementPart
2021-11-19T10:23:54,544|[TRACE] graph - -----> afterStatementPartNewline
2021-11-19T10:23:54,544|[TRACE] script - #out(` `) [text]
2021-11-19T10:23:54,544|[TRACE] graph - <----- afterStatementPartNewline
2021-11-19T10:23:54,544|[TRACE] graph - -----> statementPart
2021-11-19T10:23:54,544|[TRACE] graph - -------> nonSkippedSpace
2021-11-19T10:23:54,544|[TRACE] script - #out(` `) [token]
2021-11-19T10:23:54,544|[TRACE] graph - <------- nonSkippedSpace
2021-11-19T10:23:54,544|[TRACE] graph - <----- statementPart
2021-11-19T10:23:54,544|[TRACE] graph - -----> statementPart
2021-11-19T10:23:54,544|[TRACE] graph - -------> nonSkippedSpace
2021-11-19T10:23:54,544|[TRACE] script - #out(` `) [token]
2021-11-19T10:23:54,544|[TRACE] graph - <------- nonSkippedSpace
2021-11-19T10:23:54,544|[TRACE] graph - <----- statementPart
2021-11-19T10:23:54,544|[TRACE] graph - -----> statementPart
2021-11-19T10:23:54,544|[TRACE] graph - -------> nonSkippedSpace
2021-11-19T10:23:54,544|[TRACE] script - #out(` `) [token]
2021-11-19T10:23:54,544|[TRACE] graph - <------- nonSkippedSpace
2021-11-19T10:23:54,544|[TRACE] graph - <----- statementPart
2021-11-19T10:23:54,544|[TRACE] graph - -----> statementPart
2021-11-19T10:23:54,544|[TRACE] graph - -------> nonSkippedSpace
2021-11-19T10:23:54,544|[TRACE] script - #out(` `) [token]
2021-11-19T10:23:54,544|[TRACE] graph - <------- nonSkippedSpace
2021-11-19T10:23:54,544|[TRACE] graph - <----- statementPart
2021-11-19T10:23:54,544|[TRACE] graph - -----> statementPart
2021-11-19T10:23:54,544|[TRACE] graph - -------> nonSkippedChar
2021-11-19T10:23:54,544|[TRACE] script - #out(`O`) [token]
2021-11-19T10:23:54,544|[TRACE] graph - <------- nonSkippedChar
2021-11-19T10:23:54,544|[TRACE] graph - <----- statementPart
2021-11-19T10:23:54,544|[TRACE] graph - -----> statementPart
2021-11-19T10:23:54,544|[TRACE] graph - -------> nonSkippedChar
2021-11-19T10:23:54,544|[TRACE] script - #out(`N`) [token]
2021-11-19T10:23:54,544|[TRACE] graph - <------- nonSkippedChar
2021-11-19T10:23:54,544|[TRACE] graph - <----- statementPart
2021-11-19T10:23:54,544|[TRACE] graph - -----> statementPart
2021-11-19T10:23:54,544|[TRACE] graph - -------> nonSkippedSpace
2021-11-19T10:23:54,544|[TRACE] script - #out(` `) [token]
2021-11-19T10:23:54,544|[TRACE] graph - <------- nonSkippedSpace
2021-11-19T10:23:54,544|[TRACE] graph - <----- statementPart
2021-11-19T10:23:54,544|[TRACE] graph - -----> statementPart
2021-11-19T10:23:54,544|[TRACE] graph - -------> nonSkippedChar
2021-11-19T10:23:54,544|[TRACE] script - #out(`D`) [token]
2021-11-19T10:23:54,544|[TRACE] graph - <------- nonSkippedChar
2021-11-19T10:23:54,544|[TRACE] graph - <----- statementPart
2021-11-19T10:23:54,544|[TRACE] graph - -----> statementPart
2021-11-19T10:23:54,544|[TRACE] graph - -------> nonSkippedChar
2021-11-19T10:23:54,544|[TRACE] script - #out(`E`) [token]
2021-11-19T10:23:54,544|[TRACE] graph - <------- nonSkippedChar
2021-11-19T10:23:54,544|[TRACE] graph - <----- statementPart
2021-11-19T10:23:54,544|[TRACE] graph - -----> statementPart
2021-11-19T10:23:54,544|[TRACE] graph - -------> nonSkippedChar
2021-11-19T10:23:54,544|[TRACE] script - #out(`L`) [token]
2021-11-19T10:23:54,544|[TRACE] graph - <------- nonSkippedChar
2021-11-19T10:23:54,544|[TRACE] graph - <----- statementPart
2021-11-19T10:23:54,544|[TRACE] graph - -----> statementPart
2021-11-19T10:23:54,544|[TRACE] graph - -------> nonSkippedChar
2021-11-19T10:23:54,544|[TRACE] script - #out(`E`) [token]
2021-11-19T10:23:54,544|[TRACE] graph - <------- nonSkippedChar
2021-11-19T10:23:54,544|[TRACE] graph - <----- statementPart
2021-11-19T10:23:54,544|[TRACE] graph - -----> statementPart
2021-11-19T10:23:54,544|[TRACE] graph - -------> nonSkippedChar
2021-11-19T10:23:54,544|[TRACE] script - #out(`T`) [token]
2021-11-19T10:23:54,544|[TRACE] graph - <------- nonSkippedChar
2021-11-19T10:23:54,544|[TRACE] graph - <----- statementPart
2021-11-19T10:23:54,544|[TRACE] graph - -----> statementPart
2021-11-19T10:23:54,544|[TRACE] graph - -------> nonSkippedChar
2021-11-19T10:23:54,544|[TRACE] script - #out(`E`) [token]
2021-11-19T10:23:54,544|[TRACE] graph - <------- nonSkippedChar
2021-11-19T10:23:54,544|[TRACE] graph - <----- statementPart
2021-11-19T10:23:54,544|[TRACE] graph - -----> statementPart
2021-11-19T10:23:54,544|[TRACE] graph - -------> nonSkippedSpace
2021-11-19T10:23:54,544|[TRACE] script - #out(` `) [token]
2021-11-19T10:23:54,544|[TRACE] graph - <------- nonSkippedSpace
2021-11-19T10:23:54,544|[TRACE] graph - <----- statementPart
2021-11-19T10:23:54,544|[TRACE] graph - -----> statementPart
2021-11-19T10:23:54,544|[TRACE] graph - -------> nonSkippedChar
2021-11-19T10:23:54,544|[TRACE] script - #out(`N`) [token]
2021-11-19T10:23:54,544|[TRACE] graph - <------- nonSkippedChar
2021-11-19T10:23:54,544|[TRACE] graph - <----- statementPart
2021-11-19T10:23:54,544|[TRACE] graph - -----> statementPart
2021-11-19T10:23:54,544|[TRACE] graph - -------> nonSkippedChar
2021-11-19T10:23:54,544|[TRACE] script - #out(`O`) [token]
2021-11-19T10:23:54,544|[TRACE] graph - <------- nonSkippedChar
2021-11-19T10:23:54,544|[TRACE] graph - <----- statementPart
2021-11-19T10:23:54,544|[TRACE] graph - -----> statementPart
2021-11-19T10:23:54,544|[TRACE] graph - -------> nonSkippedSpace
2021-11-19T10:23:54,544|[TRACE] script - #out(` `) [token]
2021-11-19T10:23:54,544|[TRACE] graph - <------- nonSkippedSpace
2021-11-19T10:23:54,544|[TRACE] graph - <----- statementPart
2021-11-19T10:23:54,544|[TRACE] graph - -----> statementPart
2021-11-19T10:23:54,544|[TRACE] graph - -------> nonSkippedChar
2021-11-19T10:23:54,544|[TRACE] script - #out(`A`) [token]
2021-11-19T10:23:54,544|[TRACE] graph - <------- nonSkippedChar
2021-11-19T10:23:54,544|[TRACE] graph - <----- statementPart
2021-11-19T10:23:54,544|[TRACE] graph - -----> statementPart
2021-11-19T10:23:54,544|[TRACE] graph - -------> nonSkippedChar
2021-11-19T10:23:54,544|[TRACE] script - #out(`C`) [token]
2021-11-19T10:23:54,544|[TRACE] graph - <------- nonSkippedChar
2021-11-19T10:23:54,544|[TRACE] graph - <----- statementPart
2021-11-19T10:23:54,544|[TRACE] graph - -----> statementPart
2021-11-19T10:23:54,544|[TRACE] graph - -------> nonSkippedChar
2021-11-19T10:23:54,544|[TRACE] script - #out(`T`) [token]
2021-11-19T10:23:54,544|[TRACE] graph - <------- nonSkippedChar
2021-11-19T10:23:54,544|[TRACE] graph - <----- statementPart
2021-11-19T10:23:54,544|[TRACE] graph - -----> statementPart
2021-11-19T10:23:54,544|[TRACE] graph - -------> nonSkippedChar
2021-11-19T10:23:54,544|[TRACE] script - #out(`I`) [token]
2021-11-19T10:23:54,544|[TRACE] graph - <------- nonSkippedChar
2021-11-19T10:23:54,544|[TRACE] graph - <----- statementPart
2021-11-19T10:23:54,544|[TRACE] graph - -----> statementPart
2021-11-19T10:23:54,544|[TRACE] graph - -------> nonSkippedChar
2021-11-19T10:23:54,544|[TRACE] script - #out(`O`) [token]
2021-11-19T10:23:54,544|[TRACE] graph - <------- nonSkippedChar
2021-11-19T10:23:54,544|[TRACE] graph - <----- statementPart
2021-11-19T10:23:54,544|[TRACE] graph - -----> statementPart
2021-11-19T10:23:54,544|[TRACE] graph - -------> nonSkippedChar
2021-11-19T10:23:54,544|[TRACE] script - #out(`N`) [token]
2021-11-19T10:23:54,544|[TRACE] graph - <------- nonSkippedChar
2021-11-19T10:23:54,544|[TRACE] graph - <----- statementPart
2021-11-19T10:23:54,545|[TRACE] graph - -----> afterStatementPartNewline
2021-11-19T10:23:54,545|[TRACE] script - #out(` `) [text]
2021-11-19T10:23:54,545|[TRACE] graph - <----- afterStatementPartNewline
2021-11-19T10:23:54,545|[TRACE] graph - -----> statementPart
2021-11-19T10:23:54,545|[TRACE] graph - -------> nonSkippedSpace
2021-11-19T10:23:54,545|[TRACE] script - #out(` `) [token]
2021-11-19T10:23:54,545|[TRACE] graph - <------- nonSkippedSpace
2021-11-19T10:23:54,545|[TRACE] graph - <----- statementPart
2021-11-19T10:23:54,545|[TRACE] graph - -----> statementPart
2021-11-19T10:23:54,545|[TRACE] graph - -------> nonSkippedSpace
2021-11-19T10:23:54,545|[TRACE] script - #out(` `) [token]
2021-11-19T10:23:54,545|[TRACE] graph - <------- nonSkippedSpace
2021-11-19T10:23:54,545|[TRACE] graph - <----- statementPart
2021-11-19T10:23:54,545|[TRACE] graph - -----> statementPart
2021-11-19T10:23:54,545|[TRACE] graph - -------> nonSkippedSpace
2021-11-19T10:23:54,545|[TRACE] script - #out(` `) [token]
2021-11-19T10:23:54,545|[TRACE] graph - <------- nonSkippedSpace
2021-11-19T10:23:54,545|[TRACE] graph - <----- statementPart
2021-11-19T10:23:54,545|[TRACE] graph - -----> statementPart
2021-11-19T10:23:54,718|[TRACE] graph - -------> nonSkippedSpace
2021-11-19T10:23:54,718|[TRACE] script - #out(` `) [token]
2021-11-19T10:23:54,718|[TRACE] graph - <------- nonSkippedSpace
2021-11-19T10:23:54,718|[TRACE] graph - <----- statementPart
2021-11-19T10:23:54,718|[TRACE] graph - -----> statementPart
2021-11-19T10:23:54,718|[TRACE] graph - -------> nonSkippedChar
2021-11-19T10:23:54,718|[TRACE] script - #out(`O`) [token]
2021-11-19T10:23:54,718|[TRACE] graph - <------- nonSkippedChar
2021-11-19T10:23:54,718|[TRACE] graph - <----- statementPart
2021-11-19T10:23:54,718|[TRACE] graph - -----> statementPart
2021-11-19T10:23:54,718|[TRACE] graph - -------> nonSkippedChar
2021-11-19T10:23:54,718|[TRACE] script - #out(`N`) [token]
2021-11-19T10:23:54,718|[TRACE] graph - <------- nonSkippedChar
2021-11-19T10:23:54,718|[TRACE] graph - <----- statementPart
2021-11-19T10:23:54,718|[TRACE] graph - -----> statementPart
2021-11-19T10:23:54,718|[TRACE] graph - -------> nonSkippedSpace
2021-11-19T10:23:54,718|[TRACE] script - #out(` `) [token]
2021-11-19T10:23:54,718|[TRACE] graph - <------- nonSkippedSpace
2021-11-19T10:23:54,718|[TRACE] graph - <----- statementPart
2021-11-19T10:23:54,718|[TRACE] graph - -----> statementPart
2021-11-19T10:23:54,719|[TRACE] graph - -------> nonSkippedChar
2021-11-19T10:23:54,719|[TRACE] script - #out(`U`) [token]
2021-11-19T10:23:54,719|[TRACE] graph - <------- nonSkippedChar
2021-11-19T10:23:54,719|[TRACE] graph - <----- statementPart
2021-11-19T10:23:54,719|[TRACE] graph - -----> statementPart
2021-11-19T10:23:54,719|[TRACE] graph - -------> nonSkippedChar
2021-11-19T10:23:54,719|[TRACE] script - #out(`P`) [token]
2021-11-19T10:23:54,719|[TRACE] graph - <------- nonSkippedChar
2021-11-19T10:23:54,719|[TRACE] graph - <----- statementPart
2021-11-19T10:23:54,719|[TRACE] graph - -----> statementPart
2021-11-19T10:23:54,719|[TRACE] graph - -------> nonSkippedChar
2021-11-19T10:23:54,719|[TRACE] script - #out(`D`) [token]
2021-11-19T10:23:54,719|[TRACE] graph - <------- nonSkippedChar
2021-11-19T10:23:54,719|[TRACE] graph - <----- statementPart
2021-11-19T10:23:54,719|[TRACE] graph - -----> statementPart
2021-11-19T10:23:54,719|[TRACE] graph - -------> nonSkippedChar
2021-11-19T10:23:54,719|[TRACE] script - #out(`A`) [token]
2021-11-19T10:23:54,719|[TRACE] graph - <------- nonSkippedChar
2021-11-19T10:23:54,719|[TRACE] graph - <----- statementPart
2021-11-19T10:23:54,719|[TRACE] graph - -----> statementPart
2021-11-19T10:23:54,719|[TRACE] graph - -------> nonSkippedChar
2021-11-19T10:23:54,719|[TRACE] script - #out(`T`) [token]
2021-11-19T10:23:54,719|[TRACE] graph - <------- nonSkippedChar
2021-11-19T10:23:54,719|[TRACE] graph - <----- statementPart
2021-11-19T10:23:54,719|[TRACE] graph - -----> statementPart
2021-11-19T10:23:54,719|[TRACE] graph - -------> nonSkippedChar
2021-11-19T10:23:54,719|[TRACE] script - #out(`E`) [token]
2021-11-19T10:23:54,719|[TRACE] graph - <------- nonSkippedChar
2021-11-19T10:23:54,719|[TRACE] graph - <----- statementPart
2021-11-19T10:23:54,719|[TRACE] graph - -----> statementPart
2021-11-19T10:23:54,719|[TRACE] graph - -------> nonSkippedSpace
2021-11-19T10:23:54,719|[TRACE] script - #out(` `) [token]
2021-11-19T10:23:54,719|[TRACE] graph - <------- nonSkippedSpace
2021-11-19T10:23:54,719|[TRACE] graph - <----- statementPart
2021-11-19T10:23:54,719|[TRACE] graph - -----> statementPart
2021-11-19T10:23:54,719|[TRACE] graph - -------> nonSkippedChar
2021-11-19T10:23:54,719|[TRACE] script - #out(`N`) [token]
2021-11-19T10:23:54,719|[TRACE] graph - <------- nonSkippedChar
2021-11-19T10:23:54,719|[TRACE] graph - <----- statementPart
2021-11-19T10:23:54,719|[TRACE] graph - -----> statementPart
2021-11-19T10:23:54,719|[TRACE] graph - -------> nonSkippedChar
2021-11-19T10:23:54,719|[TRACE] script - #out(`O`) [token]
2021-11-19T10:23:54,719|[TRACE] graph - <------- nonSkippedChar
2021-11-19T10:23:54,719|[TRACE] graph - <----- statementPart
2021-11-19T10:23:54,719|[TRACE] graph - -----> statementPart
2021-11-19T10:23:54,719|[TRACE] graph - -------> nonSkippedSpace
2021-11-19T10:23:54,719|[TRACE] script - #out(` `) [token]
2021-11-19T10:23:54,719|[TRACE] graph - <------- nonSkippedSpace
2021-11-19T10:23:54,719|[TRACE] graph - <----- statementPart
2021-11-19T10:23:54,719|[TRACE] graph - -----> statementPart
2021-11-19T10:23:54,719|[TRACE] graph - -------> nonSkippedChar
2021-11-19T10:23:54,719|[TRACE] script - #out(`A`) [token]
2021-11-19T10:23:54,719|[TRACE] graph - <------- nonSkippedChar
2021-11-19T10:23:54,719|[TRACE] graph - <----- statementPart
2021-11-19T10:23:54,719|[TRACE] graph - -----> statementPart
2021-11-19T10:23:54,719|[TRACE] graph - -------> nonSkippedChar
2021-11-19T10:23:54,719|[TRACE] script - #out(`C`) [token]
2021-11-19T10:23:54,719|[TRACE] graph - <------- nonSkippedChar
2021-11-19T10:23:54,719|[TRACE] graph - <----- statementPart
2021-11-19T10:23:54,719|[TRACE] graph - -----> statementPart
2021-11-19T10:23:54,719|[TRACE] graph - -------> nonSkippedChar
2021-11-19T10:23:54,719|[TRACE] script - #out(`T`) [token]
2021-11-19T10:23:54,719|[TRACE] graph - <------- nonSkippedChar
2021-11-19T10:23:54,719|[TRACE] graph - <----- statementPart
2021-11-19T10:23:54,719|[TRACE] graph - -----> statementPart
2021-11-19T10:23:54,719|[TRACE] graph - -------> nonSkippedChar
2021-11-19T10:23:54,719|[TRACE] script - #out(`I`) [token]
2021-11-19T10:23:54,719|[TRACE] graph - <------- nonSkippedChar
2021-11-19T10:23:54,719|[TRACE] graph - <----- statementPart
2021-11-19T10:23:54,719|[TRACE] graph - -----> statementPart
2021-11-19T10:23:54,719|[TRACE] graph - -------> nonSkippedChar
2021-11-19T10:23:54,719|[TRACE] script - #out(`O`) [token]
2021-11-19T10:23:54,719|[TRACE] graph - <------- nonSkippedChar
2021-11-19T10:23:54,719|[TRACE] graph - <----- statementPart
2021-11-19T10:23:54,719|[TRACE] graph - -----> statementPart
2021-11-19T10:23:54,719|[TRACE] graph - -------> nonSkippedChar
2021-11-19T10:23:54,719|[TRACE] script - #out(`N`) [token]
2021-11-19T10:23:54,719|[TRACE] graph - <------- nonSkippedChar
2021-11-19T10:23:54,719|[TRACE] graph - <----- statementPart
2021-11-19T10:23:54,719|[TRACE] graph - -----> statementPart
2021-11-19T10:23:54,719|[TRACE] graph - -------> nonSkippedChar
2021-11-19T10:23:54,719|[TRACE] script - #out(`)`) [token]
2021-11-19T10:23:54,719|[TRACE] graph - <------- nonSkippedChar
2021-11-19T10:23:54,719|[TRACE] graph - <----- statementPart
2021-11-19T10:23:54,719|[TRACE] graph - -----> afterStatementPartNewline
2021-11-19T10:23:54,719|[TRACE] script - #out(` `) [text]
2021-11-19T10:23:54,719|[TRACE] graph - <----- afterStatementPartNewline
2021-11-19T10:23:54,719|[TRACE] graph - -----> statementPart
2021-11-19T10:23:54,719|[TRACE] graph - -------> nonSkippedChar
2021-11-19T10:23:54,719|[TRACE] script - #out(`E`) [token]
2021-11-19T10:23:54,719|[TRACE] graph - <------- nonSkippedChar
2021-11-19T10:23:54,719|[TRACE] graph - <----- statementPart
2021-11-19T10:23:54,719|[TRACE] graph - -----> statementPart
2021-11-19T10:23:54,719|[TRACE] graph - -------> nonSkippedChar
2021-11-19T10:23:54,719|[TRACE] script - #out(`N`) [token]
2021-11-19T10:23:54,719|[TRACE] graph - <------- nonSkippedChar
2021-11-19T10:23:54,719|[TRACE] graph - <----- statementPart
2021-11-19T10:23:54,719|[TRACE] graph - -----> statementPart
2021-11-19T10:23:54,719|[TRACE] graph - -------> nonSkippedChar
2021-11-19T10:23:54,719|[TRACE] script - #out(`G`) [token]
2021-11-19T10:23:54,719|[TRACE] graph - <------- nonSkippedChar
2021-11-19T10:23:54,719|[TRACE] graph - <----- statementPart
2021-11-19T10:23:54,719|[TRACE] graph - -----> statementPart
2021-11-19T10:23:54,719|[TRACE] graph - -------> nonSkippedChar
2021-11-19T10:23:54,719|[TRACE] script - #out(`I`) [token]
2021-11-19T10:23:54,719|[TRACE] graph - <------- nonSkippedChar
2021-11-19T10:23:54,719|[TRACE] graph - <----- statementPart
2021-11-19T10:23:54,719|[TRACE] graph - -----> statementPart
2021-11-19T10:23:54,719|[TRACE] graph - -------> nonSkippedChar
2021-11-19T10:23:54,719|[TRACE] script - #out(`N`) [token]
2021-11-19T10:23:54,719|[TRACE] graph - <------- nonSkippedChar
2021-11-19T10:23:54,719|[TRACE] graph - <----- statementPart
2021-11-19T10:23:54,719|[TRACE] graph - -----> statementPart
2021-11-19T10:23:54,719|[TRACE] graph - -------> nonSkippedChar
2021-11-19T10:23:54,719|[TRACE] script - #out(`E`) [token]
2021-11-19T10:23:54,719|[TRACE] graph - <------- nonSkippedChar
2021-11-19T10:23:54,719|[TRACE] graph - <----- statementPart
2021-11-19T10:23:54,719|[TRACE] graph - -----> statementPart
2021-11-19T10:23:54,719|[TRACE] graph - -------> nonSkippedSpace
2021-11-19T10:23:54,719|[TRACE] script - #out(` `) [token]
2021-11-19T10:23:54,719|[TRACE] graph - <------- nonSkippedSpace
2021-11-19T10:23:54,719|[TRACE] graph - <----- statementPart
2021-11-19T10:23:54,719|[TRACE] graph - -----> statementPart
2021-11-19T10:23:54,719|[TRACE] graph - -------> nonSkippedChar
2021-11-19T10:23:54,719|[TRACE] script - #out(`=`) [token]
2021-11-19T10:23:54,719|[TRACE] graph - <------- nonSkippedChar
2021-11-19T10:23:54,719|[TRACE] graph - <----- statementPart
2021-11-19T10:23:54,719|[TRACE] graph - -----> statementPart
2021-11-19T10:23:54,719|[TRACE] graph - -------> nonSkippedSpace
2021-11-19T10:23:54,719|[TRACE] script - #out(` `) [token]
2021-11-19T10:23:54,719|[TRACE] graph - <------- nonSkippedSpace
2021-11-19T10:23:54,719|[TRACE] graph - <----- statementPart
2021-11-19T10:23:54,719|[TRACE] graph - -----> statementPart
2021-11-19T10:23:54,719|[TRACE] graph - -------> nonSkippedChar
2021-11-19T10:23:54,719|[TRACE] script - #out(`I`) [token]
2021-11-19T10:23:54,719|[TRACE] graph - <------- nonSkippedChar
2021-11-19T10:23:54,719|[TRACE] graph - <----- statementPart
2021-11-19T10:23:54,719|[TRACE] graph - -----> statementPart
2021-11-19T10:23:54,719|[TRACE] graph - -------> nonSkippedChar
2021-11-19T10:23:54,719|[TRACE] script - #out(`n`) [token]
2021-11-19T10:23:54,719|[TRACE] graph - <------- nonSkippedChar
2021-11-19T10:23:54,719|[TRACE] graph - <----- statementPart
2021-11-19T10:23:54,719|[TRACE] graph - -----> statementPart
2021-11-19T10:23:54,719|[TRACE] graph - -------> nonSkippedChar
2021-11-19T10:23:54,719|[TRACE] script - #out(`n`) [token]
2021-11-19T10:23:54,719|[TRACE] graph - <------- nonSkippedChar
2021-11-19T10:23:54,719|[TRACE] graph - <----- statementPart
2021-11-19T10:23:54,719|[TRACE] graph - -----> statementPart
2021-11-19T10:23:54,719|[TRACE] graph - -------> nonSkippedChar
2021-11-19T10:23:54,719|[TRACE] script - #out(`o`) [token]
2021-11-19T10:23:54,719|[TRACE] graph - <------- nonSkippedChar
2021-11-19T10:23:54,719|[TRACE] graph - <----- statementPart
2021-11-19T10:23:54,719|[TRACE] graph - -----> statementPart
2021-11-19T10:23:54,719|[TRACE] graph - -------> nonSkippedChar
2021-11-19T10:23:54,719|[TRACE] script - #out(`D`) [token]
2021-11-19T10:23:54,719|[TRACE] graph - <------- nonSkippedChar
2021-11-19T10:23:54,719|[TRACE] graph - <----- statementPart
2021-11-19T10:23:54,719|[TRACE] graph - -----> statementPart
2021-11-19T10:23:54,719|[TRACE] graph - -------> nonSkippedChar
2021-11-19T10:23:54,719|[TRACE] script - #out(`B`) [token]
2021-11-19T10:23:54,719|[TRACE] graph - <------- nonSkippedChar
2021-11-19T10:23:54,719|[TRACE] graph - <----- statementPart
2021-11-19T10:23:54,719|[DEBUG] graph - Import statement : CREATE TABLE IF NOT EXISTS `bloodbank`.`donation_record` (   `record_id` INT NOT NULL AUTO_INCREMENT,   `person_id` INT NOT NULL,   `donation_id` INT NULL,   `tested` BIT(1) NOT NULL,   `created` BIGINT NOT NULL DEFAULT (unix_timestamp(now()) * 1000),   `updated` BIGINT NOT NULL DEFAULT (unix_timestamp(now()) * 1000),   `version` INT NOT NULL DEFAULT 1,   INDEX `fk_donation_record_person1_idx` (`person_id` ASC) VISIBLE,   INDEX `fk_donation_record_blood_donation1_idx` (`donation_id` ASC) VISIBLE,   UNIQUE INDEX `record_id_UNIQUE` (`record_id` ASC) VISIBLE,   PRIMARY KEY (`record_id`),   CONSTRAINT `fk_donation_record_person1`     FOREIGN KEY (`person_id`)     REFERENCES `bloodbank`.`person` (`id`)     ON DELETE NO ACTION     ON UPDATE NO ACTION,   CONSTRAINT `fk_donation_record_blood_donation1`     FOREIGN KEY (`donation_id`)     REFERENCES `bloodbank`.`blood_donation` (`donation_id`)     ON DELETE NO ACTION     ON UPDATE NO ACTION) ENGINE = InnoDB
2021-11-19T10:23:54,719|[TRACE] graph - <--- statement
2021-11-19T10:23:54,719|[TRACE] graph - ---> blankSpacesToSkip
2021-11-19T10:23:54,719|[TRACE] graph - -----> newLineToSkip
2021-11-19T10:23:54,719|[TRACE] graph - <----- newLineToSkip
2021-11-19T10:23:54,719|[TRACE] graph - -----> newLineToSkip
2021-11-19T10:23:54,719|[TRACE] graph - <----- newLineToSkip
2021-11-19T10:23:54,719|[TRACE] graph - -----> newLineToSkip
2021-11-19T10:23:54,719|[TRACE] graph - <----- newLineToSkip
2021-11-19T10:23:54,719|[TRACE] graph - -----> newLineToSkip
2021-11-19T10:23:54,719|[TRACE] graph - <----- newLineToSkip
2021-11-19T10:23:54,719|[TRACE] graph - -----> newLineToSkip
2021-11-19T10:23:54,719|[TRACE] graph - <----- newLineToSkip
2021-11-19T10:23:54,719|[TRACE] graph - -----> newLineToSkip
2021-11-19T10:23:54,719|[TRACE] graph - <----- newLineToSkip
2021-11-19T10:23:54,719|[TRACE] graph - <--- blankSpacesToSkip
2021-11-19T10:23:54,719|[TRACE] graph - ---> statement
2021-11-19T10:23:54,719|[TRACE] graph - -----> statementFirstPart
2021-11-19T10:23:54,719|[TRACE] graph - -------> nonSkippedChar
2021-11-19T10:23:54,719|[TRACE] script - #out(`C`) [token]
2021-11-19T10:23:54,719|[TRACE] graph - <------- nonSkippedChar
2021-11-19T10:23:54,719|[TRACE] graph - <----- statementFirstPart
2021-11-19T10:23:54,719|[TRACE] graph - -----> statementPart
2021-11-19T10:23:54,719|[TRACE] graph - -------> nonSkippedChar
2021-11-19T10:23:54,719|[TRACE] script - #out(`R`) [token]
2021-11-19T10:23:54,719|[TRACE] graph - <------- nonSkippedChar
2021-11-19T10:23:54,719|[TRACE] graph - <----- statementPart
2021-11-19T10:23:54,719|[TRACE] graph - -----> statementPart
2021-11-19T10:23:54,719|[TRACE] graph - -------> nonSkippedChar
2021-11-19T10:23:54,719|[TRACE] script - #out(`E`) [token]
2021-11-19T10:23:54,719|[TRACE] graph - <------- nonSkippedChar
2021-11-19T10:23:54,719|[TRACE] graph - <----- statementPart
2021-11-19T10:23:54,719|[TRACE] graph - -----> statementPart
2021-11-19T10:23:54,719|[TRACE] graph - -------> nonSkippedChar
2021-11-19T10:23:54,719|[TRACE] script - #out(`A`) [token]
2021-11-19T10:23:54,719|[TRACE] graph - <------- nonSkippedChar
2021-11-19T10:23:54,719|[TRACE] graph - <----- statementPart
2021-11-19T10:23:54,719|[TRACE] graph - -----> statementPart
2021-11-19T10:23:54,719|[TRACE] graph - -------> nonSkippedChar
2021-11-19T10:23:54,719|[TRACE] script - #out(`T`) [token]
2021-11-19T10:23:54,719|[TRACE] graph - <------- nonSkippedChar
2021-11-19T10:23:54,719|[TRACE] graph - <----- statementPart
2021-11-19T10:23:54,719|[TRACE] graph - -----> statementPart
2021-11-19T10:23:54,719|[TRACE] graph - -------> nonSkippedChar
2021-11-19T10:23:54,719|[TRACE] script - #out(`E`) [token]
2021-11-19T10:23:54,719|[TRACE] graph - <------- nonSkippedChar
2021-11-19T10:23:54,719|[TRACE] graph - <----- statementPart
2021-11-19T10:23:54,719|[TRACE] graph - -----> statementPart
2021-11-19T10:23:54,719|[TRACE] graph - -------> nonSkippedSpace
2021-11-19T10:23:54,719|[TRACE] script - #out(` `) [token]
2021-11-19T10:23:54,719|[TRACE] graph - <------- nonSkippedSpace
2021-11-19T10:23:54,719|[TRACE] graph - <----- statementPart
2021-11-19T10:23:54,719|[TRACE] graph - -----> statementPart
2021-11-19T10:23:54,719|[TRACE] graph - -------> nonSkippedChar
2021-11-19T10:23:54,719|[TRACE] script - #out(`T`) [token]
2021-11-19T10:23:54,719|[TRACE] graph - <------- nonSkippedChar
2021-11-19T10:23:54,719|[TRACE] graph - <----- statementPart
2021-11-19T10:23:54,719|[TRACE] graph - -----> statementPart
2021-11-19T10:23:54,719|[TRACE] graph - -------> nonSkippedChar
2021-11-19T10:23:54,719|[TRACE] script - #out(`A`) [token]
2021-11-19T10:23:54,719|[TRACE] graph - <------- nonSkippedChar
2021-11-19T10:23:54,719|[TRACE] graph - <----- statementPart
2021-11-19T10:23:54,719|[TRACE] graph - -----> statementPart
2021-11-19T10:23:54,719|[TRACE] graph - -------> nonSkippedChar
2021-11-19T10:23:54,719|[TRACE] script - #out(`B`) [token]
2021-11-19T10:23:54,719|[TRACE] graph - <------- nonSkippedChar
2021-11-19T10:23:54,719|[TRACE] graph - <----- statementPart
2021-11-19T10:23:54,719|[TRACE] graph - -----> statementPart
2021-11-19T10:23:54,719|[TRACE] graph - -------> nonSkippedChar
2021-11-19T10:23:54,719|[TRACE] script - #out(`L`) [token]
2021-11-19T10:23:54,719|[TRACE] graph - <------- nonSkippedChar
2021-11-19T10:23:54,719|[TRACE] graph - <----- statementPart
2021-11-19T10:23:54,719|[TRACE] graph - -----> statementPart
2021-11-19T10:23:54,719|[TRACE] graph - -------> nonSkippedChar
2021-11-19T10:23:54,719|[TRACE] script - #out(`E`) [token]
2021-11-19T10:23:54,719|[TRACE] graph - <------- nonSkippedChar
2021-11-19T10:23:54,719|[TRACE] graph - <----- statementPart
2021-11-19T10:23:54,719|[TRACE] graph - -----> statementPart
2021-11-19T10:23:54,720|[TRACE] graph - -------> nonSkippedSpace
2021-11-19T10:23:54,720|[TRACE] script - #out(` `) [token]
2021-11-19T10:23:54,720|[TRACE] graph - <------- nonSkippedSpace
2021-11-19T10:23:54,720|[TRACE] graph - <----- statementPart
2021-11-19T10:23:54,720|[TRACE] graph - -----> statementPart
2021-11-19T10:23:54,720|[TRACE] graph - -------> nonSkippedChar
2021-11-19T10:23:54,720|[TRACE] script - #out(`I`) [token]
2021-11-19T10:23:54,720|[TRACE] graph - <------- nonSkippedChar
2021-11-19T10:23:54,720|[TRACE] graph - <----- statementPart
2021-11-19T10:23:54,720|[TRACE] graph - -----> statementPart
2021-11-19T10:23:54,720|[TRACE] graph - -------> nonSkippedChar
2021-11-19T10:23:54,720|[TRACE] script - #out(`F`) [token]
2021-11-19T10:23:54,720|[TRACE] graph - <------- nonSkippedChar
2021-11-19T10:23:54,720|[TRACE] graph - <----- statementPart
2021-11-19T10:23:54,720|[TRACE] graph - -----> statementPart
2021-11-19T10:23:54,720|[TRACE] graph - -------> nonSkippedSpace
2021-11-19T10:23:54,720|[TRACE] script - #out(` `) [token]
2021-11-19T10:23:54,720|[TRACE] graph - <------- nonSkippedSpace
2021-11-19T10:23:54,720|[TRACE] graph - <----- statementPart
2021-11-19T10:23:54,720|[TRACE] graph - -----> statementPart
2021-11-19T10:23:54,720|[TRACE] graph - -------> nonSkippedChar
2021-11-19T10:23:54,720|[TRACE] script - #out(`N`) [token]
2021-11-19T10:23:54,720|[TRACE] graph - <------- nonSkippedChar
2021-11-19T10:23:54,720|[TRACE] graph - <----- statementPart
2021-11-19T10:23:54,720|[TRACE] graph - -----> statementPart
2021-11-19T10:23:54,720|[TRACE] graph - -------> nonSkippedChar
2021-11-19T10:23:54,720|[TRACE] script - #out(`O`) [token]
2021-11-19T10:23:54,720|[TRACE] graph - <------- nonSkippedChar
2021-11-19T10:23:54,720|[TRACE] graph - <----- statementPart
2021-11-19T10:23:54,720|[TRACE] graph - -----> statementPart
2021-11-19T10:23:54,720|[TRACE] graph - -------> nonSkippedChar
2021-11-19T10:23:54,720|[TRACE] script - #out(`T`) [token]
2021-11-19T10:23:54,720|[TRACE] graph - <------- nonSkippedChar
2021-11-19T10:23:54,720|[TRACE] graph - <----- statementPart
2021-11-19T10:23:54,720|[TRACE] graph - -----> statementPart
2021-11-19T10:23:54,720|[TRACE] graph - -------> nonSkippedSpace
2021-11-19T10:23:54,720|[TRACE] script - #out(` `) [token]
2021-11-19T10:23:54,720|[TRACE] graph - <------- nonSkippedSpace
2021-11-19T10:23:54,720|[TRACE] graph - <----- statementPart
2021-11-19T10:23:54,720|[TRACE] graph - -----> statementPart
2021-11-19T10:23:54,720|[TRACE] graph - -------> nonSkippedChar
2021-11-19T10:23:54,720|[TRACE] script - #out(`E`) [token]
2021-11-19T10:23:54,720|[TRACE] graph - <------- nonSkippedChar
2021-11-19T10:23:54,720|[TRACE] graph - <----- statementPart
2021-11-19T10:23:54,720|[TRACE] graph - -----> statementPart
2021-11-19T10:23:54,720|[TRACE] graph - -------> nonSkippedChar
2021-11-19T10:23:54,720|[TRACE] script - #out(`X`) [token]
2021-11-19T10:23:54,720|[TRACE] graph - <------- nonSkippedChar
2021-11-19T10:23:54,720|[TRACE] graph - <----- statementPart
2021-11-19T10:23:54,720|[TRACE] graph - -----> statementPart
2021-11-19T10:23:54,720|[TRACE] graph - -------> nonSkippedChar
2021-11-19T10:23:54,720|[TRACE] script - #out(`I`) [token]
2021-11-19T10:23:54,720|[TRACE] graph - <------- nonSkippedChar
2021-11-19T10:23:54,720|[TRACE] graph - <----- statementPart
2021-11-19T10:23:54,720|[TRACE] graph - -----> statementPart
2021-11-19T10:23:54,720|[TRACE] graph - -------> nonSkippedChar
2021-11-19T10:23:54,720|[TRACE] script - #out(`S`) [token]
2021-11-19T10:23:54,720|[TRACE] graph - <------- nonSkippedChar
2021-11-19T10:23:54,720|[TRACE] graph - <----- statementPart
2021-11-19T10:23:54,720|[TRACE] graph - -----> statementPart
2021-11-19T10:23:54,720|[TRACE] graph - -------> nonSkippedChar
2021-11-19T10:23:54,720|[TRACE] script - #out(`T`) [token]
2021-11-19T10:23:54,720|[TRACE] graph - <------- nonSkippedChar
2021-11-19T10:23:54,720|[TRACE] graph - <----- statementPart
2021-11-19T10:23:54,720|[TRACE] graph - -----> statementPart
2021-11-19T10:23:54,720|[TRACE] graph - -------> nonSkippedChar
2021-11-19T10:23:54,720|[TRACE] script - #out(`S`) [token]
2021-11-19T10:23:54,720|[TRACE] graph - <------- nonSkippedChar
2021-11-19T10:23:54,720|[TRACE] graph - <----- statementPart
2021-11-19T10:23:54,720|[TRACE] graph - -----> statementPart
2021-11-19T10:23:54,720|[TRACE] graph - -------> nonSkippedSpace
2021-11-19T10:23:54,720|[TRACE] script - #out(` `) [token]
2021-11-19T10:23:54,720|[TRACE] graph - <------- nonSkippedSpace
2021-11-19T10:23:54,720|[TRACE] graph - <----- statementPart
2021-11-19T10:23:54,720|[TRACE] graph - -----> statementPart
2021-11-19T10:23:54,720|[TRACE] graph - -------> quotedString
2021-11-19T10:23:54,720|[TRACE] script - #out(``bloodbank``) [token]
2021-11-19T10:23:54,720|[TRACE] graph - <------- quotedString
2021-11-19T10:23:54,720|[TRACE] graph - <----- statementPart
2021-11-19T10:23:54,720|[TRACE] graph - -----> statementPart
2021-11-19T10:23:54,720|[TRACE] graph - -------> nonSkippedChar
2021-11-19T10:23:54,720|[TRACE] script - #out(`.`) [token]
2021-11-19T10:23:54,720|[TRACE] graph - <------- nonSkippedChar
2021-11-19T10:23:54,720|[TRACE] graph - <----- statementPart
2021-11-19T10:23:54,720|[TRACE] graph - -----> statementPart
2021-11-19T10:23:54,720|[TRACE] graph - -------> quotedString
2021-11-19T10:23:54,720|[TRACE] script - #out(``address``) [token]
2021-11-19T10:23:54,720|[TRACE] graph - <------- quotedString
2021-11-19T10:23:54,720|[TRACE] graph - <----- statementPart
2021-11-19T10:23:54,720|[TRACE] graph - -----> statementPart
2021-11-19T10:23:54,720|[TRACE] graph - -------> nonSkippedSpace
2021-11-19T10:23:54,720|[TRACE] script - #out(` `) [token]
2021-11-19T10:23:54,720|[TRACE] graph - <------- nonSkippedSpace
2021-11-19T10:23:54,720|[TRACE] graph - <----- statementPart
2021-11-19T10:23:54,720|[TRACE] graph - -----> statementPart
2021-11-19T10:23:54,720|[TRACE] graph - -------> nonSkippedChar
2021-11-19T10:23:54,720|[TRACE] script - #out(`(`) [token]
2021-11-19T10:23:54,720|[TRACE] graph - <------- nonSkippedChar
2021-11-19T10:23:54,720|[TRACE] graph - <----- statementPart
2021-11-19T10:23:54,720|[TRACE] graph - -----> afterStatementPartNewline
2021-11-19T10:23:54,720|[TRACE] script - #out(` `) [text]
2021-11-19T10:23:54,720|[TRACE] graph - <----- afterStatementPartNewline
2021-11-19T10:23:54,720|[TRACE] graph - -----> statementPart
2021-11-19T10:23:54,720|[TRACE] graph - -------> nonSkippedSpace
2021-11-19T10:23:54,720|[TRACE] script - #out(` `) [token]
2021-11-19T10:23:54,720|[TRACE] graph - <------- nonSkippedSpace
2021-11-19T10:23:54,720|[TRACE] graph - <----- statementPart
2021-11-19T10:23:54,720|[TRACE] graph - -----> statementPart
2021-11-19T10:23:54,720|[TRACE] graph - -------> nonSkippedSpace
2021-11-19T10:23:54,720|[TRACE] script - #out(` `) [token]
2021-11-19T10:23:54,720|[TRACE] graph - <------- nonSkippedSpace
2021-11-19T10:23:54,720|[TRACE] graph - <----- statementPart
2021-11-19T10:23:54,720|[TRACE] graph - -----> statementPart
2021-11-19T10:23:54,720|[TRACE] graph - -------> quotedString
2021-11-19T10:23:54,720|[TRACE] script - #out(``address_id``) [token]
2021-11-19T10:23:54,720|[TRACE] graph - <------- quotedString
2021-11-19T10:23:54,720|[TRACE] graph - <----- statementPart
2021-11-19T10:23:54,720|[TRACE] graph - -----> statementPart
2021-11-19T10:23:54,720|[TRACE] graph - -------> nonSkippedSpace
2021-11-19T10:23:54,720|[TRACE] script - #out(` `) [token]
2021-11-19T10:23:54,720|[TRACE] graph - <------- nonSkippedSpace
2021-11-19T10:23:54,720|[TRACE] graph - <----- statementPart
2021-11-19T10:23:54,720|[TRACE] graph - -----> statementPart
2021-11-19T10:23:54,720|[TRACE] graph - -------> nonSkippedChar
2021-11-19T10:23:54,720|[TRACE] script - #out(`I`) [token]
2021-11-19T10:23:54,720|[TRACE] graph - <------- nonSkippedChar
2021-11-19T10:23:54,720|[TRACE] graph - <----- statementPart
2021-11-19T10:23:54,720|[TRACE] graph - -----> statementPart
2021-11-19T10:23:54,720|[TRACE] graph - -------> nonSkippedChar
2021-11-19T10:23:54,720|[TRACE] script - #out(`N`) [token]
2021-11-19T10:23:54,720|[TRACE] graph - <------- nonSkippedChar
2021-11-19T10:23:54,720|[TRACE] graph - <----- statementPart
2021-11-19T10:23:54,720|[TRACE] graph - -----> statementPart
2021-11-19T10:23:54,720|[TRACE] graph - -------> nonSkippedChar
2021-11-19T10:23:54,720|[TRACE] script - #out(`T`) [token]
2021-11-19T10:23:54,720|[TRACE] graph - <------- nonSkippedChar
2021-11-19T10:23:54,720|[TRACE] graph - <----- statementPart
2021-11-19T10:23:54,720|[TRACE] graph - -----> statementPart
2021-11-19T10:23:54,720|[TRACE] graph - -------> nonSkippedSpace
2021-11-19T10:23:54,720|[TRACE] script - #out(` `) [token]
2021-11-19T10:23:54,720|[TRACE] graph - <------- nonSkippedSpace
2021-11-19T10:23:54,720|[TRACE] graph - <----- statementPart
2021-11-19T10:23:54,720|[TRACE] graph - -----> statementPart
2021-11-19T10:23:54,720|[TRACE] graph - -------> nonSkippedChar
2021-11-19T10:23:54,720|[TRACE] script - #out(`N`) [token]
2021-11-19T10:23:54,720|[TRACE] graph - <------- nonSkippedChar
2021-11-19T10:23:54,720|[TRACE] graph - <----- statementPart
2021-11-19T10:23:54,720|[TRACE] graph - -----> statementPart
2021-11-19T10:23:54,720|[TRACE] graph - -------> nonSkippedChar
2021-11-19T10:23:54,720|[TRACE] script - #out(`O`) [token]
2021-11-19T10:23:54,720|[TRACE] graph - <------- nonSkippedChar
2021-11-19T10:23:54,720|[TRACE] graph - <----- statementPart
2021-11-19T10:23:54,720|[TRACE] graph - -----> statementPart
2021-11-19T10:23:54,720|[TRACE] graph - -------> nonSkippedChar
2021-11-19T10:23:54,720|[TRACE] script - #out(`T`) [token]
2021-11-19T10:23:54,720|[TRACE] graph - <------- nonSkippedChar
2021-11-19T10:23:54,720|[TRACE] graph - <----- statementPart
2021-11-19T10:23:54,720|[TRACE] graph - -----> statementPart
2021-11-19T10:23:54,720|[TRACE] graph - -------> nonSkippedSpace
2021-11-19T10:23:54,720|[TRACE] script - #out(` `) [token]
2021-11-19T10:23:54,720|[TRACE] graph - <------- nonSkippedSpace
2021-11-19T10:23:54,720|[TRACE] graph - <----- statementPart
2021-11-19T10:23:54,720|[TRACE] graph - -----> statementPart
2021-11-19T10:23:54,720|[TRACE] graph - -------> nonSkippedChar
2021-11-19T10:23:54,720|[TRACE] script - #out(`N`) [token]
2021-11-19T10:23:54,720|[TRACE] graph - <------- nonSkippedChar
2021-11-19T10:23:54,720|[TRACE] graph - <----- statementPart
2021-11-19T10:23:54,720|[TRACE] graph - -----> statementPart
2021-11-19T10:23:54,720|[TRACE] graph - -------> nonSkippedChar
2021-11-19T10:23:54,720|[TRACE] script - #out(`U`) [token]
2021-11-19T10:23:54,720|[TRACE] graph - <------- nonSkippedChar
2021-11-19T10:23:54,720|[TRACE] graph - <----- statementPart
2021-11-19T10:23:54,720|[TRACE] graph - -----> statementPart
2021-11-19T10:23:54,720|[TRACE] graph - -------> nonSkippedChar
2021-11-19T10:23:54,720|[TRACE] script - #out(`L`) [token]
2021-11-19T10:23:54,720|[TRACE] graph - <------- nonSkippedChar
2021-11-19T10:23:54,720|[TRACE] graph - <----- statementPart
2021-11-19T10:23:54,720|[TRACE] graph - -----> statementPart
2021-11-19T10:23:54,720|[TRACE] graph - -------> nonSkippedChar
2021-11-19T10:23:54,720|[TRACE] script - #out(`L`) [token]
2021-11-19T10:23:54,720|[TRACE] graph - <------- nonSkippedChar
2021-11-19T10:23:54,720|[TRACE] graph - <----- statementPart
2021-11-19T10:23:54,721|[TRACE] graph - -----> statementPart
2021-11-19T10:23:54,721|[TRACE] graph - -------> nonSkippedSpace
2021-11-19T10:23:54,721|[TRACE] script - #out(` `) [token]
2021-11-19T10:23:54,721|[TRACE] graph - <------- nonSkippedSpace
2021-11-19T10:23:54,721|[TRACE] graph - <----- statementPart
2021-11-19T10:23:54,721|[TRACE] graph - -----> statementPart
2021-11-19T10:23:54,721|[TRACE] graph - -------> nonSkippedChar
2021-11-19T10:23:54,721|[TRACE] script - #out(`A`) [token]
2021-11-19T10:23:54,721|[TRACE] graph - <------- nonSkippedChar
2021-11-19T10:23:54,721|[TRACE] graph - <----- statementPart
2021-11-19T10:23:54,721|[TRACE] graph - -----> statementPart
2021-11-19T10:23:54,721|[TRACE] graph - -------> nonSkippedChar
2021-11-19T10:23:54,721|[TRACE] script - #out(`U`) [token]
2021-11-19T10:23:54,868|[TRACE] graph - <------- nonSkippedChar
2021-11-19T10:23:54,868|[TRACE] graph - <----- statementPart
2021-11-19T10:23:54,868|[TRACE] graph - -----> statementPart
2021-11-19T10:23:54,868|[TRACE] graph - -------> nonSkippedChar
2021-11-19T10:23:54,868|[TRACE] script - #out(`T`) [token]
2021-11-19T10:23:54,868|[TRACE] graph - <------- nonSkippedChar
2021-11-19T10:23:54,868|[TRACE] graph - <----- statementPart
2021-11-19T10:23:54,868|[TRACE] graph - -----> statementPart
2021-11-19T10:23:54,868|[TRACE] graph - -------> nonSkippedChar
2021-11-19T10:23:54,868|[TRACE] script - #out(`O`) [token]
2021-11-19T10:23:54,868|[TRACE] graph - <------- nonSkippedChar
2021-11-19T10:23:54,868|[TRACE] graph - <----- statementPart
2021-11-19T10:23:54,868|[TRACE] graph - -----> statementPart
2021-11-19T10:23:54,868|[TRACE] graph - -------> nonSkippedChar
2021-11-19T10:23:54,868|[TRACE] script - #out(`_`) [token]
2021-11-19T10:23:54,868|[TRACE] graph - <------- nonSkippedChar
2021-11-19T10:23:54,868|[TRACE] graph - <----- statementPart
2021-11-19T10:23:54,868|[TRACE] graph - -----> statementPart
2021-11-19T10:23:54,868|[TRACE] graph - -------> nonSkippedChar
2021-11-19T10:23:54,868|[TRACE] script - #out(`I`) [token]
2021-11-19T10:23:54,868|[TRACE] graph - <------- nonSkippedChar
2021-11-19T10:23:54,868|[TRACE] graph - <----- statementPart
2021-11-19T10:23:54,868|[TRACE] graph - -----> statementPart
2021-11-19T10:23:54,868|[TRACE] graph - -------> nonSkippedChar
2021-11-19T10:23:54,868|[TRACE] script - #out(`N`) [token]
2021-11-19T10:23:54,868|[TRACE] graph - <------- nonSkippedChar
2021-11-19T10:23:54,868|[TRACE] graph - <----- statementPart
2021-11-19T10:23:54,868|[TRACE] graph - -----> statementPart
2021-11-19T10:23:54,868|[TRACE] graph - -------> nonSkippedChar
2021-11-19T10:23:54,868|[TRACE] script - #out(`C`) [token]
2021-11-19T10:23:54,868|[TRACE] graph - <------- nonSkippedChar
2021-11-19T10:23:54,868|[TRACE] graph - <----- statementPart
2021-11-19T10:23:54,868|[TRACE] graph - -----> statementPart
2021-11-19T10:23:54,868|[TRACE] graph - -------> nonSkippedChar
2021-11-19T10:23:54,868|[TRACE] script - #out(`R`) [token]
2021-11-19T10:23:54,868|[TRACE] graph - <------- nonSkippedChar
2021-11-19T10:23:54,868|[TRACE] graph - <----- statementPart
2021-11-19T10:23:54,868|[TRACE] graph - -----> statementPart
2021-11-19T10:23:54,868|[TRACE] graph - -------> nonSkippedChar
2021-11-19T10:23:54,868|[TRACE] script - #out(`E`) [token]
2021-11-19T10:23:54,868|[TRACE] graph - <------- nonSkippedChar
2021-11-19T10:23:54,868|[TRACE] graph - <----- statementPart
2021-11-19T10:23:54,868|[TRACE] graph - -----> statementPart
2021-11-19T10:23:54,868|[TRACE] graph - -------> nonSkippedChar
2021-11-19T10:23:54,868|[TRACE] script - #out(`M`) [token]
2021-11-19T10:23:54,868|[TRACE] graph - <------- nonSkippedChar
2021-11-19T10:23:54,868|[TRACE] graph - <----- statementPart
2021-11-19T10:23:54,868|[TRACE] graph - -----> statementPart
2021-11-19T10:23:54,868|[TRACE] graph - -------> nonSkippedChar
2021-11-19T10:23:54,868|[TRACE] script - #out(`E`) [token]
2021-11-19T10:23:54,868|[TRACE] graph - <------- nonSkippedChar
2021-11-19T10:23:54,868|[TRACE] graph - <----- statementPart
2021-11-19T10:23:54,868|[TRACE] graph - -----> statementPart
2021-11-19T10:23:54,868|[TRACE] graph - -------> nonSkippedChar
2021-11-19T10:23:54,868|[TRACE] script - #out(`N`) [token]
2021-11-19T10:23:54,868|[TRACE] graph - <------- nonSkippedChar
2021-11-19T10:23:54,868|[TRACE] graph - <----- statementPart
2021-11-19T10:23:54,868|[TRACE] graph - -----> statementPart
2021-11-19T10:23:54,868|[TRACE] graph - -------> nonSkippedChar
2021-11-19T10:23:54,868|[TRACE] script - #out(`T`) [token]
2021-11-19T10:23:54,868|[TRACE] graph - <------- nonSkippedChar
2021-11-19T10:23:54,868|[TRACE] graph - <----- statementPart
2021-11-19T10:23:54,868|[TRACE] graph - -----> statementPart
2021-11-19T10:23:54,868|[TRACE] graph - -------> nonSkippedChar
2021-11-19T10:23:54,868|[TRACE] script - #out(`,`) [token]
2021-11-19T10:23:54,868|[TRACE] graph - <------- nonSkippedChar
2021-11-19T10:23:54,868|[TRACE] graph - <----- statementPart
2021-11-19T10:23:54,868|[TRACE] graph - -----> afterStatementPartNewline
2021-11-19T10:23:54,868|[TRACE] script - #out(` `) [text]
2021-11-19T10:23:54,868|[TRACE] graph - <----- afterStatementPartNewline
2021-11-19T10:23:54,868|[TRACE] graph - -----> statementPart
2021-11-19T10:23:54,868|[TRACE] graph - -------> nonSkippedSpace
2021-11-19T10:23:54,868|[TRACE] script - #out(` `) [token]
2021-11-19T10:23:54,868|[TRACE] graph - <------- nonSkippedSpace
2021-11-19T10:23:54,868|[TRACE] graph - <----- statementPart
2021-11-19T10:23:54,868|[TRACE] graph - -----> statementPart
2021-11-19T10:23:54,868|[TRACE] graph - -------> nonSkippedSpace
2021-11-19T10:23:54,868|[TRACE] script - #out(` `) [token]
2021-11-19T10:23:54,869|[TRACE] graph - <------- nonSkippedSpace
2021-11-19T10:23:54,869|[TRACE] graph - <----- statementPart
2021-11-19T10:23:54,869|[TRACE] graph - -----> statementPart
2021-11-19T10:23:54,869|[TRACE] graph - -------> quotedString
2021-11-19T10:23:54,869|[TRACE] script - #out(``street_number``) [token]
2021-11-19T10:23:54,869|[TRACE] graph - <------- quotedString
2021-11-19T10:23:54,869|[TRACE] graph - <----- statementPart
2021-11-19T10:23:54,869|[TRACE] graph - -----> statementPart
2021-11-19T10:23:54,869|[TRACE] graph - -------> nonSkippedSpace
2021-11-19T10:23:54,869|[TRACE] script - #out(` `) [token]
2021-11-19T10:23:54,869|[TRACE] graph - <------- nonSkippedSpace
2021-11-19T10:23:54,869|[TRACE] graph - <----- statementPart
2021-11-19T10:23:54,869|[TRACE] graph - -----> statementPart
2021-11-19T10:23:54,869|[TRACE] graph - -------> nonSkippedChar
2021-11-19T10:23:54,869|[TRACE] script - #out(`V`) [token]
2021-11-19T10:23:54,869|[TRACE] graph - <------- nonSkippedChar
2021-11-19T10:23:54,869|[TRACE] graph - <----- statementPart
2021-11-19T10:23:54,869|[TRACE] graph - -----> statementPart
2021-11-19T10:23:54,869|[TRACE] graph - -------> nonSkippedChar
2021-11-19T10:23:54,869|[TRACE] script - #out(`A`) [token]
2021-11-19T10:23:54,869|[TRACE] graph - <------- nonSkippedChar
2021-11-19T10:23:54,869|[TRACE] graph - <----- statementPart
2021-11-19T10:23:54,869|[TRACE] graph - -----> statementPart
2021-11-19T10:23:54,869|[TRACE] graph - -------> nonSkippedChar
2021-11-19T10:23:54,869|[TRACE] script - #out(`R`) [token]
2021-11-19T10:23:54,869|[TRACE] graph - <------- nonSkippedChar
2021-11-19T10:23:54,869|[TRACE] graph - <----- statementPart
2021-11-19T10:23:54,869|[TRACE] graph - -----> statementPart
2021-11-19T10:23:54,869|[TRACE] graph - -------> nonSkippedChar
2021-11-19T10:23:54,869|[TRACE] script - #out(`C`) [token]
2021-11-19T10:23:54,869|[TRACE] graph - <------- nonSkippedChar
2021-11-19T10:23:54,869|[TRACE] graph - <----- statementPart
2021-11-19T10:23:54,869|[TRACE] graph - -----> statementPart
2021-11-19T10:23:54,869|[TRACE] graph - -------> nonSkippedChar
2021-11-19T10:23:54,869|[TRACE] script - #out(`H`) [token]
2021-11-19T10:23:54,869|[TRACE] graph - <------- nonSkippedChar
2021-11-19T10:23:54,869|[TRACE] graph - <----- statementPart
2021-11-19T10:23:54,869|[TRACE] graph - -----> statementPart
2021-11-19T10:23:54,869|[TRACE] graph - -------> nonSkippedChar
2021-11-19T10:23:54,869|[TRACE] script - #out(`A`) [token]
2021-11-19T10:23:54,869|[TRACE] graph - <------- nonSkippedChar
2021-11-19T10:23:54,869|[TRACE] graph - <----- statementPart
2021-11-19T10:23:54,869|[TRACE] graph - -----> statementPart
2021-11-19T10:23:54,869|[TRACE] graph - -------> nonSkippedChar
2021-11-19T10:23:54,869|[TRACE] script - #out(`R`) [token]
2021-11-19T10:23:54,869|[TRACE] graph - <------- nonSkippedChar
2021-11-19T10:23:54,869|[TRACE] graph - <----- statementPart
2021-11-19T10:23:54,869|[TRACE] graph - -----> statementPart
2021-11-19T10:23:54,869|[TRACE] graph - -------> nonSkippedChar
2021-11-19T10:23:54,869|[TRACE] script - #out(`(`) [token]
2021-11-19T10:23:54,869|[TRACE] graph - <------- nonSkippedChar
2021-11-19T10:23:54,869|[TRACE] graph - <----- statementPart
2021-11-19T10:23:54,869|[TRACE] graph - -----> statementPart
2021-11-19T10:23:54,869|[TRACE] graph - -------> nonSkippedChar
2021-11-19T10:23:54,869|[TRACE] script - #out(`1`) [token]
2021-11-19T10:23:54,869|[TRACE] graph - <------- nonSkippedChar
2021-11-19T10:23:54,869|[TRACE] graph - <----- statementPart
2021-11-19T10:23:54,869|[TRACE] graph - -----> statementPart
2021-11-19T10:23:54,869|[TRACE] graph - -------> nonSkippedChar
2021-11-19T10:23:54,869|[TRACE] script - #out(`0`) [token]
2021-11-19T10:23:54,869|[TRACE] graph - <------- nonSkippedChar
2021-11-19T10:23:54,869|[TRACE] graph - <----- statementPart
2021-11-19T10:23:54,869|[TRACE] graph - -----> statementPart
2021-11-19T10:23:54,869|[TRACE] graph - -------> nonSkippedChar
2021-11-19T10:23:54,869|[TRACE] script - #out(`)`) [token]
2021-11-19T10:23:54,869|[TRACE] graph - <------- nonSkippedChar
2021-11-19T10:23:54,869|[TRACE] graph - <----- statementPart
2021-11-19T10:23:54,869|[TRACE] graph - -----> statementPart
2021-11-19T10:23:54,869|[TRACE] graph - -------> nonSkippedSpace
2021-11-19T10:23:54,869|[TRACE] script - #out(` `) [token]
2021-11-19T10:23:54,869|[TRACE] graph - <------- nonSkippedSpace
2021-11-19T10:23:54,869|[TRACE] graph - <----- statementPart
2021-11-19T10:23:54,869|[TRACE] graph - -----> statementPart
2021-11-19T10:23:54,869|[TRACE] graph - -------> nonSkippedChar
2021-11-19T10:23:54,869|[TRACE] script - #out(`N`) [token]
2021-11-19T10:23:54,869|[TRACE] graph - <------- nonSkippedChar
2021-11-19T10:23:54,869|[TRACE] graph - <----- statementPart
2021-11-19T10:23:54,869|[TRACE] graph - -----> statementPart
2021-11-19T10:23:54,869|[TRACE] graph - -------> nonSkippedChar
2021-11-19T10:23:54,869|[TRACE] script - #out(`O`) [token]
2021-11-19T10:23:54,869|[TRACE] graph - <------- nonSkippedChar
2021-11-19T10:23:54,869|[TRACE] graph - <----- statementPart
2021-11-19T10:23:54,869|[TRACE] graph - -----> statementPart
2021-11-19T10:23:54,869|[TRACE] graph - -------> nonSkippedChar
2021-11-19T10:23:54,869|[TRACE] script - #out(`T`) [token]
2021-11-19T10:23:54,869|[TRACE] graph - <------- nonSkippedChar
2021-11-19T10:23:54,869|[TRACE] graph - <----- statementPart
2021-11-19T10:23:54,869|[TRACE] graph - -----> statementPart
2021-11-19T10:23:54,869|[TRACE] graph - -------> nonSkippedSpace
2021-11-19T10:23:54,869|[TRACE] script - #out(` `) [token]
2021-11-19T10:23:54,869|[TRACE] graph - <------- nonSkippedSpace
2021-11-19T10:23:54,869|[TRACE] graph - <----- statementPart
2021-11-19T10:23:54,869|[TRACE] graph - -----> statementPart
2021-11-19T10:23:54,869|[TRACE] graph - -------> nonSkippedChar
2021-11-19T10:23:54,869|[TRACE] script - #out(`N`) [token]
2021-11-19T10:23:54,869|[TRACE] graph - <------- nonSkippedChar
2021-11-19T10:23:54,869|[TRACE] graph - <----- statementPart
2021-11-19T10:23:54,869|[TRACE] graph - -----> statementPart
2021-11-19T10:23:54,869|[TRACE] graph - -------> nonSkippedChar
2021-11-19T10:23:54,869|[TRACE] script - #out(`U`) [token]
2021-11-19T10:23:54,869|[TRACE] graph - <------- nonSkippedChar
2021-11-19T10:23:54,869|[TRACE] graph - <----- statementPart
2021-11-19T10:23:54,869|[TRACE] graph - -----> statementPart
2021-11-19T10:23:54,869|[TRACE] graph - -------> nonSkippedChar
2021-11-19T10:23:54,869|[TRACE] script - #out(`L`) [token]
2021-11-19T10:23:54,869|[TRACE] graph - <------- nonSkippedChar
2021-11-19T10:23:54,869|[TRACE] graph - <----- statementPart
2021-11-19T10:23:54,869|[TRACE] graph - -----> statementPart
2021-11-19T10:23:54,869|[TRACE] graph - -------> nonSkippedChar
2021-11-19T10:23:54,869|[TRACE] script - #out(`L`) [token]
2021-11-19T10:23:54,869|[TRACE] graph - <------- nonSkippedChar
2021-11-19T10:23:54,869|[TRACE] graph - <----- statementPart
2021-11-19T10:23:54,869|[TRACE] graph - -----> statementPart
2021-11-19T10:23:54,869|[TRACE] graph - -------> nonSkippedChar
2021-11-19T10:23:54,869|[TRACE] script - #out(`,`) [token]
2021-11-19T10:23:54,869|[TRACE] graph - <------- nonSkippedChar
2021-11-19T10:23:54,869|[TRACE] graph - <----- statementPart
2021-11-19T10:23:54,869|[TRACE] graph - -----> afterStatementPartNewline
2021-11-19T10:23:54,869|[TRACE] script - #out(` `) [text]
2021-11-19T10:23:54,869|[TRACE] graph - <----- afterStatementPartNewline
2021-11-19T10:23:54,869|[TRACE] graph - -----> statementPart
2021-11-19T10:23:54,869|[TRACE] graph - -------> nonSkippedSpace
2021-11-19T10:23:54,869|[TRACE] script - #out(` `) [token]
2021-11-19T10:23:54,869|[TRACE] graph - <------- nonSkippedSpace
2021-11-19T10:23:54,869|[TRACE] graph - <----- statementPart
2021-11-19T10:23:54,869|[TRACE] graph - -----> statementPart
2021-11-19T10:23:54,869|[TRACE] graph - -------> nonSkippedSpace
2021-11-19T10:23:54,869|[TRACE] script - #out(` `) [token]
2021-11-19T10:23:54,869|[TRACE] graph - <------- nonSkippedSpace
2021-11-19T10:23:54,869|[TRACE] graph - <----- statementPart
2021-11-19T10:23:54,869|[TRACE] graph - -----> statementPart
2021-11-19T10:23:54,869|[TRACE] graph - -------> quotedString
2021-11-19T10:23:54,869|[TRACE] script - #out(``street``) [token]
2021-11-19T10:23:54,869|[TRACE] graph - <------- quotedString
2021-11-19T10:23:54,869|[TRACE] graph - <----- statementPart
2021-11-19T10:23:54,869|[TRACE] graph - -----> statementPart
2021-11-19T10:23:54,869|[TRACE] graph - -------> nonSkippedSpace
2021-11-19T10:23:54,869|[TRACE] script - #out(` `) [token]
2021-11-19T10:23:54,869|[TRACE] graph - <------- nonSkippedSpace
2021-11-19T10:23:54,869|[TRACE] graph - <----- statementPart
2021-11-19T10:23:54,869|[TRACE] graph - -----> statementPart
2021-11-19T10:23:54,869|[TRACE] graph - -------> nonSkippedChar
2021-11-19T10:23:54,869|[TRACE] script - #out(`V`) [token]
2021-11-19T10:23:54,869|[TRACE] graph - <------- nonSkippedChar
2021-11-19T10:23:54,869|[TRACE] graph - <----- statementPart
2021-11-19T10:23:54,869|[TRACE] graph - -----> statementPart
2021-11-19T10:23:54,869|[TRACE] graph - -------> nonSkippedChar
2021-11-19T10:23:54,869|[TRACE] script - #out(`A`) [token]
2021-11-19T10:23:54,869|[TRACE] graph - <------- nonSkippedChar
2021-11-19T10:23:54,869|[TRACE] graph - <----- statementPart
2021-11-19T10:23:54,869|[TRACE] graph - -----> statementPart
2021-11-19T10:23:54,869|[TRACE] graph - -------> nonSkippedChar
2021-11-19T10:23:54,869|[TRACE] script - #out(`R`) [token]
2021-11-19T10:23:54,869|[TRACE] graph - <------- nonSkippedChar
2021-11-19T10:23:54,869|[TRACE] graph - <----- statementPart
2021-11-19T10:23:54,869|[TRACE] graph - -----> statementPart
2021-11-19T10:23:54,869|[TRACE] graph - -------> nonSkippedChar
2021-11-19T10:23:54,869|[TRACE] script - #out(`C`) [token]
2021-11-19T10:23:54,869|[TRACE] graph - <------- nonSkippedChar
2021-11-19T10:23:54,869|[TRACE] graph - <----- statementPart
2021-11-19T10:23:54,869|[TRACE] graph - -----> statementPart
2021-11-19T10:23:54,869|[TRACE] graph - -------> nonSkippedChar
2021-11-19T10:23:54,869|[TRACE] script - #out(`H`) [token]
2021-11-19T10:23:54,869|[TRACE] graph - <------- nonSkippedChar
2021-11-19T10:23:54,869|[TRACE] graph - <----- statementPart
2021-11-19T10:23:54,869|[TRACE] graph - -----> statementPart
2021-11-19T10:23:54,869|[TRACE] graph - -------> nonSkippedChar
2021-11-19T10:23:54,869|[TRACE] script - #out(`A`) [token]
2021-11-19T10:23:54,869|[TRACE] graph - <------- nonSkippedChar
2021-11-19T10:23:54,869|[TRACE] graph - <----- statementPart
2021-11-19T10:23:54,869|[TRACE] graph - -----> statementPart
2021-11-19T10:23:54,869|[TRACE] graph - -------> nonSkippedChar
2021-11-19T10:23:54,869|[TRACE] script - #out(`R`) [token]
2021-11-19T10:23:54,869|[TRACE] graph - <------- nonSkippedChar
2021-11-19T10:23:54,869|[TRACE] graph - <----- statementPart
2021-11-19T10:23:54,869|[TRACE] graph - -----> statementPart
2021-11-19T10:23:54,869|[TRACE] graph - -------> nonSkippedChar
2021-11-19T10:23:54,869|[TRACE] script - #out(`(`) [token]
2021-11-19T10:23:54,869|[TRACE] graph - <------- nonSkippedChar
2021-11-19T10:23:54,869|[TRACE] graph - <----- statementPart
2021-11-19T10:23:54,869|[TRACE] graph - -----> statementPart
2021-11-19T10:23:54,869|[TRACE] graph - -------> nonSkippedChar
2021-11-19T10:23:54,869|[TRACE] script - #out(`1`) [token]
2021-11-19T10:23:54,869|[TRACE] graph - <------- nonSkippedChar
2021-11-19T10:23:54,869|[TRACE] graph - <----- statementPart
2021-11-19T10:23:54,869|[TRACE] graph - -----> statementPart
2021-11-19T10:23:54,869|[TRACE] graph - -------> nonSkippedChar
2021-11-19T10:23:54,869|[TRACE] script - #out(`0`) [token]
2021-11-19T10:23:54,869|[TRACE] graph - <------- nonSkippedChar
2021-11-19T10:23:54,869|[TRACE] graph - <----- statementPart
2021-11-19T10:23:54,869|[TRACE] graph - -----> statementPart
2021-11-19T10:23:54,869|[TRACE] graph - -------> nonSkippedChar
2021-11-19T10:23:54,869|[TRACE] script - #out(`0`) [token]
2021-11-19T10:23:54,869|[TRACE] graph - <------- nonSkippedChar
2021-11-19T10:23:54,869|[TRACE] graph - <----- statementPart
2021-11-19T10:23:54,869|[TRACE] graph - -----> statementPart
2021-11-19T10:23:54,869|[TRACE] graph - -------> nonSkippedChar
2021-11-19T10:23:54,869|[TRACE] script - #out(`)`) [token]
2021-11-19T10:23:54,869|[TRACE] graph - <------- nonSkippedChar
2021-11-19T10:23:54,869|[TRACE] graph - <----- statementPart
2021-11-19T10:23:54,869|[TRACE] graph - -----> statementPart
2021-11-19T10:23:54,869|[TRACE] graph - -------> nonSkippedSpace
2021-11-19T10:23:54,869|[TRACE] script - #out(` `) [token]
2021-11-19T10:23:54,869|[TRACE] graph - <------- nonSkippedSpace
2021-11-19T10:23:54,869|[TRACE] graph - <----- statementPart
2021-11-19T10:23:54,869|[TRACE] graph - -----> statementPart
2021-11-19T10:23:54,869|[TRACE] graph - -------> nonSkippedChar
2021-11-19T10:23:54,869|[TRACE] script - #out(`N`) [token]
2021-11-19T10:23:54,869|[TRACE] graph - <------- nonSkippedChar
2021-11-19T10:23:54,869|[TRACE] graph - <----- statementPart
2021-11-19T10:23:54,869|[TRACE] graph - -----> statementPart
2021-11-19T10:23:54,869|[TRACE] graph - -------> nonSkippedChar
2021-11-19T10:23:54,869|[TRACE] script - #out(`O`) [token]
2021-11-19T10:23:54,869|[TRACE] graph - <------- nonSkippedChar
2021-11-19T10:23:54,869|[TRACE] graph - <----- statementPart
2021-11-19T10:23:54,869|[TRACE] graph - -----> statementPart
2021-11-19T10:23:54,869|[TRACE] graph - -------> nonSkippedChar
2021-11-19T10:23:54,869|[TRACE] script - #out(`T`) [token]
2021-11-19T10:23:54,869|[TRACE] graph - <------- nonSkippedChar
2021-11-19T10:23:54,869|[TRACE] graph - <----- statementPart
2021-11-19T10:23:54,869|[TRACE] graph - -----> statementPart
2021-11-19T10:23:54,869|[TRACE] graph - -------> nonSkippedSpace
2021-11-19T10:23:54,869|[TRACE] script - #out(` `) [token]
2021-11-19T10:23:54,869|[TRACE] graph - <------- nonSkippedSpace
2021-11-19T10:23:54,869|[TRACE] graph - <----- statementPart
2021-11-19T10:23:54,869|[TRACE] graph - -----> statementPart
2021-11-19T10:23:54,869|[TRACE] graph - -------> nonSkippedChar
2021-11-19T10:23:54,869|[TRACE] script - #out(`N`) [token]
2021-11-19T10:23:54,869|[TRACE] graph - <------- nonSkippedChar
2021-11-19T10:23:54,869|[TRACE] graph - <----- statementPart
2021-11-19T10:23:54,869|[TRACE] graph - -----> statementPart
2021-11-19T10:23:54,869|[TRACE] graph - -------> nonSkippedChar
2021-11-19T10:23:54,869|[TRACE] script - #out(`U`) [token]
2021-11-19T10:23:54,869|[TRACE] graph - <------- nonSkippedChar
2021-11-19T10:23:54,869|[TRACE] graph - <----- statementPart
2021-11-19T10:23:54,869|[TRACE] graph - -----> statementPart
2021-11-19T10:23:54,869|[TRACE] graph - -------> nonSkippedChar
2021-11-19T10:23:54,869|[TRACE] script - #out(`L`) [token]
2021-11-19T10:23:54,869|[TRACE] graph - <------- nonSkippedChar
2021-11-19T10:23:54,869|[TRACE] graph - <----- statementPart
2021-11-19T10:23:54,869|[TRACE] graph - -----> statementPart
2021-11-19T10:23:54,869|[TRACE] graph - -------> nonSkippedChar
2021-11-19T10:23:54,869|[TRACE] script - #out(`L`) [token]
2021-11-19T10:23:54,869|[TRACE] graph - <------- nonSkippedChar
2021-11-19T10:23:54,869|[TRACE] graph - <----- statementPart
2021-11-19T10:23:54,869|[TRACE] graph - -----> statementPart
2021-11-19T10:23:54,869|[TRACE] graph - -------> nonSkippedChar
2021-11-19T10:23:54,869|[TRACE] script - #out(`,`) [token]
2021-11-19T10:23:54,869|[TRACE] graph - <------- nonSkippedChar
2021-11-19T10:23:54,869|[TRACE] graph - <----- statementPart
2021-11-19T10:23:54,869|[TRACE] graph - -----> afterStatementPartNewline
2021-11-19T10:23:54,869|[TRACE] script - #out(` `) [text]
2021-11-19T10:23:54,869|[TRACE] graph - <----- afterStatementPartNewline
2021-11-19T10:23:54,869|[TRACE] graph - -----> statementPart
2021-11-19T10:23:54,869|[TRACE] graph - -------> nonSkippedSpace
2021-11-19T10:23:54,869|[TRACE] script - #out(` `) [token]
2021-11-19T10:23:54,869|[TRACE] graph - <------- nonSkippedSpace
2021-11-19T10:23:54,869|[TRACE] graph - <----- statementPart
2021-11-19T10:23:54,869|[TRACE] graph - -----> statementPart
2021-11-19T10:23:54,869|[TRACE] graph - -------> nonSkippedSpace
2021-11-19T10:23:54,869|[TRACE] script - #out(` `) [token]
2021-11-19T10:23:54,869|[TRACE] graph - <------- nonSkippedSpace
2021-11-19T10:23:54,869|[TRACE] graph - <----- statementPart
2021-11-19T10:23:54,869|[TRACE] graph - -----> statementPart
2021-11-19T10:23:54,869|[TRACE] graph - -------> quotedString
2021-11-19T10:23:54,869|[TRACE] script - #out(``city``) [token]
2021-11-19T10:23:54,869|[TRACE] graph - <------- quotedString
2021-11-19T10:23:54,869|[TRACE] graph - <----- statementPart
2021-11-19T10:23:54,869|[TRACE] graph - -----> statementPart
2021-11-19T10:23:54,869|[TRACE] graph - -------> nonSkippedSpace
2021-11-19T10:23:54,869|[TRACE] script - #out(` `) [token]
2021-11-19T10:23:54,869|[TRACE] graph - <------- nonSkippedSpace
2021-11-19T10:23:54,869|[TRACE] graph - <----- statementPart
2021-11-19T10:23:54,869|[TRACE] graph - -----> statementPart
2021-11-19T10:23:54,869|[TRACE] graph - -------> nonSkippedChar
2021-11-19T10:23:54,869|[TRACE] script - #out(`V`) [token]
2021-11-19T10:23:54,869|[TRACE] graph - <------- nonSkippedChar
2021-11-19T10:23:54,869|[TRACE] graph - <----- statementPart
2021-11-19T10:23:54,869|[TRACE] graph - -----> statementPart
2021-11-19T10:23:54,869|[TRACE] graph - -------> nonSkippedChar
2021-11-19T10:23:54,869|[TRACE] script - #out(`A`) [token]
2021-11-19T10:23:54,869|[TRACE] graph - <------- nonSkippedChar
2021-11-19T10:23:54,869|[TRACE] graph - <----- statementPart
2021-11-19T10:23:54,869|[TRACE] graph - -----> statementPart
2021-11-19T10:23:54,869|[TRACE] graph - -------> nonSkippedChar
2021-11-19T10:23:54,869|[TRACE] script - #out(`R`) [token]
2021-11-19T10:23:54,869|[TRACE] graph - <------- nonSkippedChar
2021-11-19T10:23:54,869|[TRACE] graph - <----- statementPart
2021-11-19T10:23:54,869|[TRACE] graph - -----> statementPart
2021-11-19T10:23:54,869|[TRACE] graph - -------> nonSkippedChar
2021-11-19T10:23:54,869|[TRACE] script - #out(`C`) [token]
2021-11-19T10:23:54,869|[TRACE] graph - <------- nonSkippedChar
2021-11-19T10:23:54,869|[TRACE] graph - <----- statementPart
2021-11-19T10:23:54,869|[TRACE] graph - -----> statementPart
2021-11-19T10:23:54,869|[TRACE] graph - -------> nonSkippedChar
2021-11-19T10:23:54,869|[TRACE] script - #out(`H`) [token]
2021-11-19T10:23:54,869|[TRACE] graph - <------- nonSkippedChar
2021-11-19T10:23:54,870|[TRACE] graph - <----- statementPart
2021-11-19T10:23:54,870|[TRACE] graph - -----> statementPart
2021-11-19T10:23:54,870|[TRACE] graph - -------> nonSkippedChar
2021-11-19T10:23:54,870|[TRACE] script - #out(`A`) [token]
2021-11-19T10:23:54,870|[TRACE] graph - <------- nonSkippedChar
2021-11-19T10:23:54,870|[TRACE] graph - <----- statementPart
2021-11-19T10:23:54,870|[TRACE] graph - -----> statementPart
2021-11-19T10:23:54,870|[TRACE] graph - -------> nonSkippedChar
2021-11-19T10:23:54,870|[TRACE] script - #out(`R`) [token]
2021-11-19T10:23:54,870|[TRACE] graph - <------- nonSkippedChar
2021-11-19T10:23:54,870|[TRACE] graph - <----- statementPart
2021-11-19T10:23:54,870|[TRACE] graph - -----> statementPart
2021-11-19T10:23:54,870|[TRACE] graph - -------> nonSkippedChar
2021-11-19T10:23:54,870|[TRACE] script - #out(`(`) [token]
2021-11-19T10:23:54,870|[TRACE] graph - <------- nonSkippedChar
2021-11-19T10:23:54,870|[TRACE] graph - <----- statementPart
2021-11-19T10:23:54,870|[TRACE] graph - -----> statementPart
2021-11-19T10:23:54,870|[TRACE] graph - -------> nonSkippedChar
2021-11-19T10:23:54,870|[TRACE] script - #out(`1`) [token]
2021-11-19T10:23:54,870|[TRACE] graph - <------- nonSkippedChar
2021-11-19T10:23:54,870|[TRACE] graph - <----- statementPart
2021-11-19T10:23:54,870|[TRACE] graph - -----> statementPart
2021-11-19T10:23:54,870|[TRACE] graph - -------> nonSkippedChar
2021-11-19T10:23:54,870|[TRACE] script - #out(`0`) [token]
2021-11-19T10:23:54,870|[TRACE] graph - <------- nonSkippedChar
2021-11-19T10:23:54,870|[TRACE] graph - <----- statementPart
2021-11-19T10:23:54,870|[TRACE] graph - -----> statementPart
2021-11-19T10:23:54,870|[TRACE] graph - -------> nonSkippedChar
2021-11-19T10:23:54,870|[TRACE] script - #out(`0`) [token]
2021-11-19T10:23:54,870|[TRACE] graph - <------- nonSkippedChar
2021-11-19T10:23:54,870|[TRACE] graph - <----- statementPart
2021-11-19T10:23:54,870|[TRACE] graph - -----> statementPart
2021-11-19T10:23:54,870|[TRACE] graph - -------> nonSkippedChar
2021-11-19T10:23:54,870|[TRACE] script - #out(`)`) [token]
2021-11-19T10:23:54,870|[TRACE] graph - <------- nonSkippedChar
2021-11-19T10:23:54,870|[TRACE] graph - <----- statementPart
2021-11-19T10:23:54,870|[TRACE] graph - -----> statementPart
2021-11-19T10:23:54,870|[TRACE] graph - -------> nonSkippedSpace
2021-11-19T10:23:54,870|[TRACE] script - #out(` `) [token]
2021-11-19T10:23:54,870|[TRACE] graph - <------- nonSkippedSpace
2021-11-19T10:23:54,870|[TRACE] graph - <----- statementPart
2021-11-19T10:23:54,870|[TRACE] graph - -----> statementPart
2021-11-19T10:23:54,870|[TRACE] graph - -------> nonSkippedChar
2021-11-19T10:23:54,870|[TRACE] script - #out(`N`) [token]
2021-11-19T10:23:54,870|[TRACE] graph - <------- nonSkippedChar
2021-11-19T10:23:54,870|[TRACE] graph - <----- statementPart
2021-11-19T10:23:54,870|[TRACE] graph - -----> statementPart
2021-11-19T10:23:54,870|[TRACE] graph - -------> nonSkippedChar
2021-11-19T10:23:54,870|[TRACE] script - #out(`O`) [token]
2021-11-19T10:23:54,870|[TRACE] graph - <------- nonSkippedChar
2021-11-19T10:23:54,870|[TRACE] graph - <----- statementPart
2021-11-19T10:23:54,870|[TRACE] graph - -----> statementPart
2021-11-19T10:23:54,870|[TRACE] graph - -------> nonSkippedChar
2021-11-19T10:23:54,870|[TRACE] script - #out(`T`) [token]
2021-11-19T10:23:54,870|[TRACE] graph - <------- nonSkippedChar
2021-11-19T10:23:54,870|[TRACE] graph - <----- statementPart
2021-11-19T10:23:54,870|[TRACE] graph - -----> statementPart
2021-11-19T10:23:54,870|[TRACE] graph - -------> nonSkippedSpace
2021-11-19T10:23:54,870|[TRACE] script - #out(` `) [token]
2021-11-19T10:23:54,870|[TRACE] graph - <------- nonSkippedSpace
2021-11-19T10:23:54,870|[TRACE] graph - <----- statementPart
2021-11-19T10:23:54,870|[TRACE] graph - -----> statementPart
2021-11-19T10:23:54,870|[TRACE] graph - -------> nonSkippedChar
2021-11-19T10:23:54,870|[TRACE] script - #out(`N`) [token]
2021-11-19T10:23:54,870|[TRACE] graph - <------- nonSkippedChar
2021-11-19T10:23:54,870|[TRACE] graph - <----- statementPart
2021-11-19T10:23:54,870|[TRACE] graph - -----> statementPart
2021-11-19T10:23:54,870|[TRACE] graph - -------> nonSkippedChar
2021-11-19T10:23:54,870|[TRACE] script - #out(`U`) [token]
2021-11-19T10:23:54,870|[TRACE] graph - <------- nonSkippedChar
2021-11-19T10:23:54,870|[TRACE] graph - <----- statementPart
2021-11-19T10:23:54,870|[TRACE] graph - -----> statementPart
2021-11-19T10:23:54,870|[TRACE] graph - -------> nonSkippedChar
2021-11-19T10:23:54,870|[TRACE] script - #out(`L`) [token]
2021-11-19T10:23:54,870|[TRACE] graph - <------- nonSkippedChar
2021-11-19T10:23:54,870|[TRACE] graph - <----- statementPart
2021-11-19T10:23:54,870|[TRACE] graph - -----> statementPart
2021-11-19T10:23:54,870|[TRACE] graph - -------> nonSkippedChar
2021-11-19T10:23:54,870|[TRACE] script - #out(`L`) [token]
2021-11-19T10:23:54,870|[TRACE] graph - <------- nonSkippedChar
2021-11-19T10:23:54,870|[TRACE] graph - <----- statementPart
2021-11-19T10:23:54,870|[TRACE] graph - -----> statementPart
2021-11-19T10:23:54,870|[TRACE] graph - -------> nonSkippedChar
2021-11-19T10:23:54,870|[TRACE] script - #out(`,`) [token]
2021-11-19T10:23:54,870|[TRACE] graph - <------- nonSkippedChar
2021-11-19T10:23:54,870|[TRACE] graph - <----- statementPart
2021-11-19T10:23:54,870|[TRACE] graph - -----> afterStatementPartNewline
2021-11-19T10:23:54,870|[TRACE] script - #out(` `) [text]
2021-11-19T10:23:54,870|[TRACE] graph - <----- afterStatementPartNewline
2021-11-19T10:23:54,924|[TRACE] graph - -----> statementPart
2021-11-19T10:23:54,924|[TRACE] graph - -------> nonSkippedSpace
2021-11-19T10:23:54,924|[TRACE] script - #out(` `) [token]
2021-11-19T10:23:54,924|[TRACE] graph - <------- nonSkippedSpace
2021-11-19T10:23:54,924|[TRACE] graph - <----- statementPart
2021-11-19T10:23:54,924|[TRACE] graph - -----> statementPart
2021-11-19T10:23:54,924|[TRACE] graph - -------> nonSkippedSpace
2021-11-19T10:23:54,924|[TRACE] script - #out(` `) [token]
2021-11-19T10:23:54,924|[TRACE] graph - <------- nonSkippedSpace
2021-11-19T10:23:54,924|[TRACE] graph - <----- statementPart
2021-11-19T10:23:54,924|[TRACE] graph - -----> statementPart
2021-11-19T10:23:54,924|[TRACE] graph - -------> quotedString
2021-11-19T10:23:54,924|[TRACE] script - #out(``province``) [token]
2021-11-19T10:23:54,924|[TRACE] graph - <------- quotedString
2021-11-19T10:23:54,924|[TRACE] graph - <----- statementPart
2021-11-19T10:23:54,924|[TRACE] graph - -----> statementPart
2021-11-19T10:23:54,924|[TRACE] graph - -------> nonSkippedSpace
2021-11-19T10:23:54,924|[TRACE] script - #out(` `) [token]
2021-11-19T10:23:54,924|[TRACE] graph - <------- nonSkippedSpace
2021-11-19T10:23:54,924|[TRACE] graph - <----- statementPart
2021-11-19T10:23:54,924|[TRACE] graph - -----> statementPart
2021-11-19T10:23:54,924|[TRACE] graph - -------> nonSkippedChar
2021-11-19T10:23:54,924|[TRACE] script - #out(`V`) [token]
2021-11-19T10:23:54,924|[TRACE] graph - <------- nonSkippedChar
2021-11-19T10:23:54,924|[TRACE] graph - <----- statementPart
2021-11-19T10:23:54,924|[TRACE] graph - -----> statementPart
2021-11-19T10:23:54,924|[TRACE] graph - -------> nonSkippedChar
2021-11-19T10:23:54,924|[TRACE] script - #out(`A`) [token]
2021-11-19T10:23:54,924|[TRACE] graph - <------- nonSkippedChar
2021-11-19T10:23:54,924|[TRACE] graph - <----- statementPart
2021-11-19T10:23:54,925|[TRACE] graph - -----> statementPart
2021-11-19T10:23:54,925|[TRACE] graph - -------> nonSkippedChar
2021-11-19T10:23:54,925|[TRACE] script - #out(`R`) [token]
2021-11-19T10:23:54,925|[TRACE] graph - <------- nonSkippedChar
2021-11-19T10:23:54,925|[TRACE] graph - <----- statementPart
2021-11-19T10:23:54,925|[TRACE] graph - -----> statementPart
2021-11-19T10:23:54,925|[TRACE] graph - -------> nonSkippedChar
2021-11-19T10:23:54,925|[TRACE] script - #out(`C`) [token]
2021-11-19T10:23:54,925|[TRACE] graph - <------- nonSkippedChar
2021-11-19T10:23:54,925|[TRACE] graph - <----- statementPart
2021-11-19T10:23:54,925|[TRACE] graph - -----> statementPart
2021-11-19T10:23:54,925|[TRACE] graph - -------> nonSkippedChar
2021-11-19T10:23:54,925|[TRACE] script - #out(`H`) [token]
2021-11-19T10:23:54,925|[TRACE] graph - <------- nonSkippedChar
2021-11-19T10:23:54,925|[TRACE] graph - <----- statementPart
2021-11-19T10:23:54,925|[TRACE] graph - -----> statementPart
2021-11-19T10:23:54,925|[TRACE] graph - -------> nonSkippedChar
2021-11-19T10:23:54,925|[TRACE] script - #out(`A`) [token]
2021-11-19T10:23:54,925|[TRACE] graph - <------- nonSkippedChar
2021-11-19T10:23:54,925|[TRACE] graph - <----- statementPart
2021-11-19T10:23:54,925|[TRACE] graph - -----> statementPart
2021-11-19T10:23:54,925|[TRACE] graph - -------> nonSkippedChar
2021-11-19T10:23:54,925|[TRACE] script - #out(`R`) [token]
2021-11-19T10:23:54,925|[TRACE] graph - <------- nonSkippedChar
2021-11-19T10:23:54,925|[TRACE] graph - <----- statementPart
2021-11-19T10:23:54,925|[TRACE] graph - -----> statementPart
2021-11-19T10:23:54,925|[TRACE] graph - -------> nonSkippedChar
2021-11-19T10:23:54,925|[TRACE] script - #out(`(`) [token]
2021-11-19T10:23:54,925|[TRACE] graph - <------- nonSkippedChar
2021-11-19T10:23:54,925|[TRACE] graph - <----- statementPart
2021-11-19T10:23:54,925|[TRACE] graph - -----> statementPart
2021-11-19T10:23:54,925|[TRACE] graph - -------> nonSkippedChar
2021-11-19T10:23:54,925|[TRACE] script - #out(`1`) [token]
2021-11-19T10:23:54,925|[TRACE] graph - <------- nonSkippedChar
2021-11-19T10:23:54,925|[TRACE] graph - <----- statementPart
2021-11-19T10:23:54,925|[TRACE] graph - -----> statementPart
2021-11-19T10:23:54,925|[TRACE] graph - -------> nonSkippedChar
2021-11-19T10:23:54,925|[TRACE] script - #out(`0`) [token]
2021-11-19T10:23:54,925|[TRACE] graph - <------- nonSkippedChar
2021-11-19T10:23:54,925|[TRACE] graph - <----- statementPart
2021-11-19T10:23:54,925|[TRACE] graph - -----> statementPart
2021-11-19T10:23:54,925|[TRACE] graph - -------> nonSkippedChar
2021-11-19T10:23:54,925|[TRACE] script - #out(`0`) [token]
2021-11-19T10:23:54,925|[TRACE] graph - <------- nonSkippedChar
2021-11-19T10:23:54,925|[TRACE] graph - <----- statementPart
2021-11-19T10:23:54,925|[TRACE] graph - -----> statementPart
2021-11-19T10:23:54,925|[TRACE] graph - -------> nonSkippedChar
2021-11-19T10:23:54,925|[TRACE] script - #out(`)`) [token]
2021-11-19T10:23:54,925|[TRACE] graph - <------- nonSkippedChar
2021-11-19T10:23:54,925|[TRACE] graph - <----- statementPart
2021-11-19T10:23:54,925|[TRACE] graph - -----> statementPart
2021-11-19T10:23:54,925|[TRACE] graph - -------> nonSkippedSpace
2021-11-19T10:23:54,925|[TRACE] script - #out(` `) [token]
2021-11-19T10:23:54,925|[TRACE] graph - <------- nonSkippedSpace
2021-11-19T10:23:54,925|[TRACE] graph - <----- statementPart
2021-11-19T10:23:54,925|[TRACE] graph - -----> statementPart
2021-11-19T10:23:54,925|[TRACE] graph - -------> nonSkippedChar
2021-11-19T10:23:54,925|[TRACE] script - #out(`N`) [token]
2021-11-19T10:23:54,925|[TRACE] graph - <------- nonSkippedChar
2021-11-19T10:23:54,925|[TRACE] graph - <----- statementPart
2021-11-19T10:23:54,925|[TRACE] graph - -----> statementPart
2021-11-19T10:23:54,925|[TRACE] graph - -------> nonSkippedChar
2021-11-19T10:23:54,925|[TRACE] script - #out(`O`) [token]
2021-11-19T10:23:54,925|[TRACE] graph - <------- nonSkippedChar
2021-11-19T10:23:54,925|[TRACE] graph - <----- statementPart
2021-11-19T10:23:54,925|[TRACE] graph - -----> statementPart
2021-11-19T10:23:54,925|[TRACE] graph - -------> nonSkippedChar
2021-11-19T10:23:54,925|[TRACE] script - #out(`T`) [token]
2021-11-19T10:23:54,925|[TRACE] graph - <------- nonSkippedChar
2021-11-19T10:23:54,925|[TRACE] graph - <----- statementPart
2021-11-19T10:23:54,925|[TRACE] graph - -----> statementPart
2021-11-19T10:23:54,925|[TRACE] graph - -------> nonSkippedSpace
2021-11-19T10:23:54,925|[TRACE] script - #out(` `) [token]
2021-11-19T10:23:54,925|[TRACE] graph - <------- nonSkippedSpace
2021-11-19T10:23:54,925|[TRACE] graph - <----- statementPart
2021-11-19T10:23:54,925|[TRACE] graph - -----> statementPart
2021-11-19T10:23:54,925|[TRACE] graph - -------> nonSkippedChar
2021-11-19T10:23:54,925|[TRACE] script - #out(`N`) [token]
2021-11-19T10:23:54,925|[TRACE] graph - <------- nonSkippedChar
2021-11-19T10:23:54,925|[TRACE] graph - <----- statementPart
2021-11-19T10:23:54,925|[TRACE] graph - -----> statementPart
2021-11-19T10:23:54,925|[TRACE] graph - -------> nonSkippedChar
2021-11-19T10:23:54,925|[TRACE] script - #out(`U`) [token]
2021-11-19T10:23:54,925|[TRACE] graph - <------- nonSkippedChar
2021-11-19T10:23:54,925|[TRACE] graph - <----- statementPart
2021-11-19T10:23:54,925|[TRACE] graph - -----> statementPart
2021-11-19T10:23:54,925|[TRACE] graph - -------> nonSkippedChar
2021-11-19T10:23:54,925|[TRACE] script - #out(`L`) [token]
2021-11-19T10:23:54,925|[TRACE] graph - <------- nonSkippedChar
2021-11-19T10:23:54,925|[TRACE] graph - <----- statementPart
2021-11-19T10:23:54,925|[TRACE] graph - -----> statementPart
2021-11-19T10:23:54,925|[TRACE] graph - -------> nonSkippedChar
2021-11-19T10:23:54,925|[TRACE] script - #out(`L`) [token]
2021-11-19T10:23:54,925|[TRACE] graph - <------- nonSkippedChar
2021-11-19T10:23:54,925|[TRACE] graph - <----- statementPart
2021-11-19T10:23:54,925|[TRACE] graph - -----> statementPart
2021-11-19T10:23:54,925|[TRACE] graph - -------> nonSkippedChar
2021-11-19T10:23:54,925|[TRACE] script - #out(`,`) [token]
2021-11-19T10:23:54,925|[TRACE] graph - <------- nonSkippedChar
2021-11-19T10:23:54,925|[TRACE] graph - <----- statementPart
2021-11-19T10:23:54,925|[TRACE] graph - -----> afterStatementPartNewline
2021-11-19T10:23:54,925|[TRACE] script - #out(` `) [text]
2021-11-19T10:23:54,925|[TRACE] graph - <----- afterStatementPartNewline
2021-11-19T10:23:54,925|[TRACE] graph - -----> statementPart
2021-11-19T10:23:54,925|[TRACE] graph - -------> nonSkippedSpace
2021-11-19T10:23:54,925|[TRACE] script - #out(` `) [token]
2021-11-19T10:23:54,925|[TRACE] graph - <------- nonSkippedSpace
2021-11-19T10:23:54,925|[TRACE] graph - <----- statementPart
2021-11-19T10:23:54,925|[TRACE] graph - -----> statementPart
2021-11-19T10:23:54,925|[TRACE] graph - -------> nonSkippedSpace
2021-11-19T10:23:54,925|[TRACE] script - #out(` `) [token]
2021-11-19T10:23:54,925|[TRACE] graph - <------- nonSkippedSpace
2021-11-19T10:23:54,925|[TRACE] graph - <----- statementPart
2021-11-19T10:23:54,925|[TRACE] graph - -----> statementPart
2021-11-19T10:23:54,925|[TRACE] graph - -------> quotedString
2021-11-19T10:23:54,925|[TRACE] script - #out(``country``) [token]
2021-11-19T10:23:54,925|[TRACE] graph - <------- quotedString
2021-11-19T10:23:54,925|[TRACE] graph - <----- statementPart
2021-11-19T10:23:54,925|[TRACE] graph - -----> statementPart
2021-11-19T10:23:54,925|[TRACE] graph - -------> nonSkippedSpace
2021-11-19T10:23:54,925|[TRACE] script - #out(` `) [token]
2021-11-19T10:23:54,925|[TRACE] graph - <------- nonSkippedSpace
2021-11-19T10:23:54,925|[TRACE] graph - <----- statementPart
2021-11-19T10:23:54,925|[TRACE] graph - -----> statementPart
2021-11-19T10:23:54,925|[TRACE] graph - -------> nonSkippedChar
2021-11-19T10:23:54,925|[TRACE] script - #out(`V`) [token]
2021-11-19T10:23:54,925|[TRACE] graph - <------- nonSkippedChar
2021-11-19T10:23:54,925|[TRACE] graph - <----- statementPart
2021-11-19T10:23:54,925|[TRACE] graph - -----> statementPart
2021-11-19T10:23:54,925|[TRACE] graph - -------> nonSkippedChar
2021-11-19T10:23:54,925|[TRACE] script - #out(`A`) [token]
2021-11-19T10:23:54,925|[TRACE] graph - <------- nonSkippedChar
2021-11-19T10:23:54,925|[TRACE] graph - <----- statementPart
2021-11-19T10:23:54,925|[TRACE] graph - -----> statementPart
2021-11-19T10:23:54,925|[TRACE] graph - -------> nonSkippedChar
2021-11-19T10:23:54,925|[TRACE] script - #out(`R`) [token]
2021-11-19T10:23:54,925|[TRACE] graph - <------- nonSkippedChar
2021-11-19T10:23:54,925|[TRACE] graph - <----- statementPart
2021-11-19T10:23:54,925|[TRACE] graph - -----> statementPart
2021-11-19T10:23:54,925|[TRACE] graph - -------> nonSkippedChar
2021-11-19T10:23:54,925|[TRACE] script - #out(`C`) [token]
2021-11-19T10:23:54,925|[TRACE] graph - <------- nonSkippedChar
2021-11-19T10:23:54,925|[TRACE] graph - <----- statementPart
2021-11-19T10:23:54,925|[TRACE] graph - -----> statementPart
2021-11-19T10:23:54,925|[TRACE] graph - -------> nonSkippedChar
2021-11-19T10:23:54,925|[TRACE] script - #out(`H`) [token]
2021-11-19T10:23:54,925|[TRACE] graph - <------- nonSkippedChar
2021-11-19T10:23:54,925|[TRACE] graph - <----- statementPart
2021-11-19T10:23:54,925|[TRACE] graph - -----> statementPart
2021-11-19T10:23:54,925|[TRACE] graph - -------> nonSkippedChar
2021-11-19T10:23:54,925|[TRACE] script - #out(`A`) [token]
2021-11-19T10:23:54,925|[TRACE] graph - <------- nonSkippedChar
2021-11-19T10:23:54,925|[TRACE] graph - <----- statementPart
2021-11-19T10:23:54,925|[TRACE] graph - -----> statementPart
2021-11-19T10:23:54,925|[TRACE] graph - -------> nonSkippedChar
2021-11-19T10:23:54,925|[TRACE] script - #out(`R`) [token]
2021-11-19T10:23:54,925|[TRACE] graph - <------- nonSkippedChar
2021-11-19T10:23:54,925|[TRACE] graph - <----- statementPart
2021-11-19T10:23:54,925|[TRACE] graph - -----> statementPart
2021-11-19T10:23:54,925|[TRACE] graph - -------> nonSkippedChar
2021-11-19T10:23:54,925|[TRACE] script - #out(`(`) [token]
2021-11-19T10:23:54,925|[TRACE] graph - <------- nonSkippedChar
2021-11-19T10:23:54,925|[TRACE] graph - <----- statementPart
2021-11-19T10:23:54,925|[TRACE] graph - -----> statementPart
2021-11-19T10:23:54,925|[TRACE] graph - -------> nonSkippedChar
2021-11-19T10:23:54,925|[TRACE] script - #out(`1`) [token]
2021-11-19T10:23:54,925|[TRACE] graph - <------- nonSkippedChar
2021-11-19T10:23:54,925|[TRACE] graph - <----- statementPart
2021-11-19T10:23:54,925|[TRACE] graph - -----> statementPart
2021-11-19T10:23:54,925|[TRACE] graph - -------> nonSkippedChar
2021-11-19T10:23:54,925|[TRACE] script - #out(`0`) [token]
2021-11-19T10:23:54,925|[TRACE] graph - <------- nonSkippedChar
2021-11-19T10:23:54,925|[TRACE] graph - <----- statementPart
2021-11-19T10:23:54,925|[TRACE] graph - -----> statementPart
2021-11-19T10:23:54,925|[TRACE] graph - -------> nonSkippedChar
2021-11-19T10:23:54,925|[TRACE] script - #out(`0`) [token]
2021-11-19T10:23:54,926|[TRACE] graph - <------- nonSkippedChar
2021-11-19T10:23:54,926|[TRACE] graph - <----- statementPart
2021-11-19T10:23:54,926|[TRACE] graph - -----> statementPart
2021-11-19T10:23:54,926|[TRACE] graph - -------> nonSkippedChar
2021-11-19T10:23:54,926|[TRACE] script - #out(`)`) [token]
2021-11-19T10:23:54,926|[TRACE] graph - <------- nonSkippedChar
2021-11-19T10:23:54,926|[TRACE] graph - <----- statementPart
2021-11-19T10:23:54,926|[TRACE] graph - -----> statementPart
2021-11-19T10:23:54,926|[TRACE] graph - -------> nonSkippedSpace
2021-11-19T10:23:54,926|[TRACE] script - #out(` `) [token]
2021-11-19T10:23:54,926|[TRACE] graph - <------- nonSkippedSpace
2021-11-19T10:23:54,926|[TRACE] graph - <----- statementPart
2021-11-19T10:23:54,926|[TRACE] graph - -----> statementPart
2021-11-19T10:23:54,926|[TRACE] graph - -------> nonSkippedChar
2021-11-19T10:23:54,926|[TRACE] script - #out(`N`) [token]
2021-11-19T10:23:54,926|[TRACE] graph - <------- nonSkippedChar
2021-11-19T10:23:54,926|[TRACE] graph - <----- statementPart
2021-11-19T10:23:54,926|[TRACE] graph - -----> statementPart
2021-11-19T10:23:54,926|[TRACE] graph - -------> nonSkippedChar
2021-11-19T10:23:54,926|[TRACE] script - #out(`O`) [token]
2021-11-19T10:23:54,926|[TRACE] graph - <------- nonSkippedChar
2021-11-19T10:23:54,926|[TRACE] graph - <----- statementPart
2021-11-19T10:23:54,926|[TRACE] graph - -----> statementPart
2021-11-19T10:23:54,926|[TRACE] graph - -------> nonSkippedChar
2021-11-19T10:23:54,926|[TRACE] script - #out(`T`) [token]
2021-11-19T10:23:54,926|[TRACE] graph - <------- nonSkippedChar
2021-11-19T10:23:54,926|[TRACE] graph - <----- statementPart
2021-11-19T10:23:54,926|[TRACE] graph - -----> statementPart
2021-11-19T10:23:54,926|[TRACE] graph - -------> nonSkippedSpace
2021-11-19T10:23:54,926|[TRACE] script - #out(` `) [token]
2021-11-19T10:23:54,926|[TRACE] graph - <------- nonSkippedSpace
2021-11-19T10:23:54,926|[TRACE] graph - <----- statementPart
2021-11-19T10:23:54,926|[TRACE] graph - -----> statementPart
2021-11-19T10:23:54,926|[TRACE] graph - -------> nonSkippedChar
2021-11-19T10:23:54,926|[TRACE] script - #out(`N`) [token]
2021-11-19T10:23:54,926|[TRACE] graph - <------- nonSkippedChar
2021-11-19T10:23:54,926|[TRACE] graph - <----- statementPart
2021-11-19T10:23:54,926|[TRACE] graph - -----> statementPart
2021-11-19T10:23:54,926|[TRACE] graph - -------> nonSkippedChar
2021-11-19T10:23:54,926|[TRACE] script - #out(`U`) [token]
2021-11-19T10:23:54,926|[TRACE] graph - <------- nonSkippedChar
2021-11-19T10:23:54,926|[TRACE] graph - <----- statementPart
2021-11-19T10:23:54,926|[TRACE] graph - -----> statementPart
2021-11-19T10:23:54,926|[TRACE] graph - -------> nonSkippedChar
2021-11-19T10:23:54,926|[TRACE] script - #out(`L`) [token]
2021-11-19T10:23:54,926|[TRACE] graph - <------- nonSkippedChar
2021-11-19T10:23:54,926|[TRACE] graph - <----- statementPart
2021-11-19T10:23:54,926|[TRACE] graph - -----> statementPart
2021-11-19T10:23:54,926|[TRACE] graph - -------> nonSkippedChar
2021-11-19T10:23:54,926|[TRACE] script - #out(`L`) [token]
2021-11-19T10:23:54,926|[TRACE] graph - <------- nonSkippedChar
2021-11-19T10:23:54,926|[TRACE] graph - <----- statementPart
2021-11-19T10:23:54,926|[TRACE] graph - -----> statementPart
2021-11-19T10:23:54,926|[TRACE] graph - -------> nonSkippedChar
2021-11-19T10:23:54,926|[TRACE] script - #out(`,`) [token]
2021-11-19T10:23:54,926|[TRACE] graph - <------- nonSkippedChar
2021-11-19T10:23:54,926|[TRACE] graph - <----- statementPart
2021-11-19T10:23:54,926|[TRACE] graph - -----> afterStatementPartNewline
2021-11-19T10:23:54,926|[TRACE] script - #out(` `) [text]
2021-11-19T10:23:54,926|[TRACE] graph - <----- afterStatementPartNewline
2021-11-19T10:23:54,926|[TRACE] graph - -----> statementPart
2021-11-19T10:23:54,926|[TRACE] graph - -------> nonSkippedSpace
2021-11-19T10:23:54,926|[TRACE] script - #out(` `) [token]
2021-11-19T10:23:54,926|[TRACE] graph - <------- nonSkippedSpace
2021-11-19T10:23:54,926|[TRACE] graph - <----- statementPart
2021-11-19T10:23:54,926|[TRACE] graph - -----> statementPart
2021-11-19T10:23:54,926|[TRACE] graph - -------> nonSkippedSpace
2021-11-19T10:23:54,926|[TRACE] script - #out(` `) [token]
2021-11-19T10:23:54,926|[TRACE] graph - <------- nonSkippedSpace
2021-11-19T10:23:54,926|[TRACE] graph - <----- statementPart
2021-11-19T10:23:54,926|[TRACE] graph - -----> statementPart
2021-11-19T10:23:54,926|[TRACE] graph - -------> quotedString
2021-11-19T10:23:54,926|[TRACE] script - #out(``zipcode``) [token]
2021-11-19T10:23:54,926|[TRACE] graph - <------- quotedString
2021-11-19T10:23:54,926|[TRACE] graph - <----- statementPart
2021-11-19T10:23:54,926|[TRACE] graph - -----> statementPart
2021-11-19T10:23:54,926|[TRACE] graph - -------> nonSkippedSpace
2021-11-19T10:23:54,926|[TRACE] script - #out(` `) [token]
2021-11-19T10:23:54,926|[TRACE] graph - <------- nonSkippedSpace
2021-11-19T10:23:54,926|[TRACE] graph - <----- statementPart
2021-11-19T10:23:54,926|[TRACE] graph - -----> statementPart
2021-11-19T10:23:54,926|[TRACE] graph - -------> nonSkippedChar
2021-11-19T10:23:54,926|[TRACE] script - #out(`V`) [token]
2021-11-19T10:23:54,926|[TRACE] graph - <------- nonSkippedChar
2021-11-19T10:23:54,926|[TRACE] graph - <----- statementPart
2021-11-19T10:23:54,926|[TRACE] graph - -----> statementPart
2021-11-19T10:23:54,926|[TRACE] graph - -------> nonSkippedChar
2021-11-19T10:23:54,926|[TRACE] script - #out(`A`) [token]
2021-11-19T10:23:54,926|[TRACE] graph - <------- nonSkippedChar
2021-11-19T10:23:54,926|[TRACE] graph - <----- statementPart
2021-11-19T10:23:54,926|[TRACE] graph - -----> statementPart
2021-11-19T10:23:54,926|[TRACE] graph - -------> nonSkippedChar
2021-11-19T10:23:54,926|[TRACE] script - #out(`R`) [token]
2021-11-19T10:23:54,926|[TRACE] graph - <------- nonSkippedChar
2021-11-19T10:23:54,926|[TRACE] graph - <----- statementPart
2021-11-19T10:23:54,926|[TRACE] graph - -----> statementPart
2021-11-19T10:23:54,926|[TRACE] graph - -------> nonSkippedChar
2021-11-19T10:23:54,926|[TRACE] script - #out(`C`) [token]
2021-11-19T10:23:54,926|[TRACE] graph - <------- nonSkippedChar
2021-11-19T10:23:54,926|[TRACE] graph - <----- statementPart
2021-11-19T10:23:54,926|[TRACE] graph - -----> statementPart
2021-11-19T10:23:54,926|[TRACE] graph - -------> nonSkippedChar
2021-11-19T10:23:54,926|[TRACE] script - #out(`H`) [token]
2021-11-19T10:23:54,926|[TRACE] graph - <------- nonSkippedChar
2021-11-19T10:23:54,926|[TRACE] graph - <----- statementPart
2021-11-19T10:23:54,926|[TRACE] graph - -----> statementPart
2021-11-19T10:23:54,926|[TRACE] graph - -------> nonSkippedChar
2021-11-19T10:23:54,926|[TRACE] script - #out(`A`) [token]
2021-11-19T10:23:54,926|[TRACE] graph - <------- nonSkippedChar
2021-11-19T10:23:54,926|[TRACE] graph - <----- statementPart
2021-11-19T10:23:54,926|[TRACE] graph - -----> statementPart
2021-11-19T10:23:54,926|[TRACE] graph - -------> nonSkippedChar
2021-11-19T10:23:54,926|[TRACE] script - #out(`R`) [token]
2021-11-19T10:23:54,926|[TRACE] graph - <------- nonSkippedChar
2021-11-19T10:23:54,926|[TRACE] graph - <----- statementPart
2021-11-19T10:23:54,926|[TRACE] graph - -----> statementPart
2021-11-19T10:23:54,926|[TRACE] graph - -------> nonSkippedChar
2021-11-19T10:23:54,926|[TRACE] script - #out(`(`) [token]
2021-11-19T10:23:54,926|[TRACE] graph - <------- nonSkippedChar
2021-11-19T10:23:54,926|[TRACE] graph - <----- statementPart
2021-11-19T10:23:54,926|[TRACE] graph - -----> statementPart
2021-11-19T10:23:54,926|[TRACE] graph - -------> nonSkippedChar
2021-11-19T10:23:54,926|[TRACE] script - #out(`1`) [token]
2021-11-19T10:23:54,926|[TRACE] graph - <------- nonSkippedChar
2021-11-19T10:23:54,926|[TRACE] graph - <----- statementPart
2021-11-19T10:23:54,926|[TRACE] graph - -----> statementPart
2021-11-19T10:23:54,926|[TRACE] graph - -------> nonSkippedChar
2021-11-19T10:23:54,926|[TRACE] script - #out(`0`) [token]
2021-11-19T10:23:54,926|[TRACE] graph - <------- nonSkippedChar
2021-11-19T10:23:54,926|[TRACE] graph - <----- statementPart
2021-11-19T10:23:54,926|[TRACE] graph - -----> statementPart
2021-11-19T10:23:54,926|[TRACE] graph - -------> nonSkippedChar
2021-11-19T10:23:54,926|[TRACE] script - #out(`0`) [token]
2021-11-19T10:23:54,926|[TRACE] graph - <------- nonSkippedChar
2021-11-19T10:23:54,926|[TRACE] graph - <----- statementPart
2021-11-19T10:23:54,926|[TRACE] graph - -----> statementPart
2021-11-19T10:23:54,926|[TRACE] graph - -------> nonSkippedChar
2021-11-19T10:23:54,926|[TRACE] script - #out(`)`) [token]
2021-11-19T10:23:54,926|[TRACE] graph - <------- nonSkippedChar
2021-11-19T10:23:54,926|[TRACE] graph - <----- statementPart
2021-11-19T10:23:54,927|[TRACE] graph - -----> statementPart
2021-11-19T10:23:54,927|[TRACE] graph - -------> nonSkippedSpace
2021-11-19T10:23:54,927|[TRACE] script - #out(` `) [token]
2021-11-19T10:23:54,927|[TRACE] graph - <------- nonSkippedSpace
2021-11-19T10:23:54,927|[TRACE] graph - <----- statementPart
2021-11-19T10:23:54,927|[TRACE] graph - -----> statementPart
2021-11-19T10:23:54,927|[TRACE] graph - -------> nonSkippedChar
2021-11-19T10:23:54,927|[TRACE] script - #out(`N`) [token]
2021-11-19T10:23:54,927|[TRACE] graph - <------- nonSkippedChar
2021-11-19T10:23:54,927|[TRACE] graph - <----- statementPart
2021-11-19T10:23:54,927|[TRACE] graph - -----> statementPart
2021-11-19T10:23:54,927|[TRACE] graph - -------> nonSkippedChar
2021-11-19T10:23:54,927|[TRACE] script - #out(`O`) [token]
2021-11-19T10:23:54,927|[TRACE] graph - <------- nonSkippedChar
2021-11-19T10:23:54,927|[TRACE] graph - <----- statementPart
2021-11-19T10:23:54,927|[TRACE] graph - -----> statementPart
2021-11-19T10:23:54,927|[TRACE] graph - -------> nonSkippedChar
2021-11-19T10:23:54,927|[TRACE] script - #out(`T`) [token]
2021-11-19T10:23:54,927|[TRACE] graph - <------- nonSkippedChar
2021-11-19T10:23:54,927|[TRACE] graph - <----- statementPart
2021-11-19T10:23:54,927|[TRACE] graph - -----> statementPart
2021-11-19T10:23:54,927|[TRACE] graph - -------> nonSkippedSpace
2021-11-19T10:23:54,927|[TRACE] script - #out(` `) [token]
2021-11-19T10:23:54,927|[TRACE] graph - <------- nonSkippedSpace
2021-11-19T10:23:54,927|[TRACE] graph - <----- statementPart
2021-11-19T10:23:54,927|[TRACE] graph - -----> statementPart
2021-11-19T10:23:54,927|[TRACE] graph - -------> nonSkippedChar
2021-11-19T10:23:54,927|[TRACE] script - #out(`N`) [token]
2021-11-19T10:23:54,927|[TRACE] graph - <------- nonSkippedChar
2021-11-19T10:23:54,927|[TRACE] graph - <----- statementPart
2021-11-19T10:23:54,927|[TRACE] graph - -----> statementPart
2021-11-19T10:23:54,927|[TRACE] graph - -------> nonSkippedChar
2021-11-19T10:23:54,927|[TRACE] script - #out(`U`) [token]
2021-11-19T10:23:54,927|[TRACE] graph - <------- nonSkippedChar
2021-11-19T10:23:54,927|[TRACE] graph - <----- statementPart
2021-11-19T10:23:54,927|[TRACE] graph - -----> statementPart
2021-11-19T10:23:54,927|[TRACE] graph - -------> nonSkippedChar
2021-11-19T10:23:54,927|[TRACE] script - #out(`L`) [token]
2021-11-19T10:23:54,927|[TRACE] graph - <------- nonSkippedChar
2021-11-19T10:23:54,927|[TRACE] graph - <----- statementPart
2021-11-19T10:23:54,927|[TRACE] graph - -----> statementPart
2021-11-19T10:23:54,927|[TRACE] graph - -------> nonSkippedChar
2021-11-19T10:23:54,927|[TRACE] script - #out(`L`) [token]
2021-11-19T10:23:54,927|[TRACE] graph - <------- nonSkippedChar
2021-11-19T10:23:54,927|[TRACE] graph - <----- statementPart
2021-11-19T10:23:54,927|[TRACE] graph - -----> statementPart
2021-11-19T10:23:54,927|[TRACE] graph - -------> nonSkippedChar
2021-11-19T10:23:54,927|[TRACE] script - #out(`,`) [token]
2021-11-19T10:23:54,927|[TRACE] graph - <------- nonSkippedChar
2021-11-19T10:23:54,927|[TRACE] graph - <----- statementPart
2021-11-19T10:23:54,927|[TRACE] graph - -----> afterStatementPartNewline
2021-11-19T10:23:54,927|[TRACE] script - #out(` `) [text]
2021-11-19T10:23:54,927|[TRACE] graph - <----- afterStatementPartNewline
2021-11-19T10:23:54,927|[TRACE] graph - -----> statementPart
2021-11-19T10:23:54,927|[TRACE] graph - -------> nonSkippedSpace
2021-11-19T10:23:54,927|[TRACE] script - #out(` `) [token]
2021-11-19T10:23:54,927|[TRACE] graph - <------- nonSkippedSpace
2021-11-19T10:23:54,927|[TRACE] graph - <----- statementPart
2021-11-19T10:23:54,927|[TRACE] graph - -----> statementPart
2021-11-19T10:23:54,927|[TRACE] graph - -------> nonSkippedSpace
2021-11-19T10:23:54,927|[TRACE] script - #out(` `) [token]
2021-11-19T10:23:54,927|[TRACE] graph - <------- nonSkippedSpace
2021-11-19T10:23:54,927|[TRACE] graph - <----- statementPart
2021-11-19T10:23:54,927|[TRACE] graph - -----> statementPart
2021-11-19T10:23:54,927|[TRACE] graph - -------> quotedString
2021-11-19T10:23:54,927|[TRACE] script - #out(``created``) [token]
2021-11-19T10:23:54,927|[TRACE] graph - <------- quotedString
2021-11-19T10:23:54,927|[TRACE] graph - <----- statementPart
2021-11-19T10:23:54,927|[TRACE] graph - -----> statementPart
2021-11-19T10:23:54,927|[TRACE] graph - -------> nonSkippedSpace
2021-11-19T10:23:54,927|[TRACE] script - #out(` `) [token]
2021-11-19T10:23:54,927|[TRACE] graph - <------- nonSkippedSpace
2021-11-19T10:23:54,927|[TRACE] graph - <----- statementPart
2021-11-19T10:23:54,927|[TRACE] graph - -----> statementPart
2021-11-19T10:23:54,927|[TRACE] graph - -------> nonSkippedChar
2021-11-19T10:23:54,927|[TRACE] script - #out(`B`) [token]
2021-11-19T10:23:54,927|[TRACE] graph - <------- nonSkippedChar
2021-11-19T10:23:54,927|[TRACE] graph - <----- statementPart
2021-11-19T10:23:54,927|[TRACE] graph - -----> statementPart
2021-11-19T10:23:54,927|[TRACE] graph - -------> nonSkippedChar
2021-11-19T10:23:54,927|[TRACE] script - #out(`I`) [token]
2021-11-19T10:23:54,927|[TRACE] graph - <------- nonSkippedChar
2021-11-19T10:23:54,927|[TRACE] graph - <----- statementPart
2021-11-19T10:23:54,927|[TRACE] graph - -----> statementPart
2021-11-19T10:23:54,927|[TRACE] graph - -------> nonSkippedChar
2021-11-19T10:23:54,927|[TRACE] script - #out(`G`) [token]
2021-11-19T10:23:54,927|[TRACE] graph - <------- nonSkippedChar
2021-11-19T10:23:54,927|[TRACE] graph - <----- statementPart
2021-11-19T10:23:54,927|[TRACE] graph - -----> statementPart
2021-11-19T10:23:54,927|[TRACE] graph - -------> nonSkippedChar
2021-11-19T10:23:54,927|[TRACE] script - #out(`I`) [token]
2021-11-19T10:23:54,927|[TRACE] graph - <------- nonSkippedChar
2021-11-19T10:23:54,927|[TRACE] graph - <----- statementPart
2021-11-19T10:23:54,927|[TRACE] graph - -----> statementPart
2021-11-19T10:23:54,927|[TRACE] graph - -------> nonSkippedChar
2021-11-19T10:23:54,927|[TRACE] script - #out(`N`) [token]
2021-11-19T10:23:54,927|[TRACE] graph - <------- nonSkippedChar
2021-11-19T10:23:54,928|[TRACE] graph - <----- statementPart
2021-11-19T10:23:54,928|[TRACE] graph - -----> statementPart
2021-11-19T10:23:54,928|[TRACE] graph - -------> nonSkippedChar
2021-11-19T10:23:54,928|[TRACE] script - #out(`T`) [token]
2021-11-19T10:23:54,928|[TRACE] graph - <------- nonSkippedChar
2021-11-19T10:23:54,928|[TRACE] graph - <----- statementPart
2021-11-19T10:23:54,928|[TRACE] graph - -----> statementPart
2021-11-19T10:23:54,928|[TRACE] graph - -------> nonSkippedSpace
2021-11-19T10:23:54,928|[TRACE] script - #out(` `) [token]
2021-11-19T10:23:54,928|[TRACE] graph - <------- nonSkippedSpace
2021-11-19T10:23:54,928|[TRACE] graph - <----- statementPart
2021-11-19T10:23:54,928|[TRACE] graph - -----> statementPart
2021-11-19T10:23:54,928|[TRACE] graph - -------> nonSkippedChar
2021-11-19T10:23:54,928|[TRACE] script - #out(`N`) [token]
2021-11-19T10:23:54,928|[TRACE] graph - <------- nonSkippedChar
2021-11-19T10:23:54,928|[TRACE] graph - <----- statementPart
2021-11-19T10:23:54,928|[TRACE] graph - -----> statementPart
2021-11-19T10:23:54,928|[TRACE] graph - -------> nonSkippedChar
2021-11-19T10:23:54,928|[TRACE] script - #out(`O`) [token]
2021-11-19T10:23:54,928|[TRACE] graph - <------- nonSkippedChar
2021-11-19T10:23:54,928|[TRACE] graph - <----- statementPart
2021-11-19T10:23:54,984|[TRACE] graph - -----> statementPart
2021-11-19T10:23:54,984|[TRACE] graph - -------> nonSkippedChar
2021-11-19T10:23:54,984|[TRACE] script - #out(`T`) [token]
2021-11-19T10:23:54,984|[TRACE] graph - <------- nonSkippedChar
2021-11-19T10:23:54,984|[TRACE] graph - <----- statementPart
2021-11-19T10:23:54,984|[TRACE] graph - -----> statementPart
2021-11-19T10:23:54,984|[TRACE] graph - -------> nonSkippedSpace
2021-11-19T10:23:54,984|[TRACE] script - #out(` `) [token]
2021-11-19T10:23:54,984|[TRACE] graph - <------- nonSkippedSpace
2021-11-19T10:23:54,985|[TRACE] graph - <----- statementPart
2021-11-19T10:23:54,985|[TRACE] graph - -----> statementPart
2021-11-19T10:23:54,985|[TRACE] graph - -------> nonSkippedChar
2021-11-19T10:23:54,985|[TRACE] script - #out(`N`) [token]
2021-11-19T10:23:54,985|[TRACE] graph - <------- nonSkippedChar
2021-11-19T10:23:54,985|[TRACE] graph - <----- statementPart
2021-11-19T10:23:54,985|[TRACE] graph - -----> statementPart
2021-11-19T10:23:54,985|[TRACE] graph - -------> nonSkippedChar
2021-11-19T10:23:54,985|[TRACE] script - #out(`U`) [token]
2021-11-19T10:23:54,985|[TRACE] graph - <------- nonSkippedChar
2021-11-19T10:23:54,985|[TRACE] graph - <----- statementPart
2021-11-19T10:23:54,985|[TRACE] graph - -----> statementPart
2021-11-19T10:23:54,985|[TRACE] graph - -------> nonSkippedChar
2021-11-19T10:23:54,985|[TRACE] script - #out(`L`) [token]
2021-11-19T10:23:54,985|[TRACE] graph - <------- nonSkippedChar
2021-11-19T10:23:54,985|[TRACE] graph - <----- statementPart
2021-11-19T10:23:54,985|[TRACE] graph - -----> statementPart
2021-11-19T10:23:54,985|[TRACE] graph - -------> nonSkippedChar
2021-11-19T10:23:54,985|[TRACE] script - #out(`L`) [token]
2021-11-19T10:23:54,985|[TRACE] graph - <------- nonSkippedChar
2021-11-19T10:23:54,985|[TRACE] graph - <----- statementPart
2021-11-19T10:23:54,985|[TRACE] graph - -----> statementPart
2021-11-19T10:23:54,985|[TRACE] graph - -------> nonSkippedSpace
2021-11-19T10:23:54,985|[TRACE] script - #out(` `) [token]
2021-11-19T10:23:54,985|[TRACE] graph - <------- nonSkippedSpace
2021-11-19T10:23:54,985|[TRACE] graph - <----- statementPart
2021-11-19T10:23:54,985|[TRACE] graph - -----> statementPart
2021-11-19T10:23:54,985|[TRACE] graph - -------> nonSkippedChar
2021-11-19T10:23:54,985|[TRACE] script - #out(`D`) [token]
2021-11-19T10:23:54,985|[TRACE] graph - <------- nonSkippedChar
2021-11-19T10:23:54,985|[TRACE] graph - <----- statementPart
2021-11-19T10:23:54,985|[TRACE] graph - -----> statementPart
2021-11-19T10:23:54,985|[TRACE] graph - -------> nonSkippedChar
2021-11-19T10:23:54,985|[TRACE] script - #out(`E`) [token]
2021-11-19T10:23:54,985|[TRACE] graph - <------- nonSkippedChar
2021-11-19T10:23:54,985|[TRACE] graph - <----- statementPart
2021-11-19T10:23:54,985|[TRACE] graph - -----> statementPart
2021-11-19T10:23:54,985|[TRACE] graph - -------> nonSkippedChar
2021-11-19T10:23:54,985|[TRACE] script - #out(`F`) [token]
2021-11-19T10:23:54,985|[TRACE] graph - <------- nonSkippedChar
2021-11-19T10:23:54,985|[TRACE] graph - <----- statementPart
2021-11-19T10:23:54,985|[TRACE] graph - -----> statementPart
2021-11-19T10:23:54,985|[TRACE] graph - -------> nonSkippedChar
2021-11-19T10:23:54,985|[TRACE] script - #out(`A`) [token]
2021-11-19T10:23:54,985|[TRACE] graph - <------- nonSkippedChar
2021-11-19T10:23:54,985|[TRACE] graph - <----- statementPart
2021-11-19T10:23:54,985|[TRACE] graph - -----> statementPart
2021-11-19T10:23:54,985|[TRACE] graph - -------> nonSkippedChar
2021-11-19T10:23:54,985|[TRACE] script - #out(`U`) [token]
2021-11-19T10:23:54,985|[TRACE] graph - <------- nonSkippedChar
2021-11-19T10:23:54,985|[TRACE] graph - <----- statementPart
2021-11-19T10:23:54,985|[TRACE] graph - -----> statementPart
2021-11-19T10:23:54,985|[TRACE] graph - -------> nonSkippedChar
2021-11-19T10:23:54,985|[TRACE] script - #out(`L`) [token]
2021-11-19T10:23:54,985|[TRACE] graph - <------- nonSkippedChar
2021-11-19T10:23:54,985|[TRACE] graph - <----- statementPart
2021-11-19T10:23:54,985|[TRACE] graph - -----> statementPart
2021-11-19T10:23:54,985|[TRACE] graph - -------> nonSkippedChar
2021-11-19T10:23:54,985|[TRACE] script - #out(`T`) [token]
2021-11-19T10:23:54,985|[TRACE] graph - <------- nonSkippedChar
2021-11-19T10:23:54,985|[TRACE] graph - <----- statementPart
2021-11-19T10:23:54,985|[TRACE] graph - -----> statementPart
2021-11-19T10:23:54,985|[TRACE] graph - -------> nonSkippedSpace
2021-11-19T10:23:54,985|[TRACE] script - #out(` `) [token]
2021-11-19T10:23:54,985|[TRACE] graph - <------- nonSkippedSpace
2021-11-19T10:23:54,985|[TRACE] graph - <----- statementPart
2021-11-19T10:23:54,985|[TRACE] graph - -----> statementPart
2021-11-19T10:23:54,985|[TRACE] graph - -------> nonSkippedChar
2021-11-19T10:23:54,985|[TRACE] script - #out(`(`) [token]
2021-11-19T10:23:54,985|[TRACE] graph - <------- nonSkippedChar
2021-11-19T10:23:54,985|[TRACE] graph - <----- statementPart
2021-11-19T10:23:54,985|[TRACE] graph - -----> statementPart
2021-11-19T10:23:54,985|[TRACE] graph - -------> nonSkippedChar
2021-11-19T10:23:54,985|[TRACE] script - #out(`u`) [token]
2021-11-19T10:23:54,985|[TRACE] graph - <------- nonSkippedChar
2021-11-19T10:23:54,985|[TRACE] graph - <----- statementPart
2021-11-19T10:23:54,985|[TRACE] graph - -----> statementPart
2021-11-19T10:23:54,985|[TRACE] graph - -------> nonSkippedChar
2021-11-19T10:23:54,985|[TRACE] script - #out(`n`) [token]
2021-11-19T10:23:54,985|[TRACE] graph - <------- nonSkippedChar
2021-11-19T10:23:54,985|[TRACE] graph - <----- statementPart
2021-11-19T10:23:54,985|[TRACE] graph - -----> statementPart
2021-11-19T10:23:54,985|[TRACE] graph - -------> nonSkippedChar
2021-11-19T10:23:54,985|[TRACE] script - #out(`i`) [token]
2021-11-19T10:23:54,985|[TRACE] graph - <------- nonSkippedChar
2021-11-19T10:23:54,985|[TRACE] graph - <----- statementPart
2021-11-19T10:23:54,985|[TRACE] graph - -----> statementPart
2021-11-19T10:23:54,985|[TRACE] graph - -------> nonSkippedChar
2021-11-19T10:23:54,985|[TRACE] script - #out(`x`) [token]
2021-11-19T10:23:54,985|[TRACE] graph - <------- nonSkippedChar
2021-11-19T10:23:54,985|[TRACE] graph - <----- statementPart
2021-11-19T10:23:54,985|[TRACE] graph - -----> statementPart
2021-11-19T10:23:54,985|[TRACE] graph - -------> nonSkippedChar
2021-11-19T10:23:54,985|[TRACE] script - #out(`_`) [token]
2021-11-19T10:23:54,985|[TRACE] graph - <------- nonSkippedChar
2021-11-19T10:23:54,985|[TRACE] graph - <----- statementPart
2021-11-19T10:23:54,985|[TRACE] graph - -----> statementPart
2021-11-19T10:23:54,985|[TRACE] graph - -------> nonSkippedChar
2021-11-19T10:23:54,985|[TRACE] script - #out(`t`) [token]
2021-11-19T10:23:54,985|[TRACE] graph - <------- nonSkippedChar
2021-11-19T10:23:54,985|[TRACE] graph - <----- statementPart
2021-11-19T10:23:54,985|[TRACE] graph - -----> statementPart
2021-11-19T10:23:54,985|[TRACE] graph - -------> nonSkippedChar
2021-11-19T10:23:54,985|[TRACE] script - #out(`i`) [token]
2021-11-19T10:23:54,985|[TRACE] graph - <------- nonSkippedChar
2021-11-19T10:23:54,985|[TRACE] graph - <----- statementPart
2021-11-19T10:23:54,985|[TRACE] graph - -----> statementPart
2021-11-19T10:23:54,985|[TRACE] graph - -------> nonSkippedChar
2021-11-19T10:23:54,985|[TRACE] script - #out(`m`) [token]
2021-11-19T10:23:54,985|[TRACE] graph - <------- nonSkippedChar
2021-11-19T10:23:54,985|[TRACE] graph - <----- statementPart
2021-11-19T10:23:54,985|[TRACE] graph - -----> statementPart
2021-11-19T10:23:54,985|[TRACE] graph - -------> nonSkippedChar
2021-11-19T10:23:54,985|[TRACE] script - #out(`e`) [token]
2021-11-19T10:23:54,985|[TRACE] graph - <------- nonSkippedChar
2021-11-19T10:23:54,985|[TRACE] graph - <----- statementPart
2021-11-19T10:23:54,985|[TRACE] graph - -----> statementPart
2021-11-19T10:23:54,986|[TRACE] graph - -------> nonSkippedChar
2021-11-19T10:23:54,986|[TRACE] script - #out(`s`) [token]
2021-11-19T10:23:54,986|[TRACE] graph - <------- nonSkippedChar
2021-11-19T10:23:54,986|[TRACE] graph - <----- statementPart
2021-11-19T10:23:54,986|[TRACE] graph - -----> statementPart
2021-11-19T10:23:54,986|[TRACE] graph - -------> nonSkippedChar
2021-11-19T10:23:54,986|[TRACE] script - #out(`t`) [token]
2021-11-19T10:23:54,986|[TRACE] graph - <------- nonSkippedChar
2021-11-19T10:23:54,986|[TRACE] graph - <----- statementPart
2021-11-19T10:23:54,986|[TRACE] graph - -----> statementPart
2021-11-19T10:23:54,986|[TRACE] graph - -------> nonSkippedChar
2021-11-19T10:23:54,986|[TRACE] script - #out(`a`) [token]
2021-11-19T10:23:54,986|[TRACE] graph - <------- nonSkippedChar
2021-11-19T10:23:54,986|[TRACE] graph - <----- statementPart
2021-11-19T10:23:54,986|[TRACE] graph - -----> statementPart
2021-11-19T10:23:54,986|[TRACE] graph - -------> nonSkippedChar
2021-11-19T10:23:54,986|[TRACE] script - #out(`m`) [token]
2021-11-19T10:23:54,986|[TRACE] graph - <------- nonSkippedChar
2021-11-19T10:23:54,986|[TRACE] graph - <----- statementPart
2021-11-19T10:23:54,986|[TRACE] graph - -----> statementPart
2021-11-19T10:23:54,986|[TRACE] graph - -------> nonSkippedChar
2021-11-19T10:23:54,986|[TRACE] script - #out(`p`) [token]
2021-11-19T10:23:54,986|[TRACE] graph - <------- nonSkippedChar
2021-11-19T10:23:54,986|[TRACE] graph - <----- statementPart
2021-11-19T10:23:54,986|[TRACE] graph - -----> statementPart
2021-11-19T10:23:54,986|[TRACE] graph - -------> nonSkippedChar
2021-11-19T10:23:54,986|[TRACE] script - #out(`(`) [token]
2021-11-19T10:23:54,986|[TRACE] graph - <------- nonSkippedChar
2021-11-19T10:23:54,986|[TRACE] graph - <----- statementPart
2021-11-19T10:23:54,986|[TRACE] graph - -----> statementPart
2021-11-19T10:23:54,986|[TRACE] graph - -------> nonSkippedChar
2021-11-19T10:23:54,986|[TRACE] script - #out(`n`) [token]
2021-11-19T10:23:54,986|[TRACE] graph - <------- nonSkippedChar
2021-11-19T10:23:54,986|[TRACE] graph - <----- statementPart
2021-11-19T10:23:54,986|[TRACE] graph - -----> statementPart
2021-11-19T10:23:54,986|[TRACE] graph - -------> nonSkippedChar
2021-11-19T10:23:54,986|[TRACE] script - #out(`o`) [token]
2021-11-19T10:23:54,986|[TRACE] graph - <------- nonSkippedChar
2021-11-19T10:23:54,986|[TRACE] graph - <----- statementPart
2021-11-19T10:23:54,986|[TRACE] graph - -----> statementPart
2021-11-19T10:23:54,986|[TRACE] graph - -------> nonSkippedChar
2021-11-19T10:23:54,986|[TRACE] script - #out(`w`) [token]
2021-11-19T10:23:54,986|[TRACE] graph - <------- nonSkippedChar
2021-11-19T10:23:54,986|[TRACE] graph - <----- statementPart
2021-11-19T10:23:54,986|[TRACE] graph - -----> statementPart
2021-11-19T10:23:54,986|[TRACE] graph - -------> nonSkippedChar
2021-11-19T10:23:54,986|[TRACE] script - #out(`(`) [token]
2021-11-19T10:23:54,986|[TRACE] graph - <------- nonSkippedChar
2021-11-19T10:23:54,986|[TRACE] graph - <----- statementPart
2021-11-19T10:23:54,986|[TRACE] graph - -----> statementPart
2021-11-19T10:23:54,986|[TRACE] graph - -------> nonSkippedChar
2021-11-19T10:23:54,986|[TRACE] script - #out(`)`) [token]
2021-11-19T10:23:54,986|[TRACE] graph - <------- nonSkippedChar
2021-11-19T10:23:54,986|[TRACE] graph - <----- statementPart
2021-11-19T10:23:54,986|[TRACE] graph - -----> statementPart
2021-11-19T10:23:54,986|[TRACE] graph - -------> nonSkippedChar
2021-11-19T10:23:54,986|[TRACE] script - #out(`)`) [token]
2021-11-19T10:23:54,986|[TRACE] graph - <------- nonSkippedChar
2021-11-19T10:23:54,986|[TRACE] graph - <----- statementPart
2021-11-19T10:23:54,986|[TRACE] graph - -----> statementPart
2021-11-19T10:23:54,986|[TRACE] graph - -------> nonSkippedSpace
2021-11-19T10:23:54,986|[TRACE] script - #out(` `) [token]
2021-11-19T10:23:54,986|[TRACE] graph - <------- nonSkippedSpace
2021-11-19T10:23:54,986|[TRACE] graph - <----- statementPart
2021-11-19T10:23:54,986|[TRACE] graph - -----> statementPart
2021-11-19T10:23:54,986|[TRACE] graph - -------> nonSkippedChar
2021-11-19T10:23:54,986|[TRACE] script - #out(`*`) [token]
2021-11-19T10:23:54,986|[TRACE] graph - <------- nonSkippedChar
2021-11-19T10:23:54,986|[TRACE] graph - <----- statementPart
2021-11-19T10:23:54,986|[TRACE] graph - -----> statementPart
2021-11-19T10:23:54,986|[TRACE] graph - -------> nonSkippedSpace
2021-11-19T10:23:54,986|[TRACE] script - #out(` `) [token]
2021-11-19T10:23:54,986|[TRACE] graph - <------- nonSkippedSpace
2021-11-19T10:23:54,986|[TRACE] graph - <----- statementPart
2021-11-19T10:23:54,986|[TRACE] graph - -----> statementPart
2021-11-19T10:23:54,986|[TRACE] graph - -------> nonSkippedChar
2021-11-19T10:23:54,986|[TRACE] script - #out(`1`) [token]
2021-11-19T10:23:54,986|[TRACE] graph - <------- nonSkippedChar
2021-11-19T10:23:54,986|[TRACE] graph - <----- statementPart
2021-11-19T10:23:54,986|[TRACE] graph - -----> statementPart
2021-11-19T10:23:54,986|[TRACE] graph - -------> nonSkippedChar
2021-11-19T10:23:54,986|[TRACE] script - #out(`0`) [token]
2021-11-19T10:23:54,986|[TRACE] graph - <------- nonSkippedChar
2021-11-19T10:23:54,986|[TRACE] graph - <----- statementPart
2021-11-19T10:23:54,986|[TRACE] graph - -----> statementPart
2021-11-19T10:23:54,986|[TRACE] graph - -------> nonSkippedChar
2021-11-19T10:23:54,986|[TRACE] script - #out(`0`) [token]
2021-11-19T10:23:54,986|[TRACE] graph - <------- nonSkippedChar
2021-11-19T10:23:54,986|[TRACE] graph - <----- statementPart
2021-11-19T10:23:54,986|[TRACE] graph - -----> statementPart
2021-11-19T10:23:54,986|[TRACE] graph - -------> nonSkippedChar
2021-11-19T10:23:54,986|[TRACE] script - #out(`0`) [token]
2021-11-19T10:23:54,986|[TRACE] graph - <------- nonSkippedChar
2021-11-19T10:23:54,986|[TRACE] graph - <----- statementPart
2021-11-19T10:23:54,986|[TRACE] graph - -----> statementPart
2021-11-19T10:23:54,986|[TRACE] graph - -------> nonSkippedChar
2021-11-19T10:23:54,986|[TRACE] script - #out(`)`) [token]
2021-11-19T10:23:54,986|[TRACE] graph - <------- nonSkippedChar
2021-11-19T10:23:54,986|[TRACE] graph - <----- statementPart
2021-11-19T10:23:54,986|[TRACE] graph - -----> statementPart
2021-11-19T10:23:54,986|[TRACE] graph - -------> nonSkippedChar
2021-11-19T10:23:54,986|[TRACE] script - #out(`,`) [token]
2021-11-19T10:23:54,986|[TRACE] graph - <------- nonSkippedChar
2021-11-19T10:23:54,986|[TRACE] graph - <----- statementPart
2021-11-19T10:23:54,986|[TRACE] graph - -----> afterStatementPartNewline
2021-11-19T10:23:54,986|[TRACE] script - #out(` `) [text]
2021-11-19T10:23:54,986|[TRACE] graph - <----- afterStatementPartNewline
2021-11-19T10:23:54,986|[TRACE] graph - -----> statementPart
2021-11-19T10:23:54,986|[TRACE] graph - -------> nonSkippedSpace
2021-11-19T10:23:54,986|[TRACE] script - #out(` `) [token]
2021-11-19T10:23:54,986|[TRACE] graph - <------- nonSkippedSpace
2021-11-19T10:23:54,986|[TRACE] graph - <----- statementPart
2021-11-19T10:23:54,986|[TRACE] graph - -----> statementPart
2021-11-19T10:23:54,986|[TRACE] graph - -------> nonSkippedSpace
2021-11-19T10:23:54,986|[TRACE] script - #out(` `) [token]
2021-11-19T10:23:54,986|[TRACE] graph - <------- nonSkippedSpace
2021-11-19T10:23:54,986|[TRACE] graph - <----- statementPart
2021-11-19T10:23:54,986|[TRACE] graph - -----> statementPart
2021-11-19T10:23:54,986|[TRACE] graph - -------> quotedString
2021-11-19T10:23:54,986|[TRACE] script - #out(``updated``) [token]
2021-11-19T10:23:54,986|[TRACE] graph - <------- quotedString
2021-11-19T10:23:54,986|[TRACE] graph - <----- statementPart
2021-11-19T10:23:54,986|[TRACE] graph - -----> statementPart
2021-11-19T10:23:54,986|[TRACE] graph - -------> nonSkippedSpace
2021-11-19T10:23:54,986|[TRACE] script - #out(` `) [token]
2021-11-19T10:23:54,986|[TRACE] graph - <------- nonSkippedSpace
2021-11-19T10:23:54,986|[TRACE] graph - <----- statementPart
2021-11-19T10:23:54,986|[TRACE] graph - -----> statementPart
2021-11-19T10:23:54,986|[TRACE] graph - -------> nonSkippedChar
2021-11-19T10:23:54,986|[TRACE] script - #out(`B`) [token]
2021-11-19T10:23:54,986|[TRACE] graph - <------- nonSkippedChar
2021-11-19T10:23:54,986|[TRACE] graph - <----- statementPart
2021-11-19T10:23:54,986|[TRACE] graph - -----> statementPart
2021-11-19T10:23:54,986|[TRACE] graph - -------> nonSkippedChar
2021-11-19T10:23:54,986|[TRACE] script - #out(`I`) [token]
2021-11-19T10:23:54,986|[TRACE] graph - <------- nonSkippedChar
2021-11-19T10:23:54,986|[TRACE] graph - <----- statementPart
2021-11-19T10:23:54,986|[TRACE] graph - -----> statementPart
2021-11-19T10:23:54,986|[TRACE] graph - -------> nonSkippedChar
2021-11-19T10:23:54,986|[TRACE] script - #out(`G`) [token]
2021-11-19T10:23:54,986|[TRACE] graph - <------- nonSkippedChar
2021-11-19T10:23:54,986|[TRACE] graph - <----- statementPart
2021-11-19T10:23:54,986|[TRACE] graph - -----> statementPart
2021-11-19T10:23:54,986|[TRACE] graph - -------> nonSkippedChar
2021-11-19T10:23:54,986|[TRACE] script - #out(`I`) [token]
2021-11-19T10:23:54,986|[TRACE] graph - <------- nonSkippedChar
2021-11-19T10:23:54,986|[TRACE] graph - <----- statementPart
2021-11-19T10:23:54,986|[TRACE] graph - -----> statementPart
2021-11-19T10:23:54,986|[TRACE] graph - -------> nonSkippedChar
2021-11-19T10:23:54,986|[TRACE] script - #out(`N`) [token]
2021-11-19T10:23:54,986|[TRACE] graph - <------- nonSkippedChar
2021-11-19T10:23:54,986|[TRACE] graph - <----- statementPart
2021-11-19T10:23:54,986|[TRACE] graph - -----> statementPart
2021-11-19T10:23:54,986|[TRACE] graph - -------> nonSkippedChar
2021-11-19T10:23:54,986|[TRACE] script - #out(`T`) [token]
2021-11-19T10:23:54,986|[TRACE] graph - <------- nonSkippedChar
2021-11-19T10:23:54,986|[TRACE] graph - <----- statementPart
2021-11-19T10:23:54,986|[TRACE] graph - -----> statementPart
2021-11-19T10:23:54,986|[TRACE] graph - -------> nonSkippedSpace
2021-11-19T10:23:54,986|[TRACE] script - #out(` `) [token]
2021-11-19T10:23:54,986|[TRACE] graph - <------- nonSkippedSpace
2021-11-19T10:23:54,986|[TRACE] graph - <----- statementPart
2021-11-19T10:23:54,986|[TRACE] graph - -----> statementPart
2021-11-19T10:23:54,986|[TRACE] graph - -------> nonSkippedChar
2021-11-19T10:23:54,986|[TRACE] script - #out(`N`) [token]
2021-11-19T10:23:54,986|[TRACE] graph - <------- nonSkippedChar
2021-11-19T10:23:54,986|[TRACE] graph - <----- statementPart
2021-11-19T10:23:54,986|[TRACE] graph - -----> statementPart
2021-11-19T10:23:54,986|[TRACE] graph - -------> nonSkippedChar
2021-11-19T10:23:54,986|[TRACE] script - #out(`O`) [token]
2021-11-19T10:23:54,986|[TRACE] graph - <------- nonSkippedChar
2021-11-19T10:23:54,986|[TRACE] graph - <----- statementPart
2021-11-19T10:23:54,986|[TRACE] graph - -----> statementPart
2021-11-19T10:23:54,986|[TRACE] graph - -------> nonSkippedChar
2021-11-19T10:23:54,986|[TRACE] script - #out(`T`) [token]
2021-11-19T10:23:54,986|[TRACE] graph - <------- nonSkippedChar
2021-11-19T10:23:54,986|[TRACE] graph - <----- statementPart
2021-11-19T10:23:54,986|[TRACE] graph - -----> statementPart
2021-11-19T10:23:54,986|[TRACE] graph - -------> nonSkippedSpace
2021-11-19T10:23:54,986|[TRACE] script - #out(` `) [token]
2021-11-19T10:23:54,986|[TRACE] graph - <------- nonSkippedSpace
2021-11-19T10:23:54,986|[TRACE] graph - <----- statementPart
2021-11-19T10:23:54,986|[TRACE] graph - -----> statementPart
2021-11-19T10:23:54,986|[TRACE] graph - -------> nonSkippedChar
2021-11-19T10:23:54,986|[TRACE] script - #out(`N`) [token]
2021-11-19T10:23:54,986|[TRACE] graph - <------- nonSkippedChar
2021-11-19T10:23:54,986|[TRACE] graph - <----- statementPart
2021-11-19T10:23:54,986|[TRACE] graph - -----> statementPart
2021-11-19T10:23:54,986|[TRACE] graph - -------> nonSkippedChar
2021-11-19T10:23:54,986|[TRACE] script - #out(`U`) [token]
2021-11-19T10:23:54,986|[TRACE] graph - <------- nonSkippedChar
2021-11-19T10:23:54,986|[TRACE] graph - <----- statementPart
2021-11-19T10:23:54,986|[TRACE] graph - -----> statementPart
2021-11-19T10:23:54,986|[TRACE] graph - -------> nonSkippedChar
2021-11-19T10:23:54,986|[TRACE] script - #out(`L`) [token]
2021-11-19T10:23:54,986|[TRACE] graph - <------- nonSkippedChar
2021-11-19T10:23:54,986|[TRACE] graph - <----- statementPart
2021-11-19T10:23:54,986|[TRACE] graph - -----> statementPart
2021-11-19T10:23:54,986|[TRACE] graph - -------> nonSkippedChar
2021-11-19T10:23:54,986|[TRACE] script - #out(`L`) [token]
2021-11-19T10:23:54,986|[TRACE] graph - <------- nonSkippedChar
2021-11-19T10:23:54,986|[TRACE] graph - <----- statementPart
2021-11-19T10:23:54,987|[TRACE] graph - -----> statementPart
2021-11-19T10:23:54,987|[TRACE] graph - -------> nonSkippedSpace
2021-11-19T10:23:54,987|[TRACE] script - #out(` `) [token]
2021-11-19T10:23:54,987|[TRACE] graph - <------- nonSkippedSpace
2021-11-19T10:23:54,987|[TRACE] graph - <----- statementPart
2021-11-19T10:23:54,987|[TRACE] graph - -----> statementPart
2021-11-19T10:23:54,987|[TRACE] graph - -------> nonSkippedChar
2021-11-19T10:23:54,987|[TRACE] script - #out(`D`) [token]
2021-11-19T10:23:54,987|[TRACE] graph - <------- nonSkippedChar
2021-11-19T10:23:54,987|[TRACE] graph - <----- statementPart
2021-11-19T10:23:54,987|[TRACE] graph - -----> statementPart
2021-11-19T10:23:54,987|[TRACE] graph - -------> nonSkippedChar
2021-11-19T10:23:54,987|[TRACE] script - #out(`E`) [token]
2021-11-19T10:23:54,987|[TRACE] graph - <------- nonSkippedChar
2021-11-19T10:23:54,987|[TRACE] graph - <----- statementPart
2021-11-19T10:23:54,987|[TRACE] graph - -----> statementPart
2021-11-19T10:23:54,987|[TRACE] graph - -------> nonSkippedChar
2021-11-19T10:23:54,987|[TRACE] script - #out(`F`) [token]
2021-11-19T10:23:54,987|[TRACE] graph - <------- nonSkippedChar
2021-11-19T10:23:54,987|[TRACE] graph - <----- statementPart
2021-11-19T10:23:54,987|[TRACE] graph - -----> statementPart
2021-11-19T10:23:54,987|[TRACE] graph - -------> nonSkippedChar
2021-11-19T10:23:54,987|[TRACE] script - #out(`A`) [token]
2021-11-19T10:23:54,987|[TRACE] graph - <------- nonSkippedChar
2021-11-19T10:23:54,987|[TRACE] graph - <----- statementPart
2021-11-19T10:23:54,987|[TRACE] graph - -----> statementPart
2021-11-19T10:23:54,987|[TRACE] graph - -------> nonSkippedChar
2021-11-19T10:23:54,987|[TRACE] script - #out(`U`) [token]
2021-11-19T10:23:54,991|[TRACE] graph - <------- nonSkippedChar
2021-11-19T10:23:54,991|[TRACE] graph - <----- statementPart
2021-11-19T10:23:54,991|[TRACE] graph - -----> statementPart
2021-11-19T10:23:54,991|[TRACE] graph - -------> nonSkippedChar
2021-11-19T10:23:54,991|[TRACE] script - #out(`L`) [token]
2021-11-19T10:23:54,991|[TRACE] graph - <------- nonSkippedChar
2021-11-19T10:23:54,991|[TRACE] graph - <----- statementPart
2021-11-19T10:23:54,991|[TRACE] graph - -----> statementPart
2021-11-19T10:23:54,991|[TRACE] graph - -------> nonSkippedChar
2021-11-19T10:23:54,991|[TRACE] script - #out(`T`) [token]
2021-11-19T10:23:54,991|[TRACE] graph - <------- nonSkippedChar
2021-11-19T10:23:54,991|[TRACE] graph - <----- statementPart
2021-11-19T10:23:54,991|[TRACE] graph - -----> statementPart
2021-11-19T10:23:54,991|[TRACE] graph - -------> nonSkippedSpace
2021-11-19T10:23:54,991|[TRACE] script - #out(` `) [token]
2021-11-19T10:23:54,991|[TRACE] graph - <------- nonSkippedSpace
2021-11-19T10:23:54,991|[TRACE] graph - <----- statementPart
2021-11-19T10:23:54,991|[TRACE] graph - -----> statementPart
2021-11-19T10:23:54,991|[TRACE] graph - -------> nonSkippedChar
2021-11-19T10:23:54,991|[TRACE] script - #out(`(`) [token]
2021-11-19T10:23:54,991|[TRACE] graph - <------- nonSkippedChar
2021-11-19T10:23:54,991|[TRACE] graph - <----- statementPart
2021-11-19T10:23:54,991|[TRACE] graph - -----> statementPart
2021-11-19T10:23:54,991|[TRACE] graph - -------> nonSkippedChar
2021-11-19T10:23:54,991|[TRACE] script - #out(`u`) [token]
2021-11-19T10:23:54,991|[TRACE] graph - <------- nonSkippedChar
2021-11-19T10:23:54,991|[TRACE] graph - <----- statementPart
2021-11-19T10:23:54,991|[TRACE] graph - -----> statementPart
2021-11-19T10:23:54,991|[TRACE] graph - -------> nonSkippedChar
2021-11-19T10:23:54,991|[TRACE] script - #out(`n`) [token]
2021-11-19T10:23:54,991|[TRACE] graph - <------- nonSkippedChar
2021-11-19T10:23:54,991|[TRACE] graph - <----- statementPart
2021-11-19T10:23:54,991|[TRACE] graph - -----> statementPart
2021-11-19T10:23:54,991|[TRACE] graph - -------> nonSkippedChar
2021-11-19T10:23:54,991|[TRACE] script - #out(`i`) [token]
2021-11-19T10:23:54,991|[TRACE] graph - <------- nonSkippedChar
2021-11-19T10:23:54,991|[TRACE] graph - <----- statementPart
2021-11-19T10:23:54,991|[TRACE] graph - -----> statementPart
2021-11-19T10:23:54,991|[TRACE] graph - -------> nonSkippedChar
2021-11-19T10:23:54,991|[TRACE] script - #out(`x`) [token]
2021-11-19T10:23:54,991|[TRACE] graph - <------- nonSkippedChar
2021-11-19T10:23:54,991|[TRACE] graph - <----- statementPart
2021-11-19T10:23:54,991|[TRACE] graph - -----> statementPart
2021-11-19T10:23:54,991|[TRACE] graph - -------> nonSkippedChar
2021-11-19T10:23:54,991|[TRACE] script - #out(`_`) [token]
2021-11-19T10:23:54,991|[TRACE] graph - <------- nonSkippedChar
2021-11-19T10:23:54,991|[TRACE] graph - <----- statementPart
2021-11-19T10:23:54,991|[TRACE] graph - -----> statementPart
2021-11-19T10:23:54,991|[TRACE] graph - -------> nonSkippedChar
2021-11-19T10:23:54,991|[TRACE] script - #out(`t`) [token]
2021-11-19T10:23:54,991|[TRACE] graph - <------- nonSkippedChar
2021-11-19T10:23:54,991|[TRACE] graph - <----- statementPart
2021-11-19T10:23:54,991|[TRACE] graph - -----> statementPart
2021-11-19T10:23:54,991|[TRACE] graph - -------> nonSkippedChar
2021-11-19T10:23:54,991|[TRACE] script - #out(`i`) [token]
2021-11-19T10:23:54,991|[TRACE] graph - <------- nonSkippedChar
2021-11-19T10:23:54,991|[TRACE] graph - <----- statementPart
2021-11-19T10:23:54,991|[TRACE] graph - -----> statementPart
2021-11-19T10:23:54,991|[TRACE] graph - -------> nonSkippedChar
2021-11-19T10:23:54,991|[TRACE] script - #out(`m`) [token]
2021-11-19T10:23:54,991|[TRACE] graph - <------- nonSkippedChar
2021-11-19T10:23:54,991|[TRACE] graph - <----- statementPart
2021-11-19T10:23:54,991|[TRACE] graph - -----> statementPart
2021-11-19T10:23:54,991|[TRACE] graph - -------> nonSkippedChar
2021-11-19T10:23:54,991|[TRACE] script - #out(`e`) [token]
2021-11-19T10:23:54,991|[TRACE] graph - <------- nonSkippedChar
2021-11-19T10:23:54,991|[TRACE] graph - <----- statementPart
2021-11-19T10:23:54,991|[TRACE] graph - -----> statementPart
2021-11-19T10:23:54,991|[TRACE] graph - -------> nonSkippedChar
2021-11-19T10:23:54,991|[TRACE] script - #out(`s`) [token]
2021-11-19T10:23:54,991|[TRACE] graph - <------- nonSkippedChar
2021-11-19T10:23:54,991|[TRACE] graph - <----- statementPart
2021-11-19T10:23:54,991|[TRACE] graph - -----> statementPart
2021-11-19T10:23:54,991|[TRACE] graph - -------> nonSkippedChar
2021-11-19T10:23:54,991|[TRACE] script - #out(`t`) [token]
2021-11-19T10:23:54,991|[TRACE] graph - <------- nonSkippedChar
2021-11-19T10:23:54,991|[TRACE] graph - <----- statementPart
2021-11-19T10:23:54,991|[TRACE] graph - -----> statementPart
2021-11-19T10:23:54,991|[TRACE] graph - -------> nonSkippedChar
2021-11-19T10:23:54,991|[TRACE] script - #out(`a`) [token]
2021-11-19T10:23:54,991|[TRACE] graph - <------- nonSkippedChar
2021-11-19T10:23:54,991|[TRACE] graph - <----- statementPart
2021-11-19T10:23:54,991|[TRACE] graph - -----> statementPart
2021-11-19T10:23:54,991|[TRACE] graph - -------> nonSkippedChar
2021-11-19T10:23:54,991|[TRACE] script - #out(`m`) [token]
2021-11-19T10:23:54,991|[TRACE] graph - <------- nonSkippedChar
2021-11-19T10:23:54,991|[TRACE] graph - <----- statementPart
2021-11-19T10:23:54,991|[TRACE] graph - -----> statementPart
2021-11-19T10:23:54,991|[TRACE] graph - -------> nonSkippedChar
2021-11-19T10:23:54,991|[TRACE] script - #out(`p`) [token]
2021-11-19T10:23:54,991|[TRACE] graph - <------- nonSkippedChar
2021-11-19T10:23:54,991|[TRACE] graph - <----- statementPart
2021-11-19T10:23:54,991|[TRACE] graph - -----> statementPart
2021-11-19T10:23:54,991|[TRACE] graph - -------> nonSkippedChar
2021-11-19T10:23:54,991|[TRACE] script - #out(`(`) [token]
2021-11-19T10:23:54,991|[TRACE] graph - <------- nonSkippedChar
2021-11-19T10:23:54,991|[TRACE] graph - <----- statementPart
2021-11-19T10:23:54,991|[TRACE] graph - -----> statementPart
2021-11-19T10:23:54,991|[TRACE] graph - -------> nonSkippedChar
2021-11-19T10:23:54,991|[TRACE] script - #out(`n`) [token]
2021-11-19T10:23:54,991|[TRACE] graph - <------- nonSkippedChar
2021-11-19T10:23:54,991|[TRACE] graph - <----- statementPart
2021-11-19T10:23:54,991|[TRACE] graph - -----> statementPart
2021-11-19T10:23:54,991|[TRACE] graph - -------> nonSkippedChar
2021-11-19T10:23:54,991|[TRACE] script - #out(`o`) [token]
2021-11-19T10:23:54,991|[TRACE] graph - <------- nonSkippedChar
2021-11-19T10:23:54,991|[TRACE] graph - <----- statementPart
2021-11-19T10:23:54,991|[TRACE] graph - -----> statementPart
2021-11-19T10:23:54,991|[TRACE] graph - -------> nonSkippedChar
2021-11-19T10:23:55,065|[TRACE] script - #out(`w`) [token]
2021-11-19T10:23:55,066|[TRACE] graph - <------- nonSkippedChar
2021-11-19T10:23:55,066|[TRACE] graph - <----- statementPart
2021-11-19T10:23:55,066|[TRACE] graph - -----> statementPart
2021-11-19T10:23:55,066|[TRACE] graph - -------> nonSkippedChar
2021-11-19T10:23:55,066|[TRACE] script - #out(`(`) [token]
2021-11-19T10:23:55,066|[TRACE] graph - <------- nonSkippedChar
2021-11-19T10:23:55,066|[TRACE] graph - <----- statementPart
2021-11-19T10:23:55,066|[TRACE] graph - -----> statementPart
2021-11-19T10:23:55,066|[TRACE] graph - -------> nonSkippedChar
2021-11-19T10:23:55,066|[TRACE] script - #out(`)`) [token]
2021-11-19T10:23:55,066|[TRACE] graph - <------- nonSkippedChar
2021-11-19T10:23:55,066|[TRACE] graph - <----- statementPart
2021-11-19T10:23:55,066|[TRACE] graph - -----> statementPart
2021-11-19T10:23:55,066|[TRACE] graph - -------> nonSkippedChar
2021-11-19T10:23:55,066|[TRACE] script - #out(`)`) [token]
2021-11-19T10:23:55,066|[TRACE] graph - <------- nonSkippedChar
2021-11-19T10:23:55,066|[TRACE] graph - <----- statementPart
2021-11-19T10:23:55,066|[TRACE] graph - -----> statementPart
2021-11-19T10:23:55,066|[TRACE] graph - -------> nonSkippedSpace
2021-11-19T10:23:55,066|[TRACE] script - #out(` `) [token]
2021-11-19T10:23:55,066|[TRACE] graph - <------- nonSkippedSpace
2021-11-19T10:23:55,066|[TRACE] graph - <----- statementPart
2021-11-19T10:23:55,066|[TRACE] graph - -----> statementPart
2021-11-19T10:23:55,066|[TRACE] graph - -------> nonSkippedChar
2021-11-19T10:23:55,066|[TRACE] script - #out(`*`) [token]
2021-11-19T10:23:55,066|[TRACE] graph - <------- nonSkippedChar
2021-11-19T10:23:55,066|[TRACE] graph - <----- statementPart
2021-11-19T10:23:55,066|[TRACE] graph - -----> statementPart
2021-11-19T10:23:55,066|[TRACE] graph - -------> nonSkippedSpace
2021-11-19T10:23:55,066|[TRACE] script - #out(` `) [token]
2021-11-19T10:23:55,066|[TRACE] graph - <------- nonSkippedSpace
2021-11-19T10:23:55,066|[TRACE] graph - <----- statementPart
2021-11-19T10:23:55,066|[TRACE] graph - -----> statementPart
2021-11-19T10:23:55,066|[TRACE] graph - -------> nonSkippedChar
2021-11-19T10:23:55,066|[TRACE] script - #out(`1`) [token]
2021-11-19T10:23:55,066|[TRACE] graph - <------- nonSkippedChar
2021-11-19T10:23:55,066|[TRACE] graph - <----- statementPart
2021-11-19T10:23:55,066|[TRACE] graph - -----> statementPart
2021-11-19T10:23:55,066|[TRACE] graph - -------> nonSkippedChar
2021-11-19T10:23:55,066|[TRACE] script - #out(`0`) [token]
2021-11-19T10:23:55,066|[TRACE] graph - <------- nonSkippedChar
2021-11-19T10:23:55,066|[TRACE] graph - <----- statementPart
2021-11-19T10:23:55,066|[TRACE] graph - -----> statementPart
2021-11-19T10:23:55,066|[TRACE] graph - -------> nonSkippedChar
2021-11-19T10:23:55,066|[TRACE] script - #out(`0`) [token]
2021-11-19T10:23:55,066|[TRACE] graph - <------- nonSkippedChar
2021-11-19T10:23:55,066|[TRACE] graph - <----- statementPart
2021-11-19T10:23:55,066|[TRACE] graph - -----> statementPart
2021-11-19T10:23:55,066|[TRACE] graph - -------> nonSkippedChar
2021-11-19T10:23:55,066|[TRACE] script - #out(`0`) [token]
2021-11-19T10:23:55,066|[TRACE] graph - <------- nonSkippedChar
2021-11-19T10:23:55,066|[TRACE] graph - <----- statementPart
2021-11-19T10:23:55,066|[TRACE] graph - -----> statementPart
2021-11-19T10:23:55,066|[TRACE] graph - -------> nonSkippedChar
2021-11-19T10:23:55,066|[TRACE] script - #out(`)`) [token]
2021-11-19T10:23:55,066|[TRACE] graph - <------- nonSkippedChar
2021-11-19T10:23:55,066|[TRACE] graph - <----- statementPart
2021-11-19T10:23:55,066|[TRACE] graph - -----> statementPart
2021-11-19T10:23:55,066|[TRACE] graph - -------> nonSkippedChar
2021-11-19T10:23:55,066|[TRACE] script - #out(`,`) [token]
2021-11-19T10:23:55,066|[TRACE] graph - <------- nonSkippedChar
2021-11-19T10:23:55,066|[TRACE] graph - <----- statementPart
2021-11-19T10:23:55,066|[TRACE] graph - -----> afterStatementPartNewline
2021-11-19T10:23:55,066|[TRACE] script - #out(` `) [text]
2021-11-19T10:23:55,066|[TRACE] graph - <----- afterStatementPartNewline
2021-11-19T10:23:55,066|[TRACE] graph - -----> statementPart
2021-11-19T10:23:55,066|[TRACE] graph - -------> nonSkippedSpace
2021-11-19T10:23:55,066|[TRACE] script - #out(` `) [token]
2021-11-19T10:23:55,066|[TRACE] graph - <------- nonSkippedSpace
2021-11-19T10:23:55,066|[TRACE] graph - <----- statementPart
2021-11-19T10:23:55,066|[TRACE] graph - -----> statementPart
2021-11-19T10:23:55,066|[TRACE] graph - -------> nonSkippedSpace
2021-11-19T10:23:55,066|[TRACE] script - #out(` `) [token]
2021-11-19T10:23:55,066|[TRACE] graph - <------- nonSkippedSpace
2021-11-19T10:23:55,066|[TRACE] graph - <----- statementPart
2021-11-19T10:23:55,066|[TRACE] graph - -----> statementPart
2021-11-19T10:23:55,066|[TRACE] graph - -------> quotedString
2021-11-19T10:23:55,066|[TRACE] script - #out(``version``) [token]
2021-11-19T10:23:55,066|[TRACE] graph - <------- quotedString
2021-11-19T10:23:55,066|[TRACE] graph - <----- statementPart
2021-11-19T10:23:55,066|[TRACE] graph - -----> statementPart
2021-11-19T10:23:55,066|[TRACE] graph - -------> nonSkippedSpace
2021-11-19T10:23:55,066|[TRACE] script - #out(` `) [token]
2021-11-19T10:23:55,066|[TRACE] graph - <------- nonSkippedSpace
2021-11-19T10:23:55,066|[TRACE] graph - <----- statementPart
2021-11-19T10:23:55,066|[TRACE] graph - -----> statementPart
2021-11-19T10:23:55,066|[TRACE] graph - -------> nonSkippedChar
2021-11-19T10:23:55,066|[TRACE] script - #out(`I`) [token]
2021-11-19T10:23:55,066|[TRACE] graph - <------- nonSkippedChar
2021-11-19T10:23:55,066|[TRACE] graph - <----- statementPart
2021-11-19T10:23:55,066|[TRACE] graph - -----> statementPart
2021-11-19T10:23:55,066|[TRACE] graph - -------> nonSkippedChar
2021-11-19T10:23:55,066|[TRACE] script - #out(`N`) [token]
2021-11-19T10:23:55,066|[TRACE] graph - <------- nonSkippedChar
2021-11-19T10:23:55,066|[TRACE] graph - <----- statementPart
2021-11-19T10:23:55,066|[TRACE] graph - -----> statementPart
2021-11-19T10:23:55,066|[TRACE] graph - -------> nonSkippedChar
2021-11-19T10:23:55,066|[TRACE] script - #out(`T`) [token]
2021-11-19T10:23:55,066|[TRACE] graph - <------- nonSkippedChar
2021-11-19T10:23:55,066|[TRACE] graph - <----- statementPart
2021-11-19T10:23:55,066|[TRACE] graph - -----> statementPart
2021-11-19T10:23:55,066|[TRACE] graph - -------> nonSkippedSpace
2021-11-19T10:23:55,066|[TRACE] script - #out(` `) [token]
2021-11-19T10:23:55,066|[TRACE] graph - <------- nonSkippedSpace
2021-11-19T10:23:55,066|[TRACE] graph - <----- statementPart
2021-11-19T10:23:55,066|[TRACE] graph - -----> statementPart
2021-11-19T10:23:55,066|[TRACE] graph - -------> nonSkippedChar
2021-11-19T10:23:55,066|[TRACE] script - #out(`N`) [token]
2021-11-19T10:23:55,066|[TRACE] graph - <------- nonSkippedChar
2021-11-19T10:23:55,066|[TRACE] graph - <----- statementPart
2021-11-19T10:23:55,066|[TRACE] graph - -----> statementPart
2021-11-19T10:23:55,066|[TRACE] graph - -------> nonSkippedChar
2021-11-19T10:23:55,066|[TRACE] script - #out(`O`) [token]
2021-11-19T10:23:55,066|[TRACE] graph - <------- nonSkippedChar
2021-11-19T10:23:55,066|[TRACE] graph - <----- statementPart
2021-11-19T10:23:55,066|[TRACE] graph - -----> statementPart
2021-11-19T10:23:55,066|[TRACE] graph - -------> nonSkippedChar
2021-11-19T10:23:55,066|[TRACE] script - #out(`T`) [token]
2021-11-19T10:23:55,066|[TRACE] graph - <------- nonSkippedChar
2021-11-19T10:23:55,066|[TRACE] graph - <----- statementPart
2021-11-19T10:23:55,066|[TRACE] graph - -----> statementPart
2021-11-19T10:23:55,066|[TRACE] graph - -------> nonSkippedSpace
2021-11-19T10:23:55,066|[TRACE] script - #out(` `) [token]
2021-11-19T10:23:55,066|[TRACE] graph - <------- nonSkippedSpace
2021-11-19T10:23:55,066|[TRACE] graph - <----- statementPart
2021-11-19T10:23:55,066|[TRACE] graph - -----> statementPart
2021-11-19T10:23:55,066|[TRACE] graph - -------> nonSkippedChar
2021-11-19T10:23:55,066|[TRACE] script - #out(`N`) [token]
2021-11-19T10:23:55,066|[TRACE] graph - <------- nonSkippedChar
2021-11-19T10:23:55,066|[TRACE] graph - <----- statementPart
2021-11-19T10:23:55,066|[TRACE] graph - -----> statementPart
2021-11-19T10:23:55,066|[TRACE] graph - -------> nonSkippedChar
2021-11-19T10:23:55,066|[TRACE] script - #out(`U`) [token]
2021-11-19T10:23:55,066|[TRACE] graph - <------- nonSkippedChar
2021-11-19T10:23:55,066|[TRACE] graph - <----- statementPart
2021-11-19T10:23:55,066|[TRACE] graph - -----> statementPart
2021-11-19T10:23:55,066|[TRACE] graph - -------> nonSkippedChar
2021-11-19T10:23:55,066|[TRACE] script - #out(`L`) [token]
2021-11-19T10:23:55,066|[TRACE] graph - <------- nonSkippedChar
2021-11-19T10:23:55,066|[TRACE] graph - <----- statementPart
2021-11-19T10:23:55,066|[TRACE] graph - -----> statementPart
2021-11-19T10:23:55,066|[TRACE] graph - -------> nonSkippedChar
2021-11-19T10:23:55,066|[TRACE] script - #out(`L`) [token]
2021-11-19T10:23:55,066|[TRACE] graph - <------- nonSkippedChar
2021-11-19T10:23:55,066|[TRACE] graph - <----- statementPart
2021-11-19T10:23:55,066|[TRACE] graph - -----> statementPart
2021-11-19T10:23:55,066|[TRACE] graph - -------> nonSkippedSpace
2021-11-19T10:23:55,066|[TRACE] script - #out(` `) [token]
2021-11-19T10:23:55,066|[TRACE] graph - <------- nonSkippedSpace
2021-11-19T10:23:55,066|[TRACE] graph - <----- statementPart
2021-11-19T10:23:55,066|[TRACE] graph - -----> statementPart
2021-11-19T10:23:55,066|[TRACE] graph - -------> nonSkippedChar
2021-11-19T10:23:55,066|[TRACE] script - #out(`D`) [token]
2021-11-19T10:23:55,066|[TRACE] graph - <------- nonSkippedChar
2021-11-19T10:23:55,066|[TRACE] graph - <----- statementPart
2021-11-19T10:23:55,066|[TRACE] graph - -----> statementPart
2021-11-19T10:23:55,066|[TRACE] graph - -------> nonSkippedChar
2021-11-19T10:23:55,066|[TRACE] script - #out(`E`) [token]
2021-11-19T10:23:55,066|[TRACE] graph - <------- nonSkippedChar
2021-11-19T10:23:55,066|[TRACE] graph - <----- statementPart
2021-11-19T10:23:55,066|[TRACE] graph - -----> statementPart
2021-11-19T10:23:55,066|[TRACE] graph - -------> nonSkippedChar
2021-11-19T10:23:55,066|[TRACE] script - #out(`F`) [token]
2021-11-19T10:23:55,066|[TRACE] graph - <------- nonSkippedChar
2021-11-19T10:23:55,066|[TRACE] graph - <----- statementPart
2021-11-19T10:23:55,066|[TRACE] graph - -----> statementPart
2021-11-19T10:23:55,066|[TRACE] graph - -------> nonSkippedChar
2021-11-19T10:23:55,066|[TRACE] script - #out(`A`) [token]
2021-11-19T10:23:55,066|[TRACE] graph - <------- nonSkippedChar
2021-11-19T10:23:55,066|[TRACE] graph - <----- statementPart
2021-11-19T10:23:55,066|[TRACE] graph - -----> statementPart
2021-11-19T10:23:55,066|[TRACE] graph - -------> nonSkippedChar
2021-11-19T10:23:55,066|[TRACE] script - #out(`U`) [token]
2021-11-19T10:23:55,066|[TRACE] graph - <------- nonSkippedChar
2021-11-19T10:23:55,066|[TRACE] graph - <----- statementPart
2021-11-19T10:23:55,066|[TRACE] graph - -----> statementPart
2021-11-19T10:23:55,066|[TRACE] graph - -------> nonSkippedChar
2021-11-19T10:23:55,066|[TRACE] script - #out(`L`) [token]
2021-11-19T10:23:55,066|[TRACE] graph - <------- nonSkippedChar
2021-11-19T10:23:55,066|[TRACE] graph - <----- statementPart
2021-11-19T10:23:55,066|[TRACE] graph - -----> statementPart
2021-11-19T10:23:55,066|[TRACE] graph - -------> nonSkippedChar
2021-11-19T10:23:55,066|[TRACE] script - #out(`T`) [token]
2021-11-19T10:23:55,066|[TRACE] graph - <------- nonSkippedChar
2021-11-19T10:23:55,066|[TRACE] graph - <----- statementPart
2021-11-19T10:23:55,066|[TRACE] graph - -----> statementPart
2021-11-19T10:23:55,066|[TRACE] graph - -------> nonSkippedSpace
2021-11-19T10:23:55,066|[TRACE] script - #out(` `) [token]
2021-11-19T10:23:55,066|[TRACE] graph - <------- nonSkippedSpace
2021-11-19T10:23:55,066|[TRACE] graph - <----- statementPart
2021-11-19T10:23:55,066|[TRACE] graph - -----> statementPart
2021-11-19T10:23:55,066|[TRACE] graph - -------> nonSkippedChar
2021-11-19T10:23:55,066|[TRACE] script - #out(`1`) [token]
2021-11-19T10:23:55,066|[TRACE] graph - <------- nonSkippedChar
2021-11-19T10:23:55,066|[TRACE] graph - <----- statementPart
2021-11-19T10:23:55,066|[TRACE] graph - -----> statementPart
2021-11-19T10:23:55,066|[TRACE] graph - -------> nonSkippedChar
2021-11-19T10:23:55,066|[TRACE] script - #out(`,`) [token]
2021-11-19T10:23:55,066|[TRACE] graph - <------- nonSkippedChar
2021-11-19T10:23:55,066|[TRACE] graph - <----- statementPart
2021-11-19T10:23:55,066|[TRACE] graph - -----> afterStatementPartNewline
2021-11-19T10:23:55,066|[TRACE] script - #out(` `) [text]
2021-11-19T10:23:55,066|[TRACE] graph - <----- afterStatementPartNewline
2021-11-19T10:23:55,066|[TRACE] graph - -----> statementPart
2021-11-19T10:23:55,066|[TRACE] graph - -------> nonSkippedSpace
2021-11-19T10:23:55,066|[TRACE] script - #out(` `) [token]
2021-11-19T10:23:55,066|[TRACE] graph - <------- nonSkippedSpace
2021-11-19T10:23:55,066|[TRACE] graph - <----- statementPart
2021-11-19T10:23:55,066|[TRACE] graph - -----> statementPart
2021-11-19T10:23:55,066|[TRACE] graph - -------> nonSkippedSpace
2021-11-19T10:23:55,066|[TRACE] script - #out(` `) [token]
2021-11-19T10:23:55,066|[TRACE] graph - <------- nonSkippedSpace
2021-11-19T10:23:55,066|[TRACE] graph - <----- statementPart
2021-11-19T10:23:55,066|[TRACE] graph - -----> statementPart
2021-11-19T10:23:55,066|[TRACE] graph - -------> nonSkippedChar
2021-11-19T10:23:55,066|[TRACE] script - #out(`P`) [token]
2021-11-19T10:23:55,066|[TRACE] graph - <------- nonSkippedChar
2021-11-19T10:23:55,067|[TRACE] graph - <----- statementPart
2021-11-19T10:23:55,067|[TRACE] graph - -----> statementPart
2021-11-19T10:23:55,067|[TRACE] graph - -------> nonSkippedChar
2021-11-19T10:23:55,067|[TRACE] script - #out(`R`) [token]
2021-11-19T10:23:55,067|[TRACE] graph - <------- nonSkippedChar
2021-11-19T10:23:55,067|[TRACE] graph - <----- statementPart
2021-11-19T10:23:55,067|[TRACE] graph - -----> statementPart
2021-11-19T10:23:55,067|[TRACE] graph - -------> nonSkippedChar
2021-11-19T10:23:55,067|[TRACE] script - #out(`I`) [token]
2021-11-19T10:23:55,067|[TRACE] graph - <------- nonSkippedChar
2021-11-19T10:23:55,067|[TRACE] graph - <----- statementPart
2021-11-19T10:23:55,067|[TRACE] graph - -----> statementPart
2021-11-19T10:23:55,067|[TRACE] graph - -------> nonSkippedChar
2021-11-19T10:23:55,067|[TRACE] script - #out(`M`) [token]
2021-11-19T10:23:55,067|[TRACE] graph - <------- nonSkippedChar
2021-11-19T10:23:55,067|[TRACE] graph - <----- statementPart
2021-11-19T10:23:55,067|[TRACE] graph - -----> statementPart
2021-11-19T10:23:55,067|[TRACE] graph - -------> nonSkippedChar
2021-11-19T10:23:55,067|[TRACE] script - #out(`A`) [token]
2021-11-19T10:23:55,067|[TRACE] graph - <------- nonSkippedChar
2021-11-19T10:23:55,067|[TRACE] graph - <----- statementPart
2021-11-19T10:23:55,067|[TRACE] graph - -----> statementPart
2021-11-19T10:23:55,067|[TRACE] graph - -------> nonSkippedChar
2021-11-19T10:23:55,067|[TRACE] script - #out(`R`) [token]
2021-11-19T10:23:55,067|[TRACE] graph - <------- nonSkippedChar
2021-11-19T10:23:55,067|[TRACE] graph - <----- statementPart
2021-11-19T10:23:55,067|[TRACE] graph - -----> statementPart
2021-11-19T10:23:55,067|[TRACE] graph - -------> nonSkippedChar
2021-11-19T10:23:55,067|[TRACE] script - #out(`Y`) [token]
2021-11-19T10:23:55,067|[TRACE] graph - <------- nonSkippedChar
2021-11-19T10:23:55,067|[TRACE] graph - <----- statementPart
2021-11-19T10:23:55,067|[TRACE] graph - -----> statementPart
2021-11-19T10:23:55,067|[TRACE] graph - -------> nonSkippedSpace
2021-11-19T10:23:55,067|[TRACE] script - #out(` `) [token]
2021-11-19T10:23:55,067|[TRACE] graph - <------- nonSkippedSpace
2021-11-19T10:23:55,067|[TRACE] graph - <----- statementPart
2021-11-19T10:23:55,067|[TRACE] graph - -----> statementPart
2021-11-19T10:23:55,067|[TRACE] graph - -------> nonSkippedChar
2021-11-19T10:23:55,067|[TRACE] script - #out(`K`) [token]
2021-11-19T10:23:55,067|[TRACE] graph - <------- nonSkippedChar
2021-11-19T10:23:55,067|[TRACE] graph - <----- statementPart
2021-11-19T10:23:55,067|[TRACE] graph - -----> statementPart
2021-11-19T10:23:55,067|[TRACE] graph - -------> nonSkippedChar
2021-11-19T10:23:55,067|[TRACE] script - #out(`E`) [token]
2021-11-19T10:23:55,067|[TRACE] graph - <------- nonSkippedChar
2021-11-19T10:23:55,067|[TRACE] graph - <----- statementPart
2021-11-19T10:23:55,067|[TRACE] graph - -----> statementPart
2021-11-19T10:23:55,067|[TRACE] graph - -------> nonSkippedChar
2021-11-19T10:23:55,067|[TRACE] script - #out(`Y`) [token]
2021-11-19T10:23:55,067|[TRACE] graph - <------- nonSkippedChar
2021-11-19T10:23:55,067|[TRACE] graph - <----- statementPart
2021-11-19T10:23:55,067|[TRACE] graph - -----> statementPart
2021-11-19T10:23:55,067|[TRACE] graph - -------> nonSkippedSpace
2021-11-19T10:23:55,067|[TRACE] script - #out(` `) [token]
2021-11-19T10:23:55,067|[TRACE] graph - <------- nonSkippedSpace
2021-11-19T10:23:55,067|[TRACE] graph - <----- statementPart
2021-11-19T10:23:55,067|[TRACE] graph - -----> statementPart
2021-11-19T10:23:55,067|[TRACE] graph - -------> nonSkippedChar
2021-11-19T10:23:55,067|[TRACE] script - #out(`(`) [token]
2021-11-19T10:23:55,067|[TRACE] graph - <------- nonSkippedChar
2021-11-19T10:23:55,067|[TRACE] graph - <----- statementPart
2021-11-19T10:23:55,067|[TRACE] graph - -----> statementPart
2021-11-19T10:23:55,067|[TRACE] graph - -------> quotedString
2021-11-19T10:23:55,067|[TRACE] script - #out(``address_id``) [token]
2021-11-19T10:23:55,067|[TRACE] graph - <------- quotedString
2021-11-19T10:23:55,067|[TRACE] graph - <----- statementPart
2021-11-19T10:23:55,067|[TRACE] graph - -----> statementPart
2021-11-19T10:23:55,067|[TRACE] graph - -------> nonSkippedChar
2021-11-19T10:23:55,067|[TRACE] script - #out(`)`) [token]
2021-11-19T10:23:55,067|[TRACE] graph - <------- nonSkippedChar
2021-11-19T10:23:55,067|[TRACE] graph - <----- statementPart
2021-11-19T10:23:55,067|[TRACE] graph - -----> statementPart
2021-11-19T10:23:55,067|[TRACE] graph - -------> nonSkippedChar
2021-11-19T10:23:55,067|[TRACE] script - #out(`)`) [token]
2021-11-19T10:23:55,067|[TRACE] graph - <------- nonSkippedChar
2021-11-19T10:23:55,067|[TRACE] graph - <----- statementPart
2021-11-19T10:23:55,067|[TRACE] graph - -----> afterStatementPartNewline
2021-11-19T10:23:55,067|[TRACE] script - #out(` `) [text]
2021-11-19T10:23:55,067|[TRACE] graph - <----- afterStatementPartNewline
2021-11-19T10:23:55,067|[TRACE] graph - -----> statementPart
2021-11-19T10:23:55,067|[TRACE] graph - -------> nonSkippedChar
2021-11-19T10:23:55,067|[TRACE] script - #out(`E`) [token]
2021-11-19T10:23:55,067|[TRACE] graph - <------- nonSkippedChar
2021-11-19T10:23:55,067|[TRACE] graph - <----- statementPart
2021-11-19T10:23:55,067|[TRACE] graph - -----> statementPart
2021-11-19T10:23:55,067|[TRACE] graph - -------> nonSkippedChar
2021-11-19T10:23:55,067|[TRACE] script - #out(`N`) [token]
2021-11-19T10:23:55,067|[TRACE] graph - <------- nonSkippedChar
2021-11-19T10:23:55,067|[TRACE] graph - <----- statementPart
2021-11-19T10:23:55,067|[TRACE] graph - -----> statementPart
2021-11-19T10:23:55,067|[TRACE] graph - -------> nonSkippedChar
2021-11-19T10:23:55,067|[TRACE] script - #out(`G`) [token]
2021-11-19T10:23:55,067|[TRACE] graph - <------- nonSkippedChar
2021-11-19T10:23:55,067|[TRACE] graph - <----- statementPart
2021-11-19T10:23:55,067|[TRACE] graph - -----> statementPart
2021-11-19T10:23:55,067|[TRACE] graph - -------> nonSkippedChar
2021-11-19T10:23:55,067|[TRACE] script - #out(`I`) [token]
2021-11-19T10:23:55,067|[TRACE] graph - <------- nonSkippedChar
2021-11-19T10:23:55,067|[TRACE] graph - <----- statementPart
2021-11-19T10:23:55,067|[TRACE] graph - -----> statementPart
2021-11-19T10:23:55,067|[TRACE] graph - -------> nonSkippedChar
2021-11-19T10:23:55,067|[TRACE] script - #out(`N`) [token]
2021-11-19T10:23:55,067|[TRACE] graph - <------- nonSkippedChar
2021-11-19T10:23:55,067|[TRACE] graph - <----- statementPart
2021-11-19T10:23:55,067|[TRACE] graph - -----> statementPart
2021-11-19T10:23:55,067|[TRACE] graph - -------> nonSkippedChar
2021-11-19T10:23:55,067|[TRACE] script - #out(`E`) [token]
2021-11-19T10:23:55,067|[TRACE] graph - <------- nonSkippedChar
2021-11-19T10:23:55,067|[TRACE] graph - <----- statementPart
2021-11-19T10:23:55,067|[TRACE] graph - -----> statementPart
2021-11-19T10:23:55,067|[TRACE] graph - -------> nonSkippedSpace
2021-11-19T10:23:55,067|[TRACE] script - #out(` `) [token]
2021-11-19T10:23:55,067|[TRACE] graph - <------- nonSkippedSpace
2021-11-19T10:23:55,067|[TRACE] graph - <----- statementPart
2021-11-19T10:23:55,067|[TRACE] graph - -----> statementPart
2021-11-19T10:23:55,067|[TRACE] graph - -------> nonSkippedChar
2021-11-19T10:23:55,067|[TRACE] script - #out(`=`) [token]
2021-11-19T10:23:55,067|[TRACE] graph - <------- nonSkippedChar
2021-11-19T10:23:55,067|[TRACE] graph - <----- statementPart
2021-11-19T10:23:55,067|[TRACE] graph - -----> statementPart
2021-11-19T10:23:55,067|[TRACE] graph - -------> nonSkippedSpace
2021-11-19T10:23:55,067|[TRACE] script - #out(` `) [token]
2021-11-19T10:23:55,067|[TRACE] graph - <------- nonSkippedSpace
2021-11-19T10:23:55,067|[TRACE] graph - <----- statementPart
2021-11-19T10:23:55,067|[TRACE] graph - -----> statementPart
2021-11-19T10:23:55,067|[TRACE] graph - -------> nonSkippedChar
2021-11-19T10:23:55,067|[TRACE] script - #out(`I`) [token]
2021-11-19T10:23:55,067|[TRACE] graph - <------- nonSkippedChar
2021-11-19T10:23:55,067|[TRACE] graph - <----- statementPart
2021-11-19T10:23:55,067|[TRACE] graph - -----> statementPart
2021-11-19T10:23:55,067|[TRACE] graph - -------> nonSkippedChar
2021-11-19T10:23:55,067|[TRACE] script - #out(`n`) [token]
2021-11-19T10:23:55,067|[TRACE] graph - <------- nonSkippedChar
2021-11-19T10:23:55,067|[TRACE] graph - <----- statementPart
2021-11-19T10:23:55,067|[TRACE] graph - -----> statementPart
2021-11-19T10:23:55,067|[TRACE] graph - -------> nonSkippedChar
2021-11-19T10:23:55,067|[TRACE] script - #out(`n`) [token]
2021-11-19T10:23:55,067|[TRACE] graph - <------- nonSkippedChar
2021-11-19T10:23:55,067|[TRACE] graph - <----- statementPart
2021-11-19T10:23:55,067|[TRACE] graph - -----> statementPart
2021-11-19T10:23:55,067|[TRACE] graph - -------> nonSkippedChar
2021-11-19T10:23:55,067|[TRACE] script - #out(`o`) [token]
2021-11-19T10:23:55,067|[TRACE] graph - <------- nonSkippedChar
2021-11-19T10:23:55,067|[TRACE] graph - <----- statementPart
2021-11-19T10:23:55,067|[TRACE] graph - -----> statementPart
2021-11-19T10:23:55,067|[TRACE] graph - -------> nonSkippedChar
2021-11-19T10:23:55,067|[TRACE] script - #out(`D`) [token]
2021-11-19T10:23:55,067|[TRACE] graph - <------- nonSkippedChar
2021-11-19T10:23:55,067|[TRACE] graph - <----- statementPart
2021-11-19T10:23:55,067|[TRACE] graph - -----> statementPart
2021-11-19T10:23:55,067|[TRACE] graph - -------> nonSkippedChar
2021-11-19T10:23:55,067|[TRACE] script - #out(`B`) [token]
2021-11-19T10:23:55,067|[TRACE] graph - <------- nonSkippedChar
2021-11-19T10:23:55,067|[TRACE] graph - <----- statementPart
2021-11-19T10:23:55,067|[DEBUG] graph - Import statement : CREATE TABLE IF NOT EXISTS `bloodbank`.`address` (   `address_id` INT NOT NULL AUTO_INCREMENT,   `street_number` VARCHAR(10) NOT NULL,   `street` VARCHAR(100) NOT NULL,   `city` VARCHAR(100) NOT NULL,   `province` VARCHAR(100) NOT NULL,   `country` VARCHAR(100) NOT NULL,   `zipcode` VARCHAR(100) NOT NULL,   `created` BIGINT NOT NULL DEFAULT (unix_timestamp(now()) * 1000),   `updated` BIGINT NOT NULL DEFAULT (unix_timestamp(now()) * 1000),   `version` INT NOT NULL DEFAULT 1,   PRIMARY KEY (`address_id`)) ENGINE = InnoDB
2021-11-19T10:23:55,067|[TRACE] graph - <--- statement
2021-11-19T10:23:55,067|[TRACE] graph - ---> blankSpacesToSkip
2021-11-19T10:23:55,067|[TRACE] graph - -----> newLineToSkip
2021-11-19T10:23:55,067|[TRACE] graph - <----- newLineToSkip
2021-11-19T10:23:55,067|[TRACE] graph - -----> newLineToSkip
2021-11-19T10:23:55,067|[TRACE] graph - <----- newLineToSkip
2021-11-19T10:23:55,067|[TRACE] graph - -----> newLineToSkip
2021-11-19T10:23:55,067|[TRACE] graph - <----- newLineToSkip
2021-11-19T10:23:55,067|[TRACE] graph - -----> newLineToSkip
2021-11-19T10:23:55,067|[TRACE] graph - <----- newLineToSkip
2021-11-19T10:23:55,067|[TRACE] graph - -----> newLineToSkip
2021-11-19T10:23:55,067|[TRACE] graph - <----- newLineToSkip
2021-11-19T10:23:55,067|[TRACE] graph - -----> newLineToSkip
2021-11-19T10:23:55,067|[TRACE] graph - <----- newLineToSkip
2021-11-19T10:23:55,067|[TRACE] graph - <--- blankSpacesToSkip
2021-11-19T10:23:55,067|[TRACE] graph - ---> statement
2021-11-19T10:23:55,067|[TRACE] graph - -----> statementFirstPart
2021-11-19T10:23:55,067|[TRACE] graph - -------> nonSkippedChar
2021-11-19T10:23:55,067|[TRACE] script - #out(`C`) [token]
2021-11-19T10:23:55,067|[TRACE] graph - <------- nonSkippedChar
2021-11-19T10:23:55,067|[TRACE] graph - <----- statementFirstPart
2021-11-19T10:23:55,067|[TRACE] graph - -----> statementPart
2021-11-19T10:23:55,067|[TRACE] graph - -------> nonSkippedChar
2021-11-19T10:23:55,067|[TRACE] script - #out(`R`) [token]
2021-11-19T10:23:55,067|[TRACE] graph - <------- nonSkippedChar
2021-11-19T10:23:55,067|[TRACE] graph - <----- statementPart
2021-11-19T10:23:55,067|[TRACE] graph - -----> statementPart
2021-11-19T10:23:55,067|[TRACE] graph - -------> nonSkippedChar
2021-11-19T10:23:55,067|[TRACE] script - #out(`E`) [token]
2021-11-19T10:23:55,067|[TRACE] graph - <------- nonSkippedChar
2021-11-19T10:23:55,067|[TRACE] graph - <----- statementPart
2021-11-19T10:23:55,067|[TRACE] graph - -----> statementPart
2021-11-19T10:23:55,067|[TRACE] graph - -------> nonSkippedChar
2021-11-19T10:23:55,067|[TRACE] script - #out(`A`) [token]
2021-11-19T10:23:55,067|[TRACE] graph - <------- nonSkippedChar
2021-11-19T10:23:55,067|[TRACE] graph - <----- statementPart
2021-11-19T10:23:55,067|[TRACE] graph - -----> statementPart
2021-11-19T10:23:55,067|[TRACE] graph - -------> nonSkippedChar
2021-11-19T10:23:55,067|[TRACE] script - #out(`T`) [token]
2021-11-19T10:23:55,067|[TRACE] graph - <------- nonSkippedChar
2021-11-19T10:23:55,067|[TRACE] graph - <----- statementPart
2021-11-19T10:23:55,067|[TRACE] graph - -----> statementPart
2021-11-19T10:23:55,067|[TRACE] graph - -------> nonSkippedChar
2021-11-19T10:23:55,067|[TRACE] script - #out(`E`) [token]
2021-11-19T10:23:55,067|[TRACE] graph - <------- nonSkippedChar
2021-11-19T10:23:55,067|[TRACE] graph - <----- statementPart
2021-11-19T10:23:55,067|[TRACE] graph - -----> statementPart
2021-11-19T10:23:55,067|[TRACE] graph - -------> nonSkippedSpace
2021-11-19T10:23:55,067|[TRACE] script - #out(` `) [token]
2021-11-19T10:23:55,067|[TRACE] graph - <------- nonSkippedSpace
2021-11-19T10:23:55,067|[TRACE] graph - <----- statementPart
2021-11-19T10:23:55,067|[TRACE] graph - -----> statementPart
2021-11-19T10:23:55,067|[TRACE] graph - -------> nonSkippedChar
2021-11-19T10:23:55,067|[TRACE] script - #out(`T`) [token]
2021-11-19T10:23:55,067|[TRACE] graph - <------- nonSkippedChar
2021-11-19T10:23:55,067|[TRACE] graph - <----- statementPart
2021-11-19T10:23:55,067|[TRACE] graph - -----> statementPart
2021-11-19T10:23:55,067|[TRACE] graph - -------> nonSkippedChar
2021-11-19T10:23:55,067|[TRACE] script - #out(`A`) [token]
2021-11-19T10:23:55,067|[TRACE] graph - <------- nonSkippedChar
2021-11-19T10:23:55,067|[TRACE] graph - <----- statementPart
2021-11-19T10:23:55,067|[TRACE] graph - -----> statementPart
2021-11-19T10:23:55,067|[TRACE] graph - -------> nonSkippedChar
2021-11-19T10:23:55,067|[TRACE] script - #out(`B`) [token]
2021-11-19T10:23:55,067|[TRACE] graph - <------- nonSkippedChar
2021-11-19T10:23:55,067|[TRACE] graph - <----- statementPart
2021-11-19T10:23:55,067|[TRACE] graph - -----> statementPart
2021-11-19T10:23:55,067|[TRACE] graph - -------> nonSkippedChar
2021-11-19T10:23:55,067|[TRACE] script - #out(`L`) [token]
2021-11-19T10:23:55,067|[TRACE] graph - <------- nonSkippedChar
2021-11-19T10:23:55,067|[TRACE] graph - <----- statementPart
2021-11-19T10:23:55,067|[TRACE] graph - -----> statementPart
2021-11-19T10:23:55,067|[TRACE] graph - -------> nonSkippedChar
2021-11-19T10:23:55,067|[TRACE] script - #out(`E`) [token]
2021-11-19T10:23:55,067|[TRACE] graph - <------- nonSkippedChar
2021-11-19T10:23:55,067|[TRACE] graph - <----- statementPart
2021-11-19T10:23:55,067|[TRACE] graph - -----> statementPart
2021-11-19T10:23:55,067|[TRACE] graph - -------> nonSkippedSpace
2021-11-19T10:23:55,067|[TRACE] script - #out(` `) [token]
2021-11-19T10:23:55,067|[TRACE] graph - <------- nonSkippedSpace
2021-11-19T10:23:55,067|[TRACE] graph - <----- statementPart
2021-11-19T10:23:55,067|[TRACE] graph - -----> statementPart
2021-11-19T10:23:55,067|[TRACE] graph - -------> nonSkippedChar
2021-11-19T10:23:55,067|[TRACE] script - #out(`I`) [token]
2021-11-19T10:23:55,067|[TRACE] graph - <------- nonSkippedChar
2021-11-19T10:23:55,067|[TRACE] graph - <----- statementPart
2021-11-19T10:23:55,132|[TRACE] graph - -----> statementPart
2021-11-19T10:23:55,132|[TRACE] graph - -------> nonSkippedChar
2021-11-19T10:23:55,132|[TRACE] script - #out(`F`) [token]
2021-11-19T10:23:55,132|[TRACE] graph - <------- nonSkippedChar
2021-11-19T10:23:55,132|[TRACE] graph - <----- statementPart
2021-11-19T10:23:55,132|[TRACE] graph - -----> statementPart
2021-11-19T10:23:55,132|[TRACE] graph - -------> nonSkippedSpace
2021-11-19T10:23:55,132|[TRACE] script - #out(` `) [token]
2021-11-19T10:23:55,132|[TRACE] graph - <------- nonSkippedSpace
2021-11-19T10:23:55,132|[TRACE] graph - <----- statementPart
2021-11-19T10:23:55,132|[TRACE] graph - -----> statementPart
2021-11-19T10:23:55,132|[TRACE] graph - -------> nonSkippedChar
2021-11-19T10:23:55,132|[TRACE] script - #out(`N`) [token]
2021-11-19T10:23:55,132|[TRACE] graph - <------- nonSkippedChar
2021-11-19T10:23:55,132|[TRACE] graph - <----- statementPart
2021-11-19T10:23:55,132|[TRACE] graph - -----> statementPart
2021-11-19T10:23:55,132|[TRACE] graph - -------> nonSkippedChar
2021-11-19T10:23:55,132|[TRACE] script - #out(`O`) [token]
2021-11-19T10:23:55,132|[TRACE] graph - <------- nonSkippedChar
2021-11-19T10:23:55,132|[TRACE] graph - <----- statementPart
2021-11-19T10:23:55,132|[TRACE] graph - -----> statementPart
2021-11-19T10:23:55,132|[TRACE] graph - -------> nonSkippedChar
2021-11-19T10:23:55,132|[TRACE] script - #out(`T`) [token]
2021-11-19T10:23:55,132|[TRACE] graph - <------- nonSkippedChar
2021-11-19T10:23:55,132|[TRACE] graph - <----- statementPart
2021-11-19T10:23:55,132|[TRACE] graph - -----> statementPart
2021-11-19T10:23:55,132|[TRACE] graph - -------> nonSkippedSpace
2021-11-19T10:23:55,132|[TRACE] script - #out(` `) [token]
2021-11-19T10:23:55,132|[TRACE] graph - <------- nonSkippedSpace
2021-11-19T10:23:55,132|[TRACE] graph - <----- statementPart
2021-11-19T10:23:55,132|[TRACE] graph - -----> statementPart
2021-11-19T10:23:55,132|[TRACE] graph - -------> nonSkippedChar
2021-11-19T10:23:55,132|[TRACE] script - #out(`E`) [token]
2021-11-19T10:23:55,132|[TRACE] graph - <------- nonSkippedChar
2021-11-19T10:23:55,132|[TRACE] graph - <----- statementPart
2021-11-19T10:23:55,132|[TRACE] graph - -----> statementPart
2021-11-19T10:23:55,132|[TRACE] graph - -------> nonSkippedChar
2021-11-19T10:23:55,132|[TRACE] script - #out(`X`) [token]
2021-11-19T10:23:55,132|[TRACE] graph - <------- nonSkippedChar
2021-11-19T10:23:55,132|[TRACE] graph - <----- statementPart
2021-11-19T10:23:55,132|[TRACE] graph - -----> statementPart
2021-11-19T10:23:55,132|[TRACE] graph - -------> nonSkippedChar
2021-11-19T10:23:55,132|[TRACE] script - #out(`I`) [token]
2021-11-19T10:23:55,132|[TRACE] graph - <------- nonSkippedChar
2021-11-19T10:23:55,132|[TRACE] graph - <----- statementPart
2021-11-19T10:23:55,132|[TRACE] graph - -----> statementPart
2021-11-19T10:23:55,132|[TRACE] graph - -------> nonSkippedChar
2021-11-19T10:23:55,132|[TRACE] script - #out(`S`) [token]
2021-11-19T10:23:55,132|[TRACE] graph - <------- nonSkippedChar
2021-11-19T10:23:55,132|[TRACE] graph - <----- statementPart
2021-11-19T10:23:55,132|[TRACE] graph - -----> statementPart
2021-11-19T10:23:55,132|[TRACE] graph - -------> nonSkippedChar
2021-11-19T10:23:55,132|[TRACE] script - #out(`T`) [token]
2021-11-19T10:23:55,132|[TRACE] graph - <------- nonSkippedChar
2021-11-19T10:23:55,132|[TRACE] graph - <----- statementPart
2021-11-19T10:23:55,132|[TRACE] graph - -----> statementPart
2021-11-19T10:23:55,132|[TRACE] graph - -------> nonSkippedChar
2021-11-19T10:23:55,132|[TRACE] script - #out(`S`) [token]
2021-11-19T10:23:55,132|[TRACE] graph - <------- nonSkippedChar
2021-11-19T10:23:55,132|[TRACE] graph - <----- statementPart
2021-11-19T10:23:55,132|[TRACE] graph - -----> statementPart
2021-11-19T10:23:55,132|[TRACE] graph - -------> nonSkippedSpace
2021-11-19T10:23:55,132|[TRACE] script - #out(` `) [token]
2021-11-19T10:23:55,132|[TRACE] graph - <------- nonSkippedSpace
2021-11-19T10:23:55,132|[TRACE] graph - <----- statementPart
2021-11-19T10:23:55,133|[TRACE] graph - -----> statementPart
2021-11-19T10:23:55,133|[TRACE] graph - -------> quotedString
2021-11-19T10:23:55,133|[TRACE] script - #out(``bloodbank``) [token]
2021-11-19T10:23:55,133|[TRACE] graph - <------- quotedString
2021-11-19T10:23:55,133|[TRACE] graph - <----- statementPart
2021-11-19T10:23:55,133|[TRACE] graph - -----> statementPart
2021-11-19T10:23:55,133|[TRACE] graph - -------> nonSkippedChar
2021-11-19T10:23:55,133|[TRACE] script - #out(`.`) [token]
2021-11-19T10:23:55,133|[TRACE] graph - <------- nonSkippedChar
2021-11-19T10:23:55,133|[TRACE] graph - <----- statementPart
2021-11-19T10:23:55,133|[TRACE] graph - -----> statementPart
2021-11-19T10:23:55,133|[TRACE] graph - -------> quotedString
2021-11-19T10:23:55,133|[TRACE] script - #out(``phone``) [token]
2021-11-19T10:23:55,133|[TRACE] graph - <------- quotedString
2021-11-19T10:23:55,133|[TRACE] graph - <----- statementPart
2021-11-19T10:23:55,133|[TRACE] graph - -----> statementPart
2021-11-19T10:23:55,133|[TRACE] graph - -------> nonSkippedSpace
2021-11-19T10:23:55,133|[TRACE] script - #out(` `) [token]
2021-11-19T10:23:55,133|[TRACE] graph - <------- nonSkippedSpace
2021-11-19T10:23:55,133|[TRACE] graph - <----- statementPart
2021-11-19T10:23:55,133|[TRACE] graph - -----> statementPart
2021-11-19T10:23:55,133|[TRACE] graph - -------> nonSkippedChar
2021-11-19T10:23:55,133|[TRACE] script - #out(`(`) [token]
2021-11-19T10:23:55,133|[TRACE] graph - <------- nonSkippedChar
2021-11-19T10:23:55,133|[TRACE] graph - <----- statementPart
2021-11-19T10:23:55,133|[TRACE] graph - -----> afterStatementPartNewline
2021-11-19T10:23:55,133|[TRACE] script - #out(` `) [text]
2021-11-19T10:23:55,133|[TRACE] graph - <----- afterStatementPartNewline
2021-11-19T10:23:55,133|[TRACE] graph - -----> statementPart
2021-11-19T10:23:55,133|[TRACE] graph - -------> nonSkippedSpace
2021-11-19T10:23:55,133|[TRACE] script - #out(` `) [token]
2021-11-19T10:23:55,133|[TRACE] graph - <------- nonSkippedSpace
2021-11-19T10:23:55,133|[TRACE] graph - <----- statementPart
2021-11-19T10:23:55,133|[TRACE] graph - -----> statementPart
2021-11-19T10:23:55,133|[TRACE] graph - -------> nonSkippedSpace
2021-11-19T10:23:55,133|[TRACE] script - #out(` `) [token]
2021-11-19T10:23:55,133|[TRACE] graph - <------- nonSkippedSpace
2021-11-19T10:23:55,133|[TRACE] graph - <----- statementPart
2021-11-19T10:23:55,133|[TRACE] graph - -----> statementPart
2021-11-19T10:23:55,133|[TRACE] graph - -------> quotedString
2021-11-19T10:23:55,133|[TRACE] script - #out(``phone_id``) [token]
2021-11-19T10:23:55,133|[TRACE] graph - <------- quotedString
2021-11-19T10:23:55,133|[TRACE] graph - <----- statementPart
2021-11-19T10:23:55,133|[TRACE] graph - -----> statementPart
2021-11-19T10:23:55,133|[TRACE] graph - -------> nonSkippedSpace
2021-11-19T10:23:55,133|[TRACE] script - #out(` `) [token]
2021-11-19T10:23:55,133|[TRACE] graph - <------- nonSkippedSpace
2021-11-19T10:23:55,133|[TRACE] graph - <----- statementPart
2021-11-19T10:23:55,133|[TRACE] graph - -----> statementPart
2021-11-19T10:23:55,133|[TRACE] graph - -------> nonSkippedChar
2021-11-19T10:23:55,133|[TRACE] script - #out(`I`) [token]
2021-11-19T10:23:55,133|[TRACE] graph - <------- nonSkippedChar
2021-11-19T10:23:55,133|[TRACE] graph - <----- statementPart
2021-11-19T10:23:55,133|[TRACE] graph - -----> statementPart
2021-11-19T10:23:55,133|[TRACE] graph - -------> nonSkippedChar
2021-11-19T10:23:55,133|[TRACE] script - #out(`N`) [token]
2021-11-19T10:23:55,133|[TRACE] graph - <------- nonSkippedChar
2021-11-19T10:23:55,133|[TRACE] graph - <----- statementPart
2021-11-19T10:23:55,133|[TRACE] graph - -----> statementPart
2021-11-19T10:23:55,133|[TRACE] graph - -------> nonSkippedChar
2021-11-19T10:23:55,133|[TRACE] script - #out(`T`) [token]
2021-11-19T10:23:55,133|[TRACE] graph - <------- nonSkippedChar
2021-11-19T10:23:55,133|[TRACE] graph - <----- statementPart
2021-11-19T10:23:55,133|[TRACE] graph - -----> statementPart
2021-11-19T10:23:55,133|[TRACE] graph - -------> nonSkippedSpace
2021-11-19T10:23:55,133|[TRACE] script - #out(` `) [token]
2021-11-19T10:23:55,133|[TRACE] graph - <------- nonSkippedSpace
2021-11-19T10:23:55,133|[TRACE] graph - <----- statementPart
2021-11-19T10:23:55,133|[TRACE] graph - -----> statementPart
2021-11-19T10:23:55,133|[TRACE] graph - -------> nonSkippedChar
2021-11-19T10:23:55,133|[TRACE] script - #out(`N`) [token]
2021-11-19T10:23:55,133|[TRACE] graph - <------- nonSkippedChar
2021-11-19T10:23:55,133|[TRACE] graph - <----- statementPart
2021-11-19T10:23:55,133|[TRACE] graph - -----> statementPart
2021-11-19T10:23:55,133|[TRACE] graph - -------> nonSkippedChar
2021-11-19T10:23:55,133|[TRACE] script - #out(`O`) [token]
2021-11-19T10:23:55,133|[TRACE] graph - <------- nonSkippedChar
2021-11-19T10:23:55,133|[TRACE] graph - <----- statementPart
2021-11-19T10:23:55,133|[TRACE] graph - -----> statementPart
2021-11-19T10:23:55,133|[TRACE] graph - -------> nonSkippedChar
2021-11-19T10:23:55,133|[TRACE] script - #out(`T`) [token]
2021-11-19T10:23:55,133|[TRACE] graph - <------- nonSkippedChar
2021-11-19T10:23:55,133|[TRACE] graph - <----- statementPart
2021-11-19T10:23:55,133|[TRACE] graph - -----> statementPart
2021-11-19T10:23:55,133|[TRACE] graph - -------> nonSkippedSpace
2021-11-19T10:23:55,133|[TRACE] script - #out(` `) [token]
2021-11-19T10:23:55,133|[TRACE] graph - <------- nonSkippedSpace
2021-11-19T10:23:55,133|[TRACE] graph - <----- statementPart
2021-11-19T10:23:55,133|[TRACE] graph - -----> statementPart
2021-11-19T10:23:55,133|[TRACE] graph - -------> nonSkippedChar
2021-11-19T10:23:55,133|[TRACE] script - #out(`N`) [token]
2021-11-19T10:23:55,133|[TRACE] graph - <------- nonSkippedChar
2021-11-19T10:23:55,133|[TRACE] graph - <----- statementPart
2021-11-19T10:23:55,133|[TRACE] graph - -----> statementPart
2021-11-19T10:23:55,133|[TRACE] graph - -------> nonSkippedChar
2021-11-19T10:23:55,133|[TRACE] script - #out(`U`) [token]
2021-11-19T10:23:55,133|[TRACE] graph - <------- nonSkippedChar
2021-11-19T10:23:55,133|[TRACE] graph - <----- statementPart
2021-11-19T10:23:55,133|[TRACE] graph - -----> statementPart
2021-11-19T10:23:55,133|[TRACE] graph - -------> nonSkippedChar
2021-11-19T10:23:55,133|[TRACE] script - #out(`L`) [token]
2021-11-19T10:23:55,133|[TRACE] graph - <------- nonSkippedChar
2021-11-19T10:23:55,133|[TRACE] graph - <----- statementPart
2021-11-19T10:23:55,133|[TRACE] graph - -----> statementPart
2021-11-19T10:23:55,133|[TRACE] graph - -------> nonSkippedChar
2021-11-19T10:23:55,133|[TRACE] script - #out(`L`) [token]
2021-11-19T10:23:55,133|[TRACE] graph - <------- nonSkippedChar
2021-11-19T10:23:55,133|[TRACE] graph - <----- statementPart
2021-11-19T10:23:55,133|[TRACE] graph - -----> statementPart
2021-11-19T10:23:55,133|[TRACE] graph - -------> nonSkippedSpace
2021-11-19T10:23:55,133|[TRACE] script - #out(` `) [token]
2021-11-19T10:23:55,133|[TRACE] graph - <------- nonSkippedSpace
2021-11-19T10:23:55,133|[TRACE] graph - <----- statementPart
2021-11-19T10:23:55,133|[TRACE] graph - -----> statementPart
2021-11-19T10:23:55,133|[TRACE] graph - -------> nonSkippedChar
2021-11-19T10:23:55,133|[TRACE] script - #out(`A`) [token]
2021-11-19T10:23:55,133|[TRACE] graph - <------- nonSkippedChar
2021-11-19T10:23:55,133|[TRACE] graph - <----- statementPart
2021-11-19T10:23:55,133|[TRACE] graph - -----> statementPart
2021-11-19T10:23:55,133|[TRACE] graph - -------> nonSkippedChar
2021-11-19T10:23:55,133|[TRACE] script - #out(`U`) [token]
2021-11-19T10:23:55,133|[TRACE] graph - <------- nonSkippedChar
2021-11-19T10:23:55,133|[TRACE] graph - <----- statementPart
2021-11-19T10:23:55,133|[TRACE] graph - -----> statementPart
2021-11-19T10:23:55,133|[TRACE] graph - -------> nonSkippedChar
2021-11-19T10:23:55,133|[TRACE] script - #out(`T`) [token]
2021-11-19T10:23:55,133|[TRACE] graph - <------- nonSkippedChar
2021-11-19T10:23:55,133|[TRACE] graph - <----- statementPart
2021-11-19T10:23:55,133|[TRACE] graph - -----> statementPart
2021-11-19T10:23:55,133|[TRACE] graph - -------> nonSkippedChar
2021-11-19T10:23:55,133|[TRACE] script - #out(`O`) [token]
2021-11-19T10:23:55,133|[TRACE] graph - <------- nonSkippedChar
2021-11-19T10:23:55,133|[TRACE] graph - <----- statementPart
2021-11-19T10:23:55,133|[TRACE] graph - -----> statementPart
2021-11-19T10:23:55,133|[TRACE] graph - -------> nonSkippedChar
2021-11-19T10:23:55,133|[TRACE] script - #out(`_`) [token]
2021-11-19T10:23:55,134|[TRACE] graph - <------- nonSkippedChar
2021-11-19T10:23:55,134|[TRACE] graph - <----- statementPart
2021-11-19T10:23:55,134|[TRACE] graph - -----> statementPart
2021-11-19T10:23:55,134|[TRACE] graph - -------> nonSkippedChar
2021-11-19T10:23:55,134|[TRACE] script - #out(`I`) [token]
2021-11-19T10:23:55,134|[TRACE] graph - <------- nonSkippedChar
2021-11-19T10:23:55,134|[TRACE] graph - <----- statementPart
2021-11-19T10:23:55,134|[TRACE] graph - -----> statementPart
2021-11-19T10:23:55,134|[TRACE] graph - -------> nonSkippedChar
2021-11-19T10:23:55,134|[TRACE] script - #out(`N`) [token]
2021-11-19T10:23:55,134|[TRACE] graph - <------- nonSkippedChar
2021-11-19T10:23:55,134|[TRACE] graph - <----- statementPart
2021-11-19T10:23:55,134|[TRACE] graph - -----> statementPart
2021-11-19T10:23:55,134|[TRACE] graph - -------> nonSkippedChar
2021-11-19T10:23:55,134|[TRACE] script - #out(`C`) [token]
2021-11-19T10:23:55,134|[TRACE] graph - <------- nonSkippedChar
2021-11-19T10:23:55,134|[TRACE] graph - <----- statementPart
2021-11-19T10:23:55,134|[TRACE] graph - -----> statementPart
2021-11-19T10:23:55,134|[TRACE] graph - -------> nonSkippedChar
2021-11-19T10:23:55,134|[TRACE] script - #out(`R`) [token]
2021-11-19T10:23:55,134|[TRACE] graph - <------- nonSkippedChar
2021-11-19T10:23:55,134|[TRACE] graph - <----- statementPart
2021-11-19T10:23:55,134|[TRACE] graph - -----> statementPart
2021-11-19T10:23:55,134|[TRACE] graph - -------> nonSkippedChar
2021-11-19T10:23:55,134|[TRACE] script - #out(`E`) [token]
2021-11-19T10:23:55,134|[TRACE] graph - <------- nonSkippedChar
2021-11-19T10:23:55,134|[TRACE] graph - <----- statementPart
2021-11-19T10:23:55,134|[TRACE] graph - -----> statementPart
2021-11-19T10:23:55,134|[TRACE] graph - -------> nonSkippedChar
2021-11-19T10:23:55,134|[TRACE] script - #out(`M`) [token]
2021-11-19T10:23:55,134|[TRACE] graph - <------- nonSkippedChar
2021-11-19T10:23:55,134|[TRACE] graph - <----- statementPart
2021-11-19T10:23:55,134|[TRACE] graph - -----> statementPart
2021-11-19T10:23:55,134|[TRACE] graph - -------> nonSkippedChar
2021-11-19T10:23:55,134|[TRACE] script - #out(`E`) [token]
2021-11-19T10:23:55,134|[TRACE] graph - <------- nonSkippedChar
2021-11-19T10:23:55,134|[TRACE] graph - <----- statementPart
2021-11-19T10:23:55,134|[TRACE] graph - -----> statementPart
2021-11-19T10:23:55,134|[TRACE] graph - -------> nonSkippedChar
2021-11-19T10:23:55,134|[TRACE] script - #out(`N`) [token]
2021-11-19T10:23:55,134|[TRACE] graph - <------- nonSkippedChar
2021-11-19T10:23:55,134|[TRACE] graph - <----- statementPart
2021-11-19T10:23:55,134|[TRACE] graph - -----> statementPart
2021-11-19T10:23:55,134|[TRACE] graph - -------> nonSkippedChar
2021-11-19T10:23:55,134|[TRACE] script - #out(`T`) [token]
2021-11-19T10:23:55,134|[TRACE] graph - <------- nonSkippedChar
2021-11-19T10:23:55,134|[TRACE] graph - <----- statementPart
2021-11-19T10:23:55,134|[TRACE] graph - -----> statementPart
2021-11-19T10:23:55,134|[TRACE] graph - -------> nonSkippedChar
2021-11-19T10:23:55,134|[TRACE] script - #out(`,`) [token]
2021-11-19T10:23:55,134|[TRACE] graph - <------- nonSkippedChar
2021-11-19T10:23:55,134|[TRACE] graph - <----- statementPart
2021-11-19T10:23:55,134|[TRACE] graph - -----> afterStatementPartNewline
2021-11-19T10:23:55,134|[TRACE] script - #out(` `) [text]
2021-11-19T10:23:55,134|[TRACE] graph - <----- afterStatementPartNewline
2021-11-19T10:23:55,134|[TRACE] graph - -----> statementPart
2021-11-19T10:23:55,134|[TRACE] graph - -------> nonSkippedSpace
2021-11-19T10:23:55,134|[TRACE] script - #out(` `) [token]
2021-11-19T10:23:55,134|[TRACE] graph - <------- nonSkippedSpace
2021-11-19T10:23:55,134|[TRACE] graph - <----- statementPart
2021-11-19T10:23:55,134|[TRACE] graph - -----> statementPart
2021-11-19T10:23:55,134|[TRACE] graph - -------> nonSkippedSpace
2021-11-19T10:23:55,134|[TRACE] script - #out(` `) [token]
2021-11-19T10:23:55,134|[TRACE] graph - <------- nonSkippedSpace
2021-11-19T10:23:55,134|[TRACE] graph - <----- statementPart
2021-11-19T10:23:55,134|[TRACE] graph - -----> statementPart
2021-11-19T10:23:55,134|[TRACE] graph - -------> quotedString
2021-11-19T10:23:55,134|[TRACE] script - #out(``country_code``) [token]
2021-11-19T10:23:55,134|[TRACE] graph - <------- quotedString
2021-11-19T10:23:55,134|[TRACE] graph - <----- statementPart
2021-11-19T10:23:55,134|[TRACE] graph - -----> statementPart
2021-11-19T10:23:55,134|[TRACE] graph - -------> nonSkippedSpace
2021-11-19T10:23:55,134|[TRACE] script - #out(` `) [token]
2021-11-19T10:23:55,134|[TRACE] graph - <------- nonSkippedSpace
2021-11-19T10:23:55,134|[TRACE] graph - <----- statementPart
2021-11-19T10:23:55,134|[TRACE] graph - -----> statementPart
2021-11-19T10:23:55,134|[TRACE] graph - -------> nonSkippedChar
2021-11-19T10:23:55,134|[TRACE] script - #out(`V`) [token]
2021-11-19T10:23:55,134|[TRACE] graph - <------- nonSkippedChar
2021-11-19T10:23:55,134|[TRACE] graph - <----- statementPart
2021-11-19T10:23:55,134|[TRACE] graph - -----> statementPart
2021-11-19T10:23:55,134|[TRACE] graph - -------> nonSkippedChar
2021-11-19T10:23:55,134|[TRACE] script - #out(`A`) [token]
2021-11-19T10:23:55,134|[TRACE] graph - <------- nonSkippedChar
2021-11-19T10:23:55,134|[TRACE] graph - <----- statementPart
2021-11-19T10:23:55,134|[TRACE] graph - -----> statementPart
2021-11-19T10:23:55,134|[TRACE] graph - -------> nonSkippedChar
2021-11-19T10:23:55,134|[TRACE] script - #out(`R`) [token]
2021-11-19T10:23:55,134|[TRACE] graph - <------- nonSkippedChar
2021-11-19T10:23:55,134|[TRACE] graph - <----- statementPart
2021-11-19T10:23:55,134|[TRACE] graph - -----> statementPart
2021-11-19T10:23:55,134|[TRACE] graph - -------> nonSkippedChar
2021-11-19T10:23:55,134|[TRACE] script - #out(`C`) [token]
2021-11-19T10:23:55,134|[TRACE] graph - <------- nonSkippedChar
2021-11-19T10:23:55,134|[TRACE] graph - <----- statementPart
2021-11-19T10:23:55,134|[TRACE] graph - -----> statementPart
2021-11-19T10:23:55,134|[TRACE] graph - -------> nonSkippedChar
2021-11-19T10:23:55,134|[TRACE] script - #out(`H`) [token]
2021-11-19T10:23:55,134|[TRACE] graph - <------- nonSkippedChar
2021-11-19T10:23:55,134|[TRACE] graph - <----- statementPart
2021-11-19T10:23:55,134|[TRACE] graph - -----> statementPart
2021-11-19T10:23:55,134|[TRACE] graph - -------> nonSkippedChar
2021-11-19T10:23:55,134|[TRACE] script - #out(`A`) [token]
2021-11-19T10:23:55,134|[TRACE] graph - <------- nonSkippedChar
2021-11-19T10:23:55,134|[TRACE] graph - <----- statementPart
2021-11-19T10:23:55,134|[TRACE] graph - -----> statementPart
2021-11-19T10:23:55,134|[TRACE] graph - -------> nonSkippedChar
2021-11-19T10:23:55,134|[TRACE] script - #out(`R`) [token]
2021-11-19T10:23:55,134|[TRACE] graph - <------- nonSkippedChar
2021-11-19T10:23:55,134|[TRACE] graph - <----- statementPart
2021-11-19T10:23:55,134|[TRACE] graph - -----> statementPart
2021-11-19T10:23:55,134|[TRACE] graph - -------> nonSkippedChar
2021-11-19T10:23:55,134|[TRACE] script - #out(`(`) [token]
2021-11-19T10:23:55,134|[TRACE] graph - <------- nonSkippedChar
2021-11-19T10:23:55,134|[TRACE] graph - <----- statementPart
2021-11-19T10:23:55,134|[TRACE] graph - -----> statementPart
2021-11-19T10:23:55,134|[TRACE] graph - -------> nonSkippedChar
2021-11-19T10:23:55,134|[TRACE] script - #out(`1`) [token]
2021-11-19T10:23:55,134|[TRACE] graph - <------- nonSkippedChar
2021-11-19T10:23:55,134|[TRACE] graph - <----- statementPart
2021-11-19T10:23:55,134|[TRACE] graph - -----> statementPart
2021-11-19T10:23:55,134|[TRACE] graph - -------> nonSkippedChar
2021-11-19T10:23:55,134|[TRACE] script - #out(`0`) [token]
2021-11-19T10:23:55,134|[TRACE] graph - <------- nonSkippedChar
2021-11-19T10:23:55,134|[TRACE] graph - <----- statementPart
2021-11-19T10:23:55,134|[TRACE] graph - -----> statementPart
2021-11-19T10:23:55,134|[TRACE] graph - -------> nonSkippedChar
2021-11-19T10:23:55,134|[TRACE] script - #out(`)`) [token]
2021-11-19T10:23:55,134|[TRACE] graph - <------- nonSkippedChar
2021-11-19T10:23:55,134|[TRACE] graph - <----- statementPart
2021-11-19T10:23:55,134|[TRACE] graph - -----> statementPart
2021-11-19T10:23:55,134|[TRACE] graph - -------> nonSkippedSpace
2021-11-19T10:23:55,134|[TRACE] script - #out(` `) [token]
2021-11-19T10:23:55,134|[TRACE] graph - <------- nonSkippedSpace
2021-11-19T10:23:55,134|[TRACE] graph - <----- statementPart
2021-11-19T10:23:55,134|[TRACE] graph - -----> statementPart
2021-11-19T10:23:55,134|[TRACE] graph - -------> nonSkippedChar
2021-11-19T10:23:55,134|[TRACE] script - #out(`N`) [token]
2021-11-19T10:23:55,134|[TRACE] graph - <------- nonSkippedChar
2021-11-19T10:23:55,134|[TRACE] graph - <----- statementPart
2021-11-19T10:23:55,134|[TRACE] graph - -----> statementPart
2021-11-19T10:23:55,134|[TRACE] graph - -------> nonSkippedChar
2021-11-19T10:23:55,135|[TRACE] script - #out(`O`) [token]
2021-11-19T10:23:55,135|[TRACE] graph - <------- nonSkippedChar
2021-11-19T10:23:55,135|[TRACE] graph - <----- statementPart
2021-11-19T10:23:55,135|[TRACE] graph - -----> statementPart
2021-11-19T10:23:55,135|[TRACE] graph - -------> nonSkippedChar
2021-11-19T10:23:55,135|[TRACE] script - #out(`T`) [token]
2021-11-19T10:23:55,135|[TRACE] graph - <------- nonSkippedChar
2021-11-19T10:23:55,135|[TRACE] graph - <----- statementPart
2021-11-19T10:23:55,135|[TRACE] graph - -----> statementPart
2021-11-19T10:23:55,135|[TRACE] graph - -------> nonSkippedSpace
2021-11-19T10:23:55,135|[TRACE] script - #out(` `) [token]
2021-11-19T10:23:55,135|[TRACE] graph - <------- nonSkippedSpace
2021-11-19T10:23:55,135|[TRACE] graph - <----- statementPart
2021-11-19T10:23:55,135|[TRACE] graph - -----> statementPart
2021-11-19T10:23:55,135|[TRACE] graph - -------> nonSkippedChar
2021-11-19T10:23:55,135|[TRACE] script - #out(`N`) [token]
2021-11-19T10:23:55,135|[TRACE] graph - <------- nonSkippedChar
2021-11-19T10:23:55,135|[TRACE] graph - <----- statementPart
2021-11-19T10:23:55,135|[TRACE] graph - -----> statementPart
2021-11-19T10:23:55,135|[TRACE] graph - -------> nonSkippedChar
2021-11-19T10:23:55,135|[TRACE] script - #out(`U`) [token]
2021-11-19T10:23:55,135|[TRACE] graph - <------- nonSkippedChar
2021-11-19T10:23:55,135|[TRACE] graph - <----- statementPart
2021-11-19T10:23:55,135|[TRACE] graph - -----> statementPart
2021-11-19T10:23:55,135|[TRACE] graph - -------> nonSkippedChar
2021-11-19T10:23:55,135|[TRACE] script - #out(`L`) [token]
2021-11-19T10:23:55,135|[TRACE] graph - <------- nonSkippedChar
2021-11-19T10:23:55,135|[TRACE] graph - <----- statementPart
2021-11-19T10:23:55,135|[TRACE] graph - -----> statementPart
2021-11-19T10:23:55,135|[TRACE] graph - -------> nonSkippedChar
2021-11-19T10:23:55,135|[TRACE] script - #out(`L`) [token]
2021-11-19T10:23:55,135|[TRACE] graph - <------- nonSkippedChar
2021-11-19T10:23:55,135|[TRACE] graph - <----- statementPart
2021-11-19T10:23:55,135|[TRACE] graph - -----> statementPart
2021-11-19T10:23:55,135|[TRACE] graph - -------> nonSkippedSpace
2021-11-19T10:23:55,135|[TRACE] script - #out(` `) [token]
2021-11-19T10:23:55,135|[TRACE] graph - <------- nonSkippedSpace
2021-11-19T10:23:55,135|[TRACE] graph - <----- statementPart
2021-11-19T10:23:55,135|[TRACE] graph - -----> statementPart
2021-11-19T10:23:55,135|[TRACE] graph - -------> nonSkippedChar
2021-11-19T10:23:55,135|[TRACE] script - #out(`D`) [token]
2021-11-19T10:23:55,135|[TRACE] graph - <------- nonSkippedChar
2021-11-19T10:23:55,135|[TRACE] graph - <----- statementPart
2021-11-19T10:23:55,135|[TRACE] graph - -----> statementPart
2021-11-19T10:23:55,135|[TRACE] graph - -------> nonSkippedChar
2021-11-19T10:23:55,135|[TRACE] script - #out(`E`) [token]
2021-11-19T10:23:55,135|[TRACE] graph - <------- nonSkippedChar
2021-11-19T10:23:55,135|[TRACE] graph - <----- statementPart
2021-11-19T10:23:55,135|[TRACE] graph - -----> statementPart
2021-11-19T10:23:55,135|[TRACE] graph - -------> nonSkippedChar
2021-11-19T10:23:55,135|[TRACE] script - #out(`F`) [token]
2021-11-19T10:23:55,135|[TRACE] graph - <------- nonSkippedChar
2021-11-19T10:23:55,135|[TRACE] graph - <----- statementPart
2021-11-19T10:23:55,135|[TRACE] graph - -----> statementPart
2021-11-19T10:23:55,135|[TRACE] graph - -------> nonSkippedChar
2021-11-19T10:23:55,135|[TRACE] script - #out(`A`) [token]
2021-11-19T10:23:55,135|[TRACE] graph - <------- nonSkippedChar
2021-11-19T10:23:55,135|[TRACE] graph - <----- statementPart
2021-11-19T10:23:55,135|[TRACE] graph - -----> statementPart
2021-11-19T10:23:55,135|[TRACE] graph - -------> nonSkippedChar
2021-11-19T10:23:55,135|[TRACE] script - #out(`U`) [token]
2021-11-19T10:23:55,135|[TRACE] graph - <------- nonSkippedChar
2021-11-19T10:23:55,135|[TRACE] graph - <----- statementPart
2021-11-19T10:23:55,135|[TRACE] graph - -----> statementPart
2021-11-19T10:23:55,135|[TRACE] graph - -------> nonSkippedChar
2021-11-19T10:23:55,135|[TRACE] script - #out(`L`) [token]
2021-11-19T10:23:55,135|[TRACE] graph - <------- nonSkippedChar
2021-11-19T10:23:55,135|[TRACE] graph - <----- statementPart
2021-11-19T10:23:55,135|[TRACE] graph - -----> statementPart
2021-11-19T10:23:55,135|[TRACE] graph - -------> nonSkippedChar
2021-11-19T10:23:55,135|[TRACE] script - #out(`T`) [token]
2021-11-19T10:23:55,135|[TRACE] graph - <------- nonSkippedChar
2021-11-19T10:23:55,135|[TRACE] graph - <----- statementPart
2021-11-19T10:23:55,135|[TRACE] graph - -----> statementPart
2021-11-19T10:23:55,135|[TRACE] graph - -------> nonSkippedSpace
2021-11-19T10:23:55,135|[TRACE] script - #out(` `) [token]
2021-11-19T10:23:55,135|[TRACE] graph - <------- nonSkippedSpace
2021-11-19T10:23:55,135|[TRACE] graph - <----- statementPart
2021-11-19T10:23:55,135|[TRACE] graph - -----> statementPart
2021-11-19T10:23:55,135|[TRACE] graph - -------> quotedString
2021-11-19T10:23:55,135|[TRACE] script - #out(`'1'`) [token]
2021-11-19T10:23:55,135|[TRACE] graph - <------- quotedString
2021-11-19T10:23:55,135|[TRACE] graph - <----- statementPart
2021-11-19T10:23:55,135|[TRACE] graph - -----> statementPart
2021-11-19T10:23:55,135|[TRACE] graph - -------> nonSkippedChar
2021-11-19T10:23:55,135|[TRACE] script - #out(`,`) [token]
2021-11-19T10:23:55,135|[TRACE] graph - <------- nonSkippedChar
2021-11-19T10:23:55,135|[TRACE] graph - <----- statementPart
2021-11-19T10:23:55,135|[TRACE] graph - -----> afterStatementPartNewline
2021-11-19T10:23:55,135|[TRACE] script - #out(` `) [text]
2021-11-19T10:23:55,135|[TRACE] graph - <----- afterStatementPartNewline
2021-11-19T10:23:55,135|[TRACE] graph - -----> statementPart
2021-11-19T10:23:55,135|[TRACE] graph - -------> nonSkippedSpace
2021-11-19T10:23:55,135|[TRACE] script - #out(` `) [token]
2021-11-19T10:23:55,135|[TRACE] graph - <------- nonSkippedSpace
2021-11-19T10:23:55,135|[TRACE] graph - <----- statementPart
2021-11-19T10:23:55,135|[TRACE] graph - -----> statementPart
2021-11-19T10:23:55,135|[TRACE] graph - -------> nonSkippedSpace
2021-11-19T10:23:55,135|[TRACE] script - #out(` `) [token]
2021-11-19T10:23:55,135|[TRACE] graph - <------- nonSkippedSpace
2021-11-19T10:23:55,135|[TRACE] graph - <----- statementPart
2021-11-19T10:23:55,135|[TRACE] graph - -----> statementPart
2021-11-19T10:23:55,135|[TRACE] graph - -------> quotedString
2021-11-19T10:23:55,135|[TRACE] script - #out(``area_code``) [token]
2021-11-19T10:23:55,135|[TRACE] graph - <------- quotedString
2021-11-19T10:23:55,135|[TRACE] graph - <----- statementPart
2021-11-19T10:23:55,135|[TRACE] graph - -----> statementPart
2021-11-19T10:23:55,135|[TRACE] graph - -------> nonSkippedSpace
2021-11-19T10:23:55,135|[TRACE] script - #out(` `) [token]
2021-11-19T10:23:55,135|[TRACE] graph - <------- nonSkippedSpace
2021-11-19T10:23:55,135|[TRACE] graph - <----- statementPart
2021-11-19T10:23:55,135|[TRACE] graph - -----> statementPart
2021-11-19T10:23:55,135|[TRACE] graph - -------> nonSkippedChar
2021-11-19T10:23:55,135|[TRACE] script - #out(`V`) [token]
2021-11-19T10:23:55,135|[TRACE] graph - <------- nonSkippedChar
2021-11-19T10:23:55,135|[TRACE] graph - <----- statementPart
2021-11-19T10:23:55,135|[TRACE] graph - -----> statementPart
2021-11-19T10:23:55,135|[TRACE] graph - -------> nonSkippedChar
2021-11-19T10:23:55,135|[TRACE] script - #out(`A`) [token]
2021-11-19T10:23:55,135|[TRACE] graph - <------- nonSkippedChar
2021-11-19T10:23:55,135|[TRACE] graph - <----- statementPart
2021-11-19T10:23:55,189|[TRACE] graph - -----> statementPart
2021-11-19T10:23:55,189|[TRACE] graph - -------> nonSkippedChar
2021-11-19T10:23:55,189|[TRACE] script - #out(`R`) [token]
2021-11-19T10:23:55,189|[TRACE] graph - <------- nonSkippedChar
2021-11-19T10:23:55,189|[TRACE] graph - <----- statementPart
2021-11-19T10:23:55,189|[TRACE] graph - -----> statementPart
2021-11-19T10:23:55,189|[TRACE] graph - -------> nonSkippedChar
2021-11-19T10:23:55,189|[TRACE] script - #out(`C`) [token]
2021-11-19T10:23:55,189|[TRACE] graph - <------- nonSkippedChar
2021-11-19T10:23:55,189|[TRACE] graph - <----- statementPart
2021-11-19T10:23:55,189|[TRACE] graph - -----> statementPart
2021-11-19T10:23:55,189|[TRACE] graph - -------> nonSkippedChar
2021-11-19T10:23:55,189|[TRACE] script - #out(`H`) [token]
2021-11-19T10:23:55,189|[TRACE] graph - <------- nonSkippedChar
2021-11-19T10:23:55,189|[TRACE] graph - <----- statementPart
2021-11-19T10:23:55,189|[TRACE] graph - -----> statementPart
2021-11-19T10:23:55,189|[TRACE] graph - -------> nonSkippedChar
2021-11-19T10:23:55,189|[TRACE] script - #out(`A`) [token]
2021-11-19T10:23:55,189|[TRACE] graph - <------- nonSkippedChar
2021-11-19T10:23:55,189|[TRACE] graph - <----- statementPart
2021-11-19T10:23:55,189|[TRACE] graph - -----> statementPart
2021-11-19T10:23:55,189|[TRACE] graph - -------> nonSkippedChar
2021-11-19T10:23:55,189|[TRACE] script - #out(`R`) [token]
2021-11-19T10:23:55,189|[TRACE] graph - <------- nonSkippedChar
2021-11-19T10:23:55,189|[TRACE] graph - <----- statementPart
2021-11-19T10:23:55,189|[TRACE] graph - -----> statementPart
2021-11-19T10:23:55,189|[TRACE] graph - -------> nonSkippedChar
2021-11-19T10:23:55,189|[TRACE] script - #out(`(`) [token]
2021-11-19T10:23:55,189|[TRACE] graph - <------- nonSkippedChar
2021-11-19T10:23:55,189|[TRACE] graph - <----- statementPart
2021-11-19T10:23:55,189|[TRACE] graph - -----> statementPart
2021-11-19T10:23:55,189|[TRACE] graph - -------> nonSkippedChar
2021-11-19T10:23:55,189|[TRACE] script - #out(`1`) [token]
2021-11-19T10:23:55,189|[TRACE] graph - <------- nonSkippedChar
2021-11-19T10:23:55,189|[TRACE] graph - <----- statementPart
2021-11-19T10:23:55,189|[TRACE] graph - -----> statementPart
2021-11-19T10:23:55,189|[TRACE] graph - -------> nonSkippedChar
2021-11-19T10:23:55,189|[TRACE] script - #out(`0`) [token]
2021-11-19T10:23:55,189|[TRACE] graph - <------- nonSkippedChar
2021-11-19T10:23:55,189|[TRACE] graph - <----- statementPart
2021-11-19T10:23:55,189|[TRACE] graph - -----> statementPart
2021-11-19T10:23:55,189|[TRACE] graph - -------> nonSkippedChar
2021-11-19T10:23:55,189|[TRACE] script - #out(`)`) [token]
2021-11-19T10:23:55,189|[TRACE] graph - <------- nonSkippedChar
2021-11-19T10:23:55,189|[TRACE] graph - <----- statementPart
2021-11-19T10:23:55,189|[TRACE] graph - -----> statementPart
2021-11-19T10:23:55,189|[TRACE] graph - -------> nonSkippedSpace
2021-11-19T10:23:55,189|[TRACE] script - #out(` `) [token]
2021-11-19T10:23:55,189|[TRACE] graph - <------- nonSkippedSpace
2021-11-19T10:23:55,189|[TRACE] graph - <----- statementPart
2021-11-19T10:23:55,189|[TRACE] graph - -----> statementPart
2021-11-19T10:23:55,189|[TRACE] graph - -------> nonSkippedChar
2021-11-19T10:23:55,189|[TRACE] script - #out(`N`) [token]
2021-11-19T10:23:55,189|[TRACE] graph - <------- nonSkippedChar
2021-11-19T10:23:55,189|[TRACE] graph - <----- statementPart
2021-11-19T10:23:55,189|[TRACE] graph - -----> statementPart
2021-11-19T10:23:55,189|[TRACE] graph - -------> nonSkippedChar
2021-11-19T10:23:55,189|[TRACE] script - #out(`O`) [token]
2021-11-19T10:23:55,189|[TRACE] graph - <------- nonSkippedChar
2021-11-19T10:23:55,189|[TRACE] graph - <----- statementPart
2021-11-19T10:23:55,189|[TRACE] graph - -----> statementPart
2021-11-19T10:23:55,189|[TRACE] graph - -------> nonSkippedChar
2021-11-19T10:23:55,189|[TRACE] script - #out(`T`) [token]
2021-11-19T10:23:55,189|[TRACE] graph - <------- nonSkippedChar
2021-11-19T10:23:55,189|[TRACE] graph - <----- statementPart
2021-11-19T10:23:55,189|[TRACE] graph - -----> statementPart
2021-11-19T10:23:55,189|[TRACE] graph - -------> nonSkippedSpace
2021-11-19T10:23:55,189|[TRACE] script - #out(` `) [token]
2021-11-19T10:23:55,189|[TRACE] graph - <------- nonSkippedSpace
2021-11-19T10:23:55,189|[TRACE] graph - <----- statementPart
2021-11-19T10:23:55,189|[TRACE] graph - -----> statementPart
2021-11-19T10:23:55,189|[TRACE] graph - -------> nonSkippedChar
2021-11-19T10:23:55,189|[TRACE] script - #out(`N`) [token]
2021-11-19T10:23:55,189|[TRACE] graph - <------- nonSkippedChar
2021-11-19T10:23:55,189|[TRACE] graph - <----- statementPart
2021-11-19T10:23:55,189|[TRACE] graph - -----> statementPart
2021-11-19T10:23:55,189|[TRACE] graph - -------> nonSkippedChar
2021-11-19T10:23:55,189|[TRACE] script - #out(`U`) [token]
2021-11-19T10:23:55,189|[TRACE] graph - <------- nonSkippedChar
2021-11-19T10:23:55,189|[TRACE] graph - <----- statementPart
2021-11-19T10:23:55,189|[TRACE] graph - -----> statementPart
2021-11-19T10:23:55,189|[TRACE] graph - -------> nonSkippedChar
2021-11-19T10:23:55,189|[TRACE] script - #out(`L`) [token]
2021-11-19T10:23:55,189|[TRACE] graph - <------- nonSkippedChar
2021-11-19T10:23:55,189|[TRACE] graph - <----- statementPart
2021-11-19T10:23:55,189|[TRACE] graph - -----> statementPart
2021-11-19T10:23:55,189|[TRACE] graph - -------> nonSkippedChar
2021-11-19T10:23:55,189|[TRACE] script - #out(`L`) [token]
2021-11-19T10:23:55,189|[TRACE] graph - <------- nonSkippedChar
2021-11-19T10:23:55,189|[TRACE] graph - <----- statementPart
2021-11-19T10:23:55,189|[TRACE] graph - -----> statementPart
2021-11-19T10:23:55,189|[TRACE] graph - -------> nonSkippedChar
2021-11-19T10:23:55,189|[TRACE] script - #out(`,`) [token]
2021-11-19T10:23:55,189|[TRACE] graph - <------- nonSkippedChar
2021-11-19T10:23:55,189|[TRACE] graph - <----- statementPart
2021-11-19T10:23:55,189|[TRACE] graph - -----> afterStatementPartNewline
2021-11-19T10:23:55,189|[TRACE] script - #out(` `) [text]
2021-11-19T10:23:55,189|[TRACE] graph - <----- afterStatementPartNewline
2021-11-19T10:23:55,189|[TRACE] graph - -----> statementPart
2021-11-19T10:23:55,189|[TRACE] graph - -------> nonSkippedSpace
2021-11-19T10:23:55,189|[TRACE] script - #out(` `) [token]
2021-11-19T10:23:55,189|[TRACE] graph - <------- nonSkippedSpace
2021-11-19T10:23:55,189|[TRACE] graph - <----- statementPart
2021-11-19T10:23:55,189|[TRACE] graph - -----> statementPart
2021-11-19T10:23:55,189|[TRACE] graph - -------> nonSkippedSpace
2021-11-19T10:23:55,189|[TRACE] script - #out(` `) [token]
2021-11-19T10:23:55,189|[TRACE] graph - <------- nonSkippedSpace
2021-11-19T10:23:55,189|[TRACE] graph - <----- statementPart
2021-11-19T10:23:55,189|[TRACE] graph - -----> statementPart
2021-11-19T10:23:55,189|[TRACE] graph - -------> quotedString
2021-11-19T10:23:55,189|[TRACE] script - #out(``number``) [token]
2021-11-19T10:23:55,189|[TRACE] graph - <------- quotedString
2021-11-19T10:23:55,189|[TRACE] graph - <----- statementPart
2021-11-19T10:23:55,189|[TRACE] graph - -----> statementPart
2021-11-19T10:23:55,189|[TRACE] graph - -------> nonSkippedSpace
2021-11-19T10:23:55,189|[TRACE] script - #out(` `) [token]
2021-11-19T10:23:55,189|[TRACE] graph - <------- nonSkippedSpace
2021-11-19T10:23:55,189|[TRACE] graph - <----- statementPart
2021-11-19T10:23:55,189|[TRACE] graph - -----> statementPart
2021-11-19T10:23:55,189|[TRACE] graph - -------> nonSkippedChar
2021-11-19T10:23:55,189|[TRACE] script - #out(`V`) [token]
2021-11-19T10:23:55,189|[TRACE] graph - <------- nonSkippedChar
2021-11-19T10:23:55,189|[TRACE] graph - <----- statementPart
2021-11-19T10:23:55,189|[TRACE] graph - -----> statementPart
2021-11-19T10:23:55,189|[TRACE] graph - -------> nonSkippedChar
2021-11-19T10:23:55,189|[TRACE] script - #out(`A`) [token]
2021-11-19T10:23:55,189|[TRACE] graph - <------- nonSkippedChar
2021-11-19T10:23:55,189|[TRACE] graph - <----- statementPart
2021-11-19T10:23:55,189|[TRACE] graph - -----> statementPart
2021-11-19T10:23:55,189|[TRACE] graph - -------> nonSkippedChar
2021-11-19T10:23:55,189|[TRACE] script - #out(`R`) [token]
2021-11-19T10:23:55,189|[TRACE] graph - <------- nonSkippedChar
2021-11-19T10:23:55,189|[TRACE] graph - <----- statementPart
2021-11-19T10:23:55,189|[TRACE] graph - -----> statementPart
2021-11-19T10:23:55,190|[TRACE] graph - -------> nonSkippedChar
2021-11-19T10:23:55,190|[TRACE] script - #out(`C`) [token]
2021-11-19T10:23:55,190|[TRACE] graph - <------- nonSkippedChar
2021-11-19T10:23:55,190|[TRACE] graph - <----- statementPart
2021-11-19T10:23:55,190|[TRACE] graph - -----> statementPart
2021-11-19T10:23:55,190|[TRACE] graph - -------> nonSkippedChar
2021-11-19T10:23:55,190|[TRACE] script - #out(`H`) [token]
2021-11-19T10:23:55,190|[TRACE] graph - <------- nonSkippedChar
2021-11-19T10:23:55,190|[TRACE] graph - <----- statementPart
2021-11-19T10:23:55,190|[TRACE] graph - -----> statementPart
2021-11-19T10:23:55,190|[TRACE] graph - -------> nonSkippedChar
2021-11-19T10:23:55,190|[TRACE] script - #out(`A`) [token]
2021-11-19T10:23:55,190|[TRACE] graph - <------- nonSkippedChar
2021-11-19T10:23:55,190|[TRACE] graph - <----- statementPart
2021-11-19T10:23:55,190|[TRACE] graph - -----> statementPart
2021-11-19T10:23:55,190|[TRACE] graph - -------> nonSkippedChar
2021-11-19T10:23:55,190|[TRACE] script - #out(`R`) [token]
2021-11-19T10:23:55,190|[TRACE] graph - <------- nonSkippedChar
2021-11-19T10:23:55,190|[TRACE] graph - <----- statementPart
2021-11-19T10:23:55,190|[TRACE] graph - -----> statementPart
2021-11-19T10:23:55,190|[TRACE] graph - -------> nonSkippedChar
2021-11-19T10:23:55,190|[TRACE] script - #out(`(`) [token]
2021-11-19T10:23:55,190|[TRACE] graph - <------- nonSkippedChar
2021-11-19T10:23:55,190|[TRACE] graph - <----- statementPart
2021-11-19T10:23:55,190|[TRACE] graph - -----> statementPart
2021-11-19T10:23:55,190|[TRACE] graph - -------> nonSkippedChar
2021-11-19T10:23:55,190|[TRACE] script - #out(`1`) [token]
2021-11-19T10:23:55,190|[TRACE] graph - <------- nonSkippedChar
2021-11-19T10:23:55,190|[TRACE] graph - <----- statementPart
2021-11-19T10:23:55,190|[TRACE] graph - -----> statementPart
2021-11-19T10:23:55,190|[TRACE] graph - -------> nonSkippedChar
2021-11-19T10:23:55,190|[TRACE] script - #out(`0`) [token]
2021-11-19T10:23:55,190|[TRACE] graph - <------- nonSkippedChar
2021-11-19T10:23:55,190|[TRACE] graph - <----- statementPart
2021-11-19T10:23:55,190|[TRACE] graph - -----> statementPart
2021-11-19T10:23:55,190|[TRACE] graph - -------> nonSkippedChar
2021-11-19T10:23:55,190|[TRACE] script - #out(`)`) [token]
2021-11-19T10:23:55,190|[TRACE] graph - <------- nonSkippedChar
2021-11-19T10:23:55,190|[TRACE] graph - <----- statementPart
2021-11-19T10:23:55,190|[TRACE] graph - -----> statementPart
2021-11-19T10:23:55,190|[TRACE] graph - -------> nonSkippedSpace
2021-11-19T10:23:55,190|[TRACE] script - #out(` `) [token]
2021-11-19T10:23:55,190|[TRACE] graph - <------- nonSkippedSpace
2021-11-19T10:23:55,190|[TRACE] graph - <----- statementPart
2021-11-19T10:23:55,190|[TRACE] graph - -----> statementPart
2021-11-19T10:23:55,190|[TRACE] graph - -------> nonSkippedChar
2021-11-19T10:23:55,190|[TRACE] script - #out(`N`) [token]
2021-11-19T10:23:55,190|[TRACE] graph - <------- nonSkippedChar
2021-11-19T10:23:55,190|[TRACE] graph - <----- statementPart
2021-11-19T10:23:55,190|[TRACE] graph - -----> statementPart
2021-11-19T10:23:55,190|[TRACE] graph - -------> nonSkippedChar
2021-11-19T10:23:55,190|[TRACE] script - #out(`O`) [token]
2021-11-19T10:23:55,190|[TRACE] graph - <------- nonSkippedChar
2021-11-19T10:23:55,190|[TRACE] graph - <----- statementPart
2021-11-19T10:23:55,190|[TRACE] graph - -----> statementPart
2021-11-19T10:23:55,190|[TRACE] graph - -------> nonSkippedChar
2021-11-19T10:23:55,190|[TRACE] script - #out(`T`) [token]
2021-11-19T10:23:55,190|[TRACE] graph - <------- nonSkippedChar
2021-11-19T10:23:55,190|[TRACE] graph - <----- statementPart
2021-11-19T10:23:55,190|[TRACE] graph - -----> statementPart
2021-11-19T10:23:55,190|[TRACE] graph - -------> nonSkippedSpace
2021-11-19T10:23:55,190|[TRACE] script - #out(` `) [token]
2021-11-19T10:23:55,190|[TRACE] graph - <------- nonSkippedSpace
2021-11-19T10:23:55,190|[TRACE] graph - <----- statementPart
2021-11-19T10:23:55,190|[TRACE] graph - -----> statementPart
2021-11-19T10:23:55,190|[TRACE] graph - -------> nonSkippedChar
2021-11-19T10:23:55,190|[TRACE] script - #out(`N`) [token]
2021-11-19T10:23:55,190|[TRACE] graph - <------- nonSkippedChar
2021-11-19T10:23:55,190|[TRACE] graph - <----- statementPart
2021-11-19T10:23:55,190|[TRACE] graph - -----> statementPart
2021-11-19T10:23:55,190|[TRACE] graph - -------> nonSkippedChar
2021-11-19T10:23:55,190|[TRACE] script - #out(`U`) [token]
2021-11-19T10:23:55,190|[TRACE] graph - <------- nonSkippedChar
2021-11-19T10:23:55,190|[TRACE] graph - <----- statementPart
2021-11-19T10:23:55,190|[TRACE] graph - -----> statementPart
2021-11-19T10:23:55,190|[TRACE] graph - -------> nonSkippedChar
2021-11-19T10:23:55,190|[TRACE] script - #out(`L`) [token]
2021-11-19T10:23:55,190|[TRACE] graph - <------- nonSkippedChar
2021-11-19T10:23:55,190|[TRACE] graph - <----- statementPart
2021-11-19T10:23:55,190|[TRACE] graph - -----> statementPart
2021-11-19T10:23:55,190|[TRACE] graph - -------> nonSkippedChar
2021-11-19T10:23:55,190|[TRACE] script - #out(`L`) [token]
2021-11-19T10:23:55,190|[TRACE] graph - <------- nonSkippedChar
2021-11-19T10:23:55,190|[TRACE] graph - <----- statementPart
2021-11-19T10:23:55,190|[TRACE] graph - -----> statementPart
2021-11-19T10:23:55,190|[TRACE] graph - -------> nonSkippedChar
2021-11-19T10:23:55,190|[TRACE] script - #out(`,`) [token]
2021-11-19T10:23:55,190|[TRACE] graph - <------- nonSkippedChar
2021-11-19T10:23:55,190|[TRACE] graph - <----- statementPart
2021-11-19T10:23:55,190|[TRACE] graph - -----> afterStatementPartNewline
2021-11-19T10:23:55,190|[TRACE] script - #out(` `) [text]
2021-11-19T10:23:55,190|[TRACE] graph - <----- afterStatementPartNewline
2021-11-19T10:23:55,190|[TRACE] graph - -----> statementPart
2021-11-19T10:23:55,190|[TRACE] graph - -------> nonSkippedSpace
2021-11-19T10:23:55,190|[TRACE] script - #out(` `) [token]
2021-11-19T10:23:55,190|[TRACE] graph - <------- nonSkippedSpace
2021-11-19T10:23:55,190|[TRACE] graph - <----- statementPart
2021-11-19T10:23:55,190|[TRACE] graph - -----> statementPart
2021-11-19T10:23:55,190|[TRACE] graph - -------> nonSkippedSpace
2021-11-19T10:23:55,190|[TRACE] script - #out(` `) [token]
2021-11-19T10:23:55,190|[TRACE] graph - <------- nonSkippedSpace
2021-11-19T10:23:55,190|[TRACE] graph - <----- statementPart
2021-11-19T10:23:55,190|[TRACE] graph - -----> statementPart
2021-11-19T10:23:55,190|[TRACE] graph - -------> quotedString
2021-11-19T10:23:55,190|[TRACE] script - #out(``created``) [token]
2021-11-19T10:23:55,190|[TRACE] graph - <------- quotedString
2021-11-19T10:23:55,190|[TRACE] graph - <----- statementPart
2021-11-19T10:23:55,190|[TRACE] graph - -----> statementPart
2021-11-19T10:23:55,190|[TRACE] graph - -------> nonSkippedSpace
2021-11-19T10:23:55,190|[TRACE] script - #out(` `) [token]
2021-11-19T10:23:55,190|[TRACE] graph - <------- nonSkippedSpace
2021-11-19T10:23:55,190|[TRACE] graph - <----- statementPart
2021-11-19T10:23:55,190|[TRACE] graph - -----> statementPart
2021-11-19T10:23:55,190|[TRACE] graph - -------> nonSkippedChar
2021-11-19T10:23:55,190|[TRACE] script - #out(`B`) [token]
2021-11-19T10:23:55,190|[TRACE] graph - <------- nonSkippedChar
2021-11-19T10:23:55,190|[TRACE] graph - <----- statementPart
2021-11-19T10:23:55,190|[TRACE] graph - -----> statementPart
2021-11-19T10:23:55,190|[TRACE] graph - -------> nonSkippedChar
2021-11-19T10:23:55,190|[TRACE] script - #out(`I`) [token]
2021-11-19T10:23:55,190|[TRACE] graph - <------- nonSkippedChar
2021-11-19T10:23:55,190|[TRACE] graph - <----- statementPart
2021-11-19T10:23:55,190|[TRACE] graph - -----> statementPart
2021-11-19T10:23:55,190|[TRACE] graph - -------> nonSkippedChar
2021-11-19T10:23:55,190|[TRACE] script - #out(`G`) [token]
2021-11-19T10:23:55,190|[TRACE] graph - <------- nonSkippedChar
2021-11-19T10:23:55,190|[TRACE] graph - <----- statementPart
2021-11-19T10:23:55,190|[TRACE] graph - -----> statementPart
2021-11-19T10:23:55,190|[TRACE] graph - -------> nonSkippedChar
2021-11-19T10:23:55,190|[TRACE] script - #out(`I`) [token]
2021-11-19T10:23:55,190|[TRACE] graph - <------- nonSkippedChar
2021-11-19T10:23:55,190|[TRACE] graph - <----- statementPart
2021-11-19T10:23:55,190|[TRACE] graph - -----> statementPart
2021-11-19T10:23:55,190|[TRACE] graph - -------> nonSkippedChar
2021-11-19T10:23:55,190|[TRACE] script - #out(`N`) [token]
2021-11-19T10:23:55,190|[TRACE] graph - <------- nonSkippedChar
2021-11-19T10:23:55,190|[TRACE] graph - <----- statementPart
2021-11-19T10:23:55,190|[TRACE] graph - -----> statementPart
2021-11-19T10:23:55,190|[TRACE] graph - -------> nonSkippedChar
2021-11-19T10:23:55,190|[TRACE] script - #out(`T`) [token]
2021-11-19T10:23:55,190|[TRACE] graph - <------- nonSkippedChar
2021-11-19T10:23:55,190|[TRACE] graph - <----- statementPart
2021-11-19T10:23:55,190|[TRACE] graph - -----> statementPart
2021-11-19T10:23:55,190|[TRACE] graph - -------> nonSkippedSpace
2021-11-19T10:23:55,190|[TRACE] script - #out(` `) [token]
2021-11-19T10:23:55,190|[TRACE] graph - <------- nonSkippedSpace
2021-11-19T10:23:55,190|[TRACE] graph - <----- statementPart
2021-11-19T10:23:55,190|[TRACE] graph - -----> statementPart
2021-11-19T10:23:55,190|[TRACE] graph - -------> nonSkippedChar
2021-11-19T10:23:55,190|[TRACE] script - #out(`N`) [token]
2021-11-19T10:23:55,190|[TRACE] graph - <------- nonSkippedChar
2021-11-19T10:23:55,190|[TRACE] graph - <----- statementPart
2021-11-19T10:23:55,190|[TRACE] graph - -----> statementPart
2021-11-19T10:23:55,190|[TRACE] graph - -------> nonSkippedChar
2021-11-19T10:23:55,190|[TRACE] script - #out(`O`) [token]
2021-11-19T10:23:55,190|[TRACE] graph - <------- nonSkippedChar
2021-11-19T10:23:55,190|[TRACE] graph - <----- statementPart
2021-11-19T10:23:55,190|[TRACE] graph - -----> statementPart
2021-11-19T10:23:55,190|[TRACE] graph - -------> nonSkippedChar
2021-11-19T10:23:55,190|[TRACE] script - #out(`T`) [token]
2021-11-19T10:23:55,190|[TRACE] graph - <------- nonSkippedChar
2021-11-19T10:23:55,190|[TRACE] graph - <----- statementPart
2021-11-19T10:23:55,190|[TRACE] graph - -----> statementPart
2021-11-19T10:23:55,190|[TRACE] graph - -------> nonSkippedSpace
2021-11-19T10:23:55,190|[TRACE] script - #out(` `) [token]
2021-11-19T10:23:55,190|[TRACE] graph - <------- nonSkippedSpace
2021-11-19T10:23:55,190|[TRACE] graph - <----- statementPart
2021-11-19T10:23:55,190|[TRACE] graph - -----> statementPart
2021-11-19T10:23:55,190|[TRACE] graph - -------> nonSkippedChar
2021-11-19T10:23:55,190|[TRACE] script - #out(`N`) [token]
2021-11-19T10:23:55,190|[TRACE] graph - <------- nonSkippedChar
2021-11-19T10:23:55,190|[TRACE] graph - <----- statementPart
2021-11-19T10:23:55,190|[TRACE] graph - -----> statementPart
2021-11-19T10:23:55,190|[TRACE] graph - -------> nonSkippedChar
2021-11-19T10:23:55,190|[TRACE] script - #out(`U`) [token]
2021-11-19T10:23:55,190|[TRACE] graph - <------- nonSkippedChar
2021-11-19T10:23:55,190|[TRACE] graph - <----- statementPart
2021-11-19T10:23:55,190|[TRACE] graph - -----> statementPart
2021-11-19T10:23:55,190|[TRACE] graph - -------> nonSkippedChar
2021-11-19T10:23:55,190|[TRACE] script - #out(`L`) [token]
2021-11-19T10:23:55,190|[TRACE] graph - <------- nonSkippedChar
2021-11-19T10:23:55,190|[TRACE] graph - <----- statementPart
2021-11-19T10:23:55,190|[TRACE] graph - -----> statementPart
2021-11-19T10:23:55,190|[TRACE] graph - -------> nonSkippedChar
2021-11-19T10:23:55,190|[TRACE] script - #out(`L`) [token]
2021-11-19T10:23:55,190|[TRACE] graph - <------- nonSkippedChar
2021-11-19T10:23:55,190|[TRACE] graph - <----- statementPart
2021-11-19T10:23:55,190|[TRACE] graph - -----> statementPart
2021-11-19T10:23:55,190|[TRACE] graph - -------> nonSkippedSpace
2021-11-19T10:23:55,190|[TRACE] script - #out(` `) [token]
2021-11-19T10:23:55,190|[TRACE] graph - <------- nonSkippedSpace
2021-11-19T10:23:55,190|[TRACE] graph - <----- statementPart
2021-11-19T10:23:55,190|[TRACE] graph - -----> statementPart
2021-11-19T10:23:55,190|[TRACE] graph - -------> nonSkippedChar
2021-11-19T10:23:55,190|[TRACE] script - #out(`D`) [token]
2021-11-19T10:23:55,190|[TRACE] graph - <------- nonSkippedChar
2021-11-19T10:23:55,190|[TRACE] graph - <----- statementPart
2021-11-19T10:23:55,190|[TRACE] graph - -----> statementPart
2021-11-19T10:23:55,190|[TRACE] graph - -------> nonSkippedChar
2021-11-19T10:23:55,190|[TRACE] script - #out(`E`) [token]
2021-11-19T10:23:55,190|[TRACE] graph - <------- nonSkippedChar
2021-11-19T10:23:55,190|[TRACE] graph - <----- statementPart
2021-11-19T10:23:55,190|[TRACE] graph - -----> statementPart
2021-11-19T10:23:55,190|[TRACE] graph - -------> nonSkippedChar
2021-11-19T10:23:55,190|[TRACE] script - #out(`F`) [token]
2021-11-19T10:23:55,190|[TRACE] graph - <------- nonSkippedChar
2021-11-19T10:23:55,190|[TRACE] graph - <----- statementPart
2021-11-19T10:23:55,190|[TRACE] graph - -----> statementPart
2021-11-19T10:23:55,190|[TRACE] graph - -------> nonSkippedChar
2021-11-19T10:23:55,190|[TRACE] script - #out(`A`) [token]
2021-11-19T10:23:55,190|[TRACE] graph - <------- nonSkippedChar
2021-11-19T10:23:55,190|[TRACE] graph - <----- statementPart
2021-11-19T10:23:55,190|[TRACE] graph - -----> statementPart
2021-11-19T10:23:55,190|[TRACE] graph - -------> nonSkippedChar
2021-11-19T10:23:55,190|[TRACE] script - #out(`U`) [token]
2021-11-19T10:23:55,190|[TRACE] graph - <------- nonSkippedChar
2021-11-19T10:23:55,190|[TRACE] graph - <----- statementPart
2021-11-19T10:23:55,190|[TRACE] graph - -----> statementPart
2021-11-19T10:23:55,190|[TRACE] graph - -------> nonSkippedChar
2021-11-19T10:23:55,190|[TRACE] script - #out(`L`) [token]
2021-11-19T10:23:55,190|[TRACE] graph - <------- nonSkippedChar
2021-11-19T10:23:55,190|[TRACE] graph - <----- statementPart
2021-11-19T10:23:55,190|[TRACE] graph - -----> statementPart
2021-11-19T10:23:55,190|[TRACE] graph - -------> nonSkippedChar
2021-11-19T10:23:55,190|[TRACE] script - #out(`T`) [token]
2021-11-19T10:23:55,190|[TRACE] graph - <------- nonSkippedChar
2021-11-19T10:23:55,190|[TRACE] graph - <----- statementPart
2021-11-19T10:23:55,190|[TRACE] graph - -----> statementPart
2021-11-19T10:23:55,190|[TRACE] graph - -------> nonSkippedSpace
2021-11-19T10:23:55,190|[TRACE] script - #out(` `) [token]
2021-11-19T10:23:55,190|[TRACE] graph - <------- nonSkippedSpace
2021-11-19T10:23:55,190|[TRACE] graph - <----- statementPart
2021-11-19T10:23:55,190|[TRACE] graph - -----> statementPart
2021-11-19T10:23:55,190|[TRACE] graph - -------> nonSkippedChar
2021-11-19T10:23:55,190|[TRACE] script - #out(`(`) [token]
2021-11-19T10:23:55,190|[TRACE] graph - <------- nonSkippedChar
2021-11-19T10:23:55,190|[TRACE] graph - <----- statementPart
2021-11-19T10:23:55,190|[TRACE] graph - -----> statementPart
2021-11-19T10:23:55,190|[TRACE] graph - -------> nonSkippedChar
2021-11-19T10:23:55,190|[TRACE] script - #out(`u`) [token]
2021-11-19T10:23:55,190|[TRACE] graph - <------- nonSkippedChar
2021-11-19T10:23:55,190|[TRACE] graph - <----- statementPart
2021-11-19T10:23:55,190|[TRACE] graph - -----> statementPart
2021-11-19T10:23:55,190|[TRACE] graph - -------> nonSkippedChar
2021-11-19T10:23:55,190|[TRACE] script - #out(`n`) [token]
2021-11-19T10:23:55,190|[TRACE] graph - <------- nonSkippedChar
2021-11-19T10:23:55,190|[TRACE] graph - <----- statementPart
2021-11-19T10:23:55,190|[TRACE] graph - -----> statementPart
2021-11-19T10:23:55,190|[TRACE] graph - -------> nonSkippedChar
2021-11-19T10:23:55,190|[TRACE] script - #out(`i`) [token]
2021-11-19T10:23:55,190|[TRACE] graph - <------- nonSkippedChar
2021-11-19T10:23:55,190|[TRACE] graph - <----- statementPart
2021-11-19T10:23:55,190|[TRACE] graph - -----> statementPart
2021-11-19T10:23:55,190|[TRACE] graph - -------> nonSkippedChar
2021-11-19T10:23:55,190|[TRACE] script - #out(`x`) [token]
2021-11-19T10:23:55,190|[TRACE] graph - <------- nonSkippedChar
2021-11-19T10:23:55,190|[TRACE] graph - <----- statementPart
2021-11-19T10:23:55,190|[TRACE] graph - -----> statementPart
2021-11-19T10:23:55,190|[TRACE] graph - -------> nonSkippedChar
2021-11-19T10:23:55,190|[TRACE] script - #out(`_`) [token]
2021-11-19T10:23:55,190|[TRACE] graph - <------- nonSkippedChar
2021-11-19T10:23:55,190|[TRACE] graph - <----- statementPart
2021-11-19T10:23:55,190|[TRACE] graph - -----> statementPart
2021-11-19T10:23:55,190|[TRACE] graph - -------> nonSkippedChar
2021-11-19T10:23:55,190|[TRACE] script - #out(`t`) [token]
2021-11-19T10:23:55,190|[TRACE] graph - <------- nonSkippedChar
2021-11-19T10:23:55,190|[TRACE] graph - <----- statementPart
2021-11-19T10:23:55,190|[TRACE] graph - -----> statementPart
2021-11-19T10:23:55,190|[TRACE] graph - -------> nonSkippedChar
2021-11-19T10:23:55,190|[TRACE] script - #out(`i`) [token]
2021-11-19T10:23:55,190|[TRACE] graph - <------- nonSkippedChar
2021-11-19T10:23:55,190|[TRACE] graph - <----- statementPart
2021-11-19T10:23:55,190|[TRACE] graph - -----> statementPart
2021-11-19T10:23:55,190|[TRACE] graph - -------> nonSkippedChar
2021-11-19T10:23:55,190|[TRACE] script - #out(`m`) [token]
2021-11-19T10:23:55,191|[TRACE] graph - <------- nonSkippedChar
2021-11-19T10:23:55,191|[TRACE] graph - <----- statementPart
2021-11-19T10:23:55,191|[TRACE] graph - -----> statementPart
2021-11-19T10:23:55,191|[TRACE] graph - -------> nonSkippedChar
2021-11-19T10:23:55,191|[TRACE] script - #out(`e`) [token]
2021-11-19T10:23:55,191|[TRACE] graph - <------- nonSkippedChar
2021-11-19T10:23:55,191|[TRACE] graph - <----- statementPart
2021-11-19T10:23:55,191|[TRACE] graph - -----> statementPart
2021-11-19T10:23:55,191|[TRACE] graph - -------> nonSkippedChar
2021-11-19T10:23:55,191|[TRACE] script - #out(`s`) [token]
2021-11-19T10:23:55,191|[TRACE] graph - <------- nonSkippedChar
2021-11-19T10:23:55,191|[TRACE] graph - <----- statementPart
2021-11-19T10:23:55,191|[TRACE] graph - -----> statementPart
2021-11-19T10:23:55,191|[TRACE] graph - -------> nonSkippedChar
2021-11-19T10:23:55,191|[TRACE] script - #out(`t`) [token]
2021-11-19T10:23:55,191|[TRACE] graph - <------- nonSkippedChar
2021-11-19T10:23:55,191|[TRACE] graph - <----- statementPart
2021-11-19T10:23:55,191|[TRACE] graph - -----> statementPart
2021-11-19T10:23:55,191|[TRACE] graph - -------> nonSkippedChar
2021-11-19T10:23:55,191|[TRACE] script - #out(`a`) [token]
2021-11-19T10:23:55,191|[TRACE] graph - <------- nonSkippedChar
2021-11-19T10:23:55,191|[TRACE] graph - <----- statementPart
2021-11-19T10:23:55,191|[TRACE] graph - -----> statementPart
2021-11-19T10:23:55,191|[TRACE] graph - -------> nonSkippedChar
2021-11-19T10:23:55,191|[TRACE] script - #out(`m`) [token]
2021-11-19T10:23:55,191|[TRACE] graph - <------- nonSkippedChar
2021-11-19T10:23:55,191|[TRACE] graph - <----- statementPart
2021-11-19T10:23:55,191|[TRACE] graph - -----> statementPart
2021-11-19T10:23:55,191|[TRACE] graph - -------> nonSkippedChar
2021-11-19T10:23:55,191|[TRACE] script - #out(`p`) [token]
2021-11-19T10:23:55,191|[TRACE] graph - <------- nonSkippedChar
2021-11-19T10:23:55,191|[TRACE] graph - <----- statementPart
2021-11-19T10:23:55,191|[TRACE] graph - -----> statementPart
2021-11-19T10:23:55,191|[TRACE] graph - -------> nonSkippedChar
2021-11-19T10:23:55,191|[TRACE] script - #out(`(`) [token]
2021-11-19T10:23:55,191|[TRACE] graph - <------- nonSkippedChar
2021-11-19T10:23:55,191|[TRACE] graph - <----- statementPart
2021-11-19T10:23:55,191|[TRACE] graph - -----> statementPart
2021-11-19T10:23:55,191|[TRACE] graph - -------> nonSkippedChar
2021-11-19T10:23:55,191|[TRACE] script - #out(`n`) [token]
2021-11-19T10:23:55,191|[TRACE] graph - <------- nonSkippedChar
2021-11-19T10:23:55,191|[TRACE] graph - <----- statementPart
2021-11-19T10:23:55,191|[TRACE] graph - -----> statementPart
2021-11-19T10:23:55,191|[TRACE] graph - -------> nonSkippedChar
2021-11-19T10:23:55,191|[TRACE] script - #out(`o`) [token]
2021-11-19T10:23:55,191|[TRACE] graph - <------- nonSkippedChar
2021-11-19T10:23:55,191|[TRACE] graph - <----- statementPart
2021-11-19T10:23:55,191|[TRACE] graph - -----> statementPart
2021-11-19T10:23:55,191|[TRACE] graph - -------> nonSkippedChar
2021-11-19T10:23:55,191|[TRACE] script - #out(`w`) [token]
2021-11-19T10:23:55,191|[TRACE] graph - <------- nonSkippedChar
2021-11-19T10:23:55,191|[TRACE] graph - <----- statementPart
2021-11-19T10:23:55,191|[TRACE] graph - -----> statementPart
2021-11-19T10:23:55,191|[TRACE] graph - -------> nonSkippedChar
2021-11-19T10:23:55,191|[TRACE] script - #out(`(`) [token]
2021-11-19T10:23:55,191|[TRACE] graph - <------- nonSkippedChar
2021-11-19T10:23:55,248|[TRACE] graph - <----- statementPart
2021-11-19T10:23:55,248|[TRACE] graph - -----> statementPart
2021-11-19T10:23:55,248|[TRACE] graph - -------> nonSkippedChar
2021-11-19T10:23:55,248|[TRACE] script - #out(`)`) [token]
2021-11-19T10:23:55,248|[TRACE] graph - <------- nonSkippedChar
2021-11-19T10:23:55,248|[TRACE] graph - <----- statementPart
2021-11-19T10:23:55,248|[TRACE] graph - -----> statementPart
2021-11-19T10:23:55,248|[TRACE] graph - -------> nonSkippedChar
2021-11-19T10:23:55,248|[TRACE] script - #out(`)`) [token]
2021-11-19T10:23:55,248|[TRACE] graph - <------- nonSkippedChar
2021-11-19T10:23:55,248|[TRACE] graph - <----- statementPart
2021-11-19T10:23:55,248|[TRACE] graph - -----> statementPart
2021-11-19T10:23:55,248|[TRACE] graph - -------> nonSkippedSpace
2021-11-19T10:23:55,248|[TRACE] script - #out(` `) [token]
2021-11-19T10:23:55,248|[TRACE] graph - <------- nonSkippedSpace
2021-11-19T10:23:55,248|[TRACE] graph - <----- statementPart
2021-11-19T10:23:55,248|[TRACE] graph - -----> statementPart
2021-11-19T10:23:55,248|[TRACE] graph - -------> nonSkippedChar
2021-11-19T10:23:55,248|[TRACE] script - #out(`*`) [token]
2021-11-19T10:23:55,248|[TRACE] graph - <------- nonSkippedChar
2021-11-19T10:23:55,248|[TRACE] graph - <----- statementPart
2021-11-19T10:23:55,248|[TRACE] graph - -----> statementPart
2021-11-19T10:23:55,248|[TRACE] graph - -------> nonSkippedSpace
2021-11-19T10:23:55,248|[TRACE] script - #out(` `) [token]
2021-11-19T10:23:55,248|[TRACE] graph - <------- nonSkippedSpace
2021-11-19T10:23:55,248|[TRACE] graph - <----- statementPart
2021-11-19T10:23:55,248|[TRACE] graph - -----> statementPart
2021-11-19T10:23:55,248|[TRACE] graph - -------> nonSkippedChar
2021-11-19T10:23:55,248|[TRACE] script - #out(`1`) [token]
2021-11-19T10:23:55,248|[TRACE] graph - <------- nonSkippedChar
2021-11-19T10:23:55,248|[TRACE] graph - <----- statementPart
2021-11-19T10:23:55,248|[TRACE] graph - -----> statementPart
2021-11-19T10:23:55,248|[TRACE] graph - -------> nonSkippedChar
2021-11-19T10:23:55,248|[TRACE] script - #out(`0`) [token]
2021-11-19T10:23:55,248|[TRACE] graph - <------- nonSkippedChar
2021-11-19T10:23:55,248|[TRACE] graph - <----- statementPart
2021-11-19T10:23:55,248|[TRACE] graph - -----> statementPart
2021-11-19T10:23:55,248|[TRACE] graph - -------> nonSkippedChar
2021-11-19T10:23:55,248|[TRACE] script - #out(`0`) [token]
2021-11-19T10:23:55,248|[TRACE] graph - <------- nonSkippedChar
2021-11-19T10:23:55,248|[TRACE] graph - <----- statementPart
2021-11-19T10:23:55,248|[TRACE] graph - -----> statementPart
2021-11-19T10:23:55,248|[TRACE] graph - -------> nonSkippedChar
2021-11-19T10:23:55,248|[TRACE] script - #out(`0`) [token]
2021-11-19T10:23:55,248|[TRACE] graph - <------- nonSkippedChar
2021-11-19T10:23:55,248|[TRACE] graph - <----- statementPart
2021-11-19T10:23:55,248|[TRACE] graph - -----> statementPart
2021-11-19T10:23:55,248|[TRACE] graph - -------> nonSkippedChar
2021-11-19T10:23:55,248|[TRACE] script - #out(`)`) [token]
2021-11-19T10:23:55,248|[TRACE] graph - <------- nonSkippedChar
2021-11-19T10:23:55,248|[TRACE] graph - <----- statementPart
2021-11-19T10:23:55,248|[TRACE] graph - -----> statementPart
2021-11-19T10:23:55,248|[TRACE] graph - -------> nonSkippedChar
2021-11-19T10:23:55,248|[TRACE] script - #out(`,`) [token]
2021-11-19T10:23:55,248|[TRACE] graph - <------- nonSkippedChar
2021-11-19T10:23:55,248|[TRACE] graph - <----- statementPart
2021-11-19T10:23:55,248|[TRACE] graph - -----> afterStatementPartNewline
2021-11-19T10:23:55,248|[TRACE] script - #out(` `) [text]
2021-11-19T10:23:55,248|[TRACE] graph - <----- afterStatementPartNewline
2021-11-19T10:23:55,248|[TRACE] graph - -----> statementPart
2021-11-19T10:23:55,248|[TRACE] graph - -------> nonSkippedSpace
2021-11-19T10:23:55,248|[TRACE] script - #out(` `) [token]
2021-11-19T10:23:55,248|[TRACE] graph - <------- nonSkippedSpace
2021-11-19T10:23:55,248|[TRACE] graph - <----- statementPart
2021-11-19T10:23:55,248|[TRACE] graph - -----> statementPart
2021-11-19T10:23:55,248|[TRACE] graph - -------> nonSkippedSpace
2021-11-19T10:23:55,248|[TRACE] script - #out(` `) [token]
2021-11-19T10:23:55,248|[TRACE] graph - <------- nonSkippedSpace
2021-11-19T10:23:55,248|[TRACE] graph - <----- statementPart
2021-11-19T10:23:55,248|[TRACE] graph - -----> statementPart
2021-11-19T10:23:55,249|[TRACE] graph - -------> quotedString
2021-11-19T10:23:55,249|[TRACE] script - #out(``updated``) [token]
2021-11-19T10:23:55,249|[TRACE] graph - <------- quotedString
2021-11-19T10:23:55,249|[TRACE] graph - <----- statementPart
2021-11-19T10:23:55,249|[TRACE] graph - -----> statementPart
2021-11-19T10:23:55,249|[TRACE] graph - -------> nonSkippedSpace
2021-11-19T10:23:55,249|[TRACE] script - #out(` `) [token]
2021-11-19T10:23:55,249|[TRACE] graph - <------- nonSkippedSpace
2021-11-19T10:23:55,249|[TRACE] graph - <----- statementPart
2021-11-19T10:23:55,249|[TRACE] graph - -----> statementPart
2021-11-19T10:23:55,249|[TRACE] graph - -------> nonSkippedChar
2021-11-19T10:23:55,249|[TRACE] script - #out(`B`) [token]
2021-11-19T10:23:55,249|[TRACE] graph - <------- nonSkippedChar
2021-11-19T10:23:55,249|[TRACE] graph - <----- statementPart
2021-11-19T10:23:55,249|[TRACE] graph - -----> statementPart
2021-11-19T10:23:55,249|[TRACE] graph - -------> nonSkippedChar
2021-11-19T10:23:55,249|[TRACE] script - #out(`I`) [token]
2021-11-19T10:23:55,249|[TRACE] graph - <------- nonSkippedChar
2021-11-19T10:23:55,249|[TRACE] graph - <----- statementPart
2021-11-19T10:23:55,249|[TRACE] graph - -----> statementPart
2021-11-19T10:23:55,249|[TRACE] graph - -------> nonSkippedChar
2021-11-19T10:23:55,249|[TRACE] script - #out(`G`) [token]
2021-11-19T10:23:55,249|[TRACE] graph - <------- nonSkippedChar
2021-11-19T10:23:55,249|[TRACE] graph - <----- statementPart
2021-11-19T10:23:55,249|[TRACE] graph - -----> statementPart
2021-11-19T10:23:55,249|[TRACE] graph - -------> nonSkippedChar
2021-11-19T10:23:55,249|[TRACE] script - #out(`I`) [token]
2021-11-19T10:23:55,249|[TRACE] graph - <------- nonSkippedChar
2021-11-19T10:23:55,249|[TRACE] graph - <----- statementPart
2021-11-19T10:23:55,249|[TRACE] graph - -----> statementPart
2021-11-19T10:23:55,249|[TRACE] graph - -------> nonSkippedChar
2021-11-19T10:23:55,249|[TRACE] script - #out(`N`) [token]
2021-11-19T10:23:55,249|[TRACE] graph - <------- nonSkippedChar
2021-11-19T10:23:55,249|[TRACE] graph - <----- statementPart
2021-11-19T10:23:55,249|[TRACE] graph - -----> statementPart
2021-11-19T10:23:55,249|[TRACE] graph - -------> nonSkippedChar
2021-11-19T10:23:55,249|[TRACE] script - #out(`T`) [token]
2021-11-19T10:23:55,249|[TRACE] graph - <------- nonSkippedChar
2021-11-19T10:23:55,249|[TRACE] graph - <----- statementPart
2021-11-19T10:23:55,249|[TRACE] graph - -----> statementPart
2021-11-19T10:23:55,249|[TRACE] graph - -------> nonSkippedSpace
2021-11-19T10:23:55,249|[TRACE] script - #out(` `) [token]
2021-11-19T10:23:55,249|[TRACE] graph - <------- nonSkippedSpace
2021-11-19T10:23:55,249|[TRACE] graph - <----- statementPart
2021-11-19T10:23:55,249|[TRACE] graph - -----> statementPart
2021-11-19T10:23:55,249|[TRACE] graph - -------> nonSkippedChar
2021-11-19T10:23:55,249|[TRACE] script - #out(`N`) [token]
2021-11-19T10:23:55,249|[TRACE] graph - <------- nonSkippedChar
2021-11-19T10:23:55,249|[TRACE] graph - <----- statementPart
2021-11-19T10:23:55,249|[TRACE] graph - -----> statementPart
2021-11-19T10:23:55,249|[TRACE] graph - -------> nonSkippedChar
2021-11-19T10:23:55,249|[TRACE] script - #out(`O`) [token]
2021-11-19T10:23:55,249|[TRACE] graph - <------- nonSkippedChar
2021-11-19T10:23:55,249|[TRACE] graph - <----- statementPart
2021-11-19T10:23:55,249|[TRACE] graph - -----> statementPart
2021-11-19T10:23:55,249|[TRACE] graph - -------> nonSkippedChar
2021-11-19T10:23:55,249|[TRACE] script - #out(`T`) [token]
2021-11-19T10:23:55,249|[TRACE] graph - <------- nonSkippedChar
2021-11-19T10:23:55,249|[TRACE] graph - <----- statementPart
2021-11-19T10:23:55,249|[TRACE] graph - -----> statementPart
2021-11-19T10:23:55,249|[TRACE] graph - -------> nonSkippedSpace
2021-11-19T10:23:55,249|[TRACE] script - #out(` `) [token]
2021-11-19T10:23:55,249|[TRACE] graph - <------- nonSkippedSpace
2021-11-19T10:23:55,249|[TRACE] graph - <----- statementPart
2021-11-19T10:23:55,249|[TRACE] graph - -----> statementPart
2021-11-19T10:23:55,249|[TRACE] graph - -------> nonSkippedChar
2021-11-19T10:23:55,249|[TRACE] script - #out(`N`) [token]
2021-11-19T10:23:55,249|[TRACE] graph - <------- nonSkippedChar
2021-11-19T10:23:55,249|[TRACE] graph - <----- statementPart
2021-11-19T10:23:55,249|[TRACE] graph - -----> statementPart
2021-11-19T10:23:55,249|[TRACE] graph - -------> nonSkippedChar
2021-11-19T10:23:55,249|[TRACE] script - #out(`U`) [token]
2021-11-19T10:23:55,249|[TRACE] graph - <------- nonSkippedChar
2021-11-19T10:23:55,249|[TRACE] graph - <----- statementPart
2021-11-19T10:23:55,249|[TRACE] graph - -----> statementPart
2021-11-19T10:23:55,249|[TRACE] graph - -------> nonSkippedChar
2021-11-19T10:23:55,249|[TRACE] script - #out(`L`) [token]
2021-11-19T10:23:55,249|[TRACE] graph - <------- nonSkippedChar
2021-11-19T10:23:55,249|[TRACE] graph - <----- statementPart
2021-11-19T10:23:55,249|[TRACE] graph - -----> statementPart
2021-11-19T10:23:55,249|[TRACE] graph - -------> nonSkippedChar
2021-11-19T10:23:55,249|[TRACE] script - #out(`L`) [token]
2021-11-19T10:23:55,249|[TRACE] graph - <------- nonSkippedChar
2021-11-19T10:23:55,249|[TRACE] graph - <----- statementPart
2021-11-19T10:23:55,249|[TRACE] graph - -----> statementPart
2021-11-19T10:23:55,249|[TRACE] graph - -------> nonSkippedSpace
2021-11-19T10:23:55,249|[TRACE] script - #out(` `) [token]
2021-11-19T10:23:55,249|[TRACE] graph - <------- nonSkippedSpace
2021-11-19T10:23:55,249|[TRACE] graph - <----- statementPart
2021-11-19T10:23:55,249|[TRACE] graph - -----> statementPart
2021-11-19T10:23:55,249|[TRACE] graph - -------> nonSkippedChar
2021-11-19T10:23:55,249|[TRACE] script - #out(`D`) [token]
2021-11-19T10:23:55,249|[TRACE] graph - <------- nonSkippedChar
2021-11-19T10:23:55,249|[TRACE] graph - <----- statementPart
2021-11-19T10:23:55,249|[TRACE] graph - -----> statementPart
2021-11-19T10:23:55,249|[TRACE] graph - -------> nonSkippedChar
2021-11-19T10:23:55,249|[TRACE] script - #out(`E`) [token]
2021-11-19T10:23:55,249|[TRACE] graph - <------- nonSkippedChar
2021-11-19T10:23:55,249|[TRACE] graph - <----- statementPart
2021-11-19T10:23:55,249|[TRACE] graph - -----> statementPart
2021-11-19T10:23:55,249|[TRACE] graph - -------> nonSkippedChar
2021-11-19T10:23:55,249|[TRACE] script - #out(`F`) [token]
2021-11-19T10:23:55,249|[TRACE] graph - <------- nonSkippedChar
2021-11-19T10:23:55,249|[TRACE] graph - <----- statementPart
2021-11-19T10:23:55,249|[TRACE] graph - -----> statementPart
2021-11-19T10:23:55,249|[TRACE] graph - -------> nonSkippedChar
2021-11-19T10:23:55,249|[TRACE] script - #out(`A`) [token]
2021-11-19T10:23:55,249|[TRACE] graph - <------- nonSkippedChar
2021-11-19T10:23:55,249|[TRACE] graph - <----- statementPart
2021-11-19T10:23:55,249|[TRACE] graph - -----> statementPart
2021-11-19T10:23:55,249|[TRACE] graph - -------> nonSkippedChar
2021-11-19T10:23:55,249|[TRACE] script - #out(`U`) [token]
2021-11-19T10:23:55,249|[TRACE] graph - <------- nonSkippedChar
2021-11-19T10:23:55,249|[TRACE] graph - <----- statementPart
2021-11-19T10:23:55,249|[TRACE] graph - -----> statementPart
2021-11-19T10:23:55,249|[TRACE] graph - -------> nonSkippedChar
2021-11-19T10:23:55,249|[TRACE] script - #out(`L`) [token]
2021-11-19T10:23:55,249|[TRACE] graph - <------- nonSkippedChar
2021-11-19T10:23:55,249|[TRACE] graph - <----- statementPart
2021-11-19T10:23:55,249|[TRACE] graph - -----> statementPart
2021-11-19T10:23:55,249|[TRACE] graph - -------> nonSkippedChar
2021-11-19T10:23:55,249|[TRACE] script - #out(`T`) [token]
2021-11-19T10:23:55,249|[TRACE] graph - <------- nonSkippedChar
2021-11-19T10:23:55,249|[TRACE] graph - <----- statementPart
2021-11-19T10:23:55,249|[TRACE] graph - -----> statementPart
2021-11-19T10:23:55,249|[TRACE] graph - -------> nonSkippedSpace
2021-11-19T10:23:55,249|[TRACE] script - #out(` `) [token]
2021-11-19T10:23:55,249|[TRACE] graph - <------- nonSkippedSpace
2021-11-19T10:23:55,249|[TRACE] graph - <----- statementPart
2021-11-19T10:23:55,249|[TRACE] graph - -----> statementPart
2021-11-19T10:23:55,249|[TRACE] graph - -------> nonSkippedChar
2021-11-19T10:23:55,249|[TRACE] script - #out(`(`) [token]
2021-11-19T10:23:55,249|[TRACE] graph - <------- nonSkippedChar
2021-11-19T10:23:55,249|[TRACE] graph - <----- statementPart
2021-11-19T10:23:55,249|[TRACE] graph - -----> statementPart
2021-11-19T10:23:55,249|[TRACE] graph - -------> nonSkippedChar
2021-11-19T10:23:55,249|[TRACE] script - #out(`u`) [token]
2021-11-19T10:23:55,249|[TRACE] graph - <------- nonSkippedChar
2021-11-19T10:23:55,249|[TRACE] graph - <----- statementPart
2021-11-19T10:23:55,249|[TRACE] graph - -----> statementPart
2021-11-19T10:23:55,249|[TRACE] graph - -------> nonSkippedChar
2021-11-19T10:23:55,249|[TRACE] script - #out(`n`) [token]
2021-11-19T10:23:55,249|[TRACE] graph - <------- nonSkippedChar
2021-11-19T10:23:55,249|[TRACE] graph - <----- statementPart
2021-11-19T10:23:55,249|[TRACE] graph - -----> statementPart
2021-11-19T10:23:55,249|[TRACE] graph - -------> nonSkippedChar
2021-11-19T10:23:55,249|[TRACE] script - #out(`i`) [token]
2021-11-19T10:23:55,249|[TRACE] graph - <------- nonSkippedChar
2021-11-19T10:23:55,249|[TRACE] graph - <----- statementPart
2021-11-19T10:23:55,249|[TRACE] graph - -----> statementPart
2021-11-19T10:23:55,249|[TRACE] graph - -------> nonSkippedChar
2021-11-19T10:23:55,249|[TRACE] script - #out(`x`) [token]
2021-11-19T10:23:55,249|[TRACE] graph - <------- nonSkippedChar
2021-11-19T10:23:55,249|[TRACE] graph - <----- statementPart
2021-11-19T10:23:55,249|[TRACE] graph - -----> statementPart
2021-11-19T10:23:55,249|[TRACE] graph - -------> nonSkippedChar
2021-11-19T10:23:55,249|[TRACE] script - #out(`_`) [token]
2021-11-19T10:23:55,249|[TRACE] graph - <------- nonSkippedChar
2021-11-19T10:23:55,249|[TRACE] graph - <----- statementPart
2021-11-19T10:23:55,249|[TRACE] graph - -----> statementPart
2021-11-19T10:23:55,249|[TRACE] graph - -------> nonSkippedChar
2021-11-19T10:23:55,249|[TRACE] script - #out(`t`) [token]
2021-11-19T10:23:55,249|[TRACE] graph - <------- nonSkippedChar
2021-11-19T10:23:55,249|[TRACE] graph - <----- statementPart
2021-11-19T10:23:55,249|[TRACE] graph - -----> statementPart
2021-11-19T10:23:55,249|[TRACE] graph - -------> nonSkippedChar
2021-11-19T10:23:55,249|[TRACE] script - #out(`i`) [token]
2021-11-19T10:23:55,249|[TRACE] graph - <------- nonSkippedChar
2021-11-19T10:23:55,249|[TRACE] graph - <----- statementPart
2021-11-19T10:23:55,249|[TRACE] graph - -----> statementPart
2021-11-19T10:23:55,249|[TRACE] graph - -------> nonSkippedChar
2021-11-19T10:23:55,249|[TRACE] script - #out(`m`) [token]
2021-11-19T10:23:55,249|[TRACE] graph - <------- nonSkippedChar
2021-11-19T10:23:55,249|[TRACE] graph - <----- statementPart
2021-11-19T10:23:55,249|[TRACE] graph - -----> statementPart
2021-11-19T10:23:55,249|[TRACE] graph - -------> nonSkippedChar
2021-11-19T10:23:55,249|[TRACE] script - #out(`e`) [token]
2021-11-19T10:23:55,249|[TRACE] graph - <------- nonSkippedChar
2021-11-19T10:23:55,249|[TRACE] graph - <----- statementPart
2021-11-19T10:23:55,249|[TRACE] graph - -----> statementPart
2021-11-19T10:23:55,249|[TRACE] graph - -------> nonSkippedChar
2021-11-19T10:23:55,249|[TRACE] script - #out(`s`) [token]
2021-11-19T10:23:55,249|[TRACE] graph - <------- nonSkippedChar
2021-11-19T10:23:55,249|[TRACE] graph - <----- statementPart
2021-11-19T10:23:55,249|[TRACE] graph - -----> statementPart
2021-11-19T10:23:55,249|[TRACE] graph - -------> nonSkippedChar
2021-11-19T10:23:55,249|[TRACE] script - #out(`t`) [token]
2021-11-19T10:23:55,249|[TRACE] graph - <------- nonSkippedChar
2021-11-19T10:23:55,249|[TRACE] graph - <----- statementPart
2021-11-19T10:23:55,249|[TRACE] graph - -----> statementPart
2021-11-19T10:23:55,249|[TRACE] graph - -------> nonSkippedChar
2021-11-19T10:23:55,249|[TRACE] script - #out(`a`) [token]
2021-11-19T10:23:55,249|[TRACE] graph - <------- nonSkippedChar
2021-11-19T10:23:55,249|[TRACE] graph - <----- statementPart
2021-11-19T10:23:55,249|[TRACE] graph - -----> statementPart
2021-11-19T10:23:55,249|[TRACE] graph - -------> nonSkippedChar
2021-11-19T10:23:55,249|[TRACE] script - #out(`m`) [token]
2021-11-19T10:23:55,249|[TRACE] graph - <------- nonSkippedChar
2021-11-19T10:23:55,249|[TRACE] graph - <----- statementPart
2021-11-19T10:23:55,249|[TRACE] graph - -----> statementPart
2021-11-19T10:23:55,249|[TRACE] graph - -------> nonSkippedChar
2021-11-19T10:23:55,249|[TRACE] script - #out(`p`) [token]
2021-11-19T10:23:55,249|[TRACE] graph - <------- nonSkippedChar
2021-11-19T10:23:55,249|[TRACE] graph - <----- statementPart
2021-11-19T10:23:55,249|[TRACE] graph - -----> statementPart
2021-11-19T10:23:55,249|[TRACE] graph - -------> nonSkippedChar
2021-11-19T10:23:55,249|[TRACE] script - #out(`(`) [token]
2021-11-19T10:23:55,249|[TRACE] graph - <------- nonSkippedChar
2021-11-19T10:23:55,249|[TRACE] graph - <----- statementPart
2021-11-19T10:23:55,249|[TRACE] graph - -----> statementPart
2021-11-19T10:23:55,249|[TRACE] graph - -------> nonSkippedChar
2021-11-19T10:23:55,249|[TRACE] script - #out(`n`) [token]
2021-11-19T10:23:55,249|[TRACE] graph - <------- nonSkippedChar
2021-11-19T10:23:55,249|[TRACE] graph - <----- statementPart
2021-11-19T10:23:55,249|[TRACE] graph - -----> statementPart
2021-11-19T10:23:55,249|[TRACE] graph - -------> nonSkippedChar
2021-11-19T10:23:55,249|[TRACE] script - #out(`o`) [token]
2021-11-19T10:23:55,249|[TRACE] graph - <------- nonSkippedChar
2021-11-19T10:23:55,249|[TRACE] graph - <----- statementPart
2021-11-19T10:23:55,249|[TRACE] graph - -----> statementPart
2021-11-19T10:23:55,249|[TRACE] graph - -------> nonSkippedChar
2021-11-19T10:23:55,249|[TRACE] script - #out(`w`) [token]
2021-11-19T10:23:55,249|[TRACE] graph - <------- nonSkippedChar
2021-11-19T10:23:55,249|[TRACE] graph - <----- statementPart
2021-11-19T10:23:55,249|[TRACE] graph - -----> statementPart
2021-11-19T10:23:55,249|[TRACE] graph - -------> nonSkippedChar
2021-11-19T10:23:55,249|[TRACE] script - #out(`(`) [token]
2021-11-19T10:23:55,249|[TRACE] graph - <------- nonSkippedChar
2021-11-19T10:23:55,249|[TRACE] graph - <----- statementPart
2021-11-19T10:23:55,249|[TRACE] graph - -----> statementPart
2021-11-19T10:23:55,249|[TRACE] graph - -------> nonSkippedChar
2021-11-19T10:23:55,249|[TRACE] script - #out(`)`) [token]
2021-11-19T10:23:55,249|[TRACE] graph - <------- nonSkippedChar
2021-11-19T10:23:55,249|[TRACE] graph - <----- statementPart
2021-11-19T10:23:55,249|[TRACE] graph - -----> statementPart
2021-11-19T10:23:55,249|[TRACE] graph - -------> nonSkippedChar
2021-11-19T10:23:55,249|[TRACE] script - #out(`)`) [token]
2021-11-19T10:23:55,249|[TRACE] graph - <------- nonSkippedChar
2021-11-19T10:23:55,249|[TRACE] graph - <----- statementPart
2021-11-19T10:23:55,249|[TRACE] graph - -----> statementPart
2021-11-19T10:23:55,249|[TRACE] graph - -------> nonSkippedSpace
2021-11-19T10:23:55,249|[TRACE] script - #out(` `) [token]
2021-11-19T10:23:55,249|[TRACE] graph - <------- nonSkippedSpace
2021-11-19T10:23:55,249|[TRACE] graph - <----- statementPart
2021-11-19T10:23:55,249|[TRACE] graph - -----> statementPart
2021-11-19T10:23:55,249|[TRACE] graph - -------> nonSkippedChar
2021-11-19T10:23:55,249|[TRACE] script - #out(`*`) [token]
2021-11-19T10:23:55,249|[TRACE] graph - <------- nonSkippedChar
2021-11-19T10:23:55,249|[TRACE] graph - <----- statementPart
2021-11-19T10:23:55,249|[TRACE] graph - -----> statementPart
2021-11-19T10:23:55,249|[TRACE] graph - -------> nonSkippedSpace
2021-11-19T10:23:55,249|[TRACE] script - #out(` `) [token]
2021-11-19T10:23:55,249|[TRACE] graph - <------- nonSkippedSpace
2021-11-19T10:23:55,249|[TRACE] graph - <----- statementPart
2021-11-19T10:23:55,249|[TRACE] graph - -----> statementPart
2021-11-19T10:23:55,249|[TRACE] graph - -------> nonSkippedChar
2021-11-19T10:23:55,249|[TRACE] script - #out(`1`) [token]
2021-11-19T10:23:55,249|[TRACE] graph - <------- nonSkippedChar
2021-11-19T10:23:55,249|[TRACE] graph - <----- statementPart
2021-11-19T10:23:55,249|[TRACE] graph - -----> statementPart
2021-11-19T10:23:55,249|[TRACE] graph - -------> nonSkippedChar
2021-11-19T10:23:55,249|[TRACE] script - #out(`0`) [token]
2021-11-19T10:23:55,249|[TRACE] graph - <------- nonSkippedChar
2021-11-19T10:23:55,249|[TRACE] graph - <----- statementPart
2021-11-19T10:23:55,249|[TRACE] graph - -----> statementPart
2021-11-19T10:23:55,249|[TRACE] graph - -------> nonSkippedChar
2021-11-19T10:23:55,249|[TRACE] script - #out(`0`) [token]
2021-11-19T10:23:55,249|[TRACE] graph - <------- nonSkippedChar
2021-11-19T10:23:55,249|[TRACE] graph - <----- statementPart
2021-11-19T10:23:55,249|[TRACE] graph - -----> statementPart
2021-11-19T10:23:55,249|[TRACE] graph - -------> nonSkippedChar
2021-11-19T10:23:55,249|[TRACE] script - #out(`0`) [token]
2021-11-19T10:23:55,249|[TRACE] graph - <------- nonSkippedChar
2021-11-19T10:23:55,249|[TRACE] graph - <----- statementPart
2021-11-19T10:23:55,249|[TRACE] graph - -----> statementPart
2021-11-19T10:23:55,249|[TRACE] graph - -------> nonSkippedChar
2021-11-19T10:23:55,249|[TRACE] script - #out(`)`) [token]
2021-11-19T10:23:55,249|[TRACE] graph - <------- nonSkippedChar
2021-11-19T10:23:55,249|[TRACE] graph - <----- statementPart
2021-11-19T10:23:55,249|[TRACE] graph - -----> statementPart
2021-11-19T10:23:55,249|[TRACE] graph - -------> nonSkippedChar
2021-11-19T10:23:55,249|[TRACE] script - #out(`,`) [token]
2021-11-19T10:23:55,249|[TRACE] graph - <------- nonSkippedChar
2021-11-19T10:23:55,249|[TRACE] graph - <----- statementPart
2021-11-19T10:23:55,249|[TRACE] graph - -----> afterStatementPartNewline
2021-11-19T10:23:55,249|[TRACE] script - #out(` `) [text]
2021-11-19T10:23:55,249|[TRACE] graph - <----- afterStatementPartNewline
2021-11-19T10:23:55,249|[TRACE] graph - -----> statementPart
2021-11-19T10:23:55,249|[TRACE] graph - -------> nonSkippedSpace
2021-11-19T10:23:55,249|[TRACE] script - #out(` `) [token]
2021-11-19T10:23:55,249|[TRACE] graph - <------- nonSkippedSpace
2021-11-19T10:23:55,249|[TRACE] graph - <----- statementPart
2021-11-19T10:23:55,249|[TRACE] graph - -----> statementPart
2021-11-19T10:23:55,249|[TRACE] graph - -------> nonSkippedSpace
2021-11-19T10:23:55,249|[TRACE] script - #out(` `) [token]
2021-11-19T10:23:55,249|[TRACE] graph - <------- nonSkippedSpace
2021-11-19T10:23:55,249|[TRACE] graph - <----- statementPart
2021-11-19T10:23:55,250|[TRACE] graph - -----> statementPart
2021-11-19T10:23:55,250|[TRACE] graph - -------> quotedString
2021-11-19T10:23:55,250|[TRACE] script - #out(``version``) [token]
2021-11-19T10:23:55,250|[TRACE] graph - <------- quotedString
2021-11-19T10:23:55,250|[TRACE] graph - <----- statementPart
2021-11-19T10:23:55,250|[TRACE] graph - -----> statementPart
2021-11-19T10:23:55,250|[TRACE] graph - -------> nonSkippedSpace
2021-11-19T10:23:55,250|[TRACE] script - #out(` `) [token]
2021-11-19T10:23:55,250|[TRACE] graph - <------- nonSkippedSpace
2021-11-19T10:23:55,250|[TRACE] graph - <----- statementPart
2021-11-19T10:23:55,250|[TRACE] graph - -----> statementPart
2021-11-19T10:23:55,250|[TRACE] graph - -------> nonSkippedChar
2021-11-19T10:23:55,250|[TRACE] script - #out(`I`) [token]
2021-11-19T10:23:55,250|[TRACE] graph - <------- nonSkippedChar
2021-11-19T10:23:55,250|[TRACE] graph - <----- statementPart
2021-11-19T10:23:55,250|[TRACE] graph - -----> statementPart
2021-11-19T10:23:55,250|[TRACE] graph - -------> nonSkippedChar
2021-11-19T10:23:55,250|[TRACE] script - #out(`N`) [token]
2021-11-19T10:23:55,250|[TRACE] graph - <------- nonSkippedChar
2021-11-19T10:23:55,250|[TRACE] graph - <----- statementPart
2021-11-19T10:23:55,250|[TRACE] graph - -----> statementPart
2021-11-19T10:23:55,250|[TRACE] graph - -------> nonSkippedChar
2021-11-19T10:23:55,250|[TRACE] script - #out(`T`) [token]
2021-11-19T10:23:55,250|[TRACE] graph - <------- nonSkippedChar
2021-11-19T10:23:55,250|[TRACE] graph - <----- statementPart
2021-11-19T10:23:55,250|[TRACE] graph - -----> statementPart
2021-11-19T10:23:55,250|[TRACE] graph - -------> nonSkippedSpace
2021-11-19T10:23:55,250|[TRACE] script - #out(` `) [token]
2021-11-19T10:23:55,250|[TRACE] graph - <------- nonSkippedSpace
2021-11-19T10:23:55,250|[TRACE] graph - <----- statementPart
2021-11-19T10:23:55,250|[TRACE] graph - -----> statementPart
2021-11-19T10:23:55,250|[TRACE] graph - -------> nonSkippedChar
2021-11-19T10:23:55,250|[TRACE] script - #out(`N`) [token]
2021-11-19T10:23:55,250|[TRACE] graph - <------- nonSkippedChar
2021-11-19T10:23:55,250|[TRACE] graph - <----- statementPart
2021-11-19T10:23:55,250|[TRACE] graph - -----> statementPart
2021-11-19T10:23:55,250|[TRACE] graph - -------> nonSkippedChar
2021-11-19T10:23:55,250|[TRACE] script - #out(`O`) [token]
2021-11-19T10:23:55,250|[TRACE] graph - <------- nonSkippedChar
2021-11-19T10:23:55,250|[TRACE] graph - <----- statementPart
2021-11-19T10:23:55,250|[TRACE] graph - -----> statementPart
2021-11-19T10:23:55,250|[TRACE] graph - -------> nonSkippedChar
2021-11-19T10:23:55,250|[TRACE] script - #out(`T`) [token]
2021-11-19T10:23:55,250|[TRACE] graph - <------- nonSkippedChar
2021-11-19T10:23:55,250|[TRACE] graph - <----- statementPart
2021-11-19T10:23:55,250|[TRACE] graph - -----> statementPart
2021-11-19T10:23:55,250|[TRACE] graph - -------> nonSkippedSpace
2021-11-19T10:23:55,250|[TRACE] script - #out(` `) [token]
2021-11-19T10:23:55,250|[TRACE] graph - <------- nonSkippedSpace
2021-11-19T10:23:55,250|[TRACE] graph - <----- statementPart
2021-11-19T10:23:55,250|[TRACE] graph - -----> statementPart
2021-11-19T10:23:55,250|[TRACE] graph - -------> nonSkippedChar
2021-11-19T10:23:55,250|[TRACE] script - #out(`N`) [token]
2021-11-19T10:23:55,250|[TRACE] graph - <------- nonSkippedChar
2021-11-19T10:23:55,250|[TRACE] graph - <----- statementPart
2021-11-19T10:23:55,250|[TRACE] graph - -----> statementPart
2021-11-19T10:23:55,250|[TRACE] graph - -------> nonSkippedChar
2021-11-19T10:23:55,250|[TRACE] script - #out(`U`) [token]
2021-11-19T10:23:55,250|[TRACE] graph - <------- nonSkippedChar
2021-11-19T10:23:55,250|[TRACE] graph - <----- statementPart
2021-11-19T10:23:55,250|[TRACE] graph - -----> statementPart
2021-11-19T10:23:55,250|[TRACE] graph - -------> nonSkippedChar
2021-11-19T10:23:55,250|[TRACE] script - #out(`L`) [token]
2021-11-19T10:23:55,250|[TRACE] graph - <------- nonSkippedChar
2021-11-19T10:23:55,250|[TRACE] graph - <----- statementPart
2021-11-19T10:23:55,250|[TRACE] graph - -----> statementPart
2021-11-19T10:23:55,250|[TRACE] graph - -------> nonSkippedChar
2021-11-19T10:23:55,250|[TRACE] script - #out(`L`) [token]
2021-11-19T10:23:55,250|[TRACE] graph - <------- nonSkippedChar
2021-11-19T10:23:55,250|[TRACE] graph - <----- statementPart
2021-11-19T10:23:55,250|[TRACE] graph - -----> statementPart
2021-11-19T10:23:55,250|[TRACE] graph - -------> nonSkippedSpace
2021-11-19T10:23:55,250|[TRACE] script - #out(` `) [token]
2021-11-19T10:23:55,250|[TRACE] graph - <------- nonSkippedSpace
2021-11-19T10:23:55,250|[TRACE] graph - <----- statementPart
2021-11-19T10:23:55,250|[TRACE] graph - -----> statementPart
2021-11-19T10:23:55,250|[TRACE] graph - -------> nonSkippedChar
2021-11-19T10:23:55,250|[TRACE] script - #out(`D`) [token]
2021-11-19T10:23:55,250|[TRACE] graph - <------- nonSkippedChar
2021-11-19T10:23:55,250|[TRACE] graph - <----- statementPart
2021-11-19T10:23:55,250|[TRACE] graph - -----> statementPart
2021-11-19T10:23:55,250|[TRACE] graph - -------> nonSkippedChar
2021-11-19T10:23:55,250|[TRACE] script - #out(`E`) [token]
2021-11-19T10:23:55,250|[TRACE] graph - <------- nonSkippedChar
2021-11-19T10:23:55,250|[TRACE] graph - <----- statementPart
2021-11-19T10:23:55,250|[TRACE] graph - -----> statementPart
2021-11-19T10:23:55,250|[TRACE] graph - -------> nonSkippedChar
2021-11-19T10:23:55,250|[TRACE] script - #out(`F`) [token]
2021-11-19T10:23:55,250|[TRACE] graph - <------- nonSkippedChar
2021-11-19T10:23:55,250|[TRACE] graph - <----- statementPart
2021-11-19T10:23:55,250|[TRACE] graph - -----> statementPart
2021-11-19T10:23:55,250|[TRACE] graph - -------> nonSkippedChar
2021-11-19T10:23:55,250|[TRACE] script - #out(`A`) [token]
2021-11-19T10:23:55,250|[TRACE] graph - <------- nonSkippedChar
2021-11-19T10:23:55,250|[TRACE] graph - <----- statementPart
2021-11-19T10:23:55,250|[TRACE] graph - -----> statementPart
2021-11-19T10:23:55,250|[TRACE] graph - -------> nonSkippedChar
2021-11-19T10:23:55,250|[TRACE] script - #out(`U`) [token]
2021-11-19T10:23:55,314|[TRACE] graph - <------- nonSkippedChar
2021-11-19T10:23:55,314|[TRACE] graph - <----- statementPart
2021-11-19T10:23:55,314|[TRACE] graph - -----> statementPart
2021-11-19T10:23:55,314|[TRACE] graph - -------> nonSkippedChar
2021-11-19T10:23:55,314|[TRACE] script - #out(`L`) [token]
2021-11-19T10:23:55,314|[TRACE] graph - <------- nonSkippedChar
2021-11-19T10:23:55,314|[TRACE] graph - <----- statementPart
2021-11-19T10:23:55,314|[TRACE] graph - -----> statementPart
2021-11-19T10:23:55,314|[TRACE] graph - -------> nonSkippedChar
2021-11-19T10:23:55,314|[TRACE] script - #out(`T`) [token]
2021-11-19T10:23:55,314|[TRACE] graph - <------- nonSkippedChar
2021-11-19T10:23:55,314|[TRACE] graph - <----- statementPart
2021-11-19T10:23:55,314|[TRACE] graph - -----> statementPart
2021-11-19T10:23:55,314|[TRACE] graph - -------> nonSkippedSpace
2021-11-19T10:23:55,314|[TRACE] script - #out(` `) [token]
2021-11-19T10:23:55,314|[TRACE] graph - <------- nonSkippedSpace
2021-11-19T10:23:55,314|[TRACE] graph - <----- statementPart
2021-11-19T10:23:55,314|[TRACE] graph - -----> statementPart
2021-11-19T10:23:55,314|[TRACE] graph - -------> nonSkippedChar
2021-11-19T10:23:55,314|[TRACE] script - #out(`1`) [token]
2021-11-19T10:23:55,314|[TRACE] graph - <------- nonSkippedChar
2021-11-19T10:23:55,314|[TRACE] graph - <----- statementPart
2021-11-19T10:23:55,314|[TRACE] graph - -----> statementPart
2021-11-19T10:23:55,314|[TRACE] graph - -------> nonSkippedChar
2021-11-19T10:23:55,314|[TRACE] script - #out(`,`) [token]
2021-11-19T10:23:55,314|[TRACE] graph - <------- nonSkippedChar
2021-11-19T10:23:55,314|[TRACE] graph - <----- statementPart
2021-11-19T10:23:55,314|[TRACE] graph - -----> afterStatementPartNewline
2021-11-19T10:23:55,314|[TRACE] script - #out(` `) [text]
2021-11-19T10:23:55,314|[TRACE] graph - <----- afterStatementPartNewline
2021-11-19T10:23:55,314|[TRACE] graph - -----> statementPart
2021-11-19T10:23:55,314|[TRACE] graph - -------> nonSkippedSpace
2021-11-19T10:23:55,314|[TRACE] script - #out(` `) [token]
2021-11-19T10:23:55,314|[TRACE] graph - <------- nonSkippedSpace
2021-11-19T10:23:55,314|[TRACE] graph - <----- statementPart
2021-11-19T10:23:55,314|[TRACE] graph - -----> statementPart
2021-11-19T10:23:55,314|[TRACE] graph - -------> nonSkippedSpace
2021-11-19T10:23:55,314|[TRACE] script - #out(` `) [token]
2021-11-19T10:23:55,314|[TRACE] graph - <------- nonSkippedSpace
2021-11-19T10:23:55,314|[TRACE] graph - <----- statementPart
2021-11-19T10:23:55,314|[TRACE] graph - -----> statementPart
2021-11-19T10:23:55,314|[TRACE] graph - -------> nonSkippedChar
2021-11-19T10:23:55,314|[TRACE] script - #out(`P`) [token]
2021-11-19T10:23:55,314|[TRACE] graph - <------- nonSkippedChar
2021-11-19T10:23:55,314|[TRACE] graph - <----- statementPart
2021-11-19T10:23:55,314|[TRACE] graph - -----> statementPart
2021-11-19T10:23:55,314|[TRACE] graph - -------> nonSkippedChar
2021-11-19T10:23:55,314|[TRACE] script - #out(`R`) [token]
2021-11-19T10:23:55,314|[TRACE] graph - <------- nonSkippedChar
2021-11-19T10:23:55,314|[TRACE] graph - <----- statementPart
2021-11-19T10:23:55,314|[TRACE] graph - -----> statementPart
2021-11-19T10:23:55,314|[TRACE] graph - -------> nonSkippedChar
2021-11-19T10:23:55,314|[TRACE] script - #out(`I`) [token]
2021-11-19T10:23:55,314|[TRACE] graph - <------- nonSkippedChar
2021-11-19T10:23:55,314|[TRACE] graph - <----- statementPart
2021-11-19T10:23:55,314|[TRACE] graph - -----> statementPart
2021-11-19T10:23:55,314|[TRACE] graph - -------> nonSkippedChar
2021-11-19T10:23:55,314|[TRACE] script - #out(`M`) [token]
2021-11-19T10:23:55,314|[TRACE] graph - <------- nonSkippedChar
2021-11-19T10:23:55,314|[TRACE] graph - <----- statementPart
2021-11-19T10:23:55,314|[TRACE] graph - -----> statementPart
2021-11-19T10:23:55,314|[TRACE] graph - -------> nonSkippedChar
2021-11-19T10:23:55,314|[TRACE] script - #out(`A`) [token]
2021-11-19T10:23:55,314|[TRACE] graph - <------- nonSkippedChar
2021-11-19T10:23:55,314|[TRACE] graph - <----- statementPart
2021-11-19T10:23:55,314|[TRACE] graph - -----> statementPart
2021-11-19T10:23:55,314|[TRACE] graph - -------> nonSkippedChar
2021-11-19T10:23:55,314|[TRACE] script - #out(`R`) [token]
2021-11-19T10:23:55,314|[TRACE] graph - <------- nonSkippedChar
2021-11-19T10:23:55,314|[TRACE] graph - <----- statementPart
2021-11-19T10:23:55,314|[TRACE] graph - -----> statementPart
2021-11-19T10:23:55,314|[TRACE] graph - -------> nonSkippedChar
2021-11-19T10:23:55,314|[TRACE] script - #out(`Y`) [token]
2021-11-19T10:23:55,314|[TRACE] graph - <------- nonSkippedChar
2021-11-19T10:23:55,314|[TRACE] graph - <----- statementPart
2021-11-19T10:23:55,314|[TRACE] graph - -----> statementPart
2021-11-19T10:23:55,314|[TRACE] graph - -------> nonSkippedSpace
2021-11-19T10:23:55,314|[TRACE] script - #out(` `) [token]
2021-11-19T10:23:55,314|[TRACE] graph - <------- nonSkippedSpace
2021-11-19T10:23:55,314|[TRACE] graph - <----- statementPart
2021-11-19T10:23:55,314|[TRACE] graph - -----> statementPart
2021-11-19T10:23:55,314|[TRACE] graph - -------> nonSkippedChar
2021-11-19T10:23:55,314|[TRACE] script - #out(`K`) [token]
2021-11-19T10:23:55,314|[TRACE] graph - <------- nonSkippedChar
2021-11-19T10:23:55,314|[TRACE] graph - <----- statementPart
2021-11-19T10:23:55,314|[TRACE] graph - -----> statementPart
2021-11-19T10:23:55,314|[TRACE] graph - -------> nonSkippedChar
2021-11-19T10:23:55,314|[TRACE] script - #out(`E`) [token]
2021-11-19T10:23:55,314|[TRACE] graph - <------- nonSkippedChar
2021-11-19T10:23:55,314|[TRACE] graph - <----- statementPart
2021-11-19T10:23:55,314|[TRACE] graph - -----> statementPart
2021-11-19T10:23:55,314|[TRACE] graph - -------> nonSkippedChar
2021-11-19T10:23:55,314|[TRACE] script - #out(`Y`) [token]
2021-11-19T10:23:55,314|[TRACE] graph - <------- nonSkippedChar
2021-11-19T10:23:55,314|[TRACE] graph - <----- statementPart
2021-11-19T10:23:55,314|[TRACE] graph - -----> statementPart
2021-11-19T10:23:55,314|[TRACE] graph - -------> nonSkippedSpace
2021-11-19T10:23:55,314|[TRACE] script - #out(` `) [token]
2021-11-19T10:23:55,314|[TRACE] graph - <------- nonSkippedSpace
2021-11-19T10:23:55,314|[TRACE] graph - <----- statementPart
2021-11-19T10:23:55,314|[TRACE] graph - -----> statementPart
2021-11-19T10:23:55,314|[TRACE] graph - -------> nonSkippedChar
2021-11-19T10:23:55,314|[TRACE] script - #out(`(`) [token]
2021-11-19T10:23:55,314|[TRACE] graph - <------- nonSkippedChar
2021-11-19T10:23:55,314|[TRACE] graph - <----- statementPart
2021-11-19T10:23:55,314|[TRACE] graph - -----> statementPart
2021-11-19T10:23:55,314|[TRACE] graph - -------> quotedString
2021-11-19T10:23:55,314|[TRACE] script - #out(``phone_id``) [token]
2021-11-19T10:23:55,314|[TRACE] graph - <------- quotedString
2021-11-19T10:23:55,314|[TRACE] graph - <----- statementPart
2021-11-19T10:23:55,314|[TRACE] graph - -----> statementPart
2021-11-19T10:23:55,314|[TRACE] graph - -------> nonSkippedChar
2021-11-19T10:23:55,314|[TRACE] script - #out(`)`) [token]
2021-11-19T10:23:55,314|[TRACE] graph - <------- nonSkippedChar
2021-11-19T10:23:55,314|[TRACE] graph - <----- statementPart
2021-11-19T10:23:55,314|[TRACE] graph - -----> statementPart
2021-11-19T10:23:55,314|[TRACE] graph - -------> nonSkippedChar
2021-11-19T10:23:55,314|[TRACE] script - #out(`)`) [token]
2021-11-19T10:23:55,314|[TRACE] graph - <------- nonSkippedChar
2021-11-19T10:23:55,314|[TRACE] graph - <----- statementPart
2021-11-19T10:23:55,314|[TRACE] graph - -----> afterStatementPartNewline
2021-11-19T10:23:55,314|[TRACE] script - #out(` `) [text]
2021-11-19T10:23:55,314|[TRACE] graph - <----- afterStatementPartNewline
2021-11-19T10:23:55,314|[TRACE] graph - -----> statementPart
2021-11-19T10:23:55,314|[TRACE] graph - -------> nonSkippedChar
2021-11-19T10:23:55,314|[TRACE] script - #out(`E`) [token]
2021-11-19T10:23:55,314|[TRACE] graph - <------- nonSkippedChar
2021-11-19T10:23:55,314|[TRACE] graph - <----- statementPart
2021-11-19T10:23:55,314|[TRACE] graph - -----> statementPart
2021-11-19T10:23:55,314|[TRACE] graph - -------> nonSkippedChar
2021-11-19T10:23:55,314|[TRACE] script - #out(`N`) [token]
2021-11-19T10:23:55,314|[TRACE] graph - <------- nonSkippedChar
2021-11-19T10:23:55,314|[TRACE] graph - <----- statementPart
2021-11-19T10:23:55,314|[TRACE] graph - -----> statementPart
2021-11-19T10:23:55,314|[TRACE] graph - -------> nonSkippedChar
2021-11-19T10:23:55,314|[TRACE] script - #out(`G`) [token]
2021-11-19T10:23:55,314|[TRACE] graph - <------- nonSkippedChar
2021-11-19T10:23:55,314|[TRACE] graph - <----- statementPart
2021-11-19T10:23:55,314|[TRACE] graph - -----> statementPart
2021-11-19T10:23:55,314|[TRACE] graph - -------> nonSkippedChar
2021-11-19T10:23:55,314|[TRACE] script - #out(`I`) [token]
2021-11-19T10:23:55,314|[TRACE] graph - <------- nonSkippedChar
2021-11-19T10:23:55,314|[TRACE] graph - <----- statementPart
2021-11-19T10:23:55,314|[TRACE] graph - -----> statementPart
2021-11-19T10:23:55,314|[TRACE] graph - -------> nonSkippedChar
2021-11-19T10:23:55,314|[TRACE] script - #out(`N`) [token]
2021-11-19T10:23:55,314|[TRACE] graph - <------- nonSkippedChar
2021-11-19T10:23:55,314|[TRACE] graph - <----- statementPart
2021-11-19T10:23:55,314|[TRACE] graph - -----> statementPart
2021-11-19T10:23:55,314|[TRACE] graph - -------> nonSkippedChar
2021-11-19T10:23:55,314|[TRACE] script - #out(`E`) [token]
2021-11-19T10:23:55,314|[TRACE] graph - <------- nonSkippedChar
2021-11-19T10:23:55,314|[TRACE] graph - <----- statementPart
2021-11-19T10:23:55,314|[TRACE] graph - -----> statementPart
2021-11-19T10:23:55,314|[TRACE] graph - -------> nonSkippedSpace
2021-11-19T10:23:55,314|[TRACE] script - #out(` `) [token]
2021-11-19T10:23:55,314|[TRACE] graph - <------- nonSkippedSpace
2021-11-19T10:23:55,314|[TRACE] graph - <----- statementPart
2021-11-19T10:23:55,314|[TRACE] graph - -----> statementPart
2021-11-19T10:23:55,314|[TRACE] graph - -------> nonSkippedChar
2021-11-19T10:23:55,314|[TRACE] script - #out(`=`) [token]
2021-11-19T10:23:55,314|[TRACE] graph - <------- nonSkippedChar
2021-11-19T10:23:55,314|[TRACE] graph - <----- statementPart
2021-11-19T10:23:55,314|[TRACE] graph - -----> statementPart
2021-11-19T10:23:55,314|[TRACE] graph - -------> nonSkippedSpace
2021-11-19T10:23:55,314|[TRACE] script - #out(` `) [token]
2021-11-19T10:23:55,314|[TRACE] graph - <------- nonSkippedSpace
2021-11-19T10:23:55,314|[TRACE] graph - <----- statementPart
2021-11-19T10:23:55,314|[TRACE] graph - -----> statementPart
2021-11-19T10:23:55,314|[TRACE] graph - -------> nonSkippedChar
2021-11-19T10:23:55,314|[TRACE] script - #out(`I`) [token]
2021-11-19T10:23:55,314|[TRACE] graph - <------- nonSkippedChar
2021-11-19T10:23:55,314|[TRACE] graph - <----- statementPart
2021-11-19T10:23:55,314|[TRACE] graph - -----> statementPart
2021-11-19T10:23:55,314|[TRACE] graph - -------> nonSkippedChar
2021-11-19T10:23:55,314|[TRACE] script - #out(`n`) [token]
2021-11-19T10:23:55,314|[TRACE] graph - <------- nonSkippedChar
2021-11-19T10:23:55,314|[TRACE] graph - <----- statementPart
2021-11-19T10:23:55,314|[TRACE] graph - -----> statementPart
2021-11-19T10:23:55,314|[TRACE] graph - -------> nonSkippedChar
2021-11-19T10:23:55,314|[TRACE] script - #out(`n`) [token]
2021-11-19T10:23:55,314|[TRACE] graph - <------- nonSkippedChar
2021-11-19T10:23:55,314|[TRACE] graph - <----- statementPart
2021-11-19T10:23:55,314|[TRACE] graph - -----> statementPart
2021-11-19T10:23:55,314|[TRACE] graph - -------> nonSkippedChar
2021-11-19T10:23:55,314|[TRACE] script - #out(`o`) [token]
2021-11-19T10:23:55,314|[TRACE] graph - <------- nonSkippedChar
2021-11-19T10:23:55,314|[TRACE] graph - <----- statementPart
2021-11-19T10:23:55,314|[TRACE] graph - -----> statementPart
2021-11-19T10:23:55,314|[TRACE] graph - -------> nonSkippedChar
2021-11-19T10:23:55,314|[TRACE] script - #out(`D`) [token]
2021-11-19T10:23:55,314|[TRACE] graph - <------- nonSkippedChar
2021-11-19T10:23:55,314|[TRACE] graph - <----- statementPart
2021-11-19T10:23:55,314|[TRACE] graph - -----> statementPart
2021-11-19T10:23:55,314|[TRACE] graph - -------> nonSkippedChar
2021-11-19T10:23:55,314|[TRACE] script - #out(`B`) [token]
2021-11-19T10:23:55,314|[TRACE] graph - <------- nonSkippedChar
2021-11-19T10:23:55,314|[TRACE] graph - <----- statementPart
2021-11-19T10:23:55,314|[DEBUG] graph - Import statement : CREATE TABLE IF NOT EXISTS `bloodbank`.`phone` (   `phone_id` INT NOT NULL AUTO_INCREMENT,   `country_code` VARCHAR(10) NOT NULL DEFAULT '1',   `area_code` VARCHAR(10) NOT NULL,   `number` VARCHAR(10) NOT NULL,   `created` BIGINT NOT NULL DEFAULT (unix_timestamp(now()) * 1000),   `updated` BIGINT NOT NULL DEFAULT (unix_timestamp(now()) * 1000),   `version` INT NOT NULL DEFAULT 1,   PRIMARY KEY (`phone_id`)) ENGINE = InnoDB
2021-11-19T10:23:55,314|[TRACE] graph - <--- statement
2021-11-19T10:23:55,314|[TRACE] graph - ---> blankSpacesToSkip
2021-11-19T10:23:55,314|[TRACE] graph - -----> newLineToSkip
2021-11-19T10:23:55,314|[TRACE] graph - <----- newLineToSkip
2021-11-19T10:23:55,314|[TRACE] graph - -----> newLineToSkip
2021-11-19T10:23:55,314|[TRACE] graph - <----- newLineToSkip
2021-11-19T10:23:55,314|[TRACE] graph - -----> newLineToSkip
2021-11-19T10:23:55,314|[TRACE] graph - <----- newLineToSkip
2021-11-19T10:23:55,314|[TRACE] graph - -----> newLineToSkip
2021-11-19T10:23:55,314|[TRACE] graph - <----- newLineToSkip
2021-11-19T10:23:55,314|[TRACE] graph - -----> newLineToSkip
2021-11-19T10:23:55,314|[TRACE] graph - <----- newLineToSkip
2021-11-19T10:23:55,314|[TRACE] graph - -----> newLineToSkip
2021-11-19T10:23:55,314|[TRACE] graph - <----- newLineToSkip
2021-11-19T10:23:55,314|[TRACE] graph - <--- blankSpacesToSkip
2021-11-19T10:23:55,314|[TRACE] graph - ---> statement
2021-11-19T10:23:55,314|[TRACE] graph - -----> statementFirstPart
2021-11-19T10:23:55,314|[TRACE] graph - -------> nonSkippedChar
2021-11-19T10:23:55,314|[TRACE] script - #out(`C`) [token]
2021-11-19T10:23:55,314|[TRACE] graph - <------- nonSkippedChar
2021-11-19T10:23:55,314|[TRACE] graph - <----- statementFirstPart
2021-11-19T10:23:55,314|[TRACE] graph - -----> statementPart
2021-11-19T10:23:55,314|[TRACE] graph - -------> nonSkippedChar
2021-11-19T10:23:55,314|[TRACE] script - #out(`R`) [token]
2021-11-19T10:23:55,314|[TRACE] graph - <------- nonSkippedChar
2021-11-19T10:23:55,314|[TRACE] graph - <----- statementPart
2021-11-19T10:23:55,314|[TRACE] graph - -----> statementPart
2021-11-19T10:23:55,314|[TRACE] graph - -------> nonSkippedChar
2021-11-19T10:23:55,314|[TRACE] script - #out(`E`) [token]
2021-11-19T10:23:55,314|[TRACE] graph - <------- nonSkippedChar
2021-11-19T10:23:55,314|[TRACE] graph - <----- statementPart
2021-11-19T10:23:55,314|[TRACE] graph - -----> statementPart
2021-11-19T10:23:55,314|[TRACE] graph - -------> nonSkippedChar
2021-11-19T10:23:55,314|[TRACE] script - #out(`A`) [token]
2021-11-19T10:23:55,314|[TRACE] graph - <------- nonSkippedChar
2021-11-19T10:23:55,314|[TRACE] graph - <----- statementPart
2021-11-19T10:23:55,314|[TRACE] graph - -----> statementPart
2021-11-19T10:23:55,314|[TRACE] graph - -------> nonSkippedChar
2021-11-19T10:23:55,314|[TRACE] script - #out(`T`) [token]
2021-11-19T10:23:55,314|[TRACE] graph - <------- nonSkippedChar
2021-11-19T10:23:55,314|[TRACE] graph - <----- statementPart
2021-11-19T10:23:55,314|[TRACE] graph - -----> statementPart
2021-11-19T10:23:55,314|[TRACE] graph - -------> nonSkippedChar
2021-11-19T10:23:55,314|[TRACE] script - #out(`E`) [token]
2021-11-19T10:23:55,314|[TRACE] graph - <------- nonSkippedChar
2021-11-19T10:23:55,314|[TRACE] graph - <----- statementPart
2021-11-19T10:23:55,314|[TRACE] graph - -----> statementPart
2021-11-19T10:23:55,314|[TRACE] graph - -------> nonSkippedSpace
2021-11-19T10:23:55,314|[TRACE] script - #out(` `) [token]
2021-11-19T10:23:55,314|[TRACE] graph - <------- nonSkippedSpace
2021-11-19T10:23:55,314|[TRACE] graph - <----- statementPart
2021-11-19T10:23:55,314|[TRACE] graph - -----> statementPart
2021-11-19T10:23:55,314|[TRACE] graph - -------> nonSkippedChar
2021-11-19T10:23:55,314|[TRACE] script - #out(`T`) [token]
2021-11-19T10:23:55,314|[TRACE] graph - <------- nonSkippedChar
2021-11-19T10:23:55,314|[TRACE] graph - <----- statementPart
2021-11-19T10:23:55,314|[TRACE] graph - -----> statementPart
2021-11-19T10:23:55,314|[TRACE] graph - -------> nonSkippedChar
2021-11-19T10:23:55,314|[TRACE] script - #out(`A`) [token]
2021-11-19T10:23:55,314|[TRACE] graph - <------- nonSkippedChar
2021-11-19T10:23:55,314|[TRACE] graph - <----- statementPart
2021-11-19T10:23:55,314|[TRACE] graph - -----> statementPart
2021-11-19T10:23:55,314|[TRACE] graph - -------> nonSkippedChar
2021-11-19T10:23:55,314|[TRACE] script - #out(`B`) [token]
2021-11-19T10:23:55,315|[TRACE] graph - <------- nonSkippedChar
2021-11-19T10:23:55,315|[TRACE] graph - <----- statementPart
2021-11-19T10:23:55,315|[TRACE] graph - -----> statementPart
2021-11-19T10:23:55,315|[TRACE] graph - -------> nonSkippedChar
2021-11-19T10:23:55,315|[TRACE] script - #out(`L`) [token]
2021-11-19T10:23:55,315|[TRACE] graph - <------- nonSkippedChar
2021-11-19T10:23:55,315|[TRACE] graph - <----- statementPart
2021-11-19T10:23:55,315|[TRACE] graph - -----> statementPart
2021-11-19T10:23:55,315|[TRACE] graph - -------> nonSkippedChar
2021-11-19T10:23:55,315|[TRACE] script - #out(`E`) [token]
2021-11-19T10:23:55,315|[TRACE] graph - <------- nonSkippedChar
2021-11-19T10:23:55,315|[TRACE] graph - <----- statementPart
2021-11-19T10:23:55,315|[TRACE] graph - -----> statementPart
2021-11-19T10:23:55,315|[TRACE] graph - -------> nonSkippedSpace
2021-11-19T10:23:55,315|[TRACE] script - #out(` `) [token]
2021-11-19T10:23:55,315|[TRACE] graph - <------- nonSkippedSpace
2021-11-19T10:23:55,315|[TRACE] graph - <----- statementPart
2021-11-19T10:23:55,315|[TRACE] graph - -----> statementPart
2021-11-19T10:23:55,315|[TRACE] graph - -------> nonSkippedChar
2021-11-19T10:23:55,315|[TRACE] script - #out(`I`) [token]
2021-11-19T10:23:55,315|[TRACE] graph - <------- nonSkippedChar
2021-11-19T10:23:55,315|[TRACE] graph - <----- statementPart
2021-11-19T10:23:55,315|[TRACE] graph - -----> statementPart
2021-11-19T10:23:55,315|[TRACE] graph - -------> nonSkippedChar
2021-11-19T10:23:55,315|[TRACE] script - #out(`F`) [token]
2021-11-19T10:23:55,315|[TRACE] graph - <------- nonSkippedChar
2021-11-19T10:23:55,315|[TRACE] graph - <----- statementPart
2021-11-19T10:23:55,315|[TRACE] graph - -----> statementPart
2021-11-19T10:23:55,315|[TRACE] graph - -------> nonSkippedSpace
2021-11-19T10:23:55,315|[TRACE] script - #out(` `) [token]
2021-11-19T10:23:55,315|[TRACE] graph - <------- nonSkippedSpace
2021-11-19T10:23:55,315|[TRACE] graph - <----- statementPart
2021-11-19T10:23:55,315|[TRACE] graph - -----> statementPart
2021-11-19T10:23:55,315|[TRACE] graph - -------> nonSkippedChar
2021-11-19T10:23:55,315|[TRACE] script - #out(`N`) [token]
2021-11-19T10:23:55,315|[TRACE] graph - <------- nonSkippedChar
2021-11-19T10:23:55,315|[TRACE] graph - <----- statementPart
2021-11-19T10:23:55,315|[TRACE] graph - -----> statementPart
2021-11-19T10:23:55,315|[TRACE] graph - -------> nonSkippedChar
2021-11-19T10:23:55,315|[TRACE] script - #out(`O`) [token]
2021-11-19T10:23:55,315|[TRACE] graph - <------- nonSkippedChar
2021-11-19T10:23:55,315|[TRACE] graph - <----- statementPart
2021-11-19T10:23:55,315|[TRACE] graph - -----> statementPart
2021-11-19T10:23:55,315|[TRACE] graph - -------> nonSkippedChar
2021-11-19T10:23:55,315|[TRACE] script - #out(`T`) [token]
2021-11-19T10:23:55,315|[TRACE] graph - <------- nonSkippedChar
2021-11-19T10:23:55,315|[TRACE] graph - <----- statementPart
2021-11-19T10:23:55,315|[TRACE] graph - -----> statementPart
2021-11-19T10:23:55,315|[TRACE] graph - -------> nonSkippedSpace
2021-11-19T10:23:55,315|[TRACE] script - #out(` `) [token]
2021-11-19T10:23:55,315|[TRACE] graph - <------- nonSkippedSpace
2021-11-19T10:23:55,315|[TRACE] graph - <----- statementPart
2021-11-19T10:23:55,315|[TRACE] graph - -----> statementPart
2021-11-19T10:23:55,315|[TRACE] graph - -------> nonSkippedChar
2021-11-19T10:23:55,315|[TRACE] script - #out(`E`) [token]
2021-11-19T10:23:55,315|[TRACE] graph - <------- nonSkippedChar
2021-11-19T10:23:55,315|[TRACE] graph - <----- statementPart
2021-11-19T10:23:55,315|[TRACE] graph - -----> statementPart
2021-11-19T10:23:55,315|[TRACE] graph - -------> nonSkippedChar
2021-11-19T10:23:55,315|[TRACE] script - #out(`X`) [token]
2021-11-19T10:23:55,315|[TRACE] graph - <------- nonSkippedChar
2021-11-19T10:23:55,315|[TRACE] graph - <----- statementPart
2021-11-19T10:23:55,315|[TRACE] graph - -----> statementPart
2021-11-19T10:23:55,315|[TRACE] graph - -------> nonSkippedChar
2021-11-19T10:23:55,315|[TRACE] script - #out(`I`) [token]
2021-11-19T10:23:55,315|[TRACE] graph - <------- nonSkippedChar
2021-11-19T10:23:55,315|[TRACE] graph - <----- statementPart
2021-11-19T10:23:55,315|[TRACE] graph - -----> statementPart
2021-11-19T10:23:55,315|[TRACE] graph - -------> nonSkippedChar
2021-11-19T10:23:55,315|[TRACE] script - #out(`S`) [token]
2021-11-19T10:23:55,315|[TRACE] graph - <------- nonSkippedChar
2021-11-19T10:23:55,315|[TRACE] graph - <----- statementPart
2021-11-19T10:23:55,315|[TRACE] graph - -----> statementPart
2021-11-19T10:23:55,315|[TRACE] graph - -------> nonSkippedChar
2021-11-19T10:23:55,315|[TRACE] script - #out(`T`) [token]
2021-11-19T10:23:55,315|[TRACE] graph - <------- nonSkippedChar
2021-11-19T10:23:55,315|[TRACE] graph - <----- statementPart
2021-11-19T10:23:55,315|[TRACE] graph - -----> statementPart
2021-11-19T10:23:55,315|[TRACE] graph - -------> nonSkippedChar
2021-11-19T10:23:55,315|[TRACE] script - #out(`S`) [token]
2021-11-19T10:23:55,315|[TRACE] graph - <------- nonSkippedChar
2021-11-19T10:23:55,315|[TRACE] graph - <----- statementPart
2021-11-19T10:23:55,315|[TRACE] graph - -----> statementPart
2021-11-19T10:23:55,315|[TRACE] graph - -------> nonSkippedSpace
2021-11-19T10:23:55,315|[TRACE] script - #out(` `) [token]
2021-11-19T10:23:55,315|[TRACE] graph - <------- nonSkippedSpace
2021-11-19T10:23:55,315|[TRACE] graph - <----- statementPart
2021-11-19T10:23:55,315|[TRACE] graph - -----> statementPart
2021-11-19T10:23:55,315|[TRACE] graph - -------> quotedString
2021-11-19T10:23:55,315|[TRACE] script - #out(``bloodbank``) [token]
2021-11-19T10:23:55,315|[TRACE] graph - <------- quotedString
2021-11-19T10:23:55,315|[TRACE] graph - <----- statementPart
2021-11-19T10:23:55,315|[TRACE] graph - -----> statementPart
2021-11-19T10:23:55,315|[TRACE] graph - -------> nonSkippedChar
2021-11-19T10:23:55,315|[TRACE] script - #out(`.`) [token]
2021-11-19T10:23:55,315|[TRACE] graph - <------- nonSkippedChar
2021-11-19T10:23:55,315|[TRACE] graph - <----- statementPart
2021-11-19T10:23:55,315|[TRACE] graph - -----> statementPart
2021-11-19T10:23:55,315|[TRACE] graph - -------> quotedString
2021-11-19T10:23:55,315|[TRACE] script - #out(``contact``) [token]
2021-11-19T10:23:55,315|[TRACE] graph - <------- quotedString
2021-11-19T10:23:55,315|[TRACE] graph - <----- statementPart
2021-11-19T10:23:55,315|[TRACE] graph - -----> statementPart
2021-11-19T10:23:55,315|[TRACE] graph - -------> nonSkippedSpace
2021-11-19T10:23:55,315|[TRACE] script - #out(` `) [token]
2021-11-19T10:23:55,315|[TRACE] graph - <------- nonSkippedSpace
2021-11-19T10:23:55,315|[TRACE] graph - <----- statementPart
2021-11-19T10:23:55,315|[TRACE] graph - -----> statementPart
2021-11-19T10:23:55,315|[TRACE] graph - -------> nonSkippedChar
2021-11-19T10:23:55,315|[TRACE] script - #out(`(`) [token]
2021-11-19T10:23:55,315|[TRACE] graph - <------- nonSkippedChar
2021-11-19T10:23:55,315|[TRACE] graph - <----- statementPart
2021-11-19T10:23:55,315|[TRACE] graph - -----> afterStatementPartNewline
2021-11-19T10:23:55,315|[TRACE] script - #out(` `) [text]
2021-11-19T10:23:55,315|[TRACE] graph - <----- afterStatementPartNewline
2021-11-19T10:23:55,315|[TRACE] graph - -----> statementPart
2021-11-19T10:23:55,315|[TRACE] graph - -------> nonSkippedSpace
2021-11-19T10:23:55,315|[TRACE] script - #out(` `) [token]
2021-11-19T10:23:55,315|[TRACE] graph - <------- nonSkippedSpace
2021-11-19T10:23:55,315|[TRACE] graph - <----- statementPart
2021-11-19T10:23:55,315|[TRACE] graph - -----> statementPart
2021-11-19T10:23:55,315|[TRACE] graph - -------> nonSkippedSpace
2021-11-19T10:23:55,315|[TRACE] script - #out(` `) [token]
2021-11-19T10:23:55,315|[TRACE] graph - <------- nonSkippedSpace
2021-11-19T10:23:55,315|[TRACE] graph - <----- statementPart
2021-11-19T10:23:55,315|[TRACE] graph - -----> statementPart
2021-11-19T10:23:55,315|[TRACE] graph - -------> quotedString
2021-11-19T10:23:55,315|[TRACE] script - #out(``person_id``) [token]
2021-11-19T10:23:55,315|[TRACE] graph - <------- quotedString
2021-11-19T10:23:55,315|[TRACE] graph - <----- statementPart
2021-11-19T10:23:55,315|[TRACE] graph - -----> statementPart
2021-11-19T10:23:55,315|[TRACE] graph - -------> nonSkippedSpace
2021-11-19T10:23:55,315|[TRACE] script - #out(` `) [token]
2021-11-19T10:23:55,315|[TRACE] graph - <------- nonSkippedSpace
2021-11-19T10:23:55,315|[TRACE] graph - <----- statementPart
2021-11-19T10:23:55,315|[TRACE] graph - -----> statementPart
2021-11-19T10:23:55,315|[TRACE] graph - -------> nonSkippedChar
2021-11-19T10:23:55,315|[TRACE] script - #out(`I`) [token]
2021-11-19T10:23:55,315|[TRACE] graph - <------- nonSkippedChar
2021-11-19T10:23:55,315|[TRACE] graph - <----- statementPart
2021-11-19T10:23:55,315|[TRACE] graph - -----> statementPart
2021-11-19T10:23:55,315|[TRACE] graph - -------> nonSkippedChar
2021-11-19T10:23:55,315|[TRACE] script - #out(`N`) [token]
2021-11-19T10:23:55,315|[TRACE] graph - <------- nonSkippedChar
2021-11-19T10:23:55,315|[TRACE] graph - <----- statementPart
2021-11-19T10:23:55,315|[TRACE] graph - -----> statementPart
2021-11-19T10:23:55,315|[TRACE] graph - -------> nonSkippedChar
2021-11-19T10:23:55,315|[TRACE] script - #out(`T`) [token]
2021-11-19T10:23:55,315|[TRACE] graph - <------- nonSkippedChar
2021-11-19T10:23:55,315|[TRACE] graph - <----- statementPart
2021-11-19T10:23:55,315|[TRACE] graph - -----> statementPart
2021-11-19T10:23:55,315|[TRACE] graph - -------> nonSkippedSpace
2021-11-19T10:23:55,315|[TRACE] script - #out(` `) [token]
2021-11-19T10:23:55,315|[TRACE] graph - <------- nonSkippedSpace
2021-11-19T10:23:55,315|[TRACE] graph - <----- statementPart
2021-11-19T10:23:55,315|[TRACE] graph - -----> statementPart
2021-11-19T10:23:55,315|[TRACE] graph - -------> nonSkippedChar
2021-11-19T10:23:55,315|[TRACE] script - #out(`N`) [token]
2021-11-19T10:23:55,315|[TRACE] graph - <------- nonSkippedChar
2021-11-19T10:23:55,315|[TRACE] graph - <----- statementPart
2021-11-19T10:23:55,315|[TRACE] graph - -----> statementPart
2021-11-19T10:23:55,315|[TRACE] graph - -------> nonSkippedChar
2021-11-19T10:23:55,315|[TRACE] script - #out(`O`) [token]
2021-11-19T10:23:55,315|[TRACE] graph - <------- nonSkippedChar
2021-11-19T10:23:55,315|[TRACE] graph - <----- statementPart
2021-11-19T10:23:55,315|[TRACE] graph - -----> statementPart
2021-11-19T10:23:55,315|[TRACE] graph - -------> nonSkippedChar
2021-11-19T10:23:55,315|[TRACE] script - #out(`T`) [token]
2021-11-19T10:23:55,315|[TRACE] graph - <------- nonSkippedChar
2021-11-19T10:23:55,315|[TRACE] graph - <----- statementPart
2021-11-19T10:23:55,315|[TRACE] graph - -----> statementPart
2021-11-19T10:23:55,315|[TRACE] graph - -------> nonSkippedSpace
2021-11-19T10:23:55,315|[TRACE] script - #out(` `) [token]
2021-11-19T10:23:55,315|[TRACE] graph - <------- nonSkippedSpace
2021-11-19T10:23:55,315|[TRACE] graph - <----- statementPart
2021-11-19T10:23:55,315|[TRACE] graph - -----> statementPart
2021-11-19T10:23:55,315|[TRACE] graph - -------> nonSkippedChar
2021-11-19T10:23:55,315|[TRACE] script - #out(`N`) [token]
2021-11-19T10:23:55,315|[TRACE] graph - <------- nonSkippedChar
2021-11-19T10:23:55,315|[TRACE] graph - <----- statementPart
2021-11-19T10:23:55,315|[TRACE] graph - -----> statementPart
2021-11-19T10:23:55,315|[TRACE] graph - -------> nonSkippedChar
2021-11-19T10:23:55,315|[TRACE] script - #out(`U`) [token]
2021-11-19T10:23:55,315|[TRACE] graph - <------- nonSkippedChar
2021-11-19T10:23:55,315|[TRACE] graph - <----- statementPart
2021-11-19T10:23:55,315|[TRACE] graph - -----> statementPart
2021-11-19T10:23:55,315|[TRACE] graph - -------> nonSkippedChar
2021-11-19T10:23:55,315|[TRACE] script - #out(`L`) [token]
2021-11-19T10:23:55,315|[TRACE] graph - <------- nonSkippedChar
2021-11-19T10:23:55,315|[TRACE] graph - <----- statementPart
2021-11-19T10:23:55,315|[TRACE] graph - -----> statementPart
2021-11-19T10:23:55,315|[TRACE] graph - -------> nonSkippedChar
2021-11-19T10:23:55,315|[TRACE] script - #out(`L`) [token]
2021-11-19T10:23:55,315|[TRACE] graph - <------- nonSkippedChar
2021-11-19T10:23:55,315|[TRACE] graph - <----- statementPart
2021-11-19T10:23:55,315|[TRACE] graph - -----> statementPart
2021-11-19T10:23:55,315|[TRACE] graph - -------> nonSkippedChar
2021-11-19T10:23:55,370|[TRACE] script - #out(`,`) [token]
2021-11-19T10:23:55,370|[TRACE] graph - <------- nonSkippedChar
2021-11-19T10:23:55,370|[TRACE] graph - <----- statementPart
2021-11-19T10:23:55,370|[TRACE] graph - -----> afterStatementPartNewline
2021-11-19T10:23:55,370|[TRACE] script - #out(` `) [text]
2021-11-19T10:23:55,370|[TRACE] graph - <----- afterStatementPartNewline
2021-11-19T10:23:55,370|[TRACE] graph - -----> statementPart
2021-11-19T10:23:55,370|[TRACE] graph - -------> nonSkippedSpace
2021-11-19T10:23:55,370|[TRACE] script - #out(` `) [token]
2021-11-19T10:23:55,370|[TRACE] graph - <------- nonSkippedSpace
2021-11-19T10:23:55,370|[TRACE] graph - <----- statementPart
2021-11-19T10:23:55,370|[TRACE] graph - -----> statementPart
2021-11-19T10:23:55,370|[TRACE] graph - -------> nonSkippedSpace
2021-11-19T10:23:55,370|[TRACE] script - #out(` `) [token]
2021-11-19T10:23:55,370|[TRACE] graph - <------- nonSkippedSpace
2021-11-19T10:23:55,370|[TRACE] graph - <----- statementPart
2021-11-19T10:23:55,370|[TRACE] graph - -----> statementPart
2021-11-19T10:23:55,370|[TRACE] graph - -------> quotedString
2021-11-19T10:23:55,370|[TRACE] script - #out(``phone_id``) [token]
2021-11-19T10:23:55,370|[TRACE] graph - <------- quotedString
2021-11-19T10:23:55,370|[TRACE] graph - <----- statementPart
2021-11-19T10:23:55,370|[TRACE] graph - -----> statementPart
2021-11-19T10:23:55,370|[TRACE] graph - -------> nonSkippedSpace
2021-11-19T10:23:55,370|[TRACE] script - #out(` `) [token]
2021-11-19T10:23:55,370|[TRACE] graph - <------- nonSkippedSpace
2021-11-19T10:23:55,370|[TRACE] graph - <----- statementPart
2021-11-19T10:23:55,370|[TRACE] graph - -----> statementPart
2021-11-19T10:23:55,370|[TRACE] graph - -------> nonSkippedChar
2021-11-19T10:23:55,370|[TRACE] script - #out(`I`) [token]
2021-11-19T10:23:55,370|[TRACE] graph - <------- nonSkippedChar
2021-11-19T10:23:55,370|[TRACE] graph - <----- statementPart
2021-11-19T10:23:55,370|[TRACE] graph - -----> statementPart
2021-11-19T10:23:55,370|[TRACE] graph - -------> nonSkippedChar
2021-11-19T10:23:55,370|[TRACE] script - #out(`N`) [token]
2021-11-19T10:23:55,370|[TRACE] graph - <------- nonSkippedChar
2021-11-19T10:23:55,370|[TRACE] graph - <----- statementPart
2021-11-19T10:23:55,370|[TRACE] graph - -----> statementPart
2021-11-19T10:23:55,370|[TRACE] graph - -------> nonSkippedChar
2021-11-19T10:23:55,370|[TRACE] script - #out(`T`) [token]
2021-11-19T10:23:55,370|[TRACE] graph - <------- nonSkippedChar
2021-11-19T10:23:55,370|[TRACE] graph - <----- statementPart
2021-11-19T10:23:55,370|[TRACE] graph - -----> statementPart
2021-11-19T10:23:55,370|[TRACE] graph - -------> nonSkippedSpace
2021-11-19T10:23:55,370|[TRACE] script - #out(` `) [token]
2021-11-19T10:23:55,370|[TRACE] graph - <------- nonSkippedSpace
2021-11-19T10:23:55,370|[TRACE] graph - <----- statementPart
2021-11-19T10:23:55,370|[TRACE] graph - -----> statementPart
2021-11-19T10:23:55,370|[TRACE] graph - -------> nonSkippedChar
2021-11-19T10:23:55,370|[TRACE] script - #out(`N`) [token]
2021-11-19T10:23:55,370|[TRACE] graph - <------- nonSkippedChar
2021-11-19T10:23:55,370|[TRACE] graph - <----- statementPart
2021-11-19T10:23:55,370|[TRACE] graph - -----> statementPart
2021-11-19T10:23:55,370|[TRACE] graph - -------> nonSkippedChar
2021-11-19T10:23:55,370|[TRACE] script - #out(`O`) [token]
2021-11-19T10:23:55,370|[TRACE] graph - <------- nonSkippedChar
2021-11-19T10:23:55,370|[TRACE] graph - <----- statementPart
2021-11-19T10:23:55,370|[TRACE] graph - -----> statementPart
2021-11-19T10:23:55,370|[TRACE] graph - -------> nonSkippedChar
2021-11-19T10:23:55,370|[TRACE] script - #out(`T`) [token]
2021-11-19T10:23:55,370|[TRACE] graph - <------- nonSkippedChar
2021-11-19T10:23:55,370|[TRACE] graph - <----- statementPart
2021-11-19T10:23:55,370|[TRACE] graph - -----> statementPart
2021-11-19T10:23:55,370|[TRACE] graph - -------> nonSkippedSpace
2021-11-19T10:23:55,370|[TRACE] script - #out(` `) [token]
2021-11-19T10:23:55,370|[TRACE] graph - <------- nonSkippedSpace
2021-11-19T10:23:55,370|[TRACE] graph - <----- statementPart
2021-11-19T10:23:55,370|[TRACE] graph - -----> statementPart
2021-11-19T10:23:55,370|[TRACE] graph - -------> nonSkippedChar
2021-11-19T10:23:55,370|[TRACE] script - #out(`N`) [token]
2021-11-19T10:23:55,370|[TRACE] graph - <------- nonSkippedChar
2021-11-19T10:23:55,370|[TRACE] graph - <----- statementPart
2021-11-19T10:23:55,370|[TRACE] graph - -----> statementPart
2021-11-19T10:23:55,370|[TRACE] graph - -------> nonSkippedChar
2021-11-19T10:23:55,370|[TRACE] script - #out(`U`) [token]
2021-11-19T10:23:55,370|[TRACE] graph - <------- nonSkippedChar
2021-11-19T10:23:55,370|[TRACE] graph - <----- statementPart
2021-11-19T10:23:55,370|[TRACE] graph - -----> statementPart
2021-11-19T10:23:55,370|[TRACE] graph - -------> nonSkippedChar
2021-11-19T10:23:55,370|[TRACE] script - #out(`L`) [token]
2021-11-19T10:23:55,370|[TRACE] graph - <------- nonSkippedChar
2021-11-19T10:23:55,370|[TRACE] graph - <----- statementPart
2021-11-19T10:23:55,370|[TRACE] graph - -----> statementPart
2021-11-19T10:23:55,370|[TRACE] graph - -------> nonSkippedChar
2021-11-19T10:23:55,370|[TRACE] script - #out(`L`) [token]
2021-11-19T10:23:55,370|[TRACE] graph - <------- nonSkippedChar
2021-11-19T10:23:55,370|[TRACE] graph - <----- statementPart
2021-11-19T10:23:55,370|[TRACE] graph - -----> statementPart
2021-11-19T10:23:55,370|[TRACE] graph - -------> nonSkippedChar
2021-11-19T10:23:55,370|[TRACE] script - #out(`,`) [token]
2021-11-19T10:23:55,370|[TRACE] graph - <------- nonSkippedChar
2021-11-19T10:23:55,370|[TRACE] graph - <----- statementPart
2021-11-19T10:23:55,370|[TRACE] graph - -----> afterStatementPartNewline
2021-11-19T10:23:55,370|[TRACE] script - #out(` `) [text]
2021-11-19T10:23:55,370|[TRACE] graph - <----- afterStatementPartNewline
2021-11-19T10:23:55,370|[TRACE] graph - -----> statementPart
2021-11-19T10:23:55,370|[TRACE] graph - -------> nonSkippedSpace
2021-11-19T10:23:55,370|[TRACE] script - #out(` `) [token]
2021-11-19T10:23:55,370|[TRACE] graph - <------- nonSkippedSpace
2021-11-19T10:23:55,370|[TRACE] graph - <----- statementPart
2021-11-19T10:23:55,370|[TRACE] graph - -----> statementPart
2021-11-19T10:23:55,370|[TRACE] graph - -------> nonSkippedSpace
2021-11-19T10:23:55,370|[TRACE] script - #out(` `) [token]
2021-11-19T10:23:55,370|[TRACE] graph - <------- nonSkippedSpace
2021-11-19T10:23:55,370|[TRACE] graph - <----- statementPart
2021-11-19T10:23:55,370|[TRACE] graph - -----> statementPart
2021-11-19T10:23:55,370|[TRACE] graph - -------> quotedString
2021-11-19T10:23:55,370|[TRACE] script - #out(``contact_type``) [token]
2021-11-19T10:23:55,370|[TRACE] graph - <------- quotedString
2021-11-19T10:23:55,370|[TRACE] graph - <----- statementPart
2021-11-19T10:23:55,370|[TRACE] graph - -----> statementPart
2021-11-19T10:23:55,370|[TRACE] graph - -------> nonSkippedSpace
2021-11-19T10:23:55,370|[TRACE] script - #out(` `) [token]
2021-11-19T10:23:55,370|[TRACE] graph - <------- nonSkippedSpace
2021-11-19T10:23:55,370|[TRACE] graph - <----- statementPart
2021-11-19T10:23:55,370|[TRACE] graph - -----> statementPart
2021-11-19T10:23:55,370|[TRACE] graph - -------> nonSkippedChar
2021-11-19T10:23:55,370|[TRACE] script - #out(`V`) [token]
2021-11-19T10:23:55,370|[TRACE] graph - <------- nonSkippedChar
2021-11-19T10:23:55,370|[TRACE] graph - <----- statementPart
2021-11-19T10:23:55,370|[TRACE] graph - -----> statementPart
2021-11-19T10:23:55,370|[TRACE] graph - -------> nonSkippedChar
2021-11-19T10:23:55,370|[TRACE] script - #out(`A`) [token]
2021-11-19T10:23:55,370|[TRACE] graph - <------- nonSkippedChar
2021-11-19T10:23:55,370|[TRACE] graph - <----- statementPart
2021-11-19T10:23:55,370|[TRACE] graph - -----> statementPart
2021-11-19T10:23:55,370|[TRACE] graph - -------> nonSkippedChar
2021-11-19T10:23:55,370|[TRACE] script - #out(`R`) [token]
2021-11-19T10:23:55,370|[TRACE] graph - <------- nonSkippedChar
2021-11-19T10:23:55,370|[TRACE] graph - <----- statementPart
2021-11-19T10:23:55,370|[TRACE] graph - -----> statementPart
2021-11-19T10:23:55,370|[TRACE] graph - -------> nonSkippedChar
2021-11-19T10:23:55,370|[TRACE] script - #out(`C`) [token]
2021-11-19T10:23:55,370|[TRACE] graph - <------- nonSkippedChar
2021-11-19T10:23:55,370|[TRACE] graph - <----- statementPart
2021-11-19T10:23:55,370|[TRACE] graph - -----> statementPart
2021-11-19T10:23:55,370|[TRACE] graph - -------> nonSkippedChar
2021-11-19T10:23:55,370|[TRACE] script - #out(`H`) [token]
2021-11-19T10:23:55,370|[TRACE] graph - <------- nonSkippedChar
2021-11-19T10:23:55,370|[TRACE] graph - <----- statementPart
2021-11-19T10:23:55,370|[TRACE] graph - -----> statementPart
2021-11-19T10:23:55,370|[TRACE] graph - -------> nonSkippedChar
2021-11-19T10:23:55,370|[TRACE] script - #out(`A`) [token]
2021-11-19T10:23:55,370|[TRACE] graph - <------- nonSkippedChar
2021-11-19T10:23:55,370|[TRACE] graph - <----- statementPart
2021-11-19T10:23:55,370|[TRACE] graph - -----> statementPart
2021-11-19T10:23:55,370|[TRACE] graph - -------> nonSkippedChar
2021-11-19T10:23:55,370|[TRACE] script - #out(`R`) [token]
2021-11-19T10:23:55,370|[TRACE] graph - <------- nonSkippedChar
2021-11-19T10:23:55,370|[TRACE] graph - <----- statementPart
2021-11-19T10:23:55,370|[TRACE] graph - -----> statementPart
2021-11-19T10:23:55,370|[TRACE] graph - -------> nonSkippedChar
2021-11-19T10:23:55,370|[TRACE] script - #out(`(`) [token]
2021-11-19T10:23:55,370|[TRACE] graph - <------- nonSkippedChar
2021-11-19T10:23:55,370|[TRACE] graph - <----- statementPart
2021-11-19T10:23:55,370|[TRACE] graph - -----> statementPart
2021-11-19T10:23:55,370|[TRACE] graph - -------> nonSkippedChar
2021-11-19T10:23:55,370|[TRACE] script - #out(`1`) [token]
2021-11-19T10:23:55,370|[TRACE] graph - <------- nonSkippedChar
2021-11-19T10:23:55,370|[TRACE] graph - <----- statementPart
2021-11-19T10:23:55,370|[TRACE] graph - -----> statementPart
2021-11-19T10:23:55,370|[TRACE] graph - -------> nonSkippedChar
2021-11-19T10:23:55,370|[TRACE] script - #out(`0`) [token]
2021-11-19T10:23:55,370|[TRACE] graph - <------- nonSkippedChar
2021-11-19T10:23:55,370|[TRACE] graph - <----- statementPart
2021-11-19T10:23:55,370|[TRACE] graph - -----> statementPart
2021-11-19T10:23:55,370|[TRACE] graph - -------> nonSkippedChar
2021-11-19T10:23:55,370|[TRACE] script - #out(`)`) [token]
2021-11-19T10:23:55,370|[TRACE] graph - <------- nonSkippedChar
2021-11-19T10:23:55,370|[TRACE] graph - <----- statementPart
2021-11-19T10:23:55,370|[TRACE] graph - -----> statementPart
2021-11-19T10:23:55,370|[TRACE] graph - -------> nonSkippedSpace
2021-11-19T10:23:55,370|[TRACE] script - #out(` `) [token]
2021-11-19T10:23:55,370|[TRACE] graph - <------- nonSkippedSpace
2021-11-19T10:23:55,370|[TRACE] graph - <----- statementPart
2021-11-19T10:23:55,370|[TRACE] graph - -----> statementPart
2021-11-19T10:23:55,370|[TRACE] graph - -------> nonSkippedChar
2021-11-19T10:23:55,370|[TRACE] script - #out(`N`) [token]
2021-11-19T10:23:55,370|[TRACE] graph - <------- nonSkippedChar
2021-11-19T10:23:55,370|[TRACE] graph - <----- statementPart
2021-11-19T10:23:55,370|[TRACE] graph - -----> statementPart
2021-11-19T10:23:55,370|[TRACE] graph - -------> nonSkippedChar
2021-11-19T10:23:55,370|[TRACE] script - #out(`O`) [token]
2021-11-19T10:23:55,370|[TRACE] graph - <------- nonSkippedChar
2021-11-19T10:23:55,370|[TRACE] graph - <----- statementPart
2021-11-19T10:23:55,370|[TRACE] graph - -----> statementPart
2021-11-19T10:23:55,370|[TRACE] graph - -------> nonSkippedChar
2021-11-19T10:23:55,370|[TRACE] script - #out(`T`) [token]
2021-11-19T10:23:55,370|[TRACE] graph - <------- nonSkippedChar
2021-11-19T10:23:55,370|[TRACE] graph - <----- statementPart
2021-11-19T10:23:55,370|[TRACE] graph - -----> statementPart
2021-11-19T10:23:55,370|[TRACE] graph - -------> nonSkippedSpace
2021-11-19T10:23:55,370|[TRACE] script - #out(` `) [token]
2021-11-19T10:23:55,370|[TRACE] graph - <------- nonSkippedSpace
2021-11-19T10:23:55,370|[TRACE] graph - <----- statementPart
2021-11-19T10:23:55,370|[TRACE] graph - -----> statementPart
2021-11-19T10:23:55,370|[TRACE] graph - -------> nonSkippedChar
2021-11-19T10:23:55,370|[TRACE] script - #out(`N`) [token]
2021-11-19T10:23:55,370|[TRACE] graph - <------- nonSkippedChar
2021-11-19T10:23:55,370|[TRACE] graph - <----- statementPart
2021-11-19T10:23:55,370|[TRACE] graph - -----> statementPart
2021-11-19T10:23:55,370|[TRACE] graph - -------> nonSkippedChar
2021-11-19T10:23:55,370|[TRACE] script - #out(`U`) [token]
2021-11-19T10:23:55,370|[TRACE] graph - <------- nonSkippedChar
2021-11-19T10:23:55,370|[TRACE] graph - <----- statementPart
2021-11-19T10:23:55,370|[TRACE] graph - -----> statementPart
2021-11-19T10:23:55,370|[TRACE] graph - -------> nonSkippedChar
2021-11-19T10:23:55,370|[TRACE] script - #out(`L`) [token]
2021-11-19T10:23:55,370|[TRACE] graph - <------- nonSkippedChar
2021-11-19T10:23:55,370|[TRACE] graph - <----- statementPart
2021-11-19T10:23:55,370|[TRACE] graph - -----> statementPart
2021-11-19T10:23:55,370|[TRACE] graph - -------> nonSkippedChar
2021-11-19T10:23:55,370|[TRACE] script - #out(`L`) [token]
2021-11-19T10:23:55,370|[TRACE] graph - <------- nonSkippedChar
2021-11-19T10:23:55,370|[TRACE] graph - <----- statementPart
2021-11-19T10:23:55,370|[TRACE] graph - -----> statementPart
2021-11-19T10:23:55,370|[TRACE] graph - -------> nonSkippedChar
2021-11-19T10:23:55,370|[TRACE] script - #out(`,`) [token]
2021-11-19T10:23:55,370|[TRACE] graph - <------- nonSkippedChar
2021-11-19T10:23:55,370|[TRACE] graph - <----- statementPart
2021-11-19T10:23:55,370|[TRACE] graph - -----> afterStatementPartNewline
2021-11-19T10:23:55,370|[TRACE] script - #out(` `) [text]
2021-11-19T10:23:55,370|[TRACE] graph - <----- afterStatementPartNewline
2021-11-19T10:23:55,370|[TRACE] graph - -----> statementPart
2021-11-19T10:23:55,370|[TRACE] graph - -------> nonSkippedSpace
2021-11-19T10:23:55,370|[TRACE] script - #out(` `) [token]
2021-11-19T10:23:55,370|[TRACE] graph - <------- nonSkippedSpace
2021-11-19T10:23:55,370|[TRACE] graph - <----- statementPart
2021-11-19T10:23:55,370|[TRACE] graph - -----> statementPart
2021-11-19T10:23:55,370|[TRACE] graph - -------> nonSkippedSpace
2021-11-19T10:23:55,370|[TRACE] script - #out(` `) [token]
2021-11-19T10:23:55,370|[TRACE] graph - <------- nonSkippedSpace
2021-11-19T10:23:55,370|[TRACE] graph - <----- statementPart
2021-11-19T10:23:55,370|[TRACE] graph - -----> statementPart
2021-11-19T10:23:55,370|[TRACE] graph - -------> quotedString
2021-11-19T10:23:55,370|[TRACE] script - #out(``email``) [token]
2021-11-19T10:23:55,370|[TRACE] graph - <------- quotedString
2021-11-19T10:23:55,370|[TRACE] graph - <----- statementPart
2021-11-19T10:23:55,370|[TRACE] graph - -----> statementPart
2021-11-19T10:23:55,370|[TRACE] graph - -------> nonSkippedSpace
2021-11-19T10:23:55,370|[TRACE] script - #out(` `) [token]
2021-11-19T10:23:55,370|[TRACE] graph - <------- nonSkippedSpace
2021-11-19T10:23:55,370|[TRACE] graph - <----- statementPart
2021-11-19T10:23:55,370|[TRACE] graph - -----> statementPart
2021-11-19T10:23:55,370|[TRACE] graph - -------> nonSkippedChar
2021-11-19T10:23:55,370|[TRACE] script - #out(`V`) [token]
2021-11-19T10:23:55,370|[TRACE] graph - <------- nonSkippedChar
2021-11-19T10:23:55,370|[TRACE] graph - <----- statementPart
2021-11-19T10:23:55,370|[TRACE] graph - -----> statementPart
2021-11-19T10:23:55,370|[TRACE] graph - -------> nonSkippedChar
2021-11-19T10:23:55,370|[TRACE] script - #out(`A`) [token]
2021-11-19T10:23:55,370|[TRACE] graph - <------- nonSkippedChar
2021-11-19T10:23:55,370|[TRACE] graph - <----- statementPart
2021-11-19T10:23:55,370|[TRACE] graph - -----> statementPart
2021-11-19T10:23:55,370|[TRACE] graph - -------> nonSkippedChar
2021-11-19T10:23:55,370|[TRACE] script - #out(`R`) [token]
2021-11-19T10:23:55,370|[TRACE] graph - <------- nonSkippedChar
2021-11-19T10:23:55,370|[TRACE] graph - <----- statementPart
2021-11-19T10:23:55,370|[TRACE] graph - -----> statementPart
2021-11-19T10:23:55,370|[TRACE] graph - -------> nonSkippedChar
2021-11-19T10:23:55,371|[TRACE] script - #out(`C`) [token]
2021-11-19T10:23:55,371|[TRACE] graph - <------- nonSkippedChar
2021-11-19T10:23:55,371|[TRACE] graph - <----- statementPart
2021-11-19T10:23:55,371|[TRACE] graph - -----> statementPart
2021-11-19T10:23:55,371|[TRACE] graph - -------> nonSkippedChar
2021-11-19T10:23:55,371|[TRACE] script - #out(`H`) [token]
2021-11-19T10:23:55,371|[TRACE] graph - <------- nonSkippedChar
2021-11-19T10:23:55,371|[TRACE] graph - <----- statementPart
2021-11-19T10:23:55,371|[TRACE] graph - -----> statementPart
2021-11-19T10:23:55,371|[TRACE] graph - -------> nonSkippedChar
2021-11-19T10:23:55,371|[TRACE] script - #out(`A`) [token]
2021-11-19T10:23:55,371|[TRACE] graph - <------- nonSkippedChar
2021-11-19T10:23:55,371|[TRACE] graph - <----- statementPart
2021-11-19T10:23:55,371|[TRACE] graph - -----> statementPart
2021-11-19T10:23:55,371|[TRACE] graph - -------> nonSkippedChar
2021-11-19T10:23:55,371|[TRACE] script - #out(`R`) [token]
2021-11-19T10:23:55,371|[TRACE] graph - <------- nonSkippedChar
2021-11-19T10:23:55,371|[TRACE] graph - <----- statementPart
2021-11-19T10:23:55,371|[TRACE] graph - -----> statementPart
2021-11-19T10:23:55,371|[TRACE] graph - -------> nonSkippedChar
2021-11-19T10:23:55,371|[TRACE] script - #out(`(`) [token]
2021-11-19T10:23:55,371|[TRACE] graph - <------- nonSkippedChar
2021-11-19T10:23:55,371|[TRACE] graph - <----- statementPart
2021-11-19T10:23:55,371|[TRACE] graph - -----> statementPart
2021-11-19T10:23:55,371|[TRACE] graph - -------> nonSkippedChar
2021-11-19T10:23:55,371|[TRACE] script - #out(`1`) [token]
2021-11-19T10:23:55,371|[TRACE] graph - <------- nonSkippedChar
2021-11-19T10:23:55,371|[TRACE] graph - <----- statementPart
2021-11-19T10:23:55,371|[TRACE] graph - -----> statementPart
2021-11-19T10:23:55,371|[TRACE] graph - -------> nonSkippedChar
2021-11-19T10:23:55,371|[TRACE] script - #out(`0`) [token]
2021-11-19T10:23:55,371|[TRACE] graph - <------- nonSkippedChar
2021-11-19T10:23:55,371|[TRACE] graph - <----- statementPart
2021-11-19T10:23:55,371|[TRACE] graph - -----> statementPart
2021-11-19T10:23:55,371|[TRACE] graph - -------> nonSkippedChar
2021-11-19T10:23:55,371|[TRACE] script - #out(`0`) [token]
2021-11-19T10:23:55,371|[TRACE] graph - <------- nonSkippedChar
2021-11-19T10:23:55,371|[TRACE] graph - <----- statementPart
2021-11-19T10:23:55,371|[TRACE] graph - -----> statementPart
2021-11-19T10:23:55,371|[TRACE] graph - -------> nonSkippedChar
2021-11-19T10:23:55,371|[TRACE] script - #out(`)`) [token]
2021-11-19T10:23:55,371|[TRACE] graph - <------- nonSkippedChar
2021-11-19T10:23:55,371|[TRACE] graph - <----- statementPart
2021-11-19T10:23:55,371|[TRACE] graph - -----> statementPart
2021-11-19T10:23:55,371|[TRACE] graph - -------> nonSkippedSpace
2021-11-19T10:23:55,371|[TRACE] script - #out(` `) [token]
2021-11-19T10:23:55,371|[TRACE] graph - <------- nonSkippedSpace
2021-11-19T10:23:55,371|[TRACE] graph - <----- statementPart
2021-11-19T10:23:55,371|[TRACE] graph - -----> statementPart
2021-11-19T10:23:55,371|[TRACE] graph - -------> nonSkippedChar
2021-11-19T10:23:55,371|[TRACE] script - #out(`N`) [token]
2021-11-19T10:23:55,371|[TRACE] graph - <------- nonSkippedChar
2021-11-19T10:23:55,371|[TRACE] graph - <----- statementPart
2021-11-19T10:23:55,371|[TRACE] graph - -----> statementPart
2021-11-19T10:23:55,371|[TRACE] graph - -------> nonSkippedChar
2021-11-19T10:23:55,371|[TRACE] script - #out(`U`) [token]
2021-11-19T10:23:55,371|[TRACE] graph - <------- nonSkippedChar
2021-11-19T10:23:55,371|[TRACE] graph - <----- statementPart
2021-11-19T10:23:55,371|[TRACE] graph - -----> statementPart
2021-11-19T10:23:55,371|[TRACE] graph - -------> nonSkippedChar
2021-11-19T10:23:55,371|[TRACE] script - #out(`L`) [token]
2021-11-19T10:23:55,371|[TRACE] graph - <------- nonSkippedChar
2021-11-19T10:23:55,371|[TRACE] graph - <----- statementPart
2021-11-19T10:23:55,371|[TRACE] graph - -----> statementPart
2021-11-19T10:23:55,371|[TRACE] graph - -------> nonSkippedChar
2021-11-19T10:23:55,371|[TRACE] script - #out(`L`) [token]
2021-11-19T10:23:55,371|[TRACE] graph - <------- nonSkippedChar
2021-11-19T10:23:55,371|[TRACE] graph - <----- statementPart
2021-11-19T10:23:55,371|[TRACE] graph - -----> statementPart
2021-11-19T10:23:55,371|[TRACE] graph - -------> nonSkippedChar
2021-11-19T10:23:55,371|[TRACE] script - #out(`,`) [token]
2021-11-19T10:23:55,371|[TRACE] graph - <------- nonSkippedChar
2021-11-19T10:23:55,371|[TRACE] graph - <----- statementPart
2021-11-19T10:23:55,371|[TRACE] graph - -----> afterStatementPartNewline
2021-11-19T10:23:55,371|[TRACE] script - #out(` `) [text]
2021-11-19T10:23:55,371|[TRACE] graph - <----- afterStatementPartNewline
2021-11-19T10:23:55,371|[TRACE] graph - -----> statementPart
2021-11-19T10:23:55,371|[TRACE] graph - -------> nonSkippedSpace
2021-11-19T10:23:55,371|[TRACE] script - #out(` `) [token]
2021-11-19T10:23:55,371|[TRACE] graph - <------- nonSkippedSpace
2021-11-19T10:23:55,371|[TRACE] graph - <----- statementPart
2021-11-19T10:23:55,371|[TRACE] graph - -----> statementPart
2021-11-19T10:23:55,371|[TRACE] graph - -------> nonSkippedSpace
2021-11-19T10:23:55,371|[TRACE] script - #out(` `) [token]
2021-11-19T10:23:55,371|[TRACE] graph - <------- nonSkippedSpace
2021-11-19T10:23:55,371|[TRACE] graph - <----- statementPart
2021-11-19T10:23:55,371|[TRACE] graph - -----> statementPart
2021-11-19T10:23:55,371|[TRACE] graph - -------> quotedString
2021-11-19T10:23:55,371|[TRACE] script - #out(``address_id``) [token]
2021-11-19T10:23:55,371|[TRACE] graph - <------- quotedString
2021-11-19T10:23:55,371|[TRACE] graph - <----- statementPart
2021-11-19T10:23:55,371|[TRACE] graph - -----> statementPart
2021-11-19T10:23:55,371|[TRACE] graph - -------> nonSkippedSpace
2021-11-19T10:23:55,371|[TRACE] script - #out(` `) [token]
2021-11-19T10:23:55,371|[TRACE] graph - <------- nonSkippedSpace
2021-11-19T10:23:55,371|[TRACE] graph - <----- statementPart
2021-11-19T10:23:55,371|[TRACE] graph - -----> statementPart
2021-11-19T10:23:55,371|[TRACE] graph - -------> nonSkippedChar
2021-11-19T10:23:55,371|[TRACE] script - #out(`I`) [token]
2021-11-19T10:23:55,371|[TRACE] graph - <------- nonSkippedChar
2021-11-19T10:23:55,371|[TRACE] graph - <----- statementPart
2021-11-19T10:23:55,371|[TRACE] graph - -----> statementPart
2021-11-19T10:23:55,371|[TRACE] graph - -------> nonSkippedChar
2021-11-19T10:23:55,371|[TRACE] script - #out(`N`) [token]
2021-11-19T10:23:55,371|[TRACE] graph - <------- nonSkippedChar
2021-11-19T10:23:55,371|[TRACE] graph - <----- statementPart
2021-11-19T10:23:55,371|[TRACE] graph - -----> statementPart
2021-11-19T10:23:55,371|[TRACE] graph - -------> nonSkippedChar
2021-11-19T10:23:55,371|[TRACE] script - #out(`T`) [token]
2021-11-19T10:23:55,371|[TRACE] graph - <------- nonSkippedChar
2021-11-19T10:23:55,371|[TRACE] graph - <----- statementPart
2021-11-19T10:23:55,371|[TRACE] graph - -----> statementPart
2021-11-19T10:23:55,371|[TRACE] graph - -------> nonSkippedSpace
2021-11-19T10:23:55,371|[TRACE] script - #out(` `) [token]
2021-11-19T10:23:55,371|[TRACE] graph - <------- nonSkippedSpace
2021-11-19T10:23:55,371|[TRACE] graph - <----- statementPart
2021-11-19T10:23:55,371|[TRACE] graph - -----> statementPart
2021-11-19T10:23:55,371|[TRACE] graph - -------> nonSkippedChar
2021-11-19T10:23:55,371|[TRACE] script - #out(`N`) [token]
2021-11-19T10:23:55,371|[TRACE] graph - <------- nonSkippedChar
2021-11-19T10:23:55,371|[TRACE] graph - <----- statementPart
2021-11-19T10:23:55,371|[TRACE] graph - -----> statementPart
2021-11-19T10:23:55,371|[TRACE] graph - -------> nonSkippedChar
2021-11-19T10:23:55,371|[TRACE] script - #out(`U`) [token]
2021-11-19T10:23:55,371|[TRACE] graph - <------- nonSkippedChar
2021-11-19T10:23:55,371|[TRACE] graph - <----- statementPart
2021-11-19T10:23:55,371|[TRACE] graph - -----> statementPart
2021-11-19T10:23:55,371|[TRACE] graph - -------> nonSkippedChar
2021-11-19T10:23:55,371|[TRACE] script - #out(`L`) [token]
2021-11-19T10:23:55,371|[TRACE] graph - <------- nonSkippedChar
2021-11-19T10:23:55,371|[TRACE] graph - <----- statementPart
2021-11-19T10:23:55,371|[TRACE] graph - -----> statementPart
2021-11-19T10:23:55,371|[TRACE] graph - -------> nonSkippedChar
2021-11-19T10:23:55,371|[TRACE] script - #out(`L`) [token]
2021-11-19T10:23:55,371|[TRACE] graph - <------- nonSkippedChar
2021-11-19T10:23:55,371|[TRACE] graph - <----- statementPart
2021-11-19T10:23:55,371|[TRACE] graph - -----> statementPart
2021-11-19T10:23:55,371|[TRACE] graph - -------> nonSkippedChar
2021-11-19T10:23:55,371|[TRACE] script - #out(`,`) [token]
2021-11-19T10:23:55,371|[TRACE] graph - <------- nonSkippedChar
2021-11-19T10:23:55,371|[TRACE] graph - <----- statementPart
2021-11-19T10:23:55,371|[TRACE] graph - -----> afterStatementPartNewline
2021-11-19T10:23:55,371|[TRACE] script - #out(` `) [text]
2021-11-19T10:23:55,371|[TRACE] graph - <----- afterStatementPartNewline
2021-11-19T10:23:55,371|[TRACE] graph - -----> statementPart
2021-11-19T10:23:55,371|[TRACE] graph - -------> nonSkippedSpace
2021-11-19T10:23:55,371|[TRACE] script - #out(` `) [token]
2021-11-19T10:23:55,371|[TRACE] graph - <------- nonSkippedSpace
2021-11-19T10:23:55,371|[TRACE] graph - <----- statementPart
2021-11-19T10:23:55,371|[TRACE] graph - -----> statementPart
2021-11-19T10:23:55,371|[TRACE] graph - -------> nonSkippedSpace
2021-11-19T10:23:55,371|[TRACE] script - #out(` `) [token]
2021-11-19T10:23:55,371|[TRACE] graph - <------- nonSkippedSpace
2021-11-19T10:23:55,371|[TRACE] graph - <----- statementPart
2021-11-19T10:23:55,371|[TRACE] graph - -----> statementPart
2021-11-19T10:23:55,371|[TRACE] graph - -------> quotedString
2021-11-19T10:23:55,371|[TRACE] script - #out(``created``) [token]
2021-11-19T10:23:55,371|[TRACE] graph - <------- quotedString
2021-11-19T10:23:55,371|[TRACE] graph - <----- statementPart
2021-11-19T10:23:55,371|[TRACE] graph - -----> statementPart
2021-11-19T10:23:55,371|[TRACE] graph - -------> nonSkippedSpace
2021-11-19T10:23:55,371|[TRACE] script - #out(` `) [token]
2021-11-19T10:23:55,371|[TRACE] graph - <------- nonSkippedSpace
2021-11-19T10:23:55,371|[TRACE] graph - <----- statementPart
2021-11-19T10:23:55,371|[TRACE] graph - -----> statementPart
2021-11-19T10:23:55,371|[TRACE] graph - -------> nonSkippedChar
2021-11-19T10:23:55,371|[TRACE] script - #out(`B`) [token]
2021-11-19T10:23:55,371|[TRACE] graph - <------- nonSkippedChar
2021-11-19T10:23:55,371|[TRACE] graph - <----- statementPart
2021-11-19T10:23:55,371|[TRACE] graph - -----> statementPart
2021-11-19T10:23:55,371|[TRACE] graph - -------> nonSkippedChar
2021-11-19T10:23:55,371|[TRACE] script - #out(`I`) [token]
2021-11-19T10:23:55,371|[TRACE] graph - <------- nonSkippedChar
2021-11-19T10:23:55,371|[TRACE] graph - <----- statementPart
2021-11-19T10:23:55,371|[TRACE] graph - -----> statementPart
2021-11-19T10:23:55,371|[TRACE] graph - -------> nonSkippedChar
2021-11-19T10:23:55,371|[TRACE] script - #out(`G`) [token]
2021-11-19T10:23:55,371|[TRACE] graph - <------- nonSkippedChar
2021-11-19T10:23:55,371|[TRACE] graph - <----- statementPart
2021-11-19T10:23:55,371|[TRACE] graph - -----> statementPart
2021-11-19T10:23:55,371|[TRACE] graph - -------> nonSkippedChar
2021-11-19T10:23:55,371|[TRACE] script - #out(`I`) [token]
2021-11-19T10:23:55,371|[TRACE] graph - <------- nonSkippedChar
2021-11-19T10:23:55,371|[TRACE] graph - <----- statementPart
2021-11-19T10:23:55,371|[TRACE] graph - -----> statementPart
2021-11-19T10:23:55,371|[TRACE] graph - -------> nonSkippedChar
2021-11-19T10:23:55,371|[TRACE] script - #out(`N`) [token]
2021-11-19T10:23:55,371|[TRACE] graph - <------- nonSkippedChar
2021-11-19T10:23:55,371|[TRACE] graph - <----- statementPart
2021-11-19T10:23:55,371|[TRACE] graph - -----> statementPart
2021-11-19T10:23:55,371|[TRACE] graph - -------> nonSkippedChar
2021-11-19T10:23:55,371|[TRACE] script - #out(`T`) [token]
2021-11-19T10:23:55,371|[TRACE] graph - <------- nonSkippedChar
2021-11-19T10:23:55,371|[TRACE] graph - <----- statementPart
2021-11-19T10:23:55,371|[TRACE] graph - -----> statementPart
2021-11-19T10:23:55,371|[TRACE] graph - -------> nonSkippedSpace
2021-11-19T10:23:55,371|[TRACE] script - #out(` `) [token]
2021-11-19T10:23:55,371|[TRACE] graph - <------- nonSkippedSpace
2021-11-19T10:23:55,371|[TRACE] graph - <----- statementPart
2021-11-19T10:23:55,371|[TRACE] graph - -----> statementPart
2021-11-19T10:23:55,371|[TRACE] graph - -------> nonSkippedChar
2021-11-19T10:23:55,371|[TRACE] script - #out(`N`) [token]
2021-11-19T10:23:55,371|[TRACE] graph - <------- nonSkippedChar
2021-11-19T10:23:55,371|[TRACE] graph - <----- statementPart
2021-11-19T10:23:55,371|[TRACE] graph - -----> statementPart
2021-11-19T10:23:55,426|[TRACE] graph - -------> nonSkippedChar
2021-11-19T10:23:55,426|[TRACE] script - #out(`O`) [token]
2021-11-19T10:23:55,426|[TRACE] graph - <------- nonSkippedChar
2021-11-19T10:23:55,426|[TRACE] graph - <----- statementPart
2021-11-19T10:23:55,427|[TRACE] graph - -----> statementPart
2021-11-19T10:23:55,427|[TRACE] graph - -------> nonSkippedChar
2021-11-19T10:23:55,427|[TRACE] script - #out(`T`) [token]
2021-11-19T10:23:55,427|[TRACE] graph - <------- nonSkippedChar
2021-11-19T10:23:55,427|[TRACE] graph - <----- statementPart
2021-11-19T10:23:55,427|[TRACE] graph - -----> statementPart
2021-11-19T10:23:55,427|[TRACE] graph - -------> nonSkippedSpace
2021-11-19T10:23:55,427|[TRACE] script - #out(` `) [token]
2021-11-19T10:23:55,427|[TRACE] graph - <------- nonSkippedSpace
2021-11-19T10:23:55,427|[TRACE] graph - <----- statementPart
2021-11-19T10:23:55,427|[TRACE] graph - -----> statementPart
2021-11-19T10:23:55,427|[TRACE] graph - -------> nonSkippedChar
2021-11-19T10:23:55,427|[TRACE] script - #out(`N`) [token]
2021-11-19T10:23:55,427|[TRACE] graph - <------- nonSkippedChar
2021-11-19T10:23:55,427|[TRACE] graph - <----- statementPart
2021-11-19T10:23:55,427|[TRACE] graph - -----> statementPart
2021-11-19T10:23:55,427|[TRACE] graph - -------> nonSkippedChar
2021-11-19T10:23:55,427|[TRACE] script - #out(`U`) [token]
2021-11-19T10:23:55,427|[TRACE] graph - <------- nonSkippedChar
2021-11-19T10:23:55,427|[TRACE] graph - <----- statementPart
2021-11-19T10:23:55,427|[TRACE] graph - -----> statementPart
2021-11-19T10:23:55,427|[TRACE] graph - -------> nonSkippedChar
2021-11-19T10:23:55,427|[TRACE] script - #out(`L`) [token]
2021-11-19T10:23:55,427|[TRACE] graph - <------- nonSkippedChar
2021-11-19T10:23:55,427|[TRACE] graph - <----- statementPart
2021-11-19T10:23:55,427|[TRACE] graph - -----> statementPart
2021-11-19T10:23:55,427|[TRACE] graph - -------> nonSkippedChar
2021-11-19T10:23:55,427|[TRACE] script - #out(`L`) [token]
2021-11-19T10:23:55,427|[TRACE] graph - <------- nonSkippedChar
2021-11-19T10:23:55,427|[TRACE] graph - <----- statementPart
2021-11-19T10:23:55,427|[TRACE] graph - -----> statementPart
2021-11-19T10:23:55,427|[TRACE] graph - -------> nonSkippedSpace
2021-11-19T10:23:55,427|[TRACE] script - #out(` `) [token]
2021-11-19T10:23:55,427|[TRACE] graph - <------- nonSkippedSpace
2021-11-19T10:23:55,427|[TRACE] graph - <----- statementPart
2021-11-19T10:23:55,427|[TRACE] graph - -----> statementPart
2021-11-19T10:23:55,427|[TRACE] graph - -------> nonSkippedChar
2021-11-19T10:23:55,427|[TRACE] script - #out(`D`) [token]
2021-11-19T10:23:55,427|[TRACE] graph - <------- nonSkippedChar
2021-11-19T10:23:55,427|[TRACE] graph - <----- statementPart
2021-11-19T10:23:55,427|[TRACE] graph - -----> statementPart
2021-11-19T10:23:55,427|[TRACE] graph - -------> nonSkippedChar
2021-11-19T10:23:55,427|[TRACE] script - #out(`E`) [token]
2021-11-19T10:23:55,427|[TRACE] graph - <------- nonSkippedChar
2021-11-19T10:23:55,427|[TRACE] graph - <----- statementPart
2021-11-19T10:23:55,427|[TRACE] graph - -----> statementPart
2021-11-19T10:23:55,427|[TRACE] graph - -------> nonSkippedChar
2021-11-19T10:23:55,427|[TRACE] script - #out(`F`) [token]
2021-11-19T10:23:55,427|[TRACE] graph - <------- nonSkippedChar
2021-11-19T10:23:55,427|[TRACE] graph - <----- statementPart
2021-11-19T10:23:55,427|[TRACE] graph - -----> statementPart
2021-11-19T10:23:55,427|[TRACE] graph - -------> nonSkippedChar
2021-11-19T10:23:55,427|[TRACE] script - #out(`A`) [token]
2021-11-19T10:23:55,427|[TRACE] graph - <------- nonSkippedChar
2021-11-19T10:23:55,427|[TRACE] graph - <----- statementPart
2021-11-19T10:23:55,427|[TRACE] graph - -----> statementPart
2021-11-19T10:23:55,427|[TRACE] graph - -------> nonSkippedChar
2021-11-19T10:23:55,427|[TRACE] script - #out(`U`) [token]
2021-11-19T10:23:55,427|[TRACE] graph - <------- nonSkippedChar
2021-11-19T10:23:55,427|[TRACE] graph - <----- statementPart
2021-11-19T10:23:55,427|[TRACE] graph - -----> statementPart
2021-11-19T10:23:55,427|[TRACE] graph - -------> nonSkippedChar
2021-11-19T10:23:55,427|[TRACE] script - #out(`L`) [token]
2021-11-19T10:23:55,427|[TRACE] graph - <------- nonSkippedChar
2021-11-19T10:23:55,427|[TRACE] graph - <----- statementPart
2021-11-19T10:23:55,427|[TRACE] graph - -----> statementPart
2021-11-19T10:23:55,427|[TRACE] graph - -------> nonSkippedChar
2021-11-19T10:23:55,427|[TRACE] script - #out(`T`) [token]
2021-11-19T10:23:55,427|[TRACE] graph - <------- nonSkippedChar
2021-11-19T10:23:55,427|[TRACE] graph - <----- statementPart
2021-11-19T10:23:55,427|[TRACE] graph - -----> statementPart
2021-11-19T10:23:55,427|[TRACE] graph - -------> nonSkippedSpace
2021-11-19T10:23:55,427|[TRACE] script - #out(` `) [token]
2021-11-19T10:23:55,427|[TRACE] graph - <------- nonSkippedSpace
2021-11-19T10:23:55,427|[TRACE] graph - <----- statementPart
2021-11-19T10:23:55,427|[TRACE] graph - -----> statementPart
2021-11-19T10:23:55,427|[TRACE] graph - -------> nonSkippedChar
2021-11-19T10:23:55,427|[TRACE] script - #out(`(`) [token]
2021-11-19T10:23:55,427|[TRACE] graph - <------- nonSkippedChar
2021-11-19T10:23:55,427|[TRACE] graph - <----- statementPart
2021-11-19T10:23:55,427|[TRACE] graph - -----> statementPart
2021-11-19T10:23:55,427|[TRACE] graph - -------> nonSkippedChar
2021-11-19T10:23:55,427|[TRACE] script - #out(`u`) [token]
2021-11-19T10:23:55,427|[TRACE] graph - <------- nonSkippedChar
2021-11-19T10:23:55,427|[TRACE] graph - <----- statementPart
2021-11-19T10:23:55,427|[TRACE] graph - -----> statementPart
2021-11-19T10:23:55,427|[TRACE] graph - -------> nonSkippedChar
2021-11-19T10:23:55,427|[TRACE] script - #out(`n`) [token]
2021-11-19T10:23:55,427|[TRACE] graph - <------- nonSkippedChar
2021-11-19T10:23:55,427|[TRACE] graph - <----- statementPart
2021-11-19T10:23:55,427|[TRACE] graph - -----> statementPart
2021-11-19T10:23:55,427|[TRACE] graph - -------> nonSkippedChar
2021-11-19T10:23:55,427|[TRACE] script - #out(`i`) [token]
2021-11-19T10:23:55,427|[TRACE] graph - <------- nonSkippedChar
2021-11-19T10:23:55,427|[TRACE] graph - <----- statementPart
2021-11-19T10:23:55,427|[TRACE] graph - -----> statementPart
2021-11-19T10:23:55,427|[TRACE] graph - -------> nonSkippedChar
2021-11-19T10:23:55,427|[TRACE] script - #out(`x`) [token]
2021-11-19T10:23:55,427|[TRACE] graph - <------- nonSkippedChar
2021-11-19T10:23:55,427|[TRACE] graph - <----- statementPart
2021-11-19T10:23:55,427|[TRACE] graph - -----> statementPart
2021-11-19T10:23:55,427|[TRACE] graph - -------> nonSkippedChar
2021-11-19T10:23:55,427|[TRACE] script - #out(`_`) [token]
2021-11-19T10:23:55,427|[TRACE] graph - <------- nonSkippedChar
2021-11-19T10:23:55,427|[TRACE] graph - <----- statementPart
2021-11-19T10:23:55,427|[TRACE] graph - -----> statementPart
2021-11-19T10:23:55,427|[TRACE] graph - -------> nonSkippedChar
2021-11-19T10:23:55,427|[TRACE] script - #out(`t`) [token]
2021-11-19T10:23:55,427|[TRACE] graph - <------- nonSkippedChar
2021-11-19T10:23:55,427|[TRACE] graph - <----- statementPart
2021-11-19T10:23:55,427|[TRACE] graph - -----> statementPart
2021-11-19T10:23:55,427|[TRACE] graph - -------> nonSkippedChar
2021-11-19T10:23:55,427|[TRACE] script - #out(`i`) [token]
2021-11-19T10:23:55,427|[TRACE] graph - <------- nonSkippedChar
2021-11-19T10:23:55,427|[TRACE] graph - <----- statementPart
2021-11-19T10:23:55,427|[TRACE] graph - -----> statementPart
2021-11-19T10:23:55,427|[TRACE] graph - -------> nonSkippedChar
2021-11-19T10:23:55,427|[TRACE] script - #out(`m`) [token]
2021-11-19T10:23:55,427|[TRACE] graph - <------- nonSkippedChar
2021-11-19T10:23:55,427|[TRACE] graph - <----- statementPart
2021-11-19T10:23:55,427|[TRACE] graph - -----> statementPart
2021-11-19T10:23:55,427|[TRACE] graph - -------> nonSkippedChar
2021-11-19T10:23:55,427|[TRACE] script - #out(`e`) [token]
2021-11-19T10:23:55,427|[TRACE] graph - <------- nonSkippedChar
2021-11-19T10:23:55,427|[TRACE] graph - <----- statementPart
2021-11-19T10:23:55,427|[TRACE] graph - -----> statementPart
2021-11-19T10:23:55,427|[TRACE] graph - -------> nonSkippedChar
2021-11-19T10:23:55,427|[TRACE] script - #out(`s`) [token]
2021-11-19T10:23:55,427|[TRACE] graph - <------- nonSkippedChar
2021-11-19T10:23:55,427|[TRACE] graph - <----- statementPart
2021-11-19T10:23:55,427|[TRACE] graph - -----> statementPart
2021-11-19T10:23:55,427|[TRACE] graph - -------> nonSkippedChar
2021-11-19T10:23:55,427|[TRACE] script - #out(`t`) [token]
2021-11-19T10:23:55,427|[TRACE] graph - <------- nonSkippedChar
2021-11-19T10:23:55,427|[TRACE] graph - <----- statementPart
2021-11-19T10:23:55,427|[TRACE] graph - -----> statementPart
2021-11-19T10:23:55,427|[TRACE] graph - -------> nonSkippedChar
2021-11-19T10:23:55,427|[TRACE] script - #out(`a`) [token]
2021-11-19T10:23:55,427|[TRACE] graph - <------- nonSkippedChar
2021-11-19T10:23:55,427|[TRACE] graph - <----- statementPart
2021-11-19T10:23:55,427|[TRACE] graph - -----> statementPart
2021-11-19T10:23:55,427|[TRACE] graph - -------> nonSkippedChar
2021-11-19T10:23:55,427|[TRACE] script - #out(`m`) [token]
2021-11-19T10:23:55,427|[TRACE] graph - <------- nonSkippedChar
2021-11-19T10:23:55,427|[TRACE] graph - <----- statementPart
2021-11-19T10:23:55,427|[TRACE] graph - -----> statementPart
2021-11-19T10:23:55,427|[TRACE] graph - -------> nonSkippedChar
2021-11-19T10:23:55,427|[TRACE] script - #out(`p`) [token]
2021-11-19T10:23:55,427|[TRACE] graph - <------- nonSkippedChar
2021-11-19T10:23:55,427|[TRACE] graph - <----- statementPart
2021-11-19T10:23:55,427|[TRACE] graph - -----> statementPart
2021-11-19T10:23:55,427|[TRACE] graph - -------> nonSkippedChar
2021-11-19T10:23:55,427|[TRACE] script - #out(`(`) [token]
2021-11-19T10:23:55,427|[TRACE] graph - <------- nonSkippedChar
2021-11-19T10:23:55,427|[TRACE] graph - <----- statementPart
2021-11-19T10:23:55,427|[TRACE] graph - -----> statementPart
2021-11-19T10:23:55,427|[TRACE] graph - -------> nonSkippedChar
2021-11-19T10:23:55,427|[TRACE] script - #out(`n`) [token]
2021-11-19T10:23:55,427|[TRACE] graph - <------- nonSkippedChar
2021-11-19T10:23:55,427|[TRACE] graph - <----- statementPart
2021-11-19T10:23:55,427|[TRACE] graph - -----> statementPart
2021-11-19T10:23:55,427|[TRACE] graph - -------> nonSkippedChar
2021-11-19T10:23:55,427|[TRACE] script - #out(`o`) [token]
2021-11-19T10:23:55,427|[TRACE] graph - <------- nonSkippedChar
2021-11-19T10:23:55,427|[TRACE] graph - <----- statementPart
2021-11-19T10:23:55,427|[TRACE] graph - -----> statementPart
2021-11-19T10:23:55,427|[TRACE] graph - -------> nonSkippedChar
2021-11-19T10:23:55,427|[TRACE] script - #out(`w`) [token]
2021-11-19T10:23:55,427|[TRACE] graph - <------- nonSkippedChar
2021-11-19T10:23:55,427|[TRACE] graph - <----- statementPart
2021-11-19T10:23:55,427|[TRACE] graph - -----> statementPart
2021-11-19T10:23:55,427|[TRACE] graph - -------> nonSkippedChar
2021-11-19T10:23:55,427|[TRACE] script - #out(`(`) [token]
2021-11-19T10:23:55,427|[TRACE] graph - <------- nonSkippedChar
2021-11-19T10:23:55,427|[TRACE] graph - <----- statementPart
2021-11-19T10:23:55,427|[TRACE] graph - -----> statementPart
2021-11-19T10:23:55,427|[TRACE] graph - -------> nonSkippedChar
2021-11-19T10:23:55,427|[TRACE] script - #out(`)`) [token]
2021-11-19T10:23:55,427|[TRACE] graph - <------- nonSkippedChar
2021-11-19T10:23:55,427|[TRACE] graph - <----- statementPart
2021-11-19T10:23:55,427|[TRACE] graph - -----> statementPart
2021-11-19T10:23:55,427|[TRACE] graph - -------> nonSkippedChar
2021-11-19T10:23:55,427|[TRACE] script - #out(`)`) [token]
2021-11-19T10:23:55,427|[TRACE] graph - <------- nonSkippedChar
2021-11-19T10:23:55,427|[TRACE] graph - <----- statementPart
2021-11-19T10:23:55,427|[TRACE] graph - -----> statementPart
2021-11-19T10:23:55,427|[TRACE] graph - -------> nonSkippedSpace
2021-11-19T10:23:55,427|[TRACE] script - #out(` `) [token]
2021-11-19T10:23:55,427|[TRACE] graph - <------- nonSkippedSpace
2021-11-19T10:23:55,427|[TRACE] graph - <----- statementPart
2021-11-19T10:23:55,427|[TRACE] graph - -----> statementPart
2021-11-19T10:23:55,427|[TRACE] graph - -------> nonSkippedChar
2021-11-19T10:23:55,427|[TRACE] script - #out(`*`) [token]
2021-11-19T10:23:55,427|[TRACE] graph - <------- nonSkippedChar
2021-11-19T10:23:55,427|[TRACE] graph - <----- statementPart
2021-11-19T10:23:55,428|[TRACE] graph - -----> statementPart
2021-11-19T10:23:55,428|[TRACE] graph - -------> nonSkippedSpace
2021-11-19T10:23:55,428|[TRACE] script - #out(` `) [token]
2021-11-19T10:23:55,428|[TRACE] graph - <------- nonSkippedSpace
2021-11-19T10:23:55,428|[TRACE] graph - <----- statementPart
2021-11-19T10:23:55,428|[TRACE] graph - -----> statementPart
2021-11-19T10:23:55,428|[TRACE] graph - -------> nonSkippedChar
2021-11-19T10:23:55,428|[TRACE] script - #out(`1`) [token]
2021-11-19T10:23:55,428|[TRACE] graph - <------- nonSkippedChar
2021-11-19T10:23:55,428|[TRACE] graph - <----- statementPart
2021-11-19T10:23:55,428|[TRACE] graph - -----> statementPart
2021-11-19T10:23:55,428|[TRACE] graph - -------> nonSkippedChar
2021-11-19T10:23:55,428|[TRACE] script - #out(`0`) [token]
2021-11-19T10:23:55,428|[TRACE] graph - <------- nonSkippedChar
2021-11-19T10:23:55,428|[TRACE] graph - <----- statementPart
2021-11-19T10:23:55,428|[TRACE] graph - -----> statementPart
2021-11-19T10:23:55,428|[TRACE] graph - -------> nonSkippedChar
2021-11-19T10:23:55,428|[TRACE] script - #out(`0`) [token]
2021-11-19T10:23:55,428|[TRACE] graph - <------- nonSkippedChar
2021-11-19T10:23:55,428|[TRACE] graph - <----- statementPart
2021-11-19T10:23:55,428|[TRACE] graph - -----> statementPart
2021-11-19T10:23:55,428|[TRACE] graph - -------> nonSkippedChar
2021-11-19T10:23:55,428|[TRACE] script - #out(`0`) [token]
2021-11-19T10:23:55,428|[TRACE] graph - <------- nonSkippedChar
2021-11-19T10:23:55,428|[TRACE] graph - <----- statementPart
2021-11-19T10:23:55,428|[TRACE] graph - -----> statementPart
2021-11-19T10:23:55,428|[TRACE] graph - -------> nonSkippedChar
2021-11-19T10:23:55,428|[TRACE] script - #out(`)`) [token]
2021-11-19T10:23:55,428|[TRACE] graph - <------- nonSkippedChar
2021-11-19T10:23:55,428|[TRACE] graph - <----- statementPart
2021-11-19T10:23:55,428|[TRACE] graph - -----> statementPart
2021-11-19T10:23:55,428|[TRACE] graph - -------> nonSkippedChar
2021-11-19T10:23:55,428|[TRACE] script - #out(`,`) [token]
2021-11-19T10:23:55,428|[TRACE] graph - <------- nonSkippedChar
2021-11-19T10:23:55,428|[TRACE] graph - <----- statementPart
2021-11-19T10:23:55,428|[TRACE] graph - -----> afterStatementPartNewline
2021-11-19T10:23:55,428|[TRACE] script - #out(` `) [text]
2021-11-19T10:23:55,428|[TRACE] graph - <----- afterStatementPartNewline
2021-11-19T10:23:55,428|[TRACE] graph - -----> statementPart
2021-11-19T10:23:55,428|[TRACE] graph - -------> nonSkippedSpace
2021-11-19T10:23:55,428|[TRACE] script - #out(` `) [token]
2021-11-19T10:23:55,428|[TRACE] graph - <------- nonSkippedSpace
2021-11-19T10:23:55,428|[TRACE] graph - <----- statementPart
2021-11-19T10:23:55,428|[TRACE] graph - -----> statementPart
2021-11-19T10:23:55,428|[TRACE] graph - -------> nonSkippedSpace
2021-11-19T10:23:55,428|[TRACE] script - #out(` `) [token]
2021-11-19T10:23:55,428|[TRACE] graph - <------- nonSkippedSpace
2021-11-19T10:23:55,428|[TRACE] graph - <----- statementPart
2021-11-19T10:23:55,428|[TRACE] graph - -----> statementPart
2021-11-19T10:23:55,428|[TRACE] graph - -------> quotedString
2021-11-19T10:23:55,428|[TRACE] script - #out(``updated``) [token]
2021-11-19T10:23:55,428|[TRACE] graph - <------- quotedString
2021-11-19T10:23:55,428|[TRACE] graph - <----- statementPart
2021-11-19T10:23:55,428|[TRACE] graph - -----> statementPart
2021-11-19T10:23:55,428|[TRACE] graph - -------> nonSkippedSpace
2021-11-19T10:23:55,428|[TRACE] script - #out(` `) [token]
2021-11-19T10:23:55,428|[TRACE] graph - <------- nonSkippedSpace
2021-11-19T10:23:55,428|[TRACE] graph - <----- statementPart
2021-11-19T10:23:55,428|[TRACE] graph - -----> statementPart
2021-11-19T10:23:55,428|[TRACE] graph - -------> nonSkippedChar
2021-11-19T10:23:55,428|[TRACE] script - #out(`B`) [token]
2021-11-19T10:23:55,428|[TRACE] graph - <------- nonSkippedChar
2021-11-19T10:23:55,428|[TRACE] graph - <----- statementPart
2021-11-19T10:23:55,428|[TRACE] graph - -----> statementPart
2021-11-19T10:23:55,428|[TRACE] graph - -------> nonSkippedChar
2021-11-19T10:23:55,428|[TRACE] script - #out(`I`) [token]
2021-11-19T10:23:55,428|[TRACE] graph - <------- nonSkippedChar
2021-11-19T10:23:55,428|[TRACE] graph - <----- statementPart
2021-11-19T10:23:55,428|[TRACE] graph - -----> statementPart
2021-11-19T10:23:55,428|[TRACE] graph - -------> nonSkippedChar
2021-11-19T10:23:55,428|[TRACE] script - #out(`G`) [token]
2021-11-19T10:23:55,428|[TRACE] graph - <------- nonSkippedChar
2021-11-19T10:23:55,428|[TRACE] graph - <----- statementPart
2021-11-19T10:23:55,428|[TRACE] graph - -----> statementPart
2021-11-19T10:23:55,428|[TRACE] graph - -------> nonSkippedChar
2021-11-19T10:23:55,428|[TRACE] script - #out(`I`) [token]
2021-11-19T10:23:55,428|[TRACE] graph - <------- nonSkippedChar
2021-11-19T10:23:55,428|[TRACE] graph - <----- statementPart
2021-11-19T10:23:55,428|[TRACE] graph - -----> statementPart
2021-11-19T10:23:55,428|[TRACE] graph - -------> nonSkippedChar
2021-11-19T10:23:55,428|[TRACE] script - #out(`N`) [token]
2021-11-19T10:23:55,428|[TRACE] graph - <------- nonSkippedChar
2021-11-19T10:23:55,428|[TRACE] graph - <----- statementPart
2021-11-19T10:23:55,428|[TRACE] graph - -----> statementPart
2021-11-19T10:23:55,428|[TRACE] graph - -------> nonSkippedChar
2021-11-19T10:23:55,428|[TRACE] script - #out(`T`) [token]
2021-11-19T10:23:55,428|[TRACE] graph - <------- nonSkippedChar
2021-11-19T10:23:55,428|[TRACE] graph - <----- statementPart
2021-11-19T10:23:55,428|[TRACE] graph - -----> statementPart
2021-11-19T10:23:55,428|[TRACE] graph - -------> nonSkippedSpace
2021-11-19T10:23:55,428|[TRACE] script - #out(` `) [token]
2021-11-19T10:23:55,428|[TRACE] graph - <------- nonSkippedSpace
2021-11-19T10:23:55,428|[TRACE] graph - <----- statementPart
2021-11-19T10:23:55,428|[TRACE] graph - -----> statementPart
2021-11-19T10:23:55,428|[TRACE] graph - -------> nonSkippedChar
2021-11-19T10:23:55,428|[TRACE] script - #out(`N`) [token]
2021-11-19T10:23:55,428|[TRACE] graph - <------- nonSkippedChar
2021-11-19T10:23:55,428|[TRACE] graph - <----- statementPart
2021-11-19T10:23:55,428|[TRACE] graph - -----> statementPart
2021-11-19T10:23:55,428|[TRACE] graph - -------> nonSkippedChar
2021-11-19T10:23:55,428|[TRACE] script - #out(`O`) [token]
2021-11-19T10:23:55,428|[TRACE] graph - <------- nonSkippedChar
2021-11-19T10:23:55,428|[TRACE] graph - <----- statementPart
2021-11-19T10:23:55,428|[TRACE] graph - -----> statementPart
2021-11-19T10:23:55,428|[TRACE] graph - -------> nonSkippedChar
2021-11-19T10:23:55,428|[TRACE] script - #out(`T`) [token]
2021-11-19T10:23:55,428|[TRACE] graph - <------- nonSkippedChar
2021-11-19T10:23:55,428|[TRACE] graph - <----- statementPart
2021-11-19T10:23:55,428|[TRACE] graph - -----> statementPart
2021-11-19T10:23:55,428|[TRACE] graph - -------> nonSkippedSpace
2021-11-19T10:23:55,428|[TRACE] script - #out(` `) [token]
2021-11-19T10:23:55,428|[TRACE] graph - <------- nonSkippedSpace
2021-11-19T10:23:55,428|[TRACE] graph - <----- statementPart
2021-11-19T10:23:55,428|[TRACE] graph - -----> statementPart
2021-11-19T10:23:55,428|[TRACE] graph - -------> nonSkippedChar
2021-11-19T10:23:55,428|[TRACE] script - #out(`N`) [token]
2021-11-19T10:23:55,428|[TRACE] graph - <------- nonSkippedChar
2021-11-19T10:23:55,428|[TRACE] graph - <----- statementPart
2021-11-19T10:23:55,428|[TRACE] graph - -----> statementPart
2021-11-19T10:23:55,428|[TRACE] graph - -------> nonSkippedChar
2021-11-19T10:23:55,428|[TRACE] script - #out(`U`) [token]
2021-11-19T10:23:55,428|[TRACE] graph - <------- nonSkippedChar
2021-11-19T10:23:55,428|[TRACE] graph - <----- statementPart
2021-11-19T10:23:55,428|[TRACE] graph - -----> statementPart
2021-11-19T10:23:55,428|[TRACE] graph - -------> nonSkippedChar
2021-11-19T10:23:55,428|[TRACE] script - #out(`L`) [token]
2021-11-19T10:23:55,428|[TRACE] graph - <------- nonSkippedChar
2021-11-19T10:23:55,428|[TRACE] graph - <----- statementPart
2021-11-19T10:23:55,428|[TRACE] graph - -----> statementPart
2021-11-19T10:23:55,428|[TRACE] graph - -------> nonSkippedChar
2021-11-19T10:23:55,428|[TRACE] script - #out(`L`) [token]
2021-11-19T10:23:55,428|[TRACE] graph - <------- nonSkippedChar
2021-11-19T10:23:55,428|[TRACE] graph - <----- statementPart
2021-11-19T10:23:55,428|[TRACE] graph - -----> statementPart
2021-11-19T10:23:55,428|[TRACE] graph - -------> nonSkippedSpace
2021-11-19T10:23:55,428|[TRACE] script - #out(` `) [token]
2021-11-19T10:23:55,428|[TRACE] graph - <------- nonSkippedSpace
2021-11-19T10:23:55,428|[TRACE] graph - <----- statementPart
2021-11-19T10:23:55,428|[TRACE] graph - -----> statementPart
2021-11-19T10:23:55,428|[TRACE] graph - -------> nonSkippedChar
2021-11-19T10:23:55,428|[TRACE] script - #out(`D`) [token]
2021-11-19T10:23:55,428|[TRACE] graph - <------- nonSkippedChar
2021-11-19T10:23:55,428|[TRACE] graph - <----- statementPart
2021-11-19T10:23:55,428|[TRACE] graph - -----> statementPart
2021-11-19T10:23:55,428|[TRACE] graph - -------> nonSkippedChar
2021-11-19T10:23:55,428|[TRACE] script - #out(`E`) [token]
2021-11-19T10:23:55,428|[TRACE] graph - <------- nonSkippedChar
2021-11-19T10:23:55,428|[TRACE] graph - <----- statementPart
2021-11-19T10:23:55,428|[TRACE] graph - -----> statementPart
2021-11-19T10:23:55,428|[TRACE] graph - -------> nonSkippedChar
2021-11-19T10:23:55,428|[TRACE] script - #out(`F`) [token]
2021-11-19T10:23:55,428|[TRACE] graph - <------- nonSkippedChar
2021-11-19T10:23:55,428|[TRACE] graph - <----- statementPart
2021-11-19T10:23:55,428|[TRACE] graph - -----> statementPart
2021-11-19T10:23:55,428|[TRACE] graph - -------> nonSkippedChar
2021-11-19T10:23:55,428|[TRACE] script - #out(`A`) [token]
2021-11-19T10:23:55,428|[TRACE] graph - <------- nonSkippedChar
2021-11-19T10:23:55,428|[TRACE] graph - <----- statementPart
2021-11-19T10:23:55,428|[TRACE] graph - -----> statementPart
2021-11-19T10:23:55,428|[TRACE] graph - -------> nonSkippedChar
2021-11-19T10:23:55,428|[TRACE] script - #out(`U`) [token]
2021-11-19T10:23:55,428|[TRACE] graph - <------- nonSkippedChar
2021-11-19T10:23:55,428|[TRACE] graph - <----- statementPart
2021-11-19T10:23:55,428|[TRACE] graph - -----> statementPart
2021-11-19T10:23:55,428|[TRACE] graph - -------> nonSkippedChar
2021-11-19T10:23:55,428|[TRACE] script - #out(`L`) [token]
2021-11-19T10:23:55,428|[TRACE] graph - <------- nonSkippedChar
2021-11-19T10:23:55,428|[TRACE] graph - <----- statementPart
2021-11-19T10:23:55,428|[TRACE] graph - -----> statementPart
2021-11-19T10:23:55,428|[TRACE] graph - -------> nonSkippedChar
2021-11-19T10:23:55,428|[TRACE] script - #out(`T`) [token]
2021-11-19T10:23:55,428|[TRACE] graph - <------- nonSkippedChar
2021-11-19T10:23:55,428|[TRACE] graph - <----- statementPart
2021-11-19T10:23:55,428|[TRACE] graph - -----> statementPart
2021-11-19T10:23:55,428|[TRACE] graph - -------> nonSkippedSpace
2021-11-19T10:23:55,428|[TRACE] script - #out(` `) [token]
2021-11-19T10:23:55,428|[TRACE] graph - <------- nonSkippedSpace
2021-11-19T10:23:55,428|[TRACE] graph - <----- statementPart
2021-11-19T10:23:55,428|[TRACE] graph - -----> statementPart
2021-11-19T10:23:55,428|[TRACE] graph - -------> nonSkippedChar
2021-11-19T10:23:55,428|[TRACE] script - #out(`(`) [token]
2021-11-19T10:23:55,428|[TRACE] graph - <------- nonSkippedChar
2021-11-19T10:23:55,428|[TRACE] graph - <----- statementPart
2021-11-19T10:23:55,428|[TRACE] graph - -----> statementPart
2021-11-19T10:23:55,428|[TRACE] graph - -------> nonSkippedChar
2021-11-19T10:23:55,428|[TRACE] script - #out(`u`) [token]
2021-11-19T10:23:55,428|[TRACE] graph - <------- nonSkippedChar
2021-11-19T10:23:55,428|[TRACE] graph - <----- statementPart
2021-11-19T10:23:55,428|[TRACE] graph - -----> statementPart
2021-11-19T10:23:55,428|[TRACE] graph - -------> nonSkippedChar
2021-11-19T10:23:55,428|[TRACE] script - #out(`n`) [token]
2021-11-19T10:23:55,428|[TRACE] graph - <------- nonSkippedChar
2021-11-19T10:23:55,428|[TRACE] graph - <----- statementPart
2021-11-19T10:23:55,428|[TRACE] graph - -----> statementPart
2021-11-19T10:23:55,428|[TRACE] graph - -------> nonSkippedChar
2021-11-19T10:23:55,428|[TRACE] script - #out(`i`) [token]
2021-11-19T10:23:55,428|[TRACE] graph - <------- nonSkippedChar
2021-11-19T10:23:55,428|[TRACE] graph - <----- statementPart
2021-11-19T10:23:55,428|[TRACE] graph - -----> statementPart
2021-11-19T10:23:55,428|[TRACE] graph - -------> nonSkippedChar
2021-11-19T10:23:55,428|[TRACE] script - #out(`x`) [token]
2021-11-19T10:23:55,428|[TRACE] graph - <------- nonSkippedChar
2021-11-19T10:23:55,428|[TRACE] graph - <----- statementPart
2021-11-19T10:23:55,428|[TRACE] graph - -----> statementPart
2021-11-19T10:23:55,428|[TRACE] graph - -------> nonSkippedChar
2021-11-19T10:23:55,428|[TRACE] script - #out(`_`) [token]
2021-11-19T10:23:55,428|[TRACE] graph - <------- nonSkippedChar
2021-11-19T10:23:55,428|[TRACE] graph - <----- statementPart
2021-11-19T10:23:55,428|[TRACE] graph - -----> statementPart
2021-11-19T10:23:55,428|[TRACE] graph - -------> nonSkippedChar
2021-11-19T10:23:55,428|[TRACE] script - #out(`t`) [token]
2021-11-19T10:23:55,428|[TRACE] graph - <------- nonSkippedChar
2021-11-19T10:23:55,428|[TRACE] graph - <----- statementPart
2021-11-19T10:23:55,428|[TRACE] graph - -----> statementPart
2021-11-19T10:23:55,428|[TRACE] graph - -------> nonSkippedChar
2021-11-19T10:23:55,428|[TRACE] script - #out(`i`) [token]
2021-11-19T10:23:55,428|[TRACE] graph - <------- nonSkippedChar
2021-11-19T10:23:55,428|[TRACE] graph - <----- statementPart
2021-11-19T10:23:55,428|[TRACE] graph - -----> statementPart
2021-11-19T10:23:55,428|[TRACE] graph - -------> nonSkippedChar
2021-11-19T10:23:55,428|[TRACE] script - #out(`m`) [token]
2021-11-19T10:23:55,428|[TRACE] graph - <------- nonSkippedChar
2021-11-19T10:23:55,428|[TRACE] graph - <----- statementPart
2021-11-19T10:23:55,428|[TRACE] graph - -----> statementPart
2021-11-19T10:23:55,428|[TRACE] graph - -------> nonSkippedChar
2021-11-19T10:23:55,428|[TRACE] script - #out(`e`) [token]
2021-11-19T10:23:55,428|[TRACE] graph - <------- nonSkippedChar
2021-11-19T10:23:55,428|[TRACE] graph - <----- statementPart
2021-11-19T10:23:55,428|[TRACE] graph - -----> statementPart
2021-11-19T10:23:55,428|[TRACE] graph - -------> nonSkippedChar
2021-11-19T10:23:55,428|[TRACE] script - #out(`s`) [token]
2021-11-19T10:23:55,428|[TRACE] graph - <------- nonSkippedChar
2021-11-19T10:23:55,428|[TRACE] graph - <----- statementPart
2021-11-19T10:23:55,428|[TRACE] graph - -----> statementPart
2021-11-19T10:23:55,428|[TRACE] graph - -------> nonSkippedChar
2021-11-19T10:23:55,428|[TRACE] script - #out(`t`) [token]
2021-11-19T10:23:55,428|[TRACE] graph - <------- nonSkippedChar
2021-11-19T10:23:55,428|[TRACE] graph - <----- statementPart
2021-11-19T10:23:55,428|[TRACE] graph - -----> statementPart
2021-11-19T10:23:55,428|[TRACE] graph - -------> nonSkippedChar
2021-11-19T10:23:55,428|[TRACE] script - #out(`a`) [token]
2021-11-19T10:23:55,428|[TRACE] graph - <------- nonSkippedChar
2021-11-19T10:23:55,428|[TRACE] graph - <----- statementPart
2021-11-19T10:23:55,428|[TRACE] graph - -----> statementPart
2021-11-19T10:23:55,428|[TRACE] graph - -------> nonSkippedChar
2021-11-19T10:23:55,428|[TRACE] script - #out(`m`) [token]
2021-11-19T10:23:55,428|[TRACE] graph - <------- nonSkippedChar
2021-11-19T10:23:55,428|[TRACE] graph - <----- statementPart
2021-11-19T10:23:55,428|[TRACE] graph - -----> statementPart
2021-11-19T10:23:55,428|[TRACE] graph - -------> nonSkippedChar
2021-11-19T10:23:55,428|[TRACE] script - #out(`p`) [token]
2021-11-19T10:23:55,428|[TRACE] graph - <------- nonSkippedChar
2021-11-19T10:23:55,428|[TRACE] graph - <----- statementPart
2021-11-19T10:23:55,428|[TRACE] graph - -----> statementPart
2021-11-19T10:23:55,428|[TRACE] graph - -------> nonSkippedChar
2021-11-19T10:23:55,428|[TRACE] script - #out(`(`) [token]
2021-11-19T10:23:55,428|[TRACE] graph - <------- nonSkippedChar
2021-11-19T10:23:55,428|[TRACE] graph - <----- statementPart
2021-11-19T10:23:55,428|[TRACE] graph - -----> statementPart
2021-11-19T10:23:55,428|[TRACE] graph - -------> nonSkippedChar
2021-11-19T10:23:55,428|[TRACE] script - #out(`n`) [token]
2021-11-19T10:23:55,428|[TRACE] graph - <------- nonSkippedChar
2021-11-19T10:23:55,428|[TRACE] graph - <----- statementPart
2021-11-19T10:23:55,428|[TRACE] graph - -----> statementPart
2021-11-19T10:23:55,428|[TRACE] graph - -------> nonSkippedChar
2021-11-19T10:23:55,428|[TRACE] script - #out(`o`) [token]
2021-11-19T10:23:55,488|[TRACE] graph - <------- nonSkippedChar
2021-11-19T10:23:55,488|[TRACE] graph - <----- statementPart
2021-11-19T10:23:55,488|[TRACE] graph - -----> statementPart
2021-11-19T10:23:55,488|[TRACE] graph - -------> nonSkippedChar
2021-11-19T10:23:55,488|[TRACE] script - #out(`w`) [token]
2021-11-19T10:23:55,488|[TRACE] graph - <------- nonSkippedChar
2021-11-19T10:23:55,488|[TRACE] graph - <----- statementPart
2021-11-19T10:23:55,488|[TRACE] graph - -----> statementPart
2021-11-19T10:23:55,488|[TRACE] graph - -------> nonSkippedChar
2021-11-19T10:23:55,488|[TRACE] script - #out(`(`) [token]
2021-11-19T10:23:55,488|[TRACE] graph - <------- nonSkippedChar
2021-11-19T10:23:55,488|[TRACE] graph - <----- statementPart
2021-11-19T10:23:55,488|[TRACE] graph - -----> statementPart
2021-11-19T10:23:55,488|[TRACE] graph - -------> nonSkippedChar
2021-11-19T10:23:55,488|[TRACE] script - #out(`)`) [token]
2021-11-19T10:23:55,488|[TRACE] graph - <------- nonSkippedChar
2021-11-19T10:23:55,488|[TRACE] graph - <----- statementPart
2021-11-19T10:23:55,488|[TRACE] graph - -----> statementPart
2021-11-19T10:23:55,488|[TRACE] graph - -------> nonSkippedChar
2021-11-19T10:23:55,488|[TRACE] script - #out(`)`) [token]
2021-11-19T10:23:55,488|[TRACE] graph - <------- nonSkippedChar
2021-11-19T10:23:55,488|[TRACE] graph - <----- statementPart
2021-11-19T10:23:55,488|[TRACE] graph - -----> statementPart
2021-11-19T10:23:55,488|[TRACE] graph - -------> nonSkippedSpace
2021-11-19T10:23:55,488|[TRACE] script - #out(` `) [token]
2021-11-19T10:23:55,488|[TRACE] graph - <------- nonSkippedSpace
2021-11-19T10:23:55,488|[TRACE] graph - <----- statementPart
2021-11-19T10:23:55,488|[TRACE] graph - -----> statementPart
2021-11-19T10:23:55,488|[TRACE] graph - -------> nonSkippedChar
2021-11-19T10:23:55,488|[TRACE] script - #out(`*`) [token]
2021-11-19T10:23:55,488|[TRACE] graph - <------- nonSkippedChar
2021-11-19T10:23:55,488|[TRACE] graph - <----- statementPart
2021-11-19T10:23:55,488|[TRACE] graph - -----> statementPart
2021-11-19T10:23:55,488|[TRACE] graph - -------> nonSkippedSpace
2021-11-19T10:23:55,488|[TRACE] script - #out(` `) [token]
2021-11-19T10:23:55,488|[TRACE] graph - <------- nonSkippedSpace
2021-11-19T10:23:55,488|[TRACE] graph - <----- statementPart
2021-11-19T10:23:55,488|[TRACE] graph - -----> statementPart
2021-11-19T10:23:55,488|[TRACE] graph - -------> nonSkippedChar
2021-11-19T10:23:55,488|[TRACE] script - #out(`1`) [token]
2021-11-19T10:23:55,488|[TRACE] graph - <------- nonSkippedChar
2021-11-19T10:23:55,488|[TRACE] graph - <----- statementPart
2021-11-19T10:23:55,488|[TRACE] graph - -----> statementPart
2021-11-19T10:23:55,488|[TRACE] graph - -------> nonSkippedChar
2021-11-19T10:23:55,488|[TRACE] script - #out(`0`) [token]
2021-11-19T10:23:55,488|[TRACE] graph - <------- nonSkippedChar
2021-11-19T10:23:55,488|[TRACE] graph - <----- statementPart
2021-11-19T10:23:55,488|[TRACE] graph - -----> statementPart
2021-11-19T10:23:55,488|[TRACE] graph - -------> nonSkippedChar
2021-11-19T10:23:55,488|[TRACE] script - #out(`0`) [token]
2021-11-19T10:23:55,488|[TRACE] graph - <------- nonSkippedChar
2021-11-19T10:23:55,488|[TRACE] graph - <----- statementPart
2021-11-19T10:23:55,488|[TRACE] graph - -----> statementPart
2021-11-19T10:23:55,488|[TRACE] graph - -------> nonSkippedChar
2021-11-19T10:23:55,488|[TRACE] script - #out(`0`) [token]
2021-11-19T10:23:55,488|[TRACE] graph - <------- nonSkippedChar
2021-11-19T10:23:55,488|[TRACE] graph - <----- statementPart
2021-11-19T10:23:55,488|[TRACE] graph - -----> statementPart
2021-11-19T10:23:55,488|[TRACE] graph - -------> nonSkippedChar
2021-11-19T10:23:55,488|[TRACE] script - #out(`)`) [token]
2021-11-19T10:23:55,488|[TRACE] graph - <------- nonSkippedChar
2021-11-19T10:23:55,488|[TRACE] graph - <----- statementPart
2021-11-19T10:23:55,488|[TRACE] graph - -----> statementPart
2021-11-19T10:23:55,488|[TRACE] graph - -------> nonSkippedChar
2021-11-19T10:23:55,488|[TRACE] script - #out(`,`) [token]
2021-11-19T10:23:55,488|[TRACE] graph - <------- nonSkippedChar
2021-11-19T10:23:55,488|[TRACE] graph - <----- statementPart
2021-11-19T10:23:55,488|[TRACE] graph - -----> afterStatementPartNewline
2021-11-19T10:23:55,488|[TRACE] script - #out(` `) [text]
2021-11-19T10:23:55,488|[TRACE] graph - <----- afterStatementPartNewline
2021-11-19T10:23:55,488|[TRACE] graph - -----> statementPart
2021-11-19T10:23:55,488|[TRACE] graph - -------> nonSkippedSpace
2021-11-19T10:23:55,488|[TRACE] script - #out(` `) [token]
2021-11-19T10:23:55,488|[TRACE] graph - <------- nonSkippedSpace
2021-11-19T10:23:55,488|[TRACE] graph - <----- statementPart
2021-11-19T10:23:55,488|[TRACE] graph - -----> statementPart
2021-11-19T10:23:55,488|[TRACE] graph - -------> nonSkippedSpace
2021-11-19T10:23:55,488|[TRACE] script - #out(` `) [token]
2021-11-19T10:23:55,488|[TRACE] graph - <------- nonSkippedSpace
2021-11-19T10:23:55,488|[TRACE] graph - <----- statementPart
2021-11-19T10:23:55,488|[TRACE] graph - -----> statementPart
2021-11-19T10:23:55,488|[TRACE] graph - -------> quotedString
2021-11-19T10:23:55,488|[TRACE] script - #out(``version``) [token]
2021-11-19T10:23:55,488|[TRACE] graph - <------- quotedString
2021-11-19T10:23:55,488|[TRACE] graph - <----- statementPart
2021-11-19T10:23:55,488|[TRACE] graph - -----> statementPart
2021-11-19T10:23:55,488|[TRACE] graph - -------> nonSkippedSpace
2021-11-19T10:23:55,488|[TRACE] script - #out(` `) [token]
2021-11-19T10:23:55,488|[TRACE] graph - <------- nonSkippedSpace
2021-11-19T10:23:55,488|[TRACE] graph - <----- statementPart
2021-11-19T10:23:55,488|[TRACE] graph - -----> statementPart
2021-11-19T10:23:55,488|[TRACE] graph - -------> nonSkippedChar
2021-11-19T10:23:55,488|[TRACE] script - #out(`I`) [token]
2021-11-19T10:23:55,488|[TRACE] graph - <------- nonSkippedChar
2021-11-19T10:23:55,488|[TRACE] graph - <----- statementPart
2021-11-19T10:23:55,488|[TRACE] graph - -----> statementPart
2021-11-19T10:23:55,488|[TRACE] graph - -------> nonSkippedChar
2021-11-19T10:23:55,488|[TRACE] script - #out(`N`) [token]
2021-11-19T10:23:55,488|[TRACE] graph - <------- nonSkippedChar
2021-11-19T10:23:55,488|[TRACE] graph - <----- statementPart
2021-11-19T10:23:55,488|[TRACE] graph - -----> statementPart
2021-11-19T10:23:55,488|[TRACE] graph - -------> nonSkippedChar
2021-11-19T10:23:55,488|[TRACE] script - #out(`T`) [token]
2021-11-19T10:23:55,488|[TRACE] graph - <------- nonSkippedChar
2021-11-19T10:23:55,488|[TRACE] graph - <----- statementPart
2021-11-19T10:23:55,488|[TRACE] graph - -----> statementPart
2021-11-19T10:23:55,488|[TRACE] graph - -------> nonSkippedSpace
2021-11-19T10:23:55,488|[TRACE] script - #out(` `) [token]
2021-11-19T10:23:55,488|[TRACE] graph - <------- nonSkippedSpace
2021-11-19T10:23:55,488|[TRACE] graph - <----- statementPart
2021-11-19T10:23:55,488|[TRACE] graph - -----> statementPart
2021-11-19T10:23:55,488|[TRACE] graph - -------> nonSkippedChar
2021-11-19T10:23:55,488|[TRACE] script - #out(`N`) [token]
2021-11-19T10:23:55,488|[TRACE] graph - <------- nonSkippedChar
2021-11-19T10:23:55,488|[TRACE] graph - <----- statementPart
2021-11-19T10:23:55,488|[TRACE] graph - -----> statementPart
2021-11-19T10:23:55,488|[TRACE] graph - -------> nonSkippedChar
2021-11-19T10:23:55,488|[TRACE] script - #out(`O`) [token]
2021-11-19T10:23:55,488|[TRACE] graph - <------- nonSkippedChar
2021-11-19T10:23:55,488|[TRACE] graph - <----- statementPart
2021-11-19T10:23:55,488|[TRACE] graph - -----> statementPart
2021-11-19T10:23:55,488|[TRACE] graph - -------> nonSkippedChar
2021-11-19T10:23:55,488|[TRACE] script - #out(`T`) [token]
2021-11-19T10:23:55,488|[TRACE] graph - <------- nonSkippedChar
2021-11-19T10:23:55,488|[TRACE] graph - <----- statementPart
2021-11-19T10:23:55,488|[TRACE] graph - -----> statementPart
2021-11-19T10:23:55,488|[TRACE] graph - -------> nonSkippedSpace
2021-11-19T10:23:55,488|[TRACE] script - #out(` `) [token]
2021-11-19T10:23:55,488|[TRACE] graph - <------- nonSkippedSpace
2021-11-19T10:23:55,488|[TRACE] graph - <----- statementPart
2021-11-19T10:23:55,488|[TRACE] graph - -----> statementPart
2021-11-19T10:23:55,488|[TRACE] graph - -------> nonSkippedChar
2021-11-19T10:23:55,488|[TRACE] script - #out(`N`) [token]
2021-11-19T10:23:55,488|[TRACE] graph - <------- nonSkippedChar
2021-11-19T10:23:55,488|[TRACE] graph - <----- statementPart
2021-11-19T10:23:55,488|[TRACE] graph - -----> statementPart
2021-11-19T10:23:55,488|[TRACE] graph - -------> nonSkippedChar
2021-11-19T10:23:55,488|[TRACE] script - #out(`U`) [token]
2021-11-19T10:23:55,488|[TRACE] graph - <------- nonSkippedChar
2021-11-19T10:23:55,488|[TRACE] graph - <----- statementPart
2021-11-19T10:23:55,488|[TRACE] graph - -----> statementPart
2021-11-19T10:23:55,488|[TRACE] graph - -------> nonSkippedChar
2021-11-19T10:23:55,488|[TRACE] script - #out(`L`) [token]
2021-11-19T10:23:55,488|[TRACE] graph - <------- nonSkippedChar
2021-11-19T10:23:55,488|[TRACE] graph - <----- statementPart
2021-11-19T10:23:55,488|[TRACE] graph - -----> statementPart
2021-11-19T10:23:55,488|[TRACE] graph - -------> nonSkippedChar
2021-11-19T10:23:55,488|[TRACE] script - #out(`L`) [token]
2021-11-19T10:23:55,488|[TRACE] graph - <------- nonSkippedChar
2021-11-19T10:23:55,488|[TRACE] graph - <----- statementPart
2021-11-19T10:23:55,488|[TRACE] graph - -----> statementPart
2021-11-19T10:23:55,488|[TRACE] graph - -------> nonSkippedSpace
2021-11-19T10:23:55,488|[TRACE] script - #out(` `) [token]
2021-11-19T10:23:55,488|[TRACE] graph - <------- nonSkippedSpace
2021-11-19T10:23:55,488|[TRACE] graph - <----- statementPart
2021-11-19T10:23:55,488|[TRACE] graph - -----> statementPart
2021-11-19T10:23:55,488|[TRACE] graph - -------> nonSkippedChar
2021-11-19T10:23:55,488|[TRACE] script - #out(`D`) [token]
2021-11-19T10:23:55,488|[TRACE] graph - <------- nonSkippedChar
2021-11-19T10:23:55,488|[TRACE] graph - <----- statementPart
2021-11-19T10:23:55,488|[TRACE] graph - -----> statementPart
2021-11-19T10:23:55,488|[TRACE] graph - -------> nonSkippedChar
2021-11-19T10:23:55,488|[TRACE] script - #out(`E`) [token]
2021-11-19T10:23:55,488|[TRACE] graph - <------- nonSkippedChar
2021-11-19T10:23:55,488|[TRACE] graph - <----- statementPart
2021-11-19T10:23:55,488|[TRACE] graph - -----> statementPart
2021-11-19T10:23:55,488|[TRACE] graph - -------> nonSkippedChar
2021-11-19T10:23:55,488|[TRACE] script - #out(`F`) [token]
2021-11-19T10:23:55,488|[TRACE] graph - <------- nonSkippedChar
2021-11-19T10:23:55,488|[TRACE] graph - <----- statementPart
2021-11-19T10:23:55,488|[TRACE] graph - -----> statementPart
2021-11-19T10:23:55,488|[TRACE] graph - -------> nonSkippedChar
2021-11-19T10:23:55,488|[TRACE] script - #out(`A`) [token]
2021-11-19T10:23:55,488|[TRACE] graph - <------- nonSkippedChar
2021-11-19T10:23:55,488|[TRACE] graph - <----- statementPart
2021-11-19T10:23:55,488|[TRACE] graph - -----> statementPart
2021-11-19T10:23:55,488|[TRACE] graph - -------> nonSkippedChar
2021-11-19T10:23:55,488|[TRACE] script - #out(`U`) [token]
2021-11-19T10:23:55,488|[TRACE] graph - <------- nonSkippedChar
2021-11-19T10:23:55,488|[TRACE] graph - <----- statementPart
2021-11-19T10:23:55,488|[TRACE] graph - -----> statementPart
2021-11-19T10:23:55,488|[TRACE] graph - -------> nonSkippedChar
2021-11-19T10:23:55,488|[TRACE] script - #out(`L`) [token]
2021-11-19T10:23:55,488|[TRACE] graph - <------- nonSkippedChar
2021-11-19T10:23:55,488|[TRACE] graph - <----- statementPart
2021-11-19T10:23:55,488|[TRACE] graph - -----> statementPart
2021-11-19T10:23:55,488|[TRACE] graph - -------> nonSkippedChar
2021-11-19T10:23:55,488|[TRACE] script - #out(`T`) [token]
2021-11-19T10:23:55,488|[TRACE] graph - <------- nonSkippedChar
2021-11-19T10:23:55,488|[TRACE] graph - <----- statementPart
2021-11-19T10:23:55,488|[TRACE] graph - -----> statementPart
2021-11-19T10:23:55,488|[TRACE] graph - -------> nonSkippedSpace
2021-11-19T10:23:55,488|[TRACE] script - #out(` `) [token]
2021-11-19T10:23:55,488|[TRACE] graph - <------- nonSkippedSpace
2021-11-19T10:23:55,488|[TRACE] graph - <----- statementPart
2021-11-19T10:23:55,488|[TRACE] graph - -----> statementPart
2021-11-19T10:23:55,488|[TRACE] graph - -------> nonSkippedChar
2021-11-19T10:23:55,488|[TRACE] script - #out(`1`) [token]
2021-11-19T10:23:55,488|[TRACE] graph - <------- nonSkippedChar
2021-11-19T10:23:55,488|[TRACE] graph - <----- statementPart
2021-11-19T10:23:55,488|[TRACE] graph - -----> statementPart
2021-11-19T10:23:55,488|[TRACE] graph - -------> nonSkippedChar
2021-11-19T10:23:55,488|[TRACE] script - #out(`,`) [token]
2021-11-19T10:23:55,488|[TRACE] graph - <------- nonSkippedChar
2021-11-19T10:23:55,488|[TRACE] graph - <----- statementPart
2021-11-19T10:23:55,488|[TRACE] graph - -----> afterStatementPartNewline
2021-11-19T10:23:55,488|[TRACE] script - #out(` `) [text]
2021-11-19T10:23:55,488|[TRACE] graph - <----- afterStatementPartNewline
2021-11-19T10:23:55,488|[TRACE] graph - -----> statementPart
2021-11-19T10:23:55,488|[TRACE] graph - -------> nonSkippedSpace
2021-11-19T10:23:55,488|[TRACE] script - #out(` `) [token]
2021-11-19T10:23:55,488|[TRACE] graph - <------- nonSkippedSpace
2021-11-19T10:23:55,488|[TRACE] graph - <----- statementPart
2021-11-19T10:23:55,488|[TRACE] graph - -----> statementPart
2021-11-19T10:23:55,488|[TRACE] graph - -------> nonSkippedSpace
2021-11-19T10:23:55,488|[TRACE] script - #out(` `) [token]
2021-11-19T10:23:55,488|[TRACE] graph - <------- nonSkippedSpace
2021-11-19T10:23:55,488|[TRACE] graph - <----- statementPart
2021-11-19T10:23:55,488|[TRACE] graph - -----> statementPart
2021-11-19T10:23:55,488|[TRACE] graph - -------> nonSkippedChar
2021-11-19T10:23:55,488|[TRACE] script - #out(`P`) [token]
2021-11-19T10:23:55,488|[TRACE] graph - <------- nonSkippedChar
2021-11-19T10:23:55,488|[TRACE] graph - <----- statementPart
2021-11-19T10:23:55,488|[TRACE] graph - -----> statementPart
2021-11-19T10:23:55,488|[TRACE] graph - -------> nonSkippedChar
2021-11-19T10:23:55,488|[TRACE] script - #out(`R`) [token]
2021-11-19T10:23:55,488|[TRACE] graph - <------- nonSkippedChar
2021-11-19T10:23:55,488|[TRACE] graph - <----- statementPart
2021-11-19T10:23:55,488|[TRACE] graph - -----> statementPart
2021-11-19T10:23:55,488|[TRACE] graph - -------> nonSkippedChar
2021-11-19T10:23:55,488|[TRACE] script - #out(`I`) [token]
2021-11-19T10:23:55,488|[TRACE] graph - <------- nonSkippedChar
2021-11-19T10:23:55,489|[TRACE] graph - <----- statementPart
2021-11-19T10:23:55,489|[TRACE] graph - -----> statementPart
2021-11-19T10:23:55,489|[TRACE] graph - -------> nonSkippedChar
2021-11-19T10:23:55,489|[TRACE] script - #out(`M`) [token]
2021-11-19T10:23:55,489|[TRACE] graph - <------- nonSkippedChar
2021-11-19T10:23:55,489|[TRACE] graph - <----- statementPart
2021-11-19T10:23:55,489|[TRACE] graph - -----> statementPart
2021-11-19T10:23:55,489|[TRACE] graph - -------> nonSkippedChar
2021-11-19T10:23:55,489|[TRACE] script - #out(`A`) [token]
2021-11-19T10:23:55,489|[TRACE] graph - <------- nonSkippedChar
2021-11-19T10:23:55,489|[TRACE] graph - <----- statementPart
2021-11-19T10:23:55,489|[TRACE] graph - -----> statementPart
2021-11-19T10:23:55,489|[TRACE] graph - -------> nonSkippedChar
2021-11-19T10:23:55,489|[TRACE] script - #out(`R`) [token]
2021-11-19T10:23:55,489|[TRACE] graph - <------- nonSkippedChar
2021-11-19T10:23:55,489|[TRACE] graph - <----- statementPart
2021-11-19T10:23:55,489|[TRACE] graph - -----> statementPart
2021-11-19T10:23:55,489|[TRACE] graph - -------> nonSkippedChar
2021-11-19T10:23:55,489|[TRACE] script - #out(`Y`) [token]
2021-11-19T10:23:55,489|[TRACE] graph - <------- nonSkippedChar
2021-11-19T10:23:55,489|[TRACE] graph - <----- statementPart
2021-11-19T10:23:55,489|[TRACE] graph - -----> statementPart
2021-11-19T10:23:55,489|[TRACE] graph - -------> nonSkippedSpace
2021-11-19T10:23:55,489|[TRACE] script - #out(` `) [token]
2021-11-19T10:23:55,489|[TRACE] graph - <------- nonSkippedSpace
2021-11-19T10:23:55,489|[TRACE] graph - <----- statementPart
2021-11-19T10:23:55,489|[TRACE] graph - -----> statementPart
2021-11-19T10:23:55,489|[TRACE] graph - -------> nonSkippedChar
2021-11-19T10:23:55,489|[TRACE] script - #out(`K`) [token]
2021-11-19T10:23:55,489|[TRACE] graph - <------- nonSkippedChar
2021-11-19T10:23:55,489|[TRACE] graph - <----- statementPart
2021-11-19T10:23:55,489|[TRACE] graph - -----> statementPart
2021-11-19T10:23:55,489|[TRACE] graph - -------> nonSkippedChar
2021-11-19T10:23:55,489|[TRACE] script - #out(`E`) [token]
2021-11-19T10:23:55,489|[TRACE] graph - <------- nonSkippedChar
2021-11-19T10:23:55,489|[TRACE] graph - <----- statementPart
2021-11-19T10:23:55,489|[TRACE] graph - -----> statementPart
2021-11-19T10:23:55,489|[TRACE] graph - -------> nonSkippedChar
2021-11-19T10:23:55,489|[TRACE] script - #out(`Y`) [token]
2021-11-19T10:23:55,489|[TRACE] graph - <------- nonSkippedChar
2021-11-19T10:23:55,489|[TRACE] graph - <----- statementPart
2021-11-19T10:23:55,489|[TRACE] graph - -----> statementPart
2021-11-19T10:23:55,489|[TRACE] graph - -------> nonSkippedSpace
2021-11-19T10:23:55,489|[TRACE] script - #out(` `) [token]
2021-11-19T10:23:55,489|[TRACE] graph - <------- nonSkippedSpace
2021-11-19T10:23:55,489|[TRACE] graph - <----- statementPart
2021-11-19T10:23:55,489|[TRACE] graph - -----> statementPart
2021-11-19T10:23:55,489|[TRACE] graph - -------> nonSkippedChar
2021-11-19T10:23:55,489|[TRACE] script - #out(`(`) [token]
2021-11-19T10:23:55,489|[TRACE] graph - <------- nonSkippedChar
2021-11-19T10:23:55,489|[TRACE] graph - <----- statementPart
2021-11-19T10:23:55,489|[TRACE] graph - -----> statementPart
2021-11-19T10:23:55,489|[TRACE] graph - -------> quotedString
2021-11-19T10:23:55,489|[TRACE] script - #out(``person_id``) [token]
2021-11-19T10:23:55,489|[TRACE] graph - <------- quotedString
2021-11-19T10:23:55,489|[TRACE] graph - <----- statementPart
2021-11-19T10:23:55,489|[TRACE] graph - -----> statementPart
2021-11-19T10:23:55,489|[TRACE] graph - -------> nonSkippedChar
2021-11-19T10:23:55,489|[TRACE] script - #out(`,`) [token]
2021-11-19T10:23:55,489|[TRACE] graph - <------- nonSkippedChar
2021-11-19T10:23:55,489|[TRACE] graph - <----- statementPart
2021-11-19T10:23:55,489|[TRACE] graph - -----> statementPart
2021-11-19T10:23:55,489|[TRACE] graph - -------> nonSkippedSpace
2021-11-19T10:23:55,489|[TRACE] script - #out(` `) [token]
2021-11-19T10:23:55,489|[TRACE] graph - <------- nonSkippedSpace
2021-11-19T10:23:55,489|[TRACE] graph - <----- statementPart
2021-11-19T10:23:55,489|[TRACE] graph - -----> statementPart
2021-11-19T10:23:55,489|[TRACE] graph - -------> quotedString
2021-11-19T10:23:55,489|[TRACE] script - #out(``phone_id``) [token]
2021-11-19T10:23:55,489|[TRACE] graph - <------- quotedString
2021-11-19T10:23:55,489|[TRACE] graph - <----- statementPart
2021-11-19T10:23:55,489|[TRACE] graph - -----> statementPart
2021-11-19T10:23:55,489|[TRACE] graph - -------> nonSkippedChar
2021-11-19T10:23:55,489|[TRACE] script - #out(`)`) [token]
2021-11-19T10:23:55,489|[TRACE] graph - <------- nonSkippedChar
2021-11-19T10:23:55,489|[TRACE] graph - <----- statementPart
2021-11-19T10:23:55,489|[TRACE] graph - -----> statementPart
2021-11-19T10:23:55,489|[TRACE] graph - -------> nonSkippedChar
2021-11-19T10:23:55,489|[TRACE] script - #out(`,`) [token]
2021-11-19T10:23:55,489|[TRACE] graph - <------- nonSkippedChar
2021-11-19T10:23:55,489|[TRACE] graph - <----- statementPart
2021-11-19T10:23:55,489|[TRACE] graph - -----> afterStatementPartNewline
2021-11-19T10:23:55,489|[TRACE] script - #out(` `) [text]
2021-11-19T10:23:55,489|[TRACE] graph - <----- afterStatementPartNewline
2021-11-19T10:23:55,489|[TRACE] graph - -----> statementPart
2021-11-19T10:23:55,489|[TRACE] graph - -------> nonSkippedSpace
2021-11-19T10:23:55,489|[TRACE] script - #out(` `) [token]
2021-11-19T10:23:55,489|[TRACE] graph - <------- nonSkippedSpace
2021-11-19T10:23:55,489|[TRACE] graph - <----- statementPart
2021-11-19T10:23:55,489|[TRACE] graph - -----> statementPart
2021-11-19T10:23:55,489|[TRACE] graph - -------> nonSkippedSpace
2021-11-19T10:23:55,489|[TRACE] script - #out(` `) [token]
2021-11-19T10:23:55,489|[TRACE] graph - <------- nonSkippedSpace
2021-11-19T10:23:55,489|[TRACE] graph - <----- statementPart
2021-11-19T10:23:55,489|[TRACE] graph - -----> statementPart
2021-11-19T10:23:55,489|[TRACE] graph - -------> nonSkippedChar
2021-11-19T10:23:55,489|[TRACE] script - #out(`I`) [token]
2021-11-19T10:23:55,489|[TRACE] graph - <------- nonSkippedChar
2021-11-19T10:23:55,489|[TRACE] graph - <----- statementPart
2021-11-19T10:23:55,489|[TRACE] graph - -----> statementPart
2021-11-19T10:23:55,489|[TRACE] graph - -------> nonSkippedChar
2021-11-19T10:23:55,489|[TRACE] script - #out(`N`) [token]
2021-11-19T10:23:55,489|[TRACE] graph - <------- nonSkippedChar
2021-11-19T10:23:55,489|[TRACE] graph - <----- statementPart
2021-11-19T10:23:55,489|[TRACE] graph - -----> statementPart
2021-11-19T10:23:55,489|[TRACE] graph - -------> nonSkippedChar
2021-11-19T10:23:55,489|[TRACE] script - #out(`D`) [token]
2021-11-19T10:23:55,489|[TRACE] graph - <------- nonSkippedChar
2021-11-19T10:23:55,489|[TRACE] graph - <----- statementPart
2021-11-19T10:23:55,489|[TRACE] graph - -----> statementPart
2021-11-19T10:23:55,489|[TRACE] graph - -------> nonSkippedChar
2021-11-19T10:23:55,489|[TRACE] script - #out(`E`) [token]
2021-11-19T10:23:55,489|[TRACE] graph - <------- nonSkippedChar
2021-11-19T10:23:55,489|[TRACE] graph - <----- statementPart
2021-11-19T10:23:55,489|[TRACE] graph - -----> statementPart
2021-11-19T10:23:55,489|[TRACE] graph - -------> nonSkippedChar
2021-11-19T10:23:55,489|[TRACE] script - #out(`X`) [token]
2021-11-19T10:23:55,489|[TRACE] graph - <------- nonSkippedChar
2021-11-19T10:23:55,489|[TRACE] graph - <----- statementPart
2021-11-19T10:23:55,489|[TRACE] graph - -----> statementPart
2021-11-19T10:23:55,489|[TRACE] graph - -------> nonSkippedSpace
2021-11-19T10:23:55,489|[TRACE] script - #out(` `) [token]
2021-11-19T10:23:55,489|[TRACE] graph - <------- nonSkippedSpace
2021-11-19T10:23:55,489|[TRACE] graph - <----- statementPart
2021-11-19T10:23:55,489|[TRACE] graph - -----> statementPart
2021-11-19T10:23:55,489|[TRACE] graph - -------> quotedString
2021-11-19T10:23:55,489|[TRACE] script - #out(``fk_contact_phone1_idx``) [token]
2021-11-19T10:23:55,489|[TRACE] graph - <------- quotedString
2021-11-19T10:23:55,489|[TRACE] graph - <----- statementPart
2021-11-19T10:23:55,489|[TRACE] graph - -----> statementPart
2021-11-19T10:23:55,489|[TRACE] graph - -------> nonSkippedSpace
2021-11-19T10:23:55,489|[TRACE] script - #out(` `) [token]
2021-11-19T10:23:55,489|[TRACE] graph - <------- nonSkippedSpace
2021-11-19T10:23:55,489|[TRACE] graph - <----- statementPart
2021-11-19T10:23:55,489|[TRACE] graph - -----> statementPart
2021-11-19T10:23:55,489|[TRACE] graph - -------> nonSkippedChar
2021-11-19T10:23:55,489|[TRACE] script - #out(`(`) [token]
2021-11-19T10:23:55,489|[TRACE] graph - <------- nonSkippedChar
2021-11-19T10:23:55,489|[TRACE] graph - <----- statementPart
2021-11-19T10:23:55,489|[TRACE] graph - -----> statementPart
2021-11-19T10:23:55,489|[TRACE] graph - -------> quotedString
2021-11-19T10:23:55,489|[TRACE] script - #out(``phone_id``) [token]
2021-11-19T10:23:55,489|[TRACE] graph - <------- quotedString
2021-11-19T10:23:55,489|[TRACE] graph - <----- statementPart
2021-11-19T10:23:55,489|[TRACE] graph - -----> statementPart
2021-11-19T10:23:55,489|[TRACE] graph - -------> nonSkippedSpace
2021-11-19T10:23:55,489|[TRACE] script - #out(` `) [token]
2021-11-19T10:23:55,489|[TRACE] graph - <------- nonSkippedSpace
2021-11-19T10:23:55,489|[TRACE] graph - <----- statementPart
2021-11-19T10:23:55,489|[TRACE] graph - -----> statementPart
2021-11-19T10:23:55,489|[TRACE] graph - -------> nonSkippedChar
2021-11-19T10:23:55,489|[TRACE] script - #out(`A`) [token]
2021-11-19T10:23:55,489|[TRACE] graph - <------- nonSkippedChar
2021-11-19T10:23:55,489|[TRACE] graph - <----- statementPart
2021-11-19T10:23:55,489|[TRACE] graph - -----> statementPart
2021-11-19T10:23:55,489|[TRACE] graph - -------> nonSkippedChar
2021-11-19T10:23:55,489|[TRACE] script - #out(`S`) [token]
2021-11-19T10:23:55,489|[TRACE] graph - <------- nonSkippedChar
2021-11-19T10:23:55,489|[TRACE] graph - <----- statementPart
2021-11-19T10:23:55,489|[TRACE] graph - -----> statementPart
2021-11-19T10:23:55,489|[TRACE] graph - -------> nonSkippedChar
2021-11-19T10:23:55,489|[TRACE] script - #out(`C`) [token]
2021-11-19T10:23:55,489|[TRACE] graph - <------- nonSkippedChar
2021-11-19T10:23:55,489|[TRACE] graph - <----- statementPart
2021-11-19T10:23:55,489|[TRACE] graph - -----> statementPart
2021-11-19T10:23:55,489|[TRACE] graph - -------> nonSkippedChar
2021-11-19T10:23:55,489|[TRACE] script - #out(`)`) [token]
2021-11-19T10:23:55,489|[TRACE] graph - <------- nonSkippedChar
2021-11-19T10:23:55,489|[TRACE] graph - <----- statementPart
2021-11-19T10:23:55,489|[TRACE] graph - -----> statementPart
2021-11-19T10:23:55,489|[TRACE] graph - -------> nonSkippedSpace
2021-11-19T10:23:55,489|[TRACE] script - #out(` `) [token]
2021-11-19T10:23:55,489|[TRACE] graph - <------- nonSkippedSpace
2021-11-19T10:23:55,489|[TRACE] graph - <----- statementPart
2021-11-19T10:23:55,489|[TRACE] graph - -----> statementPart
2021-11-19T10:23:55,489|[TRACE] graph - -------> nonSkippedChar
2021-11-19T10:23:55,489|[TRACE] script - #out(`V`) [token]
2021-11-19T10:23:55,489|[TRACE] graph - <------- nonSkippedChar
2021-11-19T10:23:55,489|[TRACE] graph - <----- statementPart
2021-11-19T10:23:55,489|[TRACE] graph - -----> statementPart
2021-11-19T10:23:55,489|[TRACE] graph - -------> nonSkippedChar
2021-11-19T10:23:55,489|[TRACE] script - #out(`I`) [token]
2021-11-19T10:23:55,489|[TRACE] graph - <------- nonSkippedChar
2021-11-19T10:23:55,489|[TRACE] graph - <----- statementPart
2021-11-19T10:23:55,489|[TRACE] graph - -----> statementPart
2021-11-19T10:23:55,489|[TRACE] graph - -------> nonSkippedChar
2021-11-19T10:23:55,489|[TRACE] script - #out(`S`) [token]
2021-11-19T10:23:55,489|[TRACE] graph - <------- nonSkippedChar
2021-11-19T10:23:55,489|[TRACE] graph - <----- statementPart
2021-11-19T10:23:55,489|[TRACE] graph - -----> statementPart
2021-11-19T10:23:55,489|[TRACE] graph - -------> nonSkippedChar
2021-11-19T10:23:55,489|[TRACE] script - #out(`I`) [token]
2021-11-19T10:23:55,489|[TRACE] graph - <------- nonSkippedChar
2021-11-19T10:23:55,489|[TRACE] graph - <----- statementPart
2021-11-19T10:23:55,489|[TRACE] graph - -----> statementPart
2021-11-19T10:23:55,489|[TRACE] graph - -------> nonSkippedChar
2021-11-19T10:23:55,489|[TRACE] script - #out(`B`) [token]
2021-11-19T10:23:55,489|[TRACE] graph - <------- nonSkippedChar
2021-11-19T10:23:55,489|[TRACE] graph - <----- statementPart
2021-11-19T10:23:55,489|[TRACE] graph - -----> statementPart
2021-11-19T10:23:55,489|[TRACE] graph - -------> nonSkippedChar
2021-11-19T10:23:55,489|[TRACE] script - #out(`L`) [token]
2021-11-19T10:23:55,489|[TRACE] graph - <------- nonSkippedChar
2021-11-19T10:23:55,489|[TRACE] graph - <----- statementPart
2021-11-19T10:23:55,489|[TRACE] graph - -----> statementPart
2021-11-19T10:23:55,489|[TRACE] graph - -------> nonSkippedChar
2021-11-19T10:23:55,489|[TRACE] script - #out(`E`) [token]
2021-11-19T10:23:55,489|[TRACE] graph - <------- nonSkippedChar
2021-11-19T10:23:55,489|[TRACE] graph - <----- statementPart
2021-11-19T10:23:55,489|[TRACE] graph - -----> statementPart
2021-11-19T10:23:55,489|[TRACE] graph - -------> nonSkippedChar
2021-11-19T10:23:55,489|[TRACE] script - #out(`,`) [token]
2021-11-19T10:23:55,489|[TRACE] graph - <------- nonSkippedChar
2021-11-19T10:23:55,489|[TRACE] graph - <----- statementPart
2021-11-19T10:23:55,489|[TRACE] graph - -----> afterStatementPartNewline
2021-11-19T10:23:55,489|[TRACE] script - #out(` `) [text]
2021-11-19T10:23:55,489|[TRACE] graph - <----- afterStatementPartNewline
2021-11-19T10:23:55,489|[TRACE] graph - -----> statementPart
2021-11-19T10:23:55,489|[TRACE] graph - -------> nonSkippedSpace
2021-11-19T10:23:55,489|[TRACE] script - #out(` `) [token]
2021-11-19T10:23:55,489|[TRACE] graph - <------- nonSkippedSpace
2021-11-19T10:23:55,489|[TRACE] graph - <----- statementPart
2021-11-19T10:23:55,489|[TRACE] graph - -----> statementPart
2021-11-19T10:23:55,489|[TRACE] graph - -------> nonSkippedSpace
2021-11-19T10:23:55,489|[TRACE] script - #out(` `) [token]
2021-11-19T10:23:55,489|[TRACE] graph - <------- nonSkippedSpace
2021-11-19T10:23:55,489|[TRACE] graph - <----- statementPart
2021-11-19T10:23:55,489|[TRACE] graph - -----> statementPart
2021-11-19T10:23:55,489|[TRACE] graph - -------> nonSkippedChar
2021-11-19T10:23:55,489|[TRACE] script - #out(`I`) [token]
2021-11-19T10:23:55,489|[TRACE] graph - <------- nonSkippedChar
2021-11-19T10:23:55,489|[TRACE] graph - <----- statementPart
2021-11-19T10:23:55,546|[TRACE] graph - -----> statementPart
2021-11-19T10:23:55,546|[TRACE] graph - -------> nonSkippedChar
2021-11-19T10:23:55,546|[TRACE] script - #out(`N`) [token]
2021-11-19T10:23:55,546|[TRACE] graph - <------- nonSkippedChar
2021-11-19T10:23:55,546|[TRACE] graph - <----- statementPart
2021-11-19T10:23:55,546|[TRACE] graph - -----> statementPart
2021-11-19T10:23:55,546|[TRACE] graph - -------> nonSkippedChar
2021-11-19T10:23:55,546|[TRACE] script - #out(`D`) [token]
2021-11-19T10:23:55,546|[TRACE] graph - <------- nonSkippedChar
2021-11-19T10:23:55,546|[TRACE] graph - <----- statementPart
2021-11-19T10:23:55,546|[TRACE] graph - -----> statementPart
2021-11-19T10:23:55,546|[TRACE] graph - -------> nonSkippedChar
2021-11-19T10:23:55,546|[TRACE] script - #out(`E`) [token]
2021-11-19T10:23:55,546|[TRACE] graph - <------- nonSkippedChar
2021-11-19T10:23:55,546|[TRACE] graph - <----- statementPart
2021-11-19T10:23:55,546|[TRACE] graph - -----> statementPart
2021-11-19T10:23:55,546|[TRACE] graph - -------> nonSkippedChar
2021-11-19T10:23:55,546|[TRACE] script - #out(`X`) [token]
2021-11-19T10:23:55,546|[TRACE] graph - <------- nonSkippedChar
2021-11-19T10:23:55,546|[TRACE] graph - <----- statementPart
2021-11-19T10:23:55,546|[TRACE] graph - -----> statementPart
2021-11-19T10:23:55,546|[TRACE] graph - -------> nonSkippedSpace
2021-11-19T10:23:55,546|[TRACE] script - #out(` `) [token]
2021-11-19T10:23:55,546|[TRACE] graph - <------- nonSkippedSpace
2021-11-19T10:23:55,546|[TRACE] graph - <----- statementPart
2021-11-19T10:23:55,546|[TRACE] graph - -----> statementPart
2021-11-19T10:23:55,546|[TRACE] graph - -------> quotedString
2021-11-19T10:23:55,546|[TRACE] script - #out(``fk_contact_person1_idx``) [token]
2021-11-19T10:23:55,546|[TRACE] graph - <------- quotedString
2021-11-19T10:23:55,546|[TRACE] graph - <----- statementPart
2021-11-19T10:23:55,546|[TRACE] graph - -----> statementPart
2021-11-19T10:23:55,546|[TRACE] graph - -------> nonSkippedSpace
2021-11-19T10:23:55,546|[TRACE] script - #out(` `) [token]
2021-11-19T10:23:55,546|[TRACE] graph - <------- nonSkippedSpace
2021-11-19T10:23:55,546|[TRACE] graph - <----- statementPart
2021-11-19T10:23:55,546|[TRACE] graph - -----> statementPart
2021-11-19T10:23:55,546|[TRACE] graph - -------> nonSkippedChar
2021-11-19T10:23:55,546|[TRACE] script - #out(`(`) [token]
2021-11-19T10:23:55,546|[TRACE] graph - <------- nonSkippedChar
2021-11-19T10:23:55,546|[TRACE] graph - <----- statementPart
2021-11-19T10:23:55,546|[TRACE] graph - -----> statementPart
2021-11-19T10:23:55,546|[TRACE] graph - -------> quotedString
2021-11-19T10:23:55,546|[TRACE] script - #out(``person_id``) [token]
2021-11-19T10:23:55,546|[TRACE] graph - <------- quotedString
2021-11-19T10:23:55,546|[TRACE] graph - <----- statementPart
2021-11-19T10:23:55,546|[TRACE] graph - -----> statementPart
2021-11-19T10:23:55,546|[TRACE] graph - -------> nonSkippedSpace
2021-11-19T10:23:55,546|[TRACE] script - #out(` `) [token]
2021-11-19T10:23:55,546|[TRACE] graph - <------- nonSkippedSpace
2021-11-19T10:23:55,546|[TRACE] graph - <----- statementPart
2021-11-19T10:23:55,546|[TRACE] graph - -----> statementPart
2021-11-19T10:23:55,546|[TRACE] graph - -------> nonSkippedChar
2021-11-19T10:23:55,546|[TRACE] script - #out(`A`) [token]
2021-11-19T10:23:55,546|[TRACE] graph - <------- nonSkippedChar
2021-11-19T10:23:55,546|[TRACE] graph - <----- statementPart
2021-11-19T10:23:55,546|[TRACE] graph - -----> statementPart
2021-11-19T10:23:55,546|[TRACE] graph - -------> nonSkippedChar
2021-11-19T10:23:55,546|[TRACE] script - #out(`S`) [token]
2021-11-19T10:23:55,546|[TRACE] graph - <------- nonSkippedChar
2021-11-19T10:23:55,546|[TRACE] graph - <----- statementPart
2021-11-19T10:23:55,546|[TRACE] graph - -----> statementPart
2021-11-19T10:23:55,546|[TRACE] graph - -------> nonSkippedChar
2021-11-19T10:23:55,546|[TRACE] script - #out(`C`) [token]
2021-11-19T10:23:55,546|[TRACE] graph - <------- nonSkippedChar
2021-11-19T10:23:55,546|[TRACE] graph - <----- statementPart
2021-11-19T10:23:55,546|[TRACE] graph - -----> statementPart
2021-11-19T10:23:55,546|[TRACE] graph - -------> nonSkippedChar
2021-11-19T10:23:55,546|[TRACE] script - #out(`)`) [token]
2021-11-19T10:23:55,546|[TRACE] graph - <------- nonSkippedChar
2021-11-19T10:23:55,546|[TRACE] graph - <----- statementPart
2021-11-19T10:23:55,546|[TRACE] graph - -----> statementPart
2021-11-19T10:23:55,546|[TRACE] graph - -------> nonSkippedSpace
2021-11-19T10:23:55,546|[TRACE] script - #out(` `) [token]
2021-11-19T10:23:55,546|[TRACE] graph - <------- nonSkippedSpace
2021-11-19T10:23:55,546|[TRACE] graph - <----- statementPart
2021-11-19T10:23:55,546|[TRACE] graph - -----> statementPart
2021-11-19T10:23:55,546|[TRACE] graph - -------> nonSkippedChar
2021-11-19T10:23:55,546|[TRACE] script - #out(`V`) [token]
2021-11-19T10:23:55,546|[TRACE] graph - <------- nonSkippedChar
2021-11-19T10:23:55,546|[TRACE] graph - <----- statementPart
2021-11-19T10:23:55,546|[TRACE] graph - -----> statementPart
2021-11-19T10:23:55,546|[TRACE] graph - -------> nonSkippedChar
2021-11-19T10:23:55,546|[TRACE] script - #out(`I`) [token]
2021-11-19T10:23:55,546|[TRACE] graph - <------- nonSkippedChar
2021-11-19T10:23:55,546|[TRACE] graph - <----- statementPart
2021-11-19T10:23:55,546|[TRACE] graph - -----> statementPart
2021-11-19T10:23:55,546|[TRACE] graph - -------> nonSkippedChar
2021-11-19T10:23:55,546|[TRACE] script - #out(`S`) [token]
2021-11-19T10:23:55,547|[TRACE] graph - <------- nonSkippedChar
2021-11-19T10:23:55,547|[TRACE] graph - <----- statementPart
2021-11-19T10:23:55,547|[TRACE] graph - -----> statementPart
2021-11-19T10:23:55,547|[TRACE] graph - -------> nonSkippedChar
2021-11-19T10:23:55,547|[TRACE] script - #out(`I`) [token]
2021-11-19T10:23:55,547|[TRACE] graph - <------- nonSkippedChar
2021-11-19T10:23:55,547|[TRACE] graph - <----- statementPart
2021-11-19T10:23:55,547|[TRACE] graph - -----> statementPart
2021-11-19T10:23:55,547|[TRACE] graph - -------> nonSkippedChar
2021-11-19T10:23:55,547|[TRACE] script - #out(`B`) [token]
2021-11-19T10:23:55,547|[TRACE] graph - <------- nonSkippedChar
2021-11-19T10:23:55,547|[TRACE] graph - <----- statementPart
2021-11-19T10:23:55,547|[TRACE] graph - -----> statementPart
2021-11-19T10:23:55,547|[TRACE] graph - -------> nonSkippedChar
2021-11-19T10:23:55,547|[TRACE] script - #out(`L`) [token]
2021-11-19T10:23:55,547|[TRACE] graph - <------- nonSkippedChar
2021-11-19T10:23:55,547|[TRACE] graph - <----- statementPart
2021-11-19T10:23:55,547|[TRACE] graph - -----> statementPart
2021-11-19T10:23:55,547|[TRACE] graph - -------> nonSkippedChar
2021-11-19T10:23:55,547|[TRACE] script - #out(`E`) [token]
2021-11-19T10:23:55,547|[TRACE] graph - <------- nonSkippedChar
2021-11-19T10:23:55,547|[TRACE] graph - <----- statementPart
2021-11-19T10:23:55,547|[TRACE] graph - -----> statementPart
2021-11-19T10:23:55,547|[TRACE] graph - -------> nonSkippedChar
2021-11-19T10:23:55,547|[TRACE] script - #out(`,`) [token]
2021-11-19T10:23:55,547|[TRACE] graph - <------- nonSkippedChar
2021-11-19T10:23:55,547|[TRACE] graph - <----- statementPart
2021-11-19T10:23:55,547|[TRACE] graph - -----> afterStatementPartNewline
2021-11-19T10:23:55,547|[TRACE] script - #out(` `) [text]
2021-11-19T10:23:55,547|[TRACE] graph - <----- afterStatementPartNewline
2021-11-19T10:23:55,547|[TRACE] graph - -----> statementPart
2021-11-19T10:23:55,547|[TRACE] graph - -------> nonSkippedSpace
2021-11-19T10:23:55,547|[TRACE] script - #out(` `) [token]
2021-11-19T10:23:55,547|[TRACE] graph - <------- nonSkippedSpace
2021-11-19T10:23:55,547|[TRACE] graph - <----- statementPart
2021-11-19T10:23:55,547|[TRACE] graph - -----> statementPart
2021-11-19T10:23:55,547|[TRACE] graph - -------> nonSkippedSpace
2021-11-19T10:23:55,547|[TRACE] script - #out(` `) [token]
2021-11-19T10:23:55,547|[TRACE] graph - <------- nonSkippedSpace
2021-11-19T10:23:55,547|[TRACE] graph - <----- statementPart
2021-11-19T10:23:55,547|[TRACE] graph - -----> statementPart
2021-11-19T10:23:55,547|[TRACE] graph - -------> nonSkippedChar
2021-11-19T10:23:55,547|[TRACE] script - #out(`C`) [token]
2021-11-19T10:23:55,547|[TRACE] graph - <------- nonSkippedChar
2021-11-19T10:23:55,547|[TRACE] graph - <----- statementPart
2021-11-19T10:23:55,547|[TRACE] graph - -----> statementPart
2021-11-19T10:23:55,547|[TRACE] graph - -------> nonSkippedChar
2021-11-19T10:23:55,547|[TRACE] script - #out(`O`) [token]
2021-11-19T10:23:55,547|[TRACE] graph - <------- nonSkippedChar
2021-11-19T10:23:55,547|[TRACE] graph - <----- statementPart
2021-11-19T10:23:55,547|[TRACE] graph - -----> statementPart
2021-11-19T10:23:55,547|[TRACE] graph - -------> nonSkippedChar
2021-11-19T10:23:55,547|[TRACE] script - #out(`N`) [token]
2021-11-19T10:23:55,547|[TRACE] graph - <------- nonSkippedChar
2021-11-19T10:23:55,547|[TRACE] graph - <----- statementPart
2021-11-19T10:23:55,547|[TRACE] graph - -----> statementPart
2021-11-19T10:23:55,547|[TRACE] graph - -------> nonSkippedChar
2021-11-19T10:23:55,547|[TRACE] script - #out(`S`) [token]
2021-11-19T10:23:55,547|[TRACE] graph - <------- nonSkippedChar
2021-11-19T10:23:55,547|[TRACE] graph - <----- statementPart
2021-11-19T10:23:55,547|[TRACE] graph - -----> statementPart
2021-11-19T10:23:55,547|[TRACE] graph - -------> nonSkippedChar
2021-11-19T10:23:55,547|[TRACE] script - #out(`T`) [token]
2021-11-19T10:23:55,547|[TRACE] graph - <------- nonSkippedChar
2021-11-19T10:23:55,547|[TRACE] graph - <----- statementPart
2021-11-19T10:23:55,547|[TRACE] graph - -----> statementPart
2021-11-19T10:23:55,547|[TRACE] graph - -------> nonSkippedChar
2021-11-19T10:23:55,547|[TRACE] script - #out(`R`) [token]
2021-11-19T10:23:55,547|[TRACE] graph - <------- nonSkippedChar
2021-11-19T10:23:55,547|[TRACE] graph - <----- statementPart
2021-11-19T10:23:55,547|[TRACE] graph - -----> statementPart
2021-11-19T10:23:55,547|[TRACE] graph - -------> nonSkippedChar
2021-11-19T10:23:55,547|[TRACE] script - #out(`A`) [token]
2021-11-19T10:23:55,547|[TRACE] graph - <------- nonSkippedChar
2021-11-19T10:23:55,547|[TRACE] graph - <----- statementPart
2021-11-19T10:23:55,547|[TRACE] graph - -----> statementPart
2021-11-19T10:23:55,547|[TRACE] graph - -------> nonSkippedChar
2021-11-19T10:23:55,547|[TRACE] script - #out(`I`) [token]
2021-11-19T10:23:55,547|[TRACE] graph - <------- nonSkippedChar
2021-11-19T10:23:55,547|[TRACE] graph - <----- statementPart
2021-11-19T10:23:55,547|[TRACE] graph - -----> statementPart
2021-11-19T10:23:55,547|[TRACE] graph - -------> nonSkippedChar
2021-11-19T10:23:55,547|[TRACE] script - #out(`N`) [token]
2021-11-19T10:23:55,547|[TRACE] graph - <------- nonSkippedChar
2021-11-19T10:23:55,547|[TRACE] graph - <----- statementPart
2021-11-19T10:23:55,547|[TRACE] graph - -----> statementPart
2021-11-19T10:23:55,547|[TRACE] graph - -------> nonSkippedChar
2021-11-19T10:23:55,547|[TRACE] script - #out(`T`) [token]
2021-11-19T10:23:55,547|[TRACE] graph - <------- nonSkippedChar
2021-11-19T10:23:55,547|[TRACE] graph - <----- statementPart
2021-11-19T10:23:55,547|[TRACE] graph - -----> statementPart
2021-11-19T10:23:55,547|[TRACE] graph - -------> nonSkippedSpace
2021-11-19T10:23:55,547|[TRACE] script - #out(` `) [token]
2021-11-19T10:23:55,547|[TRACE] graph - <------- nonSkippedSpace
2021-11-19T10:23:55,547|[TRACE] graph - <----- statementPart
2021-11-19T10:23:55,547|[TRACE] graph - -----> statementPart
2021-11-19T10:23:55,547|[TRACE] graph - -------> quotedString
2021-11-19T10:23:55,547|[TRACE] script - #out(``fk_contact_address1``) [token]
2021-11-19T10:23:55,547|[TRACE] graph - <------- quotedString
2021-11-19T10:23:55,547|[TRACE] graph - <----- statementPart
2021-11-19T10:23:55,547|[TRACE] graph - -----> afterStatementPartNewline
2021-11-19T10:23:55,547|[TRACE] script - #out(` `) [text]
2021-11-19T10:23:55,547|[TRACE] graph - <----- afterStatementPartNewline
2021-11-19T10:23:55,547|[TRACE] graph - -----> statementPart
2021-11-19T10:23:55,547|[TRACE] graph - -------> nonSkippedSpace
2021-11-19T10:23:55,547|[TRACE] script - #out(` `) [token]
2021-11-19T10:23:55,547|[TRACE] graph - <------- nonSkippedSpace
2021-11-19T10:23:55,547|[TRACE] graph - <----- statementPart
2021-11-19T10:23:55,547|[TRACE] graph - -----> statementPart
2021-11-19T10:23:55,547|[TRACE] graph - -------> nonSkippedSpace
2021-11-19T10:23:55,547|[TRACE] script - #out(` `) [token]
2021-11-19T10:23:55,547|[TRACE] graph - <------- nonSkippedSpace
2021-11-19T10:23:55,547|[TRACE] graph - <----- statementPart
2021-11-19T10:23:55,547|[TRACE] graph - -----> statementPart
2021-11-19T10:23:55,547|[TRACE] graph - -------> nonSkippedSpace
2021-11-19T10:23:55,547|[TRACE] script - #out(` `) [token]
2021-11-19T10:23:55,547|[TRACE] graph - <------- nonSkippedSpace
2021-11-19T10:23:55,547|[TRACE] graph - <----- statementPart
2021-11-19T10:23:55,547|[TRACE] graph - -----> statementPart
2021-11-19T10:23:55,547|[TRACE] graph - -------> nonSkippedSpace
2021-11-19T10:23:55,547|[TRACE] script - #out(` `) [token]
2021-11-19T10:23:55,547|[TRACE] graph - <------- nonSkippedSpace
2021-11-19T10:23:55,547|[TRACE] graph - <----- statementPart
2021-11-19T10:23:55,547|[TRACE] graph - -----> statementPart
2021-11-19T10:23:55,547|[TRACE] graph - -------> nonSkippedChar
2021-11-19T10:23:55,547|[TRACE] script - #out(`F`) [token]
2021-11-19T10:23:55,547|[TRACE] graph - <------- nonSkippedChar
2021-11-19T10:23:55,547|[TRACE] graph - <----- statementPart
2021-11-19T10:23:55,547|[TRACE] graph - -----> statementPart
2021-11-19T10:23:55,547|[TRACE] graph - -------> nonSkippedChar
2021-11-19T10:23:55,547|[TRACE] script - #out(`O`) [token]
2021-11-19T10:23:55,547|[TRACE] graph - <------- nonSkippedChar
2021-11-19T10:23:55,547|[TRACE] graph - <----- statementPart
2021-11-19T10:23:55,547|[TRACE] graph - -----> statementPart
2021-11-19T10:23:55,547|[TRACE] graph - -------> nonSkippedChar
2021-11-19T10:23:55,547|[TRACE] script - #out(`R`) [token]
2021-11-19T10:23:55,547|[TRACE] graph - <------- nonSkippedChar
2021-11-19T10:23:55,547|[TRACE] graph - <----- statementPart
2021-11-19T10:23:55,547|[TRACE] graph - -----> statementPart
2021-11-19T10:23:55,547|[TRACE] graph - -------> nonSkippedChar
2021-11-19T10:23:55,548|[TRACE] script - #out(`E`) [token]
2021-11-19T10:23:55,548|[TRACE] graph - <------- nonSkippedChar
2021-11-19T10:23:55,548|[TRACE] graph - <----- statementPart
2021-11-19T10:23:55,548|[TRACE] graph - -----> statementPart
2021-11-19T10:23:55,548|[TRACE] graph - -------> nonSkippedChar
2021-11-19T10:23:55,548|[TRACE] script - #out(`I`) [token]
2021-11-19T10:23:55,548|[TRACE] graph - <------- nonSkippedChar
2021-11-19T10:23:55,548|[TRACE] graph - <----- statementPart
2021-11-19T10:23:55,548|[TRACE] graph - -----> statementPart
2021-11-19T10:23:55,548|[TRACE] graph - -------> nonSkippedChar
2021-11-19T10:23:55,548|[TRACE] script - #out(`G`) [token]
2021-11-19T10:23:55,548|[TRACE] graph - <------- nonSkippedChar
2021-11-19T10:23:55,548|[TRACE] graph - <----- statementPart
2021-11-19T10:23:55,548|[TRACE] graph - -----> statementPart
2021-11-19T10:23:55,548|[TRACE] graph - -------> nonSkippedChar
2021-11-19T10:23:55,548|[TRACE] script - #out(`N`) [token]
2021-11-19T10:23:55,548|[TRACE] graph - <------- nonSkippedChar
2021-11-19T10:23:55,548|[TRACE] graph - <----- statementPart
2021-11-19T10:23:55,548|[TRACE] graph - -----> statementPart
2021-11-19T10:23:55,548|[TRACE] graph - -------> nonSkippedSpace
2021-11-19T10:23:55,548|[TRACE] script - #out(` `) [token]
2021-11-19T10:23:55,548|[TRACE] graph - <------- nonSkippedSpace
2021-11-19T10:23:55,548|[TRACE] graph - <----- statementPart
2021-11-19T10:23:55,548|[TRACE] graph - -----> statementPart
2021-11-19T10:23:55,548|[TRACE] graph - -------> nonSkippedChar
2021-11-19T10:23:55,548|[TRACE] script - #out(`K`) [token]
2021-11-19T10:23:55,548|[TRACE] graph - <------- nonSkippedChar
2021-11-19T10:23:55,548|[TRACE] graph - <----- statementPart
2021-11-19T10:23:55,548|[TRACE] graph - -----> statementPart
2021-11-19T10:23:55,548|[TRACE] graph - -------> nonSkippedChar
2021-11-19T10:23:55,548|[TRACE] script - #out(`E`) [token]
2021-11-19T10:23:55,548|[TRACE] graph - <------- nonSkippedChar
2021-11-19T10:23:55,548|[TRACE] graph - <----- statementPart
2021-11-19T10:23:55,548|[TRACE] graph - -----> statementPart
2021-11-19T10:23:55,548|[TRACE] graph - -------> nonSkippedChar
2021-11-19T10:23:55,548|[TRACE] script - #out(`Y`) [token]
2021-11-19T10:23:55,548|[TRACE] graph - <------- nonSkippedChar
2021-11-19T10:23:55,548|[TRACE] graph - <----- statementPart
2021-11-19T10:23:55,548|[TRACE] graph - -----> statementPart
2021-11-19T10:23:55,548|[TRACE] graph - -------> nonSkippedSpace
2021-11-19T10:23:55,548|[TRACE] script - #out(` `) [token]
2021-11-19T10:23:55,548|[TRACE] graph - <------- nonSkippedSpace
2021-11-19T10:23:55,548|[TRACE] graph - <----- statementPart
2021-11-19T10:23:55,548|[TRACE] graph - -----> statementPart
2021-11-19T10:23:55,548|[TRACE] graph - -------> nonSkippedChar
2021-11-19T10:23:55,548|[TRACE] script - #out(`(`) [token]
2021-11-19T10:23:55,548|[TRACE] graph - <------- nonSkippedChar
2021-11-19T10:23:55,548|[TRACE] graph - <----- statementPart
2021-11-19T10:23:55,548|[TRACE] graph - -----> statementPart
2021-11-19T10:23:55,548|[TRACE] graph - -------> quotedString
2021-11-19T10:23:55,548|[TRACE] script - #out(``address_id``) [token]
2021-11-19T10:23:55,548|[TRACE] graph - <------- quotedString
2021-11-19T10:23:55,548|[TRACE] graph - <----- statementPart
2021-11-19T10:23:55,548|[TRACE] graph - -----> statementPart
2021-11-19T10:23:55,548|[TRACE] graph - -------> nonSkippedChar
2021-11-19T10:23:55,548|[TRACE] script - #out(`)`) [token]
2021-11-19T10:23:55,548|[TRACE] graph - <------- nonSkippedChar
2021-11-19T10:23:55,548|[TRACE] graph - <----- statementPart
2021-11-19T10:23:55,548|[TRACE] graph - -----> afterStatementPartNewline
2021-11-19T10:23:55,548|[TRACE] script - #out(` `) [text]
2021-11-19T10:23:55,548|[TRACE] graph - <----- afterStatementPartNewline
2021-11-19T10:23:55,548|[TRACE] graph - -----> statementPart
2021-11-19T10:23:55,548|[TRACE] graph - -------> nonSkippedSpace
2021-11-19T10:23:55,548|[TRACE] script - #out(` `) [token]
2021-11-19T10:23:55,548|[TRACE] graph - <------- nonSkippedSpace
2021-11-19T10:23:55,548|[TRACE] graph - <----- statementPart
2021-11-19T10:23:55,548|[TRACE] graph - -----> statementPart
2021-11-19T10:23:55,548|[TRACE] graph - -------> nonSkippedSpace
2021-11-19T10:23:55,548|[TRACE] script - #out(` `) [token]
2021-11-19T10:23:55,548|[TRACE] graph - <------- nonSkippedSpace
2021-11-19T10:23:55,548|[TRACE] graph - <----- statementPart
2021-11-19T10:23:55,548|[TRACE] graph - -----> statementPart
2021-11-19T10:23:55,548|[TRACE] graph - -------> nonSkippedSpace
2021-11-19T10:23:55,548|[TRACE] script - #out(` `) [token]
2021-11-19T10:23:55,548|[TRACE] graph - <------- nonSkippedSpace
2021-11-19T10:23:55,548|[TRACE] graph - <----- statementPart
2021-11-19T10:23:55,548|[TRACE] graph - -----> statementPart
2021-11-19T10:23:55,548|[TRACE] graph - -------> nonSkippedSpace
2021-11-19T10:23:55,548|[TRACE] script - #out(` `) [token]
2021-11-19T10:23:55,548|[TRACE] graph - <------- nonSkippedSpace
2021-11-19T10:23:55,548|[TRACE] graph - <----- statementPart
2021-11-19T10:23:55,548|[TRACE] graph - -----> statementPart
2021-11-19T10:23:55,548|[TRACE] graph - -------> nonSkippedChar
2021-11-19T10:23:55,548|[TRACE] script - #out(`R`) [token]
2021-11-19T10:23:55,548|[TRACE] graph - <------- nonSkippedChar
2021-11-19T10:23:55,548|[TRACE] graph - <----- statementPart
2021-11-19T10:23:55,548|[TRACE] graph - -----> statementPart
2021-11-19T10:23:55,548|[TRACE] graph - -------> nonSkippedChar
2021-11-19T10:23:55,548|[TRACE] script - #out(`E`) [token]
2021-11-19T10:23:55,548|[TRACE] graph - <------- nonSkippedChar
2021-11-19T10:23:55,548|[TRACE] graph - <----- statementPart
2021-11-19T10:23:55,548|[TRACE] graph - -----> statementPart
2021-11-19T10:23:55,548|[TRACE] graph - -------> nonSkippedChar
2021-11-19T10:23:55,548|[TRACE] script - #out(`F`) [token]
2021-11-19T10:23:55,548|[TRACE] graph - <------- nonSkippedChar
2021-11-19T10:23:55,548|[TRACE] graph - <----- statementPart
2021-11-19T10:23:55,548|[TRACE] graph - -----> statementPart
2021-11-19T10:23:55,548|[TRACE] graph - -------> nonSkippedChar
2021-11-19T10:23:55,548|[TRACE] script - #out(`E`) [token]
2021-11-19T10:23:55,548|[TRACE] graph - <------- nonSkippedChar
2021-11-19T10:23:55,548|[TRACE] graph - <----- statementPart
2021-11-19T10:23:55,548|[TRACE] graph - -----> statementPart
2021-11-19T10:23:55,548|[TRACE] graph - -------> nonSkippedChar
2021-11-19T10:23:55,548|[TRACE] script - #out(`R`) [token]
2021-11-19T10:23:55,548|[TRACE] graph - <------- nonSkippedChar
2021-11-19T10:23:55,548|[TRACE] graph - <----- statementPart
2021-11-19T10:23:55,548|[TRACE] graph - -----> statementPart
2021-11-19T10:23:55,548|[TRACE] graph - -------> nonSkippedChar
2021-11-19T10:23:55,548|[TRACE] script - #out(`E`) [token]
2021-11-19T10:23:55,548|[TRACE] graph - <------- nonSkippedChar
2021-11-19T10:23:55,548|[TRACE] graph - <----- statementPart
2021-11-19T10:23:55,548|[TRACE] graph - -----> statementPart
2021-11-19T10:23:55,548|[TRACE] graph - -------> nonSkippedChar
2021-11-19T10:23:55,548|[TRACE] script - #out(`N`) [token]
2021-11-19T10:23:55,548|[TRACE] graph - <------- nonSkippedChar
2021-11-19T10:23:55,548|[TRACE] graph - <----- statementPart
2021-11-19T10:23:55,548|[TRACE] graph - -----> statementPart
2021-11-19T10:23:55,548|[TRACE] graph - -------> nonSkippedChar
2021-11-19T10:23:55,548|[TRACE] script - #out(`C`) [token]
2021-11-19T10:23:55,548|[TRACE] graph - <------- nonSkippedChar
2021-11-19T10:23:55,548|[TRACE] graph - <----- statementPart
2021-11-19T10:23:55,548|[TRACE] graph - -----> statementPart
2021-11-19T10:23:55,548|[TRACE] graph - -------> nonSkippedChar
2021-11-19T10:23:55,548|[TRACE] script - #out(`E`) [token]
2021-11-19T10:23:55,548|[TRACE] graph - <------- nonSkippedChar
2021-11-19T10:23:55,548|[TRACE] graph - <----- statementPart
2021-11-19T10:23:55,548|[TRACE] graph - -----> statementPart
2021-11-19T10:23:55,548|[TRACE] graph - -------> nonSkippedChar
2021-11-19T10:23:55,548|[TRACE] script - #out(`S`) [token]
2021-11-19T10:23:55,548|[TRACE] graph - <------- nonSkippedChar
2021-11-19T10:23:55,548|[TRACE] graph - <----- statementPart
2021-11-19T10:23:55,548|[TRACE] graph - -----> statementPart
2021-11-19T10:23:55,548|[TRACE] graph - -------> nonSkippedSpace
2021-11-19T10:23:55,548|[TRACE] script - #out(` `) [token]
2021-11-19T10:23:55,548|[TRACE] graph - <------- nonSkippedSpace
2021-11-19T10:23:55,548|[TRACE] graph - <----- statementPart
2021-11-19T10:23:55,548|[TRACE] graph - -----> statementPart
2021-11-19T10:23:55,548|[TRACE] graph - -------> quotedString
2021-11-19T10:23:55,548|[TRACE] script - #out(``bloodbank``) [token]
2021-11-19T10:23:55,548|[TRACE] graph - <------- quotedString
2021-11-19T10:23:55,548|[TRACE] graph - <----- statementPart
2021-11-19T10:23:55,548|[TRACE] graph - -----> statementPart
2021-11-19T10:23:55,548|[TRACE] graph - -------> nonSkippedChar
2021-11-19T10:23:55,548|[TRACE] script - #out(`.`) [token]
2021-11-19T10:23:55,548|[TRACE] graph - <------- nonSkippedChar
2021-11-19T10:23:55,548|[TRACE] graph - <----- statementPart
2021-11-19T10:23:55,548|[TRACE] graph - -----> statementPart
2021-11-19T10:23:55,549|[TRACE] graph - -------> quotedString
2021-11-19T10:23:55,549|[TRACE] script - #out(``address``) [token]
2021-11-19T10:23:55,549|[TRACE] graph - <------- quotedString
2021-11-19T10:23:55,549|[TRACE] graph - <----- statementPart
2021-11-19T10:23:55,549|[TRACE] graph - -----> statementPart
2021-11-19T10:23:55,549|[TRACE] graph - -------> nonSkippedSpace
2021-11-19T10:23:55,549|[TRACE] script - #out(` `) [token]
2021-11-19T10:23:55,549|[TRACE] graph - <------- nonSkippedSpace
2021-11-19T10:23:55,549|[TRACE] graph - <----- statementPart
2021-11-19T10:23:55,549|[TRACE] graph - -----> statementPart
2021-11-19T10:23:55,549|[TRACE] graph - -------> nonSkippedChar
2021-11-19T10:23:55,549|[TRACE] script - #out(`(`) [token]
2021-11-19T10:23:55,549|[TRACE] graph - <------- nonSkippedChar
2021-11-19T10:23:55,549|[TRACE] graph - <----- statementPart
2021-11-19T10:23:55,549|[TRACE] graph - -----> statementPart
2021-11-19T10:23:55,549|[TRACE] graph - -------> quotedString
2021-11-19T10:23:55,549|[TRACE] script - #out(``address_id``) [token]
2021-11-19T10:23:55,549|[TRACE] graph - <------- quotedString
2021-11-19T10:23:55,549|[TRACE] graph - <----- statementPart
2021-11-19T10:23:55,549|[TRACE] graph - -----> statementPart
2021-11-19T10:23:55,549|[TRACE] graph - -------> nonSkippedChar
2021-11-19T10:23:55,549|[TRACE] script - #out(`)`) [token]
2021-11-19T10:23:55,549|[TRACE] graph - <------- nonSkippedChar
2021-11-19T10:23:55,549|[TRACE] graph - <----- statementPart
2021-11-19T10:23:55,549|[TRACE] graph - -----> afterStatementPartNewline
2021-11-19T10:23:55,549|[TRACE] script - #out(` `) [text]
2021-11-19T10:23:55,549|[TRACE] graph - <----- afterStatementPartNewline
2021-11-19T10:23:55,549|[TRACE] graph - -----> statementPart
2021-11-19T10:23:55,549|[TRACE] graph - -------> nonSkippedSpace
2021-11-19T10:23:55,549|[TRACE] script - #out(` `) [token]
2021-11-19T10:23:55,549|[TRACE] graph - <------- nonSkippedSpace
2021-11-19T10:23:55,549|[TRACE] graph - <----- statementPart
2021-11-19T10:23:55,549|[TRACE] graph - -----> statementPart
2021-11-19T10:23:55,549|[TRACE] graph - -------> nonSkippedSpace
2021-11-19T10:23:55,549|[TRACE] script - #out(` `) [token]
2021-11-19T10:23:55,549|[TRACE] graph - <------- nonSkippedSpace
2021-11-19T10:23:55,549|[TRACE] graph - <----- statementPart
2021-11-19T10:23:55,549|[TRACE] graph - -----> statementPart
2021-11-19T10:23:55,549|[TRACE] graph - -------> nonSkippedSpace
2021-11-19T10:23:55,549|[TRACE] script - #out(` `) [token]
2021-11-19T10:23:55,549|[TRACE] graph - <------- nonSkippedSpace
2021-11-19T10:23:55,549|[TRACE] graph - <----- statementPart
2021-11-19T10:23:55,549|[TRACE] graph - -----> statementPart
2021-11-19T10:23:55,549|[TRACE] graph - -------> nonSkippedSpace
2021-11-19T10:23:55,549|[TRACE] script - #out(` `) [token]
2021-11-19T10:23:55,549|[TRACE] graph - <------- nonSkippedSpace
2021-11-19T10:23:55,549|[TRACE] graph - <----- statementPart
2021-11-19T10:23:55,549|[TRACE] graph - -----> statementPart
2021-11-19T10:23:55,549|[TRACE] graph - -------> nonSkippedChar
2021-11-19T10:23:55,549|[TRACE] script - #out(`O`) [token]
2021-11-19T10:23:55,549|[TRACE] graph - <------- nonSkippedChar
2021-11-19T10:23:55,549|[TRACE] graph - <----- statementPart
2021-11-19T10:23:55,549|[TRACE] graph - -----> statementPart
2021-11-19T10:23:55,549|[TRACE] graph - -------> nonSkippedChar
2021-11-19T10:23:55,549|[TRACE] script - #out(`N`) [token]
2021-11-19T10:23:55,549|[TRACE] graph - <------- nonSkippedChar
2021-11-19T10:23:55,549|[TRACE] graph - <----- statementPart
2021-11-19T10:23:55,549|[TRACE] graph - -----> statementPart
2021-11-19T10:23:55,549|[TRACE] graph - -------> nonSkippedSpace
2021-11-19T10:23:55,549|[TRACE] script - #out(` `) [token]
2021-11-19T10:23:55,549|[TRACE] graph - <------- nonSkippedSpace
2021-11-19T10:23:55,549|[TRACE] graph - <----- statementPart
2021-11-19T10:23:55,549|[TRACE] graph - -----> statementPart
2021-11-19T10:23:55,549|[TRACE] graph - -------> nonSkippedChar
2021-11-19T10:23:55,549|[TRACE] script - #out(`D`) [token]
2021-11-19T10:23:55,549|[TRACE] graph - <------- nonSkippedChar
2021-11-19T10:23:55,549|[TRACE] graph - <----- statementPart
2021-11-19T10:23:55,549|[TRACE] graph - -----> statementPart
2021-11-19T10:23:55,549|[TRACE] graph - -------> nonSkippedChar
2021-11-19T10:23:55,549|[TRACE] script - #out(`E`) [token]
2021-11-19T10:23:55,549|[TRACE] graph - <------- nonSkippedChar
2021-11-19T10:23:55,549|[TRACE] graph - <----- statementPart
2021-11-19T10:23:55,549|[TRACE] graph - -----> statementPart
2021-11-19T10:23:55,549|[TRACE] graph - -------> nonSkippedChar
2021-11-19T10:23:55,549|[TRACE] script - #out(`L`) [token]
2021-11-19T10:23:55,549|[TRACE] graph - <------- nonSkippedChar
2021-11-19T10:23:55,549|[TRACE] graph - <----- statementPart
2021-11-19T10:23:55,549|[TRACE] graph - -----> statementPart
2021-11-19T10:23:55,549|[TRACE] graph - -------> nonSkippedChar
2021-11-19T10:23:55,549|[TRACE] script - #out(`E`) [token]
2021-11-19T10:23:55,549|[TRACE] graph - <------- nonSkippedChar
2021-11-19T10:23:55,549|[TRACE] graph - <----- statementPart
2021-11-19T10:23:55,549|[TRACE] graph - -----> statementPart
2021-11-19T10:23:55,549|[TRACE] graph - -------> nonSkippedChar
2021-11-19T10:23:55,549|[TRACE] script - #out(`T`) [token]
2021-11-19T10:23:55,549|[TRACE] graph - <------- nonSkippedChar
2021-11-19T10:23:55,549|[TRACE] graph - <----- statementPart
2021-11-19T10:23:55,549|[TRACE] graph - -----> statementPart
2021-11-19T10:23:55,549|[TRACE] graph - -------> nonSkippedChar
2021-11-19T10:23:55,604|[TRACE] script - #out(`E`) [token]
2021-11-19T10:23:55,604|[TRACE] graph - <------- nonSkippedChar
2021-11-19T10:23:55,604|[TRACE] graph - <----- statementPart
2021-11-19T10:23:55,604|[TRACE] graph - -----> statementPart
2021-11-19T10:23:55,604|[TRACE] graph - -------> nonSkippedSpace
2021-11-19T10:23:55,604|[TRACE] script - #out(` `) [token]
2021-11-19T10:23:55,604|[TRACE] graph - <------- nonSkippedSpace
2021-11-19T10:23:55,604|[TRACE] graph - <----- statementPart
2021-11-19T10:23:55,604|[TRACE] graph - -----> statementPart
2021-11-19T10:23:55,604|[TRACE] graph - -------> nonSkippedChar
2021-11-19T10:23:55,604|[TRACE] script - #out(`N`) [token]
2021-11-19T10:23:55,604|[TRACE] graph - <------- nonSkippedChar
2021-11-19T10:23:55,604|[TRACE] graph - <----- statementPart
2021-11-19T10:23:55,604|[TRACE] graph - -----> statementPart
2021-11-19T10:23:55,604|[TRACE] graph - -------> nonSkippedChar
2021-11-19T10:23:55,604|[TRACE] script - #out(`O`) [token]
2021-11-19T10:23:55,604|[TRACE] graph - <------- nonSkippedChar
2021-11-19T10:23:55,604|[TRACE] graph - <----- statementPart
2021-11-19T10:23:55,604|[TRACE] graph - -----> statementPart
2021-11-19T10:23:55,604|[TRACE] graph - -------> nonSkippedSpace
2021-11-19T10:23:55,604|[TRACE] script - #out(` `) [token]
2021-11-19T10:23:55,604|[TRACE] graph - <------- nonSkippedSpace
2021-11-19T10:23:55,604|[TRACE] graph - <----- statementPart
2021-11-19T10:23:55,604|[TRACE] graph - -----> statementPart
2021-11-19T10:23:55,604|[TRACE] graph - -------> nonSkippedChar
2021-11-19T10:23:55,604|[TRACE] script - #out(`A`) [token]
2021-11-19T10:23:55,604|[TRACE] graph - <------- nonSkippedChar
2021-11-19T10:23:55,604|[TRACE] graph - <----- statementPart
2021-11-19T10:23:55,604|[TRACE] graph - -----> statementPart
2021-11-19T10:23:55,604|[TRACE] graph - -------> nonSkippedChar
2021-11-19T10:23:55,604|[TRACE] script - #out(`C`) [token]
2021-11-19T10:23:55,604|[TRACE] graph - <------- nonSkippedChar
2021-11-19T10:23:55,604|[TRACE] graph - <----- statementPart
2021-11-19T10:23:55,604|[TRACE] graph - -----> statementPart
2021-11-19T10:23:55,604|[TRACE] graph - -------> nonSkippedChar
2021-11-19T10:23:55,604|[TRACE] script - #out(`T`) [token]
2021-11-19T10:23:55,604|[TRACE] graph - <------- nonSkippedChar
2021-11-19T10:23:55,604|[TRACE] graph - <----- statementPart
2021-11-19T10:23:55,604|[TRACE] graph - -----> statementPart
2021-11-19T10:23:55,604|[TRACE] graph - -------> nonSkippedChar
2021-11-19T10:23:55,604|[TRACE] script - #out(`I`) [token]
2021-11-19T10:23:55,604|[TRACE] graph - <------- nonSkippedChar
2021-11-19T10:23:55,604|[TRACE] graph - <----- statementPart
2021-11-19T10:23:55,604|[TRACE] graph - -----> statementPart
2021-11-19T10:23:55,604|[TRACE] graph - -------> nonSkippedChar
2021-11-19T10:23:55,604|[TRACE] script - #out(`O`) [token]
2021-11-19T10:23:55,604|[TRACE] graph - <------- nonSkippedChar
2021-11-19T10:23:55,604|[TRACE] graph - <----- statementPart
2021-11-19T10:23:55,604|[TRACE] graph - -----> statementPart
2021-11-19T10:23:55,604|[TRACE] graph - -------> nonSkippedChar
2021-11-19T10:23:55,604|[TRACE] script - #out(`N`) [token]
2021-11-19T10:23:55,604|[TRACE] graph - <------- nonSkippedChar
2021-11-19T10:23:55,604|[TRACE] graph - <----- statementPart
2021-11-19T10:23:55,604|[TRACE] graph - -----> afterStatementPartNewline
2021-11-19T10:23:55,604|[TRACE] script - #out(` `) [text]
2021-11-19T10:23:55,604|[TRACE] graph - <----- afterStatementPartNewline
2021-11-19T10:23:55,604|[TRACE] graph - -----> statementPart
2021-11-19T10:23:55,604|[TRACE] graph - -------> nonSkippedSpace
2021-11-19T10:23:55,604|[TRACE] script - #out(` `) [token]
2021-11-19T10:23:55,604|[TRACE] graph - <------- nonSkippedSpace
2021-11-19T10:23:55,604|[TRACE] graph - <----- statementPart
2021-11-19T10:23:55,604|[TRACE] graph - -----> statementPart
2021-11-19T10:23:55,604|[TRACE] graph - -------> nonSkippedSpace
2021-11-19T10:23:55,604|[TRACE] script - #out(` `) [token]
2021-11-19T10:23:55,604|[TRACE] graph - <------- nonSkippedSpace
2021-11-19T10:23:55,604|[TRACE] graph - <----- statementPart
2021-11-19T10:23:55,604|[TRACE] graph - -----> statementPart
2021-11-19T10:23:55,604|[TRACE] graph - -------> nonSkippedSpace
2021-11-19T10:23:55,604|[TRACE] script - #out(` `) [token]
2021-11-19T10:23:55,604|[TRACE] graph - <------- nonSkippedSpace
2021-11-19T10:23:55,604|[TRACE] graph - <----- statementPart
2021-11-19T10:23:55,604|[TRACE] graph - -----> statementPart
2021-11-19T10:23:55,604|[TRACE] graph - -------> nonSkippedSpace
2021-11-19T10:23:55,604|[TRACE] script - #out(` `) [token]
2021-11-19T10:23:55,604|[TRACE] graph - <------- nonSkippedSpace
2021-11-19T10:23:55,604|[TRACE] graph - <----- statementPart
2021-11-19T10:23:55,604|[TRACE] graph - -----> statementPart
2021-11-19T10:23:55,604|[TRACE] graph - -------> nonSkippedChar
2021-11-19T10:23:55,604|[TRACE] script - #out(`O`) [token]
2021-11-19T10:23:55,604|[TRACE] graph - <------- nonSkippedChar
2021-11-19T10:23:55,604|[TRACE] graph - <----- statementPart
2021-11-19T10:23:55,604|[TRACE] graph - -----> statementPart
2021-11-19T10:23:55,604|[TRACE] graph - -------> nonSkippedChar
2021-11-19T10:23:55,604|[TRACE] script - #out(`N`) [token]
2021-11-19T10:23:55,604|[TRACE] graph - <------- nonSkippedChar
2021-11-19T10:23:55,604|[TRACE] graph - <----- statementPart
2021-11-19T10:23:55,604|[TRACE] graph - -----> statementPart
2021-11-19T10:23:55,604|[TRACE] graph - -------> nonSkippedSpace
2021-11-19T10:23:55,604|[TRACE] script - #out(` `) [token]
2021-11-19T10:23:55,604|[TRACE] graph - <------- nonSkippedSpace
2021-11-19T10:23:55,604|[TRACE] graph - <----- statementPart
2021-11-19T10:23:55,604|[TRACE] graph - -----> statementPart
2021-11-19T10:23:55,604|[TRACE] graph - -------> nonSkippedChar
2021-11-19T10:23:55,604|[TRACE] script - #out(`U`) [token]
2021-11-19T10:23:55,604|[TRACE] graph - <------- nonSkippedChar
2021-11-19T10:23:55,604|[TRACE] graph - <----- statementPart
2021-11-19T10:23:55,604|[TRACE] graph - -----> statementPart
2021-11-19T10:23:55,604|[TRACE] graph - -------> nonSkippedChar
2021-11-19T10:23:55,604|[TRACE] script - #out(`P`) [token]
2021-11-19T10:23:55,604|[TRACE] graph - <------- nonSkippedChar
2021-11-19T10:23:55,604|[TRACE] graph - <----- statementPart
2021-11-19T10:23:55,604|[TRACE] graph - -----> statementPart
2021-11-19T10:23:55,604|[TRACE] graph - -------> nonSkippedChar
2021-11-19T10:23:55,604|[TRACE] script - #out(`D`) [token]
2021-11-19T10:23:55,604|[TRACE] graph - <------- nonSkippedChar
2021-11-19T10:23:55,604|[TRACE] graph - <----- statementPart
2021-11-19T10:23:55,604|[TRACE] graph - -----> statementPart
2021-11-19T10:23:55,604|[TRACE] graph - -------> nonSkippedChar
2021-11-19T10:23:55,604|[TRACE] script - #out(`A`) [token]
2021-11-19T10:23:55,604|[TRACE] graph - <------- nonSkippedChar
2021-11-19T10:23:55,604|[TRACE] graph - <----- statementPart
2021-11-19T10:23:55,604|[TRACE] graph - -----> statementPart
2021-11-19T10:23:55,604|[TRACE] graph - -------> nonSkippedChar
2021-11-19T10:23:55,604|[TRACE] script - #out(`T`) [token]
2021-11-19T10:23:55,604|[TRACE] graph - <------- nonSkippedChar
2021-11-19T10:23:55,604|[TRACE] graph - <----- statementPart
2021-11-19T10:23:55,604|[TRACE] graph - -----> statementPart
2021-11-19T10:23:55,604|[TRACE] graph - -------> nonSkippedChar
2021-11-19T10:23:55,604|[TRACE] script - #out(`E`) [token]
2021-11-19T10:23:55,604|[TRACE] graph - <------- nonSkippedChar
2021-11-19T10:23:55,604|[TRACE] graph - <----- statementPart
2021-11-19T10:23:55,604|[TRACE] graph - -----> statementPart
2021-11-19T10:23:55,604|[TRACE] graph - -------> nonSkippedSpace
2021-11-19T10:23:55,604|[TRACE] script - #out(` `) [token]
2021-11-19T10:23:55,604|[TRACE] graph - <------- nonSkippedSpace
2021-11-19T10:23:55,604|[TRACE] graph - <----- statementPart
2021-11-19T10:23:55,604|[TRACE] graph - -----> statementPart
2021-11-19T10:23:55,604|[TRACE] graph - -------> nonSkippedChar
2021-11-19T10:23:55,604|[TRACE] script - #out(`N`) [token]
2021-11-19T10:23:55,604|[TRACE] graph - <------- nonSkippedChar
2021-11-19T10:23:55,604|[TRACE] graph - <----- statementPart
2021-11-19T10:23:55,604|[TRACE] graph - -----> statementPart
2021-11-19T10:23:55,604|[TRACE] graph - -------> nonSkippedChar
2021-11-19T10:23:55,604|[TRACE] script - #out(`O`) [token]
2021-11-19T10:23:55,604|[TRACE] graph - <------- nonSkippedChar
2021-11-19T10:23:55,604|[TRACE] graph - <----- statementPart
2021-11-19T10:23:55,604|[TRACE] graph - -----> statementPart
2021-11-19T10:23:55,604|[TRACE] graph - -------> nonSkippedSpace
2021-11-19T10:23:55,604|[TRACE] script - #out(` `) [token]
2021-11-19T10:23:55,604|[TRACE] graph - <------- nonSkippedSpace
2021-11-19T10:23:55,604|[TRACE] graph - <----- statementPart
2021-11-19T10:23:55,604|[TRACE] graph - -----> statementPart
2021-11-19T10:23:55,604|[TRACE] graph - -------> nonSkippedChar
2021-11-19T10:23:55,604|[TRACE] script - #out(`A`) [token]
2021-11-19T10:23:55,604|[TRACE] graph - <------- nonSkippedChar
2021-11-19T10:23:55,604|[TRACE] graph - <----- statementPart
2021-11-19T10:23:55,604|[TRACE] graph - -----> statementPart
2021-11-19T10:23:55,604|[TRACE] graph - -------> nonSkippedChar
2021-11-19T10:23:55,604|[TRACE] script - #out(`C`) [token]
2021-11-19T10:23:55,604|[TRACE] graph - <------- nonSkippedChar
2021-11-19T10:23:55,604|[TRACE] graph - <----- statementPart
2021-11-19T10:23:55,604|[TRACE] graph - -----> statementPart
2021-11-19T10:23:55,604|[TRACE] graph - -------> nonSkippedChar
2021-11-19T10:23:55,604|[TRACE] script - #out(`T`) [token]
2021-11-19T10:23:55,604|[TRACE] graph - <------- nonSkippedChar
2021-11-19T10:23:55,604|[TRACE] graph - <----- statementPart
2021-11-19T10:23:55,604|[TRACE] graph - -----> statementPart
2021-11-19T10:23:55,604|[TRACE] graph - -------> nonSkippedChar
2021-11-19T10:23:55,604|[TRACE] script - #out(`I`) [token]
2021-11-19T10:23:55,604|[TRACE] graph - <------- nonSkippedChar
2021-11-19T10:23:55,604|[TRACE] graph - <----- statementPart
2021-11-19T10:23:55,604|[TRACE] graph - -----> statementPart
2021-11-19T10:23:55,604|[TRACE] graph - -------> nonSkippedChar
2021-11-19T10:23:55,604|[TRACE] script - #out(`O`) [token]
2021-11-19T10:23:55,604|[TRACE] graph - <------- nonSkippedChar
2021-11-19T10:23:55,604|[TRACE] graph - <----- statementPart
2021-11-19T10:23:55,604|[TRACE] graph - -----> statementPart
2021-11-19T10:23:55,604|[TRACE] graph - -------> nonSkippedChar
2021-11-19T10:23:55,604|[TRACE] script - #out(`N`) [token]
2021-11-19T10:23:55,604|[TRACE] graph - <------- nonSkippedChar
2021-11-19T10:23:55,604|[TRACE] graph - <----- statementPart
2021-11-19T10:23:55,604|[TRACE] graph - -----> statementPart
2021-11-19T10:23:55,604|[TRACE] graph - -------> nonSkippedChar
2021-11-19T10:23:55,604|[TRACE] script - #out(`,`) [token]
2021-11-19T10:23:55,604|[TRACE] graph - <------- nonSkippedChar
2021-11-19T10:23:55,604|[TRACE] graph - <----- statementPart
2021-11-19T10:23:55,604|[TRACE] graph - -----> afterStatementPartNewline
2021-11-19T10:23:55,604|[TRACE] script - #out(` `) [text]
2021-11-19T10:23:55,604|[TRACE] graph - <----- afterStatementPartNewline
2021-11-19T10:23:55,604|[TRACE] graph - -----> statementPart
2021-11-19T10:23:55,604|[TRACE] graph - -------> nonSkippedSpace
2021-11-19T10:23:55,604|[TRACE] script - #out(` `) [token]
2021-11-19T10:23:55,604|[TRACE] graph - <------- nonSkippedSpace
2021-11-19T10:23:55,604|[TRACE] graph - <----- statementPart
2021-11-19T10:23:55,604|[TRACE] graph - -----> statementPart
2021-11-19T10:23:55,604|[TRACE] graph - -------> nonSkippedSpace
2021-11-19T10:23:55,604|[TRACE] script - #out(` `) [token]
2021-11-19T10:23:55,604|[TRACE] graph - <------- nonSkippedSpace
2021-11-19T10:23:55,604|[TRACE] graph - <----- statementPart
2021-11-19T10:23:55,604|[TRACE] graph - -----> statementPart
2021-11-19T10:23:55,604|[TRACE] graph - -------> nonSkippedChar
2021-11-19T10:23:55,604|[TRACE] script - #out(`C`) [token]
2021-11-19T10:23:55,604|[TRACE] graph - <------- nonSkippedChar
2021-11-19T10:23:55,604|[TRACE] graph - <----- statementPart
2021-11-19T10:23:55,604|[TRACE] graph - -----> statementPart
2021-11-19T10:23:55,604|[TRACE] graph - -------> nonSkippedChar
2021-11-19T10:23:55,604|[TRACE] script - #out(`O`) [token]
2021-11-19T10:23:55,604|[TRACE] graph - <------- nonSkippedChar
2021-11-19T10:23:55,604|[TRACE] graph - <----- statementPart
2021-11-19T10:23:55,604|[TRACE] graph - -----> statementPart
2021-11-19T10:23:55,604|[TRACE] graph - -------> nonSkippedChar
2021-11-19T10:23:55,604|[TRACE] script - #out(`N`) [token]
2021-11-19T10:23:55,604|[TRACE] graph - <------- nonSkippedChar
2021-11-19T10:23:55,604|[TRACE] graph - <----- statementPart
2021-11-19T10:23:55,604|[TRACE] graph - -----> statementPart
2021-11-19T10:23:55,604|[TRACE] graph - -------> nonSkippedChar
2021-11-19T10:23:55,604|[TRACE] script - #out(`S`) [token]
2021-11-19T10:23:55,604|[TRACE] graph - <------- nonSkippedChar
2021-11-19T10:23:55,604|[TRACE] graph - <----- statementPart
2021-11-19T10:23:55,604|[TRACE] graph - -----> statementPart
2021-11-19T10:23:55,604|[TRACE] graph - -------> nonSkippedChar
2021-11-19T10:23:55,604|[TRACE] script - #out(`T`) [token]
2021-11-19T10:23:55,604|[TRACE] graph - <------- nonSkippedChar
2021-11-19T10:23:55,604|[TRACE] graph - <----- statementPart
2021-11-19T10:23:55,604|[TRACE] graph - -----> statementPart
2021-11-19T10:23:55,604|[TRACE] graph - -------> nonSkippedChar
2021-11-19T10:23:55,604|[TRACE] script - #out(`R`) [token]
2021-11-19T10:23:55,604|[TRACE] graph - <------- nonSkippedChar
2021-11-19T10:23:55,604|[TRACE] graph - <----- statementPart
2021-11-19T10:23:55,604|[TRACE] graph - -----> statementPart
2021-11-19T10:23:55,604|[TRACE] graph - -------> nonSkippedChar
2021-11-19T10:23:55,604|[TRACE] script - #out(`A`) [token]
2021-11-19T10:23:55,604|[TRACE] graph - <------- nonSkippedChar
2021-11-19T10:23:55,604|[TRACE] graph - <----- statementPart
2021-11-19T10:23:55,604|[TRACE] graph - -----> statementPart
2021-11-19T10:23:55,604|[TRACE] graph - -------> nonSkippedChar
2021-11-19T10:23:55,604|[TRACE] script - #out(`I`) [token]
2021-11-19T10:23:55,604|[TRACE] graph - <------- nonSkippedChar
2021-11-19T10:23:55,604|[TRACE] graph - <----- statementPart
2021-11-19T10:23:55,604|[TRACE] graph - -----> statementPart
2021-11-19T10:23:55,604|[TRACE] graph - -------> nonSkippedChar
2021-11-19T10:23:55,604|[TRACE] script - #out(`N`) [token]
2021-11-19T10:23:55,604|[TRACE] graph - <------- nonSkippedChar
2021-11-19T10:23:55,604|[TRACE] graph - <----- statementPart
2021-11-19T10:23:55,604|[TRACE] graph - -----> statementPart
2021-11-19T10:23:55,604|[TRACE] graph - -------> nonSkippedChar
2021-11-19T10:23:55,604|[TRACE] script - #out(`T`) [token]
2021-11-19T10:23:55,604|[TRACE] graph - <------- nonSkippedChar
2021-11-19T10:23:55,604|[TRACE] graph - <----- statementPart
2021-11-19T10:23:55,604|[TRACE] graph - -----> statementPart
2021-11-19T10:23:55,604|[TRACE] graph - -------> nonSkippedSpace
2021-11-19T10:23:55,604|[TRACE] script - #out(` `) [token]
2021-11-19T10:23:55,604|[TRACE] graph - <------- nonSkippedSpace
2021-11-19T10:23:55,604|[TRACE] graph - <----- statementPart
2021-11-19T10:23:55,604|[TRACE] graph - -----> statementPart
2021-11-19T10:23:55,604|[TRACE] graph - -------> quotedString
2021-11-19T10:23:55,604|[TRACE] script - #out(``fk_contact_phone1``) [token]
2021-11-19T10:23:55,604|[TRACE] graph - <------- quotedString
2021-11-19T10:23:55,604|[TRACE] graph - <----- statementPart
2021-11-19T10:23:55,604|[TRACE] graph - -----> afterStatementPartNewline
2021-11-19T10:23:55,604|[TRACE] script - #out(` `) [text]
2021-11-19T10:23:55,604|[TRACE] graph - <----- afterStatementPartNewline
2021-11-19T10:23:55,604|[TRACE] graph - -----> statementPart
2021-11-19T10:23:55,604|[TRACE] graph - -------> nonSkippedSpace
2021-11-19T10:23:55,604|[TRACE] script - #out(` `) [token]
2021-11-19T10:23:55,604|[TRACE] graph - <------- nonSkippedSpace
2021-11-19T10:23:55,604|[TRACE] graph - <----- statementPart
2021-11-19T10:23:55,604|[TRACE] graph - -----> statementPart
2021-11-19T10:23:55,604|[TRACE] graph - -------> nonSkippedSpace
2021-11-19T10:23:55,604|[TRACE] script - #out(` `) [token]
2021-11-19T10:23:55,604|[TRACE] graph - <------- nonSkippedSpace
2021-11-19T10:23:55,604|[TRACE] graph - <----- statementPart
2021-11-19T10:23:55,604|[TRACE] graph - -----> statementPart
2021-11-19T10:23:55,604|[TRACE] graph - -------> nonSkippedSpace
2021-11-19T10:23:55,604|[TRACE] script - #out(` `) [token]
2021-11-19T10:23:55,604|[TRACE] graph - <------- nonSkippedSpace
2021-11-19T10:23:55,604|[TRACE] graph - <----- statementPart
2021-11-19T10:23:55,604|[TRACE] graph - -----> statementPart
2021-11-19T10:23:55,604|[TRACE] graph - -------> nonSkippedSpace
2021-11-19T10:23:55,604|[TRACE] script - #out(` `) [token]
2021-11-19T10:23:55,604|[TRACE] graph - <------- nonSkippedSpace
2021-11-19T10:23:55,604|[TRACE] graph - <----- statementPart
2021-11-19T10:23:55,605|[TRACE] graph - -----> statementPart
2021-11-19T10:23:55,605|[TRACE] graph - -------> nonSkippedChar
2021-11-19T10:23:55,605|[TRACE] script - #out(`F`) [token]
2021-11-19T10:23:55,605|[TRACE] graph - <------- nonSkippedChar
2021-11-19T10:23:55,605|[TRACE] graph - <----- statementPart
2021-11-19T10:23:55,605|[TRACE] graph - -----> statementPart
2021-11-19T10:23:55,605|[TRACE] graph - -------> nonSkippedChar
2021-11-19T10:23:55,605|[TRACE] script - #out(`O`) [token]
2021-11-19T10:23:55,605|[TRACE] graph - <------- nonSkippedChar
2021-11-19T10:23:55,605|[TRACE] graph - <----- statementPart
2021-11-19T10:23:55,605|[TRACE] graph - -----> statementPart
2021-11-19T10:23:55,605|[TRACE] graph - -------> nonSkippedChar
2021-11-19T10:23:55,605|[TRACE] script - #out(`R`) [token]
2021-11-19T10:23:55,605|[TRACE] graph - <------- nonSkippedChar
2021-11-19T10:23:55,605|[TRACE] graph - <----- statementPart
2021-11-19T10:23:55,605|[TRACE] graph - -----> statementPart
2021-11-19T10:23:55,605|[TRACE] graph - -------> nonSkippedChar
2021-11-19T10:23:55,605|[TRACE] script - #out(`E`) [token]
2021-11-19T10:23:55,605|[TRACE] graph - <------- nonSkippedChar
2021-11-19T10:23:55,605|[TRACE] graph - <----- statementPart
2021-11-19T10:23:55,605|[TRACE] graph - -----> statementPart
2021-11-19T10:23:55,605|[TRACE] graph - -------> nonSkippedChar
2021-11-19T10:23:55,605|[TRACE] script - #out(`I`) [token]
2021-11-19T10:23:55,605|[TRACE] graph - <------- nonSkippedChar
2021-11-19T10:23:55,605|[TRACE] graph - <----- statementPart
2021-11-19T10:23:55,605|[TRACE] graph - -----> statementPart
2021-11-19T10:23:55,605|[TRACE] graph - -------> nonSkippedChar
2021-11-19T10:23:55,605|[TRACE] script - #out(`G`) [token]
2021-11-19T10:23:55,605|[TRACE] graph - <------- nonSkippedChar
2021-11-19T10:23:55,605|[TRACE] graph - <----- statementPart
2021-11-19T10:23:55,605|[TRACE] graph - -----> statementPart
2021-11-19T10:23:55,605|[TRACE] graph - -------> nonSkippedChar
2021-11-19T10:23:55,605|[TRACE] script - #out(`N`) [token]
2021-11-19T10:23:55,605|[TRACE] graph - <------- nonSkippedChar
2021-11-19T10:23:55,605|[TRACE] graph - <----- statementPart
2021-11-19T10:23:55,605|[TRACE] graph - -----> statementPart
2021-11-19T10:23:55,605|[TRACE] graph - -------> nonSkippedSpace
2021-11-19T10:23:55,605|[TRACE] script - #out(` `) [token]
2021-11-19T10:23:55,605|[TRACE] graph - <------- nonSkippedSpace
2021-11-19T10:23:55,605|[TRACE] graph - <----- statementPart
2021-11-19T10:23:55,605|[TRACE] graph - -----> statementPart
2021-11-19T10:23:55,605|[TRACE] graph - -------> nonSkippedChar
2021-11-19T10:23:55,605|[TRACE] script - #out(`K`) [token]
2021-11-19T10:23:55,605|[TRACE] graph - <------- nonSkippedChar
2021-11-19T10:23:55,605|[TRACE] graph - <----- statementPart
2021-11-19T10:23:55,605|[TRACE] graph - -----> statementPart
2021-11-19T10:23:55,605|[TRACE] graph - -------> nonSkippedChar
2021-11-19T10:23:55,605|[TRACE] script - #out(`E`) [token]
2021-11-19T10:23:55,605|[TRACE] graph - <------- nonSkippedChar
2021-11-19T10:23:55,605|[TRACE] graph - <----- statementPart
2021-11-19T10:23:55,605|[TRACE] graph - -----> statementPart
2021-11-19T10:23:55,605|[TRACE] graph - -------> nonSkippedChar
2021-11-19T10:23:55,605|[TRACE] script - #out(`Y`) [token]
2021-11-19T10:23:55,605|[TRACE] graph - <------- nonSkippedChar
2021-11-19T10:23:55,605|[TRACE] graph - <----- statementPart
2021-11-19T10:23:55,605|[TRACE] graph - -----> statementPart
2021-11-19T10:23:55,605|[TRACE] graph - -------> nonSkippedSpace
2021-11-19T10:23:55,605|[TRACE] script - #out(` `) [token]
2021-11-19T10:23:55,605|[TRACE] graph - <------- nonSkippedSpace
2021-11-19T10:23:55,605|[TRACE] graph - <----- statementPart
2021-11-19T10:23:55,605|[TRACE] graph - -----> statementPart
2021-11-19T10:23:55,605|[TRACE] graph - -------> nonSkippedChar
2021-11-19T10:23:55,605|[TRACE] script - #out(`(`) [token]
2021-11-19T10:23:55,605|[TRACE] graph - <------- nonSkippedChar
2021-11-19T10:23:55,605|[TRACE] graph - <----- statementPart
2021-11-19T10:23:55,605|[TRACE] graph - -----> statementPart
2021-11-19T10:23:55,605|[TRACE] graph - -------> quotedString
2021-11-19T10:23:55,605|[TRACE] script - #out(``phone_id``) [token]
2021-11-19T10:23:55,605|[TRACE] graph - <------- quotedString
2021-11-19T10:23:55,605|[TRACE] graph - <----- statementPart
2021-11-19T10:23:55,605|[TRACE] graph - -----> statementPart
2021-11-19T10:23:55,605|[TRACE] graph - -------> nonSkippedChar
2021-11-19T10:23:55,605|[TRACE] script - #out(`)`) [token]
2021-11-19T10:23:55,605|[TRACE] graph - <------- nonSkippedChar
2021-11-19T10:23:55,605|[TRACE] graph - <----- statementPart
2021-11-19T10:23:55,605|[TRACE] graph - -----> afterStatementPartNewline
2021-11-19T10:23:55,605|[TRACE] script - #out(` `) [text]
2021-11-19T10:23:55,605|[TRACE] graph - <----- afterStatementPartNewline
2021-11-19T10:23:55,605|[TRACE] graph - -----> statementPart
2021-11-19T10:23:55,605|[TRACE] graph - -------> nonSkippedSpace
2021-11-19T10:23:55,605|[TRACE] script - #out(` `) [token]
2021-11-19T10:23:55,605|[TRACE] graph - <------- nonSkippedSpace
2021-11-19T10:23:55,605|[TRACE] graph - <----- statementPart
2021-11-19T10:23:55,605|[TRACE] graph - -----> statementPart
2021-11-19T10:23:55,605|[TRACE] graph - -------> nonSkippedSpace
2021-11-19T10:23:55,605|[TRACE] script - #out(` `) [token]
2021-11-19T10:23:55,605|[TRACE] graph - <------- nonSkippedSpace
2021-11-19T10:23:55,605|[TRACE] graph - <----- statementPart
2021-11-19T10:23:55,605|[TRACE] graph - -----> statementPart
2021-11-19T10:23:55,605|[TRACE] graph - -------> nonSkippedSpace
2021-11-19T10:23:55,605|[TRACE] script - #out(` `) [token]
2021-11-19T10:23:55,605|[TRACE] graph - <------- nonSkippedSpace
2021-11-19T10:23:55,605|[TRACE] graph - <----- statementPart
2021-11-19T10:23:55,605|[TRACE] graph - -----> statementPart
2021-11-19T10:23:55,605|[TRACE] graph - -------> nonSkippedSpace
2021-11-19T10:23:55,605|[TRACE] script - #out(` `) [token]
2021-11-19T10:23:55,605|[TRACE] graph - <------- nonSkippedSpace
2021-11-19T10:23:55,605|[TRACE] graph - <----- statementPart
2021-11-19T10:23:55,605|[TRACE] graph - -----> statementPart
2021-11-19T10:23:55,605|[TRACE] graph - -------> nonSkippedChar
2021-11-19T10:23:55,605|[TRACE] script - #out(`R`) [token]
2021-11-19T10:23:55,605|[TRACE] graph - <------- nonSkippedChar
2021-11-19T10:23:55,605|[TRACE] graph - <----- statementPart
2021-11-19T10:23:55,605|[TRACE] graph - -----> statementPart
2021-11-19T10:23:55,605|[TRACE] graph - -------> nonSkippedChar
2021-11-19T10:23:55,605|[TRACE] script - #out(`E`) [token]
2021-11-19T10:23:55,605|[TRACE] graph - <------- nonSkippedChar
2021-11-19T10:23:55,605|[TRACE] graph - <----- statementPart
2021-11-19T10:23:55,605|[TRACE] graph - -----> statementPart
2021-11-19T10:23:55,605|[TRACE] graph - -------> nonSkippedChar
2021-11-19T10:23:55,605|[TRACE] script - #out(`F`) [token]
2021-11-19T10:23:55,605|[TRACE] graph - <------- nonSkippedChar
2021-11-19T10:23:55,605|[TRACE] graph - <----- statementPart
2021-11-19T10:23:55,605|[TRACE] graph - -----> statementPart
2021-11-19T10:23:55,605|[TRACE] graph - -------> nonSkippedChar
2021-11-19T10:23:55,605|[TRACE] script - #out(`E`) [token]
2021-11-19T10:23:55,605|[TRACE] graph - <------- nonSkippedChar
2021-11-19T10:23:55,605|[TRACE] graph - <----- statementPart
2021-11-19T10:23:55,605|[TRACE] graph - -----> statementPart
2021-11-19T10:23:55,605|[TRACE] graph - -------> nonSkippedChar
2021-11-19T10:23:55,605|[TRACE] script - #out(`R`) [token]
2021-11-19T10:23:55,605|[TRACE] graph - <------- nonSkippedChar
2021-11-19T10:23:55,605|[TRACE] graph - <----- statementPart
2021-11-19T10:23:55,605|[TRACE] graph - -----> statementPart
2021-11-19T10:23:55,605|[TRACE] graph - -------> nonSkippedChar
2021-11-19T10:23:55,605|[TRACE] script - #out(`E`) [token]
2021-11-19T10:23:55,605|[TRACE] graph - <------- nonSkippedChar
2021-11-19T10:23:55,605|[TRACE] graph - <----- statementPart
2021-11-19T10:23:55,605|[TRACE] graph - -----> statementPart
2021-11-19T10:23:55,605|[TRACE] graph - -------> nonSkippedChar
2021-11-19T10:23:55,605|[TRACE] script - #out(`N`) [token]
2021-11-19T10:23:55,605|[TRACE] graph - <------- nonSkippedChar
2021-11-19T10:23:55,605|[TRACE] graph - <----- statementPart
2021-11-19T10:23:55,605|[TRACE] graph - -----> statementPart
2021-11-19T10:23:55,605|[TRACE] graph - -------> nonSkippedChar
2021-11-19T10:23:55,605|[TRACE] script - #out(`C`) [token]
2021-11-19T10:23:55,605|[TRACE] graph - <------- nonSkippedChar
2021-11-19T10:23:55,605|[TRACE] graph - <----- statementPart
2021-11-19T10:23:55,605|[TRACE] graph - -----> statementPart
2021-11-19T10:23:55,605|[TRACE] graph - -------> nonSkippedChar
2021-11-19T10:23:55,605|[TRACE] script - #out(`E`) [token]
2021-11-19T10:23:55,605|[TRACE] graph - <------- nonSkippedChar
2021-11-19T10:23:55,605|[TRACE] graph - <----- statementPart
2021-11-19T10:23:55,605|[TRACE] graph - -----> statementPart
2021-11-19T10:23:55,605|[TRACE] graph - -------> nonSkippedChar
2021-11-19T10:23:55,605|[TRACE] script - #out(`S`) [token]
2021-11-19T10:23:55,605|[TRACE] graph - <------- nonSkippedChar
2021-11-19T10:23:55,605|[TRACE] graph - <----- statementPart
2021-11-19T10:23:55,605|[TRACE] graph - -----> statementPart
2021-11-19T10:23:55,605|[TRACE] graph - -------> nonSkippedSpace
2021-11-19T10:23:55,605|[TRACE] script - #out(` `) [token]
2021-11-19T10:23:55,605|[TRACE] graph - <------- nonSkippedSpace
2021-11-19T10:23:55,605|[TRACE] graph - <----- statementPart
2021-11-19T10:23:55,605|[TRACE] graph - -----> statementPart
2021-11-19T10:23:55,605|[TRACE] graph - -------> quotedString
2021-11-19T10:23:55,605|[TRACE] script - #out(``bloodbank``) [token]
2021-11-19T10:23:55,605|[TRACE] graph - <------- quotedString
2021-11-19T10:23:55,605|[TRACE] graph - <----- statementPart
2021-11-19T10:23:55,605|[TRACE] graph - -----> statementPart
2021-11-19T10:23:55,605|[TRACE] graph - -------> nonSkippedChar
2021-11-19T10:23:55,605|[TRACE] script - #out(`.`) [token]
2021-11-19T10:23:55,605|[TRACE] graph - <------- nonSkippedChar
2021-11-19T10:23:55,605|[TRACE] graph - <----- statementPart
2021-11-19T10:23:55,605|[TRACE] graph - -----> statementPart
2021-11-19T10:23:55,605|[TRACE] graph - -------> quotedString
2021-11-19T10:23:55,605|[TRACE] script - #out(``phone``) [token]
2021-11-19T10:23:55,605|[TRACE] graph - <------- quotedString
2021-11-19T10:23:55,605|[TRACE] graph - <----- statementPart
2021-11-19T10:23:55,605|[TRACE] graph - -----> statementPart
2021-11-19T10:23:55,605|[TRACE] graph - -------> nonSkippedSpace
2021-11-19T10:23:55,605|[TRACE] script - #out(` `) [token]
2021-11-19T10:23:55,605|[TRACE] graph - <------- nonSkippedSpace
2021-11-19T10:23:55,605|[TRACE] graph - <----- statementPart
2021-11-19T10:23:55,605|[TRACE] graph - -----> statementPart
2021-11-19T10:23:55,605|[TRACE] graph - -------> nonSkippedChar
2021-11-19T10:23:55,605|[TRACE] script - #out(`(`) [token]
2021-11-19T10:23:55,605|[TRACE] graph - <------- nonSkippedChar
2021-11-19T10:23:55,605|[TRACE] graph - <----- statementPart
2021-11-19T10:23:55,605|[TRACE] graph - -----> statementPart
2021-11-19T10:23:55,605|[TRACE] graph - -------> quotedString
2021-11-19T10:23:55,605|[TRACE] script - #out(``phone_id``) [token]
2021-11-19T10:23:55,605|[TRACE] graph - <------- quotedString
2021-11-19T10:23:55,605|[TRACE] graph - <----- statementPart
2021-11-19T10:23:55,605|[TRACE] graph - -----> statementPart
2021-11-19T10:23:55,605|[TRACE] graph - -------> nonSkippedChar
2021-11-19T10:23:55,605|[TRACE] script - #out(`)`) [token]
2021-11-19T10:23:55,605|[TRACE] graph - <------- nonSkippedChar
2021-11-19T10:23:55,605|[TRACE] graph - <----- statementPart
2021-11-19T10:23:55,605|[TRACE] graph - -----> afterStatementPartNewline
2021-11-19T10:23:55,605|[TRACE] script - #out(` `) [text]
2021-11-19T10:23:55,605|[TRACE] graph - <----- afterStatementPartNewline
2021-11-19T10:23:55,605|[TRACE] graph - -----> statementPart
2021-11-19T10:23:55,661|[TRACE] graph - -------> nonSkippedSpace
2021-11-19T10:23:55,661|[TRACE] script - #out(` `) [token]
2021-11-19T10:23:55,661|[TRACE] graph - <------- nonSkippedSpace
2021-11-19T10:23:55,661|[TRACE] graph - <----- statementPart
2021-11-19T10:23:55,661|[TRACE] graph - -----> statementPart
2021-11-19T10:23:55,661|[TRACE] graph - -------> nonSkippedSpace
2021-11-19T10:23:55,661|[TRACE] script - #out(` `) [token]
2021-11-19T10:23:55,661|[TRACE] graph - <------- nonSkippedSpace
2021-11-19T10:23:55,661|[TRACE] graph - <----- statementPart
2021-11-19T10:23:55,661|[TRACE] graph - -----> statementPart
2021-11-19T10:23:55,661|[TRACE] graph - -------> nonSkippedSpace
2021-11-19T10:23:55,661|[TRACE] script - #out(` `) [token]
2021-11-19T10:23:55,661|[TRACE] graph - <------- nonSkippedSpace
2021-11-19T10:23:55,661|[TRACE] graph - <----- statementPart
2021-11-19T10:23:55,661|[TRACE] graph - -----> statementPart
2021-11-19T10:23:55,661|[TRACE] graph - -------> nonSkippedSpace
2021-11-19T10:23:55,661|[TRACE] script - #out(` `) [token]
2021-11-19T10:23:55,661|[TRACE] graph - <------- nonSkippedSpace
2021-11-19T10:23:55,661|[TRACE] graph - <----- statementPart
2021-11-19T10:23:55,661|[TRACE] graph - -----> statementPart
2021-11-19T10:23:55,661|[TRACE] graph - -------> nonSkippedChar
2021-11-19T10:23:55,661|[TRACE] script - #out(`O`) [token]
2021-11-19T10:23:55,661|[TRACE] graph - <------- nonSkippedChar
2021-11-19T10:23:55,661|[TRACE] graph - <----- statementPart
2021-11-19T10:23:55,661|[TRACE] graph - -----> statementPart
2021-11-19T10:23:55,661|[TRACE] graph - -------> nonSkippedChar
2021-11-19T10:23:55,661|[TRACE] script - #out(`N`) [token]
2021-11-19T10:23:55,661|[TRACE] graph - <------- nonSkippedChar
2021-11-19T10:23:55,661|[TRACE] graph - <----- statementPart
2021-11-19T10:23:55,661|[TRACE] graph - -----> statementPart
2021-11-19T10:23:55,661|[TRACE] graph - -------> nonSkippedSpace
2021-11-19T10:23:55,661|[TRACE] script - #out(` `) [token]
2021-11-19T10:23:55,661|[TRACE] graph - <------- nonSkippedSpace
2021-11-19T10:23:55,661|[TRACE] graph - <----- statementPart
2021-11-19T10:23:55,661|[TRACE] graph - -----> statementPart
2021-11-19T10:23:55,661|[TRACE] graph - -------> nonSkippedChar
2021-11-19T10:23:55,661|[TRACE] script - #out(`D`) [token]
2021-11-19T10:23:55,661|[TRACE] graph - <------- nonSkippedChar
2021-11-19T10:23:55,661|[TRACE] graph - <----- statementPart
2021-11-19T10:23:55,661|[TRACE] graph - -----> statementPart
2021-11-19T10:23:55,661|[TRACE] graph - -------> nonSkippedChar
2021-11-19T10:23:55,661|[TRACE] script - #out(`E`) [token]
2021-11-19T10:23:55,661|[TRACE] graph - <------- nonSkippedChar
2021-11-19T10:23:55,661|[TRACE] graph - <----- statementPart
2021-11-19T10:23:55,661|[TRACE] graph - -----> statementPart
2021-11-19T10:23:55,661|[TRACE] graph - -------> nonSkippedChar
2021-11-19T10:23:55,661|[TRACE] script - #out(`L`) [token]
2021-11-19T10:23:55,661|[TRACE] graph - <------- nonSkippedChar
2021-11-19T10:23:55,661|[TRACE] graph - <----- statementPart
2021-11-19T10:23:55,661|[TRACE] graph - -----> statementPart
2021-11-19T10:23:55,661|[TRACE] graph - -------> nonSkippedChar
2021-11-19T10:23:55,661|[TRACE] script - #out(`E`) [token]
2021-11-19T10:23:55,661|[TRACE] graph - <------- nonSkippedChar
2021-11-19T10:23:55,661|[TRACE] graph - <----- statementPart
2021-11-19T10:23:55,661|[TRACE] graph - -----> statementPart
2021-11-19T10:23:55,661|[TRACE] graph - -------> nonSkippedChar
2021-11-19T10:23:55,661|[TRACE] script - #out(`T`) [token]
2021-11-19T10:23:55,661|[TRACE] graph - <------- nonSkippedChar
2021-11-19T10:23:55,661|[TRACE] graph - <----- statementPart
2021-11-19T10:23:55,661|[TRACE] graph - -----> statementPart
2021-11-19T10:23:55,661|[TRACE] graph - -------> nonSkippedChar
2021-11-19T10:23:55,661|[TRACE] script - #out(`E`) [token]
2021-11-19T10:23:55,661|[TRACE] graph - <------- nonSkippedChar
2021-11-19T10:23:55,661|[TRACE] graph - <----- statementPart
2021-11-19T10:23:55,661|[TRACE] graph - -----> statementPart
2021-11-19T10:23:55,661|[TRACE] graph - -------> nonSkippedSpace
2021-11-19T10:23:55,661|[TRACE] script - #out(` `) [token]
2021-11-19T10:23:55,661|[TRACE] graph - <------- nonSkippedSpace
2021-11-19T10:23:55,661|[TRACE] graph - <----- statementPart
2021-11-19T10:23:55,661|[TRACE] graph - -----> statementPart
2021-11-19T10:23:55,661|[TRACE] graph - -------> nonSkippedChar
2021-11-19T10:23:55,661|[TRACE] script - #out(`N`) [token]
2021-11-19T10:23:55,661|[TRACE] graph - <------- nonSkippedChar
2021-11-19T10:23:55,661|[TRACE] graph - <----- statementPart
2021-11-19T10:23:55,661|[TRACE] graph - -----> statementPart
2021-11-19T10:23:55,661|[TRACE] graph - -------> nonSkippedChar
2021-11-19T10:23:55,661|[TRACE] script - #out(`O`) [token]
2021-11-19T10:23:55,661|[TRACE] graph - <------- nonSkippedChar
2021-11-19T10:23:55,661|[TRACE] graph - <----- statementPart
2021-11-19T10:23:55,661|[TRACE] graph - -----> statementPart
2021-11-19T10:23:55,661|[TRACE] graph - -------> nonSkippedSpace
2021-11-19T10:23:55,661|[TRACE] script - #out(` `) [token]
2021-11-19T10:23:55,661|[TRACE] graph - <------- nonSkippedSpace
2021-11-19T10:23:55,661|[TRACE] graph - <----- statementPart
2021-11-19T10:23:55,661|[TRACE] graph - -----> statementPart
2021-11-19T10:23:55,661|[TRACE] graph - -------> nonSkippedChar
2021-11-19T10:23:55,661|[TRACE] script - #out(`A`) [token]
2021-11-19T10:23:55,661|[TRACE] graph - <------- nonSkippedChar
2021-11-19T10:23:55,661|[TRACE] graph - <----- statementPart
2021-11-19T10:23:55,661|[TRACE] graph - -----> statementPart
2021-11-19T10:23:55,661|[TRACE] graph - -------> nonSkippedChar
2021-11-19T10:23:55,661|[TRACE] script - #out(`C`) [token]
2021-11-19T10:23:55,661|[TRACE] graph - <------- nonSkippedChar
2021-11-19T10:23:55,661|[TRACE] graph - <----- statementPart
2021-11-19T10:23:55,661|[TRACE] graph - -----> statementPart
2021-11-19T10:23:55,661|[TRACE] graph - -------> nonSkippedChar
2021-11-19T10:23:55,661|[TRACE] script - #out(`T`) [token]
2021-11-19T10:23:55,661|[TRACE] graph - <------- nonSkippedChar
2021-11-19T10:23:55,661|[TRACE] graph - <----- statementPart
2021-11-19T10:23:55,661|[TRACE] graph - -----> statementPart
2021-11-19T10:23:55,661|[TRACE] graph - -------> nonSkippedChar
2021-11-19T10:23:55,661|[TRACE] script - #out(`I`) [token]
2021-11-19T10:23:55,661|[TRACE] graph - <------- nonSkippedChar
2021-11-19T10:23:55,661|[TRACE] graph - <----- statementPart
2021-11-19T10:23:55,662|[TRACE] graph - -----> statementPart
2021-11-19T10:23:55,662|[TRACE] graph - -------> nonSkippedChar
2021-11-19T10:23:55,662|[TRACE] script - #out(`O`) [token]
2021-11-19T10:23:55,662|[TRACE] graph - <------- nonSkippedChar
2021-11-19T10:23:55,662|[TRACE] graph - <----- statementPart
2021-11-19T10:23:55,662|[TRACE] graph - -----> statementPart
2021-11-19T10:23:55,662|[TRACE] graph - -------> nonSkippedChar
2021-11-19T10:23:55,662|[TRACE] script - #out(`N`) [token]
2021-11-19T10:23:55,662|[TRACE] graph - <------- nonSkippedChar
2021-11-19T10:23:55,662|[TRACE] graph - <----- statementPart
2021-11-19T10:23:55,662|[TRACE] graph - -----> afterStatementPartNewline
2021-11-19T10:23:55,662|[TRACE] script - #out(` `) [text]
2021-11-19T10:23:55,662|[TRACE] graph - <----- afterStatementPartNewline
2021-11-19T10:23:55,662|[TRACE] graph - -----> statementPart
2021-11-19T10:23:55,662|[TRACE] graph - -------> nonSkippedSpace
2021-11-19T10:23:55,662|[TRACE] script - #out(` `) [token]
2021-11-19T10:23:55,662|[TRACE] graph - <------- nonSkippedSpace
2021-11-19T10:23:55,662|[TRACE] graph - <----- statementPart
2021-11-19T10:23:55,662|[TRACE] graph - -----> statementPart
2021-11-19T10:23:55,662|[TRACE] graph - -------> nonSkippedSpace
2021-11-19T10:23:55,662|[TRACE] script - #out(` `) [token]
2021-11-19T10:23:55,662|[TRACE] graph - <------- nonSkippedSpace
2021-11-19T10:23:55,662|[TRACE] graph - <----- statementPart
2021-11-19T10:23:55,662|[TRACE] graph - -----> statementPart
2021-11-19T10:23:55,662|[TRACE] graph - -------> nonSkippedSpace
2021-11-19T10:23:55,662|[TRACE] script - #out(` `) [token]
2021-11-19T10:23:55,662|[TRACE] graph - <------- nonSkippedSpace
2021-11-19T10:23:55,662|[TRACE] graph - <----- statementPart
2021-11-19T10:23:55,662|[TRACE] graph - -----> statementPart
2021-11-19T10:23:55,662|[TRACE] graph - -------> nonSkippedSpace
2021-11-19T10:23:55,662|[TRACE] script - #out(` `) [token]
2021-11-19T10:23:55,662|[TRACE] graph - <------- nonSkippedSpace
2021-11-19T10:23:55,662|[TRACE] graph - <----- statementPart
2021-11-19T10:23:55,662|[TRACE] graph - -----> statementPart
2021-11-19T10:23:55,662|[TRACE] graph - -------> nonSkippedChar
2021-11-19T10:23:55,662|[TRACE] script - #out(`O`) [token]
2021-11-19T10:23:55,662|[TRACE] graph - <------- nonSkippedChar
2021-11-19T10:23:55,662|[TRACE] graph - <----- statementPart
2021-11-19T10:23:55,662|[TRACE] graph - -----> statementPart
2021-11-19T10:23:55,662|[TRACE] graph - -------> nonSkippedChar
2021-11-19T10:23:55,662|[TRACE] script - #out(`N`) [token]
2021-11-19T10:23:55,662|[TRACE] graph - <------- nonSkippedChar
2021-11-19T10:23:55,662|[TRACE] graph - <----- statementPart
2021-11-19T10:23:55,662|[TRACE] graph - -----> statementPart
2021-11-19T10:23:55,662|[TRACE] graph - -------> nonSkippedSpace
2021-11-19T10:23:55,662|[TRACE] script - #out(` `) [token]
2021-11-19T10:23:55,662|[TRACE] graph - <------- nonSkippedSpace
2021-11-19T10:23:55,662|[TRACE] graph - <----- statementPart
2021-11-19T10:23:55,662|[TRACE] graph - -----> statementPart
2021-11-19T10:23:55,662|[TRACE] graph - -------> nonSkippedChar
2021-11-19T10:23:55,662|[TRACE] script - #out(`U`) [token]
2021-11-19T10:23:55,662|[TRACE] graph - <------- nonSkippedChar
2021-11-19T10:23:55,662|[TRACE] graph - <----- statementPart
2021-11-19T10:23:55,662|[TRACE] graph - -----> statementPart
2021-11-19T10:23:55,662|[TRACE] graph - -------> nonSkippedChar
2021-11-19T10:23:55,662|[TRACE] script - #out(`P`) [token]
2021-11-19T10:23:55,662|[TRACE] graph - <------- nonSkippedChar
2021-11-19T10:23:55,662|[TRACE] graph - <----- statementPart
2021-11-19T10:23:55,662|[TRACE] graph - -----> statementPart
2021-11-19T10:23:55,662|[TRACE] graph - -------> nonSkippedChar
2021-11-19T10:23:55,662|[TRACE] script - #out(`D`) [token]
2021-11-19T10:23:55,662|[TRACE] graph - <------- nonSkippedChar
2021-11-19T10:23:55,662|[TRACE] graph - <----- statementPart
2021-11-19T10:23:55,662|[TRACE] graph - -----> statementPart
2021-11-19T10:23:55,662|[TRACE] graph - -------> nonSkippedChar
2021-11-19T10:23:55,662|[TRACE] script - #out(`A`) [token]
2021-11-19T10:23:55,662|[TRACE] graph - <------- nonSkippedChar
2021-11-19T10:23:55,662|[TRACE] graph - <----- statementPart
2021-11-19T10:23:55,662|[TRACE] graph - -----> statementPart
2021-11-19T10:23:55,662|[TRACE] graph - -------> nonSkippedChar
2021-11-19T10:23:55,662|[TRACE] script - #out(`T`) [token]
2021-11-19T10:23:55,662|[TRACE] graph - <------- nonSkippedChar
2021-11-19T10:23:55,662|[TRACE] graph - <----- statementPart
2021-11-19T10:23:55,662|[TRACE] graph - -----> statementPart
2021-11-19T10:23:55,662|[TRACE] graph - -------> nonSkippedChar
2021-11-19T10:23:55,662|[TRACE] script - #out(`E`) [token]
2021-11-19T10:23:55,662|[TRACE] graph - <------- nonSkippedChar
2021-11-19T10:23:55,662|[TRACE] graph - <----- statementPart
2021-11-19T10:23:55,662|[TRACE] graph - -----> statementPart
2021-11-19T10:23:55,662|[TRACE] graph - -------> nonSkippedSpace
2021-11-19T10:23:55,662|[TRACE] script - #out(` `) [token]
2021-11-19T10:23:55,662|[TRACE] graph - <------- nonSkippedSpace
2021-11-19T10:23:55,662|[TRACE] graph - <----- statementPart
2021-11-19T10:23:55,662|[TRACE] graph - -----> statementPart
2021-11-19T10:23:55,662|[TRACE] graph - -------> nonSkippedChar
2021-11-19T10:23:55,662|[TRACE] script - #out(`N`) [token]
2021-11-19T10:23:55,662|[TRACE] graph - <------- nonSkippedChar
2021-11-19T10:23:55,662|[TRACE] graph - <----- statementPart
2021-11-19T10:23:55,662|[TRACE] graph - -----> statementPart
2021-11-19T10:23:55,662|[TRACE] graph - -------> nonSkippedChar
2021-11-19T10:23:55,662|[TRACE] script - #out(`O`) [token]
2021-11-19T10:23:55,662|[TRACE] graph - <------- nonSkippedChar
2021-11-19T10:23:55,662|[TRACE] graph - <----- statementPart
2021-11-19T10:23:55,662|[TRACE] graph - -----> statementPart
2021-11-19T10:23:55,662|[TRACE] graph - -------> nonSkippedSpace
2021-11-19T10:23:55,662|[TRACE] script - #out(` `) [token]
2021-11-19T10:23:55,662|[TRACE] graph - <------- nonSkippedSpace
2021-11-19T10:23:55,662|[TRACE] graph - <----- statementPart
2021-11-19T10:23:55,662|[TRACE] graph - -----> statementPart
2021-11-19T10:23:55,662|[TRACE] graph - -------> nonSkippedChar
2021-11-19T10:23:55,662|[TRACE] script - #out(`A`) [token]
2021-11-19T10:23:55,662|[TRACE] graph - <------- nonSkippedChar
2021-11-19T10:23:55,662|[TRACE] graph - <----- statementPart
2021-11-19T10:23:55,662|[TRACE] graph - -----> statementPart
2021-11-19T10:23:55,662|[TRACE] graph - -------> nonSkippedChar
2021-11-19T10:23:55,662|[TRACE] script - #out(`C`) [token]
2021-11-19T10:23:55,662|[TRACE] graph - <------- nonSkippedChar
2021-11-19T10:23:55,662|[TRACE] graph - <----- statementPart
2021-11-19T10:23:55,662|[TRACE] graph - -----> statementPart
2021-11-19T10:23:55,662|[TRACE] graph - -------> nonSkippedChar
2021-11-19T10:23:55,662|[TRACE] script - #out(`T`) [token]
2021-11-19T10:23:55,662|[TRACE] graph - <------- nonSkippedChar
2021-11-19T10:23:55,662|[TRACE] graph - <----- statementPart
2021-11-19T10:23:55,662|[TRACE] graph - -----> statementPart
2021-11-19T10:23:55,662|[TRACE] graph - -------> nonSkippedChar
2021-11-19T10:23:55,662|[TRACE] script - #out(`I`) [token]
2021-11-19T10:23:55,662|[TRACE] graph - <------- nonSkippedChar
2021-11-19T10:23:55,662|[TRACE] graph - <----- statementPart
2021-11-19T10:23:55,662|[TRACE] graph - -----> statementPart
2021-11-19T10:23:55,662|[TRACE] graph - -------> nonSkippedChar
2021-11-19T10:23:55,662|[TRACE] script - #out(`O`) [token]
2021-11-19T10:23:55,662|[TRACE] graph - <------- nonSkippedChar
2021-11-19T10:23:55,662|[TRACE] graph - <----- statementPart
2021-11-19T10:23:55,662|[TRACE] graph - -----> statementPart
2021-11-19T10:23:55,662|[TRACE] graph - -------> nonSkippedChar
2021-11-19T10:23:55,662|[TRACE] script - #out(`N`) [token]
2021-11-19T10:23:55,662|[TRACE] graph - <------- nonSkippedChar
2021-11-19T10:23:55,662|[TRACE] graph - <----- statementPart
2021-11-19T10:23:55,662|[TRACE] graph - -----> statementPart
2021-11-19T10:23:55,662|[TRACE] graph - -------> nonSkippedChar
2021-11-19T10:23:55,662|[TRACE] script - #out(`,`) [token]
2021-11-19T10:23:55,662|[TRACE] graph - <------- nonSkippedChar
2021-11-19T10:23:55,662|[TRACE] graph - <----- statementPart
2021-11-19T10:23:55,662|[TRACE] graph - -----> afterStatementPartNewline
2021-11-19T10:23:55,662|[TRACE] script - #out(` `) [text]
2021-11-19T10:23:55,662|[TRACE] graph - <----- afterStatementPartNewline
2021-11-19T10:23:55,662|[TRACE] graph - -----> statementPart
2021-11-19T10:23:55,662|[TRACE] graph - -------> nonSkippedSpace
2021-11-19T10:23:55,662|[TRACE] script - #out(` `) [token]
2021-11-19T10:23:55,662|[TRACE] graph - <------- nonSkippedSpace
2021-11-19T10:23:55,662|[TRACE] graph - <----- statementPart
2021-11-19T10:23:55,662|[TRACE] graph - -----> statementPart
2021-11-19T10:23:55,662|[TRACE] graph - -------> nonSkippedSpace
2021-11-19T10:23:55,662|[TRACE] script - #out(` `) [token]
2021-11-19T10:23:55,662|[TRACE] graph - <------- nonSkippedSpace
2021-11-19T10:23:55,662|[TRACE] graph - <----- statementPart
2021-11-19T10:23:55,662|[TRACE] graph - -----> statementPart
2021-11-19T10:23:55,662|[TRACE] graph - -------> nonSkippedChar
2021-11-19T10:23:55,662|[TRACE] script - #out(`C`) [token]
2021-11-19T10:23:55,662|[TRACE] graph - <------- nonSkippedChar
2021-11-19T10:23:55,662|[TRACE] graph - <----- statementPart
2021-11-19T10:23:55,662|[TRACE] graph - -----> statementPart
2021-11-19T10:23:55,662|[TRACE] graph - -------> nonSkippedChar
2021-11-19T10:23:55,662|[TRACE] script - #out(`O`) [token]
2021-11-19T10:23:55,662|[TRACE] graph - <------- nonSkippedChar
2021-11-19T10:23:55,662|[TRACE] graph - <----- statementPart
2021-11-19T10:23:55,662|[TRACE] graph - -----> statementPart
2021-11-19T10:23:55,662|[TRACE] graph - -------> nonSkippedChar
2021-11-19T10:23:55,662|[TRACE] script - #out(`N`) [token]
2021-11-19T10:23:55,662|[TRACE] graph - <------- nonSkippedChar
2021-11-19T10:23:55,662|[TRACE] graph - <----- statementPart
2021-11-19T10:23:55,662|[TRACE] graph - -----> statementPart
2021-11-19T10:23:55,662|[TRACE] graph - -------> nonSkippedChar
2021-11-19T10:23:55,662|[TRACE] script - #out(`S`) [token]
2021-11-19T10:23:55,662|[TRACE] graph - <------- nonSkippedChar
2021-11-19T10:23:55,662|[TRACE] graph - <----- statementPart
2021-11-19T10:23:55,662|[TRACE] graph - -----> statementPart
2021-11-19T10:23:55,662|[TRACE] graph - -------> nonSkippedChar
2021-11-19T10:23:55,662|[TRACE] script - #out(`T`) [token]
2021-11-19T10:23:55,662|[TRACE] graph - <------- nonSkippedChar
2021-11-19T10:23:55,662|[TRACE] graph - <----- statementPart
2021-11-19T10:23:55,662|[TRACE] graph - -----> statementPart
2021-11-19T10:23:55,662|[TRACE] graph - -------> nonSkippedChar
2021-11-19T10:23:55,662|[TRACE] script - #out(`R`) [token]
2021-11-19T10:23:55,662|[TRACE] graph - <------- nonSkippedChar
2021-11-19T10:23:55,662|[TRACE] graph - <----- statementPart
2021-11-19T10:23:55,662|[TRACE] graph - -----> statementPart
2021-11-19T10:23:55,662|[TRACE] graph - -------> nonSkippedChar
2021-11-19T10:23:55,662|[TRACE] script - #out(`A`) [token]
2021-11-19T10:23:55,662|[TRACE] graph - <------- nonSkippedChar
2021-11-19T10:23:55,662|[TRACE] graph - <----- statementPart
2021-11-19T10:23:55,662|[TRACE] graph - -----> statementPart
2021-11-19T10:23:55,662|[TRACE] graph - -------> nonSkippedChar
2021-11-19T10:23:55,662|[TRACE] script - #out(`I`) [token]
2021-11-19T10:23:55,662|[TRACE] graph - <------- nonSkippedChar
2021-11-19T10:23:55,662|[TRACE] graph - <----- statementPart
2021-11-19T10:23:55,662|[TRACE] graph - -----> statementPart
2021-11-19T10:23:55,662|[TRACE] graph - -------> nonSkippedChar
2021-11-19T10:23:55,662|[TRACE] script - #out(`N`) [token]
2021-11-19T10:23:55,662|[TRACE] graph - <------- nonSkippedChar
2021-11-19T10:23:55,662|[TRACE] graph - <----- statementPart
2021-11-19T10:23:55,662|[TRACE] graph - -----> statementPart
2021-11-19T10:23:55,662|[TRACE] graph - -------> nonSkippedChar
2021-11-19T10:23:55,662|[TRACE] script - #out(`T`) [token]
2021-11-19T10:23:55,662|[TRACE] graph - <------- nonSkippedChar
2021-11-19T10:23:55,662|[TRACE] graph - <----- statementPart
2021-11-19T10:23:55,662|[TRACE] graph - -----> statementPart
2021-11-19T10:23:55,662|[TRACE] graph - -------> nonSkippedSpace
2021-11-19T10:23:55,662|[TRACE] script - #out(` `) [token]
2021-11-19T10:23:55,662|[TRACE] graph - <------- nonSkippedSpace
2021-11-19T10:23:55,662|[TRACE] graph - <----- statementPart
2021-11-19T10:23:55,662|[TRACE] graph - -----> statementPart
2021-11-19T10:23:55,662|[TRACE] graph - -------> quotedString
2021-11-19T10:23:55,662|[TRACE] script - #out(``fk_contact_person1``) [token]
2021-11-19T10:23:55,662|[TRACE] graph - <------- quotedString
2021-11-19T10:23:55,662|[TRACE] graph - <----- statementPart
2021-11-19T10:23:55,662|[TRACE] graph - -----> afterStatementPartNewline
2021-11-19T10:23:55,662|[TRACE] script - #out(` `) [text]
2021-11-19T10:23:55,662|[TRACE] graph - <----- afterStatementPartNewline
2021-11-19T10:23:55,662|[TRACE] graph - -----> statementPart
2021-11-19T10:23:55,662|[TRACE] graph - -------> nonSkippedSpace
2021-11-19T10:23:55,662|[TRACE] script - #out(` `) [token]
2021-11-19T10:23:55,662|[TRACE] graph - <------- nonSkippedSpace
2021-11-19T10:23:55,662|[TRACE] graph - <----- statementPart
2021-11-19T10:23:55,662|[TRACE] graph - -----> statementPart
2021-11-19T10:23:55,662|[TRACE] graph - -------> nonSkippedSpace
2021-11-19T10:23:55,662|[TRACE] script - #out(` `) [token]
2021-11-19T10:23:55,662|[TRACE] graph - <------- nonSkippedSpace
2021-11-19T10:23:55,662|[TRACE] graph - <----- statementPart
2021-11-19T10:23:55,662|[TRACE] graph - -----> statementPart
2021-11-19T10:23:55,662|[TRACE] graph - -------> nonSkippedSpace
2021-11-19T10:23:55,662|[TRACE] script - #out(` `) [token]
2021-11-19T10:23:55,662|[TRACE] graph - <------- nonSkippedSpace
2021-11-19T10:23:55,662|[TRACE] graph - <----- statementPart
2021-11-19T10:23:55,662|[TRACE] graph - -----> statementPart
2021-11-19T10:23:55,662|[TRACE] graph - -------> nonSkippedSpace
2021-11-19T10:23:55,662|[TRACE] script - #out(` `) [token]
2021-11-19T10:23:55,662|[TRACE] graph - <------- nonSkippedSpace
2021-11-19T10:23:55,662|[TRACE] graph - <----- statementPart
2021-11-19T10:23:55,662|[TRACE] graph - -----> statementPart
2021-11-19T10:23:55,662|[TRACE] graph - -------> nonSkippedChar
2021-11-19T10:23:55,662|[TRACE] script - #out(`F`) [token]
2021-11-19T10:23:55,662|[TRACE] graph - <------- nonSkippedChar
2021-11-19T10:23:55,662|[TRACE] graph - <----- statementPart
2021-11-19T10:23:55,662|[TRACE] graph - -----> statementPart
2021-11-19T10:23:55,662|[TRACE] graph - -------> nonSkippedChar
2021-11-19T10:23:55,662|[TRACE] script - #out(`O`) [token]
2021-11-19T10:23:55,662|[TRACE] graph - <------- nonSkippedChar
2021-11-19T10:23:55,662|[TRACE] graph - <----- statementPart
2021-11-19T10:23:55,662|[TRACE] graph - -----> statementPart
2021-11-19T10:23:55,662|[TRACE] graph - -------> nonSkippedChar
2021-11-19T10:23:55,662|[TRACE] script - #out(`R`) [token]
2021-11-19T10:23:55,662|[TRACE] graph - <------- nonSkippedChar
2021-11-19T10:23:55,662|[TRACE] graph - <----- statementPart
2021-11-19T10:23:55,662|[TRACE] graph - -----> statementPart
2021-11-19T10:23:55,662|[TRACE] graph - -------> nonSkippedChar
2021-11-19T10:23:55,662|[TRACE] script - #out(`E`) [token]
2021-11-19T10:23:55,662|[TRACE] graph - <------- nonSkippedChar
2021-11-19T10:23:55,662|[TRACE] graph - <----- statementPart
2021-11-19T10:23:55,662|[TRACE] graph - -----> statementPart
2021-11-19T10:23:55,662|[TRACE] graph - -------> nonSkippedChar
2021-11-19T10:23:55,662|[TRACE] script - #out(`I`) [token]
2021-11-19T10:23:55,662|[TRACE] graph - <------- nonSkippedChar
2021-11-19T10:23:55,662|[TRACE] graph - <----- statementPart
2021-11-19T10:23:55,662|[TRACE] graph - -----> statementPart
2021-11-19T10:23:55,662|[TRACE] graph - -------> nonSkippedChar
2021-11-19T10:23:55,662|[TRACE] script - #out(`G`) [token]
2021-11-19T10:23:55,662|[TRACE] graph - <------- nonSkippedChar
2021-11-19T10:23:55,662|[TRACE] graph - <----- statementPart
2021-11-19T10:23:55,662|[TRACE] graph - -----> statementPart
2021-11-19T10:23:55,662|[TRACE] graph - -------> nonSkippedChar
2021-11-19T10:23:55,662|[TRACE] script - #out(`N`) [token]
2021-11-19T10:23:55,662|[TRACE] graph - <------- nonSkippedChar
2021-11-19T10:23:55,662|[TRACE] graph - <----- statementPart
2021-11-19T10:23:55,662|[TRACE] graph - -----> statementPart
2021-11-19T10:23:55,662|[TRACE] graph - -------> nonSkippedSpace
2021-11-19T10:23:55,662|[TRACE] script - #out(` `) [token]
2021-11-19T10:23:55,662|[TRACE] graph - <------- nonSkippedSpace
2021-11-19T10:23:55,662|[TRACE] graph - <----- statementPart
2021-11-19T10:23:55,662|[TRACE] graph - -----> statementPart
2021-11-19T10:23:55,662|[TRACE] graph - -------> nonSkippedChar
2021-11-19T10:23:55,662|[TRACE] script - #out(`K`) [token]
2021-11-19T10:23:55,662|[TRACE] graph - <------- nonSkippedChar
2021-11-19T10:23:55,662|[TRACE] graph - <----- statementPart
2021-11-19T10:23:55,662|[TRACE] graph - -----> statementPart
2021-11-19T10:23:55,662|[TRACE] graph - -------> nonSkippedChar
2021-11-19T10:23:55,662|[TRACE] script - #out(`E`) [token]
2021-11-19T10:23:55,662|[TRACE] graph - <------- nonSkippedChar
2021-11-19T10:23:55,662|[TRACE] graph - <----- statementPart
2021-11-19T10:23:55,662|[TRACE] graph - -----> statementPart
2021-11-19T10:23:55,662|[TRACE] graph - -------> nonSkippedChar
2021-11-19T10:23:55,662|[TRACE] script - #out(`Y`) [token]
2021-11-19T10:23:55,662|[TRACE] graph - <------- nonSkippedChar
2021-11-19T10:23:55,662|[TRACE] graph - <----- statementPart
2021-11-19T10:23:55,662|[TRACE] graph - -----> statementPart
2021-11-19T10:23:55,662|[TRACE] graph - -------> nonSkippedSpace
2021-11-19T10:23:55,662|[TRACE] script - #out(` `) [token]
2021-11-19T10:23:55,662|[TRACE] graph - <------- nonSkippedSpace
2021-11-19T10:23:55,662|[TRACE] graph - <----- statementPart
2021-11-19T10:23:55,662|[TRACE] graph - -----> statementPart
2021-11-19T10:23:55,663|[TRACE] graph - -------> nonSkippedChar
2021-11-19T10:23:55,663|[TRACE] script - #out(`(`) [token]
2021-11-19T10:23:55,663|[TRACE] graph - <------- nonSkippedChar
2021-11-19T10:23:55,663|[TRACE] graph - <----- statementPart
2021-11-19T10:23:55,663|[TRACE] graph - -----> statementPart
2021-11-19T10:23:55,663|[TRACE] graph - -------> quotedString
2021-11-19T10:23:55,663|[TRACE] script - #out(``person_id``) [token]
2021-11-19T10:23:55,663|[TRACE] graph - <------- quotedString
2021-11-19T10:23:55,663|[TRACE] graph - <----- statementPart
2021-11-19T10:23:55,663|[TRACE] graph - -----> statementPart
2021-11-19T10:23:55,663|[TRACE] graph - -------> nonSkippedChar
2021-11-19T10:23:55,663|[TRACE] script - #out(`)`) [token]
2021-11-19T10:23:55,663|[TRACE] graph - <------- nonSkippedChar
2021-11-19T10:23:55,663|[TRACE] graph - <----- statementPart
2021-11-19T10:23:55,663|[TRACE] graph - -----> afterStatementPartNewline
2021-11-19T10:23:55,663|[TRACE] script - #out(` `) [text]
2021-11-19T10:23:55,663|[TRACE] graph - <----- afterStatementPartNewline
2021-11-19T10:23:55,663|[TRACE] graph - -----> statementPart
2021-11-19T10:23:55,663|[TRACE] graph - -------> nonSkippedSpace
2021-11-19T10:23:55,663|[TRACE] script - #out(` `) [token]
2021-11-19T10:23:55,663|[TRACE] graph - <------- nonSkippedSpace
2021-11-19T10:23:55,663|[TRACE] graph - <----- statementPart
2021-11-19T10:23:55,663|[TRACE] graph - -----> statementPart
2021-11-19T10:23:55,663|[TRACE] graph - -------> nonSkippedSpace
2021-11-19T10:23:55,663|[TRACE] script - #out(` `) [token]
2021-11-19T10:23:55,663|[TRACE] graph - <------- nonSkippedSpace
2021-11-19T10:23:55,663|[TRACE] graph - <----- statementPart
2021-11-19T10:23:55,663|[TRACE] graph - -----> statementPart
2021-11-19T10:23:55,663|[TRACE] graph - -------> nonSkippedSpace
2021-11-19T10:23:55,663|[TRACE] script - #out(` `) [token]
2021-11-19T10:23:55,663|[TRACE] graph - <------- nonSkippedSpace
2021-11-19T10:23:55,663|[TRACE] graph - <----- statementPart
2021-11-19T10:23:55,663|[TRACE] graph - -----> statementPart
2021-11-19T10:23:55,663|[TRACE] graph - -------> nonSkippedSpace
2021-11-19T10:23:55,663|[TRACE] script - #out(` `) [token]
2021-11-19T10:23:55,663|[TRACE] graph - <------- nonSkippedSpace
2021-11-19T10:23:55,663|[TRACE] graph - <----- statementPart
2021-11-19T10:23:55,663|[TRACE] graph - -----> statementPart
2021-11-19T10:23:55,663|[TRACE] graph - -------> nonSkippedChar
2021-11-19T10:23:55,663|[TRACE] script - #out(`R`) [token]
2021-11-19T10:23:55,663|[TRACE] graph - <------- nonSkippedChar
2021-11-19T10:23:55,663|[TRACE] graph - <----- statementPart
2021-11-19T10:23:55,663|[TRACE] graph - -----> statementPart
2021-11-19T10:23:55,663|[TRACE] graph - -------> nonSkippedChar
2021-11-19T10:23:55,663|[TRACE] script - #out(`E`) [token]
2021-11-19T10:23:55,663|[TRACE] graph - <------- nonSkippedChar
2021-11-19T10:23:55,663|[TRACE] graph - <----- statementPart
2021-11-19T10:23:55,663|[TRACE] graph - -----> statementPart
2021-11-19T10:23:55,663|[TRACE] graph - -------> nonSkippedChar
2021-11-19T10:23:55,663|[TRACE] script - #out(`F`) [token]
2021-11-19T10:23:55,663|[TRACE] graph - <------- nonSkippedChar
2021-11-19T10:23:55,663|[TRACE] graph - <----- statementPart
2021-11-19T10:23:55,663|[TRACE] graph - -----> statementPart
2021-11-19T10:23:55,663|[TRACE] graph - -------> nonSkippedChar
2021-11-19T10:23:55,663|[TRACE] script - #out(`E`) [token]
2021-11-19T10:23:55,663|[TRACE] graph - <------- nonSkippedChar
2021-11-19T10:23:55,663|[TRACE] graph - <----- statementPart
2021-11-19T10:23:55,663|[TRACE] graph - -----> statementPart
2021-11-19T10:23:55,663|[TRACE] graph - -------> nonSkippedChar
2021-11-19T10:23:55,663|[TRACE] script - #out(`R`) [token]
2021-11-19T10:23:55,663|[TRACE] graph - <------- nonSkippedChar
2021-11-19T10:23:55,663|[TRACE] graph - <----- statementPart
2021-11-19T10:23:55,663|[TRACE] graph - -----> statementPart
2021-11-19T10:23:55,663|[TRACE] graph - -------> nonSkippedChar
2021-11-19T10:23:55,663|[TRACE] script - #out(`E`) [token]
2021-11-19T10:23:55,663|[TRACE] graph - <------- nonSkippedChar
2021-11-19T10:23:55,663|[TRACE] graph - <----- statementPart
2021-11-19T10:23:55,663|[TRACE] graph - -----> statementPart
2021-11-19T10:23:55,663|[TRACE] graph - -------> nonSkippedChar
2021-11-19T10:23:55,663|[TRACE] script - #out(`N`) [token]
2021-11-19T10:23:55,726|[TRACE] graph - <------- nonSkippedChar
2021-11-19T10:23:55,727|[TRACE] graph - <----- statementPart
2021-11-19T10:23:55,727|[TRACE] graph - -----> statementPart
2021-11-19T10:23:55,727|[TRACE] graph - -------> nonSkippedChar
2021-11-19T10:23:55,727|[TRACE] script - #out(`C`) [token]
2021-11-19T10:23:55,727|[TRACE] graph - <------- nonSkippedChar
2021-11-19T10:23:55,727|[TRACE] graph - <----- statementPart
2021-11-19T10:23:55,727|[TRACE] graph - -----> statementPart
2021-11-19T10:23:55,727|[TRACE] graph - -------> nonSkippedChar
2021-11-19T10:23:55,727|[TRACE] script - #out(`E`) [token]
2021-11-19T10:23:55,727|[TRACE] graph - <------- nonSkippedChar
2021-11-19T10:23:55,727|[TRACE] graph - <----- statementPart
2021-11-19T10:23:55,727|[TRACE] graph - -----> statementPart
2021-11-19T10:23:55,727|[TRACE] graph - -------> nonSkippedChar
2021-11-19T10:23:55,727|[TRACE] script - #out(`S`) [token]
2021-11-19T10:23:55,727|[TRACE] graph - <------- nonSkippedChar
2021-11-19T10:23:55,727|[TRACE] graph - <----- statementPart
2021-11-19T10:23:55,727|[TRACE] graph - -----> statementPart
2021-11-19T10:23:55,727|[TRACE] graph - -------> nonSkippedSpace
2021-11-19T10:23:55,727|[TRACE] script - #out(` `) [token]
2021-11-19T10:23:55,727|[TRACE] graph - <------- nonSkippedSpace
2021-11-19T10:23:55,727|[TRACE] graph - <----- statementPart
2021-11-19T10:23:55,727|[TRACE] graph - -----> statementPart
2021-11-19T10:23:55,727|[TRACE] graph - -------> quotedString
2021-11-19T10:23:55,727|[TRACE] script - #out(``bloodbank``) [token]
2021-11-19T10:23:55,727|[TRACE] graph - <------- quotedString
2021-11-19T10:23:55,727|[TRACE] graph - <----- statementPart
2021-11-19T10:23:55,727|[TRACE] graph - -----> statementPart
2021-11-19T10:23:55,727|[TRACE] graph - -------> nonSkippedChar
2021-11-19T10:23:55,727|[TRACE] script - #out(`.`) [token]
2021-11-19T10:23:55,727|[TRACE] graph - <------- nonSkippedChar
2021-11-19T10:23:55,727|[TRACE] graph - <----- statementPart
2021-11-19T10:23:55,727|[TRACE] graph - -----> statementPart
2021-11-19T10:23:55,727|[TRACE] graph - -------> quotedString
2021-11-19T10:23:55,727|[TRACE] script - #out(``person``) [token]
2021-11-19T10:23:55,727|[TRACE] graph - <------- quotedString
2021-11-19T10:23:55,727|[TRACE] graph - <----- statementPart
2021-11-19T10:23:55,727|[TRACE] graph - -----> statementPart
2021-11-19T10:23:55,727|[TRACE] graph - -------> nonSkippedSpace
2021-11-19T10:23:55,727|[TRACE] script - #out(` `) [token]
2021-11-19T10:23:55,727|[TRACE] graph - <------- nonSkippedSpace
2021-11-19T10:23:55,727|[TRACE] graph - <----- statementPart
2021-11-19T10:23:55,727|[TRACE] graph - -----> statementPart
2021-11-19T10:23:55,727|[TRACE] graph - -------> nonSkippedChar
2021-11-19T10:23:55,727|[TRACE] script - #out(`(`) [token]
2021-11-19T10:23:55,727|[TRACE] graph - <------- nonSkippedChar
2021-11-19T10:23:55,727|[TRACE] graph - <----- statementPart
2021-11-19T10:23:55,727|[TRACE] graph - -----> statementPart
2021-11-19T10:23:55,727|[TRACE] graph - -------> quotedString
2021-11-19T10:23:55,727|[TRACE] script - #out(``id``) [token]
2021-11-19T10:23:55,727|[TRACE] graph - <------- quotedString
2021-11-19T10:23:55,727|[TRACE] graph - <----- statementPart
2021-11-19T10:23:55,727|[TRACE] graph - -----> statementPart
2021-11-19T10:23:55,727|[TRACE] graph - -------> nonSkippedChar
2021-11-19T10:23:55,727|[TRACE] script - #out(`)`) [token]
2021-11-19T10:23:55,727|[TRACE] graph - <------- nonSkippedChar
2021-11-19T10:23:55,727|[TRACE] graph - <----- statementPart
2021-11-19T10:23:55,727|[TRACE] graph - -----> afterStatementPartNewline
2021-11-19T10:23:55,727|[TRACE] script - #out(` `) [text]
2021-11-19T10:23:55,727|[TRACE] graph - <----- afterStatementPartNewline
2021-11-19T10:23:55,727|[TRACE] graph - -----> statementPart
2021-11-19T10:23:55,727|[TRACE] graph - -------> nonSkippedSpace
2021-11-19T10:23:55,727|[TRACE] script - #out(` `) [token]
2021-11-19T10:23:55,727|[TRACE] graph - <------- nonSkippedSpace
2021-11-19T10:23:55,727|[TRACE] graph - <----- statementPart
2021-11-19T10:23:55,727|[TRACE] graph - -----> statementPart
2021-11-19T10:23:55,727|[TRACE] graph - -------> nonSkippedSpace
2021-11-19T10:23:55,727|[TRACE] script - #out(` `) [token]
2021-11-19T10:23:55,727|[TRACE] graph - <------- nonSkippedSpace
2021-11-19T10:23:55,727|[TRACE] graph - <----- statementPart
2021-11-19T10:23:55,727|[TRACE] graph - -----> statementPart
2021-11-19T10:23:55,727|[TRACE] graph - -------> nonSkippedSpace
2021-11-19T10:23:55,727|[TRACE] script - #out(` `) [token]
2021-11-19T10:23:55,727|[TRACE] graph - <------- nonSkippedSpace
2021-11-19T10:23:55,727|[TRACE] graph - <----- statementPart
2021-11-19T10:23:55,727|[TRACE] graph - -----> statementPart
2021-11-19T10:23:55,727|[TRACE] graph - -------> nonSkippedSpace
2021-11-19T10:23:55,727|[TRACE] script - #out(` `) [token]
2021-11-19T10:23:55,727|[TRACE] graph - <------- nonSkippedSpace
2021-11-19T10:23:55,727|[TRACE] graph - <----- statementPart
2021-11-19T10:23:55,727|[TRACE] graph - -----> statementPart
2021-11-19T10:23:55,727|[TRACE] graph - -------> nonSkippedChar
2021-11-19T10:23:55,727|[TRACE] script - #out(`O`) [token]
2021-11-19T10:23:55,727|[TRACE] graph - <------- nonSkippedChar
2021-11-19T10:23:55,727|[TRACE] graph - <----- statementPart
2021-11-19T10:23:55,727|[TRACE] graph - -----> statementPart
2021-11-19T10:23:55,727|[TRACE] graph - -------> nonSkippedChar
2021-11-19T10:23:55,727|[TRACE] script - #out(`N`) [token]
2021-11-19T10:23:55,727|[TRACE] graph - <------- nonSkippedChar
2021-11-19T10:23:55,727|[TRACE] graph - <----- statementPart
2021-11-19T10:23:55,727|[TRACE] graph - -----> statementPart
2021-11-19T10:23:55,727|[TRACE] graph - -------> nonSkippedSpace
2021-11-19T10:23:55,727|[TRACE] script - #out(` `) [token]
2021-11-19T10:23:55,727|[TRACE] graph - <------- nonSkippedSpace
2021-11-19T10:23:55,727|[TRACE] graph - <----- statementPart
2021-11-19T10:23:55,727|[TRACE] graph - -----> statementPart
2021-11-19T10:23:55,727|[TRACE] graph - -------> nonSkippedChar
2021-11-19T10:23:55,727|[TRACE] script - #out(`D`) [token]
2021-11-19T10:23:55,727|[TRACE] graph - <------- nonSkippedChar
2021-11-19T10:23:55,727|[TRACE] graph - <----- statementPart
2021-11-19T10:23:55,727|[TRACE] graph - -----> statementPart
2021-11-19T10:23:55,727|[TRACE] graph - -------> nonSkippedChar
2021-11-19T10:23:55,727|[TRACE] script - #out(`E`) [token]
2021-11-19T10:23:55,727|[TRACE] graph - <------- nonSkippedChar
2021-11-19T10:23:55,727|[TRACE] graph - <----- statementPart
2021-11-19T10:23:55,727|[TRACE] graph - -----> statementPart
2021-11-19T10:23:55,727|[TRACE] graph - -------> nonSkippedChar
2021-11-19T10:23:55,727|[TRACE] script - #out(`L`) [token]
2021-11-19T10:23:55,727|[TRACE] graph - <------- nonSkippedChar
2021-11-19T10:23:55,727|[TRACE] graph - <----- statementPart
2021-11-19T10:23:55,727|[TRACE] graph - -----> statementPart
2021-11-19T10:23:55,727|[TRACE] graph - -------> nonSkippedChar
2021-11-19T10:23:55,727|[TRACE] script - #out(`E`) [token]
2021-11-19T10:23:55,727|[TRACE] graph - <------- nonSkippedChar
2021-11-19T10:23:55,727|[TRACE] graph - <----- statementPart
2021-11-19T10:23:55,727|[TRACE] graph - -----> statementPart
2021-11-19T10:23:55,727|[TRACE] graph - -------> nonSkippedChar
2021-11-19T10:23:55,727|[TRACE] script - #out(`T`) [token]
2021-11-19T10:23:55,727|[TRACE] graph - <------- nonSkippedChar
2021-11-19T10:23:55,727|[TRACE] graph - <----- statementPart
2021-11-19T10:23:55,727|[TRACE] graph - -----> statementPart
2021-11-19T10:23:55,727|[TRACE] graph - -------> nonSkippedChar
2021-11-19T10:23:55,727|[TRACE] script - #out(`E`) [token]
2021-11-19T10:23:55,727|[TRACE] graph - <------- nonSkippedChar
2021-11-19T10:23:55,727|[TRACE] graph - <----- statementPart
2021-11-19T10:23:55,727|[TRACE] graph - -----> statementPart
2021-11-19T10:23:55,727|[TRACE] graph - -------> nonSkippedSpace
2021-11-19T10:23:55,727|[TRACE] script - #out(` `) [token]
2021-11-19T10:23:55,727|[TRACE] graph - <------- nonSkippedSpace
2021-11-19T10:23:55,727|[TRACE] graph - <----- statementPart
2021-11-19T10:23:55,727|[TRACE] graph - -----> statementPart
2021-11-19T10:23:55,727|[TRACE] graph - -------> nonSkippedChar
2021-11-19T10:23:55,727|[TRACE] script - #out(`N`) [token]
2021-11-19T10:23:55,727|[TRACE] graph - <------- nonSkippedChar
2021-11-19T10:23:55,727|[TRACE] graph - <----- statementPart
2021-11-19T10:23:55,727|[TRACE] graph - -----> statementPart
2021-11-19T10:23:55,727|[TRACE] graph - -------> nonSkippedChar
2021-11-19T10:23:55,728|[TRACE] script - #out(`O`) [token]
2021-11-19T10:23:55,728|[TRACE] graph - <------- nonSkippedChar
2021-11-19T10:23:55,728|[TRACE] graph - <----- statementPart
2021-11-19T10:23:55,728|[TRACE] graph - -----> statementPart
2021-11-19T10:23:55,728|[TRACE] graph - -------> nonSkippedSpace
2021-11-19T10:23:55,728|[TRACE] script - #out(` `) [token]
2021-11-19T10:23:55,728|[TRACE] graph - <------- nonSkippedSpace
2021-11-19T10:23:55,728|[TRACE] graph - <----- statementPart
2021-11-19T10:23:55,728|[TRACE] graph - -----> statementPart
2021-11-19T10:23:55,728|[TRACE] graph - -------> nonSkippedChar
2021-11-19T10:23:55,728|[TRACE] script - #out(`A`) [token]
2021-11-19T10:23:55,728|[TRACE] graph - <------- nonSkippedChar
2021-11-19T10:23:55,728|[TRACE] graph - <----- statementPart
2021-11-19T10:23:55,728|[TRACE] graph - -----> statementPart
2021-11-19T10:23:55,728|[TRACE] graph - -------> nonSkippedChar
2021-11-19T10:23:55,728|[TRACE] script - #out(`C`) [token]
2021-11-19T10:23:55,728|[TRACE] graph - <------- nonSkippedChar
2021-11-19T10:23:55,728|[TRACE] graph - <----- statementPart
2021-11-19T10:23:55,728|[TRACE] graph - -----> statementPart
2021-11-19T10:23:55,728|[TRACE] graph - -------> nonSkippedChar
2021-11-19T10:23:55,728|[TRACE] script - #out(`T`) [token]
2021-11-19T10:23:55,728|[TRACE] graph - <------- nonSkippedChar
2021-11-19T10:23:55,728|[TRACE] graph - <----- statementPart
2021-11-19T10:23:55,728|[TRACE] graph - -----> statementPart
2021-11-19T10:23:55,728|[TRACE] graph - -------> nonSkippedChar
2021-11-19T10:23:55,728|[TRACE] script - #out(`I`) [token]
2021-11-19T10:23:55,728|[TRACE] graph - <------- nonSkippedChar
2021-11-19T10:23:55,728|[TRACE] graph - <----- statementPart
2021-11-19T10:23:55,728|[TRACE] graph - -----> statementPart
2021-11-19T10:23:55,728|[TRACE] graph - -------> nonSkippedChar
2021-11-19T10:23:55,728|[TRACE] script - #out(`O`) [token]
2021-11-19T10:23:55,728|[TRACE] graph - <------- nonSkippedChar
2021-11-19T10:23:55,728|[TRACE] graph - <----- statementPart
2021-11-19T10:23:55,728|[TRACE] graph - -----> statementPart
2021-11-19T10:23:55,728|[TRACE] graph - -------> nonSkippedChar
2021-11-19T10:23:55,728|[TRACE] script - #out(`N`) [token]
2021-11-19T10:23:55,728|[TRACE] graph - <------- nonSkippedChar
2021-11-19T10:23:55,728|[TRACE] graph - <----- statementPart
2021-11-19T10:23:55,728|[TRACE] graph - -----> afterStatementPartNewline
2021-11-19T10:23:55,728|[TRACE] script - #out(` `) [text]
2021-11-19T10:23:55,728|[TRACE] graph - <----- afterStatementPartNewline
2021-11-19T10:23:55,728|[TRACE] graph - -----> statementPart
2021-11-19T10:23:55,728|[TRACE] graph - -------> nonSkippedSpace
2021-11-19T10:23:55,728|[TRACE] script - #out(` `) [token]
2021-11-19T10:23:55,728|[TRACE] graph - <------- nonSkippedSpace
2021-11-19T10:23:55,728|[TRACE] graph - <----- statementPart
2021-11-19T10:23:55,728|[TRACE] graph - -----> statementPart
2021-11-19T10:23:55,728|[TRACE] graph - -------> nonSkippedSpace
2021-11-19T10:23:55,728|[TRACE] script - #out(` `) [token]
2021-11-19T10:23:55,728|[TRACE] graph - <------- nonSkippedSpace
2021-11-19T10:23:55,728|[TRACE] graph - <----- statementPart
2021-11-19T10:23:55,728|[TRACE] graph - -----> statementPart
2021-11-19T10:23:55,728|[TRACE] graph - -------> nonSkippedSpace
2021-11-19T10:23:55,728|[TRACE] script - #out(` `) [token]
2021-11-19T10:23:55,728|[TRACE] graph - <------- nonSkippedSpace
2021-11-19T10:23:55,728|[TRACE] graph - <----- statementPart
2021-11-19T10:23:55,728|[TRACE] graph - -----> statementPart
2021-11-19T10:23:55,728|[TRACE] graph - -------> nonSkippedSpace
2021-11-19T10:23:55,728|[TRACE] script - #out(` `) [token]
2021-11-19T10:23:55,728|[TRACE] graph - <------- nonSkippedSpace
2021-11-19T10:23:55,728|[TRACE] graph - <----- statementPart
2021-11-19T10:23:55,728|[TRACE] graph - -----> statementPart
2021-11-19T10:23:55,728|[TRACE] graph - -------> nonSkippedChar
2021-11-19T10:23:55,728|[TRACE] script - #out(`O`) [token]
2021-11-19T10:23:55,728|[TRACE] graph - <------- nonSkippedChar
2021-11-19T10:23:55,728|[TRACE] graph - <----- statementPart
2021-11-19T10:23:55,728|[TRACE] graph - -----> statementPart
2021-11-19T10:23:55,728|[TRACE] graph - -------> nonSkippedChar
2021-11-19T10:23:55,728|[TRACE] script - #out(`N`) [token]
2021-11-19T10:23:55,728|[TRACE] graph - <------- nonSkippedChar
2021-11-19T10:23:55,728|[TRACE] graph - <----- statementPart
2021-11-19T10:23:55,728|[TRACE] graph - -----> statementPart
2021-11-19T10:23:55,728|[TRACE] graph - -------> nonSkippedSpace
2021-11-19T10:23:55,728|[TRACE] script - #out(` `) [token]
2021-11-19T10:23:55,728|[TRACE] graph - <------- nonSkippedSpace
2021-11-19T10:23:55,728|[TRACE] graph - <----- statementPart
2021-11-19T10:23:55,728|[TRACE] graph - -----> statementPart
2021-11-19T10:23:55,728|[TRACE] graph - -------> nonSkippedChar
2021-11-19T10:23:55,728|[TRACE] script - #out(`U`) [token]
2021-11-19T10:23:55,728|[TRACE] graph - <------- nonSkippedChar
2021-11-19T10:23:55,728|[TRACE] graph - <----- statementPart
2021-11-19T10:23:55,728|[TRACE] graph - -----> statementPart
2021-11-19T10:23:55,728|[TRACE] graph - -------> nonSkippedChar
2021-11-19T10:23:55,728|[TRACE] script - #out(`P`) [token]
2021-11-19T10:23:55,728|[TRACE] graph - <------- nonSkippedChar
2021-11-19T10:23:55,728|[TRACE] graph - <----- statementPart
2021-11-19T10:23:55,728|[TRACE] graph - -----> statementPart
2021-11-19T10:23:55,728|[TRACE] graph - -------> nonSkippedChar
2021-11-19T10:23:55,728|[TRACE] script - #out(`D`) [token]
2021-11-19T10:23:55,728|[TRACE] graph - <------- nonSkippedChar
2021-11-19T10:23:55,728|[TRACE] graph - <----- statementPart
2021-11-19T10:23:55,728|[TRACE] graph - -----> statementPart
2021-11-19T10:23:55,728|[TRACE] graph - -------> nonSkippedChar
2021-11-19T10:23:55,728|[TRACE] script - #out(`A`) [token]
2021-11-19T10:23:55,728|[TRACE] graph - <------- nonSkippedChar
2021-11-19T10:23:55,728|[TRACE] graph - <----- statementPart
2021-11-19T10:23:55,728|[TRACE] graph - -----> statementPart
2021-11-19T10:23:55,728|[TRACE] graph - -------> nonSkippedChar
2021-11-19T10:23:55,728|[TRACE] script - #out(`T`) [token]
2021-11-19T10:23:55,728|[TRACE] graph - <------- nonSkippedChar
2021-11-19T10:23:55,728|[TRACE] graph - <----- statementPart
2021-11-19T10:23:55,728|[TRACE] graph - -----> statementPart
2021-11-19T10:23:55,728|[TRACE] graph - -------> nonSkippedChar
2021-11-19T10:23:55,728|[TRACE] script - #out(`E`) [token]
2021-11-19T10:23:55,728|[TRACE] graph - <------- nonSkippedChar
2021-11-19T10:23:55,728|[TRACE] graph - <----- statementPart
2021-11-19T10:23:55,728|[TRACE] graph - -----> statementPart
2021-11-19T10:23:55,728|[TRACE] graph - -------> nonSkippedSpace
2021-11-19T10:23:55,728|[TRACE] script - #out(` `) [token]
2021-11-19T10:23:55,728|[TRACE] graph - <------- nonSkippedSpace
2021-11-19T10:23:55,728|[TRACE] graph - <----- statementPart
2021-11-19T10:23:55,728|[TRACE] graph - -----> statementPart
2021-11-19T10:23:55,728|[TRACE] graph - -------> nonSkippedChar
2021-11-19T10:23:55,728|[TRACE] script - #out(`N`) [token]
2021-11-19T10:23:55,728|[TRACE] graph - <------- nonSkippedChar
2021-11-19T10:23:55,728|[TRACE] graph - <----- statementPart
2021-11-19T10:23:55,728|[TRACE] graph - -----> statementPart
2021-11-19T10:23:55,728|[TRACE] graph - -------> nonSkippedChar
2021-11-19T10:23:55,728|[TRACE] script - #out(`O`) [token]
2021-11-19T10:23:55,728|[TRACE] graph - <------- nonSkippedChar
2021-11-19T10:23:55,728|[TRACE] graph - <----- statementPart
2021-11-19T10:23:55,728|[TRACE] graph - -----> statementPart
2021-11-19T10:23:55,728|[TRACE] graph - -------> nonSkippedSpace
2021-11-19T10:23:55,728|[TRACE] script - #out(` `) [token]
2021-11-19T10:23:55,728|[TRACE] graph - <------- nonSkippedSpace
2021-11-19T10:23:55,728|[TRACE] graph - <----- statementPart
2021-11-19T10:23:55,728|[TRACE] graph - -----> statementPart
2021-11-19T10:23:55,728|[TRACE] graph - -------> nonSkippedChar
2021-11-19T10:23:55,728|[TRACE] script - #out(`A`) [token]
2021-11-19T10:23:55,728|[TRACE] graph - <------- nonSkippedChar
2021-11-19T10:23:55,728|[TRACE] graph - <----- statementPart
2021-11-19T10:23:55,728|[TRACE] graph - -----> statementPart
2021-11-19T10:23:55,728|[TRACE] graph - -------> nonSkippedChar
2021-11-19T10:23:55,728|[TRACE] script - #out(`C`) [token]
2021-11-19T10:23:55,728|[TRACE] graph - <------- nonSkippedChar
2021-11-19T10:23:55,728|[TRACE] graph - <----- statementPart
2021-11-19T10:23:55,728|[TRACE] graph - -----> statementPart
2021-11-19T10:23:55,728|[TRACE] graph - -------> nonSkippedChar
2021-11-19T10:23:55,728|[TRACE] script - #out(`T`) [token]
2021-11-19T10:23:55,728|[TRACE] graph - <------- nonSkippedChar
2021-11-19T10:23:55,728|[TRACE] graph - <----- statementPart
2021-11-19T10:23:55,728|[TRACE] graph - -----> statementPart
2021-11-19T10:23:55,728|[TRACE] graph - -------> nonSkippedChar
2021-11-19T10:23:55,728|[TRACE] script - #out(`I`) [token]
2021-11-19T10:23:55,728|[TRACE] graph - <------- nonSkippedChar
2021-11-19T10:23:55,728|[TRACE] graph - <----- statementPart
2021-11-19T10:23:55,728|[TRACE] graph - -----> statementPart
2021-11-19T10:23:55,728|[TRACE] graph - -------> nonSkippedChar
2021-11-19T10:23:55,728|[TRACE] script - #out(`O`) [token]
2021-11-19T10:23:55,728|[TRACE] graph - <------- nonSkippedChar
2021-11-19T10:23:55,728|[TRACE] graph - <----- statementPart
2021-11-19T10:23:55,728|[TRACE] graph - -----> statementPart
2021-11-19T10:23:55,728|[TRACE] graph - -------> nonSkippedChar
2021-11-19T10:23:55,728|[TRACE] script - #out(`N`) [token]
2021-11-19T10:23:55,728|[TRACE] graph - <------- nonSkippedChar
2021-11-19T10:23:55,728|[TRACE] graph - <----- statementPart
2021-11-19T10:23:55,728|[TRACE] graph - -----> statementPart
2021-11-19T10:23:55,728|[TRACE] graph - -------> nonSkippedChar
2021-11-19T10:23:55,728|[TRACE] script - #out(`)`) [token]
2021-11-19T10:23:55,728|[TRACE] graph - <------- nonSkippedChar
2021-11-19T10:23:55,728|[TRACE] graph - <----- statementPart
2021-11-19T10:23:55,728|[TRACE] graph - -----> afterStatementPartNewline
2021-11-19T10:23:55,728|[TRACE] script - #out(` `) [text]
2021-11-19T10:23:55,728|[TRACE] graph - <----- afterStatementPartNewline
2021-11-19T10:23:55,729|[TRACE] graph - -----> statementPart
2021-11-19T10:23:55,729|[TRACE] graph - -------> nonSkippedChar
2021-11-19T10:23:55,729|[TRACE] script - #out(`E`) [token]
2021-11-19T10:23:55,729|[TRACE] graph - <------- nonSkippedChar
2021-11-19T10:23:55,729|[TRACE] graph - <----- statementPart
2021-11-19T10:23:55,729|[TRACE] graph - -----> statementPart
2021-11-19T10:23:55,729|[TRACE] graph - -------> nonSkippedChar
2021-11-19T10:23:55,729|[TRACE] script - #out(`N`) [token]
2021-11-19T10:23:55,729|[TRACE] graph - <------- nonSkippedChar
2021-11-19T10:23:55,729|[TRACE] graph - <----- statementPart
2021-11-19T10:23:55,729|[TRACE] graph - -----> statementPart
2021-11-19T10:23:55,729|[TRACE] graph - -------> nonSkippedChar
2021-11-19T10:23:55,729|[TRACE] script - #out(`G`) [token]
2021-11-19T10:23:55,729|[TRACE] graph - <------- nonSkippedChar
2021-11-19T10:23:55,729|[TRACE] graph - <----- statementPart
2021-11-19T10:23:55,729|[TRACE] graph - -----> statementPart
2021-11-19T10:23:55,729|[TRACE] graph - -------> nonSkippedChar
2021-11-19T10:23:55,729|[TRACE] script - #out(`I`) [token]
2021-11-19T10:23:55,729|[TRACE] graph - <------- nonSkippedChar
2021-11-19T10:23:55,729|[TRACE] graph - <----- statementPart
2021-11-19T10:23:55,729|[TRACE] graph - -----> statementPart
2021-11-19T10:23:55,729|[TRACE] graph - -------> nonSkippedChar
2021-11-19T10:23:55,729|[TRACE] script - #out(`N`) [token]
2021-11-19T10:23:55,729|[TRACE] graph - <------- nonSkippedChar
2021-11-19T10:23:55,729|[TRACE] graph - <----- statementPart
2021-11-19T10:23:55,729|[TRACE] graph - -----> statementPart
2021-11-19T10:23:55,729|[TRACE] graph - -------> nonSkippedChar
2021-11-19T10:23:55,729|[TRACE] script - #out(`E`) [token]
2021-11-19T10:23:55,729|[TRACE] graph - <------- nonSkippedChar
2021-11-19T10:23:55,729|[TRACE] graph - <----- statementPart
2021-11-19T10:23:55,729|[TRACE] graph - -----> statementPart
2021-11-19T10:23:55,729|[TRACE] graph - -------> nonSkippedSpace
2021-11-19T10:23:55,729|[TRACE] script - #out(` `) [token]
2021-11-19T10:23:55,729|[TRACE] graph - <------- nonSkippedSpace
2021-11-19T10:23:55,729|[TRACE] graph - <----- statementPart
2021-11-19T10:23:55,729|[TRACE] graph - -----> statementPart
2021-11-19T10:23:55,729|[TRACE] graph - -------> nonSkippedChar
2021-11-19T10:23:55,729|[TRACE] script - #out(`=`) [token]
2021-11-19T10:23:55,729|[TRACE] graph - <------- nonSkippedChar
2021-11-19T10:23:55,729|[TRACE] graph - <----- statementPart
2021-11-19T10:23:55,729|[TRACE] graph - -----> statementPart
2021-11-19T10:23:55,729|[TRACE] graph - -------> nonSkippedSpace
2021-11-19T10:23:55,729|[TRACE] script - #out(` `) [token]
2021-11-19T10:23:55,729|[TRACE] graph - <------- nonSkippedSpace
2021-11-19T10:23:55,729|[TRACE] graph - <----- statementPart
2021-11-19T10:23:55,729|[TRACE] graph - -----> statementPart
2021-11-19T10:23:55,729|[TRACE] graph - -------> nonSkippedChar
2021-11-19T10:23:55,729|[TRACE] script - #out(`I`) [token]
2021-11-19T10:23:55,729|[TRACE] graph - <------- nonSkippedChar
2021-11-19T10:23:55,729|[TRACE] graph - <----- statementPart
2021-11-19T10:23:55,729|[TRACE] graph - -----> statementPart
2021-11-19T10:23:55,729|[TRACE] graph - -------> nonSkippedChar
2021-11-19T10:23:55,729|[TRACE] script - #out(`n`) [token]
2021-11-19T10:23:55,729|[TRACE] graph - <------- nonSkippedChar
2021-11-19T10:23:55,729|[TRACE] graph - <----- statementPart
2021-11-19T10:23:55,729|[TRACE] graph - -----> statementPart
2021-11-19T10:23:55,729|[TRACE] graph - -------> nonSkippedChar
2021-11-19T10:23:55,729|[TRACE] script - #out(`n`) [token]
2021-11-19T10:23:55,729|[TRACE] graph - <------- nonSkippedChar
2021-11-19T10:23:55,729|[TRACE] graph - <----- statementPart
2021-11-19T10:23:55,729|[TRACE] graph - -----> statementPart
2021-11-19T10:23:55,729|[TRACE] graph - -------> nonSkippedChar
2021-11-19T10:23:55,729|[TRACE] script - #out(`o`) [token]
2021-11-19T10:23:55,729|[TRACE] graph - <------- nonSkippedChar
2021-11-19T10:23:55,729|[TRACE] graph - <----- statementPart
2021-11-19T10:23:55,729|[TRACE] graph - -----> statementPart
2021-11-19T10:23:55,729|[TRACE] graph - -------> nonSkippedChar
2021-11-19T10:23:55,729|[TRACE] script - #out(`D`) [token]
2021-11-19T10:23:55,729|[TRACE] graph - <------- nonSkippedChar
2021-11-19T10:23:55,729|[TRACE] graph - <----- statementPart
2021-11-19T10:23:55,729|[TRACE] graph - -----> statementPart
2021-11-19T10:23:55,729|[TRACE] graph - -------> nonSkippedChar
2021-11-19T10:23:55,729|[TRACE] script - #out(`B`) [token]
2021-11-19T10:23:55,729|[TRACE] graph - <------- nonSkippedChar
2021-11-19T10:23:55,729|[TRACE] graph - <----- statementPart
2021-11-19T10:23:55,729|[DEBUG] graph - Import statement : CREATE TABLE IF NOT EXISTS `bloodbank`.`contact` (   `person_id` INT NOT NULL,   `phone_id` INT NOT NULL,   `contact_type` VARCHAR(10) NOT NULL,   `email` VARCHAR(100) NULL,   `address_id` INT NULL,   `created` BIGINT NOT NULL DEFAULT (unix_timestamp(now()) * 1000),   `updated` BIGINT NOT NULL DEFAULT (unix_timestamp(now()) * 1000),   `version` INT NOT NULL DEFAULT 1,   PRIMARY KEY (`person_id`, `phone_id`),   INDEX `fk_contact_phone1_idx` (`phone_id` ASC) VISIBLE,   INDEX `fk_contact_person1_idx` (`person_id` ASC) VISIBLE,   CONSTRAINT `fk_contact_address1`     FOREIGN KEY (`address_id`)     REFERENCES `bloodbank`.`address` (`address_id`)     ON DELETE NO ACTION     ON UPDATE NO ACTION,   CONSTRAINT `fk_contact_phone1`     FOREIGN KEY (`phone_id`)     REFERENCES `bloodbank`.`phone` (`phone_id`)     ON DELETE NO ACTION     ON UPDATE NO ACTION,   CONSTRAINT `fk_contact_person1`     FOREIGN KEY (`person_id`)     REFERENCES `bloodbank`.`person` (`id`)     ON DELETE NO ACTION     ON UPDATE NO ACTION) ENGINE = InnoDB
2021-11-19T10:23:55,729|[TRACE] graph - <--- statement
2021-11-19T10:23:55,729|[TRACE] graph - ---> blankSpacesToSkip
2021-11-19T10:23:55,729|[TRACE] graph - -----> newLineToSkip
2021-11-19T10:23:55,729|[TRACE] graph - <----- newLineToSkip
2021-11-19T10:23:55,729|[TRACE] graph - -----> newLineToSkip
2021-11-19T10:23:55,729|[TRACE] graph - <----- newLineToSkip
2021-11-19T10:23:55,729|[TRACE] graph - -----> newLineToSkip
2021-11-19T10:23:55,729|[TRACE] graph - <----- newLineToSkip
2021-11-19T10:23:55,729|[TRACE] graph - <--- blankSpacesToSkip
2021-11-19T10:23:55,729|[TRACE] graph - ---> statement
2021-11-19T10:23:55,729|[TRACE] graph - -----> statementFirstPart
2021-11-19T10:23:55,729|[TRACE] graph - -------> nonSkippedChar
2021-11-19T10:23:55,729|[TRACE] script - #out(`S`) [token]
2021-11-19T10:23:55,729|[TRACE] graph - <------- nonSkippedChar
2021-11-19T10:23:55,729|[TRACE] graph - <----- statementFirstPart
2021-11-19T10:23:55,729|[TRACE] graph - -----> statementPart
2021-11-19T10:23:55,729|[TRACE] graph - -------> nonSkippedChar
2021-11-19T10:23:55,729|[TRACE] script - #out(`E`) [token]
2021-11-19T10:23:55,729|[TRACE] graph - <------- nonSkippedChar
2021-11-19T10:23:55,729|[TRACE] graph - <----- statementPart
2021-11-19T10:23:55,729|[TRACE] graph - -----> statementPart
2021-11-19T10:23:55,729|[TRACE] graph - -------> nonSkippedChar
2021-11-19T10:23:55,729|[TRACE] script - #out(`T`) [token]
2021-11-19T10:23:55,729|[TRACE] graph - <------- nonSkippedChar
2021-11-19T10:23:55,729|[TRACE] graph - <----- statementPart
2021-11-19T10:23:55,729|[TRACE] graph - -----> statementPart
2021-11-19T10:23:55,729|[TRACE] graph - -------> nonSkippedSpace
2021-11-19T10:23:55,729|[TRACE] script - #out(` `) [token]
2021-11-19T10:23:55,729|[TRACE] graph - <------- nonSkippedSpace
2021-11-19T10:23:55,729|[TRACE] graph - <----- statementPart
2021-11-19T10:23:55,729|[TRACE] graph - -----> statementPart
2021-11-19T10:23:55,729|[TRACE] graph - -------> nonSkippedChar
2021-11-19T10:23:55,730|[TRACE] script - #out(`S`) [token]
2021-11-19T10:23:55,730|[TRACE] graph - <------- nonSkippedChar
2021-11-19T10:23:55,730|[TRACE] graph - <----- statementPart
2021-11-19T10:23:55,730|[TRACE] graph - -----> statementPart
2021-11-19T10:23:55,730|[TRACE] graph - -------> nonSkippedChar
2021-11-19T10:23:55,730|[TRACE] script - #out(`Q`) [token]
2021-11-19T10:23:55,730|[TRACE] graph - <------- nonSkippedChar
2021-11-19T10:23:55,730|[TRACE] graph - <----- statementPart
2021-11-19T10:23:55,730|[TRACE] graph - -----> statementPart
2021-11-19T10:23:55,730|[TRACE] graph - -------> nonSkippedChar
2021-11-19T10:23:55,730|[TRACE] script - #out(`L`) [token]
2021-11-19T10:23:55,730|[TRACE] graph - <------- nonSkippedChar
2021-11-19T10:23:55,730|[TRACE] graph - <----- statementPart
2021-11-19T10:23:55,730|[TRACE] graph - -----> statementPart
2021-11-19T10:23:55,730|[TRACE] graph - -------> nonSkippedChar
2021-11-19T10:23:55,730|[TRACE] script - #out(`_`) [token]
2021-11-19T10:23:55,730|[TRACE] graph - <------- nonSkippedChar
2021-11-19T10:23:55,730|[TRACE] graph - <----- statementPart
2021-11-19T10:23:55,730|[TRACE] graph - -----> statementPart
2021-11-19T10:23:55,730|[TRACE] graph - -------> nonSkippedChar
2021-11-19T10:23:55,730|[TRACE] script - #out(`M`) [token]
2021-11-19T10:23:55,730|[TRACE] graph - <------- nonSkippedChar
2021-11-19T10:23:55,730|[TRACE] graph - <----- statementPart
2021-11-19T10:23:55,730|[TRACE] graph - -----> statementPart
2021-11-19T10:23:55,730|[TRACE] graph - -------> nonSkippedChar
2021-11-19T10:23:55,730|[TRACE] script - #out(`O`) [token]
2021-11-19T10:23:55,730|[TRACE] graph - <------- nonSkippedChar
2021-11-19T10:23:55,730|[TRACE] graph - <----- statementPart
2021-11-19T10:23:55,730|[TRACE] graph - -----> statementPart
2021-11-19T10:23:55,730|[TRACE] graph - -------> nonSkippedChar
2021-11-19T10:23:55,730|[TRACE] script - #out(`D`) [token]
2021-11-19T10:23:55,730|[TRACE] graph - <------- nonSkippedChar
2021-11-19T10:23:55,730|[TRACE] graph - <----- statementPart
2021-11-19T10:23:55,730|[TRACE] graph - -----> statementPart
2021-11-19T10:23:55,730|[TRACE] graph - -------> nonSkippedChar
2021-11-19T10:23:55,730|[TRACE] script - #out(`E`) [token]
2021-11-19T10:23:55,730|[TRACE] graph - <------- nonSkippedChar
2021-11-19T10:23:55,730|[TRACE] graph - <----- statementPart
2021-11-19T10:23:55,730|[TRACE] graph - -----> statementPart
2021-11-19T10:23:55,730|[TRACE] graph - -------> nonSkippedChar
2021-11-19T10:23:55,730|[TRACE] script - #out(`=`) [token]
2021-11-19T10:23:55,730|[TRACE] graph - <------- nonSkippedChar
2021-11-19T10:23:55,730|[TRACE] graph - <----- statementPart
2021-11-19T10:23:55,730|[TRACE] graph - -----> statementPart
2021-11-19T10:23:55,730|[TRACE] graph - -------> nonSkippedChar
2021-11-19T10:23:55,730|[TRACE] script - #out(`@`) [token]
2021-11-19T10:23:55,785|[TRACE] graph - <------- nonSkippedChar
2021-11-19T10:23:55,785|[TRACE] graph - <----- statementPart
2021-11-19T10:23:55,785|[TRACE] graph - -----> statementPart
2021-11-19T10:23:55,785|[TRACE] graph - -------> nonSkippedChar
2021-11-19T10:23:55,785|[TRACE] script - #out(`O`) [token]
2021-11-19T10:23:55,785|[TRACE] graph - <------- nonSkippedChar
2021-11-19T10:23:55,785|[TRACE] graph - <----- statementPart
2021-11-19T10:23:55,785|[TRACE] graph - -----> statementPart
2021-11-19T10:23:55,785|[TRACE] graph - -------> nonSkippedChar
2021-11-19T10:23:55,785|[TRACE] script - #out(`L`) [token]
2021-11-19T10:23:55,785|[TRACE] graph - <------- nonSkippedChar
2021-11-19T10:23:55,785|[TRACE] graph - <----- statementPart
2021-11-19T10:23:55,785|[TRACE] graph - -----> statementPart
2021-11-19T10:23:55,785|[TRACE] graph - -------> nonSkippedChar
2021-11-19T10:23:55,785|[TRACE] script - #out(`D`) [token]
2021-11-19T10:23:55,785|[TRACE] graph - <------- nonSkippedChar
2021-11-19T10:23:55,785|[TRACE] graph - <----- statementPart
2021-11-19T10:23:55,785|[TRACE] graph - -----> statementPart
2021-11-19T10:23:55,785|[TRACE] graph - -------> nonSkippedChar
2021-11-19T10:23:55,785|[TRACE] script - #out(`_`) [token]
2021-11-19T10:23:55,785|[TRACE] graph - <------- nonSkippedChar
2021-11-19T10:23:55,785|[TRACE] graph - <----- statementPart
2021-11-19T10:23:55,785|[TRACE] graph - -----> statementPart
2021-11-19T10:23:55,785|[TRACE] graph - -------> nonSkippedChar
2021-11-19T10:23:55,785|[TRACE] script - #out(`S`) [token]
2021-11-19T10:23:55,785|[TRACE] graph - <------- nonSkippedChar
2021-11-19T10:23:55,785|[TRACE] graph - <----- statementPart
2021-11-19T10:23:55,785|[TRACE] graph - -----> statementPart
2021-11-19T10:23:55,785|[TRACE] graph - -------> nonSkippedChar
2021-11-19T10:23:55,785|[TRACE] script - #out(`Q`) [token]
2021-11-19T10:23:55,785|[TRACE] graph - <------- nonSkippedChar
2021-11-19T10:23:55,785|[TRACE] graph - <----- statementPart
2021-11-19T10:23:55,785|[TRACE] graph - -----> statementPart
2021-11-19T10:23:55,785|[TRACE] graph - -------> nonSkippedChar
2021-11-19T10:23:55,785|[TRACE] script - #out(`L`) [token]
2021-11-19T10:23:55,785|[TRACE] graph - <------- nonSkippedChar
2021-11-19T10:23:55,785|[TRACE] graph - <----- statementPart
2021-11-19T10:23:55,785|[TRACE] graph - -----> statementPart
2021-11-19T10:23:55,785|[TRACE] graph - -------> nonSkippedChar
2021-11-19T10:23:55,785|[TRACE] script - #out(`_`) [token]
2021-11-19T10:23:55,785|[TRACE] graph - <------- nonSkippedChar
2021-11-19T10:23:55,785|[TRACE] graph - <----- statementPart
2021-11-19T10:23:55,785|[TRACE] graph - -----> statementPart
2021-11-19T10:23:55,785|[TRACE] graph - -------> nonSkippedChar
2021-11-19T10:23:55,785|[TRACE] script - #out(`M`) [token]
2021-11-19T10:23:55,785|[TRACE] graph - <------- nonSkippedChar
2021-11-19T10:23:55,785|[TRACE] graph - <----- statementPart
2021-11-19T10:23:55,785|[TRACE] graph - -----> statementPart
2021-11-19T10:23:55,785|[TRACE] graph - -------> nonSkippedChar
2021-11-19T10:23:55,785|[TRACE] script - #out(`O`) [token]
2021-11-19T10:23:55,785|[TRACE] graph - <------- nonSkippedChar
2021-11-19T10:23:55,785|[TRACE] graph - <----- statementPart
2021-11-19T10:23:55,785|[TRACE] graph - -----> statementPart
2021-11-19T10:23:55,785|[TRACE] graph - -------> nonSkippedChar
2021-11-19T10:23:55,785|[TRACE] script - #out(`D`) [token]
2021-11-19T10:23:55,785|[TRACE] graph - <------- nonSkippedChar
2021-11-19T10:23:55,785|[TRACE] graph - <----- statementPart
2021-11-19T10:23:55,785|[TRACE] graph - -----> statementPart
2021-11-19T10:23:55,785|[TRACE] graph - -------> nonSkippedChar
2021-11-19T10:23:55,785|[TRACE] script - #out(`E`) [token]
2021-11-19T10:23:55,785|[TRACE] graph - <------- nonSkippedChar
2021-11-19T10:23:55,785|[TRACE] graph - <----- statementPart
2021-11-19T10:23:55,785|[DEBUG] graph - Import statement : SET SQL_MODE=@OLD_SQL_MODE
2021-11-19T10:23:55,785|[TRACE] graph - <--- statement
2021-11-19T10:23:55,785|[TRACE] graph - ---> blankSpacesToSkip
2021-11-19T10:23:55,786|[TRACE] graph - -----> newLineToSkip
2021-11-19T10:23:55,786|[TRACE] graph - <----- newLineToSkip
2021-11-19T10:23:55,786|[TRACE] graph - <--- blankSpacesToSkip
2021-11-19T10:23:55,786|[TRACE] graph - ---> statement
2021-11-19T10:23:55,786|[TRACE] graph - -----> statementFirstPart
2021-11-19T10:23:55,786|[TRACE] graph - -------> nonSkippedChar
2021-11-19T10:23:55,786|[TRACE] script - #out(`S`) [token]
2021-11-19T10:23:55,786|[TRACE] graph - <------- nonSkippedChar
2021-11-19T10:23:55,786|[TRACE] graph - <----- statementFirstPart
2021-11-19T10:23:55,786|[TRACE] graph - -----> statementPart
2021-11-19T10:23:55,786|[TRACE] graph - -------> nonSkippedChar
2021-11-19T10:23:55,786|[TRACE] script - #out(`E`) [token]
2021-11-19T10:23:55,786|[TRACE] graph - <------- nonSkippedChar
2021-11-19T10:23:55,786|[TRACE] graph - <----- statementPart
2021-11-19T10:23:55,786|[TRACE] graph - -----> statementPart
2021-11-19T10:23:55,786|[TRACE] graph - -------> nonSkippedChar
2021-11-19T10:23:55,786|[TRACE] script - #out(`T`) [token]
2021-11-19T10:23:55,786|[TRACE] graph - <------- nonSkippedChar
2021-11-19T10:23:55,786|[TRACE] graph - <----- statementPart
2021-11-19T10:23:55,786|[TRACE] graph - -----> statementPart
2021-11-19T10:23:55,786|[TRACE] graph - -------> nonSkippedSpace
2021-11-19T10:23:55,786|[TRACE] script - #out(` `) [token]
2021-11-19T10:23:55,786|[TRACE] graph - <------- nonSkippedSpace
2021-11-19T10:23:55,786|[TRACE] graph - <----- statementPart
2021-11-19T10:23:55,786|[TRACE] graph - -----> statementPart
2021-11-19T10:23:55,786|[TRACE] graph - -------> nonSkippedChar
2021-11-19T10:23:55,786|[TRACE] script - #out(`F`) [token]
2021-11-19T10:23:55,786|[TRACE] graph - <------- nonSkippedChar
2021-11-19T10:23:55,786|[TRACE] graph - <----- statementPart
2021-11-19T10:23:55,786|[TRACE] graph - -----> statementPart
2021-11-19T10:23:55,786|[TRACE] graph - -------> nonSkippedChar
2021-11-19T10:23:55,786|[TRACE] script - #out(`O`) [token]
2021-11-19T10:23:55,786|[TRACE] graph - <------- nonSkippedChar
2021-11-19T10:23:55,786|[TRACE] graph - <----- statementPart
2021-11-19T10:23:55,786|[TRACE] graph - -----> statementPart
2021-11-19T10:23:55,786|[TRACE] graph - -------> nonSkippedChar
2021-11-19T10:23:55,786|[TRACE] script - #out(`R`) [token]
2021-11-19T10:23:55,786|[TRACE] graph - <------- nonSkippedChar
2021-11-19T10:23:55,786|[TRACE] graph - <----- statementPart
2021-11-19T10:23:55,786|[TRACE] graph - -----> statementPart
2021-11-19T10:23:55,786|[TRACE] graph - -------> nonSkippedChar
2021-11-19T10:23:55,786|[TRACE] script - #out(`E`) [token]
2021-11-19T10:23:55,786|[TRACE] graph - <------- nonSkippedChar
2021-11-19T10:23:55,786|[TRACE] graph - <----- statementPart
2021-11-19T10:23:55,786|[TRACE] graph - -----> statementPart
2021-11-19T10:23:55,786|[TRACE] graph - -------> nonSkippedChar
2021-11-19T10:23:55,786|[TRACE] script - #out(`I`) [token]
2021-11-19T10:23:55,786|[TRACE] graph - <------- nonSkippedChar
2021-11-19T10:23:55,786|[TRACE] graph - <----- statementPart
2021-11-19T10:23:55,786|[TRACE] graph - -----> statementPart
2021-11-19T10:23:55,786|[TRACE] graph - -------> nonSkippedChar
2021-11-19T10:23:55,786|[TRACE] script - #out(`G`) [token]
2021-11-19T10:23:55,786|[TRACE] graph - <------- nonSkippedChar
2021-11-19T10:23:55,786|[TRACE] graph - <----- statementPart
2021-11-19T10:23:55,786|[TRACE] graph - -----> statementPart
2021-11-19T10:23:55,786|[TRACE] graph - -------> nonSkippedChar
2021-11-19T10:23:55,786|[TRACE] script - #out(`N`) [token]
2021-11-19T10:23:55,786|[TRACE] graph - <------- nonSkippedChar
2021-11-19T10:23:55,786|[TRACE] graph - <----- statementPart
2021-11-19T10:23:55,786|[TRACE] graph - -----> statementPart
2021-11-19T10:23:55,786|[TRACE] graph - -------> nonSkippedChar
2021-11-19T10:23:55,786|[TRACE] script - #out(`_`) [token]
2021-11-19T10:23:55,786|[TRACE] graph - <------- nonSkippedChar
2021-11-19T10:23:55,786|[TRACE] graph - <----- statementPart
2021-11-19T10:23:55,786|[TRACE] graph - -----> statementPart
2021-11-19T10:23:55,786|[TRACE] graph - -------> nonSkippedChar
2021-11-19T10:23:55,786|[TRACE] script - #out(`K`) [token]
2021-11-19T10:23:55,786|[TRACE] graph - <------- nonSkippedChar
2021-11-19T10:23:55,786|[TRACE] graph - <----- statementPart
2021-11-19T10:23:55,786|[TRACE] graph - -----> statementPart
2021-11-19T10:23:55,786|[TRACE] graph - -------> nonSkippedChar
2021-11-19T10:23:55,786|[TRACE] script - #out(`E`) [token]
2021-11-19T10:23:55,786|[TRACE] graph - <------- nonSkippedChar
2021-11-19T10:23:55,786|[TRACE] graph - <----- statementPart
2021-11-19T10:23:55,786|[TRACE] graph - -----> statementPart
2021-11-19T10:23:55,786|[TRACE] graph - -------> nonSkippedChar
2021-11-19T10:23:55,786|[TRACE] script - #out(`Y`) [token]
2021-11-19T10:23:55,786|[TRACE] graph - <------- nonSkippedChar
2021-11-19T10:23:55,786|[TRACE] graph - <----- statementPart
2021-11-19T10:23:55,786|[TRACE] graph - -----> statementPart
2021-11-19T10:23:55,786|[TRACE] graph - -------> nonSkippedChar
2021-11-19T10:23:55,786|[TRACE] script - #out(`_`) [token]
2021-11-19T10:23:55,786|[TRACE] graph - <------- nonSkippedChar
2021-11-19T10:23:55,786|[TRACE] graph - <----- statementPart
2021-11-19T10:23:55,786|[TRACE] graph - -----> statementPart
2021-11-19T10:23:55,786|[TRACE] graph - -------> nonSkippedChar
2021-11-19T10:23:55,786|[TRACE] script - #out(`C`) [token]
2021-11-19T10:23:55,786|[TRACE] graph - <------- nonSkippedChar
2021-11-19T10:23:55,786|[TRACE] graph - <----- statementPart
2021-11-19T10:23:55,786|[TRACE] graph - -----> statementPart
2021-11-19T10:23:55,786|[TRACE] graph - -------> nonSkippedChar
2021-11-19T10:23:55,786|[TRACE] script - #out(`H`) [token]
2021-11-19T10:23:55,786|[TRACE] graph - <------- nonSkippedChar
2021-11-19T10:23:55,786|[TRACE] graph - <----- statementPart
2021-11-19T10:23:55,786|[TRACE] graph - -----> statementPart
2021-11-19T10:23:55,786|[TRACE] graph - -------> nonSkippedChar
2021-11-19T10:23:55,786|[TRACE] script - #out(`E`) [token]
2021-11-19T10:23:55,786|[TRACE] graph - <------- nonSkippedChar
2021-11-19T10:23:55,786|[TRACE] graph - <----- statementPart
2021-11-19T10:23:55,786|[TRACE] graph - -----> statementPart
2021-11-19T10:23:55,786|[TRACE] graph - -------> nonSkippedChar
2021-11-19T10:23:55,786|[TRACE] script - #out(`C`) [token]
2021-11-19T10:23:55,786|[TRACE] graph - <------- nonSkippedChar
2021-11-19T10:23:55,786|[TRACE] graph - <----- statementPart
2021-11-19T10:23:55,786|[TRACE] graph - -----> statementPart
2021-11-19T10:23:55,786|[TRACE] graph - -------> nonSkippedChar
2021-11-19T10:23:55,786|[TRACE] script - #out(`K`) [token]
2021-11-19T10:23:55,786|[TRACE] graph - <------- nonSkippedChar
2021-11-19T10:23:55,786|[TRACE] graph - <----- statementPart
2021-11-19T10:23:55,786|[TRACE] graph - -----> statementPart
2021-11-19T10:23:55,786|[TRACE] graph - -------> nonSkippedChar
2021-11-19T10:23:55,786|[TRACE] script - #out(`S`) [token]
2021-11-19T10:23:55,786|[TRACE] graph - <------- nonSkippedChar
2021-11-19T10:23:55,786|[TRACE] graph - <----- statementPart
2021-11-19T10:23:55,786|[TRACE] graph - -----> statementPart
2021-11-19T10:23:55,786|[TRACE] graph - -------> nonSkippedChar
2021-11-19T10:23:55,786|[TRACE] script - #out(`=`) [token]
2021-11-19T10:23:55,786|[TRACE] graph - <------- nonSkippedChar
2021-11-19T10:23:55,786|[TRACE] graph - <----- statementPart
2021-11-19T10:23:55,786|[TRACE] graph - -----> statementPart
2021-11-19T10:23:55,786|[TRACE] graph - -------> nonSkippedChar
2021-11-19T10:23:55,786|[TRACE] script - #out(`@`) [token]
2021-11-19T10:23:55,786|[TRACE] graph - <------- nonSkippedChar
2021-11-19T10:23:55,786|[TRACE] graph - <----- statementPart
2021-11-19T10:23:55,786|[TRACE] graph - -----> statementPart
2021-11-19T10:23:55,786|[TRACE] graph - -------> nonSkippedChar
2021-11-19T10:23:55,786|[TRACE] script - #out(`O`) [token]
2021-11-19T10:23:55,786|[TRACE] graph - <------- nonSkippedChar
2021-11-19T10:23:55,786|[TRACE] graph - <----- statementPart
2021-11-19T10:23:55,786|[TRACE] graph - -----> statementPart
2021-11-19T10:23:55,786|[TRACE] graph - -------> nonSkippedChar
2021-11-19T10:23:55,786|[TRACE] script - #out(`L`) [token]
2021-11-19T10:23:55,786|[TRACE] graph - <------- nonSkippedChar
2021-11-19T10:23:55,786|[TRACE] graph - <----- statementPart
2021-11-19T10:23:55,786|[TRACE] graph - -----> statementPart
2021-11-19T10:23:55,786|[TRACE] graph - -------> nonSkippedChar
2021-11-19T10:23:55,786|[TRACE] script - #out(`D`) [token]
2021-11-19T10:23:55,786|[TRACE] graph - <------- nonSkippedChar
2021-11-19T10:23:55,786|[TRACE] graph - <----- statementPart
2021-11-19T10:23:55,786|[TRACE] graph - -----> statementPart
2021-11-19T10:23:55,786|[TRACE] graph - -------> nonSkippedChar
2021-11-19T10:23:55,786|[TRACE] script - #out(`_`) [token]
2021-11-19T10:23:55,786|[TRACE] graph - <------- nonSkippedChar
2021-11-19T10:23:55,786|[TRACE] graph - <----- statementPart
2021-11-19T10:23:55,786|[TRACE] graph - -----> statementPart
2021-11-19T10:23:55,786|[TRACE] graph - -------> nonSkippedChar
2021-11-19T10:23:55,786|[TRACE] script - #out(`F`) [token]
2021-11-19T10:23:55,786|[TRACE] graph - <------- nonSkippedChar
2021-11-19T10:23:55,786|[TRACE] graph - <----- statementPart
2021-11-19T10:23:55,786|[TRACE] graph - -----> statementPart
2021-11-19T10:23:55,786|[TRACE] graph - -------> nonSkippedChar
2021-11-19T10:23:55,786|[TRACE] script - #out(`O`) [token]
2021-11-19T10:23:55,786|[TRACE] graph - <------- nonSkippedChar
2021-11-19T10:23:55,786|[TRACE] graph - <----- statementPart
2021-11-19T10:23:55,786|[TRACE] graph - -----> statementPart
2021-11-19T10:23:55,786|[TRACE] graph - -------> nonSkippedChar
2021-11-19T10:23:55,786|[TRACE] script - #out(`R`) [token]
2021-11-19T10:23:55,786|[TRACE] graph - <------- nonSkippedChar
2021-11-19T10:23:55,786|[TRACE] graph - <----- statementPart
2021-11-19T10:23:55,786|[TRACE] graph - -----> statementPart
2021-11-19T10:23:55,786|[TRACE] graph - -------> nonSkippedChar
2021-11-19T10:23:55,786|[TRACE] script - #out(`E`) [token]
2021-11-19T10:23:55,786|[TRACE] graph - <------- nonSkippedChar
2021-11-19T10:23:55,786|[TRACE] graph - <----- statementPart
2021-11-19T10:23:55,786|[TRACE] graph - -----> statementPart
2021-11-19T10:23:55,786|[TRACE] graph - -------> nonSkippedChar
2021-11-19T10:23:55,786|[TRACE] script - #out(`I`) [token]
2021-11-19T10:23:55,786|[TRACE] graph - <------- nonSkippedChar
2021-11-19T10:23:55,786|[TRACE] graph - <----- statementPart
2021-11-19T10:23:55,786|[TRACE] graph - -----> statementPart
2021-11-19T10:23:55,786|[TRACE] graph - -------> nonSkippedChar
2021-11-19T10:23:55,786|[TRACE] script - #out(`G`) [token]
2021-11-19T10:23:55,786|[TRACE] graph - <------- nonSkippedChar
2021-11-19T10:23:55,786|[TRACE] graph - <----- statementPart
2021-11-19T10:23:55,786|[TRACE] graph - -----> statementPart
2021-11-19T10:23:55,786|[TRACE] graph - -------> nonSkippedChar
2021-11-19T10:23:55,786|[TRACE] script - #out(`N`) [token]
2021-11-19T10:23:55,786|[TRACE] graph - <------- nonSkippedChar
2021-11-19T10:23:55,786|[TRACE] graph - <----- statementPart
2021-11-19T10:23:55,786|[TRACE] graph - -----> statementPart
2021-11-19T10:23:55,786|[TRACE] graph - -------> nonSkippedChar
2021-11-19T10:23:55,786|[TRACE] script - #out(`_`) [token]
2021-11-19T10:23:55,786|[TRACE] graph - <------- nonSkippedChar
2021-11-19T10:23:55,786|[TRACE] graph - <----- statementPart
2021-11-19T10:23:55,786|[TRACE] graph - -----> statementPart
2021-11-19T10:23:55,786|[TRACE] graph - -------> nonSkippedChar
2021-11-19T10:23:55,786|[TRACE] script - #out(`K`) [token]
2021-11-19T10:23:55,786|[TRACE] graph - <------- nonSkippedChar
2021-11-19T10:23:55,786|[TRACE] graph - <----- statementPart
2021-11-19T10:23:55,786|[TRACE] graph - -----> statementPart
2021-11-19T10:23:55,786|[TRACE] graph - -------> nonSkippedChar
2021-11-19T10:23:55,786|[TRACE] script - #out(`E`) [token]
2021-11-19T10:23:55,786|[TRACE] graph - <------- nonSkippedChar
2021-11-19T10:23:55,786|[TRACE] graph - <----- statementPart
2021-11-19T10:23:55,786|[TRACE] graph - -----> statementPart
2021-11-19T10:23:55,786|[TRACE] graph - -------> nonSkippedChar
2021-11-19T10:23:55,786|[TRACE] script - #out(`Y`) [token]
2021-11-19T10:23:55,786|[TRACE] graph - <------- nonSkippedChar
2021-11-19T10:23:55,786|[TRACE] graph - <----- statementPart
2021-11-19T10:23:55,786|[TRACE] graph - -----> statementPart
2021-11-19T10:23:55,786|[TRACE] graph - -------> nonSkippedChar
2021-11-19T10:23:55,786|[TRACE] script - #out(`_`) [token]
2021-11-19T10:23:55,786|[TRACE] graph - <------- nonSkippedChar
2021-11-19T10:23:55,786|[TRACE] graph - <----- statementPart
2021-11-19T10:23:55,786|[TRACE] graph - -----> statementPart
2021-11-19T10:23:55,786|[TRACE] graph - -------> nonSkippedChar
2021-11-19T10:23:55,786|[TRACE] script - #out(`C`) [token]
2021-11-19T10:23:55,786|[TRACE] graph - <------- nonSkippedChar
2021-11-19T10:23:55,786|[TRACE] graph - <----- statementPart
2021-11-19T10:23:55,786|[TRACE] graph - -----> statementPart
2021-11-19T10:23:55,786|[TRACE] graph - -------> nonSkippedChar
2021-11-19T10:23:55,786|[TRACE] script - #out(`H`) [token]
2021-11-19T10:23:55,786|[TRACE] graph - <------- nonSkippedChar
2021-11-19T10:23:55,786|[TRACE] graph - <----- statementPart
2021-11-19T10:23:55,786|[TRACE] graph - -----> statementPart
2021-11-19T10:23:55,786|[TRACE] graph - -------> nonSkippedChar
2021-11-19T10:23:55,786|[TRACE] script - #out(`E`) [token]
2021-11-19T10:23:55,786|[TRACE] graph - <------- nonSkippedChar
2021-11-19T10:23:55,786|[TRACE] graph - <----- statementPart
2021-11-19T10:23:55,786|[TRACE] graph - -----> statementPart
2021-11-19T10:23:55,786|[TRACE] graph - -------> nonSkippedChar
2021-11-19T10:23:55,786|[TRACE] script - #out(`C`) [token]
2021-11-19T10:23:55,786|[TRACE] graph - <------- nonSkippedChar
2021-11-19T10:23:55,786|[TRACE] graph - <----- statementPart
2021-11-19T10:23:55,786|[TRACE] graph - -----> statementPart
2021-11-19T10:23:55,786|[TRACE] graph - -------> nonSkippedChar
2021-11-19T10:23:55,786|[TRACE] script - #out(`K`) [token]
2021-11-19T10:23:55,786|[TRACE] graph - <------- nonSkippedChar
2021-11-19T10:23:55,786|[TRACE] graph - <----- statementPart
2021-11-19T10:23:55,786|[TRACE] graph - -----> statementPart
2021-11-19T10:23:55,786|[TRACE] graph - -------> nonSkippedChar
2021-11-19T10:23:55,786|[TRACE] script - #out(`S`) [token]
2021-11-19T10:23:55,786|[TRACE] graph - <------- nonSkippedChar
2021-11-19T10:23:55,786|[TRACE] graph - <----- statementPart
2021-11-19T10:23:55,786|[DEBUG] graph - Import statement : SET FOREIGN_KEY_CHECKS=@OLD_FOREIGN_KEY_CHECKS
2021-11-19T10:23:55,786|[TRACE] graph - <--- statement
2021-11-19T10:23:55,786|[TRACE] graph - ---> blankSpacesToSkip
2021-11-19T10:23:55,786|[TRACE] graph - -----> newLineToSkip
2021-11-19T10:23:55,786|[TRACE] graph - <----- newLineToSkip
2021-11-19T10:23:55,786|[TRACE] graph - <--- blankSpacesToSkip
2021-11-19T10:23:55,786|[TRACE] graph - ---> statement
2021-11-19T10:23:55,786|[TRACE] graph - -----> statementFirstPart
2021-11-19T10:23:55,786|[TRACE] graph - -------> nonSkippedChar
2021-11-19T10:23:55,786|[TRACE] script - #out(`S`) [token]
2021-11-19T10:23:55,786|[TRACE] graph - <------- nonSkippedChar
2021-11-19T10:23:55,786|[TRACE] graph - <----- statementFirstPart
2021-11-19T10:23:55,786|[TRACE] graph - -----> statementPart
2021-11-19T10:23:55,786|[TRACE] graph - -------> nonSkippedChar
2021-11-19T10:23:55,786|[TRACE] script - #out(`E`) [token]
2021-11-19T10:23:55,786|[TRACE] graph - <------- nonSkippedChar
2021-11-19T10:23:55,786|[TRACE] graph - <----- statementPart
2021-11-19T10:23:55,786|[TRACE] graph - -----> statementPart
2021-11-19T10:23:55,786|[TRACE] graph - -------> nonSkippedChar
2021-11-19T10:23:55,786|[TRACE] script - #out(`T`) [token]
2021-11-19T10:23:55,786|[TRACE] graph - <------- nonSkippedChar
2021-11-19T10:23:55,786|[TRACE] graph - <----- statementPart
2021-11-19T10:23:55,786|[TRACE] graph - -----> statementPart
2021-11-19T10:23:55,786|[TRACE] graph - -------> nonSkippedSpace
2021-11-19T10:23:55,786|[TRACE] script - #out(` `) [token]
2021-11-19T10:23:55,786|[TRACE] graph - <------- nonSkippedSpace
2021-11-19T10:23:55,786|[TRACE] graph - <----- statementPart
2021-11-19T10:23:55,786|[TRACE] graph - -----> statementPart
2021-11-19T10:23:55,786|[TRACE] graph - -------> nonSkippedChar
2021-11-19T10:23:55,786|[TRACE] script - #out(`U`) [token]
2021-11-19T10:23:55,786|[TRACE] graph - <------- nonSkippedChar
2021-11-19T10:23:55,786|[TRACE] graph - <----- statementPart
2021-11-19T10:23:55,786|[TRACE] graph - -----> statementPart
2021-11-19T10:23:55,786|[TRACE] graph - -------> nonSkippedChar
2021-11-19T10:23:55,786|[TRACE] script - #out(`N`) [token]
2021-11-19T10:23:55,786|[TRACE] graph - <------- nonSkippedChar
2021-11-19T10:23:55,786|[TRACE] graph - <----- statementPart
2021-11-19T10:23:55,786|[TRACE] graph - -----> statementPart
2021-11-19T10:23:55,786|[TRACE] graph - -------> nonSkippedChar
2021-11-19T10:23:55,786|[TRACE] script - #out(`I`) [token]
2021-11-19T10:23:55,786|[TRACE] graph - <------- nonSkippedChar
2021-11-19T10:23:55,786|[TRACE] graph - <----- statementPart
2021-11-19T10:23:55,786|[TRACE] graph - -----> statementPart
2021-11-19T10:23:55,786|[TRACE] graph - -------> nonSkippedChar
2021-11-19T10:23:55,786|[TRACE] script - #out(`Q`) [token]
2021-11-19T10:23:55,786|[TRACE] graph - <------- nonSkippedChar
2021-11-19T10:23:55,786|[TRACE] graph - <----- statementPart
2021-11-19T10:23:55,786|[TRACE] graph - -----> statementPart
2021-11-19T10:23:55,786|[TRACE] graph - -------> nonSkippedChar
2021-11-19T10:23:55,786|[TRACE] script - #out(`U`) [token]
2021-11-19T10:23:55,786|[TRACE] graph - <------- nonSkippedChar
2021-11-19T10:23:55,787|[TRACE] graph - <----- statementPart
2021-11-19T10:23:55,787|[TRACE] graph - -----> statementPart
2021-11-19T10:23:55,787|[TRACE] graph - -------> nonSkippedChar
2021-11-19T10:23:55,787|[TRACE] script - #out(`E`) [token]
2021-11-19T10:23:55,787|[TRACE] graph - <------- nonSkippedChar
2021-11-19T10:23:55,787|[TRACE] graph - <----- statementPart
2021-11-19T10:23:55,787|[TRACE] graph - -----> statementPart
2021-11-19T10:23:55,787|[TRACE] graph - -------> nonSkippedChar
2021-11-19T10:23:55,787|[TRACE] script - #out(`_`) [token]
2021-11-19T10:23:55,787|[TRACE] graph - <------- nonSkippedChar
2021-11-19T10:23:55,787|[TRACE] graph - <----- statementPart
2021-11-19T10:23:55,787|[TRACE] graph - -----> statementPart
2021-11-19T10:23:55,787|[TRACE] graph - -------> nonSkippedChar
2021-11-19T10:23:55,787|[TRACE] script - #out(`C`) [token]
2021-11-19T10:23:55,787|[TRACE] graph - <------- nonSkippedChar
2021-11-19T10:23:55,787|[TRACE] graph - <----- statementPart
2021-11-19T10:23:55,787|[TRACE] graph - -----> statementPart
2021-11-19T10:23:55,787|[TRACE] graph - -------> nonSkippedChar
2021-11-19T10:23:55,787|[TRACE] script - #out(`H`) [token]
2021-11-19T10:23:55,787|[TRACE] graph - <------- nonSkippedChar
2021-11-19T10:23:55,787|[TRACE] graph - <----- statementPart
2021-11-19T10:23:55,787|[TRACE] graph - -----> statementPart
2021-11-19T10:23:55,787|[TRACE] graph - -------> nonSkippedChar
2021-11-19T10:23:55,787|[TRACE] script - #out(`E`) [token]
2021-11-19T10:23:55,787|[TRACE] graph - <------- nonSkippedChar
2021-11-19T10:23:55,787|[TRACE] graph - <----- statementPart
2021-11-19T10:23:55,787|[TRACE] graph - -----> statementPart
2021-11-19T10:23:55,787|[TRACE] graph - -------> nonSkippedChar
2021-11-19T10:23:55,787|[TRACE] script - #out(`C`) [token]
2021-11-19T10:23:55,787|[TRACE] graph - <------- nonSkippedChar
2021-11-19T10:23:55,787|[TRACE] graph - <----- statementPart
2021-11-19T10:23:55,787|[TRACE] graph - -----> statementPart
2021-11-19T10:23:55,787|[TRACE] graph - -------> nonSkippedChar
2021-11-19T10:23:55,787|[TRACE] script - #out(`K`) [token]
2021-11-19T10:23:55,787|[TRACE] graph - <------- nonSkippedChar
2021-11-19T10:23:55,787|[TRACE] graph - <----- statementPart
2021-11-19T10:23:55,787|[TRACE] graph - -----> statementPart
2021-11-19T10:23:55,787|[TRACE] graph - -------> nonSkippedChar
2021-11-19T10:23:55,787|[TRACE] script - #out(`S`) [token]
2021-11-19T10:23:55,787|[TRACE] graph - <------- nonSkippedChar
2021-11-19T10:23:55,787|[TRACE] graph - <----- statementPart
2021-11-19T10:23:55,787|[TRACE] graph - -----> statementPart
2021-11-19T10:23:55,787|[TRACE] graph - -------> nonSkippedChar
2021-11-19T10:23:55,787|[TRACE] script - #out(`=`) [token]
2021-11-19T10:23:55,787|[TRACE] graph - <------- nonSkippedChar
2021-11-19T10:23:55,787|[TRACE] graph - <----- statementPart
2021-11-19T10:23:55,787|[TRACE] graph - -----> statementPart
2021-11-19T10:23:55,787|[TRACE] graph - -------> nonSkippedChar
2021-11-19T10:23:55,787|[TRACE] script - #out(`@`) [token]
2021-11-19T10:23:55,787|[TRACE] graph - <------- nonSkippedChar
2021-11-19T10:23:55,787|[TRACE] graph - <----- statementPart
2021-11-19T10:23:55,787|[TRACE] graph - -----> statementPart
2021-11-19T10:23:55,787|[TRACE] graph - -------> nonSkippedChar
2021-11-19T10:23:55,787|[TRACE] script - #out(`O`) [token]
2021-11-19T10:23:55,787|[TRACE] graph - <------- nonSkippedChar
2021-11-19T10:23:55,787|[TRACE] graph - <----- statementPart
2021-11-19T10:23:55,787|[TRACE] graph - -----> statementPart
2021-11-19T10:23:55,787|[TRACE] graph - -------> nonSkippedChar
2021-11-19T10:23:55,787|[TRACE] script - #out(`L`) [token]
2021-11-19T10:23:55,787|[TRACE] graph - <------- nonSkippedChar
2021-11-19T10:23:55,787|[TRACE] graph - <----- statementPart
2021-11-19T10:23:55,787|[TRACE] graph - -----> statementPart
2021-11-19T10:23:55,787|[TRACE] graph - -------> nonSkippedChar
2021-11-19T10:23:55,787|[TRACE] script - #out(`D`) [token]
2021-11-19T10:23:55,787|[TRACE] graph - <------- nonSkippedChar
2021-11-19T10:23:55,787|[TRACE] graph - <----- statementPart
2021-11-19T10:23:55,787|[TRACE] graph - -----> statementPart
2021-11-19T10:23:55,787|[TRACE] graph - -------> nonSkippedChar
2021-11-19T10:23:55,787|[TRACE] script - #out(`_`) [token]
2021-11-19T10:23:55,787|[TRACE] graph - <------- nonSkippedChar
2021-11-19T10:23:55,787|[TRACE] graph - <----- statementPart
2021-11-19T10:23:55,787|[TRACE] graph - -----> statementPart
2021-11-19T10:23:55,787|[TRACE] graph - -------> nonSkippedChar
2021-11-19T10:23:55,787|[TRACE] script - #out(`U`) [token]
2021-11-19T10:23:55,787|[TRACE] graph - <------- nonSkippedChar
2021-11-19T10:23:55,787|[TRACE] graph - <----- statementPart
2021-11-19T10:23:55,787|[TRACE] graph - -----> statementPart
2021-11-19T10:23:55,787|[TRACE] graph - -------> nonSkippedChar
2021-11-19T10:23:55,787|[TRACE] script - #out(`N`) [token]
2021-11-19T10:23:55,787|[TRACE] graph - <------- nonSkippedChar
2021-11-19T10:23:55,787|[TRACE] graph - <----- statementPart
2021-11-19T10:23:55,787|[TRACE] graph - -----> statementPart
2021-11-19T10:23:55,787|[TRACE] graph - -------> nonSkippedChar
2021-11-19T10:23:55,787|[TRACE] script - #out(`I`) [token]
2021-11-19T10:23:55,787|[TRACE] graph - <------- nonSkippedChar
2021-11-19T10:23:55,787|[TRACE] graph - <----- statementPart
2021-11-19T10:23:55,787|[TRACE] graph - -----> statementPart
2021-11-19T10:23:55,787|[TRACE] graph - -------> nonSkippedChar
2021-11-19T10:23:55,787|[TRACE] script - #out(`Q`) [token]
2021-11-19T10:23:55,787|[TRACE] graph - <------- nonSkippedChar
2021-11-19T10:23:55,787|[TRACE] graph - <----- statementPart
2021-11-19T10:23:55,787|[TRACE] graph - -----> statementPart
2021-11-19T10:23:55,787|[TRACE] graph - -------> nonSkippedChar
2021-11-19T10:23:55,787|[TRACE] script - #out(`U`) [token]
2021-11-19T10:23:55,787|[TRACE] graph - <------- nonSkippedChar
2021-11-19T10:23:55,787|[TRACE] graph - <----- statementPart
2021-11-19T10:23:55,787|[TRACE] graph - -----> statementPart
2021-11-19T10:23:55,787|[TRACE] graph - -------> nonSkippedChar
2021-11-19T10:23:55,787|[TRACE] script - #out(`E`) [token]
2021-11-19T10:23:55,787|[TRACE] graph - <------- nonSkippedChar
2021-11-19T10:23:55,787|[TRACE] graph - <----- statementPart
2021-11-19T10:23:55,787|[TRACE] graph - -----> statementPart
2021-11-19T10:23:55,787|[TRACE] graph - -------> nonSkippedChar
2021-11-19T10:23:55,787|[TRACE] script - #out(`_`) [token]
2021-11-19T10:23:55,787|[TRACE] graph - <------- nonSkippedChar
2021-11-19T10:23:55,787|[TRACE] graph - <----- statementPart
2021-11-19T10:23:55,787|[TRACE] graph - -----> statementPart
2021-11-19T10:23:55,787|[TRACE] graph - -------> nonSkippedChar
2021-11-19T10:23:55,787|[TRACE] script - #out(`C`) [token]
2021-11-19T10:23:55,787|[TRACE] graph - <------- nonSkippedChar
2021-11-19T10:23:55,787|[TRACE] graph - <----- statementPart
2021-11-19T10:23:55,787|[TRACE] graph - -----> statementPart
2021-11-19T10:23:55,787|[TRACE] graph - -------> nonSkippedChar
2021-11-19T10:23:55,787|[TRACE] script - #out(`H`) [token]
2021-11-19T10:23:55,850|[TRACE] graph - <------- nonSkippedChar
2021-11-19T10:23:55,850|[TRACE] graph - <----- statementPart
2021-11-19T10:23:55,850|[TRACE] graph - -----> statementPart
2021-11-19T10:23:55,850|[TRACE] graph - -------> nonSkippedChar
2021-11-19T10:23:55,850|[TRACE] script - #out(`E`) [token]
2021-11-19T10:23:55,850|[TRACE] graph - <------- nonSkippedChar
2021-11-19T10:23:55,850|[TRACE] graph - <----- statementPart
2021-11-19T10:23:55,850|[TRACE] graph - -----> statementPart
2021-11-19T10:23:55,850|[TRACE] graph - -------> nonSkippedChar
2021-11-19T10:23:55,850|[TRACE] script - #out(`C`) [token]
2021-11-19T10:23:55,850|[TRACE] graph - <------- nonSkippedChar
2021-11-19T10:23:55,850|[TRACE] graph - <----- statementPart
2021-11-19T10:23:55,850|[TRACE] graph - -----> statementPart
2021-11-19T10:23:55,850|[TRACE] graph - -------> nonSkippedChar
2021-11-19T10:23:55,850|[TRACE] script - #out(`K`) [token]
2021-11-19T10:23:55,850|[TRACE] graph - <------- nonSkippedChar
2021-11-19T10:23:55,850|[TRACE] graph - <----- statementPart
2021-11-19T10:23:55,850|[TRACE] graph - -----> statementPart
2021-11-19T10:23:55,850|[TRACE] graph - -------> nonSkippedChar
2021-11-19T10:23:55,850|[TRACE] script - #out(`S`) [token]
2021-11-19T10:23:55,850|[TRACE] graph - <------- nonSkippedChar
2021-11-19T10:23:55,850|[TRACE] graph - <----- statementPart
2021-11-19T10:23:55,850|[DEBUG] graph - Import statement : SET UNIQUE_CHECKS=@OLD_UNIQUE_CHECKS
2021-11-19T10:23:55,850|[TRACE] graph - <--- statement
2021-11-19T10:23:55,850|[TRACE] graph - ---> blankSpacesToSkip
2021-11-19T10:23:55,850|[TRACE] graph - -----> newLineToSkip
2021-11-19T10:23:55,850|[TRACE] graph - <----- newLineToSkip
2021-11-19T10:23:55,850|[TRACE] graph - <--- blankSpacesToSkip
2021-11-19T10:23:55,850|[TRACE] graph - <- script
2021-11-19T10:23:55,850|[DEBUG] SQL - 
    
    SET @OLD_UNIQUE_CHECKS=@@UNIQUE_CHECKS, UNIQUE_CHECKS=0
2021-11-19T10:23:55,850|[INFO ] access - HHH10001501: Connection obtained from JdbcConnectionAccess [org.hibernate.engine.jdbc.env.internal.JdbcEnvironmentInitiator$ConnectionProviderJdbcConnectionAccess@48cbe1c9] for (non-JTA) DDL execution was not in auto-commit mode; the Connection 'local transaction' will be committed and the Connection will be set into auto-commit mode.
2021-11-19T10:23:55,851|[DEBUG] SQL - 
    
    SET @OLD_FOREIGN_KEY_CHECKS=@@FOREIGN_KEY_CHECKS, FOREIGN_KEY_CHECKS=0
2021-11-19T10:23:55,852|[DEBUG] SQL - 
    
    SET @OLD_SQL_MODE=@@SQL_MODE, SQL_MODE='ONLY_FULL_GROUP_BY,STRICT_TRANS_TABLES,NO_ZERO_IN_DATE,NO_ZERO_DATE,ERROR_FOR_DIVISION_BY_ZERO,NO_ENGINE_SUBSTITUTION'
2021-11-19T10:23:55,852|[DEBUG] SQL - CREATE SCHEMA IF NOT EXISTS `bloodbank` DEFAULT CHARACTER SET utf8mb4 COLLATE utf8mb4_0900_ai_ci
2021-11-19T10:23:55,857|[DEBUG] SQL - 
    
    USE `bloodbank`
2021-11-19T10:23:55,858|[DEBUG] SQL - 
    
    CREATE TABLE IF NOT EXISTS `bloodbank`.`person` (
          `id` INT NOT NULL AUTO_INCREMENT,
          `first_name` VARCHAR(50) NOT NULL,
          `last_name` VARCHAR(50) NOT NULL,
          `created` BIGINT NOT NULL DEFAULT (unix_timestamp(now()) * 1000),
          `updated` BIGINT NOT NULL DEFAULT (unix_timestamp(now()) * 1000),
          `version` INT NOT NULL DEFAULT '1',
          PRIMARY KEY (`id`)
    ) ENGINE = InnoDB DEFAULT CHARACTER SET = utf8mb4 COLLATE = utf8mb4_0900_ai_ci
2021-11-19T10:23:55,879|[DEBUG] SQL - 
    
    CREATE TABLE IF NOT EXISTS `bloodbank`.`blood_bank` (
          `bank_id` INT NOT NULL AUTO_INCREMENT,
          `name` VARCHAR(100) NOT NULL,
          `privately_owned` BIT(1) NOT NULL,
          `created` BIGINT NOT NULL DEFAULT (unix_timestamp(now()) * 1000),
          `updated` BIGINT NOT NULL DEFAULT (unix_timestamp(now()) * 1000),
          `version` INT NOT NULL DEFAULT 1,
          PRIMARY KEY (`bank_id`),
          UNIQUE INDEX `name_UNIQUE` (`name` ASC) VISIBLE
    ) ENGINE = InnoDB
2021-11-19T10:23:55,907|[DEBUG] SQL - 
    
    CREATE TABLE IF NOT EXISTS `bloodbank`.`blood_donation` (
          `donation_id` INT NOT NULL AUTO_INCREMENT,
          `bank_id` INT NOT NULL,
          `milliliters` INT NOT NULL,
          `blood_group` CHAR(2) NOT NULL,
          `rhd` BIT(1) NOT NULL,
          `created` BIGINT NOT NULL DEFAULT (unix_timestamp(now()) * 1000),
          `updated` BIGINT NOT NULL DEFAULT (unix_timestamp(now()) * 1000),
          `version` INT NOT NULL DEFAULT 1,
          PRIMARY KEY (`donation_id`),
          INDEX `fk_blood_donation_blood_bank1_idx` (`bank_id` ASC) VISIBLE,
          CONSTRAINT `fk_blood_donation_blood_bank1`     FOREIGN KEY (`bank_id`)     REFERENCES `bloodbank`.`blood_bank` (`bank_id`)     ON DELETE NO ACTION     ON UPDATE NO ACTION
    ) ENGINE = InnoDB
2021-11-19T10:23:55,948|[DEBUG] SQL - 
    
    CREATE TABLE IF NOT EXISTS `bloodbank`.`donation_record` (
          `record_id` INT NOT NULL AUTO_INCREMENT,
          `person_id` INT NOT NULL,
          `donation_id` INT NULL,
          `tested` BIT(1) NOT NULL,
          `created` BIGINT NOT NULL DEFAULT (unix_timestamp(now()) * 1000),
          `updated` BIGINT NOT NULL DEFAULT (unix_timestamp(now()) * 1000),
          `version` INT NOT NULL DEFAULT 1,
          INDEX `fk_donation_record_person1_idx` (`person_id` ASC) VISIBLE,
          INDEX `fk_donation_record_blood_donation1_idx` (`donation_id` ASC) VISIBLE,
          UNIQUE INDEX `record_id_UNIQUE` (`record_id` ASC) VISIBLE,
          PRIMARY KEY (`record_id`),
          CONSTRAINT `fk_donation_record_person1`     FOREIGN KEY (`person_id`)     REFERENCES `bloodbank`.`person` (`id`)     ON DELETE NO ACTION     ON UPDATE NO ACTION,
          CONSTRAINT `fk_donation_record_blood_donation1`     FOREIGN KEY (`donation_id`)     REFERENCES `bloodbank`.`blood_donation` (`donation_id`)     ON DELETE NO ACTION     ON UPDATE NO ACTION
    ) ENGINE = InnoDB
2021-11-19T10:23:55,994|[DEBUG] SQL - 
    
    CREATE TABLE IF NOT EXISTS `bloodbank`.`address` (
          `address_id` INT NOT NULL AUTO_INCREMENT,
          `street_number` VARCHAR(10) NOT NULL,
          `street` VARCHAR(100) NOT NULL,
          `city` VARCHAR(100) NOT NULL,
          `province` VARCHAR(100) NOT NULL,
          `country` VARCHAR(100) NOT NULL,
          `zipcode` VARCHAR(100) NOT NULL,
          `created` BIGINT NOT NULL DEFAULT (unix_timestamp(now()) * 1000),
          `updated` BIGINT NOT NULL DEFAULT (unix_timestamp(now()) * 1000),
          `version` INT NOT NULL DEFAULT 1,
          PRIMARY KEY (`address_id`)
    ) ENGINE = InnoDB
2021-11-19T10:23:56,019|[DEBUG] SQL - 
    
    CREATE TABLE IF NOT EXISTS `bloodbank`.`phone` (
          `phone_id` INT NOT NULL AUTO_INCREMENT,
          `country_code` VARCHAR(10) NOT NULL DEFAULT '1',
          `area_code` VARCHAR(10) NOT NULL,
          `number` VARCHAR(10) NOT NULL,
          `created` BIGINT NOT NULL DEFAULT (unix_timestamp(now()) * 1000),
          `updated` BIGINT NOT NULL DEFAULT (unix_timestamp(now()) * 1000),
          `version` INT NOT NULL DEFAULT 1,
          PRIMARY KEY (`phone_id`)
    ) ENGINE = InnoDB
2021-11-19T10:23:56,041|[DEBUG] SQL - 
    
    CREATE TABLE IF NOT EXISTS `bloodbank`.`contact` (
          `person_id` INT NOT NULL,
          `phone_id` INT NOT NULL,
          `contact_type` VARCHAR(10) NOT NULL,
          `email` VARCHAR(100) NULL,
          `address_id` INT NULL,
          `created` BIGINT NOT NULL DEFAULT (unix_timestamp(now()) * 1000),
          `updated` BIGINT NOT NULL DEFAULT (unix_timestamp(now()) * 1000),
          `version` INT NOT NULL DEFAULT 1,
          PRIMARY KEY (`person_id`, `phone_id`),
          INDEX `fk_contact_phone1_idx` (`phone_id` ASC) VISIBLE,
          INDEX `fk_contact_person1_idx` (`person_id` ASC) VISIBLE,
          CONSTRAINT `fk_contact_address1`     FOREIGN KEY (`address_id`)     REFERENCES `bloodbank`.`address` (`address_id`)     ON DELETE NO ACTION     ON UPDATE NO ACTION,
          CONSTRAINT `fk_contact_phone1`     FOREIGN KEY (`phone_id`)     REFERENCES `bloodbank`.`phone` (`phone_id`)     ON DELETE NO ACTION     ON UPDATE NO ACTION,
          CONSTRAINT `fk_contact_person1`     FOREIGN KEY (`person_id`)     REFERENCES `bloodbank`.`person` (`id`)     ON DELETE NO ACTION     ON UPDATE NO ACTION
    ) ENGINE = InnoDB
2021-11-19T10:23:56,089|[DEBUG] SQL - 
    
    SET SQL_MODE=@OLD_SQL_MODE
2021-11-19T10:23:56,090|[DEBUG] SQL - 
    
    SET FOREIGN_KEY_CHECKS=@OLD_FOREIGN_KEY_CHECKS
2021-11-19T10:23:56,091|[DEBUG] SQL - 
    
    SET UNIQUE_CHECKS=@OLD_UNIQUE_CHECKS
2021-11-19T10:23:56,092|[TRACE] AbstractServiceRegistryImpl - Initializing service [role=org.hibernate.engine.transaction.jta.platform.spi.JtaPlatform]
2021-11-19T10:23:56,092|[DEBUG] JtaPlatformInitiator - No JtaPlatform was specified, checking resolver
2021-11-19T10:23:56,092|[TRACE] AbstractServiceRegistryImpl - Initializing service [role=org.hibernate.engine.transaction.jta.platform.spi.JtaPlatformResolver]
2021-11-19T10:23:56,092|[DEBUG] JtaPlatformResolverInitiator - No JtaPlatformResolver was specified, using default [org.hibernate.engine.transaction.jta.platform.internal.StandardJtaPlatformResolver]
2021-11-19T10:23:56,096|[DEBUG] StandardJtaPlatformResolver - Could not resolve JtaPlatform, using default [org.hibernate.engine.transaction.jta.platform.internal.NoJtaPlatform]
2021-11-19T10:23:56,096|[INFO ] JtaPlatformInitiator - HHH000490: Using JtaPlatform implementation: [org.hibernate.engine.transaction.jta.platform.internal.NoJtaPlatform]
2021-11-19T10:23:56,096|[DEBUG] NamedQueryRepository - Checking 2 named HQL queries
2021-11-19T10:23:56,096|[DEBUG] NamedQueryRepository - Checking named query: Contact.findAll
2021-11-19T10:23:56,096|[TRACE] AbstractServiceRegistryImpl - Initializing service [role=org.hibernate.stat.spi.StatisticsImplementor]
2021-11-19T10:23:56,097|[DEBUG] StatisticsInitiator - Statistics initialized [enabled=false]
2021-11-19T10:23:56,097|[TRACE] AbstractServiceRegistryImpl - Initializing service [role=org.hibernate.jmx.spi.JmxService]
2021-11-19T10:23:56,097|[TRACE] QueryPlanCache - Unable to locate HQL query plan in cache; generating (SELECT c FROM Contact c)
2021-11-19T10:23:56,097|[TRACE] AbstractServiceRegistryImpl - Initializing service [role=org.hibernate.hql.spi.QueryTranslatorFactory]
2021-11-19T10:23:56,097|[DEBUG] QueryTranslatorFactoryInitiator - QueryTranslatorFactory: org.hibernate.hql.internal.ast.ASTQueryTranslatorFactory@38a96593
2021-11-19T10:23:56,097|[DEBUG] QueryTranslatorImpl - parse() - HQL: SELECT c FROM bloodbank.entity.Contact c
2021-11-19T10:23:56,097|[TRACE] HqlParser - -> statement
2021-11-19T10:23:56,097|[TRACE] HqlParser - ---> selectStatement
2021-11-19T10:23:56,097|[TRACE] HqlParser - -----> queryRule
2021-11-19T10:23:56,097|[TRACE] HqlParser - -------> selectFrom
2021-11-19T10:23:56,097|[TRACE] HqlParser - ---------> selectClause
2021-11-19T10:23:56,097|[TRACE] HqlParser - -----------> selectedPropertiesList
2021-11-19T10:23:56,097|[TRACE] HqlParser - -------------> aliasedExpression
2021-11-19T10:23:56,097|[TRACE] HqlParser - ---------------> expression
2021-11-19T10:23:56,097|[TRACE] HqlParser - -----------------> logicalOrExpression
2021-11-19T10:23:56,097|[TRACE] HqlParser - -------------------> logicalAndExpression
2021-11-19T10:23:56,097|[TRACE] HqlParser - ---------------------> negatedExpression
2021-11-19T10:23:56,097|[TRACE] HqlParser - -----------------------> equalityExpression
2021-11-19T10:23:56,097|[TRACE] HqlParser - -------------------------> relationalExpression
2021-11-19T10:23:56,097|[TRACE] HqlParser - ---------------------------> concatenation
2021-11-19T10:23:56,097|[TRACE] HqlParser - -----------------------------> additiveExpression
2021-11-19T10:23:56,097|[TRACE] HqlParser - -------------------------------> multiplyExpression
2021-11-19T10:23:56,097|[TRACE] HqlParser - ---------------------------------> unaryExpression
2021-11-19T10:23:56,097|[TRACE] HqlParser - -----------------------------------> atom
2021-11-19T10:23:56,097|[TRACE] HqlParser - -------------------------------------> primaryExpression
2021-11-19T10:23:56,097|[TRACE] HqlParser - ---------------------------------------> identPrimary
2021-11-19T10:23:56,097|[TRACE] HqlParser - -----------------------------------------> identPrimaryBase
2021-11-19T10:23:56,097|[TRACE] HqlParser - -------------------------------------------> identifier
2021-11-19T10:23:56,097|[TRACE] HqlParser - <------------------------------------------- identifier
2021-11-19T10:23:56,097|[TRACE] HqlParser - <----------------------------------------- identPrimaryBase
2021-11-19T10:23:56,097|[TRACE] HqlParser - <--------------------------------------- identPrimary
2021-11-19T10:23:56,097|[TRACE] HqlParser - <------------------------------------- primaryExpression
2021-11-19T10:23:56,097|[TRACE] HqlParser - <----------------------------------- atom
2021-11-19T10:23:56,097|[TRACE] HqlParser - <--------------------------------- unaryExpression
2021-11-19T10:23:56,097|[TRACE] HqlParser - <------------------------------- multiplyExpression
2021-11-19T10:23:56,097|[TRACE] HqlParser - <----------------------------- additiveExpression
2021-11-19T10:23:56,097|[TRACE] HqlParser - <--------------------------- concatenation
2021-11-19T10:23:56,097|[TRACE] HqlParser - <------------------------- relationalExpression
2021-11-19T10:23:56,097|[TRACE] HqlParser - <----------------------- equalityExpression
2021-11-19T10:23:56,097|[TRACE] HqlParser - <--------------------- negatedExpression
2021-11-19T10:23:56,097|[TRACE] HqlParser - <------------------- logicalAndExpression
2021-11-19T10:23:56,097|[TRACE] HqlParser - <----------------- logicalOrExpression
2021-11-19T10:23:56,097|[TRACE] HqlParser - <--------------- expression
2021-11-19T10:23:56,097|[TRACE] HqlParser - <------------- aliasedExpression
2021-11-19T10:23:56,097|[TRACE] HqlParser - <----------- selectedPropertiesList
2021-11-19T10:23:56,097|[TRACE] HqlParser - <--------- selectClause
2021-11-19T10:23:56,097|[TRACE] HqlParser - ---------> fromClause
2021-11-19T10:23:56,097|[TRACE] HqlParser - -----------> fromRange
2021-11-19T10:23:56,097|[TRACE] HqlParser - -------------> fromClassOrOuterQueryPath
2021-11-19T10:23:56,097|[TRACE] HqlParser - ---------------> path
2021-11-19T10:23:56,097|[TRACE] HqlParser - -----------------> identifier
2021-11-19T10:23:56,097|[TRACE] HqlParser - <----------------- identifier
2021-11-19T10:23:56,098|[TRACE] HqlParser - -----------------> identifier
2021-11-19T10:23:56,098|[TRACE] HqlParser - <----------------- identifier
2021-11-19T10:23:56,098|[TRACE] HqlParser - -----------------> identifier
2021-11-19T10:23:56,098|[TRACE] HqlParser - <----------------- identifier
2021-11-19T10:23:56,098|[TRACE] HqlParser - <--------------- path
2021-11-19T10:23:56,098|[TRACE] HqlParser - ---------------> asAlias
2021-11-19T10:23:56,098|[TRACE] HqlParser - -----------------> alias
2021-11-19T10:23:56,098|[TRACE] HqlParser - -------------------> identifier
2021-11-19T10:23:56,098|[TRACE] HqlParser - <------------------- identifier
2021-11-19T10:23:56,098|[TRACE] HqlParser - <----------------- alias
2021-11-19T10:23:56,098|[TRACE] HqlParser - <--------------- asAlias
2021-11-19T10:23:56,098|[TRACE] HqlParser - <------------- fromClassOrOuterQueryPath
2021-11-19T10:23:56,098|[TRACE] HqlParser - <----------- fromRange
2021-11-19T10:23:56,098|[TRACE] HqlParser - <--------- fromClause
2021-11-19T10:23:56,098|[TRACE] HqlParser - <------- selectFrom
2021-11-19T10:23:56,098|[TRACE] HqlParser - <----- queryRule
2021-11-19T10:23:56,098|[TRACE] HqlParser - <--- selectStatement
2021-11-19T10:23:56,098|[TRACE] HqlParser - <- statement
2021-11-19T10:23:56,098|[DEBUG] ErrorTracker - throwQueryException() : no errors
2021-11-19T10:23:56,098|[DEBUG] QueryTranslatorImpl - --- HQL AST ---
 \-[QUERY] Node: 'query'
    \-[SELECT_FROM] Node: 'SELECT_FROM'
       +-[FROM] Node: 'FROM'
       |  \-[RANGE] Node: 'RANGE'
       |     +-[DOT] Node: '.'
       |     |  +-[DOT] Node: '.'
       |     |  |  +-[IDENT] Node: 'bloodbank'
       |     |  |  \-[IDENT] Node: 'entity'
       |     |  \-[IDENT] Node: 'Contact'
       |     \-[ALIAS] Node: 'c'
       \-[SELECT] Node: 'SELECT'
          \-[IDENT] Node: 'c'

2021-11-19T10:23:56,098|[DEBUG] HqlSqlBaseWalker - select << begin [level=1, statement=select]
2021-11-19T10:23:56,098|[DEBUG] FromElement - FromClause{level=1} : bloodbank.entity.Contact (c) -> contact0_
2021-11-19T10:23:56,098|[DEBUG] FromReferenceNode - Resolved : c -> contact0_.person_id, contact0_.phone_id
2021-11-19T10:23:56,098|[DEBUG] HqlSqlBaseWalker - select : finishing up [level=1, statement=select]
2021-11-19T10:23:56,098|[DEBUG] HqlSqlWalker - processQuery() :  ( SELECT ( {select clause} contact0_.person_id, contact0_.phone_id ) ( FromClause{level=1} contact contact0_ ) )
2021-11-19T10:23:56,098|[DEBUG] JoinProcessor - Tables referenced from query nodes:
 \-QueryNode
    +-SelectClause
    | referencedTables(entity Contact): [contact]
    |  +-IdentNode
    |  | persister: SingleTableEntityPersister(bloodbank.entity.Contact)
    |  | originalText: c
    |  \-SqlFragment
    \-FromClause
       \-FromElement

2021-11-19T10:23:56,098|[DEBUG] JoinProcessor - Using FROM fragment [contact contact0_]
2021-11-19T10:23:56,098|[DEBUG] HqlSqlBaseWalker - select >> end [level=1, statement=select]
2021-11-19T10:23:56,099|[DEBUG] QueryTranslatorImpl - --- SQL AST ---
 \-[SELECT] QueryNode: 'SELECT'  querySpaces (contact)
    +-[SELECT_CLAUSE] SelectClause: '{select clause}'
    |  +-[ALIAS_REF] IdentNode: 'contact0_.person_id as person_i1_3_, contact0_.phone_id as phone_id2_3_' {alias=c, className=bloodbank.entity.Contact, tableAlias=contact0_}
    |  \-[SQL_TOKEN] SqlFragment: 'contact0_.created as created3_3_, contact0_.updated as updated4_3_, contact0_.version as version5_3_, contact0_.address_id as address_8_3_, contact0_.contact_type as contact_6_3_, contact0_.email as email7_3_'
    \-[FROM] FromClause: 'FROM' FromClause{level=1, fromElementCounter=1, fromElements=1, fromElementByClassAlias=[c], fromElementByTableAlias=[contact0_], fromElementsByPath=[], collectionJoinFromElementsByPath=[], impliedElements=[]}
       \-[FROM_FRAGMENT] FromElement: 'contact contact0_' FromElement{explicit,not a collection join,not a fetch join,fetch non-lazy properties,classAlias=c,role=null,tableName=contact,tableAlias=contact0_,origin=null,columns={,className=bloodbank.entity.Contact}}

2021-11-19T10:23:56,099|[DEBUG] ErrorTracker - throwQueryException() : no errors
2021-11-19T10:23:56,099|[DEBUG] QueryTranslatorImpl - HQL: SELECT c FROM bloodbank.entity.Contact c
2021-11-19T10:23:56,099|[DEBUG] QueryTranslatorImpl - SQL: select contact0_.person_id as person_i1_3_, contact0_.phone_id as phone_id2_3_, contact0_.created as created3_3_, contact0_.updated as updated4_3_, contact0_.version as version5_3_, contact0_.address_id as address_8_3_, contact0_.contact_type as contact_6_3_, contact0_.email as email7_3_ from contact contact0_
2021-11-19T10:23:56,099|[DEBUG] ErrorTracker - throwQueryException() : no errors
2021-11-19T10:23:56,099|[DEBUG] NamedQueryRepository - Checking named query: Address.findAll
2021-11-19T10:23:56,099|[TRACE] QueryPlanCache - Unable to locate HQL query plan in cache; generating (SELECT a FROM Address a)
2021-11-19T10:23:56,099|[DEBUG] QueryTranslatorImpl - parse() - HQL: SELECT a FROM bloodbank.entity.Address a
2021-11-19T10:23:56,099|[TRACE] HqlParser - -> statement
2021-11-19T10:23:56,099|[TRACE] HqlParser - ---> selectStatement
2021-11-19T10:23:56,099|[TRACE] HqlParser - -----> queryRule
2021-11-19T10:23:56,099|[TRACE] HqlParser - -------> selectFrom
2021-11-19T10:23:56,099|[TRACE] HqlParser - ---------> selectClause
2021-11-19T10:23:56,099|[TRACE] HqlParser - -----------> selectedPropertiesList
2021-11-19T10:23:56,099|[TRACE] HqlParser - -------------> aliasedExpression
2021-11-19T10:23:56,099|[TRACE] HqlParser - ---------------> expression
2021-11-19T10:23:56,099|[TRACE] HqlParser - -----------------> logicalOrExpression
2021-11-19T10:23:56,099|[TRACE] HqlParser - -------------------> logicalAndExpression
2021-11-19T10:23:56,099|[TRACE] HqlParser - ---------------------> negatedExpression
2021-11-19T10:23:56,099|[TRACE] HqlParser - -----------------------> equalityExpression
2021-11-19T10:23:56,099|[TRACE] HqlParser - -------------------------> relationalExpression
2021-11-19T10:23:56,099|[TRACE] HqlParser - ---------------------------> concatenation
2021-11-19T10:23:56,099|[TRACE] HqlParser - -----------------------------> additiveExpression
2021-11-19T10:23:56,099|[TRACE] HqlParser - -------------------------------> multiplyExpression
2021-11-19T10:23:56,099|[TRACE] HqlParser - ---------------------------------> unaryExpression
2021-11-19T10:23:56,099|[TRACE] HqlParser - -----------------------------------> atom
2021-11-19T10:23:56,099|[TRACE] HqlParser - -------------------------------------> primaryExpression
2021-11-19T10:23:56,099|[TRACE] HqlParser - ---------------------------------------> identPrimary
2021-11-19T10:23:56,099|[TRACE] HqlParser - -----------------------------------------> identPrimaryBase
2021-11-19T10:23:56,099|[TRACE] HqlParser - -------------------------------------------> identifier
2021-11-19T10:23:56,099|[TRACE] HqlParser - <------------------------------------------- identifier
2021-11-19T10:23:56,099|[TRACE] HqlParser - <----------------------------------------- identPrimaryBase
2021-11-19T10:23:56,099|[TRACE] HqlParser - <--------------------------------------- identPrimary
2021-11-19T10:23:56,099|[TRACE] HqlParser - <------------------------------------- primaryExpression
2021-11-19T10:23:56,099|[TRACE] HqlParser - <----------------------------------- atom
2021-11-19T10:23:56,099|[TRACE] HqlParser - <--------------------------------- unaryExpression
2021-11-19T10:23:56,099|[TRACE] HqlParser - <------------------------------- multiplyExpression
2021-11-19T10:23:56,099|[TRACE] HqlParser - <----------------------------- additiveExpression
2021-11-19T10:23:56,099|[TRACE] HqlParser - <--------------------------- concatenation
2021-11-19T10:23:56,099|[TRACE] HqlParser - <------------------------- relationalExpression
2021-11-19T10:23:56,099|[TRACE] HqlParser - <----------------------- equalityExpression
2021-11-19T10:23:56,099|[TRACE] HqlParser - <--------------------- negatedExpression
2021-11-19T10:23:56,099|[TRACE] HqlParser - <------------------- logicalAndExpression
2021-11-19T10:23:56,099|[TRACE] HqlParser - <----------------- logicalOrExpression
2021-11-19T10:23:56,099|[TRACE] HqlParser - <--------------- expression
2021-11-19T10:23:56,099|[TRACE] HqlParser - <------------- aliasedExpression
2021-11-19T10:23:56,099|[TRACE] HqlParser - <----------- selectedPropertiesList
2021-11-19T10:23:56,099|[TRACE] HqlParser - <--------- selectClause
2021-11-19T10:23:56,099|[TRACE] HqlParser - ---------> fromClause
2021-11-19T10:23:56,099|[TRACE] HqlParser - -----------> fromRange
2021-11-19T10:23:56,099|[TRACE] HqlParser - -------------> fromClassOrOuterQueryPath
2021-11-19T10:23:56,099|[TRACE] HqlParser - ---------------> path
2021-11-19T10:23:56,099|[TRACE] HqlParser - -----------------> identifier
2021-11-19T10:23:56,099|[TRACE] HqlParser - <----------------- identifier
2021-11-19T10:23:56,099|[TRACE] HqlParser - -----------------> identifier
2021-11-19T10:23:56,099|[TRACE] HqlParser - <----------------- identifier
2021-11-19T10:23:56,099|[TRACE] HqlParser - -----------------> identifier
2021-11-19T10:23:56,099|[TRACE] HqlParser - <----------------- identifier
2021-11-19T10:23:56,099|[TRACE] HqlParser - <--------------- path
2021-11-19T10:23:56,099|[TRACE] HqlParser - ---------------> asAlias
2021-11-19T10:23:56,099|[TRACE] HqlParser - -----------------> alias
2021-11-19T10:23:56,099|[TRACE] HqlParser - -------------------> identifier
2021-11-19T10:23:56,099|[TRACE] HqlParser - <------------------- identifier
2021-11-19T10:23:56,099|[TRACE] HqlParser - <----------------- alias
2021-11-19T10:23:56,099|[TRACE] HqlParser - <--------------- asAlias
2021-11-19T10:23:56,099|[TRACE] HqlParser - <------------- fromClassOrOuterQueryPath
2021-11-19T10:23:56,099|[TRACE] HqlParser - <----------- fromRange
2021-11-19T10:23:56,099|[TRACE] HqlParser - <--------- fromClause
2021-11-19T10:23:56,099|[TRACE] HqlParser - <------- selectFrom
2021-11-19T10:23:56,099|[TRACE] HqlParser - <----- queryRule
2021-11-19T10:23:56,099|[TRACE] HqlParser - <--- selectStatement
2021-11-19T10:23:56,099|[TRACE] HqlParser - <- statement
2021-11-19T10:23:56,099|[DEBUG] ErrorTracker - throwQueryException() : no errors
2021-11-19T10:23:56,099|[DEBUG] QueryTranslatorImpl - --- HQL AST ---
 \-[QUERY] Node: 'query'
    \-[SELECT_FROM] Node: 'SELECT_FROM'
       +-[FROM] Node: 'FROM'
       |  \-[RANGE] Node: 'RANGE'
       |     +-[DOT] Node: '.'
       |     |  +-[DOT] Node: '.'
       |     |  |  +-[IDENT] Node: 'bloodbank'
       |     |  |  \-[IDENT] Node: 'entity'
       |     |  \-[IDENT] Node: 'Address'
       |     \-[ALIAS] Node: 'a'
       \-[SELECT] Node: 'SELECT'
          \-[IDENT] Node: 'a'

2021-11-19T10:23:56,099|[DEBUG] HqlSqlBaseWalker - select << begin [level=1, statement=select]
2021-11-19T10:23:56,099|[DEBUG] FromElement - FromClause{level=1} : bloodbank.entity.Address (a) -> address0_
2021-11-19T10:23:56,100|[DEBUG] FromReferenceNode - Resolved : a -> address0_.address_id
2021-11-19T10:23:56,100|[DEBUG] HqlSqlBaseWalker - select : finishing up [level=1, statement=select]
2021-11-19T10:23:56,100|[DEBUG] HqlSqlWalker - processQuery() :  ( SELECT ( {select clause} address0_.address_id ) ( FromClause{level=1} address address0_ ) )
2021-11-19T10:23:56,100|[DEBUG] JoinProcessor - Tables referenced from query nodes:
 \-QueryNode
    +-SelectClause
    | referencedTables(entity Address): [address]
    |  +-IdentNode
    |  | persister: SingleTableEntityPersister(bloodbank.entity.Address)
    |  | originalText: a
    |  \-SqlFragment
    \-FromClause
       \-FromElement

2021-11-19T10:23:56,100|[DEBUG] JoinProcessor - Using FROM fragment [address address0_]
2021-11-19T10:23:56,100|[DEBUG] HqlSqlBaseWalker - select >> end [level=1, statement=select]
2021-11-19T10:23:56,100|[DEBUG] QueryTranslatorImpl - --- SQL AST ---
 \-[SELECT] QueryNode: 'SELECT'  querySpaces (address)
    +-[SELECT_CLAUSE] SelectClause: '{select clause}'
    |  +-[ALIAS_REF] IdentNode: 'address0_.address_id as address_1_0_' {alias=a, className=bloodbank.entity.Address, tableAlias=address0_}
    |  \-[SQL_TOKEN] SqlFragment: 'address0_.created as created2_0_, address0_.updated as updated3_0_, address0_.version as version4_0_, address0_.city as city5_0_, address0_.country as country6_0_, address0_.province as province7_0_, address0_.street as street8_0_, address0_.street_number as street_n9_0_, address0_.zipcode as zipcode10_0_'
    \-[FROM] FromClause: 'FROM' FromClause{level=1, fromElementCounter=1, fromElements=1, fromElementByClassAlias=[a], fromElementByTableAlias=[address0_], fromElementsByPath=[], collectionJoinFromElementsByPath=[], impliedElements=[]}
       \-[FROM_FRAGMENT] FromElement: 'address address0_' FromElement{explicit,not a collection join,not a fetch join,fetch non-lazy properties,classAlias=a,role=null,tableName=address,tableAlias=address0_,origin=null,columns={,className=bloodbank.entity.Address}}

2021-11-19T10:23:56,100|[DEBUG] ErrorTracker - throwQueryException() : no errors
2021-11-19T10:23:56,100|[DEBUG] QueryTranslatorImpl - HQL: SELECT a FROM bloodbank.entity.Address a
2021-11-19T10:23:56,100|[DEBUG] QueryTranslatorImpl - SQL: select address0_.address_id as address_1_0_, address0_.created as created2_0_, address0_.updated as updated3_0_, address0_.version as version4_0_, address0_.city as city5_0_, address0_.country as country6_0_, address0_.province as province7_0_, address0_.street as street8_0_, address0_.street_number as street_n9_0_, address0_.zipcode as zipcode10_0_ from address address0_
2021-11-19T10:23:56,100|[DEBUG] ErrorTracker - throwQueryException() : no errors
2021-11-19T10:23:56,100|[DEBUG] NamedQueryRepository - Checking 0 named SQL queries
2021-11-19T10:23:56,100|[TRACE] TypeConfiguration$Scope - Handling #sessionFactoryCreated from [org.hibernate.internal.SessionFactoryImpl@3adeca1f] for TypeConfiguration
2021-11-19T10:23:56,100|[TRACE] AbstractServiceRegistryImpl - Initializing service [role=org.hibernate.engine.jndi.spi.JndiService]
2021-11-19T10:23:56,100|[DEBUG] SessionFactoryRegistry - Registering SessionFactory: 7022301c-709b-4889-8cce-54a1d8356bd0 (<unnamed>)
2021-11-19T10:23:56,100|[DEBUG] SessionFactoryRegistry - Not binding SessionFactory to JNDI, no JNDI name configured
2021-11-19T10:23:56,100|[TRACE] SessionFactoryImpl$SessionBuilderImpl - Opening Hibernate Session.  tenant=null
2021-11-19T10:23:56,101|[TRACE] SessionImpl - Opened Session [ed3f56cb-7c3e-4842-8f17-cad9afd308b4] at timestamp: 1637335436100
2021-11-19T10:23:56,101|[DEBUG] TransactionImpl - On TransactionImpl creation, JpaCompliance#isJpaTransactionComplianceEnabled == false
2021-11-19T10:23:56,101|[DEBUG] TransactionImpl - begin
2021-11-19T10:23:56,101|[TRACE] AbstractLogicalConnectionImplementor - Preparing to begin transaction via JDBC Connection.setAutoCommit(false)
2021-11-19T10:23:56,101|[TRACE] AbstractLogicalConnectionImplementor - Transaction begun via JDBC Connection.setAutoCommit(false)
2021-11-19T10:23:56,101|[TRACE] JdbcResourceLocalTransactionCoordinatorImpl - ResourceLocalTransactionCoordinatorImpl#afterBeginCallback
2021-11-19T10:23:56,102|[TRACE] QueryPlanCache - Unable to locate HQL query plan in cache; generating (delete DonationRecord as generatedAlias0)
2021-11-19T10:23:56,102|[DEBUG] QueryTranslatorImpl - parse() - HQL: delete bloodbank.entity.DonationRecord as generatedAlias0
2021-11-19T10:23:56,102|[TRACE] HqlParser - -> statement
2021-11-19T10:23:56,102|[TRACE] HqlParser - ---> deleteStatement
2021-11-19T10:23:56,102|[TRACE] HqlParser - -----> optionalFromTokenFromClause
2021-11-19T10:23:56,102|[TRACE] HqlParser - -------> path
2021-11-19T10:23:56,102|[TRACE] HqlParser - ---------> identifier
2021-11-19T10:23:56,102|[TRACE] HqlParser - <--------- identifier
2021-11-19T10:23:56,102|[TRACE] HqlParser - ---------> identifier
2021-11-19T10:23:56,102|[TRACE] HqlParser - <--------- identifier
2021-11-19T10:23:56,102|[TRACE] HqlParser - ---------> identifier
2021-11-19T10:23:56,102|[TRACE] HqlParser - <--------- identifier
2021-11-19T10:23:56,102|[TRACE] HqlParser - <------- path
2021-11-19T10:23:56,102|[TRACE] HqlParser - -------> asAlias
2021-11-19T10:23:56,102|[TRACE] HqlParser - ---------> alias
2021-11-19T10:23:56,102|[TRACE] HqlParser - -----------> identifier
2021-11-19T10:23:56,102|[TRACE] HqlParser - <----------- identifier
2021-11-19T10:23:56,102|[TRACE] HqlParser - <--------- alias
2021-11-19T10:23:56,102|[TRACE] HqlParser - <------- asAlias
2021-11-19T10:23:56,102|[TRACE] HqlParser - <----- optionalFromTokenFromClause
2021-11-19T10:23:56,102|[TRACE] HqlParser - <--- deleteStatement
2021-11-19T10:23:56,102|[TRACE] HqlParser - <- statement
2021-11-19T10:23:56,102|[DEBUG] ErrorTracker - throwQueryException() : no errors
2021-11-19T10:23:56,102|[DEBUG] QueryTranslatorImpl - --- HQL AST ---
 \-[DELETE] Node: 'delete'
    \-[FROM] Node: 'FROM'
       \-[RANGE] Node: 'RANGE'
          +-[DOT] Node: '.'
          |  +-[DOT] Node: '.'
          |  |  +-[IDENT] Node: 'bloodbank'
          |  |  \-[IDENT] Node: 'entity'
          |  \-[IDENT] Node: 'DonationRecord'
          \-[ALIAS] Node: 'generatedAlias0'

2021-11-19T10:23:56,102|[DEBUG] HqlSqlBaseWalker - delete << begin [level=1, statement=delete]
2021-11-19T10:23:56,102|[DEBUG] FromElement - FromClause{level=1} : bloodbank.entity.DonationRecord (generatedAlias0) -> donationre0_
2021-11-19T10:23:56,102|[DEBUG] HqlSqlBaseWalker - delete : finishing up [level=1, statement=delete]
2021-11-19T10:23:56,102|[DEBUG] HqlSqlBaseWalker - delete >> end [level=1, statement=delete]
2021-11-19T10:23:56,102|[DEBUG] QueryTranslatorImpl - --- SQL AST ---
 \-[DELETE] DeleteStatement: 'delete'  querySpaces (donation_record)
    \-[FROM] FromClause: 'FROM' FromClause{level=1, fromElementCounter=1, fromElements=1, fromElementByClassAlias=[generatedAlias0], fromElementByTableAlias=[donationre0_], fromElementsByPath=[], collectionJoinFromElementsByPath=[], impliedElements=[]}
       \-[FROM_FRAGMENT] FromElement: 'donation_record' FromElement{explicit,not a collection join,not a fetch join,fetch non-lazy properties,classAlias=generatedAlias0,role=null,tableName=donation_record,tableAlias=donationre0_,origin=null,columns={,className=bloodbank.entity.DonationRecord}}

2021-11-19T10:23:56,102|[DEBUG] ErrorTracker - throwQueryException() : no errors
2021-11-19T10:23:56,102|[DEBUG] ErrorTracker - throwQueryException() : no errors
2021-11-19T10:23:56,103|[TRACE] QueryPlanCache - Located HQL query plan in cache (delete DonationRecord as generatedAlias0)
2021-11-19T10:23:56,103|[TRACE] HQLQueryPlan - Execute update: delete DonationRecord as generatedAlias0
2021-11-19T10:23:56,103|[TRACE] QueryParameters - Named parameters: {}
2021-11-19T10:23:56,103|[DEBUG] SQL - 
    /* delete DonationRecord as generatedAlias0 */ delete 
        from
            donation_record
2021-11-19T10:23:56,103|[TRACE] ResourceRegistryStandardImpl - Registering statement [com.mysql.cj.jdbc.ClientPreparedStatement: /* delete DonationRecord as generatedAlias0 */ delete from donation_record]
2021-11-19T10:23:56,104|[TRACE] ResourceRegistryStandardImpl - Releasing statement [com.mysql.cj.jdbc.ClientPreparedStatement: /* delete DonationRecord as generatedAlias0 */ delete from donation_record]
2021-11-19T10:23:56,104|[TRACE] ResourceRegistryStandardImpl - Closing prepared statement [com.mysql.cj.jdbc.ClientPreparedStatement: /* delete DonationRecord as generatedAlias0 */ delete from donation_record]
2021-11-19T10:23:56,104|[TRACE] JdbcCoordinatorImpl - Starting after statement execution processing [AFTER_TRANSACTION]
2021-11-19T10:23:56,104|[TRACE] QueryPlanCache - Unable to locate HQL query plan in cache; generating (delete BloodDonation as generatedAlias0)
2021-11-19T10:23:56,104|[DEBUG] QueryTranslatorImpl - parse() - HQL: delete bloodbank.entity.BloodDonation as generatedAlias0
2021-11-19T10:23:56,104|[TRACE] HqlParser - -> statement
2021-11-19T10:23:56,104|[TRACE] HqlParser - ---> deleteStatement
2021-11-19T10:23:56,104|[TRACE] HqlParser - -----> optionalFromTokenFromClause
2021-11-19T10:23:56,104|[TRACE] HqlParser - -------> path
2021-11-19T10:23:56,104|[TRACE] HqlParser - ---------> identifier
2021-11-19T10:23:56,104|[TRACE] HqlParser - <--------- identifier
2021-11-19T10:23:56,104|[TRACE] HqlParser - ---------> identifier
2021-11-19T10:23:56,104|[TRACE] HqlParser - <--------- identifier
2021-11-19T10:23:56,104|[TRACE] HqlParser - ---------> identifier
2021-11-19T10:23:56,104|[TRACE] HqlParser - <--------- identifier
2021-11-19T10:23:56,104|[TRACE] HqlParser - <------- path
2021-11-19T10:23:56,104|[TRACE] HqlParser - -------> asAlias
2021-11-19T10:23:56,104|[TRACE] HqlParser - ---------> alias
2021-11-19T10:23:56,104|[TRACE] HqlParser - -----------> identifier
2021-11-19T10:23:56,104|[TRACE] HqlParser - <----------- identifier
2021-11-19T10:23:56,104|[TRACE] HqlParser - <--------- alias
2021-11-19T10:23:56,104|[TRACE] HqlParser - <------- asAlias
2021-11-19T10:23:56,104|[TRACE] HqlParser - <----- optionalFromTokenFromClause
2021-11-19T10:23:56,104|[TRACE] HqlParser - <--- deleteStatement
2021-11-19T10:23:56,104|[TRACE] HqlParser - <- statement
2021-11-19T10:23:56,104|[DEBUG] ErrorTracker - throwQueryException() : no errors
2021-11-19T10:23:56,104|[DEBUG] QueryTranslatorImpl - --- HQL AST ---
 \-[DELETE] Node: 'delete'
    \-[FROM] Node: 'FROM'
       \-[RANGE] Node: 'RANGE'
          +-[DOT] Node: '.'
          |  +-[DOT] Node: '.'
          |  |  +-[IDENT] Node: 'bloodbank'
          |  |  \-[IDENT] Node: 'entity'
          |  \-[IDENT] Node: 'BloodDonation'
          \-[ALIAS] Node: 'generatedAlias0'

2021-11-19T10:23:56,104|[DEBUG] HqlSqlBaseWalker - delete << begin [level=1, statement=delete]
2021-11-19T10:23:56,104|[DEBUG] FromElement - FromClause{level=1} : bloodbank.entity.BloodDonation (generatedAlias0) -> blooddonat0_
2021-11-19T10:23:56,104|[DEBUG] HqlSqlBaseWalker - delete : finishing up [level=1, statement=delete]
2021-11-19T10:23:56,104|[DEBUG] HqlSqlBaseWalker - delete >> end [level=1, statement=delete]
2021-11-19T10:23:56,104|[DEBUG] QueryTranslatorImpl - --- SQL AST ---
 \-[DELETE] DeleteStatement: 'delete'  querySpaces (blood_donation)
    \-[FROM] FromClause: 'FROM' FromClause{level=1, fromElementCounter=1, fromElements=1, fromElementByClassAlias=[generatedAlias0], fromElementByTableAlias=[blooddonat0_], fromElementsByPath=[], collectionJoinFromElementsByPath=[], impliedElements=[]}
       \-[FROM_FRAGMENT] FromElement: 'blood_donation' FromElement{explicit,not a collection join,not a fetch join,fetch non-lazy properties,classAlias=generatedAlias0,role=null,tableName=blood_donation,tableAlias=blooddonat0_,origin=null,columns={,className=bloodbank.entity.BloodDonation}}

2021-11-19T10:23:56,104|[DEBUG] ErrorTracker - throwQueryException() : no errors
2021-11-19T10:23:56,104|[DEBUG] ErrorTracker - throwQueryException() : no errors
2021-11-19T10:23:56,104|[TRACE] QueryPlanCache - Located HQL query plan in cache (delete BloodDonation as generatedAlias0)
2021-11-19T10:23:56,104|[TRACE] HQLQueryPlan - Execute update: delete BloodDonation as generatedAlias0
2021-11-19T10:23:56,104|[TRACE] QueryParameters - Named parameters: {}
2021-11-19T10:23:56,105|[DEBUG] SQL - 
    /* delete BloodDonation as generatedAlias0 */ delete 
        from
            blood_donation
2021-11-19T10:23:56,105|[TRACE] ResourceRegistryStandardImpl - Registering statement [com.mysql.cj.jdbc.ClientPreparedStatement: /* delete BloodDonation as generatedAlias0 */ delete from blood_donation]
2021-11-19T10:23:56,107|[TRACE] ResourceRegistryStandardImpl - Releasing statement [com.mysql.cj.jdbc.ClientPreparedStatement: /* delete BloodDonation as generatedAlias0 */ delete from blood_donation]
2021-11-19T10:23:56,108|[TRACE] ResourceRegistryStandardImpl - Closing prepared statement [com.mysql.cj.jdbc.ClientPreparedStatement: /* delete BloodDonation as generatedAlias0 */ delete from blood_donation]
2021-11-19T10:23:56,108|[TRACE] JdbcCoordinatorImpl - Starting after statement execution processing [AFTER_TRANSACTION]
2021-11-19T10:23:56,108|[TRACE] QueryPlanCache - Unable to locate HQL query plan in cache; generating (delete BloodBank as generatedAlias0)
2021-11-19T10:23:56,108|[DEBUG] QueryTranslatorImpl - parse() - HQL: delete bloodbank.entity.BloodBank as generatedAlias0
2021-11-19T10:23:56,108|[TRACE] HqlParser - -> statement
2021-11-19T10:23:56,108|[TRACE] HqlParser - ---> deleteStatement
2021-11-19T10:23:56,108|[TRACE] HqlParser - -----> optionalFromTokenFromClause
2021-11-19T10:23:56,108|[TRACE] HqlParser - -------> path
2021-11-19T10:23:56,108|[TRACE] HqlParser - ---------> identifier
2021-11-19T10:23:56,108|[TRACE] HqlParser - <--------- identifier
2021-11-19T10:23:56,108|[TRACE] HqlParser - ---------> identifier
2021-11-19T10:23:56,108|[TRACE] HqlParser - <--------- identifier
2021-11-19T10:23:56,108|[TRACE] HqlParser - ---------> identifier
2021-11-19T10:23:56,108|[TRACE] HqlParser - <--------- identifier
2021-11-19T10:23:56,108|[TRACE] HqlParser - <------- path
2021-11-19T10:23:56,108|[TRACE] HqlParser - -------> asAlias
2021-11-19T10:23:56,108|[TRACE] HqlParser - ---------> alias
2021-11-19T10:23:56,108|[TRACE] HqlParser - -----------> identifier
2021-11-19T10:23:56,108|[TRACE] HqlParser - <----------- identifier
2021-11-19T10:23:56,108|[TRACE] HqlParser - <--------- alias
2021-11-19T10:23:56,108|[TRACE] HqlParser - <------- asAlias
2021-11-19T10:23:56,108|[TRACE] HqlParser - <----- optionalFromTokenFromClause
2021-11-19T10:23:56,108|[TRACE] HqlParser - <--- deleteStatement
2021-11-19T10:23:56,108|[TRACE] HqlParser - <- statement
2021-11-19T10:23:56,108|[DEBUG] ErrorTracker - throwQueryException() : no errors
2021-11-19T10:23:56,108|[DEBUG] QueryTranslatorImpl - --- HQL AST ---
 \-[DELETE] Node: 'delete'
    \-[FROM] Node: 'FROM'
       \-[RANGE] Node: 'RANGE'
          +-[DOT] Node: '.'
          |  +-[DOT] Node: '.'
          |  |  +-[IDENT] Node: 'bloodbank'
          |  |  \-[IDENT] Node: 'entity'
          |  \-[IDENT] Node: 'BloodBank'
          \-[ALIAS] Node: 'generatedAlias0'

2021-11-19T10:23:56,108|[DEBUG] HqlSqlBaseWalker - delete << begin [level=1, statement=delete]
2021-11-19T10:23:56,108|[DEBUG] FromElement - FromClause{level=1} : bloodbank.entity.BloodBank (generatedAlias0) -> bloodbank0_
2021-11-19T10:23:56,108|[DEBUG] HqlSqlBaseWalker - delete : finishing up [level=1, statement=delete]
2021-11-19T10:23:56,108|[DEBUG] HqlSqlBaseWalker - delete >> end [level=1, statement=delete]
2021-11-19T10:23:56,108|[DEBUG] QueryTranslatorImpl - --- SQL AST ---
 \-[DELETE] DeleteStatement: 'delete'  querySpaces (blood_bank)
    \-[FROM] FromClause: 'FROM' FromClause{level=1, fromElementCounter=1, fromElements=1, fromElementByClassAlias=[generatedAlias0], fromElementByTableAlias=[bloodbank0_], fromElementsByPath=[], collectionJoinFromElementsByPath=[], impliedElements=[]}
       \-[FROM_FRAGMENT] FromElement: 'blood_bank' FromElement{explicit,not a collection join,not a fetch join,fetch non-lazy properties,classAlias=generatedAlias0,role=null,tableName=blood_bank,tableAlias=bloodbank0_,origin=null,columns={,className=bloodbank.entity.BloodBank}}

2021-11-19T10:23:56,108|[DEBUG] ErrorTracker - throwQueryException() : no errors
2021-11-19T10:23:56,108|[DEBUG] ErrorTracker - throwQueryException() : no errors
2021-11-19T10:23:56,108|[TRACE] QueryPlanCache - Located HQL query plan in cache (delete BloodBank as generatedAlias0)
2021-11-19T10:23:56,108|[TRACE] HQLQueryPlan - Execute update: delete BloodBank as generatedAlias0
2021-11-19T10:23:56,108|[TRACE] QueryParameters - Named parameters: {}
2021-11-19T10:23:56,108|[DEBUG] SQL - 
    /* delete BloodBank as generatedAlias0 */ delete 
        from
            blood_bank
2021-11-19T10:23:56,108|[TRACE] ResourceRegistryStandardImpl - Registering statement [com.mysql.cj.jdbc.ClientPreparedStatement: /* delete BloodBank as generatedAlias0 */ delete from blood_bank]
2021-11-19T10:23:56,111|[TRACE] ResourceRegistryStandardImpl - Releasing statement [com.mysql.cj.jdbc.ClientPreparedStatement: /* delete BloodBank as generatedAlias0 */ delete from blood_bank]
2021-11-19T10:23:56,111|[TRACE] ResourceRegistryStandardImpl - Closing prepared statement [com.mysql.cj.jdbc.ClientPreparedStatement: /* delete BloodBank as generatedAlias0 */ delete from blood_bank]
2021-11-19T10:23:56,111|[TRACE] JdbcCoordinatorImpl - Starting after statement execution processing [AFTER_TRANSACTION]
2021-11-19T10:23:56,111|[TRACE] QueryPlanCache - Unable to locate HQL query plan in cache; generating (delete Contact as generatedAlias0)
2021-11-19T10:23:56,111|[DEBUG] QueryTranslatorImpl - parse() - HQL: delete bloodbank.entity.Contact as generatedAlias0
2021-11-19T10:23:56,111|[TRACE] HqlParser - -> statement
2021-11-19T10:23:56,111|[TRACE] HqlParser - ---> deleteStatement
2021-11-19T10:23:56,111|[TRACE] HqlParser - -----> optionalFromTokenFromClause
2021-11-19T10:23:56,111|[TRACE] HqlParser - -------> path
2021-11-19T10:23:56,111|[TRACE] HqlParser - ---------> identifier
2021-11-19T10:23:56,111|[TRACE] HqlParser - <--------- identifier
2021-11-19T10:23:56,111|[TRACE] HqlParser - ---------> identifier
2021-11-19T10:23:56,111|[TRACE] HqlParser - <--------- identifier
2021-11-19T10:23:56,111|[TRACE] HqlParser - ---------> identifier
2021-11-19T10:23:56,111|[TRACE] HqlParser - <--------- identifier
2021-11-19T10:23:56,111|[TRACE] HqlParser - <------- path
2021-11-19T10:23:56,111|[TRACE] HqlParser - -------> asAlias
2021-11-19T10:23:56,111|[TRACE] HqlParser - ---------> alias
2021-11-19T10:23:56,111|[TRACE] HqlParser - -----------> identifier
2021-11-19T10:23:56,111|[TRACE] HqlParser - <----------- identifier
2021-11-19T10:23:56,111|[TRACE] HqlParser - <--------- alias
2021-11-19T10:23:56,111|[TRACE] HqlParser - <------- asAlias
2021-11-19T10:23:56,111|[TRACE] HqlParser - <----- optionalFromTokenFromClause
2021-11-19T10:23:56,111|[TRACE] HqlParser - <--- deleteStatement
2021-11-19T10:23:56,111|[TRACE] HqlParser - <- statement
2021-11-19T10:23:56,111|[DEBUG] ErrorTracker - throwQueryException() : no errors
2021-11-19T10:23:56,111|[DEBUG] QueryTranslatorImpl - --- HQL AST ---
 \-[DELETE] Node: 'delete'
    \-[FROM] Node: 'FROM'
       \-[RANGE] Node: 'RANGE'
          +-[DOT] Node: '.'
          |  +-[DOT] Node: '.'
          |  |  +-[IDENT] Node: 'bloodbank'
          |  |  \-[IDENT] Node: 'entity'
          |  \-[IDENT] Node: 'Contact'
          \-[ALIAS] Node: 'generatedAlias0'

2021-11-19T10:23:56,111|[DEBUG] HqlSqlBaseWalker - delete << begin [level=1, statement=delete]
2021-11-19T10:23:56,111|[DEBUG] FromElement - FromClause{level=1} : bloodbank.entity.Contact (generatedAlias0) -> contact0_
2021-11-19T10:23:56,112|[DEBUG] HqlSqlBaseWalker - delete : finishing up [level=1, statement=delete]
2021-11-19T10:23:56,112|[DEBUG] HqlSqlBaseWalker - delete >> end [level=1, statement=delete]
2021-11-19T10:23:56,112|[DEBUG] QueryTranslatorImpl - --- SQL AST ---
 \-[DELETE] DeleteStatement: 'delete'  querySpaces (contact)
    \-[FROM] FromClause: 'FROM' FromClause{level=1, fromElementCounter=1, fromElements=1, fromElementByClassAlias=[generatedAlias0], fromElementByTableAlias=[contact0_], fromElementsByPath=[], collectionJoinFromElementsByPath=[], impliedElements=[]}
       \-[FROM_FRAGMENT] FromElement: 'contact' FromElement{explicit,not a collection join,not a fetch join,fetch non-lazy properties,classAlias=generatedAlias0,role=null,tableName=contact,tableAlias=contact0_,origin=null,columns={,className=bloodbank.entity.Contact}}

2021-11-19T10:23:56,112|[DEBUG] ErrorTracker - throwQueryException() : no errors
2021-11-19T10:23:56,112|[DEBUG] ErrorTracker - throwQueryException() : no errors
2021-11-19T10:23:56,112|[TRACE] QueryPlanCache - Located HQL query plan in cache (delete Contact as generatedAlias0)
2021-11-19T10:23:56,112|[TRACE] HQLQueryPlan - Execute update: delete Contact as generatedAlias0
2021-11-19T10:23:56,112|[TRACE] QueryParameters - Named parameters: {}
2021-11-19T10:23:56,112|[DEBUG] SQL - 
    /* delete Contact as generatedAlias0 */ delete 
        from
            contact
2021-11-19T10:23:56,112|[TRACE] ResourceRegistryStandardImpl - Registering statement [com.mysql.cj.jdbc.ClientPreparedStatement: /* delete Contact as generatedAlias0 */ delete from contact]
2021-11-19T10:23:56,113|[TRACE] ResourceRegistryStandardImpl - Releasing statement [com.mysql.cj.jdbc.ClientPreparedStatement: /* delete Contact as generatedAlias0 */ delete from contact]
2021-11-19T10:23:56,113|[TRACE] ResourceRegistryStandardImpl - Closing prepared statement [com.mysql.cj.jdbc.ClientPreparedStatement: /* delete Contact as generatedAlias0 */ delete from contact]
2021-11-19T10:23:56,113|[TRACE] JdbcCoordinatorImpl - Starting after statement execution processing [AFTER_TRANSACTION]
2021-11-19T10:23:56,113|[TRACE] QueryPlanCache - Unable to locate HQL query plan in cache; generating (delete Person as generatedAlias0)
2021-11-19T10:23:56,113|[DEBUG] QueryTranslatorImpl - parse() - HQL: delete bloodbank.entity.Person as generatedAlias0
2021-11-19T10:23:56,113|[TRACE] HqlParser - -> statement
2021-11-19T10:23:56,113|[TRACE] HqlParser - ---> deleteStatement
2021-11-19T10:23:56,113|[TRACE] HqlParser - -----> optionalFromTokenFromClause
2021-11-19T10:23:56,113|[TRACE] HqlParser - -------> path
2021-11-19T10:23:56,113|[TRACE] HqlParser - ---------> identifier
2021-11-19T10:23:56,113|[TRACE] HqlParser - <--------- identifier
2021-11-19T10:23:56,113|[TRACE] HqlParser - ---------> identifier
2021-11-19T10:23:56,113|[TRACE] HqlParser - <--------- identifier
2021-11-19T10:23:56,113|[TRACE] HqlParser - ---------> identifier
2021-11-19T10:23:56,113|[TRACE] HqlParser - <--------- identifier
2021-11-19T10:23:56,113|[TRACE] HqlParser - <------- path
2021-11-19T10:23:56,113|[TRACE] HqlParser - -------> asAlias
2021-11-19T10:23:56,113|[TRACE] HqlParser - ---------> alias
2021-11-19T10:23:56,113|[TRACE] HqlParser - -----------> identifier
2021-11-19T10:23:56,113|[TRACE] HqlParser - <----------- identifier
2021-11-19T10:23:56,113|[TRACE] HqlParser - <--------- alias
2021-11-19T10:23:56,113|[TRACE] HqlParser - <------- asAlias
2021-11-19T10:23:56,113|[TRACE] HqlParser - <----- optionalFromTokenFromClause
2021-11-19T10:23:56,113|[TRACE] HqlParser - <--- deleteStatement
2021-11-19T10:23:56,113|[TRACE] HqlParser - <- statement
2021-11-19T10:23:56,113|[DEBUG] ErrorTracker - throwQueryException() : no errors
2021-11-19T10:23:56,113|[DEBUG] QueryTranslatorImpl - --- HQL AST ---
 \-[DELETE] Node: 'delete'
    \-[FROM] Node: 'FROM'
       \-[RANGE] Node: 'RANGE'
          +-[DOT] Node: '.'
          |  +-[DOT] Node: '.'
          |  |  +-[IDENT] Node: 'bloodbank'
          |  |  \-[IDENT] Node: 'entity'
          |  \-[IDENT] Node: 'Person'
          \-[ALIAS] Node: 'generatedAlias0'

2021-11-19T10:23:56,113|[DEBUG] HqlSqlBaseWalker - delete << begin [level=1, statement=delete]
2021-11-19T10:23:56,113|[DEBUG] FromElement - FromClause{level=1} : bloodbank.entity.Person (generatedAlias0) -> person0_
2021-11-19T10:23:56,113|[DEBUG] HqlSqlBaseWalker - delete : finishing up [level=1, statement=delete]
2021-11-19T10:23:56,113|[DEBUG] HqlSqlBaseWalker - delete >> end [level=1, statement=delete]
2021-11-19T10:23:56,113|[DEBUG] QueryTranslatorImpl - --- SQL AST ---
 \-[DELETE] DeleteStatement: 'delete'  querySpaces (person)
    \-[FROM] FromClause: 'FROM' FromClause{level=1, fromElementCounter=1, fromElements=1, fromElementByClassAlias=[generatedAlias0], fromElementByTableAlias=[person0_], fromElementsByPath=[], collectionJoinFromElementsByPath=[], impliedElements=[]}
       \-[FROM_FRAGMENT] FromElement: 'person' FromElement{explicit,not a collection join,not a fetch join,fetch non-lazy properties,classAlias=generatedAlias0,role=null,tableName=person,tableAlias=person0_,origin=null,columns={,className=bloodbank.entity.Person}}

2021-11-19T10:23:56,113|[DEBUG] ErrorTracker - throwQueryException() : no errors
2021-11-19T10:23:56,113|[DEBUG] ErrorTracker - throwQueryException() : no errors
2021-11-19T10:23:56,113|[TRACE] QueryPlanCache - Located HQL query plan in cache (delete Person as generatedAlias0)
2021-11-19T10:23:56,113|[TRACE] HQLQueryPlan - Execute update: delete Person as generatedAlias0
2021-11-19T10:23:56,113|[TRACE] QueryParameters - Named parameters: {}
2021-11-19T10:23:56,113|[DEBUG] SQL - 
    /* delete Person as generatedAlias0 */ delete 
        from
            person
2021-11-19T10:23:56,114|[TRACE] ResourceRegistryStandardImpl - Registering statement [com.mysql.cj.jdbc.ClientPreparedStatement: /* delete Person as generatedAlias0 */ delete from person]
2021-11-19T10:23:56,116|[TRACE] ResourceRegistryStandardImpl - Releasing statement [com.mysql.cj.jdbc.ClientPreparedStatement: /* delete Person as generatedAlias0 */ delete from person]
2021-11-19T10:23:56,116|[TRACE] ResourceRegistryStandardImpl - Closing prepared statement [com.mysql.cj.jdbc.ClientPreparedStatement: /* delete Person as generatedAlias0 */ delete from person]
2021-11-19T10:23:56,116|[TRACE] JdbcCoordinatorImpl - Starting after statement execution processing [AFTER_TRANSACTION]
2021-11-19T10:23:56,116|[TRACE] QueryPlanCache - Unable to locate HQL query plan in cache; generating (delete Phone as generatedAlias0)
2021-11-19T10:23:56,116|[DEBUG] QueryTranslatorImpl - parse() - HQL: delete bloodbank.entity.Phone as generatedAlias0
2021-11-19T10:23:56,116|[TRACE] HqlParser - -> statement
2021-11-19T10:23:56,116|[TRACE] HqlParser - ---> deleteStatement
2021-11-19T10:23:56,116|[TRACE] HqlParser - -----> optionalFromTokenFromClause
2021-11-19T10:23:56,116|[TRACE] HqlParser - -------> path
2021-11-19T10:23:56,116|[TRACE] HqlParser - ---------> identifier
2021-11-19T10:23:56,116|[TRACE] HqlParser - <--------- identifier
2021-11-19T10:23:56,116|[TRACE] HqlParser - ---------> identifier
2021-11-19T10:23:56,116|[TRACE] HqlParser - <--------- identifier
2021-11-19T10:23:56,116|[TRACE] HqlParser - ---------> identifier
2021-11-19T10:23:56,116|[TRACE] HqlParser - <--------- identifier
2021-11-19T10:23:56,116|[TRACE] HqlParser - <------- path
2021-11-19T10:23:56,116|[TRACE] HqlParser - -------> asAlias
2021-11-19T10:23:56,116|[TRACE] HqlParser - ---------> alias
2021-11-19T10:23:56,116|[TRACE] HqlParser - -----------> identifier
2021-11-19T10:23:56,116|[TRACE] HqlParser - <----------- identifier
2021-11-19T10:23:56,116|[TRACE] HqlParser - <--------- alias
2021-11-19T10:23:56,116|[TRACE] HqlParser - <------- asAlias
2021-11-19T10:23:56,116|[TRACE] HqlParser - <----- optionalFromTokenFromClause
2021-11-19T10:23:56,116|[TRACE] HqlParser - <--- deleteStatement
2021-11-19T10:23:56,116|[TRACE] HqlParser - <- statement
2021-11-19T10:23:56,116|[DEBUG] ErrorTracker - throwQueryException() : no errors
2021-11-19T10:23:56,116|[DEBUG] QueryTranslatorImpl - --- HQL AST ---
 \-[DELETE] Node: 'delete'
    \-[FROM] Node: 'FROM'
       \-[RANGE] Node: 'RANGE'
          +-[DOT] Node: '.'
          |  +-[DOT] Node: '.'
          |  |  +-[IDENT] Node: 'bloodbank'
          |  |  \-[IDENT] Node: 'entity'
          |  \-[IDENT] Node: 'Phone'
          \-[ALIAS] Node: 'generatedAlias0'

2021-11-19T10:23:56,116|[DEBUG] HqlSqlBaseWalker - delete << begin [level=1, statement=delete]
2021-11-19T10:23:56,116|[DEBUG] FromElement - FromClause{level=1} : bloodbank.entity.Phone (generatedAlias0) -> phone0_
2021-11-19T10:23:56,116|[DEBUG] HqlSqlBaseWalker - delete : finishing up [level=1, statement=delete]
2021-11-19T10:23:56,116|[DEBUG] HqlSqlBaseWalker - delete >> end [level=1, statement=delete]
2021-11-19T10:23:56,116|[DEBUG] QueryTranslatorImpl - --- SQL AST ---
 \-[DELETE] DeleteStatement: 'delete'  querySpaces (phone)
    \-[FROM] FromClause: 'FROM' FromClause{level=1, fromElementCounter=1, fromElements=1, fromElementByClassAlias=[generatedAlias0], fromElementByTableAlias=[phone0_], fromElementsByPath=[], collectionJoinFromElementsByPath=[], impliedElements=[]}
       \-[FROM_FRAGMENT] FromElement: 'phone' FromElement{explicit,not a collection join,not a fetch join,fetch non-lazy properties,classAlias=generatedAlias0,role=null,tableName=phone,tableAlias=phone0_,origin=null,columns={,className=bloodbank.entity.Phone}}

2021-11-19T10:23:56,116|[DEBUG] ErrorTracker - throwQueryException() : no errors
2021-11-19T10:23:56,116|[DEBUG] ErrorTracker - throwQueryException() : no errors
2021-11-19T10:23:56,116|[TRACE] QueryPlanCache - Located HQL query plan in cache (delete Phone as generatedAlias0)
2021-11-19T10:23:56,116|[TRACE] HQLQueryPlan - Execute update: delete Phone as generatedAlias0
2021-11-19T10:23:56,116|[TRACE] QueryParameters - Named parameters: {}
2021-11-19T10:23:56,116|[DEBUG] SQL - 
    /* delete Phone as generatedAlias0 */ delete 
        from
            phone
2021-11-19T10:23:56,116|[TRACE] ResourceRegistryStandardImpl - Registering statement [com.mysql.cj.jdbc.ClientPreparedStatement: /* delete Phone as generatedAlias0 */ delete from phone]
2021-11-19T10:23:56,118|[TRACE] ResourceRegistryStandardImpl - Releasing statement [com.mysql.cj.jdbc.ClientPreparedStatement: /* delete Phone as generatedAlias0 */ delete from phone]
2021-11-19T10:23:56,118|[TRACE] ResourceRegistryStandardImpl - Closing prepared statement [com.mysql.cj.jdbc.ClientPreparedStatement: /* delete Phone as generatedAlias0 */ delete from phone]
2021-11-19T10:23:56,118|[TRACE] JdbcCoordinatorImpl - Starting after statement execution processing [AFTER_TRANSACTION]
2021-11-19T10:23:56,118|[TRACE] QueryPlanCache - Unable to locate HQL query plan in cache; generating (delete Address as generatedAlias0)
2021-11-19T10:23:56,118|[DEBUG] QueryTranslatorImpl - parse() - HQL: delete bloodbank.entity.Address as generatedAlias0
2021-11-19T10:23:56,118|[TRACE] HqlParser - -> statement
2021-11-19T10:23:56,118|[TRACE] HqlParser - ---> deleteStatement
2021-11-19T10:23:56,118|[TRACE] HqlParser - -----> optionalFromTokenFromClause
2021-11-19T10:23:56,118|[TRACE] HqlParser - -------> path
2021-11-19T10:23:56,118|[TRACE] HqlParser - ---------> identifier
2021-11-19T10:23:56,118|[TRACE] HqlParser - <--------- identifier
2021-11-19T10:23:56,118|[TRACE] HqlParser - ---------> identifier
2021-11-19T10:23:56,118|[TRACE] HqlParser - <--------- identifier
2021-11-19T10:23:56,118|[TRACE] HqlParser - ---------> identifier
2021-11-19T10:23:56,118|[TRACE] HqlParser - <--------- identifier
2021-11-19T10:23:56,118|[TRACE] HqlParser - <------- path
2021-11-19T10:23:56,118|[TRACE] HqlParser - -------> asAlias
2021-11-19T10:23:56,118|[TRACE] HqlParser - ---------> alias
2021-11-19T10:23:56,118|[TRACE] HqlParser - -----------> identifier
2021-11-19T10:23:56,118|[TRACE] HqlParser - <----------- identifier
2021-11-19T10:23:56,118|[TRACE] HqlParser - <--------- alias
2021-11-19T10:23:56,118|[TRACE] HqlParser - <------- asAlias
2021-11-19T10:23:56,118|[TRACE] HqlParser - <----- optionalFromTokenFromClause
2021-11-19T10:23:56,118|[TRACE] HqlParser - <--- deleteStatement
2021-11-19T10:23:56,118|[TRACE] HqlParser - <- statement
2021-11-19T10:23:56,118|[DEBUG] ErrorTracker - throwQueryException() : no errors
2021-11-19T10:23:56,119|[DEBUG] QueryTranslatorImpl - --- HQL AST ---
 \-[DELETE] Node: 'delete'
    \-[FROM] Node: 'FROM'
       \-[RANGE] Node: 'RANGE'
          +-[DOT] Node: '.'
          |  +-[DOT] Node: '.'
          |  |  +-[IDENT] Node: 'bloodbank'
          |  |  \-[IDENT] Node: 'entity'
          |  \-[IDENT] Node: 'Address'
          \-[ALIAS] Node: 'generatedAlias0'

2021-11-19T10:23:56,119|[DEBUG] HqlSqlBaseWalker - delete << begin [level=1, statement=delete]
2021-11-19T10:23:56,119|[DEBUG] FromElement - FromClause{level=1} : bloodbank.entity.Address (generatedAlias0) -> address0_
2021-11-19T10:23:56,119|[DEBUG] HqlSqlBaseWalker - delete : finishing up [level=1, statement=delete]
2021-11-19T10:23:56,119|[DEBUG] HqlSqlBaseWalker - delete >> end [level=1, statement=delete]
2021-11-19T10:23:56,119|[DEBUG] QueryTranslatorImpl - --- SQL AST ---
 \-[DELETE] DeleteStatement: 'delete'  querySpaces (address)
    \-[FROM] FromClause: 'FROM' FromClause{level=1, fromElementCounter=1, fromElements=1, fromElementByClassAlias=[generatedAlias0], fromElementByTableAlias=[address0_], fromElementsByPath=[], collectionJoinFromElementsByPath=[], impliedElements=[]}
       \-[FROM_FRAGMENT] FromElement: 'address' FromElement{explicit,not a collection join,not a fetch join,fetch non-lazy properties,classAlias=generatedAlias0,role=null,tableName=address,tableAlias=address0_,origin=null,columns={,className=bloodbank.entity.Address}}

2021-11-19T10:23:56,119|[DEBUG] ErrorTracker - throwQueryException() : no errors
2021-11-19T10:23:56,119|[DEBUG] ErrorTracker - throwQueryException() : no errors
2021-11-19T10:23:56,119|[TRACE] QueryPlanCache - Located HQL query plan in cache (delete Address as generatedAlias0)
2021-11-19T10:23:56,119|[TRACE] HQLQueryPlan - Execute update: delete Address as generatedAlias0
2021-11-19T10:23:56,119|[TRACE] QueryParameters - Named parameters: {}
2021-11-19T10:23:56,119|[DEBUG] SQL - 
    /* delete Address as generatedAlias0 */ delete 
        from
            address
2021-11-19T10:23:56,119|[TRACE] ResourceRegistryStandardImpl - Registering statement [com.mysql.cj.jdbc.ClientPreparedStatement: /* delete Address as generatedAlias0 */ delete from address]
2021-11-19T10:23:56,122|[TRACE] ResourceRegistryStandardImpl - Releasing statement [com.mysql.cj.jdbc.ClientPreparedStatement: /* delete Address as generatedAlias0 */ delete from address]
2021-11-19T10:23:56,122|[TRACE] ResourceRegistryStandardImpl - Closing prepared statement [com.mysql.cj.jdbc.ClientPreparedStatement: /* delete Address as generatedAlias0 */ delete from address]
2021-11-19T10:23:56,122|[TRACE] JdbcCoordinatorImpl - Starting after statement execution processing [AFTER_TRANSACTION]
2021-11-19T10:23:56,122|[DEBUG] TransactionImpl - committing
2021-11-19T10:23:56,122|[TRACE] JdbcResourceLocalTransactionCoordinatorImpl - ResourceLocalTransactionCoordinatorImpl#beforeCompletionCallback
2021-11-19T10:23:56,122|[TRACE] SessionImpl - SessionImpl#beforeTransactionCompletion()
2021-11-19T10:23:56,122|[TRACE] SessionImpl - Automatically flushing session
2021-11-19T10:23:56,122|[TRACE] AbstractLogicalConnectionImplementor - LogicalConnection#beforeTransactionCompletion
2021-11-19T10:23:56,122|[TRACE] SynchronizationRegistryStandardImpl - SynchronizationRegistryStandardImpl.notifySynchronizationsBeforeTransactionCompletion
2021-11-19T10:23:56,122|[TRACE] AbstractLogicalConnectionImplementor - Preparing to commit transaction via JDBC Connection.commit()
2021-11-19T10:23:56,122|[TRACE] AbstractLogicalConnectionImplementor - Transaction committed via JDBC Connection.commit()
2021-11-19T10:23:56,122|[TRACE] AbstractLogicalConnectionImplementor - LogicalConnection#afterTransaction
2021-11-19T10:23:56,122|[TRACE] ResourceRegistryStandardImpl - Releasing JDBC resources
2021-11-19T10:23:56,122|[DEBUG] LogicalConnectionManagedImpl - Initiating JDBC connection release from afterTransaction
2021-11-19T10:23:56,122|[TRACE] ResourceRegistryStandardImpl - Releasing JDBC resources
2021-11-19T10:23:56,122|[TRACE] JdbcResourceLocalTransactionCoordinatorImpl - ResourceLocalTransactionCoordinatorImpl#afterCompletionCallback(true)
2021-11-19T10:23:56,122|[TRACE] SynchronizationRegistryStandardImpl - SynchronizationRegistryStandardImpl.notifySynchronizationsAfterTransactionCompletion(3)
2021-11-19T10:23:56,122|[TRACE] AbstractLogicalConnectionImplementor - LogicalConnection#afterTransaction
2021-11-19T10:23:56,122|[TRACE] ResourceRegistryStandardImpl - Releasing JDBC resources
2021-11-19T10:23:56,122|[DEBUG] LogicalConnectionManagedImpl - Initiating JDBC connection release from afterTransaction
2021-11-19T10:23:56,122|[TRACE] SessionImpl - SessionImpl#afterTransactionCompletion(successful=true, delayed=false)
2021-11-19T10:23:56,122|[TRACE] SessionImpl - Closing session [ed3f56cb-7c3e-4842-8f17-cad9afd308b4]
2021-11-19T10:23:56,122|[TRACE] JdbcCoordinatorImpl - Closing JDBC container [org.hibernate.engine.jdbc.internal.JdbcCoordinatorImpl@24482a4f]
2021-11-19T10:23:56,122|[TRACE] ResourceRegistryStandardImpl - Releasing JDBC resources
2021-11-19T10:23:56,122|[TRACE] LogicalConnectionManagedImpl - Closing logical connection
2021-11-19T10:23:56,122|[TRACE] LogicalConnectionManagedImpl - Logical connection closed
2021-11-19T10:23:56,124|[TRACE] SessionFactoryImpl$SessionBuilderImpl - Opening Hibernate Session.  tenant=null
2021-11-19T10:23:56,124|[TRACE] SessionImpl - Opened Session [fed10675-b94c-4795-a18f-7b92a1f0d35b] at timestamp: 1637335436124
2021-11-19T10:23:56,124|[DEBUG] TransactionImpl - On TransactionImpl creation, JpaCompliance#isJpaTransactionComplianceEnabled == false
2021-11-19T10:23:56,124|[DEBUG] CriteriaQueryImpl - Rendered criteria query -> select count(generatedAlias0) from Person as generatedAlias0
2021-11-19T10:23:56,124|[TRACE] QueryPlanCache - Unable to locate HQL query plan in cache; generating (select count(generatedAlias0) from Person as generatedAlias0)
2021-11-19T10:23:56,124|[DEBUG] QueryTranslatorImpl - parse() - HQL: select count(generatedAlias0) from bloodbank.entity.Person as generatedAlias0
2021-11-19T10:23:56,124|[TRACE] HqlParser - -> statement
2021-11-19T10:23:56,124|[TRACE] HqlParser - ---> selectStatement
2021-11-19T10:23:56,124|[TRACE] HqlParser - -----> queryRule
2021-11-19T10:23:56,124|[TRACE] HqlParser - -------> selectFrom
2021-11-19T10:23:56,124|[TRACE] HqlParser - ---------> selectClause
2021-11-19T10:23:56,124|[TRACE] HqlParser - -----------> selectedPropertiesList
2021-11-19T10:23:56,124|[TRACE] HqlParser - -------------> aliasedExpression
2021-11-19T10:23:56,124|[TRACE] HqlParser - ---------------> expression
2021-11-19T10:23:56,124|[TRACE] HqlParser - -----------------> logicalOrExpression
2021-11-19T10:23:56,124|[TRACE] HqlParser - -------------------> logicalAndExpression
2021-11-19T10:23:56,124|[TRACE] HqlParser - ---------------------> negatedExpression
2021-11-19T10:23:56,124|[TRACE] HqlParser - -----------------------> equalityExpression
2021-11-19T10:23:56,124|[TRACE] HqlParser - -------------------------> relationalExpression
2021-11-19T10:23:56,124|[TRACE] HqlParser - ---------------------------> concatenation
2021-11-19T10:23:56,124|[TRACE] HqlParser - -----------------------------> additiveExpression
2021-11-19T10:23:56,124|[TRACE] HqlParser - -------------------------------> multiplyExpression
2021-11-19T10:23:56,124|[TRACE] HqlParser - ---------------------------------> unaryExpression
2021-11-19T10:23:56,124|[TRACE] HqlParser - -----------------------------------> atom
2021-11-19T10:23:56,124|[TRACE] HqlParser - -------------------------------------> primaryExpression
2021-11-19T10:23:56,124|[TRACE] HqlParser - ---------------------------------------> identPrimary
2021-11-19T10:23:56,124|[TRACE] HqlParser - -----------------------------------------> aggregate
2021-11-19T10:23:56,125|[TRACE] HqlParser - -------------------------------------------> path
2021-11-19T10:23:56,125|[TRACE] HqlParser - ---------------------------------------------> identifier
2021-11-19T10:23:56,125|[TRACE] HqlParser - <--------------------------------------------- identifier
2021-11-19T10:23:56,125|[TRACE] HqlParser - <------------------------------------------- path
2021-11-19T10:23:56,125|[TRACE] HqlParser - <----------------------------------------- aggregate
2021-11-19T10:23:56,125|[TRACE] HqlParser - <--------------------------------------- identPrimary
2021-11-19T10:23:56,125|[TRACE] HqlParser - <------------------------------------- primaryExpression
2021-11-19T10:23:56,125|[TRACE] HqlParser - <----------------------------------- atom
2021-11-19T10:23:56,125|[TRACE] HqlParser - <--------------------------------- unaryExpression
2021-11-19T10:23:56,125|[TRACE] HqlParser - <------------------------------- multiplyExpression
2021-11-19T10:23:56,125|[TRACE] HqlParser - <----------------------------- additiveExpression
2021-11-19T10:23:56,125|[TRACE] HqlParser - <--------------------------- concatenation
2021-11-19T10:23:56,125|[TRACE] HqlParser - <------------------------- relationalExpression
2021-11-19T10:23:56,125|[TRACE] HqlParser - <----------------------- equalityExpression
2021-11-19T10:23:56,125|[TRACE] HqlParser - <--------------------- negatedExpression
2021-11-19T10:23:56,125|[TRACE] HqlParser - <------------------- logicalAndExpression
2021-11-19T10:23:56,125|[TRACE] HqlParser - <----------------- logicalOrExpression
2021-11-19T10:23:56,125|[TRACE] HqlParser - <--------------- expression
2021-11-19T10:23:56,125|[TRACE] HqlParser - <------------- aliasedExpression
2021-11-19T10:23:56,125|[TRACE] HqlParser - <----------- selectedPropertiesList
2021-11-19T10:23:56,125|[TRACE] HqlParser - <--------- selectClause
2021-11-19T10:23:56,125|[TRACE] HqlParser - ---------> fromClause
2021-11-19T10:23:56,125|[TRACE] HqlParser - -----------> fromRange
2021-11-19T10:23:56,125|[TRACE] HqlParser - -------------> fromClassOrOuterQueryPath
2021-11-19T10:23:56,125|[TRACE] HqlParser - ---------------> path
2021-11-19T10:23:56,125|[TRACE] HqlParser - -----------------> identifier
2021-11-19T10:23:56,125|[TRACE] HqlParser - <----------------- identifier
2021-11-19T10:23:56,125|[TRACE] HqlParser - -----------------> identifier
2021-11-19T10:23:56,125|[TRACE] HqlParser - <----------------- identifier
2021-11-19T10:23:56,125|[TRACE] HqlParser - -----------------> identifier
2021-11-19T10:23:56,125|[TRACE] HqlParser - <----------------- identifier
2021-11-19T10:23:56,125|[TRACE] HqlParser - <--------------- path
2021-11-19T10:23:56,125|[TRACE] HqlParser - ---------------> asAlias
2021-11-19T10:23:56,125|[TRACE] HqlParser - -----------------> alias
2021-11-19T10:23:56,125|[TRACE] HqlParser - -------------------> identifier
2021-11-19T10:23:56,125|[TRACE] HqlParser - <------------------- identifier
2021-11-19T10:23:56,125|[TRACE] HqlParser - <----------------- alias
2021-11-19T10:23:56,125|[TRACE] HqlParser - <--------------- asAlias
2021-11-19T10:23:56,125|[TRACE] HqlParser - <------------- fromClassOrOuterQueryPath
2021-11-19T10:23:56,125|[TRACE] HqlParser - <----------- fromRange
2021-11-19T10:23:56,125|[TRACE] HqlParser - <--------- fromClause
2021-11-19T10:23:56,125|[TRACE] HqlParser - <------- selectFrom
2021-11-19T10:23:56,125|[TRACE] HqlParser - <----- queryRule
2021-11-19T10:23:56,125|[TRACE] HqlParser - <--- selectStatement
2021-11-19T10:23:56,125|[TRACE] HqlParser - <- statement
2021-11-19T10:23:56,125|[DEBUG] ErrorTracker - throwQueryException() : no errors
2021-11-19T10:23:56,125|[DEBUG] QueryTranslatorImpl - --- HQL AST ---
 \-[QUERY] Node: 'query'
    \-[SELECT_FROM] Node: 'SELECT_FROM'
       +-[FROM] Node: 'from'
       |  \-[RANGE] Node: 'RANGE'
       |     +-[DOT] Node: '.'
       |     |  +-[DOT] Node: '.'
       |     |  |  +-[IDENT] Node: 'bloodbank'
       |     |  |  \-[IDENT] Node: 'entity'
       |     |  \-[IDENT] Node: 'Person'
       |     \-[ALIAS] Node: 'generatedAlias0'
       \-[SELECT] Node: 'select'
          \-[COUNT] Node: 'count'
             \-[IDENT] Node: 'generatedAlias0'

2021-11-19T10:23:56,125|[DEBUG] HqlSqlBaseWalker - select << begin [level=1, statement=select]
2021-11-19T10:23:56,125|[DEBUG] FromElement - FromClause{level=1} : bloodbank.entity.Person (generatedAlias0) -> person0_
2021-11-19T10:23:56,125|[DEBUG] FromReferenceNode - Resolved : generatedAlias0 -> person0_.id
2021-11-19T10:23:56,125|[DEBUG] HqlSqlBaseWalker - select : finishing up [level=1, statement=select]
2021-11-19T10:23:56,125|[DEBUG] HqlSqlWalker - processQuery() :  ( SELECT ( {select clause} ( count person0_.id ) ) ( FromClause{level=1} person person0_ ) )
2021-11-19T10:23:56,125|[DEBUG] JoinProcessor - Tables referenced from query nodes:
 \-QueryNode
    +-SelectClause
    |  +-CountNode
    |  |  \-IdentNode
    |  |    persister: SingleTableEntityPersister(bloodbank.entity.Person)
    |  |    originalText: generatedAlias0
    |  \-SqlNode
    \-FromClause
       \-FromElement

2021-11-19T10:23:56,125|[DEBUG] JoinProcessor - Using FROM fragment [person person0_]
2021-11-19T10:23:56,125|[DEBUG] HqlSqlBaseWalker - select >> end [level=1, statement=select]
2021-11-19T10:23:56,125|[DEBUG] QueryTranslatorImpl - --- SQL AST ---
 \-[SELECT] QueryNode: 'SELECT'  querySpaces (person)
    +-[SELECT_CLAUSE] SelectClause: '{select clause}'
    |  +-[COUNT] CountNode: 'count'
    |  |  \-[ALIAS_REF] IdentNode: 'person0_.id' {alias=generatedAlias0, className=bloodbank.entity.Person, tableAlias=person0_}
    |  \-[SELECT_COLUMNS] SqlNode: ' as col_0_0_'
    \-[FROM] FromClause: 'from' FromClause{level=1, fromElementCounter=1, fromElements=1, fromElementByClassAlias=[generatedAlias0], fromElementByTableAlias=[person0_], fromElementsByPath=[], collectionJoinFromElementsByPath=[], impliedElements=[]}
       \-[FROM_FRAGMENT] FromElement: 'person person0_' FromElement{explicit,not a collection join,not a fetch join,fetch non-lazy properties,classAlias=generatedAlias0,role=null,tableName=person,tableAlias=person0_,origin=null,columns={,className=bloodbank.entity.Person}}

2021-11-19T10:23:56,125|[DEBUG] ErrorTracker - throwQueryException() : no errors
2021-11-19T10:23:56,125|[DEBUG] QueryTranslatorImpl - HQL: select count(generatedAlias0) from bloodbank.entity.Person as generatedAlias0
2021-11-19T10:23:56,125|[DEBUG] QueryTranslatorImpl - SQL: select count(person0_.id) as col_0_0_ from person person0_
2021-11-19T10:23:56,125|[DEBUG] ErrorTracker - throwQueryException() : no errors
2021-11-19T10:23:56,125|[TRACE] QueryPlanCache - Located HQL query plan in cache (select count(generatedAlias0) from Person as generatedAlias0)
2021-11-19T10:23:56,125|[TRACE] QueryPlanCache - Located HQL query plan in cache (select count(generatedAlias0) from Person as generatedAlias0)
2021-11-19T10:23:56,125|[TRACE] HQLQueryPlan - Find: select count(generatedAlias0) from Person as generatedAlias0
2021-11-19T10:23:56,125|[TRACE] QueryParameters - Named parameters: {}
2021-11-19T10:23:56,125|[DEBUG] SQL - 
    /* select
        count(generatedAlias0) 
    from
        Person as generatedAlias0 */ select
            count(person0_.id) as col_0_0_ 
        from
            person person0_
2021-11-19T10:23:56,126|[TRACE] ResourceRegistryStandardImpl - Registering statement [com.mysql.cj.jdbc.ClientPreparedStatement: /* select count(generatedAlias0) from Person as generatedAlias0 */ select count(person0_.id) as col_0_0_ from person person0_]
2021-11-19T10:23:56,126|[TRACE] JdbcCoordinatorImpl - Registering last query statement [com.mysql.cj.jdbc.ClientPreparedStatement: /* select count(generatedAlias0) from Person as generatedAlias0 */ select count(person0_.id) as col_0_0_ from person person0_]
2021-11-19T10:23:56,126|[TRACE] Loader - Bound [1] parameters total
2021-11-19T10:23:56,127|[TRACE] ResourceRegistryStandardImpl - Registering result set [com.mysql.cj.jdbc.result.ResultSetImpl@4bc9389]
2021-11-19T10:23:56,127|[TRACE] Loader - Processing result set
2021-11-19T10:23:56,127|[DEBUG] Loader - Result set row: 0
2021-11-19T10:23:56,127|[DEBUG] Loader - Result row: 
2021-11-19T10:23:56,127|[TRACE] BasicExtractor - extracted value ([col_0_0_] : [BIGINT]) - [0]
2021-11-19T10:23:56,127|[TRACE] Loader - Done processing result set (1 rows)
2021-11-19T10:23:56,127|[TRACE] ResourceRegistryStandardImpl - Releasing statement [com.mysql.cj.jdbc.ClientPreparedStatement: /* select count(generatedAlias0) from Person as generatedAlias0 */ select count(person0_.id) as col_0_0_ from person person0_]
2021-11-19T10:23:56,127|[TRACE] ResourceRegistryStandardImpl - Closing result set [com.mysql.cj.jdbc.result.ResultSetImpl@4bc9389]
2021-11-19T10:23:56,127|[TRACE] ResourceRegistryStandardImpl - Closing prepared statement [com.mysql.cj.jdbc.ClientPreparedStatement: /* select count(generatedAlias0) from Person as generatedAlias0 */ select count(person0_.id) as col_0_0_ from person person0_]
2021-11-19T10:23:56,127|[TRACE] JdbcCoordinatorImpl - Starting after statement execution processing [AFTER_TRANSACTION]
2021-11-19T10:23:56,127|[TRACE] StatefulPersistenceContext - Initializing non-lazy collections
2021-11-19T10:23:56,127|[TRACE] AbstractLogicalConnectionImplementor - LogicalConnection#afterTransaction
2021-11-19T10:23:56,127|[TRACE] ResourceRegistryStandardImpl - Releasing JDBC resources
2021-11-19T10:23:56,127|[DEBUG] LogicalConnectionManagedImpl - Initiating JDBC connection release from afterTransaction
2021-11-19T10:23:56,127|[TRACE] ResourceRegistryStandardImpl - Releasing JDBC resources
2021-11-19T10:23:56,128|[TRACE] SessionImpl - Closing session [fed10675-b94c-4795-a18f-7b92a1f0d35b]
2021-11-19T10:23:56,128|[TRACE] JdbcCoordinatorImpl - Closing JDBC container [org.hibernate.engine.jdbc.internal.JdbcCoordinatorImpl@30221cfa]
2021-11-19T10:23:56,128|[TRACE] ResourceRegistryStandardImpl - Releasing JDBC resources
2021-11-19T10:23:56,128|[TRACE] LogicalConnectionManagedImpl - Closing logical connection
2021-11-19T10:23:56,128|[TRACE] LogicalConnectionManagedImpl - Logical connection closed
]]></system-out>
  </testcase>
  <testcase name="testCreate" classname="bloodbank.entity.TestCRUDPerson" time="0.016">
    <system-out><![CDATA[2021-11-19T10:23:56,129|[TRACE] SessionFactoryImpl$SessionBuilderImpl - Opening Hibernate Session.  tenant=null
2021-11-19T10:23:56,129|[TRACE] SessionImpl - Opened Session [2ec4de3c-cd5b-463a-ab4f-ac10bb48387d] at timestamp: 1637335436129
2021-11-19T10:23:56,129|[DEBUG] TransactionImpl - On TransactionImpl creation, JpaCompliance#isJpaTransactionComplianceEnabled == false
2021-11-19T10:23:56,129|[DEBUG] TransactionImpl - begin
2021-11-19T10:23:56,130|[TRACE] AbstractLogicalConnectionImplementor - Preparing to begin transaction via JDBC Connection.setAutoCommit(false)
2021-11-19T10:23:56,130|[TRACE] AbstractLogicalConnectionImplementor - Transaction begun via JDBC Connection.setAutoCommit(false)
2021-11-19T10:23:56,130|[TRACE] JdbcResourceLocalTransactionCoordinatorImpl - ResourceLocalTransactionCoordinatorImpl#afterBeginCallback
2021-11-19T10:23:56,130|[TRACE] VersionValue - Version unsaved-value strategy UNDEFINED
2021-11-19T10:23:56,130|[TRACE] IdentifierValue - ID unsaved-value: 0
2021-11-19T10:23:56,130|[TRACE] EntityState - Transient instance of: bloodbank.entity.Person
2021-11-19T10:23:56,130|[TRACE] DefaultPersistEventListener - Saving transient instance
2021-11-19T10:23:56,130|[TRACE] AbstractSaveEventListener - Saving [bloodbank.entity.Person#<null>]
2021-11-19T10:23:56,130|[TRACE] Cascade - Processing cascade ACTION_PERSIST for: bloodbank.entity.Person
2021-11-19T10:23:56,130|[TRACE] Cascade - Done processing cascade ACTION_PERSIST for: bloodbank.entity.Person
2021-11-19T10:23:56,130|[TRACE] Versioning - Using initial version: 0
2021-11-19T10:23:56,130|[TRACE] WrapVisitor - Wrapped collection in role: bloodbank.entity.Person.contacts
2021-11-19T10:23:56,130|[TRACE] WrapVisitor - Wrapped collection in role: bloodbank.entity.Person.donations
2021-11-19T10:23:56,130|[TRACE] ActionQueue - Adding an EntityIdentityInsertAction for [bloodbank.entity.Person] object
2021-11-19T10:23:56,130|[TRACE] ActionQueue - Executing inserts before finding non-nullable transient entities for early insert: [EntityIdentityInsertAction[bloodbank.entity.Person#<null>]]
2021-11-19T10:23:56,130|[TRACE] ActionQueue - Adding insert with no non-nullable, transient entities: [EntityIdentityInsertAction[bloodbank.entity.Person#<null>]]
2021-11-19T10:23:56,130|[TRACE] ActionQueue - Executing insertions before resolved early-insert
2021-11-19T10:23:56,130|[DEBUG] ActionQueue - Executing identity-insert immediately
2021-11-19T10:23:56,130|[TRACE] AbstractEntityPersister - Inserting entity: bloodbank.entity.Person (native id)
2021-11-19T10:23:56,130|[TRACE] AbstractEntityPersister - Version: 0
2021-11-19T10:23:56,130|[DEBUG] SQL - 
    /* insert bloodbank.entity.Person
        */ insert 
        into
            person
            (created, updated, version, first_name, last_name) 
        values
            (?, ?, ?, ?, ?)
2021-11-19T10:23:56,131|[TRACE] ResourceRegistryStandardImpl - Registering statement [com.mysql.cj.jdbc.ClientPreparedStatement: /* insert bloodbank.entity.Person */ insert into person (created, updated, version, first_name, last_name) values (** NOT SPECIFIED **, ** NOT SPECIFIED **, ** NOT SPECIFIED **, ** NOT SPECIFIED **, ** NOT SPECIFIED **)]
2021-11-19T10:23:56,131|[TRACE] AbstractEntityPersister - Dehydrating entity: [bloodbank.entity.Person#<null>]
2021-11-19T10:23:56,131|[TRACE] BasicBinder - binding parameter [1] as [BIGINT] - [1637335436130]
2021-11-19T10:23:56,131|[TRACE] BasicBinder - binding parameter [2] as [BIGINT] - [1637335436130]
2021-11-19T10:23:56,131|[TRACE] BasicBinder - binding parameter [3] as [INTEGER] - [0]
2021-11-19T10:23:56,131|[TRACE] BasicBinder - binding parameter [4] as [VARCHAR] - [Simzhuo]
2021-11-19T10:23:56,131|[TRACE] BasicBinder - binding parameter [5] as [VARCHAR] - [Aho]
2021-11-19T10:23:56,132|[DEBUG] IdentifierGeneratorHelper - Natively generated identity: 1
2021-11-19T10:23:56,132|[TRACE] ResourceRegistryStandardImpl - Releasing result set [com.mysql.cj.jdbc.result.ResultSetImpl@3c4e17ea]
2021-11-19T10:23:56,132|[TRACE] ResourceRegistryStandardImpl - Closing result set [com.mysql.cj.jdbc.result.ResultSetImpl@3c4e17ea]
2021-11-19T10:23:56,132|[TRACE] ResourceRegistryStandardImpl - Releasing statement [com.mysql.cj.jdbc.ClientPreparedStatement: /* insert bloodbank.entity.Person */ insert into person (created, updated, version, first_name, last_name) values (1637335436130, 1637335436130, 0, 'Simzhuo', 'Aho')]
2021-11-19T10:23:56,132|[DEBUG] ResourceRegistryStandardImpl - HHH000387: ResultSet's statement was not registered
2021-11-19T10:23:56,132|[TRACE] ResourceRegistryStandardImpl - Closing prepared statement [com.mysql.cj.jdbc.ClientPreparedStatement: /* insert bloodbank.entity.Person */ insert into person (created, updated, version, first_name, last_name) values (1637335436130, 1637335436130, 0, 'Simzhuo', 'Aho')]
2021-11-19T10:23:56,132|[TRACE] JdbcCoordinatorImpl - Starting after statement execution processing [AFTER_TRANSACTION]
2021-11-19T10:23:56,132|[TRACE] Cascade - Processing cascade ACTION_PERSIST for: bloodbank.entity.Person
2021-11-19T10:23:56,132|[TRACE] Cascade - Cascade ACTION_PERSIST for collection: bloodbank.entity.Person.contacts
2021-11-19T10:23:56,133|[TRACE] Cascade - Done cascade ACTION_PERSIST for collection: bloodbank.entity.Person.contacts
2021-11-19T10:23:56,133|[TRACE] Cascade - Cascade ACTION_PERSIST for collection: bloodbank.entity.Person.donations
2021-11-19T10:23:56,133|[TRACE] Cascade - Done cascade ACTION_PERSIST for collection: bloodbank.entity.Person.donations
2021-11-19T10:23:56,133|[TRACE] Cascade - Done processing cascade ACTION_PERSIST for: bloodbank.entity.Person
2021-11-19T10:23:56,133|[DEBUG] TransactionImpl - committing
2021-11-19T10:23:56,133|[TRACE] JdbcResourceLocalTransactionCoordinatorImpl - ResourceLocalTransactionCoordinatorImpl#beforeCompletionCallback
2021-11-19T10:23:56,133|[TRACE] SessionImpl - SessionImpl#beforeTransactionCompletion()
2021-11-19T10:23:56,133|[TRACE] SessionImpl - Automatically flushing session
2021-11-19T10:23:56,133|[TRACE] AbstractFlushingEventListener - Flushing session
2021-11-19T10:23:56,133|[DEBUG] AbstractFlushingEventListener - Processing flush-time cascades
2021-11-19T10:23:56,133|[TRACE] Cascade - Processing cascade ACTION_PERSIST_ON_FLUSH for: bloodbank.entity.Person
2021-11-19T10:23:56,133|[TRACE] Cascade - Cascade ACTION_PERSIST_ON_FLUSH for collection: bloodbank.entity.Person.contacts
2021-11-19T10:23:56,133|[TRACE] Cascade - Done cascade ACTION_PERSIST_ON_FLUSH for collection: bloodbank.entity.Person.contacts
2021-11-19T10:23:56,133|[TRACE] Cascade - Cascade ACTION_PERSIST_ON_FLUSH for collection: bloodbank.entity.Person.donations
2021-11-19T10:23:56,133|[TRACE] Cascade - Done cascade ACTION_PERSIST_ON_FLUSH for collection: bloodbank.entity.Person.donations
2021-11-19T10:23:56,133|[TRACE] Cascade - Done processing cascade ACTION_PERSIST_ON_FLUSH for: bloodbank.entity.Person
2021-11-19T10:23:56,133|[DEBUG] AbstractFlushingEventListener - Dirty checking collections
2021-11-19T10:23:56,133|[TRACE] AbstractFlushingEventListener - Flushing entities and processing referenced collections
2021-11-19T10:23:56,133|[DEBUG] Collections - Collection found: [bloodbank.entity.Person.contacts#1], was: [<unreferenced>] (initialized)
2021-11-19T10:23:56,133|[DEBUG] Collections - Collection found: [bloodbank.entity.Person.donations#1], was: [<unreferenced>] (initialized)
2021-11-19T10:23:56,133|[TRACE] AbstractFlushingEventListener - Processing unreferenced collections
2021-11-19T10:23:56,133|[TRACE] AbstractFlushingEventListener - Scheduling collection removes/(re)creates/updates
2021-11-19T10:23:56,133|[DEBUG] AbstractFlushingEventListener - Flushed: 0 insertions, 0 updates, 0 deletions to 1 objects
2021-11-19T10:23:56,133|[DEBUG] AbstractFlushingEventListener - Flushed: 2 (re)creations, 0 updates, 0 removals to 2 collections
2021-11-19T10:23:56,133|[DEBUG] EntityPrinter - Listing entities:
2021-11-19T10:23:56,133|[DEBUG] EntityPrinter - bloodbank.entity.Person{firstName=Simzhuo, lastName=Aho, donations=[], id=1, epochCreated=1637335436130, version=0, contacts=[], epochUpdated=1637335436130}
2021-11-19T10:23:56,133|[TRACE] AbstractFlushingEventListener - Executing flush
2021-11-19T10:23:56,133|[TRACE] JdbcCoordinatorImpl - Starting after statement execution processing [AFTER_TRANSACTION]
2021-11-19T10:23:56,133|[TRACE] AbstractFlushingEventListener - Post flush
2021-11-19T10:23:56,133|[TRACE] AbstractLogicalConnectionImplementor - LogicalConnection#beforeTransactionCompletion
2021-11-19T10:23:56,133|[TRACE] SynchronizationRegistryStandardImpl - SynchronizationRegistryStandardImpl.notifySynchronizationsBeforeTransactionCompletion
2021-11-19T10:23:56,133|[TRACE] AbstractLogicalConnectionImplementor - Preparing to commit transaction via JDBC Connection.commit()
2021-11-19T10:23:56,136|[TRACE] AbstractLogicalConnectionImplementor - Transaction committed via JDBC Connection.commit()
2021-11-19T10:23:56,136|[TRACE] AbstractLogicalConnectionImplementor - LogicalConnection#afterTransaction
2021-11-19T10:23:56,136|[TRACE] ResourceRegistryStandardImpl - Releasing JDBC resources
2021-11-19T10:23:56,136|[DEBUG] LogicalConnectionManagedImpl - Initiating JDBC connection release from afterTransaction
2021-11-19T10:23:56,136|[TRACE] ResourceRegistryStandardImpl - Releasing JDBC resources
2021-11-19T10:23:56,136|[TRACE] JdbcResourceLocalTransactionCoordinatorImpl - ResourceLocalTransactionCoordinatorImpl#afterCompletionCallback(true)
2021-11-19T10:23:56,136|[TRACE] SynchronizationRegistryStandardImpl - SynchronizationRegistryStandardImpl.notifySynchronizationsAfterTransactionCompletion(3)
2021-11-19T10:23:56,136|[TRACE] AbstractLogicalConnectionImplementor - LogicalConnection#afterTransaction
2021-11-19T10:23:56,136|[TRACE] ResourceRegistryStandardImpl - Releasing JDBC resources
2021-11-19T10:23:56,136|[DEBUG] LogicalConnectionManagedImpl - Initiating JDBC connection release from afterTransaction
2021-11-19T10:23:56,136|[TRACE] SessionImpl - SessionImpl#afterTransactionCompletion(successful=true, delayed=false)
2021-11-19T10:23:56,136|[DEBUG] CriteriaQueryImpl - Rendered criteria query -> select count(generatedAlias0) from Person as generatedAlias0 where generatedAlias0.id=:id
2021-11-19T10:23:56,136|[TRACE] QueryPlanCache - Unable to locate HQL query plan in cache; generating (select count(generatedAlias0) from Person as generatedAlias0 where generatedAlias0.id=:id)
2021-11-19T10:23:56,136|[DEBUG] QueryTranslatorImpl - parse() - HQL: select count(generatedAlias0) from bloodbank.entity.Person as generatedAlias0 where generatedAlias0.id=:id
2021-11-19T10:23:56,136|[TRACE] HqlParser - -> statement
2021-11-19T10:23:56,136|[TRACE] HqlParser - ---> selectStatement
2021-11-19T10:23:56,136|[TRACE] HqlParser - -----> queryRule
2021-11-19T10:23:56,136|[TRACE] HqlParser - -------> selectFrom
2021-11-19T10:23:56,136|[TRACE] HqlParser - ---------> selectClause
2021-11-19T10:23:56,136|[TRACE] HqlParser - -----------> selectedPropertiesList
2021-11-19T10:23:56,136|[TRACE] HqlParser - -------------> aliasedExpression
2021-11-19T10:23:56,136|[TRACE] HqlParser - ---------------> expression
2021-11-19T10:23:56,136|[TRACE] HqlParser - -----------------> logicalOrExpression
2021-11-19T10:23:56,136|[TRACE] HqlParser - -------------------> logicalAndExpression
2021-11-19T10:23:56,136|[TRACE] HqlParser - ---------------------> negatedExpression
2021-11-19T10:23:56,137|[TRACE] HqlParser - -----------------------> equalityExpression
2021-11-19T10:23:56,137|[TRACE] HqlParser - -------------------------> relationalExpression
2021-11-19T10:23:56,137|[TRACE] HqlParser - ---------------------------> concatenation
2021-11-19T10:23:56,137|[TRACE] HqlParser - -----------------------------> additiveExpression
2021-11-19T10:23:56,137|[TRACE] HqlParser - -------------------------------> multiplyExpression
2021-11-19T10:23:56,137|[TRACE] HqlParser - ---------------------------------> unaryExpression
2021-11-19T10:23:56,137|[TRACE] HqlParser - -----------------------------------> atom
2021-11-19T10:23:56,137|[TRACE] HqlParser - -------------------------------------> primaryExpression
2021-11-19T10:23:56,137|[TRACE] HqlParser - ---------------------------------------> identPrimary
2021-11-19T10:23:56,137|[TRACE] HqlParser - -----------------------------------------> aggregate
2021-11-19T10:23:56,137|[TRACE] HqlParser - -------------------------------------------> path
2021-11-19T10:23:56,137|[TRACE] HqlParser - ---------------------------------------------> identifier
2021-11-19T10:23:56,137|[TRACE] HqlParser - <--------------------------------------------- identifier
2021-11-19T10:23:56,137|[TRACE] HqlParser - <------------------------------------------- path
2021-11-19T10:23:56,137|[TRACE] HqlParser - <----------------------------------------- aggregate
2021-11-19T10:23:56,137|[TRACE] HqlParser - <--------------------------------------- identPrimary
2021-11-19T10:23:56,137|[TRACE] HqlParser - <------------------------------------- primaryExpression
2021-11-19T10:23:56,137|[TRACE] HqlParser - <----------------------------------- atom
2021-11-19T10:23:56,137|[TRACE] HqlParser - <--------------------------------- unaryExpression
2021-11-19T10:23:56,137|[TRACE] HqlParser - <------------------------------- multiplyExpression
2021-11-19T10:23:56,137|[TRACE] HqlParser - <----------------------------- additiveExpression
2021-11-19T10:23:56,137|[TRACE] HqlParser - <--------------------------- concatenation
2021-11-19T10:23:56,137|[TRACE] HqlParser - <------------------------- relationalExpression
2021-11-19T10:23:56,137|[TRACE] HqlParser - <----------------------- equalityExpression
2021-11-19T10:23:56,137|[TRACE] HqlParser - <--------------------- negatedExpression
2021-11-19T10:23:56,137|[TRACE] HqlParser - <------------------- logicalAndExpression
2021-11-19T10:23:56,137|[TRACE] HqlParser - <----------------- logicalOrExpression
2021-11-19T10:23:56,137|[TRACE] HqlParser - <--------------- expression
2021-11-19T10:23:56,137|[TRACE] HqlParser - <------------- aliasedExpression
2021-11-19T10:23:56,137|[TRACE] HqlParser - <----------- selectedPropertiesList
2021-11-19T10:23:56,137|[TRACE] HqlParser - <--------- selectClause
2021-11-19T10:23:56,137|[TRACE] HqlParser - ---------> fromClause
2021-11-19T10:23:56,137|[TRACE] HqlParser - -----------> fromRange
2021-11-19T10:23:56,137|[TRACE] HqlParser - -------------> fromClassOrOuterQueryPath
2021-11-19T10:23:56,141|[TRACE] HqlParser - ---------------> path
2021-11-19T10:23:56,141|[TRACE] HqlParser - -----------------> identifier
2021-11-19T10:23:56,141|[TRACE] HqlParser - <----------------- identifier
2021-11-19T10:23:56,141|[TRACE] HqlParser - -----------------> identifier
2021-11-19T10:23:56,141|[TRACE] HqlParser - <----------------- identifier
2021-11-19T10:23:56,141|[TRACE] HqlParser - -----------------> identifier
2021-11-19T10:23:56,141|[TRACE] HqlParser - <----------------- identifier
2021-11-19T10:23:56,141|[TRACE] HqlParser - <--------------- path
2021-11-19T10:23:56,141|[TRACE] HqlParser - ---------------> asAlias
2021-11-19T10:23:56,141|[TRACE] HqlParser - -----------------> alias
2021-11-19T10:23:56,141|[TRACE] HqlParser - -------------------> identifier
2021-11-19T10:23:56,141|[TRACE] HqlParser - <------------------- identifier
2021-11-19T10:23:56,141|[TRACE] HqlParser - <----------------- alias
2021-11-19T10:23:56,141|[TRACE] HqlParser - <--------------- asAlias
2021-11-19T10:23:56,141|[TRACE] HqlParser - <------------- fromClassOrOuterQueryPath
2021-11-19T10:23:56,141|[TRACE] HqlParser - <----------- fromRange
2021-11-19T10:23:56,141|[TRACE] HqlParser - <--------- fromClause
2021-11-19T10:23:56,141|[TRACE] HqlParser - <------- selectFrom
2021-11-19T10:23:56,141|[TRACE] HqlParser - -------> whereClause
2021-11-19T10:23:56,141|[TRACE] HqlParser - ---------> logicalExpression
2021-11-19T10:23:56,141|[TRACE] HqlParser - -----------> expression
2021-11-19T10:23:56,141|[TRACE] HqlParser - -------------> logicalOrExpression
2021-11-19T10:23:56,141|[TRACE] HqlParser - ---------------> logicalAndExpression
2021-11-19T10:23:56,141|[TRACE] HqlParser - -----------------> negatedExpression
2021-11-19T10:23:56,141|[TRACE] HqlParser - -------------------> equalityExpression
2021-11-19T10:23:56,141|[TRACE] HqlParser - ---------------------> relationalExpression
2021-11-19T10:23:56,141|[TRACE] HqlParser - -----------------------> concatenation
2021-11-19T10:23:56,141|[TRACE] HqlParser - -------------------------> additiveExpression
2021-11-19T10:23:56,141|[TRACE] HqlParser - ---------------------------> multiplyExpression
2021-11-19T10:23:56,141|[TRACE] HqlParser - -----------------------------> unaryExpression
2021-11-19T10:23:56,141|[TRACE] HqlParser - -------------------------------> atom
2021-11-19T10:23:56,141|[TRACE] HqlParser - ---------------------------------> primaryExpression
2021-11-19T10:23:56,141|[TRACE] HqlParser - -----------------------------------> identPrimary
2021-11-19T10:23:56,141|[TRACE] HqlParser - -------------------------------------> identPrimaryBase
2021-11-19T10:23:56,141|[TRACE] HqlParser - ---------------------------------------> identifier
2021-11-19T10:23:56,141|[TRACE] HqlParser - <--------------------------------------- identifier
2021-11-19T10:23:56,141|[TRACE] HqlParser - <------------------------------------- identPrimaryBase
2021-11-19T10:23:56,141|[TRACE] HqlParser - -------------------------------------> identifier
2021-11-19T10:23:56,142|[TRACE] HqlParser - <------------------------------------- identifier
2021-11-19T10:23:56,142|[TRACE] HqlParser - <----------------------------------- identPrimary
2021-11-19T10:23:56,142|[TRACE] HqlParser - <--------------------------------- primaryExpression
2021-11-19T10:23:56,142|[TRACE] HqlParser - <------------------------------- atom
2021-11-19T10:23:56,142|[TRACE] HqlParser - <----------------------------- unaryExpression
2021-11-19T10:23:56,142|[TRACE] HqlParser - <--------------------------- multiplyExpression
2021-11-19T10:23:56,142|[TRACE] HqlParser - <------------------------- additiveExpression
2021-11-19T10:23:56,142|[TRACE] HqlParser - <----------------------- concatenation
2021-11-19T10:23:56,142|[TRACE] HqlParser - <--------------------- relationalExpression
2021-11-19T10:23:56,142|[TRACE] HqlParser - ---------------------> relationalExpression
2021-11-19T10:23:56,142|[TRACE] HqlParser - -----------------------> concatenation
2021-11-19T10:23:56,142|[TRACE] HqlParser - -------------------------> additiveExpression
2021-11-19T10:23:56,142|[TRACE] HqlParser - ---------------------------> multiplyExpression
2021-11-19T10:23:56,142|[TRACE] HqlParser - -----------------------------> unaryExpression
2021-11-19T10:23:56,142|[TRACE] HqlParser - -------------------------------> atom
2021-11-19T10:23:56,142|[TRACE] HqlParser - ---------------------------------> primaryExpression
2021-11-19T10:23:56,142|[TRACE] HqlParser - -----------------------------------> parameter
2021-11-19T10:23:56,142|[TRACE] HqlParser - <----------------------------------- parameter
2021-11-19T10:23:56,142|[TRACE] HqlParser - <--------------------------------- primaryExpression
2021-11-19T10:23:56,142|[TRACE] HqlParser - <------------------------------- atom
2021-11-19T10:23:56,142|[TRACE] HqlParser - <----------------------------- unaryExpression
2021-11-19T10:23:56,142|[TRACE] HqlParser - <--------------------------- multiplyExpression
2021-11-19T10:23:56,142|[TRACE] HqlParser - <------------------------- additiveExpression
2021-11-19T10:23:56,142|[TRACE] HqlParser - <----------------------- concatenation
2021-11-19T10:23:56,142|[TRACE] HqlParser - <--------------------- relationalExpression
2021-11-19T10:23:56,142|[TRACE] HqlParser - <------------------- equalityExpression
2021-11-19T10:23:56,142|[TRACE] HqlParser - <----------------- negatedExpression
2021-11-19T10:23:56,142|[TRACE] HqlParser - <--------------- logicalAndExpression
2021-11-19T10:23:56,142|[TRACE] HqlParser - <------------- logicalOrExpression
2021-11-19T10:23:56,142|[TRACE] HqlParser - <----------- expression
2021-11-19T10:23:56,142|[TRACE] HqlParser - <--------- logicalExpression
2021-11-19T10:23:56,142|[TRACE] HqlParser - <------- whereClause
2021-11-19T10:23:56,142|[TRACE] HqlParser - <----- queryRule
2021-11-19T10:23:56,142|[TRACE] HqlParser - <--- selectStatement
2021-11-19T10:23:56,142|[TRACE] HqlParser - <- statement
2021-11-19T10:23:56,142|[DEBUG] ErrorTracker - throwQueryException() : no errors
2021-11-19T10:23:56,142|[DEBUG] QueryTranslatorImpl - --- HQL AST ---
 \-[QUERY] Node: 'query'
    +-[SELECT_FROM] Node: 'SELECT_FROM'
    |  +-[FROM] Node: 'from'
    |  |  \-[RANGE] Node: 'RANGE'
    |  |     +-[DOT] Node: '.'
    |  |     |  +-[DOT] Node: '.'
    |  |     |  |  +-[IDENT] Node: 'bloodbank'
    |  |     |  |  \-[IDENT] Node: 'entity'
    |  |     |  \-[IDENT] Node: 'Person'
    |  |     \-[ALIAS] Node: 'generatedAlias0'
    |  \-[SELECT] Node: 'select'
    |     \-[COUNT] Node: 'count'
    |        \-[IDENT] Node: 'generatedAlias0'
    \-[WHERE] Node: 'where'
       \-[EQ] Node: '='
          +-[DOT] Node: '.'
          |  +-[IDENT] Node: 'generatedAlias0'
          |  \-[IDENT] Node: 'id'
          \-[COLON] Node: ':'
             \-[IDENT] Node: 'id'

2021-11-19T10:23:56,142|[DEBUG] HqlSqlBaseWalker - select << begin [level=1, statement=select]
2021-11-19T10:23:56,142|[DEBUG] FromElement - FromClause{level=1} : bloodbank.entity.Person (generatedAlias0) -> person0_
2021-11-19T10:23:56,142|[DEBUG] FromReferenceNode - Resolved : generatedAlias0 -> person0_.id
2021-11-19T10:23:56,142|[DEBUG] FromReferenceNode - Resolved : generatedAlias0 -> person0_.id
2021-11-19T10:23:56,142|[TRACE] FromElement - Handling property dereference [bloodbank.entity.Person (generatedAlias0) -> id (class)]
2021-11-19T10:23:56,142|[DEBUG] DotNode - getDataType() : id -> org.hibernate.type.IntegerType@6892cc6f
2021-11-19T10:23:56,142|[DEBUG] FromReferenceNode - Resolved : generatedAlias0.id -> person0_.id
2021-11-19T10:23:56,142|[DEBUG] HqlSqlBaseWalker - select : finishing up [level=1, statement=select]
2021-11-19T10:23:56,142|[DEBUG] HqlSqlWalker - processQuery() :  ( SELECT ( {select clause} ( count person0_.id ) ) ( FromClause{level=1} person person0_ ) ( where ( = ( person0_.id person0_.id id ) ? ) ) )
2021-11-19T10:23:56,142|[DEBUG] JoinProcessor - Tables referenced from query nodes:
 \-QueryNode
    +-SelectClause
    |  +-CountNode
    |  |  \-IdentNode
    |  |    persister: SingleTableEntityPersister(bloodbank.entity.Person)
    |  |    originalText: generatedAlias0
    |  \-SqlNode
    +-FromClause
    |  \-FromElement
    \-SqlNode
       \-BinaryLogicOperatorNode
          +-DotNode
          | persister: SingleTableEntityPersister(bloodbank.entity.Person)
          | path: generatedAlias0.id
          |  +-IdentNode
          |  | persister: SingleTableEntityPersister(bloodbank.entity.Person)
          |  | originalText: generatedAlias0
          |  \-IdentNode
          |    persister: null
          |    originalText: id
          \-ParameterNode

2021-11-19T10:23:56,143|[DEBUG] JoinProcessor - Using FROM fragment [person person0_]
2021-11-19T10:23:56,143|[DEBUG] HqlSqlBaseWalker - select >> end [level=1, statement=select]
2021-11-19T10:23:56,143|[DEBUG] QueryTranslatorImpl - --- SQL AST ---
 \-[SELECT] QueryNode: 'SELECT'  querySpaces (person)
    +-[SELECT_CLAUSE] SelectClause: '{select clause}'
    |  +-[COUNT] CountNode: 'count'
    |  |  \-[ALIAS_REF] IdentNode: 'person0_.id' {alias=generatedAlias0, className=bloodbank.entity.Person, tableAlias=person0_}
    |  \-[SELECT_COLUMNS] SqlNode: ' as col_0_0_'
    +-[FROM] FromClause: 'from' FromClause{level=1, fromElementCounter=1, fromElements=1, fromElementByClassAlias=[generatedAlias0], fromElementByTableAlias=[person0_], fromElementsByPath=[], collectionJoinFromElementsByPath=[], impliedElements=[]}
    |  \-[FROM_FRAGMENT] FromElement: 'person person0_' FromElement{explicit,not a collection join,not a fetch join,fetch non-lazy properties,classAlias=generatedAlias0,role=null,tableName=person,tableAlias=person0_,origin=null,columns={,className=bloodbank.entity.Person}}
    \-[WHERE] SqlNode: 'where'
       \-[EQ] BinaryLogicOperatorNode: '='
          +-[DOT] DotNode: 'person0_.id' {propertyName=id,dereferenceType=PRIMITIVE,getPropertyPath=id,path=generatedAlias0.id,tableAlias=person0_,className=bloodbank.entity.Person,classAlias=generatedAlias0}
          |  +-[ALIAS_REF] IdentNode: 'person0_.id' {alias=generatedAlias0, className=bloodbank.entity.Person, tableAlias=person0_}
          |  \-[IDENT] IdentNode: 'id' {originalText=id}
          \-[NAMED_PARAM] ParameterNode: '?' {name=id, expectedType=org.hibernate.type.IntegerType@6892cc6f}

2021-11-19T10:23:56,143|[DEBUG] ErrorTracker - throwQueryException() : no errors
2021-11-19T10:23:56,143|[DEBUG] QueryTranslatorImpl - HQL: select count(generatedAlias0) from bloodbank.entity.Person as generatedAlias0 where generatedAlias0.id=:id
2021-11-19T10:23:56,143|[DEBUG] QueryTranslatorImpl - SQL: select count(person0_.id) as col_0_0_ from person person0_ where person0_.id=?
2021-11-19T10:23:56,143|[DEBUG] ErrorTracker - throwQueryException() : no errors
2021-11-19T10:23:56,143|[TRACE] QueryPlanCache - Located HQL query plan in cache (select count(generatedAlias0) from Person as generatedAlias0 where generatedAlias0.id=:id)
2021-11-19T10:23:56,143|[TRACE] QueryPlanCache - Located HQL query plan in cache (select count(generatedAlias0) from Person as generatedAlias0 where generatedAlias0.id=:id)
2021-11-19T10:23:56,143|[TRACE] HQLQueryPlan - Find: select count(generatedAlias0) from Person as generatedAlias0 where generatedAlias0.id=:id
2021-11-19T10:23:56,143|[TRACE] QueryParameters - Named parameters: {id=1}
2021-11-19T10:23:56,143|[DEBUG] SQL - 
    /* select
        count(generatedAlias0) 
    from
        Person as generatedAlias0 
    where
        generatedAlias0.id=:id */ select
            count(person0_.id) as col_0_0_ 
        from
            person person0_ 
        where
            person0_.id=?
2021-11-19T10:23:56,143|[TRACE] ResourceRegistryStandardImpl - Registering statement [com.mysql.cj.jdbc.ClientPreparedStatement: /* select count(generatedAlias0) from Person as generatedAlias0 where generatedAlias0.id=:id */ select count(person0_.id) as col_0_0_ from person person0_ where person0_.id=** NOT SPECIFIED **]
2021-11-19T10:23:56,143|[TRACE] JdbcCoordinatorImpl - Registering last query statement [com.mysql.cj.jdbc.ClientPreparedStatement: /* select count(generatedAlias0) from Person as generatedAlias0 where generatedAlias0.id=:id */ select count(person0_.id) as col_0_0_ from person person0_ where person0_.id=** NOT SPECIFIED **]
2021-11-19T10:23:56,144|[TRACE] BasicBinder - binding parameter [1] as [INTEGER] - [1]
2021-11-19T10:23:56,144|[TRACE] Loader - Bound [2] parameters total
2021-11-19T10:23:56,144|[TRACE] ResourceRegistryStandardImpl - Registering result set [com.mysql.cj.jdbc.result.ResultSetImpl@1f6ba47b]
2021-11-19T10:23:56,144|[TRACE] Loader - Processing result set
2021-11-19T10:23:56,144|[DEBUG] Loader - Result set row: 0
2021-11-19T10:23:56,144|[DEBUG] Loader - Result row: 
2021-11-19T10:23:56,144|[TRACE] BasicExtractor - extracted value ([col_0_0_] : [BIGINT]) - [1]
2021-11-19T10:23:56,144|[TRACE] Loader - Done processing result set (1 rows)
2021-11-19T10:23:56,144|[TRACE] ResourceRegistryStandardImpl - Releasing statement [com.mysql.cj.jdbc.ClientPreparedStatement: /* select count(generatedAlias0) from Person as generatedAlias0 where generatedAlias0.id=:id */ select count(person0_.id) as col_0_0_ from person person0_ where person0_.id=1]
2021-11-19T10:23:56,144|[TRACE] ResourceRegistryStandardImpl - Closing result set [com.mysql.cj.jdbc.result.ResultSetImpl@1f6ba47b]
2021-11-19T10:23:56,144|[TRACE] ResourceRegistryStandardImpl - Closing prepared statement [com.mysql.cj.jdbc.ClientPreparedStatement: /* select count(generatedAlias0) from Person as generatedAlias0 where generatedAlias0.id=:id */ select count(person0_.id) as col_0_0_ from person person0_ where person0_.id=1]
2021-11-19T10:23:56,144|[TRACE] JdbcCoordinatorImpl - Starting after statement execution processing [AFTER_TRANSACTION]
2021-11-19T10:23:56,144|[TRACE] StatefulPersistenceContext - Initializing non-lazy collections
2021-11-19T10:23:56,144|[TRACE] AbstractLogicalConnectionImplementor - LogicalConnection#afterTransaction
2021-11-19T10:23:56,144|[TRACE] ResourceRegistryStandardImpl - Releasing JDBC resources
2021-11-19T10:23:56,144|[DEBUG] LogicalConnectionManagedImpl - Initiating JDBC connection release from afterTransaction
2021-11-19T10:23:56,145|[TRACE] ResourceRegistryStandardImpl - Releasing JDBC resources
2021-11-19T10:23:56,145|[TRACE] SessionImpl - Closing session [2ec4de3c-cd5b-463a-ab4f-ac10bb48387d]
2021-11-19T10:23:56,145|[TRACE] JdbcCoordinatorImpl - Closing JDBC container [org.hibernate.engine.jdbc.internal.JdbcCoordinatorImpl@1bb78ae]
2021-11-19T10:23:56,145|[TRACE] ResourceRegistryStandardImpl - Releasing JDBC resources
2021-11-19T10:23:56,145|[TRACE] LogicalConnectionManagedImpl - Closing logical connection
2021-11-19T10:23:56,145|[TRACE] LogicalConnectionManagedImpl - Logical connection closed
]]></system-out>
  </testcase>
  <testcase name="testCreateInvalid" classname="bloodbank.entity.TestCRUDPerson" time="0.005">
    <system-out><![CDATA[2021-11-19T10:23:56,146|[TRACE] SessionFactoryImpl$SessionBuilderImpl - Opening Hibernate Session.  tenant=null
2021-11-19T10:23:56,146|[TRACE] SessionImpl - Opened Session [40f120de-06a2-4c26-8e1b-47d8c8885078] at timestamp: 1637335436146
2021-11-19T10:23:56,146|[DEBUG] TransactionImpl - On TransactionImpl creation, JpaCompliance#isJpaTransactionComplianceEnabled == false
2021-11-19T10:23:56,146|[DEBUG] TransactionImpl - begin
2021-11-19T10:23:56,147|[TRACE] AbstractLogicalConnectionImplementor - Preparing to begin transaction via JDBC Connection.setAutoCommit(false)
2021-11-19T10:23:56,147|[TRACE] AbstractLogicalConnectionImplementor - Transaction begun via JDBC Connection.setAutoCommit(false)
2021-11-19T10:23:56,147|[TRACE] JdbcResourceLocalTransactionCoordinatorImpl - ResourceLocalTransactionCoordinatorImpl#afterBeginCallback
2021-11-19T10:23:56,148|[TRACE] VersionValue - Version unsaved-value strategy UNDEFINED
2021-11-19T10:23:56,148|[TRACE] IdentifierValue - ID unsaved-value: 0
2021-11-19T10:23:56,148|[TRACE] EntityState - Transient instance of: bloodbank.entity.Person
2021-11-19T10:23:56,148|[TRACE] DefaultPersistEventListener - Saving transient instance
2021-11-19T10:23:56,148|[TRACE] AbstractSaveEventListener - Saving [bloodbank.entity.Person#<null>]
2021-11-19T10:23:56,148|[TRACE] Cascade - Processing cascade ACTION_PERSIST for: bloodbank.entity.Person
2021-11-19T10:23:56,148|[TRACE] Cascade - Done processing cascade ACTION_PERSIST for: bloodbank.entity.Person
2021-11-19T10:23:56,148|[TRACE] Versioning - Using initial version: 0
2021-11-19T10:23:56,148|[TRACE] WrapVisitor - Wrapped collection in role: bloodbank.entity.Person.contacts
2021-11-19T10:23:56,148|[TRACE] WrapVisitor - Wrapped collection in role: bloodbank.entity.Person.donations
2021-11-19T10:23:56,148|[TRACE] ActionQueue - Adding an EntityIdentityInsertAction for [bloodbank.entity.Person] object
2021-11-19T10:23:56,148|[TRACE] ActionQueue - Executing inserts before finding non-nullable transient entities for early insert: [EntityIdentityInsertAction[bloodbank.entity.Person#<null>]]
2021-11-19T10:23:56,148|[TRACE] ActionQueue - Adding insert with no non-nullable, transient entities: [EntityIdentityInsertAction[bloodbank.entity.Person#<null>]]
2021-11-19T10:23:56,148|[TRACE] ActionQueue - Executing insertions before resolved early-insert
2021-11-19T10:23:56,148|[DEBUG] ActionQueue - Executing identity-insert immediately
2021-11-19T10:23:56,148|[DEBUG] JdbcResourceLocalTransactionCoordinatorImpl - JDBC transaction marked for rollback-only (exception provided for stack trace)
java.lang.Exception: exception just for purpose of providing stack trace
	at org.hibernate.resource.transaction.backend.jdbc.internal.JdbcResourceLocalTransactionCoordinatorImpl$TransactionDriverControlImpl.markRollbackOnly(JdbcResourceLocalTransactionCoordinatorImpl.java:324) ~[hibernate-core-5.4.27.Final.jar:?]
	at org.hibernate.engine.transaction.internal.TransactionImpl.markRollbackOnly(TransactionImpl.java:203) ~[hibernate-core-5.4.27.Final.jar:?]
	at org.hibernate.internal.AbstractSharedSessionContract.markForRollbackOnly(AbstractSharedSessionContract.java:396) ~[hibernate-core-5.4.27.Final.jar:?]
	at org.hibernate.internal.ExceptionConverterImpl.handlePersistenceException(ExceptionConverterImpl.java:297) ~[hibernate-core-5.4.27.Final.jar:?]
	at org.hibernate.internal.ExceptionConverterImpl.convert(ExceptionConverterImpl.java:155) ~[hibernate-core-5.4.27.Final.jar:?]
	at org.hibernate.internal.ExceptionConverterImpl.convert(ExceptionConverterImpl.java:181) ~[hibernate-core-5.4.27.Final.jar:?]
	at org.hibernate.internal.ExceptionConverterImpl.convert(ExceptionConverterImpl.java:188) ~[hibernate-core-5.4.27.Final.jar:?]
	at org.hibernate.internal.SessionImpl.firePersist(SessionImpl.java:726) ~[hibernate-core-5.4.27.Final.jar:?]
	at org.hibernate.internal.SessionImpl.persist(SessionImpl.java:706) ~[hibernate-core-5.4.27.Final.jar:?]
	at bloodbank.entity.TestCRUDPerson.lambda$testCreateInvalid$0(TestCRUDPerson.java:69) ~[test-classes/:?]
	at org.junit.jupiter.api.AssertThrows.assertThrows(AssertThrows.java:55) ~[junit-jupiter-api-5.7.0.jar:5.7.0]
	at org.junit.jupiter.api.AssertThrows.assertThrows(AssertThrows.java:37) ~[junit-jupiter-api-5.7.0.jar:5.7.0]
	at org.junit.jupiter.api.Assertions.assertThrows(Assertions.java:3007) ~[junit-jupiter-api-5.7.0.jar:5.7.0]
	at bloodbank.entity.TestCRUDPerson.testCreateInvalid(TestCRUDPerson.java:69) ~[test-classes/:?]
	at jdk.internal.reflect.NativeMethodAccessorImpl.invoke0(Native Method) ~[?:?]
	at jdk.internal.reflect.NativeMethodAccessorImpl.invoke(NativeMethodAccessorImpl.java:62) ~[?:?]
	at jdk.internal.reflect.DelegatingMethodAccessorImpl.invoke(DelegatingMethodAccessorImpl.java:43) ~[?:?]
	at java.lang.reflect.Method.invoke(Method.java:566) ~[?:?]
	at org.junit.platform.commons.util.ReflectionUtils.invokeMethod(ReflectionUtils.java:688) ~[junit-platform-commons-1.7.0.jar:1.7.0]
	at org.junit.jupiter.engine.execution.MethodInvocation.proceed(MethodInvocation.java:60) ~[junit-jupiter-engine-5.7.0.jar:5.7.0]
	at org.junit.jupiter.engine.execution.InvocationInterceptorChain$ValidatingInvocation.proceed(InvocationInterceptorChain.java:131) ~[junit-jupiter-engine-5.7.0.jar:5.7.0]
	at org.junit.jupiter.engine.extension.TimeoutExtension.intercept(TimeoutExtension.java:149) ~[junit-jupiter-engine-5.7.0.jar:5.7.0]
	at org.junit.jupiter.engine.extension.TimeoutExtension.interceptTestableMethod(TimeoutExtension.java:140) ~[junit-jupiter-engine-5.7.0.jar:5.7.0]
	at org.junit.jupiter.engine.extension.TimeoutExtension.interceptTestMethod(TimeoutExtension.java:84) ~[junit-jupiter-engine-5.7.0.jar:5.7.0]
	at org.junit.jupiter.engine.execution.ExecutableInvoker$ReflectiveInterceptorCall.lambda$ofVoidMethod$0(ExecutableInvoker.java:115) ~[junit-jupiter-engine-5.7.0.jar:5.7.0]
	at org.junit.jupiter.engine.execution.ExecutableInvoker.lambda$invoke$0(ExecutableInvoker.java:105) ~[junit-jupiter-engine-5.7.0.jar:5.7.0]
	at org.junit.jupiter.engine.execution.InvocationInterceptorChain$InterceptedInvocation.proceed(InvocationInterceptorChain.java:106) ~[junit-jupiter-engine-5.7.0.jar:5.7.0]
	at org.junit.jupiter.engine.execution.InvocationInterceptorChain.proceed(InvocationInterceptorChain.java:64) ~[junit-jupiter-engine-5.7.0.jar:5.7.0]
	at org.junit.jupiter.engine.execution.InvocationInterceptorChain.chainAndInvoke(InvocationInterceptorChain.java:45) ~[junit-jupiter-engine-5.7.0.jar:5.7.0]
	at org.junit.jupiter.engine.execution.InvocationInterceptorChain.invoke(InvocationInterceptorChain.java:37) ~[junit-jupiter-engine-5.7.0.jar:5.7.0]
	at org.junit.jupiter.engine.execution.ExecutableInvoker.invoke(ExecutableInvoker.java:104) ~[junit-jupiter-engine-5.7.0.jar:5.7.0]
	at org.junit.jupiter.engine.execution.ExecutableInvoker.invoke(ExecutableInvoker.java:98) ~[junit-jupiter-engine-5.7.0.jar:5.7.0]
	at org.junit.jupiter.engine.descriptor.TestMethodTestDescriptor.lambda$invokeTestMethod$6(TestMethodTestDescriptor.java:210) ~[junit-jupiter-engine-5.7.0.jar:5.7.0]
	at org.junit.platform.engine.support.hierarchical.ThrowableCollector.execute(ThrowableCollector.java:73) ~[junit-platform-engine-1.7.0.jar:1.7.0]
	at org.junit.jupiter.engine.descriptor.TestMethodTestDescriptor.invokeTestMethod(TestMethodTestDescriptor.java:206) ~[junit-jupiter-engine-5.7.0.jar:5.7.0]
	at org.junit.jupiter.engine.descriptor.TestMethodTestDescriptor.execute(TestMethodTestDescriptor.java:131) ~[junit-jupiter-engine-5.7.0.jar:5.7.0]
	at org.junit.jupiter.engine.descriptor.TestMethodTestDescriptor.execute(TestMethodTestDescriptor.java:65) ~[junit-jupiter-engine-5.7.0.jar:5.7.0]
	at org.junit.platform.engine.support.hierarchical.NodeTestTask.lambda$executeRecursively$5(NodeTestTask.java:139) ~[junit-platform-engine-1.7.0.jar:1.7.0]
	at org.junit.platform.engine.support.hierarchical.ThrowableCollector.execute(ThrowableCollector.java:73) ~[junit-platform-engine-1.7.0.jar:1.7.0]
	at org.junit.platform.engine.support.hierarchical.NodeTestTask.lambda$executeRecursively$7(NodeTestTask.java:129) ~[junit-platform-engine-1.7.0.jar:1.7.0]
	at org.junit.platform.engine.support.hierarchical.Node.around(Node.java:137) ~[junit-platform-engine-1.7.0.jar:1.7.0]
	at org.junit.platform.engine.support.hierarchical.NodeTestTask.lambda$executeRecursively$8(NodeTestTask.java:127) ~[junit-platform-engine-1.7.0.jar:1.7.0]
	at org.junit.platform.engine.support.hierarchical.ThrowableCollector.execute(ThrowableCollector.java:73) ~[junit-platform-engine-1.7.0.jar:1.7.0]
	at org.junit.platform.engine.support.hierarchical.NodeTestTask.executeRecursively(NodeTestTask.java:126) ~[junit-platform-engine-1.7.0.jar:1.7.0]
	at org.junit.platform.engine.support.hierarchical.NodeTestTask.execute(NodeTestTask.java:84) ~[junit-platform-engine-1.7.0.jar:1.7.0]
	at java.util.ArrayList.forEach(ArrayList.java:1541) ~[?:?]
	at org.junit.platform.engine.support.hierarchical.SameThreadHierarchicalTestExecutorService.invokeAll(SameThreadHierarchicalTestExecutorService.java:38) ~[junit-platform-engine-1.7.0.jar:1.7.0]
	at org.junit.platform.engine.support.hierarchical.NodeTestTask.lambda$executeRecursively$5(NodeTestTask.java:143) ~[junit-platform-engine-1.7.0.jar:1.7.0]
	at org.junit.platform.engine.support.hierarchical.ThrowableCollector.execute(ThrowableCollector.java:73) ~[junit-platform-engine-1.7.0.jar:1.7.0]
	at org.junit.platform.engine.support.hierarchical.NodeTestTask.lambda$executeRecursively$7(NodeTestTask.java:129) ~[junit-platform-engine-1.7.0.jar:1.7.0]
	at org.junit.platform.engine.support.hierarchical.Node.around(Node.java:137) ~[junit-platform-engine-1.7.0.jar:1.7.0]
	at org.junit.platform.engine.support.hierarchical.NodeTestTask.lambda$executeRecursively$8(NodeTestTask.java:127) ~[junit-platform-engine-1.7.0.jar:1.7.0]
	at org.junit.platform.engine.support.hierarchical.ThrowableCollector.execute(ThrowableCollector.java:73) ~[junit-platform-engine-1.7.0.jar:1.7.0]
	at org.junit.platform.engine.support.hierarchical.NodeTestTask.executeRecursively(NodeTestTask.java:126) ~[junit-platform-engine-1.7.0.jar:1.7.0]
	at org.junit.platform.engine.support.hierarchical.NodeTestTask.execute(NodeTestTask.java:84) ~[junit-platform-engine-1.7.0.jar:1.7.0]
	at java.util.ArrayList.forEach(ArrayList.java:1541) ~[?:?]
	at org.junit.platform.engine.support.hierarchical.SameThreadHierarchicalTestExecutorService.invokeAll(SameThreadHierarchicalTestExecutorService.java:38) ~[junit-platform-engine-1.7.0.jar:1.7.0]
	at org.junit.platform.engine.support.hierarchical.NodeTestTask.lambda$executeRecursively$5(NodeTestTask.java:143) ~[junit-platform-engine-1.7.0.jar:1.7.0]
	at org.junit.platform.engine.support.hierarchical.ThrowableCollector.execute(ThrowableCollector.java:73) ~[junit-platform-engine-1.7.0.jar:1.7.0]
	at org.junit.platform.engine.support.hierarchical.NodeTestTask.lambda$executeRecursively$7(NodeTestTask.java:129) ~[junit-platform-engine-1.7.0.jar:1.7.0]
	at org.junit.platform.engine.support.hierarchical.Node.around(Node.java:137) ~[junit-platform-engine-1.7.0.jar:1.7.0]
	at org.junit.platform.engine.support.hierarchical.NodeTestTask.lambda$executeRecursively$8(NodeTestTask.java:127) ~[junit-platform-engine-1.7.0.jar:1.7.0]
	at org.junit.platform.engine.support.hierarchical.ThrowableCollector.execute(ThrowableCollector.java:73) ~[junit-platform-engine-1.7.0.jar:1.7.0]
	at org.junit.platform.engine.support.hierarchical.NodeTestTask.executeRecursively(NodeTestTask.java:126) ~[junit-platform-engine-1.7.0.jar:1.7.0]
	at org.junit.platform.engine.support.hierarchical.NodeTestTask.execute(NodeTestTask.java:84) ~[junit-platform-engine-1.7.0.jar:1.7.0]
	at org.junit.platform.engine.support.hierarchical.SameThreadHierarchicalTestExecutorService.submit(SameThreadHierarchicalTestExecutorService.java:32) ~[junit-platform-engine-1.7.0.jar:1.7.0]
	at org.junit.platform.engine.support.hierarchical.HierarchicalTestExecutor.execute(HierarchicalTestExecutor.java:57) ~[junit-platform-engine-1.7.0.jar:1.7.0]
	at org.junit.platform.engine.support.hierarchical.HierarchicalTestEngine.execute(HierarchicalTestEngine.java:51) ~[junit-platform-engine-1.7.0.jar:1.7.0]
	at org.junit.platform.launcher.core.EngineExecutionOrchestrator.execute(EngineExecutionOrchestrator.java:108) ~[junit-platform-launcher-1.7.0.jar:1.7.0]
	at org.junit.platform.launcher.core.EngineExecutionOrchestrator.execute(EngineExecutionOrchestrator.java:88) ~[junit-platform-launcher-1.7.0.jar:1.7.0]
	at org.junit.platform.launcher.core.EngineExecutionOrchestrator.lambda$execute$0(EngineExecutionOrchestrator.java:54) ~[junit-platform-launcher-1.7.0.jar:1.7.0]
	at org.junit.platform.launcher.core.EngineExecutionOrchestrator.withInterceptedStreams(EngineExecutionOrchestrator.java:67) [junit-platform-launcher-1.7.0.jar:1.7.0]
	at org.junit.platform.launcher.core.EngineExecutionOrchestrator.execute(EngineExecutionOrchestrator.java:52) [junit-platform-launcher-1.7.0.jar:1.7.0]
	at org.junit.platform.launcher.core.DefaultLauncher.execute(DefaultLauncher.java:96) [junit-platform-launcher-1.7.0.jar:1.7.0]
	at org.junit.platform.launcher.core.DefaultLauncher.execute(DefaultLauncher.java:75) [junit-platform-launcher-1.7.0.jar:1.7.0]
	at org.apache.maven.surefire.junitplatform.JUnitPlatformProvider.execute(JUnitPlatformProvider.java:188) [surefire-junit-platform-3.0.0-M5.jar:3.0.0-M5]
	at org.apache.maven.surefire.junitplatform.JUnitPlatformProvider.invokeAllTests(JUnitPlatformProvider.java:154) [surefire-junit-platform-3.0.0-M5.jar:3.0.0-M5]
	at org.apache.maven.surefire.junitplatform.JUnitPlatformProvider.invoke(JUnitPlatformProvider.java:128) [surefire-junit-platform-3.0.0-M5.jar:3.0.0-M5]
	at org.apache.maven.surefire.booter.ForkedBooter.runSuitesInProcess(ForkedBooter.java:428) [surefire-booter-3.0.0-M5.jar:3.0.0-M5]
	at org.apache.maven.surefire.booter.ForkedBooter.execute(ForkedBooter.java:162) [surefire-booter-3.0.0-M5.jar:3.0.0-M5]
	at org.apache.maven.surefire.booter.ForkedBooter.run(ForkedBooter.java:562) [surefire-booter-3.0.0-M5.jar:3.0.0-M5]
	at org.apache.maven.surefire.booter.ForkedBooter.main(ForkedBooter.java:548) [surefire-booter-3.0.0-M5.jar:3.0.0-M5]
2021-11-19T10:23:56,149|[DEBUG] TransactionImpl - committing
2021-11-19T10:23:56,149|[DEBUG] JdbcResourceLocalTransactionCoordinatorImpl - On commit, transaction was marked for roll-back only, rolling back
2021-11-19T10:23:56,149|[TRACE] AbstractLogicalConnectionImplementor - Preparing to rollback transaction via JDBC Connection.rollback()
2021-11-19T10:23:56,149|[TRACE] AbstractLogicalConnectionImplementor - Transaction rolled-back via JDBC Connection.rollback()
2021-11-19T10:23:56,149|[TRACE] AbstractLogicalConnectionImplementor - LogicalConnection#afterTransaction
2021-11-19T10:23:56,149|[TRACE] ResourceRegistryStandardImpl - Releasing JDBC resources
2021-11-19T10:23:56,149|[DEBUG] LogicalConnectionManagedImpl - Initiating JDBC connection release from afterTransaction
2021-11-19T10:23:56,150|[TRACE] ResourceRegistryStandardImpl - Releasing JDBC resources
2021-11-19T10:23:56,150|[TRACE] JdbcResourceLocalTransactionCoordinatorImpl - ResourceLocalTransactionCoordinatorImpl#afterCompletionCallback(false)
2021-11-19T10:23:56,150|[TRACE] SynchronizationRegistryStandardImpl - SynchronizationRegistryStandardImpl.notifySynchronizationsAfterTransactionCompletion(5)
2021-11-19T10:23:56,150|[TRACE] AbstractLogicalConnectionImplementor - LogicalConnection#afterTransaction
2021-11-19T10:23:56,150|[TRACE] ResourceRegistryStandardImpl - Releasing JDBC resources
2021-11-19T10:23:56,150|[DEBUG] LogicalConnectionManagedImpl - Initiating JDBC connection release from afterTransaction
2021-11-19T10:23:56,150|[TRACE] SessionImpl - SessionImpl#afterTransactionCompletion(successful=false, delayed=false)
2021-11-19T10:23:56,150|[TRACE] SessionImpl - Closing session [40f120de-06a2-4c26-8e1b-47d8c8885078]
2021-11-19T10:23:56,150|[TRACE] JdbcCoordinatorImpl - Closing JDBC container [org.hibernate.engine.jdbc.internal.JdbcCoordinatorImpl@6870a76f]
2021-11-19T10:23:56,150|[TRACE] ResourceRegistryStandardImpl - Releasing JDBC resources
2021-11-19T10:23:56,150|[TRACE] LogicalConnectionManagedImpl - Closing logical connection
2021-11-19T10:23:56,150|[TRACE] LogicalConnectionManagedImpl - Logical connection closed
]]></system-out>
  </testcase>
  <testcase name="testRead" classname="bloodbank.entity.TestCRUDPerson" time="0.006">
    <system-out><![CDATA[2021-11-19T10:23:56,151|[TRACE] SessionFactoryImpl$SessionBuilderImpl - Opening Hibernate Session.  tenant=null
2021-11-19T10:23:56,151|[TRACE] SessionImpl - Opened Session [7f9bfef9-68f0-4b81-9a84-e676c2e16667] at timestamp: 1637335436151
2021-11-19T10:23:56,151|[DEBUG] TransactionImpl - On TransactionImpl creation, JpaCompliance#isJpaTransactionComplianceEnabled == false
2021-11-19T10:23:56,151|[DEBUG] CriteriaQueryImpl - Rendered criteria query -> select generatedAlias0 from Person as generatedAlias0
2021-11-19T10:23:56,151|[TRACE] QueryPlanCache - Unable to locate HQL query plan in cache; generating (select generatedAlias0 from Person as generatedAlias0)
2021-11-19T10:23:56,152|[DEBUG] QueryTranslatorImpl - parse() - HQL: select generatedAlias0 from bloodbank.entity.Person as generatedAlias0
2021-11-19T10:23:56,152|[TRACE] HqlParser - -> statement
2021-11-19T10:23:56,152|[TRACE] HqlParser - ---> selectStatement
2021-11-19T10:23:56,152|[TRACE] HqlParser - -----> queryRule
2021-11-19T10:23:56,152|[TRACE] HqlParser - -------> selectFrom
2021-11-19T10:23:56,152|[TRACE] HqlParser - ---------> selectClause
2021-11-19T10:23:56,152|[TRACE] HqlParser - -----------> selectedPropertiesList
2021-11-19T10:23:56,152|[TRACE] HqlParser - -------------> aliasedExpression
2021-11-19T10:23:56,152|[TRACE] HqlParser - ---------------> expression
2021-11-19T10:23:56,152|[TRACE] HqlParser - -----------------> logicalOrExpression
2021-11-19T10:23:56,152|[TRACE] HqlParser - -------------------> logicalAndExpression
2021-11-19T10:23:56,152|[TRACE] HqlParser - ---------------------> negatedExpression
2021-11-19T10:23:56,152|[TRACE] HqlParser - -----------------------> equalityExpression
2021-11-19T10:23:56,152|[TRACE] HqlParser - -------------------------> relationalExpression
2021-11-19T10:23:56,152|[TRACE] HqlParser - ---------------------------> concatenation
2021-11-19T10:23:56,152|[TRACE] HqlParser - -----------------------------> additiveExpression
2021-11-19T10:23:56,152|[TRACE] HqlParser - -------------------------------> multiplyExpression
2021-11-19T10:23:56,152|[TRACE] HqlParser - ---------------------------------> unaryExpression
2021-11-19T10:23:56,152|[TRACE] HqlParser - -----------------------------------> atom
2021-11-19T10:23:56,152|[TRACE] HqlParser - -------------------------------------> primaryExpression
2021-11-19T10:23:56,152|[TRACE] HqlParser - ---------------------------------------> identPrimary
2021-11-19T10:23:56,152|[TRACE] HqlParser - -----------------------------------------> identPrimaryBase
2021-11-19T10:23:56,152|[TRACE] HqlParser - -------------------------------------------> identifier
2021-11-19T10:23:56,152|[TRACE] HqlParser - <------------------------------------------- identifier
2021-11-19T10:23:56,152|[TRACE] HqlParser - <----------------------------------------- identPrimaryBase
2021-11-19T10:23:56,152|[TRACE] HqlParser - <--------------------------------------- identPrimary
2021-11-19T10:23:56,152|[TRACE] HqlParser - <------------------------------------- primaryExpression
2021-11-19T10:23:56,152|[TRACE] HqlParser - <----------------------------------- atom
2021-11-19T10:23:56,152|[TRACE] HqlParser - <--------------------------------- unaryExpression
2021-11-19T10:23:56,152|[TRACE] HqlParser - <------------------------------- multiplyExpression
2021-11-19T10:23:56,152|[TRACE] HqlParser - <----------------------------- additiveExpression
2021-11-19T10:23:56,152|[TRACE] HqlParser - <--------------------------- concatenation
2021-11-19T10:23:56,152|[TRACE] HqlParser - <------------------------- relationalExpression
2021-11-19T10:23:56,152|[TRACE] HqlParser - <----------------------- equalityExpression
2021-11-19T10:23:56,152|[TRACE] HqlParser - <--------------------- negatedExpression
2021-11-19T10:23:56,152|[TRACE] HqlParser - <------------------- logicalAndExpression
2021-11-19T10:23:56,152|[TRACE] HqlParser - <----------------- logicalOrExpression
2021-11-19T10:23:56,152|[TRACE] HqlParser - <--------------- expression
2021-11-19T10:23:56,152|[TRACE] HqlParser - <------------- aliasedExpression
2021-11-19T10:23:56,152|[TRACE] HqlParser - <----------- selectedPropertiesList
2021-11-19T10:23:56,152|[TRACE] HqlParser - <--------- selectClause
2021-11-19T10:23:56,152|[TRACE] HqlParser - ---------> fromClause
2021-11-19T10:23:56,152|[TRACE] HqlParser - -----------> fromRange
2021-11-19T10:23:56,152|[TRACE] HqlParser - -------------> fromClassOrOuterQueryPath
2021-11-19T10:23:56,152|[TRACE] HqlParser - ---------------> path
2021-11-19T10:23:56,152|[TRACE] HqlParser - -----------------> identifier
2021-11-19T10:23:56,152|[TRACE] HqlParser - <----------------- identifier
2021-11-19T10:23:56,152|[TRACE] HqlParser - -----------------> identifier
2021-11-19T10:23:56,152|[TRACE] HqlParser - <----------------- identifier
2021-11-19T10:23:56,152|[TRACE] HqlParser - -----------------> identifier
2021-11-19T10:23:56,152|[TRACE] HqlParser - <----------------- identifier
2021-11-19T10:23:56,152|[TRACE] HqlParser - <--------------- path
2021-11-19T10:23:56,152|[TRACE] HqlParser - ---------------> asAlias
2021-11-19T10:23:56,152|[TRACE] HqlParser - -----------------> alias
2021-11-19T10:23:56,152|[TRACE] HqlParser - -------------------> identifier
2021-11-19T10:23:56,152|[TRACE] HqlParser - <------------------- identifier
2021-11-19T10:23:56,152|[TRACE] HqlParser - <----------------- alias
2021-11-19T10:23:56,152|[TRACE] HqlParser - <--------------- asAlias
2021-11-19T10:23:56,152|[TRACE] HqlParser - <------------- fromClassOrOuterQueryPath
2021-11-19T10:23:56,152|[TRACE] HqlParser - <----------- fromRange
2021-11-19T10:23:56,152|[TRACE] HqlParser - <--------- fromClause
2021-11-19T10:23:56,152|[TRACE] HqlParser - <------- selectFrom
2021-11-19T10:23:56,152|[TRACE] HqlParser - <----- queryRule
2021-11-19T10:23:56,152|[TRACE] HqlParser - <--- selectStatement
2021-11-19T10:23:56,152|[TRACE] HqlParser - <- statement
2021-11-19T10:23:56,152|[DEBUG] ErrorTracker - throwQueryException() : no errors
2021-11-19T10:23:56,152|[DEBUG] QueryTranslatorImpl - --- HQL AST ---
 \-[QUERY] Node: 'query'
    \-[SELECT_FROM] Node: 'SELECT_FROM'
       +-[FROM] Node: 'from'
       |  \-[RANGE] Node: 'RANGE'
       |     +-[DOT] Node: '.'
       |     |  +-[DOT] Node: '.'
       |     |  |  +-[IDENT] Node: 'bloodbank'
       |     |  |  \-[IDENT] Node: 'entity'
       |     |  \-[IDENT] Node: 'Person'
       |     \-[ALIAS] Node: 'generatedAlias0'
       \-[SELECT] Node: 'select'
          \-[IDENT] Node: 'generatedAlias0'

2021-11-19T10:23:56,152|[DEBUG] HqlSqlBaseWalker - select << begin [level=1, statement=select]
2021-11-19T10:23:56,153|[DEBUG] FromElement - FromClause{level=1} : bloodbank.entity.Person (generatedAlias0) -> person0_
2021-11-19T10:23:56,153|[DEBUG] FromReferenceNode - Resolved : generatedAlias0 -> person0_.id
2021-11-19T10:23:56,153|[DEBUG] HqlSqlBaseWalker - select : finishing up [level=1, statement=select]
2021-11-19T10:23:56,153|[DEBUG] HqlSqlWalker - processQuery() :  ( SELECT ( {select clause} person0_.id ) ( FromClause{level=1} person person0_ ) )
2021-11-19T10:23:56,153|[DEBUG] JoinProcessor - Tables referenced from query nodes:
 \-QueryNode
    +-SelectClause
    | referencedTables(entity Person): [person]
    |  +-IdentNode
    |  | persister: SingleTableEntityPersister(bloodbank.entity.Person)
    |  | originalText: generatedAlias0
    |  \-SqlFragment
    \-FromClause
       \-FromElement

2021-11-19T10:23:56,153|[DEBUG] JoinProcessor - Using FROM fragment [person person0_]
2021-11-19T10:23:56,153|[DEBUG] HqlSqlBaseWalker - select >> end [level=1, statement=select]
2021-11-19T10:23:56,153|[DEBUG] QueryTranslatorImpl - --- SQL AST ---
 \-[SELECT] QueryNode: 'SELECT'  querySpaces (person)
    +-[SELECT_CLAUSE] SelectClause: '{select clause}'
    |  +-[ALIAS_REF] IdentNode: 'person0_.id as id1_5_' {alias=generatedAlias0, className=bloodbank.entity.Person, tableAlias=person0_}
    |  \-[SQL_TOKEN] SqlFragment: 'person0_.created as created2_5_, person0_.updated as updated3_5_, person0_.version as version4_5_, person0_.first_name as first_na5_5_, person0_.last_name as last_nam6_5_'
    \-[FROM] FromClause: 'from' FromClause{level=1, fromElementCounter=1, fromElements=1, fromElementByClassAlias=[generatedAlias0], fromElementByTableAlias=[person0_], fromElementsByPath=[], collectionJoinFromElementsByPath=[], impliedElements=[]}
       \-[FROM_FRAGMENT] FromElement: 'person person0_' FromElement{explicit,not a collection join,not a fetch join,fetch non-lazy properties,classAlias=generatedAlias0,role=null,tableName=person,tableAlias=person0_,origin=null,columns={,className=bloodbank.entity.Person}}

2021-11-19T10:23:56,153|[DEBUG] ErrorTracker - throwQueryException() : no errors
2021-11-19T10:23:56,153|[DEBUG] QueryTranslatorImpl - HQL: select generatedAlias0 from bloodbank.entity.Person as generatedAlias0
2021-11-19T10:23:56,153|[DEBUG] QueryTranslatorImpl - SQL: select person0_.id as id1_5_, person0_.created as created2_5_, person0_.updated as updated3_5_, person0_.version as version4_5_, person0_.first_name as first_na5_5_, person0_.last_name as last_nam6_5_ from person person0_
2021-11-19T10:23:56,153|[DEBUG] ErrorTracker - throwQueryException() : no errors
2021-11-19T10:23:56,153|[TRACE] QueryPlanCache - Located HQL query plan in cache (select generatedAlias0 from Person as generatedAlias0)
2021-11-19T10:23:56,153|[TRACE] QueryPlanCache - Located HQL query plan in cache (select generatedAlias0 from Person as generatedAlias0)
2021-11-19T10:23:56,153|[TRACE] HQLQueryPlan - Find: select generatedAlias0 from Person as generatedAlias0
2021-11-19T10:23:56,153|[TRACE] QueryParameters - Named parameters: {}
2021-11-19T10:23:56,154|[DEBUG] SQL - 
    /* select
        generatedAlias0 
    from
        Person as generatedAlias0 */ select
            person0_.id as id1_5_,
            person0_.created as created2_5_,
            person0_.updated as updated3_5_,
            person0_.version as version4_5_,
            person0_.first_name as first_na5_5_,
            person0_.last_name as last_nam6_5_ 
        from
            person person0_
2021-11-19T10:23:56,154|[TRACE] ResourceRegistryStandardImpl - Registering statement [com.mysql.cj.jdbc.ClientPreparedStatement: /* select generatedAlias0 from Person as generatedAlias0 */ select person0_.id as id1_5_, person0_.created as created2_5_, person0_.updated as updated3_5_, person0_.version as version4_5_, person0_.first_name as first_na5_5_, person0_.last_name as last_nam6_5_ from person person0_]
2021-11-19T10:23:56,154|[TRACE] JdbcCoordinatorImpl - Registering last query statement [com.mysql.cj.jdbc.ClientPreparedStatement: /* select generatedAlias0 from Person as generatedAlias0 */ select person0_.id as id1_5_, person0_.created as created2_5_, person0_.updated as updated3_5_, person0_.version as version4_5_, person0_.first_name as first_na5_5_, person0_.last_name as last_nam6_5_ from person person0_]
2021-11-19T10:23:56,154|[TRACE] Loader - Bound [1] parameters total
2021-11-19T10:23:56,155|[TRACE] ResourceRegistryStandardImpl - Registering result set [com.mysql.cj.jdbc.result.ResultSetImpl@5671078e]
2021-11-19T10:23:56,155|[TRACE] Loader - Processing result set
2021-11-19T10:23:56,155|[DEBUG] Loader - Result set row: 0
2021-11-19T10:23:56,155|[TRACE] BasicExtractor - extracted value ([id1_5_] : [INTEGER]) - [1]
2021-11-19T10:23:56,155|[DEBUG] Loader - Result row: EntityKey[bloodbank.entity.Person#1]
2021-11-19T10:23:56,155|[TRACE] Loader - Initializing object from ResultSet: [bloodbank.entity.Person#1]
2021-11-19T10:23:56,155|[TRACE] AbstractEntityPersister - Hydrating entity: [bloodbank.entity.Person#1]
2021-11-19T10:23:56,156|[TRACE] BasicExtractor - extracted value ([created2_5_] : [BIGINT]) - [1637335436130]
2021-11-19T10:23:56,156|[TRACE] BasicExtractor - extracted value ([updated3_5_] : [BIGINT]) - [1637335436130]
2021-11-19T10:23:56,156|[TRACE] BasicExtractor - extracted value ([version4_5_] : [INTEGER]) - [0]
2021-11-19T10:23:56,156|[TRACE] BasicExtractor - extracted value ([first_na5_5_] : [VARCHAR]) - [Simzhuo]
2021-11-19T10:23:56,156|[TRACE] BasicExtractor - extracted value ([last_nam6_5_] : [VARCHAR]) - [Aho]
2021-11-19T10:23:56,156|[TRACE] TwoPhaseLoad - Version: 0
2021-11-19T10:23:56,156|[TRACE] Loader - Done processing result set (1 rows)
2021-11-19T10:23:56,156|[TRACE] Loader - Total objects hydrated: 1
2021-11-19T10:23:56,156|[DEBUG] TwoPhaseLoad - Resolving attributes for [bloodbank.entity.Person#1]
2021-11-19T10:23:56,156|[DEBUG] TwoPhaseLoad - Processing attribute `epochCreated` : value = 1637335436130
2021-11-19T10:23:56,156|[DEBUG] TwoPhaseLoad - Attribute (`epochCreated`)  - enhanced for lazy-loading? - false
2021-11-19T10:23:56,156|[DEBUG] TwoPhaseLoad - Processing attribute `epochUpdated` : value = 1637335436130
2021-11-19T10:23:56,156|[DEBUG] TwoPhaseLoad - Attribute (`epochUpdated`)  - enhanced for lazy-loading? - false
2021-11-19T10:23:56,156|[DEBUG] TwoPhaseLoad - Processing attribute `version` : value = 0
2021-11-19T10:23:56,156|[DEBUG] TwoPhaseLoad - Attribute (`version`)  - enhanced for lazy-loading? - false
2021-11-19T10:23:56,156|[DEBUG] TwoPhaseLoad - Processing attribute `contacts` : value = NOT NULL COLLECTION
2021-11-19T10:23:56,156|[DEBUG] TwoPhaseLoad - Attribute (`contacts`)  - enhanced for lazy-loading? - false
2021-11-19T10:23:56,156|[TRACE] CollectionType - Created collection wrapper: [bloodbank.entity.Person.contacts#1]
2021-11-19T10:23:56,156|[DEBUG] TwoPhaseLoad - Processing attribute `donations` : value = NOT NULL COLLECTION
2021-11-19T10:23:56,156|[DEBUG] TwoPhaseLoad - Attribute (`donations`)  - enhanced for lazy-loading? - false
2021-11-19T10:23:56,156|[TRACE] CollectionType - Created collection wrapper: [bloodbank.entity.Person.donations#1]
2021-11-19T10:23:56,156|[DEBUG] TwoPhaseLoad - Processing attribute `firstName` : value = Simzhuo
2021-11-19T10:23:56,156|[DEBUG] TwoPhaseLoad - Attribute (`firstName`)  - enhanced for lazy-loading? - false
2021-11-19T10:23:56,156|[DEBUG] TwoPhaseLoad - Processing attribute `lastName` : value = Aho
2021-11-19T10:23:56,156|[DEBUG] TwoPhaseLoad - Attribute (`lastName`)  - enhanced for lazy-loading? - false
2021-11-19T10:23:56,156|[DEBUG] TwoPhaseLoad - Done materializing entity [bloodbank.entity.Person#1]
2021-11-19T10:23:56,156|[TRACE] ResourceRegistryStandardImpl - Releasing statement [com.mysql.cj.jdbc.ClientPreparedStatement: /* select generatedAlias0 from Person as generatedAlias0 */ select person0_.id as id1_5_, person0_.created as created2_5_, person0_.updated as updated3_5_, person0_.version as version4_5_, person0_.first_name as first_na5_5_, person0_.last_name as last_nam6_5_ from person person0_]
2021-11-19T10:23:56,156|[TRACE] ResourceRegistryStandardImpl - Closing result set [com.mysql.cj.jdbc.result.ResultSetImpl@5671078e]
2021-11-19T10:23:56,156|[TRACE] ResourceRegistryStandardImpl - Closing prepared statement [com.mysql.cj.jdbc.ClientPreparedStatement: /* select generatedAlias0 from Person as generatedAlias0 */ select person0_.id as id1_5_, person0_.created as created2_5_, person0_.updated as updated3_5_, person0_.version as version4_5_, person0_.first_name as first_na5_5_, person0_.last_name as last_nam6_5_ from person person0_]
2021-11-19T10:23:56,156|[TRACE] JdbcCoordinatorImpl - Starting after statement execution processing [AFTER_TRANSACTION]
2021-11-19T10:23:56,156|[TRACE] StatefulPersistenceContext - Initializing non-lazy collections
2021-11-19T10:23:56,156|[TRACE] AbstractLogicalConnectionImplementor - LogicalConnection#afterTransaction
2021-11-19T10:23:56,156|[TRACE] ResourceRegistryStandardImpl - Releasing JDBC resources
2021-11-19T10:23:56,156|[DEBUG] LogicalConnectionManagedImpl - Initiating JDBC connection release from afterTransaction
2021-11-19T10:23:56,157|[TRACE] ResourceRegistryStandardImpl - Releasing JDBC resources
2021-11-19T10:23:56,157|[TRACE] SessionImpl - Closing session [7f9bfef9-68f0-4b81-9a84-e676c2e16667]
2021-11-19T10:23:56,157|[TRACE] JdbcCoordinatorImpl - Closing JDBC container [org.hibernate.engine.jdbc.internal.JdbcCoordinatorImpl@12aa2cca]
2021-11-19T10:23:56,157|[TRACE] ResourceRegistryStandardImpl - Releasing JDBC resources
2021-11-19T10:23:56,157|[TRACE] LogicalConnectionManagedImpl - Closing logical connection
2021-11-19T10:23:56,157|[TRACE] LogicalConnectionManagedImpl - Logical connection closed
]]></system-out>
  </testcase>
  <testcase name="testUpdate" classname="bloodbank.entity.TestCRUDPerson" time="0.008">
    <system-out><![CDATA[2021-11-19T10:23:56,159|[TRACE] SessionFactoryImpl$SessionBuilderImpl - Opening Hibernate Session.  tenant=null
2021-11-19T10:23:56,159|[TRACE] SessionImpl - Opened Session [56dd7264-f8a9-49c7-8c46-2d8a5b69fe88] at timestamp: 1637335436159
2021-11-19T10:23:56,159|[DEBUG] TransactionImpl - On TransactionImpl creation, JpaCompliance#isJpaTransactionComplianceEnabled == false
2021-11-19T10:23:56,159|[DEBUG] CriteriaQueryImpl - Rendered criteria query -> select generatedAlias0 from Person as generatedAlias0 where generatedAlias0.id=:id
2021-11-19T10:23:56,159|[TRACE] QueryPlanCache - Unable to locate HQL query plan in cache; generating (select generatedAlias0 from Person as generatedAlias0 where generatedAlias0.id=:id)
2021-11-19T10:23:56,160|[DEBUG] QueryTranslatorImpl - parse() - HQL: select generatedAlias0 from bloodbank.entity.Person as generatedAlias0 where generatedAlias0.id=:id
2021-11-19T10:23:56,160|[TRACE] HqlParser - -> statement
2021-11-19T10:23:56,160|[TRACE] HqlParser - ---> selectStatement
2021-11-19T10:23:56,160|[TRACE] HqlParser - -----> queryRule
2021-11-19T10:23:56,160|[TRACE] HqlParser - -------> selectFrom
2021-11-19T10:23:56,160|[TRACE] HqlParser - ---------> selectClause
2021-11-19T10:23:56,160|[TRACE] HqlParser - -----------> selectedPropertiesList
2021-11-19T10:23:56,160|[TRACE] HqlParser - -------------> aliasedExpression
2021-11-19T10:23:56,160|[TRACE] HqlParser - ---------------> expression
2021-11-19T10:23:56,160|[TRACE] HqlParser - -----------------> logicalOrExpression
2021-11-19T10:23:56,160|[TRACE] HqlParser - -------------------> logicalAndExpression
2021-11-19T10:23:56,160|[TRACE] HqlParser - ---------------------> negatedExpression
2021-11-19T10:23:56,160|[TRACE] HqlParser - -----------------------> equalityExpression
2021-11-19T10:23:56,160|[TRACE] HqlParser - -------------------------> relationalExpression
2021-11-19T10:23:56,160|[TRACE] HqlParser - ---------------------------> concatenation
2021-11-19T10:23:56,160|[TRACE] HqlParser - -----------------------------> additiveExpression
2021-11-19T10:23:56,160|[TRACE] HqlParser - -------------------------------> multiplyExpression
2021-11-19T10:23:56,160|[TRACE] HqlParser - ---------------------------------> unaryExpression
2021-11-19T10:23:56,160|[TRACE] HqlParser - -----------------------------------> atom
2021-11-19T10:23:56,160|[TRACE] HqlParser - -------------------------------------> primaryExpression
2021-11-19T10:23:56,160|[TRACE] HqlParser - ---------------------------------------> identPrimary
2021-11-19T10:23:56,160|[TRACE] HqlParser - -----------------------------------------> identPrimaryBase
2021-11-19T10:23:56,160|[TRACE] HqlParser - -------------------------------------------> identifier
2021-11-19T10:23:56,160|[TRACE] HqlParser - <------------------------------------------- identifier
2021-11-19T10:23:56,160|[TRACE] HqlParser - <----------------------------------------- identPrimaryBase
2021-11-19T10:23:56,160|[TRACE] HqlParser - <--------------------------------------- identPrimary
2021-11-19T10:23:56,160|[TRACE] HqlParser - <------------------------------------- primaryExpression
2021-11-19T10:23:56,160|[TRACE] HqlParser - <----------------------------------- atom
2021-11-19T10:23:56,160|[TRACE] HqlParser - <--------------------------------- unaryExpression
2021-11-19T10:23:56,160|[TRACE] HqlParser - <------------------------------- multiplyExpression
2021-11-19T10:23:56,160|[TRACE] HqlParser - <----------------------------- additiveExpression
2021-11-19T10:23:56,160|[TRACE] HqlParser - <--------------------------- concatenation
2021-11-19T10:23:56,160|[TRACE] HqlParser - <------------------------- relationalExpression
2021-11-19T10:23:56,160|[TRACE] HqlParser - <----------------------- equalityExpression
2021-11-19T10:23:56,160|[TRACE] HqlParser - <--------------------- negatedExpression
2021-11-19T10:23:56,160|[TRACE] HqlParser - <------------------- logicalAndExpression
2021-11-19T10:23:56,160|[TRACE] HqlParser - <----------------- logicalOrExpression
2021-11-19T10:23:56,160|[TRACE] HqlParser - <--------------- expression
2021-11-19T10:23:56,160|[TRACE] HqlParser - <------------- aliasedExpression
2021-11-19T10:23:56,160|[TRACE] HqlParser - <----------- selectedPropertiesList
2021-11-19T10:23:56,160|[TRACE] HqlParser - <--------- selectClause
2021-11-19T10:23:56,160|[TRACE] HqlParser - ---------> fromClause
2021-11-19T10:23:56,160|[TRACE] HqlParser - -----------> fromRange
2021-11-19T10:23:56,160|[TRACE] HqlParser - -------------> fromClassOrOuterQueryPath
2021-11-19T10:23:56,160|[TRACE] HqlParser - ---------------> path
2021-11-19T10:23:56,160|[TRACE] HqlParser - -----------------> identifier
2021-11-19T10:23:56,160|[TRACE] HqlParser - <----------------- identifier
2021-11-19T10:23:56,160|[TRACE] HqlParser - -----------------> identifier
2021-11-19T10:23:56,160|[TRACE] HqlParser - <----------------- identifier
2021-11-19T10:23:56,160|[TRACE] HqlParser - -----------------> identifier
2021-11-19T10:23:56,160|[TRACE] HqlParser - <----------------- identifier
2021-11-19T10:23:56,160|[TRACE] HqlParser - <--------------- path
2021-11-19T10:23:56,160|[TRACE] HqlParser - ---------------> asAlias
2021-11-19T10:23:56,160|[TRACE] HqlParser - -----------------> alias
2021-11-19T10:23:56,160|[TRACE] HqlParser - -------------------> identifier
2021-11-19T10:23:56,160|[TRACE] HqlParser - <------------------- identifier
2021-11-19T10:23:56,160|[TRACE] HqlParser - <----------------- alias
2021-11-19T10:23:56,160|[TRACE] HqlParser - <--------------- asAlias
2021-11-19T10:23:56,160|[TRACE] HqlParser - <------------- fromClassOrOuterQueryPath
2021-11-19T10:23:56,160|[TRACE] HqlParser - <----------- fromRange
2021-11-19T10:23:56,160|[TRACE] HqlParser - <--------- fromClause
2021-11-19T10:23:56,160|[TRACE] HqlParser - <------- selectFrom
2021-11-19T10:23:56,160|[TRACE] HqlParser - -------> whereClause
2021-11-19T10:23:56,160|[TRACE] HqlParser - ---------> logicalExpression
2021-11-19T10:23:56,160|[TRACE] HqlParser - -----------> expression
2021-11-19T10:23:56,160|[TRACE] HqlParser - -------------> logicalOrExpression
2021-11-19T10:23:56,160|[TRACE] HqlParser - ---------------> logicalAndExpression
2021-11-19T10:23:56,160|[TRACE] HqlParser - -----------------> negatedExpression
2021-11-19T10:23:56,160|[TRACE] HqlParser - -------------------> equalityExpression
2021-11-19T10:23:56,160|[TRACE] HqlParser - ---------------------> relationalExpression
2021-11-19T10:23:56,160|[TRACE] HqlParser - -----------------------> concatenation
2021-11-19T10:23:56,160|[TRACE] HqlParser - -------------------------> additiveExpression
2021-11-19T10:23:56,160|[TRACE] HqlParser - ---------------------------> multiplyExpression
2021-11-19T10:23:56,160|[TRACE] HqlParser - -----------------------------> unaryExpression
2021-11-19T10:23:56,160|[TRACE] HqlParser - -------------------------------> atom
2021-11-19T10:23:56,160|[TRACE] HqlParser - ---------------------------------> primaryExpression
2021-11-19T10:23:56,160|[TRACE] HqlParser - -----------------------------------> identPrimary
2021-11-19T10:23:56,160|[TRACE] HqlParser - -------------------------------------> identPrimaryBase
2021-11-19T10:23:56,160|[TRACE] HqlParser - ---------------------------------------> identifier
2021-11-19T10:23:56,160|[TRACE] HqlParser - <--------------------------------------- identifier
2021-11-19T10:23:56,160|[TRACE] HqlParser - <------------------------------------- identPrimaryBase
2021-11-19T10:23:56,160|[TRACE] HqlParser - -------------------------------------> identifier
2021-11-19T10:23:56,160|[TRACE] HqlParser - <------------------------------------- identifier
2021-11-19T10:23:56,160|[TRACE] HqlParser - <----------------------------------- identPrimary
2021-11-19T10:23:56,160|[TRACE] HqlParser - <--------------------------------- primaryExpression
2021-11-19T10:23:56,160|[TRACE] HqlParser - <------------------------------- atom
2021-11-19T10:23:56,160|[TRACE] HqlParser - <----------------------------- unaryExpression
2021-11-19T10:23:56,160|[TRACE] HqlParser - <--------------------------- multiplyExpression
2021-11-19T10:23:56,160|[TRACE] HqlParser - <------------------------- additiveExpression
2021-11-19T10:23:56,160|[TRACE] HqlParser - <----------------------- concatenation
2021-11-19T10:23:56,160|[TRACE] HqlParser - <--------------------- relationalExpression
2021-11-19T10:23:56,160|[TRACE] HqlParser - ---------------------> relationalExpression
2021-11-19T10:23:56,160|[TRACE] HqlParser - -----------------------> concatenation
2021-11-19T10:23:56,160|[TRACE] HqlParser - -------------------------> additiveExpression
2021-11-19T10:23:56,160|[TRACE] HqlParser - ---------------------------> multiplyExpression
2021-11-19T10:23:56,160|[TRACE] HqlParser - -----------------------------> unaryExpression
2021-11-19T10:23:56,160|[TRACE] HqlParser - -------------------------------> atom
2021-11-19T10:23:56,160|[TRACE] HqlParser - ---------------------------------> primaryExpression
2021-11-19T10:23:56,160|[TRACE] HqlParser - -----------------------------------> parameter
2021-11-19T10:23:56,160|[TRACE] HqlParser - <----------------------------------- parameter
2021-11-19T10:23:56,160|[TRACE] HqlParser - <--------------------------------- primaryExpression
2021-11-19T10:23:56,160|[TRACE] HqlParser - <------------------------------- atom
2021-11-19T10:23:56,160|[TRACE] HqlParser - <----------------------------- unaryExpression
2021-11-19T10:23:56,160|[TRACE] HqlParser - <--------------------------- multiplyExpression
2021-11-19T10:23:56,160|[TRACE] HqlParser - <------------------------- additiveExpression
2021-11-19T10:23:56,161|[TRACE] HqlParser - <----------------------- concatenation
2021-11-19T10:23:56,161|[TRACE] HqlParser - <--------------------- relationalExpression
2021-11-19T10:23:56,161|[TRACE] HqlParser - <------------------- equalityExpression
2021-11-19T10:23:56,161|[TRACE] HqlParser - <----------------- negatedExpression
2021-11-19T10:23:56,161|[TRACE] HqlParser - <--------------- logicalAndExpression
2021-11-19T10:23:56,161|[TRACE] HqlParser - <------------- logicalOrExpression
2021-11-19T10:23:56,161|[TRACE] HqlParser - <----------- expression
2021-11-19T10:23:56,161|[TRACE] HqlParser - <--------- logicalExpression
2021-11-19T10:23:56,161|[TRACE] HqlParser - <------- whereClause
2021-11-19T10:23:56,161|[TRACE] HqlParser - <----- queryRule
2021-11-19T10:23:56,161|[TRACE] HqlParser - <--- selectStatement
2021-11-19T10:23:56,161|[TRACE] HqlParser - <- statement
2021-11-19T10:23:56,161|[DEBUG] ErrorTracker - throwQueryException() : no errors
2021-11-19T10:23:56,161|[DEBUG] QueryTranslatorImpl - --- HQL AST ---
 \-[QUERY] Node: 'query'
    +-[SELECT_FROM] Node: 'SELECT_FROM'
    |  +-[FROM] Node: 'from'
    |  |  \-[RANGE] Node: 'RANGE'
    |  |     +-[DOT] Node: '.'
    |  |     |  +-[DOT] Node: '.'
    |  |     |  |  +-[IDENT] Node: 'bloodbank'
    |  |     |  |  \-[IDENT] Node: 'entity'
    |  |     |  \-[IDENT] Node: 'Person'
    |  |     \-[ALIAS] Node: 'generatedAlias0'
    |  \-[SELECT] Node: 'select'
    |     \-[IDENT] Node: 'generatedAlias0'
    \-[WHERE] Node: 'where'
       \-[EQ] Node: '='
          +-[DOT] Node: '.'
          |  +-[IDENT] Node: 'generatedAlias0'
          |  \-[IDENT] Node: 'id'
          \-[COLON] Node: ':'
             \-[IDENT] Node: 'id'

2021-11-19T10:23:56,161|[DEBUG] HqlSqlBaseWalker - select << begin [level=1, statement=select]
2021-11-19T10:23:56,161|[DEBUG] FromElement - FromClause{level=1} : bloodbank.entity.Person (generatedAlias0) -> person0_
2021-11-19T10:23:56,161|[DEBUG] FromReferenceNode - Resolved : generatedAlias0 -> person0_.id
2021-11-19T10:23:56,161|[DEBUG] FromReferenceNode - Resolved : generatedAlias0 -> person0_.id
2021-11-19T10:23:56,161|[TRACE] FromElement - Handling property dereference [bloodbank.entity.Person (generatedAlias0) -> id (class)]
2021-11-19T10:23:56,161|[DEBUG] DotNode - getDataType() : id -> org.hibernate.type.IntegerType@6892cc6f
2021-11-19T10:23:56,161|[DEBUG] FromReferenceNode - Resolved : generatedAlias0.id -> person0_.id
2021-11-19T10:23:56,161|[DEBUG] HqlSqlBaseWalker - select : finishing up [level=1, statement=select]
2021-11-19T10:23:56,162|[DEBUG] HqlSqlWalker - processQuery() :  ( SELECT ( {select clause} person0_.id ) ( FromClause{level=1} person person0_ ) ( where ( = ( person0_.id person0_.id id ) ? ) ) )
2021-11-19T10:23:56,162|[DEBUG] JoinProcessor - Tables referenced from query nodes:
 \-QueryNode
    +-SelectClause
    | referencedTables(entity Person): [person]
    |  +-IdentNode
    |  | persister: SingleTableEntityPersister(bloodbank.entity.Person)
    |  | originalText: generatedAlias0
    |  \-SqlFragment
    +-FromClause
    |  \-FromElement
    \-SqlNode
       \-BinaryLogicOperatorNode
          +-DotNode
          | persister: SingleTableEntityPersister(bloodbank.entity.Person)
          | path: generatedAlias0.id
          |  +-IdentNode
          |  | persister: SingleTableEntityPersister(bloodbank.entity.Person)
          |  | originalText: generatedAlias0
          |  \-IdentNode
          |    persister: null
          |    originalText: id
          \-ParameterNode

2021-11-19T10:23:56,162|[DEBUG] JoinProcessor - Using FROM fragment [person person0_]
2021-11-19T10:23:56,162|[DEBUG] HqlSqlBaseWalker - select >> end [level=1, statement=select]
2021-11-19T10:23:56,162|[DEBUG] QueryTranslatorImpl - --- SQL AST ---
 \-[SELECT] QueryNode: 'SELECT'  querySpaces (person)
    +-[SELECT_CLAUSE] SelectClause: '{select clause}'
    |  +-[ALIAS_REF] IdentNode: 'person0_.id as id1_5_' {alias=generatedAlias0, className=bloodbank.entity.Person, tableAlias=person0_}
    |  \-[SQL_TOKEN] SqlFragment: 'person0_.created as created2_5_, person0_.updated as updated3_5_, person0_.version as version4_5_, person0_.first_name as first_na5_5_, person0_.last_name as last_nam6_5_'
    +-[FROM] FromClause: 'from' FromClause{level=1, fromElementCounter=1, fromElements=1, fromElementByClassAlias=[generatedAlias0], fromElementByTableAlias=[person0_], fromElementsByPath=[], collectionJoinFromElementsByPath=[], impliedElements=[]}
    |  \-[FROM_FRAGMENT] FromElement: 'person person0_' FromElement{explicit,not a collection join,not a fetch join,fetch non-lazy properties,classAlias=generatedAlias0,role=null,tableName=person,tableAlias=person0_,origin=null,columns={,className=bloodbank.entity.Person}}
    \-[WHERE] SqlNode: 'where'
       \-[EQ] BinaryLogicOperatorNode: '='
          +-[DOT] DotNode: 'person0_.id' {propertyName=id,dereferenceType=PRIMITIVE,getPropertyPath=id,path=generatedAlias0.id,tableAlias=person0_,className=bloodbank.entity.Person,classAlias=generatedAlias0}
          |  +-[ALIAS_REF] IdentNode: 'person0_.id' {alias=generatedAlias0, className=bloodbank.entity.Person, tableAlias=person0_}
          |  \-[IDENT] IdentNode: 'id' {originalText=id}
          \-[NAMED_PARAM] ParameterNode: '?' {name=id, expectedType=org.hibernate.type.IntegerType@6892cc6f}

2021-11-19T10:23:56,162|[DEBUG] ErrorTracker - throwQueryException() : no errors
2021-11-19T10:23:56,162|[DEBUG] QueryTranslatorImpl - HQL: select generatedAlias0 from bloodbank.entity.Person as generatedAlias0 where generatedAlias0.id=:id
2021-11-19T10:23:56,162|[DEBUG] QueryTranslatorImpl - SQL: select person0_.id as id1_5_, person0_.created as created2_5_, person0_.updated as updated3_5_, person0_.version as version4_5_, person0_.first_name as first_na5_5_, person0_.last_name as last_nam6_5_ from person person0_ where person0_.id=?
2021-11-19T10:23:56,162|[DEBUG] ErrorTracker - throwQueryException() : no errors
2021-11-19T10:23:56,162|[TRACE] QueryPlanCache - Located HQL query plan in cache (select generatedAlias0 from Person as generatedAlias0 where generatedAlias0.id=:id)
2021-11-19T10:23:56,163|[TRACE] QueryPlanCache - Located HQL query plan in cache (select generatedAlias0 from Person as generatedAlias0 where generatedAlias0.id=:id)
2021-11-19T10:23:56,163|[TRACE] HQLQueryPlan - Find: select generatedAlias0 from Person as generatedAlias0 where generatedAlias0.id=:id
2021-11-19T10:23:56,163|[TRACE] QueryParameters - Named parameters: {id=1}
2021-11-19T10:23:56,163|[DEBUG] SQL - 
    /* select
        generatedAlias0 
    from
        Person as generatedAlias0 
    where
        generatedAlias0.id=:id */ select
            person0_.id as id1_5_,
            person0_.created as created2_5_,
            person0_.updated as updated3_5_,
            person0_.version as version4_5_,
            person0_.first_name as first_na5_5_,
            person0_.last_name as last_nam6_5_ 
        from
            person person0_ 
        where
            person0_.id=?
2021-11-19T10:23:56,164|[TRACE] ResourceRegistryStandardImpl - Registering statement [com.mysql.cj.jdbc.ClientPreparedStatement: /* select generatedAlias0 from Person as generatedAlias0 where generatedAlias0.id=:id */ select person0_.id as id1_5_, person0_.created as created2_5_, person0_.updated as updated3_5_, person0_.version as version4_5_, person0_.first_name as first_na5_5_, person0_.last_name as last_nam6_5_ from person person0_ where person0_.id=** NOT SPECIFIED **]
2021-11-19T10:23:56,164|[TRACE] JdbcCoordinatorImpl - Registering last query statement [com.mysql.cj.jdbc.ClientPreparedStatement: /* select generatedAlias0 from Person as generatedAlias0 where generatedAlias0.id=:id */ select person0_.id as id1_5_, person0_.created as created2_5_, person0_.updated as updated3_5_, person0_.version as version4_5_, person0_.first_name as first_na5_5_, person0_.last_name as last_nam6_5_ from person person0_ where person0_.id=** NOT SPECIFIED **]
2021-11-19T10:23:56,164|[TRACE] BasicBinder - binding parameter [1] as [INTEGER] - [1]
2021-11-19T10:23:56,164|[TRACE] Loader - Bound [2] parameters total
2021-11-19T10:23:56,164|[TRACE] ResourceRegistryStandardImpl - Registering result set [com.mysql.cj.jdbc.result.ResultSetImpl@75d95b67]
2021-11-19T10:23:56,164|[TRACE] Loader - Processing result set
2021-11-19T10:23:56,164|[DEBUG] Loader - Result set row: 0
2021-11-19T10:23:56,165|[TRACE] BasicExtractor - extracted value ([id1_5_] : [INTEGER]) - [1]
2021-11-19T10:23:56,165|[DEBUG] Loader - Result row: EntityKey[bloodbank.entity.Person#1]
2021-11-19T10:23:56,165|[TRACE] Loader - Initializing object from ResultSet: [bloodbank.entity.Person#1]
2021-11-19T10:23:56,165|[TRACE] AbstractEntityPersister - Hydrating entity: [bloodbank.entity.Person#1]
2021-11-19T10:23:56,165|[TRACE] BasicExtractor - extracted value ([created2_5_] : [BIGINT]) - [1637335436130]
2021-11-19T10:23:56,165|[TRACE] BasicExtractor - extracted value ([updated3_5_] : [BIGINT]) - [1637335436130]
2021-11-19T10:23:56,165|[TRACE] BasicExtractor - extracted value ([version4_5_] : [INTEGER]) - [0]
2021-11-19T10:23:56,165|[TRACE] BasicExtractor - extracted value ([first_na5_5_] : [VARCHAR]) - [Simzhuo]
2021-11-19T10:23:56,165|[TRACE] BasicExtractor - extracted value ([last_nam6_5_] : [VARCHAR]) - [Aho]
2021-11-19T10:23:56,165|[TRACE] TwoPhaseLoad - Version: 0
2021-11-19T10:23:56,165|[TRACE] Loader - Done processing result set (1 rows)
2021-11-19T10:23:56,165|[TRACE] Loader - Total objects hydrated: 1
2021-11-19T10:23:56,165|[DEBUG] TwoPhaseLoad - Resolving attributes for [bloodbank.entity.Person#1]
2021-11-19T10:23:56,165|[DEBUG] TwoPhaseLoad - Processing attribute `epochCreated` : value = 1637335436130
2021-11-19T10:23:56,165|[DEBUG] TwoPhaseLoad - Attribute (`epochCreated`)  - enhanced for lazy-loading? - false
2021-11-19T10:23:56,165|[DEBUG] TwoPhaseLoad - Processing attribute `epochUpdated` : value = 1637335436130
2021-11-19T10:23:56,165|[DEBUG] TwoPhaseLoad - Attribute (`epochUpdated`)  - enhanced for lazy-loading? - false
2021-11-19T10:23:56,165|[DEBUG] TwoPhaseLoad - Processing attribute `version` : value = 0
2021-11-19T10:23:56,165|[DEBUG] TwoPhaseLoad - Attribute (`version`)  - enhanced for lazy-loading? - false
2021-11-19T10:23:56,165|[DEBUG] TwoPhaseLoad - Processing attribute `contacts` : value = NOT NULL COLLECTION
2021-11-19T10:23:56,165|[DEBUG] TwoPhaseLoad - Attribute (`contacts`)  - enhanced for lazy-loading? - false
2021-11-19T10:23:56,165|[TRACE] CollectionType - Created collection wrapper: [bloodbank.entity.Person.contacts#1]
2021-11-19T10:23:56,165|[DEBUG] TwoPhaseLoad - Processing attribute `donations` : value = NOT NULL COLLECTION
2021-11-19T10:23:56,165|[DEBUG] TwoPhaseLoad - Attribute (`donations`)  - enhanced for lazy-loading? - false
2021-11-19T10:23:56,165|[TRACE] CollectionType - Created collection wrapper: [bloodbank.entity.Person.donations#1]
2021-11-19T10:23:56,165|[DEBUG] TwoPhaseLoad - Processing attribute `firstName` : value = Simzhuo
2021-11-19T10:23:56,165|[DEBUG] TwoPhaseLoad - Attribute (`firstName`)  - enhanced for lazy-loading? - false
2021-11-19T10:23:56,165|[DEBUG] TwoPhaseLoad - Processing attribute `lastName` : value = Aho
2021-11-19T10:23:56,165|[DEBUG] TwoPhaseLoad - Attribute (`lastName`)  - enhanced for lazy-loading? - false
2021-11-19T10:23:56,165|[DEBUG] TwoPhaseLoad - Done materializing entity [bloodbank.entity.Person#1]
2021-11-19T10:23:56,165|[TRACE] ResourceRegistryStandardImpl - Releasing statement [com.mysql.cj.jdbc.ClientPreparedStatement: /* select generatedAlias0 from Person as generatedAlias0 where generatedAlias0.id=:id */ select person0_.id as id1_5_, person0_.created as created2_5_, person0_.updated as updated3_5_, person0_.version as version4_5_, person0_.first_name as first_na5_5_, person0_.last_name as last_nam6_5_ from person person0_ where person0_.id=1]
2021-11-19T10:23:56,165|[TRACE] ResourceRegistryStandardImpl - Closing result set [com.mysql.cj.jdbc.result.ResultSetImpl@75d95b67]
2021-11-19T10:23:56,165|[TRACE] ResourceRegistryStandardImpl - Closing prepared statement [com.mysql.cj.jdbc.ClientPreparedStatement: /* select generatedAlias0 from Person as generatedAlias0 where generatedAlias0.id=:id */ select person0_.id as id1_5_, person0_.created as created2_5_, person0_.updated as updated3_5_, person0_.version as version4_5_, person0_.first_name as first_na5_5_, person0_.last_name as last_nam6_5_ from person person0_ where person0_.id=1]
2021-11-19T10:23:56,165|[TRACE] JdbcCoordinatorImpl - Starting after statement execution processing [AFTER_TRANSACTION]
2021-11-19T10:23:56,165|[TRACE] StatefulPersistenceContext - Initializing non-lazy collections
2021-11-19T10:23:56,165|[TRACE] AbstractLogicalConnectionImplementor - LogicalConnection#afterTransaction
2021-11-19T10:23:56,165|[TRACE] ResourceRegistryStandardImpl - Releasing JDBC resources
2021-11-19T10:23:56,165|[DEBUG] LogicalConnectionManagedImpl - Initiating JDBC connection release from afterTransaction
2021-11-19T10:23:56,166|[TRACE] ResourceRegistryStandardImpl - Releasing JDBC resources
2021-11-19T10:23:56,166|[TRACE] SessionImpl - Closing session [56dd7264-f8a9-49c7-8c46-2d8a5b69fe88]
2021-11-19T10:23:56,166|[TRACE] JdbcCoordinatorImpl - Closing JDBC container [org.hibernate.engine.jdbc.internal.JdbcCoordinatorImpl@4154ecd3]
2021-11-19T10:23:56,166|[TRACE] ResourceRegistryStandardImpl - Releasing JDBC resources
2021-11-19T10:23:56,166|[TRACE] LogicalConnectionManagedImpl - Closing logical connection
2021-11-19T10:23:56,166|[TRACE] LogicalConnectionManagedImpl - Logical connection closed
]]></system-out>
  </testcase>
  <testcase name="testDelete" classname="bloodbank.entity.TestCRUDPerson" time="0.017">
    <system-out><![CDATA[2021-11-19T10:23:56,167|[TRACE] SessionFactoryImpl$SessionBuilderImpl - Opening Hibernate Session.  tenant=null
2021-11-19T10:23:56,167|[TRACE] SessionImpl - Opened Session [c6f5b696-c58b-4179-b457-c225477bd919] at timestamp: 1637335436167
2021-11-19T10:23:56,167|[DEBUG] TransactionImpl - On TransactionImpl creation, JpaCompliance#isJpaTransactionComplianceEnabled == false
2021-11-19T10:23:56,167|[DEBUG] TransactionImpl - begin
2021-11-19T10:23:56,168|[TRACE] AbstractLogicalConnectionImplementor - Preparing to begin transaction via JDBC Connection.setAutoCommit(false)
2021-11-19T10:23:56,168|[TRACE] AbstractLogicalConnectionImplementor - Transaction begun via JDBC Connection.setAutoCommit(false)
2021-11-19T10:23:56,168|[TRACE] JdbcResourceLocalTransactionCoordinatorImpl - ResourceLocalTransactionCoordinatorImpl#afterBeginCallback
2021-11-19T10:23:56,168|[TRACE] VersionValue - Version unsaved-value strategy UNDEFINED
2021-11-19T10:23:56,168|[TRACE] IdentifierValue - ID unsaved-value: 0
2021-11-19T10:23:56,168|[TRACE] EntityState - Transient instance of: bloodbank.entity.Person
2021-11-19T10:23:56,168|[TRACE] DefaultPersistEventListener - Saving transient instance
2021-11-19T10:23:56,168|[TRACE] AbstractSaveEventListener - Saving [bloodbank.entity.Person#<null>]
2021-11-19T10:23:56,168|[TRACE] Cascade - Processing cascade ACTION_PERSIST for: bloodbank.entity.Person
2021-11-19T10:23:56,168|[TRACE] Cascade - Done processing cascade ACTION_PERSIST for: bloodbank.entity.Person
2021-11-19T10:23:56,168|[TRACE] Versioning - Using initial version: 0
2021-11-19T10:23:56,168|[TRACE] WrapVisitor - Wrapped collection in role: bloodbank.entity.Person.contacts
2021-11-19T10:23:56,168|[TRACE] WrapVisitor - Wrapped collection in role: bloodbank.entity.Person.donations
2021-11-19T10:23:56,168|[TRACE] ActionQueue - Adding an EntityIdentityInsertAction for [bloodbank.entity.Person] object
2021-11-19T10:23:56,168|[TRACE] ActionQueue - Executing inserts before finding non-nullable transient entities for early insert: [EntityIdentityInsertAction[bloodbank.entity.Person#<null>]]
2021-11-19T10:23:56,168|[TRACE] ActionQueue - Adding insert with no non-nullable, transient entities: [EntityIdentityInsertAction[bloodbank.entity.Person#<null>]]
2021-11-19T10:23:56,168|[TRACE] ActionQueue - Executing insertions before resolved early-insert
2021-11-19T10:23:56,168|[DEBUG] ActionQueue - Executing identity-insert immediately
2021-11-19T10:23:56,168|[TRACE] AbstractEntityPersister - Inserting entity: bloodbank.entity.Person (native id)
2021-11-19T10:23:56,168|[TRACE] AbstractEntityPersister - Version: 0
2021-11-19T10:23:56,168|[DEBUG] SQL - 
    /* insert bloodbank.entity.Person
        */ insert 
        into
            person
            (created, updated, version, first_name, last_name) 
        values
            (?, ?, ?, ?, ?)
2021-11-19T10:23:56,169|[TRACE] ResourceRegistryStandardImpl - Registering statement [com.mysql.cj.jdbc.ClientPreparedStatement: /* insert bloodbank.entity.Person */ insert into person (created, updated, version, first_name, last_name) values (** NOT SPECIFIED **, ** NOT SPECIFIED **, ** NOT SPECIFIED **, ** NOT SPECIFIED **, ** NOT SPECIFIED **)]
2021-11-19T10:23:56,169|[TRACE] AbstractEntityPersister - Dehydrating entity: [bloodbank.entity.Person#<null>]
2021-11-19T10:23:56,169|[TRACE] BasicBinder - binding parameter [1] as [BIGINT] - [1637335436168]
2021-11-19T10:23:56,169|[TRACE] BasicBinder - binding parameter [2] as [BIGINT] - [1637335436168]
2021-11-19T10:23:56,169|[TRACE] BasicBinder - binding parameter [3] as [INTEGER] - [0]
2021-11-19T10:23:56,169|[TRACE] BasicBinder - binding parameter [4] as [VARCHAR] - [Jun]
2021-11-19T10:23:56,169|[TRACE] BasicBinder - binding parameter [5] as [VARCHAR] - [Lu]
2021-11-19T10:23:56,170|[DEBUG] IdentifierGeneratorHelper - Natively generated identity: 2
2021-11-19T10:23:56,170|[TRACE] ResourceRegistryStandardImpl - Releasing result set [com.mysql.cj.jdbc.result.ResultSetImpl@6bcfb561]
2021-11-19T10:23:56,170|[TRACE] ResourceRegistryStandardImpl - Closing result set [com.mysql.cj.jdbc.result.ResultSetImpl@6bcfb561]
2021-11-19T10:23:56,170|[TRACE] ResourceRegistryStandardImpl - Releasing statement [com.mysql.cj.jdbc.ClientPreparedStatement: /* insert bloodbank.entity.Person */ insert into person (created, updated, version, first_name, last_name) values (1637335436168, 1637335436168, 0, 'Jun', 'Lu')]
2021-11-19T10:23:56,170|[DEBUG] ResourceRegistryStandardImpl - HHH000387: ResultSet's statement was not registered
2021-11-19T10:23:56,170|[TRACE] ResourceRegistryStandardImpl - Closing prepared statement [com.mysql.cj.jdbc.ClientPreparedStatement: /* insert bloodbank.entity.Person */ insert into person (created, updated, version, first_name, last_name) values (1637335436168, 1637335436168, 0, 'Jun', 'Lu')]
2021-11-19T10:23:56,170|[TRACE] JdbcCoordinatorImpl - Starting after statement execution processing [AFTER_TRANSACTION]
2021-11-19T10:23:56,170|[TRACE] Cascade - Processing cascade ACTION_PERSIST for: bloodbank.entity.Person
2021-11-19T10:23:56,170|[TRACE] Cascade - Cascade ACTION_PERSIST for collection: bloodbank.entity.Person.contacts
2021-11-19T10:23:56,170|[TRACE] Cascade - Done cascade ACTION_PERSIST for collection: bloodbank.entity.Person.contacts
2021-11-19T10:23:56,170|[TRACE] Cascade - Cascade ACTION_PERSIST for collection: bloodbank.entity.Person.donations
2021-11-19T10:23:56,170|[TRACE] Cascade - Done cascade ACTION_PERSIST for collection: bloodbank.entity.Person.donations
2021-11-19T10:23:56,170|[TRACE] Cascade - Done processing cascade ACTION_PERSIST for: bloodbank.entity.Person
2021-11-19T10:23:56,170|[DEBUG] TransactionImpl - committing
2021-11-19T10:23:56,170|[TRACE] JdbcResourceLocalTransactionCoordinatorImpl - ResourceLocalTransactionCoordinatorImpl#beforeCompletionCallback
2021-11-19T10:23:56,170|[TRACE] SessionImpl - SessionImpl#beforeTransactionCompletion()
2021-11-19T10:23:56,170|[TRACE] SessionImpl - Automatically flushing session
2021-11-19T10:23:56,170|[TRACE] AbstractFlushingEventListener - Flushing session
2021-11-19T10:23:56,170|[DEBUG] AbstractFlushingEventListener - Processing flush-time cascades
2021-11-19T10:23:56,170|[TRACE] Cascade - Processing cascade ACTION_PERSIST_ON_FLUSH for: bloodbank.entity.Person
2021-11-19T10:23:56,170|[TRACE] Cascade - Cascade ACTION_PERSIST_ON_FLUSH for collection: bloodbank.entity.Person.contacts
2021-11-19T10:23:56,170|[TRACE] Cascade - Done cascade ACTION_PERSIST_ON_FLUSH for collection: bloodbank.entity.Person.contacts
2021-11-19T10:23:56,170|[TRACE] Cascade - Cascade ACTION_PERSIST_ON_FLUSH for collection: bloodbank.entity.Person.donations
2021-11-19T10:23:56,170|[TRACE] Cascade - Done cascade ACTION_PERSIST_ON_FLUSH for collection: bloodbank.entity.Person.donations
2021-11-19T10:23:56,170|[TRACE] Cascade - Done processing cascade ACTION_PERSIST_ON_FLUSH for: bloodbank.entity.Person
2021-11-19T10:23:56,170|[DEBUG] AbstractFlushingEventListener - Dirty checking collections
2021-11-19T10:23:56,171|[TRACE] AbstractFlushingEventListener - Flushing entities and processing referenced collections
2021-11-19T10:23:56,171|[DEBUG] Collections - Collection found: [bloodbank.entity.Person.contacts#2], was: [<unreferenced>] (initialized)
2021-11-19T10:23:56,171|[DEBUG] Collections - Collection found: [bloodbank.entity.Person.donations#2], was: [<unreferenced>] (initialized)
2021-11-19T10:23:56,171|[TRACE] AbstractFlushingEventListener - Processing unreferenced collections
2021-11-19T10:23:56,171|[TRACE] AbstractFlushingEventListener - Scheduling collection removes/(re)creates/updates
2021-11-19T10:23:56,171|[DEBUG] AbstractFlushingEventListener - Flushed: 0 insertions, 0 updates, 0 deletions to 1 objects
2021-11-19T10:23:56,171|[DEBUG] AbstractFlushingEventListener - Flushed: 2 (re)creations, 0 updates, 0 removals to 2 collections
2021-11-19T10:23:56,171|[DEBUG] EntityPrinter - Listing entities:
2021-11-19T10:23:56,171|[DEBUG] EntityPrinter - bloodbank.entity.Person{firstName=Jun, lastName=Lu, donations=[], id=2, epochCreated=1637335436168, version=0, contacts=[], epochUpdated=1637335436168}
2021-11-19T10:23:56,171|[TRACE] AbstractFlushingEventListener - Executing flush
2021-11-19T10:23:56,171|[TRACE] JdbcCoordinatorImpl - Starting after statement execution processing [AFTER_TRANSACTION]
2021-11-19T10:23:56,171|[TRACE] AbstractFlushingEventListener - Post flush
2021-11-19T10:23:56,171|[TRACE] AbstractLogicalConnectionImplementor - LogicalConnection#beforeTransactionCompletion
2021-11-19T10:23:56,171|[TRACE] SynchronizationRegistryStandardImpl - SynchronizationRegistryStandardImpl.notifySynchronizationsBeforeTransactionCompletion
2021-11-19T10:23:56,171|[TRACE] AbstractLogicalConnectionImplementor - Preparing to commit transaction via JDBC Connection.commit()
2021-11-19T10:23:56,174|[TRACE] AbstractLogicalConnectionImplementor - Transaction committed via JDBC Connection.commit()
2021-11-19T10:23:56,174|[TRACE] AbstractLogicalConnectionImplementor - LogicalConnection#afterTransaction
2021-11-19T10:23:56,174|[TRACE] ResourceRegistryStandardImpl - Releasing JDBC resources
2021-11-19T10:23:56,174|[DEBUG] LogicalConnectionManagedImpl - Initiating JDBC connection release from afterTransaction
2021-11-19T10:23:56,174|[TRACE] ResourceRegistryStandardImpl - Releasing JDBC resources
2021-11-19T10:23:56,174|[TRACE] JdbcResourceLocalTransactionCoordinatorImpl - ResourceLocalTransactionCoordinatorImpl#afterCompletionCallback(true)
2021-11-19T10:23:56,174|[TRACE] SynchronizationRegistryStandardImpl - SynchronizationRegistryStandardImpl.notifySynchronizationsAfterTransactionCompletion(3)
2021-11-19T10:23:56,174|[TRACE] AbstractLogicalConnectionImplementor - LogicalConnection#afterTransaction
2021-11-19T10:23:56,174|[TRACE] ResourceRegistryStandardImpl - Releasing JDBC resources
2021-11-19T10:23:56,174|[DEBUG] LogicalConnectionManagedImpl - Initiating JDBC connection release from afterTransaction
2021-11-19T10:23:56,174|[TRACE] SessionImpl - SessionImpl#afterTransactionCompletion(successful=true, delayed=false)
2021-11-19T10:23:56,174|[DEBUG] TransactionImpl - begin
2021-11-19T10:23:56,174|[TRACE] AbstractLogicalConnectionImplementor - Preparing to begin transaction via JDBC Connection.setAutoCommit(false)
2021-11-19T10:23:56,175|[TRACE] AbstractLogicalConnectionImplementor - Transaction begun via JDBC Connection.setAutoCommit(false)
2021-11-19T10:23:56,175|[TRACE] JdbcResourceLocalTransactionCoordinatorImpl - ResourceLocalTransactionCoordinatorImpl#afterBeginCallback
2021-11-19T10:23:56,175|[TRACE] DefaultDeleteEventListener - Deleting a persistent instance
2021-11-19T10:23:56,175|[TRACE] DefaultDeleteEventListener - Deleting [bloodbank.entity.Person#2]
2021-11-19T10:23:56,175|[TRACE] Cascade - Processing cascade ACTION_DELETE for: bloodbank.entity.Person
2021-11-19T10:23:56,175|[TRACE] Cascade - Done processing cascade ACTION_DELETE for: bloodbank.entity.Person
2021-11-19T10:23:56,175|[TRACE] Cascade - Processing cascade ACTION_DELETE for: bloodbank.entity.Person
2021-11-19T10:23:56,175|[TRACE] Cascade - Done processing cascade ACTION_DELETE for: bloodbank.entity.Person
2021-11-19T10:23:56,175|[DEBUG] TransactionImpl - committing
2021-11-19T10:23:56,175|[TRACE] JdbcResourceLocalTransactionCoordinatorImpl - ResourceLocalTransactionCoordinatorImpl#beforeCompletionCallback
2021-11-19T10:23:56,175|[TRACE] SessionImpl - SessionImpl#beforeTransactionCompletion()
2021-11-19T10:23:56,175|[TRACE] SessionImpl - Automatically flushing session
2021-11-19T10:23:56,175|[TRACE] AbstractFlushingEventListener - Flushing session
2021-11-19T10:23:56,175|[DEBUG] AbstractFlushingEventListener - Processing flush-time cascades
2021-11-19T10:23:56,175|[DEBUG] AbstractFlushingEventListener - Dirty checking collections
2021-11-19T10:23:56,175|[TRACE] AbstractFlushingEventListener - Flushing entities and processing referenced collections
2021-11-19T10:23:56,175|[TRACE] AbstractFlushingEventListener - Processing unreferenced collections
2021-11-19T10:23:56,175|[DEBUG] Collections - Collection dereferenced: [bloodbank.entity.Person.contacts#2]
2021-11-19T10:23:56,175|[DEBUG] Collections - Collection dereferenced: [bloodbank.entity.Person.donations#2]
2021-11-19T10:23:56,175|[TRACE] AbstractFlushingEventListener - Scheduling collection removes/(re)creates/updates
2021-11-19T10:23:56,175|[DEBUG] AbstractFlushingEventListener - Flushed: 0 insertions, 0 updates, 1 deletions to 1 objects
2021-11-19T10:23:56,175|[DEBUG] AbstractFlushingEventListener - Flushed: 0 (re)creations, 0 updates, 2 removals to 2 collections
2021-11-19T10:23:56,175|[DEBUG] EntityPrinter - Listing entities:
2021-11-19T10:23:56,175|[DEBUG] EntityPrinter - bloodbank.entity.Person{firstName=Jun, lastName=Lu, donations=[], id=2, epochCreated=1637335436168, version=0, contacts=[], epochUpdated=1637335436168}
2021-11-19T10:23:56,175|[TRACE] AbstractFlushingEventListener - Executing flush
2021-11-19T10:23:56,175|[TRACE] AbstractEntityPersister - Deleting entity: [bloodbank.entity.Person#2]
2021-11-19T10:23:56,175|[TRACE] AbstractEntityPersister - Version: 0
2021-11-19T10:23:56,175|[TRACE] AbstractServiceRegistryImpl - Initializing service [role=org.hibernate.engine.jdbc.batch.spi.BatchBuilder]
2021-11-19T10:23:56,175|[TRACE] JdbcCoordinatorImpl - Starting after statement execution processing [AFTER_TRANSACTION]
2021-11-19T10:23:56,175|[DEBUG] SQL - 
    /* delete bloodbank.entity.Person */ delete 
        from
            person 
        where
            id=? 
            and version=?
2021-11-19T10:23:56,175|[TRACE] ResourceRegistryStandardImpl - Registering statement [com.mysql.cj.jdbc.ClientPreparedStatement: /* delete bloodbank.entity.Person */ delete from person where id=** NOT SPECIFIED ** and version=** NOT SPECIFIED **]
2021-11-19T10:23:56,176|[TRACE] BasicBinder - binding parameter [1] as [INTEGER] - [2]
2021-11-19T10:23:56,176|[TRACE] BasicBinder - binding parameter [2] as [INTEGER] - [0]
2021-11-19T10:23:56,176|[TRACE] ResourceRegistryStandardImpl - Releasing statement [com.mysql.cj.jdbc.ClientPreparedStatement: /* delete bloodbank.entity.Person */ delete from person where id=2 and version=0]
2021-11-19T10:23:56,177|[TRACE] ResourceRegistryStandardImpl - Closing prepared statement [com.mysql.cj.jdbc.ClientPreparedStatement: /* delete bloodbank.entity.Person */ delete from person where id=2 and version=0]
2021-11-19T10:23:56,177|[TRACE] JdbcCoordinatorImpl - Starting after statement execution processing [AFTER_TRANSACTION]
2021-11-19T10:23:56,177|[TRACE] JdbcCoordinatorImpl - Starting after statement execution processing [AFTER_TRANSACTION]
2021-11-19T10:23:56,177|[TRACE] JdbcCoordinatorImpl - Starting after statement execution processing [AFTER_TRANSACTION]
2021-11-19T10:23:56,177|[TRACE] AbstractFlushingEventListener - Post flush
2021-11-19T10:23:56,177|[TRACE] AbstractLogicalConnectionImplementor - LogicalConnection#beforeTransactionCompletion
2021-11-19T10:23:56,177|[TRACE] SynchronizationRegistryStandardImpl - SynchronizationRegistryStandardImpl.notifySynchronizationsBeforeTransactionCompletion
2021-11-19T10:23:56,177|[TRACE] AbstractLogicalConnectionImplementor - Preparing to commit transaction via JDBC Connection.commit()
2021-11-19T10:23:56,179|[TRACE] AbstractLogicalConnectionImplementor - Transaction committed via JDBC Connection.commit()
2021-11-19T10:23:56,179|[TRACE] AbstractLogicalConnectionImplementor - LogicalConnection#afterTransaction
2021-11-19T10:23:56,179|[TRACE] ResourceRegistryStandardImpl - Releasing JDBC resources
2021-11-19T10:23:56,179|[TRACE] JdbcCoordinatorImpl - Starting after statement execution processing [AFTER_TRANSACTION]
2021-11-19T10:23:56,179|[DEBUG] LogicalConnectionManagedImpl - Initiating JDBC connection release from afterTransaction
2021-11-19T10:23:56,180|[TRACE] ResourceRegistryStandardImpl - Releasing JDBC resources
2021-11-19T10:23:56,180|[TRACE] JdbcCoordinatorImpl - Starting after statement execution processing [AFTER_TRANSACTION]
2021-11-19T10:23:56,180|[TRACE] JdbcResourceLocalTransactionCoordinatorImpl - ResourceLocalTransactionCoordinatorImpl#afterCompletionCallback(true)
2021-11-19T10:23:56,180|[TRACE] SynchronizationRegistryStandardImpl - SynchronizationRegistryStandardImpl.notifySynchronizationsAfterTransactionCompletion(3)
2021-11-19T10:23:56,180|[TRACE] AbstractLogicalConnectionImplementor - LogicalConnection#afterTransaction
2021-11-19T10:23:56,180|[TRACE] ResourceRegistryStandardImpl - Releasing JDBC resources
2021-11-19T10:23:56,180|[TRACE] JdbcCoordinatorImpl - Starting after statement execution processing [AFTER_TRANSACTION]
2021-11-19T10:23:56,180|[DEBUG] LogicalConnectionManagedImpl - Initiating JDBC connection release from afterTransaction
2021-11-19T10:23:56,180|[TRACE] SessionImpl - SessionImpl#afterTransactionCompletion(successful=true, delayed=false)
2021-11-19T10:23:56,180|[DEBUG] CriteriaQueryImpl - Rendered criteria query -> select count(generatedAlias0) from Person as generatedAlias0 where generatedAlias0.id=:id
2021-11-19T10:23:56,180|[TRACE] QueryPlanCache - Located HQL query plan in cache (select count(generatedAlias0) from Person as generatedAlias0 where generatedAlias0.id=:id)
2021-11-19T10:23:56,180|[TRACE] QueryPlanCache - Located HQL query plan in cache (select count(generatedAlias0) from Person as generatedAlias0 where generatedAlias0.id=:id)
2021-11-19T10:23:56,180|[TRACE] QueryPlanCache - Located HQL query plan in cache (select count(generatedAlias0) from Person as generatedAlias0 where generatedAlias0.id=:id)
2021-11-19T10:23:56,180|[TRACE] HQLQueryPlan - Find: select count(generatedAlias0) from Person as generatedAlias0 where generatedAlias0.id=:id
2021-11-19T10:23:56,180|[TRACE] QueryParameters - Named parameters: {id=2}
2021-11-19T10:23:56,180|[DEBUG] SQL - 
    /* select
        count(generatedAlias0) 
    from
        Person as generatedAlias0 
    where
        generatedAlias0.id=:id */ select
            count(person0_.id) as col_0_0_ 
        from
            person person0_ 
        where
            person0_.id=?
2021-11-19T10:23:56,180|[TRACE] ResourceRegistryStandardImpl - Registering statement [com.mysql.cj.jdbc.ClientPreparedStatement: /* select count(generatedAlias0) from Person as generatedAlias0 where generatedAlias0.id=:id */ select count(person0_.id) as col_0_0_ from person person0_ where person0_.id=** NOT SPECIFIED **]
2021-11-19T10:23:56,180|[TRACE] JdbcCoordinatorImpl - Registering last query statement [com.mysql.cj.jdbc.ClientPreparedStatement: /* select count(generatedAlias0) from Person as generatedAlias0 where generatedAlias0.id=:id */ select count(person0_.id) as col_0_0_ from person person0_ where person0_.id=** NOT SPECIFIED **]
2021-11-19T10:23:56,180|[TRACE] BasicBinder - binding parameter [1] as [INTEGER] - [2]
2021-11-19T10:23:56,180|[TRACE] Loader - Bound [2] parameters total
2021-11-19T10:23:56,181|[TRACE] ResourceRegistryStandardImpl - Registering result set [com.mysql.cj.jdbc.result.ResultSetImpl@75c3584e]
2021-11-19T10:23:56,181|[TRACE] Loader - Processing result set
2021-11-19T10:23:56,181|[DEBUG] Loader - Result set row: 0
2021-11-19T10:23:56,181|[DEBUG] Loader - Result row: 
2021-11-19T10:23:56,181|[TRACE] BasicExtractor - extracted value ([col_0_0_] : [BIGINT]) - [0]
2021-11-19T10:23:56,181|[TRACE] Loader - Done processing result set (1 rows)
2021-11-19T10:23:56,181|[TRACE] ResourceRegistryStandardImpl - Releasing statement [com.mysql.cj.jdbc.ClientPreparedStatement: /* select count(generatedAlias0) from Person as generatedAlias0 where generatedAlias0.id=:id */ select count(person0_.id) as col_0_0_ from person person0_ where person0_.id=2]
2021-11-19T10:23:56,181|[TRACE] ResourceRegistryStandardImpl - Closing result set [com.mysql.cj.jdbc.result.ResultSetImpl@75c3584e]
2021-11-19T10:23:56,181|[TRACE] ResourceRegistryStandardImpl - Closing prepared statement [com.mysql.cj.jdbc.ClientPreparedStatement: /* select count(generatedAlias0) from Person as generatedAlias0 where generatedAlias0.id=:id */ select count(person0_.id) as col_0_0_ from person person0_ where person0_.id=2]
2021-11-19T10:23:56,181|[TRACE] JdbcCoordinatorImpl - Starting after statement execution processing [AFTER_TRANSACTION]
2021-11-19T10:23:56,181|[TRACE] StatefulPersistenceContext - Initializing non-lazy collections
2021-11-19T10:23:56,181|[TRACE] AbstractLogicalConnectionImplementor - LogicalConnection#afterTransaction
2021-11-19T10:23:56,181|[TRACE] ResourceRegistryStandardImpl - Releasing JDBC resources
2021-11-19T10:23:56,181|[TRACE] JdbcCoordinatorImpl - Starting after statement execution processing [AFTER_TRANSACTION]
2021-11-19T10:23:56,181|[DEBUG] LogicalConnectionManagedImpl - Initiating JDBC connection release from afterTransaction
2021-11-19T10:23:56,182|[TRACE] ResourceRegistryStandardImpl - Releasing JDBC resources
2021-11-19T10:23:56,182|[TRACE] JdbcCoordinatorImpl - Starting after statement execution processing [AFTER_TRANSACTION]
2021-11-19T10:23:56,182|[DEBUG] CriteriaQueryImpl - Rendered criteria query -> select count(generatedAlias0) from Person as generatedAlias0 where generatedAlias0.id=:id
2021-11-19T10:23:56,182|[TRACE] QueryPlanCache - Located HQL query plan in cache (select count(generatedAlias0) from Person as generatedAlias0 where generatedAlias0.id=:id)
2021-11-19T10:23:56,182|[TRACE] QueryPlanCache - Located HQL query plan in cache (select count(generatedAlias0) from Person as generatedAlias0 where generatedAlias0.id=:id)
2021-11-19T10:23:56,182|[TRACE] QueryPlanCache - Located HQL query plan in cache (select count(generatedAlias0) from Person as generatedAlias0 where generatedAlias0.id=:id)
2021-11-19T10:23:56,182|[TRACE] HQLQueryPlan - Find: select count(generatedAlias0) from Person as generatedAlias0 where generatedAlias0.id=:id
2021-11-19T10:23:56,182|[TRACE] QueryParameters - Named parameters: {id=1}
2021-11-19T10:23:56,182|[DEBUG] SQL - 
    /* select
        count(generatedAlias0) 
    from
        Person as generatedAlias0 
    where
        generatedAlias0.id=:id */ select
            count(person0_.id) as col_0_0_ 
        from
            person person0_ 
        where
            person0_.id=?
2021-11-19T10:23:56,182|[TRACE] ResourceRegistryStandardImpl - Registering statement [com.mysql.cj.jdbc.ClientPreparedStatement: /* select count(generatedAlias0) from Person as generatedAlias0 where generatedAlias0.id=:id */ select count(person0_.id) as col_0_0_ from person person0_ where person0_.id=** NOT SPECIFIED **]
2021-11-19T10:23:56,182|[TRACE] JdbcCoordinatorImpl - Registering last query statement [com.mysql.cj.jdbc.ClientPreparedStatement: /* select count(generatedAlias0) from Person as generatedAlias0 where generatedAlias0.id=:id */ select count(person0_.id) as col_0_0_ from person person0_ where person0_.id=** NOT SPECIFIED **]
2021-11-19T10:23:56,183|[TRACE] BasicBinder - binding parameter [1] as [INTEGER] - [1]
2021-11-19T10:23:56,183|[TRACE] Loader - Bound [2] parameters total
2021-11-19T10:23:56,183|[TRACE] ResourceRegistryStandardImpl - Registering result set [com.mysql.cj.jdbc.result.ResultSetImpl@73bcd9b4]
2021-11-19T10:23:56,183|[TRACE] Loader - Processing result set
2021-11-19T10:23:56,183|[DEBUG] Loader - Result set row: 0
2021-11-19T10:23:56,183|[DEBUG] Loader - Result row: 
2021-11-19T10:23:56,183|[TRACE] BasicExtractor - extracted value ([col_0_0_] : [BIGINT]) - [1]
2021-11-19T10:23:56,183|[TRACE] Loader - Done processing result set (1 rows)
2021-11-19T10:23:56,183|[TRACE] ResourceRegistryStandardImpl - Releasing statement [com.mysql.cj.jdbc.ClientPreparedStatement: /* select count(generatedAlias0) from Person as generatedAlias0 where generatedAlias0.id=:id */ select count(person0_.id) as col_0_0_ from person person0_ where person0_.id=1]
2021-11-19T10:23:56,183|[TRACE] ResourceRegistryStandardImpl - Closing result set [com.mysql.cj.jdbc.result.ResultSetImpl@73bcd9b4]
2021-11-19T10:23:56,183|[TRACE] ResourceRegistryStandardImpl - Closing prepared statement [com.mysql.cj.jdbc.ClientPreparedStatement: /* select count(generatedAlias0) from Person as generatedAlias0 where generatedAlias0.id=:id */ select count(person0_.id) as col_0_0_ from person person0_ where person0_.id=1]
2021-11-19T10:23:56,183|[TRACE] JdbcCoordinatorImpl - Starting after statement execution processing [AFTER_TRANSACTION]
2021-11-19T10:23:56,183|[TRACE] StatefulPersistenceContext - Initializing non-lazy collections
2021-11-19T10:23:56,183|[TRACE] AbstractLogicalConnectionImplementor - LogicalConnection#afterTransaction
2021-11-19T10:23:56,183|[TRACE] ResourceRegistryStandardImpl - Releasing JDBC resources
2021-11-19T10:23:56,183|[TRACE] JdbcCoordinatorImpl - Starting after statement execution processing [AFTER_TRANSACTION]
2021-11-19T10:23:56,183|[DEBUG] LogicalConnectionManagedImpl - Initiating JDBC connection release from afterTransaction
2021-11-19T10:23:56,184|[TRACE] ResourceRegistryStandardImpl - Releasing JDBC resources
2021-11-19T10:23:56,184|[TRACE] JdbcCoordinatorImpl - Starting after statement execution processing [AFTER_TRANSACTION]
2021-11-19T10:23:56,184|[TRACE] SessionImpl - Closing session [c6f5b696-c58b-4179-b457-c225477bd919]
2021-11-19T10:23:56,184|[TRACE] JdbcCoordinatorImpl - Closing JDBC container [org.hibernate.engine.jdbc.internal.JdbcCoordinatorImpl@27aa7294]
2021-11-19T10:23:56,184|[DEBUG] JdbcCoordinatorImpl - HHH000420: Closing un-released batch
2021-11-19T10:23:56,184|[TRACE] JdbcCoordinatorImpl - Starting after statement execution processing [AFTER_TRANSACTION]
2021-11-19T10:23:56,184|[TRACE] ResourceRegistryStandardImpl - Releasing JDBC resources
2021-11-19T10:23:56,184|[TRACE] JdbcCoordinatorImpl - Starting after statement execution processing [AFTER_TRANSACTION]
2021-11-19T10:23:56,184|[TRACE] LogicalConnectionManagedImpl - Closing logical connection
2021-11-19T10:23:56,184|[TRACE] LogicalConnectionManagedImpl - Logical connection closed
]]></system-out>
  </testcase>
</testsuite>