<?xml version="1.0" encoding="UTF-8"?>
<testsuite xmlns:xsi="http://www.w3.org/2001/XMLSchema-instance" xsi:noNamespaceSchemaLocation="https://maven.apache.org/surefire/maven-surefire-plugin/xsd/surefire-test-report-3.0.xsd" version="3.0" name="bloodbank.entity.TestCRUDContactOriginal" time="4.192" tests="9" errors="0" skipped="0" failures="0">
  <properties>
    <property name="sun.desktop" value="windows"/>
    <property name="awt.toolkit" value="sun.awt.windows.WToolkit"/>
    <property name="java.specification.version" value="11"/>
    <property name="sun.cpu.isalist" value="amd64"/>
    <property name="sun.jnu.encoding" value="Cp1252"/>
    <property name="java.class.path" value="D:\Computer Programming\Level 4\CST8277_300 Enterprise Application\Assignments\Assignment03\BloodBank-JPA-Mapping-JUnit-Skeleton\BloodBank-JPA-Mapping-JUnit-Skeleton\target\test-classes;C:\Users\simondaxia\.m2\repository\org\junit\jupiter\junit-jupiter\5.7.0\junit-jupiter-5.7.0.jar;C:\Users\simondaxia\.m2\repository\org\junit\jupiter\junit-jupiter-api\5.7.0\junit-jupiter-api-5.7.0.jar;C:\Users\simondaxia\.m2\repository\org\apiguardian\apiguardian-api\1.1.0\apiguardian-api-1.1.0.jar;C:\Users\simondaxia\.m2\repository\org\opentest4j\opentest4j\1.2.0\opentest4j-1.2.0.jar;C:\Users\simondaxia\.m2\repository\org\junit\platform\junit-platform-commons\1.7.0\junit-platform-commons-1.7.0.jar;C:\Users\simondaxia\.m2\repository\org\junit\jupiter\junit-jupiter-params\5.7.0\junit-jupiter-params-5.7.0.jar;C:\Users\simondaxia\.m2\repository\org\junit\jupiter\junit-jupiter-engine\5.7.0\junit-jupiter-engine-5.7.0.jar;C:\Users\simondaxia\.m2\repository\org\junit\platform\junit-platform-engine\1.7.0\junit-platform-engine-1.7.0.jar;C:\Users\simondaxia\.m2\repository\org\hamcrest\hamcrest\2.2\hamcrest-2.2.jar;C:\Users\simondaxia\.m2\repository\org\hamcrest\hamcrest-library\2.2\hamcrest-library-2.2.jar;C:\Users\simondaxia\.m2\repository\org\hamcrest\hamcrest-core\2.2\hamcrest-core-2.2.jar;C:\Users\simondaxia\.m2\repository\org\jboss\logging\jboss-logging\3.4.1.Final\jboss-logging-3.4.1.Final.jar;C:\Users\simondaxia\.m2\repository\org\javassist\javassist\3.27.0-GA\javassist-3.27.0-GA.jar;C:\Users\simondaxia\.m2\repository\net\bytebuddy\byte-buddy\1.10.17\byte-buddy-1.10.17.jar;C:\Users\simondaxia\.m2\repository\antlr\antlr\2.7.7\antlr-2.7.7.jar;C:\Users\simondaxia\.m2\repository\org\jboss\spec\javax\transaction\jboss-transaction-api_1.2_spec\1.1.1.Final\jboss-transaction-api_1.2_spec-1.1.1.Final.jar;C:\Users\simondaxia\.m2\repository\org\jboss\jandex\2.1.3.Final\jandex-2.1.3.Final.jar;C:\Users\simondaxia\.m2\repository\com\fasterxml\classmate\1.5.1\classmate-1.5.1.jar;C:\Users\simondaxia\.m2\repository\javax\activation\javax.activation-api\1.2.0\javax.activation-api-1.2.0.jar;C:\Users\simondaxia\.m2\repository\org\dom4j\dom4j\2.1.3\dom4j-2.1.3.jar;C:\Users\simondaxia\.m2\repository\org\hibernate\common\hibernate-commons-annotations\5.1.2.Final\hibernate-commons-annotations-5.1.2.Final.jar;C:\Users\simondaxia\.m2\repository\javax\xml\bind\jaxb-api\2.3.1\jaxb-api-2.3.1.jar;C:\Users\simondaxia\.m2\repository\org\glassfish\jaxb\jaxb-runtime\2.3.1\jaxb-runtime-2.3.1.jar;C:\Users\simondaxia\.m2\repository\org\glassfish\jaxb\txw2\2.3.1\txw2-2.3.1.jar;C:\Users\simondaxia\.m2\repository\com\sun\istack\istack-commons-runtime\3.0.7\istack-commons-runtime-3.0.7.jar;C:\Users\simondaxia\.m2\repository\org\jvnet\staxex\stax-ex\1.8\stax-ex-1.8.jar;C:\Users\simondaxia\.m2\repository\com\sun\xml\fastinfoset\FastInfoset\1.2.15\FastInfoset-1.2.15.jar;C:\Users\simondaxia\.m2\repository\mysql\mysql-connector-java\8.0.23\mysql-connector-java-8.0.23.jar;C:\Users\simondaxia\.m2\repository\com\google\protobuf\protobuf-java\3.11.4\protobuf-java-3.11.4.jar;"/>
    <property name="java.vm.vendor" value="Amazon.com Inc."/>
    <property name="sun.arch.data.model" value="64"/>
    <property name="user.variant" value=""/>
    <property name="java.vendor.url" value="https://aws.amazon.com/corretto/"/>
    <property name="user.timezone" value="America/New_York"/>
    <property name="java.vm.specification.version" value="11"/>
    <property name="os.name" value="Windows 10"/>
    <property name="sun.java.launcher" value="SUN_STANDARD"/>
    <property name="user.country" value="CA"/>
    <property name="sun.boot.library.path" value="C:\Program Files\Amazon Corretto\jdk11.0.11_9\bin"/>
    <property name="sun.java.command" value="org.apache.maven.surefire.booter.ForkedBooter C:\Users\simondaxia\AppData\Local\Temp\surefire18336507460364361438 2021-11-19T10-23-33_773-jvmRun1 surefire10358599284016281038tmp surefire_028660401499378696tmp"/>
    <property name="jdk.debug" value="release"/>
    <property name="surefire.test.class.path" value="D:\Computer Programming\Level 4\CST8277_300 Enterprise Application\Assignments\Assignment03\BloodBank-JPA-Mapping-JUnit-Skeleton\BloodBank-JPA-Mapping-JUnit-Skeleton\target\test-classes;C:\Users\simondaxia\.m2\repository\org\junit\jupiter\junit-jupiter\5.7.0\junit-jupiter-5.7.0.jar;C:\Users\simondaxia\.m2\repository\org\junit\jupiter\junit-jupiter-api\5.7.0\junit-jupiter-api-5.7.0.jar;C:\Users\simondaxia\.m2\repository\org\apiguardian\apiguardian-api\1.1.0\apiguardian-api-1.1.0.jar;C:\Users\simondaxia\.m2\repository\org\opentest4j\opentest4j\1.2.0\opentest4j-1.2.0.jar;C:\Users\simondaxia\.m2\repository\org\junit\platform\junit-platform-commons\1.7.0\junit-platform-commons-1.7.0.jar;C:\Users\simondaxia\.m2\repository\org\junit\jupiter\junit-jupiter-params\5.7.0\junit-jupiter-params-5.7.0.jar;C:\Users\simondaxia\.m2\repository\org\junit\jupiter\junit-jupiter-engine\5.7.0\junit-jupiter-engine-5.7.0.jar;C:\Users\simondaxia\.m2\repository\org\junit\platform\junit-platform-engine\1.7.0\junit-platform-engine-1.7.0.jar;C:\Users\simondaxia\.m2\repository\org\hamcrest\hamcrest\2.2\hamcrest-2.2.jar;C:\Users\simondaxia\.m2\repository\org\hamcrest\hamcrest-library\2.2\hamcrest-library-2.2.jar;C:\Users\simondaxia\.m2\repository\org\hamcrest\hamcrest-core\2.2\hamcrest-core-2.2.jar;C:\Users\simondaxia\.m2\repository\org\jboss\logging\jboss-logging\3.4.1.Final\jboss-logging-3.4.1.Final.jar;C:\Users\simondaxia\.m2\repository\org\javassist\javassist\3.27.0-GA\javassist-3.27.0-GA.jar;C:\Users\simondaxia\.m2\repository\net\bytebuddy\byte-buddy\1.10.17\byte-buddy-1.10.17.jar;C:\Users\simondaxia\.m2\repository\antlr\antlr\2.7.7\antlr-2.7.7.jar;C:\Users\simondaxia\.m2\repository\org\jboss\spec\javax\transaction\jboss-transaction-api_1.2_spec\1.1.1.Final\jboss-transaction-api_1.2_spec-1.1.1.Final.jar;C:\Users\simondaxia\.m2\repository\org\jboss\jandex\2.1.3.Final\jandex-2.1.3.Final.jar;C:\Users\simondaxia\.m2\repository\com\fasterxml\classmate\1.5.1\classmate-1.5.1.jar;C:\Users\simondaxia\.m2\repository\javax\activation\javax.activation-api\1.2.0\javax.activation-api-1.2.0.jar;C:\Users\simondaxia\.m2\repository\org\dom4j\dom4j\2.1.3\dom4j-2.1.3.jar;C:\Users\simondaxia\.m2\repository\org\hibernate\common\hibernate-commons-annotations\5.1.2.Final\hibernate-commons-annotations-5.1.2.Final.jar;C:\Users\simondaxia\.m2\repository\javax\xml\bind\jaxb-api\2.3.1\jaxb-api-2.3.1.jar;C:\Users\simondaxia\.m2\repository\org\glassfish\jaxb\jaxb-runtime\2.3.1\jaxb-runtime-2.3.1.jar;C:\Users\simondaxia\.m2\repository\org\glassfish\jaxb\txw2\2.3.1\txw2-2.3.1.jar;C:\Users\simondaxia\.m2\repository\com\sun\istack\istack-commons-runtime\3.0.7\istack-commons-runtime-3.0.7.jar;C:\Users\simondaxia\.m2\repository\org\jvnet\staxex\stax-ex\1.8\stax-ex-1.8.jar;C:\Users\simondaxia\.m2\repository\com\sun\xml\fastinfoset\FastInfoset\1.2.15\FastInfoset-1.2.15.jar;C:\Users\simondaxia\.m2\repository\mysql\mysql-connector-java\8.0.23\mysql-connector-java-8.0.23.jar;C:\Users\simondaxia\.m2\repository\com\google\protobuf\protobuf-java\3.11.4\protobuf-java-3.11.4.jar;"/>
    <property name="sun.cpu.endian" value="little"/>
    <property name="user.home" value="C:\Users\simondaxia"/>
    <property name="user.language" value="en"/>
    <property name="java.specification.vendor" value="Oracle Corporation"/>
    <property name="jdk.module.path" value="D:\Computer Programming\Level 4\CST8277_300 Enterprise Application\Assignments\Assignment03\BloodBank-JPA-Mapping-JUnit-Skeleton\BloodBank-JPA-Mapping-JUnit-Skeleton\target\classes;C:\Users\simondaxia\.m2\repository\org\apache\logging\log4j\log4j-api\2.14.0\log4j-api-2.14.0.jar;C:\Users\simondaxia\.m2\repository\org\apache\logging\log4j\log4j-core\2.14.0\log4j-core-2.14.0.jar;C:\Users\simondaxia\.m2\repository\org\hibernate\hibernate-core\5.4.27.Final\hibernate-core-5.4.27.Final.jar;C:\Users\simondaxia\.m2\repository\jakarta\platform\jakarta.jakartaee-api\8.0.0\jakarta.jakartaee-api-8.0.0.jar"/>
    <property name="java.version.date" value="2021-04-20"/>
    <property name="generateReports" value="flase"/>
    <property name="java.home" value="C:\Program Files\Amazon Corretto\jdk11.0.11_9"/>
    <property name="file.separator" value="\"/>
    <property name="basedir" value="D:\Computer Programming\Level 4\CST8277_300 Enterprise Application\Assignments\Assignment03\BloodBank-JPA-Mapping-JUnit-Skeleton\BloodBank-JPA-Mapping-JUnit-Skeleton"/>
    <property name="java.vm.compressedOopsMode" value="32-bit"/>
    <property name="line.separator" value="&#10;"/>
    <property name="java.specification.name" value="Java Platform API Specification"/>
    <property name="java.vm.specification.vendor" value="Oracle Corporation"/>
    <property name="java.awt.graphicsenv" value="sun.awt.Win32GraphicsEnvironment"/>
    <property name="surefire.real.class.path" value="C:\Users\simondaxia\.m2\repository\org\apache\maven\surefire\surefire-booter\3.0.0-M5\surefire-booter-3.0.0-M5.jar;C:\Users\simondaxia\.m2\repository\org\apache\maven\surefire\surefire-api\3.0.0-M5\surefire-api-3.0.0-M5.jar;C:\Users\simondaxia\.m2\repository\org\apache\maven\surefire\surefire-logger-api\3.0.0-M5\surefire-logger-api-3.0.0-M5.jar;C:\Users\simondaxia\.m2\repository\org\apache\maven\surefire\surefire-shared-utils\3.0.0-M4\surefire-shared-utils-3.0.0-M4.jar;C:\Users\simondaxia\.m2\repository\org\apache\maven\surefire\surefire-extensions-spi\3.0.0-M5\surefire-extensions-spi-3.0.0-M5.jar;D:\Computer Programming\Level 4\CST8277_300 Enterprise Application\Assignments\Assignment03\BloodBank-JPA-Mapping-JUnit-Skeleton\BloodBank-JPA-Mapping-JUnit-Skeleton\target\test-classes;C:\Users\simondaxia\.m2\repository\org\junit\jupiter\junit-jupiter\5.7.0\junit-jupiter-5.7.0.jar;C:\Users\simondaxia\.m2\repository\org\junit\jupiter\junit-jupiter-api\5.7.0\junit-jupiter-api-5.7.0.jar;C:\Users\simondaxia\.m2\repository\org\apiguardian\apiguardian-api\1.1.0\apiguardian-api-1.1.0.jar;C:\Users\simondaxia\.m2\repository\org\opentest4j\opentest4j\1.2.0\opentest4j-1.2.0.jar;C:\Users\simondaxia\.m2\repository\org\junit\platform\junit-platform-commons\1.7.0\junit-platform-commons-1.7.0.jar;C:\Users\simondaxia\.m2\repository\org\junit\jupiter\junit-jupiter-params\5.7.0\junit-jupiter-params-5.7.0.jar;C:\Users\simondaxia\.m2\repository\org\junit\jupiter\junit-jupiter-engine\5.7.0\junit-jupiter-engine-5.7.0.jar;C:\Users\simondaxia\.m2\repository\org\junit\platform\junit-platform-engine\1.7.0\junit-platform-engine-1.7.0.jar;C:\Users\simondaxia\.m2\repository\org\hamcrest\hamcrest\2.2\hamcrest-2.2.jar;C:\Users\simondaxia\.m2\repository\org\hamcrest\hamcrest-library\2.2\hamcrest-library-2.2.jar;C:\Users\simondaxia\.m2\repository\org\hamcrest\hamcrest-core\2.2\hamcrest-core-2.2.jar;C:\Users\simondaxia\.m2\repository\org\jboss\logging\jboss-logging\3.4.1.Final\jboss-logging-3.4.1.Final.jar;C:\Users\simondaxia\.m2\repository\org\javassist\javassist\3.27.0-GA\javassist-3.27.0-GA.jar;C:\Users\simondaxia\.m2\repository\net\bytebuddy\byte-buddy\1.10.17\byte-buddy-1.10.17.jar;C:\Users\simondaxia\.m2\repository\antlr\antlr\2.7.7\antlr-2.7.7.jar;C:\Users\simondaxia\.m2\repository\org\jboss\spec\javax\transaction\jboss-transaction-api_1.2_spec\1.1.1.Final\jboss-transaction-api_1.2_spec-1.1.1.Final.jar;C:\Users\simondaxia\.m2\repository\org\jboss\jandex\2.1.3.Final\jandex-2.1.3.Final.jar;C:\Users\simondaxia\.m2\repository\com\fasterxml\classmate\1.5.1\classmate-1.5.1.jar;C:\Users\simondaxia\.m2\repository\javax\activation\javax.activation-api\1.2.0\javax.activation-api-1.2.0.jar;C:\Users\simondaxia\.m2\repository\org\dom4j\dom4j\2.1.3\dom4j-2.1.3.jar;C:\Users\simondaxia\.m2\repository\org\hibernate\common\hibernate-commons-annotations\5.1.2.Final\hibernate-commons-annotations-5.1.2.Final.jar;C:\Users\simondaxia\.m2\repository\javax\xml\bind\jaxb-api\2.3.1\jaxb-api-2.3.1.jar;C:\Users\simondaxia\.m2\repository\org\glassfish\jaxb\jaxb-runtime\2.3.1\jaxb-runtime-2.3.1.jar;C:\Users\simondaxia\.m2\repository\org\glassfish\jaxb\txw2\2.3.1\txw2-2.3.1.jar;C:\Users\simondaxia\.m2\repository\com\sun\istack\istack-commons-runtime\3.0.7\istack-commons-runtime-3.0.7.jar;C:\Users\simondaxia\.m2\repository\org\jvnet\staxex\stax-ex\1.8\stax-ex-1.8.jar;C:\Users\simondaxia\.m2\repository\com\sun\xml\fastinfoset\FastInfoset\1.2.15\FastInfoset-1.2.15.jar;C:\Users\simondaxia\.m2\repository\mysql\mysql-connector-java\8.0.23\mysql-connector-java-8.0.23.jar;C:\Users\simondaxia\.m2\repository\com\google\protobuf\protobuf-java\3.11.4\protobuf-java-3.11.4.jar;C:\Users\simondaxia\.m2\repository\org\apache\maven\surefire\surefire-junit-platform\3.0.0-M5\surefire-junit-platform-3.0.0-M5.jar;C:\Users\simondaxia\.m2\repository\org\apache\maven\surefire\common-java5\3.0.0-M5\common-java5-3.0.0-M5.jar;C:\Users\simondaxia\.m2\repository\org\junit\platform\junit-platform-launcher\1.7.0\junit-platform-launcher-1.7.0.jar"/>
    <property name="user.script" value=""/>
    <property name="sun.management.compiler" value="HotSpot 64-Bit Tiered Compilers"/>
    <property name="java.runtime.version" value="11.0.11+9-LTS"/>
    <property name="user.name" value="simondaxia"/>
    <property name="path.separator" value=";"/>
    <property name="os.version" value="10.0"/>
    <property name="java.runtime.name" value="OpenJDK Runtime Environment"/>
    <property name="file.encoding" value="Cp1252"/>
    <property name="java.vm.name" value="OpenJDK 64-Bit Server VM"/>
    <property name="java.vendor.version" value="Corretto-11.0.11.9.1"/>
    <property name="localRepository" value="C:\Users\simondaxia\.m2\repository"/>
    <property name="java.vendor.url.bug" value="https://github.com/corretto/corretto-11/issues/"/>
    <property name="java.io.tmpdir" value="C:\Users\SIMOND~1\AppData\Local\Temp\"/>
    <property name="java.version" value="11.0.11"/>
    <property name="user.dir" value="D:\Computer Programming\Level 4\CST8277_300 Enterprise Application\Assignments\Assignment03\BloodBank-JPA-Mapping-JUnit-Skeleton\BloodBank-JPA-Mapping-JUnit-Skeleton"/>
    <property name="os.arch" value="amd64"/>
    <property name="java.vm.specification.name" value="Java Virtual Machine Specification"/>
    <property name="java.awt.printerjob" value="sun.awt.windows.WPrinterJob"/>
    <property name="sun.os.patch.level" value=""/>
    <property name="java.library.path" value="C:\Program Files\Amazon Corretto\jdk11.0.11_9\bin;C:\WINDOWS\Sun\Java\bin;C:\WINDOWS\system32;C:\WINDOWS;C:/Program Files/Amazon Corretto/jdk11.0.11_9/bin/server;C:/Program Files/Amazon Corretto/jdk11.0.11_9/bin;D:\Python39\Scripts\;D:\Python39\;D:\app\simondaxia\product\12.1.0\bin;D:\app\simondaxia\product\12.1.0\dbhome_1\bin;D:\app\simondaxia\product\12.1.0\dbhome_2\bin;C:\Program Files\Amazon Corretto\jdk11.0.11_9\bin;D:\oraclexe\app\oracle\product\11.2.0\server\bin;;C:\AmazonCorretto\jdk11.0.8_10\bin;C:\Program Files (x86)\Common Files\Oracle\Java\javapath;C:\Program Files (x86)\Intel\Intel(R) Management Engine Components\iCLS\;C:\Program Files\Intel\Intel(R) Management Engine Components\iCLS\;C:\Windows\system32;C:\Windows;C:\Windows\System32\Wbem;C:\Windows\System32\WindowsPowerShell\v1.0\;C:\Windows\System32\OpenSSH\;C:\Program Files (x86)\Intel\Intel(R) Management Engine Components\DAL;C:\Program Files\Intel\Intel(R) Management Engine Components\DAL;C:\Program Files (x86)\Intel\Intel(R) Management Engine Components\IPT;C:\Program Files\Intel\Intel(R) Management Engine Components\IPT;C:\Program Files (x86)\NVIDIA Corporation\PhysX\Common;C:\Program Files\Intel\WiFi\bin\;C:\Program Files\Common Files\Intel\WirelessCommon\;C:\WINDOWS\system32;C:\WINDOWS;C:\WINDOWS\System32\Wbem;C:\WINDOWS\System32\WindowsPowerShell\v1.0\;C:\WINDOWS\System32\OpenSSH\;C:\Program Files (x86)\pgmodeler;C:\Program Files\Git\cmd;C:\Users\simondaxia\AppData\Local\Microsoft\WindowsApps;C:\Program Files\Java\jdk1.8.0_271\bin;C:\Program Files\Microsoft SQL Server\Client SDK\ODBC\130\Tools\Binn\;C:\Program Files (x86)\Microsoft SQL Server\140\Tools\Binn\;C:\Program Files\Microsoft SQL Server\140\Tools\Binn\;C:\Program Files\Microsoft SQL Server\140\DTS\Binn\;C:\Program Files (x86)\Microsoft SQL Server\150\DTS\Binn\;C:\Program Files\Azure Data Studio\bin;C:\Users\simondaxia\AppData\Local\Microsoft\WindowsApps;;D:\Microsoft VS Code\bin;C:\Program Files\Azure Data Studio\bin;D:\JetBrains\PyCharm Community Edition 2021.2.2\bin;;D:\Programs\mongosh\;C:\Users\simondaxia\Desktop;;."/>
    <property name="java.vm.info" value="mixed mode"/>
    <property name="java.vendor" value="Amazon.com Inc."/>
    <property name="java.vm.version" value="11.0.11+9-LTS"/>
    <property name="sun.io.unicode.encoding" value="UnicodeLittle"/>
    <property name="java.class.version" value="55.0"/>
  </properties>
  <testcase name="testEmpty" classname="bloodbank.entity.TestCRUDContactOriginal" time="0.004">
    <system-out><![CDATA[2021-11-19T10:23:44,297|[TRACE] HibernatePersistenceProvider - Starting createEntityManagerFactory for persistenceUnitName bloodbank-PU
2021-11-19T10:23:44,297|[TRACE] HibernatePersistenceProvider - Attempting to obtain correct EntityManagerFactoryBuilder for persistenceUnitName : bloodbank-PU
2021-11-19T10:23:44,298|[TRACE] PersistenceXmlParser - Attempting to parse persistence.xml file : file:/D:/Computer%20Programming/Level%204/CST8277_300%20Enterprise%20Application/Assignments/Assignment03/BloodBank-JPA-Mapping-JUnit-Skeleton/BloodBank-JPA-Mapping-JUnit-Skeleton/target/classes/META-INF/persistence.xml
2021-11-19T10:23:44,305|[TRACE] ArchiveHelper - JAR URL from URL Entry: file:/D:/Computer%20Programming/Level%204/CST8277_300%20Enterprise%20Application/Assignments/Assignment03/BloodBank-JPA-Mapping-JUnit-Skeleton/BloodBank-JPA-Mapping-JUnit-Skeleton/target/classes/META-INF/persistence.xml >> file:/D:/Computer%20Programming/Level%204/CST8277_300%20Enterprise%20Application/Assignments/Assignment03/BloodBank-JPA-Mapping-JUnit-Skeleton/BloodBank-JPA-Mapping-JUnit-Skeleton/target/classes
2021-11-19T10:23:44,305|[TRACE] PersistenceXmlParser - Persistence unit name from persistence.xml : bloodbank-PU
2021-11-19T10:23:44,305|[DEBUG] HibernatePersistenceProvider - Located and parsed 1 persistence units; checking each
2021-11-19T10:23:44,305|[DEBUG] HibernatePersistenceProvider - Checking persistence-unit [name=bloodbank-PU, explicit-provider=org.hibernate.jpa.HibernatePersistenceProvider] against incoming persistence unit name [bloodbank-PU]
2021-11-19T10:23:44,305|[DEBUG] ProviderChecker - Persistence-unit [bloodbank-PU] requested PersistenceProvider [org.hibernate.jpa.HibernatePersistenceProvider]
2021-11-19T10:23:44,305|[TRACE] ProviderChecker - Checking requested PersistenceProvider name [org.hibernate.jpa.HibernatePersistenceProvider] against Hibernate provider names
2021-11-19T10:23:44,306|[DEBUG] LogHelper - PersistenceUnitInfo [
	name: bloodbank-PU
	persistence provider classname: org.hibernate.jpa.HibernatePersistenceProvider
	classloader: null
	excludeUnlistedClasses: false
	JTA datasource: null
	Non JTA datasource: null
	Transaction type: RESOURCE_LOCAL
	PU root URL: file:/D:/Computer%20Programming/Level%204/CST8277_300%20Enterprise%20Application/Assignments/Assignment03/BloodBank-JPA-Mapping-JUnit-Skeleton/BloodBank-JPA-Mapping-JUnit-Skeleton/target/classes
	Shared Cache Mode: null
	Validation Mode: null
	Jar files URLs []
	Managed classes names []
	Mapping files names []
	Properties [
		javax.persistence.schema-generation.drop-source: script
		hibernate.use_sql_comments: true
		javax.persistence.schema-generation.drop-script-source: META-INF/sql/bloodbank-drop.sql
		hibernate.hbm2ddl.import_files_sql_extractor: org.hibernate.tool.hbm2ddl.MultipleLinesSqlCommandExtractor
		javax.persistence.jdbc.user: cst8277
		javax.persistence.schema-generation.create-source: script
		hibernate.dialect: org.hibernate.dialect.MySQL8Dialect
		javax.persistence.jdbc.url: jdbc:mysql://localhost:3306/bloodbank?createDatabaseIfNotExist=true&zeroDateTimeBehavior=convertToNull
		javax.persistence.schema-generation.create-script-source: META-INF/sql/bloodbank-create.sql
		javax.persistence.jdbc.driver: com.mysql.cj.jdbc.Driver
		hibernate.format_sql: true
		javax.persistence.jdbc.password: 8277
		javax.persistence.schema-generation.database.action: drop-and-create]
2021-11-19T10:23:44,306|[DEBUG] IntegratorServiceImpl - Adding Integrator [org.hibernate.cfg.beanvalidation.BeanValidationIntegrator].
2021-11-19T10:23:44,306|[DEBUG] IntegratorServiceImpl - Adding Integrator [org.hibernate.secure.spi.JaccIntegrator].
2021-11-19T10:23:44,306|[DEBUG] IntegratorServiceImpl - Adding Integrator [org.hibernate.cache.internal.CollectionCacheInvalidator].
2021-11-19T10:23:44,307|[TRACE] StrategySelectorImpl - Registering named strategy selector [org.hibernate.resource.transaction.spi.TransactionCoordinatorBuilder] : [jdbc] -> [org.hibernate.resource.transaction.backend.jdbc.internal.JdbcResourceLocalTransactionCoordinatorBuilderImpl]
2021-11-19T10:23:44,307|[TRACE] StrategySelectorImpl - Registering named strategy selector [org.hibernate.resource.transaction.spi.TransactionCoordinatorBuilder] : [jta] -> [org.hibernate.resource.transaction.backend.jta.internal.JtaTransactionCoordinatorBuilderImpl]
2021-11-19T10:23:44,307|[TRACE] StrategySelectorImpl - Registering named strategy selector [org.hibernate.resource.transaction.spi.TransactionCoordinatorBuilder] : [org.hibernate.transaction.JDBCTransactionFactory] -> [org.hibernate.resource.transaction.backend.jdbc.internal.JdbcResourceLocalTransactionCoordinatorBuilderImpl]
2021-11-19T10:23:44,307|[TRACE] StrategySelectorImpl - Registering named strategy selector [org.hibernate.resource.transaction.spi.TransactionCoordinatorBuilder] : [org.hibernate.transaction.JTATransactionFactory] -> [org.hibernate.resource.transaction.backend.jta.internal.JtaTransactionCoordinatorBuilderImpl]
2021-11-19T10:23:44,307|[TRACE] StrategySelectorImpl - Registering named strategy selector [org.hibernate.resource.transaction.spi.TransactionCoordinatorBuilder] : [org.hibernate.transaction.CMTTransactionFactory] -> [org.hibernate.resource.transaction.backend.jta.internal.JtaTransactionCoordinatorBuilderImpl]
2021-11-19T10:23:44,307|[TRACE] StrategySelectorImpl - Registering named strategy selector [org.hibernate.hql.spi.id.MultiTableBulkIdStrategy] : [persistent] -> [org.hibernate.hql.spi.id.persistent.PersistentTableBulkIdStrategy]
2021-11-19T10:23:44,307|[TRACE] StrategySelectorImpl - Registering named strategy selector [org.hibernate.hql.spi.id.MultiTableBulkIdStrategy] : [global_temporary] -> [org.hibernate.hql.spi.id.global.GlobalTemporaryTableBulkIdStrategy]
2021-11-19T10:23:44,307|[TRACE] StrategySelectorImpl - Registering named strategy selector [org.hibernate.hql.spi.id.MultiTableBulkIdStrategy] : [local_temporary] -> [org.hibernate.hql.spi.id.local.LocalTemporaryTableBulkIdStrategy]
2021-11-19T10:23:44,307|[TRACE] StrategySelectorImpl - Registering named strategy selector [org.hibernate.boot.model.naming.ImplicitNamingStrategy] : [default] -> [org.hibernate.boot.model.naming.ImplicitNamingStrategyJpaCompliantImpl]
2021-11-19T10:23:44,307|[TRACE] StrategySelectorImpl - Registering named strategy selector [org.hibernate.boot.model.naming.ImplicitNamingStrategy] : [jpa] -> [org.hibernate.boot.model.naming.ImplicitNamingStrategyJpaCompliantImpl]
2021-11-19T10:23:44,307|[TRACE] StrategySelectorImpl - Registering named strategy selector [org.hibernate.boot.model.naming.ImplicitNamingStrategy] : [legacy-jpa] -> [org.hibernate.boot.model.naming.ImplicitNamingStrategyLegacyJpaImpl]
2021-11-19T10:23:44,307|[TRACE] StrategySelectorImpl - Registering named strategy selector [org.hibernate.boot.model.naming.ImplicitNamingStrategy] : [legacy-hbm] -> [org.hibernate.boot.model.naming.ImplicitNamingStrategyLegacyHbmImpl]
2021-11-19T10:23:44,307|[TRACE] StrategySelectorImpl - Registering named strategy selector [org.hibernate.boot.model.naming.ImplicitNamingStrategy] : [component-path] -> [org.hibernate.boot.model.naming.ImplicitNamingStrategyComponentPathImpl]
2021-11-19T10:23:44,307|[TRACE] StrategySelectorImpl - Registering named strategy selector [org.hibernate.cache.spi.CacheKeysFactory] : [default] -> [org.hibernate.cache.internal.DefaultCacheKeysFactory]
2021-11-19T10:23:44,307|[TRACE] StrategySelectorImpl - Registering named strategy selector [org.hibernate.cache.spi.CacheKeysFactory] : [simple] -> [org.hibernate.cache.internal.SimpleCacheKeysFactory]
2021-11-19T10:23:44,309|[DEBUG] ServiceBinding - Overriding existing service binding [org.hibernate.secure.spi.JaccService]
2021-11-19T10:23:44,309|[TRACE] AbstractServiceRegistryImpl - Initializing service [role=org.hibernate.engine.config.spi.ConfigurationService]
2021-11-19T10:23:44,310|[TRACE] AbstractServiceRegistryImpl - Initializing service [role=org.hibernate.cache.spi.RegionFactory]
2021-11-19T10:23:44,310|[DEBUG] RegionFactoryInitiator - Cannot default RegionFactory based on registered strategies as `[]` RegionFactory strategies were registered
2021-11-19T10:23:44,310|[DEBUG] RegionFactoryInitiator - Cache region factory : org.hibernate.cache.internal.NoCachingRegionFactory
2021-11-19T10:23:44,310|[DEBUG] BasicTypeRegistry - Adding type registration boolean -> org.hibernate.type.BooleanType@7351a16e
2021-11-19T10:23:44,310|[DEBUG] BasicTypeRegistry - Adding type registration boolean -> org.hibernate.type.BooleanType@7351a16e
2021-11-19T10:23:44,310|[DEBUG] BasicTypeRegistry - Adding type registration java.lang.Boolean -> org.hibernate.type.BooleanType@7351a16e
2021-11-19T10:23:44,310|[DEBUG] BasicTypeRegistry - Adding type registration numeric_boolean -> org.hibernate.type.NumericBooleanType@3ed0918d
2021-11-19T10:23:44,310|[DEBUG] BasicTypeRegistry - Adding type registration true_false -> org.hibernate.type.TrueFalseType@3c0fbd3a
2021-11-19T10:23:44,310|[DEBUG] BasicTypeRegistry - Adding type registration yes_no -> org.hibernate.type.YesNoType@5b12012e
2021-11-19T10:23:44,310|[DEBUG] BasicTypeRegistry - Adding type registration byte -> org.hibernate.type.ByteType@2b4786dd
2021-11-19T10:23:44,310|[DEBUG] BasicTypeRegistry - Adding type registration byte -> org.hibernate.type.ByteType@2b4786dd
2021-11-19T10:23:44,310|[DEBUG] BasicTypeRegistry - Adding type registration java.lang.Byte -> org.hibernate.type.ByteType@2b4786dd
2021-11-19T10:23:44,310|[DEBUG] BasicTypeRegistry - Adding type registration character -> org.hibernate.type.CharacterType@1f38957
2021-11-19T10:23:44,310|[DEBUG] BasicTypeRegistry - Adding type registration char -> org.hibernate.type.CharacterType@1f38957
2021-11-19T10:23:44,310|[DEBUG] BasicTypeRegistry - Adding type registration java.lang.Character -> org.hibernate.type.CharacterType@1f38957
2021-11-19T10:23:44,310|[DEBUG] BasicTypeRegistry - Adding type registration short -> org.hibernate.type.ShortType@6136998b
2021-11-19T10:23:44,310|[DEBUG] BasicTypeRegistry - Adding type registration short -> org.hibernate.type.ShortType@6136998b
2021-11-19T10:23:44,310|[DEBUG] BasicTypeRegistry - Adding type registration java.lang.Short -> org.hibernate.type.ShortType@6136998b
2021-11-19T10:23:44,310|[DEBUG] BasicTypeRegistry - Adding type registration integer -> org.hibernate.type.IntegerType@6892cc6f
2021-11-19T10:23:44,310|[DEBUG] BasicTypeRegistry - Adding type registration int -> org.hibernate.type.IntegerType@6892cc6f
2021-11-19T10:23:44,310|[DEBUG] BasicTypeRegistry - Adding type registration java.lang.Integer -> org.hibernate.type.IntegerType@6892cc6f
2021-11-19T10:23:44,310|[DEBUG] BasicTypeRegistry - Adding type registration long -> org.hibernate.type.LongType@ae7950d
2021-11-19T10:23:44,310|[DEBUG] BasicTypeRegistry - Adding type registration long -> org.hibernate.type.LongType@ae7950d
2021-11-19T10:23:44,310|[DEBUG] BasicTypeRegistry - Adding type registration java.lang.Long -> org.hibernate.type.LongType@ae7950d
2021-11-19T10:23:44,310|[DEBUG] BasicTypeRegistry - Adding type registration float -> org.hibernate.type.FloatType@4dafba3e
2021-11-19T10:23:44,310|[DEBUG] BasicTypeRegistry - Adding type registration float -> org.hibernate.type.FloatType@4dafba3e
2021-11-19T10:23:44,310|[DEBUG] BasicTypeRegistry - Adding type registration java.lang.Float -> org.hibernate.type.FloatType@4dafba3e
2021-11-19T10:23:44,310|[DEBUG] BasicTypeRegistry - Adding type registration double -> org.hibernate.type.DoubleType@676ff3b0
2021-11-19T10:23:44,310|[DEBUG] BasicTypeRegistry - Adding type registration double -> org.hibernate.type.DoubleType@676ff3b0
2021-11-19T10:23:44,310|[DEBUG] BasicTypeRegistry - Adding type registration java.lang.Double -> org.hibernate.type.DoubleType@676ff3b0
2021-11-19T10:23:44,310|[DEBUG] BasicTypeRegistry - Adding type registration big_decimal -> org.hibernate.type.BigDecimalType@65bcf7c2
2021-11-19T10:23:44,310|[DEBUG] BasicTypeRegistry - Adding type registration java.math.BigDecimal -> org.hibernate.type.BigDecimalType@65bcf7c2
2021-11-19T10:23:44,310|[DEBUG] BasicTypeRegistry - Adding type registration big_integer -> org.hibernate.type.BigIntegerType@232cce0
2021-11-19T10:23:44,310|[DEBUG] BasicTypeRegistry - Adding type registration java.math.BigInteger -> org.hibernate.type.BigIntegerType@232cce0
2021-11-19T10:23:44,310|[DEBUG] BasicTypeRegistry - Adding type registration string -> org.hibernate.type.StringType@7fc645e4
2021-11-19T10:23:44,310|[DEBUG] BasicTypeRegistry - Adding type registration java.lang.String -> org.hibernate.type.StringType@7fc645e4
2021-11-19T10:23:44,310|[DEBUG] BasicTypeRegistry - Adding type registration nstring -> org.hibernate.type.StringNVarcharType@719843e5
2021-11-19T10:23:44,310|[DEBUG] BasicTypeRegistry - Adding type registration ncharacter -> org.hibernate.type.CharacterNCharType@3104f7bd
2021-11-19T10:23:44,310|[DEBUG] BasicTypeRegistry - Adding type registration url -> org.hibernate.type.UrlType@6d171ce0
2021-11-19T10:23:44,310|[DEBUG] BasicTypeRegistry - Adding type registration java.net.URL -> org.hibernate.type.UrlType@6d171ce0
2021-11-19T10:23:44,310|[DEBUG] BasicTypeRegistry - Adding type registration Duration -> org.hibernate.type.DurationType@57b75756
2021-11-19T10:23:44,310|[DEBUG] BasicTypeRegistry - Adding type registration java.time.Duration -> org.hibernate.type.DurationType@57b75756
2021-11-19T10:23:44,311|[DEBUG] BasicTypeRegistry - Adding type registration Instant -> org.hibernate.type.InstantType@3b36e000
2021-11-19T10:23:44,311|[DEBUG] BasicTypeRegistry - Adding type registration java.time.Instant -> org.hibernate.type.InstantType@3b36e000
2021-11-19T10:23:44,311|[DEBUG] BasicTypeRegistry - Adding type registration LocalDateTime -> org.hibernate.type.LocalDateTimeType@3fae596
2021-11-19T10:23:44,311|[DEBUG] BasicTypeRegistry - Adding type registration java.time.LocalDateTime -> org.hibernate.type.LocalDateTimeType@3fae596
2021-11-19T10:23:44,311|[DEBUG] BasicTypeRegistry - Adding type registration LocalDate -> org.hibernate.type.LocalDateType@7f829c76
2021-11-19T10:23:44,311|[DEBUG] BasicTypeRegistry - Adding type registration java.time.LocalDate -> org.hibernate.type.LocalDateType@7f829c76
2021-11-19T10:23:44,311|[DEBUG] BasicTypeRegistry - Adding type registration LocalTime -> org.hibernate.type.LocalTimeType@6ae7deac
2021-11-19T10:23:44,311|[DEBUG] BasicTypeRegistry - Adding type registration java.time.LocalTime -> org.hibernate.type.LocalTimeType@6ae7deac
2021-11-19T10:23:44,311|[DEBUG] BasicTypeRegistry - Adding type registration OffsetDateTime -> org.hibernate.type.OffsetDateTimeType@21fdfefc
2021-11-19T10:23:44,311|[DEBUG] BasicTypeRegistry - Adding type registration java.time.OffsetDateTime -> org.hibernate.type.OffsetDateTimeType@21fdfefc
2021-11-19T10:23:44,311|[DEBUG] BasicTypeRegistry - Adding type registration OffsetTime -> org.hibernate.type.OffsetTimeType@108bdbd8
2021-11-19T10:23:44,311|[DEBUG] BasicTypeRegistry - Adding type registration java.time.OffsetTime -> org.hibernate.type.OffsetTimeType@108bdbd8
2021-11-19T10:23:44,311|[DEBUG] BasicTypeRegistry - Adding type registration ZonedDateTime -> org.hibernate.type.ZonedDateTimeType@54aca26f
2021-11-19T10:23:44,311|[DEBUG] BasicTypeRegistry - Adding type registration java.time.ZonedDateTime -> org.hibernate.type.ZonedDateTimeType@54aca26f
2021-11-19T10:23:44,311|[DEBUG] BasicTypeRegistry - Adding type registration date -> org.hibernate.type.DateType@528f8f8b
2021-11-19T10:23:44,311|[DEBUG] BasicTypeRegistry - Adding type registration java.sql.Date -> org.hibernate.type.DateType@528f8f8b
2021-11-19T10:23:44,311|[DEBUG] BasicTypeRegistry - Adding type registration time -> org.hibernate.type.TimeType@234a8f27
2021-11-19T10:23:44,311|[DEBUG] BasicTypeRegistry - Adding type registration java.sql.Time -> org.hibernate.type.TimeType@234a8f27
2021-11-19T10:23:44,311|[DEBUG] BasicTypeRegistry - Adding type registration timestamp -> org.hibernate.type.TimestampType@2f61f937
2021-11-19T10:23:44,311|[DEBUG] BasicTypeRegistry - Adding type registration java.sql.Timestamp -> org.hibernate.type.TimestampType@2f61f937
2021-11-19T10:23:44,311|[DEBUG] BasicTypeRegistry - Adding type registration java.util.Date -> org.hibernate.type.TimestampType@2f61f937
2021-11-19T10:23:44,311|[DEBUG] BasicTypeRegistry - Adding type registration dbtimestamp -> org.hibernate.type.DbTimestampType@369c9bb
2021-11-19T10:23:44,311|[DEBUG] BasicTypeRegistry - Adding type registration calendar -> org.hibernate.type.CalendarType@7d37f1c
2021-11-19T10:23:44,311|[DEBUG] BasicTypeRegistry - Adding type registration java.util.Calendar -> org.hibernate.type.CalendarType@7d37f1c
2021-11-19T10:23:44,311|[DEBUG] BasicTypeRegistry - Adding type registration java.util.GregorianCalendar -> org.hibernate.type.CalendarType@7d37f1c
2021-11-19T10:23:44,311|[DEBUG] BasicTypeRegistry - Adding type registration calendar_date -> org.hibernate.type.CalendarDateType@6cf31447
2021-11-19T10:23:44,311|[DEBUG] BasicTypeRegistry - Adding type registration calendar_time -> org.hibernate.type.CalendarTimeType@6f7e336b
2021-11-19T10:23:44,311|[DEBUG] BasicTypeRegistry - Adding type registration locale -> org.hibernate.type.LocaleType@1f966492
2021-11-19T10:23:44,311|[DEBUG] BasicTypeRegistry - Adding type registration java.util.Locale -> org.hibernate.type.LocaleType@1f966492
2021-11-19T10:23:44,311|[DEBUG] BasicTypeRegistry - Adding type registration currency -> org.hibernate.type.CurrencyType@2063c53e
2021-11-19T10:23:44,311|[DEBUG] BasicTypeRegistry - Adding type registration java.util.Currency -> org.hibernate.type.CurrencyType@2063c53e
2021-11-19T10:23:44,311|[DEBUG] BasicTypeRegistry - Adding type registration timezone -> org.hibernate.type.TimeZoneType@24e08d59
2021-11-19T10:23:44,311|[DEBUG] BasicTypeRegistry - Adding type registration java.util.TimeZone -> org.hibernate.type.TimeZoneType@24e08d59
2021-11-19T10:23:44,311|[DEBUG] BasicTypeRegistry - Adding type registration class -> org.hibernate.type.ClassType@16ade133
2021-11-19T10:23:44,311|[DEBUG] BasicTypeRegistry - Adding type registration java.lang.Class -> org.hibernate.type.ClassType@16ade133
2021-11-19T10:23:44,311|[DEBUG] BasicTypeRegistry - Adding type registration uuid-binary -> org.hibernate.type.UUIDBinaryType@1a28aef1
2021-11-19T10:23:44,311|[DEBUG] BasicTypeRegistry - Adding type registration java.util.UUID -> org.hibernate.type.UUIDBinaryType@1a28aef1
2021-11-19T10:23:44,311|[DEBUG] BasicTypeRegistry - Adding type registration uuid-char -> org.hibernate.type.UUIDCharType@6a9b0a6f
2021-11-19T10:23:44,311|[DEBUG] BasicTypeRegistry - Adding type registration binary -> org.hibernate.type.BinaryType@4b54af3d
2021-11-19T10:23:44,311|[DEBUG] BasicTypeRegistry - Adding type registration byte[] -> org.hibernate.type.BinaryType@4b54af3d
2021-11-19T10:23:44,311|[DEBUG] BasicTypeRegistry - Adding type registration [B -> org.hibernate.type.BinaryType@4b54af3d
2021-11-19T10:23:44,311|[DEBUG] BasicTypeRegistry - Adding type registration wrapper-binary -> org.hibernate.type.WrapperBinaryType@2116b68b
2021-11-19T10:23:44,311|[DEBUG] BasicTypeRegistry - Adding type registration Byte[] -> org.hibernate.type.WrapperBinaryType@2116b68b
2021-11-19T10:23:44,311|[DEBUG] BasicTypeRegistry - Adding type registration [Ljava.lang.Byte; -> org.hibernate.type.WrapperBinaryType@2116b68b
2021-11-19T10:23:44,311|[DEBUG] BasicTypeRegistry - Adding type registration row_version -> org.hibernate.type.RowVersionType@3e1624c7
2021-11-19T10:23:44,311|[DEBUG] BasicTypeRegistry - Adding type registration image -> org.hibernate.type.ImageType@48535004
2021-11-19T10:23:44,311|[DEBUG] BasicTypeRegistry - Adding type registration characters -> org.hibernate.type.CharArrayType@1aa99005
2021-11-19T10:23:44,311|[DEBUG] BasicTypeRegistry - Adding type registration char[] -> org.hibernate.type.CharArrayType@1aa99005
2021-11-19T10:23:44,311|[DEBUG] BasicTypeRegistry - Adding type registration [C -> org.hibernate.type.CharArrayType@1aa99005
2021-11-19T10:23:44,311|[DEBUG] BasicTypeRegistry - Adding type registration wrapper-characters -> org.hibernate.type.CharacterArrayType@33b082c5
2021-11-19T10:23:44,311|[DEBUG] BasicTypeRegistry - Adding type registration [Ljava.lang.Character; -> org.hibernate.type.CharacterArrayType@33b082c5
2021-11-19T10:23:44,311|[DEBUG] BasicTypeRegistry - Adding type registration Character[] -> org.hibernate.type.CharacterArrayType@33b082c5
2021-11-19T10:23:44,311|[DEBUG] BasicTypeRegistry - Adding type registration text -> org.hibernate.type.TextType@3bead518
2021-11-19T10:23:44,311|[DEBUG] BasicTypeRegistry - Adding type registration ntext -> org.hibernate.type.NTextType@7918c7f8
2021-11-19T10:23:44,311|[DEBUG] BasicTypeRegistry - Adding type registration blob -> org.hibernate.type.BlobType@289fdb08
2021-11-19T10:23:44,311|[DEBUG] BasicTypeRegistry - Adding type registration java.sql.Blob -> org.hibernate.type.BlobType@289fdb08
2021-11-19T10:23:44,311|[DEBUG] BasicTypeRegistry - Adding type registration materialized_blob -> org.hibernate.type.MaterializedBlobType@49cf9028
2021-11-19T10:23:44,311|[DEBUG] BasicTypeRegistry - Adding type registration clob -> org.hibernate.type.ClobType@5136207f
2021-11-19T10:23:44,311|[DEBUG] BasicTypeRegistry - Adding type registration java.sql.Clob -> org.hibernate.type.ClobType@5136207f
2021-11-19T10:23:44,311|[DEBUG] BasicTypeRegistry - Adding type registration nclob -> org.hibernate.type.NClobType@2764c546
2021-11-19T10:23:44,311|[DEBUG] BasicTypeRegistry - Adding type registration java.sql.NClob -> org.hibernate.type.NClobType@2764c546
2021-11-19T10:23:44,311|[DEBUG] BasicTypeRegistry - Adding type registration materialized_clob -> org.hibernate.type.MaterializedClobType@787f32b7
2021-11-19T10:23:44,311|[DEBUG] BasicTypeRegistry - Adding type registration materialized_nclob -> org.hibernate.type.MaterializedNClobType@a52ca2e
2021-11-19T10:23:44,311|[DEBUG] BasicTypeRegistry - Adding type registration serializable -> org.hibernate.type.SerializableType@5cbd159f
2021-11-19T10:23:44,311|[DEBUG] BasicTypeRegistry - Adding type registration object -> org.hibernate.type.ObjectType@6972c30a
2021-11-19T10:23:44,311|[DEBUG] BasicTypeRegistry - Adding type registration java.lang.Object -> org.hibernate.type.ObjectType@6972c30a
2021-11-19T10:23:44,311|[DEBUG] BasicTypeRegistry - Adding type registration imm_date -> org.hibernate.type.AdaptedImmutableType@575d48db
2021-11-19T10:23:44,311|[DEBUG] BasicTypeRegistry - Adding type registration imm_time -> org.hibernate.type.AdaptedImmutableType@1b36d248
2021-11-19T10:23:44,311|[DEBUG] BasicTypeRegistry - Adding type registration imm_timestamp -> org.hibernate.type.AdaptedImmutableType@7e94de5f
2021-11-19T10:23:44,311|[DEBUG] BasicTypeRegistry - Adding type registration imm_dbtimestamp -> org.hibernate.type.AdaptedImmutableType@499c4d61
2021-11-19T10:23:44,311|[DEBUG] BasicTypeRegistry - Adding type registration imm_calendar -> org.hibernate.type.AdaptedImmutableType@74badf19
2021-11-19T10:23:44,311|[DEBUG] BasicTypeRegistry - Adding type registration imm_calendar_date -> org.hibernate.type.AdaptedImmutableType@59b3f754
2021-11-19T10:23:44,312|[DEBUG] BasicTypeRegistry - Adding type registration imm_binary -> org.hibernate.type.AdaptedImmutableType@18dbc1b
2021-11-19T10:23:44,312|[DEBUG] BasicTypeRegistry - Adding type registration imm_serializable -> org.hibernate.type.AdaptedImmutableType@2a510e0e
2021-11-19T10:23:44,312|[TRACE] AbstractServiceRegistryImpl - Initializing service [role=org.hibernate.boot.cfgxml.spi.CfgXmlAccessService]
2021-11-19T10:23:44,314|[DEBUG] BootstrapContextImpl - Injecting ScanEnvironment [org.hibernate.jpa.boot.internal.StandardJpaScanEnvironmentImpl@8315e4a] into BootstrapContext; was [null]
2021-11-19T10:23:44,314|[DEBUG] BootstrapContextImpl - Injecting ScanOptions [org.hibernate.boot.archive.scan.internal.StandardScanOptions@4efe014f] into BootstrapContext; was [org.hibernate.boot.archive.scan.internal.StandardScanOptions@22ff11ef]
2021-11-19T10:23:44,343|[DEBUG] BootstrapContextImpl - Injecting JPA temp ClassLoader [null] into BootstrapContext; was [null]
2021-11-19T10:23:44,343|[DEBUG] ClassLoaderAccessImpl - ClassLoaderAccessImpl#injectTempClassLoader(null) [was null]
2021-11-19T10:23:44,343|[TRACE] AbstractServiceRegistryImpl - Initializing service [role=org.hibernate.id.factory.spi.MutableIdentifierGeneratorFactory]
2021-11-19T10:23:44,343|[DEBUG] DefaultIdentifierGeneratorFactory - Registering IdentifierGenerator strategy [uuid2] -> [org.hibernate.id.UUIDGenerator]
2021-11-19T10:23:44,343|[DEBUG] DefaultIdentifierGeneratorFactory - Registering IdentifierGenerator strategy [guid] -> [org.hibernate.id.GUIDGenerator]
2021-11-19T10:23:44,343|[DEBUG] DefaultIdentifierGeneratorFactory - Registering IdentifierGenerator strategy [uuid] -> [org.hibernate.id.UUIDHexGenerator]
2021-11-19T10:23:44,343|[DEBUG] DefaultIdentifierGeneratorFactory - Registering IdentifierGenerator strategy [uuid.hex] -> [org.hibernate.id.UUIDHexGenerator]
2021-11-19T10:23:44,343|[DEBUG] DefaultIdentifierGeneratorFactory - Registering IdentifierGenerator strategy [assigned] -> [org.hibernate.id.Assigned]
2021-11-19T10:23:44,343|[DEBUG] DefaultIdentifierGeneratorFactory - Registering IdentifierGenerator strategy [identity] -> [org.hibernate.id.IdentityGenerator]
2021-11-19T10:23:44,343|[DEBUG] DefaultIdentifierGeneratorFactory - Registering IdentifierGenerator strategy [select] -> [org.hibernate.id.SelectGenerator]
2021-11-19T10:23:44,343|[DEBUG] DefaultIdentifierGeneratorFactory - Registering IdentifierGenerator strategy [sequence] -> [org.hibernate.id.enhanced.SequenceStyleGenerator]
2021-11-19T10:23:44,343|[DEBUG] DefaultIdentifierGeneratorFactory - Registering IdentifierGenerator strategy [seqhilo] -> [org.hibernate.id.SequenceHiLoGenerator]
2021-11-19T10:23:44,343|[DEBUG] DefaultIdentifierGeneratorFactory - Registering IdentifierGenerator strategy [increment] -> [org.hibernate.id.IncrementGenerator]
2021-11-19T10:23:44,343|[DEBUG] DefaultIdentifierGeneratorFactory - Registering IdentifierGenerator strategy [foreign] -> [org.hibernate.id.ForeignGenerator]
2021-11-19T10:23:44,343|[DEBUG] DefaultIdentifierGeneratorFactory - Registering IdentifierGenerator strategy [sequence-identity] -> [org.hibernate.id.SequenceIdentityGenerator]
2021-11-19T10:23:44,343|[DEBUG] DefaultIdentifierGeneratorFactory - Registering IdentifierGenerator strategy [enhanced-sequence] -> [org.hibernate.id.enhanced.SequenceStyleGenerator]
2021-11-19T10:23:44,343|[DEBUG] DefaultIdentifierGeneratorFactory - Registering IdentifierGenerator strategy [enhanced-table] -> [org.hibernate.id.enhanced.TableGenerator]
2021-11-19T10:23:44,343|[TRACE] AbstractServiceRegistryImpl - Initializing service [role=org.hibernate.engine.jdbc.env.spi.JdbcEnvironment]
2021-11-19T10:23:44,343|[TRACE] AbstractServiceRegistryImpl - Initializing service [role=org.hibernate.engine.jdbc.dialect.spi.DialectFactory]
2021-11-19T10:23:44,343|[TRACE] AbstractServiceRegistryImpl - Initializing service [role=org.hibernate.engine.jdbc.dialect.spi.DialectResolver]
2021-11-19T10:23:44,343|[TRACE] AbstractServiceRegistryImpl - Initializing service [role=org.hibernate.engine.jdbc.connections.spi.ConnectionProvider]
2021-11-19T10:23:44,343|[WARN ] pooling - HHH10001002: Using Hibernate built-in connection pool (not for production use!)
2021-11-19T10:23:44,343|[INFO ] pooling - HHH10001005: using driver [com.mysql.cj.jdbc.Driver] at URL [jdbc:mysql://localhost:3306/bloodbank?createDatabaseIfNotExist=true&zeroDateTimeBehavior=convertToNull]
2021-11-19T10:23:44,343|[INFO ] pooling - HHH10001001: Connection properties: {password=8277, user=cst8277}
2021-11-19T10:23:44,343|[INFO ] pooling - HHH10001003: Autocommit mode: false
2021-11-19T10:23:44,343|[DEBUG] DriverManagerConnectionProviderImpl - Initializing Connection pool with 1 Connections
2021-11-19T10:23:44,343|[INFO ] DriverManagerConnectionProviderImpl - HHH000115: Hibernate connection pool size: 20 (min=1)
2021-11-19T10:23:44,367|[DEBUG] JdbcEnvironmentInitiator - Database ->
       name : MySQL
    version : 8.0.23
      major : 8
      minor : 0
2021-11-19T10:23:44,367|[DEBUG] JdbcEnvironmentInitiator - Driver ->
       name : MySQL Connector/J
    version : mysql-connector-java-8.0.23 (Revision: 18bbd5e68195d0da083cbd5bd0d05d76320df7cd)
      major : 8
      minor : 0
2021-11-19T10:23:44,367|[DEBUG] JdbcEnvironmentInitiator - JDBC version : 4.2
2021-11-19T10:23:44,367|[INFO ] Dialect - HHH000400: Using dialect: org.hibernate.dialect.MySQL8Dialect
2021-11-19T10:23:44,367|[DEBUG] IdentifierHelperBuilder - JDBC driver metadata reported database stores quoted identifiers in more than one case
2021-11-19T10:23:44,368|[DEBUG] IdentifierHelperBuilder - IdentifierCaseStrategy for both quoted and unquoted identifiers was set to the same strategy [LOWER]; that will likely lead to problems in schema update and validation if using quoted identifiers
2021-11-19T10:23:44,370|[TRACE] NormalizingIdentifierHelperImpl - Normalizing identifier quoting [bloodbank]
2021-11-19T10:23:44,370|[TRACE] NormalizingIdentifierHelperImpl - Normalizing identifier quoting [null]
2021-11-19T10:23:44,372|[TRACE] AbstractServiceRegistryImpl - Initializing service [role=org.hibernate.engine.jdbc.spi.JdbcServices]
2021-11-19T10:23:44,373|[DEBUG] Namespace - Created database namespace [logicalName=Name{catalog=null, schema=null}, physicalName=Name{catalog=null, schema=null}]
2021-11-19T10:23:44,374|[DEBUG] TypeConfiguration$Scope - Scoping TypeConfiguration [org.hibernate.type.spi.TypeConfiguration@47c5cbf2] to MetadataBuildingContext [org.hibernate.boot.internal.MetadataBuildingContextRootImpl@1031c1a0]
2021-11-19T10:23:44,374|[DEBUG] AnnotationBinder - Binding entity from annotated class: bloodbank.entity.Contact
2021-11-19T10:23:44,374|[DEBUG] QueryBinder - Binding named query: Contact.findAll => SELECT c FROM Contact c
2021-11-19T10:23:44,374|[TRACE] NormalizingIdentifierHelperImpl - Normalizing identifier quoting [DTYPE]
2021-11-19T10:23:44,374|[DEBUG] Ejb3Column - Binding column: Ejb3DiscriminatorColumn{logicalColumnName'DTYPE', discriminatorTypeName='string'}
2021-11-19T10:23:44,375|[DEBUG] EntityBinder - Import with entity name Contact
2021-11-19T10:23:44,375|[TRACE] InFlightMetadataCollectorImpl - Import: Contact -> bloodbank.entity.Contact
2021-11-19T10:23:44,375|[TRACE] InFlightMetadataCollectorImpl - Import: bloodbank.entity.Contact -> bloodbank.entity.Contact
2021-11-19T10:23:44,375|[TRACE] NormalizingIdentifierHelperImpl - Normalizing identifier quoting [contact]
2021-11-19T10:23:44,375|[TRACE] NormalizingIdentifierHelperImpl - Normalizing identifier quoting [contact]
2021-11-19T10:23:44,375|[DEBUG] EntityBinder - Bind entity bloodbank.entity.Contact on table contact
2021-11-19T10:23:44,375|[TRACE] AnnotationBinder - Processing annotations of bloodbank.entity.Contact.id
2021-11-19T10:23:44,375|[TRACE] NormalizingIdentifierHelperImpl - Normalizing identifier quoting [id]
2021-11-19T10:23:44,375|[TRACE] NormalizingIdentifierHelperImpl - Normalizing identifier quoting [id]
2021-11-19T10:23:44,375|[DEBUG] Ejb3Column - Binding column: Ejb3Column{table=org.hibernate.mapping.Table(contact), mappingColumn=id, insertable=true, updatable=true, unique=false}
2021-11-19T10:23:44,375|[DEBUG] ClassLoaderAccessImpl - Not known whether passed class name [bloodbank.entity.Contact] is safe
2021-11-19T10:23:44,375|[DEBUG] ClassLoaderAccessImpl - No temp ClassLoader provided; using live ClassLoader for loading potentially unsafe class : bloodbank.entity.Contact
2021-11-19T10:23:44,375|[TRACE] AnnotationBinder - Binding component with path: bloodbank.entity.Contact.id
2021-11-19T10:23:44,376|[TRACE] AnnotationBinder - Processing annotations of bloodbank.entity.ContactPK.personId
2021-11-19T10:23:44,376|[TRACE] NormalizingIdentifierHelperImpl - Normalizing identifier quoting [person_id]
2021-11-19T10:23:44,376|[TRACE] NormalizingIdentifierHelperImpl - Normalizing identifier quoting [person_id]
2021-11-19T10:23:44,376|[DEBUG] Ejb3Column - Binding column: Ejb3Column{table=org.hibernate.mapping.Table(contact), mappingColumn=person_id, insertable=true, updatable=true, unique=false}
2021-11-19T10:23:44,376|[TRACE] NormalizingIdentifierHelperImpl - Normalizing identifier quoting [person_id]
2021-11-19T10:23:44,376|[DEBUG] Ejb3Column - Binding column: Ejb3JoinColumn{logicalColumnName='person_id', referencedColumn='id', mappedBy=''}
2021-11-19T10:23:44,376|[DEBUG] PropertyBinder - MetadataSourceProcessor property personId with lazy=false
2021-11-19T10:23:44,376|[DEBUG] AbstractPropertyHolder - Attempting to locate auto-apply AttributeConverter for property [bloodbank.entity.Contact.id:personId]
2021-11-19T10:23:44,376|[DEBUG] SimpleValueBinder - building SimpleValue for personId
2021-11-19T10:23:44,376|[TRACE] NormalizingIdentifierHelperImpl - Normalizing identifier quoting [person_id]
2021-11-19T10:23:44,376|[TRACE] NormalizingIdentifierHelperImpl - Normalizing identifier quoting [id]
2021-11-19T10:23:44,376|[TRACE] NormalizingIdentifierHelperImpl - Normalizing identifier quoting [person_id]
2021-11-19T10:23:44,376|[TRACE] NormalizingIdentifierHelperImpl - Normalizing identifier quoting [person_id]
2021-11-19T10:23:44,376|[DEBUG] PropertyBinder - Building property personId
2021-11-19T10:23:44,376|[TRACE] PropertyBinder - Cascading personId with null
2021-11-19T10:23:44,376|[DEBUG] BinderHelper - #makeIdGenerator(org.hibernate.mapping.SimpleValue([org.hibernate.mapping.Column(person_id)]), personId, foreign, Hibernate-local--foreign generator, ...)
2021-11-19T10:23:44,376|[TRACE] AnnotationBinder - Processing annotations of bloodbank.entity.ContactPK.phoneId
2021-11-19T10:23:44,376|[TRACE] NormalizingIdentifierHelperImpl - Normalizing identifier quoting [phone_id]
2021-11-19T10:23:44,376|[TRACE] NormalizingIdentifierHelperImpl - Normalizing identifier quoting [phone_id]
2021-11-19T10:23:44,376|[DEBUG] Ejb3Column - Binding column: Ejb3Column{table=org.hibernate.mapping.Table(contact), mappingColumn=phone_id, insertable=true, updatable=true, unique=false}
2021-11-19T10:23:44,377|[TRACE] NormalizingIdentifierHelperImpl - Normalizing identifier quoting [phone_id]
2021-11-19T10:23:44,377|[DEBUG] Ejb3Column - Binding column: Ejb3JoinColumn{logicalColumnName='phone_id', referencedColumn='phone_id', mappedBy=''}
2021-11-19T10:23:44,377|[DEBUG] PropertyBinder - MetadataSourceProcessor property phoneId with lazy=false
2021-11-19T10:23:44,377|[DEBUG] AbstractPropertyHolder - Attempting to locate auto-apply AttributeConverter for property [bloodbank.entity.Contact.id:phoneId]
2021-11-19T10:23:44,377|[DEBUG] SimpleValueBinder - building SimpleValue for phoneId
2021-11-19T10:23:44,377|[TRACE] NormalizingIdentifierHelperImpl - Normalizing identifier quoting [phone_id]
2021-11-19T10:23:44,377|[TRACE] NormalizingIdentifierHelperImpl - Normalizing identifier quoting [phone_id]
2021-11-19T10:23:44,377|[TRACE] NormalizingIdentifierHelperImpl - Normalizing identifier quoting [phone_id]
2021-11-19T10:23:44,377|[TRACE] NormalizingIdentifierHelperImpl - Normalizing identifier quoting [phone_id]
2021-11-19T10:23:44,377|[DEBUG] PropertyBinder - Building property phoneId
2021-11-19T10:23:44,377|[TRACE] PropertyBinder - Cascading phoneId with null
2021-11-19T10:23:44,377|[DEBUG] BinderHelper - #makeIdGenerator(org.hibernate.mapping.SimpleValue([org.hibernate.mapping.Column(phone_id)]), phoneId, foreign, Hibernate-local--foreign generator, ...)
2021-11-19T10:23:44,377|[DEBUG] PropertyBinder - Building property id
2021-11-19T10:23:44,377|[TRACE] PropertyBinder - Cascading id with null
2021-11-19T10:23:44,377|[DEBUG] BinderHelper - #makeIdGenerator(org.hibernate.mapping.Component([org.hibernate.mapping.Property(personId), org.hibernate.mapping.Property(phoneId)]), id, assigned, , ...)
2021-11-19T10:23:44,377|[TRACE] AnnotationBinder - Bind @EmbeddedId on id
2021-11-19T10:23:44,377|[TRACE] AnnotationBinder - Processing annotations of bloodbank.entity.Contact.epochCreated
2021-11-19T10:23:44,377|[TRACE] NormalizingIdentifierHelperImpl - Normalizing identifier quoting [created]
2021-11-19T10:23:44,377|[TRACE] NormalizingIdentifierHelperImpl - Normalizing identifier quoting [created]
2021-11-19T10:23:44,377|[DEBUG] Ejb3Column - Binding column: Ejb3Column{table=org.hibernate.mapping.Table(contact), mappingColumn=created, insertable=true, updatable=true, unique=false}
2021-11-19T10:23:44,377|[DEBUG] PropertyBinder - MetadataSourceProcessor property epochCreated with lazy=false
2021-11-19T10:23:44,377|[DEBUG] AbstractPropertyHolder - Attempting to locate auto-apply AttributeConverter for property [bloodbank.entity.Contact:epochCreated]
2021-11-19T10:23:44,377|[DEBUG] SimpleValueBinder - building SimpleValue for epochCreated
2021-11-19T10:23:44,377|[TRACE] NormalizingIdentifierHelperImpl - Normalizing identifier quoting [created]
2021-11-19T10:23:44,377|[DEBUG] PropertyBinder - Building property epochCreated
2021-11-19T10:23:44,377|[TRACE] PropertyBinder - Cascading epochCreated with null
2021-11-19T10:23:44,377|[TRACE] AnnotationBinder - Processing annotations of bloodbank.entity.Contact.epochUpdated
2021-11-19T10:23:44,377|[TRACE] NormalizingIdentifierHelperImpl - Normalizing identifier quoting [updated]
2021-11-19T10:23:44,377|[TRACE] NormalizingIdentifierHelperImpl - Normalizing identifier quoting [updated]
2021-11-19T10:23:44,377|[DEBUG] Ejb3Column - Binding column: Ejb3Column{table=org.hibernate.mapping.Table(contact), mappingColumn=updated, insertable=true, updatable=true, unique=false}
2021-11-19T10:23:44,378|[DEBUG] PropertyBinder - MetadataSourceProcessor property epochUpdated with lazy=false
2021-11-19T10:23:44,378|[DEBUG] AbstractPropertyHolder - Attempting to locate auto-apply AttributeConverter for property [bloodbank.entity.Contact:epochUpdated]
2021-11-19T10:23:44,378|[DEBUG] SimpleValueBinder - building SimpleValue for epochUpdated
2021-11-19T10:23:44,378|[TRACE] NormalizingIdentifierHelperImpl - Normalizing identifier quoting [updated]
2021-11-19T10:23:44,378|[DEBUG] PropertyBinder - Building property epochUpdated
2021-11-19T10:23:44,378|[TRACE] PropertyBinder - Cascading epochUpdated with null
2021-11-19T10:23:44,378|[TRACE] AnnotationBinder - Processing annotations of bloodbank.entity.Contact.version
2021-11-19T10:23:44,378|[TRACE] NormalizingIdentifierHelperImpl - Normalizing identifier quoting [version]
2021-11-19T10:23:44,378|[TRACE] NormalizingIdentifierHelperImpl - Normalizing identifier quoting [version]
2021-11-19T10:23:44,378|[DEBUG] Ejb3Column - Binding column: Ejb3Column{table=org.hibernate.mapping.Table(contact), mappingColumn=version, insertable=true, updatable=true, unique=false}
2021-11-19T10:23:44,378|[TRACE] AnnotationBinder - version is a version property
2021-11-19T10:23:44,378|[DEBUG] PropertyBinder - MetadataSourceProcessor property version with lazy=false
2021-11-19T10:23:44,378|[DEBUG] AbstractPropertyHolder - Attempting to locate auto-apply AttributeConverter for property [bloodbank.entity.Contact:version]
2021-11-19T10:23:44,378|[DEBUG] SimpleValueBinder - building SimpleValue for version
2021-11-19T10:23:44,378|[TRACE] NormalizingIdentifierHelperImpl - Normalizing identifier quoting [version]
2021-11-19T10:23:44,378|[TRACE] NormalizingIdentifierHelperImpl - Normalizing identifier quoting [version]
2021-11-19T10:23:44,378|[TRACE] NormalizingIdentifierHelperImpl - Normalizing identifier quoting [version]
2021-11-19T10:23:44,378|[DEBUG] PropertyBinder - Building property version
2021-11-19T10:23:44,378|[TRACE] PropertyBinder - Cascading version with null
2021-11-19T10:23:44,378|[TRACE] AnnotationBinder - Version name: version, unsavedValue: undefined
2021-11-19T10:23:44,378|[TRACE] AnnotationBinder - Processing annotations of bloodbank.entity.Contact.address
2021-11-19T10:23:44,378|[TRACE] NormalizingIdentifierHelperImpl - Normalizing identifier quoting [address_id]
2021-11-19T10:23:44,378|[DEBUG] Ejb3Column - Binding column: Ejb3JoinColumn{logicalColumnName='address_id', referencedColumn='address_id', mappedBy=''}
2021-11-19T10:23:44,378|[TRACE] NormalizingIdentifierHelperImpl - Normalizing identifier quoting [address]
2021-11-19T10:23:44,378|[TRACE] NormalizingIdentifierHelperImpl - Normalizing identifier quoting [address]
2021-11-19T10:23:44,378|[DEBUG] Ejb3Column - Binding column: Ejb3Column{table=org.hibernate.mapping.Table(contact), mappingColumn=address, insertable=true, updatable=true, unique=false}
2021-11-19T10:23:44,378|[DEBUG] PropertyBinder - Building property address
2021-11-19T10:23:44,378|[TRACE] PropertyBinder - Cascading address with all
2021-11-19T10:23:44,378|[TRACE] AnnotationBinder - Processing annotations of bloodbank.entity.Contact.contactType
2021-11-19T10:23:44,378|[TRACE] NormalizingIdentifierHelperImpl - Normalizing identifier quoting [contact_type]
2021-11-19T10:23:44,378|[TRACE] NormalizingIdentifierHelperImpl - Normalizing identifier quoting [contact_type]
2021-11-19T10:23:44,378|[DEBUG] Ejb3Column - Binding column: Ejb3Column{table=org.hibernate.mapping.Table(contact), mappingColumn=contact_type, insertable=true, updatable=true, unique=false}
2021-11-19T10:23:44,378|[DEBUG] PropertyBinder - MetadataSourceProcessor property contactType with lazy=false
2021-11-19T10:23:44,378|[DEBUG] AbstractPropertyHolder - Attempting to locate auto-apply AttributeConverter for property [bloodbank.entity.Contact:contactType]
2021-11-19T10:23:44,378|[DEBUG] SimpleValueBinder - building SimpleValue for contactType
2021-11-19T10:23:44,378|[TRACE] NormalizingIdentifierHelperImpl - Normalizing identifier quoting [contact_type]
2021-11-19T10:23:44,378|[DEBUG] PropertyBinder - Building property contactType
2021-11-19T10:23:44,378|[TRACE] PropertyBinder - Cascading contactType with null
2021-11-19T10:23:44,378|[TRACE] AnnotationBinder - Processing annotations of bloodbank.entity.Contact.email
2021-11-19T10:23:44,378|[TRACE] NormalizingIdentifierHelperImpl - Normalizing identifier quoting [email]
2021-11-19T10:23:44,378|[TRACE] NormalizingIdentifierHelperImpl - Normalizing identifier quoting [email]
2021-11-19T10:23:44,378|[DEBUG] Ejb3Column - Binding column: Ejb3Column{table=org.hibernate.mapping.Table(contact), mappingColumn=email, insertable=true, updatable=true, unique=false}
2021-11-19T10:23:44,379|[DEBUG] PropertyBinder - MetadataSourceProcessor property email with lazy=false
2021-11-19T10:23:44,379|[DEBUG] AbstractPropertyHolder - Attempting to locate auto-apply AttributeConverter for property [bloodbank.entity.Contact:email]
2021-11-19T10:23:44,379|[DEBUG] SimpleValueBinder - building SimpleValue for email
2021-11-19T10:23:44,379|[TRACE] NormalizingIdentifierHelperImpl - Normalizing identifier quoting [email]
2021-11-19T10:23:44,379|[DEBUG] PropertyBinder - Building property email
2021-11-19T10:23:44,379|[TRACE] PropertyBinder - Cascading email with null
2021-11-19T10:23:44,379|[TRACE] AnnotationBinder - Processing annotations of bloodbank.entity.Contact.owner
2021-11-19T10:23:44,379|[TRACE] NormalizingIdentifierHelperImpl - Normalizing identifier quoting [person_id]
2021-11-19T10:23:44,379|[DEBUG] Ejb3Column - Binding column: Ejb3JoinColumn{logicalColumnName='person_id', referencedColumn='id', mappedBy=''}
2021-11-19T10:23:44,379|[TRACE] NormalizingIdentifierHelperImpl - Normalizing identifier quoting [owner]
2021-11-19T10:23:44,379|[TRACE] NormalizingIdentifierHelperImpl - Normalizing identifier quoting [owner]
2021-11-19T10:23:44,379|[DEBUG] Ejb3Column - Binding column: Ejb3Column{table=org.hibernate.mapping.Table(contact), mappingColumn=owner, insertable=true, updatable=true, unique=false}
2021-11-19T10:23:44,379|[DEBUG] PropertyBinder - Building property owner
2021-11-19T10:23:44,379|[TRACE] PropertyBinder - Cascading owner with all,persist
2021-11-19T10:23:44,379|[TRACE] AnnotationBinder - Processing annotations of bloodbank.entity.Contact.phone
2021-11-19T10:23:44,379|[TRACE] NormalizingIdentifierHelperImpl - Normalizing identifier quoting [phone_id]
2021-11-19T10:23:44,379|[DEBUG] Ejb3Column - Binding column: Ejb3JoinColumn{logicalColumnName='phone_id', referencedColumn='phone_id', mappedBy=''}
2021-11-19T10:23:44,379|[TRACE] NormalizingIdentifierHelperImpl - Normalizing identifier quoting [phone]
2021-11-19T10:23:44,379|[TRACE] NormalizingIdentifierHelperImpl - Normalizing identifier quoting [phone]
2021-11-19T10:23:44,379|[DEBUG] Ejb3Column - Binding column: Ejb3Column{table=org.hibernate.mapping.Table(contact), mappingColumn=phone, insertable=true, updatable=true, unique=false}
2021-11-19T10:23:44,379|[DEBUG] PropertyBinder - Building property phone
2021-11-19T10:23:44,379|[TRACE] PropertyBinder - Cascading phone with all,persist
2021-11-19T10:23:44,379|[DEBUG] AnnotationBinder - Binding entity from annotated class: bloodbank.entity.Phone
2021-11-19T10:23:44,379|[TRACE] NormalizingIdentifierHelperImpl - Normalizing identifier quoting [DTYPE]
2021-11-19T10:23:44,379|[DEBUG] Ejb3Column - Binding column: Ejb3DiscriminatorColumn{logicalColumnName'DTYPE', discriminatorTypeName='string'}
2021-11-19T10:23:44,379|[DEBUG] EntityBinder - Import with entity name Phone
2021-11-19T10:23:44,379|[TRACE] InFlightMetadataCollectorImpl - Import: Phone -> bloodbank.entity.Phone
2021-11-19T10:23:44,379|[TRACE] InFlightMetadataCollectorImpl - Import: bloodbank.entity.Phone -> bloodbank.entity.Phone
2021-11-19T10:23:44,379|[TRACE] NormalizingIdentifierHelperImpl - Normalizing identifier quoting [phone]
2021-11-19T10:23:44,379|[TRACE] NormalizingIdentifierHelperImpl - Normalizing identifier quoting [phone]
2021-11-19T10:23:44,379|[DEBUG] EntityBinder - Bind entity bloodbank.entity.Phone on table phone
2021-11-19T10:23:44,379|[TRACE] AnnotationBinder - Processing annotations of bloodbank.entity.Phone.id
2021-11-19T10:23:44,379|[DEBUG] Ejb3Column - Column(s) overridden for property id
2021-11-19T10:23:44,379|[TRACE] NormalizingIdentifierHelperImpl - Normalizing identifier quoting [phone_id]
2021-11-19T10:23:44,379|[TRACE] NormalizingIdentifierHelperImpl - Normalizing identifier quoting [phone_id]
2021-11-19T10:23:44,379|[DEBUG] Ejb3Column - Binding column: Ejb3Column{table=org.hibernate.mapping.Table(phone), mappingColumn=phone_id, insertable=true, updatable=true, unique=false}
2021-11-19T10:23:44,380|[DEBUG] ClassLoaderAccessImpl - Not known whether passed class name [bloodbank.entity.Phone] is safe
2021-11-19T10:23:44,380|[DEBUG] ClassLoaderAccessImpl - No temp ClassLoader provided; using live ClassLoader for loading potentially unsafe class : bloodbank.entity.Phone
2021-11-19T10:23:44,380|[DEBUG] PropertyBinder - MetadataSourceProcessor property id with lazy=false
2021-11-19T10:23:44,380|[DEBUG] AbstractPropertyHolder - Attempting to locate auto-apply AttributeConverter for property [bloodbank.entity.Phone:id]
2021-11-19T10:23:44,380|[DEBUG] SimpleValueBinder - building SimpleValue for id
2021-11-19T10:23:44,380|[TRACE] NormalizingIdentifierHelperImpl - Normalizing identifier quoting [phone_id]
2021-11-19T10:23:44,380|[DEBUG] PropertyBinder - Building property id
2021-11-19T10:23:44,380|[TRACE] PropertyBinder - Cascading id with null
2021-11-19T10:23:44,380|[DEBUG] BinderHelper - #makeIdGenerator(org.hibernate.mapping.SimpleValue([org.hibernate.mapping.Column(phone_id)]), id, identity, , ...)
2021-11-19T10:23:44,380|[TRACE] AnnotationBinder - Bind @Id on id
2021-11-19T10:23:44,380|[TRACE] AnnotationBinder - Processing annotations of bloodbank.entity.Phone.epochCreated
2021-11-19T10:23:44,380|[TRACE] NormalizingIdentifierHelperImpl - Normalizing identifier quoting [created]
2021-11-19T10:23:44,380|[TRACE] NormalizingIdentifierHelperImpl - Normalizing identifier quoting [created]
2021-11-19T10:23:44,380|[DEBUG] Ejb3Column - Binding column: Ejb3Column{table=org.hibernate.mapping.Table(phone), mappingColumn=created, insertable=true, updatable=true, unique=false}
2021-11-19T10:23:44,380|[DEBUG] PropertyBinder - MetadataSourceProcessor property epochCreated with lazy=false
2021-11-19T10:23:44,380|[DEBUG] AbstractPropertyHolder - Attempting to locate auto-apply AttributeConverter for property [bloodbank.entity.Phone:epochCreated]
2021-11-19T10:23:44,380|[DEBUG] SimpleValueBinder - building SimpleValue for epochCreated
2021-11-19T10:23:44,380|[TRACE] NormalizingIdentifierHelperImpl - Normalizing identifier quoting [created]
2021-11-19T10:23:44,380|[DEBUG] PropertyBinder - Building property epochCreated
2021-11-19T10:23:44,380|[TRACE] PropertyBinder - Cascading epochCreated with null
2021-11-19T10:23:44,380|[TRACE] AnnotationBinder - Processing annotations of bloodbank.entity.Phone.epochUpdated
2021-11-19T10:23:44,380|[TRACE] NormalizingIdentifierHelperImpl - Normalizing identifier quoting [updated]
2021-11-19T10:23:44,380|[TRACE] NormalizingIdentifierHelperImpl - Normalizing identifier quoting [updated]
2021-11-19T10:23:44,380|[DEBUG] Ejb3Column - Binding column: Ejb3Column{table=org.hibernate.mapping.Table(phone), mappingColumn=updated, insertable=true, updatable=true, unique=false}
2021-11-19T10:23:44,380|[DEBUG] PropertyBinder - MetadataSourceProcessor property epochUpdated with lazy=false
2021-11-19T10:23:44,380|[DEBUG] AbstractPropertyHolder - Attempting to locate auto-apply AttributeConverter for property [bloodbank.entity.Phone:epochUpdated]
2021-11-19T10:23:44,380|[DEBUG] SimpleValueBinder - building SimpleValue for epochUpdated
2021-11-19T10:23:44,380|[TRACE] NormalizingIdentifierHelperImpl - Normalizing identifier quoting [updated]
2021-11-19T10:23:44,380|[DEBUG] PropertyBinder - Building property epochUpdated
2021-11-19T10:23:44,380|[TRACE] PropertyBinder - Cascading epochUpdated with null
2021-11-19T10:23:44,380|[TRACE] AnnotationBinder - Processing annotations of bloodbank.entity.Phone.version
2021-11-19T10:23:44,380|[TRACE] NormalizingIdentifierHelperImpl - Normalizing identifier quoting [version]
2021-11-19T10:23:44,380|[TRACE] NormalizingIdentifierHelperImpl - Normalizing identifier quoting [version]
2021-11-19T10:23:44,380|[DEBUG] Ejb3Column - Binding column: Ejb3Column{table=org.hibernate.mapping.Table(phone), mappingColumn=version, insertable=true, updatable=true, unique=false}
2021-11-19T10:23:44,380|[TRACE] AnnotationBinder - version is a version property
2021-11-19T10:23:44,380|[DEBUG] PropertyBinder - MetadataSourceProcessor property version with lazy=false
2021-11-19T10:23:44,380|[DEBUG] AbstractPropertyHolder - Attempting to locate auto-apply AttributeConverter for property [bloodbank.entity.Phone:version]
2021-11-19T10:23:44,380|[DEBUG] SimpleValueBinder - building SimpleValue for version
2021-11-19T10:23:44,380|[TRACE] NormalizingIdentifierHelperImpl - Normalizing identifier quoting [version]
2021-11-19T10:23:44,380|[TRACE] NormalizingIdentifierHelperImpl - Normalizing identifier quoting [version]
2021-11-19T10:23:44,381|[TRACE] NormalizingIdentifierHelperImpl - Normalizing identifier quoting [version]
2021-11-19T10:23:44,381|[DEBUG] PropertyBinder - Building property version
2021-11-19T10:23:44,381|[TRACE] PropertyBinder - Cascading version with null
2021-11-19T10:23:44,381|[TRACE] AnnotationBinder - Version name: version, unsavedValue: undefined
2021-11-19T10:23:44,381|[TRACE] AnnotationBinder - Processing annotations of bloodbank.entity.Phone.areaCode
2021-11-19T10:23:44,381|[TRACE] NormalizingIdentifierHelperImpl - Normalizing identifier quoting [area_code]
2021-11-19T10:23:44,381|[TRACE] NormalizingIdentifierHelperImpl - Normalizing identifier quoting [area_code]
2021-11-19T10:23:44,381|[DEBUG] Ejb3Column - Binding column: Ejb3Column{table=org.hibernate.mapping.Table(phone), mappingColumn=area_code, insertable=true, updatable=true, unique=false}
2021-11-19T10:23:44,381|[DEBUG] PropertyBinder - MetadataSourceProcessor property areaCode with lazy=false
2021-11-19T10:23:44,381|[DEBUG] AbstractPropertyHolder - Attempting to locate auto-apply AttributeConverter for property [bloodbank.entity.Phone:areaCode]
2021-11-19T10:23:44,381|[DEBUG] SimpleValueBinder - building SimpleValue for areaCode
2021-11-19T10:23:44,381|[TRACE] NormalizingIdentifierHelperImpl - Normalizing identifier quoting [area_code]
2021-11-19T10:23:44,381|[DEBUG] PropertyBinder - Building property areaCode
2021-11-19T10:23:44,381|[TRACE] PropertyBinder - Cascading areaCode with null
2021-11-19T10:23:44,381|[TRACE] AnnotationBinder - Processing annotations of bloodbank.entity.Phone.contacts
2021-11-19T10:23:44,381|[TRACE] NormalizingIdentifierHelperImpl - Normalizing identifier quoting [phone_id]
2021-11-19T10:23:44,381|[DEBUG] Ejb3Column - Binding column: Ejb3JoinColumn{logicalColumnName='phone_id', referencedColumn='phone_id', mappedBy=''}
2021-11-19T10:23:44,381|[TRACE] NormalizingIdentifierHelperImpl - Normalizing identifier quoting [contacts]
2021-11-19T10:23:44,381|[TRACE] NormalizingIdentifierHelperImpl - Normalizing identifier quoting [contacts]
2021-11-19T10:23:44,381|[DEBUG] Ejb3Column - Binding column: Ejb3Column{table=org.hibernate.mapping.Table(phone), mappingColumn=contacts, insertable=true, updatable=true, unique=false}
2021-11-19T10:23:44,381|[DEBUG] Ejb3Column - Binding column: Ejb3Column{table=org.hibernate.mapping.Table(phone), mappingColumn=null, insertable=true, updatable=true, unique=false}
2021-11-19T10:23:44,381|[TRACE] NormalizingIdentifierHelperImpl - Normalizing identifier quoting [element]
2021-11-19T10:23:44,381|[TRACE] NormalizingIdentifierHelperImpl - Normalizing identifier quoting [element]
2021-11-19T10:23:44,381|[DEBUG] Ejb3Column - Binding column: Ejb3Column{table=org.hibernate.mapping.Table(phone), mappingColumn=element, insertable=true, updatable=true, unique=false}
2021-11-19T10:23:44,381|[TRACE] NormalizingIdentifierHelperImpl - Normalizing identifier quoting [contacts_KEY]
2021-11-19T10:23:44,381|[DEBUG] Ejb3Column - Binding column: Ejb3Column{table=org.hibernate.mapping.Table(phone), mappingColumn=contacts_KEY, insertable=true, updatable=true, unique=false}
2021-11-19T10:23:44,381|[TRACE] NormalizingIdentifierHelperImpl - Normalizing identifier quoting [contacts_KEY]
2021-11-19T10:23:44,381|[DEBUG] Ejb3Column - Binding column: Ejb3JoinColumn{logicalColumnName='contacts_KEY', referencedColumn='null', mappedBy='null'}
2021-11-19T10:23:44,381|[DEBUG] Ejb3Column - Binding column: Ejb3JoinColumn{logicalColumnName='null', referencedColumn='null', mappedBy=''}
2021-11-19T10:23:44,381|[DEBUG] Ejb3Column - Binding column: Ejb3JoinColumn{logicalColumnName='null', referencedColumn='null', mappedBy=''}
2021-11-19T10:23:44,381|[DEBUG] CollectionBinder - Collection role: bloodbank.entity.Phone.contacts
2021-11-19T10:23:44,381|[DEBUG] PropertyBinder - Building property contacts
2021-11-19T10:23:44,381|[TRACE] PropertyBinder - Cascading contacts with persist,merge,refresh,evict
2021-11-19T10:23:44,381|[TRACE] AnnotationBinder - Processing annotations of bloodbank.entity.Phone.countryCode
2021-11-19T10:23:44,381|[TRACE] NormalizingIdentifierHelperImpl - Normalizing identifier quoting [country_code]
2021-11-19T10:23:44,381|[TRACE] NormalizingIdentifierHelperImpl - Normalizing identifier quoting [country_code]
2021-11-19T10:23:44,381|[DEBUG] Ejb3Column - Binding column: Ejb3Column{table=org.hibernate.mapping.Table(phone), mappingColumn=country_code, insertable=true, updatable=true, unique=false}
2021-11-19T10:23:44,381|[DEBUG] PropertyBinder - MetadataSourceProcessor property countryCode with lazy=false
2021-11-19T10:23:44,381|[DEBUG] AbstractPropertyHolder - Attempting to locate auto-apply AttributeConverter for property [bloodbank.entity.Phone:countryCode]
2021-11-19T10:23:44,381|[DEBUG] SimpleValueBinder - building SimpleValue for countryCode
2021-11-19T10:23:44,381|[TRACE] NormalizingIdentifierHelperImpl - Normalizing identifier quoting [country_code]
2021-11-19T10:23:44,382|[DEBUG] PropertyBinder - Building property countryCode
2021-11-19T10:23:44,382|[TRACE] PropertyBinder - Cascading countryCode with null
2021-11-19T10:23:44,382|[TRACE] AnnotationBinder - Processing annotations of bloodbank.entity.Phone.number
2021-11-19T10:23:44,382|[TRACE] NormalizingIdentifierHelperImpl - Normalizing identifier quoting [number]
2021-11-19T10:23:44,382|[TRACE] NormalizingIdentifierHelperImpl - Normalizing identifier quoting [number]
2021-11-19T10:23:44,382|[DEBUG] Ejb3Column - Binding column: Ejb3Column{table=org.hibernate.mapping.Table(phone), mappingColumn=number, insertable=true, updatable=true, unique=false}
2021-11-19T10:23:44,382|[DEBUG] PropertyBinder - MetadataSourceProcessor property number with lazy=false
2021-11-19T10:23:44,382|[DEBUG] AbstractPropertyHolder - Attempting to locate auto-apply AttributeConverter for property [bloodbank.entity.Phone:number]
2021-11-19T10:23:44,382|[DEBUG] SimpleValueBinder - building SimpleValue for number
2021-11-19T10:23:44,382|[TRACE] NormalizingIdentifierHelperImpl - Normalizing identifier quoting [number]
2021-11-19T10:23:44,382|[TRACE] NormalizingIdentifierHelperImpl - Normalizing identifier quoting [number]
2021-11-19T10:23:44,382|[TRACE] NormalizingIdentifierHelperImpl - Normalizing identifier quoting [number]
2021-11-19T10:23:44,382|[DEBUG] PropertyBinder - Building property number
2021-11-19T10:23:44,382|[TRACE] PropertyBinder - Cascading number with null
2021-11-19T10:23:44,382|[DEBUG] AnnotationBinder - Binding entity from annotated class: bloodbank.entity.BloodDonation
2021-11-19T10:23:44,382|[TRACE] NormalizingIdentifierHelperImpl - Normalizing identifier quoting [DTYPE]
2021-11-19T10:23:44,382|[DEBUG] Ejb3Column - Binding column: Ejb3DiscriminatorColumn{logicalColumnName'DTYPE', discriminatorTypeName='string'}
2021-11-19T10:23:44,382|[DEBUG] EntityBinder - Import with entity name BloodDonation
2021-11-19T10:23:44,382|[TRACE] InFlightMetadataCollectorImpl - Import: BloodDonation -> bloodbank.entity.BloodDonation
2021-11-19T10:23:44,382|[TRACE] InFlightMetadataCollectorImpl - Import: bloodbank.entity.BloodDonation -> bloodbank.entity.BloodDonation
2021-11-19T10:23:44,382|[TRACE] NormalizingIdentifierHelperImpl - Normalizing identifier quoting [blood_donation]
2021-11-19T10:23:44,382|[TRACE] NormalizingIdentifierHelperImpl - Normalizing identifier quoting [blood_donation]
2021-11-19T10:23:44,382|[DEBUG] EntityBinder - Bind entity bloodbank.entity.BloodDonation on table blood_donation
2021-11-19T10:23:44,382|[TRACE] AnnotationBinder - Processing annotations of bloodbank.entity.BloodDonation.id
2021-11-19T10:23:44,382|[DEBUG] Ejb3Column - Column(s) overridden for property id
2021-11-19T10:23:44,382|[TRACE] NormalizingIdentifierHelperImpl - Normalizing identifier quoting [donation_id]
2021-11-19T10:23:44,382|[TRACE] NormalizingIdentifierHelperImpl - Normalizing identifier quoting [donation_id]
2021-11-19T10:23:44,383|[DEBUG] Ejb3Column - Binding column: Ejb3Column{table=org.hibernate.mapping.Table(blood_donation), mappingColumn=donation_id, insertable=true, updatable=true, unique=false}
2021-11-19T10:23:44,383|[DEBUG] ClassLoaderAccessImpl - Not known whether passed class name [bloodbank.entity.BloodDonation] is safe
2021-11-19T10:23:44,383|[DEBUG] ClassLoaderAccessImpl - No temp ClassLoader provided; using live ClassLoader for loading potentially unsafe class : bloodbank.entity.BloodDonation
2021-11-19T10:23:44,383|[DEBUG] PropertyBinder - MetadataSourceProcessor property id with lazy=false
2021-11-19T10:23:44,383|[DEBUG] AbstractPropertyHolder - Attempting to locate auto-apply AttributeConverter for property [bloodbank.entity.BloodDonation:id]
2021-11-19T10:23:44,383|[DEBUG] SimpleValueBinder - building SimpleValue for id
2021-11-19T10:23:44,383|[TRACE] NormalizingIdentifierHelperImpl - Normalizing identifier quoting [donation_id]
2021-11-19T10:23:44,383|[DEBUG] PropertyBinder - Building property id
2021-11-19T10:23:44,383|[TRACE] PropertyBinder - Cascading id with null
2021-11-19T10:23:44,383|[DEBUG] BinderHelper - #makeIdGenerator(org.hibernate.mapping.SimpleValue([org.hibernate.mapping.Column(donation_id)]), id, identity, , ...)
2021-11-19T10:23:44,383|[TRACE] AnnotationBinder - Bind @Id on id
2021-11-19T10:23:44,383|[TRACE] AnnotationBinder - Processing annotations of bloodbank.entity.BloodDonation.epochCreated
2021-11-19T10:23:44,383|[TRACE] NormalizingIdentifierHelperImpl - Normalizing identifier quoting [created]
2021-11-19T10:23:44,383|[TRACE] NormalizingIdentifierHelperImpl - Normalizing identifier quoting [created]
2021-11-19T10:23:44,383|[DEBUG] Ejb3Column - Binding column: Ejb3Column{table=org.hibernate.mapping.Table(blood_donation), mappingColumn=created, insertable=true, updatable=true, unique=false}
2021-11-19T10:23:44,383|[DEBUG] PropertyBinder - MetadataSourceProcessor property epochCreated with lazy=false
2021-11-19T10:23:44,383|[DEBUG] AbstractPropertyHolder - Attempting to locate auto-apply AttributeConverter for property [bloodbank.entity.BloodDonation:epochCreated]
2021-11-19T10:23:44,383|[DEBUG] SimpleValueBinder - building SimpleValue for epochCreated
2021-11-19T10:23:44,383|[TRACE] NormalizingIdentifierHelperImpl - Normalizing identifier quoting [created]
2021-11-19T10:23:44,383|[DEBUG] PropertyBinder - Building property epochCreated
2021-11-19T10:23:44,383|[TRACE] PropertyBinder - Cascading epochCreated with null
2021-11-19T10:23:44,383|[TRACE] AnnotationBinder - Processing annotations of bloodbank.entity.BloodDonation.epochUpdated
2021-11-19T10:23:44,383|[TRACE] NormalizingIdentifierHelperImpl - Normalizing identifier quoting [updated]
2021-11-19T10:23:44,383|[TRACE] NormalizingIdentifierHelperImpl - Normalizing identifier quoting [updated]
2021-11-19T10:23:44,383|[DEBUG] Ejb3Column - Binding column: Ejb3Column{table=org.hibernate.mapping.Table(blood_donation), mappingColumn=updated, insertable=true, updatable=true, unique=false}
2021-11-19T10:23:44,383|[DEBUG] PropertyBinder - MetadataSourceProcessor property epochUpdated with lazy=false
2021-11-19T10:23:44,383|[DEBUG] AbstractPropertyHolder - Attempting to locate auto-apply AttributeConverter for property [bloodbank.entity.BloodDonation:epochUpdated]
2021-11-19T10:23:44,383|[DEBUG] SimpleValueBinder - building SimpleValue for epochUpdated
2021-11-19T10:23:44,383|[TRACE] NormalizingIdentifierHelperImpl - Normalizing identifier quoting [updated]
2021-11-19T10:23:44,383|[DEBUG] PropertyBinder - Building property epochUpdated
2021-11-19T10:23:44,383|[TRACE] PropertyBinder - Cascading epochUpdated with null
2021-11-19T10:23:44,383|[TRACE] AnnotationBinder - Processing annotations of bloodbank.entity.BloodDonation.version
2021-11-19T10:23:44,383|[TRACE] NormalizingIdentifierHelperImpl - Normalizing identifier quoting [version]
2021-11-19T10:23:44,383|[TRACE] NormalizingIdentifierHelperImpl - Normalizing identifier quoting [version]
2021-11-19T10:23:44,383|[DEBUG] Ejb3Column - Binding column: Ejb3Column{table=org.hibernate.mapping.Table(blood_donation), mappingColumn=version, insertable=true, updatable=true, unique=false}
2021-11-19T10:23:44,383|[TRACE] AnnotationBinder - version is a version property
2021-11-19T10:23:44,383|[DEBUG] PropertyBinder - MetadataSourceProcessor property version with lazy=false
2021-11-19T10:23:44,383|[DEBUG] AbstractPropertyHolder - Attempting to locate auto-apply AttributeConverter for property [bloodbank.entity.BloodDonation:version]
2021-11-19T10:23:44,383|[DEBUG] SimpleValueBinder - building SimpleValue for version
2021-11-19T10:23:44,383|[TRACE] NormalizingIdentifierHelperImpl - Normalizing identifier quoting [version]
2021-11-19T10:23:44,383|[TRACE] NormalizingIdentifierHelperImpl - Normalizing identifier quoting [version]
2021-11-19T10:23:44,383|[TRACE] NormalizingIdentifierHelperImpl - Normalizing identifier quoting [version]
2021-11-19T10:23:44,383|[DEBUG] PropertyBinder - Building property version
2021-11-19T10:23:44,383|[TRACE] PropertyBinder - Cascading version with null
2021-11-19T10:23:44,383|[TRACE] AnnotationBinder - Version name: version, unsavedValue: undefined
2021-11-19T10:23:44,384|[TRACE] AnnotationBinder - Processing annotations of bloodbank.entity.BloodDonation.bank
2021-11-19T10:23:44,384|[TRACE] NormalizingIdentifierHelperImpl - Normalizing identifier quoting [bank_id]
2021-11-19T10:23:44,384|[DEBUG] Ejb3Column - Binding column: Ejb3JoinColumn{logicalColumnName='bank_id', referencedColumn='bank_id', mappedBy=''}
2021-11-19T10:23:44,384|[TRACE] NormalizingIdentifierHelperImpl - Normalizing identifier quoting [bank]
2021-11-19T10:23:44,384|[TRACE] NormalizingIdentifierHelperImpl - Normalizing identifier quoting [bank]
2021-11-19T10:23:44,384|[DEBUG] Ejb3Column - Binding column: Ejb3Column{table=org.hibernate.mapping.Table(blood_donation), mappingColumn=bank, insertable=true, updatable=true, unique=false}
2021-11-19T10:23:44,384|[DEBUG] PropertyBinder - Building property bank
2021-11-19T10:23:44,384|[TRACE] PropertyBinder - Cascading bank with all
2021-11-19T10:23:44,384|[TRACE] AnnotationBinder - Processing annotations of bloodbank.entity.BloodDonation.bloodType
2021-11-19T10:23:44,384|[TRACE] NormalizingIdentifierHelperImpl - Normalizing identifier quoting [bloodType]
2021-11-19T10:23:44,384|[TRACE] NormalizingIdentifierHelperImpl - Normalizing identifier quoting [bloodType]
2021-11-19T10:23:44,384|[DEBUG] Ejb3Column - Binding column: Ejb3Column{table=org.hibernate.mapping.Table(blood_donation), mappingColumn=bloodType, insertable=true, updatable=true, unique=false}
2021-11-19T10:23:44,384|[TRACE] AnnotationBinder - Binding component with path: bloodbank.entity.BloodDonation.bloodType
2021-11-19T10:23:44,384|[TRACE] AnnotationBinder - Processing annotations of bloodbank.entity.BloodType.bloodGroup
2021-11-19T10:23:44,384|[TRACE] NormalizingIdentifierHelperImpl - Normalizing identifier quoting [blood_group]
2021-11-19T10:23:44,384|[TRACE] NormalizingIdentifierHelperImpl - Normalizing identifier quoting [blood_group]
2021-11-19T10:23:44,384|[DEBUG] Ejb3Column - Binding column: Ejb3Column{table=org.hibernate.mapping.Table(blood_donation), mappingColumn=blood_group, insertable=true, updatable=true, unique=false}
2021-11-19T10:23:44,384|[DEBUG] PropertyBinder - MetadataSourceProcessor property bloodGroup with lazy=false
2021-11-19T10:23:44,384|[DEBUG] AbstractPropertyHolder - Attempting to locate auto-apply AttributeConverter for property [bloodbank.entity.BloodDonation.bloodType:bloodGroup]
2021-11-19T10:23:44,384|[DEBUG] SimpleValueBinder - building SimpleValue for bloodGroup
2021-11-19T10:23:44,384|[TRACE] NormalizingIdentifierHelperImpl - Normalizing identifier quoting [blood_group]
2021-11-19T10:23:44,384|[DEBUG] PropertyBinder - Building property bloodGroup
2021-11-19T10:23:44,384|[TRACE] PropertyBinder - Cascading bloodGroup with null
2021-11-19T10:23:44,384|[TRACE] AnnotationBinder - Processing annotations of bloodbank.entity.BloodType.rhd
2021-11-19T10:23:44,384|[TRACE] NormalizingIdentifierHelperImpl - Normalizing identifier quoting [rhd]
2021-11-19T10:23:44,384|[TRACE] NormalizingIdentifierHelperImpl - Normalizing identifier quoting [rhd]
2021-11-19T10:23:44,384|[DEBUG] Ejb3Column - Binding column: Ejb3Column{table=org.hibernate.mapping.Table(blood_donation), mappingColumn=rhd, insertable=true, updatable=true, unique=false}
2021-11-19T10:23:44,384|[DEBUG] PropertyBinder - MetadataSourceProcessor property rhd with lazy=false
2021-11-19T10:23:44,384|[DEBUG] AbstractPropertyHolder - Attempting to locate auto-apply AttributeConverter for property [bloodbank.entity.BloodDonation.bloodType:rhd]
2021-11-19T10:23:44,384|[DEBUG] SimpleValueBinder - building SimpleValue for rhd
2021-11-19T10:23:44,384|[TRACE] NormalizingIdentifierHelperImpl - Normalizing identifier quoting [rhd]
2021-11-19T10:23:44,384|[DEBUG] PropertyBinder - Building property rhd
2021-11-19T10:23:44,385|[TRACE] PropertyBinder - Cascading rhd with null
2021-11-19T10:23:44,385|[DEBUG] PropertyBinder - Building property bloodType
2021-11-19T10:23:44,385|[TRACE] PropertyBinder - Cascading bloodType with null
2021-11-19T10:23:44,385|[TRACE] AnnotationBinder - Processing annotations of bloodbank.entity.BloodDonation.milliliters
2021-11-19T10:23:44,385|[TRACE] NormalizingIdentifierHelperImpl - Normalizing identifier quoting [milliliters]
2021-11-19T10:23:44,385|[TRACE] NormalizingIdentifierHelperImpl - Normalizing identifier quoting [milliliters]
2021-11-19T10:23:44,385|[DEBUG] Ejb3Column - Binding column: Ejb3Column{table=org.hibernate.mapping.Table(blood_donation), mappingColumn=milliliters, insertable=true, updatable=true, unique=false}
2021-11-19T10:23:44,385|[DEBUG] PropertyBinder - MetadataSourceProcessor property milliliters with lazy=false
2021-11-19T10:23:44,385|[DEBUG] AbstractPropertyHolder - Attempting to locate auto-apply AttributeConverter for property [bloodbank.entity.BloodDonation:milliliters]
2021-11-19T10:23:44,385|[DEBUG] SimpleValueBinder - building SimpleValue for milliliters
2021-11-19T10:23:44,385|[TRACE] NormalizingIdentifierHelperImpl - Normalizing identifier quoting [milliliters]
2021-11-19T10:23:44,385|[TRACE] NormalizingIdentifierHelperImpl - Normalizing identifier quoting [milliliters]
2021-11-19T10:23:44,385|[TRACE] NormalizingIdentifierHelperImpl - Normalizing identifier quoting [milliliters]
2021-11-19T10:23:44,385|[DEBUG] PropertyBinder - Building property milliliters
2021-11-19T10:23:44,385|[TRACE] PropertyBinder - Cascading milliliters with null
2021-11-19T10:23:44,385|[TRACE] AnnotationBinder - Processing annotations of bloodbank.entity.BloodDonation.record
2021-11-19T10:23:44,385|[TRACE] NormalizingIdentifierHelperImpl - Normalizing identifier quoting [donation_id]
2021-11-19T10:23:44,385|[DEBUG] Ejb3Column - Binding column: Ejb3JoinColumn{logicalColumnName='donation_id', referencedColumn='donation_id', mappedBy=''}
2021-11-19T10:23:44,385|[TRACE] NormalizingIdentifierHelperImpl - Normalizing identifier quoting [record]
2021-11-19T10:23:44,385|[TRACE] NormalizingIdentifierHelperImpl - Normalizing identifier quoting [record]
2021-11-19T10:23:44,385|[DEBUG] Ejb3Column - Binding column: Ejb3Column{table=org.hibernate.mapping.Table(blood_donation), mappingColumn=record, insertable=true, updatable=true, unique=false}
2021-11-19T10:23:44,385|[TRACE] AnnotationBinder - Fetching record with SELECT
2021-11-19T10:23:44,385|[DEBUG] AnnotationBinder - Binding entity from annotated class: bloodbank.entity.BloodBank
2021-11-19T10:23:44,385|[TRACE] NormalizingIdentifierHelperImpl - Normalizing identifier quoting [privately_owned]
2021-11-19T10:23:44,385|[DEBUG] Ejb3Column - Binding column: Ejb3DiscriminatorColumn{logicalColumnName'privately_owned', discriminatorTypeName='integer'}
2021-11-19T10:23:44,385|[DEBUG] EntityBinder - Import with entity name BloodBank
2021-11-19T10:23:44,385|[TRACE] InFlightMetadataCollectorImpl - Import: BloodBank -> bloodbank.entity.BloodBank
2021-11-19T10:23:44,385|[TRACE] InFlightMetadataCollectorImpl - Import: bloodbank.entity.BloodBank -> bloodbank.entity.BloodBank
2021-11-19T10:23:44,385|[TRACE] NormalizingIdentifierHelperImpl - Normalizing identifier quoting [blood_bank]
2021-11-19T10:23:44,385|[TRACE] NormalizingIdentifierHelperImpl - Normalizing identifier quoting [blood_bank]
2021-11-19T10:23:44,385|[DEBUG] EntityBinder - Bind entity bloodbank.entity.BloodBank on table blood_bank
2021-11-19T10:23:44,385|[TRACE] NormalizingIdentifierHelperImpl - Normalizing identifier quoting [privately_owned]
2021-11-19T10:23:44,385|[TRACE] AnnotationBinder - Setting discriminator for entity bloodbank.entity.BloodBank
2021-11-19T10:23:44,386|[TRACE] AnnotationBinder - Processing annotations of bloodbank.entity.BloodBank.id
2021-11-19T10:23:44,386|[DEBUG] Ejb3Column - Column(s) overridden for property id
2021-11-19T10:23:44,386|[TRACE] NormalizingIdentifierHelperImpl - Normalizing identifier quoting [bank_id]
2021-11-19T10:23:44,386|[TRACE] NormalizingIdentifierHelperImpl - Normalizing identifier quoting [bank_id]
2021-11-19T10:23:44,386|[DEBUG] Ejb3Column - Binding column: Ejb3Column{table=org.hibernate.mapping.Table(blood_bank), mappingColumn=bank_id, insertable=true, updatable=true, unique=false}
2021-11-19T10:23:44,386|[DEBUG] ClassLoaderAccessImpl - Not known whether passed class name [bloodbank.entity.BloodBank] is safe
2021-11-19T10:23:44,386|[DEBUG] ClassLoaderAccessImpl - No temp ClassLoader provided; using live ClassLoader for loading potentially unsafe class : bloodbank.entity.BloodBank
2021-11-19T10:23:44,386|[DEBUG] PropertyBinder - MetadataSourceProcessor property id with lazy=false
2021-11-19T10:23:44,386|[DEBUG] AbstractPropertyHolder - Attempting to locate auto-apply AttributeConverter for property [bloodbank.entity.BloodBank:id]
2021-11-19T10:23:44,386|[DEBUG] SimpleValueBinder - building SimpleValue for id
2021-11-19T10:23:44,386|[TRACE] NormalizingIdentifierHelperImpl - Normalizing identifier quoting [bank_id]
2021-11-19T10:23:44,386|[DEBUG] PropertyBinder - Building property id
2021-11-19T10:23:44,386|[TRACE] PropertyBinder - Cascading id with null
2021-11-19T10:23:44,386|[DEBUG] BinderHelper - #makeIdGenerator(org.hibernate.mapping.SimpleValue([org.hibernate.mapping.Column(bank_id)]), id, identity, , ...)
2021-11-19T10:23:44,386|[TRACE] AnnotationBinder - Bind @Id on id
2021-11-19T10:23:44,386|[TRACE] AnnotationBinder - Processing annotations of bloodbank.entity.BloodBank.epochCreated
2021-11-19T10:23:44,386|[TRACE] NormalizingIdentifierHelperImpl - Normalizing identifier quoting [created]
2021-11-19T10:23:44,386|[TRACE] NormalizingIdentifierHelperImpl - Normalizing identifier quoting [created]
2021-11-19T10:23:44,386|[DEBUG] Ejb3Column - Binding column: Ejb3Column{table=org.hibernate.mapping.Table(blood_bank), mappingColumn=created, insertable=true, updatable=true, unique=false}
2021-11-19T10:23:44,386|[DEBUG] PropertyBinder - MetadataSourceProcessor property epochCreated with lazy=false
2021-11-19T10:23:44,386|[DEBUG] AbstractPropertyHolder - Attempting to locate auto-apply AttributeConverter for property [bloodbank.entity.BloodBank:epochCreated]
2021-11-19T10:23:44,386|[DEBUG] SimpleValueBinder - building SimpleValue for epochCreated
2021-11-19T10:23:44,386|[TRACE] NormalizingIdentifierHelperImpl - Normalizing identifier quoting [created]
2021-11-19T10:23:44,386|[DEBUG] PropertyBinder - Building property epochCreated
2021-11-19T10:23:44,386|[TRACE] PropertyBinder - Cascading epochCreated with null
2021-11-19T10:23:44,386|[TRACE] AnnotationBinder - Processing annotations of bloodbank.entity.BloodBank.epochUpdated
2021-11-19T10:23:44,386|[TRACE] NormalizingIdentifierHelperImpl - Normalizing identifier quoting [updated]
2021-11-19T10:23:44,386|[TRACE] NormalizingIdentifierHelperImpl - Normalizing identifier quoting [updated]
2021-11-19T10:23:44,386|[DEBUG] Ejb3Column - Binding column: Ejb3Column{table=org.hibernate.mapping.Table(blood_bank), mappingColumn=updated, insertable=true, updatable=true, unique=false}
2021-11-19T10:23:44,386|[DEBUG] PropertyBinder - MetadataSourceProcessor property epochUpdated with lazy=false
2021-11-19T10:23:44,386|[DEBUG] AbstractPropertyHolder - Attempting to locate auto-apply AttributeConverter for property [bloodbank.entity.BloodBank:epochUpdated]
2021-11-19T10:23:44,386|[DEBUG] SimpleValueBinder - building SimpleValue for epochUpdated
2021-11-19T10:23:44,386|[TRACE] NormalizingIdentifierHelperImpl - Normalizing identifier quoting [updated]
2021-11-19T10:23:44,386|[DEBUG] PropertyBinder - Building property epochUpdated
2021-11-19T10:23:44,386|[TRACE] PropertyBinder - Cascading epochUpdated with null
2021-11-19T10:23:44,386|[TRACE] AnnotationBinder - Processing annotations of bloodbank.entity.BloodBank.version
2021-11-19T10:23:44,387|[TRACE] NormalizingIdentifierHelperImpl - Normalizing identifier quoting [version]
2021-11-19T10:23:44,387|[TRACE] NormalizingIdentifierHelperImpl - Normalizing identifier quoting [version]
2021-11-19T10:23:44,387|[DEBUG] Ejb3Column - Binding column: Ejb3Column{table=org.hibernate.mapping.Table(blood_bank), mappingColumn=version, insertable=true, updatable=true, unique=false}
2021-11-19T10:23:44,387|[TRACE] AnnotationBinder - version is a version property
2021-11-19T10:23:44,387|[DEBUG] PropertyBinder - MetadataSourceProcessor property version with lazy=false
2021-11-19T10:23:44,387|[DEBUG] AbstractPropertyHolder - Attempting to locate auto-apply AttributeConverter for property [bloodbank.entity.BloodBank:version]
2021-11-19T10:23:44,387|[DEBUG] SimpleValueBinder - building SimpleValue for version
2021-11-19T10:23:44,387|[TRACE] NormalizingIdentifierHelperImpl - Normalizing identifier quoting [version]
2021-11-19T10:23:44,387|[TRACE] NormalizingIdentifierHelperImpl - Normalizing identifier quoting [version]
2021-11-19T10:23:44,387|[TRACE] NormalizingIdentifierHelperImpl - Normalizing identifier quoting [version]
2021-11-19T10:23:44,387|[DEBUG] PropertyBinder - Building property version
2021-11-19T10:23:44,387|[TRACE] PropertyBinder - Cascading version with null
2021-11-19T10:23:44,387|[TRACE] AnnotationBinder - Version name: version, unsavedValue: undefined
2021-11-19T10:23:44,387|[TRACE] AnnotationBinder - Processing annotations of bloodbank.entity.BloodBank.donations
2021-11-19T10:23:44,387|[DEBUG] Ejb3Column - Binding column: Ejb3JoinColumn{logicalColumnName='null', referencedColumn='null', mappedBy='bank'}
2021-11-19T10:23:44,387|[TRACE] NormalizingIdentifierHelperImpl - Normalizing identifier quoting [donations]
2021-11-19T10:23:44,387|[TRACE] NormalizingIdentifierHelperImpl - Normalizing identifier quoting [donations]
2021-11-19T10:23:44,387|[DEBUG] Ejb3Column - Binding column: Ejb3Column{table=org.hibernate.mapping.Table(blood_bank), mappingColumn=donations, insertable=true, updatable=true, unique=false}
2021-11-19T10:23:44,387|[DEBUG] Ejb3Column - Binding column: Ejb3Column{table=org.hibernate.mapping.Table(blood_bank), mappingColumn=null, insertable=true, updatable=true, unique=false}
2021-11-19T10:23:44,387|[TRACE] NormalizingIdentifierHelperImpl - Normalizing identifier quoting [element]
2021-11-19T10:23:44,387|[TRACE] NormalizingIdentifierHelperImpl - Normalizing identifier quoting [element]
2021-11-19T10:23:44,387|[DEBUG] Ejb3Column - Binding column: Ejb3Column{table=org.hibernate.mapping.Table(blood_bank), mappingColumn=element, insertable=true, updatable=true, unique=false}
2021-11-19T10:23:44,387|[TRACE] NormalizingIdentifierHelperImpl - Normalizing identifier quoting [donations_KEY]
2021-11-19T10:23:44,387|[DEBUG] Ejb3Column - Binding column: Ejb3Column{table=org.hibernate.mapping.Table(blood_bank), mappingColumn=donations_KEY, insertable=true, updatable=true, unique=false}
2021-11-19T10:23:44,387|[TRACE] NormalizingIdentifierHelperImpl - Normalizing identifier quoting [donations_KEY]
2021-11-19T10:23:44,387|[DEBUG] Ejb3Column - Binding column: Ejb3JoinColumn{logicalColumnName='donations_KEY', referencedColumn='null', mappedBy='null'}
2021-11-19T10:23:44,387|[DEBUG] Ejb3Column - Binding column: Ejb3JoinColumn{logicalColumnName='null', referencedColumn='null', mappedBy='bank'}
2021-11-19T10:23:44,387|[DEBUG] Ejb3Column - Binding column: Ejb3JoinColumn{logicalColumnName='null', referencedColumn='null', mappedBy='bank'}
2021-11-19T10:23:44,387|[DEBUG] CollectionBinder - Collection role: bloodbank.entity.BloodBank.donations
2021-11-19T10:23:44,387|[DEBUG] PropertyBinder - Building property donations
2021-11-19T10:23:44,387|[TRACE] PropertyBinder - Cascading donations with all
2021-11-19T10:23:44,387|[TRACE] AnnotationBinder - Processing annotations of bloodbank.entity.BloodBank.name
2021-11-19T10:23:44,387|[TRACE] NormalizingIdentifierHelperImpl - Normalizing identifier quoting [name]
2021-11-19T10:23:44,387|[TRACE] NormalizingIdentifierHelperImpl - Normalizing identifier quoting [name]
2021-11-19T10:23:44,387|[DEBUG] Ejb3Column - Binding column: Ejb3Column{table=org.hibernate.mapping.Table(blood_bank), mappingColumn=name, insertable=true, updatable=true, unique=false}
2021-11-19T10:23:44,387|[DEBUG] PropertyBinder - MetadataSourceProcessor property name with lazy=false
2021-11-19T10:23:44,387|[DEBUG] AbstractPropertyHolder - Attempting to locate auto-apply AttributeConverter for property [bloodbank.entity.BloodBank:name]
2021-11-19T10:23:44,388|[DEBUG] SimpleValueBinder - building SimpleValue for name
2021-11-19T10:23:44,388|[TRACE] NormalizingIdentifierHelperImpl - Normalizing identifier quoting [name]
2021-11-19T10:23:44,388|[TRACE] NormalizingIdentifierHelperImpl - Normalizing identifier quoting [name]
2021-11-19T10:23:44,388|[TRACE] NormalizingIdentifierHelperImpl - Normalizing identifier quoting [name]
2021-11-19T10:23:44,388|[DEBUG] PropertyBinder - Building property name
2021-11-19T10:23:44,388|[TRACE] PropertyBinder - Cascading name with null
2021-11-19T10:23:44,388|[DEBUG] AnnotationBinder - Binding entity from annotated class: bloodbank.entity.PrivateBloodBank
2021-11-19T10:23:44,388|[DEBUG] EntityBinder - Import with entity name PrivateBloodBank
2021-11-19T10:23:44,388|[TRACE] InFlightMetadataCollectorImpl - Import: PrivateBloodBank -> bloodbank.entity.PrivateBloodBank
2021-11-19T10:23:44,388|[TRACE] InFlightMetadataCollectorImpl - Import: bloodbank.entity.PrivateBloodBank -> bloodbank.entity.PrivateBloodBank
2021-11-19T10:23:44,388|[TRACE] NormalizingIdentifierHelperImpl - Normalizing identifier quoting [blood_bank]
2021-11-19T10:23:44,388|[DEBUG] AnnotationBinder - Binding entity from annotated class: bloodbank.entity.Address
2021-11-19T10:23:44,388|[DEBUG] QueryBinder - Binding named query: Address.findAll => SELECT a FROM Address a
2021-11-19T10:23:44,388|[TRACE] NormalizingIdentifierHelperImpl - Normalizing identifier quoting [DTYPE]
2021-11-19T10:23:44,388|[DEBUG] Ejb3Column - Binding column: Ejb3DiscriminatorColumn{logicalColumnName'DTYPE', discriminatorTypeName='string'}
2021-11-19T10:23:44,388|[DEBUG] EntityBinder - Import with entity name Address
2021-11-19T10:23:44,388|[TRACE] InFlightMetadataCollectorImpl - Import: Address -> bloodbank.entity.Address
2021-11-19T10:23:44,388|[TRACE] InFlightMetadataCollectorImpl - Import: bloodbank.entity.Address -> bloodbank.entity.Address
2021-11-19T10:23:44,388|[TRACE] NormalizingIdentifierHelperImpl - Normalizing identifier quoting [address]
2021-11-19T10:23:44,388|[TRACE] NormalizingIdentifierHelperImpl - Normalizing identifier quoting [address]
2021-11-19T10:23:44,388|[DEBUG] EntityBinder - Bind entity bloodbank.entity.Address on table address
2021-11-19T10:23:44,389|[TRACE] AnnotationBinder - Processing annotations of bloodbank.entity.Address.id
2021-11-19T10:23:44,389|[DEBUG] Ejb3Column - Column(s) overridden for property id
2021-11-19T10:23:44,389|[TRACE] NormalizingIdentifierHelperImpl - Normalizing identifier quoting [address_id]
2021-11-19T10:23:44,389|[TRACE] NormalizingIdentifierHelperImpl - Normalizing identifier quoting [address_id]
2021-11-19T10:23:44,389|[DEBUG] Ejb3Column - Binding column: Ejb3Column{table=org.hibernate.mapping.Table(address), mappingColumn=address_id, insertable=true, updatable=true, unique=false}
2021-11-19T10:23:44,389|[DEBUG] ClassLoaderAccessImpl - Not known whether passed class name [bloodbank.entity.Address] is safe
2021-11-19T10:23:44,389|[DEBUG] ClassLoaderAccessImpl - No temp ClassLoader provided; using live ClassLoader for loading potentially unsafe class : bloodbank.entity.Address
2021-11-19T10:23:44,389|[DEBUG] PropertyBinder - MetadataSourceProcessor property id with lazy=false
2021-11-19T10:23:44,389|[DEBUG] AbstractPropertyHolder - Attempting to locate auto-apply AttributeConverter for property [bloodbank.entity.Address:id]
2021-11-19T10:23:44,389|[DEBUG] SimpleValueBinder - building SimpleValue for id
2021-11-19T10:23:44,389|[TRACE] NormalizingIdentifierHelperImpl - Normalizing identifier quoting [address_id]
2021-11-19T10:23:44,389|[DEBUG] PropertyBinder - Building property id
2021-11-19T10:23:44,390|[TRACE] PropertyBinder - Cascading id with null
2021-11-19T10:23:44,390|[DEBUG] BinderHelper - #makeIdGenerator(org.hibernate.mapping.SimpleValue([org.hibernate.mapping.Column(address_id)]), id, identity, , ...)
2021-11-19T10:23:44,390|[TRACE] AnnotationBinder - Bind @Id on id
2021-11-19T10:23:44,390|[TRACE] AnnotationBinder - Processing annotations of bloodbank.entity.Address.epochCreated
2021-11-19T10:23:44,390|[TRACE] NormalizingIdentifierHelperImpl - Normalizing identifier quoting [created]
2021-11-19T10:23:44,390|[TRACE] NormalizingIdentifierHelperImpl - Normalizing identifier quoting [created]
2021-11-19T10:23:44,390|[DEBUG] Ejb3Column - Binding column: Ejb3Column{table=org.hibernate.mapping.Table(address), mappingColumn=created, insertable=true, updatable=true, unique=false}
2021-11-19T10:23:44,390|[DEBUG] PropertyBinder - MetadataSourceProcessor property epochCreated with lazy=false
2021-11-19T10:23:44,390|[DEBUG] AbstractPropertyHolder - Attempting to locate auto-apply AttributeConverter for property [bloodbank.entity.Address:epochCreated]
2021-11-19T10:23:44,390|[DEBUG] SimpleValueBinder - building SimpleValue for epochCreated
2021-11-19T10:23:44,390|[TRACE] NormalizingIdentifierHelperImpl - Normalizing identifier quoting [created]
2021-11-19T10:23:44,390|[DEBUG] PropertyBinder - Building property epochCreated
2021-11-19T10:23:44,390|[TRACE] PropertyBinder - Cascading epochCreated with null
2021-11-19T10:23:44,390|[TRACE] AnnotationBinder - Processing annotations of bloodbank.entity.Address.epochUpdated
2021-11-19T10:23:44,390|[TRACE] NormalizingIdentifierHelperImpl - Normalizing identifier quoting [updated]
2021-11-19T10:23:44,390|[TRACE] NormalizingIdentifierHelperImpl - Normalizing identifier quoting [updated]
2021-11-19T10:23:44,390|[DEBUG] Ejb3Column - Binding column: Ejb3Column{table=org.hibernate.mapping.Table(address), mappingColumn=updated, insertable=true, updatable=true, unique=false}
2021-11-19T10:23:44,390|[DEBUG] PropertyBinder - MetadataSourceProcessor property epochUpdated with lazy=false
2021-11-19T10:23:44,390|[DEBUG] AbstractPropertyHolder - Attempting to locate auto-apply AttributeConverter for property [bloodbank.entity.Address:epochUpdated]
2021-11-19T10:23:44,390|[DEBUG] SimpleValueBinder - building SimpleValue for epochUpdated
2021-11-19T10:23:44,390|[TRACE] NormalizingIdentifierHelperImpl - Normalizing identifier quoting [updated]
2021-11-19T10:23:44,390|[DEBUG] PropertyBinder - Building property epochUpdated
2021-11-19T10:23:44,390|[TRACE] PropertyBinder - Cascading epochUpdated with null
2021-11-19T10:23:44,390|[TRACE] AnnotationBinder - Processing annotations of bloodbank.entity.Address.version
2021-11-19T10:23:44,390|[TRACE] NormalizingIdentifierHelperImpl - Normalizing identifier quoting [version]
2021-11-19T10:23:44,390|[TRACE] NormalizingIdentifierHelperImpl - Normalizing identifier quoting [version]
2021-11-19T10:23:44,390|[DEBUG] Ejb3Column - Binding column: Ejb3Column{table=org.hibernate.mapping.Table(address), mappingColumn=version, insertable=true, updatable=true, unique=false}
2021-11-19T10:23:44,390|[TRACE] AnnotationBinder - version is a version property
2021-11-19T10:23:44,390|[DEBUG] PropertyBinder - MetadataSourceProcessor property version with lazy=false
2021-11-19T10:23:44,390|[DEBUG] AbstractPropertyHolder - Attempting to locate auto-apply AttributeConverter for property [bloodbank.entity.Address:version]
2021-11-19T10:23:44,390|[DEBUG] SimpleValueBinder - building SimpleValue for version
2021-11-19T10:23:44,390|[TRACE] NormalizingIdentifierHelperImpl - Normalizing identifier quoting [version]
2021-11-19T10:23:44,390|[TRACE] NormalizingIdentifierHelperImpl - Normalizing identifier quoting [version]
2021-11-19T10:23:44,390|[TRACE] NormalizingIdentifierHelperImpl - Normalizing identifier quoting [version]
2021-11-19T10:23:44,390|[DEBUG] PropertyBinder - Building property version
2021-11-19T10:23:44,390|[TRACE] PropertyBinder - Cascading version with null
2021-11-19T10:23:44,390|[TRACE] AnnotationBinder - Version name: version, unsavedValue: undefined
2021-11-19T10:23:44,390|[TRACE] AnnotationBinder - Processing annotations of bloodbank.entity.Address.city
2021-11-19T10:23:44,390|[TRACE] NormalizingIdentifierHelperImpl - Normalizing identifier quoting [city]
2021-11-19T10:23:44,391|[TRACE] NormalizingIdentifierHelperImpl - Normalizing identifier quoting [city]
2021-11-19T10:23:44,391|[DEBUG] Ejb3Column - Binding column: Ejb3Column{table=org.hibernate.mapping.Table(address), mappingColumn=city, insertable=true, updatable=true, unique=false}
2021-11-19T10:23:44,391|[DEBUG] PropertyBinder - MetadataSourceProcessor property city with lazy=false
2021-11-19T10:23:44,391|[DEBUG] AbstractPropertyHolder - Attempting to locate auto-apply AttributeConverter for property [bloodbank.entity.Address:city]
2021-11-19T10:23:44,391|[DEBUG] SimpleValueBinder - building SimpleValue for city
2021-11-19T10:23:44,391|[TRACE] NormalizingIdentifierHelperImpl - Normalizing identifier quoting [city]
2021-11-19T10:23:44,391|[TRACE] NormalizingIdentifierHelperImpl - Normalizing identifier quoting [city]
2021-11-19T10:23:44,391|[TRACE] NormalizingIdentifierHelperImpl - Normalizing identifier quoting [city]
2021-11-19T10:23:44,391|[DEBUG] PropertyBinder - Building property city
2021-11-19T10:23:44,391|[TRACE] PropertyBinder - Cascading city with null
2021-11-19T10:23:44,391|[TRACE] AnnotationBinder - Processing annotations of bloodbank.entity.Address.contacts
2021-11-19T10:23:44,391|[TRACE] NormalizingIdentifierHelperImpl - Normalizing identifier quoting [address_id]
2021-11-19T10:23:44,391|[DEBUG] Ejb3Column - Binding column: Ejb3JoinColumn{logicalColumnName='address_id', referencedColumn='address_id', mappedBy=''}
2021-11-19T10:23:44,391|[TRACE] NormalizingIdentifierHelperImpl - Normalizing identifier quoting [contacts]
2021-11-19T10:23:44,391|[TRACE] NormalizingIdentifierHelperImpl - Normalizing identifier quoting [contacts]
2021-11-19T10:23:44,391|[DEBUG] Ejb3Column - Binding column: Ejb3Column{table=org.hibernate.mapping.Table(address), mappingColumn=contacts, insertable=true, updatable=true, unique=false}
2021-11-19T10:23:44,391|[DEBUG] Ejb3Column - Binding column: Ejb3Column{table=org.hibernate.mapping.Table(address), mappingColumn=null, insertable=true, updatable=true, unique=false}
2021-11-19T10:23:44,391|[TRACE] NormalizingIdentifierHelperImpl - Normalizing identifier quoting [element]
2021-11-19T10:23:44,391|[TRACE] NormalizingIdentifierHelperImpl - Normalizing identifier quoting [element]
2021-11-19T10:23:44,391|[DEBUG] Ejb3Column - Binding column: Ejb3Column{table=org.hibernate.mapping.Table(address), mappingColumn=element, insertable=true, updatable=true, unique=false}
2021-11-19T10:23:44,391|[TRACE] NormalizingIdentifierHelperImpl - Normalizing identifier quoting [contacts_KEY]
2021-11-19T10:23:44,391|[DEBUG] Ejb3Column - Binding column: Ejb3Column{table=org.hibernate.mapping.Table(address), mappingColumn=contacts_KEY, insertable=true, updatable=true, unique=false}
2021-11-19T10:23:44,391|[TRACE] NormalizingIdentifierHelperImpl - Normalizing identifier quoting [contacts_KEY]
2021-11-19T10:23:44,391|[DEBUG] Ejb3Column - Binding column: Ejb3JoinColumn{logicalColumnName='contacts_KEY', referencedColumn='null', mappedBy='null'}
2021-11-19T10:23:44,391|[DEBUG] Ejb3Column - Binding column: Ejb3JoinColumn{logicalColumnName='null', referencedColumn='null', mappedBy=''}
2021-11-19T10:23:44,391|[DEBUG] Ejb3Column - Binding column: Ejb3JoinColumn{logicalColumnName='null', referencedColumn='null', mappedBy=''}
2021-11-19T10:23:44,391|[DEBUG] CollectionBinder - Collection role: bloodbank.entity.Address.contacts
2021-11-19T10:23:44,391|[DEBUG] PropertyBinder - Building property contacts
2021-11-19T10:23:44,391|[TRACE] PropertyBinder - Cascading contacts with none
2021-11-19T10:23:44,391|[TRACE] AnnotationBinder - Processing annotations of bloodbank.entity.Address.country
2021-11-19T10:23:44,391|[TRACE] NormalizingIdentifierHelperImpl - Normalizing identifier quoting [country]
2021-11-19T10:23:44,391|[TRACE] NormalizingIdentifierHelperImpl - Normalizing identifier quoting [country]
2021-11-19T10:23:44,391|[DEBUG] Ejb3Column - Binding column: Ejb3Column{table=org.hibernate.mapping.Table(address), mappingColumn=country, insertable=true, updatable=true, unique=false}
2021-11-19T10:23:44,391|[DEBUG] PropertyBinder - MetadataSourceProcessor property country with lazy=false
2021-11-19T10:23:44,391|[DEBUG] AbstractPropertyHolder - Attempting to locate auto-apply AttributeConverter for property [bloodbank.entity.Address:country]
2021-11-19T10:23:44,391|[DEBUG] SimpleValueBinder - building SimpleValue for country
2021-11-19T10:23:44,391|[TRACE] NormalizingIdentifierHelperImpl - Normalizing identifier quoting [country]
2021-11-19T10:23:44,391|[TRACE] NormalizingIdentifierHelperImpl - Normalizing identifier quoting [country]
2021-11-19T10:23:44,391|[TRACE] NormalizingIdentifierHelperImpl - Normalizing identifier quoting [country]
2021-11-19T10:23:44,391|[DEBUG] PropertyBinder - Building property country
2021-11-19T10:23:44,392|[TRACE] PropertyBinder - Cascading country with null
2021-11-19T10:23:44,392|[TRACE] AnnotationBinder - Processing annotations of bloodbank.entity.Address.province
2021-11-19T10:23:44,392|[TRACE] NormalizingIdentifierHelperImpl - Normalizing identifier quoting [province]
2021-11-19T10:23:44,392|[TRACE] NormalizingIdentifierHelperImpl - Normalizing identifier quoting [province]
2021-11-19T10:23:44,392|[DEBUG] Ejb3Column - Binding column: Ejb3Column{table=org.hibernate.mapping.Table(address), mappingColumn=province, insertable=true, updatable=true, unique=false}
2021-11-19T10:23:44,392|[DEBUG] PropertyBinder - MetadataSourceProcessor property province with lazy=false
2021-11-19T10:23:44,392|[DEBUG] AbstractPropertyHolder - Attempting to locate auto-apply AttributeConverter for property [bloodbank.entity.Address:province]
2021-11-19T10:23:44,392|[DEBUG] SimpleValueBinder - building SimpleValue for province
2021-11-19T10:23:44,392|[TRACE] NormalizingIdentifierHelperImpl - Normalizing identifier quoting [province]
2021-11-19T10:23:44,392|[TRACE] NormalizingIdentifierHelperImpl - Normalizing identifier quoting [province]
2021-11-19T10:23:44,392|[TRACE] NormalizingIdentifierHelperImpl - Normalizing identifier quoting [province]
2021-11-19T10:23:44,392|[DEBUG] PropertyBinder - Building property province
2021-11-19T10:23:44,392|[TRACE] PropertyBinder - Cascading province with null
2021-11-19T10:23:44,392|[TRACE] AnnotationBinder - Processing annotations of bloodbank.entity.Address.street
2021-11-19T10:23:44,392|[TRACE] NormalizingIdentifierHelperImpl - Normalizing identifier quoting [street]
2021-11-19T10:23:44,392|[TRACE] NormalizingIdentifierHelperImpl - Normalizing identifier quoting [street]
2021-11-19T10:23:44,392|[DEBUG] Ejb3Column - Binding column: Ejb3Column{table=org.hibernate.mapping.Table(address), mappingColumn=street, insertable=true, updatable=true, unique=false}
2021-11-19T10:23:44,392|[DEBUG] PropertyBinder - MetadataSourceProcessor property street with lazy=false
2021-11-19T10:23:44,392|[DEBUG] AbstractPropertyHolder - Attempting to locate auto-apply AttributeConverter for property [bloodbank.entity.Address:street]
2021-11-19T10:23:44,392|[DEBUG] SimpleValueBinder - building SimpleValue for street
2021-11-19T10:23:44,392|[TRACE] NormalizingIdentifierHelperImpl - Normalizing identifier quoting [street]
2021-11-19T10:23:44,392|[TRACE] NormalizingIdentifierHelperImpl - Normalizing identifier quoting [street]
2021-11-19T10:23:44,392|[TRACE] NormalizingIdentifierHelperImpl - Normalizing identifier quoting [street]
2021-11-19T10:23:44,392|[DEBUG] PropertyBinder - Building property street
2021-11-19T10:23:44,392|[TRACE] PropertyBinder - Cascading street with null
2021-11-19T10:23:44,392|[TRACE] AnnotationBinder - Processing annotations of bloodbank.entity.Address.streetNumber
2021-11-19T10:23:44,392|[TRACE] NormalizingIdentifierHelperImpl - Normalizing identifier quoting [street_number]
2021-11-19T10:23:44,392|[TRACE] NormalizingIdentifierHelperImpl - Normalizing identifier quoting [street_number]
2021-11-19T10:23:44,392|[DEBUG] Ejb3Column - Binding column: Ejb3Column{table=org.hibernate.mapping.Table(address), mappingColumn=street_number, insertable=true, updatable=true, unique=false}
2021-11-19T10:23:44,392|[DEBUG] PropertyBinder - MetadataSourceProcessor property streetNumber with lazy=false
2021-11-19T10:23:44,392|[DEBUG] AbstractPropertyHolder - Attempting to locate auto-apply AttributeConverter for property [bloodbank.entity.Address:streetNumber]
2021-11-19T10:23:44,392|[DEBUG] SimpleValueBinder - building SimpleValue for streetNumber
2021-11-19T10:23:44,392|[TRACE] NormalizingIdentifierHelperImpl - Normalizing identifier quoting [street_number]
2021-11-19T10:23:44,392|[DEBUG] PropertyBinder - Building property streetNumber
2021-11-19T10:23:44,392|[TRACE] PropertyBinder - Cascading streetNumber with null
2021-11-19T10:23:44,392|[TRACE] AnnotationBinder - Processing annotations of bloodbank.entity.Address.zipcode
2021-11-19T10:23:44,392|[TRACE] NormalizingIdentifierHelperImpl - Normalizing identifier quoting [zipcode]
2021-11-19T10:23:44,392|[TRACE] NormalizingIdentifierHelperImpl - Normalizing identifier quoting [zipcode]
2021-11-19T10:23:44,392|[DEBUG] Ejb3Column - Binding column: Ejb3Column{table=org.hibernate.mapping.Table(address), mappingColumn=zipcode, insertable=true, updatable=true, unique=false}
2021-11-19T10:23:44,392|[DEBUG] PropertyBinder - MetadataSourceProcessor property zipcode with lazy=false
2021-11-19T10:23:44,392|[DEBUG] AbstractPropertyHolder - Attempting to locate auto-apply AttributeConverter for property [bloodbank.entity.Address:zipcode]
2021-11-19T10:23:44,392|[DEBUG] SimpleValueBinder - building SimpleValue for zipcode
2021-11-19T10:23:44,392|[TRACE] NormalizingIdentifierHelperImpl - Normalizing identifier quoting [zipcode]
2021-11-19T10:23:44,392|[TRACE] NormalizingIdentifierHelperImpl - Normalizing identifier quoting [zipcode]
2021-11-19T10:23:44,392|[TRACE] NormalizingIdentifierHelperImpl - Normalizing identifier quoting [zipcode]
2021-11-19T10:23:44,392|[DEBUG] PropertyBinder - Building property zipcode
2021-11-19T10:23:44,392|[TRACE] PropertyBinder - Cascading zipcode with null
2021-11-19T10:23:44,392|[DEBUG] AnnotationBinder - Binding entity from annotated class: bloodbank.entity.Person
2021-11-19T10:23:44,392|[TRACE] NormalizingIdentifierHelperImpl - Normalizing identifier quoting [DTYPE]
2021-11-19T10:23:44,393|[DEBUG] Ejb3Column - Binding column: Ejb3DiscriminatorColumn{logicalColumnName'DTYPE', discriminatorTypeName='string'}
2021-11-19T10:23:44,393|[DEBUG] EntityBinder - Import with entity name Person
2021-11-19T10:23:44,393|[TRACE] InFlightMetadataCollectorImpl - Import: Person -> bloodbank.entity.Person
2021-11-19T10:23:44,393|[TRACE] InFlightMetadataCollectorImpl - Import: bloodbank.entity.Person -> bloodbank.entity.Person
2021-11-19T10:23:44,393|[TRACE] NormalizingIdentifierHelperImpl - Normalizing identifier quoting [person]
2021-11-19T10:23:44,393|[TRACE] NormalizingIdentifierHelperImpl - Normalizing identifier quoting [person]
2021-11-19T10:23:44,393|[DEBUG] EntityBinder - Bind entity bloodbank.entity.Person on table person
2021-11-19T10:23:44,393|[TRACE] AnnotationBinder - Processing annotations of bloodbank.entity.Person.id
2021-11-19T10:23:44,393|[TRACE] NormalizingIdentifierHelperImpl - Normalizing identifier quoting [id]
2021-11-19T10:23:44,393|[TRACE] NormalizingIdentifierHelperImpl - Normalizing identifier quoting [id]
2021-11-19T10:23:44,393|[DEBUG] Ejb3Column - Binding column: Ejb3Column{table=org.hibernate.mapping.Table(person), mappingColumn=id, insertable=true, updatable=true, unique=false}
2021-11-19T10:23:44,393|[DEBUG] ClassLoaderAccessImpl - Not known whether passed class name [bloodbank.entity.Person] is safe
2021-11-19T10:23:44,393|[DEBUG] ClassLoaderAccessImpl - No temp ClassLoader provided; using live ClassLoader for loading potentially unsafe class : bloodbank.entity.Person
2021-11-19T10:23:44,393|[DEBUG] PropertyBinder - MetadataSourceProcessor property id with lazy=false
2021-11-19T10:23:44,393|[DEBUG] AbstractPropertyHolder - Attempting to locate auto-apply AttributeConverter for property [bloodbank.entity.Person:id]
2021-11-19T10:23:44,393|[DEBUG] SimpleValueBinder - building SimpleValue for id
2021-11-19T10:23:44,393|[TRACE] NormalizingIdentifierHelperImpl - Normalizing identifier quoting [id]
2021-11-19T10:23:44,393|[TRACE] NormalizingIdentifierHelperImpl - Normalizing identifier quoting [id]
2021-11-19T10:23:44,393|[TRACE] NormalizingIdentifierHelperImpl - Normalizing identifier quoting [id]
2021-11-19T10:23:44,393|[DEBUG] PropertyBinder - Building property id
2021-11-19T10:23:44,393|[TRACE] PropertyBinder - Cascading id with null
2021-11-19T10:23:44,393|[DEBUG] BinderHelper - #makeIdGenerator(org.hibernate.mapping.SimpleValue([org.hibernate.mapping.Column(id)]), id, identity, , ...)
2021-11-19T10:23:44,393|[TRACE] AnnotationBinder - Bind @Id on id
2021-11-19T10:23:44,393|[TRACE] AnnotationBinder - Processing annotations of bloodbank.entity.Person.epochCreated
2021-11-19T10:23:44,393|[TRACE] NormalizingIdentifierHelperImpl - Normalizing identifier quoting [created]
2021-11-19T10:23:44,393|[TRACE] NormalizingIdentifierHelperImpl - Normalizing identifier quoting [created]
2021-11-19T10:23:44,393|[DEBUG] Ejb3Column - Binding column: Ejb3Column{table=org.hibernate.mapping.Table(person), mappingColumn=created, insertable=true, updatable=true, unique=false}
2021-11-19T10:23:44,393|[DEBUG] PropertyBinder - MetadataSourceProcessor property epochCreated with lazy=false
2021-11-19T10:23:44,393|[DEBUG] AbstractPropertyHolder - Attempting to locate auto-apply AttributeConverter for property [bloodbank.entity.Person:epochCreated]
2021-11-19T10:23:44,393|[DEBUG] SimpleValueBinder - building SimpleValue for epochCreated
2021-11-19T10:23:44,393|[TRACE] NormalizingIdentifierHelperImpl - Normalizing identifier quoting [created]
2021-11-19T10:23:44,393|[DEBUG] PropertyBinder - Building property epochCreated
2021-11-19T10:23:44,393|[TRACE] PropertyBinder - Cascading epochCreated with null
2021-11-19T10:23:44,393|[TRACE] AnnotationBinder - Processing annotations of bloodbank.entity.Person.epochUpdated
2021-11-19T10:23:44,393|[TRACE] NormalizingIdentifierHelperImpl - Normalizing identifier quoting [updated]
2021-11-19T10:23:44,393|[TRACE] NormalizingIdentifierHelperImpl - Normalizing identifier quoting [updated]
2021-11-19T10:23:44,393|[DEBUG] Ejb3Column - Binding column: Ejb3Column{table=org.hibernate.mapping.Table(person), mappingColumn=updated, insertable=true, updatable=true, unique=false}
2021-11-19T10:23:44,394|[DEBUG] PropertyBinder - MetadataSourceProcessor property epochUpdated with lazy=false
2021-11-19T10:23:44,394|[DEBUG] AbstractPropertyHolder - Attempting to locate auto-apply AttributeConverter for property [bloodbank.entity.Person:epochUpdated]
2021-11-19T10:23:44,394|[DEBUG] SimpleValueBinder - building SimpleValue for epochUpdated
2021-11-19T10:23:44,394|[TRACE] NormalizingIdentifierHelperImpl - Normalizing identifier quoting [updated]
2021-11-19T10:23:44,394|[DEBUG] PropertyBinder - Building property epochUpdated
2021-11-19T10:23:44,394|[TRACE] PropertyBinder - Cascading epochUpdated with null
2021-11-19T10:23:44,394|[TRACE] AnnotationBinder - Processing annotations of bloodbank.entity.Person.version
2021-11-19T10:23:44,394|[TRACE] NormalizingIdentifierHelperImpl - Normalizing identifier quoting [version]
2021-11-19T10:23:44,394|[TRACE] NormalizingIdentifierHelperImpl - Normalizing identifier quoting [version]
2021-11-19T10:23:44,394|[DEBUG] Ejb3Column - Binding column: Ejb3Column{table=org.hibernate.mapping.Table(person), mappingColumn=version, insertable=true, updatable=true, unique=false}
2021-11-19T10:23:44,394|[TRACE] AnnotationBinder - version is a version property
2021-11-19T10:23:44,394|[DEBUG] PropertyBinder - MetadataSourceProcessor property version with lazy=false
2021-11-19T10:23:44,394|[DEBUG] AbstractPropertyHolder - Attempting to locate auto-apply AttributeConverter for property [bloodbank.entity.Person:version]
2021-11-19T10:23:44,394|[DEBUG] SimpleValueBinder - building SimpleValue for version
2021-11-19T10:23:44,394|[TRACE] NormalizingIdentifierHelperImpl - Normalizing identifier quoting [version]
2021-11-19T10:23:44,394|[TRACE] NormalizingIdentifierHelperImpl - Normalizing identifier quoting [version]
2021-11-19T10:23:44,394|[TRACE] NormalizingIdentifierHelperImpl - Normalizing identifier quoting [version]
2021-11-19T10:23:44,394|[DEBUG] PropertyBinder - Building property version
2021-11-19T10:23:44,394|[TRACE] PropertyBinder - Cascading version with null
2021-11-19T10:23:44,394|[TRACE] AnnotationBinder - Version name: version, unsavedValue: undefined
2021-11-19T10:23:44,394|[TRACE] AnnotationBinder - Processing annotations of bloodbank.entity.Person.contacts
2021-11-19T10:23:44,394|[DEBUG] Ejb3Column - Binding column: Ejb3JoinColumn{logicalColumnName='null', referencedColumn='null', mappedBy='owner'}
2021-11-19T10:23:44,394|[TRACE] NormalizingIdentifierHelperImpl - Normalizing identifier quoting [contacts]
2021-11-19T10:23:44,394|[TRACE] NormalizingIdentifierHelperImpl - Normalizing identifier quoting [contacts]
2021-11-19T10:23:44,394|[DEBUG] Ejb3Column - Binding column: Ejb3Column{table=org.hibernate.mapping.Table(person), mappingColumn=contacts, insertable=true, updatable=true, unique=false}
2021-11-19T10:23:44,394|[DEBUG] Ejb3Column - Binding column: Ejb3Column{table=org.hibernate.mapping.Table(person), mappingColumn=null, insertable=true, updatable=true, unique=false}
2021-11-19T10:23:44,394|[TRACE] NormalizingIdentifierHelperImpl - Normalizing identifier quoting [element]
2021-11-19T10:23:44,394|[TRACE] NormalizingIdentifierHelperImpl - Normalizing identifier quoting [element]
2021-11-19T10:23:44,394|[DEBUG] Ejb3Column - Binding column: Ejb3Column{table=org.hibernate.mapping.Table(person), mappingColumn=element, insertable=true, updatable=true, unique=false}
2021-11-19T10:23:44,394|[TRACE] NormalizingIdentifierHelperImpl - Normalizing identifier quoting [contacts_KEY]
2021-11-19T10:23:44,394|[DEBUG] Ejb3Column - Binding column: Ejb3Column{table=org.hibernate.mapping.Table(person), mappingColumn=contacts_KEY, insertable=true, updatable=true, unique=false}
2021-11-19T10:23:44,394|[TRACE] NormalizingIdentifierHelperImpl - Normalizing identifier quoting [contacts_KEY]
2021-11-19T10:23:44,394|[DEBUG] Ejb3Column - Binding column: Ejb3JoinColumn{logicalColumnName='contacts_KEY', referencedColumn='null', mappedBy='null'}
2021-11-19T10:23:44,394|[DEBUG] Ejb3Column - Binding column: Ejb3JoinColumn{logicalColumnName='null', referencedColumn='null', mappedBy='owner'}
2021-11-19T10:23:44,394|[DEBUG] Ejb3Column - Binding column: Ejb3JoinColumn{logicalColumnName='null', referencedColumn='null', mappedBy='owner'}
2021-11-19T10:23:44,394|[DEBUG] CollectionBinder - Collection role: bloodbank.entity.Person.contacts
2021-11-19T10:23:44,394|[DEBUG] PropertyBinder - Building property contacts
2021-11-19T10:23:44,394|[TRACE] PropertyBinder - Cascading contacts with persist,merge,refresh,evict
2021-11-19T10:23:44,394|[TRACE] AnnotationBinder - Processing annotations of bloodbank.entity.Person.donations
2021-11-19T10:23:44,395|[DEBUG] Ejb3Column - Binding column: Ejb3JoinColumn{logicalColumnName='null', referencedColumn='null', mappedBy='owner'}
2021-11-19T10:23:44,395|[TRACE] NormalizingIdentifierHelperImpl - Normalizing identifier quoting [donations]
2021-11-19T10:23:44,395|[TRACE] NormalizingIdentifierHelperImpl - Normalizing identifier quoting [donations]
2021-11-19T10:23:44,395|[DEBUG] Ejb3Column - Binding column: Ejb3Column{table=org.hibernate.mapping.Table(person), mappingColumn=donations, insertable=true, updatable=true, unique=false}
2021-11-19T10:23:44,395|[DEBUG] Ejb3Column - Binding column: Ejb3Column{table=org.hibernate.mapping.Table(person), mappingColumn=null, insertable=true, updatable=true, unique=false}
2021-11-19T10:23:44,395|[TRACE] NormalizingIdentifierHelperImpl - Normalizing identifier quoting [element]
2021-11-19T10:23:44,395|[TRACE] NormalizingIdentifierHelperImpl - Normalizing identifier quoting [element]
2021-11-19T10:23:44,395|[DEBUG] Ejb3Column - Binding column: Ejb3Column{table=org.hibernate.mapping.Table(person), mappingColumn=element, insertable=true, updatable=true, unique=false}
2021-11-19T10:23:44,395|[TRACE] NormalizingIdentifierHelperImpl - Normalizing identifier quoting [donations_KEY]
2021-11-19T10:23:44,395|[DEBUG] Ejb3Column - Binding column: Ejb3Column{table=org.hibernate.mapping.Table(person), mappingColumn=donations_KEY, insertable=true, updatable=true, unique=false}
2021-11-19T10:23:44,395|[TRACE] NormalizingIdentifierHelperImpl - Normalizing identifier quoting [donations_KEY]
2021-11-19T10:23:44,395|[DEBUG] Ejb3Column - Binding column: Ejb3JoinColumn{logicalColumnName='donations_KEY', referencedColumn='null', mappedBy='null'}
2021-11-19T10:23:44,395|[DEBUG] Ejb3Column - Binding column: Ejb3JoinColumn{logicalColumnName='null', referencedColumn='null', mappedBy='owner'}
2021-11-19T10:23:44,395|[DEBUG] Ejb3Column - Binding column: Ejb3JoinColumn{logicalColumnName='null', referencedColumn='null', mappedBy='owner'}
2021-11-19T10:23:44,418|[DEBUG] CollectionBinder - Collection role: bloodbank.entity.Person.donations
2021-11-19T10:23:44,418|[DEBUG] PropertyBinder - Building property donations
2021-11-19T10:23:44,418|[TRACE] PropertyBinder - Cascading donations with persist,merge,refresh,evict
2021-11-19T10:23:44,418|[TRACE] AnnotationBinder - Processing annotations of bloodbank.entity.Person.firstName
2021-11-19T10:23:44,418|[TRACE] NormalizingIdentifierHelperImpl - Normalizing identifier quoting [first_name]
2021-11-19T10:23:44,418|[TRACE] NormalizingIdentifierHelperImpl - Normalizing identifier quoting [first_name]
2021-11-19T10:23:44,418|[DEBUG] Ejb3Column - Binding column: Ejb3Column{table=org.hibernate.mapping.Table(person), mappingColumn=first_name, insertable=true, updatable=true, unique=false}
2021-11-19T10:23:44,418|[DEBUG] PropertyBinder - MetadataSourceProcessor property firstName with lazy=false
2021-11-19T10:23:44,418|[DEBUG] AbstractPropertyHolder - Attempting to locate auto-apply AttributeConverter for property [bloodbank.entity.Person:firstName]
2021-11-19T10:23:44,418|[DEBUG] SimpleValueBinder - building SimpleValue for firstName
2021-11-19T10:23:44,418|[TRACE] NormalizingIdentifierHelperImpl - Normalizing identifier quoting [first_name]
2021-11-19T10:23:44,418|[DEBUG] PropertyBinder - Building property firstName
2021-11-19T10:23:44,419|[TRACE] PropertyBinder - Cascading firstName with null
2021-11-19T10:23:44,419|[TRACE] AnnotationBinder - Processing annotations of bloodbank.entity.Person.lastName
2021-11-19T10:23:44,419|[TRACE] NormalizingIdentifierHelperImpl - Normalizing identifier quoting [last_name]
2021-11-19T10:23:44,419|[TRACE] NormalizingIdentifierHelperImpl - Normalizing identifier quoting [last_name]
2021-11-19T10:23:44,419|[DEBUG] Ejb3Column - Binding column: Ejb3Column{table=org.hibernate.mapping.Table(person), mappingColumn=last_name, insertable=true, updatable=true, unique=false}
2021-11-19T10:23:44,419|[DEBUG] PropertyBinder - MetadataSourceProcessor property lastName with lazy=false
2021-11-19T10:23:44,419|[DEBUG] AbstractPropertyHolder - Attempting to locate auto-apply AttributeConverter for property [bloodbank.entity.Person:lastName]
2021-11-19T10:23:44,419|[DEBUG] SimpleValueBinder - building SimpleValue for lastName
2021-11-19T10:23:44,419|[TRACE] NormalizingIdentifierHelperImpl - Normalizing identifier quoting [last_name]
2021-11-19T10:23:44,419|[DEBUG] PropertyBinder - Building property lastName
2021-11-19T10:23:44,419|[TRACE] PropertyBinder - Cascading lastName with null
2021-11-19T10:23:44,419|[DEBUG] AnnotationBinder - Binding entity from annotated class: bloodbank.entity.PublicBloodBank
2021-11-19T10:23:44,419|[DEBUG] EntityBinder - Import with entity name PublicBloodBank
2021-11-19T10:23:44,419|[TRACE] InFlightMetadataCollectorImpl - Import: PublicBloodBank -> bloodbank.entity.PublicBloodBank
2021-11-19T10:23:44,419|[TRACE] InFlightMetadataCollectorImpl - Import: bloodbank.entity.PublicBloodBank -> bloodbank.entity.PublicBloodBank
2021-11-19T10:23:44,419|[TRACE] NormalizingIdentifierHelperImpl - Normalizing identifier quoting [blood_bank]
2021-11-19T10:23:44,419|[DEBUG] AnnotationBinder - Binding entity from annotated class: bloodbank.entity.DonationRecord
2021-11-19T10:23:44,419|[TRACE] NormalizingIdentifierHelperImpl - Normalizing identifier quoting [DTYPE]
2021-11-19T10:23:44,419|[DEBUG] Ejb3Column - Binding column: Ejb3DiscriminatorColumn{logicalColumnName'DTYPE', discriminatorTypeName='string'}
2021-11-19T10:23:44,419|[DEBUG] EntityBinder - Import with entity name DonationRecord
2021-11-19T10:23:44,419|[TRACE] InFlightMetadataCollectorImpl - Import: DonationRecord -> bloodbank.entity.DonationRecord
2021-11-19T10:23:44,419|[TRACE] InFlightMetadataCollectorImpl - Import: bloodbank.entity.DonationRecord -> bloodbank.entity.DonationRecord
2021-11-19T10:23:44,419|[TRACE] NormalizingIdentifierHelperImpl - Normalizing identifier quoting [donation_record]
2021-11-19T10:23:44,419|[TRACE] NormalizingIdentifierHelperImpl - Normalizing identifier quoting [donation_record]
2021-11-19T10:23:44,419|[DEBUG] EntityBinder - Bind entity bloodbank.entity.DonationRecord on table donation_record
2021-11-19T10:23:44,420|[TRACE] AnnotationBinder - Processing annotations of bloodbank.entity.DonationRecord.id
2021-11-19T10:23:44,420|[DEBUG] Ejb3Column - Column(s) overridden for property id
2021-11-19T10:23:44,420|[TRACE] NormalizingIdentifierHelperImpl - Normalizing identifier quoting [record_id]
2021-11-19T10:23:44,420|[TRACE] NormalizingIdentifierHelperImpl - Normalizing identifier quoting [record_id]
2021-11-19T10:23:44,420|[DEBUG] Ejb3Column - Binding column: Ejb3Column{table=org.hibernate.mapping.Table(donation_record), mappingColumn=record_id, insertable=true, updatable=true, unique=false}
2021-11-19T10:23:44,420|[DEBUG] ClassLoaderAccessImpl - Not known whether passed class name [bloodbank.entity.DonationRecord] is safe
2021-11-19T10:23:44,420|[DEBUG] ClassLoaderAccessImpl - No temp ClassLoader provided; using live ClassLoader for loading potentially unsafe class : bloodbank.entity.DonationRecord
2021-11-19T10:23:44,420|[DEBUG] PropertyBinder - MetadataSourceProcessor property id with lazy=false
2021-11-19T10:23:44,420|[DEBUG] AbstractPropertyHolder - Attempting to locate auto-apply AttributeConverter for property [bloodbank.entity.DonationRecord:id]
2021-11-19T10:23:44,420|[DEBUG] SimpleValueBinder - building SimpleValue for id
2021-11-19T10:23:44,420|[TRACE] NormalizingIdentifierHelperImpl - Normalizing identifier quoting [record_id]
2021-11-19T10:23:44,420|[DEBUG] PropertyBinder - Building property id
2021-11-19T10:23:44,420|[TRACE] PropertyBinder - Cascading id with null
2021-11-19T10:23:44,420|[DEBUG] BinderHelper - #makeIdGenerator(org.hibernate.mapping.SimpleValue([org.hibernate.mapping.Column(record_id)]), id, identity, , ...)
2021-11-19T10:23:44,420|[TRACE] AnnotationBinder - Bind @Id on id
2021-11-19T10:23:44,420|[TRACE] AnnotationBinder - Processing annotations of bloodbank.entity.DonationRecord.epochCreated
2021-11-19T10:23:44,420|[TRACE] NormalizingIdentifierHelperImpl - Normalizing identifier quoting [created]
2021-11-19T10:23:44,420|[TRACE] NormalizingIdentifierHelperImpl - Normalizing identifier quoting [created]
2021-11-19T10:23:44,420|[DEBUG] Ejb3Column - Binding column: Ejb3Column{table=org.hibernate.mapping.Table(donation_record), mappingColumn=created, insertable=true, updatable=true, unique=false}
2021-11-19T10:23:44,420|[DEBUG] PropertyBinder - MetadataSourceProcessor property epochCreated with lazy=false
2021-11-19T10:23:44,420|[DEBUG] AbstractPropertyHolder - Attempting to locate auto-apply AttributeConverter for property [bloodbank.entity.DonationRecord:epochCreated]
2021-11-19T10:23:44,420|[DEBUG] SimpleValueBinder - building SimpleValue for epochCreated
2021-11-19T10:23:44,420|[TRACE] NormalizingIdentifierHelperImpl - Normalizing identifier quoting [created]
2021-11-19T10:23:44,420|[DEBUG] PropertyBinder - Building property epochCreated
2021-11-19T10:23:44,420|[TRACE] PropertyBinder - Cascading epochCreated with null
2021-11-19T10:23:44,420|[TRACE] AnnotationBinder - Processing annotations of bloodbank.entity.DonationRecord.epochUpdated
2021-11-19T10:23:44,420|[TRACE] NormalizingIdentifierHelperImpl - Normalizing identifier quoting [updated]
2021-11-19T10:23:44,420|[TRACE] NormalizingIdentifierHelperImpl - Normalizing identifier quoting [updated]
2021-11-19T10:23:44,420|[DEBUG] Ejb3Column - Binding column: Ejb3Column{table=org.hibernate.mapping.Table(donation_record), mappingColumn=updated, insertable=true, updatable=true, unique=false}
2021-11-19T10:23:44,420|[DEBUG] PropertyBinder - MetadataSourceProcessor property epochUpdated with lazy=false
2021-11-19T10:23:44,420|[DEBUG] AbstractPropertyHolder - Attempting to locate auto-apply AttributeConverter for property [bloodbank.entity.DonationRecord:epochUpdated]
2021-11-19T10:23:44,420|[DEBUG] SimpleValueBinder - building SimpleValue for epochUpdated
2021-11-19T10:23:44,420|[TRACE] NormalizingIdentifierHelperImpl - Normalizing identifier quoting [updated]
2021-11-19T10:23:44,420|[DEBUG] PropertyBinder - Building property epochUpdated
2021-11-19T10:23:44,420|[TRACE] PropertyBinder - Cascading epochUpdated with null
2021-11-19T10:23:44,420|[TRACE] AnnotationBinder - Processing annotations of bloodbank.entity.DonationRecord.version
2021-11-19T10:23:44,421|[TRACE] NormalizingIdentifierHelperImpl - Normalizing identifier quoting [version]
2021-11-19T10:23:44,421|[TRACE] NormalizingIdentifierHelperImpl - Normalizing identifier quoting [version]
2021-11-19T10:23:44,421|[DEBUG] Ejb3Column - Binding column: Ejb3Column{table=org.hibernate.mapping.Table(donation_record), mappingColumn=version, insertable=true, updatable=true, unique=false}
2021-11-19T10:23:44,421|[TRACE] AnnotationBinder - version is a version property
2021-11-19T10:23:44,421|[DEBUG] PropertyBinder - MetadataSourceProcessor property version with lazy=false
2021-11-19T10:23:44,421|[DEBUG] AbstractPropertyHolder - Attempting to locate auto-apply AttributeConverter for property [bloodbank.entity.DonationRecord:version]
2021-11-19T10:23:44,421|[DEBUG] SimpleValueBinder - building SimpleValue for version
2021-11-19T10:23:44,421|[TRACE] NormalizingIdentifierHelperImpl - Normalizing identifier quoting [version]
2021-11-19T10:23:44,421|[TRACE] NormalizingIdentifierHelperImpl - Normalizing identifier quoting [version]
2021-11-19T10:23:44,421|[TRACE] NormalizingIdentifierHelperImpl - Normalizing identifier quoting [version]
2021-11-19T10:23:44,421|[DEBUG] PropertyBinder - Building property version
2021-11-19T10:23:44,421|[TRACE] PropertyBinder - Cascading version with null
2021-11-19T10:23:44,421|[TRACE] AnnotationBinder - Version name: version, unsavedValue: undefined
2021-11-19T10:23:44,421|[TRACE] AnnotationBinder - Processing annotations of bloodbank.entity.DonationRecord.donation
2021-11-19T10:23:44,421|[TRACE] NormalizingIdentifierHelperImpl - Normalizing identifier quoting [donation_id]
2021-11-19T10:23:44,421|[DEBUG] Ejb3Column - Binding column: Ejb3JoinColumn{logicalColumnName='donation_id', referencedColumn='donation_id', mappedBy=''}
2021-11-19T10:23:44,421|[TRACE] NormalizingIdentifierHelperImpl - Normalizing identifier quoting [donation]
2021-11-19T10:23:44,421|[TRACE] NormalizingIdentifierHelperImpl - Normalizing identifier quoting [donation]
2021-11-19T10:23:44,421|[DEBUG] Ejb3Column - Binding column: Ejb3Column{table=org.hibernate.mapping.Table(donation_record), mappingColumn=donation, insertable=true, updatable=true, unique=false}
2021-11-19T10:23:44,421|[TRACE] AnnotationBinder - Fetching donation with JOIN
2021-11-19T10:23:44,421|[DEBUG] PropertyBinder - Building property donation
2021-11-19T10:23:44,421|[TRACE] PropertyBinder - Cascading donation with all
2021-11-19T10:23:44,421|[TRACE] AnnotationBinder - Processing annotations of bloodbank.entity.DonationRecord.owner
2021-11-19T10:23:44,421|[TRACE] NormalizingIdentifierHelperImpl - Normalizing identifier quoting [person_id]
2021-11-19T10:23:44,421|[DEBUG] Ejb3Column - Binding column: Ejb3JoinColumn{logicalColumnName='person_id', referencedColumn='id', mappedBy=''}
2021-11-19T10:23:44,421|[TRACE] NormalizingIdentifierHelperImpl - Normalizing identifier quoting [owner]
2021-11-19T10:23:44,421|[TRACE] NormalizingIdentifierHelperImpl - Normalizing identifier quoting [owner]
2021-11-19T10:23:44,422|[DEBUG] Ejb3Column - Binding column: Ejb3Column{table=org.hibernate.mapping.Table(donation_record), mappingColumn=owner, insertable=true, updatable=true, unique=false}
2021-11-19T10:23:44,422|[DEBUG] PropertyBinder - Building property owner
2021-11-19T10:23:44,422|[TRACE] PropertyBinder - Cascading owner with none
2021-11-19T10:23:44,422|[TRACE] AnnotationBinder - Processing annotations of bloodbank.entity.DonationRecord.tested
2021-11-19T10:23:44,422|[TRACE] NormalizingIdentifierHelperImpl - Normalizing identifier quoting [tested]
2021-11-19T10:23:44,422|[TRACE] NormalizingIdentifierHelperImpl - Normalizing identifier quoting [tested]
2021-11-19T10:23:44,422|[DEBUG] Ejb3Column - Binding column: Ejb3Column{table=org.hibernate.mapping.Table(donation_record), mappingColumn=tested, insertable=true, updatable=true, unique=false}
2021-11-19T10:23:44,422|[DEBUG] PropertyBinder - MetadataSourceProcessor property tested with lazy=false
2021-11-19T10:23:44,422|[DEBUG] AbstractPropertyHolder - Attempting to locate auto-apply AttributeConverter for property [bloodbank.entity.DonationRecord:tested]
2021-11-19T10:23:44,422|[DEBUG] SimpleValueBinder - building SimpleValue for tested
2021-11-19T10:23:44,422|[TRACE] NormalizingIdentifierHelperImpl - Normalizing identifier quoting [tested]
2021-11-19T10:23:44,422|[TRACE] NormalizingIdentifierHelperImpl - Normalizing identifier quoting [tested]
2021-11-19T10:23:44,422|[TRACE] NormalizingIdentifierHelperImpl - Normalizing identifier quoting [tested]
2021-11-19T10:23:44,422|[DEBUG] PropertyBinder - Building property tested
2021-11-19T10:23:44,422|[TRACE] PropertyBinder - Cascading tested with null
2021-11-19T10:23:44,423|[DEBUG] SimpleValueBinder - Starting fillSimpleValue for personId
2021-11-19T10:23:44,423|[DEBUG] SimpleValueBinder - Starting fillSimpleValue for phoneId
2021-11-19T10:23:44,423|[DEBUG] SimpleValueBinder - Starting fillSimpleValue for epochCreated
2021-11-19T10:23:44,423|[DEBUG] SimpleValueBinder - Starting fillSimpleValue for epochUpdated
2021-11-19T10:23:44,423|[DEBUG] SimpleValueBinder - Starting fillSimpleValue for version
2021-11-19T10:23:44,423|[DEBUG] SimpleValueBinder - Starting fillSimpleValue for contactType
2021-11-19T10:23:44,423|[DEBUG] SimpleValueBinder - Starting fillSimpleValue for email
2021-11-19T10:23:44,423|[DEBUG] SimpleValueBinder - Starting fillSimpleValue for id
2021-11-19T10:23:44,423|[DEBUG] SimpleValueBinder - Starting fillSimpleValue for epochCreated
2021-11-19T10:23:44,423|[DEBUG] SimpleValueBinder - Starting fillSimpleValue for epochUpdated
2021-11-19T10:23:44,423|[DEBUG] SimpleValueBinder - Starting fillSimpleValue for version
2021-11-19T10:23:44,423|[DEBUG] SimpleValueBinder - Starting fillSimpleValue for areaCode
2021-11-19T10:23:44,423|[DEBUG] SimpleValueBinder - Starting fillSimpleValue for countryCode
2021-11-19T10:23:44,423|[DEBUG] SimpleValueBinder - Starting fillSimpleValue for number
2021-11-19T10:23:44,423|[DEBUG] SimpleValueBinder - Starting fillSimpleValue for id
2021-11-19T10:23:44,423|[DEBUG] SimpleValueBinder - Starting fillSimpleValue for epochCreated
2021-11-19T10:23:44,423|[DEBUG] SimpleValueBinder - Starting fillSimpleValue for epochUpdated
2021-11-19T10:23:44,423|[DEBUG] SimpleValueBinder - Starting fillSimpleValue for version
2021-11-19T10:23:44,423|[DEBUG] SimpleValueBinder - Starting fillSimpleValue for bloodGroup
2021-11-19T10:23:44,423|[DEBUG] SimpleValueBinder - Starting fillSimpleValue for rhd
2021-11-19T10:23:44,423|[DEBUG] SimpleValueBinder - Starting fillSimpleValue for milliliters
2021-11-19T10:23:44,423|[DEBUG] SimpleValueBinder - Starting fillSimpleValue for id
2021-11-19T10:23:44,423|[DEBUG] SimpleValueBinder - Starting fillSimpleValue for epochCreated
2021-11-19T10:23:44,423|[DEBUG] SimpleValueBinder - Starting fillSimpleValue for epochUpdated
2021-11-19T10:23:44,423|[DEBUG] SimpleValueBinder - Starting fillSimpleValue for version
2021-11-19T10:23:44,424|[DEBUG] SimpleValueBinder - Starting fillSimpleValue for name
2021-11-19T10:23:44,424|[DEBUG] SimpleValueBinder - Starting fillSimpleValue for id
2021-11-19T10:23:44,424|[DEBUG] SimpleValueBinder - Starting fillSimpleValue for epochCreated
2021-11-19T10:23:44,424|[DEBUG] SimpleValueBinder - Starting fillSimpleValue for epochUpdated
2021-11-19T10:23:44,424|[DEBUG] SimpleValueBinder - Starting fillSimpleValue for version
2021-11-19T10:23:44,424|[DEBUG] SimpleValueBinder - Starting fillSimpleValue for city
2021-11-19T10:23:44,424|[DEBUG] SimpleValueBinder - Starting fillSimpleValue for country
2021-11-19T10:23:44,424|[DEBUG] SimpleValueBinder - Starting fillSimpleValue for province
2021-11-19T10:23:44,424|[DEBUG] SimpleValueBinder - Starting fillSimpleValue for street
2021-11-19T10:23:44,424|[DEBUG] SimpleValueBinder - Starting fillSimpleValue for streetNumber
2021-11-19T10:23:44,424|[DEBUG] SimpleValueBinder - Starting fillSimpleValue for zipcode
2021-11-19T10:23:44,424|[DEBUG] SimpleValueBinder - Starting fillSimpleValue for id
2021-11-19T10:23:44,424|[DEBUG] SimpleValueBinder - Starting fillSimpleValue for epochCreated
2021-11-19T10:23:44,424|[DEBUG] SimpleValueBinder - Starting fillSimpleValue for epochUpdated
2021-11-19T10:23:44,424|[DEBUG] SimpleValueBinder - Starting fillSimpleValue for version
2021-11-19T10:23:44,424|[DEBUG] SimpleValueBinder - Starting fillSimpleValue for firstName
2021-11-19T10:23:44,424|[DEBUG] SimpleValueBinder - Starting fillSimpleValue for lastName
2021-11-19T10:23:44,424|[DEBUG] SimpleValueBinder - Starting fillSimpleValue for id
2021-11-19T10:23:44,424|[DEBUG] SimpleValueBinder - Starting fillSimpleValue for epochCreated
2021-11-19T10:23:44,424|[DEBUG] SimpleValueBinder - Starting fillSimpleValue for epochUpdated
2021-11-19T10:23:44,424|[DEBUG] SimpleValueBinder - Starting fillSimpleValue for version
2021-11-19T10:23:44,424|[DEBUG] SimpleValueBinder - Starting fillSimpleValue for tested
2021-11-19T10:23:44,424|[TRACE] NormalizingIdentifierHelperImpl - Normalizing identifier quoting [address_id]
2021-11-19T10:23:44,424|[TRACE] NormalizingIdentifierHelperImpl - Normalizing identifier quoting [address_id]
2021-11-19T10:23:44,424|[TRACE] NormalizingIdentifierHelperImpl - Normalizing identifier quoting [address_id]
2021-11-19T10:23:44,424|[TRACE] NormalizingIdentifierHelperImpl - Normalizing identifier quoting [address_id]
2021-11-19T10:23:44,424|[TRACE] NormalizingIdentifierHelperImpl - Normalizing identifier quoting [address_id]
2021-11-19T10:23:44,424|[TRACE] NormalizingIdentifierHelperImpl - Normalizing identifier quoting [address_id]
2021-11-19T10:23:44,424|[TRACE] NormalizingIdentifierHelperImpl - Normalizing identifier quoting [address_id]
2021-11-19T10:23:44,424|[TRACE] NormalizingIdentifierHelperImpl - Normalizing identifier quoting [address_id]
2021-11-19T10:23:44,424|[TRACE] NormalizingIdentifierHelperImpl - Normalizing identifier quoting [address_id]
2021-11-19T10:23:44,424|[TRACE] NormalizingIdentifierHelperImpl - Normalizing identifier quoting [id]
2021-11-19T10:23:44,424|[TRACE] NormalizingIdentifierHelperImpl - Normalizing identifier quoting [id]
2021-11-19T10:23:44,424|[TRACE] NormalizingIdentifierHelperImpl - Normalizing identifier quoting [id]
2021-11-19T10:23:44,424|[TRACE] NormalizingIdentifierHelperImpl - Normalizing identifier quoting [id]
2021-11-19T10:23:44,424|[TRACE] NormalizingIdentifierHelperImpl - Normalizing identifier quoting [id]
2021-11-19T10:23:44,424|[TRACE] NormalizingIdentifierHelperImpl - Normalizing identifier quoting [person_id]
2021-11-19T10:23:44,424|[TRACE] NormalizingIdentifierHelperImpl - Normalizing identifier quoting [id]
2021-11-19T10:23:44,424|[TRACE] NormalizingIdentifierHelperImpl - Normalizing identifier quoting [person_id]
2021-11-19T10:23:44,424|[TRACE] NormalizingIdentifierHelperImpl - Normalizing identifier quoting [person_id]
2021-11-19T10:23:44,424|[TRACE] NormalizingIdentifierHelperImpl - Normalizing identifier quoting [phone_id]
2021-11-19T10:23:44,424|[TRACE] NormalizingIdentifierHelperImpl - Normalizing identifier quoting [phone_id]
2021-11-19T10:23:44,424|[TRACE] NormalizingIdentifierHelperImpl - Normalizing identifier quoting [phone_id]
2021-11-19T10:23:44,424|[TRACE] NormalizingIdentifierHelperImpl - Normalizing identifier quoting [phone_id]
2021-11-19T10:23:44,424|[TRACE] NormalizingIdentifierHelperImpl - Normalizing identifier quoting [phone_id]
2021-11-19T10:23:44,424|[TRACE] NormalizingIdentifierHelperImpl - Normalizing identifier quoting [phone_id]
2021-11-19T10:23:44,424|[TRACE] NormalizingIdentifierHelperImpl - Normalizing identifier quoting [phone_id]
2021-11-19T10:23:44,424|[TRACE] NormalizingIdentifierHelperImpl - Normalizing identifier quoting [phone_id]
2021-11-19T10:23:44,424|[TRACE] NormalizingIdentifierHelperImpl - Normalizing identifier quoting [phone_id]
2021-11-19T10:23:44,425|[TRACE] NormalizingIdentifierHelperImpl - Normalizing identifier quoting [bank_id]
2021-11-19T10:23:44,425|[TRACE] NormalizingIdentifierHelperImpl - Normalizing identifier quoting [bank_id]
2021-11-19T10:23:44,425|[TRACE] NormalizingIdentifierHelperImpl - Normalizing identifier quoting [bank_id]
2021-11-19T10:23:44,425|[TRACE] NormalizingIdentifierHelperImpl - Normalizing identifier quoting [bank_id]
2021-11-19T10:23:44,425|[TRACE] NormalizingIdentifierHelperImpl - Normalizing identifier quoting [bank_id]
2021-11-19T10:23:44,425|[TRACE] NormalizingIdentifierHelperImpl - Normalizing identifier quoting [bank_id]
2021-11-19T10:23:44,425|[TRACE] NormalizingIdentifierHelperImpl - Normalizing identifier quoting [bank_id]
2021-11-19T10:23:44,425|[TRACE] NormalizingIdentifierHelperImpl - Normalizing identifier quoting [bank_id]
2021-11-19T10:23:44,425|[TRACE] NormalizingIdentifierHelperImpl - Normalizing identifier quoting [bank_id]
2021-11-19T10:23:44,425|[TRACE] NormalizingIdentifierHelperImpl - Normalizing identifier quoting [donation_id]
2021-11-19T10:23:44,425|[TRACE] NormalizingIdentifierHelperImpl - Normalizing identifier quoting [donation_id]
2021-11-19T10:23:44,425|[TRACE] NormalizingIdentifierHelperImpl - Normalizing identifier quoting [donation_id]
2021-11-19T10:23:44,425|[TRACE] NormalizingIdentifierHelperImpl - Normalizing identifier quoting [donation_id]
2021-11-19T10:23:44,425|[TRACE] NormalizingIdentifierHelperImpl - Normalizing identifier quoting [donation_id]
2021-11-19T10:23:44,425|[TRACE] NormalizingIdentifierHelperImpl - Normalizing identifier quoting [donation_id]
2021-11-19T10:23:44,425|[TRACE] NormalizingIdentifierHelperImpl - Normalizing identifier quoting [donation_id]
2021-11-19T10:23:44,425|[TRACE] NormalizingIdentifierHelperImpl - Normalizing identifier quoting [donation_id]
2021-11-19T10:23:44,425|[TRACE] NormalizingIdentifierHelperImpl - Normalizing identifier quoting [donation_id]
2021-11-19T10:23:44,425|[TRACE] NormalizingIdentifierHelperImpl - Normalizing identifier quoting [id]
2021-11-19T10:23:44,425|[TRACE] NormalizingIdentifierHelperImpl - Normalizing identifier quoting [id]
2021-11-19T10:23:44,425|[TRACE] NormalizingIdentifierHelperImpl - Normalizing identifier quoting [id]
2021-11-19T10:23:44,425|[TRACE] NormalizingIdentifierHelperImpl - Normalizing identifier quoting [id]
2021-11-19T10:23:44,425|[TRACE] NormalizingIdentifierHelperImpl - Normalizing identifier quoting [id]
2021-11-19T10:23:44,425|[TRACE] NormalizingIdentifierHelperImpl - Normalizing identifier quoting [person_id]
2021-11-19T10:23:44,425|[TRACE] NormalizingIdentifierHelperImpl - Normalizing identifier quoting [id]
2021-11-19T10:23:44,425|[TRACE] NormalizingIdentifierHelperImpl - Normalizing identifier quoting [person_id]
2021-11-19T10:23:44,425|[TRACE] NormalizingIdentifierHelperImpl - Normalizing identifier quoting [person_id]
2021-11-19T10:23:44,425|[DEBUG] PrimaryKey - Forcing column [person_id] to be non-null as it is part of the primary key for table [contact]
2021-11-19T10:23:44,425|[DEBUG] PrimaryKey - Forcing column [phone_id] to be non-null as it is part of the primary key for table [contact]
2021-11-19T10:23:44,425|[DEBUG] PrimaryKey - Forcing column [phone_id] to be non-null as it is part of the primary key for table [phone]
2021-11-19T10:23:44,425|[DEBUG] PrimaryKey - Forcing column [donation_id] to be non-null as it is part of the primary key for table [blood_donation]
2021-11-19T10:23:44,425|[DEBUG] PrimaryKey - Forcing column [bank_id] to be non-null as it is part of the primary key for table [blood_bank]
2021-11-19T10:23:44,425|[DEBUG] PrimaryKey - Forcing column [address_id] to be non-null as it is part of the primary key for table [address]
2021-11-19T10:23:44,426|[DEBUG] PrimaryKey - Forcing column [id] to be non-null as it is part of the primary key for table [person]
2021-11-19T10:23:44,426|[DEBUG] PrimaryKey - Forcing column [record_id] to be non-null as it is part of the primary key for table [donation_record]
2021-11-19T10:23:44,426|[DEBUG] CollectionSecondPass - Second pass for collection: bloodbank.entity.Address.contacts
2021-11-19T10:23:44,426|[DEBUG] CollectionBinder - Binding a OneToMany: bloodbank.entity.Address.contacts through a foreign key
2021-11-19T10:23:44,426|[DEBUG] CollectionBinder - Mapping collection: bloodbank.entity.Address.contacts -> contact
2021-11-19T10:23:44,426|[TRACE] NormalizingIdentifierHelperImpl - Normalizing identifier quoting [address_id]
2021-11-19T10:23:44,426|[TRACE] NormalizingIdentifierHelperImpl - Normalizing identifier quoting [address_id]
2021-11-19T10:23:44,426|[TRACE] NormalizingIdentifierHelperImpl - Normalizing identifier quoting [address_id]
2021-11-19T10:23:44,426|[TRACE] NormalizingIdentifierHelperImpl - Normalizing identifier quoting [address_id]
2021-11-19T10:23:44,426|[TRACE] NormalizingIdentifierHelperImpl - Normalizing identifier quoting [address_id]
2021-11-19T10:23:44,426|[TRACE] NormalizingIdentifierHelperImpl - Normalizing identifier quoting [address_id]
2021-11-19T10:23:44,426|[TRACE] NormalizingIdentifierHelperImpl - Normalizing identifier quoting [address_id]
2021-11-19T10:23:44,426|[TRACE] NormalizingIdentifierHelperImpl - Normalizing identifier quoting [address_id]
2021-11-19T10:23:44,426|[TRACE] NormalizingIdentifierHelperImpl - Normalizing identifier quoting [address_id]
2021-11-19T10:23:44,426|[DEBUG] CollectionSecondPass - Mapped collection key: address_id, one-to-many: bloodbank.entity.Contact
2021-11-19T10:23:44,426|[DEBUG] PropertyBinder - Building property record
2021-11-19T10:23:44,426|[TRACE] PropertyBinder - Cascading record with none
2021-11-19T10:23:44,426|[DEBUG] CollectionSecondPass - Second pass for collection: bloodbank.entity.Phone.contacts
2021-11-19T10:23:44,426|[DEBUG] CollectionBinder - Binding a OneToMany: bloodbank.entity.Phone.contacts through a foreign key
2021-11-19T10:23:44,426|[DEBUG] CollectionBinder - Mapping collection: bloodbank.entity.Phone.contacts -> contact
2021-11-19T10:23:44,426|[TRACE] NormalizingIdentifierHelperImpl - Normalizing identifier quoting [phone_id]
2021-11-19T10:23:44,426|[TRACE] NormalizingIdentifierHelperImpl - Normalizing identifier quoting [phone_id]
2021-11-19T10:23:44,426|[TRACE] NormalizingIdentifierHelperImpl - Normalizing identifier quoting [phone_id]
2021-11-19T10:23:44,426|[TRACE] NormalizingIdentifierHelperImpl - Normalizing identifier quoting [phone_id]
2021-11-19T10:23:44,426|[TRACE] NormalizingIdentifierHelperImpl - Normalizing identifier quoting [phone_id]
2021-11-19T10:23:44,426|[TRACE] NormalizingIdentifierHelperImpl - Normalizing identifier quoting [phone_id]
2021-11-19T10:23:44,426|[TRACE] NormalizingIdentifierHelperImpl - Normalizing identifier quoting [phone_id]
2021-11-19T10:23:44,426|[TRACE] NormalizingIdentifierHelperImpl - Normalizing identifier quoting [phone_id]
2021-11-19T10:23:44,426|[TRACE] NormalizingIdentifierHelperImpl - Normalizing identifier quoting [phone_id]
2021-11-19T10:23:44,426|[DEBUG] CollectionSecondPass - Mapped collection key: phone_id, one-to-many: bloodbank.entity.Contact
2021-11-19T10:23:44,426|[DEBUG] CollectionSecondPass - Second pass for collection: bloodbank.entity.BloodBank.donations
2021-11-19T10:23:44,426|[DEBUG] CollectionBinder - Binding a OneToMany: bloodbank.entity.BloodBank.donations through a foreign key
2021-11-19T10:23:44,426|[DEBUG] CollectionBinder - Mapping collection: bloodbank.entity.BloodBank.donations -> blood_donation
2021-11-19T10:23:44,426|[DEBUG] TableBinder - Retrieving property bloodbank.entity.BloodDonation.bank
2021-11-19T10:23:44,427|[DEBUG] CollectionSecondPass - Mapped collection key: bank_id, one-to-many: bloodbank.entity.BloodDonation
2021-11-19T10:23:44,427|[DEBUG] CollectionSecondPass - Second pass for collection: bloodbank.entity.Person.contacts
2021-11-19T10:23:44,427|[DEBUG] CollectionBinder - Binding a OneToMany: bloodbank.entity.Person.contacts through a foreign key
2021-11-19T10:23:44,427|[DEBUG] CollectionBinder - Mapping collection: bloodbank.entity.Person.contacts -> contact
2021-11-19T10:23:44,427|[DEBUG] TableBinder - Retrieving property bloodbank.entity.Contact.owner
2021-11-19T10:23:44,427|[DEBUG] CollectionSecondPass - Mapped collection key: person_id, one-to-many: bloodbank.entity.Contact
2021-11-19T10:23:44,427|[DEBUG] CollectionSecondPass - Second pass for collection: bloodbank.entity.Person.donations
2021-11-19T10:23:44,427|[DEBUG] CollectionBinder - Binding a OneToMany: bloodbank.entity.Person.donations through a foreign key
2021-11-19T10:23:44,427|[DEBUG] CollectionBinder - Mapping collection: bloodbank.entity.Person.donations -> donation_record
2021-11-19T10:23:44,427|[DEBUG] TableBinder - Retrieving property bloodbank.entity.DonationRecord.owner
2021-11-19T10:23:44,427|[DEBUG] CollectionSecondPass - Mapped collection key: person_id, one-to-many: bloodbank.entity.DonationRecord
2021-11-19T10:23:44,427|[DEBUG] InFlightMetadataCollectorImpl - Resolving reference to class: bloodbank.entity.BloodBank
2021-11-19T10:23:44,427|[TRACE] NormalizingIdentifierHelperImpl - Normalizing identifier quoting [bank_id]
2021-11-19T10:23:44,428|[TRACE] NormalizingIdentifierHelperImpl - Normalizing identifier quoting [FK35l5lwcy7xl2a6tvg04g7o78o]
2021-11-19T10:23:44,428|[DEBUG] InFlightMetadataCollectorImpl - Resolving reference to class: bloodbank.entity.Address
2021-11-19T10:23:44,428|[TRACE] NormalizingIdentifierHelperImpl - Normalizing identifier quoting [address_id]
2021-11-19T10:23:44,428|[TRACE] NormalizingIdentifierHelperImpl - Normalizing identifier quoting [FKl0sju2uai8cgdtic18wy5hlfr]
2021-11-19T10:23:44,428|[DEBUG] InFlightMetadataCollectorImpl - Resolving reference to class: bloodbank.entity.Person
2021-11-19T10:23:44,428|[TRACE] NormalizingIdentifierHelperImpl - Normalizing identifier quoting [person_id]
2021-11-19T10:23:44,428|[TRACE] NormalizingIdentifierHelperImpl - Normalizing identifier quoting [FKjbcdaayhsa4dhcuc5q0kkw8et]
2021-11-19T10:23:44,428|[DEBUG] InFlightMetadataCollectorImpl - Resolving reference to class: bloodbank.entity.Phone
2021-11-19T10:23:44,428|[TRACE] NormalizingIdentifierHelperImpl - Normalizing identifier quoting [phone_id]
2021-11-19T10:23:44,428|[TRACE] NormalizingIdentifierHelperImpl - Normalizing identifier quoting [FKj0erqcin09fsecb869qdkgnli]
2021-11-19T10:23:44,428|[DEBUG] InFlightMetadataCollectorImpl - Resolving reference to class: bloodbank.entity.BloodDonation
2021-11-19T10:23:44,428|[TRACE] NormalizingIdentifierHelperImpl - Normalizing identifier quoting [donation_id]
2021-11-19T10:23:44,428|[TRACE] NormalizingIdentifierHelperImpl - Normalizing identifier quoting [FK5os0h3pehrbipqs82hpi2roqi]
2021-11-19T10:23:44,428|[DEBUG] InFlightMetadataCollectorImpl - Resolving reference to class: bloodbank.entity.Person
2021-11-19T10:23:44,428|[TRACE] NormalizingIdentifierHelperImpl - Normalizing identifier quoting [person_id]
2021-11-19T10:23:44,428|[TRACE] NormalizingIdentifierHelperImpl - Normalizing identifier quoting [FKg7oj3wip5i4to211cj8e1d4nx]
2021-11-19T10:23:44,429|[DEBUG] InFlightMetadataCollectorImpl - Resolving reference to class: bloodbank.entity.BloodBank
2021-11-19T10:23:44,429|[TRACE] NormalizingIdentifierHelperImpl - Normalizing identifier quoting [bank_id]
2021-11-19T10:23:44,429|[DEBUG] InFlightMetadataCollectorImpl - Resolving reference to class: bloodbank.entity.Address
2021-11-19T10:23:44,429|[TRACE] NormalizingIdentifierHelperImpl - Normalizing identifier quoting [address_id]
2021-11-19T10:23:44,429|[DEBUG] InFlightMetadataCollectorImpl - Resolving reference to class: bloodbank.entity.Person
2021-11-19T10:23:44,429|[TRACE] NormalizingIdentifierHelperImpl - Normalizing identifier quoting [person_id]
2021-11-19T10:23:44,429|[DEBUG] InFlightMetadataCollectorImpl - Resolving reference to class: bloodbank.entity.Phone
2021-11-19T10:23:44,429|[TRACE] NormalizingIdentifierHelperImpl - Normalizing identifier quoting [phone_id]
2021-11-19T10:23:44,429|[DEBUG] InFlightMetadataCollectorImpl - Resolving reference to class: bloodbank.entity.BloodDonation
2021-11-19T10:23:44,429|[TRACE] NormalizingIdentifierHelperImpl - Normalizing identifier quoting [donation_id]
2021-11-19T10:23:44,429|[DEBUG] InFlightMetadataCollectorImpl - Resolving reference to class: bloodbank.entity.Person
2021-11-19T10:23:44,429|[TRACE] NormalizingIdentifierHelperImpl - Normalizing identifier quoting [person_id]
2021-11-19T10:23:44,429|[TRACE] AbstractServiceRegistryImpl - Initializing service [role=org.hibernate.property.access.spi.PropertyAccessStrategyResolver]
2021-11-19T10:23:44,430|[TRACE] AbstractServiceRegistryImpl - Initializing service [role=org.hibernate.boot.spi.SessionFactoryBuilderService]
2021-11-19T10:23:44,430|[TRACE] BatchFetchStyle - Interpreting BatchFetchStyle from setting : null
2021-11-19T10:23:44,430|[TRACE] AbstractServiceRegistryImpl - Initializing service [role=org.hibernate.resource.transaction.spi.TransactionCoordinatorBuilder]
2021-11-19T10:23:44,431|[TRACE] AbstractServiceRegistryImpl - Initializing service [role=org.hibernate.bytecode.spi.BytecodeProvider]
2021-11-19T10:23:44,431|[DEBUG] SessionFactoryImpl - Building session factory
2021-11-19T10:23:44,431|[DEBUG] Settings - SessionFactory name : null
2021-11-19T10:23:44,431|[DEBUG] Settings - Automatic flush during beforeCompletion(): enabled
2021-11-19T10:23:44,431|[DEBUG] Settings - Automatic session close at end of transaction: disabled
2021-11-19T10:23:44,431|[DEBUG] Settings - Statistics: disabled
2021-11-19T10:23:44,431|[DEBUG] Settings - Deleted entity synthetic identifier rollback: disabled
2021-11-19T10:23:44,431|[DEBUG] Settings - Default entity-mode: pojo
2021-11-19T10:23:44,431|[DEBUG] Settings - Check Nullability in Core (should be disabled when Bean Validation is on): enabled
2021-11-19T10:23:44,431|[DEBUG] Settings - Allow initialization of lazy state outside session : disabled
2021-11-19T10:23:44,431|[DEBUG] Settings - Using BatchFetchStyle : LEGACY
2021-11-19T10:23:44,431|[DEBUG] Settings - Default batch fetch size: -1
2021-11-19T10:23:44,431|[DEBUG] Settings - Maximum outer join fetch depth: 2
2021-11-19T10:23:44,431|[DEBUG] Settings - Default null ordering: NONE
2021-11-19T10:23:44,431|[DEBUG] Settings - Order SQL updates by primary key: disabled
2021-11-19T10:23:44,431|[DEBUG] Settings - Order SQL inserts for batching: disabled
2021-11-19T10:23:44,431|[DEBUG] Settings - multi-tenancy strategy : NONE
2021-11-19T10:23:44,431|[DEBUG] Settings - JTA Track by Thread: enabled
2021-11-19T10:23:44,431|[DEBUG] Settings - Query language substitutions: {}
2021-11-19T10:23:44,431|[DEBUG] Settings - Named query checking : enabled
2021-11-19T10:23:44,465|[DEBUG] Settings - Second-level cache: disabled
2021-11-19T10:23:44,465|[DEBUG] Settings - Second-level query cache: disabled
2021-11-19T10:23:44,465|[DEBUG] Settings - Second-level query cache factory: null
2021-11-19T10:23:44,465|[DEBUG] Settings - Second-level cache region prefix: null
2021-11-19T10:23:44,465|[DEBUG] Settings - Optimize second-level cache for minimal puts: disabled
2021-11-19T10:23:44,465|[DEBUG] Settings - Structured second-level cache entries: disabled
2021-11-19T10:23:44,465|[DEBUG] Settings - Second-level cache direct-reference entries: disabled
2021-11-19T10:23:44,465|[DEBUG] Settings - Automatic eviction of collection cache: disabled
2021-11-19T10:23:44,465|[DEBUG] Settings - JDBC batch size: 15
2021-11-19T10:23:44,465|[DEBUG] Settings - JDBC batch updates for versioned data: enabled
2021-11-19T10:23:44,465|[DEBUG] Settings - Scrollable result sets: enabled
2021-11-19T10:23:44,465|[DEBUG] Settings - Wrap result sets: disabled
2021-11-19T10:23:44,465|[DEBUG] Settings - JDBC3 getGeneratedKeys(): enabled
2021-11-19T10:23:44,465|[DEBUG] Settings - JDBC result set fetch size: null
2021-11-19T10:23:44,465|[DEBUG] Settings - Connection release mode: AFTER_TRANSACTION
2021-11-19T10:23:44,465|[DEBUG] Settings - Generate SQL with comments: enabled
2021-11-19T10:23:44,465|[DEBUG] Settings - JPA compliance - query : disabled
2021-11-19T10:23:44,465|[DEBUG] Settings - JPA compliance - closed-handling : disabled
2021-11-19T10:23:44,465|[DEBUG] Settings - JPA compliance - lists : disabled
2021-11-19T10:23:44,465|[DEBUG] Settings - JPA compliance - transactions : disabled
2021-11-19T10:23:44,465|[TRACE] AbstractServiceRegistryImpl - Initializing service [role=org.hibernate.service.spi.SessionFactoryServiceRegistryFactory]
2021-11-19T10:23:44,465|[TRACE] AbstractServiceRegistryImpl - Initializing service [role=org.hibernate.event.service.spi.EventListenerRegistry]
2021-11-19T10:23:44,466|[TRACE] AbstractServiceRegistryImpl - Initializing service [role=org.hibernate.resource.beans.spi.ManagedBeanRegistry]
2021-11-19T10:23:44,466|[INFO ] beans - HHH10005002: No explicit CDI BeanManager reference was passed to Hibernate, but CDI is available on the Hibernate ClassLoader.
2021-11-19T10:23:44,466|[TRACE] FallbackBeanInstanceProducer - Creating ManagedBean(bloodbank.entity.PojoCompositeListener) using direct instantiation
2021-11-19T10:23:44,466|[DEBUG] CallbackBuilderLegacyImpl - Adding setUpdatedDate as PreUpdate callback for entity bloodbank.entity.Contact
2021-11-19T10:23:44,466|[DEBUG] CallbackBuilderLegacyImpl - Adding setCreatedOnDate as PrePersist callback for entity bloodbank.entity.Contact
2021-11-19T10:23:44,467|[TRACE] FallbackBeanInstanceProducer - Creating ManagedBean(bloodbank.entity.PojoListener) using direct instantiation
2021-11-19T10:23:44,467|[DEBUG] CallbackBuilderLegacyImpl - Adding setUpdatedDate as PreUpdate callback for entity bloodbank.entity.Phone
2021-11-19T10:23:44,467|[DEBUG] CallbackBuilderLegacyImpl - Adding setCreatedOnDate as PrePersist callback for entity bloodbank.entity.Phone
2021-11-19T10:23:44,467|[DEBUG] CallbackBuilderLegacyImpl - Adding setUpdatedDate as PreUpdate callback for entity bloodbank.entity.BloodDonation
2021-11-19T10:23:44,467|[DEBUG] CallbackBuilderLegacyImpl - Adding setCreatedOnDate as PrePersist callback for entity bloodbank.entity.BloodDonation
2021-11-19T10:23:44,468|[DEBUG] CallbackBuilderLegacyImpl - Adding setUpdatedDate as PreUpdate callback for entity bloodbank.entity.BloodBank
2021-11-19T10:23:44,468|[DEBUG] CallbackBuilderLegacyImpl - Adding setCreatedOnDate as PrePersist callback for entity bloodbank.entity.BloodBank
2021-11-19T10:23:44,468|[DEBUG] ClassLoaderAccessImpl - Not known whether passed class name [bloodbank.entity.PrivateBloodBank] is safe
2021-11-19T10:23:44,468|[DEBUG] ClassLoaderAccessImpl - No temp ClassLoader provided; using live ClassLoader for loading potentially unsafe class : bloodbank.entity.PrivateBloodBank
2021-11-19T10:23:44,468|[DEBUG] CallbackBuilderLegacyImpl - Adding setUpdatedDate as PreUpdate callback for entity bloodbank.entity.PrivateBloodBank
2021-11-19T10:23:44,468|[DEBUG] CallbackBuilderLegacyImpl - Adding setCreatedOnDate as PrePersist callback for entity bloodbank.entity.PrivateBloodBank
2021-11-19T10:23:44,468|[DEBUG] CallbackBuilderLegacyImpl - Adding setUpdatedDate as PreUpdate callback for entity bloodbank.entity.DonationRecord
2021-11-19T10:23:44,469|[DEBUG] CallbackBuilderLegacyImpl - Adding setCreatedOnDate as PrePersist callback for entity bloodbank.entity.DonationRecord
2021-11-19T10:23:44,469|[DEBUG] CallbackBuilderLegacyImpl - Adding setUpdatedDate as PreUpdate callback for entity bloodbank.entity.Address
2021-11-19T10:23:44,469|[DEBUG] CallbackBuilderLegacyImpl - Adding setCreatedOnDate as PrePersist callback for entity bloodbank.entity.Address
2021-11-19T10:23:44,469|[DEBUG] CallbackBuilderLegacyImpl - Adding setUpdatedDate as PreUpdate callback for entity bloodbank.entity.Person
2021-11-19T10:23:44,469|[DEBUG] CallbackBuilderLegacyImpl - Adding setCreatedOnDate as PrePersist callback for entity bloodbank.entity.Person
2021-11-19T10:23:44,470|[DEBUG] ClassLoaderAccessImpl - Not known whether passed class name [bloodbank.entity.PublicBloodBank] is safe
2021-11-19T10:23:44,470|[DEBUG] ClassLoaderAccessImpl - No temp ClassLoader provided; using live ClassLoader for loading potentially unsafe class : bloodbank.entity.PublicBloodBank
2021-11-19T10:23:44,470|[DEBUG] CallbackBuilderLegacyImpl - Adding setUpdatedDate as PreUpdate callback for entity bloodbank.entity.PublicBloodBank
2021-11-19T10:23:44,470|[DEBUG] CallbackBuilderLegacyImpl - Adding setCreatedOnDate as PrePersist callback for entity bloodbank.entity.PublicBloodBank
2021-11-19T10:23:44,470|[TRACE] AbstractServiceRegistryImpl - Initializing service [role=org.hibernate.cache.spi.CacheImplementor]
2021-11-19T10:23:44,470|[DEBUG] SessionFactoryImpl - Session factory constructed with filter configurations : {}
2021-11-19T10:23:44,470|[DEBUG] SessionFactoryImpl - Instantiating session factory with properties: {sun.desktop=windows, awt.toolkit=sun.awt.windows.WToolkit, hibernate.format_sql=true, java.specification.version=11, sun.cpu.isalist=amd64, sun.jnu.encoding=Cp1252, hibernate.dialect=org.hibernate.dialect.MySQL8Dialect, java.class.path=D:\Computer Programming\Level 4\CST8277_300 Enterprise Application\Assignments\Assignment03\BloodBank-JPA-Mapping-JUnit-Skeleton\BloodBank-JPA-Mapping-JUnit-Skeleton\target\test-classes;C:\Users\simondaxia\.m2\repository\org\junit\jupiter\junit-jupiter\5.7.0\junit-jupiter-5.7.0.jar;C:\Users\simondaxia\.m2\repository\org\junit\jupiter\junit-jupiter-api\5.7.0\junit-jupiter-api-5.7.0.jar;C:\Users\simondaxia\.m2\repository\org\apiguardian\apiguardian-api\1.1.0\apiguardian-api-1.1.0.jar;C:\Users\simondaxia\.m2\repository\org\opentest4j\opentest4j\1.2.0\opentest4j-1.2.0.jar;C:\Users\simondaxia\.m2\repository\org\junit\platform\junit-platform-commons\1.7.0\junit-platform-commons-1.7.0.jar;C:\Users\simondaxia\.m2\repository\org\junit\jupiter\junit-jupiter-params\5.7.0\junit-jupiter-params-5.7.0.jar;C:\Users\simondaxia\.m2\repository\org\junit\jupiter\junit-jupiter-engine\5.7.0\junit-jupiter-engine-5.7.0.jar;C:\Users\simondaxia\.m2\repository\org\junit\platform\junit-platform-engine\1.7.0\junit-platform-engine-1.7.0.jar;C:\Users\simondaxia\.m2\repository\org\hamcrest\hamcrest\2.2\hamcrest-2.2.jar;C:\Users\simondaxia\.m2\repository\org\hamcrest\hamcrest-library\2.2\hamcrest-library-2.2.jar;C:\Users\simondaxia\.m2\repository\org\hamcrest\hamcrest-core\2.2\hamcrest-core-2.2.jar;C:\Users\simondaxia\.m2\repository\org\jboss\logging\jboss-logging\3.4.1.Final\jboss-logging-3.4.1.Final.jar;C:\Users\simondaxia\.m2\repository\org\javassist\javassist\3.27.0-GA\javassist-3.27.0-GA.jar;C:\Users\simondaxia\.m2\repository\net\bytebuddy\byte-buddy\1.10.17\byte-buddy-1.10.17.jar;C:\Users\simondaxia\.m2\repository\antlr\antlr\2.7.7\antlr-2.7.7.jar;C:\Users\simondaxia\.m2\repository\org\jboss\spec\javax\transaction\jboss-transaction-api_1.2_spec\1.1.1.Final\jboss-transaction-api_1.2_spec-1.1.1.Final.jar;C:\Users\simondaxia\.m2\repository\org\jboss\jandex\2.1.3.Final\jandex-2.1.3.Final.jar;C:\Users\simondaxia\.m2\repository\com\fasterxml\classmate\1.5.1\classmate-1.5.1.jar;C:\Users\simondaxia\.m2\repository\javax\activation\javax.activation-api\1.2.0\javax.activation-api-1.2.0.jar;C:\Users\simondaxia\.m2\repository\org\dom4j\dom4j\2.1.3\dom4j-2.1.3.jar;C:\Users\simondaxia\.m2\repository\org\hibernate\common\hibernate-commons-annotations\5.1.2.Final\hibernate-commons-annotations-5.1.2.Final.jar;C:\Users\simondaxia\.m2\repository\javax\xml\bind\jaxb-api\2.3.1\jaxb-api-2.3.1.jar;C:\Users\simondaxia\.m2\repository\org\glassfish\jaxb\jaxb-runtime\2.3.1\jaxb-runtime-2.3.1.jar;C:\Users\simondaxia\.m2\repository\org\glassfish\jaxb\txw2\2.3.1\txw2-2.3.1.jar;C:\Users\simondaxia\.m2\repository\com\sun\istack\istack-commons-runtime\3.0.7\istack-commons-runtime-3.0.7.jar;C:\Users\simondaxia\.m2\repository\org\jvnet\staxex\stax-ex\1.8\stax-ex-1.8.jar;C:\Users\simondaxia\.m2\repository\com\sun\xml\fastinfoset\FastInfoset\1.2.15\FastInfoset-1.2.15.jar;C:\Users\simondaxia\.m2\repository\mysql\mysql-connector-java\8.0.23\mysql-connector-java-8.0.23.jar;C:\Users\simondaxia\.m2\repository\com\google\protobuf\protobuf-java\3.11.4\protobuf-java-3.11.4.jar;, java.vm.vendor=Amazon.com Inc., sun.arch.data.model=64, user.variant=, java.vendor.url=https://aws.amazon.com/corretto/, user.timezone=America/New_York, javax.persistence.jdbc.url=jdbc:mysql://localhost:3306/bloodbank?createDatabaseIfNotExist=true&zeroDateTimeBehavior=convertToNull, javax.persistence.jdbc.user=****, os.name=Windows 10, java.vm.specification.version=11, javax.persistence.schema-generation.create-script-source=META-INF/sql/bloodbank-create.sql, sun.java.launcher=SUN_STANDARD, user.country=CA, local.setting.IS_JTA_TXN_COORD=false, sun.boot.library.path=C:\Program Files\Amazon Corretto\jdk11.0.11_9\bin, sun.java.command=org.apache.maven.surefire.booter.ForkedBooter C:\Users\simondaxia\AppData\Local\Temp\surefire18336507460364361438 2021-11-19T10-23-33_773-jvmRun1 surefire10358599284016281038tmp surefire_028660401499378696tmp, hibernate.use_sql_comments=true, jdk.debug=release, surefire.test.class.path=D:\Computer Programming\Level 4\CST8277_300 Enterprise Application\Assignments\Assignment03\BloodBank-JPA-Mapping-JUnit-Skeleton\BloodBank-JPA-Mapping-JUnit-Skeleton\target\test-classes;C:\Users\simondaxia\.m2\repository\org\junit\jupiter\junit-jupiter\5.7.0\junit-jupiter-5.7.0.jar;C:\Users\simondaxia\.m2\repository\org\junit\jupiter\junit-jupiter-api\5.7.0\junit-jupiter-api-5.7.0.jar;C:\Users\simondaxia\.m2\repository\org\apiguardian\apiguardian-api\1.1.0\apiguardian-api-1.1.0.jar;C:\Users\simondaxia\.m2\repository\org\opentest4j\opentest4j\1.2.0\opentest4j-1.2.0.jar;C:\Users\simondaxia\.m2\repository\org\junit\platform\junit-platform-commons\1.7.0\junit-platform-commons-1.7.0.jar;C:\Users\simondaxia\.m2\repository\org\junit\jupiter\junit-jupiter-params\5.7.0\junit-jupiter-params-5.7.0.jar;C:\Users\simondaxia\.m2\repository\org\junit\jupiter\junit-jupiter-engine\5.7.0\junit-jupiter-engine-5.7.0.jar;C:\Users\simondaxia\.m2\repository\org\junit\platform\junit-platform-engine\1.7.0\junit-platform-engine-1.7.0.jar;C:\Users\simondaxia\.m2\repository\org\hamcrest\hamcrest\2.2\hamcrest-2.2.jar;C:\Users\simondaxia\.m2\repository\org\hamcrest\hamcrest-library\2.2\hamcrest-library-2.2.jar;C:\Users\simondaxia\.m2\repository\org\hamcrest\hamcrest-core\2.2\hamcrest-core-2.2.jar;C:\Users\simondaxia\.m2\repository\org\jboss\logging\jboss-logging\3.4.1.Final\jboss-logging-3.4.1.Final.jar;C:\Users\simondaxia\.m2\repository\org\javassist\javassist\3.27.0-GA\javassist-3.27.0-GA.jar;C:\Users\simondaxia\.m2\repository\net\bytebuddy\byte-buddy\1.10.17\byte-buddy-1.10.17.jar;C:\Users\simondaxia\.m2\repository\antlr\antlr\2.7.7\antlr-2.7.7.jar;C:\Users\simondaxia\.m2\repository\org\jboss\spec\javax\transaction\jboss-transaction-api_1.2_spec\1.1.1.Final\jboss-transaction-api_1.2_spec-1.1.1.Final.jar;C:\Users\simondaxia\.m2\repository\org\jboss\jandex\2.1.3.Final\jandex-2.1.3.Final.jar;C:\Users\simondaxia\.m2\repository\com\fasterxml\classmate\1.5.1\classmate-1.5.1.jar;C:\Users\simondaxia\.m2\repository\javax\activation\javax.activation-api\1.2.0\javax.activation-api-1.2.0.jar;C:\Users\simondaxia\.m2\repository\org\dom4j\dom4j\2.1.3\dom4j-2.1.3.jar;C:\Users\simondaxia\.m2\repository\org\hibernate\common\hibernate-commons-annotations\5.1.2.Final\hibernate-commons-annotations-5.1.2.Final.jar;C:\Users\simondaxia\.m2\repository\javax\xml\bind\jaxb-api\2.3.1\jaxb-api-2.3.1.jar;C:\Users\simondaxia\.m2\repository\org\glassfish\jaxb\jaxb-runtime\2.3.1\jaxb-runtime-2.3.1.jar;C:\Users\simondaxia\.m2\repository\org\glassfish\jaxb\txw2\2.3.1\txw2-2.3.1.jar;C:\Users\simondaxia\.m2\repository\com\sun\istack\istack-commons-runtime\3.0.7\istack-commons-runtime-3.0.7.jar;C:\Users\simondaxia\.m2\repository\org\jvnet\staxex\stax-ex\1.8\stax-ex-1.8.jar;C:\Users\simondaxia\.m2\repository\com\sun\xml\fastinfoset\FastInfoset\1.2.15\FastInfoset-1.2.15.jar;C:\Users\simondaxia\.m2\repository\mysql\mysql-connector-java\8.0.23\mysql-connector-java-8.0.23.jar;C:\Users\simondaxia\.m2\repository\com\google\protobuf\protobuf-java\3.11.4\protobuf-java-3.11.4.jar;, sun.cpu.endian=little, user.home=C:\Users\simondaxia, user.language=en, java.specification.vendor=Oracle Corporation, jdk.module.path=D:\Computer Programming\Level 4\CST8277_300 Enterprise Application\Assignments\Assignment03\BloodBank-JPA-Mapping-JUnit-Skeleton\BloodBank-JPA-Mapping-JUnit-Skeleton\target\classes;C:\Users\simondaxia\.m2\repository\org\apache\logging\log4j\log4j-api\2.14.0\log4j-api-2.14.0.jar;C:\Users\simondaxia\.m2\repository\org\apache\logging\log4j\log4j-core\2.14.0\log4j-core-2.14.0.jar;C:\Users\simondaxia\.m2\repository\org\hibernate\hibernate-core\5.4.27.Final\hibernate-core-5.4.27.Final.jar;C:\Users\simondaxia\.m2\repository\jakarta\platform\jakarta.jakartaee-api\8.0.0\jakarta.jakartaee-api-8.0.0.jar, java.version.date=2021-04-20, generateReports=flase, java.home=C:\Program Files\Amazon Corretto\jdk11.0.11_9, file.separator=\, basedir=D:\Computer Programming\Level 4\CST8277_300 Enterprise Application\Assignments\Assignment03\BloodBank-JPA-Mapping-JUnit-Skeleton\BloodBank-JPA-Mapping-JUnit-Skeleton, java.vm.compressedOopsMode=32-bit, line.separator=
, java.specification.name=Java Platform API Specification, java.vm.specification.vendor=Oracle Corporation, hibernate.transaction.coordinator_class=class org.hibernate.resource.transaction.backend.jdbc.internal.JdbcResourceLocalTransactionCoordinatorBuilderImpl, java.awt.graphicsenv=sun.awt.Win32GraphicsEnvironment, javax.persistence.jdbc.driver=com.mysql.cj.jdbc.Driver, surefire.real.class.path=C:\Users\simondaxia\.m2\repository\org\apache\maven\surefire\surefire-booter\3.0.0-M5\surefire-booter-3.0.0-M5.jar;C:\Users\simondaxia\.m2\repository\org\apache\maven\surefire\surefire-api\3.0.0-M5\surefire-api-3.0.0-M5.jar;C:\Users\simondaxia\.m2\repository\org\apache\maven\surefire\surefire-logger-api\3.0.0-M5\surefire-logger-api-3.0.0-M5.jar;C:\Users\simondaxia\.m2\repository\org\apache\maven\surefire\surefire-shared-utils\3.0.0-M4\surefire-shared-utils-3.0.0-M4.jar;C:\Users\simondaxia\.m2\repository\org\apache\maven\surefire\surefire-extensions-spi\3.0.0-M5\surefire-extensions-spi-3.0.0-M5.jar;D:\Computer Programming\Level 4\CST8277_300 Enterprise Application\Assignments\Assignment03\BloodBank-JPA-Mapping-JUnit-Skeleton\BloodBank-JPA-Mapping-JUnit-Skeleton\target\test-classes;C:\Users\simondaxia\.m2\repository\org\junit\jupiter\junit-jupiter\5.7.0\junit-jupiter-5.7.0.jar;C:\Users\simondaxia\.m2\repository\org\junit\jupiter\junit-jupiter-api\5.7.0\junit-jupiter-api-5.7.0.jar;C:\Users\simondaxia\.m2\repository\org\apiguardian\apiguardian-api\1.1.0\apiguardian-api-1.1.0.jar;C:\Users\simondaxia\.m2\repository\org\opentest4j\opentest4j\1.2.0\opentest4j-1.2.0.jar;C:\Users\simondaxia\.m2\repository\org\junit\platform\junit-platform-commons\1.7.0\junit-platform-commons-1.7.0.jar;C:\Users\simondaxia\.m2\repository\org\junit\jupiter\junit-jupiter-params\5.7.0\junit-jupiter-params-5.7.0.jar;C:\Users\simondaxia\.m2\repository\org\junit\jupiter\junit-jupiter-engine\5.7.0\junit-jupiter-engine-5.7.0.jar;C:\Users\simondaxia\.m2\repository\org\junit\platform\junit-platform-engine\1.7.0\junit-platform-engine-1.7.0.jar;C:\Users\simondaxia\.m2\repository\org\hamcrest\hamcrest\2.2\hamcrest-2.2.jar;C:\Users\simondaxia\.m2\repository\org\hamcrest\hamcrest-library\2.2\hamcrest-library-2.2.jar;C:\Users\simondaxia\.m2\repository\org\hamcrest\hamcrest-core\2.2\hamcrest-core-2.2.jar;C:\Users\simondaxia\.m2\repository\org\jboss\logging\jboss-logging\3.4.1.Final\jboss-logging-3.4.1.Final.jar;C:\Users\simondaxia\.m2\repository\org\javassist\javassist\3.27.0-GA\javassist-3.27.0-GA.jar;C:\Users\simondaxia\.m2\repository\net\bytebuddy\byte-buddy\1.10.17\byte-buddy-1.10.17.jar;C:\Users\simondaxia\.m2\repository\antlr\antlr\2.7.7\antlr-2.7.7.jar;C:\Users\simondaxia\.m2\repository\org\jboss\spec\javax\transaction\jboss-transaction-api_1.2_spec\1.1.1.Final\jboss-transaction-api_1.2_spec-1.1.1.Final.jar;C:\Users\simondaxia\.m2\repository\org\jboss\jandex\2.1.3.Final\jandex-2.1.3.Final.jar;C:\Users\simondaxia\.m2\repository\com\fasterxml\classmate\1.5.1\classmate-1.5.1.jar;C:\Users\simondaxia\.m2\repository\javax\activation\javax.activation-api\1.2.0\javax.activation-api-1.2.0.jar;C:\Users\simondaxia\.m2\repository\org\dom4j\dom4j\2.1.3\dom4j-2.1.3.jar;C:\Users\simondaxia\.m2\repository\org\hibernate\common\hibernate-commons-annotations\5.1.2.Final\hibernate-commons-annotations-5.1.2.Final.jar;C:\Users\simondaxia\.m2\repository\javax\xml\bind\jaxb-api\2.3.1\jaxb-api-2.3.1.jar;C:\Users\simondaxia\.m2\repository\org\glassfish\jaxb\jaxb-runtime\2.3.1\jaxb-runtime-2.3.1.jar;C:\Users\simondaxia\.m2\repository\org\glassfish\jaxb\txw2\2.3.1\txw2-2.3.1.jar;C:\Users\simondaxia\.m2\repository\com\sun\istack\istack-commons-runtime\3.0.7\istack-commons-runtime-3.0.7.jar;C:\Users\simondaxia\.m2\repository\org\jvnet\staxex\stax-ex\1.8\stax-ex-1.8.jar;C:\Users\simondaxia\.m2\repository\com\sun\xml\fastinfoset\FastInfoset\1.2.15\FastInfoset-1.2.15.jar;C:\Users\simondaxia\.m2\repository\mysql\mysql-connector-java\8.0.23\mysql-connector-java-8.0.23.jar;C:\Users\simondaxia\.m2\repository\com\google\protobuf\protobuf-java\3.11.4\protobuf-java-3.11.4.jar;C:\Users\simondaxia\.m2\repository\org\apache\maven\surefire\surefire-junit-platform\3.0.0-M5\surefire-junit-platform-3.0.0-M5.jar;C:\Users\simondaxia\.m2\repository\org\apache\maven\surefire\common-java5\3.0.0-M5\common-java5-3.0.0-M5.jar;C:\Users\simondaxia\.m2\repository\org\junit\platform\junit-platform-launcher\1.7.0\junit-platform-launcher-1.7.0.jar, user.script=, sun.management.compiler=HotSpot 64-Bit Tiered Compilers, java.runtime.version=11.0.11+9-LTS, user.name=simondaxia, path.separator=;, hibernate.connection.username=****, os.version=10.0, hibernate.hbm2ddl.import_files_sql_extractor=org.hibernate.tool.hbm2ddl.MultipleLinesSqlCommandExtractor, java.runtime.name=OpenJDK Runtime Environment, hibernate.connection.url=jdbc:mysql://localhost:3306/bloodbank?createDatabaseIfNotExist=true&zeroDateTimeBehavior=convertToNull, file.encoding=Cp1252, hibernate.ejb.persistenceUnitName=bloodbank-PU, java.vm.name=OpenJDK 64-Bit Server VM, java.vendor.version=Corretto-11.0.11.9.1, javax.persistence.schema-generation.drop-script-source=META-INF/sql/bloodbank-drop.sql, localRepository=C:\Users\simondaxia\.m2\repository, hibernate.connection.driver_class=com.mysql.cj.jdbc.Driver, java.vendor.url.bug=https://github.com/corretto/corretto-11/issues/, java.io.tmpdir=C:\Users\SIMOND~1\AppData\Local\Temp\, javax.persistence.schema-generation.drop-source=script, javax.persistence.schema-generation.create-source=script, java.version=11.0.11, user.dir=D:\Computer Programming\Level 4\CST8277_300 Enterprise Application\Assignments\Assignment03\BloodBank-JPA-Mapping-JUnit-Skeleton\BloodBank-JPA-Mapping-JUnit-Skeleton, os.arch=amd64, java.vm.specification.name=Java Virtual Machine Specification, java.awt.printerjob=sun.awt.windows.WPrinterJob, javax.persistence.schema-generation.database.action=drop-and-create, hibernate.connection.password=****, sun.os.patch.level=, hibernate.boot.CfgXmlAccessService.key=org.hibernate.boot.registry.StandardServiceRegistryBuilder$1@4e4bfd9c, java.library.path=C:\Program Files\Amazon Corretto\jdk11.0.11_9\bin;C:\WINDOWS\Sun\Java\bin;C:\WINDOWS\system32;C:\WINDOWS;C:/Program Files/Amazon Corretto/jdk11.0.11_9/bin/server;C:/Program Files/Amazon Corretto/jdk11.0.11_9/bin;D:\Python39\Scripts\;D:\Python39\;D:\app\simondaxia\product\12.1.0\bin;D:\app\simondaxia\product\12.1.0\dbhome_1\bin;D:\app\simondaxia\product\12.1.0\dbhome_2\bin;C:\Program Files\Amazon Corretto\jdk11.0.11_9\bin;D:\oraclexe\app\oracle\product\11.2.0\server\bin;;C:\AmazonCorretto\jdk11.0.8_10\bin;C:\Program Files (x86)\Common Files\Oracle\Java\javapath;C:\Program Files (x86)\Intel\Intel(R) Management Engine Components\iCLS\;C:\Program Files\Intel\Intel(R) Management Engine Components\iCLS\;C:\Windows\system32;C:\Windows;C:\Windows\System32\Wbem;C:\Windows\System32\WindowsPowerShell\v1.0\;C:\Windows\System32\OpenSSH\;C:\Program Files (x86)\Intel\Intel(R) Management Engine Components\DAL;C:\Program Files\Intel\Intel(R) Management Engine Components\DAL;C:\Program Files (x86)\Intel\Intel(R) Management Engine Components\IPT;C:\Program Files\Intel\Intel(R) Management Engine Components\IPT;C:\Program Files (x86)\NVIDIA Corporation\PhysX\Common;C:\Program Files\Intel\WiFi\bin\;C:\Program Files\Common Files\Intel\WirelessCommon\;C:\WINDOWS\system32;C:\WINDOWS;C:\WINDOWS\System32\Wbem;C:\WINDOWS\System32\WindowsPowerShell\v1.0\;C:\WINDOWS\System32\OpenSSH\;C:\Program Files (x86)\pgmodeler;C:\Program Files\Git\cmd;C:\Users\simondaxia\AppData\Local\Microsoft\WindowsApps;C:\Program Files\Java\jdk1.8.0_271\bin;C:\Program Files\Microsoft SQL Server\Client SDK\ODBC\130\Tools\Binn\;C:\Program Files (x86)\Microsoft SQL Server\140\Tools\Binn\;C:\Program Files\Microsoft SQL Server\140\Tools\Binn\;C:\Program Files\Microsoft SQL Server\140\DTS\Binn\;C:\Program Files (x86)\Microsoft SQL Server\150\DTS\Binn\;C:\Program Files\Azure Data Studio\bin;C:\Users\simondaxia\AppData\Local\Microsoft\WindowsApps;;D:\Microsoft VS Code\bin;C:\Program Files\Azure Data Studio\bin;D:\JetBrains\PyCharm Community Edition 2021.2.2\bin;;D:\Programs\mongosh\;C:\Users\simondaxia\Desktop;;., java.vendor=Amazon.com Inc., java.vm.info=mixed mode, java.vm.version=11.0.11+9-LTS, hibernate.bytecode.use_reflection_optimizer=false, sun.io.unicode.encoding=UnicodeLittle, javax.persistence.jdbc.password=****, java.class.version=55.0}
2021-11-19T10:23:44,471|[TRACE] AbstractServiceRegistryImpl - Initializing service [role=org.hibernate.engine.query.spi.NativeQueryInterpreter]
2021-11-19T10:23:44,471|[DEBUG] TypeSafeActivator - Unable to acquire Bean Validation ValidatorFactory, skipping activation
2021-11-19T10:23:44,471|[DEBUG] JaccIntegrator - Skipping JACC integration as it was not enabled
2021-11-19T10:23:44,471|[DEBUG] SessionFactoryImpl - Instantiated session factory
2021-11-19T10:23:44,471|[DEBUG] TypeConfiguration$Scope - Scoping TypeConfiguration [org.hibernate.type.spi.TypeConfiguration@47c5cbf2] to SessionFactoryImpl [org.hibernate.internal.SessionFactoryImpl@43ee1cf7]
2021-11-19T10:23:44,471|[TRACE] AbstractServiceRegistryImpl - Initializing service [role=org.hibernate.persister.spi.PersisterFactory]
2021-11-19T10:23:44,471|[TRACE] AbstractServiceRegistryImpl - Initializing service [role=org.hibernate.persister.spi.PersisterClassResolver]
2021-11-19T10:23:44,472|[DEBUG] ClassLoaderAccessImpl - Not known whether passed class name [bloodbank.entity.Contact] is safe
2021-11-19T10:23:44,472|[DEBUG] ClassLoaderAccessImpl - No temp ClassLoader provided; using live ClassLoader for loading potentially unsafe class : bloodbank.entity.Contact
2021-11-19T10:23:44,472|[TRACE] AbstractServiceRegistryImpl - Initializing service [role=org.hibernate.bytecode.spi.ProxyFactoryFactory]
2021-11-19T10:23:44,482|[TRACE] AbstractPropertyMapping - Skipping duplicate registration of path [address.id], existing type = [org.hibernate.type.IntegerType@6892cc6f], incoming type = [org.hibernate.type.IntegerType@6892cc6f]
2021-11-19T10:23:44,482|[TRACE] AbstractPropertyMapping - Skipping duplicate registration of path [owner.id], existing type = [org.hibernate.type.IntegerType@6892cc6f], incoming type = [org.hibernate.type.IntegerType@6892cc6f]
2021-11-19T10:23:44,482|[TRACE] AbstractPropertyMapping - Skipping duplicate registration of path [phone.id], existing type = [org.hibernate.type.IntegerType@6892cc6f], incoming type = [org.hibernate.type.IntegerType@6892cc6f]
2021-11-19T10:23:44,482|[TRACE] AbstractPropertyMapping - Skipping duplicate registration of path [epochCreated], existing type = [org.hibernate.type.LongType@ae7950d], incoming type = [org.hibernate.type.LongType@ae7950d]
2021-11-19T10:23:44,482|[TRACE] AbstractPropertyMapping - Skipping duplicate registration of path [epochUpdated], existing type = [org.hibernate.type.LongType@ae7950d], incoming type = [org.hibernate.type.LongType@ae7950d]
2021-11-19T10:23:44,482|[TRACE] AbstractPropertyMapping - Skipping duplicate registration of path [version], existing type = [org.hibernate.type.IntegerType@6892cc6f], incoming type = [org.hibernate.type.IntegerType@6892cc6f]
2021-11-19T10:23:44,482|[TRACE] AbstractPropertyMapping - Skipping duplicate registration of path [address], existing type = [org.hibernate.type.ManyToOneType(bloodbank.entity.Address)], incoming type = [org.hibernate.type.ManyToOneType(bloodbank.entity.Address)]
2021-11-19T10:23:44,482|[TRACE] AbstractPropertyMapping - Skipping duplicate registration of path [address.id], existing type = [org.hibernate.type.IntegerType@6892cc6f], incoming type = [org.hibernate.type.IntegerType@6892cc6f]
2021-11-19T10:23:44,482|[TRACE] AbstractPropertyMapping - Skipping duplicate registration of path [address.id], existing type = [org.hibernate.type.IntegerType@6892cc6f], incoming type = [org.hibernate.type.IntegerType@6892cc6f]
2021-11-19T10:23:44,482|[TRACE] AbstractPropertyMapping - Skipping duplicate registration of path [contactType], existing type = [org.hibernate.type.StringType@7fc645e4], incoming type = [org.hibernate.type.StringType@7fc645e4]
2021-11-19T10:23:44,482|[TRACE] AbstractPropertyMapping - Skipping duplicate registration of path [email], existing type = [org.hibernate.type.StringType@7fc645e4], incoming type = [org.hibernate.type.StringType@7fc645e4]
2021-11-19T10:23:44,482|[TRACE] AbstractPropertyMapping - Skipping duplicate registration of path [owner], existing type = [org.hibernate.type.ManyToOneType(bloodbank.entity.Person)], incoming type = [org.hibernate.type.ManyToOneType(bloodbank.entity.Person)]
2021-11-19T10:23:44,482|[TRACE] AbstractPropertyMapping - Skipping duplicate registration of path [owner.id], existing type = [org.hibernate.type.IntegerType@6892cc6f], incoming type = [org.hibernate.type.IntegerType@6892cc6f]
2021-11-19T10:23:44,482|[TRACE] AbstractPropertyMapping - Skipping duplicate registration of path [owner.id], existing type = [org.hibernate.type.IntegerType@6892cc6f], incoming type = [org.hibernate.type.IntegerType@6892cc6f]
2021-11-19T10:23:44,483|[TRACE] AbstractPropertyMapping - Skipping duplicate registration of path [phone], existing type = [org.hibernate.type.ManyToOneType(bloodbank.entity.Phone)], incoming type = [org.hibernate.type.ManyToOneType(bloodbank.entity.Phone)]
2021-11-19T10:23:44,483|[TRACE] AbstractPropertyMapping - Skipping duplicate registration of path [phone.id], existing type = [org.hibernate.type.IntegerType@6892cc6f], incoming type = [org.hibernate.type.IntegerType@6892cc6f]
2021-11-19T10:23:44,483|[TRACE] AbstractPropertyMapping - Skipping duplicate registration of path [phone.id], existing type = [org.hibernate.type.IntegerType@6892cc6f], incoming type = [org.hibernate.type.IntegerType@6892cc6f]
2021-11-19T10:23:44,483|[TRACE] AbstractPropertyMapping - Skipping duplicate registration of path [id], existing type = [org.hibernate.type.ComponentType@3b8b4846], incoming type = [org.hibernate.type.ComponentType@3b8b4846]
2021-11-19T10:23:44,483|[TRACE] AbstractPropertyMapping - Skipping duplicate registration of path [id.personId], existing type = [org.hibernate.type.IntegerType@6892cc6f], incoming type = [org.hibernate.type.IntegerType@6892cc6f]
2021-11-19T10:23:44,483|[TRACE] AbstractPropertyMapping - Skipping duplicate registration of path [id.phoneId], existing type = [org.hibernate.type.IntegerType@6892cc6f], incoming type = [org.hibernate.type.IntegerType@6892cc6f]
2021-11-19T10:23:44,483|[DEBUG] ClassLoaderAccessImpl - Not known whether passed class name [bloodbank.entity.Phone] is safe
2021-11-19T10:23:44,483|[DEBUG] ClassLoaderAccessImpl - No temp ClassLoader provided; using live ClassLoader for loading potentially unsafe class : bloodbank.entity.Phone
2021-11-19T10:23:44,492|[TRACE] AbstractPropertyMapping - Skipping duplicate registration of path [epochCreated], existing type = [org.hibernate.type.LongType@ae7950d], incoming type = [org.hibernate.type.LongType@ae7950d]
2021-11-19T10:23:44,492|[TRACE] AbstractPropertyMapping - Skipping duplicate registration of path [epochUpdated], existing type = [org.hibernate.type.LongType@ae7950d], incoming type = [org.hibernate.type.LongType@ae7950d]
2021-11-19T10:23:44,492|[TRACE] AbstractPropertyMapping - Skipping duplicate registration of path [version], existing type = [org.hibernate.type.IntegerType@6892cc6f], incoming type = [org.hibernate.type.IntegerType@6892cc6f]
2021-11-19T10:23:44,492|[TRACE] AbstractPropertyMapping - Skipping duplicate registration of path [areaCode], existing type = [org.hibernate.type.StringType@7fc645e4], incoming type = [org.hibernate.type.StringType@7fc645e4]
2021-11-19T10:23:44,492|[TRACE] AbstractPropertyMapping - Skipping duplicate registration of path [contacts], existing type = [org.hibernate.type.SetType(bloodbank.entity.Phone.contacts)], incoming type = [org.hibernate.type.SetType(bloodbank.entity.Phone.contacts)]
2021-11-19T10:23:44,492|[TRACE] AbstractPropertyMapping - Skipping duplicate registration of path [countryCode], existing type = [org.hibernate.type.StringType@7fc645e4], incoming type = [org.hibernate.type.StringType@7fc645e4]
2021-11-19T10:23:44,492|[TRACE] AbstractPropertyMapping - Skipping duplicate registration of path [number], existing type = [org.hibernate.type.StringType@7fc645e4], incoming type = [org.hibernate.type.StringType@7fc645e4]
2021-11-19T10:23:44,492|[TRACE] AbstractPropertyMapping - Skipping duplicate registration of path [id], existing type = [org.hibernate.type.IntegerType@6892cc6f], incoming type = [org.hibernate.type.IntegerType@6892cc6f]
2021-11-19T10:23:44,493|[DEBUG] ClassLoaderAccessImpl - Not known whether passed class name [bloodbank.entity.BloodDonation] is safe
2021-11-19T10:23:44,493|[DEBUG] ClassLoaderAccessImpl - No temp ClassLoader provided; using live ClassLoader for loading potentially unsafe class : bloodbank.entity.BloodDonation
2021-11-19T10:23:44,501|[TRACE] AbstractPropertyMapping - Skipping duplicate registration of path [bank.id], existing type = [org.hibernate.type.IntegerType@6892cc6f], incoming type = [org.hibernate.type.IntegerType@6892cc6f]
2021-11-19T10:23:44,501|[TRACE] AbstractPropertyMapping - Skipping duplicate registration of path [epochCreated], existing type = [org.hibernate.type.LongType@ae7950d], incoming type = [org.hibernate.type.LongType@ae7950d]
2021-11-19T10:23:44,502|[TRACE] AbstractPropertyMapping - Skipping duplicate registration of path [epochUpdated], existing type = [org.hibernate.type.LongType@ae7950d], incoming type = [org.hibernate.type.LongType@ae7950d]
2021-11-19T10:23:44,502|[TRACE] AbstractPropertyMapping - Skipping duplicate registration of path [version], existing type = [org.hibernate.type.IntegerType@6892cc6f], incoming type = [org.hibernate.type.IntegerType@6892cc6f]
2021-11-19T10:23:44,502|[TRACE] AbstractPropertyMapping - Skipping duplicate registration of path [bank], existing type = [org.hibernate.type.ManyToOneType(bloodbank.entity.BloodBank)], incoming type = [org.hibernate.type.ManyToOneType(bloodbank.entity.BloodBank)]
2021-11-19T10:23:44,502|[TRACE] AbstractPropertyMapping - Skipping duplicate registration of path [bank.id], existing type = [org.hibernate.type.IntegerType@6892cc6f], incoming type = [org.hibernate.type.IntegerType@6892cc6f]
2021-11-19T10:23:44,502|[TRACE] AbstractPropertyMapping - Skipping duplicate registration of path [bank.id], existing type = [org.hibernate.type.IntegerType@6892cc6f], incoming type = [org.hibernate.type.IntegerType@6892cc6f]
2021-11-19T10:23:44,502|[TRACE] AbstractPropertyMapping - Skipping duplicate registration of path [bloodType], existing type = [org.hibernate.type.ComponentType@5f781173], incoming type = [org.hibernate.type.ComponentType@5f781173]
2021-11-19T10:23:44,502|[TRACE] AbstractPropertyMapping - Skipping duplicate registration of path [bloodType.bloodGroup], existing type = [org.hibernate.type.StringType@7fc645e4], incoming type = [org.hibernate.type.StringType@7fc645e4]
2021-11-19T10:23:44,502|[TRACE] AbstractPropertyMapping - Skipping duplicate registration of path [bloodType.rhd], existing type = [org.hibernate.type.ByteType@2b4786dd], incoming type = [org.hibernate.type.ByteType@2b4786dd]
2021-11-19T10:23:44,502|[TRACE] AbstractPropertyMapping - Skipping duplicate registration of path [milliliters], existing type = [org.hibernate.type.IntegerType@6892cc6f], incoming type = [org.hibernate.type.IntegerType@6892cc6f]
2021-11-19T10:23:44,502|[TRACE] AbstractPropertyMapping - Skipping duplicate registration of path [record], existing type = [org.hibernate.type.OneToOneType(bloodbank.entity.DonationRecord)], incoming type = [org.hibernate.type.OneToOneType(bloodbank.entity.DonationRecord)]
2021-11-19T10:23:44,502|[TRACE] AbstractPropertyMapping - Skipping duplicate registration of path [id], existing type = [org.hibernate.type.IntegerType@6892cc6f], incoming type = [org.hibernate.type.IntegerType@6892cc6f]
2021-11-19T10:23:44,502|[DEBUG] ClassLoaderAccessImpl - Not known whether passed class name [bloodbank.entity.BloodBank] is safe
2021-11-19T10:23:44,502|[DEBUG] ClassLoaderAccessImpl - No temp ClassLoader provided; using live ClassLoader for loading potentially unsafe class : bloodbank.entity.BloodBank
2021-11-19T10:23:44,502|[DEBUG] ClassLoaderAccessImpl - Not known whether passed class name [bloodbank.entity.PrivateBloodBank] is safe
2021-11-19T10:23:44,502|[DEBUG] ClassLoaderAccessImpl - No temp ClassLoader provided; using live ClassLoader for loading potentially unsafe class : bloodbank.entity.PrivateBloodBank
2021-11-19T10:23:44,502|[DEBUG] ClassLoaderAccessImpl - Not known whether passed class name [bloodbank.entity.PublicBloodBank] is safe
2021-11-19T10:23:44,502|[DEBUG] ClassLoaderAccessImpl - No temp ClassLoader provided; using live ClassLoader for loading potentially unsafe class : bloodbank.entity.PublicBloodBank
2021-11-19T10:23:44,515|[TRACE] AbstractPropertyMapping - Skipping duplicate registration of path [epochCreated], existing type = [org.hibernate.type.LongType@ae7950d], incoming type = [org.hibernate.type.LongType@ae7950d]
2021-11-19T10:23:44,517|[TRACE] AbstractPropertyMapping - Skipping duplicate registration of path [epochUpdated], existing type = [org.hibernate.type.LongType@ae7950d], incoming type = [org.hibernate.type.LongType@ae7950d]
2021-11-19T10:23:44,517|[TRACE] AbstractPropertyMapping - Skipping duplicate registration of path [version], existing type = [org.hibernate.type.IntegerType@6892cc6f], incoming type = [org.hibernate.type.IntegerType@6892cc6f]
2021-11-19T10:23:44,517|[TRACE] AbstractPropertyMapping - Skipping duplicate registration of path [donations], existing type = [org.hibernate.type.SetType(bloodbank.entity.BloodBank.donations)], incoming type = [org.hibernate.type.SetType(bloodbank.entity.BloodBank.donations)]
2021-11-19T10:23:44,517|[TRACE] AbstractPropertyMapping - Skipping duplicate registration of path [name], existing type = [org.hibernate.type.StringType@7fc645e4], incoming type = [org.hibernate.type.StringType@7fc645e4]
2021-11-19T10:23:44,517|[TRACE] AbstractPropertyMapping - Skipping duplicate registration of path [id], existing type = [org.hibernate.type.IntegerType@6892cc6f], incoming type = [org.hibernate.type.IntegerType@6892cc6f]
2021-11-19T10:23:44,528|[TRACE] AbstractPropertyMapping - Skipping duplicate registration of path [epochCreated], existing type = [org.hibernate.type.LongType@ae7950d], incoming type = [org.hibernate.type.LongType@ae7950d]
2021-11-19T10:23:44,528|[TRACE] AbstractPropertyMapping - Skipping duplicate registration of path [epochUpdated], existing type = [org.hibernate.type.LongType@ae7950d], incoming type = [org.hibernate.type.LongType@ae7950d]
2021-11-19T10:23:44,528|[TRACE] AbstractPropertyMapping - Skipping duplicate registration of path [version], existing type = [org.hibernate.type.IntegerType@6892cc6f], incoming type = [org.hibernate.type.IntegerType@6892cc6f]
2021-11-19T10:23:44,528|[TRACE] AbstractPropertyMapping - Skipping duplicate registration of path [donations], existing type = [org.hibernate.type.SetType(bloodbank.entity.BloodBank.donations)], incoming type = [org.hibernate.type.SetType(bloodbank.entity.BloodBank.donations)]
2021-11-19T10:23:44,528|[TRACE] AbstractPropertyMapping - Skipping duplicate registration of path [name], existing type = [org.hibernate.type.StringType@7fc645e4], incoming type = [org.hibernate.type.StringType@7fc645e4]
2021-11-19T10:23:44,528|[TRACE] AbstractPropertyMapping - Skipping duplicate registration of path [id], existing type = [org.hibernate.type.IntegerType@6892cc6f], incoming type = [org.hibernate.type.IntegerType@6892cc6f]
2021-11-19T10:23:44,528|[DEBUG] ClassLoaderAccessImpl - Not known whether passed class name [bloodbank.entity.DonationRecord] is safe
2021-11-19T10:23:44,528|[DEBUG] ClassLoaderAccessImpl - No temp ClassLoader provided; using live ClassLoader for loading potentially unsafe class : bloodbank.entity.DonationRecord
2021-11-19T10:23:44,535|[TRACE] AbstractPropertyMapping - Skipping duplicate registration of path [donation.id], existing type = [org.hibernate.type.IntegerType@6892cc6f], incoming type = [org.hibernate.type.IntegerType@6892cc6f]
2021-11-19T10:23:44,535|[TRACE] AbstractPropertyMapping - Skipping duplicate registration of path [owner.id], existing type = [org.hibernate.type.IntegerType@6892cc6f], incoming type = [org.hibernate.type.IntegerType@6892cc6f]
2021-11-19T10:23:44,535|[TRACE] AbstractPropertyMapping - Skipping duplicate registration of path [epochCreated], existing type = [org.hibernate.type.LongType@ae7950d], incoming type = [org.hibernate.type.LongType@ae7950d]
2021-11-19T10:23:44,535|[TRACE] AbstractPropertyMapping - Skipping duplicate registration of path [epochUpdated], existing type = [org.hibernate.type.LongType@ae7950d], incoming type = [org.hibernate.type.LongType@ae7950d]
2021-11-19T10:23:44,535|[TRACE] AbstractPropertyMapping - Skipping duplicate registration of path [version], existing type = [org.hibernate.type.IntegerType@6892cc6f], incoming type = [org.hibernate.type.IntegerType@6892cc6f]
2021-11-19T10:23:44,535|[TRACE] AbstractPropertyMapping - Skipping duplicate registration of path [donation], existing type = [org.hibernate.type.ManyToOneType(bloodbank.entity.BloodDonation)], incoming type = [org.hibernate.type.ManyToOneType(bloodbank.entity.BloodDonation)]
2021-11-19T10:23:44,535|[TRACE] AbstractPropertyMapping - Skipping duplicate registration of path [donation.id], existing type = [org.hibernate.type.IntegerType@6892cc6f], incoming type = [org.hibernate.type.IntegerType@6892cc6f]
2021-11-19T10:23:44,535|[TRACE] AbstractPropertyMapping - Skipping duplicate registration of path [donation.id], existing type = [org.hibernate.type.IntegerType@6892cc6f], incoming type = [org.hibernate.type.IntegerType@6892cc6f]
2021-11-19T10:23:44,535|[TRACE] AbstractPropertyMapping - Skipping duplicate registration of path [owner], existing type = [org.hibernate.type.ManyToOneType(bloodbank.entity.Person)], incoming type = [org.hibernate.type.ManyToOneType(bloodbank.entity.Person)]
2021-11-19T10:23:44,535|[TRACE] AbstractPropertyMapping - Skipping duplicate registration of path [owner.id], existing type = [org.hibernate.type.IntegerType@6892cc6f], incoming type = [org.hibernate.type.IntegerType@6892cc6f]
2021-11-19T10:23:44,535|[TRACE] AbstractPropertyMapping - Skipping duplicate registration of path [owner.id], existing type = [org.hibernate.type.IntegerType@6892cc6f], incoming type = [org.hibernate.type.IntegerType@6892cc6f]
2021-11-19T10:23:44,535|[TRACE] AbstractPropertyMapping - Skipping duplicate registration of path [tested], existing type = [org.hibernate.type.ByteType@2b4786dd], incoming type = [org.hibernate.type.ByteType@2b4786dd]
2021-11-19T10:23:44,535|[TRACE] AbstractPropertyMapping - Skipping duplicate registration of path [id], existing type = [org.hibernate.type.IntegerType@6892cc6f], incoming type = [org.hibernate.type.IntegerType@6892cc6f]
2021-11-19T10:23:44,535|[DEBUG] ClassLoaderAccessImpl - Not known whether passed class name [bloodbank.entity.Address] is safe
2021-11-19T10:23:44,535|[DEBUG] ClassLoaderAccessImpl - No temp ClassLoader provided; using live ClassLoader for loading potentially unsafe class : bloodbank.entity.Address
2021-11-19T10:23:44,546|[TRACE] AbstractPropertyMapping - Skipping duplicate registration of path [epochCreated], existing type = [org.hibernate.type.LongType@ae7950d], incoming type = [org.hibernate.type.LongType@ae7950d]
2021-11-19T10:23:44,546|[TRACE] AbstractPropertyMapping - Skipping duplicate registration of path [epochUpdated], existing type = [org.hibernate.type.LongType@ae7950d], incoming type = [org.hibernate.type.LongType@ae7950d]
2021-11-19T10:23:44,546|[TRACE] AbstractPropertyMapping - Skipping duplicate registration of path [version], existing type = [org.hibernate.type.IntegerType@6892cc6f], incoming type = [org.hibernate.type.IntegerType@6892cc6f]
2021-11-19T10:23:44,546|[TRACE] AbstractPropertyMapping - Skipping duplicate registration of path [city], existing type = [org.hibernate.type.StringType@7fc645e4], incoming type = [org.hibernate.type.StringType@7fc645e4]
2021-11-19T10:23:44,546|[TRACE] AbstractPropertyMapping - Skipping duplicate registration of path [contacts], existing type = [org.hibernate.type.SetType(bloodbank.entity.Address.contacts)], incoming type = [org.hibernate.type.SetType(bloodbank.entity.Address.contacts)]
2021-11-19T10:23:44,546|[TRACE] AbstractPropertyMapping - Skipping duplicate registration of path [country], existing type = [org.hibernate.type.StringType@7fc645e4], incoming type = [org.hibernate.type.StringType@7fc645e4]
2021-11-19T10:23:44,546|[TRACE] AbstractPropertyMapping - Skipping duplicate registration of path [province], existing type = [org.hibernate.type.StringType@7fc645e4], incoming type = [org.hibernate.type.StringType@7fc645e4]
2021-11-19T10:23:44,546|[TRACE] AbstractPropertyMapping - Skipping duplicate registration of path [street], existing type = [org.hibernate.type.StringType@7fc645e4], incoming type = [org.hibernate.type.StringType@7fc645e4]
2021-11-19T10:23:44,546|[TRACE] AbstractPropertyMapping - Skipping duplicate registration of path [streetNumber], existing type = [org.hibernate.type.StringType@7fc645e4], incoming type = [org.hibernate.type.StringType@7fc645e4]
2021-11-19T10:23:44,546|[TRACE] AbstractPropertyMapping - Skipping duplicate registration of path [zipcode], existing type = [org.hibernate.type.StringType@7fc645e4], incoming type = [org.hibernate.type.StringType@7fc645e4]
2021-11-19T10:23:44,546|[TRACE] AbstractPropertyMapping - Skipping duplicate registration of path [id], existing type = [org.hibernate.type.IntegerType@6892cc6f], incoming type = [org.hibernate.type.IntegerType@6892cc6f]
2021-11-19T10:23:44,546|[DEBUG] ClassLoaderAccessImpl - Not known whether passed class name [bloodbank.entity.Person] is safe
2021-11-19T10:23:44,546|[DEBUG] ClassLoaderAccessImpl - No temp ClassLoader provided; using live ClassLoader for loading potentially unsafe class : bloodbank.entity.Person
2021-11-19T10:23:44,555|[TRACE] AbstractPropertyMapping - Skipping duplicate registration of path [epochCreated], existing type = [org.hibernate.type.LongType@ae7950d], incoming type = [org.hibernate.type.LongType@ae7950d]
2021-11-19T10:23:44,556|[TRACE] AbstractPropertyMapping - Skipping duplicate registration of path [epochUpdated], existing type = [org.hibernate.type.LongType@ae7950d], incoming type = [org.hibernate.type.LongType@ae7950d]
2021-11-19T10:23:44,556|[TRACE] AbstractPropertyMapping - Skipping duplicate registration of path [version], existing type = [org.hibernate.type.IntegerType@6892cc6f], incoming type = [org.hibernate.type.IntegerType@6892cc6f]
2021-11-19T10:23:44,556|[TRACE] AbstractPropertyMapping - Skipping duplicate registration of path [contacts], existing type = [org.hibernate.type.SetType(bloodbank.entity.Person.contacts)], incoming type = [org.hibernate.type.SetType(bloodbank.entity.Person.contacts)]
2021-11-19T10:23:44,556|[TRACE] AbstractPropertyMapping - Skipping duplicate registration of path [donations], existing type = [org.hibernate.type.SetType(bloodbank.entity.Person.donations)], incoming type = [org.hibernate.type.SetType(bloodbank.entity.Person.donations)]
2021-11-19T10:23:44,556|[TRACE] AbstractPropertyMapping - Skipping duplicate registration of path [firstName], existing type = [org.hibernate.type.StringType@7fc645e4], incoming type = [org.hibernate.type.StringType@7fc645e4]
2021-11-19T10:23:44,556|[TRACE] AbstractPropertyMapping - Skipping duplicate registration of path [lastName], existing type = [org.hibernate.type.StringType@7fc645e4], incoming type = [org.hibernate.type.StringType@7fc645e4]
2021-11-19T10:23:44,556|[TRACE] AbstractPropertyMapping - Skipping duplicate registration of path [id], existing type = [org.hibernate.type.IntegerType@6892cc6f], incoming type = [org.hibernate.type.IntegerType@6892cc6f]
2021-11-19T10:23:44,563|[TRACE] AbstractPropertyMapping - Skipping duplicate registration of path [epochCreated], existing type = [org.hibernate.type.LongType@ae7950d], incoming type = [org.hibernate.type.LongType@ae7950d]
2021-11-19T10:23:44,563|[TRACE] AbstractPropertyMapping - Skipping duplicate registration of path [epochUpdated], existing type = [org.hibernate.type.LongType@ae7950d], incoming type = [org.hibernate.type.LongType@ae7950d]
2021-11-19T10:23:44,563|[TRACE] AbstractPropertyMapping - Skipping duplicate registration of path [version], existing type = [org.hibernate.type.IntegerType@6892cc6f], incoming type = [org.hibernate.type.IntegerType@6892cc6f]
2021-11-19T10:23:44,563|[TRACE] AbstractPropertyMapping - Skipping duplicate registration of path [donations], existing type = [org.hibernate.type.SetType(bloodbank.entity.BloodBank.donations)], incoming type = [org.hibernate.type.SetType(bloodbank.entity.BloodBank.donations)]
2021-11-19T10:23:44,563|[TRACE] AbstractPropertyMapping - Skipping duplicate registration of path [name], existing type = [org.hibernate.type.StringType@7fc645e4], incoming type = [org.hibernate.type.StringType@7fc645e4]
2021-11-19T10:23:44,563|[TRACE] AbstractPropertyMapping - Skipping duplicate registration of path [id], existing type = [org.hibernate.type.IntegerType@6892cc6f], incoming type = [org.hibernate.type.IntegerType@6892cc6f]
2021-11-19T10:23:44,563|[DEBUG] AbstractCollectionPersister - Static SQL for collection: bloodbank.entity.Address.contacts
2021-11-19T10:23:44,563|[DEBUG] AbstractCollectionPersister -  Row insert: /* create one-to-many row bloodbank.entity.Address.contacts */ update contact set address_id=? where person_id=? and phone_id=?
2021-11-19T10:23:44,563|[DEBUG] AbstractCollectionPersister -  Row update: update contact set  where person_id=? and phone_id=?
2021-11-19T10:23:44,563|[DEBUG] AbstractCollectionPersister -  Row delete: /* delete one-to-many row bloodbank.entity.Address.contacts */ update contact set address_id=null where address_id=? and person_id=? and phone_id=?
2021-11-19T10:23:44,563|[DEBUG] AbstractCollectionPersister -  One-shot delete: /* delete one-to-many bloodbank.entity.Address.contacts */ update contact set address_id=null where address_id=?
2021-11-19T10:23:44,563|[DEBUG] AbstractCollectionPersister - Static SQL for collection: bloodbank.entity.Person.donations
2021-11-19T10:23:44,563|[DEBUG] AbstractCollectionPersister -  Row insert: /* create one-to-many row bloodbank.entity.Person.donations */ update donation_record set person_id=? where record_id=?
2021-11-19T10:23:44,563|[DEBUG] AbstractCollectionPersister -  Row update: update donation_record set  where record_id=?
2021-11-19T10:23:44,563|[DEBUG] AbstractCollectionPersister -  Row delete: /* delete one-to-many row bloodbank.entity.Person.donations */ update donation_record set person_id=null where person_id=? and record_id=?
2021-11-19T10:23:44,563|[DEBUG] AbstractCollectionPersister -  One-shot delete: /* delete one-to-many bloodbank.entity.Person.donations */ update donation_record set person_id=null where person_id=?
2021-11-19T10:23:44,564|[DEBUG] AbstractCollectionPersister - Static SQL for collection: bloodbank.entity.Person.contacts
2021-11-19T10:23:44,564|[DEBUG] AbstractCollectionPersister -  Row insert: /* create one-to-many row bloodbank.entity.Person.contacts */ update contact set person_id=? where person_id=? and phone_id=?
2021-11-19T10:23:44,564|[DEBUG] AbstractCollectionPersister -  Row update: update contact set  where person_id=? and phone_id=?
2021-11-19T10:23:44,564|[DEBUG] AbstractCollectionPersister -  Row delete: /* delete one-to-many row bloodbank.entity.Person.contacts */ update contact set person_id=null where person_id=? and phone_id=?
2021-11-19T10:23:44,564|[DEBUG] AbstractCollectionPersister -  One-shot delete: /* delete one-to-many bloodbank.entity.Person.contacts */ update contact set person_id=null where person_id=?
2021-11-19T10:23:44,564|[DEBUG] AbstractCollectionPersister - Static SQL for collection: bloodbank.entity.Phone.contacts
2021-11-19T10:23:44,564|[DEBUG] AbstractCollectionPersister -  Row insert: /* create one-to-many row bloodbank.entity.Phone.contacts */ update contact set phone_id=? where person_id=? and phone_id=?
2021-11-19T10:23:44,564|[DEBUG] AbstractCollectionPersister -  Row update: update contact set  where person_id=? and phone_id=?
2021-11-19T10:23:44,564|[DEBUG] AbstractCollectionPersister -  Row delete: /* delete one-to-many row bloodbank.entity.Phone.contacts */ update contact set phone_id=null where phone_id=? and person_id=?
2021-11-19T10:23:44,564|[DEBUG] AbstractCollectionPersister -  One-shot delete: /* delete one-to-many bloodbank.entity.Phone.contacts */ update contact set phone_id=null where phone_id=?
2021-11-19T10:23:44,564|[DEBUG] AbstractCollectionPersister - Static SQL for collection: bloodbank.entity.BloodBank.donations
2021-11-19T10:23:44,564|[DEBUG] AbstractCollectionPersister -  Row insert: /* create one-to-many row bloodbank.entity.BloodBank.donations */ update blood_donation set bank_id=? where donation_id=?
2021-11-19T10:23:44,564|[DEBUG] AbstractCollectionPersister -  Row update: update blood_donation set  where donation_id=?
2021-11-19T10:23:44,564|[DEBUG] AbstractCollectionPersister -  Row delete: /* delete one-to-many row bloodbank.entity.BloodBank.donations */ update blood_donation set bank_id=null where bank_id=? and donation_id=?
2021-11-19T10:23:44,564|[DEBUG] AbstractCollectionPersister -  One-shot delete: /* delete one-to-many bloodbank.entity.BloodBank.donations */ update blood_donation set bank_id=null where bank_id=?
2021-11-19T10:23:44,564|[TRACE] AbstractEntityPersister - Ignoring subclass attribute definition [bloodbank.entity.BloodBank.epochCreated] because it is defined in a superclass 
2021-11-19T10:23:44,564|[TRACE] AbstractEntityPersister - Ignoring subclass attribute definition [bloodbank.entity.BloodBank.epochUpdated] because it is defined in a superclass 
2021-11-19T10:23:44,564|[TRACE] AbstractEntityPersister - Ignoring subclass attribute definition [bloodbank.entity.BloodBank.version] because it is defined in a superclass 
2021-11-19T10:23:44,564|[TRACE] AbstractEntityPersister - Ignoring subclass attribute definition [bloodbank.entity.BloodBank.donations] because it is defined in a superclass 
2021-11-19T10:23:44,564|[TRACE] AbstractEntityPersister - Ignoring subclass attribute definition [bloodbank.entity.BloodBank.name] because it is defined in a superclass 
2021-11-19T10:23:44,564|[TRACE] AbstractEntityPersister - Ignoring subclass attribute definition [bloodbank.entity.BloodBank.epochCreated] because it is defined in a superclass 
2021-11-19T10:23:44,564|[TRACE] AbstractEntityPersister - Ignoring subclass attribute definition [bloodbank.entity.BloodBank.epochUpdated] because it is defined in a superclass 
2021-11-19T10:23:44,564|[TRACE] AbstractEntityPersister - Ignoring subclass attribute definition [bloodbank.entity.BloodBank.version] because it is defined in a superclass 
2021-11-19T10:23:44,564|[TRACE] AbstractEntityPersister - Ignoring subclass attribute definition [bloodbank.entity.BloodBank.donations] because it is defined in a superclass 
2021-11-19T10:23:44,564|[TRACE] AbstractEntityPersister - Ignoring subclass attribute definition [bloodbank.entity.BloodBank.name] because it is defined in a superclass 
2021-11-19T10:23:44,564|[DEBUG] AbstractEntityPersister - Static SQL for entity: bloodbank.entity.Contact
2021-11-19T10:23:44,564|[DEBUG] AbstractEntityPersister -  Version select: /* get version bloodbank.entity.Contact */ select version from contact where person_id =? and phone_id =?
2021-11-19T10:23:44,564|[DEBUG] AbstractEntityPersister -  Snapshot select: /* get current state bloodbank.entity.Contact */ select contact_.person_id, contact_.phone_id, contact_.created as created3_3_, contact_.updated as updated4_3_, contact_.version as version5_3_, contact_.address_id as address_8_3_, contact_.contact_type as contact_6_3_, contact_.email as email7_3_ from contact contact_ where contact_.person_id=? and contact_.phone_id=?
2021-11-19T10:23:44,564|[DEBUG] AbstractEntityPersister -  Insert 0: /* insert bloodbank.entity.Contact */ insert into contact (created, updated, version, address_id, contact_type, email, person_id, phone_id) values (?, ?, ?, ?, ?, ?, ?, ?)
2021-11-19T10:23:44,564|[DEBUG] AbstractEntityPersister -  Update 0: /* update bloodbank.entity.Contact */ update contact set created=?, updated=?, version=?, address_id=?, contact_type=?, email=? where person_id=? and phone_id=? and version=?
2021-11-19T10:23:44,564|[DEBUG] AbstractEntityPersister -  Delete 0: /* delete bloodbank.entity.Contact */ delete from contact where person_id=? and phone_id=? and version=?
2021-11-19T10:23:44,565|[TRACE] AbstractLoadPlanBuildingAssociationVisitationStrategy -  Starting root entity : bloodbank.entity.Contact
2021-11-19T10:23:44,565|[DEBUG] QuerySpacesImpl - Adding QuerySpace : uid = <gen:0> -> org.hibernate.loader.plan.build.internal.spaces.EntityQuerySpaceImpl@3211cc84]
2021-11-19T10:23:44,565|[DEBUG] QuerySpacesImpl - Adding QuerySpace : uid = <gen:0>-id -> org.hibernate.loader.plan.build.internal.spaces.CompositeQuerySpaceImpl@3d2eb7fa]
2021-11-19T10:23:44,565|[TRACE] AbstractLoadPlanBuildingAssociationVisitationStrategy - Pushing fetch source to stack : org.hibernate.loader.plan.build.internal.returns.EntityReturnImpl@56fa0ef
2021-11-19T10:23:44,565|[TRACE] AbstractLoadPlanBuildingAssociationVisitationStrategy - .. Registering AssociationKey : AssociationKey(table=contact, columns={person_id,phone_id}) -> org.hibernate.loader.plan.build.internal.returns.EntityReturnImpl@56fa0ef
2021-11-19T10:23:44,565|[TRACE] AbstractLoadPlanBuildingAssociationVisitationStrategy - >> Starting entity identifier : bloodbank.entity.Contact
2021-11-19T10:23:44,565|[TRACE] AbstractLoadPlanBuildingAssociationVisitationStrategy - Pushing fetch source to stack : org.hibernate.loader.plan.build.internal.returns.EncapsulatedEntityIdentifierDescription@5e278e25
2021-11-19T10:23:44,565|[TRACE] AbstractLoadPlanBuildingAssociationVisitationStrategy - >>>> Starting composite : id
2021-11-19T10:23:44,565|[DEBUG] MetamodelGraphWalker - Visiting attribute path : personId
2021-11-19T10:23:44,565|[TRACE] AbstractLoadPlanBuildingAssociationVisitationStrategy - >>>> Starting attribute org.hibernate.persister.walking.internal.CompositionSingularSubAttributesHelper$1$1$3@62ee1c89
2021-11-19T10:23:44,565|[TRACE] AbstractLoadPlanBuildingAssociationVisitationStrategy - <<<< Finishing up attribute : org.hibernate.persister.walking.internal.CompositionSingularSubAttributesHelper$1$1$3@62ee1c89
2021-11-19T10:23:44,565|[DEBUG] MetamodelGraphWalker - Visiting attribute path : phoneId
2021-11-19T10:23:44,565|[TRACE] AbstractLoadPlanBuildingAssociationVisitationStrategy - >>>> Starting attribute org.hibernate.persister.walking.internal.CompositionSingularSubAttributesHelper$1$1$3@2ab7f649
2021-11-19T10:23:44,565|[TRACE] AbstractLoadPlanBuildingAssociationVisitationStrategy - <<<< Finishing up attribute : org.hibernate.persister.walking.internal.CompositionSingularSubAttributesHelper$1$1$3@2ab7f649
2021-11-19T10:23:44,565|[TRACE] AbstractLoadPlanBuildingAssociationVisitationStrategy - <<<< Finishing composite : id
2021-11-19T10:23:44,565|[TRACE] AbstractLoadPlanBuildingAssociationVisitationStrategy - Popped fetch owner from stack : org.hibernate.loader.plan.build.internal.returns.EncapsulatedEntityIdentifierDescription@5e278e25
2021-11-19T10:23:44,565|[TRACE] AbstractLoadPlanBuildingAssociationVisitationStrategy - << Finished entity identifier : bloodbank.entity.Contact
2021-11-19T10:23:44,565|[DEBUG] MetamodelGraphWalker - Visiting attribute path : epochCreated
2021-11-19T10:23:44,565|[TRACE] AbstractLoadPlanBuildingAssociationVisitationStrategy - >> Starting attribute Attribute(name=epochCreated, type=long [non-identifier])
2021-11-19T10:23:44,565|[TRACE] AbstractLoadPlanBuildingAssociationVisitationStrategy - << Finishing up attribute : Attribute(name=epochCreated, type=long [non-identifier])
2021-11-19T10:23:44,565|[DEBUG] MetamodelGraphWalker - Visiting attribute path : epochUpdated
2021-11-19T10:23:44,565|[TRACE] AbstractLoadPlanBuildingAssociationVisitationStrategy - >> Starting attribute Attribute(name=epochUpdated, type=long [non-identifier])
2021-11-19T10:23:44,565|[TRACE] AbstractLoadPlanBuildingAssociationVisitationStrategy - << Finishing up attribute : Attribute(name=epochUpdated, type=long [non-identifier])
2021-11-19T10:23:44,565|[DEBUG] MetamodelGraphWalker - Visiting attribute path : version
2021-11-19T10:23:44,565|[TRACE] AbstractLoadPlanBuildingAssociationVisitationStrategy - >> Starting attribute Attribute(name=version, type=integer [non-identifier])
2021-11-19T10:23:44,565|[TRACE] AbstractLoadPlanBuildingAssociationVisitationStrategy - << Finishing up attribute : Attribute(name=version, type=integer [non-identifier])
2021-11-19T10:23:44,565|[DEBUG] MetamodelGraphWalker - Visiting attribute path : address
2021-11-19T10:23:44,565|[TRACE] AbstractLoadPlanBuildingAssociationVisitationStrategy - >> Starting attribute Attribute(name=address, type=bloodbank.entity.Address [non-identifier,association])
2021-11-19T10:23:44,565|[DEBUG] QuerySpacesImpl - Adding QuerySpace : uid = <gen:1> -> org.hibernate.loader.plan.build.internal.spaces.EntityQuerySpaceImpl@52a74328]
2021-11-19T10:23:44,565|[TRACE] AbstractLoadPlanBuildingAssociationVisitationStrategy - << Finishing up attribute : Attribute(name=address, type=bloodbank.entity.Address [non-identifier,association])
2021-11-19T10:23:44,565|[DEBUG] MetamodelGraphWalker - Visiting attribute path : contactType
2021-11-19T10:23:44,565|[TRACE] AbstractLoadPlanBuildingAssociationVisitationStrategy - >> Starting attribute Attribute(name=contactType, type=string [non-identifier])
2021-11-19T10:23:44,565|[TRACE] AbstractLoadPlanBuildingAssociationVisitationStrategy - << Finishing up attribute : Attribute(name=contactType, type=string [non-identifier])
2021-11-19T10:23:44,565|[DEBUG] MetamodelGraphWalker - Visiting attribute path : email
2021-11-19T10:23:44,565|[TRACE] AbstractLoadPlanBuildingAssociationVisitationStrategy - >> Starting attribute Attribute(name=email, type=string [non-identifier])
2021-11-19T10:23:44,565|[TRACE] AbstractLoadPlanBuildingAssociationVisitationStrategy - << Finishing up attribute : Attribute(name=email, type=string [non-identifier])
2021-11-19T10:23:44,565|[DEBUG] MetamodelGraphWalker - Visiting attribute path : owner
2021-11-19T10:23:44,565|[TRACE] AbstractLoadPlanBuildingAssociationVisitationStrategy - >> Starting attribute Attribute(name=owner, type=bloodbank.entity.Person [non-identifier,association])
2021-11-19T10:23:44,565|[DEBUG] QuerySpacesImpl - Adding QuerySpace : uid = <gen:2> -> org.hibernate.loader.plan.build.internal.spaces.EntityQuerySpaceImpl@3093b9ff]
2021-11-19T10:23:44,565|[TRACE] AbstractLoadPlanBuildingAssociationVisitationStrategy - << Finishing up attribute : Attribute(name=owner, type=bloodbank.entity.Person [non-identifier,association])
2021-11-19T10:23:44,565|[DEBUG] MetamodelGraphWalker - Visiting attribute path : phone
2021-11-19T10:23:44,565|[TRACE] AbstractLoadPlanBuildingAssociationVisitationStrategy - >> Starting attribute Attribute(name=phone, type=bloodbank.entity.Phone [non-identifier,association])
2021-11-19T10:23:44,565|[DEBUG] QuerySpacesImpl - Adding QuerySpace : uid = <gen:3> -> org.hibernate.loader.plan.build.internal.spaces.EntityQuerySpaceImpl@220be130]
2021-11-19T10:23:44,565|[TRACE] AbstractLoadPlanBuildingAssociationVisitationStrategy - << Finishing up attribute : Attribute(name=phone, type=bloodbank.entity.Phone [non-identifier,association])
2021-11-19T10:23:44,565|[TRACE] AbstractLoadPlanBuildingAssociationVisitationStrategy - Popped fetch owner from stack : org.hibernate.loader.plan.build.internal.returns.EntityReturnImpl@56fa0ef
2021-11-19T10:23:44,565|[TRACE] AbstractLoadPlanBuildingAssociationVisitationStrategy -  Finished root entity : bloodbank.entity.Contact
2021-11-19T10:23:44,565|[DEBUG] FetchStyleLoadPlanBuildingAssociationVisitationStrategy - Building LoadPlan...
2021-11-19T10:23:44,566|[DEBUG] LoadQueryJoinAndFetchProcessor - processing queryspace <gen:0>
2021-11-19T10:23:44,566|[DEBUG] LoadPlanTreePrinter - LoadPlan(entity=bloodbank.entity.Contact)
    - Returns
       - EntityReturnImpl(entity=bloodbank.entity.Contact, querySpaceUid=<gen:0>, path=bloodbank.entity.Contact)
          - EntityAttributeFetchImpl(entity=bloodbank.entity.Address, querySpaceUid=<gen:1>, path=bloodbank.entity.Contact.address)
          - EntityAttributeFetchImpl(entity=bloodbank.entity.Person, querySpaceUid=<gen:2>, path=bloodbank.entity.Contact.owner)
          - EntityAttributeFetchImpl(entity=bloodbank.entity.Phone, querySpaceUid=<gen:3>, path=bloodbank.entity.Contact.phone)
    - QuerySpaces
       - EntityQuerySpaceImpl(uid=<gen:0>, entity=bloodbank.entity.Contact)
          - SQL table alias mapping - contact0_
          - alias suffix - 0_
          - suffixed key columns - {person_i1_3_0_, phone_id2_3_0_}
          - JOIN (JoinDefinedByMetadata(id)) : <gen:0> -> <gen:0>-id
             - CompositeQuerySpaceImpl(uid=<gen:0>-id)
                - SQL table alias mapping - contact0_

2021-11-19T10:23:44,566|[DEBUG] EntityLoader - Static select for entity bloodbank.entity.Contact [NONE]: select contact0_.person_id as person_i1_3_0_, contact0_.phone_id as phone_id2_3_0_, contact0_.created as created3_3_0_, contact0_.updated as updated4_3_0_, contact0_.version as version5_3_0_, contact0_.address_id as address_8_3_0_, contact0_.contact_type as contact_6_3_0_, contact0_.email as email7_3_0_ from contact contact0_ where contact0_.person_id=? and contact0_.phone_id=?
2021-11-19T10:23:44,566|[DEBUG] AbstractEntityPersister - Static SQL for entity: bloodbank.entity.Phone
2021-11-19T10:23:44,566|[DEBUG] AbstractEntityPersister -  Version select: /* get version bloodbank.entity.Phone */ select version from phone where phone_id =?
2021-11-19T10:23:44,566|[DEBUG] AbstractEntityPersister -  Snapshot select: /* get current state bloodbank.entity.Phone */ select phone_.phone_id, phone_.created as created2_6_, phone_.updated as updated3_6_, phone_.version as version4_6_, phone_.area_code as area_cod5_6_, phone_.country_code as country_6_6_, phone_.number as number7_6_ from phone phone_ where phone_.phone_id=?
2021-11-19T10:23:44,566|[DEBUG] AbstractEntityPersister -  Insert 0: /* insert bloodbank.entity.Phone */ insert into phone (created, updated, version, area_code, country_code, number, phone_id) values (?, ?, ?, ?, ?, ?, ?)
2021-11-19T10:23:44,566|[DEBUG] AbstractEntityPersister -  Update 0: /* update bloodbank.entity.Phone */ update phone set created=?, updated=?, version=?, area_code=?, country_code=?, number=? where phone_id=? and version=?
2021-11-19T10:23:44,566|[DEBUG] AbstractEntityPersister -  Delete 0: /* delete bloodbank.entity.Phone */ delete from phone where phone_id=? and version=?
2021-11-19T10:23:44,566|[DEBUG] AbstractEntityPersister -  Identity insert: /* insert bloodbank.entity.Phone */ insert into phone (created, updated, version, area_code, country_code, number) values (?, ?, ?, ?, ?, ?)
2021-11-19T10:23:44,566|[TRACE] AbstractLoadPlanBuildingAssociationVisitationStrategy -  Starting root entity : bloodbank.entity.Phone
2021-11-19T10:23:44,566|[DEBUG] QuerySpacesImpl - Adding QuerySpace : uid = <gen:0> -> org.hibernate.loader.plan.build.internal.spaces.EntityQuerySpaceImpl@379b4e86]
2021-11-19T10:23:44,566|[TRACE] AbstractLoadPlanBuildingAssociationVisitationStrategy - Pushing fetch source to stack : org.hibernate.loader.plan.build.internal.returns.EntityReturnImpl@5f4df55e
2021-11-19T10:23:44,566|[TRACE] AbstractLoadPlanBuildingAssociationVisitationStrategy - .. Registering AssociationKey : AssociationKey(table=phone, columns={phone_id}) -> org.hibernate.loader.plan.build.internal.returns.EntityReturnImpl@5f4df55e
2021-11-19T10:23:44,566|[TRACE] AbstractLoadPlanBuildingAssociationVisitationStrategy - >> Starting entity identifier : bloodbank.entity.Phone
2021-11-19T10:23:44,566|[DEBUG] MetamodelGraphWalker - Visiting attribute path : epochCreated
2021-11-19T10:23:44,566|[TRACE] AbstractLoadPlanBuildingAssociationVisitationStrategy - >> Starting attribute Attribute(name=epochCreated, type=long [non-identifier])
2021-11-19T10:23:44,566|[TRACE] AbstractLoadPlanBuildingAssociationVisitationStrategy - << Finishing up attribute : Attribute(name=epochCreated, type=long [non-identifier])
2021-11-19T10:23:44,566|[DEBUG] MetamodelGraphWalker - Visiting attribute path : epochUpdated
2021-11-19T10:23:44,566|[TRACE] AbstractLoadPlanBuildingAssociationVisitationStrategy - >> Starting attribute Attribute(name=epochUpdated, type=long [non-identifier])
2021-11-19T10:23:44,566|[TRACE] AbstractLoadPlanBuildingAssociationVisitationStrategy - << Finishing up attribute : Attribute(name=epochUpdated, type=long [non-identifier])
2021-11-19T10:23:44,567|[DEBUG] MetamodelGraphWalker - Visiting attribute path : version
2021-11-19T10:23:44,567|[TRACE] AbstractLoadPlanBuildingAssociationVisitationStrategy - >> Starting attribute Attribute(name=version, type=integer [non-identifier])
2021-11-19T10:23:44,567|[TRACE] AbstractLoadPlanBuildingAssociationVisitationStrategy - << Finishing up attribute : Attribute(name=version, type=integer [non-identifier])
2021-11-19T10:23:44,567|[DEBUG] MetamodelGraphWalker - Visiting attribute path : areaCode
2021-11-19T10:23:44,567|[TRACE] AbstractLoadPlanBuildingAssociationVisitationStrategy - >> Starting attribute Attribute(name=areaCode, type=string [non-identifier])
2021-11-19T10:23:44,567|[TRACE] AbstractLoadPlanBuildingAssociationVisitationStrategy - << Finishing up attribute : Attribute(name=areaCode, type=string [non-identifier])
2021-11-19T10:23:44,567|[DEBUG] MetamodelGraphWalker - Visiting attribute path : contacts
2021-11-19T10:23:44,567|[TRACE] AbstractLoadPlanBuildingAssociationVisitationStrategy - >> Starting attribute Attribute(name=contacts, type=java.util.Set(bloodbank.entity.Phone.contacts) [non-identifier,association])
2021-11-19T10:23:44,567|[DEBUG] QuerySpacesImpl - Adding QuerySpace : uid = <gen:1> -> org.hibernate.loader.plan.build.internal.spaces.CollectionQuerySpaceImpl@72bce309]
2021-11-19T10:23:44,567|[DEBUG] QuerySpacesImpl - Adding QuerySpace : uid = <gen:2> -> org.hibernate.loader.plan.build.internal.spaces.EntityQuerySpaceImpl@f439e0f]
2021-11-19T10:23:44,567|[DEBUG] QuerySpacesImpl - Adding QuerySpace : uid = <gen:2>-id -> org.hibernate.loader.plan.build.internal.spaces.CompositeQuerySpaceImpl@62410e1f]
2021-11-19T10:23:44,567|[TRACE] AbstractLoadPlanBuildingAssociationVisitationStrategy - << Finishing up attribute : Attribute(name=contacts, type=java.util.Set(bloodbank.entity.Phone.contacts) [non-identifier,association])
2021-11-19T10:23:44,567|[DEBUG] MetamodelGraphWalker - Visiting attribute path : countryCode
2021-11-19T10:23:44,567|[TRACE] AbstractLoadPlanBuildingAssociationVisitationStrategy - >> Starting attribute Attribute(name=countryCode, type=string [non-identifier])
2021-11-19T10:23:44,567|[TRACE] AbstractLoadPlanBuildingAssociationVisitationStrategy - << Finishing up attribute : Attribute(name=countryCode, type=string [non-identifier])
2021-11-19T10:23:44,567|[DEBUG] MetamodelGraphWalker - Visiting attribute path : number
2021-11-19T10:23:44,567|[TRACE] AbstractLoadPlanBuildingAssociationVisitationStrategy - >> Starting attribute Attribute(name=number, type=string [non-identifier])
2021-11-19T10:23:44,567|[TRACE] AbstractLoadPlanBuildingAssociationVisitationStrategy - << Finishing up attribute : Attribute(name=number, type=string [non-identifier])
2021-11-19T10:23:44,567|[TRACE] AbstractLoadPlanBuildingAssociationVisitationStrategy - Popped fetch owner from stack : org.hibernate.loader.plan.build.internal.returns.EntityReturnImpl@5f4df55e
2021-11-19T10:23:44,567|[TRACE] AbstractLoadPlanBuildingAssociationVisitationStrategy -  Finished root entity : bloodbank.entity.Phone
2021-11-19T10:23:44,567|[DEBUG] FetchStyleLoadPlanBuildingAssociationVisitationStrategy - Building LoadPlan...
2021-11-19T10:23:44,567|[DEBUG] LoadQueryJoinAndFetchProcessor - processing queryspace <gen:0>
2021-11-19T10:23:44,567|[DEBUG] LoadPlanTreePrinter - LoadPlan(entity=bloodbank.entity.Phone)
    - Returns
       - EntityReturnImpl(entity=bloodbank.entity.Phone, querySpaceUid=<gen:0>, path=bloodbank.entity.Phone)
          - CollectionAttributeFetchImpl(collection=bloodbank.entity.Phone.contacts, querySpaceUid=<gen:1>, path=bloodbank.entity.Phone.contacts)
             - (collection element) CollectionFetchableElementEntityGraph(entity=bloodbank.entity.Contact, querySpaceUid=<gen:2>, path=bloodbank.entity.Phone.contacts.<elements>)
    - QuerySpaces
       - EntityQuerySpaceImpl(uid=<gen:0>, entity=bloodbank.entity.Phone)
          - SQL table alias mapping - phone0_
          - alias suffix - 0_
          - suffixed key columns - {phone_id1_6_0_}

2021-11-19T10:23:44,567|[DEBUG] EntityLoader - Static select for entity bloodbank.entity.Phone [NONE]: select phone0_.phone_id as phone_id1_6_0_, phone0_.created as created2_6_0_, phone0_.updated as updated3_6_0_, phone0_.version as version4_6_0_, phone0_.area_code as area_cod5_6_0_, phone0_.country_code as country_6_6_0_, phone0_.number as number7_6_0_ from phone phone0_ where phone0_.phone_id=?
2021-11-19T10:23:44,567|[DEBUG] AbstractEntityPersister - Static SQL for entity: bloodbank.entity.BloodDonation
2021-11-19T10:23:44,567|[DEBUG] AbstractEntityPersister -  Version select: /* get version bloodbank.entity.BloodDonation */ select version from blood_donation where donation_id =?
2021-11-19T10:23:44,567|[DEBUG] AbstractEntityPersister -  Snapshot select: /* get current state bloodbank.entity.BloodDonation */ select blooddonat_.donation_id, blooddonat_.created as created2_2_, blooddonat_.updated as updated3_2_, blooddonat_.version as version4_2_, blooddonat_.bank_id as bank_id8_2_, blooddonat_.blood_group as blood_gr5_2_, blooddonat_.rhd as rhd6_2_, blooddonat_.milliliters as millilit7_2_ from blood_donation blooddonat_ where blooddonat_.donation_id=?
2021-11-19T10:23:44,567|[DEBUG] AbstractEntityPersister -  Insert 0: /* insert bloodbank.entity.BloodDonation */ insert into blood_donation (created, updated, version, bank_id, blood_group, rhd, milliliters, donation_id) values (?, ?, ?, ?, ?, ?, ?, ?)
2021-11-19T10:23:44,568|[DEBUG] AbstractEntityPersister -  Update 0: /* update bloodbank.entity.BloodDonation */ update blood_donation set created=?, updated=?, version=?, bank_id=?, blood_group=?, rhd=?, milliliters=? where donation_id=? and version=?
2021-11-19T10:23:44,568|[DEBUG] AbstractEntityPersister -  Delete 0: /* delete bloodbank.entity.BloodDonation */ delete from blood_donation where donation_id=? and version=?
2021-11-19T10:23:44,568|[DEBUG] AbstractEntityPersister -  Identity insert: /* insert bloodbank.entity.BloodDonation */ insert into blood_donation (created, updated, version, bank_id, blood_group, rhd, milliliters) values (?, ?, ?, ?, ?, ?, ?)
2021-11-19T10:23:44,568|[TRACE] AbstractLoadPlanBuildingAssociationVisitationStrategy -  Starting root entity : bloodbank.entity.BloodDonation
2021-11-19T10:23:44,568|[DEBUG] QuerySpacesImpl - Adding QuerySpace : uid = <gen:0> -> org.hibernate.loader.plan.build.internal.spaces.EntityQuerySpaceImpl@5296f00c]
2021-11-19T10:23:44,568|[TRACE] AbstractLoadPlanBuildingAssociationVisitationStrategy - Pushing fetch source to stack : org.hibernate.loader.plan.build.internal.returns.EntityReturnImpl@4727e5fc
2021-11-19T10:23:44,568|[TRACE] AbstractLoadPlanBuildingAssociationVisitationStrategy - .. Registering AssociationKey : AssociationKey(table=blood_donation, columns={donation_id}) -> org.hibernate.loader.plan.build.internal.returns.EntityReturnImpl@4727e5fc
2021-11-19T10:23:44,568|[TRACE] AbstractLoadPlanBuildingAssociationVisitationStrategy - >> Starting entity identifier : bloodbank.entity.BloodDonation
2021-11-19T10:23:44,568|[DEBUG] MetamodelGraphWalker - Visiting attribute path : epochCreated
2021-11-19T10:23:44,568|[TRACE] AbstractLoadPlanBuildingAssociationVisitationStrategy - >> Starting attribute Attribute(name=epochCreated, type=long [non-identifier])
2021-11-19T10:23:44,568|[TRACE] AbstractLoadPlanBuildingAssociationVisitationStrategy - << Finishing up attribute : Attribute(name=epochCreated, type=long [non-identifier])
2021-11-19T10:23:44,568|[DEBUG] MetamodelGraphWalker - Visiting attribute path : epochUpdated
2021-11-19T10:23:44,568|[TRACE] AbstractLoadPlanBuildingAssociationVisitationStrategy - >> Starting attribute Attribute(name=epochUpdated, type=long [non-identifier])
2021-11-19T10:23:44,568|[TRACE] AbstractLoadPlanBuildingAssociationVisitationStrategy - << Finishing up attribute : Attribute(name=epochUpdated, type=long [non-identifier])
2021-11-19T10:23:44,568|[DEBUG] MetamodelGraphWalker - Visiting attribute path : version
2021-11-19T10:23:44,568|[TRACE] AbstractLoadPlanBuildingAssociationVisitationStrategy - >> Starting attribute Attribute(name=version, type=integer [non-identifier])
2021-11-19T10:23:44,568|[TRACE] AbstractLoadPlanBuildingAssociationVisitationStrategy - << Finishing up attribute : Attribute(name=version, type=integer [non-identifier])
2021-11-19T10:23:44,568|[DEBUG] MetamodelGraphWalker - Visiting attribute path : bank
2021-11-19T10:23:44,568|[TRACE] AbstractLoadPlanBuildingAssociationVisitationStrategy - >> Starting attribute Attribute(name=bank, type=bloodbank.entity.BloodBank [non-identifier,association])
2021-11-19T10:23:44,568|[DEBUG] QuerySpacesImpl - Adding QuerySpace : uid = <gen:1> -> org.hibernate.loader.plan.build.internal.spaces.EntityQuerySpaceImpl@5487a8f1]
2021-11-19T10:23:44,568|[TRACE] AbstractLoadPlanBuildingAssociationVisitationStrategy - << Finishing up attribute : Attribute(name=bank, type=bloodbank.entity.BloodBank [non-identifier,association])
2021-11-19T10:23:44,568|[DEBUG] MetamodelGraphWalker - Visiting attribute path : bloodType
2021-11-19T10:23:44,568|[TRACE] AbstractLoadPlanBuildingAssociationVisitationStrategy - >> Starting attribute Attribute(name=bloodType, type=component[bloodGroup,rhd] [non-identifier,composition])
2021-11-19T10:23:44,568|[DEBUG] QuerySpacesImpl - Adding QuerySpace : uid = <gen:2> -> org.hibernate.loader.plan.build.internal.spaces.CompositeQuerySpaceImpl@3e5c7588]
2021-11-19T10:23:44,568|[TRACE] AbstractLoadPlanBuildingAssociationVisitationStrategy - Pushing fetch source to stack : org.hibernate.loader.plan.build.internal.returns.CompositeAttributeFetchImpl@5b2ff4df
2021-11-19T10:23:44,569|[TRACE] AbstractLoadPlanBuildingAssociationVisitationStrategy - >>>> Starting composite : bloodType
2021-11-19T10:23:44,569|[DEBUG] MetamodelGraphWalker - Visiting attribute path : bloodType.bloodGroup
2021-11-19T10:23:44,569|[TRACE] AbstractLoadPlanBuildingAssociationVisitationStrategy - >>>> Starting attribute Attribute(name=bloodGroup, type=string [non-identifier])
2021-11-19T10:23:44,569|[TRACE] AbstractLoadPlanBuildingAssociationVisitationStrategy - <<<< Finishing up attribute : Attribute(name=bloodGroup, type=string [non-identifier])
2021-11-19T10:23:44,569|[DEBUG] MetamodelGraphWalker - Visiting attribute path : bloodType.rhd
2021-11-19T10:23:44,569|[TRACE] AbstractLoadPlanBuildingAssociationVisitationStrategy - >>>> Starting attribute Attribute(name=rhd, type=byte [non-identifier])
2021-11-19T10:23:44,569|[TRACE] AbstractLoadPlanBuildingAssociationVisitationStrategy - <<<< Finishing up attribute : Attribute(name=rhd, type=byte [non-identifier])
2021-11-19T10:23:44,569|[TRACE] AbstractLoadPlanBuildingAssociationVisitationStrategy - <<<< Finishing composite : bloodType
2021-11-19T10:23:44,569|[TRACE] AbstractLoadPlanBuildingAssociationVisitationStrategy - Popped fetch owner from stack : org.hibernate.loader.plan.build.internal.returns.CompositeAttributeFetchImpl@5b2ff4df
2021-11-19T10:23:44,569|[TRACE] AbstractLoadPlanBuildingAssociationVisitationStrategy - << Finishing up attribute : Attribute(name=bloodType, type=component[bloodGroup,rhd] [non-identifier,composition])
2021-11-19T10:23:44,569|[DEBUG] MetamodelGraphWalker - Visiting attribute path : milliliters
2021-11-19T10:23:44,569|[TRACE] AbstractLoadPlanBuildingAssociationVisitationStrategy - >> Starting attribute Attribute(name=milliliters, type=integer [non-identifier])
2021-11-19T10:23:44,569|[TRACE] AbstractLoadPlanBuildingAssociationVisitationStrategy - << Finishing up attribute : Attribute(name=milliliters, type=integer [non-identifier])
2021-11-19T10:23:44,569|[DEBUG] MetamodelGraphWalker - Visiting attribute path : record
2021-11-19T10:23:44,569|[DEBUG] MetamodelGraphWalker - Property path deemed to be circular : record
2021-11-19T10:23:44,569|[TRACE] AbstractLoadPlanBuildingAssociationVisitationStrategy - Popped fetch owner from stack : org.hibernate.loader.plan.build.internal.returns.EntityReturnImpl@4727e5fc
2021-11-19T10:23:44,569|[TRACE] AbstractLoadPlanBuildingAssociationVisitationStrategy -  Finished root entity : bloodbank.entity.BloodDonation
2021-11-19T10:23:44,569|[DEBUG] FetchStyleLoadPlanBuildingAssociationVisitationStrategy - Building LoadPlan...
2021-11-19T10:23:44,569|[DEBUG] LoadQueryJoinAndFetchProcessor - processing queryspace <gen:0>
2021-11-19T10:23:44,570|[DEBUG] LoadPlanTreePrinter - LoadPlan(entity=bloodbank.entity.BloodDonation)
    - Returns
       - EntityReturnImpl(entity=bloodbank.entity.BloodDonation, querySpaceUid=<gen:0>, path=bloodbank.entity.BloodDonation)
          - EntityAttributeFetchImpl(entity=bloodbank.entity.BloodBank, querySpaceUid=<gen:1>, path=bloodbank.entity.BloodDonation.bank)
          - CompositeAttributeFetchImpl(composite=bloodbank.entity.BloodType, querySpaceUid=<gen:2>, path=bloodbank.entity.BloodDonation.bloodType)
    - QuerySpaces
       - EntityQuerySpaceImpl(uid=<gen:0>, entity=bloodbank.entity.BloodDonation)
          - SQL table alias mapping - blooddonat0_
          - alias suffix - 0_
          - suffixed key columns - {donation1_2_0_}
          - JOIN (JoinDefinedByMetadata(bloodType)) : <gen:0> -> <gen:2>
             - CompositeQuerySpaceImpl(uid=<gen:2>)
                - SQL table alias mapping - blooddonat0_

2021-11-19T10:23:44,570|[DEBUG] EntityLoader - Static select for entity bloodbank.entity.BloodDonation [NONE]: select blooddonat0_.donation_id as donation1_2_0_, blooddonat0_.created as created2_2_0_, blooddonat0_.updated as updated3_2_0_, blooddonat0_.version as version4_2_0_, blooddonat0_.bank_id as bank_id8_2_0_, blooddonat0_.blood_group as blood_gr5_2_0_, blooddonat0_.rhd as rhd6_2_0_, blooddonat0_.milliliters as millilit7_2_0_ from blood_donation blooddonat0_ where blooddonat0_.donation_id=?
2021-11-19T10:23:44,570|[DEBUG] AbstractEntityPersister - Static SQL for entity: bloodbank.entity.BloodBank
2021-11-19T10:23:44,570|[DEBUG] AbstractEntityPersister -  Version select: /* get version bloodbank.entity.BloodBank */ select version from blood_bank where bank_id =?
2021-11-19T10:23:44,570|[DEBUG] AbstractEntityPersister -  Snapshot select: /* get current state bloodbank.entity.BloodBank */ select bloodbank_.bank_id, bloodbank_.created as created3_1_, bloodbank_.updated as updated4_1_, bloodbank_.version as version5_1_, bloodbank_.name as name6_1_ from blood_bank bloodbank_ where bloodbank_.bank_id=?
2021-11-19T10:23:44,570|[DEBUG] AbstractEntityPersister -  Insert 0: /* insert bloodbank.entity.BloodBank */ insert into blood_bank (created, updated, version, name, privately_owned, bank_id) values (?, ?, ?, ?, -1082010826, ?)
2021-11-19T10:23:44,570|[DEBUG] AbstractEntityPersister -  Update 0: /* update bloodbank.entity.BloodBank */ update blood_bank set created=?, updated=?, version=?, name=? where bank_id=? and version=?
2021-11-19T10:23:44,570|[DEBUG] AbstractEntityPersister -  Delete 0: /* delete bloodbank.entity.BloodBank */ delete from blood_bank where bank_id=? and version=?
2021-11-19T10:23:44,570|[DEBUG] AbstractEntityPersister -  Identity insert: /* insert bloodbank.entity.BloodBank */ insert into blood_bank (created, updated, version, name, privately_owned) values (?, ?, ?, ?, -1082010826)
2021-11-19T10:23:44,570|[TRACE] AbstractLoadPlanBuildingAssociationVisitationStrategy -  Starting root entity : bloodbank.entity.BloodBank
2021-11-19T10:23:44,570|[DEBUG] QuerySpacesImpl - Adding QuerySpace : uid = <gen:0> -> org.hibernate.loader.plan.build.internal.spaces.EntityQuerySpaceImpl@23dff243]
2021-11-19T10:23:44,570|[TRACE] AbstractLoadPlanBuildingAssociationVisitationStrategy - Pushing fetch source to stack : org.hibernate.loader.plan.build.internal.returns.EntityReturnImpl@4af606e9
2021-11-19T10:23:44,570|[TRACE] AbstractLoadPlanBuildingAssociationVisitationStrategy - .. Registering AssociationKey : AssociationKey(table=blood_bank, columns={bank_id}) -> org.hibernate.loader.plan.build.internal.returns.EntityReturnImpl@4af606e9
2021-11-19T10:23:44,570|[TRACE] AbstractLoadPlanBuildingAssociationVisitationStrategy - >> Starting entity identifier : bloodbank.entity.BloodBank
2021-11-19T10:23:44,570|[DEBUG] MetamodelGraphWalker - Visiting attribute path : epochCreated
2021-11-19T10:23:44,570|[TRACE] AbstractLoadPlanBuildingAssociationVisitationStrategy - >> Starting attribute Attribute(name=epochCreated, type=long [non-identifier])
2021-11-19T10:23:44,570|[TRACE] AbstractLoadPlanBuildingAssociationVisitationStrategy - << Finishing up attribute : Attribute(name=epochCreated, type=long [non-identifier])
2021-11-19T10:23:44,570|[DEBUG] MetamodelGraphWalker - Visiting attribute path : epochUpdated
2021-11-19T10:23:44,570|[TRACE] AbstractLoadPlanBuildingAssociationVisitationStrategy - >> Starting attribute Attribute(name=epochUpdated, type=long [non-identifier])
2021-11-19T10:23:44,570|[TRACE] AbstractLoadPlanBuildingAssociationVisitationStrategy - << Finishing up attribute : Attribute(name=epochUpdated, type=long [non-identifier])
2021-11-19T10:23:44,570|[DEBUG] MetamodelGraphWalker - Visiting attribute path : version
2021-11-19T10:23:44,570|[TRACE] AbstractLoadPlanBuildingAssociationVisitationStrategy - >> Starting attribute Attribute(name=version, type=integer [non-identifier])
2021-11-19T10:23:44,570|[TRACE] AbstractLoadPlanBuildingAssociationVisitationStrategy - << Finishing up attribute : Attribute(name=version, type=integer [non-identifier])
2021-11-19T10:23:44,570|[DEBUG] MetamodelGraphWalker - Visiting attribute path : donations
2021-11-19T10:23:44,571|[TRACE] AbstractLoadPlanBuildingAssociationVisitationStrategy - >> Starting attribute Attribute(name=donations, type=java.util.Set(bloodbank.entity.BloodBank.donations) [non-identifier,association])
2021-11-19T10:23:44,571|[DEBUG] QuerySpacesImpl - Adding QuerySpace : uid = <gen:1> -> org.hibernate.loader.plan.build.internal.spaces.CollectionQuerySpaceImpl@17dbca0a]
2021-11-19T10:23:44,571|[DEBUG] QuerySpacesImpl - Adding QuerySpace : uid = <gen:2> -> org.hibernate.loader.plan.build.internal.spaces.EntityQuerySpaceImpl@33765d22]
2021-11-19T10:23:44,571|[TRACE] AbstractLoadPlanBuildingAssociationVisitationStrategy - << Finishing up attribute : Attribute(name=donations, type=java.util.Set(bloodbank.entity.BloodBank.donations) [non-identifier,association])
2021-11-19T10:23:44,571|[DEBUG] MetamodelGraphWalker - Visiting attribute path : name
2021-11-19T10:23:44,571|[TRACE] AbstractLoadPlanBuildingAssociationVisitationStrategy - >> Starting attribute Attribute(name=name, type=string [non-identifier])
2021-11-19T10:23:44,571|[TRACE] AbstractLoadPlanBuildingAssociationVisitationStrategy - << Finishing up attribute : Attribute(name=name, type=string [non-identifier])
2021-11-19T10:23:44,571|[TRACE] AbstractLoadPlanBuildingAssociationVisitationStrategy - Popped fetch owner from stack : org.hibernate.loader.plan.build.internal.returns.EntityReturnImpl@4af606e9
2021-11-19T10:23:44,571|[TRACE] AbstractLoadPlanBuildingAssociationVisitationStrategy -  Finished root entity : bloodbank.entity.BloodBank
2021-11-19T10:23:44,571|[DEBUG] FetchStyleLoadPlanBuildingAssociationVisitationStrategy - Building LoadPlan...
2021-11-19T10:23:44,572|[DEBUG] LoadQueryJoinAndFetchProcessor - processing queryspace <gen:0>
2021-11-19T10:23:44,573|[DEBUG] LoadPlanTreePrinter - LoadPlan(entity=bloodbank.entity.BloodBank)
    - Returns
       - EntityReturnImpl(entity=bloodbank.entity.BloodBank, querySpaceUid=<gen:0>, path=bloodbank.entity.BloodBank)
          - CollectionAttributeFetchImpl(collection=bloodbank.entity.BloodBank.donations, querySpaceUid=<gen:1>, path=bloodbank.entity.BloodBank.donations)
             - (collection element) CollectionFetchableElementEntityGraph(entity=bloodbank.entity.BloodDonation, querySpaceUid=<gen:2>, path=bloodbank.entity.BloodBank.donations.<elements>)
    - QuerySpaces
       - EntityQuerySpaceImpl(uid=<gen:0>, entity=bloodbank.entity.BloodBank)
          - SQL table alias mapping - bloodbank0_
          - alias suffix - 0_
          - suffixed key columns - {bank_id2_1_0_}

2021-11-19T10:23:44,574|[DEBUG] EntityLoader - Static select for entity bloodbank.entity.BloodBank [NONE]: select bloodbank0_.bank_id as bank_id2_1_0_, bloodbank0_.created as created3_1_0_, bloodbank0_.updated as updated4_1_0_, bloodbank0_.version as version5_1_0_, bloodbank0_.name as name6_1_0_, bloodbank0_.privately_owned as privatel1_1_0_ from blood_bank bloodbank0_ where bloodbank0_.bank_id=?
2021-11-19T10:23:44,574|[DEBUG] AbstractEntityPersister - Static SQL for entity: bloodbank.entity.PrivateBloodBank
2021-11-19T10:23:44,574|[DEBUG] AbstractEntityPersister -  Version select: /* get version bloodbank.entity.PrivateBloodBank */ select version from blood_bank where bank_id =?
2021-11-19T10:23:44,574|[DEBUG] AbstractEntityPersister -  Snapshot select: /* get current state bloodbank.entity.PrivateBloodBank */ select privateblo_.bank_id, privateblo_.created as created3_1_, privateblo_.updated as updated4_1_, privateblo_.version as version5_1_, privateblo_.name as name6_1_ from blood_bank privateblo_ where privateblo_.bank_id=?
2021-11-19T10:23:44,574|[DEBUG] AbstractEntityPersister -  Insert 0: /* insert bloodbank.entity.PrivateBloodBank */ insert into blood_bank (created, updated, version, name, privately_owned, bank_id) values (?, ?, ?, ?, 1, ?)
2021-11-19T10:23:44,574|[DEBUG] AbstractEntityPersister -  Update 0: /* update bloodbank.entity.PrivateBloodBank */ update blood_bank set created=?, updated=?, version=?, name=? where bank_id=? and version=?
2021-11-19T10:23:44,574|[DEBUG] AbstractEntityPersister -  Delete 0: /* delete bloodbank.entity.PrivateBloodBank */ delete from blood_bank where bank_id=? and version=?
2021-11-19T10:23:44,574|[DEBUG] AbstractEntityPersister -  Identity insert: /* insert bloodbank.entity.PrivateBloodBank */ insert into blood_bank (created, updated, version, name, privately_owned) values (?, ?, ?, ?, 1)
2021-11-19T10:23:44,574|[TRACE] AbstractLoadPlanBuildingAssociationVisitationStrategy -  Starting root entity : bloodbank.entity.PrivateBloodBank
2021-11-19T10:23:44,575|[DEBUG] QuerySpacesImpl - Adding QuerySpace : uid = <gen:0> -> org.hibernate.loader.plan.build.internal.spaces.EntityQuerySpaceImpl@6f67ece5]
2021-11-19T10:23:44,575|[TRACE] AbstractLoadPlanBuildingAssociationVisitationStrategy - Pushing fetch source to stack : org.hibernate.loader.plan.build.internal.returns.EntityReturnImpl@155c7eae
2021-11-19T10:23:44,575|[TRACE] AbstractLoadPlanBuildingAssociationVisitationStrategy - .. Registering AssociationKey : AssociationKey(table=blood_bank, columns={bank_id}) -> org.hibernate.loader.plan.build.internal.returns.EntityReturnImpl@155c7eae
2021-11-19T10:23:44,575|[TRACE] AbstractLoadPlanBuildingAssociationVisitationStrategy - >> Starting entity identifier : bloodbank.entity.PrivateBloodBank
2021-11-19T10:23:44,575|[DEBUG] MetamodelGraphWalker - Visiting attribute path : epochCreated
2021-11-19T10:23:44,575|[TRACE] AbstractLoadPlanBuildingAssociationVisitationStrategy - >> Starting attribute Attribute(name=epochCreated, type=long [non-identifier])
2021-11-19T10:23:44,575|[TRACE] AbstractLoadPlanBuildingAssociationVisitationStrategy - << Finishing up attribute : Attribute(name=epochCreated, type=long [non-identifier])
2021-11-19T10:23:44,575|[DEBUG] MetamodelGraphWalker - Visiting attribute path : epochUpdated
2021-11-19T10:23:44,575|[TRACE] AbstractLoadPlanBuildingAssociationVisitationStrategy - >> Starting attribute Attribute(name=epochUpdated, type=long [non-identifier])
2021-11-19T10:23:44,575|[TRACE] AbstractLoadPlanBuildingAssociationVisitationStrategy - << Finishing up attribute : Attribute(name=epochUpdated, type=long [non-identifier])
2021-11-19T10:23:44,575|[DEBUG] MetamodelGraphWalker - Visiting attribute path : version
2021-11-19T10:23:44,575|[TRACE] AbstractLoadPlanBuildingAssociationVisitationStrategy - >> Starting attribute Attribute(name=version, type=integer [non-identifier])
2021-11-19T10:23:44,575|[TRACE] AbstractLoadPlanBuildingAssociationVisitationStrategy - << Finishing up attribute : Attribute(name=version, type=integer [non-identifier])
2021-11-19T10:23:44,575|[DEBUG] MetamodelGraphWalker - Visiting attribute path : donations
2021-11-19T10:23:44,575|[TRACE] AbstractLoadPlanBuildingAssociationVisitationStrategy - >> Starting attribute Attribute(name=donations, type=java.util.Set(bloodbank.entity.BloodBank.donations) [non-identifier,association])
2021-11-19T10:23:44,575|[DEBUG] QuerySpacesImpl - Adding QuerySpace : uid = <gen:1> -> org.hibernate.loader.plan.build.internal.spaces.CollectionQuerySpaceImpl@5c9e6d95]
2021-11-19T10:23:44,575|[DEBUG] QuerySpacesImpl - Adding QuerySpace : uid = <gen:2> -> org.hibernate.loader.plan.build.internal.spaces.EntityQuerySpaceImpl@5d00b469]
2021-11-19T10:23:44,575|[TRACE] AbstractLoadPlanBuildingAssociationVisitationStrategy - << Finishing up attribute : Attribute(name=donations, type=java.util.Set(bloodbank.entity.BloodBank.donations) [non-identifier,association])
2021-11-19T10:23:44,575|[DEBUG] MetamodelGraphWalker - Visiting attribute path : name
2021-11-19T10:23:44,575|[TRACE] AbstractLoadPlanBuildingAssociationVisitationStrategy - >> Starting attribute Attribute(name=name, type=string [non-identifier])
2021-11-19T10:23:44,575|[TRACE] AbstractLoadPlanBuildingAssociationVisitationStrategy - << Finishing up attribute : Attribute(name=name, type=string [non-identifier])
2021-11-19T10:23:44,575|[TRACE] AbstractLoadPlanBuildingAssociationVisitationStrategy - Popped fetch owner from stack : org.hibernate.loader.plan.build.internal.returns.EntityReturnImpl@155c7eae
2021-11-19T10:23:44,575|[TRACE] AbstractLoadPlanBuildingAssociationVisitationStrategy -  Finished root entity : bloodbank.entity.PrivateBloodBank
2021-11-19T10:23:44,575|[DEBUG] FetchStyleLoadPlanBuildingAssociationVisitationStrategy - Building LoadPlan...
2021-11-19T10:23:44,575|[DEBUG] LoadQueryJoinAndFetchProcessor - processing queryspace <gen:0>
2021-11-19T10:23:44,576|[DEBUG] LoadPlanTreePrinter - LoadPlan(entity=bloodbank.entity.PrivateBloodBank)
    - Returns
       - EntityReturnImpl(entity=bloodbank.entity.PrivateBloodBank, querySpaceUid=<gen:0>, path=bloodbank.entity.PrivateBloodBank)
          - CollectionAttributeFetchImpl(collection=bloodbank.entity.BloodBank.donations, querySpaceUid=<gen:1>, path=bloodbank.entity.PrivateBloodBank.donations)
             - (collection element) CollectionFetchableElementEntityGraph(entity=bloodbank.entity.BloodDonation, querySpaceUid=<gen:2>, path=bloodbank.entity.PrivateBloodBank.donations.<elements>)
    - QuerySpaces
       - EntityQuerySpaceImpl(uid=<gen:0>, entity=bloodbank.entity.PrivateBloodBank)
          - SQL table alias mapping - privateblo0_
          - alias suffix - 0_
          - suffixed key columns - {bank_id2_1_0_}

2021-11-19T10:23:44,576|[DEBUG] EntityLoader - Static select for entity bloodbank.entity.PrivateBloodBank [NONE]: select privateblo0_.bank_id as bank_id2_1_0_, privateblo0_.created as created3_1_0_, privateblo0_.updated as updated4_1_0_, privateblo0_.version as version5_1_0_, privateblo0_.name as name6_1_0_ from blood_bank privateblo0_ where privateblo0_.bank_id=? and privateblo0_.privately_owned=1
2021-11-19T10:23:44,577|[DEBUG] AbstractEntityPersister - Static SQL for entity: bloodbank.entity.DonationRecord
2021-11-19T10:23:44,577|[DEBUG] AbstractEntityPersister -  Version select: /* get version bloodbank.entity.DonationRecord */ select version from donation_record where record_id =?
2021-11-19T10:23:44,577|[DEBUG] AbstractEntityPersister -  Snapshot select: /* get current state bloodbank.entity.DonationRecord */ select donationre_.record_id, donationre_.created as created2_4_, donationre_.updated as updated3_4_, donationre_.version as version4_4_, donationre_.donation_id as donation6_4_, donationre_.person_id as person_i7_4_, donationre_.tested as tested5_4_ from donation_record donationre_ where donationre_.record_id=?
2021-11-19T10:23:44,577|[DEBUG] AbstractEntityPersister -  Insert 0: /* insert bloodbank.entity.DonationRecord */ insert into donation_record (created, updated, version, donation_id, person_id, tested, record_id) values (?, ?, ?, ?, ?, ?, ?)
2021-11-19T10:23:44,577|[DEBUG] AbstractEntityPersister -  Update 0: /* update bloodbank.entity.DonationRecord */ update donation_record set created=?, updated=?, version=?, donation_id=?, person_id=?, tested=? where record_id=? and version=?
2021-11-19T10:23:44,577|[DEBUG] AbstractEntityPersister -  Delete 0: /* delete bloodbank.entity.DonationRecord */ delete from donation_record where record_id=? and version=?
2021-11-19T10:23:44,577|[DEBUG] AbstractEntityPersister -  Identity insert: /* insert bloodbank.entity.DonationRecord */ insert into donation_record (created, updated, version, donation_id, person_id, tested) values (?, ?, ?, ?, ?, ?)
2021-11-19T10:23:44,577|[TRACE] AbstractLoadPlanBuildingAssociationVisitationStrategy -  Starting root entity : bloodbank.entity.DonationRecord
2021-11-19T10:23:44,577|[DEBUG] QuerySpacesImpl - Adding QuerySpace : uid = <gen:0> -> org.hibernate.loader.plan.build.internal.spaces.EntityQuerySpaceImpl@dd07be8]
2021-11-19T10:23:44,577|[TRACE] AbstractLoadPlanBuildingAssociationVisitationStrategy - Pushing fetch source to stack : org.hibernate.loader.plan.build.internal.returns.EntityReturnImpl@7b8fcdf2
2021-11-19T10:23:44,577|[TRACE] AbstractLoadPlanBuildingAssociationVisitationStrategy - .. Registering AssociationKey : AssociationKey(table=donation_record, columns={record_id}) -> org.hibernate.loader.plan.build.internal.returns.EntityReturnImpl@7b8fcdf2
2021-11-19T10:23:44,577|[TRACE] AbstractLoadPlanBuildingAssociationVisitationStrategy - >> Starting entity identifier : bloodbank.entity.DonationRecord
2021-11-19T10:23:44,577|[DEBUG] MetamodelGraphWalker - Visiting attribute path : epochCreated
2021-11-19T10:23:44,577|[TRACE] AbstractLoadPlanBuildingAssociationVisitationStrategy - >> Starting attribute Attribute(name=epochCreated, type=long [non-identifier])
2021-11-19T10:23:44,577|[TRACE] AbstractLoadPlanBuildingAssociationVisitationStrategy - << Finishing up attribute : Attribute(name=epochCreated, type=long [non-identifier])
2021-11-19T10:23:44,577|[DEBUG] MetamodelGraphWalker - Visiting attribute path : epochUpdated
2021-11-19T10:23:44,577|[TRACE] AbstractLoadPlanBuildingAssociationVisitationStrategy - >> Starting attribute Attribute(name=epochUpdated, type=long [non-identifier])
2021-11-19T10:23:44,577|[TRACE] AbstractLoadPlanBuildingAssociationVisitationStrategy - << Finishing up attribute : Attribute(name=epochUpdated, type=long [non-identifier])
2021-11-19T10:23:44,577|[DEBUG] MetamodelGraphWalker - Visiting attribute path : version
2021-11-19T10:23:44,577|[TRACE] AbstractLoadPlanBuildingAssociationVisitationStrategy - >> Starting attribute Attribute(name=version, type=integer [non-identifier])
2021-11-19T10:23:44,577|[TRACE] AbstractLoadPlanBuildingAssociationVisitationStrategy - << Finishing up attribute : Attribute(name=version, type=integer [non-identifier])
2021-11-19T10:23:44,577|[DEBUG] MetamodelGraphWalker - Visiting attribute path : donation
2021-11-19T10:23:44,577|[TRACE] AbstractLoadPlanBuildingAssociationVisitationStrategy - >> Starting attribute Attribute(name=donation, type=bloodbank.entity.BloodDonation [non-identifier,association])
2021-11-19T10:23:44,577|[DEBUG] QuerySpacesImpl - Adding QuerySpace : uid = <gen:1> -> org.hibernate.loader.plan.build.internal.spaces.EntityQuerySpaceImpl@54d2f5d3]
2021-11-19T10:23:44,577|[TRACE] AbstractLoadPlanBuildingAssociationVisitationStrategy - Pushing fetch source to stack : org.hibernate.loader.plan.build.internal.returns.EntityAttributeFetchImpl@c29b0dc
2021-11-19T10:23:44,577|[TRACE] AbstractLoadPlanBuildingAssociationVisitationStrategy - .... Registering AssociationKey : AssociationKey(table=donation_record, columns={donation_id}) -> org.hibernate.loader.plan.build.internal.returns.EntityAttributeFetchImpl@c29b0dc
2021-11-19T10:23:44,577|[TRACE] AbstractLoadPlanBuildingAssociationVisitationStrategy - >>>> Starting entity identifier : bloodbank.entity.BloodDonation
2021-11-19T10:23:44,577|[DEBUG] MetamodelGraphWalker - Visiting attribute path : donation.epochCreated
2021-11-19T10:23:44,577|[TRACE] AbstractLoadPlanBuildingAssociationVisitationStrategy - >>>> Starting attribute Attribute(name=epochCreated, type=long [non-identifier])
2021-11-19T10:23:44,577|[TRACE] AbstractLoadPlanBuildingAssociationVisitationStrategy - <<<< Finishing up attribute : Attribute(name=epochCreated, type=long [non-identifier])
2021-11-19T10:23:44,577|[DEBUG] MetamodelGraphWalker - Visiting attribute path : donation.epochUpdated
2021-11-19T10:23:44,577|[TRACE] AbstractLoadPlanBuildingAssociationVisitationStrategy - >>>> Starting attribute Attribute(name=epochUpdated, type=long [non-identifier])
2021-11-19T10:23:44,577|[TRACE] AbstractLoadPlanBuildingAssociationVisitationStrategy - <<<< Finishing up attribute : Attribute(name=epochUpdated, type=long [non-identifier])
2021-11-19T10:23:44,577|[DEBUG] MetamodelGraphWalker - Visiting attribute path : donation.version
2021-11-19T10:23:44,577|[TRACE] AbstractLoadPlanBuildingAssociationVisitationStrategy - >>>> Starting attribute Attribute(name=version, type=integer [non-identifier])
2021-11-19T10:23:44,577|[TRACE] AbstractLoadPlanBuildingAssociationVisitationStrategy - <<<< Finishing up attribute : Attribute(name=version, type=integer [non-identifier])
2021-11-19T10:23:44,577|[DEBUG] MetamodelGraphWalker - Visiting attribute path : donation.bank
2021-11-19T10:23:44,577|[TRACE] AbstractLoadPlanBuildingAssociationVisitationStrategy - >>>> Starting attribute Attribute(name=bank, type=bloodbank.entity.BloodBank [non-identifier,association])
2021-11-19T10:23:44,577|[DEBUG] QuerySpacesImpl - Adding QuerySpace : uid = <gen:2> -> org.hibernate.loader.plan.build.internal.spaces.EntityQuerySpaceImpl@228958a]
2021-11-19T10:23:44,577|[TRACE] AbstractLoadPlanBuildingAssociationVisitationStrategy - <<<< Finishing up attribute : Attribute(name=bank, type=bloodbank.entity.BloodBank [non-identifier,association])
2021-11-19T10:23:44,577|[DEBUG] MetamodelGraphWalker - Visiting attribute path : donation.bloodType
2021-11-19T10:23:44,577|[TRACE] AbstractLoadPlanBuildingAssociationVisitationStrategy - >>>> Starting attribute Attribute(name=bloodType, type=component[bloodGroup,rhd] [non-identifier,composition])
2021-11-19T10:23:44,577|[DEBUG] QuerySpacesImpl - Adding QuerySpace : uid = <gen:3> -> org.hibernate.loader.plan.build.internal.spaces.CompositeQuerySpaceImpl@7cd3860]
2021-11-19T10:23:44,578|[TRACE] AbstractLoadPlanBuildingAssociationVisitationStrategy - Pushing fetch source to stack : org.hibernate.loader.plan.build.internal.returns.CompositeAttributeFetchImpl@44f23927
2021-11-19T10:23:44,578|[TRACE] AbstractLoadPlanBuildingAssociationVisitationStrategy - >>>>>> Starting composite : bloodType
2021-11-19T10:23:44,578|[DEBUG] MetamodelGraphWalker - Visiting attribute path : donation.bloodType.bloodGroup
2021-11-19T10:23:44,578|[TRACE] AbstractLoadPlanBuildingAssociationVisitationStrategy - >>>>>> Starting attribute Attribute(name=bloodGroup, type=string [non-identifier])
2021-11-19T10:23:44,578|[TRACE] AbstractLoadPlanBuildingAssociationVisitationStrategy - <<<<<< Finishing up attribute : Attribute(name=bloodGroup, type=string [non-identifier])
2021-11-19T10:23:44,578|[DEBUG] MetamodelGraphWalker - Visiting attribute path : donation.bloodType.rhd
2021-11-19T10:23:44,578|[TRACE] AbstractLoadPlanBuildingAssociationVisitationStrategy - >>>>>> Starting attribute Attribute(name=rhd, type=byte [non-identifier])
2021-11-19T10:23:44,578|[TRACE] AbstractLoadPlanBuildingAssociationVisitationStrategy - <<<<<< Finishing up attribute : Attribute(name=rhd, type=byte [non-identifier])
2021-11-19T10:23:44,578|[TRACE] AbstractLoadPlanBuildingAssociationVisitationStrategy - <<<<<< Finishing composite : bloodType
2021-11-19T10:23:44,578|[TRACE] AbstractLoadPlanBuildingAssociationVisitationStrategy - Popped fetch owner from stack : org.hibernate.loader.plan.build.internal.returns.CompositeAttributeFetchImpl@44f23927
2021-11-19T10:23:44,578|[TRACE] AbstractLoadPlanBuildingAssociationVisitationStrategy - <<<< Finishing up attribute : Attribute(name=bloodType, type=component[bloodGroup,rhd] [non-identifier,composition])
2021-11-19T10:23:44,578|[DEBUG] MetamodelGraphWalker - Visiting attribute path : donation.milliliters
2021-11-19T10:23:44,578|[TRACE] AbstractLoadPlanBuildingAssociationVisitationStrategy - >>>> Starting attribute Attribute(name=milliliters, type=integer [non-identifier])
2021-11-19T10:23:44,578|[TRACE] AbstractLoadPlanBuildingAssociationVisitationStrategy - <<<< Finishing up attribute : Attribute(name=milliliters, type=integer [non-identifier])
2021-11-19T10:23:44,578|[DEBUG] MetamodelGraphWalker - Visiting attribute path : donation.record
2021-11-19T10:23:44,578|[TRACE] AbstractLoadPlanBuildingAssociationVisitationStrategy - >>>> Starting attribute Attribute(name=record, type=bloodbank.entity.DonationRecord [non-identifier,association])
2021-11-19T10:23:44,578|[DEBUG] QuerySpacesImpl - Adding QuerySpace : uid = <gen:4> -> org.hibernate.loader.plan.build.internal.spaces.EntityQuerySpaceImpl@59cde35]
2021-11-19T10:23:44,578|[TRACE] AbstractLoadPlanBuildingAssociationVisitationStrategy - <<<< Finishing up attribute : Attribute(name=record, type=bloodbank.entity.DonationRecord [non-identifier,association])
2021-11-19T10:23:44,578|[TRACE] AbstractLoadPlanBuildingAssociationVisitationStrategy - Popped fetch owner from stack : org.hibernate.loader.plan.build.internal.returns.EntityAttributeFetchImpl@c29b0dc
2021-11-19T10:23:44,578|[TRACE] AbstractLoadPlanBuildingAssociationVisitationStrategy - << Finishing up attribute : Attribute(name=donation, type=bloodbank.entity.BloodDonation [non-identifier,association])
2021-11-19T10:23:44,578|[DEBUG] MetamodelGraphWalker - Visiting attribute path : owner
2021-11-19T10:23:44,578|[TRACE] AbstractLoadPlanBuildingAssociationVisitationStrategy - >> Starting attribute Attribute(name=owner, type=bloodbank.entity.Person [non-identifier,association])
2021-11-19T10:23:44,578|[DEBUG] QuerySpacesImpl - Adding QuerySpace : uid = <gen:5> -> org.hibernate.loader.plan.build.internal.spaces.EntityQuerySpaceImpl@43de9fc9]
2021-11-19T10:23:44,578|[TRACE] AbstractLoadPlanBuildingAssociationVisitationStrategy - << Finishing up attribute : Attribute(name=owner, type=bloodbank.entity.Person [non-identifier,association])
2021-11-19T10:23:44,578|[DEBUG] MetamodelGraphWalker - Visiting attribute path : tested
2021-11-19T10:23:44,578|[TRACE] AbstractLoadPlanBuildingAssociationVisitationStrategy - >> Starting attribute Attribute(name=tested, type=byte [non-identifier])
2021-11-19T10:23:44,578|[TRACE] AbstractLoadPlanBuildingAssociationVisitationStrategy - << Finishing up attribute : Attribute(name=tested, type=byte [non-identifier])
2021-11-19T10:23:44,578|[TRACE] AbstractLoadPlanBuildingAssociationVisitationStrategy - Popped fetch owner from stack : org.hibernate.loader.plan.build.internal.returns.EntityReturnImpl@7b8fcdf2
2021-11-19T10:23:44,578|[TRACE] AbstractLoadPlanBuildingAssociationVisitationStrategy -  Finished root entity : bloodbank.entity.DonationRecord
2021-11-19T10:23:44,578|[DEBUG] FetchStyleLoadPlanBuildingAssociationVisitationStrategy - Building LoadPlan...
2021-11-19T10:23:44,579|[DEBUG] LoadQueryJoinAndFetchProcessor - processing queryspace <gen:0>
2021-11-19T10:23:44,579|[DEBUG] LoadPlanTreePrinter - LoadPlan(entity=bloodbank.entity.DonationRecord)
    - Returns
       - EntityReturnImpl(entity=bloodbank.entity.DonationRecord, querySpaceUid=<gen:0>, path=bloodbank.entity.DonationRecord)
          - EntityAttributeFetchImpl(entity=bloodbank.entity.BloodDonation, querySpaceUid=<gen:1>, path=bloodbank.entity.DonationRecord.donation)
             - EntityAttributeFetchImpl(entity=bloodbank.entity.BloodBank, querySpaceUid=<gen:2>, path=bloodbank.entity.DonationRecord.donation.bank)
             - CompositeAttributeFetchImpl(composite=bloodbank.entity.BloodType, querySpaceUid=<gen:3>, path=bloodbank.entity.DonationRecord.donation.bloodType)
             - EntityAttributeFetchImpl(entity=bloodbank.entity.DonationRecord, querySpaceUid=<gen:4>, path=bloodbank.entity.DonationRecord.donation.record)
          - EntityAttributeFetchImpl(entity=bloodbank.entity.Person, querySpaceUid=<gen:5>, path=bloodbank.entity.DonationRecord.owner)
    - QuerySpaces
       - EntityQuerySpaceImpl(uid=<gen:0>, entity=bloodbank.entity.DonationRecord)
          - SQL table alias mapping - donationre0_
          - alias suffix - 0_
          - suffixed key columns - {record_i1_4_0_}
          - JOIN (JoinDefinedByMetadata(donation)) : <gen:0> -> <gen:1>
             - EntityQuerySpaceImpl(uid=<gen:1>, entity=bloodbank.entity.BloodDonation)
                - SQL table alias mapping - blooddonat1_
                - alias suffix - 1_
                - suffixed key columns - {donation1_2_1_}
                - JOIN (JoinDefinedByMetadata(bloodType)) : <gen:1> -> <gen:3>
                   - CompositeQuerySpaceImpl(uid=<gen:3>)
                      - SQL table alias mapping - blooddonat1_

2021-11-19T10:23:44,579|[DEBUG] EntityLoader - Static select for entity bloodbank.entity.DonationRecord [NONE]: select donationre0_.record_id as record_i1_4_0_, donationre0_.created as created2_4_0_, donationre0_.updated as updated3_4_0_, donationre0_.version as version4_4_0_, donationre0_.donation_id as donation6_4_0_, donationre0_.person_id as person_i7_4_0_, donationre0_.tested as tested5_4_0_, blooddonat1_.donation_id as donation1_2_1_, blooddonat1_.created as created2_2_1_, blooddonat1_.updated as updated3_2_1_, blooddonat1_.version as version4_2_1_, blooddonat1_.bank_id as bank_id8_2_1_, blooddonat1_.blood_group as blood_gr5_2_1_, blooddonat1_.rhd as rhd6_2_1_, blooddonat1_.milliliters as millilit7_2_1_ from donation_record donationre0_ inner join blood_donation blooddonat1_ on donationre0_.donation_id=blooddonat1_.donation_id where donationre0_.record_id=?
2021-11-19T10:23:44,580|[DEBUG] AbstractEntityPersister - Static SQL for entity: bloodbank.entity.Address
2021-11-19T10:23:44,580|[DEBUG] AbstractEntityPersister -  Version select: /* get version bloodbank.entity.Address */ select version from address where address_id =?
2021-11-19T10:23:44,580|[DEBUG] AbstractEntityPersister -  Snapshot select: /* get current state bloodbank.entity.Address */ select address_.address_id, address_.created as created2_0_, address_.updated as updated3_0_, address_.version as version4_0_, address_.city as city5_0_, address_.country as country6_0_, address_.province as province7_0_, address_.street as street8_0_, address_.street_number as street_n9_0_, address_.zipcode as zipcode10_0_ from address address_ where address_.address_id=?
2021-11-19T10:23:44,580|[DEBUG] AbstractEntityPersister -  Insert 0: /* insert bloodbank.entity.Address */ insert into address (created, updated, version, city, country, province, street, street_number, zipcode, address_id) values (?, ?, ?, ?, ?, ?, ?, ?, ?, ?)
2021-11-19T10:23:44,580|[DEBUG] AbstractEntityPersister -  Update 0: /* update bloodbank.entity.Address */ update address set created=?, updated=?, version=?, city=?, country=?, province=?, street=?, street_number=?, zipcode=? where address_id=? and version=?
2021-11-19T10:23:44,580|[DEBUG] AbstractEntityPersister -  Delete 0: /* delete bloodbank.entity.Address */ delete from address where address_id=? and version=?
2021-11-19T10:23:44,580|[DEBUG] AbstractEntityPersister -  Identity insert: /* insert bloodbank.entity.Address */ insert into address (created, updated, version, city, country, province, street, street_number, zipcode) values (?, ?, ?, ?, ?, ?, ?, ?, ?)
2021-11-19T10:23:44,580|[TRACE] AbstractLoadPlanBuildingAssociationVisitationStrategy -  Starting root entity : bloodbank.entity.Address
2021-11-19T10:23:44,580|[DEBUG] QuerySpacesImpl - Adding QuerySpace : uid = <gen:0> -> org.hibernate.loader.plan.build.internal.spaces.EntityQuerySpaceImpl@2d3eb1ea]
2021-11-19T10:23:44,580|[TRACE] AbstractLoadPlanBuildingAssociationVisitationStrategy - Pushing fetch source to stack : org.hibernate.loader.plan.build.internal.returns.EntityReturnImpl@78508e6b
2021-11-19T10:23:44,580|[TRACE] AbstractLoadPlanBuildingAssociationVisitationStrategy - .. Registering AssociationKey : AssociationKey(table=address, columns={address_id}) -> org.hibernate.loader.plan.build.internal.returns.EntityReturnImpl@78508e6b
2021-11-19T10:23:44,580|[TRACE] AbstractLoadPlanBuildingAssociationVisitationStrategy - >> Starting entity identifier : bloodbank.entity.Address
2021-11-19T10:23:44,580|[DEBUG] MetamodelGraphWalker - Visiting attribute path : epochCreated
2021-11-19T10:23:44,580|[TRACE] AbstractLoadPlanBuildingAssociationVisitationStrategy - >> Starting attribute Attribute(name=epochCreated, type=long [non-identifier])
2021-11-19T10:23:44,580|[TRACE] AbstractLoadPlanBuildingAssociationVisitationStrategy - << Finishing up attribute : Attribute(name=epochCreated, type=long [non-identifier])
2021-11-19T10:23:44,580|[DEBUG] MetamodelGraphWalker - Visiting attribute path : epochUpdated
2021-11-19T10:23:44,580|[TRACE] AbstractLoadPlanBuildingAssociationVisitationStrategy - >> Starting attribute Attribute(name=epochUpdated, type=long [non-identifier])
2021-11-19T10:23:44,580|[TRACE] AbstractLoadPlanBuildingAssociationVisitationStrategy - << Finishing up attribute : Attribute(name=epochUpdated, type=long [non-identifier])
2021-11-19T10:23:44,580|[DEBUG] MetamodelGraphWalker - Visiting attribute path : version
2021-11-19T10:23:44,580|[TRACE] AbstractLoadPlanBuildingAssociationVisitationStrategy - >> Starting attribute Attribute(name=version, type=integer [non-identifier])
2021-11-19T10:23:44,580|[TRACE] AbstractLoadPlanBuildingAssociationVisitationStrategy - << Finishing up attribute : Attribute(name=version, type=integer [non-identifier])
2021-11-19T10:23:44,580|[DEBUG] MetamodelGraphWalker - Visiting attribute path : city
2021-11-19T10:23:44,580|[TRACE] AbstractLoadPlanBuildingAssociationVisitationStrategy - >> Starting attribute Attribute(name=city, type=string [non-identifier])
2021-11-19T10:23:44,580|[TRACE] AbstractLoadPlanBuildingAssociationVisitationStrategy - << Finishing up attribute : Attribute(name=city, type=string [non-identifier])
2021-11-19T10:23:44,580|[DEBUG] MetamodelGraphWalker - Visiting attribute path : contacts
2021-11-19T10:23:44,580|[TRACE] AbstractLoadPlanBuildingAssociationVisitationStrategy - >> Starting attribute Attribute(name=contacts, type=java.util.Set(bloodbank.entity.Address.contacts) [non-identifier,association])
2021-11-19T10:23:44,580|[DEBUG] QuerySpacesImpl - Adding QuerySpace : uid = <gen:1> -> org.hibernate.loader.plan.build.internal.spaces.CollectionQuerySpaceImpl@1bde9a22]
2021-11-19T10:23:44,580|[DEBUG] QuerySpacesImpl - Adding QuerySpace : uid = <gen:2> -> org.hibernate.loader.plan.build.internal.spaces.EntityQuerySpaceImpl@2cc97e47]
2021-11-19T10:23:44,580|[DEBUG] QuerySpacesImpl - Adding QuerySpace : uid = <gen:2>-id -> org.hibernate.loader.plan.build.internal.spaces.CompositeQuerySpaceImpl@74a03bd5]
2021-11-19T10:23:44,580|[TRACE] AbstractLoadPlanBuildingAssociationVisitationStrategy - << Finishing up attribute : Attribute(name=contacts, type=java.util.Set(bloodbank.entity.Address.contacts) [non-identifier,association])
2021-11-19T10:23:44,580|[DEBUG] MetamodelGraphWalker - Visiting attribute path : country
2021-11-19T10:23:44,580|[TRACE] AbstractLoadPlanBuildingAssociationVisitationStrategy - >> Starting attribute Attribute(name=country, type=string [non-identifier])
2021-11-19T10:23:44,580|[TRACE] AbstractLoadPlanBuildingAssociationVisitationStrategy - << Finishing up attribute : Attribute(name=country, type=string [non-identifier])
2021-11-19T10:23:44,580|[DEBUG] MetamodelGraphWalker - Visiting attribute path : province
2021-11-19T10:23:44,580|[TRACE] AbstractLoadPlanBuildingAssociationVisitationStrategy - >> Starting attribute Attribute(name=province, type=string [non-identifier])
2021-11-19T10:23:44,580|[TRACE] AbstractLoadPlanBuildingAssociationVisitationStrategy - << Finishing up attribute : Attribute(name=province, type=string [non-identifier])
2021-11-19T10:23:44,580|[DEBUG] MetamodelGraphWalker - Visiting attribute path : street
2021-11-19T10:23:44,580|[TRACE] AbstractLoadPlanBuildingAssociationVisitationStrategy - >> Starting attribute Attribute(name=street, type=string [non-identifier])
2021-11-19T10:23:44,580|[TRACE] AbstractLoadPlanBuildingAssociationVisitationStrategy - << Finishing up attribute : Attribute(name=street, type=string [non-identifier])
2021-11-19T10:23:44,580|[DEBUG] MetamodelGraphWalker - Visiting attribute path : streetNumber
2021-11-19T10:23:44,580|[TRACE] AbstractLoadPlanBuildingAssociationVisitationStrategy - >> Starting attribute Attribute(name=streetNumber, type=string [non-identifier])
2021-11-19T10:23:44,580|[TRACE] AbstractLoadPlanBuildingAssociationVisitationStrategy - << Finishing up attribute : Attribute(name=streetNumber, type=string [non-identifier])
2021-11-19T10:23:44,580|[DEBUG] MetamodelGraphWalker - Visiting attribute path : zipcode
2021-11-19T10:23:44,580|[TRACE] AbstractLoadPlanBuildingAssociationVisitationStrategy - >> Starting attribute Attribute(name=zipcode, type=string [non-identifier])
2021-11-19T10:23:44,580|[TRACE] AbstractLoadPlanBuildingAssociationVisitationStrategy - << Finishing up attribute : Attribute(name=zipcode, type=string [non-identifier])
2021-11-19T10:23:44,580|[TRACE] AbstractLoadPlanBuildingAssociationVisitationStrategy - Popped fetch owner from stack : org.hibernate.loader.plan.build.internal.returns.EntityReturnImpl@78508e6b
2021-11-19T10:23:44,580|[TRACE] AbstractLoadPlanBuildingAssociationVisitationStrategy -  Finished root entity : bloodbank.entity.Address
2021-11-19T10:23:44,581|[DEBUG] FetchStyleLoadPlanBuildingAssociationVisitationStrategy - Building LoadPlan...
2021-11-19T10:23:44,581|[DEBUG] LoadQueryJoinAndFetchProcessor - processing queryspace <gen:0>
2021-11-19T10:23:44,581|[DEBUG] LoadPlanTreePrinter - LoadPlan(entity=bloodbank.entity.Address)
    - Returns
       - EntityReturnImpl(entity=bloodbank.entity.Address, querySpaceUid=<gen:0>, path=bloodbank.entity.Address)
          - CollectionAttributeFetchImpl(collection=bloodbank.entity.Address.contacts, querySpaceUid=<gen:1>, path=bloodbank.entity.Address.contacts)
             - (collection element) CollectionFetchableElementEntityGraph(entity=bloodbank.entity.Contact, querySpaceUid=<gen:2>, path=bloodbank.entity.Address.contacts.<elements>)
    - QuerySpaces
       - EntityQuerySpaceImpl(uid=<gen:0>, entity=bloodbank.entity.Address)
          - SQL table alias mapping - address0_
          - alias suffix - 0_
          - suffixed key columns - {address_1_0_0_}

2021-11-19T10:23:44,581|[DEBUG] EntityLoader - Static select for entity bloodbank.entity.Address [NONE]: select address0_.address_id as address_1_0_0_, address0_.created as created2_0_0_, address0_.updated as updated3_0_0_, address0_.version as version4_0_0_, address0_.city as city5_0_0_, address0_.country as country6_0_0_, address0_.province as province7_0_0_, address0_.street as street8_0_0_, address0_.street_number as street_n9_0_0_, address0_.zipcode as zipcode10_0_0_ from address address0_ where address0_.address_id=?
2021-11-19T10:23:44,581|[DEBUG] AbstractEntityPersister - Static SQL for entity: bloodbank.entity.Person
2021-11-19T10:23:44,581|[DEBUG] AbstractEntityPersister -  Version select: /* get version bloodbank.entity.Person */ select version from person where id =?
2021-11-19T10:23:44,581|[DEBUG] AbstractEntityPersister -  Snapshot select: /* get current state bloodbank.entity.Person */ select person_.id, person_.created as created2_5_, person_.updated as updated3_5_, person_.version as version4_5_, person_.first_name as first_na5_5_, person_.last_name as last_nam6_5_ from person person_ where person_.id=?
2021-11-19T10:23:44,581|[DEBUG] AbstractEntityPersister -  Insert 0: /* insert bloodbank.entity.Person */ insert into person (created, updated, version, first_name, last_name, id) values (?, ?, ?, ?, ?, ?)
2021-11-19T10:23:44,581|[DEBUG] AbstractEntityPersister -  Update 0: /* update bloodbank.entity.Person */ update person set created=?, updated=?, version=?, first_name=?, last_name=? where id=? and version=?
2021-11-19T10:23:44,581|[DEBUG] AbstractEntityPersister -  Delete 0: /* delete bloodbank.entity.Person */ delete from person where id=? and version=?
2021-11-19T10:23:44,581|[DEBUG] AbstractEntityPersister -  Identity insert: /* insert bloodbank.entity.Person */ insert into person (created, updated, version, first_name, last_name) values (?, ?, ?, ?, ?)
2021-11-19T10:23:44,581|[TRACE] AbstractLoadPlanBuildingAssociationVisitationStrategy -  Starting root entity : bloodbank.entity.Person
2021-11-19T10:23:44,581|[DEBUG] QuerySpacesImpl - Adding QuerySpace : uid = <gen:0> -> org.hibernate.loader.plan.build.internal.spaces.EntityQuerySpaceImpl@87fc0fc]
2021-11-19T10:23:44,582|[TRACE] AbstractLoadPlanBuildingAssociationVisitationStrategy - Pushing fetch source to stack : org.hibernate.loader.plan.build.internal.returns.EntityReturnImpl@671f545b
2021-11-19T10:23:44,582|[TRACE] AbstractLoadPlanBuildingAssociationVisitationStrategy - .. Registering AssociationKey : AssociationKey(table=person, columns={id}) -> org.hibernate.loader.plan.build.internal.returns.EntityReturnImpl@671f545b
2021-11-19T10:23:44,582|[TRACE] AbstractLoadPlanBuildingAssociationVisitationStrategy - >> Starting entity identifier : bloodbank.entity.Person
2021-11-19T10:23:44,582|[DEBUG] MetamodelGraphWalker - Visiting attribute path : epochCreated
2021-11-19T10:23:44,582|[TRACE] AbstractLoadPlanBuildingAssociationVisitationStrategy - >> Starting attribute Attribute(name=epochCreated, type=long [non-identifier])
2021-11-19T10:23:44,582|[TRACE] AbstractLoadPlanBuildingAssociationVisitationStrategy - << Finishing up attribute : Attribute(name=epochCreated, type=long [non-identifier])
2021-11-19T10:23:44,582|[DEBUG] MetamodelGraphWalker - Visiting attribute path : epochUpdated
2021-11-19T10:23:44,582|[TRACE] AbstractLoadPlanBuildingAssociationVisitationStrategy - >> Starting attribute Attribute(name=epochUpdated, type=long [non-identifier])
2021-11-19T10:23:44,582|[TRACE] AbstractLoadPlanBuildingAssociationVisitationStrategy - << Finishing up attribute : Attribute(name=epochUpdated, type=long [non-identifier])
2021-11-19T10:23:44,589|[DEBUG] MetamodelGraphWalker - Visiting attribute path : version
2021-11-19T10:23:44,589|[TRACE] AbstractLoadPlanBuildingAssociationVisitationStrategy - >> Starting attribute Attribute(name=version, type=integer [non-identifier])
2021-11-19T10:23:44,589|[TRACE] AbstractLoadPlanBuildingAssociationVisitationStrategy - << Finishing up attribute : Attribute(name=version, type=integer [non-identifier])
2021-11-19T10:23:44,589|[DEBUG] MetamodelGraphWalker - Visiting attribute path : contacts
2021-11-19T10:23:44,589|[TRACE] AbstractLoadPlanBuildingAssociationVisitationStrategy - >> Starting attribute Attribute(name=contacts, type=java.util.Set(bloodbank.entity.Person.contacts) [non-identifier,association])
2021-11-19T10:23:44,589|[DEBUG] QuerySpacesImpl - Adding QuerySpace : uid = <gen:1> -> org.hibernate.loader.plan.build.internal.spaces.CollectionQuerySpaceImpl@c335b9]
2021-11-19T10:23:44,589|[DEBUG] QuerySpacesImpl - Adding QuerySpace : uid = <gen:2> -> org.hibernate.loader.plan.build.internal.spaces.EntityQuerySpaceImpl@75c8d8e7]
2021-11-19T10:23:44,590|[DEBUG] QuerySpacesImpl - Adding QuerySpace : uid = <gen:2>-id -> org.hibernate.loader.plan.build.internal.spaces.CompositeQuerySpaceImpl@3c68e82]
2021-11-19T10:23:44,590|[TRACE] AbstractLoadPlanBuildingAssociationVisitationStrategy - << Finishing up attribute : Attribute(name=contacts, type=java.util.Set(bloodbank.entity.Person.contacts) [non-identifier,association])
2021-11-19T10:23:44,590|[DEBUG] MetamodelGraphWalker - Visiting attribute path : donations
2021-11-19T10:23:44,590|[TRACE] AbstractLoadPlanBuildingAssociationVisitationStrategy - >> Starting attribute Attribute(name=donations, type=java.util.Set(bloodbank.entity.Person.donations) [non-identifier,association])
2021-11-19T10:23:44,590|[DEBUG] QuerySpacesImpl - Adding QuerySpace : uid = <gen:3> -> org.hibernate.loader.plan.build.internal.spaces.CollectionQuerySpaceImpl@1e66bf2d]
2021-11-19T10:23:44,590|[DEBUG] QuerySpacesImpl - Adding QuerySpace : uid = <gen:4> -> org.hibernate.loader.plan.build.internal.spaces.EntityQuerySpaceImpl@7112fa5]
2021-11-19T10:23:44,590|[TRACE] AbstractLoadPlanBuildingAssociationVisitationStrategy - << Finishing up attribute : Attribute(name=donations, type=java.util.Set(bloodbank.entity.Person.donations) [non-identifier,association])
2021-11-19T10:23:44,590|[DEBUG] MetamodelGraphWalker - Visiting attribute path : firstName
2021-11-19T10:23:44,590|[TRACE] AbstractLoadPlanBuildingAssociationVisitationStrategy - >> Starting attribute Attribute(name=firstName, type=string [non-identifier])
2021-11-19T10:23:44,590|[TRACE] AbstractLoadPlanBuildingAssociationVisitationStrategy - << Finishing up attribute : Attribute(name=firstName, type=string [non-identifier])
2021-11-19T10:23:44,590|[DEBUG] MetamodelGraphWalker - Visiting attribute path : lastName
2021-11-19T10:23:44,590|[TRACE] AbstractLoadPlanBuildingAssociationVisitationStrategy - >> Starting attribute Attribute(name=lastName, type=string [non-identifier])
2021-11-19T10:23:44,590|[TRACE] AbstractLoadPlanBuildingAssociationVisitationStrategy - << Finishing up attribute : Attribute(name=lastName, type=string [non-identifier])
2021-11-19T10:23:44,590|[TRACE] AbstractLoadPlanBuildingAssociationVisitationStrategy - Popped fetch owner from stack : org.hibernate.loader.plan.build.internal.returns.EntityReturnImpl@671f545b
2021-11-19T10:23:44,590|[TRACE] AbstractLoadPlanBuildingAssociationVisitationStrategy -  Finished root entity : bloodbank.entity.Person
2021-11-19T10:23:44,590|[DEBUG] FetchStyleLoadPlanBuildingAssociationVisitationStrategy - Building LoadPlan...
2021-11-19T10:23:44,590|[DEBUG] LoadQueryJoinAndFetchProcessor - processing queryspace <gen:0>
2021-11-19T10:23:44,590|[DEBUG] LoadPlanTreePrinter - LoadPlan(entity=bloodbank.entity.Person)
    - Returns
       - EntityReturnImpl(entity=bloodbank.entity.Person, querySpaceUid=<gen:0>, path=bloodbank.entity.Person)
          - CollectionAttributeFetchImpl(collection=bloodbank.entity.Person.contacts, querySpaceUid=<gen:1>, path=bloodbank.entity.Person.contacts)
             - (collection element) CollectionFetchableElementEntityGraph(entity=bloodbank.entity.Contact, querySpaceUid=<gen:2>, path=bloodbank.entity.Person.contacts.<elements>)
          - CollectionAttributeFetchImpl(collection=bloodbank.entity.Person.donations, querySpaceUid=<gen:3>, path=bloodbank.entity.Person.donations)
             - (collection element) CollectionFetchableElementEntityGraph(entity=bloodbank.entity.DonationRecord, querySpaceUid=<gen:4>, path=bloodbank.entity.Person.donations.<elements>)
    - QuerySpaces
       - EntityQuerySpaceImpl(uid=<gen:0>, entity=bloodbank.entity.Person)
          - SQL table alias mapping - person0_
          - alias suffix - 0_
          - suffixed key columns - {id1_5_0_}

2021-11-19T10:23:44,590|[DEBUG] EntityLoader - Static select for entity bloodbank.entity.Person [NONE]: select person0_.id as id1_5_0_, person0_.created as created2_5_0_, person0_.updated as updated3_5_0_, person0_.version as version4_5_0_, person0_.first_name as first_na5_5_0_, person0_.last_name as last_nam6_5_0_ from person person0_ where person0_.id=?
2021-11-19T10:23:44,591|[DEBUG] AbstractEntityPersister - Static SQL for entity: bloodbank.entity.PublicBloodBank
2021-11-19T10:23:44,591|[DEBUG] AbstractEntityPersister -  Version select: /* get version bloodbank.entity.PublicBloodBank */ select version from blood_bank where bank_id =?
2021-11-19T10:23:44,591|[DEBUG] AbstractEntityPersister -  Snapshot select: /* get current state bloodbank.entity.PublicBloodBank */ select publicbloo_.bank_id, publicbloo_.created as created3_1_, publicbloo_.updated as updated4_1_, publicbloo_.version as version5_1_, publicbloo_.name as name6_1_ from blood_bank publicbloo_ where publicbloo_.bank_id=?
2021-11-19T10:23:44,591|[DEBUG] AbstractEntityPersister -  Insert 0: /* insert bloodbank.entity.PublicBloodBank */ insert into blood_bank (created, updated, version, name, privately_owned, bank_id) values (?, ?, ?, ?, 0, ?)
2021-11-19T10:23:44,591|[DEBUG] AbstractEntityPersister -  Update 0: /* update bloodbank.entity.PublicBloodBank */ update blood_bank set created=?, updated=?, version=?, name=? where bank_id=? and version=?
2021-11-19T10:23:44,591|[DEBUG] AbstractEntityPersister -  Delete 0: /* delete bloodbank.entity.PublicBloodBank */ delete from blood_bank where bank_id=? and version=?
2021-11-19T10:23:44,591|[DEBUG] AbstractEntityPersister -  Identity insert: /* insert bloodbank.entity.PublicBloodBank */ insert into blood_bank (created, updated, version, name, privately_owned) values (?, ?, ?, ?, 0)
2021-11-19T10:23:44,591|[TRACE] AbstractLoadPlanBuildingAssociationVisitationStrategy -  Starting root entity : bloodbank.entity.PublicBloodBank
2021-11-19T10:23:44,591|[DEBUG] QuerySpacesImpl - Adding QuerySpace : uid = <gen:0> -> org.hibernate.loader.plan.build.internal.spaces.EntityQuerySpaceImpl@342dc040]
2021-11-19T10:23:44,591|[TRACE] AbstractLoadPlanBuildingAssociationVisitationStrategy - Pushing fetch source to stack : org.hibernate.loader.plan.build.internal.returns.EntityReturnImpl@3a8ead9
2021-11-19T10:23:44,591|[TRACE] AbstractLoadPlanBuildingAssociationVisitationStrategy - .. Registering AssociationKey : AssociationKey(table=blood_bank, columns={bank_id}) -> org.hibernate.loader.plan.build.internal.returns.EntityReturnImpl@3a8ead9
2021-11-19T10:23:44,591|[TRACE] AbstractLoadPlanBuildingAssociationVisitationStrategy - >> Starting entity identifier : bloodbank.entity.PublicBloodBank
2021-11-19T10:23:44,591|[DEBUG] MetamodelGraphWalker - Visiting attribute path : epochCreated
2021-11-19T10:23:44,591|[TRACE] AbstractLoadPlanBuildingAssociationVisitationStrategy - >> Starting attribute Attribute(name=epochCreated, type=long [non-identifier])
2021-11-19T10:23:44,591|[TRACE] AbstractLoadPlanBuildingAssociationVisitationStrategy - << Finishing up attribute : Attribute(name=epochCreated, type=long [non-identifier])
2021-11-19T10:23:44,591|[DEBUG] MetamodelGraphWalker - Visiting attribute path : epochUpdated
2021-11-19T10:23:44,591|[TRACE] AbstractLoadPlanBuildingAssociationVisitationStrategy - >> Starting attribute Attribute(name=epochUpdated, type=long [non-identifier])
2021-11-19T10:23:44,591|[TRACE] AbstractLoadPlanBuildingAssociationVisitationStrategy - << Finishing up attribute : Attribute(name=epochUpdated, type=long [non-identifier])
2021-11-19T10:23:44,591|[DEBUG] MetamodelGraphWalker - Visiting attribute path : version
2021-11-19T10:23:44,591|[TRACE] AbstractLoadPlanBuildingAssociationVisitationStrategy - >> Starting attribute Attribute(name=version, type=integer [non-identifier])
2021-11-19T10:23:44,591|[TRACE] AbstractLoadPlanBuildingAssociationVisitationStrategy - << Finishing up attribute : Attribute(name=version, type=integer [non-identifier])
2021-11-19T10:23:44,591|[DEBUG] MetamodelGraphWalker - Visiting attribute path : donations
2021-11-19T10:23:44,591|[TRACE] AbstractLoadPlanBuildingAssociationVisitationStrategy - >> Starting attribute Attribute(name=donations, type=java.util.Set(bloodbank.entity.BloodBank.donations) [non-identifier,association])
2021-11-19T10:23:44,591|[DEBUG] QuerySpacesImpl - Adding QuerySpace : uid = <gen:1> -> org.hibernate.loader.plan.build.internal.spaces.CollectionQuerySpaceImpl@281ca256]
2021-11-19T10:23:44,591|[DEBUG] QuerySpacesImpl - Adding QuerySpace : uid = <gen:2> -> org.hibernate.loader.plan.build.internal.spaces.EntityQuerySpaceImpl@26feccf7]
2021-11-19T10:23:44,591|[TRACE] AbstractLoadPlanBuildingAssociationVisitationStrategy - << Finishing up attribute : Attribute(name=donations, type=java.util.Set(bloodbank.entity.BloodBank.donations) [non-identifier,association])
2021-11-19T10:23:44,591|[DEBUG] MetamodelGraphWalker - Visiting attribute path : name
2021-11-19T10:23:44,591|[TRACE] AbstractLoadPlanBuildingAssociationVisitationStrategy - >> Starting attribute Attribute(name=name, type=string [non-identifier])
2021-11-19T10:23:44,591|[TRACE] AbstractLoadPlanBuildingAssociationVisitationStrategy - << Finishing up attribute : Attribute(name=name, type=string [non-identifier])
2021-11-19T10:23:44,591|[TRACE] AbstractLoadPlanBuildingAssociationVisitationStrategy - Popped fetch owner from stack : org.hibernate.loader.plan.build.internal.returns.EntityReturnImpl@3a8ead9
2021-11-19T10:23:44,591|[TRACE] AbstractLoadPlanBuildingAssociationVisitationStrategy -  Finished root entity : bloodbank.entity.PublicBloodBank
2021-11-19T10:23:44,591|[DEBUG] FetchStyleLoadPlanBuildingAssociationVisitationStrategy - Building LoadPlan...
2021-11-19T10:23:44,591|[DEBUG] LoadQueryJoinAndFetchProcessor - processing queryspace <gen:0>
2021-11-19T10:23:44,592|[DEBUG] LoadPlanTreePrinter - LoadPlan(entity=bloodbank.entity.PublicBloodBank)
    - Returns
       - EntityReturnImpl(entity=bloodbank.entity.PublicBloodBank, querySpaceUid=<gen:0>, path=bloodbank.entity.PublicBloodBank)
          - CollectionAttributeFetchImpl(collection=bloodbank.entity.BloodBank.donations, querySpaceUid=<gen:1>, path=bloodbank.entity.PublicBloodBank.donations)
             - (collection element) CollectionFetchableElementEntityGraph(entity=bloodbank.entity.BloodDonation, querySpaceUid=<gen:2>, path=bloodbank.entity.PublicBloodBank.donations.<elements>)
    - QuerySpaces
       - EntityQuerySpaceImpl(uid=<gen:0>, entity=bloodbank.entity.PublicBloodBank)
          - SQL table alias mapping - publicbloo0_
          - alias suffix - 0_
          - suffixed key columns - {bank_id2_1_0_}

2021-11-19T10:23:44,592|[DEBUG] EntityLoader - Static select for entity bloodbank.entity.PublicBloodBank [NONE]: select publicbloo0_.bank_id as bank_id2_1_0_, publicbloo0_.created as created3_1_0_, publicbloo0_.updated as updated4_1_0_, publicbloo0_.version as version5_1_0_, publicbloo0_.name as name6_1_0_ from blood_bank publicbloo0_ where publicbloo0_.bank_id=? and publicbloo0_.privately_owned=0
2021-11-19T10:23:44,592|[TRACE] AbstractLoadPlanBuildingAssociationVisitationStrategy -  Starting root collection : bloodbank.entity.Address.contacts
2021-11-19T10:23:44,592|[DEBUG] QuerySpacesImpl - Adding QuerySpace : uid = <gen:0> -> org.hibernate.loader.plan.build.internal.spaces.CollectionQuerySpaceImpl@7c8b37a8]
2021-11-19T10:23:44,592|[DEBUG] QuerySpacesImpl - Adding QuerySpace : uid = <gen:1> -> org.hibernate.loader.plan.build.internal.spaces.EntityQuerySpaceImpl@3831f4c2]
2021-11-19T10:23:44,592|[DEBUG] QuerySpacesImpl - Adding QuerySpace : uid = <gen:1>-id -> org.hibernate.loader.plan.build.internal.spaces.CompositeQuerySpaceImpl@75f2ff80]
2021-11-19T10:23:44,592|[TRACE] AbstractLoadPlanBuildingAssociationVisitationStrategy - Pushing collection reference to stack : org.hibernate.loader.plan.build.internal.returns.CollectionReturnImpl@253b1cbd
2021-11-19T10:23:44,592|[TRACE] AbstractLoadPlanBuildingAssociationVisitationStrategy -  Registering AssociationKey : AssociationKey(table=contact, columns={address_id}) -> null
2021-11-19T10:23:44,592|[TRACE] AbstractLoadPlanBuildingAssociationVisitationStrategy -  Starting collection element graph : bloodbank.entity.Address.contacts
2021-11-19T10:23:44,592|[TRACE] AbstractLoadPlanBuildingAssociationVisitationStrategy - Pushing fetch source to stack : org.hibernate.loader.plan.build.internal.returns.CollectionFetchableElementEntityGraph@a859c5
2021-11-19T10:23:44,592|[TRACE] AbstractLoadPlanBuildingAssociationVisitationStrategy - >> Starting entity identifier : bloodbank.entity.Contact
2021-11-19T10:23:44,592|[TRACE] AbstractLoadPlanBuildingAssociationVisitationStrategy - Pushing fetch source to stack : org.hibernate.loader.plan.build.internal.returns.EncapsulatedEntityIdentifierDescription@37083af6
2021-11-19T10:23:44,592|[TRACE] AbstractLoadPlanBuildingAssociationVisitationStrategy - >>>> Starting composite : id
2021-11-19T10:23:44,592|[DEBUG] MetamodelGraphWalker - Visiting attribute path : personId
2021-11-19T10:23:44,592|[TRACE] AbstractLoadPlanBuildingAssociationVisitationStrategy - >>>> Starting attribute org.hibernate.persister.walking.internal.CompositionSingularSubAttributesHelper$1$1$3@55e4dd68
2021-11-19T10:23:44,592|[TRACE] AbstractLoadPlanBuildingAssociationVisitationStrategy - <<<< Finishing up attribute : org.hibernate.persister.walking.internal.CompositionSingularSubAttributesHelper$1$1$3@55e4dd68
2021-11-19T10:23:44,592|[DEBUG] MetamodelGraphWalker - Visiting attribute path : phoneId
2021-11-19T10:23:44,592|[TRACE] AbstractLoadPlanBuildingAssociationVisitationStrategy - >>>> Starting attribute org.hibernate.persister.walking.internal.CompositionSingularSubAttributesHelper$1$1$3@28c7fd9d
2021-11-19T10:23:44,592|[TRACE] AbstractLoadPlanBuildingAssociationVisitationStrategy - <<<< Finishing up attribute : org.hibernate.persister.walking.internal.CompositionSingularSubAttributesHelper$1$1$3@28c7fd9d
2021-11-19T10:23:44,592|[TRACE] AbstractLoadPlanBuildingAssociationVisitationStrategy - <<<< Finishing composite : id
2021-11-19T10:23:44,592|[TRACE] AbstractLoadPlanBuildingAssociationVisitationStrategy - Popped fetch owner from stack : org.hibernate.loader.plan.build.internal.returns.EncapsulatedEntityIdentifierDescription@37083af6
2021-11-19T10:23:44,592|[TRACE] AbstractLoadPlanBuildingAssociationVisitationStrategy - << Finished entity identifier : bloodbank.entity.Contact
2021-11-19T10:23:44,592|[DEBUG] MetamodelGraphWalker - Visiting attribute path : epochCreated
2021-11-19T10:23:44,592|[TRACE] AbstractLoadPlanBuildingAssociationVisitationStrategy - >> Starting attribute Attribute(name=epochCreated, type=long [non-identifier])
2021-11-19T10:23:44,592|[TRACE] AbstractLoadPlanBuildingAssociationVisitationStrategy - << Finishing up attribute : Attribute(name=epochCreated, type=long [non-identifier])
2021-11-19T10:23:44,592|[DEBUG] MetamodelGraphWalker - Visiting attribute path : epochUpdated
2021-11-19T10:23:44,592|[TRACE] AbstractLoadPlanBuildingAssociationVisitationStrategy - >> Starting attribute Attribute(name=epochUpdated, type=long [non-identifier])
2021-11-19T10:23:44,592|[TRACE] AbstractLoadPlanBuildingAssociationVisitationStrategy - << Finishing up attribute : Attribute(name=epochUpdated, type=long [non-identifier])
2021-11-19T10:23:44,592|[DEBUG] MetamodelGraphWalker - Visiting attribute path : version
2021-11-19T10:23:44,592|[TRACE] AbstractLoadPlanBuildingAssociationVisitationStrategy - >> Starting attribute Attribute(name=version, type=integer [non-identifier])
2021-11-19T10:23:44,592|[TRACE] AbstractLoadPlanBuildingAssociationVisitationStrategy - << Finishing up attribute : Attribute(name=version, type=integer [non-identifier])
2021-11-19T10:23:44,592|[DEBUG] MetamodelGraphWalker - Visiting attribute path : address
2021-11-19T10:23:44,592|[DEBUG] MetamodelGraphWalker - Property path deemed to be circular : address
2021-11-19T10:23:44,592|[DEBUG] MetamodelGraphWalker - Visiting attribute path : contactType
2021-11-19T10:23:44,592|[TRACE] AbstractLoadPlanBuildingAssociationVisitationStrategy - >> Starting attribute Attribute(name=contactType, type=string [non-identifier])
2021-11-19T10:23:44,592|[TRACE] AbstractLoadPlanBuildingAssociationVisitationStrategy - << Finishing up attribute : Attribute(name=contactType, type=string [non-identifier])
2021-11-19T10:23:44,592|[DEBUG] MetamodelGraphWalker - Visiting attribute path : email
2021-11-19T10:23:44,592|[TRACE] AbstractLoadPlanBuildingAssociationVisitationStrategy - >> Starting attribute Attribute(name=email, type=string [non-identifier])
2021-11-19T10:23:44,592|[TRACE] AbstractLoadPlanBuildingAssociationVisitationStrategy - << Finishing up attribute : Attribute(name=email, type=string [non-identifier])
2021-11-19T10:23:44,592|[DEBUG] MetamodelGraphWalker - Visiting attribute path : owner
2021-11-19T10:23:44,592|[TRACE] AbstractLoadPlanBuildingAssociationVisitationStrategy - >> Starting attribute Attribute(name=owner, type=bloodbank.entity.Person [non-identifier,association])
2021-11-19T10:23:44,592|[DEBUG] QuerySpacesImpl - Adding QuerySpace : uid = <gen:2> -> org.hibernate.loader.plan.build.internal.spaces.EntityQuerySpaceImpl@6a63ff31]
2021-11-19T10:23:44,592|[TRACE] AbstractLoadPlanBuildingAssociationVisitationStrategy - << Finishing up attribute : Attribute(name=owner, type=bloodbank.entity.Person [non-identifier,association])
2021-11-19T10:23:44,592|[DEBUG] MetamodelGraphWalker - Visiting attribute path : phone
2021-11-19T10:23:44,592|[TRACE] AbstractLoadPlanBuildingAssociationVisitationStrategy - >> Starting attribute Attribute(name=phone, type=bloodbank.entity.Phone [non-identifier,association])
2021-11-19T10:23:44,592|[DEBUG] QuerySpacesImpl - Adding QuerySpace : uid = <gen:3> -> org.hibernate.loader.plan.build.internal.spaces.EntityQuerySpaceImpl@1c4aa701]
2021-11-19T10:23:44,592|[TRACE] AbstractLoadPlanBuildingAssociationVisitationStrategy - << Finishing up attribute : Attribute(name=phone, type=bloodbank.entity.Phone [non-identifier,association])
2021-11-19T10:23:44,593|[TRACE] AbstractLoadPlanBuildingAssociationVisitationStrategy - Popped fetch owner from stack : org.hibernate.loader.plan.build.internal.returns.CollectionFetchableElementEntityGraph@a859c5
2021-11-19T10:23:44,593|[TRACE] AbstractLoadPlanBuildingAssociationVisitationStrategy -  Finished collection element graph : bloodbank.entity.Address.contacts
2021-11-19T10:23:44,593|[TRACE] AbstractLoadPlanBuildingAssociationVisitationStrategy - Popped collection reference from stack : org.hibernate.loader.plan.build.internal.returns.CollectionReturnImpl@253b1cbd
2021-11-19T10:23:44,593|[TRACE] AbstractLoadPlanBuildingAssociationVisitationStrategy -  Finished root collection : bloodbank.entity.Address.contacts
2021-11-19T10:23:44,593|[DEBUG] FetchStyleLoadPlanBuildingAssociationVisitationStrategy - Building LoadPlan...
2021-11-19T10:23:44,593|[DEBUG] LoadQueryJoinAndFetchProcessor - processing queryspace <gen:0>
2021-11-19T10:23:44,593|[DEBUG] LoadPlanTreePrinter - LoadPlan(collection=bloodbank.entity.Address.contacts)
    - Returns
       - CollectionReturnImpl(collection=bloodbank.entity.Address.contacts, querySpaceUid=<gen:0>, path=[bloodbank.entity.Address.contacts])
          - (collection element) CollectionFetchableElementEntityGraph(entity=bloodbank.entity.Contact, querySpaceUid=<gen:1>, path=[bloodbank.entity.Address.contacts].<elements>)
             - EntityAttributeFetchImpl(entity=bloodbank.entity.Person, querySpaceUid=<gen:2>, path=[bloodbank.entity.Address.contacts].<elements>.owner)
             - EntityAttributeFetchImpl(entity=bloodbank.entity.Phone, querySpaceUid=<gen:3>, path=[bloodbank.entity.Address.contacts].<elements>.phone)
    - QuerySpaces
       - CollectionQuerySpaceImpl(uid=<gen:0>, collection=bloodbank.entity.Address.contacts)
          - SQL table alias mapping - contacts0_
          - alias suffix - 0_
          - suffixed key columns - {address_8_3_0_}
          - entity-element alias suffix - 1_
          - 1_entity-element suffixed key columns - person_i1_3_1_, phone_id2_3_1_
          - JOIN (JoinDefinedByMetadata(elements)) : <gen:0> -> <gen:1>
             - EntityQuerySpaceImpl(uid=<gen:1>, entity=bloodbank.entity.Contact)
                - SQL table alias mapping - contacts0_
                - alias suffix - 1_
                - suffixed key columns - {person_i1_3_1_, phone_id2_3_1_}
                - JOIN (JoinDefinedByMetadata(id)) : <gen:1> -> <gen:1>-id
                   - CompositeQuerySpaceImpl(uid=<gen:1>-id)
                      - SQL table alias mapping - contacts0_

2021-11-19T10:23:44,593|[DEBUG] CollectionLoader - Static select for collection bloodbank.entity.Address.contacts: select contacts0_.address_id as address_8_3_0_, contacts0_.person_id as person_i1_3_0_, contacts0_.phone_id as phone_id2_3_0_, contacts0_.person_id as person_i1_3_1_, contacts0_.phone_id as phone_id2_3_1_, contacts0_.created as created3_3_1_, contacts0_.updated as updated4_3_1_, contacts0_.version as version5_3_1_, contacts0_.address_id as address_8_3_1_, contacts0_.contact_type as contact_6_3_1_, contacts0_.email as email7_3_1_ from contact contacts0_ where contacts0_.address_id=?
2021-11-19T10:23:44,593|[TRACE] AbstractLoadPlanBuildingAssociationVisitationStrategy -  Starting root collection : bloodbank.entity.Person.donations
2021-11-19T10:23:44,593|[DEBUG] QuerySpacesImpl - Adding QuerySpace : uid = <gen:0> -> org.hibernate.loader.plan.build.internal.spaces.CollectionQuerySpaceImpl@6f36267d]
2021-11-19T10:23:44,593|[DEBUG] QuerySpacesImpl - Adding QuerySpace : uid = <gen:1> -> org.hibernate.loader.plan.build.internal.spaces.EntityQuerySpaceImpl@788a0513]
2021-11-19T10:23:44,593|[TRACE] AbstractLoadPlanBuildingAssociationVisitationStrategy - Pushing collection reference to stack : org.hibernate.loader.plan.build.internal.returns.CollectionReturnImpl@d65e744
2021-11-19T10:23:44,593|[TRACE] AbstractLoadPlanBuildingAssociationVisitationStrategy -  Registering AssociationKey : AssociationKey(table=donation_record, columns={person_id}) -> null
2021-11-19T10:23:44,593|[TRACE] AbstractLoadPlanBuildingAssociationVisitationStrategy -  Starting collection element graph : bloodbank.entity.Person.donations
2021-11-19T10:23:44,593|[TRACE] AbstractLoadPlanBuildingAssociationVisitationStrategy - Pushing fetch source to stack : org.hibernate.loader.plan.build.internal.returns.CollectionFetchableElementEntityGraph@44de3b46
2021-11-19T10:23:44,593|[TRACE] AbstractLoadPlanBuildingAssociationVisitationStrategy - >> Starting entity identifier : bloodbank.entity.DonationRecord
2021-11-19T10:23:44,593|[DEBUG] MetamodelGraphWalker - Visiting attribute path : epochCreated
2021-11-19T10:23:44,593|[TRACE] AbstractLoadPlanBuildingAssociationVisitationStrategy - >> Starting attribute Attribute(name=epochCreated, type=long [non-identifier])
2021-11-19T10:23:44,593|[TRACE] AbstractLoadPlanBuildingAssociationVisitationStrategy - << Finishing up attribute : Attribute(name=epochCreated, type=long [non-identifier])
2021-11-19T10:23:44,593|[DEBUG] MetamodelGraphWalker - Visiting attribute path : epochUpdated
2021-11-19T10:23:44,593|[TRACE] AbstractLoadPlanBuildingAssociationVisitationStrategy - >> Starting attribute Attribute(name=epochUpdated, type=long [non-identifier])
2021-11-19T10:23:44,593|[TRACE] AbstractLoadPlanBuildingAssociationVisitationStrategy - << Finishing up attribute : Attribute(name=epochUpdated, type=long [non-identifier])
2021-11-19T10:23:44,593|[DEBUG] MetamodelGraphWalker - Visiting attribute path : version
2021-11-19T10:23:44,593|[TRACE] AbstractLoadPlanBuildingAssociationVisitationStrategy - >> Starting attribute Attribute(name=version, type=integer [non-identifier])
2021-11-19T10:23:44,593|[TRACE] AbstractLoadPlanBuildingAssociationVisitationStrategy - << Finishing up attribute : Attribute(name=version, type=integer [non-identifier])
2021-11-19T10:23:44,593|[DEBUG] MetamodelGraphWalker - Visiting attribute path : donation
2021-11-19T10:23:44,593|[TRACE] AbstractLoadPlanBuildingAssociationVisitationStrategy - >> Starting attribute Attribute(name=donation, type=bloodbank.entity.BloodDonation [non-identifier,association])
2021-11-19T10:23:44,593|[DEBUG] QuerySpacesImpl - Adding QuerySpace : uid = <gen:2> -> org.hibernate.loader.plan.build.internal.spaces.EntityQuerySpaceImpl@1a85e86e]
2021-11-19T10:23:44,593|[TRACE] AbstractLoadPlanBuildingAssociationVisitationStrategy - Pushing fetch source to stack : org.hibernate.loader.plan.build.internal.returns.EntityAttributeFetchImpl@320fc4b0
2021-11-19T10:23:44,594|[TRACE] AbstractLoadPlanBuildingAssociationVisitationStrategy - .... Registering AssociationKey : AssociationKey(table=donation_record, columns={donation_id}) -> org.hibernate.loader.plan.build.internal.returns.EntityAttributeFetchImpl@320fc4b0
2021-11-19T10:23:44,594|[TRACE] AbstractLoadPlanBuildingAssociationVisitationStrategy - >>>> Starting entity identifier : bloodbank.entity.BloodDonation
2021-11-19T10:23:44,594|[DEBUG] MetamodelGraphWalker - Visiting attribute path : donation.epochCreated
2021-11-19T10:23:44,594|[TRACE] AbstractLoadPlanBuildingAssociationVisitationStrategy - >>>> Starting attribute Attribute(name=epochCreated, type=long [non-identifier])
2021-11-19T10:23:44,594|[TRACE] AbstractLoadPlanBuildingAssociationVisitationStrategy - <<<< Finishing up attribute : Attribute(name=epochCreated, type=long [non-identifier])
2021-11-19T10:23:44,594|[DEBUG] MetamodelGraphWalker - Visiting attribute path : donation.epochUpdated
2021-11-19T10:23:44,594|[TRACE] AbstractLoadPlanBuildingAssociationVisitationStrategy - >>>> Starting attribute Attribute(name=epochUpdated, type=long [non-identifier])
2021-11-19T10:23:44,594|[TRACE] AbstractLoadPlanBuildingAssociationVisitationStrategy - <<<< Finishing up attribute : Attribute(name=epochUpdated, type=long [non-identifier])
2021-11-19T10:23:44,594|[DEBUG] MetamodelGraphWalker - Visiting attribute path : donation.version
2021-11-19T10:23:44,594|[TRACE] AbstractLoadPlanBuildingAssociationVisitationStrategy - >>>> Starting attribute Attribute(name=version, type=integer [non-identifier])
2021-11-19T10:23:44,594|[TRACE] AbstractLoadPlanBuildingAssociationVisitationStrategy - <<<< Finishing up attribute : Attribute(name=version, type=integer [non-identifier])
2021-11-19T10:23:44,594|[DEBUG] MetamodelGraphWalker - Visiting attribute path : donation.bank
2021-11-19T10:23:44,594|[TRACE] AbstractLoadPlanBuildingAssociationVisitationStrategy - >>>> Starting attribute Attribute(name=bank, type=bloodbank.entity.BloodBank [non-identifier,association])
2021-11-19T10:23:44,594|[DEBUG] QuerySpacesImpl - Adding QuerySpace : uid = <gen:3> -> org.hibernate.loader.plan.build.internal.spaces.EntityQuerySpaceImpl@10724a72]
2021-11-19T10:23:44,594|[TRACE] AbstractLoadPlanBuildingAssociationVisitationStrategy - <<<< Finishing up attribute : Attribute(name=bank, type=bloodbank.entity.BloodBank [non-identifier,association])
2021-11-19T10:23:44,594|[DEBUG] MetamodelGraphWalker - Visiting attribute path : donation.bloodType
2021-11-19T10:23:44,594|[TRACE] AbstractLoadPlanBuildingAssociationVisitationStrategy - >>>> Starting attribute Attribute(name=bloodType, type=component[bloodGroup,rhd] [non-identifier,composition])
2021-11-19T10:23:44,594|[DEBUG] QuerySpacesImpl - Adding QuerySpace : uid = <gen:4> -> org.hibernate.loader.plan.build.internal.spaces.CompositeQuerySpaceImpl@25435731]
2021-11-19T10:23:44,594|[TRACE] AbstractLoadPlanBuildingAssociationVisitationStrategy - Pushing fetch source to stack : org.hibernate.loader.plan.build.internal.returns.CompositeAttributeFetchImpl@10301d6f
2021-11-19T10:23:44,594|[TRACE] AbstractLoadPlanBuildingAssociationVisitationStrategy - >>>>>> Starting composite : bloodType
2021-11-19T10:23:44,594|[DEBUG] MetamodelGraphWalker - Visiting attribute path : donation.bloodType.bloodGroup
2021-11-19T10:23:44,594|[TRACE] AbstractLoadPlanBuildingAssociationVisitationStrategy - >>>>>> Starting attribute Attribute(name=bloodGroup, type=string [non-identifier])
2021-11-19T10:23:44,594|[TRACE] AbstractLoadPlanBuildingAssociationVisitationStrategy - <<<<<< Finishing up attribute : Attribute(name=bloodGroup, type=string [non-identifier])
2021-11-19T10:23:44,594|[DEBUG] MetamodelGraphWalker - Visiting attribute path : donation.bloodType.rhd
2021-11-19T10:23:44,594|[TRACE] AbstractLoadPlanBuildingAssociationVisitationStrategy - >>>>>> Starting attribute Attribute(name=rhd, type=byte [non-identifier])
2021-11-19T10:23:44,594|[TRACE] AbstractLoadPlanBuildingAssociationVisitationStrategy - <<<<<< Finishing up attribute : Attribute(name=rhd, type=byte [non-identifier])
2021-11-19T10:23:44,594|[TRACE] AbstractLoadPlanBuildingAssociationVisitationStrategy - <<<<<< Finishing composite : bloodType
2021-11-19T10:23:44,594|[TRACE] AbstractLoadPlanBuildingAssociationVisitationStrategy - Popped fetch owner from stack : org.hibernate.loader.plan.build.internal.returns.CompositeAttributeFetchImpl@10301d6f
2021-11-19T10:23:44,594|[TRACE] AbstractLoadPlanBuildingAssociationVisitationStrategy - <<<< Finishing up attribute : Attribute(name=bloodType, type=component[bloodGroup,rhd] [non-identifier,composition])
2021-11-19T10:23:44,594|[DEBUG] MetamodelGraphWalker - Visiting attribute path : donation.milliliters
2021-11-19T10:23:44,594|[TRACE] AbstractLoadPlanBuildingAssociationVisitationStrategy - >>>> Starting attribute Attribute(name=milliliters, type=integer [non-identifier])
2021-11-19T10:23:44,594|[TRACE] AbstractLoadPlanBuildingAssociationVisitationStrategy - <<<< Finishing up attribute : Attribute(name=milliliters, type=integer [non-identifier])
2021-11-19T10:23:44,594|[DEBUG] MetamodelGraphWalker - Visiting attribute path : donation.record
2021-11-19T10:23:44,594|[TRACE] AbstractLoadPlanBuildingAssociationVisitationStrategy - >>>> Starting attribute Attribute(name=record, type=bloodbank.entity.DonationRecord [non-identifier,association])
2021-11-19T10:23:44,594|[DEBUG] QuerySpacesImpl - Adding QuerySpace : uid = <gen:5> -> org.hibernate.loader.plan.build.internal.spaces.EntityQuerySpaceImpl@5cd6719d]
2021-11-19T10:23:44,594|[TRACE] AbstractLoadPlanBuildingAssociationVisitationStrategy - <<<< Finishing up attribute : Attribute(name=record, type=bloodbank.entity.DonationRecord [non-identifier,association])
2021-11-19T10:23:44,594|[TRACE] AbstractLoadPlanBuildingAssociationVisitationStrategy - Popped fetch owner from stack : org.hibernate.loader.plan.build.internal.returns.EntityAttributeFetchImpl@320fc4b0
2021-11-19T10:23:44,594|[TRACE] AbstractLoadPlanBuildingAssociationVisitationStrategy - << Finishing up attribute : Attribute(name=donation, type=bloodbank.entity.BloodDonation [non-identifier,association])
2021-11-19T10:23:44,594|[DEBUG] MetamodelGraphWalker - Visiting attribute path : owner
2021-11-19T10:23:44,594|[DEBUG] MetamodelGraphWalker - Property path deemed to be circular : owner
2021-11-19T10:23:44,594|[DEBUG] MetamodelGraphWalker - Visiting attribute path : tested
2021-11-19T10:23:44,594|[TRACE] AbstractLoadPlanBuildingAssociationVisitationStrategy - >> Starting attribute Attribute(name=tested, type=byte [non-identifier])
2021-11-19T10:23:44,594|[TRACE] AbstractLoadPlanBuildingAssociationVisitationStrategy - << Finishing up attribute : Attribute(name=tested, type=byte [non-identifier])
2021-11-19T10:23:44,594|[TRACE] AbstractLoadPlanBuildingAssociationVisitationStrategy - Popped fetch owner from stack : org.hibernate.loader.plan.build.internal.returns.CollectionFetchableElementEntityGraph@44de3b46
2021-11-19T10:23:44,594|[TRACE] AbstractLoadPlanBuildingAssociationVisitationStrategy -  Finished collection element graph : bloodbank.entity.Person.donations
2021-11-19T10:23:44,594|[TRACE] AbstractLoadPlanBuildingAssociationVisitationStrategy - Popped collection reference from stack : org.hibernate.loader.plan.build.internal.returns.CollectionReturnImpl@d65e744
2021-11-19T10:23:44,594|[TRACE] AbstractLoadPlanBuildingAssociationVisitationStrategy -  Finished root collection : bloodbank.entity.Person.donations
2021-11-19T10:23:44,594|[DEBUG] FetchStyleLoadPlanBuildingAssociationVisitationStrategy - Building LoadPlan...
2021-11-19T10:23:44,594|[DEBUG] LoadQueryJoinAndFetchProcessor - processing queryspace <gen:0>
2021-11-19T10:23:44,595|[DEBUG] LoadPlanTreePrinter - LoadPlan(collection=bloodbank.entity.Person.donations)
    - Returns
       - CollectionReturnImpl(collection=bloodbank.entity.Person.donations, querySpaceUid=<gen:0>, path=[bloodbank.entity.Person.donations])
          - (collection element) CollectionFetchableElementEntityGraph(entity=bloodbank.entity.DonationRecord, querySpaceUid=<gen:1>, path=[bloodbank.entity.Person.donations].<elements>)
             - EntityAttributeFetchImpl(entity=bloodbank.entity.BloodDonation, querySpaceUid=<gen:2>, path=[bloodbank.entity.Person.donations].<elements>.donation)
                - EntityAttributeFetchImpl(entity=bloodbank.entity.BloodBank, querySpaceUid=<gen:3>, path=[bloodbank.entity.Person.donations].<elements>.donation.bank)
                - CompositeAttributeFetchImpl(composite=bloodbank.entity.BloodType, querySpaceUid=<gen:4>, path=[bloodbank.entity.Person.donations].<elements>.donation.bloodType)
                - EntityAttributeFetchImpl(entity=bloodbank.entity.DonationRecord, querySpaceUid=<gen:5>, path=[bloodbank.entity.Person.donations].<elements>.donation.record)
    - QuerySpaces
       - CollectionQuerySpaceImpl(uid=<gen:0>, collection=bloodbank.entity.Person.donations)
          - SQL table alias mapping - donations0_
          - alias suffix - 0_
          - suffixed key columns - {person_i7_4_0_}
          - entity-element alias suffix - 1_
          - 1_entity-element suffixed key columns - record_i1_4_1_
          - JOIN (JoinDefinedByMetadata(elements)) : <gen:0> -> <gen:1>
             - EntityQuerySpaceImpl(uid=<gen:1>, entity=bloodbank.entity.DonationRecord)
                - SQL table alias mapping - donations0_
                - alias suffix - 1_
                - suffixed key columns - {record_i1_4_1_}
                - JOIN (JoinDefinedByMetadata(donation)) : <gen:1> -> <gen:2>
                   - EntityQuerySpaceImpl(uid=<gen:2>, entity=bloodbank.entity.BloodDonation)
                      - SQL table alias mapping - blooddonat1_
                      - alias suffix - 2_
                      - suffixed key columns - {donation1_2_2_}
                      - JOIN (JoinDefinedByMetadata(bloodType)) : <gen:2> -> <gen:4>
                         - CompositeQuerySpaceImpl(uid=<gen:4>)
                            - SQL table alias mapping - blooddonat1_

2021-11-19T10:23:44,595|[DEBUG] CollectionLoader - Static select for collection bloodbank.entity.Person.donations: select donations0_.person_id as person_i7_4_0_, donations0_.record_id as record_i1_4_0_, donations0_.record_id as record_i1_4_1_, donations0_.created as created2_4_1_, donations0_.updated as updated3_4_1_, donations0_.version as version4_4_1_, donations0_.donation_id as donation6_4_1_, donations0_.person_id as person_i7_4_1_, donations0_.tested as tested5_4_1_, blooddonat1_.donation_id as donation1_2_2_, blooddonat1_.created as created2_2_2_, blooddonat1_.updated as updated3_2_2_, blooddonat1_.version as version4_2_2_, blooddonat1_.bank_id as bank_id8_2_2_, blooddonat1_.blood_group as blood_gr5_2_2_, blooddonat1_.rhd as rhd6_2_2_, blooddonat1_.milliliters as millilit7_2_2_ from donation_record donations0_ inner join blood_donation blooddonat1_ on donations0_.donation_id=blooddonat1_.donation_id where donations0_.person_id=?
2021-11-19T10:23:44,595|[TRACE] AbstractLoadPlanBuildingAssociationVisitationStrategy -  Starting root collection : bloodbank.entity.Person.contacts
2021-11-19T10:23:44,595|[DEBUG] QuerySpacesImpl - Adding QuerySpace : uid = <gen:0> -> org.hibernate.loader.plan.build.internal.spaces.CollectionQuerySpaceImpl@5ef591af]
2021-11-19T10:23:44,595|[DEBUG] QuerySpacesImpl - Adding QuerySpace : uid = <gen:1> -> org.hibernate.loader.plan.build.internal.spaces.EntityQuerySpaceImpl@61b0af9f]
2021-11-19T10:23:44,595|[DEBUG] QuerySpacesImpl - Adding QuerySpace : uid = <gen:1>-id -> org.hibernate.loader.plan.build.internal.spaces.CompositeQuerySpaceImpl@71fb1da3]
2021-11-19T10:23:44,595|[TRACE] AbstractLoadPlanBuildingAssociationVisitationStrategy - Pushing collection reference to stack : org.hibernate.loader.plan.build.internal.returns.CollectionReturnImpl@1ecec098
2021-11-19T10:23:44,595|[TRACE] AbstractLoadPlanBuildingAssociationVisitationStrategy -  Registering AssociationKey : AssociationKey(table=contact, columns={person_id}) -> null
2021-11-19T10:23:44,595|[TRACE] AbstractLoadPlanBuildingAssociationVisitationStrategy -  Starting collection element graph : bloodbank.entity.Person.contacts
2021-11-19T10:23:44,595|[TRACE] AbstractLoadPlanBuildingAssociationVisitationStrategy - Pushing fetch source to stack : org.hibernate.loader.plan.build.internal.returns.CollectionFetchableElementEntityGraph@6cc44207
2021-11-19T10:23:44,595|[TRACE] AbstractLoadPlanBuildingAssociationVisitationStrategy - >> Starting entity identifier : bloodbank.entity.Contact
2021-11-19T10:23:44,595|[TRACE] AbstractLoadPlanBuildingAssociationVisitationStrategy - Pushing fetch source to stack : org.hibernate.loader.plan.build.internal.returns.EncapsulatedEntityIdentifierDescription@8ecc457
2021-11-19T10:23:44,595|[TRACE] AbstractLoadPlanBuildingAssociationVisitationStrategy - >>>> Starting composite : id
2021-11-19T10:23:44,595|[DEBUG] MetamodelGraphWalker - Visiting attribute path : personId
2021-11-19T10:23:44,595|[TRACE] AbstractLoadPlanBuildingAssociationVisitationStrategy - >>>> Starting attribute org.hibernate.persister.walking.internal.CompositionSingularSubAttributesHelper$1$1$3@21d3d6ec
2021-11-19T10:23:44,595|[TRACE] AbstractLoadPlanBuildingAssociationVisitationStrategy - <<<< Finishing up attribute : org.hibernate.persister.walking.internal.CompositionSingularSubAttributesHelper$1$1$3@21d3d6ec
2021-11-19T10:23:44,595|[DEBUG] MetamodelGraphWalker - Visiting attribute path : phoneId
2021-11-19T10:23:44,595|[TRACE] AbstractLoadPlanBuildingAssociationVisitationStrategy - >>>> Starting attribute org.hibernate.persister.walking.internal.CompositionSingularSubAttributesHelper$1$1$3@49f1184e
2021-11-19T10:23:44,595|[TRACE] AbstractLoadPlanBuildingAssociationVisitationStrategy - <<<< Finishing up attribute : org.hibernate.persister.walking.internal.CompositionSingularSubAttributesHelper$1$1$3@49f1184e
2021-11-19T10:23:44,595|[TRACE] AbstractLoadPlanBuildingAssociationVisitationStrategy - <<<< Finishing composite : id
2021-11-19T10:23:44,595|[TRACE] AbstractLoadPlanBuildingAssociationVisitationStrategy - Popped fetch owner from stack : org.hibernate.loader.plan.build.internal.returns.EncapsulatedEntityIdentifierDescription@8ecc457
2021-11-19T10:23:44,595|[TRACE] AbstractLoadPlanBuildingAssociationVisitationStrategy - << Finished entity identifier : bloodbank.entity.Contact
2021-11-19T10:23:44,624|[DEBUG] MetamodelGraphWalker - Visiting attribute path : epochCreated
2021-11-19T10:23:44,624|[TRACE] AbstractLoadPlanBuildingAssociationVisitationStrategy - >> Starting attribute Attribute(name=epochCreated, type=long [non-identifier])
2021-11-19T10:23:44,624|[TRACE] AbstractLoadPlanBuildingAssociationVisitationStrategy - << Finishing up attribute : Attribute(name=epochCreated, type=long [non-identifier])
2021-11-19T10:23:44,624|[DEBUG] MetamodelGraphWalker - Visiting attribute path : epochUpdated
2021-11-19T10:23:44,624|[TRACE] AbstractLoadPlanBuildingAssociationVisitationStrategy - >> Starting attribute Attribute(name=epochUpdated, type=long [non-identifier])
2021-11-19T10:23:44,624|[TRACE] AbstractLoadPlanBuildingAssociationVisitationStrategy - << Finishing up attribute : Attribute(name=epochUpdated, type=long [non-identifier])
2021-11-19T10:23:44,624|[DEBUG] MetamodelGraphWalker - Visiting attribute path : version
2021-11-19T10:23:44,624|[TRACE] AbstractLoadPlanBuildingAssociationVisitationStrategy - >> Starting attribute Attribute(name=version, type=integer [non-identifier])
2021-11-19T10:23:44,624|[TRACE] AbstractLoadPlanBuildingAssociationVisitationStrategy - << Finishing up attribute : Attribute(name=version, type=integer [non-identifier])
2021-11-19T10:23:44,633|[DEBUG] MetamodelGraphWalker - Visiting attribute path : address
2021-11-19T10:23:44,633|[TRACE] AbstractLoadPlanBuildingAssociationVisitationStrategy - >> Starting attribute Attribute(name=address, type=bloodbank.entity.Address [non-identifier,association])
2021-11-19T10:23:44,633|[DEBUG] QuerySpacesImpl - Adding QuerySpace : uid = <gen:2> -> org.hibernate.loader.plan.build.internal.spaces.EntityQuerySpaceImpl@7ebaf0d]
2021-11-19T10:23:44,633|[TRACE] AbstractLoadPlanBuildingAssociationVisitationStrategy - << Finishing up attribute : Attribute(name=address, type=bloodbank.entity.Address [non-identifier,association])
2021-11-19T10:23:44,633|[DEBUG] MetamodelGraphWalker - Visiting attribute path : contactType
2021-11-19T10:23:44,633|[TRACE] AbstractLoadPlanBuildingAssociationVisitationStrategy - >> Starting attribute Attribute(name=contactType, type=string [non-identifier])
2021-11-19T10:23:44,633|[TRACE] AbstractLoadPlanBuildingAssociationVisitationStrategy - << Finishing up attribute : Attribute(name=contactType, type=string [non-identifier])
2021-11-19T10:23:44,633|[DEBUG] MetamodelGraphWalker - Visiting attribute path : email
2021-11-19T10:23:44,633|[TRACE] AbstractLoadPlanBuildingAssociationVisitationStrategy - >> Starting attribute Attribute(name=email, type=string [non-identifier])
2021-11-19T10:23:44,633|[TRACE] AbstractLoadPlanBuildingAssociationVisitationStrategy - << Finishing up attribute : Attribute(name=email, type=string [non-identifier])
2021-11-19T10:23:44,633|[DEBUG] MetamodelGraphWalker - Visiting attribute path : owner
2021-11-19T10:23:44,633|[DEBUG] MetamodelGraphWalker - Property path deemed to be circular : owner
2021-11-19T10:23:44,633|[DEBUG] MetamodelGraphWalker - Visiting attribute path : phone
2021-11-19T10:23:44,633|[TRACE] AbstractLoadPlanBuildingAssociationVisitationStrategy - >> Starting attribute Attribute(name=phone, type=bloodbank.entity.Phone [non-identifier,association])
2021-11-19T10:23:44,633|[DEBUG] QuerySpacesImpl - Adding QuerySpace : uid = <gen:3> -> org.hibernate.loader.plan.build.internal.spaces.EntityQuerySpaceImpl@694b1ddb]
2021-11-19T10:23:44,633|[TRACE] AbstractLoadPlanBuildingAssociationVisitationStrategy - << Finishing up attribute : Attribute(name=phone, type=bloodbank.entity.Phone [non-identifier,association])
2021-11-19T10:23:44,633|[TRACE] AbstractLoadPlanBuildingAssociationVisitationStrategy - Popped fetch owner from stack : org.hibernate.loader.plan.build.internal.returns.CollectionFetchableElementEntityGraph@6cc44207
2021-11-19T10:23:44,633|[TRACE] AbstractLoadPlanBuildingAssociationVisitationStrategy -  Finished collection element graph : bloodbank.entity.Person.contacts
2021-11-19T10:23:44,633|[TRACE] AbstractLoadPlanBuildingAssociationVisitationStrategy - Popped collection reference from stack : org.hibernate.loader.plan.build.internal.returns.CollectionReturnImpl@1ecec098
2021-11-19T10:23:44,633|[TRACE] AbstractLoadPlanBuildingAssociationVisitationStrategy -  Finished root collection : bloodbank.entity.Person.contacts
2021-11-19T10:23:44,633|[DEBUG] FetchStyleLoadPlanBuildingAssociationVisitationStrategy - Building LoadPlan...
2021-11-19T10:23:44,633|[DEBUG] LoadQueryJoinAndFetchProcessor - processing queryspace <gen:0>
2021-11-19T10:23:44,634|[DEBUG] LoadPlanTreePrinter - LoadPlan(collection=bloodbank.entity.Person.contacts)
    - Returns
       - CollectionReturnImpl(collection=bloodbank.entity.Person.contacts, querySpaceUid=<gen:0>, path=[bloodbank.entity.Person.contacts])
          - (collection element) CollectionFetchableElementEntityGraph(entity=bloodbank.entity.Contact, querySpaceUid=<gen:1>, path=[bloodbank.entity.Person.contacts].<elements>)
             - EntityAttributeFetchImpl(entity=bloodbank.entity.Address, querySpaceUid=<gen:2>, path=[bloodbank.entity.Person.contacts].<elements>.address)
             - EntityAttributeFetchImpl(entity=bloodbank.entity.Phone, querySpaceUid=<gen:3>, path=[bloodbank.entity.Person.contacts].<elements>.phone)
    - QuerySpaces
       - CollectionQuerySpaceImpl(uid=<gen:0>, collection=bloodbank.entity.Person.contacts)
          - SQL table alias mapping - contacts0_
          - alias suffix - 0_
          - suffixed key columns - {person_i1_3_0_}
          - entity-element alias suffix - 1_
          - 1_entity-element suffixed key columns - person_i1_3_1_, phone_id2_3_1_
          - JOIN (JoinDefinedByMetadata(elements)) : <gen:0> -> <gen:1>
             - EntityQuerySpaceImpl(uid=<gen:1>, entity=bloodbank.entity.Contact)
                - SQL table alias mapping - contacts0_
                - alias suffix - 1_
                - suffixed key columns - {person_i1_3_1_, phone_id2_3_1_}
                - JOIN (JoinDefinedByMetadata(id)) : <gen:1> -> <gen:1>-id
                   - CompositeQuerySpaceImpl(uid=<gen:1>-id)
                      - SQL table alias mapping - contacts0_

2021-11-19T10:23:44,634|[DEBUG] CollectionLoader - Static select for collection bloodbank.entity.Person.contacts: select contacts0_.person_id as person_i1_3_0_, contacts0_.phone_id as phone_id2_3_0_, contacts0_.person_id as person_i1_3_1_, contacts0_.phone_id as phone_id2_3_1_, contacts0_.created as created3_3_1_, contacts0_.updated as updated4_3_1_, contacts0_.version as version5_3_1_, contacts0_.address_id as address_8_3_1_, contacts0_.contact_type as contact_6_3_1_, contacts0_.email as email7_3_1_ from contact contacts0_ where contacts0_.person_id=?
2021-11-19T10:23:44,634|[TRACE] AbstractLoadPlanBuildingAssociationVisitationStrategy -  Starting root collection : bloodbank.entity.Phone.contacts
2021-11-19T10:23:44,634|[DEBUG] QuerySpacesImpl - Adding QuerySpace : uid = <gen:0> -> org.hibernate.loader.plan.build.internal.spaces.CollectionQuerySpaceImpl@5690c2a8]
2021-11-19T10:23:44,634|[DEBUG] QuerySpacesImpl - Adding QuerySpace : uid = <gen:1> -> org.hibernate.loader.plan.build.internal.spaces.EntityQuerySpaceImpl@17e2835c]
2021-11-19T10:23:44,634|[DEBUG] QuerySpacesImpl - Adding QuerySpace : uid = <gen:1>-id -> org.hibernate.loader.plan.build.internal.spaces.CompositeQuerySpaceImpl@4d2bc56a]
2021-11-19T10:23:44,634|[TRACE] AbstractLoadPlanBuildingAssociationVisitationStrategy - Pushing collection reference to stack : org.hibernate.loader.plan.build.internal.returns.CollectionReturnImpl@7cbfbcd1
2021-11-19T10:23:44,634|[TRACE] AbstractLoadPlanBuildingAssociationVisitationStrategy -  Registering AssociationKey : AssociationKey(table=contact, columns={phone_id}) -> null
2021-11-19T10:23:44,634|[TRACE] AbstractLoadPlanBuildingAssociationVisitationStrategy -  Starting collection element graph : bloodbank.entity.Phone.contacts
2021-11-19T10:23:44,634|[TRACE] AbstractLoadPlanBuildingAssociationVisitationStrategy - Pushing fetch source to stack : org.hibernate.loader.plan.build.internal.returns.CollectionFetchableElementEntityGraph@2c6aa46c
2021-11-19T10:23:44,634|[TRACE] AbstractLoadPlanBuildingAssociationVisitationStrategy - >> Starting entity identifier : bloodbank.entity.Contact
2021-11-19T10:23:44,634|[TRACE] AbstractLoadPlanBuildingAssociationVisitationStrategy - Pushing fetch source to stack : org.hibernate.loader.plan.build.internal.returns.EncapsulatedEntityIdentifierDescription@2f112ade
2021-11-19T10:23:44,634|[TRACE] AbstractLoadPlanBuildingAssociationVisitationStrategy - >>>> Starting composite : id
2021-11-19T10:23:44,634|[DEBUG] MetamodelGraphWalker - Visiting attribute path : personId
2021-11-19T10:23:44,634|[TRACE] AbstractLoadPlanBuildingAssociationVisitationStrategy - >>>> Starting attribute org.hibernate.persister.walking.internal.CompositionSingularSubAttributesHelper$1$1$3@3c82bac3
2021-11-19T10:23:44,634|[TRACE] AbstractLoadPlanBuildingAssociationVisitationStrategy - <<<< Finishing up attribute : org.hibernate.persister.walking.internal.CompositionSingularSubAttributesHelper$1$1$3@3c82bac3
2021-11-19T10:23:44,634|[DEBUG] MetamodelGraphWalker - Visiting attribute path : phoneId
2021-11-19T10:23:44,634|[TRACE] AbstractLoadPlanBuildingAssociationVisitationStrategy - >>>> Starting attribute org.hibernate.persister.walking.internal.CompositionSingularSubAttributesHelper$1$1$3@3ddac0b6
2021-11-19T10:23:44,634|[TRACE] AbstractLoadPlanBuildingAssociationVisitationStrategy - <<<< Finishing up attribute : org.hibernate.persister.walking.internal.CompositionSingularSubAttributesHelper$1$1$3@3ddac0b6
2021-11-19T10:23:44,634|[TRACE] AbstractLoadPlanBuildingAssociationVisitationStrategy - <<<< Finishing composite : id
2021-11-19T10:23:44,634|[TRACE] AbstractLoadPlanBuildingAssociationVisitationStrategy - Popped fetch owner from stack : org.hibernate.loader.plan.build.internal.returns.EncapsulatedEntityIdentifierDescription@2f112ade
2021-11-19T10:23:44,634|[TRACE] AbstractLoadPlanBuildingAssociationVisitationStrategy - << Finished entity identifier : bloodbank.entity.Contact
2021-11-19T10:23:44,634|[DEBUG] MetamodelGraphWalker - Visiting attribute path : epochCreated
2021-11-19T10:23:44,634|[TRACE] AbstractLoadPlanBuildingAssociationVisitationStrategy - >> Starting attribute Attribute(name=epochCreated, type=long [non-identifier])
2021-11-19T10:23:44,634|[TRACE] AbstractLoadPlanBuildingAssociationVisitationStrategy - << Finishing up attribute : Attribute(name=epochCreated, type=long [non-identifier])
2021-11-19T10:23:44,634|[DEBUG] MetamodelGraphWalker - Visiting attribute path : epochUpdated
2021-11-19T10:23:44,634|[TRACE] AbstractLoadPlanBuildingAssociationVisitationStrategy - >> Starting attribute Attribute(name=epochUpdated, type=long [non-identifier])
2021-11-19T10:23:44,634|[TRACE] AbstractLoadPlanBuildingAssociationVisitationStrategy - << Finishing up attribute : Attribute(name=epochUpdated, type=long [non-identifier])
2021-11-19T10:23:44,634|[DEBUG] MetamodelGraphWalker - Visiting attribute path : version
2021-11-19T10:23:44,634|[TRACE] AbstractLoadPlanBuildingAssociationVisitationStrategy - >> Starting attribute Attribute(name=version, type=integer [non-identifier])
2021-11-19T10:23:44,634|[TRACE] AbstractLoadPlanBuildingAssociationVisitationStrategy - << Finishing up attribute : Attribute(name=version, type=integer [non-identifier])
2021-11-19T10:23:44,634|[DEBUG] MetamodelGraphWalker - Visiting attribute path : address
2021-11-19T10:23:44,634|[TRACE] AbstractLoadPlanBuildingAssociationVisitationStrategy - >> Starting attribute Attribute(name=address, type=bloodbank.entity.Address [non-identifier,association])
2021-11-19T10:23:44,634|[DEBUG] QuerySpacesImpl - Adding QuerySpace : uid = <gen:2> -> org.hibernate.loader.plan.build.internal.spaces.EntityQuerySpaceImpl@446a5aa5]
2021-11-19T10:23:44,634|[TRACE] AbstractLoadPlanBuildingAssociationVisitationStrategy - << Finishing up attribute : Attribute(name=address, type=bloodbank.entity.Address [non-identifier,association])
2021-11-19T10:23:44,634|[DEBUG] MetamodelGraphWalker - Visiting attribute path : contactType
2021-11-19T10:23:44,634|[TRACE] AbstractLoadPlanBuildingAssociationVisitationStrategy - >> Starting attribute Attribute(name=contactType, type=string [non-identifier])
2021-11-19T10:23:44,634|[TRACE] AbstractLoadPlanBuildingAssociationVisitationStrategy - << Finishing up attribute : Attribute(name=contactType, type=string [non-identifier])
2021-11-19T10:23:44,634|[DEBUG] MetamodelGraphWalker - Visiting attribute path : email
2021-11-19T10:23:44,634|[TRACE] AbstractLoadPlanBuildingAssociationVisitationStrategy - >> Starting attribute Attribute(name=email, type=string [non-identifier])
2021-11-19T10:23:44,634|[TRACE] AbstractLoadPlanBuildingAssociationVisitationStrategy - << Finishing up attribute : Attribute(name=email, type=string [non-identifier])
2021-11-19T10:23:44,634|[DEBUG] MetamodelGraphWalker - Visiting attribute path : owner
2021-11-19T10:23:44,634|[TRACE] AbstractLoadPlanBuildingAssociationVisitationStrategy - >> Starting attribute Attribute(name=owner, type=bloodbank.entity.Person [non-identifier,association])
2021-11-19T10:23:44,634|[DEBUG] QuerySpacesImpl - Adding QuerySpace : uid = <gen:3> -> org.hibernate.loader.plan.build.internal.spaces.EntityQuerySpaceImpl@628bcf2c]
2021-11-19T10:23:44,634|[TRACE] AbstractLoadPlanBuildingAssociationVisitationStrategy - << Finishing up attribute : Attribute(name=owner, type=bloodbank.entity.Person [non-identifier,association])
2021-11-19T10:23:44,634|[DEBUG] MetamodelGraphWalker - Visiting attribute path : phone
2021-11-19T10:23:44,634|[DEBUG] MetamodelGraphWalker - Property path deemed to be circular : phone
2021-11-19T10:23:44,634|[TRACE] AbstractLoadPlanBuildingAssociationVisitationStrategy - Popped fetch owner from stack : org.hibernate.loader.plan.build.internal.returns.CollectionFetchableElementEntityGraph@2c6aa46c
2021-11-19T10:23:44,634|[TRACE] AbstractLoadPlanBuildingAssociationVisitationStrategy -  Finished collection element graph : bloodbank.entity.Phone.contacts
2021-11-19T10:23:44,634|[TRACE] AbstractLoadPlanBuildingAssociationVisitationStrategy - Popped collection reference from stack : org.hibernate.loader.plan.build.internal.returns.CollectionReturnImpl@7cbfbcd1
2021-11-19T10:23:44,634|[TRACE] AbstractLoadPlanBuildingAssociationVisitationStrategy -  Finished root collection : bloodbank.entity.Phone.contacts
2021-11-19T10:23:44,634|[DEBUG] FetchStyleLoadPlanBuildingAssociationVisitationStrategy - Building LoadPlan...
2021-11-19T10:23:44,634|[DEBUG] LoadQueryJoinAndFetchProcessor - processing queryspace <gen:0>
2021-11-19T10:23:44,634|[DEBUG] LoadPlanTreePrinter - LoadPlan(collection=bloodbank.entity.Phone.contacts)
    - Returns
       - CollectionReturnImpl(collection=bloodbank.entity.Phone.contacts, querySpaceUid=<gen:0>, path=[bloodbank.entity.Phone.contacts])
          - (collection element) CollectionFetchableElementEntityGraph(entity=bloodbank.entity.Contact, querySpaceUid=<gen:1>, path=[bloodbank.entity.Phone.contacts].<elements>)
             - EntityAttributeFetchImpl(entity=bloodbank.entity.Address, querySpaceUid=<gen:2>, path=[bloodbank.entity.Phone.contacts].<elements>.address)
             - EntityAttributeFetchImpl(entity=bloodbank.entity.Person, querySpaceUid=<gen:3>, path=[bloodbank.entity.Phone.contacts].<elements>.owner)
    - QuerySpaces
       - CollectionQuerySpaceImpl(uid=<gen:0>, collection=bloodbank.entity.Phone.contacts)
          - SQL table alias mapping - contacts0_
          - alias suffix - 0_
          - suffixed key columns - {phone_id2_3_0_}
          - entity-element alias suffix - 1_
          - 1_entity-element suffixed key columns - person_i1_3_1_, phone_id2_3_1_
          - JOIN (JoinDefinedByMetadata(elements)) : <gen:0> -> <gen:1>
             - EntityQuerySpaceImpl(uid=<gen:1>, entity=bloodbank.entity.Contact)
                - SQL table alias mapping - contacts0_
                - alias suffix - 1_
                - suffixed key columns - {person_i1_3_1_, phone_id2_3_1_}
                - JOIN (JoinDefinedByMetadata(id)) : <gen:1> -> <gen:1>-id
                   - CompositeQuerySpaceImpl(uid=<gen:1>-id)
                      - SQL table alias mapping - contacts0_

2021-11-19T10:23:44,635|[DEBUG] CollectionLoader - Static select for collection bloodbank.entity.Phone.contacts: select contacts0_.phone_id as phone_id2_3_0_, contacts0_.person_id as person_i1_3_0_, contacts0_.person_id as person_i1_3_1_, contacts0_.phone_id as phone_id2_3_1_, contacts0_.created as created3_3_1_, contacts0_.updated as updated4_3_1_, contacts0_.version as version5_3_1_, contacts0_.address_id as address_8_3_1_, contacts0_.contact_type as contact_6_3_1_, contacts0_.email as email7_3_1_ from contact contacts0_ where contacts0_.phone_id=?
2021-11-19T10:23:44,635|[TRACE] AbstractLoadPlanBuildingAssociationVisitationStrategy -  Starting root collection : bloodbank.entity.BloodBank.donations
2021-11-19T10:23:44,635|[DEBUG] QuerySpacesImpl - Adding QuerySpace : uid = <gen:0> -> org.hibernate.loader.plan.build.internal.spaces.CollectionQuerySpaceImpl@4b76251c]
2021-11-19T10:23:44,635|[DEBUG] QuerySpacesImpl - Adding QuerySpace : uid = <gen:1> -> org.hibernate.loader.plan.build.internal.spaces.EntityQuerySpaceImpl@20c283b4]
2021-11-19T10:23:44,635|[TRACE] AbstractLoadPlanBuildingAssociationVisitationStrategy - Pushing collection reference to stack : org.hibernate.loader.plan.build.internal.returns.CollectionReturnImpl@366b4a7b
2021-11-19T10:23:44,635|[TRACE] AbstractLoadPlanBuildingAssociationVisitationStrategy -  Registering AssociationKey : AssociationKey(table=blood_donation, columns={bank_id}) -> null
2021-11-19T10:23:44,635|[TRACE] AbstractLoadPlanBuildingAssociationVisitationStrategy -  Starting collection element graph : bloodbank.entity.BloodBank.donations
2021-11-19T10:23:44,635|[TRACE] AbstractLoadPlanBuildingAssociationVisitationStrategy - Pushing fetch source to stack : org.hibernate.loader.plan.build.internal.returns.CollectionFetchableElementEntityGraph@a251135
2021-11-19T10:23:44,635|[TRACE] AbstractLoadPlanBuildingAssociationVisitationStrategy - >> Starting entity identifier : bloodbank.entity.BloodDonation
2021-11-19T10:23:44,635|[DEBUG] MetamodelGraphWalker - Visiting attribute path : epochCreated
2021-11-19T10:23:44,635|[TRACE] AbstractLoadPlanBuildingAssociationVisitationStrategy - >> Starting attribute Attribute(name=epochCreated, type=long [non-identifier])
2021-11-19T10:23:44,635|[TRACE] AbstractLoadPlanBuildingAssociationVisitationStrategy - << Finishing up attribute : Attribute(name=epochCreated, type=long [non-identifier])
2021-11-19T10:23:44,635|[DEBUG] MetamodelGraphWalker - Visiting attribute path : epochUpdated
2021-11-19T10:23:44,635|[TRACE] AbstractLoadPlanBuildingAssociationVisitationStrategy - >> Starting attribute Attribute(name=epochUpdated, type=long [non-identifier])
2021-11-19T10:23:44,635|[TRACE] AbstractLoadPlanBuildingAssociationVisitationStrategy - << Finishing up attribute : Attribute(name=epochUpdated, type=long [non-identifier])
2021-11-19T10:23:44,635|[DEBUG] MetamodelGraphWalker - Visiting attribute path : version
2021-11-19T10:23:44,635|[TRACE] AbstractLoadPlanBuildingAssociationVisitationStrategy - >> Starting attribute Attribute(name=version, type=integer [non-identifier])
2021-11-19T10:23:44,635|[TRACE] AbstractLoadPlanBuildingAssociationVisitationStrategy - << Finishing up attribute : Attribute(name=version, type=integer [non-identifier])
2021-11-19T10:23:44,635|[DEBUG] MetamodelGraphWalker - Visiting attribute path : bank
2021-11-19T10:23:44,635|[DEBUG] MetamodelGraphWalker - Property path deemed to be circular : bank
2021-11-19T10:23:44,635|[DEBUG] MetamodelGraphWalker - Visiting attribute path : bloodType
2021-11-19T10:23:44,635|[TRACE] AbstractLoadPlanBuildingAssociationVisitationStrategy - >> Starting attribute Attribute(name=bloodType, type=component[bloodGroup,rhd] [non-identifier,composition])
2021-11-19T10:23:44,635|[DEBUG] QuerySpacesImpl - Adding QuerySpace : uid = <gen:2> -> org.hibernate.loader.plan.build.internal.spaces.CompositeQuerySpaceImpl@70819ba8]
2021-11-19T10:23:44,635|[TRACE] AbstractLoadPlanBuildingAssociationVisitationStrategy - Pushing fetch source to stack : org.hibernate.loader.plan.build.internal.returns.CompositeAttributeFetchImpl@446a692f
2021-11-19T10:23:44,635|[TRACE] AbstractLoadPlanBuildingAssociationVisitationStrategy - >>>> Starting composite : bloodType
2021-11-19T10:23:44,635|[DEBUG] MetamodelGraphWalker - Visiting attribute path : bloodType.bloodGroup
2021-11-19T10:23:44,635|[TRACE] AbstractLoadPlanBuildingAssociationVisitationStrategy - >>>> Starting attribute Attribute(name=bloodGroup, type=string [non-identifier])
2021-11-19T10:23:44,635|[TRACE] AbstractLoadPlanBuildingAssociationVisitationStrategy - <<<< Finishing up attribute : Attribute(name=bloodGroup, type=string [non-identifier])
2021-11-19T10:23:44,635|[DEBUG] MetamodelGraphWalker - Visiting attribute path : bloodType.rhd
2021-11-19T10:23:44,635|[TRACE] AbstractLoadPlanBuildingAssociationVisitationStrategy - >>>> Starting attribute Attribute(name=rhd, type=byte [non-identifier])
2021-11-19T10:23:44,635|[TRACE] AbstractLoadPlanBuildingAssociationVisitationStrategy - <<<< Finishing up attribute : Attribute(name=rhd, type=byte [non-identifier])
2021-11-19T10:23:44,635|[TRACE] AbstractLoadPlanBuildingAssociationVisitationStrategy - <<<< Finishing composite : bloodType
2021-11-19T10:23:44,635|[TRACE] AbstractLoadPlanBuildingAssociationVisitationStrategy - Popped fetch owner from stack : org.hibernate.loader.plan.build.internal.returns.CompositeAttributeFetchImpl@446a692f
2021-11-19T10:23:44,635|[TRACE] AbstractLoadPlanBuildingAssociationVisitationStrategy - << Finishing up attribute : Attribute(name=bloodType, type=component[bloodGroup,rhd] [non-identifier,composition])
2021-11-19T10:23:44,635|[DEBUG] MetamodelGraphWalker - Visiting attribute path : milliliters
2021-11-19T10:23:44,635|[TRACE] AbstractLoadPlanBuildingAssociationVisitationStrategy - >> Starting attribute Attribute(name=milliliters, type=integer [non-identifier])
2021-11-19T10:23:44,635|[TRACE] AbstractLoadPlanBuildingAssociationVisitationStrategy - << Finishing up attribute : Attribute(name=milliliters, type=integer [non-identifier])
2021-11-19T10:23:44,635|[DEBUG] MetamodelGraphWalker - Visiting attribute path : record
2021-11-19T10:23:44,635|[TRACE] AbstractLoadPlanBuildingAssociationVisitationStrategy - >> Starting attribute Attribute(name=record, type=bloodbank.entity.DonationRecord [non-identifier,association])
2021-11-19T10:23:44,635|[DEBUG] QuerySpacesImpl - Adding QuerySpace : uid = <gen:3> -> org.hibernate.loader.plan.build.internal.spaces.EntityQuerySpaceImpl@283ecb4b]
2021-11-19T10:23:44,635|[TRACE] AbstractLoadPlanBuildingAssociationVisitationStrategy - << Finishing up attribute : Attribute(name=record, type=bloodbank.entity.DonationRecord [non-identifier,association])
2021-11-19T10:23:44,635|[TRACE] AbstractLoadPlanBuildingAssociationVisitationStrategy - Popped fetch owner from stack : org.hibernate.loader.plan.build.internal.returns.CollectionFetchableElementEntityGraph@a251135
2021-11-19T10:23:44,635|[TRACE] AbstractLoadPlanBuildingAssociationVisitationStrategy -  Finished collection element graph : bloodbank.entity.BloodBank.donations
2021-11-19T10:23:44,635|[TRACE] AbstractLoadPlanBuildingAssociationVisitationStrategy - Popped collection reference from stack : org.hibernate.loader.plan.build.internal.returns.CollectionReturnImpl@366b4a7b
2021-11-19T10:23:44,635|[TRACE] AbstractLoadPlanBuildingAssociationVisitationStrategy -  Finished root collection : bloodbank.entity.BloodBank.donations
2021-11-19T10:23:44,635|[DEBUG] FetchStyleLoadPlanBuildingAssociationVisitationStrategy - Building LoadPlan...
2021-11-19T10:23:44,635|[DEBUG] LoadQueryJoinAndFetchProcessor - processing queryspace <gen:0>
2021-11-19T10:23:44,635|[DEBUG] LoadPlanTreePrinter - LoadPlan(collection=bloodbank.entity.BloodBank.donations)
    - Returns
       - CollectionReturnImpl(collection=bloodbank.entity.BloodBank.donations, querySpaceUid=<gen:0>, path=[bloodbank.entity.BloodBank.donations])
          - (collection element) CollectionFetchableElementEntityGraph(entity=bloodbank.entity.BloodDonation, querySpaceUid=<gen:1>, path=[bloodbank.entity.BloodBank.donations].<elements>)
             - CompositeAttributeFetchImpl(composite=bloodbank.entity.BloodType, querySpaceUid=<gen:2>, path=[bloodbank.entity.BloodBank.donations].<elements>.bloodType)
             - EntityAttributeFetchImpl(entity=bloodbank.entity.DonationRecord, querySpaceUid=<gen:3>, path=[bloodbank.entity.BloodBank.donations].<elements>.record)
    - QuerySpaces
       - CollectionQuerySpaceImpl(uid=<gen:0>, collection=bloodbank.entity.BloodBank.donations)
          - SQL table alias mapping - donations0_
          - alias suffix - 0_
          - suffixed key columns - {bank_id8_2_0_}
          - entity-element alias suffix - 1_
          - 1_entity-element suffixed key columns - donation1_2_1_
          - JOIN (JoinDefinedByMetadata(elements)) : <gen:0> -> <gen:1>
             - EntityQuerySpaceImpl(uid=<gen:1>, entity=bloodbank.entity.BloodDonation)
                - SQL table alias mapping - donations0_
                - alias suffix - 1_
                - suffixed key columns - {donation1_2_1_}
                - JOIN (JoinDefinedByMetadata(bloodType)) : <gen:1> -> <gen:2>
                   - CompositeQuerySpaceImpl(uid=<gen:2>)
                      - SQL table alias mapping - donations0_

2021-11-19T10:23:44,635|[DEBUG] CollectionLoader - Static select for collection bloodbank.entity.BloodBank.donations: select donations0_.bank_id as bank_id8_2_0_, donations0_.donation_id as donation1_2_0_, donations0_.donation_id as donation1_2_1_, donations0_.created as created2_2_1_, donations0_.updated as updated3_2_1_, donations0_.version as version4_2_1_, donations0_.bank_id as bank_id8_2_1_, donations0_.blood_group as blood_gr5_2_1_, donations0_.rhd as rhd6_2_1_, donations0_.milliliters as millilit7_2_1_ from blood_donation donations0_ where donations0_.bank_id=?
2021-11-19T10:23:44,635|[TRACE] MetadataContext - Wrapping up metadata context...
2021-11-19T10:23:44,635|[TRACE] MetadataContext - Starting mapped superclass [bloodbank.entity.PojoBaseCompositeKey]
2021-11-19T10:23:44,635|[TRACE] AttributeFactory - Building version attribute [ownerType.getTypeName().property.getName()]
2021-11-19T10:23:44,635|[TRACE] AttributeFactory - Starting attribute metadata determination [version]
2021-11-19T10:23:44,635|[TRACE] AttributeFactory -     Determined member [protected int bloodbank.entity.PojoBaseCompositeKey.version]
2021-11-19T10:23:44,635|[TRACE] AttributeFactory -     Determined type [name=integer, class=org.hibernate.type.IntegerType]
2021-11-19T10:23:44,636|[TRACE] AttributeFactory - Building attribute [bloodbank.entity.PojoBaseCompositeKey.epochCreated]
2021-11-19T10:23:44,636|[TRACE] AttributeFactory - Starting attribute metadata determination [epochCreated]
2021-11-19T10:23:44,636|[TRACE] AttributeFactory -     Determined member [protected long bloodbank.entity.PojoBaseCompositeKey.epochCreated]
2021-11-19T10:23:44,636|[TRACE] AttributeFactory -     Determined type [name=long, class=org.hibernate.type.LongType]
2021-11-19T10:23:44,636|[TRACE] AttributeFactory - Building attribute [bloodbank.entity.PojoBaseCompositeKey.epochUpdated]
2021-11-19T10:23:44,636|[TRACE] AttributeFactory - Starting attribute metadata determination [epochUpdated]
2021-11-19T10:23:44,636|[TRACE] AttributeFactory -     Determined member [protected long bloodbank.entity.PojoBaseCompositeKey.epochUpdated]
2021-11-19T10:23:44,636|[TRACE] AttributeFactory -     Determined type [name=long, class=org.hibernate.type.LongType]
2021-11-19T10:23:44,636|[TRACE] MetadataContext - Completed mapped superclass [bloodbank.entity.PojoBaseCompositeKey]
2021-11-19T10:23:44,636|[TRACE] MetadataContext - Starting entity [bloodbank.entity.Contact]
2021-11-19T10:23:44,636|[TRACE] AttributeFactory - Building identifier attribute [Contact.id]
2021-11-19T10:23:44,636|[TRACE] AttributeFactory - Starting attribute metadata determination [id]
2021-11-19T10:23:44,636|[TRACE] AttributeFactory -     Determined member [private bloodbank.entity.ContactPK bloodbank.entity.Contact.id]
2021-11-19T10:23:44,636|[TRACE] AttributeFactory -     Determined type [name=component[personId,phoneId], class=org.hibernate.type.ComponentType]
2021-11-19T10:23:44,636|[TRACE] AttributeFactory - Building attribute [unknown.personId]
2021-11-19T10:23:44,636|[TRACE] AttributeFactory - Starting attribute metadata determination [personId]
2021-11-19T10:23:44,636|[TRACE] AttributeFactory -     Determined member [private int bloodbank.entity.ContactPK.personId]
2021-11-19T10:23:44,636|[TRACE] AttributeFactory -     Determined type [name=integer, class=org.hibernate.type.IntegerType]
2021-11-19T10:23:44,636|[TRACE] AttributeFactory - Building attribute [unknown.phoneId]
2021-11-19T10:23:44,636|[TRACE] AttributeFactory - Starting attribute metadata determination [phoneId]
2021-11-19T10:23:44,636|[TRACE] AttributeFactory -     Determined member [private int bloodbank.entity.ContactPK.phoneId]
2021-11-19T10:23:44,636|[TRACE] AttributeFactory -     Determined type [name=integer, class=org.hibernate.type.IntegerType]
2021-11-19T10:23:44,636|[TRACE] AttributeFactory - Building attribute [Contact.address]
2021-11-19T10:23:44,636|[TRACE] AttributeFactory - Starting attribute metadata determination [address]
2021-11-19T10:23:44,636|[TRACE] AttributeFactory -     Determined member [private bloodbank.entity.Address bloodbank.entity.Contact.address]
2021-11-19T10:23:44,636|[TRACE] AttributeFactory -     Determined type [name=bloodbank.entity.Address, class=org.hibernate.type.ManyToOneType]
2021-11-19T10:23:44,636|[TRACE] AttributeFactory - Building attribute [Contact.contactType]
2021-11-19T10:23:44,636|[TRACE] AttributeFactory - Starting attribute metadata determination [contactType]
2021-11-19T10:23:44,636|[TRACE] AttributeFactory -     Determined member [private java.lang.String bloodbank.entity.Contact.contactType]
2021-11-19T10:23:44,636|[TRACE] AttributeFactory -     Determined type [name=string, class=org.hibernate.type.StringType]
2021-11-19T10:23:44,636|[TRACE] AttributeFactory - Building attribute [Contact.email]
2021-11-19T10:23:44,636|[TRACE] AttributeFactory - Starting attribute metadata determination [email]
2021-11-19T10:23:44,636|[TRACE] AttributeFactory -     Determined member [private java.lang.String bloodbank.entity.Contact.email]
2021-11-19T10:23:44,636|[TRACE] AttributeFactory -     Determined type [name=string, class=org.hibernate.type.StringType]
2021-11-19T10:23:44,636|[TRACE] AttributeFactory - Building attribute [Contact.owner]
2021-11-19T10:23:44,636|[TRACE] AttributeFactory - Starting attribute metadata determination [owner]
2021-11-19T10:23:44,636|[TRACE] AttributeFactory -     Determined member [private bloodbank.entity.Person bloodbank.entity.Contact.owner]
2021-11-19T10:23:44,636|[TRACE] AttributeFactory -     Determined type [name=bloodbank.entity.Person, class=org.hibernate.type.ManyToOneType]
2021-11-19T10:23:44,636|[TRACE] AttributeFactory - Building attribute [Contact.phone]
2021-11-19T10:23:44,636|[TRACE] AttributeFactory - Starting attribute metadata determination [phone]
2021-11-19T10:23:44,636|[TRACE] AttributeFactory -     Determined member [private bloodbank.entity.Phone bloodbank.entity.Contact.phone]
2021-11-19T10:23:44,636|[TRACE] AttributeFactory -     Determined type [name=bloodbank.entity.Phone, class=org.hibernate.type.ManyToOneType]
2021-11-19T10:23:44,636|[TRACE] MetadataContext - Completed entity [bloodbank.entity.Contact]
2021-11-19T10:23:44,636|[TRACE] MetadataContext - Starting mapped superclass [bloodbank.entity.PojoBase]
2021-11-19T10:23:44,636|[TRACE] AttributeFactory - Building identifier attribute [bloodbank.entity.PojoBase.id]
2021-11-19T10:23:44,636|[TRACE] AttributeFactory - Starting attribute metadata determination [id]
2021-11-19T10:23:44,636|[TRACE] AttributeFactory -     Determined member [protected int bloodbank.entity.PojoBase.id]
2021-11-19T10:23:44,636|[TRACE] AttributeFactory -     Determined type [name=integer, class=org.hibernate.type.IntegerType]
2021-11-19T10:23:44,636|[TRACE] AttributeFactory - Building version attribute [ownerType.getTypeName().property.getName()]
2021-11-19T10:23:44,636|[TRACE] AttributeFactory - Starting attribute metadata determination [version]
2021-11-19T10:23:44,636|[TRACE] AttributeFactory -     Determined member [protected int bloodbank.entity.PojoBase.version]
2021-11-19T10:23:44,636|[TRACE] AttributeFactory -     Determined type [name=integer, class=org.hibernate.type.IntegerType]
2021-11-19T10:23:44,636|[TRACE] AttributeFactory - Building attribute [bloodbank.entity.PojoBase.epochCreated]
2021-11-19T10:23:44,636|[TRACE] AttributeFactory - Starting attribute metadata determination [epochCreated]
2021-11-19T10:23:44,636|[TRACE] AttributeFactory -     Determined member [protected long bloodbank.entity.PojoBase.epochCreated]
2021-11-19T10:23:44,636|[TRACE] AttributeFactory -     Determined type [name=long, class=org.hibernate.type.LongType]
2021-11-19T10:23:44,636|[TRACE] AttributeFactory - Building attribute [bloodbank.entity.PojoBase.epochUpdated]
2021-11-19T10:23:44,636|[TRACE] AttributeFactory - Starting attribute metadata determination [epochUpdated]
2021-11-19T10:23:44,636|[TRACE] AttributeFactory -     Determined member [protected long bloodbank.entity.PojoBase.epochUpdated]
2021-11-19T10:23:44,636|[TRACE] AttributeFactory -     Determined type [name=long, class=org.hibernate.type.LongType]
2021-11-19T10:23:44,636|[TRACE] AttributeFactory - Building attribute [bloodbank.entity.PojoBase.version]
2021-11-19T10:23:44,636|[TRACE] AttributeFactory - Starting attribute metadata determination [version]
2021-11-19T10:23:44,636|[TRACE] AttributeFactory -     Determined member [protected int bloodbank.entity.PojoBase.version]
2021-11-19T10:23:44,636|[TRACE] AttributeFactory -     Determined type [name=integer, class=org.hibernate.type.IntegerType]
2021-11-19T10:23:44,636|[TRACE] MetadataContext - Completed mapped superclass [bloodbank.entity.PojoBase]
2021-11-19T10:23:44,636|[TRACE] MetadataContext - Starting entity [bloodbank.entity.Phone]
2021-11-19T10:23:44,636|[TRACE] AttributeFactory - Building attribute [Phone.areaCode]
2021-11-19T10:23:44,636|[TRACE] AttributeFactory - Starting attribute metadata determination [areaCode]
2021-11-19T10:23:44,636|[TRACE] AttributeFactory -     Determined member [private java.lang.String bloodbank.entity.Phone.areaCode]
2021-11-19T10:23:44,636|[TRACE] AttributeFactory -     Determined type [name=string, class=org.hibernate.type.StringType]
2021-11-19T10:23:44,636|[TRACE] AttributeFactory - Building attribute [Phone.contacts]
2021-11-19T10:23:44,636|[TRACE] AttributeFactory - Starting attribute metadata determination [contacts]
2021-11-19T10:23:44,636|[TRACE] AttributeFactory -     Determined member [private java.util.Set bloodbank.entity.Phone.contacts]
2021-11-19T10:23:44,636|[TRACE] AttributeFactory -     Determined type [name=java.util.Set(bloodbank.entity.Phone.contacts), class=org.hibernate.type.SetType]
2021-11-19T10:23:44,636|[TRACE] AttributeFactory - Building attribute [Phone.countryCode]
2021-11-19T10:23:44,636|[TRACE] AttributeFactory - Starting attribute metadata determination [countryCode]
2021-11-19T10:23:44,636|[TRACE] AttributeFactory -     Determined member [private java.lang.String bloodbank.entity.Phone.countryCode]
2021-11-19T10:23:44,636|[TRACE] AttributeFactory -     Determined type [name=string, class=org.hibernate.type.StringType]
2021-11-19T10:23:44,636|[TRACE] AttributeFactory - Building attribute [Phone.number]
2021-11-19T10:23:44,636|[TRACE] AttributeFactory - Starting attribute metadata determination [number]
2021-11-19T10:23:44,636|[TRACE] AttributeFactory -     Determined member [private java.lang.String bloodbank.entity.Phone.number]
2021-11-19T10:23:44,636|[TRACE] AttributeFactory -     Determined type [name=string, class=org.hibernate.type.StringType]
2021-11-19T10:23:44,636|[TRACE] MetadataContext - Completed entity [bloodbank.entity.Phone]
2021-11-19T10:23:44,636|[TRACE] MetadataContext - Starting entity [bloodbank.entity.BloodDonation]
2021-11-19T10:23:44,636|[TRACE] AttributeFactory - Building attribute [BloodDonation.bank]
2021-11-19T10:23:44,636|[TRACE] AttributeFactory - Starting attribute metadata determination [bank]
2021-11-19T10:23:44,636|[TRACE] AttributeFactory -     Determined member [private bloodbank.entity.BloodBank bloodbank.entity.BloodDonation.bank]
2021-11-19T10:23:44,636|[TRACE] AttributeFactory -     Determined type [name=bloodbank.entity.BloodBank, class=org.hibernate.type.ManyToOneType]
2021-11-19T10:23:44,636|[TRACE] AttributeFactory - Building attribute [BloodDonation.bloodType]
2021-11-19T10:23:44,636|[TRACE] AttributeFactory - Starting attribute metadata determination [bloodType]
2021-11-19T10:23:44,636|[TRACE] AttributeFactory -     Determined member [private bloodbank.entity.BloodType bloodbank.entity.BloodDonation.bloodType]
2021-11-19T10:23:44,636|[TRACE] AttributeFactory -     Determined type [name=component[bloodGroup,rhd], class=org.hibernate.type.ComponentType]
2021-11-19T10:23:44,636|[TRACE] AttributeFactory - Building attribute [unknown.bloodGroup]
2021-11-19T10:23:44,636|[TRACE] AttributeFactory - Starting attribute metadata determination [bloodGroup]
2021-11-19T10:23:44,636|[TRACE] AttributeFactory -     Determined member [private java.lang.String bloodbank.entity.BloodType.bloodGroup]
2021-11-19T10:23:44,637|[TRACE] AttributeFactory -     Determined type [name=string, class=org.hibernate.type.StringType]
2021-11-19T10:23:44,637|[TRACE] AttributeFactory - Building attribute [unknown.rhd]
2021-11-19T10:23:44,637|[TRACE] AttributeFactory - Starting attribute metadata determination [rhd]
2021-11-19T10:23:44,637|[TRACE] AttributeFactory -     Determined member [private byte bloodbank.entity.BloodType.rhd]
2021-11-19T10:23:44,637|[TRACE] AttributeFactory -     Determined type [name=byte, class=org.hibernate.type.ByteType]
2021-11-19T10:23:44,656|[TRACE] AttributeFactory - Building attribute [BloodDonation.milliliters]
2021-11-19T10:23:44,656|[TRACE] AttributeFactory - Starting attribute metadata determination [milliliters]
2021-11-19T10:23:44,656|[TRACE] AttributeFactory -     Determined member [private int bloodbank.entity.BloodDonation.milliliters]
2021-11-19T10:23:44,656|[TRACE] AttributeFactory -     Determined type [name=integer, class=org.hibernate.type.IntegerType]
2021-11-19T10:23:44,656|[TRACE] AttributeFactory - Building attribute [BloodDonation.record]
2021-11-19T10:23:44,656|[TRACE] AttributeFactory - Starting attribute metadata determination [record]
2021-11-19T10:23:44,656|[TRACE] AttributeFactory -     Determined member [private bloodbank.entity.DonationRecord bloodbank.entity.BloodDonation.record]
2021-11-19T10:23:44,656|[TRACE] AttributeFactory -     Determined type [name=bloodbank.entity.DonationRecord, class=org.hibernate.type.OneToOneType]
2021-11-19T10:23:44,656|[TRACE] MetadataContext - Completed entity [bloodbank.entity.BloodDonation]
2021-11-19T10:23:44,656|[TRACE] MetadataContext - Starting entity [bloodbank.entity.BloodBank]
2021-11-19T10:23:44,656|[TRACE] AttributeFactory - Building attribute [BloodBank.donations]
2021-11-19T10:23:44,656|[TRACE] AttributeFactory - Starting attribute metadata determination [donations]
2021-11-19T10:23:44,656|[TRACE] AttributeFactory -     Determined member [private java.util.Set bloodbank.entity.BloodBank.donations]
2021-11-19T10:23:44,656|[TRACE] AttributeFactory -     Determined type [name=java.util.Set(bloodbank.entity.BloodBank.donations), class=org.hibernate.type.SetType]
2021-11-19T10:23:44,657|[TRACE] AttributeFactory - Building attribute [BloodBank.name]
2021-11-19T10:23:44,657|[TRACE] AttributeFactory - Starting attribute metadata determination [name]
2021-11-19T10:23:44,657|[TRACE] AttributeFactory -     Determined member [private java.lang.String bloodbank.entity.BloodBank.name]
2021-11-19T10:23:44,657|[TRACE] AttributeFactory -     Determined type [name=string, class=org.hibernate.type.StringType]
2021-11-19T10:23:44,657|[TRACE] MetadataContext - Completed entity [bloodbank.entity.BloodBank]
2021-11-19T10:23:44,657|[TRACE] MetadataContext - Starting entity [bloodbank.entity.PrivateBloodBank]
2021-11-19T10:23:44,657|[TRACE] MetadataContext - Completed entity [bloodbank.entity.PrivateBloodBank]
2021-11-19T10:23:44,657|[TRACE] MetadataContext - Starting entity [bloodbank.entity.DonationRecord]
2021-11-19T10:23:44,657|[TRACE] AttributeFactory - Building attribute [DonationRecord.donation]
2021-11-19T10:23:44,657|[TRACE] AttributeFactory - Starting attribute metadata determination [donation]
2021-11-19T10:23:44,657|[TRACE] AttributeFactory -     Determined member [private bloodbank.entity.BloodDonation bloodbank.entity.DonationRecord.donation]
2021-11-19T10:23:44,657|[TRACE] AttributeFactory -     Determined type [name=bloodbank.entity.BloodDonation, class=org.hibernate.type.ManyToOneType]
2021-11-19T10:23:44,657|[TRACE] AttributeFactory - Building attribute [DonationRecord.owner]
2021-11-19T10:23:44,657|[TRACE] AttributeFactory - Starting attribute metadata determination [owner]
2021-11-19T10:23:44,657|[TRACE] AttributeFactory -     Determined member [private bloodbank.entity.Person bloodbank.entity.DonationRecord.owner]
2021-11-19T10:23:44,657|[TRACE] AttributeFactory -     Determined type [name=bloodbank.entity.Person, class=org.hibernate.type.ManyToOneType]
2021-11-19T10:23:44,657|[TRACE] AttributeFactory - Building attribute [DonationRecord.tested]
2021-11-19T10:23:44,657|[TRACE] AttributeFactory - Starting attribute metadata determination [tested]
2021-11-19T10:23:44,657|[TRACE] AttributeFactory -     Determined member [private byte bloodbank.entity.DonationRecord.tested]
2021-11-19T10:23:44,657|[TRACE] AttributeFactory -     Determined type [name=byte, class=org.hibernate.type.ByteType]
2021-11-19T10:23:44,657|[TRACE] MetadataContext - Completed entity [bloodbank.entity.DonationRecord]
2021-11-19T10:23:44,657|[TRACE] MetadataContext - Starting entity [bloodbank.entity.Address]
2021-11-19T10:23:44,657|[TRACE] AttributeFactory - Building attribute [Address.city]
2021-11-19T10:23:44,657|[TRACE] AttributeFactory - Starting attribute metadata determination [city]
2021-11-19T10:23:44,657|[TRACE] AttributeFactory -     Determined member [private java.lang.String bloodbank.entity.Address.city]
2021-11-19T10:23:44,657|[TRACE] AttributeFactory -     Determined type [name=string, class=org.hibernate.type.StringType]
2021-11-19T10:23:44,657|[TRACE] AttributeFactory - Building attribute [Address.contacts]
2021-11-19T10:23:44,657|[TRACE] AttributeFactory - Starting attribute metadata determination [contacts]
2021-11-19T10:23:44,657|[TRACE] AttributeFactory -     Determined member [private java.util.Set bloodbank.entity.Address.contacts]
2021-11-19T10:23:44,657|[TRACE] AttributeFactory -     Determined type [name=java.util.Set(bloodbank.entity.Address.contacts), class=org.hibernate.type.SetType]
2021-11-19T10:23:44,657|[TRACE] AttributeFactory - Building attribute [Address.country]
2021-11-19T10:23:44,657|[TRACE] AttributeFactory - Starting attribute metadata determination [country]
2021-11-19T10:23:44,657|[TRACE] AttributeFactory -     Determined member [private java.lang.String bloodbank.entity.Address.country]
2021-11-19T10:23:44,657|[TRACE] AttributeFactory -     Determined type [name=string, class=org.hibernate.type.StringType]
2021-11-19T10:23:44,657|[TRACE] AttributeFactory - Building attribute [Address.province]
2021-11-19T10:23:44,657|[TRACE] AttributeFactory - Starting attribute metadata determination [province]
2021-11-19T10:23:44,657|[TRACE] AttributeFactory -     Determined member [private java.lang.String bloodbank.entity.Address.province]
2021-11-19T10:23:44,657|[TRACE] AttributeFactory -     Determined type [name=string, class=org.hibernate.type.StringType]
2021-11-19T10:23:44,657|[TRACE] AttributeFactory - Building attribute [Address.street]
2021-11-19T10:23:44,657|[TRACE] AttributeFactory - Starting attribute metadata determination [street]
2021-11-19T10:23:44,657|[TRACE] AttributeFactory -     Determined member [private java.lang.String bloodbank.entity.Address.street]
2021-11-19T10:23:44,657|[TRACE] AttributeFactory -     Determined type [name=string, class=org.hibernate.type.StringType]
2021-11-19T10:23:44,657|[TRACE] AttributeFactory - Building attribute [Address.streetNumber]
2021-11-19T10:23:44,657|[TRACE] AttributeFactory - Starting attribute metadata determination [streetNumber]
2021-11-19T10:23:44,657|[TRACE] AttributeFactory -     Determined member [private java.lang.String bloodbank.entity.Address.streetNumber]
2021-11-19T10:23:44,657|[TRACE] AttributeFactory -     Determined type [name=string, class=org.hibernate.type.StringType]
2021-11-19T10:23:44,657|[TRACE] AttributeFactory - Building attribute [Address.zipcode]
2021-11-19T10:23:44,657|[TRACE] AttributeFactory - Starting attribute metadata determination [zipcode]
2021-11-19T10:23:44,657|[TRACE] AttributeFactory -     Determined member [private java.lang.String bloodbank.entity.Address.zipcode]
2021-11-19T10:23:44,657|[TRACE] AttributeFactory -     Determined type [name=string, class=org.hibernate.type.StringType]
2021-11-19T10:23:44,657|[TRACE] MetadataContext - Completed entity [bloodbank.entity.Address]
2021-11-19T10:23:44,657|[TRACE] MetadataContext - Starting entity [bloodbank.entity.Person]
2021-11-19T10:23:44,657|[TRACE] AttributeFactory - Building attribute [Person.contacts]
2021-11-19T10:23:44,657|[TRACE] AttributeFactory - Starting attribute metadata determination [contacts]
2021-11-19T10:23:44,657|[TRACE] AttributeFactory -     Determined member [private java.util.Set bloodbank.entity.Person.contacts]
2021-11-19T10:23:44,657|[TRACE] AttributeFactory -     Determined type [name=java.util.Set(bloodbank.entity.Person.contacts), class=org.hibernate.type.SetType]
2021-11-19T10:23:44,657|[TRACE] AttributeFactory - Building attribute [Person.donations]
2021-11-19T10:23:44,657|[TRACE] AttributeFactory - Starting attribute metadata determination [donations]
2021-11-19T10:23:44,657|[TRACE] AttributeFactory -     Determined member [private java.util.Set bloodbank.entity.Person.donations]
2021-11-19T10:23:44,657|[TRACE] AttributeFactory -     Determined type [name=java.util.Set(bloodbank.entity.Person.donations), class=org.hibernate.type.SetType]
2021-11-19T10:23:44,657|[TRACE] AttributeFactory - Building attribute [Person.firstName]
2021-11-19T10:23:44,657|[TRACE] AttributeFactory - Starting attribute metadata determination [firstName]
2021-11-19T10:23:44,657|[TRACE] AttributeFactory -     Determined member [private java.lang.String bloodbank.entity.Person.firstName]
2021-11-19T10:23:44,657|[TRACE] AttributeFactory -     Determined type [name=string, class=org.hibernate.type.StringType]
2021-11-19T10:23:44,657|[TRACE] AttributeFactory - Building attribute [Person.lastName]
2021-11-19T10:23:44,657|[TRACE] AttributeFactory - Starting attribute metadata determination [lastName]
2021-11-19T10:23:44,657|[TRACE] AttributeFactory -     Determined member [private java.lang.String bloodbank.entity.Person.lastName]
2021-11-19T10:23:44,657|[TRACE] AttributeFactory -     Determined type [name=string, class=org.hibernate.type.StringType]
2021-11-19T10:23:44,657|[TRACE] MetadataContext - Completed entity [bloodbank.entity.Person]
2021-11-19T10:23:44,657|[TRACE] MetadataContext - Starting entity [bloodbank.entity.PublicBloodBank]
2021-11-19T10:23:44,657|[TRACE] MetadataContext - Completed entity [bloodbank.entity.PublicBloodBank]
2021-11-19T10:23:44,658|[TRACE] AbstractServiceRegistryImpl - Initializing service [role=org.hibernate.tool.schema.spi.SchemaManagementTool]
2021-11-19T10:23:44,658|[DEBUG] Helper - Attempting to resolve script source setting : META-INF/sql/bloodbank-drop.sql
2021-11-19T10:23:44,658|[TRACE] Helper - Trying as URL...
2021-11-19T10:23:44,658|[TRACE] AbstractServiceRegistryImpl - Initializing service [role=org.hibernate.tool.hbm2ddl.ImportSqlCommandExtractor]
2021-11-19T10:23:44,658|[INFO ] SchemaCreatorImpl - HHH000476: Executing import script 'file:/D:/Computer%20Programming/Level%204/CST8277_300%20Enterprise%20Application/Assignments/Assignment03/BloodBank-JPA-Mapping-JUnit-Skeleton/BloodBank-JPA-Mapping-JUnit-Skeleton/target/classes/META-INF/sql/bloodbank-drop.sql'
2021-11-19T10:23:44,658|[TRACE] graph - -> script
2021-11-19T10:23:44,658|[TRACE] graph - ---> blankSpacesToSkip
2021-11-19T10:23:44,658|[TRACE] graph - <--- blankSpacesToSkip
2021-11-19T10:23:44,658|[TRACE] graph - ---> statement
2021-11-19T10:23:44,658|[TRACE] graph - -----> statementFirstPart
2021-11-19T10:23:44,658|[TRACE] graph - -------> nonSkippedChar
2021-11-19T10:23:44,658|[TRACE] script - #out(`D`) [token]
2021-11-19T10:23:44,658|[TRACE] graph - <------- nonSkippedChar
2021-11-19T10:23:44,658|[TRACE] graph - <----- statementFirstPart
2021-11-19T10:23:44,658|[TRACE] graph - -----> statementPart
2021-11-19T10:23:44,658|[TRACE] graph - -------> nonSkippedChar
2021-11-19T10:23:44,658|[TRACE] script - #out(`R`) [token]
2021-11-19T10:23:44,658|[TRACE] graph - <------- nonSkippedChar
2021-11-19T10:23:44,658|[TRACE] graph - <----- statementPart
2021-11-19T10:23:44,658|[TRACE] graph - -----> statementPart
2021-11-19T10:23:44,658|[TRACE] graph - -------> nonSkippedChar
2021-11-19T10:23:44,658|[TRACE] script - #out(`O`) [token]
2021-11-19T10:23:44,658|[TRACE] graph - <------- nonSkippedChar
2021-11-19T10:23:44,658|[TRACE] graph - <----- statementPart
2021-11-19T10:23:44,658|[TRACE] graph - -----> statementPart
2021-11-19T10:23:44,658|[TRACE] graph - -------> nonSkippedChar
2021-11-19T10:23:44,658|[TRACE] script - #out(`P`) [token]
2021-11-19T10:23:44,658|[TRACE] graph - <------- nonSkippedChar
2021-11-19T10:23:44,658|[TRACE] graph - <----- statementPart
2021-11-19T10:23:44,658|[TRACE] graph - -----> statementPart
2021-11-19T10:23:44,658|[TRACE] graph - -------> nonSkippedSpace
2021-11-19T10:23:44,658|[TRACE] script - #out(` `) [token]
2021-11-19T10:23:44,658|[TRACE] graph - <------- nonSkippedSpace
2021-11-19T10:23:44,658|[TRACE] graph - <----- statementPart
2021-11-19T10:23:44,658|[TRACE] graph - -----> statementPart
2021-11-19T10:23:44,658|[TRACE] graph - -------> nonSkippedChar
2021-11-19T10:23:44,658|[TRACE] script - #out(`S`) [token]
2021-11-19T10:23:44,658|[TRACE] graph - <------- nonSkippedChar
2021-11-19T10:23:44,658|[TRACE] graph - <----- statementPart
2021-11-19T10:23:44,658|[TRACE] graph - -----> statementPart
2021-11-19T10:23:44,658|[TRACE] graph - -------> nonSkippedChar
2021-11-19T10:23:44,658|[TRACE] script - #out(`C`) [token]
2021-11-19T10:23:44,658|[TRACE] graph - <------- nonSkippedChar
2021-11-19T10:23:44,658|[TRACE] graph - <----- statementPart
2021-11-19T10:23:44,658|[TRACE] graph - -----> statementPart
2021-11-19T10:23:44,658|[TRACE] graph - -------> nonSkippedChar
2021-11-19T10:23:44,658|[TRACE] script - #out(`H`) [token]
2021-11-19T10:23:44,658|[TRACE] graph - <------- nonSkippedChar
2021-11-19T10:23:44,658|[TRACE] graph - <----- statementPart
2021-11-19T10:23:44,658|[TRACE] graph - -----> statementPart
2021-11-19T10:23:44,658|[TRACE] graph - -------> nonSkippedChar
2021-11-19T10:23:44,658|[TRACE] script - #out(`E`) [token]
2021-11-19T10:23:44,658|[TRACE] graph - <------- nonSkippedChar
2021-11-19T10:23:44,658|[TRACE] graph - <----- statementPart
2021-11-19T10:23:44,658|[TRACE] graph - -----> statementPart
2021-11-19T10:23:44,658|[TRACE] graph - -------> nonSkippedChar
2021-11-19T10:23:44,658|[TRACE] script - #out(`M`) [token]
2021-11-19T10:23:44,658|[TRACE] graph - <------- nonSkippedChar
2021-11-19T10:23:44,658|[TRACE] graph - <----- statementPart
2021-11-19T10:23:44,658|[TRACE] graph - -----> statementPart
2021-11-19T10:23:44,658|[TRACE] graph - -------> nonSkippedChar
2021-11-19T10:23:44,658|[TRACE] script - #out(`A`) [token]
2021-11-19T10:23:44,658|[TRACE] graph - <------- nonSkippedChar
2021-11-19T10:23:44,658|[TRACE] graph - <----- statementPart
2021-11-19T10:23:44,658|[TRACE] graph - -----> statementPart
2021-11-19T10:23:44,658|[TRACE] graph - -------> nonSkippedSpace
2021-11-19T10:23:44,658|[TRACE] script - #out(` `) [token]
2021-11-19T10:23:44,658|[TRACE] graph - <------- nonSkippedSpace
2021-11-19T10:23:44,658|[TRACE] graph - <----- statementPart
2021-11-19T10:23:44,658|[TRACE] graph - -----> statementPart
2021-11-19T10:23:44,658|[TRACE] graph - -------> nonSkippedChar
2021-11-19T10:23:44,658|[TRACE] script - #out(`I`) [token]
2021-11-19T10:23:44,658|[TRACE] graph - <------- nonSkippedChar
2021-11-19T10:23:44,658|[TRACE] graph - <----- statementPart
2021-11-19T10:23:44,658|[TRACE] graph - -----> statementPart
2021-11-19T10:23:44,658|[TRACE] graph - -------> nonSkippedChar
2021-11-19T10:23:44,658|[TRACE] script - #out(`F`) [token]
2021-11-19T10:23:44,658|[TRACE] graph - <------- nonSkippedChar
2021-11-19T10:23:44,658|[TRACE] graph - <----- statementPart
2021-11-19T10:23:44,658|[TRACE] graph - -----> statementPart
2021-11-19T10:23:44,659|[TRACE] graph - -------> nonSkippedSpace
2021-11-19T10:23:44,659|[TRACE] script - #out(` `) [token]
2021-11-19T10:23:44,659|[TRACE] graph - <------- nonSkippedSpace
2021-11-19T10:23:44,659|[TRACE] graph - <----- statementPart
2021-11-19T10:23:44,659|[TRACE] graph - -----> statementPart
2021-11-19T10:23:44,659|[TRACE] graph - -------> nonSkippedChar
2021-11-19T10:23:44,659|[TRACE] script - #out(`E`) [token]
2021-11-19T10:23:44,659|[TRACE] graph - <------- nonSkippedChar
2021-11-19T10:23:44,659|[TRACE] graph - <----- statementPart
2021-11-19T10:23:44,659|[TRACE] graph - -----> statementPart
2021-11-19T10:23:44,659|[TRACE] graph - -------> nonSkippedChar
2021-11-19T10:23:44,659|[TRACE] script - #out(`X`) [token]
2021-11-19T10:23:44,659|[TRACE] graph - <------- nonSkippedChar
2021-11-19T10:23:44,659|[TRACE] graph - <----- statementPart
2021-11-19T10:23:44,659|[TRACE] graph - -----> statementPart
2021-11-19T10:23:44,659|[TRACE] graph - -------> nonSkippedChar
2021-11-19T10:23:44,659|[TRACE] script - #out(`I`) [token]
2021-11-19T10:23:44,659|[TRACE] graph - <------- nonSkippedChar
2021-11-19T10:23:44,659|[TRACE] graph - <----- statementPart
2021-11-19T10:23:44,659|[TRACE] graph - -----> statementPart
2021-11-19T10:23:44,659|[TRACE] graph - -------> nonSkippedChar
2021-11-19T10:23:44,659|[TRACE] script - #out(`S`) [token]
2021-11-19T10:23:44,659|[TRACE] graph - <------- nonSkippedChar
2021-11-19T10:23:44,659|[TRACE] graph - <----- statementPart
2021-11-19T10:23:44,659|[TRACE] graph - -----> statementPart
2021-11-19T10:23:44,659|[TRACE] graph - -------> nonSkippedChar
2021-11-19T10:23:44,659|[TRACE] script - #out(`T`) [token]
2021-11-19T10:23:44,659|[TRACE] graph - <------- nonSkippedChar
2021-11-19T10:23:44,659|[TRACE] graph - <----- statementPart
2021-11-19T10:23:44,659|[TRACE] graph - -----> statementPart
2021-11-19T10:23:44,659|[TRACE] graph - -------> nonSkippedChar
2021-11-19T10:23:44,659|[TRACE] script - #out(`S`) [token]
2021-11-19T10:23:44,659|[TRACE] graph - <------- nonSkippedChar
2021-11-19T10:23:44,659|[TRACE] graph - <----- statementPart
2021-11-19T10:23:44,659|[TRACE] graph - -----> statementPart
2021-11-19T10:23:44,659|[TRACE] graph - -------> nonSkippedSpace
2021-11-19T10:23:44,659|[TRACE] script - #out(` `) [token]
2021-11-19T10:23:44,659|[TRACE] graph - <------- nonSkippedSpace
2021-11-19T10:23:44,659|[TRACE] graph - <----- statementPart
2021-11-19T10:23:44,659|[TRACE] graph - -----> statementPart
2021-11-19T10:23:44,659|[TRACE] graph - -------> nonSkippedChar
2021-11-19T10:23:44,659|[TRACE] script - #out(`b`) [token]
2021-11-19T10:23:44,659|[TRACE] graph - <------- nonSkippedChar
2021-11-19T10:23:44,659|[TRACE] graph - <----- statementPart
2021-11-19T10:23:44,659|[TRACE] graph - -----> statementPart
2021-11-19T10:23:44,659|[TRACE] graph - -------> nonSkippedChar
2021-11-19T10:23:44,659|[TRACE] script - #out(`l`) [token]
2021-11-19T10:23:44,659|[TRACE] graph - <------- nonSkippedChar
2021-11-19T10:23:44,659|[TRACE] graph - <----- statementPart
2021-11-19T10:23:44,659|[TRACE] graph - -----> statementPart
2021-11-19T10:23:44,659|[TRACE] graph - -------> nonSkippedChar
2021-11-19T10:23:44,659|[TRACE] script - #out(`o`) [token]
2021-11-19T10:23:44,659|[TRACE] graph - <------- nonSkippedChar
2021-11-19T10:23:44,659|[TRACE] graph - <----- statementPart
2021-11-19T10:23:44,659|[TRACE] graph - -----> statementPart
2021-11-19T10:23:44,659|[TRACE] graph - -------> nonSkippedChar
2021-11-19T10:23:44,659|[TRACE] script - #out(`o`) [token]
2021-11-19T10:23:44,659|[TRACE] graph - <------- nonSkippedChar
2021-11-19T10:23:44,659|[TRACE] graph - <----- statementPart
2021-11-19T10:23:44,659|[TRACE] graph - -----> statementPart
2021-11-19T10:23:44,659|[TRACE] graph - -------> nonSkippedChar
2021-11-19T10:23:44,659|[TRACE] script - #out(`d`) [token]
2021-11-19T10:23:44,659|[TRACE] graph - <------- nonSkippedChar
2021-11-19T10:23:44,659|[TRACE] graph - <----- statementPart
2021-11-19T10:23:44,659|[TRACE] graph - -----> statementPart
2021-11-19T10:23:44,659|[TRACE] graph - -------> nonSkippedChar
2021-11-19T10:23:44,659|[TRACE] script - #out(`b`) [token]
2021-11-19T10:23:44,659|[TRACE] graph - <------- nonSkippedChar
2021-11-19T10:23:44,659|[TRACE] graph - <----- statementPart
2021-11-19T10:23:44,659|[TRACE] graph - -----> statementPart
2021-11-19T10:23:44,659|[TRACE] graph - -------> nonSkippedChar
2021-11-19T10:23:44,659|[TRACE] script - #out(`a`) [token]
2021-11-19T10:23:44,659|[TRACE] graph - <------- nonSkippedChar
2021-11-19T10:23:44,659|[TRACE] graph - <----- statementPart
2021-11-19T10:23:44,659|[TRACE] graph - -----> statementPart
2021-11-19T10:23:44,659|[TRACE] graph - -------> nonSkippedChar
2021-11-19T10:23:44,659|[TRACE] script - #out(`n`) [token]
2021-11-19T10:23:44,659|[TRACE] graph - <------- nonSkippedChar
2021-11-19T10:23:44,659|[TRACE] graph - <----- statementPart
2021-11-19T10:23:44,659|[TRACE] graph - -----> statementPart
2021-11-19T10:23:44,659|[TRACE] graph - -------> nonSkippedChar
2021-11-19T10:23:44,659|[TRACE] script - #out(`k`) [token]
2021-11-19T10:23:44,659|[TRACE] graph - <------- nonSkippedChar
2021-11-19T10:23:44,659|[TRACE] graph - <----- statementPart
2021-11-19T10:23:44,659|[DEBUG] graph - Import statement : DROP SCHEMA IF EXISTS bloodbank
2021-11-19T10:23:44,659|[TRACE] graph - <--- statement
2021-11-19T10:23:44,659|[TRACE] graph - ---> blankSpacesToSkip
2021-11-19T10:23:44,659|[TRACE] graph - -----> newLineToSkip
2021-11-19T10:23:44,659|[TRACE] graph - <----- newLineToSkip
2021-11-19T10:23:44,659|[TRACE] graph - <--- blankSpacesToSkip
2021-11-19T10:23:44,659|[TRACE] graph - <- script
2021-11-19T10:23:44,659|[DEBUG] SQL - 
    
    DROP SCHEMA IF EXISTS bloodbank
2021-11-19T10:23:44,659|[INFO ] access - HHH10001501: Connection obtained from JdbcConnectionAccess [org.hibernate.engine.jdbc.env.internal.JdbcEnvironmentInitiator$ConnectionProviderJdbcConnectionAccess@383e6734] for (non-JTA) DDL execution was not in auto-commit mode; the Connection 'local transaction' will be committed and the Connection will be set into auto-commit mode.
2021-11-19T10:23:44,734|[DEBUG] Helper - Attempting to resolve script source setting : META-INF/sql/bloodbank-create.sql
2021-11-19T10:23:44,734|[TRACE] Helper - Trying as URL...
2021-11-19T10:23:44,734|[INFO ] SchemaCreatorImpl - HHH000476: Executing import script 'file:/D:/Computer%20Programming/Level%204/CST8277_300%20Enterprise%20Application/Assignments/Assignment03/BloodBank-JPA-Mapping-JUnit-Skeleton/BloodBank-JPA-Mapping-JUnit-Skeleton/target/classes/META-INF/sql/bloodbank-create.sql'
2021-11-19T10:23:44,735|[TRACE] graph - -> script
2021-11-19T10:23:44,735|[TRACE] graph - ---> blankSpacesToSkip
2021-11-19T10:23:44,735|[TRACE] graph - -----> newLineToSkip
2021-11-19T10:23:44,735|[TRACE] graph - <----- newLineToSkip
2021-11-19T10:23:44,735|[TRACE] graph - -----> newLineToSkip
2021-11-19T10:23:44,735|[TRACE] graph - <----- newLineToSkip
2021-11-19T10:23:44,735|[TRACE] graph - <--- blankSpacesToSkip
2021-11-19T10:23:44,735|[TRACE] graph - ---> statement
2021-11-19T10:23:44,735|[TRACE] graph - -----> statementFirstPart
2021-11-19T10:23:44,735|[TRACE] graph - -------> nonSkippedChar
2021-11-19T10:23:44,735|[TRACE] script - #out(`S`) [token]
2021-11-19T10:23:44,735|[TRACE] graph - <------- nonSkippedChar
2021-11-19T10:23:44,735|[TRACE] graph - <----- statementFirstPart
2021-11-19T10:23:44,735|[TRACE] graph - -----> statementPart
2021-11-19T10:23:44,735|[TRACE] graph - -------> nonSkippedChar
2021-11-19T10:23:44,735|[TRACE] script - #out(`E`) [token]
2021-11-19T10:23:44,735|[TRACE] graph - <------- nonSkippedChar
2021-11-19T10:23:44,735|[TRACE] graph - <----- statementPart
2021-11-19T10:23:44,735|[TRACE] graph - -----> statementPart
2021-11-19T10:23:44,735|[TRACE] graph - -------> nonSkippedChar
2021-11-19T10:23:44,735|[TRACE] script - #out(`T`) [token]
2021-11-19T10:23:44,735|[TRACE] graph - <------- nonSkippedChar
2021-11-19T10:23:44,735|[TRACE] graph - <----- statementPart
2021-11-19T10:23:44,735|[TRACE] graph - -----> statementPart
2021-11-19T10:23:44,735|[TRACE] graph - -------> nonSkippedSpace
2021-11-19T10:23:44,735|[TRACE] script - #out(` `) [token]
2021-11-19T10:23:44,735|[TRACE] graph - <------- nonSkippedSpace
2021-11-19T10:23:44,735|[TRACE] graph - <----- statementPart
2021-11-19T10:23:44,735|[TRACE] graph - -----> statementPart
2021-11-19T10:23:44,735|[TRACE] graph - -------> nonSkippedChar
2021-11-19T10:23:44,735|[TRACE] script - #out(`@`) [token]
2021-11-19T10:23:44,735|[TRACE] graph - <------- nonSkippedChar
2021-11-19T10:23:44,735|[TRACE] graph - <----- statementPart
2021-11-19T10:23:44,735|[TRACE] graph - -----> statementPart
2021-11-19T10:23:44,735|[TRACE] graph - -------> nonSkippedChar
2021-11-19T10:23:44,735|[TRACE] script - #out(`O`) [token]
2021-11-19T10:23:44,735|[TRACE] graph - <------- nonSkippedChar
2021-11-19T10:23:44,735|[TRACE] graph - <----- statementPart
2021-11-19T10:23:44,735|[TRACE] graph - -----> statementPart
2021-11-19T10:23:44,735|[TRACE] graph - -------> nonSkippedChar
2021-11-19T10:23:44,735|[TRACE] script - #out(`L`) [token]
2021-11-19T10:23:44,735|[TRACE] graph - <------- nonSkippedChar
2021-11-19T10:23:44,735|[TRACE] graph - <----- statementPart
2021-11-19T10:23:44,735|[TRACE] graph - -----> statementPart
2021-11-19T10:23:44,735|[TRACE] graph - -------> nonSkippedChar
2021-11-19T10:23:44,735|[TRACE] script - #out(`D`) [token]
2021-11-19T10:23:44,735|[TRACE] graph - <------- nonSkippedChar
2021-11-19T10:23:44,735|[TRACE] graph - <----- statementPart
2021-11-19T10:23:44,735|[TRACE] graph - -----> statementPart
2021-11-19T10:23:44,735|[TRACE] graph - -------> nonSkippedChar
2021-11-19T10:23:44,735|[TRACE] script - #out(`_`) [token]
2021-11-19T10:23:44,735|[TRACE] graph - <------- nonSkippedChar
2021-11-19T10:23:44,735|[TRACE] graph - <----- statementPart
2021-11-19T10:23:44,735|[TRACE] graph - -----> statementPart
2021-11-19T10:23:44,735|[TRACE] graph - -------> nonSkippedChar
2021-11-19T10:23:44,735|[TRACE] script - #out(`U`) [token]
2021-11-19T10:23:44,735|[TRACE] graph - <------- nonSkippedChar
2021-11-19T10:23:44,735|[TRACE] graph - <----- statementPart
2021-11-19T10:23:44,735|[TRACE] graph - -----> statementPart
2021-11-19T10:23:44,735|[TRACE] graph - -------> nonSkippedChar
2021-11-19T10:23:44,735|[TRACE] script - #out(`N`) [token]
2021-11-19T10:23:44,735|[TRACE] graph - <------- nonSkippedChar
2021-11-19T10:23:44,735|[TRACE] graph - <----- statementPart
2021-11-19T10:23:44,735|[TRACE] graph - -----> statementPart
2021-11-19T10:23:44,735|[TRACE] graph - -------> nonSkippedChar
2021-11-19T10:23:44,735|[TRACE] script - #out(`I`) [token]
2021-11-19T10:23:44,735|[TRACE] graph - <------- nonSkippedChar
2021-11-19T10:23:44,735|[TRACE] graph - <----- statementPart
2021-11-19T10:23:44,735|[TRACE] graph - -----> statementPart
2021-11-19T10:23:44,735|[TRACE] graph - -------> nonSkippedChar
2021-11-19T10:23:44,735|[TRACE] script - #out(`Q`) [token]
2021-11-19T10:23:44,735|[TRACE] graph - <------- nonSkippedChar
2021-11-19T10:23:44,735|[TRACE] graph - <----- statementPart
2021-11-19T10:23:44,735|[TRACE] graph - -----> statementPart
2021-11-19T10:23:44,735|[TRACE] graph - -------> nonSkippedChar
2021-11-19T10:23:44,735|[TRACE] script - #out(`U`) [token]
2021-11-19T10:23:44,735|[TRACE] graph - <------- nonSkippedChar
2021-11-19T10:23:44,735|[TRACE] graph - <----- statementPart
2021-11-19T10:23:44,735|[TRACE] graph - -----> statementPart
2021-11-19T10:23:44,735|[TRACE] graph - -------> nonSkippedChar
2021-11-19T10:23:44,735|[TRACE] script - #out(`E`) [token]
2021-11-19T10:23:44,735|[TRACE] graph - <------- nonSkippedChar
2021-11-19T10:23:44,735|[TRACE] graph - <----- statementPart
2021-11-19T10:23:44,735|[TRACE] graph - -----> statementPart
2021-11-19T10:23:44,735|[TRACE] graph - -------> nonSkippedChar
2021-11-19T10:23:44,735|[TRACE] script - #out(`_`) [token]
2021-11-19T10:23:44,735|[TRACE] graph - <------- nonSkippedChar
2021-11-19T10:23:44,735|[TRACE] graph - <----- statementPart
2021-11-19T10:23:44,735|[TRACE] graph - -----> statementPart
2021-11-19T10:23:44,735|[TRACE] graph - -------> nonSkippedChar
2021-11-19T10:23:44,735|[TRACE] script - #out(`C`) [token]
2021-11-19T10:23:44,735|[TRACE] graph - <------- nonSkippedChar
2021-11-19T10:23:44,735|[TRACE] graph - <----- statementPart
2021-11-19T10:23:44,735|[TRACE] graph - -----> statementPart
2021-11-19T10:23:44,735|[TRACE] graph - -------> nonSkippedChar
2021-11-19T10:23:44,735|[TRACE] script - #out(`H`) [token]
2021-11-19T10:23:44,735|[TRACE] graph - <------- nonSkippedChar
2021-11-19T10:23:44,735|[TRACE] graph - <----- statementPart
2021-11-19T10:23:44,735|[TRACE] graph - -----> statementPart
2021-11-19T10:23:44,735|[TRACE] graph - -------> nonSkippedChar
2021-11-19T10:23:44,735|[TRACE] script - #out(`E`) [token]
2021-11-19T10:23:44,735|[TRACE] graph - <------- nonSkippedChar
2021-11-19T10:23:44,735|[TRACE] graph - <----- statementPart
2021-11-19T10:23:44,735|[TRACE] graph - -----> statementPart
2021-11-19T10:23:44,735|[TRACE] graph - -------> nonSkippedChar
2021-11-19T10:23:44,735|[TRACE] script - #out(`C`) [token]
2021-11-19T10:23:44,735|[TRACE] graph - <------- nonSkippedChar
2021-11-19T10:23:44,735|[TRACE] graph - <----- statementPart
2021-11-19T10:23:44,735|[TRACE] graph - -----> statementPart
2021-11-19T10:23:44,735|[TRACE] graph - -------> nonSkippedChar
2021-11-19T10:23:44,735|[TRACE] script - #out(`K`) [token]
2021-11-19T10:23:44,735|[TRACE] graph - <------- nonSkippedChar
2021-11-19T10:23:44,735|[TRACE] graph - <----- statementPart
2021-11-19T10:23:44,735|[TRACE] graph - -----> statementPart
2021-11-19T10:23:44,735|[TRACE] graph - -------> nonSkippedChar
2021-11-19T10:23:44,735|[TRACE] script - #out(`S`) [token]
2021-11-19T10:23:44,735|[TRACE] graph - <------- nonSkippedChar
2021-11-19T10:23:44,735|[TRACE] graph - <----- statementPart
2021-11-19T10:23:44,735|[TRACE] graph - -----> statementPart
2021-11-19T10:23:44,735|[TRACE] graph - -------> nonSkippedChar
2021-11-19T10:23:44,735|[TRACE] script - #out(`=`) [token]
2021-11-19T10:23:44,735|[TRACE] graph - <------- nonSkippedChar
2021-11-19T10:23:44,735|[TRACE] graph - <----- statementPart
2021-11-19T10:23:44,735|[TRACE] graph - -----> statementPart
2021-11-19T10:23:44,735|[TRACE] graph - -------> nonSkippedChar
2021-11-19T10:23:44,735|[TRACE] script - #out(`@`) [token]
2021-11-19T10:23:44,735|[TRACE] graph - <------- nonSkippedChar
2021-11-19T10:23:44,735|[TRACE] graph - <----- statementPart
2021-11-19T10:23:44,735|[TRACE] graph - -----> statementPart
2021-11-19T10:23:44,735|[TRACE] graph - -------> nonSkippedChar
2021-11-19T10:23:44,735|[TRACE] script - #out(`@`) [token]
2021-11-19T10:23:44,736|[TRACE] graph - <------- nonSkippedChar
2021-11-19T10:23:44,736|[TRACE] graph - <----- statementPart
2021-11-19T10:23:44,736|[TRACE] graph - -----> statementPart
2021-11-19T10:23:44,736|[TRACE] graph - -------> nonSkippedChar
2021-11-19T10:23:44,736|[TRACE] script - #out(`U`) [token]
2021-11-19T10:23:44,736|[TRACE] graph - <------- nonSkippedChar
2021-11-19T10:23:44,736|[TRACE] graph - <----- statementPart
2021-11-19T10:23:44,736|[TRACE] graph - -----> statementPart
2021-11-19T10:23:44,736|[TRACE] graph - -------> nonSkippedChar
2021-11-19T10:23:44,736|[TRACE] script - #out(`N`) [token]
2021-11-19T10:23:44,736|[TRACE] graph - <------- nonSkippedChar
2021-11-19T10:23:44,736|[TRACE] graph - <----- statementPart
2021-11-19T10:23:44,736|[TRACE] graph - -----> statementPart
2021-11-19T10:23:44,736|[TRACE] graph - -------> nonSkippedChar
2021-11-19T10:23:44,736|[TRACE] script - #out(`I`) [token]
2021-11-19T10:23:44,736|[TRACE] graph - <------- nonSkippedChar
2021-11-19T10:23:44,736|[TRACE] graph - <----- statementPart
2021-11-19T10:23:44,736|[TRACE] graph - -----> statementPart
2021-11-19T10:23:44,736|[TRACE] graph - -------> nonSkippedChar
2021-11-19T10:23:44,736|[TRACE] script - #out(`Q`) [token]
2021-11-19T10:23:44,736|[TRACE] graph - <------- nonSkippedChar
2021-11-19T10:23:44,736|[TRACE] graph - <----- statementPart
2021-11-19T10:23:44,736|[TRACE] graph - -----> statementPart
2021-11-19T10:23:44,736|[TRACE] graph - -------> nonSkippedChar
2021-11-19T10:23:44,736|[TRACE] script - #out(`U`) [token]
2021-11-19T10:23:44,736|[TRACE] graph - <------- nonSkippedChar
2021-11-19T10:23:44,736|[TRACE] graph - <----- statementPart
2021-11-19T10:23:44,736|[TRACE] graph - -----> statementPart
2021-11-19T10:23:44,736|[TRACE] graph - -------> nonSkippedChar
2021-11-19T10:23:44,736|[TRACE] script - #out(`E`) [token]
2021-11-19T10:23:44,736|[TRACE] graph - <------- nonSkippedChar
2021-11-19T10:23:44,736|[TRACE] graph - <----- statementPart
2021-11-19T10:23:44,736|[TRACE] graph - -----> statementPart
2021-11-19T10:23:44,736|[TRACE] graph - -------> nonSkippedChar
2021-11-19T10:23:44,736|[TRACE] script - #out(`_`) [token]
2021-11-19T10:23:44,736|[TRACE] graph - <------- nonSkippedChar
2021-11-19T10:23:44,736|[TRACE] graph - <----- statementPart
2021-11-19T10:23:44,736|[TRACE] graph - -----> statementPart
2021-11-19T10:23:44,736|[TRACE] graph - -------> nonSkippedChar
2021-11-19T10:23:44,736|[TRACE] script - #out(`C`) [token]
2021-11-19T10:23:44,736|[TRACE] graph - <------- nonSkippedChar
2021-11-19T10:23:44,736|[TRACE] graph - <----- statementPart
2021-11-19T10:23:44,736|[TRACE] graph - -----> statementPart
2021-11-19T10:23:44,736|[TRACE] graph - -------> nonSkippedChar
2021-11-19T10:23:44,736|[TRACE] script - #out(`H`) [token]
2021-11-19T10:23:44,736|[TRACE] graph - <------- nonSkippedChar
2021-11-19T10:23:44,736|[TRACE] graph - <----- statementPart
2021-11-19T10:23:44,736|[TRACE] graph - -----> statementPart
2021-11-19T10:23:44,736|[TRACE] graph - -------> nonSkippedChar
2021-11-19T10:23:44,736|[TRACE] script - #out(`E`) [token]
2021-11-19T10:23:44,736|[TRACE] graph - <------- nonSkippedChar
2021-11-19T10:23:44,736|[TRACE] graph - <----- statementPart
2021-11-19T10:23:44,736|[TRACE] graph - -----> statementPart
2021-11-19T10:23:44,736|[TRACE] graph - -------> nonSkippedChar
2021-11-19T10:23:44,736|[TRACE] script - #out(`C`) [token]
2021-11-19T10:23:44,736|[TRACE] graph - <------- nonSkippedChar
2021-11-19T10:23:44,736|[TRACE] graph - <----- statementPart
2021-11-19T10:23:44,736|[TRACE] graph - -----> statementPart
2021-11-19T10:23:44,736|[TRACE] graph - -------> nonSkippedChar
2021-11-19T10:23:44,736|[TRACE] script - #out(`K`) [token]
2021-11-19T10:23:44,736|[TRACE] graph - <------- nonSkippedChar
2021-11-19T10:23:44,736|[TRACE] graph - <----- statementPart
2021-11-19T10:23:44,736|[TRACE] graph - -----> statementPart
2021-11-19T10:23:44,736|[TRACE] graph - -------> nonSkippedChar
2021-11-19T10:23:44,736|[TRACE] script - #out(`S`) [token]
2021-11-19T10:23:44,736|[TRACE] graph - <------- nonSkippedChar
2021-11-19T10:23:44,736|[TRACE] graph - <----- statementPart
2021-11-19T10:23:44,736|[TRACE] graph - -----> statementPart
2021-11-19T10:23:44,736|[TRACE] graph - -------> nonSkippedChar
2021-11-19T10:23:44,736|[TRACE] script - #out(`,`) [token]
2021-11-19T10:23:44,736|[TRACE] graph - <------- nonSkippedChar
2021-11-19T10:23:44,736|[TRACE] graph - <----- statementPart
2021-11-19T10:23:44,736|[TRACE] graph - -----> statementPart
2021-11-19T10:23:44,736|[TRACE] graph - -------> nonSkippedSpace
2021-11-19T10:23:44,736|[TRACE] script - #out(` `) [token]
2021-11-19T10:23:44,736|[TRACE] graph - <------- nonSkippedSpace
2021-11-19T10:23:44,736|[TRACE] graph - <----- statementPart
2021-11-19T10:23:44,736|[TRACE] graph - -----> statementPart
2021-11-19T10:23:44,736|[TRACE] graph - -------> nonSkippedChar
2021-11-19T10:23:44,736|[TRACE] script - #out(`U`) [token]
2021-11-19T10:23:44,736|[TRACE] graph - <------- nonSkippedChar
2021-11-19T10:23:44,736|[TRACE] graph - <----- statementPart
2021-11-19T10:23:44,736|[TRACE] graph - -----> statementPart
2021-11-19T10:23:44,736|[TRACE] graph - -------> nonSkippedChar
2021-11-19T10:23:44,736|[TRACE] script - #out(`N`) [token]
2021-11-19T10:23:44,736|[TRACE] graph - <------- nonSkippedChar
2021-11-19T10:23:44,736|[TRACE] graph - <----- statementPart
2021-11-19T10:23:44,736|[TRACE] graph - -----> statementPart
2021-11-19T10:23:44,736|[TRACE] graph - -------> nonSkippedChar
2021-11-19T10:23:44,736|[TRACE] script - #out(`I`) [token]
2021-11-19T10:23:44,736|[TRACE] graph - <------- nonSkippedChar
2021-11-19T10:23:44,736|[TRACE] graph - <----- statementPart
2021-11-19T10:23:44,736|[TRACE] graph - -----> statementPart
2021-11-19T10:23:44,736|[TRACE] graph - -------> nonSkippedChar
2021-11-19T10:23:44,736|[TRACE] script - #out(`Q`) [token]
2021-11-19T10:23:44,736|[TRACE] graph - <------- nonSkippedChar
2021-11-19T10:23:44,736|[TRACE] graph - <----- statementPart
2021-11-19T10:23:44,736|[TRACE] graph - -----> statementPart
2021-11-19T10:23:44,736|[TRACE] graph - -------> nonSkippedChar
2021-11-19T10:23:44,736|[TRACE] script - #out(`U`) [token]
2021-11-19T10:23:44,736|[TRACE] graph - <------- nonSkippedChar
2021-11-19T10:23:44,736|[TRACE] graph - <----- statementPart
2021-11-19T10:23:44,736|[TRACE] graph - -----> statementPart
2021-11-19T10:23:44,736|[TRACE] graph - -------> nonSkippedChar
2021-11-19T10:23:44,736|[TRACE] script - #out(`E`) [token]
2021-11-19T10:23:44,736|[TRACE] graph - <------- nonSkippedChar
2021-11-19T10:23:44,736|[TRACE] graph - <----- statementPart
2021-11-19T10:23:44,736|[TRACE] graph - -----> statementPart
2021-11-19T10:23:44,736|[TRACE] graph - -------> nonSkippedChar
2021-11-19T10:23:44,736|[TRACE] script - #out(`_`) [token]
2021-11-19T10:23:44,736|[TRACE] graph - <------- nonSkippedChar
2021-11-19T10:23:44,736|[TRACE] graph - <----- statementPart
2021-11-19T10:23:44,736|[TRACE] graph - -----> statementPart
2021-11-19T10:23:44,736|[TRACE] graph - -------> nonSkippedChar
2021-11-19T10:23:44,736|[TRACE] script - #out(`C`) [token]
2021-11-19T10:23:44,736|[TRACE] graph - <------- nonSkippedChar
2021-11-19T10:23:44,736|[TRACE] graph - <----- statementPart
2021-11-19T10:23:44,736|[TRACE] graph - -----> statementPart
2021-11-19T10:23:44,736|[TRACE] graph - -------> nonSkippedChar
2021-11-19T10:23:44,736|[TRACE] script - #out(`H`) [token]
2021-11-19T10:23:44,736|[TRACE] graph - <------- nonSkippedChar
2021-11-19T10:23:44,736|[TRACE] graph - <----- statementPart
2021-11-19T10:23:44,736|[TRACE] graph - -----> statementPart
2021-11-19T10:23:44,736|[TRACE] graph - -------> nonSkippedChar
2021-11-19T10:23:44,736|[TRACE] script - #out(`E`) [token]
2021-11-19T10:23:44,736|[TRACE] graph - <------- nonSkippedChar
2021-11-19T10:23:44,736|[TRACE] graph - <----- statementPart
2021-11-19T10:23:44,736|[TRACE] graph - -----> statementPart
2021-11-19T10:23:44,736|[TRACE] graph - -------> nonSkippedChar
2021-11-19T10:23:44,736|[TRACE] script - #out(`C`) [token]
2021-11-19T10:23:44,736|[TRACE] graph - <------- nonSkippedChar
2021-11-19T10:23:44,736|[TRACE] graph - <----- statementPart
2021-11-19T10:23:44,736|[TRACE] graph - -----> statementPart
2021-11-19T10:23:44,736|[TRACE] graph - -------> nonSkippedChar
2021-11-19T10:23:44,736|[TRACE] script - #out(`K`) [token]
2021-11-19T10:23:44,736|[TRACE] graph - <------- nonSkippedChar
2021-11-19T10:23:44,736|[TRACE] graph - <----- statementPart
2021-11-19T10:23:44,736|[TRACE] graph - -----> statementPart
2021-11-19T10:23:44,736|[TRACE] graph - -------> nonSkippedChar
2021-11-19T10:23:44,736|[TRACE] script - #out(`S`) [token]
2021-11-19T10:23:44,736|[TRACE] graph - <------- nonSkippedChar
2021-11-19T10:23:44,736|[TRACE] graph - <----- statementPart
2021-11-19T10:23:44,736|[TRACE] graph - -----> statementPart
2021-11-19T10:23:44,736|[TRACE] graph - -------> nonSkippedChar
2021-11-19T10:23:44,736|[TRACE] script - #out(`=`) [token]
2021-11-19T10:23:44,736|[TRACE] graph - <------- nonSkippedChar
2021-11-19T10:23:44,736|[TRACE] graph - <----- statementPart
2021-11-19T10:23:44,736|[TRACE] graph - -----> statementPart
2021-11-19T10:23:44,736|[TRACE] graph - -------> nonSkippedChar
2021-11-19T10:23:44,736|[TRACE] script - #out(`0`) [token]
2021-11-19T10:23:44,736|[TRACE] graph - <------- nonSkippedChar
2021-11-19T10:23:44,736|[TRACE] graph - <----- statementPart
2021-11-19T10:23:44,736|[DEBUG] graph - Import statement : SET @OLD_UNIQUE_CHECKS=@@UNIQUE_CHECKS, UNIQUE_CHECKS=0
2021-11-19T10:23:44,736|[TRACE] graph - <--- statement
2021-11-19T10:23:44,736|[TRACE] graph - ---> blankSpacesToSkip
2021-11-19T10:23:44,736|[TRACE] graph - -----> newLineToSkip
2021-11-19T10:23:44,736|[TRACE] graph - <----- newLineToSkip
2021-11-19T10:23:44,736|[TRACE] graph - <--- blankSpacesToSkip
2021-11-19T10:23:44,736|[TRACE] graph - ---> statement
2021-11-19T10:23:44,736|[TRACE] graph - -----> statementFirstPart
2021-11-19T10:23:44,737|[TRACE] graph - -------> nonSkippedChar
2021-11-19T10:23:44,737|[TRACE] script - #out(`S`) [token]
2021-11-19T10:23:44,737|[TRACE] graph - <------- nonSkippedChar
2021-11-19T10:23:44,737|[TRACE] graph - <----- statementFirstPart
2021-11-19T10:23:44,737|[TRACE] graph - -----> statementPart
2021-11-19T10:23:44,737|[TRACE] graph - -------> nonSkippedChar
2021-11-19T10:23:44,737|[TRACE] script - #out(`E`) [token]
2021-11-19T10:23:44,737|[TRACE] graph - <------- nonSkippedChar
2021-11-19T10:23:44,737|[TRACE] graph - <----- statementPart
2021-11-19T10:23:44,737|[TRACE] graph - -----> statementPart
2021-11-19T10:23:44,737|[TRACE] graph - -------> nonSkippedChar
2021-11-19T10:23:44,737|[TRACE] script - #out(`T`) [token]
2021-11-19T10:23:44,737|[TRACE] graph - <------- nonSkippedChar
2021-11-19T10:23:44,737|[TRACE] graph - <----- statementPart
2021-11-19T10:23:44,737|[TRACE] graph - -----> statementPart
2021-11-19T10:23:44,737|[TRACE] graph - -------> nonSkippedSpace
2021-11-19T10:23:44,737|[TRACE] script - #out(` `) [token]
2021-11-19T10:23:44,737|[TRACE] graph - <------- nonSkippedSpace
2021-11-19T10:23:44,737|[TRACE] graph - <----- statementPart
2021-11-19T10:23:44,737|[TRACE] graph - -----> statementPart
2021-11-19T10:23:44,737|[TRACE] graph - -------> nonSkippedChar
2021-11-19T10:23:44,737|[TRACE] script - #out(`@`) [token]
2021-11-19T10:23:44,737|[TRACE] graph - <------- nonSkippedChar
2021-11-19T10:23:44,737|[TRACE] graph - <----- statementPart
2021-11-19T10:23:44,737|[TRACE] graph - -----> statementPart
2021-11-19T10:23:44,737|[TRACE] graph - -------> nonSkippedChar
2021-11-19T10:23:44,737|[TRACE] script - #out(`O`) [token]
2021-11-19T10:23:44,737|[TRACE] graph - <------- nonSkippedChar
2021-11-19T10:23:44,737|[TRACE] graph - <----- statementPart
2021-11-19T10:23:44,737|[TRACE] graph - -----> statementPart
2021-11-19T10:23:44,737|[TRACE] graph - -------> nonSkippedChar
2021-11-19T10:23:44,737|[TRACE] script - #out(`L`) [token]
2021-11-19T10:23:44,737|[TRACE] graph - <------- nonSkippedChar
2021-11-19T10:23:44,737|[TRACE] graph - <----- statementPart
2021-11-19T10:23:44,737|[TRACE] graph - -----> statementPart
2021-11-19T10:23:44,737|[TRACE] graph - -------> nonSkippedChar
2021-11-19T10:23:44,737|[TRACE] script - #out(`D`) [token]
2021-11-19T10:23:44,737|[TRACE] graph - <------- nonSkippedChar
2021-11-19T10:23:44,737|[TRACE] graph - <----- statementPart
2021-11-19T10:23:44,737|[TRACE] graph - -----> statementPart
2021-11-19T10:23:44,737|[TRACE] graph - -------> nonSkippedChar
2021-11-19T10:23:44,737|[TRACE] script - #out(`_`) [token]
2021-11-19T10:23:44,737|[TRACE] graph - <------- nonSkippedChar
2021-11-19T10:23:44,737|[TRACE] graph - <----- statementPart
2021-11-19T10:23:44,737|[TRACE] graph - -----> statementPart
2021-11-19T10:23:44,737|[TRACE] graph - -------> nonSkippedChar
2021-11-19T10:23:44,737|[TRACE] script - #out(`F`) [token]
2021-11-19T10:23:44,737|[TRACE] graph - <------- nonSkippedChar
2021-11-19T10:23:44,737|[TRACE] graph - <----- statementPart
2021-11-19T10:23:44,737|[TRACE] graph - -----> statementPart
2021-11-19T10:23:44,737|[TRACE] graph - -------> nonSkippedChar
2021-11-19T10:23:44,737|[TRACE] script - #out(`O`) [token]
2021-11-19T10:23:44,737|[TRACE] graph - <------- nonSkippedChar
2021-11-19T10:23:44,737|[TRACE] graph - <----- statementPart
2021-11-19T10:23:44,737|[TRACE] graph - -----> statementPart
2021-11-19T10:23:44,737|[TRACE] graph - -------> nonSkippedChar
2021-11-19T10:23:44,737|[TRACE] script - #out(`R`) [token]
2021-11-19T10:23:44,737|[TRACE] graph - <------- nonSkippedChar
2021-11-19T10:23:44,737|[TRACE] graph - <----- statementPart
2021-11-19T10:23:44,737|[TRACE] graph - -----> statementPart
2021-11-19T10:23:44,737|[TRACE] graph - -------> nonSkippedChar
2021-11-19T10:23:44,737|[TRACE] script - #out(`E`) [token]
2021-11-19T10:23:44,737|[TRACE] graph - <------- nonSkippedChar
2021-11-19T10:23:44,737|[TRACE] graph - <----- statementPart
2021-11-19T10:23:44,737|[TRACE] graph - -----> statementPart
2021-11-19T10:23:44,737|[TRACE] graph - -------> nonSkippedChar
2021-11-19T10:23:44,737|[TRACE] script - #out(`I`) [token]
2021-11-19T10:23:44,737|[TRACE] graph - <------- nonSkippedChar
2021-11-19T10:23:44,737|[TRACE] graph - <----- statementPart
2021-11-19T10:23:44,737|[TRACE] graph - -----> statementPart
2021-11-19T10:23:44,737|[TRACE] graph - -------> nonSkippedChar
2021-11-19T10:23:44,737|[TRACE] script - #out(`G`) [token]
2021-11-19T10:23:44,737|[TRACE] graph - <------- nonSkippedChar
2021-11-19T10:23:44,737|[TRACE] graph - <----- statementPart
2021-11-19T10:23:44,737|[TRACE] graph - -----> statementPart
2021-11-19T10:23:44,737|[TRACE] graph - -------> nonSkippedChar
2021-11-19T10:23:44,737|[TRACE] script - #out(`N`) [token]
2021-11-19T10:23:44,737|[TRACE] graph - <------- nonSkippedChar
2021-11-19T10:23:44,737|[TRACE] graph - <----- statementPart
2021-11-19T10:23:44,737|[TRACE] graph - -----> statementPart
2021-11-19T10:23:44,737|[TRACE] graph - -------> nonSkippedChar
2021-11-19T10:23:44,737|[TRACE] script - #out(`_`) [token]
2021-11-19T10:23:44,737|[TRACE] graph - <------- nonSkippedChar
2021-11-19T10:23:44,737|[TRACE] graph - <----- statementPart
2021-11-19T10:23:44,737|[TRACE] graph - -----> statementPart
2021-11-19T10:23:44,737|[TRACE] graph - -------> nonSkippedChar
2021-11-19T10:23:44,737|[TRACE] script - #out(`K`) [token]
2021-11-19T10:23:44,737|[TRACE] graph - <------- nonSkippedChar
2021-11-19T10:23:44,737|[TRACE] graph - <----- statementPart
2021-11-19T10:23:44,737|[TRACE] graph - -----> statementPart
2021-11-19T10:23:44,737|[TRACE] graph - -------> nonSkippedChar
2021-11-19T10:23:44,737|[TRACE] script - #out(`E`) [token]
2021-11-19T10:23:44,737|[TRACE] graph - <------- nonSkippedChar
2021-11-19T10:23:44,737|[TRACE] graph - <----- statementPart
2021-11-19T10:23:44,737|[TRACE] graph - -----> statementPart
2021-11-19T10:23:44,737|[TRACE] graph - -------> nonSkippedChar
2021-11-19T10:23:44,737|[TRACE] script - #out(`Y`) [token]
2021-11-19T10:23:44,737|[TRACE] graph - <------- nonSkippedChar
2021-11-19T10:23:44,737|[TRACE] graph - <----- statementPart
2021-11-19T10:23:44,737|[TRACE] graph - -----> statementPart
2021-11-19T10:23:44,737|[TRACE] graph - -------> nonSkippedChar
2021-11-19T10:23:44,737|[TRACE] script - #out(`_`) [token]
2021-11-19T10:23:44,737|[TRACE] graph - <------- nonSkippedChar
2021-11-19T10:23:44,737|[TRACE] graph - <----- statementPart
2021-11-19T10:23:44,737|[TRACE] graph - -----> statementPart
2021-11-19T10:23:44,737|[TRACE] graph - -------> nonSkippedChar
2021-11-19T10:23:44,737|[TRACE] script - #out(`C`) [token]
2021-11-19T10:23:44,737|[TRACE] graph - <------- nonSkippedChar
2021-11-19T10:23:44,737|[TRACE] graph - <----- statementPart
2021-11-19T10:23:44,737|[TRACE] graph - -----> statementPart
2021-11-19T10:23:44,737|[TRACE] graph - -------> nonSkippedChar
2021-11-19T10:23:44,737|[TRACE] script - #out(`H`) [token]
2021-11-19T10:23:44,737|[TRACE] graph - <------- nonSkippedChar
2021-11-19T10:23:44,737|[TRACE] graph - <----- statementPart
2021-11-19T10:23:44,737|[TRACE] graph - -----> statementPart
2021-11-19T10:23:44,737|[TRACE] graph - -------> nonSkippedChar
2021-11-19T10:23:44,737|[TRACE] script - #out(`E`) [token]
2021-11-19T10:23:44,737|[TRACE] graph - <------- nonSkippedChar
2021-11-19T10:23:44,737|[TRACE] graph - <----- statementPart
2021-11-19T10:23:44,737|[TRACE] graph - -----> statementPart
2021-11-19T10:23:44,737|[TRACE] graph - -------> nonSkippedChar
2021-11-19T10:23:44,737|[TRACE] script - #out(`C`) [token]
2021-11-19T10:23:44,737|[TRACE] graph - <------- nonSkippedChar
2021-11-19T10:23:44,737|[TRACE] graph - <----- statementPart
2021-11-19T10:23:44,737|[TRACE] graph - -----> statementPart
2021-11-19T10:23:44,737|[TRACE] graph - -------> nonSkippedChar
2021-11-19T10:23:44,737|[TRACE] script - #out(`K`) [token]
2021-11-19T10:23:44,737|[TRACE] graph - <------- nonSkippedChar
2021-11-19T10:23:44,737|[TRACE] graph - <----- statementPart
2021-11-19T10:23:44,737|[TRACE] graph - -----> statementPart
2021-11-19T10:23:44,737|[TRACE] graph - -------> nonSkippedChar
2021-11-19T10:23:44,737|[TRACE] script - #out(`S`) [token]
2021-11-19T10:23:44,737|[TRACE] graph - <------- nonSkippedChar
2021-11-19T10:23:44,737|[TRACE] graph - <----- statementPart
2021-11-19T10:23:44,737|[TRACE] graph - -----> statementPart
2021-11-19T10:23:44,737|[TRACE] graph - -------> nonSkippedChar
2021-11-19T10:23:44,737|[TRACE] script - #out(`=`) [token]
2021-11-19T10:23:44,737|[TRACE] graph - <------- nonSkippedChar
2021-11-19T10:23:44,737|[TRACE] graph - <----- statementPart
2021-11-19T10:23:44,737|[TRACE] graph - -----> statementPart
2021-11-19T10:23:44,737|[TRACE] graph - -------> nonSkippedChar
2021-11-19T10:23:44,737|[TRACE] script - #out(`@`) [token]
2021-11-19T10:23:44,737|[TRACE] graph - <------- nonSkippedChar
2021-11-19T10:23:44,738|[TRACE] graph - <----- statementPart
2021-11-19T10:23:44,738|[TRACE] graph - -----> statementPart
2021-11-19T10:23:44,738|[TRACE] graph - -------> nonSkippedChar
2021-11-19T10:23:44,738|[TRACE] script - #out(`@`) [token]
2021-11-19T10:23:44,738|[TRACE] graph - <------- nonSkippedChar
2021-11-19T10:23:44,738|[TRACE] graph - <----- statementPart
2021-11-19T10:23:44,738|[TRACE] graph - -----> statementPart
2021-11-19T10:23:44,738|[TRACE] graph - -------> nonSkippedChar
2021-11-19T10:23:44,738|[TRACE] script - #out(`F`) [token]
2021-11-19T10:23:44,738|[TRACE] graph - <------- nonSkippedChar
2021-11-19T10:23:44,738|[TRACE] graph - <----- statementPart
2021-11-19T10:23:44,738|[TRACE] graph - -----> statementPart
2021-11-19T10:23:44,738|[TRACE] graph - -------> nonSkippedChar
2021-11-19T10:23:44,738|[TRACE] script - #out(`O`) [token]
2021-11-19T10:23:44,738|[TRACE] graph - <------- nonSkippedChar
2021-11-19T10:23:44,738|[TRACE] graph - <----- statementPart
2021-11-19T10:23:44,738|[TRACE] graph - -----> statementPart
2021-11-19T10:23:44,738|[TRACE] graph - -------> nonSkippedChar
2021-11-19T10:23:44,738|[TRACE] script - #out(`R`) [token]
2021-11-19T10:23:44,738|[TRACE] graph - <------- nonSkippedChar
2021-11-19T10:23:44,738|[TRACE] graph - <----- statementPart
2021-11-19T10:23:44,738|[TRACE] graph - -----> statementPart
2021-11-19T10:23:44,738|[TRACE] graph - -------> nonSkippedChar
2021-11-19T10:23:44,738|[TRACE] script - #out(`E`) [token]
2021-11-19T10:23:44,738|[TRACE] graph - <------- nonSkippedChar
2021-11-19T10:23:44,738|[TRACE] graph - <----- statementPart
2021-11-19T10:23:44,738|[TRACE] graph - -----> statementPart
2021-11-19T10:23:44,738|[TRACE] graph - -------> nonSkippedChar
2021-11-19T10:23:44,738|[TRACE] script - #out(`I`) [token]
2021-11-19T10:23:44,738|[TRACE] graph - <------- nonSkippedChar
2021-11-19T10:23:44,738|[TRACE] graph - <----- statementPart
2021-11-19T10:23:44,738|[TRACE] graph - -----> statementPart
2021-11-19T10:23:44,738|[TRACE] graph - -------> nonSkippedChar
2021-11-19T10:23:44,738|[TRACE] script - #out(`G`) [token]
2021-11-19T10:23:44,738|[TRACE] graph - <------- nonSkippedChar
2021-11-19T10:23:44,738|[TRACE] graph - <----- statementPart
2021-11-19T10:23:44,738|[TRACE] graph - -----> statementPart
2021-11-19T10:23:44,738|[TRACE] graph - -------> nonSkippedChar
2021-11-19T10:23:44,738|[TRACE] script - #out(`N`) [token]
2021-11-19T10:23:44,738|[TRACE] graph - <------- nonSkippedChar
2021-11-19T10:23:44,738|[TRACE] graph - <----- statementPart
2021-11-19T10:23:44,738|[TRACE] graph - -----> statementPart
2021-11-19T10:23:44,738|[TRACE] graph - -------> nonSkippedChar
2021-11-19T10:23:44,738|[TRACE] script - #out(`_`) [token]
2021-11-19T10:23:44,738|[TRACE] graph - <------- nonSkippedChar
2021-11-19T10:23:44,738|[TRACE] graph - <----- statementPart
2021-11-19T10:23:44,738|[TRACE] graph - -----> statementPart
2021-11-19T10:23:44,738|[TRACE] graph - -------> nonSkippedChar
2021-11-19T10:23:44,738|[TRACE] script - #out(`K`) [token]
2021-11-19T10:23:44,738|[TRACE] graph - <------- nonSkippedChar
2021-11-19T10:23:44,738|[TRACE] graph - <----- statementPart
2021-11-19T10:23:44,738|[TRACE] graph - -----> statementPart
2021-11-19T10:23:44,738|[TRACE] graph - -------> nonSkippedChar
2021-11-19T10:23:44,738|[TRACE] script - #out(`E`) [token]
2021-11-19T10:23:44,738|[TRACE] graph - <------- nonSkippedChar
2021-11-19T10:23:44,738|[TRACE] graph - <----- statementPart
2021-11-19T10:23:44,738|[TRACE] graph - -----> statementPart
2021-11-19T10:23:44,738|[TRACE] graph - -------> nonSkippedChar
2021-11-19T10:23:44,738|[TRACE] script - #out(`Y`) [token]
2021-11-19T10:23:44,738|[TRACE] graph - <------- nonSkippedChar
2021-11-19T10:23:44,738|[TRACE] graph - <----- statementPart
2021-11-19T10:23:44,738|[TRACE] graph - -----> statementPart
2021-11-19T10:23:44,738|[TRACE] graph - -------> nonSkippedChar
2021-11-19T10:23:44,738|[TRACE] script - #out(`_`) [token]
2021-11-19T10:23:44,738|[TRACE] graph - <------- nonSkippedChar
2021-11-19T10:23:44,738|[TRACE] graph - <----- statementPart
2021-11-19T10:23:44,738|[TRACE] graph - -----> statementPart
2021-11-19T10:23:44,738|[TRACE] graph - -------> nonSkippedChar
2021-11-19T10:23:44,738|[TRACE] script - #out(`C`) [token]
2021-11-19T10:23:44,738|[TRACE] graph - <------- nonSkippedChar
2021-11-19T10:23:44,738|[TRACE] graph - <----- statementPart
2021-11-19T10:23:44,738|[TRACE] graph - -----> statementPart
2021-11-19T10:23:44,738|[TRACE] graph - -------> nonSkippedChar
2021-11-19T10:23:44,738|[TRACE] script - #out(`H`) [token]
2021-11-19T10:23:44,738|[TRACE] graph - <------- nonSkippedChar
2021-11-19T10:23:44,738|[TRACE] graph - <----- statementPart
2021-11-19T10:23:44,738|[TRACE] graph - -----> statementPart
2021-11-19T10:23:44,738|[TRACE] graph - -------> nonSkippedChar
2021-11-19T10:23:44,738|[TRACE] script - #out(`E`) [token]
2021-11-19T10:23:44,738|[TRACE] graph - <------- nonSkippedChar
2021-11-19T10:23:44,738|[TRACE] graph - <----- statementPart
2021-11-19T10:23:44,738|[TRACE] graph - -----> statementPart
2021-11-19T10:23:44,738|[TRACE] graph - -------> nonSkippedChar
2021-11-19T10:23:44,738|[TRACE] script - #out(`C`) [token]
2021-11-19T10:23:44,738|[TRACE] graph - <------- nonSkippedChar
2021-11-19T10:23:44,738|[TRACE] graph - <----- statementPart
2021-11-19T10:23:44,738|[TRACE] graph - -----> statementPart
2021-11-19T10:23:44,738|[TRACE] graph - -------> nonSkippedChar
2021-11-19T10:23:44,738|[TRACE] script - #out(`K`) [token]
2021-11-19T10:23:44,738|[TRACE] graph - <------- nonSkippedChar
2021-11-19T10:23:44,738|[TRACE] graph - <----- statementPart
2021-11-19T10:23:44,738|[TRACE] graph - -----> statementPart
2021-11-19T10:23:44,738|[TRACE] graph - -------> nonSkippedChar
2021-11-19T10:23:44,738|[TRACE] script - #out(`S`) [token]
2021-11-19T10:23:44,738|[TRACE] graph - <------- nonSkippedChar
2021-11-19T10:23:44,738|[TRACE] graph - <----- statementPart
2021-11-19T10:23:44,738|[TRACE] graph - -----> statementPart
2021-11-19T10:23:44,738|[TRACE] graph - -------> nonSkippedChar
2021-11-19T10:23:44,738|[TRACE] script - #out(`,`) [token]
2021-11-19T10:23:44,738|[TRACE] graph - <------- nonSkippedChar
2021-11-19T10:23:44,738|[TRACE] graph - <----- statementPart
2021-11-19T10:23:44,738|[TRACE] graph - -----> statementPart
2021-11-19T10:23:44,738|[TRACE] graph - -------> nonSkippedSpace
2021-11-19T10:23:44,738|[TRACE] script - #out(` `) [token]
2021-11-19T10:23:44,738|[TRACE] graph - <------- nonSkippedSpace
2021-11-19T10:23:44,738|[TRACE] graph - <----- statementPart
2021-11-19T10:23:44,738|[TRACE] graph - -----> statementPart
2021-11-19T10:23:44,738|[TRACE] graph - -------> nonSkippedChar
2021-11-19T10:23:44,738|[TRACE] script - #out(`F`) [token]
2021-11-19T10:23:44,738|[TRACE] graph - <------- nonSkippedChar
2021-11-19T10:23:44,738|[TRACE] graph - <----- statementPart
2021-11-19T10:23:44,738|[TRACE] graph - -----> statementPart
2021-11-19T10:23:44,738|[TRACE] graph - -------> nonSkippedChar
2021-11-19T10:23:44,738|[TRACE] script - #out(`O`) [token]
2021-11-19T10:23:44,738|[TRACE] graph - <------- nonSkippedChar
2021-11-19T10:23:44,738|[TRACE] graph - <----- statementPart
2021-11-19T10:23:44,738|[TRACE] graph - -----> statementPart
2021-11-19T10:23:44,738|[TRACE] graph - -------> nonSkippedChar
2021-11-19T10:23:44,738|[TRACE] script - #out(`R`) [token]
2021-11-19T10:23:44,738|[TRACE] graph - <------- nonSkippedChar
2021-11-19T10:23:44,738|[TRACE] graph - <----- statementPart
2021-11-19T10:23:44,739|[TRACE] graph - -----> statementPart
2021-11-19T10:23:44,739|[TRACE] graph - -------> nonSkippedChar
2021-11-19T10:23:44,739|[TRACE] script - #out(`E`) [token]
2021-11-19T10:23:44,739|[TRACE] graph - <------- nonSkippedChar
2021-11-19T10:23:44,739|[TRACE] graph - <----- statementPart
2021-11-19T10:23:44,739|[TRACE] graph - -----> statementPart
2021-11-19T10:23:44,739|[TRACE] graph - -------> nonSkippedChar
2021-11-19T10:23:44,739|[TRACE] script - #out(`I`) [token]
2021-11-19T10:23:44,739|[TRACE] graph - <------- nonSkippedChar
2021-11-19T10:23:44,739|[TRACE] graph - <----- statementPart
2021-11-19T10:23:44,739|[TRACE] graph - -----> statementPart
2021-11-19T10:23:44,739|[TRACE] graph - -------> nonSkippedChar
2021-11-19T10:23:44,739|[TRACE] script - #out(`G`) [token]
2021-11-19T10:23:44,739|[TRACE] graph - <------- nonSkippedChar
2021-11-19T10:23:44,739|[TRACE] graph - <----- statementPart
2021-11-19T10:23:44,739|[TRACE] graph - -----> statementPart
2021-11-19T10:23:44,739|[TRACE] graph - -------> nonSkippedChar
2021-11-19T10:23:44,739|[TRACE] script - #out(`N`) [token]
2021-11-19T10:23:44,739|[TRACE] graph - <------- nonSkippedChar
2021-11-19T10:23:44,739|[TRACE] graph - <----- statementPart
2021-11-19T10:23:44,739|[TRACE] graph - -----> statementPart
2021-11-19T10:23:44,739|[TRACE] graph - -------> nonSkippedChar
2021-11-19T10:23:44,739|[TRACE] script - #out(`_`) [token]
2021-11-19T10:23:44,739|[TRACE] graph - <------- nonSkippedChar
2021-11-19T10:23:44,739|[TRACE] graph - <----- statementPart
2021-11-19T10:23:44,739|[TRACE] graph - -----> statementPart
2021-11-19T10:23:44,739|[TRACE] graph - -------> nonSkippedChar
2021-11-19T10:23:44,739|[TRACE] script - #out(`K`) [token]
2021-11-19T10:23:44,739|[TRACE] graph - <------- nonSkippedChar
2021-11-19T10:23:44,739|[TRACE] graph - <----- statementPart
2021-11-19T10:23:44,739|[TRACE] graph - -----> statementPart
2021-11-19T10:23:44,739|[TRACE] graph - -------> nonSkippedChar
2021-11-19T10:23:44,739|[TRACE] script - #out(`E`) [token]
2021-11-19T10:23:44,739|[TRACE] graph - <------- nonSkippedChar
2021-11-19T10:23:44,739|[TRACE] graph - <----- statementPart
2021-11-19T10:23:44,739|[TRACE] graph - -----> statementPart
2021-11-19T10:23:44,739|[TRACE] graph - -------> nonSkippedChar
2021-11-19T10:23:44,739|[TRACE] script - #out(`Y`) [token]
2021-11-19T10:23:44,739|[TRACE] graph - <------- nonSkippedChar
2021-11-19T10:23:44,739|[TRACE] graph - <----- statementPart
2021-11-19T10:23:44,739|[TRACE] graph - -----> statementPart
2021-11-19T10:23:44,739|[TRACE] graph - -------> nonSkippedChar
2021-11-19T10:23:44,739|[TRACE] script - #out(`_`) [token]
2021-11-19T10:23:44,739|[TRACE] graph - <------- nonSkippedChar
2021-11-19T10:23:44,739|[TRACE] graph - <----- statementPart
2021-11-19T10:23:44,739|[TRACE] graph - -----> statementPart
2021-11-19T10:23:44,739|[TRACE] graph - -------> nonSkippedChar
2021-11-19T10:23:44,739|[TRACE] script - #out(`C`) [token]
2021-11-19T10:23:44,739|[TRACE] graph - <------- nonSkippedChar
2021-11-19T10:23:44,739|[TRACE] graph - <----- statementPart
2021-11-19T10:23:44,739|[TRACE] graph - -----> statementPart
2021-11-19T10:23:44,739|[TRACE] graph - -------> nonSkippedChar
2021-11-19T10:23:44,739|[TRACE] script - #out(`H`) [token]
2021-11-19T10:23:44,739|[TRACE] graph - <------- nonSkippedChar
2021-11-19T10:23:44,739|[TRACE] graph - <----- statementPart
2021-11-19T10:23:44,739|[TRACE] graph - -----> statementPart
2021-11-19T10:23:44,739|[TRACE] graph - -------> nonSkippedChar
2021-11-19T10:23:44,739|[TRACE] script - #out(`E`) [token]
2021-11-19T10:23:44,739|[TRACE] graph - <------- nonSkippedChar
2021-11-19T10:23:44,739|[TRACE] graph - <----- statementPart
2021-11-19T10:23:44,763|[TRACE] graph - -----> statementPart
2021-11-19T10:23:44,763|[TRACE] graph - -------> nonSkippedChar
2021-11-19T10:23:44,763|[TRACE] script - #out(`C`) [token]
2021-11-19T10:23:44,763|[TRACE] graph - <------- nonSkippedChar
2021-11-19T10:23:44,763|[TRACE] graph - <----- statementPart
2021-11-19T10:23:44,763|[TRACE] graph - -----> statementPart
2021-11-19T10:23:44,763|[TRACE] graph - -------> nonSkippedChar
2021-11-19T10:23:44,763|[TRACE] script - #out(`K`) [token]
2021-11-19T10:23:44,763|[TRACE] graph - <------- nonSkippedChar
2021-11-19T10:23:44,763|[TRACE] graph - <----- statementPart
2021-11-19T10:23:44,763|[TRACE] graph - -----> statementPart
2021-11-19T10:23:44,763|[TRACE] graph - -------> nonSkippedChar
2021-11-19T10:23:44,763|[TRACE] script - #out(`S`) [token]
2021-11-19T10:23:44,763|[TRACE] graph - <------- nonSkippedChar
2021-11-19T10:23:44,763|[TRACE] graph - <----- statementPart
2021-11-19T10:23:44,763|[TRACE] graph - -----> statementPart
2021-11-19T10:23:44,763|[TRACE] graph - -------> nonSkippedChar
2021-11-19T10:23:44,763|[TRACE] script - #out(`=`) [token]
2021-11-19T10:23:44,763|[TRACE] graph - <------- nonSkippedChar
2021-11-19T10:23:44,763|[TRACE] graph - <----- statementPart
2021-11-19T10:23:44,763|[TRACE] graph - -----> statementPart
2021-11-19T10:23:44,763|[TRACE] graph - -------> nonSkippedChar
2021-11-19T10:23:44,763|[TRACE] script - #out(`0`) [token]
2021-11-19T10:23:44,763|[TRACE] graph - <------- nonSkippedChar
2021-11-19T10:23:44,763|[TRACE] graph - <----- statementPart
2021-11-19T10:23:44,763|[DEBUG] graph - Import statement : SET @OLD_FOREIGN_KEY_CHECKS=@@FOREIGN_KEY_CHECKS, FOREIGN_KEY_CHECKS=0
2021-11-19T10:23:44,763|[TRACE] graph - <--- statement
2021-11-19T10:23:44,763|[TRACE] graph - ---> blankSpacesToSkip
2021-11-19T10:23:44,763|[TRACE] graph - -----> newLineToSkip
2021-11-19T10:23:44,763|[TRACE] graph - <----- newLineToSkip
2021-11-19T10:23:44,763|[TRACE] graph - <--- blankSpacesToSkip
2021-11-19T10:23:44,763|[TRACE] graph - ---> statement
2021-11-19T10:23:44,763|[TRACE] graph - -----> statementFirstPart
2021-11-19T10:23:44,763|[TRACE] graph - -------> nonSkippedChar
2021-11-19T10:23:44,763|[TRACE] script - #out(`S`) [token]
2021-11-19T10:23:44,763|[TRACE] graph - <------- nonSkippedChar
2021-11-19T10:23:44,763|[TRACE] graph - <----- statementFirstPart
2021-11-19T10:23:44,763|[TRACE] graph - -----> statementPart
2021-11-19T10:23:44,763|[TRACE] graph - -------> nonSkippedChar
2021-11-19T10:23:44,763|[TRACE] script - #out(`E`) [token]
2021-11-19T10:23:44,763|[TRACE] graph - <------- nonSkippedChar
2021-11-19T10:23:44,763|[TRACE] graph - <----- statementPart
2021-11-19T10:23:44,763|[TRACE] graph - -----> statementPart
2021-11-19T10:23:44,763|[TRACE] graph - -------> nonSkippedChar
2021-11-19T10:23:44,763|[TRACE] script - #out(`T`) [token]
2021-11-19T10:23:44,763|[TRACE] graph - <------- nonSkippedChar
2021-11-19T10:23:44,763|[TRACE] graph - <----- statementPart
2021-11-19T10:23:44,763|[TRACE] graph - -----> statementPart
2021-11-19T10:23:44,763|[TRACE] graph - -------> nonSkippedSpace
2021-11-19T10:23:44,763|[TRACE] script - #out(` `) [token]
2021-11-19T10:23:44,763|[TRACE] graph - <------- nonSkippedSpace
2021-11-19T10:23:44,763|[TRACE] graph - <----- statementPart
2021-11-19T10:23:44,763|[TRACE] graph - -----> statementPart
2021-11-19T10:23:44,763|[TRACE] graph - -------> nonSkippedChar
2021-11-19T10:23:44,763|[TRACE] script - #out(`@`) [token]
2021-11-19T10:23:44,763|[TRACE] graph - <------- nonSkippedChar
2021-11-19T10:23:44,763|[TRACE] graph - <----- statementPart
2021-11-19T10:23:44,763|[TRACE] graph - -----> statementPart
2021-11-19T10:23:44,763|[TRACE] graph - -------> nonSkippedChar
2021-11-19T10:23:44,763|[TRACE] script - #out(`O`) [token]
2021-11-19T10:23:44,763|[TRACE] graph - <------- nonSkippedChar
2021-11-19T10:23:44,763|[TRACE] graph - <----- statementPart
2021-11-19T10:23:44,763|[TRACE] graph - -----> statementPart
2021-11-19T10:23:44,763|[TRACE] graph - -------> nonSkippedChar
2021-11-19T10:23:44,763|[TRACE] script - #out(`L`) [token]
2021-11-19T10:23:44,763|[TRACE] graph - <------- nonSkippedChar
2021-11-19T10:23:44,763|[TRACE] graph - <----- statementPart
2021-11-19T10:23:44,763|[TRACE] graph - -----> statementPart
2021-11-19T10:23:44,763|[TRACE] graph - -------> nonSkippedChar
2021-11-19T10:23:44,763|[TRACE] script - #out(`D`) [token]
2021-11-19T10:23:44,763|[TRACE] graph - <------- nonSkippedChar
2021-11-19T10:23:44,763|[TRACE] graph - <----- statementPart
2021-11-19T10:23:44,763|[TRACE] graph - -----> statementPart
2021-11-19T10:23:44,763|[TRACE] graph - -------> nonSkippedChar
2021-11-19T10:23:44,763|[TRACE] script - #out(`_`) [token]
2021-11-19T10:23:44,763|[TRACE] graph - <------- nonSkippedChar
2021-11-19T10:23:44,763|[TRACE] graph - <----- statementPart
2021-11-19T10:23:44,763|[TRACE] graph - -----> statementPart
2021-11-19T10:23:44,763|[TRACE] graph - -------> nonSkippedChar
2021-11-19T10:23:44,763|[TRACE] script - #out(`S`) [token]
2021-11-19T10:23:44,764|[TRACE] graph - <------- nonSkippedChar
2021-11-19T10:23:44,764|[TRACE] graph - <----- statementPart
2021-11-19T10:23:44,764|[TRACE] graph - -----> statementPart
2021-11-19T10:23:44,764|[TRACE] graph - -------> nonSkippedChar
2021-11-19T10:23:44,764|[TRACE] script - #out(`Q`) [token]
2021-11-19T10:23:44,764|[TRACE] graph - <------- nonSkippedChar
2021-11-19T10:23:44,764|[TRACE] graph - <----- statementPart
2021-11-19T10:23:44,764|[TRACE] graph - -----> statementPart
2021-11-19T10:23:44,764|[TRACE] graph - -------> nonSkippedChar
2021-11-19T10:23:44,764|[TRACE] script - #out(`L`) [token]
2021-11-19T10:23:44,764|[TRACE] graph - <------- nonSkippedChar
2021-11-19T10:23:44,764|[TRACE] graph - <----- statementPart
2021-11-19T10:23:44,764|[TRACE] graph - -----> statementPart
2021-11-19T10:23:44,764|[TRACE] graph - -------> nonSkippedChar
2021-11-19T10:23:44,764|[TRACE] script - #out(`_`) [token]
2021-11-19T10:23:44,764|[TRACE] graph - <------- nonSkippedChar
2021-11-19T10:23:44,764|[TRACE] graph - <----- statementPart
2021-11-19T10:23:44,764|[TRACE] graph - -----> statementPart
2021-11-19T10:23:44,764|[TRACE] graph - -------> nonSkippedChar
2021-11-19T10:23:44,764|[TRACE] script - #out(`M`) [token]
2021-11-19T10:23:44,764|[TRACE] graph - <------- nonSkippedChar
2021-11-19T10:23:44,764|[TRACE] graph - <----- statementPart
2021-11-19T10:23:44,764|[TRACE] graph - -----> statementPart
2021-11-19T10:23:44,764|[TRACE] graph - -------> nonSkippedChar
2021-11-19T10:23:44,764|[TRACE] script - #out(`O`) [token]
2021-11-19T10:23:44,764|[TRACE] graph - <------- nonSkippedChar
2021-11-19T10:23:44,764|[TRACE] graph - <----- statementPart
2021-11-19T10:23:44,764|[TRACE] graph - -----> statementPart
2021-11-19T10:23:44,764|[TRACE] graph - -------> nonSkippedChar
2021-11-19T10:23:44,764|[TRACE] script - #out(`D`) [token]
2021-11-19T10:23:44,764|[TRACE] graph - <------- nonSkippedChar
2021-11-19T10:23:44,764|[TRACE] graph - <----- statementPart
2021-11-19T10:23:44,764|[TRACE] graph - -----> statementPart
2021-11-19T10:23:44,764|[TRACE] graph - -------> nonSkippedChar
2021-11-19T10:23:44,764|[TRACE] script - #out(`E`) [token]
2021-11-19T10:23:44,764|[TRACE] graph - <------- nonSkippedChar
2021-11-19T10:23:44,764|[TRACE] graph - <----- statementPart
2021-11-19T10:23:44,764|[TRACE] graph - -----> statementPart
2021-11-19T10:23:44,764|[TRACE] graph - -------> nonSkippedChar
2021-11-19T10:23:44,764|[TRACE] script - #out(`=`) [token]
2021-11-19T10:23:44,764|[TRACE] graph - <------- nonSkippedChar
2021-11-19T10:23:44,764|[TRACE] graph - <----- statementPart
2021-11-19T10:23:44,764|[TRACE] graph - -----> statementPart
2021-11-19T10:23:44,764|[TRACE] graph - -------> nonSkippedChar
2021-11-19T10:23:44,764|[TRACE] script - #out(`@`) [token]
2021-11-19T10:23:44,764|[TRACE] graph - <------- nonSkippedChar
2021-11-19T10:23:44,764|[TRACE] graph - <----- statementPart
2021-11-19T10:23:44,764|[TRACE] graph - -----> statementPart
2021-11-19T10:23:44,764|[TRACE] graph - -------> nonSkippedChar
2021-11-19T10:23:44,764|[TRACE] script - #out(`@`) [token]
2021-11-19T10:23:44,764|[TRACE] graph - <------- nonSkippedChar
2021-11-19T10:23:44,764|[TRACE] graph - <----- statementPart
2021-11-19T10:23:44,764|[TRACE] graph - -----> statementPart
2021-11-19T10:23:44,764|[TRACE] graph - -------> nonSkippedChar
2021-11-19T10:23:44,764|[TRACE] script - #out(`S`) [token]
2021-11-19T10:23:44,764|[TRACE] graph - <------- nonSkippedChar
2021-11-19T10:23:44,764|[TRACE] graph - <----- statementPart
2021-11-19T10:23:44,764|[TRACE] graph - -----> statementPart
2021-11-19T10:23:44,764|[TRACE] graph - -------> nonSkippedChar
2021-11-19T10:23:44,764|[TRACE] script - #out(`Q`) [token]
2021-11-19T10:23:44,764|[TRACE] graph - <------- nonSkippedChar
2021-11-19T10:23:44,764|[TRACE] graph - <----- statementPart
2021-11-19T10:23:44,764|[TRACE] graph - -----> statementPart
2021-11-19T10:23:44,764|[TRACE] graph - -------> nonSkippedChar
2021-11-19T10:23:44,764|[TRACE] script - #out(`L`) [token]
2021-11-19T10:23:44,764|[TRACE] graph - <------- nonSkippedChar
2021-11-19T10:23:44,764|[TRACE] graph - <----- statementPart
2021-11-19T10:23:44,764|[TRACE] graph - -----> statementPart
2021-11-19T10:23:44,764|[TRACE] graph - -------> nonSkippedChar
2021-11-19T10:23:44,764|[TRACE] script - #out(`_`) [token]
2021-11-19T10:23:44,764|[TRACE] graph - <------- nonSkippedChar
2021-11-19T10:23:44,764|[TRACE] graph - <----- statementPart
2021-11-19T10:23:44,764|[TRACE] graph - -----> statementPart
2021-11-19T10:23:44,764|[TRACE] graph - -------> nonSkippedChar
2021-11-19T10:23:44,764|[TRACE] script - #out(`M`) [token]
2021-11-19T10:23:44,764|[TRACE] graph - <------- nonSkippedChar
2021-11-19T10:23:44,764|[TRACE] graph - <----- statementPart
2021-11-19T10:23:44,764|[TRACE] graph - -----> statementPart
2021-11-19T10:23:44,764|[TRACE] graph - -------> nonSkippedChar
2021-11-19T10:23:44,764|[TRACE] script - #out(`O`) [token]
2021-11-19T10:23:44,764|[TRACE] graph - <------- nonSkippedChar
2021-11-19T10:23:44,764|[TRACE] graph - <----- statementPart
2021-11-19T10:23:44,764|[TRACE] graph - -----> statementPart
2021-11-19T10:23:44,764|[TRACE] graph - -------> nonSkippedChar
2021-11-19T10:23:44,764|[TRACE] script - #out(`D`) [token]
2021-11-19T10:23:44,764|[TRACE] graph - <------- nonSkippedChar
2021-11-19T10:23:44,764|[TRACE] graph - <----- statementPart
2021-11-19T10:23:44,764|[TRACE] graph - -----> statementPart
2021-11-19T10:23:44,764|[TRACE] graph - -------> nonSkippedChar
2021-11-19T10:23:44,764|[TRACE] script - #out(`E`) [token]
2021-11-19T10:23:44,764|[TRACE] graph - <------- nonSkippedChar
2021-11-19T10:23:44,764|[TRACE] graph - <----- statementPart
2021-11-19T10:23:44,764|[TRACE] graph - -----> statementPart
2021-11-19T10:23:44,764|[TRACE] graph - -------> nonSkippedChar
2021-11-19T10:23:44,764|[TRACE] script - #out(`,`) [token]
2021-11-19T10:23:44,764|[TRACE] graph - <------- nonSkippedChar
2021-11-19T10:23:44,764|[TRACE] graph - <----- statementPart
2021-11-19T10:23:44,764|[TRACE] graph - -----> statementPart
2021-11-19T10:23:44,764|[TRACE] graph - -------> nonSkippedSpace
2021-11-19T10:23:44,764|[TRACE] script - #out(` `) [token]
2021-11-19T10:23:44,764|[TRACE] graph - <------- nonSkippedSpace
2021-11-19T10:23:44,764|[TRACE] graph - <----- statementPart
2021-11-19T10:23:44,764|[TRACE] graph - -----> statementPart
2021-11-19T10:23:44,764|[TRACE] graph - -------> nonSkippedChar
2021-11-19T10:23:44,764|[TRACE] script - #out(`S`) [token]
2021-11-19T10:23:44,764|[TRACE] graph - <------- nonSkippedChar
2021-11-19T10:23:44,764|[TRACE] graph - <----- statementPart
2021-11-19T10:23:44,764|[TRACE] graph - -----> statementPart
2021-11-19T10:23:44,764|[TRACE] graph - -------> nonSkippedChar
2021-11-19T10:23:44,764|[TRACE] script - #out(`Q`) [token]
2021-11-19T10:23:44,764|[TRACE] graph - <------- nonSkippedChar
2021-11-19T10:23:44,764|[TRACE] graph - <----- statementPart
2021-11-19T10:23:44,764|[TRACE] graph - -----> statementPart
2021-11-19T10:23:44,764|[TRACE] graph - -------> nonSkippedChar
2021-11-19T10:23:44,764|[TRACE] script - #out(`L`) [token]
2021-11-19T10:23:44,764|[TRACE] graph - <------- nonSkippedChar
2021-11-19T10:23:44,764|[TRACE] graph - <----- statementPart
2021-11-19T10:23:44,764|[TRACE] graph - -----> statementPart
2021-11-19T10:23:44,764|[TRACE] graph - -------> nonSkippedChar
2021-11-19T10:23:44,764|[TRACE] script - #out(`_`) [token]
2021-11-19T10:23:44,764|[TRACE] graph - <------- nonSkippedChar
2021-11-19T10:23:44,764|[TRACE] graph - <----- statementPart
2021-11-19T10:23:44,764|[TRACE] graph - -----> statementPart
2021-11-19T10:23:44,764|[TRACE] graph - -------> nonSkippedChar
2021-11-19T10:23:44,764|[TRACE] script - #out(`M`) [token]
2021-11-19T10:23:44,764|[TRACE] graph - <------- nonSkippedChar
2021-11-19T10:23:44,764|[TRACE] graph - <----- statementPart
2021-11-19T10:23:44,764|[TRACE] graph - -----> statementPart
2021-11-19T10:23:44,764|[TRACE] graph - -------> nonSkippedChar
2021-11-19T10:23:44,764|[TRACE] script - #out(`O`) [token]
2021-11-19T10:23:44,764|[TRACE] graph - <------- nonSkippedChar
2021-11-19T10:23:44,764|[TRACE] graph - <----- statementPart
2021-11-19T10:23:44,764|[TRACE] graph - -----> statementPart
2021-11-19T10:23:44,764|[TRACE] graph - -------> nonSkippedChar
2021-11-19T10:23:44,764|[TRACE] script - #out(`D`) [token]
2021-11-19T10:23:44,764|[TRACE] graph - <------- nonSkippedChar
2021-11-19T10:23:44,764|[TRACE] graph - <----- statementPart
2021-11-19T10:23:44,764|[TRACE] graph - -----> statementPart
2021-11-19T10:23:44,764|[TRACE] graph - -------> nonSkippedChar
2021-11-19T10:23:44,765|[TRACE] script - #out(`E`) [token]
2021-11-19T10:23:44,765|[TRACE] graph - <------- nonSkippedChar
2021-11-19T10:23:44,765|[TRACE] graph - <----- statementPart
2021-11-19T10:23:44,765|[TRACE] graph - -----> statementPart
2021-11-19T10:23:44,765|[TRACE] graph - -------> nonSkippedChar
2021-11-19T10:23:44,765|[TRACE] script - #out(`=`) [token]
2021-11-19T10:23:44,765|[TRACE] graph - <------- nonSkippedChar
2021-11-19T10:23:44,765|[TRACE] graph - <----- statementPart
2021-11-19T10:23:44,765|[TRACE] graph - -----> statementPart
2021-11-19T10:23:44,765|[TRACE] graph - -------> quotedString
2021-11-19T10:23:44,765|[TRACE] script - #out(`'ONLY_FULL_GROUP_BY,STRICT_TRANS_TABLES,NO_ZERO_IN_DATE,NO_ZERO_DATE,ERROR_FOR_DIVISION_BY_ZERO,NO_ENGINE_SUBSTITUTION'`) [token]
2021-11-19T10:23:44,765|[TRACE] graph - <------- quotedString
2021-11-19T10:23:44,765|[TRACE] graph - <----- statementPart
2021-11-19T10:23:44,765|[DEBUG] graph - Import statement : SET @OLD_SQL_MODE=@@SQL_MODE, SQL_MODE='ONLY_FULL_GROUP_BY,STRICT_TRANS_TABLES,NO_ZERO_IN_DATE,NO_ZERO_DATE,ERROR_FOR_DIVISION_BY_ZERO,NO_ENGINE_SUBSTITUTION'
2021-11-19T10:23:44,765|[TRACE] graph - <--- statement
2021-11-19T10:23:44,765|[TRACE] graph - ---> blankSpacesToSkip
2021-11-19T10:23:44,765|[TRACE] graph - -----> newLineToSkip
2021-11-19T10:23:44,765|[TRACE] graph - <----- newLineToSkip
2021-11-19T10:23:44,765|[TRACE] graph - -----> newLineToSkip
2021-11-19T10:23:44,765|[TRACE] graph - <----- newLineToSkip
2021-11-19T10:23:44,765|[TRACE] graph - -----> newLineToSkip
2021-11-19T10:23:44,765|[TRACE] graph - <----- newLineToSkip
2021-11-19T10:23:44,765|[TRACE] graph - -----> newLineToSkip
2021-11-19T10:23:44,765|[TRACE] graph - <----- newLineToSkip
2021-11-19T10:23:44,765|[TRACE] graph - -----> newLineToSkip
2021-11-19T10:23:44,765|[TRACE] graph - <----- newLineToSkip
2021-11-19T10:23:44,765|[TRACE] graph - <--- blankSpacesToSkip
2021-11-19T10:23:44,765|[TRACE] graph - ---> statement
2021-11-19T10:23:44,765|[TRACE] graph - -----> statementFirstPart
2021-11-19T10:23:44,765|[TRACE] graph - -------> nonSkippedChar
2021-11-19T10:23:44,765|[TRACE] script - #out(`C`) [token]
2021-11-19T10:23:44,765|[TRACE] graph - <------- nonSkippedChar
2021-11-19T10:23:44,765|[TRACE] graph - <----- statementFirstPart
2021-11-19T10:23:44,765|[TRACE] graph - -----> statementPart
2021-11-19T10:23:44,765|[TRACE] graph - -------> nonSkippedChar
2021-11-19T10:23:44,765|[TRACE] script - #out(`R`) [token]
2021-11-19T10:23:44,765|[TRACE] graph - <------- nonSkippedChar
2021-11-19T10:23:44,765|[TRACE] graph - <----- statementPart
2021-11-19T10:23:44,765|[TRACE] graph - -----> statementPart
2021-11-19T10:23:44,765|[TRACE] graph - -------> nonSkippedChar
2021-11-19T10:23:44,765|[TRACE] script - #out(`E`) [token]
2021-11-19T10:23:44,765|[TRACE] graph - <------- nonSkippedChar
2021-11-19T10:23:44,765|[TRACE] graph - <----- statementPart
2021-11-19T10:23:44,765|[TRACE] graph - -----> statementPart
2021-11-19T10:23:44,765|[TRACE] graph - -------> nonSkippedChar
2021-11-19T10:23:44,765|[TRACE] script - #out(`A`) [token]
2021-11-19T10:23:44,765|[TRACE] graph - <------- nonSkippedChar
2021-11-19T10:23:44,765|[TRACE] graph - <----- statementPart
2021-11-19T10:23:44,765|[TRACE] graph - -----> statementPart
2021-11-19T10:23:44,765|[TRACE] graph - -------> nonSkippedChar
2021-11-19T10:23:44,765|[TRACE] script - #out(`T`) [token]
2021-11-19T10:23:44,765|[TRACE] graph - <------- nonSkippedChar
2021-11-19T10:23:44,765|[TRACE] graph - <----- statementPart
2021-11-19T10:23:44,765|[TRACE] graph - -----> statementPart
2021-11-19T10:23:44,765|[TRACE] graph - -------> nonSkippedChar
2021-11-19T10:23:44,765|[TRACE] script - #out(`E`) [token]
2021-11-19T10:23:44,765|[TRACE] graph - <------- nonSkippedChar
2021-11-19T10:23:44,765|[TRACE] graph - <----- statementPart
2021-11-19T10:23:44,765|[TRACE] graph - -----> statementPart
2021-11-19T10:23:44,765|[TRACE] graph - -------> nonSkippedSpace
2021-11-19T10:23:44,765|[TRACE] script - #out(` `) [token]
2021-11-19T10:23:44,765|[TRACE] graph - <------- nonSkippedSpace
2021-11-19T10:23:44,765|[TRACE] graph - <----- statementPart
2021-11-19T10:23:44,765|[TRACE] graph - -----> statementPart
2021-11-19T10:23:44,765|[TRACE] graph - -------> nonSkippedChar
2021-11-19T10:23:44,765|[TRACE] script - #out(`S`) [token]
2021-11-19T10:23:44,765|[TRACE] graph - <------- nonSkippedChar
2021-11-19T10:23:44,765|[TRACE] graph - <----- statementPart
2021-11-19T10:23:44,765|[TRACE] graph - -----> statementPart
2021-11-19T10:23:44,765|[TRACE] graph - -------> nonSkippedChar
2021-11-19T10:23:44,765|[TRACE] script - #out(`C`) [token]
2021-11-19T10:23:44,765|[TRACE] graph - <------- nonSkippedChar
2021-11-19T10:23:44,765|[TRACE] graph - <----- statementPart
2021-11-19T10:23:44,765|[TRACE] graph - -----> statementPart
2021-11-19T10:23:44,765|[TRACE] graph - -------> nonSkippedChar
2021-11-19T10:23:44,765|[TRACE] script - #out(`H`) [token]
2021-11-19T10:23:44,765|[TRACE] graph - <------- nonSkippedChar
2021-11-19T10:23:44,765|[TRACE] graph - <----- statementPart
2021-11-19T10:23:44,765|[TRACE] graph - -----> statementPart
2021-11-19T10:23:44,765|[TRACE] graph - -------> nonSkippedChar
2021-11-19T10:23:44,765|[TRACE] script - #out(`E`) [token]
2021-11-19T10:23:44,765|[TRACE] graph - <------- nonSkippedChar
2021-11-19T10:23:44,765|[TRACE] graph - <----- statementPart
2021-11-19T10:23:44,765|[TRACE] graph - -----> statementPart
2021-11-19T10:23:44,765|[TRACE] graph - -------> nonSkippedChar
2021-11-19T10:23:44,765|[TRACE] script - #out(`M`) [token]
2021-11-19T10:23:44,765|[TRACE] graph - <------- nonSkippedChar
2021-11-19T10:23:44,765|[TRACE] graph - <----- statementPart
2021-11-19T10:23:44,765|[TRACE] graph - -----> statementPart
2021-11-19T10:23:44,765|[TRACE] graph - -------> nonSkippedChar
2021-11-19T10:23:44,765|[TRACE] script - #out(`A`) [token]
2021-11-19T10:23:44,765|[TRACE] graph - <------- nonSkippedChar
2021-11-19T10:23:44,765|[TRACE] graph - <----- statementPart
2021-11-19T10:23:44,765|[TRACE] graph - -----> statementPart
2021-11-19T10:23:44,765|[TRACE] graph - -------> nonSkippedSpace
2021-11-19T10:23:44,765|[TRACE] script - #out(` `) [token]
2021-11-19T10:23:44,765|[TRACE] graph - <------- nonSkippedSpace
2021-11-19T10:23:44,765|[TRACE] graph - <----- statementPart
2021-11-19T10:23:44,765|[TRACE] graph - -----> statementPart
2021-11-19T10:23:44,765|[TRACE] graph - -------> nonSkippedChar
2021-11-19T10:23:44,765|[TRACE] script - #out(`I`) [token]
2021-11-19T10:23:44,765|[TRACE] graph - <------- nonSkippedChar
2021-11-19T10:23:44,765|[TRACE] graph - <----- statementPart
2021-11-19T10:23:44,765|[TRACE] graph - -----> statementPart
2021-11-19T10:23:44,765|[TRACE] graph - -------> nonSkippedChar
2021-11-19T10:23:44,765|[TRACE] script - #out(`F`) [token]
2021-11-19T10:23:44,765|[TRACE] graph - <------- nonSkippedChar
2021-11-19T10:23:44,765|[TRACE] graph - <----- statementPart
2021-11-19T10:23:44,765|[TRACE] graph - -----> statementPart
2021-11-19T10:23:44,765|[TRACE] graph - -------> nonSkippedSpace
2021-11-19T10:23:44,765|[TRACE] script - #out(` `) [token]
2021-11-19T10:23:44,765|[TRACE] graph - <------- nonSkippedSpace
2021-11-19T10:23:44,765|[TRACE] graph - <----- statementPart
2021-11-19T10:23:44,765|[TRACE] graph - -----> statementPart
2021-11-19T10:23:44,765|[TRACE] graph - -------> nonSkippedChar
2021-11-19T10:23:44,765|[TRACE] script - #out(`N`) [token]
2021-11-19T10:23:44,765|[TRACE] graph - <------- nonSkippedChar
2021-11-19T10:23:44,765|[TRACE] graph - <----- statementPart
2021-11-19T10:23:44,766|[TRACE] graph - -----> statementPart
2021-11-19T10:23:44,766|[TRACE] graph - -------> nonSkippedChar
2021-11-19T10:23:44,766|[TRACE] script - #out(`O`) [token]
2021-11-19T10:23:44,766|[TRACE] graph - <------- nonSkippedChar
2021-11-19T10:23:44,766|[TRACE] graph - <----- statementPart
2021-11-19T10:23:44,766|[TRACE] graph - -----> statementPart
2021-11-19T10:23:44,766|[TRACE] graph - -------> nonSkippedChar
2021-11-19T10:23:44,766|[TRACE] script - #out(`T`) [token]
2021-11-19T10:23:44,766|[TRACE] graph - <------- nonSkippedChar
2021-11-19T10:23:44,766|[TRACE] graph - <----- statementPart
2021-11-19T10:23:44,766|[TRACE] graph - -----> statementPart
2021-11-19T10:23:44,766|[TRACE] graph - -------> nonSkippedSpace
2021-11-19T10:23:44,766|[TRACE] script - #out(` `) [token]
2021-11-19T10:23:44,766|[TRACE] graph - <------- nonSkippedSpace
2021-11-19T10:23:44,766|[TRACE] graph - <----- statementPart
2021-11-19T10:23:44,766|[TRACE] graph - -----> statementPart
2021-11-19T10:23:44,766|[TRACE] graph - -------> nonSkippedChar
2021-11-19T10:23:44,766|[TRACE] script - #out(`E`) [token]
2021-11-19T10:23:44,766|[TRACE] graph - <------- nonSkippedChar
2021-11-19T10:23:44,766|[TRACE] graph - <----- statementPart
2021-11-19T10:23:44,766|[TRACE] graph - -----> statementPart
2021-11-19T10:23:44,766|[TRACE] graph - -------> nonSkippedChar
2021-11-19T10:23:44,766|[TRACE] script - #out(`X`) [token]
2021-11-19T10:23:44,766|[TRACE] graph - <------- nonSkippedChar
2021-11-19T10:23:44,766|[TRACE] graph - <----- statementPart
2021-11-19T10:23:44,766|[TRACE] graph - -----> statementPart
2021-11-19T10:23:44,766|[TRACE] graph - -------> nonSkippedChar
2021-11-19T10:23:44,766|[TRACE] script - #out(`I`) [token]
2021-11-19T10:23:44,766|[TRACE] graph - <------- nonSkippedChar
2021-11-19T10:23:44,766|[TRACE] graph - <----- statementPart
2021-11-19T10:23:44,766|[TRACE] graph - -----> statementPart
2021-11-19T10:23:44,766|[TRACE] graph - -------> nonSkippedChar
2021-11-19T10:23:44,766|[TRACE] script - #out(`S`) [token]
2021-11-19T10:23:44,766|[TRACE] graph - <------- nonSkippedChar
2021-11-19T10:23:44,766|[TRACE] graph - <----- statementPart
2021-11-19T10:23:44,766|[TRACE] graph - -----> statementPart
2021-11-19T10:23:44,766|[TRACE] graph - -------> nonSkippedChar
2021-11-19T10:23:44,766|[TRACE] script - #out(`T`) [token]
2021-11-19T10:23:44,766|[TRACE] graph - <------- nonSkippedChar
2021-11-19T10:23:44,766|[TRACE] graph - <----- statementPart
2021-11-19T10:23:44,766|[TRACE] graph - -----> statementPart
2021-11-19T10:23:44,766|[TRACE] graph - -------> nonSkippedChar
2021-11-19T10:23:44,766|[TRACE] script - #out(`S`) [token]
2021-11-19T10:23:44,766|[TRACE] graph - <------- nonSkippedChar
2021-11-19T10:23:44,766|[TRACE] graph - <----- statementPart
2021-11-19T10:23:44,766|[TRACE] graph - -----> statementPart
2021-11-19T10:23:44,766|[TRACE] graph - -------> nonSkippedSpace
2021-11-19T10:23:44,766|[TRACE] script - #out(` `) [token]
2021-11-19T10:23:44,766|[TRACE] graph - <------- nonSkippedSpace
2021-11-19T10:23:44,766|[TRACE] graph - <----- statementPart
2021-11-19T10:23:44,766|[TRACE] graph - -----> statementPart
2021-11-19T10:23:44,766|[TRACE] graph - -------> quotedString
2021-11-19T10:23:44,766|[TRACE] script - #out(``bloodbank``) [token]
2021-11-19T10:23:44,766|[TRACE] graph - <------- quotedString
2021-11-19T10:23:44,766|[TRACE] graph - <----- statementPart
2021-11-19T10:23:44,766|[TRACE] graph - -----> statementPart
2021-11-19T10:23:44,766|[TRACE] graph - -------> nonSkippedSpace
2021-11-19T10:23:44,766|[TRACE] script - #out(` `) [token]
2021-11-19T10:23:44,766|[TRACE] graph - <------- nonSkippedSpace
2021-11-19T10:23:44,766|[TRACE] graph - <----- statementPart
2021-11-19T10:23:44,766|[TRACE] graph - -----> statementPart
2021-11-19T10:23:44,766|[TRACE] graph - -------> nonSkippedChar
2021-11-19T10:23:44,766|[TRACE] script - #out(`D`) [token]
2021-11-19T10:23:44,766|[TRACE] graph - <------- nonSkippedChar
2021-11-19T10:23:44,766|[TRACE] graph - <----- statementPart
2021-11-19T10:23:44,766|[TRACE] graph - -----> statementPart
2021-11-19T10:23:44,766|[TRACE] graph - -------> nonSkippedChar
2021-11-19T10:23:44,766|[TRACE] script - #out(`E`) [token]
2021-11-19T10:23:44,766|[TRACE] graph - <------- nonSkippedChar
2021-11-19T10:23:44,766|[TRACE] graph - <----- statementPart
2021-11-19T10:23:44,766|[TRACE] graph - -----> statementPart
2021-11-19T10:23:44,766|[TRACE] graph - -------> nonSkippedChar
2021-11-19T10:23:44,766|[TRACE] script - #out(`F`) [token]
2021-11-19T10:23:44,766|[TRACE] graph - <------- nonSkippedChar
2021-11-19T10:23:44,766|[TRACE] graph - <----- statementPart
2021-11-19T10:23:44,766|[TRACE] graph - -----> statementPart
2021-11-19T10:23:44,766|[TRACE] graph - -------> nonSkippedChar
2021-11-19T10:23:44,766|[TRACE] script - #out(`A`) [token]
2021-11-19T10:23:44,766|[TRACE] graph - <------- nonSkippedChar
2021-11-19T10:23:44,766|[TRACE] graph - <----- statementPart
2021-11-19T10:23:44,766|[TRACE] graph - -----> statementPart
2021-11-19T10:23:44,766|[TRACE] graph - -------> nonSkippedChar
2021-11-19T10:23:44,766|[TRACE] script - #out(`U`) [token]
2021-11-19T10:23:44,766|[TRACE] graph - <------- nonSkippedChar
2021-11-19T10:23:44,766|[TRACE] graph - <----- statementPart
2021-11-19T10:23:44,766|[TRACE] graph - -----> statementPart
2021-11-19T10:23:44,766|[TRACE] graph - -------> nonSkippedChar
2021-11-19T10:23:44,766|[TRACE] script - #out(`L`) [token]
2021-11-19T10:23:44,766|[TRACE] graph - <------- nonSkippedChar
2021-11-19T10:23:44,766|[TRACE] graph - <----- statementPart
2021-11-19T10:23:44,766|[TRACE] graph - -----> statementPart
2021-11-19T10:23:44,766|[TRACE] graph - -------> nonSkippedChar
2021-11-19T10:23:44,766|[TRACE] script - #out(`T`) [token]
2021-11-19T10:23:44,766|[TRACE] graph - <------- nonSkippedChar
2021-11-19T10:23:44,766|[TRACE] graph - <----- statementPart
2021-11-19T10:23:44,766|[TRACE] graph - -----> statementPart
2021-11-19T10:23:44,766|[TRACE] graph - -------> nonSkippedSpace
2021-11-19T10:23:44,766|[TRACE] script - #out(` `) [token]
2021-11-19T10:23:44,766|[TRACE] graph - <------- nonSkippedSpace
2021-11-19T10:23:44,766|[TRACE] graph - <----- statementPart
2021-11-19T10:23:44,766|[TRACE] graph - -----> statementPart
2021-11-19T10:23:44,766|[TRACE] graph - -------> nonSkippedChar
2021-11-19T10:23:44,766|[TRACE] script - #out(`C`) [token]
2021-11-19T10:23:44,766|[TRACE] graph - <------- nonSkippedChar
2021-11-19T10:23:44,766|[TRACE] graph - <----- statementPart
2021-11-19T10:23:44,766|[TRACE] graph - -----> statementPart
2021-11-19T10:23:44,766|[TRACE] graph - -------> nonSkippedChar
2021-11-19T10:23:44,766|[TRACE] script - #out(`H`) [token]
2021-11-19T10:23:44,766|[TRACE] graph - <------- nonSkippedChar
2021-11-19T10:23:44,766|[TRACE] graph - <----- statementPart
2021-11-19T10:23:44,766|[TRACE] graph - -----> statementPart
2021-11-19T10:23:44,766|[TRACE] graph - -------> nonSkippedChar
2021-11-19T10:23:44,766|[TRACE] script - #out(`A`) [token]
2021-11-19T10:23:44,766|[TRACE] graph - <------- nonSkippedChar
2021-11-19T10:23:44,766|[TRACE] graph - <----- statementPart
2021-11-19T10:23:44,766|[TRACE] graph - -----> statementPart
2021-11-19T10:23:44,766|[TRACE] graph - -------> nonSkippedChar
2021-11-19T10:23:44,766|[TRACE] script - #out(`R`) [token]
2021-11-19T10:23:44,766|[TRACE] graph - <------- nonSkippedChar
2021-11-19T10:23:44,766|[TRACE] graph - <----- statementPart
2021-11-19T10:23:44,766|[TRACE] graph - -----> statementPart
2021-11-19T10:23:44,766|[TRACE] graph - -------> nonSkippedChar
2021-11-19T10:23:44,766|[TRACE] script - #out(`A`) [token]
2021-11-19T10:23:44,766|[TRACE] graph - <------- nonSkippedChar
2021-11-19T10:23:44,766|[TRACE] graph - <----- statementPart
2021-11-19T10:23:44,837|[TRACE] graph - -----> statementPart
2021-11-19T10:23:44,838|[TRACE] graph - -------> nonSkippedChar
2021-11-19T10:23:44,838|[TRACE] script - #out(`C`) [token]
2021-11-19T10:23:44,838|[TRACE] graph - <------- nonSkippedChar
2021-11-19T10:23:44,838|[TRACE] graph - <----- statementPart
2021-11-19T10:23:44,838|[TRACE] graph - -----> statementPart
2021-11-19T10:23:44,838|[TRACE] graph - -------> nonSkippedChar
2021-11-19T10:23:44,838|[TRACE] script - #out(`T`) [token]
2021-11-19T10:23:44,838|[TRACE] graph - <------- nonSkippedChar
2021-11-19T10:23:44,838|[TRACE] graph - <----- statementPart
2021-11-19T10:23:44,838|[TRACE] graph - -----> statementPart
2021-11-19T10:23:44,838|[TRACE] graph - -------> nonSkippedChar
2021-11-19T10:23:44,838|[TRACE] script - #out(`E`) [token]
2021-11-19T10:23:44,838|[TRACE] graph - <------- nonSkippedChar
2021-11-19T10:23:44,838|[TRACE] graph - <----- statementPart
2021-11-19T10:23:44,838|[TRACE] graph - -----> statementPart
2021-11-19T10:23:44,838|[TRACE] graph - -------> nonSkippedChar
2021-11-19T10:23:44,838|[TRACE] script - #out(`R`) [token]
2021-11-19T10:23:44,838|[TRACE] graph - <------- nonSkippedChar
2021-11-19T10:23:44,838|[TRACE] graph - <----- statementPart
2021-11-19T10:23:44,838|[TRACE] graph - -----> statementPart
2021-11-19T10:23:44,838|[TRACE] graph - -------> nonSkippedSpace
2021-11-19T10:23:44,838|[TRACE] script - #out(` `) [token]
2021-11-19T10:23:44,838|[TRACE] graph - <------- nonSkippedSpace
2021-11-19T10:23:44,838|[TRACE] graph - <----- statementPart
2021-11-19T10:23:44,838|[TRACE] graph - -----> statementPart
2021-11-19T10:23:44,838|[TRACE] graph - -------> nonSkippedChar
2021-11-19T10:23:44,838|[TRACE] script - #out(`S`) [token]
2021-11-19T10:23:44,838|[TRACE] graph - <------- nonSkippedChar
2021-11-19T10:23:44,838|[TRACE] graph - <----- statementPart
2021-11-19T10:23:44,838|[TRACE] graph - -----> statementPart
2021-11-19T10:23:44,838|[TRACE] graph - -------> nonSkippedChar
2021-11-19T10:23:44,838|[TRACE] script - #out(`E`) [token]
2021-11-19T10:23:44,838|[TRACE] graph - <------- nonSkippedChar
2021-11-19T10:23:44,838|[TRACE] graph - <----- statementPart
2021-11-19T10:23:44,838|[TRACE] graph - -----> statementPart
2021-11-19T10:23:44,838|[TRACE] graph - -------> nonSkippedChar
2021-11-19T10:23:44,838|[TRACE] script - #out(`T`) [token]
2021-11-19T10:23:44,838|[TRACE] graph - <------- nonSkippedChar
2021-11-19T10:23:44,838|[TRACE] graph - <----- statementPart
2021-11-19T10:23:44,838|[TRACE] graph - -----> statementPart
2021-11-19T10:23:44,838|[TRACE] graph - -------> nonSkippedSpace
2021-11-19T10:23:44,838|[TRACE] script - #out(` `) [token]
2021-11-19T10:23:44,838|[TRACE] graph - <------- nonSkippedSpace
2021-11-19T10:23:44,838|[TRACE] graph - <----- statementPart
2021-11-19T10:23:44,838|[TRACE] graph - -----> statementPart
2021-11-19T10:23:44,838|[TRACE] graph - -------> nonSkippedChar
2021-11-19T10:23:44,838|[TRACE] script - #out(`u`) [token]
2021-11-19T10:23:44,838|[TRACE] graph - <------- nonSkippedChar
2021-11-19T10:23:44,838|[TRACE] graph - <----- statementPart
2021-11-19T10:23:44,838|[TRACE] graph - -----> statementPart
2021-11-19T10:23:44,838|[TRACE] graph - -------> nonSkippedChar
2021-11-19T10:23:44,838|[TRACE] script - #out(`t`) [token]
2021-11-19T10:23:44,838|[TRACE] graph - <------- nonSkippedChar
2021-11-19T10:23:44,838|[TRACE] graph - <----- statementPart
2021-11-19T10:23:44,838|[TRACE] graph - -----> statementPart
2021-11-19T10:23:44,838|[TRACE] graph - -------> nonSkippedChar
2021-11-19T10:23:44,838|[TRACE] script - #out(`f`) [token]
2021-11-19T10:23:44,838|[TRACE] graph - <------- nonSkippedChar
2021-11-19T10:23:44,838|[TRACE] graph - <----- statementPart
2021-11-19T10:23:44,838|[TRACE] graph - -----> statementPart
2021-11-19T10:23:44,838|[TRACE] graph - -------> nonSkippedChar
2021-11-19T10:23:44,838|[TRACE] script - #out(`8`) [token]
2021-11-19T10:23:44,838|[TRACE] graph - <------- nonSkippedChar
2021-11-19T10:23:44,838|[TRACE] graph - <----- statementPart
2021-11-19T10:23:44,838|[TRACE] graph - -----> statementPart
2021-11-19T10:23:44,838|[TRACE] graph - -------> nonSkippedChar
2021-11-19T10:23:44,838|[TRACE] script - #out(`m`) [token]
2021-11-19T10:23:44,838|[TRACE] graph - <------- nonSkippedChar
2021-11-19T10:23:44,838|[TRACE] graph - <----- statementPart
2021-11-19T10:23:44,838|[TRACE] graph - -----> statementPart
2021-11-19T10:23:44,838|[TRACE] graph - -------> nonSkippedChar
2021-11-19T10:23:44,838|[TRACE] script - #out(`b`) [token]
2021-11-19T10:23:44,838|[TRACE] graph - <------- nonSkippedChar
2021-11-19T10:23:44,838|[TRACE] graph - <----- statementPart
2021-11-19T10:23:44,838|[TRACE] graph - -----> statementPart
2021-11-19T10:23:44,838|[TRACE] graph - -------> nonSkippedChar
2021-11-19T10:23:44,838|[TRACE] script - #out(`4`) [token]
2021-11-19T10:23:44,838|[TRACE] graph - <------- nonSkippedChar
2021-11-19T10:23:44,838|[TRACE] graph - <----- statementPart
2021-11-19T10:23:44,838|[TRACE] graph - -----> statementPart
2021-11-19T10:23:44,838|[TRACE] graph - -------> nonSkippedSpace
2021-11-19T10:23:44,838|[TRACE] script - #out(` `) [token]
2021-11-19T10:23:44,838|[TRACE] graph - <------- nonSkippedSpace
2021-11-19T10:23:44,838|[TRACE] graph - <----- statementPart
2021-11-19T10:23:44,838|[TRACE] graph - -----> statementPart
2021-11-19T10:23:44,838|[TRACE] graph - -------> nonSkippedChar
2021-11-19T10:23:44,838|[TRACE] script - #out(`C`) [token]
2021-11-19T10:23:44,838|[TRACE] graph - <------- nonSkippedChar
2021-11-19T10:23:44,838|[TRACE] graph - <----- statementPart
2021-11-19T10:23:44,838|[TRACE] graph - -----> statementPart
2021-11-19T10:23:44,838|[TRACE] graph - -------> nonSkippedChar
2021-11-19T10:23:44,838|[TRACE] script - #out(`O`) [token]
2021-11-19T10:23:44,838|[TRACE] graph - <------- nonSkippedChar
2021-11-19T10:23:44,838|[TRACE] graph - <----- statementPart
2021-11-19T10:23:44,838|[TRACE] graph - -----> statementPart
2021-11-19T10:23:44,838|[TRACE] graph - -------> nonSkippedChar
2021-11-19T10:23:44,838|[TRACE] script - #out(`L`) [token]
2021-11-19T10:23:44,838|[TRACE] graph - <------- nonSkippedChar
2021-11-19T10:23:44,838|[TRACE] graph - <----- statementPart
2021-11-19T10:23:44,838|[TRACE] graph - -----> statementPart
2021-11-19T10:23:44,838|[TRACE] graph - -------> nonSkippedChar
2021-11-19T10:23:44,838|[TRACE] script - #out(`L`) [token]
2021-11-19T10:23:44,838|[TRACE] graph - <------- nonSkippedChar
2021-11-19T10:23:44,838|[TRACE] graph - <----- statementPart
2021-11-19T10:23:44,838|[TRACE] graph - -----> statementPart
2021-11-19T10:23:44,838|[TRACE] graph - -------> nonSkippedChar
2021-11-19T10:23:44,838|[TRACE] script - #out(`A`) [token]
2021-11-19T10:23:44,838|[TRACE] graph - <------- nonSkippedChar
2021-11-19T10:23:44,838|[TRACE] graph - <----- statementPart
2021-11-19T10:23:44,838|[TRACE] graph - -----> statementPart
2021-11-19T10:23:44,838|[TRACE] graph - -------> nonSkippedChar
2021-11-19T10:23:44,838|[TRACE] script - #out(`T`) [token]
2021-11-19T10:23:44,838|[TRACE] graph - <------- nonSkippedChar
2021-11-19T10:23:44,838|[TRACE] graph - <----- statementPart
2021-11-19T10:23:44,838|[TRACE] graph - -----> statementPart
2021-11-19T10:23:44,838|[TRACE] graph - -------> nonSkippedChar
2021-11-19T10:23:44,838|[TRACE] script - #out(`E`) [token]
2021-11-19T10:23:44,838|[TRACE] graph - <------- nonSkippedChar
2021-11-19T10:23:44,838|[TRACE] graph - <----- statementPart
2021-11-19T10:23:44,838|[TRACE] graph - -----> statementPart
2021-11-19T10:23:44,838|[TRACE] graph - -------> nonSkippedSpace
2021-11-19T10:23:44,838|[TRACE] script - #out(` `) [token]
2021-11-19T10:23:44,838|[TRACE] graph - <------- nonSkippedSpace
2021-11-19T10:23:44,838|[TRACE] graph - <----- statementPart
2021-11-19T10:23:44,838|[TRACE] graph - -----> statementPart
2021-11-19T10:23:44,838|[TRACE] graph - -------> nonSkippedChar
2021-11-19T10:23:44,838|[TRACE] script - #out(`u`) [token]
2021-11-19T10:23:44,838|[TRACE] graph - <------- nonSkippedChar
2021-11-19T10:23:44,838|[TRACE] graph - <----- statementPart
2021-11-19T10:23:44,838|[TRACE] graph - -----> statementPart
2021-11-19T10:23:44,838|[TRACE] graph - -------> nonSkippedChar
2021-11-19T10:23:44,838|[TRACE] script - #out(`t`) [token]
2021-11-19T10:23:44,838|[TRACE] graph - <------- nonSkippedChar
2021-11-19T10:23:44,838|[TRACE] graph - <----- statementPart
2021-11-19T10:23:44,838|[TRACE] graph - -----> statementPart
2021-11-19T10:23:44,838|[TRACE] graph - -------> nonSkippedChar
2021-11-19T10:23:44,838|[TRACE] script - #out(`f`) [token]
2021-11-19T10:23:44,838|[TRACE] graph - <------- nonSkippedChar
2021-11-19T10:23:44,838|[TRACE] graph - <----- statementPart
2021-11-19T10:23:44,838|[TRACE] graph - -----> statementPart
2021-11-19T10:23:44,838|[TRACE] graph - -------> nonSkippedChar
2021-11-19T10:23:44,838|[TRACE] script - #out(`8`) [token]
2021-11-19T10:23:44,838|[TRACE] graph - <------- nonSkippedChar
2021-11-19T10:23:44,838|[TRACE] graph - <----- statementPart
2021-11-19T10:23:44,838|[TRACE] graph - -----> statementPart
2021-11-19T10:23:44,838|[TRACE] graph - -------> nonSkippedChar
2021-11-19T10:23:44,838|[TRACE] script - #out(`m`) [token]
2021-11-19T10:23:44,838|[TRACE] graph - <------- nonSkippedChar
2021-11-19T10:23:44,838|[TRACE] graph - <----- statementPart
2021-11-19T10:23:44,838|[TRACE] graph - -----> statementPart
2021-11-19T10:23:44,838|[TRACE] graph - -------> nonSkippedChar
2021-11-19T10:23:44,838|[TRACE] script - #out(`b`) [token]
2021-11-19T10:23:44,838|[TRACE] graph - <------- nonSkippedChar
2021-11-19T10:23:44,838|[TRACE] graph - <----- statementPart
2021-11-19T10:23:44,838|[TRACE] graph - -----> statementPart
2021-11-19T10:23:44,838|[TRACE] graph - -------> nonSkippedChar
2021-11-19T10:23:44,838|[TRACE] script - #out(`4`) [token]
2021-11-19T10:23:44,838|[TRACE] graph - <------- nonSkippedChar
2021-11-19T10:23:44,838|[TRACE] graph - <----- statementPart
2021-11-19T10:23:44,838|[TRACE] graph - -----> statementPart
2021-11-19T10:23:44,838|[TRACE] graph - -------> nonSkippedChar
2021-11-19T10:23:44,838|[TRACE] script - #out(`_`) [token]
2021-11-19T10:23:44,838|[TRACE] graph - <------- nonSkippedChar
2021-11-19T10:23:44,838|[TRACE] graph - <----- statementPart
2021-11-19T10:23:44,838|[TRACE] graph - -----> statementPart
2021-11-19T10:23:44,838|[TRACE] graph - -------> nonSkippedChar
2021-11-19T10:23:44,838|[TRACE] script - #out(`0`) [token]
2021-11-19T10:23:44,838|[TRACE] graph - <------- nonSkippedChar
2021-11-19T10:23:44,838|[TRACE] graph - <----- statementPart
2021-11-19T10:23:44,838|[TRACE] graph - -----> statementPart
2021-11-19T10:23:44,838|[TRACE] graph - -------> nonSkippedChar
2021-11-19T10:23:44,838|[TRACE] script - #out(`9`) [token]
2021-11-19T10:23:44,838|[TRACE] graph - <------- nonSkippedChar
2021-11-19T10:23:44,838|[TRACE] graph - <----- statementPart
2021-11-19T10:23:44,838|[TRACE] graph - -----> statementPart
2021-11-19T10:23:44,838|[TRACE] graph - -------> nonSkippedChar
2021-11-19T10:23:44,838|[TRACE] script - #out(`0`) [token]
2021-11-19T10:23:44,838|[TRACE] graph - <------- nonSkippedChar
2021-11-19T10:23:44,838|[TRACE] graph - <----- statementPart
2021-11-19T10:23:44,838|[TRACE] graph - -----> statementPart
2021-11-19T10:23:44,838|[TRACE] graph - -------> nonSkippedChar
2021-11-19T10:23:44,838|[TRACE] script - #out(`0`) [token]
2021-11-19T10:23:44,838|[TRACE] graph - <------- nonSkippedChar
2021-11-19T10:23:44,838|[TRACE] graph - <----- statementPart
2021-11-19T10:23:44,838|[TRACE] graph - -----> statementPart
2021-11-19T10:23:44,838|[TRACE] graph - -------> nonSkippedChar
2021-11-19T10:23:44,838|[TRACE] script - #out(`_`) [token]
2021-11-19T10:23:44,838|[TRACE] graph - <------- nonSkippedChar
2021-11-19T10:23:44,838|[TRACE] graph - <----- statementPart
2021-11-19T10:23:44,838|[TRACE] graph - -----> statementPart
2021-11-19T10:23:44,838|[TRACE] graph - -------> nonSkippedChar
2021-11-19T10:23:44,838|[TRACE] script - #out(`a`) [token]
2021-11-19T10:23:44,838|[TRACE] graph - <------- nonSkippedChar
2021-11-19T10:23:44,838|[TRACE] graph - <----- statementPart
2021-11-19T10:23:44,838|[TRACE] graph - -----> statementPart
2021-11-19T10:23:44,838|[TRACE] graph - -------> nonSkippedChar
2021-11-19T10:23:44,838|[TRACE] script - #out(`i`) [token]
2021-11-19T10:23:44,838|[TRACE] graph - <------- nonSkippedChar
2021-11-19T10:23:44,838|[TRACE] graph - <----- statementPart
2021-11-19T10:23:44,838|[TRACE] graph - -----> statementPart
2021-11-19T10:23:44,838|[TRACE] graph - -------> nonSkippedChar
2021-11-19T10:23:44,838|[TRACE] script - #out(`_`) [token]
2021-11-19T10:23:44,838|[TRACE] graph - <------- nonSkippedChar
2021-11-19T10:23:44,838|[TRACE] graph - <----- statementPart
2021-11-19T10:23:44,838|[TRACE] graph - -----> statementPart
2021-11-19T10:23:44,838|[TRACE] graph - -------> nonSkippedChar
2021-11-19T10:23:44,838|[TRACE] script - #out(`c`) [token]
2021-11-19T10:23:44,838|[TRACE] graph - <------- nonSkippedChar
2021-11-19T10:23:44,838|[TRACE] graph - <----- statementPart
2021-11-19T10:23:44,838|[TRACE] graph - -----> statementPart
2021-11-19T10:23:44,838|[TRACE] graph - -------> nonSkippedChar
2021-11-19T10:23:44,838|[TRACE] script - #out(`i`) [token]
2021-11-19T10:23:44,838|[TRACE] graph - <------- nonSkippedChar
2021-11-19T10:23:44,838|[TRACE] graph - <----- statementPart
2021-11-19T10:23:44,838|[TRACE] graph - -----> statementPart
2021-11-19T10:23:44,838|[TRACE] graph - -------> nonSkippedSpace
2021-11-19T10:23:44,838|[TRACE] script - #out(` `) [token]
2021-11-19T10:23:44,838|[TRACE] graph - <------- nonSkippedSpace
2021-11-19T10:23:44,838|[TRACE] graph - <----- statementPart
2021-11-19T10:23:44,838|[DEBUG] graph - Import statement : CREATE SCHEMA IF NOT EXISTS `bloodbank` DEFAULT CHARACTER SET utf8mb4 COLLATE utf8mb4_0900_ai_ci
2021-11-19T10:23:44,838|[TRACE] graph - <--- statement
2021-11-19T10:23:44,838|[TRACE] graph - ---> blankSpacesToSkip
2021-11-19T10:23:44,838|[TRACE] graph - -----> newLineToSkip
2021-11-19T10:23:44,838|[TRACE] graph - <----- newLineToSkip
2021-11-19T10:23:44,838|[TRACE] graph - <--- blankSpacesToSkip
2021-11-19T10:23:44,838|[TRACE] graph - ---> statement
2021-11-19T10:23:44,838|[TRACE] graph - -----> statementFirstPart
2021-11-19T10:23:44,838|[TRACE] graph - -------> nonSkippedChar
2021-11-19T10:23:44,838|[TRACE] script - #out(`U`) [token]
2021-11-19T10:23:44,838|[TRACE] graph - <------- nonSkippedChar
2021-11-19T10:23:44,838|[TRACE] graph - <----- statementFirstPart
2021-11-19T10:23:44,838|[TRACE] graph - -----> statementPart
2021-11-19T10:23:44,838|[TRACE] graph - -------> nonSkippedChar
2021-11-19T10:23:44,838|[TRACE] script - #out(`S`) [token]
2021-11-19T10:23:44,838|[TRACE] graph - <------- nonSkippedChar
2021-11-19T10:23:44,838|[TRACE] graph - <----- statementPart
2021-11-19T10:23:44,838|[TRACE] graph - -----> statementPart
2021-11-19T10:23:44,838|[TRACE] graph - -------> nonSkippedChar
2021-11-19T10:23:44,838|[TRACE] script - #out(`E`) [token]
2021-11-19T10:23:44,838|[TRACE] graph - <------- nonSkippedChar
2021-11-19T10:23:44,838|[TRACE] graph - <----- statementPart
2021-11-19T10:23:44,838|[TRACE] graph - -----> statementPart
2021-11-19T10:23:44,838|[TRACE] graph - -------> nonSkippedSpace
2021-11-19T10:23:44,838|[TRACE] script - #out(` `) [token]
2021-11-19T10:23:44,838|[TRACE] graph - <------- nonSkippedSpace
2021-11-19T10:23:44,838|[TRACE] graph - <----- statementPart
2021-11-19T10:23:44,838|[TRACE] graph - -----> statementPart
2021-11-19T10:23:44,838|[TRACE] graph - -------> quotedString
2021-11-19T10:23:44,838|[TRACE] script - #out(``bloodbank``) [token]
2021-11-19T10:23:44,838|[TRACE] graph - <------- quotedString
2021-11-19T10:23:44,838|[TRACE] graph - <----- statementPart
2021-11-19T10:23:44,838|[TRACE] graph - -----> statementPart
2021-11-19T10:23:44,838|[TRACE] graph - -------> nonSkippedSpace
2021-11-19T10:23:44,838|[TRACE] script - #out(` `) [token]
2021-11-19T10:23:44,838|[TRACE] graph - <------- nonSkippedSpace
2021-11-19T10:23:44,838|[TRACE] graph - <----- statementPart
2021-11-19T10:23:44,838|[DEBUG] graph - Import statement : USE `bloodbank`
2021-11-19T10:23:44,838|[TRACE] graph - <--- statement
2021-11-19T10:23:44,838|[TRACE] graph - ---> blankSpacesToSkip
2021-11-19T10:23:44,839|[TRACE] graph - -----> newLineToSkip
2021-11-19T10:23:44,839|[TRACE] graph - <----- newLineToSkip
2021-11-19T10:23:44,839|[TRACE] graph - -----> newLineToSkip
2021-11-19T10:23:44,839|[TRACE] graph - <----- newLineToSkip
2021-11-19T10:23:44,839|[TRACE] graph - -----> newLineToSkip
2021-11-19T10:23:44,839|[TRACE] graph - <----- newLineToSkip
2021-11-19T10:23:44,839|[TRACE] graph - -----> newLineToSkip
2021-11-19T10:23:44,839|[TRACE] graph - <----- newLineToSkip
2021-11-19T10:23:44,839|[TRACE] graph - -----> newLineToSkip
2021-11-19T10:23:44,839|[TRACE] graph - <----- newLineToSkip
2021-11-19T10:23:44,839|[TRACE] graph - <--- blankSpacesToSkip
2021-11-19T10:23:44,839|[TRACE] graph - ---> statement
2021-11-19T10:23:44,839|[TRACE] graph - -----> statementFirstPart
2021-11-19T10:23:44,839|[TRACE] graph - -------> nonSkippedChar
2021-11-19T10:23:44,839|[TRACE] script - #out(`C`) [token]
2021-11-19T10:23:44,839|[TRACE] graph - <------- nonSkippedChar
2021-11-19T10:23:44,839|[TRACE] graph - <----- statementFirstPart
2021-11-19T10:23:44,839|[TRACE] graph - -----> statementPart
2021-11-19T10:23:44,839|[TRACE] graph - -------> nonSkippedChar
2021-11-19T10:23:44,839|[TRACE] script - #out(`R`) [token]
2021-11-19T10:23:44,839|[TRACE] graph - <------- nonSkippedChar
2021-11-19T10:23:44,839|[TRACE] graph - <----- statementPart
2021-11-19T10:23:44,839|[TRACE] graph - -----> statementPart
2021-11-19T10:23:44,839|[TRACE] graph - -------> nonSkippedChar
2021-11-19T10:23:44,839|[TRACE] script - #out(`E`) [token]
2021-11-19T10:23:44,839|[TRACE] graph - <------- nonSkippedChar
2021-11-19T10:23:44,839|[TRACE] graph - <----- statementPart
2021-11-19T10:23:44,839|[TRACE] graph - -----> statementPart
2021-11-19T10:23:44,839|[TRACE] graph - -------> nonSkippedChar
2021-11-19T10:23:44,839|[TRACE] script - #out(`A`) [token]
2021-11-19T10:23:44,839|[TRACE] graph - <------- nonSkippedChar
2021-11-19T10:23:44,839|[TRACE] graph - <----- statementPart
2021-11-19T10:23:44,839|[TRACE] graph - -----> statementPart
2021-11-19T10:23:44,839|[TRACE] graph - -------> nonSkippedChar
2021-11-19T10:23:44,839|[TRACE] script - #out(`T`) [token]
2021-11-19T10:23:44,839|[TRACE] graph - <------- nonSkippedChar
2021-11-19T10:23:44,839|[TRACE] graph - <----- statementPart
2021-11-19T10:23:44,839|[TRACE] graph - -----> statementPart
2021-11-19T10:23:44,839|[TRACE] graph - -------> nonSkippedChar
2021-11-19T10:23:44,839|[TRACE] script - #out(`E`) [token]
2021-11-19T10:23:44,839|[TRACE] graph - <------- nonSkippedChar
2021-11-19T10:23:44,839|[TRACE] graph - <----- statementPart
2021-11-19T10:23:44,839|[TRACE] graph - -----> statementPart
2021-11-19T10:23:44,839|[TRACE] graph - -------> nonSkippedSpace
2021-11-19T10:23:44,839|[TRACE] script - #out(` `) [token]
2021-11-19T10:23:44,839|[TRACE] graph - <------- nonSkippedSpace
2021-11-19T10:23:44,839|[TRACE] graph - <----- statementPart
2021-11-19T10:23:44,839|[TRACE] graph - -----> statementPart
2021-11-19T10:23:44,839|[TRACE] graph - -------> nonSkippedChar
2021-11-19T10:23:44,839|[TRACE] script - #out(`T`) [token]
2021-11-19T10:23:44,839|[TRACE] graph - <------- nonSkippedChar
2021-11-19T10:23:44,839|[TRACE] graph - <----- statementPart
2021-11-19T10:23:44,839|[TRACE] graph - -----> statementPart
2021-11-19T10:23:44,839|[TRACE] graph - -------> nonSkippedChar
2021-11-19T10:23:44,839|[TRACE] script - #out(`A`) [token]
2021-11-19T10:23:44,839|[TRACE] graph - <------- nonSkippedChar
2021-11-19T10:23:44,839|[TRACE] graph - <----- statementPart
2021-11-19T10:23:44,839|[TRACE] graph - -----> statementPart
2021-11-19T10:23:44,839|[TRACE] graph - -------> nonSkippedChar
2021-11-19T10:23:44,839|[TRACE] script - #out(`B`) [token]
2021-11-19T10:23:44,839|[TRACE] graph - <------- nonSkippedChar
2021-11-19T10:23:44,839|[TRACE] graph - <----- statementPart
2021-11-19T10:23:44,839|[TRACE] graph - -----> statementPart
2021-11-19T10:23:44,839|[TRACE] graph - -------> nonSkippedChar
2021-11-19T10:23:44,839|[TRACE] script - #out(`L`) [token]
2021-11-19T10:23:44,839|[TRACE] graph - <------- nonSkippedChar
2021-11-19T10:23:44,839|[TRACE] graph - <----- statementPart
2021-11-19T10:23:44,839|[TRACE] graph - -----> statementPart
2021-11-19T10:23:44,839|[TRACE] graph - -------> nonSkippedChar
2021-11-19T10:23:44,839|[TRACE] script - #out(`E`) [token]
2021-11-19T10:23:44,839|[TRACE] graph - <------- nonSkippedChar
2021-11-19T10:23:44,839|[TRACE] graph - <----- statementPart
2021-11-19T10:23:44,839|[TRACE] graph - -----> statementPart
2021-11-19T10:23:44,839|[TRACE] graph - -------> nonSkippedSpace
2021-11-19T10:23:44,839|[TRACE] script - #out(` `) [token]
2021-11-19T10:23:44,839|[TRACE] graph - <------- nonSkippedSpace
2021-11-19T10:23:44,839|[TRACE] graph - <----- statementPart
2021-11-19T10:23:44,839|[TRACE] graph - -----> statementPart
2021-11-19T10:23:44,839|[TRACE] graph - -------> nonSkippedChar
2021-11-19T10:23:44,839|[TRACE] script - #out(`I`) [token]
2021-11-19T10:23:44,839|[TRACE] graph - <------- nonSkippedChar
2021-11-19T10:23:44,839|[TRACE] graph - <----- statementPart
2021-11-19T10:23:44,839|[TRACE] graph - -----> statementPart
2021-11-19T10:23:44,839|[TRACE] graph - -------> nonSkippedChar
2021-11-19T10:23:44,839|[TRACE] script - #out(`F`) [token]
2021-11-19T10:23:44,839|[TRACE] graph - <------- nonSkippedChar
2021-11-19T10:23:44,839|[TRACE] graph - <----- statementPart
2021-11-19T10:23:44,839|[TRACE] graph - -----> statementPart
2021-11-19T10:23:44,839|[TRACE] graph - -------> nonSkippedSpace
2021-11-19T10:23:44,839|[TRACE] script - #out(` `) [token]
2021-11-19T10:23:44,839|[TRACE] graph - <------- nonSkippedSpace
2021-11-19T10:23:44,839|[TRACE] graph - <----- statementPart
2021-11-19T10:23:44,839|[TRACE] graph - -----> statementPart
2021-11-19T10:23:44,839|[TRACE] graph - -------> nonSkippedChar
2021-11-19T10:23:44,839|[TRACE] script - #out(`N`) [token]
2021-11-19T10:23:44,839|[TRACE] graph - <------- nonSkippedChar
2021-11-19T10:23:44,839|[TRACE] graph - <----- statementPart
2021-11-19T10:23:44,839|[TRACE] graph - -----> statementPart
2021-11-19T10:23:44,839|[TRACE] graph - -------> nonSkippedChar
2021-11-19T10:23:44,839|[TRACE] script - #out(`O`) [token]
2021-11-19T10:23:44,839|[TRACE] graph - <------- nonSkippedChar
2021-11-19T10:23:44,839|[TRACE] graph - <----- statementPart
2021-11-19T10:23:44,839|[TRACE] graph - -----> statementPart
2021-11-19T10:23:44,839|[TRACE] graph - -------> nonSkippedChar
2021-11-19T10:23:44,839|[TRACE] script - #out(`T`) [token]
2021-11-19T10:23:44,839|[TRACE] graph - <------- nonSkippedChar
2021-11-19T10:23:44,839|[TRACE] graph - <----- statementPart
2021-11-19T10:23:44,839|[TRACE] graph - -----> statementPart
2021-11-19T10:23:44,839|[TRACE] graph - -------> nonSkippedSpace
2021-11-19T10:23:44,839|[TRACE] script - #out(` `) [token]
2021-11-19T10:23:44,839|[TRACE] graph - <------- nonSkippedSpace
2021-11-19T10:23:44,839|[TRACE] graph - <----- statementPart
2021-11-19T10:23:44,839|[TRACE] graph - -----> statementPart
2021-11-19T10:23:44,839|[TRACE] graph - -------> nonSkippedChar
2021-11-19T10:23:44,839|[TRACE] script - #out(`E`) [token]
2021-11-19T10:23:44,839|[TRACE] graph - <------- nonSkippedChar
2021-11-19T10:23:44,839|[TRACE] graph - <----- statementPart
2021-11-19T10:23:44,839|[TRACE] graph - -----> statementPart
2021-11-19T10:23:44,839|[TRACE] graph - -------> nonSkippedChar
2021-11-19T10:23:44,839|[TRACE] script - #out(`X`) [token]
2021-11-19T10:23:44,839|[TRACE] graph - <------- nonSkippedChar
2021-11-19T10:23:44,839|[TRACE] graph - <----- statementPart
2021-11-19T10:23:44,839|[TRACE] graph - -----> statementPart
2021-11-19T10:23:44,839|[TRACE] graph - -------> nonSkippedChar
2021-11-19T10:23:44,839|[TRACE] script - #out(`I`) [token]
2021-11-19T10:23:44,839|[TRACE] graph - <------- nonSkippedChar
2021-11-19T10:23:44,839|[TRACE] graph - <----- statementPart
2021-11-19T10:23:44,839|[TRACE] graph - -----> statementPart
2021-11-19T10:23:44,839|[TRACE] graph - -------> nonSkippedChar
2021-11-19T10:23:44,839|[TRACE] script - #out(`S`) [token]
2021-11-19T10:23:44,839|[TRACE] graph - <------- nonSkippedChar
2021-11-19T10:23:44,839|[TRACE] graph - <----- statementPart
2021-11-19T10:23:44,839|[TRACE] graph - -----> statementPart
2021-11-19T10:23:44,839|[TRACE] graph - -------> nonSkippedChar
2021-11-19T10:23:44,839|[TRACE] script - #out(`T`) [token]
2021-11-19T10:23:44,839|[TRACE] graph - <------- nonSkippedChar
2021-11-19T10:23:44,839|[TRACE] graph - <----- statementPart
2021-11-19T10:23:44,839|[TRACE] graph - -----> statementPart
2021-11-19T10:23:44,839|[TRACE] graph - -------> nonSkippedChar
2021-11-19T10:23:44,839|[TRACE] script - #out(`S`) [token]
2021-11-19T10:23:44,839|[TRACE] graph - <------- nonSkippedChar
2021-11-19T10:23:44,839|[TRACE] graph - <----- statementPart
2021-11-19T10:23:44,839|[TRACE] graph - -----> statementPart
2021-11-19T10:23:44,839|[TRACE] graph - -------> nonSkippedSpace
2021-11-19T10:23:44,839|[TRACE] script - #out(` `) [token]
2021-11-19T10:23:44,839|[TRACE] graph - <------- nonSkippedSpace
2021-11-19T10:23:44,839|[TRACE] graph - <----- statementPart
2021-11-19T10:23:44,839|[TRACE] graph - -----> statementPart
2021-11-19T10:23:44,839|[TRACE] graph - -------> quotedString
2021-11-19T10:23:44,839|[TRACE] script - #out(``bloodbank``) [token]
2021-11-19T10:23:44,839|[TRACE] graph - <------- quotedString
2021-11-19T10:23:44,839|[TRACE] graph - <----- statementPart
2021-11-19T10:23:44,839|[TRACE] graph - -----> statementPart
2021-11-19T10:23:44,839|[TRACE] graph - -------> nonSkippedChar
2021-11-19T10:23:44,839|[TRACE] script - #out(`.`) [token]
2021-11-19T10:23:44,839|[TRACE] graph - <------- nonSkippedChar
2021-11-19T10:23:44,839|[TRACE] graph - <----- statementPart
2021-11-19T10:23:44,839|[TRACE] graph - -----> statementPart
2021-11-19T10:23:44,839|[TRACE] graph - -------> quotedString
2021-11-19T10:23:44,839|[TRACE] script - #out(``person``) [token]
2021-11-19T10:23:44,839|[TRACE] graph - <------- quotedString
2021-11-19T10:23:44,839|[TRACE] graph - <----- statementPart
2021-11-19T10:23:44,839|[TRACE] graph - -----> statementPart
2021-11-19T10:23:44,839|[TRACE] graph - -------> nonSkippedSpace
2021-11-19T10:23:44,839|[TRACE] script - #out(` `) [token]
2021-11-19T10:23:44,839|[TRACE] graph - <------- nonSkippedSpace
2021-11-19T10:23:44,839|[TRACE] graph - <----- statementPart
2021-11-19T10:23:44,839|[TRACE] graph - -----> statementPart
2021-11-19T10:23:44,839|[TRACE] graph - -------> nonSkippedChar
2021-11-19T10:23:44,839|[TRACE] script - #out(`(`) [token]
2021-11-19T10:23:44,839|[TRACE] graph - <------- nonSkippedChar
2021-11-19T10:23:44,839|[TRACE] graph - <----- statementPart
2021-11-19T10:23:44,839|[TRACE] graph - -----> afterStatementPartNewline
2021-11-19T10:23:44,839|[TRACE] script - #out(` `) [text]
2021-11-19T10:23:44,839|[TRACE] graph - <----- afterStatementPartNewline
2021-11-19T10:23:44,839|[TRACE] graph - -----> statementPart
2021-11-19T10:23:44,839|[TRACE] graph - -------> nonSkippedSpace
2021-11-19T10:23:44,839|[TRACE] script - #out(` `) [token]
2021-11-19T10:23:44,839|[TRACE] graph - <------- nonSkippedSpace
2021-11-19T10:23:44,839|[TRACE] graph - <----- statementPart
2021-11-19T10:23:44,839|[TRACE] graph - -----> statementPart
2021-11-19T10:23:44,839|[TRACE] graph - -------> nonSkippedSpace
2021-11-19T10:23:44,839|[TRACE] script - #out(` `) [token]
2021-11-19T10:23:44,839|[TRACE] graph - <------- nonSkippedSpace
2021-11-19T10:23:44,839|[TRACE] graph - <----- statementPart
2021-11-19T10:23:44,839|[TRACE] graph - -----> statementPart
2021-11-19T10:23:44,839|[TRACE] graph - -------> quotedString
2021-11-19T10:23:44,839|[TRACE] script - #out(``id``) [token]
2021-11-19T10:23:44,839|[TRACE] graph - <------- quotedString
2021-11-19T10:23:44,839|[TRACE] graph - <----- statementPart
2021-11-19T10:23:44,839|[TRACE] graph - -----> statementPart
2021-11-19T10:23:44,839|[TRACE] graph - -------> nonSkippedSpace
2021-11-19T10:23:44,839|[TRACE] script - #out(` `) [token]
2021-11-19T10:23:44,839|[TRACE] graph - <------- nonSkippedSpace
2021-11-19T10:23:44,839|[TRACE] graph - <----- statementPart
2021-11-19T10:23:44,839|[TRACE] graph - -----> statementPart
2021-11-19T10:23:44,839|[TRACE] graph - -------> nonSkippedChar
2021-11-19T10:23:44,839|[TRACE] script - #out(`I`) [token]
2021-11-19T10:23:44,839|[TRACE] graph - <------- nonSkippedChar
2021-11-19T10:23:44,839|[TRACE] graph - <----- statementPart
2021-11-19T10:23:44,839|[TRACE] graph - -----> statementPart
2021-11-19T10:23:44,839|[TRACE] graph - -------> nonSkippedChar
2021-11-19T10:23:44,839|[TRACE] script - #out(`N`) [token]
2021-11-19T10:23:44,839|[TRACE] graph - <------- nonSkippedChar
2021-11-19T10:23:44,926|[TRACE] graph - <----- statementPart
2021-11-19T10:23:44,926|[TRACE] graph - -----> statementPart
2021-11-19T10:23:44,926|[TRACE] graph - -------> nonSkippedChar
2021-11-19T10:23:44,926|[TRACE] script - #out(`T`) [token]
2021-11-19T10:23:44,926|[TRACE] graph - <------- nonSkippedChar
2021-11-19T10:23:44,926|[TRACE] graph - <----- statementPart
2021-11-19T10:23:44,926|[TRACE] graph - -----> statementPart
2021-11-19T10:23:44,926|[TRACE] graph - -------> nonSkippedSpace
2021-11-19T10:23:44,926|[TRACE] script - #out(` `) [token]
2021-11-19T10:23:44,926|[TRACE] graph - <------- nonSkippedSpace
2021-11-19T10:23:44,926|[TRACE] graph - <----- statementPart
2021-11-19T10:23:44,926|[TRACE] graph - -----> statementPart
2021-11-19T10:23:44,926|[TRACE] graph - -------> nonSkippedChar
2021-11-19T10:23:44,926|[TRACE] script - #out(`N`) [token]
2021-11-19T10:23:44,926|[TRACE] graph - <------- nonSkippedChar
2021-11-19T10:23:44,926|[TRACE] graph - <----- statementPart
2021-11-19T10:23:44,926|[TRACE] graph - -----> statementPart
2021-11-19T10:23:44,926|[TRACE] graph - -------> nonSkippedChar
2021-11-19T10:23:44,926|[TRACE] script - #out(`O`) [token]
2021-11-19T10:23:44,926|[TRACE] graph - <------- nonSkippedChar
2021-11-19T10:23:44,927|[TRACE] graph - <----- statementPart
2021-11-19T10:23:44,927|[TRACE] graph - -----> statementPart
2021-11-19T10:23:44,927|[TRACE] graph - -------> nonSkippedChar
2021-11-19T10:23:44,927|[TRACE] script - #out(`T`) [token]
2021-11-19T10:23:44,927|[TRACE] graph - <------- nonSkippedChar
2021-11-19T10:23:44,927|[TRACE] graph - <----- statementPart
2021-11-19T10:23:44,927|[TRACE] graph - -----> statementPart
2021-11-19T10:23:44,927|[TRACE] graph - -------> nonSkippedSpace
2021-11-19T10:23:44,927|[TRACE] script - #out(` `) [token]
2021-11-19T10:23:44,927|[TRACE] graph - <------- nonSkippedSpace
2021-11-19T10:23:44,927|[TRACE] graph - <----- statementPart
2021-11-19T10:23:44,927|[TRACE] graph - -----> statementPart
2021-11-19T10:23:44,927|[TRACE] graph - -------> nonSkippedChar
2021-11-19T10:23:44,927|[TRACE] script - #out(`N`) [token]
2021-11-19T10:23:44,927|[TRACE] graph - <------- nonSkippedChar
2021-11-19T10:23:44,927|[TRACE] graph - <----- statementPart
2021-11-19T10:23:44,927|[TRACE] graph - -----> statementPart
2021-11-19T10:23:44,927|[TRACE] graph - -------> nonSkippedChar
2021-11-19T10:23:44,927|[TRACE] script - #out(`U`) [token]
2021-11-19T10:23:44,927|[TRACE] graph - <------- nonSkippedChar
2021-11-19T10:23:44,927|[TRACE] graph - <----- statementPart
2021-11-19T10:23:44,927|[TRACE] graph - -----> statementPart
2021-11-19T10:23:44,927|[TRACE] graph - -------> nonSkippedChar
2021-11-19T10:23:44,927|[TRACE] script - #out(`L`) [token]
2021-11-19T10:23:44,927|[TRACE] graph - <------- nonSkippedChar
2021-11-19T10:23:44,927|[TRACE] graph - <----- statementPart
2021-11-19T10:23:44,927|[TRACE] graph - -----> statementPart
2021-11-19T10:23:44,927|[TRACE] graph - -------> nonSkippedChar
2021-11-19T10:23:44,927|[TRACE] script - #out(`L`) [token]
2021-11-19T10:23:44,927|[TRACE] graph - <------- nonSkippedChar
2021-11-19T10:23:44,927|[TRACE] graph - <----- statementPart
2021-11-19T10:23:44,927|[TRACE] graph - -----> statementPart
2021-11-19T10:23:44,927|[TRACE] graph - -------> nonSkippedSpace
2021-11-19T10:23:44,927|[TRACE] script - #out(` `) [token]
2021-11-19T10:23:44,927|[TRACE] graph - <------- nonSkippedSpace
2021-11-19T10:23:44,927|[TRACE] graph - <----- statementPart
2021-11-19T10:23:44,927|[TRACE] graph - -----> statementPart
2021-11-19T10:23:44,927|[TRACE] graph - -------> nonSkippedChar
2021-11-19T10:23:44,927|[TRACE] script - #out(`A`) [token]
2021-11-19T10:23:44,927|[TRACE] graph - <------- nonSkippedChar
2021-11-19T10:23:44,927|[TRACE] graph - <----- statementPart
2021-11-19T10:23:44,927|[TRACE] graph - -----> statementPart
2021-11-19T10:23:44,927|[TRACE] graph - -------> nonSkippedChar
2021-11-19T10:23:44,927|[TRACE] script - #out(`U`) [token]
2021-11-19T10:23:44,927|[TRACE] graph - <------- nonSkippedChar
2021-11-19T10:23:44,927|[TRACE] graph - <----- statementPart
2021-11-19T10:23:44,927|[TRACE] graph - -----> statementPart
2021-11-19T10:23:44,927|[TRACE] graph - -------> nonSkippedChar
2021-11-19T10:23:44,927|[TRACE] script - #out(`T`) [token]
2021-11-19T10:23:44,927|[TRACE] graph - <------- nonSkippedChar
2021-11-19T10:23:44,927|[TRACE] graph - <----- statementPart
2021-11-19T10:23:44,927|[TRACE] graph - -----> statementPart
2021-11-19T10:23:44,927|[TRACE] graph - -------> nonSkippedChar
2021-11-19T10:23:44,927|[TRACE] script - #out(`O`) [token]
2021-11-19T10:23:44,927|[TRACE] graph - <------- nonSkippedChar
2021-11-19T10:23:44,927|[TRACE] graph - <----- statementPart
2021-11-19T10:23:44,927|[TRACE] graph - -----> statementPart
2021-11-19T10:23:44,927|[TRACE] graph - -------> nonSkippedChar
2021-11-19T10:23:44,927|[TRACE] script - #out(`_`) [token]
2021-11-19T10:23:44,927|[TRACE] graph - <------- nonSkippedChar
2021-11-19T10:23:44,927|[TRACE] graph - <----- statementPart
2021-11-19T10:23:44,927|[TRACE] graph - -----> statementPart
2021-11-19T10:23:44,927|[TRACE] graph - -------> nonSkippedChar
2021-11-19T10:23:44,927|[TRACE] script - #out(`I`) [token]
2021-11-19T10:23:44,927|[TRACE] graph - <------- nonSkippedChar
2021-11-19T10:23:44,927|[TRACE] graph - <----- statementPart
2021-11-19T10:23:44,927|[TRACE] graph - -----> statementPart
2021-11-19T10:23:44,927|[TRACE] graph - -------> nonSkippedChar
2021-11-19T10:23:44,927|[TRACE] script - #out(`N`) [token]
2021-11-19T10:23:44,927|[TRACE] graph - <------- nonSkippedChar
2021-11-19T10:23:44,927|[TRACE] graph - <----- statementPart
2021-11-19T10:23:44,927|[TRACE] graph - -----> statementPart
2021-11-19T10:23:44,927|[TRACE] graph - -------> nonSkippedChar
2021-11-19T10:23:44,927|[TRACE] script - #out(`C`) [token]
2021-11-19T10:23:44,927|[TRACE] graph - <------- nonSkippedChar
2021-11-19T10:23:44,927|[TRACE] graph - <----- statementPart
2021-11-19T10:23:44,927|[TRACE] graph - -----> statementPart
2021-11-19T10:23:44,927|[TRACE] graph - -------> nonSkippedChar
2021-11-19T10:23:44,927|[TRACE] script - #out(`R`) [token]
2021-11-19T10:23:44,927|[TRACE] graph - <------- nonSkippedChar
2021-11-19T10:23:44,927|[TRACE] graph - <----- statementPart
2021-11-19T10:23:44,927|[TRACE] graph - -----> statementPart
2021-11-19T10:23:44,927|[TRACE] graph - -------> nonSkippedChar
2021-11-19T10:23:44,927|[TRACE] script - #out(`E`) [token]
2021-11-19T10:23:44,927|[TRACE] graph - <------- nonSkippedChar
2021-11-19T10:23:44,927|[TRACE] graph - <----- statementPart
2021-11-19T10:23:44,927|[TRACE] graph - -----> statementPart
2021-11-19T10:23:44,927|[TRACE] graph - -------> nonSkippedChar
2021-11-19T10:23:44,927|[TRACE] script - #out(`M`) [token]
2021-11-19T10:23:44,927|[TRACE] graph - <------- nonSkippedChar
2021-11-19T10:23:44,927|[TRACE] graph - <----- statementPart
2021-11-19T10:23:44,927|[TRACE] graph - -----> statementPart
2021-11-19T10:23:44,927|[TRACE] graph - -------> nonSkippedChar
2021-11-19T10:23:44,927|[TRACE] script - #out(`E`) [token]
2021-11-19T10:23:44,927|[TRACE] graph - <------- nonSkippedChar
2021-11-19T10:23:44,927|[TRACE] graph - <----- statementPart
2021-11-19T10:23:44,927|[TRACE] graph - -----> statementPart
2021-11-19T10:23:44,927|[TRACE] graph - -------> nonSkippedChar
2021-11-19T10:23:44,927|[TRACE] script - #out(`N`) [token]
2021-11-19T10:23:44,927|[TRACE] graph - <------- nonSkippedChar
2021-11-19T10:23:44,927|[TRACE] graph - <----- statementPart
2021-11-19T10:23:44,927|[TRACE] graph - -----> statementPart
2021-11-19T10:23:44,927|[TRACE] graph - -------> nonSkippedChar
2021-11-19T10:23:44,927|[TRACE] script - #out(`T`) [token]
2021-11-19T10:23:44,927|[TRACE] graph - <------- nonSkippedChar
2021-11-19T10:23:44,927|[TRACE] graph - <----- statementPart
2021-11-19T10:23:44,927|[TRACE] graph - -----> statementPart
2021-11-19T10:23:44,927|[TRACE] graph - -------> nonSkippedChar
2021-11-19T10:23:44,927|[TRACE] script - #out(`,`) [token]
2021-11-19T10:23:44,927|[TRACE] graph - <------- nonSkippedChar
2021-11-19T10:23:44,927|[TRACE] graph - <----- statementPart
2021-11-19T10:23:44,927|[TRACE] graph - -----> afterStatementPartNewline
2021-11-19T10:23:44,927|[TRACE] script - #out(` `) [text]
2021-11-19T10:23:44,927|[TRACE] graph - <----- afterStatementPartNewline
2021-11-19T10:23:44,927|[TRACE] graph - -----> statementPart
2021-11-19T10:23:44,927|[TRACE] graph - -------> nonSkippedSpace
2021-11-19T10:23:44,927|[TRACE] script - #out(` `) [token]
2021-11-19T10:23:44,927|[TRACE] graph - <------- nonSkippedSpace
2021-11-19T10:23:44,927|[TRACE] graph - <----- statementPart
2021-11-19T10:23:44,927|[TRACE] graph - -----> statementPart
2021-11-19T10:23:44,927|[TRACE] graph - -------> nonSkippedSpace
2021-11-19T10:23:44,927|[TRACE] script - #out(` `) [token]
2021-11-19T10:23:44,927|[TRACE] graph - <------- nonSkippedSpace
2021-11-19T10:23:44,927|[TRACE] graph - <----- statementPart
2021-11-19T10:23:44,927|[TRACE] graph - -----> statementPart
2021-11-19T10:23:44,927|[TRACE] graph - -------> quotedString
2021-11-19T10:23:44,927|[TRACE] script - #out(``first_name``) [token]
2021-11-19T10:23:44,927|[TRACE] graph - <------- quotedString
2021-11-19T10:23:44,927|[TRACE] graph - <----- statementPart
2021-11-19T10:23:44,927|[TRACE] graph - -----> statementPart
2021-11-19T10:23:44,927|[TRACE] graph - -------> nonSkippedSpace
2021-11-19T10:23:44,927|[TRACE] script - #out(` `) [token]
2021-11-19T10:23:44,927|[TRACE] graph - <------- nonSkippedSpace
2021-11-19T10:23:44,927|[TRACE] graph - <----- statementPart
2021-11-19T10:23:44,927|[TRACE] graph - -----> statementPart
2021-11-19T10:23:44,927|[TRACE] graph - -------> nonSkippedChar
2021-11-19T10:23:44,928|[TRACE] script - #out(`V`) [token]
2021-11-19T10:23:44,928|[TRACE] graph - <------- nonSkippedChar
2021-11-19T10:23:44,928|[TRACE] graph - <----- statementPart
2021-11-19T10:23:44,928|[TRACE] graph - -----> statementPart
2021-11-19T10:23:44,928|[TRACE] graph - -------> nonSkippedChar
2021-11-19T10:23:44,928|[TRACE] script - #out(`A`) [token]
2021-11-19T10:23:44,928|[TRACE] graph - <------- nonSkippedChar
2021-11-19T10:23:44,928|[TRACE] graph - <----- statementPart
2021-11-19T10:23:44,928|[TRACE] graph - -----> statementPart
2021-11-19T10:23:44,928|[TRACE] graph - -------> nonSkippedChar
2021-11-19T10:23:44,928|[TRACE] script - #out(`R`) [token]
2021-11-19T10:23:44,928|[TRACE] graph - <------- nonSkippedChar
2021-11-19T10:23:44,928|[TRACE] graph - <----- statementPart
2021-11-19T10:23:44,928|[TRACE] graph - -----> statementPart
2021-11-19T10:23:44,928|[TRACE] graph - -------> nonSkippedChar
2021-11-19T10:23:44,928|[TRACE] script - #out(`C`) [token]
2021-11-19T10:23:44,928|[TRACE] graph - <------- nonSkippedChar
2021-11-19T10:23:44,928|[TRACE] graph - <----- statementPart
2021-11-19T10:23:44,928|[TRACE] graph - -----> statementPart
2021-11-19T10:23:44,928|[TRACE] graph - -------> nonSkippedChar
2021-11-19T10:23:44,928|[TRACE] script - #out(`H`) [token]
2021-11-19T10:23:44,928|[TRACE] graph - <------- nonSkippedChar
2021-11-19T10:23:44,928|[TRACE] graph - <----- statementPart
2021-11-19T10:23:44,928|[TRACE] graph - -----> statementPart
2021-11-19T10:23:44,928|[TRACE] graph - -------> nonSkippedChar
2021-11-19T10:23:44,928|[TRACE] script - #out(`A`) [token]
2021-11-19T10:23:44,928|[TRACE] graph - <------- nonSkippedChar
2021-11-19T10:23:44,928|[TRACE] graph - <----- statementPart
2021-11-19T10:23:44,928|[TRACE] graph - -----> statementPart
2021-11-19T10:23:44,928|[TRACE] graph - -------> nonSkippedChar
2021-11-19T10:23:44,928|[TRACE] script - #out(`R`) [token]
2021-11-19T10:23:44,928|[TRACE] graph - <------- nonSkippedChar
2021-11-19T10:23:44,928|[TRACE] graph - <----- statementPart
2021-11-19T10:23:44,928|[TRACE] graph - -----> statementPart
2021-11-19T10:23:44,928|[TRACE] graph - -------> nonSkippedChar
2021-11-19T10:23:44,928|[TRACE] script - #out(`(`) [token]
2021-11-19T10:23:44,928|[TRACE] graph - <------- nonSkippedChar
2021-11-19T10:23:44,928|[TRACE] graph - <----- statementPart
2021-11-19T10:23:44,928|[TRACE] graph - -----> statementPart
2021-11-19T10:23:44,928|[TRACE] graph - -------> nonSkippedChar
2021-11-19T10:23:44,928|[TRACE] script - #out(`5`) [token]
2021-11-19T10:23:44,928|[TRACE] graph - <------- nonSkippedChar
2021-11-19T10:23:44,928|[TRACE] graph - <----- statementPart
2021-11-19T10:23:44,928|[TRACE] graph - -----> statementPart
2021-11-19T10:23:44,928|[TRACE] graph - -------> nonSkippedChar
2021-11-19T10:23:44,928|[TRACE] script - #out(`0`) [token]
2021-11-19T10:23:44,928|[TRACE] graph - <------- nonSkippedChar
2021-11-19T10:23:44,928|[TRACE] graph - <----- statementPart
2021-11-19T10:23:44,928|[TRACE] graph - -----> statementPart
2021-11-19T10:23:44,928|[TRACE] graph - -------> nonSkippedChar
2021-11-19T10:23:44,928|[TRACE] script - #out(`)`) [token]
2021-11-19T10:23:44,928|[TRACE] graph - <------- nonSkippedChar
2021-11-19T10:23:44,928|[TRACE] graph - <----- statementPart
2021-11-19T10:23:44,928|[TRACE] graph - -----> statementPart
2021-11-19T10:23:44,928|[TRACE] graph - -------> nonSkippedSpace
2021-11-19T10:23:44,928|[TRACE] script - #out(` `) [token]
2021-11-19T10:23:44,928|[TRACE] graph - <------- nonSkippedSpace
2021-11-19T10:23:44,928|[TRACE] graph - <----- statementPart
2021-11-19T10:23:44,928|[TRACE] graph - -----> statementPart
2021-11-19T10:23:44,928|[TRACE] graph - -------> nonSkippedChar
2021-11-19T10:23:44,928|[TRACE] script - #out(`N`) [token]
2021-11-19T10:23:44,928|[TRACE] graph - <------- nonSkippedChar
2021-11-19T10:23:44,928|[TRACE] graph - <----- statementPart
2021-11-19T10:23:44,928|[TRACE] graph - -----> statementPart
2021-11-19T10:23:44,928|[TRACE] graph - -------> nonSkippedChar
2021-11-19T10:23:44,928|[TRACE] script - #out(`O`) [token]
2021-11-19T10:23:44,928|[TRACE] graph - <------- nonSkippedChar
2021-11-19T10:23:44,928|[TRACE] graph - <----- statementPart
2021-11-19T10:23:44,928|[TRACE] graph - -----> statementPart
2021-11-19T10:23:44,928|[TRACE] graph - -------> nonSkippedChar
2021-11-19T10:23:44,928|[TRACE] script - #out(`T`) [token]
2021-11-19T10:23:44,928|[TRACE] graph - <------- nonSkippedChar
2021-11-19T10:23:44,928|[TRACE] graph - <----- statementPart
2021-11-19T10:23:44,928|[TRACE] graph - -----> statementPart
2021-11-19T10:23:44,928|[TRACE] graph - -------> nonSkippedSpace
2021-11-19T10:23:44,928|[TRACE] script - #out(` `) [token]
2021-11-19T10:23:44,928|[TRACE] graph - <------- nonSkippedSpace
2021-11-19T10:23:44,928|[TRACE] graph - <----- statementPart
2021-11-19T10:23:44,928|[TRACE] graph - -----> statementPart
2021-11-19T10:23:44,928|[TRACE] graph - -------> nonSkippedChar
2021-11-19T10:23:44,928|[TRACE] script - #out(`N`) [token]
2021-11-19T10:23:44,928|[TRACE] graph - <------- nonSkippedChar
2021-11-19T10:23:44,928|[TRACE] graph - <----- statementPart
2021-11-19T10:23:44,928|[TRACE] graph - -----> statementPart
2021-11-19T10:23:44,928|[TRACE] graph - -------> nonSkippedChar
2021-11-19T10:23:44,928|[TRACE] script - #out(`U`) [token]
2021-11-19T10:23:44,928|[TRACE] graph - <------- nonSkippedChar
2021-11-19T10:23:44,928|[TRACE] graph - <----- statementPart
2021-11-19T10:23:44,928|[TRACE] graph - -----> statementPart
2021-11-19T10:23:44,928|[TRACE] graph - -------> nonSkippedChar
2021-11-19T10:23:44,928|[TRACE] script - #out(`L`) [token]
2021-11-19T10:23:44,928|[TRACE] graph - <------- nonSkippedChar
2021-11-19T10:23:44,928|[TRACE] graph - <----- statementPart
2021-11-19T10:23:44,928|[TRACE] graph - -----> statementPart
2021-11-19T10:23:44,928|[TRACE] graph - -------> nonSkippedChar
2021-11-19T10:23:44,928|[TRACE] script - #out(`L`) [token]
2021-11-19T10:23:44,928|[TRACE] graph - <------- nonSkippedChar
2021-11-19T10:23:44,928|[TRACE] graph - <----- statementPart
2021-11-19T10:23:44,928|[TRACE] graph - -----> statementPart
2021-11-19T10:23:44,928|[TRACE] graph - -------> nonSkippedChar
2021-11-19T10:23:44,928|[TRACE] script - #out(`,`) [token]
2021-11-19T10:23:44,928|[TRACE] graph - <------- nonSkippedChar
2021-11-19T10:23:44,928|[TRACE] graph - <----- statementPart
2021-11-19T10:23:44,928|[TRACE] graph - -----> afterStatementPartNewline
2021-11-19T10:23:44,928|[TRACE] script - #out(` `) [text]
2021-11-19T10:23:44,928|[TRACE] graph - <----- afterStatementPartNewline
2021-11-19T10:23:44,928|[TRACE] graph - -----> statementPart
2021-11-19T10:23:44,928|[TRACE] graph - -------> nonSkippedSpace
2021-11-19T10:23:44,928|[TRACE] script - #out(` `) [token]
2021-11-19T10:23:44,928|[TRACE] graph - <------- nonSkippedSpace
2021-11-19T10:23:44,928|[TRACE] graph - <----- statementPart
2021-11-19T10:23:44,928|[TRACE] graph - -----> statementPart
2021-11-19T10:23:44,928|[TRACE] graph - -------> nonSkippedSpace
2021-11-19T10:23:44,928|[TRACE] script - #out(` `) [token]
2021-11-19T10:23:44,928|[TRACE] graph - <------- nonSkippedSpace
2021-11-19T10:23:44,928|[TRACE] graph - <----- statementPart
2021-11-19T10:23:44,928|[TRACE] graph - -----> statementPart
2021-11-19T10:23:44,928|[TRACE] graph - -------> quotedString
2021-11-19T10:23:44,928|[TRACE] script - #out(``last_name``) [token]
2021-11-19T10:23:44,928|[TRACE] graph - <------- quotedString
2021-11-19T10:23:44,928|[TRACE] graph - <----- statementPart
2021-11-19T10:23:44,928|[TRACE] graph - -----> statementPart
2021-11-19T10:23:44,928|[TRACE] graph - -------> nonSkippedSpace
2021-11-19T10:23:44,928|[TRACE] script - #out(` `) [token]
2021-11-19T10:23:44,928|[TRACE] graph - <------- nonSkippedSpace
2021-11-19T10:23:44,928|[TRACE] graph - <----- statementPart
2021-11-19T10:23:44,928|[TRACE] graph - -----> statementPart
2021-11-19T10:23:44,928|[TRACE] graph - -------> nonSkippedChar
2021-11-19T10:23:44,928|[TRACE] script - #out(`V`) [token]
2021-11-19T10:23:44,928|[TRACE] graph - <------- nonSkippedChar
2021-11-19T10:23:44,928|[TRACE] graph - <----- statementPart
2021-11-19T10:23:44,928|[TRACE] graph - -----> statementPart
2021-11-19T10:23:44,928|[TRACE] graph - -------> nonSkippedChar
2021-11-19T10:23:44,929|[TRACE] script - #out(`A`) [token]
2021-11-19T10:23:44,929|[TRACE] graph - <------- nonSkippedChar
2021-11-19T10:23:44,929|[TRACE] graph - <----- statementPart
2021-11-19T10:23:44,929|[TRACE] graph - -----> statementPart
2021-11-19T10:23:44,929|[TRACE] graph - -------> nonSkippedChar
2021-11-19T10:23:44,929|[TRACE] script - #out(`R`) [token]
2021-11-19T10:23:44,929|[TRACE] graph - <------- nonSkippedChar
2021-11-19T10:23:44,929|[TRACE] graph - <----- statementPart
2021-11-19T10:23:44,929|[TRACE] graph - -----> statementPart
2021-11-19T10:23:44,929|[TRACE] graph - -------> nonSkippedChar
2021-11-19T10:23:44,929|[TRACE] script - #out(`C`) [token]
2021-11-19T10:23:44,929|[TRACE] graph - <------- nonSkippedChar
2021-11-19T10:23:44,929|[TRACE] graph - <----- statementPart
2021-11-19T10:23:44,929|[TRACE] graph - -----> statementPart
2021-11-19T10:23:44,929|[TRACE] graph - -------> nonSkippedChar
2021-11-19T10:23:44,929|[TRACE] script - #out(`H`) [token]
2021-11-19T10:23:44,929|[TRACE] graph - <------- nonSkippedChar
2021-11-19T10:23:44,929|[TRACE] graph - <----- statementPart
2021-11-19T10:23:44,929|[TRACE] graph - -----> statementPart
2021-11-19T10:23:44,929|[TRACE] graph - -------> nonSkippedChar
2021-11-19T10:23:44,929|[TRACE] script - #out(`A`) [token]
2021-11-19T10:23:44,929|[TRACE] graph - <------- nonSkippedChar
2021-11-19T10:23:44,929|[TRACE] graph - <----- statementPart
2021-11-19T10:23:44,929|[TRACE] graph - -----> statementPart
2021-11-19T10:23:44,929|[TRACE] graph - -------> nonSkippedChar
2021-11-19T10:23:44,929|[TRACE] script - #out(`R`) [token]
2021-11-19T10:23:44,929|[TRACE] graph - <------- nonSkippedChar
2021-11-19T10:23:44,929|[TRACE] graph - <----- statementPart
2021-11-19T10:23:44,929|[TRACE] graph - -----> statementPart
2021-11-19T10:23:44,929|[TRACE] graph - -------> nonSkippedChar
2021-11-19T10:23:44,929|[TRACE] script - #out(`(`) [token]
2021-11-19T10:23:44,929|[TRACE] graph - <------- nonSkippedChar
2021-11-19T10:23:44,929|[TRACE] graph - <----- statementPart
2021-11-19T10:23:44,929|[TRACE] graph - -----> statementPart
2021-11-19T10:23:44,929|[TRACE] graph - -------> nonSkippedChar
2021-11-19T10:23:44,929|[TRACE] script - #out(`5`) [token]
2021-11-19T10:23:44,929|[TRACE] graph - <------- nonSkippedChar
2021-11-19T10:23:44,929|[TRACE] graph - <----- statementPart
2021-11-19T10:23:44,929|[TRACE] graph - -----> statementPart
2021-11-19T10:23:44,929|[TRACE] graph - -------> nonSkippedChar
2021-11-19T10:23:44,929|[TRACE] script - #out(`0`) [token]
2021-11-19T10:23:44,929|[TRACE] graph - <------- nonSkippedChar
2021-11-19T10:23:44,929|[TRACE] graph - <----- statementPart
2021-11-19T10:23:44,929|[TRACE] graph - -----> statementPart
2021-11-19T10:23:44,929|[TRACE] graph - -------> nonSkippedChar
2021-11-19T10:23:44,929|[TRACE] script - #out(`)`) [token]
2021-11-19T10:23:44,929|[TRACE] graph - <------- nonSkippedChar
2021-11-19T10:23:44,929|[TRACE] graph - <----- statementPart
2021-11-19T10:23:44,929|[TRACE] graph - -----> statementPart
2021-11-19T10:23:44,929|[TRACE] graph - -------> nonSkippedSpace
2021-11-19T10:23:44,929|[TRACE] script - #out(` `) [token]
2021-11-19T10:23:44,929|[TRACE] graph - <------- nonSkippedSpace
2021-11-19T10:23:44,929|[TRACE] graph - <----- statementPart
2021-11-19T10:23:44,929|[TRACE] graph - -----> statementPart
2021-11-19T10:23:44,929|[TRACE] graph - -------> nonSkippedChar
2021-11-19T10:23:44,929|[TRACE] script - #out(`N`) [token]
2021-11-19T10:23:44,929|[TRACE] graph - <------- nonSkippedChar
2021-11-19T10:23:44,929|[TRACE] graph - <----- statementPart
2021-11-19T10:23:44,929|[TRACE] graph - -----> statementPart
2021-11-19T10:23:44,929|[TRACE] graph - -------> nonSkippedChar
2021-11-19T10:23:44,929|[TRACE] script - #out(`O`) [token]
2021-11-19T10:23:44,929|[TRACE] graph - <------- nonSkippedChar
2021-11-19T10:23:44,929|[TRACE] graph - <----- statementPart
2021-11-19T10:23:44,929|[TRACE] graph - -----> statementPart
2021-11-19T10:23:44,929|[TRACE] graph - -------> nonSkippedChar
2021-11-19T10:23:44,929|[TRACE] script - #out(`T`) [token]
2021-11-19T10:23:44,929|[TRACE] graph - <------- nonSkippedChar
2021-11-19T10:23:44,929|[TRACE] graph - <----- statementPart
2021-11-19T10:23:44,929|[TRACE] graph - -----> statementPart
2021-11-19T10:23:44,929|[TRACE] graph - -------> nonSkippedSpace
2021-11-19T10:23:44,929|[TRACE] script - #out(` `) [token]
2021-11-19T10:23:44,929|[TRACE] graph - <------- nonSkippedSpace
2021-11-19T10:23:44,929|[TRACE] graph - <----- statementPart
2021-11-19T10:23:44,929|[TRACE] graph - -----> statementPart
2021-11-19T10:23:44,929|[TRACE] graph - -------> nonSkippedChar
2021-11-19T10:23:44,929|[TRACE] script - #out(`N`) [token]
2021-11-19T10:23:44,929|[TRACE] graph - <------- nonSkippedChar
2021-11-19T10:23:44,929|[TRACE] graph - <----- statementPart
2021-11-19T10:23:44,929|[TRACE] graph - -----> statementPart
2021-11-19T10:23:44,929|[TRACE] graph - -------> nonSkippedChar
2021-11-19T10:23:44,929|[TRACE] script - #out(`U`) [token]
2021-11-19T10:23:44,929|[TRACE] graph - <------- nonSkippedChar
2021-11-19T10:23:44,929|[TRACE] graph - <----- statementPart
2021-11-19T10:23:44,929|[TRACE] graph - -----> statementPart
2021-11-19T10:23:44,929|[TRACE] graph - -------> nonSkippedChar
2021-11-19T10:23:44,929|[TRACE] script - #out(`L`) [token]
2021-11-19T10:23:44,929|[TRACE] graph - <------- nonSkippedChar
2021-11-19T10:23:44,929|[TRACE] graph - <----- statementPart
2021-11-19T10:23:44,929|[TRACE] graph - -----> statementPart
2021-11-19T10:23:44,929|[TRACE] graph - -------> nonSkippedChar
2021-11-19T10:23:44,929|[TRACE] script - #out(`L`) [token]
2021-11-19T10:23:44,929|[TRACE] graph - <------- nonSkippedChar
2021-11-19T10:23:44,929|[TRACE] graph - <----- statementPart
2021-11-19T10:23:44,929|[TRACE] graph - -----> statementPart
2021-11-19T10:23:44,929|[TRACE] graph - -------> nonSkippedChar
2021-11-19T10:23:44,929|[TRACE] script - #out(`,`) [token]
2021-11-19T10:23:44,929|[TRACE] graph - <------- nonSkippedChar
2021-11-19T10:23:44,929|[TRACE] graph - <----- statementPart
2021-11-19T10:23:44,929|[TRACE] graph - -----> afterStatementPartNewline
2021-11-19T10:23:44,929|[TRACE] script - #out(` `) [text]
2021-11-19T10:23:44,929|[TRACE] graph - <----- afterStatementPartNewline
2021-11-19T10:23:44,929|[TRACE] graph - -----> statementPart
2021-11-19T10:23:44,929|[TRACE] graph - -------> nonSkippedSpace
2021-11-19T10:23:44,929|[TRACE] script - #out(` `) [token]
2021-11-19T10:23:44,929|[TRACE] graph - <------- nonSkippedSpace
2021-11-19T10:23:44,929|[TRACE] graph - <----- statementPart
2021-11-19T10:23:44,929|[TRACE] graph - -----> statementPart
2021-11-19T10:23:44,929|[TRACE] graph - -------> nonSkippedSpace
2021-11-19T10:23:44,929|[TRACE] script - #out(` `) [token]
2021-11-19T10:23:44,929|[TRACE] graph - <------- nonSkippedSpace
2021-11-19T10:23:44,929|[TRACE] graph - <----- statementPart
2021-11-19T10:23:44,929|[TRACE] graph - -----> statementPart
2021-11-19T10:23:44,929|[TRACE] graph - -------> quotedString
2021-11-19T10:23:44,929|[TRACE] script - #out(``created``) [token]
2021-11-19T10:23:44,929|[TRACE] graph - <------- quotedString
2021-11-19T10:23:44,929|[TRACE] graph - <----- statementPart
2021-11-19T10:23:44,929|[TRACE] graph - -----> statementPart
2021-11-19T10:23:44,929|[TRACE] graph - -------> nonSkippedSpace
2021-11-19T10:23:44,929|[TRACE] script - #out(` `) [token]
2021-11-19T10:23:44,929|[TRACE] graph - <------- nonSkippedSpace
2021-11-19T10:23:44,929|[TRACE] graph - <----- statementPart
2021-11-19T10:23:44,929|[TRACE] graph - -----> statementPart
2021-11-19T10:23:44,929|[TRACE] graph - -------> nonSkippedChar
2021-11-19T10:23:44,929|[TRACE] script - #out(`B`) [token]
2021-11-19T10:23:44,929|[TRACE] graph - <------- nonSkippedChar
2021-11-19T10:23:44,929|[TRACE] graph - <----- statementPart
2021-11-19T10:23:44,929|[TRACE] graph - -----> statementPart
2021-11-19T10:23:44,929|[TRACE] graph - -------> nonSkippedChar
2021-11-19T10:23:44,929|[TRACE] script - #out(`I`) [token]
2021-11-19T10:23:44,929|[TRACE] graph - <------- nonSkippedChar
2021-11-19T10:23:44,929|[TRACE] graph - <----- statementPart
2021-11-19T10:23:44,929|[TRACE] graph - -----> statementPart
2021-11-19T10:23:44,929|[TRACE] graph - -------> nonSkippedChar
2021-11-19T10:23:44,929|[TRACE] script - #out(`G`) [token]
2021-11-19T10:23:44,929|[TRACE] graph - <------- nonSkippedChar
2021-11-19T10:23:44,930|[TRACE] graph - <----- statementPart
2021-11-19T10:23:44,930|[TRACE] graph - -----> statementPart
2021-11-19T10:23:44,930|[TRACE] graph - -------> nonSkippedChar
2021-11-19T10:23:44,930|[TRACE] script - #out(`I`) [token]
2021-11-19T10:23:44,930|[TRACE] graph - <------- nonSkippedChar
2021-11-19T10:23:44,930|[TRACE] graph - <----- statementPart
2021-11-19T10:23:44,930|[TRACE] graph - -----> statementPart
2021-11-19T10:23:44,930|[TRACE] graph - -------> nonSkippedChar
2021-11-19T10:23:44,930|[TRACE] script - #out(`N`) [token]
2021-11-19T10:23:44,930|[TRACE] graph - <------- nonSkippedChar
2021-11-19T10:23:44,930|[TRACE] graph - <----- statementPart
2021-11-19T10:23:44,930|[TRACE] graph - -----> statementPart
2021-11-19T10:23:44,930|[TRACE] graph - -------> nonSkippedChar
2021-11-19T10:23:44,930|[TRACE] script - #out(`T`) [token]
2021-11-19T10:23:44,930|[TRACE] graph - <------- nonSkippedChar
2021-11-19T10:23:44,930|[TRACE] graph - <----- statementPart
2021-11-19T10:23:44,930|[TRACE] graph - -----> statementPart
2021-11-19T10:23:44,930|[TRACE] graph - -------> nonSkippedSpace
2021-11-19T10:23:44,930|[TRACE] script - #out(` `) [token]
2021-11-19T10:23:44,930|[TRACE] graph - <------- nonSkippedSpace
2021-11-19T10:23:44,930|[TRACE] graph - <----- statementPart
2021-11-19T10:23:44,930|[TRACE] graph - -----> statementPart
2021-11-19T10:23:44,930|[TRACE] graph - -------> nonSkippedChar
2021-11-19T10:23:44,930|[TRACE] script - #out(`N`) [token]
2021-11-19T10:23:44,930|[TRACE] graph - <------- nonSkippedChar
2021-11-19T10:23:44,930|[TRACE] graph - <----- statementPart
2021-11-19T10:23:44,930|[TRACE] graph - -----> statementPart
2021-11-19T10:23:44,930|[TRACE] graph - -------> nonSkippedChar
2021-11-19T10:23:44,930|[TRACE] script - #out(`O`) [token]
2021-11-19T10:23:44,930|[TRACE] graph - <------- nonSkippedChar
2021-11-19T10:23:44,930|[TRACE] graph - <----- statementPart
2021-11-19T10:23:44,930|[TRACE] graph - -----> statementPart
2021-11-19T10:23:44,930|[TRACE] graph - -------> nonSkippedChar
2021-11-19T10:23:44,930|[TRACE] script - #out(`T`) [token]
2021-11-19T10:23:44,930|[TRACE] graph - <------- nonSkippedChar
2021-11-19T10:23:44,930|[TRACE] graph - <----- statementPart
2021-11-19T10:23:44,930|[TRACE] graph - -----> statementPart
2021-11-19T10:23:44,930|[TRACE] graph - -------> nonSkippedSpace
2021-11-19T10:23:44,930|[TRACE] script - #out(` `) [token]
2021-11-19T10:23:44,930|[TRACE] graph - <------- nonSkippedSpace
2021-11-19T10:23:44,988|[TRACE] graph - <----- statementPart
2021-11-19T10:23:44,988|[TRACE] graph - -----> statementPart
2021-11-19T10:23:44,988|[TRACE] graph - -------> nonSkippedChar
2021-11-19T10:23:44,988|[TRACE] script - #out(`N`) [token]
2021-11-19T10:23:44,988|[TRACE] graph - <------- nonSkippedChar
2021-11-19T10:23:44,988|[TRACE] graph - <----- statementPart
2021-11-19T10:23:44,988|[TRACE] graph - -----> statementPart
2021-11-19T10:23:44,988|[TRACE] graph - -------> nonSkippedChar
2021-11-19T10:23:44,988|[TRACE] script - #out(`U`) [token]
2021-11-19T10:23:44,988|[TRACE] graph - <------- nonSkippedChar
2021-11-19T10:23:44,989|[TRACE] graph - <----- statementPart
2021-11-19T10:23:44,989|[TRACE] graph - -----> statementPart
2021-11-19T10:23:44,989|[TRACE] graph - -------> nonSkippedChar
2021-11-19T10:23:44,989|[TRACE] script - #out(`L`) [token]
2021-11-19T10:23:44,989|[TRACE] graph - <------- nonSkippedChar
2021-11-19T10:23:44,989|[TRACE] graph - <----- statementPart
2021-11-19T10:23:44,989|[TRACE] graph - -----> statementPart
2021-11-19T10:23:44,989|[TRACE] graph - -------> nonSkippedChar
2021-11-19T10:23:44,989|[TRACE] script - #out(`L`) [token]
2021-11-19T10:23:44,989|[TRACE] graph - <------- nonSkippedChar
2021-11-19T10:23:44,989|[TRACE] graph - <----- statementPart
2021-11-19T10:23:44,989|[TRACE] graph - -----> statementPart
2021-11-19T10:23:44,989|[TRACE] graph - -------> nonSkippedSpace
2021-11-19T10:23:44,989|[TRACE] script - #out(` `) [token]
2021-11-19T10:23:44,989|[TRACE] graph - <------- nonSkippedSpace
2021-11-19T10:23:44,989|[TRACE] graph - <----- statementPart
2021-11-19T10:23:44,989|[TRACE] graph - -----> statementPart
2021-11-19T10:23:44,989|[TRACE] graph - -------> nonSkippedChar
2021-11-19T10:23:44,989|[TRACE] script - #out(`D`) [token]
2021-11-19T10:23:44,989|[TRACE] graph - <------- nonSkippedChar
2021-11-19T10:23:44,989|[TRACE] graph - <----- statementPart
2021-11-19T10:23:44,989|[TRACE] graph - -----> statementPart
2021-11-19T10:23:44,989|[TRACE] graph - -------> nonSkippedChar
2021-11-19T10:23:44,989|[TRACE] script - #out(`E`) [token]
2021-11-19T10:23:44,989|[TRACE] graph - <------- nonSkippedChar
2021-11-19T10:23:44,989|[TRACE] graph - <----- statementPart
2021-11-19T10:23:44,989|[TRACE] graph - -----> statementPart
2021-11-19T10:23:44,989|[TRACE] graph - -------> nonSkippedChar
2021-11-19T10:23:44,989|[TRACE] script - #out(`F`) [token]
2021-11-19T10:23:44,989|[TRACE] graph - <------- nonSkippedChar
2021-11-19T10:23:44,989|[TRACE] graph - <----- statementPart
2021-11-19T10:23:44,989|[TRACE] graph - -----> statementPart
2021-11-19T10:23:44,989|[TRACE] graph - -------> nonSkippedChar
2021-11-19T10:23:44,989|[TRACE] script - #out(`A`) [token]
2021-11-19T10:23:44,989|[TRACE] graph - <------- nonSkippedChar
2021-11-19T10:23:44,989|[TRACE] graph - <----- statementPart
2021-11-19T10:23:44,989|[TRACE] graph - -----> statementPart
2021-11-19T10:23:44,989|[TRACE] graph - -------> nonSkippedChar
2021-11-19T10:23:44,989|[TRACE] script - #out(`U`) [token]
2021-11-19T10:23:44,989|[TRACE] graph - <------- nonSkippedChar
2021-11-19T10:23:44,989|[TRACE] graph - <----- statementPart
2021-11-19T10:23:44,989|[TRACE] graph - -----> statementPart
2021-11-19T10:23:44,989|[TRACE] graph - -------> nonSkippedChar
2021-11-19T10:23:44,989|[TRACE] script - #out(`L`) [token]
2021-11-19T10:23:44,989|[TRACE] graph - <------- nonSkippedChar
2021-11-19T10:23:44,989|[TRACE] graph - <----- statementPart
2021-11-19T10:23:44,989|[TRACE] graph - -----> statementPart
2021-11-19T10:23:44,989|[TRACE] graph - -------> nonSkippedChar
2021-11-19T10:23:44,989|[TRACE] script - #out(`T`) [token]
2021-11-19T10:23:44,989|[TRACE] graph - <------- nonSkippedChar
2021-11-19T10:23:44,989|[TRACE] graph - <----- statementPart
2021-11-19T10:23:44,989|[TRACE] graph - -----> statementPart
2021-11-19T10:23:44,989|[TRACE] graph - -------> nonSkippedSpace
2021-11-19T10:23:44,989|[TRACE] script - #out(` `) [token]
2021-11-19T10:23:44,989|[TRACE] graph - <------- nonSkippedSpace
2021-11-19T10:23:44,989|[TRACE] graph - <----- statementPart
2021-11-19T10:23:44,989|[TRACE] graph - -----> statementPart
2021-11-19T10:23:44,989|[TRACE] graph - -------> nonSkippedChar
2021-11-19T10:23:44,989|[TRACE] script - #out(`(`) [token]
2021-11-19T10:23:44,989|[TRACE] graph - <------- nonSkippedChar
2021-11-19T10:23:44,989|[TRACE] graph - <----- statementPart
2021-11-19T10:23:44,989|[TRACE] graph - -----> statementPart
2021-11-19T10:23:44,989|[TRACE] graph - -------> nonSkippedChar
2021-11-19T10:23:44,989|[TRACE] script - #out(`u`) [token]
2021-11-19T10:23:44,989|[TRACE] graph - <------- nonSkippedChar
2021-11-19T10:23:44,989|[TRACE] graph - <----- statementPart
2021-11-19T10:23:44,989|[TRACE] graph - -----> statementPart
2021-11-19T10:23:44,989|[TRACE] graph - -------> nonSkippedChar
2021-11-19T10:23:44,989|[TRACE] script - #out(`n`) [token]
2021-11-19T10:23:44,989|[TRACE] graph - <------- nonSkippedChar
2021-11-19T10:23:44,989|[TRACE] graph - <----- statementPart
2021-11-19T10:23:44,989|[TRACE] graph - -----> statementPart
2021-11-19T10:23:44,989|[TRACE] graph - -------> nonSkippedChar
2021-11-19T10:23:44,989|[TRACE] script - #out(`i`) [token]
2021-11-19T10:23:44,989|[TRACE] graph - <------- nonSkippedChar
2021-11-19T10:23:44,989|[TRACE] graph - <----- statementPart
2021-11-19T10:23:44,989|[TRACE] graph - -----> statementPart
2021-11-19T10:23:44,989|[TRACE] graph - -------> nonSkippedChar
2021-11-19T10:23:44,989|[TRACE] script - #out(`x`) [token]
2021-11-19T10:23:44,989|[TRACE] graph - <------- nonSkippedChar
2021-11-19T10:23:44,989|[TRACE] graph - <----- statementPart
2021-11-19T10:23:44,989|[TRACE] graph - -----> statementPart
2021-11-19T10:23:44,989|[TRACE] graph - -------> nonSkippedChar
2021-11-19T10:23:44,989|[TRACE] script - #out(`_`) [token]
2021-11-19T10:23:44,989|[TRACE] graph - <------- nonSkippedChar
2021-11-19T10:23:44,989|[TRACE] graph - <----- statementPart
2021-11-19T10:23:44,989|[TRACE] graph - -----> statementPart
2021-11-19T10:23:44,989|[TRACE] graph - -------> nonSkippedChar
2021-11-19T10:23:44,989|[TRACE] script - #out(`t`) [token]
2021-11-19T10:23:44,989|[TRACE] graph - <------- nonSkippedChar
2021-11-19T10:23:44,989|[TRACE] graph - <----- statementPart
2021-11-19T10:23:44,989|[TRACE] graph - -----> statementPart
2021-11-19T10:23:44,989|[TRACE] graph - -------> nonSkippedChar
2021-11-19T10:23:44,989|[TRACE] script - #out(`i`) [token]
2021-11-19T10:23:44,989|[TRACE] graph - <------- nonSkippedChar
2021-11-19T10:23:44,989|[TRACE] graph - <----- statementPart
2021-11-19T10:23:44,989|[TRACE] graph - -----> statementPart
2021-11-19T10:23:44,989|[TRACE] graph - -------> nonSkippedChar
2021-11-19T10:23:44,989|[TRACE] script - #out(`m`) [token]
2021-11-19T10:23:44,989|[TRACE] graph - <------- nonSkippedChar
2021-11-19T10:23:44,989|[TRACE] graph - <----- statementPart
2021-11-19T10:23:44,989|[TRACE] graph - -----> statementPart
2021-11-19T10:23:44,989|[TRACE] graph - -------> nonSkippedChar
2021-11-19T10:23:44,989|[TRACE] script - #out(`e`) [token]
2021-11-19T10:23:44,989|[TRACE] graph - <------- nonSkippedChar
2021-11-19T10:23:44,989|[TRACE] graph - <----- statementPart
2021-11-19T10:23:44,989|[TRACE] graph - -----> statementPart
2021-11-19T10:23:44,989|[TRACE] graph - -------> nonSkippedChar
2021-11-19T10:23:44,989|[TRACE] script - #out(`s`) [token]
2021-11-19T10:23:44,989|[TRACE] graph - <------- nonSkippedChar
2021-11-19T10:23:44,989|[TRACE] graph - <----- statementPart
2021-11-19T10:23:44,989|[TRACE] graph - -----> statementPart
2021-11-19T10:23:44,989|[TRACE] graph - -------> nonSkippedChar
2021-11-19T10:23:44,989|[TRACE] script - #out(`t`) [token]
2021-11-19T10:23:44,989|[TRACE] graph - <------- nonSkippedChar
2021-11-19T10:23:44,989|[TRACE] graph - <----- statementPart
2021-11-19T10:23:44,989|[TRACE] graph - -----> statementPart
2021-11-19T10:23:44,989|[TRACE] graph - -------> nonSkippedChar
2021-11-19T10:23:44,989|[TRACE] script - #out(`a`) [token]
2021-11-19T10:23:44,989|[TRACE] graph - <------- nonSkippedChar
2021-11-19T10:23:44,989|[TRACE] graph - <----- statementPart
2021-11-19T10:23:44,989|[TRACE] graph - -----> statementPart
2021-11-19T10:23:44,989|[TRACE] graph - -------> nonSkippedChar
2021-11-19T10:23:44,989|[TRACE] script - #out(`m`) [token]
2021-11-19T10:23:44,989|[TRACE] graph - <------- nonSkippedChar
2021-11-19T10:23:44,989|[TRACE] graph - <----- statementPart
2021-11-19T10:23:44,989|[TRACE] graph - -----> statementPart
2021-11-19T10:23:44,989|[TRACE] graph - -------> nonSkippedChar
2021-11-19T10:23:44,989|[TRACE] script - #out(`p`) [token]
2021-11-19T10:23:44,989|[TRACE] graph - <------- nonSkippedChar
2021-11-19T10:23:44,989|[TRACE] graph - <----- statementPart
2021-11-19T10:23:44,989|[TRACE] graph - -----> statementPart
2021-11-19T10:23:44,989|[TRACE] graph - -------> nonSkippedChar
2021-11-19T10:23:44,989|[TRACE] script - #out(`(`) [token]
2021-11-19T10:23:44,989|[TRACE] graph - <------- nonSkippedChar
2021-11-19T10:23:44,989|[TRACE] graph - <----- statementPart
2021-11-19T10:23:44,990|[TRACE] graph - -----> statementPart
2021-11-19T10:23:44,990|[TRACE] graph - -------> nonSkippedChar
2021-11-19T10:23:44,990|[TRACE] script - #out(`n`) [token]
2021-11-19T10:23:44,990|[TRACE] graph - <------- nonSkippedChar
2021-11-19T10:23:44,990|[TRACE] graph - <----- statementPart
2021-11-19T10:23:44,990|[TRACE] graph - -----> statementPart
2021-11-19T10:23:44,990|[TRACE] graph - -------> nonSkippedChar
2021-11-19T10:23:44,990|[TRACE] script - #out(`o`) [token]
2021-11-19T10:23:44,990|[TRACE] graph - <------- nonSkippedChar
2021-11-19T10:23:44,990|[TRACE] graph - <----- statementPart
2021-11-19T10:23:44,990|[TRACE] graph - -----> statementPart
2021-11-19T10:23:44,990|[TRACE] graph - -------> nonSkippedChar
2021-11-19T10:23:44,990|[TRACE] script - #out(`w`) [token]
2021-11-19T10:23:44,990|[TRACE] graph - <------- nonSkippedChar
2021-11-19T10:23:44,990|[TRACE] graph - <----- statementPart
2021-11-19T10:23:44,990|[TRACE] graph - -----> statementPart
2021-11-19T10:23:44,990|[TRACE] graph - -------> nonSkippedChar
2021-11-19T10:23:44,990|[TRACE] script - #out(`(`) [token]
2021-11-19T10:23:44,990|[TRACE] graph - <------- nonSkippedChar
2021-11-19T10:23:44,990|[TRACE] graph - <----- statementPart
2021-11-19T10:23:44,990|[TRACE] graph - -----> statementPart
2021-11-19T10:23:44,990|[TRACE] graph - -------> nonSkippedChar
2021-11-19T10:23:44,990|[TRACE] script - #out(`)`) [token]
2021-11-19T10:23:44,990|[TRACE] graph - <------- nonSkippedChar
2021-11-19T10:23:44,990|[TRACE] graph - <----- statementPart
2021-11-19T10:23:44,990|[TRACE] graph - -----> statementPart
2021-11-19T10:23:44,990|[TRACE] graph - -------> nonSkippedChar
2021-11-19T10:23:44,990|[TRACE] script - #out(`)`) [token]
2021-11-19T10:23:44,990|[TRACE] graph - <------- nonSkippedChar
2021-11-19T10:23:44,990|[TRACE] graph - <----- statementPart
2021-11-19T10:23:44,990|[TRACE] graph - -----> statementPart
2021-11-19T10:23:44,990|[TRACE] graph - -------> nonSkippedSpace
2021-11-19T10:23:44,990|[TRACE] script - #out(` `) [token]
2021-11-19T10:23:44,990|[TRACE] graph - <------- nonSkippedSpace
2021-11-19T10:23:44,990|[TRACE] graph - <----- statementPart
2021-11-19T10:23:44,990|[TRACE] graph - -----> statementPart
2021-11-19T10:23:44,990|[TRACE] graph - -------> nonSkippedChar
2021-11-19T10:23:44,990|[TRACE] script - #out(`*`) [token]
2021-11-19T10:23:44,990|[TRACE] graph - <------- nonSkippedChar
2021-11-19T10:23:44,990|[TRACE] graph - <----- statementPart
2021-11-19T10:23:44,990|[TRACE] graph - -----> statementPart
2021-11-19T10:23:44,990|[TRACE] graph - -------> nonSkippedSpace
2021-11-19T10:23:44,990|[TRACE] script - #out(` `) [token]
2021-11-19T10:23:44,990|[TRACE] graph - <------- nonSkippedSpace
2021-11-19T10:23:44,990|[TRACE] graph - <----- statementPart
2021-11-19T10:23:44,990|[TRACE] graph - -----> statementPart
2021-11-19T10:23:44,990|[TRACE] graph - -------> nonSkippedChar
2021-11-19T10:23:44,990|[TRACE] script - #out(`1`) [token]
2021-11-19T10:23:44,990|[TRACE] graph - <------- nonSkippedChar
2021-11-19T10:23:44,990|[TRACE] graph - <----- statementPart
2021-11-19T10:23:44,990|[TRACE] graph - -----> statementPart
2021-11-19T10:23:44,990|[TRACE] graph - -------> nonSkippedChar
2021-11-19T10:23:44,990|[TRACE] script - #out(`0`) [token]
2021-11-19T10:23:44,990|[TRACE] graph - <------- nonSkippedChar
2021-11-19T10:23:44,990|[TRACE] graph - <----- statementPart
2021-11-19T10:23:44,990|[TRACE] graph - -----> statementPart
2021-11-19T10:23:44,990|[TRACE] graph - -------> nonSkippedChar
2021-11-19T10:23:44,990|[TRACE] script - #out(`0`) [token]
2021-11-19T10:23:44,990|[TRACE] graph - <------- nonSkippedChar
2021-11-19T10:23:44,990|[TRACE] graph - <----- statementPart
2021-11-19T10:23:44,990|[TRACE] graph - -----> statementPart
2021-11-19T10:23:44,990|[TRACE] graph - -------> nonSkippedChar
2021-11-19T10:23:44,990|[TRACE] script - #out(`0`) [token]
2021-11-19T10:23:44,990|[TRACE] graph - <------- nonSkippedChar
2021-11-19T10:23:44,990|[TRACE] graph - <----- statementPart
2021-11-19T10:23:44,990|[TRACE] graph - -----> statementPart
2021-11-19T10:23:44,990|[TRACE] graph - -------> nonSkippedChar
2021-11-19T10:23:44,990|[TRACE] script - #out(`)`) [token]
2021-11-19T10:23:44,990|[TRACE] graph - <------- nonSkippedChar
2021-11-19T10:23:44,990|[TRACE] graph - <----- statementPart
2021-11-19T10:23:44,990|[TRACE] graph - -----> statementPart
2021-11-19T10:23:44,990|[TRACE] graph - -------> nonSkippedChar
2021-11-19T10:23:44,990|[TRACE] script - #out(`,`) [token]
2021-11-19T10:23:44,990|[TRACE] graph - <------- nonSkippedChar
2021-11-19T10:23:44,990|[TRACE] graph - <----- statementPart
2021-11-19T10:23:44,990|[TRACE] graph - -----> afterStatementPartNewline
2021-11-19T10:23:44,990|[TRACE] script - #out(` `) [text]
2021-11-19T10:23:44,990|[TRACE] graph - <----- afterStatementPartNewline
2021-11-19T10:23:44,990|[TRACE] graph - -----> statementPart
2021-11-19T10:23:44,990|[TRACE] graph - -------> nonSkippedSpace
2021-11-19T10:23:44,990|[TRACE] script - #out(` `) [token]
2021-11-19T10:23:44,990|[TRACE] graph - <------- nonSkippedSpace
2021-11-19T10:23:44,990|[TRACE] graph - <----- statementPart
2021-11-19T10:23:44,990|[TRACE] graph - -----> statementPart
2021-11-19T10:23:44,990|[TRACE] graph - -------> nonSkippedSpace
2021-11-19T10:23:44,990|[TRACE] script - #out(` `) [token]
2021-11-19T10:23:44,990|[TRACE] graph - <------- nonSkippedSpace
2021-11-19T10:23:44,990|[TRACE] graph - <----- statementPart
2021-11-19T10:23:44,990|[TRACE] graph - -----> statementPart
2021-11-19T10:23:44,990|[TRACE] graph - -------> quotedString
2021-11-19T10:23:44,990|[TRACE] script - #out(``updated``) [token]
2021-11-19T10:23:44,990|[TRACE] graph - <------- quotedString
2021-11-19T10:23:44,990|[TRACE] graph - <----- statementPart
2021-11-19T10:23:44,990|[TRACE] graph - -----> statementPart
2021-11-19T10:23:44,990|[TRACE] graph - -------> nonSkippedSpace
2021-11-19T10:23:44,990|[TRACE] script - #out(` `) [token]
2021-11-19T10:23:44,990|[TRACE] graph - <------- nonSkippedSpace
2021-11-19T10:23:44,990|[TRACE] graph - <----- statementPart
2021-11-19T10:23:44,990|[TRACE] graph - -----> statementPart
2021-11-19T10:23:44,990|[TRACE] graph - -------> nonSkippedChar
2021-11-19T10:23:44,990|[TRACE] script - #out(`B`) [token]
2021-11-19T10:23:44,990|[TRACE] graph - <------- nonSkippedChar
2021-11-19T10:23:44,990|[TRACE] graph - <----- statementPart
2021-11-19T10:23:44,990|[TRACE] graph - -----> statementPart
2021-11-19T10:23:44,990|[TRACE] graph - -------> nonSkippedChar
2021-11-19T10:23:44,990|[TRACE] script - #out(`I`) [token]
2021-11-19T10:23:44,990|[TRACE] graph - <------- nonSkippedChar
2021-11-19T10:23:44,990|[TRACE] graph - <----- statementPart
2021-11-19T10:23:44,990|[TRACE] graph - -----> statementPart
2021-11-19T10:23:44,990|[TRACE] graph - -------> nonSkippedChar
2021-11-19T10:23:44,990|[TRACE] script - #out(`G`) [token]
2021-11-19T10:23:44,990|[TRACE] graph - <------- nonSkippedChar
2021-11-19T10:23:44,990|[TRACE] graph - <----- statementPart
2021-11-19T10:23:44,990|[TRACE] graph - -----> statementPart
2021-11-19T10:23:44,990|[TRACE] graph - -------> nonSkippedChar
2021-11-19T10:23:44,990|[TRACE] script - #out(`I`) [token]
2021-11-19T10:23:44,990|[TRACE] graph - <------- nonSkippedChar
2021-11-19T10:23:44,990|[TRACE] graph - <----- statementPart
2021-11-19T10:23:44,990|[TRACE] graph - -----> statementPart
2021-11-19T10:23:44,990|[TRACE] graph - -------> nonSkippedChar
2021-11-19T10:23:44,990|[TRACE] script - #out(`N`) [token]
2021-11-19T10:23:44,990|[TRACE] graph - <------- nonSkippedChar
2021-11-19T10:23:44,990|[TRACE] graph - <----- statementPart
2021-11-19T10:23:44,990|[TRACE] graph - -----> statementPart
2021-11-19T10:23:44,990|[TRACE] graph - -------> nonSkippedChar
2021-11-19T10:23:44,990|[TRACE] script - #out(`T`) [token]
2021-11-19T10:23:44,990|[TRACE] graph - <------- nonSkippedChar
2021-11-19T10:23:44,990|[TRACE] graph - <----- statementPart
2021-11-19T10:23:44,990|[TRACE] graph - -----> statementPart
2021-11-19T10:23:44,990|[TRACE] graph - -------> nonSkippedSpace
2021-11-19T10:23:44,990|[TRACE] script - #out(` `) [token]
2021-11-19T10:23:44,990|[TRACE] graph - <------- nonSkippedSpace
2021-11-19T10:23:44,990|[TRACE] graph - <----- statementPart
2021-11-19T10:23:44,991|[TRACE] graph - -----> statementPart
2021-11-19T10:23:44,991|[TRACE] graph - -------> nonSkippedChar
2021-11-19T10:23:44,991|[TRACE] script - #out(`N`) [token]
2021-11-19T10:23:44,991|[TRACE] graph - <------- nonSkippedChar
2021-11-19T10:23:44,991|[TRACE] graph - <----- statementPart
2021-11-19T10:23:44,991|[TRACE] graph - -----> statementPart
2021-11-19T10:23:44,991|[TRACE] graph - -------> nonSkippedChar
2021-11-19T10:23:44,991|[TRACE] script - #out(`O`) [token]
2021-11-19T10:23:44,991|[TRACE] graph - <------- nonSkippedChar
2021-11-19T10:23:44,991|[TRACE] graph - <----- statementPart
2021-11-19T10:23:44,991|[TRACE] graph - -----> statementPart
2021-11-19T10:23:44,991|[TRACE] graph - -------> nonSkippedChar
2021-11-19T10:23:44,991|[TRACE] script - #out(`T`) [token]
2021-11-19T10:23:44,991|[TRACE] graph - <------- nonSkippedChar
2021-11-19T10:23:44,991|[TRACE] graph - <----- statementPart
2021-11-19T10:23:44,991|[TRACE] graph - -----> statementPart
2021-11-19T10:23:44,991|[TRACE] graph - -------> nonSkippedSpace
2021-11-19T10:23:44,991|[TRACE] script - #out(` `) [token]
2021-11-19T10:23:44,991|[TRACE] graph - <------- nonSkippedSpace
2021-11-19T10:23:44,991|[TRACE] graph - <----- statementPart
2021-11-19T10:23:44,991|[TRACE] graph - -----> statementPart
2021-11-19T10:23:44,991|[TRACE] graph - -------> nonSkippedChar
2021-11-19T10:23:44,991|[TRACE] script - #out(`N`) [token]
2021-11-19T10:23:44,991|[TRACE] graph - <------- nonSkippedChar
2021-11-19T10:23:44,991|[TRACE] graph - <----- statementPart
2021-11-19T10:23:44,991|[TRACE] graph - -----> statementPart
2021-11-19T10:23:44,991|[TRACE] graph - -------> nonSkippedChar
2021-11-19T10:23:44,991|[TRACE] script - #out(`U`) [token]
2021-11-19T10:23:44,991|[TRACE] graph - <------- nonSkippedChar
2021-11-19T10:23:44,991|[TRACE] graph - <----- statementPart
2021-11-19T10:23:44,991|[TRACE] graph - -----> statementPart
2021-11-19T10:23:44,991|[TRACE] graph - -------> nonSkippedChar
2021-11-19T10:23:44,991|[TRACE] script - #out(`L`) [token]
2021-11-19T10:23:44,991|[TRACE] graph - <------- nonSkippedChar
2021-11-19T10:23:44,991|[TRACE] graph - <----- statementPart
2021-11-19T10:23:44,991|[TRACE] graph - -----> statementPart
2021-11-19T10:23:44,991|[TRACE] graph - -------> nonSkippedChar
2021-11-19T10:23:44,991|[TRACE] script - #out(`L`) [token]
2021-11-19T10:23:44,991|[TRACE] graph - <------- nonSkippedChar
2021-11-19T10:23:44,991|[TRACE] graph - <----- statementPart
2021-11-19T10:23:44,991|[TRACE] graph - -----> statementPart
2021-11-19T10:23:44,991|[TRACE] graph - -------> nonSkippedSpace
2021-11-19T10:23:44,991|[TRACE] script - #out(` `) [token]
2021-11-19T10:23:44,991|[TRACE] graph - <------- nonSkippedSpace
2021-11-19T10:23:44,991|[TRACE] graph - <----- statementPart
2021-11-19T10:23:44,991|[TRACE] graph - -----> statementPart
2021-11-19T10:23:44,991|[TRACE] graph - -------> nonSkippedChar
2021-11-19T10:23:44,991|[TRACE] script - #out(`D`) [token]
2021-11-19T10:23:44,991|[TRACE] graph - <------- nonSkippedChar
2021-11-19T10:23:44,991|[TRACE] graph - <----- statementPart
2021-11-19T10:23:44,991|[TRACE] graph - -----> statementPart
2021-11-19T10:23:44,991|[TRACE] graph - -------> nonSkippedChar
2021-11-19T10:23:44,991|[TRACE] script - #out(`E`) [token]
2021-11-19T10:23:44,991|[TRACE] graph - <------- nonSkippedChar
2021-11-19T10:23:44,991|[TRACE] graph - <----- statementPart
2021-11-19T10:23:44,991|[TRACE] graph - -----> statementPart
2021-11-19T10:23:44,991|[TRACE] graph - -------> nonSkippedChar
2021-11-19T10:23:44,991|[TRACE] script - #out(`F`) [token]
2021-11-19T10:23:44,991|[TRACE] graph - <------- nonSkippedChar
2021-11-19T10:23:44,991|[TRACE] graph - <----- statementPart
2021-11-19T10:23:44,991|[TRACE] graph - -----> statementPart
2021-11-19T10:23:44,991|[TRACE] graph - -------> nonSkippedChar
2021-11-19T10:23:44,991|[TRACE] script - #out(`A`) [token]
2021-11-19T10:23:44,991|[TRACE] graph - <------- nonSkippedChar
2021-11-19T10:23:44,991|[TRACE] graph - <----- statementPart
2021-11-19T10:23:44,991|[TRACE] graph - -----> statementPart
2021-11-19T10:23:44,991|[TRACE] graph - -------> nonSkippedChar
2021-11-19T10:23:44,991|[TRACE] script - #out(`U`) [token]
2021-11-19T10:23:44,991|[TRACE] graph - <------- nonSkippedChar
2021-11-19T10:23:44,991|[TRACE] graph - <----- statementPart
2021-11-19T10:23:44,991|[TRACE] graph - -----> statementPart
2021-11-19T10:23:44,991|[TRACE] graph - -------> nonSkippedChar
2021-11-19T10:23:44,991|[TRACE] script - #out(`L`) [token]
2021-11-19T10:23:44,991|[TRACE] graph - <------- nonSkippedChar
2021-11-19T10:23:44,991|[TRACE] graph - <----- statementPart
2021-11-19T10:23:44,991|[TRACE] graph - -----> statementPart
2021-11-19T10:23:44,991|[TRACE] graph - -------> nonSkippedChar
2021-11-19T10:23:44,991|[TRACE] script - #out(`T`) [token]
2021-11-19T10:23:44,991|[TRACE] graph - <------- nonSkippedChar
2021-11-19T10:23:44,991|[TRACE] graph - <----- statementPart
2021-11-19T10:23:44,991|[TRACE] graph - -----> statementPart
2021-11-19T10:23:44,991|[TRACE] graph - -------> nonSkippedSpace
2021-11-19T10:23:44,991|[TRACE] script - #out(` `) [token]
2021-11-19T10:23:44,991|[TRACE] graph - <------- nonSkippedSpace
2021-11-19T10:23:44,991|[TRACE] graph - <----- statementPart
2021-11-19T10:23:44,991|[TRACE] graph - -----> statementPart
2021-11-19T10:23:44,991|[TRACE] graph - -------> nonSkippedChar
2021-11-19T10:23:44,991|[TRACE] script - #out(`(`) [token]
2021-11-19T10:23:44,991|[TRACE] graph - <------- nonSkippedChar
2021-11-19T10:23:44,991|[TRACE] graph - <----- statementPart
2021-11-19T10:23:44,991|[TRACE] graph - -----> statementPart
2021-11-19T10:23:44,991|[TRACE] graph - -------> nonSkippedChar
2021-11-19T10:23:44,991|[TRACE] script - #out(`u`) [token]
2021-11-19T10:23:44,991|[TRACE] graph - <------- nonSkippedChar
2021-11-19T10:23:44,991|[TRACE] graph - <----- statementPart
2021-11-19T10:23:44,991|[TRACE] graph - -----> statementPart
2021-11-19T10:23:44,991|[TRACE] graph - -------> nonSkippedChar
2021-11-19T10:23:44,991|[TRACE] script - #out(`n`) [token]
2021-11-19T10:23:44,991|[TRACE] graph - <------- nonSkippedChar
2021-11-19T10:23:44,991|[TRACE] graph - <----- statementPart
2021-11-19T10:23:44,991|[TRACE] graph - -----> statementPart
2021-11-19T10:23:44,991|[TRACE] graph - -------> nonSkippedChar
2021-11-19T10:23:44,991|[TRACE] script - #out(`i`) [token]
2021-11-19T10:23:44,991|[TRACE] graph - <------- nonSkippedChar
2021-11-19T10:23:44,991|[TRACE] graph - <----- statementPart
2021-11-19T10:23:44,991|[TRACE] graph - -----> statementPart
2021-11-19T10:23:44,991|[TRACE] graph - -------> nonSkippedChar
2021-11-19T10:23:44,991|[TRACE] script - #out(`x`) [token]
2021-11-19T10:23:44,991|[TRACE] graph - <------- nonSkippedChar
2021-11-19T10:23:44,991|[TRACE] graph - <----- statementPart
2021-11-19T10:23:44,991|[TRACE] graph - -----> statementPart
2021-11-19T10:23:44,991|[TRACE] graph - -------> nonSkippedChar
2021-11-19T10:23:44,991|[TRACE] script - #out(`_`) [token]
2021-11-19T10:23:44,991|[TRACE] graph - <------- nonSkippedChar
2021-11-19T10:23:44,991|[TRACE] graph - <----- statementPart
2021-11-19T10:23:44,991|[TRACE] graph - -----> statementPart
2021-11-19T10:23:44,991|[TRACE] graph - -------> nonSkippedChar
2021-11-19T10:23:44,991|[TRACE] script - #out(`t`) [token]
2021-11-19T10:23:44,991|[TRACE] graph - <------- nonSkippedChar
2021-11-19T10:23:44,991|[TRACE] graph - <----- statementPart
2021-11-19T10:23:44,991|[TRACE] graph - -----> statementPart
2021-11-19T10:23:44,991|[TRACE] graph - -------> nonSkippedChar
2021-11-19T10:23:44,991|[TRACE] script - #out(`i`) [token]
2021-11-19T10:23:44,991|[TRACE] graph - <------- nonSkippedChar
2021-11-19T10:23:44,991|[TRACE] graph - <----- statementPart
2021-11-19T10:23:44,991|[TRACE] graph - -----> statementPart
2021-11-19T10:23:44,991|[TRACE] graph - -------> nonSkippedChar
2021-11-19T10:23:44,991|[TRACE] script - #out(`m`) [token]
2021-11-19T10:23:44,991|[TRACE] graph - <------- nonSkippedChar
2021-11-19T10:23:44,991|[TRACE] graph - <----- statementPart
2021-11-19T10:23:44,991|[TRACE] graph - -----> statementPart
2021-11-19T10:23:44,991|[TRACE] graph - -------> nonSkippedChar
2021-11-19T10:23:44,991|[TRACE] script - #out(`e`) [token]
2021-11-19T10:23:44,991|[TRACE] graph - <------- nonSkippedChar
2021-11-19T10:23:44,991|[TRACE] graph - <----- statementPart
2021-11-19T10:23:44,991|[TRACE] graph - -----> statementPart
2021-11-19T10:23:44,991|[TRACE] graph - -------> nonSkippedChar
2021-11-19T10:23:44,991|[TRACE] script - #out(`s`) [token]
2021-11-19T10:23:44,991|[TRACE] graph - <------- nonSkippedChar
2021-11-19T10:23:44,991|[TRACE] graph - <----- statementPart
2021-11-19T10:23:44,991|[TRACE] graph - -----> statementPart
2021-11-19T10:23:44,991|[TRACE] graph - -------> nonSkippedChar
2021-11-19T10:23:44,991|[TRACE] script - #out(`t`) [token]
2021-11-19T10:23:44,991|[TRACE] graph - <------- nonSkippedChar
2021-11-19T10:23:44,991|[TRACE] graph - <----- statementPart
2021-11-19T10:23:44,991|[TRACE] graph - -----> statementPart
2021-11-19T10:23:44,991|[TRACE] graph - -------> nonSkippedChar
2021-11-19T10:23:44,991|[TRACE] script - #out(`a`) [token]
2021-11-19T10:23:44,991|[TRACE] graph - <------- nonSkippedChar
2021-11-19T10:23:44,991|[TRACE] graph - <----- statementPart
2021-11-19T10:23:44,991|[TRACE] graph - -----> statementPart
2021-11-19T10:23:44,991|[TRACE] graph - -------> nonSkippedChar
2021-11-19T10:23:44,991|[TRACE] script - #out(`m`) [token]
2021-11-19T10:23:44,991|[TRACE] graph - <------- nonSkippedChar
2021-11-19T10:23:44,991|[TRACE] graph - <----- statementPart
2021-11-19T10:23:44,991|[TRACE] graph - -----> statementPart
2021-11-19T10:23:44,991|[TRACE] graph - -------> nonSkippedChar
2021-11-19T10:23:44,991|[TRACE] script - #out(`p`) [token]
2021-11-19T10:23:44,991|[TRACE] graph - <------- nonSkippedChar
2021-11-19T10:23:44,991|[TRACE] graph - <----- statementPart
2021-11-19T10:23:44,991|[TRACE] graph - -----> statementPart
2021-11-19T10:23:44,991|[TRACE] graph - -------> nonSkippedChar
2021-11-19T10:23:44,991|[TRACE] script - #out(`(`) [token]
2021-11-19T10:23:44,991|[TRACE] graph - <------- nonSkippedChar
2021-11-19T10:23:44,991|[TRACE] graph - <----- statementPart
2021-11-19T10:23:44,991|[TRACE] graph - -----> statementPart
2021-11-19T10:23:44,991|[TRACE] graph - -------> nonSkippedChar
2021-11-19T10:23:44,991|[TRACE] script - #out(`n`) [token]
2021-11-19T10:23:44,991|[TRACE] graph - <------- nonSkippedChar
2021-11-19T10:23:44,991|[TRACE] graph - <----- statementPart
2021-11-19T10:23:44,991|[TRACE] graph - -----> statementPart
2021-11-19T10:23:44,991|[TRACE] graph - -------> nonSkippedChar
2021-11-19T10:23:44,991|[TRACE] script - #out(`o`) [token]
2021-11-19T10:23:44,991|[TRACE] graph - <------- nonSkippedChar
2021-11-19T10:23:44,991|[TRACE] graph - <----- statementPart
2021-11-19T10:23:44,991|[TRACE] graph - -----> statementPart
2021-11-19T10:23:44,991|[TRACE] graph - -------> nonSkippedChar
2021-11-19T10:23:44,991|[TRACE] script - #out(`w`) [token]
2021-11-19T10:23:44,991|[TRACE] graph - <------- nonSkippedChar
2021-11-19T10:23:44,991|[TRACE] graph - <----- statementPart
2021-11-19T10:23:44,991|[TRACE] graph - -----> statementPart
2021-11-19T10:23:44,991|[TRACE] graph - -------> nonSkippedChar
2021-11-19T10:23:44,991|[TRACE] script - #out(`(`) [token]
2021-11-19T10:23:44,991|[TRACE] graph - <------- nonSkippedChar
2021-11-19T10:23:44,991|[TRACE] graph - <----- statementPart
2021-11-19T10:23:44,991|[TRACE] graph - -----> statementPart
2021-11-19T10:23:45,047|[TRACE] graph - -------> nonSkippedChar
2021-11-19T10:23:45,047|[TRACE] script - #out(`)`) [token]
2021-11-19T10:23:45,047|[TRACE] graph - <------- nonSkippedChar
2021-11-19T10:23:45,047|[TRACE] graph - <----- statementPart
2021-11-19T10:23:45,047|[TRACE] graph - -----> statementPart
2021-11-19T10:23:45,047|[TRACE] graph - -------> nonSkippedChar
2021-11-19T10:23:45,047|[TRACE] script - #out(`)`) [token]
2021-11-19T10:23:45,047|[TRACE] graph - <------- nonSkippedChar
2021-11-19T10:23:45,047|[TRACE] graph - <----- statementPart
2021-11-19T10:23:45,047|[TRACE] graph - -----> statementPart
2021-11-19T10:23:45,047|[TRACE] graph - -------> nonSkippedSpace
2021-11-19T10:23:45,047|[TRACE] script - #out(` `) [token]
2021-11-19T10:23:45,047|[TRACE] graph - <------- nonSkippedSpace
2021-11-19T10:23:45,047|[TRACE] graph - <----- statementPart
2021-11-19T10:23:45,047|[TRACE] graph - -----> statementPart
2021-11-19T10:23:45,047|[TRACE] graph - -------> nonSkippedChar
2021-11-19T10:23:45,047|[TRACE] script - #out(`*`) [token]
2021-11-19T10:23:45,047|[TRACE] graph - <------- nonSkippedChar
2021-11-19T10:23:45,047|[TRACE] graph - <----- statementPart
2021-11-19T10:23:45,047|[TRACE] graph - -----> statementPart
2021-11-19T10:23:45,047|[TRACE] graph - -------> nonSkippedSpace
2021-11-19T10:23:45,047|[TRACE] script - #out(` `) [token]
2021-11-19T10:23:45,047|[TRACE] graph - <------- nonSkippedSpace
2021-11-19T10:23:45,047|[TRACE] graph - <----- statementPart
2021-11-19T10:23:45,047|[TRACE] graph - -----> statementPart
2021-11-19T10:23:45,047|[TRACE] graph - -------> nonSkippedChar
2021-11-19T10:23:45,047|[TRACE] script - #out(`1`) [token]
2021-11-19T10:23:45,047|[TRACE] graph - <------- nonSkippedChar
2021-11-19T10:23:45,047|[TRACE] graph - <----- statementPart
2021-11-19T10:23:45,047|[TRACE] graph - -----> statementPart
2021-11-19T10:23:45,047|[TRACE] graph - -------> nonSkippedChar
2021-11-19T10:23:45,047|[TRACE] script - #out(`0`) [token]
2021-11-19T10:23:45,047|[TRACE] graph - <------- nonSkippedChar
2021-11-19T10:23:45,047|[TRACE] graph - <----- statementPart
2021-11-19T10:23:45,047|[TRACE] graph - -----> statementPart
2021-11-19T10:23:45,047|[TRACE] graph - -------> nonSkippedChar
2021-11-19T10:23:45,047|[TRACE] script - #out(`0`) [token]
2021-11-19T10:23:45,047|[TRACE] graph - <------- nonSkippedChar
2021-11-19T10:23:45,047|[TRACE] graph - <----- statementPart
2021-11-19T10:23:45,047|[TRACE] graph - -----> statementPart
2021-11-19T10:23:45,047|[TRACE] graph - -------> nonSkippedChar
2021-11-19T10:23:45,047|[TRACE] script - #out(`0`) [token]
2021-11-19T10:23:45,047|[TRACE] graph - <------- nonSkippedChar
2021-11-19T10:23:45,047|[TRACE] graph - <----- statementPart
2021-11-19T10:23:45,047|[TRACE] graph - -----> statementPart
2021-11-19T10:23:45,047|[TRACE] graph - -------> nonSkippedChar
2021-11-19T10:23:45,047|[TRACE] script - #out(`)`) [token]
2021-11-19T10:23:45,047|[TRACE] graph - <------- nonSkippedChar
2021-11-19T10:23:45,047|[TRACE] graph - <----- statementPart
2021-11-19T10:23:45,047|[TRACE] graph - -----> statementPart
2021-11-19T10:23:45,047|[TRACE] graph - -------> nonSkippedChar
2021-11-19T10:23:45,047|[TRACE] script - #out(`,`) [token]
2021-11-19T10:23:45,047|[TRACE] graph - <------- nonSkippedChar
2021-11-19T10:23:45,047|[TRACE] graph - <----- statementPart
2021-11-19T10:23:45,047|[TRACE] graph - -----> afterStatementPartNewline
2021-11-19T10:23:45,047|[TRACE] script - #out(` `) [text]
2021-11-19T10:23:45,047|[TRACE] graph - <----- afterStatementPartNewline
2021-11-19T10:23:45,047|[TRACE] graph - -----> statementPart
2021-11-19T10:23:45,047|[TRACE] graph - -------> nonSkippedSpace
2021-11-19T10:23:45,047|[TRACE] script - #out(` `) [token]
2021-11-19T10:23:45,047|[TRACE] graph - <------- nonSkippedSpace
2021-11-19T10:23:45,047|[TRACE] graph - <----- statementPart
2021-11-19T10:23:45,047|[TRACE] graph - -----> statementPart
2021-11-19T10:23:45,047|[TRACE] graph - -------> nonSkippedSpace
2021-11-19T10:23:45,047|[TRACE] script - #out(` `) [token]
2021-11-19T10:23:45,047|[TRACE] graph - <------- nonSkippedSpace
2021-11-19T10:23:45,047|[TRACE] graph - <----- statementPart
2021-11-19T10:23:45,047|[TRACE] graph - -----> statementPart
2021-11-19T10:23:45,047|[TRACE] graph - -------> quotedString
2021-11-19T10:23:45,047|[TRACE] script - #out(``version``) [token]
2021-11-19T10:23:45,047|[TRACE] graph - <------- quotedString
2021-11-19T10:23:45,047|[TRACE] graph - <----- statementPart
2021-11-19T10:23:45,047|[TRACE] graph - -----> statementPart
2021-11-19T10:23:45,047|[TRACE] graph - -------> nonSkippedSpace
2021-11-19T10:23:45,047|[TRACE] script - #out(` `) [token]
2021-11-19T10:23:45,047|[TRACE] graph - <------- nonSkippedSpace
2021-11-19T10:23:45,047|[TRACE] graph - <----- statementPart
2021-11-19T10:23:45,047|[TRACE] graph - -----> statementPart
2021-11-19T10:23:45,047|[TRACE] graph - -------> nonSkippedChar
2021-11-19T10:23:45,047|[TRACE] script - #out(`I`) [token]
2021-11-19T10:23:45,047|[TRACE] graph - <------- nonSkippedChar
2021-11-19T10:23:45,047|[TRACE] graph - <----- statementPart
2021-11-19T10:23:45,047|[TRACE] graph - -----> statementPart
2021-11-19T10:23:45,047|[TRACE] graph - -------> nonSkippedChar
2021-11-19T10:23:45,047|[TRACE] script - #out(`N`) [token]
2021-11-19T10:23:45,047|[TRACE] graph - <------- nonSkippedChar
2021-11-19T10:23:45,047|[TRACE] graph - <----- statementPart
2021-11-19T10:23:45,047|[TRACE] graph - -----> statementPart
2021-11-19T10:23:45,047|[TRACE] graph - -------> nonSkippedChar
2021-11-19T10:23:45,047|[TRACE] script - #out(`T`) [token]
2021-11-19T10:23:45,047|[TRACE] graph - <------- nonSkippedChar
2021-11-19T10:23:45,047|[TRACE] graph - <----- statementPart
2021-11-19T10:23:45,047|[TRACE] graph - -----> statementPart
2021-11-19T10:23:45,047|[TRACE] graph - -------> nonSkippedSpace
2021-11-19T10:23:45,047|[TRACE] script - #out(` `) [token]
2021-11-19T10:23:45,047|[TRACE] graph - <------- nonSkippedSpace
2021-11-19T10:23:45,047|[TRACE] graph - <----- statementPart
2021-11-19T10:23:45,047|[TRACE] graph - -----> statementPart
2021-11-19T10:23:45,047|[TRACE] graph - -------> nonSkippedChar
2021-11-19T10:23:45,047|[TRACE] script - #out(`N`) [token]
2021-11-19T10:23:45,047|[TRACE] graph - <------- nonSkippedChar
2021-11-19T10:23:45,047|[TRACE] graph - <----- statementPart
2021-11-19T10:23:45,047|[TRACE] graph - -----> statementPart
2021-11-19T10:23:45,047|[TRACE] graph - -------> nonSkippedChar
2021-11-19T10:23:45,047|[TRACE] script - #out(`O`) [token]
2021-11-19T10:23:45,047|[TRACE] graph - <------- nonSkippedChar
2021-11-19T10:23:45,048|[TRACE] graph - <----- statementPart
2021-11-19T10:23:45,048|[TRACE] graph - -----> statementPart
2021-11-19T10:23:45,048|[TRACE] graph - -------> nonSkippedChar
2021-11-19T10:23:45,048|[TRACE] script - #out(`T`) [token]
2021-11-19T10:23:45,048|[TRACE] graph - <------- nonSkippedChar
2021-11-19T10:23:45,048|[TRACE] graph - <----- statementPart
2021-11-19T10:23:45,048|[TRACE] graph - -----> statementPart
2021-11-19T10:23:45,048|[TRACE] graph - -------> nonSkippedSpace
2021-11-19T10:23:45,048|[TRACE] script - #out(` `) [token]
2021-11-19T10:23:45,048|[TRACE] graph - <------- nonSkippedSpace
2021-11-19T10:23:45,048|[TRACE] graph - <----- statementPart
2021-11-19T10:23:45,048|[TRACE] graph - -----> statementPart
2021-11-19T10:23:45,048|[TRACE] graph - -------> nonSkippedChar
2021-11-19T10:23:45,048|[TRACE] script - #out(`N`) [token]
2021-11-19T10:23:45,048|[TRACE] graph - <------- nonSkippedChar
2021-11-19T10:23:45,048|[TRACE] graph - <----- statementPart
2021-11-19T10:23:45,048|[TRACE] graph - -----> statementPart
2021-11-19T10:23:45,048|[TRACE] graph - -------> nonSkippedChar
2021-11-19T10:23:45,048|[TRACE] script - #out(`U`) [token]
2021-11-19T10:23:45,048|[TRACE] graph - <------- nonSkippedChar
2021-11-19T10:23:45,048|[TRACE] graph - <----- statementPart
2021-11-19T10:23:45,048|[TRACE] graph - -----> statementPart
2021-11-19T10:23:45,048|[TRACE] graph - -------> nonSkippedChar
2021-11-19T10:23:45,048|[TRACE] script - #out(`L`) [token]
2021-11-19T10:23:45,048|[TRACE] graph - <------- nonSkippedChar
2021-11-19T10:23:45,048|[TRACE] graph - <----- statementPart
2021-11-19T10:23:45,048|[TRACE] graph - -----> statementPart
2021-11-19T10:23:45,048|[TRACE] graph - -------> nonSkippedChar
2021-11-19T10:23:45,048|[TRACE] script - #out(`L`) [token]
2021-11-19T10:23:45,048|[TRACE] graph - <------- nonSkippedChar
2021-11-19T10:23:45,048|[TRACE] graph - <----- statementPart
2021-11-19T10:23:45,048|[TRACE] graph - -----> statementPart
2021-11-19T10:23:45,048|[TRACE] graph - -------> nonSkippedSpace
2021-11-19T10:23:45,048|[TRACE] script - #out(` `) [token]
2021-11-19T10:23:45,048|[TRACE] graph - <------- nonSkippedSpace
2021-11-19T10:23:45,048|[TRACE] graph - <----- statementPart
2021-11-19T10:23:45,048|[TRACE] graph - -----> statementPart
2021-11-19T10:23:45,048|[TRACE] graph - -------> nonSkippedChar
2021-11-19T10:23:45,048|[TRACE] script - #out(`D`) [token]
2021-11-19T10:23:45,048|[TRACE] graph - <------- nonSkippedChar
2021-11-19T10:23:45,048|[TRACE] graph - <----- statementPart
2021-11-19T10:23:45,048|[TRACE] graph - -----> statementPart
2021-11-19T10:23:45,048|[TRACE] graph - -------> nonSkippedChar
2021-11-19T10:23:45,048|[TRACE] script - #out(`E`) [token]
2021-11-19T10:23:45,048|[TRACE] graph - <------- nonSkippedChar
2021-11-19T10:23:45,048|[TRACE] graph - <----- statementPart
2021-11-19T10:23:45,048|[TRACE] graph - -----> statementPart
2021-11-19T10:23:45,048|[TRACE] graph - -------> nonSkippedChar
2021-11-19T10:23:45,048|[TRACE] script - #out(`F`) [token]
2021-11-19T10:23:45,048|[TRACE] graph - <------- nonSkippedChar
2021-11-19T10:23:45,048|[TRACE] graph - <----- statementPart
2021-11-19T10:23:45,048|[TRACE] graph - -----> statementPart
2021-11-19T10:23:45,048|[TRACE] graph - -------> nonSkippedChar
2021-11-19T10:23:45,048|[TRACE] script - #out(`A`) [token]
2021-11-19T10:23:45,048|[TRACE] graph - <------- nonSkippedChar
2021-11-19T10:23:45,048|[TRACE] graph - <----- statementPart
2021-11-19T10:23:45,048|[TRACE] graph - -----> statementPart
2021-11-19T10:23:45,048|[TRACE] graph - -------> nonSkippedChar
2021-11-19T10:23:45,048|[TRACE] script - #out(`U`) [token]
2021-11-19T10:23:45,048|[TRACE] graph - <------- nonSkippedChar
2021-11-19T10:23:45,048|[TRACE] graph - <----- statementPart
2021-11-19T10:23:45,048|[TRACE] graph - -----> statementPart
2021-11-19T10:23:45,048|[TRACE] graph - -------> nonSkippedChar
2021-11-19T10:23:45,048|[TRACE] script - #out(`L`) [token]
2021-11-19T10:23:45,048|[TRACE] graph - <------- nonSkippedChar
2021-11-19T10:23:45,048|[TRACE] graph - <----- statementPart
2021-11-19T10:23:45,048|[TRACE] graph - -----> statementPart
2021-11-19T10:23:45,048|[TRACE] graph - -------> nonSkippedChar
2021-11-19T10:23:45,048|[TRACE] script - #out(`T`) [token]
2021-11-19T10:23:45,048|[TRACE] graph - <------- nonSkippedChar
2021-11-19T10:23:45,048|[TRACE] graph - <----- statementPart
2021-11-19T10:23:45,048|[TRACE] graph - -----> statementPart
2021-11-19T10:23:45,048|[TRACE] graph - -------> nonSkippedSpace
2021-11-19T10:23:45,048|[TRACE] script - #out(` `) [token]
2021-11-19T10:23:45,048|[TRACE] graph - <------- nonSkippedSpace
2021-11-19T10:23:45,048|[TRACE] graph - <----- statementPart
2021-11-19T10:23:45,048|[TRACE] graph - -----> statementPart
2021-11-19T10:23:45,048|[TRACE] graph - -------> quotedString
2021-11-19T10:23:45,048|[TRACE] script - #out(`'1'`) [token]
2021-11-19T10:23:45,048|[TRACE] graph - <------- quotedString
2021-11-19T10:23:45,048|[TRACE] graph - <----- statementPart
2021-11-19T10:23:45,048|[TRACE] graph - -----> statementPart
2021-11-19T10:23:45,048|[TRACE] graph - -------> nonSkippedChar
2021-11-19T10:23:45,048|[TRACE] script - #out(`,`) [token]
2021-11-19T10:23:45,048|[TRACE] graph - <------- nonSkippedChar
2021-11-19T10:23:45,048|[TRACE] graph - <----- statementPart
2021-11-19T10:23:45,048|[TRACE] graph - -----> afterStatementPartNewline
2021-11-19T10:23:45,048|[TRACE] script - #out(` `) [text]
2021-11-19T10:23:45,048|[TRACE] graph - <----- afterStatementPartNewline
2021-11-19T10:23:45,048|[TRACE] graph - -----> statementPart
2021-11-19T10:23:45,048|[TRACE] graph - -------> nonSkippedSpace
2021-11-19T10:23:45,048|[TRACE] script - #out(` `) [token]
2021-11-19T10:23:45,048|[TRACE] graph - <------- nonSkippedSpace
2021-11-19T10:23:45,048|[TRACE] graph - <----- statementPart
2021-11-19T10:23:45,048|[TRACE] graph - -----> statementPart
2021-11-19T10:23:45,048|[TRACE] graph - -------> nonSkippedSpace
2021-11-19T10:23:45,048|[TRACE] script - #out(` `) [token]
2021-11-19T10:23:45,048|[TRACE] graph - <------- nonSkippedSpace
2021-11-19T10:23:45,048|[TRACE] graph - <----- statementPart
2021-11-19T10:23:45,048|[TRACE] graph - -----> statementPart
2021-11-19T10:23:45,048|[TRACE] graph - -------> nonSkippedChar
2021-11-19T10:23:45,048|[TRACE] script - #out(`P`) [token]
2021-11-19T10:23:45,048|[TRACE] graph - <------- nonSkippedChar
2021-11-19T10:23:45,048|[TRACE] graph - <----- statementPart
2021-11-19T10:23:45,048|[TRACE] graph - -----> statementPart
2021-11-19T10:23:45,048|[TRACE] graph - -------> nonSkippedChar
2021-11-19T10:23:45,048|[TRACE] script - #out(`R`) [token]
2021-11-19T10:23:45,048|[TRACE] graph - <------- nonSkippedChar
2021-11-19T10:23:45,048|[TRACE] graph - <----- statementPart
2021-11-19T10:23:45,048|[TRACE] graph - -----> statementPart
2021-11-19T10:23:45,048|[TRACE] graph - -------> nonSkippedChar
2021-11-19T10:23:45,048|[TRACE] script - #out(`I`) [token]
2021-11-19T10:23:45,048|[TRACE] graph - <------- nonSkippedChar
2021-11-19T10:23:45,048|[TRACE] graph - <----- statementPart
2021-11-19T10:23:45,048|[TRACE] graph - -----> statementPart
2021-11-19T10:23:45,048|[TRACE] graph - -------> nonSkippedChar
2021-11-19T10:23:45,048|[TRACE] script - #out(`M`) [token]
2021-11-19T10:23:45,048|[TRACE] graph - <------- nonSkippedChar
2021-11-19T10:23:45,048|[TRACE] graph - <----- statementPart
2021-11-19T10:23:45,048|[TRACE] graph - -----> statementPart
2021-11-19T10:23:45,048|[TRACE] graph - -------> nonSkippedChar
2021-11-19T10:23:45,048|[TRACE] script - #out(`A`) [token]
2021-11-19T10:23:45,048|[TRACE] graph - <------- nonSkippedChar
2021-11-19T10:23:45,048|[TRACE] graph - <----- statementPart
2021-11-19T10:23:45,048|[TRACE] graph - -----> statementPart
2021-11-19T10:23:45,048|[TRACE] graph - -------> nonSkippedChar
2021-11-19T10:23:45,048|[TRACE] script - #out(`R`) [token]
2021-11-19T10:23:45,048|[TRACE] graph - <------- nonSkippedChar
2021-11-19T10:23:45,048|[TRACE] graph - <----- statementPart
2021-11-19T10:23:45,048|[TRACE] graph - -----> statementPart
2021-11-19T10:23:45,048|[TRACE] graph - -------> nonSkippedChar
2021-11-19T10:23:45,048|[TRACE] script - #out(`Y`) [token]
2021-11-19T10:23:45,048|[TRACE] graph - <------- nonSkippedChar
2021-11-19T10:23:45,048|[TRACE] graph - <----- statementPart
2021-11-19T10:23:45,048|[TRACE] graph - -----> statementPart
2021-11-19T10:23:45,048|[TRACE] graph - -------> nonSkippedSpace
2021-11-19T10:23:45,048|[TRACE] script - #out(` `) [token]
2021-11-19T10:23:45,048|[TRACE] graph - <------- nonSkippedSpace
2021-11-19T10:23:45,048|[TRACE] graph - <----- statementPart
2021-11-19T10:23:45,048|[TRACE] graph - -----> statementPart
2021-11-19T10:23:45,048|[TRACE] graph - -------> nonSkippedChar
2021-11-19T10:23:45,048|[TRACE] script - #out(`K`) [token]
2021-11-19T10:23:45,048|[TRACE] graph - <------- nonSkippedChar
2021-11-19T10:23:45,048|[TRACE] graph - <----- statementPart
2021-11-19T10:23:45,048|[TRACE] graph - -----> statementPart
2021-11-19T10:23:45,048|[TRACE] graph - -------> nonSkippedChar
2021-11-19T10:23:45,048|[TRACE] script - #out(`E`) [token]
2021-11-19T10:23:45,048|[TRACE] graph - <------- nonSkippedChar
2021-11-19T10:23:45,048|[TRACE] graph - <----- statementPart
2021-11-19T10:23:45,048|[TRACE] graph - -----> statementPart
2021-11-19T10:23:45,048|[TRACE] graph - -------> nonSkippedChar
2021-11-19T10:23:45,048|[TRACE] script - #out(`Y`) [token]
2021-11-19T10:23:45,048|[TRACE] graph - <------- nonSkippedChar
2021-11-19T10:23:45,048|[TRACE] graph - <----- statementPart
2021-11-19T10:23:45,048|[TRACE] graph - -----> statementPart
2021-11-19T10:23:45,048|[TRACE] graph - -------> nonSkippedSpace
2021-11-19T10:23:45,048|[TRACE] script - #out(` `) [token]
2021-11-19T10:23:45,048|[TRACE] graph - <------- nonSkippedSpace
2021-11-19T10:23:45,048|[TRACE] graph - <----- statementPart
2021-11-19T10:23:45,048|[TRACE] graph - -----> statementPart
2021-11-19T10:23:45,048|[TRACE] graph - -------> nonSkippedChar
2021-11-19T10:23:45,048|[TRACE] script - #out(`(`) [token]
2021-11-19T10:23:45,048|[TRACE] graph - <------- nonSkippedChar
2021-11-19T10:23:45,048|[TRACE] graph - <----- statementPart
2021-11-19T10:23:45,048|[TRACE] graph - -----> statementPart
2021-11-19T10:23:45,048|[TRACE] graph - -------> quotedString
2021-11-19T10:23:45,048|[TRACE] script - #out(``id``) [token]
2021-11-19T10:23:45,048|[TRACE] graph - <------- quotedString
2021-11-19T10:23:45,048|[TRACE] graph - <----- statementPart
2021-11-19T10:23:45,048|[TRACE] graph - -----> statementPart
2021-11-19T10:23:45,048|[TRACE] graph - -------> nonSkippedChar
2021-11-19T10:23:45,048|[TRACE] script - #out(`)`) [token]
2021-11-19T10:23:45,048|[TRACE] graph - <------- nonSkippedChar
2021-11-19T10:23:45,048|[TRACE] graph - <----- statementPart
2021-11-19T10:23:45,048|[TRACE] graph - -----> statementPart
2021-11-19T10:23:45,048|[TRACE] graph - -------> nonSkippedChar
2021-11-19T10:23:45,048|[TRACE] script - #out(`)`) [token]
2021-11-19T10:23:45,048|[TRACE] graph - <------- nonSkippedChar
2021-11-19T10:23:45,048|[TRACE] graph - <----- statementPart
2021-11-19T10:23:45,048|[TRACE] graph - -----> afterStatementPartNewline
2021-11-19T10:23:45,048|[TRACE] script - #out(` `) [text]
2021-11-19T10:23:45,048|[TRACE] graph - <----- afterStatementPartNewline
2021-11-19T10:23:45,048|[TRACE] graph - -----> statementPart
2021-11-19T10:23:45,048|[TRACE] graph - -------> nonSkippedChar
2021-11-19T10:23:45,048|[TRACE] script - #out(`E`) [token]
2021-11-19T10:23:45,048|[TRACE] graph - <------- nonSkippedChar
2021-11-19T10:23:45,048|[TRACE] graph - <----- statementPart
2021-11-19T10:23:45,048|[TRACE] graph - -----> statementPart
2021-11-19T10:23:45,048|[TRACE] graph - -------> nonSkippedChar
2021-11-19T10:23:45,048|[TRACE] script - #out(`N`) [token]
2021-11-19T10:23:45,048|[TRACE] graph - <------- nonSkippedChar
2021-11-19T10:23:45,048|[TRACE] graph - <----- statementPart
2021-11-19T10:23:45,048|[TRACE] graph - -----> statementPart
2021-11-19T10:23:45,048|[TRACE] graph - -------> nonSkippedChar
2021-11-19T10:23:45,048|[TRACE] script - #out(`G`) [token]
2021-11-19T10:23:45,048|[TRACE] graph - <------- nonSkippedChar
2021-11-19T10:23:45,048|[TRACE] graph - <----- statementPart
2021-11-19T10:23:45,048|[TRACE] graph - -----> statementPart
2021-11-19T10:23:45,048|[TRACE] graph - -------> nonSkippedChar
2021-11-19T10:23:45,048|[TRACE] script - #out(`I`) [token]
2021-11-19T10:23:45,048|[TRACE] graph - <------- nonSkippedChar
2021-11-19T10:23:45,048|[TRACE] graph - <----- statementPart
2021-11-19T10:23:45,048|[TRACE] graph - -----> statementPart
2021-11-19T10:23:45,048|[TRACE] graph - -------> nonSkippedChar
2021-11-19T10:23:45,048|[TRACE] script - #out(`N`) [token]
2021-11-19T10:23:45,048|[TRACE] graph - <------- nonSkippedChar
2021-11-19T10:23:45,048|[TRACE] graph - <----- statementPart
2021-11-19T10:23:45,048|[TRACE] graph - -----> statementPart
2021-11-19T10:23:45,048|[TRACE] graph - -------> nonSkippedChar
2021-11-19T10:23:45,048|[TRACE] script - #out(`E`) [token]
2021-11-19T10:23:45,048|[TRACE] graph - <------- nonSkippedChar
2021-11-19T10:23:45,048|[TRACE] graph - <----- statementPart
2021-11-19T10:23:45,049|[TRACE] graph - -----> statementPart
2021-11-19T10:23:45,049|[TRACE] graph - -------> nonSkippedSpace
2021-11-19T10:23:45,049|[TRACE] script - #out(` `) [token]
2021-11-19T10:23:45,049|[TRACE] graph - <------- nonSkippedSpace
2021-11-19T10:23:45,049|[TRACE] graph - <----- statementPart
2021-11-19T10:23:45,049|[TRACE] graph - -----> statementPart
2021-11-19T10:23:45,049|[TRACE] graph - -------> nonSkippedChar
2021-11-19T10:23:45,049|[TRACE] script - #out(`=`) [token]
2021-11-19T10:23:45,049|[TRACE] graph - <------- nonSkippedChar
2021-11-19T10:23:45,049|[TRACE] graph - <----- statementPart
2021-11-19T10:23:45,049|[TRACE] graph - -----> statementPart
2021-11-19T10:23:45,049|[TRACE] graph - -------> nonSkippedSpace
2021-11-19T10:23:45,049|[TRACE] script - #out(` `) [token]
2021-11-19T10:23:45,049|[TRACE] graph - <------- nonSkippedSpace
2021-11-19T10:23:45,049|[TRACE] graph - <----- statementPart
2021-11-19T10:23:45,049|[TRACE] graph - -----> statementPart
2021-11-19T10:23:45,049|[TRACE] graph - -------> nonSkippedChar
2021-11-19T10:23:45,049|[TRACE] script - #out(`I`) [token]
2021-11-19T10:23:45,049|[TRACE] graph - <------- nonSkippedChar
2021-11-19T10:23:45,049|[TRACE] graph - <----- statementPart
2021-11-19T10:23:45,049|[TRACE] graph - -----> statementPart
2021-11-19T10:23:45,049|[TRACE] graph - -------> nonSkippedChar
2021-11-19T10:23:45,049|[TRACE] script - #out(`n`) [token]
2021-11-19T10:23:45,049|[TRACE] graph - <------- nonSkippedChar
2021-11-19T10:23:45,049|[TRACE] graph - <----- statementPart
2021-11-19T10:23:45,049|[TRACE] graph - -----> statementPart
2021-11-19T10:23:45,049|[TRACE] graph - -------> nonSkippedChar
2021-11-19T10:23:45,049|[TRACE] script - #out(`n`) [token]
2021-11-19T10:23:45,049|[TRACE] graph - <------- nonSkippedChar
2021-11-19T10:23:45,049|[TRACE] graph - <----- statementPart
2021-11-19T10:23:45,049|[TRACE] graph - -----> statementPart
2021-11-19T10:23:45,049|[TRACE] graph - -------> nonSkippedChar
2021-11-19T10:23:45,049|[TRACE] script - #out(`o`) [token]
2021-11-19T10:23:45,049|[TRACE] graph - <------- nonSkippedChar
2021-11-19T10:23:45,049|[TRACE] graph - <----- statementPart
2021-11-19T10:23:45,049|[TRACE] graph - -----> statementPart
2021-11-19T10:23:45,049|[TRACE] graph - -------> nonSkippedChar
2021-11-19T10:23:45,049|[TRACE] script - #out(`D`) [token]
2021-11-19T10:23:45,049|[TRACE] graph - <------- nonSkippedChar
2021-11-19T10:23:45,049|[TRACE] graph - <----- statementPart
2021-11-19T10:23:45,049|[TRACE] graph - -----> statementPart
2021-11-19T10:23:45,049|[TRACE] graph - -------> nonSkippedChar
2021-11-19T10:23:45,049|[TRACE] script - #out(`B`) [token]
2021-11-19T10:23:45,049|[TRACE] graph - <------- nonSkippedChar
2021-11-19T10:23:45,049|[TRACE] graph - <----- statementPart
2021-11-19T10:23:45,049|[TRACE] graph - -----> afterStatementPartNewline
2021-11-19T10:23:45,049|[TRACE] script - #out(` `) [text]
2021-11-19T10:23:45,049|[TRACE] graph - <----- afterStatementPartNewline
2021-11-19T10:23:45,049|[TRACE] graph - -----> statementPart
2021-11-19T10:23:45,049|[TRACE] graph - -------> nonSkippedChar
2021-11-19T10:23:45,049|[TRACE] script - #out(`D`) [token]
2021-11-19T10:23:45,049|[TRACE] graph - <------- nonSkippedChar
2021-11-19T10:23:45,049|[TRACE] graph - <----- statementPart
2021-11-19T10:23:45,049|[TRACE] graph - -----> statementPart
2021-11-19T10:23:45,049|[TRACE] graph - -------> nonSkippedChar
2021-11-19T10:23:45,049|[TRACE] script - #out(`E`) [token]
2021-11-19T10:23:45,049|[TRACE] graph - <------- nonSkippedChar
2021-11-19T10:23:45,049|[TRACE] graph - <----- statementPart
2021-11-19T10:23:45,049|[TRACE] graph - -----> statementPart
2021-11-19T10:23:45,049|[TRACE] graph - -------> nonSkippedChar
2021-11-19T10:23:45,049|[TRACE] script - #out(`F`) [token]
2021-11-19T10:23:45,049|[TRACE] graph - <------- nonSkippedChar
2021-11-19T10:23:45,049|[TRACE] graph - <----- statementPart
2021-11-19T10:23:45,049|[TRACE] graph - -----> statementPart
2021-11-19T10:23:45,049|[TRACE] graph - -------> nonSkippedChar
2021-11-19T10:23:45,049|[TRACE] script - #out(`A`) [token]
2021-11-19T10:23:45,049|[TRACE] graph - <------- nonSkippedChar
2021-11-19T10:23:45,049|[TRACE] graph - <----- statementPart
2021-11-19T10:23:45,049|[TRACE] graph - -----> statementPart
2021-11-19T10:23:45,049|[TRACE] graph - -------> nonSkippedChar
2021-11-19T10:23:45,049|[TRACE] script - #out(`U`) [token]
2021-11-19T10:23:45,049|[TRACE] graph - <------- nonSkippedChar
2021-11-19T10:23:45,049|[TRACE] graph - <----- statementPart
2021-11-19T10:23:45,049|[TRACE] graph - -----> statementPart
2021-11-19T10:23:45,049|[TRACE] graph - -------> nonSkippedChar
2021-11-19T10:23:45,049|[TRACE] script - #out(`L`) [token]
2021-11-19T10:23:45,049|[TRACE] graph - <------- nonSkippedChar
2021-11-19T10:23:45,049|[TRACE] graph - <----- statementPart
2021-11-19T10:23:45,049|[TRACE] graph - -----> statementPart
2021-11-19T10:23:45,049|[TRACE] graph - -------> nonSkippedChar
2021-11-19T10:23:45,049|[TRACE] script - #out(`T`) [token]
2021-11-19T10:23:45,049|[TRACE] graph - <------- nonSkippedChar
2021-11-19T10:23:45,049|[TRACE] graph - <----- statementPart
2021-11-19T10:23:45,049|[TRACE] graph - -----> statementPart
2021-11-19T10:23:45,049|[TRACE] graph - -------> nonSkippedSpace
2021-11-19T10:23:45,049|[TRACE] script - #out(` `) [token]
2021-11-19T10:23:45,049|[TRACE] graph - <------- nonSkippedSpace
2021-11-19T10:23:45,049|[TRACE] graph - <----- statementPart
2021-11-19T10:23:45,049|[TRACE] graph - -----> statementPart
2021-11-19T10:23:45,049|[TRACE] graph - -------> nonSkippedChar
2021-11-19T10:23:45,049|[TRACE] script - #out(`C`) [token]
2021-11-19T10:23:45,049|[TRACE] graph - <------- nonSkippedChar
2021-11-19T10:23:45,049|[TRACE] graph - <----- statementPart
2021-11-19T10:23:45,049|[TRACE] graph - -----> statementPart
2021-11-19T10:23:45,049|[TRACE] graph - -------> nonSkippedChar
2021-11-19T10:23:45,049|[TRACE] script - #out(`H`) [token]
2021-11-19T10:23:45,049|[TRACE] graph - <------- nonSkippedChar
2021-11-19T10:23:45,049|[TRACE] graph - <----- statementPart
2021-11-19T10:23:45,049|[TRACE] graph - -----> statementPart
2021-11-19T10:23:45,049|[TRACE] graph - -------> nonSkippedChar
2021-11-19T10:23:45,049|[TRACE] script - #out(`A`) [token]
2021-11-19T10:23:45,049|[TRACE] graph - <------- nonSkippedChar
2021-11-19T10:23:45,049|[TRACE] graph - <----- statementPart
2021-11-19T10:23:45,049|[TRACE] graph - -----> statementPart
2021-11-19T10:23:45,049|[TRACE] graph - -------> nonSkippedChar
2021-11-19T10:23:45,049|[TRACE] script - #out(`R`) [token]
2021-11-19T10:23:45,049|[TRACE] graph - <------- nonSkippedChar
2021-11-19T10:23:45,049|[TRACE] graph - <----- statementPart
2021-11-19T10:23:45,049|[TRACE] graph - -----> statementPart
2021-11-19T10:23:45,049|[TRACE] graph - -------> nonSkippedChar
2021-11-19T10:23:45,049|[TRACE] script - #out(`A`) [token]
2021-11-19T10:23:45,049|[TRACE] graph - <------- nonSkippedChar
2021-11-19T10:23:45,049|[TRACE] graph - <----- statementPart
2021-11-19T10:23:45,049|[TRACE] graph - -----> statementPart
2021-11-19T10:23:45,049|[TRACE] graph - -------> nonSkippedChar
2021-11-19T10:23:45,049|[TRACE] script - #out(`C`) [token]
2021-11-19T10:23:45,049|[TRACE] graph - <------- nonSkippedChar
2021-11-19T10:23:45,049|[TRACE] graph - <----- statementPart
2021-11-19T10:23:45,049|[TRACE] graph - -----> statementPart
2021-11-19T10:23:45,049|[TRACE] graph - -------> nonSkippedChar
2021-11-19T10:23:45,049|[TRACE] script - #out(`T`) [token]
2021-11-19T10:23:45,049|[TRACE] graph - <------- nonSkippedChar
2021-11-19T10:23:45,049|[TRACE] graph - <----- statementPart
2021-11-19T10:23:45,049|[TRACE] graph - -----> statementPart
2021-11-19T10:23:45,049|[TRACE] graph - -------> nonSkippedChar
2021-11-19T10:23:45,049|[TRACE] script - #out(`E`) [token]
2021-11-19T10:23:45,049|[TRACE] graph - <------- nonSkippedChar
2021-11-19T10:23:45,049|[TRACE] graph - <----- statementPart
2021-11-19T10:23:45,049|[TRACE] graph - -----> statementPart
2021-11-19T10:23:45,049|[TRACE] graph - -------> nonSkippedChar
2021-11-19T10:23:45,049|[TRACE] script - #out(`R`) [token]
2021-11-19T10:23:45,049|[TRACE] graph - <------- nonSkippedChar
2021-11-19T10:23:45,049|[TRACE] graph - <----- statementPart
2021-11-19T10:23:45,049|[TRACE] graph - -----> statementPart
2021-11-19T10:23:45,049|[TRACE] graph - -------> nonSkippedSpace
2021-11-19T10:23:45,049|[TRACE] script - #out(` `) [token]
2021-11-19T10:23:45,049|[TRACE] graph - <------- nonSkippedSpace
2021-11-19T10:23:45,049|[TRACE] graph - <----- statementPart
2021-11-19T10:23:45,049|[TRACE] graph - -----> statementPart
2021-11-19T10:23:45,049|[TRACE] graph - -------> nonSkippedChar
2021-11-19T10:23:45,049|[TRACE] script - #out(`S`) [token]
2021-11-19T10:23:45,049|[TRACE] graph - <------- nonSkippedChar
2021-11-19T10:23:45,049|[TRACE] graph - <----- statementPart
2021-11-19T10:23:45,049|[TRACE] graph - -----> statementPart
2021-11-19T10:23:45,049|[TRACE] graph - -------> nonSkippedChar
2021-11-19T10:23:45,049|[TRACE] script - #out(`E`) [token]
2021-11-19T10:23:45,109|[TRACE] graph - <------- nonSkippedChar
2021-11-19T10:23:45,109|[TRACE] graph - <----- statementPart
2021-11-19T10:23:45,109|[TRACE] graph - -----> statementPart
2021-11-19T10:23:45,109|[TRACE] graph - -------> nonSkippedChar
2021-11-19T10:23:45,109|[TRACE] script - #out(`T`) [token]
2021-11-19T10:23:45,109|[TRACE] graph - <------- nonSkippedChar
2021-11-19T10:23:45,109|[TRACE] graph - <----- statementPart
2021-11-19T10:23:45,109|[TRACE] graph - -----> statementPart
2021-11-19T10:23:45,109|[TRACE] graph - -------> nonSkippedSpace
2021-11-19T10:23:45,109|[TRACE] script - #out(` `) [token]
2021-11-19T10:23:45,109|[TRACE] graph - <------- nonSkippedSpace
2021-11-19T10:23:45,109|[TRACE] graph - <----- statementPart
2021-11-19T10:23:45,109|[TRACE] graph - -----> statementPart
2021-11-19T10:23:45,109|[TRACE] graph - -------> nonSkippedChar
2021-11-19T10:23:45,109|[TRACE] script - #out(`=`) [token]
2021-11-19T10:23:45,109|[TRACE] graph - <------- nonSkippedChar
2021-11-19T10:23:45,109|[TRACE] graph - <----- statementPart
2021-11-19T10:23:45,109|[TRACE] graph - -----> statementPart
2021-11-19T10:23:45,109|[TRACE] graph - -------> nonSkippedSpace
2021-11-19T10:23:45,109|[TRACE] script - #out(` `) [token]
2021-11-19T10:23:45,109|[TRACE] graph - <------- nonSkippedSpace
2021-11-19T10:23:45,109|[TRACE] graph - <----- statementPart
2021-11-19T10:23:45,109|[TRACE] graph - -----> statementPart
2021-11-19T10:23:45,109|[TRACE] graph - -------> nonSkippedChar
2021-11-19T10:23:45,109|[TRACE] script - #out(`u`) [token]
2021-11-19T10:23:45,109|[TRACE] graph - <------- nonSkippedChar
2021-11-19T10:23:45,109|[TRACE] graph - <----- statementPart
2021-11-19T10:23:45,109|[TRACE] graph - -----> statementPart
2021-11-19T10:23:45,109|[TRACE] graph - -------> nonSkippedChar
2021-11-19T10:23:45,109|[TRACE] script - #out(`t`) [token]
2021-11-19T10:23:45,109|[TRACE] graph - <------- nonSkippedChar
2021-11-19T10:23:45,109|[TRACE] graph - <----- statementPart
2021-11-19T10:23:45,109|[TRACE] graph - -----> statementPart
2021-11-19T10:23:45,109|[TRACE] graph - -------> nonSkippedChar
2021-11-19T10:23:45,109|[TRACE] script - #out(`f`) [token]
2021-11-19T10:23:45,109|[TRACE] graph - <------- nonSkippedChar
2021-11-19T10:23:45,109|[TRACE] graph - <----- statementPart
2021-11-19T10:23:45,109|[TRACE] graph - -----> statementPart
2021-11-19T10:23:45,109|[TRACE] graph - -------> nonSkippedChar
2021-11-19T10:23:45,109|[TRACE] script - #out(`8`) [token]
2021-11-19T10:23:45,109|[TRACE] graph - <------- nonSkippedChar
2021-11-19T10:23:45,109|[TRACE] graph - <----- statementPart
2021-11-19T10:23:45,109|[TRACE] graph - -----> statementPart
2021-11-19T10:23:45,109|[TRACE] graph - -------> nonSkippedChar
2021-11-19T10:23:45,109|[TRACE] script - #out(`m`) [token]
2021-11-19T10:23:45,109|[TRACE] graph - <------- nonSkippedChar
2021-11-19T10:23:45,109|[TRACE] graph - <----- statementPart
2021-11-19T10:23:45,109|[TRACE] graph - -----> statementPart
2021-11-19T10:23:45,109|[TRACE] graph - -------> nonSkippedChar
2021-11-19T10:23:45,109|[TRACE] script - #out(`b`) [token]
2021-11-19T10:23:45,109|[TRACE] graph - <------- nonSkippedChar
2021-11-19T10:23:45,109|[TRACE] graph - <----- statementPart
2021-11-19T10:23:45,109|[TRACE] graph - -----> statementPart
2021-11-19T10:23:45,109|[TRACE] graph - -------> nonSkippedChar
2021-11-19T10:23:45,109|[TRACE] script - #out(`4`) [token]
2021-11-19T10:23:45,109|[TRACE] graph - <------- nonSkippedChar
2021-11-19T10:23:45,109|[TRACE] graph - <----- statementPart
2021-11-19T10:23:45,109|[TRACE] graph - -----> afterStatementPartNewline
2021-11-19T10:23:45,109|[TRACE] script - #out(` `) [text]
2021-11-19T10:23:45,109|[TRACE] graph - <----- afterStatementPartNewline
2021-11-19T10:23:45,109|[TRACE] graph - -----> statementPart
2021-11-19T10:23:45,109|[TRACE] graph - -------> nonSkippedChar
2021-11-19T10:23:45,109|[TRACE] script - #out(`C`) [token]
2021-11-19T10:23:45,109|[TRACE] graph - <------- nonSkippedChar
2021-11-19T10:23:45,109|[TRACE] graph - <----- statementPart
2021-11-19T10:23:45,109|[TRACE] graph - -----> statementPart
2021-11-19T10:23:45,109|[TRACE] graph - -------> nonSkippedChar
2021-11-19T10:23:45,109|[TRACE] script - #out(`O`) [token]
2021-11-19T10:23:45,109|[TRACE] graph - <------- nonSkippedChar
2021-11-19T10:23:45,109|[TRACE] graph - <----- statementPart
2021-11-19T10:23:45,109|[TRACE] graph - -----> statementPart
2021-11-19T10:23:45,109|[TRACE] graph - -------> nonSkippedChar
2021-11-19T10:23:45,109|[TRACE] script - #out(`L`) [token]
2021-11-19T10:23:45,109|[TRACE] graph - <------- nonSkippedChar
2021-11-19T10:23:45,109|[TRACE] graph - <----- statementPart
2021-11-19T10:23:45,109|[TRACE] graph - -----> statementPart
2021-11-19T10:23:45,109|[TRACE] graph - -------> nonSkippedChar
2021-11-19T10:23:45,109|[TRACE] script - #out(`L`) [token]
2021-11-19T10:23:45,109|[TRACE] graph - <------- nonSkippedChar
2021-11-19T10:23:45,109|[TRACE] graph - <----- statementPart
2021-11-19T10:23:45,109|[TRACE] graph - -----> statementPart
2021-11-19T10:23:45,109|[TRACE] graph - -------> nonSkippedChar
2021-11-19T10:23:45,109|[TRACE] script - #out(`A`) [token]
2021-11-19T10:23:45,109|[TRACE] graph - <------- nonSkippedChar
2021-11-19T10:23:45,109|[TRACE] graph - <----- statementPart
2021-11-19T10:23:45,109|[TRACE] graph - -----> statementPart
2021-11-19T10:23:45,109|[TRACE] graph - -------> nonSkippedChar
2021-11-19T10:23:45,109|[TRACE] script - #out(`T`) [token]
2021-11-19T10:23:45,109|[TRACE] graph - <------- nonSkippedChar
2021-11-19T10:23:45,109|[TRACE] graph - <----- statementPart
2021-11-19T10:23:45,109|[TRACE] graph - -----> statementPart
2021-11-19T10:23:45,109|[TRACE] graph - -------> nonSkippedChar
2021-11-19T10:23:45,109|[TRACE] script - #out(`E`) [token]
2021-11-19T10:23:45,109|[TRACE] graph - <------- nonSkippedChar
2021-11-19T10:23:45,109|[TRACE] graph - <----- statementPart
2021-11-19T10:23:45,109|[TRACE] graph - -----> statementPart
2021-11-19T10:23:45,110|[TRACE] graph - -------> nonSkippedSpace
2021-11-19T10:23:45,110|[TRACE] script - #out(` `) [token]
2021-11-19T10:23:45,110|[TRACE] graph - <------- nonSkippedSpace
2021-11-19T10:23:45,110|[TRACE] graph - <----- statementPart
2021-11-19T10:23:45,110|[TRACE] graph - -----> statementPart
2021-11-19T10:23:45,110|[TRACE] graph - -------> nonSkippedChar
2021-11-19T10:23:45,110|[TRACE] script - #out(`=`) [token]
2021-11-19T10:23:45,110|[TRACE] graph - <------- nonSkippedChar
2021-11-19T10:23:45,110|[TRACE] graph - <----- statementPart
2021-11-19T10:23:45,110|[TRACE] graph - -----> statementPart
2021-11-19T10:23:45,110|[TRACE] graph - -------> nonSkippedSpace
2021-11-19T10:23:45,110|[TRACE] script - #out(` `) [token]
2021-11-19T10:23:45,110|[TRACE] graph - <------- nonSkippedSpace
2021-11-19T10:23:45,110|[TRACE] graph - <----- statementPart
2021-11-19T10:23:45,110|[TRACE] graph - -----> statementPart
2021-11-19T10:23:45,110|[TRACE] graph - -------> nonSkippedChar
2021-11-19T10:23:45,110|[TRACE] script - #out(`u`) [token]
2021-11-19T10:23:45,110|[TRACE] graph - <------- nonSkippedChar
2021-11-19T10:23:45,110|[TRACE] graph - <----- statementPart
2021-11-19T10:23:45,110|[TRACE] graph - -----> statementPart
2021-11-19T10:23:45,110|[TRACE] graph - -------> nonSkippedChar
2021-11-19T10:23:45,110|[TRACE] script - #out(`t`) [token]
2021-11-19T10:23:45,110|[TRACE] graph - <------- nonSkippedChar
2021-11-19T10:23:45,110|[TRACE] graph - <----- statementPart
2021-11-19T10:23:45,110|[TRACE] graph - -----> statementPart
2021-11-19T10:23:45,110|[TRACE] graph - -------> nonSkippedChar
2021-11-19T10:23:45,110|[TRACE] script - #out(`f`) [token]
2021-11-19T10:23:45,110|[TRACE] graph - <------- nonSkippedChar
2021-11-19T10:23:45,110|[TRACE] graph - <----- statementPart
2021-11-19T10:23:45,110|[TRACE] graph - -----> statementPart
2021-11-19T10:23:45,110|[TRACE] graph - -------> nonSkippedChar
2021-11-19T10:23:45,110|[TRACE] script - #out(`8`) [token]
2021-11-19T10:23:45,110|[TRACE] graph - <------- nonSkippedChar
2021-11-19T10:23:45,110|[TRACE] graph - <----- statementPart
2021-11-19T10:23:45,110|[TRACE] graph - -----> statementPart
2021-11-19T10:23:45,110|[TRACE] graph - -------> nonSkippedChar
2021-11-19T10:23:45,110|[TRACE] script - #out(`m`) [token]
2021-11-19T10:23:45,110|[TRACE] graph - <------- nonSkippedChar
2021-11-19T10:23:45,110|[TRACE] graph - <----- statementPart
2021-11-19T10:23:45,110|[TRACE] graph - -----> statementPart
2021-11-19T10:23:45,110|[TRACE] graph - -------> nonSkippedChar
2021-11-19T10:23:45,110|[TRACE] script - #out(`b`) [token]
2021-11-19T10:23:45,110|[TRACE] graph - <------- nonSkippedChar
2021-11-19T10:23:45,110|[TRACE] graph - <----- statementPart
2021-11-19T10:23:45,110|[TRACE] graph - -----> statementPart
2021-11-19T10:23:45,110|[TRACE] graph - -------> nonSkippedChar
2021-11-19T10:23:45,110|[TRACE] script - #out(`4`) [token]
2021-11-19T10:23:45,110|[TRACE] graph - <------- nonSkippedChar
2021-11-19T10:23:45,110|[TRACE] graph - <----- statementPart
2021-11-19T10:23:45,110|[TRACE] graph - -----> statementPart
2021-11-19T10:23:45,110|[TRACE] graph - -------> nonSkippedChar
2021-11-19T10:23:45,110|[TRACE] script - #out(`_`) [token]
2021-11-19T10:23:45,110|[TRACE] graph - <------- nonSkippedChar
2021-11-19T10:23:45,110|[TRACE] graph - <----- statementPart
2021-11-19T10:23:45,110|[TRACE] graph - -----> statementPart
2021-11-19T10:23:45,110|[TRACE] graph - -------> nonSkippedChar
2021-11-19T10:23:45,110|[TRACE] script - #out(`0`) [token]
2021-11-19T10:23:45,110|[TRACE] graph - <------- nonSkippedChar
2021-11-19T10:23:45,110|[TRACE] graph - <----- statementPart
2021-11-19T10:23:45,110|[TRACE] graph - -----> statementPart
2021-11-19T10:23:45,110|[TRACE] graph - -------> nonSkippedChar
2021-11-19T10:23:45,110|[TRACE] script - #out(`9`) [token]
2021-11-19T10:23:45,110|[TRACE] graph - <------- nonSkippedChar
2021-11-19T10:23:45,110|[TRACE] graph - <----- statementPart
2021-11-19T10:23:45,110|[TRACE] graph - -----> statementPart
2021-11-19T10:23:45,110|[TRACE] graph - -------> nonSkippedChar
2021-11-19T10:23:45,110|[TRACE] script - #out(`0`) [token]
2021-11-19T10:23:45,110|[TRACE] graph - <------- nonSkippedChar
2021-11-19T10:23:45,110|[TRACE] graph - <----- statementPart
2021-11-19T10:23:45,110|[TRACE] graph - -----> statementPart
2021-11-19T10:23:45,110|[TRACE] graph - -------> nonSkippedChar
2021-11-19T10:23:45,110|[TRACE] script - #out(`0`) [token]
2021-11-19T10:23:45,110|[TRACE] graph - <------- nonSkippedChar
2021-11-19T10:23:45,110|[TRACE] graph - <----- statementPart
2021-11-19T10:23:45,110|[TRACE] graph - -----> statementPart
2021-11-19T10:23:45,110|[TRACE] graph - -------> nonSkippedChar
2021-11-19T10:23:45,110|[TRACE] script - #out(`_`) [token]
2021-11-19T10:23:45,110|[TRACE] graph - <------- nonSkippedChar
2021-11-19T10:23:45,110|[TRACE] graph - <----- statementPart
2021-11-19T10:23:45,110|[TRACE] graph - -----> statementPart
2021-11-19T10:23:45,110|[TRACE] graph - -------> nonSkippedChar
2021-11-19T10:23:45,110|[TRACE] script - #out(`a`) [token]
2021-11-19T10:23:45,110|[TRACE] graph - <------- nonSkippedChar
2021-11-19T10:23:45,110|[TRACE] graph - <----- statementPart
2021-11-19T10:23:45,110|[TRACE] graph - -----> statementPart
2021-11-19T10:23:45,110|[TRACE] graph - -------> nonSkippedChar
2021-11-19T10:23:45,110|[TRACE] script - #out(`i`) [token]
2021-11-19T10:23:45,110|[TRACE] graph - <------- nonSkippedChar
2021-11-19T10:23:45,110|[TRACE] graph - <----- statementPart
2021-11-19T10:23:45,110|[TRACE] graph - -----> statementPart
2021-11-19T10:23:45,110|[TRACE] graph - -------> nonSkippedChar
2021-11-19T10:23:45,110|[TRACE] script - #out(`_`) [token]
2021-11-19T10:23:45,110|[TRACE] graph - <------- nonSkippedChar
2021-11-19T10:23:45,110|[TRACE] graph - <----- statementPart
2021-11-19T10:23:45,110|[TRACE] graph - -----> statementPart
2021-11-19T10:23:45,110|[TRACE] graph - -------> nonSkippedChar
2021-11-19T10:23:45,110|[TRACE] script - #out(`c`) [token]
2021-11-19T10:23:45,110|[TRACE] graph - <------- nonSkippedChar
2021-11-19T10:23:45,110|[TRACE] graph - <----- statementPart
2021-11-19T10:23:45,110|[TRACE] graph - -----> statementPart
2021-11-19T10:23:45,110|[TRACE] graph - -------> nonSkippedChar
2021-11-19T10:23:45,110|[TRACE] script - #out(`i`) [token]
2021-11-19T10:23:45,110|[TRACE] graph - <------- nonSkippedChar
2021-11-19T10:23:45,110|[TRACE] graph - <----- statementPart
2021-11-19T10:23:45,110|[DEBUG] graph - Import statement : CREATE TABLE IF NOT EXISTS `bloodbank`.`person` (   `id` INT NOT NULL AUTO_INCREMENT,   `first_name` VARCHAR(50) NOT NULL,   `last_name` VARCHAR(50) NOT NULL,   `created` BIGINT NOT NULL DEFAULT (unix_timestamp(now()) * 1000),   `updated` BIGINT NOT NULL DEFAULT (unix_timestamp(now()) * 1000),   `version` INT NOT NULL DEFAULT '1',   PRIMARY KEY (`id`)) ENGINE = InnoDB DEFAULT CHARACTER SET = utf8mb4 COLLATE = utf8mb4_0900_ai_ci
2021-11-19T10:23:45,110|[TRACE] graph - <--- statement
2021-11-19T10:23:45,110|[TRACE] graph - ---> blankSpacesToSkip
2021-11-19T10:23:45,110|[TRACE] graph - -----> newLineToSkip
2021-11-19T10:23:45,110|[TRACE] graph - <----- newLineToSkip
2021-11-19T10:23:45,110|[TRACE] graph - -----> newLineToSkip
2021-11-19T10:23:45,110|[TRACE] graph - <----- newLineToSkip
2021-11-19T10:23:45,110|[TRACE] graph - -----> newLineToSkip
2021-11-19T10:23:45,110|[TRACE] graph - <----- newLineToSkip
2021-11-19T10:23:45,110|[TRACE] graph - -----> newLineToSkip
2021-11-19T10:23:45,110|[TRACE] graph - <----- newLineToSkip
2021-11-19T10:23:45,110|[TRACE] graph - -----> newLineToSkip
2021-11-19T10:23:45,110|[TRACE] graph - <----- newLineToSkip
2021-11-19T10:23:45,110|[TRACE] graph - -----> newLineToSkip
2021-11-19T10:23:45,110|[TRACE] graph - <----- newLineToSkip
2021-11-19T10:23:45,110|[TRACE] graph - <--- blankSpacesToSkip
2021-11-19T10:23:45,110|[TRACE] graph - ---> statement
2021-11-19T10:23:45,110|[TRACE] graph - -----> statementFirstPart
2021-11-19T10:23:45,110|[TRACE] graph - -------> nonSkippedChar
2021-11-19T10:23:45,110|[TRACE] script - #out(`C`) [token]
2021-11-19T10:23:45,110|[TRACE] graph - <------- nonSkippedChar
2021-11-19T10:23:45,110|[TRACE] graph - <----- statementFirstPart
2021-11-19T10:23:45,110|[TRACE] graph - -----> statementPart
2021-11-19T10:23:45,110|[TRACE] graph - -------> nonSkippedChar
2021-11-19T10:23:45,110|[TRACE] script - #out(`R`) [token]
2021-11-19T10:23:45,110|[TRACE] graph - <------- nonSkippedChar
2021-11-19T10:23:45,110|[TRACE] graph - <----- statementPart
2021-11-19T10:23:45,110|[TRACE] graph - -----> statementPart
2021-11-19T10:23:45,110|[TRACE] graph - -------> nonSkippedChar
2021-11-19T10:23:45,110|[TRACE] script - #out(`E`) [token]
2021-11-19T10:23:45,110|[TRACE] graph - <------- nonSkippedChar
2021-11-19T10:23:45,110|[TRACE] graph - <----- statementPart
2021-11-19T10:23:45,110|[TRACE] graph - -----> statementPart
2021-11-19T10:23:45,110|[TRACE] graph - -------> nonSkippedChar
2021-11-19T10:23:45,110|[TRACE] script - #out(`A`) [token]
2021-11-19T10:23:45,110|[TRACE] graph - <------- nonSkippedChar
2021-11-19T10:23:45,110|[TRACE] graph - <----- statementPart
2021-11-19T10:23:45,110|[TRACE] graph - -----> statementPart
2021-11-19T10:23:45,110|[TRACE] graph - -------> nonSkippedChar
2021-11-19T10:23:45,110|[TRACE] script - #out(`T`) [token]
2021-11-19T10:23:45,110|[TRACE] graph - <------- nonSkippedChar
2021-11-19T10:23:45,110|[TRACE] graph - <----- statementPart
2021-11-19T10:23:45,110|[TRACE] graph - -----> statementPart
2021-11-19T10:23:45,110|[TRACE] graph - -------> nonSkippedChar
2021-11-19T10:23:45,110|[TRACE] script - #out(`E`) [token]
2021-11-19T10:23:45,110|[TRACE] graph - <------- nonSkippedChar
2021-11-19T10:23:45,110|[TRACE] graph - <----- statementPart
2021-11-19T10:23:45,110|[TRACE] graph - -----> statementPart
2021-11-19T10:23:45,110|[TRACE] graph - -------> nonSkippedSpace
2021-11-19T10:23:45,110|[TRACE] script - #out(` `) [token]
2021-11-19T10:23:45,110|[TRACE] graph - <------- nonSkippedSpace
2021-11-19T10:23:45,110|[TRACE] graph - <----- statementPart
2021-11-19T10:23:45,110|[TRACE] graph - -----> statementPart
2021-11-19T10:23:45,110|[TRACE] graph - -------> nonSkippedChar
2021-11-19T10:23:45,110|[TRACE] script - #out(`T`) [token]
2021-11-19T10:23:45,110|[TRACE] graph - <------- nonSkippedChar
2021-11-19T10:23:45,110|[TRACE] graph - <----- statementPart
2021-11-19T10:23:45,110|[TRACE] graph - -----> statementPart
2021-11-19T10:23:45,110|[TRACE] graph - -------> nonSkippedChar
2021-11-19T10:23:45,110|[TRACE] script - #out(`A`) [token]
2021-11-19T10:23:45,110|[TRACE] graph - <------- nonSkippedChar
2021-11-19T10:23:45,110|[TRACE] graph - <----- statementPart
2021-11-19T10:23:45,110|[TRACE] graph - -----> statementPart
2021-11-19T10:23:45,110|[TRACE] graph - -------> nonSkippedChar
2021-11-19T10:23:45,110|[TRACE] script - #out(`B`) [token]
2021-11-19T10:23:45,110|[TRACE] graph - <------- nonSkippedChar
2021-11-19T10:23:45,110|[TRACE] graph - <----- statementPart
2021-11-19T10:23:45,110|[TRACE] graph - -----> statementPart
2021-11-19T10:23:45,110|[TRACE] graph - -------> nonSkippedChar
2021-11-19T10:23:45,110|[TRACE] script - #out(`L`) [token]
2021-11-19T10:23:45,110|[TRACE] graph - <------- nonSkippedChar
2021-11-19T10:23:45,110|[TRACE] graph - <----- statementPart
2021-11-19T10:23:45,110|[TRACE] graph - -----> statementPart
2021-11-19T10:23:45,110|[TRACE] graph - -------> nonSkippedChar
2021-11-19T10:23:45,110|[TRACE] script - #out(`E`) [token]
2021-11-19T10:23:45,110|[TRACE] graph - <------- nonSkippedChar
2021-11-19T10:23:45,110|[TRACE] graph - <----- statementPart
2021-11-19T10:23:45,110|[TRACE] graph - -----> statementPart
2021-11-19T10:23:45,110|[TRACE] graph - -------> nonSkippedSpace
2021-11-19T10:23:45,110|[TRACE] script - #out(` `) [token]
2021-11-19T10:23:45,110|[TRACE] graph - <------- nonSkippedSpace
2021-11-19T10:23:45,110|[TRACE] graph - <----- statementPart
2021-11-19T10:23:45,110|[TRACE] graph - -----> statementPart
2021-11-19T10:23:45,110|[TRACE] graph - -------> nonSkippedChar
2021-11-19T10:23:45,110|[TRACE] script - #out(`I`) [token]
2021-11-19T10:23:45,110|[TRACE] graph - <------- nonSkippedChar
2021-11-19T10:23:45,110|[TRACE] graph - <----- statementPart
2021-11-19T10:23:45,110|[TRACE] graph - -----> statementPart
2021-11-19T10:23:45,110|[TRACE] graph - -------> nonSkippedChar
2021-11-19T10:23:45,110|[TRACE] script - #out(`F`) [token]
2021-11-19T10:23:45,110|[TRACE] graph - <------- nonSkippedChar
2021-11-19T10:23:45,110|[TRACE] graph - <----- statementPart
2021-11-19T10:23:45,110|[TRACE] graph - -----> statementPart
2021-11-19T10:23:45,110|[TRACE] graph - -------> nonSkippedSpace
2021-11-19T10:23:45,110|[TRACE] script - #out(` `) [token]
2021-11-19T10:23:45,110|[TRACE] graph - <------- nonSkippedSpace
2021-11-19T10:23:45,110|[TRACE] graph - <----- statementPart
2021-11-19T10:23:45,110|[TRACE] graph - -----> statementPart
2021-11-19T10:23:45,110|[TRACE] graph - -------> nonSkippedChar
2021-11-19T10:23:45,110|[TRACE] script - #out(`N`) [token]
2021-11-19T10:23:45,110|[TRACE] graph - <------- nonSkippedChar
2021-11-19T10:23:45,110|[TRACE] graph - <----- statementPart
2021-11-19T10:23:45,110|[TRACE] graph - -----> statementPart
2021-11-19T10:23:45,110|[TRACE] graph - -------> nonSkippedChar
2021-11-19T10:23:45,110|[TRACE] script - #out(`O`) [token]
2021-11-19T10:23:45,110|[TRACE] graph - <------- nonSkippedChar
2021-11-19T10:23:45,110|[TRACE] graph - <----- statementPart
2021-11-19T10:23:45,110|[TRACE] graph - -----> statementPart
2021-11-19T10:23:45,110|[TRACE] graph - -------> nonSkippedChar
2021-11-19T10:23:45,110|[TRACE] script - #out(`T`) [token]
2021-11-19T10:23:45,110|[TRACE] graph - <------- nonSkippedChar
2021-11-19T10:23:45,110|[TRACE] graph - <----- statementPart
2021-11-19T10:23:45,110|[TRACE] graph - -----> statementPart
2021-11-19T10:23:45,110|[TRACE] graph - -------> nonSkippedSpace
2021-11-19T10:23:45,110|[TRACE] script - #out(` `) [token]
2021-11-19T10:23:45,110|[TRACE] graph - <------- nonSkippedSpace
2021-11-19T10:23:45,110|[TRACE] graph - <----- statementPart
2021-11-19T10:23:45,110|[TRACE] graph - -----> statementPart
2021-11-19T10:23:45,110|[TRACE] graph - -------> nonSkippedChar
2021-11-19T10:23:45,110|[TRACE] script - #out(`E`) [token]
2021-11-19T10:23:45,110|[TRACE] graph - <------- nonSkippedChar
2021-11-19T10:23:45,110|[TRACE] graph - <----- statementPart
2021-11-19T10:23:45,110|[TRACE] graph - -----> statementPart
2021-11-19T10:23:45,110|[TRACE] graph - -------> nonSkippedChar
2021-11-19T10:23:45,110|[TRACE] script - #out(`X`) [token]
2021-11-19T10:23:45,110|[TRACE] graph - <------- nonSkippedChar
2021-11-19T10:23:45,110|[TRACE] graph - <----- statementPart
2021-11-19T10:23:45,110|[TRACE] graph - -----> statementPart
2021-11-19T10:23:45,110|[TRACE] graph - -------> nonSkippedChar
2021-11-19T10:23:45,110|[TRACE] script - #out(`I`) [token]
2021-11-19T10:23:45,110|[TRACE] graph - <------- nonSkippedChar
2021-11-19T10:23:45,110|[TRACE] graph - <----- statementPart
2021-11-19T10:23:45,110|[TRACE] graph - -----> statementPart
2021-11-19T10:23:45,110|[TRACE] graph - -------> nonSkippedChar
2021-11-19T10:23:45,110|[TRACE] script - #out(`S`) [token]
2021-11-19T10:23:45,110|[TRACE] graph - <------- nonSkippedChar
2021-11-19T10:23:45,110|[TRACE] graph - <----- statementPart
2021-11-19T10:23:45,110|[TRACE] graph - -----> statementPart
2021-11-19T10:23:45,110|[TRACE] graph - -------> nonSkippedChar
2021-11-19T10:23:45,110|[TRACE] script - #out(`T`) [token]
2021-11-19T10:23:45,110|[TRACE] graph - <------- nonSkippedChar
2021-11-19T10:23:45,110|[TRACE] graph - <----- statementPart
2021-11-19T10:23:45,110|[TRACE] graph - -----> statementPart
2021-11-19T10:23:45,110|[TRACE] graph - -------> nonSkippedChar
2021-11-19T10:23:45,110|[TRACE] script - #out(`S`) [token]
2021-11-19T10:23:45,110|[TRACE] graph - <------- nonSkippedChar
2021-11-19T10:23:45,110|[TRACE] graph - <----- statementPart
2021-11-19T10:23:45,110|[TRACE] graph - -----> statementPart
2021-11-19T10:23:45,110|[TRACE] graph - -------> nonSkippedSpace
2021-11-19T10:23:45,110|[TRACE] script - #out(` `) [token]
2021-11-19T10:23:45,110|[TRACE] graph - <------- nonSkippedSpace
2021-11-19T10:23:45,110|[TRACE] graph - <----- statementPart
2021-11-19T10:23:45,110|[TRACE] graph - -----> statementPart
2021-11-19T10:23:45,110|[TRACE] graph - -------> quotedString
2021-11-19T10:23:45,110|[TRACE] script - #out(``bloodbank``) [token]
2021-11-19T10:23:45,110|[TRACE] graph - <------- quotedString
2021-11-19T10:23:45,110|[TRACE] graph - <----- statementPart
2021-11-19T10:23:45,110|[TRACE] graph - -----> statementPart
2021-11-19T10:23:45,110|[TRACE] graph - -------> nonSkippedChar
2021-11-19T10:23:45,110|[TRACE] script - #out(`.`) [token]
2021-11-19T10:23:45,110|[TRACE] graph - <------- nonSkippedChar
2021-11-19T10:23:45,110|[TRACE] graph - <----- statementPart
2021-11-19T10:23:45,110|[TRACE] graph - -----> statementPart
2021-11-19T10:23:45,110|[TRACE] graph - -------> quotedString
2021-11-19T10:23:45,110|[TRACE] script - #out(``blood_bank``) [token]
2021-11-19T10:23:45,110|[TRACE] graph - <------- quotedString
2021-11-19T10:23:45,110|[TRACE] graph - <----- statementPart
2021-11-19T10:23:45,110|[TRACE] graph - -----> statementPart
2021-11-19T10:23:45,110|[TRACE] graph - -------> nonSkippedSpace
2021-11-19T10:23:45,110|[TRACE] script - #out(` `) [token]
2021-11-19T10:23:45,110|[TRACE] graph - <------- nonSkippedSpace
2021-11-19T10:23:45,110|[TRACE] graph - <----- statementPart
2021-11-19T10:23:45,110|[TRACE] graph - -----> statementPart
2021-11-19T10:23:45,110|[TRACE] graph - -------> nonSkippedChar
2021-11-19T10:23:45,110|[TRACE] script - #out(`(`) [token]
2021-11-19T10:23:45,110|[TRACE] graph - <------- nonSkippedChar
2021-11-19T10:23:45,110|[TRACE] graph - <----- statementPart
2021-11-19T10:23:45,110|[TRACE] graph - -----> afterStatementPartNewline
2021-11-19T10:23:45,110|[TRACE] script - #out(` `) [text]
2021-11-19T10:23:45,110|[TRACE] graph - <----- afterStatementPartNewline
2021-11-19T10:23:45,110|[TRACE] graph - -----> statementPart
2021-11-19T10:23:45,110|[TRACE] graph - -------> nonSkippedSpace
2021-11-19T10:23:45,110|[TRACE] script - #out(` `) [token]
2021-11-19T10:23:45,110|[TRACE] graph - <------- nonSkippedSpace
2021-11-19T10:23:45,110|[TRACE] graph - <----- statementPart
2021-11-19T10:23:45,110|[TRACE] graph - -----> statementPart
2021-11-19T10:23:45,110|[TRACE] graph - -------> nonSkippedSpace
2021-11-19T10:23:45,110|[TRACE] script - #out(` `) [token]
2021-11-19T10:23:45,110|[TRACE] graph - <------- nonSkippedSpace
2021-11-19T10:23:45,110|[TRACE] graph - <----- statementPart
2021-11-19T10:23:45,110|[TRACE] graph - -----> statementPart
2021-11-19T10:23:45,110|[TRACE] graph - -------> quotedString
2021-11-19T10:23:45,111|[TRACE] script - #out(``bank_id``) [token]
2021-11-19T10:23:45,111|[TRACE] graph - <------- quotedString
2021-11-19T10:23:45,111|[TRACE] graph - <----- statementPart
2021-11-19T10:23:45,111|[TRACE] graph - -----> statementPart
2021-11-19T10:23:45,111|[TRACE] graph - -------> nonSkippedSpace
2021-11-19T10:23:45,111|[TRACE] script - #out(` `) [token]
2021-11-19T10:23:45,111|[TRACE] graph - <------- nonSkippedSpace
2021-11-19T10:23:45,111|[TRACE] graph - <----- statementPart
2021-11-19T10:23:45,111|[TRACE] graph - -----> statementPart
2021-11-19T10:23:45,111|[TRACE] graph - -------> nonSkippedChar
2021-11-19T10:23:45,111|[TRACE] script - #out(`I`) [token]
2021-11-19T10:23:45,111|[TRACE] graph - <------- nonSkippedChar
2021-11-19T10:23:45,111|[TRACE] graph - <----- statementPart
2021-11-19T10:23:45,111|[TRACE] graph - -----> statementPart
2021-11-19T10:23:45,111|[TRACE] graph - -------> nonSkippedChar
2021-11-19T10:23:45,111|[TRACE] script - #out(`N`) [token]
2021-11-19T10:23:45,111|[TRACE] graph - <------- nonSkippedChar
2021-11-19T10:23:45,111|[TRACE] graph - <----- statementPart
2021-11-19T10:23:45,111|[TRACE] graph - -----> statementPart
2021-11-19T10:23:45,111|[TRACE] graph - -------> nonSkippedChar
2021-11-19T10:23:45,111|[TRACE] script - #out(`T`) [token]
2021-11-19T10:23:45,111|[TRACE] graph - <------- nonSkippedChar
2021-11-19T10:23:45,111|[TRACE] graph - <----- statementPart
2021-11-19T10:23:45,111|[TRACE] graph - -----> statementPart
2021-11-19T10:23:45,111|[TRACE] graph - -------> nonSkippedSpace
2021-11-19T10:23:45,111|[TRACE] script - #out(` `) [token]
2021-11-19T10:23:45,111|[TRACE] graph - <------- nonSkippedSpace
2021-11-19T10:23:45,111|[TRACE] graph - <----- statementPart
2021-11-19T10:23:45,111|[TRACE] graph - -----> statementPart
2021-11-19T10:23:45,111|[TRACE] graph - -------> nonSkippedChar
2021-11-19T10:23:45,111|[TRACE] script - #out(`N`) [token]
2021-11-19T10:23:45,111|[TRACE] graph - <------- nonSkippedChar
2021-11-19T10:23:45,111|[TRACE] graph - <----- statementPart
2021-11-19T10:23:45,111|[TRACE] graph - -----> statementPart
2021-11-19T10:23:45,111|[TRACE] graph - -------> nonSkippedChar
2021-11-19T10:23:45,111|[TRACE] script - #out(`O`) [token]
2021-11-19T10:23:45,111|[TRACE] graph - <------- nonSkippedChar
2021-11-19T10:23:45,111|[TRACE] graph - <----- statementPart
2021-11-19T10:23:45,111|[TRACE] graph - -----> statementPart
2021-11-19T10:23:45,111|[TRACE] graph - -------> nonSkippedChar
2021-11-19T10:23:45,111|[TRACE] script - #out(`T`) [token]
2021-11-19T10:23:45,111|[TRACE] graph - <------- nonSkippedChar
2021-11-19T10:23:45,111|[TRACE] graph - <----- statementPart
2021-11-19T10:23:45,111|[TRACE] graph - -----> statementPart
2021-11-19T10:23:45,111|[TRACE] graph - -------> nonSkippedSpace
2021-11-19T10:23:45,111|[TRACE] script - #out(` `) [token]
2021-11-19T10:23:45,111|[TRACE] graph - <------- nonSkippedSpace
2021-11-19T10:23:45,111|[TRACE] graph - <----- statementPart
2021-11-19T10:23:45,111|[TRACE] graph - -----> statementPart
2021-11-19T10:23:45,111|[TRACE] graph - -------> nonSkippedChar
2021-11-19T10:23:45,111|[TRACE] script - #out(`N`) [token]
2021-11-19T10:23:45,111|[TRACE] graph - <------- nonSkippedChar
2021-11-19T10:23:45,111|[TRACE] graph - <----- statementPart
2021-11-19T10:23:45,111|[TRACE] graph - -----> statementPart
2021-11-19T10:23:45,111|[TRACE] graph - -------> nonSkippedChar
2021-11-19T10:23:45,111|[TRACE] script - #out(`U`) [token]
2021-11-19T10:23:45,111|[TRACE] graph - <------- nonSkippedChar
2021-11-19T10:23:45,111|[TRACE] graph - <----- statementPart
2021-11-19T10:23:45,111|[TRACE] graph - -----> statementPart
2021-11-19T10:23:45,111|[TRACE] graph - -------> nonSkippedChar
2021-11-19T10:23:45,111|[TRACE] script - #out(`L`) [token]
2021-11-19T10:23:45,111|[TRACE] graph - <------- nonSkippedChar
2021-11-19T10:23:45,111|[TRACE] graph - <----- statementPart
2021-11-19T10:23:45,111|[TRACE] graph - -----> statementPart
2021-11-19T10:23:45,111|[TRACE] graph - -------> nonSkippedChar
2021-11-19T10:23:45,111|[TRACE] script - #out(`L`) [token]
2021-11-19T10:23:45,111|[TRACE] graph - <------- nonSkippedChar
2021-11-19T10:23:45,111|[TRACE] graph - <----- statementPart
2021-11-19T10:23:45,167|[TRACE] graph - -----> statementPart
2021-11-19T10:23:45,167|[TRACE] graph - -------> nonSkippedSpace
2021-11-19T10:23:45,167|[TRACE] script - #out(` `) [token]
2021-11-19T10:23:45,167|[TRACE] graph - <------- nonSkippedSpace
2021-11-19T10:23:45,167|[TRACE] graph - <----- statementPart
2021-11-19T10:23:45,167|[TRACE] graph - -----> statementPart
2021-11-19T10:23:45,167|[TRACE] graph - -------> nonSkippedChar
2021-11-19T10:23:45,167|[TRACE] script - #out(`A`) [token]
2021-11-19T10:23:45,167|[TRACE] graph - <------- nonSkippedChar
2021-11-19T10:23:45,167|[TRACE] graph - <----- statementPart
2021-11-19T10:23:45,167|[TRACE] graph - -----> statementPart
2021-11-19T10:23:45,167|[TRACE] graph - -------> nonSkippedChar
2021-11-19T10:23:45,167|[TRACE] script - #out(`U`) [token]
2021-11-19T10:23:45,167|[TRACE] graph - <------- nonSkippedChar
2021-11-19T10:23:45,167|[TRACE] graph - <----- statementPart
2021-11-19T10:23:45,167|[TRACE] graph - -----> statementPart
2021-11-19T10:23:45,167|[TRACE] graph - -------> nonSkippedChar
2021-11-19T10:23:45,167|[TRACE] script - #out(`T`) [token]
2021-11-19T10:23:45,167|[TRACE] graph - <------- nonSkippedChar
2021-11-19T10:23:45,167|[TRACE] graph - <----- statementPart
2021-11-19T10:23:45,167|[TRACE] graph - -----> statementPart
2021-11-19T10:23:45,167|[TRACE] graph - -------> nonSkippedChar
2021-11-19T10:23:45,167|[TRACE] script - #out(`O`) [token]
2021-11-19T10:23:45,167|[TRACE] graph - <------- nonSkippedChar
2021-11-19T10:23:45,167|[TRACE] graph - <----- statementPart
2021-11-19T10:23:45,167|[TRACE] graph - -----> statementPart
2021-11-19T10:23:45,167|[TRACE] graph - -------> nonSkippedChar
2021-11-19T10:23:45,167|[TRACE] script - #out(`_`) [token]
2021-11-19T10:23:45,167|[TRACE] graph - <------- nonSkippedChar
2021-11-19T10:23:45,167|[TRACE] graph - <----- statementPart
2021-11-19T10:23:45,167|[TRACE] graph - -----> statementPart
2021-11-19T10:23:45,167|[TRACE] graph - -------> nonSkippedChar
2021-11-19T10:23:45,167|[TRACE] script - #out(`I`) [token]
2021-11-19T10:23:45,167|[TRACE] graph - <------- nonSkippedChar
2021-11-19T10:23:45,167|[TRACE] graph - <----- statementPart
2021-11-19T10:23:45,167|[TRACE] graph - -----> statementPart
2021-11-19T10:23:45,167|[TRACE] graph - -------> nonSkippedChar
2021-11-19T10:23:45,167|[TRACE] script - #out(`N`) [token]
2021-11-19T10:23:45,167|[TRACE] graph - <------- nonSkippedChar
2021-11-19T10:23:45,167|[TRACE] graph - <----- statementPart
2021-11-19T10:23:45,167|[TRACE] graph - -----> statementPart
2021-11-19T10:23:45,167|[TRACE] graph - -------> nonSkippedChar
2021-11-19T10:23:45,167|[TRACE] script - #out(`C`) [token]
2021-11-19T10:23:45,167|[TRACE] graph - <------- nonSkippedChar
2021-11-19T10:23:45,167|[TRACE] graph - <----- statementPart
2021-11-19T10:23:45,167|[TRACE] graph - -----> statementPart
2021-11-19T10:23:45,167|[TRACE] graph - -------> nonSkippedChar
2021-11-19T10:23:45,167|[TRACE] script - #out(`R`) [token]
2021-11-19T10:23:45,167|[TRACE] graph - <------- nonSkippedChar
2021-11-19T10:23:45,167|[TRACE] graph - <----- statementPart
2021-11-19T10:23:45,167|[TRACE] graph - -----> statementPart
2021-11-19T10:23:45,167|[TRACE] graph - -------> nonSkippedChar
2021-11-19T10:23:45,167|[TRACE] script - #out(`E`) [token]
2021-11-19T10:23:45,167|[TRACE] graph - <------- nonSkippedChar
2021-11-19T10:23:45,167|[TRACE] graph - <----- statementPart
2021-11-19T10:23:45,167|[TRACE] graph - -----> statementPart
2021-11-19T10:23:45,167|[TRACE] graph - -------> nonSkippedChar
2021-11-19T10:23:45,167|[TRACE] script - #out(`M`) [token]
2021-11-19T10:23:45,167|[TRACE] graph - <------- nonSkippedChar
2021-11-19T10:23:45,167|[TRACE] graph - <----- statementPart
2021-11-19T10:23:45,167|[TRACE] graph - -----> statementPart
2021-11-19T10:23:45,167|[TRACE] graph - -------> nonSkippedChar
2021-11-19T10:23:45,167|[TRACE] script - #out(`E`) [token]
2021-11-19T10:23:45,167|[TRACE] graph - <------- nonSkippedChar
2021-11-19T10:23:45,167|[TRACE] graph - <----- statementPart
2021-11-19T10:23:45,167|[TRACE] graph - -----> statementPart
2021-11-19T10:23:45,167|[TRACE] graph - -------> nonSkippedChar
2021-11-19T10:23:45,167|[TRACE] script - #out(`N`) [token]
2021-11-19T10:23:45,167|[TRACE] graph - <------- nonSkippedChar
2021-11-19T10:23:45,167|[TRACE] graph - <----- statementPart
2021-11-19T10:23:45,167|[TRACE] graph - -----> statementPart
2021-11-19T10:23:45,167|[TRACE] graph - -------> nonSkippedChar
2021-11-19T10:23:45,167|[TRACE] script - #out(`T`) [token]
2021-11-19T10:23:45,167|[TRACE] graph - <------- nonSkippedChar
2021-11-19T10:23:45,167|[TRACE] graph - <----- statementPart
2021-11-19T10:23:45,167|[TRACE] graph - -----> statementPart
2021-11-19T10:23:45,167|[TRACE] graph - -------> nonSkippedChar
2021-11-19T10:23:45,167|[TRACE] script - #out(`,`) [token]
2021-11-19T10:23:45,167|[TRACE] graph - <------- nonSkippedChar
2021-11-19T10:23:45,167|[TRACE] graph - <----- statementPart
2021-11-19T10:23:45,167|[TRACE] graph - -----> afterStatementPartNewline
2021-11-19T10:23:45,167|[TRACE] script - #out(` `) [text]
2021-11-19T10:23:45,167|[TRACE] graph - <----- afterStatementPartNewline
2021-11-19T10:23:45,167|[TRACE] graph - -----> statementPart
2021-11-19T10:23:45,167|[TRACE] graph - -------> nonSkippedSpace
2021-11-19T10:23:45,167|[TRACE] script - #out(` `) [token]
2021-11-19T10:23:45,167|[TRACE] graph - <------- nonSkippedSpace
2021-11-19T10:23:45,167|[TRACE] graph - <----- statementPart
2021-11-19T10:23:45,167|[TRACE] graph - -----> statementPart
2021-11-19T10:23:45,167|[TRACE] graph - -------> nonSkippedSpace
2021-11-19T10:23:45,167|[TRACE] script - #out(` `) [token]
2021-11-19T10:23:45,167|[TRACE] graph - <------- nonSkippedSpace
2021-11-19T10:23:45,167|[TRACE] graph - <----- statementPart
2021-11-19T10:23:45,167|[TRACE] graph - -----> statementPart
2021-11-19T10:23:45,167|[TRACE] graph - -------> quotedString
2021-11-19T10:23:45,167|[TRACE] script - #out(``name``) [token]
2021-11-19T10:23:45,167|[TRACE] graph - <------- quotedString
2021-11-19T10:23:45,167|[TRACE] graph - <----- statementPart
2021-11-19T10:23:45,167|[TRACE] graph - -----> statementPart
2021-11-19T10:23:45,167|[TRACE] graph - -------> nonSkippedSpace
2021-11-19T10:23:45,167|[TRACE] script - #out(` `) [token]
2021-11-19T10:23:45,167|[TRACE] graph - <------- nonSkippedSpace
2021-11-19T10:23:45,167|[TRACE] graph - <----- statementPart
2021-11-19T10:23:45,167|[TRACE] graph - -----> statementPart
2021-11-19T10:23:45,167|[TRACE] graph - -------> nonSkippedChar
2021-11-19T10:23:45,167|[TRACE] script - #out(`V`) [token]
2021-11-19T10:23:45,167|[TRACE] graph - <------- nonSkippedChar
2021-11-19T10:23:45,167|[TRACE] graph - <----- statementPart
2021-11-19T10:23:45,167|[TRACE] graph - -----> statementPart
2021-11-19T10:23:45,167|[TRACE] graph - -------> nonSkippedChar
2021-11-19T10:23:45,167|[TRACE] script - #out(`A`) [token]
2021-11-19T10:23:45,167|[TRACE] graph - <------- nonSkippedChar
2021-11-19T10:23:45,167|[TRACE] graph - <----- statementPart
2021-11-19T10:23:45,167|[TRACE] graph - -----> statementPart
2021-11-19T10:23:45,167|[TRACE] graph - -------> nonSkippedChar
2021-11-19T10:23:45,167|[TRACE] script - #out(`R`) [token]
2021-11-19T10:23:45,167|[TRACE] graph - <------- nonSkippedChar
2021-11-19T10:23:45,167|[TRACE] graph - <----- statementPart
2021-11-19T10:23:45,167|[TRACE] graph - -----> statementPart
2021-11-19T10:23:45,167|[TRACE] graph - -------> nonSkippedChar
2021-11-19T10:23:45,167|[TRACE] script - #out(`C`) [token]
2021-11-19T10:23:45,167|[TRACE] graph - <------- nonSkippedChar
2021-11-19T10:23:45,167|[TRACE] graph - <----- statementPart
2021-11-19T10:23:45,167|[TRACE] graph - -----> statementPart
2021-11-19T10:23:45,168|[TRACE] graph - -------> nonSkippedChar
2021-11-19T10:23:45,168|[TRACE] script - #out(`H`) [token]
2021-11-19T10:23:45,168|[TRACE] graph - <------- nonSkippedChar
2021-11-19T10:23:45,168|[TRACE] graph - <----- statementPart
2021-11-19T10:23:45,168|[TRACE] graph - -----> statementPart
2021-11-19T10:23:45,168|[TRACE] graph - -------> nonSkippedChar
2021-11-19T10:23:45,168|[TRACE] script - #out(`A`) [token]
2021-11-19T10:23:45,168|[TRACE] graph - <------- nonSkippedChar
2021-11-19T10:23:45,168|[TRACE] graph - <----- statementPart
2021-11-19T10:23:45,168|[TRACE] graph - -----> statementPart
2021-11-19T10:23:45,168|[TRACE] graph - -------> nonSkippedChar
2021-11-19T10:23:45,168|[TRACE] script - #out(`R`) [token]
2021-11-19T10:23:45,168|[TRACE] graph - <------- nonSkippedChar
2021-11-19T10:23:45,168|[TRACE] graph - <----- statementPart
2021-11-19T10:23:45,168|[TRACE] graph - -----> statementPart
2021-11-19T10:23:45,168|[TRACE] graph - -------> nonSkippedChar
2021-11-19T10:23:45,168|[TRACE] script - #out(`(`) [token]
2021-11-19T10:23:45,168|[TRACE] graph - <------- nonSkippedChar
2021-11-19T10:23:45,168|[TRACE] graph - <----- statementPart
2021-11-19T10:23:45,168|[TRACE] graph - -----> statementPart
2021-11-19T10:23:45,168|[TRACE] graph - -------> nonSkippedChar
2021-11-19T10:23:45,168|[TRACE] script - #out(`1`) [token]
2021-11-19T10:23:45,168|[TRACE] graph - <------- nonSkippedChar
2021-11-19T10:23:45,168|[TRACE] graph - <----- statementPart
2021-11-19T10:23:45,168|[TRACE] graph - -----> statementPart
2021-11-19T10:23:45,168|[TRACE] graph - -------> nonSkippedChar
2021-11-19T10:23:45,168|[TRACE] script - #out(`0`) [token]
2021-11-19T10:23:45,168|[TRACE] graph - <------- nonSkippedChar
2021-11-19T10:23:45,168|[TRACE] graph - <----- statementPart
2021-11-19T10:23:45,168|[TRACE] graph - -----> statementPart
2021-11-19T10:23:45,168|[TRACE] graph - -------> nonSkippedChar
2021-11-19T10:23:45,168|[TRACE] script - #out(`0`) [token]
2021-11-19T10:23:45,168|[TRACE] graph - <------- nonSkippedChar
2021-11-19T10:23:45,168|[TRACE] graph - <----- statementPart
2021-11-19T10:23:45,168|[TRACE] graph - -----> statementPart
2021-11-19T10:23:45,168|[TRACE] graph - -------> nonSkippedChar
2021-11-19T10:23:45,168|[TRACE] script - #out(`)`) [token]
2021-11-19T10:23:45,168|[TRACE] graph - <------- nonSkippedChar
2021-11-19T10:23:45,168|[TRACE] graph - <----- statementPart
2021-11-19T10:23:45,168|[TRACE] graph - -----> statementPart
2021-11-19T10:23:45,168|[TRACE] graph - -------> nonSkippedSpace
2021-11-19T10:23:45,168|[TRACE] script - #out(` `) [token]
2021-11-19T10:23:45,168|[TRACE] graph - <------- nonSkippedSpace
2021-11-19T10:23:45,168|[TRACE] graph - <----- statementPart
2021-11-19T10:23:45,168|[TRACE] graph - -----> statementPart
2021-11-19T10:23:45,168|[TRACE] graph - -------> nonSkippedChar
2021-11-19T10:23:45,168|[TRACE] script - #out(`N`) [token]
2021-11-19T10:23:45,168|[TRACE] graph - <------- nonSkippedChar
2021-11-19T10:23:45,168|[TRACE] graph - <----- statementPart
2021-11-19T10:23:45,168|[TRACE] graph - -----> statementPart
2021-11-19T10:23:45,168|[TRACE] graph - -------> nonSkippedChar
2021-11-19T10:23:45,168|[TRACE] script - #out(`O`) [token]
2021-11-19T10:23:45,168|[TRACE] graph - <------- nonSkippedChar
2021-11-19T10:23:45,168|[TRACE] graph - <----- statementPart
2021-11-19T10:23:45,168|[TRACE] graph - -----> statementPart
2021-11-19T10:23:45,168|[TRACE] graph - -------> nonSkippedChar
2021-11-19T10:23:45,168|[TRACE] script - #out(`T`) [token]
2021-11-19T10:23:45,168|[TRACE] graph - <------- nonSkippedChar
2021-11-19T10:23:45,168|[TRACE] graph - <----- statementPart
2021-11-19T10:23:45,168|[TRACE] graph - -----> statementPart
2021-11-19T10:23:45,168|[TRACE] graph - -------> nonSkippedSpace
2021-11-19T10:23:45,168|[TRACE] script - #out(` `) [token]
2021-11-19T10:23:45,168|[TRACE] graph - <------- nonSkippedSpace
2021-11-19T10:23:45,168|[TRACE] graph - <----- statementPart
2021-11-19T10:23:45,168|[TRACE] graph - -----> statementPart
2021-11-19T10:23:45,168|[TRACE] graph - -------> nonSkippedChar
2021-11-19T10:23:45,168|[TRACE] script - #out(`N`) [token]
2021-11-19T10:23:45,168|[TRACE] graph - <------- nonSkippedChar
2021-11-19T10:23:45,168|[TRACE] graph - <----- statementPart
2021-11-19T10:23:45,168|[TRACE] graph - -----> statementPart
2021-11-19T10:23:45,168|[TRACE] graph - -------> nonSkippedChar
2021-11-19T10:23:45,168|[TRACE] script - #out(`U`) [token]
2021-11-19T10:23:45,168|[TRACE] graph - <------- nonSkippedChar
2021-11-19T10:23:45,168|[TRACE] graph - <----- statementPart
2021-11-19T10:23:45,168|[TRACE] graph - -----> statementPart
2021-11-19T10:23:45,168|[TRACE] graph - -------> nonSkippedChar
2021-11-19T10:23:45,168|[TRACE] script - #out(`L`) [token]
2021-11-19T10:23:45,168|[TRACE] graph - <------- nonSkippedChar
2021-11-19T10:23:45,168|[TRACE] graph - <----- statementPart
2021-11-19T10:23:45,168|[TRACE] graph - -----> statementPart
2021-11-19T10:23:45,168|[TRACE] graph - -------> nonSkippedChar
2021-11-19T10:23:45,168|[TRACE] script - #out(`L`) [token]
2021-11-19T10:23:45,168|[TRACE] graph - <------- nonSkippedChar
2021-11-19T10:23:45,168|[TRACE] graph - <----- statementPart
2021-11-19T10:23:45,168|[TRACE] graph - -----> statementPart
2021-11-19T10:23:45,168|[TRACE] graph - -------> nonSkippedChar
2021-11-19T10:23:45,168|[TRACE] script - #out(`,`) [token]
2021-11-19T10:23:45,168|[TRACE] graph - <------- nonSkippedChar
2021-11-19T10:23:45,168|[TRACE] graph - <----- statementPart
2021-11-19T10:23:45,168|[TRACE] graph - -----> afterStatementPartNewline
2021-11-19T10:23:45,168|[TRACE] script - #out(` `) [text]
2021-11-19T10:23:45,168|[TRACE] graph - <----- afterStatementPartNewline
2021-11-19T10:23:45,168|[TRACE] graph - -----> statementPart
2021-11-19T10:23:45,168|[TRACE] graph - -------> nonSkippedSpace
2021-11-19T10:23:45,168|[TRACE] script - #out(` `) [token]
2021-11-19T10:23:45,168|[TRACE] graph - <------- nonSkippedSpace
2021-11-19T10:23:45,168|[TRACE] graph - <----- statementPart
2021-11-19T10:23:45,168|[TRACE] graph - -----> statementPart
2021-11-19T10:23:45,168|[TRACE] graph - -------> nonSkippedSpace
2021-11-19T10:23:45,168|[TRACE] script - #out(` `) [token]
2021-11-19T10:23:45,168|[TRACE] graph - <------- nonSkippedSpace
2021-11-19T10:23:45,168|[TRACE] graph - <----- statementPart
2021-11-19T10:23:45,168|[TRACE] graph - -----> statementPart
2021-11-19T10:23:45,168|[TRACE] graph - -------> quotedString
2021-11-19T10:23:45,168|[TRACE] script - #out(``privately_owned``) [token]
2021-11-19T10:23:45,168|[TRACE] graph - <------- quotedString
2021-11-19T10:23:45,168|[TRACE] graph - <----- statementPart
2021-11-19T10:23:45,168|[TRACE] graph - -----> statementPart
2021-11-19T10:23:45,168|[TRACE] graph - -------> nonSkippedSpace
2021-11-19T10:23:45,168|[TRACE] script - #out(` `) [token]
2021-11-19T10:23:45,168|[TRACE] graph - <------- nonSkippedSpace
2021-11-19T10:23:45,168|[TRACE] graph - <----- statementPart
2021-11-19T10:23:45,168|[TRACE] graph - -----> statementPart
2021-11-19T10:23:45,168|[TRACE] graph - -------> nonSkippedChar
2021-11-19T10:23:45,168|[TRACE] script - #out(`B`) [token]
2021-11-19T10:23:45,168|[TRACE] graph - <------- nonSkippedChar
2021-11-19T10:23:45,168|[TRACE] graph - <----- statementPart
2021-11-19T10:23:45,168|[TRACE] graph - -----> statementPart
2021-11-19T10:23:45,168|[TRACE] graph - -------> nonSkippedChar
2021-11-19T10:23:45,168|[TRACE] script - #out(`I`) [token]
2021-11-19T10:23:45,168|[TRACE] graph - <------- nonSkippedChar
2021-11-19T10:23:45,168|[TRACE] graph - <----- statementPart
2021-11-19T10:23:45,168|[TRACE] graph - -----> statementPart
2021-11-19T10:23:45,168|[TRACE] graph - -------> nonSkippedChar
2021-11-19T10:23:45,168|[TRACE] script - #out(`T`) [token]
2021-11-19T10:23:45,168|[TRACE] graph - <------- nonSkippedChar
2021-11-19T10:23:45,168|[TRACE] graph - <----- statementPart
2021-11-19T10:23:45,168|[TRACE] graph - -----> statementPart
2021-11-19T10:23:45,168|[TRACE] graph - -------> nonSkippedChar
2021-11-19T10:23:45,168|[TRACE] script - #out(`(`) [token]
2021-11-19T10:23:45,168|[TRACE] graph - <------- nonSkippedChar
2021-11-19T10:23:45,168|[TRACE] graph - <----- statementPart
2021-11-19T10:23:45,168|[TRACE] graph - -----> statementPart
2021-11-19T10:23:45,168|[TRACE] graph - -------> nonSkippedChar
2021-11-19T10:23:45,168|[TRACE] script - #out(`1`) [token]
2021-11-19T10:23:45,168|[TRACE] graph - <------- nonSkippedChar
2021-11-19T10:23:45,168|[TRACE] graph - <----- statementPart
2021-11-19T10:23:45,168|[TRACE] graph - -----> statementPart
2021-11-19T10:23:45,168|[TRACE] graph - -------> nonSkippedChar
2021-11-19T10:23:45,168|[TRACE] script - #out(`)`) [token]
2021-11-19T10:23:45,168|[TRACE] graph - <------- nonSkippedChar
2021-11-19T10:23:45,168|[TRACE] graph - <----- statementPart
2021-11-19T10:23:45,168|[TRACE] graph - -----> statementPart
2021-11-19T10:23:45,168|[TRACE] graph - -------> nonSkippedSpace
2021-11-19T10:23:45,168|[TRACE] script - #out(` `) [token]
2021-11-19T10:23:45,168|[TRACE] graph - <------- nonSkippedSpace
2021-11-19T10:23:45,168|[TRACE] graph - <----- statementPart
2021-11-19T10:23:45,168|[TRACE] graph - -----> statementPart
2021-11-19T10:23:45,168|[TRACE] graph - -------> nonSkippedChar
2021-11-19T10:23:45,168|[TRACE] script - #out(`N`) [token]
2021-11-19T10:23:45,168|[TRACE] graph - <------- nonSkippedChar
2021-11-19T10:23:45,168|[TRACE] graph - <----- statementPart
2021-11-19T10:23:45,168|[TRACE] graph - -----> statementPart
2021-11-19T10:23:45,168|[TRACE] graph - -------> nonSkippedChar
2021-11-19T10:23:45,168|[TRACE] script - #out(`O`) [token]
2021-11-19T10:23:45,168|[TRACE] graph - <------- nonSkippedChar
2021-11-19T10:23:45,168|[TRACE] graph - <----- statementPart
2021-11-19T10:23:45,168|[TRACE] graph - -----> statementPart
2021-11-19T10:23:45,168|[TRACE] graph - -------> nonSkippedChar
2021-11-19T10:23:45,168|[TRACE] script - #out(`T`) [token]
2021-11-19T10:23:45,168|[TRACE] graph - <------- nonSkippedChar
2021-11-19T10:23:45,168|[TRACE] graph - <----- statementPart
2021-11-19T10:23:45,168|[TRACE] graph - -----> statementPart
2021-11-19T10:23:45,168|[TRACE] graph - -------> nonSkippedSpace
2021-11-19T10:23:45,168|[TRACE] script - #out(` `) [token]
2021-11-19T10:23:45,168|[TRACE] graph - <------- nonSkippedSpace
2021-11-19T10:23:45,168|[TRACE] graph - <----- statementPart
2021-11-19T10:23:45,168|[TRACE] graph - -----> statementPart
2021-11-19T10:23:45,168|[TRACE] graph - -------> nonSkippedChar
2021-11-19T10:23:45,168|[TRACE] script - #out(`N`) [token]
2021-11-19T10:23:45,168|[TRACE] graph - <------- nonSkippedChar
2021-11-19T10:23:45,168|[TRACE] graph - <----- statementPart
2021-11-19T10:23:45,168|[TRACE] graph - -----> statementPart
2021-11-19T10:23:45,168|[TRACE] graph - -------> nonSkippedChar
2021-11-19T10:23:45,168|[TRACE] script - #out(`U`) [token]
2021-11-19T10:23:45,168|[TRACE] graph - <------- nonSkippedChar
2021-11-19T10:23:45,168|[TRACE] graph - <----- statementPart
2021-11-19T10:23:45,168|[TRACE] graph - -----> statementPart
2021-11-19T10:23:45,168|[TRACE] graph - -------> nonSkippedChar
2021-11-19T10:23:45,168|[TRACE] script - #out(`L`) [token]
2021-11-19T10:23:45,168|[TRACE] graph - <------- nonSkippedChar
2021-11-19T10:23:45,168|[TRACE] graph - <----- statementPart
2021-11-19T10:23:45,168|[TRACE] graph - -----> statementPart
2021-11-19T10:23:45,168|[TRACE] graph - -------> nonSkippedChar
2021-11-19T10:23:45,168|[TRACE] script - #out(`L`) [token]
2021-11-19T10:23:45,168|[TRACE] graph - <------- nonSkippedChar
2021-11-19T10:23:45,168|[TRACE] graph - <----- statementPart
2021-11-19T10:23:45,168|[TRACE] graph - -----> statementPart
2021-11-19T10:23:45,168|[TRACE] graph - -------> nonSkippedChar
2021-11-19T10:23:45,168|[TRACE] script - #out(`,`) [token]
2021-11-19T10:23:45,168|[TRACE] graph - <------- nonSkippedChar
2021-11-19T10:23:45,168|[TRACE] graph - <----- statementPart
2021-11-19T10:23:45,168|[TRACE] graph - -----> afterStatementPartNewline
2021-11-19T10:23:45,168|[TRACE] script - #out(` `) [text]
2021-11-19T10:23:45,168|[TRACE] graph - <----- afterStatementPartNewline
2021-11-19T10:23:45,168|[TRACE] graph - -----> statementPart
2021-11-19T10:23:45,168|[TRACE] graph - -------> nonSkippedSpace
2021-11-19T10:23:45,168|[TRACE] script - #out(` `) [token]
2021-11-19T10:23:45,168|[TRACE] graph - <------- nonSkippedSpace
2021-11-19T10:23:45,168|[TRACE] graph - <----- statementPart
2021-11-19T10:23:45,168|[TRACE] graph - -----> statementPart
2021-11-19T10:23:45,168|[TRACE] graph - -------> nonSkippedSpace
2021-11-19T10:23:45,168|[TRACE] script - #out(` `) [token]
2021-11-19T10:23:45,168|[TRACE] graph - <------- nonSkippedSpace
2021-11-19T10:23:45,168|[TRACE] graph - <----- statementPart
2021-11-19T10:23:45,168|[TRACE] graph - -----> statementPart
2021-11-19T10:23:45,168|[TRACE] graph - -------> quotedString
2021-11-19T10:23:45,168|[TRACE] script - #out(``created``) [token]
2021-11-19T10:23:45,168|[TRACE] graph - <------- quotedString
2021-11-19T10:23:45,168|[TRACE] graph - <----- statementPart
2021-11-19T10:23:45,168|[TRACE] graph - -----> statementPart
2021-11-19T10:23:45,168|[TRACE] graph - -------> nonSkippedSpace
2021-11-19T10:23:45,168|[TRACE] script - #out(` `) [token]
2021-11-19T10:23:45,168|[TRACE] graph - <------- nonSkippedSpace
2021-11-19T10:23:45,168|[TRACE] graph - <----- statementPart
2021-11-19T10:23:45,168|[TRACE] graph - -----> statementPart
2021-11-19T10:23:45,168|[TRACE] graph - -------> nonSkippedChar
2021-11-19T10:23:45,168|[TRACE] script - #out(`B`) [token]
2021-11-19T10:23:45,168|[TRACE] graph - <------- nonSkippedChar
2021-11-19T10:23:45,168|[TRACE] graph - <----- statementPart
2021-11-19T10:23:45,168|[TRACE] graph - -----> statementPart
2021-11-19T10:23:45,168|[TRACE] graph - -------> nonSkippedChar
2021-11-19T10:23:45,168|[TRACE] script - #out(`I`) [token]
2021-11-19T10:23:45,168|[TRACE] graph - <------- nonSkippedChar
2021-11-19T10:23:45,168|[TRACE] graph - <----- statementPart
2021-11-19T10:23:45,168|[TRACE] graph - -----> statementPart
2021-11-19T10:23:45,168|[TRACE] graph - -------> nonSkippedChar
2021-11-19T10:23:45,168|[TRACE] script - #out(`G`) [token]
2021-11-19T10:23:45,168|[TRACE] graph - <------- nonSkippedChar
2021-11-19T10:23:45,168|[TRACE] graph - <----- statementPart
2021-11-19T10:23:45,168|[TRACE] graph - -----> statementPart
2021-11-19T10:23:45,168|[TRACE] graph - -------> nonSkippedChar
2021-11-19T10:23:45,168|[TRACE] script - #out(`I`) [token]
2021-11-19T10:23:45,168|[TRACE] graph - <------- nonSkippedChar
2021-11-19T10:23:45,168|[TRACE] graph - <----- statementPart
2021-11-19T10:23:45,168|[TRACE] graph - -----> statementPart
2021-11-19T10:23:45,168|[TRACE] graph - -------> nonSkippedChar
2021-11-19T10:23:45,168|[TRACE] script - #out(`N`) [token]
2021-11-19T10:23:45,168|[TRACE] graph - <------- nonSkippedChar
2021-11-19T10:23:45,168|[TRACE] graph - <----- statementPart
2021-11-19T10:23:45,168|[TRACE] graph - -----> statementPart
2021-11-19T10:23:45,169|[TRACE] graph - -------> nonSkippedChar
2021-11-19T10:23:45,169|[TRACE] script - #out(`T`) [token]
2021-11-19T10:23:45,169|[TRACE] graph - <------- nonSkippedChar
2021-11-19T10:23:45,169|[TRACE] graph - <----- statementPart
2021-11-19T10:23:45,169|[TRACE] graph - -----> statementPart
2021-11-19T10:23:45,169|[TRACE] graph - -------> nonSkippedSpace
2021-11-19T10:23:45,169|[TRACE] script - #out(` `) [token]
2021-11-19T10:23:45,169|[TRACE] graph - <------- nonSkippedSpace
2021-11-19T10:23:45,169|[TRACE] graph - <----- statementPart
2021-11-19T10:23:45,169|[TRACE] graph - -----> statementPart
2021-11-19T10:23:45,169|[TRACE] graph - -------> nonSkippedChar
2021-11-19T10:23:45,169|[TRACE] script - #out(`N`) [token]
2021-11-19T10:23:45,169|[TRACE] graph - <------- nonSkippedChar
2021-11-19T10:23:45,169|[TRACE] graph - <----- statementPart
2021-11-19T10:23:45,169|[TRACE] graph - -----> statementPart
2021-11-19T10:23:45,169|[TRACE] graph - -------> nonSkippedChar
2021-11-19T10:23:45,169|[TRACE] script - #out(`O`) [token]
2021-11-19T10:23:45,169|[TRACE] graph - <------- nonSkippedChar
2021-11-19T10:23:45,169|[TRACE] graph - <----- statementPart
2021-11-19T10:23:45,169|[TRACE] graph - -----> statementPart
2021-11-19T10:23:45,169|[TRACE] graph - -------> nonSkippedChar
2021-11-19T10:23:45,169|[TRACE] script - #out(`T`) [token]
2021-11-19T10:23:45,169|[TRACE] graph - <------- nonSkippedChar
2021-11-19T10:23:45,169|[TRACE] graph - <----- statementPart
2021-11-19T10:23:45,169|[TRACE] graph - -----> statementPart
2021-11-19T10:23:45,169|[TRACE] graph - -------> nonSkippedSpace
2021-11-19T10:23:45,169|[TRACE] script - #out(` `) [token]
2021-11-19T10:23:45,169|[TRACE] graph - <------- nonSkippedSpace
2021-11-19T10:23:45,169|[TRACE] graph - <----- statementPart
2021-11-19T10:23:45,169|[TRACE] graph - -----> statementPart
2021-11-19T10:23:45,169|[TRACE] graph - -------> nonSkippedChar
2021-11-19T10:23:45,169|[TRACE] script - #out(`N`) [token]
2021-11-19T10:23:45,169|[TRACE] graph - <------- nonSkippedChar
2021-11-19T10:23:45,169|[TRACE] graph - <----- statementPart
2021-11-19T10:23:45,169|[TRACE] graph - -----> statementPart
2021-11-19T10:23:45,169|[TRACE] graph - -------> nonSkippedChar
2021-11-19T10:23:45,169|[TRACE] script - #out(`U`) [token]
2021-11-19T10:23:45,169|[TRACE] graph - <------- nonSkippedChar
2021-11-19T10:23:45,169|[TRACE] graph - <----- statementPart
2021-11-19T10:23:45,169|[TRACE] graph - -----> statementPart
2021-11-19T10:23:45,169|[TRACE] graph - -------> nonSkippedChar
2021-11-19T10:23:45,169|[TRACE] script - #out(`L`) [token]
2021-11-19T10:23:45,169|[TRACE] graph - <------- nonSkippedChar
2021-11-19T10:23:45,169|[TRACE] graph - <----- statementPart
2021-11-19T10:23:45,169|[TRACE] graph - -----> statementPart
2021-11-19T10:23:45,169|[TRACE] graph - -------> nonSkippedChar
2021-11-19T10:23:45,169|[TRACE] script - #out(`L`) [token]
2021-11-19T10:23:45,169|[TRACE] graph - <------- nonSkippedChar
2021-11-19T10:23:45,169|[TRACE] graph - <----- statementPart
2021-11-19T10:23:45,169|[TRACE] graph - -----> statementPart
2021-11-19T10:23:45,169|[TRACE] graph - -------> nonSkippedSpace
2021-11-19T10:23:45,169|[TRACE] script - #out(` `) [token]
2021-11-19T10:23:45,169|[TRACE] graph - <------- nonSkippedSpace
2021-11-19T10:23:45,169|[TRACE] graph - <----- statementPart
2021-11-19T10:23:45,169|[TRACE] graph - -----> statementPart
2021-11-19T10:23:45,169|[TRACE] graph - -------> nonSkippedChar
2021-11-19T10:23:45,169|[TRACE] script - #out(`D`) [token]
2021-11-19T10:23:45,169|[TRACE] graph - <------- nonSkippedChar
2021-11-19T10:23:45,169|[TRACE] graph - <----- statementPart
2021-11-19T10:23:45,169|[TRACE] graph - -----> statementPart
2021-11-19T10:23:45,169|[TRACE] graph - -------> nonSkippedChar
2021-11-19T10:23:45,169|[TRACE] script - #out(`E`) [token]
2021-11-19T10:23:45,169|[TRACE] graph - <------- nonSkippedChar
2021-11-19T10:23:45,169|[TRACE] graph - <----- statementPart
2021-11-19T10:23:45,169|[TRACE] graph - -----> statementPart
2021-11-19T10:23:45,169|[TRACE] graph - -------> nonSkippedChar
2021-11-19T10:23:45,169|[TRACE] script - #out(`F`) [token]
2021-11-19T10:23:45,169|[TRACE] graph - <------- nonSkippedChar
2021-11-19T10:23:45,169|[TRACE] graph - <----- statementPart
2021-11-19T10:23:45,169|[TRACE] graph - -----> statementPart
2021-11-19T10:23:45,169|[TRACE] graph - -------> nonSkippedChar
2021-11-19T10:23:45,169|[TRACE] script - #out(`A`) [token]
2021-11-19T10:23:45,169|[TRACE] graph - <------- nonSkippedChar
2021-11-19T10:23:45,169|[TRACE] graph - <----- statementPart
2021-11-19T10:23:45,169|[TRACE] graph - -----> statementPart
2021-11-19T10:23:45,169|[TRACE] graph - -------> nonSkippedChar
2021-11-19T10:23:45,169|[TRACE] script - #out(`U`) [token]
2021-11-19T10:23:45,169|[TRACE] graph - <------- nonSkippedChar
2021-11-19T10:23:45,169|[TRACE] graph - <----- statementPart
2021-11-19T10:23:45,169|[TRACE] graph - -----> statementPart
2021-11-19T10:23:45,169|[TRACE] graph - -------> nonSkippedChar
2021-11-19T10:23:45,169|[TRACE] script - #out(`L`) [token]
2021-11-19T10:23:45,169|[TRACE] graph - <------- nonSkippedChar
2021-11-19T10:23:45,169|[TRACE] graph - <----- statementPart
2021-11-19T10:23:45,169|[TRACE] graph - -----> statementPart
2021-11-19T10:23:45,169|[TRACE] graph - -------> nonSkippedChar
2021-11-19T10:23:45,169|[TRACE] script - #out(`T`) [token]
2021-11-19T10:23:45,169|[TRACE] graph - <------- nonSkippedChar
2021-11-19T10:23:45,169|[TRACE] graph - <----- statementPart
2021-11-19T10:23:45,169|[TRACE] graph - -----> statementPart
2021-11-19T10:23:45,169|[TRACE] graph - -------> nonSkippedSpace
2021-11-19T10:23:45,170|[TRACE] script - #out(` `) [token]
2021-11-19T10:23:45,170|[TRACE] graph - <------- nonSkippedSpace
2021-11-19T10:23:45,170|[TRACE] graph - <----- statementPart
2021-11-19T10:23:45,170|[TRACE] graph - -----> statementPart
2021-11-19T10:23:45,170|[TRACE] graph - -------> nonSkippedChar
2021-11-19T10:23:45,170|[TRACE] script - #out(`(`) [token]
2021-11-19T10:23:45,170|[TRACE] graph - <------- nonSkippedChar
2021-11-19T10:23:45,170|[TRACE] graph - <----- statementPart
2021-11-19T10:23:45,226|[TRACE] graph - -----> statementPart
2021-11-19T10:23:45,226|[TRACE] graph - -------> nonSkippedChar
2021-11-19T10:23:45,226|[TRACE] script - #out(`u`) [token]
2021-11-19T10:23:45,226|[TRACE] graph - <------- nonSkippedChar
2021-11-19T10:23:45,226|[TRACE] graph - <----- statementPart
2021-11-19T10:23:45,226|[TRACE] graph - -----> statementPart
2021-11-19T10:23:45,226|[TRACE] graph - -------> nonSkippedChar
2021-11-19T10:23:45,226|[TRACE] script - #out(`n`) [token]
2021-11-19T10:23:45,226|[TRACE] graph - <------- nonSkippedChar
2021-11-19T10:23:45,226|[TRACE] graph - <----- statementPart
2021-11-19T10:23:45,226|[TRACE] graph - -----> statementPart
2021-11-19T10:23:45,226|[TRACE] graph - -------> nonSkippedChar
2021-11-19T10:23:45,226|[TRACE] script - #out(`i`) [token]
2021-11-19T10:23:45,226|[TRACE] graph - <------- nonSkippedChar
2021-11-19T10:23:45,226|[TRACE] graph - <----- statementPart
2021-11-19T10:23:45,226|[TRACE] graph - -----> statementPart
2021-11-19T10:23:45,226|[TRACE] graph - -------> nonSkippedChar
2021-11-19T10:23:45,226|[TRACE] script - #out(`x`) [token]
2021-11-19T10:23:45,226|[TRACE] graph - <------- nonSkippedChar
2021-11-19T10:23:45,226|[TRACE] graph - <----- statementPart
2021-11-19T10:23:45,226|[TRACE] graph - -----> statementPart
2021-11-19T10:23:45,226|[TRACE] graph - -------> nonSkippedChar
2021-11-19T10:23:45,226|[TRACE] script - #out(`_`) [token]
2021-11-19T10:23:45,226|[TRACE] graph - <------- nonSkippedChar
2021-11-19T10:23:45,226|[TRACE] graph - <----- statementPart
2021-11-19T10:23:45,226|[TRACE] graph - -----> statementPart
2021-11-19T10:23:45,226|[TRACE] graph - -------> nonSkippedChar
2021-11-19T10:23:45,226|[TRACE] script - #out(`t`) [token]
2021-11-19T10:23:45,226|[TRACE] graph - <------- nonSkippedChar
2021-11-19T10:23:45,226|[TRACE] graph - <----- statementPart
2021-11-19T10:23:45,226|[TRACE] graph - -----> statementPart
2021-11-19T10:23:45,226|[TRACE] graph - -------> nonSkippedChar
2021-11-19T10:23:45,226|[TRACE] script - #out(`i`) [token]
2021-11-19T10:23:45,226|[TRACE] graph - <------- nonSkippedChar
2021-11-19T10:23:45,226|[TRACE] graph - <----- statementPart
2021-11-19T10:23:45,226|[TRACE] graph - -----> statementPart
2021-11-19T10:23:45,226|[TRACE] graph - -------> nonSkippedChar
2021-11-19T10:23:45,226|[TRACE] script - #out(`m`) [token]
2021-11-19T10:23:45,226|[TRACE] graph - <------- nonSkippedChar
2021-11-19T10:23:45,226|[TRACE] graph - <----- statementPart
2021-11-19T10:23:45,226|[TRACE] graph - -----> statementPart
2021-11-19T10:23:45,226|[TRACE] graph - -------> nonSkippedChar
2021-11-19T10:23:45,226|[TRACE] script - #out(`e`) [token]
2021-11-19T10:23:45,226|[TRACE] graph - <------- nonSkippedChar
2021-11-19T10:23:45,226|[TRACE] graph - <----- statementPart
2021-11-19T10:23:45,226|[TRACE] graph - -----> statementPart
2021-11-19T10:23:45,226|[TRACE] graph - -------> nonSkippedChar
2021-11-19T10:23:45,226|[TRACE] script - #out(`s`) [token]
2021-11-19T10:23:45,226|[TRACE] graph - <------- nonSkippedChar
2021-11-19T10:23:45,226|[TRACE] graph - <----- statementPart
2021-11-19T10:23:45,226|[TRACE] graph - -----> statementPart
2021-11-19T10:23:45,226|[TRACE] graph - -------> nonSkippedChar
2021-11-19T10:23:45,226|[TRACE] script - #out(`t`) [token]
2021-11-19T10:23:45,226|[TRACE] graph - <------- nonSkippedChar
2021-11-19T10:23:45,226|[TRACE] graph - <----- statementPart
2021-11-19T10:23:45,226|[TRACE] graph - -----> statementPart
2021-11-19T10:23:45,226|[TRACE] graph - -------> nonSkippedChar
2021-11-19T10:23:45,226|[TRACE] script - #out(`a`) [token]
2021-11-19T10:23:45,226|[TRACE] graph - <------- nonSkippedChar
2021-11-19T10:23:45,226|[TRACE] graph - <----- statementPart
2021-11-19T10:23:45,226|[TRACE] graph - -----> statementPart
2021-11-19T10:23:45,226|[TRACE] graph - -------> nonSkippedChar
2021-11-19T10:23:45,226|[TRACE] script - #out(`m`) [token]
2021-11-19T10:23:45,226|[TRACE] graph - <------- nonSkippedChar
2021-11-19T10:23:45,226|[TRACE] graph - <----- statementPart
2021-11-19T10:23:45,226|[TRACE] graph - -----> statementPart
2021-11-19T10:23:45,226|[TRACE] graph - -------> nonSkippedChar
2021-11-19T10:23:45,226|[TRACE] script - #out(`p`) [token]
2021-11-19T10:23:45,226|[TRACE] graph - <------- nonSkippedChar
2021-11-19T10:23:45,226|[TRACE] graph - <----- statementPart
2021-11-19T10:23:45,226|[TRACE] graph - -----> statementPart
2021-11-19T10:23:45,226|[TRACE] graph - -------> nonSkippedChar
2021-11-19T10:23:45,226|[TRACE] script - #out(`(`) [token]
2021-11-19T10:23:45,226|[TRACE] graph - <------- nonSkippedChar
2021-11-19T10:23:45,226|[TRACE] graph - <----- statementPart
2021-11-19T10:23:45,226|[TRACE] graph - -----> statementPart
2021-11-19T10:23:45,226|[TRACE] graph - -------> nonSkippedChar
2021-11-19T10:23:45,226|[TRACE] script - #out(`n`) [token]
2021-11-19T10:23:45,226|[TRACE] graph - <------- nonSkippedChar
2021-11-19T10:23:45,226|[TRACE] graph - <----- statementPart
2021-11-19T10:23:45,226|[TRACE] graph - -----> statementPart
2021-11-19T10:23:45,226|[TRACE] graph - -------> nonSkippedChar
2021-11-19T10:23:45,226|[TRACE] script - #out(`o`) [token]
2021-11-19T10:23:45,226|[TRACE] graph - <------- nonSkippedChar
2021-11-19T10:23:45,226|[TRACE] graph - <----- statementPart
2021-11-19T10:23:45,226|[TRACE] graph - -----> statementPart
2021-11-19T10:23:45,226|[TRACE] graph - -------> nonSkippedChar
2021-11-19T10:23:45,226|[TRACE] script - #out(`w`) [token]
2021-11-19T10:23:45,226|[TRACE] graph - <------- nonSkippedChar
2021-11-19T10:23:45,226|[TRACE] graph - <----- statementPart
2021-11-19T10:23:45,226|[TRACE] graph - -----> statementPart
2021-11-19T10:23:45,226|[TRACE] graph - -------> nonSkippedChar
2021-11-19T10:23:45,226|[TRACE] script - #out(`(`) [token]
2021-11-19T10:23:45,226|[TRACE] graph - <------- nonSkippedChar
2021-11-19T10:23:45,226|[TRACE] graph - <----- statementPart
2021-11-19T10:23:45,226|[TRACE] graph - -----> statementPart
2021-11-19T10:23:45,226|[TRACE] graph - -------> nonSkippedChar
2021-11-19T10:23:45,226|[TRACE] script - #out(`)`) [token]
2021-11-19T10:23:45,226|[TRACE] graph - <------- nonSkippedChar
2021-11-19T10:23:45,226|[TRACE] graph - <----- statementPart
2021-11-19T10:23:45,226|[TRACE] graph - -----> statementPart
2021-11-19T10:23:45,226|[TRACE] graph - -------> nonSkippedChar
2021-11-19T10:23:45,226|[TRACE] script - #out(`)`) [token]
2021-11-19T10:23:45,226|[TRACE] graph - <------- nonSkippedChar
2021-11-19T10:23:45,226|[TRACE] graph - <----- statementPart
2021-11-19T10:23:45,226|[TRACE] graph - -----> statementPart
2021-11-19T10:23:45,226|[TRACE] graph - -------> nonSkippedSpace
2021-11-19T10:23:45,226|[TRACE] script - #out(` `) [token]
2021-11-19T10:23:45,226|[TRACE] graph - <------- nonSkippedSpace
2021-11-19T10:23:45,226|[TRACE] graph - <----- statementPart
2021-11-19T10:23:45,226|[TRACE] graph - -----> statementPart
2021-11-19T10:23:45,226|[TRACE] graph - -------> nonSkippedChar
2021-11-19T10:23:45,226|[TRACE] script - #out(`*`) [token]
2021-11-19T10:23:45,226|[TRACE] graph - <------- nonSkippedChar
2021-11-19T10:23:45,226|[TRACE] graph - <----- statementPart
2021-11-19T10:23:45,226|[TRACE] graph - -----> statementPart
2021-11-19T10:23:45,226|[TRACE] graph - -------> nonSkippedSpace
2021-11-19T10:23:45,226|[TRACE] script - #out(` `) [token]
2021-11-19T10:23:45,226|[TRACE] graph - <------- nonSkippedSpace
2021-11-19T10:23:45,226|[TRACE] graph - <----- statementPart
2021-11-19T10:23:45,226|[TRACE] graph - -----> statementPart
2021-11-19T10:23:45,226|[TRACE] graph - -------> nonSkippedChar
2021-11-19T10:23:45,226|[TRACE] script - #out(`1`) [token]
2021-11-19T10:23:45,226|[TRACE] graph - <------- nonSkippedChar
2021-11-19T10:23:45,226|[TRACE] graph - <----- statementPart
2021-11-19T10:23:45,226|[TRACE] graph - -----> statementPart
2021-11-19T10:23:45,226|[TRACE] graph - -------> nonSkippedChar
2021-11-19T10:23:45,226|[TRACE] script - #out(`0`) [token]
2021-11-19T10:23:45,226|[TRACE] graph - <------- nonSkippedChar
2021-11-19T10:23:45,226|[TRACE] graph - <----- statementPart
2021-11-19T10:23:45,226|[TRACE] graph - -----> statementPart
2021-11-19T10:23:45,226|[TRACE] graph - -------> nonSkippedChar
2021-11-19T10:23:45,226|[TRACE] script - #out(`0`) [token]
2021-11-19T10:23:45,226|[TRACE] graph - <------- nonSkippedChar
2021-11-19T10:23:45,226|[TRACE] graph - <----- statementPart
2021-11-19T10:23:45,226|[TRACE] graph - -----> statementPart
2021-11-19T10:23:45,226|[TRACE] graph - -------> nonSkippedChar
2021-11-19T10:23:45,226|[TRACE] script - #out(`0`) [token]
2021-11-19T10:23:45,226|[TRACE] graph - <------- nonSkippedChar
2021-11-19T10:23:45,226|[TRACE] graph - <----- statementPart
2021-11-19T10:23:45,226|[TRACE] graph - -----> statementPart
2021-11-19T10:23:45,226|[TRACE] graph - -------> nonSkippedChar
2021-11-19T10:23:45,226|[TRACE] script - #out(`)`) [token]
2021-11-19T10:23:45,226|[TRACE] graph - <------- nonSkippedChar
2021-11-19T10:23:45,226|[TRACE] graph - <----- statementPart
2021-11-19T10:23:45,226|[TRACE] graph - -----> statementPart
2021-11-19T10:23:45,226|[TRACE] graph - -------> nonSkippedChar
2021-11-19T10:23:45,226|[TRACE] script - #out(`,`) [token]
2021-11-19T10:23:45,226|[TRACE] graph - <------- nonSkippedChar
2021-11-19T10:23:45,226|[TRACE] graph - <----- statementPart
2021-11-19T10:23:45,226|[TRACE] graph - -----> afterStatementPartNewline
2021-11-19T10:23:45,226|[TRACE] script - #out(` `) [text]
2021-11-19T10:23:45,226|[TRACE] graph - <----- afterStatementPartNewline
2021-11-19T10:23:45,226|[TRACE] graph - -----> statementPart
2021-11-19T10:23:45,226|[TRACE] graph - -------> nonSkippedSpace
2021-11-19T10:23:45,226|[TRACE] script - #out(` `) [token]
2021-11-19T10:23:45,226|[TRACE] graph - <------- nonSkippedSpace
2021-11-19T10:23:45,226|[TRACE] graph - <----- statementPart
2021-11-19T10:23:45,226|[TRACE] graph - -----> statementPart
2021-11-19T10:23:45,226|[TRACE] graph - -------> nonSkippedSpace
2021-11-19T10:23:45,226|[TRACE] script - #out(` `) [token]
2021-11-19T10:23:45,226|[TRACE] graph - <------- nonSkippedSpace
2021-11-19T10:23:45,226|[TRACE] graph - <----- statementPart
2021-11-19T10:23:45,226|[TRACE] graph - -----> statementPart
2021-11-19T10:23:45,226|[TRACE] graph - -------> quotedString
2021-11-19T10:23:45,226|[TRACE] script - #out(``updated``) [token]
2021-11-19T10:23:45,226|[TRACE] graph - <------- quotedString
2021-11-19T10:23:45,226|[TRACE] graph - <----- statementPart
2021-11-19T10:23:45,226|[TRACE] graph - -----> statementPart
2021-11-19T10:23:45,226|[TRACE] graph - -------> nonSkippedSpace
2021-11-19T10:23:45,226|[TRACE] script - #out(` `) [token]
2021-11-19T10:23:45,226|[TRACE] graph - <------- nonSkippedSpace
2021-11-19T10:23:45,226|[TRACE] graph - <----- statementPart
2021-11-19T10:23:45,226|[TRACE] graph - -----> statementPart
2021-11-19T10:23:45,226|[TRACE] graph - -------> nonSkippedChar
2021-11-19T10:23:45,226|[TRACE] script - #out(`B`) [token]
2021-11-19T10:23:45,226|[TRACE] graph - <------- nonSkippedChar
2021-11-19T10:23:45,226|[TRACE] graph - <----- statementPart
2021-11-19T10:23:45,226|[TRACE] graph - -----> statementPart
2021-11-19T10:23:45,226|[TRACE] graph - -------> nonSkippedChar
2021-11-19T10:23:45,226|[TRACE] script - #out(`I`) [token]
2021-11-19T10:23:45,226|[TRACE] graph - <------- nonSkippedChar
2021-11-19T10:23:45,226|[TRACE] graph - <----- statementPart
2021-11-19T10:23:45,226|[TRACE] graph - -----> statementPart
2021-11-19T10:23:45,226|[TRACE] graph - -------> nonSkippedChar
2021-11-19T10:23:45,226|[TRACE] script - #out(`G`) [token]
2021-11-19T10:23:45,226|[TRACE] graph - <------- nonSkippedChar
2021-11-19T10:23:45,226|[TRACE] graph - <----- statementPart
2021-11-19T10:23:45,226|[TRACE] graph - -----> statementPart
2021-11-19T10:23:45,226|[TRACE] graph - -------> nonSkippedChar
2021-11-19T10:23:45,226|[TRACE] script - #out(`I`) [token]
2021-11-19T10:23:45,226|[TRACE] graph - <------- nonSkippedChar
2021-11-19T10:23:45,226|[TRACE] graph - <----- statementPart
2021-11-19T10:23:45,226|[TRACE] graph - -----> statementPart
2021-11-19T10:23:45,226|[TRACE] graph - -------> nonSkippedChar
2021-11-19T10:23:45,226|[TRACE] script - #out(`N`) [token]
2021-11-19T10:23:45,226|[TRACE] graph - <------- nonSkippedChar
2021-11-19T10:23:45,226|[TRACE] graph - <----- statementPart
2021-11-19T10:23:45,226|[TRACE] graph - -----> statementPart
2021-11-19T10:23:45,226|[TRACE] graph - -------> nonSkippedChar
2021-11-19T10:23:45,226|[TRACE] script - #out(`T`) [token]
2021-11-19T10:23:45,226|[TRACE] graph - <------- nonSkippedChar
2021-11-19T10:23:45,226|[TRACE] graph - <----- statementPart
2021-11-19T10:23:45,226|[TRACE] graph - -----> statementPart
2021-11-19T10:23:45,226|[TRACE] graph - -------> nonSkippedSpace
2021-11-19T10:23:45,226|[TRACE] script - #out(` `) [token]
2021-11-19T10:23:45,226|[TRACE] graph - <------- nonSkippedSpace
2021-11-19T10:23:45,226|[TRACE] graph - <----- statementPart
2021-11-19T10:23:45,226|[TRACE] graph - -----> statementPart
2021-11-19T10:23:45,226|[TRACE] graph - -------> nonSkippedChar
2021-11-19T10:23:45,226|[TRACE] script - #out(`N`) [token]
2021-11-19T10:23:45,226|[TRACE] graph - <------- nonSkippedChar
2021-11-19T10:23:45,226|[TRACE] graph - <----- statementPart
2021-11-19T10:23:45,226|[TRACE] graph - -----> statementPart
2021-11-19T10:23:45,226|[TRACE] graph - -------> nonSkippedChar
2021-11-19T10:23:45,226|[TRACE] script - #out(`O`) [token]
2021-11-19T10:23:45,226|[TRACE] graph - <------- nonSkippedChar
2021-11-19T10:23:45,226|[TRACE] graph - <----- statementPart
2021-11-19T10:23:45,226|[TRACE] graph - -----> statementPart
2021-11-19T10:23:45,226|[TRACE] graph - -------> nonSkippedChar
2021-11-19T10:23:45,226|[TRACE] script - #out(`T`) [token]
2021-11-19T10:23:45,226|[TRACE] graph - <------- nonSkippedChar
2021-11-19T10:23:45,226|[TRACE] graph - <----- statementPart
2021-11-19T10:23:45,226|[TRACE] graph - -----> statementPart
2021-11-19T10:23:45,226|[TRACE] graph - -------> nonSkippedSpace
2021-11-19T10:23:45,226|[TRACE] script - #out(` `) [token]
2021-11-19T10:23:45,226|[TRACE] graph - <------- nonSkippedSpace
2021-11-19T10:23:45,226|[TRACE] graph - <----- statementPart
2021-11-19T10:23:45,226|[TRACE] graph - -----> statementPart
2021-11-19T10:23:45,226|[TRACE] graph - -------> nonSkippedChar
2021-11-19T10:23:45,227|[TRACE] script - #out(`N`) [token]
2021-11-19T10:23:45,227|[TRACE] graph - <------- nonSkippedChar
2021-11-19T10:23:45,227|[TRACE] graph - <----- statementPart
2021-11-19T10:23:45,227|[TRACE] graph - -----> statementPart
2021-11-19T10:23:45,227|[TRACE] graph - -------> nonSkippedChar
2021-11-19T10:23:45,227|[TRACE] script - #out(`U`) [token]
2021-11-19T10:23:45,227|[TRACE] graph - <------- nonSkippedChar
2021-11-19T10:23:45,227|[TRACE] graph - <----- statementPart
2021-11-19T10:23:45,227|[TRACE] graph - -----> statementPart
2021-11-19T10:23:45,227|[TRACE] graph - -------> nonSkippedChar
2021-11-19T10:23:45,227|[TRACE] script - #out(`L`) [token]
2021-11-19T10:23:45,227|[TRACE] graph - <------- nonSkippedChar
2021-11-19T10:23:45,227|[TRACE] graph - <----- statementPart
2021-11-19T10:23:45,227|[TRACE] graph - -----> statementPart
2021-11-19T10:23:45,227|[TRACE] graph - -------> nonSkippedChar
2021-11-19T10:23:45,227|[TRACE] script - #out(`L`) [token]
2021-11-19T10:23:45,227|[TRACE] graph - <------- nonSkippedChar
2021-11-19T10:23:45,227|[TRACE] graph - <----- statementPart
2021-11-19T10:23:45,227|[TRACE] graph - -----> statementPart
2021-11-19T10:23:45,227|[TRACE] graph - -------> nonSkippedSpace
2021-11-19T10:23:45,227|[TRACE] script - #out(` `) [token]
2021-11-19T10:23:45,227|[TRACE] graph - <------- nonSkippedSpace
2021-11-19T10:23:45,227|[TRACE] graph - <----- statementPart
2021-11-19T10:23:45,227|[TRACE] graph - -----> statementPart
2021-11-19T10:23:45,227|[TRACE] graph - -------> nonSkippedChar
2021-11-19T10:23:45,227|[TRACE] script - #out(`D`) [token]
2021-11-19T10:23:45,227|[TRACE] graph - <------- nonSkippedChar
2021-11-19T10:23:45,227|[TRACE] graph - <----- statementPart
2021-11-19T10:23:45,227|[TRACE] graph - -----> statementPart
2021-11-19T10:23:45,227|[TRACE] graph - -------> nonSkippedChar
2021-11-19T10:23:45,227|[TRACE] script - #out(`E`) [token]
2021-11-19T10:23:45,227|[TRACE] graph - <------- nonSkippedChar
2021-11-19T10:23:45,227|[TRACE] graph - <----- statementPart
2021-11-19T10:23:45,227|[TRACE] graph - -----> statementPart
2021-11-19T10:23:45,227|[TRACE] graph - -------> nonSkippedChar
2021-11-19T10:23:45,227|[TRACE] script - #out(`F`) [token]
2021-11-19T10:23:45,227|[TRACE] graph - <------- nonSkippedChar
2021-11-19T10:23:45,227|[TRACE] graph - <----- statementPart
2021-11-19T10:23:45,227|[TRACE] graph - -----> statementPart
2021-11-19T10:23:45,227|[TRACE] graph - -------> nonSkippedChar
2021-11-19T10:23:45,227|[TRACE] script - #out(`A`) [token]
2021-11-19T10:23:45,227|[TRACE] graph - <------- nonSkippedChar
2021-11-19T10:23:45,227|[TRACE] graph - <----- statementPart
2021-11-19T10:23:45,227|[TRACE] graph - -----> statementPart
2021-11-19T10:23:45,227|[TRACE] graph - -------> nonSkippedChar
2021-11-19T10:23:45,227|[TRACE] script - #out(`U`) [token]
2021-11-19T10:23:45,227|[TRACE] graph - <------- nonSkippedChar
2021-11-19T10:23:45,227|[TRACE] graph - <----- statementPart
2021-11-19T10:23:45,227|[TRACE] graph - -----> statementPart
2021-11-19T10:23:45,227|[TRACE] graph - -------> nonSkippedChar
2021-11-19T10:23:45,227|[TRACE] script - #out(`L`) [token]
2021-11-19T10:23:45,227|[TRACE] graph - <------- nonSkippedChar
2021-11-19T10:23:45,227|[TRACE] graph - <----- statementPart
2021-11-19T10:23:45,227|[TRACE] graph - -----> statementPart
2021-11-19T10:23:45,227|[TRACE] graph - -------> nonSkippedChar
2021-11-19T10:23:45,227|[TRACE] script - #out(`T`) [token]
2021-11-19T10:23:45,227|[TRACE] graph - <------- nonSkippedChar
2021-11-19T10:23:45,227|[TRACE] graph - <----- statementPart
2021-11-19T10:23:45,227|[TRACE] graph - -----> statementPart
2021-11-19T10:23:45,227|[TRACE] graph - -------> nonSkippedSpace
2021-11-19T10:23:45,227|[TRACE] script - #out(` `) [token]
2021-11-19T10:23:45,227|[TRACE] graph - <------- nonSkippedSpace
2021-11-19T10:23:45,227|[TRACE] graph - <----- statementPart
2021-11-19T10:23:45,227|[TRACE] graph - -----> statementPart
2021-11-19T10:23:45,227|[TRACE] graph - -------> nonSkippedChar
2021-11-19T10:23:45,227|[TRACE] script - #out(`(`) [token]
2021-11-19T10:23:45,227|[TRACE] graph - <------- nonSkippedChar
2021-11-19T10:23:45,227|[TRACE] graph - <----- statementPart
2021-11-19T10:23:45,227|[TRACE] graph - -----> statementPart
2021-11-19T10:23:45,227|[TRACE] graph - -------> nonSkippedChar
2021-11-19T10:23:45,227|[TRACE] script - #out(`u`) [token]
2021-11-19T10:23:45,227|[TRACE] graph - <------- nonSkippedChar
2021-11-19T10:23:45,227|[TRACE] graph - <----- statementPart
2021-11-19T10:23:45,227|[TRACE] graph - -----> statementPart
2021-11-19T10:23:45,227|[TRACE] graph - -------> nonSkippedChar
2021-11-19T10:23:45,227|[TRACE] script - #out(`n`) [token]
2021-11-19T10:23:45,227|[TRACE] graph - <------- nonSkippedChar
2021-11-19T10:23:45,227|[TRACE] graph - <----- statementPart
2021-11-19T10:23:45,227|[TRACE] graph - -----> statementPart
2021-11-19T10:23:45,227|[TRACE] graph - -------> nonSkippedChar
2021-11-19T10:23:45,227|[TRACE] script - #out(`i`) [token]
2021-11-19T10:23:45,227|[TRACE] graph - <------- nonSkippedChar
2021-11-19T10:23:45,227|[TRACE] graph - <----- statementPart
2021-11-19T10:23:45,227|[TRACE] graph - -----> statementPart
2021-11-19T10:23:45,227|[TRACE] graph - -------> nonSkippedChar
2021-11-19T10:23:45,227|[TRACE] script - #out(`x`) [token]
2021-11-19T10:23:45,227|[TRACE] graph - <------- nonSkippedChar
2021-11-19T10:23:45,227|[TRACE] graph - <----- statementPart
2021-11-19T10:23:45,227|[TRACE] graph - -----> statementPart
2021-11-19T10:23:45,227|[TRACE] graph - -------> nonSkippedChar
2021-11-19T10:23:45,227|[TRACE] script - #out(`_`) [token]
2021-11-19T10:23:45,227|[TRACE] graph - <------- nonSkippedChar
2021-11-19T10:23:45,227|[TRACE] graph - <----- statementPart
2021-11-19T10:23:45,227|[TRACE] graph - -----> statementPart
2021-11-19T10:23:45,227|[TRACE] graph - -------> nonSkippedChar
2021-11-19T10:23:45,227|[TRACE] script - #out(`t`) [token]
2021-11-19T10:23:45,227|[TRACE] graph - <------- nonSkippedChar
2021-11-19T10:23:45,227|[TRACE] graph - <----- statementPart
2021-11-19T10:23:45,227|[TRACE] graph - -----> statementPart
2021-11-19T10:23:45,227|[TRACE] graph - -------> nonSkippedChar
2021-11-19T10:23:45,227|[TRACE] script - #out(`i`) [token]
2021-11-19T10:23:45,227|[TRACE] graph - <------- nonSkippedChar
2021-11-19T10:23:45,227|[TRACE] graph - <----- statementPart
2021-11-19T10:23:45,227|[TRACE] graph - -----> statementPart
2021-11-19T10:23:45,227|[TRACE] graph - -------> nonSkippedChar
2021-11-19T10:23:45,227|[TRACE] script - #out(`m`) [token]
2021-11-19T10:23:45,227|[TRACE] graph - <------- nonSkippedChar
2021-11-19T10:23:45,227|[TRACE] graph - <----- statementPart
2021-11-19T10:23:45,227|[TRACE] graph - -----> statementPart
2021-11-19T10:23:45,227|[TRACE] graph - -------> nonSkippedChar
2021-11-19T10:23:45,227|[TRACE] script - #out(`e`) [token]
2021-11-19T10:23:45,227|[TRACE] graph - <------- nonSkippedChar
2021-11-19T10:23:45,227|[TRACE] graph - <----- statementPart
2021-11-19T10:23:45,227|[TRACE] graph - -----> statementPart
2021-11-19T10:23:45,227|[TRACE] graph - -------> nonSkippedChar
2021-11-19T10:23:45,227|[TRACE] script - #out(`s`) [token]
2021-11-19T10:23:45,227|[TRACE] graph - <------- nonSkippedChar
2021-11-19T10:23:45,227|[TRACE] graph - <----- statementPart
2021-11-19T10:23:45,227|[TRACE] graph - -----> statementPart
2021-11-19T10:23:45,227|[TRACE] graph - -------> nonSkippedChar
2021-11-19T10:23:45,227|[TRACE] script - #out(`t`) [token]
2021-11-19T10:23:45,227|[TRACE] graph - <------- nonSkippedChar
2021-11-19T10:23:45,227|[TRACE] graph - <----- statementPart
2021-11-19T10:23:45,227|[TRACE] graph - -----> statementPart
2021-11-19T10:23:45,227|[TRACE] graph - -------> nonSkippedChar
2021-11-19T10:23:45,227|[TRACE] script - #out(`a`) [token]
2021-11-19T10:23:45,227|[TRACE] graph - <------- nonSkippedChar
2021-11-19T10:23:45,227|[TRACE] graph - <----- statementPart
2021-11-19T10:23:45,227|[TRACE] graph - -----> statementPart
2021-11-19T10:23:45,227|[TRACE] graph - -------> nonSkippedChar
2021-11-19T10:23:45,227|[TRACE] script - #out(`m`) [token]
2021-11-19T10:23:45,227|[TRACE] graph - <------- nonSkippedChar
2021-11-19T10:23:45,227|[TRACE] graph - <----- statementPart
2021-11-19T10:23:45,227|[TRACE] graph - -----> statementPart
2021-11-19T10:23:45,227|[TRACE] graph - -------> nonSkippedChar
2021-11-19T10:23:45,227|[TRACE] script - #out(`p`) [token]
2021-11-19T10:23:45,227|[TRACE] graph - <------- nonSkippedChar
2021-11-19T10:23:45,227|[TRACE] graph - <----- statementPart
2021-11-19T10:23:45,227|[TRACE] graph - -----> statementPart
2021-11-19T10:23:45,227|[TRACE] graph - -------> nonSkippedChar
2021-11-19T10:23:45,227|[TRACE] script - #out(`(`) [token]
2021-11-19T10:23:45,227|[TRACE] graph - <------- nonSkippedChar
2021-11-19T10:23:45,227|[TRACE] graph - <----- statementPart
2021-11-19T10:23:45,227|[TRACE] graph - -----> statementPart
2021-11-19T10:23:45,227|[TRACE] graph - -------> nonSkippedChar
2021-11-19T10:23:45,227|[TRACE] script - #out(`n`) [token]
2021-11-19T10:23:45,227|[TRACE] graph - <------- nonSkippedChar
2021-11-19T10:23:45,227|[TRACE] graph - <----- statementPart
2021-11-19T10:23:45,227|[TRACE] graph - -----> statementPart
2021-11-19T10:23:45,227|[TRACE] graph - -------> nonSkippedChar
2021-11-19T10:23:45,227|[TRACE] script - #out(`o`) [token]
2021-11-19T10:23:45,227|[TRACE] graph - <------- nonSkippedChar
2021-11-19T10:23:45,227|[TRACE] graph - <----- statementPart
2021-11-19T10:23:45,227|[TRACE] graph - -----> statementPart
2021-11-19T10:23:45,227|[TRACE] graph - -------> nonSkippedChar
2021-11-19T10:23:45,227|[TRACE] script - #out(`w`) [token]
2021-11-19T10:23:45,227|[TRACE] graph - <------- nonSkippedChar
2021-11-19T10:23:45,227|[TRACE] graph - <----- statementPart
2021-11-19T10:23:45,227|[TRACE] graph - -----> statementPart
2021-11-19T10:23:45,227|[TRACE] graph - -------> nonSkippedChar
2021-11-19T10:23:45,227|[TRACE] script - #out(`(`) [token]
2021-11-19T10:23:45,227|[TRACE] graph - <------- nonSkippedChar
2021-11-19T10:23:45,227|[TRACE] graph - <----- statementPart
2021-11-19T10:23:45,227|[TRACE] graph - -----> statementPart
2021-11-19T10:23:45,227|[TRACE] graph - -------> nonSkippedChar
2021-11-19T10:23:45,227|[TRACE] script - #out(`)`) [token]
2021-11-19T10:23:45,227|[TRACE] graph - <------- nonSkippedChar
2021-11-19T10:23:45,227|[TRACE] graph - <----- statementPart
2021-11-19T10:23:45,227|[TRACE] graph - -----> statementPart
2021-11-19T10:23:45,227|[TRACE] graph - -------> nonSkippedChar
2021-11-19T10:23:45,227|[TRACE] script - #out(`)`) [token]
2021-11-19T10:23:45,227|[TRACE] graph - <------- nonSkippedChar
2021-11-19T10:23:45,227|[TRACE] graph - <----- statementPart
2021-11-19T10:23:45,227|[TRACE] graph - -----> statementPart
2021-11-19T10:23:45,227|[TRACE] graph - -------> nonSkippedSpace
2021-11-19T10:23:45,227|[TRACE] script - #out(` `) [token]
2021-11-19T10:23:45,227|[TRACE] graph - <------- nonSkippedSpace
2021-11-19T10:23:45,227|[TRACE] graph - <----- statementPart
2021-11-19T10:23:45,227|[TRACE] graph - -----> statementPart
2021-11-19T10:23:45,227|[TRACE] graph - -------> nonSkippedChar
2021-11-19T10:23:45,227|[TRACE] script - #out(`*`) [token]
2021-11-19T10:23:45,227|[TRACE] graph - <------- nonSkippedChar
2021-11-19T10:23:45,227|[TRACE] graph - <----- statementPart
2021-11-19T10:23:45,227|[TRACE] graph - -----> statementPart
2021-11-19T10:23:45,227|[TRACE] graph - -------> nonSkippedSpace
2021-11-19T10:23:45,227|[TRACE] script - #out(` `) [token]
2021-11-19T10:23:45,227|[TRACE] graph - <------- nonSkippedSpace
2021-11-19T10:23:45,227|[TRACE] graph - <----- statementPart
2021-11-19T10:23:45,227|[TRACE] graph - -----> statementPart
2021-11-19T10:23:45,227|[TRACE] graph - -------> nonSkippedChar
2021-11-19T10:23:45,227|[TRACE] script - #out(`1`) [token]
2021-11-19T10:23:45,227|[TRACE] graph - <------- nonSkippedChar
2021-11-19T10:23:45,227|[TRACE] graph - <----- statementPart
2021-11-19T10:23:45,227|[TRACE] graph - -----> statementPart
2021-11-19T10:23:45,227|[TRACE] graph - -------> nonSkippedChar
2021-11-19T10:23:45,227|[TRACE] script - #out(`0`) [token]
2021-11-19T10:23:45,227|[TRACE] graph - <------- nonSkippedChar
2021-11-19T10:23:45,227|[TRACE] graph - <----- statementPart
2021-11-19T10:23:45,227|[TRACE] graph - -----> statementPart
2021-11-19T10:23:45,227|[TRACE] graph - -------> nonSkippedChar
2021-11-19T10:23:45,227|[TRACE] script - #out(`0`) [token]
2021-11-19T10:23:45,227|[TRACE] graph - <------- nonSkippedChar
2021-11-19T10:23:45,227|[TRACE] graph - <----- statementPart
2021-11-19T10:23:45,227|[TRACE] graph - -----> statementPart
2021-11-19T10:23:45,227|[TRACE] graph - -------> nonSkippedChar
2021-11-19T10:23:45,227|[TRACE] script - #out(`0`) [token]
2021-11-19T10:23:45,227|[TRACE] graph - <------- nonSkippedChar
2021-11-19T10:23:45,227|[TRACE] graph - <----- statementPart
2021-11-19T10:23:45,227|[TRACE] graph - -----> statementPart
2021-11-19T10:23:45,227|[TRACE] graph - -------> nonSkippedChar
2021-11-19T10:23:45,227|[TRACE] script - #out(`)`) [token]
2021-11-19T10:23:45,227|[TRACE] graph - <------- nonSkippedChar
2021-11-19T10:23:45,227|[TRACE] graph - <----- statementPart
2021-11-19T10:23:45,227|[TRACE] graph - -----> statementPart
2021-11-19T10:23:45,227|[TRACE] graph - -------> nonSkippedChar
2021-11-19T10:23:45,227|[TRACE] script - #out(`,`) [token]
2021-11-19T10:23:45,227|[TRACE] graph - <------- nonSkippedChar
2021-11-19T10:23:45,227|[TRACE] graph - <----- statementPart
2021-11-19T10:23:45,227|[TRACE] graph - -----> afterStatementPartNewline
2021-11-19T10:23:45,227|[TRACE] script - #out(` `) [text]
2021-11-19T10:23:45,227|[TRACE] graph - <----- afterStatementPartNewline
2021-11-19T10:23:45,227|[TRACE] graph - -----> statementPart
2021-11-19T10:23:45,227|[TRACE] graph - -------> nonSkippedSpace
2021-11-19T10:23:45,227|[TRACE] script - #out(` `) [token]
2021-11-19T10:23:45,227|[TRACE] graph - <------- nonSkippedSpace
2021-11-19T10:23:45,227|[TRACE] graph - <----- statementPart
2021-11-19T10:23:45,227|[TRACE] graph - -----> statementPart
2021-11-19T10:23:45,227|[TRACE] graph - -------> nonSkippedSpace
2021-11-19T10:23:45,227|[TRACE] script - #out(` `) [token]
2021-11-19T10:23:45,227|[TRACE] graph - <------- nonSkippedSpace
2021-11-19T10:23:45,227|[TRACE] graph - <----- statementPart
2021-11-19T10:23:45,227|[TRACE] graph - -----> statementPart
2021-11-19T10:23:45,227|[TRACE] graph - -------> quotedString
2021-11-19T10:23:45,227|[TRACE] script - #out(``version``) [token]
2021-11-19T10:23:45,227|[TRACE] graph - <------- quotedString
2021-11-19T10:23:45,282|[TRACE] graph - <----- statementPart
2021-11-19T10:23:45,282|[TRACE] graph - -----> statementPart
2021-11-19T10:23:45,282|[TRACE] graph - -------> nonSkippedSpace
2021-11-19T10:23:45,282|[TRACE] script - #out(` `) [token]
2021-11-19T10:23:45,282|[TRACE] graph - <------- nonSkippedSpace
2021-11-19T10:23:45,282|[TRACE] graph - <----- statementPart
2021-11-19T10:23:45,282|[TRACE] graph - -----> statementPart
2021-11-19T10:23:45,282|[TRACE] graph - -------> nonSkippedChar
2021-11-19T10:23:45,282|[TRACE] script - #out(`I`) [token]
2021-11-19T10:23:45,282|[TRACE] graph - <------- nonSkippedChar
2021-11-19T10:23:45,282|[TRACE] graph - <----- statementPart
2021-11-19T10:23:45,282|[TRACE] graph - -----> statementPart
2021-11-19T10:23:45,282|[TRACE] graph - -------> nonSkippedChar
2021-11-19T10:23:45,282|[TRACE] script - #out(`N`) [token]
2021-11-19T10:23:45,282|[TRACE] graph - <------- nonSkippedChar
2021-11-19T10:23:45,282|[TRACE] graph - <----- statementPart
2021-11-19T10:23:45,282|[TRACE] graph - -----> statementPart
2021-11-19T10:23:45,282|[TRACE] graph - -------> nonSkippedChar
2021-11-19T10:23:45,282|[TRACE] script - #out(`T`) [token]
2021-11-19T10:23:45,282|[TRACE] graph - <------- nonSkippedChar
2021-11-19T10:23:45,282|[TRACE] graph - <----- statementPart
2021-11-19T10:23:45,282|[TRACE] graph - -----> statementPart
2021-11-19T10:23:45,282|[TRACE] graph - -------> nonSkippedSpace
2021-11-19T10:23:45,282|[TRACE] script - #out(` `) [token]
2021-11-19T10:23:45,282|[TRACE] graph - <------- nonSkippedSpace
2021-11-19T10:23:45,282|[TRACE] graph - <----- statementPart
2021-11-19T10:23:45,282|[TRACE] graph - -----> statementPart
2021-11-19T10:23:45,282|[TRACE] graph - -------> nonSkippedChar
2021-11-19T10:23:45,282|[TRACE] script - #out(`N`) [token]
2021-11-19T10:23:45,282|[TRACE] graph - <------- nonSkippedChar
2021-11-19T10:23:45,282|[TRACE] graph - <----- statementPart
2021-11-19T10:23:45,282|[TRACE] graph - -----> statementPart
2021-11-19T10:23:45,282|[TRACE] graph - -------> nonSkippedChar
2021-11-19T10:23:45,282|[TRACE] script - #out(`O`) [token]
2021-11-19T10:23:45,282|[TRACE] graph - <------- nonSkippedChar
2021-11-19T10:23:45,282|[TRACE] graph - <----- statementPart
2021-11-19T10:23:45,282|[TRACE] graph - -----> statementPart
2021-11-19T10:23:45,282|[TRACE] graph - -------> nonSkippedChar
2021-11-19T10:23:45,282|[TRACE] script - #out(`T`) [token]
2021-11-19T10:23:45,282|[TRACE] graph - <------- nonSkippedChar
2021-11-19T10:23:45,282|[TRACE] graph - <----- statementPart
2021-11-19T10:23:45,282|[TRACE] graph - -----> statementPart
2021-11-19T10:23:45,282|[TRACE] graph - -------> nonSkippedSpace
2021-11-19T10:23:45,282|[TRACE] script - #out(` `) [token]
2021-11-19T10:23:45,282|[TRACE] graph - <------- nonSkippedSpace
2021-11-19T10:23:45,282|[TRACE] graph - <----- statementPart
2021-11-19T10:23:45,282|[TRACE] graph - -----> statementPart
2021-11-19T10:23:45,282|[TRACE] graph - -------> nonSkippedChar
2021-11-19T10:23:45,282|[TRACE] script - #out(`N`) [token]
2021-11-19T10:23:45,282|[TRACE] graph - <------- nonSkippedChar
2021-11-19T10:23:45,282|[TRACE] graph - <----- statementPart
2021-11-19T10:23:45,282|[TRACE] graph - -----> statementPart
2021-11-19T10:23:45,282|[TRACE] graph - -------> nonSkippedChar
2021-11-19T10:23:45,282|[TRACE] script - #out(`U`) [token]
2021-11-19T10:23:45,282|[TRACE] graph - <------- nonSkippedChar
2021-11-19T10:23:45,282|[TRACE] graph - <----- statementPart
2021-11-19T10:23:45,282|[TRACE] graph - -----> statementPart
2021-11-19T10:23:45,282|[TRACE] graph - -------> nonSkippedChar
2021-11-19T10:23:45,282|[TRACE] script - #out(`L`) [token]
2021-11-19T10:23:45,282|[TRACE] graph - <------- nonSkippedChar
2021-11-19T10:23:45,282|[TRACE] graph - <----- statementPart
2021-11-19T10:23:45,282|[TRACE] graph - -----> statementPart
2021-11-19T10:23:45,282|[TRACE] graph - -------> nonSkippedChar
2021-11-19T10:23:45,282|[TRACE] script - #out(`L`) [token]
2021-11-19T10:23:45,282|[TRACE] graph - <------- nonSkippedChar
2021-11-19T10:23:45,282|[TRACE] graph - <----- statementPart
2021-11-19T10:23:45,282|[TRACE] graph - -----> statementPart
2021-11-19T10:23:45,282|[TRACE] graph - -------> nonSkippedSpace
2021-11-19T10:23:45,282|[TRACE] script - #out(` `) [token]
2021-11-19T10:23:45,282|[TRACE] graph - <------- nonSkippedSpace
2021-11-19T10:23:45,282|[TRACE] graph - <----- statementPart
2021-11-19T10:23:45,282|[TRACE] graph - -----> statementPart
2021-11-19T10:23:45,282|[TRACE] graph - -------> nonSkippedChar
2021-11-19T10:23:45,282|[TRACE] script - #out(`D`) [token]
2021-11-19T10:23:45,282|[TRACE] graph - <------- nonSkippedChar
2021-11-19T10:23:45,282|[TRACE] graph - <----- statementPart
2021-11-19T10:23:45,282|[TRACE] graph - -----> statementPart
2021-11-19T10:23:45,282|[TRACE] graph - -------> nonSkippedChar
2021-11-19T10:23:45,282|[TRACE] script - #out(`E`) [token]
2021-11-19T10:23:45,282|[TRACE] graph - <------- nonSkippedChar
2021-11-19T10:23:45,282|[TRACE] graph - <----- statementPart
2021-11-19T10:23:45,282|[TRACE] graph - -----> statementPart
2021-11-19T10:23:45,282|[TRACE] graph - -------> nonSkippedChar
2021-11-19T10:23:45,282|[TRACE] script - #out(`F`) [token]
2021-11-19T10:23:45,282|[TRACE] graph - <------- nonSkippedChar
2021-11-19T10:23:45,282|[TRACE] graph - <----- statementPart
2021-11-19T10:23:45,282|[TRACE] graph - -----> statementPart
2021-11-19T10:23:45,282|[TRACE] graph - -------> nonSkippedChar
2021-11-19T10:23:45,282|[TRACE] script - #out(`A`) [token]
2021-11-19T10:23:45,282|[TRACE] graph - <------- nonSkippedChar
2021-11-19T10:23:45,282|[TRACE] graph - <----- statementPart
2021-11-19T10:23:45,282|[TRACE] graph - -----> statementPart
2021-11-19T10:23:45,282|[TRACE] graph - -------> nonSkippedChar
2021-11-19T10:23:45,282|[TRACE] script - #out(`U`) [token]
2021-11-19T10:23:45,282|[TRACE] graph - <------- nonSkippedChar
2021-11-19T10:23:45,282|[TRACE] graph - <----- statementPart
2021-11-19T10:23:45,282|[TRACE] graph - -----> statementPart
2021-11-19T10:23:45,282|[TRACE] graph - -------> nonSkippedChar
2021-11-19T10:23:45,282|[TRACE] script - #out(`L`) [token]
2021-11-19T10:23:45,282|[TRACE] graph - <------- nonSkippedChar
2021-11-19T10:23:45,282|[TRACE] graph - <----- statementPart
2021-11-19T10:23:45,282|[TRACE] graph - -----> statementPart
2021-11-19T10:23:45,282|[TRACE] graph - -------> nonSkippedChar
2021-11-19T10:23:45,282|[TRACE] script - #out(`T`) [token]
2021-11-19T10:23:45,282|[TRACE] graph - <------- nonSkippedChar
2021-11-19T10:23:45,282|[TRACE] graph - <----- statementPart
2021-11-19T10:23:45,282|[TRACE] graph - -----> statementPart
2021-11-19T10:23:45,282|[TRACE] graph - -------> nonSkippedSpace
2021-11-19T10:23:45,282|[TRACE] script - #out(` `) [token]
2021-11-19T10:23:45,282|[TRACE] graph - <------- nonSkippedSpace
2021-11-19T10:23:45,282|[TRACE] graph - <----- statementPart
2021-11-19T10:23:45,282|[TRACE] graph - -----> statementPart
2021-11-19T10:23:45,282|[TRACE] graph - -------> nonSkippedChar
2021-11-19T10:23:45,282|[TRACE] script - #out(`1`) [token]
2021-11-19T10:23:45,282|[TRACE] graph - <------- nonSkippedChar
2021-11-19T10:23:45,282|[TRACE] graph - <----- statementPart
2021-11-19T10:23:45,282|[TRACE] graph - -----> statementPart
2021-11-19T10:23:45,282|[TRACE] graph - -------> nonSkippedChar
2021-11-19T10:23:45,282|[TRACE] script - #out(`,`) [token]
2021-11-19T10:23:45,282|[TRACE] graph - <------- nonSkippedChar
2021-11-19T10:23:45,282|[TRACE] graph - <----- statementPart
2021-11-19T10:23:45,282|[TRACE] graph - -----> afterStatementPartNewline
2021-11-19T10:23:45,282|[TRACE] script - #out(` `) [text]
2021-11-19T10:23:45,282|[TRACE] graph - <----- afterStatementPartNewline
2021-11-19T10:23:45,282|[TRACE] graph - -----> statementPart
2021-11-19T10:23:45,282|[TRACE] graph - -------> nonSkippedSpace
2021-11-19T10:23:45,282|[TRACE] script - #out(` `) [token]
2021-11-19T10:23:45,282|[TRACE] graph - <------- nonSkippedSpace
2021-11-19T10:23:45,282|[TRACE] graph - <----- statementPart
2021-11-19T10:23:45,282|[TRACE] graph - -----> statementPart
2021-11-19T10:23:45,282|[TRACE] graph - -------> nonSkippedSpace
2021-11-19T10:23:45,282|[TRACE] script - #out(` `) [token]
2021-11-19T10:23:45,282|[TRACE] graph - <------- nonSkippedSpace
2021-11-19T10:23:45,282|[TRACE] graph - <----- statementPart
2021-11-19T10:23:45,282|[TRACE] graph - -----> statementPart
2021-11-19T10:23:45,282|[TRACE] graph - -------> nonSkippedChar
2021-11-19T10:23:45,282|[TRACE] script - #out(`P`) [token]
2021-11-19T10:23:45,282|[TRACE] graph - <------- nonSkippedChar
2021-11-19T10:23:45,282|[TRACE] graph - <----- statementPart
2021-11-19T10:23:45,282|[TRACE] graph - -----> statementPart
2021-11-19T10:23:45,282|[TRACE] graph - -------> nonSkippedChar
2021-11-19T10:23:45,282|[TRACE] script - #out(`R`) [token]
2021-11-19T10:23:45,282|[TRACE] graph - <------- nonSkippedChar
2021-11-19T10:23:45,282|[TRACE] graph - <----- statementPart
2021-11-19T10:23:45,282|[TRACE] graph - -----> statementPart
2021-11-19T10:23:45,282|[TRACE] graph - -------> nonSkippedChar
2021-11-19T10:23:45,282|[TRACE] script - #out(`I`) [token]
2021-11-19T10:23:45,282|[TRACE] graph - <------- nonSkippedChar
2021-11-19T10:23:45,282|[TRACE] graph - <----- statementPart
2021-11-19T10:23:45,282|[TRACE] graph - -----> statementPart
2021-11-19T10:23:45,282|[TRACE] graph - -------> nonSkippedChar
2021-11-19T10:23:45,282|[TRACE] script - #out(`M`) [token]
2021-11-19T10:23:45,282|[TRACE] graph - <------- nonSkippedChar
2021-11-19T10:23:45,282|[TRACE] graph - <----- statementPart
2021-11-19T10:23:45,282|[TRACE] graph - -----> statementPart
2021-11-19T10:23:45,282|[TRACE] graph - -------> nonSkippedChar
2021-11-19T10:23:45,282|[TRACE] script - #out(`A`) [token]
2021-11-19T10:23:45,282|[TRACE] graph - <------- nonSkippedChar
2021-11-19T10:23:45,282|[TRACE] graph - <----- statementPart
2021-11-19T10:23:45,282|[TRACE] graph - -----> statementPart
2021-11-19T10:23:45,282|[TRACE] graph - -------> nonSkippedChar
2021-11-19T10:23:45,282|[TRACE] script - #out(`R`) [token]
2021-11-19T10:23:45,282|[TRACE] graph - <------- nonSkippedChar
2021-11-19T10:23:45,282|[TRACE] graph - <----- statementPart
2021-11-19T10:23:45,282|[TRACE] graph - -----> statementPart
2021-11-19T10:23:45,282|[TRACE] graph - -------> nonSkippedChar
2021-11-19T10:23:45,282|[TRACE] script - #out(`Y`) [token]
2021-11-19T10:23:45,282|[TRACE] graph - <------- nonSkippedChar
2021-11-19T10:23:45,282|[TRACE] graph - <----- statementPart
2021-11-19T10:23:45,282|[TRACE] graph - -----> statementPart
2021-11-19T10:23:45,282|[TRACE] graph - -------> nonSkippedSpace
2021-11-19T10:23:45,282|[TRACE] script - #out(` `) [token]
2021-11-19T10:23:45,282|[TRACE] graph - <------- nonSkippedSpace
2021-11-19T10:23:45,282|[TRACE] graph - <----- statementPart
2021-11-19T10:23:45,282|[TRACE] graph - -----> statementPart
2021-11-19T10:23:45,282|[TRACE] graph - -------> nonSkippedChar
2021-11-19T10:23:45,282|[TRACE] script - #out(`K`) [token]
2021-11-19T10:23:45,282|[TRACE] graph - <------- nonSkippedChar
2021-11-19T10:23:45,282|[TRACE] graph - <----- statementPart
2021-11-19T10:23:45,282|[TRACE] graph - -----> statementPart
2021-11-19T10:23:45,282|[TRACE] graph - -------> nonSkippedChar
2021-11-19T10:23:45,282|[TRACE] script - #out(`E`) [token]
2021-11-19T10:23:45,282|[TRACE] graph - <------- nonSkippedChar
2021-11-19T10:23:45,282|[TRACE] graph - <----- statementPart
2021-11-19T10:23:45,282|[TRACE] graph - -----> statementPart
2021-11-19T10:23:45,282|[TRACE] graph - -------> nonSkippedChar
2021-11-19T10:23:45,282|[TRACE] script - #out(`Y`) [token]
2021-11-19T10:23:45,283|[TRACE] graph - <------- nonSkippedChar
2021-11-19T10:23:45,283|[TRACE] graph - <----- statementPart
2021-11-19T10:23:45,283|[TRACE] graph - -----> statementPart
2021-11-19T10:23:45,283|[TRACE] graph - -------> nonSkippedSpace
2021-11-19T10:23:45,283|[TRACE] script - #out(` `) [token]
2021-11-19T10:23:45,283|[TRACE] graph - <------- nonSkippedSpace
2021-11-19T10:23:45,283|[TRACE] graph - <----- statementPart
2021-11-19T10:23:45,283|[TRACE] graph - -----> statementPart
2021-11-19T10:23:45,283|[TRACE] graph - -------> nonSkippedChar
2021-11-19T10:23:45,283|[TRACE] script - #out(`(`) [token]
2021-11-19T10:23:45,283|[TRACE] graph - <------- nonSkippedChar
2021-11-19T10:23:45,283|[TRACE] graph - <----- statementPart
2021-11-19T10:23:45,283|[TRACE] graph - -----> statementPart
2021-11-19T10:23:45,283|[TRACE] graph - -------> quotedString
2021-11-19T10:23:45,283|[TRACE] script - #out(``bank_id``) [token]
2021-11-19T10:23:45,283|[TRACE] graph - <------- quotedString
2021-11-19T10:23:45,283|[TRACE] graph - <----- statementPart
2021-11-19T10:23:45,283|[TRACE] graph - -----> statementPart
2021-11-19T10:23:45,283|[TRACE] graph - -------> nonSkippedChar
2021-11-19T10:23:45,283|[TRACE] script - #out(`)`) [token]
2021-11-19T10:23:45,283|[TRACE] graph - <------- nonSkippedChar
2021-11-19T10:23:45,283|[TRACE] graph - <----- statementPart
2021-11-19T10:23:45,283|[TRACE] graph - -----> statementPart
2021-11-19T10:23:45,283|[TRACE] graph - -------> nonSkippedChar
2021-11-19T10:23:45,283|[TRACE] script - #out(`,`) [token]
2021-11-19T10:23:45,283|[TRACE] graph - <------- nonSkippedChar
2021-11-19T10:23:45,283|[TRACE] graph - <----- statementPart
2021-11-19T10:23:45,283|[TRACE] graph - -----> afterStatementPartNewline
2021-11-19T10:23:45,283|[TRACE] script - #out(` `) [text]
2021-11-19T10:23:45,283|[TRACE] graph - <----- afterStatementPartNewline
2021-11-19T10:23:45,283|[TRACE] graph - -----> statementPart
2021-11-19T10:23:45,283|[TRACE] graph - -------> nonSkippedSpace
2021-11-19T10:23:45,283|[TRACE] script - #out(` `) [token]
2021-11-19T10:23:45,283|[TRACE] graph - <------- nonSkippedSpace
2021-11-19T10:23:45,283|[TRACE] graph - <----- statementPart
2021-11-19T10:23:45,283|[TRACE] graph - -----> statementPart
2021-11-19T10:23:45,283|[TRACE] graph - -------> nonSkippedSpace
2021-11-19T10:23:45,283|[TRACE] script - #out(` `) [token]
2021-11-19T10:23:45,283|[TRACE] graph - <------- nonSkippedSpace
2021-11-19T10:23:45,283|[TRACE] graph - <----- statementPart
2021-11-19T10:23:45,283|[TRACE] graph - -----> statementPart
2021-11-19T10:23:45,283|[TRACE] graph - -------> nonSkippedChar
2021-11-19T10:23:45,283|[TRACE] script - #out(`U`) [token]
2021-11-19T10:23:45,283|[TRACE] graph - <------- nonSkippedChar
2021-11-19T10:23:45,283|[TRACE] graph - <----- statementPart
2021-11-19T10:23:45,283|[TRACE] graph - -----> statementPart
2021-11-19T10:23:45,283|[TRACE] graph - -------> nonSkippedChar
2021-11-19T10:23:45,283|[TRACE] script - #out(`N`) [token]
2021-11-19T10:23:45,283|[TRACE] graph - <------- nonSkippedChar
2021-11-19T10:23:45,283|[TRACE] graph - <----- statementPart
2021-11-19T10:23:45,283|[TRACE] graph - -----> statementPart
2021-11-19T10:23:45,283|[TRACE] graph - -------> nonSkippedChar
2021-11-19T10:23:45,283|[TRACE] script - #out(`I`) [token]
2021-11-19T10:23:45,283|[TRACE] graph - <------- nonSkippedChar
2021-11-19T10:23:45,283|[TRACE] graph - <----- statementPart
2021-11-19T10:23:45,283|[TRACE] graph - -----> statementPart
2021-11-19T10:23:45,283|[TRACE] graph - -------> nonSkippedChar
2021-11-19T10:23:45,283|[TRACE] script - #out(`Q`) [token]
2021-11-19T10:23:45,283|[TRACE] graph - <------- nonSkippedChar
2021-11-19T10:23:45,283|[TRACE] graph - <----- statementPart
2021-11-19T10:23:45,283|[TRACE] graph - -----> statementPart
2021-11-19T10:23:45,283|[TRACE] graph - -------> nonSkippedChar
2021-11-19T10:23:45,283|[TRACE] script - #out(`U`) [token]
2021-11-19T10:23:45,283|[TRACE] graph - <------- nonSkippedChar
2021-11-19T10:23:45,283|[TRACE] graph - <----- statementPart
2021-11-19T10:23:45,283|[TRACE] graph - -----> statementPart
2021-11-19T10:23:45,283|[TRACE] graph - -------> nonSkippedChar
2021-11-19T10:23:45,283|[TRACE] script - #out(`E`) [token]
2021-11-19T10:23:45,283|[TRACE] graph - <------- nonSkippedChar
2021-11-19T10:23:45,283|[TRACE] graph - <----- statementPart
2021-11-19T10:23:45,283|[TRACE] graph - -----> statementPart
2021-11-19T10:23:45,283|[TRACE] graph - -------> nonSkippedSpace
2021-11-19T10:23:45,283|[TRACE] script - #out(` `) [token]
2021-11-19T10:23:45,283|[TRACE] graph - <------- nonSkippedSpace
2021-11-19T10:23:45,283|[TRACE] graph - <----- statementPart
2021-11-19T10:23:45,283|[TRACE] graph - -----> statementPart
2021-11-19T10:23:45,283|[TRACE] graph - -------> nonSkippedChar
2021-11-19T10:23:45,283|[TRACE] script - #out(`I`) [token]
2021-11-19T10:23:45,283|[TRACE] graph - <------- nonSkippedChar
2021-11-19T10:23:45,283|[TRACE] graph - <----- statementPart
2021-11-19T10:23:45,283|[TRACE] graph - -----> statementPart
2021-11-19T10:23:45,283|[TRACE] graph - -------> nonSkippedChar
2021-11-19T10:23:45,283|[TRACE] script - #out(`N`) [token]
2021-11-19T10:23:45,283|[TRACE] graph - <------- nonSkippedChar
2021-11-19T10:23:45,283|[TRACE] graph - <----- statementPart
2021-11-19T10:23:45,283|[TRACE] graph - -----> statementPart
2021-11-19T10:23:45,283|[TRACE] graph - -------> nonSkippedChar
2021-11-19T10:23:45,283|[TRACE] script - #out(`D`) [token]
2021-11-19T10:23:45,283|[TRACE] graph - <------- nonSkippedChar
2021-11-19T10:23:45,283|[TRACE] graph - <----- statementPart
2021-11-19T10:23:45,283|[TRACE] graph - -----> statementPart
2021-11-19T10:23:45,283|[TRACE] graph - -------> nonSkippedChar
2021-11-19T10:23:45,283|[TRACE] script - #out(`E`) [token]
2021-11-19T10:23:45,283|[TRACE] graph - <------- nonSkippedChar
2021-11-19T10:23:45,283|[TRACE] graph - <----- statementPart
2021-11-19T10:23:45,283|[TRACE] graph - -----> statementPart
2021-11-19T10:23:45,283|[TRACE] graph - -------> nonSkippedChar
2021-11-19T10:23:45,283|[TRACE] script - #out(`X`) [token]
2021-11-19T10:23:45,283|[TRACE] graph - <------- nonSkippedChar
2021-11-19T10:23:45,283|[TRACE] graph - <----- statementPart
2021-11-19T10:23:45,283|[TRACE] graph - -----> statementPart
2021-11-19T10:23:45,283|[TRACE] graph - -------> nonSkippedSpace
2021-11-19T10:23:45,283|[TRACE] script - #out(` `) [token]
2021-11-19T10:23:45,283|[TRACE] graph - <------- nonSkippedSpace
2021-11-19T10:23:45,283|[TRACE] graph - <----- statementPart
2021-11-19T10:23:45,283|[TRACE] graph - -----> statementPart
2021-11-19T10:23:45,283|[TRACE] graph - -------> quotedString
2021-11-19T10:23:45,283|[TRACE] script - #out(``name_UNIQUE``) [token]
2021-11-19T10:23:45,283|[TRACE] graph - <------- quotedString
2021-11-19T10:23:45,283|[TRACE] graph - <----- statementPart
2021-11-19T10:23:45,283|[TRACE] graph - -----> statementPart
2021-11-19T10:23:45,283|[TRACE] graph - -------> nonSkippedSpace
2021-11-19T10:23:45,284|[TRACE] script - #out(` `) [token]
2021-11-19T10:23:45,284|[TRACE] graph - <------- nonSkippedSpace
2021-11-19T10:23:45,284|[TRACE] graph - <----- statementPart
2021-11-19T10:23:45,284|[TRACE] graph - -----> statementPart
2021-11-19T10:23:45,284|[TRACE] graph - -------> nonSkippedChar
2021-11-19T10:23:45,284|[TRACE] script - #out(`(`) [token]
2021-11-19T10:23:45,284|[TRACE] graph - <------- nonSkippedChar
2021-11-19T10:23:45,284|[TRACE] graph - <----- statementPart
2021-11-19T10:23:45,284|[TRACE] graph - -----> statementPart
2021-11-19T10:23:45,284|[TRACE] graph - -------> quotedString
2021-11-19T10:23:45,284|[TRACE] script - #out(``name``) [token]
2021-11-19T10:23:45,284|[TRACE] graph - <------- quotedString
2021-11-19T10:23:45,284|[TRACE] graph - <----- statementPart
2021-11-19T10:23:45,284|[TRACE] graph - -----> statementPart
2021-11-19T10:23:45,284|[TRACE] graph - -------> nonSkippedSpace
2021-11-19T10:23:45,284|[TRACE] script - #out(` `) [token]
2021-11-19T10:23:45,284|[TRACE] graph - <------- nonSkippedSpace
2021-11-19T10:23:45,284|[TRACE] graph - <----- statementPart
2021-11-19T10:23:45,284|[TRACE] graph - -----> statementPart
2021-11-19T10:23:45,284|[TRACE] graph - -------> nonSkippedChar
2021-11-19T10:23:45,284|[TRACE] script - #out(`A`) [token]
2021-11-19T10:23:45,284|[TRACE] graph - <------- nonSkippedChar
2021-11-19T10:23:45,284|[TRACE] graph - <----- statementPart
2021-11-19T10:23:45,284|[TRACE] graph - -----> statementPart
2021-11-19T10:23:45,284|[TRACE] graph - -------> nonSkippedChar
2021-11-19T10:23:45,284|[TRACE] script - #out(`S`) [token]
2021-11-19T10:23:45,284|[TRACE] graph - <------- nonSkippedChar
2021-11-19T10:23:45,284|[TRACE] graph - <----- statementPart
2021-11-19T10:23:45,284|[TRACE] graph - -----> statementPart
2021-11-19T10:23:45,284|[TRACE] graph - -------> nonSkippedChar
2021-11-19T10:23:45,284|[TRACE] script - #out(`C`) [token]
2021-11-19T10:23:45,284|[TRACE] graph - <------- nonSkippedChar
2021-11-19T10:23:45,284|[TRACE] graph - <----- statementPart
2021-11-19T10:23:45,284|[TRACE] graph - -----> statementPart
2021-11-19T10:23:45,284|[TRACE] graph - -------> nonSkippedChar
2021-11-19T10:23:45,284|[TRACE] script - #out(`)`) [token]
2021-11-19T10:23:45,284|[TRACE] graph - <------- nonSkippedChar
2021-11-19T10:23:45,284|[TRACE] graph - <----- statementPart
2021-11-19T10:23:45,284|[TRACE] graph - -----> statementPart
2021-11-19T10:23:45,284|[TRACE] graph - -------> nonSkippedSpace
2021-11-19T10:23:45,284|[TRACE] script - #out(` `) [token]
2021-11-19T10:23:45,284|[TRACE] graph - <------- nonSkippedSpace
2021-11-19T10:23:45,284|[TRACE] graph - <----- statementPart
2021-11-19T10:23:45,284|[TRACE] graph - -----> statementPart
2021-11-19T10:23:45,284|[TRACE] graph - -------> nonSkippedChar
2021-11-19T10:23:45,284|[TRACE] script - #out(`V`) [token]
2021-11-19T10:23:45,284|[TRACE] graph - <------- nonSkippedChar
2021-11-19T10:23:45,284|[TRACE] graph - <----- statementPart
2021-11-19T10:23:45,284|[TRACE] graph - -----> statementPart
2021-11-19T10:23:45,284|[TRACE] graph - -------> nonSkippedChar
2021-11-19T10:23:45,284|[TRACE] script - #out(`I`) [token]
2021-11-19T10:23:45,284|[TRACE] graph - <------- nonSkippedChar
2021-11-19T10:23:45,284|[TRACE] graph - <----- statementPart
2021-11-19T10:23:45,284|[TRACE] graph - -----> statementPart
2021-11-19T10:23:45,284|[TRACE] graph - -------> nonSkippedChar
2021-11-19T10:23:45,284|[TRACE] script - #out(`S`) [token]
2021-11-19T10:23:45,284|[TRACE] graph - <------- nonSkippedChar
2021-11-19T10:23:45,284|[TRACE] graph - <----- statementPart
2021-11-19T10:23:45,284|[TRACE] graph - -----> statementPart
2021-11-19T10:23:45,284|[TRACE] graph - -------> nonSkippedChar
2021-11-19T10:23:45,284|[TRACE] script - #out(`I`) [token]
2021-11-19T10:23:45,284|[TRACE] graph - <------- nonSkippedChar
2021-11-19T10:23:45,284|[TRACE] graph - <----- statementPart
2021-11-19T10:23:45,284|[TRACE] graph - -----> statementPart
2021-11-19T10:23:45,284|[TRACE] graph - -------> nonSkippedChar
2021-11-19T10:23:45,284|[TRACE] script - #out(`B`) [token]
2021-11-19T10:23:45,284|[TRACE] graph - <------- nonSkippedChar
2021-11-19T10:23:45,284|[TRACE] graph - <----- statementPart
2021-11-19T10:23:45,284|[TRACE] graph - -----> statementPart
2021-11-19T10:23:45,284|[TRACE] graph - -------> nonSkippedChar
2021-11-19T10:23:45,284|[TRACE] script - #out(`L`) [token]
2021-11-19T10:23:45,284|[TRACE] graph - <------- nonSkippedChar
2021-11-19T10:23:45,284|[TRACE] graph - <----- statementPart
2021-11-19T10:23:45,284|[TRACE] graph - -----> statementPart
2021-11-19T10:23:45,284|[TRACE] graph - -------> nonSkippedChar
2021-11-19T10:23:45,284|[TRACE] script - #out(`E`) [token]
2021-11-19T10:23:45,284|[TRACE] graph - <------- nonSkippedChar
2021-11-19T10:23:45,284|[TRACE] graph - <----- statementPart
2021-11-19T10:23:45,284|[TRACE] graph - -----> statementPart
2021-11-19T10:23:45,284|[TRACE] graph - -------> nonSkippedChar
2021-11-19T10:23:45,284|[TRACE] script - #out(`)`) [token]
2021-11-19T10:23:45,284|[TRACE] graph - <------- nonSkippedChar
2021-11-19T10:23:45,284|[TRACE] graph - <----- statementPart
2021-11-19T10:23:45,284|[TRACE] graph - -----> afterStatementPartNewline
2021-11-19T10:23:45,284|[TRACE] script - #out(` `) [text]
2021-11-19T10:23:45,284|[TRACE] graph - <----- afterStatementPartNewline
2021-11-19T10:23:45,284|[TRACE] graph - -----> statementPart
2021-11-19T10:23:45,284|[TRACE] graph - -------> nonSkippedChar
2021-11-19T10:23:45,284|[TRACE] script - #out(`E`) [token]
2021-11-19T10:23:45,284|[TRACE] graph - <------- nonSkippedChar
2021-11-19T10:23:45,284|[TRACE] graph - <----- statementPart
2021-11-19T10:23:45,284|[TRACE] graph - -----> statementPart
2021-11-19T10:23:45,284|[TRACE] graph - -------> nonSkippedChar
2021-11-19T10:23:45,284|[TRACE] script - #out(`N`) [token]
2021-11-19T10:23:45,284|[TRACE] graph - <------- nonSkippedChar
2021-11-19T10:23:45,284|[TRACE] graph - <----- statementPart
2021-11-19T10:23:45,284|[TRACE] graph - -----> statementPart
2021-11-19T10:23:45,284|[TRACE] graph - -------> nonSkippedChar
2021-11-19T10:23:45,284|[TRACE] script - #out(`G`) [token]
2021-11-19T10:23:45,284|[TRACE] graph - <------- nonSkippedChar
2021-11-19T10:23:45,284|[TRACE] graph - <----- statementPart
2021-11-19T10:23:45,284|[TRACE] graph - -----> statementPart
2021-11-19T10:23:45,284|[TRACE] graph - -------> nonSkippedChar
2021-11-19T10:23:45,284|[TRACE] script - #out(`I`) [token]
2021-11-19T10:23:45,284|[TRACE] graph - <------- nonSkippedChar
2021-11-19T10:23:45,284|[TRACE] graph - <----- statementPart
2021-11-19T10:23:45,284|[TRACE] graph - -----> statementPart
2021-11-19T10:23:45,284|[TRACE] graph - -------> nonSkippedChar
2021-11-19T10:23:45,284|[TRACE] script - #out(`N`) [token]
2021-11-19T10:23:45,284|[TRACE] graph - <------- nonSkippedChar
2021-11-19T10:23:45,284|[TRACE] graph - <----- statementPart
2021-11-19T10:23:45,284|[TRACE] graph - -----> statementPart
2021-11-19T10:23:45,284|[TRACE] graph - -------> nonSkippedChar
2021-11-19T10:23:45,284|[TRACE] script - #out(`E`) [token]
2021-11-19T10:23:45,284|[TRACE] graph - <------- nonSkippedChar
2021-11-19T10:23:45,284|[TRACE] graph - <----- statementPart
2021-11-19T10:23:45,284|[TRACE] graph - -----> statementPart
2021-11-19T10:23:45,284|[TRACE] graph - -------> nonSkippedSpace
2021-11-19T10:23:45,284|[TRACE] script - #out(` `) [token]
2021-11-19T10:23:45,284|[TRACE] graph - <------- nonSkippedSpace
2021-11-19T10:23:45,284|[TRACE] graph - <----- statementPart
2021-11-19T10:23:45,284|[TRACE] graph - -----> statementPart
2021-11-19T10:23:45,284|[TRACE] graph - -------> nonSkippedChar
2021-11-19T10:23:45,284|[TRACE] script - #out(`=`) [token]
2021-11-19T10:23:45,284|[TRACE] graph - <------- nonSkippedChar
2021-11-19T10:23:45,284|[TRACE] graph - <----- statementPart
2021-11-19T10:23:45,285|[TRACE] graph - -----> statementPart
2021-11-19T10:23:45,285|[TRACE] graph - -------> nonSkippedSpace
2021-11-19T10:23:45,285|[TRACE] script - #out(` `) [token]
2021-11-19T10:23:45,285|[TRACE] graph - <------- nonSkippedSpace
2021-11-19T10:23:45,285|[TRACE] graph - <----- statementPart
2021-11-19T10:23:45,285|[TRACE] graph - -----> statementPart
2021-11-19T10:23:45,285|[TRACE] graph - -------> nonSkippedChar
2021-11-19T10:23:45,285|[TRACE] script - #out(`I`) [token]
2021-11-19T10:23:45,285|[TRACE] graph - <------- nonSkippedChar
2021-11-19T10:23:45,285|[TRACE] graph - <----- statementPart
2021-11-19T10:23:45,285|[TRACE] graph - -----> statementPart
2021-11-19T10:23:45,285|[TRACE] graph - -------> nonSkippedChar
2021-11-19T10:23:45,285|[TRACE] script - #out(`n`) [token]
2021-11-19T10:23:45,285|[TRACE] graph - <------- nonSkippedChar
2021-11-19T10:23:45,285|[TRACE] graph - <----- statementPart
2021-11-19T10:23:45,285|[TRACE] graph - -----> statementPart
2021-11-19T10:23:45,285|[TRACE] graph - -------> nonSkippedChar
2021-11-19T10:23:45,285|[TRACE] script - #out(`n`) [token]
2021-11-19T10:23:45,285|[TRACE] graph - <------- nonSkippedChar
2021-11-19T10:23:45,285|[TRACE] graph - <----- statementPart
2021-11-19T10:23:45,285|[TRACE] graph - -----> statementPart
2021-11-19T10:23:45,285|[TRACE] graph - -------> nonSkippedChar
2021-11-19T10:23:45,285|[TRACE] script - #out(`o`) [token]
2021-11-19T10:23:45,285|[TRACE] graph - <------- nonSkippedChar
2021-11-19T10:23:45,285|[TRACE] graph - <----- statementPart
2021-11-19T10:23:45,285|[TRACE] graph - -----> statementPart
2021-11-19T10:23:45,285|[TRACE] graph - -------> nonSkippedChar
2021-11-19T10:23:45,285|[TRACE] script - #out(`D`) [token]
2021-11-19T10:23:45,285|[TRACE] graph - <------- nonSkippedChar
2021-11-19T10:23:45,285|[TRACE] graph - <----- statementPart
2021-11-19T10:23:45,285|[TRACE] graph - -----> statementPart
2021-11-19T10:23:45,285|[TRACE] graph - -------> nonSkippedChar
2021-11-19T10:23:45,285|[TRACE] script - #out(`B`) [token]
2021-11-19T10:23:45,285|[TRACE] graph - <------- nonSkippedChar
2021-11-19T10:23:45,285|[TRACE] graph - <----- statementPart
2021-11-19T10:23:45,285|[DEBUG] graph - Import statement : CREATE TABLE IF NOT EXISTS `bloodbank`.`blood_bank` (   `bank_id` INT NOT NULL AUTO_INCREMENT,   `name` VARCHAR(100) NOT NULL,   `privately_owned` BIT(1) NOT NULL,   `created` BIGINT NOT NULL DEFAULT (unix_timestamp(now()) * 1000),   `updated` BIGINT NOT NULL DEFAULT (unix_timestamp(now()) * 1000),   `version` INT NOT NULL DEFAULT 1,   PRIMARY KEY (`bank_id`),   UNIQUE INDEX `name_UNIQUE` (`name` ASC) VISIBLE) ENGINE = InnoDB
2021-11-19T10:23:45,347|[TRACE] graph - <--- statement
2021-11-19T10:23:45,347|[TRACE] graph - ---> blankSpacesToSkip
2021-11-19T10:23:45,347|[TRACE] graph - -----> newLineToSkip
2021-11-19T10:23:45,347|[TRACE] graph - <----- newLineToSkip
2021-11-19T10:23:45,347|[TRACE] graph - -----> newLineToSkip
2021-11-19T10:23:45,347|[TRACE] graph - <----- newLineToSkip
2021-11-19T10:23:45,347|[TRACE] graph - -----> newLineToSkip
2021-11-19T10:23:45,347|[TRACE] graph - <----- newLineToSkip
2021-11-19T10:23:45,347|[TRACE] graph - -----> newLineToSkip
2021-11-19T10:23:45,347|[TRACE] graph - <----- newLineToSkip
2021-11-19T10:23:45,347|[TRACE] graph - -----> newLineToSkip
2021-11-19T10:23:45,347|[TRACE] graph - <----- newLineToSkip
2021-11-19T10:23:45,347|[TRACE] graph - -----> newLineToSkip
2021-11-19T10:23:45,347|[TRACE] graph - <----- newLineToSkip
2021-11-19T10:23:45,347|[TRACE] graph - <--- blankSpacesToSkip
2021-11-19T10:23:45,347|[TRACE] graph - ---> statement
2021-11-19T10:23:45,347|[TRACE] graph - -----> statementFirstPart
2021-11-19T10:23:45,347|[TRACE] graph - -------> nonSkippedChar
2021-11-19T10:23:45,347|[TRACE] script - #out(`C`) [token]
2021-11-19T10:23:45,347|[TRACE] graph - <------- nonSkippedChar
2021-11-19T10:23:45,347|[TRACE] graph - <----- statementFirstPart
2021-11-19T10:23:45,347|[TRACE] graph - -----> statementPart
2021-11-19T10:23:45,347|[TRACE] graph - -------> nonSkippedChar
2021-11-19T10:23:45,347|[TRACE] script - #out(`R`) [token]
2021-11-19T10:23:45,347|[TRACE] graph - <------- nonSkippedChar
2021-11-19T10:23:45,347|[TRACE] graph - <----- statementPart
2021-11-19T10:23:45,347|[TRACE] graph - -----> statementPart
2021-11-19T10:23:45,347|[TRACE] graph - -------> nonSkippedChar
2021-11-19T10:23:45,347|[TRACE] script - #out(`E`) [token]
2021-11-19T10:23:45,347|[TRACE] graph - <------- nonSkippedChar
2021-11-19T10:23:45,347|[TRACE] graph - <----- statementPart
2021-11-19T10:23:45,347|[TRACE] graph - -----> statementPart
2021-11-19T10:23:45,347|[TRACE] graph - -------> nonSkippedChar
2021-11-19T10:23:45,347|[TRACE] script - #out(`A`) [token]
2021-11-19T10:23:45,347|[TRACE] graph - <------- nonSkippedChar
2021-11-19T10:23:45,347|[TRACE] graph - <----- statementPart
2021-11-19T10:23:45,347|[TRACE] graph - -----> statementPart
2021-11-19T10:23:45,347|[TRACE] graph - -------> nonSkippedChar
2021-11-19T10:23:45,347|[TRACE] script - #out(`T`) [token]
2021-11-19T10:23:45,347|[TRACE] graph - <------- nonSkippedChar
2021-11-19T10:23:45,347|[TRACE] graph - <----- statementPart
2021-11-19T10:23:45,347|[TRACE] graph - -----> statementPart
2021-11-19T10:23:45,347|[TRACE] graph - -------> nonSkippedChar
2021-11-19T10:23:45,347|[TRACE] script - #out(`E`) [token]
2021-11-19T10:23:45,347|[TRACE] graph - <------- nonSkippedChar
2021-11-19T10:23:45,347|[TRACE] graph - <----- statementPart
2021-11-19T10:23:45,348|[TRACE] graph - -----> statementPart
2021-11-19T10:23:45,348|[TRACE] graph - -------> nonSkippedSpace
2021-11-19T10:23:45,348|[TRACE] script - #out(` `) [token]
2021-11-19T10:23:45,348|[TRACE] graph - <------- nonSkippedSpace
2021-11-19T10:23:45,348|[TRACE] graph - <----- statementPart
2021-11-19T10:23:45,348|[TRACE] graph - -----> statementPart
2021-11-19T10:23:45,348|[TRACE] graph - -------> nonSkippedChar
2021-11-19T10:23:45,348|[TRACE] script - #out(`T`) [token]
2021-11-19T10:23:45,348|[TRACE] graph - <------- nonSkippedChar
2021-11-19T10:23:45,348|[TRACE] graph - <----- statementPart
2021-11-19T10:23:45,348|[TRACE] graph - -----> statementPart
2021-11-19T10:23:45,348|[TRACE] graph - -------> nonSkippedChar
2021-11-19T10:23:45,348|[TRACE] script - #out(`A`) [token]
2021-11-19T10:23:45,348|[TRACE] graph - <------- nonSkippedChar
2021-11-19T10:23:45,348|[TRACE] graph - <----- statementPart
2021-11-19T10:23:45,348|[TRACE] graph - -----> statementPart
2021-11-19T10:23:45,348|[TRACE] graph - -------> nonSkippedChar
2021-11-19T10:23:45,348|[TRACE] script - #out(`B`) [token]
2021-11-19T10:23:45,348|[TRACE] graph - <------- nonSkippedChar
2021-11-19T10:23:45,348|[TRACE] graph - <----- statementPart
2021-11-19T10:23:45,348|[TRACE] graph - -----> statementPart
2021-11-19T10:23:45,348|[TRACE] graph - -------> nonSkippedChar
2021-11-19T10:23:45,348|[TRACE] script - #out(`L`) [token]
2021-11-19T10:23:45,348|[TRACE] graph - <------- nonSkippedChar
2021-11-19T10:23:45,348|[TRACE] graph - <----- statementPart
2021-11-19T10:23:45,348|[TRACE] graph - -----> statementPart
2021-11-19T10:23:45,348|[TRACE] graph - -------> nonSkippedChar
2021-11-19T10:23:45,348|[TRACE] script - #out(`E`) [token]
2021-11-19T10:23:45,348|[TRACE] graph - <------- nonSkippedChar
2021-11-19T10:23:45,348|[TRACE] graph - <----- statementPart
2021-11-19T10:23:45,348|[TRACE] graph - -----> statementPart
2021-11-19T10:23:45,348|[TRACE] graph - -------> nonSkippedSpace
2021-11-19T10:23:45,348|[TRACE] script - #out(` `) [token]
2021-11-19T10:23:45,348|[TRACE] graph - <------- nonSkippedSpace
2021-11-19T10:23:45,348|[TRACE] graph - <----- statementPart
2021-11-19T10:23:45,348|[TRACE] graph - -----> statementPart
2021-11-19T10:23:45,348|[TRACE] graph - -------> nonSkippedChar
2021-11-19T10:23:45,348|[TRACE] script - #out(`I`) [token]
2021-11-19T10:23:45,348|[TRACE] graph - <------- nonSkippedChar
2021-11-19T10:23:45,348|[TRACE] graph - <----- statementPart
2021-11-19T10:23:45,348|[TRACE] graph - -----> statementPart
2021-11-19T10:23:45,348|[TRACE] graph - -------> nonSkippedChar
2021-11-19T10:23:45,348|[TRACE] script - #out(`F`) [token]
2021-11-19T10:23:45,348|[TRACE] graph - <------- nonSkippedChar
2021-11-19T10:23:45,348|[TRACE] graph - <----- statementPart
2021-11-19T10:23:45,348|[TRACE] graph - -----> statementPart
2021-11-19T10:23:45,348|[TRACE] graph - -------> nonSkippedSpace
2021-11-19T10:23:45,348|[TRACE] script - #out(` `) [token]
2021-11-19T10:23:45,348|[TRACE] graph - <------- nonSkippedSpace
2021-11-19T10:23:45,348|[TRACE] graph - <----- statementPart
2021-11-19T10:23:45,348|[TRACE] graph - -----> statementPart
2021-11-19T10:23:45,348|[TRACE] graph - -------> nonSkippedChar
2021-11-19T10:23:45,348|[TRACE] script - #out(`N`) [token]
2021-11-19T10:23:45,348|[TRACE] graph - <------- nonSkippedChar
2021-11-19T10:23:45,348|[TRACE] graph - <----- statementPart
2021-11-19T10:23:45,348|[TRACE] graph - -----> statementPart
2021-11-19T10:23:45,348|[TRACE] graph - -------> nonSkippedChar
2021-11-19T10:23:45,348|[TRACE] script - #out(`O`) [token]
2021-11-19T10:23:45,348|[TRACE] graph - <------- nonSkippedChar
2021-11-19T10:23:45,348|[TRACE] graph - <----- statementPart
2021-11-19T10:23:45,348|[TRACE] graph - -----> statementPart
2021-11-19T10:23:45,348|[TRACE] graph - -------> nonSkippedChar
2021-11-19T10:23:45,348|[TRACE] script - #out(`T`) [token]
2021-11-19T10:23:45,348|[TRACE] graph - <------- nonSkippedChar
2021-11-19T10:23:45,348|[TRACE] graph - <----- statementPart
2021-11-19T10:23:45,348|[TRACE] graph - -----> statementPart
2021-11-19T10:23:45,348|[TRACE] graph - -------> nonSkippedSpace
2021-11-19T10:23:45,348|[TRACE] script - #out(` `) [token]
2021-11-19T10:23:45,348|[TRACE] graph - <------- nonSkippedSpace
2021-11-19T10:23:45,348|[TRACE] graph - <----- statementPart
2021-11-19T10:23:45,348|[TRACE] graph - -----> statementPart
2021-11-19T10:23:45,348|[TRACE] graph - -------> nonSkippedChar
2021-11-19T10:23:45,348|[TRACE] script - #out(`E`) [token]
2021-11-19T10:23:45,348|[TRACE] graph - <------- nonSkippedChar
2021-11-19T10:23:45,348|[TRACE] graph - <----- statementPart
2021-11-19T10:23:45,348|[TRACE] graph - -----> statementPart
2021-11-19T10:23:45,348|[TRACE] graph - -------> nonSkippedChar
2021-11-19T10:23:45,348|[TRACE] script - #out(`X`) [token]
2021-11-19T10:23:45,348|[TRACE] graph - <------- nonSkippedChar
2021-11-19T10:23:45,348|[TRACE] graph - <----- statementPart
2021-11-19T10:23:45,348|[TRACE] graph - -----> statementPart
2021-11-19T10:23:45,348|[TRACE] graph - -------> nonSkippedChar
2021-11-19T10:23:45,348|[TRACE] script - #out(`I`) [token]
2021-11-19T10:23:45,348|[TRACE] graph - <------- nonSkippedChar
2021-11-19T10:23:45,348|[TRACE] graph - <----- statementPart
2021-11-19T10:23:45,348|[TRACE] graph - -----> statementPart
2021-11-19T10:23:45,348|[TRACE] graph - -------> nonSkippedChar
2021-11-19T10:23:45,348|[TRACE] script - #out(`S`) [token]
2021-11-19T10:23:45,348|[TRACE] graph - <------- nonSkippedChar
2021-11-19T10:23:45,348|[TRACE] graph - <----- statementPart
2021-11-19T10:23:45,348|[TRACE] graph - -----> statementPart
2021-11-19T10:23:45,348|[TRACE] graph - -------> nonSkippedChar
2021-11-19T10:23:45,348|[TRACE] script - #out(`T`) [token]
2021-11-19T10:23:45,348|[TRACE] graph - <------- nonSkippedChar
2021-11-19T10:23:45,348|[TRACE] graph - <----- statementPart
2021-11-19T10:23:45,348|[TRACE] graph - -----> statementPart
2021-11-19T10:23:45,348|[TRACE] graph - -------> nonSkippedChar
2021-11-19T10:23:45,348|[TRACE] script - #out(`S`) [token]
2021-11-19T10:23:45,348|[TRACE] graph - <------- nonSkippedChar
2021-11-19T10:23:45,348|[TRACE] graph - <----- statementPart
2021-11-19T10:23:45,348|[TRACE] graph - -----> statementPart
2021-11-19T10:23:45,348|[TRACE] graph - -------> nonSkippedSpace
2021-11-19T10:23:45,348|[TRACE] script - #out(` `) [token]
2021-11-19T10:23:45,348|[TRACE] graph - <------- nonSkippedSpace
2021-11-19T10:23:45,348|[TRACE] graph - <----- statementPart
2021-11-19T10:23:45,348|[TRACE] graph - -----> statementPart
2021-11-19T10:23:45,348|[TRACE] graph - -------> quotedString
2021-11-19T10:23:45,348|[TRACE] script - #out(``bloodbank``) [token]
2021-11-19T10:23:45,348|[TRACE] graph - <------- quotedString
2021-11-19T10:23:45,348|[TRACE] graph - <----- statementPart
2021-11-19T10:23:45,348|[TRACE] graph - -----> statementPart
2021-11-19T10:23:45,348|[TRACE] graph - -------> nonSkippedChar
2021-11-19T10:23:45,348|[TRACE] script - #out(`.`) [token]
2021-11-19T10:23:45,348|[TRACE] graph - <------- nonSkippedChar
2021-11-19T10:23:45,348|[TRACE] graph - <----- statementPart
2021-11-19T10:23:45,348|[TRACE] graph - -----> statementPart
2021-11-19T10:23:45,348|[TRACE] graph - -------> quotedString
2021-11-19T10:23:45,348|[TRACE] script - #out(``blood_donation``) [token]
2021-11-19T10:23:45,348|[TRACE] graph - <------- quotedString
2021-11-19T10:23:45,348|[TRACE] graph - <----- statementPart
2021-11-19T10:23:45,348|[TRACE] graph - -----> statementPart
2021-11-19T10:23:45,348|[TRACE] graph - -------> nonSkippedSpace
2021-11-19T10:23:45,348|[TRACE] script - #out(` `) [token]
2021-11-19T10:23:45,348|[TRACE] graph - <------- nonSkippedSpace
2021-11-19T10:23:45,348|[TRACE] graph - <----- statementPart
2021-11-19T10:23:45,348|[TRACE] graph - -----> statementPart
2021-11-19T10:23:45,348|[TRACE] graph - -------> nonSkippedChar
2021-11-19T10:23:45,348|[TRACE] script - #out(`(`) [token]
2021-11-19T10:23:45,348|[TRACE] graph - <------- nonSkippedChar
2021-11-19T10:23:45,348|[TRACE] graph - <----- statementPart
2021-11-19T10:23:45,348|[TRACE] graph - -----> afterStatementPartNewline
2021-11-19T10:23:45,348|[TRACE] script - #out(` `) [text]
2021-11-19T10:23:45,348|[TRACE] graph - <----- afterStatementPartNewline
2021-11-19T10:23:45,348|[TRACE] graph - -----> statementPart
2021-11-19T10:23:45,348|[TRACE] graph - -------> nonSkippedSpace
2021-11-19T10:23:45,348|[TRACE] script - #out(` `) [token]
2021-11-19T10:23:45,348|[TRACE] graph - <------- nonSkippedSpace
2021-11-19T10:23:45,348|[TRACE] graph - <----- statementPart
2021-11-19T10:23:45,348|[TRACE] graph - -----> statementPart
2021-11-19T10:23:45,348|[TRACE] graph - -------> nonSkippedSpace
2021-11-19T10:23:45,348|[TRACE] script - #out(` `) [token]
2021-11-19T10:23:45,348|[TRACE] graph - <------- nonSkippedSpace
2021-11-19T10:23:45,348|[TRACE] graph - <----- statementPart
2021-11-19T10:23:45,348|[TRACE] graph - -----> statementPart
2021-11-19T10:23:45,348|[TRACE] graph - -------> quotedString
2021-11-19T10:23:45,348|[TRACE] script - #out(``donation_id``) [token]
2021-11-19T10:23:45,348|[TRACE] graph - <------- quotedString
2021-11-19T10:23:45,348|[TRACE] graph - <----- statementPart
2021-11-19T10:23:45,348|[TRACE] graph - -----> statementPart
2021-11-19T10:23:45,348|[TRACE] graph - -------> nonSkippedSpace
2021-11-19T10:23:45,348|[TRACE] script - #out(` `) [token]
2021-11-19T10:23:45,348|[TRACE] graph - <------- nonSkippedSpace
2021-11-19T10:23:45,348|[TRACE] graph - <----- statementPart
2021-11-19T10:23:45,348|[TRACE] graph - -----> statementPart
2021-11-19T10:23:45,348|[TRACE] graph - -------> nonSkippedChar
2021-11-19T10:23:45,348|[TRACE] script - #out(`I`) [token]
2021-11-19T10:23:45,348|[TRACE] graph - <------- nonSkippedChar
2021-11-19T10:23:45,348|[TRACE] graph - <----- statementPart
2021-11-19T10:23:45,348|[TRACE] graph - -----> statementPart
2021-11-19T10:23:45,348|[TRACE] graph - -------> nonSkippedChar
2021-11-19T10:23:45,348|[TRACE] script - #out(`N`) [token]
2021-11-19T10:23:45,348|[TRACE] graph - <------- nonSkippedChar
2021-11-19T10:23:45,348|[TRACE] graph - <----- statementPart
2021-11-19T10:23:45,348|[TRACE] graph - -----> statementPart
2021-11-19T10:23:45,348|[TRACE] graph - -------> nonSkippedChar
2021-11-19T10:23:45,348|[TRACE] script - #out(`T`) [token]
2021-11-19T10:23:45,348|[TRACE] graph - <------- nonSkippedChar
2021-11-19T10:23:45,348|[TRACE] graph - <----- statementPart
2021-11-19T10:23:45,348|[TRACE] graph - -----> statementPart
2021-11-19T10:23:45,348|[TRACE] graph - -------> nonSkippedSpace
2021-11-19T10:23:45,348|[TRACE] script - #out(` `) [token]
2021-11-19T10:23:45,348|[TRACE] graph - <------- nonSkippedSpace
2021-11-19T10:23:45,348|[TRACE] graph - <----- statementPart
2021-11-19T10:23:45,348|[TRACE] graph - -----> statementPart
2021-11-19T10:23:45,348|[TRACE] graph - -------> nonSkippedChar
2021-11-19T10:23:45,348|[TRACE] script - #out(`N`) [token]
2021-11-19T10:23:45,348|[TRACE] graph - <------- nonSkippedChar
2021-11-19T10:23:45,348|[TRACE] graph - <----- statementPart
2021-11-19T10:23:45,348|[TRACE] graph - -----> statementPart
2021-11-19T10:23:45,348|[TRACE] graph - -------> nonSkippedChar
2021-11-19T10:23:45,348|[TRACE] script - #out(`O`) [token]
2021-11-19T10:23:45,348|[TRACE] graph - <------- nonSkippedChar
2021-11-19T10:23:45,348|[TRACE] graph - <----- statementPart
2021-11-19T10:23:45,348|[TRACE] graph - -----> statementPart
2021-11-19T10:23:45,348|[TRACE] graph - -------> nonSkippedChar
2021-11-19T10:23:45,348|[TRACE] script - #out(`T`) [token]
2021-11-19T10:23:45,348|[TRACE] graph - <------- nonSkippedChar
2021-11-19T10:23:45,348|[TRACE] graph - <----- statementPart
2021-11-19T10:23:45,348|[TRACE] graph - -----> statementPart
2021-11-19T10:23:45,348|[TRACE] graph - -------> nonSkippedSpace
2021-11-19T10:23:45,348|[TRACE] script - #out(` `) [token]
2021-11-19T10:23:45,348|[TRACE] graph - <------- nonSkippedSpace
2021-11-19T10:23:45,348|[TRACE] graph - <----- statementPart
2021-11-19T10:23:45,348|[TRACE] graph - -----> statementPart
2021-11-19T10:23:45,348|[TRACE] graph - -------> nonSkippedChar
2021-11-19T10:23:45,348|[TRACE] script - #out(`N`) [token]
2021-11-19T10:23:45,348|[TRACE] graph - <------- nonSkippedChar
2021-11-19T10:23:45,348|[TRACE] graph - <----- statementPart
2021-11-19T10:23:45,348|[TRACE] graph - -----> statementPart
2021-11-19T10:23:45,348|[TRACE] graph - -------> nonSkippedChar
2021-11-19T10:23:45,348|[TRACE] script - #out(`U`) [token]
2021-11-19T10:23:45,348|[TRACE] graph - <------- nonSkippedChar
2021-11-19T10:23:45,348|[TRACE] graph - <----- statementPart
2021-11-19T10:23:45,348|[TRACE] graph - -----> statementPart
2021-11-19T10:23:45,348|[TRACE] graph - -------> nonSkippedChar
2021-11-19T10:23:45,348|[TRACE] script - #out(`L`) [token]
2021-11-19T10:23:45,348|[TRACE] graph - <------- nonSkippedChar
2021-11-19T10:23:45,348|[TRACE] graph - <----- statementPart
2021-11-19T10:23:45,348|[TRACE] graph - -----> statementPart
2021-11-19T10:23:45,348|[TRACE] graph - -------> nonSkippedChar
2021-11-19T10:23:45,348|[TRACE] script - #out(`L`) [token]
2021-11-19T10:23:45,348|[TRACE] graph - <------- nonSkippedChar
2021-11-19T10:23:45,348|[TRACE] graph - <----- statementPart
2021-11-19T10:23:45,348|[TRACE] graph - -----> statementPart
2021-11-19T10:23:45,348|[TRACE] graph - -------> nonSkippedSpace
2021-11-19T10:23:45,348|[TRACE] script - #out(` `) [token]
2021-11-19T10:23:45,348|[TRACE] graph - <------- nonSkippedSpace
2021-11-19T10:23:45,348|[TRACE] graph - <----- statementPart
2021-11-19T10:23:45,348|[TRACE] graph - -----> statementPart
2021-11-19T10:23:45,348|[TRACE] graph - -------> nonSkippedChar
2021-11-19T10:23:45,348|[TRACE] script - #out(`A`) [token]
2021-11-19T10:23:45,348|[TRACE] graph - <------- nonSkippedChar
2021-11-19T10:23:45,348|[TRACE] graph - <----- statementPart
2021-11-19T10:23:45,348|[TRACE] graph - -----> statementPart
2021-11-19T10:23:45,348|[TRACE] graph - -------> nonSkippedChar
2021-11-19T10:23:45,348|[TRACE] script - #out(`U`) [token]
2021-11-19T10:23:45,348|[TRACE] graph - <------- nonSkippedChar
2021-11-19T10:23:45,348|[TRACE] graph - <----- statementPart
2021-11-19T10:23:45,348|[TRACE] graph - -----> statementPart
2021-11-19T10:23:45,348|[TRACE] graph - -------> nonSkippedChar
2021-11-19T10:23:45,348|[TRACE] script - #out(`T`) [token]
2021-11-19T10:23:45,348|[TRACE] graph - <------- nonSkippedChar
2021-11-19T10:23:45,348|[TRACE] graph - <----- statementPart
2021-11-19T10:23:45,348|[TRACE] graph - -----> statementPart
2021-11-19T10:23:45,348|[TRACE] graph - -------> nonSkippedChar
2021-11-19T10:23:45,348|[TRACE] script - #out(`O`) [token]
2021-11-19T10:23:45,348|[TRACE] graph - <------- nonSkippedChar
2021-11-19T10:23:45,348|[TRACE] graph - <----- statementPart
2021-11-19T10:23:45,348|[TRACE] graph - -----> statementPart
2021-11-19T10:23:45,348|[TRACE] graph - -------> nonSkippedChar
2021-11-19T10:23:45,348|[TRACE] script - #out(`_`) [token]
2021-11-19T10:23:45,348|[TRACE] graph - <------- nonSkippedChar
2021-11-19T10:23:45,348|[TRACE] graph - <----- statementPart
2021-11-19T10:23:45,348|[TRACE] graph - -----> statementPart
2021-11-19T10:23:45,348|[TRACE] graph - -------> nonSkippedChar
2021-11-19T10:23:45,348|[TRACE] script - #out(`I`) [token]
2021-11-19T10:23:45,348|[TRACE] graph - <------- nonSkippedChar
2021-11-19T10:23:45,348|[TRACE] graph - <----- statementPart
2021-11-19T10:23:45,348|[TRACE] graph - -----> statementPart
2021-11-19T10:23:45,348|[TRACE] graph - -------> nonSkippedChar
2021-11-19T10:23:45,348|[TRACE] script - #out(`N`) [token]
2021-11-19T10:23:45,348|[TRACE] graph - <------- nonSkippedChar
2021-11-19T10:23:45,348|[TRACE] graph - <----- statementPart
2021-11-19T10:23:45,349|[TRACE] graph - -----> statementPart
2021-11-19T10:23:45,349|[TRACE] graph - -------> nonSkippedChar
2021-11-19T10:23:45,349|[TRACE] script - #out(`C`) [token]
2021-11-19T10:23:45,349|[TRACE] graph - <------- nonSkippedChar
2021-11-19T10:23:45,349|[TRACE] graph - <----- statementPart
2021-11-19T10:23:45,349|[TRACE] graph - -----> statementPart
2021-11-19T10:23:45,349|[TRACE] graph - -------> nonSkippedChar
2021-11-19T10:23:45,349|[TRACE] script - #out(`R`) [token]
2021-11-19T10:23:45,349|[TRACE] graph - <------- nonSkippedChar
2021-11-19T10:23:45,349|[TRACE] graph - <----- statementPart
2021-11-19T10:23:45,349|[TRACE] graph - -----> statementPart
2021-11-19T10:23:45,349|[TRACE] graph - -------> nonSkippedChar
2021-11-19T10:23:45,349|[TRACE] script - #out(`E`) [token]
2021-11-19T10:23:45,349|[TRACE] graph - <------- nonSkippedChar
2021-11-19T10:23:45,349|[TRACE] graph - <----- statementPart
2021-11-19T10:23:45,349|[TRACE] graph - -----> statementPart
2021-11-19T10:23:45,349|[TRACE] graph - -------> nonSkippedChar
2021-11-19T10:23:45,349|[TRACE] script - #out(`M`) [token]
2021-11-19T10:23:45,349|[TRACE] graph - <------- nonSkippedChar
2021-11-19T10:23:45,349|[TRACE] graph - <----- statementPart
2021-11-19T10:23:45,349|[TRACE] graph - -----> statementPart
2021-11-19T10:23:45,349|[TRACE] graph - -------> nonSkippedChar
2021-11-19T10:23:45,349|[TRACE] script - #out(`E`) [token]
2021-11-19T10:23:45,349|[TRACE] graph - <------- nonSkippedChar
2021-11-19T10:23:45,349|[TRACE] graph - <----- statementPart
2021-11-19T10:23:45,349|[TRACE] graph - -----> statementPart
2021-11-19T10:23:45,349|[TRACE] graph - -------> nonSkippedChar
2021-11-19T10:23:45,349|[TRACE] script - #out(`N`) [token]
2021-11-19T10:23:45,349|[TRACE] graph - <------- nonSkippedChar
2021-11-19T10:23:45,349|[TRACE] graph - <----- statementPart
2021-11-19T10:23:45,349|[TRACE] graph - -----> statementPart
2021-11-19T10:23:45,349|[TRACE] graph - -------> nonSkippedChar
2021-11-19T10:23:45,349|[TRACE] script - #out(`T`) [token]
2021-11-19T10:23:45,349|[TRACE] graph - <------- nonSkippedChar
2021-11-19T10:23:45,349|[TRACE] graph - <----- statementPart
2021-11-19T10:23:45,349|[TRACE] graph - -----> statementPart
2021-11-19T10:23:45,349|[TRACE] graph - -------> nonSkippedChar
2021-11-19T10:23:45,349|[TRACE] script - #out(`,`) [token]
2021-11-19T10:23:45,349|[TRACE] graph - <------- nonSkippedChar
2021-11-19T10:23:45,349|[TRACE] graph - <----- statementPart
2021-11-19T10:23:45,349|[TRACE] graph - -----> afterStatementPartNewline
2021-11-19T10:23:45,349|[TRACE] script - #out(` `) [text]
2021-11-19T10:23:45,349|[TRACE] graph - <----- afterStatementPartNewline
2021-11-19T10:23:45,349|[TRACE] graph - -----> statementPart
2021-11-19T10:23:45,349|[TRACE] graph - -------> nonSkippedSpace
2021-11-19T10:23:45,349|[TRACE] script - #out(` `) [token]
2021-11-19T10:23:45,349|[TRACE] graph - <------- nonSkippedSpace
2021-11-19T10:23:45,349|[TRACE] graph - <----- statementPart
2021-11-19T10:23:45,349|[TRACE] graph - -----> statementPart
2021-11-19T10:23:45,349|[TRACE] graph - -------> nonSkippedSpace
2021-11-19T10:23:45,349|[TRACE] script - #out(` `) [token]
2021-11-19T10:23:45,349|[TRACE] graph - <------- nonSkippedSpace
2021-11-19T10:23:45,349|[TRACE] graph - <----- statementPart
2021-11-19T10:23:45,349|[TRACE] graph - -----> statementPart
2021-11-19T10:23:45,349|[TRACE] graph - -------> quotedString
2021-11-19T10:23:45,349|[TRACE] script - #out(``bank_id``) [token]
2021-11-19T10:23:45,349|[TRACE] graph - <------- quotedString
2021-11-19T10:23:45,349|[TRACE] graph - <----- statementPart
2021-11-19T10:23:45,349|[TRACE] graph - -----> statementPart
2021-11-19T10:23:45,349|[TRACE] graph - -------> nonSkippedSpace
2021-11-19T10:23:45,349|[TRACE] script - #out(` `) [token]
2021-11-19T10:23:45,349|[TRACE] graph - <------- nonSkippedSpace
2021-11-19T10:23:45,349|[TRACE] graph - <----- statementPart
2021-11-19T10:23:45,349|[TRACE] graph - -----> statementPart
2021-11-19T10:23:45,349|[TRACE] graph - -------> nonSkippedChar
2021-11-19T10:23:45,349|[TRACE] script - #out(`I`) [token]
2021-11-19T10:23:45,349|[TRACE] graph - <------- nonSkippedChar
2021-11-19T10:23:45,349|[TRACE] graph - <----- statementPart
2021-11-19T10:23:45,349|[TRACE] graph - -----> statementPart
2021-11-19T10:23:45,349|[TRACE] graph - -------> nonSkippedChar
2021-11-19T10:23:45,349|[TRACE] script - #out(`N`) [token]
2021-11-19T10:23:45,349|[TRACE] graph - <------- nonSkippedChar
2021-11-19T10:23:45,349|[TRACE] graph - <----- statementPart
2021-11-19T10:23:45,349|[TRACE] graph - -----> statementPart
2021-11-19T10:23:45,349|[TRACE] graph - -------> nonSkippedChar
2021-11-19T10:23:45,349|[TRACE] script - #out(`T`) [token]
2021-11-19T10:23:45,349|[TRACE] graph - <------- nonSkippedChar
2021-11-19T10:23:45,349|[TRACE] graph - <----- statementPart
2021-11-19T10:23:45,349|[TRACE] graph - -----> statementPart
2021-11-19T10:23:45,349|[TRACE] graph - -------> nonSkippedSpace
2021-11-19T10:23:45,349|[TRACE] script - #out(` `) [token]
2021-11-19T10:23:45,349|[TRACE] graph - <------- nonSkippedSpace
2021-11-19T10:23:45,349|[TRACE] graph - <----- statementPart
2021-11-19T10:23:45,349|[TRACE] graph - -----> statementPart
2021-11-19T10:23:45,349|[TRACE] graph - -------> nonSkippedChar
2021-11-19T10:23:45,349|[TRACE] script - #out(`N`) [token]
2021-11-19T10:23:45,349|[TRACE] graph - <------- nonSkippedChar
2021-11-19T10:23:45,349|[TRACE] graph - <----- statementPart
2021-11-19T10:23:45,349|[TRACE] graph - -----> statementPart
2021-11-19T10:23:45,349|[TRACE] graph - -------> nonSkippedChar
2021-11-19T10:23:45,349|[TRACE] script - #out(`O`) [token]
2021-11-19T10:23:45,349|[TRACE] graph - <------- nonSkippedChar
2021-11-19T10:23:45,349|[TRACE] graph - <----- statementPart
2021-11-19T10:23:45,349|[TRACE] graph - -----> statementPart
2021-11-19T10:23:45,349|[TRACE] graph - -------> nonSkippedChar
2021-11-19T10:23:45,349|[TRACE] script - #out(`T`) [token]
2021-11-19T10:23:45,349|[TRACE] graph - <------- nonSkippedChar
2021-11-19T10:23:45,349|[TRACE] graph - <----- statementPart
2021-11-19T10:23:45,349|[TRACE] graph - -----> statementPart
2021-11-19T10:23:45,349|[TRACE] graph - -------> nonSkippedSpace
2021-11-19T10:23:45,349|[TRACE] script - #out(` `) [token]
2021-11-19T10:23:45,349|[TRACE] graph - <------- nonSkippedSpace
2021-11-19T10:23:45,349|[TRACE] graph - <----- statementPart
2021-11-19T10:23:45,349|[TRACE] graph - -----> statementPart
2021-11-19T10:23:45,349|[TRACE] graph - -------> nonSkippedChar
2021-11-19T10:23:45,349|[TRACE] script - #out(`N`) [token]
2021-11-19T10:23:45,349|[TRACE] graph - <------- nonSkippedChar
2021-11-19T10:23:45,349|[TRACE] graph - <----- statementPart
2021-11-19T10:23:45,349|[TRACE] graph - -----> statementPart
2021-11-19T10:23:45,349|[TRACE] graph - -------> nonSkippedChar
2021-11-19T10:23:45,349|[TRACE] script - #out(`U`) [token]
2021-11-19T10:23:45,349|[TRACE] graph - <------- nonSkippedChar
2021-11-19T10:23:45,349|[TRACE] graph - <----- statementPart
2021-11-19T10:23:45,349|[TRACE] graph - -----> statementPart
2021-11-19T10:23:45,349|[TRACE] graph - -------> nonSkippedChar
2021-11-19T10:23:45,349|[TRACE] script - #out(`L`) [token]
2021-11-19T10:23:45,349|[TRACE] graph - <------- nonSkippedChar
2021-11-19T10:23:45,349|[TRACE] graph - <----- statementPart
2021-11-19T10:23:45,349|[TRACE] graph - -----> statementPart
2021-11-19T10:23:45,349|[TRACE] graph - -------> nonSkippedChar
2021-11-19T10:23:45,349|[TRACE] script - #out(`L`) [token]
2021-11-19T10:23:45,349|[TRACE] graph - <------- nonSkippedChar
2021-11-19T10:23:45,349|[TRACE] graph - <----- statementPart
2021-11-19T10:23:45,349|[TRACE] graph - -----> statementPart
2021-11-19T10:23:45,349|[TRACE] graph - -------> nonSkippedChar
2021-11-19T10:23:45,349|[TRACE] script - #out(`,`) [token]
2021-11-19T10:23:45,349|[TRACE] graph - <------- nonSkippedChar
2021-11-19T10:23:45,349|[TRACE] graph - <----- statementPart
2021-11-19T10:23:45,349|[TRACE] graph - -----> afterStatementPartNewline
2021-11-19T10:23:45,349|[TRACE] script - #out(` `) [text]
2021-11-19T10:23:45,349|[TRACE] graph - <----- afterStatementPartNewline
2021-11-19T10:23:45,349|[TRACE] graph - -----> statementPart
2021-11-19T10:23:45,349|[TRACE] graph - -------> nonSkippedSpace
2021-11-19T10:23:45,349|[TRACE] script - #out(` `) [token]
2021-11-19T10:23:45,349|[TRACE] graph - <------- nonSkippedSpace
2021-11-19T10:23:45,349|[TRACE] graph - <----- statementPart
2021-11-19T10:23:45,349|[TRACE] graph - -----> statementPart
2021-11-19T10:23:45,349|[TRACE] graph - -------> nonSkippedSpace
2021-11-19T10:23:45,349|[TRACE] script - #out(` `) [token]
2021-11-19T10:23:45,349|[TRACE] graph - <------- nonSkippedSpace
2021-11-19T10:23:45,349|[TRACE] graph - <----- statementPart
2021-11-19T10:23:45,349|[TRACE] graph - -----> statementPart
2021-11-19T10:23:45,349|[TRACE] graph - -------> quotedString
2021-11-19T10:23:45,349|[TRACE] script - #out(``milliliters``) [token]
2021-11-19T10:23:45,349|[TRACE] graph - <------- quotedString
2021-11-19T10:23:45,349|[TRACE] graph - <----- statementPart
2021-11-19T10:23:45,349|[TRACE] graph - -----> statementPart
2021-11-19T10:23:45,349|[TRACE] graph - -------> nonSkippedSpace
2021-11-19T10:23:45,349|[TRACE] script - #out(` `) [token]
2021-11-19T10:23:45,349|[TRACE] graph - <------- nonSkippedSpace
2021-11-19T10:23:45,349|[TRACE] graph - <----- statementPart
2021-11-19T10:23:45,349|[TRACE] graph - -----> statementPart
2021-11-19T10:23:45,349|[TRACE] graph - -------> nonSkippedChar
2021-11-19T10:23:45,349|[TRACE] script - #out(`I`) [token]
2021-11-19T10:23:45,349|[TRACE] graph - <------- nonSkippedChar
2021-11-19T10:23:45,349|[TRACE] graph - <----- statementPart
2021-11-19T10:23:45,349|[TRACE] graph - -----> statementPart
2021-11-19T10:23:45,349|[TRACE] graph - -------> nonSkippedChar
2021-11-19T10:23:45,349|[TRACE] script - #out(`N`) [token]
2021-11-19T10:23:45,349|[TRACE] graph - <------- nonSkippedChar
2021-11-19T10:23:45,349|[TRACE] graph - <----- statementPart
2021-11-19T10:23:45,412|[TRACE] graph - -----> statementPart
2021-11-19T10:23:45,412|[TRACE] graph - -------> nonSkippedChar
2021-11-19T10:23:45,412|[TRACE] script - #out(`T`) [token]
2021-11-19T10:23:45,412|[TRACE] graph - <------- nonSkippedChar
2021-11-19T10:23:45,412|[TRACE] graph - <----- statementPart
2021-11-19T10:23:45,412|[TRACE] graph - -----> statementPart
2021-11-19T10:23:45,412|[TRACE] graph - -------> nonSkippedSpace
2021-11-19T10:23:45,412|[TRACE] script - #out(` `) [token]
2021-11-19T10:23:45,412|[TRACE] graph - <------- nonSkippedSpace
2021-11-19T10:23:45,412|[TRACE] graph - <----- statementPart
2021-11-19T10:23:45,412|[TRACE] graph - -----> statementPart
2021-11-19T10:23:45,412|[TRACE] graph - -------> nonSkippedChar
2021-11-19T10:23:45,412|[TRACE] script - #out(`N`) [token]
2021-11-19T10:23:45,412|[TRACE] graph - <------- nonSkippedChar
2021-11-19T10:23:45,412|[TRACE] graph - <----- statementPart
2021-11-19T10:23:45,412|[TRACE] graph - -----> statementPart
2021-11-19T10:23:45,412|[TRACE] graph - -------> nonSkippedChar
2021-11-19T10:23:45,412|[TRACE] script - #out(`O`) [token]
2021-11-19T10:23:45,412|[TRACE] graph - <------- nonSkippedChar
2021-11-19T10:23:45,412|[TRACE] graph - <----- statementPart
2021-11-19T10:23:45,412|[TRACE] graph - -----> statementPart
2021-11-19T10:23:45,412|[TRACE] graph - -------> nonSkippedChar
2021-11-19T10:23:45,412|[TRACE] script - #out(`T`) [token]
2021-11-19T10:23:45,412|[TRACE] graph - <------- nonSkippedChar
2021-11-19T10:23:45,412|[TRACE] graph - <----- statementPart
2021-11-19T10:23:45,412|[TRACE] graph - -----> statementPart
2021-11-19T10:23:45,412|[TRACE] graph - -------> nonSkippedSpace
2021-11-19T10:23:45,412|[TRACE] script - #out(` `) [token]
2021-11-19T10:23:45,412|[TRACE] graph - <------- nonSkippedSpace
2021-11-19T10:23:45,412|[TRACE] graph - <----- statementPart
2021-11-19T10:23:45,412|[TRACE] graph - -----> statementPart
2021-11-19T10:23:45,412|[TRACE] graph - -------> nonSkippedChar
2021-11-19T10:23:45,412|[TRACE] script - #out(`N`) [token]
2021-11-19T10:23:45,412|[TRACE] graph - <------- nonSkippedChar
2021-11-19T10:23:45,412|[TRACE] graph - <----- statementPart
2021-11-19T10:23:45,412|[TRACE] graph - -----> statementPart
2021-11-19T10:23:45,412|[TRACE] graph - -------> nonSkippedChar
2021-11-19T10:23:45,412|[TRACE] script - #out(`U`) [token]
2021-11-19T10:23:45,412|[TRACE] graph - <------- nonSkippedChar
2021-11-19T10:23:45,412|[TRACE] graph - <----- statementPart
2021-11-19T10:23:45,412|[TRACE] graph - -----> statementPart
2021-11-19T10:23:45,412|[TRACE] graph - -------> nonSkippedChar
2021-11-19T10:23:45,412|[TRACE] script - #out(`L`) [token]
2021-11-19T10:23:45,412|[TRACE] graph - <------- nonSkippedChar
2021-11-19T10:23:45,412|[TRACE] graph - <----- statementPart
2021-11-19T10:23:45,412|[TRACE] graph - -----> statementPart
2021-11-19T10:23:45,412|[TRACE] graph - -------> nonSkippedChar
2021-11-19T10:23:45,412|[TRACE] script - #out(`L`) [token]
2021-11-19T10:23:45,412|[TRACE] graph - <------- nonSkippedChar
2021-11-19T10:23:45,412|[TRACE] graph - <----- statementPart
2021-11-19T10:23:45,412|[TRACE] graph - -----> statementPart
2021-11-19T10:23:45,412|[TRACE] graph - -------> nonSkippedChar
2021-11-19T10:23:45,412|[TRACE] script - #out(`,`) [token]
2021-11-19T10:23:45,412|[TRACE] graph - <------- nonSkippedChar
2021-11-19T10:23:45,412|[TRACE] graph - <----- statementPart
2021-11-19T10:23:45,412|[TRACE] graph - -----> afterStatementPartNewline
2021-11-19T10:23:45,412|[TRACE] script - #out(` `) [text]
2021-11-19T10:23:45,412|[TRACE] graph - <----- afterStatementPartNewline
2021-11-19T10:23:45,412|[TRACE] graph - -----> statementPart
2021-11-19T10:23:45,412|[TRACE] graph - -------> nonSkippedSpace
2021-11-19T10:23:45,412|[TRACE] script - #out(` `) [token]
2021-11-19T10:23:45,412|[TRACE] graph - <------- nonSkippedSpace
2021-11-19T10:23:45,412|[TRACE] graph - <----- statementPart
2021-11-19T10:23:45,412|[TRACE] graph - -----> statementPart
2021-11-19T10:23:45,412|[TRACE] graph - -------> nonSkippedSpace
2021-11-19T10:23:45,412|[TRACE] script - #out(` `) [token]
2021-11-19T10:23:45,412|[TRACE] graph - <------- nonSkippedSpace
2021-11-19T10:23:45,412|[TRACE] graph - <----- statementPart
2021-11-19T10:23:45,412|[TRACE] graph - -----> statementPart
2021-11-19T10:23:45,412|[TRACE] graph - -------> quotedString
2021-11-19T10:23:45,412|[TRACE] script - #out(``blood_group``) [token]
2021-11-19T10:23:45,412|[TRACE] graph - <------- quotedString
2021-11-19T10:23:45,412|[TRACE] graph - <----- statementPart
2021-11-19T10:23:45,412|[TRACE] graph - -----> statementPart
2021-11-19T10:23:45,412|[TRACE] graph - -------> nonSkippedSpace
2021-11-19T10:23:45,412|[TRACE] script - #out(` `) [token]
2021-11-19T10:23:45,412|[TRACE] graph - <------- nonSkippedSpace
2021-11-19T10:23:45,412|[TRACE] graph - <----- statementPart
2021-11-19T10:23:45,412|[TRACE] graph - -----> statementPart
2021-11-19T10:23:45,412|[TRACE] graph - -------> nonSkippedChar
2021-11-19T10:23:45,412|[TRACE] script - #out(`C`) [token]
2021-11-19T10:23:45,412|[TRACE] graph - <------- nonSkippedChar
2021-11-19T10:23:45,412|[TRACE] graph - <----- statementPart
2021-11-19T10:23:45,412|[TRACE] graph - -----> statementPart
2021-11-19T10:23:45,412|[TRACE] graph - -------> nonSkippedChar
2021-11-19T10:23:45,412|[TRACE] script - #out(`H`) [token]
2021-11-19T10:23:45,412|[TRACE] graph - <------- nonSkippedChar
2021-11-19T10:23:45,412|[TRACE] graph - <----- statementPart
2021-11-19T10:23:45,412|[TRACE] graph - -----> statementPart
2021-11-19T10:23:45,412|[TRACE] graph - -------> nonSkippedChar
2021-11-19T10:23:45,412|[TRACE] script - #out(`A`) [token]
2021-11-19T10:23:45,412|[TRACE] graph - <------- nonSkippedChar
2021-11-19T10:23:45,412|[TRACE] graph - <----- statementPart
2021-11-19T10:23:45,412|[TRACE] graph - -----> statementPart
2021-11-19T10:23:45,412|[TRACE] graph - -------> nonSkippedChar
2021-11-19T10:23:45,412|[TRACE] script - #out(`R`) [token]
2021-11-19T10:23:45,412|[TRACE] graph - <------- nonSkippedChar
2021-11-19T10:23:45,412|[TRACE] graph - <----- statementPart
2021-11-19T10:23:45,412|[TRACE] graph - -----> statementPart
2021-11-19T10:23:45,412|[TRACE] graph - -------> nonSkippedChar
2021-11-19T10:23:45,412|[TRACE] script - #out(`(`) [token]
2021-11-19T10:23:45,412|[TRACE] graph - <------- nonSkippedChar
2021-11-19T10:23:45,412|[TRACE] graph - <----- statementPart
2021-11-19T10:23:45,412|[TRACE] graph - -----> statementPart
2021-11-19T10:23:45,412|[TRACE] graph - -------> nonSkippedChar
2021-11-19T10:23:45,412|[TRACE] script - #out(`2`) [token]
2021-11-19T10:23:45,412|[TRACE] graph - <------- nonSkippedChar
2021-11-19T10:23:45,412|[TRACE] graph - <----- statementPart
2021-11-19T10:23:45,412|[TRACE] graph - -----> statementPart
2021-11-19T10:23:45,412|[TRACE] graph - -------> nonSkippedChar
2021-11-19T10:23:45,412|[TRACE] script - #out(`)`) [token]
2021-11-19T10:23:45,412|[TRACE] graph - <------- nonSkippedChar
2021-11-19T10:23:45,412|[TRACE] graph - <----- statementPart
2021-11-19T10:23:45,412|[TRACE] graph - -----> statementPart
2021-11-19T10:23:45,412|[TRACE] graph - -------> nonSkippedSpace
2021-11-19T10:23:45,412|[TRACE] script - #out(` `) [token]
2021-11-19T10:23:45,412|[TRACE] graph - <------- nonSkippedSpace
2021-11-19T10:23:45,412|[TRACE] graph - <----- statementPart
2021-11-19T10:23:45,412|[TRACE] graph - -----> statementPart
2021-11-19T10:23:45,412|[TRACE] graph - -------> nonSkippedChar
2021-11-19T10:23:45,412|[TRACE] script - #out(`N`) [token]
2021-11-19T10:23:45,412|[TRACE] graph - <------- nonSkippedChar
2021-11-19T10:23:45,412|[TRACE] graph - <----- statementPart
2021-11-19T10:23:45,412|[TRACE] graph - -----> statementPart
2021-11-19T10:23:45,412|[TRACE] graph - -------> nonSkippedChar
2021-11-19T10:23:45,412|[TRACE] script - #out(`O`) [token]
2021-11-19T10:23:45,412|[TRACE] graph - <------- nonSkippedChar
2021-11-19T10:23:45,412|[TRACE] graph - <----- statementPart
2021-11-19T10:23:45,412|[TRACE] graph - -----> statementPart
2021-11-19T10:23:45,412|[TRACE] graph - -------> nonSkippedChar
2021-11-19T10:23:45,412|[TRACE] script - #out(`T`) [token]
2021-11-19T10:23:45,412|[TRACE] graph - <------- nonSkippedChar
2021-11-19T10:23:45,412|[TRACE] graph - <----- statementPart
2021-11-19T10:23:45,412|[TRACE] graph - -----> statementPart
2021-11-19T10:23:45,412|[TRACE] graph - -------> nonSkippedSpace
2021-11-19T10:23:45,412|[TRACE] script - #out(` `) [token]
2021-11-19T10:23:45,412|[TRACE] graph - <------- nonSkippedSpace
2021-11-19T10:23:45,412|[TRACE] graph - <----- statementPart
2021-11-19T10:23:45,412|[TRACE] graph - -----> statementPart
2021-11-19T10:23:45,412|[TRACE] graph - -------> nonSkippedChar
2021-11-19T10:23:45,412|[TRACE] script - #out(`N`) [token]
2021-11-19T10:23:45,412|[TRACE] graph - <------- nonSkippedChar
2021-11-19T10:23:45,412|[TRACE] graph - <----- statementPart
2021-11-19T10:23:45,412|[TRACE] graph - -----> statementPart
2021-11-19T10:23:45,412|[TRACE] graph - -------> nonSkippedChar
2021-11-19T10:23:45,412|[TRACE] script - #out(`U`) [token]
2021-11-19T10:23:45,412|[TRACE] graph - <------- nonSkippedChar
2021-11-19T10:23:45,412|[TRACE] graph - <----- statementPart
2021-11-19T10:23:45,412|[TRACE] graph - -----> statementPart
2021-11-19T10:23:45,412|[TRACE] graph - -------> nonSkippedChar
2021-11-19T10:23:45,412|[TRACE] script - #out(`L`) [token]
2021-11-19T10:23:45,412|[TRACE] graph - <------- nonSkippedChar
2021-11-19T10:23:45,412|[TRACE] graph - <----- statementPart
2021-11-19T10:23:45,412|[TRACE] graph - -----> statementPart
2021-11-19T10:23:45,413|[TRACE] graph - -------> nonSkippedChar
2021-11-19T10:23:45,413|[TRACE] script - #out(`L`) [token]
2021-11-19T10:23:45,413|[TRACE] graph - <------- nonSkippedChar
2021-11-19T10:23:45,413|[TRACE] graph - <----- statementPart
2021-11-19T10:23:45,413|[TRACE] graph - -----> statementPart
2021-11-19T10:23:45,413|[TRACE] graph - -------> nonSkippedChar
2021-11-19T10:23:45,413|[TRACE] script - #out(`,`) [token]
2021-11-19T10:23:45,413|[TRACE] graph - <------- nonSkippedChar
2021-11-19T10:23:45,413|[TRACE] graph - <----- statementPart
2021-11-19T10:23:45,413|[TRACE] graph - -----> afterStatementPartNewline
2021-11-19T10:23:45,413|[TRACE] script - #out(` `) [text]
2021-11-19T10:23:45,413|[TRACE] graph - <----- afterStatementPartNewline
2021-11-19T10:23:45,413|[TRACE] graph - -----> statementPart
2021-11-19T10:23:45,413|[TRACE] graph - -------> nonSkippedSpace
2021-11-19T10:23:45,413|[TRACE] script - #out(` `) [token]
2021-11-19T10:23:45,413|[TRACE] graph - <------- nonSkippedSpace
2021-11-19T10:23:45,413|[TRACE] graph - <----- statementPart
2021-11-19T10:23:45,413|[TRACE] graph - -----> statementPart
2021-11-19T10:23:45,413|[TRACE] graph - -------> nonSkippedSpace
2021-11-19T10:23:45,413|[TRACE] script - #out(` `) [token]
2021-11-19T10:23:45,413|[TRACE] graph - <------- nonSkippedSpace
2021-11-19T10:23:45,413|[TRACE] graph - <----- statementPart
2021-11-19T10:23:45,413|[TRACE] graph - -----> statementPart
2021-11-19T10:23:45,413|[TRACE] graph - -------> quotedString
2021-11-19T10:23:45,413|[TRACE] script - #out(``rhd``) [token]
2021-11-19T10:23:45,413|[TRACE] graph - <------- quotedString
2021-11-19T10:23:45,413|[TRACE] graph - <----- statementPart
2021-11-19T10:23:45,413|[TRACE] graph - -----> statementPart
2021-11-19T10:23:45,413|[TRACE] graph - -------> nonSkippedSpace
2021-11-19T10:23:45,413|[TRACE] script - #out(` `) [token]
2021-11-19T10:23:45,413|[TRACE] graph - <------- nonSkippedSpace
2021-11-19T10:23:45,413|[TRACE] graph - <----- statementPart
2021-11-19T10:23:45,413|[TRACE] graph - -----> statementPart
2021-11-19T10:23:45,413|[TRACE] graph - -------> nonSkippedChar
2021-11-19T10:23:45,413|[TRACE] script - #out(`B`) [token]
2021-11-19T10:23:45,413|[TRACE] graph - <------- nonSkippedChar
2021-11-19T10:23:45,413|[TRACE] graph - <----- statementPart
2021-11-19T10:23:45,413|[TRACE] graph - -----> statementPart
2021-11-19T10:23:45,413|[TRACE] graph - -------> nonSkippedChar
2021-11-19T10:23:45,413|[TRACE] script - #out(`I`) [token]
2021-11-19T10:23:45,413|[TRACE] graph - <------- nonSkippedChar
2021-11-19T10:23:45,413|[TRACE] graph - <----- statementPart
2021-11-19T10:23:45,413|[TRACE] graph - -----> statementPart
2021-11-19T10:23:45,413|[TRACE] graph - -------> nonSkippedChar
2021-11-19T10:23:45,413|[TRACE] script - #out(`T`) [token]
2021-11-19T10:23:45,413|[TRACE] graph - <------- nonSkippedChar
2021-11-19T10:23:45,413|[TRACE] graph - <----- statementPart
2021-11-19T10:23:45,413|[TRACE] graph - -----> statementPart
2021-11-19T10:23:45,413|[TRACE] graph - -------> nonSkippedChar
2021-11-19T10:23:45,413|[TRACE] script - #out(`(`) [token]
2021-11-19T10:23:45,413|[TRACE] graph - <------- nonSkippedChar
2021-11-19T10:23:45,413|[TRACE] graph - <----- statementPart
2021-11-19T10:23:45,413|[TRACE] graph - -----> statementPart
2021-11-19T10:23:45,413|[TRACE] graph - -------> nonSkippedChar
2021-11-19T10:23:45,413|[TRACE] script - #out(`1`) [token]
2021-11-19T10:23:45,413|[TRACE] graph - <------- nonSkippedChar
2021-11-19T10:23:45,413|[TRACE] graph - <----- statementPart
2021-11-19T10:23:45,413|[TRACE] graph - -----> statementPart
2021-11-19T10:23:45,413|[TRACE] graph - -------> nonSkippedChar
2021-11-19T10:23:45,413|[TRACE] script - #out(`)`) [token]
2021-11-19T10:23:45,413|[TRACE] graph - <------- nonSkippedChar
2021-11-19T10:23:45,413|[TRACE] graph - <----- statementPart
2021-11-19T10:23:45,413|[TRACE] graph - -----> statementPart
2021-11-19T10:23:45,413|[TRACE] graph - -------> nonSkippedSpace
2021-11-19T10:23:45,413|[TRACE] script - #out(` `) [token]
2021-11-19T10:23:45,413|[TRACE] graph - <------- nonSkippedSpace
2021-11-19T10:23:45,413|[TRACE] graph - <----- statementPart
2021-11-19T10:23:45,413|[TRACE] graph - -----> statementPart
2021-11-19T10:23:45,413|[TRACE] graph - -------> nonSkippedChar
2021-11-19T10:23:45,413|[TRACE] script - #out(`N`) [token]
2021-11-19T10:23:45,413|[TRACE] graph - <------- nonSkippedChar
2021-11-19T10:23:45,413|[TRACE] graph - <----- statementPart
2021-11-19T10:23:45,413|[TRACE] graph - -----> statementPart
2021-11-19T10:23:45,413|[TRACE] graph - -------> nonSkippedChar
2021-11-19T10:23:45,413|[TRACE] script - #out(`O`) [token]
2021-11-19T10:23:45,413|[TRACE] graph - <------- nonSkippedChar
2021-11-19T10:23:45,413|[TRACE] graph - <----- statementPart
2021-11-19T10:23:45,413|[TRACE] graph - -----> statementPart
2021-11-19T10:23:45,413|[TRACE] graph - -------> nonSkippedChar
2021-11-19T10:23:45,413|[TRACE] script - #out(`T`) [token]
2021-11-19T10:23:45,413|[TRACE] graph - <------- nonSkippedChar
2021-11-19T10:23:45,413|[TRACE] graph - <----- statementPart
2021-11-19T10:23:45,413|[TRACE] graph - -----> statementPart
2021-11-19T10:23:45,413|[TRACE] graph - -------> nonSkippedSpace
2021-11-19T10:23:45,413|[TRACE] script - #out(` `) [token]
2021-11-19T10:23:45,413|[TRACE] graph - <------- nonSkippedSpace
2021-11-19T10:23:45,413|[TRACE] graph - <----- statementPart
2021-11-19T10:23:45,413|[TRACE] graph - -----> statementPart
2021-11-19T10:23:45,413|[TRACE] graph - -------> nonSkippedChar
2021-11-19T10:23:45,413|[TRACE] script - #out(`N`) [token]
2021-11-19T10:23:45,413|[TRACE] graph - <------- nonSkippedChar
2021-11-19T10:23:45,413|[TRACE] graph - <----- statementPart
2021-11-19T10:23:45,413|[TRACE] graph - -----> statementPart
2021-11-19T10:23:45,413|[TRACE] graph - -------> nonSkippedChar
2021-11-19T10:23:45,413|[TRACE] script - #out(`U`) [token]
2021-11-19T10:23:45,413|[TRACE] graph - <------- nonSkippedChar
2021-11-19T10:23:45,413|[TRACE] graph - <----- statementPart
2021-11-19T10:23:45,413|[TRACE] graph - -----> statementPart
2021-11-19T10:23:45,413|[TRACE] graph - -------> nonSkippedChar
2021-11-19T10:23:45,413|[TRACE] script - #out(`L`) [token]
2021-11-19T10:23:45,413|[TRACE] graph - <------- nonSkippedChar
2021-11-19T10:23:45,413|[TRACE] graph - <----- statementPart
2021-11-19T10:23:45,413|[TRACE] graph - -----> statementPart
2021-11-19T10:23:45,413|[TRACE] graph - -------> nonSkippedChar
2021-11-19T10:23:45,413|[TRACE] script - #out(`L`) [token]
2021-11-19T10:23:45,413|[TRACE] graph - <------- nonSkippedChar
2021-11-19T10:23:45,413|[TRACE] graph - <----- statementPart
2021-11-19T10:23:45,413|[TRACE] graph - -----> statementPart
2021-11-19T10:23:45,413|[TRACE] graph - -------> nonSkippedChar
2021-11-19T10:23:45,413|[TRACE] script - #out(`,`) [token]
2021-11-19T10:23:45,413|[TRACE] graph - <------- nonSkippedChar
2021-11-19T10:23:45,413|[TRACE] graph - <----- statementPart
2021-11-19T10:23:45,413|[TRACE] graph - -----> afterStatementPartNewline
2021-11-19T10:23:45,413|[TRACE] script - #out(` `) [text]
2021-11-19T10:23:45,413|[TRACE] graph - <----- afterStatementPartNewline
2021-11-19T10:23:45,413|[TRACE] graph - -----> statementPart
2021-11-19T10:23:45,413|[TRACE] graph - -------> nonSkippedSpace
2021-11-19T10:23:45,413|[TRACE] script - #out(` `) [token]
2021-11-19T10:23:45,413|[TRACE] graph - <------- nonSkippedSpace
2021-11-19T10:23:45,413|[TRACE] graph - <----- statementPart
2021-11-19T10:23:45,413|[TRACE] graph - -----> statementPart
2021-11-19T10:23:45,413|[TRACE] graph - -------> nonSkippedSpace
2021-11-19T10:23:45,413|[TRACE] script - #out(` `) [token]
2021-11-19T10:23:45,413|[TRACE] graph - <------- nonSkippedSpace
2021-11-19T10:23:45,413|[TRACE] graph - <----- statementPart
2021-11-19T10:23:45,413|[TRACE] graph - -----> statementPart
2021-11-19T10:23:45,413|[TRACE] graph - -------> quotedString
2021-11-19T10:23:45,413|[TRACE] script - #out(``created``) [token]
2021-11-19T10:23:45,413|[TRACE] graph - <------- quotedString
2021-11-19T10:23:45,413|[TRACE] graph - <----- statementPart
2021-11-19T10:23:45,413|[TRACE] graph - -----> statementPart
2021-11-19T10:23:45,413|[TRACE] graph - -------> nonSkippedSpace
2021-11-19T10:23:45,413|[TRACE] script - #out(` `) [token]
2021-11-19T10:23:45,413|[TRACE] graph - <------- nonSkippedSpace
2021-11-19T10:23:45,413|[TRACE] graph - <----- statementPart
2021-11-19T10:23:45,413|[TRACE] graph - -----> statementPart
2021-11-19T10:23:45,413|[TRACE] graph - -------> nonSkippedChar
2021-11-19T10:23:45,413|[TRACE] script - #out(`B`) [token]
2021-11-19T10:23:45,413|[TRACE] graph - <------- nonSkippedChar
2021-11-19T10:23:45,413|[TRACE] graph - <----- statementPart
2021-11-19T10:23:45,413|[TRACE] graph - -----> statementPart
2021-11-19T10:23:45,413|[TRACE] graph - -------> nonSkippedChar
2021-11-19T10:23:45,413|[TRACE] script - #out(`I`) [token]
2021-11-19T10:23:45,413|[TRACE] graph - <------- nonSkippedChar
2021-11-19T10:23:45,413|[TRACE] graph - <----- statementPart
2021-11-19T10:23:45,413|[TRACE] graph - -----> statementPart
2021-11-19T10:23:45,413|[TRACE] graph - -------> nonSkippedChar
2021-11-19T10:23:45,413|[TRACE] script - #out(`G`) [token]
2021-11-19T10:23:45,413|[TRACE] graph - <------- nonSkippedChar
2021-11-19T10:23:45,413|[TRACE] graph - <----- statementPart
2021-11-19T10:23:45,413|[TRACE] graph - -----> statementPart
2021-11-19T10:23:45,413|[TRACE] graph - -------> nonSkippedChar
2021-11-19T10:23:45,413|[TRACE] script - #out(`I`) [token]
2021-11-19T10:23:45,413|[TRACE] graph - <------- nonSkippedChar
2021-11-19T10:23:45,413|[TRACE] graph - <----- statementPart
2021-11-19T10:23:45,413|[TRACE] graph - -----> statementPart
2021-11-19T10:23:45,413|[TRACE] graph - -------> nonSkippedChar
2021-11-19T10:23:45,413|[TRACE] script - #out(`N`) [token]
2021-11-19T10:23:45,413|[TRACE] graph - <------- nonSkippedChar
2021-11-19T10:23:45,413|[TRACE] graph - <----- statementPart
2021-11-19T10:23:45,413|[TRACE] graph - -----> statementPart
2021-11-19T10:23:45,413|[TRACE] graph - -------> nonSkippedChar
2021-11-19T10:23:45,413|[TRACE] script - #out(`T`) [token]
2021-11-19T10:23:45,413|[TRACE] graph - <------- nonSkippedChar
2021-11-19T10:23:45,413|[TRACE] graph - <----- statementPart
2021-11-19T10:23:45,413|[TRACE] graph - -----> statementPart
2021-11-19T10:23:45,413|[TRACE] graph - -------> nonSkippedSpace
2021-11-19T10:23:45,413|[TRACE] script - #out(` `) [token]
2021-11-19T10:23:45,413|[TRACE] graph - <------- nonSkippedSpace
2021-11-19T10:23:45,413|[TRACE] graph - <----- statementPart
2021-11-19T10:23:45,413|[TRACE] graph - -----> statementPart
2021-11-19T10:23:45,413|[TRACE] graph - -------> nonSkippedChar
2021-11-19T10:23:45,413|[TRACE] script - #out(`N`) [token]
2021-11-19T10:23:45,413|[TRACE] graph - <------- nonSkippedChar
2021-11-19T10:23:45,413|[TRACE] graph - <----- statementPart
2021-11-19T10:23:45,413|[TRACE] graph - -----> statementPart
2021-11-19T10:23:45,413|[TRACE] graph - -------> nonSkippedChar
2021-11-19T10:23:45,413|[TRACE] script - #out(`O`) [token]
2021-11-19T10:23:45,413|[TRACE] graph - <------- nonSkippedChar
2021-11-19T10:23:45,413|[TRACE] graph - <----- statementPart
2021-11-19T10:23:45,413|[TRACE] graph - -----> statementPart
2021-11-19T10:23:45,413|[TRACE] graph - -------> nonSkippedChar
2021-11-19T10:23:45,413|[TRACE] script - #out(`T`) [token]
2021-11-19T10:23:45,413|[TRACE] graph - <------- nonSkippedChar
2021-11-19T10:23:45,413|[TRACE] graph - <----- statementPart
2021-11-19T10:23:45,413|[TRACE] graph - -----> statementPart
2021-11-19T10:23:45,413|[TRACE] graph - -------> nonSkippedSpace
2021-11-19T10:23:45,413|[TRACE] script - #out(` `) [token]
2021-11-19T10:23:45,413|[TRACE] graph - <------- nonSkippedSpace
2021-11-19T10:23:45,413|[TRACE] graph - <----- statementPart
2021-11-19T10:23:45,413|[TRACE] graph - -----> statementPart
2021-11-19T10:23:45,413|[TRACE] graph - -------> nonSkippedChar
2021-11-19T10:23:45,413|[TRACE] script - #out(`N`) [token]
2021-11-19T10:23:45,413|[TRACE] graph - <------- nonSkippedChar
2021-11-19T10:23:45,413|[TRACE] graph - <----- statementPart
2021-11-19T10:23:45,413|[TRACE] graph - -----> statementPart
2021-11-19T10:23:45,413|[TRACE] graph - -------> nonSkippedChar
2021-11-19T10:23:45,413|[TRACE] script - #out(`U`) [token]
2021-11-19T10:23:45,413|[TRACE] graph - <------- nonSkippedChar
2021-11-19T10:23:45,413|[TRACE] graph - <----- statementPart
2021-11-19T10:23:45,413|[TRACE] graph - -----> statementPart
2021-11-19T10:23:45,413|[TRACE] graph - -------> nonSkippedChar
2021-11-19T10:23:45,413|[TRACE] script - #out(`L`) [token]
2021-11-19T10:23:45,413|[TRACE] graph - <------- nonSkippedChar
2021-11-19T10:23:45,413|[TRACE] graph - <----- statementPart
2021-11-19T10:23:45,413|[TRACE] graph - -----> statementPart
2021-11-19T10:23:45,413|[TRACE] graph - -------> nonSkippedChar
2021-11-19T10:23:45,413|[TRACE] script - #out(`L`) [token]
2021-11-19T10:23:45,413|[TRACE] graph - <------- nonSkippedChar
2021-11-19T10:23:45,413|[TRACE] graph - <----- statementPart
2021-11-19T10:23:45,414|[TRACE] graph - -----> statementPart
2021-11-19T10:23:45,414|[TRACE] graph - -------> nonSkippedSpace
2021-11-19T10:23:45,414|[TRACE] script - #out(` `) [token]
2021-11-19T10:23:45,414|[TRACE] graph - <------- nonSkippedSpace
2021-11-19T10:23:45,414|[TRACE] graph - <----- statementPart
2021-11-19T10:23:45,414|[TRACE] graph - -----> statementPart
2021-11-19T10:23:45,414|[TRACE] graph - -------> nonSkippedChar
2021-11-19T10:23:45,414|[TRACE] script - #out(`D`) [token]
2021-11-19T10:23:45,414|[TRACE] graph - <------- nonSkippedChar
2021-11-19T10:23:45,414|[TRACE] graph - <----- statementPart
2021-11-19T10:23:45,414|[TRACE] graph - -----> statementPart
2021-11-19T10:23:45,414|[TRACE] graph - -------> nonSkippedChar
2021-11-19T10:23:45,414|[TRACE] script - #out(`E`) [token]
2021-11-19T10:23:45,414|[TRACE] graph - <------- nonSkippedChar
2021-11-19T10:23:45,414|[TRACE] graph - <----- statementPart
2021-11-19T10:23:45,414|[TRACE] graph - -----> statementPart
2021-11-19T10:23:45,414|[TRACE] graph - -------> nonSkippedChar
2021-11-19T10:23:45,414|[TRACE] script - #out(`F`) [token]
2021-11-19T10:23:45,414|[TRACE] graph - <------- nonSkippedChar
2021-11-19T10:23:45,414|[TRACE] graph - <----- statementPart
2021-11-19T10:23:45,414|[TRACE] graph - -----> statementPart
2021-11-19T10:23:45,414|[TRACE] graph - -------> nonSkippedChar
2021-11-19T10:23:45,414|[TRACE] script - #out(`A`) [token]
2021-11-19T10:23:45,414|[TRACE] graph - <------- nonSkippedChar
2021-11-19T10:23:45,414|[TRACE] graph - <----- statementPart
2021-11-19T10:23:45,414|[TRACE] graph - -----> statementPart
2021-11-19T10:23:45,414|[TRACE] graph - -------> nonSkippedChar
2021-11-19T10:23:45,414|[TRACE] script - #out(`U`) [token]
2021-11-19T10:23:45,414|[TRACE] graph - <------- nonSkippedChar
2021-11-19T10:23:45,414|[TRACE] graph - <----- statementPart
2021-11-19T10:23:45,414|[TRACE] graph - -----> statementPart
2021-11-19T10:23:45,414|[TRACE] graph - -------> nonSkippedChar
2021-11-19T10:23:45,414|[TRACE] script - #out(`L`) [token]
2021-11-19T10:23:45,414|[TRACE] graph - <------- nonSkippedChar
2021-11-19T10:23:45,414|[TRACE] graph - <----- statementPart
2021-11-19T10:23:45,414|[TRACE] graph - -----> statementPart
2021-11-19T10:23:45,414|[TRACE] graph - -------> nonSkippedChar
2021-11-19T10:23:45,414|[TRACE] script - #out(`T`) [token]
2021-11-19T10:23:45,414|[TRACE] graph - <------- nonSkippedChar
2021-11-19T10:23:45,414|[TRACE] graph - <----- statementPart
2021-11-19T10:23:45,414|[TRACE] graph - -----> statementPart
2021-11-19T10:23:45,414|[TRACE] graph - -------> nonSkippedSpace
2021-11-19T10:23:45,414|[TRACE] script - #out(` `) [token]
2021-11-19T10:23:45,414|[TRACE] graph - <------- nonSkippedSpace
2021-11-19T10:23:45,414|[TRACE] graph - <----- statementPart
2021-11-19T10:23:45,414|[TRACE] graph - -----> statementPart
2021-11-19T10:23:45,414|[TRACE] graph - -------> nonSkippedChar
2021-11-19T10:23:45,414|[TRACE] script - #out(`(`) [token]
2021-11-19T10:23:45,414|[TRACE] graph - <------- nonSkippedChar
2021-11-19T10:23:45,414|[TRACE] graph - <----- statementPart
2021-11-19T10:23:45,414|[TRACE] graph - -----> statementPart
2021-11-19T10:23:45,414|[TRACE] graph - -------> nonSkippedChar
2021-11-19T10:23:45,414|[TRACE] script - #out(`u`) [token]
2021-11-19T10:23:45,414|[TRACE] graph - <------- nonSkippedChar
2021-11-19T10:23:45,414|[TRACE] graph - <----- statementPart
2021-11-19T10:23:45,414|[TRACE] graph - -----> statementPart
2021-11-19T10:23:45,414|[TRACE] graph - -------> nonSkippedChar
2021-11-19T10:23:45,414|[TRACE] script - #out(`n`) [token]
2021-11-19T10:23:45,414|[TRACE] graph - <------- nonSkippedChar
2021-11-19T10:23:45,414|[TRACE] graph - <----- statementPart
2021-11-19T10:23:45,414|[TRACE] graph - -----> statementPart
2021-11-19T10:23:45,414|[TRACE] graph - -------> nonSkippedChar
2021-11-19T10:23:45,414|[TRACE] script - #out(`i`) [token]
2021-11-19T10:23:45,414|[TRACE] graph - <------- nonSkippedChar
2021-11-19T10:23:45,414|[TRACE] graph - <----- statementPart
2021-11-19T10:23:45,414|[TRACE] graph - -----> statementPart
2021-11-19T10:23:45,414|[TRACE] graph - -------> nonSkippedChar
2021-11-19T10:23:45,414|[TRACE] script - #out(`x`) [token]
2021-11-19T10:23:45,414|[TRACE] graph - <------- nonSkippedChar
2021-11-19T10:23:45,414|[TRACE] graph - <----- statementPart
2021-11-19T10:23:45,414|[TRACE] graph - -----> statementPart
2021-11-19T10:23:45,414|[TRACE] graph - -------> nonSkippedChar
2021-11-19T10:23:45,414|[TRACE] script - #out(`_`) [token]
2021-11-19T10:23:45,414|[TRACE] graph - <------- nonSkippedChar
2021-11-19T10:23:45,414|[TRACE] graph - <----- statementPart
2021-11-19T10:23:45,414|[TRACE] graph - -----> statementPart
2021-11-19T10:23:45,414|[TRACE] graph - -------> nonSkippedChar
2021-11-19T10:23:45,414|[TRACE] script - #out(`t`) [token]
2021-11-19T10:23:45,414|[TRACE] graph - <------- nonSkippedChar
2021-11-19T10:23:45,414|[TRACE] graph - <----- statementPart
2021-11-19T10:23:45,414|[TRACE] graph - -----> statementPart
2021-11-19T10:23:45,414|[TRACE] graph - -------> nonSkippedChar
2021-11-19T10:23:45,414|[TRACE] script - #out(`i`) [token]
2021-11-19T10:23:45,414|[TRACE] graph - <------- nonSkippedChar
2021-11-19T10:23:45,414|[TRACE] graph - <----- statementPart
2021-11-19T10:23:45,414|[TRACE] graph - -----> statementPart
2021-11-19T10:23:45,414|[TRACE] graph - -------> nonSkippedChar
2021-11-19T10:23:45,414|[TRACE] script - #out(`m`) [token]
2021-11-19T10:23:45,414|[TRACE] graph - <------- nonSkippedChar
2021-11-19T10:23:45,414|[TRACE] graph - <----- statementPart
2021-11-19T10:23:45,414|[TRACE] graph - -----> statementPart
2021-11-19T10:23:45,414|[TRACE] graph - -------> nonSkippedChar
2021-11-19T10:23:45,414|[TRACE] script - #out(`e`) [token]
2021-11-19T10:23:45,414|[TRACE] graph - <------- nonSkippedChar
2021-11-19T10:23:45,414|[TRACE] graph - <----- statementPart
2021-11-19T10:23:45,414|[TRACE] graph - -----> statementPart
2021-11-19T10:23:45,414|[TRACE] graph - -------> nonSkippedChar
2021-11-19T10:23:45,414|[TRACE] script - #out(`s`) [token]
2021-11-19T10:23:45,414|[TRACE] graph - <------- nonSkippedChar
2021-11-19T10:23:45,414|[TRACE] graph - <----- statementPart
2021-11-19T10:23:45,527|[TRACE] graph - -----> statementPart
2021-11-19T10:23:45,527|[TRACE] graph - -------> nonSkippedChar
2021-11-19T10:23:45,527|[TRACE] script - #out(`t`) [token]
2021-11-19T10:23:45,527|[TRACE] graph - <------- nonSkippedChar
2021-11-19T10:23:45,527|[TRACE] graph - <----- statementPart
2021-11-19T10:23:45,527|[TRACE] graph - -----> statementPart
2021-11-19T10:23:45,527|[TRACE] graph - -------> nonSkippedChar
2021-11-19T10:23:45,527|[TRACE] script - #out(`a`) [token]
2021-11-19T10:23:45,527|[TRACE] graph - <------- nonSkippedChar
2021-11-19T10:23:45,527|[TRACE] graph - <----- statementPart
2021-11-19T10:23:45,527|[TRACE] graph - -----> statementPart
2021-11-19T10:23:45,527|[TRACE] graph - -------> nonSkippedChar
2021-11-19T10:23:45,527|[TRACE] script - #out(`m`) [token]
2021-11-19T10:23:45,527|[TRACE] graph - <------- nonSkippedChar
2021-11-19T10:23:45,527|[TRACE] graph - <----- statementPart
2021-11-19T10:23:45,527|[TRACE] graph - -----> statementPart
2021-11-19T10:23:45,527|[TRACE] graph - -------> nonSkippedChar
2021-11-19T10:23:45,527|[TRACE] script - #out(`p`) [token]
2021-11-19T10:23:45,527|[TRACE] graph - <------- nonSkippedChar
2021-11-19T10:23:45,527|[TRACE] graph - <----- statementPart
2021-11-19T10:23:45,527|[TRACE] graph - -----> statementPart
2021-11-19T10:23:45,527|[TRACE] graph - -------> nonSkippedChar
2021-11-19T10:23:45,527|[TRACE] script - #out(`(`) [token]
2021-11-19T10:23:45,527|[TRACE] graph - <------- nonSkippedChar
2021-11-19T10:23:45,527|[TRACE] graph - <----- statementPart
2021-11-19T10:23:45,527|[TRACE] graph - -----> statementPart
2021-11-19T10:23:45,527|[TRACE] graph - -------> nonSkippedChar
2021-11-19T10:23:45,527|[TRACE] script - #out(`n`) [token]
2021-11-19T10:23:45,527|[TRACE] graph - <------- nonSkippedChar
2021-11-19T10:23:45,527|[TRACE] graph - <----- statementPart
2021-11-19T10:23:45,527|[TRACE] graph - -----> statementPart
2021-11-19T10:23:45,527|[TRACE] graph - -------> nonSkippedChar
2021-11-19T10:23:45,527|[TRACE] script - #out(`o`) [token]
2021-11-19T10:23:45,527|[TRACE] graph - <------- nonSkippedChar
2021-11-19T10:23:45,527|[TRACE] graph - <----- statementPart
2021-11-19T10:23:45,527|[TRACE] graph - -----> statementPart
2021-11-19T10:23:45,527|[TRACE] graph - -------> nonSkippedChar
2021-11-19T10:23:45,527|[TRACE] script - #out(`w`) [token]
2021-11-19T10:23:45,527|[TRACE] graph - <------- nonSkippedChar
2021-11-19T10:23:45,527|[TRACE] graph - <----- statementPart
2021-11-19T10:23:45,527|[TRACE] graph - -----> statementPart
2021-11-19T10:23:45,527|[TRACE] graph - -------> nonSkippedChar
2021-11-19T10:23:45,527|[TRACE] script - #out(`(`) [token]
2021-11-19T10:23:45,527|[TRACE] graph - <------- nonSkippedChar
2021-11-19T10:23:45,527|[TRACE] graph - <----- statementPart
2021-11-19T10:23:45,527|[TRACE] graph - -----> statementPart
2021-11-19T10:23:45,527|[TRACE] graph - -------> nonSkippedChar
2021-11-19T10:23:45,527|[TRACE] script - #out(`)`) [token]
2021-11-19T10:23:45,527|[TRACE] graph - <------- nonSkippedChar
2021-11-19T10:23:45,527|[TRACE] graph - <----- statementPart
2021-11-19T10:23:45,527|[TRACE] graph - -----> statementPart
2021-11-19T10:23:45,527|[TRACE] graph - -------> nonSkippedChar
2021-11-19T10:23:45,527|[TRACE] script - #out(`)`) [token]
2021-11-19T10:23:45,527|[TRACE] graph - <------- nonSkippedChar
2021-11-19T10:23:45,527|[TRACE] graph - <----- statementPart
2021-11-19T10:23:45,527|[TRACE] graph - -----> statementPart
2021-11-19T10:23:45,527|[TRACE] graph - -------> nonSkippedSpace
2021-11-19T10:23:45,527|[TRACE] script - #out(` `) [token]
2021-11-19T10:23:45,527|[TRACE] graph - <------- nonSkippedSpace
2021-11-19T10:23:45,527|[TRACE] graph - <----- statementPart
2021-11-19T10:23:45,527|[TRACE] graph - -----> statementPart
2021-11-19T10:23:45,527|[TRACE] graph - -------> nonSkippedChar
2021-11-19T10:23:45,527|[TRACE] script - #out(`*`) [token]
2021-11-19T10:23:45,527|[TRACE] graph - <------- nonSkippedChar
2021-11-19T10:23:45,527|[TRACE] graph - <----- statementPart
2021-11-19T10:23:45,527|[TRACE] graph - -----> statementPart
2021-11-19T10:23:45,527|[TRACE] graph - -------> nonSkippedSpace
2021-11-19T10:23:45,527|[TRACE] script - #out(` `) [token]
2021-11-19T10:23:45,527|[TRACE] graph - <------- nonSkippedSpace
2021-11-19T10:23:45,527|[TRACE] graph - <----- statementPart
2021-11-19T10:23:45,527|[TRACE] graph - -----> statementPart
2021-11-19T10:23:45,527|[TRACE] graph - -------> nonSkippedChar
2021-11-19T10:23:45,527|[TRACE] script - #out(`1`) [token]
2021-11-19T10:23:45,527|[TRACE] graph - <------- nonSkippedChar
2021-11-19T10:23:45,527|[TRACE] graph - <----- statementPart
2021-11-19T10:23:45,527|[TRACE] graph - -----> statementPart
2021-11-19T10:23:45,527|[TRACE] graph - -------> nonSkippedChar
2021-11-19T10:23:45,527|[TRACE] script - #out(`0`) [token]
2021-11-19T10:23:45,527|[TRACE] graph - <------- nonSkippedChar
2021-11-19T10:23:45,527|[TRACE] graph - <----- statementPart
2021-11-19T10:23:45,527|[TRACE] graph - -----> statementPart
2021-11-19T10:23:45,527|[TRACE] graph - -------> nonSkippedChar
2021-11-19T10:23:45,527|[TRACE] script - #out(`0`) [token]
2021-11-19T10:23:45,527|[TRACE] graph - <------- nonSkippedChar
2021-11-19T10:23:45,527|[TRACE] graph - <----- statementPart
2021-11-19T10:23:45,527|[TRACE] graph - -----> statementPart
2021-11-19T10:23:45,527|[TRACE] graph - -------> nonSkippedChar
2021-11-19T10:23:45,527|[TRACE] script - #out(`0`) [token]
2021-11-19T10:23:45,527|[TRACE] graph - <------- nonSkippedChar
2021-11-19T10:23:45,527|[TRACE] graph - <----- statementPart
2021-11-19T10:23:45,527|[TRACE] graph - -----> statementPart
2021-11-19T10:23:45,527|[TRACE] graph - -------> nonSkippedChar
2021-11-19T10:23:45,527|[TRACE] script - #out(`)`) [token]
2021-11-19T10:23:45,527|[TRACE] graph - <------- nonSkippedChar
2021-11-19T10:23:45,527|[TRACE] graph - <----- statementPart
2021-11-19T10:23:45,527|[TRACE] graph - -----> statementPart
2021-11-19T10:23:45,527|[TRACE] graph - -------> nonSkippedChar
2021-11-19T10:23:45,527|[TRACE] script - #out(`,`) [token]
2021-11-19T10:23:45,527|[TRACE] graph - <------- nonSkippedChar
2021-11-19T10:23:45,527|[TRACE] graph - <----- statementPart
2021-11-19T10:23:45,527|[TRACE] graph - -----> afterStatementPartNewline
2021-11-19T10:23:45,527|[TRACE] script - #out(` `) [text]
2021-11-19T10:23:45,527|[TRACE] graph - <----- afterStatementPartNewline
2021-11-19T10:23:45,527|[TRACE] graph - -----> statementPart
2021-11-19T10:23:45,527|[TRACE] graph - -------> nonSkippedSpace
2021-11-19T10:23:45,527|[TRACE] script - #out(` `) [token]
2021-11-19T10:23:45,527|[TRACE] graph - <------- nonSkippedSpace
2021-11-19T10:23:45,527|[TRACE] graph - <----- statementPart
2021-11-19T10:23:45,527|[TRACE] graph - -----> statementPart
2021-11-19T10:23:45,527|[TRACE] graph - -------> nonSkippedSpace
2021-11-19T10:23:45,527|[TRACE] script - #out(` `) [token]
2021-11-19T10:23:45,527|[TRACE] graph - <------- nonSkippedSpace
2021-11-19T10:23:45,527|[TRACE] graph - <----- statementPart
2021-11-19T10:23:45,527|[TRACE] graph - -----> statementPart
2021-11-19T10:23:45,527|[TRACE] graph - -------> quotedString
2021-11-19T10:23:45,527|[TRACE] script - #out(``updated``) [token]
2021-11-19T10:23:45,527|[TRACE] graph - <------- quotedString
2021-11-19T10:23:45,527|[TRACE] graph - <----- statementPart
2021-11-19T10:23:45,527|[TRACE] graph - -----> statementPart
2021-11-19T10:23:45,527|[TRACE] graph - -------> nonSkippedSpace
2021-11-19T10:23:45,527|[TRACE] script - #out(` `) [token]
2021-11-19T10:23:45,527|[TRACE] graph - <------- nonSkippedSpace
2021-11-19T10:23:45,527|[TRACE] graph - <----- statementPart
2021-11-19T10:23:45,527|[TRACE] graph - -----> statementPart
2021-11-19T10:23:45,527|[TRACE] graph - -------> nonSkippedChar
2021-11-19T10:23:45,527|[TRACE] script - #out(`B`) [token]
2021-11-19T10:23:45,527|[TRACE] graph - <------- nonSkippedChar
2021-11-19T10:23:45,527|[TRACE] graph - <----- statementPart
2021-11-19T10:23:45,527|[TRACE] graph - -----> statementPart
2021-11-19T10:23:45,527|[TRACE] graph - -------> nonSkippedChar
2021-11-19T10:23:45,527|[TRACE] script - #out(`I`) [token]
2021-11-19T10:23:45,527|[TRACE] graph - <------- nonSkippedChar
2021-11-19T10:23:45,527|[TRACE] graph - <----- statementPart
2021-11-19T10:23:45,527|[TRACE] graph - -----> statementPart
2021-11-19T10:23:45,527|[TRACE] graph - -------> nonSkippedChar
2021-11-19T10:23:45,527|[TRACE] script - #out(`G`) [token]
2021-11-19T10:23:45,527|[TRACE] graph - <------- nonSkippedChar
2021-11-19T10:23:45,527|[TRACE] graph - <----- statementPart
2021-11-19T10:23:45,527|[TRACE] graph - -----> statementPart
2021-11-19T10:23:45,527|[TRACE] graph - -------> nonSkippedChar
2021-11-19T10:23:45,527|[TRACE] script - #out(`I`) [token]
2021-11-19T10:23:45,527|[TRACE] graph - <------- nonSkippedChar
2021-11-19T10:23:45,527|[TRACE] graph - <----- statementPart
2021-11-19T10:23:45,527|[TRACE] graph - -----> statementPart
2021-11-19T10:23:45,527|[TRACE] graph - -------> nonSkippedChar
2021-11-19T10:23:45,527|[TRACE] script - #out(`N`) [token]
2021-11-19T10:23:45,527|[TRACE] graph - <------- nonSkippedChar
2021-11-19T10:23:45,527|[TRACE] graph - <----- statementPart
2021-11-19T10:23:45,527|[TRACE] graph - -----> statementPart
2021-11-19T10:23:45,527|[TRACE] graph - -------> nonSkippedChar
2021-11-19T10:23:45,527|[TRACE] script - #out(`T`) [token]
2021-11-19T10:23:45,527|[TRACE] graph - <------- nonSkippedChar
2021-11-19T10:23:45,527|[TRACE] graph - <----- statementPart
2021-11-19T10:23:45,527|[TRACE] graph - -----> statementPart
2021-11-19T10:23:45,527|[TRACE] graph - -------> nonSkippedSpace
2021-11-19T10:23:45,527|[TRACE] script - #out(` `) [token]
2021-11-19T10:23:45,527|[TRACE] graph - <------- nonSkippedSpace
2021-11-19T10:23:45,527|[TRACE] graph - <----- statementPart
2021-11-19T10:23:45,527|[TRACE] graph - -----> statementPart
2021-11-19T10:23:45,527|[TRACE] graph - -------> nonSkippedChar
2021-11-19T10:23:45,527|[TRACE] script - #out(`N`) [token]
2021-11-19T10:23:45,527|[TRACE] graph - <------- nonSkippedChar
2021-11-19T10:23:45,527|[TRACE] graph - <----- statementPart
2021-11-19T10:23:45,527|[TRACE] graph - -----> statementPart
2021-11-19T10:23:45,527|[TRACE] graph - -------> nonSkippedChar
2021-11-19T10:23:45,527|[TRACE] script - #out(`O`) [token]
2021-11-19T10:23:45,527|[TRACE] graph - <------- nonSkippedChar
2021-11-19T10:23:45,527|[TRACE] graph - <----- statementPart
2021-11-19T10:23:45,527|[TRACE] graph - -----> statementPart
2021-11-19T10:23:45,527|[TRACE] graph - -------> nonSkippedChar
2021-11-19T10:23:45,527|[TRACE] script - #out(`T`) [token]
2021-11-19T10:23:45,527|[TRACE] graph - <------- nonSkippedChar
2021-11-19T10:23:45,527|[TRACE] graph - <----- statementPart
2021-11-19T10:23:45,527|[TRACE] graph - -----> statementPart
2021-11-19T10:23:45,527|[TRACE] graph - -------> nonSkippedSpace
2021-11-19T10:23:45,527|[TRACE] script - #out(` `) [token]
2021-11-19T10:23:45,527|[TRACE] graph - <------- nonSkippedSpace
2021-11-19T10:23:45,527|[TRACE] graph - <----- statementPart
2021-11-19T10:23:45,527|[TRACE] graph - -----> statementPart
2021-11-19T10:23:45,527|[TRACE] graph - -------> nonSkippedChar
2021-11-19T10:23:45,527|[TRACE] script - #out(`N`) [token]
2021-11-19T10:23:45,527|[TRACE] graph - <------- nonSkippedChar
2021-11-19T10:23:45,527|[TRACE] graph - <----- statementPart
2021-11-19T10:23:45,527|[TRACE] graph - -----> statementPart
2021-11-19T10:23:45,527|[TRACE] graph - -------> nonSkippedChar
2021-11-19T10:23:45,527|[TRACE] script - #out(`U`) [token]
2021-11-19T10:23:45,527|[TRACE] graph - <------- nonSkippedChar
2021-11-19T10:23:45,527|[TRACE] graph - <----- statementPart
2021-11-19T10:23:45,527|[TRACE] graph - -----> statementPart
2021-11-19T10:23:45,527|[TRACE] graph - -------> nonSkippedChar
2021-11-19T10:23:45,527|[TRACE] script - #out(`L`) [token]
2021-11-19T10:23:45,527|[TRACE] graph - <------- nonSkippedChar
2021-11-19T10:23:45,527|[TRACE] graph - <----- statementPart
2021-11-19T10:23:45,527|[TRACE] graph - -----> statementPart
2021-11-19T10:23:45,527|[TRACE] graph - -------> nonSkippedChar
2021-11-19T10:23:45,527|[TRACE] script - #out(`L`) [token]
2021-11-19T10:23:45,527|[TRACE] graph - <------- nonSkippedChar
2021-11-19T10:23:45,527|[TRACE] graph - <----- statementPart
2021-11-19T10:23:45,527|[TRACE] graph - -----> statementPart
2021-11-19T10:23:45,527|[TRACE] graph - -------> nonSkippedSpace
2021-11-19T10:23:45,528|[TRACE] script - #out(` `) [token]
2021-11-19T10:23:45,528|[TRACE] graph - <------- nonSkippedSpace
2021-11-19T10:23:45,528|[TRACE] graph - <----- statementPart
2021-11-19T10:23:45,528|[TRACE] graph - -----> statementPart
2021-11-19T10:23:45,528|[TRACE] graph - -------> nonSkippedChar
2021-11-19T10:23:45,528|[TRACE] script - #out(`D`) [token]
2021-11-19T10:23:45,528|[TRACE] graph - <------- nonSkippedChar
2021-11-19T10:23:45,528|[TRACE] graph - <----- statementPart
2021-11-19T10:23:45,528|[TRACE] graph - -----> statementPart
2021-11-19T10:23:45,528|[TRACE] graph - -------> nonSkippedChar
2021-11-19T10:23:45,528|[TRACE] script - #out(`E`) [token]
2021-11-19T10:23:45,528|[TRACE] graph - <------- nonSkippedChar
2021-11-19T10:23:45,528|[TRACE] graph - <----- statementPart
2021-11-19T10:23:45,528|[TRACE] graph - -----> statementPart
2021-11-19T10:23:45,528|[TRACE] graph - -------> nonSkippedChar
2021-11-19T10:23:45,528|[TRACE] script - #out(`F`) [token]
2021-11-19T10:23:45,528|[TRACE] graph - <------- nonSkippedChar
2021-11-19T10:23:45,528|[TRACE] graph - <----- statementPart
2021-11-19T10:23:45,528|[TRACE] graph - -----> statementPart
2021-11-19T10:23:45,528|[TRACE] graph - -------> nonSkippedChar
2021-11-19T10:23:45,528|[TRACE] script - #out(`A`) [token]
2021-11-19T10:23:45,528|[TRACE] graph - <------- nonSkippedChar
2021-11-19T10:23:45,528|[TRACE] graph - <----- statementPart
2021-11-19T10:23:45,528|[TRACE] graph - -----> statementPart
2021-11-19T10:23:45,528|[TRACE] graph - -------> nonSkippedChar
2021-11-19T10:23:45,528|[TRACE] script - #out(`U`) [token]
2021-11-19T10:23:45,528|[TRACE] graph - <------- nonSkippedChar
2021-11-19T10:23:45,528|[TRACE] graph - <----- statementPart
2021-11-19T10:23:45,528|[TRACE] graph - -----> statementPart
2021-11-19T10:23:45,528|[TRACE] graph - -------> nonSkippedChar
2021-11-19T10:23:45,528|[TRACE] script - #out(`L`) [token]
2021-11-19T10:23:45,528|[TRACE] graph - <------- nonSkippedChar
2021-11-19T10:23:45,528|[TRACE] graph - <----- statementPart
2021-11-19T10:23:45,528|[TRACE] graph - -----> statementPart
2021-11-19T10:23:45,528|[TRACE] graph - -------> nonSkippedChar
2021-11-19T10:23:45,528|[TRACE] script - #out(`T`) [token]
2021-11-19T10:23:45,528|[TRACE] graph - <------- nonSkippedChar
2021-11-19T10:23:45,528|[TRACE] graph - <----- statementPart
2021-11-19T10:23:45,528|[TRACE] graph - -----> statementPart
2021-11-19T10:23:45,528|[TRACE] graph - -------> nonSkippedSpace
2021-11-19T10:23:45,528|[TRACE] script - #out(` `) [token]
2021-11-19T10:23:45,528|[TRACE] graph - <------- nonSkippedSpace
2021-11-19T10:23:45,528|[TRACE] graph - <----- statementPart
2021-11-19T10:23:45,528|[TRACE] graph - -----> statementPart
2021-11-19T10:23:45,528|[TRACE] graph - -------> nonSkippedChar
2021-11-19T10:23:45,528|[TRACE] script - #out(`(`) [token]
2021-11-19T10:23:45,528|[TRACE] graph - <------- nonSkippedChar
2021-11-19T10:23:45,528|[TRACE] graph - <----- statementPart
2021-11-19T10:23:45,528|[TRACE] graph - -----> statementPart
2021-11-19T10:23:45,528|[TRACE] graph - -------> nonSkippedChar
2021-11-19T10:23:45,528|[TRACE] script - #out(`u`) [token]
2021-11-19T10:23:45,528|[TRACE] graph - <------- nonSkippedChar
2021-11-19T10:23:45,528|[TRACE] graph - <----- statementPart
2021-11-19T10:23:45,528|[TRACE] graph - -----> statementPart
2021-11-19T10:23:45,528|[TRACE] graph - -------> nonSkippedChar
2021-11-19T10:23:45,528|[TRACE] script - #out(`n`) [token]
2021-11-19T10:23:45,528|[TRACE] graph - <------- nonSkippedChar
2021-11-19T10:23:45,528|[TRACE] graph - <----- statementPart
2021-11-19T10:23:45,528|[TRACE] graph - -----> statementPart
2021-11-19T10:23:45,528|[TRACE] graph - -------> nonSkippedChar
2021-11-19T10:23:45,528|[TRACE] script - #out(`i`) [token]
2021-11-19T10:23:45,528|[TRACE] graph - <------- nonSkippedChar
2021-11-19T10:23:45,528|[TRACE] graph - <----- statementPart
2021-11-19T10:23:45,528|[TRACE] graph - -----> statementPart
2021-11-19T10:23:45,528|[TRACE] graph - -------> nonSkippedChar
2021-11-19T10:23:45,528|[TRACE] script - #out(`x`) [token]
2021-11-19T10:23:45,528|[TRACE] graph - <------- nonSkippedChar
2021-11-19T10:23:45,528|[TRACE] graph - <----- statementPart
2021-11-19T10:23:45,528|[TRACE] graph - -----> statementPart
2021-11-19T10:23:45,528|[TRACE] graph - -------> nonSkippedChar
2021-11-19T10:23:45,528|[TRACE] script - #out(`_`) [token]
2021-11-19T10:23:45,528|[TRACE] graph - <------- nonSkippedChar
2021-11-19T10:23:45,528|[TRACE] graph - <----- statementPart
2021-11-19T10:23:45,528|[TRACE] graph - -----> statementPart
2021-11-19T10:23:45,528|[TRACE] graph - -------> nonSkippedChar
2021-11-19T10:23:45,528|[TRACE] script - #out(`t`) [token]
2021-11-19T10:23:45,528|[TRACE] graph - <------- nonSkippedChar
2021-11-19T10:23:45,528|[TRACE] graph - <----- statementPart
2021-11-19T10:23:45,528|[TRACE] graph - -----> statementPart
2021-11-19T10:23:45,528|[TRACE] graph - -------> nonSkippedChar
2021-11-19T10:23:45,528|[TRACE] script - #out(`i`) [token]
2021-11-19T10:23:45,528|[TRACE] graph - <------- nonSkippedChar
2021-11-19T10:23:45,528|[TRACE] graph - <----- statementPart
2021-11-19T10:23:45,528|[TRACE] graph - -----> statementPart
2021-11-19T10:23:45,528|[TRACE] graph - -------> nonSkippedChar
2021-11-19T10:23:45,528|[TRACE] script - #out(`m`) [token]
2021-11-19T10:23:45,528|[TRACE] graph - <------- nonSkippedChar
2021-11-19T10:23:45,528|[TRACE] graph - <----- statementPart
2021-11-19T10:23:45,528|[TRACE] graph - -----> statementPart
2021-11-19T10:23:45,528|[TRACE] graph - -------> nonSkippedChar
2021-11-19T10:23:45,528|[TRACE] script - #out(`e`) [token]
2021-11-19T10:23:45,528|[TRACE] graph - <------- nonSkippedChar
2021-11-19T10:23:45,528|[TRACE] graph - <----- statementPart
2021-11-19T10:23:45,528|[TRACE] graph - -----> statementPart
2021-11-19T10:23:45,528|[TRACE] graph - -------> nonSkippedChar
2021-11-19T10:23:45,528|[TRACE] script - #out(`s`) [token]
2021-11-19T10:23:45,528|[TRACE] graph - <------- nonSkippedChar
2021-11-19T10:23:45,528|[TRACE] graph - <----- statementPart
2021-11-19T10:23:45,528|[TRACE] graph - -----> statementPart
2021-11-19T10:23:45,528|[TRACE] graph - -------> nonSkippedChar
2021-11-19T10:23:45,528|[TRACE] script - #out(`t`) [token]
2021-11-19T10:23:45,528|[TRACE] graph - <------- nonSkippedChar
2021-11-19T10:23:45,528|[TRACE] graph - <----- statementPart
2021-11-19T10:23:45,528|[TRACE] graph - -----> statementPart
2021-11-19T10:23:45,528|[TRACE] graph - -------> nonSkippedChar
2021-11-19T10:23:45,528|[TRACE] script - #out(`a`) [token]
2021-11-19T10:23:45,528|[TRACE] graph - <------- nonSkippedChar
2021-11-19T10:23:45,528|[TRACE] graph - <----- statementPart
2021-11-19T10:23:45,528|[TRACE] graph - -----> statementPart
2021-11-19T10:23:45,528|[TRACE] graph - -------> nonSkippedChar
2021-11-19T10:23:45,528|[TRACE] script - #out(`m`) [token]
2021-11-19T10:23:45,528|[TRACE] graph - <------- nonSkippedChar
2021-11-19T10:23:45,528|[TRACE] graph - <----- statementPart
2021-11-19T10:23:45,528|[TRACE] graph - -----> statementPart
2021-11-19T10:23:45,528|[TRACE] graph - -------> nonSkippedChar
2021-11-19T10:23:45,528|[TRACE] script - #out(`p`) [token]
2021-11-19T10:23:45,528|[TRACE] graph - <------- nonSkippedChar
2021-11-19T10:23:45,528|[TRACE] graph - <----- statementPart
2021-11-19T10:23:45,528|[TRACE] graph - -----> statementPart
2021-11-19T10:23:45,528|[TRACE] graph - -------> nonSkippedChar
2021-11-19T10:23:45,528|[TRACE] script - #out(`(`) [token]
2021-11-19T10:23:45,528|[TRACE] graph - <------- nonSkippedChar
2021-11-19T10:23:45,528|[TRACE] graph - <----- statementPart
2021-11-19T10:23:45,528|[TRACE] graph - -----> statementPart
2021-11-19T10:23:45,528|[TRACE] graph - -------> nonSkippedChar
2021-11-19T10:23:45,528|[TRACE] script - #out(`n`) [token]
2021-11-19T10:23:45,528|[TRACE] graph - <------- nonSkippedChar
2021-11-19T10:23:45,528|[TRACE] graph - <----- statementPart
2021-11-19T10:23:45,528|[TRACE] graph - -----> statementPart
2021-11-19T10:23:45,528|[TRACE] graph - -------> nonSkippedChar
2021-11-19T10:23:45,528|[TRACE] script - #out(`o`) [token]
2021-11-19T10:23:45,528|[TRACE] graph - <------- nonSkippedChar
2021-11-19T10:23:45,528|[TRACE] graph - <----- statementPart
2021-11-19T10:23:45,528|[TRACE] graph - -----> statementPart
2021-11-19T10:23:45,528|[TRACE] graph - -------> nonSkippedChar
2021-11-19T10:23:45,528|[TRACE] script - #out(`w`) [token]
2021-11-19T10:23:45,528|[TRACE] graph - <------- nonSkippedChar
2021-11-19T10:23:45,528|[TRACE] graph - <----- statementPart
2021-11-19T10:23:45,528|[TRACE] graph - -----> statementPart
2021-11-19T10:23:45,528|[TRACE] graph - -------> nonSkippedChar
2021-11-19T10:23:45,528|[TRACE] script - #out(`(`) [token]
2021-11-19T10:23:45,528|[TRACE] graph - <------- nonSkippedChar
2021-11-19T10:23:45,528|[TRACE] graph - <----- statementPart
2021-11-19T10:23:45,528|[TRACE] graph - -----> statementPart
2021-11-19T10:23:45,528|[TRACE] graph - -------> nonSkippedChar
2021-11-19T10:23:45,528|[TRACE] script - #out(`)`) [token]
2021-11-19T10:23:45,528|[TRACE] graph - <------- nonSkippedChar
2021-11-19T10:23:45,528|[TRACE] graph - <----- statementPart
2021-11-19T10:23:45,528|[TRACE] graph - -----> statementPart
2021-11-19T10:23:45,528|[TRACE] graph - -------> nonSkippedChar
2021-11-19T10:23:45,528|[TRACE] script - #out(`)`) [token]
2021-11-19T10:23:45,528|[TRACE] graph - <------- nonSkippedChar
2021-11-19T10:23:45,528|[TRACE] graph - <----- statementPart
2021-11-19T10:23:45,528|[TRACE] graph - -----> statementPart
2021-11-19T10:23:45,528|[TRACE] graph - -------> nonSkippedSpace
2021-11-19T10:23:45,528|[TRACE] script - #out(` `) [token]
2021-11-19T10:23:45,528|[TRACE] graph - <------- nonSkippedSpace
2021-11-19T10:23:45,528|[TRACE] graph - <----- statementPart
2021-11-19T10:23:45,528|[TRACE] graph - -----> statementPart
2021-11-19T10:23:45,528|[TRACE] graph - -------> nonSkippedChar
2021-11-19T10:23:45,528|[TRACE] script - #out(`*`) [token]
2021-11-19T10:23:45,528|[TRACE] graph - <------- nonSkippedChar
2021-11-19T10:23:45,528|[TRACE] graph - <----- statementPart
2021-11-19T10:23:45,528|[TRACE] graph - -----> statementPart
2021-11-19T10:23:45,528|[TRACE] graph - -------> nonSkippedSpace
2021-11-19T10:23:45,528|[TRACE] script - #out(` `) [token]
2021-11-19T10:23:45,528|[TRACE] graph - <------- nonSkippedSpace
2021-11-19T10:23:45,528|[TRACE] graph - <----- statementPart
2021-11-19T10:23:45,528|[TRACE] graph - -----> statementPart
2021-11-19T10:23:45,528|[TRACE] graph - -------> nonSkippedChar
2021-11-19T10:23:45,528|[TRACE] script - #out(`1`) [token]
2021-11-19T10:23:45,528|[TRACE] graph - <------- nonSkippedChar
2021-11-19T10:23:45,528|[TRACE] graph - <----- statementPart
2021-11-19T10:23:45,528|[TRACE] graph - -----> statementPart
2021-11-19T10:23:45,528|[TRACE] graph - -------> nonSkippedChar
2021-11-19T10:23:45,528|[TRACE] script - #out(`0`) [token]
2021-11-19T10:23:45,528|[TRACE] graph - <------- nonSkippedChar
2021-11-19T10:23:45,528|[TRACE] graph - <----- statementPart
2021-11-19T10:23:45,528|[TRACE] graph - -----> statementPart
2021-11-19T10:23:45,528|[TRACE] graph - -------> nonSkippedChar
2021-11-19T10:23:45,528|[TRACE] script - #out(`0`) [token]
2021-11-19T10:23:45,528|[TRACE] graph - <------- nonSkippedChar
2021-11-19T10:23:45,528|[TRACE] graph - <----- statementPart
2021-11-19T10:23:45,528|[TRACE] graph - -----> statementPart
2021-11-19T10:23:45,528|[TRACE] graph - -------> nonSkippedChar
2021-11-19T10:23:45,528|[TRACE] script - #out(`0`) [token]
2021-11-19T10:23:45,528|[TRACE] graph - <------- nonSkippedChar
2021-11-19T10:23:45,528|[TRACE] graph - <----- statementPart
2021-11-19T10:23:45,528|[TRACE] graph - -----> statementPart
2021-11-19T10:23:45,528|[TRACE] graph - -------> nonSkippedChar
2021-11-19T10:23:45,528|[TRACE] script - #out(`)`) [token]
2021-11-19T10:23:45,528|[TRACE] graph - <------- nonSkippedChar
2021-11-19T10:23:45,528|[TRACE] graph - <----- statementPart
2021-11-19T10:23:45,528|[TRACE] graph - -----> statementPart
2021-11-19T10:23:45,528|[TRACE] graph - -------> nonSkippedChar
2021-11-19T10:23:45,528|[TRACE] script - #out(`,`) [token]
2021-11-19T10:23:45,528|[TRACE] graph - <------- nonSkippedChar
2021-11-19T10:23:45,528|[TRACE] graph - <----- statementPart
2021-11-19T10:23:45,528|[TRACE] graph - -----> afterStatementPartNewline
2021-11-19T10:23:45,528|[TRACE] script - #out(` `) [text]
2021-11-19T10:23:45,528|[TRACE] graph - <----- afterStatementPartNewline
2021-11-19T10:23:45,528|[TRACE] graph - -----> statementPart
2021-11-19T10:23:45,528|[TRACE] graph - -------> nonSkippedSpace
2021-11-19T10:23:45,528|[TRACE] script - #out(` `) [token]
2021-11-19T10:23:45,528|[TRACE] graph - <------- nonSkippedSpace
2021-11-19T10:23:45,528|[TRACE] graph - <----- statementPart
2021-11-19T10:23:45,528|[TRACE] graph - -----> statementPart
2021-11-19T10:23:45,528|[TRACE] graph - -------> nonSkippedSpace
2021-11-19T10:23:45,528|[TRACE] script - #out(` `) [token]
2021-11-19T10:23:45,528|[TRACE] graph - <------- nonSkippedSpace
2021-11-19T10:23:45,528|[TRACE] graph - <----- statementPart
2021-11-19T10:23:45,528|[TRACE] graph - -----> statementPart
2021-11-19T10:23:45,528|[TRACE] graph - -------> quotedString
2021-11-19T10:23:45,528|[TRACE] script - #out(``version``) [token]
2021-11-19T10:23:45,528|[TRACE] graph - <------- quotedString
2021-11-19T10:23:45,528|[TRACE] graph - <----- statementPart
2021-11-19T10:23:45,528|[TRACE] graph - -----> statementPart
2021-11-19T10:23:45,528|[TRACE] graph - -------> nonSkippedSpace
2021-11-19T10:23:45,528|[TRACE] script - #out(` `) [token]
2021-11-19T10:23:45,528|[TRACE] graph - <------- nonSkippedSpace
2021-11-19T10:23:45,528|[TRACE] graph - <----- statementPart
2021-11-19T10:23:45,528|[TRACE] graph - -----> statementPart
2021-11-19T10:23:45,528|[TRACE] graph - -------> nonSkippedChar
2021-11-19T10:23:45,528|[TRACE] script - #out(`I`) [token]
2021-11-19T10:23:45,528|[TRACE] graph - <------- nonSkippedChar
2021-11-19T10:23:45,528|[TRACE] graph - <----- statementPart
2021-11-19T10:23:45,528|[TRACE] graph - -----> statementPart
2021-11-19T10:23:45,528|[TRACE] graph - -------> nonSkippedChar
2021-11-19T10:23:45,528|[TRACE] script - #out(`N`) [token]
2021-11-19T10:23:45,528|[TRACE] graph - <------- nonSkippedChar
2021-11-19T10:23:45,528|[TRACE] graph - <----- statementPart
2021-11-19T10:23:45,528|[TRACE] graph - -----> statementPart
2021-11-19T10:23:45,528|[TRACE] graph - -------> nonSkippedChar
2021-11-19T10:23:45,528|[TRACE] script - #out(`T`) [token]
2021-11-19T10:23:45,528|[TRACE] graph - <------- nonSkippedChar
2021-11-19T10:23:45,528|[TRACE] graph - <----- statementPart
2021-11-19T10:23:45,528|[TRACE] graph - -----> statementPart
2021-11-19T10:23:45,528|[TRACE] graph - -------> nonSkippedSpace
2021-11-19T10:23:45,528|[TRACE] script - #out(` `) [token]
2021-11-19T10:23:45,528|[TRACE] graph - <------- nonSkippedSpace
2021-11-19T10:23:45,528|[TRACE] graph - <----- statementPart
2021-11-19T10:23:45,528|[TRACE] graph - -----> statementPart
2021-11-19T10:23:45,528|[TRACE] graph - -------> nonSkippedChar
2021-11-19T10:23:45,528|[TRACE] script - #out(`N`) [token]
2021-11-19T10:23:45,528|[TRACE] graph - <------- nonSkippedChar
2021-11-19T10:23:45,528|[TRACE] graph - <----- statementPart
2021-11-19T10:23:45,528|[TRACE] graph - -----> statementPart
2021-11-19T10:23:45,528|[TRACE] graph - -------> nonSkippedChar
2021-11-19T10:23:45,528|[TRACE] script - #out(`O`) [token]
2021-11-19T10:23:45,528|[TRACE] graph - <------- nonSkippedChar
2021-11-19T10:23:45,528|[TRACE] graph - <----- statementPart
2021-11-19T10:23:45,528|[TRACE] graph - -----> statementPart
2021-11-19T10:23:45,528|[TRACE] graph - -------> nonSkippedChar
2021-11-19T10:23:45,528|[TRACE] script - #out(`T`) [token]
2021-11-19T10:23:45,528|[TRACE] graph - <------- nonSkippedChar
2021-11-19T10:23:45,528|[TRACE] graph - <----- statementPart
2021-11-19T10:23:45,528|[TRACE] graph - -----> statementPart
2021-11-19T10:23:45,528|[TRACE] graph - -------> nonSkippedSpace
2021-11-19T10:23:45,528|[TRACE] script - #out(` `) [token]
2021-11-19T10:23:45,528|[TRACE] graph - <------- nonSkippedSpace
2021-11-19T10:23:45,528|[TRACE] graph - <----- statementPart
2021-11-19T10:23:45,528|[TRACE] graph - -----> statementPart
2021-11-19T10:23:45,528|[TRACE] graph - -------> nonSkippedChar
2021-11-19T10:23:45,528|[TRACE] script - #out(`N`) [token]
2021-11-19T10:23:45,528|[TRACE] graph - <------- nonSkippedChar
2021-11-19T10:23:45,645|[TRACE] graph - <----- statementPart
2021-11-19T10:23:45,645|[TRACE] graph - -----> statementPart
2021-11-19T10:23:45,645|[TRACE] graph - -------> nonSkippedChar
2021-11-19T10:23:45,645|[TRACE] script - #out(`U`) [token]
2021-11-19T10:23:45,645|[TRACE] graph - <------- nonSkippedChar
2021-11-19T10:23:45,645|[TRACE] graph - <----- statementPart
2021-11-19T10:23:45,645|[TRACE] graph - -----> statementPart
2021-11-19T10:23:45,645|[TRACE] graph - -------> nonSkippedChar
2021-11-19T10:23:45,645|[TRACE] script - #out(`L`) [token]
2021-11-19T10:23:45,645|[TRACE] graph - <------- nonSkippedChar
2021-11-19T10:23:45,645|[TRACE] graph - <----- statementPart
2021-11-19T10:23:45,645|[TRACE] graph - -----> statementPart
2021-11-19T10:23:45,645|[TRACE] graph - -------> nonSkippedChar
2021-11-19T10:23:45,645|[TRACE] script - #out(`L`) [token]
2021-11-19T10:23:45,645|[TRACE] graph - <------- nonSkippedChar
2021-11-19T10:23:45,645|[TRACE] graph - <----- statementPart
2021-11-19T10:23:45,645|[TRACE] graph - -----> statementPart
2021-11-19T10:23:45,645|[TRACE] graph - -------> nonSkippedSpace
2021-11-19T10:23:45,645|[TRACE] script - #out(` `) [token]
2021-11-19T10:23:45,645|[TRACE] graph - <------- nonSkippedSpace
2021-11-19T10:23:45,645|[TRACE] graph - <----- statementPart
2021-11-19T10:23:45,645|[TRACE] graph - -----> statementPart
2021-11-19T10:23:45,645|[TRACE] graph - -------> nonSkippedChar
2021-11-19T10:23:45,645|[TRACE] script - #out(`D`) [token]
2021-11-19T10:23:45,645|[TRACE] graph - <------- nonSkippedChar
2021-11-19T10:23:45,645|[TRACE] graph - <----- statementPart
2021-11-19T10:23:45,645|[TRACE] graph - -----> statementPart
2021-11-19T10:23:45,645|[TRACE] graph - -------> nonSkippedChar
2021-11-19T10:23:45,645|[TRACE] script - #out(`E`) [token]
2021-11-19T10:23:45,645|[TRACE] graph - <------- nonSkippedChar
2021-11-19T10:23:45,645|[TRACE] graph - <----- statementPart
2021-11-19T10:23:45,645|[TRACE] graph - -----> statementPart
2021-11-19T10:23:45,645|[TRACE] graph - -------> nonSkippedChar
2021-11-19T10:23:45,645|[TRACE] script - #out(`F`) [token]
2021-11-19T10:23:45,645|[TRACE] graph - <------- nonSkippedChar
2021-11-19T10:23:45,645|[TRACE] graph - <----- statementPart
2021-11-19T10:23:45,645|[TRACE] graph - -----> statementPart
2021-11-19T10:23:45,645|[TRACE] graph - -------> nonSkippedChar
2021-11-19T10:23:45,645|[TRACE] script - #out(`A`) [token]
2021-11-19T10:23:45,645|[TRACE] graph - <------- nonSkippedChar
2021-11-19T10:23:45,645|[TRACE] graph - <----- statementPart
2021-11-19T10:23:45,645|[TRACE] graph - -----> statementPart
2021-11-19T10:23:45,645|[TRACE] graph - -------> nonSkippedChar
2021-11-19T10:23:45,645|[TRACE] script - #out(`U`) [token]
2021-11-19T10:23:45,645|[TRACE] graph - <------- nonSkippedChar
2021-11-19T10:23:45,645|[TRACE] graph - <----- statementPart
2021-11-19T10:23:45,645|[TRACE] graph - -----> statementPart
2021-11-19T10:23:45,645|[TRACE] graph - -------> nonSkippedChar
2021-11-19T10:23:45,645|[TRACE] script - #out(`L`) [token]
2021-11-19T10:23:45,645|[TRACE] graph - <------- nonSkippedChar
2021-11-19T10:23:45,645|[TRACE] graph - <----- statementPart
2021-11-19T10:23:45,645|[TRACE] graph - -----> statementPart
2021-11-19T10:23:45,645|[TRACE] graph - -------> nonSkippedChar
2021-11-19T10:23:45,645|[TRACE] script - #out(`T`) [token]
2021-11-19T10:23:45,645|[TRACE] graph - <------- nonSkippedChar
2021-11-19T10:23:45,645|[TRACE] graph - <----- statementPart
2021-11-19T10:23:45,645|[TRACE] graph - -----> statementPart
2021-11-19T10:23:45,645|[TRACE] graph - -------> nonSkippedSpace
2021-11-19T10:23:45,645|[TRACE] script - #out(` `) [token]
2021-11-19T10:23:45,645|[TRACE] graph - <------- nonSkippedSpace
2021-11-19T10:23:45,645|[TRACE] graph - <----- statementPart
2021-11-19T10:23:45,645|[TRACE] graph - -----> statementPart
2021-11-19T10:23:45,645|[TRACE] graph - -------> nonSkippedChar
2021-11-19T10:23:45,645|[TRACE] script - #out(`1`) [token]
2021-11-19T10:23:45,645|[TRACE] graph - <------- nonSkippedChar
2021-11-19T10:23:45,645|[TRACE] graph - <----- statementPart
2021-11-19T10:23:45,645|[TRACE] graph - -----> statementPart
2021-11-19T10:23:45,645|[TRACE] graph - -------> nonSkippedChar
2021-11-19T10:23:45,645|[TRACE] script - #out(`,`) [token]
2021-11-19T10:23:45,645|[TRACE] graph - <------- nonSkippedChar
2021-11-19T10:23:45,645|[TRACE] graph - <----- statementPart
2021-11-19T10:23:45,645|[TRACE] graph - -----> afterStatementPartNewline
2021-11-19T10:23:45,645|[TRACE] script - #out(` `) [text]
2021-11-19T10:23:45,645|[TRACE] graph - <----- afterStatementPartNewline
2021-11-19T10:23:45,645|[TRACE] graph - -----> statementPart
2021-11-19T10:23:45,645|[TRACE] graph - -------> nonSkippedSpace
2021-11-19T10:23:45,645|[TRACE] script - #out(` `) [token]
2021-11-19T10:23:45,645|[TRACE] graph - <------- nonSkippedSpace
2021-11-19T10:23:45,645|[TRACE] graph - <----- statementPart
2021-11-19T10:23:45,645|[TRACE] graph - -----> statementPart
2021-11-19T10:23:45,645|[TRACE] graph - -------> nonSkippedSpace
2021-11-19T10:23:45,645|[TRACE] script - #out(` `) [token]
2021-11-19T10:23:45,645|[TRACE] graph - <------- nonSkippedSpace
2021-11-19T10:23:45,645|[TRACE] graph - <----- statementPart
2021-11-19T10:23:45,645|[TRACE] graph - -----> statementPart
2021-11-19T10:23:45,645|[TRACE] graph - -------> nonSkippedChar
2021-11-19T10:23:45,645|[TRACE] script - #out(`P`) [token]
2021-11-19T10:23:45,645|[TRACE] graph - <------- nonSkippedChar
2021-11-19T10:23:45,645|[TRACE] graph - <----- statementPart
2021-11-19T10:23:45,645|[TRACE] graph - -----> statementPart
2021-11-19T10:23:45,645|[TRACE] graph - -------> nonSkippedChar
2021-11-19T10:23:45,645|[TRACE] script - #out(`R`) [token]
2021-11-19T10:23:45,645|[TRACE] graph - <------- nonSkippedChar
2021-11-19T10:23:45,645|[TRACE] graph - <----- statementPart
2021-11-19T10:23:45,645|[TRACE] graph - -----> statementPart
2021-11-19T10:23:45,645|[TRACE] graph - -------> nonSkippedChar
2021-11-19T10:23:45,645|[TRACE] script - #out(`I`) [token]
2021-11-19T10:23:45,645|[TRACE] graph - <------- nonSkippedChar
2021-11-19T10:23:45,645|[TRACE] graph - <----- statementPart
2021-11-19T10:23:45,645|[TRACE] graph - -----> statementPart
2021-11-19T10:23:45,645|[TRACE] graph - -------> nonSkippedChar
2021-11-19T10:23:45,645|[TRACE] script - #out(`M`) [token]
2021-11-19T10:23:45,645|[TRACE] graph - <------- nonSkippedChar
2021-11-19T10:23:45,645|[TRACE] graph - <----- statementPart
2021-11-19T10:23:45,645|[TRACE] graph - -----> statementPart
2021-11-19T10:23:45,646|[TRACE] graph - -------> nonSkippedChar
2021-11-19T10:23:45,646|[TRACE] script - #out(`A`) [token]
2021-11-19T10:23:45,646|[TRACE] graph - <------- nonSkippedChar
2021-11-19T10:23:45,646|[TRACE] graph - <----- statementPart
2021-11-19T10:23:45,646|[TRACE] graph - -----> statementPart
2021-11-19T10:23:45,646|[TRACE] graph - -------> nonSkippedChar
2021-11-19T10:23:45,646|[TRACE] script - #out(`R`) [token]
2021-11-19T10:23:45,646|[TRACE] graph - <------- nonSkippedChar
2021-11-19T10:23:45,646|[TRACE] graph - <----- statementPart
2021-11-19T10:23:45,646|[TRACE] graph - -----> statementPart
2021-11-19T10:23:45,646|[TRACE] graph - -------> nonSkippedChar
2021-11-19T10:23:45,646|[TRACE] script - #out(`Y`) [token]
2021-11-19T10:23:45,646|[TRACE] graph - <------- nonSkippedChar
2021-11-19T10:23:45,646|[TRACE] graph - <----- statementPart
2021-11-19T10:23:45,646|[TRACE] graph - -----> statementPart
2021-11-19T10:23:45,646|[TRACE] graph - -------> nonSkippedSpace
2021-11-19T10:23:45,646|[TRACE] script - #out(` `) [token]
2021-11-19T10:23:45,646|[TRACE] graph - <------- nonSkippedSpace
2021-11-19T10:23:45,646|[TRACE] graph - <----- statementPart
2021-11-19T10:23:45,646|[TRACE] graph - -----> statementPart
2021-11-19T10:23:45,646|[TRACE] graph - -------> nonSkippedChar
2021-11-19T10:23:45,646|[TRACE] script - #out(`K`) [token]
2021-11-19T10:23:45,646|[TRACE] graph - <------- nonSkippedChar
2021-11-19T10:23:45,646|[TRACE] graph - <----- statementPart
2021-11-19T10:23:45,646|[TRACE] graph - -----> statementPart
2021-11-19T10:23:45,646|[TRACE] graph - -------> nonSkippedChar
2021-11-19T10:23:45,646|[TRACE] script - #out(`E`) [token]
2021-11-19T10:23:45,646|[TRACE] graph - <------- nonSkippedChar
2021-11-19T10:23:45,646|[TRACE] graph - <----- statementPart
2021-11-19T10:23:45,646|[TRACE] graph - -----> statementPart
2021-11-19T10:23:45,646|[TRACE] graph - -------> nonSkippedChar
2021-11-19T10:23:45,646|[TRACE] script - #out(`Y`) [token]
2021-11-19T10:23:45,646|[TRACE] graph - <------- nonSkippedChar
2021-11-19T10:23:45,646|[TRACE] graph - <----- statementPart
2021-11-19T10:23:45,646|[TRACE] graph - -----> statementPart
2021-11-19T10:23:45,646|[TRACE] graph - -------> nonSkippedSpace
2021-11-19T10:23:45,646|[TRACE] script - #out(` `) [token]
2021-11-19T10:23:45,646|[TRACE] graph - <------- nonSkippedSpace
2021-11-19T10:23:45,646|[TRACE] graph - <----- statementPart
2021-11-19T10:23:45,646|[TRACE] graph - -----> statementPart
2021-11-19T10:23:45,646|[TRACE] graph - -------> nonSkippedChar
2021-11-19T10:23:45,646|[TRACE] script - #out(`(`) [token]
2021-11-19T10:23:45,646|[TRACE] graph - <------- nonSkippedChar
2021-11-19T10:23:45,646|[TRACE] graph - <----- statementPart
2021-11-19T10:23:45,646|[TRACE] graph - -----> statementPart
2021-11-19T10:23:45,646|[TRACE] graph - -------> quotedString
2021-11-19T10:23:45,646|[TRACE] script - #out(``donation_id``) [token]
2021-11-19T10:23:45,646|[TRACE] graph - <------- quotedString
2021-11-19T10:23:45,646|[TRACE] graph - <----- statementPart
2021-11-19T10:23:45,646|[TRACE] graph - -----> statementPart
2021-11-19T10:23:45,646|[TRACE] graph - -------> nonSkippedChar
2021-11-19T10:23:45,646|[TRACE] script - #out(`)`) [token]
2021-11-19T10:23:45,646|[TRACE] graph - <------- nonSkippedChar
2021-11-19T10:23:45,646|[TRACE] graph - <----- statementPart
2021-11-19T10:23:45,646|[TRACE] graph - -----> statementPart
2021-11-19T10:23:45,646|[TRACE] graph - -------> nonSkippedChar
2021-11-19T10:23:45,646|[TRACE] script - #out(`,`) [token]
2021-11-19T10:23:45,646|[TRACE] graph - <------- nonSkippedChar
2021-11-19T10:23:45,646|[TRACE] graph - <----- statementPart
2021-11-19T10:23:45,646|[TRACE] graph - -----> afterStatementPartNewline
2021-11-19T10:23:45,646|[TRACE] script - #out(` `) [text]
2021-11-19T10:23:45,646|[TRACE] graph - <----- afterStatementPartNewline
2021-11-19T10:23:45,646|[TRACE] graph - -----> statementPart
2021-11-19T10:23:45,646|[TRACE] graph - -------> nonSkippedSpace
2021-11-19T10:23:45,646|[TRACE] script - #out(` `) [token]
2021-11-19T10:23:45,646|[TRACE] graph - <------- nonSkippedSpace
2021-11-19T10:23:45,646|[TRACE] graph - <----- statementPart
2021-11-19T10:23:45,646|[TRACE] graph - -----> statementPart
2021-11-19T10:23:45,646|[TRACE] graph - -------> nonSkippedSpace
2021-11-19T10:23:45,646|[TRACE] script - #out(` `) [token]
2021-11-19T10:23:45,646|[TRACE] graph - <------- nonSkippedSpace
2021-11-19T10:23:45,646|[TRACE] graph - <----- statementPart
2021-11-19T10:23:45,646|[TRACE] graph - -----> statementPart
2021-11-19T10:23:45,646|[TRACE] graph - -------> nonSkippedChar
2021-11-19T10:23:45,646|[TRACE] script - #out(`I`) [token]
2021-11-19T10:23:45,646|[TRACE] graph - <------- nonSkippedChar
2021-11-19T10:23:45,646|[TRACE] graph - <----- statementPart
2021-11-19T10:23:45,646|[TRACE] graph - -----> statementPart
2021-11-19T10:23:45,646|[TRACE] graph - -------> nonSkippedChar
2021-11-19T10:23:45,646|[TRACE] script - #out(`N`) [token]
2021-11-19T10:23:45,646|[TRACE] graph - <------- nonSkippedChar
2021-11-19T10:23:45,646|[TRACE] graph - <----- statementPart
2021-11-19T10:23:45,646|[TRACE] graph - -----> statementPart
2021-11-19T10:23:45,646|[TRACE] graph - -------> nonSkippedChar
2021-11-19T10:23:45,646|[TRACE] script - #out(`D`) [token]
2021-11-19T10:23:45,646|[TRACE] graph - <------- nonSkippedChar
2021-11-19T10:23:45,646|[TRACE] graph - <----- statementPart
2021-11-19T10:23:45,646|[TRACE] graph - -----> statementPart
2021-11-19T10:23:45,646|[TRACE] graph - -------> nonSkippedChar
2021-11-19T10:23:45,646|[TRACE] script - #out(`E`) [token]
2021-11-19T10:23:45,646|[TRACE] graph - <------- nonSkippedChar
2021-11-19T10:23:45,646|[TRACE] graph - <----- statementPart
2021-11-19T10:23:45,646|[TRACE] graph - -----> statementPart
2021-11-19T10:23:45,646|[TRACE] graph - -------> nonSkippedChar
2021-11-19T10:23:45,646|[TRACE] script - #out(`X`) [token]
2021-11-19T10:23:45,646|[TRACE] graph - <------- nonSkippedChar
2021-11-19T10:23:45,646|[TRACE] graph - <----- statementPart
2021-11-19T10:23:45,646|[TRACE] graph - -----> statementPart
2021-11-19T10:23:45,646|[TRACE] graph - -------> nonSkippedSpace
2021-11-19T10:23:45,646|[TRACE] script - #out(` `) [token]
2021-11-19T10:23:45,646|[TRACE] graph - <------- nonSkippedSpace
2021-11-19T10:23:45,646|[TRACE] graph - <----- statementPart
2021-11-19T10:23:45,646|[TRACE] graph - -----> statementPart
2021-11-19T10:23:45,646|[TRACE] graph - -------> quotedString
2021-11-19T10:23:45,646|[TRACE] script - #out(``fk_blood_donation_blood_bank1_idx``) [token]
2021-11-19T10:23:45,646|[TRACE] graph - <------- quotedString
2021-11-19T10:23:45,646|[TRACE] graph - <----- statementPart
2021-11-19T10:23:45,646|[TRACE] graph - -----> statementPart
2021-11-19T10:23:45,646|[TRACE] graph - -------> nonSkippedSpace
2021-11-19T10:23:45,646|[TRACE] script - #out(` `) [token]
2021-11-19T10:23:45,646|[TRACE] graph - <------- nonSkippedSpace
2021-11-19T10:23:45,646|[TRACE] graph - <----- statementPart
2021-11-19T10:23:45,646|[TRACE] graph - -----> statementPart
2021-11-19T10:23:45,646|[TRACE] graph - -------> nonSkippedChar
2021-11-19T10:23:45,646|[TRACE] script - #out(`(`) [token]
2021-11-19T10:23:45,646|[TRACE] graph - <------- nonSkippedChar
2021-11-19T10:23:45,646|[TRACE] graph - <----- statementPart
2021-11-19T10:23:45,646|[TRACE] graph - -----> statementPart
2021-11-19T10:23:45,646|[TRACE] graph - -------> quotedString
2021-11-19T10:23:45,646|[TRACE] script - #out(``bank_id``) [token]
2021-11-19T10:23:45,646|[TRACE] graph - <------- quotedString
2021-11-19T10:23:45,646|[TRACE] graph - <----- statementPart
2021-11-19T10:23:45,646|[TRACE] graph - -----> statementPart
2021-11-19T10:23:45,646|[TRACE] graph - -------> nonSkippedSpace
2021-11-19T10:23:45,646|[TRACE] script - #out(` `) [token]
2021-11-19T10:23:45,646|[TRACE] graph - <------- nonSkippedSpace
2021-11-19T10:23:45,646|[TRACE] graph - <----- statementPart
2021-11-19T10:23:45,646|[TRACE] graph - -----> statementPart
2021-11-19T10:23:45,646|[TRACE] graph - -------> nonSkippedChar
2021-11-19T10:23:45,646|[TRACE] script - #out(`A`) [token]
2021-11-19T10:23:45,646|[TRACE] graph - <------- nonSkippedChar
2021-11-19T10:23:45,646|[TRACE] graph - <----- statementPart
2021-11-19T10:23:45,646|[TRACE] graph - -----> statementPart
2021-11-19T10:23:45,646|[TRACE] graph - -------> nonSkippedChar
2021-11-19T10:23:45,646|[TRACE] script - #out(`S`) [token]
2021-11-19T10:23:45,646|[TRACE] graph - <------- nonSkippedChar
2021-11-19T10:23:45,646|[TRACE] graph - <----- statementPart
2021-11-19T10:23:45,646|[TRACE] graph - -----> statementPart
2021-11-19T10:23:45,646|[TRACE] graph - -------> nonSkippedChar
2021-11-19T10:23:45,646|[TRACE] script - #out(`C`) [token]
2021-11-19T10:23:45,646|[TRACE] graph - <------- nonSkippedChar
2021-11-19T10:23:45,646|[TRACE] graph - <----- statementPart
2021-11-19T10:23:45,646|[TRACE] graph - -----> statementPart
2021-11-19T10:23:45,646|[TRACE] graph - -------> nonSkippedChar
2021-11-19T10:23:45,646|[TRACE] script - #out(`)`) [token]
2021-11-19T10:23:45,646|[TRACE] graph - <------- nonSkippedChar
2021-11-19T10:23:45,646|[TRACE] graph - <----- statementPart
2021-11-19T10:23:45,646|[TRACE] graph - -----> statementPart
2021-11-19T10:23:45,646|[TRACE] graph - -------> nonSkippedSpace
2021-11-19T10:23:45,646|[TRACE] script - #out(` `) [token]
2021-11-19T10:23:45,646|[TRACE] graph - <------- nonSkippedSpace
2021-11-19T10:23:45,646|[TRACE] graph - <----- statementPart
2021-11-19T10:23:45,646|[TRACE] graph - -----> statementPart
2021-11-19T10:23:45,646|[TRACE] graph - -------> nonSkippedChar
2021-11-19T10:23:45,646|[TRACE] script - #out(`V`) [token]
2021-11-19T10:23:45,646|[TRACE] graph - <------- nonSkippedChar
2021-11-19T10:23:45,646|[TRACE] graph - <----- statementPart
2021-11-19T10:23:45,646|[TRACE] graph - -----> statementPart
2021-11-19T10:23:45,646|[TRACE] graph - -------> nonSkippedChar
2021-11-19T10:23:45,652|[TRACE] script - #out(`I`) [token]
2021-11-19T10:23:45,652|[TRACE] graph - <------- nonSkippedChar
2021-11-19T10:23:45,652|[TRACE] graph - <----- statementPart
2021-11-19T10:23:45,652|[TRACE] graph - -----> statementPart
2021-11-19T10:23:45,652|[TRACE] graph - -------> nonSkippedChar
2021-11-19T10:23:45,652|[TRACE] script - #out(`S`) [token]
2021-11-19T10:23:45,652|[TRACE] graph - <------- nonSkippedChar
2021-11-19T10:23:45,652|[TRACE] graph - <----- statementPart
2021-11-19T10:23:45,652|[TRACE] graph - -----> statementPart
2021-11-19T10:23:45,652|[TRACE] graph - -------> nonSkippedChar
2021-11-19T10:23:45,652|[TRACE] script - #out(`I`) [token]
2021-11-19T10:23:45,652|[TRACE] graph - <------- nonSkippedChar
2021-11-19T10:23:45,652|[TRACE] graph - <----- statementPart
2021-11-19T10:23:45,652|[TRACE] graph - -----> statementPart
2021-11-19T10:23:45,652|[TRACE] graph - -------> nonSkippedChar
2021-11-19T10:23:45,652|[TRACE] script - #out(`B`) [token]
2021-11-19T10:23:45,652|[TRACE] graph - <------- nonSkippedChar
2021-11-19T10:23:45,652|[TRACE] graph - <----- statementPart
2021-11-19T10:23:45,652|[TRACE] graph - -----> statementPart
2021-11-19T10:23:45,652|[TRACE] graph - -------> nonSkippedChar
2021-11-19T10:23:45,652|[TRACE] script - #out(`L`) [token]
2021-11-19T10:23:45,652|[TRACE] graph - <------- nonSkippedChar
2021-11-19T10:23:45,652|[TRACE] graph - <----- statementPart
2021-11-19T10:23:45,652|[TRACE] graph - -----> statementPart
2021-11-19T10:23:45,652|[TRACE] graph - -------> nonSkippedChar
2021-11-19T10:23:45,652|[TRACE] script - #out(`E`) [token]
2021-11-19T10:23:45,652|[TRACE] graph - <------- nonSkippedChar
2021-11-19T10:23:45,652|[TRACE] graph - <----- statementPart
2021-11-19T10:23:45,652|[TRACE] graph - -----> statementPart
2021-11-19T10:23:45,652|[TRACE] graph - -------> nonSkippedChar
2021-11-19T10:23:45,652|[TRACE] script - #out(`,`) [token]
2021-11-19T10:23:45,652|[TRACE] graph - <------- nonSkippedChar
2021-11-19T10:23:45,652|[TRACE] graph - <----- statementPart
2021-11-19T10:23:45,652|[TRACE] graph - -----> afterStatementPartNewline
2021-11-19T10:23:45,652|[TRACE] script - #out(` `) [text]
2021-11-19T10:23:45,652|[TRACE] graph - <----- afterStatementPartNewline
2021-11-19T10:23:45,652|[TRACE] graph - -----> statementPart
2021-11-19T10:23:45,652|[TRACE] graph - -------> nonSkippedSpace
2021-11-19T10:23:45,652|[TRACE] script - #out(` `) [token]
2021-11-19T10:23:45,652|[TRACE] graph - <------- nonSkippedSpace
2021-11-19T10:23:45,652|[TRACE] graph - <----- statementPart
2021-11-19T10:23:45,652|[TRACE] graph - -----> statementPart
2021-11-19T10:23:45,652|[TRACE] graph - -------> nonSkippedSpace
2021-11-19T10:23:45,652|[TRACE] script - #out(` `) [token]
2021-11-19T10:23:45,652|[TRACE] graph - <------- nonSkippedSpace
2021-11-19T10:23:45,652|[TRACE] graph - <----- statementPart
2021-11-19T10:23:45,653|[TRACE] graph - -----> statementPart
2021-11-19T10:23:45,653|[TRACE] graph - -------> nonSkippedChar
2021-11-19T10:23:45,653|[TRACE] script - #out(`C`) [token]
2021-11-19T10:23:45,653|[TRACE] graph - <------- nonSkippedChar
2021-11-19T10:23:45,653|[TRACE] graph - <----- statementPart
2021-11-19T10:23:45,653|[TRACE] graph - -----> statementPart
2021-11-19T10:23:45,653|[TRACE] graph - -------> nonSkippedChar
2021-11-19T10:23:45,653|[TRACE] script - #out(`O`) [token]
2021-11-19T10:23:45,653|[TRACE] graph - <------- nonSkippedChar
2021-11-19T10:23:45,653|[TRACE] graph - <----- statementPart
2021-11-19T10:23:45,653|[TRACE] graph - -----> statementPart
2021-11-19T10:23:45,653|[TRACE] graph - -------> nonSkippedChar
2021-11-19T10:23:45,653|[TRACE] script - #out(`N`) [token]
2021-11-19T10:23:45,653|[TRACE] graph - <------- nonSkippedChar
2021-11-19T10:23:45,653|[TRACE] graph - <----- statementPart
2021-11-19T10:23:45,653|[TRACE] graph - -----> statementPart
2021-11-19T10:23:45,653|[TRACE] graph - -------> nonSkippedChar
2021-11-19T10:23:45,653|[TRACE] script - #out(`S`) [token]
2021-11-19T10:23:45,653|[TRACE] graph - <------- nonSkippedChar
2021-11-19T10:23:45,653|[TRACE] graph - <----- statementPart
2021-11-19T10:23:45,653|[TRACE] graph - -----> statementPart
2021-11-19T10:23:45,653|[TRACE] graph - -------> nonSkippedChar
2021-11-19T10:23:45,653|[TRACE] script - #out(`T`) [token]
2021-11-19T10:23:45,653|[TRACE] graph - <------- nonSkippedChar
2021-11-19T10:23:45,653|[TRACE] graph - <----- statementPart
2021-11-19T10:23:45,653|[TRACE] graph - -----> statementPart
2021-11-19T10:23:45,653|[TRACE] graph - -------> nonSkippedChar
2021-11-19T10:23:45,653|[TRACE] script - #out(`R`) [token]
2021-11-19T10:23:45,653|[TRACE] graph - <------- nonSkippedChar
2021-11-19T10:23:45,653|[TRACE] graph - <----- statementPart
2021-11-19T10:23:45,653|[TRACE] graph - -----> statementPart
2021-11-19T10:23:45,653|[TRACE] graph - -------> nonSkippedChar
2021-11-19T10:23:45,653|[TRACE] script - #out(`A`) [token]
2021-11-19T10:23:45,653|[TRACE] graph - <------- nonSkippedChar
2021-11-19T10:23:45,653|[TRACE] graph - <----- statementPart
2021-11-19T10:23:45,653|[TRACE] graph - -----> statementPart
2021-11-19T10:23:45,653|[TRACE] graph - -------> nonSkippedChar
2021-11-19T10:23:45,653|[TRACE] script - #out(`I`) [token]
2021-11-19T10:23:45,653|[TRACE] graph - <------- nonSkippedChar
2021-11-19T10:23:45,653|[TRACE] graph - <----- statementPart
2021-11-19T10:23:45,653|[TRACE] graph - -----> statementPart
2021-11-19T10:23:45,653|[TRACE] graph - -------> nonSkippedChar
2021-11-19T10:23:45,653|[TRACE] script - #out(`N`) [token]
2021-11-19T10:23:45,653|[TRACE] graph - <------- nonSkippedChar
2021-11-19T10:23:45,653|[TRACE] graph - <----- statementPart
2021-11-19T10:23:45,653|[TRACE] graph - -----> statementPart
2021-11-19T10:23:45,653|[TRACE] graph - -------> nonSkippedChar
2021-11-19T10:23:45,653|[TRACE] script - #out(`T`) [token]
2021-11-19T10:23:45,653|[TRACE] graph - <------- nonSkippedChar
2021-11-19T10:23:45,653|[TRACE] graph - <----- statementPart
2021-11-19T10:23:45,653|[TRACE] graph - -----> statementPart
2021-11-19T10:23:45,653|[TRACE] graph - -------> nonSkippedSpace
2021-11-19T10:23:45,653|[TRACE] script - #out(` `) [token]
2021-11-19T10:23:45,653|[TRACE] graph - <------- nonSkippedSpace
2021-11-19T10:23:45,653|[TRACE] graph - <----- statementPart
2021-11-19T10:23:45,653|[TRACE] graph - -----> statementPart
2021-11-19T10:23:45,653|[TRACE] graph - -------> quotedString
2021-11-19T10:23:45,653|[TRACE] script - #out(``fk_blood_donation_blood_bank1``) [token]
2021-11-19T10:23:45,653|[TRACE] graph - <------- quotedString
2021-11-19T10:23:45,653|[TRACE] graph - <----- statementPart
2021-11-19T10:23:45,653|[TRACE] graph - -----> afterStatementPartNewline
2021-11-19T10:23:45,653|[TRACE] script - #out(` `) [text]
2021-11-19T10:23:45,653|[TRACE] graph - <----- afterStatementPartNewline
2021-11-19T10:23:45,653|[TRACE] graph - -----> statementPart
2021-11-19T10:23:45,653|[TRACE] graph - -------> nonSkippedSpace
2021-11-19T10:23:45,653|[TRACE] script - #out(` `) [token]
2021-11-19T10:23:45,653|[TRACE] graph - <------- nonSkippedSpace
2021-11-19T10:23:45,653|[TRACE] graph - <----- statementPart
2021-11-19T10:23:45,653|[TRACE] graph - -----> statementPart
2021-11-19T10:23:45,653|[TRACE] graph - -------> nonSkippedSpace
2021-11-19T10:23:45,653|[TRACE] script - #out(` `) [token]
2021-11-19T10:23:45,653|[TRACE] graph - <------- nonSkippedSpace
2021-11-19T10:23:45,653|[TRACE] graph - <----- statementPart
2021-11-19T10:23:45,653|[TRACE] graph - -----> statementPart
2021-11-19T10:23:45,653|[TRACE] graph - -------> nonSkippedSpace
2021-11-19T10:23:45,653|[TRACE] script - #out(` `) [token]
2021-11-19T10:23:45,653|[TRACE] graph - <------- nonSkippedSpace
2021-11-19T10:23:45,653|[TRACE] graph - <----- statementPart
2021-11-19T10:23:45,653|[TRACE] graph - -----> statementPart
2021-11-19T10:23:45,653|[TRACE] graph - -------> nonSkippedSpace
2021-11-19T10:23:45,653|[TRACE] script - #out(` `) [token]
2021-11-19T10:23:45,653|[TRACE] graph - <------- nonSkippedSpace
2021-11-19T10:23:45,653|[TRACE] graph - <----- statementPart
2021-11-19T10:23:45,653|[TRACE] graph - -----> statementPart
2021-11-19T10:23:45,653|[TRACE] graph - -------> nonSkippedChar
2021-11-19T10:23:45,653|[TRACE] script - #out(`F`) [token]
2021-11-19T10:23:45,653|[TRACE] graph - <------- nonSkippedChar
2021-11-19T10:23:45,653|[TRACE] graph - <----- statementPart
2021-11-19T10:23:45,653|[TRACE] graph - -----> statementPart
2021-11-19T10:23:45,653|[TRACE] graph - -------> nonSkippedChar
2021-11-19T10:23:45,653|[TRACE] script - #out(`O`) [token]
2021-11-19T10:23:45,653|[TRACE] graph - <------- nonSkippedChar
2021-11-19T10:23:45,653|[TRACE] graph - <----- statementPart
2021-11-19T10:23:45,653|[TRACE] graph - -----> statementPart
2021-11-19T10:23:45,653|[TRACE] graph - -------> nonSkippedChar
2021-11-19T10:23:45,653|[TRACE] script - #out(`R`) [token]
2021-11-19T10:23:45,653|[TRACE] graph - <------- nonSkippedChar
2021-11-19T10:23:45,653|[TRACE] graph - <----- statementPart
2021-11-19T10:23:45,653|[TRACE] graph - -----> statementPart
2021-11-19T10:23:45,653|[TRACE] graph - -------> nonSkippedChar
2021-11-19T10:23:45,653|[TRACE] script - #out(`E`) [token]
2021-11-19T10:23:45,653|[TRACE] graph - <------- nonSkippedChar
2021-11-19T10:23:45,653|[TRACE] graph - <----- statementPart
2021-11-19T10:23:45,653|[TRACE] graph - -----> statementPart
2021-11-19T10:23:45,653|[TRACE] graph - -------> nonSkippedChar
2021-11-19T10:23:45,653|[TRACE] script - #out(`I`) [token]
2021-11-19T10:23:45,653|[TRACE] graph - <------- nonSkippedChar
2021-11-19T10:23:45,653|[TRACE] graph - <----- statementPart
2021-11-19T10:23:45,653|[TRACE] graph - -----> statementPart
2021-11-19T10:23:45,653|[TRACE] graph - -------> nonSkippedChar
2021-11-19T10:23:45,653|[TRACE] script - #out(`G`) [token]
2021-11-19T10:23:45,653|[TRACE] graph - <------- nonSkippedChar
2021-11-19T10:23:45,653|[TRACE] graph - <----- statementPart
2021-11-19T10:23:45,653|[TRACE] graph - -----> statementPart
2021-11-19T10:23:45,653|[TRACE] graph - -------> nonSkippedChar
2021-11-19T10:23:45,653|[TRACE] script - #out(`N`) [token]
2021-11-19T10:23:45,653|[TRACE] graph - <------- nonSkippedChar
2021-11-19T10:23:45,653|[TRACE] graph - <----- statementPart
2021-11-19T10:23:45,653|[TRACE] graph - -----> statementPart
2021-11-19T10:23:45,653|[TRACE] graph - -------> nonSkippedSpace
2021-11-19T10:23:45,653|[TRACE] script - #out(` `) [token]
2021-11-19T10:23:45,653|[TRACE] graph - <------- nonSkippedSpace
2021-11-19T10:23:45,653|[TRACE] graph - <----- statementPart
2021-11-19T10:23:45,653|[TRACE] graph - -----> statementPart
2021-11-19T10:23:45,653|[TRACE] graph - -------> nonSkippedChar
2021-11-19T10:23:45,653|[TRACE] script - #out(`K`) [token]
2021-11-19T10:23:45,653|[TRACE] graph - <------- nonSkippedChar
2021-11-19T10:23:45,654|[TRACE] graph - <----- statementPart
2021-11-19T10:23:45,654|[TRACE] graph - -----> statementPart
2021-11-19T10:23:45,654|[TRACE] graph - -------> nonSkippedChar
2021-11-19T10:23:45,654|[TRACE] script - #out(`E`) [token]
2021-11-19T10:23:45,654|[TRACE] graph - <------- nonSkippedChar
2021-11-19T10:23:45,654|[TRACE] graph - <----- statementPart
2021-11-19T10:23:45,654|[TRACE] graph - -----> statementPart
2021-11-19T10:23:45,654|[TRACE] graph - -------> nonSkippedChar
2021-11-19T10:23:45,654|[TRACE] script - #out(`Y`) [token]
2021-11-19T10:23:45,654|[TRACE] graph - <------- nonSkippedChar
2021-11-19T10:23:45,654|[TRACE] graph - <----- statementPart
2021-11-19T10:23:45,654|[TRACE] graph - -----> statementPart
2021-11-19T10:23:45,654|[TRACE] graph - -------> nonSkippedSpace
2021-11-19T10:23:45,654|[TRACE] script - #out(` `) [token]
2021-11-19T10:23:45,654|[TRACE] graph - <------- nonSkippedSpace
2021-11-19T10:23:45,654|[TRACE] graph - <----- statementPart
2021-11-19T10:23:45,654|[TRACE] graph - -----> statementPart
2021-11-19T10:23:45,654|[TRACE] graph - -------> nonSkippedChar
2021-11-19T10:23:45,654|[TRACE] script - #out(`(`) [token]
2021-11-19T10:23:45,654|[TRACE] graph - <------- nonSkippedChar
2021-11-19T10:23:45,654|[TRACE] graph - <----- statementPart
2021-11-19T10:23:45,654|[TRACE] graph - -----> statementPart
2021-11-19T10:23:45,654|[TRACE] graph - -------> quotedString
2021-11-19T10:23:45,654|[TRACE] script - #out(``bank_id``) [token]
2021-11-19T10:23:45,654|[TRACE] graph - <------- quotedString
2021-11-19T10:23:45,654|[TRACE] graph - <----- statementPart
2021-11-19T10:23:45,654|[TRACE] graph - -----> statementPart
2021-11-19T10:23:45,793|[TRACE] graph - -------> nonSkippedChar
2021-11-19T10:23:45,793|[TRACE] script - #out(`)`) [token]
2021-11-19T10:23:45,793|[TRACE] graph - <------- nonSkippedChar
2021-11-19T10:23:45,793|[TRACE] graph - <----- statementPart
2021-11-19T10:23:45,793|[TRACE] graph - -----> afterStatementPartNewline
2021-11-19T10:23:45,793|[TRACE] script - #out(` `) [text]
2021-11-19T10:23:45,793|[TRACE] graph - <----- afterStatementPartNewline
2021-11-19T10:23:45,793|[TRACE] graph - -----> statementPart
2021-11-19T10:23:45,793|[TRACE] graph - -------> nonSkippedSpace
2021-11-19T10:23:45,793|[TRACE] script - #out(` `) [token]
2021-11-19T10:23:45,793|[TRACE] graph - <------- nonSkippedSpace
2021-11-19T10:23:45,793|[TRACE] graph - <----- statementPart
2021-11-19T10:23:45,793|[TRACE] graph - -----> statementPart
2021-11-19T10:23:45,793|[TRACE] graph - -------> nonSkippedSpace
2021-11-19T10:23:45,793|[TRACE] script - #out(` `) [token]
2021-11-19T10:23:45,793|[TRACE] graph - <------- nonSkippedSpace
2021-11-19T10:23:45,793|[TRACE] graph - <----- statementPart
2021-11-19T10:23:45,793|[TRACE] graph - -----> statementPart
2021-11-19T10:23:45,793|[TRACE] graph - -------> nonSkippedSpace
2021-11-19T10:23:45,793|[TRACE] script - #out(` `) [token]
2021-11-19T10:23:45,793|[TRACE] graph - <------- nonSkippedSpace
2021-11-19T10:23:45,793|[TRACE] graph - <----- statementPart
2021-11-19T10:23:45,793|[TRACE] graph - -----> statementPart
2021-11-19T10:23:45,793|[TRACE] graph - -------> nonSkippedSpace
2021-11-19T10:23:45,793|[TRACE] script - #out(` `) [token]
2021-11-19T10:23:45,793|[TRACE] graph - <------- nonSkippedSpace
2021-11-19T10:23:45,793|[TRACE] graph - <----- statementPart
2021-11-19T10:23:45,793|[TRACE] graph - -----> statementPart
2021-11-19T10:23:45,793|[TRACE] graph - -------> nonSkippedChar
2021-11-19T10:23:45,793|[TRACE] script - #out(`R`) [token]
2021-11-19T10:23:45,793|[TRACE] graph - <------- nonSkippedChar
2021-11-19T10:23:45,793|[TRACE] graph - <----- statementPart
2021-11-19T10:23:45,793|[TRACE] graph - -----> statementPart
2021-11-19T10:23:45,793|[TRACE] graph - -------> nonSkippedChar
2021-11-19T10:23:45,793|[TRACE] script - #out(`E`) [token]
2021-11-19T10:23:45,793|[TRACE] graph - <------- nonSkippedChar
2021-11-19T10:23:45,793|[TRACE] graph - <----- statementPart
2021-11-19T10:23:45,793|[TRACE] graph - -----> statementPart
2021-11-19T10:23:45,793|[TRACE] graph - -------> nonSkippedChar
2021-11-19T10:23:45,793|[TRACE] script - #out(`F`) [token]
2021-11-19T10:23:45,793|[TRACE] graph - <------- nonSkippedChar
2021-11-19T10:23:45,793|[TRACE] graph - <----- statementPart
2021-11-19T10:23:45,793|[TRACE] graph - -----> statementPart
2021-11-19T10:23:45,793|[TRACE] graph - -------> nonSkippedChar
2021-11-19T10:23:45,793|[TRACE] script - #out(`E`) [token]
2021-11-19T10:23:45,793|[TRACE] graph - <------- nonSkippedChar
2021-11-19T10:23:45,793|[TRACE] graph - <----- statementPart
2021-11-19T10:23:45,793|[TRACE] graph - -----> statementPart
2021-11-19T10:23:45,793|[TRACE] graph - -------> nonSkippedChar
2021-11-19T10:23:45,793|[TRACE] script - #out(`R`) [token]
2021-11-19T10:23:45,793|[TRACE] graph - <------- nonSkippedChar
2021-11-19T10:23:45,793|[TRACE] graph - <----- statementPart
2021-11-19T10:23:45,793|[TRACE] graph - -----> statementPart
2021-11-19T10:23:45,793|[TRACE] graph - -------> nonSkippedChar
2021-11-19T10:23:45,793|[TRACE] script - #out(`E`) [token]
2021-11-19T10:23:45,793|[TRACE] graph - <------- nonSkippedChar
2021-11-19T10:23:45,793|[TRACE] graph - <----- statementPart
2021-11-19T10:23:45,793|[TRACE] graph - -----> statementPart
2021-11-19T10:23:45,793|[TRACE] graph - -------> nonSkippedChar
2021-11-19T10:23:45,793|[TRACE] script - #out(`N`) [token]
2021-11-19T10:23:45,793|[TRACE] graph - <------- nonSkippedChar
2021-11-19T10:23:45,793|[TRACE] graph - <----- statementPart
2021-11-19T10:23:45,793|[TRACE] graph - -----> statementPart
2021-11-19T10:23:45,793|[TRACE] graph - -------> nonSkippedChar
2021-11-19T10:23:45,793|[TRACE] script - #out(`C`) [token]
2021-11-19T10:23:45,793|[TRACE] graph - <------- nonSkippedChar
2021-11-19T10:23:45,793|[TRACE] graph - <----- statementPart
2021-11-19T10:23:45,793|[TRACE] graph - -----> statementPart
2021-11-19T10:23:45,793|[TRACE] graph - -------> nonSkippedChar
2021-11-19T10:23:45,793|[TRACE] script - #out(`E`) [token]
2021-11-19T10:23:45,793|[TRACE] graph - <------- nonSkippedChar
2021-11-19T10:23:45,793|[TRACE] graph - <----- statementPart
2021-11-19T10:23:45,793|[TRACE] graph - -----> statementPart
2021-11-19T10:23:45,793|[TRACE] graph - -------> nonSkippedChar
2021-11-19T10:23:45,793|[TRACE] script - #out(`S`) [token]
2021-11-19T10:23:45,793|[TRACE] graph - <------- nonSkippedChar
2021-11-19T10:23:45,793|[TRACE] graph - <----- statementPart
2021-11-19T10:23:45,793|[TRACE] graph - -----> statementPart
2021-11-19T10:23:45,793|[TRACE] graph - -------> nonSkippedSpace
2021-11-19T10:23:45,793|[TRACE] script - #out(` `) [token]
2021-11-19T10:23:45,793|[TRACE] graph - <------- nonSkippedSpace
2021-11-19T10:23:45,793|[TRACE] graph - <----- statementPart
2021-11-19T10:23:45,793|[TRACE] graph - -----> statementPart
2021-11-19T10:23:45,793|[TRACE] graph - -------> quotedString
2021-11-19T10:23:45,793|[TRACE] script - #out(``bloodbank``) [token]
2021-11-19T10:23:45,793|[TRACE] graph - <------- quotedString
2021-11-19T10:23:45,793|[TRACE] graph - <----- statementPart
2021-11-19T10:23:45,793|[TRACE] graph - -----> statementPart
2021-11-19T10:23:45,793|[TRACE] graph - -------> nonSkippedChar
2021-11-19T10:23:45,793|[TRACE] script - #out(`.`) [token]
2021-11-19T10:23:45,793|[TRACE] graph - <------- nonSkippedChar
2021-11-19T10:23:45,793|[TRACE] graph - <----- statementPart
2021-11-19T10:23:45,793|[TRACE] graph - -----> statementPart
2021-11-19T10:23:45,793|[TRACE] graph - -------> quotedString
2021-11-19T10:23:45,793|[TRACE] script - #out(``blood_bank``) [token]
2021-11-19T10:23:45,794|[TRACE] graph - <------- quotedString
2021-11-19T10:23:45,794|[TRACE] graph - <----- statementPart
2021-11-19T10:23:45,794|[TRACE] graph - -----> statementPart
2021-11-19T10:23:45,794|[TRACE] graph - -------> nonSkippedSpace
2021-11-19T10:23:45,794|[TRACE] script - #out(` `) [token]
2021-11-19T10:23:45,794|[TRACE] graph - <------- nonSkippedSpace
2021-11-19T10:23:45,794|[TRACE] graph - <----- statementPart
2021-11-19T10:23:45,794|[TRACE] graph - -----> statementPart
2021-11-19T10:23:45,794|[TRACE] graph - -------> nonSkippedChar
2021-11-19T10:23:45,794|[TRACE] script - #out(`(`) [token]
2021-11-19T10:23:45,794|[TRACE] graph - <------- nonSkippedChar
2021-11-19T10:23:45,794|[TRACE] graph - <----- statementPart
2021-11-19T10:23:45,794|[TRACE] graph - -----> statementPart
2021-11-19T10:23:45,794|[TRACE] graph - -------> quotedString
2021-11-19T10:23:45,794|[TRACE] script - #out(``bank_id``) [token]
2021-11-19T10:23:45,794|[TRACE] graph - <------- quotedString
2021-11-19T10:23:45,794|[TRACE] graph - <----- statementPart
2021-11-19T10:23:45,794|[TRACE] graph - -----> statementPart
2021-11-19T10:23:45,794|[TRACE] graph - -------> nonSkippedChar
2021-11-19T10:23:45,794|[TRACE] script - #out(`)`) [token]
2021-11-19T10:23:45,794|[TRACE] graph - <------- nonSkippedChar
2021-11-19T10:23:45,794|[TRACE] graph - <----- statementPart
2021-11-19T10:23:45,794|[TRACE] graph - -----> afterStatementPartNewline
2021-11-19T10:23:45,794|[TRACE] script - #out(` `) [text]
2021-11-19T10:23:45,794|[TRACE] graph - <----- afterStatementPartNewline
2021-11-19T10:23:45,794|[TRACE] graph - -----> statementPart
2021-11-19T10:23:45,794|[TRACE] graph - -------> nonSkippedSpace
2021-11-19T10:23:45,794|[TRACE] script - #out(` `) [token]
2021-11-19T10:23:45,794|[TRACE] graph - <------- nonSkippedSpace
2021-11-19T10:23:45,794|[TRACE] graph - <----- statementPart
2021-11-19T10:23:45,794|[TRACE] graph - -----> statementPart
2021-11-19T10:23:45,794|[TRACE] graph - -------> nonSkippedSpace
2021-11-19T10:23:45,794|[TRACE] script - #out(` `) [token]
2021-11-19T10:23:45,794|[TRACE] graph - <------- nonSkippedSpace
2021-11-19T10:23:45,794|[TRACE] graph - <----- statementPart
2021-11-19T10:23:45,794|[TRACE] graph - -----> statementPart
2021-11-19T10:23:45,794|[TRACE] graph - -------> nonSkippedSpace
2021-11-19T10:23:45,794|[TRACE] script - #out(` `) [token]
2021-11-19T10:23:45,794|[TRACE] graph - <------- nonSkippedSpace
2021-11-19T10:23:45,794|[TRACE] graph - <----- statementPart
2021-11-19T10:23:45,794|[TRACE] graph - -----> statementPart
2021-11-19T10:23:45,794|[TRACE] graph - -------> nonSkippedSpace
2021-11-19T10:23:45,794|[TRACE] script - #out(` `) [token]
2021-11-19T10:23:45,794|[TRACE] graph - <------- nonSkippedSpace
2021-11-19T10:23:45,794|[TRACE] graph - <----- statementPart
2021-11-19T10:23:45,794|[TRACE] graph - -----> statementPart
2021-11-19T10:23:45,794|[TRACE] graph - -------> nonSkippedChar
2021-11-19T10:23:45,794|[TRACE] script - #out(`O`) [token]
2021-11-19T10:23:45,794|[TRACE] graph - <------- nonSkippedChar
2021-11-19T10:23:45,794|[TRACE] graph - <----- statementPart
2021-11-19T10:23:45,794|[TRACE] graph - -----> statementPart
2021-11-19T10:23:45,794|[TRACE] graph - -------> nonSkippedChar
2021-11-19T10:23:45,794|[TRACE] script - #out(`N`) [token]
2021-11-19T10:23:45,794|[TRACE] graph - <------- nonSkippedChar
2021-11-19T10:23:45,794|[TRACE] graph - <----- statementPart
2021-11-19T10:23:45,794|[TRACE] graph - -----> statementPart
2021-11-19T10:23:45,794|[TRACE] graph - -------> nonSkippedSpace
2021-11-19T10:23:45,794|[TRACE] script - #out(` `) [token]
2021-11-19T10:23:45,794|[TRACE] graph - <------- nonSkippedSpace
2021-11-19T10:23:45,794|[TRACE] graph - <----- statementPart
2021-11-19T10:23:45,794|[TRACE] graph - -----> statementPart
2021-11-19T10:23:45,794|[TRACE] graph - -------> nonSkippedChar
2021-11-19T10:23:45,794|[TRACE] script - #out(`D`) [token]
2021-11-19T10:23:45,794|[TRACE] graph - <------- nonSkippedChar
2021-11-19T10:23:45,794|[TRACE] graph - <----- statementPart
2021-11-19T10:23:45,794|[TRACE] graph - -----> statementPart
2021-11-19T10:23:45,794|[TRACE] graph - -------> nonSkippedChar
2021-11-19T10:23:45,794|[TRACE] script - #out(`E`) [token]
2021-11-19T10:23:45,794|[TRACE] graph - <------- nonSkippedChar
2021-11-19T10:23:45,794|[TRACE] graph - <----- statementPart
2021-11-19T10:23:45,794|[TRACE] graph - -----> statementPart
2021-11-19T10:23:45,794|[TRACE] graph - -------> nonSkippedChar
2021-11-19T10:23:45,794|[TRACE] script - #out(`L`) [token]
2021-11-19T10:23:45,794|[TRACE] graph - <------- nonSkippedChar
2021-11-19T10:23:45,794|[TRACE] graph - <----- statementPart
2021-11-19T10:23:45,794|[TRACE] graph - -----> statementPart
2021-11-19T10:23:45,794|[TRACE] graph - -------> nonSkippedChar
2021-11-19T10:23:45,794|[TRACE] script - #out(`E`) [token]
2021-11-19T10:23:45,794|[TRACE] graph - <------- nonSkippedChar
2021-11-19T10:23:45,794|[TRACE] graph - <----- statementPart
2021-11-19T10:23:45,794|[TRACE] graph - -----> statementPart
2021-11-19T10:23:45,794|[TRACE] graph - -------> nonSkippedChar
2021-11-19T10:23:45,794|[TRACE] script - #out(`T`) [token]
2021-11-19T10:23:45,794|[TRACE] graph - <------- nonSkippedChar
2021-11-19T10:23:45,794|[TRACE] graph - <----- statementPart
2021-11-19T10:23:45,794|[TRACE] graph - -----> statementPart
2021-11-19T10:23:45,794|[TRACE] graph - -------> nonSkippedChar
2021-11-19T10:23:45,794|[TRACE] script - #out(`E`) [token]
2021-11-19T10:23:45,794|[TRACE] graph - <------- nonSkippedChar
2021-11-19T10:23:45,794|[TRACE] graph - <----- statementPart
2021-11-19T10:23:45,794|[TRACE] graph - -----> statementPart
2021-11-19T10:23:45,794|[TRACE] graph - -------> nonSkippedSpace
2021-11-19T10:23:45,794|[TRACE] script - #out(` `) [token]
2021-11-19T10:23:45,794|[TRACE] graph - <------- nonSkippedSpace
2021-11-19T10:23:45,794|[TRACE] graph - <----- statementPart
2021-11-19T10:23:45,794|[TRACE] graph - -----> statementPart
2021-11-19T10:23:45,794|[TRACE] graph - -------> nonSkippedChar
2021-11-19T10:23:45,794|[TRACE] script - #out(`N`) [token]
2021-11-19T10:23:45,794|[TRACE] graph - <------- nonSkippedChar
2021-11-19T10:23:45,794|[TRACE] graph - <----- statementPart
2021-11-19T10:23:45,794|[TRACE] graph - -----> statementPart
2021-11-19T10:23:45,794|[TRACE] graph - -------> nonSkippedChar
2021-11-19T10:23:45,794|[TRACE] script - #out(`O`) [token]
2021-11-19T10:23:45,794|[TRACE] graph - <------- nonSkippedChar
2021-11-19T10:23:45,794|[TRACE] graph - <----- statementPart
2021-11-19T10:23:45,794|[TRACE] graph - -----> statementPart
2021-11-19T10:23:45,794|[TRACE] graph - -------> nonSkippedSpace
2021-11-19T10:23:45,794|[TRACE] script - #out(` `) [token]
2021-11-19T10:23:45,794|[TRACE] graph - <------- nonSkippedSpace
2021-11-19T10:23:45,794|[TRACE] graph - <----- statementPart
2021-11-19T10:23:45,794|[TRACE] graph - -----> statementPart
2021-11-19T10:23:45,794|[TRACE] graph - -------> nonSkippedChar
2021-11-19T10:23:45,794|[TRACE] script - #out(`A`) [token]
2021-11-19T10:23:45,794|[TRACE] graph - <------- nonSkippedChar
2021-11-19T10:23:45,794|[TRACE] graph - <----- statementPart
2021-11-19T10:23:45,794|[TRACE] graph - -----> statementPart
2021-11-19T10:23:45,795|[TRACE] graph - -------> nonSkippedChar
2021-11-19T10:23:45,795|[TRACE] script - #out(`C`) [token]
2021-11-19T10:23:45,795|[TRACE] graph - <------- nonSkippedChar
2021-11-19T10:23:45,795|[TRACE] graph - <----- statementPart
2021-11-19T10:23:45,795|[TRACE] graph - -----> statementPart
2021-11-19T10:23:45,795|[TRACE] graph - -------> nonSkippedChar
2021-11-19T10:23:45,795|[TRACE] script - #out(`T`) [token]
2021-11-19T10:23:45,795|[TRACE] graph - <------- nonSkippedChar
2021-11-19T10:23:45,795|[TRACE] graph - <----- statementPart
2021-11-19T10:23:45,795|[TRACE] graph - -----> statementPart
2021-11-19T10:23:45,795|[TRACE] graph - -------> nonSkippedChar
2021-11-19T10:23:45,795|[TRACE] script - #out(`I`) [token]
2021-11-19T10:23:45,795|[TRACE] graph - <------- nonSkippedChar
2021-11-19T10:23:45,795|[TRACE] graph - <----- statementPart
2021-11-19T10:23:45,795|[TRACE] graph - -----> statementPart
2021-11-19T10:23:45,795|[TRACE] graph - -------> nonSkippedChar
2021-11-19T10:23:45,795|[TRACE] script - #out(`O`) [token]
2021-11-19T10:23:45,795|[TRACE] graph - <------- nonSkippedChar
2021-11-19T10:23:45,795|[TRACE] graph - <----- statementPart
2021-11-19T10:23:45,795|[TRACE] graph - -----> statementPart
2021-11-19T10:23:45,795|[TRACE] graph - -------> nonSkippedChar
2021-11-19T10:23:45,795|[TRACE] script - #out(`N`) [token]
2021-11-19T10:23:45,795|[TRACE] graph - <------- nonSkippedChar
2021-11-19T10:23:45,795|[TRACE] graph - <----- statementPart
2021-11-19T10:23:45,795|[TRACE] graph - -----> afterStatementPartNewline
2021-11-19T10:23:45,795|[TRACE] script - #out(` `) [text]
2021-11-19T10:23:45,795|[TRACE] graph - <----- afterStatementPartNewline
2021-11-19T10:23:45,795|[TRACE] graph - -----> statementPart
2021-11-19T10:23:45,795|[TRACE] graph - -------> nonSkippedSpace
2021-11-19T10:23:45,795|[TRACE] script - #out(` `) [token]
2021-11-19T10:23:45,795|[TRACE] graph - <------- nonSkippedSpace
2021-11-19T10:23:45,795|[TRACE] graph - <----- statementPart
2021-11-19T10:23:45,795|[TRACE] graph - -----> statementPart
2021-11-19T10:23:45,795|[TRACE] graph - -------> nonSkippedSpace
2021-11-19T10:23:45,795|[TRACE] script - #out(` `) [token]
2021-11-19T10:23:45,795|[TRACE] graph - <------- nonSkippedSpace
2021-11-19T10:23:45,795|[TRACE] graph - <----- statementPart
2021-11-19T10:23:45,795|[TRACE] graph - -----> statementPart
2021-11-19T10:23:45,795|[TRACE] graph - -------> nonSkippedSpace
2021-11-19T10:23:45,795|[TRACE] script - #out(` `) [token]
2021-11-19T10:23:45,795|[TRACE] graph - <------- nonSkippedSpace
2021-11-19T10:23:45,795|[TRACE] graph - <----- statementPart
2021-11-19T10:23:45,795|[TRACE] graph - -----> statementPart
2021-11-19T10:23:45,795|[TRACE] graph - -------> nonSkippedSpace
2021-11-19T10:23:45,795|[TRACE] script - #out(` `) [token]
2021-11-19T10:23:45,795|[TRACE] graph - <------- nonSkippedSpace
2021-11-19T10:23:45,795|[TRACE] graph - <----- statementPart
2021-11-19T10:23:45,795|[TRACE] graph - -----> statementPart
2021-11-19T10:23:45,795|[TRACE] graph - -------> nonSkippedChar
2021-11-19T10:23:45,795|[TRACE] script - #out(`O`) [token]
2021-11-19T10:23:45,795|[TRACE] graph - <------- nonSkippedChar
2021-11-19T10:23:45,795|[TRACE] graph - <----- statementPart
2021-11-19T10:23:45,795|[TRACE] graph - -----> statementPart
2021-11-19T10:23:45,795|[TRACE] graph - -------> nonSkippedChar
2021-11-19T10:23:45,795|[TRACE] script - #out(`N`) [token]
2021-11-19T10:23:45,795|[TRACE] graph - <------- nonSkippedChar
2021-11-19T10:23:45,795|[TRACE] graph - <----- statementPart
2021-11-19T10:23:45,795|[TRACE] graph - -----> statementPart
2021-11-19T10:23:45,795|[TRACE] graph - -------> nonSkippedSpace
2021-11-19T10:23:45,795|[TRACE] script - #out(` `) [token]
2021-11-19T10:23:45,795|[TRACE] graph - <------- nonSkippedSpace
2021-11-19T10:23:45,795|[TRACE] graph - <----- statementPart
2021-11-19T10:23:45,795|[TRACE] graph - -----> statementPart
2021-11-19T10:23:45,795|[TRACE] graph - -------> nonSkippedChar
2021-11-19T10:23:45,795|[TRACE] script - #out(`U`) [token]
2021-11-19T10:23:45,795|[TRACE] graph - <------- nonSkippedChar
2021-11-19T10:23:45,795|[TRACE] graph - <----- statementPart
2021-11-19T10:23:45,795|[TRACE] graph - -----> statementPart
2021-11-19T10:23:45,795|[TRACE] graph - -------> nonSkippedChar
2021-11-19T10:23:45,795|[TRACE] script - #out(`P`) [token]
2021-11-19T10:23:45,795|[TRACE] graph - <------- nonSkippedChar
2021-11-19T10:23:45,795|[TRACE] graph - <----- statementPart
2021-11-19T10:23:45,795|[TRACE] graph - -----> statementPart
2021-11-19T10:23:45,795|[TRACE] graph - -------> nonSkippedChar
2021-11-19T10:23:45,795|[TRACE] script - #out(`D`) [token]
2021-11-19T10:23:45,795|[TRACE] graph - <------- nonSkippedChar
2021-11-19T10:23:45,795|[TRACE] graph - <----- statementPart
2021-11-19T10:23:45,795|[TRACE] graph - -----> statementPart
2021-11-19T10:23:45,795|[TRACE] graph - -------> nonSkippedChar
2021-11-19T10:23:45,795|[TRACE] script - #out(`A`) [token]
2021-11-19T10:23:45,795|[TRACE] graph - <------- nonSkippedChar
2021-11-19T10:23:45,795|[TRACE] graph - <----- statementPart
2021-11-19T10:23:45,795|[TRACE] graph - -----> statementPart
2021-11-19T10:23:45,795|[TRACE] graph - -------> nonSkippedChar
2021-11-19T10:23:45,795|[TRACE] script - #out(`T`) [token]
2021-11-19T10:23:45,795|[TRACE] graph - <------- nonSkippedChar
2021-11-19T10:23:45,795|[TRACE] graph - <----- statementPart
2021-11-19T10:23:45,795|[TRACE] graph - -----> statementPart
2021-11-19T10:23:45,795|[TRACE] graph - -------> nonSkippedChar
2021-11-19T10:23:45,795|[TRACE] script - #out(`E`) [token]
2021-11-19T10:23:45,795|[TRACE] graph - <------- nonSkippedChar
2021-11-19T10:23:45,795|[TRACE] graph - <----- statementPart
2021-11-19T10:23:45,795|[TRACE] graph - -----> statementPart
2021-11-19T10:23:45,795|[TRACE] graph - -------> nonSkippedSpace
2021-11-19T10:23:45,795|[TRACE] script - #out(` `) [token]
2021-11-19T10:23:45,795|[TRACE] graph - <------- nonSkippedSpace
2021-11-19T10:23:45,795|[TRACE] graph - <----- statementPart
2021-11-19T10:23:45,795|[TRACE] graph - -----> statementPart
2021-11-19T10:23:45,795|[TRACE] graph - -------> nonSkippedChar
2021-11-19T10:23:45,795|[TRACE] script - #out(`N`) [token]
2021-11-19T10:23:45,795|[TRACE] graph - <------- nonSkippedChar
2021-11-19T10:23:45,795|[TRACE] graph - <----- statementPart
2021-11-19T10:23:45,795|[TRACE] graph - -----> statementPart
2021-11-19T10:23:45,795|[TRACE] graph - -------> nonSkippedChar
2021-11-19T10:23:45,795|[TRACE] script - #out(`O`) [token]
2021-11-19T10:23:45,795|[TRACE] graph - <------- nonSkippedChar
2021-11-19T10:23:45,795|[TRACE] graph - <----- statementPart
2021-11-19T10:23:45,795|[TRACE] graph - -----> statementPart
2021-11-19T10:23:45,795|[TRACE] graph - -------> nonSkippedSpace
2021-11-19T10:23:45,795|[TRACE] script - #out(` `) [token]
2021-11-19T10:23:45,795|[TRACE] graph - <------- nonSkippedSpace
2021-11-19T10:23:45,795|[TRACE] graph - <----- statementPart
2021-11-19T10:23:45,795|[TRACE] graph - -----> statementPart
2021-11-19T10:23:45,795|[TRACE] graph - -------> nonSkippedChar
2021-11-19T10:23:45,795|[TRACE] script - #out(`A`) [token]
2021-11-19T10:23:45,795|[TRACE] graph - <------- nonSkippedChar
2021-11-19T10:23:45,795|[TRACE] graph - <----- statementPart
2021-11-19T10:23:45,795|[TRACE] graph - -----> statementPart
2021-11-19T10:23:45,795|[TRACE] graph - -------> nonSkippedChar
2021-11-19T10:23:45,795|[TRACE] script - #out(`C`) [token]
2021-11-19T10:23:45,795|[TRACE] graph - <------- nonSkippedChar
2021-11-19T10:23:45,795|[TRACE] graph - <----- statementPart
2021-11-19T10:23:45,795|[TRACE] graph - -----> statementPart
2021-11-19T10:23:45,795|[TRACE] graph - -------> nonSkippedChar
2021-11-19T10:23:45,795|[TRACE] script - #out(`T`) [token]
2021-11-19T10:23:45,795|[TRACE] graph - <------- nonSkippedChar
2021-11-19T10:23:45,795|[TRACE] graph - <----- statementPart
2021-11-19T10:23:45,795|[TRACE] graph - -----> statementPart
2021-11-19T10:23:45,795|[TRACE] graph - -------> nonSkippedChar
2021-11-19T10:23:45,795|[TRACE] script - #out(`I`) [token]
2021-11-19T10:23:45,795|[TRACE] graph - <------- nonSkippedChar
2021-11-19T10:23:45,795|[TRACE] graph - <----- statementPart
2021-11-19T10:23:45,795|[TRACE] graph - -----> statementPart
2021-11-19T10:23:45,795|[TRACE] graph - -------> nonSkippedChar
2021-11-19T10:23:45,795|[TRACE] script - #out(`O`) [token]
2021-11-19T10:23:45,795|[TRACE] graph - <------- nonSkippedChar
2021-11-19T10:23:45,795|[TRACE] graph - <----- statementPart
2021-11-19T10:23:45,795|[TRACE] graph - -----> statementPart
2021-11-19T10:23:45,795|[TRACE] graph - -------> nonSkippedChar
2021-11-19T10:23:45,795|[TRACE] script - #out(`N`) [token]
2021-11-19T10:23:45,795|[TRACE] graph - <------- nonSkippedChar
2021-11-19T10:23:45,795|[TRACE] graph - <----- statementPart
2021-11-19T10:23:45,795|[TRACE] graph - -----> statementPart
2021-11-19T10:23:45,796|[TRACE] graph - -------> nonSkippedChar
2021-11-19T10:23:45,796|[TRACE] script - #out(`)`) [token]
2021-11-19T10:23:45,796|[TRACE] graph - <------- nonSkippedChar
2021-11-19T10:23:45,796|[TRACE] graph - <----- statementPart
2021-11-19T10:23:45,796|[TRACE] graph - -----> afterStatementPartNewline
2021-11-19T10:23:45,796|[TRACE] script - #out(` `) [text]
2021-11-19T10:23:45,796|[TRACE] graph - <----- afterStatementPartNewline
2021-11-19T10:23:45,796|[TRACE] graph - -----> statementPart
2021-11-19T10:23:45,796|[TRACE] graph - -------> nonSkippedChar
2021-11-19T10:23:45,796|[TRACE] script - #out(`E`) [token]
2021-11-19T10:23:45,796|[TRACE] graph - <------- nonSkippedChar
2021-11-19T10:23:45,796|[TRACE] graph - <----- statementPart
2021-11-19T10:23:45,796|[TRACE] graph - -----> statementPart
2021-11-19T10:23:45,796|[TRACE] graph - -------> nonSkippedChar
2021-11-19T10:23:45,796|[TRACE] script - #out(`N`) [token]
2021-11-19T10:23:45,796|[TRACE] graph - <------- nonSkippedChar
2021-11-19T10:23:45,796|[TRACE] graph - <----- statementPart
2021-11-19T10:23:45,796|[TRACE] graph - -----> statementPart
2021-11-19T10:23:45,796|[TRACE] graph - -------> nonSkippedChar
2021-11-19T10:23:45,796|[TRACE] script - #out(`G`) [token]
2021-11-19T10:23:45,796|[TRACE] graph - <------- nonSkippedChar
2021-11-19T10:23:45,796|[TRACE] graph - <----- statementPart
2021-11-19T10:23:45,796|[TRACE] graph - -----> statementPart
2021-11-19T10:23:45,796|[TRACE] graph - -------> nonSkippedChar
2021-11-19T10:23:45,796|[TRACE] script - #out(`I`) [token]
2021-11-19T10:23:45,796|[TRACE] graph - <------- nonSkippedChar
2021-11-19T10:23:45,796|[TRACE] graph - <----- statementPart
2021-11-19T10:23:45,796|[TRACE] graph - -----> statementPart
2021-11-19T10:23:45,796|[TRACE] graph - -------> nonSkippedChar
2021-11-19T10:23:45,796|[TRACE] script - #out(`N`) [token]
2021-11-19T10:23:45,796|[TRACE] graph - <------- nonSkippedChar
2021-11-19T10:23:45,796|[TRACE] graph - <----- statementPart
2021-11-19T10:23:45,796|[TRACE] graph - -----> statementPart
2021-11-19T10:23:45,796|[TRACE] graph - -------> nonSkippedChar
2021-11-19T10:23:45,796|[TRACE] script - #out(`E`) [token]
2021-11-19T10:23:45,796|[TRACE] graph - <------- nonSkippedChar
2021-11-19T10:23:45,796|[TRACE] graph - <----- statementPart
2021-11-19T10:23:45,796|[TRACE] graph - -----> statementPart
2021-11-19T10:23:45,796|[TRACE] graph - -------> nonSkippedSpace
2021-11-19T10:23:45,796|[TRACE] script - #out(` `) [token]
2021-11-19T10:23:45,796|[TRACE] graph - <------- nonSkippedSpace
2021-11-19T10:23:45,796|[TRACE] graph - <----- statementPart
2021-11-19T10:23:45,796|[TRACE] graph - -----> statementPart
2021-11-19T10:23:45,796|[TRACE] graph - -------> nonSkippedChar
2021-11-19T10:23:45,796|[TRACE] script - #out(`=`) [token]
2021-11-19T10:23:45,796|[TRACE] graph - <------- nonSkippedChar
2021-11-19T10:23:45,796|[TRACE] graph - <----- statementPart
2021-11-19T10:23:45,796|[TRACE] graph - -----> statementPart
2021-11-19T10:23:45,796|[TRACE] graph - -------> nonSkippedSpace
2021-11-19T10:23:45,796|[TRACE] script - #out(` `) [token]
2021-11-19T10:23:45,796|[TRACE] graph - <------- nonSkippedSpace
2021-11-19T10:23:45,796|[TRACE] graph - <----- statementPart
2021-11-19T10:23:45,796|[TRACE] graph - -----> statementPart
2021-11-19T10:23:45,796|[TRACE] graph - -------> nonSkippedChar
2021-11-19T10:23:45,796|[TRACE] script - #out(`I`) [token]
2021-11-19T10:23:45,796|[TRACE] graph - <------- nonSkippedChar
2021-11-19T10:23:45,796|[TRACE] graph - <----- statementPart
2021-11-19T10:23:45,796|[TRACE] graph - -----> statementPart
2021-11-19T10:23:45,796|[TRACE] graph - -------> nonSkippedChar
2021-11-19T10:23:45,796|[TRACE] script - #out(`n`) [token]
2021-11-19T10:23:45,796|[TRACE] graph - <------- nonSkippedChar
2021-11-19T10:23:45,796|[TRACE] graph - <----- statementPart
2021-11-19T10:23:45,796|[TRACE] graph - -----> statementPart
2021-11-19T10:23:45,796|[TRACE] graph - -------> nonSkippedChar
2021-11-19T10:23:45,796|[TRACE] script - #out(`n`) [token]
2021-11-19T10:23:45,796|[TRACE] graph - <------- nonSkippedChar
2021-11-19T10:23:45,796|[TRACE] graph - <----- statementPart
2021-11-19T10:23:45,796|[TRACE] graph - -----> statementPart
2021-11-19T10:23:45,796|[TRACE] graph - -------> nonSkippedChar
2021-11-19T10:23:45,796|[TRACE] script - #out(`o`) [token]
2021-11-19T10:23:45,796|[TRACE] graph - <------- nonSkippedChar
2021-11-19T10:23:45,796|[TRACE] graph - <----- statementPart
2021-11-19T10:23:45,796|[TRACE] graph - -----> statementPart
2021-11-19T10:23:45,796|[TRACE] graph - -------> nonSkippedChar
2021-11-19T10:23:45,796|[TRACE] script - #out(`D`) [token]
2021-11-19T10:23:45,796|[TRACE] graph - <------- nonSkippedChar
2021-11-19T10:23:45,796|[TRACE] graph - <----- statementPart
2021-11-19T10:23:45,796|[TRACE] graph - -----> statementPart
2021-11-19T10:23:45,796|[TRACE] graph - -------> nonSkippedChar
2021-11-19T10:23:45,796|[TRACE] script - #out(`B`) [token]
2021-11-19T10:23:45,796|[TRACE] graph - <------- nonSkippedChar
2021-11-19T10:23:45,796|[TRACE] graph - <----- statementPart
2021-11-19T10:23:45,796|[DEBUG] graph - Import statement : CREATE TABLE IF NOT EXISTS `bloodbank`.`blood_donation` (   `donation_id` INT NOT NULL AUTO_INCREMENT,   `bank_id` INT NOT NULL,   `milliliters` INT NOT NULL,   `blood_group` CHAR(2) NOT NULL,   `rhd` BIT(1) NOT NULL,   `created` BIGINT NOT NULL DEFAULT (unix_timestamp(now()) * 1000),   `updated` BIGINT NOT NULL DEFAULT (unix_timestamp(now()) * 1000),   `version` INT NOT NULL DEFAULT 1,   PRIMARY KEY (`donation_id`),   INDEX `fk_blood_donation_blood_bank1_idx` (`bank_id` ASC) VISIBLE,   CONSTRAINT `fk_blood_donation_blood_bank1`     FOREIGN KEY (`bank_id`)     REFERENCES `bloodbank`.`blood_bank` (`bank_id`)     ON DELETE NO ACTION     ON UPDATE NO ACTION) ENGINE = InnoDB
2021-11-19T10:23:45,796|[TRACE] graph - <--- statement
2021-11-19T10:23:45,796|[TRACE] graph - ---> blankSpacesToSkip
2021-11-19T10:23:45,796|[TRACE] graph - -----> newLineToSkip
2021-11-19T10:23:45,796|[TRACE] graph - <----- newLineToSkip
2021-11-19T10:23:45,796|[TRACE] graph - -----> newLineToSkip
2021-11-19T10:23:45,796|[TRACE] graph - <----- newLineToSkip
2021-11-19T10:23:45,796|[TRACE] graph - -----> newLineToSkip
2021-11-19T10:23:45,796|[TRACE] graph - <----- newLineToSkip
2021-11-19T10:23:45,796|[TRACE] graph - -----> newLineToSkip
2021-11-19T10:23:45,796|[TRACE] graph - <----- newLineToSkip
2021-11-19T10:23:45,796|[TRACE] graph - -----> newLineToSkip
2021-11-19T10:23:45,796|[TRACE] graph - <----- newLineToSkip
2021-11-19T10:23:45,796|[TRACE] graph - -----> newLineToSkip
2021-11-19T10:23:45,796|[TRACE] graph - <----- newLineToSkip
2021-11-19T10:23:45,796|[TRACE] graph - <--- blankSpacesToSkip
2021-11-19T10:23:45,796|[TRACE] graph - ---> statement
2021-11-19T10:23:45,796|[TRACE] graph - -----> statementFirstPart
2021-11-19T10:23:45,796|[TRACE] graph - -------> nonSkippedChar
2021-11-19T10:23:45,796|[TRACE] script - #out(`C`) [token]
2021-11-19T10:23:45,796|[TRACE] graph - <------- nonSkippedChar
2021-11-19T10:23:45,796|[TRACE] graph - <----- statementFirstPart
2021-11-19T10:23:45,934|[TRACE] graph - -----> statementPart
2021-11-19T10:23:45,934|[TRACE] graph - -------> nonSkippedChar
2021-11-19T10:23:45,934|[TRACE] script - #out(`R`) [token]
2021-11-19T10:23:45,934|[TRACE] graph - <------- nonSkippedChar
2021-11-19T10:23:45,934|[TRACE] graph - <----- statementPart
2021-11-19T10:23:45,934|[TRACE] graph - -----> statementPart
2021-11-19T10:23:45,934|[TRACE] graph - -------> nonSkippedChar
2021-11-19T10:23:45,934|[TRACE] script - #out(`E`) [token]
2021-11-19T10:23:45,934|[TRACE] graph - <------- nonSkippedChar
2021-11-19T10:23:45,934|[TRACE] graph - <----- statementPart
2021-11-19T10:23:45,934|[TRACE] graph - -----> statementPart
2021-11-19T10:23:45,934|[TRACE] graph - -------> nonSkippedChar
2021-11-19T10:23:45,934|[TRACE] script - #out(`A`) [token]
2021-11-19T10:23:45,934|[TRACE] graph - <------- nonSkippedChar
2021-11-19T10:23:45,934|[TRACE] graph - <----- statementPart
2021-11-19T10:23:45,934|[TRACE] graph - -----> statementPart
2021-11-19T10:23:45,934|[TRACE] graph - -------> nonSkippedChar
2021-11-19T10:23:45,934|[TRACE] script - #out(`T`) [token]
2021-11-19T10:23:45,934|[TRACE] graph - <------- nonSkippedChar
2021-11-19T10:23:45,934|[TRACE] graph - <----- statementPart
2021-11-19T10:23:45,934|[TRACE] graph - -----> statementPart
2021-11-19T10:23:45,934|[TRACE] graph - -------> nonSkippedChar
2021-11-19T10:23:45,934|[TRACE] script - #out(`E`) [token]
2021-11-19T10:23:45,934|[TRACE] graph - <------- nonSkippedChar
2021-11-19T10:23:45,934|[TRACE] graph - <----- statementPart
2021-11-19T10:23:45,934|[TRACE] graph - -----> statementPart
2021-11-19T10:23:45,934|[TRACE] graph - -------> nonSkippedSpace
2021-11-19T10:23:45,934|[TRACE] script - #out(` `) [token]
2021-11-19T10:23:45,934|[TRACE] graph - <------- nonSkippedSpace
2021-11-19T10:23:45,934|[TRACE] graph - <----- statementPart
2021-11-19T10:23:45,934|[TRACE] graph - -----> statementPart
2021-11-19T10:23:45,934|[TRACE] graph - -------> nonSkippedChar
2021-11-19T10:23:45,934|[TRACE] script - #out(`T`) [token]
2021-11-19T10:23:45,934|[TRACE] graph - <------- nonSkippedChar
2021-11-19T10:23:45,934|[TRACE] graph - <----- statementPart
2021-11-19T10:23:45,934|[TRACE] graph - -----> statementPart
2021-11-19T10:23:45,934|[TRACE] graph - -------> nonSkippedChar
2021-11-19T10:23:45,934|[TRACE] script - #out(`A`) [token]
2021-11-19T10:23:45,934|[TRACE] graph - <------- nonSkippedChar
2021-11-19T10:23:45,934|[TRACE] graph - <----- statementPart
2021-11-19T10:23:45,934|[TRACE] graph - -----> statementPart
2021-11-19T10:23:45,934|[TRACE] graph - -------> nonSkippedChar
2021-11-19T10:23:45,934|[TRACE] script - #out(`B`) [token]
2021-11-19T10:23:45,934|[TRACE] graph - <------- nonSkippedChar
2021-11-19T10:23:45,934|[TRACE] graph - <----- statementPart
2021-11-19T10:23:45,934|[TRACE] graph - -----> statementPart
2021-11-19T10:23:45,934|[TRACE] graph - -------> nonSkippedChar
2021-11-19T10:23:45,934|[TRACE] script - #out(`L`) [token]
2021-11-19T10:23:45,934|[TRACE] graph - <------- nonSkippedChar
2021-11-19T10:23:45,934|[TRACE] graph - <----- statementPart
2021-11-19T10:23:45,934|[TRACE] graph - -----> statementPart
2021-11-19T10:23:45,934|[TRACE] graph - -------> nonSkippedChar
2021-11-19T10:23:45,934|[TRACE] script - #out(`E`) [token]
2021-11-19T10:23:45,934|[TRACE] graph - <------- nonSkippedChar
2021-11-19T10:23:45,934|[TRACE] graph - <----- statementPart
2021-11-19T10:23:45,934|[TRACE] graph - -----> statementPart
2021-11-19T10:23:45,934|[TRACE] graph - -------> nonSkippedSpace
2021-11-19T10:23:45,934|[TRACE] script - #out(` `) [token]
2021-11-19T10:23:45,934|[TRACE] graph - <------- nonSkippedSpace
2021-11-19T10:23:45,934|[TRACE] graph - <----- statementPart
2021-11-19T10:23:45,934|[TRACE] graph - -----> statementPart
2021-11-19T10:23:45,934|[TRACE] graph - -------> nonSkippedChar
2021-11-19T10:23:45,934|[TRACE] script - #out(`I`) [token]
2021-11-19T10:23:45,934|[TRACE] graph - <------- nonSkippedChar
2021-11-19T10:23:45,934|[TRACE] graph - <----- statementPart
2021-11-19T10:23:45,934|[TRACE] graph - -----> statementPart
2021-11-19T10:23:45,934|[TRACE] graph - -------> nonSkippedChar
2021-11-19T10:23:45,934|[TRACE] script - #out(`F`) [token]
2021-11-19T10:23:45,934|[TRACE] graph - <------- nonSkippedChar
2021-11-19T10:23:45,934|[TRACE] graph - <----- statementPart
2021-11-19T10:23:45,934|[TRACE] graph - -----> statementPart
2021-11-19T10:23:45,934|[TRACE] graph - -------> nonSkippedSpace
2021-11-19T10:23:45,934|[TRACE] script - #out(` `) [token]
2021-11-19T10:23:45,934|[TRACE] graph - <------- nonSkippedSpace
2021-11-19T10:23:45,934|[TRACE] graph - <----- statementPart
2021-11-19T10:23:45,934|[TRACE] graph - -----> statementPart
2021-11-19T10:23:45,934|[TRACE] graph - -------> nonSkippedChar
2021-11-19T10:23:45,934|[TRACE] script - #out(`N`) [token]
2021-11-19T10:23:45,934|[TRACE] graph - <------- nonSkippedChar
2021-11-19T10:23:45,934|[TRACE] graph - <----- statementPart
2021-11-19T10:23:45,934|[TRACE] graph - -----> statementPart
2021-11-19T10:23:45,934|[TRACE] graph - -------> nonSkippedChar
2021-11-19T10:23:45,934|[TRACE] script - #out(`O`) [token]
2021-11-19T10:23:45,934|[TRACE] graph - <------- nonSkippedChar
2021-11-19T10:23:45,934|[TRACE] graph - <----- statementPart
2021-11-19T10:23:45,934|[TRACE] graph - -----> statementPart
2021-11-19T10:23:45,934|[TRACE] graph - -------> nonSkippedChar
2021-11-19T10:23:45,934|[TRACE] script - #out(`T`) [token]
2021-11-19T10:23:45,934|[TRACE] graph - <------- nonSkippedChar
2021-11-19T10:23:45,934|[TRACE] graph - <----- statementPart
2021-11-19T10:23:45,934|[TRACE] graph - -----> statementPart
2021-11-19T10:23:45,934|[TRACE] graph - -------> nonSkippedSpace
2021-11-19T10:23:45,934|[TRACE] script - #out(` `) [token]
2021-11-19T10:23:45,934|[TRACE] graph - <------- nonSkippedSpace
2021-11-19T10:23:45,934|[TRACE] graph - <----- statementPart
2021-11-19T10:23:45,935|[TRACE] graph - -----> statementPart
2021-11-19T10:23:45,935|[TRACE] graph - -------> nonSkippedChar
2021-11-19T10:23:45,935|[TRACE] script - #out(`E`) [token]
2021-11-19T10:23:45,935|[TRACE] graph - <------- nonSkippedChar
2021-11-19T10:23:45,935|[TRACE] graph - <----- statementPart
2021-11-19T10:23:45,935|[TRACE] graph - -----> statementPart
2021-11-19T10:23:45,935|[TRACE] graph - -------> nonSkippedChar
2021-11-19T10:23:45,935|[TRACE] script - #out(`X`) [token]
2021-11-19T10:23:45,935|[TRACE] graph - <------- nonSkippedChar
2021-11-19T10:23:45,935|[TRACE] graph - <----- statementPart
2021-11-19T10:23:45,935|[TRACE] graph - -----> statementPart
2021-11-19T10:23:45,935|[TRACE] graph - -------> nonSkippedChar
2021-11-19T10:23:45,935|[TRACE] script - #out(`I`) [token]
2021-11-19T10:23:45,935|[TRACE] graph - <------- nonSkippedChar
2021-11-19T10:23:45,935|[TRACE] graph - <----- statementPart
2021-11-19T10:23:45,935|[TRACE] graph - -----> statementPart
2021-11-19T10:23:45,935|[TRACE] graph - -------> nonSkippedChar
2021-11-19T10:23:45,935|[TRACE] script - #out(`S`) [token]
2021-11-19T10:23:45,935|[TRACE] graph - <------- nonSkippedChar
2021-11-19T10:23:45,935|[TRACE] graph - <----- statementPart
2021-11-19T10:23:45,935|[TRACE] graph - -----> statementPart
2021-11-19T10:23:45,935|[TRACE] graph - -------> nonSkippedChar
2021-11-19T10:23:45,935|[TRACE] script - #out(`T`) [token]
2021-11-19T10:23:45,935|[TRACE] graph - <------- nonSkippedChar
2021-11-19T10:23:45,935|[TRACE] graph - <----- statementPart
2021-11-19T10:23:45,935|[TRACE] graph - -----> statementPart
2021-11-19T10:23:45,935|[TRACE] graph - -------> nonSkippedChar
2021-11-19T10:23:45,935|[TRACE] script - #out(`S`) [token]
2021-11-19T10:23:45,935|[TRACE] graph - <------- nonSkippedChar
2021-11-19T10:23:45,935|[TRACE] graph - <----- statementPart
2021-11-19T10:23:45,935|[TRACE] graph - -----> statementPart
2021-11-19T10:23:45,935|[TRACE] graph - -------> nonSkippedSpace
2021-11-19T10:23:45,935|[TRACE] script - #out(` `) [token]
2021-11-19T10:23:45,935|[TRACE] graph - <------- nonSkippedSpace
2021-11-19T10:23:45,935|[TRACE] graph - <----- statementPart
2021-11-19T10:23:45,935|[TRACE] graph - -----> statementPart
2021-11-19T10:23:45,935|[TRACE] graph - -------> quotedString
2021-11-19T10:23:45,935|[TRACE] script - #out(``bloodbank``) [token]
2021-11-19T10:23:45,935|[TRACE] graph - <------- quotedString
2021-11-19T10:23:45,935|[TRACE] graph - <----- statementPart
2021-11-19T10:23:45,935|[TRACE] graph - -----> statementPart
2021-11-19T10:23:45,935|[TRACE] graph - -------> nonSkippedChar
2021-11-19T10:23:45,935|[TRACE] script - #out(`.`) [token]
2021-11-19T10:23:45,935|[TRACE] graph - <------- nonSkippedChar
2021-11-19T10:23:45,935|[TRACE] graph - <----- statementPart
2021-11-19T10:23:45,935|[TRACE] graph - -----> statementPart
2021-11-19T10:23:45,935|[TRACE] graph - -------> quotedString
2021-11-19T10:23:45,935|[TRACE] script - #out(``donation_record``) [token]
2021-11-19T10:23:45,935|[TRACE] graph - <------- quotedString
2021-11-19T10:23:45,935|[TRACE] graph - <----- statementPart
2021-11-19T10:23:45,935|[TRACE] graph - -----> statementPart
2021-11-19T10:23:45,935|[TRACE] graph - -------> nonSkippedSpace
2021-11-19T10:23:45,935|[TRACE] script - #out(` `) [token]
2021-11-19T10:23:45,935|[TRACE] graph - <------- nonSkippedSpace
2021-11-19T10:23:45,935|[TRACE] graph - <----- statementPart
2021-11-19T10:23:45,935|[TRACE] graph - -----> statementPart
2021-11-19T10:23:45,935|[TRACE] graph - -------> nonSkippedChar
2021-11-19T10:23:45,935|[TRACE] script - #out(`(`) [token]
2021-11-19T10:23:45,935|[TRACE] graph - <------- nonSkippedChar
2021-11-19T10:23:45,935|[TRACE] graph - <----- statementPart
2021-11-19T10:23:45,935|[TRACE] graph - -----> afterStatementPartNewline
2021-11-19T10:23:45,935|[TRACE] script - #out(` `) [text]
2021-11-19T10:23:45,935|[TRACE] graph - <----- afterStatementPartNewline
2021-11-19T10:23:45,935|[TRACE] graph - -----> statementPart
2021-11-19T10:23:45,935|[TRACE] graph - -------> nonSkippedSpace
2021-11-19T10:23:45,935|[TRACE] script - #out(` `) [token]
2021-11-19T10:23:45,935|[TRACE] graph - <------- nonSkippedSpace
2021-11-19T10:23:45,935|[TRACE] graph - <----- statementPart
2021-11-19T10:23:45,935|[TRACE] graph - -----> statementPart
2021-11-19T10:23:45,935|[TRACE] graph - -------> nonSkippedSpace
2021-11-19T10:23:45,935|[TRACE] script - #out(` `) [token]
2021-11-19T10:23:45,935|[TRACE] graph - <------- nonSkippedSpace
2021-11-19T10:23:45,935|[TRACE] graph - <----- statementPart
2021-11-19T10:23:45,935|[TRACE] graph - -----> statementPart
2021-11-19T10:23:45,935|[TRACE] graph - -------> quotedString
2021-11-19T10:23:45,935|[TRACE] script - #out(``record_id``) [token]
2021-11-19T10:23:45,935|[TRACE] graph - <------- quotedString
2021-11-19T10:23:45,935|[TRACE] graph - <----- statementPart
2021-11-19T10:23:45,935|[TRACE] graph - -----> statementPart
2021-11-19T10:23:45,935|[TRACE] graph - -------> nonSkippedSpace
2021-11-19T10:23:45,935|[TRACE] script - #out(` `) [token]
2021-11-19T10:23:45,935|[TRACE] graph - <------- nonSkippedSpace
2021-11-19T10:23:45,935|[TRACE] graph - <----- statementPart
2021-11-19T10:23:45,935|[TRACE] graph - -----> statementPart
2021-11-19T10:23:45,935|[TRACE] graph - -------> nonSkippedChar
2021-11-19T10:23:45,935|[TRACE] script - #out(`I`) [token]
2021-11-19T10:23:45,935|[TRACE] graph - <------- nonSkippedChar
2021-11-19T10:23:45,935|[TRACE] graph - <----- statementPart
2021-11-19T10:23:45,935|[TRACE] graph - -----> statementPart
2021-11-19T10:23:45,935|[TRACE] graph - -------> nonSkippedChar
2021-11-19T10:23:45,935|[TRACE] script - #out(`N`) [token]
2021-11-19T10:23:45,935|[TRACE] graph - <------- nonSkippedChar
2021-11-19T10:23:45,935|[TRACE] graph - <----- statementPart
2021-11-19T10:23:45,935|[TRACE] graph - -----> statementPart
2021-11-19T10:23:45,935|[TRACE] graph - -------> nonSkippedChar
2021-11-19T10:23:45,935|[TRACE] script - #out(`T`) [token]
2021-11-19T10:23:45,935|[TRACE] graph - <------- nonSkippedChar
2021-11-19T10:23:45,935|[TRACE] graph - <----- statementPart
2021-11-19T10:23:45,935|[TRACE] graph - -----> statementPart
2021-11-19T10:23:45,935|[TRACE] graph - -------> nonSkippedSpace
2021-11-19T10:23:45,935|[TRACE] script - #out(` `) [token]
2021-11-19T10:23:45,935|[TRACE] graph - <------- nonSkippedSpace
2021-11-19T10:23:45,935|[TRACE] graph - <----- statementPart
2021-11-19T10:23:45,935|[TRACE] graph - -----> statementPart
2021-11-19T10:23:45,935|[TRACE] graph - -------> nonSkippedChar
2021-11-19T10:23:45,935|[TRACE] script - #out(`N`) [token]
2021-11-19T10:23:45,935|[TRACE] graph - <------- nonSkippedChar
2021-11-19T10:23:45,935|[TRACE] graph - <----- statementPart
2021-11-19T10:23:45,935|[TRACE] graph - -----> statementPart
2021-11-19T10:23:45,935|[TRACE] graph - -------> nonSkippedChar
2021-11-19T10:23:45,935|[TRACE] script - #out(`O`) [token]
2021-11-19T10:23:45,935|[TRACE] graph - <------- nonSkippedChar
2021-11-19T10:23:45,935|[TRACE] graph - <----- statementPart
2021-11-19T10:23:45,935|[TRACE] graph - -----> statementPart
2021-11-19T10:23:45,935|[TRACE] graph - -------> nonSkippedChar
2021-11-19T10:23:45,935|[TRACE] script - #out(`T`) [token]
2021-11-19T10:23:45,935|[TRACE] graph - <------- nonSkippedChar
2021-11-19T10:23:45,935|[TRACE] graph - <----- statementPart
2021-11-19T10:23:45,935|[TRACE] graph - -----> statementPart
2021-11-19T10:23:45,935|[TRACE] graph - -------> nonSkippedSpace
2021-11-19T10:23:45,935|[TRACE] script - #out(` `) [token]
2021-11-19T10:23:45,935|[TRACE] graph - <------- nonSkippedSpace
2021-11-19T10:23:45,935|[TRACE] graph - <----- statementPart
2021-11-19T10:23:45,935|[TRACE] graph - -----> statementPart
2021-11-19T10:23:45,935|[TRACE] graph - -------> nonSkippedChar
2021-11-19T10:23:45,935|[TRACE] script - #out(`N`) [token]
2021-11-19T10:23:45,935|[TRACE] graph - <------- nonSkippedChar
2021-11-19T10:23:45,935|[TRACE] graph - <----- statementPart
2021-11-19T10:23:45,935|[TRACE] graph - -----> statementPart
2021-11-19T10:23:45,935|[TRACE] graph - -------> nonSkippedChar
2021-11-19T10:23:45,935|[TRACE] script - #out(`U`) [token]
2021-11-19T10:23:45,935|[TRACE] graph - <------- nonSkippedChar
2021-11-19T10:23:45,935|[TRACE] graph - <----- statementPart
2021-11-19T10:23:45,935|[TRACE] graph - -----> statementPart
2021-11-19T10:23:45,935|[TRACE] graph - -------> nonSkippedChar
2021-11-19T10:23:45,935|[TRACE] script - #out(`L`) [token]
2021-11-19T10:23:45,935|[TRACE] graph - <------- nonSkippedChar
2021-11-19T10:23:45,935|[TRACE] graph - <----- statementPart
2021-11-19T10:23:45,935|[TRACE] graph - -----> statementPart
2021-11-19T10:23:45,935|[TRACE] graph - -------> nonSkippedChar
2021-11-19T10:23:45,935|[TRACE] script - #out(`L`) [token]
2021-11-19T10:23:45,935|[TRACE] graph - <------- nonSkippedChar
2021-11-19T10:23:45,936|[TRACE] graph - <----- statementPart
2021-11-19T10:23:45,936|[TRACE] graph - -----> statementPart
2021-11-19T10:23:45,936|[TRACE] graph - -------> nonSkippedSpace
2021-11-19T10:23:45,936|[TRACE] script - #out(` `) [token]
2021-11-19T10:23:45,936|[TRACE] graph - <------- nonSkippedSpace
2021-11-19T10:23:45,936|[TRACE] graph - <----- statementPart
2021-11-19T10:23:45,936|[TRACE] graph - -----> statementPart
2021-11-19T10:23:45,936|[TRACE] graph - -------> nonSkippedChar
2021-11-19T10:23:45,936|[TRACE] script - #out(`A`) [token]
2021-11-19T10:23:45,936|[TRACE] graph - <------- nonSkippedChar
2021-11-19T10:23:45,936|[TRACE] graph - <----- statementPart
2021-11-19T10:23:45,936|[TRACE] graph - -----> statementPart
2021-11-19T10:23:45,936|[TRACE] graph - -------> nonSkippedChar
2021-11-19T10:23:45,936|[TRACE] script - #out(`U`) [token]
2021-11-19T10:23:45,936|[TRACE] graph - <------- nonSkippedChar
2021-11-19T10:23:45,936|[TRACE] graph - <----- statementPart
2021-11-19T10:23:45,936|[TRACE] graph - -----> statementPart
2021-11-19T10:23:45,936|[TRACE] graph - -------> nonSkippedChar
2021-11-19T10:23:45,936|[TRACE] script - #out(`T`) [token]
2021-11-19T10:23:45,936|[TRACE] graph - <------- nonSkippedChar
2021-11-19T10:23:45,936|[TRACE] graph - <----- statementPart
2021-11-19T10:23:45,936|[TRACE] graph - -----> statementPart
2021-11-19T10:23:45,936|[TRACE] graph - -------> nonSkippedChar
2021-11-19T10:23:45,936|[TRACE] script - #out(`O`) [token]
2021-11-19T10:23:45,936|[TRACE] graph - <------- nonSkippedChar
2021-11-19T10:23:45,936|[TRACE] graph - <----- statementPart
2021-11-19T10:23:45,936|[TRACE] graph - -----> statementPart
2021-11-19T10:23:45,936|[TRACE] graph - -------> nonSkippedChar
2021-11-19T10:23:45,936|[TRACE] script - #out(`_`) [token]
2021-11-19T10:23:45,936|[TRACE] graph - <------- nonSkippedChar
2021-11-19T10:23:45,936|[TRACE] graph - <----- statementPart
2021-11-19T10:23:45,936|[TRACE] graph - -----> statementPart
2021-11-19T10:23:45,936|[TRACE] graph - -------> nonSkippedChar
2021-11-19T10:23:45,936|[TRACE] script - #out(`I`) [token]
2021-11-19T10:23:45,936|[TRACE] graph - <------- nonSkippedChar
2021-11-19T10:23:45,936|[TRACE] graph - <----- statementPart
2021-11-19T10:23:45,936|[TRACE] graph - -----> statementPart
2021-11-19T10:23:45,936|[TRACE] graph - -------> nonSkippedChar
2021-11-19T10:23:45,936|[TRACE] script - #out(`N`) [token]
2021-11-19T10:23:45,936|[TRACE] graph - <------- nonSkippedChar
2021-11-19T10:23:45,936|[TRACE] graph - <----- statementPart
2021-11-19T10:23:45,936|[TRACE] graph - -----> statementPart
2021-11-19T10:23:45,936|[TRACE] graph - -------> nonSkippedChar
2021-11-19T10:23:45,936|[TRACE] script - #out(`C`) [token]
2021-11-19T10:23:45,936|[TRACE] graph - <------- nonSkippedChar
2021-11-19T10:23:45,936|[TRACE] graph - <----- statementPart
2021-11-19T10:23:45,936|[TRACE] graph - -----> statementPart
2021-11-19T10:23:45,936|[TRACE] graph - -------> nonSkippedChar
2021-11-19T10:23:45,936|[TRACE] script - #out(`R`) [token]
2021-11-19T10:23:45,936|[TRACE] graph - <------- nonSkippedChar
2021-11-19T10:23:45,936|[TRACE] graph - <----- statementPart
2021-11-19T10:23:45,936|[TRACE] graph - -----> statementPart
2021-11-19T10:23:45,936|[TRACE] graph - -------> nonSkippedChar
2021-11-19T10:23:45,936|[TRACE] script - #out(`E`) [token]
2021-11-19T10:23:45,936|[TRACE] graph - <------- nonSkippedChar
2021-11-19T10:23:45,936|[TRACE] graph - <----- statementPart
2021-11-19T10:23:45,936|[TRACE] graph - -----> statementPart
2021-11-19T10:23:45,936|[TRACE] graph - -------> nonSkippedChar
2021-11-19T10:23:45,936|[TRACE] script - #out(`M`) [token]
2021-11-19T10:23:45,936|[TRACE] graph - <------- nonSkippedChar
2021-11-19T10:23:45,936|[TRACE] graph - <----- statementPart
2021-11-19T10:23:45,936|[TRACE] graph - -----> statementPart
2021-11-19T10:23:45,936|[TRACE] graph - -------> nonSkippedChar
2021-11-19T10:23:45,936|[TRACE] script - #out(`E`) [token]
2021-11-19T10:23:45,936|[TRACE] graph - <------- nonSkippedChar
2021-11-19T10:23:45,936|[TRACE] graph - <----- statementPart
2021-11-19T10:23:45,936|[TRACE] graph - -----> statementPart
2021-11-19T10:23:45,936|[TRACE] graph - -------> nonSkippedChar
2021-11-19T10:23:45,936|[TRACE] script - #out(`N`) [token]
2021-11-19T10:23:45,936|[TRACE] graph - <------- nonSkippedChar
2021-11-19T10:23:45,936|[TRACE] graph - <----- statementPart
2021-11-19T10:23:45,936|[TRACE] graph - -----> statementPart
2021-11-19T10:23:45,936|[TRACE] graph - -------> nonSkippedChar
2021-11-19T10:23:45,936|[TRACE] script - #out(`T`) [token]
2021-11-19T10:23:45,936|[TRACE] graph - <------- nonSkippedChar
2021-11-19T10:23:45,936|[TRACE] graph - <----- statementPart
2021-11-19T10:23:45,936|[TRACE] graph - -----> statementPart
2021-11-19T10:23:45,936|[TRACE] graph - -------> nonSkippedChar
2021-11-19T10:23:45,936|[TRACE] script - #out(`,`) [token]
2021-11-19T10:23:45,936|[TRACE] graph - <------- nonSkippedChar
2021-11-19T10:23:45,936|[TRACE] graph - <----- statementPart
2021-11-19T10:23:45,936|[TRACE] graph - -----> afterStatementPartNewline
2021-11-19T10:23:45,936|[TRACE] script - #out(` `) [text]
2021-11-19T10:23:45,936|[TRACE] graph - <----- afterStatementPartNewline
2021-11-19T10:23:45,936|[TRACE] graph - -----> statementPart
2021-11-19T10:23:45,936|[TRACE] graph - -------> nonSkippedSpace
2021-11-19T10:23:45,936|[TRACE] script - #out(` `) [token]
2021-11-19T10:23:45,936|[TRACE] graph - <------- nonSkippedSpace
2021-11-19T10:23:45,936|[TRACE] graph - <----- statementPart
2021-11-19T10:23:45,936|[TRACE] graph - -----> statementPart
2021-11-19T10:23:45,936|[TRACE] graph - -------> nonSkippedSpace
2021-11-19T10:23:45,936|[TRACE] script - #out(` `) [token]
2021-11-19T10:23:45,936|[TRACE] graph - <------- nonSkippedSpace
2021-11-19T10:23:45,936|[TRACE] graph - <----- statementPart
2021-11-19T10:23:45,936|[TRACE] graph - -----> statementPart
2021-11-19T10:23:45,936|[TRACE] graph - -------> quotedString
2021-11-19T10:23:45,936|[TRACE] script - #out(``person_id``) [token]
2021-11-19T10:23:45,936|[TRACE] graph - <------- quotedString
2021-11-19T10:23:45,936|[TRACE] graph - <----- statementPart
2021-11-19T10:23:45,936|[TRACE] graph - -----> statementPart
2021-11-19T10:23:45,936|[TRACE] graph - -------> nonSkippedSpace
2021-11-19T10:23:45,936|[TRACE] script - #out(` `) [token]
2021-11-19T10:23:45,936|[TRACE] graph - <------- nonSkippedSpace
2021-11-19T10:23:45,936|[TRACE] graph - <----- statementPart
2021-11-19T10:23:45,936|[TRACE] graph - -----> statementPart
2021-11-19T10:23:45,936|[TRACE] graph - -------> nonSkippedChar
2021-11-19T10:23:45,936|[TRACE] script - #out(`I`) [token]
2021-11-19T10:23:45,936|[TRACE] graph - <------- nonSkippedChar
2021-11-19T10:23:45,936|[TRACE] graph - <----- statementPart
2021-11-19T10:23:45,936|[TRACE] graph - -----> statementPart
2021-11-19T10:23:45,936|[TRACE] graph - -------> nonSkippedChar
2021-11-19T10:23:45,936|[TRACE] script - #out(`N`) [token]
2021-11-19T10:23:45,936|[TRACE] graph - <------- nonSkippedChar
2021-11-19T10:23:45,936|[TRACE] graph - <----- statementPart
2021-11-19T10:23:45,936|[TRACE] graph - -----> statementPart
2021-11-19T10:23:45,936|[TRACE] graph - -------> nonSkippedChar
2021-11-19T10:23:45,936|[TRACE] script - #out(`T`) [token]
2021-11-19T10:23:45,936|[TRACE] graph - <------- nonSkippedChar
2021-11-19T10:23:45,936|[TRACE] graph - <----- statementPart
2021-11-19T10:23:45,936|[TRACE] graph - -----> statementPart
2021-11-19T10:23:45,936|[TRACE] graph - -------> nonSkippedSpace
2021-11-19T10:23:45,936|[TRACE] script - #out(` `) [token]
2021-11-19T10:23:45,936|[TRACE] graph - <------- nonSkippedSpace
2021-11-19T10:23:45,936|[TRACE] graph - <----- statementPart
2021-11-19T10:23:45,936|[TRACE] graph - -----> statementPart
2021-11-19T10:23:45,936|[TRACE] graph - -------> nonSkippedChar
2021-11-19T10:23:45,936|[TRACE] script - #out(`N`) [token]
2021-11-19T10:23:45,936|[TRACE] graph - <------- nonSkippedChar
2021-11-19T10:23:45,936|[TRACE] graph - <----- statementPart
2021-11-19T10:23:45,936|[TRACE] graph - -----> statementPart
2021-11-19T10:23:45,936|[TRACE] graph - -------> nonSkippedChar
2021-11-19T10:23:45,936|[TRACE] script - #out(`O`) [token]
2021-11-19T10:23:45,936|[TRACE] graph - <------- nonSkippedChar
2021-11-19T10:23:45,936|[TRACE] graph - <----- statementPart
2021-11-19T10:23:45,936|[TRACE] graph - -----> statementPart
2021-11-19T10:23:45,936|[TRACE] graph - -------> nonSkippedChar
2021-11-19T10:23:45,936|[TRACE] script - #out(`T`) [token]
2021-11-19T10:23:45,936|[TRACE] graph - <------- nonSkippedChar
2021-11-19T10:23:45,936|[TRACE] graph - <----- statementPart
2021-11-19T10:23:45,936|[TRACE] graph - -----> statementPart
2021-11-19T10:23:45,936|[TRACE] graph - -------> nonSkippedSpace
2021-11-19T10:23:45,936|[TRACE] script - #out(` `) [token]
2021-11-19T10:23:45,936|[TRACE] graph - <------- nonSkippedSpace
2021-11-19T10:23:45,936|[TRACE] graph - <----- statementPart
2021-11-19T10:23:45,936|[TRACE] graph - -----> statementPart
2021-11-19T10:23:45,936|[TRACE] graph - -------> nonSkippedChar
2021-11-19T10:23:45,936|[TRACE] script - #out(`N`) [token]
2021-11-19T10:23:45,936|[TRACE] graph - <------- nonSkippedChar
2021-11-19T10:23:45,936|[TRACE] graph - <----- statementPart
2021-11-19T10:23:45,936|[TRACE] graph - -----> statementPart
2021-11-19T10:23:45,936|[TRACE] graph - -------> nonSkippedChar
2021-11-19T10:23:45,936|[TRACE] script - #out(`U`) [token]
2021-11-19T10:23:45,936|[TRACE] graph - <------- nonSkippedChar
2021-11-19T10:23:45,936|[TRACE] graph - <----- statementPart
2021-11-19T10:23:45,936|[TRACE] graph - -----> statementPart
2021-11-19T10:23:45,936|[TRACE] graph - -------> nonSkippedChar
2021-11-19T10:23:45,936|[TRACE] script - #out(`L`) [token]
2021-11-19T10:23:45,936|[TRACE] graph - <------- nonSkippedChar
2021-11-19T10:23:45,936|[TRACE] graph - <----- statementPart
2021-11-19T10:23:45,936|[TRACE] graph - -----> statementPart
2021-11-19T10:23:45,936|[TRACE] graph - -------> nonSkippedChar
2021-11-19T10:23:45,936|[TRACE] script - #out(`L`) [token]
2021-11-19T10:23:45,936|[TRACE] graph - <------- nonSkippedChar
2021-11-19T10:23:45,936|[TRACE] graph - <----- statementPart
2021-11-19T10:23:45,936|[TRACE] graph - -----> statementPart
2021-11-19T10:23:45,936|[TRACE] graph - -------> nonSkippedChar
2021-11-19T10:23:45,936|[TRACE] script - #out(`,`) [token]
2021-11-19T10:23:45,936|[TRACE] graph - <------- nonSkippedChar
2021-11-19T10:23:45,936|[TRACE] graph - <----- statementPart
2021-11-19T10:23:45,936|[TRACE] graph - -----> afterStatementPartNewline
2021-11-19T10:23:45,936|[TRACE] script - #out(` `) [text]
2021-11-19T10:23:45,936|[TRACE] graph - <----- afterStatementPartNewline
2021-11-19T10:23:45,936|[TRACE] graph - -----> statementPart
2021-11-19T10:23:45,936|[TRACE] graph - -------> nonSkippedSpace
2021-11-19T10:23:45,936|[TRACE] script - #out(` `) [token]
2021-11-19T10:23:45,936|[TRACE] graph - <------- nonSkippedSpace
2021-11-19T10:23:45,936|[TRACE] graph - <----- statementPart
2021-11-19T10:23:45,936|[TRACE] graph - -----> statementPart
2021-11-19T10:23:45,936|[TRACE] graph - -------> nonSkippedSpace
2021-11-19T10:23:45,936|[TRACE] script - #out(` `) [token]
2021-11-19T10:23:45,936|[TRACE] graph - <------- nonSkippedSpace
2021-11-19T10:23:45,936|[TRACE] graph - <----- statementPart
2021-11-19T10:23:45,936|[TRACE] graph - -----> statementPart
2021-11-19T10:23:45,936|[TRACE] graph - -------> quotedString
2021-11-19T10:23:45,936|[TRACE] script - #out(``donation_id``) [token]
2021-11-19T10:23:45,936|[TRACE] graph - <------- quotedString
2021-11-19T10:23:45,936|[TRACE] graph - <----- statementPart
2021-11-19T10:23:45,936|[TRACE] graph - -----> statementPart
2021-11-19T10:23:45,936|[TRACE] graph - -------> nonSkippedSpace
2021-11-19T10:23:45,936|[TRACE] script - #out(` `) [token]
2021-11-19T10:23:45,936|[TRACE] graph - <------- nonSkippedSpace
2021-11-19T10:23:45,936|[TRACE] graph - <----- statementPart
2021-11-19T10:23:45,936|[TRACE] graph - -----> statementPart
2021-11-19T10:23:45,936|[TRACE] graph - -------> nonSkippedChar
2021-11-19T10:23:45,936|[TRACE] script - #out(`I`) [token]
2021-11-19T10:23:45,936|[TRACE] graph - <------- nonSkippedChar
2021-11-19T10:23:45,936|[TRACE] graph - <----- statementPart
2021-11-19T10:23:45,936|[TRACE] graph - -----> statementPart
2021-11-19T10:23:45,936|[TRACE] graph - -------> nonSkippedChar
2021-11-19T10:23:45,936|[TRACE] script - #out(`N`) [token]
2021-11-19T10:23:45,936|[TRACE] graph - <------- nonSkippedChar
2021-11-19T10:23:45,936|[TRACE] graph - <----- statementPart
2021-11-19T10:23:45,936|[TRACE] graph - -----> statementPart
2021-11-19T10:23:45,936|[TRACE] graph - -------> nonSkippedChar
2021-11-19T10:23:45,936|[TRACE] script - #out(`T`) [token]
2021-11-19T10:23:45,936|[TRACE] graph - <------- nonSkippedChar
2021-11-19T10:23:45,937|[TRACE] graph - <----- statementPart
2021-11-19T10:23:45,937|[TRACE] graph - -----> statementPart
2021-11-19T10:23:45,937|[TRACE] graph - -------> nonSkippedSpace
2021-11-19T10:23:45,937|[TRACE] script - #out(` `) [token]
2021-11-19T10:23:45,937|[TRACE] graph - <------- nonSkippedSpace
2021-11-19T10:23:45,937|[TRACE] graph - <----- statementPart
2021-11-19T10:23:45,937|[TRACE] graph - -----> statementPart
2021-11-19T10:23:45,937|[TRACE] graph - -------> nonSkippedChar
2021-11-19T10:23:45,937|[TRACE] script - #out(`N`) [token]
2021-11-19T10:23:45,937|[TRACE] graph - <------- nonSkippedChar
2021-11-19T10:23:45,937|[TRACE] graph - <----- statementPart
2021-11-19T10:23:45,937|[TRACE] graph - -----> statementPart
2021-11-19T10:23:45,937|[TRACE] graph - -------> nonSkippedChar
2021-11-19T10:23:45,937|[TRACE] script - #out(`U`) [token]
2021-11-19T10:23:45,937|[TRACE] graph - <------- nonSkippedChar
2021-11-19T10:23:45,937|[TRACE] graph - <----- statementPart
2021-11-19T10:23:45,937|[TRACE] graph - -----> statementPart
2021-11-19T10:23:45,937|[TRACE] graph - -------> nonSkippedChar
2021-11-19T10:23:45,937|[TRACE] script - #out(`L`) [token]
2021-11-19T10:23:45,937|[TRACE] graph - <------- nonSkippedChar
2021-11-19T10:23:45,937|[TRACE] graph - <----- statementPart
2021-11-19T10:23:46,085|[TRACE] graph - -----> statementPart
2021-11-19T10:23:46,085|[TRACE] graph - -------> nonSkippedChar
2021-11-19T10:23:46,085|[TRACE] script - #out(`L`) [token]
2021-11-19T10:23:46,085|[TRACE] graph - <------- nonSkippedChar
2021-11-19T10:23:46,085|[TRACE] graph - <----- statementPart
2021-11-19T10:23:46,085|[TRACE] graph - -----> statementPart
2021-11-19T10:23:46,085|[TRACE] graph - -------> nonSkippedChar
2021-11-19T10:23:46,085|[TRACE] script - #out(`,`) [token]
2021-11-19T10:23:46,085|[TRACE] graph - <------- nonSkippedChar
2021-11-19T10:23:46,085|[TRACE] graph - <----- statementPart
2021-11-19T10:23:46,085|[TRACE] graph - -----> afterStatementPartNewline
2021-11-19T10:23:46,085|[TRACE] script - #out(` `) [text]
2021-11-19T10:23:46,085|[TRACE] graph - <----- afterStatementPartNewline
2021-11-19T10:23:46,085|[TRACE] graph - -----> statementPart
2021-11-19T10:23:46,085|[TRACE] graph - -------> nonSkippedSpace
2021-11-19T10:23:46,085|[TRACE] script - #out(` `) [token]
2021-11-19T10:23:46,085|[TRACE] graph - <------- nonSkippedSpace
2021-11-19T10:23:46,085|[TRACE] graph - <----- statementPart
2021-11-19T10:23:46,085|[TRACE] graph - -----> statementPart
2021-11-19T10:23:46,085|[TRACE] graph - -------> nonSkippedSpace
2021-11-19T10:23:46,085|[TRACE] script - #out(` `) [token]
2021-11-19T10:23:46,085|[TRACE] graph - <------- nonSkippedSpace
2021-11-19T10:23:46,085|[TRACE] graph - <----- statementPart
2021-11-19T10:23:46,085|[TRACE] graph - -----> statementPart
2021-11-19T10:23:46,085|[TRACE] graph - -------> quotedString
2021-11-19T10:23:46,085|[TRACE] script - #out(``tested``) [token]
2021-11-19T10:23:46,085|[TRACE] graph - <------- quotedString
2021-11-19T10:23:46,085|[TRACE] graph - <----- statementPart
2021-11-19T10:23:46,085|[TRACE] graph - -----> statementPart
2021-11-19T10:23:46,085|[TRACE] graph - -------> nonSkippedSpace
2021-11-19T10:23:46,085|[TRACE] script - #out(` `) [token]
2021-11-19T10:23:46,085|[TRACE] graph - <------- nonSkippedSpace
2021-11-19T10:23:46,085|[TRACE] graph - <----- statementPart
2021-11-19T10:23:46,085|[TRACE] graph - -----> statementPart
2021-11-19T10:23:46,085|[TRACE] graph - -------> nonSkippedChar
2021-11-19T10:23:46,085|[TRACE] script - #out(`B`) [token]
2021-11-19T10:23:46,085|[TRACE] graph - <------- nonSkippedChar
2021-11-19T10:23:46,085|[TRACE] graph - <----- statementPart
2021-11-19T10:23:46,085|[TRACE] graph - -----> statementPart
2021-11-19T10:23:46,085|[TRACE] graph - -------> nonSkippedChar
2021-11-19T10:23:46,085|[TRACE] script - #out(`I`) [token]
2021-11-19T10:23:46,085|[TRACE] graph - <------- nonSkippedChar
2021-11-19T10:23:46,085|[TRACE] graph - <----- statementPart
2021-11-19T10:23:46,085|[TRACE] graph - -----> statementPart
2021-11-19T10:23:46,085|[TRACE] graph - -------> nonSkippedChar
2021-11-19T10:23:46,085|[TRACE] script - #out(`T`) [token]
2021-11-19T10:23:46,085|[TRACE] graph - <------- nonSkippedChar
2021-11-19T10:23:46,085|[TRACE] graph - <----- statementPart
2021-11-19T10:23:46,085|[TRACE] graph - -----> statementPart
2021-11-19T10:23:46,085|[TRACE] graph - -------> nonSkippedChar
2021-11-19T10:23:46,085|[TRACE] script - #out(`(`) [token]
2021-11-19T10:23:46,085|[TRACE] graph - <------- nonSkippedChar
2021-11-19T10:23:46,085|[TRACE] graph - <----- statementPart
2021-11-19T10:23:46,085|[TRACE] graph - -----> statementPart
2021-11-19T10:23:46,085|[TRACE] graph - -------> nonSkippedChar
2021-11-19T10:23:46,085|[TRACE] script - #out(`1`) [token]
2021-11-19T10:23:46,085|[TRACE] graph - <------- nonSkippedChar
2021-11-19T10:23:46,085|[TRACE] graph - <----- statementPart
2021-11-19T10:23:46,085|[TRACE] graph - -----> statementPart
2021-11-19T10:23:46,085|[TRACE] graph - -------> nonSkippedChar
2021-11-19T10:23:46,085|[TRACE] script - #out(`)`) [token]
2021-11-19T10:23:46,085|[TRACE] graph - <------- nonSkippedChar
2021-11-19T10:23:46,085|[TRACE] graph - <----- statementPart
2021-11-19T10:23:46,085|[TRACE] graph - -----> statementPart
2021-11-19T10:23:46,085|[TRACE] graph - -------> nonSkippedSpace
2021-11-19T10:23:46,085|[TRACE] script - #out(` `) [token]
2021-11-19T10:23:46,085|[TRACE] graph - <------- nonSkippedSpace
2021-11-19T10:23:46,085|[TRACE] graph - <----- statementPart
2021-11-19T10:23:46,085|[TRACE] graph - -----> statementPart
2021-11-19T10:23:46,085|[TRACE] graph - -------> nonSkippedChar
2021-11-19T10:23:46,085|[TRACE] script - #out(`N`) [token]
2021-11-19T10:23:46,085|[TRACE] graph - <------- nonSkippedChar
2021-11-19T10:23:46,085|[TRACE] graph - <----- statementPart
2021-11-19T10:23:46,085|[TRACE] graph - -----> statementPart
2021-11-19T10:23:46,085|[TRACE] graph - -------> nonSkippedChar
2021-11-19T10:23:46,085|[TRACE] script - #out(`O`) [token]
2021-11-19T10:23:46,085|[TRACE] graph - <------- nonSkippedChar
2021-11-19T10:23:46,085|[TRACE] graph - <----- statementPart
2021-11-19T10:23:46,085|[TRACE] graph - -----> statementPart
2021-11-19T10:23:46,085|[TRACE] graph - -------> nonSkippedChar
2021-11-19T10:23:46,085|[TRACE] script - #out(`T`) [token]
2021-11-19T10:23:46,085|[TRACE] graph - <------- nonSkippedChar
2021-11-19T10:23:46,085|[TRACE] graph - <----- statementPart
2021-11-19T10:23:46,085|[TRACE] graph - -----> statementPart
2021-11-19T10:23:46,085|[TRACE] graph - -------> nonSkippedSpace
2021-11-19T10:23:46,085|[TRACE] script - #out(` `) [token]
2021-11-19T10:23:46,085|[TRACE] graph - <------- nonSkippedSpace
2021-11-19T10:23:46,085|[TRACE] graph - <----- statementPart
2021-11-19T10:23:46,085|[TRACE] graph - -----> statementPart
2021-11-19T10:23:46,085|[TRACE] graph - -------> nonSkippedChar
2021-11-19T10:23:46,085|[TRACE] script - #out(`N`) [token]
2021-11-19T10:23:46,085|[TRACE] graph - <------- nonSkippedChar
2021-11-19T10:23:46,085|[TRACE] graph - <----- statementPart
2021-11-19T10:23:46,085|[TRACE] graph - -----> statementPart
2021-11-19T10:23:46,085|[TRACE] graph - -------> nonSkippedChar
2021-11-19T10:23:46,085|[TRACE] script - #out(`U`) [token]
2021-11-19T10:23:46,085|[TRACE] graph - <------- nonSkippedChar
2021-11-19T10:23:46,085|[TRACE] graph - <----- statementPart
2021-11-19T10:23:46,085|[TRACE] graph - -----> statementPart
2021-11-19T10:23:46,085|[TRACE] graph - -------> nonSkippedChar
2021-11-19T10:23:46,085|[TRACE] script - #out(`L`) [token]
2021-11-19T10:23:46,085|[TRACE] graph - <------- nonSkippedChar
2021-11-19T10:23:46,085|[TRACE] graph - <----- statementPart
2021-11-19T10:23:46,085|[TRACE] graph - -----> statementPart
2021-11-19T10:23:46,085|[TRACE] graph - -------> nonSkippedChar
2021-11-19T10:23:46,085|[TRACE] script - #out(`L`) [token]
2021-11-19T10:23:46,085|[TRACE] graph - <------- nonSkippedChar
2021-11-19T10:23:46,085|[TRACE] graph - <----- statementPart
2021-11-19T10:23:46,085|[TRACE] graph - -----> statementPart
2021-11-19T10:23:46,085|[TRACE] graph - -------> nonSkippedChar
2021-11-19T10:23:46,085|[TRACE] script - #out(`,`) [token]
2021-11-19T10:23:46,085|[TRACE] graph - <------- nonSkippedChar
2021-11-19T10:23:46,085|[TRACE] graph - <----- statementPart
2021-11-19T10:23:46,085|[TRACE] graph - -----> afterStatementPartNewline
2021-11-19T10:23:46,085|[TRACE] script - #out(` `) [text]
2021-11-19T10:23:46,085|[TRACE] graph - <----- afterStatementPartNewline
2021-11-19T10:23:46,085|[TRACE] graph - -----> statementPart
2021-11-19T10:23:46,085|[TRACE] graph - -------> nonSkippedSpace
2021-11-19T10:23:46,085|[TRACE] script - #out(` `) [token]
2021-11-19T10:23:46,085|[TRACE] graph - <------- nonSkippedSpace
2021-11-19T10:23:46,085|[TRACE] graph - <----- statementPart
2021-11-19T10:23:46,085|[TRACE] graph - -----> statementPart
2021-11-19T10:23:46,085|[TRACE] graph - -------> nonSkippedSpace
2021-11-19T10:23:46,085|[TRACE] script - #out(` `) [token]
2021-11-19T10:23:46,085|[TRACE] graph - <------- nonSkippedSpace
2021-11-19T10:23:46,085|[TRACE] graph - <----- statementPart
2021-11-19T10:23:46,085|[TRACE] graph - -----> statementPart
2021-11-19T10:23:46,085|[TRACE] graph - -------> quotedString
2021-11-19T10:23:46,085|[TRACE] script - #out(``created``) [token]
2021-11-19T10:23:46,085|[TRACE] graph - <------- quotedString
2021-11-19T10:23:46,085|[TRACE] graph - <----- statementPart
2021-11-19T10:23:46,085|[TRACE] graph - -----> statementPart
2021-11-19T10:23:46,085|[TRACE] graph - -------> nonSkippedSpace
2021-11-19T10:23:46,085|[TRACE] script - #out(` `) [token]
2021-11-19T10:23:46,085|[TRACE] graph - <------- nonSkippedSpace
2021-11-19T10:23:46,085|[TRACE] graph - <----- statementPart
2021-11-19T10:23:46,085|[TRACE] graph - -----> statementPart
2021-11-19T10:23:46,085|[TRACE] graph - -------> nonSkippedChar
2021-11-19T10:23:46,085|[TRACE] script - #out(`B`) [token]
2021-11-19T10:23:46,085|[TRACE] graph - <------- nonSkippedChar
2021-11-19T10:23:46,086|[TRACE] graph - <----- statementPart
2021-11-19T10:23:46,086|[TRACE] graph - -----> statementPart
2021-11-19T10:23:46,086|[TRACE] graph - -------> nonSkippedChar
2021-11-19T10:23:46,086|[TRACE] script - #out(`I`) [token]
2021-11-19T10:23:46,086|[TRACE] graph - <------- nonSkippedChar
2021-11-19T10:23:46,086|[TRACE] graph - <----- statementPart
2021-11-19T10:23:46,086|[TRACE] graph - -----> statementPart
2021-11-19T10:23:46,086|[TRACE] graph - -------> nonSkippedChar
2021-11-19T10:23:46,086|[TRACE] script - #out(`G`) [token]
2021-11-19T10:23:46,086|[TRACE] graph - <------- nonSkippedChar
2021-11-19T10:23:46,086|[TRACE] graph - <----- statementPart
2021-11-19T10:23:46,086|[TRACE] graph - -----> statementPart
2021-11-19T10:23:46,086|[TRACE] graph - -------> nonSkippedChar
2021-11-19T10:23:46,086|[TRACE] script - #out(`I`) [token]
2021-11-19T10:23:46,086|[TRACE] graph - <------- nonSkippedChar
2021-11-19T10:23:46,086|[TRACE] graph - <----- statementPart
2021-11-19T10:23:46,086|[TRACE] graph - -----> statementPart
2021-11-19T10:23:46,086|[TRACE] graph - -------> nonSkippedChar
2021-11-19T10:23:46,086|[TRACE] script - #out(`N`) [token]
2021-11-19T10:23:46,086|[TRACE] graph - <------- nonSkippedChar
2021-11-19T10:23:46,086|[TRACE] graph - <----- statementPart
2021-11-19T10:23:46,086|[TRACE] graph - -----> statementPart
2021-11-19T10:23:46,086|[TRACE] graph - -------> nonSkippedChar
2021-11-19T10:23:46,086|[TRACE] script - #out(`T`) [token]
2021-11-19T10:23:46,086|[TRACE] graph - <------- nonSkippedChar
2021-11-19T10:23:46,086|[TRACE] graph - <----- statementPart
2021-11-19T10:23:46,086|[TRACE] graph - -----> statementPart
2021-11-19T10:23:46,086|[TRACE] graph - -------> nonSkippedSpace
2021-11-19T10:23:46,086|[TRACE] script - #out(` `) [token]
2021-11-19T10:23:46,086|[TRACE] graph - <------- nonSkippedSpace
2021-11-19T10:23:46,086|[TRACE] graph - <----- statementPart
2021-11-19T10:23:46,086|[TRACE] graph - -----> statementPart
2021-11-19T10:23:46,086|[TRACE] graph - -------> nonSkippedChar
2021-11-19T10:23:46,086|[TRACE] script - #out(`N`) [token]
2021-11-19T10:23:46,086|[TRACE] graph - <------- nonSkippedChar
2021-11-19T10:23:46,086|[TRACE] graph - <----- statementPart
2021-11-19T10:23:46,086|[TRACE] graph - -----> statementPart
2021-11-19T10:23:46,086|[TRACE] graph - -------> nonSkippedChar
2021-11-19T10:23:46,086|[TRACE] script - #out(`O`) [token]
2021-11-19T10:23:46,086|[TRACE] graph - <------- nonSkippedChar
2021-11-19T10:23:46,086|[TRACE] graph - <----- statementPart
2021-11-19T10:23:46,086|[TRACE] graph - -----> statementPart
2021-11-19T10:23:46,086|[TRACE] graph - -------> nonSkippedChar
2021-11-19T10:23:46,086|[TRACE] script - #out(`T`) [token]
2021-11-19T10:23:46,086|[TRACE] graph - <------- nonSkippedChar
2021-11-19T10:23:46,086|[TRACE] graph - <----- statementPart
2021-11-19T10:23:46,086|[TRACE] graph - -----> statementPart
2021-11-19T10:23:46,086|[TRACE] graph - -------> nonSkippedSpace
2021-11-19T10:23:46,086|[TRACE] script - #out(` `) [token]
2021-11-19T10:23:46,086|[TRACE] graph - <------- nonSkippedSpace
2021-11-19T10:23:46,086|[TRACE] graph - <----- statementPart
2021-11-19T10:23:46,086|[TRACE] graph - -----> statementPart
2021-11-19T10:23:46,086|[TRACE] graph - -------> nonSkippedChar
2021-11-19T10:23:46,086|[TRACE] script - #out(`N`) [token]
2021-11-19T10:23:46,086|[TRACE] graph - <------- nonSkippedChar
2021-11-19T10:23:46,086|[TRACE] graph - <----- statementPart
2021-11-19T10:23:46,086|[TRACE] graph - -----> statementPart
2021-11-19T10:23:46,086|[TRACE] graph - -------> nonSkippedChar
2021-11-19T10:23:46,086|[TRACE] script - #out(`U`) [token]
2021-11-19T10:23:46,086|[TRACE] graph - <------- nonSkippedChar
2021-11-19T10:23:46,086|[TRACE] graph - <----- statementPart
2021-11-19T10:23:46,086|[TRACE] graph - -----> statementPart
2021-11-19T10:23:46,086|[TRACE] graph - -------> nonSkippedChar
2021-11-19T10:23:46,086|[TRACE] script - #out(`L`) [token]
2021-11-19T10:23:46,086|[TRACE] graph - <------- nonSkippedChar
2021-11-19T10:23:46,086|[TRACE] graph - <----- statementPart
2021-11-19T10:23:46,086|[TRACE] graph - -----> statementPart
2021-11-19T10:23:46,086|[TRACE] graph - -------> nonSkippedChar
2021-11-19T10:23:46,086|[TRACE] script - #out(`L`) [token]
2021-11-19T10:23:46,086|[TRACE] graph - <------- nonSkippedChar
2021-11-19T10:23:46,086|[TRACE] graph - <----- statementPart
2021-11-19T10:23:46,086|[TRACE] graph - -----> statementPart
2021-11-19T10:23:46,086|[TRACE] graph - -------> nonSkippedSpace
2021-11-19T10:23:46,086|[TRACE] script - #out(` `) [token]
2021-11-19T10:23:46,086|[TRACE] graph - <------- nonSkippedSpace
2021-11-19T10:23:46,086|[TRACE] graph - <----- statementPart
2021-11-19T10:23:46,086|[TRACE] graph - -----> statementPart
2021-11-19T10:23:46,086|[TRACE] graph - -------> nonSkippedChar
2021-11-19T10:23:46,086|[TRACE] script - #out(`D`) [token]
2021-11-19T10:23:46,086|[TRACE] graph - <------- nonSkippedChar
2021-11-19T10:23:46,086|[TRACE] graph - <----- statementPart
2021-11-19T10:23:46,086|[TRACE] graph - -----> statementPart
2021-11-19T10:23:46,086|[TRACE] graph - -------> nonSkippedChar
2021-11-19T10:23:46,086|[TRACE] script - #out(`E`) [token]
2021-11-19T10:23:46,086|[TRACE] graph - <------- nonSkippedChar
2021-11-19T10:23:46,086|[TRACE] graph - <----- statementPart
2021-11-19T10:23:46,086|[TRACE] graph - -----> statementPart
2021-11-19T10:23:46,086|[TRACE] graph - -------> nonSkippedChar
2021-11-19T10:23:46,086|[TRACE] script - #out(`F`) [token]
2021-11-19T10:23:46,086|[TRACE] graph - <------- nonSkippedChar
2021-11-19T10:23:46,086|[TRACE] graph - <----- statementPart
2021-11-19T10:23:46,086|[TRACE] graph - -----> statementPart
2021-11-19T10:23:46,086|[TRACE] graph - -------> nonSkippedChar
2021-11-19T10:23:46,086|[TRACE] script - #out(`A`) [token]
2021-11-19T10:23:46,086|[TRACE] graph - <------- nonSkippedChar
2021-11-19T10:23:46,086|[TRACE] graph - <----- statementPart
2021-11-19T10:23:46,086|[TRACE] graph - -----> statementPart
2021-11-19T10:23:46,086|[TRACE] graph - -------> nonSkippedChar
2021-11-19T10:23:46,086|[TRACE] script - #out(`U`) [token]
2021-11-19T10:23:46,086|[TRACE] graph - <------- nonSkippedChar
2021-11-19T10:23:46,086|[TRACE] graph - <----- statementPart
2021-11-19T10:23:46,086|[TRACE] graph - -----> statementPart
2021-11-19T10:23:46,086|[TRACE] graph - -------> nonSkippedChar
2021-11-19T10:23:46,086|[TRACE] script - #out(`L`) [token]
2021-11-19T10:23:46,086|[TRACE] graph - <------- nonSkippedChar
2021-11-19T10:23:46,086|[TRACE] graph - <----- statementPart
2021-11-19T10:23:46,086|[TRACE] graph - -----> statementPart
2021-11-19T10:23:46,086|[TRACE] graph - -------> nonSkippedChar
2021-11-19T10:23:46,086|[TRACE] script - #out(`T`) [token]
2021-11-19T10:23:46,086|[TRACE] graph - <------- nonSkippedChar
2021-11-19T10:23:46,086|[TRACE] graph - <----- statementPart
2021-11-19T10:23:46,086|[TRACE] graph - -----> statementPart
2021-11-19T10:23:46,086|[TRACE] graph - -------> nonSkippedSpace
2021-11-19T10:23:46,086|[TRACE] script - #out(` `) [token]
2021-11-19T10:23:46,086|[TRACE] graph - <------- nonSkippedSpace
2021-11-19T10:23:46,086|[TRACE] graph - <----- statementPart
2021-11-19T10:23:46,086|[TRACE] graph - -----> statementPart
2021-11-19T10:23:46,086|[TRACE] graph - -------> nonSkippedChar
2021-11-19T10:23:46,086|[TRACE] script - #out(`(`) [token]
2021-11-19T10:23:46,086|[TRACE] graph - <------- nonSkippedChar
2021-11-19T10:23:46,086|[TRACE] graph - <----- statementPart
2021-11-19T10:23:46,086|[TRACE] graph - -----> statementPart
2021-11-19T10:23:46,086|[TRACE] graph - -------> nonSkippedChar
2021-11-19T10:23:46,086|[TRACE] script - #out(`u`) [token]
2021-11-19T10:23:46,086|[TRACE] graph - <------- nonSkippedChar
2021-11-19T10:23:46,086|[TRACE] graph - <----- statementPart
2021-11-19T10:23:46,086|[TRACE] graph - -----> statementPart
2021-11-19T10:23:46,086|[TRACE] graph - -------> nonSkippedChar
2021-11-19T10:23:46,086|[TRACE] script - #out(`n`) [token]
2021-11-19T10:23:46,086|[TRACE] graph - <------- nonSkippedChar
2021-11-19T10:23:46,086|[TRACE] graph - <----- statementPart
2021-11-19T10:23:46,086|[TRACE] graph - -----> statementPart
2021-11-19T10:23:46,086|[TRACE] graph - -------> nonSkippedChar
2021-11-19T10:23:46,086|[TRACE] script - #out(`i`) [token]
2021-11-19T10:23:46,086|[TRACE] graph - <------- nonSkippedChar
2021-11-19T10:23:46,086|[TRACE] graph - <----- statementPart
2021-11-19T10:23:46,086|[TRACE] graph - -----> statementPart
2021-11-19T10:23:46,086|[TRACE] graph - -------> nonSkippedChar
2021-11-19T10:23:46,086|[TRACE] script - #out(`x`) [token]
2021-11-19T10:23:46,086|[TRACE] graph - <------- nonSkippedChar
2021-11-19T10:23:46,086|[TRACE] graph - <----- statementPart
2021-11-19T10:23:46,086|[TRACE] graph - -----> statementPart
2021-11-19T10:23:46,086|[TRACE] graph - -------> nonSkippedChar
2021-11-19T10:23:46,086|[TRACE] script - #out(`_`) [token]
2021-11-19T10:23:46,086|[TRACE] graph - <------- nonSkippedChar
2021-11-19T10:23:46,086|[TRACE] graph - <----- statementPart
2021-11-19T10:23:46,086|[TRACE] graph - -----> statementPart
2021-11-19T10:23:46,086|[TRACE] graph - -------> nonSkippedChar
2021-11-19T10:23:46,086|[TRACE] script - #out(`t`) [token]
2021-11-19T10:23:46,086|[TRACE] graph - <------- nonSkippedChar
2021-11-19T10:23:46,086|[TRACE] graph - <----- statementPart
2021-11-19T10:23:46,086|[TRACE] graph - -----> statementPart
2021-11-19T10:23:46,086|[TRACE] graph - -------> nonSkippedChar
2021-11-19T10:23:46,086|[TRACE] script - #out(`i`) [token]
2021-11-19T10:23:46,086|[TRACE] graph - <------- nonSkippedChar
2021-11-19T10:23:46,086|[TRACE] graph - <----- statementPart
2021-11-19T10:23:46,086|[TRACE] graph - -----> statementPart
2021-11-19T10:23:46,086|[TRACE] graph - -------> nonSkippedChar
2021-11-19T10:23:46,086|[TRACE] script - #out(`m`) [token]
2021-11-19T10:23:46,086|[TRACE] graph - <------- nonSkippedChar
2021-11-19T10:23:46,086|[TRACE] graph - <----- statementPart
2021-11-19T10:23:46,086|[TRACE] graph - -----> statementPart
2021-11-19T10:23:46,086|[TRACE] graph - -------> nonSkippedChar
2021-11-19T10:23:46,086|[TRACE] script - #out(`e`) [token]
2021-11-19T10:23:46,086|[TRACE] graph - <------- nonSkippedChar
2021-11-19T10:23:46,086|[TRACE] graph - <----- statementPart
2021-11-19T10:23:46,086|[TRACE] graph - -----> statementPart
2021-11-19T10:23:46,086|[TRACE] graph - -------> nonSkippedChar
2021-11-19T10:23:46,086|[TRACE] script - #out(`s`) [token]
2021-11-19T10:23:46,086|[TRACE] graph - <------- nonSkippedChar
2021-11-19T10:23:46,086|[TRACE] graph - <----- statementPart
2021-11-19T10:23:46,086|[TRACE] graph - -----> statementPart
2021-11-19T10:23:46,086|[TRACE] graph - -------> nonSkippedChar
2021-11-19T10:23:46,086|[TRACE] script - #out(`t`) [token]
2021-11-19T10:23:46,086|[TRACE] graph - <------- nonSkippedChar
2021-11-19T10:23:46,086|[TRACE] graph - <----- statementPart
2021-11-19T10:23:46,086|[TRACE] graph - -----> statementPart
2021-11-19T10:23:46,086|[TRACE] graph - -------> nonSkippedChar
2021-11-19T10:23:46,086|[TRACE] script - #out(`a`) [token]
2021-11-19T10:23:46,086|[TRACE] graph - <------- nonSkippedChar
2021-11-19T10:23:46,086|[TRACE] graph - <----- statementPart
2021-11-19T10:23:46,086|[TRACE] graph - -----> statementPart
2021-11-19T10:23:46,086|[TRACE] graph - -------> nonSkippedChar
2021-11-19T10:23:46,086|[TRACE] script - #out(`m`) [token]
2021-11-19T10:23:46,086|[TRACE] graph - <------- nonSkippedChar
2021-11-19T10:23:46,086|[TRACE] graph - <----- statementPart
2021-11-19T10:23:46,086|[TRACE] graph - -----> statementPart
2021-11-19T10:23:46,086|[TRACE] graph - -------> nonSkippedChar
2021-11-19T10:23:46,086|[TRACE] script - #out(`p`) [token]
2021-11-19T10:23:46,086|[TRACE] graph - <------- nonSkippedChar
2021-11-19T10:23:46,086|[TRACE] graph - <----- statementPart
2021-11-19T10:23:46,086|[TRACE] graph - -----> statementPart
2021-11-19T10:23:46,086|[TRACE] graph - -------> nonSkippedChar
2021-11-19T10:23:46,086|[TRACE] script - #out(`(`) [token]
2021-11-19T10:23:46,086|[TRACE] graph - <------- nonSkippedChar
2021-11-19T10:23:46,086|[TRACE] graph - <----- statementPart
2021-11-19T10:23:46,086|[TRACE] graph - -----> statementPart
2021-11-19T10:23:46,086|[TRACE] graph - -------> nonSkippedChar
2021-11-19T10:23:46,086|[TRACE] script - #out(`n`) [token]
2021-11-19T10:23:46,086|[TRACE] graph - <------- nonSkippedChar
2021-11-19T10:23:46,086|[TRACE] graph - <----- statementPart
2021-11-19T10:23:46,086|[TRACE] graph - -----> statementPart
2021-11-19T10:23:46,086|[TRACE] graph - -------> nonSkippedChar
2021-11-19T10:23:46,086|[TRACE] script - #out(`o`) [token]
2021-11-19T10:23:46,086|[TRACE] graph - <------- nonSkippedChar
2021-11-19T10:23:46,086|[TRACE] graph - <----- statementPart
2021-11-19T10:23:46,086|[TRACE] graph - -----> statementPart
2021-11-19T10:23:46,086|[TRACE] graph - -------> nonSkippedChar
2021-11-19T10:23:46,086|[TRACE] script - #out(`w`) [token]
2021-11-19T10:23:46,086|[TRACE] graph - <------- nonSkippedChar
2021-11-19T10:23:46,086|[TRACE] graph - <----- statementPart
2021-11-19T10:23:46,086|[TRACE] graph - -----> statementPart
2021-11-19T10:23:46,086|[TRACE] graph - -------> nonSkippedChar
2021-11-19T10:23:46,086|[TRACE] script - #out(`(`) [token]
2021-11-19T10:23:46,086|[TRACE] graph - <------- nonSkippedChar
2021-11-19T10:23:46,086|[TRACE] graph - <----- statementPart
2021-11-19T10:23:46,086|[TRACE] graph - -----> statementPart
2021-11-19T10:23:46,086|[TRACE] graph - -------> nonSkippedChar
2021-11-19T10:23:46,086|[TRACE] script - #out(`)`) [token]
2021-11-19T10:23:46,086|[TRACE] graph - <------- nonSkippedChar
2021-11-19T10:23:46,086|[TRACE] graph - <----- statementPart
2021-11-19T10:23:46,086|[TRACE] graph - -----> statementPart
2021-11-19T10:23:46,086|[TRACE] graph - -------> nonSkippedChar
2021-11-19T10:23:46,086|[TRACE] script - #out(`)`) [token]
2021-11-19T10:23:46,086|[TRACE] graph - <------- nonSkippedChar
2021-11-19T10:23:46,086|[TRACE] graph - <----- statementPart
2021-11-19T10:23:46,086|[TRACE] graph - -----> statementPart
2021-11-19T10:23:46,086|[TRACE] graph - -------> nonSkippedSpace
2021-11-19T10:23:46,086|[TRACE] script - #out(` `) [token]
2021-11-19T10:23:46,086|[TRACE] graph - <------- nonSkippedSpace
2021-11-19T10:23:46,086|[TRACE] graph - <----- statementPart
2021-11-19T10:23:46,086|[TRACE] graph - -----> statementPart
2021-11-19T10:23:46,086|[TRACE] graph - -------> nonSkippedChar
2021-11-19T10:23:46,086|[TRACE] script - #out(`*`) [token]
2021-11-19T10:23:46,086|[TRACE] graph - <------- nonSkippedChar
2021-11-19T10:23:46,086|[TRACE] graph - <----- statementPart
2021-11-19T10:23:46,086|[TRACE] graph - -----> statementPart
2021-11-19T10:23:46,086|[TRACE] graph - -------> nonSkippedSpace
2021-11-19T10:23:46,086|[TRACE] script - #out(` `) [token]
2021-11-19T10:23:46,086|[TRACE] graph - <------- nonSkippedSpace
2021-11-19T10:23:46,086|[TRACE] graph - <----- statementPart
2021-11-19T10:23:46,086|[TRACE] graph - -----> statementPart
2021-11-19T10:23:46,086|[TRACE] graph - -------> nonSkippedChar
2021-11-19T10:23:46,086|[TRACE] script - #out(`1`) [token]
2021-11-19T10:23:46,086|[TRACE] graph - <------- nonSkippedChar
2021-11-19T10:23:46,086|[TRACE] graph - <----- statementPart
2021-11-19T10:23:46,086|[TRACE] graph - -----> statementPart
2021-11-19T10:23:46,086|[TRACE] graph - -------> nonSkippedChar
2021-11-19T10:23:46,086|[TRACE] script - #out(`0`) [token]
2021-11-19T10:23:46,086|[TRACE] graph - <------- nonSkippedChar
2021-11-19T10:23:46,086|[TRACE] graph - <----- statementPart
2021-11-19T10:23:46,086|[TRACE] graph - -----> statementPart
2021-11-19T10:23:46,086|[TRACE] graph - -------> nonSkippedChar
2021-11-19T10:23:46,086|[TRACE] script - #out(`0`) [token]
2021-11-19T10:23:46,086|[TRACE] graph - <------- nonSkippedChar
2021-11-19T10:23:46,086|[TRACE] graph - <----- statementPart
2021-11-19T10:23:46,086|[TRACE] graph - -----> statementPart
2021-11-19T10:23:46,086|[TRACE] graph - -------> nonSkippedChar
2021-11-19T10:23:46,086|[TRACE] script - #out(`0`) [token]
2021-11-19T10:23:46,086|[TRACE] graph - <------- nonSkippedChar
2021-11-19T10:23:46,086|[TRACE] graph - <----- statementPart
2021-11-19T10:23:46,086|[TRACE] graph - -----> statementPart
2021-11-19T10:23:46,086|[TRACE] graph - -------> nonSkippedChar
2021-11-19T10:23:46,086|[TRACE] script - #out(`)`) [token]
2021-11-19T10:23:46,086|[TRACE] graph - <------- nonSkippedChar
2021-11-19T10:23:46,086|[TRACE] graph - <----- statementPart
2021-11-19T10:23:46,086|[TRACE] graph - -----> statementPart
2021-11-19T10:23:46,086|[TRACE] graph - -------> nonSkippedChar
2021-11-19T10:23:46,086|[TRACE] script - #out(`,`) [token]
2021-11-19T10:23:46,086|[TRACE] graph - <------- nonSkippedChar
2021-11-19T10:23:46,086|[TRACE] graph - <----- statementPart
2021-11-19T10:23:46,086|[TRACE] graph - -----> afterStatementPartNewline
2021-11-19T10:23:46,086|[TRACE] script - #out(` `) [text]
2021-11-19T10:23:46,086|[TRACE] graph - <----- afterStatementPartNewline
2021-11-19T10:23:46,086|[TRACE] graph - -----> statementPart
2021-11-19T10:23:46,086|[TRACE] graph - -------> nonSkippedSpace
2021-11-19T10:23:46,086|[TRACE] script - #out(` `) [token]
2021-11-19T10:23:46,086|[TRACE] graph - <------- nonSkippedSpace
2021-11-19T10:23:46,086|[TRACE] graph - <----- statementPart
2021-11-19T10:23:46,086|[TRACE] graph - -----> statementPart
2021-11-19T10:23:46,086|[TRACE] graph - -------> nonSkippedSpace
2021-11-19T10:23:46,086|[TRACE] script - #out(` `) [token]
2021-11-19T10:23:46,086|[TRACE] graph - <------- nonSkippedSpace
2021-11-19T10:23:46,086|[TRACE] graph - <----- statementPart
2021-11-19T10:23:46,086|[TRACE] graph - -----> statementPart
2021-11-19T10:23:46,086|[TRACE] graph - -------> quotedString
2021-11-19T10:23:46,086|[TRACE] script - #out(``updated``) [token]
2021-11-19T10:23:46,086|[TRACE] graph - <------- quotedString
2021-11-19T10:23:46,086|[TRACE] graph - <----- statementPart
2021-11-19T10:23:46,086|[TRACE] graph - -----> statementPart
2021-11-19T10:23:46,086|[TRACE] graph - -------> nonSkippedSpace
2021-11-19T10:23:46,086|[TRACE] script - #out(` `) [token]
2021-11-19T10:23:46,086|[TRACE] graph - <------- nonSkippedSpace
2021-11-19T10:23:46,086|[TRACE] graph - <----- statementPart
2021-11-19T10:23:46,086|[TRACE] graph - -----> statementPart
2021-11-19T10:23:46,086|[TRACE] graph - -------> nonSkippedChar
2021-11-19T10:23:46,087|[TRACE] script - #out(`B`) [token]
2021-11-19T10:23:46,087|[TRACE] graph - <------- nonSkippedChar
2021-11-19T10:23:46,087|[TRACE] graph - <----- statementPart
2021-11-19T10:23:46,087|[TRACE] graph - -----> statementPart
2021-11-19T10:23:46,087|[TRACE] graph - -------> nonSkippedChar
2021-11-19T10:23:46,087|[TRACE] script - #out(`I`) [token]
2021-11-19T10:23:46,087|[TRACE] graph - <------- nonSkippedChar
2021-11-19T10:23:46,087|[TRACE] graph - <----- statementPart
2021-11-19T10:23:46,087|[TRACE] graph - -----> statementPart
2021-11-19T10:23:46,087|[TRACE] graph - -------> nonSkippedChar
2021-11-19T10:23:46,087|[TRACE] script - #out(`G`) [token]
2021-11-19T10:23:46,087|[TRACE] graph - <------- nonSkippedChar
2021-11-19T10:23:46,087|[TRACE] graph - <----- statementPart
2021-11-19T10:23:46,087|[TRACE] graph - -----> statementPart
2021-11-19T10:23:46,087|[TRACE] graph - -------> nonSkippedChar
2021-11-19T10:23:46,087|[TRACE] script - #out(`I`) [token]
2021-11-19T10:23:46,087|[TRACE] graph - <------- nonSkippedChar
2021-11-19T10:23:46,087|[TRACE] graph - <----- statementPart
2021-11-19T10:23:46,087|[TRACE] graph - -----> statementPart
2021-11-19T10:23:46,087|[TRACE] graph - -------> nonSkippedChar
2021-11-19T10:23:46,087|[TRACE] script - #out(`N`) [token]
2021-11-19T10:23:46,087|[TRACE] graph - <------- nonSkippedChar
2021-11-19T10:23:46,087|[TRACE] graph - <----- statementPart
2021-11-19T10:23:46,087|[TRACE] graph - -----> statementPart
2021-11-19T10:23:46,087|[TRACE] graph - -------> nonSkippedChar
2021-11-19T10:23:46,087|[TRACE] script - #out(`T`) [token]
2021-11-19T10:23:46,087|[TRACE] graph - <------- nonSkippedChar
2021-11-19T10:23:46,087|[TRACE] graph - <----- statementPart
2021-11-19T10:23:46,233|[TRACE] graph - -----> statementPart
2021-11-19T10:23:46,233|[TRACE] graph - -------> nonSkippedSpace
2021-11-19T10:23:46,233|[TRACE] script - #out(` `) [token]
2021-11-19T10:23:46,233|[TRACE] graph - <------- nonSkippedSpace
2021-11-19T10:23:46,233|[TRACE] graph - <----- statementPart
2021-11-19T10:23:46,233|[TRACE] graph - -----> statementPart
2021-11-19T10:23:46,233|[TRACE] graph - -------> nonSkippedChar
2021-11-19T10:23:46,233|[TRACE] script - #out(`N`) [token]
2021-11-19T10:23:46,233|[TRACE] graph - <------- nonSkippedChar
2021-11-19T10:23:46,233|[TRACE] graph - <----- statementPart
2021-11-19T10:23:46,233|[TRACE] graph - -----> statementPart
2021-11-19T10:23:46,233|[TRACE] graph - -------> nonSkippedChar
2021-11-19T10:23:46,233|[TRACE] script - #out(`O`) [token]
2021-11-19T10:23:46,233|[TRACE] graph - <------- nonSkippedChar
2021-11-19T10:23:46,233|[TRACE] graph - <----- statementPart
2021-11-19T10:23:46,233|[TRACE] graph - -----> statementPart
2021-11-19T10:23:46,233|[TRACE] graph - -------> nonSkippedChar
2021-11-19T10:23:46,233|[TRACE] script - #out(`T`) [token]
2021-11-19T10:23:46,233|[TRACE] graph - <------- nonSkippedChar
2021-11-19T10:23:46,233|[TRACE] graph - <----- statementPart
2021-11-19T10:23:46,233|[TRACE] graph - -----> statementPart
2021-11-19T10:23:46,233|[TRACE] graph - -------> nonSkippedSpace
2021-11-19T10:23:46,233|[TRACE] script - #out(` `) [token]
2021-11-19T10:23:46,233|[TRACE] graph - <------- nonSkippedSpace
2021-11-19T10:23:46,233|[TRACE] graph - <----- statementPart
2021-11-19T10:23:46,233|[TRACE] graph - -----> statementPart
2021-11-19T10:23:46,233|[TRACE] graph - -------> nonSkippedChar
2021-11-19T10:23:46,233|[TRACE] script - #out(`N`) [token]
2021-11-19T10:23:46,233|[TRACE] graph - <------- nonSkippedChar
2021-11-19T10:23:46,233|[TRACE] graph - <----- statementPart
2021-11-19T10:23:46,233|[TRACE] graph - -----> statementPart
2021-11-19T10:23:46,233|[TRACE] graph - -------> nonSkippedChar
2021-11-19T10:23:46,233|[TRACE] script - #out(`U`) [token]
2021-11-19T10:23:46,233|[TRACE] graph - <------- nonSkippedChar
2021-11-19T10:23:46,233|[TRACE] graph - <----- statementPart
2021-11-19T10:23:46,233|[TRACE] graph - -----> statementPart
2021-11-19T10:23:46,233|[TRACE] graph - -------> nonSkippedChar
2021-11-19T10:23:46,233|[TRACE] script - #out(`L`) [token]
2021-11-19T10:23:46,233|[TRACE] graph - <------- nonSkippedChar
2021-11-19T10:23:46,233|[TRACE] graph - <----- statementPart
2021-11-19T10:23:46,233|[TRACE] graph - -----> statementPart
2021-11-19T10:23:46,233|[TRACE] graph - -------> nonSkippedChar
2021-11-19T10:23:46,233|[TRACE] script - #out(`L`) [token]
2021-11-19T10:23:46,233|[TRACE] graph - <------- nonSkippedChar
2021-11-19T10:23:46,233|[TRACE] graph - <----- statementPart
2021-11-19T10:23:46,233|[TRACE] graph - -----> statementPart
2021-11-19T10:23:46,233|[TRACE] graph - -------> nonSkippedSpace
2021-11-19T10:23:46,233|[TRACE] script - #out(` `) [token]
2021-11-19T10:23:46,233|[TRACE] graph - <------- nonSkippedSpace
2021-11-19T10:23:46,233|[TRACE] graph - <----- statementPart
2021-11-19T10:23:46,233|[TRACE] graph - -----> statementPart
2021-11-19T10:23:46,233|[TRACE] graph - -------> nonSkippedChar
2021-11-19T10:23:46,233|[TRACE] script - #out(`D`) [token]
2021-11-19T10:23:46,233|[TRACE] graph - <------- nonSkippedChar
2021-11-19T10:23:46,233|[TRACE] graph - <----- statementPart
2021-11-19T10:23:46,233|[TRACE] graph - -----> statementPart
2021-11-19T10:23:46,233|[TRACE] graph - -------> nonSkippedChar
2021-11-19T10:23:46,233|[TRACE] script - #out(`E`) [token]
2021-11-19T10:23:46,233|[TRACE] graph - <------- nonSkippedChar
2021-11-19T10:23:46,233|[TRACE] graph - <----- statementPart
2021-11-19T10:23:46,233|[TRACE] graph - -----> statementPart
2021-11-19T10:23:46,233|[TRACE] graph - -------> nonSkippedChar
2021-11-19T10:23:46,233|[TRACE] script - #out(`F`) [token]
2021-11-19T10:23:46,233|[TRACE] graph - <------- nonSkippedChar
2021-11-19T10:23:46,233|[TRACE] graph - <----- statementPart
2021-11-19T10:23:46,233|[TRACE] graph - -----> statementPart
2021-11-19T10:23:46,233|[TRACE] graph - -------> nonSkippedChar
2021-11-19T10:23:46,233|[TRACE] script - #out(`A`) [token]
2021-11-19T10:23:46,233|[TRACE] graph - <------- nonSkippedChar
2021-11-19T10:23:46,233|[TRACE] graph - <----- statementPart
2021-11-19T10:23:46,233|[TRACE] graph - -----> statementPart
2021-11-19T10:23:46,233|[TRACE] graph - -------> nonSkippedChar
2021-11-19T10:23:46,233|[TRACE] script - #out(`U`) [token]
2021-11-19T10:23:46,233|[TRACE] graph - <------- nonSkippedChar
2021-11-19T10:23:46,233|[TRACE] graph - <----- statementPart
2021-11-19T10:23:46,233|[TRACE] graph - -----> statementPart
2021-11-19T10:23:46,233|[TRACE] graph - -------> nonSkippedChar
2021-11-19T10:23:46,233|[TRACE] script - #out(`L`) [token]
2021-11-19T10:23:46,233|[TRACE] graph - <------- nonSkippedChar
2021-11-19T10:23:46,233|[TRACE] graph - <----- statementPart
2021-11-19T10:23:46,233|[TRACE] graph - -----> statementPart
2021-11-19T10:23:46,233|[TRACE] graph - -------> nonSkippedChar
2021-11-19T10:23:46,233|[TRACE] script - #out(`T`) [token]
2021-11-19T10:23:46,233|[TRACE] graph - <------- nonSkippedChar
2021-11-19T10:23:46,233|[TRACE] graph - <----- statementPart
2021-11-19T10:23:46,233|[TRACE] graph - -----> statementPart
2021-11-19T10:23:46,233|[TRACE] graph - -------> nonSkippedSpace
2021-11-19T10:23:46,233|[TRACE] script - #out(` `) [token]
2021-11-19T10:23:46,233|[TRACE] graph - <------- nonSkippedSpace
2021-11-19T10:23:46,233|[TRACE] graph - <----- statementPart
2021-11-19T10:23:46,233|[TRACE] graph - -----> statementPart
2021-11-19T10:23:46,233|[TRACE] graph - -------> nonSkippedChar
2021-11-19T10:23:46,233|[TRACE] script - #out(`(`) [token]
2021-11-19T10:23:46,233|[TRACE] graph - <------- nonSkippedChar
2021-11-19T10:23:46,233|[TRACE] graph - <----- statementPart
2021-11-19T10:23:46,233|[TRACE] graph - -----> statementPart
2021-11-19T10:23:46,233|[TRACE] graph - -------> nonSkippedChar
2021-11-19T10:23:46,233|[TRACE] script - #out(`u`) [token]
2021-11-19T10:23:46,233|[TRACE] graph - <------- nonSkippedChar
2021-11-19T10:23:46,233|[TRACE] graph - <----- statementPart
2021-11-19T10:23:46,233|[TRACE] graph - -----> statementPart
2021-11-19T10:23:46,233|[TRACE] graph - -------> nonSkippedChar
2021-11-19T10:23:46,233|[TRACE] script - #out(`n`) [token]
2021-11-19T10:23:46,233|[TRACE] graph - <------- nonSkippedChar
2021-11-19T10:23:46,233|[TRACE] graph - <----- statementPart
2021-11-19T10:23:46,233|[TRACE] graph - -----> statementPart
2021-11-19T10:23:46,233|[TRACE] graph - -------> nonSkippedChar
2021-11-19T10:23:46,233|[TRACE] script - #out(`i`) [token]
2021-11-19T10:23:46,233|[TRACE] graph - <------- nonSkippedChar
2021-11-19T10:23:46,233|[TRACE] graph - <----- statementPart
2021-11-19T10:23:46,233|[TRACE] graph - -----> statementPart
2021-11-19T10:23:46,233|[TRACE] graph - -------> nonSkippedChar
2021-11-19T10:23:46,233|[TRACE] script - #out(`x`) [token]
2021-11-19T10:23:46,233|[TRACE] graph - <------- nonSkippedChar
2021-11-19T10:23:46,233|[TRACE] graph - <----- statementPart
2021-11-19T10:23:46,233|[TRACE] graph - -----> statementPart
2021-11-19T10:23:46,233|[TRACE] graph - -------> nonSkippedChar
2021-11-19T10:23:46,233|[TRACE] script - #out(`_`) [token]
2021-11-19T10:23:46,233|[TRACE] graph - <------- nonSkippedChar
2021-11-19T10:23:46,233|[TRACE] graph - <----- statementPart
2021-11-19T10:23:46,233|[TRACE] graph - -----> statementPart
2021-11-19T10:23:46,233|[TRACE] graph - -------> nonSkippedChar
2021-11-19T10:23:46,233|[TRACE] script - #out(`t`) [token]
2021-11-19T10:23:46,233|[TRACE] graph - <------- nonSkippedChar
2021-11-19T10:23:46,233|[TRACE] graph - <----- statementPart
2021-11-19T10:23:46,233|[TRACE] graph - -----> statementPart
2021-11-19T10:23:46,233|[TRACE] graph - -------> nonSkippedChar
2021-11-19T10:23:46,233|[TRACE] script - #out(`i`) [token]
2021-11-19T10:23:46,233|[TRACE] graph - <------- nonSkippedChar
2021-11-19T10:23:46,233|[TRACE] graph - <----- statementPart
2021-11-19T10:23:46,233|[TRACE] graph - -----> statementPart
2021-11-19T10:23:46,233|[TRACE] graph - -------> nonSkippedChar
2021-11-19T10:23:46,233|[TRACE] script - #out(`m`) [token]
2021-11-19T10:23:46,233|[TRACE] graph - <------- nonSkippedChar
2021-11-19T10:23:46,233|[TRACE] graph - <----- statementPart
2021-11-19T10:23:46,233|[TRACE] graph - -----> statementPart
2021-11-19T10:23:46,233|[TRACE] graph - -------> nonSkippedChar
2021-11-19T10:23:46,233|[TRACE] script - #out(`e`) [token]
2021-11-19T10:23:46,233|[TRACE] graph - <------- nonSkippedChar
2021-11-19T10:23:46,233|[TRACE] graph - <----- statementPart
2021-11-19T10:23:46,233|[TRACE] graph - -----> statementPart
2021-11-19T10:23:46,233|[TRACE] graph - -------> nonSkippedChar
2021-11-19T10:23:46,233|[TRACE] script - #out(`s`) [token]
2021-11-19T10:23:46,233|[TRACE] graph - <------- nonSkippedChar
2021-11-19T10:23:46,233|[TRACE] graph - <----- statementPart
2021-11-19T10:23:46,233|[TRACE] graph - -----> statementPart
2021-11-19T10:23:46,233|[TRACE] graph - -------> nonSkippedChar
2021-11-19T10:23:46,233|[TRACE] script - #out(`t`) [token]
2021-11-19T10:23:46,233|[TRACE] graph - <------- nonSkippedChar
2021-11-19T10:23:46,233|[TRACE] graph - <----- statementPart
2021-11-19T10:23:46,233|[TRACE] graph - -----> statementPart
2021-11-19T10:23:46,233|[TRACE] graph - -------> nonSkippedChar
2021-11-19T10:23:46,233|[TRACE] script - #out(`a`) [token]
2021-11-19T10:23:46,233|[TRACE] graph - <------- nonSkippedChar
2021-11-19T10:23:46,233|[TRACE] graph - <----- statementPart
2021-11-19T10:23:46,233|[TRACE] graph - -----> statementPart
2021-11-19T10:23:46,233|[TRACE] graph - -------> nonSkippedChar
2021-11-19T10:23:46,233|[TRACE] script - #out(`m`) [token]
2021-11-19T10:23:46,233|[TRACE] graph - <------- nonSkippedChar
2021-11-19T10:23:46,233|[TRACE] graph - <----- statementPart
2021-11-19T10:23:46,233|[TRACE] graph - -----> statementPart
2021-11-19T10:23:46,233|[TRACE] graph - -------> nonSkippedChar
2021-11-19T10:23:46,233|[TRACE] script - #out(`p`) [token]
2021-11-19T10:23:46,233|[TRACE] graph - <------- nonSkippedChar
2021-11-19T10:23:46,233|[TRACE] graph - <----- statementPart
2021-11-19T10:23:46,233|[TRACE] graph - -----> statementPart
2021-11-19T10:23:46,233|[TRACE] graph - -------> nonSkippedChar
2021-11-19T10:23:46,233|[TRACE] script - #out(`(`) [token]
2021-11-19T10:23:46,233|[TRACE] graph - <------- nonSkippedChar
2021-11-19T10:23:46,233|[TRACE] graph - <----- statementPart
2021-11-19T10:23:46,233|[TRACE] graph - -----> statementPart
2021-11-19T10:23:46,233|[TRACE] graph - -------> nonSkippedChar
2021-11-19T10:23:46,233|[TRACE] script - #out(`n`) [token]
2021-11-19T10:23:46,233|[TRACE] graph - <------- nonSkippedChar
2021-11-19T10:23:46,233|[TRACE] graph - <----- statementPart
2021-11-19T10:23:46,233|[TRACE] graph - -----> statementPart
2021-11-19T10:23:46,233|[TRACE] graph - -------> nonSkippedChar
2021-11-19T10:23:46,233|[TRACE] script - #out(`o`) [token]
2021-11-19T10:23:46,233|[TRACE] graph - <------- nonSkippedChar
2021-11-19T10:23:46,233|[TRACE] graph - <----- statementPart
2021-11-19T10:23:46,233|[TRACE] graph - -----> statementPart
2021-11-19T10:23:46,233|[TRACE] graph - -------> nonSkippedChar
2021-11-19T10:23:46,233|[TRACE] script - #out(`w`) [token]
2021-11-19T10:23:46,233|[TRACE] graph - <------- nonSkippedChar
2021-11-19T10:23:46,233|[TRACE] graph - <----- statementPart
2021-11-19T10:23:46,233|[TRACE] graph - -----> statementPart
2021-11-19T10:23:46,233|[TRACE] graph - -------> nonSkippedChar
2021-11-19T10:23:46,233|[TRACE] script - #out(`(`) [token]
2021-11-19T10:23:46,233|[TRACE] graph - <------- nonSkippedChar
2021-11-19T10:23:46,233|[TRACE] graph - <----- statementPart
2021-11-19T10:23:46,233|[TRACE] graph - -----> statementPart
2021-11-19T10:23:46,233|[TRACE] graph - -------> nonSkippedChar
2021-11-19T10:23:46,233|[TRACE] script - #out(`)`) [token]
2021-11-19T10:23:46,233|[TRACE] graph - <------- nonSkippedChar
2021-11-19T10:23:46,233|[TRACE] graph - <----- statementPart
2021-11-19T10:23:46,233|[TRACE] graph - -----> statementPart
2021-11-19T10:23:46,233|[TRACE] graph - -------> nonSkippedChar
2021-11-19T10:23:46,233|[TRACE] script - #out(`)`) [token]
2021-11-19T10:23:46,233|[TRACE] graph - <------- nonSkippedChar
2021-11-19T10:23:46,233|[TRACE] graph - <----- statementPart
2021-11-19T10:23:46,233|[TRACE] graph - -----> statementPart
2021-11-19T10:23:46,233|[TRACE] graph - -------> nonSkippedSpace
2021-11-19T10:23:46,234|[TRACE] script - #out(` `) [token]
2021-11-19T10:23:46,234|[TRACE] graph - <------- nonSkippedSpace
2021-11-19T10:23:46,234|[TRACE] graph - <----- statementPart
2021-11-19T10:23:46,234|[TRACE] graph - -----> statementPart
2021-11-19T10:23:46,234|[TRACE] graph - -------> nonSkippedChar
2021-11-19T10:23:46,234|[TRACE] script - #out(`*`) [token]
2021-11-19T10:23:46,234|[TRACE] graph - <------- nonSkippedChar
2021-11-19T10:23:46,234|[TRACE] graph - <----- statementPart
2021-11-19T10:23:46,234|[TRACE] graph - -----> statementPart
2021-11-19T10:23:46,234|[TRACE] graph - -------> nonSkippedSpace
2021-11-19T10:23:46,234|[TRACE] script - #out(` `) [token]
2021-11-19T10:23:46,234|[TRACE] graph - <------- nonSkippedSpace
2021-11-19T10:23:46,234|[TRACE] graph - <----- statementPart
2021-11-19T10:23:46,234|[TRACE] graph - -----> statementPart
2021-11-19T10:23:46,234|[TRACE] graph - -------> nonSkippedChar
2021-11-19T10:23:46,234|[TRACE] script - #out(`1`) [token]
2021-11-19T10:23:46,234|[TRACE] graph - <------- nonSkippedChar
2021-11-19T10:23:46,234|[TRACE] graph - <----- statementPart
2021-11-19T10:23:46,234|[TRACE] graph - -----> statementPart
2021-11-19T10:23:46,234|[TRACE] graph - -------> nonSkippedChar
2021-11-19T10:23:46,234|[TRACE] script - #out(`0`) [token]
2021-11-19T10:23:46,234|[TRACE] graph - <------- nonSkippedChar
2021-11-19T10:23:46,234|[TRACE] graph - <----- statementPart
2021-11-19T10:23:46,234|[TRACE] graph - -----> statementPart
2021-11-19T10:23:46,234|[TRACE] graph - -------> nonSkippedChar
2021-11-19T10:23:46,234|[TRACE] script - #out(`0`) [token]
2021-11-19T10:23:46,234|[TRACE] graph - <------- nonSkippedChar
2021-11-19T10:23:46,234|[TRACE] graph - <----- statementPart
2021-11-19T10:23:46,234|[TRACE] graph - -----> statementPart
2021-11-19T10:23:46,234|[TRACE] graph - -------> nonSkippedChar
2021-11-19T10:23:46,234|[TRACE] script - #out(`0`) [token]
2021-11-19T10:23:46,234|[TRACE] graph - <------- nonSkippedChar
2021-11-19T10:23:46,234|[TRACE] graph - <----- statementPart
2021-11-19T10:23:46,234|[TRACE] graph - -----> statementPart
2021-11-19T10:23:46,234|[TRACE] graph - -------> nonSkippedChar
2021-11-19T10:23:46,234|[TRACE] script - #out(`)`) [token]
2021-11-19T10:23:46,234|[TRACE] graph - <------- nonSkippedChar
2021-11-19T10:23:46,234|[TRACE] graph - <----- statementPart
2021-11-19T10:23:46,234|[TRACE] graph - -----> statementPart
2021-11-19T10:23:46,234|[TRACE] graph - -------> nonSkippedChar
2021-11-19T10:23:46,234|[TRACE] script - #out(`,`) [token]
2021-11-19T10:23:46,234|[TRACE] graph - <------- nonSkippedChar
2021-11-19T10:23:46,234|[TRACE] graph - <----- statementPart
2021-11-19T10:23:46,234|[TRACE] graph - -----> afterStatementPartNewline
2021-11-19T10:23:46,234|[TRACE] script - #out(` `) [text]
2021-11-19T10:23:46,234|[TRACE] graph - <----- afterStatementPartNewline
2021-11-19T10:23:46,234|[TRACE] graph - -----> statementPart
2021-11-19T10:23:46,234|[TRACE] graph - -------> nonSkippedSpace
2021-11-19T10:23:46,234|[TRACE] script - #out(` `) [token]
2021-11-19T10:23:46,234|[TRACE] graph - <------- nonSkippedSpace
2021-11-19T10:23:46,234|[TRACE] graph - <----- statementPart
2021-11-19T10:23:46,234|[TRACE] graph - -----> statementPart
2021-11-19T10:23:46,234|[TRACE] graph - -------> nonSkippedSpace
2021-11-19T10:23:46,234|[TRACE] script - #out(` `) [token]
2021-11-19T10:23:46,234|[TRACE] graph - <------- nonSkippedSpace
2021-11-19T10:23:46,234|[TRACE] graph - <----- statementPart
2021-11-19T10:23:46,234|[TRACE] graph - -----> statementPart
2021-11-19T10:23:46,234|[TRACE] graph - -------> quotedString
2021-11-19T10:23:46,234|[TRACE] script - #out(``version``) [token]
2021-11-19T10:23:46,234|[TRACE] graph - <------- quotedString
2021-11-19T10:23:46,234|[TRACE] graph - <----- statementPart
2021-11-19T10:23:46,234|[TRACE] graph - -----> statementPart
2021-11-19T10:23:46,234|[TRACE] graph - -------> nonSkippedSpace
2021-11-19T10:23:46,234|[TRACE] script - #out(` `) [token]
2021-11-19T10:23:46,234|[TRACE] graph - <------- nonSkippedSpace
2021-11-19T10:23:46,234|[TRACE] graph - <----- statementPart
2021-11-19T10:23:46,234|[TRACE] graph - -----> statementPart
2021-11-19T10:23:46,234|[TRACE] graph - -------> nonSkippedChar
2021-11-19T10:23:46,234|[TRACE] script - #out(`I`) [token]
2021-11-19T10:23:46,234|[TRACE] graph - <------- nonSkippedChar
2021-11-19T10:23:46,234|[TRACE] graph - <----- statementPart
2021-11-19T10:23:46,234|[TRACE] graph - -----> statementPart
2021-11-19T10:23:46,234|[TRACE] graph - -------> nonSkippedChar
2021-11-19T10:23:46,234|[TRACE] script - #out(`N`) [token]
2021-11-19T10:23:46,234|[TRACE] graph - <------- nonSkippedChar
2021-11-19T10:23:46,234|[TRACE] graph - <----- statementPart
2021-11-19T10:23:46,234|[TRACE] graph - -----> statementPart
2021-11-19T10:23:46,234|[TRACE] graph - -------> nonSkippedChar
2021-11-19T10:23:46,234|[TRACE] script - #out(`T`) [token]
2021-11-19T10:23:46,234|[TRACE] graph - <------- nonSkippedChar
2021-11-19T10:23:46,234|[TRACE] graph - <----- statementPart
2021-11-19T10:23:46,234|[TRACE] graph - -----> statementPart
2021-11-19T10:23:46,234|[TRACE] graph - -------> nonSkippedSpace
2021-11-19T10:23:46,234|[TRACE] script - #out(` `) [token]
2021-11-19T10:23:46,234|[TRACE] graph - <------- nonSkippedSpace
2021-11-19T10:23:46,234|[TRACE] graph - <----- statementPart
2021-11-19T10:23:46,234|[TRACE] graph - -----> statementPart
2021-11-19T10:23:46,234|[TRACE] graph - -------> nonSkippedChar
2021-11-19T10:23:46,234|[TRACE] script - #out(`N`) [token]
2021-11-19T10:23:46,234|[TRACE] graph - <------- nonSkippedChar
2021-11-19T10:23:46,234|[TRACE] graph - <----- statementPart
2021-11-19T10:23:46,234|[TRACE] graph - -----> statementPart
2021-11-19T10:23:46,234|[TRACE] graph - -------> nonSkippedChar
2021-11-19T10:23:46,234|[TRACE] script - #out(`O`) [token]
2021-11-19T10:23:46,234|[TRACE] graph - <------- nonSkippedChar
2021-11-19T10:23:46,234|[TRACE] graph - <----- statementPart
2021-11-19T10:23:46,234|[TRACE] graph - -----> statementPart
2021-11-19T10:23:46,234|[TRACE] graph - -------> nonSkippedChar
2021-11-19T10:23:46,234|[TRACE] script - #out(`T`) [token]
2021-11-19T10:23:46,234|[TRACE] graph - <------- nonSkippedChar
2021-11-19T10:23:46,234|[TRACE] graph - <----- statementPart
2021-11-19T10:23:46,234|[TRACE] graph - -----> statementPart
2021-11-19T10:23:46,234|[TRACE] graph - -------> nonSkippedSpace
2021-11-19T10:23:46,234|[TRACE] script - #out(` `) [token]
2021-11-19T10:23:46,234|[TRACE] graph - <------- nonSkippedSpace
2021-11-19T10:23:46,234|[TRACE] graph - <----- statementPart
2021-11-19T10:23:46,234|[TRACE] graph - -----> statementPart
2021-11-19T10:23:46,234|[TRACE] graph - -------> nonSkippedChar
2021-11-19T10:23:46,234|[TRACE] script - #out(`N`) [token]
2021-11-19T10:23:46,234|[TRACE] graph - <------- nonSkippedChar
2021-11-19T10:23:46,234|[TRACE] graph - <----- statementPart
2021-11-19T10:23:46,234|[TRACE] graph - -----> statementPart
2021-11-19T10:23:46,234|[TRACE] graph - -------> nonSkippedChar
2021-11-19T10:23:46,234|[TRACE] script - #out(`U`) [token]
2021-11-19T10:23:46,234|[TRACE] graph - <------- nonSkippedChar
2021-11-19T10:23:46,234|[TRACE] graph - <----- statementPart
2021-11-19T10:23:46,234|[TRACE] graph - -----> statementPart
2021-11-19T10:23:46,234|[TRACE] graph - -------> nonSkippedChar
2021-11-19T10:23:46,234|[TRACE] script - #out(`L`) [token]
2021-11-19T10:23:46,234|[TRACE] graph - <------- nonSkippedChar
2021-11-19T10:23:46,234|[TRACE] graph - <----- statementPart
2021-11-19T10:23:46,234|[TRACE] graph - -----> statementPart
2021-11-19T10:23:46,234|[TRACE] graph - -------> nonSkippedChar
2021-11-19T10:23:46,234|[TRACE] script - #out(`L`) [token]
2021-11-19T10:23:46,234|[TRACE] graph - <------- nonSkippedChar
2021-11-19T10:23:46,234|[TRACE] graph - <----- statementPart
2021-11-19T10:23:46,234|[TRACE] graph - -----> statementPart
2021-11-19T10:23:46,234|[TRACE] graph - -------> nonSkippedSpace
2021-11-19T10:23:46,234|[TRACE] script - #out(` `) [token]
2021-11-19T10:23:46,234|[TRACE] graph - <------- nonSkippedSpace
2021-11-19T10:23:46,234|[TRACE] graph - <----- statementPart
2021-11-19T10:23:46,234|[TRACE] graph - -----> statementPart
2021-11-19T10:23:46,234|[TRACE] graph - -------> nonSkippedChar
2021-11-19T10:23:46,234|[TRACE] script - #out(`D`) [token]
2021-11-19T10:23:46,234|[TRACE] graph - <------- nonSkippedChar
2021-11-19T10:23:46,234|[TRACE] graph - <----- statementPart
2021-11-19T10:23:46,234|[TRACE] graph - -----> statementPart
2021-11-19T10:23:46,234|[TRACE] graph - -------> nonSkippedChar
2021-11-19T10:23:46,234|[TRACE] script - #out(`E`) [token]
2021-11-19T10:23:46,234|[TRACE] graph - <------- nonSkippedChar
2021-11-19T10:23:46,234|[TRACE] graph - <----- statementPart
2021-11-19T10:23:46,234|[TRACE] graph - -----> statementPart
2021-11-19T10:23:46,234|[TRACE] graph - -------> nonSkippedChar
2021-11-19T10:23:46,234|[TRACE] script - #out(`F`) [token]
2021-11-19T10:23:46,234|[TRACE] graph - <------- nonSkippedChar
2021-11-19T10:23:46,234|[TRACE] graph - <----- statementPart
2021-11-19T10:23:46,234|[TRACE] graph - -----> statementPart
2021-11-19T10:23:46,234|[TRACE] graph - -------> nonSkippedChar
2021-11-19T10:23:46,234|[TRACE] script - #out(`A`) [token]
2021-11-19T10:23:46,234|[TRACE] graph - <------- nonSkippedChar
2021-11-19T10:23:46,234|[TRACE] graph - <----- statementPart
2021-11-19T10:23:46,234|[TRACE] graph - -----> statementPart
2021-11-19T10:23:46,234|[TRACE] graph - -------> nonSkippedChar
2021-11-19T10:23:46,234|[TRACE] script - #out(`U`) [token]
2021-11-19T10:23:46,234|[TRACE] graph - <------- nonSkippedChar
2021-11-19T10:23:46,234|[TRACE] graph - <----- statementPart
2021-11-19T10:23:46,234|[TRACE] graph - -----> statementPart
2021-11-19T10:23:46,234|[TRACE] graph - -------> nonSkippedChar
2021-11-19T10:23:46,234|[TRACE] script - #out(`L`) [token]
2021-11-19T10:23:46,234|[TRACE] graph - <------- nonSkippedChar
2021-11-19T10:23:46,234|[TRACE] graph - <----- statementPart
2021-11-19T10:23:46,234|[TRACE] graph - -----> statementPart
2021-11-19T10:23:46,234|[TRACE] graph - -------> nonSkippedChar
2021-11-19T10:23:46,234|[TRACE] script - #out(`T`) [token]
2021-11-19T10:23:46,234|[TRACE] graph - <------- nonSkippedChar
2021-11-19T10:23:46,234|[TRACE] graph - <----- statementPart
2021-11-19T10:23:46,234|[TRACE] graph - -----> statementPart
2021-11-19T10:23:46,234|[TRACE] graph - -------> nonSkippedSpace
2021-11-19T10:23:46,234|[TRACE] script - #out(` `) [token]
2021-11-19T10:23:46,234|[TRACE] graph - <------- nonSkippedSpace
2021-11-19T10:23:46,234|[TRACE] graph - <----- statementPart
2021-11-19T10:23:46,234|[TRACE] graph - -----> statementPart
2021-11-19T10:23:46,234|[TRACE] graph - -------> nonSkippedChar
2021-11-19T10:23:46,234|[TRACE] script - #out(`1`) [token]
2021-11-19T10:23:46,234|[TRACE] graph - <------- nonSkippedChar
2021-11-19T10:23:46,234|[TRACE] graph - <----- statementPart
2021-11-19T10:23:46,234|[TRACE] graph - -----> statementPart
2021-11-19T10:23:46,234|[TRACE] graph - -------> nonSkippedChar
2021-11-19T10:23:46,234|[TRACE] script - #out(`,`) [token]
2021-11-19T10:23:46,234|[TRACE] graph - <------- nonSkippedChar
2021-11-19T10:23:46,234|[TRACE] graph - <----- statementPart
2021-11-19T10:23:46,234|[TRACE] graph - -----> afterStatementPartNewline
2021-11-19T10:23:46,234|[TRACE] script - #out(` `) [text]
2021-11-19T10:23:46,235|[TRACE] graph - <----- afterStatementPartNewline
2021-11-19T10:23:46,235|[TRACE] graph - -----> statementPart
2021-11-19T10:23:46,235|[TRACE] graph - -------> nonSkippedSpace
2021-11-19T10:23:46,235|[TRACE] script - #out(` `) [token]
2021-11-19T10:23:46,235|[TRACE] graph - <------- nonSkippedSpace
2021-11-19T10:23:46,235|[TRACE] graph - <----- statementPart
2021-11-19T10:23:46,235|[TRACE] graph - -----> statementPart
2021-11-19T10:23:46,235|[TRACE] graph - -------> nonSkippedSpace
2021-11-19T10:23:46,235|[TRACE] script - #out(` `) [token]
2021-11-19T10:23:46,235|[TRACE] graph - <------- nonSkippedSpace
2021-11-19T10:23:46,235|[TRACE] graph - <----- statementPart
2021-11-19T10:23:46,235|[TRACE] graph - -----> statementPart
2021-11-19T10:23:46,235|[TRACE] graph - -------> nonSkippedChar
2021-11-19T10:23:46,235|[TRACE] script - #out(`I`) [token]
2021-11-19T10:23:46,235|[TRACE] graph - <------- nonSkippedChar
2021-11-19T10:23:46,235|[TRACE] graph - <----- statementPart
2021-11-19T10:23:46,235|[TRACE] graph - -----> statementPart
2021-11-19T10:23:46,235|[TRACE] graph - -------> nonSkippedChar
2021-11-19T10:23:46,235|[TRACE] script - #out(`N`) [token]
2021-11-19T10:23:46,235|[TRACE] graph - <------- nonSkippedChar
2021-11-19T10:23:46,235|[TRACE] graph - <----- statementPart
2021-11-19T10:23:46,235|[TRACE] graph - -----> statementPart
2021-11-19T10:23:46,235|[TRACE] graph - -------> nonSkippedChar
2021-11-19T10:23:46,235|[TRACE] script - #out(`D`) [token]
2021-11-19T10:23:46,235|[TRACE] graph - <------- nonSkippedChar
2021-11-19T10:23:46,235|[TRACE] graph - <----- statementPart
2021-11-19T10:23:46,235|[TRACE] graph - -----> statementPart
2021-11-19T10:23:46,235|[TRACE] graph - -------> nonSkippedChar
2021-11-19T10:23:46,235|[TRACE] script - #out(`E`) [token]
2021-11-19T10:23:46,235|[TRACE] graph - <------- nonSkippedChar
2021-11-19T10:23:46,235|[TRACE] graph - <----- statementPart
2021-11-19T10:23:46,235|[TRACE] graph - -----> statementPart
2021-11-19T10:23:46,235|[TRACE] graph - -------> nonSkippedChar
2021-11-19T10:23:46,235|[TRACE] script - #out(`X`) [token]
2021-11-19T10:23:46,235|[TRACE] graph - <------- nonSkippedChar
2021-11-19T10:23:46,235|[TRACE] graph - <----- statementPart
2021-11-19T10:23:46,235|[TRACE] graph - -----> statementPart
2021-11-19T10:23:46,235|[TRACE] graph - -------> nonSkippedSpace
2021-11-19T10:23:46,235|[TRACE] script - #out(` `) [token]
2021-11-19T10:23:46,235|[TRACE] graph - <------- nonSkippedSpace
2021-11-19T10:23:46,235|[TRACE] graph - <----- statementPart
2021-11-19T10:23:46,235|[TRACE] graph - -----> statementPart
2021-11-19T10:23:46,235|[TRACE] graph - -------> quotedString
2021-11-19T10:23:46,235|[TRACE] script - #out(``fk_donation_record_person1_idx``) [token]
2021-11-19T10:23:46,235|[TRACE] graph - <------- quotedString
2021-11-19T10:23:46,235|[TRACE] graph - <----- statementPart
2021-11-19T10:23:46,235|[TRACE] graph - -----> statementPart
2021-11-19T10:23:46,235|[TRACE] graph - -------> nonSkippedSpace
2021-11-19T10:23:46,235|[TRACE] script - #out(` `) [token]
2021-11-19T10:23:46,235|[TRACE] graph - <------- nonSkippedSpace
2021-11-19T10:23:46,235|[TRACE] graph - <----- statementPart
2021-11-19T10:23:46,235|[TRACE] graph - -----> statementPart
2021-11-19T10:23:46,235|[TRACE] graph - -------> nonSkippedChar
2021-11-19T10:23:46,235|[TRACE] script - #out(`(`) [token]
2021-11-19T10:23:46,235|[TRACE] graph - <------- nonSkippedChar
2021-11-19T10:23:46,235|[TRACE] graph - <----- statementPart
2021-11-19T10:23:46,235|[TRACE] graph - -----> statementPart
2021-11-19T10:23:46,235|[TRACE] graph - -------> quotedString
2021-11-19T10:23:46,235|[TRACE] script - #out(``person_id``) [token]
2021-11-19T10:23:46,235|[TRACE] graph - <------- quotedString
2021-11-19T10:23:46,235|[TRACE] graph - <----- statementPart
2021-11-19T10:23:46,235|[TRACE] graph - -----> statementPart
2021-11-19T10:23:46,235|[TRACE] graph - -------> nonSkippedSpace
2021-11-19T10:23:46,235|[TRACE] script - #out(` `) [token]
2021-11-19T10:23:46,235|[TRACE] graph - <------- nonSkippedSpace
2021-11-19T10:23:46,235|[TRACE] graph - <----- statementPart
2021-11-19T10:23:46,235|[TRACE] graph - -----> statementPart
2021-11-19T10:23:46,235|[TRACE] graph - -------> nonSkippedChar
2021-11-19T10:23:46,235|[TRACE] script - #out(`A`) [token]
2021-11-19T10:23:46,235|[TRACE] graph - <------- nonSkippedChar
2021-11-19T10:23:46,235|[TRACE] graph - <----- statementPart
2021-11-19T10:23:46,235|[TRACE] graph - -----> statementPart
2021-11-19T10:23:46,235|[TRACE] graph - -------> nonSkippedChar
2021-11-19T10:23:46,235|[TRACE] script - #out(`S`) [token]
2021-11-19T10:23:46,235|[TRACE] graph - <------- nonSkippedChar
2021-11-19T10:23:46,235|[TRACE] graph - <----- statementPart
2021-11-19T10:23:46,235|[TRACE] graph - -----> statementPart
2021-11-19T10:23:46,235|[TRACE] graph - -------> nonSkippedChar
2021-11-19T10:23:46,235|[TRACE] script - #out(`C`) [token]
2021-11-19T10:23:46,353|[TRACE] graph - <------- nonSkippedChar
2021-11-19T10:23:46,353|[TRACE] graph - <----- statementPart
2021-11-19T10:23:46,353|[TRACE] graph - -----> statementPart
2021-11-19T10:23:46,353|[TRACE] graph - -------> nonSkippedChar
2021-11-19T10:23:46,353|[TRACE] script - #out(`)`) [token]
2021-11-19T10:23:46,353|[TRACE] graph - <------- nonSkippedChar
2021-11-19T10:23:46,353|[TRACE] graph - <----- statementPart
2021-11-19T10:23:46,353|[TRACE] graph - -----> statementPart
2021-11-19T10:23:46,353|[TRACE] graph - -------> nonSkippedSpace
2021-11-19T10:23:46,353|[TRACE] script - #out(` `) [token]
2021-11-19T10:23:46,353|[TRACE] graph - <------- nonSkippedSpace
2021-11-19T10:23:46,353|[TRACE] graph - <----- statementPart
2021-11-19T10:23:46,353|[TRACE] graph - -----> statementPart
2021-11-19T10:23:46,353|[TRACE] graph - -------> nonSkippedChar
2021-11-19T10:23:46,353|[TRACE] script - #out(`V`) [token]
2021-11-19T10:23:46,353|[TRACE] graph - <------- nonSkippedChar
2021-11-19T10:23:46,353|[TRACE] graph - <----- statementPart
2021-11-19T10:23:46,353|[TRACE] graph - -----> statementPart
2021-11-19T10:23:46,353|[TRACE] graph - -------> nonSkippedChar
2021-11-19T10:23:46,353|[TRACE] script - #out(`I`) [token]
2021-11-19T10:23:46,353|[TRACE] graph - <------- nonSkippedChar
2021-11-19T10:23:46,353|[TRACE] graph - <----- statementPart
2021-11-19T10:23:46,353|[TRACE] graph - -----> statementPart
2021-11-19T10:23:46,353|[TRACE] graph - -------> nonSkippedChar
2021-11-19T10:23:46,353|[TRACE] script - #out(`S`) [token]
2021-11-19T10:23:46,353|[TRACE] graph - <------- nonSkippedChar
2021-11-19T10:23:46,353|[TRACE] graph - <----- statementPart
2021-11-19T10:23:46,353|[TRACE] graph - -----> statementPart
2021-11-19T10:23:46,353|[TRACE] graph - -------> nonSkippedChar
2021-11-19T10:23:46,353|[TRACE] script - #out(`I`) [token]
2021-11-19T10:23:46,353|[TRACE] graph - <------- nonSkippedChar
2021-11-19T10:23:46,353|[TRACE] graph - <----- statementPart
2021-11-19T10:23:46,353|[TRACE] graph - -----> statementPart
2021-11-19T10:23:46,353|[TRACE] graph - -------> nonSkippedChar
2021-11-19T10:23:46,353|[TRACE] script - #out(`B`) [token]
2021-11-19T10:23:46,353|[TRACE] graph - <------- nonSkippedChar
2021-11-19T10:23:46,353|[TRACE] graph - <----- statementPart
2021-11-19T10:23:46,353|[TRACE] graph - -----> statementPart
2021-11-19T10:23:46,353|[TRACE] graph - -------> nonSkippedChar
2021-11-19T10:23:46,353|[TRACE] script - #out(`L`) [token]
2021-11-19T10:23:46,353|[TRACE] graph - <------- nonSkippedChar
2021-11-19T10:23:46,353|[TRACE] graph - <----- statementPart
2021-11-19T10:23:46,353|[TRACE] graph - -----> statementPart
2021-11-19T10:23:46,353|[TRACE] graph - -------> nonSkippedChar
2021-11-19T10:23:46,353|[TRACE] script - #out(`E`) [token]
2021-11-19T10:23:46,353|[TRACE] graph - <------- nonSkippedChar
2021-11-19T10:23:46,353|[TRACE] graph - <----- statementPart
2021-11-19T10:23:46,353|[TRACE] graph - -----> statementPart
2021-11-19T10:23:46,353|[TRACE] graph - -------> nonSkippedChar
2021-11-19T10:23:46,353|[TRACE] script - #out(`,`) [token]
2021-11-19T10:23:46,353|[TRACE] graph - <------- nonSkippedChar
2021-11-19T10:23:46,353|[TRACE] graph - <----- statementPart
2021-11-19T10:23:46,353|[TRACE] graph - -----> afterStatementPartNewline
2021-11-19T10:23:46,353|[TRACE] script - #out(` `) [text]
2021-11-19T10:23:46,353|[TRACE] graph - <----- afterStatementPartNewline
2021-11-19T10:23:46,353|[TRACE] graph - -----> statementPart
2021-11-19T10:23:46,353|[TRACE] graph - -------> nonSkippedSpace
2021-11-19T10:23:46,353|[TRACE] script - #out(` `) [token]
2021-11-19T10:23:46,353|[TRACE] graph - <------- nonSkippedSpace
2021-11-19T10:23:46,353|[TRACE] graph - <----- statementPart
2021-11-19T10:23:46,353|[TRACE] graph - -----> statementPart
2021-11-19T10:23:46,353|[TRACE] graph - -------> nonSkippedSpace
2021-11-19T10:23:46,353|[TRACE] script - #out(` `) [token]
2021-11-19T10:23:46,353|[TRACE] graph - <------- nonSkippedSpace
2021-11-19T10:23:46,353|[TRACE] graph - <----- statementPart
2021-11-19T10:23:46,353|[TRACE] graph - -----> statementPart
2021-11-19T10:23:46,353|[TRACE] graph - -------> nonSkippedChar
2021-11-19T10:23:46,353|[TRACE] script - #out(`I`) [token]
2021-11-19T10:23:46,353|[TRACE] graph - <------- nonSkippedChar
2021-11-19T10:23:46,353|[TRACE] graph - <----- statementPart
2021-11-19T10:23:46,353|[TRACE] graph - -----> statementPart
2021-11-19T10:23:46,353|[TRACE] graph - -------> nonSkippedChar
2021-11-19T10:23:46,353|[TRACE] script - #out(`N`) [token]
2021-11-19T10:23:46,353|[TRACE] graph - <------- nonSkippedChar
2021-11-19T10:23:46,353|[TRACE] graph - <----- statementPart
2021-11-19T10:23:46,353|[TRACE] graph - -----> statementPart
2021-11-19T10:23:46,353|[TRACE] graph - -------> nonSkippedChar
2021-11-19T10:23:46,353|[TRACE] script - #out(`D`) [token]
2021-11-19T10:23:46,353|[TRACE] graph - <------- nonSkippedChar
2021-11-19T10:23:46,353|[TRACE] graph - <----- statementPart
2021-11-19T10:23:46,353|[TRACE] graph - -----> statementPart
2021-11-19T10:23:46,353|[TRACE] graph - -------> nonSkippedChar
2021-11-19T10:23:46,353|[TRACE] script - #out(`E`) [token]
2021-11-19T10:23:46,353|[TRACE] graph - <------- nonSkippedChar
2021-11-19T10:23:46,353|[TRACE] graph - <----- statementPart
2021-11-19T10:23:46,353|[TRACE] graph - -----> statementPart
2021-11-19T10:23:46,353|[TRACE] graph - -------> nonSkippedChar
2021-11-19T10:23:46,353|[TRACE] script - #out(`X`) [token]
2021-11-19T10:23:46,353|[TRACE] graph - <------- nonSkippedChar
2021-11-19T10:23:46,353|[TRACE] graph - <----- statementPart
2021-11-19T10:23:46,353|[TRACE] graph - -----> statementPart
2021-11-19T10:23:46,353|[TRACE] graph - -------> nonSkippedSpace
2021-11-19T10:23:46,353|[TRACE] script - #out(` `) [token]
2021-11-19T10:23:46,353|[TRACE] graph - <------- nonSkippedSpace
2021-11-19T10:23:46,353|[TRACE] graph - <----- statementPart
2021-11-19T10:23:46,353|[TRACE] graph - -----> statementPart
2021-11-19T10:23:46,353|[TRACE] graph - -------> quotedString
2021-11-19T10:23:46,353|[TRACE] script - #out(``fk_donation_record_blood_donation1_idx``) [token]
2021-11-19T10:23:46,353|[TRACE] graph - <------- quotedString
2021-11-19T10:23:46,353|[TRACE] graph - <----- statementPart
2021-11-19T10:23:46,353|[TRACE] graph - -----> statementPart
2021-11-19T10:23:46,353|[TRACE] graph - -------> nonSkippedSpace
2021-11-19T10:23:46,353|[TRACE] script - #out(` `) [token]
2021-11-19T10:23:46,353|[TRACE] graph - <------- nonSkippedSpace
2021-11-19T10:23:46,353|[TRACE] graph - <----- statementPart
2021-11-19T10:23:46,353|[TRACE] graph - -----> statementPart
2021-11-19T10:23:46,353|[TRACE] graph - -------> nonSkippedChar
2021-11-19T10:23:46,353|[TRACE] script - #out(`(`) [token]
2021-11-19T10:23:46,353|[TRACE] graph - <------- nonSkippedChar
2021-11-19T10:23:46,354|[TRACE] graph - <----- statementPart
2021-11-19T10:23:46,354|[TRACE] graph - -----> statementPart
2021-11-19T10:23:46,354|[TRACE] graph - -------> quotedString
2021-11-19T10:23:46,354|[TRACE] script - #out(``donation_id``) [token]
2021-11-19T10:23:46,354|[TRACE] graph - <------- quotedString
2021-11-19T10:23:46,354|[TRACE] graph - <----- statementPart
2021-11-19T10:23:46,354|[TRACE] graph - -----> statementPart
2021-11-19T10:23:46,354|[TRACE] graph - -------> nonSkippedSpace
2021-11-19T10:23:46,354|[TRACE] script - #out(` `) [token]
2021-11-19T10:23:46,354|[TRACE] graph - <------- nonSkippedSpace
2021-11-19T10:23:46,354|[TRACE] graph - <----- statementPart
2021-11-19T10:23:46,354|[TRACE] graph - -----> statementPart
2021-11-19T10:23:46,354|[TRACE] graph - -------> nonSkippedChar
2021-11-19T10:23:46,354|[TRACE] script - #out(`A`) [token]
2021-11-19T10:23:46,354|[TRACE] graph - <------- nonSkippedChar
2021-11-19T10:23:46,354|[TRACE] graph - <----- statementPart
2021-11-19T10:23:46,354|[TRACE] graph - -----> statementPart
2021-11-19T10:23:46,354|[TRACE] graph - -------> nonSkippedChar
2021-11-19T10:23:46,354|[TRACE] script - #out(`S`) [token]
2021-11-19T10:23:46,354|[TRACE] graph - <------- nonSkippedChar
2021-11-19T10:23:46,354|[TRACE] graph - <----- statementPart
2021-11-19T10:23:46,354|[TRACE] graph - -----> statementPart
2021-11-19T10:23:46,354|[TRACE] graph - -------> nonSkippedChar
2021-11-19T10:23:46,354|[TRACE] script - #out(`C`) [token]
2021-11-19T10:23:46,354|[TRACE] graph - <------- nonSkippedChar
2021-11-19T10:23:46,354|[TRACE] graph - <----- statementPart
2021-11-19T10:23:46,354|[TRACE] graph - -----> statementPart
2021-11-19T10:23:46,354|[TRACE] graph - -------> nonSkippedChar
2021-11-19T10:23:46,354|[TRACE] script - #out(`)`) [token]
2021-11-19T10:23:46,354|[TRACE] graph - <------- nonSkippedChar
2021-11-19T10:23:46,354|[TRACE] graph - <----- statementPart
2021-11-19T10:23:46,354|[TRACE] graph - -----> statementPart
2021-11-19T10:23:46,354|[TRACE] graph - -------> nonSkippedSpace
2021-11-19T10:23:46,354|[TRACE] script - #out(` `) [token]
2021-11-19T10:23:46,354|[TRACE] graph - <------- nonSkippedSpace
2021-11-19T10:23:46,354|[TRACE] graph - <----- statementPart
2021-11-19T10:23:46,354|[TRACE] graph - -----> statementPart
2021-11-19T10:23:46,354|[TRACE] graph - -------> nonSkippedChar
2021-11-19T10:23:46,354|[TRACE] script - #out(`V`) [token]
2021-11-19T10:23:46,354|[TRACE] graph - <------- nonSkippedChar
2021-11-19T10:23:46,354|[TRACE] graph - <----- statementPart
2021-11-19T10:23:46,354|[TRACE] graph - -----> statementPart
2021-11-19T10:23:46,354|[TRACE] graph - -------> nonSkippedChar
2021-11-19T10:23:46,354|[TRACE] script - #out(`I`) [token]
2021-11-19T10:23:46,354|[TRACE] graph - <------- nonSkippedChar
2021-11-19T10:23:46,354|[TRACE] graph - <----- statementPart
2021-11-19T10:23:46,354|[TRACE] graph - -----> statementPart
2021-11-19T10:23:46,354|[TRACE] graph - -------> nonSkippedChar
2021-11-19T10:23:46,354|[TRACE] script - #out(`S`) [token]
2021-11-19T10:23:46,354|[TRACE] graph - <------- nonSkippedChar
2021-11-19T10:23:46,354|[TRACE] graph - <----- statementPart
2021-11-19T10:23:46,354|[TRACE] graph - -----> statementPart
2021-11-19T10:23:46,354|[TRACE] graph - -------> nonSkippedChar
2021-11-19T10:23:46,354|[TRACE] script - #out(`I`) [token]
2021-11-19T10:23:46,354|[TRACE] graph - <------- nonSkippedChar
2021-11-19T10:23:46,354|[TRACE] graph - <----- statementPart
2021-11-19T10:23:46,354|[TRACE] graph - -----> statementPart
2021-11-19T10:23:46,354|[TRACE] graph - -------> nonSkippedChar
2021-11-19T10:23:46,354|[TRACE] script - #out(`B`) [token]
2021-11-19T10:23:46,354|[TRACE] graph - <------- nonSkippedChar
2021-11-19T10:23:46,354|[TRACE] graph - <----- statementPart
2021-11-19T10:23:46,354|[TRACE] graph - -----> statementPart
2021-11-19T10:23:46,354|[TRACE] graph - -------> nonSkippedChar
2021-11-19T10:23:46,354|[TRACE] script - #out(`L`) [token]
2021-11-19T10:23:46,354|[TRACE] graph - <------- nonSkippedChar
2021-11-19T10:23:46,354|[TRACE] graph - <----- statementPart
2021-11-19T10:23:46,354|[TRACE] graph - -----> statementPart
2021-11-19T10:23:46,354|[TRACE] graph - -------> nonSkippedChar
2021-11-19T10:23:46,354|[TRACE] script - #out(`E`) [token]
2021-11-19T10:23:46,354|[TRACE] graph - <------- nonSkippedChar
2021-11-19T10:23:46,354|[TRACE] graph - <----- statementPart
2021-11-19T10:23:46,354|[TRACE] graph - -----> statementPart
2021-11-19T10:23:46,354|[TRACE] graph - -------> nonSkippedChar
2021-11-19T10:23:46,354|[TRACE] script - #out(`,`) [token]
2021-11-19T10:23:46,354|[TRACE] graph - <------- nonSkippedChar
2021-11-19T10:23:46,354|[TRACE] graph - <----- statementPart
2021-11-19T10:23:46,354|[TRACE] graph - -----> afterStatementPartNewline
2021-11-19T10:23:46,354|[TRACE] script - #out(` `) [text]
2021-11-19T10:23:46,354|[TRACE] graph - <----- afterStatementPartNewline
2021-11-19T10:23:46,354|[TRACE] graph - -----> statementPart
2021-11-19T10:23:46,354|[TRACE] graph - -------> nonSkippedSpace
2021-11-19T10:23:46,354|[TRACE] script - #out(` `) [token]
2021-11-19T10:23:46,354|[TRACE] graph - <------- nonSkippedSpace
2021-11-19T10:23:46,354|[TRACE] graph - <----- statementPart
2021-11-19T10:23:46,354|[TRACE] graph - -----> statementPart
2021-11-19T10:23:46,354|[TRACE] graph - -------> nonSkippedSpace
2021-11-19T10:23:46,354|[TRACE] script - #out(` `) [token]
2021-11-19T10:23:46,354|[TRACE] graph - <------- nonSkippedSpace
2021-11-19T10:23:46,354|[TRACE] graph - <----- statementPart
2021-11-19T10:23:46,354|[TRACE] graph - -----> statementPart
2021-11-19T10:23:46,354|[TRACE] graph - -------> nonSkippedChar
2021-11-19T10:23:46,354|[TRACE] script - #out(`U`) [token]
2021-11-19T10:23:46,354|[TRACE] graph - <------- nonSkippedChar
2021-11-19T10:23:46,354|[TRACE] graph - <----- statementPart
2021-11-19T10:23:46,354|[TRACE] graph - -----> statementPart
2021-11-19T10:23:46,354|[TRACE] graph - -------> nonSkippedChar
2021-11-19T10:23:46,354|[TRACE] script - #out(`N`) [token]
2021-11-19T10:23:46,354|[TRACE] graph - <------- nonSkippedChar
2021-11-19T10:23:46,354|[TRACE] graph - <----- statementPart
2021-11-19T10:23:46,354|[TRACE] graph - -----> statementPart
2021-11-19T10:23:46,354|[TRACE] graph - -------> nonSkippedChar
2021-11-19T10:23:46,354|[TRACE] script - #out(`I`) [token]
2021-11-19T10:23:46,354|[TRACE] graph - <------- nonSkippedChar
2021-11-19T10:23:46,354|[TRACE] graph - <----- statementPart
2021-11-19T10:23:46,354|[TRACE] graph - -----> statementPart
2021-11-19T10:23:46,354|[TRACE] graph - -------> nonSkippedChar
2021-11-19T10:23:46,354|[TRACE] script - #out(`Q`) [token]
2021-11-19T10:23:46,354|[TRACE] graph - <------- nonSkippedChar
2021-11-19T10:23:46,354|[TRACE] graph - <----- statementPart
2021-11-19T10:23:46,354|[TRACE] graph - -----> statementPart
2021-11-19T10:23:46,354|[TRACE] graph - -------> nonSkippedChar
2021-11-19T10:23:46,354|[TRACE] script - #out(`U`) [token]
2021-11-19T10:23:46,354|[TRACE] graph - <------- nonSkippedChar
2021-11-19T10:23:46,354|[TRACE] graph - <----- statementPart
2021-11-19T10:23:46,354|[TRACE] graph - -----> statementPart
2021-11-19T10:23:46,354|[TRACE] graph - -------> nonSkippedChar
2021-11-19T10:23:46,354|[TRACE] script - #out(`E`) [token]
2021-11-19T10:23:46,354|[TRACE] graph - <------- nonSkippedChar
2021-11-19T10:23:46,354|[TRACE] graph - <----- statementPart
2021-11-19T10:23:46,354|[TRACE] graph - -----> statementPart
2021-11-19T10:23:46,354|[TRACE] graph - -------> nonSkippedSpace
2021-11-19T10:23:46,354|[TRACE] script - #out(` `) [token]
2021-11-19T10:23:46,354|[TRACE] graph - <------- nonSkippedSpace
2021-11-19T10:23:46,354|[TRACE] graph - <----- statementPart
2021-11-19T10:23:46,354|[TRACE] graph - -----> statementPart
2021-11-19T10:23:46,354|[TRACE] graph - -------> nonSkippedChar
2021-11-19T10:23:46,354|[TRACE] script - #out(`I`) [token]
2021-11-19T10:23:46,354|[TRACE] graph - <------- nonSkippedChar
2021-11-19T10:23:46,354|[TRACE] graph - <----- statementPart
2021-11-19T10:23:46,354|[TRACE] graph - -----> statementPart
2021-11-19T10:23:46,354|[TRACE] graph - -------> nonSkippedChar
2021-11-19T10:23:46,354|[TRACE] script - #out(`N`) [token]
2021-11-19T10:23:46,354|[TRACE] graph - <------- nonSkippedChar
2021-11-19T10:23:46,354|[TRACE] graph - <----- statementPart
2021-11-19T10:23:46,354|[TRACE] graph - -----> statementPart
2021-11-19T10:23:46,354|[TRACE] graph - -------> nonSkippedChar
2021-11-19T10:23:46,354|[TRACE] script - #out(`D`) [token]
2021-11-19T10:23:46,354|[TRACE] graph - <------- nonSkippedChar
2021-11-19T10:23:46,354|[TRACE] graph - <----- statementPart
2021-11-19T10:23:46,354|[TRACE] graph - -----> statementPart
2021-11-19T10:23:46,354|[TRACE] graph - -------> nonSkippedChar
2021-11-19T10:23:46,354|[TRACE] script - #out(`E`) [token]
2021-11-19T10:23:46,354|[TRACE] graph - <------- nonSkippedChar
2021-11-19T10:23:46,355|[TRACE] graph - <----- statementPart
2021-11-19T10:23:46,355|[TRACE] graph - -----> statementPart
2021-11-19T10:23:46,355|[TRACE] graph - -------> nonSkippedChar
2021-11-19T10:23:46,355|[TRACE] script - #out(`X`) [token]
2021-11-19T10:23:46,355|[TRACE] graph - <------- nonSkippedChar
2021-11-19T10:23:46,355|[TRACE] graph - <----- statementPart
2021-11-19T10:23:46,355|[TRACE] graph - -----> statementPart
2021-11-19T10:23:46,355|[TRACE] graph - -------> nonSkippedSpace
2021-11-19T10:23:46,355|[TRACE] script - #out(` `) [token]
2021-11-19T10:23:46,355|[TRACE] graph - <------- nonSkippedSpace
2021-11-19T10:23:46,355|[TRACE] graph - <----- statementPart
2021-11-19T10:23:46,355|[TRACE] graph - -----> statementPart
2021-11-19T10:23:46,355|[TRACE] graph - -------> quotedString
2021-11-19T10:23:46,355|[TRACE] script - #out(``record_id_UNIQUE``) [token]
2021-11-19T10:23:46,355|[TRACE] graph - <------- quotedString
2021-11-19T10:23:46,355|[TRACE] graph - <----- statementPart
2021-11-19T10:23:46,355|[TRACE] graph - -----> statementPart
2021-11-19T10:23:46,355|[TRACE] graph - -------> nonSkippedSpace
2021-11-19T10:23:46,355|[TRACE] script - #out(` `) [token]
2021-11-19T10:23:46,355|[TRACE] graph - <------- nonSkippedSpace
2021-11-19T10:23:46,355|[TRACE] graph - <----- statementPart
2021-11-19T10:23:46,355|[TRACE] graph - -----> statementPart
2021-11-19T10:23:46,355|[TRACE] graph - -------> nonSkippedChar
2021-11-19T10:23:46,355|[TRACE] script - #out(`(`) [token]
2021-11-19T10:23:46,355|[TRACE] graph - <------- nonSkippedChar
2021-11-19T10:23:46,355|[TRACE] graph - <----- statementPart
2021-11-19T10:23:46,355|[TRACE] graph - -----> statementPart
2021-11-19T10:23:46,355|[TRACE] graph - -------> quotedString
2021-11-19T10:23:46,355|[TRACE] script - #out(``record_id``) [token]
2021-11-19T10:23:46,355|[TRACE] graph - <------- quotedString
2021-11-19T10:23:46,355|[TRACE] graph - <----- statementPart
2021-11-19T10:23:46,355|[TRACE] graph - -----> statementPart
2021-11-19T10:23:46,355|[TRACE] graph - -------> nonSkippedSpace
2021-11-19T10:23:46,355|[TRACE] script - #out(` `) [token]
2021-11-19T10:23:46,355|[TRACE] graph - <------- nonSkippedSpace
2021-11-19T10:23:46,355|[TRACE] graph - <----- statementPart
2021-11-19T10:23:46,355|[TRACE] graph - -----> statementPart
2021-11-19T10:23:46,355|[TRACE] graph - -------> nonSkippedChar
2021-11-19T10:23:46,355|[TRACE] script - #out(`A`) [token]
2021-11-19T10:23:46,355|[TRACE] graph - <------- nonSkippedChar
2021-11-19T10:23:46,355|[TRACE] graph - <----- statementPart
2021-11-19T10:23:46,355|[TRACE] graph - -----> statementPart
2021-11-19T10:23:46,355|[TRACE] graph - -------> nonSkippedChar
2021-11-19T10:23:46,355|[TRACE] script - #out(`S`) [token]
2021-11-19T10:23:46,355|[TRACE] graph - <------- nonSkippedChar
2021-11-19T10:23:46,355|[TRACE] graph - <----- statementPart
2021-11-19T10:23:46,355|[TRACE] graph - -----> statementPart
2021-11-19T10:23:46,355|[TRACE] graph - -------> nonSkippedChar
2021-11-19T10:23:46,355|[TRACE] script - #out(`C`) [token]
2021-11-19T10:23:46,355|[TRACE] graph - <------- nonSkippedChar
2021-11-19T10:23:46,355|[TRACE] graph - <----- statementPart
2021-11-19T10:23:46,355|[TRACE] graph - -----> statementPart
2021-11-19T10:23:46,355|[TRACE] graph - -------> nonSkippedChar
2021-11-19T10:23:46,355|[TRACE] script - #out(`)`) [token]
2021-11-19T10:23:46,355|[TRACE] graph - <------- nonSkippedChar
2021-11-19T10:23:46,355|[TRACE] graph - <----- statementPart
2021-11-19T10:23:46,355|[TRACE] graph - -----> statementPart
2021-11-19T10:23:46,355|[TRACE] graph - -------> nonSkippedSpace
2021-11-19T10:23:46,355|[TRACE] script - #out(` `) [token]
2021-11-19T10:23:46,355|[TRACE] graph - <------- nonSkippedSpace
2021-11-19T10:23:46,355|[TRACE] graph - <----- statementPart
2021-11-19T10:23:46,355|[TRACE] graph - -----> statementPart
2021-11-19T10:23:46,355|[TRACE] graph - -------> nonSkippedChar
2021-11-19T10:23:46,355|[TRACE] script - #out(`V`) [token]
2021-11-19T10:23:46,355|[TRACE] graph - <------- nonSkippedChar
2021-11-19T10:23:46,355|[TRACE] graph - <----- statementPart
2021-11-19T10:23:46,355|[TRACE] graph - -----> statementPart
2021-11-19T10:23:46,355|[TRACE] graph - -------> nonSkippedChar
2021-11-19T10:23:46,355|[TRACE] script - #out(`I`) [token]
2021-11-19T10:23:46,355|[TRACE] graph - <------- nonSkippedChar
2021-11-19T10:23:46,355|[TRACE] graph - <----- statementPart
2021-11-19T10:23:46,355|[TRACE] graph - -----> statementPart
2021-11-19T10:23:46,355|[TRACE] graph - -------> nonSkippedChar
2021-11-19T10:23:46,355|[TRACE] script - #out(`S`) [token]
2021-11-19T10:23:46,355|[TRACE] graph - <------- nonSkippedChar
2021-11-19T10:23:46,355|[TRACE] graph - <----- statementPart
2021-11-19T10:23:46,355|[TRACE] graph - -----> statementPart
2021-11-19T10:23:46,355|[TRACE] graph - -------> nonSkippedChar
2021-11-19T10:23:46,355|[TRACE] script - #out(`I`) [token]
2021-11-19T10:23:46,355|[TRACE] graph - <------- nonSkippedChar
2021-11-19T10:23:46,355|[TRACE] graph - <----- statementPart
2021-11-19T10:23:46,355|[TRACE] graph - -----> statementPart
2021-11-19T10:23:46,355|[TRACE] graph - -------> nonSkippedChar
2021-11-19T10:23:46,355|[TRACE] script - #out(`B`) [token]
2021-11-19T10:23:46,355|[TRACE] graph - <------- nonSkippedChar
2021-11-19T10:23:46,355|[TRACE] graph - <----- statementPart
2021-11-19T10:23:46,355|[TRACE] graph - -----> statementPart
2021-11-19T10:23:46,355|[TRACE] graph - -------> nonSkippedChar
2021-11-19T10:23:46,355|[TRACE] script - #out(`L`) [token]
2021-11-19T10:23:46,355|[TRACE] graph - <------- nonSkippedChar
2021-11-19T10:23:46,355|[TRACE] graph - <----- statementPart
2021-11-19T10:23:46,355|[TRACE] graph - -----> statementPart
2021-11-19T10:23:46,355|[TRACE] graph - -------> nonSkippedChar
2021-11-19T10:23:46,355|[TRACE] script - #out(`E`) [token]
2021-11-19T10:23:46,355|[TRACE] graph - <------- nonSkippedChar
2021-11-19T10:23:46,355|[TRACE] graph - <----- statementPart
2021-11-19T10:23:46,355|[TRACE] graph - -----> statementPart
2021-11-19T10:23:46,355|[TRACE] graph - -------> nonSkippedChar
2021-11-19T10:23:46,355|[TRACE] script - #out(`,`) [token]
2021-11-19T10:23:46,355|[TRACE] graph - <------- nonSkippedChar
2021-11-19T10:23:46,355|[TRACE] graph - <----- statementPart
2021-11-19T10:23:46,355|[TRACE] graph - -----> afterStatementPartNewline
2021-11-19T10:23:46,355|[TRACE] script - #out(` `) [text]
2021-11-19T10:23:46,355|[TRACE] graph - <----- afterStatementPartNewline
2021-11-19T10:23:46,355|[TRACE] graph - -----> statementPart
2021-11-19T10:23:46,355|[TRACE] graph - -------> nonSkippedSpace
2021-11-19T10:23:46,355|[TRACE] script - #out(` `) [token]
2021-11-19T10:23:46,355|[TRACE] graph - <------- nonSkippedSpace
2021-11-19T10:23:46,355|[TRACE] graph - <----- statementPart
2021-11-19T10:23:46,355|[TRACE] graph - -----> statementPart
2021-11-19T10:23:46,355|[TRACE] graph - -------> nonSkippedSpace
2021-11-19T10:23:46,355|[TRACE] script - #out(` `) [token]
2021-11-19T10:23:46,355|[TRACE] graph - <------- nonSkippedSpace
2021-11-19T10:23:46,355|[TRACE] graph - <----- statementPart
2021-11-19T10:23:46,355|[TRACE] graph - -----> statementPart
2021-11-19T10:23:46,355|[TRACE] graph - -------> nonSkippedChar
2021-11-19T10:23:46,355|[TRACE] script - #out(`P`) [token]
2021-11-19T10:23:46,355|[TRACE] graph - <------- nonSkippedChar
2021-11-19T10:23:46,355|[TRACE] graph - <----- statementPart
2021-11-19T10:23:46,355|[TRACE] graph - -----> statementPart
2021-11-19T10:23:46,355|[TRACE] graph - -------> nonSkippedChar
2021-11-19T10:23:46,355|[TRACE] script - #out(`R`) [token]
2021-11-19T10:23:46,355|[TRACE] graph - <------- nonSkippedChar
2021-11-19T10:23:46,355|[TRACE] graph - <----- statementPart
2021-11-19T10:23:46,355|[TRACE] graph - -----> statementPart
2021-11-19T10:23:46,355|[TRACE] graph - -------> nonSkippedChar
2021-11-19T10:23:46,355|[TRACE] script - #out(`I`) [token]
2021-11-19T10:23:46,355|[TRACE] graph - <------- nonSkippedChar
2021-11-19T10:23:46,355|[TRACE] graph - <----- statementPart
2021-11-19T10:23:46,355|[TRACE] graph - -----> statementPart
2021-11-19T10:23:46,355|[TRACE] graph - -------> nonSkippedChar
2021-11-19T10:23:46,355|[TRACE] script - #out(`M`) [token]
2021-11-19T10:23:46,355|[TRACE] graph - <------- nonSkippedChar
2021-11-19T10:23:46,355|[TRACE] graph - <----- statementPart
2021-11-19T10:23:46,356|[TRACE] graph - -----> statementPart
2021-11-19T10:23:46,356|[TRACE] graph - -------> nonSkippedChar
2021-11-19T10:23:46,356|[TRACE] script - #out(`A`) [token]
2021-11-19T10:23:46,356|[TRACE] graph - <------- nonSkippedChar
2021-11-19T10:23:46,356|[TRACE] graph - <----- statementPart
2021-11-19T10:23:46,356|[TRACE] graph - -----> statementPart
2021-11-19T10:23:46,356|[TRACE] graph - -------> nonSkippedChar
2021-11-19T10:23:46,356|[TRACE] script - #out(`R`) [token]
2021-11-19T10:23:46,356|[TRACE] graph - <------- nonSkippedChar
2021-11-19T10:23:46,356|[TRACE] graph - <----- statementPart
2021-11-19T10:23:46,356|[TRACE] graph - -----> statementPart
2021-11-19T10:23:46,356|[TRACE] graph - -------> nonSkippedChar
2021-11-19T10:23:46,356|[TRACE] script - #out(`Y`) [token]
2021-11-19T10:23:46,356|[TRACE] graph - <------- nonSkippedChar
2021-11-19T10:23:46,356|[TRACE] graph - <----- statementPart
2021-11-19T10:23:46,356|[TRACE] graph - -----> statementPart
2021-11-19T10:23:46,356|[TRACE] graph - -------> nonSkippedSpace
2021-11-19T10:23:46,356|[TRACE] script - #out(` `) [token]
2021-11-19T10:23:46,356|[TRACE] graph - <------- nonSkippedSpace
2021-11-19T10:23:46,356|[TRACE] graph - <----- statementPart
2021-11-19T10:23:46,356|[TRACE] graph - -----> statementPart
2021-11-19T10:23:46,356|[TRACE] graph - -------> nonSkippedChar
2021-11-19T10:23:46,356|[TRACE] script - #out(`K`) [token]
2021-11-19T10:23:46,356|[TRACE] graph - <------- nonSkippedChar
2021-11-19T10:23:46,356|[TRACE] graph - <----- statementPart
2021-11-19T10:23:46,356|[TRACE] graph - -----> statementPart
2021-11-19T10:23:46,356|[TRACE] graph - -------> nonSkippedChar
2021-11-19T10:23:46,356|[TRACE] script - #out(`E`) [token]
2021-11-19T10:23:46,356|[TRACE] graph - <------- nonSkippedChar
2021-11-19T10:23:46,356|[TRACE] graph - <----- statementPart
2021-11-19T10:23:46,356|[TRACE] graph - -----> statementPart
2021-11-19T10:23:46,356|[TRACE] graph - -------> nonSkippedChar
2021-11-19T10:23:46,356|[TRACE] script - #out(`Y`) [token]
2021-11-19T10:23:46,356|[TRACE] graph - <------- nonSkippedChar
2021-11-19T10:23:46,356|[TRACE] graph - <----- statementPart
2021-11-19T10:23:46,356|[TRACE] graph - -----> statementPart
2021-11-19T10:23:46,356|[TRACE] graph - -------> nonSkippedSpace
2021-11-19T10:23:46,356|[TRACE] script - #out(` `) [token]
2021-11-19T10:23:46,356|[TRACE] graph - <------- nonSkippedSpace
2021-11-19T10:23:46,356|[TRACE] graph - <----- statementPart
2021-11-19T10:23:46,356|[TRACE] graph - -----> statementPart
2021-11-19T10:23:46,356|[TRACE] graph - -------> nonSkippedChar
2021-11-19T10:23:46,356|[TRACE] script - #out(`(`) [token]
2021-11-19T10:23:46,356|[TRACE] graph - <------- nonSkippedChar
2021-11-19T10:23:46,356|[TRACE] graph - <----- statementPart
2021-11-19T10:23:46,356|[TRACE] graph - -----> statementPart
2021-11-19T10:23:46,356|[TRACE] graph - -------> quotedString
2021-11-19T10:23:46,356|[TRACE] script - #out(``record_id``) [token]
2021-11-19T10:23:46,356|[TRACE] graph - <------- quotedString
2021-11-19T10:23:46,356|[TRACE] graph - <----- statementPart
2021-11-19T10:23:46,356|[TRACE] graph - -----> statementPart
2021-11-19T10:23:46,356|[TRACE] graph - -------> nonSkippedChar
2021-11-19T10:23:46,356|[TRACE] script - #out(`)`) [token]
2021-11-19T10:23:46,356|[TRACE] graph - <------- nonSkippedChar
2021-11-19T10:23:46,356|[TRACE] graph - <----- statementPart
2021-11-19T10:23:46,356|[TRACE] graph - -----> statementPart
2021-11-19T10:23:46,356|[TRACE] graph - -------> nonSkippedChar
2021-11-19T10:23:46,356|[TRACE] script - #out(`,`) [token]
2021-11-19T10:23:46,356|[TRACE] graph - <------- nonSkippedChar
2021-11-19T10:23:46,356|[TRACE] graph - <----- statementPart
2021-11-19T10:23:46,356|[TRACE] graph - -----> afterStatementPartNewline
2021-11-19T10:23:46,356|[TRACE] script - #out(` `) [text]
2021-11-19T10:23:46,356|[TRACE] graph - <----- afterStatementPartNewline
2021-11-19T10:23:46,356|[TRACE] graph - -----> statementPart
2021-11-19T10:23:46,356|[TRACE] graph - -------> nonSkippedSpace
2021-11-19T10:23:46,356|[TRACE] script - #out(` `) [token]
2021-11-19T10:23:46,356|[TRACE] graph - <------- nonSkippedSpace
2021-11-19T10:23:46,356|[TRACE] graph - <----- statementPart
2021-11-19T10:23:46,356|[TRACE] graph - -----> statementPart
2021-11-19T10:23:46,356|[TRACE] graph - -------> nonSkippedSpace
2021-11-19T10:23:46,356|[TRACE] script - #out(` `) [token]
2021-11-19T10:23:46,356|[TRACE] graph - <------- nonSkippedSpace
2021-11-19T10:23:46,356|[TRACE] graph - <----- statementPart
2021-11-19T10:23:46,356|[TRACE] graph - -----> statementPart
2021-11-19T10:23:46,356|[TRACE] graph - -------> nonSkippedChar
2021-11-19T10:23:46,356|[TRACE] script - #out(`C`) [token]
2021-11-19T10:23:46,356|[TRACE] graph - <------- nonSkippedChar
2021-11-19T10:23:46,356|[TRACE] graph - <----- statementPart
2021-11-19T10:23:46,479|[TRACE] graph - -----> statementPart
2021-11-19T10:23:46,479|[TRACE] graph - -------> nonSkippedChar
2021-11-19T10:23:46,479|[TRACE] script - #out(`O`) [token]
2021-11-19T10:23:46,479|[TRACE] graph - <------- nonSkippedChar
2021-11-19T10:23:46,479|[TRACE] graph - <----- statementPart
2021-11-19T10:23:46,479|[TRACE] graph - -----> statementPart
2021-11-19T10:23:46,479|[TRACE] graph - -------> nonSkippedChar
2021-11-19T10:23:46,479|[TRACE] script - #out(`N`) [token]
2021-11-19T10:23:46,479|[TRACE] graph - <------- nonSkippedChar
2021-11-19T10:23:46,479|[TRACE] graph - <----- statementPart
2021-11-19T10:23:46,479|[TRACE] graph - -----> statementPart
2021-11-19T10:23:46,479|[TRACE] graph - -------> nonSkippedChar
2021-11-19T10:23:46,479|[TRACE] script - #out(`S`) [token]
2021-11-19T10:23:46,479|[TRACE] graph - <------- nonSkippedChar
2021-11-19T10:23:46,479|[TRACE] graph - <----- statementPart
2021-11-19T10:23:46,479|[TRACE] graph - -----> statementPart
2021-11-19T10:23:46,479|[TRACE] graph - -------> nonSkippedChar
2021-11-19T10:23:46,479|[TRACE] script - #out(`T`) [token]
2021-11-19T10:23:46,479|[TRACE] graph - <------- nonSkippedChar
2021-11-19T10:23:46,479|[TRACE] graph - <----- statementPart
2021-11-19T10:23:46,479|[TRACE] graph - -----> statementPart
2021-11-19T10:23:46,479|[TRACE] graph - -------> nonSkippedChar
2021-11-19T10:23:46,479|[TRACE] script - #out(`R`) [token]
2021-11-19T10:23:46,479|[TRACE] graph - <------- nonSkippedChar
2021-11-19T10:23:46,479|[TRACE] graph - <----- statementPart
2021-11-19T10:23:46,479|[TRACE] graph - -----> statementPart
2021-11-19T10:23:46,479|[TRACE] graph - -------> nonSkippedChar
2021-11-19T10:23:46,479|[TRACE] script - #out(`A`) [token]
2021-11-19T10:23:46,479|[TRACE] graph - <------- nonSkippedChar
2021-11-19T10:23:46,479|[TRACE] graph - <----- statementPart
2021-11-19T10:23:46,479|[TRACE] graph - -----> statementPart
2021-11-19T10:23:46,479|[TRACE] graph - -------> nonSkippedChar
2021-11-19T10:23:46,479|[TRACE] script - #out(`I`) [token]
2021-11-19T10:23:46,479|[TRACE] graph - <------- nonSkippedChar
2021-11-19T10:23:46,479|[TRACE] graph - <----- statementPart
2021-11-19T10:23:46,479|[TRACE] graph - -----> statementPart
2021-11-19T10:23:46,479|[TRACE] graph - -------> nonSkippedChar
2021-11-19T10:23:46,479|[TRACE] script - #out(`N`) [token]
2021-11-19T10:23:46,479|[TRACE] graph - <------- nonSkippedChar
2021-11-19T10:23:46,479|[TRACE] graph - <----- statementPart
2021-11-19T10:23:46,479|[TRACE] graph - -----> statementPart
2021-11-19T10:23:46,479|[TRACE] graph - -------> nonSkippedChar
2021-11-19T10:23:46,479|[TRACE] script - #out(`T`) [token]
2021-11-19T10:23:46,479|[TRACE] graph - <------- nonSkippedChar
2021-11-19T10:23:46,479|[TRACE] graph - <----- statementPart
2021-11-19T10:23:46,479|[TRACE] graph - -----> statementPart
2021-11-19T10:23:46,479|[TRACE] graph - -------> nonSkippedSpace
2021-11-19T10:23:46,479|[TRACE] script - #out(` `) [token]
2021-11-19T10:23:46,479|[TRACE] graph - <------- nonSkippedSpace
2021-11-19T10:23:46,479|[TRACE] graph - <----- statementPart
2021-11-19T10:23:46,479|[TRACE] graph - -----> statementPart
2021-11-19T10:23:46,479|[TRACE] graph - -------> quotedString
2021-11-19T10:23:46,479|[TRACE] script - #out(``fk_donation_record_person1``) [token]
2021-11-19T10:23:46,479|[TRACE] graph - <------- quotedString
2021-11-19T10:23:46,479|[TRACE] graph - <----- statementPart
2021-11-19T10:23:46,479|[TRACE] graph - -----> afterStatementPartNewline
2021-11-19T10:23:46,479|[TRACE] script - #out(` `) [text]
2021-11-19T10:23:46,479|[TRACE] graph - <----- afterStatementPartNewline
2021-11-19T10:23:46,479|[TRACE] graph - -----> statementPart
2021-11-19T10:23:46,479|[TRACE] graph - -------> nonSkippedSpace
2021-11-19T10:23:46,479|[TRACE] script - #out(` `) [token]
2021-11-19T10:23:46,479|[TRACE] graph - <------- nonSkippedSpace
2021-11-19T10:23:46,479|[TRACE] graph - <----- statementPart
2021-11-19T10:23:46,479|[TRACE] graph - -----> statementPart
2021-11-19T10:23:46,479|[TRACE] graph - -------> nonSkippedSpace
2021-11-19T10:23:46,479|[TRACE] script - #out(` `) [token]
2021-11-19T10:23:46,479|[TRACE] graph - <------- nonSkippedSpace
2021-11-19T10:23:46,479|[TRACE] graph - <----- statementPart
2021-11-19T10:23:46,479|[TRACE] graph - -----> statementPart
2021-11-19T10:23:46,479|[TRACE] graph - -------> nonSkippedSpace
2021-11-19T10:23:46,479|[TRACE] script - #out(` `) [token]
2021-11-19T10:23:46,479|[TRACE] graph - <------- nonSkippedSpace
2021-11-19T10:23:46,479|[TRACE] graph - <----- statementPart
2021-11-19T10:23:46,479|[TRACE] graph - -----> statementPart
2021-11-19T10:23:46,479|[TRACE] graph - -------> nonSkippedSpace
2021-11-19T10:23:46,479|[TRACE] script - #out(` `) [token]
2021-11-19T10:23:46,479|[TRACE] graph - <------- nonSkippedSpace
2021-11-19T10:23:46,479|[TRACE] graph - <----- statementPart
2021-11-19T10:23:46,479|[TRACE] graph - -----> statementPart
2021-11-19T10:23:46,479|[TRACE] graph - -------> nonSkippedChar
2021-11-19T10:23:46,479|[TRACE] script - #out(`F`) [token]
2021-11-19T10:23:46,479|[TRACE] graph - <------- nonSkippedChar
2021-11-19T10:23:46,479|[TRACE] graph - <----- statementPart
2021-11-19T10:23:46,479|[TRACE] graph - -----> statementPart
2021-11-19T10:23:46,479|[TRACE] graph - -------> nonSkippedChar
2021-11-19T10:23:46,479|[TRACE] script - #out(`O`) [token]
2021-11-19T10:23:46,479|[TRACE] graph - <------- nonSkippedChar
2021-11-19T10:23:46,479|[TRACE] graph - <----- statementPart
2021-11-19T10:23:46,479|[TRACE] graph - -----> statementPart
2021-11-19T10:23:46,479|[TRACE] graph - -------> nonSkippedChar
2021-11-19T10:23:46,479|[TRACE] script - #out(`R`) [token]
2021-11-19T10:23:46,479|[TRACE] graph - <------- nonSkippedChar
2021-11-19T10:23:46,479|[TRACE] graph - <----- statementPart
2021-11-19T10:23:46,479|[TRACE] graph - -----> statementPart
2021-11-19T10:23:46,479|[TRACE] graph - -------> nonSkippedChar
2021-11-19T10:23:46,479|[TRACE] script - #out(`E`) [token]
2021-11-19T10:23:46,479|[TRACE] graph - <------- nonSkippedChar
2021-11-19T10:23:46,479|[TRACE] graph - <----- statementPart
2021-11-19T10:23:46,479|[TRACE] graph - -----> statementPart
2021-11-19T10:23:46,479|[TRACE] graph - -------> nonSkippedChar
2021-11-19T10:23:46,479|[TRACE] script - #out(`I`) [token]
2021-11-19T10:23:46,479|[TRACE] graph - <------- nonSkippedChar
2021-11-19T10:23:46,479|[TRACE] graph - <----- statementPart
2021-11-19T10:23:46,479|[TRACE] graph - -----> statementPart
2021-11-19T10:23:46,479|[TRACE] graph - -------> nonSkippedChar
2021-11-19T10:23:46,479|[TRACE] script - #out(`G`) [token]
2021-11-19T10:23:46,479|[TRACE] graph - <------- nonSkippedChar
2021-11-19T10:23:46,479|[TRACE] graph - <----- statementPart
2021-11-19T10:23:46,479|[TRACE] graph - -----> statementPart
2021-11-19T10:23:46,479|[TRACE] graph - -------> nonSkippedChar
2021-11-19T10:23:46,479|[TRACE] script - #out(`N`) [token]
2021-11-19T10:23:46,479|[TRACE] graph - <------- nonSkippedChar
2021-11-19T10:23:46,479|[TRACE] graph - <----- statementPart
2021-11-19T10:23:46,479|[TRACE] graph - -----> statementPart
2021-11-19T10:23:46,479|[TRACE] graph - -------> nonSkippedSpace
2021-11-19T10:23:46,479|[TRACE] script - #out(` `) [token]
2021-11-19T10:23:46,479|[TRACE] graph - <------- nonSkippedSpace
2021-11-19T10:23:46,479|[TRACE] graph - <----- statementPart
2021-11-19T10:23:46,479|[TRACE] graph - -----> statementPart
2021-11-19T10:23:46,479|[TRACE] graph - -------> nonSkippedChar
2021-11-19T10:23:46,479|[TRACE] script - #out(`K`) [token]
2021-11-19T10:23:46,479|[TRACE] graph - <------- nonSkippedChar
2021-11-19T10:23:46,479|[TRACE] graph - <----- statementPart
2021-11-19T10:23:46,479|[TRACE] graph - -----> statementPart
2021-11-19T10:23:46,479|[TRACE] graph - -------> nonSkippedChar
2021-11-19T10:23:46,479|[TRACE] script - #out(`E`) [token]
2021-11-19T10:23:46,479|[TRACE] graph - <------- nonSkippedChar
2021-11-19T10:23:46,479|[TRACE] graph - <----- statementPart
2021-11-19T10:23:46,479|[TRACE] graph - -----> statementPart
2021-11-19T10:23:46,479|[TRACE] graph - -------> nonSkippedChar
2021-11-19T10:23:46,479|[TRACE] script - #out(`Y`) [token]
2021-11-19T10:23:46,479|[TRACE] graph - <------- nonSkippedChar
2021-11-19T10:23:46,479|[TRACE] graph - <----- statementPart
2021-11-19T10:23:46,479|[TRACE] graph - -----> statementPart
2021-11-19T10:23:46,479|[TRACE] graph - -------> nonSkippedSpace
2021-11-19T10:23:46,479|[TRACE] script - #out(` `) [token]
2021-11-19T10:23:46,479|[TRACE] graph - <------- nonSkippedSpace
2021-11-19T10:23:46,479|[TRACE] graph - <----- statementPart
2021-11-19T10:23:46,479|[TRACE] graph - -----> statementPart
2021-11-19T10:23:46,479|[TRACE] graph - -------> nonSkippedChar
2021-11-19T10:23:46,479|[TRACE] script - #out(`(`) [token]
2021-11-19T10:23:46,479|[TRACE] graph - <------- nonSkippedChar
2021-11-19T10:23:46,479|[TRACE] graph - <----- statementPart
2021-11-19T10:23:46,479|[TRACE] graph - -----> statementPart
2021-11-19T10:23:46,479|[TRACE] graph - -------> quotedString
2021-11-19T10:23:46,479|[TRACE] script - #out(``person_id``) [token]
2021-11-19T10:23:46,479|[TRACE] graph - <------- quotedString
2021-11-19T10:23:46,479|[TRACE] graph - <----- statementPart
2021-11-19T10:23:46,479|[TRACE] graph - -----> statementPart
2021-11-19T10:23:46,479|[TRACE] graph - -------> nonSkippedChar
2021-11-19T10:23:46,479|[TRACE] script - #out(`)`) [token]
2021-11-19T10:23:46,479|[TRACE] graph - <------- nonSkippedChar
2021-11-19T10:23:46,479|[TRACE] graph - <----- statementPart
2021-11-19T10:23:46,479|[TRACE] graph - -----> afterStatementPartNewline
2021-11-19T10:23:46,479|[TRACE] script - #out(` `) [text]
2021-11-19T10:23:46,479|[TRACE] graph - <----- afterStatementPartNewline
2021-11-19T10:23:46,479|[TRACE] graph - -----> statementPart
2021-11-19T10:23:46,479|[TRACE] graph - -------> nonSkippedSpace
2021-11-19T10:23:46,479|[TRACE] script - #out(` `) [token]
2021-11-19T10:23:46,479|[TRACE] graph - <------- nonSkippedSpace
2021-11-19T10:23:46,479|[TRACE] graph - <----- statementPart
2021-11-19T10:23:46,479|[TRACE] graph - -----> statementPart
2021-11-19T10:23:46,479|[TRACE] graph - -------> nonSkippedSpace
2021-11-19T10:23:46,479|[TRACE] script - #out(` `) [token]
2021-11-19T10:23:46,479|[TRACE] graph - <------- nonSkippedSpace
2021-11-19T10:23:46,479|[TRACE] graph - <----- statementPart
2021-11-19T10:23:46,479|[TRACE] graph - -----> statementPart
2021-11-19T10:23:46,479|[TRACE] graph - -------> nonSkippedSpace
2021-11-19T10:23:46,479|[TRACE] script - #out(` `) [token]
2021-11-19T10:23:46,479|[TRACE] graph - <------- nonSkippedSpace
2021-11-19T10:23:46,479|[TRACE] graph - <----- statementPart
2021-11-19T10:23:46,479|[TRACE] graph - -----> statementPart
2021-11-19T10:23:46,479|[TRACE] graph - -------> nonSkippedSpace
2021-11-19T10:23:46,479|[TRACE] script - #out(` `) [token]
2021-11-19T10:23:46,479|[TRACE] graph - <------- nonSkippedSpace
2021-11-19T10:23:46,479|[TRACE] graph - <----- statementPart
2021-11-19T10:23:46,479|[TRACE] graph - -----> statementPart
2021-11-19T10:23:46,479|[TRACE] graph - -------> nonSkippedChar
2021-11-19T10:23:46,479|[TRACE] script - #out(`R`) [token]
2021-11-19T10:23:46,479|[TRACE] graph - <------- nonSkippedChar
2021-11-19T10:23:46,479|[TRACE] graph - <----- statementPart
2021-11-19T10:23:46,480|[TRACE] graph - -----> statementPart
2021-11-19T10:23:46,480|[TRACE] graph - -------> nonSkippedChar
2021-11-19T10:23:46,480|[TRACE] script - #out(`E`) [token]
2021-11-19T10:23:46,480|[TRACE] graph - <------- nonSkippedChar
2021-11-19T10:23:46,480|[TRACE] graph - <----- statementPart
2021-11-19T10:23:46,480|[TRACE] graph - -----> statementPart
2021-11-19T10:23:46,480|[TRACE] graph - -------> nonSkippedChar
2021-11-19T10:23:46,480|[TRACE] script - #out(`F`) [token]
2021-11-19T10:23:46,480|[TRACE] graph - <------- nonSkippedChar
2021-11-19T10:23:46,480|[TRACE] graph - <----- statementPart
2021-11-19T10:23:46,480|[TRACE] graph - -----> statementPart
2021-11-19T10:23:46,480|[TRACE] graph - -------> nonSkippedChar
2021-11-19T10:23:46,480|[TRACE] script - #out(`E`) [token]
2021-11-19T10:23:46,480|[TRACE] graph - <------- nonSkippedChar
2021-11-19T10:23:46,480|[TRACE] graph - <----- statementPart
2021-11-19T10:23:46,480|[TRACE] graph - -----> statementPart
2021-11-19T10:23:46,480|[TRACE] graph - -------> nonSkippedChar
2021-11-19T10:23:46,480|[TRACE] script - #out(`R`) [token]
2021-11-19T10:23:46,480|[TRACE] graph - <------- nonSkippedChar
2021-11-19T10:23:46,480|[TRACE] graph - <----- statementPart
2021-11-19T10:23:46,480|[TRACE] graph - -----> statementPart
2021-11-19T10:23:46,480|[TRACE] graph - -------> nonSkippedChar
2021-11-19T10:23:46,480|[TRACE] script - #out(`E`) [token]
2021-11-19T10:23:46,480|[TRACE] graph - <------- nonSkippedChar
2021-11-19T10:23:46,480|[TRACE] graph - <----- statementPart
2021-11-19T10:23:46,480|[TRACE] graph - -----> statementPart
2021-11-19T10:23:46,480|[TRACE] graph - -------> nonSkippedChar
2021-11-19T10:23:46,480|[TRACE] script - #out(`N`) [token]
2021-11-19T10:23:46,480|[TRACE] graph - <------- nonSkippedChar
2021-11-19T10:23:46,480|[TRACE] graph - <----- statementPart
2021-11-19T10:23:46,480|[TRACE] graph - -----> statementPart
2021-11-19T10:23:46,480|[TRACE] graph - -------> nonSkippedChar
2021-11-19T10:23:46,480|[TRACE] script - #out(`C`) [token]
2021-11-19T10:23:46,480|[TRACE] graph - <------- nonSkippedChar
2021-11-19T10:23:46,480|[TRACE] graph - <----- statementPart
2021-11-19T10:23:46,480|[TRACE] graph - -----> statementPart
2021-11-19T10:23:46,480|[TRACE] graph - -------> nonSkippedChar
2021-11-19T10:23:46,480|[TRACE] script - #out(`E`) [token]
2021-11-19T10:23:46,480|[TRACE] graph - <------- nonSkippedChar
2021-11-19T10:23:46,480|[TRACE] graph - <----- statementPart
2021-11-19T10:23:46,480|[TRACE] graph - -----> statementPart
2021-11-19T10:23:46,480|[TRACE] graph - -------> nonSkippedChar
2021-11-19T10:23:46,480|[TRACE] script - #out(`S`) [token]
2021-11-19T10:23:46,480|[TRACE] graph - <------- nonSkippedChar
2021-11-19T10:23:46,480|[TRACE] graph - <----- statementPart
2021-11-19T10:23:46,480|[TRACE] graph - -----> statementPart
2021-11-19T10:23:46,480|[TRACE] graph - -------> nonSkippedSpace
2021-11-19T10:23:46,480|[TRACE] script - #out(` `) [token]
2021-11-19T10:23:46,480|[TRACE] graph - <------- nonSkippedSpace
2021-11-19T10:23:46,480|[TRACE] graph - <----- statementPart
2021-11-19T10:23:46,480|[TRACE] graph - -----> statementPart
2021-11-19T10:23:46,480|[TRACE] graph - -------> quotedString
2021-11-19T10:23:46,480|[TRACE] script - #out(``bloodbank``) [token]
2021-11-19T10:23:46,480|[TRACE] graph - <------- quotedString
2021-11-19T10:23:46,480|[TRACE] graph - <----- statementPart
2021-11-19T10:23:46,480|[TRACE] graph - -----> statementPart
2021-11-19T10:23:46,480|[TRACE] graph - -------> nonSkippedChar
2021-11-19T10:23:46,480|[TRACE] script - #out(`.`) [token]
2021-11-19T10:23:46,480|[TRACE] graph - <------- nonSkippedChar
2021-11-19T10:23:46,480|[TRACE] graph - <----- statementPart
2021-11-19T10:23:46,480|[TRACE] graph - -----> statementPart
2021-11-19T10:23:46,480|[TRACE] graph - -------> quotedString
2021-11-19T10:23:46,480|[TRACE] script - #out(``person``) [token]
2021-11-19T10:23:46,480|[TRACE] graph - <------- quotedString
2021-11-19T10:23:46,480|[TRACE] graph - <----- statementPart
2021-11-19T10:23:46,480|[TRACE] graph - -----> statementPart
2021-11-19T10:23:46,480|[TRACE] graph - -------> nonSkippedSpace
2021-11-19T10:23:46,480|[TRACE] script - #out(` `) [token]
2021-11-19T10:23:46,480|[TRACE] graph - <------- nonSkippedSpace
2021-11-19T10:23:46,480|[TRACE] graph - <----- statementPart
2021-11-19T10:23:46,480|[TRACE] graph - -----> statementPart
2021-11-19T10:23:46,480|[TRACE] graph - -------> nonSkippedChar
2021-11-19T10:23:46,480|[TRACE] script - #out(`(`) [token]
2021-11-19T10:23:46,480|[TRACE] graph - <------- nonSkippedChar
2021-11-19T10:23:46,480|[TRACE] graph - <----- statementPart
2021-11-19T10:23:46,480|[TRACE] graph - -----> statementPart
2021-11-19T10:23:46,480|[TRACE] graph - -------> quotedString
2021-11-19T10:23:46,480|[TRACE] script - #out(``id``) [token]
2021-11-19T10:23:46,480|[TRACE] graph - <------- quotedString
2021-11-19T10:23:46,480|[TRACE] graph - <----- statementPart
2021-11-19T10:23:46,480|[TRACE] graph - -----> statementPart
2021-11-19T10:23:46,480|[TRACE] graph - -------> nonSkippedChar
2021-11-19T10:23:46,480|[TRACE] script - #out(`)`) [token]
2021-11-19T10:23:46,480|[TRACE] graph - <------- nonSkippedChar
2021-11-19T10:23:46,480|[TRACE] graph - <----- statementPart
2021-11-19T10:23:46,480|[TRACE] graph - -----> afterStatementPartNewline
2021-11-19T10:23:46,480|[TRACE] script - #out(` `) [text]
2021-11-19T10:23:46,480|[TRACE] graph - <----- afterStatementPartNewline
2021-11-19T10:23:46,480|[TRACE] graph - -----> statementPart
2021-11-19T10:23:46,480|[TRACE] graph - -------> nonSkippedSpace
2021-11-19T10:23:46,480|[TRACE] script - #out(` `) [token]
2021-11-19T10:23:46,480|[TRACE] graph - <------- nonSkippedSpace
2021-11-19T10:23:46,480|[TRACE] graph - <----- statementPart
2021-11-19T10:23:46,480|[TRACE] graph - -----> statementPart
2021-11-19T10:23:46,480|[TRACE] graph - -------> nonSkippedSpace
2021-11-19T10:23:46,480|[TRACE] script - #out(` `) [token]
2021-11-19T10:23:46,480|[TRACE] graph - <------- nonSkippedSpace
2021-11-19T10:23:46,480|[TRACE] graph - <----- statementPart
2021-11-19T10:23:46,480|[TRACE] graph - -----> statementPart
2021-11-19T10:23:46,480|[TRACE] graph - -------> nonSkippedSpace
2021-11-19T10:23:46,480|[TRACE] script - #out(` `) [token]
2021-11-19T10:23:46,480|[TRACE] graph - <------- nonSkippedSpace
2021-11-19T10:23:46,480|[TRACE] graph - <----- statementPart
2021-11-19T10:23:46,480|[TRACE] graph - -----> statementPart
2021-11-19T10:23:46,480|[TRACE] graph - -------> nonSkippedSpace
2021-11-19T10:23:46,480|[TRACE] script - #out(` `) [token]
2021-11-19T10:23:46,480|[TRACE] graph - <------- nonSkippedSpace
2021-11-19T10:23:46,480|[TRACE] graph - <----- statementPart
2021-11-19T10:23:46,480|[TRACE] graph - -----> statementPart
2021-11-19T10:23:46,480|[TRACE] graph - -------> nonSkippedChar
2021-11-19T10:23:46,480|[TRACE] script - #out(`O`) [token]
2021-11-19T10:23:46,480|[TRACE] graph - <------- nonSkippedChar
2021-11-19T10:23:46,480|[TRACE] graph - <----- statementPart
2021-11-19T10:23:46,480|[TRACE] graph - -----> statementPart
2021-11-19T10:23:46,480|[TRACE] graph - -------> nonSkippedChar
2021-11-19T10:23:46,480|[TRACE] script - #out(`N`) [token]
2021-11-19T10:23:46,480|[TRACE] graph - <------- nonSkippedChar
2021-11-19T10:23:46,480|[TRACE] graph - <----- statementPart
2021-11-19T10:23:46,480|[TRACE] graph - -----> statementPart
2021-11-19T10:23:46,480|[TRACE] graph - -------> nonSkippedSpace
2021-11-19T10:23:46,480|[TRACE] script - #out(` `) [token]
2021-11-19T10:23:46,480|[TRACE] graph - <------- nonSkippedSpace
2021-11-19T10:23:46,480|[TRACE] graph - <----- statementPart
2021-11-19T10:23:46,480|[TRACE] graph - -----> statementPart
2021-11-19T10:23:46,480|[TRACE] graph - -------> nonSkippedChar
2021-11-19T10:23:46,480|[TRACE] script - #out(`D`) [token]
2021-11-19T10:23:46,480|[TRACE] graph - <------- nonSkippedChar
2021-11-19T10:23:46,480|[TRACE] graph - <----- statementPart
2021-11-19T10:23:46,480|[TRACE] graph - -----> statementPart
2021-11-19T10:23:46,480|[TRACE] graph - -------> nonSkippedChar
2021-11-19T10:23:46,480|[TRACE] script - #out(`E`) [token]
2021-11-19T10:23:46,480|[TRACE] graph - <------- nonSkippedChar
2021-11-19T10:23:46,480|[TRACE] graph - <----- statementPart
2021-11-19T10:23:46,480|[TRACE] graph - -----> statementPart
2021-11-19T10:23:46,480|[TRACE] graph - -------> nonSkippedChar
2021-11-19T10:23:46,480|[TRACE] script - #out(`L`) [token]
2021-11-19T10:23:46,480|[TRACE] graph - <------- nonSkippedChar
2021-11-19T10:23:46,480|[TRACE] graph - <----- statementPart
2021-11-19T10:23:46,480|[TRACE] graph - -----> statementPart
2021-11-19T10:23:46,480|[TRACE] graph - -------> nonSkippedChar
2021-11-19T10:23:46,480|[TRACE] script - #out(`E`) [token]
2021-11-19T10:23:46,480|[TRACE] graph - <------- nonSkippedChar
2021-11-19T10:23:46,480|[TRACE] graph - <----- statementPart
2021-11-19T10:23:46,480|[TRACE] graph - -----> statementPart
2021-11-19T10:23:46,480|[TRACE] graph - -------> nonSkippedChar
2021-11-19T10:23:46,480|[TRACE] script - #out(`T`) [token]
2021-11-19T10:23:46,480|[TRACE] graph - <------- nonSkippedChar
2021-11-19T10:23:46,480|[TRACE] graph - <----- statementPart
2021-11-19T10:23:46,480|[TRACE] graph - -----> statementPart
2021-11-19T10:23:46,480|[TRACE] graph - -------> nonSkippedChar
2021-11-19T10:23:46,480|[TRACE] script - #out(`E`) [token]
2021-11-19T10:23:46,480|[TRACE] graph - <------- nonSkippedChar
2021-11-19T10:23:46,480|[TRACE] graph - <----- statementPart
2021-11-19T10:23:46,480|[TRACE] graph - -----> statementPart
2021-11-19T10:23:46,480|[TRACE] graph - -------> nonSkippedSpace
2021-11-19T10:23:46,480|[TRACE] script - #out(` `) [token]
2021-11-19T10:23:46,480|[TRACE] graph - <------- nonSkippedSpace
2021-11-19T10:23:46,480|[TRACE] graph - <----- statementPart
2021-11-19T10:23:46,480|[TRACE] graph - -----> statementPart
2021-11-19T10:23:46,480|[TRACE] graph - -------> nonSkippedChar
2021-11-19T10:23:46,480|[TRACE] script - #out(`N`) [token]
2021-11-19T10:23:46,480|[TRACE] graph - <------- nonSkippedChar
2021-11-19T10:23:46,480|[TRACE] graph - <----- statementPart
2021-11-19T10:23:46,480|[TRACE] graph - -----> statementPart
2021-11-19T10:23:46,480|[TRACE] graph - -------> nonSkippedChar
2021-11-19T10:23:46,480|[TRACE] script - #out(`O`) [token]
2021-11-19T10:23:46,480|[TRACE] graph - <------- nonSkippedChar
2021-11-19T10:23:46,480|[TRACE] graph - <----- statementPart
2021-11-19T10:23:46,480|[TRACE] graph - -----> statementPart
2021-11-19T10:23:46,480|[TRACE] graph - -------> nonSkippedSpace
2021-11-19T10:23:46,480|[TRACE] script - #out(` `) [token]
2021-11-19T10:23:46,480|[TRACE] graph - <------- nonSkippedSpace
2021-11-19T10:23:46,480|[TRACE] graph - <----- statementPart
2021-11-19T10:23:46,480|[TRACE] graph - -----> statementPart
2021-11-19T10:23:46,480|[TRACE] graph - -------> nonSkippedChar
2021-11-19T10:23:46,480|[TRACE] script - #out(`A`) [token]
2021-11-19T10:23:46,480|[TRACE] graph - <------- nonSkippedChar
2021-11-19T10:23:46,480|[TRACE] graph - <----- statementPart
2021-11-19T10:23:46,480|[TRACE] graph - -----> statementPart
2021-11-19T10:23:46,480|[TRACE] graph - -------> nonSkippedChar
2021-11-19T10:23:46,480|[TRACE] script - #out(`C`) [token]
2021-11-19T10:23:46,480|[TRACE] graph - <------- nonSkippedChar
2021-11-19T10:23:46,480|[TRACE] graph - <----- statementPart
2021-11-19T10:23:46,480|[TRACE] graph - -----> statementPart
2021-11-19T10:23:46,480|[TRACE] graph - -------> nonSkippedChar
2021-11-19T10:23:46,480|[TRACE] script - #out(`T`) [token]
2021-11-19T10:23:46,480|[TRACE] graph - <------- nonSkippedChar
2021-11-19T10:23:46,480|[TRACE] graph - <----- statementPart
2021-11-19T10:23:46,480|[TRACE] graph - -----> statementPart
2021-11-19T10:23:46,480|[TRACE] graph - -------> nonSkippedChar
2021-11-19T10:23:46,480|[TRACE] script - #out(`I`) [token]
2021-11-19T10:23:46,480|[TRACE] graph - <------- nonSkippedChar
2021-11-19T10:23:46,480|[TRACE] graph - <----- statementPart
2021-11-19T10:23:46,480|[TRACE] graph - -----> statementPart
2021-11-19T10:23:46,480|[TRACE] graph - -------> nonSkippedChar
2021-11-19T10:23:46,480|[TRACE] script - #out(`O`) [token]
2021-11-19T10:23:46,480|[TRACE] graph - <------- nonSkippedChar
2021-11-19T10:23:46,480|[TRACE] graph - <----- statementPart
2021-11-19T10:23:46,480|[TRACE] graph - -----> statementPart
2021-11-19T10:23:46,480|[TRACE] graph - -------> nonSkippedChar
2021-11-19T10:23:46,480|[TRACE] script - #out(`N`) [token]
2021-11-19T10:23:46,480|[TRACE] graph - <------- nonSkippedChar
2021-11-19T10:23:46,480|[TRACE] graph - <----- statementPart
2021-11-19T10:23:46,480|[TRACE] graph - -----> afterStatementPartNewline
2021-11-19T10:23:46,480|[TRACE] script - #out(` `) [text]
2021-11-19T10:23:46,480|[TRACE] graph - <----- afterStatementPartNewline
2021-11-19T10:23:46,480|[TRACE] graph - -----> statementPart
2021-11-19T10:23:46,480|[TRACE] graph - -------> nonSkippedSpace
2021-11-19T10:23:46,480|[TRACE] script - #out(` `) [token]
2021-11-19T10:23:46,480|[TRACE] graph - <------- nonSkippedSpace
2021-11-19T10:23:46,480|[TRACE] graph - <----- statementPart
2021-11-19T10:23:46,480|[TRACE] graph - -----> statementPart
2021-11-19T10:23:46,480|[TRACE] graph - -------> nonSkippedSpace
2021-11-19T10:23:46,480|[TRACE] script - #out(` `) [token]
2021-11-19T10:23:46,480|[TRACE] graph - <------- nonSkippedSpace
2021-11-19T10:23:46,480|[TRACE] graph - <----- statementPart
2021-11-19T10:23:46,480|[TRACE] graph - -----> statementPart
2021-11-19T10:23:46,480|[TRACE] graph - -------> nonSkippedSpace
2021-11-19T10:23:46,480|[TRACE] script - #out(` `) [token]
2021-11-19T10:23:46,480|[TRACE] graph - <------- nonSkippedSpace
2021-11-19T10:23:46,480|[TRACE] graph - <----- statementPart
2021-11-19T10:23:46,480|[TRACE] graph - -----> statementPart
2021-11-19T10:23:46,480|[TRACE] graph - -------> nonSkippedSpace
2021-11-19T10:23:46,480|[TRACE] script - #out(` `) [token]
2021-11-19T10:23:46,480|[TRACE] graph - <------- nonSkippedSpace
2021-11-19T10:23:46,480|[TRACE] graph - <----- statementPart
2021-11-19T10:23:46,480|[TRACE] graph - -----> statementPart
2021-11-19T10:23:46,480|[TRACE] graph - -------> nonSkippedChar
2021-11-19T10:23:46,480|[TRACE] script - #out(`O`) [token]
2021-11-19T10:23:46,480|[TRACE] graph - <------- nonSkippedChar
2021-11-19T10:23:46,480|[TRACE] graph - <----- statementPart
2021-11-19T10:23:46,480|[TRACE] graph - -----> statementPart
2021-11-19T10:23:46,480|[TRACE] graph - -------> nonSkippedChar
2021-11-19T10:23:46,480|[TRACE] script - #out(`N`) [token]
2021-11-19T10:23:46,480|[TRACE] graph - <------- nonSkippedChar
2021-11-19T10:23:46,480|[TRACE] graph - <----- statementPart
2021-11-19T10:23:46,480|[TRACE] graph - -----> statementPart
2021-11-19T10:23:46,480|[TRACE] graph - -------> nonSkippedSpace
2021-11-19T10:23:46,480|[TRACE] script - #out(` `) [token]
2021-11-19T10:23:46,480|[TRACE] graph - <------- nonSkippedSpace
2021-11-19T10:23:46,480|[TRACE] graph - <----- statementPart
2021-11-19T10:23:46,480|[TRACE] graph - -----> statementPart
2021-11-19T10:23:46,480|[TRACE] graph - -------> nonSkippedChar
2021-11-19T10:23:46,480|[TRACE] script - #out(`U`) [token]
2021-11-19T10:23:46,480|[TRACE] graph - <------- nonSkippedChar
2021-11-19T10:23:46,480|[TRACE] graph - <----- statementPart
2021-11-19T10:23:46,480|[TRACE] graph - -----> statementPart
2021-11-19T10:23:46,480|[TRACE] graph - -------> nonSkippedChar
2021-11-19T10:23:46,480|[TRACE] script - #out(`P`) [token]
2021-11-19T10:23:46,480|[TRACE] graph - <------- nonSkippedChar
2021-11-19T10:23:46,480|[TRACE] graph - <----- statementPart
2021-11-19T10:23:46,480|[TRACE] graph - -----> statementPart
2021-11-19T10:23:46,480|[TRACE] graph - -------> nonSkippedChar
2021-11-19T10:23:46,480|[TRACE] script - #out(`D`) [token]
2021-11-19T10:23:46,480|[TRACE] graph - <------- nonSkippedChar
2021-11-19T10:23:46,480|[TRACE] graph - <----- statementPart
2021-11-19T10:23:46,480|[TRACE] graph - -----> statementPart
2021-11-19T10:23:46,480|[TRACE] graph - -------> nonSkippedChar
2021-11-19T10:23:46,480|[TRACE] script - #out(`A`) [token]
2021-11-19T10:23:46,480|[TRACE] graph - <------- nonSkippedChar
2021-11-19T10:23:46,480|[TRACE] graph - <----- statementPart
2021-11-19T10:23:46,480|[TRACE] graph - -----> statementPart
2021-11-19T10:23:46,480|[TRACE] graph - -------> nonSkippedChar
2021-11-19T10:23:46,480|[TRACE] script - #out(`T`) [token]
2021-11-19T10:23:46,480|[TRACE] graph - <------- nonSkippedChar
2021-11-19T10:23:46,480|[TRACE] graph - <----- statementPart
2021-11-19T10:23:46,480|[TRACE] graph - -----> statementPart
2021-11-19T10:23:46,480|[TRACE] graph - -------> nonSkippedChar
2021-11-19T10:23:46,480|[TRACE] script - #out(`E`) [token]
2021-11-19T10:23:46,480|[TRACE] graph - <------- nonSkippedChar
2021-11-19T10:23:46,480|[TRACE] graph - <----- statementPart
2021-11-19T10:23:46,480|[TRACE] graph - -----> statementPart
2021-11-19T10:23:46,480|[TRACE] graph - -------> nonSkippedSpace
2021-11-19T10:23:46,480|[TRACE] script - #out(` `) [token]
2021-11-19T10:23:46,480|[TRACE] graph - <------- nonSkippedSpace
2021-11-19T10:23:46,480|[TRACE] graph - <----- statementPart
2021-11-19T10:23:46,480|[TRACE] graph - -----> statementPart
2021-11-19T10:23:46,480|[TRACE] graph - -------> nonSkippedChar
2021-11-19T10:23:46,480|[TRACE] script - #out(`N`) [token]
2021-11-19T10:23:46,480|[TRACE] graph - <------- nonSkippedChar
2021-11-19T10:23:46,480|[TRACE] graph - <----- statementPart
2021-11-19T10:23:46,480|[TRACE] graph - -----> statementPart
2021-11-19T10:23:46,480|[TRACE] graph - -------> nonSkippedChar
2021-11-19T10:23:46,649|[TRACE] script - #out(`O`) [token]
2021-11-19T10:23:46,649|[TRACE] graph - <------- nonSkippedChar
2021-11-19T10:23:46,649|[TRACE] graph - <----- statementPart
2021-11-19T10:23:46,649|[TRACE] graph - -----> statementPart
2021-11-19T10:23:46,649|[TRACE] graph - -------> nonSkippedSpace
2021-11-19T10:23:46,649|[TRACE] script - #out(` `) [token]
2021-11-19T10:23:46,649|[TRACE] graph - <------- nonSkippedSpace
2021-11-19T10:23:46,649|[TRACE] graph - <----- statementPart
2021-11-19T10:23:46,649|[TRACE] graph - -----> statementPart
2021-11-19T10:23:46,649|[TRACE] graph - -------> nonSkippedChar
2021-11-19T10:23:46,649|[TRACE] script - #out(`A`) [token]
2021-11-19T10:23:46,649|[TRACE] graph - <------- nonSkippedChar
2021-11-19T10:23:46,649|[TRACE] graph - <----- statementPart
2021-11-19T10:23:46,649|[TRACE] graph - -----> statementPart
2021-11-19T10:23:46,649|[TRACE] graph - -------> nonSkippedChar
2021-11-19T10:23:46,649|[TRACE] script - #out(`C`) [token]
2021-11-19T10:23:46,649|[TRACE] graph - <------- nonSkippedChar
2021-11-19T10:23:46,649|[TRACE] graph - <----- statementPart
2021-11-19T10:23:46,649|[TRACE] graph - -----> statementPart
2021-11-19T10:23:46,649|[TRACE] graph - -------> nonSkippedChar
2021-11-19T10:23:46,649|[TRACE] script - #out(`T`) [token]
2021-11-19T10:23:46,649|[TRACE] graph - <------- nonSkippedChar
2021-11-19T10:23:46,649|[TRACE] graph - <----- statementPart
2021-11-19T10:23:46,649|[TRACE] graph - -----> statementPart
2021-11-19T10:23:46,649|[TRACE] graph - -------> nonSkippedChar
2021-11-19T10:23:46,649|[TRACE] script - #out(`I`) [token]
2021-11-19T10:23:46,649|[TRACE] graph - <------- nonSkippedChar
2021-11-19T10:23:46,649|[TRACE] graph - <----- statementPart
2021-11-19T10:23:46,649|[TRACE] graph - -----> statementPart
2021-11-19T10:23:46,649|[TRACE] graph - -------> nonSkippedChar
2021-11-19T10:23:46,649|[TRACE] script - #out(`O`) [token]
2021-11-19T10:23:46,649|[TRACE] graph - <------- nonSkippedChar
2021-11-19T10:23:46,649|[TRACE] graph - <----- statementPart
2021-11-19T10:23:46,649|[TRACE] graph - -----> statementPart
2021-11-19T10:23:46,649|[TRACE] graph - -------> nonSkippedChar
2021-11-19T10:23:46,649|[TRACE] script - #out(`N`) [token]
2021-11-19T10:23:46,649|[TRACE] graph - <------- nonSkippedChar
2021-11-19T10:23:46,649|[TRACE] graph - <----- statementPart
2021-11-19T10:23:46,649|[TRACE] graph - -----> statementPart
2021-11-19T10:23:46,649|[TRACE] graph - -------> nonSkippedChar
2021-11-19T10:23:46,649|[TRACE] script - #out(`,`) [token]
2021-11-19T10:23:46,649|[TRACE] graph - <------- nonSkippedChar
2021-11-19T10:23:46,649|[TRACE] graph - <----- statementPart
2021-11-19T10:23:46,649|[TRACE] graph - -----> afterStatementPartNewline
2021-11-19T10:23:46,649|[TRACE] script - #out(` `) [text]
2021-11-19T10:23:46,649|[TRACE] graph - <----- afterStatementPartNewline
2021-11-19T10:23:46,649|[TRACE] graph - -----> statementPart
2021-11-19T10:23:46,649|[TRACE] graph - -------> nonSkippedSpace
2021-11-19T10:23:46,649|[TRACE] script - #out(` `) [token]
2021-11-19T10:23:46,649|[TRACE] graph - <------- nonSkippedSpace
2021-11-19T10:23:46,649|[TRACE] graph - <----- statementPart
2021-11-19T10:23:46,649|[TRACE] graph - -----> statementPart
2021-11-19T10:23:46,649|[TRACE] graph - -------> nonSkippedSpace
2021-11-19T10:23:46,649|[TRACE] script - #out(` `) [token]
2021-11-19T10:23:46,649|[TRACE] graph - <------- nonSkippedSpace
2021-11-19T10:23:46,649|[TRACE] graph - <----- statementPart
2021-11-19T10:23:46,649|[TRACE] graph - -----> statementPart
2021-11-19T10:23:46,649|[TRACE] graph - -------> nonSkippedChar
2021-11-19T10:23:46,649|[TRACE] script - #out(`C`) [token]
2021-11-19T10:23:46,649|[TRACE] graph - <------- nonSkippedChar
2021-11-19T10:23:46,649|[TRACE] graph - <----- statementPart
2021-11-19T10:23:46,649|[TRACE] graph - -----> statementPart
2021-11-19T10:23:46,649|[TRACE] graph - -------> nonSkippedChar
2021-11-19T10:23:46,649|[TRACE] script - #out(`O`) [token]
2021-11-19T10:23:46,649|[TRACE] graph - <------- nonSkippedChar
2021-11-19T10:23:46,649|[TRACE] graph - <----- statementPart
2021-11-19T10:23:46,649|[TRACE] graph - -----> statementPart
2021-11-19T10:23:46,649|[TRACE] graph - -------> nonSkippedChar
2021-11-19T10:23:46,649|[TRACE] script - #out(`N`) [token]
2021-11-19T10:23:46,649|[TRACE] graph - <------- nonSkippedChar
2021-11-19T10:23:46,649|[TRACE] graph - <----- statementPart
2021-11-19T10:23:46,649|[TRACE] graph - -----> statementPart
2021-11-19T10:23:46,649|[TRACE] graph - -------> nonSkippedChar
2021-11-19T10:23:46,649|[TRACE] script - #out(`S`) [token]
2021-11-19T10:23:46,649|[TRACE] graph - <------- nonSkippedChar
2021-11-19T10:23:46,649|[TRACE] graph - <----- statementPart
2021-11-19T10:23:46,649|[TRACE] graph - -----> statementPart
2021-11-19T10:23:46,649|[TRACE] graph - -------> nonSkippedChar
2021-11-19T10:23:46,649|[TRACE] script - #out(`T`) [token]
2021-11-19T10:23:46,649|[TRACE] graph - <------- nonSkippedChar
2021-11-19T10:23:46,649|[TRACE] graph - <----- statementPart
2021-11-19T10:23:46,649|[TRACE] graph - -----> statementPart
2021-11-19T10:23:46,649|[TRACE] graph - -------> nonSkippedChar
2021-11-19T10:23:46,649|[TRACE] script - #out(`R`) [token]
2021-11-19T10:23:46,649|[TRACE] graph - <------- nonSkippedChar
2021-11-19T10:23:46,649|[TRACE] graph - <----- statementPart
2021-11-19T10:23:46,649|[TRACE] graph - -----> statementPart
2021-11-19T10:23:46,649|[TRACE] graph - -------> nonSkippedChar
2021-11-19T10:23:46,649|[TRACE] script - #out(`A`) [token]
2021-11-19T10:23:46,649|[TRACE] graph - <------- nonSkippedChar
2021-11-19T10:23:46,649|[TRACE] graph - <----- statementPart
2021-11-19T10:23:46,649|[TRACE] graph - -----> statementPart
2021-11-19T10:23:46,649|[TRACE] graph - -------> nonSkippedChar
2021-11-19T10:23:46,649|[TRACE] script - #out(`I`) [token]
2021-11-19T10:23:46,649|[TRACE] graph - <------- nonSkippedChar
2021-11-19T10:23:46,649|[TRACE] graph - <----- statementPart
2021-11-19T10:23:46,649|[TRACE] graph - -----> statementPart
2021-11-19T10:23:46,649|[TRACE] graph - -------> nonSkippedChar
2021-11-19T10:23:46,649|[TRACE] script - #out(`N`) [token]
2021-11-19T10:23:46,649|[TRACE] graph - <------- nonSkippedChar
2021-11-19T10:23:46,649|[TRACE] graph - <----- statementPart
2021-11-19T10:23:46,649|[TRACE] graph - -----> statementPart
2021-11-19T10:23:46,649|[TRACE] graph - -------> nonSkippedChar
2021-11-19T10:23:46,649|[TRACE] script - #out(`T`) [token]
2021-11-19T10:23:46,649|[TRACE] graph - <------- nonSkippedChar
2021-11-19T10:23:46,649|[TRACE] graph - <----- statementPart
2021-11-19T10:23:46,649|[TRACE] graph - -----> statementPart
2021-11-19T10:23:46,649|[TRACE] graph - -------> nonSkippedSpace
2021-11-19T10:23:46,649|[TRACE] script - #out(` `) [token]
2021-11-19T10:23:46,649|[TRACE] graph - <------- nonSkippedSpace
2021-11-19T10:23:46,649|[TRACE] graph - <----- statementPart
2021-11-19T10:23:46,649|[TRACE] graph - -----> statementPart
2021-11-19T10:23:46,649|[TRACE] graph - -------> quotedString
2021-11-19T10:23:46,649|[TRACE] script - #out(``fk_donation_record_blood_donation1``) [token]
2021-11-19T10:23:46,649|[TRACE] graph - <------- quotedString
2021-11-19T10:23:46,649|[TRACE] graph - <----- statementPart
2021-11-19T10:23:46,649|[TRACE] graph - -----> afterStatementPartNewline
2021-11-19T10:23:46,649|[TRACE] script - #out(` `) [text]
2021-11-19T10:23:46,649|[TRACE] graph - <----- afterStatementPartNewline
2021-11-19T10:23:46,649|[TRACE] graph - -----> statementPart
2021-11-19T10:23:46,649|[TRACE] graph - -------> nonSkippedSpace
2021-11-19T10:23:46,649|[TRACE] script - #out(` `) [token]
2021-11-19T10:23:46,649|[TRACE] graph - <------- nonSkippedSpace
2021-11-19T10:23:46,649|[TRACE] graph - <----- statementPart
2021-11-19T10:23:46,649|[TRACE] graph - -----> statementPart
2021-11-19T10:23:46,649|[TRACE] graph - -------> nonSkippedSpace
2021-11-19T10:23:46,649|[TRACE] script - #out(` `) [token]
2021-11-19T10:23:46,649|[TRACE] graph - <------- nonSkippedSpace
2021-11-19T10:23:46,649|[TRACE] graph - <----- statementPart
2021-11-19T10:23:46,649|[TRACE] graph - -----> statementPart
2021-11-19T10:23:46,649|[TRACE] graph - -------> nonSkippedSpace
2021-11-19T10:23:46,649|[TRACE] script - #out(` `) [token]
2021-11-19T10:23:46,649|[TRACE] graph - <------- nonSkippedSpace
2021-11-19T10:23:46,649|[TRACE] graph - <----- statementPart
2021-11-19T10:23:46,649|[TRACE] graph - -----> statementPart
2021-11-19T10:23:46,649|[TRACE] graph - -------> nonSkippedSpace
2021-11-19T10:23:46,649|[TRACE] script - #out(` `) [token]
2021-11-19T10:23:46,649|[TRACE] graph - <------- nonSkippedSpace
2021-11-19T10:23:46,649|[TRACE] graph - <----- statementPart
2021-11-19T10:23:46,649|[TRACE] graph - -----> statementPart
2021-11-19T10:23:46,649|[TRACE] graph - -------> nonSkippedChar
2021-11-19T10:23:46,649|[TRACE] script - #out(`F`) [token]
2021-11-19T10:23:46,649|[TRACE] graph - <------- nonSkippedChar
2021-11-19T10:23:46,649|[TRACE] graph - <----- statementPart
2021-11-19T10:23:46,649|[TRACE] graph - -----> statementPart
2021-11-19T10:23:46,649|[TRACE] graph - -------> nonSkippedChar
2021-11-19T10:23:46,649|[TRACE] script - #out(`O`) [token]
2021-11-19T10:23:46,649|[TRACE] graph - <------- nonSkippedChar
2021-11-19T10:23:46,649|[TRACE] graph - <----- statementPart
2021-11-19T10:23:46,649|[TRACE] graph - -----> statementPart
2021-11-19T10:23:46,649|[TRACE] graph - -------> nonSkippedChar
2021-11-19T10:23:46,649|[TRACE] script - #out(`R`) [token]
2021-11-19T10:23:46,649|[TRACE] graph - <------- nonSkippedChar
2021-11-19T10:23:46,649|[TRACE] graph - <----- statementPart
2021-11-19T10:23:46,649|[TRACE] graph - -----> statementPart
2021-11-19T10:23:46,649|[TRACE] graph - -------> nonSkippedChar
2021-11-19T10:23:46,649|[TRACE] script - #out(`E`) [token]
2021-11-19T10:23:46,649|[TRACE] graph - <------- nonSkippedChar
2021-11-19T10:23:46,649|[TRACE] graph - <----- statementPart
2021-11-19T10:23:46,649|[TRACE] graph - -----> statementPart
2021-11-19T10:23:46,649|[TRACE] graph - -------> nonSkippedChar
2021-11-19T10:23:46,649|[TRACE] script - #out(`I`) [token]
2021-11-19T10:23:46,649|[TRACE] graph - <------- nonSkippedChar
2021-11-19T10:23:46,649|[TRACE] graph - <----- statementPart
2021-11-19T10:23:46,649|[TRACE] graph - -----> statementPart
2021-11-19T10:23:46,649|[TRACE] graph - -------> nonSkippedChar
2021-11-19T10:23:46,649|[TRACE] script - #out(`G`) [token]
2021-11-19T10:23:46,649|[TRACE] graph - <------- nonSkippedChar
2021-11-19T10:23:46,649|[TRACE] graph - <----- statementPart
2021-11-19T10:23:46,649|[TRACE] graph - -----> statementPart
2021-11-19T10:23:46,649|[TRACE] graph - -------> nonSkippedChar
2021-11-19T10:23:46,649|[TRACE] script - #out(`N`) [token]
2021-11-19T10:23:46,649|[TRACE] graph - <------- nonSkippedChar
2021-11-19T10:23:46,649|[TRACE] graph - <----- statementPart
2021-11-19T10:23:46,650|[TRACE] graph - -----> statementPart
2021-11-19T10:23:46,650|[TRACE] graph - -------> nonSkippedSpace
2021-11-19T10:23:46,650|[TRACE] script - #out(` `) [token]
2021-11-19T10:23:46,650|[TRACE] graph - <------- nonSkippedSpace
2021-11-19T10:23:46,650|[TRACE] graph - <----- statementPart
2021-11-19T10:23:46,650|[TRACE] graph - -----> statementPart
2021-11-19T10:23:46,650|[TRACE] graph - -------> nonSkippedChar
2021-11-19T10:23:46,650|[TRACE] script - #out(`K`) [token]
2021-11-19T10:23:46,650|[TRACE] graph - <------- nonSkippedChar
2021-11-19T10:23:46,650|[TRACE] graph - <----- statementPart
2021-11-19T10:23:46,650|[TRACE] graph - -----> statementPart
2021-11-19T10:23:46,650|[TRACE] graph - -------> nonSkippedChar
2021-11-19T10:23:46,650|[TRACE] script - #out(`E`) [token]
2021-11-19T10:23:46,650|[TRACE] graph - <------- nonSkippedChar
2021-11-19T10:23:46,650|[TRACE] graph - <----- statementPart
2021-11-19T10:23:46,650|[TRACE] graph - -----> statementPart
2021-11-19T10:23:46,650|[TRACE] graph - -------> nonSkippedChar
2021-11-19T10:23:46,650|[TRACE] script - #out(`Y`) [token]
2021-11-19T10:23:46,650|[TRACE] graph - <------- nonSkippedChar
2021-11-19T10:23:46,650|[TRACE] graph - <----- statementPart
2021-11-19T10:23:46,650|[TRACE] graph - -----> statementPart
2021-11-19T10:23:46,650|[TRACE] graph - -------> nonSkippedSpace
2021-11-19T10:23:46,650|[TRACE] script - #out(` `) [token]
2021-11-19T10:23:46,650|[TRACE] graph - <------- nonSkippedSpace
2021-11-19T10:23:46,650|[TRACE] graph - <----- statementPart
2021-11-19T10:23:46,650|[TRACE] graph - -----> statementPart
2021-11-19T10:23:46,650|[TRACE] graph - -------> nonSkippedChar
2021-11-19T10:23:46,650|[TRACE] script - #out(`(`) [token]
2021-11-19T10:23:46,650|[TRACE] graph - <------- nonSkippedChar
2021-11-19T10:23:46,650|[TRACE] graph - <----- statementPart
2021-11-19T10:23:46,650|[TRACE] graph - -----> statementPart
2021-11-19T10:23:46,650|[TRACE] graph - -------> quotedString
2021-11-19T10:23:46,650|[TRACE] script - #out(``donation_id``) [token]
2021-11-19T10:23:46,650|[TRACE] graph - <------- quotedString
2021-11-19T10:23:46,650|[TRACE] graph - <----- statementPart
2021-11-19T10:23:46,650|[TRACE] graph - -----> statementPart
2021-11-19T10:23:46,650|[TRACE] graph - -------> nonSkippedChar
2021-11-19T10:23:46,650|[TRACE] script - #out(`)`) [token]
2021-11-19T10:23:46,650|[TRACE] graph - <------- nonSkippedChar
2021-11-19T10:23:46,650|[TRACE] graph - <----- statementPart
2021-11-19T10:23:46,650|[TRACE] graph - -----> afterStatementPartNewline
2021-11-19T10:23:46,650|[TRACE] script - #out(` `) [text]
2021-11-19T10:23:46,650|[TRACE] graph - <----- afterStatementPartNewline
2021-11-19T10:23:46,650|[TRACE] graph - -----> statementPart
2021-11-19T10:23:46,650|[TRACE] graph - -------> nonSkippedSpace
2021-11-19T10:23:46,650|[TRACE] script - #out(` `) [token]
2021-11-19T10:23:46,650|[TRACE] graph - <------- nonSkippedSpace
2021-11-19T10:23:46,650|[TRACE] graph - <----- statementPart
2021-11-19T10:23:46,650|[TRACE] graph - -----> statementPart
2021-11-19T10:23:46,650|[TRACE] graph - -------> nonSkippedSpace
2021-11-19T10:23:46,650|[TRACE] script - #out(` `) [token]
2021-11-19T10:23:46,650|[TRACE] graph - <------- nonSkippedSpace
2021-11-19T10:23:46,650|[TRACE] graph - <----- statementPart
2021-11-19T10:23:46,650|[TRACE] graph - -----> statementPart
2021-11-19T10:23:46,650|[TRACE] graph - -------> nonSkippedSpace
2021-11-19T10:23:46,650|[TRACE] script - #out(` `) [token]
2021-11-19T10:23:46,650|[TRACE] graph - <------- nonSkippedSpace
2021-11-19T10:23:46,650|[TRACE] graph - <----- statementPart
2021-11-19T10:23:46,650|[TRACE] graph - -----> statementPart
2021-11-19T10:23:46,650|[TRACE] graph - -------> nonSkippedSpace
2021-11-19T10:23:46,650|[TRACE] script - #out(` `) [token]
2021-11-19T10:23:46,650|[TRACE] graph - <------- nonSkippedSpace
2021-11-19T10:23:46,650|[TRACE] graph - <----- statementPart
2021-11-19T10:23:46,650|[TRACE] graph - -----> statementPart
2021-11-19T10:23:46,650|[TRACE] graph - -------> nonSkippedChar
2021-11-19T10:23:46,650|[TRACE] script - #out(`R`) [token]
2021-11-19T10:23:46,650|[TRACE] graph - <------- nonSkippedChar
2021-11-19T10:23:46,650|[TRACE] graph - <----- statementPart
2021-11-19T10:23:46,650|[TRACE] graph - -----> statementPart
2021-11-19T10:23:46,650|[TRACE] graph - -------> nonSkippedChar
2021-11-19T10:23:46,650|[TRACE] script - #out(`E`) [token]
2021-11-19T10:23:46,650|[TRACE] graph - <------- nonSkippedChar
2021-11-19T10:23:46,650|[TRACE] graph - <----- statementPart
2021-11-19T10:23:46,650|[TRACE] graph - -----> statementPart
2021-11-19T10:23:46,650|[TRACE] graph - -------> nonSkippedChar
2021-11-19T10:23:46,650|[TRACE] script - #out(`F`) [token]
2021-11-19T10:23:46,650|[TRACE] graph - <------- nonSkippedChar
2021-11-19T10:23:46,650|[TRACE] graph - <----- statementPart
2021-11-19T10:23:46,650|[TRACE] graph - -----> statementPart
2021-11-19T10:23:46,650|[TRACE] graph - -------> nonSkippedChar
2021-11-19T10:23:46,650|[TRACE] script - #out(`E`) [token]
2021-11-19T10:23:46,650|[TRACE] graph - <------- nonSkippedChar
2021-11-19T10:23:46,650|[TRACE] graph - <----- statementPart
2021-11-19T10:23:46,650|[TRACE] graph - -----> statementPart
2021-11-19T10:23:46,650|[TRACE] graph - -------> nonSkippedChar
2021-11-19T10:23:46,650|[TRACE] script - #out(`R`) [token]
2021-11-19T10:23:46,650|[TRACE] graph - <------- nonSkippedChar
2021-11-19T10:23:46,650|[TRACE] graph - <----- statementPart
2021-11-19T10:23:46,650|[TRACE] graph - -----> statementPart
2021-11-19T10:23:46,650|[TRACE] graph - -------> nonSkippedChar
2021-11-19T10:23:46,650|[TRACE] script - #out(`E`) [token]
2021-11-19T10:23:46,650|[TRACE] graph - <------- nonSkippedChar
2021-11-19T10:23:46,650|[TRACE] graph - <----- statementPart
2021-11-19T10:23:46,650|[TRACE] graph - -----> statementPart
2021-11-19T10:23:46,650|[TRACE] graph - -------> nonSkippedChar
2021-11-19T10:23:46,650|[TRACE] script - #out(`N`) [token]
2021-11-19T10:23:46,650|[TRACE] graph - <------- nonSkippedChar
2021-11-19T10:23:46,650|[TRACE] graph - <----- statementPart
2021-11-19T10:23:46,650|[TRACE] graph - -----> statementPart
2021-11-19T10:23:46,650|[TRACE] graph - -------> nonSkippedChar
2021-11-19T10:23:46,650|[TRACE] script - #out(`C`) [token]
2021-11-19T10:23:46,650|[TRACE] graph - <------- nonSkippedChar
2021-11-19T10:23:46,650|[TRACE] graph - <----- statementPart
2021-11-19T10:23:46,650|[TRACE] graph - -----> statementPart
2021-11-19T10:23:46,650|[TRACE] graph - -------> nonSkippedChar
2021-11-19T10:23:46,650|[TRACE] script - #out(`E`) [token]
2021-11-19T10:23:46,650|[TRACE] graph - <------- nonSkippedChar
2021-11-19T10:23:46,650|[TRACE] graph - <----- statementPart
2021-11-19T10:23:46,650|[TRACE] graph - -----> statementPart
2021-11-19T10:23:46,650|[TRACE] graph - -------> nonSkippedChar
2021-11-19T10:23:46,650|[TRACE] script - #out(`S`) [token]
2021-11-19T10:23:46,650|[TRACE] graph - <------- nonSkippedChar
2021-11-19T10:23:46,650|[TRACE] graph - <----- statementPart
2021-11-19T10:23:46,650|[TRACE] graph - -----> statementPart
2021-11-19T10:23:46,650|[TRACE] graph - -------> nonSkippedSpace
2021-11-19T10:23:46,650|[TRACE] script - #out(` `) [token]
2021-11-19T10:23:46,651|[TRACE] graph - <------- nonSkippedSpace
2021-11-19T10:23:46,651|[TRACE] graph - <----- statementPart
2021-11-19T10:23:46,651|[TRACE] graph - -----> statementPart
2021-11-19T10:23:46,651|[TRACE] graph - -------> quotedString
2021-11-19T10:23:46,651|[TRACE] script - #out(``bloodbank``) [token]
2021-11-19T10:23:46,651|[TRACE] graph - <------- quotedString
2021-11-19T10:23:46,651|[TRACE] graph - <----- statementPart
2021-11-19T10:23:46,651|[TRACE] graph - -----> statementPart
2021-11-19T10:23:46,651|[TRACE] graph - -------> nonSkippedChar
2021-11-19T10:23:46,651|[TRACE] script - #out(`.`) [token]
2021-11-19T10:23:46,651|[TRACE] graph - <------- nonSkippedChar
2021-11-19T10:23:46,651|[TRACE] graph - <----- statementPart
2021-11-19T10:23:46,651|[TRACE] graph - -----> statementPart
2021-11-19T10:23:46,651|[TRACE] graph - -------> quotedString
2021-11-19T10:23:46,651|[TRACE] script - #out(``blood_donation``) [token]
2021-11-19T10:23:46,651|[TRACE] graph - <------- quotedString
2021-11-19T10:23:46,651|[TRACE] graph - <----- statementPart
2021-11-19T10:23:46,651|[TRACE] graph - -----> statementPart
2021-11-19T10:23:46,651|[TRACE] graph - -------> nonSkippedSpace
2021-11-19T10:23:46,651|[TRACE] script - #out(` `) [token]
2021-11-19T10:23:46,651|[TRACE] graph - <------- nonSkippedSpace
2021-11-19T10:23:46,651|[TRACE] graph - <----- statementPart
2021-11-19T10:23:46,651|[TRACE] graph - -----> statementPart
2021-11-19T10:23:46,651|[TRACE] graph - -------> nonSkippedChar
2021-11-19T10:23:46,651|[TRACE] script - #out(`(`) [token]
2021-11-19T10:23:46,651|[TRACE] graph - <------- nonSkippedChar
2021-11-19T10:23:46,651|[TRACE] graph - <----- statementPart
2021-11-19T10:23:46,651|[TRACE] graph - -----> statementPart
2021-11-19T10:23:46,651|[TRACE] graph - -------> quotedString
2021-11-19T10:23:46,651|[TRACE] script - #out(``donation_id``) [token]
2021-11-19T10:23:46,651|[TRACE] graph - <------- quotedString
2021-11-19T10:23:46,651|[TRACE] graph - <----- statementPart
2021-11-19T10:23:46,651|[TRACE] graph - -----> statementPart
2021-11-19T10:23:46,651|[TRACE] graph - -------> nonSkippedChar
2021-11-19T10:23:46,651|[TRACE] script - #out(`)`) [token]
2021-11-19T10:23:46,651|[TRACE] graph - <------- nonSkippedChar
2021-11-19T10:23:46,651|[TRACE] graph - <----- statementPart
2021-11-19T10:23:46,651|[TRACE] graph - -----> afterStatementPartNewline
2021-11-19T10:23:46,651|[TRACE] script - #out(` `) [text]
2021-11-19T10:23:46,651|[TRACE] graph - <----- afterStatementPartNewline
2021-11-19T10:23:46,651|[TRACE] graph - -----> statementPart
2021-11-19T10:23:46,651|[TRACE] graph - -------> nonSkippedSpace
2021-11-19T10:23:46,651|[TRACE] script - #out(` `) [token]
2021-11-19T10:23:46,651|[TRACE] graph - <------- nonSkippedSpace
2021-11-19T10:23:46,651|[TRACE] graph - <----- statementPart
2021-11-19T10:23:46,651|[TRACE] graph - -----> statementPart
2021-11-19T10:23:46,651|[TRACE] graph - -------> nonSkippedSpace
2021-11-19T10:23:46,651|[TRACE] script - #out(` `) [token]
2021-11-19T10:23:46,651|[TRACE] graph - <------- nonSkippedSpace
2021-11-19T10:23:46,651|[TRACE] graph - <----- statementPart
2021-11-19T10:23:46,651|[TRACE] graph - -----> statementPart
2021-11-19T10:23:46,651|[TRACE] graph - -------> nonSkippedSpace
2021-11-19T10:23:46,651|[TRACE] script - #out(` `) [token]
2021-11-19T10:23:46,651|[TRACE] graph - <------- nonSkippedSpace
2021-11-19T10:23:46,651|[TRACE] graph - <----- statementPart
2021-11-19T10:23:46,651|[TRACE] graph - -----> statementPart
2021-11-19T10:23:46,651|[TRACE] graph - -------> nonSkippedSpace
2021-11-19T10:23:46,651|[TRACE] script - #out(` `) [token]
2021-11-19T10:23:46,651|[TRACE] graph - <------- nonSkippedSpace
2021-11-19T10:23:46,651|[TRACE] graph - <----- statementPart
2021-11-19T10:23:46,651|[TRACE] graph - -----> statementPart
2021-11-19T10:23:46,651|[TRACE] graph - -------> nonSkippedChar
2021-11-19T10:23:46,651|[TRACE] script - #out(`O`) [token]
2021-11-19T10:23:46,651|[TRACE] graph - <------- nonSkippedChar
2021-11-19T10:23:46,651|[TRACE] graph - <----- statementPart
2021-11-19T10:23:46,651|[TRACE] graph - -----> statementPart
2021-11-19T10:23:46,651|[TRACE] graph - -------> nonSkippedChar
2021-11-19T10:23:46,651|[TRACE] script - #out(`N`) [token]
2021-11-19T10:23:46,651|[TRACE] graph - <------- nonSkippedChar
2021-11-19T10:23:46,651|[TRACE] graph - <----- statementPart
2021-11-19T10:23:46,651|[TRACE] graph - -----> statementPart
2021-11-19T10:23:46,651|[TRACE] graph - -------> nonSkippedSpace
2021-11-19T10:23:46,651|[TRACE] script - #out(` `) [token]
2021-11-19T10:23:46,651|[TRACE] graph - <------- nonSkippedSpace
2021-11-19T10:23:46,651|[TRACE] graph - <----- statementPart
2021-11-19T10:23:46,651|[TRACE] graph - -----> statementPart
2021-11-19T10:23:46,651|[TRACE] graph - -------> nonSkippedChar
2021-11-19T10:23:46,651|[TRACE] script - #out(`D`) [token]
2021-11-19T10:23:46,651|[TRACE] graph - <------- nonSkippedChar
2021-11-19T10:23:46,651|[TRACE] graph - <----- statementPart
2021-11-19T10:23:46,651|[TRACE] graph - -----> statementPart
2021-11-19T10:23:46,651|[TRACE] graph - -------> nonSkippedChar
2021-11-19T10:23:46,651|[TRACE] script - #out(`E`) [token]
2021-11-19T10:23:46,651|[TRACE] graph - <------- nonSkippedChar
2021-11-19T10:23:46,651|[TRACE] graph - <----- statementPart
2021-11-19T10:23:46,651|[TRACE] graph - -----> statementPart
2021-11-19T10:23:46,651|[TRACE] graph - -------> nonSkippedChar
2021-11-19T10:23:46,651|[TRACE] script - #out(`L`) [token]
2021-11-19T10:23:46,651|[TRACE] graph - <------- nonSkippedChar
2021-11-19T10:23:46,651|[TRACE] graph - <----- statementPart
2021-11-19T10:23:46,651|[TRACE] graph - -----> statementPart
2021-11-19T10:23:46,651|[TRACE] graph - -------> nonSkippedChar
2021-11-19T10:23:46,651|[TRACE] script - #out(`E`) [token]
2021-11-19T10:23:46,651|[TRACE] graph - <------- nonSkippedChar
2021-11-19T10:23:46,651|[TRACE] graph - <----- statementPart
2021-11-19T10:23:46,651|[TRACE] graph - -----> statementPart
2021-11-19T10:23:46,651|[TRACE] graph - -------> nonSkippedChar
2021-11-19T10:23:46,651|[TRACE] script - #out(`T`) [token]
2021-11-19T10:23:46,651|[TRACE] graph - <------- nonSkippedChar
2021-11-19T10:23:46,651|[TRACE] graph - <----- statementPart
2021-11-19T10:23:46,651|[TRACE] graph - -----> statementPart
2021-11-19T10:23:46,651|[TRACE] graph - -------> nonSkippedChar
2021-11-19T10:23:46,651|[TRACE] script - #out(`E`) [token]
2021-11-19T10:23:46,651|[TRACE] graph - <------- nonSkippedChar
2021-11-19T10:23:46,651|[TRACE] graph - <----- statementPart
2021-11-19T10:23:46,651|[TRACE] graph - -----> statementPart
2021-11-19T10:23:46,651|[TRACE] graph - -------> nonSkippedSpace
2021-11-19T10:23:46,651|[TRACE] script - #out(` `) [token]
2021-11-19T10:23:46,651|[TRACE] graph - <------- nonSkippedSpace
2021-11-19T10:23:46,651|[TRACE] graph - <----- statementPart
2021-11-19T10:23:46,651|[TRACE] graph - -----> statementPart
2021-11-19T10:23:46,651|[TRACE] graph - -------> nonSkippedChar
2021-11-19T10:23:46,651|[TRACE] script - #out(`N`) [token]
2021-11-19T10:23:46,651|[TRACE] graph - <------- nonSkippedChar
2021-11-19T10:23:46,651|[TRACE] graph - <----- statementPart
2021-11-19T10:23:46,651|[TRACE] graph - -----> statementPart
2021-11-19T10:23:46,651|[TRACE] graph - -------> nonSkippedChar
2021-11-19T10:23:46,651|[TRACE] script - #out(`O`) [token]
2021-11-19T10:23:46,651|[TRACE] graph - <------- nonSkippedChar
2021-11-19T10:23:46,651|[TRACE] graph - <----- statementPart
2021-11-19T10:23:46,651|[TRACE] graph - -----> statementPart
2021-11-19T10:23:46,651|[TRACE] graph - -------> nonSkippedSpace
2021-11-19T10:23:46,651|[TRACE] script - #out(` `) [token]
2021-11-19T10:23:46,651|[TRACE] graph - <------- nonSkippedSpace
2021-11-19T10:23:46,651|[TRACE] graph - <----- statementPart
2021-11-19T10:23:46,651|[TRACE] graph - -----> statementPart
2021-11-19T10:23:46,651|[TRACE] graph - -------> nonSkippedChar
2021-11-19T10:23:46,651|[TRACE] script - #out(`A`) [token]
2021-11-19T10:23:46,651|[TRACE] graph - <------- nonSkippedChar
2021-11-19T10:23:46,651|[TRACE] graph - <----- statementPart
2021-11-19T10:23:46,651|[TRACE] graph - -----> statementPart
2021-11-19T10:23:46,651|[TRACE] graph - -------> nonSkippedChar
2021-11-19T10:23:46,651|[TRACE] script - #out(`C`) [token]
2021-11-19T10:23:46,651|[TRACE] graph - <------- nonSkippedChar
2021-11-19T10:23:46,651|[TRACE] graph - <----- statementPart
2021-11-19T10:23:46,651|[TRACE] graph - -----> statementPart
2021-11-19T10:23:46,651|[TRACE] graph - -------> nonSkippedChar
2021-11-19T10:23:46,651|[TRACE] script - #out(`T`) [token]
2021-11-19T10:23:46,651|[TRACE] graph - <------- nonSkippedChar
2021-11-19T10:23:46,651|[TRACE] graph - <----- statementPart
2021-11-19T10:23:46,651|[TRACE] graph - -----> statementPart
2021-11-19T10:23:46,651|[TRACE] graph - -------> nonSkippedChar
2021-11-19T10:23:46,651|[TRACE] script - #out(`I`) [token]
2021-11-19T10:23:46,651|[TRACE] graph - <------- nonSkippedChar
2021-11-19T10:23:46,651|[TRACE] graph - <----- statementPart
2021-11-19T10:23:46,651|[TRACE] graph - -----> statementPart
2021-11-19T10:23:46,651|[TRACE] graph - -------> nonSkippedChar
2021-11-19T10:23:46,651|[TRACE] script - #out(`O`) [token]
2021-11-19T10:23:46,651|[TRACE] graph - <------- nonSkippedChar
2021-11-19T10:23:46,651|[TRACE] graph - <----- statementPart
2021-11-19T10:23:46,651|[TRACE] graph - -----> statementPart
2021-11-19T10:23:46,651|[TRACE] graph - -------> nonSkippedChar
2021-11-19T10:23:46,651|[TRACE] script - #out(`N`) [token]
2021-11-19T10:23:46,651|[TRACE] graph - <------- nonSkippedChar
2021-11-19T10:23:46,651|[TRACE] graph - <----- statementPart
2021-11-19T10:23:46,651|[TRACE] graph - -----> afterStatementPartNewline
2021-11-19T10:23:46,651|[TRACE] script - #out(` `) [text]
2021-11-19T10:23:46,651|[TRACE] graph - <----- afterStatementPartNewline
2021-11-19T10:23:46,651|[TRACE] graph - -----> statementPart
2021-11-19T10:23:46,651|[TRACE] graph - -------> nonSkippedSpace
2021-11-19T10:23:46,651|[TRACE] script - #out(` `) [token]
2021-11-19T10:23:46,651|[TRACE] graph - <------- nonSkippedSpace
2021-11-19T10:23:46,651|[TRACE] graph - <----- statementPart
2021-11-19T10:23:46,651|[TRACE] graph - -----> statementPart
2021-11-19T10:23:46,651|[TRACE] graph - -------> nonSkippedSpace
2021-11-19T10:23:46,651|[TRACE] script - #out(` `) [token]
2021-11-19T10:23:46,651|[TRACE] graph - <------- nonSkippedSpace
2021-11-19T10:23:46,651|[TRACE] graph - <----- statementPart
2021-11-19T10:23:46,651|[TRACE] graph - -----> statementPart
2021-11-19T10:23:46,651|[TRACE] graph - -------> nonSkippedSpace
2021-11-19T10:23:46,651|[TRACE] script - #out(` `) [token]
2021-11-19T10:23:46,651|[TRACE] graph - <------- nonSkippedSpace
2021-11-19T10:23:46,651|[TRACE] graph - <----- statementPart
2021-11-19T10:23:46,651|[TRACE] graph - -----> statementPart
2021-11-19T10:23:46,826|[TRACE] graph - -------> nonSkippedSpace
2021-11-19T10:23:46,826|[TRACE] script - #out(` `) [token]
2021-11-19T10:23:46,826|[TRACE] graph - <------- nonSkippedSpace
2021-11-19T10:23:46,826|[TRACE] graph - <----- statementPart
2021-11-19T10:23:46,826|[TRACE] graph - -----> statementPart
2021-11-19T10:23:46,826|[TRACE] graph - -------> nonSkippedChar
2021-11-19T10:23:46,826|[TRACE] script - #out(`O`) [token]
2021-11-19T10:23:46,826|[TRACE] graph - <------- nonSkippedChar
2021-11-19T10:23:46,826|[TRACE] graph - <----- statementPart
2021-11-19T10:23:46,826|[TRACE] graph - -----> statementPart
2021-11-19T10:23:46,826|[TRACE] graph - -------> nonSkippedChar
2021-11-19T10:23:46,826|[TRACE] script - #out(`N`) [token]
2021-11-19T10:23:46,826|[TRACE] graph - <------- nonSkippedChar
2021-11-19T10:23:46,826|[TRACE] graph - <----- statementPart
2021-11-19T10:23:46,826|[TRACE] graph - -----> statementPart
2021-11-19T10:23:46,826|[TRACE] graph - -------> nonSkippedSpace
2021-11-19T10:23:46,826|[TRACE] script - #out(` `) [token]
2021-11-19T10:23:46,826|[TRACE] graph - <------- nonSkippedSpace
2021-11-19T10:23:46,826|[TRACE] graph - <----- statementPart
2021-11-19T10:23:46,826|[TRACE] graph - -----> statementPart
2021-11-19T10:23:46,826|[TRACE] graph - -------> nonSkippedChar
2021-11-19T10:23:46,826|[TRACE] script - #out(`U`) [token]
2021-11-19T10:23:46,826|[TRACE] graph - <------- nonSkippedChar
2021-11-19T10:23:46,826|[TRACE] graph - <----- statementPart
2021-11-19T10:23:46,826|[TRACE] graph - -----> statementPart
2021-11-19T10:23:46,826|[TRACE] graph - -------> nonSkippedChar
2021-11-19T10:23:46,826|[TRACE] script - #out(`P`) [token]
2021-11-19T10:23:46,826|[TRACE] graph - <------- nonSkippedChar
2021-11-19T10:23:46,826|[TRACE] graph - <----- statementPart
2021-11-19T10:23:46,826|[TRACE] graph - -----> statementPart
2021-11-19T10:23:46,826|[TRACE] graph - -------> nonSkippedChar
2021-11-19T10:23:46,826|[TRACE] script - #out(`D`) [token]
2021-11-19T10:23:46,826|[TRACE] graph - <------- nonSkippedChar
2021-11-19T10:23:46,826|[TRACE] graph - <----- statementPart
2021-11-19T10:23:46,826|[TRACE] graph - -----> statementPart
2021-11-19T10:23:46,826|[TRACE] graph - -------> nonSkippedChar
2021-11-19T10:23:46,826|[TRACE] script - #out(`A`) [token]
2021-11-19T10:23:46,826|[TRACE] graph - <------- nonSkippedChar
2021-11-19T10:23:46,826|[TRACE] graph - <----- statementPart
2021-11-19T10:23:46,827|[TRACE] graph - -----> statementPart
2021-11-19T10:23:46,827|[TRACE] graph - -------> nonSkippedChar
2021-11-19T10:23:46,827|[TRACE] script - #out(`T`) [token]
2021-11-19T10:23:46,827|[TRACE] graph - <------- nonSkippedChar
2021-11-19T10:23:46,827|[TRACE] graph - <----- statementPart
2021-11-19T10:23:46,827|[TRACE] graph - -----> statementPart
2021-11-19T10:23:46,827|[TRACE] graph - -------> nonSkippedChar
2021-11-19T10:23:46,827|[TRACE] script - #out(`E`) [token]
2021-11-19T10:23:46,827|[TRACE] graph - <------- nonSkippedChar
2021-11-19T10:23:46,827|[TRACE] graph - <----- statementPart
2021-11-19T10:23:46,827|[TRACE] graph - -----> statementPart
2021-11-19T10:23:46,827|[TRACE] graph - -------> nonSkippedSpace
2021-11-19T10:23:46,827|[TRACE] script - #out(` `) [token]
2021-11-19T10:23:46,827|[TRACE] graph - <------- nonSkippedSpace
2021-11-19T10:23:46,827|[TRACE] graph - <----- statementPart
2021-11-19T10:23:46,827|[TRACE] graph - -----> statementPart
2021-11-19T10:23:46,827|[TRACE] graph - -------> nonSkippedChar
2021-11-19T10:23:46,827|[TRACE] script - #out(`N`) [token]
2021-11-19T10:23:46,827|[TRACE] graph - <------- nonSkippedChar
2021-11-19T10:23:46,827|[TRACE] graph - <----- statementPart
2021-11-19T10:23:46,827|[TRACE] graph - -----> statementPart
2021-11-19T10:23:46,827|[TRACE] graph - -------> nonSkippedChar
2021-11-19T10:23:46,827|[TRACE] script - #out(`O`) [token]
2021-11-19T10:23:46,827|[TRACE] graph - <------- nonSkippedChar
2021-11-19T10:23:46,827|[TRACE] graph - <----- statementPart
2021-11-19T10:23:46,827|[TRACE] graph - -----> statementPart
2021-11-19T10:23:46,827|[TRACE] graph - -------> nonSkippedSpace
2021-11-19T10:23:46,827|[TRACE] script - #out(` `) [token]
2021-11-19T10:23:46,827|[TRACE] graph - <------- nonSkippedSpace
2021-11-19T10:23:46,827|[TRACE] graph - <----- statementPart
2021-11-19T10:23:46,827|[TRACE] graph - -----> statementPart
2021-11-19T10:23:46,827|[TRACE] graph - -------> nonSkippedChar
2021-11-19T10:23:46,827|[TRACE] script - #out(`A`) [token]
2021-11-19T10:23:46,827|[TRACE] graph - <------- nonSkippedChar
2021-11-19T10:23:46,827|[TRACE] graph - <----- statementPart
2021-11-19T10:23:46,827|[TRACE] graph - -----> statementPart
2021-11-19T10:23:46,827|[TRACE] graph - -------> nonSkippedChar
2021-11-19T10:23:46,827|[TRACE] script - #out(`C`) [token]
2021-11-19T10:23:46,827|[TRACE] graph - <------- nonSkippedChar
2021-11-19T10:23:46,827|[TRACE] graph - <----- statementPart
2021-11-19T10:23:46,827|[TRACE] graph - -----> statementPart
2021-11-19T10:23:46,827|[TRACE] graph - -------> nonSkippedChar
2021-11-19T10:23:46,827|[TRACE] script - #out(`T`) [token]
2021-11-19T10:23:46,827|[TRACE] graph - <------- nonSkippedChar
2021-11-19T10:23:46,827|[TRACE] graph - <----- statementPart
2021-11-19T10:23:46,827|[TRACE] graph - -----> statementPart
2021-11-19T10:23:46,827|[TRACE] graph - -------> nonSkippedChar
2021-11-19T10:23:46,827|[TRACE] script - #out(`I`) [token]
2021-11-19T10:23:46,827|[TRACE] graph - <------- nonSkippedChar
2021-11-19T10:23:46,827|[TRACE] graph - <----- statementPart
2021-11-19T10:23:46,827|[TRACE] graph - -----> statementPart
2021-11-19T10:23:46,827|[TRACE] graph - -------> nonSkippedChar
2021-11-19T10:23:46,827|[TRACE] script - #out(`O`) [token]
2021-11-19T10:23:46,827|[TRACE] graph - <------- nonSkippedChar
2021-11-19T10:23:46,827|[TRACE] graph - <----- statementPart
2021-11-19T10:23:46,827|[TRACE] graph - -----> statementPart
2021-11-19T10:23:46,827|[TRACE] graph - -------> nonSkippedChar
2021-11-19T10:23:46,827|[TRACE] script - #out(`N`) [token]
2021-11-19T10:23:46,827|[TRACE] graph - <------- nonSkippedChar
2021-11-19T10:23:46,827|[TRACE] graph - <----- statementPart
2021-11-19T10:23:46,827|[TRACE] graph - -----> statementPart
2021-11-19T10:23:46,827|[TRACE] graph - -------> nonSkippedChar
2021-11-19T10:23:46,827|[TRACE] script - #out(`)`) [token]
2021-11-19T10:23:46,827|[TRACE] graph - <------- nonSkippedChar
2021-11-19T10:23:46,827|[TRACE] graph - <----- statementPart
2021-11-19T10:23:46,827|[TRACE] graph - -----> afterStatementPartNewline
2021-11-19T10:23:46,827|[TRACE] script - #out(` `) [text]
2021-11-19T10:23:46,827|[TRACE] graph - <----- afterStatementPartNewline
2021-11-19T10:23:46,827|[TRACE] graph - -----> statementPart
2021-11-19T10:23:46,827|[TRACE] graph - -------> nonSkippedChar
2021-11-19T10:23:46,827|[TRACE] script - #out(`E`) [token]
2021-11-19T10:23:46,827|[TRACE] graph - <------- nonSkippedChar
2021-11-19T10:23:46,827|[TRACE] graph - <----- statementPart
2021-11-19T10:23:46,827|[TRACE] graph - -----> statementPart
2021-11-19T10:23:46,827|[TRACE] graph - -------> nonSkippedChar
2021-11-19T10:23:46,827|[TRACE] script - #out(`N`) [token]
2021-11-19T10:23:46,827|[TRACE] graph - <------- nonSkippedChar
2021-11-19T10:23:46,827|[TRACE] graph - <----- statementPart
2021-11-19T10:23:46,827|[TRACE] graph - -----> statementPart
2021-11-19T10:23:46,827|[TRACE] graph - -------> nonSkippedChar
2021-11-19T10:23:46,827|[TRACE] script - #out(`G`) [token]
2021-11-19T10:23:46,827|[TRACE] graph - <------- nonSkippedChar
2021-11-19T10:23:46,827|[TRACE] graph - <----- statementPart
2021-11-19T10:23:46,827|[TRACE] graph - -----> statementPart
2021-11-19T10:23:46,827|[TRACE] graph - -------> nonSkippedChar
2021-11-19T10:23:46,827|[TRACE] script - #out(`I`) [token]
2021-11-19T10:23:46,827|[TRACE] graph - <------- nonSkippedChar
2021-11-19T10:23:46,827|[TRACE] graph - <----- statementPart
2021-11-19T10:23:46,827|[TRACE] graph - -----> statementPart
2021-11-19T10:23:46,827|[TRACE] graph - -------> nonSkippedChar
2021-11-19T10:23:46,827|[TRACE] script - #out(`N`) [token]
2021-11-19T10:23:46,827|[TRACE] graph - <------- nonSkippedChar
2021-11-19T10:23:46,827|[TRACE] graph - <----- statementPart
2021-11-19T10:23:46,827|[TRACE] graph - -----> statementPart
2021-11-19T10:23:46,827|[TRACE] graph - -------> nonSkippedChar
2021-11-19T10:23:46,827|[TRACE] script - #out(`E`) [token]
2021-11-19T10:23:46,827|[TRACE] graph - <------- nonSkippedChar
2021-11-19T10:23:46,827|[TRACE] graph - <----- statementPart
2021-11-19T10:23:46,827|[TRACE] graph - -----> statementPart
2021-11-19T10:23:46,827|[TRACE] graph - -------> nonSkippedSpace
2021-11-19T10:23:46,827|[TRACE] script - #out(` `) [token]
2021-11-19T10:23:46,827|[TRACE] graph - <------- nonSkippedSpace
2021-11-19T10:23:46,827|[TRACE] graph - <----- statementPart
2021-11-19T10:23:46,827|[TRACE] graph - -----> statementPart
2021-11-19T10:23:46,827|[TRACE] graph - -------> nonSkippedChar
2021-11-19T10:23:46,827|[TRACE] script - #out(`=`) [token]
2021-11-19T10:23:46,827|[TRACE] graph - <------- nonSkippedChar
2021-11-19T10:23:46,827|[TRACE] graph - <----- statementPart
2021-11-19T10:23:46,827|[TRACE] graph - -----> statementPart
2021-11-19T10:23:46,827|[TRACE] graph - -------> nonSkippedSpace
2021-11-19T10:23:46,827|[TRACE] script - #out(` `) [token]
2021-11-19T10:23:46,827|[TRACE] graph - <------- nonSkippedSpace
2021-11-19T10:23:46,827|[TRACE] graph - <----- statementPart
2021-11-19T10:23:46,827|[TRACE] graph - -----> statementPart
2021-11-19T10:23:46,827|[TRACE] graph - -------> nonSkippedChar
2021-11-19T10:23:46,827|[TRACE] script - #out(`I`) [token]
2021-11-19T10:23:46,827|[TRACE] graph - <------- nonSkippedChar
2021-11-19T10:23:46,827|[TRACE] graph - <----- statementPart
2021-11-19T10:23:46,827|[TRACE] graph - -----> statementPart
2021-11-19T10:23:46,827|[TRACE] graph - -------> nonSkippedChar
2021-11-19T10:23:46,827|[TRACE] script - #out(`n`) [token]
2021-11-19T10:23:46,827|[TRACE] graph - <------- nonSkippedChar
2021-11-19T10:23:46,827|[TRACE] graph - <----- statementPart
2021-11-19T10:23:46,827|[TRACE] graph - -----> statementPart
2021-11-19T10:23:46,827|[TRACE] graph - -------> nonSkippedChar
2021-11-19T10:23:46,827|[TRACE] script - #out(`n`) [token]
2021-11-19T10:23:46,827|[TRACE] graph - <------- nonSkippedChar
2021-11-19T10:23:46,827|[TRACE] graph - <----- statementPart
2021-11-19T10:23:46,827|[TRACE] graph - -----> statementPart
2021-11-19T10:23:46,827|[TRACE] graph - -------> nonSkippedChar
2021-11-19T10:23:46,827|[TRACE] script - #out(`o`) [token]
2021-11-19T10:23:46,827|[TRACE] graph - <------- nonSkippedChar
2021-11-19T10:23:46,827|[TRACE] graph - <----- statementPart
2021-11-19T10:23:46,827|[TRACE] graph - -----> statementPart
2021-11-19T10:23:46,827|[TRACE] graph - -------> nonSkippedChar
2021-11-19T10:23:46,827|[TRACE] script - #out(`D`) [token]
2021-11-19T10:23:46,827|[TRACE] graph - <------- nonSkippedChar
2021-11-19T10:23:46,827|[TRACE] graph - <----- statementPart
2021-11-19T10:23:46,827|[TRACE] graph - -----> statementPart
2021-11-19T10:23:46,827|[TRACE] graph - -------> nonSkippedChar
2021-11-19T10:23:46,827|[TRACE] script - #out(`B`) [token]
2021-11-19T10:23:46,827|[TRACE] graph - <------- nonSkippedChar
2021-11-19T10:23:46,827|[TRACE] graph - <----- statementPart
2021-11-19T10:23:46,827|[DEBUG] graph - Import statement : CREATE TABLE IF NOT EXISTS `bloodbank`.`donation_record` (   `record_id` INT NOT NULL AUTO_INCREMENT,   `person_id` INT NOT NULL,   `donation_id` INT NULL,   `tested` BIT(1) NOT NULL,   `created` BIGINT NOT NULL DEFAULT (unix_timestamp(now()) * 1000),   `updated` BIGINT NOT NULL DEFAULT (unix_timestamp(now()) * 1000),   `version` INT NOT NULL DEFAULT 1,   INDEX `fk_donation_record_person1_idx` (`person_id` ASC) VISIBLE,   INDEX `fk_donation_record_blood_donation1_idx` (`donation_id` ASC) VISIBLE,   UNIQUE INDEX `record_id_UNIQUE` (`record_id` ASC) VISIBLE,   PRIMARY KEY (`record_id`),   CONSTRAINT `fk_donation_record_person1`     FOREIGN KEY (`person_id`)     REFERENCES `bloodbank`.`person` (`id`)     ON DELETE NO ACTION     ON UPDATE NO ACTION,   CONSTRAINT `fk_donation_record_blood_donation1`     FOREIGN KEY (`donation_id`)     REFERENCES `bloodbank`.`blood_donation` (`donation_id`)     ON DELETE NO ACTION     ON UPDATE NO ACTION) ENGINE = InnoDB
2021-11-19T10:23:46,827|[TRACE] graph - <--- statement
2021-11-19T10:23:46,827|[TRACE] graph - ---> blankSpacesToSkip
2021-11-19T10:23:46,827|[TRACE] graph - -----> newLineToSkip
2021-11-19T10:23:46,827|[TRACE] graph - <----- newLineToSkip
2021-11-19T10:23:46,827|[TRACE] graph - -----> newLineToSkip
2021-11-19T10:23:46,827|[TRACE] graph - <----- newLineToSkip
2021-11-19T10:23:46,827|[TRACE] graph - -----> newLineToSkip
2021-11-19T10:23:46,827|[TRACE] graph - <----- newLineToSkip
2021-11-19T10:23:46,827|[TRACE] graph - -----> newLineToSkip
2021-11-19T10:23:46,827|[TRACE] graph - <----- newLineToSkip
2021-11-19T10:23:46,827|[TRACE] graph - -----> newLineToSkip
2021-11-19T10:23:46,827|[TRACE] graph - <----- newLineToSkip
2021-11-19T10:23:46,827|[TRACE] graph - -----> newLineToSkip
2021-11-19T10:23:46,827|[TRACE] graph - <----- newLineToSkip
2021-11-19T10:23:46,827|[TRACE] graph - <--- blankSpacesToSkip
2021-11-19T10:23:46,827|[TRACE] graph - ---> statement
2021-11-19T10:23:46,827|[TRACE] graph - -----> statementFirstPart
2021-11-19T10:23:46,827|[TRACE] graph - -------> nonSkippedChar
2021-11-19T10:23:46,827|[TRACE] script - #out(`C`) [token]
2021-11-19T10:23:46,827|[TRACE] graph - <------- nonSkippedChar
2021-11-19T10:23:46,827|[TRACE] graph - <----- statementFirstPart
2021-11-19T10:23:46,827|[TRACE] graph - -----> statementPart
2021-11-19T10:23:46,827|[TRACE] graph - -------> nonSkippedChar
2021-11-19T10:23:46,827|[TRACE] script - #out(`R`) [token]
2021-11-19T10:23:46,827|[TRACE] graph - <------- nonSkippedChar
2021-11-19T10:23:46,827|[TRACE] graph - <----- statementPart
2021-11-19T10:23:46,827|[TRACE] graph - -----> statementPart
2021-11-19T10:23:46,827|[TRACE] graph - -------> nonSkippedChar
2021-11-19T10:23:46,827|[TRACE] script - #out(`E`) [token]
2021-11-19T10:23:46,827|[TRACE] graph - <------- nonSkippedChar
2021-11-19T10:23:46,827|[TRACE] graph - <----- statementPart
2021-11-19T10:23:46,827|[TRACE] graph - -----> statementPart
2021-11-19T10:23:46,827|[TRACE] graph - -------> nonSkippedChar
2021-11-19T10:23:46,827|[TRACE] script - #out(`A`) [token]
2021-11-19T10:23:46,827|[TRACE] graph - <------- nonSkippedChar
2021-11-19T10:23:46,827|[TRACE] graph - <----- statementPart
2021-11-19T10:23:46,827|[TRACE] graph - -----> statementPart
2021-11-19T10:23:46,827|[TRACE] graph - -------> nonSkippedChar
2021-11-19T10:23:46,827|[TRACE] script - #out(`T`) [token]
2021-11-19T10:23:46,827|[TRACE] graph - <------- nonSkippedChar
2021-11-19T10:23:46,827|[TRACE] graph - <----- statementPart
2021-11-19T10:23:46,827|[TRACE] graph - -----> statementPart
2021-11-19T10:23:46,827|[TRACE] graph - -------> nonSkippedChar
2021-11-19T10:23:46,827|[TRACE] script - #out(`E`) [token]
2021-11-19T10:23:46,827|[TRACE] graph - <------- nonSkippedChar
2021-11-19T10:23:46,827|[TRACE] graph - <----- statementPart
2021-11-19T10:23:46,827|[TRACE] graph - -----> statementPart
2021-11-19T10:23:46,827|[TRACE] graph - -------> nonSkippedSpace
2021-11-19T10:23:46,827|[TRACE] script - #out(` `) [token]
2021-11-19T10:23:46,827|[TRACE] graph - <------- nonSkippedSpace
2021-11-19T10:23:46,827|[TRACE] graph - <----- statementPart
2021-11-19T10:23:46,827|[TRACE] graph - -----> statementPart
2021-11-19T10:23:46,827|[TRACE] graph - -------> nonSkippedChar
2021-11-19T10:23:46,827|[TRACE] script - #out(`T`) [token]
2021-11-19T10:23:46,827|[TRACE] graph - <------- nonSkippedChar
2021-11-19T10:23:46,827|[TRACE] graph - <----- statementPart
2021-11-19T10:23:46,827|[TRACE] graph - -----> statementPart
2021-11-19T10:23:46,827|[TRACE] graph - -------> nonSkippedChar
2021-11-19T10:23:46,827|[TRACE] script - #out(`A`) [token]
2021-11-19T10:23:46,827|[TRACE] graph - <------- nonSkippedChar
2021-11-19T10:23:46,827|[TRACE] graph - <----- statementPart
2021-11-19T10:23:46,827|[TRACE] graph - -----> statementPart
2021-11-19T10:23:46,827|[TRACE] graph - -------> nonSkippedChar
2021-11-19T10:23:46,827|[TRACE] script - #out(`B`) [token]
2021-11-19T10:23:46,827|[TRACE] graph - <------- nonSkippedChar
2021-11-19T10:23:46,827|[TRACE] graph - <----- statementPart
2021-11-19T10:23:46,827|[TRACE] graph - -----> statementPart
2021-11-19T10:23:46,827|[TRACE] graph - -------> nonSkippedChar
2021-11-19T10:23:46,827|[TRACE] script - #out(`L`) [token]
2021-11-19T10:23:46,827|[TRACE] graph - <------- nonSkippedChar
2021-11-19T10:23:46,827|[TRACE] graph - <----- statementPart
2021-11-19T10:23:46,827|[TRACE] graph - -----> statementPart
2021-11-19T10:23:46,827|[TRACE] graph - -------> nonSkippedChar
2021-11-19T10:23:46,827|[TRACE] script - #out(`E`) [token]
2021-11-19T10:23:46,827|[TRACE] graph - <------- nonSkippedChar
2021-11-19T10:23:46,827|[TRACE] graph - <----- statementPart
2021-11-19T10:23:46,827|[TRACE] graph - -----> statementPart
2021-11-19T10:23:46,827|[TRACE] graph - -------> nonSkippedSpace
2021-11-19T10:23:46,827|[TRACE] script - #out(` `) [token]
2021-11-19T10:23:46,827|[TRACE] graph - <------- nonSkippedSpace
2021-11-19T10:23:46,827|[TRACE] graph - <----- statementPart
2021-11-19T10:23:46,827|[TRACE] graph - -----> statementPart
2021-11-19T10:23:46,827|[TRACE] graph - -------> nonSkippedChar
2021-11-19T10:23:46,827|[TRACE] script - #out(`I`) [token]
2021-11-19T10:23:46,827|[TRACE] graph - <------- nonSkippedChar
2021-11-19T10:23:46,827|[TRACE] graph - <----- statementPart
2021-11-19T10:23:46,827|[TRACE] graph - -----> statementPart
2021-11-19T10:23:46,827|[TRACE] graph - -------> nonSkippedChar
2021-11-19T10:23:46,827|[TRACE] script - #out(`F`) [token]
2021-11-19T10:23:46,827|[TRACE] graph - <------- nonSkippedChar
2021-11-19T10:23:46,827|[TRACE] graph - <----- statementPart
2021-11-19T10:23:46,827|[TRACE] graph - -----> statementPart
2021-11-19T10:23:46,827|[TRACE] graph - -------> nonSkippedSpace
2021-11-19T10:23:46,827|[TRACE] script - #out(` `) [token]
2021-11-19T10:23:46,827|[TRACE] graph - <------- nonSkippedSpace
2021-11-19T10:23:46,827|[TRACE] graph - <----- statementPart
2021-11-19T10:23:46,827|[TRACE] graph - -----> statementPart
2021-11-19T10:23:46,827|[TRACE] graph - -------> nonSkippedChar
2021-11-19T10:23:46,827|[TRACE] script - #out(`N`) [token]
2021-11-19T10:23:46,827|[TRACE] graph - <------- nonSkippedChar
2021-11-19T10:23:46,827|[TRACE] graph - <----- statementPart
2021-11-19T10:23:46,827|[TRACE] graph - -----> statementPart
2021-11-19T10:23:46,827|[TRACE] graph - -------> nonSkippedChar
2021-11-19T10:23:46,827|[TRACE] script - #out(`O`) [token]
2021-11-19T10:23:46,827|[TRACE] graph - <------- nonSkippedChar
2021-11-19T10:23:46,827|[TRACE] graph - <----- statementPart
2021-11-19T10:23:46,827|[TRACE] graph - -----> statementPart
2021-11-19T10:23:46,827|[TRACE] graph - -------> nonSkippedChar
2021-11-19T10:23:46,827|[TRACE] script - #out(`T`) [token]
2021-11-19T10:23:46,827|[TRACE] graph - <------- nonSkippedChar
2021-11-19T10:23:46,827|[TRACE] graph - <----- statementPart
2021-11-19T10:23:46,827|[TRACE] graph - -----> statementPart
2021-11-19T10:23:46,827|[TRACE] graph - -------> nonSkippedSpace
2021-11-19T10:23:46,827|[TRACE] script - #out(` `) [token]
2021-11-19T10:23:46,827|[TRACE] graph - <------- nonSkippedSpace
2021-11-19T10:23:46,827|[TRACE] graph - <----- statementPart
2021-11-19T10:23:46,827|[TRACE] graph - -----> statementPart
2021-11-19T10:23:46,828|[TRACE] graph - -------> nonSkippedChar
2021-11-19T10:23:46,828|[TRACE] script - #out(`E`) [token]
2021-11-19T10:23:46,828|[TRACE] graph - <------- nonSkippedChar
2021-11-19T10:23:46,828|[TRACE] graph - <----- statementPart
2021-11-19T10:23:46,828|[TRACE] graph - -----> statementPart
2021-11-19T10:23:46,828|[TRACE] graph - -------> nonSkippedChar
2021-11-19T10:23:46,828|[TRACE] script - #out(`X`) [token]
2021-11-19T10:23:46,828|[TRACE] graph - <------- nonSkippedChar
2021-11-19T10:23:46,828|[TRACE] graph - <----- statementPart
2021-11-19T10:23:46,828|[TRACE] graph - -----> statementPart
2021-11-19T10:23:46,828|[TRACE] graph - -------> nonSkippedChar
2021-11-19T10:23:46,828|[TRACE] script - #out(`I`) [token]
2021-11-19T10:23:46,828|[TRACE] graph - <------- nonSkippedChar
2021-11-19T10:23:46,828|[TRACE] graph - <----- statementPart
2021-11-19T10:23:46,828|[TRACE] graph - -----> statementPart
2021-11-19T10:23:46,828|[TRACE] graph - -------> nonSkippedChar
2021-11-19T10:23:46,828|[TRACE] script - #out(`S`) [token]
2021-11-19T10:23:46,828|[TRACE] graph - <------- nonSkippedChar
2021-11-19T10:23:46,828|[TRACE] graph - <----- statementPart
2021-11-19T10:23:46,828|[TRACE] graph - -----> statementPart
2021-11-19T10:23:46,828|[TRACE] graph - -------> nonSkippedChar
2021-11-19T10:23:46,828|[TRACE] script - #out(`T`) [token]
2021-11-19T10:23:46,828|[TRACE] graph - <------- nonSkippedChar
2021-11-19T10:23:46,828|[TRACE] graph - <----- statementPart
2021-11-19T10:23:46,828|[TRACE] graph - -----> statementPart
2021-11-19T10:23:46,828|[TRACE] graph - -------> nonSkippedChar
2021-11-19T10:23:46,828|[TRACE] script - #out(`S`) [token]
2021-11-19T10:23:46,828|[TRACE] graph - <------- nonSkippedChar
2021-11-19T10:23:46,828|[TRACE] graph - <----- statementPart
2021-11-19T10:23:46,828|[TRACE] graph - -----> statementPart
2021-11-19T10:23:46,828|[TRACE] graph - -------> nonSkippedSpace
2021-11-19T10:23:46,828|[TRACE] script - #out(` `) [token]
2021-11-19T10:23:46,828|[TRACE] graph - <------- nonSkippedSpace
2021-11-19T10:23:46,828|[TRACE] graph - <----- statementPart
2021-11-19T10:23:46,828|[TRACE] graph - -----> statementPart
2021-11-19T10:23:46,828|[TRACE] graph - -------> quotedString
2021-11-19T10:23:46,828|[TRACE] script - #out(``bloodbank``) [token]
2021-11-19T10:23:46,828|[TRACE] graph - <------- quotedString
2021-11-19T10:23:46,828|[TRACE] graph - <----- statementPart
2021-11-19T10:23:46,828|[TRACE] graph - -----> statementPart
2021-11-19T10:23:46,828|[TRACE] graph - -------> nonSkippedChar
2021-11-19T10:23:46,828|[TRACE] script - #out(`.`) [token]
2021-11-19T10:23:46,828|[TRACE] graph - <------- nonSkippedChar
2021-11-19T10:23:46,828|[TRACE] graph - <----- statementPart
2021-11-19T10:23:46,828|[TRACE] graph - -----> statementPart
2021-11-19T10:23:46,828|[TRACE] graph - -------> quotedString
2021-11-19T10:23:46,828|[TRACE] script - #out(``address``) [token]
2021-11-19T10:23:46,828|[TRACE] graph - <------- quotedString
2021-11-19T10:23:46,828|[TRACE] graph - <----- statementPart
2021-11-19T10:23:46,828|[TRACE] graph - -----> statementPart
2021-11-19T10:23:46,828|[TRACE] graph - -------> nonSkippedSpace
2021-11-19T10:23:46,828|[TRACE] script - #out(` `) [token]
2021-11-19T10:23:46,828|[TRACE] graph - <------- nonSkippedSpace
2021-11-19T10:23:46,828|[TRACE] graph - <----- statementPart
2021-11-19T10:23:46,828|[TRACE] graph - -----> statementPart
2021-11-19T10:23:46,828|[TRACE] graph - -------> nonSkippedChar
2021-11-19T10:23:46,828|[TRACE] script - #out(`(`) [token]
2021-11-19T10:23:46,828|[TRACE] graph - <------- nonSkippedChar
2021-11-19T10:23:46,828|[TRACE] graph - <----- statementPart
2021-11-19T10:23:46,828|[TRACE] graph - -----> afterStatementPartNewline
2021-11-19T10:23:46,828|[TRACE] script - #out(` `) [text]
2021-11-19T10:23:46,828|[TRACE] graph - <----- afterStatementPartNewline
2021-11-19T10:23:46,828|[TRACE] graph - -----> statementPart
2021-11-19T10:23:46,828|[TRACE] graph - -------> nonSkippedSpace
2021-11-19T10:23:46,828|[TRACE] script - #out(` `) [token]
2021-11-19T10:23:46,828|[TRACE] graph - <------- nonSkippedSpace
2021-11-19T10:23:46,828|[TRACE] graph - <----- statementPart
2021-11-19T10:23:46,828|[TRACE] graph - -----> statementPart
2021-11-19T10:23:46,828|[TRACE] graph - -------> nonSkippedSpace
2021-11-19T10:23:46,828|[TRACE] script - #out(` `) [token]
2021-11-19T10:23:46,828|[TRACE] graph - <------- nonSkippedSpace
2021-11-19T10:23:46,828|[TRACE] graph - <----- statementPart
2021-11-19T10:23:46,828|[TRACE] graph - -----> statementPart
2021-11-19T10:23:46,828|[TRACE] graph - -------> quotedString
2021-11-19T10:23:46,828|[TRACE] script - #out(``address_id``) [token]
2021-11-19T10:23:46,828|[TRACE] graph - <------- quotedString
2021-11-19T10:23:46,828|[TRACE] graph - <----- statementPart
2021-11-19T10:23:46,828|[TRACE] graph - -----> statementPart
2021-11-19T10:23:46,828|[TRACE] graph - -------> nonSkippedSpace
2021-11-19T10:23:46,828|[TRACE] script - #out(` `) [token]
2021-11-19T10:23:46,828|[TRACE] graph - <------- nonSkippedSpace
2021-11-19T10:23:46,828|[TRACE] graph - <----- statementPart
2021-11-19T10:23:46,828|[TRACE] graph - -----> statementPart
2021-11-19T10:23:46,828|[TRACE] graph - -------> nonSkippedChar
2021-11-19T10:23:46,828|[TRACE] script - #out(`I`) [token]
2021-11-19T10:23:46,828|[TRACE] graph - <------- nonSkippedChar
2021-11-19T10:23:46,828|[TRACE] graph - <----- statementPart
2021-11-19T10:23:46,828|[TRACE] graph - -----> statementPart
2021-11-19T10:23:46,828|[TRACE] graph - -------> nonSkippedChar
2021-11-19T10:23:46,828|[TRACE] script - #out(`N`) [token]
2021-11-19T10:23:46,828|[TRACE] graph - <------- nonSkippedChar
2021-11-19T10:23:46,828|[TRACE] graph - <----- statementPart
2021-11-19T10:23:46,828|[TRACE] graph - -----> statementPart
2021-11-19T10:23:46,828|[TRACE] graph - -------> nonSkippedChar
2021-11-19T10:23:46,828|[TRACE] script - #out(`T`) [token]
2021-11-19T10:23:46,828|[TRACE] graph - <------- nonSkippedChar
2021-11-19T10:23:46,828|[TRACE] graph - <----- statementPart
2021-11-19T10:23:46,828|[TRACE] graph - -----> statementPart
2021-11-19T10:23:46,828|[TRACE] graph - -------> nonSkippedSpace
2021-11-19T10:23:46,828|[TRACE] script - #out(` `) [token]
2021-11-19T10:23:46,828|[TRACE] graph - <------- nonSkippedSpace
2021-11-19T10:23:46,828|[TRACE] graph - <----- statementPart
2021-11-19T10:23:46,828|[TRACE] graph - -----> statementPart
2021-11-19T10:23:46,828|[TRACE] graph - -------> nonSkippedChar
2021-11-19T10:23:46,828|[TRACE] script - #out(`N`) [token]
2021-11-19T10:23:46,828|[TRACE] graph - <------- nonSkippedChar
2021-11-19T10:23:46,828|[TRACE] graph - <----- statementPart
2021-11-19T10:23:46,828|[TRACE] graph - -----> statementPart
2021-11-19T10:23:46,828|[TRACE] graph - -------> nonSkippedChar
2021-11-19T10:23:46,828|[TRACE] script - #out(`O`) [token]
2021-11-19T10:23:46,828|[TRACE] graph - <------- nonSkippedChar
2021-11-19T10:23:46,828|[TRACE] graph - <----- statementPart
2021-11-19T10:23:46,828|[TRACE] graph - -----> statementPart
2021-11-19T10:23:46,828|[TRACE] graph - -------> nonSkippedChar
2021-11-19T10:23:46,828|[TRACE] script - #out(`T`) [token]
2021-11-19T10:23:46,828|[TRACE] graph - <------- nonSkippedChar
2021-11-19T10:23:46,828|[TRACE] graph - <----- statementPart
2021-11-19T10:23:46,828|[TRACE] graph - -----> statementPart
2021-11-19T10:23:46,828|[TRACE] graph - -------> nonSkippedSpace
2021-11-19T10:23:46,828|[TRACE] script - #out(` `) [token]
2021-11-19T10:23:46,828|[TRACE] graph - <------- nonSkippedSpace
2021-11-19T10:23:46,828|[TRACE] graph - <----- statementPart
2021-11-19T10:23:46,828|[TRACE] graph - -----> statementPart
2021-11-19T10:23:46,828|[TRACE] graph - -------> nonSkippedChar
2021-11-19T10:23:46,828|[TRACE] script - #out(`N`) [token]
2021-11-19T10:23:46,828|[TRACE] graph - <------- nonSkippedChar
2021-11-19T10:23:46,828|[TRACE] graph - <----- statementPart
2021-11-19T10:23:46,828|[TRACE] graph - -----> statementPart
2021-11-19T10:23:46,828|[TRACE] graph - -------> nonSkippedChar
2021-11-19T10:23:46,828|[TRACE] script - #out(`U`) [token]
2021-11-19T10:23:46,828|[TRACE] graph - <------- nonSkippedChar
2021-11-19T10:23:46,828|[TRACE] graph - <----- statementPart
2021-11-19T10:23:46,828|[TRACE] graph - -----> statementPart
2021-11-19T10:23:46,828|[TRACE] graph - -------> nonSkippedChar
2021-11-19T10:23:46,828|[TRACE] script - #out(`L`) [token]
2021-11-19T10:23:46,828|[TRACE] graph - <------- nonSkippedChar
2021-11-19T10:23:46,828|[TRACE] graph - <----- statementPart
2021-11-19T10:23:46,828|[TRACE] graph - -----> statementPart
2021-11-19T10:23:46,828|[TRACE] graph - -------> nonSkippedChar
2021-11-19T10:23:46,828|[TRACE] script - #out(`L`) [token]
2021-11-19T10:23:46,828|[TRACE] graph - <------- nonSkippedChar
2021-11-19T10:23:46,828|[TRACE] graph - <----- statementPart
2021-11-19T10:23:46,828|[TRACE] graph - -----> statementPart
2021-11-19T10:23:46,828|[TRACE] graph - -------> nonSkippedSpace
2021-11-19T10:23:46,828|[TRACE] script - #out(` `) [token]
2021-11-19T10:23:46,828|[TRACE] graph - <------- nonSkippedSpace
2021-11-19T10:23:46,828|[TRACE] graph - <----- statementPart
2021-11-19T10:23:46,828|[TRACE] graph - -----> statementPart
2021-11-19T10:23:46,828|[TRACE] graph - -------> nonSkippedChar
2021-11-19T10:23:46,828|[TRACE] script - #out(`A`) [token]
2021-11-19T10:23:46,828|[TRACE] graph - <------- nonSkippedChar
2021-11-19T10:23:46,828|[TRACE] graph - <----- statementPart
2021-11-19T10:23:46,828|[TRACE] graph - -----> statementPart
2021-11-19T10:23:46,828|[TRACE] graph - -------> nonSkippedChar
2021-11-19T10:23:46,828|[TRACE] script - #out(`U`) [token]
2021-11-19T10:23:46,977|[TRACE] graph - <------- nonSkippedChar
2021-11-19T10:23:46,977|[TRACE] graph - <----- statementPart
2021-11-19T10:23:46,977|[TRACE] graph - -----> statementPart
2021-11-19T10:23:46,977|[TRACE] graph - -------> nonSkippedChar
2021-11-19T10:23:46,977|[TRACE] script - #out(`T`) [token]
2021-11-19T10:23:46,977|[TRACE] graph - <------- nonSkippedChar
2021-11-19T10:23:46,977|[TRACE] graph - <----- statementPart
2021-11-19T10:23:46,977|[TRACE] graph - -----> statementPart
2021-11-19T10:23:46,977|[TRACE] graph - -------> nonSkippedChar
2021-11-19T10:23:46,977|[TRACE] script - #out(`O`) [token]
2021-11-19T10:23:46,977|[TRACE] graph - <------- nonSkippedChar
2021-11-19T10:23:46,977|[TRACE] graph - <----- statementPart
2021-11-19T10:23:46,977|[TRACE] graph - -----> statementPart
2021-11-19T10:23:46,977|[TRACE] graph - -------> nonSkippedChar
2021-11-19T10:23:46,977|[TRACE] script - #out(`_`) [token]
2021-11-19T10:23:46,977|[TRACE] graph - <------- nonSkippedChar
2021-11-19T10:23:46,977|[TRACE] graph - <----- statementPart
2021-11-19T10:23:46,977|[TRACE] graph - -----> statementPart
2021-11-19T10:23:46,977|[TRACE] graph - -------> nonSkippedChar
2021-11-19T10:23:46,977|[TRACE] script - #out(`I`) [token]
2021-11-19T10:23:46,977|[TRACE] graph - <------- nonSkippedChar
2021-11-19T10:23:46,977|[TRACE] graph - <----- statementPart
2021-11-19T10:23:46,977|[TRACE] graph - -----> statementPart
2021-11-19T10:23:46,977|[TRACE] graph - -------> nonSkippedChar
2021-11-19T10:23:46,977|[TRACE] script - #out(`N`) [token]
2021-11-19T10:23:46,977|[TRACE] graph - <------- nonSkippedChar
2021-11-19T10:23:46,977|[TRACE] graph - <----- statementPart
2021-11-19T10:23:46,977|[TRACE] graph - -----> statementPart
2021-11-19T10:23:46,977|[TRACE] graph - -------> nonSkippedChar
2021-11-19T10:23:46,977|[TRACE] script - #out(`C`) [token]
2021-11-19T10:23:46,977|[TRACE] graph - <------- nonSkippedChar
2021-11-19T10:23:46,977|[TRACE] graph - <----- statementPart
2021-11-19T10:23:46,977|[TRACE] graph - -----> statementPart
2021-11-19T10:23:46,977|[TRACE] graph - -------> nonSkippedChar
2021-11-19T10:23:46,977|[TRACE] script - #out(`R`) [token]
2021-11-19T10:23:46,977|[TRACE] graph - <------- nonSkippedChar
2021-11-19T10:23:46,977|[TRACE] graph - <----- statementPart
2021-11-19T10:23:46,977|[TRACE] graph - -----> statementPart
2021-11-19T10:23:46,977|[TRACE] graph - -------> nonSkippedChar
2021-11-19T10:23:46,977|[TRACE] script - #out(`E`) [token]
2021-11-19T10:23:46,977|[TRACE] graph - <------- nonSkippedChar
2021-11-19T10:23:46,977|[TRACE] graph - <----- statementPart
2021-11-19T10:23:46,977|[TRACE] graph - -----> statementPart
2021-11-19T10:23:46,977|[TRACE] graph - -------> nonSkippedChar
2021-11-19T10:23:46,977|[TRACE] script - #out(`M`) [token]
2021-11-19T10:23:46,977|[TRACE] graph - <------- nonSkippedChar
2021-11-19T10:23:46,977|[TRACE] graph - <----- statementPart
2021-11-19T10:23:46,977|[TRACE] graph - -----> statementPart
2021-11-19T10:23:46,977|[TRACE] graph - -------> nonSkippedChar
2021-11-19T10:23:46,977|[TRACE] script - #out(`E`) [token]
2021-11-19T10:23:46,977|[TRACE] graph - <------- nonSkippedChar
2021-11-19T10:23:46,977|[TRACE] graph - <----- statementPart
2021-11-19T10:23:46,977|[TRACE] graph - -----> statementPart
2021-11-19T10:23:46,977|[TRACE] graph - -------> nonSkippedChar
2021-11-19T10:23:46,977|[TRACE] script - #out(`N`) [token]
2021-11-19T10:23:46,977|[TRACE] graph - <------- nonSkippedChar
2021-11-19T10:23:46,977|[TRACE] graph - <----- statementPart
2021-11-19T10:23:46,977|[TRACE] graph - -----> statementPart
2021-11-19T10:23:46,977|[TRACE] graph - -------> nonSkippedChar
2021-11-19T10:23:46,977|[TRACE] script - #out(`T`) [token]
2021-11-19T10:23:46,977|[TRACE] graph - <------- nonSkippedChar
2021-11-19T10:23:46,977|[TRACE] graph - <----- statementPart
2021-11-19T10:23:46,977|[TRACE] graph - -----> statementPart
2021-11-19T10:23:46,977|[TRACE] graph - -------> nonSkippedChar
2021-11-19T10:23:46,977|[TRACE] script - #out(`,`) [token]
2021-11-19T10:23:46,977|[TRACE] graph - <------- nonSkippedChar
2021-11-19T10:23:46,977|[TRACE] graph - <----- statementPart
2021-11-19T10:23:46,977|[TRACE] graph - -----> afterStatementPartNewline
2021-11-19T10:23:46,977|[TRACE] script - #out(` `) [text]
2021-11-19T10:23:46,977|[TRACE] graph - <----- afterStatementPartNewline
2021-11-19T10:23:46,977|[TRACE] graph - -----> statementPart
2021-11-19T10:23:46,977|[TRACE] graph - -------> nonSkippedSpace
2021-11-19T10:23:46,977|[TRACE] script - #out(` `) [token]
2021-11-19T10:23:46,977|[TRACE] graph - <------- nonSkippedSpace
2021-11-19T10:23:46,977|[TRACE] graph - <----- statementPart
2021-11-19T10:23:46,977|[TRACE] graph - -----> statementPart
2021-11-19T10:23:46,977|[TRACE] graph - -------> nonSkippedSpace
2021-11-19T10:23:46,977|[TRACE] script - #out(` `) [token]
2021-11-19T10:23:46,977|[TRACE] graph - <------- nonSkippedSpace
2021-11-19T10:23:46,977|[TRACE] graph - <----- statementPart
2021-11-19T10:23:46,977|[TRACE] graph - -----> statementPart
2021-11-19T10:23:46,977|[TRACE] graph - -------> quotedString
2021-11-19T10:23:46,977|[TRACE] script - #out(``street_number``) [token]
2021-11-19T10:23:46,977|[TRACE] graph - <------- quotedString
2021-11-19T10:23:46,977|[TRACE] graph - <----- statementPart
2021-11-19T10:23:46,977|[TRACE] graph - -----> statementPart
2021-11-19T10:23:46,977|[TRACE] graph - -------> nonSkippedSpace
2021-11-19T10:23:46,977|[TRACE] script - #out(` `) [token]
2021-11-19T10:23:46,977|[TRACE] graph - <------- nonSkippedSpace
2021-11-19T10:23:46,977|[TRACE] graph - <----- statementPart
2021-11-19T10:23:46,977|[TRACE] graph - -----> statementPart
2021-11-19T10:23:46,977|[TRACE] graph - -------> nonSkippedChar
2021-11-19T10:23:46,977|[TRACE] script - #out(`V`) [token]
2021-11-19T10:23:46,977|[TRACE] graph - <------- nonSkippedChar
2021-11-19T10:23:46,977|[TRACE] graph - <----- statementPart
2021-11-19T10:23:46,977|[TRACE] graph - -----> statementPart
2021-11-19T10:23:46,977|[TRACE] graph - -------> nonSkippedChar
2021-11-19T10:23:46,977|[TRACE] script - #out(`A`) [token]
2021-11-19T10:23:46,977|[TRACE] graph - <------- nonSkippedChar
2021-11-19T10:23:46,977|[TRACE] graph - <----- statementPart
2021-11-19T10:23:46,977|[TRACE] graph - -----> statementPart
2021-11-19T10:23:46,977|[TRACE] graph - -------> nonSkippedChar
2021-11-19T10:23:46,977|[TRACE] script - #out(`R`) [token]
2021-11-19T10:23:46,977|[TRACE] graph - <------- nonSkippedChar
2021-11-19T10:23:46,977|[TRACE] graph - <----- statementPart
2021-11-19T10:23:46,977|[TRACE] graph - -----> statementPart
2021-11-19T10:23:46,977|[TRACE] graph - -------> nonSkippedChar
2021-11-19T10:23:46,977|[TRACE] script - #out(`C`) [token]
2021-11-19T10:23:46,977|[TRACE] graph - <------- nonSkippedChar
2021-11-19T10:23:46,977|[TRACE] graph - <----- statementPart
2021-11-19T10:23:46,977|[TRACE] graph - -----> statementPart
2021-11-19T10:23:46,977|[TRACE] graph - -------> nonSkippedChar
2021-11-19T10:23:46,977|[TRACE] script - #out(`H`) [token]
2021-11-19T10:23:46,977|[TRACE] graph - <------- nonSkippedChar
2021-11-19T10:23:46,977|[TRACE] graph - <----- statementPart
2021-11-19T10:23:46,977|[TRACE] graph - -----> statementPart
2021-11-19T10:23:46,977|[TRACE] graph - -------> nonSkippedChar
2021-11-19T10:23:46,977|[TRACE] script - #out(`A`) [token]
2021-11-19T10:23:46,977|[TRACE] graph - <------- nonSkippedChar
2021-11-19T10:23:46,977|[TRACE] graph - <----- statementPart
2021-11-19T10:23:46,977|[TRACE] graph - -----> statementPart
2021-11-19T10:23:46,977|[TRACE] graph - -------> nonSkippedChar
2021-11-19T10:23:46,977|[TRACE] script - #out(`R`) [token]
2021-11-19T10:23:46,977|[TRACE] graph - <------- nonSkippedChar
2021-11-19T10:23:46,977|[TRACE] graph - <----- statementPart
2021-11-19T10:23:46,977|[TRACE] graph - -----> statementPart
2021-11-19T10:23:46,977|[TRACE] graph - -------> nonSkippedChar
2021-11-19T10:23:46,977|[TRACE] script - #out(`(`) [token]
2021-11-19T10:23:46,977|[TRACE] graph - <------- nonSkippedChar
2021-11-19T10:23:46,977|[TRACE] graph - <----- statementPart
2021-11-19T10:23:46,977|[TRACE] graph - -----> statementPart
2021-11-19T10:23:46,977|[TRACE] graph - -------> nonSkippedChar
2021-11-19T10:23:46,977|[TRACE] script - #out(`1`) [token]
2021-11-19T10:23:46,977|[TRACE] graph - <------- nonSkippedChar
2021-11-19T10:23:46,977|[TRACE] graph - <----- statementPart
2021-11-19T10:23:46,977|[TRACE] graph - -----> statementPart
2021-11-19T10:23:46,977|[TRACE] graph - -------> nonSkippedChar
2021-11-19T10:23:46,977|[TRACE] script - #out(`0`) [token]
2021-11-19T10:23:46,977|[TRACE] graph - <------- nonSkippedChar
2021-11-19T10:23:46,977|[TRACE] graph - <----- statementPart
2021-11-19T10:23:46,977|[TRACE] graph - -----> statementPart
2021-11-19T10:23:46,977|[TRACE] graph - -------> nonSkippedChar
2021-11-19T10:23:46,977|[TRACE] script - #out(`)`) [token]
2021-11-19T10:23:46,977|[TRACE] graph - <------- nonSkippedChar
2021-11-19T10:23:46,977|[TRACE] graph - <----- statementPart
2021-11-19T10:23:46,977|[TRACE] graph - -----> statementPart
2021-11-19T10:23:46,977|[TRACE] graph - -------> nonSkippedSpace
2021-11-19T10:23:46,977|[TRACE] script - #out(` `) [token]
2021-11-19T10:23:46,977|[TRACE] graph - <------- nonSkippedSpace
2021-11-19T10:23:46,977|[TRACE] graph - <----- statementPart
2021-11-19T10:23:46,977|[TRACE] graph - -----> statementPart
2021-11-19T10:23:46,977|[TRACE] graph - -------> nonSkippedChar
2021-11-19T10:23:46,977|[TRACE] script - #out(`N`) [token]
2021-11-19T10:23:46,977|[TRACE] graph - <------- nonSkippedChar
2021-11-19T10:23:46,977|[TRACE] graph - <----- statementPart
2021-11-19T10:23:46,977|[TRACE] graph - -----> statementPart
2021-11-19T10:23:46,977|[TRACE] graph - -------> nonSkippedChar
2021-11-19T10:23:46,977|[TRACE] script - #out(`O`) [token]
2021-11-19T10:23:46,977|[TRACE] graph - <------- nonSkippedChar
2021-11-19T10:23:46,977|[TRACE] graph - <----- statementPart
2021-11-19T10:23:46,977|[TRACE] graph - -----> statementPart
2021-11-19T10:23:46,977|[TRACE] graph - -------> nonSkippedChar
2021-11-19T10:23:46,977|[TRACE] script - #out(`T`) [token]
2021-11-19T10:23:46,977|[TRACE] graph - <------- nonSkippedChar
2021-11-19T10:23:46,977|[TRACE] graph - <----- statementPart
2021-11-19T10:23:46,977|[TRACE] graph - -----> statementPart
2021-11-19T10:23:46,977|[TRACE] graph - -------> nonSkippedSpace
2021-11-19T10:23:46,977|[TRACE] script - #out(` `) [token]
2021-11-19T10:23:46,977|[TRACE] graph - <------- nonSkippedSpace
2021-11-19T10:23:46,977|[TRACE] graph - <----- statementPart
2021-11-19T10:23:46,977|[TRACE] graph - -----> statementPart
2021-11-19T10:23:46,977|[TRACE] graph - -------> nonSkippedChar
2021-11-19T10:23:46,977|[TRACE] script - #out(`N`) [token]
2021-11-19T10:23:46,977|[TRACE] graph - <------- nonSkippedChar
2021-11-19T10:23:46,977|[TRACE] graph - <----- statementPart
2021-11-19T10:23:46,977|[TRACE] graph - -----> statementPart
2021-11-19T10:23:46,977|[TRACE] graph - -------> nonSkippedChar
2021-11-19T10:23:46,977|[TRACE] script - #out(`U`) [token]
2021-11-19T10:23:46,977|[TRACE] graph - <------- nonSkippedChar
2021-11-19T10:23:46,977|[TRACE] graph - <----- statementPart
2021-11-19T10:23:46,977|[TRACE] graph - -----> statementPart
2021-11-19T10:23:46,977|[TRACE] graph - -------> nonSkippedChar
2021-11-19T10:23:46,977|[TRACE] script - #out(`L`) [token]
2021-11-19T10:23:46,977|[TRACE] graph - <------- nonSkippedChar
2021-11-19T10:23:46,977|[TRACE] graph - <----- statementPart
2021-11-19T10:23:46,977|[TRACE] graph - -----> statementPart
2021-11-19T10:23:46,977|[TRACE] graph - -------> nonSkippedChar
2021-11-19T10:23:46,977|[TRACE] script - #out(`L`) [token]
2021-11-19T10:23:46,977|[TRACE] graph - <------- nonSkippedChar
2021-11-19T10:23:46,977|[TRACE] graph - <----- statementPart
2021-11-19T10:23:46,977|[TRACE] graph - -----> statementPart
2021-11-19T10:23:46,977|[TRACE] graph - -------> nonSkippedChar
2021-11-19T10:23:46,977|[TRACE] script - #out(`,`) [token]
2021-11-19T10:23:46,977|[TRACE] graph - <------- nonSkippedChar
2021-11-19T10:23:46,977|[TRACE] graph - <----- statementPart
2021-11-19T10:23:46,977|[TRACE] graph - -----> afterStatementPartNewline
2021-11-19T10:23:46,977|[TRACE] script - #out(` `) [text]
2021-11-19T10:23:46,977|[TRACE] graph - <----- afterStatementPartNewline
2021-11-19T10:23:46,977|[TRACE] graph - -----> statementPart
2021-11-19T10:23:46,977|[TRACE] graph - -------> nonSkippedSpace
2021-11-19T10:23:46,977|[TRACE] script - #out(` `) [token]
2021-11-19T10:23:46,977|[TRACE] graph - <------- nonSkippedSpace
2021-11-19T10:23:46,977|[TRACE] graph - <----- statementPart
2021-11-19T10:23:46,977|[TRACE] graph - -----> statementPart
2021-11-19T10:23:46,977|[TRACE] graph - -------> nonSkippedSpace
2021-11-19T10:23:46,977|[TRACE] script - #out(` `) [token]
2021-11-19T10:23:46,977|[TRACE] graph - <------- nonSkippedSpace
2021-11-19T10:23:46,977|[TRACE] graph - <----- statementPart
2021-11-19T10:23:46,977|[TRACE] graph - -----> statementPart
2021-11-19T10:23:46,978|[TRACE] graph - -------> quotedString
2021-11-19T10:23:46,978|[TRACE] script - #out(``street``) [token]
2021-11-19T10:23:46,978|[TRACE] graph - <------- quotedString
2021-11-19T10:23:46,978|[TRACE] graph - <----- statementPart
2021-11-19T10:23:46,978|[TRACE] graph - -----> statementPart
2021-11-19T10:23:46,978|[TRACE] graph - -------> nonSkippedSpace
2021-11-19T10:23:46,978|[TRACE] script - #out(` `) [token]
2021-11-19T10:23:46,978|[TRACE] graph - <------- nonSkippedSpace
2021-11-19T10:23:46,978|[TRACE] graph - <----- statementPart
2021-11-19T10:23:46,978|[TRACE] graph - -----> statementPart
2021-11-19T10:23:46,978|[TRACE] graph - -------> nonSkippedChar
2021-11-19T10:23:46,978|[TRACE] script - #out(`V`) [token]
2021-11-19T10:23:46,978|[TRACE] graph - <------- nonSkippedChar
2021-11-19T10:23:46,978|[TRACE] graph - <----- statementPart
2021-11-19T10:23:46,978|[TRACE] graph - -----> statementPart
2021-11-19T10:23:46,978|[TRACE] graph - -------> nonSkippedChar
2021-11-19T10:23:46,978|[TRACE] script - #out(`A`) [token]
2021-11-19T10:23:46,978|[TRACE] graph - <------- nonSkippedChar
2021-11-19T10:23:46,978|[TRACE] graph - <----- statementPart
2021-11-19T10:23:46,978|[TRACE] graph - -----> statementPart
2021-11-19T10:23:46,978|[TRACE] graph - -------> nonSkippedChar
2021-11-19T10:23:46,978|[TRACE] script - #out(`R`) [token]
2021-11-19T10:23:46,978|[TRACE] graph - <------- nonSkippedChar
2021-11-19T10:23:46,978|[TRACE] graph - <----- statementPart
2021-11-19T10:23:46,978|[TRACE] graph - -----> statementPart
2021-11-19T10:23:46,978|[TRACE] graph - -------> nonSkippedChar
2021-11-19T10:23:46,978|[TRACE] script - #out(`C`) [token]
2021-11-19T10:23:46,978|[TRACE] graph - <------- nonSkippedChar
2021-11-19T10:23:46,978|[TRACE] graph - <----- statementPart
2021-11-19T10:23:46,978|[TRACE] graph - -----> statementPart
2021-11-19T10:23:46,978|[TRACE] graph - -------> nonSkippedChar
2021-11-19T10:23:46,978|[TRACE] script - #out(`H`) [token]
2021-11-19T10:23:46,978|[TRACE] graph - <------- nonSkippedChar
2021-11-19T10:23:46,978|[TRACE] graph - <----- statementPart
2021-11-19T10:23:46,978|[TRACE] graph - -----> statementPart
2021-11-19T10:23:46,978|[TRACE] graph - -------> nonSkippedChar
2021-11-19T10:23:46,978|[TRACE] script - #out(`A`) [token]
2021-11-19T10:23:46,978|[TRACE] graph - <------- nonSkippedChar
2021-11-19T10:23:46,978|[TRACE] graph - <----- statementPart
2021-11-19T10:23:46,978|[TRACE] graph - -----> statementPart
2021-11-19T10:23:46,978|[TRACE] graph - -------> nonSkippedChar
2021-11-19T10:23:46,978|[TRACE] script - #out(`R`) [token]
2021-11-19T10:23:46,978|[TRACE] graph - <------- nonSkippedChar
2021-11-19T10:23:46,978|[TRACE] graph - <----- statementPart
2021-11-19T10:23:46,978|[TRACE] graph - -----> statementPart
2021-11-19T10:23:46,978|[TRACE] graph - -------> nonSkippedChar
2021-11-19T10:23:46,978|[TRACE] script - #out(`(`) [token]
2021-11-19T10:23:46,978|[TRACE] graph - <------- nonSkippedChar
2021-11-19T10:23:46,978|[TRACE] graph - <----- statementPart
2021-11-19T10:23:46,978|[TRACE] graph - -----> statementPart
2021-11-19T10:23:46,978|[TRACE] graph - -------> nonSkippedChar
2021-11-19T10:23:46,978|[TRACE] script - #out(`1`) [token]
2021-11-19T10:23:46,978|[TRACE] graph - <------- nonSkippedChar
2021-11-19T10:23:46,978|[TRACE] graph - <----- statementPart
2021-11-19T10:23:46,978|[TRACE] graph - -----> statementPart
2021-11-19T10:23:46,978|[TRACE] graph - -------> nonSkippedChar
2021-11-19T10:23:46,978|[TRACE] script - #out(`0`) [token]
2021-11-19T10:23:46,978|[TRACE] graph - <------- nonSkippedChar
2021-11-19T10:23:46,978|[TRACE] graph - <----- statementPart
2021-11-19T10:23:46,978|[TRACE] graph - -----> statementPart
2021-11-19T10:23:46,978|[TRACE] graph - -------> nonSkippedChar
2021-11-19T10:23:46,978|[TRACE] script - #out(`0`) [token]
2021-11-19T10:23:46,978|[TRACE] graph - <------- nonSkippedChar
2021-11-19T10:23:46,978|[TRACE] graph - <----- statementPart
2021-11-19T10:23:46,978|[TRACE] graph - -----> statementPart
2021-11-19T10:23:46,978|[TRACE] graph - -------> nonSkippedChar
2021-11-19T10:23:46,978|[TRACE] script - #out(`)`) [token]
2021-11-19T10:23:46,978|[TRACE] graph - <------- nonSkippedChar
2021-11-19T10:23:46,978|[TRACE] graph - <----- statementPart
2021-11-19T10:23:46,978|[TRACE] graph - -----> statementPart
2021-11-19T10:23:46,978|[TRACE] graph - -------> nonSkippedSpace
2021-11-19T10:23:46,978|[TRACE] script - #out(` `) [token]
2021-11-19T10:23:46,978|[TRACE] graph - <------- nonSkippedSpace
2021-11-19T10:23:46,978|[TRACE] graph - <----- statementPart
2021-11-19T10:23:46,978|[TRACE] graph - -----> statementPart
2021-11-19T10:23:46,978|[TRACE] graph - -------> nonSkippedChar
2021-11-19T10:23:46,978|[TRACE] script - #out(`N`) [token]
2021-11-19T10:23:46,978|[TRACE] graph - <------- nonSkippedChar
2021-11-19T10:23:46,978|[TRACE] graph - <----- statementPart
2021-11-19T10:23:46,978|[TRACE] graph - -----> statementPart
2021-11-19T10:23:46,978|[TRACE] graph - -------> nonSkippedChar
2021-11-19T10:23:46,978|[TRACE] script - #out(`O`) [token]
2021-11-19T10:23:46,978|[TRACE] graph - <------- nonSkippedChar
2021-11-19T10:23:46,978|[TRACE] graph - <----- statementPart
2021-11-19T10:23:46,978|[TRACE] graph - -----> statementPart
2021-11-19T10:23:46,978|[TRACE] graph - -------> nonSkippedChar
2021-11-19T10:23:46,978|[TRACE] script - #out(`T`) [token]
2021-11-19T10:23:46,978|[TRACE] graph - <------- nonSkippedChar
2021-11-19T10:23:46,978|[TRACE] graph - <----- statementPart
2021-11-19T10:23:46,978|[TRACE] graph - -----> statementPart
2021-11-19T10:23:46,978|[TRACE] graph - -------> nonSkippedSpace
2021-11-19T10:23:46,978|[TRACE] script - #out(` `) [token]
2021-11-19T10:23:46,978|[TRACE] graph - <------- nonSkippedSpace
2021-11-19T10:23:46,978|[TRACE] graph - <----- statementPart
2021-11-19T10:23:46,978|[TRACE] graph - -----> statementPart
2021-11-19T10:23:46,978|[TRACE] graph - -------> nonSkippedChar
2021-11-19T10:23:46,978|[TRACE] script - #out(`N`) [token]
2021-11-19T10:23:46,978|[TRACE] graph - <------- nonSkippedChar
2021-11-19T10:23:46,978|[TRACE] graph - <----- statementPart
2021-11-19T10:23:46,978|[TRACE] graph - -----> statementPart
2021-11-19T10:23:46,978|[TRACE] graph - -------> nonSkippedChar
2021-11-19T10:23:46,978|[TRACE] script - #out(`U`) [token]
2021-11-19T10:23:46,978|[TRACE] graph - <------- nonSkippedChar
2021-11-19T10:23:46,978|[TRACE] graph - <----- statementPart
2021-11-19T10:23:46,978|[TRACE] graph - -----> statementPart
2021-11-19T10:23:46,978|[TRACE] graph - -------> nonSkippedChar
2021-11-19T10:23:46,978|[TRACE] script - #out(`L`) [token]
2021-11-19T10:23:46,978|[TRACE] graph - <------- nonSkippedChar
2021-11-19T10:23:46,978|[TRACE] graph - <----- statementPart
2021-11-19T10:23:46,978|[TRACE] graph - -----> statementPart
2021-11-19T10:23:46,978|[TRACE] graph - -------> nonSkippedChar
2021-11-19T10:23:46,978|[TRACE] script - #out(`L`) [token]
2021-11-19T10:23:46,978|[TRACE] graph - <------- nonSkippedChar
2021-11-19T10:23:46,978|[TRACE] graph - <----- statementPart
2021-11-19T10:23:46,978|[TRACE] graph - -----> statementPart
2021-11-19T10:23:46,978|[TRACE] graph - -------> nonSkippedChar
2021-11-19T10:23:46,978|[TRACE] script - #out(`,`) [token]
2021-11-19T10:23:46,978|[TRACE] graph - <------- nonSkippedChar
2021-11-19T10:23:46,978|[TRACE] graph - <----- statementPart
2021-11-19T10:23:46,978|[TRACE] graph - -----> afterStatementPartNewline
2021-11-19T10:23:46,978|[TRACE] script - #out(` `) [text]
2021-11-19T10:23:46,978|[TRACE] graph - <----- afterStatementPartNewline
2021-11-19T10:23:46,978|[TRACE] graph - -----> statementPart
2021-11-19T10:23:46,978|[TRACE] graph - -------> nonSkippedSpace
2021-11-19T10:23:46,978|[TRACE] script - #out(` `) [token]
2021-11-19T10:23:46,978|[TRACE] graph - <------- nonSkippedSpace
2021-11-19T10:23:46,978|[TRACE] graph - <----- statementPart
2021-11-19T10:23:46,978|[TRACE] graph - -----> statementPart
2021-11-19T10:23:46,978|[TRACE] graph - -------> nonSkippedSpace
2021-11-19T10:23:46,978|[TRACE] script - #out(` `) [token]
2021-11-19T10:23:46,978|[TRACE] graph - <------- nonSkippedSpace
2021-11-19T10:23:46,978|[TRACE] graph - <----- statementPart
2021-11-19T10:23:46,978|[TRACE] graph - -----> statementPart
2021-11-19T10:23:46,978|[TRACE] graph - -------> quotedString
2021-11-19T10:23:46,978|[TRACE] script - #out(``city``) [token]
2021-11-19T10:23:46,978|[TRACE] graph - <------- quotedString
2021-11-19T10:23:46,978|[TRACE] graph - <----- statementPart
2021-11-19T10:23:46,978|[TRACE] graph - -----> statementPart
2021-11-19T10:23:46,978|[TRACE] graph - -------> nonSkippedSpace
2021-11-19T10:23:46,978|[TRACE] script - #out(` `) [token]
2021-11-19T10:23:46,978|[TRACE] graph - <------- nonSkippedSpace
2021-11-19T10:23:46,978|[TRACE] graph - <----- statementPart
2021-11-19T10:23:46,978|[TRACE] graph - -----> statementPart
2021-11-19T10:23:46,978|[TRACE] graph - -------> nonSkippedChar
2021-11-19T10:23:46,978|[TRACE] script - #out(`V`) [token]
2021-11-19T10:23:46,978|[TRACE] graph - <------- nonSkippedChar
2021-11-19T10:23:46,978|[TRACE] graph - <----- statementPart
2021-11-19T10:23:46,978|[TRACE] graph - -----> statementPart
2021-11-19T10:23:46,978|[TRACE] graph - -------> nonSkippedChar
2021-11-19T10:23:46,978|[TRACE] script - #out(`A`) [token]
2021-11-19T10:23:46,978|[TRACE] graph - <------- nonSkippedChar
2021-11-19T10:23:46,978|[TRACE] graph - <----- statementPart
2021-11-19T10:23:46,978|[TRACE] graph - -----> statementPart
2021-11-19T10:23:46,978|[TRACE] graph - -------> nonSkippedChar
2021-11-19T10:23:46,978|[TRACE] script - #out(`R`) [token]
2021-11-19T10:23:46,978|[TRACE] graph - <------- nonSkippedChar
2021-11-19T10:23:46,978|[TRACE] graph - <----- statementPart
2021-11-19T10:23:46,978|[TRACE] graph - -----> statementPart
2021-11-19T10:23:46,978|[TRACE] graph - -------> nonSkippedChar
2021-11-19T10:23:46,978|[TRACE] script - #out(`C`) [token]
2021-11-19T10:23:46,978|[TRACE] graph - <------- nonSkippedChar
2021-11-19T10:23:46,978|[TRACE] graph - <----- statementPart
2021-11-19T10:23:46,978|[TRACE] graph - -----> statementPart
2021-11-19T10:23:46,978|[TRACE] graph - -------> nonSkippedChar
2021-11-19T10:23:46,978|[TRACE] script - #out(`H`) [token]
2021-11-19T10:23:46,978|[TRACE] graph - <------- nonSkippedChar
2021-11-19T10:23:46,978|[TRACE] graph - <----- statementPart
2021-11-19T10:23:46,978|[TRACE] graph - -----> statementPart
2021-11-19T10:23:46,978|[TRACE] graph - -------> nonSkippedChar
2021-11-19T10:23:46,978|[TRACE] script - #out(`A`) [token]
2021-11-19T10:23:46,978|[TRACE] graph - <------- nonSkippedChar
2021-11-19T10:23:46,978|[TRACE] graph - <----- statementPart
2021-11-19T10:23:46,978|[TRACE] graph - -----> statementPart
2021-11-19T10:23:46,978|[TRACE] graph - -------> nonSkippedChar
2021-11-19T10:23:46,978|[TRACE] script - #out(`R`) [token]
2021-11-19T10:23:46,978|[TRACE] graph - <------- nonSkippedChar
2021-11-19T10:23:46,978|[TRACE] graph - <----- statementPart
2021-11-19T10:23:46,978|[TRACE] graph - -----> statementPart
2021-11-19T10:23:46,978|[TRACE] graph - -------> nonSkippedChar
2021-11-19T10:23:46,978|[TRACE] script - #out(`(`) [token]
2021-11-19T10:23:46,978|[TRACE] graph - <------- nonSkippedChar
2021-11-19T10:23:46,978|[TRACE] graph - <----- statementPart
2021-11-19T10:23:46,978|[TRACE] graph - -----> statementPart
2021-11-19T10:23:46,978|[TRACE] graph - -------> nonSkippedChar
2021-11-19T10:23:46,978|[TRACE] script - #out(`1`) [token]
2021-11-19T10:23:46,978|[TRACE] graph - <------- nonSkippedChar
2021-11-19T10:23:46,978|[TRACE] graph - <----- statementPart
2021-11-19T10:23:46,978|[TRACE] graph - -----> statementPart
2021-11-19T10:23:46,978|[TRACE] graph - -------> nonSkippedChar
2021-11-19T10:23:46,978|[TRACE] script - #out(`0`) [token]
2021-11-19T10:23:46,978|[TRACE] graph - <------- nonSkippedChar
2021-11-19T10:23:46,978|[TRACE] graph - <----- statementPart
2021-11-19T10:23:46,978|[TRACE] graph - -----> statementPart
2021-11-19T10:23:46,978|[TRACE] graph - -------> nonSkippedChar
2021-11-19T10:23:46,978|[TRACE] script - #out(`0`) [token]
2021-11-19T10:23:46,978|[TRACE] graph - <------- nonSkippedChar
2021-11-19T10:23:46,978|[TRACE] graph - <----- statementPart
2021-11-19T10:23:46,978|[TRACE] graph - -----> statementPart
2021-11-19T10:23:46,978|[TRACE] graph - -------> nonSkippedChar
2021-11-19T10:23:46,978|[TRACE] script - #out(`)`) [token]
2021-11-19T10:23:46,978|[TRACE] graph - <------- nonSkippedChar
2021-11-19T10:23:46,978|[TRACE] graph - <----- statementPart
2021-11-19T10:23:46,978|[TRACE] graph - -----> statementPart
2021-11-19T10:23:46,978|[TRACE] graph - -------> nonSkippedSpace
2021-11-19T10:23:46,978|[TRACE] script - #out(` `) [token]
2021-11-19T10:23:46,978|[TRACE] graph - <------- nonSkippedSpace
2021-11-19T10:23:46,978|[TRACE] graph - <----- statementPart
2021-11-19T10:23:46,978|[TRACE] graph - -----> statementPart
2021-11-19T10:23:46,978|[TRACE] graph - -------> nonSkippedChar
2021-11-19T10:23:46,978|[TRACE] script - #out(`N`) [token]
2021-11-19T10:23:46,978|[TRACE] graph - <------- nonSkippedChar
2021-11-19T10:23:46,978|[TRACE] graph - <----- statementPart
2021-11-19T10:23:46,978|[TRACE] graph - -----> statementPart
2021-11-19T10:23:46,978|[TRACE] graph - -------> nonSkippedChar
2021-11-19T10:23:46,978|[TRACE] script - #out(`O`) [token]
2021-11-19T10:23:46,978|[TRACE] graph - <------- nonSkippedChar
2021-11-19T10:23:46,978|[TRACE] graph - <----- statementPart
2021-11-19T10:23:46,978|[TRACE] graph - -----> statementPart
2021-11-19T10:23:46,978|[TRACE] graph - -------> nonSkippedChar
2021-11-19T10:23:46,978|[TRACE] script - #out(`T`) [token]
2021-11-19T10:23:46,978|[TRACE] graph - <------- nonSkippedChar
2021-11-19T10:23:46,978|[TRACE] graph - <----- statementPart
2021-11-19T10:23:46,978|[TRACE] graph - -----> statementPart
2021-11-19T10:23:46,978|[TRACE] graph - -------> nonSkippedSpace
2021-11-19T10:23:46,978|[TRACE] script - #out(` `) [token]
2021-11-19T10:23:46,978|[TRACE] graph - <------- nonSkippedSpace
2021-11-19T10:23:46,978|[TRACE] graph - <----- statementPart
2021-11-19T10:23:46,978|[TRACE] graph - -----> statementPart
2021-11-19T10:23:46,978|[TRACE] graph - -------> nonSkippedChar
2021-11-19T10:23:46,978|[TRACE] script - #out(`N`) [token]
2021-11-19T10:23:46,978|[TRACE] graph - <------- nonSkippedChar
2021-11-19T10:23:46,978|[TRACE] graph - <----- statementPart
2021-11-19T10:23:46,978|[TRACE] graph - -----> statementPart
2021-11-19T10:23:46,978|[TRACE] graph - -------> nonSkippedChar
2021-11-19T10:23:46,978|[TRACE] script - #out(`U`) [token]
2021-11-19T10:23:46,978|[TRACE] graph - <------- nonSkippedChar
2021-11-19T10:23:46,978|[TRACE] graph - <----- statementPart
2021-11-19T10:23:46,978|[TRACE] graph - -----> statementPart
2021-11-19T10:23:46,978|[TRACE] graph - -------> nonSkippedChar
2021-11-19T10:23:46,978|[TRACE] script - #out(`L`) [token]
2021-11-19T10:23:46,978|[TRACE] graph - <------- nonSkippedChar
2021-11-19T10:23:46,978|[TRACE] graph - <----- statementPart
2021-11-19T10:23:46,978|[TRACE] graph - -----> statementPart
2021-11-19T10:23:46,978|[TRACE] graph - -------> nonSkippedChar
2021-11-19T10:23:46,978|[TRACE] script - #out(`L`) [token]
2021-11-19T10:23:46,978|[TRACE] graph - <------- nonSkippedChar
2021-11-19T10:23:46,978|[TRACE] graph - <----- statementPart
2021-11-19T10:23:46,978|[TRACE] graph - -----> statementPart
2021-11-19T10:23:46,978|[TRACE] graph - -------> nonSkippedChar
2021-11-19T10:23:46,978|[TRACE] script - #out(`,`) [token]
2021-11-19T10:23:46,978|[TRACE] graph - <------- nonSkippedChar
2021-11-19T10:23:46,978|[TRACE] graph - <----- statementPart
2021-11-19T10:23:46,978|[TRACE] graph - -----> afterStatementPartNewline
2021-11-19T10:23:46,978|[TRACE] script - #out(` `) [text]
2021-11-19T10:23:46,978|[TRACE] graph - <----- afterStatementPartNewline
2021-11-19T10:23:47,030|[TRACE] graph - -----> statementPart
2021-11-19T10:23:47,030|[TRACE] graph - -------> nonSkippedSpace
2021-11-19T10:23:47,030|[TRACE] script - #out(` `) [token]
2021-11-19T10:23:47,030|[TRACE] graph - <------- nonSkippedSpace
2021-11-19T10:23:47,030|[TRACE] graph - <----- statementPart
2021-11-19T10:23:47,030|[TRACE] graph - -----> statementPart
2021-11-19T10:23:47,030|[TRACE] graph - -------> nonSkippedSpace
2021-11-19T10:23:47,030|[TRACE] script - #out(` `) [token]
2021-11-19T10:23:47,030|[TRACE] graph - <------- nonSkippedSpace
2021-11-19T10:23:47,030|[TRACE] graph - <----- statementPart
2021-11-19T10:23:47,030|[TRACE] graph - -----> statementPart
2021-11-19T10:23:47,030|[TRACE] graph - -------> quotedString
2021-11-19T10:23:47,030|[TRACE] script - #out(``province``) [token]
2021-11-19T10:23:47,030|[TRACE] graph - <------- quotedString
2021-11-19T10:23:47,030|[TRACE] graph - <----- statementPart
2021-11-19T10:23:47,030|[TRACE] graph - -----> statementPart
2021-11-19T10:23:47,030|[TRACE] graph - -------> nonSkippedSpace
2021-11-19T10:23:47,030|[TRACE] script - #out(` `) [token]
2021-11-19T10:23:47,030|[TRACE] graph - <------- nonSkippedSpace
2021-11-19T10:23:47,030|[TRACE] graph - <----- statementPart
2021-11-19T10:23:47,030|[TRACE] graph - -----> statementPart
2021-11-19T10:23:47,030|[TRACE] graph - -------> nonSkippedChar
2021-11-19T10:23:47,030|[TRACE] script - #out(`V`) [token]
2021-11-19T10:23:47,030|[TRACE] graph - <------- nonSkippedChar
2021-11-19T10:23:47,030|[TRACE] graph - <----- statementPart
2021-11-19T10:23:47,030|[TRACE] graph - -----> statementPart
2021-11-19T10:23:47,030|[TRACE] graph - -------> nonSkippedChar
2021-11-19T10:23:47,030|[TRACE] script - #out(`A`) [token]
2021-11-19T10:23:47,030|[TRACE] graph - <------- nonSkippedChar
2021-11-19T10:23:47,030|[TRACE] graph - <----- statementPart
2021-11-19T10:23:47,030|[TRACE] graph - -----> statementPart
2021-11-19T10:23:47,030|[TRACE] graph - -------> nonSkippedChar
2021-11-19T10:23:47,030|[TRACE] script - #out(`R`) [token]
2021-11-19T10:23:47,031|[TRACE] graph - <------- nonSkippedChar
2021-11-19T10:23:47,031|[TRACE] graph - <----- statementPart
2021-11-19T10:23:47,031|[TRACE] graph - -----> statementPart
2021-11-19T10:23:47,031|[TRACE] graph - -------> nonSkippedChar
2021-11-19T10:23:47,031|[TRACE] script - #out(`C`) [token]
2021-11-19T10:23:47,031|[TRACE] graph - <------- nonSkippedChar
2021-11-19T10:23:47,031|[TRACE] graph - <----- statementPart
2021-11-19T10:23:47,031|[TRACE] graph - -----> statementPart
2021-11-19T10:23:47,031|[TRACE] graph - -------> nonSkippedChar
2021-11-19T10:23:47,031|[TRACE] script - #out(`H`) [token]
2021-11-19T10:23:47,031|[TRACE] graph - <------- nonSkippedChar
2021-11-19T10:23:47,031|[TRACE] graph - <----- statementPart
2021-11-19T10:23:47,031|[TRACE] graph - -----> statementPart
2021-11-19T10:23:47,031|[TRACE] graph - -------> nonSkippedChar
2021-11-19T10:23:47,031|[TRACE] script - #out(`A`) [token]
2021-11-19T10:23:47,031|[TRACE] graph - <------- nonSkippedChar
2021-11-19T10:23:47,031|[TRACE] graph - <----- statementPart
2021-11-19T10:23:47,031|[TRACE] graph - -----> statementPart
2021-11-19T10:23:47,031|[TRACE] graph - -------> nonSkippedChar
2021-11-19T10:23:47,031|[TRACE] script - #out(`R`) [token]
2021-11-19T10:23:47,031|[TRACE] graph - <------- nonSkippedChar
2021-11-19T10:23:47,031|[TRACE] graph - <----- statementPart
2021-11-19T10:23:47,031|[TRACE] graph - -----> statementPart
2021-11-19T10:23:47,031|[TRACE] graph - -------> nonSkippedChar
2021-11-19T10:23:47,031|[TRACE] script - #out(`(`) [token]
2021-11-19T10:23:47,031|[TRACE] graph - <------- nonSkippedChar
2021-11-19T10:23:47,031|[TRACE] graph - <----- statementPart
2021-11-19T10:23:47,031|[TRACE] graph - -----> statementPart
2021-11-19T10:23:47,031|[TRACE] graph - -------> nonSkippedChar
2021-11-19T10:23:47,031|[TRACE] script - #out(`1`) [token]
2021-11-19T10:23:47,031|[TRACE] graph - <------- nonSkippedChar
2021-11-19T10:23:47,031|[TRACE] graph - <----- statementPart
2021-11-19T10:23:47,031|[TRACE] graph - -----> statementPart
2021-11-19T10:23:47,031|[TRACE] graph - -------> nonSkippedChar
2021-11-19T10:23:47,031|[TRACE] script - #out(`0`) [token]
2021-11-19T10:23:47,031|[TRACE] graph - <------- nonSkippedChar
2021-11-19T10:23:47,031|[TRACE] graph - <----- statementPart
2021-11-19T10:23:47,031|[TRACE] graph - -----> statementPart
2021-11-19T10:23:47,031|[TRACE] graph - -------> nonSkippedChar
2021-11-19T10:23:47,031|[TRACE] script - #out(`0`) [token]
2021-11-19T10:23:47,031|[TRACE] graph - <------- nonSkippedChar
2021-11-19T10:23:47,031|[TRACE] graph - <----- statementPart
2021-11-19T10:23:47,031|[TRACE] graph - -----> statementPart
2021-11-19T10:23:47,031|[TRACE] graph - -------> nonSkippedChar
2021-11-19T10:23:47,031|[TRACE] script - #out(`)`) [token]
2021-11-19T10:23:47,031|[TRACE] graph - <------- nonSkippedChar
2021-11-19T10:23:47,031|[TRACE] graph - <----- statementPart
2021-11-19T10:23:47,031|[TRACE] graph - -----> statementPart
2021-11-19T10:23:47,031|[TRACE] graph - -------> nonSkippedSpace
2021-11-19T10:23:47,031|[TRACE] script - #out(` `) [token]
2021-11-19T10:23:47,031|[TRACE] graph - <------- nonSkippedSpace
2021-11-19T10:23:47,031|[TRACE] graph - <----- statementPart
2021-11-19T10:23:47,031|[TRACE] graph - -----> statementPart
2021-11-19T10:23:47,031|[TRACE] graph - -------> nonSkippedChar
2021-11-19T10:23:47,031|[TRACE] script - #out(`N`) [token]
2021-11-19T10:23:47,031|[TRACE] graph - <------- nonSkippedChar
2021-11-19T10:23:47,031|[TRACE] graph - <----- statementPart
2021-11-19T10:23:47,031|[TRACE] graph - -----> statementPart
2021-11-19T10:23:47,031|[TRACE] graph - -------> nonSkippedChar
2021-11-19T10:23:47,031|[TRACE] script - #out(`O`) [token]
2021-11-19T10:23:47,031|[TRACE] graph - <------- nonSkippedChar
2021-11-19T10:23:47,031|[TRACE] graph - <----- statementPart
2021-11-19T10:23:47,031|[TRACE] graph - -----> statementPart
2021-11-19T10:23:47,031|[TRACE] graph - -------> nonSkippedChar
2021-11-19T10:23:47,031|[TRACE] script - #out(`T`) [token]
2021-11-19T10:23:47,031|[TRACE] graph - <------- nonSkippedChar
2021-11-19T10:23:47,031|[TRACE] graph - <----- statementPart
2021-11-19T10:23:47,031|[TRACE] graph - -----> statementPart
2021-11-19T10:23:47,031|[TRACE] graph - -------> nonSkippedSpace
2021-11-19T10:23:47,031|[TRACE] script - #out(` `) [token]
2021-11-19T10:23:47,031|[TRACE] graph - <------- nonSkippedSpace
2021-11-19T10:23:47,031|[TRACE] graph - <----- statementPart
2021-11-19T10:23:47,031|[TRACE] graph - -----> statementPart
2021-11-19T10:23:47,031|[TRACE] graph - -------> nonSkippedChar
2021-11-19T10:23:47,031|[TRACE] script - #out(`N`) [token]
2021-11-19T10:23:47,031|[TRACE] graph - <------- nonSkippedChar
2021-11-19T10:23:47,031|[TRACE] graph - <----- statementPart
2021-11-19T10:23:47,031|[TRACE] graph - -----> statementPart
2021-11-19T10:23:47,031|[TRACE] graph - -------> nonSkippedChar
2021-11-19T10:23:47,031|[TRACE] script - #out(`U`) [token]
2021-11-19T10:23:47,031|[TRACE] graph - <------- nonSkippedChar
2021-11-19T10:23:47,031|[TRACE] graph - <----- statementPart
2021-11-19T10:23:47,031|[TRACE] graph - -----> statementPart
2021-11-19T10:23:47,031|[TRACE] graph - -------> nonSkippedChar
2021-11-19T10:23:47,031|[TRACE] script - #out(`L`) [token]
2021-11-19T10:23:47,031|[TRACE] graph - <------- nonSkippedChar
2021-11-19T10:23:47,031|[TRACE] graph - <----- statementPart
2021-11-19T10:23:47,031|[TRACE] graph - -----> statementPart
2021-11-19T10:23:47,031|[TRACE] graph - -------> nonSkippedChar
2021-11-19T10:23:47,031|[TRACE] script - #out(`L`) [token]
2021-11-19T10:23:47,031|[TRACE] graph - <------- nonSkippedChar
2021-11-19T10:23:47,031|[TRACE] graph - <----- statementPart
2021-11-19T10:23:47,031|[TRACE] graph - -----> statementPart
2021-11-19T10:23:47,031|[TRACE] graph - -------> nonSkippedChar
2021-11-19T10:23:47,031|[TRACE] script - #out(`,`) [token]
2021-11-19T10:23:47,031|[TRACE] graph - <------- nonSkippedChar
2021-11-19T10:23:47,031|[TRACE] graph - <----- statementPart
2021-11-19T10:23:47,031|[TRACE] graph - -----> afterStatementPartNewline
2021-11-19T10:23:47,031|[TRACE] script - #out(` `) [text]
2021-11-19T10:23:47,031|[TRACE] graph - <----- afterStatementPartNewline
2021-11-19T10:23:47,031|[TRACE] graph - -----> statementPart
2021-11-19T10:23:47,031|[TRACE] graph - -------> nonSkippedSpace
2021-11-19T10:23:47,031|[TRACE] script - #out(` `) [token]
2021-11-19T10:23:47,031|[TRACE] graph - <------- nonSkippedSpace
2021-11-19T10:23:47,031|[TRACE] graph - <----- statementPart
2021-11-19T10:23:47,031|[TRACE] graph - -----> statementPart
2021-11-19T10:23:47,031|[TRACE] graph - -------> nonSkippedSpace
2021-11-19T10:23:47,031|[TRACE] script - #out(` `) [token]
2021-11-19T10:23:47,031|[TRACE] graph - <------- nonSkippedSpace
2021-11-19T10:23:47,031|[TRACE] graph - <----- statementPart
2021-11-19T10:23:47,031|[TRACE] graph - -----> statementPart
2021-11-19T10:23:47,031|[TRACE] graph - -------> quotedString
2021-11-19T10:23:47,031|[TRACE] script - #out(``country``) [token]
2021-11-19T10:23:47,031|[TRACE] graph - <------- quotedString
2021-11-19T10:23:47,031|[TRACE] graph - <----- statementPart
2021-11-19T10:23:47,031|[TRACE] graph - -----> statementPart
2021-11-19T10:23:47,031|[TRACE] graph - -------> nonSkippedSpace
2021-11-19T10:23:47,031|[TRACE] script - #out(` `) [token]
2021-11-19T10:23:47,031|[TRACE] graph - <------- nonSkippedSpace
2021-11-19T10:23:47,031|[TRACE] graph - <----- statementPart
2021-11-19T10:23:47,031|[TRACE] graph - -----> statementPart
2021-11-19T10:23:47,031|[TRACE] graph - -------> nonSkippedChar
2021-11-19T10:23:47,031|[TRACE] script - #out(`V`) [token]
2021-11-19T10:23:47,031|[TRACE] graph - <------- nonSkippedChar
2021-11-19T10:23:47,031|[TRACE] graph - <----- statementPart
2021-11-19T10:23:47,031|[TRACE] graph - -----> statementPart
2021-11-19T10:23:47,031|[TRACE] graph - -------> nonSkippedChar
2021-11-19T10:23:47,031|[TRACE] script - #out(`A`) [token]
2021-11-19T10:23:47,031|[TRACE] graph - <------- nonSkippedChar
2021-11-19T10:23:47,031|[TRACE] graph - <----- statementPart
2021-11-19T10:23:47,031|[TRACE] graph - -----> statementPart
2021-11-19T10:23:47,031|[TRACE] graph - -------> nonSkippedChar
2021-11-19T10:23:47,031|[TRACE] script - #out(`R`) [token]
2021-11-19T10:23:47,031|[TRACE] graph - <------- nonSkippedChar
2021-11-19T10:23:47,031|[TRACE] graph - <----- statementPart
2021-11-19T10:23:47,031|[TRACE] graph - -----> statementPart
2021-11-19T10:23:47,031|[TRACE] graph - -------> nonSkippedChar
2021-11-19T10:23:47,031|[TRACE] script - #out(`C`) [token]
2021-11-19T10:23:47,031|[TRACE] graph - <------- nonSkippedChar
2021-11-19T10:23:47,031|[TRACE] graph - <----- statementPart
2021-11-19T10:23:47,031|[TRACE] graph - -----> statementPart
2021-11-19T10:23:47,031|[TRACE] graph - -------> nonSkippedChar
2021-11-19T10:23:47,031|[TRACE] script - #out(`H`) [token]
2021-11-19T10:23:47,031|[TRACE] graph - <------- nonSkippedChar
2021-11-19T10:23:47,031|[TRACE] graph - <----- statementPart
2021-11-19T10:23:47,031|[TRACE] graph - -----> statementPart
2021-11-19T10:23:47,031|[TRACE] graph - -------> nonSkippedChar
2021-11-19T10:23:47,031|[TRACE] script - #out(`A`) [token]
2021-11-19T10:23:47,031|[TRACE] graph - <------- nonSkippedChar
2021-11-19T10:23:47,031|[TRACE] graph - <----- statementPart
2021-11-19T10:23:47,031|[TRACE] graph - -----> statementPart
2021-11-19T10:23:47,031|[TRACE] graph - -------> nonSkippedChar
2021-11-19T10:23:47,031|[TRACE] script - #out(`R`) [token]
2021-11-19T10:23:47,031|[TRACE] graph - <------- nonSkippedChar
2021-11-19T10:23:47,031|[TRACE] graph - <----- statementPart
2021-11-19T10:23:47,031|[TRACE] graph - -----> statementPart
2021-11-19T10:23:47,031|[TRACE] graph - -------> nonSkippedChar
2021-11-19T10:23:47,031|[TRACE] script - #out(`(`) [token]
2021-11-19T10:23:47,031|[TRACE] graph - <------- nonSkippedChar
2021-11-19T10:23:47,031|[TRACE] graph - <----- statementPart
2021-11-19T10:23:47,031|[TRACE] graph - -----> statementPart
2021-11-19T10:23:47,031|[TRACE] graph - -------> nonSkippedChar
2021-11-19T10:23:47,031|[TRACE] script - #out(`1`) [token]
2021-11-19T10:23:47,031|[TRACE] graph - <------- nonSkippedChar
2021-11-19T10:23:47,031|[TRACE] graph - <----- statementPart
2021-11-19T10:23:47,031|[TRACE] graph - -----> statementPart
2021-11-19T10:23:47,031|[TRACE] graph - -------> nonSkippedChar
2021-11-19T10:23:47,031|[TRACE] script - #out(`0`) [token]
2021-11-19T10:23:47,031|[TRACE] graph - <------- nonSkippedChar
2021-11-19T10:23:47,031|[TRACE] graph - <----- statementPart
2021-11-19T10:23:47,031|[TRACE] graph - -----> statementPart
2021-11-19T10:23:47,031|[TRACE] graph - -------> nonSkippedChar
2021-11-19T10:23:47,031|[TRACE] script - #out(`0`) [token]
2021-11-19T10:23:47,031|[TRACE] graph - <------- nonSkippedChar
2021-11-19T10:23:47,031|[TRACE] graph - <----- statementPart
2021-11-19T10:23:47,031|[TRACE] graph - -----> statementPart
2021-11-19T10:23:47,031|[TRACE] graph - -------> nonSkippedChar
2021-11-19T10:23:47,031|[TRACE] script - #out(`)`) [token]
2021-11-19T10:23:47,031|[TRACE] graph - <------- nonSkippedChar
2021-11-19T10:23:47,031|[TRACE] graph - <----- statementPart
2021-11-19T10:23:47,031|[TRACE] graph - -----> statementPart
2021-11-19T10:23:47,031|[TRACE] graph - -------> nonSkippedSpace
2021-11-19T10:23:47,031|[TRACE] script - #out(` `) [token]
2021-11-19T10:23:47,031|[TRACE] graph - <------- nonSkippedSpace
2021-11-19T10:23:47,031|[TRACE] graph - <----- statementPart
2021-11-19T10:23:47,031|[TRACE] graph - -----> statementPart
2021-11-19T10:23:47,031|[TRACE] graph - -------> nonSkippedChar
2021-11-19T10:23:47,031|[TRACE] script - #out(`N`) [token]
2021-11-19T10:23:47,031|[TRACE] graph - <------- nonSkippedChar
2021-11-19T10:23:47,031|[TRACE] graph - <----- statementPart
2021-11-19T10:23:47,031|[TRACE] graph - -----> statementPart
2021-11-19T10:23:47,031|[TRACE] graph - -------> nonSkippedChar
2021-11-19T10:23:47,031|[TRACE] script - #out(`O`) [token]
2021-11-19T10:23:47,031|[TRACE] graph - <------- nonSkippedChar
2021-11-19T10:23:47,031|[TRACE] graph - <----- statementPart
2021-11-19T10:23:47,031|[TRACE] graph - -----> statementPart
2021-11-19T10:23:47,031|[TRACE] graph - -------> nonSkippedChar
2021-11-19T10:23:47,031|[TRACE] script - #out(`T`) [token]
2021-11-19T10:23:47,031|[TRACE] graph - <------- nonSkippedChar
2021-11-19T10:23:47,031|[TRACE] graph - <----- statementPart
2021-11-19T10:23:47,031|[TRACE] graph - -----> statementPart
2021-11-19T10:23:47,031|[TRACE] graph - -------> nonSkippedSpace
2021-11-19T10:23:47,031|[TRACE] script - #out(` `) [token]
2021-11-19T10:23:47,031|[TRACE] graph - <------- nonSkippedSpace
2021-11-19T10:23:47,031|[TRACE] graph - <----- statementPart
2021-11-19T10:23:47,031|[TRACE] graph - -----> statementPart
2021-11-19T10:23:47,031|[TRACE] graph - -------> nonSkippedChar
2021-11-19T10:23:47,031|[TRACE] script - #out(`N`) [token]
2021-11-19T10:23:47,031|[TRACE] graph - <------- nonSkippedChar
2021-11-19T10:23:47,031|[TRACE] graph - <----- statementPart
2021-11-19T10:23:47,031|[TRACE] graph - -----> statementPart
2021-11-19T10:23:47,031|[TRACE] graph - -------> nonSkippedChar
2021-11-19T10:23:47,031|[TRACE] script - #out(`U`) [token]
2021-11-19T10:23:47,031|[TRACE] graph - <------- nonSkippedChar
2021-11-19T10:23:47,031|[TRACE] graph - <----- statementPart
2021-11-19T10:23:47,031|[TRACE] graph - -----> statementPart
2021-11-19T10:23:47,032|[TRACE] graph - -------> nonSkippedChar
2021-11-19T10:23:47,032|[TRACE] script - #out(`L`) [token]
2021-11-19T10:23:47,032|[TRACE] graph - <------- nonSkippedChar
2021-11-19T10:23:47,032|[TRACE] graph - <----- statementPart
2021-11-19T10:23:47,032|[TRACE] graph - -----> statementPart
2021-11-19T10:23:47,032|[TRACE] graph - -------> nonSkippedChar
2021-11-19T10:23:47,032|[TRACE] script - #out(`L`) [token]
2021-11-19T10:23:47,032|[TRACE] graph - <------- nonSkippedChar
2021-11-19T10:23:47,032|[TRACE] graph - <----- statementPart
2021-11-19T10:23:47,032|[TRACE] graph - -----> statementPart
2021-11-19T10:23:47,032|[TRACE] graph - -------> nonSkippedChar
2021-11-19T10:23:47,032|[TRACE] script - #out(`,`) [token]
2021-11-19T10:23:47,032|[TRACE] graph - <------- nonSkippedChar
2021-11-19T10:23:47,032|[TRACE] graph - <----- statementPart
2021-11-19T10:23:47,032|[TRACE] graph - -----> afterStatementPartNewline
2021-11-19T10:23:47,032|[TRACE] script - #out(` `) [text]
2021-11-19T10:23:47,032|[TRACE] graph - <----- afterStatementPartNewline
2021-11-19T10:23:47,032|[TRACE] graph - -----> statementPart
2021-11-19T10:23:47,032|[TRACE] graph - -------> nonSkippedSpace
2021-11-19T10:23:47,032|[TRACE] script - #out(` `) [token]
2021-11-19T10:23:47,032|[TRACE] graph - <------- nonSkippedSpace
2021-11-19T10:23:47,032|[TRACE] graph - <----- statementPart
2021-11-19T10:23:47,032|[TRACE] graph - -----> statementPart
2021-11-19T10:23:47,032|[TRACE] graph - -------> nonSkippedSpace
2021-11-19T10:23:47,032|[TRACE] script - #out(` `) [token]
2021-11-19T10:23:47,032|[TRACE] graph - <------- nonSkippedSpace
2021-11-19T10:23:47,032|[TRACE] graph - <----- statementPart
2021-11-19T10:23:47,032|[TRACE] graph - -----> statementPart
2021-11-19T10:23:47,032|[TRACE] graph - -------> quotedString
2021-11-19T10:23:47,032|[TRACE] script - #out(``zipcode``) [token]
2021-11-19T10:23:47,032|[TRACE] graph - <------- quotedString
2021-11-19T10:23:47,032|[TRACE] graph - <----- statementPart
2021-11-19T10:23:47,032|[TRACE] graph - -----> statementPart
2021-11-19T10:23:47,032|[TRACE] graph - -------> nonSkippedSpace
2021-11-19T10:23:47,032|[TRACE] script - #out(` `) [token]
2021-11-19T10:23:47,032|[TRACE] graph - <------- nonSkippedSpace
2021-11-19T10:23:47,032|[TRACE] graph - <----- statementPart
2021-11-19T10:23:47,032|[TRACE] graph - -----> statementPart
2021-11-19T10:23:47,032|[TRACE] graph - -------> nonSkippedChar
2021-11-19T10:23:47,032|[TRACE] script - #out(`V`) [token]
2021-11-19T10:23:47,032|[TRACE] graph - <------- nonSkippedChar
2021-11-19T10:23:47,032|[TRACE] graph - <----- statementPart
2021-11-19T10:23:47,032|[TRACE] graph - -----> statementPart
2021-11-19T10:23:47,032|[TRACE] graph - -------> nonSkippedChar
2021-11-19T10:23:47,032|[TRACE] script - #out(`A`) [token]
2021-11-19T10:23:47,032|[TRACE] graph - <------- nonSkippedChar
2021-11-19T10:23:47,032|[TRACE] graph - <----- statementPart
2021-11-19T10:23:47,032|[TRACE] graph - -----> statementPart
2021-11-19T10:23:47,032|[TRACE] graph - -------> nonSkippedChar
2021-11-19T10:23:47,032|[TRACE] script - #out(`R`) [token]
2021-11-19T10:23:47,032|[TRACE] graph - <------- nonSkippedChar
2021-11-19T10:23:47,032|[TRACE] graph - <----- statementPart
2021-11-19T10:23:47,032|[TRACE] graph - -----> statementPart
2021-11-19T10:23:47,032|[TRACE] graph - -------> nonSkippedChar
2021-11-19T10:23:47,032|[TRACE] script - #out(`C`) [token]
2021-11-19T10:23:47,032|[TRACE] graph - <------- nonSkippedChar
2021-11-19T10:23:47,032|[TRACE] graph - <----- statementPart
2021-11-19T10:23:47,032|[TRACE] graph - -----> statementPart
2021-11-19T10:23:47,032|[TRACE] graph - -------> nonSkippedChar
2021-11-19T10:23:47,032|[TRACE] script - #out(`H`) [token]
2021-11-19T10:23:47,032|[TRACE] graph - <------- nonSkippedChar
2021-11-19T10:23:47,032|[TRACE] graph - <----- statementPart
2021-11-19T10:23:47,032|[TRACE] graph - -----> statementPart
2021-11-19T10:23:47,032|[TRACE] graph - -------> nonSkippedChar
2021-11-19T10:23:47,032|[TRACE] script - #out(`A`) [token]
2021-11-19T10:23:47,032|[TRACE] graph - <------- nonSkippedChar
2021-11-19T10:23:47,032|[TRACE] graph - <----- statementPart
2021-11-19T10:23:47,032|[TRACE] graph - -----> statementPart
2021-11-19T10:23:47,032|[TRACE] graph - -------> nonSkippedChar
2021-11-19T10:23:47,032|[TRACE] script - #out(`R`) [token]
2021-11-19T10:23:47,032|[TRACE] graph - <------- nonSkippedChar
2021-11-19T10:23:47,032|[TRACE] graph - <----- statementPart
2021-11-19T10:23:47,032|[TRACE] graph - -----> statementPart
2021-11-19T10:23:47,032|[TRACE] graph - -------> nonSkippedChar
2021-11-19T10:23:47,032|[TRACE] script - #out(`(`) [token]
2021-11-19T10:23:47,032|[TRACE] graph - <------- nonSkippedChar
2021-11-19T10:23:47,032|[TRACE] graph - <----- statementPart
2021-11-19T10:23:47,032|[TRACE] graph - -----> statementPart
2021-11-19T10:23:47,032|[TRACE] graph - -------> nonSkippedChar
2021-11-19T10:23:47,032|[TRACE] script - #out(`1`) [token]
2021-11-19T10:23:47,032|[TRACE] graph - <------- nonSkippedChar
2021-11-19T10:23:47,032|[TRACE] graph - <----- statementPart
2021-11-19T10:23:47,032|[TRACE] graph - -----> statementPart
2021-11-19T10:23:47,032|[TRACE] graph - -------> nonSkippedChar
2021-11-19T10:23:47,032|[TRACE] script - #out(`0`) [token]
2021-11-19T10:23:47,032|[TRACE] graph - <------- nonSkippedChar
2021-11-19T10:23:47,032|[TRACE] graph - <----- statementPart
2021-11-19T10:23:47,032|[TRACE] graph - -----> statementPart
2021-11-19T10:23:47,032|[TRACE] graph - -------> nonSkippedChar
2021-11-19T10:23:47,032|[TRACE] script - #out(`0`) [token]
2021-11-19T10:23:47,032|[TRACE] graph - <------- nonSkippedChar
2021-11-19T10:23:47,032|[TRACE] graph - <----- statementPart
2021-11-19T10:23:47,032|[TRACE] graph - -----> statementPart
2021-11-19T10:23:47,032|[TRACE] graph - -------> nonSkippedChar
2021-11-19T10:23:47,032|[TRACE] script - #out(`)`) [token]
2021-11-19T10:23:47,032|[TRACE] graph - <------- nonSkippedChar
2021-11-19T10:23:47,032|[TRACE] graph - <----- statementPart
2021-11-19T10:23:47,032|[TRACE] graph - -----> statementPart
2021-11-19T10:23:47,032|[TRACE] graph - -------> nonSkippedSpace
2021-11-19T10:23:47,032|[TRACE] script - #out(` `) [token]
2021-11-19T10:23:47,032|[TRACE] graph - <------- nonSkippedSpace
2021-11-19T10:23:47,032|[TRACE] graph - <----- statementPart
2021-11-19T10:23:47,032|[TRACE] graph - -----> statementPart
2021-11-19T10:23:47,032|[TRACE] graph - -------> nonSkippedChar
2021-11-19T10:23:47,032|[TRACE] script - #out(`N`) [token]
2021-11-19T10:23:47,032|[TRACE] graph - <------- nonSkippedChar
2021-11-19T10:23:47,032|[TRACE] graph - <----- statementPart
2021-11-19T10:23:47,032|[TRACE] graph - -----> statementPart
2021-11-19T10:23:47,032|[TRACE] graph - -------> nonSkippedChar
2021-11-19T10:23:47,032|[TRACE] script - #out(`O`) [token]
2021-11-19T10:23:47,032|[TRACE] graph - <------- nonSkippedChar
2021-11-19T10:23:47,032|[TRACE] graph - <----- statementPart
2021-11-19T10:23:47,032|[TRACE] graph - -----> statementPart
2021-11-19T10:23:47,032|[TRACE] graph - -------> nonSkippedChar
2021-11-19T10:23:47,032|[TRACE] script - #out(`T`) [token]
2021-11-19T10:23:47,032|[TRACE] graph - <------- nonSkippedChar
2021-11-19T10:23:47,032|[TRACE] graph - <----- statementPart
2021-11-19T10:23:47,032|[TRACE] graph - -----> statementPart
2021-11-19T10:23:47,032|[TRACE] graph - -------> nonSkippedSpace
2021-11-19T10:23:47,032|[TRACE] script - #out(` `) [token]
2021-11-19T10:23:47,032|[TRACE] graph - <------- nonSkippedSpace
2021-11-19T10:23:47,032|[TRACE] graph - <----- statementPart
2021-11-19T10:23:47,032|[TRACE] graph - -----> statementPart
2021-11-19T10:23:47,032|[TRACE] graph - -------> nonSkippedChar
2021-11-19T10:23:47,032|[TRACE] script - #out(`N`) [token]
2021-11-19T10:23:47,032|[TRACE] graph - <------- nonSkippedChar
2021-11-19T10:23:47,032|[TRACE] graph - <----- statementPart
2021-11-19T10:23:47,032|[TRACE] graph - -----> statementPart
2021-11-19T10:23:47,032|[TRACE] graph - -------> nonSkippedChar
2021-11-19T10:23:47,032|[TRACE] script - #out(`U`) [token]
2021-11-19T10:23:47,032|[TRACE] graph - <------- nonSkippedChar
2021-11-19T10:23:47,032|[TRACE] graph - <----- statementPart
2021-11-19T10:23:47,032|[TRACE] graph - -----> statementPart
2021-11-19T10:23:47,032|[TRACE] graph - -------> nonSkippedChar
2021-11-19T10:23:47,032|[TRACE] script - #out(`L`) [token]
2021-11-19T10:23:47,032|[TRACE] graph - <------- nonSkippedChar
2021-11-19T10:23:47,032|[TRACE] graph - <----- statementPart
2021-11-19T10:23:47,032|[TRACE] graph - -----> statementPart
2021-11-19T10:23:47,032|[TRACE] graph - -------> nonSkippedChar
2021-11-19T10:23:47,032|[TRACE] script - #out(`L`) [token]
2021-11-19T10:23:47,032|[TRACE] graph - <------- nonSkippedChar
2021-11-19T10:23:47,032|[TRACE] graph - <----- statementPart
2021-11-19T10:23:47,032|[TRACE] graph - -----> statementPart
2021-11-19T10:23:47,032|[TRACE] graph - -------> nonSkippedChar
2021-11-19T10:23:47,032|[TRACE] script - #out(`,`) [token]
2021-11-19T10:23:47,032|[TRACE] graph - <------- nonSkippedChar
2021-11-19T10:23:47,032|[TRACE] graph - <----- statementPart
2021-11-19T10:23:47,032|[TRACE] graph - -----> afterStatementPartNewline
2021-11-19T10:23:47,032|[TRACE] script - #out(` `) [text]
2021-11-19T10:23:47,032|[TRACE] graph - <----- afterStatementPartNewline
2021-11-19T10:23:47,032|[TRACE] graph - -----> statementPart
2021-11-19T10:23:47,032|[TRACE] graph - -------> nonSkippedSpace
2021-11-19T10:23:47,032|[TRACE] script - #out(` `) [token]
2021-11-19T10:23:47,032|[TRACE] graph - <------- nonSkippedSpace
2021-11-19T10:23:47,032|[TRACE] graph - <----- statementPart
2021-11-19T10:23:47,032|[TRACE] graph - -----> statementPart
2021-11-19T10:23:47,032|[TRACE] graph - -------> nonSkippedSpace
2021-11-19T10:23:47,032|[TRACE] script - #out(` `) [token]
2021-11-19T10:23:47,032|[TRACE] graph - <------- nonSkippedSpace
2021-11-19T10:23:47,032|[TRACE] graph - <----- statementPart
2021-11-19T10:23:47,032|[TRACE] graph - -----> statementPart
2021-11-19T10:23:47,032|[TRACE] graph - -------> quotedString
2021-11-19T10:23:47,032|[TRACE] script - #out(``created``) [token]
2021-11-19T10:23:47,032|[TRACE] graph - <------- quotedString
2021-11-19T10:23:47,032|[TRACE] graph - <----- statementPart
2021-11-19T10:23:47,032|[TRACE] graph - -----> statementPart
2021-11-19T10:23:47,032|[TRACE] graph - -------> nonSkippedSpace
2021-11-19T10:23:47,032|[TRACE] script - #out(` `) [token]
2021-11-19T10:23:47,032|[TRACE] graph - <------- nonSkippedSpace
2021-11-19T10:23:47,032|[TRACE] graph - <----- statementPart
2021-11-19T10:23:47,032|[TRACE] graph - -----> statementPart
2021-11-19T10:23:47,032|[TRACE] graph - -------> nonSkippedChar
2021-11-19T10:23:47,032|[TRACE] script - #out(`B`) [token]
2021-11-19T10:23:47,032|[TRACE] graph - <------- nonSkippedChar
2021-11-19T10:23:47,032|[TRACE] graph - <----- statementPart
2021-11-19T10:23:47,032|[TRACE] graph - -----> statementPart
2021-11-19T10:23:47,032|[TRACE] graph - -------> nonSkippedChar
2021-11-19T10:23:47,032|[TRACE] script - #out(`I`) [token]
2021-11-19T10:23:47,032|[TRACE] graph - <------- nonSkippedChar
2021-11-19T10:23:47,032|[TRACE] graph - <----- statementPart
2021-11-19T10:23:47,032|[TRACE] graph - -----> statementPart
2021-11-19T10:23:47,032|[TRACE] graph - -------> nonSkippedChar
2021-11-19T10:23:47,032|[TRACE] script - #out(`G`) [token]
2021-11-19T10:23:47,032|[TRACE] graph - <------- nonSkippedChar
2021-11-19T10:23:47,032|[TRACE] graph - <----- statementPart
2021-11-19T10:23:47,032|[TRACE] graph - -----> statementPart
2021-11-19T10:23:47,032|[TRACE] graph - -------> nonSkippedChar
2021-11-19T10:23:47,032|[TRACE] script - #out(`I`) [token]
2021-11-19T10:23:47,032|[TRACE] graph - <------- nonSkippedChar
2021-11-19T10:23:47,032|[TRACE] graph - <----- statementPart
2021-11-19T10:23:47,032|[TRACE] graph - -----> statementPart
2021-11-19T10:23:47,032|[TRACE] graph - -------> nonSkippedChar
2021-11-19T10:23:47,032|[TRACE] script - #out(`N`) [token]
2021-11-19T10:23:47,032|[TRACE] graph - <------- nonSkippedChar
2021-11-19T10:23:47,032|[TRACE] graph - <----- statementPart
2021-11-19T10:23:47,032|[TRACE] graph - -----> statementPart
2021-11-19T10:23:47,032|[TRACE] graph - -------> nonSkippedChar
2021-11-19T10:23:47,032|[TRACE] script - #out(`T`) [token]
2021-11-19T10:23:47,032|[TRACE] graph - <------- nonSkippedChar
2021-11-19T10:23:47,032|[TRACE] graph - <----- statementPart
2021-11-19T10:23:47,032|[TRACE] graph - -----> statementPart
2021-11-19T10:23:47,032|[TRACE] graph - -------> nonSkippedSpace
2021-11-19T10:23:47,032|[TRACE] script - #out(` `) [token]
2021-11-19T10:23:47,032|[TRACE] graph - <------- nonSkippedSpace
2021-11-19T10:23:47,032|[TRACE] graph - <----- statementPart
2021-11-19T10:23:47,032|[TRACE] graph - -----> statementPart
2021-11-19T10:23:47,032|[TRACE] graph - -------> nonSkippedChar
2021-11-19T10:23:47,032|[TRACE] script - #out(`N`) [token]
2021-11-19T10:23:47,032|[TRACE] graph - <------- nonSkippedChar
2021-11-19T10:23:47,032|[TRACE] graph - <----- statementPart
2021-11-19T10:23:47,032|[TRACE] graph - -----> statementPart
2021-11-19T10:23:47,032|[TRACE] graph - -------> nonSkippedChar
2021-11-19T10:23:47,032|[TRACE] script - #out(`O`) [token]
2021-11-19T10:23:47,032|[TRACE] graph - <------- nonSkippedChar
2021-11-19T10:23:47,032|[TRACE] graph - <----- statementPart
2021-11-19T10:23:47,097|[TRACE] graph - -----> statementPart
2021-11-19T10:23:47,097|[TRACE] graph - -------> nonSkippedChar
2021-11-19T10:23:47,097|[TRACE] script - #out(`T`) [token]
2021-11-19T10:23:47,097|[TRACE] graph - <------- nonSkippedChar
2021-11-19T10:23:47,097|[TRACE] graph - <----- statementPart
2021-11-19T10:23:47,097|[TRACE] graph - -----> statementPart
2021-11-19T10:23:47,097|[TRACE] graph - -------> nonSkippedSpace
2021-11-19T10:23:47,097|[TRACE] script - #out(` `) [token]
2021-11-19T10:23:47,097|[TRACE] graph - <------- nonSkippedSpace
2021-11-19T10:23:47,097|[TRACE] graph - <----- statementPart
2021-11-19T10:23:47,097|[TRACE] graph - -----> statementPart
2021-11-19T10:23:47,097|[TRACE] graph - -------> nonSkippedChar
2021-11-19T10:23:47,097|[TRACE] script - #out(`N`) [token]
2021-11-19T10:23:47,097|[TRACE] graph - <------- nonSkippedChar
2021-11-19T10:23:47,097|[TRACE] graph - <----- statementPart
2021-11-19T10:23:47,097|[TRACE] graph - -----> statementPart
2021-11-19T10:23:47,097|[TRACE] graph - -------> nonSkippedChar
2021-11-19T10:23:47,097|[TRACE] script - #out(`U`) [token]
2021-11-19T10:23:47,097|[TRACE] graph - <------- nonSkippedChar
2021-11-19T10:23:47,097|[TRACE] graph - <----- statementPart
2021-11-19T10:23:47,097|[TRACE] graph - -----> statementPart
2021-11-19T10:23:47,097|[TRACE] graph - -------> nonSkippedChar
2021-11-19T10:23:47,097|[TRACE] script - #out(`L`) [token]
2021-11-19T10:23:47,097|[TRACE] graph - <------- nonSkippedChar
2021-11-19T10:23:47,097|[TRACE] graph - <----- statementPart
2021-11-19T10:23:47,097|[TRACE] graph - -----> statementPart
2021-11-19T10:23:47,097|[TRACE] graph - -------> nonSkippedChar
2021-11-19T10:23:47,097|[TRACE] script - #out(`L`) [token]
2021-11-19T10:23:47,097|[TRACE] graph - <------- nonSkippedChar
2021-11-19T10:23:47,097|[TRACE] graph - <----- statementPart
2021-11-19T10:23:47,097|[TRACE] graph - -----> statementPart
2021-11-19T10:23:47,097|[TRACE] graph - -------> nonSkippedSpace
2021-11-19T10:23:47,097|[TRACE] script - #out(` `) [token]
2021-11-19T10:23:47,097|[TRACE] graph - <------- nonSkippedSpace
2021-11-19T10:23:47,097|[TRACE] graph - <----- statementPart
2021-11-19T10:23:47,097|[TRACE] graph - -----> statementPart
2021-11-19T10:23:47,097|[TRACE] graph - -------> nonSkippedChar
2021-11-19T10:23:47,097|[TRACE] script - #out(`D`) [token]
2021-11-19T10:23:47,097|[TRACE] graph - <------- nonSkippedChar
2021-11-19T10:23:47,097|[TRACE] graph - <----- statementPart
2021-11-19T10:23:47,097|[TRACE] graph - -----> statementPart
2021-11-19T10:23:47,097|[TRACE] graph - -------> nonSkippedChar
2021-11-19T10:23:47,097|[TRACE] script - #out(`E`) [token]
2021-11-19T10:23:47,097|[TRACE] graph - <------- nonSkippedChar
2021-11-19T10:23:47,097|[TRACE] graph - <----- statementPart
2021-11-19T10:23:47,097|[TRACE] graph - -----> statementPart
2021-11-19T10:23:47,097|[TRACE] graph - -------> nonSkippedChar
2021-11-19T10:23:47,097|[TRACE] script - #out(`F`) [token]
2021-11-19T10:23:47,097|[TRACE] graph - <------- nonSkippedChar
2021-11-19T10:23:47,097|[TRACE] graph - <----- statementPart
2021-11-19T10:23:47,097|[TRACE] graph - -----> statementPart
2021-11-19T10:23:47,097|[TRACE] graph - -------> nonSkippedChar
2021-11-19T10:23:47,097|[TRACE] script - #out(`A`) [token]
2021-11-19T10:23:47,097|[TRACE] graph - <------- nonSkippedChar
2021-11-19T10:23:47,097|[TRACE] graph - <----- statementPart
2021-11-19T10:23:47,097|[TRACE] graph - -----> statementPart
2021-11-19T10:23:47,097|[TRACE] graph - -------> nonSkippedChar
2021-11-19T10:23:47,097|[TRACE] script - #out(`U`) [token]
2021-11-19T10:23:47,097|[TRACE] graph - <------- nonSkippedChar
2021-11-19T10:23:47,097|[TRACE] graph - <----- statementPart
2021-11-19T10:23:47,097|[TRACE] graph - -----> statementPart
2021-11-19T10:23:47,097|[TRACE] graph - -------> nonSkippedChar
2021-11-19T10:23:47,097|[TRACE] script - #out(`L`) [token]
2021-11-19T10:23:47,097|[TRACE] graph - <------- nonSkippedChar
2021-11-19T10:23:47,097|[TRACE] graph - <----- statementPart
2021-11-19T10:23:47,097|[TRACE] graph - -----> statementPart
2021-11-19T10:23:47,097|[TRACE] graph - -------> nonSkippedChar
2021-11-19T10:23:47,097|[TRACE] script - #out(`T`) [token]
2021-11-19T10:23:47,097|[TRACE] graph - <------- nonSkippedChar
2021-11-19T10:23:47,097|[TRACE] graph - <----- statementPart
2021-11-19T10:23:47,097|[TRACE] graph - -----> statementPart
2021-11-19T10:23:47,097|[TRACE] graph - -------> nonSkippedSpace
2021-11-19T10:23:47,097|[TRACE] script - #out(` `) [token]
2021-11-19T10:23:47,097|[TRACE] graph - <------- nonSkippedSpace
2021-11-19T10:23:47,097|[TRACE] graph - <----- statementPart
2021-11-19T10:23:47,097|[TRACE] graph - -----> statementPart
2021-11-19T10:23:47,097|[TRACE] graph - -------> nonSkippedChar
2021-11-19T10:23:47,097|[TRACE] script - #out(`(`) [token]
2021-11-19T10:23:47,097|[TRACE] graph - <------- nonSkippedChar
2021-11-19T10:23:47,097|[TRACE] graph - <----- statementPart
2021-11-19T10:23:47,097|[TRACE] graph - -----> statementPart
2021-11-19T10:23:47,097|[TRACE] graph - -------> nonSkippedChar
2021-11-19T10:23:47,097|[TRACE] script - #out(`u`) [token]
2021-11-19T10:23:47,097|[TRACE] graph - <------- nonSkippedChar
2021-11-19T10:23:47,097|[TRACE] graph - <----- statementPart
2021-11-19T10:23:47,097|[TRACE] graph - -----> statementPart
2021-11-19T10:23:47,097|[TRACE] graph - -------> nonSkippedChar
2021-11-19T10:23:47,097|[TRACE] script - #out(`n`) [token]
2021-11-19T10:23:47,097|[TRACE] graph - <------- nonSkippedChar
2021-11-19T10:23:47,097|[TRACE] graph - <----- statementPart
2021-11-19T10:23:47,097|[TRACE] graph - -----> statementPart
2021-11-19T10:23:47,097|[TRACE] graph - -------> nonSkippedChar
2021-11-19T10:23:47,097|[TRACE] script - #out(`i`) [token]
2021-11-19T10:23:47,097|[TRACE] graph - <------- nonSkippedChar
2021-11-19T10:23:47,097|[TRACE] graph - <----- statementPart
2021-11-19T10:23:47,097|[TRACE] graph - -----> statementPart
2021-11-19T10:23:47,097|[TRACE] graph - -------> nonSkippedChar
2021-11-19T10:23:47,097|[TRACE] script - #out(`x`) [token]
2021-11-19T10:23:47,097|[TRACE] graph - <------- nonSkippedChar
2021-11-19T10:23:47,097|[TRACE] graph - <----- statementPart
2021-11-19T10:23:47,097|[TRACE] graph - -----> statementPart
2021-11-19T10:23:47,097|[TRACE] graph - -------> nonSkippedChar
2021-11-19T10:23:47,097|[TRACE] script - #out(`_`) [token]
2021-11-19T10:23:47,097|[TRACE] graph - <------- nonSkippedChar
2021-11-19T10:23:47,097|[TRACE] graph - <----- statementPart
2021-11-19T10:23:47,097|[TRACE] graph - -----> statementPart
2021-11-19T10:23:47,097|[TRACE] graph - -------> nonSkippedChar
2021-11-19T10:23:47,097|[TRACE] script - #out(`t`) [token]
2021-11-19T10:23:47,097|[TRACE] graph - <------- nonSkippedChar
2021-11-19T10:23:47,097|[TRACE] graph - <----- statementPart
2021-11-19T10:23:47,097|[TRACE] graph - -----> statementPart
2021-11-19T10:23:47,097|[TRACE] graph - -------> nonSkippedChar
2021-11-19T10:23:47,097|[TRACE] script - #out(`i`) [token]
2021-11-19T10:23:47,097|[TRACE] graph - <------- nonSkippedChar
2021-11-19T10:23:47,097|[TRACE] graph - <----- statementPart
2021-11-19T10:23:47,097|[TRACE] graph - -----> statementPart
2021-11-19T10:23:47,097|[TRACE] graph - -------> nonSkippedChar
2021-11-19T10:23:47,097|[TRACE] script - #out(`m`) [token]
2021-11-19T10:23:47,097|[TRACE] graph - <------- nonSkippedChar
2021-11-19T10:23:47,097|[TRACE] graph - <----- statementPart
2021-11-19T10:23:47,097|[TRACE] graph - -----> statementPart
2021-11-19T10:23:47,097|[TRACE] graph - -------> nonSkippedChar
2021-11-19T10:23:47,097|[TRACE] script - #out(`e`) [token]
2021-11-19T10:23:47,097|[TRACE] graph - <------- nonSkippedChar
2021-11-19T10:23:47,097|[TRACE] graph - <----- statementPart
2021-11-19T10:23:47,097|[TRACE] graph - -----> statementPart
2021-11-19T10:23:47,097|[TRACE] graph - -------> nonSkippedChar
2021-11-19T10:23:47,097|[TRACE] script - #out(`s`) [token]
2021-11-19T10:23:47,097|[TRACE] graph - <------- nonSkippedChar
2021-11-19T10:23:47,097|[TRACE] graph - <----- statementPart
2021-11-19T10:23:47,097|[TRACE] graph - -----> statementPart
2021-11-19T10:23:47,097|[TRACE] graph - -------> nonSkippedChar
2021-11-19T10:23:47,097|[TRACE] script - #out(`t`) [token]
2021-11-19T10:23:47,097|[TRACE] graph - <------- nonSkippedChar
2021-11-19T10:23:47,097|[TRACE] graph - <----- statementPart
2021-11-19T10:23:47,097|[TRACE] graph - -----> statementPart
2021-11-19T10:23:47,097|[TRACE] graph - -------> nonSkippedChar
2021-11-19T10:23:47,097|[TRACE] script - #out(`a`) [token]
2021-11-19T10:23:47,097|[TRACE] graph - <------- nonSkippedChar
2021-11-19T10:23:47,097|[TRACE] graph - <----- statementPart
2021-11-19T10:23:47,097|[TRACE] graph - -----> statementPart
2021-11-19T10:23:47,097|[TRACE] graph - -------> nonSkippedChar
2021-11-19T10:23:47,097|[TRACE] script - #out(`m`) [token]
2021-11-19T10:23:47,097|[TRACE] graph - <------- nonSkippedChar
2021-11-19T10:23:47,097|[TRACE] graph - <----- statementPart
2021-11-19T10:23:47,097|[TRACE] graph - -----> statementPart
2021-11-19T10:23:47,097|[TRACE] graph - -------> nonSkippedChar
2021-11-19T10:23:47,097|[TRACE] script - #out(`p`) [token]
2021-11-19T10:23:47,097|[TRACE] graph - <------- nonSkippedChar
2021-11-19T10:23:47,097|[TRACE] graph - <----- statementPart
2021-11-19T10:23:47,097|[TRACE] graph - -----> statementPart
2021-11-19T10:23:47,097|[TRACE] graph - -------> nonSkippedChar
2021-11-19T10:23:47,097|[TRACE] script - #out(`(`) [token]
2021-11-19T10:23:47,097|[TRACE] graph - <------- nonSkippedChar
2021-11-19T10:23:47,097|[TRACE] graph - <----- statementPart
2021-11-19T10:23:47,097|[TRACE] graph - -----> statementPart
2021-11-19T10:23:47,097|[TRACE] graph - -------> nonSkippedChar
2021-11-19T10:23:47,097|[TRACE] script - #out(`n`) [token]
2021-11-19T10:23:47,097|[TRACE] graph - <------- nonSkippedChar
2021-11-19T10:23:47,097|[TRACE] graph - <----- statementPart
2021-11-19T10:23:47,097|[TRACE] graph - -----> statementPart
2021-11-19T10:23:47,097|[TRACE] graph - -------> nonSkippedChar
2021-11-19T10:23:47,097|[TRACE] script - #out(`o`) [token]
2021-11-19T10:23:47,097|[TRACE] graph - <------- nonSkippedChar
2021-11-19T10:23:47,097|[TRACE] graph - <----- statementPart
2021-11-19T10:23:47,097|[TRACE] graph - -----> statementPart
2021-11-19T10:23:47,097|[TRACE] graph - -------> nonSkippedChar
2021-11-19T10:23:47,097|[TRACE] script - #out(`w`) [token]
2021-11-19T10:23:47,097|[TRACE] graph - <------- nonSkippedChar
2021-11-19T10:23:47,097|[TRACE] graph - <----- statementPart
2021-11-19T10:23:47,097|[TRACE] graph - -----> statementPart
2021-11-19T10:23:47,097|[TRACE] graph - -------> nonSkippedChar
2021-11-19T10:23:47,097|[TRACE] script - #out(`(`) [token]
2021-11-19T10:23:47,097|[TRACE] graph - <------- nonSkippedChar
2021-11-19T10:23:47,097|[TRACE] graph - <----- statementPart
2021-11-19T10:23:47,097|[TRACE] graph - -----> statementPart
2021-11-19T10:23:47,097|[TRACE] graph - -------> nonSkippedChar
2021-11-19T10:23:47,097|[TRACE] script - #out(`)`) [token]
2021-11-19T10:23:47,097|[TRACE] graph - <------- nonSkippedChar
2021-11-19T10:23:47,097|[TRACE] graph - <----- statementPart
2021-11-19T10:23:47,097|[TRACE] graph - -----> statementPart
2021-11-19T10:23:47,097|[TRACE] graph - -------> nonSkippedChar
2021-11-19T10:23:47,097|[TRACE] script - #out(`)`) [token]
2021-11-19T10:23:47,097|[TRACE] graph - <------- nonSkippedChar
2021-11-19T10:23:47,097|[TRACE] graph - <----- statementPart
2021-11-19T10:23:47,097|[TRACE] graph - -----> statementPart
2021-11-19T10:23:47,097|[TRACE] graph - -------> nonSkippedSpace
2021-11-19T10:23:47,097|[TRACE] script - #out(` `) [token]
2021-11-19T10:23:47,097|[TRACE] graph - <------- nonSkippedSpace
2021-11-19T10:23:47,097|[TRACE] graph - <----- statementPart
2021-11-19T10:23:47,097|[TRACE] graph - -----> statementPart
2021-11-19T10:23:47,097|[TRACE] graph - -------> nonSkippedChar
2021-11-19T10:23:47,097|[TRACE] script - #out(`*`) [token]
2021-11-19T10:23:47,097|[TRACE] graph - <------- nonSkippedChar
2021-11-19T10:23:47,097|[TRACE] graph - <----- statementPart
2021-11-19T10:23:47,097|[TRACE] graph - -----> statementPart
2021-11-19T10:23:47,097|[TRACE] graph - -------> nonSkippedSpace
2021-11-19T10:23:47,097|[TRACE] script - #out(` `) [token]
2021-11-19T10:23:47,097|[TRACE] graph - <------- nonSkippedSpace
2021-11-19T10:23:47,097|[TRACE] graph - <----- statementPart
2021-11-19T10:23:47,097|[TRACE] graph - -----> statementPart
2021-11-19T10:23:47,097|[TRACE] graph - -------> nonSkippedChar
2021-11-19T10:23:47,097|[TRACE] script - #out(`1`) [token]
2021-11-19T10:23:47,097|[TRACE] graph - <------- nonSkippedChar
2021-11-19T10:23:47,097|[TRACE] graph - <----- statementPart
2021-11-19T10:23:47,097|[TRACE] graph - -----> statementPart
2021-11-19T10:23:47,097|[TRACE] graph - -------> nonSkippedChar
2021-11-19T10:23:47,097|[TRACE] script - #out(`0`) [token]
2021-11-19T10:23:47,097|[TRACE] graph - <------- nonSkippedChar
2021-11-19T10:23:47,097|[TRACE] graph - <----- statementPart
2021-11-19T10:23:47,097|[TRACE] graph - -----> statementPart
2021-11-19T10:23:47,097|[TRACE] graph - -------> nonSkippedChar
2021-11-19T10:23:47,097|[TRACE] script - #out(`0`) [token]
2021-11-19T10:23:47,097|[TRACE] graph - <------- nonSkippedChar
2021-11-19T10:23:47,097|[TRACE] graph - <----- statementPart
2021-11-19T10:23:47,097|[TRACE] graph - -----> statementPart
2021-11-19T10:23:47,097|[TRACE] graph - -------> nonSkippedChar
2021-11-19T10:23:47,097|[TRACE] script - #out(`0`) [token]
2021-11-19T10:23:47,097|[TRACE] graph - <------- nonSkippedChar
2021-11-19T10:23:47,097|[TRACE] graph - <----- statementPart
2021-11-19T10:23:47,097|[TRACE] graph - -----> statementPart
2021-11-19T10:23:47,097|[TRACE] graph - -------> nonSkippedChar
2021-11-19T10:23:47,097|[TRACE] script - #out(`)`) [token]
2021-11-19T10:23:47,098|[TRACE] graph - <------- nonSkippedChar
2021-11-19T10:23:47,098|[TRACE] graph - <----- statementPart
2021-11-19T10:23:47,098|[TRACE] graph - -----> statementPart
2021-11-19T10:23:47,098|[TRACE] graph - -------> nonSkippedChar
2021-11-19T10:23:47,098|[TRACE] script - #out(`,`) [token]
2021-11-19T10:23:47,098|[TRACE] graph - <------- nonSkippedChar
2021-11-19T10:23:47,098|[TRACE] graph - <----- statementPart
2021-11-19T10:23:47,098|[TRACE] graph - -----> afterStatementPartNewline
2021-11-19T10:23:47,098|[TRACE] script - #out(` `) [text]
2021-11-19T10:23:47,098|[TRACE] graph - <----- afterStatementPartNewline
2021-11-19T10:23:47,098|[TRACE] graph - -----> statementPart
2021-11-19T10:23:47,098|[TRACE] graph - -------> nonSkippedSpace
2021-11-19T10:23:47,098|[TRACE] script - #out(` `) [token]
2021-11-19T10:23:47,098|[TRACE] graph - <------- nonSkippedSpace
2021-11-19T10:23:47,098|[TRACE] graph - <----- statementPart
2021-11-19T10:23:47,098|[TRACE] graph - -----> statementPart
2021-11-19T10:23:47,098|[TRACE] graph - -------> nonSkippedSpace
2021-11-19T10:23:47,098|[TRACE] script - #out(` `) [token]
2021-11-19T10:23:47,098|[TRACE] graph - <------- nonSkippedSpace
2021-11-19T10:23:47,098|[TRACE] graph - <----- statementPart
2021-11-19T10:23:47,098|[TRACE] graph - -----> statementPart
2021-11-19T10:23:47,098|[TRACE] graph - -------> quotedString
2021-11-19T10:23:47,098|[TRACE] script - #out(``updated``) [token]
2021-11-19T10:23:47,098|[TRACE] graph - <------- quotedString
2021-11-19T10:23:47,098|[TRACE] graph - <----- statementPart
2021-11-19T10:23:47,098|[TRACE] graph - -----> statementPart
2021-11-19T10:23:47,098|[TRACE] graph - -------> nonSkippedSpace
2021-11-19T10:23:47,098|[TRACE] script - #out(` `) [token]
2021-11-19T10:23:47,098|[TRACE] graph - <------- nonSkippedSpace
2021-11-19T10:23:47,098|[TRACE] graph - <----- statementPart
2021-11-19T10:23:47,098|[TRACE] graph - -----> statementPart
2021-11-19T10:23:47,098|[TRACE] graph - -------> nonSkippedChar
2021-11-19T10:23:47,098|[TRACE] script - #out(`B`) [token]
2021-11-19T10:23:47,098|[TRACE] graph - <------- nonSkippedChar
2021-11-19T10:23:47,098|[TRACE] graph - <----- statementPart
2021-11-19T10:23:47,098|[TRACE] graph - -----> statementPart
2021-11-19T10:23:47,098|[TRACE] graph - -------> nonSkippedChar
2021-11-19T10:23:47,098|[TRACE] script - #out(`I`) [token]
2021-11-19T10:23:47,098|[TRACE] graph - <------- nonSkippedChar
2021-11-19T10:23:47,098|[TRACE] graph - <----- statementPart
2021-11-19T10:23:47,098|[TRACE] graph - -----> statementPart
2021-11-19T10:23:47,098|[TRACE] graph - -------> nonSkippedChar
2021-11-19T10:23:47,098|[TRACE] script - #out(`G`) [token]
2021-11-19T10:23:47,098|[TRACE] graph - <------- nonSkippedChar
2021-11-19T10:23:47,098|[TRACE] graph - <----- statementPart
2021-11-19T10:23:47,098|[TRACE] graph - -----> statementPart
2021-11-19T10:23:47,098|[TRACE] graph - -------> nonSkippedChar
2021-11-19T10:23:47,098|[TRACE] script - #out(`I`) [token]
2021-11-19T10:23:47,098|[TRACE] graph - <------- nonSkippedChar
2021-11-19T10:23:47,098|[TRACE] graph - <----- statementPart
2021-11-19T10:23:47,098|[TRACE] graph - -----> statementPart
2021-11-19T10:23:47,098|[TRACE] graph - -------> nonSkippedChar
2021-11-19T10:23:47,098|[TRACE] script - #out(`N`) [token]
2021-11-19T10:23:47,098|[TRACE] graph - <------- nonSkippedChar
2021-11-19T10:23:47,098|[TRACE] graph - <----- statementPart
2021-11-19T10:23:47,098|[TRACE] graph - -----> statementPart
2021-11-19T10:23:47,098|[TRACE] graph - -------> nonSkippedChar
2021-11-19T10:23:47,098|[TRACE] script - #out(`T`) [token]
2021-11-19T10:23:47,098|[TRACE] graph - <------- nonSkippedChar
2021-11-19T10:23:47,098|[TRACE] graph - <----- statementPart
2021-11-19T10:23:47,098|[TRACE] graph - -----> statementPart
2021-11-19T10:23:47,098|[TRACE] graph - -------> nonSkippedSpace
2021-11-19T10:23:47,098|[TRACE] script - #out(` `) [token]
2021-11-19T10:23:47,098|[TRACE] graph - <------- nonSkippedSpace
2021-11-19T10:23:47,098|[TRACE] graph - <----- statementPart
2021-11-19T10:23:47,098|[TRACE] graph - -----> statementPart
2021-11-19T10:23:47,098|[TRACE] graph - -------> nonSkippedChar
2021-11-19T10:23:47,098|[TRACE] script - #out(`N`) [token]
2021-11-19T10:23:47,098|[TRACE] graph - <------- nonSkippedChar
2021-11-19T10:23:47,098|[TRACE] graph - <----- statementPart
2021-11-19T10:23:47,098|[TRACE] graph - -----> statementPart
2021-11-19T10:23:47,098|[TRACE] graph - -------> nonSkippedChar
2021-11-19T10:23:47,098|[TRACE] script - #out(`O`) [token]
2021-11-19T10:23:47,098|[TRACE] graph - <------- nonSkippedChar
2021-11-19T10:23:47,098|[TRACE] graph - <----- statementPart
2021-11-19T10:23:47,098|[TRACE] graph - -----> statementPart
2021-11-19T10:23:47,098|[TRACE] graph - -------> nonSkippedChar
2021-11-19T10:23:47,098|[TRACE] script - #out(`T`) [token]
2021-11-19T10:23:47,098|[TRACE] graph - <------- nonSkippedChar
2021-11-19T10:23:47,098|[TRACE] graph - <----- statementPart
2021-11-19T10:23:47,098|[TRACE] graph - -----> statementPart
2021-11-19T10:23:47,098|[TRACE] graph - -------> nonSkippedSpace
2021-11-19T10:23:47,098|[TRACE] script - #out(` `) [token]
2021-11-19T10:23:47,098|[TRACE] graph - <------- nonSkippedSpace
2021-11-19T10:23:47,098|[TRACE] graph - <----- statementPart
2021-11-19T10:23:47,098|[TRACE] graph - -----> statementPart
2021-11-19T10:23:47,098|[TRACE] graph - -------> nonSkippedChar
2021-11-19T10:23:47,098|[TRACE] script - #out(`N`) [token]
2021-11-19T10:23:47,098|[TRACE] graph - <------- nonSkippedChar
2021-11-19T10:23:47,098|[TRACE] graph - <----- statementPart
2021-11-19T10:23:47,098|[TRACE] graph - -----> statementPart
2021-11-19T10:23:47,098|[TRACE] graph - -------> nonSkippedChar
2021-11-19T10:23:47,098|[TRACE] script - #out(`U`) [token]
2021-11-19T10:23:47,098|[TRACE] graph - <------- nonSkippedChar
2021-11-19T10:23:47,098|[TRACE] graph - <----- statementPart
2021-11-19T10:23:47,098|[TRACE] graph - -----> statementPart
2021-11-19T10:23:47,098|[TRACE] graph - -------> nonSkippedChar
2021-11-19T10:23:47,098|[TRACE] script - #out(`L`) [token]
2021-11-19T10:23:47,098|[TRACE] graph - <------- nonSkippedChar
2021-11-19T10:23:47,098|[TRACE] graph - <----- statementPart
2021-11-19T10:23:47,098|[TRACE] graph - -----> statementPart
2021-11-19T10:23:47,098|[TRACE] graph - -------> nonSkippedChar
2021-11-19T10:23:47,098|[TRACE] script - #out(`L`) [token]
2021-11-19T10:23:47,098|[TRACE] graph - <------- nonSkippedChar
2021-11-19T10:23:47,098|[TRACE] graph - <----- statementPart
2021-11-19T10:23:47,098|[TRACE] graph - -----> statementPart
2021-11-19T10:23:47,098|[TRACE] graph - -------> nonSkippedSpace
2021-11-19T10:23:47,098|[TRACE] script - #out(` `) [token]
2021-11-19T10:23:47,098|[TRACE] graph - <------- nonSkippedSpace
2021-11-19T10:23:47,098|[TRACE] graph - <----- statementPart
2021-11-19T10:23:47,098|[TRACE] graph - -----> statementPart
2021-11-19T10:23:47,098|[TRACE] graph - -------> nonSkippedChar
2021-11-19T10:23:47,098|[TRACE] script - #out(`D`) [token]
2021-11-19T10:23:47,098|[TRACE] graph - <------- nonSkippedChar
2021-11-19T10:23:47,098|[TRACE] graph - <----- statementPart
2021-11-19T10:23:47,098|[TRACE] graph - -----> statementPart
2021-11-19T10:23:47,098|[TRACE] graph - -------> nonSkippedChar
2021-11-19T10:23:47,098|[TRACE] script - #out(`E`) [token]
2021-11-19T10:23:47,098|[TRACE] graph - <------- nonSkippedChar
2021-11-19T10:23:47,098|[TRACE] graph - <----- statementPart
2021-11-19T10:23:47,098|[TRACE] graph - -----> statementPart
2021-11-19T10:23:47,098|[TRACE] graph - -------> nonSkippedChar
2021-11-19T10:23:47,098|[TRACE] script - #out(`F`) [token]
2021-11-19T10:23:47,098|[TRACE] graph - <------- nonSkippedChar
2021-11-19T10:23:47,098|[TRACE] graph - <----- statementPart
2021-11-19T10:23:47,098|[TRACE] graph - -----> statementPart
2021-11-19T10:23:47,098|[TRACE] graph - -------> nonSkippedChar
2021-11-19T10:23:47,098|[TRACE] script - #out(`A`) [token]
2021-11-19T10:23:47,098|[TRACE] graph - <------- nonSkippedChar
2021-11-19T10:23:47,098|[TRACE] graph - <----- statementPart
2021-11-19T10:23:47,098|[TRACE] graph - -----> statementPart
2021-11-19T10:23:47,098|[TRACE] graph - -------> nonSkippedChar
2021-11-19T10:23:47,098|[TRACE] script - #out(`U`) [token]
2021-11-19T10:23:47,098|[TRACE] graph - <------- nonSkippedChar
2021-11-19T10:23:47,098|[TRACE] graph - <----- statementPart
2021-11-19T10:23:47,098|[TRACE] graph - -----> statementPart
2021-11-19T10:23:47,098|[TRACE] graph - -------> nonSkippedChar
2021-11-19T10:23:47,098|[TRACE] script - #out(`L`) [token]
2021-11-19T10:23:47,098|[TRACE] graph - <------- nonSkippedChar
2021-11-19T10:23:47,098|[TRACE] graph - <----- statementPart
2021-11-19T10:23:47,098|[TRACE] graph - -----> statementPart
2021-11-19T10:23:47,098|[TRACE] graph - -------> nonSkippedChar
2021-11-19T10:23:47,098|[TRACE] script - #out(`T`) [token]
2021-11-19T10:23:47,098|[TRACE] graph - <------- nonSkippedChar
2021-11-19T10:23:47,098|[TRACE] graph - <----- statementPart
2021-11-19T10:23:47,098|[TRACE] graph - -----> statementPart
2021-11-19T10:23:47,098|[TRACE] graph - -------> nonSkippedSpace
2021-11-19T10:23:47,098|[TRACE] script - #out(` `) [token]
2021-11-19T10:23:47,098|[TRACE] graph - <------- nonSkippedSpace
2021-11-19T10:23:47,098|[TRACE] graph - <----- statementPart
2021-11-19T10:23:47,098|[TRACE] graph - -----> statementPart
2021-11-19T10:23:47,098|[TRACE] graph - -------> nonSkippedChar
2021-11-19T10:23:47,098|[TRACE] script - #out(`(`) [token]
2021-11-19T10:23:47,098|[TRACE] graph - <------- nonSkippedChar
2021-11-19T10:23:47,098|[TRACE] graph - <----- statementPart
2021-11-19T10:23:47,098|[TRACE] graph - -----> statementPart
2021-11-19T10:23:47,098|[TRACE] graph - -------> nonSkippedChar
2021-11-19T10:23:47,098|[TRACE] script - #out(`u`) [token]
2021-11-19T10:23:47,098|[TRACE] graph - <------- nonSkippedChar
2021-11-19T10:23:47,098|[TRACE] graph - <----- statementPart
2021-11-19T10:23:47,098|[TRACE] graph - -----> statementPart
2021-11-19T10:23:47,098|[TRACE] graph - -------> nonSkippedChar
2021-11-19T10:23:47,098|[TRACE] script - #out(`n`) [token]
2021-11-19T10:23:47,098|[TRACE] graph - <------- nonSkippedChar
2021-11-19T10:23:47,098|[TRACE] graph - <----- statementPart
2021-11-19T10:23:47,098|[TRACE] graph - -----> statementPart
2021-11-19T10:23:47,098|[TRACE] graph - -------> nonSkippedChar
2021-11-19T10:23:47,098|[TRACE] script - #out(`i`) [token]
2021-11-19T10:23:47,098|[TRACE] graph - <------- nonSkippedChar
2021-11-19T10:23:47,098|[TRACE] graph - <----- statementPart
2021-11-19T10:23:47,098|[TRACE] graph - -----> statementPart
2021-11-19T10:23:47,098|[TRACE] graph - -------> nonSkippedChar
2021-11-19T10:23:47,098|[TRACE] script - #out(`x`) [token]
2021-11-19T10:23:47,098|[TRACE] graph - <------- nonSkippedChar
2021-11-19T10:23:47,098|[TRACE] graph - <----- statementPart
2021-11-19T10:23:47,098|[TRACE] graph - -----> statementPart
2021-11-19T10:23:47,098|[TRACE] graph - -------> nonSkippedChar
2021-11-19T10:23:47,098|[TRACE] script - #out(`_`) [token]
2021-11-19T10:23:47,098|[TRACE] graph - <------- nonSkippedChar
2021-11-19T10:23:47,098|[TRACE] graph - <----- statementPart
2021-11-19T10:23:47,098|[TRACE] graph - -----> statementPart
2021-11-19T10:23:47,098|[TRACE] graph - -------> nonSkippedChar
2021-11-19T10:23:47,098|[TRACE] script - #out(`t`) [token]
2021-11-19T10:23:47,098|[TRACE] graph - <------- nonSkippedChar
2021-11-19T10:23:47,098|[TRACE] graph - <----- statementPart
2021-11-19T10:23:47,098|[TRACE] graph - -----> statementPart
2021-11-19T10:23:47,098|[TRACE] graph - -------> nonSkippedChar
2021-11-19T10:23:47,098|[TRACE] script - #out(`i`) [token]
2021-11-19T10:23:47,098|[TRACE] graph - <------- nonSkippedChar
2021-11-19T10:23:47,098|[TRACE] graph - <----- statementPart
2021-11-19T10:23:47,098|[TRACE] graph - -----> statementPart
2021-11-19T10:23:47,098|[TRACE] graph - -------> nonSkippedChar
2021-11-19T10:23:47,098|[TRACE] script - #out(`m`) [token]
2021-11-19T10:23:47,098|[TRACE] graph - <------- nonSkippedChar
2021-11-19T10:23:47,098|[TRACE] graph - <----- statementPart
2021-11-19T10:23:47,098|[TRACE] graph - -----> statementPart
2021-11-19T10:23:47,099|[TRACE] graph - -------> nonSkippedChar
2021-11-19T10:23:47,099|[TRACE] script - #out(`e`) [token]
2021-11-19T10:23:47,099|[TRACE] graph - <------- nonSkippedChar
2021-11-19T10:23:47,099|[TRACE] graph - <----- statementPart
2021-11-19T10:23:47,099|[TRACE] graph - -----> statementPart
2021-11-19T10:23:47,099|[TRACE] graph - -------> nonSkippedChar
2021-11-19T10:23:47,099|[TRACE] script - #out(`s`) [token]
2021-11-19T10:23:47,099|[TRACE] graph - <------- nonSkippedChar
2021-11-19T10:23:47,099|[TRACE] graph - <----- statementPart
2021-11-19T10:23:47,099|[TRACE] graph - -----> statementPart
2021-11-19T10:23:47,099|[TRACE] graph - -------> nonSkippedChar
2021-11-19T10:23:47,099|[TRACE] script - #out(`t`) [token]
2021-11-19T10:23:47,099|[TRACE] graph - <------- nonSkippedChar
2021-11-19T10:23:47,099|[TRACE] graph - <----- statementPart
2021-11-19T10:23:47,099|[TRACE] graph - -----> statementPart
2021-11-19T10:23:47,099|[TRACE] graph - -------> nonSkippedChar
2021-11-19T10:23:47,099|[TRACE] script - #out(`a`) [token]
2021-11-19T10:23:47,099|[TRACE] graph - <------- nonSkippedChar
2021-11-19T10:23:47,099|[TRACE] graph - <----- statementPart
2021-11-19T10:23:47,099|[TRACE] graph - -----> statementPart
2021-11-19T10:23:47,099|[TRACE] graph - -------> nonSkippedChar
2021-11-19T10:23:47,099|[TRACE] script - #out(`m`) [token]
2021-11-19T10:23:47,099|[TRACE] graph - <------- nonSkippedChar
2021-11-19T10:23:47,099|[TRACE] graph - <----- statementPart
2021-11-19T10:23:47,099|[TRACE] graph - -----> statementPart
2021-11-19T10:23:47,099|[TRACE] graph - -------> nonSkippedChar
2021-11-19T10:23:47,099|[TRACE] script - #out(`p`) [token]
2021-11-19T10:23:47,099|[TRACE] graph - <------- nonSkippedChar
2021-11-19T10:23:47,099|[TRACE] graph - <----- statementPart
2021-11-19T10:23:47,099|[TRACE] graph - -----> statementPart
2021-11-19T10:23:47,099|[TRACE] graph - -------> nonSkippedChar
2021-11-19T10:23:47,099|[TRACE] script - #out(`(`) [token]
2021-11-19T10:23:47,099|[TRACE] graph - <------- nonSkippedChar
2021-11-19T10:23:47,099|[TRACE] graph - <----- statementPart
2021-11-19T10:23:47,099|[TRACE] graph - -----> statementPart
2021-11-19T10:23:47,099|[TRACE] graph - -------> nonSkippedChar
2021-11-19T10:23:47,099|[TRACE] script - #out(`n`) [token]
2021-11-19T10:23:47,099|[TRACE] graph - <------- nonSkippedChar
2021-11-19T10:23:47,099|[TRACE] graph - <----- statementPart
2021-11-19T10:23:47,099|[TRACE] graph - -----> statementPart
2021-11-19T10:23:47,099|[TRACE] graph - -------> nonSkippedChar
2021-11-19T10:23:47,099|[TRACE] script - #out(`o`) [token]
2021-11-19T10:23:47,099|[TRACE] graph - <------- nonSkippedChar
2021-11-19T10:23:47,099|[TRACE] graph - <----- statementPart
2021-11-19T10:23:47,099|[TRACE] graph - -----> statementPart
2021-11-19T10:23:47,099|[TRACE] graph - -------> nonSkippedChar
2021-11-19T10:23:47,168|[TRACE] script - #out(`w`) [token]
2021-11-19T10:23:47,168|[TRACE] graph - <------- nonSkippedChar
2021-11-19T10:23:47,168|[TRACE] graph - <----- statementPart
2021-11-19T10:23:47,168|[TRACE] graph - -----> statementPart
2021-11-19T10:23:47,168|[TRACE] graph - -------> nonSkippedChar
2021-11-19T10:23:47,168|[TRACE] script - #out(`(`) [token]
2021-11-19T10:23:47,168|[TRACE] graph - <------- nonSkippedChar
2021-11-19T10:23:47,168|[TRACE] graph - <----- statementPart
2021-11-19T10:23:47,168|[TRACE] graph - -----> statementPart
2021-11-19T10:23:47,168|[TRACE] graph - -------> nonSkippedChar
2021-11-19T10:23:47,168|[TRACE] script - #out(`)`) [token]
2021-11-19T10:23:47,168|[TRACE] graph - <------- nonSkippedChar
2021-11-19T10:23:47,168|[TRACE] graph - <----- statementPart
2021-11-19T10:23:47,168|[TRACE] graph - -----> statementPart
2021-11-19T10:23:47,168|[TRACE] graph - -------> nonSkippedChar
2021-11-19T10:23:47,168|[TRACE] script - #out(`)`) [token]
2021-11-19T10:23:47,168|[TRACE] graph - <------- nonSkippedChar
2021-11-19T10:23:47,168|[TRACE] graph - <----- statementPart
2021-11-19T10:23:47,168|[TRACE] graph - -----> statementPart
2021-11-19T10:23:47,168|[TRACE] graph - -------> nonSkippedSpace
2021-11-19T10:23:47,168|[TRACE] script - #out(` `) [token]
2021-11-19T10:23:47,168|[TRACE] graph - <------- nonSkippedSpace
2021-11-19T10:23:47,168|[TRACE] graph - <----- statementPart
2021-11-19T10:23:47,168|[TRACE] graph - -----> statementPart
2021-11-19T10:23:47,168|[TRACE] graph - -------> nonSkippedChar
2021-11-19T10:23:47,168|[TRACE] script - #out(`*`) [token]
2021-11-19T10:23:47,168|[TRACE] graph - <------- nonSkippedChar
2021-11-19T10:23:47,168|[TRACE] graph - <----- statementPart
2021-11-19T10:23:47,168|[TRACE] graph - -----> statementPart
2021-11-19T10:23:47,168|[TRACE] graph - -------> nonSkippedSpace
2021-11-19T10:23:47,168|[TRACE] script - #out(` `) [token]
2021-11-19T10:23:47,168|[TRACE] graph - <------- nonSkippedSpace
2021-11-19T10:23:47,168|[TRACE] graph - <----- statementPart
2021-11-19T10:23:47,168|[TRACE] graph - -----> statementPart
2021-11-19T10:23:47,168|[TRACE] graph - -------> nonSkippedChar
2021-11-19T10:23:47,168|[TRACE] script - #out(`1`) [token]
2021-11-19T10:23:47,168|[TRACE] graph - <------- nonSkippedChar
2021-11-19T10:23:47,168|[TRACE] graph - <----- statementPart
2021-11-19T10:23:47,168|[TRACE] graph - -----> statementPart
2021-11-19T10:23:47,168|[TRACE] graph - -------> nonSkippedChar
2021-11-19T10:23:47,168|[TRACE] script - #out(`0`) [token]
2021-11-19T10:23:47,168|[TRACE] graph - <------- nonSkippedChar
2021-11-19T10:23:47,168|[TRACE] graph - <----- statementPart
2021-11-19T10:23:47,168|[TRACE] graph - -----> statementPart
2021-11-19T10:23:47,168|[TRACE] graph - -------> nonSkippedChar
2021-11-19T10:23:47,168|[TRACE] script - #out(`0`) [token]
2021-11-19T10:23:47,168|[TRACE] graph - <------- nonSkippedChar
2021-11-19T10:23:47,168|[TRACE] graph - <----- statementPart
2021-11-19T10:23:47,168|[TRACE] graph - -----> statementPart
2021-11-19T10:23:47,168|[TRACE] graph - -------> nonSkippedChar
2021-11-19T10:23:47,168|[TRACE] script - #out(`0`) [token]
2021-11-19T10:23:47,168|[TRACE] graph - <------- nonSkippedChar
2021-11-19T10:23:47,168|[TRACE] graph - <----- statementPart
2021-11-19T10:23:47,168|[TRACE] graph - -----> statementPart
2021-11-19T10:23:47,168|[TRACE] graph - -------> nonSkippedChar
2021-11-19T10:23:47,168|[TRACE] script - #out(`)`) [token]
2021-11-19T10:23:47,168|[TRACE] graph - <------- nonSkippedChar
2021-11-19T10:23:47,168|[TRACE] graph - <----- statementPart
2021-11-19T10:23:47,168|[TRACE] graph - -----> statementPart
2021-11-19T10:23:47,168|[TRACE] graph - -------> nonSkippedChar
2021-11-19T10:23:47,168|[TRACE] script - #out(`,`) [token]
2021-11-19T10:23:47,168|[TRACE] graph - <------- nonSkippedChar
2021-11-19T10:23:47,168|[TRACE] graph - <----- statementPart
2021-11-19T10:23:47,168|[TRACE] graph - -----> afterStatementPartNewline
2021-11-19T10:23:47,168|[TRACE] script - #out(` `) [text]
2021-11-19T10:23:47,168|[TRACE] graph - <----- afterStatementPartNewline
2021-11-19T10:23:47,168|[TRACE] graph - -----> statementPart
2021-11-19T10:23:47,168|[TRACE] graph - -------> nonSkippedSpace
2021-11-19T10:23:47,168|[TRACE] script - #out(` `) [token]
2021-11-19T10:23:47,168|[TRACE] graph - <------- nonSkippedSpace
2021-11-19T10:23:47,168|[TRACE] graph - <----- statementPart
2021-11-19T10:23:47,168|[TRACE] graph - -----> statementPart
2021-11-19T10:23:47,168|[TRACE] graph - -------> nonSkippedSpace
2021-11-19T10:23:47,168|[TRACE] script - #out(` `) [token]
2021-11-19T10:23:47,168|[TRACE] graph - <------- nonSkippedSpace
2021-11-19T10:23:47,168|[TRACE] graph - <----- statementPart
2021-11-19T10:23:47,168|[TRACE] graph - -----> statementPart
2021-11-19T10:23:47,168|[TRACE] graph - -------> quotedString
2021-11-19T10:23:47,168|[TRACE] script - #out(``version``) [token]
2021-11-19T10:23:47,168|[TRACE] graph - <------- quotedString
2021-11-19T10:23:47,168|[TRACE] graph - <----- statementPart
2021-11-19T10:23:47,168|[TRACE] graph - -----> statementPart
2021-11-19T10:23:47,168|[TRACE] graph - -------> nonSkippedSpace
2021-11-19T10:23:47,168|[TRACE] script - #out(` `) [token]
2021-11-19T10:23:47,168|[TRACE] graph - <------- nonSkippedSpace
2021-11-19T10:23:47,168|[TRACE] graph - <----- statementPart
2021-11-19T10:23:47,168|[TRACE] graph - -----> statementPart
2021-11-19T10:23:47,168|[TRACE] graph - -------> nonSkippedChar
2021-11-19T10:23:47,168|[TRACE] script - #out(`I`) [token]
2021-11-19T10:23:47,168|[TRACE] graph - <------- nonSkippedChar
2021-11-19T10:23:47,168|[TRACE] graph - <----- statementPart
2021-11-19T10:23:47,168|[TRACE] graph - -----> statementPart
2021-11-19T10:23:47,168|[TRACE] graph - -------> nonSkippedChar
2021-11-19T10:23:47,168|[TRACE] script - #out(`N`) [token]
2021-11-19T10:23:47,168|[TRACE] graph - <------- nonSkippedChar
2021-11-19T10:23:47,168|[TRACE] graph - <----- statementPart
2021-11-19T10:23:47,168|[TRACE] graph - -----> statementPart
2021-11-19T10:23:47,168|[TRACE] graph - -------> nonSkippedChar
2021-11-19T10:23:47,168|[TRACE] script - #out(`T`) [token]
2021-11-19T10:23:47,168|[TRACE] graph - <------- nonSkippedChar
2021-11-19T10:23:47,168|[TRACE] graph - <----- statementPart
2021-11-19T10:23:47,168|[TRACE] graph - -----> statementPart
2021-11-19T10:23:47,168|[TRACE] graph - -------> nonSkippedSpace
2021-11-19T10:23:47,168|[TRACE] script - #out(` `) [token]
2021-11-19T10:23:47,168|[TRACE] graph - <------- nonSkippedSpace
2021-11-19T10:23:47,168|[TRACE] graph - <----- statementPart
2021-11-19T10:23:47,168|[TRACE] graph - -----> statementPart
2021-11-19T10:23:47,168|[TRACE] graph - -------> nonSkippedChar
2021-11-19T10:23:47,168|[TRACE] script - #out(`N`) [token]
2021-11-19T10:23:47,168|[TRACE] graph - <------- nonSkippedChar
2021-11-19T10:23:47,168|[TRACE] graph - <----- statementPart
2021-11-19T10:23:47,168|[TRACE] graph - -----> statementPart
2021-11-19T10:23:47,169|[TRACE] graph - -------> nonSkippedChar
2021-11-19T10:23:47,169|[TRACE] script - #out(`O`) [token]
2021-11-19T10:23:47,169|[TRACE] graph - <------- nonSkippedChar
2021-11-19T10:23:47,169|[TRACE] graph - <----- statementPart
2021-11-19T10:23:47,169|[TRACE] graph - -----> statementPart
2021-11-19T10:23:47,169|[TRACE] graph - -------> nonSkippedChar
2021-11-19T10:23:47,169|[TRACE] script - #out(`T`) [token]
2021-11-19T10:23:47,169|[TRACE] graph - <------- nonSkippedChar
2021-11-19T10:23:47,169|[TRACE] graph - <----- statementPart
2021-11-19T10:23:47,169|[TRACE] graph - -----> statementPart
2021-11-19T10:23:47,169|[TRACE] graph - -------> nonSkippedSpace
2021-11-19T10:23:47,169|[TRACE] script - #out(` `) [token]
2021-11-19T10:23:47,169|[TRACE] graph - <------- nonSkippedSpace
2021-11-19T10:23:47,169|[TRACE] graph - <----- statementPart
2021-11-19T10:23:47,169|[TRACE] graph - -----> statementPart
2021-11-19T10:23:47,169|[TRACE] graph - -------> nonSkippedChar
2021-11-19T10:23:47,169|[TRACE] script - #out(`N`) [token]
2021-11-19T10:23:47,169|[TRACE] graph - <------- nonSkippedChar
2021-11-19T10:23:47,169|[TRACE] graph - <----- statementPart
2021-11-19T10:23:47,169|[TRACE] graph - -----> statementPart
2021-11-19T10:23:47,169|[TRACE] graph - -------> nonSkippedChar
2021-11-19T10:23:47,169|[TRACE] script - #out(`U`) [token]
2021-11-19T10:23:47,169|[TRACE] graph - <------- nonSkippedChar
2021-11-19T10:23:47,169|[TRACE] graph - <----- statementPart
2021-11-19T10:23:47,169|[TRACE] graph - -----> statementPart
2021-11-19T10:23:47,169|[TRACE] graph - -------> nonSkippedChar
2021-11-19T10:23:47,169|[TRACE] script - #out(`L`) [token]
2021-11-19T10:23:47,169|[TRACE] graph - <------- nonSkippedChar
2021-11-19T10:23:47,169|[TRACE] graph - <----- statementPart
2021-11-19T10:23:47,169|[TRACE] graph - -----> statementPart
2021-11-19T10:23:47,169|[TRACE] graph - -------> nonSkippedChar
2021-11-19T10:23:47,169|[TRACE] script - #out(`L`) [token]
2021-11-19T10:23:47,169|[TRACE] graph - <------- nonSkippedChar
2021-11-19T10:23:47,169|[TRACE] graph - <----- statementPart
2021-11-19T10:23:47,169|[TRACE] graph - -----> statementPart
2021-11-19T10:23:47,169|[TRACE] graph - -------> nonSkippedSpace
2021-11-19T10:23:47,169|[TRACE] script - #out(` `) [token]
2021-11-19T10:23:47,169|[TRACE] graph - <------- nonSkippedSpace
2021-11-19T10:23:47,169|[TRACE] graph - <----- statementPart
2021-11-19T10:23:47,169|[TRACE] graph - -----> statementPart
2021-11-19T10:23:47,169|[TRACE] graph - -------> nonSkippedChar
2021-11-19T10:23:47,169|[TRACE] script - #out(`D`) [token]
2021-11-19T10:23:47,169|[TRACE] graph - <------- nonSkippedChar
2021-11-19T10:23:47,169|[TRACE] graph - <----- statementPart
2021-11-19T10:23:47,169|[TRACE] graph - -----> statementPart
2021-11-19T10:23:47,169|[TRACE] graph - -------> nonSkippedChar
2021-11-19T10:23:47,169|[TRACE] script - #out(`E`) [token]
2021-11-19T10:23:47,169|[TRACE] graph - <------- nonSkippedChar
2021-11-19T10:23:47,169|[TRACE] graph - <----- statementPart
2021-11-19T10:23:47,169|[TRACE] graph - -----> statementPart
2021-11-19T10:23:47,169|[TRACE] graph - -------> nonSkippedChar
2021-11-19T10:23:47,169|[TRACE] script - #out(`F`) [token]
2021-11-19T10:23:47,169|[TRACE] graph - <------- nonSkippedChar
2021-11-19T10:23:47,169|[TRACE] graph - <----- statementPart
2021-11-19T10:23:47,169|[TRACE] graph - -----> statementPart
2021-11-19T10:23:47,169|[TRACE] graph - -------> nonSkippedChar
2021-11-19T10:23:47,169|[TRACE] script - #out(`A`) [token]
2021-11-19T10:23:47,169|[TRACE] graph - <------- nonSkippedChar
2021-11-19T10:23:47,169|[TRACE] graph - <----- statementPart
2021-11-19T10:23:47,169|[TRACE] graph - -----> statementPart
2021-11-19T10:23:47,169|[TRACE] graph - -------> nonSkippedChar
2021-11-19T10:23:47,169|[TRACE] script - #out(`U`) [token]
2021-11-19T10:23:47,169|[TRACE] graph - <------- nonSkippedChar
2021-11-19T10:23:47,169|[TRACE] graph - <----- statementPart
2021-11-19T10:23:47,169|[TRACE] graph - -----> statementPart
2021-11-19T10:23:47,169|[TRACE] graph - -------> nonSkippedChar
2021-11-19T10:23:47,169|[TRACE] script - #out(`L`) [token]
2021-11-19T10:23:47,169|[TRACE] graph - <------- nonSkippedChar
2021-11-19T10:23:47,169|[TRACE] graph - <----- statementPart
2021-11-19T10:23:47,169|[TRACE] graph - -----> statementPart
2021-11-19T10:23:47,169|[TRACE] graph - -------> nonSkippedChar
2021-11-19T10:23:47,169|[TRACE] script - #out(`T`) [token]
2021-11-19T10:23:47,169|[TRACE] graph - <------- nonSkippedChar
2021-11-19T10:23:47,169|[TRACE] graph - <----- statementPart
2021-11-19T10:23:47,169|[TRACE] graph - -----> statementPart
2021-11-19T10:23:47,169|[TRACE] graph - -------> nonSkippedSpace
2021-11-19T10:23:47,169|[TRACE] script - #out(` `) [token]
2021-11-19T10:23:47,169|[TRACE] graph - <------- nonSkippedSpace
2021-11-19T10:23:47,169|[TRACE] graph - <----- statementPart
2021-11-19T10:23:47,169|[TRACE] graph - -----> statementPart
2021-11-19T10:23:47,169|[TRACE] graph - -------> nonSkippedChar
2021-11-19T10:23:47,169|[TRACE] script - #out(`1`) [token]
2021-11-19T10:23:47,169|[TRACE] graph - <------- nonSkippedChar
2021-11-19T10:23:47,169|[TRACE] graph - <----- statementPart
2021-11-19T10:23:47,169|[TRACE] graph - -----> statementPart
2021-11-19T10:23:47,169|[TRACE] graph - -------> nonSkippedChar
2021-11-19T10:23:47,169|[TRACE] script - #out(`,`) [token]
2021-11-19T10:23:47,169|[TRACE] graph - <------- nonSkippedChar
2021-11-19T10:23:47,169|[TRACE] graph - <----- statementPart
2021-11-19T10:23:47,169|[TRACE] graph - -----> afterStatementPartNewline
2021-11-19T10:23:47,169|[TRACE] script - #out(` `) [text]
2021-11-19T10:23:47,169|[TRACE] graph - <----- afterStatementPartNewline
2021-11-19T10:23:47,169|[TRACE] graph - -----> statementPart
2021-11-19T10:23:47,169|[TRACE] graph - -------> nonSkippedSpace
2021-11-19T10:23:47,169|[TRACE] script - #out(` `) [token]
2021-11-19T10:23:47,169|[TRACE] graph - <------- nonSkippedSpace
2021-11-19T10:23:47,169|[TRACE] graph - <----- statementPart
2021-11-19T10:23:47,169|[TRACE] graph - -----> statementPart
2021-11-19T10:23:47,169|[TRACE] graph - -------> nonSkippedSpace
2021-11-19T10:23:47,169|[TRACE] script - #out(` `) [token]
2021-11-19T10:23:47,169|[TRACE] graph - <------- nonSkippedSpace
2021-11-19T10:23:47,169|[TRACE] graph - <----- statementPart
2021-11-19T10:23:47,169|[TRACE] graph - -----> statementPart
2021-11-19T10:23:47,169|[TRACE] graph - -------> nonSkippedChar
2021-11-19T10:23:47,169|[TRACE] script - #out(`P`) [token]
2021-11-19T10:23:47,169|[TRACE] graph - <------- nonSkippedChar
2021-11-19T10:23:47,169|[TRACE] graph - <----- statementPart
2021-11-19T10:23:47,169|[TRACE] graph - -----> statementPart
2021-11-19T10:23:47,169|[TRACE] graph - -------> nonSkippedChar
2021-11-19T10:23:47,169|[TRACE] script - #out(`R`) [token]
2021-11-19T10:23:47,169|[TRACE] graph - <------- nonSkippedChar
2021-11-19T10:23:47,169|[TRACE] graph - <----- statementPart
2021-11-19T10:23:47,169|[TRACE] graph - -----> statementPart
2021-11-19T10:23:47,169|[TRACE] graph - -------> nonSkippedChar
2021-11-19T10:23:47,169|[TRACE] script - #out(`I`) [token]
2021-11-19T10:23:47,169|[TRACE] graph - <------- nonSkippedChar
2021-11-19T10:23:47,169|[TRACE] graph - <----- statementPart
2021-11-19T10:23:47,169|[TRACE] graph - -----> statementPart
2021-11-19T10:23:47,169|[TRACE] graph - -------> nonSkippedChar
2021-11-19T10:23:47,169|[TRACE] script - #out(`M`) [token]
2021-11-19T10:23:47,169|[TRACE] graph - <------- nonSkippedChar
2021-11-19T10:23:47,169|[TRACE] graph - <----- statementPart
2021-11-19T10:23:47,169|[TRACE] graph - -----> statementPart
2021-11-19T10:23:47,169|[TRACE] graph - -------> nonSkippedChar
2021-11-19T10:23:47,169|[TRACE] script - #out(`A`) [token]
2021-11-19T10:23:47,169|[TRACE] graph - <------- nonSkippedChar
2021-11-19T10:23:47,169|[TRACE] graph - <----- statementPart
2021-11-19T10:23:47,169|[TRACE] graph - -----> statementPart
2021-11-19T10:23:47,169|[TRACE] graph - -------> nonSkippedChar
2021-11-19T10:23:47,169|[TRACE] script - #out(`R`) [token]
2021-11-19T10:23:47,169|[TRACE] graph - <------- nonSkippedChar
2021-11-19T10:23:47,169|[TRACE] graph - <----- statementPart
2021-11-19T10:23:47,169|[TRACE] graph - -----> statementPart
2021-11-19T10:23:47,169|[TRACE] graph - -------> nonSkippedChar
2021-11-19T10:23:47,169|[TRACE] script - #out(`Y`) [token]
2021-11-19T10:23:47,169|[TRACE] graph - <------- nonSkippedChar
2021-11-19T10:23:47,169|[TRACE] graph - <----- statementPart
2021-11-19T10:23:47,169|[TRACE] graph - -----> statementPart
2021-11-19T10:23:47,169|[TRACE] graph - -------> nonSkippedSpace
2021-11-19T10:23:47,169|[TRACE] script - #out(` `) [token]
2021-11-19T10:23:47,169|[TRACE] graph - <------- nonSkippedSpace
2021-11-19T10:23:47,169|[TRACE] graph - <----- statementPart
2021-11-19T10:23:47,169|[TRACE] graph - -----> statementPart
2021-11-19T10:23:47,169|[TRACE] graph - -------> nonSkippedChar
2021-11-19T10:23:47,169|[TRACE] script - #out(`K`) [token]
2021-11-19T10:23:47,169|[TRACE] graph - <------- nonSkippedChar
2021-11-19T10:23:47,169|[TRACE] graph - <----- statementPart
2021-11-19T10:23:47,169|[TRACE] graph - -----> statementPart
2021-11-19T10:23:47,169|[TRACE] graph - -------> nonSkippedChar
2021-11-19T10:23:47,169|[TRACE] script - #out(`E`) [token]
2021-11-19T10:23:47,169|[TRACE] graph - <------- nonSkippedChar
2021-11-19T10:23:47,169|[TRACE] graph - <----- statementPart
2021-11-19T10:23:47,169|[TRACE] graph - -----> statementPart
2021-11-19T10:23:47,169|[TRACE] graph - -------> nonSkippedChar
2021-11-19T10:23:47,169|[TRACE] script - #out(`Y`) [token]
2021-11-19T10:23:47,169|[TRACE] graph - <------- nonSkippedChar
2021-11-19T10:23:47,169|[TRACE] graph - <----- statementPart
2021-11-19T10:23:47,169|[TRACE] graph - -----> statementPart
2021-11-19T10:23:47,169|[TRACE] graph - -------> nonSkippedSpace
2021-11-19T10:23:47,169|[TRACE] script - #out(` `) [token]
2021-11-19T10:23:47,169|[TRACE] graph - <------- nonSkippedSpace
2021-11-19T10:23:47,169|[TRACE] graph - <----- statementPart
2021-11-19T10:23:47,169|[TRACE] graph - -----> statementPart
2021-11-19T10:23:47,169|[TRACE] graph - -------> nonSkippedChar
2021-11-19T10:23:47,169|[TRACE] script - #out(`(`) [token]
2021-11-19T10:23:47,169|[TRACE] graph - <------- nonSkippedChar
2021-11-19T10:23:47,169|[TRACE] graph - <----- statementPart
2021-11-19T10:23:47,169|[TRACE] graph - -----> statementPart
2021-11-19T10:23:47,169|[TRACE] graph - -------> quotedString
2021-11-19T10:23:47,169|[TRACE] script - #out(``address_id``) [token]
2021-11-19T10:23:47,169|[TRACE] graph - <------- quotedString
2021-11-19T10:23:47,169|[TRACE] graph - <----- statementPart
2021-11-19T10:23:47,169|[TRACE] graph - -----> statementPart
2021-11-19T10:23:47,169|[TRACE] graph - -------> nonSkippedChar
2021-11-19T10:23:47,169|[TRACE] script - #out(`)`) [token]
2021-11-19T10:23:47,169|[TRACE] graph - <------- nonSkippedChar
2021-11-19T10:23:47,169|[TRACE] graph - <----- statementPart
2021-11-19T10:23:47,169|[TRACE] graph - -----> statementPart
2021-11-19T10:23:47,169|[TRACE] graph - -------> nonSkippedChar
2021-11-19T10:23:47,169|[TRACE] script - #out(`)`) [token]
2021-11-19T10:23:47,169|[TRACE] graph - <------- nonSkippedChar
2021-11-19T10:23:47,169|[TRACE] graph - <----- statementPart
2021-11-19T10:23:47,169|[TRACE] graph - -----> afterStatementPartNewline
2021-11-19T10:23:47,169|[TRACE] script - #out(` `) [text]
2021-11-19T10:23:47,169|[TRACE] graph - <----- afterStatementPartNewline
2021-11-19T10:23:47,169|[TRACE] graph - -----> statementPart
2021-11-19T10:23:47,169|[TRACE] graph - -------> nonSkippedChar
2021-11-19T10:23:47,169|[TRACE] script - #out(`E`) [token]
2021-11-19T10:23:47,169|[TRACE] graph - <------- nonSkippedChar
2021-11-19T10:23:47,169|[TRACE] graph - <----- statementPart
2021-11-19T10:23:47,169|[TRACE] graph - -----> statementPart
2021-11-19T10:23:47,169|[TRACE] graph - -------> nonSkippedChar
2021-11-19T10:23:47,169|[TRACE] script - #out(`N`) [token]
2021-11-19T10:23:47,169|[TRACE] graph - <------- nonSkippedChar
2021-11-19T10:23:47,169|[TRACE] graph - <----- statementPart
2021-11-19T10:23:47,169|[TRACE] graph - -----> statementPart
2021-11-19T10:23:47,169|[TRACE] graph - -------> nonSkippedChar
2021-11-19T10:23:47,169|[TRACE] script - #out(`G`) [token]
2021-11-19T10:23:47,169|[TRACE] graph - <------- nonSkippedChar
2021-11-19T10:23:47,169|[TRACE] graph - <----- statementPart
2021-11-19T10:23:47,169|[TRACE] graph - -----> statementPart
2021-11-19T10:23:47,169|[TRACE] graph - -------> nonSkippedChar
2021-11-19T10:23:47,169|[TRACE] script - #out(`I`) [token]
2021-11-19T10:23:47,169|[TRACE] graph - <------- nonSkippedChar
2021-11-19T10:23:47,169|[TRACE] graph - <----- statementPart
2021-11-19T10:23:47,169|[TRACE] graph - -----> statementPart
2021-11-19T10:23:47,169|[TRACE] graph - -------> nonSkippedChar
2021-11-19T10:23:47,169|[TRACE] script - #out(`N`) [token]
2021-11-19T10:23:47,169|[TRACE] graph - <------- nonSkippedChar
2021-11-19T10:23:47,169|[TRACE] graph - <----- statementPart
2021-11-19T10:23:47,169|[TRACE] graph - -----> statementPart
2021-11-19T10:23:47,169|[TRACE] graph - -------> nonSkippedChar
2021-11-19T10:23:47,169|[TRACE] script - #out(`E`) [token]
2021-11-19T10:23:47,169|[TRACE] graph - <------- nonSkippedChar
2021-11-19T10:23:47,169|[TRACE] graph - <----- statementPart
2021-11-19T10:23:47,169|[TRACE] graph - -----> statementPart
2021-11-19T10:23:47,169|[TRACE] graph - -------> nonSkippedSpace
2021-11-19T10:23:47,169|[TRACE] script - #out(` `) [token]
2021-11-19T10:23:47,169|[TRACE] graph - <------- nonSkippedSpace
2021-11-19T10:23:47,169|[TRACE] graph - <----- statementPart
2021-11-19T10:23:47,169|[TRACE] graph - -----> statementPart
2021-11-19T10:23:47,169|[TRACE] graph - -------> nonSkippedChar
2021-11-19T10:23:47,169|[TRACE] script - #out(`=`) [token]
2021-11-19T10:23:47,169|[TRACE] graph - <------- nonSkippedChar
2021-11-19T10:23:47,169|[TRACE] graph - <----- statementPart
2021-11-19T10:23:47,169|[TRACE] graph - -----> statementPart
2021-11-19T10:23:47,169|[TRACE] graph - -------> nonSkippedSpace
2021-11-19T10:23:47,169|[TRACE] script - #out(` `) [token]
2021-11-19T10:23:47,169|[TRACE] graph - <------- nonSkippedSpace
2021-11-19T10:23:47,169|[TRACE] graph - <----- statementPart
2021-11-19T10:23:47,169|[TRACE] graph - -----> statementPart
2021-11-19T10:23:47,169|[TRACE] graph - -------> nonSkippedChar
2021-11-19T10:23:47,169|[TRACE] script - #out(`I`) [token]
2021-11-19T10:23:47,169|[TRACE] graph - <------- nonSkippedChar
2021-11-19T10:23:47,169|[TRACE] graph - <----- statementPart
2021-11-19T10:23:47,169|[TRACE] graph - -----> statementPart
2021-11-19T10:23:47,169|[TRACE] graph - -------> nonSkippedChar
2021-11-19T10:23:47,169|[TRACE] script - #out(`n`) [token]
2021-11-19T10:23:47,170|[TRACE] graph - <------- nonSkippedChar
2021-11-19T10:23:47,170|[TRACE] graph - <----- statementPart
2021-11-19T10:23:47,170|[TRACE] graph - -----> statementPart
2021-11-19T10:23:47,170|[TRACE] graph - -------> nonSkippedChar
2021-11-19T10:23:47,170|[TRACE] script - #out(`n`) [token]
2021-11-19T10:23:47,170|[TRACE] graph - <------- nonSkippedChar
2021-11-19T10:23:47,170|[TRACE] graph - <----- statementPart
2021-11-19T10:23:47,170|[TRACE] graph - -----> statementPart
2021-11-19T10:23:47,170|[TRACE] graph - -------> nonSkippedChar
2021-11-19T10:23:47,170|[TRACE] script - #out(`o`) [token]
2021-11-19T10:23:47,170|[TRACE] graph - <------- nonSkippedChar
2021-11-19T10:23:47,170|[TRACE] graph - <----- statementPart
2021-11-19T10:23:47,170|[TRACE] graph - -----> statementPart
2021-11-19T10:23:47,170|[TRACE] graph - -------> nonSkippedChar
2021-11-19T10:23:47,170|[TRACE] script - #out(`D`) [token]
2021-11-19T10:23:47,170|[TRACE] graph - <------- nonSkippedChar
2021-11-19T10:23:47,170|[TRACE] graph - <----- statementPart
2021-11-19T10:23:47,170|[TRACE] graph - -----> statementPart
2021-11-19T10:23:47,170|[TRACE] graph - -------> nonSkippedChar
2021-11-19T10:23:47,170|[TRACE] script - #out(`B`) [token]
2021-11-19T10:23:47,170|[TRACE] graph - <------- nonSkippedChar
2021-11-19T10:23:47,170|[TRACE] graph - <----- statementPart
2021-11-19T10:23:47,170|[DEBUG] graph - Import statement : CREATE TABLE IF NOT EXISTS `bloodbank`.`address` (   `address_id` INT NOT NULL AUTO_INCREMENT,   `street_number` VARCHAR(10) NOT NULL,   `street` VARCHAR(100) NOT NULL,   `city` VARCHAR(100) NOT NULL,   `province` VARCHAR(100) NOT NULL,   `country` VARCHAR(100) NOT NULL,   `zipcode` VARCHAR(100) NOT NULL,   `created` BIGINT NOT NULL DEFAULT (unix_timestamp(now()) * 1000),   `updated` BIGINT NOT NULL DEFAULT (unix_timestamp(now()) * 1000),   `version` INT NOT NULL DEFAULT 1,   PRIMARY KEY (`address_id`)) ENGINE = InnoDB
2021-11-19T10:23:47,170|[TRACE] graph - <--- statement
2021-11-19T10:23:47,170|[TRACE] graph - ---> blankSpacesToSkip
2021-11-19T10:23:47,170|[TRACE] graph - -----> newLineToSkip
2021-11-19T10:23:47,170|[TRACE] graph - <----- newLineToSkip
2021-11-19T10:23:47,170|[TRACE] graph - -----> newLineToSkip
2021-11-19T10:23:47,170|[TRACE] graph - <----- newLineToSkip
2021-11-19T10:23:47,170|[TRACE] graph - -----> newLineToSkip
2021-11-19T10:23:47,170|[TRACE] graph - <----- newLineToSkip
2021-11-19T10:23:47,170|[TRACE] graph - -----> newLineToSkip
2021-11-19T10:23:47,170|[TRACE] graph - <----- newLineToSkip
2021-11-19T10:23:47,170|[TRACE] graph - -----> newLineToSkip
2021-11-19T10:23:47,170|[TRACE] graph - <----- newLineToSkip
2021-11-19T10:23:47,170|[TRACE] graph - -----> newLineToSkip
2021-11-19T10:23:47,170|[TRACE] graph - <----- newLineToSkip
2021-11-19T10:23:47,170|[TRACE] graph - <--- blankSpacesToSkip
2021-11-19T10:23:47,170|[TRACE] graph - ---> statement
2021-11-19T10:23:47,170|[TRACE] graph - -----> statementFirstPart
2021-11-19T10:23:47,170|[TRACE] graph - -------> nonSkippedChar
2021-11-19T10:23:47,170|[TRACE] script - #out(`C`) [token]
2021-11-19T10:23:47,170|[TRACE] graph - <------- nonSkippedChar
2021-11-19T10:23:47,170|[TRACE] graph - <----- statementFirstPart
2021-11-19T10:23:47,170|[TRACE] graph - -----> statementPart
2021-11-19T10:23:47,170|[TRACE] graph - -------> nonSkippedChar
2021-11-19T10:23:47,170|[TRACE] script - #out(`R`) [token]
2021-11-19T10:23:47,170|[TRACE] graph - <------- nonSkippedChar
2021-11-19T10:23:47,170|[TRACE] graph - <----- statementPart
2021-11-19T10:23:47,170|[TRACE] graph - -----> statementPart
2021-11-19T10:23:47,170|[TRACE] graph - -------> nonSkippedChar
2021-11-19T10:23:47,170|[TRACE] script - #out(`E`) [token]
2021-11-19T10:23:47,170|[TRACE] graph - <------- nonSkippedChar
2021-11-19T10:23:47,170|[TRACE] graph - <----- statementPart
2021-11-19T10:23:47,170|[TRACE] graph - -----> statementPart
2021-11-19T10:23:47,170|[TRACE] graph - -------> nonSkippedChar
2021-11-19T10:23:47,170|[TRACE] script - #out(`A`) [token]
2021-11-19T10:23:47,170|[TRACE] graph - <------- nonSkippedChar
2021-11-19T10:23:47,170|[TRACE] graph - <----- statementPart
2021-11-19T10:23:47,170|[TRACE] graph - -----> statementPart
2021-11-19T10:23:47,170|[TRACE] graph - -------> nonSkippedChar
2021-11-19T10:23:47,170|[TRACE] script - #out(`T`) [token]
2021-11-19T10:23:47,170|[TRACE] graph - <------- nonSkippedChar
2021-11-19T10:23:47,170|[TRACE] graph - <----- statementPart
2021-11-19T10:23:47,170|[TRACE] graph - -----> statementPart
2021-11-19T10:23:47,170|[TRACE] graph - -------> nonSkippedChar
2021-11-19T10:23:47,170|[TRACE] script - #out(`E`) [token]
2021-11-19T10:23:47,170|[TRACE] graph - <------- nonSkippedChar
2021-11-19T10:23:47,170|[TRACE] graph - <----- statementPart
2021-11-19T10:23:47,170|[TRACE] graph - -----> statementPart
2021-11-19T10:23:47,170|[TRACE] graph - -------> nonSkippedSpace
2021-11-19T10:23:47,170|[TRACE] script - #out(` `) [token]
2021-11-19T10:23:47,170|[TRACE] graph - <------- nonSkippedSpace
2021-11-19T10:23:47,170|[TRACE] graph - <----- statementPart
2021-11-19T10:23:47,170|[TRACE] graph - -----> statementPart
2021-11-19T10:23:47,170|[TRACE] graph - -------> nonSkippedChar
2021-11-19T10:23:47,170|[TRACE] script - #out(`T`) [token]
2021-11-19T10:23:47,170|[TRACE] graph - <------- nonSkippedChar
2021-11-19T10:23:47,170|[TRACE] graph - <----- statementPart
2021-11-19T10:23:47,170|[TRACE] graph - -----> statementPart
2021-11-19T10:23:47,170|[TRACE] graph - -------> nonSkippedChar
2021-11-19T10:23:47,170|[TRACE] script - #out(`A`) [token]
2021-11-19T10:23:47,170|[TRACE] graph - <------- nonSkippedChar
2021-11-19T10:23:47,170|[TRACE] graph - <----- statementPart
2021-11-19T10:23:47,170|[TRACE] graph - -----> statementPart
2021-11-19T10:23:47,170|[TRACE] graph - -------> nonSkippedChar
2021-11-19T10:23:47,170|[TRACE] script - #out(`B`) [token]
2021-11-19T10:23:47,170|[TRACE] graph - <------- nonSkippedChar
2021-11-19T10:23:47,170|[TRACE] graph - <----- statementPart
2021-11-19T10:23:47,170|[TRACE] graph - -----> statementPart
2021-11-19T10:23:47,170|[TRACE] graph - -------> nonSkippedChar
2021-11-19T10:23:47,170|[TRACE] script - #out(`L`) [token]
2021-11-19T10:23:47,170|[TRACE] graph - <------- nonSkippedChar
2021-11-19T10:23:47,170|[TRACE] graph - <----- statementPart
2021-11-19T10:23:47,170|[TRACE] graph - -----> statementPart
2021-11-19T10:23:47,170|[TRACE] graph - -------> nonSkippedChar
2021-11-19T10:23:47,170|[TRACE] script - #out(`E`) [token]
2021-11-19T10:23:47,170|[TRACE] graph - <------- nonSkippedChar
2021-11-19T10:23:47,170|[TRACE] graph - <----- statementPart
2021-11-19T10:23:47,170|[TRACE] graph - -----> statementPart
2021-11-19T10:23:47,170|[TRACE] graph - -------> nonSkippedSpace
2021-11-19T10:23:47,170|[TRACE] script - #out(` `) [token]
2021-11-19T10:23:47,170|[TRACE] graph - <------- nonSkippedSpace
2021-11-19T10:23:47,170|[TRACE] graph - <----- statementPart
2021-11-19T10:23:47,170|[TRACE] graph - -----> statementPart
2021-11-19T10:23:47,170|[TRACE] graph - -------> nonSkippedChar
2021-11-19T10:23:47,170|[TRACE] script - #out(`I`) [token]
2021-11-19T10:23:47,170|[TRACE] graph - <------- nonSkippedChar
2021-11-19T10:23:47,170|[TRACE] graph - <----- statementPart
2021-11-19T10:23:47,236|[TRACE] graph - -----> statementPart
2021-11-19T10:23:47,236|[TRACE] graph - -------> nonSkippedChar
2021-11-19T10:23:47,236|[TRACE] script - #out(`F`) [token]
2021-11-19T10:23:47,236|[TRACE] graph - <------- nonSkippedChar
2021-11-19T10:23:47,236|[TRACE] graph - <----- statementPart
2021-11-19T10:23:47,236|[TRACE] graph - -----> statementPart
2021-11-19T10:23:47,236|[TRACE] graph - -------> nonSkippedSpace
2021-11-19T10:23:47,236|[TRACE] script - #out(` `) [token]
2021-11-19T10:23:47,236|[TRACE] graph - <------- nonSkippedSpace
2021-11-19T10:23:47,236|[TRACE] graph - <----- statementPart
2021-11-19T10:23:47,236|[TRACE] graph - -----> statementPart
2021-11-19T10:23:47,236|[TRACE] graph - -------> nonSkippedChar
2021-11-19T10:23:47,236|[TRACE] script - #out(`N`) [token]
2021-11-19T10:23:47,236|[TRACE] graph - <------- nonSkippedChar
2021-11-19T10:23:47,236|[TRACE] graph - <----- statementPart
2021-11-19T10:23:47,236|[TRACE] graph - -----> statementPart
2021-11-19T10:23:47,236|[TRACE] graph - -------> nonSkippedChar
2021-11-19T10:23:47,236|[TRACE] script - #out(`O`) [token]
2021-11-19T10:23:47,236|[TRACE] graph - <------- nonSkippedChar
2021-11-19T10:23:47,236|[TRACE] graph - <----- statementPart
2021-11-19T10:23:47,236|[TRACE] graph - -----> statementPart
2021-11-19T10:23:47,236|[TRACE] graph - -------> nonSkippedChar
2021-11-19T10:23:47,236|[TRACE] script - #out(`T`) [token]
2021-11-19T10:23:47,236|[TRACE] graph - <------- nonSkippedChar
2021-11-19T10:23:47,236|[TRACE] graph - <----- statementPart
2021-11-19T10:23:47,236|[TRACE] graph - -----> statementPart
2021-11-19T10:23:47,236|[TRACE] graph - -------> nonSkippedSpace
2021-11-19T10:23:47,236|[TRACE] script - #out(` `) [token]
2021-11-19T10:23:47,236|[TRACE] graph - <------- nonSkippedSpace
2021-11-19T10:23:47,236|[TRACE] graph - <----- statementPart
2021-11-19T10:23:47,236|[TRACE] graph - -----> statementPart
2021-11-19T10:23:47,236|[TRACE] graph - -------> nonSkippedChar
2021-11-19T10:23:47,236|[TRACE] script - #out(`E`) [token]
2021-11-19T10:23:47,236|[TRACE] graph - <------- nonSkippedChar
2021-11-19T10:23:47,236|[TRACE] graph - <----- statementPart
2021-11-19T10:23:47,236|[TRACE] graph - -----> statementPart
2021-11-19T10:23:47,236|[TRACE] graph - -------> nonSkippedChar
2021-11-19T10:23:47,236|[TRACE] script - #out(`X`) [token]
2021-11-19T10:23:47,236|[TRACE] graph - <------- nonSkippedChar
2021-11-19T10:23:47,236|[TRACE] graph - <----- statementPart
2021-11-19T10:23:47,236|[TRACE] graph - -----> statementPart
2021-11-19T10:23:47,236|[TRACE] graph - -------> nonSkippedChar
2021-11-19T10:23:47,236|[TRACE] script - #out(`I`) [token]
2021-11-19T10:23:47,236|[TRACE] graph - <------- nonSkippedChar
2021-11-19T10:23:47,236|[TRACE] graph - <----- statementPart
2021-11-19T10:23:47,236|[TRACE] graph - -----> statementPart
2021-11-19T10:23:47,236|[TRACE] graph - -------> nonSkippedChar
2021-11-19T10:23:47,236|[TRACE] script - #out(`S`) [token]
2021-11-19T10:23:47,236|[TRACE] graph - <------- nonSkippedChar
2021-11-19T10:23:47,236|[TRACE] graph - <----- statementPart
2021-11-19T10:23:47,237|[TRACE] graph - -----> statementPart
2021-11-19T10:23:47,237|[TRACE] graph - -------> nonSkippedChar
2021-11-19T10:23:47,237|[TRACE] script - #out(`T`) [token]
2021-11-19T10:23:47,237|[TRACE] graph - <------- nonSkippedChar
2021-11-19T10:23:47,237|[TRACE] graph - <----- statementPart
2021-11-19T10:23:47,237|[TRACE] graph - -----> statementPart
2021-11-19T10:23:47,237|[TRACE] graph - -------> nonSkippedChar
2021-11-19T10:23:47,237|[TRACE] script - #out(`S`) [token]
2021-11-19T10:23:47,237|[TRACE] graph - <------- nonSkippedChar
2021-11-19T10:23:47,237|[TRACE] graph - <----- statementPart
2021-11-19T10:23:47,237|[TRACE] graph - -----> statementPart
2021-11-19T10:23:47,237|[TRACE] graph - -------> nonSkippedSpace
2021-11-19T10:23:47,237|[TRACE] script - #out(` `) [token]
2021-11-19T10:23:47,237|[TRACE] graph - <------- nonSkippedSpace
2021-11-19T10:23:47,237|[TRACE] graph - <----- statementPart
2021-11-19T10:23:47,237|[TRACE] graph - -----> statementPart
2021-11-19T10:23:47,237|[TRACE] graph - -------> quotedString
2021-11-19T10:23:47,237|[TRACE] script - #out(``bloodbank``) [token]
2021-11-19T10:23:47,237|[TRACE] graph - <------- quotedString
2021-11-19T10:23:47,237|[TRACE] graph - <----- statementPart
2021-11-19T10:23:47,237|[TRACE] graph - -----> statementPart
2021-11-19T10:23:47,237|[TRACE] graph - -------> nonSkippedChar
2021-11-19T10:23:47,237|[TRACE] script - #out(`.`) [token]
2021-11-19T10:23:47,237|[TRACE] graph - <------- nonSkippedChar
2021-11-19T10:23:47,237|[TRACE] graph - <----- statementPart
2021-11-19T10:23:47,237|[TRACE] graph - -----> statementPart
2021-11-19T10:23:47,237|[TRACE] graph - -------> quotedString
2021-11-19T10:23:47,237|[TRACE] script - #out(``phone``) [token]
2021-11-19T10:23:47,237|[TRACE] graph - <------- quotedString
2021-11-19T10:23:47,237|[TRACE] graph - <----- statementPart
2021-11-19T10:23:47,237|[TRACE] graph - -----> statementPart
2021-11-19T10:23:47,237|[TRACE] graph - -------> nonSkippedSpace
2021-11-19T10:23:47,237|[TRACE] script - #out(` `) [token]
2021-11-19T10:23:47,237|[TRACE] graph - <------- nonSkippedSpace
2021-11-19T10:23:47,237|[TRACE] graph - <----- statementPart
2021-11-19T10:23:47,237|[TRACE] graph - -----> statementPart
2021-11-19T10:23:47,237|[TRACE] graph - -------> nonSkippedChar
2021-11-19T10:23:47,237|[TRACE] script - #out(`(`) [token]
2021-11-19T10:23:47,237|[TRACE] graph - <------- nonSkippedChar
2021-11-19T10:23:47,237|[TRACE] graph - <----- statementPart
2021-11-19T10:23:47,237|[TRACE] graph - -----> afterStatementPartNewline
2021-11-19T10:23:47,237|[TRACE] script - #out(` `) [text]
2021-11-19T10:23:47,237|[TRACE] graph - <----- afterStatementPartNewline
2021-11-19T10:23:47,237|[TRACE] graph - -----> statementPart
2021-11-19T10:23:47,237|[TRACE] graph - -------> nonSkippedSpace
2021-11-19T10:23:47,237|[TRACE] script - #out(` `) [token]
2021-11-19T10:23:47,237|[TRACE] graph - <------- nonSkippedSpace
2021-11-19T10:23:47,237|[TRACE] graph - <----- statementPart
2021-11-19T10:23:47,237|[TRACE] graph - -----> statementPart
2021-11-19T10:23:47,237|[TRACE] graph - -------> nonSkippedSpace
2021-11-19T10:23:47,237|[TRACE] script - #out(` `) [token]
2021-11-19T10:23:47,237|[TRACE] graph - <------- nonSkippedSpace
2021-11-19T10:23:47,237|[TRACE] graph - <----- statementPart
2021-11-19T10:23:47,237|[TRACE] graph - -----> statementPart
2021-11-19T10:23:47,237|[TRACE] graph - -------> quotedString
2021-11-19T10:23:47,237|[TRACE] script - #out(``phone_id``) [token]
2021-11-19T10:23:47,237|[TRACE] graph - <------- quotedString
2021-11-19T10:23:47,237|[TRACE] graph - <----- statementPart
2021-11-19T10:23:47,237|[TRACE] graph - -----> statementPart
2021-11-19T10:23:47,237|[TRACE] graph - -------> nonSkippedSpace
2021-11-19T10:23:47,237|[TRACE] script - #out(` `) [token]
2021-11-19T10:23:47,237|[TRACE] graph - <------- nonSkippedSpace
2021-11-19T10:23:47,237|[TRACE] graph - <----- statementPart
2021-11-19T10:23:47,237|[TRACE] graph - -----> statementPart
2021-11-19T10:23:47,237|[TRACE] graph - -------> nonSkippedChar
2021-11-19T10:23:47,237|[TRACE] script - #out(`I`) [token]
2021-11-19T10:23:47,237|[TRACE] graph - <------- nonSkippedChar
2021-11-19T10:23:47,237|[TRACE] graph - <----- statementPart
2021-11-19T10:23:47,237|[TRACE] graph - -----> statementPart
2021-11-19T10:23:47,237|[TRACE] graph - -------> nonSkippedChar
2021-11-19T10:23:47,237|[TRACE] script - #out(`N`) [token]
2021-11-19T10:23:47,237|[TRACE] graph - <------- nonSkippedChar
2021-11-19T10:23:47,237|[TRACE] graph - <----- statementPart
2021-11-19T10:23:47,237|[TRACE] graph - -----> statementPart
2021-11-19T10:23:47,237|[TRACE] graph - -------> nonSkippedChar
2021-11-19T10:23:47,237|[TRACE] script - #out(`T`) [token]
2021-11-19T10:23:47,237|[TRACE] graph - <------- nonSkippedChar
2021-11-19T10:23:47,237|[TRACE] graph - <----- statementPart
2021-11-19T10:23:47,237|[TRACE] graph - -----> statementPart
2021-11-19T10:23:47,237|[TRACE] graph - -------> nonSkippedSpace
2021-11-19T10:23:47,237|[TRACE] script - #out(` `) [token]
2021-11-19T10:23:47,237|[TRACE] graph - <------- nonSkippedSpace
2021-11-19T10:23:47,237|[TRACE] graph - <----- statementPart
2021-11-19T10:23:47,237|[TRACE] graph - -----> statementPart
2021-11-19T10:23:47,237|[TRACE] graph - -------> nonSkippedChar
2021-11-19T10:23:47,237|[TRACE] script - #out(`N`) [token]
2021-11-19T10:23:47,237|[TRACE] graph - <------- nonSkippedChar
2021-11-19T10:23:47,237|[TRACE] graph - <----- statementPart
2021-11-19T10:23:47,237|[TRACE] graph - -----> statementPart
2021-11-19T10:23:47,237|[TRACE] graph - -------> nonSkippedChar
2021-11-19T10:23:47,237|[TRACE] script - #out(`O`) [token]
2021-11-19T10:23:47,237|[TRACE] graph - <------- nonSkippedChar
2021-11-19T10:23:47,237|[TRACE] graph - <----- statementPart
2021-11-19T10:23:47,237|[TRACE] graph - -----> statementPart
2021-11-19T10:23:47,237|[TRACE] graph - -------> nonSkippedChar
2021-11-19T10:23:47,237|[TRACE] script - #out(`T`) [token]
2021-11-19T10:23:47,237|[TRACE] graph - <------- nonSkippedChar
2021-11-19T10:23:47,237|[TRACE] graph - <----- statementPart
2021-11-19T10:23:47,237|[TRACE] graph - -----> statementPart
2021-11-19T10:23:47,237|[TRACE] graph - -------> nonSkippedSpace
2021-11-19T10:23:47,237|[TRACE] script - #out(` `) [token]
2021-11-19T10:23:47,237|[TRACE] graph - <------- nonSkippedSpace
2021-11-19T10:23:47,237|[TRACE] graph - <----- statementPart
2021-11-19T10:23:47,237|[TRACE] graph - -----> statementPart
2021-11-19T10:23:47,237|[TRACE] graph - -------> nonSkippedChar
2021-11-19T10:23:47,237|[TRACE] script - #out(`N`) [token]
2021-11-19T10:23:47,237|[TRACE] graph - <------- nonSkippedChar
2021-11-19T10:23:47,237|[TRACE] graph - <----- statementPart
2021-11-19T10:23:47,237|[TRACE] graph - -----> statementPart
2021-11-19T10:23:47,237|[TRACE] graph - -------> nonSkippedChar
2021-11-19T10:23:47,237|[TRACE] script - #out(`U`) [token]
2021-11-19T10:23:47,237|[TRACE] graph - <------- nonSkippedChar
2021-11-19T10:23:47,237|[TRACE] graph - <----- statementPart
2021-11-19T10:23:47,237|[TRACE] graph - -----> statementPart
2021-11-19T10:23:47,237|[TRACE] graph - -------> nonSkippedChar
2021-11-19T10:23:47,237|[TRACE] script - #out(`L`) [token]
2021-11-19T10:23:47,237|[TRACE] graph - <------- nonSkippedChar
2021-11-19T10:23:47,237|[TRACE] graph - <----- statementPart
2021-11-19T10:23:47,237|[TRACE] graph - -----> statementPart
2021-11-19T10:23:47,237|[TRACE] graph - -------> nonSkippedChar
2021-11-19T10:23:47,237|[TRACE] script - #out(`L`) [token]
2021-11-19T10:23:47,237|[TRACE] graph - <------- nonSkippedChar
2021-11-19T10:23:47,237|[TRACE] graph - <----- statementPart
2021-11-19T10:23:47,237|[TRACE] graph - -----> statementPart
2021-11-19T10:23:47,237|[TRACE] graph - -------> nonSkippedSpace
2021-11-19T10:23:47,237|[TRACE] script - #out(` `) [token]
2021-11-19T10:23:47,237|[TRACE] graph - <------- nonSkippedSpace
2021-11-19T10:23:47,237|[TRACE] graph - <----- statementPart
2021-11-19T10:23:47,237|[TRACE] graph - -----> statementPart
2021-11-19T10:23:47,237|[TRACE] graph - -------> nonSkippedChar
2021-11-19T10:23:47,237|[TRACE] script - #out(`A`) [token]
2021-11-19T10:23:47,237|[TRACE] graph - <------- nonSkippedChar
2021-11-19T10:23:47,237|[TRACE] graph - <----- statementPart
2021-11-19T10:23:47,237|[TRACE] graph - -----> statementPart
2021-11-19T10:23:47,237|[TRACE] graph - -------> nonSkippedChar
2021-11-19T10:23:47,237|[TRACE] script - #out(`U`) [token]
2021-11-19T10:23:47,237|[TRACE] graph - <------- nonSkippedChar
2021-11-19T10:23:47,237|[TRACE] graph - <----- statementPart
2021-11-19T10:23:47,237|[TRACE] graph - -----> statementPart
2021-11-19T10:23:47,237|[TRACE] graph - -------> nonSkippedChar
2021-11-19T10:23:47,237|[TRACE] script - #out(`T`) [token]
2021-11-19T10:23:47,237|[TRACE] graph - <------- nonSkippedChar
2021-11-19T10:23:47,237|[TRACE] graph - <----- statementPart
2021-11-19T10:23:47,237|[TRACE] graph - -----> statementPart
2021-11-19T10:23:47,237|[TRACE] graph - -------> nonSkippedChar
2021-11-19T10:23:47,237|[TRACE] script - #out(`O`) [token]
2021-11-19T10:23:47,237|[TRACE] graph - <------- nonSkippedChar
2021-11-19T10:23:47,237|[TRACE] graph - <----- statementPart
2021-11-19T10:23:47,237|[TRACE] graph - -----> statementPart
2021-11-19T10:23:47,237|[TRACE] graph - -------> nonSkippedChar
2021-11-19T10:23:47,237|[TRACE] script - #out(`_`) [token]
2021-11-19T10:23:47,237|[TRACE] graph - <------- nonSkippedChar
2021-11-19T10:23:47,237|[TRACE] graph - <----- statementPart
2021-11-19T10:23:47,237|[TRACE] graph - -----> statementPart
2021-11-19T10:23:47,237|[TRACE] graph - -------> nonSkippedChar
2021-11-19T10:23:47,237|[TRACE] script - #out(`I`) [token]
2021-11-19T10:23:47,237|[TRACE] graph - <------- nonSkippedChar
2021-11-19T10:23:47,237|[TRACE] graph - <----- statementPart
2021-11-19T10:23:47,237|[TRACE] graph - -----> statementPart
2021-11-19T10:23:47,237|[TRACE] graph - -------> nonSkippedChar
2021-11-19T10:23:47,237|[TRACE] script - #out(`N`) [token]
2021-11-19T10:23:47,237|[TRACE] graph - <------- nonSkippedChar
2021-11-19T10:23:47,237|[TRACE] graph - <----- statementPart
2021-11-19T10:23:47,237|[TRACE] graph - -----> statementPart
2021-11-19T10:23:47,237|[TRACE] graph - -------> nonSkippedChar
2021-11-19T10:23:47,237|[TRACE] script - #out(`C`) [token]
2021-11-19T10:23:47,237|[TRACE] graph - <------- nonSkippedChar
2021-11-19T10:23:47,237|[TRACE] graph - <----- statementPart
2021-11-19T10:23:47,237|[TRACE] graph - -----> statementPart
2021-11-19T10:23:47,237|[TRACE] graph - -------> nonSkippedChar
2021-11-19T10:23:47,237|[TRACE] script - #out(`R`) [token]
2021-11-19T10:23:47,237|[TRACE] graph - <------- nonSkippedChar
2021-11-19T10:23:47,237|[TRACE] graph - <----- statementPart
2021-11-19T10:23:47,237|[TRACE] graph - -----> statementPart
2021-11-19T10:23:47,237|[TRACE] graph - -------> nonSkippedChar
2021-11-19T10:23:47,237|[TRACE] script - #out(`E`) [token]
2021-11-19T10:23:47,237|[TRACE] graph - <------- nonSkippedChar
2021-11-19T10:23:47,237|[TRACE] graph - <----- statementPart
2021-11-19T10:23:47,237|[TRACE] graph - -----> statementPart
2021-11-19T10:23:47,237|[TRACE] graph - -------> nonSkippedChar
2021-11-19T10:23:47,237|[TRACE] script - #out(`M`) [token]
2021-11-19T10:23:47,237|[TRACE] graph - <------- nonSkippedChar
2021-11-19T10:23:47,237|[TRACE] graph - <----- statementPart
2021-11-19T10:23:47,237|[TRACE] graph - -----> statementPart
2021-11-19T10:23:47,237|[TRACE] graph - -------> nonSkippedChar
2021-11-19T10:23:47,237|[TRACE] script - #out(`E`) [token]
2021-11-19T10:23:47,237|[TRACE] graph - <------- nonSkippedChar
2021-11-19T10:23:47,237|[TRACE] graph - <----- statementPart
2021-11-19T10:23:47,237|[TRACE] graph - -----> statementPart
2021-11-19T10:23:47,237|[TRACE] graph - -------> nonSkippedChar
2021-11-19T10:23:47,237|[TRACE] script - #out(`N`) [token]
2021-11-19T10:23:47,237|[TRACE] graph - <------- nonSkippedChar
2021-11-19T10:23:47,237|[TRACE] graph - <----- statementPart
2021-11-19T10:23:47,237|[TRACE] graph - -----> statementPart
2021-11-19T10:23:47,237|[TRACE] graph - -------> nonSkippedChar
2021-11-19T10:23:47,237|[TRACE] script - #out(`T`) [token]
2021-11-19T10:23:47,237|[TRACE] graph - <------- nonSkippedChar
2021-11-19T10:23:47,237|[TRACE] graph - <----- statementPart
2021-11-19T10:23:47,237|[TRACE] graph - -----> statementPart
2021-11-19T10:23:47,237|[TRACE] graph - -------> nonSkippedChar
2021-11-19T10:23:47,237|[TRACE] script - #out(`,`) [token]
2021-11-19T10:23:47,237|[TRACE] graph - <------- nonSkippedChar
2021-11-19T10:23:47,237|[TRACE] graph - <----- statementPart
2021-11-19T10:23:47,237|[TRACE] graph - -----> afterStatementPartNewline
2021-11-19T10:23:47,237|[TRACE] script - #out(` `) [text]
2021-11-19T10:23:47,237|[TRACE] graph - <----- afterStatementPartNewline
2021-11-19T10:23:47,237|[TRACE] graph - -----> statementPart
2021-11-19T10:23:47,237|[TRACE] graph - -------> nonSkippedSpace
2021-11-19T10:23:47,237|[TRACE] script - #out(` `) [token]
2021-11-19T10:23:47,237|[TRACE] graph - <------- nonSkippedSpace
2021-11-19T10:23:47,237|[TRACE] graph - <----- statementPart
2021-11-19T10:23:47,237|[TRACE] graph - -----> statementPart
2021-11-19T10:23:47,237|[TRACE] graph - -------> nonSkippedSpace
2021-11-19T10:23:47,237|[TRACE] script - #out(` `) [token]
2021-11-19T10:23:47,237|[TRACE] graph - <------- nonSkippedSpace
2021-11-19T10:23:47,237|[TRACE] graph - <----- statementPart
2021-11-19T10:23:47,237|[TRACE] graph - -----> statementPart
2021-11-19T10:23:47,237|[TRACE] graph - -------> quotedString
2021-11-19T10:23:47,237|[TRACE] script - #out(``country_code``) [token]
2021-11-19T10:23:47,237|[TRACE] graph - <------- quotedString
2021-11-19T10:23:47,237|[TRACE] graph - <----- statementPart
2021-11-19T10:23:47,237|[TRACE] graph - -----> statementPart
2021-11-19T10:23:47,237|[TRACE] graph - -------> nonSkippedSpace
2021-11-19T10:23:47,237|[TRACE] script - #out(` `) [token]
2021-11-19T10:23:47,237|[TRACE] graph - <------- nonSkippedSpace
2021-11-19T10:23:47,237|[TRACE] graph - <----- statementPart
2021-11-19T10:23:47,237|[TRACE] graph - -----> statementPart
2021-11-19T10:23:47,237|[TRACE] graph - -------> nonSkippedChar
2021-11-19T10:23:47,237|[TRACE] script - #out(`V`) [token]
2021-11-19T10:23:47,237|[TRACE] graph - <------- nonSkippedChar
2021-11-19T10:23:47,237|[TRACE] graph - <----- statementPart
2021-11-19T10:23:47,237|[TRACE] graph - -----> statementPart
2021-11-19T10:23:47,237|[TRACE] graph - -------> nonSkippedChar
2021-11-19T10:23:47,237|[TRACE] script - #out(`A`) [token]
2021-11-19T10:23:47,237|[TRACE] graph - <------- nonSkippedChar
2021-11-19T10:23:47,237|[TRACE] graph - <----- statementPart
2021-11-19T10:23:47,237|[TRACE] graph - -----> statementPart
2021-11-19T10:23:47,237|[TRACE] graph - -------> nonSkippedChar
2021-11-19T10:23:47,237|[TRACE] script - #out(`R`) [token]
2021-11-19T10:23:47,237|[TRACE] graph - <------- nonSkippedChar
2021-11-19T10:23:47,237|[TRACE] graph - <----- statementPart
2021-11-19T10:23:47,237|[TRACE] graph - -----> statementPart
2021-11-19T10:23:47,237|[TRACE] graph - -------> nonSkippedChar
2021-11-19T10:23:47,237|[TRACE] script - #out(`C`) [token]
2021-11-19T10:23:47,237|[TRACE] graph - <------- nonSkippedChar
2021-11-19T10:23:47,237|[TRACE] graph - <----- statementPart
2021-11-19T10:23:47,237|[TRACE] graph - -----> statementPart
2021-11-19T10:23:47,237|[TRACE] graph - -------> nonSkippedChar
2021-11-19T10:23:47,237|[TRACE] script - #out(`H`) [token]
2021-11-19T10:23:47,237|[TRACE] graph - <------- nonSkippedChar
2021-11-19T10:23:47,237|[TRACE] graph - <----- statementPart
2021-11-19T10:23:47,237|[TRACE] graph - -----> statementPart
2021-11-19T10:23:47,237|[TRACE] graph - -------> nonSkippedChar
2021-11-19T10:23:47,237|[TRACE] script - #out(`A`) [token]
2021-11-19T10:23:47,237|[TRACE] graph - <------- nonSkippedChar
2021-11-19T10:23:47,237|[TRACE] graph - <----- statementPart
2021-11-19T10:23:47,237|[TRACE] graph - -----> statementPart
2021-11-19T10:23:47,237|[TRACE] graph - -------> nonSkippedChar
2021-11-19T10:23:47,237|[TRACE] script - #out(`R`) [token]
2021-11-19T10:23:47,237|[TRACE] graph - <------- nonSkippedChar
2021-11-19T10:23:47,237|[TRACE] graph - <----- statementPart
2021-11-19T10:23:47,237|[TRACE] graph - -----> statementPart
2021-11-19T10:23:47,237|[TRACE] graph - -------> nonSkippedChar
2021-11-19T10:23:47,237|[TRACE] script - #out(`(`) [token]
2021-11-19T10:23:47,237|[TRACE] graph - <------- nonSkippedChar
2021-11-19T10:23:47,237|[TRACE] graph - <----- statementPart
2021-11-19T10:23:47,237|[TRACE] graph - -----> statementPart
2021-11-19T10:23:47,237|[TRACE] graph - -------> nonSkippedChar
2021-11-19T10:23:47,237|[TRACE] script - #out(`1`) [token]
2021-11-19T10:23:47,237|[TRACE] graph - <------- nonSkippedChar
2021-11-19T10:23:47,237|[TRACE] graph - <----- statementPart
2021-11-19T10:23:47,237|[TRACE] graph - -----> statementPart
2021-11-19T10:23:47,237|[TRACE] graph - -------> nonSkippedChar
2021-11-19T10:23:47,237|[TRACE] script - #out(`0`) [token]
2021-11-19T10:23:47,237|[TRACE] graph - <------- nonSkippedChar
2021-11-19T10:23:47,237|[TRACE] graph - <----- statementPart
2021-11-19T10:23:47,237|[TRACE] graph - -----> statementPart
2021-11-19T10:23:47,237|[TRACE] graph - -------> nonSkippedChar
2021-11-19T10:23:47,237|[TRACE] script - #out(`)`) [token]
2021-11-19T10:23:47,237|[TRACE] graph - <------- nonSkippedChar
2021-11-19T10:23:47,237|[TRACE] graph - <----- statementPart
2021-11-19T10:23:47,237|[TRACE] graph - -----> statementPart
2021-11-19T10:23:47,237|[TRACE] graph - -------> nonSkippedSpace
2021-11-19T10:23:47,238|[TRACE] script - #out(` `) [token]
2021-11-19T10:23:47,238|[TRACE] graph - <------- nonSkippedSpace
2021-11-19T10:23:47,238|[TRACE] graph - <----- statementPart
2021-11-19T10:23:47,238|[TRACE] graph - -----> statementPart
2021-11-19T10:23:47,238|[TRACE] graph - -------> nonSkippedChar
2021-11-19T10:23:47,238|[TRACE] script - #out(`N`) [token]
2021-11-19T10:23:47,238|[TRACE] graph - <------- nonSkippedChar
2021-11-19T10:23:47,238|[TRACE] graph - <----- statementPart
2021-11-19T10:23:47,238|[TRACE] graph - -----> statementPart
2021-11-19T10:23:47,238|[TRACE] graph - -------> nonSkippedChar
2021-11-19T10:23:47,238|[TRACE] script - #out(`O`) [token]
2021-11-19T10:23:47,238|[TRACE] graph - <------- nonSkippedChar
2021-11-19T10:23:47,238|[TRACE] graph - <----- statementPart
2021-11-19T10:23:47,238|[TRACE] graph - -----> statementPart
2021-11-19T10:23:47,238|[TRACE] graph - -------> nonSkippedChar
2021-11-19T10:23:47,238|[TRACE] script - #out(`T`) [token]
2021-11-19T10:23:47,238|[TRACE] graph - <------- nonSkippedChar
2021-11-19T10:23:47,238|[TRACE] graph - <----- statementPart
2021-11-19T10:23:47,238|[TRACE] graph - -----> statementPart
2021-11-19T10:23:47,238|[TRACE] graph - -------> nonSkippedSpace
2021-11-19T10:23:47,238|[TRACE] script - #out(` `) [token]
2021-11-19T10:23:47,238|[TRACE] graph - <------- nonSkippedSpace
2021-11-19T10:23:47,238|[TRACE] graph - <----- statementPart
2021-11-19T10:23:47,238|[TRACE] graph - -----> statementPart
2021-11-19T10:23:47,238|[TRACE] graph - -------> nonSkippedChar
2021-11-19T10:23:47,238|[TRACE] script - #out(`N`) [token]
2021-11-19T10:23:47,238|[TRACE] graph - <------- nonSkippedChar
2021-11-19T10:23:47,238|[TRACE] graph - <----- statementPart
2021-11-19T10:23:47,238|[TRACE] graph - -----> statementPart
2021-11-19T10:23:47,238|[TRACE] graph - -------> nonSkippedChar
2021-11-19T10:23:47,238|[TRACE] script - #out(`U`) [token]
2021-11-19T10:23:47,238|[TRACE] graph - <------- nonSkippedChar
2021-11-19T10:23:47,238|[TRACE] graph - <----- statementPart
2021-11-19T10:23:47,238|[TRACE] graph - -----> statementPart
2021-11-19T10:23:47,238|[TRACE] graph - -------> nonSkippedChar
2021-11-19T10:23:47,238|[TRACE] script - #out(`L`) [token]
2021-11-19T10:23:47,238|[TRACE] graph - <------- nonSkippedChar
2021-11-19T10:23:47,238|[TRACE] graph - <----- statementPart
2021-11-19T10:23:47,238|[TRACE] graph - -----> statementPart
2021-11-19T10:23:47,238|[TRACE] graph - -------> nonSkippedChar
2021-11-19T10:23:47,238|[TRACE] script - #out(`L`) [token]
2021-11-19T10:23:47,238|[TRACE] graph - <------- nonSkippedChar
2021-11-19T10:23:47,238|[TRACE] graph - <----- statementPart
2021-11-19T10:23:47,238|[TRACE] graph - -----> statementPart
2021-11-19T10:23:47,238|[TRACE] graph - -------> nonSkippedSpace
2021-11-19T10:23:47,238|[TRACE] script - #out(` `) [token]
2021-11-19T10:23:47,238|[TRACE] graph - <------- nonSkippedSpace
2021-11-19T10:23:47,238|[TRACE] graph - <----- statementPart
2021-11-19T10:23:47,238|[TRACE] graph - -----> statementPart
2021-11-19T10:23:47,238|[TRACE] graph - -------> nonSkippedChar
2021-11-19T10:23:47,238|[TRACE] script - #out(`D`) [token]
2021-11-19T10:23:47,238|[TRACE] graph - <------- nonSkippedChar
2021-11-19T10:23:47,238|[TRACE] graph - <----- statementPart
2021-11-19T10:23:47,238|[TRACE] graph - -----> statementPart
2021-11-19T10:23:47,238|[TRACE] graph - -------> nonSkippedChar
2021-11-19T10:23:47,238|[TRACE] script - #out(`E`) [token]
2021-11-19T10:23:47,238|[TRACE] graph - <------- nonSkippedChar
2021-11-19T10:23:47,238|[TRACE] graph - <----- statementPart
2021-11-19T10:23:47,238|[TRACE] graph - -----> statementPart
2021-11-19T10:23:47,238|[TRACE] graph - -------> nonSkippedChar
2021-11-19T10:23:47,238|[TRACE] script - #out(`F`) [token]
2021-11-19T10:23:47,238|[TRACE] graph - <------- nonSkippedChar
2021-11-19T10:23:47,238|[TRACE] graph - <----- statementPart
2021-11-19T10:23:47,238|[TRACE] graph - -----> statementPart
2021-11-19T10:23:47,238|[TRACE] graph - -------> nonSkippedChar
2021-11-19T10:23:47,238|[TRACE] script - #out(`A`) [token]
2021-11-19T10:23:47,238|[TRACE] graph - <------- nonSkippedChar
2021-11-19T10:23:47,238|[TRACE] graph - <----- statementPart
2021-11-19T10:23:47,238|[TRACE] graph - -----> statementPart
2021-11-19T10:23:47,238|[TRACE] graph - -------> nonSkippedChar
2021-11-19T10:23:47,238|[TRACE] script - #out(`U`) [token]
2021-11-19T10:23:47,238|[TRACE] graph - <------- nonSkippedChar
2021-11-19T10:23:47,238|[TRACE] graph - <----- statementPart
2021-11-19T10:23:47,238|[TRACE] graph - -----> statementPart
2021-11-19T10:23:47,238|[TRACE] graph - -------> nonSkippedChar
2021-11-19T10:23:47,238|[TRACE] script - #out(`L`) [token]
2021-11-19T10:23:47,238|[TRACE] graph - <------- nonSkippedChar
2021-11-19T10:23:47,238|[TRACE] graph - <----- statementPart
2021-11-19T10:23:47,238|[TRACE] graph - -----> statementPart
2021-11-19T10:23:47,238|[TRACE] graph - -------> nonSkippedChar
2021-11-19T10:23:47,238|[TRACE] script - #out(`T`) [token]
2021-11-19T10:23:47,238|[TRACE] graph - <------- nonSkippedChar
2021-11-19T10:23:47,238|[TRACE] graph - <----- statementPart
2021-11-19T10:23:47,238|[TRACE] graph - -----> statementPart
2021-11-19T10:23:47,238|[TRACE] graph - -------> nonSkippedSpace
2021-11-19T10:23:47,238|[TRACE] script - #out(` `) [token]
2021-11-19T10:23:47,238|[TRACE] graph - <------- nonSkippedSpace
2021-11-19T10:23:47,238|[TRACE] graph - <----- statementPart
2021-11-19T10:23:47,238|[TRACE] graph - -----> statementPart
2021-11-19T10:23:47,238|[TRACE] graph - -------> quotedString
2021-11-19T10:23:47,238|[TRACE] script - #out(`'1'`) [token]
2021-11-19T10:23:47,238|[TRACE] graph - <------- quotedString
2021-11-19T10:23:47,238|[TRACE] graph - <----- statementPart
2021-11-19T10:23:47,238|[TRACE] graph - -----> statementPart
2021-11-19T10:23:47,238|[TRACE] graph - -------> nonSkippedChar
2021-11-19T10:23:47,238|[TRACE] script - #out(`,`) [token]
2021-11-19T10:23:47,238|[TRACE] graph - <------- nonSkippedChar
2021-11-19T10:23:47,238|[TRACE] graph - <----- statementPart
2021-11-19T10:23:47,238|[TRACE] graph - -----> afterStatementPartNewline
2021-11-19T10:23:47,238|[TRACE] script - #out(` `) [text]
2021-11-19T10:23:47,238|[TRACE] graph - <----- afterStatementPartNewline
2021-11-19T10:23:47,238|[TRACE] graph - -----> statementPart
2021-11-19T10:23:47,238|[TRACE] graph - -------> nonSkippedSpace
2021-11-19T10:23:47,238|[TRACE] script - #out(` `) [token]
2021-11-19T10:23:47,238|[TRACE] graph - <------- nonSkippedSpace
2021-11-19T10:23:47,238|[TRACE] graph - <----- statementPart
2021-11-19T10:23:47,238|[TRACE] graph - -----> statementPart
2021-11-19T10:23:47,238|[TRACE] graph - -------> nonSkippedSpace
2021-11-19T10:23:47,238|[TRACE] script - #out(` `) [token]
2021-11-19T10:23:47,238|[TRACE] graph - <------- nonSkippedSpace
2021-11-19T10:23:47,238|[TRACE] graph - <----- statementPart
2021-11-19T10:23:47,238|[TRACE] graph - -----> statementPart
2021-11-19T10:23:47,238|[TRACE] graph - -------> quotedString
2021-11-19T10:23:47,238|[TRACE] script - #out(``area_code``) [token]
2021-11-19T10:23:47,238|[TRACE] graph - <------- quotedString
2021-11-19T10:23:47,238|[TRACE] graph - <----- statementPart
2021-11-19T10:23:47,238|[TRACE] graph - -----> statementPart
2021-11-19T10:23:47,238|[TRACE] graph - -------> nonSkippedSpace
2021-11-19T10:23:47,238|[TRACE] script - #out(` `) [token]
2021-11-19T10:23:47,238|[TRACE] graph - <------- nonSkippedSpace
2021-11-19T10:23:47,238|[TRACE] graph - <----- statementPart
2021-11-19T10:23:47,238|[TRACE] graph - -----> statementPart
2021-11-19T10:23:47,238|[TRACE] graph - -------> nonSkippedChar
2021-11-19T10:23:47,238|[TRACE] script - #out(`V`) [token]
2021-11-19T10:23:47,238|[TRACE] graph - <------- nonSkippedChar
2021-11-19T10:23:47,238|[TRACE] graph - <----- statementPart
2021-11-19T10:23:47,238|[TRACE] graph - -----> statementPart
2021-11-19T10:23:47,238|[TRACE] graph - -------> nonSkippedChar
2021-11-19T10:23:47,238|[TRACE] script - #out(`A`) [token]
2021-11-19T10:23:47,238|[TRACE] graph - <------- nonSkippedChar
2021-11-19T10:23:47,238|[TRACE] graph - <----- statementPart
2021-11-19T10:23:47,292|[TRACE] graph - -----> statementPart
2021-11-19T10:23:47,292|[TRACE] graph - -------> nonSkippedChar
2021-11-19T10:23:47,292|[TRACE] script - #out(`R`) [token]
2021-11-19T10:23:47,292|[TRACE] graph - <------- nonSkippedChar
2021-11-19T10:23:47,292|[TRACE] graph - <----- statementPart
2021-11-19T10:23:47,292|[TRACE] graph - -----> statementPart
2021-11-19T10:23:47,292|[TRACE] graph - -------> nonSkippedChar
2021-11-19T10:23:47,292|[TRACE] script - #out(`C`) [token]
2021-11-19T10:23:47,292|[TRACE] graph - <------- nonSkippedChar
2021-11-19T10:23:47,292|[TRACE] graph - <----- statementPart
2021-11-19T10:23:47,292|[TRACE] graph - -----> statementPart
2021-11-19T10:23:47,292|[TRACE] graph - -------> nonSkippedChar
2021-11-19T10:23:47,292|[TRACE] script - #out(`H`) [token]
2021-11-19T10:23:47,292|[TRACE] graph - <------- nonSkippedChar
2021-11-19T10:23:47,292|[TRACE] graph - <----- statementPart
2021-11-19T10:23:47,292|[TRACE] graph - -----> statementPart
2021-11-19T10:23:47,292|[TRACE] graph - -------> nonSkippedChar
2021-11-19T10:23:47,292|[TRACE] script - #out(`A`) [token]
2021-11-19T10:23:47,292|[TRACE] graph - <------- nonSkippedChar
2021-11-19T10:23:47,292|[TRACE] graph - <----- statementPart
2021-11-19T10:23:47,292|[TRACE] graph - -----> statementPart
2021-11-19T10:23:47,292|[TRACE] graph - -------> nonSkippedChar
2021-11-19T10:23:47,292|[TRACE] script - #out(`R`) [token]
2021-11-19T10:23:47,292|[TRACE] graph - <------- nonSkippedChar
2021-11-19T10:23:47,292|[TRACE] graph - <----- statementPart
2021-11-19T10:23:47,292|[TRACE] graph - -----> statementPart
2021-11-19T10:23:47,292|[TRACE] graph - -------> nonSkippedChar
2021-11-19T10:23:47,292|[TRACE] script - #out(`(`) [token]
2021-11-19T10:23:47,292|[TRACE] graph - <------- nonSkippedChar
2021-11-19T10:23:47,292|[TRACE] graph - <----- statementPart
2021-11-19T10:23:47,292|[TRACE] graph - -----> statementPart
2021-11-19T10:23:47,292|[TRACE] graph - -------> nonSkippedChar
2021-11-19T10:23:47,292|[TRACE] script - #out(`1`) [token]
2021-11-19T10:23:47,292|[TRACE] graph - <------- nonSkippedChar
2021-11-19T10:23:47,292|[TRACE] graph - <----- statementPart
2021-11-19T10:23:47,292|[TRACE] graph - -----> statementPart
2021-11-19T10:23:47,292|[TRACE] graph - -------> nonSkippedChar
2021-11-19T10:23:47,292|[TRACE] script - #out(`0`) [token]
2021-11-19T10:23:47,292|[TRACE] graph - <------- nonSkippedChar
2021-11-19T10:23:47,292|[TRACE] graph - <----- statementPart
2021-11-19T10:23:47,292|[TRACE] graph - -----> statementPart
2021-11-19T10:23:47,292|[TRACE] graph - -------> nonSkippedChar
2021-11-19T10:23:47,292|[TRACE] script - #out(`)`) [token]
2021-11-19T10:23:47,292|[TRACE] graph - <------- nonSkippedChar
2021-11-19T10:23:47,292|[TRACE] graph - <----- statementPart
2021-11-19T10:23:47,292|[TRACE] graph - -----> statementPart
2021-11-19T10:23:47,292|[TRACE] graph - -------> nonSkippedSpace
2021-11-19T10:23:47,292|[TRACE] script - #out(` `) [token]
2021-11-19T10:23:47,292|[TRACE] graph - <------- nonSkippedSpace
2021-11-19T10:23:47,292|[TRACE] graph - <----- statementPart
2021-11-19T10:23:47,292|[TRACE] graph - -----> statementPart
2021-11-19T10:23:47,292|[TRACE] graph - -------> nonSkippedChar
2021-11-19T10:23:47,292|[TRACE] script - #out(`N`) [token]
2021-11-19T10:23:47,292|[TRACE] graph - <------- nonSkippedChar
2021-11-19T10:23:47,292|[TRACE] graph - <----- statementPart
2021-11-19T10:23:47,292|[TRACE] graph - -----> statementPart
2021-11-19T10:23:47,292|[TRACE] graph - -------> nonSkippedChar
2021-11-19T10:23:47,292|[TRACE] script - #out(`O`) [token]
2021-11-19T10:23:47,292|[TRACE] graph - <------- nonSkippedChar
2021-11-19T10:23:47,292|[TRACE] graph - <----- statementPart
2021-11-19T10:23:47,292|[TRACE] graph - -----> statementPart
2021-11-19T10:23:47,292|[TRACE] graph - -------> nonSkippedChar
2021-11-19T10:23:47,292|[TRACE] script - #out(`T`) [token]
2021-11-19T10:23:47,292|[TRACE] graph - <------- nonSkippedChar
2021-11-19T10:23:47,292|[TRACE] graph - <----- statementPart
2021-11-19T10:23:47,292|[TRACE] graph - -----> statementPart
2021-11-19T10:23:47,292|[TRACE] graph - -------> nonSkippedSpace
2021-11-19T10:23:47,292|[TRACE] script - #out(` `) [token]
2021-11-19T10:23:47,292|[TRACE] graph - <------- nonSkippedSpace
2021-11-19T10:23:47,292|[TRACE] graph - <----- statementPart
2021-11-19T10:23:47,292|[TRACE] graph - -----> statementPart
2021-11-19T10:23:47,292|[TRACE] graph - -------> nonSkippedChar
2021-11-19T10:23:47,292|[TRACE] script - #out(`N`) [token]
2021-11-19T10:23:47,292|[TRACE] graph - <------- nonSkippedChar
2021-11-19T10:23:47,292|[TRACE] graph - <----- statementPart
2021-11-19T10:23:47,292|[TRACE] graph - -----> statementPart
2021-11-19T10:23:47,292|[TRACE] graph - -------> nonSkippedChar
2021-11-19T10:23:47,292|[TRACE] script - #out(`U`) [token]
2021-11-19T10:23:47,292|[TRACE] graph - <------- nonSkippedChar
2021-11-19T10:23:47,292|[TRACE] graph - <----- statementPart
2021-11-19T10:23:47,292|[TRACE] graph - -----> statementPart
2021-11-19T10:23:47,292|[TRACE] graph - -------> nonSkippedChar
2021-11-19T10:23:47,292|[TRACE] script - #out(`L`) [token]
2021-11-19T10:23:47,292|[TRACE] graph - <------- nonSkippedChar
2021-11-19T10:23:47,292|[TRACE] graph - <----- statementPart
2021-11-19T10:23:47,292|[TRACE] graph - -----> statementPart
2021-11-19T10:23:47,292|[TRACE] graph - -------> nonSkippedChar
2021-11-19T10:23:47,292|[TRACE] script - #out(`L`) [token]
2021-11-19T10:23:47,292|[TRACE] graph - <------- nonSkippedChar
2021-11-19T10:23:47,292|[TRACE] graph - <----- statementPart
2021-11-19T10:23:47,292|[TRACE] graph - -----> statementPart
2021-11-19T10:23:47,292|[TRACE] graph - -------> nonSkippedChar
2021-11-19T10:23:47,292|[TRACE] script - #out(`,`) [token]
2021-11-19T10:23:47,292|[TRACE] graph - <------- nonSkippedChar
2021-11-19T10:23:47,292|[TRACE] graph - <----- statementPart
2021-11-19T10:23:47,292|[TRACE] graph - -----> afterStatementPartNewline
2021-11-19T10:23:47,292|[TRACE] script - #out(` `) [text]
2021-11-19T10:23:47,292|[TRACE] graph - <----- afterStatementPartNewline
2021-11-19T10:23:47,292|[TRACE] graph - -----> statementPart
2021-11-19T10:23:47,292|[TRACE] graph - -------> nonSkippedSpace
2021-11-19T10:23:47,292|[TRACE] script - #out(` `) [token]
2021-11-19T10:23:47,292|[TRACE] graph - <------- nonSkippedSpace
2021-11-19T10:23:47,292|[TRACE] graph - <----- statementPart
2021-11-19T10:23:47,292|[TRACE] graph - -----> statementPart
2021-11-19T10:23:47,292|[TRACE] graph - -------> nonSkippedSpace
2021-11-19T10:23:47,292|[TRACE] script - #out(` `) [token]
2021-11-19T10:23:47,292|[TRACE] graph - <------- nonSkippedSpace
2021-11-19T10:23:47,292|[TRACE] graph - <----- statementPart
2021-11-19T10:23:47,292|[TRACE] graph - -----> statementPart
2021-11-19T10:23:47,292|[TRACE] graph - -------> quotedString
2021-11-19T10:23:47,292|[TRACE] script - #out(``number``) [token]
2021-11-19T10:23:47,292|[TRACE] graph - <------- quotedString
2021-11-19T10:23:47,292|[TRACE] graph - <----- statementPart
2021-11-19T10:23:47,292|[TRACE] graph - -----> statementPart
2021-11-19T10:23:47,292|[TRACE] graph - -------> nonSkippedSpace
2021-11-19T10:23:47,292|[TRACE] script - #out(` `) [token]
2021-11-19T10:23:47,292|[TRACE] graph - <------- nonSkippedSpace
2021-11-19T10:23:47,292|[TRACE] graph - <----- statementPart
2021-11-19T10:23:47,292|[TRACE] graph - -----> statementPart
2021-11-19T10:23:47,292|[TRACE] graph - -------> nonSkippedChar
2021-11-19T10:23:47,292|[TRACE] script - #out(`V`) [token]
2021-11-19T10:23:47,292|[TRACE] graph - <------- nonSkippedChar
2021-11-19T10:23:47,292|[TRACE] graph - <----- statementPart
2021-11-19T10:23:47,292|[TRACE] graph - -----> statementPart
2021-11-19T10:23:47,292|[TRACE] graph - -------> nonSkippedChar
2021-11-19T10:23:47,292|[TRACE] script - #out(`A`) [token]
2021-11-19T10:23:47,292|[TRACE] graph - <------- nonSkippedChar
2021-11-19T10:23:47,292|[TRACE] graph - <----- statementPart
2021-11-19T10:23:47,292|[TRACE] graph - -----> statementPart
2021-11-19T10:23:47,292|[TRACE] graph - -------> nonSkippedChar
2021-11-19T10:23:47,292|[TRACE] script - #out(`R`) [token]
2021-11-19T10:23:47,292|[TRACE] graph - <------- nonSkippedChar
2021-11-19T10:23:47,292|[TRACE] graph - <----- statementPart
2021-11-19T10:23:47,292|[TRACE] graph - -----> statementPart
2021-11-19T10:23:47,292|[TRACE] graph - -------> nonSkippedChar
2021-11-19T10:23:47,292|[TRACE] script - #out(`C`) [token]
2021-11-19T10:23:47,292|[TRACE] graph - <------- nonSkippedChar
2021-11-19T10:23:47,292|[TRACE] graph - <----- statementPart
2021-11-19T10:23:47,292|[TRACE] graph - -----> statementPart
2021-11-19T10:23:47,292|[TRACE] graph - -------> nonSkippedChar
2021-11-19T10:23:47,292|[TRACE] script - #out(`H`) [token]
2021-11-19T10:23:47,292|[TRACE] graph - <------- nonSkippedChar
2021-11-19T10:23:47,292|[TRACE] graph - <----- statementPart
2021-11-19T10:23:47,292|[TRACE] graph - -----> statementPart
2021-11-19T10:23:47,292|[TRACE] graph - -------> nonSkippedChar
2021-11-19T10:23:47,292|[TRACE] script - #out(`A`) [token]
2021-11-19T10:23:47,292|[TRACE] graph - <------- nonSkippedChar
2021-11-19T10:23:47,292|[TRACE] graph - <----- statementPart
2021-11-19T10:23:47,292|[TRACE] graph - -----> statementPart
2021-11-19T10:23:47,292|[TRACE] graph - -------> nonSkippedChar
2021-11-19T10:23:47,292|[TRACE] script - #out(`R`) [token]
2021-11-19T10:23:47,292|[TRACE] graph - <------- nonSkippedChar
2021-11-19T10:23:47,292|[TRACE] graph - <----- statementPart
2021-11-19T10:23:47,292|[TRACE] graph - -----> statementPart
2021-11-19T10:23:47,292|[TRACE] graph - -------> nonSkippedChar
2021-11-19T10:23:47,292|[TRACE] script - #out(`(`) [token]
2021-11-19T10:23:47,292|[TRACE] graph - <------- nonSkippedChar
2021-11-19T10:23:47,292|[TRACE] graph - <----- statementPart
2021-11-19T10:23:47,292|[TRACE] graph - -----> statementPart
2021-11-19T10:23:47,292|[TRACE] graph - -------> nonSkippedChar
2021-11-19T10:23:47,292|[TRACE] script - #out(`1`) [token]
2021-11-19T10:23:47,292|[TRACE] graph - <------- nonSkippedChar
2021-11-19T10:23:47,292|[TRACE] graph - <----- statementPart
2021-11-19T10:23:47,292|[TRACE] graph - -----> statementPart
2021-11-19T10:23:47,292|[TRACE] graph - -------> nonSkippedChar
2021-11-19T10:23:47,292|[TRACE] script - #out(`0`) [token]
2021-11-19T10:23:47,292|[TRACE] graph - <------- nonSkippedChar
2021-11-19T10:23:47,292|[TRACE] graph - <----- statementPart
2021-11-19T10:23:47,292|[TRACE] graph - -----> statementPart
2021-11-19T10:23:47,292|[TRACE] graph - -------> nonSkippedChar
2021-11-19T10:23:47,292|[TRACE] script - #out(`)`) [token]
2021-11-19T10:23:47,292|[TRACE] graph - <------- nonSkippedChar
2021-11-19T10:23:47,292|[TRACE] graph - <----- statementPart
2021-11-19T10:23:47,292|[TRACE] graph - -----> statementPart
2021-11-19T10:23:47,292|[TRACE] graph - -------> nonSkippedSpace
2021-11-19T10:23:47,292|[TRACE] script - #out(` `) [token]
2021-11-19T10:23:47,292|[TRACE] graph - <------- nonSkippedSpace
2021-11-19T10:23:47,292|[TRACE] graph - <----- statementPart
2021-11-19T10:23:47,292|[TRACE] graph - -----> statementPart
2021-11-19T10:23:47,292|[TRACE] graph - -------> nonSkippedChar
2021-11-19T10:23:47,292|[TRACE] script - #out(`N`) [token]
2021-11-19T10:23:47,292|[TRACE] graph - <------- nonSkippedChar
2021-11-19T10:23:47,292|[TRACE] graph - <----- statementPart
2021-11-19T10:23:47,292|[TRACE] graph - -----> statementPart
2021-11-19T10:23:47,292|[TRACE] graph - -------> nonSkippedChar
2021-11-19T10:23:47,292|[TRACE] script - #out(`O`) [token]
2021-11-19T10:23:47,292|[TRACE] graph - <------- nonSkippedChar
2021-11-19T10:23:47,292|[TRACE] graph - <----- statementPart
2021-11-19T10:23:47,292|[TRACE] graph - -----> statementPart
2021-11-19T10:23:47,292|[TRACE] graph - -------> nonSkippedChar
2021-11-19T10:23:47,292|[TRACE] script - #out(`T`) [token]
2021-11-19T10:23:47,292|[TRACE] graph - <------- nonSkippedChar
2021-11-19T10:23:47,292|[TRACE] graph - <----- statementPart
2021-11-19T10:23:47,292|[TRACE] graph - -----> statementPart
2021-11-19T10:23:47,292|[TRACE] graph - -------> nonSkippedSpace
2021-11-19T10:23:47,292|[TRACE] script - #out(` `) [token]
2021-11-19T10:23:47,292|[TRACE] graph - <------- nonSkippedSpace
2021-11-19T10:23:47,292|[TRACE] graph - <----- statementPart
2021-11-19T10:23:47,292|[TRACE] graph - -----> statementPart
2021-11-19T10:23:47,292|[TRACE] graph - -------> nonSkippedChar
2021-11-19T10:23:47,292|[TRACE] script - #out(`N`) [token]
2021-11-19T10:23:47,292|[TRACE] graph - <------- nonSkippedChar
2021-11-19T10:23:47,292|[TRACE] graph - <----- statementPart
2021-11-19T10:23:47,292|[TRACE] graph - -----> statementPart
2021-11-19T10:23:47,292|[TRACE] graph - -------> nonSkippedChar
2021-11-19T10:23:47,292|[TRACE] script - #out(`U`) [token]
2021-11-19T10:23:47,292|[TRACE] graph - <------- nonSkippedChar
2021-11-19T10:23:47,292|[TRACE] graph - <----- statementPart
2021-11-19T10:23:47,292|[TRACE] graph - -----> statementPart
2021-11-19T10:23:47,292|[TRACE] graph - -------> nonSkippedChar
2021-11-19T10:23:47,292|[TRACE] script - #out(`L`) [token]
2021-11-19T10:23:47,292|[TRACE] graph - <------- nonSkippedChar
2021-11-19T10:23:47,292|[TRACE] graph - <----- statementPart
2021-11-19T10:23:47,292|[TRACE] graph - -----> statementPart
2021-11-19T10:23:47,292|[TRACE] graph - -------> nonSkippedChar
2021-11-19T10:23:47,292|[TRACE] script - #out(`L`) [token]
2021-11-19T10:23:47,292|[TRACE] graph - <------- nonSkippedChar
2021-11-19T10:23:47,292|[TRACE] graph - <----- statementPart
2021-11-19T10:23:47,292|[TRACE] graph - -----> statementPart
2021-11-19T10:23:47,292|[TRACE] graph - -------> nonSkippedChar
2021-11-19T10:23:47,292|[TRACE] script - #out(`,`) [token]
2021-11-19T10:23:47,292|[TRACE] graph - <------- nonSkippedChar
2021-11-19T10:23:47,292|[TRACE] graph - <----- statementPart
2021-11-19T10:23:47,292|[TRACE] graph - -----> afterStatementPartNewline
2021-11-19T10:23:47,292|[TRACE] script - #out(` `) [text]
2021-11-19T10:23:47,292|[TRACE] graph - <----- afterStatementPartNewline
2021-11-19T10:23:47,293|[TRACE] graph - -----> statementPart
2021-11-19T10:23:47,293|[TRACE] graph - -------> nonSkippedSpace
2021-11-19T10:23:47,293|[TRACE] script - #out(` `) [token]
2021-11-19T10:23:47,293|[TRACE] graph - <------- nonSkippedSpace
2021-11-19T10:23:47,293|[TRACE] graph - <----- statementPart
2021-11-19T10:23:47,293|[TRACE] graph - -----> statementPart
2021-11-19T10:23:47,293|[TRACE] graph - -------> nonSkippedSpace
2021-11-19T10:23:47,293|[TRACE] script - #out(` `) [token]
2021-11-19T10:23:47,293|[TRACE] graph - <------- nonSkippedSpace
2021-11-19T10:23:47,293|[TRACE] graph - <----- statementPart
2021-11-19T10:23:47,293|[TRACE] graph - -----> statementPart
2021-11-19T10:23:47,293|[TRACE] graph - -------> quotedString
2021-11-19T10:23:47,293|[TRACE] script - #out(``created``) [token]
2021-11-19T10:23:47,293|[TRACE] graph - <------- quotedString
2021-11-19T10:23:47,293|[TRACE] graph - <----- statementPart
2021-11-19T10:23:47,293|[TRACE] graph - -----> statementPart
2021-11-19T10:23:47,293|[TRACE] graph - -------> nonSkippedSpace
2021-11-19T10:23:47,293|[TRACE] script - #out(` `) [token]
2021-11-19T10:23:47,293|[TRACE] graph - <------- nonSkippedSpace
2021-11-19T10:23:47,293|[TRACE] graph - <----- statementPart
2021-11-19T10:23:47,293|[TRACE] graph - -----> statementPart
2021-11-19T10:23:47,293|[TRACE] graph - -------> nonSkippedChar
2021-11-19T10:23:47,293|[TRACE] script - #out(`B`) [token]
2021-11-19T10:23:47,293|[TRACE] graph - <------- nonSkippedChar
2021-11-19T10:23:47,293|[TRACE] graph - <----- statementPart
2021-11-19T10:23:47,293|[TRACE] graph - -----> statementPart
2021-11-19T10:23:47,293|[TRACE] graph - -------> nonSkippedChar
2021-11-19T10:23:47,293|[TRACE] script - #out(`I`) [token]
2021-11-19T10:23:47,293|[TRACE] graph - <------- nonSkippedChar
2021-11-19T10:23:47,293|[TRACE] graph - <----- statementPart
2021-11-19T10:23:47,293|[TRACE] graph - -----> statementPart
2021-11-19T10:23:47,293|[TRACE] graph - -------> nonSkippedChar
2021-11-19T10:23:47,293|[TRACE] script - #out(`G`) [token]
2021-11-19T10:23:47,293|[TRACE] graph - <------- nonSkippedChar
2021-11-19T10:23:47,293|[TRACE] graph - <----- statementPart
2021-11-19T10:23:47,293|[TRACE] graph - -----> statementPart
2021-11-19T10:23:47,293|[TRACE] graph - -------> nonSkippedChar
2021-11-19T10:23:47,293|[TRACE] script - #out(`I`) [token]
2021-11-19T10:23:47,293|[TRACE] graph - <------- nonSkippedChar
2021-11-19T10:23:47,293|[TRACE] graph - <----- statementPart
2021-11-19T10:23:47,293|[TRACE] graph - -----> statementPart
2021-11-19T10:23:47,293|[TRACE] graph - -------> nonSkippedChar
2021-11-19T10:23:47,293|[TRACE] script - #out(`N`) [token]
2021-11-19T10:23:47,293|[TRACE] graph - <------- nonSkippedChar
2021-11-19T10:23:47,293|[TRACE] graph - <----- statementPart
2021-11-19T10:23:47,293|[TRACE] graph - -----> statementPart
2021-11-19T10:23:47,293|[TRACE] graph - -------> nonSkippedChar
2021-11-19T10:23:47,293|[TRACE] script - #out(`T`) [token]
2021-11-19T10:23:47,293|[TRACE] graph - <------- nonSkippedChar
2021-11-19T10:23:47,293|[TRACE] graph - <----- statementPart
2021-11-19T10:23:47,293|[TRACE] graph - -----> statementPart
2021-11-19T10:23:47,293|[TRACE] graph - -------> nonSkippedSpace
2021-11-19T10:23:47,293|[TRACE] script - #out(` `) [token]
2021-11-19T10:23:47,293|[TRACE] graph - <------- nonSkippedSpace
2021-11-19T10:23:47,293|[TRACE] graph - <----- statementPart
2021-11-19T10:23:47,293|[TRACE] graph - -----> statementPart
2021-11-19T10:23:47,293|[TRACE] graph - -------> nonSkippedChar
2021-11-19T10:23:47,293|[TRACE] script - #out(`N`) [token]
2021-11-19T10:23:47,293|[TRACE] graph - <------- nonSkippedChar
2021-11-19T10:23:47,293|[TRACE] graph - <----- statementPart
2021-11-19T10:23:47,293|[TRACE] graph - -----> statementPart
2021-11-19T10:23:47,293|[TRACE] graph - -------> nonSkippedChar
2021-11-19T10:23:47,293|[TRACE] script - #out(`O`) [token]
2021-11-19T10:23:47,293|[TRACE] graph - <------- nonSkippedChar
2021-11-19T10:23:47,293|[TRACE] graph - <----- statementPart
2021-11-19T10:23:47,293|[TRACE] graph - -----> statementPart
2021-11-19T10:23:47,293|[TRACE] graph - -------> nonSkippedChar
2021-11-19T10:23:47,293|[TRACE] script - #out(`T`) [token]
2021-11-19T10:23:47,293|[TRACE] graph - <------- nonSkippedChar
2021-11-19T10:23:47,293|[TRACE] graph - <----- statementPart
2021-11-19T10:23:47,293|[TRACE] graph - -----> statementPart
2021-11-19T10:23:47,293|[TRACE] graph - -------> nonSkippedSpace
2021-11-19T10:23:47,293|[TRACE] script - #out(` `) [token]
2021-11-19T10:23:47,293|[TRACE] graph - <------- nonSkippedSpace
2021-11-19T10:23:47,293|[TRACE] graph - <----- statementPart
2021-11-19T10:23:47,293|[TRACE] graph - -----> statementPart
2021-11-19T10:23:47,293|[TRACE] graph - -------> nonSkippedChar
2021-11-19T10:23:47,293|[TRACE] script - #out(`N`) [token]
2021-11-19T10:23:47,293|[TRACE] graph - <------- nonSkippedChar
2021-11-19T10:23:47,293|[TRACE] graph - <----- statementPart
2021-11-19T10:23:47,293|[TRACE] graph - -----> statementPart
2021-11-19T10:23:47,293|[TRACE] graph - -------> nonSkippedChar
2021-11-19T10:23:47,293|[TRACE] script - #out(`U`) [token]
2021-11-19T10:23:47,293|[TRACE] graph - <------- nonSkippedChar
2021-11-19T10:23:47,293|[TRACE] graph - <----- statementPart
2021-11-19T10:23:47,293|[TRACE] graph - -----> statementPart
2021-11-19T10:23:47,293|[TRACE] graph - -------> nonSkippedChar
2021-11-19T10:23:47,293|[TRACE] script - #out(`L`) [token]
2021-11-19T10:23:47,293|[TRACE] graph - <------- nonSkippedChar
2021-11-19T10:23:47,293|[TRACE] graph - <----- statementPart
2021-11-19T10:23:47,293|[TRACE] graph - -----> statementPart
2021-11-19T10:23:47,293|[TRACE] graph - -------> nonSkippedChar
2021-11-19T10:23:47,293|[TRACE] script - #out(`L`) [token]
2021-11-19T10:23:47,293|[TRACE] graph - <------- nonSkippedChar
2021-11-19T10:23:47,293|[TRACE] graph - <----- statementPart
2021-11-19T10:23:47,293|[TRACE] graph - -----> statementPart
2021-11-19T10:23:47,293|[TRACE] graph - -------> nonSkippedSpace
2021-11-19T10:23:47,293|[TRACE] script - #out(` `) [token]
2021-11-19T10:23:47,293|[TRACE] graph - <------- nonSkippedSpace
2021-11-19T10:23:47,293|[TRACE] graph - <----- statementPart
2021-11-19T10:23:47,293|[TRACE] graph - -----> statementPart
2021-11-19T10:23:47,293|[TRACE] graph - -------> nonSkippedChar
2021-11-19T10:23:47,293|[TRACE] script - #out(`D`) [token]
2021-11-19T10:23:47,293|[TRACE] graph - <------- nonSkippedChar
2021-11-19T10:23:47,293|[TRACE] graph - <----- statementPart
2021-11-19T10:23:47,293|[TRACE] graph - -----> statementPart
2021-11-19T10:23:47,293|[TRACE] graph - -------> nonSkippedChar
2021-11-19T10:23:47,293|[TRACE] script - #out(`E`) [token]
2021-11-19T10:23:47,293|[TRACE] graph - <------- nonSkippedChar
2021-11-19T10:23:47,293|[TRACE] graph - <----- statementPart
2021-11-19T10:23:47,293|[TRACE] graph - -----> statementPart
2021-11-19T10:23:47,293|[TRACE] graph - -------> nonSkippedChar
2021-11-19T10:23:47,293|[TRACE] script - #out(`F`) [token]
2021-11-19T10:23:47,293|[TRACE] graph - <------- nonSkippedChar
2021-11-19T10:23:47,293|[TRACE] graph - <----- statementPart
2021-11-19T10:23:47,293|[TRACE] graph - -----> statementPart
2021-11-19T10:23:47,293|[TRACE] graph - -------> nonSkippedChar
2021-11-19T10:23:47,293|[TRACE] script - #out(`A`) [token]
2021-11-19T10:23:47,293|[TRACE] graph - <------- nonSkippedChar
2021-11-19T10:23:47,293|[TRACE] graph - <----- statementPart
2021-11-19T10:23:47,293|[TRACE] graph - -----> statementPart
2021-11-19T10:23:47,293|[TRACE] graph - -------> nonSkippedChar
2021-11-19T10:23:47,293|[TRACE] script - #out(`U`) [token]
2021-11-19T10:23:47,293|[TRACE] graph - <------- nonSkippedChar
2021-11-19T10:23:47,293|[TRACE] graph - <----- statementPart
2021-11-19T10:23:47,293|[TRACE] graph - -----> statementPart
2021-11-19T10:23:47,293|[TRACE] graph - -------> nonSkippedChar
2021-11-19T10:23:47,293|[TRACE] script - #out(`L`) [token]
2021-11-19T10:23:47,293|[TRACE] graph - <------- nonSkippedChar
2021-11-19T10:23:47,293|[TRACE] graph - <----- statementPart
2021-11-19T10:23:47,293|[TRACE] graph - -----> statementPart
2021-11-19T10:23:47,293|[TRACE] graph - -------> nonSkippedChar
2021-11-19T10:23:47,293|[TRACE] script - #out(`T`) [token]
2021-11-19T10:23:47,293|[TRACE] graph - <------- nonSkippedChar
2021-11-19T10:23:47,293|[TRACE] graph - <----- statementPart
2021-11-19T10:23:47,293|[TRACE] graph - -----> statementPart
2021-11-19T10:23:47,293|[TRACE] graph - -------> nonSkippedSpace
2021-11-19T10:23:47,293|[TRACE] script - #out(` `) [token]
2021-11-19T10:23:47,293|[TRACE] graph - <------- nonSkippedSpace
2021-11-19T10:23:47,293|[TRACE] graph - <----- statementPart
2021-11-19T10:23:47,293|[TRACE] graph - -----> statementPart
2021-11-19T10:23:47,293|[TRACE] graph - -------> nonSkippedChar
2021-11-19T10:23:47,293|[TRACE] script - #out(`(`) [token]
2021-11-19T10:23:47,293|[TRACE] graph - <------- nonSkippedChar
2021-11-19T10:23:47,293|[TRACE] graph - <----- statementPart
2021-11-19T10:23:47,293|[TRACE] graph - -----> statementPart
2021-11-19T10:23:47,293|[TRACE] graph - -------> nonSkippedChar
2021-11-19T10:23:47,293|[TRACE] script - #out(`u`) [token]
2021-11-19T10:23:47,293|[TRACE] graph - <------- nonSkippedChar
2021-11-19T10:23:47,293|[TRACE] graph - <----- statementPart
2021-11-19T10:23:47,293|[TRACE] graph - -----> statementPart
2021-11-19T10:23:47,293|[TRACE] graph - -------> nonSkippedChar
2021-11-19T10:23:47,293|[TRACE] script - #out(`n`) [token]
2021-11-19T10:23:47,293|[TRACE] graph - <------- nonSkippedChar
2021-11-19T10:23:47,293|[TRACE] graph - <----- statementPart
2021-11-19T10:23:47,293|[TRACE] graph - -----> statementPart
2021-11-19T10:23:47,293|[TRACE] graph - -------> nonSkippedChar
2021-11-19T10:23:47,293|[TRACE] script - #out(`i`) [token]
2021-11-19T10:23:47,293|[TRACE] graph - <------- nonSkippedChar
2021-11-19T10:23:47,293|[TRACE] graph - <----- statementPart
2021-11-19T10:23:47,293|[TRACE] graph - -----> statementPart
2021-11-19T10:23:47,293|[TRACE] graph - -------> nonSkippedChar
2021-11-19T10:23:47,293|[TRACE] script - #out(`x`) [token]
2021-11-19T10:23:47,293|[TRACE] graph - <------- nonSkippedChar
2021-11-19T10:23:47,293|[TRACE] graph - <----- statementPart
2021-11-19T10:23:47,293|[TRACE] graph - -----> statementPart
2021-11-19T10:23:47,293|[TRACE] graph - -------> nonSkippedChar
2021-11-19T10:23:47,293|[TRACE] script - #out(`_`) [token]
2021-11-19T10:23:47,293|[TRACE] graph - <------- nonSkippedChar
2021-11-19T10:23:47,293|[TRACE] graph - <----- statementPart
2021-11-19T10:23:47,293|[TRACE] graph - -----> statementPart
2021-11-19T10:23:47,293|[TRACE] graph - -------> nonSkippedChar
2021-11-19T10:23:47,293|[TRACE] script - #out(`t`) [token]
2021-11-19T10:23:47,293|[TRACE] graph - <------- nonSkippedChar
2021-11-19T10:23:47,293|[TRACE] graph - <----- statementPart
2021-11-19T10:23:47,293|[TRACE] graph - -----> statementPart
2021-11-19T10:23:47,293|[TRACE] graph - -------> nonSkippedChar
2021-11-19T10:23:47,293|[TRACE] script - #out(`i`) [token]
2021-11-19T10:23:47,293|[TRACE] graph - <------- nonSkippedChar
2021-11-19T10:23:47,293|[TRACE] graph - <----- statementPart
2021-11-19T10:23:47,293|[TRACE] graph - -----> statementPart
2021-11-19T10:23:47,293|[TRACE] graph - -------> nonSkippedChar
2021-11-19T10:23:47,293|[TRACE] script - #out(`m`) [token]
2021-11-19T10:23:47,293|[TRACE] graph - <------- nonSkippedChar
2021-11-19T10:23:47,293|[TRACE] graph - <----- statementPart
2021-11-19T10:23:47,293|[TRACE] graph - -----> statementPart
2021-11-19T10:23:47,293|[TRACE] graph - -------> nonSkippedChar
2021-11-19T10:23:47,293|[TRACE] script - #out(`e`) [token]
2021-11-19T10:23:47,293|[TRACE] graph - <------- nonSkippedChar
2021-11-19T10:23:47,293|[TRACE] graph - <----- statementPart
2021-11-19T10:23:47,293|[TRACE] graph - -----> statementPart
2021-11-19T10:23:47,293|[TRACE] graph - -------> nonSkippedChar
2021-11-19T10:23:47,293|[TRACE] script - #out(`s`) [token]
2021-11-19T10:23:47,293|[TRACE] graph - <------- nonSkippedChar
2021-11-19T10:23:47,293|[TRACE] graph - <----- statementPart
2021-11-19T10:23:47,293|[TRACE] graph - -----> statementPart
2021-11-19T10:23:47,293|[TRACE] graph - -------> nonSkippedChar
2021-11-19T10:23:47,293|[TRACE] script - #out(`t`) [token]
2021-11-19T10:23:47,293|[TRACE] graph - <------- nonSkippedChar
2021-11-19T10:23:47,293|[TRACE] graph - <----- statementPart
2021-11-19T10:23:47,293|[TRACE] graph - -----> statementPart
2021-11-19T10:23:47,293|[TRACE] graph - -------> nonSkippedChar
2021-11-19T10:23:47,293|[TRACE] script - #out(`a`) [token]
2021-11-19T10:23:47,293|[TRACE] graph - <------- nonSkippedChar
2021-11-19T10:23:47,293|[TRACE] graph - <----- statementPart
2021-11-19T10:23:47,293|[TRACE] graph - -----> statementPart
2021-11-19T10:23:47,293|[TRACE] graph - -------> nonSkippedChar
2021-11-19T10:23:47,293|[TRACE] script - #out(`m`) [token]
2021-11-19T10:23:47,293|[TRACE] graph - <------- nonSkippedChar
2021-11-19T10:23:47,293|[TRACE] graph - <----- statementPart
2021-11-19T10:23:47,293|[TRACE] graph - -----> statementPart
2021-11-19T10:23:47,293|[TRACE] graph - -------> nonSkippedChar
2021-11-19T10:23:47,293|[TRACE] script - #out(`p`) [token]
2021-11-19T10:23:47,293|[TRACE] graph - <------- nonSkippedChar
2021-11-19T10:23:47,293|[TRACE] graph - <----- statementPart
2021-11-19T10:23:47,293|[TRACE] graph - -----> statementPart
2021-11-19T10:23:47,293|[TRACE] graph - -------> nonSkippedChar
2021-11-19T10:23:47,293|[TRACE] script - #out(`(`) [token]
2021-11-19T10:23:47,293|[TRACE] graph - <------- nonSkippedChar
2021-11-19T10:23:47,293|[TRACE] graph - <----- statementPart
2021-11-19T10:23:47,293|[TRACE] graph - -----> statementPart
2021-11-19T10:23:47,293|[TRACE] graph - -------> nonSkippedChar
2021-11-19T10:23:47,293|[TRACE] script - #out(`n`) [token]
2021-11-19T10:23:47,293|[TRACE] graph - <------- nonSkippedChar
2021-11-19T10:23:47,293|[TRACE] graph - <----- statementPart
2021-11-19T10:23:47,293|[TRACE] graph - -----> statementPart
2021-11-19T10:23:47,293|[TRACE] graph - -------> nonSkippedChar
2021-11-19T10:23:47,293|[TRACE] script - #out(`o`) [token]
2021-11-19T10:23:47,293|[TRACE] graph - <------- nonSkippedChar
2021-11-19T10:23:47,293|[TRACE] graph - <----- statementPart
2021-11-19T10:23:47,293|[TRACE] graph - -----> statementPart
2021-11-19T10:23:47,293|[TRACE] graph - -------> nonSkippedChar
2021-11-19T10:23:47,293|[TRACE] script - #out(`w`) [token]
2021-11-19T10:23:47,293|[TRACE] graph - <------- nonSkippedChar
2021-11-19T10:23:47,293|[TRACE] graph - <----- statementPart
2021-11-19T10:23:47,293|[TRACE] graph - -----> statementPart
2021-11-19T10:23:47,293|[TRACE] graph - -------> nonSkippedChar
2021-11-19T10:23:47,293|[TRACE] script - #out(`(`) [token]
2021-11-19T10:23:47,293|[TRACE] graph - <------- nonSkippedChar
2021-11-19T10:23:47,353|[TRACE] graph - <----- statementPart
2021-11-19T10:23:47,353|[TRACE] graph - -----> statementPart
2021-11-19T10:23:47,353|[TRACE] graph - -------> nonSkippedChar
2021-11-19T10:23:47,353|[TRACE] script - #out(`)`) [token]
2021-11-19T10:23:47,353|[TRACE] graph - <------- nonSkippedChar
2021-11-19T10:23:47,353|[TRACE] graph - <----- statementPart
2021-11-19T10:23:47,353|[TRACE] graph - -----> statementPart
2021-11-19T10:23:47,353|[TRACE] graph - -------> nonSkippedChar
2021-11-19T10:23:47,353|[TRACE] script - #out(`)`) [token]
2021-11-19T10:23:47,353|[TRACE] graph - <------- nonSkippedChar
2021-11-19T10:23:47,353|[TRACE] graph - <----- statementPart
2021-11-19T10:23:47,353|[TRACE] graph - -----> statementPart
2021-11-19T10:23:47,353|[TRACE] graph - -------> nonSkippedSpace
2021-11-19T10:23:47,353|[TRACE] script - #out(` `) [token]
2021-11-19T10:23:47,353|[TRACE] graph - <------- nonSkippedSpace
2021-11-19T10:23:47,353|[TRACE] graph - <----- statementPart
2021-11-19T10:23:47,353|[TRACE] graph - -----> statementPart
2021-11-19T10:23:47,353|[TRACE] graph - -------> nonSkippedChar
2021-11-19T10:23:47,353|[TRACE] script - #out(`*`) [token]
2021-11-19T10:23:47,353|[TRACE] graph - <------- nonSkippedChar
2021-11-19T10:23:47,353|[TRACE] graph - <----- statementPart
2021-11-19T10:23:47,353|[TRACE] graph - -----> statementPart
2021-11-19T10:23:47,353|[TRACE] graph - -------> nonSkippedSpace
2021-11-19T10:23:47,353|[TRACE] script - #out(` `) [token]
2021-11-19T10:23:47,353|[TRACE] graph - <------- nonSkippedSpace
2021-11-19T10:23:47,354|[TRACE] graph - <----- statementPart
2021-11-19T10:23:47,354|[TRACE] graph - -----> statementPart
2021-11-19T10:23:47,354|[TRACE] graph - -------> nonSkippedChar
2021-11-19T10:23:47,354|[TRACE] script - #out(`1`) [token]
2021-11-19T10:23:47,354|[TRACE] graph - <------- nonSkippedChar
2021-11-19T10:23:47,354|[TRACE] graph - <----- statementPart
2021-11-19T10:23:47,354|[TRACE] graph - -----> statementPart
2021-11-19T10:23:47,354|[TRACE] graph - -------> nonSkippedChar
2021-11-19T10:23:47,354|[TRACE] script - #out(`0`) [token]
2021-11-19T10:23:47,354|[TRACE] graph - <------- nonSkippedChar
2021-11-19T10:23:47,354|[TRACE] graph - <----- statementPart
2021-11-19T10:23:47,354|[TRACE] graph - -----> statementPart
2021-11-19T10:23:47,354|[TRACE] graph - -------> nonSkippedChar
2021-11-19T10:23:47,354|[TRACE] script - #out(`0`) [token]
2021-11-19T10:23:47,354|[TRACE] graph - <------- nonSkippedChar
2021-11-19T10:23:47,354|[TRACE] graph - <----- statementPart
2021-11-19T10:23:47,354|[TRACE] graph - -----> statementPart
2021-11-19T10:23:47,354|[TRACE] graph - -------> nonSkippedChar
2021-11-19T10:23:47,354|[TRACE] script - #out(`0`) [token]
2021-11-19T10:23:47,354|[TRACE] graph - <------- nonSkippedChar
2021-11-19T10:23:47,354|[TRACE] graph - <----- statementPart
2021-11-19T10:23:47,354|[TRACE] graph - -----> statementPart
2021-11-19T10:23:47,354|[TRACE] graph - -------> nonSkippedChar
2021-11-19T10:23:47,354|[TRACE] script - #out(`)`) [token]
2021-11-19T10:23:47,354|[TRACE] graph - <------- nonSkippedChar
2021-11-19T10:23:47,354|[TRACE] graph - <----- statementPart
2021-11-19T10:23:47,354|[TRACE] graph - -----> statementPart
2021-11-19T10:23:47,354|[TRACE] graph - -------> nonSkippedChar
2021-11-19T10:23:47,354|[TRACE] script - #out(`,`) [token]
2021-11-19T10:23:47,354|[TRACE] graph - <------- nonSkippedChar
2021-11-19T10:23:47,354|[TRACE] graph - <----- statementPart
2021-11-19T10:23:47,354|[TRACE] graph - -----> afterStatementPartNewline
2021-11-19T10:23:47,354|[TRACE] script - #out(` `) [text]
2021-11-19T10:23:47,354|[TRACE] graph - <----- afterStatementPartNewline
2021-11-19T10:23:47,354|[TRACE] graph - -----> statementPart
2021-11-19T10:23:47,354|[TRACE] graph - -------> nonSkippedSpace
2021-11-19T10:23:47,354|[TRACE] script - #out(` `) [token]
2021-11-19T10:23:47,354|[TRACE] graph - <------- nonSkippedSpace
2021-11-19T10:23:47,354|[TRACE] graph - <----- statementPart
2021-11-19T10:23:47,354|[TRACE] graph - -----> statementPart
2021-11-19T10:23:47,354|[TRACE] graph - -------> nonSkippedSpace
2021-11-19T10:23:47,354|[TRACE] script - #out(` `) [token]
2021-11-19T10:23:47,354|[TRACE] graph - <------- nonSkippedSpace
2021-11-19T10:23:47,354|[TRACE] graph - <----- statementPart
2021-11-19T10:23:47,354|[TRACE] graph - -----> statementPart
2021-11-19T10:23:47,354|[TRACE] graph - -------> quotedString
2021-11-19T10:23:47,354|[TRACE] script - #out(``updated``) [token]
2021-11-19T10:23:47,354|[TRACE] graph - <------- quotedString
2021-11-19T10:23:47,354|[TRACE] graph - <----- statementPart
2021-11-19T10:23:47,354|[TRACE] graph - -----> statementPart
2021-11-19T10:23:47,354|[TRACE] graph - -------> nonSkippedSpace
2021-11-19T10:23:47,354|[TRACE] script - #out(` `) [token]
2021-11-19T10:23:47,354|[TRACE] graph - <------- nonSkippedSpace
2021-11-19T10:23:47,354|[TRACE] graph - <----- statementPart
2021-11-19T10:23:47,354|[TRACE] graph - -----> statementPart
2021-11-19T10:23:47,354|[TRACE] graph - -------> nonSkippedChar
2021-11-19T10:23:47,354|[TRACE] script - #out(`B`) [token]
2021-11-19T10:23:47,354|[TRACE] graph - <------- nonSkippedChar
2021-11-19T10:23:47,354|[TRACE] graph - <----- statementPart
2021-11-19T10:23:47,354|[TRACE] graph - -----> statementPart
2021-11-19T10:23:47,354|[TRACE] graph - -------> nonSkippedChar
2021-11-19T10:23:47,354|[TRACE] script - #out(`I`) [token]
2021-11-19T10:23:47,354|[TRACE] graph - <------- nonSkippedChar
2021-11-19T10:23:47,354|[TRACE] graph - <----- statementPart
2021-11-19T10:23:47,354|[TRACE] graph - -----> statementPart
2021-11-19T10:23:47,354|[TRACE] graph - -------> nonSkippedChar
2021-11-19T10:23:47,354|[TRACE] script - #out(`G`) [token]
2021-11-19T10:23:47,354|[TRACE] graph - <------- nonSkippedChar
2021-11-19T10:23:47,354|[TRACE] graph - <----- statementPart
2021-11-19T10:23:47,354|[TRACE] graph - -----> statementPart
2021-11-19T10:23:47,354|[TRACE] graph - -------> nonSkippedChar
2021-11-19T10:23:47,354|[TRACE] script - #out(`I`) [token]
2021-11-19T10:23:47,354|[TRACE] graph - <------- nonSkippedChar
2021-11-19T10:23:47,354|[TRACE] graph - <----- statementPart
2021-11-19T10:23:47,354|[TRACE] graph - -----> statementPart
2021-11-19T10:23:47,354|[TRACE] graph - -------> nonSkippedChar
2021-11-19T10:23:47,354|[TRACE] script - #out(`N`) [token]
2021-11-19T10:23:47,354|[TRACE] graph - <------- nonSkippedChar
2021-11-19T10:23:47,354|[TRACE] graph - <----- statementPart
2021-11-19T10:23:47,354|[TRACE] graph - -----> statementPart
2021-11-19T10:23:47,354|[TRACE] graph - -------> nonSkippedChar
2021-11-19T10:23:47,354|[TRACE] script - #out(`T`) [token]
2021-11-19T10:23:47,354|[TRACE] graph - <------- nonSkippedChar
2021-11-19T10:23:47,354|[TRACE] graph - <----- statementPart
2021-11-19T10:23:47,354|[TRACE] graph - -----> statementPart
2021-11-19T10:23:47,354|[TRACE] graph - -------> nonSkippedSpace
2021-11-19T10:23:47,354|[TRACE] script - #out(` `) [token]
2021-11-19T10:23:47,354|[TRACE] graph - <------- nonSkippedSpace
2021-11-19T10:23:47,354|[TRACE] graph - <----- statementPart
2021-11-19T10:23:47,354|[TRACE] graph - -----> statementPart
2021-11-19T10:23:47,354|[TRACE] graph - -------> nonSkippedChar
2021-11-19T10:23:47,354|[TRACE] script - #out(`N`) [token]
2021-11-19T10:23:47,354|[TRACE] graph - <------- nonSkippedChar
2021-11-19T10:23:47,354|[TRACE] graph - <----- statementPart
2021-11-19T10:23:47,354|[TRACE] graph - -----> statementPart
2021-11-19T10:23:47,354|[TRACE] graph - -------> nonSkippedChar
2021-11-19T10:23:47,354|[TRACE] script - #out(`O`) [token]
2021-11-19T10:23:47,354|[TRACE] graph - <------- nonSkippedChar
2021-11-19T10:23:47,354|[TRACE] graph - <----- statementPart
2021-11-19T10:23:47,354|[TRACE] graph - -----> statementPart
2021-11-19T10:23:47,354|[TRACE] graph - -------> nonSkippedChar
2021-11-19T10:23:47,354|[TRACE] script - #out(`T`) [token]
2021-11-19T10:23:47,354|[TRACE] graph - <------- nonSkippedChar
2021-11-19T10:23:47,354|[TRACE] graph - <----- statementPart
2021-11-19T10:23:47,354|[TRACE] graph - -----> statementPart
2021-11-19T10:23:47,354|[TRACE] graph - -------> nonSkippedSpace
2021-11-19T10:23:47,354|[TRACE] script - #out(` `) [token]
2021-11-19T10:23:47,354|[TRACE] graph - <------- nonSkippedSpace
2021-11-19T10:23:47,354|[TRACE] graph - <----- statementPart
2021-11-19T10:23:47,354|[TRACE] graph - -----> statementPart
2021-11-19T10:23:47,354|[TRACE] graph - -------> nonSkippedChar
2021-11-19T10:23:47,354|[TRACE] script - #out(`N`) [token]
2021-11-19T10:23:47,354|[TRACE] graph - <------- nonSkippedChar
2021-11-19T10:23:47,354|[TRACE] graph - <----- statementPart
2021-11-19T10:23:47,354|[TRACE] graph - -----> statementPart
2021-11-19T10:23:47,354|[TRACE] graph - -------> nonSkippedChar
2021-11-19T10:23:47,354|[TRACE] script - #out(`U`) [token]
2021-11-19T10:23:47,354|[TRACE] graph - <------- nonSkippedChar
2021-11-19T10:23:47,354|[TRACE] graph - <----- statementPart
2021-11-19T10:23:47,354|[TRACE] graph - -----> statementPart
2021-11-19T10:23:47,354|[TRACE] graph - -------> nonSkippedChar
2021-11-19T10:23:47,354|[TRACE] script - #out(`L`) [token]
2021-11-19T10:23:47,354|[TRACE] graph - <------- nonSkippedChar
2021-11-19T10:23:47,354|[TRACE] graph - <----- statementPart
2021-11-19T10:23:47,354|[TRACE] graph - -----> statementPart
2021-11-19T10:23:47,354|[TRACE] graph - -------> nonSkippedChar
2021-11-19T10:23:47,354|[TRACE] script - #out(`L`) [token]
2021-11-19T10:23:47,354|[TRACE] graph - <------- nonSkippedChar
2021-11-19T10:23:47,354|[TRACE] graph - <----- statementPart
2021-11-19T10:23:47,354|[TRACE] graph - -----> statementPart
2021-11-19T10:23:47,354|[TRACE] graph - -------> nonSkippedSpace
2021-11-19T10:23:47,354|[TRACE] script - #out(` `) [token]
2021-11-19T10:23:47,354|[TRACE] graph - <------- nonSkippedSpace
2021-11-19T10:23:47,354|[TRACE] graph - <----- statementPart
2021-11-19T10:23:47,354|[TRACE] graph - -----> statementPart
2021-11-19T10:23:47,354|[TRACE] graph - -------> nonSkippedChar
2021-11-19T10:23:47,354|[TRACE] script - #out(`D`) [token]
2021-11-19T10:23:47,354|[TRACE] graph - <------- nonSkippedChar
2021-11-19T10:23:47,354|[TRACE] graph - <----- statementPart
2021-11-19T10:23:47,354|[TRACE] graph - -----> statementPart
2021-11-19T10:23:47,354|[TRACE] graph - -------> nonSkippedChar
2021-11-19T10:23:47,354|[TRACE] script - #out(`E`) [token]
2021-11-19T10:23:47,354|[TRACE] graph - <------- nonSkippedChar
2021-11-19T10:23:47,354|[TRACE] graph - <----- statementPart
2021-11-19T10:23:47,354|[TRACE] graph - -----> statementPart
2021-11-19T10:23:47,354|[TRACE] graph - -------> nonSkippedChar
2021-11-19T10:23:47,354|[TRACE] script - #out(`F`) [token]
2021-11-19T10:23:47,354|[TRACE] graph - <------- nonSkippedChar
2021-11-19T10:23:47,354|[TRACE] graph - <----- statementPart
2021-11-19T10:23:47,354|[TRACE] graph - -----> statementPart
2021-11-19T10:23:47,354|[TRACE] graph - -------> nonSkippedChar
2021-11-19T10:23:47,354|[TRACE] script - #out(`A`) [token]
2021-11-19T10:23:47,354|[TRACE] graph - <------- nonSkippedChar
2021-11-19T10:23:47,354|[TRACE] graph - <----- statementPart
2021-11-19T10:23:47,354|[TRACE] graph - -----> statementPart
2021-11-19T10:23:47,354|[TRACE] graph - -------> nonSkippedChar
2021-11-19T10:23:47,354|[TRACE] script - #out(`U`) [token]
2021-11-19T10:23:47,354|[TRACE] graph - <------- nonSkippedChar
2021-11-19T10:23:47,354|[TRACE] graph - <----- statementPart
2021-11-19T10:23:47,354|[TRACE] graph - -----> statementPart
2021-11-19T10:23:47,354|[TRACE] graph - -------> nonSkippedChar
2021-11-19T10:23:47,354|[TRACE] script - #out(`L`) [token]
2021-11-19T10:23:47,354|[TRACE] graph - <------- nonSkippedChar
2021-11-19T10:23:47,354|[TRACE] graph - <----- statementPart
2021-11-19T10:23:47,354|[TRACE] graph - -----> statementPart
2021-11-19T10:23:47,354|[TRACE] graph - -------> nonSkippedChar
2021-11-19T10:23:47,354|[TRACE] script - #out(`T`) [token]
2021-11-19T10:23:47,354|[TRACE] graph - <------- nonSkippedChar
2021-11-19T10:23:47,354|[TRACE] graph - <----- statementPart
2021-11-19T10:23:47,354|[TRACE] graph - -----> statementPart
2021-11-19T10:23:47,354|[TRACE] graph - -------> nonSkippedSpace
2021-11-19T10:23:47,354|[TRACE] script - #out(` `) [token]
2021-11-19T10:23:47,354|[TRACE] graph - <------- nonSkippedSpace
2021-11-19T10:23:47,354|[TRACE] graph - <----- statementPart
2021-11-19T10:23:47,354|[TRACE] graph - -----> statementPart
2021-11-19T10:23:47,354|[TRACE] graph - -------> nonSkippedChar
2021-11-19T10:23:47,354|[TRACE] script - #out(`(`) [token]
2021-11-19T10:23:47,354|[TRACE] graph - <------- nonSkippedChar
2021-11-19T10:23:47,354|[TRACE] graph - <----- statementPart
2021-11-19T10:23:47,354|[TRACE] graph - -----> statementPart
2021-11-19T10:23:47,354|[TRACE] graph - -------> nonSkippedChar
2021-11-19T10:23:47,354|[TRACE] script - #out(`u`) [token]
2021-11-19T10:23:47,354|[TRACE] graph - <------- nonSkippedChar
2021-11-19T10:23:47,354|[TRACE] graph - <----- statementPart
2021-11-19T10:23:47,354|[TRACE] graph - -----> statementPart
2021-11-19T10:23:47,354|[TRACE] graph - -------> nonSkippedChar
2021-11-19T10:23:47,354|[TRACE] script - #out(`n`) [token]
2021-11-19T10:23:47,354|[TRACE] graph - <------- nonSkippedChar
2021-11-19T10:23:47,354|[TRACE] graph - <----- statementPart
2021-11-19T10:23:47,354|[TRACE] graph - -----> statementPart
2021-11-19T10:23:47,354|[TRACE] graph - -------> nonSkippedChar
2021-11-19T10:23:47,354|[TRACE] script - #out(`i`) [token]
2021-11-19T10:23:47,354|[TRACE] graph - <------- nonSkippedChar
2021-11-19T10:23:47,354|[TRACE] graph - <----- statementPart
2021-11-19T10:23:47,354|[TRACE] graph - -----> statementPart
2021-11-19T10:23:47,354|[TRACE] graph - -------> nonSkippedChar
2021-11-19T10:23:47,354|[TRACE] script - #out(`x`) [token]
2021-11-19T10:23:47,354|[TRACE] graph - <------- nonSkippedChar
2021-11-19T10:23:47,354|[TRACE] graph - <----- statementPart
2021-11-19T10:23:47,354|[TRACE] graph - -----> statementPart
2021-11-19T10:23:47,354|[TRACE] graph - -------> nonSkippedChar
2021-11-19T10:23:47,354|[TRACE] script - #out(`_`) [token]
2021-11-19T10:23:47,354|[TRACE] graph - <------- nonSkippedChar
2021-11-19T10:23:47,354|[TRACE] graph - <----- statementPart
2021-11-19T10:23:47,354|[TRACE] graph - -----> statementPart
2021-11-19T10:23:47,354|[TRACE] graph - -------> nonSkippedChar
2021-11-19T10:23:47,354|[TRACE] script - #out(`t`) [token]
2021-11-19T10:23:47,354|[TRACE] graph - <------- nonSkippedChar
2021-11-19T10:23:47,354|[TRACE] graph - <----- statementPart
2021-11-19T10:23:47,354|[TRACE] graph - -----> statementPart
2021-11-19T10:23:47,354|[TRACE] graph - -------> nonSkippedChar
2021-11-19T10:23:47,354|[TRACE] script - #out(`i`) [token]
2021-11-19T10:23:47,354|[TRACE] graph - <------- nonSkippedChar
2021-11-19T10:23:47,354|[TRACE] graph - <----- statementPart
2021-11-19T10:23:47,354|[TRACE] graph - -----> statementPart
2021-11-19T10:23:47,354|[TRACE] graph - -------> nonSkippedChar
2021-11-19T10:23:47,354|[TRACE] script - #out(`m`) [token]
2021-11-19T10:23:47,354|[TRACE] graph - <------- nonSkippedChar
2021-11-19T10:23:47,354|[TRACE] graph - <----- statementPart
2021-11-19T10:23:47,354|[TRACE] graph - -----> statementPart
2021-11-19T10:23:47,354|[TRACE] graph - -------> nonSkippedChar
2021-11-19T10:23:47,354|[TRACE] script - #out(`e`) [token]
2021-11-19T10:23:47,354|[TRACE] graph - <------- nonSkippedChar
2021-11-19T10:23:47,354|[TRACE] graph - <----- statementPart
2021-11-19T10:23:47,354|[TRACE] graph - -----> statementPart
2021-11-19T10:23:47,354|[TRACE] graph - -------> nonSkippedChar
2021-11-19T10:23:47,354|[TRACE] script - #out(`s`) [token]
2021-11-19T10:23:47,354|[TRACE] graph - <------- nonSkippedChar
2021-11-19T10:23:47,354|[TRACE] graph - <----- statementPart
2021-11-19T10:23:47,354|[TRACE] graph - -----> statementPart
2021-11-19T10:23:47,354|[TRACE] graph - -------> nonSkippedChar
2021-11-19T10:23:47,354|[TRACE] script - #out(`t`) [token]
2021-11-19T10:23:47,354|[TRACE] graph - <------- nonSkippedChar
2021-11-19T10:23:47,354|[TRACE] graph - <----- statementPart
2021-11-19T10:23:47,354|[TRACE] graph - -----> statementPart
2021-11-19T10:23:47,354|[TRACE] graph - -------> nonSkippedChar
2021-11-19T10:23:47,354|[TRACE] script - #out(`a`) [token]
2021-11-19T10:23:47,354|[TRACE] graph - <------- nonSkippedChar
2021-11-19T10:23:47,354|[TRACE] graph - <----- statementPart
2021-11-19T10:23:47,354|[TRACE] graph - -----> statementPart
2021-11-19T10:23:47,354|[TRACE] graph - -------> nonSkippedChar
2021-11-19T10:23:47,354|[TRACE] script - #out(`m`) [token]
2021-11-19T10:23:47,354|[TRACE] graph - <------- nonSkippedChar
2021-11-19T10:23:47,354|[TRACE] graph - <----- statementPart
2021-11-19T10:23:47,354|[TRACE] graph - -----> statementPart
2021-11-19T10:23:47,354|[TRACE] graph - -------> nonSkippedChar
2021-11-19T10:23:47,354|[TRACE] script - #out(`p`) [token]
2021-11-19T10:23:47,354|[TRACE] graph - <------- nonSkippedChar
2021-11-19T10:23:47,354|[TRACE] graph - <----- statementPart
2021-11-19T10:23:47,354|[TRACE] graph - -----> statementPart
2021-11-19T10:23:47,354|[TRACE] graph - -------> nonSkippedChar
2021-11-19T10:23:47,354|[TRACE] script - #out(`(`) [token]
2021-11-19T10:23:47,354|[TRACE] graph - <------- nonSkippedChar
2021-11-19T10:23:47,354|[TRACE] graph - <----- statementPart
2021-11-19T10:23:47,354|[TRACE] graph - -----> statementPart
2021-11-19T10:23:47,354|[TRACE] graph - -------> nonSkippedChar
2021-11-19T10:23:47,354|[TRACE] script - #out(`n`) [token]
2021-11-19T10:23:47,354|[TRACE] graph - <------- nonSkippedChar
2021-11-19T10:23:47,354|[TRACE] graph - <----- statementPart
2021-11-19T10:23:47,354|[TRACE] graph - -----> statementPart
2021-11-19T10:23:47,354|[TRACE] graph - -------> nonSkippedChar
2021-11-19T10:23:47,354|[TRACE] script - #out(`o`) [token]
2021-11-19T10:23:47,354|[TRACE] graph - <------- nonSkippedChar
2021-11-19T10:23:47,354|[TRACE] graph - <----- statementPart
2021-11-19T10:23:47,354|[TRACE] graph - -----> statementPart
2021-11-19T10:23:47,354|[TRACE] graph - -------> nonSkippedChar
2021-11-19T10:23:47,354|[TRACE] script - #out(`w`) [token]
2021-11-19T10:23:47,354|[TRACE] graph - <------- nonSkippedChar
2021-11-19T10:23:47,354|[TRACE] graph - <----- statementPart
2021-11-19T10:23:47,354|[TRACE] graph - -----> statementPart
2021-11-19T10:23:47,354|[TRACE] graph - -------> nonSkippedChar
2021-11-19T10:23:47,354|[TRACE] script - #out(`(`) [token]
2021-11-19T10:23:47,354|[TRACE] graph - <------- nonSkippedChar
2021-11-19T10:23:47,354|[TRACE] graph - <----- statementPart
2021-11-19T10:23:47,354|[TRACE] graph - -----> statementPart
2021-11-19T10:23:47,354|[TRACE] graph - -------> nonSkippedChar
2021-11-19T10:23:47,354|[TRACE] script - #out(`)`) [token]
2021-11-19T10:23:47,354|[TRACE] graph - <------- nonSkippedChar
2021-11-19T10:23:47,354|[TRACE] graph - <----- statementPart
2021-11-19T10:23:47,354|[TRACE] graph - -----> statementPart
2021-11-19T10:23:47,354|[TRACE] graph - -------> nonSkippedChar
2021-11-19T10:23:47,354|[TRACE] script - #out(`)`) [token]
2021-11-19T10:23:47,354|[TRACE] graph - <------- nonSkippedChar
2021-11-19T10:23:47,354|[TRACE] graph - <----- statementPart
2021-11-19T10:23:47,354|[TRACE] graph - -----> statementPart
2021-11-19T10:23:47,361|[TRACE] graph - -------> nonSkippedSpace
2021-11-19T10:23:47,361|[TRACE] script - #out(` `) [token]
2021-11-19T10:23:47,361|[TRACE] graph - <------- nonSkippedSpace
2021-11-19T10:23:47,361|[TRACE] graph - <----- statementPart
2021-11-19T10:23:47,361|[TRACE] graph - -----> statementPart
2021-11-19T10:23:47,361|[TRACE] graph - -------> nonSkippedChar
2021-11-19T10:23:47,361|[TRACE] script - #out(`*`) [token]
2021-11-19T10:23:47,361|[TRACE] graph - <------- nonSkippedChar
2021-11-19T10:23:47,361|[TRACE] graph - <----- statementPart
2021-11-19T10:23:47,361|[TRACE] graph - -----> statementPart
2021-11-19T10:23:47,361|[TRACE] graph - -------> nonSkippedSpace
2021-11-19T10:23:47,361|[TRACE] script - #out(` `) [token]
2021-11-19T10:23:47,361|[TRACE] graph - <------- nonSkippedSpace
2021-11-19T10:23:47,361|[TRACE] graph - <----- statementPart
2021-11-19T10:23:47,361|[TRACE] graph - -----> statementPart
2021-11-19T10:23:47,361|[TRACE] graph - -------> nonSkippedChar
2021-11-19T10:23:47,361|[TRACE] script - #out(`1`) [token]
2021-11-19T10:23:47,361|[TRACE] graph - <------- nonSkippedChar
2021-11-19T10:23:47,361|[TRACE] graph - <----- statementPart
2021-11-19T10:23:47,361|[TRACE] graph - -----> statementPart
2021-11-19T10:23:47,361|[TRACE] graph - -------> nonSkippedChar
2021-11-19T10:23:47,361|[TRACE] script - #out(`0`) [token]
2021-11-19T10:23:47,361|[TRACE] graph - <------- nonSkippedChar
2021-11-19T10:23:47,361|[TRACE] graph - <----- statementPart
2021-11-19T10:23:47,361|[TRACE] graph - -----> statementPart
2021-11-19T10:23:47,361|[TRACE] graph - -------> nonSkippedChar
2021-11-19T10:23:47,361|[TRACE] script - #out(`0`) [token]
2021-11-19T10:23:47,361|[TRACE] graph - <------- nonSkippedChar
2021-11-19T10:23:47,361|[TRACE] graph - <----- statementPart
2021-11-19T10:23:47,361|[TRACE] graph - -----> statementPart
2021-11-19T10:23:47,361|[TRACE] graph - -------> nonSkippedChar
2021-11-19T10:23:47,361|[TRACE] script - #out(`0`) [token]
2021-11-19T10:23:47,361|[TRACE] graph - <------- nonSkippedChar
2021-11-19T10:23:47,361|[TRACE] graph - <----- statementPart
2021-11-19T10:23:47,361|[TRACE] graph - -----> statementPart
2021-11-19T10:23:47,361|[TRACE] graph - -------> nonSkippedChar
2021-11-19T10:23:47,361|[TRACE] script - #out(`)`) [token]
2021-11-19T10:23:47,361|[TRACE] graph - <------- nonSkippedChar
2021-11-19T10:23:47,361|[TRACE] graph - <----- statementPart
2021-11-19T10:23:47,361|[TRACE] graph - -----> statementPart
2021-11-19T10:23:47,361|[TRACE] graph - -------> nonSkippedChar
2021-11-19T10:23:47,361|[TRACE] script - #out(`,`) [token]
2021-11-19T10:23:47,361|[TRACE] graph - <------- nonSkippedChar
2021-11-19T10:23:47,361|[TRACE] graph - <----- statementPart
2021-11-19T10:23:47,361|[TRACE] graph - -----> afterStatementPartNewline
2021-11-19T10:23:47,361|[TRACE] script - #out(` `) [text]
2021-11-19T10:23:47,361|[TRACE] graph - <----- afterStatementPartNewline
2021-11-19T10:23:47,361|[TRACE] graph - -----> statementPart
2021-11-19T10:23:47,361|[TRACE] graph - -------> nonSkippedSpace
2021-11-19T10:23:47,361|[TRACE] script - #out(` `) [token]
2021-11-19T10:23:47,361|[TRACE] graph - <------- nonSkippedSpace
2021-11-19T10:23:47,361|[TRACE] graph - <----- statementPart
2021-11-19T10:23:47,361|[TRACE] graph - -----> statementPart
2021-11-19T10:23:47,361|[TRACE] graph - -------> nonSkippedSpace
2021-11-19T10:23:47,361|[TRACE] script - #out(` `) [token]
2021-11-19T10:23:47,361|[TRACE] graph - <------- nonSkippedSpace
2021-11-19T10:23:47,361|[TRACE] graph - <----- statementPart
2021-11-19T10:23:47,361|[TRACE] graph - -----> statementPart
2021-11-19T10:23:47,361|[TRACE] graph - -------> quotedString
2021-11-19T10:23:47,361|[TRACE] script - #out(``version``) [token]
2021-11-19T10:23:47,361|[TRACE] graph - <------- quotedString
2021-11-19T10:23:47,361|[TRACE] graph - <----- statementPart
2021-11-19T10:23:47,361|[TRACE] graph - -----> statementPart
2021-11-19T10:23:47,361|[TRACE] graph - -------> nonSkippedSpace
2021-11-19T10:23:47,361|[TRACE] script - #out(` `) [token]
2021-11-19T10:23:47,361|[TRACE] graph - <------- nonSkippedSpace
2021-11-19T10:23:47,361|[TRACE] graph - <----- statementPart
2021-11-19T10:23:47,361|[TRACE] graph - -----> statementPart
2021-11-19T10:23:47,361|[TRACE] graph - -------> nonSkippedChar
2021-11-19T10:23:47,361|[TRACE] script - #out(`I`) [token]
2021-11-19T10:23:47,361|[TRACE] graph - <------- nonSkippedChar
2021-11-19T10:23:47,361|[TRACE] graph - <----- statementPart
2021-11-19T10:23:47,361|[TRACE] graph - -----> statementPart
2021-11-19T10:23:47,361|[TRACE] graph - -------> nonSkippedChar
2021-11-19T10:23:47,361|[TRACE] script - #out(`N`) [token]
2021-11-19T10:23:47,361|[TRACE] graph - <------- nonSkippedChar
2021-11-19T10:23:47,361|[TRACE] graph - <----- statementPart
2021-11-19T10:23:47,361|[TRACE] graph - -----> statementPart
2021-11-19T10:23:47,361|[TRACE] graph - -------> nonSkippedChar
2021-11-19T10:23:47,361|[TRACE] script - #out(`T`) [token]
2021-11-19T10:23:47,361|[TRACE] graph - <------- nonSkippedChar
2021-11-19T10:23:47,361|[TRACE] graph - <----- statementPart
2021-11-19T10:23:47,361|[TRACE] graph - -----> statementPart
2021-11-19T10:23:47,361|[TRACE] graph - -------> nonSkippedSpace
2021-11-19T10:23:47,361|[TRACE] script - #out(` `) [token]
2021-11-19T10:23:47,361|[TRACE] graph - <------- nonSkippedSpace
2021-11-19T10:23:47,361|[TRACE] graph - <----- statementPart
2021-11-19T10:23:47,361|[TRACE] graph - -----> statementPart
2021-11-19T10:23:47,361|[TRACE] graph - -------> nonSkippedChar
2021-11-19T10:23:47,361|[TRACE] script - #out(`N`) [token]
2021-11-19T10:23:47,361|[TRACE] graph - <------- nonSkippedChar
2021-11-19T10:23:47,361|[TRACE] graph - <----- statementPart
2021-11-19T10:23:47,361|[TRACE] graph - -----> statementPart
2021-11-19T10:23:47,361|[TRACE] graph - -------> nonSkippedChar
2021-11-19T10:23:47,361|[TRACE] script - #out(`O`) [token]
2021-11-19T10:23:47,361|[TRACE] graph - <------- nonSkippedChar
2021-11-19T10:23:47,361|[TRACE] graph - <----- statementPart
2021-11-19T10:23:47,361|[TRACE] graph - -----> statementPart
2021-11-19T10:23:47,361|[TRACE] graph - -------> nonSkippedChar
2021-11-19T10:23:47,361|[TRACE] script - #out(`T`) [token]
2021-11-19T10:23:47,361|[TRACE] graph - <------- nonSkippedChar
2021-11-19T10:23:47,361|[TRACE] graph - <----- statementPart
2021-11-19T10:23:47,361|[TRACE] graph - -----> statementPart
2021-11-19T10:23:47,361|[TRACE] graph - -------> nonSkippedSpace
2021-11-19T10:23:47,361|[TRACE] script - #out(` `) [token]
2021-11-19T10:23:47,361|[TRACE] graph - <------- nonSkippedSpace
2021-11-19T10:23:47,361|[TRACE] graph - <----- statementPart
2021-11-19T10:23:47,361|[TRACE] graph - -----> statementPart
2021-11-19T10:23:47,361|[TRACE] graph - -------> nonSkippedChar
2021-11-19T10:23:47,361|[TRACE] script - #out(`N`) [token]
2021-11-19T10:23:47,361|[TRACE] graph - <------- nonSkippedChar
2021-11-19T10:23:47,361|[TRACE] graph - <----- statementPart
2021-11-19T10:23:47,361|[TRACE] graph - -----> statementPart
2021-11-19T10:23:47,361|[TRACE] graph - -------> nonSkippedChar
2021-11-19T10:23:47,361|[TRACE] script - #out(`U`) [token]
2021-11-19T10:23:47,361|[TRACE] graph - <------- nonSkippedChar
2021-11-19T10:23:47,361|[TRACE] graph - <----- statementPart
2021-11-19T10:23:47,361|[TRACE] graph - -----> statementPart
2021-11-19T10:23:47,361|[TRACE] graph - -------> nonSkippedChar
2021-11-19T10:23:47,361|[TRACE] script - #out(`L`) [token]
2021-11-19T10:23:47,361|[TRACE] graph - <------- nonSkippedChar
2021-11-19T10:23:47,361|[TRACE] graph - <----- statementPart
2021-11-19T10:23:47,361|[TRACE] graph - -----> statementPart
2021-11-19T10:23:47,361|[TRACE] graph - -------> nonSkippedChar
2021-11-19T10:23:47,361|[TRACE] script - #out(`L`) [token]
2021-11-19T10:23:47,361|[TRACE] graph - <------- nonSkippedChar
2021-11-19T10:23:47,361|[TRACE] graph - <----- statementPart
2021-11-19T10:23:47,361|[TRACE] graph - -----> statementPart
2021-11-19T10:23:47,361|[TRACE] graph - -------> nonSkippedSpace
2021-11-19T10:23:47,361|[TRACE] script - #out(` `) [token]
2021-11-19T10:23:47,361|[TRACE] graph - <------- nonSkippedSpace
2021-11-19T10:23:47,361|[TRACE] graph - <----- statementPart
2021-11-19T10:23:47,361|[TRACE] graph - -----> statementPart
2021-11-19T10:23:47,361|[TRACE] graph - -------> nonSkippedChar
2021-11-19T10:23:47,361|[TRACE] script - #out(`D`) [token]
2021-11-19T10:23:47,361|[TRACE] graph - <------- nonSkippedChar
2021-11-19T10:23:47,361|[TRACE] graph - <----- statementPart
2021-11-19T10:23:47,361|[TRACE] graph - -----> statementPart
2021-11-19T10:23:47,361|[TRACE] graph - -------> nonSkippedChar
2021-11-19T10:23:47,361|[TRACE] script - #out(`E`) [token]
2021-11-19T10:23:47,361|[TRACE] graph - <------- nonSkippedChar
2021-11-19T10:23:47,361|[TRACE] graph - <----- statementPart
2021-11-19T10:23:47,361|[TRACE] graph - -----> statementPart
2021-11-19T10:23:47,361|[TRACE] graph - -------> nonSkippedChar
2021-11-19T10:23:47,361|[TRACE] script - #out(`F`) [token]
2021-11-19T10:23:47,361|[TRACE] graph - <------- nonSkippedChar
2021-11-19T10:23:47,361|[TRACE] graph - <----- statementPart
2021-11-19T10:23:47,361|[TRACE] graph - -----> statementPart
2021-11-19T10:23:47,361|[TRACE] graph - -------> nonSkippedChar
2021-11-19T10:23:47,361|[TRACE] script - #out(`A`) [token]
2021-11-19T10:23:47,361|[TRACE] graph - <------- nonSkippedChar
2021-11-19T10:23:47,361|[TRACE] graph - <----- statementPart
2021-11-19T10:23:47,361|[TRACE] graph - -----> statementPart
2021-11-19T10:23:47,361|[TRACE] graph - -------> nonSkippedChar
2021-11-19T10:23:47,361|[TRACE] script - #out(`U`) [token]
2021-11-19T10:23:47,414|[TRACE] graph - <------- nonSkippedChar
2021-11-19T10:23:47,414|[TRACE] graph - <----- statementPart
2021-11-19T10:23:47,414|[TRACE] graph - -----> statementPart
2021-11-19T10:23:47,414|[TRACE] graph - -------> nonSkippedChar
2021-11-19T10:23:47,414|[TRACE] script - #out(`L`) [token]
2021-11-19T10:23:47,414|[TRACE] graph - <------- nonSkippedChar
2021-11-19T10:23:47,414|[TRACE] graph - <----- statementPart
2021-11-19T10:23:47,414|[TRACE] graph - -----> statementPart
2021-11-19T10:23:47,414|[TRACE] graph - -------> nonSkippedChar
2021-11-19T10:23:47,414|[TRACE] script - #out(`T`) [token]
2021-11-19T10:23:47,414|[TRACE] graph - <------- nonSkippedChar
2021-11-19T10:23:47,414|[TRACE] graph - <----- statementPart
2021-11-19T10:23:47,414|[TRACE] graph - -----> statementPart
2021-11-19T10:23:47,414|[TRACE] graph - -------> nonSkippedSpace
2021-11-19T10:23:47,414|[TRACE] script - #out(` `) [token]
2021-11-19T10:23:47,414|[TRACE] graph - <------- nonSkippedSpace
2021-11-19T10:23:47,414|[TRACE] graph - <----- statementPart
2021-11-19T10:23:47,414|[TRACE] graph - -----> statementPart
2021-11-19T10:23:47,414|[TRACE] graph - -------> nonSkippedChar
2021-11-19T10:23:47,414|[TRACE] script - #out(`1`) [token]
2021-11-19T10:23:47,414|[TRACE] graph - <------- nonSkippedChar
2021-11-19T10:23:47,414|[TRACE] graph - <----- statementPart
2021-11-19T10:23:47,414|[TRACE] graph - -----> statementPart
2021-11-19T10:23:47,414|[TRACE] graph - -------> nonSkippedChar
2021-11-19T10:23:47,414|[TRACE] script - #out(`,`) [token]
2021-11-19T10:23:47,414|[TRACE] graph - <------- nonSkippedChar
2021-11-19T10:23:47,414|[TRACE] graph - <----- statementPart
2021-11-19T10:23:47,414|[TRACE] graph - -----> afterStatementPartNewline
2021-11-19T10:23:47,414|[TRACE] script - #out(` `) [text]
2021-11-19T10:23:47,414|[TRACE] graph - <----- afterStatementPartNewline
2021-11-19T10:23:47,414|[TRACE] graph - -----> statementPart
2021-11-19T10:23:47,414|[TRACE] graph - -------> nonSkippedSpace
2021-11-19T10:23:47,414|[TRACE] script - #out(` `) [token]
2021-11-19T10:23:47,414|[TRACE] graph - <------- nonSkippedSpace
2021-11-19T10:23:47,414|[TRACE] graph - <----- statementPart
2021-11-19T10:23:47,414|[TRACE] graph - -----> statementPart
2021-11-19T10:23:47,414|[TRACE] graph - -------> nonSkippedSpace
2021-11-19T10:23:47,414|[TRACE] script - #out(` `) [token]
2021-11-19T10:23:47,414|[TRACE] graph - <------- nonSkippedSpace
2021-11-19T10:23:47,414|[TRACE] graph - <----- statementPart
2021-11-19T10:23:47,414|[TRACE] graph - -----> statementPart
2021-11-19T10:23:47,414|[TRACE] graph - -------> nonSkippedChar
2021-11-19T10:23:47,414|[TRACE] script - #out(`P`) [token]
2021-11-19T10:23:47,414|[TRACE] graph - <------- nonSkippedChar
2021-11-19T10:23:47,414|[TRACE] graph - <----- statementPart
2021-11-19T10:23:47,414|[TRACE] graph - -----> statementPart
2021-11-19T10:23:47,414|[TRACE] graph - -------> nonSkippedChar
2021-11-19T10:23:47,414|[TRACE] script - #out(`R`) [token]
2021-11-19T10:23:47,414|[TRACE] graph - <------- nonSkippedChar
2021-11-19T10:23:47,414|[TRACE] graph - <----- statementPart
2021-11-19T10:23:47,414|[TRACE] graph - -----> statementPart
2021-11-19T10:23:47,414|[TRACE] graph - -------> nonSkippedChar
2021-11-19T10:23:47,414|[TRACE] script - #out(`I`) [token]
2021-11-19T10:23:47,414|[TRACE] graph - <------- nonSkippedChar
2021-11-19T10:23:47,414|[TRACE] graph - <----- statementPart
2021-11-19T10:23:47,414|[TRACE] graph - -----> statementPart
2021-11-19T10:23:47,414|[TRACE] graph - -------> nonSkippedChar
2021-11-19T10:23:47,414|[TRACE] script - #out(`M`) [token]
2021-11-19T10:23:47,414|[TRACE] graph - <------- nonSkippedChar
2021-11-19T10:23:47,414|[TRACE] graph - <----- statementPart
2021-11-19T10:23:47,414|[TRACE] graph - -----> statementPart
2021-11-19T10:23:47,414|[TRACE] graph - -------> nonSkippedChar
2021-11-19T10:23:47,414|[TRACE] script - #out(`A`) [token]
2021-11-19T10:23:47,414|[TRACE] graph - <------- nonSkippedChar
2021-11-19T10:23:47,414|[TRACE] graph - <----- statementPart
2021-11-19T10:23:47,414|[TRACE] graph - -----> statementPart
2021-11-19T10:23:47,414|[TRACE] graph - -------> nonSkippedChar
2021-11-19T10:23:47,414|[TRACE] script - #out(`R`) [token]
2021-11-19T10:23:47,414|[TRACE] graph - <------- nonSkippedChar
2021-11-19T10:23:47,414|[TRACE] graph - <----- statementPart
2021-11-19T10:23:47,414|[TRACE] graph - -----> statementPart
2021-11-19T10:23:47,414|[TRACE] graph - -------> nonSkippedChar
2021-11-19T10:23:47,414|[TRACE] script - #out(`Y`) [token]
2021-11-19T10:23:47,414|[TRACE] graph - <------- nonSkippedChar
2021-11-19T10:23:47,414|[TRACE] graph - <----- statementPart
2021-11-19T10:23:47,414|[TRACE] graph - -----> statementPart
2021-11-19T10:23:47,414|[TRACE] graph - -------> nonSkippedSpace
2021-11-19T10:23:47,414|[TRACE] script - #out(` `) [token]
2021-11-19T10:23:47,414|[TRACE] graph - <------- nonSkippedSpace
2021-11-19T10:23:47,414|[TRACE] graph - <----- statementPart
2021-11-19T10:23:47,414|[TRACE] graph - -----> statementPart
2021-11-19T10:23:47,414|[TRACE] graph - -------> nonSkippedChar
2021-11-19T10:23:47,414|[TRACE] script - #out(`K`) [token]
2021-11-19T10:23:47,414|[TRACE] graph - <------- nonSkippedChar
2021-11-19T10:23:47,414|[TRACE] graph - <----- statementPart
2021-11-19T10:23:47,414|[TRACE] graph - -----> statementPart
2021-11-19T10:23:47,414|[TRACE] graph - -------> nonSkippedChar
2021-11-19T10:23:47,414|[TRACE] script - #out(`E`) [token]
2021-11-19T10:23:47,414|[TRACE] graph - <------- nonSkippedChar
2021-11-19T10:23:47,414|[TRACE] graph - <----- statementPart
2021-11-19T10:23:47,414|[TRACE] graph - -----> statementPart
2021-11-19T10:23:47,414|[TRACE] graph - -------> nonSkippedChar
2021-11-19T10:23:47,414|[TRACE] script - #out(`Y`) [token]
2021-11-19T10:23:47,414|[TRACE] graph - <------- nonSkippedChar
2021-11-19T10:23:47,414|[TRACE] graph - <----- statementPart
2021-11-19T10:23:47,414|[TRACE] graph - -----> statementPart
2021-11-19T10:23:47,414|[TRACE] graph - -------> nonSkippedSpace
2021-11-19T10:23:47,414|[TRACE] script - #out(` `) [token]
2021-11-19T10:23:47,414|[TRACE] graph - <------- nonSkippedSpace
2021-11-19T10:23:47,414|[TRACE] graph - <----- statementPart
2021-11-19T10:23:47,414|[TRACE] graph - -----> statementPart
2021-11-19T10:23:47,414|[TRACE] graph - -------> nonSkippedChar
2021-11-19T10:23:47,414|[TRACE] script - #out(`(`) [token]
2021-11-19T10:23:47,414|[TRACE] graph - <------- nonSkippedChar
2021-11-19T10:23:47,414|[TRACE] graph - <----- statementPart
2021-11-19T10:23:47,414|[TRACE] graph - -----> statementPart
2021-11-19T10:23:47,414|[TRACE] graph - -------> quotedString
2021-11-19T10:23:47,414|[TRACE] script - #out(``phone_id``) [token]
2021-11-19T10:23:47,414|[TRACE] graph - <------- quotedString
2021-11-19T10:23:47,414|[TRACE] graph - <----- statementPart
2021-11-19T10:23:47,414|[TRACE] graph - -----> statementPart
2021-11-19T10:23:47,414|[TRACE] graph - -------> nonSkippedChar
2021-11-19T10:23:47,414|[TRACE] script - #out(`)`) [token]
2021-11-19T10:23:47,414|[TRACE] graph - <------- nonSkippedChar
2021-11-19T10:23:47,414|[TRACE] graph - <----- statementPart
2021-11-19T10:23:47,414|[TRACE] graph - -----> statementPart
2021-11-19T10:23:47,414|[TRACE] graph - -------> nonSkippedChar
2021-11-19T10:23:47,414|[TRACE] script - #out(`)`) [token]
2021-11-19T10:23:47,414|[TRACE] graph - <------- nonSkippedChar
2021-11-19T10:23:47,414|[TRACE] graph - <----- statementPart
2021-11-19T10:23:47,414|[TRACE] graph - -----> afterStatementPartNewline
2021-11-19T10:23:47,414|[TRACE] script - #out(` `) [text]
2021-11-19T10:23:47,414|[TRACE] graph - <----- afterStatementPartNewline
2021-11-19T10:23:47,414|[TRACE] graph - -----> statementPart
2021-11-19T10:23:47,414|[TRACE] graph - -------> nonSkippedChar
2021-11-19T10:23:47,414|[TRACE] script - #out(`E`) [token]
2021-11-19T10:23:47,414|[TRACE] graph - <------- nonSkippedChar
2021-11-19T10:23:47,414|[TRACE] graph - <----- statementPart
2021-11-19T10:23:47,414|[TRACE] graph - -----> statementPart
2021-11-19T10:23:47,414|[TRACE] graph - -------> nonSkippedChar
2021-11-19T10:23:47,414|[TRACE] script - #out(`N`) [token]
2021-11-19T10:23:47,414|[TRACE] graph - <------- nonSkippedChar
2021-11-19T10:23:47,414|[TRACE] graph - <----- statementPart
2021-11-19T10:23:47,414|[TRACE] graph - -----> statementPart
2021-11-19T10:23:47,414|[TRACE] graph - -------> nonSkippedChar
2021-11-19T10:23:47,414|[TRACE] script - #out(`G`) [token]
2021-11-19T10:23:47,414|[TRACE] graph - <------- nonSkippedChar
2021-11-19T10:23:47,414|[TRACE] graph - <----- statementPart
2021-11-19T10:23:47,414|[TRACE] graph - -----> statementPart
2021-11-19T10:23:47,414|[TRACE] graph - -------> nonSkippedChar
2021-11-19T10:23:47,414|[TRACE] script - #out(`I`) [token]
2021-11-19T10:23:47,414|[TRACE] graph - <------- nonSkippedChar
2021-11-19T10:23:47,414|[TRACE] graph - <----- statementPart
2021-11-19T10:23:47,414|[TRACE] graph - -----> statementPart
2021-11-19T10:23:47,414|[TRACE] graph - -------> nonSkippedChar
2021-11-19T10:23:47,414|[TRACE] script - #out(`N`) [token]
2021-11-19T10:23:47,414|[TRACE] graph - <------- nonSkippedChar
2021-11-19T10:23:47,414|[TRACE] graph - <----- statementPart
2021-11-19T10:23:47,414|[TRACE] graph - -----> statementPart
2021-11-19T10:23:47,414|[TRACE] graph - -------> nonSkippedChar
2021-11-19T10:23:47,414|[TRACE] script - #out(`E`) [token]
2021-11-19T10:23:47,414|[TRACE] graph - <------- nonSkippedChar
2021-11-19T10:23:47,414|[TRACE] graph - <----- statementPart
2021-11-19T10:23:47,414|[TRACE] graph - -----> statementPart
2021-11-19T10:23:47,414|[TRACE] graph - -------> nonSkippedSpace
2021-11-19T10:23:47,414|[TRACE] script - #out(` `) [token]
2021-11-19T10:23:47,414|[TRACE] graph - <------- nonSkippedSpace
2021-11-19T10:23:47,414|[TRACE] graph - <----- statementPart
2021-11-19T10:23:47,414|[TRACE] graph - -----> statementPart
2021-11-19T10:23:47,414|[TRACE] graph - -------> nonSkippedChar
2021-11-19T10:23:47,414|[TRACE] script - #out(`=`) [token]
2021-11-19T10:23:47,414|[TRACE] graph - <------- nonSkippedChar
2021-11-19T10:23:47,414|[TRACE] graph - <----- statementPart
2021-11-19T10:23:47,414|[TRACE] graph - -----> statementPart
2021-11-19T10:23:47,414|[TRACE] graph - -------> nonSkippedSpace
2021-11-19T10:23:47,414|[TRACE] script - #out(` `) [token]
2021-11-19T10:23:47,414|[TRACE] graph - <------- nonSkippedSpace
2021-11-19T10:23:47,414|[TRACE] graph - <----- statementPart
2021-11-19T10:23:47,414|[TRACE] graph - -----> statementPart
2021-11-19T10:23:47,414|[TRACE] graph - -------> nonSkippedChar
2021-11-19T10:23:47,414|[TRACE] script - #out(`I`) [token]
2021-11-19T10:23:47,415|[TRACE] graph - <------- nonSkippedChar
2021-11-19T10:23:47,415|[TRACE] graph - <----- statementPart
2021-11-19T10:23:47,415|[TRACE] graph - -----> statementPart
2021-11-19T10:23:47,415|[TRACE] graph - -------> nonSkippedChar
2021-11-19T10:23:47,415|[TRACE] script - #out(`n`) [token]
2021-11-19T10:23:47,415|[TRACE] graph - <------- nonSkippedChar
2021-11-19T10:23:47,415|[TRACE] graph - <----- statementPart
2021-11-19T10:23:47,415|[TRACE] graph - -----> statementPart
2021-11-19T10:23:47,415|[TRACE] graph - -------> nonSkippedChar
2021-11-19T10:23:47,415|[TRACE] script - #out(`n`) [token]
2021-11-19T10:23:47,415|[TRACE] graph - <------- nonSkippedChar
2021-11-19T10:23:47,415|[TRACE] graph - <----- statementPart
2021-11-19T10:23:47,415|[TRACE] graph - -----> statementPart
2021-11-19T10:23:47,415|[TRACE] graph - -------> nonSkippedChar
2021-11-19T10:23:47,415|[TRACE] script - #out(`o`) [token]
2021-11-19T10:23:47,415|[TRACE] graph - <------- nonSkippedChar
2021-11-19T10:23:47,415|[TRACE] graph - <----- statementPart
2021-11-19T10:23:47,415|[TRACE] graph - -----> statementPart
2021-11-19T10:23:47,415|[TRACE] graph - -------> nonSkippedChar
2021-11-19T10:23:47,415|[TRACE] script - #out(`D`) [token]
2021-11-19T10:23:47,415|[TRACE] graph - <------- nonSkippedChar
2021-11-19T10:23:47,415|[TRACE] graph - <----- statementPart
2021-11-19T10:23:47,415|[TRACE] graph - -----> statementPart
2021-11-19T10:23:47,415|[TRACE] graph - -------> nonSkippedChar
2021-11-19T10:23:47,415|[TRACE] script - #out(`B`) [token]
2021-11-19T10:23:47,415|[TRACE] graph - <------- nonSkippedChar
2021-11-19T10:23:47,415|[TRACE] graph - <----- statementPart
2021-11-19T10:23:47,415|[DEBUG] graph - Import statement : CREATE TABLE IF NOT EXISTS `bloodbank`.`phone` (   `phone_id` INT NOT NULL AUTO_INCREMENT,   `country_code` VARCHAR(10) NOT NULL DEFAULT '1',   `area_code` VARCHAR(10) NOT NULL,   `number` VARCHAR(10) NOT NULL,   `created` BIGINT NOT NULL DEFAULT (unix_timestamp(now()) * 1000),   `updated` BIGINT NOT NULL DEFAULT (unix_timestamp(now()) * 1000),   `version` INT NOT NULL DEFAULT 1,   PRIMARY KEY (`phone_id`)) ENGINE = InnoDB
2021-11-19T10:23:47,415|[TRACE] graph - <--- statement
2021-11-19T10:23:47,415|[TRACE] graph - ---> blankSpacesToSkip
2021-11-19T10:23:47,415|[TRACE] graph - -----> newLineToSkip
2021-11-19T10:23:47,415|[TRACE] graph - <----- newLineToSkip
2021-11-19T10:23:47,415|[TRACE] graph - -----> newLineToSkip
2021-11-19T10:23:47,415|[TRACE] graph - <----- newLineToSkip
2021-11-19T10:23:47,415|[TRACE] graph - -----> newLineToSkip
2021-11-19T10:23:47,415|[TRACE] graph - <----- newLineToSkip
2021-11-19T10:23:47,415|[TRACE] graph - -----> newLineToSkip
2021-11-19T10:23:47,415|[TRACE] graph - <----- newLineToSkip
2021-11-19T10:23:47,415|[TRACE] graph - -----> newLineToSkip
2021-11-19T10:23:47,415|[TRACE] graph - <----- newLineToSkip
2021-11-19T10:23:47,415|[TRACE] graph - -----> newLineToSkip
2021-11-19T10:23:47,415|[TRACE] graph - <----- newLineToSkip
2021-11-19T10:23:47,415|[TRACE] graph - <--- blankSpacesToSkip
2021-11-19T10:23:47,415|[TRACE] graph - ---> statement
2021-11-19T10:23:47,415|[TRACE] graph - -----> statementFirstPart
2021-11-19T10:23:47,415|[TRACE] graph - -------> nonSkippedChar
2021-11-19T10:23:47,415|[TRACE] script - #out(`C`) [token]
2021-11-19T10:23:47,415|[TRACE] graph - <------- nonSkippedChar
2021-11-19T10:23:47,415|[TRACE] graph - <----- statementFirstPart
2021-11-19T10:23:47,415|[TRACE] graph - -----> statementPart
2021-11-19T10:23:47,415|[TRACE] graph - -------> nonSkippedChar
2021-11-19T10:23:47,415|[TRACE] script - #out(`R`) [token]
2021-11-19T10:23:47,415|[TRACE] graph - <------- nonSkippedChar
2021-11-19T10:23:47,415|[TRACE] graph - <----- statementPart
2021-11-19T10:23:47,415|[TRACE] graph - -----> statementPart
2021-11-19T10:23:47,415|[TRACE] graph - -------> nonSkippedChar
2021-11-19T10:23:47,415|[TRACE] script - #out(`E`) [token]
2021-11-19T10:23:47,415|[TRACE] graph - <------- nonSkippedChar
2021-11-19T10:23:47,415|[TRACE] graph - <----- statementPart
2021-11-19T10:23:47,415|[TRACE] graph - -----> statementPart
2021-11-19T10:23:47,415|[TRACE] graph - -------> nonSkippedChar
2021-11-19T10:23:47,415|[TRACE] script - #out(`A`) [token]
2021-11-19T10:23:47,415|[TRACE] graph - <------- nonSkippedChar
2021-11-19T10:23:47,415|[TRACE] graph - <----- statementPart
2021-11-19T10:23:47,415|[TRACE] graph - -----> statementPart
2021-11-19T10:23:47,415|[TRACE] graph - -------> nonSkippedChar
2021-11-19T10:23:47,415|[TRACE] script - #out(`T`) [token]
2021-11-19T10:23:47,415|[TRACE] graph - <------- nonSkippedChar
2021-11-19T10:23:47,415|[TRACE] graph - <----- statementPart
2021-11-19T10:23:47,415|[TRACE] graph - -----> statementPart
2021-11-19T10:23:47,415|[TRACE] graph - -------> nonSkippedChar
2021-11-19T10:23:47,415|[TRACE] script - #out(`E`) [token]
2021-11-19T10:23:47,415|[TRACE] graph - <------- nonSkippedChar
2021-11-19T10:23:47,415|[TRACE] graph - <----- statementPart
2021-11-19T10:23:47,415|[TRACE] graph - -----> statementPart
2021-11-19T10:23:47,415|[TRACE] graph - -------> nonSkippedSpace
2021-11-19T10:23:47,415|[TRACE] script - #out(` `) [token]
2021-11-19T10:23:47,415|[TRACE] graph - <------- nonSkippedSpace
2021-11-19T10:23:47,415|[TRACE] graph - <----- statementPart
2021-11-19T10:23:47,415|[TRACE] graph - -----> statementPart
2021-11-19T10:23:47,415|[TRACE] graph - -------> nonSkippedChar
2021-11-19T10:23:47,415|[TRACE] script - #out(`T`) [token]
2021-11-19T10:23:47,415|[TRACE] graph - <------- nonSkippedChar
2021-11-19T10:23:47,415|[TRACE] graph - <----- statementPart
2021-11-19T10:23:47,415|[TRACE] graph - -----> statementPart
2021-11-19T10:23:47,415|[TRACE] graph - -------> nonSkippedChar
2021-11-19T10:23:47,415|[TRACE] script - #out(`A`) [token]
2021-11-19T10:23:47,415|[TRACE] graph - <------- nonSkippedChar
2021-11-19T10:23:47,415|[TRACE] graph - <----- statementPart
2021-11-19T10:23:47,415|[TRACE] graph - -----> statementPart
2021-11-19T10:23:47,415|[TRACE] graph - -------> nonSkippedChar
2021-11-19T10:23:47,415|[TRACE] script - #out(`B`) [token]
2021-11-19T10:23:47,415|[TRACE] graph - <------- nonSkippedChar
2021-11-19T10:23:47,415|[TRACE] graph - <----- statementPart
2021-11-19T10:23:47,415|[TRACE] graph - -----> statementPart
2021-11-19T10:23:47,415|[TRACE] graph - -------> nonSkippedChar
2021-11-19T10:23:47,415|[TRACE] script - #out(`L`) [token]
2021-11-19T10:23:47,415|[TRACE] graph - <------- nonSkippedChar
2021-11-19T10:23:47,415|[TRACE] graph - <----- statementPart
2021-11-19T10:23:47,415|[TRACE] graph - -----> statementPart
2021-11-19T10:23:47,415|[TRACE] graph - -------> nonSkippedChar
2021-11-19T10:23:47,415|[TRACE] script - #out(`E`) [token]
2021-11-19T10:23:47,415|[TRACE] graph - <------- nonSkippedChar
2021-11-19T10:23:47,415|[TRACE] graph - <----- statementPart
2021-11-19T10:23:47,415|[TRACE] graph - -----> statementPart
2021-11-19T10:23:47,415|[TRACE] graph - -------> nonSkippedSpace
2021-11-19T10:23:47,415|[TRACE] script - #out(` `) [token]
2021-11-19T10:23:47,415|[TRACE] graph - <------- nonSkippedSpace
2021-11-19T10:23:47,415|[TRACE] graph - <----- statementPart
2021-11-19T10:23:47,415|[TRACE] graph - -----> statementPart
2021-11-19T10:23:47,415|[TRACE] graph - -------> nonSkippedChar
2021-11-19T10:23:47,415|[TRACE] script - #out(`I`) [token]
2021-11-19T10:23:47,415|[TRACE] graph - <------- nonSkippedChar
2021-11-19T10:23:47,415|[TRACE] graph - <----- statementPart
2021-11-19T10:23:47,415|[TRACE] graph - -----> statementPart
2021-11-19T10:23:47,415|[TRACE] graph - -------> nonSkippedChar
2021-11-19T10:23:47,415|[TRACE] script - #out(`F`) [token]
2021-11-19T10:23:47,415|[TRACE] graph - <------- nonSkippedChar
2021-11-19T10:23:47,415|[TRACE] graph - <----- statementPart
2021-11-19T10:23:47,415|[TRACE] graph - -----> statementPart
2021-11-19T10:23:47,415|[TRACE] graph - -------> nonSkippedSpace
2021-11-19T10:23:47,415|[TRACE] script - #out(` `) [token]
2021-11-19T10:23:47,415|[TRACE] graph - <------- nonSkippedSpace
2021-11-19T10:23:47,415|[TRACE] graph - <----- statementPart
2021-11-19T10:23:47,415|[TRACE] graph - -----> statementPart
2021-11-19T10:23:47,415|[TRACE] graph - -------> nonSkippedChar
2021-11-19T10:23:47,415|[TRACE] script - #out(`N`) [token]
2021-11-19T10:23:47,415|[TRACE] graph - <------- nonSkippedChar
2021-11-19T10:23:47,415|[TRACE] graph - <----- statementPart
2021-11-19T10:23:47,415|[TRACE] graph - -----> statementPart
2021-11-19T10:23:47,415|[TRACE] graph - -------> nonSkippedChar
2021-11-19T10:23:47,415|[TRACE] script - #out(`O`) [token]
2021-11-19T10:23:47,415|[TRACE] graph - <------- nonSkippedChar
2021-11-19T10:23:47,415|[TRACE] graph - <----- statementPart
2021-11-19T10:23:47,415|[TRACE] graph - -----> statementPart
2021-11-19T10:23:47,415|[TRACE] graph - -------> nonSkippedChar
2021-11-19T10:23:47,415|[TRACE] script - #out(`T`) [token]
2021-11-19T10:23:47,415|[TRACE] graph - <------- nonSkippedChar
2021-11-19T10:23:47,415|[TRACE] graph - <----- statementPart
2021-11-19T10:23:47,415|[TRACE] graph - -----> statementPart
2021-11-19T10:23:47,415|[TRACE] graph - -------> nonSkippedSpace
2021-11-19T10:23:47,415|[TRACE] script - #out(` `) [token]
2021-11-19T10:23:47,415|[TRACE] graph - <------- nonSkippedSpace
2021-11-19T10:23:47,415|[TRACE] graph - <----- statementPart
2021-11-19T10:23:47,415|[TRACE] graph - -----> statementPart
2021-11-19T10:23:47,415|[TRACE] graph - -------> nonSkippedChar
2021-11-19T10:23:47,415|[TRACE] script - #out(`E`) [token]
2021-11-19T10:23:47,415|[TRACE] graph - <------- nonSkippedChar
2021-11-19T10:23:47,415|[TRACE] graph - <----- statementPart
2021-11-19T10:23:47,415|[TRACE] graph - -----> statementPart
2021-11-19T10:23:47,415|[TRACE] graph - -------> nonSkippedChar
2021-11-19T10:23:47,415|[TRACE] script - #out(`X`) [token]
2021-11-19T10:23:47,415|[TRACE] graph - <------- nonSkippedChar
2021-11-19T10:23:47,415|[TRACE] graph - <----- statementPart
2021-11-19T10:23:47,415|[TRACE] graph - -----> statementPart
2021-11-19T10:23:47,415|[TRACE] graph - -------> nonSkippedChar
2021-11-19T10:23:47,415|[TRACE] script - #out(`I`) [token]
2021-11-19T10:23:47,415|[TRACE] graph - <------- nonSkippedChar
2021-11-19T10:23:47,415|[TRACE] graph - <----- statementPart
2021-11-19T10:23:47,415|[TRACE] graph - -----> statementPart
2021-11-19T10:23:47,415|[TRACE] graph - -------> nonSkippedChar
2021-11-19T10:23:47,415|[TRACE] script - #out(`S`) [token]
2021-11-19T10:23:47,415|[TRACE] graph - <------- nonSkippedChar
2021-11-19T10:23:47,415|[TRACE] graph - <----- statementPart
2021-11-19T10:23:47,415|[TRACE] graph - -----> statementPart
2021-11-19T10:23:47,415|[TRACE] graph - -------> nonSkippedChar
2021-11-19T10:23:47,415|[TRACE] script - #out(`T`) [token]
2021-11-19T10:23:47,415|[TRACE] graph - <------- nonSkippedChar
2021-11-19T10:23:47,415|[TRACE] graph - <----- statementPart
2021-11-19T10:23:47,415|[TRACE] graph - -----> statementPart
2021-11-19T10:23:47,415|[TRACE] graph - -------> nonSkippedChar
2021-11-19T10:23:47,415|[TRACE] script - #out(`S`) [token]
2021-11-19T10:23:47,415|[TRACE] graph - <------- nonSkippedChar
2021-11-19T10:23:47,415|[TRACE] graph - <----- statementPart
2021-11-19T10:23:47,415|[TRACE] graph - -----> statementPart
2021-11-19T10:23:47,415|[TRACE] graph - -------> nonSkippedSpace
2021-11-19T10:23:47,415|[TRACE] script - #out(` `) [token]
2021-11-19T10:23:47,415|[TRACE] graph - <------- nonSkippedSpace
2021-11-19T10:23:47,415|[TRACE] graph - <----- statementPart
2021-11-19T10:23:47,415|[TRACE] graph - -----> statementPart
2021-11-19T10:23:47,415|[TRACE] graph - -------> quotedString
2021-11-19T10:23:47,415|[TRACE] script - #out(``bloodbank``) [token]
2021-11-19T10:23:47,415|[TRACE] graph - <------- quotedString
2021-11-19T10:23:47,415|[TRACE] graph - <----- statementPart
2021-11-19T10:23:47,415|[TRACE] graph - -----> statementPart
2021-11-19T10:23:47,415|[TRACE] graph - -------> nonSkippedChar
2021-11-19T10:23:47,415|[TRACE] script - #out(`.`) [token]
2021-11-19T10:23:47,415|[TRACE] graph - <------- nonSkippedChar
2021-11-19T10:23:47,415|[TRACE] graph - <----- statementPart
2021-11-19T10:23:47,415|[TRACE] graph - -----> statementPart
2021-11-19T10:23:47,415|[TRACE] graph - -------> quotedString
2021-11-19T10:23:47,415|[TRACE] script - #out(``contact``) [token]
2021-11-19T10:23:47,415|[TRACE] graph - <------- quotedString
2021-11-19T10:23:47,415|[TRACE] graph - <----- statementPart
2021-11-19T10:23:47,415|[TRACE] graph - -----> statementPart
2021-11-19T10:23:47,415|[TRACE] graph - -------> nonSkippedSpace
2021-11-19T10:23:47,415|[TRACE] script - #out(` `) [token]
2021-11-19T10:23:47,415|[TRACE] graph - <------- nonSkippedSpace
2021-11-19T10:23:47,415|[TRACE] graph - <----- statementPart
2021-11-19T10:23:47,415|[TRACE] graph - -----> statementPart
2021-11-19T10:23:47,415|[TRACE] graph - -------> nonSkippedChar
2021-11-19T10:23:47,415|[TRACE] script - #out(`(`) [token]
2021-11-19T10:23:47,415|[TRACE] graph - <------- nonSkippedChar
2021-11-19T10:23:47,415|[TRACE] graph - <----- statementPart
2021-11-19T10:23:47,415|[TRACE] graph - -----> afterStatementPartNewline
2021-11-19T10:23:47,415|[TRACE] script - #out(` `) [text]
2021-11-19T10:23:47,415|[TRACE] graph - <----- afterStatementPartNewline
2021-11-19T10:23:47,415|[TRACE] graph - -----> statementPart
2021-11-19T10:23:47,415|[TRACE] graph - -------> nonSkippedSpace
2021-11-19T10:23:47,415|[TRACE] script - #out(` `) [token]
2021-11-19T10:23:47,415|[TRACE] graph - <------- nonSkippedSpace
2021-11-19T10:23:47,415|[TRACE] graph - <----- statementPart
2021-11-19T10:23:47,415|[TRACE] graph - -----> statementPart
2021-11-19T10:23:47,415|[TRACE] graph - -------> nonSkippedSpace
2021-11-19T10:23:47,415|[TRACE] script - #out(` `) [token]
2021-11-19T10:23:47,415|[TRACE] graph - <------- nonSkippedSpace
2021-11-19T10:23:47,415|[TRACE] graph - <----- statementPart
2021-11-19T10:23:47,415|[TRACE] graph - -----> statementPart
2021-11-19T10:23:47,415|[TRACE] graph - -------> quotedString
2021-11-19T10:23:47,415|[TRACE] script - #out(``person_id``) [token]
2021-11-19T10:23:47,415|[TRACE] graph - <------- quotedString
2021-11-19T10:23:47,415|[TRACE] graph - <----- statementPart
2021-11-19T10:23:47,415|[TRACE] graph - -----> statementPart
2021-11-19T10:23:47,415|[TRACE] graph - -------> nonSkippedSpace
2021-11-19T10:23:47,415|[TRACE] script - #out(` `) [token]
2021-11-19T10:23:47,415|[TRACE] graph - <------- nonSkippedSpace
2021-11-19T10:23:47,415|[TRACE] graph - <----- statementPart
2021-11-19T10:23:47,415|[TRACE] graph - -----> statementPart
2021-11-19T10:23:47,415|[TRACE] graph - -------> nonSkippedChar
2021-11-19T10:23:47,415|[TRACE] script - #out(`I`) [token]
2021-11-19T10:23:47,415|[TRACE] graph - <------- nonSkippedChar
2021-11-19T10:23:47,415|[TRACE] graph - <----- statementPart
2021-11-19T10:23:47,415|[TRACE] graph - -----> statementPart
2021-11-19T10:23:47,415|[TRACE] graph - -------> nonSkippedChar
2021-11-19T10:23:47,415|[TRACE] script - #out(`N`) [token]
2021-11-19T10:23:47,415|[TRACE] graph - <------- nonSkippedChar
2021-11-19T10:23:47,415|[TRACE] graph - <----- statementPart
2021-11-19T10:23:47,415|[TRACE] graph - -----> statementPart
2021-11-19T10:23:47,415|[TRACE] graph - -------> nonSkippedChar
2021-11-19T10:23:47,415|[TRACE] script - #out(`T`) [token]
2021-11-19T10:23:47,415|[TRACE] graph - <------- nonSkippedChar
2021-11-19T10:23:47,415|[TRACE] graph - <----- statementPart
2021-11-19T10:23:47,415|[TRACE] graph - -----> statementPart
2021-11-19T10:23:47,415|[TRACE] graph - -------> nonSkippedSpace
2021-11-19T10:23:47,415|[TRACE] script - #out(` `) [token]
2021-11-19T10:23:47,415|[TRACE] graph - <------- nonSkippedSpace
2021-11-19T10:23:47,416|[TRACE] graph - <----- statementPart
2021-11-19T10:23:47,416|[TRACE] graph - -----> statementPart
2021-11-19T10:23:47,416|[TRACE] graph - -------> nonSkippedChar
2021-11-19T10:23:47,416|[TRACE] script - #out(`N`) [token]
2021-11-19T10:23:47,416|[TRACE] graph - <------- nonSkippedChar
2021-11-19T10:23:47,416|[TRACE] graph - <----- statementPart
2021-11-19T10:23:47,416|[TRACE] graph - -----> statementPart
2021-11-19T10:23:47,416|[TRACE] graph - -------> nonSkippedChar
2021-11-19T10:23:47,416|[TRACE] script - #out(`O`) [token]
2021-11-19T10:23:47,416|[TRACE] graph - <------- nonSkippedChar
2021-11-19T10:23:47,416|[TRACE] graph - <----- statementPart
2021-11-19T10:23:47,416|[TRACE] graph - -----> statementPart
2021-11-19T10:23:47,416|[TRACE] graph - -------> nonSkippedChar
2021-11-19T10:23:47,416|[TRACE] script - #out(`T`) [token]
2021-11-19T10:23:47,416|[TRACE] graph - <------- nonSkippedChar
2021-11-19T10:23:47,416|[TRACE] graph - <----- statementPart
2021-11-19T10:23:47,416|[TRACE] graph - -----> statementPart
2021-11-19T10:23:47,416|[TRACE] graph - -------> nonSkippedSpace
2021-11-19T10:23:47,416|[TRACE] script - #out(` `) [token]
2021-11-19T10:23:47,416|[TRACE] graph - <------- nonSkippedSpace
2021-11-19T10:23:47,416|[TRACE] graph - <----- statementPart
2021-11-19T10:23:47,416|[TRACE] graph - -----> statementPart
2021-11-19T10:23:47,416|[TRACE] graph - -------> nonSkippedChar
2021-11-19T10:23:47,416|[TRACE] script - #out(`N`) [token]
2021-11-19T10:23:47,416|[TRACE] graph - <------- nonSkippedChar
2021-11-19T10:23:47,416|[TRACE] graph - <----- statementPart
2021-11-19T10:23:47,416|[TRACE] graph - -----> statementPart
2021-11-19T10:23:47,416|[TRACE] graph - -------> nonSkippedChar
2021-11-19T10:23:47,416|[TRACE] script - #out(`U`) [token]
2021-11-19T10:23:47,416|[TRACE] graph - <------- nonSkippedChar
2021-11-19T10:23:47,416|[TRACE] graph - <----- statementPart
2021-11-19T10:23:47,416|[TRACE] graph - -----> statementPart
2021-11-19T10:23:47,416|[TRACE] graph - -------> nonSkippedChar
2021-11-19T10:23:47,416|[TRACE] script - #out(`L`) [token]
2021-11-19T10:23:47,416|[TRACE] graph - <------- nonSkippedChar
2021-11-19T10:23:47,416|[TRACE] graph - <----- statementPart
2021-11-19T10:23:47,416|[TRACE] graph - -----> statementPart
2021-11-19T10:23:47,416|[TRACE] graph - -------> nonSkippedChar
2021-11-19T10:23:47,416|[TRACE] script - #out(`L`) [token]
2021-11-19T10:23:47,416|[TRACE] graph - <------- nonSkippedChar
2021-11-19T10:23:47,416|[TRACE] graph - <----- statementPart
2021-11-19T10:23:47,416|[TRACE] graph - -----> statementPart
2021-11-19T10:23:47,416|[TRACE] graph - -------> nonSkippedChar
2021-11-19T10:23:47,482|[TRACE] script - #out(`,`) [token]
2021-11-19T10:23:47,482|[TRACE] graph - <------- nonSkippedChar
2021-11-19T10:23:47,482|[TRACE] graph - <----- statementPart
2021-11-19T10:23:47,482|[TRACE] graph - -----> afterStatementPartNewline
2021-11-19T10:23:47,482|[TRACE] script - #out(` `) [text]
2021-11-19T10:23:47,482|[TRACE] graph - <----- afterStatementPartNewline
2021-11-19T10:23:47,482|[TRACE] graph - -----> statementPart
2021-11-19T10:23:47,482|[TRACE] graph - -------> nonSkippedSpace
2021-11-19T10:23:47,482|[TRACE] script - #out(` `) [token]
2021-11-19T10:23:47,482|[TRACE] graph - <------- nonSkippedSpace
2021-11-19T10:23:47,482|[TRACE] graph - <----- statementPart
2021-11-19T10:23:47,482|[TRACE] graph - -----> statementPart
2021-11-19T10:23:47,482|[TRACE] graph - -------> nonSkippedSpace
2021-11-19T10:23:47,482|[TRACE] script - #out(` `) [token]
2021-11-19T10:23:47,482|[TRACE] graph - <------- nonSkippedSpace
2021-11-19T10:23:47,482|[TRACE] graph - <----- statementPart
2021-11-19T10:23:47,482|[TRACE] graph - -----> statementPart
2021-11-19T10:23:47,482|[TRACE] graph - -------> quotedString
2021-11-19T10:23:47,482|[TRACE] script - #out(``phone_id``) [token]
2021-11-19T10:23:47,482|[TRACE] graph - <------- quotedString
2021-11-19T10:23:47,482|[TRACE] graph - <----- statementPart
2021-11-19T10:23:47,482|[TRACE] graph - -----> statementPart
2021-11-19T10:23:47,482|[TRACE] graph - -------> nonSkippedSpace
2021-11-19T10:23:47,482|[TRACE] script - #out(` `) [token]
2021-11-19T10:23:47,482|[TRACE] graph - <------- nonSkippedSpace
2021-11-19T10:23:47,482|[TRACE] graph - <----- statementPart
2021-11-19T10:23:47,482|[TRACE] graph - -----> statementPart
2021-11-19T10:23:47,482|[TRACE] graph - -------> nonSkippedChar
2021-11-19T10:23:47,482|[TRACE] script - #out(`I`) [token]
2021-11-19T10:23:47,482|[TRACE] graph - <------- nonSkippedChar
2021-11-19T10:23:47,482|[TRACE] graph - <----- statementPart
2021-11-19T10:23:47,482|[TRACE] graph - -----> statementPart
2021-11-19T10:23:47,482|[TRACE] graph - -------> nonSkippedChar
2021-11-19T10:23:47,482|[TRACE] script - #out(`N`) [token]
2021-11-19T10:23:47,482|[TRACE] graph - <------- nonSkippedChar
2021-11-19T10:23:47,482|[TRACE] graph - <----- statementPart
2021-11-19T10:23:47,482|[TRACE] graph - -----> statementPart
2021-11-19T10:23:47,482|[TRACE] graph - -------> nonSkippedChar
2021-11-19T10:23:47,482|[TRACE] script - #out(`T`) [token]
2021-11-19T10:23:47,482|[TRACE] graph - <------- nonSkippedChar
2021-11-19T10:23:47,482|[TRACE] graph - <----- statementPart
2021-11-19T10:23:47,482|[TRACE] graph - -----> statementPart
2021-11-19T10:23:47,482|[TRACE] graph - -------> nonSkippedSpace
2021-11-19T10:23:47,482|[TRACE] script - #out(` `) [token]
2021-11-19T10:23:47,482|[TRACE] graph - <------- nonSkippedSpace
2021-11-19T10:23:47,482|[TRACE] graph - <----- statementPart
2021-11-19T10:23:47,482|[TRACE] graph - -----> statementPart
2021-11-19T10:23:47,482|[TRACE] graph - -------> nonSkippedChar
2021-11-19T10:23:47,482|[TRACE] script - #out(`N`) [token]
2021-11-19T10:23:47,482|[TRACE] graph - <------- nonSkippedChar
2021-11-19T10:23:47,482|[TRACE] graph - <----- statementPart
2021-11-19T10:23:47,482|[TRACE] graph - -----> statementPart
2021-11-19T10:23:47,482|[TRACE] graph - -------> nonSkippedChar
2021-11-19T10:23:47,482|[TRACE] script - #out(`O`) [token]
2021-11-19T10:23:47,482|[TRACE] graph - <------- nonSkippedChar
2021-11-19T10:23:47,482|[TRACE] graph - <----- statementPart
2021-11-19T10:23:47,482|[TRACE] graph - -----> statementPart
2021-11-19T10:23:47,482|[TRACE] graph - -------> nonSkippedChar
2021-11-19T10:23:47,482|[TRACE] script - #out(`T`) [token]
2021-11-19T10:23:47,482|[TRACE] graph - <------- nonSkippedChar
2021-11-19T10:23:47,482|[TRACE] graph - <----- statementPart
2021-11-19T10:23:47,482|[TRACE] graph - -----> statementPart
2021-11-19T10:23:47,482|[TRACE] graph - -------> nonSkippedSpace
2021-11-19T10:23:47,482|[TRACE] script - #out(` `) [token]
2021-11-19T10:23:47,482|[TRACE] graph - <------- nonSkippedSpace
2021-11-19T10:23:47,482|[TRACE] graph - <----- statementPart
2021-11-19T10:23:47,482|[TRACE] graph - -----> statementPart
2021-11-19T10:23:47,482|[TRACE] graph - -------> nonSkippedChar
2021-11-19T10:23:47,482|[TRACE] script - #out(`N`) [token]
2021-11-19T10:23:47,482|[TRACE] graph - <------- nonSkippedChar
2021-11-19T10:23:47,482|[TRACE] graph - <----- statementPart
2021-11-19T10:23:47,482|[TRACE] graph - -----> statementPart
2021-11-19T10:23:47,482|[TRACE] graph - -------> nonSkippedChar
2021-11-19T10:23:47,482|[TRACE] script - #out(`U`) [token]
2021-11-19T10:23:47,482|[TRACE] graph - <------- nonSkippedChar
2021-11-19T10:23:47,482|[TRACE] graph - <----- statementPart
2021-11-19T10:23:47,482|[TRACE] graph - -----> statementPart
2021-11-19T10:23:47,482|[TRACE] graph - -------> nonSkippedChar
2021-11-19T10:23:47,482|[TRACE] script - #out(`L`) [token]
2021-11-19T10:23:47,482|[TRACE] graph - <------- nonSkippedChar
2021-11-19T10:23:47,482|[TRACE] graph - <----- statementPart
2021-11-19T10:23:47,482|[TRACE] graph - -----> statementPart
2021-11-19T10:23:47,482|[TRACE] graph - -------> nonSkippedChar
2021-11-19T10:23:47,482|[TRACE] script - #out(`L`) [token]
2021-11-19T10:23:47,482|[TRACE] graph - <------- nonSkippedChar
2021-11-19T10:23:47,482|[TRACE] graph - <----- statementPart
2021-11-19T10:23:47,482|[TRACE] graph - -----> statementPart
2021-11-19T10:23:47,482|[TRACE] graph - -------> nonSkippedChar
2021-11-19T10:23:47,482|[TRACE] script - #out(`,`) [token]
2021-11-19T10:23:47,482|[TRACE] graph - <------- nonSkippedChar
2021-11-19T10:23:47,482|[TRACE] graph - <----- statementPart
2021-11-19T10:23:47,482|[TRACE] graph - -----> afterStatementPartNewline
2021-11-19T10:23:47,482|[TRACE] script - #out(` `) [text]
2021-11-19T10:23:47,482|[TRACE] graph - <----- afterStatementPartNewline
2021-11-19T10:23:47,482|[TRACE] graph - -----> statementPart
2021-11-19T10:23:47,482|[TRACE] graph - -------> nonSkippedSpace
2021-11-19T10:23:47,482|[TRACE] script - #out(` `) [token]
2021-11-19T10:23:47,482|[TRACE] graph - <------- nonSkippedSpace
2021-11-19T10:23:47,482|[TRACE] graph - <----- statementPart
2021-11-19T10:23:47,482|[TRACE] graph - -----> statementPart
2021-11-19T10:23:47,482|[TRACE] graph - -------> nonSkippedSpace
2021-11-19T10:23:47,482|[TRACE] script - #out(` `) [token]
2021-11-19T10:23:47,482|[TRACE] graph - <------- nonSkippedSpace
2021-11-19T10:23:47,482|[TRACE] graph - <----- statementPart
2021-11-19T10:23:47,482|[TRACE] graph - -----> statementPart
2021-11-19T10:23:47,482|[TRACE] graph - -------> quotedString
2021-11-19T10:23:47,482|[TRACE] script - #out(``contact_type``) [token]
2021-11-19T10:23:47,482|[TRACE] graph - <------- quotedString
2021-11-19T10:23:47,482|[TRACE] graph - <----- statementPart
2021-11-19T10:23:47,482|[TRACE] graph - -----> statementPart
2021-11-19T10:23:47,483|[TRACE] graph - -------> nonSkippedSpace
2021-11-19T10:23:47,483|[TRACE] script - #out(` `) [token]
2021-11-19T10:23:47,483|[TRACE] graph - <------- nonSkippedSpace
2021-11-19T10:23:47,483|[TRACE] graph - <----- statementPart
2021-11-19T10:23:47,483|[TRACE] graph - -----> statementPart
2021-11-19T10:23:47,483|[TRACE] graph - -------> nonSkippedChar
2021-11-19T10:23:47,483|[TRACE] script - #out(`V`) [token]
2021-11-19T10:23:47,483|[TRACE] graph - <------- nonSkippedChar
2021-11-19T10:23:47,483|[TRACE] graph - <----- statementPart
2021-11-19T10:23:47,483|[TRACE] graph - -----> statementPart
2021-11-19T10:23:47,483|[TRACE] graph - -------> nonSkippedChar
2021-11-19T10:23:47,483|[TRACE] script - #out(`A`) [token]
2021-11-19T10:23:47,483|[TRACE] graph - <------- nonSkippedChar
2021-11-19T10:23:47,483|[TRACE] graph - <----- statementPart
2021-11-19T10:23:47,483|[TRACE] graph - -----> statementPart
2021-11-19T10:23:47,483|[TRACE] graph - -------> nonSkippedChar
2021-11-19T10:23:47,483|[TRACE] script - #out(`R`) [token]
2021-11-19T10:23:47,483|[TRACE] graph - <------- nonSkippedChar
2021-11-19T10:23:47,483|[TRACE] graph - <----- statementPart
2021-11-19T10:23:47,483|[TRACE] graph - -----> statementPart
2021-11-19T10:23:47,483|[TRACE] graph - -------> nonSkippedChar
2021-11-19T10:23:47,483|[TRACE] script - #out(`C`) [token]
2021-11-19T10:23:47,483|[TRACE] graph - <------- nonSkippedChar
2021-11-19T10:23:47,483|[TRACE] graph - <----- statementPart
2021-11-19T10:23:47,483|[TRACE] graph - -----> statementPart
2021-11-19T10:23:47,483|[TRACE] graph - -------> nonSkippedChar
2021-11-19T10:23:47,483|[TRACE] script - #out(`H`) [token]
2021-11-19T10:23:47,483|[TRACE] graph - <------- nonSkippedChar
2021-11-19T10:23:47,483|[TRACE] graph - <----- statementPart
2021-11-19T10:23:47,483|[TRACE] graph - -----> statementPart
2021-11-19T10:23:47,483|[TRACE] graph - -------> nonSkippedChar
2021-11-19T10:23:47,483|[TRACE] script - #out(`A`) [token]
2021-11-19T10:23:47,483|[TRACE] graph - <------- nonSkippedChar
2021-11-19T10:23:47,483|[TRACE] graph - <----- statementPart
2021-11-19T10:23:47,483|[TRACE] graph - -----> statementPart
2021-11-19T10:23:47,483|[TRACE] graph - -------> nonSkippedChar
2021-11-19T10:23:47,483|[TRACE] script - #out(`R`) [token]
2021-11-19T10:23:47,483|[TRACE] graph - <------- nonSkippedChar
2021-11-19T10:23:47,483|[TRACE] graph - <----- statementPart
2021-11-19T10:23:47,483|[TRACE] graph - -----> statementPart
2021-11-19T10:23:47,483|[TRACE] graph - -------> nonSkippedChar
2021-11-19T10:23:47,483|[TRACE] script - #out(`(`) [token]
2021-11-19T10:23:47,483|[TRACE] graph - <------- nonSkippedChar
2021-11-19T10:23:47,483|[TRACE] graph - <----- statementPart
2021-11-19T10:23:47,483|[TRACE] graph - -----> statementPart
2021-11-19T10:23:47,483|[TRACE] graph - -------> nonSkippedChar
2021-11-19T10:23:47,483|[TRACE] script - #out(`1`) [token]
2021-11-19T10:23:47,483|[TRACE] graph - <------- nonSkippedChar
2021-11-19T10:23:47,483|[TRACE] graph - <----- statementPart
2021-11-19T10:23:47,483|[TRACE] graph - -----> statementPart
2021-11-19T10:23:47,483|[TRACE] graph - -------> nonSkippedChar
2021-11-19T10:23:47,483|[TRACE] script - #out(`0`) [token]
2021-11-19T10:23:47,483|[TRACE] graph - <------- nonSkippedChar
2021-11-19T10:23:47,483|[TRACE] graph - <----- statementPart
2021-11-19T10:23:47,483|[TRACE] graph - -----> statementPart
2021-11-19T10:23:47,483|[TRACE] graph - -------> nonSkippedChar
2021-11-19T10:23:47,483|[TRACE] script - #out(`)`) [token]
2021-11-19T10:23:47,483|[TRACE] graph - <------- nonSkippedChar
2021-11-19T10:23:47,483|[TRACE] graph - <----- statementPart
2021-11-19T10:23:47,483|[TRACE] graph - -----> statementPart
2021-11-19T10:23:47,483|[TRACE] graph - -------> nonSkippedSpace
2021-11-19T10:23:47,483|[TRACE] script - #out(` `) [token]
2021-11-19T10:23:47,483|[TRACE] graph - <------- nonSkippedSpace
2021-11-19T10:23:47,483|[TRACE] graph - <----- statementPart
2021-11-19T10:23:47,483|[TRACE] graph - -----> statementPart
2021-11-19T10:23:47,483|[TRACE] graph - -------> nonSkippedChar
2021-11-19T10:23:47,483|[TRACE] script - #out(`N`) [token]
2021-11-19T10:23:47,483|[TRACE] graph - <------- nonSkippedChar
2021-11-19T10:23:47,483|[TRACE] graph - <----- statementPart
2021-11-19T10:23:47,483|[TRACE] graph - -----> statementPart
2021-11-19T10:23:47,483|[TRACE] graph - -------> nonSkippedChar
2021-11-19T10:23:47,483|[TRACE] script - #out(`O`) [token]
2021-11-19T10:23:47,483|[TRACE] graph - <------- nonSkippedChar
2021-11-19T10:23:47,483|[TRACE] graph - <----- statementPart
2021-11-19T10:23:47,483|[TRACE] graph - -----> statementPart
2021-11-19T10:23:47,483|[TRACE] graph - -------> nonSkippedChar
2021-11-19T10:23:47,483|[TRACE] script - #out(`T`) [token]
2021-11-19T10:23:47,483|[TRACE] graph - <------- nonSkippedChar
2021-11-19T10:23:47,483|[TRACE] graph - <----- statementPart
2021-11-19T10:23:47,483|[TRACE] graph - -----> statementPart
2021-11-19T10:23:47,483|[TRACE] graph - -------> nonSkippedSpace
2021-11-19T10:23:47,483|[TRACE] script - #out(` `) [token]
2021-11-19T10:23:47,483|[TRACE] graph - <------- nonSkippedSpace
2021-11-19T10:23:47,483|[TRACE] graph - <----- statementPart
2021-11-19T10:23:47,483|[TRACE] graph - -----> statementPart
2021-11-19T10:23:47,483|[TRACE] graph - -------> nonSkippedChar
2021-11-19T10:23:47,483|[TRACE] script - #out(`N`) [token]
2021-11-19T10:23:47,483|[TRACE] graph - <------- nonSkippedChar
2021-11-19T10:23:47,483|[TRACE] graph - <----- statementPart
2021-11-19T10:23:47,483|[TRACE] graph - -----> statementPart
2021-11-19T10:23:47,483|[TRACE] graph - -------> nonSkippedChar
2021-11-19T10:23:47,483|[TRACE] script - #out(`U`) [token]
2021-11-19T10:23:47,483|[TRACE] graph - <------- nonSkippedChar
2021-11-19T10:23:47,483|[TRACE] graph - <----- statementPart
2021-11-19T10:23:47,483|[TRACE] graph - -----> statementPart
2021-11-19T10:23:47,483|[TRACE] graph - -------> nonSkippedChar
2021-11-19T10:23:47,483|[TRACE] script - #out(`L`) [token]
2021-11-19T10:23:47,483|[TRACE] graph - <------- nonSkippedChar
2021-11-19T10:23:47,483|[TRACE] graph - <----- statementPart
2021-11-19T10:23:47,483|[TRACE] graph - -----> statementPart
2021-11-19T10:23:47,483|[TRACE] graph - -------> nonSkippedChar
2021-11-19T10:23:47,483|[TRACE] script - #out(`L`) [token]
2021-11-19T10:23:47,483|[TRACE] graph - <------- nonSkippedChar
2021-11-19T10:23:47,483|[TRACE] graph - <----- statementPart
2021-11-19T10:23:47,483|[TRACE] graph - -----> statementPart
2021-11-19T10:23:47,483|[TRACE] graph - -------> nonSkippedChar
2021-11-19T10:23:47,483|[TRACE] script - #out(`,`) [token]
2021-11-19T10:23:47,483|[TRACE] graph - <------- nonSkippedChar
2021-11-19T10:23:47,483|[TRACE] graph - <----- statementPart
2021-11-19T10:23:47,483|[TRACE] graph - -----> afterStatementPartNewline
2021-11-19T10:23:47,483|[TRACE] script - #out(` `) [text]
2021-11-19T10:23:47,483|[TRACE] graph - <----- afterStatementPartNewline
2021-11-19T10:23:47,483|[TRACE] graph - -----> statementPart
2021-11-19T10:23:47,483|[TRACE] graph - -------> nonSkippedSpace
2021-11-19T10:23:47,483|[TRACE] script - #out(` `) [token]
2021-11-19T10:23:47,483|[TRACE] graph - <------- nonSkippedSpace
2021-11-19T10:23:47,483|[TRACE] graph - <----- statementPart
2021-11-19T10:23:47,483|[TRACE] graph - -----> statementPart
2021-11-19T10:23:47,483|[TRACE] graph - -------> nonSkippedSpace
2021-11-19T10:23:47,483|[TRACE] script - #out(` `) [token]
2021-11-19T10:23:47,483|[TRACE] graph - <------- nonSkippedSpace
2021-11-19T10:23:47,483|[TRACE] graph - <----- statementPart
2021-11-19T10:23:47,483|[TRACE] graph - -----> statementPart
2021-11-19T10:23:47,483|[TRACE] graph - -------> quotedString
2021-11-19T10:23:47,483|[TRACE] script - #out(``email``) [token]
2021-11-19T10:23:47,483|[TRACE] graph - <------- quotedString
2021-11-19T10:23:47,483|[TRACE] graph - <----- statementPart
2021-11-19T10:23:47,483|[TRACE] graph - -----> statementPart
2021-11-19T10:23:47,483|[TRACE] graph - -------> nonSkippedSpace
2021-11-19T10:23:47,483|[TRACE] script - #out(` `) [token]
2021-11-19T10:23:47,483|[TRACE] graph - <------- nonSkippedSpace
2021-11-19T10:23:47,483|[TRACE] graph - <----- statementPart
2021-11-19T10:23:47,483|[TRACE] graph - -----> statementPart
2021-11-19T10:23:47,483|[TRACE] graph - -------> nonSkippedChar
2021-11-19T10:23:47,483|[TRACE] script - #out(`V`) [token]
2021-11-19T10:23:47,483|[TRACE] graph - <------- nonSkippedChar
2021-11-19T10:23:47,483|[TRACE] graph - <----- statementPart
2021-11-19T10:23:47,483|[TRACE] graph - -----> statementPart
2021-11-19T10:23:47,483|[TRACE] graph - -------> nonSkippedChar
2021-11-19T10:23:47,484|[TRACE] script - #out(`A`) [token]
2021-11-19T10:23:47,484|[TRACE] graph - <------- nonSkippedChar
2021-11-19T10:23:47,484|[TRACE] graph - <----- statementPart
2021-11-19T10:23:47,484|[TRACE] graph - -----> statementPart
2021-11-19T10:23:47,484|[TRACE] graph - -------> nonSkippedChar
2021-11-19T10:23:47,484|[TRACE] script - #out(`R`) [token]
2021-11-19T10:23:47,484|[TRACE] graph - <------- nonSkippedChar
2021-11-19T10:23:47,484|[TRACE] graph - <----- statementPart
2021-11-19T10:23:47,484|[TRACE] graph - -----> statementPart
2021-11-19T10:23:47,484|[TRACE] graph - -------> nonSkippedChar
2021-11-19T10:23:47,484|[TRACE] script - #out(`C`) [token]
2021-11-19T10:23:47,484|[TRACE] graph - <------- nonSkippedChar
2021-11-19T10:23:47,484|[TRACE] graph - <----- statementPart
2021-11-19T10:23:47,484|[TRACE] graph - -----> statementPart
2021-11-19T10:23:47,484|[TRACE] graph - -------> nonSkippedChar
2021-11-19T10:23:47,484|[TRACE] script - #out(`H`) [token]
2021-11-19T10:23:47,484|[TRACE] graph - <------- nonSkippedChar
2021-11-19T10:23:47,484|[TRACE] graph - <----- statementPart
2021-11-19T10:23:47,484|[TRACE] graph - -----> statementPart
2021-11-19T10:23:47,484|[TRACE] graph - -------> nonSkippedChar
2021-11-19T10:23:47,484|[TRACE] script - #out(`A`) [token]
2021-11-19T10:23:47,484|[TRACE] graph - <------- nonSkippedChar
2021-11-19T10:23:47,484|[TRACE] graph - <----- statementPart
2021-11-19T10:23:47,484|[TRACE] graph - -----> statementPart
2021-11-19T10:23:47,484|[TRACE] graph - -------> nonSkippedChar
2021-11-19T10:23:47,484|[TRACE] script - #out(`R`) [token]
2021-11-19T10:23:47,484|[TRACE] graph - <------- nonSkippedChar
2021-11-19T10:23:47,484|[TRACE] graph - <----- statementPart
2021-11-19T10:23:47,484|[TRACE] graph - -----> statementPart
2021-11-19T10:23:47,484|[TRACE] graph - -------> nonSkippedChar
2021-11-19T10:23:47,484|[TRACE] script - #out(`(`) [token]
2021-11-19T10:23:47,484|[TRACE] graph - <------- nonSkippedChar
2021-11-19T10:23:47,484|[TRACE] graph - <----- statementPart
2021-11-19T10:23:47,484|[TRACE] graph - -----> statementPart
2021-11-19T10:23:47,484|[TRACE] graph - -------> nonSkippedChar
2021-11-19T10:23:47,484|[TRACE] script - #out(`1`) [token]
2021-11-19T10:23:47,484|[TRACE] graph - <------- nonSkippedChar
2021-11-19T10:23:47,484|[TRACE] graph - <----- statementPart
2021-11-19T10:23:47,484|[TRACE] graph - -----> statementPart
2021-11-19T10:23:47,484|[TRACE] graph - -------> nonSkippedChar
2021-11-19T10:23:47,484|[TRACE] script - #out(`0`) [token]
2021-11-19T10:23:47,484|[TRACE] graph - <------- nonSkippedChar
2021-11-19T10:23:47,484|[TRACE] graph - <----- statementPart
2021-11-19T10:23:47,484|[TRACE] graph - -----> statementPart
2021-11-19T10:23:47,484|[TRACE] graph - -------> nonSkippedChar
2021-11-19T10:23:47,484|[TRACE] script - #out(`0`) [token]
2021-11-19T10:23:47,484|[TRACE] graph - <------- nonSkippedChar
2021-11-19T10:23:47,484|[TRACE] graph - <----- statementPart
2021-11-19T10:23:47,484|[TRACE] graph - -----> statementPart
2021-11-19T10:23:47,484|[TRACE] graph - -------> nonSkippedChar
2021-11-19T10:23:47,484|[TRACE] script - #out(`)`) [token]
2021-11-19T10:23:47,484|[TRACE] graph - <------- nonSkippedChar
2021-11-19T10:23:47,484|[TRACE] graph - <----- statementPart
2021-11-19T10:23:47,484|[TRACE] graph - -----> statementPart
2021-11-19T10:23:47,484|[TRACE] graph - -------> nonSkippedSpace
2021-11-19T10:23:47,484|[TRACE] script - #out(` `) [token]
2021-11-19T10:23:47,484|[TRACE] graph - <------- nonSkippedSpace
2021-11-19T10:23:47,484|[TRACE] graph - <----- statementPart
2021-11-19T10:23:47,484|[TRACE] graph - -----> statementPart
2021-11-19T10:23:47,484|[TRACE] graph - -------> nonSkippedChar
2021-11-19T10:23:47,484|[TRACE] script - #out(`N`) [token]
2021-11-19T10:23:47,484|[TRACE] graph - <------- nonSkippedChar
2021-11-19T10:23:47,484|[TRACE] graph - <----- statementPart
2021-11-19T10:23:47,484|[TRACE] graph - -----> statementPart
2021-11-19T10:23:47,484|[TRACE] graph - -------> nonSkippedChar
2021-11-19T10:23:47,484|[TRACE] script - #out(`U`) [token]
2021-11-19T10:23:47,484|[TRACE] graph - <------- nonSkippedChar
2021-11-19T10:23:47,484|[TRACE] graph - <----- statementPart
2021-11-19T10:23:47,484|[TRACE] graph - -----> statementPart
2021-11-19T10:23:47,484|[TRACE] graph - -------> nonSkippedChar
2021-11-19T10:23:47,484|[TRACE] script - #out(`L`) [token]
2021-11-19T10:23:47,484|[TRACE] graph - <------- nonSkippedChar
2021-11-19T10:23:47,484|[TRACE] graph - <----- statementPart
2021-11-19T10:23:47,484|[TRACE] graph - -----> statementPart
2021-11-19T10:23:47,484|[TRACE] graph - -------> nonSkippedChar
2021-11-19T10:23:47,484|[TRACE] script - #out(`L`) [token]
2021-11-19T10:23:47,484|[TRACE] graph - <------- nonSkippedChar
2021-11-19T10:23:47,484|[TRACE] graph - <----- statementPart
2021-11-19T10:23:47,484|[TRACE] graph - -----> statementPart
2021-11-19T10:23:47,484|[TRACE] graph - -------> nonSkippedChar
2021-11-19T10:23:47,484|[TRACE] script - #out(`,`) [token]
2021-11-19T10:23:47,484|[TRACE] graph - <------- nonSkippedChar
2021-11-19T10:23:47,484|[TRACE] graph - <----- statementPart
2021-11-19T10:23:47,484|[TRACE] graph - -----> afterStatementPartNewline
2021-11-19T10:23:47,484|[TRACE] script - #out(` `) [text]
2021-11-19T10:23:47,484|[TRACE] graph - <----- afterStatementPartNewline
2021-11-19T10:23:47,484|[TRACE] graph - -----> statementPart
2021-11-19T10:23:47,484|[TRACE] graph - -------> nonSkippedSpace
2021-11-19T10:23:47,484|[TRACE] script - #out(` `) [token]
2021-11-19T10:23:47,484|[TRACE] graph - <------- nonSkippedSpace
2021-11-19T10:23:47,484|[TRACE] graph - <----- statementPart
2021-11-19T10:23:47,484|[TRACE] graph - -----> statementPart
2021-11-19T10:23:47,484|[TRACE] graph - -------> nonSkippedSpace
2021-11-19T10:23:47,484|[TRACE] script - #out(` `) [token]
2021-11-19T10:23:47,484|[TRACE] graph - <------- nonSkippedSpace
2021-11-19T10:23:47,484|[TRACE] graph - <----- statementPart
2021-11-19T10:23:47,484|[TRACE] graph - -----> statementPart
2021-11-19T10:23:47,484|[TRACE] graph - -------> quotedString
2021-11-19T10:23:47,484|[TRACE] script - #out(``address_id``) [token]
2021-11-19T10:23:47,484|[TRACE] graph - <------- quotedString
2021-11-19T10:23:47,484|[TRACE] graph - <----- statementPart
2021-11-19T10:23:47,484|[TRACE] graph - -----> statementPart
2021-11-19T10:23:47,484|[TRACE] graph - -------> nonSkippedSpace
2021-11-19T10:23:47,484|[TRACE] script - #out(` `) [token]
2021-11-19T10:23:47,484|[TRACE] graph - <------- nonSkippedSpace
2021-11-19T10:23:47,484|[TRACE] graph - <----- statementPart
2021-11-19T10:23:47,484|[TRACE] graph - -----> statementPart
2021-11-19T10:23:47,484|[TRACE] graph - -------> nonSkippedChar
2021-11-19T10:23:47,484|[TRACE] script - #out(`I`) [token]
2021-11-19T10:23:47,484|[TRACE] graph - <------- nonSkippedChar
2021-11-19T10:23:47,484|[TRACE] graph - <----- statementPart
2021-11-19T10:23:47,484|[TRACE] graph - -----> statementPart
2021-11-19T10:23:47,484|[TRACE] graph - -------> nonSkippedChar
2021-11-19T10:23:47,484|[TRACE] script - #out(`N`) [token]
2021-11-19T10:23:47,484|[TRACE] graph - <------- nonSkippedChar
2021-11-19T10:23:47,484|[TRACE] graph - <----- statementPart
2021-11-19T10:23:47,484|[TRACE] graph - -----> statementPart
2021-11-19T10:23:47,484|[TRACE] graph - -------> nonSkippedChar
2021-11-19T10:23:47,484|[TRACE] script - #out(`T`) [token]
2021-11-19T10:23:47,484|[TRACE] graph - <------- nonSkippedChar
2021-11-19T10:23:47,484|[TRACE] graph - <----- statementPart
2021-11-19T10:23:47,484|[TRACE] graph - -----> statementPart
2021-11-19T10:23:47,484|[TRACE] graph - -------> nonSkippedSpace
2021-11-19T10:23:47,484|[TRACE] script - #out(` `) [token]
2021-11-19T10:23:47,484|[TRACE] graph - <------- nonSkippedSpace
2021-11-19T10:23:47,484|[TRACE] graph - <----- statementPart
2021-11-19T10:23:47,484|[TRACE] graph - -----> statementPart
2021-11-19T10:23:47,484|[TRACE] graph - -------> nonSkippedChar
2021-11-19T10:23:47,484|[TRACE] script - #out(`N`) [token]
2021-11-19T10:23:47,484|[TRACE] graph - <------- nonSkippedChar
2021-11-19T10:23:47,484|[TRACE] graph - <----- statementPart
2021-11-19T10:23:47,484|[TRACE] graph - -----> statementPart
2021-11-19T10:23:47,484|[TRACE] graph - -------> nonSkippedChar
2021-11-19T10:23:47,484|[TRACE] script - #out(`U`) [token]
2021-11-19T10:23:47,484|[TRACE] graph - <------- nonSkippedChar
2021-11-19T10:23:47,485|[TRACE] graph - <----- statementPart
2021-11-19T10:23:47,485|[TRACE] graph - -----> statementPart
2021-11-19T10:23:47,485|[TRACE] graph - -------> nonSkippedChar
2021-11-19T10:23:47,485|[TRACE] script - #out(`L`) [token]
2021-11-19T10:23:47,485|[TRACE] graph - <------- nonSkippedChar
2021-11-19T10:23:47,485|[TRACE] graph - <----- statementPart
2021-11-19T10:23:47,485|[TRACE] graph - -----> statementPart
2021-11-19T10:23:47,485|[TRACE] graph - -------> nonSkippedChar
2021-11-19T10:23:47,485|[TRACE] script - #out(`L`) [token]
2021-11-19T10:23:47,485|[TRACE] graph - <------- nonSkippedChar
2021-11-19T10:23:47,485|[TRACE] graph - <----- statementPart
2021-11-19T10:23:47,485|[TRACE] graph - -----> statementPart
2021-11-19T10:23:47,485|[TRACE] graph - -------> nonSkippedChar
2021-11-19T10:23:47,485|[TRACE] script - #out(`,`) [token]
2021-11-19T10:23:47,485|[TRACE] graph - <------- nonSkippedChar
2021-11-19T10:23:47,485|[TRACE] graph - <----- statementPart
2021-11-19T10:23:47,485|[TRACE] graph - -----> afterStatementPartNewline
2021-11-19T10:23:47,485|[TRACE] script - #out(` `) [text]
2021-11-19T10:23:47,485|[TRACE] graph - <----- afterStatementPartNewline
2021-11-19T10:23:47,485|[TRACE] graph - -----> statementPart
2021-11-19T10:23:47,485|[TRACE] graph - -------> nonSkippedSpace
2021-11-19T10:23:47,485|[TRACE] script - #out(` `) [token]
2021-11-19T10:23:47,485|[TRACE] graph - <------- nonSkippedSpace
2021-11-19T10:23:47,485|[TRACE] graph - <----- statementPart
2021-11-19T10:23:47,485|[TRACE] graph - -----> statementPart
2021-11-19T10:23:47,485|[TRACE] graph - -------> nonSkippedSpace
2021-11-19T10:23:47,485|[TRACE] script - #out(` `) [token]
2021-11-19T10:23:47,485|[TRACE] graph - <------- nonSkippedSpace
2021-11-19T10:23:47,485|[TRACE] graph - <----- statementPart
2021-11-19T10:23:47,485|[TRACE] graph - -----> statementPart
2021-11-19T10:23:47,485|[TRACE] graph - -------> quotedString
2021-11-19T10:23:47,485|[TRACE] script - #out(``created``) [token]
2021-11-19T10:23:47,485|[TRACE] graph - <------- quotedString
2021-11-19T10:23:47,485|[TRACE] graph - <----- statementPart
2021-11-19T10:23:47,485|[TRACE] graph - -----> statementPart
2021-11-19T10:23:47,485|[TRACE] graph - -------> nonSkippedSpace
2021-11-19T10:23:47,485|[TRACE] script - #out(` `) [token]
2021-11-19T10:23:47,485|[TRACE] graph - <------- nonSkippedSpace
2021-11-19T10:23:47,485|[TRACE] graph - <----- statementPart
2021-11-19T10:23:47,485|[TRACE] graph - -----> statementPart
2021-11-19T10:23:47,485|[TRACE] graph - -------> nonSkippedChar
2021-11-19T10:23:47,485|[TRACE] script - #out(`B`) [token]
2021-11-19T10:23:47,485|[TRACE] graph - <------- nonSkippedChar
2021-11-19T10:23:47,485|[TRACE] graph - <----- statementPart
2021-11-19T10:23:47,485|[TRACE] graph - -----> statementPart
2021-11-19T10:23:47,485|[TRACE] graph - -------> nonSkippedChar
2021-11-19T10:23:47,485|[TRACE] script - #out(`I`) [token]
2021-11-19T10:23:47,485|[TRACE] graph - <------- nonSkippedChar
2021-11-19T10:23:47,485|[TRACE] graph - <----- statementPart
2021-11-19T10:23:47,485|[TRACE] graph - -----> statementPart
2021-11-19T10:23:47,485|[TRACE] graph - -------> nonSkippedChar
2021-11-19T10:23:47,485|[TRACE] script - #out(`G`) [token]
2021-11-19T10:23:47,485|[TRACE] graph - <------- nonSkippedChar
2021-11-19T10:23:47,485|[TRACE] graph - <----- statementPart
2021-11-19T10:23:47,485|[TRACE] graph - -----> statementPart
2021-11-19T10:23:47,485|[TRACE] graph - -------> nonSkippedChar
2021-11-19T10:23:47,485|[TRACE] script - #out(`I`) [token]
2021-11-19T10:23:47,485|[TRACE] graph - <------- nonSkippedChar
2021-11-19T10:23:47,485|[TRACE] graph - <----- statementPart
2021-11-19T10:23:47,485|[TRACE] graph - -----> statementPart
2021-11-19T10:23:47,485|[TRACE] graph - -------> nonSkippedChar
2021-11-19T10:23:47,485|[TRACE] script - #out(`N`) [token]
2021-11-19T10:23:47,485|[TRACE] graph - <------- nonSkippedChar
2021-11-19T10:23:47,485|[TRACE] graph - <----- statementPart
2021-11-19T10:23:47,485|[TRACE] graph - -----> statementPart
2021-11-19T10:23:47,485|[TRACE] graph - -------> nonSkippedChar
2021-11-19T10:23:47,485|[TRACE] script - #out(`T`) [token]
2021-11-19T10:23:47,485|[TRACE] graph - <------- nonSkippedChar
2021-11-19T10:23:47,485|[TRACE] graph - <----- statementPart
2021-11-19T10:23:47,485|[TRACE] graph - -----> statementPart
2021-11-19T10:23:47,485|[TRACE] graph - -------> nonSkippedSpace
2021-11-19T10:23:47,485|[TRACE] script - #out(` `) [token]
2021-11-19T10:23:47,485|[TRACE] graph - <------- nonSkippedSpace
2021-11-19T10:23:47,485|[TRACE] graph - <----- statementPart
2021-11-19T10:23:47,485|[TRACE] graph - -----> statementPart
2021-11-19T10:23:47,485|[TRACE] graph - -------> nonSkippedChar
2021-11-19T10:23:47,485|[TRACE] script - #out(`N`) [token]
2021-11-19T10:23:47,485|[TRACE] graph - <------- nonSkippedChar
2021-11-19T10:23:47,485|[TRACE] graph - <----- statementPart
2021-11-19T10:23:47,485|[TRACE] graph - -----> statementPart
2021-11-19T10:23:47,539|[TRACE] graph - -------> nonSkippedChar
2021-11-19T10:23:47,539|[TRACE] script - #out(`O`) [token]
2021-11-19T10:23:47,539|[TRACE] graph - <------- nonSkippedChar
2021-11-19T10:23:47,539|[TRACE] graph - <----- statementPart
2021-11-19T10:23:47,539|[TRACE] graph - -----> statementPart
2021-11-19T10:23:47,539|[TRACE] graph - -------> nonSkippedChar
2021-11-19T10:23:47,539|[TRACE] script - #out(`T`) [token]
2021-11-19T10:23:47,539|[TRACE] graph - <------- nonSkippedChar
2021-11-19T10:23:47,540|[TRACE] graph - <----- statementPart
2021-11-19T10:23:47,540|[TRACE] graph - -----> statementPart
2021-11-19T10:23:47,540|[TRACE] graph - -------> nonSkippedSpace
2021-11-19T10:23:47,540|[TRACE] script - #out(` `) [token]
2021-11-19T10:23:47,540|[TRACE] graph - <------- nonSkippedSpace
2021-11-19T10:23:47,540|[TRACE] graph - <----- statementPart
2021-11-19T10:23:47,540|[TRACE] graph - -----> statementPart
2021-11-19T10:23:47,540|[TRACE] graph - -------> nonSkippedChar
2021-11-19T10:23:47,540|[TRACE] script - #out(`N`) [token]
2021-11-19T10:23:47,540|[TRACE] graph - <------- nonSkippedChar
2021-11-19T10:23:47,540|[TRACE] graph - <----- statementPart
2021-11-19T10:23:47,540|[TRACE] graph - -----> statementPart
2021-11-19T10:23:47,540|[TRACE] graph - -------> nonSkippedChar
2021-11-19T10:23:47,540|[TRACE] script - #out(`U`) [token]
2021-11-19T10:23:47,540|[TRACE] graph - <------- nonSkippedChar
2021-11-19T10:23:47,540|[TRACE] graph - <----- statementPart
2021-11-19T10:23:47,540|[TRACE] graph - -----> statementPart
2021-11-19T10:23:47,540|[TRACE] graph - -------> nonSkippedChar
2021-11-19T10:23:47,540|[TRACE] script - #out(`L`) [token]
2021-11-19T10:23:47,540|[TRACE] graph - <------- nonSkippedChar
2021-11-19T10:23:47,540|[TRACE] graph - <----- statementPart
2021-11-19T10:23:47,540|[TRACE] graph - -----> statementPart
2021-11-19T10:23:47,540|[TRACE] graph - -------> nonSkippedChar
2021-11-19T10:23:47,540|[TRACE] script - #out(`L`) [token]
2021-11-19T10:23:47,540|[TRACE] graph - <------- nonSkippedChar
2021-11-19T10:23:47,540|[TRACE] graph - <----- statementPart
2021-11-19T10:23:47,540|[TRACE] graph - -----> statementPart
2021-11-19T10:23:47,540|[TRACE] graph - -------> nonSkippedSpace
2021-11-19T10:23:47,540|[TRACE] script - #out(` `) [token]
2021-11-19T10:23:47,540|[TRACE] graph - <------- nonSkippedSpace
2021-11-19T10:23:47,540|[TRACE] graph - <----- statementPart
2021-11-19T10:23:47,540|[TRACE] graph - -----> statementPart
2021-11-19T10:23:47,540|[TRACE] graph - -------> nonSkippedChar
2021-11-19T10:23:47,540|[TRACE] script - #out(`D`) [token]
2021-11-19T10:23:47,540|[TRACE] graph - <------- nonSkippedChar
2021-11-19T10:23:47,540|[TRACE] graph - <----- statementPart
2021-11-19T10:23:47,540|[TRACE] graph - -----> statementPart
2021-11-19T10:23:47,540|[TRACE] graph - -------> nonSkippedChar
2021-11-19T10:23:47,540|[TRACE] script - #out(`E`) [token]
2021-11-19T10:23:47,540|[TRACE] graph - <------- nonSkippedChar
2021-11-19T10:23:47,540|[TRACE] graph - <----- statementPart
2021-11-19T10:23:47,540|[TRACE] graph - -----> statementPart
2021-11-19T10:23:47,540|[TRACE] graph - -------> nonSkippedChar
2021-11-19T10:23:47,540|[TRACE] script - #out(`F`) [token]
2021-11-19T10:23:47,540|[TRACE] graph - <------- nonSkippedChar
2021-11-19T10:23:47,540|[TRACE] graph - <----- statementPart
2021-11-19T10:23:47,540|[TRACE] graph - -----> statementPart
2021-11-19T10:23:47,540|[TRACE] graph - -------> nonSkippedChar
2021-11-19T10:23:47,540|[TRACE] script - #out(`A`) [token]
2021-11-19T10:23:47,540|[TRACE] graph - <------- nonSkippedChar
2021-11-19T10:23:47,540|[TRACE] graph - <----- statementPart
2021-11-19T10:23:47,540|[TRACE] graph - -----> statementPart
2021-11-19T10:23:47,540|[TRACE] graph - -------> nonSkippedChar
2021-11-19T10:23:47,540|[TRACE] script - #out(`U`) [token]
2021-11-19T10:23:47,540|[TRACE] graph - <------- nonSkippedChar
2021-11-19T10:23:47,540|[TRACE] graph - <----- statementPart
2021-11-19T10:23:47,540|[TRACE] graph - -----> statementPart
2021-11-19T10:23:47,540|[TRACE] graph - -------> nonSkippedChar
2021-11-19T10:23:47,540|[TRACE] script - #out(`L`) [token]
2021-11-19T10:23:47,540|[TRACE] graph - <------- nonSkippedChar
2021-11-19T10:23:47,540|[TRACE] graph - <----- statementPart
2021-11-19T10:23:47,540|[TRACE] graph - -----> statementPart
2021-11-19T10:23:47,540|[TRACE] graph - -------> nonSkippedChar
2021-11-19T10:23:47,540|[TRACE] script - #out(`T`) [token]
2021-11-19T10:23:47,540|[TRACE] graph - <------- nonSkippedChar
2021-11-19T10:23:47,540|[TRACE] graph - <----- statementPart
2021-11-19T10:23:47,540|[TRACE] graph - -----> statementPart
2021-11-19T10:23:47,540|[TRACE] graph - -------> nonSkippedSpace
2021-11-19T10:23:47,540|[TRACE] script - #out(` `) [token]
2021-11-19T10:23:47,540|[TRACE] graph - <------- nonSkippedSpace
2021-11-19T10:23:47,540|[TRACE] graph - <----- statementPart
2021-11-19T10:23:47,540|[TRACE] graph - -----> statementPart
2021-11-19T10:23:47,540|[TRACE] graph - -------> nonSkippedChar
2021-11-19T10:23:47,540|[TRACE] script - #out(`(`) [token]
2021-11-19T10:23:47,540|[TRACE] graph - <------- nonSkippedChar
2021-11-19T10:23:47,540|[TRACE] graph - <----- statementPart
2021-11-19T10:23:47,540|[TRACE] graph - -----> statementPart
2021-11-19T10:23:47,540|[TRACE] graph - -------> nonSkippedChar
2021-11-19T10:23:47,540|[TRACE] script - #out(`u`) [token]
2021-11-19T10:23:47,540|[TRACE] graph - <------- nonSkippedChar
2021-11-19T10:23:47,540|[TRACE] graph - <----- statementPart
2021-11-19T10:23:47,540|[TRACE] graph - -----> statementPart
2021-11-19T10:23:47,540|[TRACE] graph - -------> nonSkippedChar
2021-11-19T10:23:47,540|[TRACE] script - #out(`n`) [token]
2021-11-19T10:23:47,540|[TRACE] graph - <------- nonSkippedChar
2021-11-19T10:23:47,540|[TRACE] graph - <----- statementPart
2021-11-19T10:23:47,540|[TRACE] graph - -----> statementPart
2021-11-19T10:23:47,540|[TRACE] graph - -------> nonSkippedChar
2021-11-19T10:23:47,540|[TRACE] script - #out(`i`) [token]
2021-11-19T10:23:47,540|[TRACE] graph - <------- nonSkippedChar
2021-11-19T10:23:47,540|[TRACE] graph - <----- statementPart
2021-11-19T10:23:47,540|[TRACE] graph - -----> statementPart
2021-11-19T10:23:47,540|[TRACE] graph - -------> nonSkippedChar
2021-11-19T10:23:47,540|[TRACE] script - #out(`x`) [token]
2021-11-19T10:23:47,540|[TRACE] graph - <------- nonSkippedChar
2021-11-19T10:23:47,540|[TRACE] graph - <----- statementPart
2021-11-19T10:23:47,540|[TRACE] graph - -----> statementPart
2021-11-19T10:23:47,540|[TRACE] graph - -------> nonSkippedChar
2021-11-19T10:23:47,540|[TRACE] script - #out(`_`) [token]
2021-11-19T10:23:47,540|[TRACE] graph - <------- nonSkippedChar
2021-11-19T10:23:47,540|[TRACE] graph - <----- statementPart
2021-11-19T10:23:47,540|[TRACE] graph - -----> statementPart
2021-11-19T10:23:47,540|[TRACE] graph - -------> nonSkippedChar
2021-11-19T10:23:47,540|[TRACE] script - #out(`t`) [token]
2021-11-19T10:23:47,540|[TRACE] graph - <------- nonSkippedChar
2021-11-19T10:23:47,540|[TRACE] graph - <----- statementPart
2021-11-19T10:23:47,540|[TRACE] graph - -----> statementPart
2021-11-19T10:23:47,540|[TRACE] graph - -------> nonSkippedChar
2021-11-19T10:23:47,540|[TRACE] script - #out(`i`) [token]
2021-11-19T10:23:47,540|[TRACE] graph - <------- nonSkippedChar
2021-11-19T10:23:47,540|[TRACE] graph - <----- statementPart
2021-11-19T10:23:47,541|[TRACE] graph - -----> statementPart
2021-11-19T10:23:47,541|[TRACE] graph - -------> nonSkippedChar
2021-11-19T10:23:47,541|[TRACE] script - #out(`m`) [token]
2021-11-19T10:23:47,541|[TRACE] graph - <------- nonSkippedChar
2021-11-19T10:23:47,541|[TRACE] graph - <----- statementPart
2021-11-19T10:23:47,541|[TRACE] graph - -----> statementPart
2021-11-19T10:23:47,541|[TRACE] graph - -------> nonSkippedChar
2021-11-19T10:23:47,541|[TRACE] script - #out(`e`) [token]
2021-11-19T10:23:47,541|[TRACE] graph - <------- nonSkippedChar
2021-11-19T10:23:47,541|[TRACE] graph - <----- statementPart
2021-11-19T10:23:47,541|[TRACE] graph - -----> statementPart
2021-11-19T10:23:47,541|[TRACE] graph - -------> nonSkippedChar
2021-11-19T10:23:47,541|[TRACE] script - #out(`s`) [token]
2021-11-19T10:23:47,541|[TRACE] graph - <------- nonSkippedChar
2021-11-19T10:23:47,541|[TRACE] graph - <----- statementPart
2021-11-19T10:23:47,541|[TRACE] graph - -----> statementPart
2021-11-19T10:23:47,541|[TRACE] graph - -------> nonSkippedChar
2021-11-19T10:23:47,541|[TRACE] script - #out(`t`) [token]
2021-11-19T10:23:47,541|[TRACE] graph - <------- nonSkippedChar
2021-11-19T10:23:47,541|[TRACE] graph - <----- statementPart
2021-11-19T10:23:47,541|[TRACE] graph - -----> statementPart
2021-11-19T10:23:47,541|[TRACE] graph - -------> nonSkippedChar
2021-11-19T10:23:47,541|[TRACE] script - #out(`a`) [token]
2021-11-19T10:23:47,541|[TRACE] graph - <------- nonSkippedChar
2021-11-19T10:23:47,541|[TRACE] graph - <----- statementPart
2021-11-19T10:23:47,541|[TRACE] graph - -----> statementPart
2021-11-19T10:23:47,541|[TRACE] graph - -------> nonSkippedChar
2021-11-19T10:23:47,541|[TRACE] script - #out(`m`) [token]
2021-11-19T10:23:47,541|[TRACE] graph - <------- nonSkippedChar
2021-11-19T10:23:47,541|[TRACE] graph - <----- statementPart
2021-11-19T10:23:47,541|[TRACE] graph - -----> statementPart
2021-11-19T10:23:47,541|[TRACE] graph - -------> nonSkippedChar
2021-11-19T10:23:47,541|[TRACE] script - #out(`p`) [token]
2021-11-19T10:23:47,541|[TRACE] graph - <------- nonSkippedChar
2021-11-19T10:23:47,541|[TRACE] graph - <----- statementPart
2021-11-19T10:23:47,541|[TRACE] graph - -----> statementPart
2021-11-19T10:23:47,541|[TRACE] graph - -------> nonSkippedChar
2021-11-19T10:23:47,541|[TRACE] script - #out(`(`) [token]
2021-11-19T10:23:47,541|[TRACE] graph - <------- nonSkippedChar
2021-11-19T10:23:47,541|[TRACE] graph - <----- statementPart
2021-11-19T10:23:47,541|[TRACE] graph - -----> statementPart
2021-11-19T10:23:47,541|[TRACE] graph - -------> nonSkippedChar
2021-11-19T10:23:47,541|[TRACE] script - #out(`n`) [token]
2021-11-19T10:23:47,541|[TRACE] graph - <------- nonSkippedChar
2021-11-19T10:23:47,541|[TRACE] graph - <----- statementPart
2021-11-19T10:23:47,541|[TRACE] graph - -----> statementPart
2021-11-19T10:23:47,541|[TRACE] graph - -------> nonSkippedChar
2021-11-19T10:23:47,541|[TRACE] script - #out(`o`) [token]
2021-11-19T10:23:47,541|[TRACE] graph - <------- nonSkippedChar
2021-11-19T10:23:47,541|[TRACE] graph - <----- statementPart
2021-11-19T10:23:47,541|[TRACE] graph - -----> statementPart
2021-11-19T10:23:47,541|[TRACE] graph - -------> nonSkippedChar
2021-11-19T10:23:47,541|[TRACE] script - #out(`w`) [token]
2021-11-19T10:23:47,541|[TRACE] graph - <------- nonSkippedChar
2021-11-19T10:23:47,541|[TRACE] graph - <----- statementPart
2021-11-19T10:23:47,541|[TRACE] graph - -----> statementPart
2021-11-19T10:23:47,541|[TRACE] graph - -------> nonSkippedChar
2021-11-19T10:23:47,541|[TRACE] script - #out(`(`) [token]
2021-11-19T10:23:47,541|[TRACE] graph - <------- nonSkippedChar
2021-11-19T10:23:47,541|[TRACE] graph - <----- statementPart
2021-11-19T10:23:47,541|[TRACE] graph - -----> statementPart
2021-11-19T10:23:47,541|[TRACE] graph - -------> nonSkippedChar
2021-11-19T10:23:47,541|[TRACE] script - #out(`)`) [token]
2021-11-19T10:23:47,541|[TRACE] graph - <------- nonSkippedChar
2021-11-19T10:23:47,541|[TRACE] graph - <----- statementPart
2021-11-19T10:23:47,541|[TRACE] graph - -----> statementPart
2021-11-19T10:23:47,541|[TRACE] graph - -------> nonSkippedChar
2021-11-19T10:23:47,541|[TRACE] script - #out(`)`) [token]
2021-11-19T10:23:47,541|[TRACE] graph - <------- nonSkippedChar
2021-11-19T10:23:47,541|[TRACE] graph - <----- statementPart
2021-11-19T10:23:47,541|[TRACE] graph - -----> statementPart
2021-11-19T10:23:47,541|[TRACE] graph - -------> nonSkippedSpace
2021-11-19T10:23:47,541|[TRACE] script - #out(` `) [token]
2021-11-19T10:23:47,541|[TRACE] graph - <------- nonSkippedSpace
2021-11-19T10:23:47,541|[TRACE] graph - <----- statementPart
2021-11-19T10:23:47,541|[TRACE] graph - -----> statementPart
2021-11-19T10:23:47,541|[TRACE] graph - -------> nonSkippedChar
2021-11-19T10:23:47,541|[TRACE] script - #out(`*`) [token]
2021-11-19T10:23:47,541|[TRACE] graph - <------- nonSkippedChar
2021-11-19T10:23:47,541|[TRACE] graph - <----- statementPart
2021-11-19T10:23:47,541|[TRACE] graph - -----> statementPart
2021-11-19T10:23:47,541|[TRACE] graph - -------> nonSkippedSpace
2021-11-19T10:23:47,541|[TRACE] script - #out(` `) [token]
2021-11-19T10:23:47,541|[TRACE] graph - <------- nonSkippedSpace
2021-11-19T10:23:47,541|[TRACE] graph - <----- statementPart
2021-11-19T10:23:47,541|[TRACE] graph - -----> statementPart
2021-11-19T10:23:47,541|[TRACE] graph - -------> nonSkippedChar
2021-11-19T10:23:47,541|[TRACE] script - #out(`1`) [token]
2021-11-19T10:23:47,541|[TRACE] graph - <------- nonSkippedChar
2021-11-19T10:23:47,541|[TRACE] graph - <----- statementPart
2021-11-19T10:23:47,541|[TRACE] graph - -----> statementPart
2021-11-19T10:23:47,541|[TRACE] graph - -------> nonSkippedChar
2021-11-19T10:23:47,541|[TRACE] script - #out(`0`) [token]
2021-11-19T10:23:47,541|[TRACE] graph - <------- nonSkippedChar
2021-11-19T10:23:47,541|[TRACE] graph - <----- statementPart
2021-11-19T10:23:47,541|[TRACE] graph - -----> statementPart
2021-11-19T10:23:47,541|[TRACE] graph - -------> nonSkippedChar
2021-11-19T10:23:47,541|[TRACE] script - #out(`0`) [token]
2021-11-19T10:23:47,541|[TRACE] graph - <------- nonSkippedChar
2021-11-19T10:23:47,541|[TRACE] graph - <----- statementPart
2021-11-19T10:23:47,541|[TRACE] graph - -----> statementPart
2021-11-19T10:23:47,541|[TRACE] graph - -------> nonSkippedChar
2021-11-19T10:23:47,541|[TRACE] script - #out(`0`) [token]
2021-11-19T10:23:47,541|[TRACE] graph - <------- nonSkippedChar
2021-11-19T10:23:47,541|[TRACE] graph - <----- statementPart
2021-11-19T10:23:47,541|[TRACE] graph - -----> statementPart
2021-11-19T10:23:47,541|[TRACE] graph - -------> nonSkippedChar
2021-11-19T10:23:47,541|[TRACE] script - #out(`)`) [token]
2021-11-19T10:23:47,541|[TRACE] graph - <------- nonSkippedChar
2021-11-19T10:23:47,541|[TRACE] graph - <----- statementPart
2021-11-19T10:23:47,541|[TRACE] graph - -----> statementPart
2021-11-19T10:23:47,541|[TRACE] graph - -------> nonSkippedChar
2021-11-19T10:23:47,542|[TRACE] script - #out(`,`) [token]
2021-11-19T10:23:47,542|[TRACE] graph - <------- nonSkippedChar
2021-11-19T10:23:47,542|[TRACE] graph - <----- statementPart
2021-11-19T10:23:47,542|[TRACE] graph - -----> afterStatementPartNewline
2021-11-19T10:23:47,542|[TRACE] script - #out(` `) [text]
2021-11-19T10:23:47,542|[TRACE] graph - <----- afterStatementPartNewline
2021-11-19T10:23:47,542|[TRACE] graph - -----> statementPart
2021-11-19T10:23:47,542|[TRACE] graph - -------> nonSkippedSpace
2021-11-19T10:23:47,542|[TRACE] script - #out(` `) [token]
2021-11-19T10:23:47,542|[TRACE] graph - <------- nonSkippedSpace
2021-11-19T10:23:47,542|[TRACE] graph - <----- statementPart
2021-11-19T10:23:47,542|[TRACE] graph - -----> statementPart
2021-11-19T10:23:47,542|[TRACE] graph - -------> nonSkippedSpace
2021-11-19T10:23:47,542|[TRACE] script - #out(` `) [token]
2021-11-19T10:23:47,542|[TRACE] graph - <------- nonSkippedSpace
2021-11-19T10:23:47,542|[TRACE] graph - <----- statementPart
2021-11-19T10:23:47,542|[TRACE] graph - -----> statementPart
2021-11-19T10:23:47,542|[TRACE] graph - -------> quotedString
2021-11-19T10:23:47,542|[TRACE] script - #out(``updated``) [token]
2021-11-19T10:23:47,542|[TRACE] graph - <------- quotedString
2021-11-19T10:23:47,542|[TRACE] graph - <----- statementPart
2021-11-19T10:23:47,542|[TRACE] graph - -----> statementPart
2021-11-19T10:23:47,542|[TRACE] graph - -------> nonSkippedSpace
2021-11-19T10:23:47,542|[TRACE] script - #out(` `) [token]
2021-11-19T10:23:47,542|[TRACE] graph - <------- nonSkippedSpace
2021-11-19T10:23:47,542|[TRACE] graph - <----- statementPart
2021-11-19T10:23:47,542|[TRACE] graph - -----> statementPart
2021-11-19T10:23:47,542|[TRACE] graph - -------> nonSkippedChar
2021-11-19T10:23:47,542|[TRACE] script - #out(`B`) [token]
2021-11-19T10:23:47,542|[TRACE] graph - <------- nonSkippedChar
2021-11-19T10:23:47,542|[TRACE] graph - <----- statementPart
2021-11-19T10:23:47,542|[TRACE] graph - -----> statementPart
2021-11-19T10:23:47,542|[TRACE] graph - -------> nonSkippedChar
2021-11-19T10:23:47,542|[TRACE] script - #out(`I`) [token]
2021-11-19T10:23:47,542|[TRACE] graph - <------- nonSkippedChar
2021-11-19T10:23:47,542|[TRACE] graph - <----- statementPart
2021-11-19T10:23:47,542|[TRACE] graph - -----> statementPart
2021-11-19T10:23:47,542|[TRACE] graph - -------> nonSkippedChar
2021-11-19T10:23:47,542|[TRACE] script - #out(`G`) [token]
2021-11-19T10:23:47,542|[TRACE] graph - <------- nonSkippedChar
2021-11-19T10:23:47,542|[TRACE] graph - <----- statementPart
2021-11-19T10:23:47,542|[TRACE] graph - -----> statementPart
2021-11-19T10:23:47,542|[TRACE] graph - -------> nonSkippedChar
2021-11-19T10:23:47,542|[TRACE] script - #out(`I`) [token]
2021-11-19T10:23:47,542|[TRACE] graph - <------- nonSkippedChar
2021-11-19T10:23:47,542|[TRACE] graph - <----- statementPart
2021-11-19T10:23:47,542|[TRACE] graph - -----> statementPart
2021-11-19T10:23:47,542|[TRACE] graph - -------> nonSkippedChar
2021-11-19T10:23:47,542|[TRACE] script - #out(`N`) [token]
2021-11-19T10:23:47,542|[TRACE] graph - <------- nonSkippedChar
2021-11-19T10:23:47,542|[TRACE] graph - <----- statementPart
2021-11-19T10:23:47,542|[TRACE] graph - -----> statementPart
2021-11-19T10:23:47,542|[TRACE] graph - -------> nonSkippedChar
2021-11-19T10:23:47,542|[TRACE] script - #out(`T`) [token]
2021-11-19T10:23:47,542|[TRACE] graph - <------- nonSkippedChar
2021-11-19T10:23:47,542|[TRACE] graph - <----- statementPart
2021-11-19T10:23:47,542|[TRACE] graph - -----> statementPart
2021-11-19T10:23:47,542|[TRACE] graph - -------> nonSkippedSpace
2021-11-19T10:23:47,542|[TRACE] script - #out(` `) [token]
2021-11-19T10:23:47,542|[TRACE] graph - <------- nonSkippedSpace
2021-11-19T10:23:47,542|[TRACE] graph - <----- statementPart
2021-11-19T10:23:47,542|[TRACE] graph - -----> statementPart
2021-11-19T10:23:47,542|[TRACE] graph - -------> nonSkippedChar
2021-11-19T10:23:47,542|[TRACE] script - #out(`N`) [token]
2021-11-19T10:23:47,542|[TRACE] graph - <------- nonSkippedChar
2021-11-19T10:23:47,542|[TRACE] graph - <----- statementPart
2021-11-19T10:23:47,542|[TRACE] graph - -----> statementPart
2021-11-19T10:23:47,542|[TRACE] graph - -------> nonSkippedChar
2021-11-19T10:23:47,542|[TRACE] script - #out(`O`) [token]
2021-11-19T10:23:47,542|[TRACE] graph - <------- nonSkippedChar
2021-11-19T10:23:47,542|[TRACE] graph - <----- statementPart
2021-11-19T10:23:47,542|[TRACE] graph - -----> statementPart
2021-11-19T10:23:47,542|[TRACE] graph - -------> nonSkippedChar
2021-11-19T10:23:47,542|[TRACE] script - #out(`T`) [token]
2021-11-19T10:23:47,542|[TRACE] graph - <------- nonSkippedChar
2021-11-19T10:23:47,542|[TRACE] graph - <----- statementPart
2021-11-19T10:23:47,542|[TRACE] graph - -----> statementPart
2021-11-19T10:23:47,542|[TRACE] graph - -------> nonSkippedSpace
2021-11-19T10:23:47,542|[TRACE] script - #out(` `) [token]
2021-11-19T10:23:47,542|[TRACE] graph - <------- nonSkippedSpace
2021-11-19T10:23:47,542|[TRACE] graph - <----- statementPart
2021-11-19T10:23:47,542|[TRACE] graph - -----> statementPart
2021-11-19T10:23:47,542|[TRACE] graph - -------> nonSkippedChar
2021-11-19T10:23:47,542|[TRACE] script - #out(`N`) [token]
2021-11-19T10:23:47,542|[TRACE] graph - <------- nonSkippedChar
2021-11-19T10:23:47,542|[TRACE] graph - <----- statementPart
2021-11-19T10:23:47,542|[TRACE] graph - -----> statementPart
2021-11-19T10:23:47,542|[TRACE] graph - -------> nonSkippedChar
2021-11-19T10:23:47,542|[TRACE] script - #out(`U`) [token]
2021-11-19T10:23:47,542|[TRACE] graph - <------- nonSkippedChar
2021-11-19T10:23:47,542|[TRACE] graph - <----- statementPart
2021-11-19T10:23:47,542|[TRACE] graph - -----> statementPart
2021-11-19T10:23:47,542|[TRACE] graph - -------> nonSkippedChar
2021-11-19T10:23:47,542|[TRACE] script - #out(`L`) [token]
2021-11-19T10:23:47,542|[TRACE] graph - <------- nonSkippedChar
2021-11-19T10:23:47,542|[TRACE] graph - <----- statementPart
2021-11-19T10:23:47,542|[TRACE] graph - -----> statementPart
2021-11-19T10:23:47,542|[TRACE] graph - -------> nonSkippedChar
2021-11-19T10:23:47,542|[TRACE] script - #out(`L`) [token]
2021-11-19T10:23:47,542|[TRACE] graph - <------- nonSkippedChar
2021-11-19T10:23:47,542|[TRACE] graph - <----- statementPart
2021-11-19T10:23:47,542|[TRACE] graph - -----> statementPart
2021-11-19T10:23:47,542|[TRACE] graph - -------> nonSkippedSpace
2021-11-19T10:23:47,542|[TRACE] script - #out(` `) [token]
2021-11-19T10:23:47,542|[TRACE] graph - <------- nonSkippedSpace
2021-11-19T10:23:47,542|[TRACE] graph - <----- statementPart
2021-11-19T10:23:47,542|[TRACE] graph - -----> statementPart
2021-11-19T10:23:47,542|[TRACE] graph - -------> nonSkippedChar
2021-11-19T10:23:47,542|[TRACE] script - #out(`D`) [token]
2021-11-19T10:23:47,542|[TRACE] graph - <------- nonSkippedChar
2021-11-19T10:23:47,542|[TRACE] graph - <----- statementPart
2021-11-19T10:23:47,542|[TRACE] graph - -----> statementPart
2021-11-19T10:23:47,542|[TRACE] graph - -------> nonSkippedChar
2021-11-19T10:23:47,542|[TRACE] script - #out(`E`) [token]
2021-11-19T10:23:47,542|[TRACE] graph - <------- nonSkippedChar
2021-11-19T10:23:47,542|[TRACE] graph - <----- statementPart
2021-11-19T10:23:47,542|[TRACE] graph - -----> statementPart
2021-11-19T10:23:47,542|[TRACE] graph - -------> nonSkippedChar
2021-11-19T10:23:47,542|[TRACE] script - #out(`F`) [token]
2021-11-19T10:23:47,542|[TRACE] graph - <------- nonSkippedChar
2021-11-19T10:23:47,542|[TRACE] graph - <----- statementPart
2021-11-19T10:23:47,542|[TRACE] graph - -----> statementPart
2021-11-19T10:23:47,542|[TRACE] graph - -------> nonSkippedChar
2021-11-19T10:23:47,542|[TRACE] script - #out(`A`) [token]
2021-11-19T10:23:47,542|[TRACE] graph - <------- nonSkippedChar
2021-11-19T10:23:47,542|[TRACE] graph - <----- statementPart
2021-11-19T10:23:47,543|[TRACE] graph - -----> statementPart
2021-11-19T10:23:47,543|[TRACE] graph - -------> nonSkippedChar
2021-11-19T10:23:47,543|[TRACE] script - #out(`U`) [token]
2021-11-19T10:23:47,543|[TRACE] graph - <------- nonSkippedChar
2021-11-19T10:23:47,543|[TRACE] graph - <----- statementPart
2021-11-19T10:23:47,543|[TRACE] graph - -----> statementPart
2021-11-19T10:23:47,543|[TRACE] graph - -------> nonSkippedChar
2021-11-19T10:23:47,543|[TRACE] script - #out(`L`) [token]
2021-11-19T10:23:47,543|[TRACE] graph - <------- nonSkippedChar
2021-11-19T10:23:47,543|[TRACE] graph - <----- statementPart
2021-11-19T10:23:47,543|[TRACE] graph - -----> statementPart
2021-11-19T10:23:47,543|[TRACE] graph - -------> nonSkippedChar
2021-11-19T10:23:47,543|[TRACE] script - #out(`T`) [token]
2021-11-19T10:23:47,543|[TRACE] graph - <------- nonSkippedChar
2021-11-19T10:23:47,543|[TRACE] graph - <----- statementPart
2021-11-19T10:23:47,543|[TRACE] graph - -----> statementPart
2021-11-19T10:23:47,543|[TRACE] graph - -------> nonSkippedSpace
2021-11-19T10:23:47,543|[TRACE] script - #out(` `) [token]
2021-11-19T10:23:47,543|[TRACE] graph - <------- nonSkippedSpace
2021-11-19T10:23:47,543|[TRACE] graph - <----- statementPart
2021-11-19T10:23:47,543|[TRACE] graph - -----> statementPart
2021-11-19T10:23:47,543|[TRACE] graph - -------> nonSkippedChar
2021-11-19T10:23:47,543|[TRACE] script - #out(`(`) [token]
2021-11-19T10:23:47,543|[TRACE] graph - <------- nonSkippedChar
2021-11-19T10:23:47,543|[TRACE] graph - <----- statementPart
2021-11-19T10:23:47,543|[TRACE] graph - -----> statementPart
2021-11-19T10:23:47,543|[TRACE] graph - -------> nonSkippedChar
2021-11-19T10:23:47,543|[TRACE] script - #out(`u`) [token]
2021-11-19T10:23:47,543|[TRACE] graph - <------- nonSkippedChar
2021-11-19T10:23:47,543|[TRACE] graph - <----- statementPart
2021-11-19T10:23:47,543|[TRACE] graph - -----> statementPart
2021-11-19T10:23:47,543|[TRACE] graph - -------> nonSkippedChar
2021-11-19T10:23:47,543|[TRACE] script - #out(`n`) [token]
2021-11-19T10:23:47,543|[TRACE] graph - <------- nonSkippedChar
2021-11-19T10:23:47,543|[TRACE] graph - <----- statementPart
2021-11-19T10:23:47,543|[TRACE] graph - -----> statementPart
2021-11-19T10:23:47,543|[TRACE] graph - -------> nonSkippedChar
2021-11-19T10:23:47,543|[TRACE] script - #out(`i`) [token]
2021-11-19T10:23:47,543|[TRACE] graph - <------- nonSkippedChar
2021-11-19T10:23:47,543|[TRACE] graph - <----- statementPart
2021-11-19T10:23:47,543|[TRACE] graph - -----> statementPart
2021-11-19T10:23:47,543|[TRACE] graph - -------> nonSkippedChar
2021-11-19T10:23:47,543|[TRACE] script - #out(`x`) [token]
2021-11-19T10:23:47,543|[TRACE] graph - <------- nonSkippedChar
2021-11-19T10:23:47,543|[TRACE] graph - <----- statementPart
2021-11-19T10:23:47,543|[TRACE] graph - -----> statementPart
2021-11-19T10:23:47,543|[TRACE] graph - -------> nonSkippedChar
2021-11-19T10:23:47,543|[TRACE] script - #out(`_`) [token]
2021-11-19T10:23:47,543|[TRACE] graph - <------- nonSkippedChar
2021-11-19T10:23:47,543|[TRACE] graph - <----- statementPart
2021-11-19T10:23:47,543|[TRACE] graph - -----> statementPart
2021-11-19T10:23:47,543|[TRACE] graph - -------> nonSkippedChar
2021-11-19T10:23:47,543|[TRACE] script - #out(`t`) [token]
2021-11-19T10:23:47,543|[TRACE] graph - <------- nonSkippedChar
2021-11-19T10:23:47,543|[TRACE] graph - <----- statementPart
2021-11-19T10:23:47,543|[TRACE] graph - -----> statementPart
2021-11-19T10:23:47,543|[TRACE] graph - -------> nonSkippedChar
2021-11-19T10:23:47,543|[TRACE] script - #out(`i`) [token]
2021-11-19T10:23:47,543|[TRACE] graph - <------- nonSkippedChar
2021-11-19T10:23:47,543|[TRACE] graph - <----- statementPart
2021-11-19T10:23:47,543|[TRACE] graph - -----> statementPart
2021-11-19T10:23:47,543|[TRACE] graph - -------> nonSkippedChar
2021-11-19T10:23:47,543|[TRACE] script - #out(`m`) [token]
2021-11-19T10:23:47,543|[TRACE] graph - <------- nonSkippedChar
2021-11-19T10:23:47,543|[TRACE] graph - <----- statementPart
2021-11-19T10:23:47,543|[TRACE] graph - -----> statementPart
2021-11-19T10:23:47,543|[TRACE] graph - -------> nonSkippedChar
2021-11-19T10:23:47,543|[TRACE] script - #out(`e`) [token]
2021-11-19T10:23:47,543|[TRACE] graph - <------- nonSkippedChar
2021-11-19T10:23:47,543|[TRACE] graph - <----- statementPart
2021-11-19T10:23:47,543|[TRACE] graph - -----> statementPart
2021-11-19T10:23:47,543|[TRACE] graph - -------> nonSkippedChar
2021-11-19T10:23:47,543|[TRACE] script - #out(`s`) [token]
2021-11-19T10:23:47,543|[TRACE] graph - <------- nonSkippedChar
2021-11-19T10:23:47,543|[TRACE] graph - <----- statementPart
2021-11-19T10:23:47,543|[TRACE] graph - -----> statementPart
2021-11-19T10:23:47,543|[TRACE] graph - -------> nonSkippedChar
2021-11-19T10:23:47,543|[TRACE] script - #out(`t`) [token]
2021-11-19T10:23:47,543|[TRACE] graph - <------- nonSkippedChar
2021-11-19T10:23:47,543|[TRACE] graph - <----- statementPart
2021-11-19T10:23:47,543|[TRACE] graph - -----> statementPart
2021-11-19T10:23:47,543|[TRACE] graph - -------> nonSkippedChar
2021-11-19T10:23:47,543|[TRACE] script - #out(`a`) [token]
2021-11-19T10:23:47,543|[TRACE] graph - <------- nonSkippedChar
2021-11-19T10:23:47,543|[TRACE] graph - <----- statementPart
2021-11-19T10:23:47,543|[TRACE] graph - -----> statementPart
2021-11-19T10:23:47,543|[TRACE] graph - -------> nonSkippedChar
2021-11-19T10:23:47,543|[TRACE] script - #out(`m`) [token]
2021-11-19T10:23:47,543|[TRACE] graph - <------- nonSkippedChar
2021-11-19T10:23:47,543|[TRACE] graph - <----- statementPart
2021-11-19T10:23:47,543|[TRACE] graph - -----> statementPart
2021-11-19T10:23:47,543|[TRACE] graph - -------> nonSkippedChar
2021-11-19T10:23:47,543|[TRACE] script - #out(`p`) [token]
2021-11-19T10:23:47,543|[TRACE] graph - <------- nonSkippedChar
2021-11-19T10:23:47,543|[TRACE] graph - <----- statementPart
2021-11-19T10:23:47,543|[TRACE] graph - -----> statementPart
2021-11-19T10:23:47,543|[TRACE] graph - -------> nonSkippedChar
2021-11-19T10:23:47,543|[TRACE] script - #out(`(`) [token]
2021-11-19T10:23:47,543|[TRACE] graph - <------- nonSkippedChar
2021-11-19T10:23:47,543|[TRACE] graph - <----- statementPart
2021-11-19T10:23:47,543|[TRACE] graph - -----> statementPart
2021-11-19T10:23:47,543|[TRACE] graph - -------> nonSkippedChar
2021-11-19T10:23:47,543|[TRACE] script - #out(`n`) [token]
2021-11-19T10:23:47,543|[TRACE] graph - <------- nonSkippedChar
2021-11-19T10:23:47,543|[TRACE] graph - <----- statementPart
2021-11-19T10:23:47,543|[TRACE] graph - -----> statementPart
2021-11-19T10:23:47,543|[TRACE] graph - -------> nonSkippedChar
2021-11-19T10:23:47,543|[TRACE] script - #out(`o`) [token]
2021-11-19T10:23:47,595|[TRACE] graph - <------- nonSkippedChar
2021-11-19T10:23:47,595|[TRACE] graph - <----- statementPart
2021-11-19T10:23:47,595|[TRACE] graph - -----> statementPart
2021-11-19T10:23:47,595|[TRACE] graph - -------> nonSkippedChar
2021-11-19T10:23:47,595|[TRACE] script - #out(`w`) [token]
2021-11-19T10:23:47,595|[TRACE] graph - <------- nonSkippedChar
2021-11-19T10:23:47,595|[TRACE] graph - <----- statementPart
2021-11-19T10:23:47,595|[TRACE] graph - -----> statementPart
2021-11-19T10:23:47,595|[TRACE] graph - -------> nonSkippedChar
2021-11-19T10:23:47,595|[TRACE] script - #out(`(`) [token]
2021-11-19T10:23:47,595|[TRACE] graph - <------- nonSkippedChar
2021-11-19T10:23:47,595|[TRACE] graph - <----- statementPart
2021-11-19T10:23:47,595|[TRACE] graph - -----> statementPart
2021-11-19T10:23:47,595|[TRACE] graph - -------> nonSkippedChar
2021-11-19T10:23:47,595|[TRACE] script - #out(`)`) [token]
2021-11-19T10:23:47,595|[TRACE] graph - <------- nonSkippedChar
2021-11-19T10:23:47,595|[TRACE] graph - <----- statementPart
2021-11-19T10:23:47,595|[TRACE] graph - -----> statementPart
2021-11-19T10:23:47,595|[TRACE] graph - -------> nonSkippedChar
2021-11-19T10:23:47,595|[TRACE] script - #out(`)`) [token]
2021-11-19T10:23:47,595|[TRACE] graph - <------- nonSkippedChar
2021-11-19T10:23:47,595|[TRACE] graph - <----- statementPart
2021-11-19T10:23:47,595|[TRACE] graph - -----> statementPart
2021-11-19T10:23:47,595|[TRACE] graph - -------> nonSkippedSpace
2021-11-19T10:23:47,595|[TRACE] script - #out(` `) [token]
2021-11-19T10:23:47,595|[TRACE] graph - <------- nonSkippedSpace
2021-11-19T10:23:47,595|[TRACE] graph - <----- statementPart
2021-11-19T10:23:47,595|[TRACE] graph - -----> statementPart
2021-11-19T10:23:47,595|[TRACE] graph - -------> nonSkippedChar
2021-11-19T10:23:47,595|[TRACE] script - #out(`*`) [token]
2021-11-19T10:23:47,595|[TRACE] graph - <------- nonSkippedChar
2021-11-19T10:23:47,595|[TRACE] graph - <----- statementPart
2021-11-19T10:23:47,595|[TRACE] graph - -----> statementPart
2021-11-19T10:23:47,595|[TRACE] graph - -------> nonSkippedSpace
2021-11-19T10:23:47,595|[TRACE] script - #out(` `) [token]
2021-11-19T10:23:47,595|[TRACE] graph - <------- nonSkippedSpace
2021-11-19T10:23:47,595|[TRACE] graph - <----- statementPart
2021-11-19T10:23:47,595|[TRACE] graph - -----> statementPart
2021-11-19T10:23:47,595|[TRACE] graph - -------> nonSkippedChar
2021-11-19T10:23:47,595|[TRACE] script - #out(`1`) [token]
2021-11-19T10:23:47,595|[TRACE] graph - <------- nonSkippedChar
2021-11-19T10:23:47,595|[TRACE] graph - <----- statementPart
2021-11-19T10:23:47,595|[TRACE] graph - -----> statementPart
2021-11-19T10:23:47,595|[TRACE] graph - -------> nonSkippedChar
2021-11-19T10:23:47,595|[TRACE] script - #out(`0`) [token]
2021-11-19T10:23:47,595|[TRACE] graph - <------- nonSkippedChar
2021-11-19T10:23:47,595|[TRACE] graph - <----- statementPart
2021-11-19T10:23:47,595|[TRACE] graph - -----> statementPart
2021-11-19T10:23:47,595|[TRACE] graph - -------> nonSkippedChar
2021-11-19T10:23:47,595|[TRACE] script - #out(`0`) [token]
2021-11-19T10:23:47,595|[TRACE] graph - <------- nonSkippedChar
2021-11-19T10:23:47,595|[TRACE] graph - <----- statementPart
2021-11-19T10:23:47,595|[TRACE] graph - -----> statementPart
2021-11-19T10:23:47,595|[TRACE] graph - -------> nonSkippedChar
2021-11-19T10:23:47,595|[TRACE] script - #out(`0`) [token]
2021-11-19T10:23:47,595|[TRACE] graph - <------- nonSkippedChar
2021-11-19T10:23:47,595|[TRACE] graph - <----- statementPart
2021-11-19T10:23:47,595|[TRACE] graph - -----> statementPart
2021-11-19T10:23:47,595|[TRACE] graph - -------> nonSkippedChar
2021-11-19T10:23:47,595|[TRACE] script - #out(`)`) [token]
2021-11-19T10:23:47,595|[TRACE] graph - <------- nonSkippedChar
2021-11-19T10:23:47,595|[TRACE] graph - <----- statementPart
2021-11-19T10:23:47,595|[TRACE] graph - -----> statementPart
2021-11-19T10:23:47,595|[TRACE] graph - -------> nonSkippedChar
2021-11-19T10:23:47,595|[TRACE] script - #out(`,`) [token]
2021-11-19T10:23:47,595|[TRACE] graph - <------- nonSkippedChar
2021-11-19T10:23:47,595|[TRACE] graph - <----- statementPart
2021-11-19T10:23:47,595|[TRACE] graph - -----> afterStatementPartNewline
2021-11-19T10:23:47,595|[TRACE] script - #out(` `) [text]
2021-11-19T10:23:47,595|[TRACE] graph - <----- afterStatementPartNewline
2021-11-19T10:23:47,595|[TRACE] graph - -----> statementPart
2021-11-19T10:23:47,595|[TRACE] graph - -------> nonSkippedSpace
2021-11-19T10:23:47,595|[TRACE] script - #out(` `) [token]
2021-11-19T10:23:47,595|[TRACE] graph - <------- nonSkippedSpace
2021-11-19T10:23:47,595|[TRACE] graph - <----- statementPart
2021-11-19T10:23:47,595|[TRACE] graph - -----> statementPart
2021-11-19T10:23:47,595|[TRACE] graph - -------> nonSkippedSpace
2021-11-19T10:23:47,595|[TRACE] script - #out(` `) [token]
2021-11-19T10:23:47,595|[TRACE] graph - <------- nonSkippedSpace
2021-11-19T10:23:47,595|[TRACE] graph - <----- statementPart
2021-11-19T10:23:47,595|[TRACE] graph - -----> statementPart
2021-11-19T10:23:47,595|[TRACE] graph - -------> quotedString
2021-11-19T10:23:47,595|[TRACE] script - #out(``version``) [token]
2021-11-19T10:23:47,595|[TRACE] graph - <------- quotedString
2021-11-19T10:23:47,595|[TRACE] graph - <----- statementPart
2021-11-19T10:23:47,595|[TRACE] graph - -----> statementPart
2021-11-19T10:23:47,595|[TRACE] graph - -------> nonSkippedSpace
2021-11-19T10:23:47,595|[TRACE] script - #out(` `) [token]
2021-11-19T10:23:47,595|[TRACE] graph - <------- nonSkippedSpace
2021-11-19T10:23:47,595|[TRACE] graph - <----- statementPart
2021-11-19T10:23:47,595|[TRACE] graph - -----> statementPart
2021-11-19T10:23:47,595|[TRACE] graph - -------> nonSkippedChar
2021-11-19T10:23:47,595|[TRACE] script - #out(`I`) [token]
2021-11-19T10:23:47,595|[TRACE] graph - <------- nonSkippedChar
2021-11-19T10:23:47,595|[TRACE] graph - <----- statementPart
2021-11-19T10:23:47,595|[TRACE] graph - -----> statementPart
2021-11-19T10:23:47,595|[TRACE] graph - -------> nonSkippedChar
2021-11-19T10:23:47,595|[TRACE] script - #out(`N`) [token]
2021-11-19T10:23:47,595|[TRACE] graph - <------- nonSkippedChar
2021-11-19T10:23:47,595|[TRACE] graph - <----- statementPart
2021-11-19T10:23:47,595|[TRACE] graph - -----> statementPart
2021-11-19T10:23:47,595|[TRACE] graph - -------> nonSkippedChar
2021-11-19T10:23:47,595|[TRACE] script - #out(`T`) [token]
2021-11-19T10:23:47,595|[TRACE] graph - <------- nonSkippedChar
2021-11-19T10:23:47,595|[TRACE] graph - <----- statementPart
2021-11-19T10:23:47,595|[TRACE] graph - -----> statementPart
2021-11-19T10:23:47,595|[TRACE] graph - -------> nonSkippedSpace
2021-11-19T10:23:47,595|[TRACE] script - #out(` `) [token]
2021-11-19T10:23:47,595|[TRACE] graph - <------- nonSkippedSpace
2021-11-19T10:23:47,595|[TRACE] graph - <----- statementPart
2021-11-19T10:23:47,595|[TRACE] graph - -----> statementPart
2021-11-19T10:23:47,595|[TRACE] graph - -------> nonSkippedChar
2021-11-19T10:23:47,595|[TRACE] script - #out(`N`) [token]
2021-11-19T10:23:47,595|[TRACE] graph - <------- nonSkippedChar
2021-11-19T10:23:47,595|[TRACE] graph - <----- statementPart
2021-11-19T10:23:47,595|[TRACE] graph - -----> statementPart
2021-11-19T10:23:47,595|[TRACE] graph - -------> nonSkippedChar
2021-11-19T10:23:47,595|[TRACE] script - #out(`O`) [token]
2021-11-19T10:23:47,595|[TRACE] graph - <------- nonSkippedChar
2021-11-19T10:23:47,595|[TRACE] graph - <----- statementPart
2021-11-19T10:23:47,595|[TRACE] graph - -----> statementPart
2021-11-19T10:23:47,595|[TRACE] graph - -------> nonSkippedChar
2021-11-19T10:23:47,595|[TRACE] script - #out(`T`) [token]
2021-11-19T10:23:47,595|[TRACE] graph - <------- nonSkippedChar
2021-11-19T10:23:47,595|[TRACE] graph - <----- statementPart
2021-11-19T10:23:47,595|[TRACE] graph - -----> statementPart
2021-11-19T10:23:47,595|[TRACE] graph - -------> nonSkippedSpace
2021-11-19T10:23:47,595|[TRACE] script - #out(` `) [token]
2021-11-19T10:23:47,595|[TRACE] graph - <------- nonSkippedSpace
2021-11-19T10:23:47,595|[TRACE] graph - <----- statementPart
2021-11-19T10:23:47,595|[TRACE] graph - -----> statementPart
2021-11-19T10:23:47,595|[TRACE] graph - -------> nonSkippedChar
2021-11-19T10:23:47,595|[TRACE] script - #out(`N`) [token]
2021-11-19T10:23:47,595|[TRACE] graph - <------- nonSkippedChar
2021-11-19T10:23:47,595|[TRACE] graph - <----- statementPart
2021-11-19T10:23:47,595|[TRACE] graph - -----> statementPart
2021-11-19T10:23:47,595|[TRACE] graph - -------> nonSkippedChar
2021-11-19T10:23:47,595|[TRACE] script - #out(`U`) [token]
2021-11-19T10:23:47,595|[TRACE] graph - <------- nonSkippedChar
2021-11-19T10:23:47,595|[TRACE] graph - <----- statementPart
2021-11-19T10:23:47,595|[TRACE] graph - -----> statementPart
2021-11-19T10:23:47,595|[TRACE] graph - -------> nonSkippedChar
2021-11-19T10:23:47,595|[TRACE] script - #out(`L`) [token]
2021-11-19T10:23:47,595|[TRACE] graph - <------- nonSkippedChar
2021-11-19T10:23:47,595|[TRACE] graph - <----- statementPart
2021-11-19T10:23:47,595|[TRACE] graph - -----> statementPart
2021-11-19T10:23:47,595|[TRACE] graph - -------> nonSkippedChar
2021-11-19T10:23:47,595|[TRACE] script - #out(`L`) [token]
2021-11-19T10:23:47,595|[TRACE] graph - <------- nonSkippedChar
2021-11-19T10:23:47,595|[TRACE] graph - <----- statementPart
2021-11-19T10:23:47,595|[TRACE] graph - -----> statementPart
2021-11-19T10:23:47,595|[TRACE] graph - -------> nonSkippedSpace
2021-11-19T10:23:47,595|[TRACE] script - #out(` `) [token]
2021-11-19T10:23:47,595|[TRACE] graph - <------- nonSkippedSpace
2021-11-19T10:23:47,595|[TRACE] graph - <----- statementPart
2021-11-19T10:23:47,595|[TRACE] graph - -----> statementPart
2021-11-19T10:23:47,595|[TRACE] graph - -------> nonSkippedChar
2021-11-19T10:23:47,595|[TRACE] script - #out(`D`) [token]
2021-11-19T10:23:47,595|[TRACE] graph - <------- nonSkippedChar
2021-11-19T10:23:47,595|[TRACE] graph - <----- statementPart
2021-11-19T10:23:47,595|[TRACE] graph - -----> statementPart
2021-11-19T10:23:47,595|[TRACE] graph - -------> nonSkippedChar
2021-11-19T10:23:47,595|[TRACE] script - #out(`E`) [token]
2021-11-19T10:23:47,595|[TRACE] graph - <------- nonSkippedChar
2021-11-19T10:23:47,595|[TRACE] graph - <----- statementPart
2021-11-19T10:23:47,595|[TRACE] graph - -----> statementPart
2021-11-19T10:23:47,595|[TRACE] graph - -------> nonSkippedChar
2021-11-19T10:23:47,595|[TRACE] script - #out(`F`) [token]
2021-11-19T10:23:47,595|[TRACE] graph - <------- nonSkippedChar
2021-11-19T10:23:47,595|[TRACE] graph - <----- statementPart
2021-11-19T10:23:47,595|[TRACE] graph - -----> statementPart
2021-11-19T10:23:47,595|[TRACE] graph - -------> nonSkippedChar
2021-11-19T10:23:47,595|[TRACE] script - #out(`A`) [token]
2021-11-19T10:23:47,595|[TRACE] graph - <------- nonSkippedChar
2021-11-19T10:23:47,595|[TRACE] graph - <----- statementPart
2021-11-19T10:23:47,595|[TRACE] graph - -----> statementPart
2021-11-19T10:23:47,595|[TRACE] graph - -------> nonSkippedChar
2021-11-19T10:23:47,595|[TRACE] script - #out(`U`) [token]
2021-11-19T10:23:47,595|[TRACE] graph - <------- nonSkippedChar
2021-11-19T10:23:47,595|[TRACE] graph - <----- statementPart
2021-11-19T10:23:47,595|[TRACE] graph - -----> statementPart
2021-11-19T10:23:47,595|[TRACE] graph - -------> nonSkippedChar
2021-11-19T10:23:47,595|[TRACE] script - #out(`L`) [token]
2021-11-19T10:23:47,595|[TRACE] graph - <------- nonSkippedChar
2021-11-19T10:23:47,595|[TRACE] graph - <----- statementPart
2021-11-19T10:23:47,595|[TRACE] graph - -----> statementPart
2021-11-19T10:23:47,595|[TRACE] graph - -------> nonSkippedChar
2021-11-19T10:23:47,595|[TRACE] script - #out(`T`) [token]
2021-11-19T10:23:47,595|[TRACE] graph - <------- nonSkippedChar
2021-11-19T10:23:47,595|[TRACE] graph - <----- statementPart
2021-11-19T10:23:47,595|[TRACE] graph - -----> statementPart
2021-11-19T10:23:47,595|[TRACE] graph - -------> nonSkippedSpace
2021-11-19T10:23:47,595|[TRACE] script - #out(` `) [token]
2021-11-19T10:23:47,595|[TRACE] graph - <------- nonSkippedSpace
2021-11-19T10:23:47,595|[TRACE] graph - <----- statementPart
2021-11-19T10:23:47,595|[TRACE] graph - -----> statementPart
2021-11-19T10:23:47,595|[TRACE] graph - -------> nonSkippedChar
2021-11-19T10:23:47,595|[TRACE] script - #out(`1`) [token]
2021-11-19T10:23:47,595|[TRACE] graph - <------- nonSkippedChar
2021-11-19T10:23:47,595|[TRACE] graph - <----- statementPart
2021-11-19T10:23:47,595|[TRACE] graph - -----> statementPart
2021-11-19T10:23:47,595|[TRACE] graph - -------> nonSkippedChar
2021-11-19T10:23:47,595|[TRACE] script - #out(`,`) [token]
2021-11-19T10:23:47,595|[TRACE] graph - <------- nonSkippedChar
2021-11-19T10:23:47,595|[TRACE] graph - <----- statementPart
2021-11-19T10:23:47,595|[TRACE] graph - -----> afterStatementPartNewline
2021-11-19T10:23:47,595|[TRACE] script - #out(` `) [text]
2021-11-19T10:23:47,595|[TRACE] graph - <----- afterStatementPartNewline
2021-11-19T10:23:47,595|[TRACE] graph - -----> statementPart
2021-11-19T10:23:47,595|[TRACE] graph - -------> nonSkippedSpace
2021-11-19T10:23:47,595|[TRACE] script - #out(` `) [token]
2021-11-19T10:23:47,595|[TRACE] graph - <------- nonSkippedSpace
2021-11-19T10:23:47,595|[TRACE] graph - <----- statementPart
2021-11-19T10:23:47,595|[TRACE] graph - -----> statementPart
2021-11-19T10:23:47,595|[TRACE] graph - -------> nonSkippedSpace
2021-11-19T10:23:47,595|[TRACE] script - #out(` `) [token]
2021-11-19T10:23:47,595|[TRACE] graph - <------- nonSkippedSpace
2021-11-19T10:23:47,595|[TRACE] graph - <----- statementPart
2021-11-19T10:23:47,595|[TRACE] graph - -----> statementPart
2021-11-19T10:23:47,595|[TRACE] graph - -------> nonSkippedChar
2021-11-19T10:23:47,595|[TRACE] script - #out(`P`) [token]
2021-11-19T10:23:47,595|[TRACE] graph - <------- nonSkippedChar
2021-11-19T10:23:47,595|[TRACE] graph - <----- statementPart
2021-11-19T10:23:47,595|[TRACE] graph - -----> statementPart
2021-11-19T10:23:47,595|[TRACE] graph - -------> nonSkippedChar
2021-11-19T10:23:47,595|[TRACE] script - #out(`R`) [token]
2021-11-19T10:23:47,595|[TRACE] graph - <------- nonSkippedChar
2021-11-19T10:23:47,595|[TRACE] graph - <----- statementPart
2021-11-19T10:23:47,595|[TRACE] graph - -----> statementPart
2021-11-19T10:23:47,595|[TRACE] graph - -------> nonSkippedChar
2021-11-19T10:23:47,595|[TRACE] script - #out(`I`) [token]
2021-11-19T10:23:47,595|[TRACE] graph - <------- nonSkippedChar
2021-11-19T10:23:47,595|[TRACE] graph - <----- statementPart
2021-11-19T10:23:47,595|[TRACE] graph - -----> statementPart
2021-11-19T10:23:47,595|[TRACE] graph - -------> nonSkippedChar
2021-11-19T10:23:47,595|[TRACE] script - #out(`M`) [token]
2021-11-19T10:23:47,596|[TRACE] graph - <------- nonSkippedChar
2021-11-19T10:23:47,596|[TRACE] graph - <----- statementPart
2021-11-19T10:23:47,596|[TRACE] graph - -----> statementPart
2021-11-19T10:23:47,596|[TRACE] graph - -------> nonSkippedChar
2021-11-19T10:23:47,596|[TRACE] script - #out(`A`) [token]
2021-11-19T10:23:47,596|[TRACE] graph - <------- nonSkippedChar
2021-11-19T10:23:47,596|[TRACE] graph - <----- statementPart
2021-11-19T10:23:47,596|[TRACE] graph - -----> statementPart
2021-11-19T10:23:47,596|[TRACE] graph - -------> nonSkippedChar
2021-11-19T10:23:47,596|[TRACE] script - #out(`R`) [token]
2021-11-19T10:23:47,596|[TRACE] graph - <------- nonSkippedChar
2021-11-19T10:23:47,596|[TRACE] graph - <----- statementPart
2021-11-19T10:23:47,596|[TRACE] graph - -----> statementPart
2021-11-19T10:23:47,596|[TRACE] graph - -------> nonSkippedChar
2021-11-19T10:23:47,596|[TRACE] script - #out(`Y`) [token]
2021-11-19T10:23:47,596|[TRACE] graph - <------- nonSkippedChar
2021-11-19T10:23:47,596|[TRACE] graph - <----- statementPart
2021-11-19T10:23:47,596|[TRACE] graph - -----> statementPart
2021-11-19T10:23:47,596|[TRACE] graph - -------> nonSkippedSpace
2021-11-19T10:23:47,596|[TRACE] script - #out(` `) [token]
2021-11-19T10:23:47,596|[TRACE] graph - <------- nonSkippedSpace
2021-11-19T10:23:47,596|[TRACE] graph - <----- statementPart
2021-11-19T10:23:47,596|[TRACE] graph - -----> statementPart
2021-11-19T10:23:47,596|[TRACE] graph - -------> nonSkippedChar
2021-11-19T10:23:47,596|[TRACE] script - #out(`K`) [token]
2021-11-19T10:23:47,596|[TRACE] graph - <------- nonSkippedChar
2021-11-19T10:23:47,596|[TRACE] graph - <----- statementPart
2021-11-19T10:23:47,596|[TRACE] graph - -----> statementPart
2021-11-19T10:23:47,596|[TRACE] graph - -------> nonSkippedChar
2021-11-19T10:23:47,596|[TRACE] script - #out(`E`) [token]
2021-11-19T10:23:47,596|[TRACE] graph - <------- nonSkippedChar
2021-11-19T10:23:47,596|[TRACE] graph - <----- statementPart
2021-11-19T10:23:47,596|[TRACE] graph - -----> statementPart
2021-11-19T10:23:47,596|[TRACE] graph - -------> nonSkippedChar
2021-11-19T10:23:47,596|[TRACE] script - #out(`Y`) [token]
2021-11-19T10:23:47,596|[TRACE] graph - <------- nonSkippedChar
2021-11-19T10:23:47,596|[TRACE] graph - <----- statementPart
2021-11-19T10:23:47,596|[TRACE] graph - -----> statementPart
2021-11-19T10:23:47,596|[TRACE] graph - -------> nonSkippedSpace
2021-11-19T10:23:47,596|[TRACE] script - #out(` `) [token]
2021-11-19T10:23:47,596|[TRACE] graph - <------- nonSkippedSpace
2021-11-19T10:23:47,596|[TRACE] graph - <----- statementPart
2021-11-19T10:23:47,596|[TRACE] graph - -----> statementPart
2021-11-19T10:23:47,596|[TRACE] graph - -------> nonSkippedChar
2021-11-19T10:23:47,596|[TRACE] script - #out(`(`) [token]
2021-11-19T10:23:47,596|[TRACE] graph - <------- nonSkippedChar
2021-11-19T10:23:47,596|[TRACE] graph - <----- statementPart
2021-11-19T10:23:47,596|[TRACE] graph - -----> statementPart
2021-11-19T10:23:47,596|[TRACE] graph - -------> quotedString
2021-11-19T10:23:47,596|[TRACE] script - #out(``person_id``) [token]
2021-11-19T10:23:47,596|[TRACE] graph - <------- quotedString
2021-11-19T10:23:47,596|[TRACE] graph - <----- statementPart
2021-11-19T10:23:47,596|[TRACE] graph - -----> statementPart
2021-11-19T10:23:47,596|[TRACE] graph - -------> nonSkippedChar
2021-11-19T10:23:47,596|[TRACE] script - #out(`,`) [token]
2021-11-19T10:23:47,596|[TRACE] graph - <------- nonSkippedChar
2021-11-19T10:23:47,596|[TRACE] graph - <----- statementPart
2021-11-19T10:23:47,596|[TRACE] graph - -----> statementPart
2021-11-19T10:23:47,596|[TRACE] graph - -------> nonSkippedSpace
2021-11-19T10:23:47,596|[TRACE] script - #out(` `) [token]
2021-11-19T10:23:47,596|[TRACE] graph - <------- nonSkippedSpace
2021-11-19T10:23:47,596|[TRACE] graph - <----- statementPart
2021-11-19T10:23:47,596|[TRACE] graph - -----> statementPart
2021-11-19T10:23:47,596|[TRACE] graph - -------> quotedString
2021-11-19T10:23:47,596|[TRACE] script - #out(``phone_id``) [token]
2021-11-19T10:23:47,596|[TRACE] graph - <------- quotedString
2021-11-19T10:23:47,596|[TRACE] graph - <----- statementPart
2021-11-19T10:23:47,596|[TRACE] graph - -----> statementPart
2021-11-19T10:23:47,596|[TRACE] graph - -------> nonSkippedChar
2021-11-19T10:23:47,596|[TRACE] script - #out(`)`) [token]
2021-11-19T10:23:47,596|[TRACE] graph - <------- nonSkippedChar
2021-11-19T10:23:47,596|[TRACE] graph - <----- statementPart
2021-11-19T10:23:47,596|[TRACE] graph - -----> statementPart
2021-11-19T10:23:47,596|[TRACE] graph - -------> nonSkippedChar
2021-11-19T10:23:47,596|[TRACE] script - #out(`,`) [token]
2021-11-19T10:23:47,596|[TRACE] graph - <------- nonSkippedChar
2021-11-19T10:23:47,596|[TRACE] graph - <----- statementPart
2021-11-19T10:23:47,596|[TRACE] graph - -----> afterStatementPartNewline
2021-11-19T10:23:47,596|[TRACE] script - #out(` `) [text]
2021-11-19T10:23:47,596|[TRACE] graph - <----- afterStatementPartNewline
2021-11-19T10:23:47,596|[TRACE] graph - -----> statementPart
2021-11-19T10:23:47,596|[TRACE] graph - -------> nonSkippedSpace
2021-11-19T10:23:47,596|[TRACE] script - #out(` `) [token]
2021-11-19T10:23:47,596|[TRACE] graph - <------- nonSkippedSpace
2021-11-19T10:23:47,596|[TRACE] graph - <----- statementPart
2021-11-19T10:23:47,596|[TRACE] graph - -----> statementPart
2021-11-19T10:23:47,596|[TRACE] graph - -------> nonSkippedSpace
2021-11-19T10:23:47,596|[TRACE] script - #out(` `) [token]
2021-11-19T10:23:47,596|[TRACE] graph - <------- nonSkippedSpace
2021-11-19T10:23:47,596|[TRACE] graph - <----- statementPart
2021-11-19T10:23:47,596|[TRACE] graph - -----> statementPart
2021-11-19T10:23:47,596|[TRACE] graph - -------> nonSkippedChar
2021-11-19T10:23:47,596|[TRACE] script - #out(`I`) [token]
2021-11-19T10:23:47,596|[TRACE] graph - <------- nonSkippedChar
2021-11-19T10:23:47,596|[TRACE] graph - <----- statementPart
2021-11-19T10:23:47,596|[TRACE] graph - -----> statementPart
2021-11-19T10:23:47,596|[TRACE] graph - -------> nonSkippedChar
2021-11-19T10:23:47,596|[TRACE] script - #out(`N`) [token]
2021-11-19T10:23:47,596|[TRACE] graph - <------- nonSkippedChar
2021-11-19T10:23:47,596|[TRACE] graph - <----- statementPart
2021-11-19T10:23:47,596|[TRACE] graph - -----> statementPart
2021-11-19T10:23:47,596|[TRACE] graph - -------> nonSkippedChar
2021-11-19T10:23:47,596|[TRACE] script - #out(`D`) [token]
2021-11-19T10:23:47,596|[TRACE] graph - <------- nonSkippedChar
2021-11-19T10:23:47,596|[TRACE] graph - <----- statementPart
2021-11-19T10:23:47,596|[TRACE] graph - -----> statementPart
2021-11-19T10:23:47,596|[TRACE] graph - -------> nonSkippedChar
2021-11-19T10:23:47,596|[TRACE] script - #out(`E`) [token]
2021-11-19T10:23:47,596|[TRACE] graph - <------- nonSkippedChar
2021-11-19T10:23:47,596|[TRACE] graph - <----- statementPart
2021-11-19T10:23:47,596|[TRACE] graph - -----> statementPart
2021-11-19T10:23:47,596|[TRACE] graph - -------> nonSkippedChar
2021-11-19T10:23:47,596|[TRACE] script - #out(`X`) [token]
2021-11-19T10:23:47,596|[TRACE] graph - <------- nonSkippedChar
2021-11-19T10:23:47,596|[TRACE] graph - <----- statementPart
2021-11-19T10:23:47,596|[TRACE] graph - -----> statementPart
2021-11-19T10:23:47,596|[TRACE] graph - -------> nonSkippedSpace
2021-11-19T10:23:47,596|[TRACE] script - #out(` `) [token]
2021-11-19T10:23:47,596|[TRACE] graph - <------- nonSkippedSpace
2021-11-19T10:23:47,596|[TRACE] graph - <----- statementPart
2021-11-19T10:23:47,596|[TRACE] graph - -----> statementPart
2021-11-19T10:23:47,596|[TRACE] graph - -------> quotedString
2021-11-19T10:23:47,596|[TRACE] script - #out(``fk_contact_phone1_idx``) [token]
2021-11-19T10:23:47,596|[TRACE] graph - <------- quotedString
2021-11-19T10:23:47,596|[TRACE] graph - <----- statementPart
2021-11-19T10:23:47,596|[TRACE] graph - -----> statementPart
2021-11-19T10:23:47,596|[TRACE] graph - -------> nonSkippedSpace
2021-11-19T10:23:47,596|[TRACE] script - #out(` `) [token]
2021-11-19T10:23:47,596|[TRACE] graph - <------- nonSkippedSpace
2021-11-19T10:23:47,596|[TRACE] graph - <----- statementPart
2021-11-19T10:23:47,596|[TRACE] graph - -----> statementPart
2021-11-19T10:23:47,596|[TRACE] graph - -------> nonSkippedChar
2021-11-19T10:23:47,596|[TRACE] script - #out(`(`) [token]
2021-11-19T10:23:47,596|[TRACE] graph - <------- nonSkippedChar
2021-11-19T10:23:47,596|[TRACE] graph - <----- statementPart
2021-11-19T10:23:47,596|[TRACE] graph - -----> statementPart
2021-11-19T10:23:47,596|[TRACE] graph - -------> quotedString
2021-11-19T10:23:47,596|[TRACE] script - #out(``phone_id``) [token]
2021-11-19T10:23:47,596|[TRACE] graph - <------- quotedString
2021-11-19T10:23:47,596|[TRACE] graph - <----- statementPart
2021-11-19T10:23:47,596|[TRACE] graph - -----> statementPart
2021-11-19T10:23:47,596|[TRACE] graph - -------> nonSkippedSpace
2021-11-19T10:23:47,596|[TRACE] script - #out(` `) [token]
2021-11-19T10:23:47,596|[TRACE] graph - <------- nonSkippedSpace
2021-11-19T10:23:47,596|[TRACE] graph - <----- statementPart
2021-11-19T10:23:47,596|[TRACE] graph - -----> statementPart
2021-11-19T10:23:47,596|[TRACE] graph - -------> nonSkippedChar
2021-11-19T10:23:47,596|[TRACE] script - #out(`A`) [token]
2021-11-19T10:23:47,596|[TRACE] graph - <------- nonSkippedChar
2021-11-19T10:23:47,596|[TRACE] graph - <----- statementPart
2021-11-19T10:23:47,596|[TRACE] graph - -----> statementPart
2021-11-19T10:23:47,596|[TRACE] graph - -------> nonSkippedChar
2021-11-19T10:23:47,596|[TRACE] script - #out(`S`) [token]
2021-11-19T10:23:47,596|[TRACE] graph - <------- nonSkippedChar
2021-11-19T10:23:47,596|[TRACE] graph - <----- statementPart
2021-11-19T10:23:47,596|[TRACE] graph - -----> statementPart
2021-11-19T10:23:47,596|[TRACE] graph - -------> nonSkippedChar
2021-11-19T10:23:47,596|[TRACE] script - #out(`C`) [token]
2021-11-19T10:23:47,596|[TRACE] graph - <------- nonSkippedChar
2021-11-19T10:23:47,596|[TRACE] graph - <----- statementPart
2021-11-19T10:23:47,596|[TRACE] graph - -----> statementPart
2021-11-19T10:23:47,596|[TRACE] graph - -------> nonSkippedChar
2021-11-19T10:23:47,596|[TRACE] script - #out(`)`) [token]
2021-11-19T10:23:47,596|[TRACE] graph - <------- nonSkippedChar
2021-11-19T10:23:47,596|[TRACE] graph - <----- statementPart
2021-11-19T10:23:47,596|[TRACE] graph - -----> statementPart
2021-11-19T10:23:47,596|[TRACE] graph - -------> nonSkippedSpace
2021-11-19T10:23:47,596|[TRACE] script - #out(` `) [token]
2021-11-19T10:23:47,596|[TRACE] graph - <------- nonSkippedSpace
2021-11-19T10:23:47,596|[TRACE] graph - <----- statementPart
2021-11-19T10:23:47,596|[TRACE] graph - -----> statementPart
2021-11-19T10:23:47,596|[TRACE] graph - -------> nonSkippedChar
2021-11-19T10:23:47,596|[TRACE] script - #out(`V`) [token]
2021-11-19T10:23:47,596|[TRACE] graph - <------- nonSkippedChar
2021-11-19T10:23:47,596|[TRACE] graph - <----- statementPart
2021-11-19T10:23:47,596|[TRACE] graph - -----> statementPart
2021-11-19T10:23:47,596|[TRACE] graph - -------> nonSkippedChar
2021-11-19T10:23:47,596|[TRACE] script - #out(`I`) [token]
2021-11-19T10:23:47,596|[TRACE] graph - <------- nonSkippedChar
2021-11-19T10:23:47,596|[TRACE] graph - <----- statementPart
2021-11-19T10:23:47,596|[TRACE] graph - -----> statementPart
2021-11-19T10:23:47,596|[TRACE] graph - -------> nonSkippedChar
2021-11-19T10:23:47,596|[TRACE] script - #out(`S`) [token]
2021-11-19T10:23:47,596|[TRACE] graph - <------- nonSkippedChar
2021-11-19T10:23:47,596|[TRACE] graph - <----- statementPart
2021-11-19T10:23:47,596|[TRACE] graph - -----> statementPart
2021-11-19T10:23:47,596|[TRACE] graph - -------> nonSkippedChar
2021-11-19T10:23:47,596|[TRACE] script - #out(`I`) [token]
2021-11-19T10:23:47,596|[TRACE] graph - <------- nonSkippedChar
2021-11-19T10:23:47,596|[TRACE] graph - <----- statementPart
2021-11-19T10:23:47,596|[TRACE] graph - -----> statementPart
2021-11-19T10:23:47,596|[TRACE] graph - -------> nonSkippedChar
2021-11-19T10:23:47,596|[TRACE] script - #out(`B`) [token]
2021-11-19T10:23:47,596|[TRACE] graph - <------- nonSkippedChar
2021-11-19T10:23:47,596|[TRACE] graph - <----- statementPart
2021-11-19T10:23:47,596|[TRACE] graph - -----> statementPart
2021-11-19T10:23:47,596|[TRACE] graph - -------> nonSkippedChar
2021-11-19T10:23:47,596|[TRACE] script - #out(`L`) [token]
2021-11-19T10:23:47,596|[TRACE] graph - <------- nonSkippedChar
2021-11-19T10:23:47,596|[TRACE] graph - <----- statementPart
2021-11-19T10:23:47,596|[TRACE] graph - -----> statementPart
2021-11-19T10:23:47,596|[TRACE] graph - -------> nonSkippedChar
2021-11-19T10:23:47,596|[TRACE] script - #out(`E`) [token]
2021-11-19T10:23:47,596|[TRACE] graph - <------- nonSkippedChar
2021-11-19T10:23:47,596|[TRACE] graph - <----- statementPart
2021-11-19T10:23:47,596|[TRACE] graph - -----> statementPart
2021-11-19T10:23:47,596|[TRACE] graph - -------> nonSkippedChar
2021-11-19T10:23:47,596|[TRACE] script - #out(`,`) [token]
2021-11-19T10:23:47,596|[TRACE] graph - <------- nonSkippedChar
2021-11-19T10:23:47,596|[TRACE] graph - <----- statementPart
2021-11-19T10:23:47,596|[TRACE] graph - -----> afterStatementPartNewline
2021-11-19T10:23:47,596|[TRACE] script - #out(` `) [text]
2021-11-19T10:23:47,596|[TRACE] graph - <----- afterStatementPartNewline
2021-11-19T10:23:47,596|[TRACE] graph - -----> statementPart
2021-11-19T10:23:47,596|[TRACE] graph - -------> nonSkippedSpace
2021-11-19T10:23:47,596|[TRACE] script - #out(` `) [token]
2021-11-19T10:23:47,596|[TRACE] graph - <------- nonSkippedSpace
2021-11-19T10:23:47,596|[TRACE] graph - <----- statementPart
2021-11-19T10:23:47,596|[TRACE] graph - -----> statementPart
2021-11-19T10:23:47,596|[TRACE] graph - -------> nonSkippedSpace
2021-11-19T10:23:47,596|[TRACE] script - #out(` `) [token]
2021-11-19T10:23:47,596|[TRACE] graph - <------- nonSkippedSpace
2021-11-19T10:23:47,596|[TRACE] graph - <----- statementPart
2021-11-19T10:23:47,596|[TRACE] graph - -----> statementPart
2021-11-19T10:23:47,596|[TRACE] graph - -------> nonSkippedChar
2021-11-19T10:23:47,596|[TRACE] script - #out(`I`) [token]
2021-11-19T10:23:47,596|[TRACE] graph - <------- nonSkippedChar
2021-11-19T10:23:47,596|[TRACE] graph - <----- statementPart
2021-11-19T10:23:47,654|[TRACE] graph - -----> statementPart
2021-11-19T10:23:47,654|[TRACE] graph - -------> nonSkippedChar
2021-11-19T10:23:47,654|[TRACE] script - #out(`N`) [token]
2021-11-19T10:23:47,654|[TRACE] graph - <------- nonSkippedChar
2021-11-19T10:23:47,654|[TRACE] graph - <----- statementPart
2021-11-19T10:23:47,654|[TRACE] graph - -----> statementPart
2021-11-19T10:23:47,655|[TRACE] graph - -------> nonSkippedChar
2021-11-19T10:23:47,655|[TRACE] script - #out(`D`) [token]
2021-11-19T10:23:47,655|[TRACE] graph - <------- nonSkippedChar
2021-11-19T10:23:47,655|[TRACE] graph - <----- statementPart
2021-11-19T10:23:47,655|[TRACE] graph - -----> statementPart
2021-11-19T10:23:47,655|[TRACE] graph - -------> nonSkippedChar
2021-11-19T10:23:47,655|[TRACE] script - #out(`E`) [token]
2021-11-19T10:23:47,655|[TRACE] graph - <------- nonSkippedChar
2021-11-19T10:23:47,655|[TRACE] graph - <----- statementPart
2021-11-19T10:23:47,655|[TRACE] graph - -----> statementPart
2021-11-19T10:23:47,655|[TRACE] graph - -------> nonSkippedChar
2021-11-19T10:23:47,655|[TRACE] script - #out(`X`) [token]
2021-11-19T10:23:47,655|[TRACE] graph - <------- nonSkippedChar
2021-11-19T10:23:47,655|[TRACE] graph - <----- statementPart
2021-11-19T10:23:47,655|[TRACE] graph - -----> statementPart
2021-11-19T10:23:47,655|[TRACE] graph - -------> nonSkippedSpace
2021-11-19T10:23:47,655|[TRACE] script - #out(` `) [token]
2021-11-19T10:23:47,655|[TRACE] graph - <------- nonSkippedSpace
2021-11-19T10:23:47,655|[TRACE] graph - <----- statementPart
2021-11-19T10:23:47,655|[TRACE] graph - -----> statementPart
2021-11-19T10:23:47,655|[TRACE] graph - -------> quotedString
2021-11-19T10:23:47,655|[TRACE] script - #out(``fk_contact_person1_idx``) [token]
2021-11-19T10:23:47,655|[TRACE] graph - <------- quotedString
2021-11-19T10:23:47,655|[TRACE] graph - <----- statementPart
2021-11-19T10:23:47,655|[TRACE] graph - -----> statementPart
2021-11-19T10:23:47,655|[TRACE] graph - -------> nonSkippedSpace
2021-11-19T10:23:47,655|[TRACE] script - #out(` `) [token]
2021-11-19T10:23:47,655|[TRACE] graph - <------- nonSkippedSpace
2021-11-19T10:23:47,655|[TRACE] graph - <----- statementPart
2021-11-19T10:23:47,655|[TRACE] graph - -----> statementPart
2021-11-19T10:23:47,655|[TRACE] graph - -------> nonSkippedChar
2021-11-19T10:23:47,655|[TRACE] script - #out(`(`) [token]
2021-11-19T10:23:47,655|[TRACE] graph - <------- nonSkippedChar
2021-11-19T10:23:47,655|[TRACE] graph - <----- statementPart
2021-11-19T10:23:47,655|[TRACE] graph - -----> statementPart
2021-11-19T10:23:47,655|[TRACE] graph - -------> quotedString
2021-11-19T10:23:47,655|[TRACE] script - #out(``person_id``) [token]
2021-11-19T10:23:47,655|[TRACE] graph - <------- quotedString
2021-11-19T10:23:47,655|[TRACE] graph - <----- statementPart
2021-11-19T10:23:47,655|[TRACE] graph - -----> statementPart
2021-11-19T10:23:47,655|[TRACE] graph - -------> nonSkippedSpace
2021-11-19T10:23:47,655|[TRACE] script - #out(` `) [token]
2021-11-19T10:23:47,655|[TRACE] graph - <------- nonSkippedSpace
2021-11-19T10:23:47,655|[TRACE] graph - <----- statementPart
2021-11-19T10:23:47,655|[TRACE] graph - -----> statementPart
2021-11-19T10:23:47,655|[TRACE] graph - -------> nonSkippedChar
2021-11-19T10:23:47,655|[TRACE] script - #out(`A`) [token]
2021-11-19T10:23:47,655|[TRACE] graph - <------- nonSkippedChar
2021-11-19T10:23:47,655|[TRACE] graph - <----- statementPart
2021-11-19T10:23:47,655|[TRACE] graph - -----> statementPart
2021-11-19T10:23:47,655|[TRACE] graph - -------> nonSkippedChar
2021-11-19T10:23:47,655|[TRACE] script - #out(`S`) [token]
2021-11-19T10:23:47,655|[TRACE] graph - <------- nonSkippedChar
2021-11-19T10:23:47,655|[TRACE] graph - <----- statementPart
2021-11-19T10:23:47,655|[TRACE] graph - -----> statementPart
2021-11-19T10:23:47,655|[TRACE] graph - -------> nonSkippedChar
2021-11-19T10:23:47,655|[TRACE] script - #out(`C`) [token]
2021-11-19T10:23:47,655|[TRACE] graph - <------- nonSkippedChar
2021-11-19T10:23:47,655|[TRACE] graph - <----- statementPart
2021-11-19T10:23:47,655|[TRACE] graph - -----> statementPart
2021-11-19T10:23:47,655|[TRACE] graph - -------> nonSkippedChar
2021-11-19T10:23:47,655|[TRACE] script - #out(`)`) [token]
2021-11-19T10:23:47,655|[TRACE] graph - <------- nonSkippedChar
2021-11-19T10:23:47,655|[TRACE] graph - <----- statementPart
2021-11-19T10:23:47,655|[TRACE] graph - -----> statementPart
2021-11-19T10:23:47,655|[TRACE] graph - -------> nonSkippedSpace
2021-11-19T10:23:47,655|[TRACE] script - #out(` `) [token]
2021-11-19T10:23:47,655|[TRACE] graph - <------- nonSkippedSpace
2021-11-19T10:23:47,655|[TRACE] graph - <----- statementPart
2021-11-19T10:23:47,655|[TRACE] graph - -----> statementPart
2021-11-19T10:23:47,655|[TRACE] graph - -------> nonSkippedChar
2021-11-19T10:23:47,655|[TRACE] script - #out(`V`) [token]
2021-11-19T10:23:47,655|[TRACE] graph - <------- nonSkippedChar
2021-11-19T10:23:47,655|[TRACE] graph - <----- statementPart
2021-11-19T10:23:47,655|[TRACE] graph - -----> statementPart
2021-11-19T10:23:47,655|[TRACE] graph - -------> nonSkippedChar
2021-11-19T10:23:47,655|[TRACE] script - #out(`I`) [token]
2021-11-19T10:23:47,655|[TRACE] graph - <------- nonSkippedChar
2021-11-19T10:23:47,655|[TRACE] graph - <----- statementPart
2021-11-19T10:23:47,655|[TRACE] graph - -----> statementPart
2021-11-19T10:23:47,655|[TRACE] graph - -------> nonSkippedChar
2021-11-19T10:23:47,655|[TRACE] script - #out(`S`) [token]
2021-11-19T10:23:47,655|[TRACE] graph - <------- nonSkippedChar
2021-11-19T10:23:47,655|[TRACE] graph - <----- statementPart
2021-11-19T10:23:47,655|[TRACE] graph - -----> statementPart
2021-11-19T10:23:47,655|[TRACE] graph - -------> nonSkippedChar
2021-11-19T10:23:47,655|[TRACE] script - #out(`I`) [token]
2021-11-19T10:23:47,655|[TRACE] graph - <------- nonSkippedChar
2021-11-19T10:23:47,655|[TRACE] graph - <----- statementPart
2021-11-19T10:23:47,655|[TRACE] graph - -----> statementPart
2021-11-19T10:23:47,655|[TRACE] graph - -------> nonSkippedChar
2021-11-19T10:23:47,655|[TRACE] script - #out(`B`) [token]
2021-11-19T10:23:47,655|[TRACE] graph - <------- nonSkippedChar
2021-11-19T10:23:47,655|[TRACE] graph - <----- statementPart
2021-11-19T10:23:47,655|[TRACE] graph - -----> statementPart
2021-11-19T10:23:47,655|[TRACE] graph - -------> nonSkippedChar
2021-11-19T10:23:47,655|[TRACE] script - #out(`L`) [token]
2021-11-19T10:23:47,655|[TRACE] graph - <------- nonSkippedChar
2021-11-19T10:23:47,655|[TRACE] graph - <----- statementPart
2021-11-19T10:23:47,655|[TRACE] graph - -----> statementPart
2021-11-19T10:23:47,655|[TRACE] graph - -------> nonSkippedChar
2021-11-19T10:23:47,655|[TRACE] script - #out(`E`) [token]
2021-11-19T10:23:47,655|[TRACE] graph - <------- nonSkippedChar
2021-11-19T10:23:47,655|[TRACE] graph - <----- statementPart
2021-11-19T10:23:47,655|[TRACE] graph - -----> statementPart
2021-11-19T10:23:47,655|[TRACE] graph - -------> nonSkippedChar
2021-11-19T10:23:47,655|[TRACE] script - #out(`,`) [token]
2021-11-19T10:23:47,655|[TRACE] graph - <------- nonSkippedChar
2021-11-19T10:23:47,655|[TRACE] graph - <----- statementPart
2021-11-19T10:23:47,655|[TRACE] graph - -----> afterStatementPartNewline
2021-11-19T10:23:47,655|[TRACE] script - #out(` `) [text]
2021-11-19T10:23:47,655|[TRACE] graph - <----- afterStatementPartNewline
2021-11-19T10:23:47,655|[TRACE] graph - -----> statementPart
2021-11-19T10:23:47,655|[TRACE] graph - -------> nonSkippedSpace
2021-11-19T10:23:47,655|[TRACE] script - #out(` `) [token]
2021-11-19T10:23:47,655|[TRACE] graph - <------- nonSkippedSpace
2021-11-19T10:23:47,655|[TRACE] graph - <----- statementPart
2021-11-19T10:23:47,655|[TRACE] graph - -----> statementPart
2021-11-19T10:23:47,655|[TRACE] graph - -------> nonSkippedSpace
2021-11-19T10:23:47,655|[TRACE] script - #out(` `) [token]
2021-11-19T10:23:47,655|[TRACE] graph - <------- nonSkippedSpace
2021-11-19T10:23:47,655|[TRACE] graph - <----- statementPart
2021-11-19T10:23:47,655|[TRACE] graph - -----> statementPart
2021-11-19T10:23:47,655|[TRACE] graph - -------> nonSkippedChar
2021-11-19T10:23:47,655|[TRACE] script - #out(`C`) [token]
2021-11-19T10:23:47,655|[TRACE] graph - <------- nonSkippedChar
2021-11-19T10:23:47,655|[TRACE] graph - <----- statementPart
2021-11-19T10:23:47,655|[TRACE] graph - -----> statementPart
2021-11-19T10:23:47,655|[TRACE] graph - -------> nonSkippedChar
2021-11-19T10:23:47,655|[TRACE] script - #out(`O`) [token]
2021-11-19T10:23:47,655|[TRACE] graph - <------- nonSkippedChar
2021-11-19T10:23:47,655|[TRACE] graph - <----- statementPart
2021-11-19T10:23:47,655|[TRACE] graph - -----> statementPart
2021-11-19T10:23:47,655|[TRACE] graph - -------> nonSkippedChar
2021-11-19T10:23:47,655|[TRACE] script - #out(`N`) [token]
2021-11-19T10:23:47,655|[TRACE] graph - <------- nonSkippedChar
2021-11-19T10:23:47,655|[TRACE] graph - <----- statementPart
2021-11-19T10:23:47,655|[TRACE] graph - -----> statementPart
2021-11-19T10:23:47,655|[TRACE] graph - -------> nonSkippedChar
2021-11-19T10:23:47,655|[TRACE] script - #out(`S`) [token]
2021-11-19T10:23:47,655|[TRACE] graph - <------- nonSkippedChar
2021-11-19T10:23:47,655|[TRACE] graph - <----- statementPart
2021-11-19T10:23:47,655|[TRACE] graph - -----> statementPart
2021-11-19T10:23:47,655|[TRACE] graph - -------> nonSkippedChar
2021-11-19T10:23:47,655|[TRACE] script - #out(`T`) [token]
2021-11-19T10:23:47,655|[TRACE] graph - <------- nonSkippedChar
2021-11-19T10:23:47,655|[TRACE] graph - <----- statementPart
2021-11-19T10:23:47,655|[TRACE] graph - -----> statementPart
2021-11-19T10:23:47,655|[TRACE] graph - -------> nonSkippedChar
2021-11-19T10:23:47,655|[TRACE] script - #out(`R`) [token]
2021-11-19T10:23:47,655|[TRACE] graph - <------- nonSkippedChar
2021-11-19T10:23:47,655|[TRACE] graph - <----- statementPart
2021-11-19T10:23:47,655|[TRACE] graph - -----> statementPart
2021-11-19T10:23:47,655|[TRACE] graph - -------> nonSkippedChar
2021-11-19T10:23:47,655|[TRACE] script - #out(`A`) [token]
2021-11-19T10:23:47,655|[TRACE] graph - <------- nonSkippedChar
2021-11-19T10:23:47,655|[TRACE] graph - <----- statementPart
2021-11-19T10:23:47,655|[TRACE] graph - -----> statementPart
2021-11-19T10:23:47,655|[TRACE] graph - -------> nonSkippedChar
2021-11-19T10:23:47,655|[TRACE] script - #out(`I`) [token]
2021-11-19T10:23:47,655|[TRACE] graph - <------- nonSkippedChar
2021-11-19T10:23:47,655|[TRACE] graph - <----- statementPart
2021-11-19T10:23:47,655|[TRACE] graph - -----> statementPart
2021-11-19T10:23:47,655|[TRACE] graph - -------> nonSkippedChar
2021-11-19T10:23:47,655|[TRACE] script - #out(`N`) [token]
2021-11-19T10:23:47,655|[TRACE] graph - <------- nonSkippedChar
2021-11-19T10:23:47,655|[TRACE] graph - <----- statementPart
2021-11-19T10:23:47,655|[TRACE] graph - -----> statementPart
2021-11-19T10:23:47,655|[TRACE] graph - -------> nonSkippedChar
2021-11-19T10:23:47,655|[TRACE] script - #out(`T`) [token]
2021-11-19T10:23:47,655|[TRACE] graph - <------- nonSkippedChar
2021-11-19T10:23:47,655|[TRACE] graph - <----- statementPart
2021-11-19T10:23:47,655|[TRACE] graph - -----> statementPart
2021-11-19T10:23:47,655|[TRACE] graph - -------> nonSkippedSpace
2021-11-19T10:23:47,655|[TRACE] script - #out(` `) [token]
2021-11-19T10:23:47,655|[TRACE] graph - <------- nonSkippedSpace
2021-11-19T10:23:47,655|[TRACE] graph - <----- statementPart
2021-11-19T10:23:47,655|[TRACE] graph - -----> statementPart
2021-11-19T10:23:47,655|[TRACE] graph - -------> quotedString
2021-11-19T10:23:47,655|[TRACE] script - #out(``fk_contact_address1``) [token]
2021-11-19T10:23:47,655|[TRACE] graph - <------- quotedString
2021-11-19T10:23:47,655|[TRACE] graph - <----- statementPart
2021-11-19T10:23:47,655|[TRACE] graph - -----> afterStatementPartNewline
2021-11-19T10:23:47,655|[TRACE] script - #out(` `) [text]
2021-11-19T10:23:47,655|[TRACE] graph - <----- afterStatementPartNewline
2021-11-19T10:23:47,655|[TRACE] graph - -----> statementPart
2021-11-19T10:23:47,655|[TRACE] graph - -------> nonSkippedSpace
2021-11-19T10:23:47,655|[TRACE] script - #out(` `) [token]
2021-11-19T10:23:47,655|[TRACE] graph - <------- nonSkippedSpace
2021-11-19T10:23:47,655|[TRACE] graph - <----- statementPart
2021-11-19T10:23:47,655|[TRACE] graph - -----> statementPart
2021-11-19T10:23:47,655|[TRACE] graph - -------> nonSkippedSpace
2021-11-19T10:23:47,655|[TRACE] script - #out(` `) [token]
2021-11-19T10:23:47,655|[TRACE] graph - <------- nonSkippedSpace
2021-11-19T10:23:47,655|[TRACE] graph - <----- statementPart
2021-11-19T10:23:47,655|[TRACE] graph - -----> statementPart
2021-11-19T10:23:47,655|[TRACE] graph - -------> nonSkippedSpace
2021-11-19T10:23:47,655|[TRACE] script - #out(` `) [token]
2021-11-19T10:23:47,655|[TRACE] graph - <------- nonSkippedSpace
2021-11-19T10:23:47,655|[TRACE] graph - <----- statementPart
2021-11-19T10:23:47,655|[TRACE] graph - -----> statementPart
2021-11-19T10:23:47,655|[TRACE] graph - -------> nonSkippedSpace
2021-11-19T10:23:47,655|[TRACE] script - #out(` `) [token]
2021-11-19T10:23:47,655|[TRACE] graph - <------- nonSkippedSpace
2021-11-19T10:23:47,655|[TRACE] graph - <----- statementPart
2021-11-19T10:23:47,655|[TRACE] graph - -----> statementPart
2021-11-19T10:23:47,655|[TRACE] graph - -------> nonSkippedChar
2021-11-19T10:23:47,655|[TRACE] script - #out(`F`) [token]
2021-11-19T10:23:47,655|[TRACE] graph - <------- nonSkippedChar
2021-11-19T10:23:47,655|[TRACE] graph - <----- statementPart
2021-11-19T10:23:47,655|[TRACE] graph - -----> statementPart
2021-11-19T10:23:47,655|[TRACE] graph - -------> nonSkippedChar
2021-11-19T10:23:47,655|[TRACE] script - #out(`O`) [token]
2021-11-19T10:23:47,655|[TRACE] graph - <------- nonSkippedChar
2021-11-19T10:23:47,655|[TRACE] graph - <----- statementPart
2021-11-19T10:23:47,655|[TRACE] graph - -----> statementPart
2021-11-19T10:23:47,655|[TRACE] graph - -------> nonSkippedChar
2021-11-19T10:23:47,655|[TRACE] script - #out(`R`) [token]
2021-11-19T10:23:47,655|[TRACE] graph - <------- nonSkippedChar
2021-11-19T10:23:47,655|[TRACE] graph - <----- statementPart
2021-11-19T10:23:47,655|[TRACE] graph - -----> statementPart
2021-11-19T10:23:47,655|[TRACE] graph - -------> nonSkippedChar
2021-11-19T10:23:47,655|[TRACE] script - #out(`E`) [token]
2021-11-19T10:23:47,655|[TRACE] graph - <------- nonSkippedChar
2021-11-19T10:23:47,655|[TRACE] graph - <----- statementPart
2021-11-19T10:23:47,655|[TRACE] graph - -----> statementPart
2021-11-19T10:23:47,655|[TRACE] graph - -------> nonSkippedChar
2021-11-19T10:23:47,655|[TRACE] script - #out(`I`) [token]
2021-11-19T10:23:47,655|[TRACE] graph - <------- nonSkippedChar
2021-11-19T10:23:47,655|[TRACE] graph - <----- statementPart
2021-11-19T10:23:47,655|[TRACE] graph - -----> statementPart
2021-11-19T10:23:47,655|[TRACE] graph - -------> nonSkippedChar
2021-11-19T10:23:47,655|[TRACE] script - #out(`G`) [token]
2021-11-19T10:23:47,655|[TRACE] graph - <------- nonSkippedChar
2021-11-19T10:23:47,655|[TRACE] graph - <----- statementPart
2021-11-19T10:23:47,655|[TRACE] graph - -----> statementPart
2021-11-19T10:23:47,655|[TRACE] graph - -------> nonSkippedChar
2021-11-19T10:23:47,655|[TRACE] script - #out(`N`) [token]
2021-11-19T10:23:47,655|[TRACE] graph - <------- nonSkippedChar
2021-11-19T10:23:47,655|[TRACE] graph - <----- statementPart
2021-11-19T10:23:47,655|[TRACE] graph - -----> statementPart
2021-11-19T10:23:47,655|[TRACE] graph - -------> nonSkippedSpace
2021-11-19T10:23:47,655|[TRACE] script - #out(` `) [token]
2021-11-19T10:23:47,655|[TRACE] graph - <------- nonSkippedSpace
2021-11-19T10:23:47,655|[TRACE] graph - <----- statementPart
2021-11-19T10:23:47,655|[TRACE] graph - -----> statementPart
2021-11-19T10:23:47,655|[TRACE] graph - -------> nonSkippedChar
2021-11-19T10:23:47,655|[TRACE] script - #out(`K`) [token]
2021-11-19T10:23:47,655|[TRACE] graph - <------- nonSkippedChar
2021-11-19T10:23:47,655|[TRACE] graph - <----- statementPart
2021-11-19T10:23:47,655|[TRACE] graph - -----> statementPart
2021-11-19T10:23:47,655|[TRACE] graph - -------> nonSkippedChar
2021-11-19T10:23:47,655|[TRACE] script - #out(`E`) [token]
2021-11-19T10:23:47,655|[TRACE] graph - <------- nonSkippedChar
2021-11-19T10:23:47,655|[TRACE] graph - <----- statementPart
2021-11-19T10:23:47,655|[TRACE] graph - -----> statementPart
2021-11-19T10:23:47,655|[TRACE] graph - -------> nonSkippedChar
2021-11-19T10:23:47,655|[TRACE] script - #out(`Y`) [token]
2021-11-19T10:23:47,655|[TRACE] graph - <------- nonSkippedChar
2021-11-19T10:23:47,655|[TRACE] graph - <----- statementPart
2021-11-19T10:23:47,655|[TRACE] graph - -----> statementPart
2021-11-19T10:23:47,655|[TRACE] graph - -------> nonSkippedSpace
2021-11-19T10:23:47,655|[TRACE] script - #out(` `) [token]
2021-11-19T10:23:47,655|[TRACE] graph - <------- nonSkippedSpace
2021-11-19T10:23:47,655|[TRACE] graph - <----- statementPart
2021-11-19T10:23:47,655|[TRACE] graph - -----> statementPart
2021-11-19T10:23:47,655|[TRACE] graph - -------> nonSkippedChar
2021-11-19T10:23:47,655|[TRACE] script - #out(`(`) [token]
2021-11-19T10:23:47,655|[TRACE] graph - <------- nonSkippedChar
2021-11-19T10:23:47,655|[TRACE] graph - <----- statementPart
2021-11-19T10:23:47,655|[TRACE] graph - -----> statementPart
2021-11-19T10:23:47,655|[TRACE] graph - -------> quotedString
2021-11-19T10:23:47,655|[TRACE] script - #out(``address_id``) [token]
2021-11-19T10:23:47,655|[TRACE] graph - <------- quotedString
2021-11-19T10:23:47,655|[TRACE] graph - <----- statementPart
2021-11-19T10:23:47,655|[TRACE] graph - -----> statementPart
2021-11-19T10:23:47,655|[TRACE] graph - -------> nonSkippedChar
2021-11-19T10:23:47,655|[TRACE] script - #out(`)`) [token]
2021-11-19T10:23:47,655|[TRACE] graph - <------- nonSkippedChar
2021-11-19T10:23:47,655|[TRACE] graph - <----- statementPart
2021-11-19T10:23:47,655|[TRACE] graph - -----> afterStatementPartNewline
2021-11-19T10:23:47,655|[TRACE] script - #out(` `) [text]
2021-11-19T10:23:47,655|[TRACE] graph - <----- afterStatementPartNewline
2021-11-19T10:23:47,655|[TRACE] graph - -----> statementPart
2021-11-19T10:23:47,655|[TRACE] graph - -------> nonSkippedSpace
2021-11-19T10:23:47,655|[TRACE] script - #out(` `) [token]
2021-11-19T10:23:47,655|[TRACE] graph - <------- nonSkippedSpace
2021-11-19T10:23:47,655|[TRACE] graph - <----- statementPart
2021-11-19T10:23:47,655|[TRACE] graph - -----> statementPart
2021-11-19T10:23:47,655|[TRACE] graph - -------> nonSkippedSpace
2021-11-19T10:23:47,655|[TRACE] script - #out(` `) [token]
2021-11-19T10:23:47,655|[TRACE] graph - <------- nonSkippedSpace
2021-11-19T10:23:47,655|[TRACE] graph - <----- statementPart
2021-11-19T10:23:47,655|[TRACE] graph - -----> statementPart
2021-11-19T10:23:47,655|[TRACE] graph - -------> nonSkippedSpace
2021-11-19T10:23:47,655|[TRACE] script - #out(` `) [token]
2021-11-19T10:23:47,656|[TRACE] graph - <------- nonSkippedSpace
2021-11-19T10:23:47,656|[TRACE] graph - <----- statementPart
2021-11-19T10:23:47,656|[TRACE] graph - -----> statementPart
2021-11-19T10:23:47,656|[TRACE] graph - -------> nonSkippedSpace
2021-11-19T10:23:47,656|[TRACE] script - #out(` `) [token]
2021-11-19T10:23:47,656|[TRACE] graph - <------- nonSkippedSpace
2021-11-19T10:23:47,656|[TRACE] graph - <----- statementPart
2021-11-19T10:23:47,656|[TRACE] graph - -----> statementPart
2021-11-19T10:23:47,656|[TRACE] graph - -------> nonSkippedChar
2021-11-19T10:23:47,656|[TRACE] script - #out(`R`) [token]
2021-11-19T10:23:47,656|[TRACE] graph - <------- nonSkippedChar
2021-11-19T10:23:47,656|[TRACE] graph - <----- statementPart
2021-11-19T10:23:47,656|[TRACE] graph - -----> statementPart
2021-11-19T10:23:47,656|[TRACE] graph - -------> nonSkippedChar
2021-11-19T10:23:47,656|[TRACE] script - #out(`E`) [token]
2021-11-19T10:23:47,656|[TRACE] graph - <------- nonSkippedChar
2021-11-19T10:23:47,656|[TRACE] graph - <----- statementPart
2021-11-19T10:23:47,656|[TRACE] graph - -----> statementPart
2021-11-19T10:23:47,656|[TRACE] graph - -------> nonSkippedChar
2021-11-19T10:23:47,656|[TRACE] script - #out(`F`) [token]
2021-11-19T10:23:47,656|[TRACE] graph - <------- nonSkippedChar
2021-11-19T10:23:47,656|[TRACE] graph - <----- statementPart
2021-11-19T10:23:47,656|[TRACE] graph - -----> statementPart
2021-11-19T10:23:47,656|[TRACE] graph - -------> nonSkippedChar
2021-11-19T10:23:47,656|[TRACE] script - #out(`E`) [token]
2021-11-19T10:23:47,656|[TRACE] graph - <------- nonSkippedChar
2021-11-19T10:23:47,656|[TRACE] graph - <----- statementPart
2021-11-19T10:23:47,656|[TRACE] graph - -----> statementPart
2021-11-19T10:23:47,656|[TRACE] graph - -------> nonSkippedChar
2021-11-19T10:23:47,656|[TRACE] script - #out(`R`) [token]
2021-11-19T10:23:47,656|[TRACE] graph - <------- nonSkippedChar
2021-11-19T10:23:47,656|[TRACE] graph - <----- statementPart
2021-11-19T10:23:47,656|[TRACE] graph - -----> statementPart
2021-11-19T10:23:47,656|[TRACE] graph - -------> nonSkippedChar
2021-11-19T10:23:47,656|[TRACE] script - #out(`E`) [token]
2021-11-19T10:23:47,656|[TRACE] graph - <------- nonSkippedChar
2021-11-19T10:23:47,656|[TRACE] graph - <----- statementPart
2021-11-19T10:23:47,656|[TRACE] graph - -----> statementPart
2021-11-19T10:23:47,656|[TRACE] graph - -------> nonSkippedChar
2021-11-19T10:23:47,656|[TRACE] script - #out(`N`) [token]
2021-11-19T10:23:47,656|[TRACE] graph - <------- nonSkippedChar
2021-11-19T10:23:47,656|[TRACE] graph - <----- statementPart
2021-11-19T10:23:47,656|[TRACE] graph - -----> statementPart
2021-11-19T10:23:47,656|[TRACE] graph - -------> nonSkippedChar
2021-11-19T10:23:47,656|[TRACE] script - #out(`C`) [token]
2021-11-19T10:23:47,656|[TRACE] graph - <------- nonSkippedChar
2021-11-19T10:23:47,656|[TRACE] graph - <----- statementPart
2021-11-19T10:23:47,656|[TRACE] graph - -----> statementPart
2021-11-19T10:23:47,656|[TRACE] graph - -------> nonSkippedChar
2021-11-19T10:23:47,656|[TRACE] script - #out(`E`) [token]
2021-11-19T10:23:47,656|[TRACE] graph - <------- nonSkippedChar
2021-11-19T10:23:47,656|[TRACE] graph - <----- statementPart
2021-11-19T10:23:47,656|[TRACE] graph - -----> statementPart
2021-11-19T10:23:47,656|[TRACE] graph - -------> nonSkippedChar
2021-11-19T10:23:47,656|[TRACE] script - #out(`S`) [token]
2021-11-19T10:23:47,656|[TRACE] graph - <------- nonSkippedChar
2021-11-19T10:23:47,656|[TRACE] graph - <----- statementPart
2021-11-19T10:23:47,656|[TRACE] graph - -----> statementPart
2021-11-19T10:23:47,656|[TRACE] graph - -------> nonSkippedSpace
2021-11-19T10:23:47,656|[TRACE] script - #out(` `) [token]
2021-11-19T10:23:47,656|[TRACE] graph - <------- nonSkippedSpace
2021-11-19T10:23:47,656|[TRACE] graph - <----- statementPart
2021-11-19T10:23:47,656|[TRACE] graph - -----> statementPart
2021-11-19T10:23:47,656|[TRACE] graph - -------> quotedString
2021-11-19T10:23:47,656|[TRACE] script - #out(``bloodbank``) [token]
2021-11-19T10:23:47,656|[TRACE] graph - <------- quotedString
2021-11-19T10:23:47,656|[TRACE] graph - <----- statementPart
2021-11-19T10:23:47,656|[TRACE] graph - -----> statementPart
2021-11-19T10:23:47,656|[TRACE] graph - -------> nonSkippedChar
2021-11-19T10:23:47,656|[TRACE] script - #out(`.`) [token]
2021-11-19T10:23:47,656|[TRACE] graph - <------- nonSkippedChar
2021-11-19T10:23:47,656|[TRACE] graph - <----- statementPart
2021-11-19T10:23:47,656|[TRACE] graph - -----> statementPart
2021-11-19T10:23:47,656|[TRACE] graph - -------> quotedString
2021-11-19T10:23:47,656|[TRACE] script - #out(``address``) [token]
2021-11-19T10:23:47,656|[TRACE] graph - <------- quotedString
2021-11-19T10:23:47,656|[TRACE] graph - <----- statementPart
2021-11-19T10:23:47,656|[TRACE] graph - -----> statementPart
2021-11-19T10:23:47,656|[TRACE] graph - -------> nonSkippedSpace
2021-11-19T10:23:47,656|[TRACE] script - #out(` `) [token]
2021-11-19T10:23:47,656|[TRACE] graph - <------- nonSkippedSpace
2021-11-19T10:23:47,656|[TRACE] graph - <----- statementPart
2021-11-19T10:23:47,656|[TRACE] graph - -----> statementPart
2021-11-19T10:23:47,656|[TRACE] graph - -------> nonSkippedChar
2021-11-19T10:23:47,656|[TRACE] script - #out(`(`) [token]
2021-11-19T10:23:47,656|[TRACE] graph - <------- nonSkippedChar
2021-11-19T10:23:47,656|[TRACE] graph - <----- statementPart
2021-11-19T10:23:47,656|[TRACE] graph - -----> statementPart
2021-11-19T10:23:47,656|[TRACE] graph - -------> quotedString
2021-11-19T10:23:47,656|[TRACE] script - #out(``address_id``) [token]
2021-11-19T10:23:47,656|[TRACE] graph - <------- quotedString
2021-11-19T10:23:47,656|[TRACE] graph - <----- statementPart
2021-11-19T10:23:47,656|[TRACE] graph - -----> statementPart
2021-11-19T10:23:47,656|[TRACE] graph - -------> nonSkippedChar
2021-11-19T10:23:47,656|[TRACE] script - #out(`)`) [token]
2021-11-19T10:23:47,656|[TRACE] graph - <------- nonSkippedChar
2021-11-19T10:23:47,656|[TRACE] graph - <----- statementPart
2021-11-19T10:23:47,656|[TRACE] graph - -----> afterStatementPartNewline
2021-11-19T10:23:47,656|[TRACE] script - #out(` `) [text]
2021-11-19T10:23:47,656|[TRACE] graph - <----- afterStatementPartNewline
2021-11-19T10:23:47,656|[TRACE] graph - -----> statementPart
2021-11-19T10:23:47,656|[TRACE] graph - -------> nonSkippedSpace
2021-11-19T10:23:47,656|[TRACE] script - #out(` `) [token]
2021-11-19T10:23:47,656|[TRACE] graph - <------- nonSkippedSpace
2021-11-19T10:23:47,656|[TRACE] graph - <----- statementPart
2021-11-19T10:23:47,656|[TRACE] graph - -----> statementPart
2021-11-19T10:23:47,656|[TRACE] graph - -------> nonSkippedSpace
2021-11-19T10:23:47,656|[TRACE] script - #out(` `) [token]
2021-11-19T10:23:47,656|[TRACE] graph - <------- nonSkippedSpace
2021-11-19T10:23:47,656|[TRACE] graph - <----- statementPart
2021-11-19T10:23:47,656|[TRACE] graph - -----> statementPart
2021-11-19T10:23:47,656|[TRACE] graph - -------> nonSkippedSpace
2021-11-19T10:23:47,656|[TRACE] script - #out(` `) [token]
2021-11-19T10:23:47,656|[TRACE] graph - <------- nonSkippedSpace
2021-11-19T10:23:47,656|[TRACE] graph - <----- statementPart
2021-11-19T10:23:47,656|[TRACE] graph - -----> statementPart
2021-11-19T10:23:47,656|[TRACE] graph - -------> nonSkippedSpace
2021-11-19T10:23:47,656|[TRACE] script - #out(` `) [token]
2021-11-19T10:23:47,656|[TRACE] graph - <------- nonSkippedSpace
2021-11-19T10:23:47,656|[TRACE] graph - <----- statementPart
2021-11-19T10:23:47,656|[TRACE] graph - -----> statementPart
2021-11-19T10:23:47,656|[TRACE] graph - -------> nonSkippedChar
2021-11-19T10:23:47,656|[TRACE] script - #out(`O`) [token]
2021-11-19T10:23:47,656|[TRACE] graph - <------- nonSkippedChar
2021-11-19T10:23:47,656|[TRACE] graph - <----- statementPart
2021-11-19T10:23:47,656|[TRACE] graph - -----> statementPart
2021-11-19T10:23:47,656|[TRACE] graph - -------> nonSkippedChar
2021-11-19T10:23:47,656|[TRACE] script - #out(`N`) [token]
2021-11-19T10:23:47,656|[TRACE] graph - <------- nonSkippedChar
2021-11-19T10:23:47,656|[TRACE] graph - <----- statementPart
2021-11-19T10:23:47,656|[TRACE] graph - -----> statementPart
2021-11-19T10:23:47,656|[TRACE] graph - -------> nonSkippedSpace
2021-11-19T10:23:47,656|[TRACE] script - #out(` `) [token]
2021-11-19T10:23:47,656|[TRACE] graph - <------- nonSkippedSpace
2021-11-19T10:23:47,656|[TRACE] graph - <----- statementPart
2021-11-19T10:23:47,656|[TRACE] graph - -----> statementPart
2021-11-19T10:23:47,656|[TRACE] graph - -------> nonSkippedChar
2021-11-19T10:23:47,656|[TRACE] script - #out(`D`) [token]
2021-11-19T10:23:47,656|[TRACE] graph - <------- nonSkippedChar
2021-11-19T10:23:47,656|[TRACE] graph - <----- statementPart
2021-11-19T10:23:47,656|[TRACE] graph - -----> statementPart
2021-11-19T10:23:47,656|[TRACE] graph - -------> nonSkippedChar
2021-11-19T10:23:47,656|[TRACE] script - #out(`E`) [token]
2021-11-19T10:23:47,656|[TRACE] graph - <------- nonSkippedChar
2021-11-19T10:23:47,656|[TRACE] graph - <----- statementPart
2021-11-19T10:23:47,656|[TRACE] graph - -----> statementPart
2021-11-19T10:23:47,656|[TRACE] graph - -------> nonSkippedChar
2021-11-19T10:23:47,656|[TRACE] script - #out(`L`) [token]
2021-11-19T10:23:47,656|[TRACE] graph - <------- nonSkippedChar
2021-11-19T10:23:47,656|[TRACE] graph - <----- statementPart
2021-11-19T10:23:47,656|[TRACE] graph - -----> statementPart
2021-11-19T10:23:47,656|[TRACE] graph - -------> nonSkippedChar
2021-11-19T10:23:47,656|[TRACE] script - #out(`E`) [token]
2021-11-19T10:23:47,656|[TRACE] graph - <------- nonSkippedChar
2021-11-19T10:23:47,656|[TRACE] graph - <----- statementPart
2021-11-19T10:23:47,656|[TRACE] graph - -----> statementPart
2021-11-19T10:23:47,656|[TRACE] graph - -------> nonSkippedChar
2021-11-19T10:23:47,656|[TRACE] script - #out(`T`) [token]
2021-11-19T10:23:47,656|[TRACE] graph - <------- nonSkippedChar
2021-11-19T10:23:47,656|[TRACE] graph - <----- statementPart
2021-11-19T10:23:47,656|[TRACE] graph - -----> statementPart
2021-11-19T10:23:47,656|[TRACE] graph - -------> nonSkippedChar
2021-11-19T10:23:47,718|[TRACE] script - #out(`E`) [token]
2021-11-19T10:23:47,718|[TRACE] graph - <------- nonSkippedChar
2021-11-19T10:23:47,718|[TRACE] graph - <----- statementPart
2021-11-19T10:23:47,718|[TRACE] graph - -----> statementPart
2021-11-19T10:23:47,718|[TRACE] graph - -------> nonSkippedSpace
2021-11-19T10:23:47,718|[TRACE] script - #out(` `) [token]
2021-11-19T10:23:47,718|[TRACE] graph - <------- nonSkippedSpace
2021-11-19T10:23:47,718|[TRACE] graph - <----- statementPart
2021-11-19T10:23:47,718|[TRACE] graph - -----> statementPart
2021-11-19T10:23:47,718|[TRACE] graph - -------> nonSkippedChar
2021-11-19T10:23:47,718|[TRACE] script - #out(`N`) [token]
2021-11-19T10:23:47,718|[TRACE] graph - <------- nonSkippedChar
2021-11-19T10:23:47,718|[TRACE] graph - <----- statementPart
2021-11-19T10:23:47,718|[TRACE] graph - -----> statementPart
2021-11-19T10:23:47,718|[TRACE] graph - -------> nonSkippedChar
2021-11-19T10:23:47,718|[TRACE] script - #out(`O`) [token]
2021-11-19T10:23:47,718|[TRACE] graph - <------- nonSkippedChar
2021-11-19T10:23:47,718|[TRACE] graph - <----- statementPart
2021-11-19T10:23:47,718|[TRACE] graph - -----> statementPart
2021-11-19T10:23:47,718|[TRACE] graph - -------> nonSkippedSpace
2021-11-19T10:23:47,718|[TRACE] script - #out(` `) [token]
2021-11-19T10:23:47,718|[TRACE] graph - <------- nonSkippedSpace
2021-11-19T10:23:47,718|[TRACE] graph - <----- statementPart
2021-11-19T10:23:47,718|[TRACE] graph - -----> statementPart
2021-11-19T10:23:47,718|[TRACE] graph - -------> nonSkippedChar
2021-11-19T10:23:47,718|[TRACE] script - #out(`A`) [token]
2021-11-19T10:23:47,718|[TRACE] graph - <------- nonSkippedChar
2021-11-19T10:23:47,718|[TRACE] graph - <----- statementPart
2021-11-19T10:23:47,718|[TRACE] graph - -----> statementPart
2021-11-19T10:23:47,718|[TRACE] graph - -------> nonSkippedChar
2021-11-19T10:23:47,718|[TRACE] script - #out(`C`) [token]
2021-11-19T10:23:47,718|[TRACE] graph - <------- nonSkippedChar
2021-11-19T10:23:47,718|[TRACE] graph - <----- statementPart
2021-11-19T10:23:47,718|[TRACE] graph - -----> statementPart
2021-11-19T10:23:47,718|[TRACE] graph - -------> nonSkippedChar
2021-11-19T10:23:47,718|[TRACE] script - #out(`T`) [token]
2021-11-19T10:23:47,718|[TRACE] graph - <------- nonSkippedChar
2021-11-19T10:23:47,718|[TRACE] graph - <----- statementPart
2021-11-19T10:23:47,718|[TRACE] graph - -----> statementPart
2021-11-19T10:23:47,718|[TRACE] graph - -------> nonSkippedChar
2021-11-19T10:23:47,718|[TRACE] script - #out(`I`) [token]
2021-11-19T10:23:47,718|[TRACE] graph - <------- nonSkippedChar
2021-11-19T10:23:47,718|[TRACE] graph - <----- statementPart
2021-11-19T10:23:47,718|[TRACE] graph - -----> statementPart
2021-11-19T10:23:47,718|[TRACE] graph - -------> nonSkippedChar
2021-11-19T10:23:47,718|[TRACE] script - #out(`O`) [token]
2021-11-19T10:23:47,718|[TRACE] graph - <------- nonSkippedChar
2021-11-19T10:23:47,718|[TRACE] graph - <----- statementPart
2021-11-19T10:23:47,718|[TRACE] graph - -----> statementPart
2021-11-19T10:23:47,718|[TRACE] graph - -------> nonSkippedChar
2021-11-19T10:23:47,718|[TRACE] script - #out(`N`) [token]
2021-11-19T10:23:47,718|[TRACE] graph - <------- nonSkippedChar
2021-11-19T10:23:47,718|[TRACE] graph - <----- statementPart
2021-11-19T10:23:47,718|[TRACE] graph - -----> afterStatementPartNewline
2021-11-19T10:23:47,718|[TRACE] script - #out(` `) [text]
2021-11-19T10:23:47,718|[TRACE] graph - <----- afterStatementPartNewline
2021-11-19T10:23:47,718|[TRACE] graph - -----> statementPart
2021-11-19T10:23:47,718|[TRACE] graph - -------> nonSkippedSpace
2021-11-19T10:23:47,718|[TRACE] script - #out(` `) [token]
2021-11-19T10:23:47,718|[TRACE] graph - <------- nonSkippedSpace
2021-11-19T10:23:47,718|[TRACE] graph - <----- statementPart
2021-11-19T10:23:47,718|[TRACE] graph - -----> statementPart
2021-11-19T10:23:47,718|[TRACE] graph - -------> nonSkippedSpace
2021-11-19T10:23:47,718|[TRACE] script - #out(` `) [token]
2021-11-19T10:23:47,718|[TRACE] graph - <------- nonSkippedSpace
2021-11-19T10:23:47,718|[TRACE] graph - <----- statementPart
2021-11-19T10:23:47,718|[TRACE] graph - -----> statementPart
2021-11-19T10:23:47,718|[TRACE] graph - -------> nonSkippedSpace
2021-11-19T10:23:47,718|[TRACE] script - #out(` `) [token]
2021-11-19T10:23:47,718|[TRACE] graph - <------- nonSkippedSpace
2021-11-19T10:23:47,718|[TRACE] graph - <----- statementPart
2021-11-19T10:23:47,718|[TRACE] graph - -----> statementPart
2021-11-19T10:23:47,718|[TRACE] graph - -------> nonSkippedSpace
2021-11-19T10:23:47,718|[TRACE] script - #out(` `) [token]
2021-11-19T10:23:47,718|[TRACE] graph - <------- nonSkippedSpace
2021-11-19T10:23:47,718|[TRACE] graph - <----- statementPart
2021-11-19T10:23:47,718|[TRACE] graph - -----> statementPart
2021-11-19T10:23:47,718|[TRACE] graph - -------> nonSkippedChar
2021-11-19T10:23:47,718|[TRACE] script - #out(`O`) [token]
2021-11-19T10:23:47,718|[TRACE] graph - <------- nonSkippedChar
2021-11-19T10:23:47,718|[TRACE] graph - <----- statementPart
2021-11-19T10:23:47,718|[TRACE] graph - -----> statementPart
2021-11-19T10:23:47,718|[TRACE] graph - -------> nonSkippedChar
2021-11-19T10:23:47,718|[TRACE] script - #out(`N`) [token]
2021-11-19T10:23:47,718|[TRACE] graph - <------- nonSkippedChar
2021-11-19T10:23:47,718|[TRACE] graph - <----- statementPart
2021-11-19T10:23:47,718|[TRACE] graph - -----> statementPart
2021-11-19T10:23:47,718|[TRACE] graph - -------> nonSkippedSpace
2021-11-19T10:23:47,718|[TRACE] script - #out(` `) [token]
2021-11-19T10:23:47,718|[TRACE] graph - <------- nonSkippedSpace
2021-11-19T10:23:47,718|[TRACE] graph - <----- statementPart
2021-11-19T10:23:47,718|[TRACE] graph - -----> statementPart
2021-11-19T10:23:47,718|[TRACE] graph - -------> nonSkippedChar
2021-11-19T10:23:47,718|[TRACE] script - #out(`U`) [token]
2021-11-19T10:23:47,718|[TRACE] graph - <------- nonSkippedChar
2021-11-19T10:23:47,718|[TRACE] graph - <----- statementPart
2021-11-19T10:23:47,718|[TRACE] graph - -----> statementPart
2021-11-19T10:23:47,718|[TRACE] graph - -------> nonSkippedChar
2021-11-19T10:23:47,718|[TRACE] script - #out(`P`) [token]
2021-11-19T10:23:47,718|[TRACE] graph - <------- nonSkippedChar
2021-11-19T10:23:47,718|[TRACE] graph - <----- statementPart
2021-11-19T10:23:47,718|[TRACE] graph - -----> statementPart
2021-11-19T10:23:47,718|[TRACE] graph - -------> nonSkippedChar
2021-11-19T10:23:47,718|[TRACE] script - #out(`D`) [token]
2021-11-19T10:23:47,718|[TRACE] graph - <------- nonSkippedChar
2021-11-19T10:23:47,718|[TRACE] graph - <----- statementPart
2021-11-19T10:23:47,718|[TRACE] graph - -----> statementPart
2021-11-19T10:23:47,718|[TRACE] graph - -------> nonSkippedChar
2021-11-19T10:23:47,718|[TRACE] script - #out(`A`) [token]
2021-11-19T10:23:47,718|[TRACE] graph - <------- nonSkippedChar
2021-11-19T10:23:47,718|[TRACE] graph - <----- statementPart
2021-11-19T10:23:47,719|[TRACE] graph - -----> statementPart
2021-11-19T10:23:47,719|[TRACE] graph - -------> nonSkippedChar
2021-11-19T10:23:47,719|[TRACE] script - #out(`T`) [token]
2021-11-19T10:23:47,719|[TRACE] graph - <------- nonSkippedChar
2021-11-19T10:23:47,719|[TRACE] graph - <----- statementPart
2021-11-19T10:23:47,719|[TRACE] graph - -----> statementPart
2021-11-19T10:23:47,719|[TRACE] graph - -------> nonSkippedChar
2021-11-19T10:23:47,719|[TRACE] script - #out(`E`) [token]
2021-11-19T10:23:47,719|[TRACE] graph - <------- nonSkippedChar
2021-11-19T10:23:47,719|[TRACE] graph - <----- statementPart
2021-11-19T10:23:47,719|[TRACE] graph - -----> statementPart
2021-11-19T10:23:47,719|[TRACE] graph - -------> nonSkippedSpace
2021-11-19T10:23:47,719|[TRACE] script - #out(` `) [token]
2021-11-19T10:23:47,719|[TRACE] graph - <------- nonSkippedSpace
2021-11-19T10:23:47,719|[TRACE] graph - <----- statementPart
2021-11-19T10:23:47,719|[TRACE] graph - -----> statementPart
2021-11-19T10:23:47,719|[TRACE] graph - -------> nonSkippedChar
2021-11-19T10:23:47,719|[TRACE] script - #out(`N`) [token]
2021-11-19T10:23:47,719|[TRACE] graph - <------- nonSkippedChar
2021-11-19T10:23:47,719|[TRACE] graph - <----- statementPart
2021-11-19T10:23:47,719|[TRACE] graph - -----> statementPart
2021-11-19T10:23:47,719|[TRACE] graph - -------> nonSkippedChar
2021-11-19T10:23:47,719|[TRACE] script - #out(`O`) [token]
2021-11-19T10:23:47,719|[TRACE] graph - <------- nonSkippedChar
2021-11-19T10:23:47,719|[TRACE] graph - <----- statementPart
2021-11-19T10:23:47,719|[TRACE] graph - -----> statementPart
2021-11-19T10:23:47,719|[TRACE] graph - -------> nonSkippedSpace
2021-11-19T10:23:47,719|[TRACE] script - #out(` `) [token]
2021-11-19T10:23:47,719|[TRACE] graph - <------- nonSkippedSpace
2021-11-19T10:23:47,719|[TRACE] graph - <----- statementPart
2021-11-19T10:23:47,719|[TRACE] graph - -----> statementPart
2021-11-19T10:23:47,719|[TRACE] graph - -------> nonSkippedChar
2021-11-19T10:23:47,719|[TRACE] script - #out(`A`) [token]
2021-11-19T10:23:47,719|[TRACE] graph - <------- nonSkippedChar
2021-11-19T10:23:47,719|[TRACE] graph - <----- statementPart
2021-11-19T10:23:47,719|[TRACE] graph - -----> statementPart
2021-11-19T10:23:47,719|[TRACE] graph - -------> nonSkippedChar
2021-11-19T10:23:47,719|[TRACE] script - #out(`C`) [token]
2021-11-19T10:23:47,719|[TRACE] graph - <------- nonSkippedChar
2021-11-19T10:23:47,719|[TRACE] graph - <----- statementPart
2021-11-19T10:23:47,719|[TRACE] graph - -----> statementPart
2021-11-19T10:23:47,719|[TRACE] graph - -------> nonSkippedChar
2021-11-19T10:23:47,719|[TRACE] script - #out(`T`) [token]
2021-11-19T10:23:47,719|[TRACE] graph - <------- nonSkippedChar
2021-11-19T10:23:47,719|[TRACE] graph - <----- statementPart
2021-11-19T10:23:47,719|[TRACE] graph - -----> statementPart
2021-11-19T10:23:47,719|[TRACE] graph - -------> nonSkippedChar
2021-11-19T10:23:47,719|[TRACE] script - #out(`I`) [token]
2021-11-19T10:23:47,719|[TRACE] graph - <------- nonSkippedChar
2021-11-19T10:23:47,719|[TRACE] graph - <----- statementPart
2021-11-19T10:23:47,719|[TRACE] graph - -----> statementPart
2021-11-19T10:23:47,719|[TRACE] graph - -------> nonSkippedChar
2021-11-19T10:23:47,719|[TRACE] script - #out(`O`) [token]
2021-11-19T10:23:47,719|[TRACE] graph - <------- nonSkippedChar
2021-11-19T10:23:47,719|[TRACE] graph - <----- statementPart
2021-11-19T10:23:47,719|[TRACE] graph - -----> statementPart
2021-11-19T10:23:47,719|[TRACE] graph - -------> nonSkippedChar
2021-11-19T10:23:47,719|[TRACE] script - #out(`N`) [token]
2021-11-19T10:23:47,719|[TRACE] graph - <------- nonSkippedChar
2021-11-19T10:23:47,719|[TRACE] graph - <----- statementPart
2021-11-19T10:23:47,719|[TRACE] graph - -----> statementPart
2021-11-19T10:23:47,719|[TRACE] graph - -------> nonSkippedChar
2021-11-19T10:23:47,719|[TRACE] script - #out(`,`) [token]
2021-11-19T10:23:47,719|[TRACE] graph - <------- nonSkippedChar
2021-11-19T10:23:47,719|[TRACE] graph - <----- statementPart
2021-11-19T10:23:47,719|[TRACE] graph - -----> afterStatementPartNewline
2021-11-19T10:23:47,719|[TRACE] script - #out(` `) [text]
2021-11-19T10:23:47,719|[TRACE] graph - <----- afterStatementPartNewline
2021-11-19T10:23:47,719|[TRACE] graph - -----> statementPart
2021-11-19T10:23:47,719|[TRACE] graph - -------> nonSkippedSpace
2021-11-19T10:23:47,719|[TRACE] script - #out(` `) [token]
2021-11-19T10:23:47,719|[TRACE] graph - <------- nonSkippedSpace
2021-11-19T10:23:47,719|[TRACE] graph - <----- statementPart
2021-11-19T10:23:47,719|[TRACE] graph - -----> statementPart
2021-11-19T10:23:47,719|[TRACE] graph - -------> nonSkippedSpace
2021-11-19T10:23:47,719|[TRACE] script - #out(` `) [token]
2021-11-19T10:23:47,719|[TRACE] graph - <------- nonSkippedSpace
2021-11-19T10:23:47,719|[TRACE] graph - <----- statementPart
2021-11-19T10:23:47,719|[TRACE] graph - -----> statementPart
2021-11-19T10:23:47,719|[TRACE] graph - -------> nonSkippedChar
2021-11-19T10:23:47,719|[TRACE] script - #out(`C`) [token]
2021-11-19T10:23:47,719|[TRACE] graph - <------- nonSkippedChar
2021-11-19T10:23:47,719|[TRACE] graph - <----- statementPart
2021-11-19T10:23:47,719|[TRACE] graph - -----> statementPart
2021-11-19T10:23:47,719|[TRACE] graph - -------> nonSkippedChar
2021-11-19T10:23:47,719|[TRACE] script - #out(`O`) [token]
2021-11-19T10:23:47,719|[TRACE] graph - <------- nonSkippedChar
2021-11-19T10:23:47,719|[TRACE] graph - <----- statementPart
2021-11-19T10:23:47,719|[TRACE] graph - -----> statementPart
2021-11-19T10:23:47,719|[TRACE] graph - -------> nonSkippedChar
2021-11-19T10:23:47,719|[TRACE] script - #out(`N`) [token]
2021-11-19T10:23:47,719|[TRACE] graph - <------- nonSkippedChar
2021-11-19T10:23:47,719|[TRACE] graph - <----- statementPart
2021-11-19T10:23:47,719|[TRACE] graph - -----> statementPart
2021-11-19T10:23:47,719|[TRACE] graph - -------> nonSkippedChar
2021-11-19T10:23:47,719|[TRACE] script - #out(`S`) [token]
2021-11-19T10:23:47,719|[TRACE] graph - <------- nonSkippedChar
2021-11-19T10:23:47,719|[TRACE] graph - <----- statementPart
2021-11-19T10:23:47,719|[TRACE] graph - -----> statementPart
2021-11-19T10:23:47,719|[TRACE] graph - -------> nonSkippedChar
2021-11-19T10:23:47,719|[TRACE] script - #out(`T`) [token]
2021-11-19T10:23:47,719|[TRACE] graph - <------- nonSkippedChar
2021-11-19T10:23:47,719|[TRACE] graph - <----- statementPart
2021-11-19T10:23:47,719|[TRACE] graph - -----> statementPart
2021-11-19T10:23:47,719|[TRACE] graph - -------> nonSkippedChar
2021-11-19T10:23:47,719|[TRACE] script - #out(`R`) [token]
2021-11-19T10:23:47,719|[TRACE] graph - <------- nonSkippedChar
2021-11-19T10:23:47,719|[TRACE] graph - <----- statementPart
2021-11-19T10:23:47,719|[TRACE] graph - -----> statementPart
2021-11-19T10:23:47,719|[TRACE] graph - -------> nonSkippedChar
2021-11-19T10:23:47,719|[TRACE] script - #out(`A`) [token]
2021-11-19T10:23:47,719|[TRACE] graph - <------- nonSkippedChar
2021-11-19T10:23:47,719|[TRACE] graph - <----- statementPart
2021-11-19T10:23:47,719|[TRACE] graph - -----> statementPart
2021-11-19T10:23:47,719|[TRACE] graph - -------> nonSkippedChar
2021-11-19T10:23:47,719|[TRACE] script - #out(`I`) [token]
2021-11-19T10:23:47,719|[TRACE] graph - <------- nonSkippedChar
2021-11-19T10:23:47,719|[TRACE] graph - <----- statementPart
2021-11-19T10:23:47,719|[TRACE] graph - -----> statementPart
2021-11-19T10:23:47,719|[TRACE] graph - -------> nonSkippedChar
2021-11-19T10:23:47,719|[TRACE] script - #out(`N`) [token]
2021-11-19T10:23:47,719|[TRACE] graph - <------- nonSkippedChar
2021-11-19T10:23:47,719|[TRACE] graph - <----- statementPart
2021-11-19T10:23:47,719|[TRACE] graph - -----> statementPart
2021-11-19T10:23:47,719|[TRACE] graph - -------> nonSkippedChar
2021-11-19T10:23:47,719|[TRACE] script - #out(`T`) [token]
2021-11-19T10:23:47,719|[TRACE] graph - <------- nonSkippedChar
2021-11-19T10:23:47,719|[TRACE] graph - <----- statementPart
2021-11-19T10:23:47,719|[TRACE] graph - -----> statementPart
2021-11-19T10:23:47,719|[TRACE] graph - -------> nonSkippedSpace
2021-11-19T10:23:47,719|[TRACE] script - #out(` `) [token]
2021-11-19T10:23:47,719|[TRACE] graph - <------- nonSkippedSpace
2021-11-19T10:23:47,719|[TRACE] graph - <----- statementPart
2021-11-19T10:23:47,719|[TRACE] graph - -----> statementPart
2021-11-19T10:23:47,719|[TRACE] graph - -------> quotedString
2021-11-19T10:23:47,719|[TRACE] script - #out(``fk_contact_phone1``) [token]
2021-11-19T10:23:47,719|[TRACE] graph - <------- quotedString
2021-11-19T10:23:47,719|[TRACE] graph - <----- statementPart
2021-11-19T10:23:47,719|[TRACE] graph - -----> afterStatementPartNewline
2021-11-19T10:23:47,719|[TRACE] script - #out(` `) [text]
2021-11-19T10:23:47,719|[TRACE] graph - <----- afterStatementPartNewline
2021-11-19T10:23:47,719|[TRACE] graph - -----> statementPart
2021-11-19T10:23:47,719|[TRACE] graph - -------> nonSkippedSpace
2021-11-19T10:23:47,719|[TRACE] script - #out(` `) [token]
2021-11-19T10:23:47,719|[TRACE] graph - <------- nonSkippedSpace
2021-11-19T10:23:47,719|[TRACE] graph - <----- statementPart
2021-11-19T10:23:47,719|[TRACE] graph - -----> statementPart
2021-11-19T10:23:47,719|[TRACE] graph - -------> nonSkippedSpace
2021-11-19T10:23:47,719|[TRACE] script - #out(` `) [token]
2021-11-19T10:23:47,719|[TRACE] graph - <------- nonSkippedSpace
2021-11-19T10:23:47,719|[TRACE] graph - <----- statementPart
2021-11-19T10:23:47,719|[TRACE] graph - -----> statementPart
2021-11-19T10:23:47,719|[TRACE] graph - -------> nonSkippedSpace
2021-11-19T10:23:47,719|[TRACE] script - #out(` `) [token]
2021-11-19T10:23:47,719|[TRACE] graph - <------- nonSkippedSpace
2021-11-19T10:23:47,719|[TRACE] graph - <----- statementPart
2021-11-19T10:23:47,719|[TRACE] graph - -----> statementPart
2021-11-19T10:23:47,719|[TRACE] graph - -------> nonSkippedSpace
2021-11-19T10:23:47,719|[TRACE] script - #out(` `) [token]
2021-11-19T10:23:47,719|[TRACE] graph - <------- nonSkippedSpace
2021-11-19T10:23:47,719|[TRACE] graph - <----- statementPart
2021-11-19T10:23:47,719|[TRACE] graph - -----> statementPart
2021-11-19T10:23:47,719|[TRACE] graph - -------> nonSkippedChar
2021-11-19T10:23:47,719|[TRACE] script - #out(`F`) [token]
2021-11-19T10:23:47,719|[TRACE] graph - <------- nonSkippedChar
2021-11-19T10:23:47,719|[TRACE] graph - <----- statementPart
2021-11-19T10:23:47,719|[TRACE] graph - -----> statementPart
2021-11-19T10:23:47,719|[TRACE] graph - -------> nonSkippedChar
2021-11-19T10:23:47,719|[TRACE] script - #out(`O`) [token]
2021-11-19T10:23:47,719|[TRACE] graph - <------- nonSkippedChar
2021-11-19T10:23:47,719|[TRACE] graph - <----- statementPart
2021-11-19T10:23:47,719|[TRACE] graph - -----> statementPart
2021-11-19T10:23:47,719|[TRACE] graph - -------> nonSkippedChar
2021-11-19T10:23:47,719|[TRACE] script - #out(`R`) [token]
2021-11-19T10:23:47,719|[TRACE] graph - <------- nonSkippedChar
2021-11-19T10:23:47,719|[TRACE] graph - <----- statementPart
2021-11-19T10:23:47,719|[TRACE] graph - -----> statementPart
2021-11-19T10:23:47,719|[TRACE] graph - -------> nonSkippedChar
2021-11-19T10:23:47,719|[TRACE] script - #out(`E`) [token]
2021-11-19T10:23:47,719|[TRACE] graph - <------- nonSkippedChar
2021-11-19T10:23:47,719|[TRACE] graph - <----- statementPart
2021-11-19T10:23:47,719|[TRACE] graph - -----> statementPart
2021-11-19T10:23:47,719|[TRACE] graph - -------> nonSkippedChar
2021-11-19T10:23:47,719|[TRACE] script - #out(`I`) [token]
2021-11-19T10:23:47,719|[TRACE] graph - <------- nonSkippedChar
2021-11-19T10:23:47,719|[TRACE] graph - <----- statementPart
2021-11-19T10:23:47,719|[TRACE] graph - -----> statementPart
2021-11-19T10:23:47,719|[TRACE] graph - -------> nonSkippedChar
2021-11-19T10:23:47,719|[TRACE] script - #out(`G`) [token]
2021-11-19T10:23:47,719|[TRACE] graph - <------- nonSkippedChar
2021-11-19T10:23:47,719|[TRACE] graph - <----- statementPart
2021-11-19T10:23:47,719|[TRACE] graph - -----> statementPart
2021-11-19T10:23:47,719|[TRACE] graph - -------> nonSkippedChar
2021-11-19T10:23:47,719|[TRACE] script - #out(`N`) [token]
2021-11-19T10:23:47,719|[TRACE] graph - <------- nonSkippedChar
2021-11-19T10:23:47,719|[TRACE] graph - <----- statementPart
2021-11-19T10:23:47,719|[TRACE] graph - -----> statementPart
2021-11-19T10:23:47,719|[TRACE] graph - -------> nonSkippedSpace
2021-11-19T10:23:47,719|[TRACE] script - #out(` `) [token]
2021-11-19T10:23:47,719|[TRACE] graph - <------- nonSkippedSpace
2021-11-19T10:23:47,719|[TRACE] graph - <----- statementPart
2021-11-19T10:23:47,719|[TRACE] graph - -----> statementPart
2021-11-19T10:23:47,719|[TRACE] graph - -------> nonSkippedChar
2021-11-19T10:23:47,719|[TRACE] script - #out(`K`) [token]
2021-11-19T10:23:47,719|[TRACE] graph - <------- nonSkippedChar
2021-11-19T10:23:47,720|[TRACE] graph - <----- statementPart
2021-11-19T10:23:47,720|[TRACE] graph - -----> statementPart
2021-11-19T10:23:47,720|[TRACE] graph - -------> nonSkippedChar
2021-11-19T10:23:47,720|[TRACE] script - #out(`E`) [token]
2021-11-19T10:23:47,720|[TRACE] graph - <------- nonSkippedChar
2021-11-19T10:23:47,720|[TRACE] graph - <----- statementPart
2021-11-19T10:23:47,720|[TRACE] graph - -----> statementPart
2021-11-19T10:23:47,720|[TRACE] graph - -------> nonSkippedChar
2021-11-19T10:23:47,720|[TRACE] script - #out(`Y`) [token]
2021-11-19T10:23:47,720|[TRACE] graph - <------- nonSkippedChar
2021-11-19T10:23:47,720|[TRACE] graph - <----- statementPart
2021-11-19T10:23:47,720|[TRACE] graph - -----> statementPart
2021-11-19T10:23:47,720|[TRACE] graph - -------> nonSkippedSpace
2021-11-19T10:23:47,720|[TRACE] script - #out(` `) [token]
2021-11-19T10:23:47,720|[TRACE] graph - <------- nonSkippedSpace
2021-11-19T10:23:47,720|[TRACE] graph - <----- statementPart
2021-11-19T10:23:47,720|[TRACE] graph - -----> statementPart
2021-11-19T10:23:47,720|[TRACE] graph - -------> nonSkippedChar
2021-11-19T10:23:47,720|[TRACE] script - #out(`(`) [token]
2021-11-19T10:23:47,720|[TRACE] graph - <------- nonSkippedChar
2021-11-19T10:23:47,720|[TRACE] graph - <----- statementPart
2021-11-19T10:23:47,720|[TRACE] graph - -----> statementPart
2021-11-19T10:23:47,720|[TRACE] graph - -------> quotedString
2021-11-19T10:23:47,720|[TRACE] script - #out(``phone_id``) [token]
2021-11-19T10:23:47,720|[TRACE] graph - <------- quotedString
2021-11-19T10:23:47,720|[TRACE] graph - <----- statementPart
2021-11-19T10:23:47,720|[TRACE] graph - -----> statementPart
2021-11-19T10:23:47,720|[TRACE] graph - -------> nonSkippedChar
2021-11-19T10:23:47,720|[TRACE] script - #out(`)`) [token]
2021-11-19T10:23:47,720|[TRACE] graph - <------- nonSkippedChar
2021-11-19T10:23:47,720|[TRACE] graph - <----- statementPart
2021-11-19T10:23:47,720|[TRACE] graph - -----> afterStatementPartNewline
2021-11-19T10:23:47,720|[TRACE] script - #out(` `) [text]
2021-11-19T10:23:47,720|[TRACE] graph - <----- afterStatementPartNewline
2021-11-19T10:23:47,720|[TRACE] graph - -----> statementPart
2021-11-19T10:23:47,720|[TRACE] graph - -------> nonSkippedSpace
2021-11-19T10:23:47,720|[TRACE] script - #out(` `) [token]
2021-11-19T10:23:47,720|[TRACE] graph - <------- nonSkippedSpace
2021-11-19T10:23:47,720|[TRACE] graph - <----- statementPart
2021-11-19T10:23:47,720|[TRACE] graph - -----> statementPart
2021-11-19T10:23:47,720|[TRACE] graph - -------> nonSkippedSpace
2021-11-19T10:23:47,720|[TRACE] script - #out(` `) [token]
2021-11-19T10:23:47,720|[TRACE] graph - <------- nonSkippedSpace
2021-11-19T10:23:47,720|[TRACE] graph - <----- statementPart
2021-11-19T10:23:47,720|[TRACE] graph - -----> statementPart
2021-11-19T10:23:47,720|[TRACE] graph - -------> nonSkippedSpace
2021-11-19T10:23:47,720|[TRACE] script - #out(` `) [token]
2021-11-19T10:23:47,720|[TRACE] graph - <------- nonSkippedSpace
2021-11-19T10:23:47,720|[TRACE] graph - <----- statementPart
2021-11-19T10:23:47,720|[TRACE] graph - -----> statementPart
2021-11-19T10:23:47,720|[TRACE] graph - -------> nonSkippedSpace
2021-11-19T10:23:47,720|[TRACE] script - #out(` `) [token]
2021-11-19T10:23:47,720|[TRACE] graph - <------- nonSkippedSpace
2021-11-19T10:23:47,720|[TRACE] graph - <----- statementPart
2021-11-19T10:23:47,720|[TRACE] graph - -----> statementPart
2021-11-19T10:23:47,720|[TRACE] graph - -------> nonSkippedChar
2021-11-19T10:23:47,720|[TRACE] script - #out(`R`) [token]
2021-11-19T10:23:47,720|[TRACE] graph - <------- nonSkippedChar
2021-11-19T10:23:47,720|[TRACE] graph - <----- statementPart
2021-11-19T10:23:47,720|[TRACE] graph - -----> statementPart
2021-11-19T10:23:47,720|[TRACE] graph - -------> nonSkippedChar
2021-11-19T10:23:47,720|[TRACE] script - #out(`E`) [token]
2021-11-19T10:23:47,720|[TRACE] graph - <------- nonSkippedChar
2021-11-19T10:23:47,720|[TRACE] graph - <----- statementPart
2021-11-19T10:23:47,720|[TRACE] graph - -----> statementPart
2021-11-19T10:23:47,720|[TRACE] graph - -------> nonSkippedChar
2021-11-19T10:23:47,720|[TRACE] script - #out(`F`) [token]
2021-11-19T10:23:47,720|[TRACE] graph - <------- nonSkippedChar
2021-11-19T10:23:47,720|[TRACE] graph - <----- statementPart
2021-11-19T10:23:47,720|[TRACE] graph - -----> statementPart
2021-11-19T10:23:47,720|[TRACE] graph - -------> nonSkippedChar
2021-11-19T10:23:47,720|[TRACE] script - #out(`E`) [token]
2021-11-19T10:23:47,720|[TRACE] graph - <------- nonSkippedChar
2021-11-19T10:23:47,720|[TRACE] graph - <----- statementPart
2021-11-19T10:23:47,720|[TRACE] graph - -----> statementPart
2021-11-19T10:23:47,720|[TRACE] graph - -------> nonSkippedChar
2021-11-19T10:23:47,720|[TRACE] script - #out(`R`) [token]
2021-11-19T10:23:47,720|[TRACE] graph - <------- nonSkippedChar
2021-11-19T10:23:47,720|[TRACE] graph - <----- statementPart
2021-11-19T10:23:47,720|[TRACE] graph - -----> statementPart
2021-11-19T10:23:47,720|[TRACE] graph - -------> nonSkippedChar
2021-11-19T10:23:47,720|[TRACE] script - #out(`E`) [token]
2021-11-19T10:23:47,720|[TRACE] graph - <------- nonSkippedChar
2021-11-19T10:23:47,720|[TRACE] graph - <----- statementPart
2021-11-19T10:23:47,720|[TRACE] graph - -----> statementPart
2021-11-19T10:23:47,720|[TRACE] graph - -------> nonSkippedChar
2021-11-19T10:23:47,720|[TRACE] script - #out(`N`) [token]
2021-11-19T10:23:47,720|[TRACE] graph - <------- nonSkippedChar
2021-11-19T10:23:47,720|[TRACE] graph - <----- statementPart
2021-11-19T10:23:47,720|[TRACE] graph - -----> statementPart
2021-11-19T10:23:47,720|[TRACE] graph - -------> nonSkippedChar
2021-11-19T10:23:47,720|[TRACE] script - #out(`C`) [token]
2021-11-19T10:23:47,720|[TRACE] graph - <------- nonSkippedChar
2021-11-19T10:23:47,720|[TRACE] graph - <----- statementPart
2021-11-19T10:23:47,720|[TRACE] graph - -----> statementPart
2021-11-19T10:23:47,720|[TRACE] graph - -------> nonSkippedChar
2021-11-19T10:23:47,720|[TRACE] script - #out(`E`) [token]
2021-11-19T10:23:47,720|[TRACE] graph - <------- nonSkippedChar
2021-11-19T10:23:47,720|[TRACE] graph - <----- statementPart
2021-11-19T10:23:47,720|[TRACE] graph - -----> statementPart
2021-11-19T10:23:47,720|[TRACE] graph - -------> nonSkippedChar
2021-11-19T10:23:47,720|[TRACE] script - #out(`S`) [token]
2021-11-19T10:23:47,720|[TRACE] graph - <------- nonSkippedChar
2021-11-19T10:23:47,720|[TRACE] graph - <----- statementPart
2021-11-19T10:23:47,720|[TRACE] graph - -----> statementPart
2021-11-19T10:23:47,720|[TRACE] graph - -------> nonSkippedSpace
2021-11-19T10:23:47,720|[TRACE] script - #out(` `) [token]
2021-11-19T10:23:47,720|[TRACE] graph - <------- nonSkippedSpace
2021-11-19T10:23:47,720|[TRACE] graph - <----- statementPart
2021-11-19T10:23:47,720|[TRACE] graph - -----> statementPart
2021-11-19T10:23:47,720|[TRACE] graph - -------> quotedString
2021-11-19T10:23:47,720|[TRACE] script - #out(``bloodbank``) [token]
2021-11-19T10:23:47,720|[TRACE] graph - <------- quotedString
2021-11-19T10:23:47,720|[TRACE] graph - <----- statementPart
2021-11-19T10:23:47,720|[TRACE] graph - -----> statementPart
2021-11-19T10:23:47,720|[TRACE] graph - -------> nonSkippedChar
2021-11-19T10:23:47,720|[TRACE] script - #out(`.`) [token]
2021-11-19T10:23:47,720|[TRACE] graph - <------- nonSkippedChar
2021-11-19T10:23:47,720|[TRACE] graph - <----- statementPart
2021-11-19T10:23:47,720|[TRACE] graph - -----> statementPart
2021-11-19T10:23:47,720|[TRACE] graph - -------> quotedString
2021-11-19T10:23:47,720|[TRACE] script - #out(``phone``) [token]
2021-11-19T10:23:47,720|[TRACE] graph - <------- quotedString
2021-11-19T10:23:47,720|[TRACE] graph - <----- statementPart
2021-11-19T10:23:47,720|[TRACE] graph - -----> statementPart
2021-11-19T10:23:47,720|[TRACE] graph - -------> nonSkippedSpace
2021-11-19T10:23:47,720|[TRACE] script - #out(` `) [token]
2021-11-19T10:23:47,720|[TRACE] graph - <------- nonSkippedSpace
2021-11-19T10:23:47,720|[TRACE] graph - <----- statementPart
2021-11-19T10:23:47,720|[TRACE] graph - -----> statementPart
2021-11-19T10:23:47,720|[TRACE] graph - -------> nonSkippedChar
2021-11-19T10:23:47,720|[TRACE] script - #out(`(`) [token]
2021-11-19T10:23:47,720|[TRACE] graph - <------- nonSkippedChar
2021-11-19T10:23:47,720|[TRACE] graph - <----- statementPart
2021-11-19T10:23:47,720|[TRACE] graph - -----> statementPart
2021-11-19T10:23:47,720|[TRACE] graph - -------> quotedString
2021-11-19T10:23:47,720|[TRACE] script - #out(``phone_id``) [token]
2021-11-19T10:23:47,720|[TRACE] graph - <------- quotedString
2021-11-19T10:23:47,720|[TRACE] graph - <----- statementPart
2021-11-19T10:23:47,720|[TRACE] graph - -----> statementPart
2021-11-19T10:23:47,720|[TRACE] graph - -------> nonSkippedChar
2021-11-19T10:23:47,720|[TRACE] script - #out(`)`) [token]
2021-11-19T10:23:47,720|[TRACE] graph - <------- nonSkippedChar
2021-11-19T10:23:47,720|[TRACE] graph - <----- statementPart
2021-11-19T10:23:47,720|[TRACE] graph - -----> afterStatementPartNewline
2021-11-19T10:23:47,720|[TRACE] script - #out(` `) [text]
2021-11-19T10:23:47,720|[TRACE] graph - <----- afterStatementPartNewline
2021-11-19T10:23:47,720|[TRACE] graph - -----> statementPart
2021-11-19T10:23:47,776|[TRACE] graph - -------> nonSkippedSpace
2021-11-19T10:23:47,776|[TRACE] script - #out(` `) [token]
2021-11-19T10:23:47,776|[TRACE] graph - <------- nonSkippedSpace
2021-11-19T10:23:47,776|[TRACE] graph - <----- statementPart
2021-11-19T10:23:47,776|[TRACE] graph - -----> statementPart
2021-11-19T10:23:47,776|[TRACE] graph - -------> nonSkippedSpace
2021-11-19T10:23:47,776|[TRACE] script - #out(` `) [token]
2021-11-19T10:23:47,776|[TRACE] graph - <------- nonSkippedSpace
2021-11-19T10:23:47,776|[TRACE] graph - <----- statementPart
2021-11-19T10:23:47,776|[TRACE] graph - -----> statementPart
2021-11-19T10:23:47,776|[TRACE] graph - -------> nonSkippedSpace
2021-11-19T10:23:47,776|[TRACE] script - #out(` `) [token]
2021-11-19T10:23:47,776|[TRACE] graph - <------- nonSkippedSpace
2021-11-19T10:23:47,776|[TRACE] graph - <----- statementPart
2021-11-19T10:23:47,776|[TRACE] graph - -----> statementPart
2021-11-19T10:23:47,776|[TRACE] graph - -------> nonSkippedSpace
2021-11-19T10:23:47,776|[TRACE] script - #out(` `) [token]
2021-11-19T10:23:47,776|[TRACE] graph - <------- nonSkippedSpace
2021-11-19T10:23:47,776|[TRACE] graph - <----- statementPart
2021-11-19T10:23:47,776|[TRACE] graph - -----> statementPart
2021-11-19T10:23:47,776|[TRACE] graph - -------> nonSkippedChar
2021-11-19T10:23:47,776|[TRACE] script - #out(`O`) [token]
2021-11-19T10:23:47,776|[TRACE] graph - <------- nonSkippedChar
2021-11-19T10:23:47,776|[TRACE] graph - <----- statementPart
2021-11-19T10:23:47,776|[TRACE] graph - -----> statementPart
2021-11-19T10:23:47,776|[TRACE] graph - -------> nonSkippedChar
2021-11-19T10:23:47,776|[TRACE] script - #out(`N`) [token]
2021-11-19T10:23:47,776|[TRACE] graph - <------- nonSkippedChar
2021-11-19T10:23:47,776|[TRACE] graph - <----- statementPart
2021-11-19T10:23:47,776|[TRACE] graph - -----> statementPart
2021-11-19T10:23:47,776|[TRACE] graph - -------> nonSkippedSpace
2021-11-19T10:23:47,776|[TRACE] script - #out(` `) [token]
2021-11-19T10:23:47,776|[TRACE] graph - <------- nonSkippedSpace
2021-11-19T10:23:47,776|[TRACE] graph - <----- statementPart
2021-11-19T10:23:47,776|[TRACE] graph - -----> statementPart
2021-11-19T10:23:47,776|[TRACE] graph - -------> nonSkippedChar
2021-11-19T10:23:47,776|[TRACE] script - #out(`D`) [token]
2021-11-19T10:23:47,776|[TRACE] graph - <------- nonSkippedChar
2021-11-19T10:23:47,776|[TRACE] graph - <----- statementPart
2021-11-19T10:23:47,776|[TRACE] graph - -----> statementPart
2021-11-19T10:23:47,776|[TRACE] graph - -------> nonSkippedChar
2021-11-19T10:23:47,776|[TRACE] script - #out(`E`) [token]
2021-11-19T10:23:47,776|[TRACE] graph - <------- nonSkippedChar
2021-11-19T10:23:47,776|[TRACE] graph - <----- statementPart
2021-11-19T10:23:47,776|[TRACE] graph - -----> statementPart
2021-11-19T10:23:47,776|[TRACE] graph - -------> nonSkippedChar
2021-11-19T10:23:47,776|[TRACE] script - #out(`L`) [token]
2021-11-19T10:23:47,776|[TRACE] graph - <------- nonSkippedChar
2021-11-19T10:23:47,776|[TRACE] graph - <----- statementPart
2021-11-19T10:23:47,776|[TRACE] graph - -----> statementPart
2021-11-19T10:23:47,776|[TRACE] graph - -------> nonSkippedChar
2021-11-19T10:23:47,776|[TRACE] script - #out(`E`) [token]
2021-11-19T10:23:47,776|[TRACE] graph - <------- nonSkippedChar
2021-11-19T10:23:47,776|[TRACE] graph - <----- statementPart
2021-11-19T10:23:47,776|[TRACE] graph - -----> statementPart
2021-11-19T10:23:47,776|[TRACE] graph - -------> nonSkippedChar
2021-11-19T10:23:47,776|[TRACE] script - #out(`T`) [token]
2021-11-19T10:23:47,776|[TRACE] graph - <------- nonSkippedChar
2021-11-19T10:23:47,776|[TRACE] graph - <----- statementPart
2021-11-19T10:23:47,776|[TRACE] graph - -----> statementPart
2021-11-19T10:23:47,776|[TRACE] graph - -------> nonSkippedChar
2021-11-19T10:23:47,776|[TRACE] script - #out(`E`) [token]
2021-11-19T10:23:47,776|[TRACE] graph - <------- nonSkippedChar
2021-11-19T10:23:47,777|[TRACE] graph - <----- statementPart
2021-11-19T10:23:47,777|[TRACE] graph - -----> statementPart
2021-11-19T10:23:47,777|[TRACE] graph - -------> nonSkippedSpace
2021-11-19T10:23:47,777|[TRACE] script - #out(` `) [token]
2021-11-19T10:23:47,777|[TRACE] graph - <------- nonSkippedSpace
2021-11-19T10:23:47,777|[TRACE] graph - <----- statementPart
2021-11-19T10:23:47,777|[TRACE] graph - -----> statementPart
2021-11-19T10:23:47,777|[TRACE] graph - -------> nonSkippedChar
2021-11-19T10:23:47,777|[TRACE] script - #out(`N`) [token]
2021-11-19T10:23:47,777|[TRACE] graph - <------- nonSkippedChar
2021-11-19T10:23:47,777|[TRACE] graph - <----- statementPart
2021-11-19T10:23:47,777|[TRACE] graph - -----> statementPart
2021-11-19T10:23:47,777|[TRACE] graph - -------> nonSkippedChar
2021-11-19T10:23:47,777|[TRACE] script - #out(`O`) [token]
2021-11-19T10:23:47,777|[TRACE] graph - <------- nonSkippedChar
2021-11-19T10:23:47,777|[TRACE] graph - <----- statementPart
2021-11-19T10:23:47,777|[TRACE] graph - -----> statementPart
2021-11-19T10:23:47,777|[TRACE] graph - -------> nonSkippedSpace
2021-11-19T10:23:47,777|[TRACE] script - #out(` `) [token]
2021-11-19T10:23:47,777|[TRACE] graph - <------- nonSkippedSpace
2021-11-19T10:23:47,777|[TRACE] graph - <----- statementPart
2021-11-19T10:23:47,777|[TRACE] graph - -----> statementPart
2021-11-19T10:23:47,777|[TRACE] graph - -------> nonSkippedChar
2021-11-19T10:23:47,777|[TRACE] script - #out(`A`) [token]
2021-11-19T10:23:47,777|[TRACE] graph - <------- nonSkippedChar
2021-11-19T10:23:47,777|[TRACE] graph - <----- statementPart
2021-11-19T10:23:47,777|[TRACE] graph - -----> statementPart
2021-11-19T10:23:47,777|[TRACE] graph - -------> nonSkippedChar
2021-11-19T10:23:47,777|[TRACE] script - #out(`C`) [token]
2021-11-19T10:23:47,777|[TRACE] graph - <------- nonSkippedChar
2021-11-19T10:23:47,777|[TRACE] graph - <----- statementPart
2021-11-19T10:23:47,777|[TRACE] graph - -----> statementPart
2021-11-19T10:23:47,777|[TRACE] graph - -------> nonSkippedChar
2021-11-19T10:23:47,777|[TRACE] script - #out(`T`) [token]
2021-11-19T10:23:47,777|[TRACE] graph - <------- nonSkippedChar
2021-11-19T10:23:47,777|[TRACE] graph - <----- statementPart
2021-11-19T10:23:47,777|[TRACE] graph - -----> statementPart
2021-11-19T10:23:47,777|[TRACE] graph - -------> nonSkippedChar
2021-11-19T10:23:47,777|[TRACE] script - #out(`I`) [token]
2021-11-19T10:23:47,777|[TRACE] graph - <------- nonSkippedChar
2021-11-19T10:23:47,777|[TRACE] graph - <----- statementPart
2021-11-19T10:23:47,777|[TRACE] graph - -----> statementPart
2021-11-19T10:23:47,777|[TRACE] graph - -------> nonSkippedChar
2021-11-19T10:23:47,777|[TRACE] script - #out(`O`) [token]
2021-11-19T10:23:47,777|[TRACE] graph - <------- nonSkippedChar
2021-11-19T10:23:47,777|[TRACE] graph - <----- statementPart
2021-11-19T10:23:47,777|[TRACE] graph - -----> statementPart
2021-11-19T10:23:47,777|[TRACE] graph - -------> nonSkippedChar
2021-11-19T10:23:47,777|[TRACE] script - #out(`N`) [token]
2021-11-19T10:23:47,777|[TRACE] graph - <------- nonSkippedChar
2021-11-19T10:23:47,777|[TRACE] graph - <----- statementPart
2021-11-19T10:23:47,777|[TRACE] graph - -----> afterStatementPartNewline
2021-11-19T10:23:47,777|[TRACE] script - #out(` `) [text]
2021-11-19T10:23:47,777|[TRACE] graph - <----- afterStatementPartNewline
2021-11-19T10:23:47,777|[TRACE] graph - -----> statementPart
2021-11-19T10:23:47,777|[TRACE] graph - -------> nonSkippedSpace
2021-11-19T10:23:47,777|[TRACE] script - #out(` `) [token]
2021-11-19T10:23:47,777|[TRACE] graph - <------- nonSkippedSpace
2021-11-19T10:23:47,777|[TRACE] graph - <----- statementPart
2021-11-19T10:23:47,777|[TRACE] graph - -----> statementPart
2021-11-19T10:23:47,777|[TRACE] graph - -------> nonSkippedSpace
2021-11-19T10:23:47,777|[TRACE] script - #out(` `) [token]
2021-11-19T10:23:47,777|[TRACE] graph - <------- nonSkippedSpace
2021-11-19T10:23:47,777|[TRACE] graph - <----- statementPart
2021-11-19T10:23:47,777|[TRACE] graph - -----> statementPart
2021-11-19T10:23:47,777|[TRACE] graph - -------> nonSkippedSpace
2021-11-19T10:23:47,777|[TRACE] script - #out(` `) [token]
2021-11-19T10:23:47,777|[TRACE] graph - <------- nonSkippedSpace
2021-11-19T10:23:47,777|[TRACE] graph - <----- statementPart
2021-11-19T10:23:47,777|[TRACE] graph - -----> statementPart
2021-11-19T10:23:47,777|[TRACE] graph - -------> nonSkippedSpace
2021-11-19T10:23:47,777|[TRACE] script - #out(` `) [token]
2021-11-19T10:23:47,777|[TRACE] graph - <------- nonSkippedSpace
2021-11-19T10:23:47,777|[TRACE] graph - <----- statementPart
2021-11-19T10:23:47,777|[TRACE] graph - -----> statementPart
2021-11-19T10:23:47,777|[TRACE] graph - -------> nonSkippedChar
2021-11-19T10:23:47,777|[TRACE] script - #out(`O`) [token]
2021-11-19T10:23:47,777|[TRACE] graph - <------- nonSkippedChar
2021-11-19T10:23:47,777|[TRACE] graph - <----- statementPart
2021-11-19T10:23:47,777|[TRACE] graph - -----> statementPart
2021-11-19T10:23:47,777|[TRACE] graph - -------> nonSkippedChar
2021-11-19T10:23:47,777|[TRACE] script - #out(`N`) [token]
2021-11-19T10:23:47,777|[TRACE] graph - <------- nonSkippedChar
2021-11-19T10:23:47,777|[TRACE] graph - <----- statementPart
2021-11-19T10:23:47,777|[TRACE] graph - -----> statementPart
2021-11-19T10:23:47,777|[TRACE] graph - -------> nonSkippedSpace
2021-11-19T10:23:47,777|[TRACE] script - #out(` `) [token]
2021-11-19T10:23:47,777|[TRACE] graph - <------- nonSkippedSpace
2021-11-19T10:23:47,777|[TRACE] graph - <----- statementPart
2021-11-19T10:23:47,777|[TRACE] graph - -----> statementPart
2021-11-19T10:23:47,777|[TRACE] graph - -------> nonSkippedChar
2021-11-19T10:23:47,777|[TRACE] script - #out(`U`) [token]
2021-11-19T10:23:47,777|[TRACE] graph - <------- nonSkippedChar
2021-11-19T10:23:47,777|[TRACE] graph - <----- statementPart
2021-11-19T10:23:47,777|[TRACE] graph - -----> statementPart
2021-11-19T10:23:47,777|[TRACE] graph - -------> nonSkippedChar
2021-11-19T10:23:47,777|[TRACE] script - #out(`P`) [token]
2021-11-19T10:23:47,777|[TRACE] graph - <------- nonSkippedChar
2021-11-19T10:23:47,777|[TRACE] graph - <----- statementPart
2021-11-19T10:23:47,777|[TRACE] graph - -----> statementPart
2021-11-19T10:23:47,777|[TRACE] graph - -------> nonSkippedChar
2021-11-19T10:23:47,777|[TRACE] script - #out(`D`) [token]
2021-11-19T10:23:47,777|[TRACE] graph - <------- nonSkippedChar
2021-11-19T10:23:47,777|[TRACE] graph - <----- statementPart
2021-11-19T10:23:47,777|[TRACE] graph - -----> statementPart
2021-11-19T10:23:47,777|[TRACE] graph - -------> nonSkippedChar
2021-11-19T10:23:47,777|[TRACE] script - #out(`A`) [token]
2021-11-19T10:23:47,777|[TRACE] graph - <------- nonSkippedChar
2021-11-19T10:23:47,777|[TRACE] graph - <----- statementPart
2021-11-19T10:23:47,777|[TRACE] graph - -----> statementPart
2021-11-19T10:23:47,777|[TRACE] graph - -------> nonSkippedChar
2021-11-19T10:23:47,777|[TRACE] script - #out(`T`) [token]
2021-11-19T10:23:47,777|[TRACE] graph - <------- nonSkippedChar
2021-11-19T10:23:47,777|[TRACE] graph - <----- statementPart
2021-11-19T10:23:47,777|[TRACE] graph - -----> statementPart
2021-11-19T10:23:47,777|[TRACE] graph - -------> nonSkippedChar
2021-11-19T10:23:47,777|[TRACE] script - #out(`E`) [token]
2021-11-19T10:23:47,777|[TRACE] graph - <------- nonSkippedChar
2021-11-19T10:23:47,777|[TRACE] graph - <----- statementPart
2021-11-19T10:23:47,777|[TRACE] graph - -----> statementPart
2021-11-19T10:23:47,777|[TRACE] graph - -------> nonSkippedSpace
2021-11-19T10:23:47,777|[TRACE] script - #out(` `) [token]
2021-11-19T10:23:47,777|[TRACE] graph - <------- nonSkippedSpace
2021-11-19T10:23:47,777|[TRACE] graph - <----- statementPart
2021-11-19T10:23:47,777|[TRACE] graph - -----> statementPart
2021-11-19T10:23:47,777|[TRACE] graph - -------> nonSkippedChar
2021-11-19T10:23:47,777|[TRACE] script - #out(`N`) [token]
2021-11-19T10:23:47,777|[TRACE] graph - <------- nonSkippedChar
2021-11-19T10:23:47,777|[TRACE] graph - <----- statementPart
2021-11-19T10:23:47,777|[TRACE] graph - -----> statementPart
2021-11-19T10:23:47,777|[TRACE] graph - -------> nonSkippedChar
2021-11-19T10:23:47,777|[TRACE] script - #out(`O`) [token]
2021-11-19T10:23:47,777|[TRACE] graph - <------- nonSkippedChar
2021-11-19T10:23:47,777|[TRACE] graph - <----- statementPart
2021-11-19T10:23:47,777|[TRACE] graph - -----> statementPart
2021-11-19T10:23:47,777|[TRACE] graph - -------> nonSkippedSpace
2021-11-19T10:23:47,777|[TRACE] script - #out(` `) [token]
2021-11-19T10:23:47,777|[TRACE] graph - <------- nonSkippedSpace
2021-11-19T10:23:47,777|[TRACE] graph - <----- statementPart
2021-11-19T10:23:47,777|[TRACE] graph - -----> statementPart
2021-11-19T10:23:47,778|[TRACE] graph - -------> nonSkippedChar
2021-11-19T10:23:47,778|[TRACE] script - #out(`A`) [token]
2021-11-19T10:23:47,778|[TRACE] graph - <------- nonSkippedChar
2021-11-19T10:23:47,778|[TRACE] graph - <----- statementPart
2021-11-19T10:23:47,778|[TRACE] graph - -----> statementPart
2021-11-19T10:23:47,778|[TRACE] graph - -------> nonSkippedChar
2021-11-19T10:23:47,778|[TRACE] script - #out(`C`) [token]
2021-11-19T10:23:47,778|[TRACE] graph - <------- nonSkippedChar
2021-11-19T10:23:47,778|[TRACE] graph - <----- statementPart
2021-11-19T10:23:47,778|[TRACE] graph - -----> statementPart
2021-11-19T10:23:47,778|[TRACE] graph - -------> nonSkippedChar
2021-11-19T10:23:47,778|[TRACE] script - #out(`T`) [token]
2021-11-19T10:23:47,778|[TRACE] graph - <------- nonSkippedChar
2021-11-19T10:23:47,778|[TRACE] graph - <----- statementPart
2021-11-19T10:23:47,778|[TRACE] graph - -----> statementPart
2021-11-19T10:23:47,778|[TRACE] graph - -------> nonSkippedChar
2021-11-19T10:23:47,778|[TRACE] script - #out(`I`) [token]
2021-11-19T10:23:47,778|[TRACE] graph - <------- nonSkippedChar
2021-11-19T10:23:47,778|[TRACE] graph - <----- statementPart
2021-11-19T10:23:47,778|[TRACE] graph - -----> statementPart
2021-11-19T10:23:47,778|[TRACE] graph - -------> nonSkippedChar
2021-11-19T10:23:47,778|[TRACE] script - #out(`O`) [token]
2021-11-19T10:23:47,778|[TRACE] graph - <------- nonSkippedChar
2021-11-19T10:23:47,778|[TRACE] graph - <----- statementPart
2021-11-19T10:23:47,778|[TRACE] graph - -----> statementPart
2021-11-19T10:23:47,778|[TRACE] graph - -------> nonSkippedChar
2021-11-19T10:23:47,778|[TRACE] script - #out(`N`) [token]
2021-11-19T10:23:47,778|[TRACE] graph - <------- nonSkippedChar
2021-11-19T10:23:47,778|[TRACE] graph - <----- statementPart
2021-11-19T10:23:47,778|[TRACE] graph - -----> statementPart
2021-11-19T10:23:47,778|[TRACE] graph - -------> nonSkippedChar
2021-11-19T10:23:47,778|[TRACE] script - #out(`,`) [token]
2021-11-19T10:23:47,778|[TRACE] graph - <------- nonSkippedChar
2021-11-19T10:23:47,778|[TRACE] graph - <----- statementPart
2021-11-19T10:23:47,778|[TRACE] graph - -----> afterStatementPartNewline
2021-11-19T10:23:47,778|[TRACE] script - #out(` `) [text]
2021-11-19T10:23:47,778|[TRACE] graph - <----- afterStatementPartNewline
2021-11-19T10:23:47,778|[TRACE] graph - -----> statementPart
2021-11-19T10:23:47,778|[TRACE] graph - -------> nonSkippedSpace
2021-11-19T10:23:47,778|[TRACE] script - #out(` `) [token]
2021-11-19T10:23:47,778|[TRACE] graph - <------- nonSkippedSpace
2021-11-19T10:23:47,778|[TRACE] graph - <----- statementPart
2021-11-19T10:23:47,778|[TRACE] graph - -----> statementPart
2021-11-19T10:23:47,778|[TRACE] graph - -------> nonSkippedSpace
2021-11-19T10:23:47,778|[TRACE] script - #out(` `) [token]
2021-11-19T10:23:47,778|[TRACE] graph - <------- nonSkippedSpace
2021-11-19T10:23:47,778|[TRACE] graph - <----- statementPart
2021-11-19T10:23:47,778|[TRACE] graph - -----> statementPart
2021-11-19T10:23:47,778|[TRACE] graph - -------> nonSkippedChar
2021-11-19T10:23:47,778|[TRACE] script - #out(`C`) [token]
2021-11-19T10:23:47,778|[TRACE] graph - <------- nonSkippedChar
2021-11-19T10:23:47,778|[TRACE] graph - <----- statementPart
2021-11-19T10:23:47,778|[TRACE] graph - -----> statementPart
2021-11-19T10:23:47,778|[TRACE] graph - -------> nonSkippedChar
2021-11-19T10:23:47,778|[TRACE] script - #out(`O`) [token]
2021-11-19T10:23:47,778|[TRACE] graph - <------- nonSkippedChar
2021-11-19T10:23:47,778|[TRACE] graph - <----- statementPart
2021-11-19T10:23:47,778|[TRACE] graph - -----> statementPart
2021-11-19T10:23:47,778|[TRACE] graph - -------> nonSkippedChar
2021-11-19T10:23:47,778|[TRACE] script - #out(`N`) [token]
2021-11-19T10:23:47,778|[TRACE] graph - <------- nonSkippedChar
2021-11-19T10:23:47,778|[TRACE] graph - <----- statementPart
2021-11-19T10:23:47,778|[TRACE] graph - -----> statementPart
2021-11-19T10:23:47,778|[TRACE] graph - -------> nonSkippedChar
2021-11-19T10:23:47,778|[TRACE] script - #out(`S`) [token]
2021-11-19T10:23:47,778|[TRACE] graph - <------- nonSkippedChar
2021-11-19T10:23:47,778|[TRACE] graph - <----- statementPart
2021-11-19T10:23:47,778|[TRACE] graph - -----> statementPart
2021-11-19T10:23:47,778|[TRACE] graph - -------> nonSkippedChar
2021-11-19T10:23:47,778|[TRACE] script - #out(`T`) [token]
2021-11-19T10:23:47,778|[TRACE] graph - <------- nonSkippedChar
2021-11-19T10:23:47,778|[TRACE] graph - <----- statementPart
2021-11-19T10:23:47,778|[TRACE] graph - -----> statementPart
2021-11-19T10:23:47,778|[TRACE] graph - -------> nonSkippedChar
2021-11-19T10:23:47,778|[TRACE] script - #out(`R`) [token]
2021-11-19T10:23:47,778|[TRACE] graph - <------- nonSkippedChar
2021-11-19T10:23:47,778|[TRACE] graph - <----- statementPart
2021-11-19T10:23:47,778|[TRACE] graph - -----> statementPart
2021-11-19T10:23:47,778|[TRACE] graph - -------> nonSkippedChar
2021-11-19T10:23:47,778|[TRACE] script - #out(`A`) [token]
2021-11-19T10:23:47,778|[TRACE] graph - <------- nonSkippedChar
2021-11-19T10:23:47,778|[TRACE] graph - <----- statementPart
2021-11-19T10:23:47,778|[TRACE] graph - -----> statementPart
2021-11-19T10:23:47,778|[TRACE] graph - -------> nonSkippedChar
2021-11-19T10:23:47,778|[TRACE] script - #out(`I`) [token]
2021-11-19T10:23:47,778|[TRACE] graph - <------- nonSkippedChar
2021-11-19T10:23:47,778|[TRACE] graph - <----- statementPart
2021-11-19T10:23:47,778|[TRACE] graph - -----> statementPart
2021-11-19T10:23:47,778|[TRACE] graph - -------> nonSkippedChar
2021-11-19T10:23:47,778|[TRACE] script - #out(`N`) [token]
2021-11-19T10:23:47,778|[TRACE] graph - <------- nonSkippedChar
2021-11-19T10:23:47,778|[TRACE] graph - <----- statementPart
2021-11-19T10:23:47,778|[TRACE] graph - -----> statementPart
2021-11-19T10:23:47,778|[TRACE] graph - -------> nonSkippedChar
2021-11-19T10:23:47,778|[TRACE] script - #out(`T`) [token]
2021-11-19T10:23:47,778|[TRACE] graph - <------- nonSkippedChar
2021-11-19T10:23:47,778|[TRACE] graph - <----- statementPart
2021-11-19T10:23:47,778|[TRACE] graph - -----> statementPart
2021-11-19T10:23:47,778|[TRACE] graph - -------> nonSkippedSpace
2021-11-19T10:23:47,778|[TRACE] script - #out(` `) [token]
2021-11-19T10:23:47,778|[TRACE] graph - <------- nonSkippedSpace
2021-11-19T10:23:47,778|[TRACE] graph - <----- statementPart
2021-11-19T10:23:47,778|[TRACE] graph - -----> statementPart
2021-11-19T10:23:47,778|[TRACE] graph - -------> quotedString
2021-11-19T10:23:47,778|[TRACE] script - #out(``fk_contact_person1``) [token]
2021-11-19T10:23:47,778|[TRACE] graph - <------- quotedString
2021-11-19T10:23:47,778|[TRACE] graph - <----- statementPart
2021-11-19T10:23:47,778|[TRACE] graph - -----> afterStatementPartNewline
2021-11-19T10:23:47,778|[TRACE] script - #out(` `) [text]
2021-11-19T10:23:47,778|[TRACE] graph - <----- afterStatementPartNewline
2021-11-19T10:23:47,778|[TRACE] graph - -----> statementPart
2021-11-19T10:23:47,778|[TRACE] graph - -------> nonSkippedSpace
2021-11-19T10:23:47,778|[TRACE] script - #out(` `) [token]
2021-11-19T10:23:47,778|[TRACE] graph - <------- nonSkippedSpace
2021-11-19T10:23:47,778|[TRACE] graph - <----- statementPart
2021-11-19T10:23:47,778|[TRACE] graph - -----> statementPart
2021-11-19T10:23:47,778|[TRACE] graph - -------> nonSkippedSpace
2021-11-19T10:23:47,778|[TRACE] script - #out(` `) [token]
2021-11-19T10:23:47,778|[TRACE] graph - <------- nonSkippedSpace
2021-11-19T10:23:47,778|[TRACE] graph - <----- statementPart
2021-11-19T10:23:47,778|[TRACE] graph - -----> statementPart
2021-11-19T10:23:47,778|[TRACE] graph - -------> nonSkippedSpace
2021-11-19T10:23:47,778|[TRACE] script - #out(` `) [token]
2021-11-19T10:23:47,778|[TRACE] graph - <------- nonSkippedSpace
2021-11-19T10:23:47,778|[TRACE] graph - <----- statementPart
2021-11-19T10:23:47,778|[TRACE] graph - -----> statementPart
2021-11-19T10:23:47,778|[TRACE] graph - -------> nonSkippedSpace
2021-11-19T10:23:47,778|[TRACE] script - #out(` `) [token]
2021-11-19T10:23:47,778|[TRACE] graph - <------- nonSkippedSpace
2021-11-19T10:23:47,778|[TRACE] graph - <----- statementPart
2021-11-19T10:23:47,778|[TRACE] graph - -----> statementPart
2021-11-19T10:23:47,778|[TRACE] graph - -------> nonSkippedChar
2021-11-19T10:23:47,778|[TRACE] script - #out(`F`) [token]
2021-11-19T10:23:47,778|[TRACE] graph - <------- nonSkippedChar
2021-11-19T10:23:47,778|[TRACE] graph - <----- statementPart
2021-11-19T10:23:47,779|[TRACE] graph - -----> statementPart
2021-11-19T10:23:47,779|[TRACE] graph - -------> nonSkippedChar
2021-11-19T10:23:47,779|[TRACE] script - #out(`O`) [token]
2021-11-19T10:23:47,779|[TRACE] graph - <------- nonSkippedChar
2021-11-19T10:23:47,779|[TRACE] graph - <----- statementPart
2021-11-19T10:23:47,779|[TRACE] graph - -----> statementPart
2021-11-19T10:23:47,779|[TRACE] graph - -------> nonSkippedChar
2021-11-19T10:23:47,779|[TRACE] script - #out(`R`) [token]
2021-11-19T10:23:47,779|[TRACE] graph - <------- nonSkippedChar
2021-11-19T10:23:47,779|[TRACE] graph - <----- statementPart
2021-11-19T10:23:47,779|[TRACE] graph - -----> statementPart
2021-11-19T10:23:47,779|[TRACE] graph - -------> nonSkippedChar
2021-11-19T10:23:47,779|[TRACE] script - #out(`E`) [token]
2021-11-19T10:23:47,779|[TRACE] graph - <------- nonSkippedChar
2021-11-19T10:23:47,779|[TRACE] graph - <----- statementPart
2021-11-19T10:23:47,779|[TRACE] graph - -----> statementPart
2021-11-19T10:23:47,779|[TRACE] graph - -------> nonSkippedChar
2021-11-19T10:23:47,779|[TRACE] script - #out(`I`) [token]
2021-11-19T10:23:47,779|[TRACE] graph - <------- nonSkippedChar
2021-11-19T10:23:47,779|[TRACE] graph - <----- statementPart
2021-11-19T10:23:47,779|[TRACE] graph - -----> statementPart
2021-11-19T10:23:47,779|[TRACE] graph - -------> nonSkippedChar
2021-11-19T10:23:47,779|[TRACE] script - #out(`G`) [token]
2021-11-19T10:23:47,779|[TRACE] graph - <------- nonSkippedChar
2021-11-19T10:23:47,779|[TRACE] graph - <----- statementPart
2021-11-19T10:23:47,779|[TRACE] graph - -----> statementPart
2021-11-19T10:23:47,779|[TRACE] graph - -------> nonSkippedChar
2021-11-19T10:23:47,779|[TRACE] script - #out(`N`) [token]
2021-11-19T10:23:47,779|[TRACE] graph - <------- nonSkippedChar
2021-11-19T10:23:47,779|[TRACE] graph - <----- statementPart
2021-11-19T10:23:47,779|[TRACE] graph - -----> statementPart
2021-11-19T10:23:47,779|[TRACE] graph - -------> nonSkippedSpace
2021-11-19T10:23:47,779|[TRACE] script - #out(` `) [token]
2021-11-19T10:23:47,779|[TRACE] graph - <------- nonSkippedSpace
2021-11-19T10:23:47,779|[TRACE] graph - <----- statementPart
2021-11-19T10:23:47,779|[TRACE] graph - -----> statementPart
2021-11-19T10:23:47,779|[TRACE] graph - -------> nonSkippedChar
2021-11-19T10:23:47,779|[TRACE] script - #out(`K`) [token]
2021-11-19T10:23:47,779|[TRACE] graph - <------- nonSkippedChar
2021-11-19T10:23:47,779|[TRACE] graph - <----- statementPart
2021-11-19T10:23:47,779|[TRACE] graph - -----> statementPart
2021-11-19T10:23:47,779|[TRACE] graph - -------> nonSkippedChar
2021-11-19T10:23:47,779|[TRACE] script - #out(`E`) [token]
2021-11-19T10:23:47,779|[TRACE] graph - <------- nonSkippedChar
2021-11-19T10:23:47,779|[TRACE] graph - <----- statementPart
2021-11-19T10:23:47,779|[TRACE] graph - -----> statementPart
2021-11-19T10:23:47,779|[TRACE] graph - -------> nonSkippedChar
2021-11-19T10:23:47,779|[TRACE] script - #out(`Y`) [token]
2021-11-19T10:23:47,779|[TRACE] graph - <------- nonSkippedChar
2021-11-19T10:23:47,779|[TRACE] graph - <----- statementPart
2021-11-19T10:23:47,779|[TRACE] graph - -----> statementPart
2021-11-19T10:23:47,779|[TRACE] graph - -------> nonSkippedSpace
2021-11-19T10:23:47,779|[TRACE] script - #out(` `) [token]
2021-11-19T10:23:47,779|[TRACE] graph - <------- nonSkippedSpace
2021-11-19T10:23:47,779|[TRACE] graph - <----- statementPart
2021-11-19T10:23:47,779|[TRACE] graph - -----> statementPart
2021-11-19T10:23:47,779|[TRACE] graph - -------> nonSkippedChar
2021-11-19T10:23:47,779|[TRACE] script - #out(`(`) [token]
2021-11-19T10:23:47,779|[TRACE] graph - <------- nonSkippedChar
2021-11-19T10:23:47,779|[TRACE] graph - <----- statementPart
2021-11-19T10:23:47,779|[TRACE] graph - -----> statementPart
2021-11-19T10:23:47,779|[TRACE] graph - -------> quotedString
2021-11-19T10:23:47,779|[TRACE] script - #out(``person_id``) [token]
2021-11-19T10:23:47,779|[TRACE] graph - <------- quotedString
2021-11-19T10:23:47,779|[TRACE] graph - <----- statementPart
2021-11-19T10:23:47,779|[TRACE] graph - -----> statementPart
2021-11-19T10:23:47,779|[TRACE] graph - -------> nonSkippedChar
2021-11-19T10:23:47,779|[TRACE] script - #out(`)`) [token]
2021-11-19T10:23:47,779|[TRACE] graph - <------- nonSkippedChar
2021-11-19T10:23:47,779|[TRACE] graph - <----- statementPart
2021-11-19T10:23:47,779|[TRACE] graph - -----> afterStatementPartNewline
2021-11-19T10:23:47,779|[TRACE] script - #out(` `) [text]
2021-11-19T10:23:47,779|[TRACE] graph - <----- afterStatementPartNewline
2021-11-19T10:23:47,779|[TRACE] graph - -----> statementPart
2021-11-19T10:23:47,779|[TRACE] graph - -------> nonSkippedSpace
2021-11-19T10:23:47,779|[TRACE] script - #out(` `) [token]
2021-11-19T10:23:47,779|[TRACE] graph - <------- nonSkippedSpace
2021-11-19T10:23:47,779|[TRACE] graph - <----- statementPart
2021-11-19T10:23:47,779|[TRACE] graph - -----> statementPart
2021-11-19T10:23:47,779|[TRACE] graph - -------> nonSkippedSpace
2021-11-19T10:23:47,779|[TRACE] script - #out(` `) [token]
2021-11-19T10:23:47,779|[TRACE] graph - <------- nonSkippedSpace
2021-11-19T10:23:47,779|[TRACE] graph - <----- statementPart
2021-11-19T10:23:47,779|[TRACE] graph - -----> statementPart
2021-11-19T10:23:47,779|[TRACE] graph - -------> nonSkippedSpace
2021-11-19T10:23:47,779|[TRACE] script - #out(` `) [token]
2021-11-19T10:23:47,779|[TRACE] graph - <------- nonSkippedSpace
2021-11-19T10:23:47,779|[TRACE] graph - <----- statementPart
2021-11-19T10:23:47,779|[TRACE] graph - -----> statementPart
2021-11-19T10:23:47,779|[TRACE] graph - -------> nonSkippedSpace
2021-11-19T10:23:47,779|[TRACE] script - #out(` `) [token]
2021-11-19T10:23:47,779|[TRACE] graph - <------- nonSkippedSpace
2021-11-19T10:23:47,779|[TRACE] graph - <----- statementPart
2021-11-19T10:23:47,779|[TRACE] graph - -----> statementPart
2021-11-19T10:23:47,779|[TRACE] graph - -------> nonSkippedChar
2021-11-19T10:23:47,779|[TRACE] script - #out(`R`) [token]
2021-11-19T10:23:47,779|[TRACE] graph - <------- nonSkippedChar
2021-11-19T10:23:47,779|[TRACE] graph - <----- statementPart
2021-11-19T10:23:47,779|[TRACE] graph - -----> statementPart
2021-11-19T10:23:47,779|[TRACE] graph - -------> nonSkippedChar
2021-11-19T10:23:47,779|[TRACE] script - #out(`E`) [token]
2021-11-19T10:23:47,779|[TRACE] graph - <------- nonSkippedChar
2021-11-19T10:23:47,779|[TRACE] graph - <----- statementPart
2021-11-19T10:23:47,779|[TRACE] graph - -----> statementPart
2021-11-19T10:23:47,779|[TRACE] graph - -------> nonSkippedChar
2021-11-19T10:23:47,779|[TRACE] script - #out(`F`) [token]
2021-11-19T10:23:47,779|[TRACE] graph - <------- nonSkippedChar
2021-11-19T10:23:47,779|[TRACE] graph - <----- statementPart
2021-11-19T10:23:47,779|[TRACE] graph - -----> statementPart
2021-11-19T10:23:47,779|[TRACE] graph - -------> nonSkippedChar
2021-11-19T10:23:47,779|[TRACE] script - #out(`E`) [token]
2021-11-19T10:23:47,779|[TRACE] graph - <------- nonSkippedChar
2021-11-19T10:23:47,779|[TRACE] graph - <----- statementPart
2021-11-19T10:23:47,779|[TRACE] graph - -----> statementPart
2021-11-19T10:23:47,779|[TRACE] graph - -------> nonSkippedChar
2021-11-19T10:23:47,779|[TRACE] script - #out(`R`) [token]
2021-11-19T10:23:47,779|[TRACE] graph - <------- nonSkippedChar
2021-11-19T10:23:47,779|[TRACE] graph - <----- statementPart
2021-11-19T10:23:47,779|[TRACE] graph - -----> statementPart
2021-11-19T10:23:47,779|[TRACE] graph - -------> nonSkippedChar
2021-11-19T10:23:47,779|[TRACE] script - #out(`E`) [token]
2021-11-19T10:23:47,779|[TRACE] graph - <------- nonSkippedChar
2021-11-19T10:23:47,779|[TRACE] graph - <----- statementPart
2021-11-19T10:23:47,779|[TRACE] graph - -----> statementPart
2021-11-19T10:23:47,779|[TRACE] graph - -------> nonSkippedChar
2021-11-19T10:23:47,779|[TRACE] script - #out(`N`) [token]
2021-11-19T10:23:47,838|[TRACE] graph - <------- nonSkippedChar
2021-11-19T10:23:47,838|[TRACE] graph - <----- statementPart
2021-11-19T10:23:47,839|[TRACE] graph - -----> statementPart
2021-11-19T10:23:47,839|[TRACE] graph - -------> nonSkippedChar
2021-11-19T10:23:47,839|[TRACE] script - #out(`C`) [token]
2021-11-19T10:23:47,839|[TRACE] graph - <------- nonSkippedChar
2021-11-19T10:23:47,839|[TRACE] graph - <----- statementPart
2021-11-19T10:23:47,839|[TRACE] graph - -----> statementPart
2021-11-19T10:23:47,839|[TRACE] graph - -------> nonSkippedChar
2021-11-19T10:23:47,839|[TRACE] script - #out(`E`) [token]
2021-11-19T10:23:47,839|[TRACE] graph - <------- nonSkippedChar
2021-11-19T10:23:47,839|[TRACE] graph - <----- statementPart
2021-11-19T10:23:47,839|[TRACE] graph - -----> statementPart
2021-11-19T10:23:47,839|[TRACE] graph - -------> nonSkippedChar
2021-11-19T10:23:47,839|[TRACE] script - #out(`S`) [token]
2021-11-19T10:23:47,839|[TRACE] graph - <------- nonSkippedChar
2021-11-19T10:23:47,839|[TRACE] graph - <----- statementPart
2021-11-19T10:23:47,839|[TRACE] graph - -----> statementPart
2021-11-19T10:23:47,839|[TRACE] graph - -------> nonSkippedSpace
2021-11-19T10:23:47,839|[TRACE] script - #out(` `) [token]
2021-11-19T10:23:47,839|[TRACE] graph - <------- nonSkippedSpace
2021-11-19T10:23:47,839|[TRACE] graph - <----- statementPart
2021-11-19T10:23:47,839|[TRACE] graph - -----> statementPart
2021-11-19T10:23:47,839|[TRACE] graph - -------> quotedString
2021-11-19T10:23:47,839|[TRACE] script - #out(``bloodbank``) [token]
2021-11-19T10:23:47,839|[TRACE] graph - <------- quotedString
2021-11-19T10:23:47,839|[TRACE] graph - <----- statementPart
2021-11-19T10:23:47,839|[TRACE] graph - -----> statementPart
2021-11-19T10:23:47,839|[TRACE] graph - -------> nonSkippedChar
2021-11-19T10:23:47,839|[TRACE] script - #out(`.`) [token]
2021-11-19T10:23:47,839|[TRACE] graph - <------- nonSkippedChar
2021-11-19T10:23:47,839|[TRACE] graph - <----- statementPart
2021-11-19T10:23:47,839|[TRACE] graph - -----> statementPart
2021-11-19T10:23:47,839|[TRACE] graph - -------> quotedString
2021-11-19T10:23:47,839|[TRACE] script - #out(``person``) [token]
2021-11-19T10:23:47,839|[TRACE] graph - <------- quotedString
2021-11-19T10:23:47,839|[TRACE] graph - <----- statementPart
2021-11-19T10:23:47,839|[TRACE] graph - -----> statementPart
2021-11-19T10:23:47,839|[TRACE] graph - -------> nonSkippedSpace
2021-11-19T10:23:47,839|[TRACE] script - #out(` `) [token]
2021-11-19T10:23:47,839|[TRACE] graph - <------- nonSkippedSpace
2021-11-19T10:23:47,839|[TRACE] graph - <----- statementPart
2021-11-19T10:23:47,839|[TRACE] graph - -----> statementPart
2021-11-19T10:23:47,839|[TRACE] graph - -------> nonSkippedChar
2021-11-19T10:23:47,839|[TRACE] script - #out(`(`) [token]
2021-11-19T10:23:47,839|[TRACE] graph - <------- nonSkippedChar
2021-11-19T10:23:47,839|[TRACE] graph - <----- statementPart
2021-11-19T10:23:47,839|[TRACE] graph - -----> statementPart
2021-11-19T10:23:47,839|[TRACE] graph - -------> quotedString
2021-11-19T10:23:47,839|[TRACE] script - #out(``id``) [token]
2021-11-19T10:23:47,839|[TRACE] graph - <------- quotedString
2021-11-19T10:23:47,839|[TRACE] graph - <----- statementPart
2021-11-19T10:23:47,839|[TRACE] graph - -----> statementPart
2021-11-19T10:23:47,839|[TRACE] graph - -------> nonSkippedChar
2021-11-19T10:23:47,839|[TRACE] script - #out(`)`) [token]
2021-11-19T10:23:47,839|[TRACE] graph - <------- nonSkippedChar
2021-11-19T10:23:47,839|[TRACE] graph - <----- statementPart
2021-11-19T10:23:47,839|[TRACE] graph - -----> afterStatementPartNewline
2021-11-19T10:23:47,839|[TRACE] script - #out(` `) [text]
2021-11-19T10:23:47,839|[TRACE] graph - <----- afterStatementPartNewline
2021-11-19T10:23:47,839|[TRACE] graph - -----> statementPart
2021-11-19T10:23:47,839|[TRACE] graph - -------> nonSkippedSpace
2021-11-19T10:23:47,839|[TRACE] script - #out(` `) [token]
2021-11-19T10:23:47,839|[TRACE] graph - <------- nonSkippedSpace
2021-11-19T10:23:47,839|[TRACE] graph - <----- statementPart
2021-11-19T10:23:47,839|[TRACE] graph - -----> statementPart
2021-11-19T10:23:47,839|[TRACE] graph - -------> nonSkippedSpace
2021-11-19T10:23:47,839|[TRACE] script - #out(` `) [token]
2021-11-19T10:23:47,839|[TRACE] graph - <------- nonSkippedSpace
2021-11-19T10:23:47,839|[TRACE] graph - <----- statementPart
2021-11-19T10:23:47,839|[TRACE] graph - -----> statementPart
2021-11-19T10:23:47,839|[TRACE] graph - -------> nonSkippedSpace
2021-11-19T10:23:47,839|[TRACE] script - #out(` `) [token]
2021-11-19T10:23:47,839|[TRACE] graph - <------- nonSkippedSpace
2021-11-19T10:23:47,839|[TRACE] graph - <----- statementPart
2021-11-19T10:23:47,839|[TRACE] graph - -----> statementPart
2021-11-19T10:23:47,839|[TRACE] graph - -------> nonSkippedSpace
2021-11-19T10:23:47,839|[TRACE] script - #out(` `) [token]
2021-11-19T10:23:47,839|[TRACE] graph - <------- nonSkippedSpace
2021-11-19T10:23:47,839|[TRACE] graph - <----- statementPart
2021-11-19T10:23:47,839|[TRACE] graph - -----> statementPart
2021-11-19T10:23:47,839|[TRACE] graph - -------> nonSkippedChar
2021-11-19T10:23:47,839|[TRACE] script - #out(`O`) [token]
2021-11-19T10:23:47,839|[TRACE] graph - <------- nonSkippedChar
2021-11-19T10:23:47,839|[TRACE] graph - <----- statementPart
2021-11-19T10:23:47,839|[TRACE] graph - -----> statementPart
2021-11-19T10:23:47,839|[TRACE] graph - -------> nonSkippedChar
2021-11-19T10:23:47,839|[TRACE] script - #out(`N`) [token]
2021-11-19T10:23:47,839|[TRACE] graph - <------- nonSkippedChar
2021-11-19T10:23:47,839|[TRACE] graph - <----- statementPart
2021-11-19T10:23:47,839|[TRACE] graph - -----> statementPart
2021-11-19T10:23:47,839|[TRACE] graph - -------> nonSkippedSpace
2021-11-19T10:23:47,839|[TRACE] script - #out(` `) [token]
2021-11-19T10:23:47,839|[TRACE] graph - <------- nonSkippedSpace
2021-11-19T10:23:47,839|[TRACE] graph - <----- statementPart
2021-11-19T10:23:47,839|[TRACE] graph - -----> statementPart
2021-11-19T10:23:47,839|[TRACE] graph - -------> nonSkippedChar
2021-11-19T10:23:47,839|[TRACE] script - #out(`D`) [token]
2021-11-19T10:23:47,839|[TRACE] graph - <------- nonSkippedChar
2021-11-19T10:23:47,839|[TRACE] graph - <----- statementPart
2021-11-19T10:23:47,839|[TRACE] graph - -----> statementPart
2021-11-19T10:23:47,839|[TRACE] graph - -------> nonSkippedChar
2021-11-19T10:23:47,839|[TRACE] script - #out(`E`) [token]
2021-11-19T10:23:47,839|[TRACE] graph - <------- nonSkippedChar
2021-11-19T10:23:47,839|[TRACE] graph - <----- statementPart
2021-11-19T10:23:47,839|[TRACE] graph - -----> statementPart
2021-11-19T10:23:47,839|[TRACE] graph - -------> nonSkippedChar
2021-11-19T10:23:47,839|[TRACE] script - #out(`L`) [token]
2021-11-19T10:23:47,839|[TRACE] graph - <------- nonSkippedChar
2021-11-19T10:23:47,839|[TRACE] graph - <----- statementPart
2021-11-19T10:23:47,839|[TRACE] graph - -----> statementPart
2021-11-19T10:23:47,839|[TRACE] graph - -------> nonSkippedChar
2021-11-19T10:23:47,839|[TRACE] script - #out(`E`) [token]
2021-11-19T10:23:47,839|[TRACE] graph - <------- nonSkippedChar
2021-11-19T10:23:47,839|[TRACE] graph - <----- statementPart
2021-11-19T10:23:47,839|[TRACE] graph - -----> statementPart
2021-11-19T10:23:47,839|[TRACE] graph - -------> nonSkippedChar
2021-11-19T10:23:47,839|[TRACE] script - #out(`T`) [token]
2021-11-19T10:23:47,839|[TRACE] graph - <------- nonSkippedChar
2021-11-19T10:23:47,839|[TRACE] graph - <----- statementPart
2021-11-19T10:23:47,839|[TRACE] graph - -----> statementPart
2021-11-19T10:23:47,839|[TRACE] graph - -------> nonSkippedChar
2021-11-19T10:23:47,839|[TRACE] script - #out(`E`) [token]
2021-11-19T10:23:47,839|[TRACE] graph - <------- nonSkippedChar
2021-11-19T10:23:47,839|[TRACE] graph - <----- statementPart
2021-11-19T10:23:47,839|[TRACE] graph - -----> statementPart
2021-11-19T10:23:47,839|[TRACE] graph - -------> nonSkippedSpace
2021-11-19T10:23:47,839|[TRACE] script - #out(` `) [token]
2021-11-19T10:23:47,839|[TRACE] graph - <------- nonSkippedSpace
2021-11-19T10:23:47,839|[TRACE] graph - <----- statementPart
2021-11-19T10:23:47,839|[TRACE] graph - -----> statementPart
2021-11-19T10:23:47,839|[TRACE] graph - -------> nonSkippedChar
2021-11-19T10:23:47,839|[TRACE] script - #out(`N`) [token]
2021-11-19T10:23:47,839|[TRACE] graph - <------- nonSkippedChar
2021-11-19T10:23:47,839|[TRACE] graph - <----- statementPart
2021-11-19T10:23:47,839|[TRACE] graph - -----> statementPart
2021-11-19T10:23:47,839|[TRACE] graph - -------> nonSkippedChar
2021-11-19T10:23:47,839|[TRACE] script - #out(`O`) [token]
2021-11-19T10:23:47,839|[TRACE] graph - <------- nonSkippedChar
2021-11-19T10:23:47,839|[TRACE] graph - <----- statementPart
2021-11-19T10:23:47,839|[TRACE] graph - -----> statementPart
2021-11-19T10:23:47,839|[TRACE] graph - -------> nonSkippedSpace
2021-11-19T10:23:47,839|[TRACE] script - #out(` `) [token]
2021-11-19T10:23:47,839|[TRACE] graph - <------- nonSkippedSpace
2021-11-19T10:23:47,839|[TRACE] graph - <----- statementPart
2021-11-19T10:23:47,839|[TRACE] graph - -----> statementPart
2021-11-19T10:23:47,839|[TRACE] graph - -------> nonSkippedChar
2021-11-19T10:23:47,839|[TRACE] script - #out(`A`) [token]
2021-11-19T10:23:47,839|[TRACE] graph - <------- nonSkippedChar
2021-11-19T10:23:47,839|[TRACE] graph - <----- statementPart
2021-11-19T10:23:47,839|[TRACE] graph - -----> statementPart
2021-11-19T10:23:47,839|[TRACE] graph - -------> nonSkippedChar
2021-11-19T10:23:47,839|[TRACE] script - #out(`C`) [token]
2021-11-19T10:23:47,839|[TRACE] graph - <------- nonSkippedChar
2021-11-19T10:23:47,839|[TRACE] graph - <----- statementPart
2021-11-19T10:23:47,839|[TRACE] graph - -----> statementPart
2021-11-19T10:23:47,839|[TRACE] graph - -------> nonSkippedChar
2021-11-19T10:23:47,839|[TRACE] script - #out(`T`) [token]
2021-11-19T10:23:47,839|[TRACE] graph - <------- nonSkippedChar
2021-11-19T10:23:47,839|[TRACE] graph - <----- statementPart
2021-11-19T10:23:47,839|[TRACE] graph - -----> statementPart
2021-11-19T10:23:47,839|[TRACE] graph - -------> nonSkippedChar
2021-11-19T10:23:47,839|[TRACE] script - #out(`I`) [token]
2021-11-19T10:23:47,839|[TRACE] graph - <------- nonSkippedChar
2021-11-19T10:23:47,839|[TRACE] graph - <----- statementPart
2021-11-19T10:23:47,839|[TRACE] graph - -----> statementPart
2021-11-19T10:23:47,839|[TRACE] graph - -------> nonSkippedChar
2021-11-19T10:23:47,839|[TRACE] script - #out(`O`) [token]
2021-11-19T10:23:47,839|[TRACE] graph - <------- nonSkippedChar
2021-11-19T10:23:47,839|[TRACE] graph - <----- statementPart
2021-11-19T10:23:47,839|[TRACE] graph - -----> statementPart
2021-11-19T10:23:47,839|[TRACE] graph - -------> nonSkippedChar
2021-11-19T10:23:47,839|[TRACE] script - #out(`N`) [token]
2021-11-19T10:23:47,839|[TRACE] graph - <------- nonSkippedChar
2021-11-19T10:23:47,839|[TRACE] graph - <----- statementPart
2021-11-19T10:23:47,839|[TRACE] graph - -----> afterStatementPartNewline
2021-11-19T10:23:47,839|[TRACE] script - #out(` `) [text]
2021-11-19T10:23:47,839|[TRACE] graph - <----- afterStatementPartNewline
2021-11-19T10:23:47,839|[TRACE] graph - -----> statementPart
2021-11-19T10:23:47,839|[TRACE] graph - -------> nonSkippedSpace
2021-11-19T10:23:47,839|[TRACE] script - #out(` `) [token]
2021-11-19T10:23:47,839|[TRACE] graph - <------- nonSkippedSpace
2021-11-19T10:23:47,839|[TRACE] graph - <----- statementPart
2021-11-19T10:23:47,839|[TRACE] graph - -----> statementPart
2021-11-19T10:23:47,839|[TRACE] graph - -------> nonSkippedSpace
2021-11-19T10:23:47,839|[TRACE] script - #out(` `) [token]
2021-11-19T10:23:47,839|[TRACE] graph - <------- nonSkippedSpace
2021-11-19T10:23:47,839|[TRACE] graph - <----- statementPart
2021-11-19T10:23:47,839|[TRACE] graph - -----> statementPart
2021-11-19T10:23:47,839|[TRACE] graph - -------> nonSkippedSpace
2021-11-19T10:23:47,839|[TRACE] script - #out(` `) [token]
2021-11-19T10:23:47,839|[TRACE] graph - <------- nonSkippedSpace
2021-11-19T10:23:47,839|[TRACE] graph - <----- statementPart
2021-11-19T10:23:47,839|[TRACE] graph - -----> statementPart
2021-11-19T10:23:47,839|[TRACE] graph - -------> nonSkippedSpace
2021-11-19T10:23:47,839|[TRACE] script - #out(` `) [token]
2021-11-19T10:23:47,839|[TRACE] graph - <------- nonSkippedSpace
2021-11-19T10:23:47,839|[TRACE] graph - <----- statementPart
2021-11-19T10:23:47,839|[TRACE] graph - -----> statementPart
2021-11-19T10:23:47,839|[TRACE] graph - -------> nonSkippedChar
2021-11-19T10:23:47,839|[TRACE] script - #out(`O`) [token]
2021-11-19T10:23:47,839|[TRACE] graph - <------- nonSkippedChar
2021-11-19T10:23:47,839|[TRACE] graph - <----- statementPart
2021-11-19T10:23:47,839|[TRACE] graph - -----> statementPart
2021-11-19T10:23:47,839|[TRACE] graph - -------> nonSkippedChar
2021-11-19T10:23:47,839|[TRACE] script - #out(`N`) [token]
2021-11-19T10:23:47,839|[TRACE] graph - <------- nonSkippedChar
2021-11-19T10:23:47,839|[TRACE] graph - <----- statementPart
2021-11-19T10:23:47,839|[TRACE] graph - -----> statementPart
2021-11-19T10:23:47,839|[TRACE] graph - -------> nonSkippedSpace
2021-11-19T10:23:47,839|[TRACE] script - #out(` `) [token]
2021-11-19T10:23:47,839|[TRACE] graph - <------- nonSkippedSpace
2021-11-19T10:23:47,839|[TRACE] graph - <----- statementPart
2021-11-19T10:23:47,839|[TRACE] graph - -----> statementPart
2021-11-19T10:23:47,839|[TRACE] graph - -------> nonSkippedChar
2021-11-19T10:23:47,839|[TRACE] script - #out(`U`) [token]
2021-11-19T10:23:47,839|[TRACE] graph - <------- nonSkippedChar
2021-11-19T10:23:47,839|[TRACE] graph - <----- statementPart
2021-11-19T10:23:47,839|[TRACE] graph - -----> statementPart
2021-11-19T10:23:47,839|[TRACE] graph - -------> nonSkippedChar
2021-11-19T10:23:47,839|[TRACE] script - #out(`P`) [token]
2021-11-19T10:23:47,839|[TRACE] graph - <------- nonSkippedChar
2021-11-19T10:23:47,839|[TRACE] graph - <----- statementPart
2021-11-19T10:23:47,839|[TRACE] graph - -----> statementPart
2021-11-19T10:23:47,839|[TRACE] graph - -------> nonSkippedChar
2021-11-19T10:23:47,839|[TRACE] script - #out(`D`) [token]
2021-11-19T10:23:47,839|[TRACE] graph - <------- nonSkippedChar
2021-11-19T10:23:47,839|[TRACE] graph - <----- statementPart
2021-11-19T10:23:47,839|[TRACE] graph - -----> statementPart
2021-11-19T10:23:47,839|[TRACE] graph - -------> nonSkippedChar
2021-11-19T10:23:47,839|[TRACE] script - #out(`A`) [token]
2021-11-19T10:23:47,839|[TRACE] graph - <------- nonSkippedChar
2021-11-19T10:23:47,839|[TRACE] graph - <----- statementPart
2021-11-19T10:23:47,839|[TRACE] graph - -----> statementPart
2021-11-19T10:23:47,839|[TRACE] graph - -------> nonSkippedChar
2021-11-19T10:23:47,839|[TRACE] script - #out(`T`) [token]
2021-11-19T10:23:47,839|[TRACE] graph - <------- nonSkippedChar
2021-11-19T10:23:47,839|[TRACE] graph - <----- statementPart
2021-11-19T10:23:47,839|[TRACE] graph - -----> statementPart
2021-11-19T10:23:47,839|[TRACE] graph - -------> nonSkippedChar
2021-11-19T10:23:47,839|[TRACE] script - #out(`E`) [token]
2021-11-19T10:23:47,839|[TRACE] graph - <------- nonSkippedChar
2021-11-19T10:23:47,839|[TRACE] graph - <----- statementPart
2021-11-19T10:23:47,839|[TRACE] graph - -----> statementPart
2021-11-19T10:23:47,839|[TRACE] graph - -------> nonSkippedSpace
2021-11-19T10:23:47,839|[TRACE] script - #out(` `) [token]
2021-11-19T10:23:47,839|[TRACE] graph - <------- nonSkippedSpace
2021-11-19T10:23:47,839|[TRACE] graph - <----- statementPart
2021-11-19T10:23:47,839|[TRACE] graph - -----> statementPart
2021-11-19T10:23:47,839|[TRACE] graph - -------> nonSkippedChar
2021-11-19T10:23:47,839|[TRACE] script - #out(`N`) [token]
2021-11-19T10:23:47,839|[TRACE] graph - <------- nonSkippedChar
2021-11-19T10:23:47,839|[TRACE] graph - <----- statementPart
2021-11-19T10:23:47,839|[TRACE] graph - -----> statementPart
2021-11-19T10:23:47,839|[TRACE] graph - -------> nonSkippedChar
2021-11-19T10:23:47,839|[TRACE] script - #out(`O`) [token]
2021-11-19T10:23:47,839|[TRACE] graph - <------- nonSkippedChar
2021-11-19T10:23:47,839|[TRACE] graph - <----- statementPart
2021-11-19T10:23:47,839|[TRACE] graph - -----> statementPart
2021-11-19T10:23:47,839|[TRACE] graph - -------> nonSkippedSpace
2021-11-19T10:23:47,839|[TRACE] script - #out(` `) [token]
2021-11-19T10:23:47,839|[TRACE] graph - <------- nonSkippedSpace
2021-11-19T10:23:47,839|[TRACE] graph - <----- statementPart
2021-11-19T10:23:47,839|[TRACE] graph - -----> statementPart
2021-11-19T10:23:47,839|[TRACE] graph - -------> nonSkippedChar
2021-11-19T10:23:47,839|[TRACE] script - #out(`A`) [token]
2021-11-19T10:23:47,839|[TRACE] graph - <------- nonSkippedChar
2021-11-19T10:23:47,839|[TRACE] graph - <----- statementPart
2021-11-19T10:23:47,839|[TRACE] graph - -----> statementPart
2021-11-19T10:23:47,839|[TRACE] graph - -------> nonSkippedChar
2021-11-19T10:23:47,839|[TRACE] script - #out(`C`) [token]
2021-11-19T10:23:47,839|[TRACE] graph - <------- nonSkippedChar
2021-11-19T10:23:47,839|[TRACE] graph - <----- statementPart
2021-11-19T10:23:47,839|[TRACE] graph - -----> statementPart
2021-11-19T10:23:47,839|[TRACE] graph - -------> nonSkippedChar
2021-11-19T10:23:47,839|[TRACE] script - #out(`T`) [token]
2021-11-19T10:23:47,839|[TRACE] graph - <------- nonSkippedChar
2021-11-19T10:23:47,839|[TRACE] graph - <----- statementPart
2021-11-19T10:23:47,839|[TRACE] graph - -----> statementPart
2021-11-19T10:23:47,839|[TRACE] graph - -------> nonSkippedChar
2021-11-19T10:23:47,839|[TRACE] script - #out(`I`) [token]
2021-11-19T10:23:47,839|[TRACE] graph - <------- nonSkippedChar
2021-11-19T10:23:47,839|[TRACE] graph - <----- statementPart
2021-11-19T10:23:47,839|[TRACE] graph - -----> statementPart
2021-11-19T10:23:47,839|[TRACE] graph - -------> nonSkippedChar
2021-11-19T10:23:47,839|[TRACE] script - #out(`O`) [token]
2021-11-19T10:23:47,839|[TRACE] graph - <------- nonSkippedChar
2021-11-19T10:23:47,839|[TRACE] graph - <----- statementPart
2021-11-19T10:23:47,839|[TRACE] graph - -----> statementPart
2021-11-19T10:23:47,839|[TRACE] graph - -------> nonSkippedChar
2021-11-19T10:23:47,839|[TRACE] script - #out(`N`) [token]
2021-11-19T10:23:47,839|[TRACE] graph - <------- nonSkippedChar
2021-11-19T10:23:47,840|[TRACE] graph - <----- statementPart
2021-11-19T10:23:47,840|[TRACE] graph - -----> statementPart
2021-11-19T10:23:47,840|[TRACE] graph - -------> nonSkippedChar
2021-11-19T10:23:47,840|[TRACE] script - #out(`)`) [token]
2021-11-19T10:23:47,840|[TRACE] graph - <------- nonSkippedChar
2021-11-19T10:23:47,840|[TRACE] graph - <----- statementPart
2021-11-19T10:23:47,840|[TRACE] graph - -----> afterStatementPartNewline
2021-11-19T10:23:47,840|[TRACE] script - #out(` `) [text]
2021-11-19T10:23:47,840|[TRACE] graph - <----- afterStatementPartNewline
2021-11-19T10:23:47,840|[TRACE] graph - -----> statementPart
2021-11-19T10:23:47,840|[TRACE] graph - -------> nonSkippedChar
2021-11-19T10:23:47,840|[TRACE] script - #out(`E`) [token]
2021-11-19T10:23:47,840|[TRACE] graph - <------- nonSkippedChar
2021-11-19T10:23:47,840|[TRACE] graph - <----- statementPart
2021-11-19T10:23:47,840|[TRACE] graph - -----> statementPart
2021-11-19T10:23:47,840|[TRACE] graph - -------> nonSkippedChar
2021-11-19T10:23:47,840|[TRACE] script - #out(`N`) [token]
2021-11-19T10:23:47,840|[TRACE] graph - <------- nonSkippedChar
2021-11-19T10:23:47,840|[TRACE] graph - <----- statementPart
2021-11-19T10:23:47,840|[TRACE] graph - -----> statementPart
2021-11-19T10:23:47,840|[TRACE] graph - -------> nonSkippedChar
2021-11-19T10:23:47,840|[TRACE] script - #out(`G`) [token]
2021-11-19T10:23:47,840|[TRACE] graph - <------- nonSkippedChar
2021-11-19T10:23:47,840|[TRACE] graph - <----- statementPart
2021-11-19T10:23:47,840|[TRACE] graph - -----> statementPart
2021-11-19T10:23:47,840|[TRACE] graph - -------> nonSkippedChar
2021-11-19T10:23:47,840|[TRACE] script - #out(`I`) [token]
2021-11-19T10:23:47,840|[TRACE] graph - <------- nonSkippedChar
2021-11-19T10:23:47,840|[TRACE] graph - <----- statementPart
2021-11-19T10:23:47,840|[TRACE] graph - -----> statementPart
2021-11-19T10:23:47,840|[TRACE] graph - -------> nonSkippedChar
2021-11-19T10:23:47,840|[TRACE] script - #out(`N`) [token]
2021-11-19T10:23:47,840|[TRACE] graph - <------- nonSkippedChar
2021-11-19T10:23:47,840|[TRACE] graph - <----- statementPart
2021-11-19T10:23:47,840|[TRACE] graph - -----> statementPart
2021-11-19T10:23:47,840|[TRACE] graph - -------> nonSkippedChar
2021-11-19T10:23:47,840|[TRACE] script - #out(`E`) [token]
2021-11-19T10:23:47,840|[TRACE] graph - <------- nonSkippedChar
2021-11-19T10:23:47,840|[TRACE] graph - <----- statementPart
2021-11-19T10:23:47,840|[TRACE] graph - -----> statementPart
2021-11-19T10:23:47,840|[TRACE] graph - -------> nonSkippedSpace
2021-11-19T10:23:47,840|[TRACE] script - #out(` `) [token]
2021-11-19T10:23:47,840|[TRACE] graph - <------- nonSkippedSpace
2021-11-19T10:23:47,840|[TRACE] graph - <----- statementPart
2021-11-19T10:23:47,840|[TRACE] graph - -----> statementPart
2021-11-19T10:23:47,840|[TRACE] graph - -------> nonSkippedChar
2021-11-19T10:23:47,840|[TRACE] script - #out(`=`) [token]
2021-11-19T10:23:47,840|[TRACE] graph - <------- nonSkippedChar
2021-11-19T10:23:47,840|[TRACE] graph - <----- statementPart
2021-11-19T10:23:47,840|[TRACE] graph - -----> statementPart
2021-11-19T10:23:47,840|[TRACE] graph - -------> nonSkippedSpace
2021-11-19T10:23:47,840|[TRACE] script - #out(` `) [token]
2021-11-19T10:23:47,840|[TRACE] graph - <------- nonSkippedSpace
2021-11-19T10:23:47,840|[TRACE] graph - <----- statementPart
2021-11-19T10:23:47,840|[TRACE] graph - -----> statementPart
2021-11-19T10:23:47,840|[TRACE] graph - -------> nonSkippedChar
2021-11-19T10:23:47,840|[TRACE] script - #out(`I`) [token]
2021-11-19T10:23:47,840|[TRACE] graph - <------- nonSkippedChar
2021-11-19T10:23:47,840|[TRACE] graph - <----- statementPart
2021-11-19T10:23:47,840|[TRACE] graph - -----> statementPart
2021-11-19T10:23:47,840|[TRACE] graph - -------> nonSkippedChar
2021-11-19T10:23:47,840|[TRACE] script - #out(`n`) [token]
2021-11-19T10:23:47,840|[TRACE] graph - <------- nonSkippedChar
2021-11-19T10:23:47,840|[TRACE] graph - <----- statementPart
2021-11-19T10:23:47,840|[TRACE] graph - -----> statementPart
2021-11-19T10:23:47,840|[TRACE] graph - -------> nonSkippedChar
2021-11-19T10:23:47,840|[TRACE] script - #out(`n`) [token]
2021-11-19T10:23:47,840|[TRACE] graph - <------- nonSkippedChar
2021-11-19T10:23:47,840|[TRACE] graph - <----- statementPart
2021-11-19T10:23:47,840|[TRACE] graph - -----> statementPart
2021-11-19T10:23:47,840|[TRACE] graph - -------> nonSkippedChar
2021-11-19T10:23:47,840|[TRACE] script - #out(`o`) [token]
2021-11-19T10:23:47,840|[TRACE] graph - <------- nonSkippedChar
2021-11-19T10:23:47,840|[TRACE] graph - <----- statementPart
2021-11-19T10:23:47,840|[TRACE] graph - -----> statementPart
2021-11-19T10:23:47,840|[TRACE] graph - -------> nonSkippedChar
2021-11-19T10:23:47,840|[TRACE] script - #out(`D`) [token]
2021-11-19T10:23:47,840|[TRACE] graph - <------- nonSkippedChar
2021-11-19T10:23:47,840|[TRACE] graph - <----- statementPart
2021-11-19T10:23:47,840|[TRACE] graph - -----> statementPart
2021-11-19T10:23:47,840|[TRACE] graph - -------> nonSkippedChar
2021-11-19T10:23:47,840|[TRACE] script - #out(`B`) [token]
2021-11-19T10:23:47,840|[TRACE] graph - <------- nonSkippedChar
2021-11-19T10:23:47,840|[TRACE] graph - <----- statementPart
2021-11-19T10:23:47,840|[DEBUG] graph - Import statement : CREATE TABLE IF NOT EXISTS `bloodbank`.`contact` (   `person_id` INT NOT NULL,   `phone_id` INT NOT NULL,   `contact_type` VARCHAR(10) NOT NULL,   `email` VARCHAR(100) NULL,   `address_id` INT NULL,   `created` BIGINT NOT NULL DEFAULT (unix_timestamp(now()) * 1000),   `updated` BIGINT NOT NULL DEFAULT (unix_timestamp(now()) * 1000),   `version` INT NOT NULL DEFAULT 1,   PRIMARY KEY (`person_id`, `phone_id`),   INDEX `fk_contact_phone1_idx` (`phone_id` ASC) VISIBLE,   INDEX `fk_contact_person1_idx` (`person_id` ASC) VISIBLE,   CONSTRAINT `fk_contact_address1`     FOREIGN KEY (`address_id`)     REFERENCES `bloodbank`.`address` (`address_id`)     ON DELETE NO ACTION     ON UPDATE NO ACTION,   CONSTRAINT `fk_contact_phone1`     FOREIGN KEY (`phone_id`)     REFERENCES `bloodbank`.`phone` (`phone_id`)     ON DELETE NO ACTION     ON UPDATE NO ACTION,   CONSTRAINT `fk_contact_person1`     FOREIGN KEY (`person_id`)     REFERENCES `bloodbank`.`person` (`id`)     ON DELETE NO ACTION     ON UPDATE NO ACTION) ENGINE = InnoDB
2021-11-19T10:23:47,840|[TRACE] graph - <--- statement
2021-11-19T10:23:47,840|[TRACE] graph - ---> blankSpacesToSkip
2021-11-19T10:23:47,840|[TRACE] graph - -----> newLineToSkip
2021-11-19T10:23:47,840|[TRACE] graph - <----- newLineToSkip
2021-11-19T10:23:47,840|[TRACE] graph - -----> newLineToSkip
2021-11-19T10:23:47,840|[TRACE] graph - <----- newLineToSkip
2021-11-19T10:23:47,840|[TRACE] graph - -----> newLineToSkip
2021-11-19T10:23:47,840|[TRACE] graph - <----- newLineToSkip
2021-11-19T10:23:47,840|[TRACE] graph - <--- blankSpacesToSkip
2021-11-19T10:23:47,840|[TRACE] graph - ---> statement
2021-11-19T10:23:47,840|[TRACE] graph - -----> statementFirstPart
2021-11-19T10:23:47,840|[TRACE] graph - -------> nonSkippedChar
2021-11-19T10:23:47,840|[TRACE] script - #out(`S`) [token]
2021-11-19T10:23:47,840|[TRACE] graph - <------- nonSkippedChar
2021-11-19T10:23:47,840|[TRACE] graph - <----- statementFirstPart
2021-11-19T10:23:47,840|[TRACE] graph - -----> statementPart
2021-11-19T10:23:47,840|[TRACE] graph - -------> nonSkippedChar
2021-11-19T10:23:47,840|[TRACE] script - #out(`E`) [token]
2021-11-19T10:23:47,840|[TRACE] graph - <------- nonSkippedChar
2021-11-19T10:23:47,840|[TRACE] graph - <----- statementPart
2021-11-19T10:23:47,840|[TRACE] graph - -----> statementPart
2021-11-19T10:23:47,840|[TRACE] graph - -------> nonSkippedChar
2021-11-19T10:23:47,840|[TRACE] script - #out(`T`) [token]
2021-11-19T10:23:47,840|[TRACE] graph - <------- nonSkippedChar
2021-11-19T10:23:47,840|[TRACE] graph - <----- statementPart
2021-11-19T10:23:47,840|[TRACE] graph - -----> statementPart
2021-11-19T10:23:47,840|[TRACE] graph - -------> nonSkippedSpace
2021-11-19T10:23:47,840|[TRACE] script - #out(` `) [token]
2021-11-19T10:23:47,840|[TRACE] graph - <------- nonSkippedSpace
2021-11-19T10:23:47,840|[TRACE] graph - <----- statementPart
2021-11-19T10:23:47,840|[TRACE] graph - -----> statementPart
2021-11-19T10:23:47,840|[TRACE] graph - -------> nonSkippedChar
2021-11-19T10:23:47,840|[TRACE] script - #out(`S`) [token]
2021-11-19T10:23:47,840|[TRACE] graph - <------- nonSkippedChar
2021-11-19T10:23:47,840|[TRACE] graph - <----- statementPart
2021-11-19T10:23:47,840|[TRACE] graph - -----> statementPart
2021-11-19T10:23:47,840|[TRACE] graph - -------> nonSkippedChar
2021-11-19T10:23:47,840|[TRACE] script - #out(`Q`) [token]
2021-11-19T10:23:47,840|[TRACE] graph - <------- nonSkippedChar
2021-11-19T10:23:47,840|[TRACE] graph - <----- statementPart
2021-11-19T10:23:47,840|[TRACE] graph - -----> statementPart
2021-11-19T10:23:47,840|[TRACE] graph - -------> nonSkippedChar
2021-11-19T10:23:47,840|[TRACE] script - #out(`L`) [token]
2021-11-19T10:23:47,840|[TRACE] graph - <------- nonSkippedChar
2021-11-19T10:23:47,840|[TRACE] graph - <----- statementPart
2021-11-19T10:23:47,840|[TRACE] graph - -----> statementPart
2021-11-19T10:23:47,840|[TRACE] graph - -------> nonSkippedChar
2021-11-19T10:23:47,840|[TRACE] script - #out(`_`) [token]
2021-11-19T10:23:47,840|[TRACE] graph - <------- nonSkippedChar
2021-11-19T10:23:47,840|[TRACE] graph - <----- statementPart
2021-11-19T10:23:47,840|[TRACE] graph - -----> statementPart
2021-11-19T10:23:47,840|[TRACE] graph - -------> nonSkippedChar
2021-11-19T10:23:47,840|[TRACE] script - #out(`M`) [token]
2021-11-19T10:23:47,840|[TRACE] graph - <------- nonSkippedChar
2021-11-19T10:23:47,840|[TRACE] graph - <----- statementPart
2021-11-19T10:23:47,840|[TRACE] graph - -----> statementPart
2021-11-19T10:23:47,840|[TRACE] graph - -------> nonSkippedChar
2021-11-19T10:23:47,840|[TRACE] script - #out(`O`) [token]
2021-11-19T10:23:47,840|[TRACE] graph - <------- nonSkippedChar
2021-11-19T10:23:47,840|[TRACE] graph - <----- statementPart
2021-11-19T10:23:47,840|[TRACE] graph - -----> statementPart
2021-11-19T10:23:47,840|[TRACE] graph - -------> nonSkippedChar
2021-11-19T10:23:47,840|[TRACE] script - #out(`D`) [token]
2021-11-19T10:23:47,840|[TRACE] graph - <------- nonSkippedChar
2021-11-19T10:23:47,840|[TRACE] graph - <----- statementPart
2021-11-19T10:23:47,840|[TRACE] graph - -----> statementPart
2021-11-19T10:23:47,840|[TRACE] graph - -------> nonSkippedChar
2021-11-19T10:23:47,840|[TRACE] script - #out(`E`) [token]
2021-11-19T10:23:47,840|[TRACE] graph - <------- nonSkippedChar
2021-11-19T10:23:47,840|[TRACE] graph - <----- statementPart
2021-11-19T10:23:47,840|[TRACE] graph - -----> statementPart
2021-11-19T10:23:47,840|[TRACE] graph - -------> nonSkippedChar
2021-11-19T10:23:47,840|[TRACE] script - #out(`=`) [token]
2021-11-19T10:23:47,840|[TRACE] graph - <------- nonSkippedChar
2021-11-19T10:23:47,840|[TRACE] graph - <----- statementPart
2021-11-19T10:23:47,840|[TRACE] graph - -----> statementPart
2021-11-19T10:23:47,840|[TRACE] graph - -------> nonSkippedChar
2021-11-19T10:23:47,840|[TRACE] script - #out(`@`) [token]
2021-11-19T10:23:47,900|[TRACE] graph - <------- nonSkippedChar
2021-11-19T10:23:47,900|[TRACE] graph - <----- statementPart
2021-11-19T10:23:47,900|[TRACE] graph - -----> statementPart
2021-11-19T10:23:47,900|[TRACE] graph - -------> nonSkippedChar
2021-11-19T10:23:47,900|[TRACE] script - #out(`O`) [token]
2021-11-19T10:23:47,900|[TRACE] graph - <------- nonSkippedChar
2021-11-19T10:23:47,900|[TRACE] graph - <----- statementPart
2021-11-19T10:23:47,900|[TRACE] graph - -----> statementPart
2021-11-19T10:23:47,900|[TRACE] graph - -------> nonSkippedChar
2021-11-19T10:23:47,900|[TRACE] script - #out(`L`) [token]
2021-11-19T10:23:47,900|[TRACE] graph - <------- nonSkippedChar
2021-11-19T10:23:47,900|[TRACE] graph - <----- statementPart
2021-11-19T10:23:47,900|[TRACE] graph - -----> statementPart
2021-11-19T10:23:47,900|[TRACE] graph - -------> nonSkippedChar
2021-11-19T10:23:47,900|[TRACE] script - #out(`D`) [token]
2021-11-19T10:23:47,900|[TRACE] graph - <------- nonSkippedChar
2021-11-19T10:23:47,900|[TRACE] graph - <----- statementPart
2021-11-19T10:23:47,900|[TRACE] graph - -----> statementPart
2021-11-19T10:23:47,900|[TRACE] graph - -------> nonSkippedChar
2021-11-19T10:23:47,900|[TRACE] script - #out(`_`) [token]
2021-11-19T10:23:47,900|[TRACE] graph - <------- nonSkippedChar
2021-11-19T10:23:47,900|[TRACE] graph - <----- statementPart
2021-11-19T10:23:47,900|[TRACE] graph - -----> statementPart
2021-11-19T10:23:47,900|[TRACE] graph - -------> nonSkippedChar
2021-11-19T10:23:47,900|[TRACE] script - #out(`S`) [token]
2021-11-19T10:23:47,900|[TRACE] graph - <------- nonSkippedChar
2021-11-19T10:23:47,900|[TRACE] graph - <----- statementPart
2021-11-19T10:23:47,900|[TRACE] graph - -----> statementPart
2021-11-19T10:23:47,900|[TRACE] graph - -------> nonSkippedChar
2021-11-19T10:23:47,900|[TRACE] script - #out(`Q`) [token]
2021-11-19T10:23:47,900|[TRACE] graph - <------- nonSkippedChar
2021-11-19T10:23:47,900|[TRACE] graph - <----- statementPart
2021-11-19T10:23:47,900|[TRACE] graph - -----> statementPart
2021-11-19T10:23:47,900|[TRACE] graph - -------> nonSkippedChar
2021-11-19T10:23:47,900|[TRACE] script - #out(`L`) [token]
2021-11-19T10:23:47,900|[TRACE] graph - <------- nonSkippedChar
2021-11-19T10:23:47,900|[TRACE] graph - <----- statementPart
2021-11-19T10:23:47,900|[TRACE] graph - -----> statementPart
2021-11-19T10:23:47,900|[TRACE] graph - -------> nonSkippedChar
2021-11-19T10:23:47,900|[TRACE] script - #out(`_`) [token]
2021-11-19T10:23:47,900|[TRACE] graph - <------- nonSkippedChar
2021-11-19T10:23:47,900|[TRACE] graph - <----- statementPart
2021-11-19T10:23:47,900|[TRACE] graph - -----> statementPart
2021-11-19T10:23:47,900|[TRACE] graph - -------> nonSkippedChar
2021-11-19T10:23:47,900|[TRACE] script - #out(`M`) [token]
2021-11-19T10:23:47,900|[TRACE] graph - <------- nonSkippedChar
2021-11-19T10:23:47,900|[TRACE] graph - <----- statementPart
2021-11-19T10:23:47,900|[TRACE] graph - -----> statementPart
2021-11-19T10:23:47,900|[TRACE] graph - -------> nonSkippedChar
2021-11-19T10:23:47,900|[TRACE] script - #out(`O`) [token]
2021-11-19T10:23:47,900|[TRACE] graph - <------- nonSkippedChar
2021-11-19T10:23:47,900|[TRACE] graph - <----- statementPart
2021-11-19T10:23:47,900|[TRACE] graph - -----> statementPart
2021-11-19T10:23:47,900|[TRACE] graph - -------> nonSkippedChar
2021-11-19T10:23:47,900|[TRACE] script - #out(`D`) [token]
2021-11-19T10:23:47,900|[TRACE] graph - <------- nonSkippedChar
2021-11-19T10:23:47,900|[TRACE] graph - <----- statementPart
2021-11-19T10:23:47,900|[TRACE] graph - -----> statementPart
2021-11-19T10:23:47,900|[TRACE] graph - -------> nonSkippedChar
2021-11-19T10:23:47,900|[TRACE] script - #out(`E`) [token]
2021-11-19T10:23:47,900|[TRACE] graph - <------- nonSkippedChar
2021-11-19T10:23:47,900|[TRACE] graph - <----- statementPart
2021-11-19T10:23:47,900|[DEBUG] graph - Import statement : SET SQL_MODE=@OLD_SQL_MODE
2021-11-19T10:23:47,900|[TRACE] graph - <--- statement
2021-11-19T10:23:47,900|[TRACE] graph - ---> blankSpacesToSkip
2021-11-19T10:23:47,900|[TRACE] graph - -----> newLineToSkip
2021-11-19T10:23:47,900|[TRACE] graph - <----- newLineToSkip
2021-11-19T10:23:47,900|[TRACE] graph - <--- blankSpacesToSkip
2021-11-19T10:23:47,900|[TRACE] graph - ---> statement
2021-11-19T10:23:47,900|[TRACE] graph - -----> statementFirstPart
2021-11-19T10:23:47,900|[TRACE] graph - -------> nonSkippedChar
2021-11-19T10:23:47,900|[TRACE] script - #out(`S`) [token]
2021-11-19T10:23:47,900|[TRACE] graph - <------- nonSkippedChar
2021-11-19T10:23:47,900|[TRACE] graph - <----- statementFirstPart
2021-11-19T10:23:47,900|[TRACE] graph - -----> statementPart
2021-11-19T10:23:47,900|[TRACE] graph - -------> nonSkippedChar
2021-11-19T10:23:47,900|[TRACE] script - #out(`E`) [token]
2021-11-19T10:23:47,900|[TRACE] graph - <------- nonSkippedChar
2021-11-19T10:23:47,900|[TRACE] graph - <----- statementPart
2021-11-19T10:23:47,900|[TRACE] graph - -----> statementPart
2021-11-19T10:23:47,900|[TRACE] graph - -------> nonSkippedChar
2021-11-19T10:23:47,900|[TRACE] script - #out(`T`) [token]
2021-11-19T10:23:47,900|[TRACE] graph - <------- nonSkippedChar
2021-11-19T10:23:47,900|[TRACE] graph - <----- statementPart
2021-11-19T10:23:47,900|[TRACE] graph - -----> statementPart
2021-11-19T10:23:47,900|[TRACE] graph - -------> nonSkippedSpace
2021-11-19T10:23:47,900|[TRACE] script - #out(` `) [token]
2021-11-19T10:23:47,900|[TRACE] graph - <------- nonSkippedSpace
2021-11-19T10:23:47,900|[TRACE] graph - <----- statementPart
2021-11-19T10:23:47,900|[TRACE] graph - -----> statementPart
2021-11-19T10:23:47,900|[TRACE] graph - -------> nonSkippedChar
2021-11-19T10:23:47,900|[TRACE] script - #out(`F`) [token]
2021-11-19T10:23:47,900|[TRACE] graph - <------- nonSkippedChar
2021-11-19T10:23:47,900|[TRACE] graph - <----- statementPart
2021-11-19T10:23:47,900|[TRACE] graph - -----> statementPart
2021-11-19T10:23:47,900|[TRACE] graph - -------> nonSkippedChar
2021-11-19T10:23:47,900|[TRACE] script - #out(`O`) [token]
2021-11-19T10:23:47,900|[TRACE] graph - <------- nonSkippedChar
2021-11-19T10:23:47,900|[TRACE] graph - <----- statementPart
2021-11-19T10:23:47,900|[TRACE] graph - -----> statementPart
2021-11-19T10:23:47,900|[TRACE] graph - -------> nonSkippedChar
2021-11-19T10:23:47,900|[TRACE] script - #out(`R`) [token]
2021-11-19T10:23:47,900|[TRACE] graph - <------- nonSkippedChar
2021-11-19T10:23:47,900|[TRACE] graph - <----- statementPart
2021-11-19T10:23:47,900|[TRACE] graph - -----> statementPart
2021-11-19T10:23:47,900|[TRACE] graph - -------> nonSkippedChar
2021-11-19T10:23:47,900|[TRACE] script - #out(`E`) [token]
2021-11-19T10:23:47,900|[TRACE] graph - <------- nonSkippedChar
2021-11-19T10:23:47,900|[TRACE] graph - <----- statementPart
2021-11-19T10:23:47,900|[TRACE] graph - -----> statementPart
2021-11-19T10:23:47,900|[TRACE] graph - -------> nonSkippedChar
2021-11-19T10:23:47,900|[TRACE] script - #out(`I`) [token]
2021-11-19T10:23:47,900|[TRACE] graph - <------- nonSkippedChar
2021-11-19T10:23:47,900|[TRACE] graph - <----- statementPart
2021-11-19T10:23:47,900|[TRACE] graph - -----> statementPart
2021-11-19T10:23:47,901|[TRACE] graph - -------> nonSkippedChar
2021-11-19T10:23:47,901|[TRACE] script - #out(`G`) [token]
2021-11-19T10:23:47,901|[TRACE] graph - <------- nonSkippedChar
2021-11-19T10:23:47,901|[TRACE] graph - <----- statementPart
2021-11-19T10:23:47,901|[TRACE] graph - -----> statementPart
2021-11-19T10:23:47,901|[TRACE] graph - -------> nonSkippedChar
2021-11-19T10:23:47,901|[TRACE] script - #out(`N`) [token]
2021-11-19T10:23:47,901|[TRACE] graph - <------- nonSkippedChar
2021-11-19T10:23:47,901|[TRACE] graph - <----- statementPart
2021-11-19T10:23:47,901|[TRACE] graph - -----> statementPart
2021-11-19T10:23:47,901|[TRACE] graph - -------> nonSkippedChar
2021-11-19T10:23:47,901|[TRACE] script - #out(`_`) [token]
2021-11-19T10:23:47,901|[TRACE] graph - <------- nonSkippedChar
2021-11-19T10:23:47,901|[TRACE] graph - <----- statementPart
2021-11-19T10:23:47,901|[TRACE] graph - -----> statementPart
2021-11-19T10:23:47,901|[TRACE] graph - -------> nonSkippedChar
2021-11-19T10:23:47,901|[TRACE] script - #out(`K`) [token]
2021-11-19T10:23:47,901|[TRACE] graph - <------- nonSkippedChar
2021-11-19T10:23:47,901|[TRACE] graph - <----- statementPart
2021-11-19T10:23:47,901|[TRACE] graph - -----> statementPart
2021-11-19T10:23:47,901|[TRACE] graph - -------> nonSkippedChar
2021-11-19T10:23:47,901|[TRACE] script - #out(`E`) [token]
2021-11-19T10:23:47,901|[TRACE] graph - <------- nonSkippedChar
2021-11-19T10:23:47,901|[TRACE] graph - <----- statementPart
2021-11-19T10:23:47,901|[TRACE] graph - -----> statementPart
2021-11-19T10:23:47,901|[TRACE] graph - -------> nonSkippedChar
2021-11-19T10:23:47,901|[TRACE] script - #out(`Y`) [token]
2021-11-19T10:23:47,901|[TRACE] graph - <------- nonSkippedChar
2021-11-19T10:23:47,901|[TRACE] graph - <----- statementPart
2021-11-19T10:23:47,901|[TRACE] graph - -----> statementPart
2021-11-19T10:23:47,901|[TRACE] graph - -------> nonSkippedChar
2021-11-19T10:23:47,901|[TRACE] script - #out(`_`) [token]
2021-11-19T10:23:47,901|[TRACE] graph - <------- nonSkippedChar
2021-11-19T10:23:47,901|[TRACE] graph - <----- statementPart
2021-11-19T10:23:47,901|[TRACE] graph - -----> statementPart
2021-11-19T10:23:47,901|[TRACE] graph - -------> nonSkippedChar
2021-11-19T10:23:47,901|[TRACE] script - #out(`C`) [token]
2021-11-19T10:23:47,901|[TRACE] graph - <------- nonSkippedChar
2021-11-19T10:23:47,901|[TRACE] graph - <----- statementPart
2021-11-19T10:23:47,901|[TRACE] graph - -----> statementPart
2021-11-19T10:23:47,901|[TRACE] graph - -------> nonSkippedChar
2021-11-19T10:23:47,901|[TRACE] script - #out(`H`) [token]
2021-11-19T10:23:47,901|[TRACE] graph - <------- nonSkippedChar
2021-11-19T10:23:47,901|[TRACE] graph - <----- statementPart
2021-11-19T10:23:47,901|[TRACE] graph - -----> statementPart
2021-11-19T10:23:47,901|[TRACE] graph - -------> nonSkippedChar
2021-11-19T10:23:47,901|[TRACE] script - #out(`E`) [token]
2021-11-19T10:23:47,901|[TRACE] graph - <------- nonSkippedChar
2021-11-19T10:23:47,901|[TRACE] graph - <----- statementPart
2021-11-19T10:23:47,901|[TRACE] graph - -----> statementPart
2021-11-19T10:23:47,901|[TRACE] graph - -------> nonSkippedChar
2021-11-19T10:23:47,901|[TRACE] script - #out(`C`) [token]
2021-11-19T10:23:47,901|[TRACE] graph - <------- nonSkippedChar
2021-11-19T10:23:47,901|[TRACE] graph - <----- statementPart
2021-11-19T10:23:47,901|[TRACE] graph - -----> statementPart
2021-11-19T10:23:47,901|[TRACE] graph - -------> nonSkippedChar
2021-11-19T10:23:47,901|[TRACE] script - #out(`K`) [token]
2021-11-19T10:23:47,901|[TRACE] graph - <------- nonSkippedChar
2021-11-19T10:23:47,901|[TRACE] graph - <----- statementPart
2021-11-19T10:23:47,901|[TRACE] graph - -----> statementPart
2021-11-19T10:23:47,901|[TRACE] graph - -------> nonSkippedChar
2021-11-19T10:23:47,901|[TRACE] script - #out(`S`) [token]
2021-11-19T10:23:47,901|[TRACE] graph - <------- nonSkippedChar
2021-11-19T10:23:47,901|[TRACE] graph - <----- statementPart
2021-11-19T10:23:47,901|[TRACE] graph - -----> statementPart
2021-11-19T10:23:47,901|[TRACE] graph - -------> nonSkippedChar
2021-11-19T10:23:47,901|[TRACE] script - #out(`=`) [token]
2021-11-19T10:23:47,901|[TRACE] graph - <------- nonSkippedChar
2021-11-19T10:23:47,901|[TRACE] graph - <----- statementPart
2021-11-19T10:23:47,901|[TRACE] graph - -----> statementPart
2021-11-19T10:23:47,901|[TRACE] graph - -------> nonSkippedChar
2021-11-19T10:23:47,901|[TRACE] script - #out(`@`) [token]
2021-11-19T10:23:47,901|[TRACE] graph - <------- nonSkippedChar
2021-11-19T10:23:47,901|[TRACE] graph - <----- statementPart
2021-11-19T10:23:47,901|[TRACE] graph - -----> statementPart
2021-11-19T10:23:47,901|[TRACE] graph - -------> nonSkippedChar
2021-11-19T10:23:47,901|[TRACE] script - #out(`O`) [token]
2021-11-19T10:23:47,901|[TRACE] graph - <------- nonSkippedChar
2021-11-19T10:23:47,901|[TRACE] graph - <----- statementPart
2021-11-19T10:23:47,901|[TRACE] graph - -----> statementPart
2021-11-19T10:23:47,901|[TRACE] graph - -------> nonSkippedChar
2021-11-19T10:23:47,901|[TRACE] script - #out(`L`) [token]
2021-11-19T10:23:47,901|[TRACE] graph - <------- nonSkippedChar
2021-11-19T10:23:47,901|[TRACE] graph - <----- statementPart
2021-11-19T10:23:47,901|[TRACE] graph - -----> statementPart
2021-11-19T10:23:47,901|[TRACE] graph - -------> nonSkippedChar
2021-11-19T10:23:47,901|[TRACE] script - #out(`D`) [token]
2021-11-19T10:23:47,901|[TRACE] graph - <------- nonSkippedChar
2021-11-19T10:23:47,901|[TRACE] graph - <----- statementPart
2021-11-19T10:23:47,901|[TRACE] graph - -----> statementPart
2021-11-19T10:23:47,901|[TRACE] graph - -------> nonSkippedChar
2021-11-19T10:23:47,901|[TRACE] script - #out(`_`) [token]
2021-11-19T10:23:47,901|[TRACE] graph - <------- nonSkippedChar
2021-11-19T10:23:47,901|[TRACE] graph - <----- statementPart
2021-11-19T10:23:47,901|[TRACE] graph - -----> statementPart
2021-11-19T10:23:47,901|[TRACE] graph - -------> nonSkippedChar
2021-11-19T10:23:47,901|[TRACE] script - #out(`F`) [token]
2021-11-19T10:23:47,901|[TRACE] graph - <------- nonSkippedChar
2021-11-19T10:23:47,901|[TRACE] graph - <----- statementPart
2021-11-19T10:23:47,901|[TRACE] graph - -----> statementPart
2021-11-19T10:23:47,901|[TRACE] graph - -------> nonSkippedChar
2021-11-19T10:23:47,901|[TRACE] script - #out(`O`) [token]
2021-11-19T10:23:47,901|[TRACE] graph - <------- nonSkippedChar
2021-11-19T10:23:47,901|[TRACE] graph - <----- statementPart
2021-11-19T10:23:47,901|[TRACE] graph - -----> statementPart
2021-11-19T10:23:47,901|[TRACE] graph - -------> nonSkippedChar
2021-11-19T10:23:47,901|[TRACE] script - #out(`R`) [token]
2021-11-19T10:23:47,901|[TRACE] graph - <------- nonSkippedChar
2021-11-19T10:23:47,901|[TRACE] graph - <----- statementPart
2021-11-19T10:23:47,901|[TRACE] graph - -----> statementPart
2021-11-19T10:23:47,901|[TRACE] graph - -------> nonSkippedChar
2021-11-19T10:23:47,901|[TRACE] script - #out(`E`) [token]
2021-11-19T10:23:47,901|[TRACE] graph - <------- nonSkippedChar
2021-11-19T10:23:47,901|[TRACE] graph - <----- statementPart
2021-11-19T10:23:47,901|[TRACE] graph - -----> statementPart
2021-11-19T10:23:47,901|[TRACE] graph - -------> nonSkippedChar
2021-11-19T10:23:47,901|[TRACE] script - #out(`I`) [token]
2021-11-19T10:23:47,901|[TRACE] graph - <------- nonSkippedChar
2021-11-19T10:23:47,901|[TRACE] graph - <----- statementPart
2021-11-19T10:23:47,901|[TRACE] graph - -----> statementPart
2021-11-19T10:23:47,901|[TRACE] graph - -------> nonSkippedChar
2021-11-19T10:23:47,901|[TRACE] script - #out(`G`) [token]
2021-11-19T10:23:47,901|[TRACE] graph - <------- nonSkippedChar
2021-11-19T10:23:47,901|[TRACE] graph - <----- statementPart
2021-11-19T10:23:47,901|[TRACE] graph - -----> statementPart
2021-11-19T10:23:47,901|[TRACE] graph - -------> nonSkippedChar
2021-11-19T10:23:47,901|[TRACE] script - #out(`N`) [token]
2021-11-19T10:23:47,901|[TRACE] graph - <------- nonSkippedChar
2021-11-19T10:23:47,901|[TRACE] graph - <----- statementPart
2021-11-19T10:23:47,901|[TRACE] graph - -----> statementPart
2021-11-19T10:23:47,901|[TRACE] graph - -------> nonSkippedChar
2021-11-19T10:23:47,901|[TRACE] script - #out(`_`) [token]
2021-11-19T10:23:47,901|[TRACE] graph - <------- nonSkippedChar
2021-11-19T10:23:47,901|[TRACE] graph - <----- statementPart
2021-11-19T10:23:47,901|[TRACE] graph - -----> statementPart
2021-11-19T10:23:47,901|[TRACE] graph - -------> nonSkippedChar
2021-11-19T10:23:47,901|[TRACE] script - #out(`K`) [token]
2021-11-19T10:23:47,901|[TRACE] graph - <------- nonSkippedChar
2021-11-19T10:23:47,901|[TRACE] graph - <----- statementPart
2021-11-19T10:23:47,901|[TRACE] graph - -----> statementPart
2021-11-19T10:23:47,901|[TRACE] graph - -------> nonSkippedChar
2021-11-19T10:23:47,901|[TRACE] script - #out(`E`) [token]
2021-11-19T10:23:47,901|[TRACE] graph - <------- nonSkippedChar
2021-11-19T10:23:47,901|[TRACE] graph - <----- statementPart
2021-11-19T10:23:47,901|[TRACE] graph - -----> statementPart
2021-11-19T10:23:47,901|[TRACE] graph - -------> nonSkippedChar
2021-11-19T10:23:47,901|[TRACE] script - #out(`Y`) [token]
2021-11-19T10:23:47,901|[TRACE] graph - <------- nonSkippedChar
2021-11-19T10:23:47,901|[TRACE] graph - <----- statementPart
2021-11-19T10:23:47,901|[TRACE] graph - -----> statementPart
2021-11-19T10:23:47,901|[TRACE] graph - -------> nonSkippedChar
2021-11-19T10:23:47,901|[TRACE] script - #out(`_`) [token]
2021-11-19T10:23:47,901|[TRACE] graph - <------- nonSkippedChar
2021-11-19T10:23:47,901|[TRACE] graph - <----- statementPart
2021-11-19T10:23:47,901|[TRACE] graph - -----> statementPart
2021-11-19T10:23:47,901|[TRACE] graph - -------> nonSkippedChar
2021-11-19T10:23:47,901|[TRACE] script - #out(`C`) [token]
2021-11-19T10:23:47,901|[TRACE] graph - <------- nonSkippedChar
2021-11-19T10:23:47,901|[TRACE] graph - <----- statementPart
2021-11-19T10:23:47,901|[TRACE] graph - -----> statementPart
2021-11-19T10:23:47,901|[TRACE] graph - -------> nonSkippedChar
2021-11-19T10:23:47,901|[TRACE] script - #out(`H`) [token]
2021-11-19T10:23:47,901|[TRACE] graph - <------- nonSkippedChar
2021-11-19T10:23:47,901|[TRACE] graph - <----- statementPart
2021-11-19T10:23:47,901|[TRACE] graph - -----> statementPart
2021-11-19T10:23:47,901|[TRACE] graph - -------> nonSkippedChar
2021-11-19T10:23:47,901|[TRACE] script - #out(`E`) [token]
2021-11-19T10:23:47,901|[TRACE] graph - <------- nonSkippedChar
2021-11-19T10:23:47,901|[TRACE] graph - <----- statementPart
2021-11-19T10:23:47,901|[TRACE] graph - -----> statementPart
2021-11-19T10:23:47,901|[TRACE] graph - -------> nonSkippedChar
2021-11-19T10:23:47,901|[TRACE] script - #out(`C`) [token]
2021-11-19T10:23:47,901|[TRACE] graph - <------- nonSkippedChar
2021-11-19T10:23:47,901|[TRACE] graph - <----- statementPart
2021-11-19T10:23:47,901|[TRACE] graph - -----> statementPart
2021-11-19T10:23:47,901|[TRACE] graph - -------> nonSkippedChar
2021-11-19T10:23:47,901|[TRACE] script - #out(`K`) [token]
2021-11-19T10:23:47,901|[TRACE] graph - <------- nonSkippedChar
2021-11-19T10:23:47,901|[TRACE] graph - <----- statementPart
2021-11-19T10:23:47,901|[TRACE] graph - -----> statementPart
2021-11-19T10:23:47,901|[TRACE] graph - -------> nonSkippedChar
2021-11-19T10:23:47,901|[TRACE] script - #out(`S`) [token]
2021-11-19T10:23:47,901|[TRACE] graph - <------- nonSkippedChar
2021-11-19T10:23:47,901|[TRACE] graph - <----- statementPart
2021-11-19T10:23:47,901|[DEBUG] graph - Import statement : SET FOREIGN_KEY_CHECKS=@OLD_FOREIGN_KEY_CHECKS
2021-11-19T10:23:47,901|[TRACE] graph - <--- statement
2021-11-19T10:23:47,901|[TRACE] graph - ---> blankSpacesToSkip
2021-11-19T10:23:47,901|[TRACE] graph - -----> newLineToSkip
2021-11-19T10:23:47,901|[TRACE] graph - <----- newLineToSkip
2021-11-19T10:23:47,901|[TRACE] graph - <--- blankSpacesToSkip
2021-11-19T10:23:47,901|[TRACE] graph - ---> statement
2021-11-19T10:23:47,901|[TRACE] graph - -----> statementFirstPart
2021-11-19T10:23:47,901|[TRACE] graph - -------> nonSkippedChar
2021-11-19T10:23:47,901|[TRACE] script - #out(`S`) [token]
2021-11-19T10:23:47,901|[TRACE] graph - <------- nonSkippedChar
2021-11-19T10:23:47,901|[TRACE] graph - <----- statementFirstPart
2021-11-19T10:23:47,901|[TRACE] graph - -----> statementPart
2021-11-19T10:23:47,901|[TRACE] graph - -------> nonSkippedChar
2021-11-19T10:23:47,901|[TRACE] script - #out(`E`) [token]
2021-11-19T10:23:47,901|[TRACE] graph - <------- nonSkippedChar
2021-11-19T10:23:47,901|[TRACE] graph - <----- statementPart
2021-11-19T10:23:47,901|[TRACE] graph - -----> statementPart
2021-11-19T10:23:47,901|[TRACE] graph - -------> nonSkippedChar
2021-11-19T10:23:47,901|[TRACE] script - #out(`T`) [token]
2021-11-19T10:23:47,901|[TRACE] graph - <------- nonSkippedChar
2021-11-19T10:23:47,901|[TRACE] graph - <----- statementPart
2021-11-19T10:23:47,901|[TRACE] graph - -----> statementPart
2021-11-19T10:23:47,901|[TRACE] graph - -------> nonSkippedSpace
2021-11-19T10:23:47,901|[TRACE] script - #out(` `) [token]
2021-11-19T10:23:47,901|[TRACE] graph - <------- nonSkippedSpace
2021-11-19T10:23:47,901|[TRACE] graph - <----- statementPart
2021-11-19T10:23:47,901|[TRACE] graph - -----> statementPart
2021-11-19T10:23:47,901|[TRACE] graph - -------> nonSkippedChar
2021-11-19T10:23:47,901|[TRACE] script - #out(`U`) [token]
2021-11-19T10:23:47,901|[TRACE] graph - <------- nonSkippedChar
2021-11-19T10:23:47,901|[TRACE] graph - <----- statementPart
2021-11-19T10:23:47,901|[TRACE] graph - -----> statementPart
2021-11-19T10:23:47,901|[TRACE] graph - -------> nonSkippedChar
2021-11-19T10:23:47,901|[TRACE] script - #out(`N`) [token]
2021-11-19T10:23:47,901|[TRACE] graph - <------- nonSkippedChar
2021-11-19T10:23:47,901|[TRACE] graph - <----- statementPart
2021-11-19T10:23:47,901|[TRACE] graph - -----> statementPart
2021-11-19T10:23:47,901|[TRACE] graph - -------> nonSkippedChar
2021-11-19T10:23:47,901|[TRACE] script - #out(`I`) [token]
2021-11-19T10:23:47,901|[TRACE] graph - <------- nonSkippedChar
2021-11-19T10:23:47,901|[TRACE] graph - <----- statementPart
2021-11-19T10:23:47,901|[TRACE] graph - -----> statementPart
2021-11-19T10:23:47,901|[TRACE] graph - -------> nonSkippedChar
2021-11-19T10:23:47,901|[TRACE] script - #out(`Q`) [token]
2021-11-19T10:23:47,901|[TRACE] graph - <------- nonSkippedChar
2021-11-19T10:23:47,901|[TRACE] graph - <----- statementPart
2021-11-19T10:23:47,901|[TRACE] graph - -----> statementPart
2021-11-19T10:23:47,901|[TRACE] graph - -------> nonSkippedChar
2021-11-19T10:23:47,901|[TRACE] script - #out(`U`) [token]
2021-11-19T10:23:47,901|[TRACE] graph - <------- nonSkippedChar
2021-11-19T10:23:47,901|[TRACE] graph - <----- statementPart
2021-11-19T10:23:47,901|[TRACE] graph - -----> statementPart
2021-11-19T10:23:47,901|[TRACE] graph - -------> nonSkippedChar
2021-11-19T10:23:47,901|[TRACE] script - #out(`E`) [token]
2021-11-19T10:23:47,901|[TRACE] graph - <------- nonSkippedChar
2021-11-19T10:23:47,901|[TRACE] graph - <----- statementPart
2021-11-19T10:23:47,901|[TRACE] graph - -----> statementPart
2021-11-19T10:23:47,901|[TRACE] graph - -------> nonSkippedChar
2021-11-19T10:23:47,901|[TRACE] script - #out(`_`) [token]
2021-11-19T10:23:47,901|[TRACE] graph - <------- nonSkippedChar
2021-11-19T10:23:47,901|[TRACE] graph - <----- statementPart
2021-11-19T10:23:47,901|[TRACE] graph - -----> statementPart
2021-11-19T10:23:47,901|[TRACE] graph - -------> nonSkippedChar
2021-11-19T10:23:47,901|[TRACE] script - #out(`C`) [token]
2021-11-19T10:23:47,901|[TRACE] graph - <------- nonSkippedChar
2021-11-19T10:23:47,901|[TRACE] graph - <----- statementPart
2021-11-19T10:23:47,901|[TRACE] graph - -----> statementPart
2021-11-19T10:23:47,901|[TRACE] graph - -------> nonSkippedChar
2021-11-19T10:23:47,901|[TRACE] script - #out(`H`) [token]
2021-11-19T10:23:47,901|[TRACE] graph - <------- nonSkippedChar
2021-11-19T10:23:47,901|[TRACE] graph - <----- statementPart
2021-11-19T10:23:47,901|[TRACE] graph - -----> statementPart
2021-11-19T10:23:47,901|[TRACE] graph - -------> nonSkippedChar
2021-11-19T10:23:47,901|[TRACE] script - #out(`E`) [token]
2021-11-19T10:23:47,901|[TRACE] graph - <------- nonSkippedChar
2021-11-19T10:23:47,902|[TRACE] graph - <----- statementPart
2021-11-19T10:23:47,902|[TRACE] graph - -----> statementPart
2021-11-19T10:23:47,902|[TRACE] graph - -------> nonSkippedChar
2021-11-19T10:23:47,902|[TRACE] script - #out(`C`) [token]
2021-11-19T10:23:47,902|[TRACE] graph - <------- nonSkippedChar
2021-11-19T10:23:47,902|[TRACE] graph - <----- statementPart
2021-11-19T10:23:47,902|[TRACE] graph - -----> statementPart
2021-11-19T10:23:47,902|[TRACE] graph - -------> nonSkippedChar
2021-11-19T10:23:47,902|[TRACE] script - #out(`K`) [token]
2021-11-19T10:23:47,902|[TRACE] graph - <------- nonSkippedChar
2021-11-19T10:23:47,902|[TRACE] graph - <----- statementPart
2021-11-19T10:23:47,902|[TRACE] graph - -----> statementPart
2021-11-19T10:23:47,902|[TRACE] graph - -------> nonSkippedChar
2021-11-19T10:23:47,902|[TRACE] script - #out(`S`) [token]
2021-11-19T10:23:47,902|[TRACE] graph - <------- nonSkippedChar
2021-11-19T10:23:47,902|[TRACE] graph - <----- statementPart
2021-11-19T10:23:47,902|[TRACE] graph - -----> statementPart
2021-11-19T10:23:47,902|[TRACE] graph - -------> nonSkippedChar
2021-11-19T10:23:47,902|[TRACE] script - #out(`=`) [token]
2021-11-19T10:23:47,902|[TRACE] graph - <------- nonSkippedChar
2021-11-19T10:23:47,902|[TRACE] graph - <----- statementPart
2021-11-19T10:23:47,902|[TRACE] graph - -----> statementPart
2021-11-19T10:23:47,902|[TRACE] graph - -------> nonSkippedChar
2021-11-19T10:23:47,902|[TRACE] script - #out(`@`) [token]
2021-11-19T10:23:47,902|[TRACE] graph - <------- nonSkippedChar
2021-11-19T10:23:47,902|[TRACE] graph - <----- statementPart
2021-11-19T10:23:47,902|[TRACE] graph - -----> statementPart
2021-11-19T10:23:47,902|[TRACE] graph - -------> nonSkippedChar
2021-11-19T10:23:47,902|[TRACE] script - #out(`O`) [token]
2021-11-19T10:23:47,902|[TRACE] graph - <------- nonSkippedChar
2021-11-19T10:23:47,902|[TRACE] graph - <----- statementPart
2021-11-19T10:23:47,902|[TRACE] graph - -----> statementPart
2021-11-19T10:23:47,902|[TRACE] graph - -------> nonSkippedChar
2021-11-19T10:23:47,902|[TRACE] script - #out(`L`) [token]
2021-11-19T10:23:47,902|[TRACE] graph - <------- nonSkippedChar
2021-11-19T10:23:47,902|[TRACE] graph - <----- statementPart
2021-11-19T10:23:47,902|[TRACE] graph - -----> statementPart
2021-11-19T10:23:47,902|[TRACE] graph - -------> nonSkippedChar
2021-11-19T10:23:47,902|[TRACE] script - #out(`D`) [token]
2021-11-19T10:23:47,902|[TRACE] graph - <------- nonSkippedChar
2021-11-19T10:23:47,902|[TRACE] graph - <----- statementPart
2021-11-19T10:23:47,902|[TRACE] graph - -----> statementPart
2021-11-19T10:23:47,902|[TRACE] graph - -------> nonSkippedChar
2021-11-19T10:23:47,902|[TRACE] script - #out(`_`) [token]
2021-11-19T10:23:47,902|[TRACE] graph - <------- nonSkippedChar
2021-11-19T10:23:47,902|[TRACE] graph - <----- statementPart
2021-11-19T10:23:47,902|[TRACE] graph - -----> statementPart
2021-11-19T10:23:47,902|[TRACE] graph - -------> nonSkippedChar
2021-11-19T10:23:47,902|[TRACE] script - #out(`U`) [token]
2021-11-19T10:23:47,902|[TRACE] graph - <------- nonSkippedChar
2021-11-19T10:23:47,902|[TRACE] graph - <----- statementPart
2021-11-19T10:23:47,902|[TRACE] graph - -----> statementPart
2021-11-19T10:23:47,902|[TRACE] graph - -------> nonSkippedChar
2021-11-19T10:23:47,902|[TRACE] script - #out(`N`) [token]
2021-11-19T10:23:47,902|[TRACE] graph - <------- nonSkippedChar
2021-11-19T10:23:47,902|[TRACE] graph - <----- statementPart
2021-11-19T10:23:47,902|[TRACE] graph - -----> statementPart
2021-11-19T10:23:47,902|[TRACE] graph - -------> nonSkippedChar
2021-11-19T10:23:47,902|[TRACE] script - #out(`I`) [token]
2021-11-19T10:23:47,902|[TRACE] graph - <------- nonSkippedChar
2021-11-19T10:23:47,902|[TRACE] graph - <----- statementPart
2021-11-19T10:23:47,902|[TRACE] graph - -----> statementPart
2021-11-19T10:23:47,902|[TRACE] graph - -------> nonSkippedChar
2021-11-19T10:23:47,902|[TRACE] script - #out(`Q`) [token]
2021-11-19T10:23:47,902|[TRACE] graph - <------- nonSkippedChar
2021-11-19T10:23:47,902|[TRACE] graph - <----- statementPart
2021-11-19T10:23:47,902|[TRACE] graph - -----> statementPart
2021-11-19T10:23:47,902|[TRACE] graph - -------> nonSkippedChar
2021-11-19T10:23:47,902|[TRACE] script - #out(`U`) [token]
2021-11-19T10:23:47,902|[TRACE] graph - <------- nonSkippedChar
2021-11-19T10:23:47,902|[TRACE] graph - <----- statementPart
2021-11-19T10:23:47,902|[TRACE] graph - -----> statementPart
2021-11-19T10:23:47,902|[TRACE] graph - -------> nonSkippedChar
2021-11-19T10:23:47,902|[TRACE] script - #out(`E`) [token]
2021-11-19T10:23:47,902|[TRACE] graph - <------- nonSkippedChar
2021-11-19T10:23:47,902|[TRACE] graph - <----- statementPart
2021-11-19T10:23:47,902|[TRACE] graph - -----> statementPart
2021-11-19T10:23:47,902|[TRACE] graph - -------> nonSkippedChar
2021-11-19T10:23:47,902|[TRACE] script - #out(`_`) [token]
2021-11-19T10:23:47,902|[TRACE] graph - <------- nonSkippedChar
2021-11-19T10:23:47,902|[TRACE] graph - <----- statementPart
2021-11-19T10:23:47,902|[TRACE] graph - -----> statementPart
2021-11-19T10:23:47,902|[TRACE] graph - -------> nonSkippedChar
2021-11-19T10:23:47,902|[TRACE] script - #out(`C`) [token]
2021-11-19T10:23:47,902|[TRACE] graph - <------- nonSkippedChar
2021-11-19T10:23:47,902|[TRACE] graph - <----- statementPart
2021-11-19T10:23:47,902|[TRACE] graph - -----> statementPart
2021-11-19T10:23:47,902|[TRACE] graph - -------> nonSkippedChar
2021-11-19T10:23:47,902|[TRACE] script - #out(`H`) [token]
2021-11-19T10:23:47,968|[TRACE] graph - <------- nonSkippedChar
2021-11-19T10:23:47,968|[TRACE] graph - <----- statementPart
2021-11-19T10:23:47,968|[TRACE] graph - -----> statementPart
2021-11-19T10:23:47,968|[TRACE] graph - -------> nonSkippedChar
2021-11-19T10:23:47,968|[TRACE] script - #out(`E`) [token]
2021-11-19T10:23:47,968|[TRACE] graph - <------- nonSkippedChar
2021-11-19T10:23:47,968|[TRACE] graph - <----- statementPart
2021-11-19T10:23:47,968|[TRACE] graph - -----> statementPart
2021-11-19T10:23:47,968|[TRACE] graph - -------> nonSkippedChar
2021-11-19T10:23:47,968|[TRACE] script - #out(`C`) [token]
2021-11-19T10:23:47,968|[TRACE] graph - <------- nonSkippedChar
2021-11-19T10:23:47,968|[TRACE] graph - <----- statementPart
2021-11-19T10:23:47,968|[TRACE] graph - -----> statementPart
2021-11-19T10:23:47,968|[TRACE] graph - -------> nonSkippedChar
2021-11-19T10:23:47,968|[TRACE] script - #out(`K`) [token]
2021-11-19T10:23:47,968|[TRACE] graph - <------- nonSkippedChar
2021-11-19T10:23:47,968|[TRACE] graph - <----- statementPart
2021-11-19T10:23:47,968|[TRACE] graph - -----> statementPart
2021-11-19T10:23:47,968|[TRACE] graph - -------> nonSkippedChar
2021-11-19T10:23:47,968|[TRACE] script - #out(`S`) [token]
2021-11-19T10:23:47,968|[TRACE] graph - <------- nonSkippedChar
2021-11-19T10:23:47,968|[TRACE] graph - <----- statementPart
2021-11-19T10:23:47,968|[DEBUG] graph - Import statement : SET UNIQUE_CHECKS=@OLD_UNIQUE_CHECKS
2021-11-19T10:23:47,968|[TRACE] graph - <--- statement
2021-11-19T10:23:47,968|[TRACE] graph - ---> blankSpacesToSkip
2021-11-19T10:23:47,968|[TRACE] graph - -----> newLineToSkip
2021-11-19T10:23:47,968|[TRACE] graph - <----- newLineToSkip
2021-11-19T10:23:47,968|[TRACE] graph - <--- blankSpacesToSkip
2021-11-19T10:23:47,968|[TRACE] graph - <- script
2021-11-19T10:23:47,968|[DEBUG] SQL - 
    
    SET @OLD_UNIQUE_CHECKS=@@UNIQUE_CHECKS, UNIQUE_CHECKS=0
2021-11-19T10:23:47,968|[INFO ] access - HHH10001501: Connection obtained from JdbcConnectionAccess [org.hibernate.engine.jdbc.env.internal.JdbcEnvironmentInitiator$ConnectionProviderJdbcConnectionAccess@3be50b2c] for (non-JTA) DDL execution was not in auto-commit mode; the Connection 'local transaction' will be committed and the Connection will be set into auto-commit mode.
2021-11-19T10:23:47,969|[DEBUG] SQL - 
    
    SET @OLD_FOREIGN_KEY_CHECKS=@@FOREIGN_KEY_CHECKS, FOREIGN_KEY_CHECKS=0
2021-11-19T10:23:47,969|[DEBUG] SQL - 
    
    SET @OLD_SQL_MODE=@@SQL_MODE, SQL_MODE='ONLY_FULL_GROUP_BY,STRICT_TRANS_TABLES,NO_ZERO_IN_DATE,NO_ZERO_DATE,ERROR_FOR_DIVISION_BY_ZERO,NO_ENGINE_SUBSTITUTION'
2021-11-19T10:23:47,970|[DEBUG] SQL - CREATE SCHEMA IF NOT EXISTS `bloodbank` DEFAULT CHARACTER SET utf8mb4 COLLATE utf8mb4_0900_ai_ci
2021-11-19T10:23:47,979|[DEBUG] SQL - 
    
    USE `bloodbank`
2021-11-19T10:23:47,980|[DEBUG] SQL - 
    
    CREATE TABLE IF NOT EXISTS `bloodbank`.`person` (
          `id` INT NOT NULL AUTO_INCREMENT,
          `first_name` VARCHAR(50) NOT NULL,
          `last_name` VARCHAR(50) NOT NULL,
          `created` BIGINT NOT NULL DEFAULT (unix_timestamp(now()) * 1000),
          `updated` BIGINT NOT NULL DEFAULT (unix_timestamp(now()) * 1000),
          `version` INT NOT NULL DEFAULT '1',
          PRIMARY KEY (`id`)
    ) ENGINE = InnoDB DEFAULT CHARACTER SET = utf8mb4 COLLATE = utf8mb4_0900_ai_ci
2021-11-19T10:23:48,006|[DEBUG] SQL - 
    
    CREATE TABLE IF NOT EXISTS `bloodbank`.`blood_bank` (
          `bank_id` INT NOT NULL AUTO_INCREMENT,
          `name` VARCHAR(100) NOT NULL,
          `privately_owned` BIT(1) NOT NULL,
          `created` BIGINT NOT NULL DEFAULT (unix_timestamp(now()) * 1000),
          `updated` BIGINT NOT NULL DEFAULT (unix_timestamp(now()) * 1000),
          `version` INT NOT NULL DEFAULT 1,
          PRIMARY KEY (`bank_id`),
          UNIQUE INDEX `name_UNIQUE` (`name` ASC) VISIBLE
    ) ENGINE = InnoDB
2021-11-19T10:23:48,034|[DEBUG] SQL - 
    
    CREATE TABLE IF NOT EXISTS `bloodbank`.`blood_donation` (
          `donation_id` INT NOT NULL AUTO_INCREMENT,
          `bank_id` INT NOT NULL,
          `milliliters` INT NOT NULL,
          `blood_group` CHAR(2) NOT NULL,
          `rhd` BIT(1) NOT NULL,
          `created` BIGINT NOT NULL DEFAULT (unix_timestamp(now()) * 1000),
          `updated` BIGINT NOT NULL DEFAULT (unix_timestamp(now()) * 1000),
          `version` INT NOT NULL DEFAULT 1,
          PRIMARY KEY (`donation_id`),
          INDEX `fk_blood_donation_blood_bank1_idx` (`bank_id` ASC) VISIBLE,
          CONSTRAINT `fk_blood_donation_blood_bank1`     FOREIGN KEY (`bank_id`)     REFERENCES `bloodbank`.`blood_bank` (`bank_id`)     ON DELETE NO ACTION     ON UPDATE NO ACTION
    ) ENGINE = InnoDB
2021-11-19T10:23:48,074|[DEBUG] SQL - 
    
    CREATE TABLE IF NOT EXISTS `bloodbank`.`donation_record` (
          `record_id` INT NOT NULL AUTO_INCREMENT,
          `person_id` INT NOT NULL,
          `donation_id` INT NULL,
          `tested` BIT(1) NOT NULL,
          `created` BIGINT NOT NULL DEFAULT (unix_timestamp(now()) * 1000),
          `updated` BIGINT NOT NULL DEFAULT (unix_timestamp(now()) * 1000),
          `version` INT NOT NULL DEFAULT 1,
          INDEX `fk_donation_record_person1_idx` (`person_id` ASC) VISIBLE,
          INDEX `fk_donation_record_blood_donation1_idx` (`donation_id` ASC) VISIBLE,
          UNIQUE INDEX `record_id_UNIQUE` (`record_id` ASC) VISIBLE,
          PRIMARY KEY (`record_id`),
          CONSTRAINT `fk_donation_record_person1`     FOREIGN KEY (`person_id`)     REFERENCES `bloodbank`.`person` (`id`)     ON DELETE NO ACTION     ON UPDATE NO ACTION,
          CONSTRAINT `fk_donation_record_blood_donation1`     FOREIGN KEY (`donation_id`)     REFERENCES `bloodbank`.`blood_donation` (`donation_id`)     ON DELETE NO ACTION     ON UPDATE NO ACTION
    ) ENGINE = InnoDB
2021-11-19T10:23:48,127|[DEBUG] SQL - 
    
    CREATE TABLE IF NOT EXISTS `bloodbank`.`address` (
          `address_id` INT NOT NULL AUTO_INCREMENT,
          `street_number` VARCHAR(10) NOT NULL,
          `street` VARCHAR(100) NOT NULL,
          `city` VARCHAR(100) NOT NULL,
          `province` VARCHAR(100) NOT NULL,
          `country` VARCHAR(100) NOT NULL,
          `zipcode` VARCHAR(100) NOT NULL,
          `created` BIGINT NOT NULL DEFAULT (unix_timestamp(now()) * 1000),
          `updated` BIGINT NOT NULL DEFAULT (unix_timestamp(now()) * 1000),
          `version` INT NOT NULL DEFAULT 1,
          PRIMARY KEY (`address_id`)
    ) ENGINE = InnoDB
2021-11-19T10:23:48,153|[DEBUG] SQL - 
    
    CREATE TABLE IF NOT EXISTS `bloodbank`.`phone` (
          `phone_id` INT NOT NULL AUTO_INCREMENT,
          `country_code` VARCHAR(10) NOT NULL DEFAULT '1',
          `area_code` VARCHAR(10) NOT NULL,
          `number` VARCHAR(10) NOT NULL,
          `created` BIGINT NOT NULL DEFAULT (unix_timestamp(now()) * 1000),
          `updated` BIGINT NOT NULL DEFAULT (unix_timestamp(now()) * 1000),
          `version` INT NOT NULL DEFAULT 1,
          PRIMARY KEY (`phone_id`)
    ) ENGINE = InnoDB
2021-11-19T10:23:48,175|[DEBUG] SQL - 
    
    CREATE TABLE IF NOT EXISTS `bloodbank`.`contact` (
          `person_id` INT NOT NULL,
          `phone_id` INT NOT NULL,
          `contact_type` VARCHAR(10) NOT NULL,
          `email` VARCHAR(100) NULL,
          `address_id` INT NULL,
          `created` BIGINT NOT NULL DEFAULT (unix_timestamp(now()) * 1000),
          `updated` BIGINT NOT NULL DEFAULT (unix_timestamp(now()) * 1000),
          `version` INT NOT NULL DEFAULT 1,
          PRIMARY KEY (`person_id`, `phone_id`),
          INDEX `fk_contact_phone1_idx` (`phone_id` ASC) VISIBLE,
          INDEX `fk_contact_person1_idx` (`person_id` ASC) VISIBLE,
          CONSTRAINT `fk_contact_address1`     FOREIGN KEY (`address_id`)     REFERENCES `bloodbank`.`address` (`address_id`)     ON DELETE NO ACTION     ON UPDATE NO ACTION,
          CONSTRAINT `fk_contact_phone1`     FOREIGN KEY (`phone_id`)     REFERENCES `bloodbank`.`phone` (`phone_id`)     ON DELETE NO ACTION     ON UPDATE NO ACTION,
          CONSTRAINT `fk_contact_person1`     FOREIGN KEY (`person_id`)     REFERENCES `bloodbank`.`person` (`id`)     ON DELETE NO ACTION     ON UPDATE NO ACTION
    ) ENGINE = InnoDB
2021-11-19T10:23:48,226|[DEBUG] SQL - 
    
    SET SQL_MODE=@OLD_SQL_MODE
2021-11-19T10:23:48,227|[DEBUG] SQL - 
    
    SET FOREIGN_KEY_CHECKS=@OLD_FOREIGN_KEY_CHECKS
2021-11-19T10:23:48,227|[DEBUG] SQL - 
    
    SET UNIQUE_CHECKS=@OLD_UNIQUE_CHECKS
2021-11-19T10:23:48,229|[TRACE] AbstractServiceRegistryImpl - Initializing service [role=org.hibernate.engine.transaction.jta.platform.spi.JtaPlatform]
2021-11-19T10:23:48,229|[DEBUG] JtaPlatformInitiator - No JtaPlatform was specified, checking resolver
2021-11-19T10:23:48,229|[TRACE] AbstractServiceRegistryImpl - Initializing service [role=org.hibernate.engine.transaction.jta.platform.spi.JtaPlatformResolver]
2021-11-19T10:23:48,229|[DEBUG] JtaPlatformResolverInitiator - No JtaPlatformResolver was specified, using default [org.hibernate.engine.transaction.jta.platform.internal.StandardJtaPlatformResolver]
2021-11-19T10:23:48,231|[DEBUG] StandardJtaPlatformResolver - Could not resolve JtaPlatform, using default [org.hibernate.engine.transaction.jta.platform.internal.NoJtaPlatform]
2021-11-19T10:23:48,231|[INFO ] JtaPlatformInitiator - HHH000490: Using JtaPlatform implementation: [org.hibernate.engine.transaction.jta.platform.internal.NoJtaPlatform]
2021-11-19T10:23:48,231|[DEBUG] NamedQueryRepository - Checking 2 named HQL queries
2021-11-19T10:23:48,231|[DEBUG] NamedQueryRepository - Checking named query: Contact.findAll
2021-11-19T10:23:48,232|[TRACE] AbstractServiceRegistryImpl - Initializing service [role=org.hibernate.stat.spi.StatisticsImplementor]
2021-11-19T10:23:48,232|[DEBUG] StatisticsInitiator - Statistics initialized [enabled=false]
2021-11-19T10:23:48,232|[TRACE] AbstractServiceRegistryImpl - Initializing service [role=org.hibernate.jmx.spi.JmxService]
2021-11-19T10:23:48,232|[TRACE] QueryPlanCache - Unable to locate HQL query plan in cache; generating (SELECT c FROM Contact c)
2021-11-19T10:23:48,232|[TRACE] AbstractServiceRegistryImpl - Initializing service [role=org.hibernate.hql.spi.QueryTranslatorFactory]
2021-11-19T10:23:48,232|[DEBUG] QueryTranslatorFactoryInitiator - QueryTranslatorFactory: org.hibernate.hql.internal.ast.ASTQueryTranslatorFactory@38a96593
2021-11-19T10:23:48,232|[DEBUG] QueryTranslatorImpl - parse() - HQL: SELECT c FROM bloodbank.entity.Contact c
2021-11-19T10:23:48,232|[TRACE] HqlParser - -> statement
2021-11-19T10:23:48,232|[TRACE] HqlParser - ---> selectStatement
2021-11-19T10:23:48,232|[TRACE] HqlParser - -----> queryRule
2021-11-19T10:23:48,232|[TRACE] HqlParser - -------> selectFrom
2021-11-19T10:23:48,232|[TRACE] HqlParser - ---------> selectClause
2021-11-19T10:23:48,232|[TRACE] HqlParser - -----------> selectedPropertiesList
2021-11-19T10:23:48,232|[TRACE] HqlParser - -------------> aliasedExpression
2021-11-19T10:23:48,232|[TRACE] HqlParser - ---------------> expression
2021-11-19T10:23:48,232|[TRACE] HqlParser - -----------------> logicalOrExpression
2021-11-19T10:23:48,232|[TRACE] HqlParser - -------------------> logicalAndExpression
2021-11-19T10:23:48,232|[TRACE] HqlParser - ---------------------> negatedExpression
2021-11-19T10:23:48,232|[TRACE] HqlParser - -----------------------> equalityExpression
2021-11-19T10:23:48,232|[TRACE] HqlParser - -------------------------> relationalExpression
2021-11-19T10:23:48,232|[TRACE] HqlParser - ---------------------------> concatenation
2021-11-19T10:23:48,232|[TRACE] HqlParser - -----------------------------> additiveExpression
2021-11-19T10:23:48,232|[TRACE] HqlParser - -------------------------------> multiplyExpression
2021-11-19T10:23:48,232|[TRACE] HqlParser - ---------------------------------> unaryExpression
2021-11-19T10:23:48,232|[TRACE] HqlParser - -----------------------------------> atom
2021-11-19T10:23:48,232|[TRACE] HqlParser - -------------------------------------> primaryExpression
2021-11-19T10:23:48,232|[TRACE] HqlParser - ---------------------------------------> identPrimary
2021-11-19T10:23:48,232|[TRACE] HqlParser - -----------------------------------------> identPrimaryBase
2021-11-19T10:23:48,232|[TRACE] HqlParser - -------------------------------------------> identifier
2021-11-19T10:23:48,232|[TRACE] HqlParser - <------------------------------------------- identifier
2021-11-19T10:23:48,232|[TRACE] HqlParser - <----------------------------------------- identPrimaryBase
2021-11-19T10:23:48,232|[TRACE] HqlParser - <--------------------------------------- identPrimary
2021-11-19T10:23:48,232|[TRACE] HqlParser - <------------------------------------- primaryExpression
2021-11-19T10:23:48,232|[TRACE] HqlParser - <----------------------------------- atom
2021-11-19T10:23:48,232|[TRACE] HqlParser - <--------------------------------- unaryExpression
2021-11-19T10:23:48,232|[TRACE] HqlParser - <------------------------------- multiplyExpression
2021-11-19T10:23:48,232|[TRACE] HqlParser - <----------------------------- additiveExpression
2021-11-19T10:23:48,232|[TRACE] HqlParser - <--------------------------- concatenation
2021-11-19T10:23:48,232|[TRACE] HqlParser - <------------------------- relationalExpression
2021-11-19T10:23:48,232|[TRACE] HqlParser - <----------------------- equalityExpression
2021-11-19T10:23:48,232|[TRACE] HqlParser - <--------------------- negatedExpression
2021-11-19T10:23:48,232|[TRACE] HqlParser - <------------------- logicalAndExpression
2021-11-19T10:23:48,232|[TRACE] HqlParser - <----------------- logicalOrExpression
2021-11-19T10:23:48,232|[TRACE] HqlParser - <--------------- expression
2021-11-19T10:23:48,232|[TRACE] HqlParser - <------------- aliasedExpression
2021-11-19T10:23:48,232|[TRACE] HqlParser - <----------- selectedPropertiesList
2021-11-19T10:23:48,232|[TRACE] HqlParser - <--------- selectClause
2021-11-19T10:23:48,232|[TRACE] HqlParser - ---------> fromClause
2021-11-19T10:23:48,232|[TRACE] HqlParser - -----------> fromRange
2021-11-19T10:23:48,232|[TRACE] HqlParser - -------------> fromClassOrOuterQueryPath
2021-11-19T10:23:48,232|[TRACE] HqlParser - ---------------> path
2021-11-19T10:23:48,232|[TRACE] HqlParser - -----------------> identifier
2021-11-19T10:23:48,232|[TRACE] HqlParser - <----------------- identifier
2021-11-19T10:23:48,232|[TRACE] HqlParser - -----------------> identifier
2021-11-19T10:23:48,232|[TRACE] HqlParser - <----------------- identifier
2021-11-19T10:23:48,232|[TRACE] HqlParser - -----------------> identifier
2021-11-19T10:23:48,232|[TRACE] HqlParser - <----------------- identifier
2021-11-19T10:23:48,232|[TRACE] HqlParser - <--------------- path
2021-11-19T10:23:48,232|[TRACE] HqlParser - ---------------> asAlias
2021-11-19T10:23:48,232|[TRACE] HqlParser - -----------------> alias
2021-11-19T10:23:48,232|[TRACE] HqlParser - -------------------> identifier
2021-11-19T10:23:48,233|[TRACE] HqlParser - <------------------- identifier
2021-11-19T10:23:48,233|[TRACE] HqlParser - <----------------- alias
2021-11-19T10:23:48,233|[TRACE] HqlParser - <--------------- asAlias
2021-11-19T10:23:48,233|[TRACE] HqlParser - <------------- fromClassOrOuterQueryPath
2021-11-19T10:23:48,233|[TRACE] HqlParser - <----------- fromRange
2021-11-19T10:23:48,233|[TRACE] HqlParser - <--------- fromClause
2021-11-19T10:23:48,233|[TRACE] HqlParser - <------- selectFrom
2021-11-19T10:23:48,233|[TRACE] HqlParser - <----- queryRule
2021-11-19T10:23:48,233|[TRACE] HqlParser - <--- selectStatement
2021-11-19T10:23:48,233|[TRACE] HqlParser - <- statement
2021-11-19T10:23:48,233|[DEBUG] ErrorTracker - throwQueryException() : no errors
2021-11-19T10:23:48,233|[DEBUG] QueryTranslatorImpl - --- HQL AST ---
 \-[QUERY] Node: 'query'
    \-[SELECT_FROM] Node: 'SELECT_FROM'
       +-[FROM] Node: 'FROM'
       |  \-[RANGE] Node: 'RANGE'
       |     +-[DOT] Node: '.'
       |     |  +-[DOT] Node: '.'
       |     |  |  +-[IDENT] Node: 'bloodbank'
       |     |  |  \-[IDENT] Node: 'entity'
       |     |  \-[IDENT] Node: 'Contact'
       |     \-[ALIAS] Node: 'c'
       \-[SELECT] Node: 'SELECT'
          \-[IDENT] Node: 'c'

2021-11-19T10:23:48,233|[DEBUG] HqlSqlBaseWalker - select << begin [level=1, statement=select]
2021-11-19T10:23:48,233|[DEBUG] FromElement - FromClause{level=1} : bloodbank.entity.Contact (c) -> contact0_
2021-11-19T10:23:48,233|[DEBUG] FromReferenceNode - Resolved : c -> contact0_.person_id, contact0_.phone_id
2021-11-19T10:23:48,233|[DEBUG] HqlSqlBaseWalker - select : finishing up [level=1, statement=select]
2021-11-19T10:23:48,233|[DEBUG] HqlSqlWalker - processQuery() :  ( SELECT ( {select clause} contact0_.person_id, contact0_.phone_id ) ( FromClause{level=1} contact contact0_ ) )
2021-11-19T10:23:48,233|[DEBUG] JoinProcessor - Tables referenced from query nodes:
 \-QueryNode
    +-SelectClause
    | referencedTables(entity Contact): [contact]
    |  +-IdentNode
    |  | persister: SingleTableEntityPersister(bloodbank.entity.Contact)
    |  | originalText: c
    |  \-SqlFragment
    \-FromClause
       \-FromElement

2021-11-19T10:23:48,233|[DEBUG] JoinProcessor - Using FROM fragment [contact contact0_]
2021-11-19T10:23:48,233|[DEBUG] HqlSqlBaseWalker - select >> end [level=1, statement=select]
2021-11-19T10:23:48,234|[DEBUG] QueryTranslatorImpl - --- SQL AST ---
 \-[SELECT] QueryNode: 'SELECT'  querySpaces (contact)
    +-[SELECT_CLAUSE] SelectClause: '{select clause}'
    |  +-[ALIAS_REF] IdentNode: 'contact0_.person_id as person_i1_3_, contact0_.phone_id as phone_id2_3_' {alias=c, className=bloodbank.entity.Contact, tableAlias=contact0_}
    |  \-[SQL_TOKEN] SqlFragment: 'contact0_.created as created3_3_, contact0_.updated as updated4_3_, contact0_.version as version5_3_, contact0_.address_id as address_8_3_, contact0_.contact_type as contact_6_3_, contact0_.email as email7_3_'
    \-[FROM] FromClause: 'FROM' FromClause{level=1, fromElementCounter=1, fromElements=1, fromElementByClassAlias=[c], fromElementByTableAlias=[contact0_], fromElementsByPath=[], collectionJoinFromElementsByPath=[], impliedElements=[]}
       \-[FROM_FRAGMENT] FromElement: 'contact contact0_' FromElement{explicit,not a collection join,not a fetch join,fetch non-lazy properties,classAlias=c,role=null,tableName=contact,tableAlias=contact0_,origin=null,columns={,className=bloodbank.entity.Contact}}

2021-11-19T10:23:48,234|[DEBUG] ErrorTracker - throwQueryException() : no errors
2021-11-19T10:23:48,234|[DEBUG] QueryTranslatorImpl - HQL: SELECT c FROM bloodbank.entity.Contact c
2021-11-19T10:23:48,234|[DEBUG] QueryTranslatorImpl - SQL: select contact0_.person_id as person_i1_3_, contact0_.phone_id as phone_id2_3_, contact0_.created as created3_3_, contact0_.updated as updated4_3_, contact0_.version as version5_3_, contact0_.address_id as address_8_3_, contact0_.contact_type as contact_6_3_, contact0_.email as email7_3_ from contact contact0_
2021-11-19T10:23:48,234|[DEBUG] ErrorTracker - throwQueryException() : no errors
2021-11-19T10:23:48,234|[DEBUG] NamedQueryRepository - Checking named query: Address.findAll
2021-11-19T10:23:48,234|[TRACE] QueryPlanCache - Unable to locate HQL query plan in cache; generating (SELECT a FROM Address a)
2021-11-19T10:23:48,234|[DEBUG] QueryTranslatorImpl - parse() - HQL: SELECT a FROM bloodbank.entity.Address a
2021-11-19T10:23:48,234|[TRACE] HqlParser - -> statement
2021-11-19T10:23:48,234|[TRACE] HqlParser - ---> selectStatement
2021-11-19T10:23:48,234|[TRACE] HqlParser - -----> queryRule
2021-11-19T10:23:48,234|[TRACE] HqlParser - -------> selectFrom
2021-11-19T10:23:48,234|[TRACE] HqlParser - ---------> selectClause
2021-11-19T10:23:48,234|[TRACE] HqlParser - -----------> selectedPropertiesList
2021-11-19T10:23:48,234|[TRACE] HqlParser - -------------> aliasedExpression
2021-11-19T10:23:48,234|[TRACE] HqlParser - ---------------> expression
2021-11-19T10:23:48,234|[TRACE] HqlParser - -----------------> logicalOrExpression
2021-11-19T10:23:48,234|[TRACE] HqlParser - -------------------> logicalAndExpression
2021-11-19T10:23:48,234|[TRACE] HqlParser - ---------------------> negatedExpression
2021-11-19T10:23:48,234|[TRACE] HqlParser - -----------------------> equalityExpression
2021-11-19T10:23:48,234|[TRACE] HqlParser - -------------------------> relationalExpression
2021-11-19T10:23:48,234|[TRACE] HqlParser - ---------------------------> concatenation
2021-11-19T10:23:48,234|[TRACE] HqlParser - -----------------------------> additiveExpression
2021-11-19T10:23:48,234|[TRACE] HqlParser - -------------------------------> multiplyExpression
2021-11-19T10:23:48,234|[TRACE] HqlParser - ---------------------------------> unaryExpression
2021-11-19T10:23:48,234|[TRACE] HqlParser - -----------------------------------> atom
2021-11-19T10:23:48,234|[TRACE] HqlParser - -------------------------------------> primaryExpression
2021-11-19T10:23:48,234|[TRACE] HqlParser - ---------------------------------------> identPrimary
2021-11-19T10:23:48,234|[TRACE] HqlParser - -----------------------------------------> identPrimaryBase
2021-11-19T10:23:48,234|[TRACE] HqlParser - -------------------------------------------> identifier
2021-11-19T10:23:48,234|[TRACE] HqlParser - <------------------------------------------- identifier
2021-11-19T10:23:48,234|[TRACE] HqlParser - <----------------------------------------- identPrimaryBase
2021-11-19T10:23:48,234|[TRACE] HqlParser - <--------------------------------------- identPrimary
2021-11-19T10:23:48,234|[TRACE] HqlParser - <------------------------------------- primaryExpression
2021-11-19T10:23:48,234|[TRACE] HqlParser - <----------------------------------- atom
2021-11-19T10:23:48,234|[TRACE] HqlParser - <--------------------------------- unaryExpression
2021-11-19T10:23:48,234|[TRACE] HqlParser - <------------------------------- multiplyExpression
2021-11-19T10:23:48,234|[TRACE] HqlParser - <----------------------------- additiveExpression
2021-11-19T10:23:48,234|[TRACE] HqlParser - <--------------------------- concatenation
2021-11-19T10:23:48,234|[TRACE] HqlParser - <------------------------- relationalExpression
2021-11-19T10:23:48,234|[TRACE] HqlParser - <----------------------- equalityExpression
2021-11-19T10:23:48,234|[TRACE] HqlParser - <--------------------- negatedExpression
2021-11-19T10:23:48,234|[TRACE] HqlParser - <------------------- logicalAndExpression
2021-11-19T10:23:48,234|[TRACE] HqlParser - <----------------- logicalOrExpression
2021-11-19T10:23:48,234|[TRACE] HqlParser - <--------------- expression
2021-11-19T10:23:48,234|[TRACE] HqlParser - <------------- aliasedExpression
2021-11-19T10:23:48,234|[TRACE] HqlParser - <----------- selectedPropertiesList
2021-11-19T10:23:48,234|[TRACE] HqlParser - <--------- selectClause
2021-11-19T10:23:48,234|[TRACE] HqlParser - ---------> fromClause
2021-11-19T10:23:48,234|[TRACE] HqlParser - -----------> fromRange
2021-11-19T10:23:48,234|[TRACE] HqlParser - -------------> fromClassOrOuterQueryPath
2021-11-19T10:23:48,234|[TRACE] HqlParser - ---------------> path
2021-11-19T10:23:48,234|[TRACE] HqlParser - -----------------> identifier
2021-11-19T10:23:48,234|[TRACE] HqlParser - <----------------- identifier
2021-11-19T10:23:48,234|[TRACE] HqlParser - -----------------> identifier
2021-11-19T10:23:48,234|[TRACE] HqlParser - <----------------- identifier
2021-11-19T10:23:48,234|[TRACE] HqlParser - -----------------> identifier
2021-11-19T10:23:48,234|[TRACE] HqlParser - <----------------- identifier
2021-11-19T10:23:48,234|[TRACE] HqlParser - <--------------- path
2021-11-19T10:23:48,234|[TRACE] HqlParser - ---------------> asAlias
2021-11-19T10:23:48,234|[TRACE] HqlParser - -----------------> alias
2021-11-19T10:23:48,234|[TRACE] HqlParser - -------------------> identifier
2021-11-19T10:23:48,234|[TRACE] HqlParser - <------------------- identifier
2021-11-19T10:23:48,234|[TRACE] HqlParser - <----------------- alias
2021-11-19T10:23:48,234|[TRACE] HqlParser - <--------------- asAlias
2021-11-19T10:23:48,234|[TRACE] HqlParser - <------------- fromClassOrOuterQueryPath
2021-11-19T10:23:48,234|[TRACE] HqlParser - <----------- fromRange
2021-11-19T10:23:48,234|[TRACE] HqlParser - <--------- fromClause
2021-11-19T10:23:48,234|[TRACE] HqlParser - <------- selectFrom
2021-11-19T10:23:48,234|[TRACE] HqlParser - <----- queryRule
2021-11-19T10:23:48,234|[TRACE] HqlParser - <--- selectStatement
2021-11-19T10:23:48,234|[TRACE] HqlParser - <- statement
2021-11-19T10:23:48,234|[DEBUG] ErrorTracker - throwQueryException() : no errors
2021-11-19T10:23:48,234|[DEBUG] QueryTranslatorImpl - --- HQL AST ---
 \-[QUERY] Node: 'query'
    \-[SELECT_FROM] Node: 'SELECT_FROM'
       +-[FROM] Node: 'FROM'
       |  \-[RANGE] Node: 'RANGE'
       |     +-[DOT] Node: '.'
       |     |  +-[DOT] Node: '.'
       |     |  |  +-[IDENT] Node: 'bloodbank'
       |     |  |  \-[IDENT] Node: 'entity'
       |     |  \-[IDENT] Node: 'Address'
       |     \-[ALIAS] Node: 'a'
       \-[SELECT] Node: 'SELECT'
          \-[IDENT] Node: 'a'

2021-11-19T10:23:48,234|[DEBUG] HqlSqlBaseWalker - select << begin [level=1, statement=select]
2021-11-19T10:23:48,235|[DEBUG] FromElement - FromClause{level=1} : bloodbank.entity.Address (a) -> address0_
2021-11-19T10:23:48,235|[DEBUG] FromReferenceNode - Resolved : a -> address0_.address_id
2021-11-19T10:23:48,235|[DEBUG] HqlSqlBaseWalker - select : finishing up [level=1, statement=select]
2021-11-19T10:23:48,235|[DEBUG] HqlSqlWalker - processQuery() :  ( SELECT ( {select clause} address0_.address_id ) ( FromClause{level=1} address address0_ ) )
2021-11-19T10:23:48,235|[DEBUG] JoinProcessor - Tables referenced from query nodes:
 \-QueryNode
    +-SelectClause
    | referencedTables(entity Address): [address]
    |  +-IdentNode
    |  | persister: SingleTableEntityPersister(bloodbank.entity.Address)
    |  | originalText: a
    |  \-SqlFragment
    \-FromClause
       \-FromElement

2021-11-19T10:23:48,235|[DEBUG] JoinProcessor - Using FROM fragment [address address0_]
2021-11-19T10:23:48,235|[DEBUG] HqlSqlBaseWalker - select >> end [level=1, statement=select]
2021-11-19T10:23:48,235|[DEBUG] QueryTranslatorImpl - --- SQL AST ---
 \-[SELECT] QueryNode: 'SELECT'  querySpaces (address)
    +-[SELECT_CLAUSE] SelectClause: '{select clause}'
    |  +-[ALIAS_REF] IdentNode: 'address0_.address_id as address_1_0_' {alias=a, className=bloodbank.entity.Address, tableAlias=address0_}
    |  \-[SQL_TOKEN] SqlFragment: 'address0_.created as created2_0_, address0_.updated as updated3_0_, address0_.version as version4_0_, address0_.city as city5_0_, address0_.country as country6_0_, address0_.province as province7_0_, address0_.street as street8_0_, address0_.street_number as street_n9_0_, address0_.zipcode as zipcode10_0_'
    \-[FROM] FromClause: 'FROM' FromClause{level=1, fromElementCounter=1, fromElements=1, fromElementByClassAlias=[a], fromElementByTableAlias=[address0_], fromElementsByPath=[], collectionJoinFromElementsByPath=[], impliedElements=[]}
       \-[FROM_FRAGMENT] FromElement: 'address address0_' FromElement{explicit,not a collection join,not a fetch join,fetch non-lazy properties,classAlias=a,role=null,tableName=address,tableAlias=address0_,origin=null,columns={,className=bloodbank.entity.Address}}

2021-11-19T10:23:48,235|[DEBUG] ErrorTracker - throwQueryException() : no errors
2021-11-19T10:23:48,235|[DEBUG] QueryTranslatorImpl - HQL: SELECT a FROM bloodbank.entity.Address a
2021-11-19T10:23:48,235|[DEBUG] QueryTranslatorImpl - SQL: select address0_.address_id as address_1_0_, address0_.created as created2_0_, address0_.updated as updated3_0_, address0_.version as version4_0_, address0_.city as city5_0_, address0_.country as country6_0_, address0_.province as province7_0_, address0_.street as street8_0_, address0_.street_number as street_n9_0_, address0_.zipcode as zipcode10_0_ from address address0_
2021-11-19T10:23:48,235|[DEBUG] ErrorTracker - throwQueryException() : no errors
2021-11-19T10:23:48,235|[DEBUG] NamedQueryRepository - Checking 0 named SQL queries
2021-11-19T10:23:48,235|[TRACE] TypeConfiguration$Scope - Handling #sessionFactoryCreated from [org.hibernate.internal.SessionFactoryImpl@43ee1cf7] for TypeConfiguration
2021-11-19T10:23:48,236|[TRACE] AbstractServiceRegistryImpl - Initializing service [role=org.hibernate.engine.jndi.spi.JndiService]
2021-11-19T10:23:48,236|[DEBUG] SessionFactoryRegistry - Registering SessionFactory: 5d62ee91-ee7d-49bc-9209-51399085f71e (<unnamed>)
2021-11-19T10:23:48,236|[DEBUG] SessionFactoryRegistry - Not binding SessionFactory to JNDI, no JNDI name configured
2021-11-19T10:23:48,236|[TRACE] SessionFactoryImpl$SessionBuilderImpl - Opening Hibernate Session.  tenant=null
2021-11-19T10:23:48,236|[TRACE] SessionImpl - Opened Session [d45111bb-4b3e-474c-a25c-f65bbfd08244] at timestamp: 1637335428236
2021-11-19T10:23:48,236|[DEBUG] TransactionImpl - On TransactionImpl creation, JpaCompliance#isJpaTransactionComplianceEnabled == false
2021-11-19T10:23:48,236|[DEBUG] TransactionImpl - begin
2021-11-19T10:23:48,236|[TRACE] AbstractLogicalConnectionImplementor - Preparing to begin transaction via JDBC Connection.setAutoCommit(false)
2021-11-19T10:23:48,237|[TRACE] AbstractLogicalConnectionImplementor - Transaction begun via JDBC Connection.setAutoCommit(false)
2021-11-19T10:23:48,237|[TRACE] JdbcResourceLocalTransactionCoordinatorImpl - ResourceLocalTransactionCoordinatorImpl#afterBeginCallback
2021-11-19T10:23:48,237|[TRACE] QueryPlanCache - Unable to locate HQL query plan in cache; generating (delete DonationRecord as generatedAlias0)
2021-11-19T10:23:48,237|[DEBUG] QueryTranslatorImpl - parse() - HQL: delete bloodbank.entity.DonationRecord as generatedAlias0
2021-11-19T10:23:48,237|[TRACE] HqlParser - -> statement
2021-11-19T10:23:48,237|[TRACE] HqlParser - ---> deleteStatement
2021-11-19T10:23:48,237|[TRACE] HqlParser - -----> optionalFromTokenFromClause
2021-11-19T10:23:48,237|[TRACE] HqlParser - -------> path
2021-11-19T10:23:48,237|[TRACE] HqlParser - ---------> identifier
2021-11-19T10:23:48,237|[TRACE] HqlParser - <--------- identifier
2021-11-19T10:23:48,237|[TRACE] HqlParser - ---------> identifier
2021-11-19T10:23:48,237|[TRACE] HqlParser - <--------- identifier
2021-11-19T10:23:48,237|[TRACE] HqlParser - ---------> identifier
2021-11-19T10:23:48,237|[TRACE] HqlParser - <--------- identifier
2021-11-19T10:23:48,237|[TRACE] HqlParser - <------- path
2021-11-19T10:23:48,237|[TRACE] HqlParser - -------> asAlias
2021-11-19T10:23:48,237|[TRACE] HqlParser - ---------> alias
2021-11-19T10:23:48,237|[TRACE] HqlParser - -----------> identifier
2021-11-19T10:23:48,237|[TRACE] HqlParser - <----------- identifier
2021-11-19T10:23:48,237|[TRACE] HqlParser - <--------- alias
2021-11-19T10:23:48,237|[TRACE] HqlParser - <------- asAlias
2021-11-19T10:23:48,237|[TRACE] HqlParser - <----- optionalFromTokenFromClause
2021-11-19T10:23:48,237|[TRACE] HqlParser - <--- deleteStatement
2021-11-19T10:23:48,237|[TRACE] HqlParser - <- statement
2021-11-19T10:23:48,237|[DEBUG] ErrorTracker - throwQueryException() : no errors
2021-11-19T10:23:48,238|[DEBUG] QueryTranslatorImpl - --- HQL AST ---
 \-[DELETE] Node: 'delete'
    \-[FROM] Node: 'FROM'
       \-[RANGE] Node: 'RANGE'
          +-[DOT] Node: '.'
          |  +-[DOT] Node: '.'
          |  |  +-[IDENT] Node: 'bloodbank'
          |  |  \-[IDENT] Node: 'entity'
          |  \-[IDENT] Node: 'DonationRecord'
          \-[ALIAS] Node: 'generatedAlias0'

2021-11-19T10:23:48,238|[DEBUG] HqlSqlBaseWalker - delete << begin [level=1, statement=delete]
2021-11-19T10:23:48,238|[DEBUG] FromElement - FromClause{level=1} : bloodbank.entity.DonationRecord (generatedAlias0) -> donationre0_
2021-11-19T10:23:48,238|[DEBUG] HqlSqlBaseWalker - delete : finishing up [level=1, statement=delete]
2021-11-19T10:23:48,238|[DEBUG] HqlSqlBaseWalker - delete >> end [level=1, statement=delete]
2021-11-19T10:23:48,238|[DEBUG] QueryTranslatorImpl - --- SQL AST ---
 \-[DELETE] DeleteStatement: 'delete'  querySpaces (donation_record)
    \-[FROM] FromClause: 'FROM' FromClause{level=1, fromElementCounter=1, fromElements=1, fromElementByClassAlias=[generatedAlias0], fromElementByTableAlias=[donationre0_], fromElementsByPath=[], collectionJoinFromElementsByPath=[], impliedElements=[]}
       \-[FROM_FRAGMENT] FromElement: 'donation_record' FromElement{explicit,not a collection join,not a fetch join,fetch non-lazy properties,classAlias=generatedAlias0,role=null,tableName=donation_record,tableAlias=donationre0_,origin=null,columns={,className=bloodbank.entity.DonationRecord}}

2021-11-19T10:23:48,238|[DEBUG] ErrorTracker - throwQueryException() : no errors
2021-11-19T10:23:48,238|[DEBUG] ErrorTracker - throwQueryException() : no errors
2021-11-19T10:23:48,238|[TRACE] QueryPlanCache - Located HQL query plan in cache (delete DonationRecord as generatedAlias0)
2021-11-19T10:23:48,238|[TRACE] HQLQueryPlan - Execute update: delete DonationRecord as generatedAlias0
2021-11-19T10:23:48,238|[TRACE] QueryParameters - Named parameters: {}
2021-11-19T10:23:48,239|[DEBUG] SQL - 
    /* delete DonationRecord as generatedAlias0 */ delete 
        from
            donation_record
2021-11-19T10:23:48,239|[TRACE] ResourceRegistryStandardImpl - Registering statement [com.mysql.cj.jdbc.ClientPreparedStatement: /* delete DonationRecord as generatedAlias0 */ delete from donation_record]
2021-11-19T10:23:48,240|[TRACE] ResourceRegistryStandardImpl - Releasing statement [com.mysql.cj.jdbc.ClientPreparedStatement: /* delete DonationRecord as generatedAlias0 */ delete from donation_record]
2021-11-19T10:23:48,240|[TRACE] ResourceRegistryStandardImpl - Closing prepared statement [com.mysql.cj.jdbc.ClientPreparedStatement: /* delete DonationRecord as generatedAlias0 */ delete from donation_record]
2021-11-19T10:23:48,241|[TRACE] JdbcCoordinatorImpl - Starting after statement execution processing [AFTER_TRANSACTION]
2021-11-19T10:23:48,241|[TRACE] QueryPlanCache - Unable to locate HQL query plan in cache; generating (delete BloodDonation as generatedAlias0)
2021-11-19T10:23:48,241|[DEBUG] QueryTranslatorImpl - parse() - HQL: delete bloodbank.entity.BloodDonation as generatedAlias0
2021-11-19T10:23:48,241|[TRACE] HqlParser - -> statement
2021-11-19T10:23:48,241|[TRACE] HqlParser - ---> deleteStatement
2021-11-19T10:23:48,241|[TRACE] HqlParser - -----> optionalFromTokenFromClause
2021-11-19T10:23:48,241|[TRACE] HqlParser - -------> path
2021-11-19T10:23:48,241|[TRACE] HqlParser - ---------> identifier
2021-11-19T10:23:48,241|[TRACE] HqlParser - <--------- identifier
2021-11-19T10:23:48,241|[TRACE] HqlParser - ---------> identifier
2021-11-19T10:23:48,241|[TRACE] HqlParser - <--------- identifier
2021-11-19T10:23:48,241|[TRACE] HqlParser - ---------> identifier
2021-11-19T10:23:48,241|[TRACE] HqlParser - <--------- identifier
2021-11-19T10:23:48,241|[TRACE] HqlParser - <------- path
2021-11-19T10:23:48,241|[TRACE] HqlParser - -------> asAlias
2021-11-19T10:23:48,241|[TRACE] HqlParser - ---------> alias
2021-11-19T10:23:48,241|[TRACE] HqlParser - -----------> identifier
2021-11-19T10:23:48,241|[TRACE] HqlParser - <----------- identifier
2021-11-19T10:23:48,241|[TRACE] HqlParser - <--------- alias
2021-11-19T10:23:48,241|[TRACE] HqlParser - <------- asAlias
2021-11-19T10:23:48,241|[TRACE] HqlParser - <----- optionalFromTokenFromClause
2021-11-19T10:23:48,241|[TRACE] HqlParser - <--- deleteStatement
2021-11-19T10:23:48,241|[TRACE] HqlParser - <- statement
2021-11-19T10:23:48,241|[DEBUG] ErrorTracker - throwQueryException() : no errors
2021-11-19T10:23:48,241|[DEBUG] QueryTranslatorImpl - --- HQL AST ---
 \-[DELETE] Node: 'delete'
    \-[FROM] Node: 'FROM'
       \-[RANGE] Node: 'RANGE'
          +-[DOT] Node: '.'
          |  +-[DOT] Node: '.'
          |  |  +-[IDENT] Node: 'bloodbank'
          |  |  \-[IDENT] Node: 'entity'
          |  \-[IDENT] Node: 'BloodDonation'
          \-[ALIAS] Node: 'generatedAlias0'

2021-11-19T10:23:48,242|[DEBUG] HqlSqlBaseWalker - delete << begin [level=1, statement=delete]
2021-11-19T10:23:48,242|[DEBUG] FromElement - FromClause{level=1} : bloodbank.entity.BloodDonation (generatedAlias0) -> blooddonat0_
2021-11-19T10:23:48,242|[DEBUG] HqlSqlBaseWalker - delete : finishing up [level=1, statement=delete]
2021-11-19T10:23:48,242|[DEBUG] HqlSqlBaseWalker - delete >> end [level=1, statement=delete]
2021-11-19T10:23:48,242|[DEBUG] QueryTranslatorImpl - --- SQL AST ---
 \-[DELETE] DeleteStatement: 'delete'  querySpaces (blood_donation)
    \-[FROM] FromClause: 'FROM' FromClause{level=1, fromElementCounter=1, fromElements=1, fromElementByClassAlias=[generatedAlias0], fromElementByTableAlias=[blooddonat0_], fromElementsByPath=[], collectionJoinFromElementsByPath=[], impliedElements=[]}
       \-[FROM_FRAGMENT] FromElement: 'blood_donation' FromElement{explicit,not a collection join,not a fetch join,fetch non-lazy properties,classAlias=generatedAlias0,role=null,tableName=blood_donation,tableAlias=blooddonat0_,origin=null,columns={,className=bloodbank.entity.BloodDonation}}

2021-11-19T10:23:48,242|[DEBUG] ErrorTracker - throwQueryException() : no errors
2021-11-19T10:23:48,242|[DEBUG] ErrorTracker - throwQueryException() : no errors
2021-11-19T10:23:48,242|[TRACE] QueryPlanCache - Located HQL query plan in cache (delete BloodDonation as generatedAlias0)
2021-11-19T10:23:48,243|[TRACE] HQLQueryPlan - Execute update: delete BloodDonation as generatedAlias0
2021-11-19T10:23:48,243|[TRACE] QueryParameters - Named parameters: {}
2021-11-19T10:23:48,243|[DEBUG] SQL - 
    /* delete BloodDonation as generatedAlias0 */ delete 
        from
            blood_donation
2021-11-19T10:23:48,243|[TRACE] ResourceRegistryStandardImpl - Registering statement [com.mysql.cj.jdbc.ClientPreparedStatement: /* delete BloodDonation as generatedAlias0 */ delete from blood_donation]
2021-11-19T10:23:48,244|[TRACE] ResourceRegistryStandardImpl - Releasing statement [com.mysql.cj.jdbc.ClientPreparedStatement: /* delete BloodDonation as generatedAlias0 */ delete from blood_donation]
2021-11-19T10:23:48,245|[TRACE] ResourceRegistryStandardImpl - Closing prepared statement [com.mysql.cj.jdbc.ClientPreparedStatement: /* delete BloodDonation as generatedAlias0 */ delete from blood_donation]
2021-11-19T10:23:48,245|[TRACE] JdbcCoordinatorImpl - Starting after statement execution processing [AFTER_TRANSACTION]
2021-11-19T10:23:48,245|[TRACE] QueryPlanCache - Unable to locate HQL query plan in cache; generating (delete BloodBank as generatedAlias0)
2021-11-19T10:23:48,245|[DEBUG] QueryTranslatorImpl - parse() - HQL: delete bloodbank.entity.BloodBank as generatedAlias0
2021-11-19T10:23:48,245|[TRACE] HqlParser - -> statement
2021-11-19T10:23:48,245|[TRACE] HqlParser - ---> deleteStatement
2021-11-19T10:23:48,245|[TRACE] HqlParser - -----> optionalFromTokenFromClause
2021-11-19T10:23:48,245|[TRACE] HqlParser - -------> path
2021-11-19T10:23:48,245|[TRACE] HqlParser - ---------> identifier
2021-11-19T10:23:48,245|[TRACE] HqlParser - <--------- identifier
2021-11-19T10:23:48,245|[TRACE] HqlParser - ---------> identifier
2021-11-19T10:23:48,245|[TRACE] HqlParser - <--------- identifier
2021-11-19T10:23:48,245|[TRACE] HqlParser - ---------> identifier
2021-11-19T10:23:48,245|[TRACE] HqlParser - <--------- identifier
2021-11-19T10:23:48,245|[TRACE] HqlParser - <------- path
2021-11-19T10:23:48,245|[TRACE] HqlParser - -------> asAlias
2021-11-19T10:23:48,245|[TRACE] HqlParser - ---------> alias
2021-11-19T10:23:48,245|[TRACE] HqlParser - -----------> identifier
2021-11-19T10:23:48,245|[TRACE] HqlParser - <----------- identifier
2021-11-19T10:23:48,245|[TRACE] HqlParser - <--------- alias
2021-11-19T10:23:48,245|[TRACE] HqlParser - <------- asAlias
2021-11-19T10:23:48,245|[TRACE] HqlParser - <----- optionalFromTokenFromClause
2021-11-19T10:23:48,245|[TRACE] HqlParser - <--- deleteStatement
2021-11-19T10:23:48,245|[TRACE] HqlParser - <- statement
2021-11-19T10:23:48,245|[DEBUG] ErrorTracker - throwQueryException() : no errors
2021-11-19T10:23:48,245|[DEBUG] QueryTranslatorImpl - --- HQL AST ---
 \-[DELETE] Node: 'delete'
    \-[FROM] Node: 'FROM'
       \-[RANGE] Node: 'RANGE'
          +-[DOT] Node: '.'
          |  +-[DOT] Node: '.'
          |  |  +-[IDENT] Node: 'bloodbank'
          |  |  \-[IDENT] Node: 'entity'
          |  \-[IDENT] Node: 'BloodBank'
          \-[ALIAS] Node: 'generatedAlias0'

2021-11-19T10:23:48,245|[DEBUG] HqlSqlBaseWalker - delete << begin [level=1, statement=delete]
2021-11-19T10:23:48,246|[DEBUG] FromElement - FromClause{level=1} : bloodbank.entity.BloodBank (generatedAlias0) -> bloodbank0_
2021-11-19T10:23:48,246|[DEBUG] HqlSqlBaseWalker - delete : finishing up [level=1, statement=delete]
2021-11-19T10:23:48,246|[DEBUG] HqlSqlBaseWalker - delete >> end [level=1, statement=delete]
2021-11-19T10:23:48,246|[DEBUG] QueryTranslatorImpl - --- SQL AST ---
 \-[DELETE] DeleteStatement: 'delete'  querySpaces (blood_bank)
    \-[FROM] FromClause: 'FROM' FromClause{level=1, fromElementCounter=1, fromElements=1, fromElementByClassAlias=[generatedAlias0], fromElementByTableAlias=[bloodbank0_], fromElementsByPath=[], collectionJoinFromElementsByPath=[], impliedElements=[]}
       \-[FROM_FRAGMENT] FromElement: 'blood_bank' FromElement{explicit,not a collection join,not a fetch join,fetch non-lazy properties,classAlias=generatedAlias0,role=null,tableName=blood_bank,tableAlias=bloodbank0_,origin=null,columns={,className=bloodbank.entity.BloodBank}}

2021-11-19T10:23:48,246|[DEBUG] ErrorTracker - throwQueryException() : no errors
2021-11-19T10:23:48,246|[DEBUG] ErrorTracker - throwQueryException() : no errors
2021-11-19T10:23:48,246|[TRACE] QueryPlanCache - Located HQL query plan in cache (delete BloodBank as generatedAlias0)
2021-11-19T10:23:48,246|[TRACE] HQLQueryPlan - Execute update: delete BloodBank as generatedAlias0
2021-11-19T10:23:48,246|[TRACE] QueryParameters - Named parameters: {}
2021-11-19T10:23:48,246|[DEBUG] SQL - 
    /* delete BloodBank as generatedAlias0 */ delete 
        from
            blood_bank
2021-11-19T10:23:48,246|[TRACE] ResourceRegistryStandardImpl - Registering statement [com.mysql.cj.jdbc.ClientPreparedStatement: /* delete BloodBank as generatedAlias0 */ delete from blood_bank]
2021-11-19T10:23:48,248|[TRACE] ResourceRegistryStandardImpl - Releasing statement [com.mysql.cj.jdbc.ClientPreparedStatement: /* delete BloodBank as generatedAlias0 */ delete from blood_bank]
2021-11-19T10:23:48,248|[TRACE] ResourceRegistryStandardImpl - Closing prepared statement [com.mysql.cj.jdbc.ClientPreparedStatement: /* delete BloodBank as generatedAlias0 */ delete from blood_bank]
2021-11-19T10:23:48,248|[TRACE] JdbcCoordinatorImpl - Starting after statement execution processing [AFTER_TRANSACTION]
2021-11-19T10:23:48,248|[TRACE] QueryPlanCache - Unable to locate HQL query plan in cache; generating (delete Contact as generatedAlias0)
2021-11-19T10:23:48,248|[DEBUG] QueryTranslatorImpl - parse() - HQL: delete bloodbank.entity.Contact as generatedAlias0
2021-11-19T10:23:48,248|[TRACE] HqlParser - -> statement
2021-11-19T10:23:48,248|[TRACE] HqlParser - ---> deleteStatement
2021-11-19T10:23:48,248|[TRACE] HqlParser - -----> optionalFromTokenFromClause
2021-11-19T10:23:48,248|[TRACE] HqlParser - -------> path
2021-11-19T10:23:48,248|[TRACE] HqlParser - ---------> identifier
2021-11-19T10:23:48,248|[TRACE] HqlParser - <--------- identifier
2021-11-19T10:23:48,248|[TRACE] HqlParser - ---------> identifier
2021-11-19T10:23:48,248|[TRACE] HqlParser - <--------- identifier
2021-11-19T10:23:48,248|[TRACE] HqlParser - ---------> identifier
2021-11-19T10:23:48,248|[TRACE] HqlParser - <--------- identifier
2021-11-19T10:23:48,248|[TRACE] HqlParser - <------- path
2021-11-19T10:23:48,248|[TRACE] HqlParser - -------> asAlias
2021-11-19T10:23:48,248|[TRACE] HqlParser - ---------> alias
2021-11-19T10:23:48,248|[TRACE] HqlParser - -----------> identifier
2021-11-19T10:23:48,248|[TRACE] HqlParser - <----------- identifier
2021-11-19T10:23:48,248|[TRACE] HqlParser - <--------- alias
2021-11-19T10:23:48,248|[TRACE] HqlParser - <------- asAlias
2021-11-19T10:23:48,248|[TRACE] HqlParser - <----- optionalFromTokenFromClause
2021-11-19T10:23:48,248|[TRACE] HqlParser - <--- deleteStatement
2021-11-19T10:23:48,248|[TRACE] HqlParser - <- statement
2021-11-19T10:23:48,248|[DEBUG] ErrorTracker - throwQueryException() : no errors
2021-11-19T10:23:48,248|[DEBUG] QueryTranslatorImpl - --- HQL AST ---
 \-[DELETE] Node: 'delete'
    \-[FROM] Node: 'FROM'
       \-[RANGE] Node: 'RANGE'
          +-[DOT] Node: '.'
          |  +-[DOT] Node: '.'
          |  |  +-[IDENT] Node: 'bloodbank'
          |  |  \-[IDENT] Node: 'entity'
          |  \-[IDENT] Node: 'Contact'
          \-[ALIAS] Node: 'generatedAlias0'

2021-11-19T10:23:48,248|[DEBUG] HqlSqlBaseWalker - delete << begin [level=1, statement=delete]
2021-11-19T10:23:48,248|[DEBUG] FromElement - FromClause{level=1} : bloodbank.entity.Contact (generatedAlias0) -> contact0_
2021-11-19T10:23:48,248|[DEBUG] HqlSqlBaseWalker - delete : finishing up [level=1, statement=delete]
2021-11-19T10:23:48,248|[DEBUG] HqlSqlBaseWalker - delete >> end [level=1, statement=delete]
2021-11-19T10:23:48,248|[DEBUG] QueryTranslatorImpl - --- SQL AST ---
 \-[DELETE] DeleteStatement: 'delete'  querySpaces (contact)
    \-[FROM] FromClause: 'FROM' FromClause{level=1, fromElementCounter=1, fromElements=1, fromElementByClassAlias=[generatedAlias0], fromElementByTableAlias=[contact0_], fromElementsByPath=[], collectionJoinFromElementsByPath=[], impliedElements=[]}
       \-[FROM_FRAGMENT] FromElement: 'contact' FromElement{explicit,not a collection join,not a fetch join,fetch non-lazy properties,classAlias=generatedAlias0,role=null,tableName=contact,tableAlias=contact0_,origin=null,columns={,className=bloodbank.entity.Contact}}

2021-11-19T10:23:48,248|[DEBUG] ErrorTracker - throwQueryException() : no errors
2021-11-19T10:23:48,248|[DEBUG] ErrorTracker - throwQueryException() : no errors
2021-11-19T10:23:48,249|[TRACE] QueryPlanCache - Located HQL query plan in cache (delete Contact as generatedAlias0)
2021-11-19T10:23:48,249|[TRACE] HQLQueryPlan - Execute update: delete Contact as generatedAlias0
2021-11-19T10:23:48,249|[TRACE] QueryParameters - Named parameters: {}
2021-11-19T10:23:48,249|[DEBUG] SQL - 
    /* delete Contact as generatedAlias0 */ delete 
        from
            contact
2021-11-19T10:23:48,249|[TRACE] ResourceRegistryStandardImpl - Registering statement [com.mysql.cj.jdbc.ClientPreparedStatement: /* delete Contact as generatedAlias0 */ delete from contact]
2021-11-19T10:23:48,250|[TRACE] ResourceRegistryStandardImpl - Releasing statement [com.mysql.cj.jdbc.ClientPreparedStatement: /* delete Contact as generatedAlias0 */ delete from contact]
2021-11-19T10:23:48,250|[TRACE] ResourceRegistryStandardImpl - Closing prepared statement [com.mysql.cj.jdbc.ClientPreparedStatement: /* delete Contact as generatedAlias0 */ delete from contact]
2021-11-19T10:23:48,250|[TRACE] JdbcCoordinatorImpl - Starting after statement execution processing [AFTER_TRANSACTION]
2021-11-19T10:23:48,250|[TRACE] QueryPlanCache - Unable to locate HQL query plan in cache; generating (delete Person as generatedAlias0)
2021-11-19T10:23:48,250|[DEBUG] QueryTranslatorImpl - parse() - HQL: delete bloodbank.entity.Person as generatedAlias0
2021-11-19T10:23:48,250|[TRACE] HqlParser - -> statement
2021-11-19T10:23:48,250|[TRACE] HqlParser - ---> deleteStatement
2021-11-19T10:23:48,250|[TRACE] HqlParser - -----> optionalFromTokenFromClause
2021-11-19T10:23:48,250|[TRACE] HqlParser - -------> path
2021-11-19T10:23:48,250|[TRACE] HqlParser - ---------> identifier
2021-11-19T10:23:48,250|[TRACE] HqlParser - <--------- identifier
2021-11-19T10:23:48,250|[TRACE] HqlParser - ---------> identifier
2021-11-19T10:23:48,250|[TRACE] HqlParser - <--------- identifier
2021-11-19T10:23:48,250|[TRACE] HqlParser - ---------> identifier
2021-11-19T10:23:48,250|[TRACE] HqlParser - <--------- identifier
2021-11-19T10:23:48,250|[TRACE] HqlParser - <------- path
2021-11-19T10:23:48,250|[TRACE] HqlParser - -------> asAlias
2021-11-19T10:23:48,250|[TRACE] HqlParser - ---------> alias
2021-11-19T10:23:48,250|[TRACE] HqlParser - -----------> identifier
2021-11-19T10:23:48,250|[TRACE] HqlParser - <----------- identifier
2021-11-19T10:23:48,250|[TRACE] HqlParser - <--------- alias
2021-11-19T10:23:48,250|[TRACE] HqlParser - <------- asAlias
2021-11-19T10:23:48,250|[TRACE] HqlParser - <----- optionalFromTokenFromClause
2021-11-19T10:23:48,251|[TRACE] HqlParser - <--- deleteStatement
2021-11-19T10:23:48,251|[TRACE] HqlParser - <- statement
2021-11-19T10:23:48,251|[DEBUG] ErrorTracker - throwQueryException() : no errors
2021-11-19T10:23:48,251|[DEBUG] QueryTranslatorImpl - --- HQL AST ---
 \-[DELETE] Node: 'delete'
    \-[FROM] Node: 'FROM'
       \-[RANGE] Node: 'RANGE'
          +-[DOT] Node: '.'
          |  +-[DOT] Node: '.'
          |  |  +-[IDENT] Node: 'bloodbank'
          |  |  \-[IDENT] Node: 'entity'
          |  \-[IDENT] Node: 'Person'
          \-[ALIAS] Node: 'generatedAlias0'

2021-11-19T10:23:48,251|[DEBUG] HqlSqlBaseWalker - delete << begin [level=1, statement=delete]
2021-11-19T10:23:48,251|[DEBUG] FromElement - FromClause{level=1} : bloodbank.entity.Person (generatedAlias0) -> person0_
2021-11-19T10:23:48,251|[DEBUG] HqlSqlBaseWalker - delete : finishing up [level=1, statement=delete]
2021-11-19T10:23:48,251|[DEBUG] HqlSqlBaseWalker - delete >> end [level=1, statement=delete]
2021-11-19T10:23:48,251|[DEBUG] QueryTranslatorImpl - --- SQL AST ---
 \-[DELETE] DeleteStatement: 'delete'  querySpaces (person)
    \-[FROM] FromClause: 'FROM' FromClause{level=1, fromElementCounter=1, fromElements=1, fromElementByClassAlias=[generatedAlias0], fromElementByTableAlias=[person0_], fromElementsByPath=[], collectionJoinFromElementsByPath=[], impliedElements=[]}
       \-[FROM_FRAGMENT] FromElement: 'person' FromElement{explicit,not a collection join,not a fetch join,fetch non-lazy properties,classAlias=generatedAlias0,role=null,tableName=person,tableAlias=person0_,origin=null,columns={,className=bloodbank.entity.Person}}

2021-11-19T10:23:48,251|[DEBUG] ErrorTracker - throwQueryException() : no errors
2021-11-19T10:23:48,251|[DEBUG] ErrorTracker - throwQueryException() : no errors
2021-11-19T10:23:48,251|[TRACE] QueryPlanCache - Located HQL query plan in cache (delete Person as generatedAlias0)
2021-11-19T10:23:48,251|[TRACE] HQLQueryPlan - Execute update: delete Person as generatedAlias0
2021-11-19T10:23:48,251|[TRACE] QueryParameters - Named parameters: {}
2021-11-19T10:23:48,252|[DEBUG] SQL - 
    /* delete Person as generatedAlias0 */ delete 
        from
            person
2021-11-19T10:23:48,252|[TRACE] ResourceRegistryStandardImpl - Registering statement [com.mysql.cj.jdbc.ClientPreparedStatement: /* delete Person as generatedAlias0 */ delete from person]
2021-11-19T10:23:48,254|[TRACE] ResourceRegistryStandardImpl - Releasing statement [com.mysql.cj.jdbc.ClientPreparedStatement: /* delete Person as generatedAlias0 */ delete from person]
2021-11-19T10:23:48,255|[TRACE] ResourceRegistryStandardImpl - Closing prepared statement [com.mysql.cj.jdbc.ClientPreparedStatement: /* delete Person as generatedAlias0 */ delete from person]
2021-11-19T10:23:48,255|[TRACE] JdbcCoordinatorImpl - Starting after statement execution processing [AFTER_TRANSACTION]
2021-11-19T10:23:48,255|[TRACE] QueryPlanCache - Unable to locate HQL query plan in cache; generating (delete Phone as generatedAlias0)
2021-11-19T10:23:48,255|[DEBUG] QueryTranslatorImpl - parse() - HQL: delete bloodbank.entity.Phone as generatedAlias0
2021-11-19T10:23:48,255|[TRACE] HqlParser - -> statement
2021-11-19T10:23:48,255|[TRACE] HqlParser - ---> deleteStatement
2021-11-19T10:23:48,255|[TRACE] HqlParser - -----> optionalFromTokenFromClause
2021-11-19T10:23:48,255|[TRACE] HqlParser - -------> path
2021-11-19T10:23:48,255|[TRACE] HqlParser - ---------> identifier
2021-11-19T10:23:48,255|[TRACE] HqlParser - <--------- identifier
2021-11-19T10:23:48,255|[TRACE] HqlParser - ---------> identifier
2021-11-19T10:23:48,255|[TRACE] HqlParser - <--------- identifier
2021-11-19T10:23:48,255|[TRACE] HqlParser - ---------> identifier
2021-11-19T10:23:48,255|[TRACE] HqlParser - <--------- identifier
2021-11-19T10:23:48,255|[TRACE] HqlParser - <------- path
2021-11-19T10:23:48,255|[TRACE] HqlParser - -------> asAlias
2021-11-19T10:23:48,255|[TRACE] HqlParser - ---------> alias
2021-11-19T10:23:48,255|[TRACE] HqlParser - -----------> identifier
2021-11-19T10:23:48,255|[TRACE] HqlParser - <----------- identifier
2021-11-19T10:23:48,255|[TRACE] HqlParser - <--------- alias
2021-11-19T10:23:48,255|[TRACE] HqlParser - <------- asAlias
2021-11-19T10:23:48,255|[TRACE] HqlParser - <----- optionalFromTokenFromClause
2021-11-19T10:23:48,255|[TRACE] HqlParser - <--- deleteStatement
2021-11-19T10:23:48,255|[TRACE] HqlParser - <- statement
2021-11-19T10:23:48,255|[DEBUG] ErrorTracker - throwQueryException() : no errors
2021-11-19T10:23:48,255|[DEBUG] QueryTranslatorImpl - --- HQL AST ---
 \-[DELETE] Node: 'delete'
    \-[FROM] Node: 'FROM'
       \-[RANGE] Node: 'RANGE'
          +-[DOT] Node: '.'
          |  +-[DOT] Node: '.'
          |  |  +-[IDENT] Node: 'bloodbank'
          |  |  \-[IDENT] Node: 'entity'
          |  \-[IDENT] Node: 'Phone'
          \-[ALIAS] Node: 'generatedAlias0'

2021-11-19T10:23:48,255|[DEBUG] HqlSqlBaseWalker - delete << begin [level=1, statement=delete]
2021-11-19T10:23:48,255|[DEBUG] FromElement - FromClause{level=1} : bloodbank.entity.Phone (generatedAlias0) -> phone0_
2021-11-19T10:23:48,255|[DEBUG] HqlSqlBaseWalker - delete : finishing up [level=1, statement=delete]
2021-11-19T10:23:48,255|[DEBUG] HqlSqlBaseWalker - delete >> end [level=1, statement=delete]
2021-11-19T10:23:48,256|[DEBUG] QueryTranslatorImpl - --- SQL AST ---
 \-[DELETE] DeleteStatement: 'delete'  querySpaces (phone)
    \-[FROM] FromClause: 'FROM' FromClause{level=1, fromElementCounter=1, fromElements=1, fromElementByClassAlias=[generatedAlias0], fromElementByTableAlias=[phone0_], fromElementsByPath=[], collectionJoinFromElementsByPath=[], impliedElements=[]}
       \-[FROM_FRAGMENT] FromElement: 'phone' FromElement{explicit,not a collection join,not a fetch join,fetch non-lazy properties,classAlias=generatedAlias0,role=null,tableName=phone,tableAlias=phone0_,origin=null,columns={,className=bloodbank.entity.Phone}}

2021-11-19T10:23:48,256|[DEBUG] ErrorTracker - throwQueryException() : no errors
2021-11-19T10:23:48,256|[DEBUG] ErrorTracker - throwQueryException() : no errors
2021-11-19T10:23:48,256|[TRACE] QueryPlanCache - Located HQL query plan in cache (delete Phone as generatedAlias0)
2021-11-19T10:23:48,256|[TRACE] HQLQueryPlan - Execute update: delete Phone as generatedAlias0
2021-11-19T10:23:48,256|[TRACE] QueryParameters - Named parameters: {}
2021-11-19T10:23:48,256|[DEBUG] SQL - 
    /* delete Phone as generatedAlias0 */ delete 
        from
            phone
2021-11-19T10:23:48,256|[TRACE] ResourceRegistryStandardImpl - Registering statement [com.mysql.cj.jdbc.ClientPreparedStatement: /* delete Phone as generatedAlias0 */ delete from phone]
2021-11-19T10:23:48,257|[TRACE] ResourceRegistryStandardImpl - Releasing statement [com.mysql.cj.jdbc.ClientPreparedStatement: /* delete Phone as generatedAlias0 */ delete from phone]
2021-11-19T10:23:48,257|[TRACE] ResourceRegistryStandardImpl - Closing prepared statement [com.mysql.cj.jdbc.ClientPreparedStatement: /* delete Phone as generatedAlias0 */ delete from phone]
2021-11-19T10:23:48,257|[TRACE] JdbcCoordinatorImpl - Starting after statement execution processing [AFTER_TRANSACTION]
2021-11-19T10:23:48,257|[TRACE] QueryPlanCache - Unable to locate HQL query plan in cache; generating (delete Address as generatedAlias0)
2021-11-19T10:23:48,257|[DEBUG] QueryTranslatorImpl - parse() - HQL: delete bloodbank.entity.Address as generatedAlias0
2021-11-19T10:23:48,257|[TRACE] HqlParser - -> statement
2021-11-19T10:23:48,258|[TRACE] HqlParser - ---> deleteStatement
2021-11-19T10:23:48,258|[TRACE] HqlParser - -----> optionalFromTokenFromClause
2021-11-19T10:23:48,258|[TRACE] HqlParser - -------> path
2021-11-19T10:23:48,258|[TRACE] HqlParser - ---------> identifier
2021-11-19T10:23:48,258|[TRACE] HqlParser - <--------- identifier
2021-11-19T10:23:48,258|[TRACE] HqlParser - ---------> identifier
2021-11-19T10:23:48,258|[TRACE] HqlParser - <--------- identifier
2021-11-19T10:23:48,258|[TRACE] HqlParser - ---------> identifier
2021-11-19T10:23:48,258|[TRACE] HqlParser - <--------- identifier
2021-11-19T10:23:48,258|[TRACE] HqlParser - <------- path
2021-11-19T10:23:48,258|[TRACE] HqlParser - -------> asAlias
2021-11-19T10:23:48,258|[TRACE] HqlParser - ---------> alias
2021-11-19T10:23:48,258|[TRACE] HqlParser - -----------> identifier
2021-11-19T10:23:48,258|[TRACE] HqlParser - <----------- identifier
2021-11-19T10:23:48,258|[TRACE] HqlParser - <--------- alias
2021-11-19T10:23:48,258|[TRACE] HqlParser - <------- asAlias
2021-11-19T10:23:48,258|[TRACE] HqlParser - <----- optionalFromTokenFromClause
2021-11-19T10:23:48,258|[TRACE] HqlParser - <--- deleteStatement
2021-11-19T10:23:48,258|[TRACE] HqlParser - <- statement
2021-11-19T10:23:48,258|[DEBUG] ErrorTracker - throwQueryException() : no errors
2021-11-19T10:23:48,258|[DEBUG] QueryTranslatorImpl - --- HQL AST ---
 \-[DELETE] Node: 'delete'
    \-[FROM] Node: 'FROM'
       \-[RANGE] Node: 'RANGE'
          +-[DOT] Node: '.'
          |  +-[DOT] Node: '.'
          |  |  +-[IDENT] Node: 'bloodbank'
          |  |  \-[IDENT] Node: 'entity'
          |  \-[IDENT] Node: 'Address'
          \-[ALIAS] Node: 'generatedAlias0'

2021-11-19T10:23:48,258|[DEBUG] HqlSqlBaseWalker - delete << begin [level=1, statement=delete]
2021-11-19T10:23:48,258|[DEBUG] FromElement - FromClause{level=1} : bloodbank.entity.Address (generatedAlias0) -> address0_
2021-11-19T10:23:48,258|[DEBUG] HqlSqlBaseWalker - delete : finishing up [level=1, statement=delete]
2021-11-19T10:23:48,258|[DEBUG] HqlSqlBaseWalker - delete >> end [level=1, statement=delete]
2021-11-19T10:23:48,258|[DEBUG] QueryTranslatorImpl - --- SQL AST ---
 \-[DELETE] DeleteStatement: 'delete'  querySpaces (address)
    \-[FROM] FromClause: 'FROM' FromClause{level=1, fromElementCounter=1, fromElements=1, fromElementByClassAlias=[generatedAlias0], fromElementByTableAlias=[address0_], fromElementsByPath=[], collectionJoinFromElementsByPath=[], impliedElements=[]}
       \-[FROM_FRAGMENT] FromElement: 'address' FromElement{explicit,not a collection join,not a fetch join,fetch non-lazy properties,classAlias=generatedAlias0,role=null,tableName=address,tableAlias=address0_,origin=null,columns={,className=bloodbank.entity.Address}}

2021-11-19T10:23:48,258|[DEBUG] ErrorTracker - throwQueryException() : no errors
2021-11-19T10:23:48,258|[DEBUG] ErrorTracker - throwQueryException() : no errors
2021-11-19T10:23:48,260|[TRACE] QueryPlanCache - Located HQL query plan in cache (delete Address as generatedAlias0)
2021-11-19T10:23:48,260|[TRACE] HQLQueryPlan - Execute update: delete Address as generatedAlias0
2021-11-19T10:23:48,260|[TRACE] QueryParameters - Named parameters: {}
2021-11-19T10:23:48,260|[DEBUG] SQL - 
    /* delete Address as generatedAlias0 */ delete 
        from
            address
2021-11-19T10:23:48,260|[TRACE] ResourceRegistryStandardImpl - Registering statement [com.mysql.cj.jdbc.ClientPreparedStatement: /* delete Address as generatedAlias0 */ delete from address]
2021-11-19T10:23:48,261|[TRACE] ResourceRegistryStandardImpl - Releasing statement [com.mysql.cj.jdbc.ClientPreparedStatement: /* delete Address as generatedAlias0 */ delete from address]
2021-11-19T10:23:48,261|[TRACE] ResourceRegistryStandardImpl - Closing prepared statement [com.mysql.cj.jdbc.ClientPreparedStatement: /* delete Address as generatedAlias0 */ delete from address]
2021-11-19T10:23:48,262|[TRACE] JdbcCoordinatorImpl - Starting after statement execution processing [AFTER_TRANSACTION]
2021-11-19T10:23:48,262|[DEBUG] TransactionImpl - committing
2021-11-19T10:23:48,262|[TRACE] JdbcResourceLocalTransactionCoordinatorImpl - ResourceLocalTransactionCoordinatorImpl#beforeCompletionCallback
2021-11-19T10:23:48,262|[TRACE] SessionImpl - SessionImpl#beforeTransactionCompletion()
2021-11-19T10:23:48,262|[TRACE] SessionImpl - Automatically flushing session
2021-11-19T10:23:48,262|[TRACE] AbstractLogicalConnectionImplementor - LogicalConnection#beforeTransactionCompletion
2021-11-19T10:23:48,262|[TRACE] SynchronizationRegistryStandardImpl - SynchronizationRegistryStandardImpl.notifySynchronizationsBeforeTransactionCompletion
2021-11-19T10:23:48,262|[TRACE] AbstractLogicalConnectionImplementor - Preparing to commit transaction via JDBC Connection.commit()
2021-11-19T10:23:48,262|[TRACE] AbstractLogicalConnectionImplementor - Transaction committed via JDBC Connection.commit()
2021-11-19T10:23:48,262|[TRACE] AbstractLogicalConnectionImplementor - LogicalConnection#afterTransaction
2021-11-19T10:23:48,262|[TRACE] ResourceRegistryStandardImpl - Releasing JDBC resources
2021-11-19T10:23:48,262|[DEBUG] LogicalConnectionManagedImpl - Initiating JDBC connection release from afterTransaction
2021-11-19T10:23:48,262|[TRACE] ResourceRegistryStandardImpl - Releasing JDBC resources
2021-11-19T10:23:48,262|[TRACE] JdbcResourceLocalTransactionCoordinatorImpl - ResourceLocalTransactionCoordinatorImpl#afterCompletionCallback(true)
2021-11-19T10:23:48,263|[TRACE] SynchronizationRegistryStandardImpl - SynchronizationRegistryStandardImpl.notifySynchronizationsAfterTransactionCompletion(3)
2021-11-19T10:23:48,263|[TRACE] AbstractLogicalConnectionImplementor - LogicalConnection#afterTransaction
2021-11-19T10:23:48,263|[TRACE] ResourceRegistryStandardImpl - Releasing JDBC resources
2021-11-19T10:23:48,263|[DEBUG] LogicalConnectionManagedImpl - Initiating JDBC connection release from afterTransaction
2021-11-19T10:23:48,263|[TRACE] SessionImpl - SessionImpl#afterTransactionCompletion(successful=true, delayed=false)
2021-11-19T10:23:48,263|[TRACE] SessionImpl - Closing session [d45111bb-4b3e-474c-a25c-f65bbfd08244]
2021-11-19T10:23:48,263|[TRACE] JdbcCoordinatorImpl - Closing JDBC container [org.hibernate.engine.jdbc.internal.JdbcCoordinatorImpl@f9de1fd]
2021-11-19T10:23:48,263|[TRACE] ResourceRegistryStandardImpl - Releasing JDBC resources
2021-11-19T10:23:48,263|[TRACE] LogicalConnectionManagedImpl - Closing logical connection
2021-11-19T10:23:48,263|[TRACE] LogicalConnectionManagedImpl - Logical connection closed
2021-11-19T10:23:48,263|[TRACE] SessionFactoryImpl$SessionBuilderImpl - Opening Hibernate Session.  tenant=null
2021-11-19T10:23:48,264|[TRACE] SessionImpl - Opened Session [c378b2b6-acff-4332-92f2-930753309cfe] at timestamp: 1637335428263
2021-11-19T10:23:48,264|[DEBUG] TransactionImpl - On TransactionImpl creation, JpaCompliance#isJpaTransactionComplianceEnabled == false
2021-11-19T10:23:48,264|[DEBUG] CriteriaQueryImpl - Rendered criteria query -> select count(generatedAlias0) from Contact as generatedAlias0
2021-11-19T10:23:48,264|[TRACE] QueryPlanCache - Unable to locate HQL query plan in cache; generating (select count(generatedAlias0) from Contact as generatedAlias0)
2021-11-19T10:23:48,264|[DEBUG] QueryTranslatorImpl - parse() - HQL: select count(generatedAlias0) from bloodbank.entity.Contact as generatedAlias0
2021-11-19T10:23:48,264|[TRACE] HqlParser - -> statement
2021-11-19T10:23:48,264|[TRACE] HqlParser - ---> selectStatement
2021-11-19T10:23:48,264|[TRACE] HqlParser - -----> queryRule
2021-11-19T10:23:48,264|[TRACE] HqlParser - -------> selectFrom
2021-11-19T10:23:48,264|[TRACE] HqlParser - ---------> selectClause
2021-11-19T10:23:48,264|[TRACE] HqlParser - -----------> selectedPropertiesList
2021-11-19T10:23:48,264|[TRACE] HqlParser - -------------> aliasedExpression
2021-11-19T10:23:48,264|[TRACE] HqlParser - ---------------> expression
2021-11-19T10:23:48,264|[TRACE] HqlParser - -----------------> logicalOrExpression
2021-11-19T10:23:48,264|[TRACE] HqlParser - -------------------> logicalAndExpression
2021-11-19T10:23:48,264|[TRACE] HqlParser - ---------------------> negatedExpression
2021-11-19T10:23:48,264|[TRACE] HqlParser - -----------------------> equalityExpression
2021-11-19T10:23:48,264|[TRACE] HqlParser - -------------------------> relationalExpression
2021-11-19T10:23:48,264|[TRACE] HqlParser - ---------------------------> concatenation
2021-11-19T10:23:48,264|[TRACE] HqlParser - -----------------------------> additiveExpression
2021-11-19T10:23:48,264|[TRACE] HqlParser - -------------------------------> multiplyExpression
2021-11-19T10:23:48,264|[TRACE] HqlParser - ---------------------------------> unaryExpression
2021-11-19T10:23:48,264|[TRACE] HqlParser - -----------------------------------> atom
2021-11-19T10:23:48,264|[TRACE] HqlParser - -------------------------------------> primaryExpression
2021-11-19T10:23:48,264|[TRACE] HqlParser - ---------------------------------------> identPrimary
2021-11-19T10:23:48,264|[TRACE] HqlParser - -----------------------------------------> aggregate
2021-11-19T10:23:48,264|[TRACE] HqlParser - -------------------------------------------> path
2021-11-19T10:23:48,264|[TRACE] HqlParser - ---------------------------------------------> identifier
2021-11-19T10:23:48,264|[TRACE] HqlParser - <--------------------------------------------- identifier
2021-11-19T10:23:48,264|[TRACE] HqlParser - <------------------------------------------- path
2021-11-19T10:23:48,264|[TRACE] HqlParser - <----------------------------------------- aggregate
2021-11-19T10:23:48,264|[TRACE] HqlParser - <--------------------------------------- identPrimary
2021-11-19T10:23:48,264|[TRACE] HqlParser - <------------------------------------- primaryExpression
2021-11-19T10:23:48,264|[TRACE] HqlParser - <----------------------------------- atom
2021-11-19T10:23:48,264|[TRACE] HqlParser - <--------------------------------- unaryExpression
2021-11-19T10:23:48,264|[TRACE] HqlParser - <------------------------------- multiplyExpression
2021-11-19T10:23:48,264|[TRACE] HqlParser - <----------------------------- additiveExpression
2021-11-19T10:23:48,264|[TRACE] HqlParser - <--------------------------- concatenation
2021-11-19T10:23:48,264|[TRACE] HqlParser - <------------------------- relationalExpression
2021-11-19T10:23:48,264|[TRACE] HqlParser - <----------------------- equalityExpression
2021-11-19T10:23:48,264|[TRACE] HqlParser - <--------------------- negatedExpression
2021-11-19T10:23:48,264|[TRACE] HqlParser - <------------------- logicalAndExpression
2021-11-19T10:23:48,264|[TRACE] HqlParser - <----------------- logicalOrExpression
2021-11-19T10:23:48,264|[TRACE] HqlParser - <--------------- expression
2021-11-19T10:23:48,264|[TRACE] HqlParser - <------------- aliasedExpression
2021-11-19T10:23:48,264|[TRACE] HqlParser - <----------- selectedPropertiesList
2021-11-19T10:23:48,264|[TRACE] HqlParser - <--------- selectClause
2021-11-19T10:23:48,264|[TRACE] HqlParser - ---------> fromClause
2021-11-19T10:23:48,264|[TRACE] HqlParser - -----------> fromRange
2021-11-19T10:23:48,264|[TRACE] HqlParser - -------------> fromClassOrOuterQueryPath
2021-11-19T10:23:48,264|[TRACE] HqlParser - ---------------> path
2021-11-19T10:23:48,264|[TRACE] HqlParser - -----------------> identifier
2021-11-19T10:23:48,264|[TRACE] HqlParser - <----------------- identifier
2021-11-19T10:23:48,264|[TRACE] HqlParser - -----------------> identifier
2021-11-19T10:23:48,264|[TRACE] HqlParser - <----------------- identifier
2021-11-19T10:23:48,264|[TRACE] HqlParser - -----------------> identifier
2021-11-19T10:23:48,264|[TRACE] HqlParser - <----------------- identifier
2021-11-19T10:23:48,264|[TRACE] HqlParser - <--------------- path
2021-11-19T10:23:48,264|[TRACE] HqlParser - ---------------> asAlias
2021-11-19T10:23:48,264|[TRACE] HqlParser - -----------------> alias
2021-11-19T10:23:48,264|[TRACE] HqlParser - -------------------> identifier
2021-11-19T10:23:48,264|[TRACE] HqlParser - <------------------- identifier
2021-11-19T10:23:48,264|[TRACE] HqlParser - <----------------- alias
2021-11-19T10:23:48,264|[TRACE] HqlParser - <--------------- asAlias
2021-11-19T10:23:48,264|[TRACE] HqlParser - <------------- fromClassOrOuterQueryPath
2021-11-19T10:23:48,264|[TRACE] HqlParser - <----------- fromRange
2021-11-19T10:23:48,264|[TRACE] HqlParser - <--------- fromClause
2021-11-19T10:23:48,264|[TRACE] HqlParser - <------- selectFrom
2021-11-19T10:23:48,264|[TRACE] HqlParser - <----- queryRule
2021-11-19T10:23:48,264|[TRACE] HqlParser - <--- selectStatement
2021-11-19T10:23:48,264|[TRACE] HqlParser - <- statement
2021-11-19T10:23:48,264|[DEBUG] ErrorTracker - throwQueryException() : no errors
2021-11-19T10:23:48,264|[DEBUG] QueryTranslatorImpl - --- HQL AST ---
 \-[QUERY] Node: 'query'
    \-[SELECT_FROM] Node: 'SELECT_FROM'
       +-[FROM] Node: 'from'
       |  \-[RANGE] Node: 'RANGE'
       |     +-[DOT] Node: '.'
       |     |  +-[DOT] Node: '.'
       |     |  |  +-[IDENT] Node: 'bloodbank'
       |     |  |  \-[IDENT] Node: 'entity'
       |     |  \-[IDENT] Node: 'Contact'
       |     \-[ALIAS] Node: 'generatedAlias0'
       \-[SELECT] Node: 'select'
          \-[COUNT] Node: 'count'
             \-[IDENT] Node: 'generatedAlias0'

2021-11-19T10:23:48,264|[DEBUG] HqlSqlBaseWalker - select << begin [level=1, statement=select]
2021-11-19T10:23:48,265|[DEBUG] FromElement - FromClause{level=1} : bloodbank.entity.Contact (generatedAlias0) -> contact0_
2021-11-19T10:23:48,265|[DEBUG] FromReferenceNode - Resolved : generatedAlias0 -> contact0_.person_id
2021-11-19T10:23:48,265|[DEBUG] HqlSqlBaseWalker - select : finishing up [level=1, statement=select]
2021-11-19T10:23:48,265|[DEBUG] HqlSqlWalker - processQuery() :  ( SELECT ( {select clause} ( count contact0_.person_id ) ) ( FromClause{level=1} contact contact0_ ) )
2021-11-19T10:23:48,265|[DEBUG] JoinProcessor - Tables referenced from query nodes:
 \-QueryNode
    +-SelectClause
    |  +-CountNode
    |  |  \-IdentNode
    |  |    persister: SingleTableEntityPersister(bloodbank.entity.Contact)
    |  |    originalText: generatedAlias0
    |  \-SqlNode
    \-FromClause
       \-FromElement

2021-11-19T10:23:48,265|[DEBUG] JoinProcessor - Using FROM fragment [contact contact0_]
2021-11-19T10:23:48,265|[DEBUG] HqlSqlBaseWalker - select >> end [level=1, statement=select]
2021-11-19T10:23:48,265|[DEBUG] QueryTranslatorImpl - --- SQL AST ---
 \-[SELECT] QueryNode: 'SELECT'  querySpaces (contact)
    +-[SELECT_CLAUSE] SelectClause: '{select clause}'
    |  +-[COUNT] CountNode: 'count'
    |  |  \-[ALIAS_REF] IdentNode: 'contact0_.person_id' {alias=generatedAlias0, className=bloodbank.entity.Contact, tableAlias=contact0_}
    |  \-[SELECT_COLUMNS] SqlNode: ' as col_0_0_'
    \-[FROM] FromClause: 'from' FromClause{level=1, fromElementCounter=1, fromElements=1, fromElementByClassAlias=[generatedAlias0], fromElementByTableAlias=[contact0_], fromElementsByPath=[], collectionJoinFromElementsByPath=[], impliedElements=[]}
       \-[FROM_FRAGMENT] FromElement: 'contact contact0_' FromElement{explicit,not a collection join,not a fetch join,fetch non-lazy properties,classAlias=generatedAlias0,role=null,tableName=contact,tableAlias=contact0_,origin=null,columns={,className=bloodbank.entity.Contact}}

2021-11-19T10:23:48,265|[DEBUG] ErrorTracker - throwQueryException() : no errors
2021-11-19T10:23:48,265|[DEBUG] QueryTranslatorImpl - HQL: select count(generatedAlias0) from bloodbank.entity.Contact as generatedAlias0
2021-11-19T10:23:48,265|[DEBUG] QueryTranslatorImpl - SQL: select count(contact0_.person_id) as col_0_0_ from contact contact0_
2021-11-19T10:23:48,265|[DEBUG] ErrorTracker - throwQueryException() : no errors
2021-11-19T10:23:48,265|[TRACE] QueryPlanCache - Located HQL query plan in cache (select count(generatedAlias0) from Contact as generatedAlias0)
2021-11-19T10:23:48,265|[TRACE] QueryPlanCache - Located HQL query plan in cache (select count(generatedAlias0) from Contact as generatedAlias0)
2021-11-19T10:23:48,265|[TRACE] HQLQueryPlan - Find: select count(generatedAlias0) from Contact as generatedAlias0
2021-11-19T10:23:48,265|[TRACE] QueryParameters - Named parameters: {}
2021-11-19T10:23:48,265|[DEBUG] SQL - 
    /* select
        count(generatedAlias0) 
    from
        Contact as generatedAlias0 */ select
            count(contact0_.person_id) as col_0_0_ 
        from
            contact contact0_
2021-11-19T10:23:48,266|[TRACE] ResourceRegistryStandardImpl - Registering statement [com.mysql.cj.jdbc.ClientPreparedStatement: /* select count(generatedAlias0) from Contact as generatedAlias0 */ select count(contact0_.person_id) as col_0_0_ from contact contact0_]
2021-11-19T10:23:48,266|[TRACE] JdbcCoordinatorImpl - Registering last query statement [com.mysql.cj.jdbc.ClientPreparedStatement: /* select count(generatedAlias0) from Contact as generatedAlias0 */ select count(contact0_.person_id) as col_0_0_ from contact contact0_]
2021-11-19T10:23:48,266|[TRACE] Loader - Bound [1] parameters total
2021-11-19T10:23:48,266|[TRACE] ResourceRegistryStandardImpl - Registering result set [com.mysql.cj.jdbc.result.ResultSetImpl@5dc9d25a]
2021-11-19T10:23:48,267|[TRACE] Loader - Processing result set
2021-11-19T10:23:48,267|[DEBUG] Loader - Result set row: 0
2021-11-19T10:23:48,267|[DEBUG] Loader - Result row: 
2021-11-19T10:23:48,267|[TRACE] BasicExtractor - extracted value ([col_0_0_] : [BIGINT]) - [0]
2021-11-19T10:23:48,267|[TRACE] Loader - Done processing result set (1 rows)
2021-11-19T10:23:48,267|[TRACE] ResourceRegistryStandardImpl - Releasing statement [com.mysql.cj.jdbc.ClientPreparedStatement: /* select count(generatedAlias0) from Contact as generatedAlias0 */ select count(contact0_.person_id) as col_0_0_ from contact contact0_]
2021-11-19T10:23:48,267|[TRACE] ResourceRegistryStandardImpl - Closing result set [com.mysql.cj.jdbc.result.ResultSetImpl@5dc9d25a]
2021-11-19T10:23:48,267|[TRACE] ResourceRegistryStandardImpl - Closing prepared statement [com.mysql.cj.jdbc.ClientPreparedStatement: /* select count(generatedAlias0) from Contact as generatedAlias0 */ select count(contact0_.person_id) as col_0_0_ from contact contact0_]
2021-11-19T10:23:48,267|[TRACE] JdbcCoordinatorImpl - Starting after statement execution processing [AFTER_TRANSACTION]
2021-11-19T10:23:48,267|[TRACE] StatefulPersistenceContext - Initializing non-lazy collections
2021-11-19T10:23:48,267|[TRACE] AbstractLogicalConnectionImplementor - LogicalConnection#afterTransaction
2021-11-19T10:23:48,267|[TRACE] ResourceRegistryStandardImpl - Releasing JDBC resources
2021-11-19T10:23:48,267|[DEBUG] LogicalConnectionManagedImpl - Initiating JDBC connection release from afterTransaction
2021-11-19T10:23:48,267|[TRACE] ResourceRegistryStandardImpl - Releasing JDBC resources
2021-11-19T10:23:48,267|[TRACE] SessionImpl - Closing session [c378b2b6-acff-4332-92f2-930753309cfe]
2021-11-19T10:23:48,267|[TRACE] JdbcCoordinatorImpl - Closing JDBC container [org.hibernate.engine.jdbc.internal.JdbcCoordinatorImpl@686fb58a]
2021-11-19T10:23:48,267|[TRACE] ResourceRegistryStandardImpl - Releasing JDBC resources
2021-11-19T10:23:48,267|[TRACE] LogicalConnectionManagedImpl - Closing logical connection
2021-11-19T10:23:48,267|[TRACE] LogicalConnectionManagedImpl - Logical connection closed
]]></system-out>
  </testcase>
  <testcase name="testCreate" classname="bloodbank.entity.TestCRUDContactOriginal" time="0.02">
    <system-out><![CDATA[2021-11-19T10:23:48,268|[TRACE] SessionFactoryImpl$SessionBuilderImpl - Opening Hibernate Session.  tenant=null
2021-11-19T10:23:48,268|[TRACE] SessionImpl - Opened Session [e6ad0666-82f5-4394-b552-f23c3f95cf0d] at timestamp: 1637335428268
2021-11-19T10:23:48,268|[DEBUG] TransactionImpl - On TransactionImpl creation, JpaCompliance#isJpaTransactionComplianceEnabled == false
2021-11-19T10:23:48,268|[DEBUG] TransactionImpl - begin
2021-11-19T10:23:48,268|[TRACE] AbstractLogicalConnectionImplementor - Preparing to begin transaction via JDBC Connection.setAutoCommit(false)
2021-11-19T10:23:48,269|[TRACE] AbstractLogicalConnectionImplementor - Transaction begun via JDBC Connection.setAutoCommit(false)
2021-11-19T10:23:48,269|[TRACE] JdbcResourceLocalTransactionCoordinatorImpl - ResourceLocalTransactionCoordinatorImpl#afterBeginCallback
2021-11-19T10:23:48,269|[TRACE] VersionValue - Version unsaved-value strategy UNDEFINED
2021-11-19T10:23:48,269|[TRACE] IdentifierValue - ID unsaved-value strategy UNDEFINED
2021-11-19T10:23:48,269|[TRACE] EntityState - Transient instance of: bloodbank.entity.Contact
2021-11-19T10:23:48,269|[TRACE] DefaultPersistEventListener - Saving transient instance
2021-11-19T10:23:48,269|[TRACE] VersionValue - Version unsaved-value strategy UNDEFINED
2021-11-19T10:23:48,269|[TRACE] IdentifierValue - ID unsaved-value: 0
2021-11-19T10:23:48,269|[DEBUG] ForeignGenerator - ForeignGenerator detected a transient entity [bloodbank.entity.Person]
2021-11-19T10:23:48,269|[TRACE] DefaultSaveOrUpdateEventListener - Saving transient instance
2021-11-19T10:23:48,269|[TRACE] AbstractSaveEventListener - Saving [bloodbank.entity.Person#<null>]
2021-11-19T10:23:48,269|[TRACE] Cascade - Processing cascade ACTION_SAVE_UPDATE for: bloodbank.entity.Person
2021-11-19T10:23:48,269|[TRACE] Cascade - Done processing cascade ACTION_SAVE_UPDATE for: bloodbank.entity.Person
2021-11-19T10:23:48,269|[TRACE] Versioning - Using initial version: 0
2021-11-19T10:23:48,270|[TRACE] WrapVisitor - Wrapped collection in role: bloodbank.entity.Person.contacts
2021-11-19T10:23:48,270|[TRACE] WrapVisitor - Wrapped collection in role: bloodbank.entity.Person.donations
2021-11-19T10:23:48,270|[TRACE] ActionQueue - Adding an EntityIdentityInsertAction for [bloodbank.entity.Person] object
2021-11-19T10:23:48,270|[TRACE] ActionQueue - Executing inserts before finding non-nullable transient entities for early insert: [EntityIdentityInsertAction[bloodbank.entity.Person#<null>]]
2021-11-19T10:23:48,270|[TRACE] ActionQueue - Adding insert with no non-nullable, transient entities: [EntityIdentityInsertAction[bloodbank.entity.Person#<null>]]
2021-11-19T10:23:48,270|[TRACE] ActionQueue - Executing insertions before resolved early-insert
2021-11-19T10:23:48,270|[DEBUG] ActionQueue - Executing identity-insert immediately
2021-11-19T10:23:48,270|[TRACE] AbstractEntityPersister - Inserting entity: bloodbank.entity.Person (native id)
2021-11-19T10:23:48,270|[TRACE] AbstractEntityPersister - Version: 0
2021-11-19T10:23:48,270|[DEBUG] SQL - 
    /* insert bloodbank.entity.Person
        */ insert 
        into
            person
            (created, updated, version, first_name, last_name) 
        values
            (?, ?, ?, ?, ?)
2021-11-19T10:23:48,270|[TRACE] ResourceRegistryStandardImpl - Registering statement [com.mysql.cj.jdbc.ClientPreparedStatement: /* insert bloodbank.entity.Person */ insert into person (created, updated, version, first_name, last_name) values (** NOT SPECIFIED **, ** NOT SPECIFIED **, ** NOT SPECIFIED **, ** NOT SPECIFIED **, ** NOT SPECIFIED **)]
2021-11-19T10:23:48,270|[TRACE] AbstractEntityPersister - Dehydrating entity: [bloodbank.entity.Person#<null>]
2021-11-19T10:23:48,270|[TRACE] BasicBinder - binding parameter [1] as [BIGINT] - [1637335428269]
2021-11-19T10:23:48,270|[TRACE] BasicBinder - binding parameter [2] as [BIGINT] - [1637335428269]
2021-11-19T10:23:48,270|[TRACE] BasicBinder - binding parameter [3] as [INTEGER] - [0]
2021-11-19T10:23:48,270|[TRACE] BasicBinder - binding parameter [4] as [VARCHAR] - [Teddy]
2021-11-19T10:23:48,270|[TRACE] BasicBinder - binding parameter [5] as [VARCHAR] - [Yap]
2021-11-19T10:23:48,271|[DEBUG] IdentifierGeneratorHelper - Natively generated identity: 1
2021-11-19T10:23:48,271|[TRACE] ResourceRegistryStandardImpl - Releasing result set [com.mysql.cj.jdbc.result.ResultSetImpl@4fa6fb7f]
2021-11-19T10:23:48,271|[TRACE] ResourceRegistryStandardImpl - Closing result set [com.mysql.cj.jdbc.result.ResultSetImpl@4fa6fb7f]
2021-11-19T10:23:48,271|[TRACE] ResourceRegistryStandardImpl - Releasing statement [com.mysql.cj.jdbc.ClientPreparedStatement: /* insert bloodbank.entity.Person */ insert into person (created, updated, version, first_name, last_name) values (1637335428269, 1637335428269, 0, 'Teddy', 'Yap')]
2021-11-19T10:23:48,271|[DEBUG] ResourceRegistryStandardImpl - HHH000387: ResultSet's statement was not registered
2021-11-19T10:23:48,271|[TRACE] ResourceRegistryStandardImpl - Closing prepared statement [com.mysql.cj.jdbc.ClientPreparedStatement: /* insert bloodbank.entity.Person */ insert into person (created, updated, version, first_name, last_name) values (1637335428269, 1637335428269, 0, 'Teddy', 'Yap')]
2021-11-19T10:23:48,271|[TRACE] JdbcCoordinatorImpl - Starting after statement execution processing [AFTER_TRANSACTION]
2021-11-19T10:23:48,271|[TRACE] Cascade - Processing cascade ACTION_SAVE_UPDATE for: bloodbank.entity.Person
2021-11-19T10:23:48,271|[TRACE] Cascade - Done processing cascade ACTION_SAVE_UPDATE for: bloodbank.entity.Person
2021-11-19T10:23:48,271|[TRACE] VersionValue - Version unsaved-value strategy UNDEFINED
2021-11-19T10:23:48,271|[TRACE] IdentifierValue - ID unsaved-value: 0
2021-11-19T10:23:48,271|[DEBUG] ForeignGenerator - ForeignGenerator detected a transient entity [bloodbank.entity.Phone]
2021-11-19T10:23:48,271|[TRACE] DefaultSaveOrUpdateEventListener - Saving transient instance
2021-11-19T10:23:48,271|[TRACE] AbstractSaveEventListener - Saving [bloodbank.entity.Phone#<null>]
2021-11-19T10:23:48,271|[TRACE] Cascade - Processing cascade ACTION_SAVE_UPDATE for: bloodbank.entity.Phone
2021-11-19T10:23:48,272|[TRACE] Cascade - Done processing cascade ACTION_SAVE_UPDATE for: bloodbank.entity.Phone
2021-11-19T10:23:48,272|[TRACE] Versioning - Using initial version: 0
2021-11-19T10:23:48,272|[TRACE] WrapVisitor - Wrapped collection in role: bloodbank.entity.Phone.contacts
2021-11-19T10:23:48,272|[TRACE] ActionQueue - Adding an EntityIdentityInsertAction for [bloodbank.entity.Phone] object
2021-11-19T10:23:48,272|[TRACE] ActionQueue - Executing inserts before finding non-nullable transient entities for early insert: [EntityIdentityInsertAction[bloodbank.entity.Phone#<null>]]
2021-11-19T10:23:48,272|[TRACE] ActionQueue - Adding insert with no non-nullable, transient entities: [EntityIdentityInsertAction[bloodbank.entity.Phone#<null>]]
2021-11-19T10:23:48,272|[TRACE] ActionQueue - Executing insertions before resolved early-insert
2021-11-19T10:23:48,272|[DEBUG] ActionQueue - Executing identity-insert immediately
2021-11-19T10:23:48,272|[TRACE] AbstractEntityPersister - Inserting entity: bloodbank.entity.Phone (native id)
2021-11-19T10:23:48,272|[TRACE] AbstractEntityPersister - Version: 0
2021-11-19T10:23:48,272|[DEBUG] SQL - 
    /* insert bloodbank.entity.Phone
        */ insert 
        into
            phone
            (created, updated, version, area_code, country_code, number) 
        values
            (?, ?, ?, ?, ?, ?)
2021-11-19T10:23:48,272|[TRACE] ResourceRegistryStandardImpl - Registering statement [com.mysql.cj.jdbc.ClientPreparedStatement: /* insert bloodbank.entity.Phone */ insert into phone (created, updated, version, area_code, country_code, number) values (** NOT SPECIFIED **, ** NOT SPECIFIED **, ** NOT SPECIFIED **, ** NOT SPECIFIED **, ** NOT SPECIFIED **, ** NOT SPECIFIED **)]
2021-11-19T10:23:48,272|[TRACE] AbstractEntityPersister - Dehydrating entity: [bloodbank.entity.Phone#<null>]
2021-11-19T10:23:48,272|[TRACE] BasicBinder - binding parameter [1] as [BIGINT] - [1637335428271]
2021-11-19T10:23:48,272|[TRACE] BasicBinder - binding parameter [2] as [BIGINT] - [1637335428271]
2021-11-19T10:23:48,272|[TRACE] BasicBinder - binding parameter [3] as [INTEGER] - [0]
2021-11-19T10:23:48,272|[TRACE] BasicBinder - binding parameter [4] as [VARCHAR] - [234]
2021-11-19T10:23:48,272|[TRACE] BasicBinder - binding parameter [5] as [VARCHAR] - [0]
2021-11-19T10:23:48,272|[TRACE] BasicBinder - binding parameter [6] as [VARCHAR] - [5678900]
2021-11-19T10:23:48,272|[DEBUG] IdentifierGeneratorHelper - Natively generated identity: 1
2021-11-19T10:23:48,273|[TRACE] ResourceRegistryStandardImpl - Releasing result set [com.mysql.cj.jdbc.result.ResultSetImpl@4be1dce6]
2021-11-19T10:23:48,273|[TRACE] ResourceRegistryStandardImpl - Closing result set [com.mysql.cj.jdbc.result.ResultSetImpl@4be1dce6]
2021-11-19T10:23:48,273|[TRACE] ResourceRegistryStandardImpl - Releasing statement [com.mysql.cj.jdbc.ClientPreparedStatement: /* insert bloodbank.entity.Phone */ insert into phone (created, updated, version, area_code, country_code, number) values (1637335428271, 1637335428271, 0, '234', '0', '5678900')]
2021-11-19T10:23:48,273|[DEBUG] ResourceRegistryStandardImpl - HHH000387: ResultSet's statement was not registered
2021-11-19T10:23:48,273|[TRACE] ResourceRegistryStandardImpl - Closing prepared statement [com.mysql.cj.jdbc.ClientPreparedStatement: /* insert bloodbank.entity.Phone */ insert into phone (created, updated, version, area_code, country_code, number) values (1637335428271, 1637335428271, 0, '234', '0', '5678900')]
2021-11-19T10:23:48,273|[TRACE] JdbcCoordinatorImpl - Starting after statement execution processing [AFTER_TRANSACTION]
2021-11-19T10:23:48,273|[TRACE] Cascade - Processing cascade ACTION_SAVE_UPDATE for: bloodbank.entity.Phone
2021-11-19T10:23:48,273|[TRACE] Cascade - Done processing cascade ACTION_SAVE_UPDATE for: bloodbank.entity.Phone
2021-11-19T10:23:48,273|[DEBUG] AbstractSaveEventListener - Generated identifier: component[personId,phoneId]{phoneId=1, personId=1}, using strategy: org.hibernate.id.CompositeNestedGeneratedValueGenerator
2021-11-19T10:23:48,273|[TRACE] AbstractSaveEventListener - Saving [bloodbank.entity.Contact#component[personId,phoneId]{phoneId=1, personId=1}]
2021-11-19T10:23:48,273|[TRACE] Cascade - Processing cascade ACTION_PERSIST for: bloodbank.entity.Contact
2021-11-19T10:23:48,273|[TRACE] CascadingAction - Cascading to persist: bloodbank.entity.Address
2021-11-19T10:23:48,273|[TRACE] VersionValue - Version unsaved-value strategy UNDEFINED
2021-11-19T10:23:48,273|[TRACE] IdentifierValue - ID unsaved-value: 0
2021-11-19T10:23:48,273|[TRACE] EntityState - Transient instance of: bloodbank.entity.Address
2021-11-19T10:23:48,273|[TRACE] DefaultPersistEventListener - Saving transient instance
2021-11-19T10:23:48,273|[TRACE] AbstractSaveEventListener - Saving [bloodbank.entity.Address#<null>]
2021-11-19T10:23:48,273|[TRACE] Versioning - Using initial version: 0
2021-11-19T10:23:48,273|[TRACE] WrapVisitor - Wrapped collection in role: bloodbank.entity.Address.contacts
2021-11-19T10:23:48,273|[TRACE] ActionQueue - Adding an EntityIdentityInsertAction for [bloodbank.entity.Address] object
2021-11-19T10:23:48,273|[TRACE] ActionQueue - Executing inserts before finding non-nullable transient entities for early insert: [EntityIdentityInsertAction[bloodbank.entity.Address#<null>]]
2021-11-19T10:23:48,273|[TRACE] ActionQueue - Adding insert with no non-nullable, transient entities: [EntityIdentityInsertAction[bloodbank.entity.Address#<null>]]
2021-11-19T10:23:48,273|[TRACE] ActionQueue - Executing insertions before resolved early-insert
2021-11-19T10:23:48,273|[DEBUG] ActionQueue - Executing identity-insert immediately
2021-11-19T10:23:48,273|[TRACE] AbstractEntityPersister - Inserting entity: bloodbank.entity.Address (native id)
2021-11-19T10:23:48,273|[TRACE] AbstractEntityPersister - Version: 0
2021-11-19T10:23:48,273|[DEBUG] SQL - 
    /* insert bloodbank.entity.Address
        */ insert 
        into
            address
            (created, updated, version, city, country, province, street, street_number, zipcode) 
        values
            (?, ?, ?, ?, ?, ?, ?, ?, ?)
2021-11-19T10:23:48,274|[TRACE] ResourceRegistryStandardImpl - Registering statement [com.mysql.cj.jdbc.ClientPreparedStatement: /* insert bloodbank.entity.Address */ insert into address (created, updated, version, city, country, province, street, street_number, zipcode) values (** NOT SPECIFIED **, ** NOT SPECIFIED **, ** NOT SPECIFIED **, ** NOT SPECIFIED **, ** NOT SPECIFIED **, ** NOT SPECIFIED **, ** NOT SPECIFIED **, ** NOT SPECIFIED **, ** NOT SPECIFIED **)]
2021-11-19T10:23:48,274|[TRACE] AbstractEntityPersister - Dehydrating entity: [bloodbank.entity.Address#<null>]
2021-11-19T10:23:48,274|[TRACE] BasicBinder - binding parameter [1] as [BIGINT] - [1637335428273]
2021-11-19T10:23:48,274|[TRACE] BasicBinder - binding parameter [2] as [BIGINT] - [1637335428273]
2021-11-19T10:23:48,274|[TRACE] BasicBinder - binding parameter [3] as [INTEGER] - [0]
2021-11-19T10:23:48,274|[TRACE] BasicBinder - binding parameter [4] as [VARCHAR] - [ottawa]
2021-11-19T10:23:48,274|[TRACE] BasicBinder - binding parameter [5] as [VARCHAR] - [CA]
2021-11-19T10:23:48,274|[TRACE] BasicBinder - binding parameter [6] as [VARCHAR] - [ON]
2021-11-19T10:23:48,274|[TRACE] BasicBinder - binding parameter [7] as [VARCHAR] - [abcd Dr.W]
2021-11-19T10:23:48,274|[TRACE] BasicBinder - binding parameter [8] as [VARCHAR] - [123]
2021-11-19T10:23:48,274|[TRACE] BasicBinder - binding parameter [9] as [VARCHAR] - [A1B2C3]
2021-11-19T10:23:48,274|[DEBUG] IdentifierGeneratorHelper - Natively generated identity: 1
2021-11-19T10:23:48,274|[TRACE] ResourceRegistryStandardImpl - Releasing result set [com.mysql.cj.jdbc.result.ResultSetImpl@48333b12]
2021-11-19T10:23:48,274|[TRACE] ResourceRegistryStandardImpl - Closing result set [com.mysql.cj.jdbc.result.ResultSetImpl@48333b12]
2021-11-19T10:23:48,274|[TRACE] ResourceRegistryStandardImpl - Releasing statement [com.mysql.cj.jdbc.ClientPreparedStatement: /* insert bloodbank.entity.Address */ insert into address (created, updated, version, city, country, province, street, street_number, zipcode) values (1637335428273, 1637335428273, 0, 'ottawa', 'CA', 'ON', 'abcd Dr.W', '123', 'A1B2C3')]
2021-11-19T10:23:48,274|[DEBUG] ResourceRegistryStandardImpl - HHH000387: ResultSet's statement was not registered
2021-11-19T10:23:48,274|[TRACE] ResourceRegistryStandardImpl - Closing prepared statement [com.mysql.cj.jdbc.ClientPreparedStatement: /* insert bloodbank.entity.Address */ insert into address (created, updated, version, city, country, province, street, street_number, zipcode) values (1637335428273, 1637335428273, 0, 'ottawa', 'CA', 'ON', 'abcd Dr.W', '123', 'A1B2C3')]
2021-11-19T10:23:48,274|[TRACE] JdbcCoordinatorImpl - Starting after statement execution processing [AFTER_TRANSACTION]
2021-11-19T10:23:48,275|[TRACE] CascadingAction - Cascading to persist: bloodbank.entity.Person
2021-11-19T10:23:48,275|[TRACE] EntityState - Persistent instance of: bloodbank.entity.Person
2021-11-19T10:23:48,275|[TRACE] DefaultPersistEventListener - Ignoring persistent instance
2021-11-19T10:23:48,275|[TRACE] Cascade - Processing cascade ACTION_PERSIST for: bloodbank.entity.Person
2021-11-19T10:23:48,275|[TRACE] Cascade - Done processing cascade ACTION_PERSIST for: bloodbank.entity.Person
2021-11-19T10:23:48,275|[TRACE] Cascade - Processing cascade ACTION_PERSIST for: bloodbank.entity.Person
2021-11-19T10:23:48,275|[TRACE] Cascade - Cascade ACTION_PERSIST for collection: bloodbank.entity.Person.contacts
2021-11-19T10:23:48,275|[TRACE] Cascade - Done cascade ACTION_PERSIST for collection: bloodbank.entity.Person.contacts
2021-11-19T10:23:48,275|[TRACE] Cascade - Cascade ACTION_PERSIST for collection: bloodbank.entity.Person.donations
2021-11-19T10:23:48,275|[TRACE] Cascade - Done cascade ACTION_PERSIST for collection: bloodbank.entity.Person.donations
2021-11-19T10:23:48,275|[TRACE] Cascade - Done processing cascade ACTION_PERSIST for: bloodbank.entity.Person
2021-11-19T10:23:48,275|[TRACE] CascadingAction - Cascading to persist: bloodbank.entity.Phone
2021-11-19T10:23:48,275|[TRACE] EntityState - Persistent instance of: bloodbank.entity.Phone
2021-11-19T10:23:48,275|[TRACE] DefaultPersistEventListener - Ignoring persistent instance
2021-11-19T10:23:48,275|[TRACE] Cascade - Processing cascade ACTION_PERSIST for: bloodbank.entity.Phone
2021-11-19T10:23:48,275|[TRACE] Cascade - Done processing cascade ACTION_PERSIST for: bloodbank.entity.Phone
2021-11-19T10:23:48,275|[TRACE] Cascade - Processing cascade ACTION_PERSIST for: bloodbank.entity.Phone
2021-11-19T10:23:48,275|[TRACE] Cascade - Cascade ACTION_PERSIST for collection: bloodbank.entity.Phone.contacts
2021-11-19T10:23:48,275|[TRACE] Cascade - Done cascade ACTION_PERSIST for collection: bloodbank.entity.Phone.contacts
2021-11-19T10:23:48,275|[TRACE] Cascade - Done processing cascade ACTION_PERSIST for: bloodbank.entity.Phone
2021-11-19T10:23:48,275|[TRACE] Cascade - Done processing cascade ACTION_PERSIST for: bloodbank.entity.Contact
2021-11-19T10:23:48,275|[TRACE] Versioning - Using initial version: 0
2021-11-19T10:23:48,275|[TRACE] ActionQueue - Adding an EntityInsertAction for [bloodbank.entity.Contact] object
2021-11-19T10:23:48,275|[TRACE] ActionQueue - Adding insert with no non-nullable, transient entities: [EntityInsertAction[bloodbank.entity.Contact#[Person.id:1, Phone.id:1]]]
2021-11-19T10:23:48,276|[TRACE] ActionQueue - Adding resolved non-early insert action.
2021-11-19T10:23:48,276|[TRACE] Cascade - Processing cascade ACTION_PERSIST for: bloodbank.entity.Contact
2021-11-19T10:23:48,276|[TRACE] Cascade - Done processing cascade ACTION_PERSIST for: bloodbank.entity.Contact
2021-11-19T10:23:48,276|[DEBUG] TransactionImpl - committing
2021-11-19T10:23:48,276|[TRACE] JdbcResourceLocalTransactionCoordinatorImpl - ResourceLocalTransactionCoordinatorImpl#beforeCompletionCallback
2021-11-19T10:23:48,276|[TRACE] SessionImpl - SessionImpl#beforeTransactionCompletion()
2021-11-19T10:23:48,276|[TRACE] SessionImpl - Automatically flushing session
2021-11-19T10:23:48,276|[TRACE] AbstractFlushingEventListener - Flushing session
2021-11-19T10:23:48,276|[DEBUG] AbstractFlushingEventListener - Processing flush-time cascades
2021-11-19T10:23:48,276|[TRACE] Cascade - Processing cascade ACTION_PERSIST_ON_FLUSH for: bloodbank.entity.Person
2021-11-19T10:23:48,276|[TRACE] Cascade - Cascade ACTION_PERSIST_ON_FLUSH for collection: bloodbank.entity.Person.contacts
2021-11-19T10:23:48,276|[TRACE] Cascade - Done cascade ACTION_PERSIST_ON_FLUSH for collection: bloodbank.entity.Person.contacts
2021-11-19T10:23:48,276|[TRACE] Cascade - Cascade ACTION_PERSIST_ON_FLUSH for collection: bloodbank.entity.Person.donations
2021-11-19T10:23:48,276|[TRACE] Cascade - Done cascade ACTION_PERSIST_ON_FLUSH for collection: bloodbank.entity.Person.donations
2021-11-19T10:23:48,276|[TRACE] Cascade - Done processing cascade ACTION_PERSIST_ON_FLUSH for: bloodbank.entity.Person
2021-11-19T10:23:48,276|[TRACE] Cascade - Processing cascade ACTION_PERSIST_ON_FLUSH for: bloodbank.entity.Phone
2021-11-19T10:23:48,276|[TRACE] Cascade - Cascade ACTION_PERSIST_ON_FLUSH for collection: bloodbank.entity.Phone.contacts
2021-11-19T10:23:48,276|[TRACE] Cascade - Done cascade ACTION_PERSIST_ON_FLUSH for collection: bloodbank.entity.Phone.contacts
2021-11-19T10:23:48,276|[TRACE] Cascade - Done processing cascade ACTION_PERSIST_ON_FLUSH for: bloodbank.entity.Phone
2021-11-19T10:23:48,276|[TRACE] Cascade - Processing cascade ACTION_PERSIST_ON_FLUSH for: bloodbank.entity.Contact
2021-11-19T10:23:48,276|[TRACE] CascadingAction - Cascading to persist on flush: bloodbank.entity.Address
2021-11-19T10:23:48,276|[TRACE] EntityState - Persistent instance of: bloodbank.entity.Address
2021-11-19T10:23:48,276|[TRACE] DefaultPersistEventListener - Ignoring persistent instance
2021-11-19T10:23:48,276|[TRACE] Cascade - Processing cascade ACTION_PERSIST_ON_FLUSH for: bloodbank.entity.Address
2021-11-19T10:23:48,276|[TRACE] Cascade - Done processing cascade ACTION_PERSIST_ON_FLUSH for: bloodbank.entity.Address
2021-11-19T10:23:48,276|[TRACE] Cascade - Processing cascade ACTION_PERSIST_ON_FLUSH for: bloodbank.entity.Address
2021-11-19T10:23:48,276|[TRACE] Cascade - Done processing cascade ACTION_PERSIST_ON_FLUSH for: bloodbank.entity.Address
2021-11-19T10:23:48,276|[TRACE] CascadingAction - Cascading to persist on flush: bloodbank.entity.Person
2021-11-19T10:23:48,276|[TRACE] EntityState - Persistent instance of: bloodbank.entity.Person
2021-11-19T10:23:48,276|[TRACE] DefaultPersistEventListener - Ignoring persistent instance
2021-11-19T10:23:48,276|[TRACE] Cascade - Processing cascade ACTION_PERSIST_ON_FLUSH for: bloodbank.entity.Person
2021-11-19T10:23:48,276|[TRACE] Cascade - Done processing cascade ACTION_PERSIST_ON_FLUSH for: bloodbank.entity.Person
2021-11-19T10:23:48,276|[TRACE] Cascade - Processing cascade ACTION_PERSIST_ON_FLUSH for: bloodbank.entity.Person
2021-11-19T10:23:48,276|[TRACE] Cascade - Cascade ACTION_PERSIST_ON_FLUSH for collection: bloodbank.entity.Person.contacts
2021-11-19T10:23:48,276|[TRACE] Cascade - Done cascade ACTION_PERSIST_ON_FLUSH for collection: bloodbank.entity.Person.contacts
2021-11-19T10:23:48,276|[TRACE] Cascade - Cascade ACTION_PERSIST_ON_FLUSH for collection: bloodbank.entity.Person.donations
2021-11-19T10:23:48,276|[TRACE] Cascade - Done cascade ACTION_PERSIST_ON_FLUSH for collection: bloodbank.entity.Person.donations
2021-11-19T10:23:48,276|[TRACE] Cascade - Done processing cascade ACTION_PERSIST_ON_FLUSH for: bloodbank.entity.Person
2021-11-19T10:23:48,276|[TRACE] CascadingAction - Cascading to persist on flush: bloodbank.entity.Phone
2021-11-19T10:23:48,276|[TRACE] EntityState - Persistent instance of: bloodbank.entity.Phone
2021-11-19T10:23:48,276|[TRACE] DefaultPersistEventListener - Ignoring persistent instance
2021-11-19T10:23:48,276|[TRACE] Cascade - Processing cascade ACTION_PERSIST_ON_FLUSH for: bloodbank.entity.Phone
2021-11-19T10:23:48,276|[TRACE] Cascade - Done processing cascade ACTION_PERSIST_ON_FLUSH for: bloodbank.entity.Phone
2021-11-19T10:23:48,276|[TRACE] Cascade - Processing cascade ACTION_PERSIST_ON_FLUSH for: bloodbank.entity.Phone
2021-11-19T10:23:48,276|[TRACE] Cascade - Cascade ACTION_PERSIST_ON_FLUSH for collection: bloodbank.entity.Phone.contacts
2021-11-19T10:23:48,276|[TRACE] Cascade - Done cascade ACTION_PERSIST_ON_FLUSH for collection: bloodbank.entity.Phone.contacts
2021-11-19T10:23:48,276|[TRACE] Cascade - Done processing cascade ACTION_PERSIST_ON_FLUSH for: bloodbank.entity.Phone
2021-11-19T10:23:48,276|[TRACE] Cascade - Done processing cascade ACTION_PERSIST_ON_FLUSH for: bloodbank.entity.Contact
2021-11-19T10:23:48,276|[TRACE] Cascade - Processing cascade ACTION_PERSIST_ON_FLUSH for: bloodbank.entity.Address
2021-11-19T10:23:48,276|[TRACE] Cascade - Done processing cascade ACTION_PERSIST_ON_FLUSH for: bloodbank.entity.Address
2021-11-19T10:23:48,276|[DEBUG] AbstractFlushingEventListener - Dirty checking collections
2021-11-19T10:23:48,276|[TRACE] AbstractFlushingEventListener - Flushing entities and processing referenced collections
2021-11-19T10:23:48,276|[DEBUG] Collections - Collection found: [bloodbank.entity.Person.contacts#1], was: [<unreferenced>] (initialized)
2021-11-19T10:23:48,276|[DEBUG] Collections - Collection found: [bloodbank.entity.Person.donations#1], was: [<unreferenced>] (initialized)
2021-11-19T10:23:48,276|[DEBUG] Collections - Collection found: [bloodbank.entity.Phone.contacts#1], was: [<unreferenced>] (initialized)
2021-11-19T10:23:48,276|[DEBUG] Collections - Collection found: [bloodbank.entity.Address.contacts#1], was: [<unreferenced>] (initialized)
2021-11-19T10:23:48,276|[TRACE] AbstractFlushingEventListener - Processing unreferenced collections
2021-11-19T10:23:48,276|[TRACE] AbstractFlushingEventListener - Scheduling collection removes/(re)creates/updates
2021-11-19T10:23:48,276|[DEBUG] AbstractFlushingEventListener - Flushed: 1 insertions, 0 updates, 0 deletions to 4 objects
2021-11-19T10:23:48,276|[DEBUG] AbstractFlushingEventListener - Flushed: 4 (re)creations, 0 updates, 0 removals to 4 collections
2021-11-19T10:23:48,276|[DEBUG] EntityPrinter - Listing entities:
2021-11-19T10:23:48,276|[DEBUG] EntityPrinter - bloodbank.entity.Address{zipcode=A1B2C3, country=CA, province=ON, city=ottawa, streetNumber=123, street=abcd Dr.W, id=1, epochCreated=1637335428273, version=0, contacts=[], epochUpdated=1637335428273}
2021-11-19T10:23:48,277|[DEBUG] EntityPrinter - bloodbank.entity.Phone{number=5678900, areaCode=234, countryCode=0, id=1, epochCreated=1637335428271, version=0, contacts=[], epochUpdated=1637335428271}
2021-11-19T10:23:48,277|[DEBUG] EntityPrinter - bloodbank.entity.Contact{owner=bloodbank.entity.Person#1, address=bloodbank.entity.Address#1, phone=bloodbank.entity.Phone#1, contactType=Home, id=component[personId,phoneId]{phoneId=1, personId=1}, epochCreated=1637335428269, version=0, email=test@test.com, epochUpdated=1637335428269}
2021-11-19T10:23:48,277|[DEBUG] EntityPrinter - bloodbank.entity.Person{firstName=Teddy, lastName=Yap, donations=[], id=1, epochCreated=1637335428269, version=0, contacts=[], epochUpdated=1637335428269}
2021-11-19T10:23:48,277|[TRACE] AbstractFlushingEventListener - Executing flush
2021-11-19T10:23:48,277|[TRACE] AbstractEntityPersister - Inserting entity: [bloodbank.entity.Contact#component[personId,phoneId]{phoneId=1, personId=1}]
2021-11-19T10:23:48,277|[TRACE] AbstractEntityPersister - Version: 0
2021-11-19T10:23:48,277|[DEBUG] SQL - 
    /* insert bloodbank.entity.Contact
        */ insert 
        into
            contact
            (created, updated, version, address_id, contact_type, email, person_id, phone_id) 
        values
            (?, ?, ?, ?, ?, ?, ?, ?)
2021-11-19T10:23:48,277|[TRACE] ResourceRegistryStandardImpl - Registering statement [com.mysql.cj.jdbc.ClientPreparedStatement: /* insert bloodbank.entity.Contact */ insert into contact (created, updated, version, address_id, contact_type, email, person_id, phone_id) values (** NOT SPECIFIED **, ** NOT SPECIFIED **, ** NOT SPECIFIED **, ** NOT SPECIFIED **, ** NOT SPECIFIED **, ** NOT SPECIFIED **, ** NOT SPECIFIED **, ** NOT SPECIFIED **)]
2021-11-19T10:23:48,277|[TRACE] AbstractEntityPersister - Dehydrating entity: [bloodbank.entity.Contact#component[personId,phoneId]{phoneId=1, personId=1}]
2021-11-19T10:23:48,278|[TRACE] BasicBinder - binding parameter [1] as [BIGINT] - [1637335428269]
2021-11-19T10:23:48,278|[TRACE] BasicBinder - binding parameter [2] as [BIGINT] - [1637335428269]
2021-11-19T10:23:48,278|[TRACE] BasicBinder - binding parameter [3] as [INTEGER] - [0]
2021-11-19T10:23:48,278|[TRACE] BasicBinder - binding parameter [4] as [INTEGER] - [1]
2021-11-19T10:23:48,278|[TRACE] BasicBinder - binding parameter [5] as [VARCHAR] - [Home]
2021-11-19T10:23:48,278|[TRACE] BasicBinder - binding parameter [6] as [VARCHAR] - [test@test.com]
2021-11-19T10:23:48,278|[TRACE] BasicBinder - binding parameter [7] as [INTEGER] - [1]
2021-11-19T10:23:48,278|[TRACE] BasicBinder - binding parameter [8] as [INTEGER] - [1]
2021-11-19T10:23:48,279|[TRACE] ResourceRegistryStandardImpl - Releasing statement [com.mysql.cj.jdbc.ClientPreparedStatement: /* insert bloodbank.entity.Contact */ insert into contact (created, updated, version, address_id, contact_type, email, person_id, phone_id) values (1637335428269, 1637335428269, 0, 1, 'Home', 'test@test.com', 1, 1)]
2021-11-19T10:23:48,279|[TRACE] ResourceRegistryStandardImpl - Closing prepared statement [com.mysql.cj.jdbc.ClientPreparedStatement: /* insert bloodbank.entity.Contact */ insert into contact (created, updated, version, address_id, contact_type, email, person_id, phone_id) values (1637335428269, 1637335428269, 0, 1, 'Home', 'test@test.com', 1, 1)]
2021-11-19T10:23:48,279|[TRACE] JdbcCoordinatorImpl - Starting after statement execution processing [AFTER_TRANSACTION]
2021-11-19T10:23:48,279|[TRACE] JdbcCoordinatorImpl - Starting after statement execution processing [AFTER_TRANSACTION]
2021-11-19T10:23:48,279|[TRACE] AbstractFlushingEventListener - Post flush
2021-11-19T10:23:48,279|[TRACE] AbstractLogicalConnectionImplementor - LogicalConnection#beforeTransactionCompletion
2021-11-19T10:23:48,279|[TRACE] SynchronizationRegistryStandardImpl - SynchronizationRegistryStandardImpl.notifySynchronizationsBeforeTransactionCompletion
2021-11-19T10:23:48,279|[TRACE] AbstractLogicalConnectionImplementor - Preparing to commit transaction via JDBC Connection.commit()
2021-11-19T10:23:48,281|[TRACE] AbstractLogicalConnectionImplementor - Transaction committed via JDBC Connection.commit()
2021-11-19T10:23:48,281|[TRACE] AbstractLogicalConnectionImplementor - LogicalConnection#afterTransaction
2021-11-19T10:23:48,281|[TRACE] ResourceRegistryStandardImpl - Releasing JDBC resources
2021-11-19T10:23:48,281|[DEBUG] LogicalConnectionManagedImpl - Initiating JDBC connection release from afterTransaction
2021-11-19T10:23:48,282|[TRACE] ResourceRegistryStandardImpl - Releasing JDBC resources
2021-11-19T10:23:48,282|[TRACE] JdbcResourceLocalTransactionCoordinatorImpl - ResourceLocalTransactionCoordinatorImpl#afterCompletionCallback(true)
2021-11-19T10:23:48,282|[TRACE] SynchronizationRegistryStandardImpl - SynchronizationRegistryStandardImpl.notifySynchronizationsAfterTransactionCompletion(3)
2021-11-19T10:23:48,282|[TRACE] AbstractLogicalConnectionImplementor - LogicalConnection#afterTransaction
2021-11-19T10:23:48,282|[TRACE] ResourceRegistryStandardImpl - Releasing JDBC resources
2021-11-19T10:23:48,282|[DEBUG] LogicalConnectionManagedImpl - Initiating JDBC connection release from afterTransaction
2021-11-19T10:23:48,282|[TRACE] SessionImpl - SessionImpl#afterTransactionCompletion(successful=true, delayed=false)
2021-11-19T10:23:48,282|[DEBUG] CriteriaQueryImpl - Rendered criteria query -> select count(generatedAlias0) from Contact as generatedAlias0 where generatedAlias0.id=:id
2021-11-19T10:23:48,282|[TRACE] QueryPlanCache - Unable to locate HQL query plan in cache; generating (select count(generatedAlias0) from Contact as generatedAlias0 where generatedAlias0.id=:id)
2021-11-19T10:23:48,282|[DEBUG] QueryTranslatorImpl - parse() - HQL: select count(generatedAlias0) from bloodbank.entity.Contact as generatedAlias0 where generatedAlias0.id=:id
2021-11-19T10:23:48,282|[TRACE] HqlParser - -> statement
2021-11-19T10:23:48,282|[TRACE] HqlParser - ---> selectStatement
2021-11-19T10:23:48,282|[TRACE] HqlParser - -----> queryRule
2021-11-19T10:23:48,282|[TRACE] HqlParser - -------> selectFrom
2021-11-19T10:23:48,282|[TRACE] HqlParser - ---------> selectClause
2021-11-19T10:23:48,282|[TRACE] HqlParser - -----------> selectedPropertiesList
2021-11-19T10:23:48,282|[TRACE] HqlParser - -------------> aliasedExpression
2021-11-19T10:23:48,282|[TRACE] HqlParser - ---------------> expression
2021-11-19T10:23:48,282|[TRACE] HqlParser - -----------------> logicalOrExpression
2021-11-19T10:23:48,283|[TRACE] HqlParser - -------------------> logicalAndExpression
2021-11-19T10:23:48,283|[TRACE] HqlParser - ---------------------> negatedExpression
2021-11-19T10:23:48,283|[TRACE] HqlParser - -----------------------> equalityExpression
2021-11-19T10:23:48,283|[TRACE] HqlParser - -------------------------> relationalExpression
2021-11-19T10:23:48,283|[TRACE] HqlParser - ---------------------------> concatenation
2021-11-19T10:23:48,283|[TRACE] HqlParser - -----------------------------> additiveExpression
2021-11-19T10:23:48,283|[TRACE] HqlParser - -------------------------------> multiplyExpression
2021-11-19T10:23:48,283|[TRACE] HqlParser - ---------------------------------> unaryExpression
2021-11-19T10:23:48,283|[TRACE] HqlParser - -----------------------------------> atom
2021-11-19T10:23:48,283|[TRACE] HqlParser - -------------------------------------> primaryExpression
2021-11-19T10:23:48,283|[TRACE] HqlParser - ---------------------------------------> identPrimary
2021-11-19T10:23:48,283|[TRACE] HqlParser - -----------------------------------------> aggregate
2021-11-19T10:23:48,283|[TRACE] HqlParser - -------------------------------------------> path
2021-11-19T10:23:48,283|[TRACE] HqlParser - ---------------------------------------------> identifier
2021-11-19T10:23:48,283|[TRACE] HqlParser - <--------------------------------------------- identifier
2021-11-19T10:23:48,283|[TRACE] HqlParser - <------------------------------------------- path
2021-11-19T10:23:48,283|[TRACE] HqlParser - <----------------------------------------- aggregate
2021-11-19T10:23:48,283|[TRACE] HqlParser - <--------------------------------------- identPrimary
2021-11-19T10:23:48,283|[TRACE] HqlParser - <------------------------------------- primaryExpression
2021-11-19T10:23:48,283|[TRACE] HqlParser - <----------------------------------- atom
2021-11-19T10:23:48,283|[TRACE] HqlParser - <--------------------------------- unaryExpression
2021-11-19T10:23:48,283|[TRACE] HqlParser - <------------------------------- multiplyExpression
2021-11-19T10:23:48,283|[TRACE] HqlParser - <----------------------------- additiveExpression
2021-11-19T10:23:48,283|[TRACE] HqlParser - <--------------------------- concatenation
2021-11-19T10:23:48,283|[TRACE] HqlParser - <------------------------- relationalExpression
2021-11-19T10:23:48,283|[TRACE] HqlParser - <----------------------- equalityExpression
2021-11-19T10:23:48,283|[TRACE] HqlParser - <--------------------- negatedExpression
2021-11-19T10:23:48,283|[TRACE] HqlParser - <------------------- logicalAndExpression
2021-11-19T10:23:48,283|[TRACE] HqlParser - <----------------- logicalOrExpression
2021-11-19T10:23:48,283|[TRACE] HqlParser - <--------------- expression
2021-11-19T10:23:48,283|[TRACE] HqlParser - <------------- aliasedExpression
2021-11-19T10:23:48,283|[TRACE] HqlParser - <----------- selectedPropertiesList
2021-11-19T10:23:48,283|[TRACE] HqlParser - <--------- selectClause
2021-11-19T10:23:48,283|[TRACE] HqlParser - ---------> fromClause
2021-11-19T10:23:48,283|[TRACE] HqlParser - -----------> fromRange
2021-11-19T10:23:48,283|[TRACE] HqlParser - -------------> fromClassOrOuterQueryPath
2021-11-19T10:23:48,283|[TRACE] HqlParser - ---------------> path
2021-11-19T10:23:48,283|[TRACE] HqlParser - -----------------> identifier
2021-11-19T10:23:48,283|[TRACE] HqlParser - <----------------- identifier
2021-11-19T10:23:48,283|[TRACE] HqlParser - -----------------> identifier
2021-11-19T10:23:48,283|[TRACE] HqlParser - <----------------- identifier
2021-11-19T10:23:48,283|[TRACE] HqlParser - -----------------> identifier
2021-11-19T10:23:48,283|[TRACE] HqlParser - <----------------- identifier
2021-11-19T10:23:48,283|[TRACE] HqlParser - <--------------- path
2021-11-19T10:23:48,283|[TRACE] HqlParser - ---------------> asAlias
2021-11-19T10:23:48,283|[TRACE] HqlParser - -----------------> alias
2021-11-19T10:23:48,283|[TRACE] HqlParser - -------------------> identifier
2021-11-19T10:23:48,283|[TRACE] HqlParser - <------------------- identifier
2021-11-19T10:23:48,283|[TRACE] HqlParser - <----------------- alias
2021-11-19T10:23:48,283|[TRACE] HqlParser - <--------------- asAlias
2021-11-19T10:23:48,283|[TRACE] HqlParser - <------------- fromClassOrOuterQueryPath
2021-11-19T10:23:48,283|[TRACE] HqlParser - <----------- fromRange
2021-11-19T10:23:48,283|[TRACE] HqlParser - <--------- fromClause
2021-11-19T10:23:48,283|[TRACE] HqlParser - <------- selectFrom
2021-11-19T10:23:48,283|[TRACE] HqlParser - -------> whereClause
2021-11-19T10:23:48,283|[TRACE] HqlParser - ---------> logicalExpression
2021-11-19T10:23:48,283|[TRACE] HqlParser - -----------> expression
2021-11-19T10:23:48,283|[TRACE] HqlParser - -------------> logicalOrExpression
2021-11-19T10:23:48,283|[TRACE] HqlParser - ---------------> logicalAndExpression
2021-11-19T10:23:48,283|[TRACE] HqlParser - -----------------> negatedExpression
2021-11-19T10:23:48,283|[TRACE] HqlParser - -------------------> equalityExpression
2021-11-19T10:23:48,283|[TRACE] HqlParser - ---------------------> relationalExpression
2021-11-19T10:23:48,283|[TRACE] HqlParser - -----------------------> concatenation
2021-11-19T10:23:48,283|[TRACE] HqlParser - -------------------------> additiveExpression
2021-11-19T10:23:48,283|[TRACE] HqlParser - ---------------------------> multiplyExpression
2021-11-19T10:23:48,283|[TRACE] HqlParser - -----------------------------> unaryExpression
2021-11-19T10:23:48,283|[TRACE] HqlParser - -------------------------------> atom
2021-11-19T10:23:48,283|[TRACE] HqlParser - ---------------------------------> primaryExpression
2021-11-19T10:23:48,283|[TRACE] HqlParser - -----------------------------------> identPrimary
2021-11-19T10:23:48,283|[TRACE] HqlParser - -------------------------------------> identPrimaryBase
2021-11-19T10:23:48,283|[TRACE] HqlParser - ---------------------------------------> identifier
2021-11-19T10:23:48,283|[TRACE] HqlParser - <--------------------------------------- identifier
2021-11-19T10:23:48,283|[TRACE] HqlParser - <------------------------------------- identPrimaryBase
2021-11-19T10:23:48,283|[TRACE] HqlParser - -------------------------------------> identifier
2021-11-19T10:23:48,283|[TRACE] HqlParser - <------------------------------------- identifier
2021-11-19T10:23:48,283|[TRACE] HqlParser - <----------------------------------- identPrimary
2021-11-19T10:23:48,283|[TRACE] HqlParser - <--------------------------------- primaryExpression
2021-11-19T10:23:48,283|[TRACE] HqlParser - <------------------------------- atom
2021-11-19T10:23:48,283|[TRACE] HqlParser - <----------------------------- unaryExpression
2021-11-19T10:23:48,283|[TRACE] HqlParser - <--------------------------- multiplyExpression
2021-11-19T10:23:48,283|[TRACE] HqlParser - <------------------------- additiveExpression
2021-11-19T10:23:48,283|[TRACE] HqlParser - <----------------------- concatenation
2021-11-19T10:23:48,283|[TRACE] HqlParser - <--------------------- relationalExpression
2021-11-19T10:23:48,283|[TRACE] HqlParser - ---------------------> relationalExpression
2021-11-19T10:23:48,283|[TRACE] HqlParser - -----------------------> concatenation
2021-11-19T10:23:48,283|[TRACE] HqlParser - -------------------------> additiveExpression
2021-11-19T10:23:48,283|[TRACE] HqlParser - ---------------------------> multiplyExpression
2021-11-19T10:23:48,283|[TRACE] HqlParser - -----------------------------> unaryExpression
2021-11-19T10:23:48,283|[TRACE] HqlParser - -------------------------------> atom
2021-11-19T10:23:48,283|[TRACE] HqlParser - ---------------------------------> primaryExpression
2021-11-19T10:23:48,283|[TRACE] HqlParser - -----------------------------------> parameter
2021-11-19T10:23:48,283|[TRACE] HqlParser - <----------------------------------- parameter
2021-11-19T10:23:48,283|[TRACE] HqlParser - <--------------------------------- primaryExpression
2021-11-19T10:23:48,283|[TRACE] HqlParser - <------------------------------- atom
2021-11-19T10:23:48,283|[TRACE] HqlParser - <----------------------------- unaryExpression
2021-11-19T10:23:48,283|[TRACE] HqlParser - <--------------------------- multiplyExpression
2021-11-19T10:23:48,283|[TRACE] HqlParser - <------------------------- additiveExpression
2021-11-19T10:23:48,283|[TRACE] HqlParser - <----------------------- concatenation
2021-11-19T10:23:48,283|[TRACE] HqlParser - <--------------------- relationalExpression
2021-11-19T10:23:48,283|[TRACE] HqlParser - <------------------- equalityExpression
2021-11-19T10:23:48,283|[TRACE] HqlParser - <----------------- negatedExpression
2021-11-19T10:23:48,283|[TRACE] HqlParser - <--------------- logicalAndExpression
2021-11-19T10:23:48,283|[TRACE] HqlParser - <------------- logicalOrExpression
2021-11-19T10:23:48,283|[TRACE] HqlParser - <----------- expression
2021-11-19T10:23:48,283|[TRACE] HqlParser - <--------- logicalExpression
2021-11-19T10:23:48,283|[TRACE] HqlParser - <------- whereClause
2021-11-19T10:23:48,283|[TRACE] HqlParser - <----- queryRule
2021-11-19T10:23:48,283|[TRACE] HqlParser - <--- selectStatement
2021-11-19T10:23:48,283|[TRACE] HqlParser - <- statement
2021-11-19T10:23:48,283|[DEBUG] ErrorTracker - throwQueryException() : no errors
2021-11-19T10:23:48,283|[DEBUG] QueryTranslatorImpl - --- HQL AST ---
 \-[QUERY] Node: 'query'
    +-[SELECT_FROM] Node: 'SELECT_FROM'
    |  +-[FROM] Node: 'from'
    |  |  \-[RANGE] Node: 'RANGE'
    |  |     +-[DOT] Node: '.'
    |  |     |  +-[DOT] Node: '.'
    |  |     |  |  +-[IDENT] Node: 'bloodbank'
    |  |     |  |  \-[IDENT] Node: 'entity'
    |  |     |  \-[IDENT] Node: 'Contact'
    |  |     \-[ALIAS] Node: 'generatedAlias0'
    |  \-[SELECT] Node: 'select'
    |     \-[COUNT] Node: 'count'
    |        \-[IDENT] Node: 'generatedAlias0'
    \-[WHERE] Node: 'where'
       \-[EQ] Node: '='
          +-[DOT] Node: '.'
          |  +-[IDENT] Node: 'generatedAlias0'
          |  \-[IDENT] Node: 'id'
          \-[COLON] Node: ':'
             \-[IDENT] Node: 'id'

2021-11-19T10:23:48,283|[DEBUG] HqlSqlBaseWalker - select << begin [level=1, statement=select]
2021-11-19T10:23:48,283|[DEBUG] FromElement - FromClause{level=1} : bloodbank.entity.Contact (generatedAlias0) -> contact0_
2021-11-19T10:23:48,283|[DEBUG] FromReferenceNode - Resolved : generatedAlias0 -> contact0_.person_id
2021-11-19T10:23:48,284|[DEBUG] FromReferenceNode - Resolved : generatedAlias0 -> (contact0_.person_id, contact0_.phone_id)
2021-11-19T10:23:48,284|[TRACE] FromElement - Handling property dereference [bloodbank.entity.Contact (generatedAlias0) -> id (class)]
2021-11-19T10:23:48,284|[DEBUG] DotNode - getDataType() : id -> org.hibernate.type.ComponentType@3b8b4846
2021-11-19T10:23:48,284|[DEBUG] DotNode - Terminal getPropertyPath = [id]
2021-11-19T10:23:48,284|[DEBUG] FromReferenceNode - Resolved : generatedAlias0.id -> (contact0_.person_id, contact0_.phone_id)
2021-11-19T10:23:48,284|[DEBUG] HqlSqlBaseWalker - select : finishing up [level=1, statement=select]
2021-11-19T10:23:48,284|[DEBUG] HqlSqlWalker - processQuery() :  ( SELECT ( {select clause} ( count contact0_.person_id ) ) ( FromClause{level=1} contact contact0_ ) ( where ( = ( (contact0_.person_id, contact0_.phone_id) (contact0_.person_id, contact0_.phone_id) id ) ? ) ) )
2021-11-19T10:23:48,284|[DEBUG] JoinProcessor - Tables referenced from query nodes:
 \-QueryNode
    +-SelectClause
    |  +-CountNode
    |  |  \-IdentNode
    |  |    persister: SingleTableEntityPersister(bloodbank.entity.Contact)
    |  |    originalText: generatedAlias0
    |  \-SqlNode
    +-FromClause
    |  \-FromElement
    \-SqlNode
       \-BinaryLogicOperatorNode
          +-DotNode
          | persister: SingleTableEntityPersister(bloodbank.entity.Contact)
          | path: generatedAlias0.id
          |  +-IdentNode
          |  | persister: SingleTableEntityPersister(bloodbank.entity.Contact)
          |  | originalText: generatedAlias0
          |  \-IdentNode
          |    persister: null
          |    originalText: id
          \-ParameterNode

2021-11-19T10:23:48,284|[DEBUG] JoinProcessor - Using FROM fragment [contact contact0_]
2021-11-19T10:23:48,285|[DEBUG] HqlSqlBaseWalker - select >> end [level=1, statement=select]
2021-11-19T10:23:48,285|[DEBUG] QueryTranslatorImpl - --- SQL AST ---
 \-[SELECT] QueryNode: 'SELECT'  querySpaces (contact)
    +-[SELECT_CLAUSE] SelectClause: '{select clause}'
    |  +-[COUNT] CountNode: 'count'
    |  |  \-[ALIAS_REF] IdentNode: 'contact0_.person_id' {alias=generatedAlias0, className=bloodbank.entity.Contact, tableAlias=contact0_}
    |  \-[SELECT_COLUMNS] SqlNode: ' as col_0_0_'
    +-[FROM] FromClause: 'from' FromClause{level=1, fromElementCounter=1, fromElements=1, fromElementByClassAlias=[generatedAlias0], fromElementByTableAlias=[contact0_], fromElementsByPath=[], collectionJoinFromElementsByPath=[], impliedElements=[]}
    |  \-[FROM_FRAGMENT] FromElement: 'contact contact0_' FromElement{explicit,not a collection join,not a fetch join,fetch non-lazy properties,classAlias=generatedAlias0,role=null,tableName=contact,tableAlias=contact0_,origin=null,columns={,className=bloodbank.entity.Contact}}
    \-[WHERE] SqlNode: 'where'
       \-[EQ] BinaryLogicOperatorNode: '='
          +-[DOT] DotNode: '(contact0_.person_id, contact0_.phone_id)' {propertyName=id,dereferenceType=COMPONENT,getPropertyPath=id,path=generatedAlias0.id,tableAlias=contact0_,className=bloodbank.entity.Contact,classAlias=generatedAlias0}
          |  +-[ALIAS_REF] IdentNode: '(contact0_.person_id, contact0_.phone_id)' {alias=generatedAlias0, className=bloodbank.entity.Contact, tableAlias=contact0_}
          |  \-[IDENT] IdentNode: 'id' {originalText=id}
          \-[NAMED_PARAM] ParameterNode: '?' {name=id, expectedType=org.hibernate.type.ComponentType@3b8b4846}

2021-11-19T10:23:48,285|[DEBUG] ErrorTracker - throwQueryException() : no errors
2021-11-19T10:23:48,285|[DEBUG] QueryTranslatorImpl - HQL: select count(generatedAlias0) from bloodbank.entity.Contact as generatedAlias0 where generatedAlias0.id=:id
2021-11-19T10:23:48,285|[DEBUG] QueryTranslatorImpl - SQL: select count(contact0_.person_id) as col_0_0_ from contact contact0_ where (contact0_.person_id, contact0_.phone_id)=(?, ?)
2021-11-19T10:23:48,285|[DEBUG] ErrorTracker - throwQueryException() : no errors
2021-11-19T10:23:48,285|[TRACE] QueryPlanCache - Located HQL query plan in cache (select count(generatedAlias0) from Contact as generatedAlias0 where generatedAlias0.id=:id)
2021-11-19T10:23:48,285|[TRACE] QueryPlanCache - Located HQL query plan in cache (select count(generatedAlias0) from Contact as generatedAlias0 where generatedAlias0.id=:id)
2021-11-19T10:23:48,285|[TRACE] HQLQueryPlan - Find: select count(generatedAlias0) from Contact as generatedAlias0 where generatedAlias0.id=:id
2021-11-19T10:23:48,285|[TRACE] QueryParameters - Named parameters: {id=component[personId,phoneId]{phoneId=1, personId=1}}
2021-11-19T10:23:48,285|[DEBUG] SQL - 
    /* select
        count(generatedAlias0) 
    from
        Contact as generatedAlias0 
    where
        generatedAlias0.id=:id */ select
            count(contact0_.person_id) as col_0_0_ 
        from
            contact contact0_ 
        where
            (
                contact0_.person_id, contact0_.phone_id
            )=(
                ?, ?
            )
2021-11-19T10:23:48,286|[TRACE] ResourceRegistryStandardImpl - Registering statement [com.mysql.cj.jdbc.ClientPreparedStatement: /* select count(generatedAlias0) from Contact as generatedAlias0 where generatedAlias0.id=:id */ select count(contact0_.person_id) as col_0_0_ from contact contact0_ where (contact0_.person_id, contact0_.phone_id)=(** NOT SPECIFIED **, ** NOT SPECIFIED **)]
2021-11-19T10:23:48,286|[TRACE] JdbcCoordinatorImpl - Registering last query statement [com.mysql.cj.jdbc.ClientPreparedStatement: /* select count(generatedAlias0) from Contact as generatedAlias0 where generatedAlias0.id=:id */ select count(contact0_.person_id) as col_0_0_ from contact contact0_ where (contact0_.person_id, contact0_.phone_id)=(** NOT SPECIFIED **, ** NOT SPECIFIED **)]
2021-11-19T10:23:48,286|[TRACE] BasicBinder - binding parameter [1] as [INTEGER] - [1]
2021-11-19T10:23:48,286|[TRACE] BasicBinder - binding parameter [2] as [INTEGER] - [1]
2021-11-19T10:23:48,286|[TRACE] Loader - Bound [3] parameters total
2021-11-19T10:23:48,287|[TRACE] ResourceRegistryStandardImpl - Registering result set [com.mysql.cj.jdbc.result.ResultSetImpl@699bb304]
2021-11-19T10:23:48,287|[TRACE] Loader - Processing result set
2021-11-19T10:23:48,287|[DEBUG] Loader - Result set row: 0
2021-11-19T10:23:48,287|[DEBUG] Loader - Result row: 
2021-11-19T10:23:48,287|[TRACE] BasicExtractor - extracted value ([col_0_0_] : [BIGINT]) - [1]
2021-11-19T10:23:48,287|[TRACE] Loader - Done processing result set (1 rows)
2021-11-19T10:23:48,287|[TRACE] ResourceRegistryStandardImpl - Releasing statement [com.mysql.cj.jdbc.ClientPreparedStatement: /* select count(generatedAlias0) from Contact as generatedAlias0 where generatedAlias0.id=:id */ select count(contact0_.person_id) as col_0_0_ from contact contact0_ where (contact0_.person_id, contact0_.phone_id)=(1, 1)]
2021-11-19T10:23:48,287|[TRACE] ResourceRegistryStandardImpl - Closing result set [com.mysql.cj.jdbc.result.ResultSetImpl@699bb304]
2021-11-19T10:23:48,287|[TRACE] ResourceRegistryStandardImpl - Closing prepared statement [com.mysql.cj.jdbc.ClientPreparedStatement: /* select count(generatedAlias0) from Contact as generatedAlias0 where generatedAlias0.id=:id */ select count(contact0_.person_id) as col_0_0_ from contact contact0_ where (contact0_.person_id, contact0_.phone_id)=(1, 1)]
2021-11-19T10:23:48,287|[TRACE] JdbcCoordinatorImpl - Starting after statement execution processing [AFTER_TRANSACTION]
2021-11-19T10:23:48,288|[TRACE] StatefulPersistenceContext - Initializing non-lazy collections
2021-11-19T10:23:48,288|[TRACE] AbstractLogicalConnectionImplementor - LogicalConnection#afterTransaction
2021-11-19T10:23:48,288|[TRACE] ResourceRegistryStandardImpl - Releasing JDBC resources
2021-11-19T10:23:48,288|[DEBUG] LogicalConnectionManagedImpl - Initiating JDBC connection release from afterTransaction
2021-11-19T10:23:48,288|[TRACE] ResourceRegistryStandardImpl - Releasing JDBC resources
2021-11-19T10:23:48,288|[TRACE] SessionImpl - Closing session [e6ad0666-82f5-4394-b552-f23c3f95cf0d]
2021-11-19T10:23:48,288|[TRACE] JdbcCoordinatorImpl - Closing JDBC container [org.hibernate.engine.jdbc.internal.JdbcCoordinatorImpl@17477bbb]
2021-11-19T10:23:48,288|[TRACE] ResourceRegistryStandardImpl - Releasing JDBC resources
2021-11-19T10:23:48,288|[TRACE] LogicalConnectionManagedImpl - Closing logical connection
2021-11-19T10:23:48,288|[TRACE] LogicalConnectionManagedImpl - Logical connection closed
]]></system-out>
  </testcase>
  <testcase name="testCreateInvalid" classname="bloodbank.entity.TestCRUDContactOriginal" time="0.007">
    <system-out><![CDATA[2021-11-19T10:23:48,289|[TRACE] SessionFactoryImpl$SessionBuilderImpl - Opening Hibernate Session.  tenant=null
2021-11-19T10:23:48,289|[TRACE] SessionImpl - Opened Session [9a91a254-d8c4-44b3-8564-6c5c3b14baa3] at timestamp: 1637335428289
2021-11-19T10:23:48,290|[DEBUG] TransactionImpl - On TransactionImpl creation, JpaCompliance#isJpaTransactionComplianceEnabled == false
2021-11-19T10:23:48,290|[DEBUG] TransactionImpl - begin
2021-11-19T10:23:48,290|[TRACE] AbstractLogicalConnectionImplementor - Preparing to begin transaction via JDBC Connection.setAutoCommit(false)
2021-11-19T10:23:48,291|[TRACE] AbstractLogicalConnectionImplementor - Transaction begun via JDBC Connection.setAutoCommit(false)
2021-11-19T10:23:48,291|[TRACE] JdbcResourceLocalTransactionCoordinatorImpl - ResourceLocalTransactionCoordinatorImpl#afterBeginCallback
2021-11-19T10:23:48,291|[TRACE] VersionValue - Version unsaved-value strategy UNDEFINED
2021-11-19T10:23:48,291|[TRACE] IdentifierValue - ID unsaved-value strategy UNDEFINED
2021-11-19T10:23:48,291|[TRACE] EntityState - Transient instance of: bloodbank.entity.Contact
2021-11-19T10:23:48,291|[TRACE] DefaultPersistEventListener - Saving transient instance
2021-11-19T10:23:48,291|[TRACE] VersionValue - Version unsaved-value strategy UNDEFINED
2021-11-19T10:23:48,291|[TRACE] IdentifierValue - ID unsaved-value: 0
2021-11-19T10:23:48,292|[DEBUG] JdbcResourceLocalTransactionCoordinatorImpl - JDBC transaction marked for rollback-only (exception provided for stack trace)
java.lang.Exception: exception just for purpose of providing stack trace
	at org.hibernate.resource.transaction.backend.jdbc.internal.JdbcResourceLocalTransactionCoordinatorImpl$TransactionDriverControlImpl.markRollbackOnly(JdbcResourceLocalTransactionCoordinatorImpl.java:324) ~[hibernate-core-5.4.27.Final.jar:?]
	at org.hibernate.engine.transaction.internal.TransactionImpl.markRollbackOnly(TransactionImpl.java:203) ~[hibernate-core-5.4.27.Final.jar:?]
	at org.hibernate.internal.AbstractSharedSessionContract.markForRollbackOnly(AbstractSharedSessionContract.java:396) ~[hibernate-core-5.4.27.Final.jar:?]
	at org.hibernate.internal.ExceptionConverterImpl.handlePersistenceException(ExceptionConverterImpl.java:297) ~[hibernate-core-5.4.27.Final.jar:?]
	at org.hibernate.internal.ExceptionConverterImpl.convert(ExceptionConverterImpl.java:155) ~[hibernate-core-5.4.27.Final.jar:?]
	at org.hibernate.internal.ExceptionConverterImpl.convert(ExceptionConverterImpl.java:181) ~[hibernate-core-5.4.27.Final.jar:?]
	at org.hibernate.internal.ExceptionConverterImpl.convert(ExceptionConverterImpl.java:188) ~[hibernate-core-5.4.27.Final.jar:?]
	at org.hibernate.internal.SessionImpl.firePersist(SessionImpl.java:726) ~[hibernate-core-5.4.27.Final.jar:?]
	at org.hibernate.internal.SessionImpl.persist(SessionImpl.java:706) ~[hibernate-core-5.4.27.Final.jar:?]
	at bloodbank.entity.TestCRUDContactOriginal.lambda$testCreateInvalid$0(TestCRUDContactOriginal.java:129) ~[test-classes/:?]
	at org.junit.jupiter.api.AssertThrows.assertThrows(AssertThrows.java:55) ~[junit-jupiter-api-5.7.0.jar:5.7.0]
	at org.junit.jupiter.api.AssertThrows.assertThrows(AssertThrows.java:37) ~[junit-jupiter-api-5.7.0.jar:5.7.0]
	at org.junit.jupiter.api.Assertions.assertThrows(Assertions.java:3007) ~[junit-jupiter-api-5.7.0.jar:5.7.0]
	at bloodbank.entity.TestCRUDContactOriginal.testCreateInvalid(TestCRUDContactOriginal.java:129) ~[test-classes/:?]
	at jdk.internal.reflect.NativeMethodAccessorImpl.invoke0(Native Method) ~[?:?]
	at jdk.internal.reflect.NativeMethodAccessorImpl.invoke(NativeMethodAccessorImpl.java:62) ~[?:?]
	at jdk.internal.reflect.DelegatingMethodAccessorImpl.invoke(DelegatingMethodAccessorImpl.java:43) ~[?:?]
	at java.lang.reflect.Method.invoke(Method.java:566) ~[?:?]
	at org.junit.platform.commons.util.ReflectionUtils.invokeMethod(ReflectionUtils.java:688) ~[junit-platform-commons-1.7.0.jar:1.7.0]
	at org.junit.jupiter.engine.execution.MethodInvocation.proceed(MethodInvocation.java:60) ~[junit-jupiter-engine-5.7.0.jar:5.7.0]
	at org.junit.jupiter.engine.execution.InvocationInterceptorChain$ValidatingInvocation.proceed(InvocationInterceptorChain.java:131) ~[junit-jupiter-engine-5.7.0.jar:5.7.0]
	at org.junit.jupiter.engine.extension.TimeoutExtension.intercept(TimeoutExtension.java:149) ~[junit-jupiter-engine-5.7.0.jar:5.7.0]
	at org.junit.jupiter.engine.extension.TimeoutExtension.interceptTestableMethod(TimeoutExtension.java:140) ~[junit-jupiter-engine-5.7.0.jar:5.7.0]
	at org.junit.jupiter.engine.extension.TimeoutExtension.interceptTestMethod(TimeoutExtension.java:84) ~[junit-jupiter-engine-5.7.0.jar:5.7.0]
	at org.junit.jupiter.engine.execution.ExecutableInvoker$ReflectiveInterceptorCall.lambda$ofVoidMethod$0(ExecutableInvoker.java:115) ~[junit-jupiter-engine-5.7.0.jar:5.7.0]
	at org.junit.jupiter.engine.execution.ExecutableInvoker.lambda$invoke$0(ExecutableInvoker.java:105) ~[junit-jupiter-engine-5.7.0.jar:5.7.0]
	at org.junit.jupiter.engine.execution.InvocationInterceptorChain$InterceptedInvocation.proceed(InvocationInterceptorChain.java:106) ~[junit-jupiter-engine-5.7.0.jar:5.7.0]
	at org.junit.jupiter.engine.execution.InvocationInterceptorChain.proceed(InvocationInterceptorChain.java:64) ~[junit-jupiter-engine-5.7.0.jar:5.7.0]
	at org.junit.jupiter.engine.execution.InvocationInterceptorChain.chainAndInvoke(InvocationInterceptorChain.java:45) ~[junit-jupiter-engine-5.7.0.jar:5.7.0]
	at org.junit.jupiter.engine.execution.InvocationInterceptorChain.invoke(InvocationInterceptorChain.java:37) ~[junit-jupiter-engine-5.7.0.jar:5.7.0]
	at org.junit.jupiter.engine.execution.ExecutableInvoker.invoke(ExecutableInvoker.java:104) ~[junit-jupiter-engine-5.7.0.jar:5.7.0]
	at org.junit.jupiter.engine.execution.ExecutableInvoker.invoke(ExecutableInvoker.java:98) ~[junit-jupiter-engine-5.7.0.jar:5.7.0]
	at org.junit.jupiter.engine.descriptor.TestMethodTestDescriptor.lambda$invokeTestMethod$6(TestMethodTestDescriptor.java:210) ~[junit-jupiter-engine-5.7.0.jar:5.7.0]
	at org.junit.platform.engine.support.hierarchical.ThrowableCollector.execute(ThrowableCollector.java:73) ~[junit-platform-engine-1.7.0.jar:1.7.0]
	at org.junit.jupiter.engine.descriptor.TestMethodTestDescriptor.invokeTestMethod(TestMethodTestDescriptor.java:206) ~[junit-jupiter-engine-5.7.0.jar:5.7.0]
	at org.junit.jupiter.engine.descriptor.TestMethodTestDescriptor.execute(TestMethodTestDescriptor.java:131) ~[junit-jupiter-engine-5.7.0.jar:5.7.0]
	at org.junit.jupiter.engine.descriptor.TestMethodTestDescriptor.execute(TestMethodTestDescriptor.java:65) ~[junit-jupiter-engine-5.7.0.jar:5.7.0]
	at org.junit.platform.engine.support.hierarchical.NodeTestTask.lambda$executeRecursively$5(NodeTestTask.java:139) ~[junit-platform-engine-1.7.0.jar:1.7.0]
	at org.junit.platform.engine.support.hierarchical.ThrowableCollector.execute(ThrowableCollector.java:73) ~[junit-platform-engine-1.7.0.jar:1.7.0]
	at org.junit.platform.engine.support.hierarchical.NodeTestTask.lambda$executeRecursively$7(NodeTestTask.java:129) ~[junit-platform-engine-1.7.0.jar:1.7.0]
	at org.junit.platform.engine.support.hierarchical.Node.around(Node.java:137) ~[junit-platform-engine-1.7.0.jar:1.7.0]
	at org.junit.platform.engine.support.hierarchical.NodeTestTask.lambda$executeRecursively$8(NodeTestTask.java:127) ~[junit-platform-engine-1.7.0.jar:1.7.0]
	at org.junit.platform.engine.support.hierarchical.ThrowableCollector.execute(ThrowableCollector.java:73) ~[junit-platform-engine-1.7.0.jar:1.7.0]
	at org.junit.platform.engine.support.hierarchical.NodeTestTask.executeRecursively(NodeTestTask.java:126) ~[junit-platform-engine-1.7.0.jar:1.7.0]
	at org.junit.platform.engine.support.hierarchical.NodeTestTask.execute(NodeTestTask.java:84) ~[junit-platform-engine-1.7.0.jar:1.7.0]
	at java.util.ArrayList.forEach(ArrayList.java:1541) ~[?:?]
	at org.junit.platform.engine.support.hierarchical.SameThreadHierarchicalTestExecutorService.invokeAll(SameThreadHierarchicalTestExecutorService.java:38) ~[junit-platform-engine-1.7.0.jar:1.7.0]
	at org.junit.platform.engine.support.hierarchical.NodeTestTask.lambda$executeRecursively$5(NodeTestTask.java:143) ~[junit-platform-engine-1.7.0.jar:1.7.0]
	at org.junit.platform.engine.support.hierarchical.ThrowableCollector.execute(ThrowableCollector.java:73) ~[junit-platform-engine-1.7.0.jar:1.7.0]
	at org.junit.platform.engine.support.hierarchical.NodeTestTask.lambda$executeRecursively$7(NodeTestTask.java:129) ~[junit-platform-engine-1.7.0.jar:1.7.0]
	at org.junit.platform.engine.support.hierarchical.Node.around(Node.java:137) ~[junit-platform-engine-1.7.0.jar:1.7.0]
	at org.junit.platform.engine.support.hierarchical.NodeTestTask.lambda$executeRecursively$8(NodeTestTask.java:127) ~[junit-platform-engine-1.7.0.jar:1.7.0]
	at org.junit.platform.engine.support.hierarchical.ThrowableCollector.execute(ThrowableCollector.java:73) ~[junit-platform-engine-1.7.0.jar:1.7.0]
	at org.junit.platform.engine.support.hierarchical.NodeTestTask.executeRecursively(NodeTestTask.java:126) ~[junit-platform-engine-1.7.0.jar:1.7.0]
	at org.junit.platform.engine.support.hierarchical.NodeTestTask.execute(NodeTestTask.java:84) ~[junit-platform-engine-1.7.0.jar:1.7.0]
	at java.util.ArrayList.forEach(ArrayList.java:1541) ~[?:?]
	at org.junit.platform.engine.support.hierarchical.SameThreadHierarchicalTestExecutorService.invokeAll(SameThreadHierarchicalTestExecutorService.java:38) ~[junit-platform-engine-1.7.0.jar:1.7.0]
	at org.junit.platform.engine.support.hierarchical.NodeTestTask.lambda$executeRecursively$5(NodeTestTask.java:143) ~[junit-platform-engine-1.7.0.jar:1.7.0]
	at org.junit.platform.engine.support.hierarchical.ThrowableCollector.execute(ThrowableCollector.java:73) ~[junit-platform-engine-1.7.0.jar:1.7.0]
	at org.junit.platform.engine.support.hierarchical.NodeTestTask.lambda$executeRecursively$7(NodeTestTask.java:129) ~[junit-platform-engine-1.7.0.jar:1.7.0]
	at org.junit.platform.engine.support.hierarchical.Node.around(Node.java:137) ~[junit-platform-engine-1.7.0.jar:1.7.0]
	at org.junit.platform.engine.support.hierarchical.NodeTestTask.lambda$executeRecursively$8(NodeTestTask.java:127) ~[junit-platform-engine-1.7.0.jar:1.7.0]
	at org.junit.platform.engine.support.hierarchical.ThrowableCollector.execute(ThrowableCollector.java:73) ~[junit-platform-engine-1.7.0.jar:1.7.0]
	at org.junit.platform.engine.support.hierarchical.NodeTestTask.executeRecursively(NodeTestTask.java:126) ~[junit-platform-engine-1.7.0.jar:1.7.0]
	at org.junit.platform.engine.support.hierarchical.NodeTestTask.execute(NodeTestTask.java:84) ~[junit-platform-engine-1.7.0.jar:1.7.0]
	at org.junit.platform.engine.support.hierarchical.SameThreadHierarchicalTestExecutorService.submit(SameThreadHierarchicalTestExecutorService.java:32) ~[junit-platform-engine-1.7.0.jar:1.7.0]
	at org.junit.platform.engine.support.hierarchical.HierarchicalTestExecutor.execute(HierarchicalTestExecutor.java:57) ~[junit-platform-engine-1.7.0.jar:1.7.0]
	at org.junit.platform.engine.support.hierarchical.HierarchicalTestEngine.execute(HierarchicalTestEngine.java:51) ~[junit-platform-engine-1.7.0.jar:1.7.0]
	at org.junit.platform.launcher.core.EngineExecutionOrchestrator.execute(EngineExecutionOrchestrator.java:108) ~[junit-platform-launcher-1.7.0.jar:1.7.0]
	at org.junit.platform.launcher.core.EngineExecutionOrchestrator.execute(EngineExecutionOrchestrator.java:88) ~[junit-platform-launcher-1.7.0.jar:1.7.0]
	at org.junit.platform.launcher.core.EngineExecutionOrchestrator.lambda$execute$0(EngineExecutionOrchestrator.java:54) ~[junit-platform-launcher-1.7.0.jar:1.7.0]
	at org.junit.platform.launcher.core.EngineExecutionOrchestrator.withInterceptedStreams(EngineExecutionOrchestrator.java:67) [junit-platform-launcher-1.7.0.jar:1.7.0]
	at org.junit.platform.launcher.core.EngineExecutionOrchestrator.execute(EngineExecutionOrchestrator.java:52) [junit-platform-launcher-1.7.0.jar:1.7.0]
	at org.junit.platform.launcher.core.DefaultLauncher.execute(DefaultLauncher.java:96) [junit-platform-launcher-1.7.0.jar:1.7.0]
	at org.junit.platform.launcher.core.DefaultLauncher.execute(DefaultLauncher.java:75) [junit-platform-launcher-1.7.0.jar:1.7.0]
	at org.apache.maven.surefire.junitplatform.JUnitPlatformProvider.execute(JUnitPlatformProvider.java:188) [surefire-junit-platform-3.0.0-M5.jar:3.0.0-M5]
	at org.apache.maven.surefire.junitplatform.JUnitPlatformProvider.invokeAllTests(JUnitPlatformProvider.java:154) [surefire-junit-platform-3.0.0-M5.jar:3.0.0-M5]
	at org.apache.maven.surefire.junitplatform.JUnitPlatformProvider.invoke(JUnitPlatformProvider.java:128) [surefire-junit-platform-3.0.0-M5.jar:3.0.0-M5]
	at org.apache.maven.surefire.booter.ForkedBooter.runSuitesInProcess(ForkedBooter.java:428) [surefire-booter-3.0.0-M5.jar:3.0.0-M5]
	at org.apache.maven.surefire.booter.ForkedBooter.execute(ForkedBooter.java:162) [surefire-booter-3.0.0-M5.jar:3.0.0-M5]
	at org.apache.maven.surefire.booter.ForkedBooter.run(ForkedBooter.java:562) [surefire-booter-3.0.0-M5.jar:3.0.0-M5]
	at org.apache.maven.surefire.booter.ForkedBooter.main(ForkedBooter.java:548) [surefire-booter-3.0.0-M5.jar:3.0.0-M5]
2021-11-19T10:23:48,293|[DEBUG] TransactionImpl - committing
2021-11-19T10:23:48,293|[DEBUG] JdbcResourceLocalTransactionCoordinatorImpl - On commit, transaction was marked for roll-back only, rolling back
2021-11-19T10:23:48,293|[TRACE] AbstractLogicalConnectionImplementor - Preparing to rollback transaction via JDBC Connection.rollback()
2021-11-19T10:23:48,294|[TRACE] AbstractLogicalConnectionImplementor - Transaction rolled-back via JDBC Connection.rollback()
2021-11-19T10:23:48,294|[TRACE] AbstractLogicalConnectionImplementor - LogicalConnection#afterTransaction
2021-11-19T10:23:48,294|[TRACE] ResourceRegistryStandardImpl - Releasing JDBC resources
2021-11-19T10:23:48,294|[DEBUG] LogicalConnectionManagedImpl - Initiating JDBC connection release from afterTransaction
2021-11-19T10:23:48,295|[TRACE] ResourceRegistryStandardImpl - Releasing JDBC resources
2021-11-19T10:23:48,295|[TRACE] JdbcResourceLocalTransactionCoordinatorImpl - ResourceLocalTransactionCoordinatorImpl#afterCompletionCallback(false)
2021-11-19T10:23:48,295|[TRACE] SynchronizationRegistryStandardImpl - SynchronizationRegistryStandardImpl.notifySynchronizationsAfterTransactionCompletion(5)
2021-11-19T10:23:48,295|[TRACE] AbstractLogicalConnectionImplementor - LogicalConnection#afterTransaction
2021-11-19T10:23:48,295|[TRACE] ResourceRegistryStandardImpl - Releasing JDBC resources
2021-11-19T10:23:48,295|[DEBUG] LogicalConnectionManagedImpl - Initiating JDBC connection release from afterTransaction
2021-11-19T10:23:48,295|[TRACE] SessionImpl - SessionImpl#afterTransactionCompletion(successful=false, delayed=false)
2021-11-19T10:23:48,295|[TRACE] SessionImpl - Closing session [9a91a254-d8c4-44b3-8564-6c5c3b14baa3]
2021-11-19T10:23:48,295|[TRACE] JdbcCoordinatorImpl - Closing JDBC container [org.hibernate.engine.jdbc.internal.JdbcCoordinatorImpl@13cc31df]
2021-11-19T10:23:48,295|[TRACE] ResourceRegistryStandardImpl - Releasing JDBC resources
2021-11-19T10:23:48,295|[TRACE] LogicalConnectionManagedImpl - Closing logical connection
2021-11-19T10:23:48,295|[TRACE] LogicalConnectionManagedImpl - Logical connection closed
]]></system-out>
  </testcase>
  <testcase name="testReadDependencies" classname="bloodbank.entity.TestCRUDContactOriginal" time="0.02">
    <system-out><![CDATA[2021-11-19T10:23:48,297|[TRACE] SessionFactoryImpl$SessionBuilderImpl - Opening Hibernate Session.  tenant=null
2021-11-19T10:23:48,297|[TRACE] SessionImpl - Opened Session [7d7d32e8-78cf-4d7a-a1f8-0f9954ef6a3b] at timestamp: 1637335428297
2021-11-19T10:23:48,297|[DEBUG] TransactionImpl - On TransactionImpl creation, JpaCompliance#isJpaTransactionComplianceEnabled == false
2021-11-19T10:23:48,297|[DEBUG] CriteriaQueryImpl - Rendered criteria query -> select generatedAlias0 from Contact as generatedAlias0 where generatedAlias0.id=:id
2021-11-19T10:23:48,297|[TRACE] QueryPlanCache - Unable to locate HQL query plan in cache; generating (select generatedAlias0 from Contact as generatedAlias0 where generatedAlias0.id=:id)
2021-11-19T10:23:48,298|[DEBUG] QueryTranslatorImpl - parse() - HQL: select generatedAlias0 from bloodbank.entity.Contact as generatedAlias0 where generatedAlias0.id=:id
2021-11-19T10:23:48,298|[TRACE] HqlParser - -> statement
2021-11-19T10:23:48,298|[TRACE] HqlParser - ---> selectStatement
2021-11-19T10:23:48,298|[TRACE] HqlParser - -----> queryRule
2021-11-19T10:23:48,298|[TRACE] HqlParser - -------> selectFrom
2021-11-19T10:23:48,298|[TRACE] HqlParser - ---------> selectClause
2021-11-19T10:23:48,298|[TRACE] HqlParser - -----------> selectedPropertiesList
2021-11-19T10:23:48,298|[TRACE] HqlParser - -------------> aliasedExpression
2021-11-19T10:23:48,298|[TRACE] HqlParser - ---------------> expression
2021-11-19T10:23:48,298|[TRACE] HqlParser - -----------------> logicalOrExpression
2021-11-19T10:23:48,298|[TRACE] HqlParser - -------------------> logicalAndExpression
2021-11-19T10:23:48,298|[TRACE] HqlParser - ---------------------> negatedExpression
2021-11-19T10:23:48,298|[TRACE] HqlParser - -----------------------> equalityExpression
2021-11-19T10:23:48,298|[TRACE] HqlParser - -------------------------> relationalExpression
2021-11-19T10:23:48,298|[TRACE] HqlParser - ---------------------------> concatenation
2021-11-19T10:23:48,298|[TRACE] HqlParser - -----------------------------> additiveExpression
2021-11-19T10:23:48,298|[TRACE] HqlParser - -------------------------------> multiplyExpression
2021-11-19T10:23:48,298|[TRACE] HqlParser - ---------------------------------> unaryExpression
2021-11-19T10:23:48,298|[TRACE] HqlParser - -----------------------------------> atom
2021-11-19T10:23:48,298|[TRACE] HqlParser - -------------------------------------> primaryExpression
2021-11-19T10:23:48,298|[TRACE] HqlParser - ---------------------------------------> identPrimary
2021-11-19T10:23:48,298|[TRACE] HqlParser - -----------------------------------------> identPrimaryBase
2021-11-19T10:23:48,298|[TRACE] HqlParser - -------------------------------------------> identifier
2021-11-19T10:23:48,298|[TRACE] HqlParser - <------------------------------------------- identifier
2021-11-19T10:23:48,298|[TRACE] HqlParser - <----------------------------------------- identPrimaryBase
2021-11-19T10:23:48,298|[TRACE] HqlParser - <--------------------------------------- identPrimary
2021-11-19T10:23:48,298|[TRACE] HqlParser - <------------------------------------- primaryExpression
2021-11-19T10:23:48,298|[TRACE] HqlParser - <----------------------------------- atom
2021-11-19T10:23:48,298|[TRACE] HqlParser - <--------------------------------- unaryExpression
2021-11-19T10:23:48,298|[TRACE] HqlParser - <------------------------------- multiplyExpression
2021-11-19T10:23:48,298|[TRACE] HqlParser - <----------------------------- additiveExpression
2021-11-19T10:23:48,298|[TRACE] HqlParser - <--------------------------- concatenation
2021-11-19T10:23:48,298|[TRACE] HqlParser - <------------------------- relationalExpression
2021-11-19T10:23:48,298|[TRACE] HqlParser - <----------------------- equalityExpression
2021-11-19T10:23:48,298|[TRACE] HqlParser - <--------------------- negatedExpression
2021-11-19T10:23:48,298|[TRACE] HqlParser - <------------------- logicalAndExpression
2021-11-19T10:23:48,298|[TRACE] HqlParser - <----------------- logicalOrExpression
2021-11-19T10:23:48,298|[TRACE] HqlParser - <--------------- expression
2021-11-19T10:23:48,298|[TRACE] HqlParser - <------------- aliasedExpression
2021-11-19T10:23:48,298|[TRACE] HqlParser - <----------- selectedPropertiesList
2021-11-19T10:23:48,298|[TRACE] HqlParser - <--------- selectClause
2021-11-19T10:23:48,298|[TRACE] HqlParser - ---------> fromClause
2021-11-19T10:23:48,298|[TRACE] HqlParser - -----------> fromRange
2021-11-19T10:23:48,298|[TRACE] HqlParser - -------------> fromClassOrOuterQueryPath
2021-11-19T10:23:48,298|[TRACE] HqlParser - ---------------> path
2021-11-19T10:23:48,298|[TRACE] HqlParser - -----------------> identifier
2021-11-19T10:23:48,298|[TRACE] HqlParser - <----------------- identifier
2021-11-19T10:23:48,298|[TRACE] HqlParser - -----------------> identifier
2021-11-19T10:23:48,298|[TRACE] HqlParser - <----------------- identifier
2021-11-19T10:23:48,298|[TRACE] HqlParser - -----------------> identifier
2021-11-19T10:23:48,298|[TRACE] HqlParser - <----------------- identifier
2021-11-19T10:23:48,298|[TRACE] HqlParser - <--------------- path
2021-11-19T10:23:48,298|[TRACE] HqlParser - ---------------> asAlias
2021-11-19T10:23:48,298|[TRACE] HqlParser - -----------------> alias
2021-11-19T10:23:48,298|[TRACE] HqlParser - -------------------> identifier
2021-11-19T10:23:48,298|[TRACE] HqlParser - <------------------- identifier
2021-11-19T10:23:48,298|[TRACE] HqlParser - <----------------- alias
2021-11-19T10:23:48,298|[TRACE] HqlParser - <--------------- asAlias
2021-11-19T10:23:48,298|[TRACE] HqlParser - <------------- fromClassOrOuterQueryPath
2021-11-19T10:23:48,298|[TRACE] HqlParser - <----------- fromRange
2021-11-19T10:23:48,298|[TRACE] HqlParser - <--------- fromClause
2021-11-19T10:23:48,298|[TRACE] HqlParser - <------- selectFrom
2021-11-19T10:23:48,298|[TRACE] HqlParser - -------> whereClause
2021-11-19T10:23:48,298|[TRACE] HqlParser - ---------> logicalExpression
2021-11-19T10:23:48,298|[TRACE] HqlParser - -----------> expression
2021-11-19T10:23:48,298|[TRACE] HqlParser - -------------> logicalOrExpression
2021-11-19T10:23:48,298|[TRACE] HqlParser - ---------------> logicalAndExpression
2021-11-19T10:23:48,298|[TRACE] HqlParser - -----------------> negatedExpression
2021-11-19T10:23:48,298|[TRACE] HqlParser - -------------------> equalityExpression
2021-11-19T10:23:48,298|[TRACE] HqlParser - ---------------------> relationalExpression
2021-11-19T10:23:48,298|[TRACE] HqlParser - -----------------------> concatenation
2021-11-19T10:23:48,298|[TRACE] HqlParser - -------------------------> additiveExpression
2021-11-19T10:23:48,298|[TRACE] HqlParser - ---------------------------> multiplyExpression
2021-11-19T10:23:48,298|[TRACE] HqlParser - -----------------------------> unaryExpression
2021-11-19T10:23:48,298|[TRACE] HqlParser - -------------------------------> atom
2021-11-19T10:23:48,298|[TRACE] HqlParser - ---------------------------------> primaryExpression
2021-11-19T10:23:48,298|[TRACE] HqlParser - -----------------------------------> identPrimary
2021-11-19T10:23:48,298|[TRACE] HqlParser - -------------------------------------> identPrimaryBase
2021-11-19T10:23:48,299|[TRACE] HqlParser - ---------------------------------------> identifier
2021-11-19T10:23:48,299|[TRACE] HqlParser - <--------------------------------------- identifier
2021-11-19T10:23:48,299|[TRACE] HqlParser - <------------------------------------- identPrimaryBase
2021-11-19T10:23:48,299|[TRACE] HqlParser - -------------------------------------> identifier
2021-11-19T10:23:48,299|[TRACE] HqlParser - <------------------------------------- identifier
2021-11-19T10:23:48,299|[TRACE] HqlParser - <----------------------------------- identPrimary
2021-11-19T10:23:48,299|[TRACE] HqlParser - <--------------------------------- primaryExpression
2021-11-19T10:23:48,299|[TRACE] HqlParser - <------------------------------- atom
2021-11-19T10:23:48,299|[TRACE] HqlParser - <----------------------------- unaryExpression
2021-11-19T10:23:48,299|[TRACE] HqlParser - <--------------------------- multiplyExpression
2021-11-19T10:23:48,299|[TRACE] HqlParser - <------------------------- additiveExpression
2021-11-19T10:23:48,299|[TRACE] HqlParser - <----------------------- concatenation
2021-11-19T10:23:48,299|[TRACE] HqlParser - <--------------------- relationalExpression
2021-11-19T10:23:48,299|[TRACE] HqlParser - ---------------------> relationalExpression
2021-11-19T10:23:48,299|[TRACE] HqlParser - -----------------------> concatenation
2021-11-19T10:23:48,299|[TRACE] HqlParser - -------------------------> additiveExpression
2021-11-19T10:23:48,299|[TRACE] HqlParser - ---------------------------> multiplyExpression
2021-11-19T10:23:48,299|[TRACE] HqlParser - -----------------------------> unaryExpression
2021-11-19T10:23:48,299|[TRACE] HqlParser - -------------------------------> atom
2021-11-19T10:23:48,299|[TRACE] HqlParser - ---------------------------------> primaryExpression
2021-11-19T10:23:48,299|[TRACE] HqlParser - -----------------------------------> parameter
2021-11-19T10:23:48,299|[TRACE] HqlParser - <----------------------------------- parameter
2021-11-19T10:23:48,299|[TRACE] HqlParser - <--------------------------------- primaryExpression
2021-11-19T10:23:48,299|[TRACE] HqlParser - <------------------------------- atom
2021-11-19T10:23:48,299|[TRACE] HqlParser - <----------------------------- unaryExpression
2021-11-19T10:23:48,299|[TRACE] HqlParser - <--------------------------- multiplyExpression
2021-11-19T10:23:48,299|[TRACE] HqlParser - <------------------------- additiveExpression
2021-11-19T10:23:48,299|[TRACE] HqlParser - <----------------------- concatenation
2021-11-19T10:23:48,299|[TRACE] HqlParser - <--------------------- relationalExpression
2021-11-19T10:23:48,299|[TRACE] HqlParser - <------------------- equalityExpression
2021-11-19T10:23:48,299|[TRACE] HqlParser - <----------------- negatedExpression
2021-11-19T10:23:48,299|[TRACE] HqlParser - <--------------- logicalAndExpression
2021-11-19T10:23:48,299|[TRACE] HqlParser - <------------- logicalOrExpression
2021-11-19T10:23:48,299|[TRACE] HqlParser - <----------- expression
2021-11-19T10:23:48,299|[TRACE] HqlParser - <--------- logicalExpression
2021-11-19T10:23:48,299|[TRACE] HqlParser - <------- whereClause
2021-11-19T10:23:48,299|[TRACE] HqlParser - <----- queryRule
2021-11-19T10:23:48,299|[TRACE] HqlParser - <--- selectStatement
2021-11-19T10:23:48,299|[TRACE] HqlParser - <- statement
2021-11-19T10:23:48,299|[DEBUG] ErrorTracker - throwQueryException() : no errors
2021-11-19T10:23:48,299|[DEBUG] QueryTranslatorImpl - --- HQL AST ---
 \-[QUERY] Node: 'query'
    +-[SELECT_FROM] Node: 'SELECT_FROM'
    |  +-[FROM] Node: 'from'
    |  |  \-[RANGE] Node: 'RANGE'
    |  |     +-[DOT] Node: '.'
    |  |     |  +-[DOT] Node: '.'
    |  |     |  |  +-[IDENT] Node: 'bloodbank'
    |  |     |  |  \-[IDENT] Node: 'entity'
    |  |     |  \-[IDENT] Node: 'Contact'
    |  |     \-[ALIAS] Node: 'generatedAlias0'
    |  \-[SELECT] Node: 'select'
    |     \-[IDENT] Node: 'generatedAlias0'
    \-[WHERE] Node: 'where'
       \-[EQ] Node: '='
          +-[DOT] Node: '.'
          |  +-[IDENT] Node: 'generatedAlias0'
          |  \-[IDENT] Node: 'id'
          \-[COLON] Node: ':'
             \-[IDENT] Node: 'id'

2021-11-19T10:23:48,299|[DEBUG] HqlSqlBaseWalker - select << begin [level=1, statement=select]
2021-11-19T10:23:48,299|[DEBUG] FromElement - FromClause{level=1} : bloodbank.entity.Contact (generatedAlias0) -> contact0_
2021-11-19T10:23:48,299|[DEBUG] FromReferenceNode - Resolved : generatedAlias0 -> contact0_.person_id, contact0_.phone_id
2021-11-19T10:23:48,300|[DEBUG] FromReferenceNode - Resolved : generatedAlias0 -> (contact0_.person_id, contact0_.phone_id)
2021-11-19T10:23:48,300|[TRACE] FromElement - Handling property dereference [bloodbank.entity.Contact (generatedAlias0) -> id (class)]
2021-11-19T10:23:48,300|[DEBUG] DotNode - getDataType() : id -> org.hibernate.type.ComponentType@3b8b4846
2021-11-19T10:23:48,300|[DEBUG] DotNode - Terminal getPropertyPath = [id]
2021-11-19T10:23:48,300|[DEBUG] FromReferenceNode - Resolved : generatedAlias0.id -> (contact0_.person_id, contact0_.phone_id)
2021-11-19T10:23:48,300|[DEBUG] HqlSqlBaseWalker - select : finishing up [level=1, statement=select]
2021-11-19T10:23:48,300|[DEBUG] HqlSqlWalker - processQuery() :  ( SELECT ( {select clause} contact0_.person_id, contact0_.phone_id ) ( FromClause{level=1} contact contact0_ ) ( where ( = ( (contact0_.person_id, contact0_.phone_id) (contact0_.person_id, contact0_.phone_id) id ) ? ) ) )
2021-11-19T10:23:48,300|[DEBUG] JoinProcessor - Tables referenced from query nodes:
 \-QueryNode
    +-SelectClause
    | referencedTables(entity Contact): [contact]
    |  +-IdentNode
    |  | persister: SingleTableEntityPersister(bloodbank.entity.Contact)
    |  | originalText: generatedAlias0
    |  \-SqlFragment
    +-FromClause
    |  \-FromElement
    \-SqlNode
       \-BinaryLogicOperatorNode
          +-DotNode
          | persister: SingleTableEntityPersister(bloodbank.entity.Contact)
          | path: generatedAlias0.id
          |  +-IdentNode
          |  | persister: SingleTableEntityPersister(bloodbank.entity.Contact)
          |  | originalText: generatedAlias0
          |  \-IdentNode
          |    persister: null
          |    originalText: id
          \-ParameterNode

2021-11-19T10:23:48,300|[DEBUG] JoinProcessor - Using FROM fragment [contact contact0_]
2021-11-19T10:23:48,300|[DEBUG] HqlSqlBaseWalker - select >> end [level=1, statement=select]
2021-11-19T10:23:48,301|[DEBUG] QueryTranslatorImpl - --- SQL AST ---
 \-[SELECT] QueryNode: 'SELECT'  querySpaces (contact)
    +-[SELECT_CLAUSE] SelectClause: '{select clause}'
    |  +-[ALIAS_REF] IdentNode: 'contact0_.person_id as person_i1_3_, contact0_.phone_id as phone_id2_3_' {alias=generatedAlias0, className=bloodbank.entity.Contact, tableAlias=contact0_}
    |  \-[SQL_TOKEN] SqlFragment: 'contact0_.created as created3_3_, contact0_.updated as updated4_3_, contact0_.version as version5_3_, contact0_.address_id as address_8_3_, contact0_.contact_type as contact_6_3_, contact0_.email as email7_3_'
    +-[FROM] FromClause: 'from' FromClause{level=1, fromElementCounter=1, fromElements=1, fromElementByClassAlias=[generatedAlias0], fromElementByTableAlias=[contact0_], fromElementsByPath=[], collectionJoinFromElementsByPath=[], impliedElements=[]}
    |  \-[FROM_FRAGMENT] FromElement: 'contact contact0_' FromElement{explicit,not a collection join,not a fetch join,fetch non-lazy properties,classAlias=generatedAlias0,role=null,tableName=contact,tableAlias=contact0_,origin=null,columns={,className=bloodbank.entity.Contact}}
    \-[WHERE] SqlNode: 'where'
       \-[EQ] BinaryLogicOperatorNode: '='
          +-[DOT] DotNode: '(contact0_.person_id, contact0_.phone_id)' {propertyName=id,dereferenceType=COMPONENT,getPropertyPath=id,path=generatedAlias0.id,tableAlias=contact0_,className=bloodbank.entity.Contact,classAlias=generatedAlias0}
          |  +-[ALIAS_REF] IdentNode: '(contact0_.person_id, contact0_.phone_id)' {alias=generatedAlias0, className=bloodbank.entity.Contact, tableAlias=contact0_}
          |  \-[IDENT] IdentNode: 'id' {originalText=id}
          \-[NAMED_PARAM] ParameterNode: '?' {name=id, expectedType=org.hibernate.type.ComponentType@3b8b4846}

2021-11-19T10:23:48,301|[DEBUG] ErrorTracker - throwQueryException() : no errors
2021-11-19T10:23:48,301|[DEBUG] QueryTranslatorImpl - HQL: select generatedAlias0 from bloodbank.entity.Contact as generatedAlias0 where generatedAlias0.id=:id
2021-11-19T10:23:48,301|[DEBUG] QueryTranslatorImpl - SQL: select contact0_.person_id as person_i1_3_, contact0_.phone_id as phone_id2_3_, contact0_.created as created3_3_, contact0_.updated as updated4_3_, contact0_.version as version5_3_, contact0_.address_id as address_8_3_, contact0_.contact_type as contact_6_3_, contact0_.email as email7_3_ from contact contact0_ where (contact0_.person_id, contact0_.phone_id)=(?, ?)
2021-11-19T10:23:48,301|[DEBUG] ErrorTracker - throwQueryException() : no errors
2021-11-19T10:23:48,301|[TRACE] QueryPlanCache - Located HQL query plan in cache (select generatedAlias0 from Contact as generatedAlias0 where generatedAlias0.id=:id)
2021-11-19T10:23:48,301|[TRACE] QueryPlanCache - Located HQL query plan in cache (select generatedAlias0 from Contact as generatedAlias0 where generatedAlias0.id=:id)
2021-11-19T10:23:48,301|[TRACE] HQLQueryPlan - Find: select generatedAlias0 from Contact as generatedAlias0 where generatedAlias0.id=:id
2021-11-19T10:23:48,301|[TRACE] QueryParameters - Named parameters: {id=component[personId,phoneId]{phoneId=1, personId=1}}
2021-11-19T10:23:48,302|[DEBUG] SQL - 
    /* select
        generatedAlias0 
    from
        Contact as generatedAlias0 
    where
        generatedAlias0.id=:id */ select
            contact0_.person_id as person_i1_3_,
            contact0_.phone_id as phone_id2_3_,
            contact0_.created as created3_3_,
            contact0_.updated as updated4_3_,
            contact0_.version as version5_3_,
            contact0_.address_id as address_8_3_,
            contact0_.contact_type as contact_6_3_,
            contact0_.email as email7_3_ 
        from
            contact contact0_ 
        where
            (
                contact0_.person_id, contact0_.phone_id
            )=(
                ?, ?
            )
2021-11-19T10:23:48,302|[TRACE] ResourceRegistryStandardImpl - Registering statement [com.mysql.cj.jdbc.ClientPreparedStatement: /* select generatedAlias0 from Contact as generatedAlias0 where generatedAlias0.id=:id */ select contact0_.person_id as person_i1_3_, contact0_.phone_id as phone_id2_3_, contact0_.created as created3_3_, contact0_.updated as updated4_3_, contact0_.version as version5_3_, contact0_.address_id as address_8_3_, contact0_.contact_type as contact_6_3_, contact0_.email as email7_3_ from contact contact0_ where (contact0_.person_id, contact0_.phone_id)=(** NOT SPECIFIED **, ** NOT SPECIFIED **)]
2021-11-19T10:23:48,302|[TRACE] JdbcCoordinatorImpl - Registering last query statement [com.mysql.cj.jdbc.ClientPreparedStatement: /* select generatedAlias0 from Contact as generatedAlias0 where generatedAlias0.id=:id */ select contact0_.person_id as person_i1_3_, contact0_.phone_id as phone_id2_3_, contact0_.created as created3_3_, contact0_.updated as updated4_3_, contact0_.version as version5_3_, contact0_.address_id as address_8_3_, contact0_.contact_type as contact_6_3_, contact0_.email as email7_3_ from contact contact0_ where (contact0_.person_id, contact0_.phone_id)=(** NOT SPECIFIED **, ** NOT SPECIFIED **)]
2021-11-19T10:23:48,302|[TRACE] BasicBinder - binding parameter [1] as [INTEGER] - [1]
2021-11-19T10:23:48,302|[TRACE] BasicBinder - binding parameter [2] as [INTEGER] - [1]
2021-11-19T10:23:48,303|[TRACE] Loader - Bound [3] parameters total
2021-11-19T10:23:48,304|[TRACE] ResourceRegistryStandardImpl - Registering result set [com.mysql.cj.jdbc.result.ResultSetImpl@440461ef]
2021-11-19T10:23:48,304|[TRACE] Loader - Processing result set
2021-11-19T10:23:48,304|[DEBUG] Loader - Result set row: 0
2021-11-19T10:23:48,304|[TRACE] BasicExtractor - extracted value ([person_i1_3_] : [INTEGER]) - [1]
2021-11-19T10:23:48,304|[TRACE] BasicExtractor - extracted value ([phone_id2_3_] : [INTEGER]) - [1]
2021-11-19T10:23:48,304|[DEBUG] Loader - Result row: EntityKey[bloodbank.entity.Contact#component[personId,phoneId]{phoneId=1, personId=1}]
2021-11-19T10:23:48,304|[TRACE] Loader - Initializing object from ResultSet: [bloodbank.entity.Contact#component[personId,phoneId]{phoneId=1, personId=1}]
2021-11-19T10:23:48,304|[TRACE] AbstractEntityPersister - Hydrating entity: [bloodbank.entity.Contact#component[personId,phoneId]{phoneId=1, personId=1}]
2021-11-19T10:23:48,304|[TRACE] BasicExtractor - extracted value ([created3_3_] : [BIGINT]) - [1637335428269]
2021-11-19T10:23:48,304|[TRACE] BasicExtractor - extracted value ([updated4_3_] : [BIGINT]) - [1637335428269]
2021-11-19T10:23:48,304|[TRACE] BasicExtractor - extracted value ([version5_3_] : [INTEGER]) - [0]
2021-11-19T10:23:48,304|[TRACE] BasicExtractor - extracted value ([address_8_3_] : [INTEGER]) - [1]
2021-11-19T10:23:48,304|[TRACE] BasicExtractor - extracted value ([contact_6_3_] : [VARCHAR]) - [Home]
2021-11-19T10:23:48,304|[TRACE] BasicExtractor - extracted value ([email7_3_] : [VARCHAR]) - [test@test.com]
2021-11-19T10:23:48,304|[TRACE] BasicExtractor - extracted value ([person_i1_3_] : [INTEGER]) - [1]
2021-11-19T10:23:48,304|[TRACE] BasicExtractor - extracted value ([phone_id2_3_] : [INTEGER]) - [1]
2021-11-19T10:23:48,304|[TRACE] TwoPhaseLoad - Version: 0
2021-11-19T10:23:48,304|[TRACE] Loader - Done processing result set (1 rows)
2021-11-19T10:23:48,304|[TRACE] Loader - Total objects hydrated: 1
2021-11-19T10:23:48,304|[DEBUG] TwoPhaseLoad - Resolving attributes for [bloodbank.entity.Contact#component[personId,phoneId]{phoneId=1, personId=1}]
2021-11-19T10:23:48,304|[DEBUG] TwoPhaseLoad - Processing attribute `epochCreated` : value = 1637335428269
2021-11-19T10:23:48,304|[DEBUG] TwoPhaseLoad - Attribute (`epochCreated`)  - enhanced for lazy-loading? - false
2021-11-19T10:23:48,304|[DEBUG] TwoPhaseLoad - Processing attribute `epochUpdated` : value = 1637335428269
2021-11-19T10:23:48,305|[DEBUG] TwoPhaseLoad - Attribute (`epochUpdated`)  - enhanced for lazy-loading? - false
2021-11-19T10:23:48,305|[DEBUG] TwoPhaseLoad - Processing attribute `version` : value = 0
2021-11-19T10:23:48,305|[DEBUG] TwoPhaseLoad - Attribute (`version`)  - enhanced for lazy-loading? - false
2021-11-19T10:23:48,305|[DEBUG] TwoPhaseLoad - Processing attribute `address` : value = 1
2021-11-19T10:23:48,305|[DEBUG] TwoPhaseLoad - Attribute (`address`)  - enhanced for lazy-loading? - false
2021-11-19T10:23:48,305|[TRACE] DefaultLoadEventListener - Loading entity: [bloodbank.entity.Address#1]
2021-11-19T10:23:48,305|[TRACE] DefaultLoadEventListener - Creating new proxy for entity
2021-11-19T10:23:48,305|[DEBUG] TwoPhaseLoad - Processing attribute `contactType` : value = Home
2021-11-19T10:23:48,305|[DEBUG] TwoPhaseLoad - Attribute (`contactType`)  - enhanced for lazy-loading? - false
2021-11-19T10:23:48,305|[DEBUG] TwoPhaseLoad - Processing attribute `email` : value = test@test.com
2021-11-19T10:23:48,305|[DEBUG] TwoPhaseLoad - Attribute (`email`)  - enhanced for lazy-loading? - false
2021-11-19T10:23:48,305|[DEBUG] TwoPhaseLoad - Processing attribute `owner` : value = 1
2021-11-19T10:23:48,305|[DEBUG] TwoPhaseLoad - Attribute (`owner`)  - enhanced for lazy-loading? - false
2021-11-19T10:23:48,306|[TRACE] DefaultLoadEventListener - Loading entity: [bloodbank.entity.Person#1]
2021-11-19T10:23:48,306|[TRACE] DefaultLoadEventListener - Creating new proxy for entity
2021-11-19T10:23:48,306|[DEBUG] TwoPhaseLoad - Processing attribute `phone` : value = 1
2021-11-19T10:23:48,306|[DEBUG] TwoPhaseLoad - Attribute (`phone`)  - enhanced for lazy-loading? - false
2021-11-19T10:23:48,306|[TRACE] DefaultLoadEventListener - Loading entity: [bloodbank.entity.Phone#1]
2021-11-19T10:23:48,306|[TRACE] DefaultLoadEventListener - Creating new proxy for entity
2021-11-19T10:23:48,307|[DEBUG] TwoPhaseLoad - Done materializing entity [bloodbank.entity.Contact#component[personId,phoneId]{phoneId=1, personId=1}]
2021-11-19T10:23:48,307|[TRACE] ResourceRegistryStandardImpl - Releasing statement [com.mysql.cj.jdbc.ClientPreparedStatement: /* select generatedAlias0 from Contact as generatedAlias0 where generatedAlias0.id=:id */ select contact0_.person_id as person_i1_3_, contact0_.phone_id as phone_id2_3_, contact0_.created as created3_3_, contact0_.updated as updated4_3_, contact0_.version as version5_3_, contact0_.address_id as address_8_3_, contact0_.contact_type as contact_6_3_, contact0_.email as email7_3_ from contact contact0_ where (contact0_.person_id, contact0_.phone_id)=(1, 1)]
2021-11-19T10:23:48,307|[TRACE] ResourceRegistryStandardImpl - Closing result set [com.mysql.cj.jdbc.result.ResultSetImpl@440461ef]
2021-11-19T10:23:48,307|[TRACE] ResourceRegistryStandardImpl - Closing prepared statement [com.mysql.cj.jdbc.ClientPreparedStatement: /* select generatedAlias0 from Contact as generatedAlias0 where generatedAlias0.id=:id */ select contact0_.person_id as person_i1_3_, contact0_.phone_id as phone_id2_3_, contact0_.created as created3_3_, contact0_.updated as updated4_3_, contact0_.version as version5_3_, contact0_.address_id as address_8_3_, contact0_.contact_type as contact_6_3_, contact0_.email as email7_3_ from contact contact0_ where (contact0_.person_id, contact0_.phone_id)=(1, 1)]
2021-11-19T10:23:48,307|[TRACE] JdbcCoordinatorImpl - Starting after statement execution processing [AFTER_TRANSACTION]
2021-11-19T10:23:48,307|[TRACE] StatefulPersistenceContext - Initializing non-lazy collections
2021-11-19T10:23:48,307|[TRACE] AbstractLogicalConnectionImplementor - LogicalConnection#afterTransaction
2021-11-19T10:23:48,307|[TRACE] ResourceRegistryStandardImpl - Releasing JDBC resources
2021-11-19T10:23:48,307|[DEBUG] LogicalConnectionManagedImpl - Initiating JDBC connection release from afterTransaction
2021-11-19T10:23:48,307|[TRACE] ResourceRegistryStandardImpl - Releasing JDBC resources
2021-11-19T10:23:48,307|[DEBUG] SessionImpl - Initializing proxy: [bloodbank.entity.Person#1]
2021-11-19T10:23:48,307|[TRACE] DefaultLoadEventListener - Attempting to resolve: [bloodbank.entity.Person#1]
2021-11-19T10:23:48,307|[TRACE] DefaultLoadEventListener - Object not resolved in any cache: [bloodbank.entity.Person#1]
2021-11-19T10:23:48,307|[TRACE] AbstractEntityPersister - Fetching entity: [bloodbank.entity.Person#1]
2021-11-19T10:23:48,307|[DEBUG] SQL - 
    select
        person0_.id as id1_5_0_,
        person0_.created as created2_5_0_,
        person0_.updated as updated3_5_0_,
        person0_.version as version4_5_0_,
        person0_.first_name as first_na5_5_0_,
        person0_.last_name as last_nam6_5_0_ 
    from
        person person0_ 
    where
        person0_.id=?
2021-11-19T10:23:48,308|[TRACE] ResourceRegistryStandardImpl - Registering statement [com.mysql.cj.jdbc.ClientPreparedStatement: select person0_.id as id1_5_0_, person0_.created as created2_5_0_, person0_.updated as updated3_5_0_, person0_.version as version4_5_0_, person0_.first_name as first_na5_5_0_, person0_.last_name as last_nam6_5_0_ from person person0_ where person0_.id=** NOT SPECIFIED **]
2021-11-19T10:23:48,308|[TRACE] JdbcCoordinatorImpl - Registering last query statement [com.mysql.cj.jdbc.ClientPreparedStatement: select person0_.id as id1_5_0_, person0_.created as created2_5_0_, person0_.updated as updated3_5_0_, person0_.version as version4_5_0_, person0_.first_name as first_na5_5_0_, person0_.last_name as last_nam6_5_0_ from person person0_ where person0_.id=** NOT SPECIFIED **]
2021-11-19T10:23:48,308|[TRACE] BasicBinder - binding parameter [1] as [INTEGER] - [1]
2021-11-19T10:23:48,308|[TRACE] AbstractLoadPlanBasedLoader - Bound [2] parameters total
2021-11-19T10:23:48,308|[TRACE] ResourceRegistryStandardImpl - Registering result set [com.mysql.cj.jdbc.result.ResultSetImpl@6c225adb]
2021-11-19T10:23:48,308|[TRACE] ResultSetProcessorImpl - Processing result set
2021-11-19T10:23:48,308|[TRACE] ResultSetProcessorImpl - Starting ResultSet row #0
2021-11-19T10:23:48,308|[DEBUG] EntityReferenceInitializerImpl - On call to EntityIdentifierReaderImpl#resolve, EntityKey was already known; should only happen on root returns with an optional identifier specified
2021-11-19T10:23:48,308|[TRACE] EntityReferenceInitializerImpl - hydrating entity state
2021-11-19T10:23:48,308|[TRACE] EntityReferenceInitializerImpl - Initializing object from ResultSet: [bloodbank.entity.Person#1]
2021-11-19T10:23:48,309|[TRACE] AbstractEntityPersister - Hydrating entity: [bloodbank.entity.Person#1]
2021-11-19T10:23:48,309|[TRACE] BasicExtractor - extracted value ([created2_5_0_] : [BIGINT]) - [1637335428269]
2021-11-19T10:23:48,309|[TRACE] BasicExtractor - extracted value ([updated3_5_0_] : [BIGINT]) - [1637335428269]
2021-11-19T10:23:48,309|[TRACE] BasicExtractor - extracted value ([version4_5_0_] : [INTEGER]) - [0]
2021-11-19T10:23:48,309|[TRACE] BasicExtractor - extracted value ([first_na5_5_0_] : [VARCHAR]) - [Teddy]
2021-11-19T10:23:48,309|[TRACE] BasicExtractor - extracted value ([last_nam6_5_0_] : [VARCHAR]) - [Yap]
2021-11-19T10:23:48,309|[TRACE] TwoPhaseLoad - Version: 0
2021-11-19T10:23:48,309|[TRACE] ResultSetProcessorImpl - Done processing result set (1 rows)
2021-11-19T10:23:48,309|[TRACE] AbstractRowReader - Total objects hydrated: 1
2021-11-19T10:23:48,309|[DEBUG] TwoPhaseLoad - Resolving attributes for [bloodbank.entity.Person#1]
2021-11-19T10:23:48,309|[DEBUG] TwoPhaseLoad - Processing attribute `epochCreated` : value = 1637335428269
2021-11-19T10:23:48,309|[DEBUG] TwoPhaseLoad - Attribute (`epochCreated`)  - enhanced for lazy-loading? - false
2021-11-19T10:23:48,309|[DEBUG] TwoPhaseLoad - Processing attribute `epochUpdated` : value = 1637335428269
2021-11-19T10:23:48,309|[DEBUG] TwoPhaseLoad - Attribute (`epochUpdated`)  - enhanced for lazy-loading? - false
2021-11-19T10:23:48,309|[DEBUG] TwoPhaseLoad - Processing attribute `version` : value = 0
2021-11-19T10:23:48,309|[DEBUG] TwoPhaseLoad - Attribute (`version`)  - enhanced for lazy-loading? - false
2021-11-19T10:23:48,309|[DEBUG] TwoPhaseLoad - Processing attribute `contacts` : value = NOT NULL COLLECTION
2021-11-19T10:23:48,309|[DEBUG] TwoPhaseLoad - Attribute (`contacts`)  - enhanced for lazy-loading? - false
2021-11-19T10:23:48,309|[TRACE] CollectionType - Created collection wrapper: [bloodbank.entity.Person.contacts#1]
2021-11-19T10:23:48,309|[DEBUG] TwoPhaseLoad - Processing attribute `donations` : value = NOT NULL COLLECTION
2021-11-19T10:23:48,309|[DEBUG] TwoPhaseLoad - Attribute (`donations`)  - enhanced for lazy-loading? - false
2021-11-19T10:23:48,309|[TRACE] CollectionType - Created collection wrapper: [bloodbank.entity.Person.donations#1]
2021-11-19T10:23:48,309|[DEBUG] TwoPhaseLoad - Processing attribute `firstName` : value = Teddy
2021-11-19T10:23:48,309|[DEBUG] TwoPhaseLoad - Attribute (`firstName`)  - enhanced for lazy-loading? - false
2021-11-19T10:23:48,309|[DEBUG] TwoPhaseLoad - Processing attribute `lastName` : value = Yap
2021-11-19T10:23:48,309|[DEBUG] TwoPhaseLoad - Attribute (`lastName`)  - enhanced for lazy-loading? - false
2021-11-19T10:23:48,309|[DEBUG] TwoPhaseLoad - Done materializing entity [bloodbank.entity.Person#1]
2021-11-19T10:23:48,309|[TRACE] ResultSetProcessingContextImpl - Skipping create subselects because there are fewer than 2 results, so query by key is more efficient.
2021-11-19T10:23:48,309|[TRACE] ResourceRegistryStandardImpl - Releasing statement [com.mysql.cj.jdbc.ClientPreparedStatement: select person0_.id as id1_5_0_, person0_.created as created2_5_0_, person0_.updated as updated3_5_0_, person0_.version as version4_5_0_, person0_.first_name as first_na5_5_0_, person0_.last_name as last_nam6_5_0_ from person person0_ where person0_.id=1]
2021-11-19T10:23:48,309|[TRACE] ResourceRegistryStandardImpl - Closing result set [com.mysql.cj.jdbc.result.ResultSetImpl@6c225adb]
2021-11-19T10:23:48,309|[TRACE] ResourceRegistryStandardImpl - Closing prepared statement [com.mysql.cj.jdbc.ClientPreparedStatement: select person0_.id as id1_5_0_, person0_.created as created2_5_0_, person0_.updated as updated3_5_0_, person0_.version as version4_5_0_, person0_.first_name as first_na5_5_0_, person0_.last_name as last_nam6_5_0_ from person person0_ where person0_.id=1]
2021-11-19T10:23:48,309|[TRACE] JdbcCoordinatorImpl - Starting after statement execution processing [AFTER_TRANSACTION]
2021-11-19T10:23:48,309|[TRACE] StatefulPersistenceContext - Initializing non-lazy collections
2021-11-19T10:23:48,309|[DEBUG] AbstractLoadPlanBasedEntityLoader - Done entity load : bloodbank.entity.Person#1
2021-11-19T10:23:48,309|[DEBUG] SessionImpl - Initializing proxy: [bloodbank.entity.Phone#1]
2021-11-19T10:23:48,309|[TRACE] DefaultLoadEventListener - Attempting to resolve: [bloodbank.entity.Phone#1]
2021-11-19T10:23:48,309|[TRACE] DefaultLoadEventListener - Object not resolved in any cache: [bloodbank.entity.Phone#1]
2021-11-19T10:23:48,309|[TRACE] AbstractEntityPersister - Fetching entity: [bloodbank.entity.Phone#1]
2021-11-19T10:23:48,309|[DEBUG] SQL - 
    select
        phone0_.phone_id as phone_id1_6_0_,
        phone0_.created as created2_6_0_,
        phone0_.updated as updated3_6_0_,
        phone0_.version as version4_6_0_,
        phone0_.area_code as area_cod5_6_0_,
        phone0_.country_code as country_6_6_0_,
        phone0_.number as number7_6_0_ 
    from
        phone phone0_ 
    where
        phone0_.phone_id=?
2021-11-19T10:23:48,309|[TRACE] ResourceRegistryStandardImpl - Registering statement [com.mysql.cj.jdbc.ClientPreparedStatement: select phone0_.phone_id as phone_id1_6_0_, phone0_.created as created2_6_0_, phone0_.updated as updated3_6_0_, phone0_.version as version4_6_0_, phone0_.area_code as area_cod5_6_0_, phone0_.country_code as country_6_6_0_, phone0_.number as number7_6_0_ from phone phone0_ where phone0_.phone_id=** NOT SPECIFIED **]
2021-11-19T10:23:48,309|[TRACE] JdbcCoordinatorImpl - Registering last query statement [com.mysql.cj.jdbc.ClientPreparedStatement: select phone0_.phone_id as phone_id1_6_0_, phone0_.created as created2_6_0_, phone0_.updated as updated3_6_0_, phone0_.version as version4_6_0_, phone0_.area_code as area_cod5_6_0_, phone0_.country_code as country_6_6_0_, phone0_.number as number7_6_0_ from phone phone0_ where phone0_.phone_id=** NOT SPECIFIED **]
2021-11-19T10:23:48,309|[TRACE] BasicBinder - binding parameter [1] as [INTEGER] - [1]
2021-11-19T10:23:48,310|[TRACE] AbstractLoadPlanBasedLoader - Bound [2] parameters total
2021-11-19T10:23:48,310|[TRACE] ResourceRegistryStandardImpl - Registering result set [com.mysql.cj.jdbc.result.ResultSetImpl@1b556a88]
2021-11-19T10:23:48,311|[TRACE] ResultSetProcessorImpl - Processing result set
2021-11-19T10:23:48,311|[TRACE] ResultSetProcessorImpl - Starting ResultSet row #0
2021-11-19T10:23:48,311|[DEBUG] EntityReferenceInitializerImpl - On call to EntityIdentifierReaderImpl#resolve, EntityKey was already known; should only happen on root returns with an optional identifier specified
2021-11-19T10:23:48,311|[TRACE] EntityReferenceInitializerImpl - hydrating entity state
2021-11-19T10:23:48,311|[TRACE] EntityReferenceInitializerImpl - Initializing object from ResultSet: [bloodbank.entity.Phone#1]
2021-11-19T10:23:48,311|[TRACE] AbstractEntityPersister - Hydrating entity: [bloodbank.entity.Phone#1]
2021-11-19T10:23:48,311|[TRACE] BasicExtractor - extracted value ([created2_6_0_] : [BIGINT]) - [1637335428271]
2021-11-19T10:23:48,311|[TRACE] BasicExtractor - extracted value ([updated3_6_0_] : [BIGINT]) - [1637335428271]
2021-11-19T10:23:48,311|[TRACE] BasicExtractor - extracted value ([version4_6_0_] : [INTEGER]) - [0]
2021-11-19T10:23:48,311|[TRACE] BasicExtractor - extracted value ([area_cod5_6_0_] : [VARCHAR]) - [234]
2021-11-19T10:23:48,311|[TRACE] BasicExtractor - extracted value ([country_6_6_0_] : [VARCHAR]) - [0]
2021-11-19T10:23:48,311|[TRACE] BasicExtractor - extracted value ([number7_6_0_] : [VARCHAR]) - [5678900]
2021-11-19T10:23:48,311|[TRACE] TwoPhaseLoad - Version: 0
2021-11-19T10:23:48,311|[TRACE] ResultSetProcessorImpl - Done processing result set (1 rows)
2021-11-19T10:23:48,312|[TRACE] AbstractRowReader - Total objects hydrated: 1
2021-11-19T10:23:48,312|[DEBUG] TwoPhaseLoad - Resolving attributes for [bloodbank.entity.Phone#1]
2021-11-19T10:23:48,312|[DEBUG] TwoPhaseLoad - Processing attribute `epochCreated` : value = 1637335428271
2021-11-19T10:23:48,312|[DEBUG] TwoPhaseLoad - Attribute (`epochCreated`)  - enhanced for lazy-loading? - false
2021-11-19T10:23:48,312|[DEBUG] TwoPhaseLoad - Processing attribute `epochUpdated` : value = 1637335428271
2021-11-19T10:23:48,312|[DEBUG] TwoPhaseLoad - Attribute (`epochUpdated`)  - enhanced for lazy-loading? - false
2021-11-19T10:23:48,312|[DEBUG] TwoPhaseLoad - Processing attribute `version` : value = 0
2021-11-19T10:23:48,312|[DEBUG] TwoPhaseLoad - Attribute (`version`)  - enhanced for lazy-loading? - false
2021-11-19T10:23:48,312|[DEBUG] TwoPhaseLoad - Processing attribute `areaCode` : value = 234
2021-11-19T10:23:48,312|[DEBUG] TwoPhaseLoad - Attribute (`areaCode`)  - enhanced for lazy-loading? - false
2021-11-19T10:23:48,312|[DEBUG] TwoPhaseLoad - Processing attribute `contacts` : value = NOT NULL COLLECTION
2021-11-19T10:23:48,312|[DEBUG] TwoPhaseLoad - Attribute (`contacts`)  - enhanced for lazy-loading? - false
2021-11-19T10:23:48,312|[TRACE] CollectionType - Created collection wrapper: [bloodbank.entity.Phone.contacts#1]
2021-11-19T10:23:48,312|[DEBUG] TwoPhaseLoad - Processing attribute `countryCode` : value = 0
2021-11-19T10:23:48,312|[DEBUG] TwoPhaseLoad - Attribute (`countryCode`)  - enhanced for lazy-loading? - false
2021-11-19T10:23:48,312|[DEBUG] TwoPhaseLoad - Processing attribute `number` : value = 5678900
2021-11-19T10:23:48,312|[DEBUG] TwoPhaseLoad - Attribute (`number`)  - enhanced for lazy-loading? - false
2021-11-19T10:23:48,312|[DEBUG] TwoPhaseLoad - Done materializing entity [bloodbank.entity.Phone#1]
2021-11-19T10:23:48,312|[TRACE] ResultSetProcessingContextImpl - Skipping create subselects because there are fewer than 2 results, so query by key is more efficient.
2021-11-19T10:23:48,313|[TRACE] ResourceRegistryStandardImpl - Releasing statement [com.mysql.cj.jdbc.ClientPreparedStatement: select phone0_.phone_id as phone_id1_6_0_, phone0_.created as created2_6_0_, phone0_.updated as updated3_6_0_, phone0_.version as version4_6_0_, phone0_.area_code as area_cod5_6_0_, phone0_.country_code as country_6_6_0_, phone0_.number as number7_6_0_ from phone phone0_ where phone0_.phone_id=1]
2021-11-19T10:23:48,313|[TRACE] ResourceRegistryStandardImpl - Closing result set [com.mysql.cj.jdbc.result.ResultSetImpl@1b556a88]
2021-11-19T10:23:48,313|[TRACE] ResourceRegistryStandardImpl - Closing prepared statement [com.mysql.cj.jdbc.ClientPreparedStatement: select phone0_.phone_id as phone_id1_6_0_, phone0_.created as created2_6_0_, phone0_.updated as updated3_6_0_, phone0_.version as version4_6_0_, phone0_.area_code as area_cod5_6_0_, phone0_.country_code as country_6_6_0_, phone0_.number as number7_6_0_ from phone phone0_ where phone0_.phone_id=1]
2021-11-19T10:23:48,313|[TRACE] JdbcCoordinatorImpl - Starting after statement execution processing [AFTER_TRANSACTION]
2021-11-19T10:23:48,313|[TRACE] StatefulPersistenceContext - Initializing non-lazy collections
2021-11-19T10:23:48,313|[DEBUG] AbstractLoadPlanBasedEntityLoader - Done entity load : bloodbank.entity.Phone#1
2021-11-19T10:23:48,313|[DEBUG] SessionImpl - Initializing proxy: [bloodbank.entity.Address#1]
2021-11-19T10:23:48,313|[TRACE] DefaultLoadEventListener - Attempting to resolve: [bloodbank.entity.Address#1]
2021-11-19T10:23:48,313|[TRACE] DefaultLoadEventListener - Object not resolved in any cache: [bloodbank.entity.Address#1]
2021-11-19T10:23:48,313|[TRACE] AbstractEntityPersister - Fetching entity: [bloodbank.entity.Address#1]
2021-11-19T10:23:48,313|[DEBUG] SQL - 
    select
        address0_.address_id as address_1_0_0_,
        address0_.created as created2_0_0_,
        address0_.updated as updated3_0_0_,
        address0_.version as version4_0_0_,
        address0_.city as city5_0_0_,
        address0_.country as country6_0_0_,
        address0_.province as province7_0_0_,
        address0_.street as street8_0_0_,
        address0_.street_number as street_n9_0_0_,
        address0_.zipcode as zipcode10_0_0_ 
    from
        address address0_ 
    where
        address0_.address_id=?
2021-11-19T10:23:48,313|[TRACE] ResourceRegistryStandardImpl - Registering statement [com.mysql.cj.jdbc.ClientPreparedStatement: select address0_.address_id as address_1_0_0_, address0_.created as created2_0_0_, address0_.updated as updated3_0_0_, address0_.version as version4_0_0_, address0_.city as city5_0_0_, address0_.country as country6_0_0_, address0_.province as province7_0_0_, address0_.street as street8_0_0_, address0_.street_number as street_n9_0_0_, address0_.zipcode as zipcode10_0_0_ from address address0_ where address0_.address_id=** NOT SPECIFIED **]
2021-11-19T10:23:48,313|[TRACE] JdbcCoordinatorImpl - Registering last query statement [com.mysql.cj.jdbc.ClientPreparedStatement: select address0_.address_id as address_1_0_0_, address0_.created as created2_0_0_, address0_.updated as updated3_0_0_, address0_.version as version4_0_0_, address0_.city as city5_0_0_, address0_.country as country6_0_0_, address0_.province as province7_0_0_, address0_.street as street8_0_0_, address0_.street_number as street_n9_0_0_, address0_.zipcode as zipcode10_0_0_ from address address0_ where address0_.address_id=** NOT SPECIFIED **]
2021-11-19T10:23:48,313|[TRACE] BasicBinder - binding parameter [1] as [INTEGER] - [1]
2021-11-19T10:23:48,313|[TRACE] AbstractLoadPlanBasedLoader - Bound [2] parameters total
2021-11-19T10:23:48,314|[TRACE] ResourceRegistryStandardImpl - Registering result set [com.mysql.cj.jdbc.result.ResultSetImpl@62c6db99]
2021-11-19T10:23:48,314|[TRACE] ResultSetProcessorImpl - Processing result set
2021-11-19T10:23:48,314|[TRACE] ResultSetProcessorImpl - Starting ResultSet row #0
2021-11-19T10:23:48,314|[DEBUG] EntityReferenceInitializerImpl - On call to EntityIdentifierReaderImpl#resolve, EntityKey was already known; should only happen on root returns with an optional identifier specified
2021-11-19T10:23:48,314|[TRACE] EntityReferenceInitializerImpl - hydrating entity state
2021-11-19T10:23:48,314|[TRACE] EntityReferenceInitializerImpl - Initializing object from ResultSet: [bloodbank.entity.Address#1]
2021-11-19T10:23:48,314|[TRACE] AbstractEntityPersister - Hydrating entity: [bloodbank.entity.Address#1]
2021-11-19T10:23:48,314|[TRACE] BasicExtractor - extracted value ([created2_0_0_] : [BIGINT]) - [1637335428273]
2021-11-19T10:23:48,314|[TRACE] BasicExtractor - extracted value ([updated3_0_0_] : [BIGINT]) - [1637335428273]
2021-11-19T10:23:48,314|[TRACE] BasicExtractor - extracted value ([version4_0_0_] : [INTEGER]) - [0]
2021-11-19T10:23:48,314|[TRACE] BasicExtractor - extracted value ([city5_0_0_] : [VARCHAR]) - [ottawa]
2021-11-19T10:23:48,314|[TRACE] BasicExtractor - extracted value ([country6_0_0_] : [VARCHAR]) - [CA]
2021-11-19T10:23:48,314|[TRACE] BasicExtractor - extracted value ([province7_0_0_] : [VARCHAR]) - [ON]
2021-11-19T10:23:48,314|[TRACE] BasicExtractor - extracted value ([street8_0_0_] : [VARCHAR]) - [abcd Dr.W]
2021-11-19T10:23:48,314|[TRACE] BasicExtractor - extracted value ([street_n9_0_0_] : [VARCHAR]) - [123]
2021-11-19T10:23:48,314|[TRACE] BasicExtractor - extracted value ([zipcode10_0_0_] : [VARCHAR]) - [A1B2C3]
2021-11-19T10:23:48,314|[TRACE] TwoPhaseLoad - Version: 0
2021-11-19T10:23:48,315|[TRACE] ResultSetProcessorImpl - Done processing result set (1 rows)
2021-11-19T10:23:48,315|[TRACE] AbstractRowReader - Total objects hydrated: 1
2021-11-19T10:23:48,315|[DEBUG] TwoPhaseLoad - Resolving attributes for [bloodbank.entity.Address#1]
2021-11-19T10:23:48,315|[DEBUG] TwoPhaseLoad - Processing attribute `epochCreated` : value = 1637335428273
2021-11-19T10:23:48,315|[DEBUG] TwoPhaseLoad - Attribute (`epochCreated`)  - enhanced for lazy-loading? - false
2021-11-19T10:23:48,315|[DEBUG] TwoPhaseLoad - Processing attribute `epochUpdated` : value = 1637335428273
2021-11-19T10:23:48,315|[DEBUG] TwoPhaseLoad - Attribute (`epochUpdated`)  - enhanced for lazy-loading? - false
2021-11-19T10:23:48,315|[DEBUG] TwoPhaseLoad - Processing attribute `version` : value = 0
2021-11-19T10:23:48,315|[DEBUG] TwoPhaseLoad - Attribute (`version`)  - enhanced for lazy-loading? - false
2021-11-19T10:23:48,315|[DEBUG] TwoPhaseLoad - Processing attribute `city` : value = ottawa
2021-11-19T10:23:48,315|[DEBUG] TwoPhaseLoad - Attribute (`city`)  - enhanced for lazy-loading? - false
2021-11-19T10:23:48,315|[DEBUG] TwoPhaseLoad - Processing attribute `contacts` : value = NOT NULL COLLECTION
2021-11-19T10:23:48,315|[DEBUG] TwoPhaseLoad - Attribute (`contacts`)  - enhanced for lazy-loading? - false
2021-11-19T10:23:48,315|[TRACE] CollectionType - Created collection wrapper: [bloodbank.entity.Address.contacts#1]
2021-11-19T10:23:48,315|[DEBUG] TwoPhaseLoad - Processing attribute `country` : value = CA
2021-11-19T10:23:48,315|[DEBUG] TwoPhaseLoad - Attribute (`country`)  - enhanced for lazy-loading? - false
2021-11-19T10:23:48,315|[DEBUG] TwoPhaseLoad - Processing attribute `province` : value = ON
2021-11-19T10:23:48,315|[DEBUG] TwoPhaseLoad - Attribute (`province`)  - enhanced for lazy-loading? - false
2021-11-19T10:23:48,315|[DEBUG] TwoPhaseLoad - Processing attribute `street` : value = abcd Dr.W
2021-11-19T10:23:48,315|[DEBUG] TwoPhaseLoad - Attribute (`street`)  - enhanced for lazy-loading? - false
2021-11-19T10:23:48,315|[DEBUG] TwoPhaseLoad - Processing attribute `streetNumber` : value = 123
2021-11-19T10:23:48,315|[DEBUG] TwoPhaseLoad - Attribute (`streetNumber`)  - enhanced for lazy-loading? - false
2021-11-19T10:23:48,315|[DEBUG] TwoPhaseLoad - Processing attribute `zipcode` : value = A1B2C3
2021-11-19T10:23:48,315|[DEBUG] TwoPhaseLoad - Attribute (`zipcode`)  - enhanced for lazy-loading? - false
2021-11-19T10:23:48,315|[DEBUG] TwoPhaseLoad - Done materializing entity [bloodbank.entity.Address#1]
2021-11-19T10:23:48,315|[TRACE] ResultSetProcessingContextImpl - Skipping create subselects because there are fewer than 2 results, so query by key is more efficient.
2021-11-19T10:23:48,315|[TRACE] ResourceRegistryStandardImpl - Releasing statement [com.mysql.cj.jdbc.ClientPreparedStatement: select address0_.address_id as address_1_0_0_, address0_.created as created2_0_0_, address0_.updated as updated3_0_0_, address0_.version as version4_0_0_, address0_.city as city5_0_0_, address0_.country as country6_0_0_, address0_.province as province7_0_0_, address0_.street as street8_0_0_, address0_.street_number as street_n9_0_0_, address0_.zipcode as zipcode10_0_0_ from address address0_ where address0_.address_id=1]
2021-11-19T10:23:48,315|[TRACE] ResourceRegistryStandardImpl - Closing result set [com.mysql.cj.jdbc.result.ResultSetImpl@62c6db99]
2021-11-19T10:23:48,315|[TRACE] ResourceRegistryStandardImpl - Closing prepared statement [com.mysql.cj.jdbc.ClientPreparedStatement: select address0_.address_id as address_1_0_0_, address0_.created as created2_0_0_, address0_.updated as updated3_0_0_, address0_.version as version4_0_0_, address0_.city as city5_0_0_, address0_.country as country6_0_0_, address0_.province as province7_0_0_, address0_.street as street8_0_0_, address0_.street_number as street_n9_0_0_, address0_.zipcode as zipcode10_0_0_ from address address0_ where address0_.address_id=1]
2021-11-19T10:23:48,315|[TRACE] JdbcCoordinatorImpl - Starting after statement execution processing [AFTER_TRANSACTION]
2021-11-19T10:23:48,315|[TRACE] StatefulPersistenceContext - Initializing non-lazy collections
2021-11-19T10:23:48,315|[DEBUG] AbstractLoadPlanBasedEntityLoader - Done entity load : bloodbank.entity.Address#1
2021-11-19T10:23:48,315|[TRACE] SessionImpl - Closing session [7d7d32e8-78cf-4d7a-a1f8-0f9954ef6a3b]
2021-11-19T10:23:48,315|[TRACE] JdbcCoordinatorImpl - Closing JDBC container [org.hibernate.engine.jdbc.internal.JdbcCoordinatorImpl@87f6ab5]
2021-11-19T10:23:48,315|[TRACE] ResourceRegistryStandardImpl - Releasing JDBC resources
2021-11-19T10:23:48,315|[TRACE] LogicalConnectionManagedImpl - Closing logical connection
2021-11-19T10:23:48,316|[TRACE] ResourceRegistryStandardImpl - Releasing JDBC resources
2021-11-19T10:23:48,316|[TRACE] LogicalConnectionManagedImpl - Logical connection closed
]]></system-out>
  </testcase>
  <testcase name="testRead" classname="bloodbank.entity.TestCRUDContactOriginal" time="0.01">
    <system-out><![CDATA[2021-11-19T10:23:48,317|[TRACE] SessionFactoryImpl$SessionBuilderImpl - Opening Hibernate Session.  tenant=null
2021-11-19T10:23:48,317|[TRACE] SessionImpl - Opened Session [25dd53b3-5fbd-4655-adda-1bed2de0cead] at timestamp: 1637335428317
2021-11-19T10:23:48,317|[DEBUG] TransactionImpl - On TransactionImpl creation, JpaCompliance#isJpaTransactionComplianceEnabled == false
2021-11-19T10:23:48,317|[DEBUG] CriteriaQueryImpl - Rendered criteria query -> select generatedAlias0 from Contact as generatedAlias0
2021-11-19T10:23:48,317|[TRACE] QueryPlanCache - Unable to locate HQL query plan in cache; generating (select generatedAlias0 from Contact as generatedAlias0)
2021-11-19T10:23:48,317|[DEBUG] QueryTranslatorImpl - parse() - HQL: select generatedAlias0 from bloodbank.entity.Contact as generatedAlias0
2021-11-19T10:23:48,317|[TRACE] HqlParser - -> statement
2021-11-19T10:23:48,317|[TRACE] HqlParser - ---> selectStatement
2021-11-19T10:23:48,317|[TRACE] HqlParser - -----> queryRule
2021-11-19T10:23:48,317|[TRACE] HqlParser - -------> selectFrom
2021-11-19T10:23:48,317|[TRACE] HqlParser - ---------> selectClause
2021-11-19T10:23:48,317|[TRACE] HqlParser - -----------> selectedPropertiesList
2021-11-19T10:23:48,317|[TRACE] HqlParser - -------------> aliasedExpression
2021-11-19T10:23:48,317|[TRACE] HqlParser - ---------------> expression
2021-11-19T10:23:48,317|[TRACE] HqlParser - -----------------> logicalOrExpression
2021-11-19T10:23:48,317|[TRACE] HqlParser - -------------------> logicalAndExpression
2021-11-19T10:23:48,317|[TRACE] HqlParser - ---------------------> negatedExpression
2021-11-19T10:23:48,317|[TRACE] HqlParser - -----------------------> equalityExpression
2021-11-19T10:23:48,317|[TRACE] HqlParser - -------------------------> relationalExpression
2021-11-19T10:23:48,317|[TRACE] HqlParser - ---------------------------> concatenation
2021-11-19T10:23:48,317|[TRACE] HqlParser - -----------------------------> additiveExpression
2021-11-19T10:23:48,317|[TRACE] HqlParser - -------------------------------> multiplyExpression
2021-11-19T10:23:48,317|[TRACE] HqlParser - ---------------------------------> unaryExpression
2021-11-19T10:23:48,317|[TRACE] HqlParser - -----------------------------------> atom
2021-11-19T10:23:48,317|[TRACE] HqlParser - -------------------------------------> primaryExpression
2021-11-19T10:23:48,317|[TRACE] HqlParser - ---------------------------------------> identPrimary
2021-11-19T10:23:48,317|[TRACE] HqlParser - -----------------------------------------> identPrimaryBase
2021-11-19T10:23:48,317|[TRACE] HqlParser - -------------------------------------------> identifier
2021-11-19T10:23:48,317|[TRACE] HqlParser - <------------------------------------------- identifier
2021-11-19T10:23:48,317|[TRACE] HqlParser - <----------------------------------------- identPrimaryBase
2021-11-19T10:23:48,317|[TRACE] HqlParser - <--------------------------------------- identPrimary
2021-11-19T10:23:48,317|[TRACE] HqlParser - <------------------------------------- primaryExpression
2021-11-19T10:23:48,317|[TRACE] HqlParser - <----------------------------------- atom
2021-11-19T10:23:48,317|[TRACE] HqlParser - <--------------------------------- unaryExpression
2021-11-19T10:23:48,317|[TRACE] HqlParser - <------------------------------- multiplyExpression
2021-11-19T10:23:48,317|[TRACE] HqlParser - <----------------------------- additiveExpression
2021-11-19T10:23:48,317|[TRACE] HqlParser - <--------------------------- concatenation
2021-11-19T10:23:48,317|[TRACE] HqlParser - <------------------------- relationalExpression
2021-11-19T10:23:48,317|[TRACE] HqlParser - <----------------------- equalityExpression
2021-11-19T10:23:48,317|[TRACE] HqlParser - <--------------------- negatedExpression
2021-11-19T10:23:48,317|[TRACE] HqlParser - <------------------- logicalAndExpression
2021-11-19T10:23:48,317|[TRACE] HqlParser - <----------------- logicalOrExpression
2021-11-19T10:23:48,317|[TRACE] HqlParser - <--------------- expression
2021-11-19T10:23:48,317|[TRACE] HqlParser - <------------- aliasedExpression
2021-11-19T10:23:48,317|[TRACE] HqlParser - <----------- selectedPropertiesList
2021-11-19T10:23:48,317|[TRACE] HqlParser - <--------- selectClause
2021-11-19T10:23:48,317|[TRACE] HqlParser - ---------> fromClause
2021-11-19T10:23:48,317|[TRACE] HqlParser - -----------> fromRange
2021-11-19T10:23:48,317|[TRACE] HqlParser - -------------> fromClassOrOuterQueryPath
2021-11-19T10:23:48,317|[TRACE] HqlParser - ---------------> path
2021-11-19T10:23:48,317|[TRACE] HqlParser - -----------------> identifier
2021-11-19T10:23:48,317|[TRACE] HqlParser - <----------------- identifier
2021-11-19T10:23:48,317|[TRACE] HqlParser - -----------------> identifier
2021-11-19T10:23:48,317|[TRACE] HqlParser - <----------------- identifier
2021-11-19T10:23:48,317|[TRACE] HqlParser - -----------------> identifier
2021-11-19T10:23:48,317|[TRACE] HqlParser - <----------------- identifier
2021-11-19T10:23:48,317|[TRACE] HqlParser - <--------------- path
2021-11-19T10:23:48,317|[TRACE] HqlParser - ---------------> asAlias
2021-11-19T10:23:48,317|[TRACE] HqlParser - -----------------> alias
2021-11-19T10:23:48,317|[TRACE] HqlParser - -------------------> identifier
2021-11-19T10:23:48,317|[TRACE] HqlParser - <------------------- identifier
2021-11-19T10:23:48,317|[TRACE] HqlParser - <----------------- alias
2021-11-19T10:23:48,317|[TRACE] HqlParser - <--------------- asAlias
2021-11-19T10:23:48,317|[TRACE] HqlParser - <------------- fromClassOrOuterQueryPath
2021-11-19T10:23:48,317|[TRACE] HqlParser - <----------- fromRange
2021-11-19T10:23:48,317|[TRACE] HqlParser - <--------- fromClause
2021-11-19T10:23:48,317|[TRACE] HqlParser - <------- selectFrom
2021-11-19T10:23:48,317|[TRACE] HqlParser - <----- queryRule
2021-11-19T10:23:48,317|[TRACE] HqlParser - <--- selectStatement
2021-11-19T10:23:48,317|[TRACE] HqlParser - <- statement
2021-11-19T10:23:48,317|[DEBUG] ErrorTracker - throwQueryException() : no errors
2021-11-19T10:23:48,317|[DEBUG] QueryTranslatorImpl - --- HQL AST ---
 \-[QUERY] Node: 'query'
    \-[SELECT_FROM] Node: 'SELECT_FROM'
       +-[FROM] Node: 'from'
       |  \-[RANGE] Node: 'RANGE'
       |     +-[DOT] Node: '.'
       |     |  +-[DOT] Node: '.'
       |     |  |  +-[IDENT] Node: 'bloodbank'
       |     |  |  \-[IDENT] Node: 'entity'
       |     |  \-[IDENT] Node: 'Contact'
       |     \-[ALIAS] Node: 'generatedAlias0'
       \-[SELECT] Node: 'select'
          \-[IDENT] Node: 'generatedAlias0'

2021-11-19T10:23:48,317|[DEBUG] HqlSqlBaseWalker - select << begin [level=1, statement=select]
2021-11-19T10:23:48,317|[DEBUG] FromElement - FromClause{level=1} : bloodbank.entity.Contact (generatedAlias0) -> contact0_
2021-11-19T10:23:48,318|[DEBUG] FromReferenceNode - Resolved : generatedAlias0 -> contact0_.person_id, contact0_.phone_id
2021-11-19T10:23:48,318|[DEBUG] HqlSqlBaseWalker - select : finishing up [level=1, statement=select]
2021-11-19T10:23:48,318|[DEBUG] HqlSqlWalker - processQuery() :  ( SELECT ( {select clause} contact0_.person_id, contact0_.phone_id ) ( FromClause{level=1} contact contact0_ ) )
2021-11-19T10:23:48,318|[DEBUG] JoinProcessor - Tables referenced from query nodes:
 \-QueryNode
    +-SelectClause
    | referencedTables(entity Contact): [contact]
    |  +-IdentNode
    |  | persister: SingleTableEntityPersister(bloodbank.entity.Contact)
    |  | originalText: generatedAlias0
    |  \-SqlFragment
    \-FromClause
       \-FromElement

2021-11-19T10:23:48,318|[DEBUG] JoinProcessor - Using FROM fragment [contact contact0_]
2021-11-19T10:23:48,318|[DEBUG] HqlSqlBaseWalker - select >> end [level=1, statement=select]
2021-11-19T10:23:48,318|[DEBUG] QueryTranslatorImpl - --- SQL AST ---
 \-[SELECT] QueryNode: 'SELECT'  querySpaces (contact)
    +-[SELECT_CLAUSE] SelectClause: '{select clause}'
    |  +-[ALIAS_REF] IdentNode: 'contact0_.person_id as person_i1_3_, contact0_.phone_id as phone_id2_3_' {alias=generatedAlias0, className=bloodbank.entity.Contact, tableAlias=contact0_}
    |  \-[SQL_TOKEN] SqlFragment: 'contact0_.created as created3_3_, contact0_.updated as updated4_3_, contact0_.version as version5_3_, contact0_.address_id as address_8_3_, contact0_.contact_type as contact_6_3_, contact0_.email as email7_3_'
    \-[FROM] FromClause: 'from' FromClause{level=1, fromElementCounter=1, fromElements=1, fromElementByClassAlias=[generatedAlias0], fromElementByTableAlias=[contact0_], fromElementsByPath=[], collectionJoinFromElementsByPath=[], impliedElements=[]}
       \-[FROM_FRAGMENT] FromElement: 'contact contact0_' FromElement{explicit,not a collection join,not a fetch join,fetch non-lazy properties,classAlias=generatedAlias0,role=null,tableName=contact,tableAlias=contact0_,origin=null,columns={,className=bloodbank.entity.Contact}}

2021-11-19T10:23:48,318|[DEBUG] ErrorTracker - throwQueryException() : no errors
2021-11-19T10:23:48,318|[DEBUG] QueryTranslatorImpl - HQL: select generatedAlias0 from bloodbank.entity.Contact as generatedAlias0
2021-11-19T10:23:48,318|[DEBUG] QueryTranslatorImpl - SQL: select contact0_.person_id as person_i1_3_, contact0_.phone_id as phone_id2_3_, contact0_.created as created3_3_, contact0_.updated as updated4_3_, contact0_.version as version5_3_, contact0_.address_id as address_8_3_, contact0_.contact_type as contact_6_3_, contact0_.email as email7_3_ from contact contact0_
2021-11-19T10:23:48,318|[DEBUG] ErrorTracker - throwQueryException() : no errors
2021-11-19T10:23:48,318|[TRACE] QueryPlanCache - Located HQL query plan in cache (select generatedAlias0 from Contact as generatedAlias0)
2021-11-19T10:23:48,318|[TRACE] QueryPlanCache - Located HQL query plan in cache (select generatedAlias0 from Contact as generatedAlias0)
2021-11-19T10:23:48,318|[TRACE] HQLQueryPlan - Find: select generatedAlias0 from Contact as generatedAlias0
2021-11-19T10:23:48,318|[TRACE] QueryParameters - Named parameters: {}
2021-11-19T10:23:48,318|[DEBUG] SQL - 
    /* select
        generatedAlias0 
    from
        Contact as generatedAlias0 */ select
            contact0_.person_id as person_i1_3_,
            contact0_.phone_id as phone_id2_3_,
            contact0_.created as created3_3_,
            contact0_.updated as updated4_3_,
            contact0_.version as version5_3_,
            contact0_.address_id as address_8_3_,
            contact0_.contact_type as contact_6_3_,
            contact0_.email as email7_3_ 
        from
            contact contact0_
2021-11-19T10:23:48,319|[TRACE] ResourceRegistryStandardImpl - Registering statement [com.mysql.cj.jdbc.ClientPreparedStatement: /* select generatedAlias0 from Contact as generatedAlias0 */ select contact0_.person_id as person_i1_3_, contact0_.phone_id as phone_id2_3_, contact0_.created as created3_3_, contact0_.updated as updated4_3_, contact0_.version as version5_3_, contact0_.address_id as address_8_3_, contact0_.contact_type as contact_6_3_, contact0_.email as email7_3_ from contact contact0_]
2021-11-19T10:23:48,319|[TRACE] JdbcCoordinatorImpl - Registering last query statement [com.mysql.cj.jdbc.ClientPreparedStatement: /* select generatedAlias0 from Contact as generatedAlias0 */ select contact0_.person_id as person_i1_3_, contact0_.phone_id as phone_id2_3_, contact0_.created as created3_3_, contact0_.updated as updated4_3_, contact0_.version as version5_3_, contact0_.address_id as address_8_3_, contact0_.contact_type as contact_6_3_, contact0_.email as email7_3_ from contact contact0_]
2021-11-19T10:23:48,319|[TRACE] Loader - Bound [1] parameters total
2021-11-19T10:23:48,319|[TRACE] ResourceRegistryStandardImpl - Registering result set [com.mysql.cj.jdbc.result.ResultSetImpl@63636de0]
2021-11-19T10:23:48,320|[TRACE] Loader - Processing result set
2021-11-19T10:23:48,320|[DEBUG] Loader - Result set row: 0
2021-11-19T10:23:48,320|[TRACE] BasicExtractor - extracted value ([person_i1_3_] : [INTEGER]) - [1]
2021-11-19T10:23:48,320|[TRACE] BasicExtractor - extracted value ([phone_id2_3_] : [INTEGER]) - [1]
2021-11-19T10:23:48,320|[DEBUG] Loader - Result row: EntityKey[bloodbank.entity.Contact#component[personId,phoneId]{phoneId=1, personId=1}]
2021-11-19T10:23:48,320|[TRACE] Loader - Initializing object from ResultSet: [bloodbank.entity.Contact#component[personId,phoneId]{phoneId=1, personId=1}]
2021-11-19T10:23:48,320|[TRACE] AbstractEntityPersister - Hydrating entity: [bloodbank.entity.Contact#component[personId,phoneId]{phoneId=1, personId=1}]
2021-11-19T10:23:48,320|[TRACE] BasicExtractor - extracted value ([created3_3_] : [BIGINT]) - [1637335428269]
2021-11-19T10:23:48,320|[TRACE] BasicExtractor - extracted value ([updated4_3_] : [BIGINT]) - [1637335428269]
2021-11-19T10:23:48,320|[TRACE] BasicExtractor - extracted value ([version5_3_] : [INTEGER]) - [0]
2021-11-19T10:23:48,320|[TRACE] BasicExtractor - extracted value ([address_8_3_] : [INTEGER]) - [1]
2021-11-19T10:23:48,320|[TRACE] BasicExtractor - extracted value ([contact_6_3_] : [VARCHAR]) - [Home]
2021-11-19T10:23:48,320|[TRACE] BasicExtractor - extracted value ([email7_3_] : [VARCHAR]) - [test@test.com]
2021-11-19T10:23:48,320|[TRACE] BasicExtractor - extracted value ([person_i1_3_] : [INTEGER]) - [1]
2021-11-19T10:23:48,320|[TRACE] BasicExtractor - extracted value ([phone_id2_3_] : [INTEGER]) - [1]
2021-11-19T10:23:48,320|[TRACE] TwoPhaseLoad - Version: 0
2021-11-19T10:23:48,320|[TRACE] Loader - Done processing result set (1 rows)
2021-11-19T10:23:48,320|[TRACE] Loader - Total objects hydrated: 1
2021-11-19T10:23:48,320|[DEBUG] TwoPhaseLoad - Resolving attributes for [bloodbank.entity.Contact#component[personId,phoneId]{phoneId=1, personId=1}]
2021-11-19T10:23:48,320|[DEBUG] TwoPhaseLoad - Processing attribute `epochCreated` : value = 1637335428269
2021-11-19T10:23:48,320|[DEBUG] TwoPhaseLoad - Attribute (`epochCreated`)  - enhanced for lazy-loading? - false
2021-11-19T10:23:48,320|[DEBUG] TwoPhaseLoad - Processing attribute `epochUpdated` : value = 1637335428269
2021-11-19T10:23:48,320|[DEBUG] TwoPhaseLoad - Attribute (`epochUpdated`)  - enhanced for lazy-loading? - false
2021-11-19T10:23:48,320|[DEBUG] TwoPhaseLoad - Processing attribute `version` : value = 0
2021-11-19T10:23:48,320|[DEBUG] TwoPhaseLoad - Attribute (`version`)  - enhanced for lazy-loading? - false
2021-11-19T10:23:48,320|[DEBUG] TwoPhaseLoad - Processing attribute `address` : value = 1
2021-11-19T10:23:48,320|[DEBUG] TwoPhaseLoad - Attribute (`address`)  - enhanced for lazy-loading? - false
2021-11-19T10:23:48,320|[TRACE] DefaultLoadEventListener - Loading entity: [bloodbank.entity.Address#1]
2021-11-19T10:23:48,320|[TRACE] DefaultLoadEventListener - Creating new proxy for entity
2021-11-19T10:23:48,320|[DEBUG] TwoPhaseLoad - Processing attribute `contactType` : value = Home
2021-11-19T10:23:48,320|[DEBUG] TwoPhaseLoad - Attribute (`contactType`)  - enhanced for lazy-loading? - false
2021-11-19T10:23:48,320|[DEBUG] TwoPhaseLoad - Processing attribute `email` : value = test@test.com
2021-11-19T10:23:48,320|[DEBUG] TwoPhaseLoad - Attribute (`email`)  - enhanced for lazy-loading? - false
2021-11-19T10:23:48,320|[DEBUG] TwoPhaseLoad - Processing attribute `owner` : value = 1
2021-11-19T10:23:48,320|[DEBUG] TwoPhaseLoad - Attribute (`owner`)  - enhanced for lazy-loading? - false
2021-11-19T10:23:48,320|[TRACE] DefaultLoadEventListener - Loading entity: [bloodbank.entity.Person#1]
2021-11-19T10:23:48,320|[TRACE] DefaultLoadEventListener - Creating new proxy for entity
2021-11-19T10:23:48,320|[DEBUG] TwoPhaseLoad - Processing attribute `phone` : value = 1
2021-11-19T10:23:48,320|[DEBUG] TwoPhaseLoad - Attribute (`phone`)  - enhanced for lazy-loading? - false
2021-11-19T10:23:48,320|[TRACE] DefaultLoadEventListener - Loading entity: [bloodbank.entity.Phone#1]
2021-11-19T10:23:48,320|[TRACE] DefaultLoadEventListener - Creating new proxy for entity
2021-11-19T10:23:48,320|[DEBUG] TwoPhaseLoad - Done materializing entity [bloodbank.entity.Contact#component[personId,phoneId]{phoneId=1, personId=1}]
2021-11-19T10:23:48,320|[TRACE] ResourceRegistryStandardImpl - Releasing statement [com.mysql.cj.jdbc.ClientPreparedStatement: /* select generatedAlias0 from Contact as generatedAlias0 */ select contact0_.person_id as person_i1_3_, contact0_.phone_id as phone_id2_3_, contact0_.created as created3_3_, contact0_.updated as updated4_3_, contact0_.version as version5_3_, contact0_.address_id as address_8_3_, contact0_.contact_type as contact_6_3_, contact0_.email as email7_3_ from contact contact0_]
2021-11-19T10:23:48,320|[TRACE] ResourceRegistryStandardImpl - Closing result set [com.mysql.cj.jdbc.result.ResultSetImpl@63636de0]
2021-11-19T10:23:48,320|[TRACE] ResourceRegistryStandardImpl - Closing prepared statement [com.mysql.cj.jdbc.ClientPreparedStatement: /* select generatedAlias0 from Contact as generatedAlias0 */ select contact0_.person_id as person_i1_3_, contact0_.phone_id as phone_id2_3_, contact0_.created as created3_3_, contact0_.updated as updated4_3_, contact0_.version as version5_3_, contact0_.address_id as address_8_3_, contact0_.contact_type as contact_6_3_, contact0_.email as email7_3_ from contact contact0_]
2021-11-19T10:23:48,320|[TRACE] JdbcCoordinatorImpl - Starting after statement execution processing [AFTER_TRANSACTION]
2021-11-19T10:23:48,320|[TRACE] StatefulPersistenceContext - Initializing non-lazy collections
2021-11-19T10:23:48,320|[TRACE] AbstractLogicalConnectionImplementor - LogicalConnection#afterTransaction
2021-11-19T10:23:48,320|[TRACE] ResourceRegistryStandardImpl - Releasing JDBC resources
2021-11-19T10:23:48,320|[DEBUG] LogicalConnectionManagedImpl - Initiating JDBC connection release from afterTransaction
2021-11-19T10:23:48,321|[TRACE] ResourceRegistryStandardImpl - Releasing JDBC resources
2021-11-19T10:23:48,323|[DEBUG] SessionImpl - Initializing proxy: [bloodbank.entity.Address#1]
2021-11-19T10:23:48,323|[TRACE] DefaultLoadEventListener - Attempting to resolve: [bloodbank.entity.Address#1]
2021-11-19T10:23:48,323|[TRACE] DefaultLoadEventListener - Object not resolved in any cache: [bloodbank.entity.Address#1]
2021-11-19T10:23:48,323|[TRACE] AbstractEntityPersister - Fetching entity: [bloodbank.entity.Address#1]
2021-11-19T10:23:48,323|[DEBUG] SQL - 
    select
        address0_.address_id as address_1_0_0_,
        address0_.created as created2_0_0_,
        address0_.updated as updated3_0_0_,
        address0_.version as version4_0_0_,
        address0_.city as city5_0_0_,
        address0_.country as country6_0_0_,
        address0_.province as province7_0_0_,
        address0_.street as street8_0_0_,
        address0_.street_number as street_n9_0_0_,
        address0_.zipcode as zipcode10_0_0_ 
    from
        address address0_ 
    where
        address0_.address_id=?
2021-11-19T10:23:48,324|[TRACE] ResourceRegistryStandardImpl - Registering statement [com.mysql.cj.jdbc.ClientPreparedStatement: select address0_.address_id as address_1_0_0_, address0_.created as created2_0_0_, address0_.updated as updated3_0_0_, address0_.version as version4_0_0_, address0_.city as city5_0_0_, address0_.country as country6_0_0_, address0_.province as province7_0_0_, address0_.street as street8_0_0_, address0_.street_number as street_n9_0_0_, address0_.zipcode as zipcode10_0_0_ from address address0_ where address0_.address_id=** NOT SPECIFIED **]
2021-11-19T10:23:48,324|[TRACE] JdbcCoordinatorImpl - Registering last query statement [com.mysql.cj.jdbc.ClientPreparedStatement: select address0_.address_id as address_1_0_0_, address0_.created as created2_0_0_, address0_.updated as updated3_0_0_, address0_.version as version4_0_0_, address0_.city as city5_0_0_, address0_.country as country6_0_0_, address0_.province as province7_0_0_, address0_.street as street8_0_0_, address0_.street_number as street_n9_0_0_, address0_.zipcode as zipcode10_0_0_ from address address0_ where address0_.address_id=** NOT SPECIFIED **]
2021-11-19T10:23:48,324|[TRACE] BasicBinder - binding parameter [1] as [INTEGER] - [1]
2021-11-19T10:23:48,324|[TRACE] AbstractLoadPlanBasedLoader - Bound [2] parameters total
2021-11-19T10:23:48,324|[TRACE] ResourceRegistryStandardImpl - Registering result set [com.mysql.cj.jdbc.result.ResultSetImpl@6da9541c]
2021-11-19T10:23:48,325|[TRACE] ResultSetProcessorImpl - Processing result set
2021-11-19T10:23:48,325|[TRACE] ResultSetProcessorImpl - Starting ResultSet row #0
2021-11-19T10:23:48,325|[DEBUG] EntityReferenceInitializerImpl - On call to EntityIdentifierReaderImpl#resolve, EntityKey was already known; should only happen on root returns with an optional identifier specified
2021-11-19T10:23:48,325|[TRACE] EntityReferenceInitializerImpl - hydrating entity state
2021-11-19T10:23:48,325|[TRACE] EntityReferenceInitializerImpl - Initializing object from ResultSet: [bloodbank.entity.Address#1]
2021-11-19T10:23:48,325|[TRACE] AbstractEntityPersister - Hydrating entity: [bloodbank.entity.Address#1]
2021-11-19T10:23:48,325|[TRACE] BasicExtractor - extracted value ([created2_0_0_] : [BIGINT]) - [1637335428273]
2021-11-19T10:23:48,325|[TRACE] BasicExtractor - extracted value ([updated3_0_0_] : [BIGINT]) - [1637335428273]
2021-11-19T10:23:48,325|[TRACE] BasicExtractor - extracted value ([version4_0_0_] : [INTEGER]) - [0]
2021-11-19T10:23:48,325|[TRACE] BasicExtractor - extracted value ([city5_0_0_] : [VARCHAR]) - [ottawa]
2021-11-19T10:23:48,325|[TRACE] BasicExtractor - extracted value ([country6_0_0_] : [VARCHAR]) - [CA]
2021-11-19T10:23:48,325|[TRACE] BasicExtractor - extracted value ([province7_0_0_] : [VARCHAR]) - [ON]
2021-11-19T10:23:48,325|[TRACE] BasicExtractor - extracted value ([street8_0_0_] : [VARCHAR]) - [abcd Dr.W]
2021-11-19T10:23:48,325|[TRACE] BasicExtractor - extracted value ([street_n9_0_0_] : [VARCHAR]) - [123]
2021-11-19T10:23:48,325|[TRACE] BasicExtractor - extracted value ([zipcode10_0_0_] : [VARCHAR]) - [A1B2C3]
2021-11-19T10:23:48,325|[TRACE] TwoPhaseLoad - Version: 0
2021-11-19T10:23:48,325|[TRACE] ResultSetProcessorImpl - Done processing result set (1 rows)
2021-11-19T10:23:48,325|[TRACE] AbstractRowReader - Total objects hydrated: 1
2021-11-19T10:23:48,325|[DEBUG] TwoPhaseLoad - Resolving attributes for [bloodbank.entity.Address#1]
2021-11-19T10:23:48,325|[DEBUG] TwoPhaseLoad - Processing attribute `epochCreated` : value = 1637335428273
2021-11-19T10:23:48,325|[DEBUG] TwoPhaseLoad - Attribute (`epochCreated`)  - enhanced for lazy-loading? - false
2021-11-19T10:23:48,325|[DEBUG] TwoPhaseLoad - Processing attribute `epochUpdated` : value = 1637335428273
2021-11-19T10:23:48,325|[DEBUG] TwoPhaseLoad - Attribute (`epochUpdated`)  - enhanced for lazy-loading? - false
2021-11-19T10:23:48,325|[DEBUG] TwoPhaseLoad - Processing attribute `version` : value = 0
2021-11-19T10:23:48,325|[DEBUG] TwoPhaseLoad - Attribute (`version`)  - enhanced for lazy-loading? - false
2021-11-19T10:23:48,325|[DEBUG] TwoPhaseLoad - Processing attribute `city` : value = ottawa
2021-11-19T10:23:48,325|[DEBUG] TwoPhaseLoad - Attribute (`city`)  - enhanced for lazy-loading? - false
2021-11-19T10:23:48,325|[DEBUG] TwoPhaseLoad - Processing attribute `contacts` : value = NOT NULL COLLECTION
2021-11-19T10:23:48,325|[DEBUG] TwoPhaseLoad - Attribute (`contacts`)  - enhanced for lazy-loading? - false
2021-11-19T10:23:48,325|[TRACE] CollectionType - Created collection wrapper: [bloodbank.entity.Address.contacts#1]
2021-11-19T10:23:48,325|[DEBUG] TwoPhaseLoad - Processing attribute `country` : value = CA
2021-11-19T10:23:48,325|[DEBUG] TwoPhaseLoad - Attribute (`country`)  - enhanced for lazy-loading? - false
2021-11-19T10:23:48,325|[DEBUG] TwoPhaseLoad - Processing attribute `province` : value = ON
2021-11-19T10:23:48,325|[DEBUG] TwoPhaseLoad - Attribute (`province`)  - enhanced for lazy-loading? - false
2021-11-19T10:23:48,325|[DEBUG] TwoPhaseLoad - Processing attribute `street` : value = abcd Dr.W
2021-11-19T10:23:48,325|[DEBUG] TwoPhaseLoad - Attribute (`street`)  - enhanced for lazy-loading? - false
2021-11-19T10:23:48,325|[DEBUG] TwoPhaseLoad - Processing attribute `streetNumber` : value = 123
2021-11-19T10:23:48,325|[DEBUG] TwoPhaseLoad - Attribute (`streetNumber`)  - enhanced for lazy-loading? - false
2021-11-19T10:23:48,325|[DEBUG] TwoPhaseLoad - Processing attribute `zipcode` : value = A1B2C3
2021-11-19T10:23:48,325|[DEBUG] TwoPhaseLoad - Attribute (`zipcode`)  - enhanced for lazy-loading? - false
2021-11-19T10:23:48,325|[DEBUG] TwoPhaseLoad - Done materializing entity [bloodbank.entity.Address#1]
2021-11-19T10:23:48,325|[TRACE] ResultSetProcessingContextImpl - Skipping create subselects because there are fewer than 2 results, so query by key is more efficient.
2021-11-19T10:23:48,325|[TRACE] ResourceRegistryStandardImpl - Releasing statement [com.mysql.cj.jdbc.ClientPreparedStatement: select address0_.address_id as address_1_0_0_, address0_.created as created2_0_0_, address0_.updated as updated3_0_0_, address0_.version as version4_0_0_, address0_.city as city5_0_0_, address0_.country as country6_0_0_, address0_.province as province7_0_0_, address0_.street as street8_0_0_, address0_.street_number as street_n9_0_0_, address0_.zipcode as zipcode10_0_0_ from address address0_ where address0_.address_id=1]
2021-11-19T10:23:48,325|[TRACE] ResourceRegistryStandardImpl - Closing result set [com.mysql.cj.jdbc.result.ResultSetImpl@6da9541c]
2021-11-19T10:23:48,325|[TRACE] ResourceRegistryStandardImpl - Closing prepared statement [com.mysql.cj.jdbc.ClientPreparedStatement: select address0_.address_id as address_1_0_0_, address0_.created as created2_0_0_, address0_.updated as updated3_0_0_, address0_.version as version4_0_0_, address0_.city as city5_0_0_, address0_.country as country6_0_0_, address0_.province as province7_0_0_, address0_.street as street8_0_0_, address0_.street_number as street_n9_0_0_, address0_.zipcode as zipcode10_0_0_ from address address0_ where address0_.address_id=1]
2021-11-19T10:23:48,325|[TRACE] JdbcCoordinatorImpl - Starting after statement execution processing [AFTER_TRANSACTION]
2021-11-19T10:23:48,325|[TRACE] StatefulPersistenceContext - Initializing non-lazy collections
2021-11-19T10:23:48,325|[DEBUG] AbstractLoadPlanBasedEntityLoader - Done entity load : bloodbank.entity.Address#1
2021-11-19T10:23:48,325|[TRACE] SessionImpl - Closing session [25dd53b3-5fbd-4655-adda-1bed2de0cead]
2021-11-19T10:23:48,325|[TRACE] JdbcCoordinatorImpl - Closing JDBC container [org.hibernate.engine.jdbc.internal.JdbcCoordinatorImpl@e97f51c]
2021-11-19T10:23:48,325|[TRACE] ResourceRegistryStandardImpl - Releasing JDBC resources
2021-11-19T10:23:48,325|[TRACE] LogicalConnectionManagedImpl - Closing logical connection
2021-11-19T10:23:48,326|[TRACE] ResourceRegistryStandardImpl - Releasing JDBC resources
2021-11-19T10:23:48,326|[TRACE] LogicalConnectionManagedImpl - Logical connection closed
]]></system-out>
  </testcase>
  <testcase name="testUpdate" classname="bloodbank.entity.TestCRUDContactOriginal" time="0.015">
    <system-out><![CDATA[2021-11-19T10:23:48,327|[TRACE] SessionFactoryImpl$SessionBuilderImpl - Opening Hibernate Session.  tenant=null
2021-11-19T10:23:48,328|[TRACE] SessionImpl - Opened Session [70116447-eeb0-4c54-b2e9-051fa350609c] at timestamp: 1637335428327
2021-11-19T10:23:48,328|[DEBUG] TransactionImpl - On TransactionImpl creation, JpaCompliance#isJpaTransactionComplianceEnabled == false
2021-11-19T10:23:48,328|[DEBUG] CriteriaQueryImpl - Rendered criteria query -> select generatedAlias0 from Contact as generatedAlias0 where generatedAlias0.id=:id
2021-11-19T10:23:48,328|[TRACE] QueryPlanCache - Located HQL query plan in cache (select generatedAlias0 from Contact as generatedAlias0 where generatedAlias0.id=:id)
2021-11-19T10:23:48,328|[TRACE] QueryPlanCache - Located HQL query plan in cache (select generatedAlias0 from Contact as generatedAlias0 where generatedAlias0.id=:id)
2021-11-19T10:23:48,328|[TRACE] QueryPlanCache - Located HQL query plan in cache (select generatedAlias0 from Contact as generatedAlias0 where generatedAlias0.id=:id)
2021-11-19T10:23:48,328|[TRACE] HQLQueryPlan - Find: select generatedAlias0 from Contact as generatedAlias0 where generatedAlias0.id=:id
2021-11-19T10:23:48,328|[TRACE] QueryParameters - Named parameters: {id=component[personId,phoneId]{phoneId=1, personId=1}}
2021-11-19T10:23:48,329|[DEBUG] SQL - 
    /* select
        generatedAlias0 
    from
        Contact as generatedAlias0 
    where
        generatedAlias0.id=:id */ select
            contact0_.person_id as person_i1_3_,
            contact0_.phone_id as phone_id2_3_,
            contact0_.created as created3_3_,
            contact0_.updated as updated4_3_,
            contact0_.version as version5_3_,
            contact0_.address_id as address_8_3_,
            contact0_.contact_type as contact_6_3_,
            contact0_.email as email7_3_ 
        from
            contact contact0_ 
        where
            (
                contact0_.person_id, contact0_.phone_id
            )=(
                ?, ?
            )
2021-11-19T10:23:48,329|[TRACE] ResourceRegistryStandardImpl - Registering statement [com.mysql.cj.jdbc.ClientPreparedStatement: /* select generatedAlias0 from Contact as generatedAlias0 where generatedAlias0.id=:id */ select contact0_.person_id as person_i1_3_, contact0_.phone_id as phone_id2_3_, contact0_.created as created3_3_, contact0_.updated as updated4_3_, contact0_.version as version5_3_, contact0_.address_id as address_8_3_, contact0_.contact_type as contact_6_3_, contact0_.email as email7_3_ from contact contact0_ where (contact0_.person_id, contact0_.phone_id)=(** NOT SPECIFIED **, ** NOT SPECIFIED **)]
2021-11-19T10:23:48,329|[TRACE] JdbcCoordinatorImpl - Registering last query statement [com.mysql.cj.jdbc.ClientPreparedStatement: /* select generatedAlias0 from Contact as generatedAlias0 where generatedAlias0.id=:id */ select contact0_.person_id as person_i1_3_, contact0_.phone_id as phone_id2_3_, contact0_.created as created3_3_, contact0_.updated as updated4_3_, contact0_.version as version5_3_, contact0_.address_id as address_8_3_, contact0_.contact_type as contact_6_3_, contact0_.email as email7_3_ from contact contact0_ where (contact0_.person_id, contact0_.phone_id)=(** NOT SPECIFIED **, ** NOT SPECIFIED **)]
2021-11-19T10:23:48,329|[TRACE] BasicBinder - binding parameter [1] as [INTEGER] - [1]
2021-11-19T10:23:48,329|[TRACE] BasicBinder - binding parameter [2] as [INTEGER] - [1]
2021-11-19T10:23:48,329|[TRACE] Loader - Bound [3] parameters total
2021-11-19T10:23:48,330|[TRACE] ResourceRegistryStandardImpl - Registering result set [com.mysql.cj.jdbc.result.ResultSetImpl@2954c429]
2021-11-19T10:23:48,330|[TRACE] Loader - Processing result set
2021-11-19T10:23:48,330|[DEBUG] Loader - Result set row: 0
2021-11-19T10:23:48,330|[TRACE] BasicExtractor - extracted value ([person_i1_3_] : [INTEGER]) - [1]
2021-11-19T10:23:48,330|[TRACE] BasicExtractor - extracted value ([phone_id2_3_] : [INTEGER]) - [1]
2021-11-19T10:23:48,330|[DEBUG] Loader - Result row: EntityKey[bloodbank.entity.Contact#component[personId,phoneId]{phoneId=1, personId=1}]
2021-11-19T10:23:48,330|[TRACE] Loader - Initializing object from ResultSet: [bloodbank.entity.Contact#component[personId,phoneId]{phoneId=1, personId=1}]
2021-11-19T10:23:48,330|[TRACE] AbstractEntityPersister - Hydrating entity: [bloodbank.entity.Contact#component[personId,phoneId]{phoneId=1, personId=1}]
2021-11-19T10:23:48,331|[TRACE] BasicExtractor - extracted value ([created3_3_] : [BIGINT]) - [1637335428269]
2021-11-19T10:23:48,331|[TRACE] BasicExtractor - extracted value ([updated4_3_] : [BIGINT]) - [1637335428269]
2021-11-19T10:23:48,331|[TRACE] BasicExtractor - extracted value ([version5_3_] : [INTEGER]) - [0]
2021-11-19T10:23:48,331|[TRACE] BasicExtractor - extracted value ([address_8_3_] : [INTEGER]) - [1]
2021-11-19T10:23:48,331|[TRACE] BasicExtractor - extracted value ([contact_6_3_] : [VARCHAR]) - [Home]
2021-11-19T10:23:48,331|[TRACE] BasicExtractor - extracted value ([email7_3_] : [VARCHAR]) - [test@test.com]
2021-11-19T10:23:48,331|[TRACE] BasicExtractor - extracted value ([person_i1_3_] : [INTEGER]) - [1]
2021-11-19T10:23:48,331|[TRACE] BasicExtractor - extracted value ([phone_id2_3_] : [INTEGER]) - [1]
2021-11-19T10:23:48,331|[TRACE] TwoPhaseLoad - Version: 0
2021-11-19T10:23:48,331|[TRACE] Loader - Done processing result set (1 rows)
2021-11-19T10:23:48,331|[TRACE] Loader - Total objects hydrated: 1
2021-11-19T10:23:48,331|[DEBUG] TwoPhaseLoad - Resolving attributes for [bloodbank.entity.Contact#component[personId,phoneId]{phoneId=1, personId=1}]
2021-11-19T10:23:48,331|[DEBUG] TwoPhaseLoad - Processing attribute `epochCreated` : value = 1637335428269
2021-11-19T10:23:48,331|[DEBUG] TwoPhaseLoad - Attribute (`epochCreated`)  - enhanced for lazy-loading? - false
2021-11-19T10:23:48,331|[DEBUG] TwoPhaseLoad - Processing attribute `epochUpdated` : value = 1637335428269
2021-11-19T10:23:48,331|[DEBUG] TwoPhaseLoad - Attribute (`epochUpdated`)  - enhanced for lazy-loading? - false
2021-11-19T10:23:48,331|[DEBUG] TwoPhaseLoad - Processing attribute `version` : value = 0
2021-11-19T10:23:48,331|[DEBUG] TwoPhaseLoad - Attribute (`version`)  - enhanced for lazy-loading? - false
2021-11-19T10:23:48,331|[DEBUG] TwoPhaseLoad - Processing attribute `address` : value = 1
2021-11-19T10:23:48,331|[DEBUG] TwoPhaseLoad - Attribute (`address`)  - enhanced for lazy-loading? - false
2021-11-19T10:23:48,331|[TRACE] DefaultLoadEventListener - Loading entity: [bloodbank.entity.Address#1]
2021-11-19T10:23:48,331|[TRACE] DefaultLoadEventListener - Creating new proxy for entity
2021-11-19T10:23:48,331|[DEBUG] TwoPhaseLoad - Processing attribute `contactType` : value = Home
2021-11-19T10:23:48,331|[DEBUG] TwoPhaseLoad - Attribute (`contactType`)  - enhanced for lazy-loading? - false
2021-11-19T10:23:48,331|[DEBUG] TwoPhaseLoad - Processing attribute `email` : value = test@test.com
2021-11-19T10:23:48,331|[DEBUG] TwoPhaseLoad - Attribute (`email`)  - enhanced for lazy-loading? - false
2021-11-19T10:23:48,331|[DEBUG] TwoPhaseLoad - Processing attribute `owner` : value = 1
2021-11-19T10:23:48,331|[DEBUG] TwoPhaseLoad - Attribute (`owner`)  - enhanced for lazy-loading? - false
2021-11-19T10:23:48,331|[TRACE] DefaultLoadEventListener - Loading entity: [bloodbank.entity.Person#1]
2021-11-19T10:23:48,331|[TRACE] DefaultLoadEventListener - Creating new proxy for entity
2021-11-19T10:23:48,331|[DEBUG] TwoPhaseLoad - Processing attribute `phone` : value = 1
2021-11-19T10:23:48,331|[DEBUG] TwoPhaseLoad - Attribute (`phone`)  - enhanced for lazy-loading? - false
2021-11-19T10:23:48,331|[TRACE] DefaultLoadEventListener - Loading entity: [bloodbank.entity.Phone#1]
2021-11-19T10:23:48,331|[TRACE] DefaultLoadEventListener - Creating new proxy for entity
2021-11-19T10:23:48,331|[DEBUG] TwoPhaseLoad - Done materializing entity [bloodbank.entity.Contact#component[personId,phoneId]{phoneId=1, personId=1}]
2021-11-19T10:23:48,331|[TRACE] ResourceRegistryStandardImpl - Releasing statement [com.mysql.cj.jdbc.ClientPreparedStatement: /* select generatedAlias0 from Contact as generatedAlias0 where generatedAlias0.id=:id */ select contact0_.person_id as person_i1_3_, contact0_.phone_id as phone_id2_3_, contact0_.created as created3_3_, contact0_.updated as updated4_3_, contact0_.version as version5_3_, contact0_.address_id as address_8_3_, contact0_.contact_type as contact_6_3_, contact0_.email as email7_3_ from contact contact0_ where (contact0_.person_id, contact0_.phone_id)=(1, 1)]
2021-11-19T10:23:48,331|[TRACE] ResourceRegistryStandardImpl - Closing result set [com.mysql.cj.jdbc.result.ResultSetImpl@2954c429]
2021-11-19T10:23:48,331|[TRACE] ResourceRegistryStandardImpl - Closing prepared statement [com.mysql.cj.jdbc.ClientPreparedStatement: /* select generatedAlias0 from Contact as generatedAlias0 where generatedAlias0.id=:id */ select contact0_.person_id as person_i1_3_, contact0_.phone_id as phone_id2_3_, contact0_.created as created3_3_, contact0_.updated as updated4_3_, contact0_.version as version5_3_, contact0_.address_id as address_8_3_, contact0_.contact_type as contact_6_3_, contact0_.email as email7_3_ from contact contact0_ where (contact0_.person_id, contact0_.phone_id)=(1, 1)]
2021-11-19T10:23:48,331|[TRACE] JdbcCoordinatorImpl - Starting after statement execution processing [AFTER_TRANSACTION]
2021-11-19T10:23:48,331|[TRACE] StatefulPersistenceContext - Initializing non-lazy collections
2021-11-19T10:23:48,331|[TRACE] AbstractLogicalConnectionImplementor - LogicalConnection#afterTransaction
2021-11-19T10:23:48,331|[TRACE] ResourceRegistryStandardImpl - Releasing JDBC resources
2021-11-19T10:23:48,331|[DEBUG] LogicalConnectionManagedImpl - Initiating JDBC connection release from afterTransaction
2021-11-19T10:23:48,332|[TRACE] ResourceRegistryStandardImpl - Releasing JDBC resources
2021-11-19T10:23:48,332|[DEBUG] TransactionImpl - begin
2021-11-19T10:23:48,332|[TRACE] AbstractLogicalConnectionImplementor - Preparing to begin transaction via JDBC Connection.setAutoCommit(false)
2021-11-19T10:23:48,332|[TRACE] AbstractLogicalConnectionImplementor - Transaction begun via JDBC Connection.setAutoCommit(false)
2021-11-19T10:23:48,332|[TRACE] JdbcResourceLocalTransactionCoordinatorImpl - ResourceLocalTransactionCoordinatorImpl#afterBeginCallback
2021-11-19T10:23:48,332|[TRACE] AbstractServiceRegistryImpl - Initializing service [role=org.hibernate.event.spi.EntityCopyObserverFactory]
2021-11-19T10:23:48,332|[DEBUG] EntityCopyObserverFactoryInitiator - Configured EntityCopyObserver strategy: disallow
2021-11-19T10:23:48,332|[TRACE] EntityState - Persistent instance of: bloodbank.entity.Contact
2021-11-19T10:23:48,332|[TRACE] DefaultMergeEventListener - Ignoring persistent instance
2021-11-19T10:23:48,332|[TRACE] Cascade - Processing cascade ACTION_MERGE for: bloodbank.entity.Contact
2021-11-19T10:23:48,332|[TRACE] CascadingAction - Cascading to merge: bloodbank.entity.Address
2021-11-19T10:23:48,332|[TRACE] DefaultMergeEventListener - Ignoring uninitialized proxy
2021-11-19T10:23:48,333|[TRACE] DefaultLoadEventListener - Loading entity: [bloodbank.entity.Address#1]
2021-11-19T10:23:48,333|[TRACE] DefaultLoadEventListener - Entity proxy found in session cache
2021-11-19T10:23:48,333|[TRACE] CascadingAction - Cascading to merge: bloodbank.entity.Person
2021-11-19T10:23:48,333|[TRACE] DefaultMergeEventListener - Ignoring uninitialized proxy
2021-11-19T10:23:48,333|[TRACE] DefaultLoadEventListener - Loading entity: [bloodbank.entity.Person#1]
2021-11-19T10:23:48,333|[TRACE] DefaultLoadEventListener - Entity proxy found in session cache
2021-11-19T10:23:48,333|[TRACE] CascadingAction - Cascading to merge: bloodbank.entity.Phone
2021-11-19T10:23:48,333|[TRACE] DefaultMergeEventListener - Ignoring uninitialized proxy
2021-11-19T10:23:48,333|[TRACE] DefaultLoadEventListener - Loading entity: [bloodbank.entity.Phone#1]
2021-11-19T10:23:48,333|[TRACE] DefaultLoadEventListener - Entity proxy found in session cache
2021-11-19T10:23:48,333|[TRACE] Cascade - Done processing cascade ACTION_MERGE for: bloodbank.entity.Contact
2021-11-19T10:23:48,333|[DEBUG] TransactionImpl - committing
2021-11-19T10:23:48,333|[TRACE] JdbcResourceLocalTransactionCoordinatorImpl - ResourceLocalTransactionCoordinatorImpl#beforeCompletionCallback
2021-11-19T10:23:48,333|[TRACE] SessionImpl - SessionImpl#beforeTransactionCompletion()
2021-11-19T10:23:48,333|[TRACE] SessionImpl - Automatically flushing session
2021-11-19T10:23:48,333|[TRACE] AbstractFlushingEventListener - Flushing session
2021-11-19T10:23:48,333|[DEBUG] AbstractFlushingEventListener - Processing flush-time cascades
2021-11-19T10:23:48,333|[TRACE] Cascade - Processing cascade ACTION_PERSIST_ON_FLUSH for: bloodbank.entity.Contact
2021-11-19T10:23:48,333|[TRACE] CascadingAction - Cascading to persist on flush: bloodbank.entity.Address
2021-11-19T10:23:48,333|[TRACE] CascadingAction - Cascading to persist on flush: bloodbank.entity.Person
2021-11-19T10:23:48,333|[TRACE] CascadingAction - Cascading to persist on flush: bloodbank.entity.Phone
2021-11-19T10:23:48,333|[TRACE] Cascade - Done processing cascade ACTION_PERSIST_ON_FLUSH for: bloodbank.entity.Contact
2021-11-19T10:23:48,333|[DEBUG] AbstractFlushingEventListener - Dirty checking collections
2021-11-19T10:23:48,333|[TRACE] AbstractFlushingEventListener - Flushing entities and processing referenced collections
2021-11-19T10:23:48,333|[TRACE] AbstractEntityPersister - bloodbank.entity.Contact.contactType is dirty
2021-11-19T10:23:48,333|[TRACE] AbstractEntityPersister - bloodbank.entity.Contact.email is dirty
2021-11-19T10:23:48,333|[TRACE] DefaultFlushEntityEventListener - Found dirty properties [[bloodbank.entity.Contact#[Person.id:1, Phone.id:1]]] : [contactType, email]
2021-11-19T10:23:48,333|[TRACE] DefaultFlushEntityEventListener - Updating entity: [bloodbank.entity.Contact#component[personId,phoneId]{phoneId=1, personId=1}]
2021-11-19T10:23:48,333|[TRACE] AbstractEntityPersister - bloodbank.entity.Contact.epochCreated is dirty
2021-11-19T10:23:48,333|[TRACE] AbstractEntityPersister - bloodbank.entity.Contact.contactType is dirty
2021-11-19T10:23:48,333|[TRACE] AbstractEntityPersister - bloodbank.entity.Contact.email is dirty
2021-11-19T10:23:48,333|[TRACE] DefaultFlushEntityEventListener - Found dirty properties [[bloodbank.entity.Contact#[Person.id:1, Phone.id:1]]] : [epochCreated, contactType, email]
2021-11-19T10:23:48,333|[TRACE] Versioning - Incrementing: 0 to 1
2021-11-19T10:23:48,334|[TRACE] AbstractFlushingEventListener - Processing unreferenced collections
2021-11-19T10:23:48,334|[TRACE] AbstractFlushingEventListener - Scheduling collection removes/(re)creates/updates
2021-11-19T10:23:48,334|[DEBUG] AbstractFlushingEventListener - Flushed: 0 insertions, 1 updates, 0 deletions to 1 objects
2021-11-19T10:23:48,334|[DEBUG] AbstractFlushingEventListener - Flushed: 0 (re)creations, 0 updates, 0 removals to 0 collections
2021-11-19T10:23:48,334|[DEBUG] EntityPrinter - Listing entities:
2021-11-19T10:23:48,334|[DEBUG] EntityPrinter - bloodbank.entity.Contact{owner=<uninitialized>, address=<uninitialized>, phone=<uninitialized>, contactType=Work, id=component[personId,phoneId]{phoneId=1, personId=1}, epochCreated=1637335428333, version=1, email=test3@test3.com, epochUpdated=1637335428269}
2021-11-19T10:23:48,334|[TRACE] AbstractFlushingEventListener - Executing flush
2021-11-19T10:23:48,334|[TRACE] AbstractEntityPersister - Updating entity: [bloodbank.entity.Contact#component[personId,phoneId]{phoneId=1, personId=1}]
2021-11-19T10:23:48,334|[TRACE] AbstractEntityPersister - Existing version: 0 -> New version:1
2021-11-19T10:23:48,334|[DEBUG] SQL - 
    /* update
        bloodbank.entity.Contact */ update
            contact 
        set
            created=?,
            updated=?,
            version=?,
            address_id=?,
            contact_type=?,
            email=? 
        where
            person_id=? 
            and phone_id=? 
            and version=?
2021-11-19T10:23:48,334|[TRACE] ResourceRegistryStandardImpl - Registering statement [com.mysql.cj.jdbc.ClientPreparedStatement: /* update bloodbank.entity.Contact */ update contact set created=** NOT SPECIFIED **, updated=** NOT SPECIFIED **, version=** NOT SPECIFIED **, address_id=** NOT SPECIFIED **, contact_type=** NOT SPECIFIED **, email=** NOT SPECIFIED ** where person_id=** NOT SPECIFIED ** and phone_id=** NOT SPECIFIED ** and version=** NOT SPECIFIED **]
2021-11-19T10:23:48,334|[TRACE] AbstractEntityPersister - Dehydrating entity: [bloodbank.entity.Contact#component[personId,phoneId]{phoneId=1, personId=1}]
2021-11-19T10:23:48,334|[TRACE] BasicBinder - binding parameter [1] as [BIGINT] - [1637335428333]
2021-11-19T10:23:48,334|[TRACE] BasicBinder - binding parameter [2] as [BIGINT] - [1637335428269]
2021-11-19T10:23:48,334|[TRACE] BasicBinder - binding parameter [3] as [INTEGER] - [1]
2021-11-19T10:23:48,334|[TRACE] BasicBinder - binding parameter [4] as [INTEGER] - [1]
2021-11-19T10:23:48,334|[TRACE] BasicBinder - binding parameter [5] as [VARCHAR] - [Work]
2021-11-19T10:23:48,334|[TRACE] BasicBinder - binding parameter [6] as [VARCHAR] - [test3@test3.com]
2021-11-19T10:23:48,334|[TRACE] BasicBinder - binding parameter [7] as [INTEGER] - [1]
2021-11-19T10:23:48,334|[TRACE] BasicBinder - binding parameter [8] as [INTEGER] - [1]
2021-11-19T10:23:48,334|[TRACE] BasicBinder - binding parameter [9] as [INTEGER] - [0]
2021-11-19T10:23:48,335|[TRACE] ResourceRegistryStandardImpl - Releasing statement [com.mysql.cj.jdbc.ClientPreparedStatement: /* update bloodbank.entity.Contact */ update contact set created=1637335428333, updated=1637335428269, version=1, address_id=1, contact_type='Work', email='test3@test3.com' where person_id=1 and phone_id=1 and version=0]
2021-11-19T10:23:48,335|[TRACE] ResourceRegistryStandardImpl - Closing prepared statement [com.mysql.cj.jdbc.ClientPreparedStatement: /* update bloodbank.entity.Contact */ update contact set created=1637335428333, updated=1637335428269, version=1, address_id=1, contact_type='Work', email='test3@test3.com' where person_id=1 and phone_id=1 and version=0]
2021-11-19T10:23:48,336|[TRACE] JdbcCoordinatorImpl - Starting after statement execution processing [AFTER_TRANSACTION]
2021-11-19T10:23:48,336|[TRACE] JdbcCoordinatorImpl - Starting after statement execution processing [AFTER_TRANSACTION]
2021-11-19T10:23:48,336|[TRACE] AbstractFlushingEventListener - Post flush
2021-11-19T10:23:48,336|[TRACE] AbstractLogicalConnectionImplementor - LogicalConnection#beforeTransactionCompletion
2021-11-19T10:23:48,336|[TRACE] SynchronizationRegistryStandardImpl - SynchronizationRegistryStandardImpl.notifySynchronizationsBeforeTransactionCompletion
2021-11-19T10:23:48,336|[TRACE] AbstractLogicalConnectionImplementor - Preparing to commit transaction via JDBC Connection.commit()
2021-11-19T10:23:48,338|[TRACE] AbstractLogicalConnectionImplementor - Transaction committed via JDBC Connection.commit()
2021-11-19T10:23:48,338|[TRACE] AbstractLogicalConnectionImplementor - LogicalConnection#afterTransaction
2021-11-19T10:23:48,338|[TRACE] ResourceRegistryStandardImpl - Releasing JDBC resources
2021-11-19T10:23:48,338|[DEBUG] LogicalConnectionManagedImpl - Initiating JDBC connection release from afterTransaction
2021-11-19T10:23:48,338|[TRACE] ResourceRegistryStandardImpl - Releasing JDBC resources
2021-11-19T10:23:48,339|[TRACE] JdbcResourceLocalTransactionCoordinatorImpl - ResourceLocalTransactionCoordinatorImpl#afterCompletionCallback(true)
2021-11-19T10:23:48,339|[TRACE] SynchronizationRegistryStandardImpl - SynchronizationRegistryStandardImpl.notifySynchronizationsAfterTransactionCompletion(3)
2021-11-19T10:23:48,339|[TRACE] AbstractLogicalConnectionImplementor - LogicalConnection#afterTransaction
2021-11-19T10:23:48,339|[TRACE] ResourceRegistryStandardImpl - Releasing JDBC resources
2021-11-19T10:23:48,339|[DEBUG] LogicalConnectionManagedImpl - Initiating JDBC connection release from afterTransaction
2021-11-19T10:23:48,339|[TRACE] SessionImpl - SessionImpl#afterTransactionCompletion(successful=true, delayed=false)
2021-11-19T10:23:48,339|[TRACE] QueryPlanCache - Located HQL query plan in cache (select generatedAlias0 from Contact as generatedAlias0 where generatedAlias0.id=:id)
2021-11-19T10:23:48,339|[TRACE] HQLQueryPlan - Find: select generatedAlias0 from Contact as generatedAlias0 where generatedAlias0.id=:id
2021-11-19T10:23:48,339|[TRACE] QueryParameters - Named parameters: {id=component[personId,phoneId]{phoneId=1, personId=1}}
2021-11-19T10:23:48,339|[DEBUG] SQL - 
    /* select
        generatedAlias0 
    from
        Contact as generatedAlias0 
    where
        generatedAlias0.id=:id */ select
            contact0_.person_id as person_i1_3_,
            contact0_.phone_id as phone_id2_3_,
            contact0_.created as created3_3_,
            contact0_.updated as updated4_3_,
            contact0_.version as version5_3_,
            contact0_.address_id as address_8_3_,
            contact0_.contact_type as contact_6_3_,
            contact0_.email as email7_3_ 
        from
            contact contact0_ 
        where
            (
                contact0_.person_id, contact0_.phone_id
            )=(
                ?, ?
            )
2021-11-19T10:23:48,339|[TRACE] ResourceRegistryStandardImpl - Registering statement [com.mysql.cj.jdbc.ClientPreparedStatement: /* select generatedAlias0 from Contact as generatedAlias0 where generatedAlias0.id=:id */ select contact0_.person_id as person_i1_3_, contact0_.phone_id as phone_id2_3_, contact0_.created as created3_3_, contact0_.updated as updated4_3_, contact0_.version as version5_3_, contact0_.address_id as address_8_3_, contact0_.contact_type as contact_6_3_, contact0_.email as email7_3_ from contact contact0_ where (contact0_.person_id, contact0_.phone_id)=(** NOT SPECIFIED **, ** NOT SPECIFIED **)]
2021-11-19T10:23:48,339|[TRACE] JdbcCoordinatorImpl - Registering last query statement [com.mysql.cj.jdbc.ClientPreparedStatement: /* select generatedAlias0 from Contact as generatedAlias0 where generatedAlias0.id=:id */ select contact0_.person_id as person_i1_3_, contact0_.phone_id as phone_id2_3_, contact0_.created as created3_3_, contact0_.updated as updated4_3_, contact0_.version as version5_3_, contact0_.address_id as address_8_3_, contact0_.contact_type as contact_6_3_, contact0_.email as email7_3_ from contact contact0_ where (contact0_.person_id, contact0_.phone_id)=(** NOT SPECIFIED **, ** NOT SPECIFIED **)]
2021-11-19T10:23:48,340|[TRACE] BasicBinder - binding parameter [1] as [INTEGER] - [1]
2021-11-19T10:23:48,340|[TRACE] BasicBinder - binding parameter [2] as [INTEGER] - [1]
2021-11-19T10:23:48,340|[TRACE] Loader - Bound [3] parameters total
2021-11-19T10:23:48,340|[TRACE] ResourceRegistryStandardImpl - Registering result set [com.mysql.cj.jdbc.result.ResultSetImpl@6ef61cd0]
2021-11-19T10:23:48,340|[TRACE] Loader - Processing result set
2021-11-19T10:23:48,340|[DEBUG] Loader - Result set row: 0
2021-11-19T10:23:48,341|[TRACE] BasicExtractor - extracted value ([person_i1_3_] : [INTEGER]) - [1]
2021-11-19T10:23:48,341|[TRACE] BasicExtractor - extracted value ([phone_id2_3_] : [INTEGER]) - [1]
2021-11-19T10:23:48,341|[DEBUG] Loader - Result row: EntityKey[bloodbank.entity.Contact#component[personId,phoneId]{phoneId=1, personId=1}]
2021-11-19T10:23:48,341|[TRACE] Loader - Done processing result set (1 rows)
2021-11-19T10:23:48,341|[TRACE] Loader - Total objects hydrated: 0
2021-11-19T10:23:48,341|[TRACE] ResourceRegistryStandardImpl - Releasing statement [com.mysql.cj.jdbc.ClientPreparedStatement: /* select generatedAlias0 from Contact as generatedAlias0 where generatedAlias0.id=:id */ select contact0_.person_id as person_i1_3_, contact0_.phone_id as phone_id2_3_, contact0_.created as created3_3_, contact0_.updated as updated4_3_, contact0_.version as version5_3_, contact0_.address_id as address_8_3_, contact0_.contact_type as contact_6_3_, contact0_.email as email7_3_ from contact contact0_ where (contact0_.person_id, contact0_.phone_id)=(1, 1)]
2021-11-19T10:23:48,341|[TRACE] ResourceRegistryStandardImpl - Closing result set [com.mysql.cj.jdbc.result.ResultSetImpl@6ef61cd0]
2021-11-19T10:23:48,341|[TRACE] ResourceRegistryStandardImpl - Closing prepared statement [com.mysql.cj.jdbc.ClientPreparedStatement: /* select generatedAlias0 from Contact as generatedAlias0 where generatedAlias0.id=:id */ select contact0_.person_id as person_i1_3_, contact0_.phone_id as phone_id2_3_, contact0_.created as created3_3_, contact0_.updated as updated4_3_, contact0_.version as version5_3_, contact0_.address_id as address_8_3_, contact0_.contact_type as contact_6_3_, contact0_.email as email7_3_ from contact contact0_ where (contact0_.person_id, contact0_.phone_id)=(1, 1)]
2021-11-19T10:23:48,341|[TRACE] JdbcCoordinatorImpl - Starting after statement execution processing [AFTER_TRANSACTION]
2021-11-19T10:23:48,341|[TRACE] StatefulPersistenceContext - Initializing non-lazy collections
2021-11-19T10:23:48,341|[TRACE] AbstractLogicalConnectionImplementor - LogicalConnection#afterTransaction
2021-11-19T10:23:48,341|[TRACE] ResourceRegistryStandardImpl - Releasing JDBC resources
2021-11-19T10:23:48,341|[DEBUG] LogicalConnectionManagedImpl - Initiating JDBC connection release from afterTransaction
2021-11-19T10:23:48,341|[TRACE] ResourceRegistryStandardImpl - Releasing JDBC resources
2021-11-19T10:23:48,342|[TRACE] SessionImpl - Closing session [70116447-eeb0-4c54-b2e9-051fa350609c]
2021-11-19T10:23:48,342|[TRACE] JdbcCoordinatorImpl - Closing JDBC container [org.hibernate.engine.jdbc.internal.JdbcCoordinatorImpl@2173e4d5]
2021-11-19T10:23:48,342|[TRACE] ResourceRegistryStandardImpl - Releasing JDBC resources
2021-11-19T10:23:48,342|[TRACE] LogicalConnectionManagedImpl - Closing logical connection
2021-11-19T10:23:48,342|[TRACE] LogicalConnectionManagedImpl - Logical connection closed
]]></system-out>
  </testcase>
  <testcase name="testUpdateDependencies" classname="bloodbank.entity.TestCRUDContactOriginal" time="0.032">
    <system-out><![CDATA[2021-11-19T10:23:48,343|[TRACE] SessionFactoryImpl$SessionBuilderImpl - Opening Hibernate Session.  tenant=null
2021-11-19T10:23:48,343|[TRACE] SessionImpl - Opened Session [c5717f48-81f1-4da9-8197-ea5cff25f6b7] at timestamp: 1637335428343
2021-11-19T10:23:48,343|[DEBUG] TransactionImpl - On TransactionImpl creation, JpaCompliance#isJpaTransactionComplianceEnabled == false
2021-11-19T10:23:48,343|[DEBUG] CriteriaQueryImpl - Rendered criteria query -> select generatedAlias0 from Contact as generatedAlias0 where generatedAlias0.id=:id
2021-11-19T10:23:48,344|[TRACE] QueryPlanCache - Located HQL query plan in cache (select generatedAlias0 from Contact as generatedAlias0 where generatedAlias0.id=:id)
2021-11-19T10:23:48,344|[TRACE] QueryPlanCache - Located HQL query plan in cache (select generatedAlias0 from Contact as generatedAlias0 where generatedAlias0.id=:id)
2021-11-19T10:23:48,344|[TRACE] QueryPlanCache - Located HQL query plan in cache (select generatedAlias0 from Contact as generatedAlias0 where generatedAlias0.id=:id)
2021-11-19T10:23:48,344|[TRACE] HQLQueryPlan - Find: select generatedAlias0 from Contact as generatedAlias0 where generatedAlias0.id=:id
2021-11-19T10:23:48,344|[TRACE] QueryParameters - Named parameters: {id=component[personId,phoneId]{phoneId=1, personId=1}}
2021-11-19T10:23:48,344|[DEBUG] SQL - 
    /* select
        generatedAlias0 
    from
        Contact as generatedAlias0 
    where
        generatedAlias0.id=:id */ select
            contact0_.person_id as person_i1_3_,
            contact0_.phone_id as phone_id2_3_,
            contact0_.created as created3_3_,
            contact0_.updated as updated4_3_,
            contact0_.version as version5_3_,
            contact0_.address_id as address_8_3_,
            contact0_.contact_type as contact_6_3_,
            contact0_.email as email7_3_ 
        from
            contact contact0_ 
        where
            (
                contact0_.person_id, contact0_.phone_id
            )=(
                ?, ?
            )
2021-11-19T10:23:48,345|[TRACE] ResourceRegistryStandardImpl - Registering statement [com.mysql.cj.jdbc.ClientPreparedStatement: /* select generatedAlias0 from Contact as generatedAlias0 where generatedAlias0.id=:id */ select contact0_.person_id as person_i1_3_, contact0_.phone_id as phone_id2_3_, contact0_.created as created3_3_, contact0_.updated as updated4_3_, contact0_.version as version5_3_, contact0_.address_id as address_8_3_, contact0_.contact_type as contact_6_3_, contact0_.email as email7_3_ from contact contact0_ where (contact0_.person_id, contact0_.phone_id)=(** NOT SPECIFIED **, ** NOT SPECIFIED **)]
2021-11-19T10:23:48,345|[TRACE] JdbcCoordinatorImpl - Registering last query statement [com.mysql.cj.jdbc.ClientPreparedStatement: /* select generatedAlias0 from Contact as generatedAlias0 where generatedAlias0.id=:id */ select contact0_.person_id as person_i1_3_, contact0_.phone_id as phone_id2_3_, contact0_.created as created3_3_, contact0_.updated as updated4_3_, contact0_.version as version5_3_, contact0_.address_id as address_8_3_, contact0_.contact_type as contact_6_3_, contact0_.email as email7_3_ from contact contact0_ where (contact0_.person_id, contact0_.phone_id)=(** NOT SPECIFIED **, ** NOT SPECIFIED **)]
2021-11-19T10:23:48,346|[TRACE] BasicBinder - binding parameter [1] as [INTEGER] - [1]
2021-11-19T10:23:48,346|[TRACE] BasicBinder - binding parameter [2] as [INTEGER] - [1]
2021-11-19T10:23:48,346|[TRACE] Loader - Bound [3] parameters total
2021-11-19T10:23:48,346|[TRACE] ResourceRegistryStandardImpl - Registering result set [com.mysql.cj.jdbc.result.ResultSetImpl@38093ffe]
2021-11-19T10:23:48,347|[TRACE] Loader - Processing result set
2021-11-19T10:23:48,347|[DEBUG] Loader - Result set row: 0
2021-11-19T10:23:48,347|[TRACE] BasicExtractor - extracted value ([person_i1_3_] : [INTEGER]) - [1]
2021-11-19T10:23:48,347|[TRACE] BasicExtractor - extracted value ([phone_id2_3_] : [INTEGER]) - [1]
2021-11-19T10:23:48,347|[DEBUG] Loader - Result row: EntityKey[bloodbank.entity.Contact#component[personId,phoneId]{phoneId=1, personId=1}]
2021-11-19T10:23:48,347|[TRACE] Loader - Initializing object from ResultSet: [bloodbank.entity.Contact#component[personId,phoneId]{phoneId=1, personId=1}]
2021-11-19T10:23:48,347|[TRACE] AbstractEntityPersister - Hydrating entity: [bloodbank.entity.Contact#component[personId,phoneId]{phoneId=1, personId=1}]
2021-11-19T10:23:48,347|[TRACE] BasicExtractor - extracted value ([created3_3_] : [BIGINT]) - [1637335428333]
2021-11-19T10:23:48,347|[TRACE] BasicExtractor - extracted value ([updated4_3_] : [BIGINT]) - [1637335428269]
2021-11-19T10:23:48,347|[TRACE] BasicExtractor - extracted value ([version5_3_] : [INTEGER]) - [1]
2021-11-19T10:23:48,347|[TRACE] BasicExtractor - extracted value ([address_8_3_] : [INTEGER]) - [1]
2021-11-19T10:23:48,347|[TRACE] BasicExtractor - extracted value ([contact_6_3_] : [VARCHAR]) - [Work]
2021-11-19T10:23:48,347|[TRACE] BasicExtractor - extracted value ([email7_3_] : [VARCHAR]) - [test3@test3.com]
2021-11-19T10:23:48,347|[TRACE] BasicExtractor - extracted value ([person_i1_3_] : [INTEGER]) - [1]
2021-11-19T10:23:48,347|[TRACE] BasicExtractor - extracted value ([phone_id2_3_] : [INTEGER]) - [1]
2021-11-19T10:23:48,347|[TRACE] TwoPhaseLoad - Version: 1
2021-11-19T10:23:48,347|[TRACE] Loader - Done processing result set (1 rows)
2021-11-19T10:23:48,347|[TRACE] Loader - Total objects hydrated: 1
2021-11-19T10:23:48,347|[DEBUG] TwoPhaseLoad - Resolving attributes for [bloodbank.entity.Contact#component[personId,phoneId]{phoneId=1, personId=1}]
2021-11-19T10:23:48,347|[DEBUG] TwoPhaseLoad - Processing attribute `epochCreated` : value = 1637335428333
2021-11-19T10:23:48,347|[DEBUG] TwoPhaseLoad - Attribute (`epochCreated`)  - enhanced for lazy-loading? - false
2021-11-19T10:23:48,347|[DEBUG] TwoPhaseLoad - Processing attribute `epochUpdated` : value = 1637335428269
2021-11-19T10:23:48,347|[DEBUG] TwoPhaseLoad - Attribute (`epochUpdated`)  - enhanced for lazy-loading? - false
2021-11-19T10:23:48,347|[DEBUG] TwoPhaseLoad - Processing attribute `version` : value = 1
2021-11-19T10:23:48,347|[DEBUG] TwoPhaseLoad - Attribute (`version`)  - enhanced for lazy-loading? - false
2021-11-19T10:23:48,347|[DEBUG] TwoPhaseLoad - Processing attribute `address` : value = 1
2021-11-19T10:23:48,347|[DEBUG] TwoPhaseLoad - Attribute (`address`)  - enhanced for lazy-loading? - false
2021-11-19T10:23:48,347|[TRACE] DefaultLoadEventListener - Loading entity: [bloodbank.entity.Address#1]
2021-11-19T10:23:48,347|[TRACE] DefaultLoadEventListener - Creating new proxy for entity
2021-11-19T10:23:48,347|[DEBUG] TwoPhaseLoad - Processing attribute `contactType` : value = Work
2021-11-19T10:23:48,347|[DEBUG] TwoPhaseLoad - Attribute (`contactType`)  - enhanced for lazy-loading? - false
2021-11-19T10:23:48,347|[DEBUG] TwoPhaseLoad - Processing attribute `email` : value = test3@test3.com
2021-11-19T10:23:48,347|[DEBUG] TwoPhaseLoad - Attribute (`email`)  - enhanced for lazy-loading? - false
2021-11-19T10:23:48,348|[DEBUG] TwoPhaseLoad - Processing attribute `owner` : value = 1
2021-11-19T10:23:48,348|[DEBUG] TwoPhaseLoad - Attribute (`owner`)  - enhanced for lazy-loading? - false
2021-11-19T10:23:48,348|[TRACE] DefaultLoadEventListener - Loading entity: [bloodbank.entity.Person#1]
2021-11-19T10:23:48,348|[TRACE] DefaultLoadEventListener - Creating new proxy for entity
2021-11-19T10:23:48,348|[DEBUG] TwoPhaseLoad - Processing attribute `phone` : value = 1
2021-11-19T10:23:48,348|[DEBUG] TwoPhaseLoad - Attribute (`phone`)  - enhanced for lazy-loading? - false
2021-11-19T10:23:48,348|[TRACE] DefaultLoadEventListener - Loading entity: [bloodbank.entity.Phone#1]
2021-11-19T10:23:48,348|[TRACE] DefaultLoadEventListener - Creating new proxy for entity
2021-11-19T10:23:48,348|[DEBUG] TwoPhaseLoad - Done materializing entity [bloodbank.entity.Contact#component[personId,phoneId]{phoneId=1, personId=1}]
2021-11-19T10:23:48,348|[TRACE] ResourceRegistryStandardImpl - Releasing statement [com.mysql.cj.jdbc.ClientPreparedStatement: /* select generatedAlias0 from Contact as generatedAlias0 where generatedAlias0.id=:id */ select contact0_.person_id as person_i1_3_, contact0_.phone_id as phone_id2_3_, contact0_.created as created3_3_, contact0_.updated as updated4_3_, contact0_.version as version5_3_, contact0_.address_id as address_8_3_, contact0_.contact_type as contact_6_3_, contact0_.email as email7_3_ from contact contact0_ where (contact0_.person_id, contact0_.phone_id)=(1, 1)]
2021-11-19T10:23:48,348|[TRACE] ResourceRegistryStandardImpl - Closing result set [com.mysql.cj.jdbc.result.ResultSetImpl@38093ffe]
2021-11-19T10:23:48,348|[TRACE] ResourceRegistryStandardImpl - Closing prepared statement [com.mysql.cj.jdbc.ClientPreparedStatement: /* select generatedAlias0 from Contact as generatedAlias0 where generatedAlias0.id=:id */ select contact0_.person_id as person_i1_3_, contact0_.phone_id as phone_id2_3_, contact0_.created as created3_3_, contact0_.updated as updated4_3_, contact0_.version as version5_3_, contact0_.address_id as address_8_3_, contact0_.contact_type as contact_6_3_, contact0_.email as email7_3_ from contact contact0_ where (contact0_.person_id, contact0_.phone_id)=(1, 1)]
2021-11-19T10:23:48,348|[TRACE] JdbcCoordinatorImpl - Starting after statement execution processing [AFTER_TRANSACTION]
2021-11-19T10:23:48,348|[TRACE] StatefulPersistenceContext - Initializing non-lazy collections
2021-11-19T10:23:48,348|[TRACE] AbstractLogicalConnectionImplementor - LogicalConnection#afterTransaction
2021-11-19T10:23:48,348|[TRACE] ResourceRegistryStandardImpl - Releasing JDBC resources
2021-11-19T10:23:48,348|[DEBUG] LogicalConnectionManagedImpl - Initiating JDBC connection release from afterTransaction
2021-11-19T10:23:48,349|[TRACE] ResourceRegistryStandardImpl - Releasing JDBC resources
2021-11-19T10:23:48,349|[DEBUG] SessionImpl - Initializing proxy: [bloodbank.entity.Phone#1]
2021-11-19T10:23:48,349|[TRACE] DefaultLoadEventListener - Attempting to resolve: [bloodbank.entity.Phone#1]
2021-11-19T10:23:48,349|[TRACE] DefaultLoadEventListener - Object not resolved in any cache: [bloodbank.entity.Phone#1]
2021-11-19T10:23:48,349|[TRACE] AbstractEntityPersister - Fetching entity: [bloodbank.entity.Phone#1]
2021-11-19T10:23:48,349|[DEBUG] SQL - 
    select
        phone0_.phone_id as phone_id1_6_0_,
        phone0_.created as created2_6_0_,
        phone0_.updated as updated3_6_0_,
        phone0_.version as version4_6_0_,
        phone0_.area_code as area_cod5_6_0_,
        phone0_.country_code as country_6_6_0_,
        phone0_.number as number7_6_0_ 
    from
        phone phone0_ 
    where
        phone0_.phone_id=?
2021-11-19T10:23:48,349|[TRACE] ResourceRegistryStandardImpl - Registering statement [com.mysql.cj.jdbc.ClientPreparedStatement: select phone0_.phone_id as phone_id1_6_0_, phone0_.created as created2_6_0_, phone0_.updated as updated3_6_0_, phone0_.version as version4_6_0_, phone0_.area_code as area_cod5_6_0_, phone0_.country_code as country_6_6_0_, phone0_.number as number7_6_0_ from phone phone0_ where phone0_.phone_id=** NOT SPECIFIED **]
2021-11-19T10:23:48,349|[TRACE] JdbcCoordinatorImpl - Registering last query statement [com.mysql.cj.jdbc.ClientPreparedStatement: select phone0_.phone_id as phone_id1_6_0_, phone0_.created as created2_6_0_, phone0_.updated as updated3_6_0_, phone0_.version as version4_6_0_, phone0_.area_code as area_cod5_6_0_, phone0_.country_code as country_6_6_0_, phone0_.number as number7_6_0_ from phone phone0_ where phone0_.phone_id=** NOT SPECIFIED **]
2021-11-19T10:23:48,350|[TRACE] BasicBinder - binding parameter [1] as [INTEGER] - [1]
2021-11-19T10:23:48,350|[TRACE] AbstractLoadPlanBasedLoader - Bound [2] parameters total
2021-11-19T10:23:48,350|[TRACE] ResourceRegistryStandardImpl - Registering result set [com.mysql.cj.jdbc.result.ResultSetImpl@6d4d0a14]
2021-11-19T10:23:48,350|[TRACE] ResultSetProcessorImpl - Processing result set
2021-11-19T10:23:48,350|[TRACE] ResultSetProcessorImpl - Starting ResultSet row #0
2021-11-19T10:23:48,350|[DEBUG] EntityReferenceInitializerImpl - On call to EntityIdentifierReaderImpl#resolve, EntityKey was already known; should only happen on root returns with an optional identifier specified
2021-11-19T10:23:48,350|[TRACE] EntityReferenceInitializerImpl - hydrating entity state
2021-11-19T10:23:48,350|[TRACE] EntityReferenceInitializerImpl - Initializing object from ResultSet: [bloodbank.entity.Phone#1]
2021-11-19T10:23:48,350|[TRACE] AbstractEntityPersister - Hydrating entity: [bloodbank.entity.Phone#1]
2021-11-19T10:23:48,350|[TRACE] BasicExtractor - extracted value ([created2_6_0_] : [BIGINT]) - [1637335428271]
2021-11-19T10:23:48,350|[TRACE] BasicExtractor - extracted value ([updated3_6_0_] : [BIGINT]) - [1637335428271]
2021-11-19T10:23:48,350|[TRACE] BasicExtractor - extracted value ([version4_6_0_] : [INTEGER]) - [0]
2021-11-19T10:23:48,350|[TRACE] BasicExtractor - extracted value ([area_cod5_6_0_] : [VARCHAR]) - [234]
2021-11-19T10:23:48,350|[TRACE] BasicExtractor - extracted value ([country_6_6_0_] : [VARCHAR]) - [0]
2021-11-19T10:23:48,350|[TRACE] BasicExtractor - extracted value ([number7_6_0_] : [VARCHAR]) - [5678900]
2021-11-19T10:23:48,350|[TRACE] TwoPhaseLoad - Version: 0
2021-11-19T10:23:48,350|[TRACE] ResultSetProcessorImpl - Done processing result set (1 rows)
2021-11-19T10:23:48,350|[TRACE] AbstractRowReader - Total objects hydrated: 1
2021-11-19T10:23:48,350|[DEBUG] TwoPhaseLoad - Resolving attributes for [bloodbank.entity.Phone#1]
2021-11-19T10:23:48,351|[DEBUG] TwoPhaseLoad - Processing attribute `epochCreated` : value = 1637335428271
2021-11-19T10:23:48,351|[DEBUG] TwoPhaseLoad - Attribute (`epochCreated`)  - enhanced for lazy-loading? - false
2021-11-19T10:23:48,351|[DEBUG] TwoPhaseLoad - Processing attribute `epochUpdated` : value = 1637335428271
2021-11-19T10:23:48,351|[DEBUG] TwoPhaseLoad - Attribute (`epochUpdated`)  - enhanced for lazy-loading? - false
2021-11-19T10:23:48,351|[DEBUG] TwoPhaseLoad - Processing attribute `version` : value = 0
2021-11-19T10:23:48,351|[DEBUG] TwoPhaseLoad - Attribute (`version`)  - enhanced for lazy-loading? - false
2021-11-19T10:23:48,351|[DEBUG] TwoPhaseLoad - Processing attribute `areaCode` : value = 234
2021-11-19T10:23:48,351|[DEBUG] TwoPhaseLoad - Attribute (`areaCode`)  - enhanced for lazy-loading? - false
2021-11-19T10:23:48,351|[DEBUG] TwoPhaseLoad - Processing attribute `contacts` : value = NOT NULL COLLECTION
2021-11-19T10:23:48,351|[DEBUG] TwoPhaseLoad - Attribute (`contacts`)  - enhanced for lazy-loading? - false
2021-11-19T10:23:48,351|[TRACE] CollectionType - Created collection wrapper: [bloodbank.entity.Phone.contacts#1]
2021-11-19T10:23:48,351|[DEBUG] TwoPhaseLoad - Processing attribute `countryCode` : value = 0
2021-11-19T10:23:48,351|[DEBUG] TwoPhaseLoad - Attribute (`countryCode`)  - enhanced for lazy-loading? - false
2021-11-19T10:23:48,351|[DEBUG] TwoPhaseLoad - Processing attribute `number` : value = 5678900
2021-11-19T10:23:48,351|[DEBUG] TwoPhaseLoad - Attribute (`number`)  - enhanced for lazy-loading? - false
2021-11-19T10:23:48,351|[DEBUG] TwoPhaseLoad - Done materializing entity [bloodbank.entity.Phone#1]
2021-11-19T10:23:48,351|[TRACE] ResultSetProcessingContextImpl - Skipping create subselects because there are fewer than 2 results, so query by key is more efficient.
2021-11-19T10:23:48,351|[TRACE] ResourceRegistryStandardImpl - Releasing statement [com.mysql.cj.jdbc.ClientPreparedStatement: select phone0_.phone_id as phone_id1_6_0_, phone0_.created as created2_6_0_, phone0_.updated as updated3_6_0_, phone0_.version as version4_6_0_, phone0_.area_code as area_cod5_6_0_, phone0_.country_code as country_6_6_0_, phone0_.number as number7_6_0_ from phone phone0_ where phone0_.phone_id=1]
2021-11-19T10:23:48,351|[TRACE] ResourceRegistryStandardImpl - Closing result set [com.mysql.cj.jdbc.result.ResultSetImpl@6d4d0a14]
2021-11-19T10:23:48,351|[TRACE] ResourceRegistryStandardImpl - Closing prepared statement [com.mysql.cj.jdbc.ClientPreparedStatement: select phone0_.phone_id as phone_id1_6_0_, phone0_.created as created2_6_0_, phone0_.updated as updated3_6_0_, phone0_.version as version4_6_0_, phone0_.area_code as area_cod5_6_0_, phone0_.country_code as country_6_6_0_, phone0_.number as number7_6_0_ from phone phone0_ where phone0_.phone_id=1]
2021-11-19T10:23:48,351|[TRACE] JdbcCoordinatorImpl - Starting after statement execution processing [AFTER_TRANSACTION]
2021-11-19T10:23:48,351|[TRACE] StatefulPersistenceContext - Initializing non-lazy collections
2021-11-19T10:23:48,351|[DEBUG] AbstractLoadPlanBasedEntityLoader - Done entity load : bloodbank.entity.Phone#1
2021-11-19T10:23:48,351|[DEBUG] SessionImpl - Initializing proxy: [bloodbank.entity.Address#1]
2021-11-19T10:23:48,351|[TRACE] DefaultLoadEventListener - Attempting to resolve: [bloodbank.entity.Address#1]
2021-11-19T10:23:48,351|[TRACE] DefaultLoadEventListener - Object not resolved in any cache: [bloodbank.entity.Address#1]
2021-11-19T10:23:48,351|[TRACE] AbstractEntityPersister - Fetching entity: [bloodbank.entity.Address#1]
2021-11-19T10:23:48,351|[DEBUG] SQL - 
    select
        address0_.address_id as address_1_0_0_,
        address0_.created as created2_0_0_,
        address0_.updated as updated3_0_0_,
        address0_.version as version4_0_0_,
        address0_.city as city5_0_0_,
        address0_.country as country6_0_0_,
        address0_.province as province7_0_0_,
        address0_.street as street8_0_0_,
        address0_.street_number as street_n9_0_0_,
        address0_.zipcode as zipcode10_0_0_ 
    from
        address address0_ 
    where
        address0_.address_id=?
2021-11-19T10:23:48,351|[TRACE] ResourceRegistryStandardImpl - Registering statement [com.mysql.cj.jdbc.ClientPreparedStatement: select address0_.address_id as address_1_0_0_, address0_.created as created2_0_0_, address0_.updated as updated3_0_0_, address0_.version as version4_0_0_, address0_.city as city5_0_0_, address0_.country as country6_0_0_, address0_.province as province7_0_0_, address0_.street as street8_0_0_, address0_.street_number as street_n9_0_0_, address0_.zipcode as zipcode10_0_0_ from address address0_ where address0_.address_id=** NOT SPECIFIED **]
2021-11-19T10:23:48,351|[TRACE] JdbcCoordinatorImpl - Registering last query statement [com.mysql.cj.jdbc.ClientPreparedStatement: select address0_.address_id as address_1_0_0_, address0_.created as created2_0_0_, address0_.updated as updated3_0_0_, address0_.version as version4_0_0_, address0_.city as city5_0_0_, address0_.country as country6_0_0_, address0_.province as province7_0_0_, address0_.street as street8_0_0_, address0_.street_number as street_n9_0_0_, address0_.zipcode as zipcode10_0_0_ from address address0_ where address0_.address_id=** NOT SPECIFIED **]
2021-11-19T10:23:48,351|[TRACE] BasicBinder - binding parameter [1] as [INTEGER] - [1]
2021-11-19T10:23:48,351|[TRACE] AbstractLoadPlanBasedLoader - Bound [2] parameters total
2021-11-19T10:23:48,352|[TRACE] ResourceRegistryStandardImpl - Registering result set [com.mysql.cj.jdbc.result.ResultSetImpl@50d05167]
2021-11-19T10:23:48,352|[TRACE] ResultSetProcessorImpl - Processing result set
2021-11-19T10:23:48,352|[TRACE] ResultSetProcessorImpl - Starting ResultSet row #0
2021-11-19T10:23:48,352|[DEBUG] EntityReferenceInitializerImpl - On call to EntityIdentifierReaderImpl#resolve, EntityKey was already known; should only happen on root returns with an optional identifier specified
2021-11-19T10:23:48,352|[TRACE] EntityReferenceInitializerImpl - hydrating entity state
2021-11-19T10:23:48,352|[TRACE] EntityReferenceInitializerImpl - Initializing object from ResultSet: [bloodbank.entity.Address#1]
2021-11-19T10:23:48,352|[TRACE] AbstractEntityPersister - Hydrating entity: [bloodbank.entity.Address#1]
2021-11-19T10:23:48,352|[TRACE] BasicExtractor - extracted value ([created2_0_0_] : [BIGINT]) - [1637335428273]
2021-11-19T10:23:48,352|[TRACE] BasicExtractor - extracted value ([updated3_0_0_] : [BIGINT]) - [1637335428273]
2021-11-19T10:23:48,352|[TRACE] BasicExtractor - extracted value ([version4_0_0_] : [INTEGER]) - [0]
2021-11-19T10:23:48,352|[TRACE] BasicExtractor - extracted value ([city5_0_0_] : [VARCHAR]) - [ottawa]
2021-11-19T10:23:48,352|[TRACE] BasicExtractor - extracted value ([country6_0_0_] : [VARCHAR]) - [CA]
2021-11-19T10:23:48,352|[TRACE] BasicExtractor - extracted value ([province7_0_0_] : [VARCHAR]) - [ON]
2021-11-19T10:23:48,352|[TRACE] BasicExtractor - extracted value ([street8_0_0_] : [VARCHAR]) - [abcd Dr.W]
2021-11-19T10:23:48,352|[TRACE] BasicExtractor - extracted value ([street_n9_0_0_] : [VARCHAR]) - [123]
2021-11-19T10:23:48,352|[TRACE] BasicExtractor - extracted value ([zipcode10_0_0_] : [VARCHAR]) - [A1B2C3]
2021-11-19T10:23:48,352|[TRACE] TwoPhaseLoad - Version: 0
2021-11-19T10:23:48,352|[TRACE] ResultSetProcessorImpl - Done processing result set (1 rows)
2021-11-19T10:23:48,352|[TRACE] AbstractRowReader - Total objects hydrated: 1
2021-11-19T10:23:48,352|[DEBUG] TwoPhaseLoad - Resolving attributes for [bloodbank.entity.Address#1]
2021-11-19T10:23:48,352|[DEBUG] TwoPhaseLoad - Processing attribute `epochCreated` : value = 1637335428273
2021-11-19T10:23:48,352|[DEBUG] TwoPhaseLoad - Attribute (`epochCreated`)  - enhanced for lazy-loading? - false
2021-11-19T10:23:48,352|[DEBUG] TwoPhaseLoad - Processing attribute `epochUpdated` : value = 1637335428273
2021-11-19T10:23:48,352|[DEBUG] TwoPhaseLoad - Attribute (`epochUpdated`)  - enhanced for lazy-loading? - false
2021-11-19T10:23:48,352|[DEBUG] TwoPhaseLoad - Processing attribute `version` : value = 0
2021-11-19T10:23:48,352|[DEBUG] TwoPhaseLoad - Attribute (`version`)  - enhanced for lazy-loading? - false
2021-11-19T10:23:48,352|[DEBUG] TwoPhaseLoad - Processing attribute `city` : value = ottawa
2021-11-19T10:23:48,352|[DEBUG] TwoPhaseLoad - Attribute (`city`)  - enhanced for lazy-loading? - false
2021-11-19T10:23:48,352|[DEBUG] TwoPhaseLoad - Processing attribute `contacts` : value = NOT NULL COLLECTION
2021-11-19T10:23:48,352|[DEBUG] TwoPhaseLoad - Attribute (`contacts`)  - enhanced for lazy-loading? - false
2021-11-19T10:23:48,352|[TRACE] CollectionType - Created collection wrapper: [bloodbank.entity.Address.contacts#1]
2021-11-19T10:23:48,352|[DEBUG] TwoPhaseLoad - Processing attribute `country` : value = CA
2021-11-19T10:23:48,352|[DEBUG] TwoPhaseLoad - Attribute (`country`)  - enhanced for lazy-loading? - false
2021-11-19T10:23:48,352|[DEBUG] TwoPhaseLoad - Processing attribute `province` : value = ON
2021-11-19T10:23:48,352|[DEBUG] TwoPhaseLoad - Attribute (`province`)  - enhanced for lazy-loading? - false
2021-11-19T10:23:48,352|[DEBUG] TwoPhaseLoad - Processing attribute `street` : value = abcd Dr.W
2021-11-19T10:23:48,352|[DEBUG] TwoPhaseLoad - Attribute (`street`)  - enhanced for lazy-loading? - false
2021-11-19T10:23:48,352|[DEBUG] TwoPhaseLoad - Processing attribute `streetNumber` : value = 123
2021-11-19T10:23:48,352|[DEBUG] TwoPhaseLoad - Attribute (`streetNumber`)  - enhanced for lazy-loading? - false
2021-11-19T10:23:48,352|[DEBUG] TwoPhaseLoad - Processing attribute `zipcode` : value = A1B2C3
2021-11-19T10:23:48,352|[DEBUG] TwoPhaseLoad - Attribute (`zipcode`)  - enhanced for lazy-loading? - false
2021-11-19T10:23:48,353|[DEBUG] TwoPhaseLoad - Done materializing entity [bloodbank.entity.Address#1]
2021-11-19T10:23:48,353|[TRACE] ResultSetProcessingContextImpl - Skipping create subselects because there are fewer than 2 results, so query by key is more efficient.
2021-11-19T10:23:48,353|[TRACE] ResourceRegistryStandardImpl - Releasing statement [com.mysql.cj.jdbc.ClientPreparedStatement: select address0_.address_id as address_1_0_0_, address0_.created as created2_0_0_, address0_.updated as updated3_0_0_, address0_.version as version4_0_0_, address0_.city as city5_0_0_, address0_.country as country6_0_0_, address0_.province as province7_0_0_, address0_.street as street8_0_0_, address0_.street_number as street_n9_0_0_, address0_.zipcode as zipcode10_0_0_ from address address0_ where address0_.address_id=1]
2021-11-19T10:23:48,353|[TRACE] ResourceRegistryStandardImpl - Closing result set [com.mysql.cj.jdbc.result.ResultSetImpl@50d05167]
2021-11-19T10:23:48,353|[TRACE] ResourceRegistryStandardImpl - Closing prepared statement [com.mysql.cj.jdbc.ClientPreparedStatement: select address0_.address_id as address_1_0_0_, address0_.created as created2_0_0_, address0_.updated as updated3_0_0_, address0_.version as version4_0_0_, address0_.city as city5_0_0_, address0_.country as country6_0_0_, address0_.province as province7_0_0_, address0_.street as street8_0_0_, address0_.street_number as street_n9_0_0_, address0_.zipcode as zipcode10_0_0_ from address address0_ where address0_.address_id=1]
2021-11-19T10:23:48,353|[TRACE] JdbcCoordinatorImpl - Starting after statement execution processing [AFTER_TRANSACTION]
2021-11-19T10:23:48,353|[TRACE] StatefulPersistenceContext - Initializing non-lazy collections
2021-11-19T10:23:48,353|[DEBUG] AbstractLoadPlanBasedEntityLoader - Done entity load : bloodbank.entity.Address#1
2021-11-19T10:23:48,353|[DEBUG] SessionImpl - Initializing proxy: [bloodbank.entity.Person#1]
2021-11-19T10:23:48,353|[TRACE] DefaultLoadEventListener - Attempting to resolve: [bloodbank.entity.Person#1]
2021-11-19T10:23:48,353|[TRACE] DefaultLoadEventListener - Object not resolved in any cache: [bloodbank.entity.Person#1]
2021-11-19T10:23:48,353|[TRACE] AbstractEntityPersister - Fetching entity: [bloodbank.entity.Person#1]
2021-11-19T10:23:48,353|[DEBUG] SQL - 
    select
        person0_.id as id1_5_0_,
        person0_.created as created2_5_0_,
        person0_.updated as updated3_5_0_,
        person0_.version as version4_5_0_,
        person0_.first_name as first_na5_5_0_,
        person0_.last_name as last_nam6_5_0_ 
    from
        person person0_ 
    where
        person0_.id=?
2021-11-19T10:23:48,353|[TRACE] ResourceRegistryStandardImpl - Registering statement [com.mysql.cj.jdbc.ClientPreparedStatement: select person0_.id as id1_5_0_, person0_.created as created2_5_0_, person0_.updated as updated3_5_0_, person0_.version as version4_5_0_, person0_.first_name as first_na5_5_0_, person0_.last_name as last_nam6_5_0_ from person person0_ where person0_.id=** NOT SPECIFIED **]
2021-11-19T10:23:48,353|[TRACE] JdbcCoordinatorImpl - Registering last query statement [com.mysql.cj.jdbc.ClientPreparedStatement: select person0_.id as id1_5_0_, person0_.created as created2_5_0_, person0_.updated as updated3_5_0_, person0_.version as version4_5_0_, person0_.first_name as first_na5_5_0_, person0_.last_name as last_nam6_5_0_ from person person0_ where person0_.id=** NOT SPECIFIED **]
2021-11-19T10:23:48,353|[TRACE] BasicBinder - binding parameter [1] as [INTEGER] - [1]
2021-11-19T10:23:48,353|[TRACE] AbstractLoadPlanBasedLoader - Bound [2] parameters total
2021-11-19T10:23:48,354|[TRACE] ResourceRegistryStandardImpl - Registering result set [com.mysql.cj.jdbc.result.ResultSetImpl@efa04b5]
2021-11-19T10:23:48,354|[TRACE] ResultSetProcessorImpl - Processing result set
2021-11-19T10:23:48,354|[TRACE] ResultSetProcessorImpl - Starting ResultSet row #0
2021-11-19T10:23:48,354|[DEBUG] EntityReferenceInitializerImpl - On call to EntityIdentifierReaderImpl#resolve, EntityKey was already known; should only happen on root returns with an optional identifier specified
2021-11-19T10:23:48,354|[TRACE] EntityReferenceInitializerImpl - hydrating entity state
2021-11-19T10:23:48,354|[TRACE] EntityReferenceInitializerImpl - Initializing object from ResultSet: [bloodbank.entity.Person#1]
2021-11-19T10:23:48,354|[TRACE] AbstractEntityPersister - Hydrating entity: [bloodbank.entity.Person#1]
2021-11-19T10:23:48,354|[TRACE] BasicExtractor - extracted value ([created2_5_0_] : [BIGINT]) - [1637335428269]
2021-11-19T10:23:48,354|[TRACE] BasicExtractor - extracted value ([updated3_5_0_] : [BIGINT]) - [1637335428269]
2021-11-19T10:23:48,354|[TRACE] BasicExtractor - extracted value ([version4_5_0_] : [INTEGER]) - [0]
2021-11-19T10:23:48,354|[TRACE] BasicExtractor - extracted value ([first_na5_5_0_] : [VARCHAR]) - [Teddy]
2021-11-19T10:23:48,354|[TRACE] BasicExtractor - extracted value ([last_nam6_5_0_] : [VARCHAR]) - [Yap]
2021-11-19T10:23:48,354|[TRACE] TwoPhaseLoad - Version: 0
2021-11-19T10:23:48,354|[TRACE] ResultSetProcessorImpl - Done processing result set (1 rows)
2021-11-19T10:23:48,354|[TRACE] AbstractRowReader - Total objects hydrated: 1
2021-11-19T10:23:48,354|[DEBUG] TwoPhaseLoad - Resolving attributes for [bloodbank.entity.Person#1]
2021-11-19T10:23:48,354|[DEBUG] TwoPhaseLoad - Processing attribute `epochCreated` : value = 1637335428269
2021-11-19T10:23:48,354|[DEBUG] TwoPhaseLoad - Attribute (`epochCreated`)  - enhanced for lazy-loading? - false
2021-11-19T10:23:48,354|[DEBUG] TwoPhaseLoad - Processing attribute `epochUpdated` : value = 1637335428269
2021-11-19T10:23:48,354|[DEBUG] TwoPhaseLoad - Attribute (`epochUpdated`)  - enhanced for lazy-loading? - false
2021-11-19T10:23:48,354|[DEBUG] TwoPhaseLoad - Processing attribute `version` : value = 0
2021-11-19T10:23:48,354|[DEBUG] TwoPhaseLoad - Attribute (`version`)  - enhanced for lazy-loading? - false
2021-11-19T10:23:48,354|[DEBUG] TwoPhaseLoad - Processing attribute `contacts` : value = NOT NULL COLLECTION
2021-11-19T10:23:48,354|[DEBUG] TwoPhaseLoad - Attribute (`contacts`)  - enhanced for lazy-loading? - false
2021-11-19T10:23:48,354|[TRACE] CollectionType - Created collection wrapper: [bloodbank.entity.Person.contacts#1]
2021-11-19T10:23:48,354|[DEBUG] TwoPhaseLoad - Processing attribute `donations` : value = NOT NULL COLLECTION
2021-11-19T10:23:48,354|[DEBUG] TwoPhaseLoad - Attribute (`donations`)  - enhanced for lazy-loading? - false
2021-11-19T10:23:48,354|[TRACE] CollectionType - Created collection wrapper: [bloodbank.entity.Person.donations#1]
2021-11-19T10:23:48,354|[DEBUG] TwoPhaseLoad - Processing attribute `firstName` : value = Teddy
2021-11-19T10:23:48,354|[DEBUG] TwoPhaseLoad - Attribute (`firstName`)  - enhanced for lazy-loading? - false
2021-11-19T10:23:48,354|[DEBUG] TwoPhaseLoad - Processing attribute `lastName` : value = Yap
2021-11-19T10:23:48,354|[DEBUG] TwoPhaseLoad - Attribute (`lastName`)  - enhanced for lazy-loading? - false
2021-11-19T10:23:48,354|[DEBUG] TwoPhaseLoad - Done materializing entity [bloodbank.entity.Person#1]
2021-11-19T10:23:48,354|[TRACE] ResultSetProcessingContextImpl - Skipping create subselects because there are fewer than 2 results, so query by key is more efficient.
2021-11-19T10:23:48,354|[TRACE] ResourceRegistryStandardImpl - Releasing statement [com.mysql.cj.jdbc.ClientPreparedStatement: select person0_.id as id1_5_0_, person0_.created as created2_5_0_, person0_.updated as updated3_5_0_, person0_.version as version4_5_0_, person0_.first_name as first_na5_5_0_, person0_.last_name as last_nam6_5_0_ from person person0_ where person0_.id=1]
2021-11-19T10:23:48,354|[TRACE] ResourceRegistryStandardImpl - Closing result set [com.mysql.cj.jdbc.result.ResultSetImpl@efa04b5]
2021-11-19T10:23:48,354|[TRACE] ResourceRegistryStandardImpl - Closing prepared statement [com.mysql.cj.jdbc.ClientPreparedStatement: select person0_.id as id1_5_0_, person0_.created as created2_5_0_, person0_.updated as updated3_5_0_, person0_.version as version4_5_0_, person0_.first_name as first_na5_5_0_, person0_.last_name as last_nam6_5_0_ from person person0_ where person0_.id=1]
2021-11-19T10:23:48,354|[TRACE] JdbcCoordinatorImpl - Starting after statement execution processing [AFTER_TRANSACTION]
2021-11-19T10:23:48,354|[TRACE] StatefulPersistenceContext - Initializing non-lazy collections
2021-11-19T10:23:48,354|[DEBUG] AbstractLoadPlanBasedEntityLoader - Done entity load : bloodbank.entity.Person#1
2021-11-19T10:23:48,354|[DEBUG] TransactionImpl - begin
2021-11-19T10:23:48,354|[TRACE] AbstractLogicalConnectionImplementor - Preparing to begin transaction via JDBC Connection.setAutoCommit(false)
2021-11-19T10:23:48,354|[TRACE] AbstractLogicalConnectionImplementor - Transaction begun via JDBC Connection.setAutoCommit(false)
2021-11-19T10:23:48,354|[TRACE] JdbcResourceLocalTransactionCoordinatorImpl - ResourceLocalTransactionCoordinatorImpl#afterBeginCallback
2021-11-19T10:23:48,354|[TRACE] EntityState - Persistent instance of: bloodbank.entity.Contact
2021-11-19T10:23:48,354|[TRACE] DefaultMergeEventListener - Ignoring persistent instance
2021-11-19T10:23:48,355|[TRACE] Cascade - Processing cascade ACTION_MERGE for: bloodbank.entity.Contact
2021-11-19T10:23:48,355|[TRACE] CascadingAction - Cascading to merge: bloodbank.entity.Address
2021-11-19T10:23:48,355|[TRACE] EntityState - Persistent instance of: bloodbank.entity.Address
2021-11-19T10:23:48,355|[TRACE] DefaultMergeEventListener - Ignoring persistent instance
2021-11-19T10:23:48,355|[TRACE] CascadingAction - Cascading to merge: bloodbank.entity.Person
2021-11-19T10:23:48,355|[TRACE] EntityState - Persistent instance of: bloodbank.entity.Person
2021-11-19T10:23:48,355|[TRACE] DefaultMergeEventListener - Ignoring persistent instance
2021-11-19T10:23:48,355|[TRACE] Cascade - Processing cascade ACTION_MERGE for: bloodbank.entity.Person
2021-11-19T10:23:48,355|[TRACE] Cascade - Cascade ACTION_MERGE for collection: bloodbank.entity.Person.contacts
2021-11-19T10:23:48,355|[TRACE] Cascade - Done cascade ACTION_MERGE for collection: bloodbank.entity.Person.contacts
2021-11-19T10:23:48,355|[TRACE] Cascade - Cascade ACTION_MERGE for collection: bloodbank.entity.Person.donations
2021-11-19T10:23:48,355|[TRACE] Cascade - Done cascade ACTION_MERGE for collection: bloodbank.entity.Person.donations
2021-11-19T10:23:48,355|[TRACE] Cascade - Done processing cascade ACTION_MERGE for: bloodbank.entity.Person
2021-11-19T10:23:48,360|[TRACE] CascadingAction - Cascading to merge: bloodbank.entity.Phone
2021-11-19T10:23:48,360|[TRACE] EntityState - Persistent instance of: bloodbank.entity.Phone
2021-11-19T10:23:48,360|[TRACE] DefaultMergeEventListener - Ignoring persistent instance
2021-11-19T10:23:48,360|[TRACE] Cascade - Processing cascade ACTION_MERGE for: bloodbank.entity.Phone
2021-11-19T10:23:48,360|[TRACE] Cascade - Cascade ACTION_MERGE for collection: bloodbank.entity.Phone.contacts
2021-11-19T10:23:48,360|[TRACE] Cascade - Done cascade ACTION_MERGE for collection: bloodbank.entity.Phone.contacts
2021-11-19T10:23:48,360|[TRACE] Cascade - Done processing cascade ACTION_MERGE for: bloodbank.entity.Phone
2021-11-19T10:23:48,360|[TRACE] Cascade - Done processing cascade ACTION_MERGE for: bloodbank.entity.Contact
2021-11-19T10:23:48,360|[DEBUG] TransactionImpl - committing
2021-11-19T10:23:48,360|[TRACE] JdbcResourceLocalTransactionCoordinatorImpl - ResourceLocalTransactionCoordinatorImpl#beforeCompletionCallback
2021-11-19T10:23:48,360|[TRACE] SessionImpl - SessionImpl#beforeTransactionCompletion()
2021-11-19T10:23:48,360|[TRACE] SessionImpl - Automatically flushing session
2021-11-19T10:23:48,360|[TRACE] AbstractFlushingEventListener - Flushing session
2021-11-19T10:23:48,360|[DEBUG] AbstractFlushingEventListener - Processing flush-time cascades
2021-11-19T10:23:48,360|[TRACE] Cascade - Processing cascade ACTION_PERSIST_ON_FLUSH for: bloodbank.entity.Contact
2021-11-19T10:23:48,360|[TRACE] CascadingAction - Cascading to persist on flush: bloodbank.entity.Address
2021-11-19T10:23:48,360|[TRACE] EntityState - Persistent instance of: bloodbank.entity.Address
2021-11-19T10:23:48,360|[TRACE] DefaultPersistEventListener - Ignoring persistent instance
2021-11-19T10:23:48,360|[TRACE] Cascade - Processing cascade ACTION_PERSIST_ON_FLUSH for: bloodbank.entity.Address
2021-11-19T10:23:48,360|[TRACE] Cascade - Done processing cascade ACTION_PERSIST_ON_FLUSH for: bloodbank.entity.Address
2021-11-19T10:23:48,360|[TRACE] Cascade - Processing cascade ACTION_PERSIST_ON_FLUSH for: bloodbank.entity.Address
2021-11-19T10:23:48,360|[TRACE] Cascade - Done processing cascade ACTION_PERSIST_ON_FLUSH for: bloodbank.entity.Address
2021-11-19T10:23:48,360|[TRACE] CascadingAction - Cascading to persist on flush: bloodbank.entity.Person
2021-11-19T10:23:48,360|[TRACE] EntityState - Persistent instance of: bloodbank.entity.Person
2021-11-19T10:23:48,360|[TRACE] DefaultPersistEventListener - Ignoring persistent instance
2021-11-19T10:23:48,360|[TRACE] Cascade - Processing cascade ACTION_PERSIST_ON_FLUSH for: bloodbank.entity.Person
2021-11-19T10:23:48,360|[TRACE] Cascade - Done processing cascade ACTION_PERSIST_ON_FLUSH for: bloodbank.entity.Person
2021-11-19T10:23:48,360|[TRACE] Cascade - Processing cascade ACTION_PERSIST_ON_FLUSH for: bloodbank.entity.Person
2021-11-19T10:23:48,360|[TRACE] Cascade - Cascade ACTION_PERSIST_ON_FLUSH for collection: bloodbank.entity.Person.contacts
2021-11-19T10:23:48,360|[TRACE] Cascade - Done cascade ACTION_PERSIST_ON_FLUSH for collection: bloodbank.entity.Person.contacts
2021-11-19T10:23:48,360|[TRACE] Cascade - Cascade ACTION_PERSIST_ON_FLUSH for collection: bloodbank.entity.Person.donations
2021-11-19T10:23:48,360|[TRACE] Cascade - Done cascade ACTION_PERSIST_ON_FLUSH for collection: bloodbank.entity.Person.donations
2021-11-19T10:23:48,360|[TRACE] Cascade - Done processing cascade ACTION_PERSIST_ON_FLUSH for: bloodbank.entity.Person
2021-11-19T10:23:48,360|[TRACE] CascadingAction - Cascading to persist on flush: bloodbank.entity.Phone
2021-11-19T10:23:48,360|[TRACE] EntityState - Persistent instance of: bloodbank.entity.Phone
2021-11-19T10:23:48,360|[TRACE] DefaultPersistEventListener - Ignoring persistent instance
2021-11-19T10:23:48,360|[TRACE] Cascade - Processing cascade ACTION_PERSIST_ON_FLUSH for: bloodbank.entity.Phone
2021-11-19T10:23:48,360|[TRACE] Cascade - Done processing cascade ACTION_PERSIST_ON_FLUSH for: bloodbank.entity.Phone
2021-11-19T10:23:48,360|[TRACE] Cascade - Processing cascade ACTION_PERSIST_ON_FLUSH for: bloodbank.entity.Phone
2021-11-19T10:23:48,360|[TRACE] Cascade - Cascade ACTION_PERSIST_ON_FLUSH for collection: bloodbank.entity.Phone.contacts
2021-11-19T10:23:48,360|[TRACE] Cascade - Done cascade ACTION_PERSIST_ON_FLUSH for collection: bloodbank.entity.Phone.contacts
2021-11-19T10:23:48,360|[TRACE] Cascade - Done processing cascade ACTION_PERSIST_ON_FLUSH for: bloodbank.entity.Phone
2021-11-19T10:23:48,360|[TRACE] Cascade - Done processing cascade ACTION_PERSIST_ON_FLUSH for: bloodbank.entity.Contact
2021-11-19T10:23:48,360|[TRACE] Cascade - Processing cascade ACTION_PERSIST_ON_FLUSH for: bloodbank.entity.Phone
2021-11-19T10:23:48,360|[TRACE] Cascade - Cascade ACTION_PERSIST_ON_FLUSH for collection: bloodbank.entity.Phone.contacts
2021-11-19T10:23:48,360|[TRACE] Cascade - Done cascade ACTION_PERSIST_ON_FLUSH for collection: bloodbank.entity.Phone.contacts
2021-11-19T10:23:48,360|[TRACE] Cascade - Done processing cascade ACTION_PERSIST_ON_FLUSH for: bloodbank.entity.Phone
2021-11-19T10:23:48,361|[TRACE] Cascade - Processing cascade ACTION_PERSIST_ON_FLUSH for: bloodbank.entity.Address
2021-11-19T10:23:48,361|[TRACE] Cascade - Done processing cascade ACTION_PERSIST_ON_FLUSH for: bloodbank.entity.Address
2021-11-19T10:23:48,361|[TRACE] Cascade - Processing cascade ACTION_PERSIST_ON_FLUSH for: bloodbank.entity.Person
2021-11-19T10:23:48,361|[TRACE] Cascade - Cascade ACTION_PERSIST_ON_FLUSH for collection: bloodbank.entity.Person.contacts
2021-11-19T10:23:48,361|[TRACE] Cascade - Done cascade ACTION_PERSIST_ON_FLUSH for collection: bloodbank.entity.Person.contacts
2021-11-19T10:23:48,361|[TRACE] Cascade - Cascade ACTION_PERSIST_ON_FLUSH for collection: bloodbank.entity.Person.donations
2021-11-19T10:23:48,361|[TRACE] Cascade - Done cascade ACTION_PERSIST_ON_FLUSH for collection: bloodbank.entity.Person.donations
2021-11-19T10:23:48,361|[TRACE] Cascade - Done processing cascade ACTION_PERSIST_ON_FLUSH for: bloodbank.entity.Person
2021-11-19T10:23:48,361|[DEBUG] AbstractFlushingEventListener - Dirty checking collections
2021-11-19T10:23:48,361|[TRACE] AbstractFlushingEventListener - Flushing entities and processing referenced collections
2021-11-19T10:23:48,361|[TRACE] AbstractEntityPersister - bloodbank.entity.Phone.areaCode is dirty
2021-11-19T10:23:48,361|[TRACE] AbstractEntityPersister - bloodbank.entity.Phone.countryCode is dirty
2021-11-19T10:23:48,361|[TRACE] AbstractEntityPersister - bloodbank.entity.Phone.number is dirty
2021-11-19T10:23:48,361|[TRACE] DefaultFlushEntityEventListener - Found dirty properties [[bloodbank.entity.Phone#1]] : [areaCode, countryCode, number]
2021-11-19T10:23:48,361|[TRACE] DefaultFlushEntityEventListener - Updating entity: [bloodbank.entity.Phone#1]
2021-11-19T10:23:48,361|[TRACE] AbstractEntityPersister - bloodbank.entity.Phone.epochCreated is dirty
2021-11-19T10:23:48,361|[TRACE] AbstractEntityPersister - bloodbank.entity.Phone.areaCode is dirty
2021-11-19T10:23:48,361|[TRACE] AbstractEntityPersister - bloodbank.entity.Phone.countryCode is dirty
2021-11-19T10:23:48,361|[TRACE] AbstractEntityPersister - bloodbank.entity.Phone.number is dirty
2021-11-19T10:23:48,361|[TRACE] DefaultFlushEntityEventListener - Found dirty properties [[bloodbank.entity.Phone#1]] : [epochCreated, areaCode, countryCode, number]
2021-11-19T10:23:48,361|[TRACE] Versioning - Incrementing: 0 to 1
2021-11-19T10:23:48,361|[DEBUG] Collections - Collection found: [bloodbank.entity.Phone.contacts#1], was: [bloodbank.entity.Phone.contacts#1] (uninitialized)
2021-11-19T10:23:48,362|[TRACE] AbstractEntityPersister - bloodbank.entity.Address.city is dirty
2021-11-19T10:23:48,362|[TRACE] AbstractEntityPersister - bloodbank.entity.Address.province is dirty
2021-11-19T10:23:48,362|[TRACE] AbstractEntityPersister - bloodbank.entity.Address.street is dirty
2021-11-19T10:23:48,362|[TRACE] AbstractEntityPersister - bloodbank.entity.Address.streetNumber is dirty
2021-11-19T10:23:48,362|[TRACE] AbstractEntityPersister - bloodbank.entity.Address.zipcode is dirty
2021-11-19T10:23:48,362|[TRACE] DefaultFlushEntityEventListener - Found dirty properties [[bloodbank.entity.Address#1]] : [city, province, street, streetNumber, zipcode]
2021-11-19T10:23:48,362|[TRACE] DefaultFlushEntityEventListener - Updating entity: [bloodbank.entity.Address#1]
2021-11-19T10:23:48,362|[TRACE] AbstractEntityPersister - bloodbank.entity.Address.epochCreated is dirty
2021-11-19T10:23:48,362|[TRACE] AbstractEntityPersister - bloodbank.entity.Address.city is dirty
2021-11-19T10:23:48,362|[TRACE] AbstractEntityPersister - bloodbank.entity.Address.province is dirty
2021-11-19T10:23:48,362|[TRACE] AbstractEntityPersister - bloodbank.entity.Address.street is dirty
2021-11-19T10:23:48,362|[TRACE] AbstractEntityPersister - bloodbank.entity.Address.streetNumber is dirty
2021-11-19T10:23:48,362|[TRACE] AbstractEntityPersister - bloodbank.entity.Address.zipcode is dirty
2021-11-19T10:23:48,362|[TRACE] DefaultFlushEntityEventListener - Found dirty properties [[bloodbank.entity.Address#1]] : [epochCreated, city, province, street, streetNumber, zipcode]
2021-11-19T10:23:48,362|[TRACE] Versioning - Incrementing: 0 to 1
2021-11-19T10:23:48,362|[DEBUG] Collections - Collection found: [bloodbank.entity.Address.contacts#1], was: [bloodbank.entity.Address.contacts#1] (uninitialized)
2021-11-19T10:23:48,362|[TRACE] AbstractEntityPersister - bloodbank.entity.Person.firstName is dirty
2021-11-19T10:23:48,362|[TRACE] AbstractEntityPersister - bloodbank.entity.Person.lastName is dirty
2021-11-19T10:23:48,362|[TRACE] DefaultFlushEntityEventListener - Found dirty properties [[bloodbank.entity.Person#1]] : [firstName, lastName]
2021-11-19T10:23:48,362|[TRACE] DefaultFlushEntityEventListener - Updating entity: [bloodbank.entity.Person#1]
2021-11-19T10:23:48,362|[TRACE] AbstractEntityPersister - bloodbank.entity.Person.epochCreated is dirty
2021-11-19T10:23:48,362|[TRACE] AbstractEntityPersister - bloodbank.entity.Person.firstName is dirty
2021-11-19T10:23:48,362|[TRACE] AbstractEntityPersister - bloodbank.entity.Person.lastName is dirty
2021-11-19T10:23:48,362|[TRACE] DefaultFlushEntityEventListener - Found dirty properties [[bloodbank.entity.Person#1]] : [epochCreated, firstName, lastName]
2021-11-19T10:23:48,362|[TRACE] Versioning - Incrementing: 0 to 1
2021-11-19T10:23:48,362|[DEBUG] Collections - Collection found: [bloodbank.entity.Person.contacts#1], was: [bloodbank.entity.Person.contacts#1] (uninitialized)
2021-11-19T10:23:48,362|[DEBUG] Collections - Collection found: [bloodbank.entity.Person.donations#1], was: [bloodbank.entity.Person.donations#1] (uninitialized)
2021-11-19T10:23:48,362|[TRACE] AbstractFlushingEventListener - Processing unreferenced collections
2021-11-19T10:23:48,362|[TRACE] AbstractFlushingEventListener - Scheduling collection removes/(re)creates/updates
2021-11-19T10:23:48,362|[DEBUG] AbstractFlushingEventListener - Flushed: 0 insertions, 3 updates, 0 deletions to 4 objects
2021-11-19T10:23:48,362|[DEBUG] AbstractFlushingEventListener - Flushed: 0 (re)creations, 0 updates, 0 removals to 4 collections
2021-11-19T10:23:48,362|[DEBUG] EntityPrinter - Listing entities:
2021-11-19T10:23:48,362|[DEBUG] EntityPrinter - bloodbank.entity.Address{zipcode=Z9Y8X7W, country=CA, province=BS, city=Vancouver, streetNumber=7654, street=zxcv Dr.E, id=1, epochCreated=1637335428362, version=1, contacts=<uninitialized>, epochUpdated=1637335428273}
2021-11-19T10:23:48,362|[DEBUG] EntityPrinter - bloodbank.entity.Contact{owner=bloodbank.entity.Person#1, address=bloodbank.entity.Address#1, phone=bloodbank.entity.Phone#1, contactType=Work, id=component[personId,phoneId]{phoneId=0, personId=0}, epochCreated=1637335428333, version=1, email=test3@test3.com, epochUpdated=1637335428269}
2021-11-19T10:23:48,362|[DEBUG] EntityPrinter - bloodbank.entity.Phone{number=5432100, areaCode=876, countryCode=9, id=1, epochCreated=1637335428361, version=1, contacts=<uninitialized>, epochUpdated=1637335428271}
2021-11-19T10:23:48,362|[DEBUG] EntityPrinter - bloodbank.entity.Person{firstName=Jack, lastName=Jackson, donations=<uninitialized>, id=1, epochCreated=1637335428362, version=1, contacts=<uninitialized>, epochUpdated=1637335428269}
2021-11-19T10:23:48,362|[TRACE] AbstractFlushingEventListener - Executing flush
2021-11-19T10:23:48,363|[TRACE] AbstractEntityPersister - Updating entity: [bloodbank.entity.Phone#1]
2021-11-19T10:23:48,363|[TRACE] AbstractEntityPersister - Existing version: 0 -> New version:1
2021-11-19T10:23:48,363|[DEBUG] SQL - 
    /* update
        bloodbank.entity.Phone */ update
            phone 
        set
            created=?,
            updated=?,
            version=?,
            area_code=?,
            country_code=?,
            number=? 
        where
            phone_id=? 
            and version=?
2021-11-19T10:23:48,363|[TRACE] ResourceRegistryStandardImpl - Registering statement [com.mysql.cj.jdbc.ClientPreparedStatement: /* update bloodbank.entity.Phone */ update phone set created=** NOT SPECIFIED **, updated=** NOT SPECIFIED **, version=** NOT SPECIFIED **, area_code=** NOT SPECIFIED **, country_code=** NOT SPECIFIED **, number=** NOT SPECIFIED ** where phone_id=** NOT SPECIFIED ** and version=** NOT SPECIFIED **]
2021-11-19T10:23:48,363|[TRACE] AbstractEntityPersister - Dehydrating entity: [bloodbank.entity.Phone#1]
2021-11-19T10:23:48,363|[TRACE] BasicBinder - binding parameter [1] as [BIGINT] - [1637335428361]
2021-11-19T10:23:48,363|[TRACE] BasicBinder - binding parameter [2] as [BIGINT] - [1637335428271]
2021-11-19T10:23:48,363|[TRACE] BasicBinder - binding parameter [3] as [INTEGER] - [1]
2021-11-19T10:23:48,363|[TRACE] BasicBinder - binding parameter [4] as [VARCHAR] - [876]
2021-11-19T10:23:48,363|[TRACE] BasicBinder - binding parameter [5] as [VARCHAR] - [9]
2021-11-19T10:23:48,363|[TRACE] BasicBinder - binding parameter [6] as [VARCHAR] - [5432100]
2021-11-19T10:23:48,363|[TRACE] BasicBinder - binding parameter [7] as [INTEGER] - [1]
2021-11-19T10:23:48,363|[TRACE] BasicBinder - binding parameter [8] as [INTEGER] - [0]
2021-11-19T10:23:48,364|[TRACE] ResourceRegistryStandardImpl - Releasing statement [com.mysql.cj.jdbc.ClientPreparedStatement: /* update bloodbank.entity.Phone */ update phone set created=1637335428361, updated=1637335428271, version=1, area_code='876', country_code='9', number='5432100' where phone_id=1 and version=0]
2021-11-19T10:23:48,364|[TRACE] ResourceRegistryStandardImpl - Closing prepared statement [com.mysql.cj.jdbc.ClientPreparedStatement: /* update bloodbank.entity.Phone */ update phone set created=1637335428361, updated=1637335428271, version=1, area_code='876', country_code='9', number='5432100' where phone_id=1 and version=0]
2021-11-19T10:23:48,364|[TRACE] JdbcCoordinatorImpl - Starting after statement execution processing [AFTER_TRANSACTION]
2021-11-19T10:23:48,364|[TRACE] AbstractEntityPersister - Updating entity: [bloodbank.entity.Address#1]
2021-11-19T10:23:48,364|[TRACE] AbstractEntityPersister - Existing version: 0 -> New version:1
2021-11-19T10:23:48,364|[DEBUG] SQL - 
    /* update
        bloodbank.entity.Address */ update
            address 
        set
            created=?,
            updated=?,
            version=?,
            city=?,
            country=?,
            province=?,
            street=?,
            street_number=?,
            zipcode=? 
        where
            address_id=? 
            and version=?
2021-11-19T10:23:48,364|[TRACE] ResourceRegistryStandardImpl - Registering statement [com.mysql.cj.jdbc.ClientPreparedStatement: /* update bloodbank.entity.Address */ update address set created=** NOT SPECIFIED **, updated=** NOT SPECIFIED **, version=** NOT SPECIFIED **, city=** NOT SPECIFIED **, country=** NOT SPECIFIED **, province=** NOT SPECIFIED **, street=** NOT SPECIFIED **, street_number=** NOT SPECIFIED **, zipcode=** NOT SPECIFIED ** where address_id=** NOT SPECIFIED ** and version=** NOT SPECIFIED **]
2021-11-19T10:23:48,364|[TRACE] AbstractEntityPersister - Dehydrating entity: [bloodbank.entity.Address#1]
2021-11-19T10:23:48,365|[TRACE] BasicBinder - binding parameter [1] as [BIGINT] - [1637335428362]
2021-11-19T10:23:48,365|[TRACE] BasicBinder - binding parameter [2] as [BIGINT] - [1637335428273]
2021-11-19T10:23:48,365|[TRACE] BasicBinder - binding parameter [3] as [INTEGER] - [1]
2021-11-19T10:23:48,365|[TRACE] BasicBinder - binding parameter [4] as [VARCHAR] - [Vancouver]
2021-11-19T10:23:48,365|[TRACE] BasicBinder - binding parameter [5] as [VARCHAR] - [CA]
2021-11-19T10:23:48,365|[TRACE] BasicBinder - binding parameter [6] as [VARCHAR] - [BS]
2021-11-19T10:23:48,365|[TRACE] BasicBinder - binding parameter [7] as [VARCHAR] - [zxcv Dr.E]
2021-11-19T10:23:48,365|[TRACE] BasicBinder - binding parameter [8] as [VARCHAR] - [7654]
2021-11-19T10:23:48,365|[TRACE] BasicBinder - binding parameter [9] as [VARCHAR] - [Z9Y8X7W]
2021-11-19T10:23:48,365|[TRACE] BasicBinder - binding parameter [10] as [INTEGER] - [1]
2021-11-19T10:23:48,365|[TRACE] BasicBinder - binding parameter [11] as [INTEGER] - [0]
2021-11-19T10:23:48,365|[TRACE] ResourceRegistryStandardImpl - Releasing statement [com.mysql.cj.jdbc.ClientPreparedStatement: /* update bloodbank.entity.Address */ update address set created=1637335428362, updated=1637335428273, version=1, city='Vancouver', country='CA', province='BS', street='zxcv Dr.E', street_number='7654', zipcode='Z9Y8X7W' where address_id=1 and version=0]
2021-11-19T10:23:48,365|[TRACE] ResourceRegistryStandardImpl - Closing prepared statement [com.mysql.cj.jdbc.ClientPreparedStatement: /* update bloodbank.entity.Address */ update address set created=1637335428362, updated=1637335428273, version=1, city='Vancouver', country='CA', province='BS', street='zxcv Dr.E', street_number='7654', zipcode='Z9Y8X7W' where address_id=1 and version=0]
2021-11-19T10:23:48,366|[TRACE] JdbcCoordinatorImpl - Starting after statement execution processing [AFTER_TRANSACTION]
2021-11-19T10:23:48,366|[TRACE] AbstractEntityPersister - Updating entity: [bloodbank.entity.Person#1]
2021-11-19T10:23:48,366|[TRACE] AbstractEntityPersister - Existing version: 0 -> New version:1
2021-11-19T10:23:48,366|[DEBUG] SQL - 
    /* update
        bloodbank.entity.Person */ update
            person 
        set
            created=?,
            updated=?,
            version=?,
            first_name=?,
            last_name=? 
        where
            id=? 
            and version=?
2021-11-19T10:23:48,366|[TRACE] ResourceRegistryStandardImpl - Registering statement [com.mysql.cj.jdbc.ClientPreparedStatement: /* update bloodbank.entity.Person */ update person set created=** NOT SPECIFIED **, updated=** NOT SPECIFIED **, version=** NOT SPECIFIED **, first_name=** NOT SPECIFIED **, last_name=** NOT SPECIFIED ** where id=** NOT SPECIFIED ** and version=** NOT SPECIFIED **]
2021-11-19T10:23:48,366|[TRACE] AbstractEntityPersister - Dehydrating entity: [bloodbank.entity.Person#1]
2021-11-19T10:23:48,366|[TRACE] BasicBinder - binding parameter [1] as [BIGINT] - [1637335428362]
2021-11-19T10:23:48,366|[TRACE] BasicBinder - binding parameter [2] as [BIGINT] - [1637335428269]
2021-11-19T10:23:48,366|[TRACE] BasicBinder - binding parameter [3] as [INTEGER] - [1]
2021-11-19T10:23:48,366|[TRACE] BasicBinder - binding parameter [4] as [VARCHAR] - [Jack]
2021-11-19T10:23:48,366|[TRACE] BasicBinder - binding parameter [5] as [VARCHAR] - [Jackson]
2021-11-19T10:23:48,366|[TRACE] BasicBinder - binding parameter [6] as [INTEGER] - [1]
2021-11-19T10:23:48,366|[TRACE] BasicBinder - binding parameter [7] as [INTEGER] - [0]
2021-11-19T10:23:48,367|[TRACE] ResourceRegistryStandardImpl - Releasing statement [com.mysql.cj.jdbc.ClientPreparedStatement: /* update bloodbank.entity.Person */ update person set created=1637335428362, updated=1637335428269, version=1, first_name='Jack', last_name='Jackson' where id=1 and version=0]
2021-11-19T10:23:48,367|[TRACE] ResourceRegistryStandardImpl - Closing prepared statement [com.mysql.cj.jdbc.ClientPreparedStatement: /* update bloodbank.entity.Person */ update person set created=1637335428362, updated=1637335428269, version=1, first_name='Jack', last_name='Jackson' where id=1 and version=0]
2021-11-19T10:23:48,367|[TRACE] JdbcCoordinatorImpl - Starting after statement execution processing [AFTER_TRANSACTION]
2021-11-19T10:23:48,367|[TRACE] JdbcCoordinatorImpl - Starting after statement execution processing [AFTER_TRANSACTION]
2021-11-19T10:23:48,367|[TRACE] AbstractFlushingEventListener - Post flush
2021-11-19T10:23:48,367|[TRACE] AbstractLogicalConnectionImplementor - LogicalConnection#beforeTransactionCompletion
2021-11-19T10:23:48,367|[TRACE] SynchronizationRegistryStandardImpl - SynchronizationRegistryStandardImpl.notifySynchronizationsBeforeTransactionCompletion
2021-11-19T10:23:48,367|[TRACE] AbstractLogicalConnectionImplementor - Preparing to commit transaction via JDBC Connection.commit()
2021-11-19T10:23:48,370|[TRACE] AbstractLogicalConnectionImplementor - Transaction committed via JDBC Connection.commit()
2021-11-19T10:23:48,370|[TRACE] AbstractLogicalConnectionImplementor - LogicalConnection#afterTransaction
2021-11-19T10:23:48,370|[TRACE] ResourceRegistryStandardImpl - Releasing JDBC resources
2021-11-19T10:23:48,370|[DEBUG] LogicalConnectionManagedImpl - Initiating JDBC connection release from afterTransaction
2021-11-19T10:23:48,370|[TRACE] ResourceRegistryStandardImpl - Releasing JDBC resources
2021-11-19T10:23:48,370|[TRACE] JdbcResourceLocalTransactionCoordinatorImpl - ResourceLocalTransactionCoordinatorImpl#afterCompletionCallback(true)
2021-11-19T10:23:48,370|[TRACE] SynchronizationRegistryStandardImpl - SynchronizationRegistryStandardImpl.notifySynchronizationsAfterTransactionCompletion(3)
2021-11-19T10:23:48,370|[TRACE] AbstractLogicalConnectionImplementor - LogicalConnection#afterTransaction
2021-11-19T10:23:48,370|[TRACE] ResourceRegistryStandardImpl - Releasing JDBC resources
2021-11-19T10:23:48,370|[DEBUG] LogicalConnectionManagedImpl - Initiating JDBC connection release from afterTransaction
2021-11-19T10:23:48,370|[TRACE] SessionImpl - SessionImpl#afterTransactionCompletion(successful=true, delayed=false)
2021-11-19T10:23:48,370|[TRACE] QueryPlanCache - Located HQL query plan in cache (select generatedAlias0 from Contact as generatedAlias0 where generatedAlias0.id=:id)
2021-11-19T10:23:48,370|[TRACE] HQLQueryPlan - Find: select generatedAlias0 from Contact as generatedAlias0 where generatedAlias0.id=:id
2021-11-19T10:23:48,370|[TRACE] QueryParameters - Named parameters: {id=component[personId,phoneId]{phoneId=1, personId=1}}
2021-11-19T10:23:48,370|[DEBUG] SQL - 
    /* select
        generatedAlias0 
    from
        Contact as generatedAlias0 
    where
        generatedAlias0.id=:id */ select
            contact0_.person_id as person_i1_3_,
            contact0_.phone_id as phone_id2_3_,
            contact0_.created as created3_3_,
            contact0_.updated as updated4_3_,
            contact0_.version as version5_3_,
            contact0_.address_id as address_8_3_,
            contact0_.contact_type as contact_6_3_,
            contact0_.email as email7_3_ 
        from
            contact contact0_ 
        where
            (
                contact0_.person_id, contact0_.phone_id
            )=(
                ?, ?
            )
2021-11-19T10:23:48,371|[TRACE] ResourceRegistryStandardImpl - Registering statement [com.mysql.cj.jdbc.ClientPreparedStatement: /* select generatedAlias0 from Contact as generatedAlias0 where generatedAlias0.id=:id */ select contact0_.person_id as person_i1_3_, contact0_.phone_id as phone_id2_3_, contact0_.created as created3_3_, contact0_.updated as updated4_3_, contact0_.version as version5_3_, contact0_.address_id as address_8_3_, contact0_.contact_type as contact_6_3_, contact0_.email as email7_3_ from contact contact0_ where (contact0_.person_id, contact0_.phone_id)=(** NOT SPECIFIED **, ** NOT SPECIFIED **)]
2021-11-19T10:23:48,371|[TRACE] JdbcCoordinatorImpl - Registering last query statement [com.mysql.cj.jdbc.ClientPreparedStatement: /* select generatedAlias0 from Contact as generatedAlias0 where generatedAlias0.id=:id */ select contact0_.person_id as person_i1_3_, contact0_.phone_id as phone_id2_3_, contact0_.created as created3_3_, contact0_.updated as updated4_3_, contact0_.version as version5_3_, contact0_.address_id as address_8_3_, contact0_.contact_type as contact_6_3_, contact0_.email as email7_3_ from contact contact0_ where (contact0_.person_id, contact0_.phone_id)=(** NOT SPECIFIED **, ** NOT SPECIFIED **)]
2021-11-19T10:23:48,371|[TRACE] BasicBinder - binding parameter [1] as [INTEGER] - [1]
2021-11-19T10:23:48,371|[TRACE] BasicBinder - binding parameter [2] as [INTEGER] - [1]
2021-11-19T10:23:48,371|[TRACE] Loader - Bound [3] parameters total
2021-11-19T10:23:48,372|[TRACE] ResourceRegistryStandardImpl - Registering result set [com.mysql.cj.jdbc.result.ResultSetImpl@59d0fac9]
2021-11-19T10:23:48,372|[TRACE] Loader - Processing result set
2021-11-19T10:23:48,372|[DEBUG] Loader - Result set row: 0
2021-11-19T10:23:48,372|[TRACE] BasicExtractor - extracted value ([person_i1_3_] : [INTEGER]) - [1]
2021-11-19T10:23:48,372|[TRACE] BasicExtractor - extracted value ([phone_id2_3_] : [INTEGER]) - [1]
2021-11-19T10:23:48,372|[DEBUG] Loader - Result row: EntityKey[bloodbank.entity.Contact#component[personId,phoneId]{phoneId=1, personId=1}]
2021-11-19T10:23:48,372|[TRACE] Loader - Initializing object from ResultSet: [bloodbank.entity.Contact#component[personId,phoneId]{phoneId=1, personId=1}]
2021-11-19T10:23:48,372|[TRACE] AbstractEntityPersister - Hydrating entity: [bloodbank.entity.Contact#component[personId,phoneId]{phoneId=1, personId=1}]
2021-11-19T10:23:48,372|[TRACE] BasicExtractor - extracted value ([created3_3_] : [BIGINT]) - [1637335428333]
2021-11-19T10:23:48,372|[TRACE] BasicExtractor - extracted value ([updated4_3_] : [BIGINT]) - [1637335428269]
2021-11-19T10:23:48,372|[TRACE] BasicExtractor - extracted value ([version5_3_] : [INTEGER]) - [1]
2021-11-19T10:23:48,372|[TRACE] BasicExtractor - extracted value ([address_8_3_] : [INTEGER]) - [1]
2021-11-19T10:23:48,372|[TRACE] BasicExtractor - extracted value ([contact_6_3_] : [VARCHAR]) - [Work]
2021-11-19T10:23:48,372|[TRACE] BasicExtractor - extracted value ([email7_3_] : [VARCHAR]) - [test3@test3.com]
2021-11-19T10:23:48,372|[TRACE] BasicExtractor - extracted value ([person_i1_3_] : [INTEGER]) - [1]
2021-11-19T10:23:48,372|[TRACE] BasicExtractor - extracted value ([phone_id2_3_] : [INTEGER]) - [1]
2021-11-19T10:23:48,372|[TRACE] TwoPhaseLoad - Version: 1
2021-11-19T10:23:48,372|[TRACE] Loader - Done processing result set (1 rows)
2021-11-19T10:23:48,372|[TRACE] Loader - Total objects hydrated: 1
2021-11-19T10:23:48,373|[DEBUG] TwoPhaseLoad - Resolving attributes for [bloodbank.entity.Contact#component[personId,phoneId]{phoneId=1, personId=1}]
2021-11-19T10:23:48,373|[DEBUG] TwoPhaseLoad - Processing attribute `epochCreated` : value = 1637335428333
2021-11-19T10:23:48,373|[DEBUG] TwoPhaseLoad - Attribute (`epochCreated`)  - enhanced for lazy-loading? - false
2021-11-19T10:23:48,373|[DEBUG] TwoPhaseLoad - Processing attribute `epochUpdated` : value = 1637335428269
2021-11-19T10:23:48,373|[DEBUG] TwoPhaseLoad - Attribute (`epochUpdated`)  - enhanced for lazy-loading? - false
2021-11-19T10:23:48,373|[DEBUG] TwoPhaseLoad - Processing attribute `version` : value = 1
2021-11-19T10:23:48,373|[DEBUG] TwoPhaseLoad - Attribute (`version`)  - enhanced for lazy-loading? - false
2021-11-19T10:23:48,373|[DEBUG] TwoPhaseLoad - Processing attribute `address` : value = 1
2021-11-19T10:23:48,373|[DEBUG] TwoPhaseLoad - Attribute (`address`)  - enhanced for lazy-loading? - false
2021-11-19T10:23:48,373|[TRACE] DefaultLoadEventListener - Loading entity: [bloodbank.entity.Address#1]
2021-11-19T10:23:48,373|[TRACE] DefaultLoadEventListener - Entity proxy found in session cache
2021-11-19T10:23:48,373|[DEBUG] TwoPhaseLoad - Processing attribute `contactType` : value = Work
2021-11-19T10:23:48,373|[DEBUG] TwoPhaseLoad - Attribute (`contactType`)  - enhanced for lazy-loading? - false
2021-11-19T10:23:48,373|[DEBUG] TwoPhaseLoad - Processing attribute `email` : value = test3@test3.com
2021-11-19T10:23:48,373|[DEBUG] TwoPhaseLoad - Attribute (`email`)  - enhanced for lazy-loading? - false
2021-11-19T10:23:48,373|[DEBUG] TwoPhaseLoad - Processing attribute `owner` : value = 1
2021-11-19T10:23:48,373|[DEBUG] TwoPhaseLoad - Attribute (`owner`)  - enhanced for lazy-loading? - false
2021-11-19T10:23:48,373|[TRACE] DefaultLoadEventListener - Loading entity: [bloodbank.entity.Person#1]
2021-11-19T10:23:48,373|[TRACE] DefaultLoadEventListener - Entity proxy found in session cache
2021-11-19T10:23:48,373|[DEBUG] TwoPhaseLoad - Processing attribute `phone` : value = 1
2021-11-19T10:23:48,373|[DEBUG] TwoPhaseLoad - Attribute (`phone`)  - enhanced for lazy-loading? - false
2021-11-19T10:23:48,373|[TRACE] DefaultLoadEventListener - Loading entity: [bloodbank.entity.Phone#1]
2021-11-19T10:23:48,373|[TRACE] DefaultLoadEventListener - Entity proxy found in session cache
2021-11-19T10:23:48,373|[DEBUG] TwoPhaseLoad - Done materializing entity [bloodbank.entity.Contact#component[personId,phoneId]{phoneId=1, personId=1}]
2021-11-19T10:23:48,373|[TRACE] ResourceRegistryStandardImpl - Releasing statement [com.mysql.cj.jdbc.ClientPreparedStatement: /* select generatedAlias0 from Contact as generatedAlias0 where generatedAlias0.id=:id */ select contact0_.person_id as person_i1_3_, contact0_.phone_id as phone_id2_3_, contact0_.created as created3_3_, contact0_.updated as updated4_3_, contact0_.version as version5_3_, contact0_.address_id as address_8_3_, contact0_.contact_type as contact_6_3_, contact0_.email as email7_3_ from contact contact0_ where (contact0_.person_id, contact0_.phone_id)=(1, 1)]
2021-11-19T10:23:48,373|[TRACE] ResourceRegistryStandardImpl - Closing result set [com.mysql.cj.jdbc.result.ResultSetImpl@59d0fac9]
2021-11-19T10:23:48,373|[TRACE] ResourceRegistryStandardImpl - Closing prepared statement [com.mysql.cj.jdbc.ClientPreparedStatement: /* select generatedAlias0 from Contact as generatedAlias0 where generatedAlias0.id=:id */ select contact0_.person_id as person_i1_3_, contact0_.phone_id as phone_id2_3_, contact0_.created as created3_3_, contact0_.updated as updated4_3_, contact0_.version as version5_3_, contact0_.address_id as address_8_3_, contact0_.contact_type as contact_6_3_, contact0_.email as email7_3_ from contact contact0_ where (contact0_.person_id, contact0_.phone_id)=(1, 1)]
2021-11-19T10:23:48,373|[TRACE] JdbcCoordinatorImpl - Starting after statement execution processing [AFTER_TRANSACTION]
2021-11-19T10:23:48,373|[TRACE] StatefulPersistenceContext - Initializing non-lazy collections
2021-11-19T10:23:48,373|[TRACE] AbstractLogicalConnectionImplementor - LogicalConnection#afterTransaction
2021-11-19T10:23:48,373|[TRACE] ResourceRegistryStandardImpl - Releasing JDBC resources
2021-11-19T10:23:48,373|[DEBUG] LogicalConnectionManagedImpl - Initiating JDBC connection release from afterTransaction
2021-11-19T10:23:48,374|[TRACE] ResourceRegistryStandardImpl - Releasing JDBC resources
2021-11-19T10:23:48,374|[TRACE] SessionImpl - Closing session [c5717f48-81f1-4da9-8197-ea5cff25f6b7]
2021-11-19T10:23:48,374|[TRACE] JdbcCoordinatorImpl - Closing JDBC container [org.hibernate.engine.jdbc.internal.JdbcCoordinatorImpl@50ecef36]
2021-11-19T10:23:48,374|[TRACE] ResourceRegistryStandardImpl - Releasing JDBC resources
2021-11-19T10:23:48,374|[TRACE] LogicalConnectionManagedImpl - Closing logical connection
2021-11-19T10:23:48,374|[TRACE] LogicalConnectionManagedImpl - Logical connection closed
]]></system-out>
  </testcase>
  <testcase name="testDeleteDependecy" classname="bloodbank.entity.TestCRUDContactOriginal" time="0.024">
    <system-out><![CDATA[2021-11-19T10:23:48,375|[TRACE] SessionFactoryImpl$SessionBuilderImpl - Opening Hibernate Session.  tenant=null
2021-11-19T10:23:48,376|[TRACE] SessionImpl - Opened Session [4089da5a-0fb5-4100-a4bd-a287a3be88b7] at timestamp: 1637335428375
2021-11-19T10:23:48,376|[DEBUG] TransactionImpl - On TransactionImpl creation, JpaCompliance#isJpaTransactionComplianceEnabled == false
2021-11-19T10:23:48,376|[DEBUG] CriteriaQueryImpl - Rendered criteria query -> select generatedAlias0 from Contact as generatedAlias0 where generatedAlias0.id=:id
2021-11-19T10:23:48,376|[TRACE] QueryPlanCache - Located HQL query plan in cache (select generatedAlias0 from Contact as generatedAlias0 where generatedAlias0.id=:id)
2021-11-19T10:23:48,376|[TRACE] QueryPlanCache - Located HQL query plan in cache (select generatedAlias0 from Contact as generatedAlias0 where generatedAlias0.id=:id)
2021-11-19T10:23:48,376|[TRACE] QueryPlanCache - Located HQL query plan in cache (select generatedAlias0 from Contact as generatedAlias0 where generatedAlias0.id=:id)
2021-11-19T10:23:48,376|[TRACE] HQLQueryPlan - Find: select generatedAlias0 from Contact as generatedAlias0 where generatedAlias0.id=:id
2021-11-19T10:23:48,376|[TRACE] QueryParameters - Named parameters: {id=component[personId,phoneId]{phoneId=1, personId=1}}
2021-11-19T10:23:48,376|[DEBUG] SQL - 
    /* select
        generatedAlias0 
    from
        Contact as generatedAlias0 
    where
        generatedAlias0.id=:id */ select
            contact0_.person_id as person_i1_3_,
            contact0_.phone_id as phone_id2_3_,
            contact0_.created as created3_3_,
            contact0_.updated as updated4_3_,
            contact0_.version as version5_3_,
            contact0_.address_id as address_8_3_,
            contact0_.contact_type as contact_6_3_,
            contact0_.email as email7_3_ 
        from
            contact contact0_ 
        where
            (
                contact0_.person_id, contact0_.phone_id
            )=(
                ?, ?
            )
2021-11-19T10:23:48,377|[TRACE] ResourceRegistryStandardImpl - Registering statement [com.mysql.cj.jdbc.ClientPreparedStatement: /* select generatedAlias0 from Contact as generatedAlias0 where generatedAlias0.id=:id */ select contact0_.person_id as person_i1_3_, contact0_.phone_id as phone_id2_3_, contact0_.created as created3_3_, contact0_.updated as updated4_3_, contact0_.version as version5_3_, contact0_.address_id as address_8_3_, contact0_.contact_type as contact_6_3_, contact0_.email as email7_3_ from contact contact0_ where (contact0_.person_id, contact0_.phone_id)=(** NOT SPECIFIED **, ** NOT SPECIFIED **)]
2021-11-19T10:23:48,377|[TRACE] JdbcCoordinatorImpl - Registering last query statement [com.mysql.cj.jdbc.ClientPreparedStatement: /* select generatedAlias0 from Contact as generatedAlias0 where generatedAlias0.id=:id */ select contact0_.person_id as person_i1_3_, contact0_.phone_id as phone_id2_3_, contact0_.created as created3_3_, contact0_.updated as updated4_3_, contact0_.version as version5_3_, contact0_.address_id as address_8_3_, contact0_.contact_type as contact_6_3_, contact0_.email as email7_3_ from contact contact0_ where (contact0_.person_id, contact0_.phone_id)=(** NOT SPECIFIED **, ** NOT SPECIFIED **)]
2021-11-19T10:23:48,377|[TRACE] BasicBinder - binding parameter [1] as [INTEGER] - [1]
2021-11-19T10:23:48,377|[TRACE] BasicBinder - binding parameter [2] as [INTEGER] - [1]
2021-11-19T10:23:48,377|[TRACE] Loader - Bound [3] parameters total
2021-11-19T10:23:48,379|[TRACE] ResourceRegistryStandardImpl - Registering result set [com.mysql.cj.jdbc.result.ResultSetImpl@59282dc6]
2021-11-19T10:23:48,379|[TRACE] Loader - Processing result set
2021-11-19T10:23:48,379|[DEBUG] Loader - Result set row: 0
2021-11-19T10:23:48,379|[TRACE] BasicExtractor - extracted value ([person_i1_3_] : [INTEGER]) - [1]
2021-11-19T10:23:48,379|[TRACE] BasicExtractor - extracted value ([phone_id2_3_] : [INTEGER]) - [1]
2021-11-19T10:23:48,379|[DEBUG] Loader - Result row: EntityKey[bloodbank.entity.Contact#component[personId,phoneId]{phoneId=1, personId=1}]
2021-11-19T10:23:48,379|[TRACE] Loader - Initializing object from ResultSet: [bloodbank.entity.Contact#component[personId,phoneId]{phoneId=1, personId=1}]
2021-11-19T10:23:48,379|[TRACE] AbstractEntityPersister - Hydrating entity: [bloodbank.entity.Contact#component[personId,phoneId]{phoneId=1, personId=1}]
2021-11-19T10:23:48,379|[TRACE] BasicExtractor - extracted value ([created3_3_] : [BIGINT]) - [1637335428333]
2021-11-19T10:23:48,379|[TRACE] BasicExtractor - extracted value ([updated4_3_] : [BIGINT]) - [1637335428269]
2021-11-19T10:23:48,379|[TRACE] BasicExtractor - extracted value ([version5_3_] : [INTEGER]) - [1]
2021-11-19T10:23:48,379|[TRACE] BasicExtractor - extracted value ([address_8_3_] : [INTEGER]) - [1]
2021-11-19T10:23:48,379|[TRACE] BasicExtractor - extracted value ([contact_6_3_] : [VARCHAR]) - [Work]
2021-11-19T10:23:48,379|[TRACE] BasicExtractor - extracted value ([email7_3_] : [VARCHAR]) - [test3@test3.com]
2021-11-19T10:23:48,379|[TRACE] BasicExtractor - extracted value ([person_i1_3_] : [INTEGER]) - [1]
2021-11-19T10:23:48,379|[TRACE] BasicExtractor - extracted value ([phone_id2_3_] : [INTEGER]) - [1]
2021-11-19T10:23:48,379|[TRACE] TwoPhaseLoad - Version: 1
2021-11-19T10:23:48,379|[TRACE] Loader - Done processing result set (1 rows)
2021-11-19T10:23:48,379|[TRACE] Loader - Total objects hydrated: 1
2021-11-19T10:23:48,379|[DEBUG] TwoPhaseLoad - Resolving attributes for [bloodbank.entity.Contact#component[personId,phoneId]{phoneId=1, personId=1}]
2021-11-19T10:23:48,379|[DEBUG] TwoPhaseLoad - Processing attribute `epochCreated` : value = 1637335428333
2021-11-19T10:23:48,379|[DEBUG] TwoPhaseLoad - Attribute (`epochCreated`)  - enhanced for lazy-loading? - false
2021-11-19T10:23:48,379|[DEBUG] TwoPhaseLoad - Processing attribute `epochUpdated` : value = 1637335428269
2021-11-19T10:23:48,379|[DEBUG] TwoPhaseLoad - Attribute (`epochUpdated`)  - enhanced for lazy-loading? - false
2021-11-19T10:23:48,379|[DEBUG] TwoPhaseLoad - Processing attribute `version` : value = 1
2021-11-19T10:23:48,379|[DEBUG] TwoPhaseLoad - Attribute (`version`)  - enhanced for lazy-loading? - false
2021-11-19T10:23:48,379|[DEBUG] TwoPhaseLoad - Processing attribute `address` : value = 1
2021-11-19T10:23:48,379|[DEBUG] TwoPhaseLoad - Attribute (`address`)  - enhanced for lazy-loading? - false
2021-11-19T10:23:48,379|[TRACE] DefaultLoadEventListener - Loading entity: [bloodbank.entity.Address#1]
2021-11-19T10:23:48,379|[TRACE] DefaultLoadEventListener - Creating new proxy for entity
2021-11-19T10:23:48,379|[DEBUG] TwoPhaseLoad - Processing attribute `contactType` : value = Work
2021-11-19T10:23:48,379|[DEBUG] TwoPhaseLoad - Attribute (`contactType`)  - enhanced for lazy-loading? - false
2021-11-19T10:23:48,379|[DEBUG] TwoPhaseLoad - Processing attribute `email` : value = test3@test3.com
2021-11-19T10:23:48,379|[DEBUG] TwoPhaseLoad - Attribute (`email`)  - enhanced for lazy-loading? - false
2021-11-19T10:23:48,379|[DEBUG] TwoPhaseLoad - Processing attribute `owner` : value = 1
2021-11-19T10:23:48,379|[DEBUG] TwoPhaseLoad - Attribute (`owner`)  - enhanced for lazy-loading? - false
2021-11-19T10:23:48,379|[TRACE] DefaultLoadEventListener - Loading entity: [bloodbank.entity.Person#1]
2021-11-19T10:23:48,379|[TRACE] DefaultLoadEventListener - Creating new proxy for entity
2021-11-19T10:23:48,379|[DEBUG] TwoPhaseLoad - Processing attribute `phone` : value = 1
2021-11-19T10:23:48,379|[DEBUG] TwoPhaseLoad - Attribute (`phone`)  - enhanced for lazy-loading? - false
2021-11-19T10:23:48,379|[TRACE] DefaultLoadEventListener - Loading entity: [bloodbank.entity.Phone#1]
2021-11-19T10:23:48,379|[TRACE] DefaultLoadEventListener - Creating new proxy for entity
2021-11-19T10:23:48,379|[DEBUG] TwoPhaseLoad - Done materializing entity [bloodbank.entity.Contact#component[personId,phoneId]{phoneId=1, personId=1}]
2021-11-19T10:23:48,379|[TRACE] ResourceRegistryStandardImpl - Releasing statement [com.mysql.cj.jdbc.ClientPreparedStatement: /* select generatedAlias0 from Contact as generatedAlias0 where generatedAlias0.id=:id */ select contact0_.person_id as person_i1_3_, contact0_.phone_id as phone_id2_3_, contact0_.created as created3_3_, contact0_.updated as updated4_3_, contact0_.version as version5_3_, contact0_.address_id as address_8_3_, contact0_.contact_type as contact_6_3_, contact0_.email as email7_3_ from contact contact0_ where (contact0_.person_id, contact0_.phone_id)=(1, 1)]
2021-11-19T10:23:48,380|[TRACE] ResourceRegistryStandardImpl - Closing result set [com.mysql.cj.jdbc.result.ResultSetImpl@59282dc6]
2021-11-19T10:23:48,380|[TRACE] ResourceRegistryStandardImpl - Closing prepared statement [com.mysql.cj.jdbc.ClientPreparedStatement: /* select generatedAlias0 from Contact as generatedAlias0 where generatedAlias0.id=:id */ select contact0_.person_id as person_i1_3_, contact0_.phone_id as phone_id2_3_, contact0_.created as created3_3_, contact0_.updated as updated4_3_, contact0_.version as version5_3_, contact0_.address_id as address_8_3_, contact0_.contact_type as contact_6_3_, contact0_.email as email7_3_ from contact contact0_ where (contact0_.person_id, contact0_.phone_id)=(1, 1)]
2021-11-19T10:23:48,380|[TRACE] JdbcCoordinatorImpl - Starting after statement execution processing [AFTER_TRANSACTION]
2021-11-19T10:23:48,380|[TRACE] StatefulPersistenceContext - Initializing non-lazy collections
2021-11-19T10:23:48,380|[TRACE] AbstractLogicalConnectionImplementor - LogicalConnection#afterTransaction
2021-11-19T10:23:48,380|[TRACE] ResourceRegistryStandardImpl - Releasing JDBC resources
2021-11-19T10:23:48,380|[DEBUG] LogicalConnectionManagedImpl - Initiating JDBC connection release from afterTransaction
2021-11-19T10:23:48,380|[TRACE] ResourceRegistryStandardImpl - Releasing JDBC resources
2021-11-19T10:23:48,380|[DEBUG] TransactionImpl - begin
2021-11-19T10:23:48,380|[TRACE] AbstractLogicalConnectionImplementor - Preparing to begin transaction via JDBC Connection.setAutoCommit(false)
2021-11-19T10:23:48,380|[TRACE] AbstractLogicalConnectionImplementor - Transaction begun via JDBC Connection.setAutoCommit(false)
2021-11-19T10:23:48,381|[TRACE] JdbcResourceLocalTransactionCoordinatorImpl - ResourceLocalTransactionCoordinatorImpl#afterBeginCallback
2021-11-19T10:23:48,381|[TRACE] EntityState - Persistent instance of: bloodbank.entity.Contact
2021-11-19T10:23:48,381|[TRACE] DefaultMergeEventListener - Ignoring persistent instance
2021-11-19T10:23:48,381|[TRACE] Cascade - Processing cascade ACTION_MERGE for: bloodbank.entity.Contact
2021-11-19T10:23:48,381|[TRACE] CascadingAction - Cascading to merge: bloodbank.entity.Person
2021-11-19T10:23:48,381|[TRACE] DefaultMergeEventListener - Ignoring uninitialized proxy
2021-11-19T10:23:48,381|[TRACE] DefaultLoadEventListener - Loading entity: [bloodbank.entity.Person#1]
2021-11-19T10:23:48,381|[TRACE] DefaultLoadEventListener - Entity proxy found in session cache
2021-11-19T10:23:48,381|[TRACE] CascadingAction - Cascading to merge: bloodbank.entity.Phone
2021-11-19T10:23:48,381|[TRACE] DefaultMergeEventListener - Ignoring uninitialized proxy
2021-11-19T10:23:48,381|[TRACE] DefaultLoadEventListener - Loading entity: [bloodbank.entity.Phone#1]
2021-11-19T10:23:48,381|[TRACE] DefaultLoadEventListener - Entity proxy found in session cache
2021-11-19T10:23:48,381|[TRACE] Cascade - Done processing cascade ACTION_MERGE for: bloodbank.entity.Contact
2021-11-19T10:23:48,381|[DEBUG] TransactionImpl - committing
2021-11-19T10:23:48,381|[TRACE] JdbcResourceLocalTransactionCoordinatorImpl - ResourceLocalTransactionCoordinatorImpl#beforeCompletionCallback
2021-11-19T10:23:48,381|[TRACE] SessionImpl - SessionImpl#beforeTransactionCompletion()
2021-11-19T10:23:48,381|[TRACE] SessionImpl - Automatically flushing session
2021-11-19T10:23:48,381|[TRACE] AbstractFlushingEventListener - Flushing session
2021-11-19T10:23:48,381|[DEBUG] AbstractFlushingEventListener - Processing flush-time cascades
2021-11-19T10:23:48,381|[TRACE] Cascade - Processing cascade ACTION_PERSIST_ON_FLUSH for: bloodbank.entity.Contact
2021-11-19T10:23:48,381|[TRACE] CascadingAction - Cascading to persist on flush: bloodbank.entity.Person
2021-11-19T10:23:48,381|[TRACE] CascadingAction - Cascading to persist on flush: bloodbank.entity.Phone
2021-11-19T10:23:48,381|[TRACE] Cascade - Done processing cascade ACTION_PERSIST_ON_FLUSH for: bloodbank.entity.Contact
2021-11-19T10:23:48,381|[DEBUG] AbstractFlushingEventListener - Dirty checking collections
2021-11-19T10:23:48,381|[TRACE] AbstractFlushingEventListener - Flushing entities and processing referenced collections
2021-11-19T10:23:48,381|[TRACE] AbstractEntityPersister - bloodbank.entity.Contact.address is dirty
2021-11-19T10:23:48,381|[TRACE] DefaultFlushEntityEventListener - Found dirty properties [[bloodbank.entity.Contact#[Person.id:1, Phone.id:1]]] : [address]
2021-11-19T10:23:48,381|[TRACE] DefaultFlushEntityEventListener - Updating entity: [bloodbank.entity.Contact#component[personId,phoneId]{phoneId=1, personId=1}]
2021-11-19T10:23:48,381|[TRACE] AbstractEntityPersister - bloodbank.entity.Contact.epochCreated is dirty
2021-11-19T10:23:48,381|[TRACE] AbstractEntityPersister - bloodbank.entity.Contact.address is dirty
2021-11-19T10:23:48,381|[TRACE] DefaultFlushEntityEventListener - Found dirty properties [[bloodbank.entity.Contact#[Person.id:1, Phone.id:1]]] : [epochCreated, address]
2021-11-19T10:23:48,381|[TRACE] Versioning - Incrementing: 1 to 2
2021-11-19T10:23:48,381|[TRACE] AbstractFlushingEventListener - Processing unreferenced collections
2021-11-19T10:23:48,381|[TRACE] AbstractFlushingEventListener - Scheduling collection removes/(re)creates/updates
2021-11-19T10:23:48,382|[DEBUG] AbstractFlushingEventListener - Flushed: 0 insertions, 1 updates, 0 deletions to 1 objects
2021-11-19T10:23:48,382|[DEBUG] AbstractFlushingEventListener - Flushed: 0 (re)creations, 0 updates, 0 removals to 0 collections
2021-11-19T10:23:48,382|[DEBUG] EntityPrinter - Listing entities:
2021-11-19T10:23:48,382|[DEBUG] EntityPrinter - bloodbank.entity.Contact{owner=<uninitialized>, address=null, phone=<uninitialized>, contactType=Work, id=component[personId,phoneId]{phoneId=1, personId=1}, epochCreated=1637335428381, version=2, email=test3@test3.com, epochUpdated=1637335428269}
2021-11-19T10:23:48,382|[TRACE] AbstractFlushingEventListener - Executing flush
2021-11-19T10:23:48,382|[TRACE] AbstractEntityPersister - Updating entity: [bloodbank.entity.Contact#component[personId,phoneId]{phoneId=1, personId=1}]
2021-11-19T10:23:48,382|[TRACE] AbstractEntityPersister - Existing version: 1 -> New version:2
2021-11-19T10:23:48,382|[DEBUG] SQL - 
    /* update
        bloodbank.entity.Contact */ update
            contact 
        set
            created=?,
            updated=?,
            version=?,
            address_id=?,
            contact_type=?,
            email=? 
        where
            person_id=? 
            and phone_id=? 
            and version=?
2021-11-19T10:23:48,382|[TRACE] ResourceRegistryStandardImpl - Registering statement [com.mysql.cj.jdbc.ClientPreparedStatement: /* update bloodbank.entity.Contact */ update contact set created=** NOT SPECIFIED **, updated=** NOT SPECIFIED **, version=** NOT SPECIFIED **, address_id=** NOT SPECIFIED **, contact_type=** NOT SPECIFIED **, email=** NOT SPECIFIED ** where person_id=** NOT SPECIFIED ** and phone_id=** NOT SPECIFIED ** and version=** NOT SPECIFIED **]
2021-11-19T10:23:48,382|[TRACE] AbstractEntityPersister - Dehydrating entity: [bloodbank.entity.Contact#component[personId,phoneId]{phoneId=1, personId=1}]
2021-11-19T10:23:48,382|[TRACE] BasicBinder - binding parameter [1] as [BIGINT] - [1637335428381]
2021-11-19T10:23:48,382|[TRACE] BasicBinder - binding parameter [2] as [BIGINT] - [1637335428269]
2021-11-19T10:23:48,382|[TRACE] BasicBinder - binding parameter [3] as [INTEGER] - [2]
2021-11-19T10:23:48,382|[TRACE] BasicBinder - binding parameter [4] as [INTEGER] - [null]
2021-11-19T10:23:48,382|[TRACE] BasicBinder - binding parameter [5] as [VARCHAR] - [Work]
2021-11-19T10:23:48,382|[TRACE] BasicBinder - binding parameter [6] as [VARCHAR] - [test3@test3.com]
2021-11-19T10:23:48,382|[TRACE] BasicBinder - binding parameter [7] as [INTEGER] - [1]
2021-11-19T10:23:48,382|[TRACE] BasicBinder - binding parameter [8] as [INTEGER] - [1]
2021-11-19T10:23:48,382|[TRACE] BasicBinder - binding parameter [9] as [INTEGER] - [1]
2021-11-19T10:23:48,383|[TRACE] ResourceRegistryStandardImpl - Releasing statement [com.mysql.cj.jdbc.ClientPreparedStatement: /* update bloodbank.entity.Contact */ update contact set created=1637335428381, updated=1637335428269, version=2, address_id=null, contact_type='Work', email='test3@test3.com' where person_id=1 and phone_id=1 and version=1]
2021-11-19T10:23:48,383|[TRACE] ResourceRegistryStandardImpl - Closing prepared statement [com.mysql.cj.jdbc.ClientPreparedStatement: /* update bloodbank.entity.Contact */ update contact set created=1637335428381, updated=1637335428269, version=2, address_id=null, contact_type='Work', email='test3@test3.com' where person_id=1 and phone_id=1 and version=1]
2021-11-19T10:23:48,383|[TRACE] JdbcCoordinatorImpl - Starting after statement execution processing [AFTER_TRANSACTION]
2021-11-19T10:23:48,384|[TRACE] JdbcCoordinatorImpl - Starting after statement execution processing [AFTER_TRANSACTION]
2021-11-19T10:23:48,384|[TRACE] AbstractFlushingEventListener - Post flush
2021-11-19T10:23:48,384|[TRACE] AbstractLogicalConnectionImplementor - LogicalConnection#beforeTransactionCompletion
2021-11-19T10:23:48,384|[TRACE] SynchronizationRegistryStandardImpl - SynchronizationRegistryStandardImpl.notifySynchronizationsBeforeTransactionCompletion
2021-11-19T10:23:48,384|[TRACE] AbstractLogicalConnectionImplementor - Preparing to commit transaction via JDBC Connection.commit()
2021-11-19T10:23:48,387|[TRACE] AbstractLogicalConnectionImplementor - Transaction committed via JDBC Connection.commit()
2021-11-19T10:23:48,387|[TRACE] AbstractLogicalConnectionImplementor - LogicalConnection#afterTransaction
2021-11-19T10:23:48,387|[TRACE] ResourceRegistryStandardImpl - Releasing JDBC resources
2021-11-19T10:23:48,387|[DEBUG] LogicalConnectionManagedImpl - Initiating JDBC connection release from afterTransaction
2021-11-19T10:23:48,387|[TRACE] ResourceRegistryStandardImpl - Releasing JDBC resources
2021-11-19T10:23:48,387|[TRACE] JdbcResourceLocalTransactionCoordinatorImpl - ResourceLocalTransactionCoordinatorImpl#afterCompletionCallback(true)
2021-11-19T10:23:48,387|[TRACE] SynchronizationRegistryStandardImpl - SynchronizationRegistryStandardImpl.notifySynchronizationsAfterTransactionCompletion(3)
2021-11-19T10:23:48,387|[TRACE] AbstractLogicalConnectionImplementor - LogicalConnection#afterTransaction
2021-11-19T10:23:48,387|[TRACE] ResourceRegistryStandardImpl - Releasing JDBC resources
2021-11-19T10:23:48,387|[DEBUG] LogicalConnectionManagedImpl - Initiating JDBC connection release from afterTransaction
2021-11-19T10:23:48,387|[TRACE] SessionImpl - SessionImpl#afterTransactionCompletion(successful=true, delayed=false)
2021-11-19T10:23:48,387|[TRACE] QueryPlanCache - Located HQL query plan in cache (select generatedAlias0 from Contact as generatedAlias0 where generatedAlias0.id=:id)
2021-11-19T10:23:48,387|[TRACE] HQLQueryPlan - Find: select generatedAlias0 from Contact as generatedAlias0 where generatedAlias0.id=:id
2021-11-19T10:23:48,387|[TRACE] QueryParameters - Named parameters: {id=component[personId,phoneId]{phoneId=1, personId=1}}
2021-11-19T10:23:48,388|[DEBUG] SQL - 
    /* select
        generatedAlias0 
    from
        Contact as generatedAlias0 
    where
        generatedAlias0.id=:id */ select
            contact0_.person_id as person_i1_3_,
            contact0_.phone_id as phone_id2_3_,
            contact0_.created as created3_3_,
            contact0_.updated as updated4_3_,
            contact0_.version as version5_3_,
            contact0_.address_id as address_8_3_,
            contact0_.contact_type as contact_6_3_,
            contact0_.email as email7_3_ 
        from
            contact contact0_ 
        where
            (
                contact0_.person_id, contact0_.phone_id
            )=(
                ?, ?
            )
2021-11-19T10:23:48,388|[TRACE] ResourceRegistryStandardImpl - Registering statement [com.mysql.cj.jdbc.ClientPreparedStatement: /* select generatedAlias0 from Contact as generatedAlias0 where generatedAlias0.id=:id */ select contact0_.person_id as person_i1_3_, contact0_.phone_id as phone_id2_3_, contact0_.created as created3_3_, contact0_.updated as updated4_3_, contact0_.version as version5_3_, contact0_.address_id as address_8_3_, contact0_.contact_type as contact_6_3_, contact0_.email as email7_3_ from contact contact0_ where (contact0_.person_id, contact0_.phone_id)=(** NOT SPECIFIED **, ** NOT SPECIFIED **)]
2021-11-19T10:23:48,388|[TRACE] JdbcCoordinatorImpl - Registering last query statement [com.mysql.cj.jdbc.ClientPreparedStatement: /* select generatedAlias0 from Contact as generatedAlias0 where generatedAlias0.id=:id */ select contact0_.person_id as person_i1_3_, contact0_.phone_id as phone_id2_3_, contact0_.created as created3_3_, contact0_.updated as updated4_3_, contact0_.version as version5_3_, contact0_.address_id as address_8_3_, contact0_.contact_type as contact_6_3_, contact0_.email as email7_3_ from contact contact0_ where (contact0_.person_id, contact0_.phone_id)=(** NOT SPECIFIED **, ** NOT SPECIFIED **)]
2021-11-19T10:23:48,388|[TRACE] BasicBinder - binding parameter [1] as [INTEGER] - [1]
2021-11-19T10:23:48,388|[TRACE] BasicBinder - binding parameter [2] as [INTEGER] - [1]
2021-11-19T10:23:48,388|[TRACE] Loader - Bound [3] parameters total
2021-11-19T10:23:48,389|[TRACE] ResourceRegistryStandardImpl - Registering result set [com.mysql.cj.jdbc.result.ResultSetImpl@609ad016]
2021-11-19T10:23:48,389|[TRACE] Loader - Processing result set
2021-11-19T10:23:48,389|[DEBUG] Loader - Result set row: 0
2021-11-19T10:23:48,389|[TRACE] BasicExtractor - extracted value ([person_i1_3_] : [INTEGER]) - [1]
2021-11-19T10:23:48,389|[TRACE] BasicExtractor - extracted value ([phone_id2_3_] : [INTEGER]) - [1]
2021-11-19T10:23:48,389|[DEBUG] Loader - Result row: EntityKey[bloodbank.entity.Contact#component[personId,phoneId]{phoneId=1, personId=1}]
2021-11-19T10:23:48,389|[TRACE] Loader - Done processing result set (1 rows)
2021-11-19T10:23:48,389|[TRACE] Loader - Total objects hydrated: 0
2021-11-19T10:23:48,389|[TRACE] ResourceRegistryStandardImpl - Releasing statement [com.mysql.cj.jdbc.ClientPreparedStatement: /* select generatedAlias0 from Contact as generatedAlias0 where generatedAlias0.id=:id */ select contact0_.person_id as person_i1_3_, contact0_.phone_id as phone_id2_3_, contact0_.created as created3_3_, contact0_.updated as updated4_3_, contact0_.version as version5_3_, contact0_.address_id as address_8_3_, contact0_.contact_type as contact_6_3_, contact0_.email as email7_3_ from contact contact0_ where (contact0_.person_id, contact0_.phone_id)=(1, 1)]
2021-11-19T10:23:48,389|[TRACE] ResourceRegistryStandardImpl - Closing result set [com.mysql.cj.jdbc.result.ResultSetImpl@609ad016]
2021-11-19T10:23:48,389|[TRACE] ResourceRegistryStandardImpl - Closing prepared statement [com.mysql.cj.jdbc.ClientPreparedStatement: /* select generatedAlias0 from Contact as generatedAlias0 where generatedAlias0.id=:id */ select contact0_.person_id as person_i1_3_, contact0_.phone_id as phone_id2_3_, contact0_.created as created3_3_, contact0_.updated as updated4_3_, contact0_.version as version5_3_, contact0_.address_id as address_8_3_, contact0_.contact_type as contact_6_3_, contact0_.email as email7_3_ from contact contact0_ where (contact0_.person_id, contact0_.phone_id)=(1, 1)]
2021-11-19T10:23:48,389|[TRACE] JdbcCoordinatorImpl - Starting after statement execution processing [AFTER_TRANSACTION]
2021-11-19T10:23:48,389|[TRACE] StatefulPersistenceContext - Initializing non-lazy collections
2021-11-19T10:23:48,389|[TRACE] AbstractLogicalConnectionImplementor - LogicalConnection#afterTransaction
2021-11-19T10:23:48,389|[TRACE] ResourceRegistryStandardImpl - Releasing JDBC resources
2021-11-19T10:23:48,389|[DEBUG] LogicalConnectionManagedImpl - Initiating JDBC connection release from afterTransaction
2021-11-19T10:23:48,390|[TRACE] ResourceRegistryStandardImpl - Releasing JDBC resources
2021-11-19T10:23:48,390|[DEBUG] CriteriaQueryImpl - Rendered criteria query -> select count(generatedAlias0) from Address as generatedAlias0 where generatedAlias0.id=:id
2021-11-19T10:23:48,390|[TRACE] QueryPlanCache - Unable to locate HQL query plan in cache; generating (select count(generatedAlias0) from Address as generatedAlias0 where generatedAlias0.id=:id)
2021-11-19T10:23:48,390|[DEBUG] QueryTranslatorImpl - parse() - HQL: select count(generatedAlias0) from bloodbank.entity.Address as generatedAlias0 where generatedAlias0.id=:id
2021-11-19T10:23:48,390|[TRACE] HqlParser - -> statement
2021-11-19T10:23:48,390|[TRACE] HqlParser - ---> selectStatement
2021-11-19T10:23:48,390|[TRACE] HqlParser - -----> queryRule
2021-11-19T10:23:48,390|[TRACE] HqlParser - -------> selectFrom
2021-11-19T10:23:48,390|[TRACE] HqlParser - ---------> selectClause
2021-11-19T10:23:48,390|[TRACE] HqlParser - -----------> selectedPropertiesList
2021-11-19T10:23:48,390|[TRACE] HqlParser - -------------> aliasedExpression
2021-11-19T10:23:48,390|[TRACE] HqlParser - ---------------> expression
2021-11-19T10:23:48,390|[TRACE] HqlParser - -----------------> logicalOrExpression
2021-11-19T10:23:48,390|[TRACE] HqlParser - -------------------> logicalAndExpression
2021-11-19T10:23:48,390|[TRACE] HqlParser - ---------------------> negatedExpression
2021-11-19T10:23:48,390|[TRACE] HqlParser - -----------------------> equalityExpression
2021-11-19T10:23:48,390|[TRACE] HqlParser - -------------------------> relationalExpression
2021-11-19T10:23:48,390|[TRACE] HqlParser - ---------------------------> concatenation
2021-11-19T10:23:48,390|[TRACE] HqlParser - -----------------------------> additiveExpression
2021-11-19T10:23:48,390|[TRACE] HqlParser - -------------------------------> multiplyExpression
2021-11-19T10:23:48,390|[TRACE] HqlParser - ---------------------------------> unaryExpression
2021-11-19T10:23:48,390|[TRACE] HqlParser - -----------------------------------> atom
2021-11-19T10:23:48,390|[TRACE] HqlParser - -------------------------------------> primaryExpression
2021-11-19T10:23:48,390|[TRACE] HqlParser - ---------------------------------------> identPrimary
2021-11-19T10:23:48,390|[TRACE] HqlParser - -----------------------------------------> aggregate
2021-11-19T10:23:48,390|[TRACE] HqlParser - -------------------------------------------> path
2021-11-19T10:23:48,390|[TRACE] HqlParser - ---------------------------------------------> identifier
2021-11-19T10:23:48,390|[TRACE] HqlParser - <--------------------------------------------- identifier
2021-11-19T10:23:48,390|[TRACE] HqlParser - <------------------------------------------- path
2021-11-19T10:23:48,390|[TRACE] HqlParser - <----------------------------------------- aggregate
2021-11-19T10:23:48,390|[TRACE] HqlParser - <--------------------------------------- identPrimary
2021-11-19T10:23:48,390|[TRACE] HqlParser - <------------------------------------- primaryExpression
2021-11-19T10:23:48,390|[TRACE] HqlParser - <----------------------------------- atom
2021-11-19T10:23:48,390|[TRACE] HqlParser - <--------------------------------- unaryExpression
2021-11-19T10:23:48,390|[TRACE] HqlParser - <------------------------------- multiplyExpression
2021-11-19T10:23:48,390|[TRACE] HqlParser - <----------------------------- additiveExpression
2021-11-19T10:23:48,390|[TRACE] HqlParser - <--------------------------- concatenation
2021-11-19T10:23:48,390|[TRACE] HqlParser - <------------------------- relationalExpression
2021-11-19T10:23:48,390|[TRACE] HqlParser - <----------------------- equalityExpression
2021-11-19T10:23:48,390|[TRACE] HqlParser - <--------------------- negatedExpression
2021-11-19T10:23:48,390|[TRACE] HqlParser - <------------------- logicalAndExpression
2021-11-19T10:23:48,390|[TRACE] HqlParser - <----------------- logicalOrExpression
2021-11-19T10:23:48,390|[TRACE] HqlParser - <--------------- expression
2021-11-19T10:23:48,390|[TRACE] HqlParser - <------------- aliasedExpression
2021-11-19T10:23:48,390|[TRACE] HqlParser - <----------- selectedPropertiesList
2021-11-19T10:23:48,390|[TRACE] HqlParser - <--------- selectClause
2021-11-19T10:23:48,390|[TRACE] HqlParser - ---------> fromClause
2021-11-19T10:23:48,390|[TRACE] HqlParser - -----------> fromRange
2021-11-19T10:23:48,390|[TRACE] HqlParser - -------------> fromClassOrOuterQueryPath
2021-11-19T10:23:48,390|[TRACE] HqlParser - ---------------> path
2021-11-19T10:23:48,390|[TRACE] HqlParser - -----------------> identifier
2021-11-19T10:23:48,390|[TRACE] HqlParser - <----------------- identifier
2021-11-19T10:23:48,390|[TRACE] HqlParser - -----------------> identifier
2021-11-19T10:23:48,390|[TRACE] HqlParser - <----------------- identifier
2021-11-19T10:23:48,390|[TRACE] HqlParser - -----------------> identifier
2021-11-19T10:23:48,390|[TRACE] HqlParser - <----------------- identifier
2021-11-19T10:23:48,390|[TRACE] HqlParser - <--------------- path
2021-11-19T10:23:48,390|[TRACE] HqlParser - ---------------> asAlias
2021-11-19T10:23:48,390|[TRACE] HqlParser - -----------------> alias
2021-11-19T10:23:48,390|[TRACE] HqlParser - -------------------> identifier
2021-11-19T10:23:48,390|[TRACE] HqlParser - <------------------- identifier
2021-11-19T10:23:48,390|[TRACE] HqlParser - <----------------- alias
2021-11-19T10:23:48,390|[TRACE] HqlParser - <--------------- asAlias
2021-11-19T10:23:48,390|[TRACE] HqlParser - <------------- fromClassOrOuterQueryPath
2021-11-19T10:23:48,390|[TRACE] HqlParser - <----------- fromRange
2021-11-19T10:23:48,390|[TRACE] HqlParser - <--------- fromClause
2021-11-19T10:23:48,390|[TRACE] HqlParser - <------- selectFrom
2021-11-19T10:23:48,390|[TRACE] HqlParser - -------> whereClause
2021-11-19T10:23:48,390|[TRACE] HqlParser - ---------> logicalExpression
2021-11-19T10:23:48,390|[TRACE] HqlParser - -----------> expression
2021-11-19T10:23:48,390|[TRACE] HqlParser - -------------> logicalOrExpression
2021-11-19T10:23:48,390|[TRACE] HqlParser - ---------------> logicalAndExpression
2021-11-19T10:23:48,390|[TRACE] HqlParser - -----------------> negatedExpression
2021-11-19T10:23:48,390|[TRACE] HqlParser - -------------------> equalityExpression
2021-11-19T10:23:48,390|[TRACE] HqlParser - ---------------------> relationalExpression
2021-11-19T10:23:48,390|[TRACE] HqlParser - -----------------------> concatenation
2021-11-19T10:23:48,390|[TRACE] HqlParser - -------------------------> additiveExpression
2021-11-19T10:23:48,390|[TRACE] HqlParser - ---------------------------> multiplyExpression
2021-11-19T10:23:48,390|[TRACE] HqlParser - -----------------------------> unaryExpression
2021-11-19T10:23:48,390|[TRACE] HqlParser - -------------------------------> atom
2021-11-19T10:23:48,390|[TRACE] HqlParser - ---------------------------------> primaryExpression
2021-11-19T10:23:48,390|[TRACE] HqlParser - -----------------------------------> identPrimary
2021-11-19T10:23:48,390|[TRACE] HqlParser - -------------------------------------> identPrimaryBase
2021-11-19T10:23:48,390|[TRACE] HqlParser - ---------------------------------------> identifier
2021-11-19T10:23:48,390|[TRACE] HqlParser - <--------------------------------------- identifier
2021-11-19T10:23:48,390|[TRACE] HqlParser - <------------------------------------- identPrimaryBase
2021-11-19T10:23:48,390|[TRACE] HqlParser - -------------------------------------> identifier
2021-11-19T10:23:48,390|[TRACE] HqlParser - <------------------------------------- identifier
2021-11-19T10:23:48,390|[TRACE] HqlParser - <----------------------------------- identPrimary
2021-11-19T10:23:48,390|[TRACE] HqlParser - <--------------------------------- primaryExpression
2021-11-19T10:23:48,390|[TRACE] HqlParser - <------------------------------- atom
2021-11-19T10:23:48,390|[TRACE] HqlParser - <----------------------------- unaryExpression
2021-11-19T10:23:48,390|[TRACE] HqlParser - <--------------------------- multiplyExpression
2021-11-19T10:23:48,390|[TRACE] HqlParser - <------------------------- additiveExpression
2021-11-19T10:23:48,390|[TRACE] HqlParser - <----------------------- concatenation
2021-11-19T10:23:48,390|[TRACE] HqlParser - <--------------------- relationalExpression
2021-11-19T10:23:48,390|[TRACE] HqlParser - ---------------------> relationalExpression
2021-11-19T10:23:48,390|[TRACE] HqlParser - -----------------------> concatenation
2021-11-19T10:23:48,390|[TRACE] HqlParser - -------------------------> additiveExpression
2021-11-19T10:23:48,390|[TRACE] HqlParser - ---------------------------> multiplyExpression
2021-11-19T10:23:48,391|[TRACE] HqlParser - -----------------------------> unaryExpression
2021-11-19T10:23:48,391|[TRACE] HqlParser - -------------------------------> atom
2021-11-19T10:23:48,391|[TRACE] HqlParser - ---------------------------------> primaryExpression
2021-11-19T10:23:48,391|[TRACE] HqlParser - -----------------------------------> parameter
2021-11-19T10:23:48,391|[TRACE] HqlParser - <----------------------------------- parameter
2021-11-19T10:23:48,391|[TRACE] HqlParser - <--------------------------------- primaryExpression
2021-11-19T10:23:48,391|[TRACE] HqlParser - <------------------------------- atom
2021-11-19T10:23:48,391|[TRACE] HqlParser - <----------------------------- unaryExpression
2021-11-19T10:23:48,391|[TRACE] HqlParser - <--------------------------- multiplyExpression
2021-11-19T10:23:48,391|[TRACE] HqlParser - <------------------------- additiveExpression
2021-11-19T10:23:48,391|[TRACE] HqlParser - <----------------------- concatenation
2021-11-19T10:23:48,391|[TRACE] HqlParser - <--------------------- relationalExpression
2021-11-19T10:23:48,391|[TRACE] HqlParser - <------------------- equalityExpression
2021-11-19T10:23:48,391|[TRACE] HqlParser - <----------------- negatedExpression
2021-11-19T10:23:48,391|[TRACE] HqlParser - <--------------- logicalAndExpression
2021-11-19T10:23:48,391|[TRACE] HqlParser - <------------- logicalOrExpression
2021-11-19T10:23:48,391|[TRACE] HqlParser - <----------- expression
2021-11-19T10:23:48,391|[TRACE] HqlParser - <--------- logicalExpression
2021-11-19T10:23:48,391|[TRACE] HqlParser - <------- whereClause
2021-11-19T10:23:48,391|[TRACE] HqlParser - <----- queryRule
2021-11-19T10:23:48,391|[TRACE] HqlParser - <--- selectStatement
2021-11-19T10:23:48,391|[TRACE] HqlParser - <- statement
2021-11-19T10:23:48,391|[DEBUG] ErrorTracker - throwQueryException() : no errors
2021-11-19T10:23:48,391|[DEBUG] QueryTranslatorImpl - --- HQL AST ---
 \-[QUERY] Node: 'query'
    +-[SELECT_FROM] Node: 'SELECT_FROM'
    |  +-[FROM] Node: 'from'
    |  |  \-[RANGE] Node: 'RANGE'
    |  |     +-[DOT] Node: '.'
    |  |     |  +-[DOT] Node: '.'
    |  |     |  |  +-[IDENT] Node: 'bloodbank'
    |  |     |  |  \-[IDENT] Node: 'entity'
    |  |     |  \-[IDENT] Node: 'Address'
    |  |     \-[ALIAS] Node: 'generatedAlias0'
    |  \-[SELECT] Node: 'select'
    |     \-[COUNT] Node: 'count'
    |        \-[IDENT] Node: 'generatedAlias0'
    \-[WHERE] Node: 'where'
       \-[EQ] Node: '='
          +-[DOT] Node: '.'
          |  +-[IDENT] Node: 'generatedAlias0'
          |  \-[IDENT] Node: 'id'
          \-[COLON] Node: ':'
             \-[IDENT] Node: 'id'

2021-11-19T10:23:48,391|[DEBUG] HqlSqlBaseWalker - select << begin [level=1, statement=select]
2021-11-19T10:23:48,391|[DEBUG] FromElement - FromClause{level=1} : bloodbank.entity.Address (generatedAlias0) -> address0_
2021-11-19T10:23:48,391|[DEBUG] FromReferenceNode - Resolved : generatedAlias0 -> address0_.address_id
2021-11-19T10:23:48,391|[DEBUG] FromReferenceNode - Resolved : generatedAlias0 -> address0_.address_id
2021-11-19T10:23:48,397|[TRACE] FromElement - Handling property dereference [bloodbank.entity.Address (generatedAlias0) -> id (class)]
2021-11-19T10:23:48,397|[DEBUG] DotNode - getDataType() : id -> org.hibernate.type.IntegerType@6892cc6f
2021-11-19T10:23:48,397|[DEBUG] FromReferenceNode - Resolved : generatedAlias0.id -> address0_.address_id
2021-11-19T10:23:48,397|[DEBUG] HqlSqlBaseWalker - select : finishing up [level=1, statement=select]
2021-11-19T10:23:48,397|[DEBUG] HqlSqlWalker - processQuery() :  ( SELECT ( {select clause} ( count address0_.address_id ) ) ( FromClause{level=1} address address0_ ) ( where ( = ( address0_.address_id address0_.address_id id ) ? ) ) )
2021-11-19T10:23:48,397|[DEBUG] JoinProcessor - Tables referenced from query nodes:
 \-QueryNode
    +-SelectClause
    |  +-CountNode
    |  |  \-IdentNode
    |  |    persister: SingleTableEntityPersister(bloodbank.entity.Address)
    |  |    originalText: generatedAlias0
    |  \-SqlNode
    +-FromClause
    |  \-FromElement
    \-SqlNode
       \-BinaryLogicOperatorNode
          +-DotNode
          | persister: SingleTableEntityPersister(bloodbank.entity.Address)
          | path: generatedAlias0.id
          |  +-IdentNode
          |  | persister: SingleTableEntityPersister(bloodbank.entity.Address)
          |  | originalText: generatedAlias0
          |  \-IdentNode
          |    persister: null
          |    originalText: id
          \-ParameterNode

2021-11-19T10:23:48,397|[DEBUG] JoinProcessor - Using FROM fragment [address address0_]
2021-11-19T10:23:48,397|[DEBUG] HqlSqlBaseWalker - select >> end [level=1, statement=select]
2021-11-19T10:23:48,397|[DEBUG] QueryTranslatorImpl - --- SQL AST ---
 \-[SELECT] QueryNode: 'SELECT'  querySpaces (address)
    +-[SELECT_CLAUSE] SelectClause: '{select clause}'
    |  +-[COUNT] CountNode: 'count'
    |  |  \-[ALIAS_REF] IdentNode: 'address0_.address_id' {alias=generatedAlias0, className=bloodbank.entity.Address, tableAlias=address0_}
    |  \-[SELECT_COLUMNS] SqlNode: ' as col_0_0_'
    +-[FROM] FromClause: 'from' FromClause{level=1, fromElementCounter=1, fromElements=1, fromElementByClassAlias=[generatedAlias0], fromElementByTableAlias=[address0_], fromElementsByPath=[], collectionJoinFromElementsByPath=[], impliedElements=[]}
    |  \-[FROM_FRAGMENT] FromElement: 'address address0_' FromElement{explicit,not a collection join,not a fetch join,fetch non-lazy properties,classAlias=generatedAlias0,role=null,tableName=address,tableAlias=address0_,origin=null,columns={,className=bloodbank.entity.Address}}
    \-[WHERE] SqlNode: 'where'
       \-[EQ] BinaryLogicOperatorNode: '='
          +-[DOT] DotNode: 'address0_.address_id' {propertyName=id,dereferenceType=PRIMITIVE,getPropertyPath=id,path=generatedAlias0.id,tableAlias=address0_,className=bloodbank.entity.Address,classAlias=generatedAlias0}
          |  +-[ALIAS_REF] IdentNode: 'address0_.address_id' {alias=generatedAlias0, className=bloodbank.entity.Address, tableAlias=address0_}
          |  \-[IDENT] IdentNode: 'id' {originalText=id}
          \-[NAMED_PARAM] ParameterNode: '?' {name=id, expectedType=org.hibernate.type.IntegerType@6892cc6f}

2021-11-19T10:23:48,397|[DEBUG] ErrorTracker - throwQueryException() : no errors
2021-11-19T10:23:48,397|[DEBUG] QueryTranslatorImpl - HQL: select count(generatedAlias0) from bloodbank.entity.Address as generatedAlias0 where generatedAlias0.id=:id
2021-11-19T10:23:48,397|[DEBUG] QueryTranslatorImpl - SQL: select count(address0_.address_id) as col_0_0_ from address address0_ where address0_.address_id=?
2021-11-19T10:23:48,397|[DEBUG] ErrorTracker - throwQueryException() : no errors
2021-11-19T10:23:48,397|[TRACE] QueryPlanCache - Located HQL query plan in cache (select count(generatedAlias0) from Address as generatedAlias0 where generatedAlias0.id=:id)
2021-11-19T10:23:48,397|[TRACE] QueryPlanCache - Located HQL query plan in cache (select count(generatedAlias0) from Address as generatedAlias0 where generatedAlias0.id=:id)
2021-11-19T10:23:48,397|[TRACE] HQLQueryPlan - Find: select count(generatedAlias0) from Address as generatedAlias0 where generatedAlias0.id=:id
2021-11-19T10:23:48,397|[TRACE] QueryParameters - Named parameters: {id=1}
2021-11-19T10:23:48,398|[DEBUG] SQL - 
    /* select
        count(generatedAlias0) 
    from
        Address as generatedAlias0 
    where
        generatedAlias0.id=:id */ select
            count(address0_.address_id) as col_0_0_ 
        from
            address address0_ 
        where
            address0_.address_id=?
2021-11-19T10:23:48,398|[TRACE] ResourceRegistryStandardImpl - Registering statement [com.mysql.cj.jdbc.ClientPreparedStatement: /* select count(generatedAlias0) from Address as generatedAlias0 where generatedAlias0.id=:id */ select count(address0_.address_id) as col_0_0_ from address address0_ where address0_.address_id=** NOT SPECIFIED **]
2021-11-19T10:23:48,398|[TRACE] JdbcCoordinatorImpl - Registering last query statement [com.mysql.cj.jdbc.ClientPreparedStatement: /* select count(generatedAlias0) from Address as generatedAlias0 where generatedAlias0.id=:id */ select count(address0_.address_id) as col_0_0_ from address address0_ where address0_.address_id=** NOT SPECIFIED **]
2021-11-19T10:23:48,398|[TRACE] BasicBinder - binding parameter [1] as [INTEGER] - [1]
2021-11-19T10:23:48,398|[TRACE] Loader - Bound [2] parameters total
2021-11-19T10:23:48,399|[TRACE] ResourceRegistryStandardImpl - Registering result set [com.mysql.cj.jdbc.result.ResultSetImpl@664254b6]
2021-11-19T10:23:48,399|[TRACE] Loader - Processing result set
2021-11-19T10:23:48,399|[DEBUG] Loader - Result set row: 0
2021-11-19T10:23:48,399|[DEBUG] Loader - Result row: 
2021-11-19T10:23:48,399|[TRACE] BasicExtractor - extracted value ([col_0_0_] : [BIGINT]) - [1]
2021-11-19T10:23:48,399|[TRACE] Loader - Done processing result set (1 rows)
2021-11-19T10:23:48,399|[TRACE] ResourceRegistryStandardImpl - Releasing statement [com.mysql.cj.jdbc.ClientPreparedStatement: /* select count(generatedAlias0) from Address as generatedAlias0 where generatedAlias0.id=:id */ select count(address0_.address_id) as col_0_0_ from address address0_ where address0_.address_id=1]
2021-11-19T10:23:48,399|[TRACE] ResourceRegistryStandardImpl - Closing result set [com.mysql.cj.jdbc.result.ResultSetImpl@664254b6]
2021-11-19T10:23:48,399|[TRACE] ResourceRegistryStandardImpl - Closing prepared statement [com.mysql.cj.jdbc.ClientPreparedStatement: /* select count(generatedAlias0) from Address as generatedAlias0 where generatedAlias0.id=:id */ select count(address0_.address_id) as col_0_0_ from address address0_ where address0_.address_id=1]
2021-11-19T10:23:48,399|[TRACE] JdbcCoordinatorImpl - Starting after statement execution processing [AFTER_TRANSACTION]
2021-11-19T10:23:48,399|[TRACE] StatefulPersistenceContext - Initializing non-lazy collections
2021-11-19T10:23:48,399|[TRACE] AbstractLogicalConnectionImplementor - LogicalConnection#afterTransaction
2021-11-19T10:23:48,399|[TRACE] ResourceRegistryStandardImpl - Releasing JDBC resources
2021-11-19T10:23:48,399|[DEBUG] LogicalConnectionManagedImpl - Initiating JDBC connection release from afterTransaction
2021-11-19T10:23:48,399|[TRACE] ResourceRegistryStandardImpl - Releasing JDBC resources
2021-11-19T10:23:48,399|[TRACE] SessionImpl - Closing session [4089da5a-0fb5-4100-a4bd-a287a3be88b7]
2021-11-19T10:23:48,399|[TRACE] JdbcCoordinatorImpl - Closing JDBC container [org.hibernate.engine.jdbc.internal.JdbcCoordinatorImpl@714b6999]
2021-11-19T10:23:48,399|[TRACE] ResourceRegistryStandardImpl - Releasing JDBC resources
2021-11-19T10:23:48,399|[TRACE] LogicalConnectionManagedImpl - Closing logical connection
2021-11-19T10:23:48,399|[TRACE] LogicalConnectionManagedImpl - Logical connection closed
]]></system-out>
  </testcase>
  <testcase name="testDelete" classname="bloodbank.entity.TestCRUDContactOriginal" time="0.032">
    <system-out><![CDATA[2021-11-19T10:23:48,434|[TRACE] SessionFactoryImpl$SessionBuilderImpl - Opening Hibernate Session.  tenant=null
2021-11-19T10:23:48,434|[TRACE] SessionImpl - Opened Session [af64d3ed-dcc7-4da0-adce-508252ddf4b5] at timestamp: 1637335428434
2021-11-19T10:23:48,434|[DEBUG] TransactionImpl - On TransactionImpl creation, JpaCompliance#isJpaTransactionComplianceEnabled == false
2021-11-19T10:23:48,434|[DEBUG] CriteriaQueryImpl - Rendered criteria query -> select generatedAlias0 from Contact as generatedAlias0 where generatedAlias0.id=:id
2021-11-19T10:23:48,434|[TRACE] QueryPlanCache - Located HQL query plan in cache (select generatedAlias0 from Contact as generatedAlias0 where generatedAlias0.id=:id)
2021-11-19T10:23:48,434|[TRACE] QueryPlanCache - Located HQL query plan in cache (select generatedAlias0 from Contact as generatedAlias0 where generatedAlias0.id=:id)
2021-11-19T10:23:48,434|[TRACE] QueryPlanCache - Located HQL query plan in cache (select generatedAlias0 from Contact as generatedAlias0 where generatedAlias0.id=:id)
2021-11-19T10:23:48,434|[TRACE] HQLQueryPlan - Find: select generatedAlias0 from Contact as generatedAlias0 where generatedAlias0.id=:id
2021-11-19T10:23:48,434|[TRACE] QueryParameters - Named parameters: {id=component[personId,phoneId]{phoneId=1, personId=1}}
2021-11-19T10:23:48,434|[DEBUG] SQL - 
    /* select
        generatedAlias0 
    from
        Contact as generatedAlias0 
    where
        generatedAlias0.id=:id */ select
            contact0_.person_id as person_i1_3_,
            contact0_.phone_id as phone_id2_3_,
            contact0_.created as created3_3_,
            contact0_.updated as updated4_3_,
            contact0_.version as version5_3_,
            contact0_.address_id as address_8_3_,
            contact0_.contact_type as contact_6_3_,
            contact0_.email as email7_3_ 
        from
            contact contact0_ 
        where
            (
                contact0_.person_id, contact0_.phone_id
            )=(
                ?, ?
            )
2021-11-19T10:23:48,435|[TRACE] ResourceRegistryStandardImpl - Registering statement [com.mysql.cj.jdbc.ClientPreparedStatement: /* select generatedAlias0 from Contact as generatedAlias0 where generatedAlias0.id=:id */ select contact0_.person_id as person_i1_3_, contact0_.phone_id as phone_id2_3_, contact0_.created as created3_3_, contact0_.updated as updated4_3_, contact0_.version as version5_3_, contact0_.address_id as address_8_3_, contact0_.contact_type as contact_6_3_, contact0_.email as email7_3_ from contact contact0_ where (contact0_.person_id, contact0_.phone_id)=(** NOT SPECIFIED **, ** NOT SPECIFIED **)]
2021-11-19T10:23:48,435|[TRACE] JdbcCoordinatorImpl - Registering last query statement [com.mysql.cj.jdbc.ClientPreparedStatement: /* select generatedAlias0 from Contact as generatedAlias0 where generatedAlias0.id=:id */ select contact0_.person_id as person_i1_3_, contact0_.phone_id as phone_id2_3_, contact0_.created as created3_3_, contact0_.updated as updated4_3_, contact0_.version as version5_3_, contact0_.address_id as address_8_3_, contact0_.contact_type as contact_6_3_, contact0_.email as email7_3_ from contact contact0_ where (contact0_.person_id, contact0_.phone_id)=(** NOT SPECIFIED **, ** NOT SPECIFIED **)]
2021-11-19T10:23:48,435|[TRACE] BasicBinder - binding parameter [1] as [INTEGER] - [1]
2021-11-19T10:23:48,435|[TRACE] BasicBinder - binding parameter [2] as [INTEGER] - [1]
2021-11-19T10:23:48,435|[TRACE] Loader - Bound [3] parameters total
2021-11-19T10:23:48,436|[TRACE] ResourceRegistryStandardImpl - Registering result set [com.mysql.cj.jdbc.result.ResultSetImpl@7acb5200]
2021-11-19T10:23:48,436|[TRACE] Loader - Processing result set
2021-11-19T10:23:48,436|[DEBUG] Loader - Result set row: 0
2021-11-19T10:23:48,436|[TRACE] BasicExtractor - extracted value ([person_i1_3_] : [INTEGER]) - [1]
2021-11-19T10:23:48,436|[TRACE] BasicExtractor - extracted value ([phone_id2_3_] : [INTEGER]) - [1]
2021-11-19T10:23:48,436|[DEBUG] Loader - Result row: EntityKey[bloodbank.entity.Contact#component[personId,phoneId]{phoneId=1, personId=1}]
2021-11-19T10:23:48,436|[TRACE] Loader - Initializing object from ResultSet: [bloodbank.entity.Contact#component[personId,phoneId]{phoneId=1, personId=1}]
2021-11-19T10:23:48,436|[TRACE] AbstractEntityPersister - Hydrating entity: [bloodbank.entity.Contact#component[personId,phoneId]{phoneId=1, personId=1}]
2021-11-19T10:23:48,436|[TRACE] BasicExtractor - extracted value ([created3_3_] : [BIGINT]) - [1637335428381]
2021-11-19T10:23:48,436|[TRACE] BasicExtractor - extracted value ([updated4_3_] : [BIGINT]) - [1637335428269]
2021-11-19T10:23:48,436|[TRACE] BasicExtractor - extracted value ([version5_3_] : [INTEGER]) - [2]
2021-11-19T10:23:48,436|[TRACE] BasicExtractor - extracted value ([address_8_3_] : [INTEGER]) - [null]
2021-11-19T10:23:48,436|[TRACE] BasicExtractor - extracted value ([contact_6_3_] : [VARCHAR]) - [Work]
2021-11-19T10:23:48,437|[TRACE] BasicExtractor - extracted value ([email7_3_] : [VARCHAR]) - [test3@test3.com]
2021-11-19T10:23:48,437|[TRACE] BasicExtractor - extracted value ([person_i1_3_] : [INTEGER]) - [1]
2021-11-19T10:23:48,437|[TRACE] BasicExtractor - extracted value ([phone_id2_3_] : [INTEGER]) - [1]
2021-11-19T10:23:48,437|[TRACE] TwoPhaseLoad - Version: 2
2021-11-19T10:23:48,437|[TRACE] Loader - Done processing result set (1 rows)
2021-11-19T10:23:48,437|[TRACE] Loader - Total objects hydrated: 1
2021-11-19T10:23:48,437|[DEBUG] TwoPhaseLoad - Resolving attributes for [bloodbank.entity.Contact#component[personId,phoneId]{phoneId=1, personId=1}]
2021-11-19T10:23:48,437|[DEBUG] TwoPhaseLoad - Processing attribute `epochCreated` : value = 1637335428381
2021-11-19T10:23:48,437|[DEBUG] TwoPhaseLoad - Attribute (`epochCreated`)  - enhanced for lazy-loading? - false
2021-11-19T10:23:48,437|[DEBUG] TwoPhaseLoad - Processing attribute `epochUpdated` : value = 1637335428269
2021-11-19T10:23:48,437|[DEBUG] TwoPhaseLoad - Attribute (`epochUpdated`)  - enhanced for lazy-loading? - false
2021-11-19T10:23:48,437|[DEBUG] TwoPhaseLoad - Processing attribute `version` : value = 2
2021-11-19T10:23:48,437|[DEBUG] TwoPhaseLoad - Attribute (`version`)  - enhanced for lazy-loading? - false
2021-11-19T10:23:48,437|[DEBUG] TwoPhaseLoad - Processing attribute `address` : value = null
2021-11-19T10:23:48,437|[DEBUG] TwoPhaseLoad - Attribute (`address`)  - enhanced for lazy-loading? - false
2021-11-19T10:23:48,437|[DEBUG] TwoPhaseLoad - Processing attribute `contactType` : value = Work
2021-11-19T10:23:48,437|[DEBUG] TwoPhaseLoad - Attribute (`contactType`)  - enhanced for lazy-loading? - false
2021-11-19T10:23:48,437|[DEBUG] TwoPhaseLoad - Processing attribute `email` : value = test3@test3.com
2021-11-19T10:23:48,437|[DEBUG] TwoPhaseLoad - Attribute (`email`)  - enhanced for lazy-loading? - false
2021-11-19T10:23:48,437|[DEBUG] TwoPhaseLoad - Processing attribute `owner` : value = 1
2021-11-19T10:23:48,437|[DEBUG] TwoPhaseLoad - Attribute (`owner`)  - enhanced for lazy-loading? - false
2021-11-19T10:23:48,437|[TRACE] DefaultLoadEventListener - Loading entity: [bloodbank.entity.Person#1]
2021-11-19T10:23:48,437|[TRACE] DefaultLoadEventListener - Creating new proxy for entity
2021-11-19T10:23:48,437|[DEBUG] TwoPhaseLoad - Processing attribute `phone` : value = 1
2021-11-19T10:23:48,437|[DEBUG] TwoPhaseLoad - Attribute (`phone`)  - enhanced for lazy-loading? - false
2021-11-19T10:23:48,437|[TRACE] DefaultLoadEventListener - Loading entity: [bloodbank.entity.Phone#1]
2021-11-19T10:23:48,437|[TRACE] DefaultLoadEventListener - Creating new proxy for entity
2021-11-19T10:23:48,437|[DEBUG] TwoPhaseLoad - Done materializing entity [bloodbank.entity.Contact#component[personId,phoneId]{phoneId=1, personId=1}]
2021-11-19T10:23:48,437|[TRACE] ResourceRegistryStandardImpl - Releasing statement [com.mysql.cj.jdbc.ClientPreparedStatement: /* select generatedAlias0 from Contact as generatedAlias0 where generatedAlias0.id=:id */ select contact0_.person_id as person_i1_3_, contact0_.phone_id as phone_id2_3_, contact0_.created as created3_3_, contact0_.updated as updated4_3_, contact0_.version as version5_3_, contact0_.address_id as address_8_3_, contact0_.contact_type as contact_6_3_, contact0_.email as email7_3_ from contact contact0_ where (contact0_.person_id, contact0_.phone_id)=(1, 1)]
2021-11-19T10:23:48,437|[TRACE] ResourceRegistryStandardImpl - Closing result set [com.mysql.cj.jdbc.result.ResultSetImpl@7acb5200]
2021-11-19T10:23:48,437|[TRACE] ResourceRegistryStandardImpl - Closing prepared statement [com.mysql.cj.jdbc.ClientPreparedStatement: /* select generatedAlias0 from Contact as generatedAlias0 where generatedAlias0.id=:id */ select contact0_.person_id as person_i1_3_, contact0_.phone_id as phone_id2_3_, contact0_.created as created3_3_, contact0_.updated as updated4_3_, contact0_.version as version5_3_, contact0_.address_id as address_8_3_, contact0_.contact_type as contact_6_3_, contact0_.email as email7_3_ from contact contact0_ where (contact0_.person_id, contact0_.phone_id)=(1, 1)]
2021-11-19T10:23:48,437|[TRACE] JdbcCoordinatorImpl - Starting after statement execution processing [AFTER_TRANSACTION]
2021-11-19T10:23:48,437|[TRACE] StatefulPersistenceContext - Initializing non-lazy collections
2021-11-19T10:23:48,437|[TRACE] AbstractLogicalConnectionImplementor - LogicalConnection#afterTransaction
2021-11-19T10:23:48,437|[TRACE] ResourceRegistryStandardImpl - Releasing JDBC resources
2021-11-19T10:23:48,437|[DEBUG] LogicalConnectionManagedImpl - Initiating JDBC connection release from afterTransaction
2021-11-19T10:23:48,438|[TRACE] ResourceRegistryStandardImpl - Releasing JDBC resources
2021-11-19T10:23:48,438|[DEBUG] TransactionImpl - begin
2021-11-19T10:23:48,438|[TRACE] AbstractLogicalConnectionImplementor - Preparing to begin transaction via JDBC Connection.setAutoCommit(false)
2021-11-19T10:23:48,438|[TRACE] AbstractLogicalConnectionImplementor - Transaction begun via JDBC Connection.setAutoCommit(false)
2021-11-19T10:23:48,438|[TRACE] JdbcResourceLocalTransactionCoordinatorImpl - ResourceLocalTransactionCoordinatorImpl#afterBeginCallback
2021-11-19T10:23:48,438|[TRACE] VersionValue - Version unsaved-value strategy UNDEFINED
2021-11-19T10:23:48,438|[TRACE] IdentifierValue - ID unsaved-value strategy UNDEFINED
2021-11-19T10:23:48,438|[TRACE] EntityState - Transient instance of: bloodbank.entity.Contact
2021-11-19T10:23:48,438|[TRACE] DefaultPersistEventListener - Saving transient instance
2021-11-19T10:23:48,439|[TRACE] VersionValue - Version unsaved-value strategy UNDEFINED
2021-11-19T10:23:48,439|[TRACE] IdentifierValue - ID unsaved-value: 0
2021-11-19T10:23:48,439|[DEBUG] ForeignGenerator - ForeignGenerator detected a transient entity [bloodbank.entity.Phone]
2021-11-19T10:23:48,439|[TRACE] DefaultSaveOrUpdateEventListener - Saving transient instance
2021-11-19T10:23:48,439|[TRACE] AbstractSaveEventListener - Saving [bloodbank.entity.Phone#<null>]
2021-11-19T10:23:48,439|[TRACE] Cascade - Processing cascade ACTION_SAVE_UPDATE for: bloodbank.entity.Phone
2021-11-19T10:23:48,439|[TRACE] Cascade - Done processing cascade ACTION_SAVE_UPDATE for: bloodbank.entity.Phone
2021-11-19T10:23:48,439|[TRACE] Versioning - Using initial version: 0
2021-11-19T10:23:48,439|[TRACE] WrapVisitor - Wrapped collection in role: bloodbank.entity.Phone.contacts
2021-11-19T10:23:48,439|[TRACE] ActionQueue - Adding an EntityIdentityInsertAction for [bloodbank.entity.Phone] object
2021-11-19T10:23:48,439|[TRACE] ActionQueue - Executing inserts before finding non-nullable transient entities for early insert: [EntityIdentityInsertAction[bloodbank.entity.Phone#<null>]]
2021-11-19T10:23:48,439|[TRACE] ActionQueue - Adding insert with no non-nullable, transient entities: [EntityIdentityInsertAction[bloodbank.entity.Phone#<null>]]
2021-11-19T10:23:48,439|[TRACE] ActionQueue - Executing insertions before resolved early-insert
2021-11-19T10:23:48,439|[DEBUG] ActionQueue - Executing identity-insert immediately
2021-11-19T10:23:48,439|[TRACE] AbstractEntityPersister - Inserting entity: bloodbank.entity.Phone (native id)
2021-11-19T10:23:48,439|[TRACE] AbstractEntityPersister - Version: 0
2021-11-19T10:23:48,439|[DEBUG] SQL - 
    /* insert bloodbank.entity.Phone
        */ insert 
        into
            phone
            (created, updated, version, area_code, country_code, number) 
        values
            (?, ?, ?, ?, ?, ?)
2021-11-19T10:23:48,440|[TRACE] ResourceRegistryStandardImpl - Registering statement [com.mysql.cj.jdbc.ClientPreparedStatement: /* insert bloodbank.entity.Phone */ insert into phone (created, updated, version, area_code, country_code, number) values (** NOT SPECIFIED **, ** NOT SPECIFIED **, ** NOT SPECIFIED **, ** NOT SPECIFIED **, ** NOT SPECIFIED **, ** NOT SPECIFIED **)]
2021-11-19T10:23:48,440|[TRACE] AbstractEntityPersister - Dehydrating entity: [bloodbank.entity.Phone#<null>]
2021-11-19T10:23:48,440|[TRACE] BasicBinder - binding parameter [1] as [BIGINT] - [1637335428439]
2021-11-19T10:23:48,440|[TRACE] BasicBinder - binding parameter [2] as [BIGINT] - [1637335428439]
2021-11-19T10:23:48,440|[TRACE] BasicBinder - binding parameter [3] as [INTEGER] - [0]
2021-11-19T10:23:48,440|[TRACE] BasicBinder - binding parameter [4] as [VARCHAR] - [673]
2021-11-19T10:23:48,440|[TRACE] BasicBinder - binding parameter [5] as [VARCHAR] - [2]
2021-11-19T10:23:48,440|[TRACE] BasicBinder - binding parameter [6] as [VARCHAR] - [9845385]
2021-11-19T10:23:48,441|[DEBUG] IdentifierGeneratorHelper - Natively generated identity: 2
2021-11-19T10:23:48,441|[TRACE] ResourceRegistryStandardImpl - Releasing result set [com.mysql.cj.jdbc.result.ResultSetImpl@727f36dd]
2021-11-19T10:23:48,441|[TRACE] ResourceRegistryStandardImpl - Closing result set [com.mysql.cj.jdbc.result.ResultSetImpl@727f36dd]
2021-11-19T10:23:48,441|[TRACE] ResourceRegistryStandardImpl - Releasing statement [com.mysql.cj.jdbc.ClientPreparedStatement: /* insert bloodbank.entity.Phone */ insert into phone (created, updated, version, area_code, country_code, number) values (1637335428439, 1637335428439, 0, '673', '2', '9845385')]
2021-11-19T10:23:48,441|[DEBUG] ResourceRegistryStandardImpl - HHH000387: ResultSet's statement was not registered
2021-11-19T10:23:48,441|[TRACE] ResourceRegistryStandardImpl - Closing prepared statement [com.mysql.cj.jdbc.ClientPreparedStatement: /* insert bloodbank.entity.Phone */ insert into phone (created, updated, version, area_code, country_code, number) values (1637335428439, 1637335428439, 0, '673', '2', '9845385')]
2021-11-19T10:23:48,441|[TRACE] JdbcCoordinatorImpl - Starting after statement execution processing [AFTER_TRANSACTION]
2021-11-19T10:23:48,441|[TRACE] Cascade - Processing cascade ACTION_SAVE_UPDATE for: bloodbank.entity.Phone
2021-11-19T10:23:48,441|[TRACE] Cascade - Done processing cascade ACTION_SAVE_UPDATE for: bloodbank.entity.Phone
2021-11-19T10:23:48,441|[DEBUG] AbstractSaveEventListener - Generated identifier: component[personId,phoneId]{phoneId=2, personId=1}, using strategy: org.hibernate.id.CompositeNestedGeneratedValueGenerator
2021-11-19T10:23:48,441|[TRACE] AbstractSaveEventListener - Saving [bloodbank.entity.Contact#component[personId,phoneId]{phoneId=2, personId=1}]
2021-11-19T10:23:48,441|[TRACE] Cascade - Processing cascade ACTION_PERSIST for: bloodbank.entity.Contact
2021-11-19T10:23:48,441|[TRACE] CascadingAction - Cascading to persist: bloodbank.entity.Person
2021-11-19T10:23:48,441|[TRACE] CascadingAction - Cascading to persist: bloodbank.entity.Phone
2021-11-19T10:23:48,442|[TRACE] EntityState - Persistent instance of: bloodbank.entity.Phone
2021-11-19T10:23:48,442|[TRACE] DefaultPersistEventListener - Ignoring persistent instance
2021-11-19T10:23:48,442|[TRACE] Cascade - Processing cascade ACTION_PERSIST for: bloodbank.entity.Phone
2021-11-19T10:23:48,442|[TRACE] Cascade - Done processing cascade ACTION_PERSIST for: bloodbank.entity.Phone
2021-11-19T10:23:48,442|[TRACE] Cascade - Processing cascade ACTION_PERSIST for: bloodbank.entity.Phone
2021-11-19T10:23:48,442|[TRACE] Cascade - Cascade ACTION_PERSIST for collection: bloodbank.entity.Phone.contacts
2021-11-19T10:23:48,442|[TRACE] Cascade - Done cascade ACTION_PERSIST for collection: bloodbank.entity.Phone.contacts
2021-11-19T10:23:48,442|[TRACE] Cascade - Done processing cascade ACTION_PERSIST for: bloodbank.entity.Phone
2021-11-19T10:23:48,442|[TRACE] Cascade - Done processing cascade ACTION_PERSIST for: bloodbank.entity.Contact
2021-11-19T10:23:48,442|[TRACE] Versioning - Using initial version: 0
2021-11-19T10:23:48,442|[TRACE] ActionQueue - Adding an EntityInsertAction for [bloodbank.entity.Contact] object
2021-11-19T10:23:48,442|[TRACE] ActionQueue - Adding insert with no non-nullable, transient entities: [EntityInsertAction[bloodbank.entity.Contact#[Person.id:1, Phone.id:2]]]
2021-11-19T10:23:48,442|[TRACE] ActionQueue - Adding resolved non-early insert action.
2021-11-19T10:23:48,442|[TRACE] Cascade - Processing cascade ACTION_PERSIST for: bloodbank.entity.Contact
2021-11-19T10:23:48,442|[TRACE] Cascade - Done processing cascade ACTION_PERSIST for: bloodbank.entity.Contact
2021-11-19T10:23:48,442|[DEBUG] TransactionImpl - committing
2021-11-19T10:23:48,442|[TRACE] JdbcResourceLocalTransactionCoordinatorImpl - ResourceLocalTransactionCoordinatorImpl#beforeCompletionCallback
2021-11-19T10:23:48,442|[TRACE] SessionImpl - SessionImpl#beforeTransactionCompletion()
2021-11-19T10:23:48,442|[TRACE] SessionImpl - Automatically flushing session
2021-11-19T10:23:48,442|[TRACE] AbstractFlushingEventListener - Flushing session
2021-11-19T10:23:48,442|[DEBUG] AbstractFlushingEventListener - Processing flush-time cascades
2021-11-19T10:23:48,442|[TRACE] Cascade - Processing cascade ACTION_PERSIST_ON_FLUSH for: bloodbank.entity.Contact
2021-11-19T10:23:48,442|[TRACE] CascadingAction - Cascading to persist on flush: bloodbank.entity.Person
2021-11-19T10:23:48,442|[TRACE] CascadingAction - Cascading to persist on flush: bloodbank.entity.Phone
2021-11-19T10:23:48,442|[TRACE] Cascade - Done processing cascade ACTION_PERSIST_ON_FLUSH for: bloodbank.entity.Contact
2021-11-19T10:23:48,442|[TRACE] Cascade - Processing cascade ACTION_PERSIST_ON_FLUSH for: bloodbank.entity.Phone
2021-11-19T10:23:48,442|[TRACE] Cascade - Cascade ACTION_PERSIST_ON_FLUSH for collection: bloodbank.entity.Phone.contacts
2021-11-19T10:23:48,442|[TRACE] Cascade - Done cascade ACTION_PERSIST_ON_FLUSH for collection: bloodbank.entity.Phone.contacts
2021-11-19T10:23:48,442|[TRACE] Cascade - Done processing cascade ACTION_PERSIST_ON_FLUSH for: bloodbank.entity.Phone
2021-11-19T10:23:48,442|[TRACE] Cascade - Processing cascade ACTION_PERSIST_ON_FLUSH for: bloodbank.entity.Contact
2021-11-19T10:23:48,442|[TRACE] CascadingAction - Cascading to persist on flush: bloodbank.entity.Person
2021-11-19T10:23:48,442|[TRACE] CascadingAction - Cascading to persist on flush: bloodbank.entity.Phone
2021-11-19T10:23:48,442|[TRACE] EntityState - Persistent instance of: bloodbank.entity.Phone
2021-11-19T10:23:48,442|[TRACE] DefaultPersistEventListener - Ignoring persistent instance
2021-11-19T10:23:48,442|[TRACE] Cascade - Processing cascade ACTION_PERSIST_ON_FLUSH for: bloodbank.entity.Phone
2021-11-19T10:23:48,442|[TRACE] Cascade - Done processing cascade ACTION_PERSIST_ON_FLUSH for: bloodbank.entity.Phone
2021-11-19T10:23:48,442|[TRACE] Cascade - Processing cascade ACTION_PERSIST_ON_FLUSH for: bloodbank.entity.Phone
2021-11-19T10:23:48,442|[TRACE] Cascade - Cascade ACTION_PERSIST_ON_FLUSH for collection: bloodbank.entity.Phone.contacts
2021-11-19T10:23:48,442|[TRACE] Cascade - Done cascade ACTION_PERSIST_ON_FLUSH for collection: bloodbank.entity.Phone.contacts
2021-11-19T10:23:48,442|[TRACE] Cascade - Done processing cascade ACTION_PERSIST_ON_FLUSH for: bloodbank.entity.Phone
2021-11-19T10:23:48,442|[TRACE] Cascade - Done processing cascade ACTION_PERSIST_ON_FLUSH for: bloodbank.entity.Contact
2021-11-19T10:23:48,442|[DEBUG] AbstractFlushingEventListener - Dirty checking collections
2021-11-19T10:23:48,442|[TRACE] AbstractFlushingEventListener - Flushing entities and processing referenced collections
2021-11-19T10:23:48,442|[DEBUG] Collections - Collection found: [bloodbank.entity.Phone.contacts#2], was: [<unreferenced>] (initialized)
2021-11-19T10:23:48,442|[TRACE] AbstractFlushingEventListener - Processing unreferenced collections
2021-11-19T10:23:48,442|[TRACE] AbstractFlushingEventListener - Scheduling collection removes/(re)creates/updates
2021-11-19T10:23:48,442|[DEBUG] AbstractFlushingEventListener - Flushed: 1 insertions, 0 updates, 0 deletions to 3 objects
2021-11-19T10:23:48,442|[DEBUG] AbstractFlushingEventListener - Flushed: 1 (re)creations, 0 updates, 0 removals to 1 collections
2021-11-19T10:23:48,442|[DEBUG] EntityPrinter - Listing entities:
2021-11-19T10:23:48,442|[DEBUG] EntityPrinter - bloodbank.entity.Contact{owner=<uninitialized>, address=null, phone=<uninitialized>, contactType=Work, id=component[personId,phoneId]{phoneId=1, personId=1}, epochCreated=1637335428381, version=2, email=test3@test3.com, epochUpdated=1637335428269}
2021-11-19T10:23:48,442|[DEBUG] EntityPrinter - bloodbank.entity.Phone{number=9845385, areaCode=673, countryCode=2, id=2, epochCreated=1637335428439, version=0, contacts=[], epochUpdated=1637335428439}
2021-11-19T10:23:48,442|[DEBUG] EntityPrinter - bloodbank.entity.Contact{owner=<uninitialized>, address=null, phone=bloodbank.entity.Phone#2, contactType=Work, id=component[personId,phoneId]{phoneId=2, personId=1}, epochCreated=1637335428439, version=0, email=null, epochUpdated=1637335428439}
2021-11-19T10:23:48,442|[TRACE] AbstractFlushingEventListener - Executing flush
2021-11-19T10:23:48,442|[TRACE] AbstractEntityPersister - Inserting entity: [bloodbank.entity.Contact#component[personId,phoneId]{phoneId=2, personId=1}]
2021-11-19T10:23:48,442|[TRACE] AbstractEntityPersister - Version: 0
2021-11-19T10:23:48,443|[DEBUG] SQL - 
    /* insert bloodbank.entity.Contact
        */ insert 
        into
            contact
            (created, updated, version, address_id, contact_type, email, person_id, phone_id) 
        values
            (?, ?, ?, ?, ?, ?, ?, ?)
2021-11-19T10:23:48,443|[TRACE] ResourceRegistryStandardImpl - Registering statement [com.mysql.cj.jdbc.ClientPreparedStatement: /* insert bloodbank.entity.Contact */ insert into contact (created, updated, version, address_id, contact_type, email, person_id, phone_id) values (** NOT SPECIFIED **, ** NOT SPECIFIED **, ** NOT SPECIFIED **, ** NOT SPECIFIED **, ** NOT SPECIFIED **, ** NOT SPECIFIED **, ** NOT SPECIFIED **, ** NOT SPECIFIED **)]
2021-11-19T10:23:48,443|[TRACE] AbstractEntityPersister - Dehydrating entity: [bloodbank.entity.Contact#component[personId,phoneId]{phoneId=2, personId=1}]
2021-11-19T10:23:48,443|[TRACE] BasicBinder - binding parameter [1] as [BIGINT] - [1637335428439]
2021-11-19T10:23:48,443|[TRACE] BasicBinder - binding parameter [2] as [BIGINT] - [1637335428439]
2021-11-19T10:23:48,443|[TRACE] BasicBinder - binding parameter [3] as [INTEGER] - [0]
2021-11-19T10:23:48,443|[TRACE] BasicBinder - binding parameter [4] as [INTEGER] - [null]
2021-11-19T10:23:48,443|[TRACE] BasicBinder - binding parameter [5] as [VARCHAR] - [Work]
2021-11-19T10:23:48,443|[TRACE] BasicBinder - binding parameter [6] as [VARCHAR] - [null]
2021-11-19T10:23:48,443|[TRACE] BasicBinder - binding parameter [7] as [INTEGER] - [1]
2021-11-19T10:23:48,443|[TRACE] BasicBinder - binding parameter [8] as [INTEGER] - [2]
2021-11-19T10:23:48,444|[TRACE] ResourceRegistryStandardImpl - Releasing statement [com.mysql.cj.jdbc.ClientPreparedStatement: /* insert bloodbank.entity.Contact */ insert into contact (created, updated, version, address_id, contact_type, email, person_id, phone_id) values (1637335428439, 1637335428439, 0, null, 'Work', null, 1, 2)]
2021-11-19T10:23:48,444|[TRACE] ResourceRegistryStandardImpl - Closing prepared statement [com.mysql.cj.jdbc.ClientPreparedStatement: /* insert bloodbank.entity.Contact */ insert into contact (created, updated, version, address_id, contact_type, email, person_id, phone_id) values (1637335428439, 1637335428439, 0, null, 'Work', null, 1, 2)]
2021-11-19T10:23:48,444|[TRACE] JdbcCoordinatorImpl - Starting after statement execution processing [AFTER_TRANSACTION]
2021-11-19T10:23:48,444|[TRACE] JdbcCoordinatorImpl - Starting after statement execution processing [AFTER_TRANSACTION]
2021-11-19T10:23:48,444|[TRACE] AbstractFlushingEventListener - Post flush
2021-11-19T10:23:48,444|[TRACE] AbstractLogicalConnectionImplementor - LogicalConnection#beforeTransactionCompletion
2021-11-19T10:23:48,444|[TRACE] SynchronizationRegistryStandardImpl - SynchronizationRegistryStandardImpl.notifySynchronizationsBeforeTransactionCompletion
2021-11-19T10:23:48,444|[TRACE] AbstractLogicalConnectionImplementor - Preparing to commit transaction via JDBC Connection.commit()
2021-11-19T10:23:48,447|[TRACE] AbstractLogicalConnectionImplementor - Transaction committed via JDBC Connection.commit()
2021-11-19T10:23:48,447|[TRACE] AbstractLogicalConnectionImplementor - LogicalConnection#afterTransaction
2021-11-19T10:23:48,447|[TRACE] ResourceRegistryStandardImpl - Releasing JDBC resources
2021-11-19T10:23:48,447|[DEBUG] LogicalConnectionManagedImpl - Initiating JDBC connection release from afterTransaction
2021-11-19T10:23:48,448|[TRACE] ResourceRegistryStandardImpl - Releasing JDBC resources
2021-11-19T10:23:48,448|[TRACE] JdbcResourceLocalTransactionCoordinatorImpl - ResourceLocalTransactionCoordinatorImpl#afterCompletionCallback(true)
2021-11-19T10:23:48,448|[TRACE] SynchronizationRegistryStandardImpl - SynchronizationRegistryStandardImpl.notifySynchronizationsAfterTransactionCompletion(3)
2021-11-19T10:23:48,448|[TRACE] AbstractLogicalConnectionImplementor - LogicalConnection#afterTransaction
2021-11-19T10:23:48,448|[TRACE] ResourceRegistryStandardImpl - Releasing JDBC resources
2021-11-19T10:23:48,448|[DEBUG] LogicalConnectionManagedImpl - Initiating JDBC connection release from afterTransaction
2021-11-19T10:23:48,448|[TRACE] SessionImpl - SessionImpl#afterTransactionCompletion(successful=true, delayed=false)
2021-11-19T10:23:48,448|[DEBUG] TransactionImpl - begin
2021-11-19T10:23:48,448|[TRACE] AbstractLogicalConnectionImplementor - Preparing to begin transaction via JDBC Connection.setAutoCommit(false)
2021-11-19T10:23:48,448|[TRACE] AbstractLogicalConnectionImplementor - Transaction begun via JDBC Connection.setAutoCommit(false)
2021-11-19T10:23:48,448|[TRACE] JdbcResourceLocalTransactionCoordinatorImpl - ResourceLocalTransactionCoordinatorImpl#afterBeginCallback
2021-11-19T10:23:48,448|[TRACE] DefaultDeleteEventListener - Deleting a persistent instance
2021-11-19T10:23:48,448|[TRACE] DefaultDeleteEventListener - Deleting [bloodbank.entity.Contact#component[personId,phoneId]{phoneId=1, personId=1}]
2021-11-19T10:23:48,448|[TRACE] Cascade - Processing cascade ACTION_DELETE for: bloodbank.entity.Contact
2021-11-19T10:23:48,448|[TRACE] Cascade - Done processing cascade ACTION_DELETE for: bloodbank.entity.Contact
2021-11-19T10:23:48,448|[TRACE] Cascade - Processing cascade ACTION_DELETE for: bloodbank.entity.Contact
2021-11-19T10:23:48,448|[TRACE] CascadingAction - Cascading to delete: bloodbank.entity.Person
2021-11-19T10:23:48,448|[DEBUG] SessionImpl - Initializing proxy: [bloodbank.entity.Person#1]
2021-11-19T10:23:48,448|[TRACE] DefaultLoadEventListener - Attempting to resolve: [bloodbank.entity.Person#1]
2021-11-19T10:23:48,448|[TRACE] DefaultLoadEventListener - Object not resolved in any cache: [bloodbank.entity.Person#1]
2021-11-19T10:23:48,448|[TRACE] AbstractEntityPersister - Fetching entity: [bloodbank.entity.Person#1]
2021-11-19T10:23:48,449|[DEBUG] SQL - 
    select
        person0_.id as id1_5_0_,
        person0_.created as created2_5_0_,
        person0_.updated as updated3_5_0_,
        person0_.version as version4_5_0_,
        person0_.first_name as first_na5_5_0_,
        person0_.last_name as last_nam6_5_0_ 
    from
        person person0_ 
    where
        person0_.id=?
2021-11-19T10:23:48,449|[TRACE] ResourceRegistryStandardImpl - Registering statement [com.mysql.cj.jdbc.ClientPreparedStatement: select person0_.id as id1_5_0_, person0_.created as created2_5_0_, person0_.updated as updated3_5_0_, person0_.version as version4_5_0_, person0_.first_name as first_na5_5_0_, person0_.last_name as last_nam6_5_0_ from person person0_ where person0_.id=** NOT SPECIFIED **]
2021-11-19T10:23:48,449|[TRACE] JdbcCoordinatorImpl - Registering last query statement [com.mysql.cj.jdbc.ClientPreparedStatement: select person0_.id as id1_5_0_, person0_.created as created2_5_0_, person0_.updated as updated3_5_0_, person0_.version as version4_5_0_, person0_.first_name as first_na5_5_0_, person0_.last_name as last_nam6_5_0_ from person person0_ where person0_.id=** NOT SPECIFIED **]
2021-11-19T10:23:48,449|[TRACE] BasicBinder - binding parameter [1] as [INTEGER] - [1]
2021-11-19T10:23:48,449|[TRACE] AbstractLoadPlanBasedLoader - Bound [2] parameters total
2021-11-19T10:23:48,450|[TRACE] ResourceRegistryStandardImpl - Registering result set [com.mysql.cj.jdbc.result.ResultSetImpl@c683cf5]
2021-11-19T10:23:48,450|[TRACE] ResultSetProcessorImpl - Processing result set
2021-11-19T10:23:48,450|[TRACE] ResultSetProcessorImpl - Starting ResultSet row #0
2021-11-19T10:23:48,450|[DEBUG] EntityReferenceInitializerImpl - On call to EntityIdentifierReaderImpl#resolve, EntityKey was already known; should only happen on root returns with an optional identifier specified
2021-11-19T10:23:48,450|[TRACE] EntityReferenceInitializerImpl - hydrating entity state
2021-11-19T10:23:48,450|[TRACE] EntityReferenceInitializerImpl - Initializing object from ResultSet: [bloodbank.entity.Person#1]
2021-11-19T10:23:48,450|[TRACE] AbstractEntityPersister - Hydrating entity: [bloodbank.entity.Person#1]
2021-11-19T10:23:48,450|[TRACE] BasicExtractor - extracted value ([created2_5_0_] : [BIGINT]) - [1637335428362]
2021-11-19T10:23:48,450|[TRACE] BasicExtractor - extracted value ([updated3_5_0_] : [BIGINT]) - [1637335428269]
2021-11-19T10:23:48,450|[TRACE] BasicExtractor - extracted value ([version4_5_0_] : [INTEGER]) - [1]
2021-11-19T10:23:48,450|[TRACE] BasicExtractor - extracted value ([first_na5_5_0_] : [VARCHAR]) - [Jack]
2021-11-19T10:23:48,450|[TRACE] BasicExtractor - extracted value ([last_nam6_5_0_] : [VARCHAR]) - [Jackson]
2021-11-19T10:23:48,450|[TRACE] TwoPhaseLoad - Version: 1
2021-11-19T10:23:48,450|[TRACE] ResultSetProcessorImpl - Done processing result set (1 rows)
2021-11-19T10:23:48,450|[TRACE] AbstractRowReader - Total objects hydrated: 1
2021-11-19T10:23:48,450|[DEBUG] TwoPhaseLoad - Resolving attributes for [bloodbank.entity.Person#1]
2021-11-19T10:23:48,450|[DEBUG] TwoPhaseLoad - Processing attribute `epochCreated` : value = 1637335428362
2021-11-19T10:23:48,450|[DEBUG] TwoPhaseLoad - Attribute (`epochCreated`)  - enhanced for lazy-loading? - false
2021-11-19T10:23:48,450|[DEBUG] TwoPhaseLoad - Processing attribute `epochUpdated` : value = 1637335428269
2021-11-19T10:23:48,450|[DEBUG] TwoPhaseLoad - Attribute (`epochUpdated`)  - enhanced for lazy-loading? - false
2021-11-19T10:23:48,450|[DEBUG] TwoPhaseLoad - Processing attribute `version` : value = 1
2021-11-19T10:23:48,450|[DEBUG] TwoPhaseLoad - Attribute (`version`)  - enhanced for lazy-loading? - false
2021-11-19T10:23:48,450|[DEBUG] TwoPhaseLoad - Processing attribute `contacts` : value = NOT NULL COLLECTION
2021-11-19T10:23:48,450|[DEBUG] TwoPhaseLoad - Attribute (`contacts`)  - enhanced for lazy-loading? - false
2021-11-19T10:23:48,450|[TRACE] CollectionType - Created collection wrapper: [bloodbank.entity.Person.contacts#1]
2021-11-19T10:23:48,450|[DEBUG] TwoPhaseLoad - Processing attribute `donations` : value = NOT NULL COLLECTION
2021-11-19T10:23:48,450|[DEBUG] TwoPhaseLoad - Attribute (`donations`)  - enhanced for lazy-loading? - false
2021-11-19T10:23:48,450|[TRACE] CollectionType - Created collection wrapper: [bloodbank.entity.Person.donations#1]
2021-11-19T10:23:48,450|[DEBUG] TwoPhaseLoad - Processing attribute `firstName` : value = Jack
2021-11-19T10:23:48,450|[DEBUG] TwoPhaseLoad - Attribute (`firstName`)  - enhanced for lazy-loading? - false
2021-11-19T10:23:48,450|[DEBUG] TwoPhaseLoad - Processing attribute `lastName` : value = Jackson
2021-11-19T10:23:48,450|[DEBUG] TwoPhaseLoad - Attribute (`lastName`)  - enhanced for lazy-loading? - false
2021-11-19T10:23:48,450|[DEBUG] TwoPhaseLoad - Done materializing entity [bloodbank.entity.Person#1]
2021-11-19T10:23:48,450|[TRACE] ResultSetProcessingContextImpl - Skipping create subselects because there are fewer than 2 results, so query by key is more efficient.
2021-11-19T10:23:48,450|[TRACE] ResourceRegistryStandardImpl - Releasing statement [com.mysql.cj.jdbc.ClientPreparedStatement: select person0_.id as id1_5_0_, person0_.created as created2_5_0_, person0_.updated as updated3_5_0_, person0_.version as version4_5_0_, person0_.first_name as first_na5_5_0_, person0_.last_name as last_nam6_5_0_ from person person0_ where person0_.id=1]
2021-11-19T10:23:48,450|[TRACE] ResourceRegistryStandardImpl - Closing result set [com.mysql.cj.jdbc.result.ResultSetImpl@c683cf5]
2021-11-19T10:23:48,450|[TRACE] ResourceRegistryStandardImpl - Closing prepared statement [com.mysql.cj.jdbc.ClientPreparedStatement: select person0_.id as id1_5_0_, person0_.created as created2_5_0_, person0_.updated as updated3_5_0_, person0_.version as version4_5_0_, person0_.first_name as first_na5_5_0_, person0_.last_name as last_nam6_5_0_ from person person0_ where person0_.id=1]
2021-11-19T10:23:48,450|[TRACE] JdbcCoordinatorImpl - Starting after statement execution processing [AFTER_TRANSACTION]
2021-11-19T10:23:48,450|[TRACE] StatefulPersistenceContext - Initializing non-lazy collections
2021-11-19T10:23:48,450|[DEBUG] AbstractLoadPlanBasedEntityLoader - Done entity load : bloodbank.entity.Person#1
2021-11-19T10:23:48,450|[TRACE] DefaultDeleteEventListener - Deleting a persistent instance
2021-11-19T10:23:48,450|[TRACE] DefaultDeleteEventListener - Deleting [bloodbank.entity.Person#1]
2021-11-19T10:23:48,450|[TRACE] Cascade - Processing cascade ACTION_DELETE for: bloodbank.entity.Person
2021-11-19T10:23:48,450|[TRACE] Cascade - Done processing cascade ACTION_DELETE for: bloodbank.entity.Person
2021-11-19T10:23:48,450|[TRACE] Cascade - Processing cascade ACTION_DELETE for: bloodbank.entity.Person
2021-11-19T10:23:48,450|[TRACE] Cascade - Done processing cascade ACTION_DELETE for: bloodbank.entity.Person
2021-11-19T10:23:48,451|[TRACE] CascadingAction - Cascading to delete: bloodbank.entity.Phone
2021-11-19T10:23:48,451|[DEBUG] SessionImpl - Initializing proxy: [bloodbank.entity.Phone#1]
2021-11-19T10:23:48,451|[TRACE] DefaultLoadEventListener - Attempting to resolve: [bloodbank.entity.Phone#1]
2021-11-19T10:23:48,451|[TRACE] DefaultLoadEventListener - Object not resolved in any cache: [bloodbank.entity.Phone#1]
2021-11-19T10:23:48,451|[TRACE] AbstractEntityPersister - Fetching entity: [bloodbank.entity.Phone#1]
2021-11-19T10:23:48,451|[DEBUG] SQL - 
    select
        phone0_.phone_id as phone_id1_6_0_,
        phone0_.created as created2_6_0_,
        phone0_.updated as updated3_6_0_,
        phone0_.version as version4_6_0_,
        phone0_.area_code as area_cod5_6_0_,
        phone0_.country_code as country_6_6_0_,
        phone0_.number as number7_6_0_ 
    from
        phone phone0_ 
    where
        phone0_.phone_id=?
2021-11-19T10:23:48,451|[TRACE] ResourceRegistryStandardImpl - Registering statement [com.mysql.cj.jdbc.ClientPreparedStatement: select phone0_.phone_id as phone_id1_6_0_, phone0_.created as created2_6_0_, phone0_.updated as updated3_6_0_, phone0_.version as version4_6_0_, phone0_.area_code as area_cod5_6_0_, phone0_.country_code as country_6_6_0_, phone0_.number as number7_6_0_ from phone phone0_ where phone0_.phone_id=** NOT SPECIFIED **]
2021-11-19T10:23:48,451|[TRACE] JdbcCoordinatorImpl - Registering last query statement [com.mysql.cj.jdbc.ClientPreparedStatement: select phone0_.phone_id as phone_id1_6_0_, phone0_.created as created2_6_0_, phone0_.updated as updated3_6_0_, phone0_.version as version4_6_0_, phone0_.area_code as area_cod5_6_0_, phone0_.country_code as country_6_6_0_, phone0_.number as number7_6_0_ from phone phone0_ where phone0_.phone_id=** NOT SPECIFIED **]
2021-11-19T10:23:48,451|[TRACE] BasicBinder - binding parameter [1] as [INTEGER] - [1]
2021-11-19T10:23:48,451|[TRACE] AbstractLoadPlanBasedLoader - Bound [2] parameters total
2021-11-19T10:23:48,451|[TRACE] ResourceRegistryStandardImpl - Registering result set [com.mysql.cj.jdbc.result.ResultSetImpl@6a5c2d2d]
2021-11-19T10:23:48,452|[TRACE] ResultSetProcessorImpl - Processing result set
2021-11-19T10:23:48,452|[TRACE] ResultSetProcessorImpl - Starting ResultSet row #0
2021-11-19T10:23:48,452|[DEBUG] EntityReferenceInitializerImpl - On call to EntityIdentifierReaderImpl#resolve, EntityKey was already known; should only happen on root returns with an optional identifier specified
2021-11-19T10:23:48,452|[TRACE] EntityReferenceInitializerImpl - hydrating entity state
2021-11-19T10:23:48,452|[TRACE] EntityReferenceInitializerImpl - Initializing object from ResultSet: [bloodbank.entity.Phone#1]
2021-11-19T10:23:48,452|[TRACE] AbstractEntityPersister - Hydrating entity: [bloodbank.entity.Phone#1]
2021-11-19T10:23:48,452|[TRACE] BasicExtractor - extracted value ([created2_6_0_] : [BIGINT]) - [1637335428361]
2021-11-19T10:23:48,452|[TRACE] BasicExtractor - extracted value ([updated3_6_0_] : [BIGINT]) - [1637335428271]
2021-11-19T10:23:48,452|[TRACE] BasicExtractor - extracted value ([version4_6_0_] : [INTEGER]) - [1]
2021-11-19T10:23:48,452|[TRACE] BasicExtractor - extracted value ([area_cod5_6_0_] : [VARCHAR]) - [876]
2021-11-19T10:23:48,452|[TRACE] BasicExtractor - extracted value ([country_6_6_0_] : [VARCHAR]) - [9]
2021-11-19T10:23:48,452|[TRACE] BasicExtractor - extracted value ([number7_6_0_] : [VARCHAR]) - [5432100]
2021-11-19T10:23:48,452|[TRACE] TwoPhaseLoad - Version: 1
2021-11-19T10:23:48,452|[TRACE] ResultSetProcessorImpl - Done processing result set (1 rows)
2021-11-19T10:23:48,452|[TRACE] AbstractRowReader - Total objects hydrated: 1
2021-11-19T10:23:48,452|[DEBUG] TwoPhaseLoad - Resolving attributes for [bloodbank.entity.Phone#1]
2021-11-19T10:23:48,452|[DEBUG] TwoPhaseLoad - Processing attribute `epochCreated` : value = 1637335428361
2021-11-19T10:23:48,452|[DEBUG] TwoPhaseLoad - Attribute (`epochCreated`)  - enhanced for lazy-loading? - false
2021-11-19T10:23:48,452|[DEBUG] TwoPhaseLoad - Processing attribute `epochUpdated` : value = 1637335428271
2021-11-19T10:23:48,452|[DEBUG] TwoPhaseLoad - Attribute (`epochUpdated`)  - enhanced for lazy-loading? - false
2021-11-19T10:23:48,452|[DEBUG] TwoPhaseLoad - Processing attribute `version` : value = 1
2021-11-19T10:23:48,452|[DEBUG] TwoPhaseLoad - Attribute (`version`)  - enhanced for lazy-loading? - false
2021-11-19T10:23:48,452|[DEBUG] TwoPhaseLoad - Processing attribute `areaCode` : value = 876
2021-11-19T10:23:48,452|[DEBUG] TwoPhaseLoad - Attribute (`areaCode`)  - enhanced for lazy-loading? - false
2021-11-19T10:23:48,452|[DEBUG] TwoPhaseLoad - Processing attribute `contacts` : value = NOT NULL COLLECTION
2021-11-19T10:23:48,452|[DEBUG] TwoPhaseLoad - Attribute (`contacts`)  - enhanced for lazy-loading? - false
2021-11-19T10:23:48,452|[TRACE] CollectionType - Created collection wrapper: [bloodbank.entity.Phone.contacts#1]
2021-11-19T10:23:48,452|[DEBUG] TwoPhaseLoad - Processing attribute `countryCode` : value = 9
2021-11-19T10:23:48,452|[DEBUG] TwoPhaseLoad - Attribute (`countryCode`)  - enhanced for lazy-loading? - false
2021-11-19T10:23:48,452|[DEBUG] TwoPhaseLoad - Processing attribute `number` : value = 5432100
2021-11-19T10:23:48,452|[DEBUG] TwoPhaseLoad - Attribute (`number`)  - enhanced for lazy-loading? - false
2021-11-19T10:23:48,452|[DEBUG] TwoPhaseLoad - Done materializing entity [bloodbank.entity.Phone#1]
2021-11-19T10:23:48,452|[TRACE] ResultSetProcessingContextImpl - Skipping create subselects because there are fewer than 2 results, so query by key is more efficient.
2021-11-19T10:23:48,452|[TRACE] ResourceRegistryStandardImpl - Releasing statement [com.mysql.cj.jdbc.ClientPreparedStatement: select phone0_.phone_id as phone_id1_6_0_, phone0_.created as created2_6_0_, phone0_.updated as updated3_6_0_, phone0_.version as version4_6_0_, phone0_.area_code as area_cod5_6_0_, phone0_.country_code as country_6_6_0_, phone0_.number as number7_6_0_ from phone phone0_ where phone0_.phone_id=1]
2021-11-19T10:23:48,452|[TRACE] ResourceRegistryStandardImpl - Closing result set [com.mysql.cj.jdbc.result.ResultSetImpl@6a5c2d2d]
2021-11-19T10:23:48,452|[TRACE] ResourceRegistryStandardImpl - Closing prepared statement [com.mysql.cj.jdbc.ClientPreparedStatement: select phone0_.phone_id as phone_id1_6_0_, phone0_.created as created2_6_0_, phone0_.updated as updated3_6_0_, phone0_.version as version4_6_0_, phone0_.area_code as area_cod5_6_0_, phone0_.country_code as country_6_6_0_, phone0_.number as number7_6_0_ from phone phone0_ where phone0_.phone_id=1]
2021-11-19T10:23:48,452|[TRACE] JdbcCoordinatorImpl - Starting after statement execution processing [AFTER_TRANSACTION]
2021-11-19T10:23:48,452|[TRACE] StatefulPersistenceContext - Initializing non-lazy collections
2021-11-19T10:23:48,452|[DEBUG] AbstractLoadPlanBasedEntityLoader - Done entity load : bloodbank.entity.Phone#1
2021-11-19T10:23:48,452|[TRACE] DefaultDeleteEventListener - Deleting a persistent instance
2021-11-19T10:23:48,452|[TRACE] DefaultDeleteEventListener - Deleting [bloodbank.entity.Phone#1]
2021-11-19T10:23:48,452|[TRACE] Cascade - Processing cascade ACTION_DELETE for: bloodbank.entity.Phone
2021-11-19T10:23:48,452|[TRACE] Cascade - Done processing cascade ACTION_DELETE for: bloodbank.entity.Phone
2021-11-19T10:23:48,452|[TRACE] Cascade - Processing cascade ACTION_DELETE for: bloodbank.entity.Phone
2021-11-19T10:23:48,452|[TRACE] Cascade - Done processing cascade ACTION_DELETE for: bloodbank.entity.Phone
2021-11-19T10:23:48,452|[TRACE] Cascade - Done processing cascade ACTION_DELETE for: bloodbank.entity.Contact
2021-11-19T10:23:48,452|[DEBUG] TransactionImpl - committing
2021-11-19T10:23:48,452|[TRACE] JdbcResourceLocalTransactionCoordinatorImpl - ResourceLocalTransactionCoordinatorImpl#beforeCompletionCallback
2021-11-19T10:23:48,452|[TRACE] SessionImpl - SessionImpl#beforeTransactionCompletion()
2021-11-19T10:23:48,452|[TRACE] SessionImpl - Automatically flushing session
2021-11-19T10:23:48,452|[TRACE] AbstractFlushingEventListener - Flushing session
2021-11-19T10:23:48,452|[DEBUG] AbstractFlushingEventListener - Processing flush-time cascades
2021-11-19T10:23:48,452|[TRACE] Cascade - Processing cascade ACTION_PERSIST_ON_FLUSH for: bloodbank.entity.Phone
2021-11-19T10:23:48,452|[TRACE] Cascade - Cascade ACTION_PERSIST_ON_FLUSH for collection: bloodbank.entity.Phone.contacts
2021-11-19T10:23:48,452|[TRACE] Cascade - Done cascade ACTION_PERSIST_ON_FLUSH for collection: bloodbank.entity.Phone.contacts
2021-11-19T10:23:48,452|[TRACE] Cascade - Done processing cascade ACTION_PERSIST_ON_FLUSH for: bloodbank.entity.Phone
2021-11-19T10:23:48,452|[TRACE] Cascade - Processing cascade ACTION_PERSIST_ON_FLUSH for: bloodbank.entity.Contact
2021-11-19T10:23:48,452|[TRACE] CascadingAction - Cascading to persist on flush: bloodbank.entity.Person
2021-11-19T10:23:48,453|[TRACE] EntityState - Deleted instance of: bloodbank.entity.Person
2021-11-19T10:23:48,453|[TRACE] DefaultPersistEventListener - un-scheduling entity deletion [[bloodbank.entity.Person#1]]
2021-11-19T10:23:48,453|[TRACE] Cascade - Processing cascade ACTION_PERSIST_ON_FLUSH for: bloodbank.entity.Person
2021-11-19T10:23:48,453|[TRACE] Cascade - Done processing cascade ACTION_PERSIST_ON_FLUSH for: bloodbank.entity.Person
2021-11-19T10:23:48,453|[TRACE] Cascade - Processing cascade ACTION_PERSIST_ON_FLUSH for: bloodbank.entity.Person
2021-11-19T10:23:48,453|[TRACE] Cascade - Cascade ACTION_PERSIST_ON_FLUSH for collection: bloodbank.entity.Person.contacts
2021-11-19T10:23:48,453|[TRACE] Cascade - Done cascade ACTION_PERSIST_ON_FLUSH for collection: bloodbank.entity.Person.contacts
2021-11-19T10:23:48,453|[TRACE] Cascade - Cascade ACTION_PERSIST_ON_FLUSH for collection: bloodbank.entity.Person.donations
2021-11-19T10:23:48,453|[TRACE] Cascade - Done cascade ACTION_PERSIST_ON_FLUSH for collection: bloodbank.entity.Person.donations
2021-11-19T10:23:48,453|[TRACE] Cascade - Done processing cascade ACTION_PERSIST_ON_FLUSH for: bloodbank.entity.Person
2021-11-19T10:23:48,453|[TRACE] CascadingAction - Cascading to persist on flush: bloodbank.entity.Phone
2021-11-19T10:23:48,453|[TRACE] EntityState - Persistent instance of: bloodbank.entity.Phone
2021-11-19T10:23:48,453|[TRACE] DefaultPersistEventListener - Ignoring persistent instance
2021-11-19T10:23:48,453|[TRACE] Cascade - Processing cascade ACTION_PERSIST_ON_FLUSH for: bloodbank.entity.Phone
2021-11-19T10:23:48,453|[TRACE] Cascade - Done processing cascade ACTION_PERSIST_ON_FLUSH for: bloodbank.entity.Phone
2021-11-19T10:23:48,453|[TRACE] Cascade - Processing cascade ACTION_PERSIST_ON_FLUSH for: bloodbank.entity.Phone
2021-11-19T10:23:48,453|[TRACE] Cascade - Cascade ACTION_PERSIST_ON_FLUSH for collection: bloodbank.entity.Phone.contacts
2021-11-19T10:23:48,453|[TRACE] Cascade - Done cascade ACTION_PERSIST_ON_FLUSH for collection: bloodbank.entity.Phone.contacts
2021-11-19T10:23:48,453|[TRACE] Cascade - Done processing cascade ACTION_PERSIST_ON_FLUSH for: bloodbank.entity.Phone
2021-11-19T10:23:48,453|[TRACE] Cascade - Done processing cascade ACTION_PERSIST_ON_FLUSH for: bloodbank.entity.Contact
2021-11-19T10:23:48,453|[TRACE] Cascade - Processing cascade ACTION_PERSIST_ON_FLUSH for: bloodbank.entity.Person
2021-11-19T10:23:48,453|[TRACE] Cascade - Cascade ACTION_PERSIST_ON_FLUSH for collection: bloodbank.entity.Person.contacts
2021-11-19T10:23:48,453|[TRACE] Cascade - Done cascade ACTION_PERSIST_ON_FLUSH for collection: bloodbank.entity.Person.contacts
2021-11-19T10:23:48,453|[TRACE] Cascade - Cascade ACTION_PERSIST_ON_FLUSH for collection: bloodbank.entity.Person.donations
2021-11-19T10:23:48,453|[TRACE] Cascade - Done cascade ACTION_PERSIST_ON_FLUSH for collection: bloodbank.entity.Person.donations
2021-11-19T10:23:48,453|[TRACE] Cascade - Done processing cascade ACTION_PERSIST_ON_FLUSH for: bloodbank.entity.Person
2021-11-19T10:23:48,453|[DEBUG] AbstractFlushingEventListener - Dirty checking collections
2021-11-19T10:23:48,453|[TRACE] AbstractFlushingEventListener - Flushing entities and processing referenced collections
2021-11-19T10:23:48,453|[DEBUG] Collections - Collection found: [bloodbank.entity.Phone.contacts#2], was: [bloodbank.entity.Phone.contacts#2] (initialized)
2021-11-19T10:23:48,453|[DEBUG] Collections - Collection found: [bloodbank.entity.Person.contacts#1], was: [bloodbank.entity.Person.contacts#1] (uninitialized)
2021-11-19T10:23:48,453|[DEBUG] Collections - Collection found: [bloodbank.entity.Person.donations#1], was: [bloodbank.entity.Person.donations#1] (uninitialized)
2021-11-19T10:23:48,453|[TRACE] AbstractFlushingEventListener - Processing unreferenced collections
2021-11-19T10:23:48,453|[DEBUG] Collections - Collection dereferenced: [bloodbank.entity.Phone.contacts#1]
2021-11-19T10:23:48,453|[TRACE] AbstractFlushingEventListener - Scheduling collection removes/(re)creates/updates
2021-11-19T10:23:48,453|[DEBUG] AbstractFlushingEventListener - Flushed: 0 insertions, 0 updates, 2 deletions to 5 objects
2021-11-19T10:23:48,453|[DEBUG] AbstractFlushingEventListener - Flushed: 0 (re)creations, 0 updates, 1 removals to 4 collections
2021-11-19T10:23:48,453|[DEBUG] EntityPrinter - Listing entities:
2021-11-19T10:23:48,453|[DEBUG] EntityPrinter - bloodbank.entity.Contact{owner=bloodbank.entity.Person#1, address=null, phone=bloodbank.entity.Phone#1, contactType=Work, id=component[personId,phoneId]{phoneId=1, personId=1}, epochCreated=1637335428381, version=2, email=test3@test3.com, epochUpdated=1637335428269}
2021-11-19T10:23:48,453|[DEBUG] EntityPrinter - bloodbank.entity.Phone{number=5432100, areaCode=876, countryCode=9, id=1, epochCreated=1637335428361, version=1, contacts=<uninitialized>, epochUpdated=1637335428271}
2021-11-19T10:23:48,453|[DEBUG] EntityPrinter - bloodbank.entity.Phone{number=9845385, areaCode=673, countryCode=2, id=2, epochCreated=1637335428439, version=0, contacts=[], epochUpdated=1637335428439}
2021-11-19T10:23:48,453|[DEBUG] EntityPrinter - bloodbank.entity.Contact{owner=bloodbank.entity.Person#1, address=null, phone=bloodbank.entity.Phone#2, contactType=Work, id=component[personId,phoneId]{phoneId=2, personId=1}, epochCreated=1637335428439, version=0, email=null, epochUpdated=1637335428439}
2021-11-19T10:23:48,453|[DEBUG] EntityPrinter - bloodbank.entity.Person{firstName=Jack, lastName=Jackson, donations=<uninitialized>, id=1, epochCreated=1637335428362, version=1, contacts=<uninitialized>, epochUpdated=1637335428269}
2021-11-19T10:23:48,453|[TRACE] AbstractFlushingEventListener - Executing flush
2021-11-19T10:23:48,454|[TRACE] AbstractEntityPersister - Deleting entity: [bloodbank.entity.Contact#component[personId,phoneId]{phoneId=1, personId=1}]
2021-11-19T10:23:48,454|[TRACE] AbstractEntityPersister - Version: 2
2021-11-19T10:23:48,454|[TRACE] AbstractServiceRegistryImpl - Initializing service [role=org.hibernate.engine.jdbc.batch.spi.BatchBuilder]
2021-11-19T10:23:48,454|[TRACE] JdbcCoordinatorImpl - Starting after statement execution processing [AFTER_TRANSACTION]
2021-11-19T10:23:48,454|[DEBUG] SQL - 
    /* delete bloodbank.entity.Contact */ delete 
        from
            contact 
        where
            person_id=? 
            and phone_id=? 
            and version=?
2021-11-19T10:23:48,454|[TRACE] ResourceRegistryStandardImpl - Registering statement [com.mysql.cj.jdbc.ClientPreparedStatement: /* delete bloodbank.entity.Contact */ delete from contact where person_id=** NOT SPECIFIED ** and phone_id=** NOT SPECIFIED ** and version=** NOT SPECIFIED **]
2021-11-19T10:23:48,454|[TRACE] BasicBinder - binding parameter [1] as [INTEGER] - [1]
2021-11-19T10:23:48,454|[TRACE] BasicBinder - binding parameter [2] as [INTEGER] - [1]
2021-11-19T10:23:48,454|[TRACE] BasicBinder - binding parameter [3] as [INTEGER] - [2]
2021-11-19T10:23:48,455|[TRACE] ResourceRegistryStandardImpl - Releasing statement [com.mysql.cj.jdbc.ClientPreparedStatement: /* delete bloodbank.entity.Contact */ delete from contact where person_id=1 and phone_id=1 and version=2]
2021-11-19T10:23:48,455|[TRACE] ResourceRegistryStandardImpl - Closing prepared statement [com.mysql.cj.jdbc.ClientPreparedStatement: /* delete bloodbank.entity.Contact */ delete from contact where person_id=1 and phone_id=1 and version=2]
2021-11-19T10:23:48,455|[TRACE] JdbcCoordinatorImpl - Starting after statement execution processing [AFTER_TRANSACTION]
2021-11-19T10:23:48,455|[TRACE] AbstractEntityPersister - Deleting entity: [bloodbank.entity.Phone#1]
2021-11-19T10:23:48,455|[TRACE] AbstractEntityPersister - Version: 1
2021-11-19T10:23:48,455|[TRACE] JdbcCoordinatorImpl - Starting after statement execution processing [AFTER_TRANSACTION]
2021-11-19T10:23:48,455|[TRACE] JdbcCoordinatorImpl - Starting after statement execution processing [AFTER_TRANSACTION]
2021-11-19T10:23:48,455|[DEBUG] SQL - 
    /* delete bloodbank.entity.Phone */ delete 
        from
            phone 
        where
            phone_id=? 
            and version=?
2021-11-19T10:23:48,455|[TRACE] ResourceRegistryStandardImpl - Registering statement [com.mysql.cj.jdbc.ClientPreparedStatement: /* delete bloodbank.entity.Phone */ delete from phone where phone_id=** NOT SPECIFIED ** and version=** NOT SPECIFIED **]
2021-11-19T10:23:48,455|[TRACE] BasicBinder - binding parameter [1] as [INTEGER] - [1]
2021-11-19T10:23:48,455|[TRACE] BasicBinder - binding parameter [2] as [INTEGER] - [1]
2021-11-19T10:23:48,456|[TRACE] ResourceRegistryStandardImpl - Releasing statement [com.mysql.cj.jdbc.ClientPreparedStatement: /* delete bloodbank.entity.Phone */ delete from phone where phone_id=1 and version=1]
2021-11-19T10:23:48,456|[TRACE] ResourceRegistryStandardImpl - Closing prepared statement [com.mysql.cj.jdbc.ClientPreparedStatement: /* delete bloodbank.entity.Phone */ delete from phone where phone_id=1 and version=1]
2021-11-19T10:23:48,456|[TRACE] JdbcCoordinatorImpl - Starting after statement execution processing [AFTER_TRANSACTION]
2021-11-19T10:23:48,456|[TRACE] JdbcCoordinatorImpl - Starting after statement execution processing [AFTER_TRANSACTION]
2021-11-19T10:23:48,456|[TRACE] JdbcCoordinatorImpl - Starting after statement execution processing [AFTER_TRANSACTION]
2021-11-19T10:23:48,456|[TRACE] AbstractFlushingEventListener - Post flush
2021-11-19T10:23:48,456|[TRACE] AbstractLogicalConnectionImplementor - LogicalConnection#beforeTransactionCompletion
2021-11-19T10:23:48,456|[TRACE] SynchronizationRegistryStandardImpl - SynchronizationRegistryStandardImpl.notifySynchronizationsBeforeTransactionCompletion
2021-11-19T10:23:48,456|[TRACE] AbstractLogicalConnectionImplementor - Preparing to commit transaction via JDBC Connection.commit()
2021-11-19T10:23:48,459|[TRACE] AbstractLogicalConnectionImplementor - Transaction committed via JDBC Connection.commit()
2021-11-19T10:23:48,459|[TRACE] AbstractLogicalConnectionImplementor - LogicalConnection#afterTransaction
2021-11-19T10:23:48,459|[TRACE] ResourceRegistryStandardImpl - Releasing JDBC resources
2021-11-19T10:23:48,459|[TRACE] JdbcCoordinatorImpl - Starting after statement execution processing [AFTER_TRANSACTION]
2021-11-19T10:23:48,459|[DEBUG] LogicalConnectionManagedImpl - Initiating JDBC connection release from afterTransaction
2021-11-19T10:23:48,459|[TRACE] ResourceRegistryStandardImpl - Releasing JDBC resources
2021-11-19T10:23:48,459|[TRACE] JdbcCoordinatorImpl - Starting after statement execution processing [AFTER_TRANSACTION]
2021-11-19T10:23:48,459|[TRACE] JdbcResourceLocalTransactionCoordinatorImpl - ResourceLocalTransactionCoordinatorImpl#afterCompletionCallback(true)
2021-11-19T10:23:48,459|[TRACE] SynchronizationRegistryStandardImpl - SynchronizationRegistryStandardImpl.notifySynchronizationsAfterTransactionCompletion(3)
2021-11-19T10:23:48,459|[TRACE] AbstractLogicalConnectionImplementor - LogicalConnection#afterTransaction
2021-11-19T10:23:48,459|[TRACE] ResourceRegistryStandardImpl - Releasing JDBC resources
2021-11-19T10:23:48,459|[TRACE] JdbcCoordinatorImpl - Starting after statement execution processing [AFTER_TRANSACTION]
2021-11-19T10:23:48,459|[DEBUG] LogicalConnectionManagedImpl - Initiating JDBC connection release from afterTransaction
2021-11-19T10:23:48,459|[TRACE] SessionImpl - SessionImpl#afterTransactionCompletion(successful=true, delayed=false)
2021-11-19T10:23:48,459|[DEBUG] CriteriaQueryImpl - Rendered criteria query -> select count(generatedAlias0) from Contact as generatedAlias0 where generatedAlias0.id=:id
2021-11-19T10:23:48,459|[TRACE] QueryPlanCache - Located HQL query plan in cache (select count(generatedAlias0) from Contact as generatedAlias0 where generatedAlias0.id=:id)
2021-11-19T10:23:48,459|[TRACE] QueryPlanCache - Located HQL query plan in cache (select count(generatedAlias0) from Contact as generatedAlias0 where generatedAlias0.id=:id)
2021-11-19T10:23:48,460|[TRACE] QueryPlanCache - Located HQL query plan in cache (select count(generatedAlias0) from Contact as generatedAlias0 where generatedAlias0.id=:id)
2021-11-19T10:23:48,460|[TRACE] HQLQueryPlan - Find: select count(generatedAlias0) from Contact as generatedAlias0 where generatedAlias0.id=:id
2021-11-19T10:23:48,460|[TRACE] QueryParameters - Named parameters: {id=component[personId,phoneId]{phoneId=1, personId=1}}
2021-11-19T10:23:48,460|[DEBUG] SQL - 
    /* select
        count(generatedAlias0) 
    from
        Contact as generatedAlias0 
    where
        generatedAlias0.id=:id */ select
            count(contact0_.person_id) as col_0_0_ 
        from
            contact contact0_ 
        where
            (
                contact0_.person_id, contact0_.phone_id
            )=(
                ?, ?
            )
2021-11-19T10:23:48,460|[TRACE] ResourceRegistryStandardImpl - Registering statement [com.mysql.cj.jdbc.ClientPreparedStatement: /* select count(generatedAlias0) from Contact as generatedAlias0 where generatedAlias0.id=:id */ select count(contact0_.person_id) as col_0_0_ from contact contact0_ where (contact0_.person_id, contact0_.phone_id)=(** NOT SPECIFIED **, ** NOT SPECIFIED **)]
2021-11-19T10:23:48,460|[TRACE] JdbcCoordinatorImpl - Registering last query statement [com.mysql.cj.jdbc.ClientPreparedStatement: /* select count(generatedAlias0) from Contact as generatedAlias0 where generatedAlias0.id=:id */ select count(contact0_.person_id) as col_0_0_ from contact contact0_ where (contact0_.person_id, contact0_.phone_id)=(** NOT SPECIFIED **, ** NOT SPECIFIED **)]
2021-11-19T10:23:48,461|[TRACE] BasicBinder - binding parameter [1] as [INTEGER] - [1]
2021-11-19T10:23:48,461|[TRACE] BasicBinder - binding parameter [2] as [INTEGER] - [1]
2021-11-19T10:23:48,461|[TRACE] Loader - Bound [3] parameters total
2021-11-19T10:23:48,462|[TRACE] ResourceRegistryStandardImpl - Registering result set [com.mysql.cj.jdbc.result.ResultSetImpl@6b52a40]
2021-11-19T10:23:48,462|[TRACE] Loader - Processing result set
2021-11-19T10:23:48,462|[DEBUG] Loader - Result set row: 0
2021-11-19T10:23:48,462|[DEBUG] Loader - Result row: 
2021-11-19T10:23:48,462|[TRACE] BasicExtractor - extracted value ([col_0_0_] : [BIGINT]) - [0]
2021-11-19T10:23:48,462|[TRACE] Loader - Done processing result set (1 rows)
2021-11-19T10:23:48,462|[TRACE] ResourceRegistryStandardImpl - Releasing statement [com.mysql.cj.jdbc.ClientPreparedStatement: /* select count(generatedAlias0) from Contact as generatedAlias0 where generatedAlias0.id=:id */ select count(contact0_.person_id) as col_0_0_ from contact contact0_ where (contact0_.person_id, contact0_.phone_id)=(1, 1)]
2021-11-19T10:23:48,462|[TRACE] ResourceRegistryStandardImpl - Closing result set [com.mysql.cj.jdbc.result.ResultSetImpl@6b52a40]
2021-11-19T10:23:48,462|[TRACE] ResourceRegistryStandardImpl - Closing prepared statement [com.mysql.cj.jdbc.ClientPreparedStatement: /* select count(generatedAlias0) from Contact as generatedAlias0 where generatedAlias0.id=:id */ select count(contact0_.person_id) as col_0_0_ from contact contact0_ where (contact0_.person_id, contact0_.phone_id)=(1, 1)]
2021-11-19T10:23:48,462|[TRACE] JdbcCoordinatorImpl - Starting after statement execution processing [AFTER_TRANSACTION]
2021-11-19T10:23:48,462|[TRACE] StatefulPersistenceContext - Initializing non-lazy collections
2021-11-19T10:23:48,462|[TRACE] AbstractLogicalConnectionImplementor - LogicalConnection#afterTransaction
2021-11-19T10:23:48,462|[TRACE] ResourceRegistryStandardImpl - Releasing JDBC resources
2021-11-19T10:23:48,462|[TRACE] JdbcCoordinatorImpl - Starting after statement execution processing [AFTER_TRANSACTION]
2021-11-19T10:23:48,462|[DEBUG] LogicalConnectionManagedImpl - Initiating JDBC connection release from afterTransaction
2021-11-19T10:23:48,462|[TRACE] ResourceRegistryStandardImpl - Releasing JDBC resources
2021-11-19T10:23:48,462|[TRACE] JdbcCoordinatorImpl - Starting after statement execution processing [AFTER_TRANSACTION]
2021-11-19T10:23:48,463|[DEBUG] CriteriaQueryImpl - Rendered criteria query -> select count(generatedAlias0) from Contact as generatedAlias0 where generatedAlias0.id=:id
2021-11-19T10:23:48,463|[TRACE] QueryPlanCache - Located HQL query plan in cache (select count(generatedAlias0) from Contact as generatedAlias0 where generatedAlias0.id=:id)
2021-11-19T10:23:48,463|[TRACE] QueryPlanCache - Located HQL query plan in cache (select count(generatedAlias0) from Contact as generatedAlias0 where generatedAlias0.id=:id)
2021-11-19T10:23:48,463|[TRACE] QueryPlanCache - Located HQL query plan in cache (select count(generatedAlias0) from Contact as generatedAlias0 where generatedAlias0.id=:id)
2021-11-19T10:23:48,463|[TRACE] HQLQueryPlan - Find: select count(generatedAlias0) from Contact as generatedAlias0 where generatedAlias0.id=:id
2021-11-19T10:23:48,463|[TRACE] QueryParameters - Named parameters: {id=component[personId,phoneId]{phoneId=2, personId=1}}
2021-11-19T10:23:48,463|[DEBUG] SQL - 
    /* select
        count(generatedAlias0) 
    from
        Contact as generatedAlias0 
    where
        generatedAlias0.id=:id */ select
            count(contact0_.person_id) as col_0_0_ 
        from
            contact contact0_ 
        where
            (
                contact0_.person_id, contact0_.phone_id
            )=(
                ?, ?
            )
2021-11-19T10:23:48,463|[TRACE] ResourceRegistryStandardImpl - Registering statement [com.mysql.cj.jdbc.ClientPreparedStatement: /* select count(generatedAlias0) from Contact as generatedAlias0 where generatedAlias0.id=:id */ select count(contact0_.person_id) as col_0_0_ from contact contact0_ where (contact0_.person_id, contact0_.phone_id)=(** NOT SPECIFIED **, ** NOT SPECIFIED **)]
2021-11-19T10:23:48,463|[TRACE] JdbcCoordinatorImpl - Registering last query statement [com.mysql.cj.jdbc.ClientPreparedStatement: /* select count(generatedAlias0) from Contact as generatedAlias0 where generatedAlias0.id=:id */ select count(contact0_.person_id) as col_0_0_ from contact contact0_ where (contact0_.person_id, contact0_.phone_id)=(** NOT SPECIFIED **, ** NOT SPECIFIED **)]
2021-11-19T10:23:48,463|[TRACE] BasicBinder - binding parameter [1] as [INTEGER] - [1]
2021-11-19T10:23:48,463|[TRACE] BasicBinder - binding parameter [2] as [INTEGER] - [2]
2021-11-19T10:23:48,463|[TRACE] Loader - Bound [3] parameters total
2021-11-19T10:23:48,464|[TRACE] ResourceRegistryStandardImpl - Registering result set [com.mysql.cj.jdbc.result.ResultSetImpl@1e4c4fda]
2021-11-19T10:23:48,464|[TRACE] Loader - Processing result set
2021-11-19T10:23:48,464|[DEBUG] Loader - Result set row: 0
2021-11-19T10:23:48,464|[DEBUG] Loader - Result row: 
2021-11-19T10:23:48,464|[TRACE] BasicExtractor - extracted value ([col_0_0_] : [BIGINT]) - [1]
2021-11-19T10:23:48,464|[TRACE] Loader - Done processing result set (1 rows)
2021-11-19T10:23:48,464|[TRACE] ResourceRegistryStandardImpl - Releasing statement [com.mysql.cj.jdbc.ClientPreparedStatement: /* select count(generatedAlias0) from Contact as generatedAlias0 where generatedAlias0.id=:id */ select count(contact0_.person_id) as col_0_0_ from contact contact0_ where (contact0_.person_id, contact0_.phone_id)=(1, 2)]
2021-11-19T10:23:48,464|[TRACE] ResourceRegistryStandardImpl - Closing result set [com.mysql.cj.jdbc.result.ResultSetImpl@1e4c4fda]
2021-11-19T10:23:48,464|[TRACE] ResourceRegistryStandardImpl - Closing prepared statement [com.mysql.cj.jdbc.ClientPreparedStatement: /* select count(generatedAlias0) from Contact as generatedAlias0 where generatedAlias0.id=:id */ select count(contact0_.person_id) as col_0_0_ from contact contact0_ where (contact0_.person_id, contact0_.phone_id)=(1, 2)]
2021-11-19T10:23:48,464|[TRACE] JdbcCoordinatorImpl - Starting after statement execution processing [AFTER_TRANSACTION]
2021-11-19T10:23:48,464|[TRACE] StatefulPersistenceContext - Initializing non-lazy collections
2021-11-19T10:23:48,464|[TRACE] AbstractLogicalConnectionImplementor - LogicalConnection#afterTransaction
2021-11-19T10:23:48,464|[TRACE] ResourceRegistryStandardImpl - Releasing JDBC resources
2021-11-19T10:23:48,464|[TRACE] JdbcCoordinatorImpl - Starting after statement execution processing [AFTER_TRANSACTION]
2021-11-19T10:23:48,464|[DEBUG] LogicalConnectionManagedImpl - Initiating JDBC connection release from afterTransaction
2021-11-19T10:23:48,464|[TRACE] ResourceRegistryStandardImpl - Releasing JDBC resources
2021-11-19T10:23:48,464|[TRACE] JdbcCoordinatorImpl - Starting after statement execution processing [AFTER_TRANSACTION]
2021-11-19T10:23:48,464|[TRACE] SessionImpl - Closing session [af64d3ed-dcc7-4da0-adce-508252ddf4b5]
2021-11-19T10:23:48,464|[TRACE] JdbcCoordinatorImpl - Closing JDBC container [org.hibernate.engine.jdbc.internal.JdbcCoordinatorImpl@2f58f492]
2021-11-19T10:23:48,464|[DEBUG] JdbcCoordinatorImpl - HHH000420: Closing un-released batch
2021-11-19T10:23:48,464|[TRACE] JdbcCoordinatorImpl - Starting after statement execution processing [AFTER_TRANSACTION]
2021-11-19T10:23:48,464|[TRACE] ResourceRegistryStandardImpl - Releasing JDBC resources
2021-11-19T10:23:48,464|[TRACE] JdbcCoordinatorImpl - Starting after statement execution processing [AFTER_TRANSACTION]
2021-11-19T10:23:48,464|[TRACE] LogicalConnectionManagedImpl - Closing logical connection
2021-11-19T10:23:48,464|[TRACE] LogicalConnectionManagedImpl - Logical connection closed
]]></system-out>
  </testcase>
</testsuite>