<?xml version="1.0" encoding="UTF-8"?>
<testsuite xmlns:xsi="http://www.w3.org/2001/XMLSchema-instance" xsi:noNamespaceSchemaLocation="https://maven.apache.org/surefire/maven-surefire-plugin/xsd/surefire-test-report-3.0.xsd" version="3.0" name="bloodbank.entity.TestCRUDPublicBloodBank" time="3.85" tests="9" errors="0" skipped="0" failures="0">
  <properties>
    <property name="sun.desktop" value="windows"/>
    <property name="awt.toolkit" value="sun.awt.windows.WToolkit"/>
    <property name="java.specification.version" value="11"/>
    <property name="sun.cpu.isalist" value="amd64"/>
    <property name="sun.jnu.encoding" value="Cp1252"/>
    <property name="java.class.path" value="D:\Computer Programming\Level 4\CST8277_300 Enterprise Application\Assignments\Assignment03\BloodBank-JPA-Mapping-JUnit-Skeleton\BloodBank-JPA-Mapping-JUnit-Skeleton\target\test-classes;C:\Users\simondaxia\.m2\repository\org\junit\jupiter\junit-jupiter\5.7.0\junit-jupiter-5.7.0.jar;C:\Users\simondaxia\.m2\repository\org\junit\jupiter\junit-jupiter-api\5.7.0\junit-jupiter-api-5.7.0.jar;C:\Users\simondaxia\.m2\repository\org\apiguardian\apiguardian-api\1.1.0\apiguardian-api-1.1.0.jar;C:\Users\simondaxia\.m2\repository\org\opentest4j\opentest4j\1.2.0\opentest4j-1.2.0.jar;C:\Users\simondaxia\.m2\repository\org\junit\platform\junit-platform-commons\1.7.0\junit-platform-commons-1.7.0.jar;C:\Users\simondaxia\.m2\repository\org\junit\jupiter\junit-jupiter-params\5.7.0\junit-jupiter-params-5.7.0.jar;C:\Users\simondaxia\.m2\repository\org\junit\jupiter\junit-jupiter-engine\5.7.0\junit-jupiter-engine-5.7.0.jar;C:\Users\simondaxia\.m2\repository\org\junit\platform\junit-platform-engine\1.7.0\junit-platform-engine-1.7.0.jar;C:\Users\simondaxia\.m2\repository\org\hamcrest\hamcrest\2.2\hamcrest-2.2.jar;C:\Users\simondaxia\.m2\repository\org\hamcrest\hamcrest-library\2.2\hamcrest-library-2.2.jar;C:\Users\simondaxia\.m2\repository\org\hamcrest\hamcrest-core\2.2\hamcrest-core-2.2.jar;C:\Users\simondaxia\.m2\repository\org\jboss\logging\jboss-logging\3.4.1.Final\jboss-logging-3.4.1.Final.jar;C:\Users\simondaxia\.m2\repository\org\javassist\javassist\3.27.0-GA\javassist-3.27.0-GA.jar;C:\Users\simondaxia\.m2\repository\net\bytebuddy\byte-buddy\1.10.17\byte-buddy-1.10.17.jar;C:\Users\simondaxia\.m2\repository\antlr\antlr\2.7.7\antlr-2.7.7.jar;C:\Users\simondaxia\.m2\repository\org\jboss\spec\javax\transaction\jboss-transaction-api_1.2_spec\1.1.1.Final\jboss-transaction-api_1.2_spec-1.1.1.Final.jar;C:\Users\simondaxia\.m2\repository\org\jboss\jandex\2.1.3.Final\jandex-2.1.3.Final.jar;C:\Users\simondaxia\.m2\repository\com\fasterxml\classmate\1.5.1\classmate-1.5.1.jar;C:\Users\simondaxia\.m2\repository\javax\activation\javax.activation-api\1.2.0\javax.activation-api-1.2.0.jar;C:\Users\simondaxia\.m2\repository\org\dom4j\dom4j\2.1.3\dom4j-2.1.3.jar;C:\Users\simondaxia\.m2\repository\org\hibernate\common\hibernate-commons-annotations\5.1.2.Final\hibernate-commons-annotations-5.1.2.Final.jar;C:\Users\simondaxia\.m2\repository\javax\xml\bind\jaxb-api\2.3.1\jaxb-api-2.3.1.jar;C:\Users\simondaxia\.m2\repository\org\glassfish\jaxb\jaxb-runtime\2.3.1\jaxb-runtime-2.3.1.jar;C:\Users\simondaxia\.m2\repository\org\glassfish\jaxb\txw2\2.3.1\txw2-2.3.1.jar;C:\Users\simondaxia\.m2\repository\com\sun\istack\istack-commons-runtime\3.0.7\istack-commons-runtime-3.0.7.jar;C:\Users\simondaxia\.m2\repository\org\jvnet\staxex\stax-ex\1.8\stax-ex-1.8.jar;C:\Users\simondaxia\.m2\repository\com\sun\xml\fastinfoset\FastInfoset\1.2.15\FastInfoset-1.2.15.jar;C:\Users\simondaxia\.m2\repository\mysql\mysql-connector-java\8.0.23\mysql-connector-java-8.0.23.jar;C:\Users\simondaxia\.m2\repository\com\google\protobuf\protobuf-java\3.11.4\protobuf-java-3.11.4.jar;"/>
    <property name="java.vm.vendor" value="Amazon.com Inc."/>
    <property name="sun.arch.data.model" value="64"/>
    <property name="user.variant" value=""/>
    <property name="java.vendor.url" value="https://aws.amazon.com/corretto/"/>
    <property name="user.timezone" value="America/New_York"/>
    <property name="java.vm.specification.version" value="11"/>
    <property name="os.name" value="Windows 10"/>
    <property name="sun.java.launcher" value="SUN_STANDARD"/>
    <property name="user.country" value="CA"/>
    <property name="sun.boot.library.path" value="C:\Program Files\Amazon Corretto\jdk11.0.11_9\bin"/>
    <property name="sun.java.command" value="org.apache.maven.surefire.booter.ForkedBooter C:\Users\simondaxia\AppData\Local\Temp\surefire18336507460364361438 2021-11-19T10-23-33_773-jvmRun1 surefire10358599284016281038tmp surefire_028660401499378696tmp"/>
    <property name="jdk.debug" value="release"/>
    <property name="surefire.test.class.path" value="D:\Computer Programming\Level 4\CST8277_300 Enterprise Application\Assignments\Assignment03\BloodBank-JPA-Mapping-JUnit-Skeleton\BloodBank-JPA-Mapping-JUnit-Skeleton\target\test-classes;C:\Users\simondaxia\.m2\repository\org\junit\jupiter\junit-jupiter\5.7.0\junit-jupiter-5.7.0.jar;C:\Users\simondaxia\.m2\repository\org\junit\jupiter\junit-jupiter-api\5.7.0\junit-jupiter-api-5.7.0.jar;C:\Users\simondaxia\.m2\repository\org\apiguardian\apiguardian-api\1.1.0\apiguardian-api-1.1.0.jar;C:\Users\simondaxia\.m2\repository\org\opentest4j\opentest4j\1.2.0\opentest4j-1.2.0.jar;C:\Users\simondaxia\.m2\repository\org\junit\platform\junit-platform-commons\1.7.0\junit-platform-commons-1.7.0.jar;C:\Users\simondaxia\.m2\repository\org\junit\jupiter\junit-jupiter-params\5.7.0\junit-jupiter-params-5.7.0.jar;C:\Users\simondaxia\.m2\repository\org\junit\jupiter\junit-jupiter-engine\5.7.0\junit-jupiter-engine-5.7.0.jar;C:\Users\simondaxia\.m2\repository\org\junit\platform\junit-platform-engine\1.7.0\junit-platform-engine-1.7.0.jar;C:\Users\simondaxia\.m2\repository\org\hamcrest\hamcrest\2.2\hamcrest-2.2.jar;C:\Users\simondaxia\.m2\repository\org\hamcrest\hamcrest-library\2.2\hamcrest-library-2.2.jar;C:\Users\simondaxia\.m2\repository\org\hamcrest\hamcrest-core\2.2\hamcrest-core-2.2.jar;C:\Users\simondaxia\.m2\repository\org\jboss\logging\jboss-logging\3.4.1.Final\jboss-logging-3.4.1.Final.jar;C:\Users\simondaxia\.m2\repository\org\javassist\javassist\3.27.0-GA\javassist-3.27.0-GA.jar;C:\Users\simondaxia\.m2\repository\net\bytebuddy\byte-buddy\1.10.17\byte-buddy-1.10.17.jar;C:\Users\simondaxia\.m2\repository\antlr\antlr\2.7.7\antlr-2.7.7.jar;C:\Users\simondaxia\.m2\repository\org\jboss\spec\javax\transaction\jboss-transaction-api_1.2_spec\1.1.1.Final\jboss-transaction-api_1.2_spec-1.1.1.Final.jar;C:\Users\simondaxia\.m2\repository\org\jboss\jandex\2.1.3.Final\jandex-2.1.3.Final.jar;C:\Users\simondaxia\.m2\repository\com\fasterxml\classmate\1.5.1\classmate-1.5.1.jar;C:\Users\simondaxia\.m2\repository\javax\activation\javax.activation-api\1.2.0\javax.activation-api-1.2.0.jar;C:\Users\simondaxia\.m2\repository\org\dom4j\dom4j\2.1.3\dom4j-2.1.3.jar;C:\Users\simondaxia\.m2\repository\org\hibernate\common\hibernate-commons-annotations\5.1.2.Final\hibernate-commons-annotations-5.1.2.Final.jar;C:\Users\simondaxia\.m2\repository\javax\xml\bind\jaxb-api\2.3.1\jaxb-api-2.3.1.jar;C:\Users\simondaxia\.m2\repository\org\glassfish\jaxb\jaxb-runtime\2.3.1\jaxb-runtime-2.3.1.jar;C:\Users\simondaxia\.m2\repository\org\glassfish\jaxb\txw2\2.3.1\txw2-2.3.1.jar;C:\Users\simondaxia\.m2\repository\com\sun\istack\istack-commons-runtime\3.0.7\istack-commons-runtime-3.0.7.jar;C:\Users\simondaxia\.m2\repository\org\jvnet\staxex\stax-ex\1.8\stax-ex-1.8.jar;C:\Users\simondaxia\.m2\repository\com\sun\xml\fastinfoset\FastInfoset\1.2.15\FastInfoset-1.2.15.jar;C:\Users\simondaxia\.m2\repository\mysql\mysql-connector-java\8.0.23\mysql-connector-java-8.0.23.jar;C:\Users\simondaxia\.m2\repository\com\google\protobuf\protobuf-java\3.11.4\protobuf-java-3.11.4.jar;"/>
    <property name="sun.cpu.endian" value="little"/>
    <property name="user.home" value="C:\Users\simondaxia"/>
    <property name="user.language" value="en"/>
    <property name="java.specification.vendor" value="Oracle Corporation"/>
    <property name="jdk.module.path" value="D:\Computer Programming\Level 4\CST8277_300 Enterprise Application\Assignments\Assignment03\BloodBank-JPA-Mapping-JUnit-Skeleton\BloodBank-JPA-Mapping-JUnit-Skeleton\target\classes;C:\Users\simondaxia\.m2\repository\org\apache\logging\log4j\log4j-api\2.14.0\log4j-api-2.14.0.jar;C:\Users\simondaxia\.m2\repository\org\apache\logging\log4j\log4j-core\2.14.0\log4j-core-2.14.0.jar;C:\Users\simondaxia\.m2\repository\org\hibernate\hibernate-core\5.4.27.Final\hibernate-core-5.4.27.Final.jar;C:\Users\simondaxia\.m2\repository\jakarta\platform\jakarta.jakartaee-api\8.0.0\jakarta.jakartaee-api-8.0.0.jar"/>
    <property name="java.version.date" value="2021-04-20"/>
    <property name="generateReports" value="flase"/>
    <property name="java.home" value="C:\Program Files\Amazon Corretto\jdk11.0.11_9"/>
    <property name="file.separator" value="\"/>
    <property name="basedir" value="D:\Computer Programming\Level 4\CST8277_300 Enterprise Application\Assignments\Assignment03\BloodBank-JPA-Mapping-JUnit-Skeleton\BloodBank-JPA-Mapping-JUnit-Skeleton"/>
    <property name="java.vm.compressedOopsMode" value="32-bit"/>
    <property name="line.separator" value="&#10;"/>
    <property name="java.specification.name" value="Java Platform API Specification"/>
    <property name="java.vm.specification.vendor" value="Oracle Corporation"/>
    <property name="java.awt.graphicsenv" value="sun.awt.Win32GraphicsEnvironment"/>
    <property name="surefire.real.class.path" value="C:\Users\simondaxia\.m2\repository\org\apache\maven\surefire\surefire-booter\3.0.0-M5\surefire-booter-3.0.0-M5.jar;C:\Users\simondaxia\.m2\repository\org\apache\maven\surefire\surefire-api\3.0.0-M5\surefire-api-3.0.0-M5.jar;C:\Users\simondaxia\.m2\repository\org\apache\maven\surefire\surefire-logger-api\3.0.0-M5\surefire-logger-api-3.0.0-M5.jar;C:\Users\simondaxia\.m2\repository\org\apache\maven\surefire\surefire-shared-utils\3.0.0-M4\surefire-shared-utils-3.0.0-M4.jar;C:\Users\simondaxia\.m2\repository\org\apache\maven\surefire\surefire-extensions-spi\3.0.0-M5\surefire-extensions-spi-3.0.0-M5.jar;D:\Computer Programming\Level 4\CST8277_300 Enterprise Application\Assignments\Assignment03\BloodBank-JPA-Mapping-JUnit-Skeleton\BloodBank-JPA-Mapping-JUnit-Skeleton\target\test-classes;C:\Users\simondaxia\.m2\repository\org\junit\jupiter\junit-jupiter\5.7.0\junit-jupiter-5.7.0.jar;C:\Users\simondaxia\.m2\repository\org\junit\jupiter\junit-jupiter-api\5.7.0\junit-jupiter-api-5.7.0.jar;C:\Users\simondaxia\.m2\repository\org\apiguardian\apiguardian-api\1.1.0\apiguardian-api-1.1.0.jar;C:\Users\simondaxia\.m2\repository\org\opentest4j\opentest4j\1.2.0\opentest4j-1.2.0.jar;C:\Users\simondaxia\.m2\repository\org\junit\platform\junit-platform-commons\1.7.0\junit-platform-commons-1.7.0.jar;C:\Users\simondaxia\.m2\repository\org\junit\jupiter\junit-jupiter-params\5.7.0\junit-jupiter-params-5.7.0.jar;C:\Users\simondaxia\.m2\repository\org\junit\jupiter\junit-jupiter-engine\5.7.0\junit-jupiter-engine-5.7.0.jar;C:\Users\simondaxia\.m2\repository\org\junit\platform\junit-platform-engine\1.7.0\junit-platform-engine-1.7.0.jar;C:\Users\simondaxia\.m2\repository\org\hamcrest\hamcrest\2.2\hamcrest-2.2.jar;C:\Users\simondaxia\.m2\repository\org\hamcrest\hamcrest-library\2.2\hamcrest-library-2.2.jar;C:\Users\simondaxia\.m2\repository\org\hamcrest\hamcrest-core\2.2\hamcrest-core-2.2.jar;C:\Users\simondaxia\.m2\repository\org\jboss\logging\jboss-logging\3.4.1.Final\jboss-logging-3.4.1.Final.jar;C:\Users\simondaxia\.m2\repository\org\javassist\javassist\3.27.0-GA\javassist-3.27.0-GA.jar;C:\Users\simondaxia\.m2\repository\net\bytebuddy\byte-buddy\1.10.17\byte-buddy-1.10.17.jar;C:\Users\simondaxia\.m2\repository\antlr\antlr\2.7.7\antlr-2.7.7.jar;C:\Users\simondaxia\.m2\repository\org\jboss\spec\javax\transaction\jboss-transaction-api_1.2_spec\1.1.1.Final\jboss-transaction-api_1.2_spec-1.1.1.Final.jar;C:\Users\simondaxia\.m2\repository\org\jboss\jandex\2.1.3.Final\jandex-2.1.3.Final.jar;C:\Users\simondaxia\.m2\repository\com\fasterxml\classmate\1.5.1\classmate-1.5.1.jar;C:\Users\simondaxia\.m2\repository\javax\activation\javax.activation-api\1.2.0\javax.activation-api-1.2.0.jar;C:\Users\simondaxia\.m2\repository\org\dom4j\dom4j\2.1.3\dom4j-2.1.3.jar;C:\Users\simondaxia\.m2\repository\org\hibernate\common\hibernate-commons-annotations\5.1.2.Final\hibernate-commons-annotations-5.1.2.Final.jar;C:\Users\simondaxia\.m2\repository\javax\xml\bind\jaxb-api\2.3.1\jaxb-api-2.3.1.jar;C:\Users\simondaxia\.m2\repository\org\glassfish\jaxb\jaxb-runtime\2.3.1\jaxb-runtime-2.3.1.jar;C:\Users\simondaxia\.m2\repository\org\glassfish\jaxb\txw2\2.3.1\txw2-2.3.1.jar;C:\Users\simondaxia\.m2\repository\com\sun\istack\istack-commons-runtime\3.0.7\istack-commons-runtime-3.0.7.jar;C:\Users\simondaxia\.m2\repository\org\jvnet\staxex\stax-ex\1.8\stax-ex-1.8.jar;C:\Users\simondaxia\.m2\repository\com\sun\xml\fastinfoset\FastInfoset\1.2.15\FastInfoset-1.2.15.jar;C:\Users\simondaxia\.m2\repository\mysql\mysql-connector-java\8.0.23\mysql-connector-java-8.0.23.jar;C:\Users\simondaxia\.m2\repository\com\google\protobuf\protobuf-java\3.11.4\protobuf-java-3.11.4.jar;C:\Users\simondaxia\.m2\repository\org\apache\maven\surefire\surefire-junit-platform\3.0.0-M5\surefire-junit-platform-3.0.0-M5.jar;C:\Users\simondaxia\.m2\repository\org\apache\maven\surefire\common-java5\3.0.0-M5\common-java5-3.0.0-M5.jar;C:\Users\simondaxia\.m2\repository\org\junit\platform\junit-platform-launcher\1.7.0\junit-platform-launcher-1.7.0.jar"/>
    <property name="user.script" value=""/>
    <property name="sun.management.compiler" value="HotSpot 64-Bit Tiered Compilers"/>
    <property name="java.runtime.version" value="11.0.11+9-LTS"/>
    <property name="user.name" value="simondaxia"/>
    <property name="path.separator" value=";"/>
    <property name="os.version" value="10.0"/>
    <property name="java.runtime.name" value="OpenJDK Runtime Environment"/>
    <property name="file.encoding" value="Cp1252"/>
    <property name="java.vm.name" value="OpenJDK 64-Bit Server VM"/>
    <property name="java.vendor.version" value="Corretto-11.0.11.9.1"/>
    <property name="localRepository" value="C:\Users\simondaxia\.m2\repository"/>
    <property name="java.vendor.url.bug" value="https://github.com/corretto/corretto-11/issues/"/>
    <property name="java.io.tmpdir" value="C:\Users\SIMOND~1\AppData\Local\Temp\"/>
    <property name="java.version" value="11.0.11"/>
    <property name="user.dir" value="D:\Computer Programming\Level 4\CST8277_300 Enterprise Application\Assignments\Assignment03\BloodBank-JPA-Mapping-JUnit-Skeleton\BloodBank-JPA-Mapping-JUnit-Skeleton"/>
    <property name="os.arch" value="amd64"/>
    <property name="java.vm.specification.name" value="Java Virtual Machine Specification"/>
    <property name="java.awt.printerjob" value="sun.awt.windows.WPrinterJob"/>
    <property name="sun.os.patch.level" value=""/>
    <property name="java.library.path" value="C:\Program Files\Amazon Corretto\jdk11.0.11_9\bin;C:\WINDOWS\Sun\Java\bin;C:\WINDOWS\system32;C:\WINDOWS;C:/Program Files/Amazon Corretto/jdk11.0.11_9/bin/server;C:/Program Files/Amazon Corretto/jdk11.0.11_9/bin;D:\Python39\Scripts\;D:\Python39\;D:\app\simondaxia\product\12.1.0\bin;D:\app\simondaxia\product\12.1.0\dbhome_1\bin;D:\app\simondaxia\product\12.1.0\dbhome_2\bin;C:\Program Files\Amazon Corretto\jdk11.0.11_9\bin;D:\oraclexe\app\oracle\product\11.2.0\server\bin;;C:\AmazonCorretto\jdk11.0.8_10\bin;C:\Program Files (x86)\Common Files\Oracle\Java\javapath;C:\Program Files (x86)\Intel\Intel(R) Management Engine Components\iCLS\;C:\Program Files\Intel\Intel(R) Management Engine Components\iCLS\;C:\Windows\system32;C:\Windows;C:\Windows\System32\Wbem;C:\Windows\System32\WindowsPowerShell\v1.0\;C:\Windows\System32\OpenSSH\;C:\Program Files (x86)\Intel\Intel(R) Management Engine Components\DAL;C:\Program Files\Intel\Intel(R) Management Engine Components\DAL;C:\Program Files (x86)\Intel\Intel(R) Management Engine Components\IPT;C:\Program Files\Intel\Intel(R) Management Engine Components\IPT;C:\Program Files (x86)\NVIDIA Corporation\PhysX\Common;C:\Program Files\Intel\WiFi\bin\;C:\Program Files\Common Files\Intel\WirelessCommon\;C:\WINDOWS\system32;C:\WINDOWS;C:\WINDOWS\System32\Wbem;C:\WINDOWS\System32\WindowsPowerShell\v1.0\;C:\WINDOWS\System32\OpenSSH\;C:\Program Files (x86)\pgmodeler;C:\Program Files\Git\cmd;C:\Users\simondaxia\AppData\Local\Microsoft\WindowsApps;C:\Program Files\Java\jdk1.8.0_271\bin;C:\Program Files\Microsoft SQL Server\Client SDK\ODBC\130\Tools\Binn\;C:\Program Files (x86)\Microsoft SQL Server\140\Tools\Binn\;C:\Program Files\Microsoft SQL Server\140\Tools\Binn\;C:\Program Files\Microsoft SQL Server\140\DTS\Binn\;C:\Program Files (x86)\Microsoft SQL Server\150\DTS\Binn\;C:\Program Files\Azure Data Studio\bin;C:\Users\simondaxia\AppData\Local\Microsoft\WindowsApps;;D:\Microsoft VS Code\bin;C:\Program Files\Azure Data Studio\bin;D:\JetBrains\PyCharm Community Edition 2021.2.2\bin;;D:\Programs\mongosh\;C:\Users\simondaxia\Desktop;;."/>
    <property name="java.vm.info" value="mixed mode"/>
    <property name="java.vendor" value="Amazon.com Inc."/>
    <property name="java.vm.version" value="11.0.11+9-LTS"/>
    <property name="sun.io.unicode.encoding" value="UnicodeLittle"/>
    <property name="java.class.version" value="55.0"/>
  </properties>
  <testcase name="testEmpty" classname="bloodbank.entity.TestCRUDPublicBloodBank" time="0.004">
    <system-out><![CDATA[2021-11-19T10:24:03,391|[TRACE] HibernatePersistenceProvider - Starting createEntityManagerFactory for persistenceUnitName bloodbank-PU
2021-11-19T10:24:03,391|[TRACE] HibernatePersistenceProvider - Attempting to obtain correct EntityManagerFactoryBuilder for persistenceUnitName : bloodbank-PU
2021-11-19T10:24:03,392|[TRACE] PersistenceXmlParser - Attempting to parse persistence.xml file : file:/D:/Computer%20Programming/Level%204/CST8277_300%20Enterprise%20Application/Assignments/Assignment03/BloodBank-JPA-Mapping-JUnit-Skeleton/BloodBank-JPA-Mapping-JUnit-Skeleton/target/classes/META-INF/persistence.xml
2021-11-19T10:24:03,396|[TRACE] ArchiveHelper - JAR URL from URL Entry: file:/D:/Computer%20Programming/Level%204/CST8277_300%20Enterprise%20Application/Assignments/Assignment03/BloodBank-JPA-Mapping-JUnit-Skeleton/BloodBank-JPA-Mapping-JUnit-Skeleton/target/classes/META-INF/persistence.xml >> file:/D:/Computer%20Programming/Level%204/CST8277_300%20Enterprise%20Application/Assignments/Assignment03/BloodBank-JPA-Mapping-JUnit-Skeleton/BloodBank-JPA-Mapping-JUnit-Skeleton/target/classes
2021-11-19T10:24:03,396|[TRACE] PersistenceXmlParser - Persistence unit name from persistence.xml : bloodbank-PU
2021-11-19T10:24:03,396|[DEBUG] HibernatePersistenceProvider - Located and parsed 1 persistence units; checking each
2021-11-19T10:24:03,396|[DEBUG] HibernatePersistenceProvider - Checking persistence-unit [name=bloodbank-PU, explicit-provider=org.hibernate.jpa.HibernatePersistenceProvider] against incoming persistence unit name [bloodbank-PU]
2021-11-19T10:24:03,396|[DEBUG] ProviderChecker - Persistence-unit [bloodbank-PU] requested PersistenceProvider [org.hibernate.jpa.HibernatePersistenceProvider]
2021-11-19T10:24:03,396|[TRACE] ProviderChecker - Checking requested PersistenceProvider name [org.hibernate.jpa.HibernatePersistenceProvider] against Hibernate provider names
2021-11-19T10:24:03,396|[DEBUG] LogHelper - PersistenceUnitInfo [
	name: bloodbank-PU
	persistence provider classname: org.hibernate.jpa.HibernatePersistenceProvider
	classloader: null
	excludeUnlistedClasses: false
	JTA datasource: null
	Non JTA datasource: null
	Transaction type: RESOURCE_LOCAL
	PU root URL: file:/D:/Computer%20Programming/Level%204/CST8277_300%20Enterprise%20Application/Assignments/Assignment03/BloodBank-JPA-Mapping-JUnit-Skeleton/BloodBank-JPA-Mapping-JUnit-Skeleton/target/classes
	Shared Cache Mode: null
	Validation Mode: null
	Jar files URLs []
	Managed classes names []
	Mapping files names []
	Properties [
		javax.persistence.schema-generation.drop-source: script
		hibernate.use_sql_comments: true
		javax.persistence.schema-generation.drop-script-source: META-INF/sql/bloodbank-drop.sql
		hibernate.hbm2ddl.import_files_sql_extractor: org.hibernate.tool.hbm2ddl.MultipleLinesSqlCommandExtractor
		javax.persistence.jdbc.user: cst8277
		javax.persistence.schema-generation.create-source: script
		hibernate.dialect: org.hibernate.dialect.MySQL8Dialect
		javax.persistence.jdbc.url: jdbc:mysql://localhost:3306/bloodbank?createDatabaseIfNotExist=true&zeroDateTimeBehavior=convertToNull
		javax.persistence.schema-generation.create-script-source: META-INF/sql/bloodbank-create.sql
		javax.persistence.jdbc.driver: com.mysql.cj.jdbc.Driver
		hibernate.format_sql: true
		javax.persistence.jdbc.password: 8277
		javax.persistence.schema-generation.database.action: drop-and-create]
2021-11-19T10:24:03,396|[DEBUG] IntegratorServiceImpl - Adding Integrator [org.hibernate.cfg.beanvalidation.BeanValidationIntegrator].
2021-11-19T10:24:03,396|[DEBUG] IntegratorServiceImpl - Adding Integrator [org.hibernate.secure.spi.JaccIntegrator].
2021-11-19T10:24:03,396|[DEBUG] IntegratorServiceImpl - Adding Integrator [org.hibernate.cache.internal.CollectionCacheInvalidator].
2021-11-19T10:24:03,397|[TRACE] StrategySelectorImpl - Registering named strategy selector [org.hibernate.resource.transaction.spi.TransactionCoordinatorBuilder] : [jdbc] -> [org.hibernate.resource.transaction.backend.jdbc.internal.JdbcResourceLocalTransactionCoordinatorBuilderImpl]
2021-11-19T10:24:03,397|[TRACE] StrategySelectorImpl - Registering named strategy selector [org.hibernate.resource.transaction.spi.TransactionCoordinatorBuilder] : [jta] -> [org.hibernate.resource.transaction.backend.jta.internal.JtaTransactionCoordinatorBuilderImpl]
2021-11-19T10:24:03,397|[TRACE] StrategySelectorImpl - Registering named strategy selector [org.hibernate.resource.transaction.spi.TransactionCoordinatorBuilder] : [org.hibernate.transaction.JDBCTransactionFactory] -> [org.hibernate.resource.transaction.backend.jdbc.internal.JdbcResourceLocalTransactionCoordinatorBuilderImpl]
2021-11-19T10:24:03,397|[TRACE] StrategySelectorImpl - Registering named strategy selector [org.hibernate.resource.transaction.spi.TransactionCoordinatorBuilder] : [org.hibernate.transaction.JTATransactionFactory] -> [org.hibernate.resource.transaction.backend.jta.internal.JtaTransactionCoordinatorBuilderImpl]
2021-11-19T10:24:03,397|[TRACE] StrategySelectorImpl - Registering named strategy selector [org.hibernate.resource.transaction.spi.TransactionCoordinatorBuilder] : [org.hibernate.transaction.CMTTransactionFactory] -> [org.hibernate.resource.transaction.backend.jta.internal.JtaTransactionCoordinatorBuilderImpl]
2021-11-19T10:24:03,397|[TRACE] StrategySelectorImpl - Registering named strategy selector [org.hibernate.hql.spi.id.MultiTableBulkIdStrategy] : [persistent] -> [org.hibernate.hql.spi.id.persistent.PersistentTableBulkIdStrategy]
2021-11-19T10:24:03,397|[TRACE] StrategySelectorImpl - Registering named strategy selector [org.hibernate.hql.spi.id.MultiTableBulkIdStrategy] : [global_temporary] -> [org.hibernate.hql.spi.id.global.GlobalTemporaryTableBulkIdStrategy]
2021-11-19T10:24:03,397|[TRACE] StrategySelectorImpl - Registering named strategy selector [org.hibernate.hql.spi.id.MultiTableBulkIdStrategy] : [local_temporary] -> [org.hibernate.hql.spi.id.local.LocalTemporaryTableBulkIdStrategy]
2021-11-19T10:24:03,397|[TRACE] StrategySelectorImpl - Registering named strategy selector [org.hibernate.boot.model.naming.ImplicitNamingStrategy] : [default] -> [org.hibernate.boot.model.naming.ImplicitNamingStrategyJpaCompliantImpl]
2021-11-19T10:24:03,397|[TRACE] StrategySelectorImpl - Registering named strategy selector [org.hibernate.boot.model.naming.ImplicitNamingStrategy] : [jpa] -> [org.hibernate.boot.model.naming.ImplicitNamingStrategyJpaCompliantImpl]
2021-11-19T10:24:03,397|[TRACE] StrategySelectorImpl - Registering named strategy selector [org.hibernate.boot.model.naming.ImplicitNamingStrategy] : [legacy-jpa] -> [org.hibernate.boot.model.naming.ImplicitNamingStrategyLegacyJpaImpl]
2021-11-19T10:24:03,397|[TRACE] StrategySelectorImpl - Registering named strategy selector [org.hibernate.boot.model.naming.ImplicitNamingStrategy] : [legacy-hbm] -> [org.hibernate.boot.model.naming.ImplicitNamingStrategyLegacyHbmImpl]
2021-11-19T10:24:03,397|[TRACE] StrategySelectorImpl - Registering named strategy selector [org.hibernate.boot.model.naming.ImplicitNamingStrategy] : [component-path] -> [org.hibernate.boot.model.naming.ImplicitNamingStrategyComponentPathImpl]
2021-11-19T10:24:03,397|[TRACE] StrategySelectorImpl - Registering named strategy selector [org.hibernate.cache.spi.CacheKeysFactory] : [default] -> [org.hibernate.cache.internal.DefaultCacheKeysFactory]
2021-11-19T10:24:03,397|[TRACE] StrategySelectorImpl - Registering named strategy selector [org.hibernate.cache.spi.CacheKeysFactory] : [simple] -> [org.hibernate.cache.internal.SimpleCacheKeysFactory]
2021-11-19T10:24:03,398|[DEBUG] ServiceBinding - Overriding existing service binding [org.hibernate.secure.spi.JaccService]
2021-11-19T10:24:03,398|[TRACE] AbstractServiceRegistryImpl - Initializing service [role=org.hibernate.engine.config.spi.ConfigurationService]
2021-11-19T10:24:03,398|[TRACE] AbstractServiceRegistryImpl - Initializing service [role=org.hibernate.cache.spi.RegionFactory]
2021-11-19T10:24:03,398|[DEBUG] RegionFactoryInitiator - Cannot default RegionFactory based on registered strategies as `[]` RegionFactory strategies were registered
2021-11-19T10:24:03,398|[DEBUG] RegionFactoryInitiator - Cache region factory : org.hibernate.cache.internal.NoCachingRegionFactory
2021-11-19T10:24:03,398|[DEBUG] BasicTypeRegistry - Adding type registration boolean -> org.hibernate.type.BooleanType@7351a16e
2021-11-19T10:24:03,398|[DEBUG] BasicTypeRegistry - Adding type registration boolean -> org.hibernate.type.BooleanType@7351a16e
2021-11-19T10:24:03,398|[DEBUG] BasicTypeRegistry - Adding type registration java.lang.Boolean -> org.hibernate.type.BooleanType@7351a16e
2021-11-19T10:24:03,398|[DEBUG] BasicTypeRegistry - Adding type registration numeric_boolean -> org.hibernate.type.NumericBooleanType@3ed0918d
2021-11-19T10:24:03,398|[DEBUG] BasicTypeRegistry - Adding type registration true_false -> org.hibernate.type.TrueFalseType@3c0fbd3a
2021-11-19T10:24:03,398|[DEBUG] BasicTypeRegistry - Adding type registration yes_no -> org.hibernate.type.YesNoType@5b12012e
2021-11-19T10:24:03,398|[DEBUG] BasicTypeRegistry - Adding type registration byte -> org.hibernate.type.ByteType@2b4786dd
2021-11-19T10:24:03,398|[DEBUG] BasicTypeRegistry - Adding type registration byte -> org.hibernate.type.ByteType@2b4786dd
2021-11-19T10:24:03,398|[DEBUG] BasicTypeRegistry - Adding type registration java.lang.Byte -> org.hibernate.type.ByteType@2b4786dd
2021-11-19T10:24:03,398|[DEBUG] BasicTypeRegistry - Adding type registration character -> org.hibernate.type.CharacterType@1f38957
2021-11-19T10:24:03,398|[DEBUG] BasicTypeRegistry - Adding type registration char -> org.hibernate.type.CharacterType@1f38957
2021-11-19T10:24:03,398|[DEBUG] BasicTypeRegistry - Adding type registration java.lang.Character -> org.hibernate.type.CharacterType@1f38957
2021-11-19T10:24:03,398|[DEBUG] BasicTypeRegistry - Adding type registration short -> org.hibernate.type.ShortType@6136998b
2021-11-19T10:24:03,398|[DEBUG] BasicTypeRegistry - Adding type registration short -> org.hibernate.type.ShortType@6136998b
2021-11-19T10:24:03,398|[DEBUG] BasicTypeRegistry - Adding type registration java.lang.Short -> org.hibernate.type.ShortType@6136998b
2021-11-19T10:24:03,398|[DEBUG] BasicTypeRegistry - Adding type registration integer -> org.hibernate.type.IntegerType@6892cc6f
2021-11-19T10:24:03,398|[DEBUG] BasicTypeRegistry - Adding type registration int -> org.hibernate.type.IntegerType@6892cc6f
2021-11-19T10:24:03,398|[DEBUG] BasicTypeRegistry - Adding type registration java.lang.Integer -> org.hibernate.type.IntegerType@6892cc6f
2021-11-19T10:24:03,398|[DEBUG] BasicTypeRegistry - Adding type registration long -> org.hibernate.type.LongType@ae7950d
2021-11-19T10:24:03,398|[DEBUG] BasicTypeRegistry - Adding type registration long -> org.hibernate.type.LongType@ae7950d
2021-11-19T10:24:03,398|[DEBUG] BasicTypeRegistry - Adding type registration java.lang.Long -> org.hibernate.type.LongType@ae7950d
2021-11-19T10:24:03,398|[DEBUG] BasicTypeRegistry - Adding type registration float -> org.hibernate.type.FloatType@4dafba3e
2021-11-19T10:24:03,398|[DEBUG] BasicTypeRegistry - Adding type registration float -> org.hibernate.type.FloatType@4dafba3e
2021-11-19T10:24:03,398|[DEBUG] BasicTypeRegistry - Adding type registration java.lang.Float -> org.hibernate.type.FloatType@4dafba3e
2021-11-19T10:24:03,398|[DEBUG] BasicTypeRegistry - Adding type registration double -> org.hibernate.type.DoubleType@676ff3b0
2021-11-19T10:24:03,398|[DEBUG] BasicTypeRegistry - Adding type registration double -> org.hibernate.type.DoubleType@676ff3b0
2021-11-19T10:24:03,398|[DEBUG] BasicTypeRegistry - Adding type registration java.lang.Double -> org.hibernate.type.DoubleType@676ff3b0
2021-11-19T10:24:03,398|[DEBUG] BasicTypeRegistry - Adding type registration big_decimal -> org.hibernate.type.BigDecimalType@65bcf7c2
2021-11-19T10:24:03,398|[DEBUG] BasicTypeRegistry - Adding type registration java.math.BigDecimal -> org.hibernate.type.BigDecimalType@65bcf7c2
2021-11-19T10:24:03,398|[DEBUG] BasicTypeRegistry - Adding type registration big_integer -> org.hibernate.type.BigIntegerType@232cce0
2021-11-19T10:24:03,398|[DEBUG] BasicTypeRegistry - Adding type registration java.math.BigInteger -> org.hibernate.type.BigIntegerType@232cce0
2021-11-19T10:24:03,398|[DEBUG] BasicTypeRegistry - Adding type registration string -> org.hibernate.type.StringType@7fc645e4
2021-11-19T10:24:03,398|[DEBUG] BasicTypeRegistry - Adding type registration java.lang.String -> org.hibernate.type.StringType@7fc645e4
2021-11-19T10:24:03,398|[DEBUG] BasicTypeRegistry - Adding type registration nstring -> org.hibernate.type.StringNVarcharType@719843e5
2021-11-19T10:24:03,398|[DEBUG] BasicTypeRegistry - Adding type registration ncharacter -> org.hibernate.type.CharacterNCharType@3104f7bd
2021-11-19T10:24:03,398|[DEBUG] BasicTypeRegistry - Adding type registration url -> org.hibernate.type.UrlType@6d171ce0
2021-11-19T10:24:03,398|[DEBUG] BasicTypeRegistry - Adding type registration java.net.URL -> org.hibernate.type.UrlType@6d171ce0
2021-11-19T10:24:03,398|[DEBUG] BasicTypeRegistry - Adding type registration Duration -> org.hibernate.type.DurationType@57b75756
2021-11-19T10:24:03,398|[DEBUG] BasicTypeRegistry - Adding type registration java.time.Duration -> org.hibernate.type.DurationType@57b75756
2021-11-19T10:24:03,398|[DEBUG] BasicTypeRegistry - Adding type registration Instant -> org.hibernate.type.InstantType@3b36e000
2021-11-19T10:24:03,398|[DEBUG] BasicTypeRegistry - Adding type registration java.time.Instant -> org.hibernate.type.InstantType@3b36e000
2021-11-19T10:24:03,398|[DEBUG] BasicTypeRegistry - Adding type registration LocalDateTime -> org.hibernate.type.LocalDateTimeType@3fae596
2021-11-19T10:24:03,398|[DEBUG] BasicTypeRegistry - Adding type registration java.time.LocalDateTime -> org.hibernate.type.LocalDateTimeType@3fae596
2021-11-19T10:24:03,398|[DEBUG] BasicTypeRegistry - Adding type registration LocalDate -> org.hibernate.type.LocalDateType@7f829c76
2021-11-19T10:24:03,398|[DEBUG] BasicTypeRegistry - Adding type registration java.time.LocalDate -> org.hibernate.type.LocalDateType@7f829c76
2021-11-19T10:24:03,398|[DEBUG] BasicTypeRegistry - Adding type registration LocalTime -> org.hibernate.type.LocalTimeType@6ae7deac
2021-11-19T10:24:03,398|[DEBUG] BasicTypeRegistry - Adding type registration java.time.LocalTime -> org.hibernate.type.LocalTimeType@6ae7deac
2021-11-19T10:24:03,398|[DEBUG] BasicTypeRegistry - Adding type registration OffsetDateTime -> org.hibernate.type.OffsetDateTimeType@21fdfefc
2021-11-19T10:24:03,398|[DEBUG] BasicTypeRegistry - Adding type registration java.time.OffsetDateTime -> org.hibernate.type.OffsetDateTimeType@21fdfefc
2021-11-19T10:24:03,398|[DEBUG] BasicTypeRegistry - Adding type registration OffsetTime -> org.hibernate.type.OffsetTimeType@108bdbd8
2021-11-19T10:24:03,398|[DEBUG] BasicTypeRegistry - Adding type registration java.time.OffsetTime -> org.hibernate.type.OffsetTimeType@108bdbd8
2021-11-19T10:24:03,398|[DEBUG] BasicTypeRegistry - Adding type registration ZonedDateTime -> org.hibernate.type.ZonedDateTimeType@54aca26f
2021-11-19T10:24:03,398|[DEBUG] BasicTypeRegistry - Adding type registration java.time.ZonedDateTime -> org.hibernate.type.ZonedDateTimeType@54aca26f
2021-11-19T10:24:03,398|[DEBUG] BasicTypeRegistry - Adding type registration date -> org.hibernate.type.DateType@528f8f8b
2021-11-19T10:24:03,398|[DEBUG] BasicTypeRegistry - Adding type registration java.sql.Date -> org.hibernate.type.DateType@528f8f8b
2021-11-19T10:24:03,398|[DEBUG] BasicTypeRegistry - Adding type registration time -> org.hibernate.type.TimeType@234a8f27
2021-11-19T10:24:03,398|[DEBUG] BasicTypeRegistry - Adding type registration java.sql.Time -> org.hibernate.type.TimeType@234a8f27
2021-11-19T10:24:03,398|[DEBUG] BasicTypeRegistry - Adding type registration timestamp -> org.hibernate.type.TimestampType@2f61f937
2021-11-19T10:24:03,398|[DEBUG] BasicTypeRegistry - Adding type registration java.sql.Timestamp -> org.hibernate.type.TimestampType@2f61f937
2021-11-19T10:24:03,398|[DEBUG] BasicTypeRegistry - Adding type registration java.util.Date -> org.hibernate.type.TimestampType@2f61f937
2021-11-19T10:24:03,398|[DEBUG] BasicTypeRegistry - Adding type registration dbtimestamp -> org.hibernate.type.DbTimestampType@369c9bb
2021-11-19T10:24:03,398|[DEBUG] BasicTypeRegistry - Adding type registration calendar -> org.hibernate.type.CalendarType@7d37f1c
2021-11-19T10:24:03,398|[DEBUG] BasicTypeRegistry - Adding type registration java.util.Calendar -> org.hibernate.type.CalendarType@7d37f1c
2021-11-19T10:24:03,398|[DEBUG] BasicTypeRegistry - Adding type registration java.util.GregorianCalendar -> org.hibernate.type.CalendarType@7d37f1c
2021-11-19T10:24:03,398|[DEBUG] BasicTypeRegistry - Adding type registration calendar_date -> org.hibernate.type.CalendarDateType@6cf31447
2021-11-19T10:24:03,398|[DEBUG] BasicTypeRegistry - Adding type registration calendar_time -> org.hibernate.type.CalendarTimeType@6f7e336b
2021-11-19T10:24:03,398|[DEBUG] BasicTypeRegistry - Adding type registration locale -> org.hibernate.type.LocaleType@1f966492
2021-11-19T10:24:03,398|[DEBUG] BasicTypeRegistry - Adding type registration java.util.Locale -> org.hibernate.type.LocaleType@1f966492
2021-11-19T10:24:03,398|[DEBUG] BasicTypeRegistry - Adding type registration currency -> org.hibernate.type.CurrencyType@2063c53e
2021-11-19T10:24:03,398|[DEBUG] BasicTypeRegistry - Adding type registration java.util.Currency -> org.hibernate.type.CurrencyType@2063c53e
2021-11-19T10:24:03,398|[DEBUG] BasicTypeRegistry - Adding type registration timezone -> org.hibernate.type.TimeZoneType@24e08d59
2021-11-19T10:24:03,398|[DEBUG] BasicTypeRegistry - Adding type registration java.util.TimeZone -> org.hibernate.type.TimeZoneType@24e08d59
2021-11-19T10:24:03,398|[DEBUG] BasicTypeRegistry - Adding type registration class -> org.hibernate.type.ClassType@16ade133
2021-11-19T10:24:03,398|[DEBUG] BasicTypeRegistry - Adding type registration java.lang.Class -> org.hibernate.type.ClassType@16ade133
2021-11-19T10:24:03,398|[DEBUG] BasicTypeRegistry - Adding type registration uuid-binary -> org.hibernate.type.UUIDBinaryType@1a28aef1
2021-11-19T10:24:03,398|[DEBUG] BasicTypeRegistry - Adding type registration java.util.UUID -> org.hibernate.type.UUIDBinaryType@1a28aef1
2021-11-19T10:24:03,398|[DEBUG] BasicTypeRegistry - Adding type registration uuid-char -> org.hibernate.type.UUIDCharType@6a9b0a6f
2021-11-19T10:24:03,398|[DEBUG] BasicTypeRegistry - Adding type registration binary -> org.hibernate.type.BinaryType@4b54af3d
2021-11-19T10:24:03,398|[DEBUG] BasicTypeRegistry - Adding type registration byte[] -> org.hibernate.type.BinaryType@4b54af3d
2021-11-19T10:24:03,398|[DEBUG] BasicTypeRegistry - Adding type registration [B -> org.hibernate.type.BinaryType@4b54af3d
2021-11-19T10:24:03,398|[DEBUG] BasicTypeRegistry - Adding type registration wrapper-binary -> org.hibernate.type.WrapperBinaryType@2116b68b
2021-11-19T10:24:03,398|[DEBUG] BasicTypeRegistry - Adding type registration Byte[] -> org.hibernate.type.WrapperBinaryType@2116b68b
2021-11-19T10:24:03,398|[DEBUG] BasicTypeRegistry - Adding type registration [Ljava.lang.Byte; -> org.hibernate.type.WrapperBinaryType@2116b68b
2021-11-19T10:24:03,398|[DEBUG] BasicTypeRegistry - Adding type registration row_version -> org.hibernate.type.RowVersionType@3e1624c7
2021-11-19T10:24:03,398|[DEBUG] BasicTypeRegistry - Adding type registration image -> org.hibernate.type.ImageType@48535004
2021-11-19T10:24:03,398|[DEBUG] BasicTypeRegistry - Adding type registration characters -> org.hibernate.type.CharArrayType@1aa99005
2021-11-19T10:24:03,398|[DEBUG] BasicTypeRegistry - Adding type registration char[] -> org.hibernate.type.CharArrayType@1aa99005
2021-11-19T10:24:03,398|[DEBUG] BasicTypeRegistry - Adding type registration [C -> org.hibernate.type.CharArrayType@1aa99005
2021-11-19T10:24:03,398|[DEBUG] BasicTypeRegistry - Adding type registration wrapper-characters -> org.hibernate.type.CharacterArrayType@33b082c5
2021-11-19T10:24:03,398|[DEBUG] BasicTypeRegistry - Adding type registration [Ljava.lang.Character; -> org.hibernate.type.CharacterArrayType@33b082c5
2021-11-19T10:24:03,398|[DEBUG] BasicTypeRegistry - Adding type registration Character[] -> org.hibernate.type.CharacterArrayType@33b082c5
2021-11-19T10:24:03,398|[DEBUG] BasicTypeRegistry - Adding type registration text -> org.hibernate.type.TextType@3bead518
2021-11-19T10:24:03,398|[DEBUG] BasicTypeRegistry - Adding type registration ntext -> org.hibernate.type.NTextType@7918c7f8
2021-11-19T10:24:03,398|[DEBUG] BasicTypeRegistry - Adding type registration blob -> org.hibernate.type.BlobType@289fdb08
2021-11-19T10:24:03,398|[DEBUG] BasicTypeRegistry - Adding type registration java.sql.Blob -> org.hibernate.type.BlobType@289fdb08
2021-11-19T10:24:03,398|[DEBUG] BasicTypeRegistry - Adding type registration materialized_blob -> org.hibernate.type.MaterializedBlobType@49cf9028
2021-11-19T10:24:03,398|[DEBUG] BasicTypeRegistry - Adding type registration clob -> org.hibernate.type.ClobType@5136207f
2021-11-19T10:24:03,398|[DEBUG] BasicTypeRegistry - Adding type registration java.sql.Clob -> org.hibernate.type.ClobType@5136207f
2021-11-19T10:24:03,398|[DEBUG] BasicTypeRegistry - Adding type registration nclob -> org.hibernate.type.NClobType@2764c546
2021-11-19T10:24:03,398|[DEBUG] BasicTypeRegistry - Adding type registration java.sql.NClob -> org.hibernate.type.NClobType@2764c546
2021-11-19T10:24:03,398|[DEBUG] BasicTypeRegistry - Adding type registration materialized_clob -> org.hibernate.type.MaterializedClobType@787f32b7
2021-11-19T10:24:03,398|[DEBUG] BasicTypeRegistry - Adding type registration materialized_nclob -> org.hibernate.type.MaterializedNClobType@a52ca2e
2021-11-19T10:24:03,398|[DEBUG] BasicTypeRegistry - Adding type registration serializable -> org.hibernate.type.SerializableType@5cbd159f
2021-11-19T10:24:03,398|[DEBUG] BasicTypeRegistry - Adding type registration object -> org.hibernate.type.ObjectType@6972c30a
2021-11-19T10:24:03,398|[DEBUG] BasicTypeRegistry - Adding type registration java.lang.Object -> org.hibernate.type.ObjectType@6972c30a
2021-11-19T10:24:03,398|[DEBUG] BasicTypeRegistry - Adding type registration imm_date -> org.hibernate.type.AdaptedImmutableType@67b1c3af
2021-11-19T10:24:03,398|[DEBUG] BasicTypeRegistry - Adding type registration imm_time -> org.hibernate.type.AdaptedImmutableType@2e243122
2021-11-19T10:24:03,398|[DEBUG] BasicTypeRegistry - Adding type registration imm_timestamp -> org.hibernate.type.AdaptedImmutableType@2a5c115b
2021-11-19T10:24:03,398|[DEBUG] BasicTypeRegistry - Adding type registration imm_dbtimestamp -> org.hibernate.type.AdaptedImmutableType@49b6373f
2021-11-19T10:24:03,398|[DEBUG] BasicTypeRegistry - Adding type registration imm_calendar -> org.hibernate.type.AdaptedImmutableType@20f3291d
2021-11-19T10:24:03,398|[DEBUG] BasicTypeRegistry - Adding type registration imm_calendar_date -> org.hibernate.type.AdaptedImmutableType@2f51b100
2021-11-19T10:24:03,398|[DEBUG] BasicTypeRegistry - Adding type registration imm_binary -> org.hibernate.type.AdaptedImmutableType@654dbb78
2021-11-19T10:24:03,398|[DEBUG] BasicTypeRegistry - Adding type registration imm_serializable -> org.hibernate.type.AdaptedImmutableType@1dba7721
2021-11-19T10:24:03,399|[TRACE] AbstractServiceRegistryImpl - Initializing service [role=org.hibernate.boot.cfgxml.spi.CfgXmlAccessService]
2021-11-19T10:24:03,399|[DEBUG] BootstrapContextImpl - Injecting ScanEnvironment [org.hibernate.jpa.boot.internal.StandardJpaScanEnvironmentImpl@24381e4a] into BootstrapContext; was [null]
2021-11-19T10:24:03,399|[DEBUG] BootstrapContextImpl - Injecting ScanOptions [org.hibernate.boot.archive.scan.internal.StandardScanOptions@6c3627c] into BootstrapContext; was [org.hibernate.boot.archive.scan.internal.StandardScanOptions@e5d9fa7]
2021-11-19T10:24:03,413|[DEBUG] BootstrapContextImpl - Injecting JPA temp ClassLoader [null] into BootstrapContext; was [null]
2021-11-19T10:24:03,413|[DEBUG] ClassLoaderAccessImpl - ClassLoaderAccessImpl#injectTempClassLoader(null) [was null]
2021-11-19T10:24:03,413|[TRACE] AbstractServiceRegistryImpl - Initializing service [role=org.hibernate.id.factory.spi.MutableIdentifierGeneratorFactory]
2021-11-19T10:24:03,413|[DEBUG] DefaultIdentifierGeneratorFactory - Registering IdentifierGenerator strategy [uuid2] -> [org.hibernate.id.UUIDGenerator]
2021-11-19T10:24:03,413|[DEBUG] DefaultIdentifierGeneratorFactory - Registering IdentifierGenerator strategy [guid] -> [org.hibernate.id.GUIDGenerator]
2021-11-19T10:24:03,413|[DEBUG] DefaultIdentifierGeneratorFactory - Registering IdentifierGenerator strategy [uuid] -> [org.hibernate.id.UUIDHexGenerator]
2021-11-19T10:24:03,413|[DEBUG] DefaultIdentifierGeneratorFactory - Registering IdentifierGenerator strategy [uuid.hex] -> [org.hibernate.id.UUIDHexGenerator]
2021-11-19T10:24:03,413|[DEBUG] DefaultIdentifierGeneratorFactory - Registering IdentifierGenerator strategy [assigned] -> [org.hibernate.id.Assigned]
2021-11-19T10:24:03,413|[DEBUG] DefaultIdentifierGeneratorFactory - Registering IdentifierGenerator strategy [identity] -> [org.hibernate.id.IdentityGenerator]
2021-11-19T10:24:03,413|[DEBUG] DefaultIdentifierGeneratorFactory - Registering IdentifierGenerator strategy [select] -> [org.hibernate.id.SelectGenerator]
2021-11-19T10:24:03,413|[DEBUG] DefaultIdentifierGeneratorFactory - Registering IdentifierGenerator strategy [sequence] -> [org.hibernate.id.enhanced.SequenceStyleGenerator]
2021-11-19T10:24:03,413|[DEBUG] DefaultIdentifierGeneratorFactory - Registering IdentifierGenerator strategy [seqhilo] -> [org.hibernate.id.SequenceHiLoGenerator]
2021-11-19T10:24:03,413|[DEBUG] DefaultIdentifierGeneratorFactory - Registering IdentifierGenerator strategy [increment] -> [org.hibernate.id.IncrementGenerator]
2021-11-19T10:24:03,413|[DEBUG] DefaultIdentifierGeneratorFactory - Registering IdentifierGenerator strategy [foreign] -> [org.hibernate.id.ForeignGenerator]
2021-11-19T10:24:03,413|[DEBUG] DefaultIdentifierGeneratorFactory - Registering IdentifierGenerator strategy [sequence-identity] -> [org.hibernate.id.SequenceIdentityGenerator]
2021-11-19T10:24:03,413|[DEBUG] DefaultIdentifierGeneratorFactory - Registering IdentifierGenerator strategy [enhanced-sequence] -> [org.hibernate.id.enhanced.SequenceStyleGenerator]
2021-11-19T10:24:03,413|[DEBUG] DefaultIdentifierGeneratorFactory - Registering IdentifierGenerator strategy [enhanced-table] -> [org.hibernate.id.enhanced.TableGenerator]
2021-11-19T10:24:03,413|[TRACE] AbstractServiceRegistryImpl - Initializing service [role=org.hibernate.engine.jdbc.env.spi.JdbcEnvironment]
2021-11-19T10:24:03,413|[TRACE] AbstractServiceRegistryImpl - Initializing service [role=org.hibernate.engine.jdbc.dialect.spi.DialectFactory]
2021-11-19T10:24:03,413|[TRACE] AbstractServiceRegistryImpl - Initializing service [role=org.hibernate.engine.jdbc.dialect.spi.DialectResolver]
2021-11-19T10:24:03,413|[TRACE] AbstractServiceRegistryImpl - Initializing service [role=org.hibernate.engine.jdbc.connections.spi.ConnectionProvider]
2021-11-19T10:24:03,413|[WARN ] pooling - HHH10001002: Using Hibernate built-in connection pool (not for production use!)
2021-11-19T10:24:03,413|[INFO ] pooling - HHH10001005: using driver [com.mysql.cj.jdbc.Driver] at URL [jdbc:mysql://localhost:3306/bloodbank?createDatabaseIfNotExist=true&zeroDateTimeBehavior=convertToNull]
2021-11-19T10:24:03,413|[INFO ] pooling - HHH10001001: Connection properties: {password=8277, user=cst8277}
2021-11-19T10:24:03,413|[INFO ] pooling - HHH10001003: Autocommit mode: false
2021-11-19T10:24:03,413|[DEBUG] DriverManagerConnectionProviderImpl - Initializing Connection pool with 1 Connections
2021-11-19T10:24:03,413|[INFO ] DriverManagerConnectionProviderImpl - HHH000115: Hibernate connection pool size: 20 (min=1)
2021-11-19T10:24:03,433|[DEBUG] JdbcEnvironmentInitiator - Database ->
       name : MySQL
    version : 8.0.23
      major : 8
      minor : 0
2021-11-19T10:24:03,436|[DEBUG] JdbcEnvironmentInitiator - Driver ->
       name : MySQL Connector/J
    version : mysql-connector-java-8.0.23 (Revision: 18bbd5e68195d0da083cbd5bd0d05d76320df7cd)
      major : 8
      minor : 0
2021-11-19T10:24:03,436|[DEBUG] JdbcEnvironmentInitiator - JDBC version : 4.2
2021-11-19T10:24:03,436|[INFO ] Dialect - HHH000400: Using dialect: org.hibernate.dialect.MySQL8Dialect
2021-11-19T10:24:03,437|[DEBUG] IdentifierHelperBuilder - JDBC driver metadata reported database stores quoted identifiers in more than one case
2021-11-19T10:24:03,437|[DEBUG] IdentifierHelperBuilder - IdentifierCaseStrategy for both quoted and unquoted identifiers was set to the same strategy [LOWER]; that will likely lead to problems in schema update and validation if using quoted identifiers
2021-11-19T10:24:03,438|[TRACE] NormalizingIdentifierHelperImpl - Normalizing identifier quoting [bloodbank]
2021-11-19T10:24:03,438|[TRACE] NormalizingIdentifierHelperImpl - Normalizing identifier quoting [null]
2021-11-19T10:24:03,439|[TRACE] AbstractServiceRegistryImpl - Initializing service [role=org.hibernate.engine.jdbc.spi.JdbcServices]
2021-11-19T10:24:03,439|[DEBUG] Namespace - Created database namespace [logicalName=Name{catalog=null, schema=null}, physicalName=Name{catalog=null, schema=null}]
2021-11-19T10:24:03,440|[DEBUG] TypeConfiguration$Scope - Scoping TypeConfiguration [org.hibernate.type.spi.TypeConfiguration@f943847] to MetadataBuildingContext [org.hibernate.boot.internal.MetadataBuildingContextRootImpl@4c376b44]
2021-11-19T10:24:03,441|[DEBUG] AnnotationBinder - Binding entity from annotated class: bloodbank.entity.Contact
2021-11-19T10:24:03,441|[DEBUG] QueryBinder - Binding named query: Contact.findAll => SELECT c FROM Contact c
2021-11-19T10:24:03,441|[TRACE] NormalizingIdentifierHelperImpl - Normalizing identifier quoting [DTYPE]
2021-11-19T10:24:03,441|[DEBUG] Ejb3Column - Binding column: Ejb3DiscriminatorColumn{logicalColumnName'DTYPE', discriminatorTypeName='string'}
2021-11-19T10:24:03,441|[DEBUG] EntityBinder - Import with entity name Contact
2021-11-19T10:24:03,441|[TRACE] InFlightMetadataCollectorImpl - Import: Contact -> bloodbank.entity.Contact
2021-11-19T10:24:03,441|[TRACE] InFlightMetadataCollectorImpl - Import: bloodbank.entity.Contact -> bloodbank.entity.Contact
2021-11-19T10:24:03,441|[TRACE] NormalizingIdentifierHelperImpl - Normalizing identifier quoting [contact]
2021-11-19T10:24:03,441|[TRACE] NormalizingIdentifierHelperImpl - Normalizing identifier quoting [contact]
2021-11-19T10:24:03,441|[DEBUG] EntityBinder - Bind entity bloodbank.entity.Contact on table contact
2021-11-19T10:24:03,441|[TRACE] AnnotationBinder - Processing annotations of bloodbank.entity.Contact.id
2021-11-19T10:24:03,441|[TRACE] NormalizingIdentifierHelperImpl - Normalizing identifier quoting [id]
2021-11-19T10:24:03,441|[TRACE] NormalizingIdentifierHelperImpl - Normalizing identifier quoting [id]
2021-11-19T10:24:03,441|[DEBUG] Ejb3Column - Binding column: Ejb3Column{table=org.hibernate.mapping.Table(contact), mappingColumn=id, insertable=true, updatable=true, unique=false}
2021-11-19T10:24:03,441|[DEBUG] ClassLoaderAccessImpl - Not known whether passed class name [bloodbank.entity.Contact] is safe
2021-11-19T10:24:03,441|[DEBUG] ClassLoaderAccessImpl - No temp ClassLoader provided; using live ClassLoader for loading potentially unsafe class : bloodbank.entity.Contact
2021-11-19T10:24:03,441|[TRACE] AnnotationBinder - Binding component with path: bloodbank.entity.Contact.id
2021-11-19T10:24:03,441|[TRACE] AnnotationBinder - Processing annotations of bloodbank.entity.ContactPK.personId
2021-11-19T10:24:03,441|[TRACE] NormalizingIdentifierHelperImpl - Normalizing identifier quoting [person_id]
2021-11-19T10:24:03,441|[TRACE] NormalizingIdentifierHelperImpl - Normalizing identifier quoting [person_id]
2021-11-19T10:24:03,441|[DEBUG] Ejb3Column - Binding column: Ejb3Column{table=org.hibernate.mapping.Table(contact), mappingColumn=person_id, insertable=true, updatable=true, unique=false}
2021-11-19T10:24:03,442|[TRACE] NormalizingIdentifierHelperImpl - Normalizing identifier quoting [person_id]
2021-11-19T10:24:03,442|[DEBUG] Ejb3Column - Binding column: Ejb3JoinColumn{logicalColumnName='person_id', referencedColumn='id', mappedBy=''}
2021-11-19T10:24:03,442|[DEBUG] PropertyBinder - MetadataSourceProcessor property personId with lazy=false
2021-11-19T10:24:03,442|[DEBUG] AbstractPropertyHolder - Attempting to locate auto-apply AttributeConverter for property [bloodbank.entity.Contact.id:personId]
2021-11-19T10:24:03,442|[DEBUG] SimpleValueBinder - building SimpleValue for personId
2021-11-19T10:24:03,442|[TRACE] NormalizingIdentifierHelperImpl - Normalizing identifier quoting [person_id]
2021-11-19T10:24:03,442|[TRACE] NormalizingIdentifierHelperImpl - Normalizing identifier quoting [id]
2021-11-19T10:24:03,442|[TRACE] NormalizingIdentifierHelperImpl - Normalizing identifier quoting [person_id]
2021-11-19T10:24:03,442|[TRACE] NormalizingIdentifierHelperImpl - Normalizing identifier quoting [person_id]
2021-11-19T10:24:03,442|[DEBUG] PropertyBinder - Building property personId
2021-11-19T10:24:03,442|[TRACE] PropertyBinder - Cascading personId with null
2021-11-19T10:24:03,442|[DEBUG] BinderHelper - #makeIdGenerator(org.hibernate.mapping.SimpleValue([org.hibernate.mapping.Column(person_id)]), personId, foreign, Hibernate-local--foreign generator, ...)
2021-11-19T10:24:03,442|[TRACE] AnnotationBinder - Processing annotations of bloodbank.entity.ContactPK.phoneId
2021-11-19T10:24:03,442|[TRACE] NormalizingIdentifierHelperImpl - Normalizing identifier quoting [phone_id]
2021-11-19T10:24:03,442|[TRACE] NormalizingIdentifierHelperImpl - Normalizing identifier quoting [phone_id]
2021-11-19T10:24:03,442|[DEBUG] Ejb3Column - Binding column: Ejb3Column{table=org.hibernate.mapping.Table(contact), mappingColumn=phone_id, insertable=true, updatable=true, unique=false}
2021-11-19T10:24:03,442|[TRACE] NormalizingIdentifierHelperImpl - Normalizing identifier quoting [phone_id]
2021-11-19T10:24:03,442|[DEBUG] Ejb3Column - Binding column: Ejb3JoinColumn{logicalColumnName='phone_id', referencedColumn='phone_id', mappedBy=''}
2021-11-19T10:24:03,442|[DEBUG] PropertyBinder - MetadataSourceProcessor property phoneId with lazy=false
2021-11-19T10:24:03,442|[DEBUG] AbstractPropertyHolder - Attempting to locate auto-apply AttributeConverter for property [bloodbank.entity.Contact.id:phoneId]
2021-11-19T10:24:03,442|[DEBUG] SimpleValueBinder - building SimpleValue for phoneId
2021-11-19T10:24:03,442|[TRACE] NormalizingIdentifierHelperImpl - Normalizing identifier quoting [phone_id]
2021-11-19T10:24:03,442|[TRACE] NormalizingIdentifierHelperImpl - Normalizing identifier quoting [phone_id]
2021-11-19T10:24:03,442|[TRACE] NormalizingIdentifierHelperImpl - Normalizing identifier quoting [phone_id]
2021-11-19T10:24:03,442|[TRACE] NormalizingIdentifierHelperImpl - Normalizing identifier quoting [phone_id]
2021-11-19T10:24:03,442|[DEBUG] PropertyBinder - Building property phoneId
2021-11-19T10:24:03,442|[TRACE] PropertyBinder - Cascading phoneId with null
2021-11-19T10:24:03,442|[DEBUG] BinderHelper - #makeIdGenerator(org.hibernate.mapping.SimpleValue([org.hibernate.mapping.Column(phone_id)]), phoneId, foreign, Hibernate-local--foreign generator, ...)
2021-11-19T10:24:03,442|[DEBUG] PropertyBinder - Building property id
2021-11-19T10:24:03,442|[TRACE] PropertyBinder - Cascading id with null
2021-11-19T10:24:03,442|[DEBUG] BinderHelper - #makeIdGenerator(org.hibernate.mapping.Component([org.hibernate.mapping.Property(personId), org.hibernate.mapping.Property(phoneId)]), id, assigned, , ...)
2021-11-19T10:24:03,442|[TRACE] AnnotationBinder - Bind @EmbeddedId on id
2021-11-19T10:24:03,442|[TRACE] AnnotationBinder - Processing annotations of bloodbank.entity.Contact.epochCreated
2021-11-19T10:24:03,442|[TRACE] NormalizingIdentifierHelperImpl - Normalizing identifier quoting [created]
2021-11-19T10:24:03,442|[TRACE] NormalizingIdentifierHelperImpl - Normalizing identifier quoting [created]
2021-11-19T10:24:03,442|[DEBUG] Ejb3Column - Binding column: Ejb3Column{table=org.hibernate.mapping.Table(contact), mappingColumn=created, insertable=true, updatable=true, unique=false}
2021-11-19T10:24:03,442|[DEBUG] PropertyBinder - MetadataSourceProcessor property epochCreated with lazy=false
2021-11-19T10:24:03,442|[DEBUG] AbstractPropertyHolder - Attempting to locate auto-apply AttributeConverter for property [bloodbank.entity.Contact:epochCreated]
2021-11-19T10:24:03,442|[DEBUG] SimpleValueBinder - building SimpleValue for epochCreated
2021-11-19T10:24:03,442|[TRACE] NormalizingIdentifierHelperImpl - Normalizing identifier quoting [created]
2021-11-19T10:24:03,442|[DEBUG] PropertyBinder - Building property epochCreated
2021-11-19T10:24:03,443|[TRACE] PropertyBinder - Cascading epochCreated with null
2021-11-19T10:24:03,443|[TRACE] AnnotationBinder - Processing annotations of bloodbank.entity.Contact.epochUpdated
2021-11-19T10:24:03,443|[TRACE] NormalizingIdentifierHelperImpl - Normalizing identifier quoting [updated]
2021-11-19T10:24:03,443|[TRACE] NormalizingIdentifierHelperImpl - Normalizing identifier quoting [updated]
2021-11-19T10:24:03,443|[DEBUG] Ejb3Column - Binding column: Ejb3Column{table=org.hibernate.mapping.Table(contact), mappingColumn=updated, insertable=true, updatable=true, unique=false}
2021-11-19T10:24:03,443|[DEBUG] PropertyBinder - MetadataSourceProcessor property epochUpdated with lazy=false
2021-11-19T10:24:03,443|[DEBUG] AbstractPropertyHolder - Attempting to locate auto-apply AttributeConverter for property [bloodbank.entity.Contact:epochUpdated]
2021-11-19T10:24:03,443|[DEBUG] SimpleValueBinder - building SimpleValue for epochUpdated
2021-11-19T10:24:03,443|[TRACE] NormalizingIdentifierHelperImpl - Normalizing identifier quoting [updated]
2021-11-19T10:24:03,443|[DEBUG] PropertyBinder - Building property epochUpdated
2021-11-19T10:24:03,443|[TRACE] PropertyBinder - Cascading epochUpdated with null
2021-11-19T10:24:03,443|[TRACE] AnnotationBinder - Processing annotations of bloodbank.entity.Contact.version
2021-11-19T10:24:03,443|[TRACE] NormalizingIdentifierHelperImpl - Normalizing identifier quoting [version]
2021-11-19T10:24:03,443|[TRACE] NormalizingIdentifierHelperImpl - Normalizing identifier quoting [version]
2021-11-19T10:24:03,443|[DEBUG] Ejb3Column - Binding column: Ejb3Column{table=org.hibernate.mapping.Table(contact), mappingColumn=version, insertable=true, updatable=true, unique=false}
2021-11-19T10:24:03,443|[TRACE] AnnotationBinder - version is a version property
2021-11-19T10:24:03,443|[DEBUG] PropertyBinder - MetadataSourceProcessor property version with lazy=false
2021-11-19T10:24:03,443|[DEBUG] AbstractPropertyHolder - Attempting to locate auto-apply AttributeConverter for property [bloodbank.entity.Contact:version]
2021-11-19T10:24:03,443|[DEBUG] SimpleValueBinder - building SimpleValue for version
2021-11-19T10:24:03,443|[TRACE] NormalizingIdentifierHelperImpl - Normalizing identifier quoting [version]
2021-11-19T10:24:03,443|[TRACE] NormalizingIdentifierHelperImpl - Normalizing identifier quoting [version]
2021-11-19T10:24:03,443|[TRACE] NormalizingIdentifierHelperImpl - Normalizing identifier quoting [version]
2021-11-19T10:24:03,443|[DEBUG] PropertyBinder - Building property version
2021-11-19T10:24:03,443|[TRACE] PropertyBinder - Cascading version with null
2021-11-19T10:24:03,443|[TRACE] AnnotationBinder - Version name: version, unsavedValue: undefined
2021-11-19T10:24:03,443|[TRACE] AnnotationBinder - Processing annotations of bloodbank.entity.Contact.address
2021-11-19T10:24:03,443|[TRACE] NormalizingIdentifierHelperImpl - Normalizing identifier quoting [address_id]
2021-11-19T10:24:03,443|[DEBUG] Ejb3Column - Binding column: Ejb3JoinColumn{logicalColumnName='address_id', referencedColumn='address_id', mappedBy=''}
2021-11-19T10:24:03,443|[TRACE] NormalizingIdentifierHelperImpl - Normalizing identifier quoting [address]
2021-11-19T10:24:03,443|[TRACE] NormalizingIdentifierHelperImpl - Normalizing identifier quoting [address]
2021-11-19T10:24:03,443|[DEBUG] Ejb3Column - Binding column: Ejb3Column{table=org.hibernate.mapping.Table(contact), mappingColumn=address, insertable=true, updatable=true, unique=false}
2021-11-19T10:24:03,443|[DEBUG] PropertyBinder - Building property address
2021-11-19T10:24:03,443|[TRACE] PropertyBinder - Cascading address with all
2021-11-19T10:24:03,443|[TRACE] AnnotationBinder - Processing annotations of bloodbank.entity.Contact.contactType
2021-11-19T10:24:03,443|[TRACE] NormalizingIdentifierHelperImpl - Normalizing identifier quoting [contact_type]
2021-11-19T10:24:03,443|[TRACE] NormalizingIdentifierHelperImpl - Normalizing identifier quoting [contact_type]
2021-11-19T10:24:03,443|[DEBUG] Ejb3Column - Binding column: Ejb3Column{table=org.hibernate.mapping.Table(contact), mappingColumn=contact_type, insertable=true, updatable=true, unique=false}
2021-11-19T10:24:03,443|[DEBUG] PropertyBinder - MetadataSourceProcessor property contactType with lazy=false
2021-11-19T10:24:03,443|[DEBUG] AbstractPropertyHolder - Attempting to locate auto-apply AttributeConverter for property [bloodbank.entity.Contact:contactType]
2021-11-19T10:24:03,443|[DEBUG] SimpleValueBinder - building SimpleValue for contactType
2021-11-19T10:24:03,443|[TRACE] NormalizingIdentifierHelperImpl - Normalizing identifier quoting [contact_type]
2021-11-19T10:24:03,443|[DEBUG] PropertyBinder - Building property contactType
2021-11-19T10:24:03,443|[TRACE] PropertyBinder - Cascading contactType with null
2021-11-19T10:24:03,443|[TRACE] AnnotationBinder - Processing annotations of bloodbank.entity.Contact.email
2021-11-19T10:24:03,443|[TRACE] NormalizingIdentifierHelperImpl - Normalizing identifier quoting [email]
2021-11-19T10:24:03,443|[TRACE] NormalizingIdentifierHelperImpl - Normalizing identifier quoting [email]
2021-11-19T10:24:03,443|[DEBUG] Ejb3Column - Binding column: Ejb3Column{table=org.hibernate.mapping.Table(contact), mappingColumn=email, insertable=true, updatable=true, unique=false}
2021-11-19T10:24:03,443|[DEBUG] PropertyBinder - MetadataSourceProcessor property email with lazy=false
2021-11-19T10:24:03,443|[DEBUG] AbstractPropertyHolder - Attempting to locate auto-apply AttributeConverter for property [bloodbank.entity.Contact:email]
2021-11-19T10:24:03,443|[DEBUG] SimpleValueBinder - building SimpleValue for email
2021-11-19T10:24:03,443|[TRACE] NormalizingIdentifierHelperImpl - Normalizing identifier quoting [email]
2021-11-19T10:24:03,443|[DEBUG] PropertyBinder - Building property email
2021-11-19T10:24:03,443|[TRACE] PropertyBinder - Cascading email with null
2021-11-19T10:24:03,443|[TRACE] AnnotationBinder - Processing annotations of bloodbank.entity.Contact.owner
2021-11-19T10:24:03,443|[TRACE] NormalizingIdentifierHelperImpl - Normalizing identifier quoting [person_id]
2021-11-19T10:24:03,443|[DEBUG] Ejb3Column - Binding column: Ejb3JoinColumn{logicalColumnName='person_id', referencedColumn='id', mappedBy=''}
2021-11-19T10:24:03,444|[TRACE] NormalizingIdentifierHelperImpl - Normalizing identifier quoting [owner]
2021-11-19T10:24:03,444|[TRACE] NormalizingIdentifierHelperImpl - Normalizing identifier quoting [owner]
2021-11-19T10:24:03,444|[DEBUG] Ejb3Column - Binding column: Ejb3Column{table=org.hibernate.mapping.Table(contact), mappingColumn=owner, insertable=true, updatable=true, unique=false}
2021-11-19T10:24:03,444|[DEBUG] PropertyBinder - Building property owner
2021-11-19T10:24:03,444|[TRACE] PropertyBinder - Cascading owner with all,persist
2021-11-19T10:24:03,444|[TRACE] AnnotationBinder - Processing annotations of bloodbank.entity.Contact.phone
2021-11-19T10:24:03,444|[TRACE] NormalizingIdentifierHelperImpl - Normalizing identifier quoting [phone_id]
2021-11-19T10:24:03,444|[DEBUG] Ejb3Column - Binding column: Ejb3JoinColumn{logicalColumnName='phone_id', referencedColumn='phone_id', mappedBy=''}
2021-11-19T10:24:03,444|[TRACE] NormalizingIdentifierHelperImpl - Normalizing identifier quoting [phone]
2021-11-19T10:24:03,444|[TRACE] NormalizingIdentifierHelperImpl - Normalizing identifier quoting [phone]
2021-11-19T10:24:03,444|[DEBUG] Ejb3Column - Binding column: Ejb3Column{table=org.hibernate.mapping.Table(contact), mappingColumn=phone, insertable=true, updatable=true, unique=false}
2021-11-19T10:24:03,444|[DEBUG] PropertyBinder - Building property phone
2021-11-19T10:24:03,444|[TRACE] PropertyBinder - Cascading phone with all,persist
2021-11-19T10:24:03,444|[DEBUG] AnnotationBinder - Binding entity from annotated class: bloodbank.entity.Phone
2021-11-19T10:24:03,444|[TRACE] NormalizingIdentifierHelperImpl - Normalizing identifier quoting [DTYPE]
2021-11-19T10:24:03,444|[DEBUG] Ejb3Column - Binding column: Ejb3DiscriminatorColumn{logicalColumnName'DTYPE', discriminatorTypeName='string'}
2021-11-19T10:24:03,444|[DEBUG] EntityBinder - Import with entity name Phone
2021-11-19T10:24:03,444|[TRACE] InFlightMetadataCollectorImpl - Import: Phone -> bloodbank.entity.Phone
2021-11-19T10:24:03,444|[TRACE] InFlightMetadataCollectorImpl - Import: bloodbank.entity.Phone -> bloodbank.entity.Phone
2021-11-19T10:24:03,444|[TRACE] NormalizingIdentifierHelperImpl - Normalizing identifier quoting [phone]
2021-11-19T10:24:03,444|[TRACE] NormalizingIdentifierHelperImpl - Normalizing identifier quoting [phone]
2021-11-19T10:24:03,444|[DEBUG] EntityBinder - Bind entity bloodbank.entity.Phone on table phone
2021-11-19T10:24:03,444|[TRACE] AnnotationBinder - Processing annotations of bloodbank.entity.Phone.id
2021-11-19T10:24:03,444|[DEBUG] Ejb3Column - Column(s) overridden for property id
2021-11-19T10:24:03,444|[TRACE] NormalizingIdentifierHelperImpl - Normalizing identifier quoting [phone_id]
2021-11-19T10:24:03,444|[TRACE] NormalizingIdentifierHelperImpl - Normalizing identifier quoting [phone_id]
2021-11-19T10:24:03,444|[DEBUG] Ejb3Column - Binding column: Ejb3Column{table=org.hibernate.mapping.Table(phone), mappingColumn=phone_id, insertable=true, updatable=true, unique=false}
2021-11-19T10:24:03,444|[DEBUG] ClassLoaderAccessImpl - Not known whether passed class name [bloodbank.entity.Phone] is safe
2021-11-19T10:24:03,444|[DEBUG] ClassLoaderAccessImpl - No temp ClassLoader provided; using live ClassLoader for loading potentially unsafe class : bloodbank.entity.Phone
2021-11-19T10:24:03,444|[DEBUG] PropertyBinder - MetadataSourceProcessor property id with lazy=false
2021-11-19T10:24:03,444|[DEBUG] AbstractPropertyHolder - Attempting to locate auto-apply AttributeConverter for property [bloodbank.entity.Phone:id]
2021-11-19T10:24:03,444|[DEBUG] SimpleValueBinder - building SimpleValue for id
2021-11-19T10:24:03,444|[TRACE] NormalizingIdentifierHelperImpl - Normalizing identifier quoting [phone_id]
2021-11-19T10:24:03,444|[DEBUG] PropertyBinder - Building property id
2021-11-19T10:24:03,444|[TRACE] PropertyBinder - Cascading id with null
2021-11-19T10:24:03,444|[DEBUG] BinderHelper - #makeIdGenerator(org.hibernate.mapping.SimpleValue([org.hibernate.mapping.Column(phone_id)]), id, identity, , ...)
2021-11-19T10:24:03,444|[TRACE] AnnotationBinder - Bind @Id on id
2021-11-19T10:24:03,444|[TRACE] AnnotationBinder - Processing annotations of bloodbank.entity.Phone.epochCreated
2021-11-19T10:24:03,444|[TRACE] NormalizingIdentifierHelperImpl - Normalizing identifier quoting [created]
2021-11-19T10:24:03,444|[TRACE] NormalizingIdentifierHelperImpl - Normalizing identifier quoting [created]
2021-11-19T10:24:03,444|[DEBUG] Ejb3Column - Binding column: Ejb3Column{table=org.hibernate.mapping.Table(phone), mappingColumn=created, insertable=true, updatable=true, unique=false}
2021-11-19T10:24:03,444|[DEBUG] PropertyBinder - MetadataSourceProcessor property epochCreated with lazy=false
2021-11-19T10:24:03,444|[DEBUG] AbstractPropertyHolder - Attempting to locate auto-apply AttributeConverter for property [bloodbank.entity.Phone:epochCreated]
2021-11-19T10:24:03,444|[DEBUG] SimpleValueBinder - building SimpleValue for epochCreated
2021-11-19T10:24:03,444|[TRACE] NormalizingIdentifierHelperImpl - Normalizing identifier quoting [created]
2021-11-19T10:24:03,445|[DEBUG] PropertyBinder - Building property epochCreated
2021-11-19T10:24:03,445|[TRACE] PropertyBinder - Cascading epochCreated with null
2021-11-19T10:24:03,445|[TRACE] AnnotationBinder - Processing annotations of bloodbank.entity.Phone.epochUpdated
2021-11-19T10:24:03,445|[TRACE] NormalizingIdentifierHelperImpl - Normalizing identifier quoting [updated]
2021-11-19T10:24:03,445|[TRACE] NormalizingIdentifierHelperImpl - Normalizing identifier quoting [updated]
2021-11-19T10:24:03,445|[DEBUG] Ejb3Column - Binding column: Ejb3Column{table=org.hibernate.mapping.Table(phone), mappingColumn=updated, insertable=true, updatable=true, unique=false}
2021-11-19T10:24:03,445|[DEBUG] PropertyBinder - MetadataSourceProcessor property epochUpdated with lazy=false
2021-11-19T10:24:03,445|[DEBUG] AbstractPropertyHolder - Attempting to locate auto-apply AttributeConverter for property [bloodbank.entity.Phone:epochUpdated]
2021-11-19T10:24:03,445|[DEBUG] SimpleValueBinder - building SimpleValue for epochUpdated
2021-11-19T10:24:03,445|[TRACE] NormalizingIdentifierHelperImpl - Normalizing identifier quoting [updated]
2021-11-19T10:24:03,445|[DEBUG] PropertyBinder - Building property epochUpdated
2021-11-19T10:24:03,445|[TRACE] PropertyBinder - Cascading epochUpdated with null
2021-11-19T10:24:03,445|[TRACE] AnnotationBinder - Processing annotations of bloodbank.entity.Phone.version
2021-11-19T10:24:03,445|[TRACE] NormalizingIdentifierHelperImpl - Normalizing identifier quoting [version]
2021-11-19T10:24:03,445|[TRACE] NormalizingIdentifierHelperImpl - Normalizing identifier quoting [version]
2021-11-19T10:24:03,445|[DEBUG] Ejb3Column - Binding column: Ejb3Column{table=org.hibernate.mapping.Table(phone), mappingColumn=version, insertable=true, updatable=true, unique=false}
2021-11-19T10:24:03,445|[TRACE] AnnotationBinder - version is a version property
2021-11-19T10:24:03,445|[DEBUG] PropertyBinder - MetadataSourceProcessor property version with lazy=false
2021-11-19T10:24:03,445|[DEBUG] AbstractPropertyHolder - Attempting to locate auto-apply AttributeConverter for property [bloodbank.entity.Phone:version]
2021-11-19T10:24:03,445|[DEBUG] SimpleValueBinder - building SimpleValue for version
2021-11-19T10:24:03,445|[TRACE] NormalizingIdentifierHelperImpl - Normalizing identifier quoting [version]
2021-11-19T10:24:03,445|[TRACE] NormalizingIdentifierHelperImpl - Normalizing identifier quoting [version]
2021-11-19T10:24:03,445|[TRACE] NormalizingIdentifierHelperImpl - Normalizing identifier quoting [version]
2021-11-19T10:24:03,445|[DEBUG] PropertyBinder - Building property version
2021-11-19T10:24:03,445|[TRACE] PropertyBinder - Cascading version with null
2021-11-19T10:24:03,445|[TRACE] AnnotationBinder - Version name: version, unsavedValue: undefined
2021-11-19T10:24:03,445|[TRACE] AnnotationBinder - Processing annotations of bloodbank.entity.Phone.areaCode
2021-11-19T10:24:03,445|[TRACE] NormalizingIdentifierHelperImpl - Normalizing identifier quoting [area_code]
2021-11-19T10:24:03,445|[TRACE] NormalizingIdentifierHelperImpl - Normalizing identifier quoting [area_code]
2021-11-19T10:24:03,445|[DEBUG] Ejb3Column - Binding column: Ejb3Column{table=org.hibernate.mapping.Table(phone), mappingColumn=area_code, insertable=true, updatable=true, unique=false}
2021-11-19T10:24:03,445|[DEBUG] PropertyBinder - MetadataSourceProcessor property areaCode with lazy=false
2021-11-19T10:24:03,445|[DEBUG] AbstractPropertyHolder - Attempting to locate auto-apply AttributeConverter for property [bloodbank.entity.Phone:areaCode]
2021-11-19T10:24:03,445|[DEBUG] SimpleValueBinder - building SimpleValue for areaCode
2021-11-19T10:24:03,445|[TRACE] NormalizingIdentifierHelperImpl - Normalizing identifier quoting [area_code]
2021-11-19T10:24:03,445|[DEBUG] PropertyBinder - Building property areaCode
2021-11-19T10:24:03,445|[TRACE] PropertyBinder - Cascading areaCode with null
2021-11-19T10:24:03,445|[TRACE] AnnotationBinder - Processing annotations of bloodbank.entity.Phone.contacts
2021-11-19T10:24:03,445|[TRACE] NormalizingIdentifierHelperImpl - Normalizing identifier quoting [phone_id]
2021-11-19T10:24:03,445|[DEBUG] Ejb3Column - Binding column: Ejb3JoinColumn{logicalColumnName='phone_id', referencedColumn='phone_id', mappedBy=''}
2021-11-19T10:24:03,445|[TRACE] NormalizingIdentifierHelperImpl - Normalizing identifier quoting [contacts]
2021-11-19T10:24:03,445|[TRACE] NormalizingIdentifierHelperImpl - Normalizing identifier quoting [contacts]
2021-11-19T10:24:03,445|[DEBUG] Ejb3Column - Binding column: Ejb3Column{table=org.hibernate.mapping.Table(phone), mappingColumn=contacts, insertable=true, updatable=true, unique=false}
2021-11-19T10:24:03,445|[DEBUG] Ejb3Column - Binding column: Ejb3Column{table=org.hibernate.mapping.Table(phone), mappingColumn=null, insertable=true, updatable=true, unique=false}
2021-11-19T10:24:03,445|[TRACE] NormalizingIdentifierHelperImpl - Normalizing identifier quoting [element]
2021-11-19T10:24:03,445|[TRACE] NormalizingIdentifierHelperImpl - Normalizing identifier quoting [element]
2021-11-19T10:24:03,445|[DEBUG] Ejb3Column - Binding column: Ejb3Column{table=org.hibernate.mapping.Table(phone), mappingColumn=element, insertable=true, updatable=true, unique=false}
2021-11-19T10:24:03,445|[TRACE] NormalizingIdentifierHelperImpl - Normalizing identifier quoting [contacts_KEY]
2021-11-19T10:24:03,445|[DEBUG] Ejb3Column - Binding column: Ejb3Column{table=org.hibernate.mapping.Table(phone), mappingColumn=contacts_KEY, insertable=true, updatable=true, unique=false}
2021-11-19T10:24:03,445|[TRACE] NormalizingIdentifierHelperImpl - Normalizing identifier quoting [contacts_KEY]
2021-11-19T10:24:03,445|[DEBUG] Ejb3Column - Binding column: Ejb3JoinColumn{logicalColumnName='contacts_KEY', referencedColumn='null', mappedBy='null'}
2021-11-19T10:24:03,445|[DEBUG] Ejb3Column - Binding column: Ejb3JoinColumn{logicalColumnName='null', referencedColumn='null', mappedBy=''}
2021-11-19T10:24:03,445|[DEBUG] Ejb3Column - Binding column: Ejb3JoinColumn{logicalColumnName='null', referencedColumn='null', mappedBy=''}
2021-11-19T10:24:03,445|[DEBUG] CollectionBinder - Collection role: bloodbank.entity.Phone.contacts
2021-11-19T10:24:03,445|[DEBUG] PropertyBinder - Building property contacts
2021-11-19T10:24:03,445|[TRACE] PropertyBinder - Cascading contacts with persist,merge,refresh,evict
2021-11-19T10:24:03,445|[TRACE] AnnotationBinder - Processing annotations of bloodbank.entity.Phone.countryCode
2021-11-19T10:24:03,445|[TRACE] NormalizingIdentifierHelperImpl - Normalizing identifier quoting [country_code]
2021-11-19T10:24:03,445|[TRACE] NormalizingIdentifierHelperImpl - Normalizing identifier quoting [country_code]
2021-11-19T10:24:03,445|[DEBUG] Ejb3Column - Binding column: Ejb3Column{table=org.hibernate.mapping.Table(phone), mappingColumn=country_code, insertable=true, updatable=true, unique=false}
2021-11-19T10:24:03,445|[DEBUG] PropertyBinder - MetadataSourceProcessor property countryCode with lazy=false
2021-11-19T10:24:03,445|[DEBUG] AbstractPropertyHolder - Attempting to locate auto-apply AttributeConverter for property [bloodbank.entity.Phone:countryCode]
2021-11-19T10:24:03,445|[DEBUG] SimpleValueBinder - building SimpleValue for countryCode
2021-11-19T10:24:03,445|[TRACE] NormalizingIdentifierHelperImpl - Normalizing identifier quoting [country_code]
2021-11-19T10:24:03,445|[DEBUG] PropertyBinder - Building property countryCode
2021-11-19T10:24:03,445|[TRACE] PropertyBinder - Cascading countryCode with null
2021-11-19T10:24:03,445|[TRACE] AnnotationBinder - Processing annotations of bloodbank.entity.Phone.number
2021-11-19T10:24:03,445|[TRACE] NormalizingIdentifierHelperImpl - Normalizing identifier quoting [number]
2021-11-19T10:24:03,445|[TRACE] NormalizingIdentifierHelperImpl - Normalizing identifier quoting [number]
2021-11-19T10:24:03,445|[DEBUG] Ejb3Column - Binding column: Ejb3Column{table=org.hibernate.mapping.Table(phone), mappingColumn=number, insertable=true, updatable=true, unique=false}
2021-11-19T10:24:03,446|[DEBUG] PropertyBinder - MetadataSourceProcessor property number with lazy=false
2021-11-19T10:24:03,446|[DEBUG] AbstractPropertyHolder - Attempting to locate auto-apply AttributeConverter for property [bloodbank.entity.Phone:number]
2021-11-19T10:24:03,446|[DEBUG] SimpleValueBinder - building SimpleValue for number
2021-11-19T10:24:03,446|[TRACE] NormalizingIdentifierHelperImpl - Normalizing identifier quoting [number]
2021-11-19T10:24:03,446|[TRACE] NormalizingIdentifierHelperImpl - Normalizing identifier quoting [number]
2021-11-19T10:24:03,446|[TRACE] NormalizingIdentifierHelperImpl - Normalizing identifier quoting [number]
2021-11-19T10:24:03,446|[DEBUG] PropertyBinder - Building property number
2021-11-19T10:24:03,446|[TRACE] PropertyBinder - Cascading number with null
2021-11-19T10:24:03,446|[DEBUG] AnnotationBinder - Binding entity from annotated class: bloodbank.entity.BloodDonation
2021-11-19T10:24:03,446|[TRACE] NormalizingIdentifierHelperImpl - Normalizing identifier quoting [DTYPE]
2021-11-19T10:24:03,446|[DEBUG] Ejb3Column - Binding column: Ejb3DiscriminatorColumn{logicalColumnName'DTYPE', discriminatorTypeName='string'}
2021-11-19T10:24:03,446|[DEBUG] EntityBinder - Import with entity name BloodDonation
2021-11-19T10:24:03,446|[TRACE] InFlightMetadataCollectorImpl - Import: BloodDonation -> bloodbank.entity.BloodDonation
2021-11-19T10:24:03,446|[TRACE] InFlightMetadataCollectorImpl - Import: bloodbank.entity.BloodDonation -> bloodbank.entity.BloodDonation
2021-11-19T10:24:03,446|[TRACE] NormalizingIdentifierHelperImpl - Normalizing identifier quoting [blood_donation]
2021-11-19T10:24:03,446|[TRACE] NormalizingIdentifierHelperImpl - Normalizing identifier quoting [blood_donation]
2021-11-19T10:24:03,446|[DEBUG] EntityBinder - Bind entity bloodbank.entity.BloodDonation on table blood_donation
2021-11-19T10:24:03,446|[TRACE] AnnotationBinder - Processing annotations of bloodbank.entity.BloodDonation.id
2021-11-19T10:24:03,446|[DEBUG] Ejb3Column - Column(s) overridden for property id
2021-11-19T10:24:03,446|[TRACE] NormalizingIdentifierHelperImpl - Normalizing identifier quoting [donation_id]
2021-11-19T10:24:03,446|[TRACE] NormalizingIdentifierHelperImpl - Normalizing identifier quoting [donation_id]
2021-11-19T10:24:03,446|[DEBUG] Ejb3Column - Binding column: Ejb3Column{table=org.hibernate.mapping.Table(blood_donation), mappingColumn=donation_id, insertable=true, updatable=true, unique=false}
2021-11-19T10:24:03,446|[DEBUG] ClassLoaderAccessImpl - Not known whether passed class name [bloodbank.entity.BloodDonation] is safe
2021-11-19T10:24:03,446|[DEBUG] ClassLoaderAccessImpl - No temp ClassLoader provided; using live ClassLoader for loading potentially unsafe class : bloodbank.entity.BloodDonation
2021-11-19T10:24:03,446|[DEBUG] PropertyBinder - MetadataSourceProcessor property id with lazy=false
2021-11-19T10:24:03,446|[DEBUG] AbstractPropertyHolder - Attempting to locate auto-apply AttributeConverter for property [bloodbank.entity.BloodDonation:id]
2021-11-19T10:24:03,446|[DEBUG] SimpleValueBinder - building SimpleValue for id
2021-11-19T10:24:03,446|[TRACE] NormalizingIdentifierHelperImpl - Normalizing identifier quoting [donation_id]
2021-11-19T10:24:03,446|[DEBUG] PropertyBinder - Building property id
2021-11-19T10:24:03,446|[TRACE] PropertyBinder - Cascading id with null
2021-11-19T10:24:03,446|[DEBUG] BinderHelper - #makeIdGenerator(org.hibernate.mapping.SimpleValue([org.hibernate.mapping.Column(donation_id)]), id, identity, , ...)
2021-11-19T10:24:03,446|[TRACE] AnnotationBinder - Bind @Id on id
2021-11-19T10:24:03,446|[TRACE] AnnotationBinder - Processing annotations of bloodbank.entity.BloodDonation.epochCreated
2021-11-19T10:24:03,446|[TRACE] NormalizingIdentifierHelperImpl - Normalizing identifier quoting [created]
2021-11-19T10:24:03,446|[TRACE] NormalizingIdentifierHelperImpl - Normalizing identifier quoting [created]
2021-11-19T10:24:03,446|[DEBUG] Ejb3Column - Binding column: Ejb3Column{table=org.hibernate.mapping.Table(blood_donation), mappingColumn=created, insertable=true, updatable=true, unique=false}
2021-11-19T10:24:03,446|[DEBUG] PropertyBinder - MetadataSourceProcessor property epochCreated with lazy=false
2021-11-19T10:24:03,446|[DEBUG] AbstractPropertyHolder - Attempting to locate auto-apply AttributeConverter for property [bloodbank.entity.BloodDonation:epochCreated]
2021-11-19T10:24:03,446|[DEBUG] SimpleValueBinder - building SimpleValue for epochCreated
2021-11-19T10:24:03,446|[TRACE] NormalizingIdentifierHelperImpl - Normalizing identifier quoting [created]
2021-11-19T10:24:03,446|[DEBUG] PropertyBinder - Building property epochCreated
2021-11-19T10:24:03,446|[TRACE] PropertyBinder - Cascading epochCreated with null
2021-11-19T10:24:03,446|[TRACE] AnnotationBinder - Processing annotations of bloodbank.entity.BloodDonation.epochUpdated
2021-11-19T10:24:03,446|[TRACE] NormalizingIdentifierHelperImpl - Normalizing identifier quoting [updated]
2021-11-19T10:24:03,446|[TRACE] NormalizingIdentifierHelperImpl - Normalizing identifier quoting [updated]
2021-11-19T10:24:03,446|[DEBUG] Ejb3Column - Binding column: Ejb3Column{table=org.hibernate.mapping.Table(blood_donation), mappingColumn=updated, insertable=true, updatable=true, unique=false}
2021-11-19T10:24:03,446|[DEBUG] PropertyBinder - MetadataSourceProcessor property epochUpdated with lazy=false
2021-11-19T10:24:03,446|[DEBUG] AbstractPropertyHolder - Attempting to locate auto-apply AttributeConverter for property [bloodbank.entity.BloodDonation:epochUpdated]
2021-11-19T10:24:03,446|[DEBUG] SimpleValueBinder - building SimpleValue for epochUpdated
2021-11-19T10:24:03,446|[TRACE] NormalizingIdentifierHelperImpl - Normalizing identifier quoting [updated]
2021-11-19T10:24:03,446|[DEBUG] PropertyBinder - Building property epochUpdated
2021-11-19T10:24:03,446|[TRACE] PropertyBinder - Cascading epochUpdated with null
2021-11-19T10:24:03,446|[TRACE] AnnotationBinder - Processing annotations of bloodbank.entity.BloodDonation.version
2021-11-19T10:24:03,446|[TRACE] NormalizingIdentifierHelperImpl - Normalizing identifier quoting [version]
2021-11-19T10:24:03,446|[TRACE] NormalizingIdentifierHelperImpl - Normalizing identifier quoting [version]
2021-11-19T10:24:03,446|[DEBUG] Ejb3Column - Binding column: Ejb3Column{table=org.hibernate.mapping.Table(blood_donation), mappingColumn=version, insertable=true, updatable=true, unique=false}
2021-11-19T10:24:03,446|[TRACE] AnnotationBinder - version is a version property
2021-11-19T10:24:03,446|[DEBUG] PropertyBinder - MetadataSourceProcessor property version with lazy=false
2021-11-19T10:24:03,446|[DEBUG] AbstractPropertyHolder - Attempting to locate auto-apply AttributeConverter for property [bloodbank.entity.BloodDonation:version]
2021-11-19T10:24:03,446|[DEBUG] SimpleValueBinder - building SimpleValue for version
2021-11-19T10:24:03,446|[TRACE] NormalizingIdentifierHelperImpl - Normalizing identifier quoting [version]
2021-11-19T10:24:03,446|[TRACE] NormalizingIdentifierHelperImpl - Normalizing identifier quoting [version]
2021-11-19T10:24:03,446|[TRACE] NormalizingIdentifierHelperImpl - Normalizing identifier quoting [version]
2021-11-19T10:24:03,446|[DEBUG] PropertyBinder - Building property version
2021-11-19T10:24:03,446|[TRACE] PropertyBinder - Cascading version with null
2021-11-19T10:24:03,446|[TRACE] AnnotationBinder - Version name: version, unsavedValue: undefined
2021-11-19T10:24:03,447|[TRACE] AnnotationBinder - Processing annotations of bloodbank.entity.BloodDonation.bank
2021-11-19T10:24:03,447|[TRACE] NormalizingIdentifierHelperImpl - Normalizing identifier quoting [bank_id]
2021-11-19T10:24:03,447|[DEBUG] Ejb3Column - Binding column: Ejb3JoinColumn{logicalColumnName='bank_id', referencedColumn='bank_id', mappedBy=''}
2021-11-19T10:24:03,447|[TRACE] NormalizingIdentifierHelperImpl - Normalizing identifier quoting [bank]
2021-11-19T10:24:03,447|[TRACE] NormalizingIdentifierHelperImpl - Normalizing identifier quoting [bank]
2021-11-19T10:24:03,447|[DEBUG] Ejb3Column - Binding column: Ejb3Column{table=org.hibernate.mapping.Table(blood_donation), mappingColumn=bank, insertable=true, updatable=true, unique=false}
2021-11-19T10:24:03,447|[DEBUG] PropertyBinder - Building property bank
2021-11-19T10:24:03,447|[TRACE] PropertyBinder - Cascading bank with all
2021-11-19T10:24:03,447|[TRACE] AnnotationBinder - Processing annotations of bloodbank.entity.BloodDonation.bloodType
2021-11-19T10:24:03,447|[TRACE] NormalizingIdentifierHelperImpl - Normalizing identifier quoting [bloodType]
2021-11-19T10:24:03,447|[TRACE] NormalizingIdentifierHelperImpl - Normalizing identifier quoting [bloodType]
2021-11-19T10:24:03,447|[DEBUG] Ejb3Column - Binding column: Ejb3Column{table=org.hibernate.mapping.Table(blood_donation), mappingColumn=bloodType, insertable=true, updatable=true, unique=false}
2021-11-19T10:24:03,447|[TRACE] AnnotationBinder - Binding component with path: bloodbank.entity.BloodDonation.bloodType
2021-11-19T10:24:03,447|[TRACE] AnnotationBinder - Processing annotations of bloodbank.entity.BloodType.bloodGroup
2021-11-19T10:24:03,447|[TRACE] NormalizingIdentifierHelperImpl - Normalizing identifier quoting [blood_group]
2021-11-19T10:24:03,447|[TRACE] NormalizingIdentifierHelperImpl - Normalizing identifier quoting [blood_group]
2021-11-19T10:24:03,447|[DEBUG] Ejb3Column - Binding column: Ejb3Column{table=org.hibernate.mapping.Table(blood_donation), mappingColumn=blood_group, insertable=true, updatable=true, unique=false}
2021-11-19T10:24:03,447|[DEBUG] PropertyBinder - MetadataSourceProcessor property bloodGroup with lazy=false
2021-11-19T10:24:03,447|[DEBUG] AbstractPropertyHolder - Attempting to locate auto-apply AttributeConverter for property [bloodbank.entity.BloodDonation.bloodType:bloodGroup]
2021-11-19T10:24:03,447|[DEBUG] SimpleValueBinder - building SimpleValue for bloodGroup
2021-11-19T10:24:03,447|[TRACE] NormalizingIdentifierHelperImpl - Normalizing identifier quoting [blood_group]
2021-11-19T10:24:03,447|[DEBUG] PropertyBinder - Building property bloodGroup
2021-11-19T10:24:03,447|[TRACE] PropertyBinder - Cascading bloodGroup with null
2021-11-19T10:24:03,447|[TRACE] AnnotationBinder - Processing annotations of bloodbank.entity.BloodType.rhd
2021-11-19T10:24:03,447|[TRACE] NormalizingIdentifierHelperImpl - Normalizing identifier quoting [rhd]
2021-11-19T10:24:03,447|[TRACE] NormalizingIdentifierHelperImpl - Normalizing identifier quoting [rhd]
2021-11-19T10:24:03,447|[DEBUG] Ejb3Column - Binding column: Ejb3Column{table=org.hibernate.mapping.Table(blood_donation), mappingColumn=rhd, insertable=true, updatable=true, unique=false}
2021-11-19T10:24:03,447|[DEBUG] PropertyBinder - MetadataSourceProcessor property rhd with lazy=false
2021-11-19T10:24:03,447|[DEBUG] AbstractPropertyHolder - Attempting to locate auto-apply AttributeConverter for property [bloodbank.entity.BloodDonation.bloodType:rhd]
2021-11-19T10:24:03,447|[DEBUG] SimpleValueBinder - building SimpleValue for rhd
2021-11-19T10:24:03,447|[TRACE] NormalizingIdentifierHelperImpl - Normalizing identifier quoting [rhd]
2021-11-19T10:24:03,447|[DEBUG] PropertyBinder - Building property rhd
2021-11-19T10:24:03,447|[TRACE] PropertyBinder - Cascading rhd with null
2021-11-19T10:24:03,447|[DEBUG] PropertyBinder - Building property bloodType
2021-11-19T10:24:03,447|[TRACE] PropertyBinder - Cascading bloodType with null
2021-11-19T10:24:03,447|[TRACE] AnnotationBinder - Processing annotations of bloodbank.entity.BloodDonation.milliliters
2021-11-19T10:24:03,447|[TRACE] NormalizingIdentifierHelperImpl - Normalizing identifier quoting [milliliters]
2021-11-19T10:24:03,447|[TRACE] NormalizingIdentifierHelperImpl - Normalizing identifier quoting [milliliters]
2021-11-19T10:24:03,447|[DEBUG] Ejb3Column - Binding column: Ejb3Column{table=org.hibernate.mapping.Table(blood_donation), mappingColumn=milliliters, insertable=true, updatable=true, unique=false}
2021-11-19T10:24:03,447|[DEBUG] PropertyBinder - MetadataSourceProcessor property milliliters with lazy=false
2021-11-19T10:24:03,447|[DEBUG] AbstractPropertyHolder - Attempting to locate auto-apply AttributeConverter for property [bloodbank.entity.BloodDonation:milliliters]
2021-11-19T10:24:03,447|[DEBUG] SimpleValueBinder - building SimpleValue for milliliters
2021-11-19T10:24:03,447|[TRACE] NormalizingIdentifierHelperImpl - Normalizing identifier quoting [milliliters]
2021-11-19T10:24:03,447|[TRACE] NormalizingIdentifierHelperImpl - Normalizing identifier quoting [milliliters]
2021-11-19T10:24:03,447|[TRACE] NormalizingIdentifierHelperImpl - Normalizing identifier quoting [milliliters]
2021-11-19T10:24:03,448|[DEBUG] PropertyBinder - Building property milliliters
2021-11-19T10:24:03,448|[TRACE] PropertyBinder - Cascading milliliters with null
2021-11-19T10:24:03,448|[TRACE] AnnotationBinder - Processing annotations of bloodbank.entity.BloodDonation.record
2021-11-19T10:24:03,448|[TRACE] NormalizingIdentifierHelperImpl - Normalizing identifier quoting [donation_id]
2021-11-19T10:24:03,448|[DEBUG] Ejb3Column - Binding column: Ejb3JoinColumn{logicalColumnName='donation_id', referencedColumn='donation_id', mappedBy=''}
2021-11-19T10:24:03,448|[TRACE] NormalizingIdentifierHelperImpl - Normalizing identifier quoting [record]
2021-11-19T10:24:03,448|[TRACE] NormalizingIdentifierHelperImpl - Normalizing identifier quoting [record]
2021-11-19T10:24:03,448|[DEBUG] Ejb3Column - Binding column: Ejb3Column{table=org.hibernate.mapping.Table(blood_donation), mappingColumn=record, insertable=true, updatable=true, unique=false}
2021-11-19T10:24:03,448|[TRACE] AnnotationBinder - Fetching record with SELECT
2021-11-19T10:24:03,448|[DEBUG] AnnotationBinder - Binding entity from annotated class: bloodbank.entity.BloodBank
2021-11-19T10:24:03,448|[TRACE] NormalizingIdentifierHelperImpl - Normalizing identifier quoting [privately_owned]
2021-11-19T10:24:03,448|[DEBUG] Ejb3Column - Binding column: Ejb3DiscriminatorColumn{logicalColumnName'privately_owned', discriminatorTypeName='integer'}
2021-11-19T10:24:03,448|[DEBUG] EntityBinder - Import with entity name BloodBank
2021-11-19T10:24:03,448|[TRACE] InFlightMetadataCollectorImpl - Import: BloodBank -> bloodbank.entity.BloodBank
2021-11-19T10:24:03,448|[TRACE] InFlightMetadataCollectorImpl - Import: bloodbank.entity.BloodBank -> bloodbank.entity.BloodBank
2021-11-19T10:24:03,448|[TRACE] NormalizingIdentifierHelperImpl - Normalizing identifier quoting [blood_bank]
2021-11-19T10:24:03,448|[TRACE] NormalizingIdentifierHelperImpl - Normalizing identifier quoting [blood_bank]
2021-11-19T10:24:03,448|[DEBUG] EntityBinder - Bind entity bloodbank.entity.BloodBank on table blood_bank
2021-11-19T10:24:03,448|[TRACE] NormalizingIdentifierHelperImpl - Normalizing identifier quoting [privately_owned]
2021-11-19T10:24:03,448|[TRACE] AnnotationBinder - Setting discriminator for entity bloodbank.entity.BloodBank
2021-11-19T10:24:03,448|[TRACE] AnnotationBinder - Processing annotations of bloodbank.entity.BloodBank.id
2021-11-19T10:24:03,448|[DEBUG] Ejb3Column - Column(s) overridden for property id
2021-11-19T10:24:03,448|[TRACE] NormalizingIdentifierHelperImpl - Normalizing identifier quoting [bank_id]
2021-11-19T10:24:03,449|[TRACE] NormalizingIdentifierHelperImpl - Normalizing identifier quoting [bank_id]
2021-11-19T10:24:03,449|[DEBUG] Ejb3Column - Binding column: Ejb3Column{table=org.hibernate.mapping.Table(blood_bank), mappingColumn=bank_id, insertable=true, updatable=true, unique=false}
2021-11-19T10:24:03,449|[DEBUG] ClassLoaderAccessImpl - Not known whether passed class name [bloodbank.entity.BloodBank] is safe
2021-11-19T10:24:03,449|[DEBUG] ClassLoaderAccessImpl - No temp ClassLoader provided; using live ClassLoader for loading potentially unsafe class : bloodbank.entity.BloodBank
2021-11-19T10:24:03,449|[DEBUG] PropertyBinder - MetadataSourceProcessor property id with lazy=false
2021-11-19T10:24:03,449|[DEBUG] AbstractPropertyHolder - Attempting to locate auto-apply AttributeConverter for property [bloodbank.entity.BloodBank:id]
2021-11-19T10:24:03,449|[DEBUG] SimpleValueBinder - building SimpleValue for id
2021-11-19T10:24:03,449|[TRACE] NormalizingIdentifierHelperImpl - Normalizing identifier quoting [bank_id]
2021-11-19T10:24:03,449|[DEBUG] PropertyBinder - Building property id
2021-11-19T10:24:03,449|[TRACE] PropertyBinder - Cascading id with null
2021-11-19T10:24:03,449|[DEBUG] BinderHelper - #makeIdGenerator(org.hibernate.mapping.SimpleValue([org.hibernate.mapping.Column(bank_id)]), id, identity, , ...)
2021-11-19T10:24:03,449|[TRACE] AnnotationBinder - Bind @Id on id
2021-11-19T10:24:03,449|[TRACE] AnnotationBinder - Processing annotations of bloodbank.entity.BloodBank.epochCreated
2021-11-19T10:24:03,449|[TRACE] NormalizingIdentifierHelperImpl - Normalizing identifier quoting [created]
2021-11-19T10:24:03,449|[TRACE] NormalizingIdentifierHelperImpl - Normalizing identifier quoting [created]
2021-11-19T10:24:03,449|[DEBUG] Ejb3Column - Binding column: Ejb3Column{table=org.hibernate.mapping.Table(blood_bank), mappingColumn=created, insertable=true, updatable=true, unique=false}
2021-11-19T10:24:03,449|[DEBUG] PropertyBinder - MetadataSourceProcessor property epochCreated with lazy=false
2021-11-19T10:24:03,449|[DEBUG] AbstractPropertyHolder - Attempting to locate auto-apply AttributeConverter for property [bloodbank.entity.BloodBank:epochCreated]
2021-11-19T10:24:03,449|[DEBUG] SimpleValueBinder - building SimpleValue for epochCreated
2021-11-19T10:24:03,449|[TRACE] NormalizingIdentifierHelperImpl - Normalizing identifier quoting [created]
2021-11-19T10:24:03,449|[DEBUG] PropertyBinder - Building property epochCreated
2021-11-19T10:24:03,449|[TRACE] PropertyBinder - Cascading epochCreated with null
2021-11-19T10:24:03,449|[TRACE] AnnotationBinder - Processing annotations of bloodbank.entity.BloodBank.epochUpdated
2021-11-19T10:24:03,449|[TRACE] NormalizingIdentifierHelperImpl - Normalizing identifier quoting [updated]
2021-11-19T10:24:03,449|[TRACE] NormalizingIdentifierHelperImpl - Normalizing identifier quoting [updated]
2021-11-19T10:24:03,449|[DEBUG] Ejb3Column - Binding column: Ejb3Column{table=org.hibernate.mapping.Table(blood_bank), mappingColumn=updated, insertable=true, updatable=true, unique=false}
2021-11-19T10:24:03,449|[DEBUG] PropertyBinder - MetadataSourceProcessor property epochUpdated with lazy=false
2021-11-19T10:24:03,449|[DEBUG] AbstractPropertyHolder - Attempting to locate auto-apply AttributeConverter for property [bloodbank.entity.BloodBank:epochUpdated]
2021-11-19T10:24:03,449|[DEBUG] SimpleValueBinder - building SimpleValue for epochUpdated
2021-11-19T10:24:03,449|[TRACE] NormalizingIdentifierHelperImpl - Normalizing identifier quoting [updated]
2021-11-19T10:24:03,449|[DEBUG] PropertyBinder - Building property epochUpdated
2021-11-19T10:24:03,449|[TRACE] PropertyBinder - Cascading epochUpdated with null
2021-11-19T10:24:03,449|[TRACE] AnnotationBinder - Processing annotations of bloodbank.entity.BloodBank.version
2021-11-19T10:24:03,449|[TRACE] NormalizingIdentifierHelperImpl - Normalizing identifier quoting [version]
2021-11-19T10:24:03,449|[TRACE] NormalizingIdentifierHelperImpl - Normalizing identifier quoting [version]
2021-11-19T10:24:03,449|[DEBUG] Ejb3Column - Binding column: Ejb3Column{table=org.hibernate.mapping.Table(blood_bank), mappingColumn=version, insertable=true, updatable=true, unique=false}
2021-11-19T10:24:03,449|[TRACE] AnnotationBinder - version is a version property
2021-11-19T10:24:03,449|[DEBUG] PropertyBinder - MetadataSourceProcessor property version with lazy=false
2021-11-19T10:24:03,449|[DEBUG] AbstractPropertyHolder - Attempting to locate auto-apply AttributeConverter for property [bloodbank.entity.BloodBank:version]
2021-11-19T10:24:03,449|[DEBUG] SimpleValueBinder - building SimpleValue for version
2021-11-19T10:24:03,449|[TRACE] NormalizingIdentifierHelperImpl - Normalizing identifier quoting [version]
2021-11-19T10:24:03,449|[TRACE] NormalizingIdentifierHelperImpl - Normalizing identifier quoting [version]
2021-11-19T10:24:03,449|[TRACE] NormalizingIdentifierHelperImpl - Normalizing identifier quoting [version]
2021-11-19T10:24:03,449|[DEBUG] PropertyBinder - Building property version
2021-11-19T10:24:03,449|[TRACE] PropertyBinder - Cascading version with null
2021-11-19T10:24:03,449|[TRACE] AnnotationBinder - Version name: version, unsavedValue: undefined
2021-11-19T10:24:03,449|[TRACE] AnnotationBinder - Processing annotations of bloodbank.entity.BloodBank.donations
2021-11-19T10:24:03,449|[DEBUG] Ejb3Column - Binding column: Ejb3JoinColumn{logicalColumnName='null', referencedColumn='null', mappedBy='bank'}
2021-11-19T10:24:03,450|[TRACE] NormalizingIdentifierHelperImpl - Normalizing identifier quoting [donations]
2021-11-19T10:24:03,450|[TRACE] NormalizingIdentifierHelperImpl - Normalizing identifier quoting [donations]
2021-11-19T10:24:03,450|[DEBUG] Ejb3Column - Binding column: Ejb3Column{table=org.hibernate.mapping.Table(blood_bank), mappingColumn=donations, insertable=true, updatable=true, unique=false}
2021-11-19T10:24:03,450|[DEBUG] Ejb3Column - Binding column: Ejb3Column{table=org.hibernate.mapping.Table(blood_bank), mappingColumn=null, insertable=true, updatable=true, unique=false}
2021-11-19T10:24:03,450|[TRACE] NormalizingIdentifierHelperImpl - Normalizing identifier quoting [element]
2021-11-19T10:24:03,450|[TRACE] NormalizingIdentifierHelperImpl - Normalizing identifier quoting [element]
2021-11-19T10:24:03,450|[DEBUG] Ejb3Column - Binding column: Ejb3Column{table=org.hibernate.mapping.Table(blood_bank), mappingColumn=element, insertable=true, updatable=true, unique=false}
2021-11-19T10:24:03,450|[TRACE] NormalizingIdentifierHelperImpl - Normalizing identifier quoting [donations_KEY]
2021-11-19T10:24:03,450|[DEBUG] Ejb3Column - Binding column: Ejb3Column{table=org.hibernate.mapping.Table(blood_bank), mappingColumn=donations_KEY, insertable=true, updatable=true, unique=false}
2021-11-19T10:24:03,450|[TRACE] NormalizingIdentifierHelperImpl - Normalizing identifier quoting [donations_KEY]
2021-11-19T10:24:03,450|[DEBUG] Ejb3Column - Binding column: Ejb3JoinColumn{logicalColumnName='donations_KEY', referencedColumn='null', mappedBy='null'}
2021-11-19T10:24:03,450|[DEBUG] Ejb3Column - Binding column: Ejb3JoinColumn{logicalColumnName='null', referencedColumn='null', mappedBy='bank'}
2021-11-19T10:24:03,450|[DEBUG] Ejb3Column - Binding column: Ejb3JoinColumn{logicalColumnName='null', referencedColumn='null', mappedBy='bank'}
2021-11-19T10:24:03,450|[DEBUG] CollectionBinder - Collection role: bloodbank.entity.BloodBank.donations
2021-11-19T10:24:03,450|[DEBUG] PropertyBinder - Building property donations
2021-11-19T10:24:03,450|[TRACE] PropertyBinder - Cascading donations with all
2021-11-19T10:24:03,450|[TRACE] AnnotationBinder - Processing annotations of bloodbank.entity.BloodBank.name
2021-11-19T10:24:03,450|[TRACE] NormalizingIdentifierHelperImpl - Normalizing identifier quoting [name]
2021-11-19T10:24:03,450|[TRACE] NormalizingIdentifierHelperImpl - Normalizing identifier quoting [name]
2021-11-19T10:24:03,450|[DEBUG] Ejb3Column - Binding column: Ejb3Column{table=org.hibernate.mapping.Table(blood_bank), mappingColumn=name, insertable=true, updatable=true, unique=false}
2021-11-19T10:24:03,450|[DEBUG] PropertyBinder - MetadataSourceProcessor property name with lazy=false
2021-11-19T10:24:03,450|[DEBUG] AbstractPropertyHolder - Attempting to locate auto-apply AttributeConverter for property [bloodbank.entity.BloodBank:name]
2021-11-19T10:24:03,450|[DEBUG] SimpleValueBinder - building SimpleValue for name
2021-11-19T10:24:03,450|[TRACE] NormalizingIdentifierHelperImpl - Normalizing identifier quoting [name]
2021-11-19T10:24:03,450|[TRACE] NormalizingIdentifierHelperImpl - Normalizing identifier quoting [name]
2021-11-19T10:24:03,450|[TRACE] NormalizingIdentifierHelperImpl - Normalizing identifier quoting [name]
2021-11-19T10:24:03,450|[DEBUG] PropertyBinder - Building property name
2021-11-19T10:24:03,450|[TRACE] PropertyBinder - Cascading name with null
2021-11-19T10:24:03,450|[DEBUG] AnnotationBinder - Binding entity from annotated class: bloodbank.entity.PrivateBloodBank
2021-11-19T10:24:03,450|[DEBUG] EntityBinder - Import with entity name PrivateBloodBank
2021-11-19T10:24:03,450|[TRACE] InFlightMetadataCollectorImpl - Import: PrivateBloodBank -> bloodbank.entity.PrivateBloodBank
2021-11-19T10:24:03,450|[TRACE] InFlightMetadataCollectorImpl - Import: bloodbank.entity.PrivateBloodBank -> bloodbank.entity.PrivateBloodBank
2021-11-19T10:24:03,450|[TRACE] NormalizingIdentifierHelperImpl - Normalizing identifier quoting [blood_bank]
2021-11-19T10:24:03,450|[DEBUG] AnnotationBinder - Binding entity from annotated class: bloodbank.entity.Address
2021-11-19T10:24:03,451|[DEBUG] QueryBinder - Binding named query: Address.findAll => SELECT a FROM Address a
2021-11-19T10:24:03,451|[TRACE] NormalizingIdentifierHelperImpl - Normalizing identifier quoting [DTYPE]
2021-11-19T10:24:03,451|[DEBUG] Ejb3Column - Binding column: Ejb3DiscriminatorColumn{logicalColumnName'DTYPE', discriminatorTypeName='string'}
2021-11-19T10:24:03,451|[DEBUG] EntityBinder - Import with entity name Address
2021-11-19T10:24:03,451|[TRACE] InFlightMetadataCollectorImpl - Import: Address -> bloodbank.entity.Address
2021-11-19T10:24:03,451|[TRACE] InFlightMetadataCollectorImpl - Import: bloodbank.entity.Address -> bloodbank.entity.Address
2021-11-19T10:24:03,451|[TRACE] NormalizingIdentifierHelperImpl - Normalizing identifier quoting [address]
2021-11-19T10:24:03,451|[TRACE] NormalizingIdentifierHelperImpl - Normalizing identifier quoting [address]
2021-11-19T10:24:03,451|[DEBUG] EntityBinder - Bind entity bloodbank.entity.Address on table address
2021-11-19T10:24:03,451|[TRACE] AnnotationBinder - Processing annotations of bloodbank.entity.Address.id
2021-11-19T10:24:03,451|[DEBUG] Ejb3Column - Column(s) overridden for property id
2021-11-19T10:24:03,451|[TRACE] NormalizingIdentifierHelperImpl - Normalizing identifier quoting [address_id]
2021-11-19T10:24:03,451|[TRACE] NormalizingIdentifierHelperImpl - Normalizing identifier quoting [address_id]
2021-11-19T10:24:03,451|[DEBUG] Ejb3Column - Binding column: Ejb3Column{table=org.hibernate.mapping.Table(address), mappingColumn=address_id, insertable=true, updatable=true, unique=false}
2021-11-19T10:24:03,451|[DEBUG] ClassLoaderAccessImpl - Not known whether passed class name [bloodbank.entity.Address] is safe
2021-11-19T10:24:03,451|[DEBUG] ClassLoaderAccessImpl - No temp ClassLoader provided; using live ClassLoader for loading potentially unsafe class : bloodbank.entity.Address
2021-11-19T10:24:03,451|[DEBUG] PropertyBinder - MetadataSourceProcessor property id with lazy=false
2021-11-19T10:24:03,451|[DEBUG] AbstractPropertyHolder - Attempting to locate auto-apply AttributeConverter for property [bloodbank.entity.Address:id]
2021-11-19T10:24:03,451|[DEBUG] SimpleValueBinder - building SimpleValue for id
2021-11-19T10:24:03,451|[TRACE] NormalizingIdentifierHelperImpl - Normalizing identifier quoting [address_id]
2021-11-19T10:24:03,451|[DEBUG] PropertyBinder - Building property id
2021-11-19T10:24:03,451|[TRACE] PropertyBinder - Cascading id with null
2021-11-19T10:24:03,451|[DEBUG] BinderHelper - #makeIdGenerator(org.hibernate.mapping.SimpleValue([org.hibernate.mapping.Column(address_id)]), id, identity, , ...)
2021-11-19T10:24:03,451|[TRACE] AnnotationBinder - Bind @Id on id
2021-11-19T10:24:03,451|[TRACE] AnnotationBinder - Processing annotations of bloodbank.entity.Address.epochCreated
2021-11-19T10:24:03,452|[TRACE] NormalizingIdentifierHelperImpl - Normalizing identifier quoting [created]
2021-11-19T10:24:03,452|[TRACE] NormalizingIdentifierHelperImpl - Normalizing identifier quoting [created]
2021-11-19T10:24:03,452|[DEBUG] Ejb3Column - Binding column: Ejb3Column{table=org.hibernate.mapping.Table(address), mappingColumn=created, insertable=true, updatable=true, unique=false}
2021-11-19T10:24:03,452|[DEBUG] PropertyBinder - MetadataSourceProcessor property epochCreated with lazy=false
2021-11-19T10:24:03,452|[DEBUG] AbstractPropertyHolder - Attempting to locate auto-apply AttributeConverter for property [bloodbank.entity.Address:epochCreated]
2021-11-19T10:24:03,452|[DEBUG] SimpleValueBinder - building SimpleValue for epochCreated
2021-11-19T10:24:03,452|[TRACE] NormalizingIdentifierHelperImpl - Normalizing identifier quoting [created]
2021-11-19T10:24:03,452|[DEBUG] PropertyBinder - Building property epochCreated
2021-11-19T10:24:03,452|[TRACE] PropertyBinder - Cascading epochCreated with null
2021-11-19T10:24:03,452|[TRACE] AnnotationBinder - Processing annotations of bloodbank.entity.Address.epochUpdated
2021-11-19T10:24:03,452|[TRACE] NormalizingIdentifierHelperImpl - Normalizing identifier quoting [updated]
2021-11-19T10:24:03,452|[TRACE] NormalizingIdentifierHelperImpl - Normalizing identifier quoting [updated]
2021-11-19T10:24:03,452|[DEBUG] Ejb3Column - Binding column: Ejb3Column{table=org.hibernate.mapping.Table(address), mappingColumn=updated, insertable=true, updatable=true, unique=false}
2021-11-19T10:24:03,452|[DEBUG] PropertyBinder - MetadataSourceProcessor property epochUpdated with lazy=false
2021-11-19T10:24:03,452|[DEBUG] AbstractPropertyHolder - Attempting to locate auto-apply AttributeConverter for property [bloodbank.entity.Address:epochUpdated]
2021-11-19T10:24:03,452|[DEBUG] SimpleValueBinder - building SimpleValue for epochUpdated
2021-11-19T10:24:03,452|[TRACE] NormalizingIdentifierHelperImpl - Normalizing identifier quoting [updated]
2021-11-19T10:24:03,452|[DEBUG] PropertyBinder - Building property epochUpdated
2021-11-19T10:24:03,452|[TRACE] PropertyBinder - Cascading epochUpdated with null
2021-11-19T10:24:03,452|[TRACE] AnnotationBinder - Processing annotations of bloodbank.entity.Address.version
2021-11-19T10:24:03,452|[TRACE] NormalizingIdentifierHelperImpl - Normalizing identifier quoting [version]
2021-11-19T10:24:03,452|[TRACE] NormalizingIdentifierHelperImpl - Normalizing identifier quoting [version]
2021-11-19T10:24:03,452|[DEBUG] Ejb3Column - Binding column: Ejb3Column{table=org.hibernate.mapping.Table(address), mappingColumn=version, insertable=true, updatable=true, unique=false}
2021-11-19T10:24:03,452|[TRACE] AnnotationBinder - version is a version property
2021-11-19T10:24:03,452|[DEBUG] PropertyBinder - MetadataSourceProcessor property version with lazy=false
2021-11-19T10:24:03,452|[DEBUG] AbstractPropertyHolder - Attempting to locate auto-apply AttributeConverter for property [bloodbank.entity.Address:version]
2021-11-19T10:24:03,452|[DEBUG] SimpleValueBinder - building SimpleValue for version
2021-11-19T10:24:03,452|[TRACE] NormalizingIdentifierHelperImpl - Normalizing identifier quoting [version]
2021-11-19T10:24:03,452|[TRACE] NormalizingIdentifierHelperImpl - Normalizing identifier quoting [version]
2021-11-19T10:24:03,452|[TRACE] NormalizingIdentifierHelperImpl - Normalizing identifier quoting [version]
2021-11-19T10:24:03,452|[DEBUG] PropertyBinder - Building property version
2021-11-19T10:24:03,452|[TRACE] PropertyBinder - Cascading version with null
2021-11-19T10:24:03,452|[TRACE] AnnotationBinder - Version name: version, unsavedValue: undefined
2021-11-19T10:24:03,452|[TRACE] AnnotationBinder - Processing annotations of bloodbank.entity.Address.city
2021-11-19T10:24:03,452|[TRACE] NormalizingIdentifierHelperImpl - Normalizing identifier quoting [city]
2021-11-19T10:24:03,452|[TRACE] NormalizingIdentifierHelperImpl - Normalizing identifier quoting [city]
2021-11-19T10:24:03,452|[DEBUG] Ejb3Column - Binding column: Ejb3Column{table=org.hibernate.mapping.Table(address), mappingColumn=city, insertable=true, updatable=true, unique=false}
2021-11-19T10:24:03,452|[DEBUG] PropertyBinder - MetadataSourceProcessor property city with lazy=false
2021-11-19T10:24:03,452|[DEBUG] AbstractPropertyHolder - Attempting to locate auto-apply AttributeConverter for property [bloodbank.entity.Address:city]
2021-11-19T10:24:03,452|[DEBUG] SimpleValueBinder - building SimpleValue for city
2021-11-19T10:24:03,452|[TRACE] NormalizingIdentifierHelperImpl - Normalizing identifier quoting [city]
2021-11-19T10:24:03,452|[TRACE] NormalizingIdentifierHelperImpl - Normalizing identifier quoting [city]
2021-11-19T10:24:03,452|[TRACE] NormalizingIdentifierHelperImpl - Normalizing identifier quoting [city]
2021-11-19T10:24:03,452|[DEBUG] PropertyBinder - Building property city
2021-11-19T10:24:03,452|[TRACE] PropertyBinder - Cascading city with null
2021-11-19T10:24:03,452|[TRACE] AnnotationBinder - Processing annotations of bloodbank.entity.Address.contacts
2021-11-19T10:24:03,452|[TRACE] NormalizingIdentifierHelperImpl - Normalizing identifier quoting [address_id]
2021-11-19T10:24:03,452|[DEBUG] Ejb3Column - Binding column: Ejb3JoinColumn{logicalColumnName='address_id', referencedColumn='address_id', mappedBy=''}
2021-11-19T10:24:03,452|[TRACE] NormalizingIdentifierHelperImpl - Normalizing identifier quoting [contacts]
2021-11-19T10:24:03,452|[TRACE] NormalizingIdentifierHelperImpl - Normalizing identifier quoting [contacts]
2021-11-19T10:24:03,452|[DEBUG] Ejb3Column - Binding column: Ejb3Column{table=org.hibernate.mapping.Table(address), mappingColumn=contacts, insertable=true, updatable=true, unique=false}
2021-11-19T10:24:03,452|[DEBUG] Ejb3Column - Binding column: Ejb3Column{table=org.hibernate.mapping.Table(address), mappingColumn=null, insertable=true, updatable=true, unique=false}
2021-11-19T10:24:03,453|[TRACE] NormalizingIdentifierHelperImpl - Normalizing identifier quoting [element]
2021-11-19T10:24:03,453|[TRACE] NormalizingIdentifierHelperImpl - Normalizing identifier quoting [element]
2021-11-19T10:24:03,453|[DEBUG] Ejb3Column - Binding column: Ejb3Column{table=org.hibernate.mapping.Table(address), mappingColumn=element, insertable=true, updatable=true, unique=false}
2021-11-19T10:24:03,453|[TRACE] NormalizingIdentifierHelperImpl - Normalizing identifier quoting [contacts_KEY]
2021-11-19T10:24:03,453|[DEBUG] Ejb3Column - Binding column: Ejb3Column{table=org.hibernate.mapping.Table(address), mappingColumn=contacts_KEY, insertable=true, updatable=true, unique=false}
2021-11-19T10:24:03,453|[TRACE] NormalizingIdentifierHelperImpl - Normalizing identifier quoting [contacts_KEY]
2021-11-19T10:24:03,453|[DEBUG] Ejb3Column - Binding column: Ejb3JoinColumn{logicalColumnName='contacts_KEY', referencedColumn='null', mappedBy='null'}
2021-11-19T10:24:03,453|[DEBUG] Ejb3Column - Binding column: Ejb3JoinColumn{logicalColumnName='null', referencedColumn='null', mappedBy=''}
2021-11-19T10:24:03,453|[DEBUG] Ejb3Column - Binding column: Ejb3JoinColumn{logicalColumnName='null', referencedColumn='null', mappedBy=''}
2021-11-19T10:24:03,453|[DEBUG] CollectionBinder - Collection role: bloodbank.entity.Address.contacts
2021-11-19T10:24:03,453|[DEBUG] PropertyBinder - Building property contacts
2021-11-19T10:24:03,453|[TRACE] PropertyBinder - Cascading contacts with none
2021-11-19T10:24:03,453|[TRACE] AnnotationBinder - Processing annotations of bloodbank.entity.Address.country
2021-11-19T10:24:03,453|[TRACE] NormalizingIdentifierHelperImpl - Normalizing identifier quoting [country]
2021-11-19T10:24:03,453|[TRACE] NormalizingIdentifierHelperImpl - Normalizing identifier quoting [country]
2021-11-19T10:24:03,453|[DEBUG] Ejb3Column - Binding column: Ejb3Column{table=org.hibernate.mapping.Table(address), mappingColumn=country, insertable=true, updatable=true, unique=false}
2021-11-19T10:24:03,453|[DEBUG] PropertyBinder - MetadataSourceProcessor property country with lazy=false
2021-11-19T10:24:03,453|[DEBUG] AbstractPropertyHolder - Attempting to locate auto-apply AttributeConverter for property [bloodbank.entity.Address:country]
2021-11-19T10:24:03,453|[DEBUG] SimpleValueBinder - building SimpleValue for country
2021-11-19T10:24:03,453|[TRACE] NormalizingIdentifierHelperImpl - Normalizing identifier quoting [country]
2021-11-19T10:24:03,453|[TRACE] NormalizingIdentifierHelperImpl - Normalizing identifier quoting [country]
2021-11-19T10:24:03,453|[TRACE] NormalizingIdentifierHelperImpl - Normalizing identifier quoting [country]
2021-11-19T10:24:03,453|[DEBUG] PropertyBinder - Building property country
2021-11-19T10:24:03,453|[TRACE] PropertyBinder - Cascading country with null
2021-11-19T10:24:03,453|[TRACE] AnnotationBinder - Processing annotations of bloodbank.entity.Address.province
2021-11-19T10:24:03,453|[TRACE] NormalizingIdentifierHelperImpl - Normalizing identifier quoting [province]
2021-11-19T10:24:03,453|[TRACE] NormalizingIdentifierHelperImpl - Normalizing identifier quoting [province]
2021-11-19T10:24:03,453|[DEBUG] Ejb3Column - Binding column: Ejb3Column{table=org.hibernate.mapping.Table(address), mappingColumn=province, insertable=true, updatable=true, unique=false}
2021-11-19T10:24:03,453|[DEBUG] PropertyBinder - MetadataSourceProcessor property province with lazy=false
2021-11-19T10:24:03,453|[DEBUG] AbstractPropertyHolder - Attempting to locate auto-apply AttributeConverter for property [bloodbank.entity.Address:province]
2021-11-19T10:24:03,453|[DEBUG] SimpleValueBinder - building SimpleValue for province
2021-11-19T10:24:03,453|[TRACE] NormalizingIdentifierHelperImpl - Normalizing identifier quoting [province]
2021-11-19T10:24:03,453|[TRACE] NormalizingIdentifierHelperImpl - Normalizing identifier quoting [province]
2021-11-19T10:24:03,453|[TRACE] NormalizingIdentifierHelperImpl - Normalizing identifier quoting [province]
2021-11-19T10:24:03,453|[DEBUG] PropertyBinder - Building property province
2021-11-19T10:24:03,453|[TRACE] PropertyBinder - Cascading province with null
2021-11-19T10:24:03,453|[TRACE] AnnotationBinder - Processing annotations of bloodbank.entity.Address.street
2021-11-19T10:24:03,453|[TRACE] NormalizingIdentifierHelperImpl - Normalizing identifier quoting [street]
2021-11-19T10:24:03,453|[TRACE] NormalizingIdentifierHelperImpl - Normalizing identifier quoting [street]
2021-11-19T10:24:03,453|[DEBUG] Ejb3Column - Binding column: Ejb3Column{table=org.hibernate.mapping.Table(address), mappingColumn=street, insertable=true, updatable=true, unique=false}
2021-11-19T10:24:03,453|[DEBUG] PropertyBinder - MetadataSourceProcessor property street with lazy=false
2021-11-19T10:24:03,453|[DEBUG] AbstractPropertyHolder - Attempting to locate auto-apply AttributeConverter for property [bloodbank.entity.Address:street]
2021-11-19T10:24:03,453|[DEBUG] SimpleValueBinder - building SimpleValue for street
2021-11-19T10:24:03,453|[TRACE] NormalizingIdentifierHelperImpl - Normalizing identifier quoting [street]
2021-11-19T10:24:03,453|[TRACE] NormalizingIdentifierHelperImpl - Normalizing identifier quoting [street]
2021-11-19T10:24:03,453|[TRACE] NormalizingIdentifierHelperImpl - Normalizing identifier quoting [street]
2021-11-19T10:24:03,453|[DEBUG] PropertyBinder - Building property street
2021-11-19T10:24:03,454|[TRACE] PropertyBinder - Cascading street with null
2021-11-19T10:24:03,454|[TRACE] AnnotationBinder - Processing annotations of bloodbank.entity.Address.streetNumber
2021-11-19T10:24:03,454|[TRACE] NormalizingIdentifierHelperImpl - Normalizing identifier quoting [street_number]
2021-11-19T10:24:03,454|[TRACE] NormalizingIdentifierHelperImpl - Normalizing identifier quoting [street_number]
2021-11-19T10:24:03,454|[DEBUG] Ejb3Column - Binding column: Ejb3Column{table=org.hibernate.mapping.Table(address), mappingColumn=street_number, insertable=true, updatable=true, unique=false}
2021-11-19T10:24:03,454|[DEBUG] PropertyBinder - MetadataSourceProcessor property streetNumber with lazy=false
2021-11-19T10:24:03,454|[DEBUG] AbstractPropertyHolder - Attempting to locate auto-apply AttributeConverter for property [bloodbank.entity.Address:streetNumber]
2021-11-19T10:24:03,454|[DEBUG] SimpleValueBinder - building SimpleValue for streetNumber
2021-11-19T10:24:03,454|[TRACE] NormalizingIdentifierHelperImpl - Normalizing identifier quoting [street_number]
2021-11-19T10:24:03,454|[DEBUG] PropertyBinder - Building property streetNumber
2021-11-19T10:24:03,454|[TRACE] PropertyBinder - Cascading streetNumber with null
2021-11-19T10:24:03,454|[TRACE] AnnotationBinder - Processing annotations of bloodbank.entity.Address.zipcode
2021-11-19T10:24:03,454|[TRACE] NormalizingIdentifierHelperImpl - Normalizing identifier quoting [zipcode]
2021-11-19T10:24:03,454|[TRACE] NormalizingIdentifierHelperImpl - Normalizing identifier quoting [zipcode]
2021-11-19T10:24:03,454|[DEBUG] Ejb3Column - Binding column: Ejb3Column{table=org.hibernate.mapping.Table(address), mappingColumn=zipcode, insertable=true, updatable=true, unique=false}
2021-11-19T10:24:03,454|[DEBUG] PropertyBinder - MetadataSourceProcessor property zipcode with lazy=false
2021-11-19T10:24:03,454|[DEBUG] AbstractPropertyHolder - Attempting to locate auto-apply AttributeConverter for property [bloodbank.entity.Address:zipcode]
2021-11-19T10:24:03,454|[DEBUG] SimpleValueBinder - building SimpleValue for zipcode
2021-11-19T10:24:03,454|[TRACE] NormalizingIdentifierHelperImpl - Normalizing identifier quoting [zipcode]
2021-11-19T10:24:03,454|[TRACE] NormalizingIdentifierHelperImpl - Normalizing identifier quoting [zipcode]
2021-11-19T10:24:03,454|[TRACE] NormalizingIdentifierHelperImpl - Normalizing identifier quoting [zipcode]
2021-11-19T10:24:03,454|[DEBUG] PropertyBinder - Building property zipcode
2021-11-19T10:24:03,454|[TRACE] PropertyBinder - Cascading zipcode with null
2021-11-19T10:24:03,454|[DEBUG] AnnotationBinder - Binding entity from annotated class: bloodbank.entity.Person
2021-11-19T10:24:03,454|[TRACE] NormalizingIdentifierHelperImpl - Normalizing identifier quoting [DTYPE]
2021-11-19T10:24:03,454|[DEBUG] Ejb3Column - Binding column: Ejb3DiscriminatorColumn{logicalColumnName'DTYPE', discriminatorTypeName='string'}
2021-11-19T10:24:03,455|[DEBUG] EntityBinder - Import with entity name Person
2021-11-19T10:24:03,455|[TRACE] InFlightMetadataCollectorImpl - Import: Person -> bloodbank.entity.Person
2021-11-19T10:24:03,455|[TRACE] InFlightMetadataCollectorImpl - Import: bloodbank.entity.Person -> bloodbank.entity.Person
2021-11-19T10:24:03,455|[TRACE] NormalizingIdentifierHelperImpl - Normalizing identifier quoting [person]
2021-11-19T10:24:03,455|[TRACE] NormalizingIdentifierHelperImpl - Normalizing identifier quoting [person]
2021-11-19T10:24:03,455|[DEBUG] EntityBinder - Bind entity bloodbank.entity.Person on table person
2021-11-19T10:24:03,455|[TRACE] AnnotationBinder - Processing annotations of bloodbank.entity.Person.id
2021-11-19T10:24:03,455|[TRACE] NormalizingIdentifierHelperImpl - Normalizing identifier quoting [id]
2021-11-19T10:24:03,455|[TRACE] NormalizingIdentifierHelperImpl - Normalizing identifier quoting [id]
2021-11-19T10:24:03,455|[DEBUG] Ejb3Column - Binding column: Ejb3Column{table=org.hibernate.mapping.Table(person), mappingColumn=id, insertable=true, updatable=true, unique=false}
2021-11-19T10:24:03,455|[DEBUG] ClassLoaderAccessImpl - Not known whether passed class name [bloodbank.entity.Person] is safe
2021-11-19T10:24:03,455|[DEBUG] ClassLoaderAccessImpl - No temp ClassLoader provided; using live ClassLoader for loading potentially unsafe class : bloodbank.entity.Person
2021-11-19T10:24:03,455|[DEBUG] PropertyBinder - MetadataSourceProcessor property id with lazy=false
2021-11-19T10:24:03,455|[DEBUG] AbstractPropertyHolder - Attempting to locate auto-apply AttributeConverter for property [bloodbank.entity.Person:id]
2021-11-19T10:24:03,455|[DEBUG] SimpleValueBinder - building SimpleValue for id
2021-11-19T10:24:03,455|[TRACE] NormalizingIdentifierHelperImpl - Normalizing identifier quoting [id]
2021-11-19T10:24:03,455|[TRACE] NormalizingIdentifierHelperImpl - Normalizing identifier quoting [id]
2021-11-19T10:24:03,455|[TRACE] NormalizingIdentifierHelperImpl - Normalizing identifier quoting [id]
2021-11-19T10:24:03,455|[DEBUG] PropertyBinder - Building property id
2021-11-19T10:24:03,455|[TRACE] PropertyBinder - Cascading id with null
2021-11-19T10:24:03,455|[DEBUG] BinderHelper - #makeIdGenerator(org.hibernate.mapping.SimpleValue([org.hibernate.mapping.Column(id)]), id, identity, , ...)
2021-11-19T10:24:03,455|[TRACE] AnnotationBinder - Bind @Id on id
2021-11-19T10:24:03,455|[TRACE] AnnotationBinder - Processing annotations of bloodbank.entity.Person.epochCreated
2021-11-19T10:24:03,455|[TRACE] NormalizingIdentifierHelperImpl - Normalizing identifier quoting [created]
2021-11-19T10:24:03,455|[TRACE] NormalizingIdentifierHelperImpl - Normalizing identifier quoting [created]
2021-11-19T10:24:03,455|[DEBUG] Ejb3Column - Binding column: Ejb3Column{table=org.hibernate.mapping.Table(person), mappingColumn=created, insertable=true, updatable=true, unique=false}
2021-11-19T10:24:03,455|[DEBUG] PropertyBinder - MetadataSourceProcessor property epochCreated with lazy=false
2021-11-19T10:24:03,455|[DEBUG] AbstractPropertyHolder - Attempting to locate auto-apply AttributeConverter for property [bloodbank.entity.Person:epochCreated]
2021-11-19T10:24:03,455|[DEBUG] SimpleValueBinder - building SimpleValue for epochCreated
2021-11-19T10:24:03,455|[TRACE] NormalizingIdentifierHelperImpl - Normalizing identifier quoting [created]
2021-11-19T10:24:03,455|[DEBUG] PropertyBinder - Building property epochCreated
2021-11-19T10:24:03,455|[TRACE] PropertyBinder - Cascading epochCreated with null
2021-11-19T10:24:03,455|[TRACE] AnnotationBinder - Processing annotations of bloodbank.entity.Person.epochUpdated
2021-11-19T10:24:03,455|[TRACE] NormalizingIdentifierHelperImpl - Normalizing identifier quoting [updated]
2021-11-19T10:24:03,455|[TRACE] NormalizingIdentifierHelperImpl - Normalizing identifier quoting [updated]
2021-11-19T10:24:03,455|[DEBUG] Ejb3Column - Binding column: Ejb3Column{table=org.hibernate.mapping.Table(person), mappingColumn=updated, insertable=true, updatable=true, unique=false}
2021-11-19T10:24:03,455|[DEBUG] PropertyBinder - MetadataSourceProcessor property epochUpdated with lazy=false
2021-11-19T10:24:03,456|[DEBUG] AbstractPropertyHolder - Attempting to locate auto-apply AttributeConverter for property [bloodbank.entity.Person:epochUpdated]
2021-11-19T10:24:03,456|[DEBUG] SimpleValueBinder - building SimpleValue for epochUpdated
2021-11-19T10:24:03,456|[TRACE] NormalizingIdentifierHelperImpl - Normalizing identifier quoting [updated]
2021-11-19T10:24:03,456|[DEBUG] PropertyBinder - Building property epochUpdated
2021-11-19T10:24:03,456|[TRACE] PropertyBinder - Cascading epochUpdated with null
2021-11-19T10:24:03,456|[TRACE] AnnotationBinder - Processing annotations of bloodbank.entity.Person.version
2021-11-19T10:24:03,456|[TRACE] NormalizingIdentifierHelperImpl - Normalizing identifier quoting [version]
2021-11-19T10:24:03,456|[TRACE] NormalizingIdentifierHelperImpl - Normalizing identifier quoting [version]
2021-11-19T10:24:03,456|[DEBUG] Ejb3Column - Binding column: Ejb3Column{table=org.hibernate.mapping.Table(person), mappingColumn=version, insertable=true, updatable=true, unique=false}
2021-11-19T10:24:03,456|[TRACE] AnnotationBinder - version is a version property
2021-11-19T10:24:03,456|[DEBUG] PropertyBinder - MetadataSourceProcessor property version with lazy=false
2021-11-19T10:24:03,456|[DEBUG] AbstractPropertyHolder - Attempting to locate auto-apply AttributeConverter for property [bloodbank.entity.Person:version]
2021-11-19T10:24:03,456|[DEBUG] SimpleValueBinder - building SimpleValue for version
2021-11-19T10:24:03,456|[TRACE] NormalizingIdentifierHelperImpl - Normalizing identifier quoting [version]
2021-11-19T10:24:03,456|[TRACE] NormalizingIdentifierHelperImpl - Normalizing identifier quoting [version]
2021-11-19T10:24:03,456|[TRACE] NormalizingIdentifierHelperImpl - Normalizing identifier quoting [version]
2021-11-19T10:24:03,456|[DEBUG] PropertyBinder - Building property version
2021-11-19T10:24:03,456|[TRACE] PropertyBinder - Cascading version with null
2021-11-19T10:24:03,456|[TRACE] AnnotationBinder - Version name: version, unsavedValue: undefined
2021-11-19T10:24:03,456|[TRACE] AnnotationBinder - Processing annotations of bloodbank.entity.Person.contacts
2021-11-19T10:24:03,456|[DEBUG] Ejb3Column - Binding column: Ejb3JoinColumn{logicalColumnName='null', referencedColumn='null', mappedBy='owner'}
2021-11-19T10:24:03,456|[TRACE] NormalizingIdentifierHelperImpl - Normalizing identifier quoting [contacts]
2021-11-19T10:24:03,456|[TRACE] NormalizingIdentifierHelperImpl - Normalizing identifier quoting [contacts]
2021-11-19T10:24:03,456|[DEBUG] Ejb3Column - Binding column: Ejb3Column{table=org.hibernate.mapping.Table(person), mappingColumn=contacts, insertable=true, updatable=true, unique=false}
2021-11-19T10:24:03,456|[DEBUG] Ejb3Column - Binding column: Ejb3Column{table=org.hibernate.mapping.Table(person), mappingColumn=null, insertable=true, updatable=true, unique=false}
2021-11-19T10:24:03,456|[TRACE] NormalizingIdentifierHelperImpl - Normalizing identifier quoting [element]
2021-11-19T10:24:03,456|[TRACE] NormalizingIdentifierHelperImpl - Normalizing identifier quoting [element]
2021-11-19T10:24:03,456|[DEBUG] Ejb3Column - Binding column: Ejb3Column{table=org.hibernate.mapping.Table(person), mappingColumn=element, insertable=true, updatable=true, unique=false}
2021-11-19T10:24:03,456|[TRACE] NormalizingIdentifierHelperImpl - Normalizing identifier quoting [contacts_KEY]
2021-11-19T10:24:03,456|[DEBUG] Ejb3Column - Binding column: Ejb3Column{table=org.hibernate.mapping.Table(person), mappingColumn=contacts_KEY, insertable=true, updatable=true, unique=false}
2021-11-19T10:24:03,456|[TRACE] NormalizingIdentifierHelperImpl - Normalizing identifier quoting [contacts_KEY]
2021-11-19T10:24:03,456|[DEBUG] Ejb3Column - Binding column: Ejb3JoinColumn{logicalColumnName='contacts_KEY', referencedColumn='null', mappedBy='null'}
2021-11-19T10:24:03,456|[DEBUG] Ejb3Column - Binding column: Ejb3JoinColumn{logicalColumnName='null', referencedColumn='null', mappedBy='owner'}
2021-11-19T10:24:03,456|[DEBUG] Ejb3Column - Binding column: Ejb3JoinColumn{logicalColumnName='null', referencedColumn='null', mappedBy='owner'}
2021-11-19T10:24:03,456|[DEBUG] CollectionBinder - Collection role: bloodbank.entity.Person.contacts
2021-11-19T10:24:03,456|[DEBUG] PropertyBinder - Building property contacts
2021-11-19T10:24:03,456|[TRACE] PropertyBinder - Cascading contacts with persist,merge,refresh,evict
2021-11-19T10:24:03,456|[TRACE] AnnotationBinder - Processing annotations of bloodbank.entity.Person.donations
2021-11-19T10:24:03,456|[DEBUG] Ejb3Column - Binding column: Ejb3JoinColumn{logicalColumnName='null', referencedColumn='null', mappedBy='owner'}
2021-11-19T10:24:03,456|[TRACE] NormalizingIdentifierHelperImpl - Normalizing identifier quoting [donations]
2021-11-19T10:24:03,456|[TRACE] NormalizingIdentifierHelperImpl - Normalizing identifier quoting [donations]
2021-11-19T10:24:03,457|[DEBUG] Ejb3Column - Binding column: Ejb3Column{table=org.hibernate.mapping.Table(person), mappingColumn=donations, insertable=true, updatable=true, unique=false}
2021-11-19T10:24:03,457|[DEBUG] Ejb3Column - Binding column: Ejb3Column{table=org.hibernate.mapping.Table(person), mappingColumn=null, insertable=true, updatable=true, unique=false}
2021-11-19T10:24:03,457|[TRACE] NormalizingIdentifierHelperImpl - Normalizing identifier quoting [element]
2021-11-19T10:24:03,457|[TRACE] NormalizingIdentifierHelperImpl - Normalizing identifier quoting [element]
2021-11-19T10:24:03,457|[DEBUG] Ejb3Column - Binding column: Ejb3Column{table=org.hibernate.mapping.Table(person), mappingColumn=element, insertable=true, updatable=true, unique=false}
2021-11-19T10:24:03,457|[TRACE] NormalizingIdentifierHelperImpl - Normalizing identifier quoting [donations_KEY]
2021-11-19T10:24:03,457|[DEBUG] Ejb3Column - Binding column: Ejb3Column{table=org.hibernate.mapping.Table(person), mappingColumn=donations_KEY, insertable=true, updatable=true, unique=false}
2021-11-19T10:24:03,457|[TRACE] NormalizingIdentifierHelperImpl - Normalizing identifier quoting [donations_KEY]
2021-11-19T10:24:03,457|[DEBUG] Ejb3Column - Binding column: Ejb3JoinColumn{logicalColumnName='donations_KEY', referencedColumn='null', mappedBy='null'}
2021-11-19T10:24:03,457|[DEBUG] Ejb3Column - Binding column: Ejb3JoinColumn{logicalColumnName='null', referencedColumn='null', mappedBy='owner'}
2021-11-19T10:24:03,457|[DEBUG] Ejb3Column - Binding column: Ejb3JoinColumn{logicalColumnName='null', referencedColumn='null', mappedBy='owner'}
2021-11-19T10:24:03,489|[DEBUG] CollectionBinder - Collection role: bloodbank.entity.Person.donations
2021-11-19T10:24:03,489|[DEBUG] PropertyBinder - Building property donations
2021-11-19T10:24:03,489|[TRACE] PropertyBinder - Cascading donations with persist,merge,refresh,evict
2021-11-19T10:24:03,489|[TRACE] AnnotationBinder - Processing annotations of bloodbank.entity.Person.firstName
2021-11-19T10:24:03,489|[TRACE] NormalizingIdentifierHelperImpl - Normalizing identifier quoting [first_name]
2021-11-19T10:24:03,489|[TRACE] NormalizingIdentifierHelperImpl - Normalizing identifier quoting [first_name]
2021-11-19T10:24:03,489|[DEBUG] Ejb3Column - Binding column: Ejb3Column{table=org.hibernate.mapping.Table(person), mappingColumn=first_name, insertable=true, updatable=true, unique=false}
2021-11-19T10:24:03,489|[DEBUG] PropertyBinder - MetadataSourceProcessor property firstName with lazy=false
2021-11-19T10:24:03,489|[DEBUG] AbstractPropertyHolder - Attempting to locate auto-apply AttributeConverter for property [bloodbank.entity.Person:firstName]
2021-11-19T10:24:03,489|[DEBUG] SimpleValueBinder - building SimpleValue for firstName
2021-11-19T10:24:03,489|[TRACE] NormalizingIdentifierHelperImpl - Normalizing identifier quoting [first_name]
2021-11-19T10:24:03,489|[DEBUG] PropertyBinder - Building property firstName
2021-11-19T10:24:03,489|[TRACE] PropertyBinder - Cascading firstName with null
2021-11-19T10:24:03,489|[TRACE] AnnotationBinder - Processing annotations of bloodbank.entity.Person.lastName
2021-11-19T10:24:03,489|[TRACE] NormalizingIdentifierHelperImpl - Normalizing identifier quoting [last_name]
2021-11-19T10:24:03,489|[TRACE] NormalizingIdentifierHelperImpl - Normalizing identifier quoting [last_name]
2021-11-19T10:24:03,489|[DEBUG] Ejb3Column - Binding column: Ejb3Column{table=org.hibernate.mapping.Table(person), mappingColumn=last_name, insertable=true, updatable=true, unique=false}
2021-11-19T10:24:03,489|[DEBUG] PropertyBinder - MetadataSourceProcessor property lastName with lazy=false
2021-11-19T10:24:03,489|[DEBUG] AbstractPropertyHolder - Attempting to locate auto-apply AttributeConverter for property [bloodbank.entity.Person:lastName]
2021-11-19T10:24:03,489|[DEBUG] SimpleValueBinder - building SimpleValue for lastName
2021-11-19T10:24:03,489|[TRACE] NormalizingIdentifierHelperImpl - Normalizing identifier quoting [last_name]
2021-11-19T10:24:03,489|[DEBUG] PropertyBinder - Building property lastName
2021-11-19T10:24:03,489|[TRACE] PropertyBinder - Cascading lastName with null
2021-11-19T10:24:03,490|[DEBUG] AnnotationBinder - Binding entity from annotated class: bloodbank.entity.PublicBloodBank
2021-11-19T10:24:03,490|[DEBUG] EntityBinder - Import with entity name PublicBloodBank
2021-11-19T10:24:03,490|[TRACE] InFlightMetadataCollectorImpl - Import: PublicBloodBank -> bloodbank.entity.PublicBloodBank
2021-11-19T10:24:03,490|[TRACE] InFlightMetadataCollectorImpl - Import: bloodbank.entity.PublicBloodBank -> bloodbank.entity.PublicBloodBank
2021-11-19T10:24:03,490|[TRACE] NormalizingIdentifierHelperImpl - Normalizing identifier quoting [blood_bank]
2021-11-19T10:24:03,490|[DEBUG] AnnotationBinder - Binding entity from annotated class: bloodbank.entity.DonationRecord
2021-11-19T10:24:03,490|[TRACE] NormalizingIdentifierHelperImpl - Normalizing identifier quoting [DTYPE]
2021-11-19T10:24:03,490|[DEBUG] Ejb3Column - Binding column: Ejb3DiscriminatorColumn{logicalColumnName'DTYPE', discriminatorTypeName='string'}
2021-11-19T10:24:03,490|[DEBUG] EntityBinder - Import with entity name DonationRecord
2021-11-19T10:24:03,490|[TRACE] InFlightMetadataCollectorImpl - Import: DonationRecord -> bloodbank.entity.DonationRecord
2021-11-19T10:24:03,490|[TRACE] InFlightMetadataCollectorImpl - Import: bloodbank.entity.DonationRecord -> bloodbank.entity.DonationRecord
2021-11-19T10:24:03,490|[TRACE] NormalizingIdentifierHelperImpl - Normalizing identifier quoting [donation_record]
2021-11-19T10:24:03,490|[TRACE] NormalizingIdentifierHelperImpl - Normalizing identifier quoting [donation_record]
2021-11-19T10:24:03,490|[DEBUG] EntityBinder - Bind entity bloodbank.entity.DonationRecord on table donation_record
2021-11-19T10:24:03,490|[TRACE] AnnotationBinder - Processing annotations of bloodbank.entity.DonationRecord.id
2021-11-19T10:24:03,490|[DEBUG] Ejb3Column - Column(s) overridden for property id
2021-11-19T10:24:03,490|[TRACE] NormalizingIdentifierHelperImpl - Normalizing identifier quoting [record_id]
2021-11-19T10:24:03,490|[TRACE] NormalizingIdentifierHelperImpl - Normalizing identifier quoting [record_id]
2021-11-19T10:24:03,490|[DEBUG] Ejb3Column - Binding column: Ejb3Column{table=org.hibernate.mapping.Table(donation_record), mappingColumn=record_id, insertable=true, updatable=true, unique=false}
2021-11-19T10:24:03,490|[DEBUG] ClassLoaderAccessImpl - Not known whether passed class name [bloodbank.entity.DonationRecord] is safe
2021-11-19T10:24:03,490|[DEBUG] ClassLoaderAccessImpl - No temp ClassLoader provided; using live ClassLoader for loading potentially unsafe class : bloodbank.entity.DonationRecord
2021-11-19T10:24:03,490|[DEBUG] PropertyBinder - MetadataSourceProcessor property id with lazy=false
2021-11-19T10:24:03,490|[DEBUG] AbstractPropertyHolder - Attempting to locate auto-apply AttributeConverter for property [bloodbank.entity.DonationRecord:id]
2021-11-19T10:24:03,490|[DEBUG] SimpleValueBinder - building SimpleValue for id
2021-11-19T10:24:03,490|[TRACE] NormalizingIdentifierHelperImpl - Normalizing identifier quoting [record_id]
2021-11-19T10:24:03,490|[DEBUG] PropertyBinder - Building property id
2021-11-19T10:24:03,490|[TRACE] PropertyBinder - Cascading id with null
2021-11-19T10:24:03,490|[DEBUG] BinderHelper - #makeIdGenerator(org.hibernate.mapping.SimpleValue([org.hibernate.mapping.Column(record_id)]), id, identity, , ...)
2021-11-19T10:24:03,490|[TRACE] AnnotationBinder - Bind @Id on id
2021-11-19T10:24:03,490|[TRACE] AnnotationBinder - Processing annotations of bloodbank.entity.DonationRecord.epochCreated
2021-11-19T10:24:03,490|[TRACE] NormalizingIdentifierHelperImpl - Normalizing identifier quoting [created]
2021-11-19T10:24:03,490|[TRACE] NormalizingIdentifierHelperImpl - Normalizing identifier quoting [created]
2021-11-19T10:24:03,490|[DEBUG] Ejb3Column - Binding column: Ejb3Column{table=org.hibernate.mapping.Table(donation_record), mappingColumn=created, insertable=true, updatable=true, unique=false}
2021-11-19T10:24:03,490|[DEBUG] PropertyBinder - MetadataSourceProcessor property epochCreated with lazy=false
2021-11-19T10:24:03,490|[DEBUG] AbstractPropertyHolder - Attempting to locate auto-apply AttributeConverter for property [bloodbank.entity.DonationRecord:epochCreated]
2021-11-19T10:24:03,490|[DEBUG] SimpleValueBinder - building SimpleValue for epochCreated
2021-11-19T10:24:03,490|[TRACE] NormalizingIdentifierHelperImpl - Normalizing identifier quoting [created]
2021-11-19T10:24:03,490|[DEBUG] PropertyBinder - Building property epochCreated
2021-11-19T10:24:03,490|[TRACE] PropertyBinder - Cascading epochCreated with null
2021-11-19T10:24:03,491|[TRACE] AnnotationBinder - Processing annotations of bloodbank.entity.DonationRecord.epochUpdated
2021-11-19T10:24:03,491|[TRACE] NormalizingIdentifierHelperImpl - Normalizing identifier quoting [updated]
2021-11-19T10:24:03,491|[TRACE] NormalizingIdentifierHelperImpl - Normalizing identifier quoting [updated]
2021-11-19T10:24:03,491|[DEBUG] Ejb3Column - Binding column: Ejb3Column{table=org.hibernate.mapping.Table(donation_record), mappingColumn=updated, insertable=true, updatable=true, unique=false}
2021-11-19T10:24:03,491|[DEBUG] PropertyBinder - MetadataSourceProcessor property epochUpdated with lazy=false
2021-11-19T10:24:03,491|[DEBUG] AbstractPropertyHolder - Attempting to locate auto-apply AttributeConverter for property [bloodbank.entity.DonationRecord:epochUpdated]
2021-11-19T10:24:03,491|[DEBUG] SimpleValueBinder - building SimpleValue for epochUpdated
2021-11-19T10:24:03,491|[TRACE] NormalizingIdentifierHelperImpl - Normalizing identifier quoting [updated]
2021-11-19T10:24:03,491|[DEBUG] PropertyBinder - Building property epochUpdated
2021-11-19T10:24:03,491|[TRACE] PropertyBinder - Cascading epochUpdated with null
2021-11-19T10:24:03,491|[TRACE] AnnotationBinder - Processing annotations of bloodbank.entity.DonationRecord.version
2021-11-19T10:24:03,491|[TRACE] NormalizingIdentifierHelperImpl - Normalizing identifier quoting [version]
2021-11-19T10:24:03,491|[TRACE] NormalizingIdentifierHelperImpl - Normalizing identifier quoting [version]
2021-11-19T10:24:03,491|[DEBUG] Ejb3Column - Binding column: Ejb3Column{table=org.hibernate.mapping.Table(donation_record), mappingColumn=version, insertable=true, updatable=true, unique=false}
2021-11-19T10:24:03,491|[TRACE] AnnotationBinder - version is a version property
2021-11-19T10:24:03,491|[DEBUG] PropertyBinder - MetadataSourceProcessor property version with lazy=false
2021-11-19T10:24:03,491|[DEBUG] AbstractPropertyHolder - Attempting to locate auto-apply AttributeConverter for property [bloodbank.entity.DonationRecord:version]
2021-11-19T10:24:03,491|[DEBUG] SimpleValueBinder - building SimpleValue for version
2021-11-19T10:24:03,491|[TRACE] NormalizingIdentifierHelperImpl - Normalizing identifier quoting [version]
2021-11-19T10:24:03,491|[TRACE] NormalizingIdentifierHelperImpl - Normalizing identifier quoting [version]
2021-11-19T10:24:03,491|[TRACE] NormalizingIdentifierHelperImpl - Normalizing identifier quoting [version]
2021-11-19T10:24:03,491|[DEBUG] PropertyBinder - Building property version
2021-11-19T10:24:03,491|[TRACE] PropertyBinder - Cascading version with null
2021-11-19T10:24:03,491|[TRACE] AnnotationBinder - Version name: version, unsavedValue: undefined
2021-11-19T10:24:03,491|[TRACE] AnnotationBinder - Processing annotations of bloodbank.entity.DonationRecord.donation
2021-11-19T10:24:03,491|[TRACE] NormalizingIdentifierHelperImpl - Normalizing identifier quoting [donation_id]
2021-11-19T10:24:03,491|[DEBUG] Ejb3Column - Binding column: Ejb3JoinColumn{logicalColumnName='donation_id', referencedColumn='donation_id', mappedBy=''}
2021-11-19T10:24:03,491|[TRACE] NormalizingIdentifierHelperImpl - Normalizing identifier quoting [donation]
2021-11-19T10:24:03,491|[TRACE] NormalizingIdentifierHelperImpl - Normalizing identifier quoting [donation]
2021-11-19T10:24:03,491|[DEBUG] Ejb3Column - Binding column: Ejb3Column{table=org.hibernate.mapping.Table(donation_record), mappingColumn=donation, insertable=true, updatable=true, unique=false}
2021-11-19T10:24:03,491|[TRACE] AnnotationBinder - Fetching donation with JOIN
2021-11-19T10:24:03,491|[DEBUG] PropertyBinder - Building property donation
2021-11-19T10:24:03,491|[TRACE] PropertyBinder - Cascading donation with all
2021-11-19T10:24:03,491|[TRACE] AnnotationBinder - Processing annotations of bloodbank.entity.DonationRecord.owner
2021-11-19T10:24:03,491|[TRACE] NormalizingIdentifierHelperImpl - Normalizing identifier quoting [person_id]
2021-11-19T10:24:03,491|[DEBUG] Ejb3Column - Binding column: Ejb3JoinColumn{logicalColumnName='person_id', referencedColumn='id', mappedBy=''}
2021-11-19T10:24:03,491|[TRACE] NormalizingIdentifierHelperImpl - Normalizing identifier quoting [owner]
2021-11-19T10:24:03,491|[TRACE] NormalizingIdentifierHelperImpl - Normalizing identifier quoting [owner]
2021-11-19T10:24:03,491|[DEBUG] Ejb3Column - Binding column: Ejb3Column{table=org.hibernate.mapping.Table(donation_record), mappingColumn=owner, insertable=true, updatable=true, unique=false}
2021-11-19T10:24:03,491|[DEBUG] PropertyBinder - Building property owner
2021-11-19T10:24:03,491|[TRACE] PropertyBinder - Cascading owner with none
2021-11-19T10:24:03,491|[TRACE] AnnotationBinder - Processing annotations of bloodbank.entity.DonationRecord.tested
2021-11-19T10:24:03,491|[TRACE] NormalizingIdentifierHelperImpl - Normalizing identifier quoting [tested]
2021-11-19T10:24:03,491|[TRACE] NormalizingIdentifierHelperImpl - Normalizing identifier quoting [tested]
2021-11-19T10:24:03,491|[DEBUG] Ejb3Column - Binding column: Ejb3Column{table=org.hibernate.mapping.Table(donation_record), mappingColumn=tested, insertable=true, updatable=true, unique=false}
2021-11-19T10:24:03,491|[DEBUG] PropertyBinder - MetadataSourceProcessor property tested with lazy=false
2021-11-19T10:24:03,491|[DEBUG] AbstractPropertyHolder - Attempting to locate auto-apply AttributeConverter for property [bloodbank.entity.DonationRecord:tested]
2021-11-19T10:24:03,491|[DEBUG] SimpleValueBinder - building SimpleValue for tested
2021-11-19T10:24:03,491|[TRACE] NormalizingIdentifierHelperImpl - Normalizing identifier quoting [tested]
2021-11-19T10:24:03,491|[TRACE] NormalizingIdentifierHelperImpl - Normalizing identifier quoting [tested]
2021-11-19T10:24:03,491|[TRACE] NormalizingIdentifierHelperImpl - Normalizing identifier quoting [tested]
2021-11-19T10:24:03,491|[DEBUG] PropertyBinder - Building property tested
2021-11-19T10:24:03,491|[TRACE] PropertyBinder - Cascading tested with null
2021-11-19T10:24:03,492|[DEBUG] SimpleValueBinder - Starting fillSimpleValue for personId
2021-11-19T10:24:03,492|[DEBUG] SimpleValueBinder - Starting fillSimpleValue for phoneId
2021-11-19T10:24:03,492|[DEBUG] SimpleValueBinder - Starting fillSimpleValue for epochCreated
2021-11-19T10:24:03,492|[DEBUG] SimpleValueBinder - Starting fillSimpleValue for epochUpdated
2021-11-19T10:24:03,492|[DEBUG] SimpleValueBinder - Starting fillSimpleValue for version
2021-11-19T10:24:03,492|[DEBUG] SimpleValueBinder - Starting fillSimpleValue for contactType
2021-11-19T10:24:03,492|[DEBUG] SimpleValueBinder - Starting fillSimpleValue for email
2021-11-19T10:24:03,492|[DEBUG] SimpleValueBinder - Starting fillSimpleValue for id
2021-11-19T10:24:03,492|[DEBUG] SimpleValueBinder - Starting fillSimpleValue for epochCreated
2021-11-19T10:24:03,492|[DEBUG] SimpleValueBinder - Starting fillSimpleValue for epochUpdated
2021-11-19T10:24:03,492|[DEBUG] SimpleValueBinder - Starting fillSimpleValue for version
2021-11-19T10:24:03,492|[DEBUG] SimpleValueBinder - Starting fillSimpleValue for areaCode
2021-11-19T10:24:03,492|[DEBUG] SimpleValueBinder - Starting fillSimpleValue for countryCode
2021-11-19T10:24:03,492|[DEBUG] SimpleValueBinder - Starting fillSimpleValue for number
2021-11-19T10:24:03,492|[DEBUG] SimpleValueBinder - Starting fillSimpleValue for id
2021-11-19T10:24:03,492|[DEBUG] SimpleValueBinder - Starting fillSimpleValue for epochCreated
2021-11-19T10:24:03,492|[DEBUG] SimpleValueBinder - Starting fillSimpleValue for epochUpdated
2021-11-19T10:24:03,492|[DEBUG] SimpleValueBinder - Starting fillSimpleValue for version
2021-11-19T10:24:03,492|[DEBUG] SimpleValueBinder - Starting fillSimpleValue for bloodGroup
2021-11-19T10:24:03,492|[DEBUG] SimpleValueBinder - Starting fillSimpleValue for rhd
2021-11-19T10:24:03,492|[DEBUG] SimpleValueBinder - Starting fillSimpleValue for milliliters
2021-11-19T10:24:03,492|[DEBUG] SimpleValueBinder - Starting fillSimpleValue for id
2021-11-19T10:24:03,492|[DEBUG] SimpleValueBinder - Starting fillSimpleValue for epochCreated
2021-11-19T10:24:03,492|[DEBUG] SimpleValueBinder - Starting fillSimpleValue for epochUpdated
2021-11-19T10:24:03,492|[DEBUG] SimpleValueBinder - Starting fillSimpleValue for version
2021-11-19T10:24:03,492|[DEBUG] SimpleValueBinder - Starting fillSimpleValue for name
2021-11-19T10:24:03,492|[DEBUG] SimpleValueBinder - Starting fillSimpleValue for id
2021-11-19T10:24:03,492|[DEBUG] SimpleValueBinder - Starting fillSimpleValue for epochCreated
2021-11-19T10:24:03,492|[DEBUG] SimpleValueBinder - Starting fillSimpleValue for epochUpdated
2021-11-19T10:24:03,492|[DEBUG] SimpleValueBinder - Starting fillSimpleValue for version
2021-11-19T10:24:03,492|[DEBUG] SimpleValueBinder - Starting fillSimpleValue for city
2021-11-19T10:24:03,492|[DEBUG] SimpleValueBinder - Starting fillSimpleValue for country
2021-11-19T10:24:03,492|[DEBUG] SimpleValueBinder - Starting fillSimpleValue for province
2021-11-19T10:24:03,492|[DEBUG] SimpleValueBinder - Starting fillSimpleValue for street
2021-11-19T10:24:03,492|[DEBUG] SimpleValueBinder - Starting fillSimpleValue for streetNumber
2021-11-19T10:24:03,492|[DEBUG] SimpleValueBinder - Starting fillSimpleValue for zipcode
2021-11-19T10:24:03,492|[DEBUG] SimpleValueBinder - Starting fillSimpleValue for id
2021-11-19T10:24:03,492|[DEBUG] SimpleValueBinder - Starting fillSimpleValue for epochCreated
2021-11-19T10:24:03,492|[DEBUG] SimpleValueBinder - Starting fillSimpleValue for epochUpdated
2021-11-19T10:24:03,492|[DEBUG] SimpleValueBinder - Starting fillSimpleValue for version
2021-11-19T10:24:03,492|[DEBUG] SimpleValueBinder - Starting fillSimpleValue for firstName
2021-11-19T10:24:03,492|[DEBUG] SimpleValueBinder - Starting fillSimpleValue for lastName
2021-11-19T10:24:03,492|[DEBUG] SimpleValueBinder - Starting fillSimpleValue for id
2021-11-19T10:24:03,492|[DEBUG] SimpleValueBinder - Starting fillSimpleValue for epochCreated
2021-11-19T10:24:03,492|[DEBUG] SimpleValueBinder - Starting fillSimpleValue for epochUpdated
2021-11-19T10:24:03,492|[DEBUG] SimpleValueBinder - Starting fillSimpleValue for version
2021-11-19T10:24:03,492|[DEBUG] SimpleValueBinder - Starting fillSimpleValue for tested
2021-11-19T10:24:03,493|[TRACE] NormalizingIdentifierHelperImpl - Normalizing identifier quoting [address_id]
2021-11-19T10:24:03,493|[TRACE] NormalizingIdentifierHelperImpl - Normalizing identifier quoting [address_id]
2021-11-19T10:24:03,493|[TRACE] NormalizingIdentifierHelperImpl - Normalizing identifier quoting [address_id]
2021-11-19T10:24:03,493|[TRACE] NormalizingIdentifierHelperImpl - Normalizing identifier quoting [address_id]
2021-11-19T10:24:03,493|[TRACE] NormalizingIdentifierHelperImpl - Normalizing identifier quoting [address_id]
2021-11-19T10:24:03,493|[TRACE] NormalizingIdentifierHelperImpl - Normalizing identifier quoting [address_id]
2021-11-19T10:24:03,493|[TRACE] NormalizingIdentifierHelperImpl - Normalizing identifier quoting [address_id]
2021-11-19T10:24:03,493|[TRACE] NormalizingIdentifierHelperImpl - Normalizing identifier quoting [address_id]
2021-11-19T10:24:03,493|[TRACE] NormalizingIdentifierHelperImpl - Normalizing identifier quoting [address_id]
2021-11-19T10:24:03,493|[TRACE] NormalizingIdentifierHelperImpl - Normalizing identifier quoting [id]
2021-11-19T10:24:03,493|[TRACE] NormalizingIdentifierHelperImpl - Normalizing identifier quoting [id]
2021-11-19T10:24:03,493|[TRACE] NormalizingIdentifierHelperImpl - Normalizing identifier quoting [id]
2021-11-19T10:24:03,493|[TRACE] NormalizingIdentifierHelperImpl - Normalizing identifier quoting [id]
2021-11-19T10:24:03,493|[TRACE] NormalizingIdentifierHelperImpl - Normalizing identifier quoting [id]
2021-11-19T10:24:03,493|[TRACE] NormalizingIdentifierHelperImpl - Normalizing identifier quoting [person_id]
2021-11-19T10:24:03,493|[TRACE] NormalizingIdentifierHelperImpl - Normalizing identifier quoting [id]
2021-11-19T10:24:03,493|[TRACE] NormalizingIdentifierHelperImpl - Normalizing identifier quoting [person_id]
2021-11-19T10:24:03,493|[TRACE] NormalizingIdentifierHelperImpl - Normalizing identifier quoting [person_id]
2021-11-19T10:24:03,493|[TRACE] NormalizingIdentifierHelperImpl - Normalizing identifier quoting [phone_id]
2021-11-19T10:24:03,493|[TRACE] NormalizingIdentifierHelperImpl - Normalizing identifier quoting [phone_id]
2021-11-19T10:24:03,493|[TRACE] NormalizingIdentifierHelperImpl - Normalizing identifier quoting [phone_id]
2021-11-19T10:24:03,493|[TRACE] NormalizingIdentifierHelperImpl - Normalizing identifier quoting [phone_id]
2021-11-19T10:24:03,493|[TRACE] NormalizingIdentifierHelperImpl - Normalizing identifier quoting [phone_id]
2021-11-19T10:24:03,493|[TRACE] NormalizingIdentifierHelperImpl - Normalizing identifier quoting [phone_id]
2021-11-19T10:24:03,493|[TRACE] NormalizingIdentifierHelperImpl - Normalizing identifier quoting [phone_id]
2021-11-19T10:24:03,493|[TRACE] NormalizingIdentifierHelperImpl - Normalizing identifier quoting [phone_id]
2021-11-19T10:24:03,493|[TRACE] NormalizingIdentifierHelperImpl - Normalizing identifier quoting [phone_id]
2021-11-19T10:24:03,493|[TRACE] NormalizingIdentifierHelperImpl - Normalizing identifier quoting [bank_id]
2021-11-19T10:24:03,493|[TRACE] NormalizingIdentifierHelperImpl - Normalizing identifier quoting [bank_id]
2021-11-19T10:24:03,493|[TRACE] NormalizingIdentifierHelperImpl - Normalizing identifier quoting [bank_id]
2021-11-19T10:24:03,493|[TRACE] NormalizingIdentifierHelperImpl - Normalizing identifier quoting [bank_id]
2021-11-19T10:24:03,493|[TRACE] NormalizingIdentifierHelperImpl - Normalizing identifier quoting [bank_id]
2021-11-19T10:24:03,493|[TRACE] NormalizingIdentifierHelperImpl - Normalizing identifier quoting [bank_id]
2021-11-19T10:24:03,493|[TRACE] NormalizingIdentifierHelperImpl - Normalizing identifier quoting [bank_id]
2021-11-19T10:24:03,493|[TRACE] NormalizingIdentifierHelperImpl - Normalizing identifier quoting [bank_id]
2021-11-19T10:24:03,493|[TRACE] NormalizingIdentifierHelperImpl - Normalizing identifier quoting [bank_id]
2021-11-19T10:24:03,493|[TRACE] NormalizingIdentifierHelperImpl - Normalizing identifier quoting [donation_id]
2021-11-19T10:24:03,493|[TRACE] NormalizingIdentifierHelperImpl - Normalizing identifier quoting [donation_id]
2021-11-19T10:24:03,493|[TRACE] NormalizingIdentifierHelperImpl - Normalizing identifier quoting [donation_id]
2021-11-19T10:24:03,493|[TRACE] NormalizingIdentifierHelperImpl - Normalizing identifier quoting [donation_id]
2021-11-19T10:24:03,493|[TRACE] NormalizingIdentifierHelperImpl - Normalizing identifier quoting [donation_id]
2021-11-19T10:24:03,493|[TRACE] NormalizingIdentifierHelperImpl - Normalizing identifier quoting [donation_id]
2021-11-19T10:24:03,493|[TRACE] NormalizingIdentifierHelperImpl - Normalizing identifier quoting [donation_id]
2021-11-19T10:24:03,493|[TRACE] NormalizingIdentifierHelperImpl - Normalizing identifier quoting [donation_id]
2021-11-19T10:24:03,493|[TRACE] NormalizingIdentifierHelperImpl - Normalizing identifier quoting [donation_id]
2021-11-19T10:24:03,493|[TRACE] NormalizingIdentifierHelperImpl - Normalizing identifier quoting [id]
2021-11-19T10:24:03,493|[TRACE] NormalizingIdentifierHelperImpl - Normalizing identifier quoting [id]
2021-11-19T10:24:03,493|[TRACE] NormalizingIdentifierHelperImpl - Normalizing identifier quoting [id]
2021-11-19T10:24:03,493|[TRACE] NormalizingIdentifierHelperImpl - Normalizing identifier quoting [id]
2021-11-19T10:24:03,493|[TRACE] NormalizingIdentifierHelperImpl - Normalizing identifier quoting [id]
2021-11-19T10:24:03,493|[TRACE] NormalizingIdentifierHelperImpl - Normalizing identifier quoting [person_id]
2021-11-19T10:24:03,493|[TRACE] NormalizingIdentifierHelperImpl - Normalizing identifier quoting [id]
2021-11-19T10:24:03,493|[TRACE] NormalizingIdentifierHelperImpl - Normalizing identifier quoting [person_id]
2021-11-19T10:24:03,493|[TRACE] NormalizingIdentifierHelperImpl - Normalizing identifier quoting [person_id]
2021-11-19T10:24:03,493|[DEBUG] PrimaryKey - Forcing column [person_id] to be non-null as it is part of the primary key for table [contact]
2021-11-19T10:24:03,493|[DEBUG] PrimaryKey - Forcing column [phone_id] to be non-null as it is part of the primary key for table [contact]
2021-11-19T10:24:03,493|[DEBUG] PrimaryKey - Forcing column [phone_id] to be non-null as it is part of the primary key for table [phone]
2021-11-19T10:24:03,493|[DEBUG] PrimaryKey - Forcing column [donation_id] to be non-null as it is part of the primary key for table [blood_donation]
2021-11-19T10:24:03,493|[DEBUG] PrimaryKey - Forcing column [bank_id] to be non-null as it is part of the primary key for table [blood_bank]
2021-11-19T10:24:03,493|[DEBUG] PrimaryKey - Forcing column [address_id] to be non-null as it is part of the primary key for table [address]
2021-11-19T10:24:03,494|[DEBUG] PrimaryKey - Forcing column [id] to be non-null as it is part of the primary key for table [person]
2021-11-19T10:24:03,494|[DEBUG] PrimaryKey - Forcing column [record_id] to be non-null as it is part of the primary key for table [donation_record]
2021-11-19T10:24:03,494|[DEBUG] CollectionSecondPass - Second pass for collection: bloodbank.entity.Address.contacts
2021-11-19T10:24:03,494|[DEBUG] CollectionBinder - Binding a OneToMany: bloodbank.entity.Address.contacts through a foreign key
2021-11-19T10:24:03,494|[DEBUG] CollectionBinder - Mapping collection: bloodbank.entity.Address.contacts -> contact
2021-11-19T10:24:03,494|[TRACE] NormalizingIdentifierHelperImpl - Normalizing identifier quoting [address_id]
2021-11-19T10:24:03,494|[TRACE] NormalizingIdentifierHelperImpl - Normalizing identifier quoting [address_id]
2021-11-19T10:24:03,494|[TRACE] NormalizingIdentifierHelperImpl - Normalizing identifier quoting [address_id]
2021-11-19T10:24:03,494|[TRACE] NormalizingIdentifierHelperImpl - Normalizing identifier quoting [address_id]
2021-11-19T10:24:03,494|[TRACE] NormalizingIdentifierHelperImpl - Normalizing identifier quoting [address_id]
2021-11-19T10:24:03,494|[TRACE] NormalizingIdentifierHelperImpl - Normalizing identifier quoting [address_id]
2021-11-19T10:24:03,494|[TRACE] NormalizingIdentifierHelperImpl - Normalizing identifier quoting [address_id]
2021-11-19T10:24:03,494|[TRACE] NormalizingIdentifierHelperImpl - Normalizing identifier quoting [address_id]
2021-11-19T10:24:03,494|[TRACE] NormalizingIdentifierHelperImpl - Normalizing identifier quoting [address_id]
2021-11-19T10:24:03,494|[DEBUG] CollectionSecondPass - Mapped collection key: address_id, one-to-many: bloodbank.entity.Contact
2021-11-19T10:24:03,494|[DEBUG] PropertyBinder - Building property record
2021-11-19T10:24:03,494|[TRACE] PropertyBinder - Cascading record with none
2021-11-19T10:24:03,494|[DEBUG] CollectionSecondPass - Second pass for collection: bloodbank.entity.Phone.contacts
2021-11-19T10:24:03,494|[DEBUG] CollectionBinder - Binding a OneToMany: bloodbank.entity.Phone.contacts through a foreign key
2021-11-19T10:24:03,494|[DEBUG] CollectionBinder - Mapping collection: bloodbank.entity.Phone.contacts -> contact
2021-11-19T10:24:03,494|[TRACE] NormalizingIdentifierHelperImpl - Normalizing identifier quoting [phone_id]
2021-11-19T10:24:03,494|[TRACE] NormalizingIdentifierHelperImpl - Normalizing identifier quoting [phone_id]
2021-11-19T10:24:03,494|[TRACE] NormalizingIdentifierHelperImpl - Normalizing identifier quoting [phone_id]
2021-11-19T10:24:03,494|[TRACE] NormalizingIdentifierHelperImpl - Normalizing identifier quoting [phone_id]
2021-11-19T10:24:03,494|[TRACE] NormalizingIdentifierHelperImpl - Normalizing identifier quoting [phone_id]
2021-11-19T10:24:03,494|[TRACE] NormalizingIdentifierHelperImpl - Normalizing identifier quoting [phone_id]
2021-11-19T10:24:03,494|[TRACE] NormalizingIdentifierHelperImpl - Normalizing identifier quoting [phone_id]
2021-11-19T10:24:03,494|[TRACE] NormalizingIdentifierHelperImpl - Normalizing identifier quoting [phone_id]
2021-11-19T10:24:03,494|[TRACE] NormalizingIdentifierHelperImpl - Normalizing identifier quoting [phone_id]
2021-11-19T10:24:03,494|[DEBUG] CollectionSecondPass - Mapped collection key: phone_id, one-to-many: bloodbank.entity.Contact
2021-11-19T10:24:03,494|[DEBUG] CollectionSecondPass - Second pass for collection: bloodbank.entity.BloodBank.donations
2021-11-19T10:24:03,494|[DEBUG] CollectionBinder - Binding a OneToMany: bloodbank.entity.BloodBank.donations through a foreign key
2021-11-19T10:24:03,494|[DEBUG] CollectionBinder - Mapping collection: bloodbank.entity.BloodBank.donations -> blood_donation
2021-11-19T10:24:03,494|[DEBUG] TableBinder - Retrieving property bloodbank.entity.BloodDonation.bank
2021-11-19T10:24:03,494|[DEBUG] CollectionSecondPass - Mapped collection key: bank_id, one-to-many: bloodbank.entity.BloodDonation
2021-11-19T10:24:03,494|[DEBUG] CollectionSecondPass - Second pass for collection: bloodbank.entity.Person.contacts
2021-11-19T10:24:03,494|[DEBUG] CollectionBinder - Binding a OneToMany: bloodbank.entity.Person.contacts through a foreign key
2021-11-19T10:24:03,494|[DEBUG] CollectionBinder - Mapping collection: bloodbank.entity.Person.contacts -> contact
2021-11-19T10:24:03,494|[DEBUG] TableBinder - Retrieving property bloodbank.entity.Contact.owner
2021-11-19T10:24:03,494|[DEBUG] CollectionSecondPass - Mapped collection key: person_id, one-to-many: bloodbank.entity.Contact
2021-11-19T10:24:03,494|[DEBUG] CollectionSecondPass - Second pass for collection: bloodbank.entity.Person.donations
2021-11-19T10:24:03,494|[DEBUG] CollectionBinder - Binding a OneToMany: bloodbank.entity.Person.donations through a foreign key
2021-11-19T10:24:03,494|[DEBUG] CollectionBinder - Mapping collection: bloodbank.entity.Person.donations -> donation_record
2021-11-19T10:24:03,494|[DEBUG] TableBinder - Retrieving property bloodbank.entity.DonationRecord.owner
2021-11-19T10:24:03,494|[DEBUG] CollectionSecondPass - Mapped collection key: person_id, one-to-many: bloodbank.entity.DonationRecord
2021-11-19T10:24:03,495|[DEBUG] InFlightMetadataCollectorImpl - Resolving reference to class: bloodbank.entity.BloodBank
2021-11-19T10:24:03,495|[TRACE] NormalizingIdentifierHelperImpl - Normalizing identifier quoting [bank_id]
2021-11-19T10:24:03,495|[TRACE] NormalizingIdentifierHelperImpl - Normalizing identifier quoting [FK35l5lwcy7xl2a6tvg04g7o78o]
2021-11-19T10:24:03,495|[DEBUG] InFlightMetadataCollectorImpl - Resolving reference to class: bloodbank.entity.Address
2021-11-19T10:24:03,495|[TRACE] NormalizingIdentifierHelperImpl - Normalizing identifier quoting [address_id]
2021-11-19T10:24:03,495|[TRACE] NormalizingIdentifierHelperImpl - Normalizing identifier quoting [FKl0sju2uai8cgdtic18wy5hlfr]
2021-11-19T10:24:03,495|[DEBUG] InFlightMetadataCollectorImpl - Resolving reference to class: bloodbank.entity.Person
2021-11-19T10:24:03,495|[TRACE] NormalizingIdentifierHelperImpl - Normalizing identifier quoting [person_id]
2021-11-19T10:24:03,495|[TRACE] NormalizingIdentifierHelperImpl - Normalizing identifier quoting [FKjbcdaayhsa4dhcuc5q0kkw8et]
2021-11-19T10:24:03,495|[DEBUG] InFlightMetadataCollectorImpl - Resolving reference to class: bloodbank.entity.Phone
2021-11-19T10:24:03,495|[TRACE] NormalizingIdentifierHelperImpl - Normalizing identifier quoting [phone_id]
2021-11-19T10:24:03,495|[TRACE] NormalizingIdentifierHelperImpl - Normalizing identifier quoting [FKj0erqcin09fsecb869qdkgnli]
2021-11-19T10:24:03,495|[DEBUG] InFlightMetadataCollectorImpl - Resolving reference to class: bloodbank.entity.BloodDonation
2021-11-19T10:24:03,495|[TRACE] NormalizingIdentifierHelperImpl - Normalizing identifier quoting [donation_id]
2021-11-19T10:24:03,495|[TRACE] NormalizingIdentifierHelperImpl - Normalizing identifier quoting [FK5os0h3pehrbipqs82hpi2roqi]
2021-11-19T10:24:03,495|[DEBUG] InFlightMetadataCollectorImpl - Resolving reference to class: bloodbank.entity.Person
2021-11-19T10:24:03,495|[TRACE] NormalizingIdentifierHelperImpl - Normalizing identifier quoting [person_id]
2021-11-19T10:24:03,495|[TRACE] NormalizingIdentifierHelperImpl - Normalizing identifier quoting [FKg7oj3wip5i4to211cj8e1d4nx]
2021-11-19T10:24:03,496|[DEBUG] InFlightMetadataCollectorImpl - Resolving reference to class: bloodbank.entity.BloodBank
2021-11-19T10:24:03,496|[TRACE] NormalizingIdentifierHelperImpl - Normalizing identifier quoting [bank_id]
2021-11-19T10:24:03,496|[DEBUG] InFlightMetadataCollectorImpl - Resolving reference to class: bloodbank.entity.Address
2021-11-19T10:24:03,496|[TRACE] NormalizingIdentifierHelperImpl - Normalizing identifier quoting [address_id]
2021-11-19T10:24:03,496|[DEBUG] InFlightMetadataCollectorImpl - Resolving reference to class: bloodbank.entity.Person
2021-11-19T10:24:03,496|[TRACE] NormalizingIdentifierHelperImpl - Normalizing identifier quoting [person_id]
2021-11-19T10:24:03,496|[DEBUG] InFlightMetadataCollectorImpl - Resolving reference to class: bloodbank.entity.Phone
2021-11-19T10:24:03,496|[TRACE] NormalizingIdentifierHelperImpl - Normalizing identifier quoting [phone_id]
2021-11-19T10:24:03,496|[DEBUG] InFlightMetadataCollectorImpl - Resolving reference to class: bloodbank.entity.BloodDonation
2021-11-19T10:24:03,496|[TRACE] NormalizingIdentifierHelperImpl - Normalizing identifier quoting [donation_id]
2021-11-19T10:24:03,496|[DEBUG] InFlightMetadataCollectorImpl - Resolving reference to class: bloodbank.entity.Person
2021-11-19T10:24:03,496|[TRACE] NormalizingIdentifierHelperImpl - Normalizing identifier quoting [person_id]
2021-11-19T10:24:03,496|[TRACE] AbstractServiceRegistryImpl - Initializing service [role=org.hibernate.property.access.spi.PropertyAccessStrategyResolver]
2021-11-19T10:24:03,497|[TRACE] AbstractServiceRegistryImpl - Initializing service [role=org.hibernate.boot.spi.SessionFactoryBuilderService]
2021-11-19T10:24:03,497|[TRACE] BatchFetchStyle - Interpreting BatchFetchStyle from setting : null
2021-11-19T10:24:03,497|[TRACE] AbstractServiceRegistryImpl - Initializing service [role=org.hibernate.resource.transaction.spi.TransactionCoordinatorBuilder]
2021-11-19T10:24:03,499|[TRACE] AbstractServiceRegistryImpl - Initializing service [role=org.hibernate.bytecode.spi.BytecodeProvider]
2021-11-19T10:24:03,499|[DEBUG] SessionFactoryImpl - Building session factory
2021-11-19T10:24:03,499|[DEBUG] Settings - SessionFactory name : null
2021-11-19T10:24:03,499|[DEBUG] Settings - Automatic flush during beforeCompletion(): enabled
2021-11-19T10:24:03,499|[DEBUG] Settings - Automatic session close at end of transaction: disabled
2021-11-19T10:24:03,499|[DEBUG] Settings - Statistics: disabled
2021-11-19T10:24:03,499|[DEBUG] Settings - Deleted entity synthetic identifier rollback: disabled
2021-11-19T10:24:03,499|[DEBUG] Settings - Default entity-mode: pojo
2021-11-19T10:24:03,499|[DEBUG] Settings - Check Nullability in Core (should be disabled when Bean Validation is on): enabled
2021-11-19T10:24:03,499|[DEBUG] Settings - Allow initialization of lazy state outside session : disabled
2021-11-19T10:24:03,499|[DEBUG] Settings - Using BatchFetchStyle : LEGACY
2021-11-19T10:24:03,499|[DEBUG] Settings - Default batch fetch size: -1
2021-11-19T10:24:03,499|[DEBUG] Settings - Maximum outer join fetch depth: 2
2021-11-19T10:24:03,499|[DEBUG] Settings - Default null ordering: NONE
2021-11-19T10:24:03,499|[DEBUG] Settings - Order SQL updates by primary key: disabled
2021-11-19T10:24:03,499|[DEBUG] Settings - Order SQL inserts for batching: disabled
2021-11-19T10:24:03,499|[DEBUG] Settings - multi-tenancy strategy : NONE
2021-11-19T10:24:03,499|[DEBUG] Settings - JTA Track by Thread: enabled
2021-11-19T10:24:03,499|[DEBUG] Settings - Query language substitutions: {}
2021-11-19T10:24:03,499|[DEBUG] Settings - Named query checking : enabled
2021-11-19T10:24:03,536|[DEBUG] Settings - Second-level cache: disabled
2021-11-19T10:24:03,536|[DEBUG] Settings - Second-level query cache: disabled
2021-11-19T10:24:03,536|[DEBUG] Settings - Second-level query cache factory: null
2021-11-19T10:24:03,536|[DEBUG] Settings - Second-level cache region prefix: null
2021-11-19T10:24:03,536|[DEBUG] Settings - Optimize second-level cache for minimal puts: disabled
2021-11-19T10:24:03,536|[DEBUG] Settings - Structured second-level cache entries: disabled
2021-11-19T10:24:03,536|[DEBUG] Settings - Second-level cache direct-reference entries: disabled
2021-11-19T10:24:03,536|[DEBUG] Settings - Automatic eviction of collection cache: disabled
2021-11-19T10:24:03,536|[DEBUG] Settings - JDBC batch size: 15
2021-11-19T10:24:03,536|[DEBUG] Settings - JDBC batch updates for versioned data: enabled
2021-11-19T10:24:03,536|[DEBUG] Settings - Scrollable result sets: enabled
2021-11-19T10:24:03,536|[DEBUG] Settings - Wrap result sets: disabled
2021-11-19T10:24:03,536|[DEBUG] Settings - JDBC3 getGeneratedKeys(): enabled
2021-11-19T10:24:03,536|[DEBUG] Settings - JDBC result set fetch size: null
2021-11-19T10:24:03,536|[DEBUG] Settings - Connection release mode: AFTER_TRANSACTION
2021-11-19T10:24:03,536|[DEBUG] Settings - Generate SQL with comments: enabled
2021-11-19T10:24:03,536|[DEBUG] Settings - JPA compliance - query : disabled
2021-11-19T10:24:03,536|[DEBUG] Settings - JPA compliance - closed-handling : disabled
2021-11-19T10:24:03,536|[DEBUG] Settings - JPA compliance - lists : disabled
2021-11-19T10:24:03,536|[DEBUG] Settings - JPA compliance - transactions : disabled
2021-11-19T10:24:03,536|[TRACE] AbstractServiceRegistryImpl - Initializing service [role=org.hibernate.service.spi.SessionFactoryServiceRegistryFactory]
2021-11-19T10:24:03,536|[TRACE] AbstractServiceRegistryImpl - Initializing service [role=org.hibernate.event.service.spi.EventListenerRegistry]
2021-11-19T10:24:03,537|[TRACE] AbstractServiceRegistryImpl - Initializing service [role=org.hibernate.resource.beans.spi.ManagedBeanRegistry]
2021-11-19T10:24:03,537|[INFO ] beans - HHH10005002: No explicit CDI BeanManager reference was passed to Hibernate, but CDI is available on the Hibernate ClassLoader.
2021-11-19T10:24:03,537|[TRACE] FallbackBeanInstanceProducer - Creating ManagedBean(bloodbank.entity.PojoCompositeListener) using direct instantiation
2021-11-19T10:24:03,537|[DEBUG] CallbackBuilderLegacyImpl - Adding setUpdatedDate as PreUpdate callback for entity bloodbank.entity.Contact
2021-11-19T10:24:03,537|[DEBUG] CallbackBuilderLegacyImpl - Adding setCreatedOnDate as PrePersist callback for entity bloodbank.entity.Contact
2021-11-19T10:24:03,537|[TRACE] FallbackBeanInstanceProducer - Creating ManagedBean(bloodbank.entity.PojoListener) using direct instantiation
2021-11-19T10:24:03,537|[DEBUG] CallbackBuilderLegacyImpl - Adding setUpdatedDate as PreUpdate callback for entity bloodbank.entity.Phone
2021-11-19T10:24:03,537|[DEBUG] CallbackBuilderLegacyImpl - Adding setCreatedOnDate as PrePersist callback for entity bloodbank.entity.Phone
2021-11-19T10:24:03,537|[DEBUG] CallbackBuilderLegacyImpl - Adding setUpdatedDate as PreUpdate callback for entity bloodbank.entity.BloodDonation
2021-11-19T10:24:03,537|[DEBUG] CallbackBuilderLegacyImpl - Adding setCreatedOnDate as PrePersist callback for entity bloodbank.entity.BloodDonation
2021-11-19T10:24:03,538|[DEBUG] CallbackBuilderLegacyImpl - Adding setUpdatedDate as PreUpdate callback for entity bloodbank.entity.BloodBank
2021-11-19T10:24:03,538|[DEBUG] CallbackBuilderLegacyImpl - Adding setCreatedOnDate as PrePersist callback for entity bloodbank.entity.BloodBank
2021-11-19T10:24:03,538|[DEBUG] ClassLoaderAccessImpl - Not known whether passed class name [bloodbank.entity.PrivateBloodBank] is safe
2021-11-19T10:24:03,538|[DEBUG] ClassLoaderAccessImpl - No temp ClassLoader provided; using live ClassLoader for loading potentially unsafe class : bloodbank.entity.PrivateBloodBank
2021-11-19T10:24:03,538|[DEBUG] CallbackBuilderLegacyImpl - Adding setUpdatedDate as PreUpdate callback for entity bloodbank.entity.PrivateBloodBank
2021-11-19T10:24:03,538|[DEBUG] CallbackBuilderLegacyImpl - Adding setCreatedOnDate as PrePersist callback for entity bloodbank.entity.PrivateBloodBank
2021-11-19T10:24:03,538|[DEBUG] CallbackBuilderLegacyImpl - Adding setUpdatedDate as PreUpdate callback for entity bloodbank.entity.DonationRecord
2021-11-19T10:24:03,538|[DEBUG] CallbackBuilderLegacyImpl - Adding setCreatedOnDate as PrePersist callback for entity bloodbank.entity.DonationRecord
2021-11-19T10:24:03,538|[DEBUG] CallbackBuilderLegacyImpl - Adding setUpdatedDate as PreUpdate callback for entity bloodbank.entity.Address
2021-11-19T10:24:03,538|[DEBUG] CallbackBuilderLegacyImpl - Adding setCreatedOnDate as PrePersist callback for entity bloodbank.entity.Address
2021-11-19T10:24:03,538|[DEBUG] CallbackBuilderLegacyImpl - Adding setUpdatedDate as PreUpdate callback for entity bloodbank.entity.Person
2021-11-19T10:24:03,538|[DEBUG] CallbackBuilderLegacyImpl - Adding setCreatedOnDate as PrePersist callback for entity bloodbank.entity.Person
2021-11-19T10:24:03,538|[DEBUG] ClassLoaderAccessImpl - Not known whether passed class name [bloodbank.entity.PublicBloodBank] is safe
2021-11-19T10:24:03,538|[DEBUG] ClassLoaderAccessImpl - No temp ClassLoader provided; using live ClassLoader for loading potentially unsafe class : bloodbank.entity.PublicBloodBank
2021-11-19T10:24:03,538|[DEBUG] CallbackBuilderLegacyImpl - Adding setUpdatedDate as PreUpdate callback for entity bloodbank.entity.PublicBloodBank
2021-11-19T10:24:03,538|[DEBUG] CallbackBuilderLegacyImpl - Adding setCreatedOnDate as PrePersist callback for entity bloodbank.entity.PublicBloodBank
2021-11-19T10:24:03,539|[TRACE] AbstractServiceRegistryImpl - Initializing service [role=org.hibernate.cache.spi.CacheImplementor]
2021-11-19T10:24:03,539|[DEBUG] SessionFactoryImpl - Session factory constructed with filter configurations : {}
2021-11-19T10:24:03,539|[DEBUG] SessionFactoryImpl - Instantiating session factory with properties: {sun.desktop=windows, awt.toolkit=sun.awt.windows.WToolkit, hibernate.format_sql=true, java.specification.version=11, sun.cpu.isalist=amd64, sun.jnu.encoding=Cp1252, hibernate.dialect=org.hibernate.dialect.MySQL8Dialect, java.class.path=D:\Computer Programming\Level 4\CST8277_300 Enterprise Application\Assignments\Assignment03\BloodBank-JPA-Mapping-JUnit-Skeleton\BloodBank-JPA-Mapping-JUnit-Skeleton\target\test-classes;C:\Users\simondaxia\.m2\repository\org\junit\jupiter\junit-jupiter\5.7.0\junit-jupiter-5.7.0.jar;C:\Users\simondaxia\.m2\repository\org\junit\jupiter\junit-jupiter-api\5.7.0\junit-jupiter-api-5.7.0.jar;C:\Users\simondaxia\.m2\repository\org\apiguardian\apiguardian-api\1.1.0\apiguardian-api-1.1.0.jar;C:\Users\simondaxia\.m2\repository\org\opentest4j\opentest4j\1.2.0\opentest4j-1.2.0.jar;C:\Users\simondaxia\.m2\repository\org\junit\platform\junit-platform-commons\1.7.0\junit-platform-commons-1.7.0.jar;C:\Users\simondaxia\.m2\repository\org\junit\jupiter\junit-jupiter-params\5.7.0\junit-jupiter-params-5.7.0.jar;C:\Users\simondaxia\.m2\repository\org\junit\jupiter\junit-jupiter-engine\5.7.0\junit-jupiter-engine-5.7.0.jar;C:\Users\simondaxia\.m2\repository\org\junit\platform\junit-platform-engine\1.7.0\junit-platform-engine-1.7.0.jar;C:\Users\simondaxia\.m2\repository\org\hamcrest\hamcrest\2.2\hamcrest-2.2.jar;C:\Users\simondaxia\.m2\repository\org\hamcrest\hamcrest-library\2.2\hamcrest-library-2.2.jar;C:\Users\simondaxia\.m2\repository\org\hamcrest\hamcrest-core\2.2\hamcrest-core-2.2.jar;C:\Users\simondaxia\.m2\repository\org\jboss\logging\jboss-logging\3.4.1.Final\jboss-logging-3.4.1.Final.jar;C:\Users\simondaxia\.m2\repository\org\javassist\javassist\3.27.0-GA\javassist-3.27.0-GA.jar;C:\Users\simondaxia\.m2\repository\net\bytebuddy\byte-buddy\1.10.17\byte-buddy-1.10.17.jar;C:\Users\simondaxia\.m2\repository\antlr\antlr\2.7.7\antlr-2.7.7.jar;C:\Users\simondaxia\.m2\repository\org\jboss\spec\javax\transaction\jboss-transaction-api_1.2_spec\1.1.1.Final\jboss-transaction-api_1.2_spec-1.1.1.Final.jar;C:\Users\simondaxia\.m2\repository\org\jboss\jandex\2.1.3.Final\jandex-2.1.3.Final.jar;C:\Users\simondaxia\.m2\repository\com\fasterxml\classmate\1.5.1\classmate-1.5.1.jar;C:\Users\simondaxia\.m2\repository\javax\activation\javax.activation-api\1.2.0\javax.activation-api-1.2.0.jar;C:\Users\simondaxia\.m2\repository\org\dom4j\dom4j\2.1.3\dom4j-2.1.3.jar;C:\Users\simondaxia\.m2\repository\org\hibernate\common\hibernate-commons-annotations\5.1.2.Final\hibernate-commons-annotations-5.1.2.Final.jar;C:\Users\simondaxia\.m2\repository\javax\xml\bind\jaxb-api\2.3.1\jaxb-api-2.3.1.jar;C:\Users\simondaxia\.m2\repository\org\glassfish\jaxb\jaxb-runtime\2.3.1\jaxb-runtime-2.3.1.jar;C:\Users\simondaxia\.m2\repository\org\glassfish\jaxb\txw2\2.3.1\txw2-2.3.1.jar;C:\Users\simondaxia\.m2\repository\com\sun\istack\istack-commons-runtime\3.0.7\istack-commons-runtime-3.0.7.jar;C:\Users\simondaxia\.m2\repository\org\jvnet\staxex\stax-ex\1.8\stax-ex-1.8.jar;C:\Users\simondaxia\.m2\repository\com\sun\xml\fastinfoset\FastInfoset\1.2.15\FastInfoset-1.2.15.jar;C:\Users\simondaxia\.m2\repository\mysql\mysql-connector-java\8.0.23\mysql-connector-java-8.0.23.jar;C:\Users\simondaxia\.m2\repository\com\google\protobuf\protobuf-java\3.11.4\protobuf-java-3.11.4.jar;, java.vm.vendor=Amazon.com Inc., sun.arch.data.model=64, user.variant=, java.vendor.url=https://aws.amazon.com/corretto/, user.timezone=America/New_York, javax.persistence.jdbc.url=jdbc:mysql://localhost:3306/bloodbank?createDatabaseIfNotExist=true&zeroDateTimeBehavior=convertToNull, javax.persistence.jdbc.user=****, os.name=Windows 10, java.vm.specification.version=11, javax.persistence.schema-generation.create-script-source=META-INF/sql/bloodbank-create.sql, sun.java.launcher=SUN_STANDARD, user.country=CA, local.setting.IS_JTA_TXN_COORD=false, sun.boot.library.path=C:\Program Files\Amazon Corretto\jdk11.0.11_9\bin, sun.java.command=org.apache.maven.surefire.booter.ForkedBooter C:\Users\simondaxia\AppData\Local\Temp\surefire18336507460364361438 2021-11-19T10-23-33_773-jvmRun1 surefire10358599284016281038tmp surefire_028660401499378696tmp, hibernate.use_sql_comments=true, jdk.debug=release, surefire.test.class.path=D:\Computer Programming\Level 4\CST8277_300 Enterprise Application\Assignments\Assignment03\BloodBank-JPA-Mapping-JUnit-Skeleton\BloodBank-JPA-Mapping-JUnit-Skeleton\target\test-classes;C:\Users\simondaxia\.m2\repository\org\junit\jupiter\junit-jupiter\5.7.0\junit-jupiter-5.7.0.jar;C:\Users\simondaxia\.m2\repository\org\junit\jupiter\junit-jupiter-api\5.7.0\junit-jupiter-api-5.7.0.jar;C:\Users\simondaxia\.m2\repository\org\apiguardian\apiguardian-api\1.1.0\apiguardian-api-1.1.0.jar;C:\Users\simondaxia\.m2\repository\org\opentest4j\opentest4j\1.2.0\opentest4j-1.2.0.jar;C:\Users\simondaxia\.m2\repository\org\junit\platform\junit-platform-commons\1.7.0\junit-platform-commons-1.7.0.jar;C:\Users\simondaxia\.m2\repository\org\junit\jupiter\junit-jupiter-params\5.7.0\junit-jupiter-params-5.7.0.jar;C:\Users\simondaxia\.m2\repository\org\junit\jupiter\junit-jupiter-engine\5.7.0\junit-jupiter-engine-5.7.0.jar;C:\Users\simondaxia\.m2\repository\org\junit\platform\junit-platform-engine\1.7.0\junit-platform-engine-1.7.0.jar;C:\Users\simondaxia\.m2\repository\org\hamcrest\hamcrest\2.2\hamcrest-2.2.jar;C:\Users\simondaxia\.m2\repository\org\hamcrest\hamcrest-library\2.2\hamcrest-library-2.2.jar;C:\Users\simondaxia\.m2\repository\org\hamcrest\hamcrest-core\2.2\hamcrest-core-2.2.jar;C:\Users\simondaxia\.m2\repository\org\jboss\logging\jboss-logging\3.4.1.Final\jboss-logging-3.4.1.Final.jar;C:\Users\simondaxia\.m2\repository\org\javassist\javassist\3.27.0-GA\javassist-3.27.0-GA.jar;C:\Users\simondaxia\.m2\repository\net\bytebuddy\byte-buddy\1.10.17\byte-buddy-1.10.17.jar;C:\Users\simondaxia\.m2\repository\antlr\antlr\2.7.7\antlr-2.7.7.jar;C:\Users\simondaxia\.m2\repository\org\jboss\spec\javax\transaction\jboss-transaction-api_1.2_spec\1.1.1.Final\jboss-transaction-api_1.2_spec-1.1.1.Final.jar;C:\Users\simondaxia\.m2\repository\org\jboss\jandex\2.1.3.Final\jandex-2.1.3.Final.jar;C:\Users\simondaxia\.m2\repository\com\fasterxml\classmate\1.5.1\classmate-1.5.1.jar;C:\Users\simondaxia\.m2\repository\javax\activation\javax.activation-api\1.2.0\javax.activation-api-1.2.0.jar;C:\Users\simondaxia\.m2\repository\org\dom4j\dom4j\2.1.3\dom4j-2.1.3.jar;C:\Users\simondaxia\.m2\repository\org\hibernate\common\hibernate-commons-annotations\5.1.2.Final\hibernate-commons-annotations-5.1.2.Final.jar;C:\Users\simondaxia\.m2\repository\javax\xml\bind\jaxb-api\2.3.1\jaxb-api-2.3.1.jar;C:\Users\simondaxia\.m2\repository\org\glassfish\jaxb\jaxb-runtime\2.3.1\jaxb-runtime-2.3.1.jar;C:\Users\simondaxia\.m2\repository\org\glassfish\jaxb\txw2\2.3.1\txw2-2.3.1.jar;C:\Users\simondaxia\.m2\repository\com\sun\istack\istack-commons-runtime\3.0.7\istack-commons-runtime-3.0.7.jar;C:\Users\simondaxia\.m2\repository\org\jvnet\staxex\stax-ex\1.8\stax-ex-1.8.jar;C:\Users\simondaxia\.m2\repository\com\sun\xml\fastinfoset\FastInfoset\1.2.15\FastInfoset-1.2.15.jar;C:\Users\simondaxia\.m2\repository\mysql\mysql-connector-java\8.0.23\mysql-connector-java-8.0.23.jar;C:\Users\simondaxia\.m2\repository\com\google\protobuf\protobuf-java\3.11.4\protobuf-java-3.11.4.jar;, sun.cpu.endian=little, user.home=C:\Users\simondaxia, user.language=en, java.specification.vendor=Oracle Corporation, jdk.module.path=D:\Computer Programming\Level 4\CST8277_300 Enterprise Application\Assignments\Assignment03\BloodBank-JPA-Mapping-JUnit-Skeleton\BloodBank-JPA-Mapping-JUnit-Skeleton\target\classes;C:\Users\simondaxia\.m2\repository\org\apache\logging\log4j\log4j-api\2.14.0\log4j-api-2.14.0.jar;C:\Users\simondaxia\.m2\repository\org\apache\logging\log4j\log4j-core\2.14.0\log4j-core-2.14.0.jar;C:\Users\simondaxia\.m2\repository\org\hibernate\hibernate-core\5.4.27.Final\hibernate-core-5.4.27.Final.jar;C:\Users\simondaxia\.m2\repository\jakarta\platform\jakarta.jakartaee-api\8.0.0\jakarta.jakartaee-api-8.0.0.jar, java.version.date=2021-04-20, generateReports=flase, java.home=C:\Program Files\Amazon Corretto\jdk11.0.11_9, file.separator=\, basedir=D:\Computer Programming\Level 4\CST8277_300 Enterprise Application\Assignments\Assignment03\BloodBank-JPA-Mapping-JUnit-Skeleton\BloodBank-JPA-Mapping-JUnit-Skeleton, java.vm.compressedOopsMode=32-bit, line.separator=
, java.specification.name=Java Platform API Specification, java.vm.specification.vendor=Oracle Corporation, hibernate.transaction.coordinator_class=class org.hibernate.resource.transaction.backend.jdbc.internal.JdbcResourceLocalTransactionCoordinatorBuilderImpl, java.awt.graphicsenv=sun.awt.Win32GraphicsEnvironment, javax.persistence.jdbc.driver=com.mysql.cj.jdbc.Driver, surefire.real.class.path=C:\Users\simondaxia\.m2\repository\org\apache\maven\surefire\surefire-booter\3.0.0-M5\surefire-booter-3.0.0-M5.jar;C:\Users\simondaxia\.m2\repository\org\apache\maven\surefire\surefire-api\3.0.0-M5\surefire-api-3.0.0-M5.jar;C:\Users\simondaxia\.m2\repository\org\apache\maven\surefire\surefire-logger-api\3.0.0-M5\surefire-logger-api-3.0.0-M5.jar;C:\Users\simondaxia\.m2\repository\org\apache\maven\surefire\surefire-shared-utils\3.0.0-M4\surefire-shared-utils-3.0.0-M4.jar;C:\Users\simondaxia\.m2\repository\org\apache\maven\surefire\surefire-extensions-spi\3.0.0-M5\surefire-extensions-spi-3.0.0-M5.jar;D:\Computer Programming\Level 4\CST8277_300 Enterprise Application\Assignments\Assignment03\BloodBank-JPA-Mapping-JUnit-Skeleton\BloodBank-JPA-Mapping-JUnit-Skeleton\target\test-classes;C:\Users\simondaxia\.m2\repository\org\junit\jupiter\junit-jupiter\5.7.0\junit-jupiter-5.7.0.jar;C:\Users\simondaxia\.m2\repository\org\junit\jupiter\junit-jupiter-api\5.7.0\junit-jupiter-api-5.7.0.jar;C:\Users\simondaxia\.m2\repository\org\apiguardian\apiguardian-api\1.1.0\apiguardian-api-1.1.0.jar;C:\Users\simondaxia\.m2\repository\org\opentest4j\opentest4j\1.2.0\opentest4j-1.2.0.jar;C:\Users\simondaxia\.m2\repository\org\junit\platform\junit-platform-commons\1.7.0\junit-platform-commons-1.7.0.jar;C:\Users\simondaxia\.m2\repository\org\junit\jupiter\junit-jupiter-params\5.7.0\junit-jupiter-params-5.7.0.jar;C:\Users\simondaxia\.m2\repository\org\junit\jupiter\junit-jupiter-engine\5.7.0\junit-jupiter-engine-5.7.0.jar;C:\Users\simondaxia\.m2\repository\org\junit\platform\junit-platform-engine\1.7.0\junit-platform-engine-1.7.0.jar;C:\Users\simondaxia\.m2\repository\org\hamcrest\hamcrest\2.2\hamcrest-2.2.jar;C:\Users\simondaxia\.m2\repository\org\hamcrest\hamcrest-library\2.2\hamcrest-library-2.2.jar;C:\Users\simondaxia\.m2\repository\org\hamcrest\hamcrest-core\2.2\hamcrest-core-2.2.jar;C:\Users\simondaxia\.m2\repository\org\jboss\logging\jboss-logging\3.4.1.Final\jboss-logging-3.4.1.Final.jar;C:\Users\simondaxia\.m2\repository\org\javassist\javassist\3.27.0-GA\javassist-3.27.0-GA.jar;C:\Users\simondaxia\.m2\repository\net\bytebuddy\byte-buddy\1.10.17\byte-buddy-1.10.17.jar;C:\Users\simondaxia\.m2\repository\antlr\antlr\2.7.7\antlr-2.7.7.jar;C:\Users\simondaxia\.m2\repository\org\jboss\spec\javax\transaction\jboss-transaction-api_1.2_spec\1.1.1.Final\jboss-transaction-api_1.2_spec-1.1.1.Final.jar;C:\Users\simondaxia\.m2\repository\org\jboss\jandex\2.1.3.Final\jandex-2.1.3.Final.jar;C:\Users\simondaxia\.m2\repository\com\fasterxml\classmate\1.5.1\classmate-1.5.1.jar;C:\Users\simondaxia\.m2\repository\javax\activation\javax.activation-api\1.2.0\javax.activation-api-1.2.0.jar;C:\Users\simondaxia\.m2\repository\org\dom4j\dom4j\2.1.3\dom4j-2.1.3.jar;C:\Users\simondaxia\.m2\repository\org\hibernate\common\hibernate-commons-annotations\5.1.2.Final\hibernate-commons-annotations-5.1.2.Final.jar;C:\Users\simondaxia\.m2\repository\javax\xml\bind\jaxb-api\2.3.1\jaxb-api-2.3.1.jar;C:\Users\simondaxia\.m2\repository\org\glassfish\jaxb\jaxb-runtime\2.3.1\jaxb-runtime-2.3.1.jar;C:\Users\simondaxia\.m2\repository\org\glassfish\jaxb\txw2\2.3.1\txw2-2.3.1.jar;C:\Users\simondaxia\.m2\repository\com\sun\istack\istack-commons-runtime\3.0.7\istack-commons-runtime-3.0.7.jar;C:\Users\simondaxia\.m2\repository\org\jvnet\staxex\stax-ex\1.8\stax-ex-1.8.jar;C:\Users\simondaxia\.m2\repository\com\sun\xml\fastinfoset\FastInfoset\1.2.15\FastInfoset-1.2.15.jar;C:\Users\simondaxia\.m2\repository\mysql\mysql-connector-java\8.0.23\mysql-connector-java-8.0.23.jar;C:\Users\simondaxia\.m2\repository\com\google\protobuf\protobuf-java\3.11.4\protobuf-java-3.11.4.jar;C:\Users\simondaxia\.m2\repository\org\apache\maven\surefire\surefire-junit-platform\3.0.0-M5\surefire-junit-platform-3.0.0-M5.jar;C:\Users\simondaxia\.m2\repository\org\apache\maven\surefire\common-java5\3.0.0-M5\common-java5-3.0.0-M5.jar;C:\Users\simondaxia\.m2\repository\org\junit\platform\junit-platform-launcher\1.7.0\junit-platform-launcher-1.7.0.jar, user.script=, sun.management.compiler=HotSpot 64-Bit Tiered Compilers, java.runtime.version=11.0.11+9-LTS, user.name=simondaxia, path.separator=;, hibernate.connection.username=****, os.version=10.0, hibernate.hbm2ddl.import_files_sql_extractor=org.hibernate.tool.hbm2ddl.MultipleLinesSqlCommandExtractor, java.runtime.name=OpenJDK Runtime Environment, hibernate.connection.url=jdbc:mysql://localhost:3306/bloodbank?createDatabaseIfNotExist=true&zeroDateTimeBehavior=convertToNull, file.encoding=Cp1252, hibernate.ejb.persistenceUnitName=bloodbank-PU, java.vm.name=OpenJDK 64-Bit Server VM, java.vendor.version=Corretto-11.0.11.9.1, javax.persistence.schema-generation.drop-script-source=META-INF/sql/bloodbank-drop.sql, localRepository=C:\Users\simondaxia\.m2\repository, hibernate.connection.driver_class=com.mysql.cj.jdbc.Driver, java.vendor.url.bug=https://github.com/corretto/corretto-11/issues/, java.io.tmpdir=C:\Users\SIMOND~1\AppData\Local\Temp\, javax.persistence.schema-generation.drop-source=script, javax.persistence.schema-generation.create-source=script, java.version=11.0.11, user.dir=D:\Computer Programming\Level 4\CST8277_300 Enterprise Application\Assignments\Assignment03\BloodBank-JPA-Mapping-JUnit-Skeleton\BloodBank-JPA-Mapping-JUnit-Skeleton, os.arch=amd64, java.vm.specification.name=Java Virtual Machine Specification, java.awt.printerjob=sun.awt.windows.WPrinterJob, javax.persistence.schema-generation.database.action=drop-and-create, hibernate.connection.password=****, sun.os.patch.level=, hibernate.boot.CfgXmlAccessService.key=org.hibernate.boot.registry.StandardServiceRegistryBuilder$1@481eb705, java.library.path=C:\Program Files\Amazon Corretto\jdk11.0.11_9\bin;C:\WINDOWS\Sun\Java\bin;C:\WINDOWS\system32;C:\WINDOWS;C:/Program Files/Amazon Corretto/jdk11.0.11_9/bin/server;C:/Program Files/Amazon Corretto/jdk11.0.11_9/bin;D:\Python39\Scripts\;D:\Python39\;D:\app\simondaxia\product\12.1.0\bin;D:\app\simondaxia\product\12.1.0\dbhome_1\bin;D:\app\simondaxia\product\12.1.0\dbhome_2\bin;C:\Program Files\Amazon Corretto\jdk11.0.11_9\bin;D:\oraclexe\app\oracle\product\11.2.0\server\bin;;C:\AmazonCorretto\jdk11.0.8_10\bin;C:\Program Files (x86)\Common Files\Oracle\Java\javapath;C:\Program Files (x86)\Intel\Intel(R) Management Engine Components\iCLS\;C:\Program Files\Intel\Intel(R) Management Engine Components\iCLS\;C:\Windows\system32;C:\Windows;C:\Windows\System32\Wbem;C:\Windows\System32\WindowsPowerShell\v1.0\;C:\Windows\System32\OpenSSH\;C:\Program Files (x86)\Intel\Intel(R) Management Engine Components\DAL;C:\Program Files\Intel\Intel(R) Management Engine Components\DAL;C:\Program Files (x86)\Intel\Intel(R) Management Engine Components\IPT;C:\Program Files\Intel\Intel(R) Management Engine Components\IPT;C:\Program Files (x86)\NVIDIA Corporation\PhysX\Common;C:\Program Files\Intel\WiFi\bin\;C:\Program Files\Common Files\Intel\WirelessCommon\;C:\WINDOWS\system32;C:\WINDOWS;C:\WINDOWS\System32\Wbem;C:\WINDOWS\System32\WindowsPowerShell\v1.0\;C:\WINDOWS\System32\OpenSSH\;C:\Program Files (x86)\pgmodeler;C:\Program Files\Git\cmd;C:\Users\simondaxia\AppData\Local\Microsoft\WindowsApps;C:\Program Files\Java\jdk1.8.0_271\bin;C:\Program Files\Microsoft SQL Server\Client SDK\ODBC\130\Tools\Binn\;C:\Program Files (x86)\Microsoft SQL Server\140\Tools\Binn\;C:\Program Files\Microsoft SQL Server\140\Tools\Binn\;C:\Program Files\Microsoft SQL Server\140\DTS\Binn\;C:\Program Files (x86)\Microsoft SQL Server\150\DTS\Binn\;C:\Program Files\Azure Data Studio\bin;C:\Users\simondaxia\AppData\Local\Microsoft\WindowsApps;;D:\Microsoft VS Code\bin;C:\Program Files\Azure Data Studio\bin;D:\JetBrains\PyCharm Community Edition 2021.2.2\bin;;D:\Programs\mongosh\;C:\Users\simondaxia\Desktop;;., java.vendor=Amazon.com Inc., java.vm.info=mixed mode, java.vm.version=11.0.11+9-LTS, hibernate.bytecode.use_reflection_optimizer=false, sun.io.unicode.encoding=UnicodeLittle, javax.persistence.jdbc.password=****, java.class.version=55.0}
2021-11-19T10:24:03,539|[TRACE] AbstractServiceRegistryImpl - Initializing service [role=org.hibernate.engine.query.spi.NativeQueryInterpreter]
2021-11-19T10:24:03,539|[DEBUG] TypeSafeActivator - Unable to acquire Bean Validation ValidatorFactory, skipping activation
2021-11-19T10:24:03,539|[DEBUG] JaccIntegrator - Skipping JACC integration as it was not enabled
2021-11-19T10:24:03,539|[DEBUG] SessionFactoryImpl - Instantiated session factory
2021-11-19T10:24:03,539|[DEBUG] TypeConfiguration$Scope - Scoping TypeConfiguration [org.hibernate.type.spi.TypeConfiguration@f943847] to SessionFactoryImpl [org.hibernate.internal.SessionFactoryImpl@2ae0eb98]
2021-11-19T10:24:03,539|[TRACE] AbstractServiceRegistryImpl - Initializing service [role=org.hibernate.persister.spi.PersisterFactory]
2021-11-19T10:24:03,539|[TRACE] AbstractServiceRegistryImpl - Initializing service [role=org.hibernate.persister.spi.PersisterClassResolver]
2021-11-19T10:24:03,540|[DEBUG] ClassLoaderAccessImpl - Not known whether passed class name [bloodbank.entity.Contact] is safe
2021-11-19T10:24:03,540|[DEBUG] ClassLoaderAccessImpl - No temp ClassLoader provided; using live ClassLoader for loading potentially unsafe class : bloodbank.entity.Contact
2021-11-19T10:24:03,540|[TRACE] AbstractServiceRegistryImpl - Initializing service [role=org.hibernate.bytecode.spi.ProxyFactoryFactory]
2021-11-19T10:24:03,546|[TRACE] AbstractPropertyMapping - Skipping duplicate registration of path [address.id], existing type = [org.hibernate.type.IntegerType@6892cc6f], incoming type = [org.hibernate.type.IntegerType@6892cc6f]
2021-11-19T10:24:03,546|[TRACE] AbstractPropertyMapping - Skipping duplicate registration of path [owner.id], existing type = [org.hibernate.type.IntegerType@6892cc6f], incoming type = [org.hibernate.type.IntegerType@6892cc6f]
2021-11-19T10:24:03,546|[TRACE] AbstractPropertyMapping - Skipping duplicate registration of path [phone.id], existing type = [org.hibernate.type.IntegerType@6892cc6f], incoming type = [org.hibernate.type.IntegerType@6892cc6f]
2021-11-19T10:24:03,546|[TRACE] AbstractPropertyMapping - Skipping duplicate registration of path [epochCreated], existing type = [org.hibernate.type.LongType@ae7950d], incoming type = [org.hibernate.type.LongType@ae7950d]
2021-11-19T10:24:03,546|[TRACE] AbstractPropertyMapping - Skipping duplicate registration of path [epochUpdated], existing type = [org.hibernate.type.LongType@ae7950d], incoming type = [org.hibernate.type.LongType@ae7950d]
2021-11-19T10:24:03,546|[TRACE] AbstractPropertyMapping - Skipping duplicate registration of path [version], existing type = [org.hibernate.type.IntegerType@6892cc6f], incoming type = [org.hibernate.type.IntegerType@6892cc6f]
2021-11-19T10:24:03,546|[TRACE] AbstractPropertyMapping - Skipping duplicate registration of path [address], existing type = [org.hibernate.type.ManyToOneType(bloodbank.entity.Address)], incoming type = [org.hibernate.type.ManyToOneType(bloodbank.entity.Address)]
2021-11-19T10:24:03,546|[TRACE] AbstractPropertyMapping - Skipping duplicate registration of path [address.id], existing type = [org.hibernate.type.IntegerType@6892cc6f], incoming type = [org.hibernate.type.IntegerType@6892cc6f]
2021-11-19T10:24:03,546|[TRACE] AbstractPropertyMapping - Skipping duplicate registration of path [address.id], existing type = [org.hibernate.type.IntegerType@6892cc6f], incoming type = [org.hibernate.type.IntegerType@6892cc6f]
2021-11-19T10:24:03,546|[TRACE] AbstractPropertyMapping - Skipping duplicate registration of path [contactType], existing type = [org.hibernate.type.StringType@7fc645e4], incoming type = [org.hibernate.type.StringType@7fc645e4]
2021-11-19T10:24:03,546|[TRACE] AbstractPropertyMapping - Skipping duplicate registration of path [email], existing type = [org.hibernate.type.StringType@7fc645e4], incoming type = [org.hibernate.type.StringType@7fc645e4]
2021-11-19T10:24:03,546|[TRACE] AbstractPropertyMapping - Skipping duplicate registration of path [owner], existing type = [org.hibernate.type.ManyToOneType(bloodbank.entity.Person)], incoming type = [org.hibernate.type.ManyToOneType(bloodbank.entity.Person)]
2021-11-19T10:24:03,546|[TRACE] AbstractPropertyMapping - Skipping duplicate registration of path [owner.id], existing type = [org.hibernate.type.IntegerType@6892cc6f], incoming type = [org.hibernate.type.IntegerType@6892cc6f]
2021-11-19T10:24:03,546|[TRACE] AbstractPropertyMapping - Skipping duplicate registration of path [owner.id], existing type = [org.hibernate.type.IntegerType@6892cc6f], incoming type = [org.hibernate.type.IntegerType@6892cc6f]
2021-11-19T10:24:03,546|[TRACE] AbstractPropertyMapping - Skipping duplicate registration of path [phone], existing type = [org.hibernate.type.ManyToOneType(bloodbank.entity.Phone)], incoming type = [org.hibernate.type.ManyToOneType(bloodbank.entity.Phone)]
2021-11-19T10:24:03,547|[TRACE] AbstractPropertyMapping - Skipping duplicate registration of path [phone.id], existing type = [org.hibernate.type.IntegerType@6892cc6f], incoming type = [org.hibernate.type.IntegerType@6892cc6f]
2021-11-19T10:24:03,547|[TRACE] AbstractPropertyMapping - Skipping duplicate registration of path [phone.id], existing type = [org.hibernate.type.IntegerType@6892cc6f], incoming type = [org.hibernate.type.IntegerType@6892cc6f]
2021-11-19T10:24:03,547|[TRACE] AbstractPropertyMapping - Skipping duplicate registration of path [id], existing type = [org.hibernate.type.ComponentType@1d86b636], incoming type = [org.hibernate.type.ComponentType@1d86b636]
2021-11-19T10:24:03,547|[TRACE] AbstractPropertyMapping - Skipping duplicate registration of path [id.personId], existing type = [org.hibernate.type.IntegerType@6892cc6f], incoming type = [org.hibernate.type.IntegerType@6892cc6f]
2021-11-19T10:24:03,547|[TRACE] AbstractPropertyMapping - Skipping duplicate registration of path [id.phoneId], existing type = [org.hibernate.type.IntegerType@6892cc6f], incoming type = [org.hibernate.type.IntegerType@6892cc6f]
2021-11-19T10:24:03,547|[DEBUG] ClassLoaderAccessImpl - Not known whether passed class name [bloodbank.entity.Phone] is safe
2021-11-19T10:24:03,547|[DEBUG] ClassLoaderAccessImpl - No temp ClassLoader provided; using live ClassLoader for loading potentially unsafe class : bloodbank.entity.Phone
2021-11-19T10:24:03,552|[TRACE] AbstractPropertyMapping - Skipping duplicate registration of path [epochCreated], existing type = [org.hibernate.type.LongType@ae7950d], incoming type = [org.hibernate.type.LongType@ae7950d]
2021-11-19T10:24:03,553|[TRACE] AbstractPropertyMapping - Skipping duplicate registration of path [epochUpdated], existing type = [org.hibernate.type.LongType@ae7950d], incoming type = [org.hibernate.type.LongType@ae7950d]
2021-11-19T10:24:03,553|[TRACE] AbstractPropertyMapping - Skipping duplicate registration of path [version], existing type = [org.hibernate.type.IntegerType@6892cc6f], incoming type = [org.hibernate.type.IntegerType@6892cc6f]
2021-11-19T10:24:03,553|[TRACE] AbstractPropertyMapping - Skipping duplicate registration of path [areaCode], existing type = [org.hibernate.type.StringType@7fc645e4], incoming type = [org.hibernate.type.StringType@7fc645e4]
2021-11-19T10:24:03,553|[TRACE] AbstractPropertyMapping - Skipping duplicate registration of path [contacts], existing type = [org.hibernate.type.SetType(bloodbank.entity.Phone.contacts)], incoming type = [org.hibernate.type.SetType(bloodbank.entity.Phone.contacts)]
2021-11-19T10:24:03,553|[TRACE] AbstractPropertyMapping - Skipping duplicate registration of path [countryCode], existing type = [org.hibernate.type.StringType@7fc645e4], incoming type = [org.hibernate.type.StringType@7fc645e4]
2021-11-19T10:24:03,553|[TRACE] AbstractPropertyMapping - Skipping duplicate registration of path [number], existing type = [org.hibernate.type.StringType@7fc645e4], incoming type = [org.hibernate.type.StringType@7fc645e4]
2021-11-19T10:24:03,553|[TRACE] AbstractPropertyMapping - Skipping duplicate registration of path [id], existing type = [org.hibernate.type.IntegerType@6892cc6f], incoming type = [org.hibernate.type.IntegerType@6892cc6f]
2021-11-19T10:24:03,553|[DEBUG] ClassLoaderAccessImpl - Not known whether passed class name [bloodbank.entity.BloodDonation] is safe
2021-11-19T10:24:03,553|[DEBUG] ClassLoaderAccessImpl - No temp ClassLoader provided; using live ClassLoader for loading potentially unsafe class : bloodbank.entity.BloodDonation
2021-11-19T10:24:03,558|[TRACE] AbstractPropertyMapping - Skipping duplicate registration of path [bank.id], existing type = [org.hibernate.type.IntegerType@6892cc6f], incoming type = [org.hibernate.type.IntegerType@6892cc6f]
2021-11-19T10:24:03,558|[TRACE] AbstractPropertyMapping - Skipping duplicate registration of path [epochCreated], existing type = [org.hibernate.type.LongType@ae7950d], incoming type = [org.hibernate.type.LongType@ae7950d]
2021-11-19T10:24:03,558|[TRACE] AbstractPropertyMapping - Skipping duplicate registration of path [epochUpdated], existing type = [org.hibernate.type.LongType@ae7950d], incoming type = [org.hibernate.type.LongType@ae7950d]
2021-11-19T10:24:03,558|[TRACE] AbstractPropertyMapping - Skipping duplicate registration of path [version], existing type = [org.hibernate.type.IntegerType@6892cc6f], incoming type = [org.hibernate.type.IntegerType@6892cc6f]
2021-11-19T10:24:03,558|[TRACE] AbstractPropertyMapping - Skipping duplicate registration of path [bank], existing type = [org.hibernate.type.ManyToOneType(bloodbank.entity.BloodBank)], incoming type = [org.hibernate.type.ManyToOneType(bloodbank.entity.BloodBank)]
2021-11-19T10:24:03,558|[TRACE] AbstractPropertyMapping - Skipping duplicate registration of path [bank.id], existing type = [org.hibernate.type.IntegerType@6892cc6f], incoming type = [org.hibernate.type.IntegerType@6892cc6f]
2021-11-19T10:24:03,558|[TRACE] AbstractPropertyMapping - Skipping duplicate registration of path [bank.id], existing type = [org.hibernate.type.IntegerType@6892cc6f], incoming type = [org.hibernate.type.IntegerType@6892cc6f]
2021-11-19T10:24:03,558|[TRACE] AbstractPropertyMapping - Skipping duplicate registration of path [bloodType], existing type = [org.hibernate.type.ComponentType@5af8ef61], incoming type = [org.hibernate.type.ComponentType@5af8ef61]
2021-11-19T10:24:03,558|[TRACE] AbstractPropertyMapping - Skipping duplicate registration of path [bloodType.bloodGroup], existing type = [org.hibernate.type.StringType@7fc645e4], incoming type = [org.hibernate.type.StringType@7fc645e4]
2021-11-19T10:24:03,558|[TRACE] AbstractPropertyMapping - Skipping duplicate registration of path [bloodType.rhd], existing type = [org.hibernate.type.ByteType@2b4786dd], incoming type = [org.hibernate.type.ByteType@2b4786dd]
2021-11-19T10:24:03,558|[TRACE] AbstractPropertyMapping - Skipping duplicate registration of path [milliliters], existing type = [org.hibernate.type.IntegerType@6892cc6f], incoming type = [org.hibernate.type.IntegerType@6892cc6f]
2021-11-19T10:24:03,558|[TRACE] AbstractPropertyMapping - Skipping duplicate registration of path [record], existing type = [org.hibernate.type.OneToOneType(bloodbank.entity.DonationRecord)], incoming type = [org.hibernate.type.OneToOneType(bloodbank.entity.DonationRecord)]
2021-11-19T10:24:03,558|[TRACE] AbstractPropertyMapping - Skipping duplicate registration of path [id], existing type = [org.hibernate.type.IntegerType@6892cc6f], incoming type = [org.hibernate.type.IntegerType@6892cc6f]
2021-11-19T10:24:03,559|[DEBUG] ClassLoaderAccessImpl - Not known whether passed class name [bloodbank.entity.BloodBank] is safe
2021-11-19T10:24:03,559|[DEBUG] ClassLoaderAccessImpl - No temp ClassLoader provided; using live ClassLoader for loading potentially unsafe class : bloodbank.entity.BloodBank
2021-11-19T10:24:03,559|[DEBUG] ClassLoaderAccessImpl - Not known whether passed class name [bloodbank.entity.PrivateBloodBank] is safe
2021-11-19T10:24:03,559|[DEBUG] ClassLoaderAccessImpl - No temp ClassLoader provided; using live ClassLoader for loading potentially unsafe class : bloodbank.entity.PrivateBloodBank
2021-11-19T10:24:03,559|[DEBUG] ClassLoaderAccessImpl - Not known whether passed class name [bloodbank.entity.PublicBloodBank] is safe
2021-11-19T10:24:03,559|[DEBUG] ClassLoaderAccessImpl - No temp ClassLoader provided; using live ClassLoader for loading potentially unsafe class : bloodbank.entity.PublicBloodBank
2021-11-19T10:24:03,563|[TRACE] AbstractPropertyMapping - Skipping duplicate registration of path [epochCreated], existing type = [org.hibernate.type.LongType@ae7950d], incoming type = [org.hibernate.type.LongType@ae7950d]
2021-11-19T10:24:03,563|[TRACE] AbstractPropertyMapping - Skipping duplicate registration of path [epochUpdated], existing type = [org.hibernate.type.LongType@ae7950d], incoming type = [org.hibernate.type.LongType@ae7950d]
2021-11-19T10:24:03,563|[TRACE] AbstractPropertyMapping - Skipping duplicate registration of path [version], existing type = [org.hibernate.type.IntegerType@6892cc6f], incoming type = [org.hibernate.type.IntegerType@6892cc6f]
2021-11-19T10:24:03,563|[TRACE] AbstractPropertyMapping - Skipping duplicate registration of path [donations], existing type = [org.hibernate.type.SetType(bloodbank.entity.BloodBank.donations)], incoming type = [org.hibernate.type.SetType(bloodbank.entity.BloodBank.donations)]
2021-11-19T10:24:03,563|[TRACE] AbstractPropertyMapping - Skipping duplicate registration of path [name], existing type = [org.hibernate.type.StringType@7fc645e4], incoming type = [org.hibernate.type.StringType@7fc645e4]
2021-11-19T10:24:03,563|[TRACE] AbstractPropertyMapping - Skipping duplicate registration of path [id], existing type = [org.hibernate.type.IntegerType@6892cc6f], incoming type = [org.hibernate.type.IntegerType@6892cc6f]
2021-11-19T10:24:03,569|[TRACE] AbstractPropertyMapping - Skipping duplicate registration of path [epochCreated], existing type = [org.hibernate.type.LongType@ae7950d], incoming type = [org.hibernate.type.LongType@ae7950d]
2021-11-19T10:24:03,569|[TRACE] AbstractPropertyMapping - Skipping duplicate registration of path [epochUpdated], existing type = [org.hibernate.type.LongType@ae7950d], incoming type = [org.hibernate.type.LongType@ae7950d]
2021-11-19T10:24:03,569|[TRACE] AbstractPropertyMapping - Skipping duplicate registration of path [version], existing type = [org.hibernate.type.IntegerType@6892cc6f], incoming type = [org.hibernate.type.IntegerType@6892cc6f]
2021-11-19T10:24:03,569|[TRACE] AbstractPropertyMapping - Skipping duplicate registration of path [donations], existing type = [org.hibernate.type.SetType(bloodbank.entity.BloodBank.donations)], incoming type = [org.hibernate.type.SetType(bloodbank.entity.BloodBank.donations)]
2021-11-19T10:24:03,569|[TRACE] AbstractPropertyMapping - Skipping duplicate registration of path [name], existing type = [org.hibernate.type.StringType@7fc645e4], incoming type = [org.hibernate.type.StringType@7fc645e4]
2021-11-19T10:24:03,569|[TRACE] AbstractPropertyMapping - Skipping duplicate registration of path [id], existing type = [org.hibernate.type.IntegerType@6892cc6f], incoming type = [org.hibernate.type.IntegerType@6892cc6f]
2021-11-19T10:24:03,569|[DEBUG] ClassLoaderAccessImpl - Not known whether passed class name [bloodbank.entity.DonationRecord] is safe
2021-11-19T10:24:03,569|[DEBUG] ClassLoaderAccessImpl - No temp ClassLoader provided; using live ClassLoader for loading potentially unsafe class : bloodbank.entity.DonationRecord
2021-11-19T10:24:03,574|[TRACE] AbstractPropertyMapping - Skipping duplicate registration of path [donation.id], existing type = [org.hibernate.type.IntegerType@6892cc6f], incoming type = [org.hibernate.type.IntegerType@6892cc6f]
2021-11-19T10:24:03,574|[TRACE] AbstractPropertyMapping - Skipping duplicate registration of path [owner.id], existing type = [org.hibernate.type.IntegerType@6892cc6f], incoming type = [org.hibernate.type.IntegerType@6892cc6f]
2021-11-19T10:24:03,574|[TRACE] AbstractPropertyMapping - Skipping duplicate registration of path [epochCreated], existing type = [org.hibernate.type.LongType@ae7950d], incoming type = [org.hibernate.type.LongType@ae7950d]
2021-11-19T10:24:03,574|[TRACE] AbstractPropertyMapping - Skipping duplicate registration of path [epochUpdated], existing type = [org.hibernate.type.LongType@ae7950d], incoming type = [org.hibernate.type.LongType@ae7950d]
2021-11-19T10:24:03,574|[TRACE] AbstractPropertyMapping - Skipping duplicate registration of path [version], existing type = [org.hibernate.type.IntegerType@6892cc6f], incoming type = [org.hibernate.type.IntegerType@6892cc6f]
2021-11-19T10:24:03,574|[TRACE] AbstractPropertyMapping - Skipping duplicate registration of path [donation], existing type = [org.hibernate.type.ManyToOneType(bloodbank.entity.BloodDonation)], incoming type = [org.hibernate.type.ManyToOneType(bloodbank.entity.BloodDonation)]
2021-11-19T10:24:03,574|[TRACE] AbstractPropertyMapping - Skipping duplicate registration of path [donation.id], existing type = [org.hibernate.type.IntegerType@6892cc6f], incoming type = [org.hibernate.type.IntegerType@6892cc6f]
2021-11-19T10:24:03,574|[TRACE] AbstractPropertyMapping - Skipping duplicate registration of path [donation.id], existing type = [org.hibernate.type.IntegerType@6892cc6f], incoming type = [org.hibernate.type.IntegerType@6892cc6f]
2021-11-19T10:24:03,574|[TRACE] AbstractPropertyMapping - Skipping duplicate registration of path [owner], existing type = [org.hibernate.type.ManyToOneType(bloodbank.entity.Person)], incoming type = [org.hibernate.type.ManyToOneType(bloodbank.entity.Person)]
2021-11-19T10:24:03,574|[TRACE] AbstractPropertyMapping - Skipping duplicate registration of path [owner.id], existing type = [org.hibernate.type.IntegerType@6892cc6f], incoming type = [org.hibernate.type.IntegerType@6892cc6f]
2021-11-19T10:24:03,574|[TRACE] AbstractPropertyMapping - Skipping duplicate registration of path [owner.id], existing type = [org.hibernate.type.IntegerType@6892cc6f], incoming type = [org.hibernate.type.IntegerType@6892cc6f]
2021-11-19T10:24:03,574|[TRACE] AbstractPropertyMapping - Skipping duplicate registration of path [tested], existing type = [org.hibernate.type.ByteType@2b4786dd], incoming type = [org.hibernate.type.ByteType@2b4786dd]
2021-11-19T10:24:03,574|[TRACE] AbstractPropertyMapping - Skipping duplicate registration of path [id], existing type = [org.hibernate.type.IntegerType@6892cc6f], incoming type = [org.hibernate.type.IntegerType@6892cc6f]
2021-11-19T10:24:03,575|[DEBUG] ClassLoaderAccessImpl - Not known whether passed class name [bloodbank.entity.Address] is safe
2021-11-19T10:24:03,575|[DEBUG] ClassLoaderAccessImpl - No temp ClassLoader provided; using live ClassLoader for loading potentially unsafe class : bloodbank.entity.Address
2021-11-19T10:24:03,582|[TRACE] AbstractPropertyMapping - Skipping duplicate registration of path [epochCreated], existing type = [org.hibernate.type.LongType@ae7950d], incoming type = [org.hibernate.type.LongType@ae7950d]
2021-11-19T10:24:03,582|[TRACE] AbstractPropertyMapping - Skipping duplicate registration of path [epochUpdated], existing type = [org.hibernate.type.LongType@ae7950d], incoming type = [org.hibernate.type.LongType@ae7950d]
2021-11-19T10:24:03,582|[TRACE] AbstractPropertyMapping - Skipping duplicate registration of path [version], existing type = [org.hibernate.type.IntegerType@6892cc6f], incoming type = [org.hibernate.type.IntegerType@6892cc6f]
2021-11-19T10:24:03,582|[TRACE] AbstractPropertyMapping - Skipping duplicate registration of path [city], existing type = [org.hibernate.type.StringType@7fc645e4], incoming type = [org.hibernate.type.StringType@7fc645e4]
2021-11-19T10:24:03,585|[TRACE] AbstractPropertyMapping - Skipping duplicate registration of path [contacts], existing type = [org.hibernate.type.SetType(bloodbank.entity.Address.contacts)], incoming type = [org.hibernate.type.SetType(bloodbank.entity.Address.contacts)]
2021-11-19T10:24:03,585|[TRACE] AbstractPropertyMapping - Skipping duplicate registration of path [country], existing type = [org.hibernate.type.StringType@7fc645e4], incoming type = [org.hibernate.type.StringType@7fc645e4]
2021-11-19T10:24:03,585|[TRACE] AbstractPropertyMapping - Skipping duplicate registration of path [province], existing type = [org.hibernate.type.StringType@7fc645e4], incoming type = [org.hibernate.type.StringType@7fc645e4]
2021-11-19T10:24:03,585|[TRACE] AbstractPropertyMapping - Skipping duplicate registration of path [street], existing type = [org.hibernate.type.StringType@7fc645e4], incoming type = [org.hibernate.type.StringType@7fc645e4]
2021-11-19T10:24:03,585|[TRACE] AbstractPropertyMapping - Skipping duplicate registration of path [streetNumber], existing type = [org.hibernate.type.StringType@7fc645e4], incoming type = [org.hibernate.type.StringType@7fc645e4]
2021-11-19T10:24:03,585|[TRACE] AbstractPropertyMapping - Skipping duplicate registration of path [zipcode], existing type = [org.hibernate.type.StringType@7fc645e4], incoming type = [org.hibernate.type.StringType@7fc645e4]
2021-11-19T10:24:03,585|[TRACE] AbstractPropertyMapping - Skipping duplicate registration of path [id], existing type = [org.hibernate.type.IntegerType@6892cc6f], incoming type = [org.hibernate.type.IntegerType@6892cc6f]
2021-11-19T10:24:03,586|[DEBUG] ClassLoaderAccessImpl - Not known whether passed class name [bloodbank.entity.Person] is safe
2021-11-19T10:24:03,586|[DEBUG] ClassLoaderAccessImpl - No temp ClassLoader provided; using live ClassLoader for loading potentially unsafe class : bloodbank.entity.Person
2021-11-19T10:24:03,591|[TRACE] AbstractPropertyMapping - Skipping duplicate registration of path [epochCreated], existing type = [org.hibernate.type.LongType@ae7950d], incoming type = [org.hibernate.type.LongType@ae7950d]
2021-11-19T10:24:03,591|[TRACE] AbstractPropertyMapping - Skipping duplicate registration of path [epochUpdated], existing type = [org.hibernate.type.LongType@ae7950d], incoming type = [org.hibernate.type.LongType@ae7950d]
2021-11-19T10:24:03,591|[TRACE] AbstractPropertyMapping - Skipping duplicate registration of path [version], existing type = [org.hibernate.type.IntegerType@6892cc6f], incoming type = [org.hibernate.type.IntegerType@6892cc6f]
2021-11-19T10:24:03,591|[TRACE] AbstractPropertyMapping - Skipping duplicate registration of path [contacts], existing type = [org.hibernate.type.SetType(bloodbank.entity.Person.contacts)], incoming type = [org.hibernate.type.SetType(bloodbank.entity.Person.contacts)]
2021-11-19T10:24:03,591|[TRACE] AbstractPropertyMapping - Skipping duplicate registration of path [donations], existing type = [org.hibernate.type.SetType(bloodbank.entity.Person.donations)], incoming type = [org.hibernate.type.SetType(bloodbank.entity.Person.donations)]
2021-11-19T10:24:03,591|[TRACE] AbstractPropertyMapping - Skipping duplicate registration of path [firstName], existing type = [org.hibernate.type.StringType@7fc645e4], incoming type = [org.hibernate.type.StringType@7fc645e4]
2021-11-19T10:24:03,591|[TRACE] AbstractPropertyMapping - Skipping duplicate registration of path [lastName], existing type = [org.hibernate.type.StringType@7fc645e4], incoming type = [org.hibernate.type.StringType@7fc645e4]
2021-11-19T10:24:03,591|[TRACE] AbstractPropertyMapping - Skipping duplicate registration of path [id], existing type = [org.hibernate.type.IntegerType@6892cc6f], incoming type = [org.hibernate.type.IntegerType@6892cc6f]
2021-11-19T10:24:03,595|[TRACE] AbstractPropertyMapping - Skipping duplicate registration of path [epochCreated], existing type = [org.hibernate.type.LongType@ae7950d], incoming type = [org.hibernate.type.LongType@ae7950d]
2021-11-19T10:24:03,595|[TRACE] AbstractPropertyMapping - Skipping duplicate registration of path [epochUpdated], existing type = [org.hibernate.type.LongType@ae7950d], incoming type = [org.hibernate.type.LongType@ae7950d]
2021-11-19T10:24:03,595|[TRACE] AbstractPropertyMapping - Skipping duplicate registration of path [version], existing type = [org.hibernate.type.IntegerType@6892cc6f], incoming type = [org.hibernate.type.IntegerType@6892cc6f]
2021-11-19T10:24:03,595|[TRACE] AbstractPropertyMapping - Skipping duplicate registration of path [donations], existing type = [org.hibernate.type.SetType(bloodbank.entity.BloodBank.donations)], incoming type = [org.hibernate.type.SetType(bloodbank.entity.BloodBank.donations)]
2021-11-19T10:24:03,595|[TRACE] AbstractPropertyMapping - Skipping duplicate registration of path [name], existing type = [org.hibernate.type.StringType@7fc645e4], incoming type = [org.hibernate.type.StringType@7fc645e4]
2021-11-19T10:24:03,595|[TRACE] AbstractPropertyMapping - Skipping duplicate registration of path [id], existing type = [org.hibernate.type.IntegerType@6892cc6f], incoming type = [org.hibernate.type.IntegerType@6892cc6f]
2021-11-19T10:24:03,595|[DEBUG] AbstractCollectionPersister - Static SQL for collection: bloodbank.entity.Address.contacts
2021-11-19T10:24:03,595|[DEBUG] AbstractCollectionPersister -  Row insert: /* create one-to-many row bloodbank.entity.Address.contacts */ update contact set address_id=? where person_id=? and phone_id=?
2021-11-19T10:24:03,595|[DEBUG] AbstractCollectionPersister -  Row update: update contact set  where person_id=? and phone_id=?
2021-11-19T10:24:03,595|[DEBUG] AbstractCollectionPersister -  Row delete: /* delete one-to-many row bloodbank.entity.Address.contacts */ update contact set address_id=null where address_id=? and person_id=? and phone_id=?
2021-11-19T10:24:03,595|[DEBUG] AbstractCollectionPersister -  One-shot delete: /* delete one-to-many bloodbank.entity.Address.contacts */ update contact set address_id=null where address_id=?
2021-11-19T10:24:03,596|[DEBUG] AbstractCollectionPersister - Static SQL for collection: bloodbank.entity.Person.donations
2021-11-19T10:24:03,596|[DEBUG] AbstractCollectionPersister -  Row insert: /* create one-to-many row bloodbank.entity.Person.donations */ update donation_record set person_id=? where record_id=?
2021-11-19T10:24:03,596|[DEBUG] AbstractCollectionPersister -  Row update: update donation_record set  where record_id=?
2021-11-19T10:24:03,596|[DEBUG] AbstractCollectionPersister -  Row delete: /* delete one-to-many row bloodbank.entity.Person.donations */ update donation_record set person_id=null where person_id=? and record_id=?
2021-11-19T10:24:03,596|[DEBUG] AbstractCollectionPersister -  One-shot delete: /* delete one-to-many bloodbank.entity.Person.donations */ update donation_record set person_id=null where person_id=?
2021-11-19T10:24:03,596|[DEBUG] AbstractCollectionPersister - Static SQL for collection: bloodbank.entity.Person.contacts
2021-11-19T10:24:03,596|[DEBUG] AbstractCollectionPersister -  Row insert: /* create one-to-many row bloodbank.entity.Person.contacts */ update contact set person_id=? where person_id=? and phone_id=?
2021-11-19T10:24:03,596|[DEBUG] AbstractCollectionPersister -  Row update: update contact set  where person_id=? and phone_id=?
2021-11-19T10:24:03,596|[DEBUG] AbstractCollectionPersister -  Row delete: /* delete one-to-many row bloodbank.entity.Person.contacts */ update contact set person_id=null where person_id=? and phone_id=?
2021-11-19T10:24:03,596|[DEBUG] AbstractCollectionPersister -  One-shot delete: /* delete one-to-many bloodbank.entity.Person.contacts */ update contact set person_id=null where person_id=?
2021-11-19T10:24:03,596|[DEBUG] AbstractCollectionPersister - Static SQL for collection: bloodbank.entity.Phone.contacts
2021-11-19T10:24:03,596|[DEBUG] AbstractCollectionPersister -  Row insert: /* create one-to-many row bloodbank.entity.Phone.contacts */ update contact set phone_id=? where person_id=? and phone_id=?
2021-11-19T10:24:03,596|[DEBUG] AbstractCollectionPersister -  Row update: update contact set  where person_id=? and phone_id=?
2021-11-19T10:24:03,596|[DEBUG] AbstractCollectionPersister -  Row delete: /* delete one-to-many row bloodbank.entity.Phone.contacts */ update contact set phone_id=null where phone_id=? and person_id=?
2021-11-19T10:24:03,596|[DEBUG] AbstractCollectionPersister -  One-shot delete: /* delete one-to-many bloodbank.entity.Phone.contacts */ update contact set phone_id=null where phone_id=?
2021-11-19T10:24:03,596|[DEBUG] AbstractCollectionPersister - Static SQL for collection: bloodbank.entity.BloodBank.donations
2021-11-19T10:24:03,596|[DEBUG] AbstractCollectionPersister -  Row insert: /* create one-to-many row bloodbank.entity.BloodBank.donations */ update blood_donation set bank_id=? where donation_id=?
2021-11-19T10:24:03,596|[DEBUG] AbstractCollectionPersister -  Row update: update blood_donation set  where donation_id=?
2021-11-19T10:24:03,596|[DEBUG] AbstractCollectionPersister -  Row delete: /* delete one-to-many row bloodbank.entity.BloodBank.donations */ update blood_donation set bank_id=null where bank_id=? and donation_id=?
2021-11-19T10:24:03,596|[DEBUG] AbstractCollectionPersister -  One-shot delete: /* delete one-to-many bloodbank.entity.BloodBank.donations */ update blood_donation set bank_id=null where bank_id=?
2021-11-19T10:24:03,596|[TRACE] AbstractEntityPersister - Ignoring subclass attribute definition [bloodbank.entity.BloodBank.epochCreated] because it is defined in a superclass 
2021-11-19T10:24:03,596|[TRACE] AbstractEntityPersister - Ignoring subclass attribute definition [bloodbank.entity.BloodBank.epochUpdated] because it is defined in a superclass 
2021-11-19T10:24:03,597|[TRACE] AbstractEntityPersister - Ignoring subclass attribute definition [bloodbank.entity.BloodBank.version] because it is defined in a superclass 
2021-11-19T10:24:03,597|[TRACE] AbstractEntityPersister - Ignoring subclass attribute definition [bloodbank.entity.BloodBank.donations] because it is defined in a superclass 
2021-11-19T10:24:03,597|[TRACE] AbstractEntityPersister - Ignoring subclass attribute definition [bloodbank.entity.BloodBank.name] because it is defined in a superclass 
2021-11-19T10:24:03,597|[TRACE] AbstractEntityPersister - Ignoring subclass attribute definition [bloodbank.entity.BloodBank.epochCreated] because it is defined in a superclass 
2021-11-19T10:24:03,597|[TRACE] AbstractEntityPersister - Ignoring subclass attribute definition [bloodbank.entity.BloodBank.epochUpdated] because it is defined in a superclass 
2021-11-19T10:24:03,597|[TRACE] AbstractEntityPersister - Ignoring subclass attribute definition [bloodbank.entity.BloodBank.version] because it is defined in a superclass 
2021-11-19T10:24:03,597|[TRACE] AbstractEntityPersister - Ignoring subclass attribute definition [bloodbank.entity.BloodBank.donations] because it is defined in a superclass 
2021-11-19T10:24:03,597|[TRACE] AbstractEntityPersister - Ignoring subclass attribute definition [bloodbank.entity.BloodBank.name] because it is defined in a superclass 
2021-11-19T10:24:03,597|[DEBUG] AbstractEntityPersister - Static SQL for entity: bloodbank.entity.Contact
2021-11-19T10:24:03,597|[DEBUG] AbstractEntityPersister -  Version select: /* get version bloodbank.entity.Contact */ select version from contact where person_id =? and phone_id =?
2021-11-19T10:24:03,597|[DEBUG] AbstractEntityPersister -  Snapshot select: /* get current state bloodbank.entity.Contact */ select contact_.person_id, contact_.phone_id, contact_.created as created3_3_, contact_.updated as updated4_3_, contact_.version as version5_3_, contact_.address_id as address_8_3_, contact_.contact_type as contact_6_3_, contact_.email as email7_3_ from contact contact_ where contact_.person_id=? and contact_.phone_id=?
2021-11-19T10:24:03,597|[DEBUG] AbstractEntityPersister -  Insert 0: /* insert bloodbank.entity.Contact */ insert into contact (created, updated, version, address_id, contact_type, email, person_id, phone_id) values (?, ?, ?, ?, ?, ?, ?, ?)
2021-11-19T10:24:03,597|[DEBUG] AbstractEntityPersister -  Update 0: /* update bloodbank.entity.Contact */ update contact set created=?, updated=?, version=?, address_id=?, contact_type=?, email=? where person_id=? and phone_id=? and version=?
2021-11-19T10:24:03,597|[DEBUG] AbstractEntityPersister -  Delete 0: /* delete bloodbank.entity.Contact */ delete from contact where person_id=? and phone_id=? and version=?
2021-11-19T10:24:03,597|[TRACE] AbstractLoadPlanBuildingAssociationVisitationStrategy -  Starting root entity : bloodbank.entity.Contact
2021-11-19T10:24:03,597|[DEBUG] QuerySpacesImpl - Adding QuerySpace : uid = <gen:0> -> org.hibernate.loader.plan.build.internal.spaces.EntityQuerySpaceImpl@34538ffe]
2021-11-19T10:24:03,597|[DEBUG] QuerySpacesImpl - Adding QuerySpace : uid = <gen:0>-id -> org.hibernate.loader.plan.build.internal.spaces.CompositeQuerySpaceImpl@7ae75ba6]
2021-11-19T10:24:03,597|[TRACE] AbstractLoadPlanBuildingAssociationVisitationStrategy - Pushing fetch source to stack : org.hibernate.loader.plan.build.internal.returns.EntityReturnImpl@2bab1821
2021-11-19T10:24:03,597|[TRACE] AbstractLoadPlanBuildingAssociationVisitationStrategy - .. Registering AssociationKey : AssociationKey(table=contact, columns={person_id,phone_id}) -> org.hibernate.loader.plan.build.internal.returns.EntityReturnImpl@2bab1821
2021-11-19T10:24:03,597|[TRACE] AbstractLoadPlanBuildingAssociationVisitationStrategy - >> Starting entity identifier : bloodbank.entity.Contact
2021-11-19T10:24:03,597|[TRACE] AbstractLoadPlanBuildingAssociationVisitationStrategy - Pushing fetch source to stack : org.hibernate.loader.plan.build.internal.returns.EncapsulatedEntityIdentifierDescription@7f6137fb
2021-11-19T10:24:03,597|[TRACE] AbstractLoadPlanBuildingAssociationVisitationStrategy - >>>> Starting composite : id
2021-11-19T10:24:03,597|[DEBUG] MetamodelGraphWalker - Visiting attribute path : personId
2021-11-19T10:24:03,597|[TRACE] AbstractLoadPlanBuildingAssociationVisitationStrategy - >>>> Starting attribute org.hibernate.persister.walking.internal.CompositionSingularSubAttributesHelper$1$1$3@57657b96
2021-11-19T10:24:03,597|[TRACE] AbstractLoadPlanBuildingAssociationVisitationStrategy - <<<< Finishing up attribute : org.hibernate.persister.walking.internal.CompositionSingularSubAttributesHelper$1$1$3@57657b96
2021-11-19T10:24:03,597|[DEBUG] MetamodelGraphWalker - Visiting attribute path : phoneId
2021-11-19T10:24:03,597|[TRACE] AbstractLoadPlanBuildingAssociationVisitationStrategy - >>>> Starting attribute org.hibernate.persister.walking.internal.CompositionSingularSubAttributesHelper$1$1$3@179f30b7
2021-11-19T10:24:03,597|[TRACE] AbstractLoadPlanBuildingAssociationVisitationStrategy - <<<< Finishing up attribute : org.hibernate.persister.walking.internal.CompositionSingularSubAttributesHelper$1$1$3@179f30b7
2021-11-19T10:24:03,597|[TRACE] AbstractLoadPlanBuildingAssociationVisitationStrategy - <<<< Finishing composite : id
2021-11-19T10:24:03,597|[TRACE] AbstractLoadPlanBuildingAssociationVisitationStrategy - Popped fetch owner from stack : org.hibernate.loader.plan.build.internal.returns.EncapsulatedEntityIdentifierDescription@7f6137fb
2021-11-19T10:24:03,597|[TRACE] AbstractLoadPlanBuildingAssociationVisitationStrategy - << Finished entity identifier : bloodbank.entity.Contact
2021-11-19T10:24:03,597|[DEBUG] MetamodelGraphWalker - Visiting attribute path : epochCreated
2021-11-19T10:24:03,597|[TRACE] AbstractLoadPlanBuildingAssociationVisitationStrategy - >> Starting attribute Attribute(name=epochCreated, type=long [non-identifier])
2021-11-19T10:24:03,597|[TRACE] AbstractLoadPlanBuildingAssociationVisitationStrategy - << Finishing up attribute : Attribute(name=epochCreated, type=long [non-identifier])
2021-11-19T10:24:03,597|[DEBUG] MetamodelGraphWalker - Visiting attribute path : epochUpdated
2021-11-19T10:24:03,597|[TRACE] AbstractLoadPlanBuildingAssociationVisitationStrategy - >> Starting attribute Attribute(name=epochUpdated, type=long [non-identifier])
2021-11-19T10:24:03,597|[TRACE] AbstractLoadPlanBuildingAssociationVisitationStrategy - << Finishing up attribute : Attribute(name=epochUpdated, type=long [non-identifier])
2021-11-19T10:24:03,597|[DEBUG] MetamodelGraphWalker - Visiting attribute path : version
2021-11-19T10:24:03,597|[TRACE] AbstractLoadPlanBuildingAssociationVisitationStrategy - >> Starting attribute Attribute(name=version, type=integer [non-identifier])
2021-11-19T10:24:03,597|[TRACE] AbstractLoadPlanBuildingAssociationVisitationStrategy - << Finishing up attribute : Attribute(name=version, type=integer [non-identifier])
2021-11-19T10:24:03,597|[DEBUG] MetamodelGraphWalker - Visiting attribute path : address
2021-11-19T10:24:03,597|[TRACE] AbstractLoadPlanBuildingAssociationVisitationStrategy - >> Starting attribute Attribute(name=address, type=bloodbank.entity.Address [non-identifier,association])
2021-11-19T10:24:03,597|[DEBUG] QuerySpacesImpl - Adding QuerySpace : uid = <gen:1> -> org.hibernate.loader.plan.build.internal.spaces.EntityQuerySpaceImpl@64864875]
2021-11-19T10:24:03,597|[TRACE] AbstractLoadPlanBuildingAssociationVisitationStrategy - << Finishing up attribute : Attribute(name=address, type=bloodbank.entity.Address [non-identifier,association])
2021-11-19T10:24:03,597|[DEBUG] MetamodelGraphWalker - Visiting attribute path : contactType
2021-11-19T10:24:03,597|[TRACE] AbstractLoadPlanBuildingAssociationVisitationStrategy - >> Starting attribute Attribute(name=contactType, type=string [non-identifier])
2021-11-19T10:24:03,597|[TRACE] AbstractLoadPlanBuildingAssociationVisitationStrategy - << Finishing up attribute : Attribute(name=contactType, type=string [non-identifier])
2021-11-19T10:24:03,597|[DEBUG] MetamodelGraphWalker - Visiting attribute path : email
2021-11-19T10:24:03,597|[TRACE] AbstractLoadPlanBuildingAssociationVisitationStrategy - >> Starting attribute Attribute(name=email, type=string [non-identifier])
2021-11-19T10:24:03,597|[TRACE] AbstractLoadPlanBuildingAssociationVisitationStrategy - << Finishing up attribute : Attribute(name=email, type=string [non-identifier])
2021-11-19T10:24:03,597|[DEBUG] MetamodelGraphWalker - Visiting attribute path : owner
2021-11-19T10:24:03,597|[TRACE] AbstractLoadPlanBuildingAssociationVisitationStrategy - >> Starting attribute Attribute(name=owner, type=bloodbank.entity.Person [non-identifier,association])
2021-11-19T10:24:03,597|[DEBUG] QuerySpacesImpl - Adding QuerySpace : uid = <gen:2> -> org.hibernate.loader.plan.build.internal.spaces.EntityQuerySpaceImpl@12ae75f1]
2021-11-19T10:24:03,597|[TRACE] AbstractLoadPlanBuildingAssociationVisitationStrategy - << Finishing up attribute : Attribute(name=owner, type=bloodbank.entity.Person [non-identifier,association])
2021-11-19T10:24:03,597|[DEBUG] MetamodelGraphWalker - Visiting attribute path : phone
2021-11-19T10:24:03,598|[TRACE] AbstractLoadPlanBuildingAssociationVisitationStrategy - >> Starting attribute Attribute(name=phone, type=bloodbank.entity.Phone [non-identifier,association])
2021-11-19T10:24:03,598|[DEBUG] QuerySpacesImpl - Adding QuerySpace : uid = <gen:3> -> org.hibernate.loader.plan.build.internal.spaces.EntityQuerySpaceImpl@6eeb15f9]
2021-11-19T10:24:03,598|[TRACE] AbstractLoadPlanBuildingAssociationVisitationStrategy - << Finishing up attribute : Attribute(name=phone, type=bloodbank.entity.Phone [non-identifier,association])
2021-11-19T10:24:03,598|[TRACE] AbstractLoadPlanBuildingAssociationVisitationStrategy - Popped fetch owner from stack : org.hibernate.loader.plan.build.internal.returns.EntityReturnImpl@2bab1821
2021-11-19T10:24:03,598|[TRACE] AbstractLoadPlanBuildingAssociationVisitationStrategy -  Finished root entity : bloodbank.entity.Contact
2021-11-19T10:24:03,598|[DEBUG] FetchStyleLoadPlanBuildingAssociationVisitationStrategy - Building LoadPlan...
2021-11-19T10:24:03,598|[DEBUG] LoadQueryJoinAndFetchProcessor - processing queryspace <gen:0>
2021-11-19T10:24:03,598|[DEBUG] LoadPlanTreePrinter - LoadPlan(entity=bloodbank.entity.Contact)
    - Returns
       - EntityReturnImpl(entity=bloodbank.entity.Contact, querySpaceUid=<gen:0>, path=bloodbank.entity.Contact)
          - EntityAttributeFetchImpl(entity=bloodbank.entity.Address, querySpaceUid=<gen:1>, path=bloodbank.entity.Contact.address)
          - EntityAttributeFetchImpl(entity=bloodbank.entity.Person, querySpaceUid=<gen:2>, path=bloodbank.entity.Contact.owner)
          - EntityAttributeFetchImpl(entity=bloodbank.entity.Phone, querySpaceUid=<gen:3>, path=bloodbank.entity.Contact.phone)
    - QuerySpaces
       - EntityQuerySpaceImpl(uid=<gen:0>, entity=bloodbank.entity.Contact)
          - SQL table alias mapping - contact0_
          - alias suffix - 0_
          - suffixed key columns - {person_i1_3_0_, phone_id2_3_0_}
          - JOIN (JoinDefinedByMetadata(id)) : <gen:0> -> <gen:0>-id
             - CompositeQuerySpaceImpl(uid=<gen:0>-id)
                - SQL table alias mapping - contact0_

2021-11-19T10:24:03,598|[DEBUG] EntityLoader - Static select for entity bloodbank.entity.Contact [NONE]: select contact0_.person_id as person_i1_3_0_, contact0_.phone_id as phone_id2_3_0_, contact0_.created as created3_3_0_, contact0_.updated as updated4_3_0_, contact0_.version as version5_3_0_, contact0_.address_id as address_8_3_0_, contact0_.contact_type as contact_6_3_0_, contact0_.email as email7_3_0_ from contact contact0_ where contact0_.person_id=? and contact0_.phone_id=?
2021-11-19T10:24:03,598|[DEBUG] AbstractEntityPersister - Static SQL for entity: bloodbank.entity.Phone
2021-11-19T10:24:03,598|[DEBUG] AbstractEntityPersister -  Version select: /* get version bloodbank.entity.Phone */ select version from phone where phone_id =?
2021-11-19T10:24:03,598|[DEBUG] AbstractEntityPersister -  Snapshot select: /* get current state bloodbank.entity.Phone */ select phone_.phone_id, phone_.created as created2_6_, phone_.updated as updated3_6_, phone_.version as version4_6_, phone_.area_code as area_cod5_6_, phone_.country_code as country_6_6_, phone_.number as number7_6_ from phone phone_ where phone_.phone_id=?
2021-11-19T10:24:03,598|[DEBUG] AbstractEntityPersister -  Insert 0: /* insert bloodbank.entity.Phone */ insert into phone (created, updated, version, area_code, country_code, number, phone_id) values (?, ?, ?, ?, ?, ?, ?)
2021-11-19T10:24:03,598|[DEBUG] AbstractEntityPersister -  Update 0: /* update bloodbank.entity.Phone */ update phone set created=?, updated=?, version=?, area_code=?, country_code=?, number=? where phone_id=? and version=?
2021-11-19T10:24:03,598|[DEBUG] AbstractEntityPersister -  Delete 0: /* delete bloodbank.entity.Phone */ delete from phone where phone_id=? and version=?
2021-11-19T10:24:03,598|[DEBUG] AbstractEntityPersister -  Identity insert: /* insert bloodbank.entity.Phone */ insert into phone (created, updated, version, area_code, country_code, number) values (?, ?, ?, ?, ?, ?)
2021-11-19T10:24:03,598|[TRACE] AbstractLoadPlanBuildingAssociationVisitationStrategy -  Starting root entity : bloodbank.entity.Phone
2021-11-19T10:24:03,598|[DEBUG] QuerySpacesImpl - Adding QuerySpace : uid = <gen:0> -> org.hibernate.loader.plan.build.internal.spaces.EntityQuerySpaceImpl@1f8a1b]
2021-11-19T10:24:03,598|[TRACE] AbstractLoadPlanBuildingAssociationVisitationStrategy - Pushing fetch source to stack : org.hibernate.loader.plan.build.internal.returns.EntityReturnImpl@568cbf8d
2021-11-19T10:24:03,598|[TRACE] AbstractLoadPlanBuildingAssociationVisitationStrategy - .. Registering AssociationKey : AssociationKey(table=phone, columns={phone_id}) -> org.hibernate.loader.plan.build.internal.returns.EntityReturnImpl@568cbf8d
2021-11-19T10:24:03,598|[TRACE] AbstractLoadPlanBuildingAssociationVisitationStrategy - >> Starting entity identifier : bloodbank.entity.Phone
2021-11-19T10:24:03,598|[DEBUG] MetamodelGraphWalker - Visiting attribute path : epochCreated
2021-11-19T10:24:03,598|[TRACE] AbstractLoadPlanBuildingAssociationVisitationStrategy - >> Starting attribute Attribute(name=epochCreated, type=long [non-identifier])
2021-11-19T10:24:03,598|[TRACE] AbstractLoadPlanBuildingAssociationVisitationStrategy - << Finishing up attribute : Attribute(name=epochCreated, type=long [non-identifier])
2021-11-19T10:24:03,598|[DEBUG] MetamodelGraphWalker - Visiting attribute path : epochUpdated
2021-11-19T10:24:03,598|[TRACE] AbstractLoadPlanBuildingAssociationVisitationStrategy - >> Starting attribute Attribute(name=epochUpdated, type=long [non-identifier])
2021-11-19T10:24:03,598|[TRACE] AbstractLoadPlanBuildingAssociationVisitationStrategy - << Finishing up attribute : Attribute(name=epochUpdated, type=long [non-identifier])
2021-11-19T10:24:03,598|[DEBUG] MetamodelGraphWalker - Visiting attribute path : version
2021-11-19T10:24:03,598|[TRACE] AbstractLoadPlanBuildingAssociationVisitationStrategy - >> Starting attribute Attribute(name=version, type=integer [non-identifier])
2021-11-19T10:24:03,598|[TRACE] AbstractLoadPlanBuildingAssociationVisitationStrategy - << Finishing up attribute : Attribute(name=version, type=integer [non-identifier])
2021-11-19T10:24:03,598|[DEBUG] MetamodelGraphWalker - Visiting attribute path : areaCode
2021-11-19T10:24:03,598|[TRACE] AbstractLoadPlanBuildingAssociationVisitationStrategy - >> Starting attribute Attribute(name=areaCode, type=string [non-identifier])
2021-11-19T10:24:03,598|[TRACE] AbstractLoadPlanBuildingAssociationVisitationStrategy - << Finishing up attribute : Attribute(name=areaCode, type=string [non-identifier])
2021-11-19T10:24:03,598|[DEBUG] MetamodelGraphWalker - Visiting attribute path : contacts
2021-11-19T10:24:03,598|[TRACE] AbstractLoadPlanBuildingAssociationVisitationStrategy - >> Starting attribute Attribute(name=contacts, type=java.util.Set(bloodbank.entity.Phone.contacts) [non-identifier,association])
2021-11-19T10:24:03,598|[DEBUG] QuerySpacesImpl - Adding QuerySpace : uid = <gen:1> -> org.hibernate.loader.plan.build.internal.spaces.CollectionQuerySpaceImpl@376c5950]
2021-11-19T10:24:03,598|[DEBUG] QuerySpacesImpl - Adding QuerySpace : uid = <gen:2> -> org.hibernate.loader.plan.build.internal.spaces.EntityQuerySpaceImpl@11ec699]
2021-11-19T10:24:03,598|[DEBUG] QuerySpacesImpl - Adding QuerySpace : uid = <gen:2>-id -> org.hibernate.loader.plan.build.internal.spaces.CompositeQuerySpaceImpl@7d2ddbf3]
2021-11-19T10:24:03,598|[TRACE] AbstractLoadPlanBuildingAssociationVisitationStrategy - << Finishing up attribute : Attribute(name=contacts, type=java.util.Set(bloodbank.entity.Phone.contacts) [non-identifier,association])
2021-11-19T10:24:03,598|[DEBUG] MetamodelGraphWalker - Visiting attribute path : countryCode
2021-11-19T10:24:03,598|[TRACE] AbstractLoadPlanBuildingAssociationVisitationStrategy - >> Starting attribute Attribute(name=countryCode, type=string [non-identifier])
2021-11-19T10:24:03,598|[TRACE] AbstractLoadPlanBuildingAssociationVisitationStrategy - << Finishing up attribute : Attribute(name=countryCode, type=string [non-identifier])
2021-11-19T10:24:03,599|[DEBUG] MetamodelGraphWalker - Visiting attribute path : number
2021-11-19T10:24:03,599|[TRACE] AbstractLoadPlanBuildingAssociationVisitationStrategy - >> Starting attribute Attribute(name=number, type=string [non-identifier])
2021-11-19T10:24:03,599|[TRACE] AbstractLoadPlanBuildingAssociationVisitationStrategy - << Finishing up attribute : Attribute(name=number, type=string [non-identifier])
2021-11-19T10:24:03,599|[TRACE] AbstractLoadPlanBuildingAssociationVisitationStrategy - Popped fetch owner from stack : org.hibernate.loader.plan.build.internal.returns.EntityReturnImpl@568cbf8d
2021-11-19T10:24:03,599|[TRACE] AbstractLoadPlanBuildingAssociationVisitationStrategy -  Finished root entity : bloodbank.entity.Phone
2021-11-19T10:24:03,599|[DEBUG] FetchStyleLoadPlanBuildingAssociationVisitationStrategy - Building LoadPlan...
2021-11-19T10:24:03,599|[DEBUG] LoadQueryJoinAndFetchProcessor - processing queryspace <gen:0>
2021-11-19T10:24:03,599|[DEBUG] LoadPlanTreePrinter - LoadPlan(entity=bloodbank.entity.Phone)
    - Returns
       - EntityReturnImpl(entity=bloodbank.entity.Phone, querySpaceUid=<gen:0>, path=bloodbank.entity.Phone)
          - CollectionAttributeFetchImpl(collection=bloodbank.entity.Phone.contacts, querySpaceUid=<gen:1>, path=bloodbank.entity.Phone.contacts)
             - (collection element) CollectionFetchableElementEntityGraph(entity=bloodbank.entity.Contact, querySpaceUid=<gen:2>, path=bloodbank.entity.Phone.contacts.<elements>)
    - QuerySpaces
       - EntityQuerySpaceImpl(uid=<gen:0>, entity=bloodbank.entity.Phone)
          - SQL table alias mapping - phone0_
          - alias suffix - 0_
          - suffixed key columns - {phone_id1_6_0_}

2021-11-19T10:24:03,599|[DEBUG] EntityLoader - Static select for entity bloodbank.entity.Phone [NONE]: select phone0_.phone_id as phone_id1_6_0_, phone0_.created as created2_6_0_, phone0_.updated as updated3_6_0_, phone0_.version as version4_6_0_, phone0_.area_code as area_cod5_6_0_, phone0_.country_code as country_6_6_0_, phone0_.number as number7_6_0_ from phone phone0_ where phone0_.phone_id=?
2021-11-19T10:24:03,599|[DEBUG] AbstractEntityPersister - Static SQL for entity: bloodbank.entity.BloodDonation
2021-11-19T10:24:03,599|[DEBUG] AbstractEntityPersister -  Version select: /* get version bloodbank.entity.BloodDonation */ select version from blood_donation where donation_id =?
2021-11-19T10:24:03,599|[DEBUG] AbstractEntityPersister -  Snapshot select: /* get current state bloodbank.entity.BloodDonation */ select blooddonat_.donation_id, blooddonat_.created as created2_2_, blooddonat_.updated as updated3_2_, blooddonat_.version as version4_2_, blooddonat_.bank_id as bank_id8_2_, blooddonat_.blood_group as blood_gr5_2_, blooddonat_.rhd as rhd6_2_, blooddonat_.milliliters as millilit7_2_ from blood_donation blooddonat_ where blooddonat_.donation_id=?
2021-11-19T10:24:03,599|[DEBUG] AbstractEntityPersister -  Insert 0: /* insert bloodbank.entity.BloodDonation */ insert into blood_donation (created, updated, version, bank_id, blood_group, rhd, milliliters, donation_id) values (?, ?, ?, ?, ?, ?, ?, ?)
2021-11-19T10:24:03,599|[DEBUG] AbstractEntityPersister -  Update 0: /* update bloodbank.entity.BloodDonation */ update blood_donation set created=?, updated=?, version=?, bank_id=?, blood_group=?, rhd=?, milliliters=? where donation_id=? and version=?
2021-11-19T10:24:03,599|[DEBUG] AbstractEntityPersister -  Delete 0: /* delete bloodbank.entity.BloodDonation */ delete from blood_donation where donation_id=? and version=?
2021-11-19T10:24:03,599|[DEBUG] AbstractEntityPersister -  Identity insert: /* insert bloodbank.entity.BloodDonation */ insert into blood_donation (created, updated, version, bank_id, blood_group, rhd, milliliters) values (?, ?, ?, ?, ?, ?, ?)
2021-11-19T10:24:03,599|[TRACE] AbstractLoadPlanBuildingAssociationVisitationStrategy -  Starting root entity : bloodbank.entity.BloodDonation
2021-11-19T10:24:03,599|[DEBUG] QuerySpacesImpl - Adding QuerySpace : uid = <gen:0> -> org.hibernate.loader.plan.build.internal.spaces.EntityQuerySpaceImpl@4eee730c]
2021-11-19T10:24:03,599|[TRACE] AbstractLoadPlanBuildingAssociationVisitationStrategy - Pushing fetch source to stack : org.hibernate.loader.plan.build.internal.returns.EntityReturnImpl@1b1d1558
2021-11-19T10:24:03,599|[TRACE] AbstractLoadPlanBuildingAssociationVisitationStrategy - .. Registering AssociationKey : AssociationKey(table=blood_donation, columns={donation_id}) -> org.hibernate.loader.plan.build.internal.returns.EntityReturnImpl@1b1d1558
2021-11-19T10:24:03,599|[TRACE] AbstractLoadPlanBuildingAssociationVisitationStrategy - >> Starting entity identifier : bloodbank.entity.BloodDonation
2021-11-19T10:24:03,599|[DEBUG] MetamodelGraphWalker - Visiting attribute path : epochCreated
2021-11-19T10:24:03,599|[TRACE] AbstractLoadPlanBuildingAssociationVisitationStrategy - >> Starting attribute Attribute(name=epochCreated, type=long [non-identifier])
2021-11-19T10:24:03,599|[TRACE] AbstractLoadPlanBuildingAssociationVisitationStrategy - << Finishing up attribute : Attribute(name=epochCreated, type=long [non-identifier])
2021-11-19T10:24:03,599|[DEBUG] MetamodelGraphWalker - Visiting attribute path : epochUpdated
2021-11-19T10:24:03,599|[TRACE] AbstractLoadPlanBuildingAssociationVisitationStrategy - >> Starting attribute Attribute(name=epochUpdated, type=long [non-identifier])
2021-11-19T10:24:03,599|[TRACE] AbstractLoadPlanBuildingAssociationVisitationStrategy - << Finishing up attribute : Attribute(name=epochUpdated, type=long [non-identifier])
2021-11-19T10:24:03,599|[DEBUG] MetamodelGraphWalker - Visiting attribute path : version
2021-11-19T10:24:03,599|[TRACE] AbstractLoadPlanBuildingAssociationVisitationStrategy - >> Starting attribute Attribute(name=version, type=integer [non-identifier])
2021-11-19T10:24:03,599|[TRACE] AbstractLoadPlanBuildingAssociationVisitationStrategy - << Finishing up attribute : Attribute(name=version, type=integer [non-identifier])
2021-11-19T10:24:03,599|[DEBUG] MetamodelGraphWalker - Visiting attribute path : bank
2021-11-19T10:24:03,599|[TRACE] AbstractLoadPlanBuildingAssociationVisitationStrategy - >> Starting attribute Attribute(name=bank, type=bloodbank.entity.BloodBank [non-identifier,association])
2021-11-19T10:24:03,599|[DEBUG] QuerySpacesImpl - Adding QuerySpace : uid = <gen:1> -> org.hibernate.loader.plan.build.internal.spaces.EntityQuerySpaceImpl@6cc022ac]
2021-11-19T10:24:03,599|[TRACE] AbstractLoadPlanBuildingAssociationVisitationStrategy - << Finishing up attribute : Attribute(name=bank, type=bloodbank.entity.BloodBank [non-identifier,association])
2021-11-19T10:24:03,599|[DEBUG] MetamodelGraphWalker - Visiting attribute path : bloodType
2021-11-19T10:24:03,599|[TRACE] AbstractLoadPlanBuildingAssociationVisitationStrategy - >> Starting attribute Attribute(name=bloodType, type=component[bloodGroup,rhd] [non-identifier,composition])
2021-11-19T10:24:03,599|[DEBUG] QuerySpacesImpl - Adding QuerySpace : uid = <gen:2> -> org.hibernate.loader.plan.build.internal.spaces.CompositeQuerySpaceImpl@7f219e84]
2021-11-19T10:24:03,599|[TRACE] AbstractLoadPlanBuildingAssociationVisitationStrategy - Pushing fetch source to stack : org.hibernate.loader.plan.build.internal.returns.CompositeAttributeFetchImpl@42eaf47f
2021-11-19T10:24:03,599|[TRACE] AbstractLoadPlanBuildingAssociationVisitationStrategy - >>>> Starting composite : bloodType
2021-11-19T10:24:03,599|[DEBUG] MetamodelGraphWalker - Visiting attribute path : bloodType.bloodGroup
2021-11-19T10:24:03,599|[TRACE] AbstractLoadPlanBuildingAssociationVisitationStrategy - >>>> Starting attribute Attribute(name=bloodGroup, type=string [non-identifier])
2021-11-19T10:24:03,599|[TRACE] AbstractLoadPlanBuildingAssociationVisitationStrategy - <<<< Finishing up attribute : Attribute(name=bloodGroup, type=string [non-identifier])
2021-11-19T10:24:03,599|[DEBUG] MetamodelGraphWalker - Visiting attribute path : bloodType.rhd
2021-11-19T10:24:03,599|[TRACE] AbstractLoadPlanBuildingAssociationVisitationStrategy - >>>> Starting attribute Attribute(name=rhd, type=byte [non-identifier])
2021-11-19T10:24:03,599|[TRACE] AbstractLoadPlanBuildingAssociationVisitationStrategy - <<<< Finishing up attribute : Attribute(name=rhd, type=byte [non-identifier])
2021-11-19T10:24:03,599|[TRACE] AbstractLoadPlanBuildingAssociationVisitationStrategy - <<<< Finishing composite : bloodType
2021-11-19T10:24:03,600|[TRACE] AbstractLoadPlanBuildingAssociationVisitationStrategy - Popped fetch owner from stack : org.hibernate.loader.plan.build.internal.returns.CompositeAttributeFetchImpl@42eaf47f
2021-11-19T10:24:03,600|[TRACE] AbstractLoadPlanBuildingAssociationVisitationStrategy - << Finishing up attribute : Attribute(name=bloodType, type=component[bloodGroup,rhd] [non-identifier,composition])
2021-11-19T10:24:03,600|[DEBUG] MetamodelGraphWalker - Visiting attribute path : milliliters
2021-11-19T10:24:03,600|[TRACE] AbstractLoadPlanBuildingAssociationVisitationStrategy - >> Starting attribute Attribute(name=milliliters, type=integer [non-identifier])
2021-11-19T10:24:03,600|[TRACE] AbstractLoadPlanBuildingAssociationVisitationStrategy - << Finishing up attribute : Attribute(name=milliliters, type=integer [non-identifier])
2021-11-19T10:24:03,600|[DEBUG] MetamodelGraphWalker - Visiting attribute path : record
2021-11-19T10:24:03,600|[DEBUG] MetamodelGraphWalker - Property path deemed to be circular : record
2021-11-19T10:24:03,600|[TRACE] AbstractLoadPlanBuildingAssociationVisitationStrategy - Popped fetch owner from stack : org.hibernate.loader.plan.build.internal.returns.EntityReturnImpl@1b1d1558
2021-11-19T10:24:03,600|[TRACE] AbstractLoadPlanBuildingAssociationVisitationStrategy -  Finished root entity : bloodbank.entity.BloodDonation
2021-11-19T10:24:03,600|[DEBUG] FetchStyleLoadPlanBuildingAssociationVisitationStrategy - Building LoadPlan...
2021-11-19T10:24:03,600|[DEBUG] LoadQueryJoinAndFetchProcessor - processing queryspace <gen:0>
2021-11-19T10:24:03,600|[DEBUG] LoadPlanTreePrinter - LoadPlan(entity=bloodbank.entity.BloodDonation)
    - Returns
       - EntityReturnImpl(entity=bloodbank.entity.BloodDonation, querySpaceUid=<gen:0>, path=bloodbank.entity.BloodDonation)
          - EntityAttributeFetchImpl(entity=bloodbank.entity.BloodBank, querySpaceUid=<gen:1>, path=bloodbank.entity.BloodDonation.bank)
          - CompositeAttributeFetchImpl(composite=bloodbank.entity.BloodType, querySpaceUid=<gen:2>, path=bloodbank.entity.BloodDonation.bloodType)
    - QuerySpaces
       - EntityQuerySpaceImpl(uid=<gen:0>, entity=bloodbank.entity.BloodDonation)
          - SQL table alias mapping - blooddonat0_
          - alias suffix - 0_
          - suffixed key columns - {donation1_2_0_}
          - JOIN (JoinDefinedByMetadata(bloodType)) : <gen:0> -> <gen:2>
             - CompositeQuerySpaceImpl(uid=<gen:2>)
                - SQL table alias mapping - blooddonat0_

2021-11-19T10:24:03,600|[DEBUG] EntityLoader - Static select for entity bloodbank.entity.BloodDonation [NONE]: select blooddonat0_.donation_id as donation1_2_0_, blooddonat0_.created as created2_2_0_, blooddonat0_.updated as updated3_2_0_, blooddonat0_.version as version4_2_0_, blooddonat0_.bank_id as bank_id8_2_0_, blooddonat0_.blood_group as blood_gr5_2_0_, blooddonat0_.rhd as rhd6_2_0_, blooddonat0_.milliliters as millilit7_2_0_ from blood_donation blooddonat0_ where blooddonat0_.donation_id=?
2021-11-19T10:24:03,600|[DEBUG] AbstractEntityPersister - Static SQL for entity: bloodbank.entity.BloodBank
2021-11-19T10:24:03,600|[DEBUG] AbstractEntityPersister -  Version select: /* get version bloodbank.entity.BloodBank */ select version from blood_bank where bank_id =?
2021-11-19T10:24:03,600|[DEBUG] AbstractEntityPersister -  Snapshot select: /* get current state bloodbank.entity.BloodBank */ select bloodbank_.bank_id, bloodbank_.created as created3_1_, bloodbank_.updated as updated4_1_, bloodbank_.version as version5_1_, bloodbank_.name as name6_1_ from blood_bank bloodbank_ where bloodbank_.bank_id=?
2021-11-19T10:24:03,600|[DEBUG] AbstractEntityPersister -  Insert 0: /* insert bloodbank.entity.BloodBank */ insert into blood_bank (created, updated, version, name, privately_owned, bank_id) values (?, ?, ?, ?, -1082010826, ?)
2021-11-19T10:24:03,600|[DEBUG] AbstractEntityPersister -  Update 0: /* update bloodbank.entity.BloodBank */ update blood_bank set created=?, updated=?, version=?, name=? where bank_id=? and version=?
2021-11-19T10:24:03,609|[DEBUG] AbstractEntityPersister -  Delete 0: /* delete bloodbank.entity.BloodBank */ delete from blood_bank where bank_id=? and version=?
2021-11-19T10:24:03,609|[DEBUG] AbstractEntityPersister -  Identity insert: /* insert bloodbank.entity.BloodBank */ insert into blood_bank (created, updated, version, name, privately_owned) values (?, ?, ?, ?, -1082010826)
2021-11-19T10:24:03,609|[TRACE] AbstractLoadPlanBuildingAssociationVisitationStrategy -  Starting root entity : bloodbank.entity.BloodBank
2021-11-19T10:24:03,609|[DEBUG] QuerySpacesImpl - Adding QuerySpace : uid = <gen:0> -> org.hibernate.loader.plan.build.internal.spaces.EntityQuerySpaceImpl@312e8eaf]
2021-11-19T10:24:03,609|[TRACE] AbstractLoadPlanBuildingAssociationVisitationStrategy - Pushing fetch source to stack : org.hibernate.loader.plan.build.internal.returns.EntityReturnImpl@5c960f64
2021-11-19T10:24:03,609|[TRACE] AbstractLoadPlanBuildingAssociationVisitationStrategy - .. Registering AssociationKey : AssociationKey(table=blood_bank, columns={bank_id}) -> org.hibernate.loader.plan.build.internal.returns.EntityReturnImpl@5c960f64
2021-11-19T10:24:03,609|[TRACE] AbstractLoadPlanBuildingAssociationVisitationStrategy - >> Starting entity identifier : bloodbank.entity.BloodBank
2021-11-19T10:24:03,609|[DEBUG] MetamodelGraphWalker - Visiting attribute path : epochCreated
2021-11-19T10:24:03,609|[TRACE] AbstractLoadPlanBuildingAssociationVisitationStrategy - >> Starting attribute Attribute(name=epochCreated, type=long [non-identifier])
2021-11-19T10:24:03,609|[TRACE] AbstractLoadPlanBuildingAssociationVisitationStrategy - << Finishing up attribute : Attribute(name=epochCreated, type=long [non-identifier])
2021-11-19T10:24:03,609|[DEBUG] MetamodelGraphWalker - Visiting attribute path : epochUpdated
2021-11-19T10:24:03,609|[TRACE] AbstractLoadPlanBuildingAssociationVisitationStrategy - >> Starting attribute Attribute(name=epochUpdated, type=long [non-identifier])
2021-11-19T10:24:03,609|[TRACE] AbstractLoadPlanBuildingAssociationVisitationStrategy - << Finishing up attribute : Attribute(name=epochUpdated, type=long [non-identifier])
2021-11-19T10:24:03,609|[DEBUG] MetamodelGraphWalker - Visiting attribute path : version
2021-11-19T10:24:03,609|[TRACE] AbstractLoadPlanBuildingAssociationVisitationStrategy - >> Starting attribute Attribute(name=version, type=integer [non-identifier])
2021-11-19T10:24:03,609|[TRACE] AbstractLoadPlanBuildingAssociationVisitationStrategy - << Finishing up attribute : Attribute(name=version, type=integer [non-identifier])
2021-11-19T10:24:03,609|[DEBUG] MetamodelGraphWalker - Visiting attribute path : donations
2021-11-19T10:24:03,609|[TRACE] AbstractLoadPlanBuildingAssociationVisitationStrategy - >> Starting attribute Attribute(name=donations, type=java.util.Set(bloodbank.entity.BloodBank.donations) [non-identifier,association])
2021-11-19T10:24:03,609|[DEBUG] QuerySpacesImpl - Adding QuerySpace : uid = <gen:1> -> org.hibernate.loader.plan.build.internal.spaces.CollectionQuerySpaceImpl@2f307fcc]
2021-11-19T10:24:03,609|[DEBUG] QuerySpacesImpl - Adding QuerySpace : uid = <gen:2> -> org.hibernate.loader.plan.build.internal.spaces.EntityQuerySpaceImpl@3aec2f59]
2021-11-19T10:24:03,609|[TRACE] AbstractLoadPlanBuildingAssociationVisitationStrategy - << Finishing up attribute : Attribute(name=donations, type=java.util.Set(bloodbank.entity.BloodBank.donations) [non-identifier,association])
2021-11-19T10:24:03,609|[DEBUG] MetamodelGraphWalker - Visiting attribute path : name
2021-11-19T10:24:03,609|[TRACE] AbstractLoadPlanBuildingAssociationVisitationStrategy - >> Starting attribute Attribute(name=name, type=string [non-identifier])
2021-11-19T10:24:03,609|[TRACE] AbstractLoadPlanBuildingAssociationVisitationStrategy - << Finishing up attribute : Attribute(name=name, type=string [non-identifier])
2021-11-19T10:24:03,609|[TRACE] AbstractLoadPlanBuildingAssociationVisitationStrategy - Popped fetch owner from stack : org.hibernate.loader.plan.build.internal.returns.EntityReturnImpl@5c960f64
2021-11-19T10:24:03,609|[TRACE] AbstractLoadPlanBuildingAssociationVisitationStrategy -  Finished root entity : bloodbank.entity.BloodBank
2021-11-19T10:24:03,609|[DEBUG] FetchStyleLoadPlanBuildingAssociationVisitationStrategy - Building LoadPlan...
2021-11-19T10:24:03,609|[DEBUG] LoadQueryJoinAndFetchProcessor - processing queryspace <gen:0>
2021-11-19T10:24:03,609|[DEBUG] LoadPlanTreePrinter - LoadPlan(entity=bloodbank.entity.BloodBank)
    - Returns
       - EntityReturnImpl(entity=bloodbank.entity.BloodBank, querySpaceUid=<gen:0>, path=bloodbank.entity.BloodBank)
          - CollectionAttributeFetchImpl(collection=bloodbank.entity.BloodBank.donations, querySpaceUid=<gen:1>, path=bloodbank.entity.BloodBank.donations)
             - (collection element) CollectionFetchableElementEntityGraph(entity=bloodbank.entity.BloodDonation, querySpaceUid=<gen:2>, path=bloodbank.entity.BloodBank.donations.<elements>)
    - QuerySpaces
       - EntityQuerySpaceImpl(uid=<gen:0>, entity=bloodbank.entity.BloodBank)
          - SQL table alias mapping - bloodbank0_
          - alias suffix - 0_
          - suffixed key columns - {bank_id2_1_0_}

2021-11-19T10:24:03,609|[DEBUG] EntityLoader - Static select for entity bloodbank.entity.BloodBank [NONE]: select bloodbank0_.bank_id as bank_id2_1_0_, bloodbank0_.created as created3_1_0_, bloodbank0_.updated as updated4_1_0_, bloodbank0_.version as version5_1_0_, bloodbank0_.name as name6_1_0_, bloodbank0_.privately_owned as privatel1_1_0_ from blood_bank bloodbank0_ where bloodbank0_.bank_id=?
2021-11-19T10:24:03,610|[DEBUG] AbstractEntityPersister - Static SQL for entity: bloodbank.entity.PrivateBloodBank
2021-11-19T10:24:03,610|[DEBUG] AbstractEntityPersister -  Version select: /* get version bloodbank.entity.PrivateBloodBank */ select version from blood_bank where bank_id =?
2021-11-19T10:24:03,610|[DEBUG] AbstractEntityPersister -  Snapshot select: /* get current state bloodbank.entity.PrivateBloodBank */ select privateblo_.bank_id, privateblo_.created as created3_1_, privateblo_.updated as updated4_1_, privateblo_.version as version5_1_, privateblo_.name as name6_1_ from blood_bank privateblo_ where privateblo_.bank_id=?
2021-11-19T10:24:03,610|[DEBUG] AbstractEntityPersister -  Insert 0: /* insert bloodbank.entity.PrivateBloodBank */ insert into blood_bank (created, updated, version, name, privately_owned, bank_id) values (?, ?, ?, ?, 1, ?)
2021-11-19T10:24:03,610|[DEBUG] AbstractEntityPersister -  Update 0: /* update bloodbank.entity.PrivateBloodBank */ update blood_bank set created=?, updated=?, version=?, name=? where bank_id=? and version=?
2021-11-19T10:24:03,610|[DEBUG] AbstractEntityPersister -  Delete 0: /* delete bloodbank.entity.PrivateBloodBank */ delete from blood_bank where bank_id=? and version=?
2021-11-19T10:24:03,610|[DEBUG] AbstractEntityPersister -  Identity insert: /* insert bloodbank.entity.PrivateBloodBank */ insert into blood_bank (created, updated, version, name, privately_owned) values (?, ?, ?, ?, 1)
2021-11-19T10:24:03,610|[TRACE] AbstractLoadPlanBuildingAssociationVisitationStrategy -  Starting root entity : bloodbank.entity.PrivateBloodBank
2021-11-19T10:24:03,610|[DEBUG] QuerySpacesImpl - Adding QuerySpace : uid = <gen:0> -> org.hibernate.loader.plan.build.internal.spaces.EntityQuerySpaceImpl@7f72855d]
2021-11-19T10:24:03,610|[TRACE] AbstractLoadPlanBuildingAssociationVisitationStrategy - Pushing fetch source to stack : org.hibernate.loader.plan.build.internal.returns.EntityReturnImpl@13f358f8
2021-11-19T10:24:03,610|[TRACE] AbstractLoadPlanBuildingAssociationVisitationStrategy - .. Registering AssociationKey : AssociationKey(table=blood_bank, columns={bank_id}) -> org.hibernate.loader.plan.build.internal.returns.EntityReturnImpl@13f358f8
2021-11-19T10:24:03,610|[TRACE] AbstractLoadPlanBuildingAssociationVisitationStrategy - >> Starting entity identifier : bloodbank.entity.PrivateBloodBank
2021-11-19T10:24:03,610|[DEBUG] MetamodelGraphWalker - Visiting attribute path : epochCreated
2021-11-19T10:24:03,610|[TRACE] AbstractLoadPlanBuildingAssociationVisitationStrategy - >> Starting attribute Attribute(name=epochCreated, type=long [non-identifier])
2021-11-19T10:24:03,610|[TRACE] AbstractLoadPlanBuildingAssociationVisitationStrategy - << Finishing up attribute : Attribute(name=epochCreated, type=long [non-identifier])
2021-11-19T10:24:03,610|[DEBUG] MetamodelGraphWalker - Visiting attribute path : epochUpdated
2021-11-19T10:24:03,610|[TRACE] AbstractLoadPlanBuildingAssociationVisitationStrategy - >> Starting attribute Attribute(name=epochUpdated, type=long [non-identifier])
2021-11-19T10:24:03,610|[TRACE] AbstractLoadPlanBuildingAssociationVisitationStrategy - << Finishing up attribute : Attribute(name=epochUpdated, type=long [non-identifier])
2021-11-19T10:24:03,610|[DEBUG] MetamodelGraphWalker - Visiting attribute path : version
2021-11-19T10:24:03,610|[TRACE] AbstractLoadPlanBuildingAssociationVisitationStrategy - >> Starting attribute Attribute(name=version, type=integer [non-identifier])
2021-11-19T10:24:03,610|[TRACE] AbstractLoadPlanBuildingAssociationVisitationStrategy - << Finishing up attribute : Attribute(name=version, type=integer [non-identifier])
2021-11-19T10:24:03,610|[DEBUG] MetamodelGraphWalker - Visiting attribute path : donations
2021-11-19T10:24:03,610|[TRACE] AbstractLoadPlanBuildingAssociationVisitationStrategy - >> Starting attribute Attribute(name=donations, type=java.util.Set(bloodbank.entity.BloodBank.donations) [non-identifier,association])
2021-11-19T10:24:03,610|[DEBUG] QuerySpacesImpl - Adding QuerySpace : uid = <gen:1> -> org.hibernate.loader.plan.build.internal.spaces.CollectionQuerySpaceImpl@3f119b55]
2021-11-19T10:24:03,610|[DEBUG] QuerySpacesImpl - Adding QuerySpace : uid = <gen:2> -> org.hibernate.loader.plan.build.internal.spaces.EntityQuerySpaceImpl@64dcfd09]
2021-11-19T10:24:03,610|[TRACE] AbstractLoadPlanBuildingAssociationVisitationStrategy - << Finishing up attribute : Attribute(name=donations, type=java.util.Set(bloodbank.entity.BloodBank.donations) [non-identifier,association])
2021-11-19T10:24:03,610|[DEBUG] MetamodelGraphWalker - Visiting attribute path : name
2021-11-19T10:24:03,610|[TRACE] AbstractLoadPlanBuildingAssociationVisitationStrategy - >> Starting attribute Attribute(name=name, type=string [non-identifier])
2021-11-19T10:24:03,610|[TRACE] AbstractLoadPlanBuildingAssociationVisitationStrategy - << Finishing up attribute : Attribute(name=name, type=string [non-identifier])
2021-11-19T10:24:03,610|[TRACE] AbstractLoadPlanBuildingAssociationVisitationStrategy - Popped fetch owner from stack : org.hibernate.loader.plan.build.internal.returns.EntityReturnImpl@13f358f8
2021-11-19T10:24:03,610|[TRACE] AbstractLoadPlanBuildingAssociationVisitationStrategy -  Finished root entity : bloodbank.entity.PrivateBloodBank
2021-11-19T10:24:03,610|[DEBUG] FetchStyleLoadPlanBuildingAssociationVisitationStrategy - Building LoadPlan...
2021-11-19T10:24:03,610|[DEBUG] LoadQueryJoinAndFetchProcessor - processing queryspace <gen:0>
2021-11-19T10:24:03,610|[DEBUG] LoadPlanTreePrinter - LoadPlan(entity=bloodbank.entity.PrivateBloodBank)
    - Returns
       - EntityReturnImpl(entity=bloodbank.entity.PrivateBloodBank, querySpaceUid=<gen:0>, path=bloodbank.entity.PrivateBloodBank)
          - CollectionAttributeFetchImpl(collection=bloodbank.entity.BloodBank.donations, querySpaceUid=<gen:1>, path=bloodbank.entity.PrivateBloodBank.donations)
             - (collection element) CollectionFetchableElementEntityGraph(entity=bloodbank.entity.BloodDonation, querySpaceUid=<gen:2>, path=bloodbank.entity.PrivateBloodBank.donations.<elements>)
    - QuerySpaces
       - EntityQuerySpaceImpl(uid=<gen:0>, entity=bloodbank.entity.PrivateBloodBank)
          - SQL table alias mapping - privateblo0_
          - alias suffix - 0_
          - suffixed key columns - {bank_id2_1_0_}

2021-11-19T10:24:03,610|[DEBUG] EntityLoader - Static select for entity bloodbank.entity.PrivateBloodBank [NONE]: select privateblo0_.bank_id as bank_id2_1_0_, privateblo0_.created as created3_1_0_, privateblo0_.updated as updated4_1_0_, privateblo0_.version as version5_1_0_, privateblo0_.name as name6_1_0_ from blood_bank privateblo0_ where privateblo0_.bank_id=? and privateblo0_.privately_owned=1
2021-11-19T10:24:03,610|[DEBUG] AbstractEntityPersister - Static SQL for entity: bloodbank.entity.DonationRecord
2021-11-19T10:24:03,610|[DEBUG] AbstractEntityPersister -  Version select: /* get version bloodbank.entity.DonationRecord */ select version from donation_record where record_id =?
2021-11-19T10:24:03,610|[DEBUG] AbstractEntityPersister -  Snapshot select: /* get current state bloodbank.entity.DonationRecord */ select donationre_.record_id, donationre_.created as created2_4_, donationre_.updated as updated3_4_, donationre_.version as version4_4_, donationre_.donation_id as donation6_4_, donationre_.person_id as person_i7_4_, donationre_.tested as tested5_4_ from donation_record donationre_ where donationre_.record_id=?
2021-11-19T10:24:03,610|[DEBUG] AbstractEntityPersister -  Insert 0: /* insert bloodbank.entity.DonationRecord */ insert into donation_record (created, updated, version, donation_id, person_id, tested, record_id) values (?, ?, ?, ?, ?, ?, ?)
2021-11-19T10:24:03,610|[DEBUG] AbstractEntityPersister -  Update 0: /* update bloodbank.entity.DonationRecord */ update donation_record set created=?, updated=?, version=?, donation_id=?, person_id=?, tested=? where record_id=? and version=?
2021-11-19T10:24:03,610|[DEBUG] AbstractEntityPersister -  Delete 0: /* delete bloodbank.entity.DonationRecord */ delete from donation_record where record_id=? and version=?
2021-11-19T10:24:03,610|[DEBUG] AbstractEntityPersister -  Identity insert: /* insert bloodbank.entity.DonationRecord */ insert into donation_record (created, updated, version, donation_id, person_id, tested) values (?, ?, ?, ?, ?, ?)
2021-11-19T10:24:03,610|[TRACE] AbstractLoadPlanBuildingAssociationVisitationStrategy -  Starting root entity : bloodbank.entity.DonationRecord
2021-11-19T10:24:03,610|[DEBUG] QuerySpacesImpl - Adding QuerySpace : uid = <gen:0> -> org.hibernate.loader.plan.build.internal.spaces.EntityQuerySpaceImpl@fefd4a2]
2021-11-19T10:24:03,610|[TRACE] AbstractLoadPlanBuildingAssociationVisitationStrategy - Pushing fetch source to stack : org.hibernate.loader.plan.build.internal.returns.EntityReturnImpl@6d2693f
2021-11-19T10:24:03,610|[TRACE] AbstractLoadPlanBuildingAssociationVisitationStrategy - .. Registering AssociationKey : AssociationKey(table=donation_record, columns={record_id}) -> org.hibernate.loader.plan.build.internal.returns.EntityReturnImpl@6d2693f
2021-11-19T10:24:03,611|[TRACE] AbstractLoadPlanBuildingAssociationVisitationStrategy - >> Starting entity identifier : bloodbank.entity.DonationRecord
2021-11-19T10:24:03,611|[DEBUG] MetamodelGraphWalker - Visiting attribute path : epochCreated
2021-11-19T10:24:03,611|[TRACE] AbstractLoadPlanBuildingAssociationVisitationStrategy - >> Starting attribute Attribute(name=epochCreated, type=long [non-identifier])
2021-11-19T10:24:03,611|[TRACE] AbstractLoadPlanBuildingAssociationVisitationStrategy - << Finishing up attribute : Attribute(name=epochCreated, type=long [non-identifier])
2021-11-19T10:24:03,611|[DEBUG] MetamodelGraphWalker - Visiting attribute path : epochUpdated
2021-11-19T10:24:03,611|[TRACE] AbstractLoadPlanBuildingAssociationVisitationStrategy - >> Starting attribute Attribute(name=epochUpdated, type=long [non-identifier])
2021-11-19T10:24:03,611|[TRACE] AbstractLoadPlanBuildingAssociationVisitationStrategy - << Finishing up attribute : Attribute(name=epochUpdated, type=long [non-identifier])
2021-11-19T10:24:03,611|[DEBUG] MetamodelGraphWalker - Visiting attribute path : version
2021-11-19T10:24:03,611|[TRACE] AbstractLoadPlanBuildingAssociationVisitationStrategy - >> Starting attribute Attribute(name=version, type=integer [non-identifier])
2021-11-19T10:24:03,611|[TRACE] AbstractLoadPlanBuildingAssociationVisitationStrategy - << Finishing up attribute : Attribute(name=version, type=integer [non-identifier])
2021-11-19T10:24:03,611|[DEBUG] MetamodelGraphWalker - Visiting attribute path : donation
2021-11-19T10:24:03,611|[TRACE] AbstractLoadPlanBuildingAssociationVisitationStrategy - >> Starting attribute Attribute(name=donation, type=bloodbank.entity.BloodDonation [non-identifier,association])
2021-11-19T10:24:03,611|[DEBUG] QuerySpacesImpl - Adding QuerySpace : uid = <gen:1> -> org.hibernate.loader.plan.build.internal.spaces.EntityQuerySpaceImpl@352a8183]
2021-11-19T10:24:03,611|[TRACE] AbstractLoadPlanBuildingAssociationVisitationStrategy - Pushing fetch source to stack : org.hibernate.loader.plan.build.internal.returns.EntityAttributeFetchImpl@361d169a
2021-11-19T10:24:03,611|[TRACE] AbstractLoadPlanBuildingAssociationVisitationStrategy - .... Registering AssociationKey : AssociationKey(table=donation_record, columns={donation_id}) -> org.hibernate.loader.plan.build.internal.returns.EntityAttributeFetchImpl@361d169a
2021-11-19T10:24:03,611|[TRACE] AbstractLoadPlanBuildingAssociationVisitationStrategy - >>>> Starting entity identifier : bloodbank.entity.BloodDonation
2021-11-19T10:24:03,611|[DEBUG] MetamodelGraphWalker - Visiting attribute path : donation.epochCreated
2021-11-19T10:24:03,611|[TRACE] AbstractLoadPlanBuildingAssociationVisitationStrategy - >>>> Starting attribute Attribute(name=epochCreated, type=long [non-identifier])
2021-11-19T10:24:03,611|[TRACE] AbstractLoadPlanBuildingAssociationVisitationStrategy - <<<< Finishing up attribute : Attribute(name=epochCreated, type=long [non-identifier])
2021-11-19T10:24:03,611|[DEBUG] MetamodelGraphWalker - Visiting attribute path : donation.epochUpdated
2021-11-19T10:24:03,611|[TRACE] AbstractLoadPlanBuildingAssociationVisitationStrategy - >>>> Starting attribute Attribute(name=epochUpdated, type=long [non-identifier])
2021-11-19T10:24:03,611|[TRACE] AbstractLoadPlanBuildingAssociationVisitationStrategy - <<<< Finishing up attribute : Attribute(name=epochUpdated, type=long [non-identifier])
2021-11-19T10:24:03,611|[DEBUG] MetamodelGraphWalker - Visiting attribute path : donation.version
2021-11-19T10:24:03,611|[TRACE] AbstractLoadPlanBuildingAssociationVisitationStrategy - >>>> Starting attribute Attribute(name=version, type=integer [non-identifier])
2021-11-19T10:24:03,611|[TRACE] AbstractLoadPlanBuildingAssociationVisitationStrategy - <<<< Finishing up attribute : Attribute(name=version, type=integer [non-identifier])
2021-11-19T10:24:03,611|[DEBUG] MetamodelGraphWalker - Visiting attribute path : donation.bank
2021-11-19T10:24:03,611|[TRACE] AbstractLoadPlanBuildingAssociationVisitationStrategy - >>>> Starting attribute Attribute(name=bank, type=bloodbank.entity.BloodBank [non-identifier,association])
2021-11-19T10:24:03,611|[DEBUG] QuerySpacesImpl - Adding QuerySpace : uid = <gen:2> -> org.hibernate.loader.plan.build.internal.spaces.EntityQuerySpaceImpl@47a68e3f]
2021-11-19T10:24:03,611|[TRACE] AbstractLoadPlanBuildingAssociationVisitationStrategy - <<<< Finishing up attribute : Attribute(name=bank, type=bloodbank.entity.BloodBank [non-identifier,association])
2021-11-19T10:24:03,611|[DEBUG] MetamodelGraphWalker - Visiting attribute path : donation.bloodType
2021-11-19T10:24:03,611|[TRACE] AbstractLoadPlanBuildingAssociationVisitationStrategy - >>>> Starting attribute Attribute(name=bloodType, type=component[bloodGroup,rhd] [non-identifier,composition])
2021-11-19T10:24:03,611|[DEBUG] QuerySpacesImpl - Adding QuerySpace : uid = <gen:3> -> org.hibernate.loader.plan.build.internal.spaces.CompositeQuerySpaceImpl@52288c65]
2021-11-19T10:24:03,611|[TRACE] AbstractLoadPlanBuildingAssociationVisitationStrategy - Pushing fetch source to stack : org.hibernate.loader.plan.build.internal.returns.CompositeAttributeFetchImpl@33ef393a
2021-11-19T10:24:03,611|[TRACE] AbstractLoadPlanBuildingAssociationVisitationStrategy - >>>>>> Starting composite : bloodType
2021-11-19T10:24:03,611|[DEBUG] MetamodelGraphWalker - Visiting attribute path : donation.bloodType.bloodGroup
2021-11-19T10:24:03,611|[TRACE] AbstractLoadPlanBuildingAssociationVisitationStrategy - >>>>>> Starting attribute Attribute(name=bloodGroup, type=string [non-identifier])
2021-11-19T10:24:03,611|[TRACE] AbstractLoadPlanBuildingAssociationVisitationStrategy - <<<<<< Finishing up attribute : Attribute(name=bloodGroup, type=string [non-identifier])
2021-11-19T10:24:03,611|[DEBUG] MetamodelGraphWalker - Visiting attribute path : donation.bloodType.rhd
2021-11-19T10:24:03,611|[TRACE] AbstractLoadPlanBuildingAssociationVisitationStrategy - >>>>>> Starting attribute Attribute(name=rhd, type=byte [non-identifier])
2021-11-19T10:24:03,611|[TRACE] AbstractLoadPlanBuildingAssociationVisitationStrategy - <<<<<< Finishing up attribute : Attribute(name=rhd, type=byte [non-identifier])
2021-11-19T10:24:03,611|[TRACE] AbstractLoadPlanBuildingAssociationVisitationStrategy - <<<<<< Finishing composite : bloodType
2021-11-19T10:24:03,611|[TRACE] AbstractLoadPlanBuildingAssociationVisitationStrategy - Popped fetch owner from stack : org.hibernate.loader.plan.build.internal.returns.CompositeAttributeFetchImpl@33ef393a
2021-11-19T10:24:03,611|[TRACE] AbstractLoadPlanBuildingAssociationVisitationStrategy - <<<< Finishing up attribute : Attribute(name=bloodType, type=component[bloodGroup,rhd] [non-identifier,composition])
2021-11-19T10:24:03,611|[DEBUG] MetamodelGraphWalker - Visiting attribute path : donation.milliliters
2021-11-19T10:24:03,611|[TRACE] AbstractLoadPlanBuildingAssociationVisitationStrategy - >>>> Starting attribute Attribute(name=milliliters, type=integer [non-identifier])
2021-11-19T10:24:03,611|[TRACE] AbstractLoadPlanBuildingAssociationVisitationStrategy - <<<< Finishing up attribute : Attribute(name=milliliters, type=integer [non-identifier])
2021-11-19T10:24:03,611|[DEBUG] MetamodelGraphWalker - Visiting attribute path : donation.record
2021-11-19T10:24:03,611|[TRACE] AbstractLoadPlanBuildingAssociationVisitationStrategy - >>>> Starting attribute Attribute(name=record, type=bloodbank.entity.DonationRecord [non-identifier,association])
2021-11-19T10:24:03,611|[DEBUG] QuerySpacesImpl - Adding QuerySpace : uid = <gen:4> -> org.hibernate.loader.plan.build.internal.spaces.EntityQuerySpaceImpl@6d18401b]
2021-11-19T10:24:03,611|[TRACE] AbstractLoadPlanBuildingAssociationVisitationStrategy - <<<< Finishing up attribute : Attribute(name=record, type=bloodbank.entity.DonationRecord [non-identifier,association])
2021-11-19T10:24:03,611|[TRACE] AbstractLoadPlanBuildingAssociationVisitationStrategy - Popped fetch owner from stack : org.hibernate.loader.plan.build.internal.returns.EntityAttributeFetchImpl@361d169a
2021-11-19T10:24:03,611|[TRACE] AbstractLoadPlanBuildingAssociationVisitationStrategy - << Finishing up attribute : Attribute(name=donation, type=bloodbank.entity.BloodDonation [non-identifier,association])
2021-11-19T10:24:03,611|[DEBUG] MetamodelGraphWalker - Visiting attribute path : owner
2021-11-19T10:24:03,611|[TRACE] AbstractLoadPlanBuildingAssociationVisitationStrategy - >> Starting attribute Attribute(name=owner, type=bloodbank.entity.Person [non-identifier,association])
2021-11-19T10:24:03,611|[DEBUG] QuerySpacesImpl - Adding QuerySpace : uid = <gen:5> -> org.hibernate.loader.plan.build.internal.spaces.EntityQuerySpaceImpl@1ebcfcf1]
2021-11-19T10:24:03,611|[TRACE] AbstractLoadPlanBuildingAssociationVisitationStrategy - << Finishing up attribute : Attribute(name=owner, type=bloodbank.entity.Person [non-identifier,association])
2021-11-19T10:24:03,611|[DEBUG] MetamodelGraphWalker - Visiting attribute path : tested
2021-11-19T10:24:03,611|[TRACE] AbstractLoadPlanBuildingAssociationVisitationStrategy - >> Starting attribute Attribute(name=tested, type=byte [non-identifier])
2021-11-19T10:24:03,611|[TRACE] AbstractLoadPlanBuildingAssociationVisitationStrategy - << Finishing up attribute : Attribute(name=tested, type=byte [non-identifier])
2021-11-19T10:24:03,611|[TRACE] AbstractLoadPlanBuildingAssociationVisitationStrategy - Popped fetch owner from stack : org.hibernate.loader.plan.build.internal.returns.EntityReturnImpl@6d2693f
2021-11-19T10:24:03,611|[TRACE] AbstractLoadPlanBuildingAssociationVisitationStrategy -  Finished root entity : bloodbank.entity.DonationRecord
2021-11-19T10:24:03,611|[DEBUG] FetchStyleLoadPlanBuildingAssociationVisitationStrategy - Building LoadPlan...
2021-11-19T10:24:03,611|[DEBUG] LoadQueryJoinAndFetchProcessor - processing queryspace <gen:0>
2021-11-19T10:24:03,612|[DEBUG] LoadPlanTreePrinter - LoadPlan(entity=bloodbank.entity.DonationRecord)
    - Returns
       - EntityReturnImpl(entity=bloodbank.entity.DonationRecord, querySpaceUid=<gen:0>, path=bloodbank.entity.DonationRecord)
          - EntityAttributeFetchImpl(entity=bloodbank.entity.BloodDonation, querySpaceUid=<gen:1>, path=bloodbank.entity.DonationRecord.donation)
             - EntityAttributeFetchImpl(entity=bloodbank.entity.BloodBank, querySpaceUid=<gen:2>, path=bloodbank.entity.DonationRecord.donation.bank)
             - CompositeAttributeFetchImpl(composite=bloodbank.entity.BloodType, querySpaceUid=<gen:3>, path=bloodbank.entity.DonationRecord.donation.bloodType)
             - EntityAttributeFetchImpl(entity=bloodbank.entity.DonationRecord, querySpaceUid=<gen:4>, path=bloodbank.entity.DonationRecord.donation.record)
          - EntityAttributeFetchImpl(entity=bloodbank.entity.Person, querySpaceUid=<gen:5>, path=bloodbank.entity.DonationRecord.owner)
    - QuerySpaces
       - EntityQuerySpaceImpl(uid=<gen:0>, entity=bloodbank.entity.DonationRecord)
          - SQL table alias mapping - donationre0_
          - alias suffix - 0_
          - suffixed key columns - {record_i1_4_0_}
          - JOIN (JoinDefinedByMetadata(donation)) : <gen:0> -> <gen:1>
             - EntityQuerySpaceImpl(uid=<gen:1>, entity=bloodbank.entity.BloodDonation)
                - SQL table alias mapping - blooddonat1_
                - alias suffix - 1_
                - suffixed key columns - {donation1_2_1_}
                - JOIN (JoinDefinedByMetadata(bloodType)) : <gen:1> -> <gen:3>
                   - CompositeQuerySpaceImpl(uid=<gen:3>)
                      - SQL table alias mapping - blooddonat1_

2021-11-19T10:24:03,612|[DEBUG] EntityLoader - Static select for entity bloodbank.entity.DonationRecord [NONE]: select donationre0_.record_id as record_i1_4_0_, donationre0_.created as created2_4_0_, donationre0_.updated as updated3_4_0_, donationre0_.version as version4_4_0_, donationre0_.donation_id as donation6_4_0_, donationre0_.person_id as person_i7_4_0_, donationre0_.tested as tested5_4_0_, blooddonat1_.donation_id as donation1_2_1_, blooddonat1_.created as created2_2_1_, blooddonat1_.updated as updated3_2_1_, blooddonat1_.version as version4_2_1_, blooddonat1_.bank_id as bank_id8_2_1_, blooddonat1_.blood_group as blood_gr5_2_1_, blooddonat1_.rhd as rhd6_2_1_, blooddonat1_.milliliters as millilit7_2_1_ from donation_record donationre0_ inner join blood_donation blooddonat1_ on donationre0_.donation_id=blooddonat1_.donation_id where donationre0_.record_id=?
2021-11-19T10:24:03,612|[DEBUG] AbstractEntityPersister - Static SQL for entity: bloodbank.entity.Address
2021-11-19T10:24:03,612|[DEBUG] AbstractEntityPersister -  Version select: /* get version bloodbank.entity.Address */ select version from address where address_id =?
2021-11-19T10:24:03,612|[DEBUG] AbstractEntityPersister -  Snapshot select: /* get current state bloodbank.entity.Address */ select address_.address_id, address_.created as created2_0_, address_.updated as updated3_0_, address_.version as version4_0_, address_.city as city5_0_, address_.country as country6_0_, address_.province as province7_0_, address_.street as street8_0_, address_.street_number as street_n9_0_, address_.zipcode as zipcode10_0_ from address address_ where address_.address_id=?
2021-11-19T10:24:03,612|[DEBUG] AbstractEntityPersister -  Insert 0: /* insert bloodbank.entity.Address */ insert into address (created, updated, version, city, country, province, street, street_number, zipcode, address_id) values (?, ?, ?, ?, ?, ?, ?, ?, ?, ?)
2021-11-19T10:24:03,612|[DEBUG] AbstractEntityPersister -  Update 0: /* update bloodbank.entity.Address */ update address set created=?, updated=?, version=?, city=?, country=?, province=?, street=?, street_number=?, zipcode=? where address_id=? and version=?
2021-11-19T10:24:03,612|[DEBUG] AbstractEntityPersister -  Delete 0: /* delete bloodbank.entity.Address */ delete from address where address_id=? and version=?
2021-11-19T10:24:03,612|[DEBUG] AbstractEntityPersister -  Identity insert: /* insert bloodbank.entity.Address */ insert into address (created, updated, version, city, country, province, street, street_number, zipcode) values (?, ?, ?, ?, ?, ?, ?, ?, ?)
2021-11-19T10:24:03,612|[TRACE] AbstractLoadPlanBuildingAssociationVisitationStrategy -  Starting root entity : bloodbank.entity.Address
2021-11-19T10:24:03,612|[DEBUG] QuerySpacesImpl - Adding QuerySpace : uid = <gen:0> -> org.hibernate.loader.plan.build.internal.spaces.EntityQuerySpaceImpl@8e100e7]
2021-11-19T10:24:03,612|[TRACE] AbstractLoadPlanBuildingAssociationVisitationStrategy - Pushing fetch source to stack : org.hibernate.loader.plan.build.internal.returns.EntityReturnImpl@420dde28
2021-11-19T10:24:03,612|[TRACE] AbstractLoadPlanBuildingAssociationVisitationStrategy - .. Registering AssociationKey : AssociationKey(table=address, columns={address_id}) -> org.hibernate.loader.plan.build.internal.returns.EntityReturnImpl@420dde28
2021-11-19T10:24:03,612|[TRACE] AbstractLoadPlanBuildingAssociationVisitationStrategy - >> Starting entity identifier : bloodbank.entity.Address
2021-11-19T10:24:03,612|[DEBUG] MetamodelGraphWalker - Visiting attribute path : epochCreated
2021-11-19T10:24:03,612|[TRACE] AbstractLoadPlanBuildingAssociationVisitationStrategy - >> Starting attribute Attribute(name=epochCreated, type=long [non-identifier])
2021-11-19T10:24:03,612|[TRACE] AbstractLoadPlanBuildingAssociationVisitationStrategy - << Finishing up attribute : Attribute(name=epochCreated, type=long [non-identifier])
2021-11-19T10:24:03,612|[DEBUG] MetamodelGraphWalker - Visiting attribute path : epochUpdated
2021-11-19T10:24:03,612|[TRACE] AbstractLoadPlanBuildingAssociationVisitationStrategy - >> Starting attribute Attribute(name=epochUpdated, type=long [non-identifier])
2021-11-19T10:24:03,612|[TRACE] AbstractLoadPlanBuildingAssociationVisitationStrategy - << Finishing up attribute : Attribute(name=epochUpdated, type=long [non-identifier])
2021-11-19T10:24:03,612|[DEBUG] MetamodelGraphWalker - Visiting attribute path : version
2021-11-19T10:24:03,612|[TRACE] AbstractLoadPlanBuildingAssociationVisitationStrategy - >> Starting attribute Attribute(name=version, type=integer [non-identifier])
2021-11-19T10:24:03,612|[TRACE] AbstractLoadPlanBuildingAssociationVisitationStrategy - << Finishing up attribute : Attribute(name=version, type=integer [non-identifier])
2021-11-19T10:24:03,612|[DEBUG] MetamodelGraphWalker - Visiting attribute path : city
2021-11-19T10:24:03,612|[TRACE] AbstractLoadPlanBuildingAssociationVisitationStrategy - >> Starting attribute Attribute(name=city, type=string [non-identifier])
2021-11-19T10:24:03,612|[TRACE] AbstractLoadPlanBuildingAssociationVisitationStrategy - << Finishing up attribute : Attribute(name=city, type=string [non-identifier])
2021-11-19T10:24:03,612|[DEBUG] MetamodelGraphWalker - Visiting attribute path : contacts
2021-11-19T10:24:03,612|[TRACE] AbstractLoadPlanBuildingAssociationVisitationStrategy - >> Starting attribute Attribute(name=contacts, type=java.util.Set(bloodbank.entity.Address.contacts) [non-identifier,association])
2021-11-19T10:24:03,612|[DEBUG] QuerySpacesImpl - Adding QuerySpace : uid = <gen:1> -> org.hibernate.loader.plan.build.internal.spaces.CollectionQuerySpaceImpl@6d3a56ea]
2021-11-19T10:24:03,612|[DEBUG] QuerySpacesImpl - Adding QuerySpace : uid = <gen:2> -> org.hibernate.loader.plan.build.internal.spaces.EntityQuerySpaceImpl@141874c8]
2021-11-19T10:24:03,612|[DEBUG] QuerySpacesImpl - Adding QuerySpace : uid = <gen:2>-id -> org.hibernate.loader.plan.build.internal.spaces.CompositeQuerySpaceImpl@147ea894]
2021-11-19T10:24:03,612|[TRACE] AbstractLoadPlanBuildingAssociationVisitationStrategy - << Finishing up attribute : Attribute(name=contacts, type=java.util.Set(bloodbank.entity.Address.contacts) [non-identifier,association])
2021-11-19T10:24:03,612|[DEBUG] MetamodelGraphWalker - Visiting attribute path : country
2021-11-19T10:24:03,612|[TRACE] AbstractLoadPlanBuildingAssociationVisitationStrategy - >> Starting attribute Attribute(name=country, type=string [non-identifier])
2021-11-19T10:24:03,612|[TRACE] AbstractLoadPlanBuildingAssociationVisitationStrategy - << Finishing up attribute : Attribute(name=country, type=string [non-identifier])
2021-11-19T10:24:03,612|[DEBUG] MetamodelGraphWalker - Visiting attribute path : province
2021-11-19T10:24:03,612|[TRACE] AbstractLoadPlanBuildingAssociationVisitationStrategy - >> Starting attribute Attribute(name=province, type=string [non-identifier])
2021-11-19T10:24:03,612|[TRACE] AbstractLoadPlanBuildingAssociationVisitationStrategy - << Finishing up attribute : Attribute(name=province, type=string [non-identifier])
2021-11-19T10:24:03,612|[DEBUG] MetamodelGraphWalker - Visiting attribute path : street
2021-11-19T10:24:03,612|[TRACE] AbstractLoadPlanBuildingAssociationVisitationStrategy - >> Starting attribute Attribute(name=street, type=string [non-identifier])
2021-11-19T10:24:03,612|[TRACE] AbstractLoadPlanBuildingAssociationVisitationStrategy - << Finishing up attribute : Attribute(name=street, type=string [non-identifier])
2021-11-19T10:24:03,612|[DEBUG] MetamodelGraphWalker - Visiting attribute path : streetNumber
2021-11-19T10:24:03,612|[TRACE] AbstractLoadPlanBuildingAssociationVisitationStrategy - >> Starting attribute Attribute(name=streetNumber, type=string [non-identifier])
2021-11-19T10:24:03,612|[TRACE] AbstractLoadPlanBuildingAssociationVisitationStrategy - << Finishing up attribute : Attribute(name=streetNumber, type=string [non-identifier])
2021-11-19T10:24:03,612|[DEBUG] MetamodelGraphWalker - Visiting attribute path : zipcode
2021-11-19T10:24:03,612|[TRACE] AbstractLoadPlanBuildingAssociationVisitationStrategy - >> Starting attribute Attribute(name=zipcode, type=string [non-identifier])
2021-11-19T10:24:03,612|[TRACE] AbstractLoadPlanBuildingAssociationVisitationStrategy - << Finishing up attribute : Attribute(name=zipcode, type=string [non-identifier])
2021-11-19T10:24:03,612|[TRACE] AbstractLoadPlanBuildingAssociationVisitationStrategy - Popped fetch owner from stack : org.hibernate.loader.plan.build.internal.returns.EntityReturnImpl@420dde28
2021-11-19T10:24:03,612|[TRACE] AbstractLoadPlanBuildingAssociationVisitationStrategy -  Finished root entity : bloodbank.entity.Address
2021-11-19T10:24:03,612|[DEBUG] FetchStyleLoadPlanBuildingAssociationVisitationStrategy - Building LoadPlan...
2021-11-19T10:24:03,612|[DEBUG] LoadQueryJoinAndFetchProcessor - processing queryspace <gen:0>
2021-11-19T10:24:03,612|[DEBUG] LoadPlanTreePrinter - LoadPlan(entity=bloodbank.entity.Address)
    - Returns
       - EntityReturnImpl(entity=bloodbank.entity.Address, querySpaceUid=<gen:0>, path=bloodbank.entity.Address)
          - CollectionAttributeFetchImpl(collection=bloodbank.entity.Address.contacts, querySpaceUid=<gen:1>, path=bloodbank.entity.Address.contacts)
             - (collection element) CollectionFetchableElementEntityGraph(entity=bloodbank.entity.Contact, querySpaceUid=<gen:2>, path=bloodbank.entity.Address.contacts.<elements>)
    - QuerySpaces
       - EntityQuerySpaceImpl(uid=<gen:0>, entity=bloodbank.entity.Address)
          - SQL table alias mapping - address0_
          - alias suffix - 0_
          - suffixed key columns - {address_1_0_0_}

2021-11-19T10:24:03,612|[DEBUG] EntityLoader - Static select for entity bloodbank.entity.Address [NONE]: select address0_.address_id as address_1_0_0_, address0_.created as created2_0_0_, address0_.updated as updated3_0_0_, address0_.version as version4_0_0_, address0_.city as city5_0_0_, address0_.country as country6_0_0_, address0_.province as province7_0_0_, address0_.street as street8_0_0_, address0_.street_number as street_n9_0_0_, address0_.zipcode as zipcode10_0_0_ from address address0_ where address0_.address_id=?
2021-11-19T10:24:03,613|[DEBUG] AbstractEntityPersister - Static SQL for entity: bloodbank.entity.Person
2021-11-19T10:24:03,613|[DEBUG] AbstractEntityPersister -  Version select: /* get version bloodbank.entity.Person */ select version from person where id =?
2021-11-19T10:24:03,613|[DEBUG] AbstractEntityPersister -  Snapshot select: /* get current state bloodbank.entity.Person */ select person_.id, person_.created as created2_5_, person_.updated as updated3_5_, person_.version as version4_5_, person_.first_name as first_na5_5_, person_.last_name as last_nam6_5_ from person person_ where person_.id=?
2021-11-19T10:24:03,613|[DEBUG] AbstractEntityPersister -  Insert 0: /* insert bloodbank.entity.Person */ insert into person (created, updated, version, first_name, last_name, id) values (?, ?, ?, ?, ?, ?)
2021-11-19T10:24:03,613|[DEBUG] AbstractEntityPersister -  Update 0: /* update bloodbank.entity.Person */ update person set created=?, updated=?, version=?, first_name=?, last_name=? where id=? and version=?
2021-11-19T10:24:03,613|[DEBUG] AbstractEntityPersister -  Delete 0: /* delete bloodbank.entity.Person */ delete from person where id=? and version=?
2021-11-19T10:24:03,613|[DEBUG] AbstractEntityPersister -  Identity insert: /* insert bloodbank.entity.Person */ insert into person (created, updated, version, first_name, last_name) values (?, ?, ?, ?, ?)
2021-11-19T10:24:03,613|[TRACE] AbstractLoadPlanBuildingAssociationVisitationStrategy -  Starting root entity : bloodbank.entity.Person
2021-11-19T10:24:03,613|[DEBUG] QuerySpacesImpl - Adding QuerySpace : uid = <gen:0> -> org.hibernate.loader.plan.build.internal.spaces.EntityQuerySpaceImpl@38aed8ad]
2021-11-19T10:24:03,613|[TRACE] AbstractLoadPlanBuildingAssociationVisitationStrategy - Pushing fetch source to stack : org.hibernate.loader.plan.build.internal.returns.EntityReturnImpl@79c4454
2021-11-19T10:24:03,613|[TRACE] AbstractLoadPlanBuildingAssociationVisitationStrategy - .. Registering AssociationKey : AssociationKey(table=person, columns={id}) -> org.hibernate.loader.plan.build.internal.returns.EntityReturnImpl@79c4454
2021-11-19T10:24:03,613|[TRACE] AbstractLoadPlanBuildingAssociationVisitationStrategy - >> Starting entity identifier : bloodbank.entity.Person
2021-11-19T10:24:03,613|[DEBUG] MetamodelGraphWalker - Visiting attribute path : epochCreated
2021-11-19T10:24:03,613|[TRACE] AbstractLoadPlanBuildingAssociationVisitationStrategy - >> Starting attribute Attribute(name=epochCreated, type=long [non-identifier])
2021-11-19T10:24:03,613|[TRACE] AbstractLoadPlanBuildingAssociationVisitationStrategy - << Finishing up attribute : Attribute(name=epochCreated, type=long [non-identifier])
2021-11-19T10:24:03,613|[DEBUG] MetamodelGraphWalker - Visiting attribute path : epochUpdated
2021-11-19T10:24:03,613|[TRACE] AbstractLoadPlanBuildingAssociationVisitationStrategy - >> Starting attribute Attribute(name=epochUpdated, type=long [non-identifier])
2021-11-19T10:24:03,613|[TRACE] AbstractLoadPlanBuildingAssociationVisitationStrategy - << Finishing up attribute : Attribute(name=epochUpdated, type=long [non-identifier])
2021-11-19T10:24:03,639|[DEBUG] MetamodelGraphWalker - Visiting attribute path : version
2021-11-19T10:24:03,639|[TRACE] AbstractLoadPlanBuildingAssociationVisitationStrategy - >> Starting attribute Attribute(name=version, type=integer [non-identifier])
2021-11-19T10:24:03,639|[TRACE] AbstractLoadPlanBuildingAssociationVisitationStrategy - << Finishing up attribute : Attribute(name=version, type=integer [non-identifier])
2021-11-19T10:24:03,639|[DEBUG] MetamodelGraphWalker - Visiting attribute path : contacts
2021-11-19T10:24:03,639|[TRACE] AbstractLoadPlanBuildingAssociationVisitationStrategy - >> Starting attribute Attribute(name=contacts, type=java.util.Set(bloodbank.entity.Person.contacts) [non-identifier,association])
2021-11-19T10:24:03,639|[DEBUG] QuerySpacesImpl - Adding QuerySpace : uid = <gen:1> -> org.hibernate.loader.plan.build.internal.spaces.CollectionQuerySpaceImpl@50f5ce5b]
2021-11-19T10:24:03,639|[DEBUG] QuerySpacesImpl - Adding QuerySpace : uid = <gen:2> -> org.hibernate.loader.plan.build.internal.spaces.EntityQuerySpaceImpl@31aee6d9]
2021-11-19T10:24:03,639|[DEBUG] QuerySpacesImpl - Adding QuerySpace : uid = <gen:2>-id -> org.hibernate.loader.plan.build.internal.spaces.CompositeQuerySpaceImpl@7f0b2bf1]
2021-11-19T10:24:03,639|[TRACE] AbstractLoadPlanBuildingAssociationVisitationStrategy - << Finishing up attribute : Attribute(name=contacts, type=java.util.Set(bloodbank.entity.Person.contacts) [non-identifier,association])
2021-11-19T10:24:03,639|[DEBUG] MetamodelGraphWalker - Visiting attribute path : donations
2021-11-19T10:24:03,639|[TRACE] AbstractLoadPlanBuildingAssociationVisitationStrategy - >> Starting attribute Attribute(name=donations, type=java.util.Set(bloodbank.entity.Person.donations) [non-identifier,association])
2021-11-19T10:24:03,639|[DEBUG] QuerySpacesImpl - Adding QuerySpace : uid = <gen:3> -> org.hibernate.loader.plan.build.internal.spaces.CollectionQuerySpaceImpl@1a507ea0]
2021-11-19T10:24:03,639|[DEBUG] QuerySpacesImpl - Adding QuerySpace : uid = <gen:4> -> org.hibernate.loader.plan.build.internal.spaces.EntityQuerySpaceImpl@64a9fca7]
2021-11-19T10:24:03,639|[TRACE] AbstractLoadPlanBuildingAssociationVisitationStrategy - << Finishing up attribute : Attribute(name=donations, type=java.util.Set(bloodbank.entity.Person.donations) [non-identifier,association])
2021-11-19T10:24:03,639|[DEBUG] MetamodelGraphWalker - Visiting attribute path : firstName
2021-11-19T10:24:03,639|[TRACE] AbstractLoadPlanBuildingAssociationVisitationStrategy - >> Starting attribute Attribute(name=firstName, type=string [non-identifier])
2021-11-19T10:24:03,639|[TRACE] AbstractLoadPlanBuildingAssociationVisitationStrategy - << Finishing up attribute : Attribute(name=firstName, type=string [non-identifier])
2021-11-19T10:24:03,639|[DEBUG] MetamodelGraphWalker - Visiting attribute path : lastName
2021-11-19T10:24:03,639|[TRACE] AbstractLoadPlanBuildingAssociationVisitationStrategy - >> Starting attribute Attribute(name=lastName, type=string [non-identifier])
2021-11-19T10:24:03,639|[TRACE] AbstractLoadPlanBuildingAssociationVisitationStrategy - << Finishing up attribute : Attribute(name=lastName, type=string [non-identifier])
2021-11-19T10:24:03,639|[TRACE] AbstractLoadPlanBuildingAssociationVisitationStrategy - Popped fetch owner from stack : org.hibernate.loader.plan.build.internal.returns.EntityReturnImpl@79c4454
2021-11-19T10:24:03,639|[TRACE] AbstractLoadPlanBuildingAssociationVisitationStrategy -  Finished root entity : bloodbank.entity.Person
2021-11-19T10:24:03,639|[DEBUG] FetchStyleLoadPlanBuildingAssociationVisitationStrategy - Building LoadPlan...
2021-11-19T10:24:03,640|[DEBUG] LoadQueryJoinAndFetchProcessor - processing queryspace <gen:0>
2021-11-19T10:24:03,640|[DEBUG] LoadPlanTreePrinter - LoadPlan(entity=bloodbank.entity.Person)
    - Returns
       - EntityReturnImpl(entity=bloodbank.entity.Person, querySpaceUid=<gen:0>, path=bloodbank.entity.Person)
          - CollectionAttributeFetchImpl(collection=bloodbank.entity.Person.contacts, querySpaceUid=<gen:1>, path=bloodbank.entity.Person.contacts)
             - (collection element) CollectionFetchableElementEntityGraph(entity=bloodbank.entity.Contact, querySpaceUid=<gen:2>, path=bloodbank.entity.Person.contacts.<elements>)
          - CollectionAttributeFetchImpl(collection=bloodbank.entity.Person.donations, querySpaceUid=<gen:3>, path=bloodbank.entity.Person.donations)
             - (collection element) CollectionFetchableElementEntityGraph(entity=bloodbank.entity.DonationRecord, querySpaceUid=<gen:4>, path=bloodbank.entity.Person.donations.<elements>)
    - QuerySpaces
       - EntityQuerySpaceImpl(uid=<gen:0>, entity=bloodbank.entity.Person)
          - SQL table alias mapping - person0_
          - alias suffix - 0_
          - suffixed key columns - {id1_5_0_}

2021-11-19T10:24:03,640|[DEBUG] EntityLoader - Static select for entity bloodbank.entity.Person [NONE]: select person0_.id as id1_5_0_, person0_.created as created2_5_0_, person0_.updated as updated3_5_0_, person0_.version as version4_5_0_, person0_.first_name as first_na5_5_0_, person0_.last_name as last_nam6_5_0_ from person person0_ where person0_.id=?
2021-11-19T10:24:03,640|[DEBUG] AbstractEntityPersister - Static SQL for entity: bloodbank.entity.PublicBloodBank
2021-11-19T10:24:03,640|[DEBUG] AbstractEntityPersister -  Version select: /* get version bloodbank.entity.PublicBloodBank */ select version from blood_bank where bank_id =?
2021-11-19T10:24:03,640|[DEBUG] AbstractEntityPersister -  Snapshot select: /* get current state bloodbank.entity.PublicBloodBank */ select publicbloo_.bank_id, publicbloo_.created as created3_1_, publicbloo_.updated as updated4_1_, publicbloo_.version as version5_1_, publicbloo_.name as name6_1_ from blood_bank publicbloo_ where publicbloo_.bank_id=?
2021-11-19T10:24:03,640|[DEBUG] AbstractEntityPersister -  Insert 0: /* insert bloodbank.entity.PublicBloodBank */ insert into blood_bank (created, updated, version, name, privately_owned, bank_id) values (?, ?, ?, ?, 0, ?)
2021-11-19T10:24:03,640|[DEBUG] AbstractEntityPersister -  Update 0: /* update bloodbank.entity.PublicBloodBank */ update blood_bank set created=?, updated=?, version=?, name=? where bank_id=? and version=?
2021-11-19T10:24:03,640|[DEBUG] AbstractEntityPersister -  Delete 0: /* delete bloodbank.entity.PublicBloodBank */ delete from blood_bank where bank_id=? and version=?
2021-11-19T10:24:03,640|[DEBUG] AbstractEntityPersister -  Identity insert: /* insert bloodbank.entity.PublicBloodBank */ insert into blood_bank (created, updated, version, name, privately_owned) values (?, ?, ?, ?, 0)
2021-11-19T10:24:03,640|[TRACE] AbstractLoadPlanBuildingAssociationVisitationStrategy -  Starting root entity : bloodbank.entity.PublicBloodBank
2021-11-19T10:24:03,640|[DEBUG] QuerySpacesImpl - Adding QuerySpace : uid = <gen:0> -> org.hibernate.loader.plan.build.internal.spaces.EntityQuerySpaceImpl@22f756c5]
2021-11-19T10:24:03,640|[TRACE] AbstractLoadPlanBuildingAssociationVisitationStrategy - Pushing fetch source to stack : org.hibernate.loader.plan.build.internal.returns.EntityReturnImpl@485a5c9
2021-11-19T10:24:03,640|[TRACE] AbstractLoadPlanBuildingAssociationVisitationStrategy - .. Registering AssociationKey : AssociationKey(table=blood_bank, columns={bank_id}) -> org.hibernate.loader.plan.build.internal.returns.EntityReturnImpl@485a5c9
2021-11-19T10:24:03,640|[TRACE] AbstractLoadPlanBuildingAssociationVisitationStrategy - >> Starting entity identifier : bloodbank.entity.PublicBloodBank
2021-11-19T10:24:03,640|[DEBUG] MetamodelGraphWalker - Visiting attribute path : epochCreated
2021-11-19T10:24:03,640|[TRACE] AbstractLoadPlanBuildingAssociationVisitationStrategy - >> Starting attribute Attribute(name=epochCreated, type=long [non-identifier])
2021-11-19T10:24:03,640|[TRACE] AbstractLoadPlanBuildingAssociationVisitationStrategy - << Finishing up attribute : Attribute(name=epochCreated, type=long [non-identifier])
2021-11-19T10:24:03,640|[DEBUG] MetamodelGraphWalker - Visiting attribute path : epochUpdated
2021-11-19T10:24:03,640|[TRACE] AbstractLoadPlanBuildingAssociationVisitationStrategy - >> Starting attribute Attribute(name=epochUpdated, type=long [non-identifier])
2021-11-19T10:24:03,640|[TRACE] AbstractLoadPlanBuildingAssociationVisitationStrategy - << Finishing up attribute : Attribute(name=epochUpdated, type=long [non-identifier])
2021-11-19T10:24:03,640|[DEBUG] MetamodelGraphWalker - Visiting attribute path : version
2021-11-19T10:24:03,640|[TRACE] AbstractLoadPlanBuildingAssociationVisitationStrategy - >> Starting attribute Attribute(name=version, type=integer [non-identifier])
2021-11-19T10:24:03,640|[TRACE] AbstractLoadPlanBuildingAssociationVisitationStrategy - << Finishing up attribute : Attribute(name=version, type=integer [non-identifier])
2021-11-19T10:24:03,640|[DEBUG] MetamodelGraphWalker - Visiting attribute path : donations
2021-11-19T10:24:03,640|[TRACE] AbstractLoadPlanBuildingAssociationVisitationStrategy - >> Starting attribute Attribute(name=donations, type=java.util.Set(bloodbank.entity.BloodBank.donations) [non-identifier,association])
2021-11-19T10:24:03,640|[DEBUG] QuerySpacesImpl - Adding QuerySpace : uid = <gen:1> -> org.hibernate.loader.plan.build.internal.spaces.CollectionQuerySpaceImpl@1d397e87]
2021-11-19T10:24:03,640|[DEBUG] QuerySpacesImpl - Adding QuerySpace : uid = <gen:2> -> org.hibernate.loader.plan.build.internal.spaces.EntityQuerySpaceImpl@36def543]
2021-11-19T10:24:03,640|[TRACE] AbstractLoadPlanBuildingAssociationVisitationStrategy - << Finishing up attribute : Attribute(name=donations, type=java.util.Set(bloodbank.entity.BloodBank.donations) [non-identifier,association])
2021-11-19T10:24:03,640|[DEBUG] MetamodelGraphWalker - Visiting attribute path : name
2021-11-19T10:24:03,641|[TRACE] AbstractLoadPlanBuildingAssociationVisitationStrategy - >> Starting attribute Attribute(name=name, type=string [non-identifier])
2021-11-19T10:24:03,641|[TRACE] AbstractLoadPlanBuildingAssociationVisitationStrategy - << Finishing up attribute : Attribute(name=name, type=string [non-identifier])
2021-11-19T10:24:03,641|[TRACE] AbstractLoadPlanBuildingAssociationVisitationStrategy - Popped fetch owner from stack : org.hibernate.loader.plan.build.internal.returns.EntityReturnImpl@485a5c9
2021-11-19T10:24:03,641|[TRACE] AbstractLoadPlanBuildingAssociationVisitationStrategy -  Finished root entity : bloodbank.entity.PublicBloodBank
2021-11-19T10:24:03,641|[DEBUG] FetchStyleLoadPlanBuildingAssociationVisitationStrategy - Building LoadPlan...
2021-11-19T10:24:03,641|[DEBUG] LoadQueryJoinAndFetchProcessor - processing queryspace <gen:0>
2021-11-19T10:24:03,641|[DEBUG] LoadPlanTreePrinter - LoadPlan(entity=bloodbank.entity.PublicBloodBank)
    - Returns
       - EntityReturnImpl(entity=bloodbank.entity.PublicBloodBank, querySpaceUid=<gen:0>, path=bloodbank.entity.PublicBloodBank)
          - CollectionAttributeFetchImpl(collection=bloodbank.entity.BloodBank.donations, querySpaceUid=<gen:1>, path=bloodbank.entity.PublicBloodBank.donations)
             - (collection element) CollectionFetchableElementEntityGraph(entity=bloodbank.entity.BloodDonation, querySpaceUid=<gen:2>, path=bloodbank.entity.PublicBloodBank.donations.<elements>)
    - QuerySpaces
       - EntityQuerySpaceImpl(uid=<gen:0>, entity=bloodbank.entity.PublicBloodBank)
          - SQL table alias mapping - publicbloo0_
          - alias suffix - 0_
          - suffixed key columns - {bank_id2_1_0_}

2021-11-19T10:24:03,641|[DEBUG] EntityLoader - Static select for entity bloodbank.entity.PublicBloodBank [NONE]: select publicbloo0_.bank_id as bank_id2_1_0_, publicbloo0_.created as created3_1_0_, publicbloo0_.updated as updated4_1_0_, publicbloo0_.version as version5_1_0_, publicbloo0_.name as name6_1_0_ from blood_bank publicbloo0_ where publicbloo0_.bank_id=? and publicbloo0_.privately_owned=0
2021-11-19T10:24:03,641|[TRACE] AbstractLoadPlanBuildingAssociationVisitationStrategy -  Starting root collection : bloodbank.entity.Address.contacts
2021-11-19T10:24:03,641|[DEBUG] QuerySpacesImpl - Adding QuerySpace : uid = <gen:0> -> org.hibernate.loader.plan.build.internal.spaces.CollectionQuerySpaceImpl@2e07dc23]
2021-11-19T10:24:03,641|[DEBUG] QuerySpacesImpl - Adding QuerySpace : uid = <gen:1> -> org.hibernate.loader.plan.build.internal.spaces.EntityQuerySpaceImpl@7859fc7]
2021-11-19T10:24:03,641|[DEBUG] QuerySpacesImpl - Adding QuerySpace : uid = <gen:1>-id -> org.hibernate.loader.plan.build.internal.spaces.CompositeQuerySpaceImpl@519e14f6]
2021-11-19T10:24:03,641|[TRACE] AbstractLoadPlanBuildingAssociationVisitationStrategy - Pushing collection reference to stack : org.hibernate.loader.plan.build.internal.returns.CollectionReturnImpl@10ab976b
2021-11-19T10:24:03,641|[TRACE] AbstractLoadPlanBuildingAssociationVisitationStrategy -  Registering AssociationKey : AssociationKey(table=contact, columns={address_id}) -> null
2021-11-19T10:24:03,641|[TRACE] AbstractLoadPlanBuildingAssociationVisitationStrategy -  Starting collection element graph : bloodbank.entity.Address.contacts
2021-11-19T10:24:03,641|[TRACE] AbstractLoadPlanBuildingAssociationVisitationStrategy - Pushing fetch source to stack : org.hibernate.loader.plan.build.internal.returns.CollectionFetchableElementEntityGraph@5da799
2021-11-19T10:24:03,641|[TRACE] AbstractLoadPlanBuildingAssociationVisitationStrategy - >> Starting entity identifier : bloodbank.entity.Contact
2021-11-19T10:24:03,641|[TRACE] AbstractLoadPlanBuildingAssociationVisitationStrategy - Pushing fetch source to stack : org.hibernate.loader.plan.build.internal.returns.EncapsulatedEntityIdentifierDescription@2b0d6bf2
2021-11-19T10:24:03,641|[TRACE] AbstractLoadPlanBuildingAssociationVisitationStrategy - >>>> Starting composite : id
2021-11-19T10:24:03,641|[DEBUG] MetamodelGraphWalker - Visiting attribute path : personId
2021-11-19T10:24:03,641|[TRACE] AbstractLoadPlanBuildingAssociationVisitationStrategy - >>>> Starting attribute org.hibernate.persister.walking.internal.CompositionSingularSubAttributesHelper$1$1$3@a15e3c1
2021-11-19T10:24:03,641|[TRACE] AbstractLoadPlanBuildingAssociationVisitationStrategy - <<<< Finishing up attribute : org.hibernate.persister.walking.internal.CompositionSingularSubAttributesHelper$1$1$3@a15e3c1
2021-11-19T10:24:03,641|[DEBUG] MetamodelGraphWalker - Visiting attribute path : phoneId
2021-11-19T10:24:03,641|[TRACE] AbstractLoadPlanBuildingAssociationVisitationStrategy - >>>> Starting attribute org.hibernate.persister.walking.internal.CompositionSingularSubAttributesHelper$1$1$3@46c92d27
2021-11-19T10:24:03,641|[TRACE] AbstractLoadPlanBuildingAssociationVisitationStrategy - <<<< Finishing up attribute : org.hibernate.persister.walking.internal.CompositionSingularSubAttributesHelper$1$1$3@46c92d27
2021-11-19T10:24:03,641|[TRACE] AbstractLoadPlanBuildingAssociationVisitationStrategy - <<<< Finishing composite : id
2021-11-19T10:24:03,641|[TRACE] AbstractLoadPlanBuildingAssociationVisitationStrategy - Popped fetch owner from stack : org.hibernate.loader.plan.build.internal.returns.EncapsulatedEntityIdentifierDescription@2b0d6bf2
2021-11-19T10:24:03,641|[TRACE] AbstractLoadPlanBuildingAssociationVisitationStrategy - << Finished entity identifier : bloodbank.entity.Contact
2021-11-19T10:24:03,641|[DEBUG] MetamodelGraphWalker - Visiting attribute path : epochCreated
2021-11-19T10:24:03,641|[TRACE] AbstractLoadPlanBuildingAssociationVisitationStrategy - >> Starting attribute Attribute(name=epochCreated, type=long [non-identifier])
2021-11-19T10:24:03,641|[TRACE] AbstractLoadPlanBuildingAssociationVisitationStrategy - << Finishing up attribute : Attribute(name=epochCreated, type=long [non-identifier])
2021-11-19T10:24:03,641|[DEBUG] MetamodelGraphWalker - Visiting attribute path : epochUpdated
2021-11-19T10:24:03,641|[TRACE] AbstractLoadPlanBuildingAssociationVisitationStrategy - >> Starting attribute Attribute(name=epochUpdated, type=long [non-identifier])
2021-11-19T10:24:03,641|[TRACE] AbstractLoadPlanBuildingAssociationVisitationStrategy - << Finishing up attribute : Attribute(name=epochUpdated, type=long [non-identifier])
2021-11-19T10:24:03,641|[DEBUG] MetamodelGraphWalker - Visiting attribute path : version
2021-11-19T10:24:03,641|[TRACE] AbstractLoadPlanBuildingAssociationVisitationStrategy - >> Starting attribute Attribute(name=version, type=integer [non-identifier])
2021-11-19T10:24:03,641|[TRACE] AbstractLoadPlanBuildingAssociationVisitationStrategy - << Finishing up attribute : Attribute(name=version, type=integer [non-identifier])
2021-11-19T10:24:03,641|[DEBUG] MetamodelGraphWalker - Visiting attribute path : address
2021-11-19T10:24:03,641|[DEBUG] MetamodelGraphWalker - Property path deemed to be circular : address
2021-11-19T10:24:03,641|[DEBUG] MetamodelGraphWalker - Visiting attribute path : contactType
2021-11-19T10:24:03,641|[TRACE] AbstractLoadPlanBuildingAssociationVisitationStrategy - >> Starting attribute Attribute(name=contactType, type=string [non-identifier])
2021-11-19T10:24:03,641|[TRACE] AbstractLoadPlanBuildingAssociationVisitationStrategy - << Finishing up attribute : Attribute(name=contactType, type=string [non-identifier])
2021-11-19T10:24:03,641|[DEBUG] MetamodelGraphWalker - Visiting attribute path : email
2021-11-19T10:24:03,641|[TRACE] AbstractLoadPlanBuildingAssociationVisitationStrategy - >> Starting attribute Attribute(name=email, type=string [non-identifier])
2021-11-19T10:24:03,641|[TRACE] AbstractLoadPlanBuildingAssociationVisitationStrategy - << Finishing up attribute : Attribute(name=email, type=string [non-identifier])
2021-11-19T10:24:03,641|[DEBUG] MetamodelGraphWalker - Visiting attribute path : owner
2021-11-19T10:24:03,641|[TRACE] AbstractLoadPlanBuildingAssociationVisitationStrategy - >> Starting attribute Attribute(name=owner, type=bloodbank.entity.Person [non-identifier,association])
2021-11-19T10:24:03,642|[DEBUG] QuerySpacesImpl - Adding QuerySpace : uid = <gen:2> -> org.hibernate.loader.plan.build.internal.spaces.EntityQuerySpaceImpl@2bc52b08]
2021-11-19T10:24:03,642|[TRACE] AbstractLoadPlanBuildingAssociationVisitationStrategy - << Finishing up attribute : Attribute(name=owner, type=bloodbank.entity.Person [non-identifier,association])
2021-11-19T10:24:03,642|[DEBUG] MetamodelGraphWalker - Visiting attribute path : phone
2021-11-19T10:24:03,642|[TRACE] AbstractLoadPlanBuildingAssociationVisitationStrategy - >> Starting attribute Attribute(name=phone, type=bloodbank.entity.Phone [non-identifier,association])
2021-11-19T10:24:03,642|[DEBUG] QuerySpacesImpl - Adding QuerySpace : uid = <gen:3> -> org.hibernate.loader.plan.build.internal.spaces.EntityQuerySpaceImpl@6b578779]
2021-11-19T10:24:03,642|[TRACE] AbstractLoadPlanBuildingAssociationVisitationStrategy - << Finishing up attribute : Attribute(name=phone, type=bloodbank.entity.Phone [non-identifier,association])
2021-11-19T10:24:03,642|[TRACE] AbstractLoadPlanBuildingAssociationVisitationStrategy - Popped fetch owner from stack : org.hibernate.loader.plan.build.internal.returns.CollectionFetchableElementEntityGraph@5da799
2021-11-19T10:24:03,642|[TRACE] AbstractLoadPlanBuildingAssociationVisitationStrategy -  Finished collection element graph : bloodbank.entity.Address.contacts
2021-11-19T10:24:03,642|[TRACE] AbstractLoadPlanBuildingAssociationVisitationStrategy - Popped collection reference from stack : org.hibernate.loader.plan.build.internal.returns.CollectionReturnImpl@10ab976b
2021-11-19T10:24:03,642|[TRACE] AbstractLoadPlanBuildingAssociationVisitationStrategy -  Finished root collection : bloodbank.entity.Address.contacts
2021-11-19T10:24:03,642|[DEBUG] FetchStyleLoadPlanBuildingAssociationVisitationStrategy - Building LoadPlan...
2021-11-19T10:24:03,642|[DEBUG] LoadQueryJoinAndFetchProcessor - processing queryspace <gen:0>
2021-11-19T10:24:03,642|[DEBUG] LoadPlanTreePrinter - LoadPlan(collection=bloodbank.entity.Address.contacts)
    - Returns
       - CollectionReturnImpl(collection=bloodbank.entity.Address.contacts, querySpaceUid=<gen:0>, path=[bloodbank.entity.Address.contacts])
          - (collection element) CollectionFetchableElementEntityGraph(entity=bloodbank.entity.Contact, querySpaceUid=<gen:1>, path=[bloodbank.entity.Address.contacts].<elements>)
             - EntityAttributeFetchImpl(entity=bloodbank.entity.Person, querySpaceUid=<gen:2>, path=[bloodbank.entity.Address.contacts].<elements>.owner)
             - EntityAttributeFetchImpl(entity=bloodbank.entity.Phone, querySpaceUid=<gen:3>, path=[bloodbank.entity.Address.contacts].<elements>.phone)
    - QuerySpaces
       - CollectionQuerySpaceImpl(uid=<gen:0>, collection=bloodbank.entity.Address.contacts)
          - SQL table alias mapping - contacts0_
          - alias suffix - 0_
          - suffixed key columns - {address_8_3_0_}
          - entity-element alias suffix - 1_
          - 1_entity-element suffixed key columns - person_i1_3_1_, phone_id2_3_1_
          - JOIN (JoinDefinedByMetadata(elements)) : <gen:0> -> <gen:1>
             - EntityQuerySpaceImpl(uid=<gen:1>, entity=bloodbank.entity.Contact)
                - SQL table alias mapping - contacts0_
                - alias suffix - 1_
                - suffixed key columns - {person_i1_3_1_, phone_id2_3_1_}
                - JOIN (JoinDefinedByMetadata(id)) : <gen:1> -> <gen:1>-id
                   - CompositeQuerySpaceImpl(uid=<gen:1>-id)
                      - SQL table alias mapping - contacts0_

2021-11-19T10:24:03,642|[DEBUG] CollectionLoader - Static select for collection bloodbank.entity.Address.contacts: select contacts0_.address_id as address_8_3_0_, contacts0_.person_id as person_i1_3_0_, contacts0_.phone_id as phone_id2_3_0_, contacts0_.person_id as person_i1_3_1_, contacts0_.phone_id as phone_id2_3_1_, contacts0_.created as created3_3_1_, contacts0_.updated as updated4_3_1_, contacts0_.version as version5_3_1_, contacts0_.address_id as address_8_3_1_, contacts0_.contact_type as contact_6_3_1_, contacts0_.email as email7_3_1_ from contact contacts0_ where contacts0_.address_id=?
2021-11-19T10:24:03,642|[TRACE] AbstractLoadPlanBuildingAssociationVisitationStrategy -  Starting root collection : bloodbank.entity.Person.donations
2021-11-19T10:24:03,642|[DEBUG] QuerySpacesImpl - Adding QuerySpace : uid = <gen:0> -> org.hibernate.loader.plan.build.internal.spaces.CollectionQuerySpaceImpl@4e797a39]
2021-11-19T10:24:03,642|[DEBUG] QuerySpacesImpl - Adding QuerySpace : uid = <gen:1> -> org.hibernate.loader.plan.build.internal.spaces.EntityQuerySpaceImpl@41d6d6c4]
2021-11-19T10:24:03,642|[TRACE] AbstractLoadPlanBuildingAssociationVisitationStrategy - Pushing collection reference to stack : org.hibernate.loader.plan.build.internal.returns.CollectionReturnImpl@4349389d
2021-11-19T10:24:03,642|[TRACE] AbstractLoadPlanBuildingAssociationVisitationStrategy -  Registering AssociationKey : AssociationKey(table=donation_record, columns={person_id}) -> null
2021-11-19T10:24:03,642|[TRACE] AbstractLoadPlanBuildingAssociationVisitationStrategy -  Starting collection element graph : bloodbank.entity.Person.donations
2021-11-19T10:24:03,642|[TRACE] AbstractLoadPlanBuildingAssociationVisitationStrategy - Pushing fetch source to stack : org.hibernate.loader.plan.build.internal.returns.CollectionFetchableElementEntityGraph@147203c2
2021-11-19T10:24:03,642|[TRACE] AbstractLoadPlanBuildingAssociationVisitationStrategy - >> Starting entity identifier : bloodbank.entity.DonationRecord
2021-11-19T10:24:03,642|[DEBUG] MetamodelGraphWalker - Visiting attribute path : epochCreated
2021-11-19T10:24:03,642|[TRACE] AbstractLoadPlanBuildingAssociationVisitationStrategy - >> Starting attribute Attribute(name=epochCreated, type=long [non-identifier])
2021-11-19T10:24:03,642|[TRACE] AbstractLoadPlanBuildingAssociationVisitationStrategy - << Finishing up attribute : Attribute(name=epochCreated, type=long [non-identifier])
2021-11-19T10:24:03,642|[DEBUG] MetamodelGraphWalker - Visiting attribute path : epochUpdated
2021-11-19T10:24:03,642|[TRACE] AbstractLoadPlanBuildingAssociationVisitationStrategy - >> Starting attribute Attribute(name=epochUpdated, type=long [non-identifier])
2021-11-19T10:24:03,642|[TRACE] AbstractLoadPlanBuildingAssociationVisitationStrategy - << Finishing up attribute : Attribute(name=epochUpdated, type=long [non-identifier])
2021-11-19T10:24:03,642|[DEBUG] MetamodelGraphWalker - Visiting attribute path : version
2021-11-19T10:24:03,642|[TRACE] AbstractLoadPlanBuildingAssociationVisitationStrategy - >> Starting attribute Attribute(name=version, type=integer [non-identifier])
2021-11-19T10:24:03,643|[TRACE] AbstractLoadPlanBuildingAssociationVisitationStrategy - << Finishing up attribute : Attribute(name=version, type=integer [non-identifier])
2021-11-19T10:24:03,643|[DEBUG] MetamodelGraphWalker - Visiting attribute path : donation
2021-11-19T10:24:03,643|[TRACE] AbstractLoadPlanBuildingAssociationVisitationStrategy - >> Starting attribute Attribute(name=donation, type=bloodbank.entity.BloodDonation [non-identifier,association])
2021-11-19T10:24:03,643|[DEBUG] QuerySpacesImpl - Adding QuerySpace : uid = <gen:2> -> org.hibernate.loader.plan.build.internal.spaces.EntityQuerySpaceImpl@11df0bc7]
2021-11-19T10:24:03,643|[TRACE] AbstractLoadPlanBuildingAssociationVisitationStrategy - Pushing fetch source to stack : org.hibernate.loader.plan.build.internal.returns.EntityAttributeFetchImpl@66c88fce
2021-11-19T10:24:03,643|[TRACE] AbstractLoadPlanBuildingAssociationVisitationStrategy - .... Registering AssociationKey : AssociationKey(table=donation_record, columns={donation_id}) -> org.hibernate.loader.plan.build.internal.returns.EntityAttributeFetchImpl@66c88fce
2021-11-19T10:24:03,643|[TRACE] AbstractLoadPlanBuildingAssociationVisitationStrategy - >>>> Starting entity identifier : bloodbank.entity.BloodDonation
2021-11-19T10:24:03,643|[DEBUG] MetamodelGraphWalker - Visiting attribute path : donation.epochCreated
2021-11-19T10:24:03,643|[TRACE] AbstractLoadPlanBuildingAssociationVisitationStrategy - >>>> Starting attribute Attribute(name=epochCreated, type=long [non-identifier])
2021-11-19T10:24:03,643|[TRACE] AbstractLoadPlanBuildingAssociationVisitationStrategy - <<<< Finishing up attribute : Attribute(name=epochCreated, type=long [non-identifier])
2021-11-19T10:24:03,643|[DEBUG] MetamodelGraphWalker - Visiting attribute path : donation.epochUpdated
2021-11-19T10:24:03,643|[TRACE] AbstractLoadPlanBuildingAssociationVisitationStrategy - >>>> Starting attribute Attribute(name=epochUpdated, type=long [non-identifier])
2021-11-19T10:24:03,643|[TRACE] AbstractLoadPlanBuildingAssociationVisitationStrategy - <<<< Finishing up attribute : Attribute(name=epochUpdated, type=long [non-identifier])
2021-11-19T10:24:03,643|[DEBUG] MetamodelGraphWalker - Visiting attribute path : donation.version
2021-11-19T10:24:03,643|[TRACE] AbstractLoadPlanBuildingAssociationVisitationStrategy - >>>> Starting attribute Attribute(name=version, type=integer [non-identifier])
2021-11-19T10:24:03,643|[TRACE] AbstractLoadPlanBuildingAssociationVisitationStrategy - <<<< Finishing up attribute : Attribute(name=version, type=integer [non-identifier])
2021-11-19T10:24:03,643|[DEBUG] MetamodelGraphWalker - Visiting attribute path : donation.bank
2021-11-19T10:24:03,643|[TRACE] AbstractLoadPlanBuildingAssociationVisitationStrategy - >>>> Starting attribute Attribute(name=bank, type=bloodbank.entity.BloodBank [non-identifier,association])
2021-11-19T10:24:03,643|[DEBUG] QuerySpacesImpl - Adding QuerySpace : uid = <gen:3> -> org.hibernate.loader.plan.build.internal.spaces.EntityQuerySpaceImpl@6ccfce5a]
2021-11-19T10:24:03,643|[TRACE] AbstractLoadPlanBuildingAssociationVisitationStrategy - <<<< Finishing up attribute : Attribute(name=bank, type=bloodbank.entity.BloodBank [non-identifier,association])
2021-11-19T10:24:03,643|[DEBUG] MetamodelGraphWalker - Visiting attribute path : donation.bloodType
2021-11-19T10:24:03,643|[TRACE] AbstractLoadPlanBuildingAssociationVisitationStrategy - >>>> Starting attribute Attribute(name=bloodType, type=component[bloodGroup,rhd] [non-identifier,composition])
2021-11-19T10:24:03,643|[DEBUG] QuerySpacesImpl - Adding QuerySpace : uid = <gen:4> -> org.hibernate.loader.plan.build.internal.spaces.CompositeQuerySpaceImpl@68a7bc12]
2021-11-19T10:24:03,643|[TRACE] AbstractLoadPlanBuildingAssociationVisitationStrategy - Pushing fetch source to stack : org.hibernate.loader.plan.build.internal.returns.CompositeAttributeFetchImpl@14f03f2
2021-11-19T10:24:03,643|[TRACE] AbstractLoadPlanBuildingAssociationVisitationStrategy - >>>>>> Starting composite : bloodType
2021-11-19T10:24:03,643|[DEBUG] MetamodelGraphWalker - Visiting attribute path : donation.bloodType.bloodGroup
2021-11-19T10:24:03,643|[TRACE] AbstractLoadPlanBuildingAssociationVisitationStrategy - >>>>>> Starting attribute Attribute(name=bloodGroup, type=string [non-identifier])
2021-11-19T10:24:03,643|[TRACE] AbstractLoadPlanBuildingAssociationVisitationStrategy - <<<<<< Finishing up attribute : Attribute(name=bloodGroup, type=string [non-identifier])
2021-11-19T10:24:03,643|[DEBUG] MetamodelGraphWalker - Visiting attribute path : donation.bloodType.rhd
2021-11-19T10:24:03,643|[TRACE] AbstractLoadPlanBuildingAssociationVisitationStrategy - >>>>>> Starting attribute Attribute(name=rhd, type=byte [non-identifier])
2021-11-19T10:24:03,643|[TRACE] AbstractLoadPlanBuildingAssociationVisitationStrategy - <<<<<< Finishing up attribute : Attribute(name=rhd, type=byte [non-identifier])
2021-11-19T10:24:03,643|[TRACE] AbstractLoadPlanBuildingAssociationVisitationStrategy - <<<<<< Finishing composite : bloodType
2021-11-19T10:24:03,643|[TRACE] AbstractLoadPlanBuildingAssociationVisitationStrategy - Popped fetch owner from stack : org.hibernate.loader.plan.build.internal.returns.CompositeAttributeFetchImpl@14f03f2
2021-11-19T10:24:03,643|[TRACE] AbstractLoadPlanBuildingAssociationVisitationStrategy - <<<< Finishing up attribute : Attribute(name=bloodType, type=component[bloodGroup,rhd] [non-identifier,composition])
2021-11-19T10:24:03,643|[DEBUG] MetamodelGraphWalker - Visiting attribute path : donation.milliliters
2021-11-19T10:24:03,643|[TRACE] AbstractLoadPlanBuildingAssociationVisitationStrategy - >>>> Starting attribute Attribute(name=milliliters, type=integer [non-identifier])
2021-11-19T10:24:03,643|[TRACE] AbstractLoadPlanBuildingAssociationVisitationStrategy - <<<< Finishing up attribute : Attribute(name=milliliters, type=integer [non-identifier])
2021-11-19T10:24:03,643|[DEBUG] MetamodelGraphWalker - Visiting attribute path : donation.record
2021-11-19T10:24:03,643|[TRACE] AbstractLoadPlanBuildingAssociationVisitationStrategy - >>>> Starting attribute Attribute(name=record, type=bloodbank.entity.DonationRecord [non-identifier,association])
2021-11-19T10:24:03,643|[DEBUG] QuerySpacesImpl - Adding QuerySpace : uid = <gen:5> -> org.hibernate.loader.plan.build.internal.spaces.EntityQuerySpaceImpl@235b4aea]
2021-11-19T10:24:03,643|[TRACE] AbstractLoadPlanBuildingAssociationVisitationStrategy - <<<< Finishing up attribute : Attribute(name=record, type=bloodbank.entity.DonationRecord [non-identifier,association])
2021-11-19T10:24:03,643|[TRACE] AbstractLoadPlanBuildingAssociationVisitationStrategy - Popped fetch owner from stack : org.hibernate.loader.plan.build.internal.returns.EntityAttributeFetchImpl@66c88fce
2021-11-19T10:24:03,643|[TRACE] AbstractLoadPlanBuildingAssociationVisitationStrategy - << Finishing up attribute : Attribute(name=donation, type=bloodbank.entity.BloodDonation [non-identifier,association])
2021-11-19T10:24:03,643|[DEBUG] MetamodelGraphWalker - Visiting attribute path : owner
2021-11-19T10:24:03,643|[DEBUG] MetamodelGraphWalker - Property path deemed to be circular : owner
2021-11-19T10:24:03,643|[DEBUG] MetamodelGraphWalker - Visiting attribute path : tested
2021-11-19T10:24:03,643|[TRACE] AbstractLoadPlanBuildingAssociationVisitationStrategy - >> Starting attribute Attribute(name=tested, type=byte [non-identifier])
2021-11-19T10:24:03,643|[TRACE] AbstractLoadPlanBuildingAssociationVisitationStrategy - << Finishing up attribute : Attribute(name=tested, type=byte [non-identifier])
2021-11-19T10:24:03,643|[TRACE] AbstractLoadPlanBuildingAssociationVisitationStrategy - Popped fetch owner from stack : org.hibernate.loader.plan.build.internal.returns.CollectionFetchableElementEntityGraph@147203c2
2021-11-19T10:24:03,643|[TRACE] AbstractLoadPlanBuildingAssociationVisitationStrategy -  Finished collection element graph : bloodbank.entity.Person.donations
2021-11-19T10:24:03,643|[TRACE] AbstractLoadPlanBuildingAssociationVisitationStrategy - Popped collection reference from stack : org.hibernate.loader.plan.build.internal.returns.CollectionReturnImpl@4349389d
2021-11-19T10:24:03,643|[TRACE] AbstractLoadPlanBuildingAssociationVisitationStrategy -  Finished root collection : bloodbank.entity.Person.donations
2021-11-19T10:24:03,643|[DEBUG] FetchStyleLoadPlanBuildingAssociationVisitationStrategy - Building LoadPlan...
2021-11-19T10:24:03,644|[DEBUG] LoadQueryJoinAndFetchProcessor - processing queryspace <gen:0>
2021-11-19T10:24:03,644|[DEBUG] LoadPlanTreePrinter - LoadPlan(collection=bloodbank.entity.Person.donations)
    - Returns
       - CollectionReturnImpl(collection=bloodbank.entity.Person.donations, querySpaceUid=<gen:0>, path=[bloodbank.entity.Person.donations])
          - (collection element) CollectionFetchableElementEntityGraph(entity=bloodbank.entity.DonationRecord, querySpaceUid=<gen:1>, path=[bloodbank.entity.Person.donations].<elements>)
             - EntityAttributeFetchImpl(entity=bloodbank.entity.BloodDonation, querySpaceUid=<gen:2>, path=[bloodbank.entity.Person.donations].<elements>.donation)
                - EntityAttributeFetchImpl(entity=bloodbank.entity.BloodBank, querySpaceUid=<gen:3>, path=[bloodbank.entity.Person.donations].<elements>.donation.bank)
                - CompositeAttributeFetchImpl(composite=bloodbank.entity.BloodType, querySpaceUid=<gen:4>, path=[bloodbank.entity.Person.donations].<elements>.donation.bloodType)
                - EntityAttributeFetchImpl(entity=bloodbank.entity.DonationRecord, querySpaceUid=<gen:5>, path=[bloodbank.entity.Person.donations].<elements>.donation.record)
    - QuerySpaces
       - CollectionQuerySpaceImpl(uid=<gen:0>, collection=bloodbank.entity.Person.donations)
          - SQL table alias mapping - donations0_
          - alias suffix - 0_
          - suffixed key columns - {person_i7_4_0_}
          - entity-element alias suffix - 1_
          - 1_entity-element suffixed key columns - record_i1_4_1_
          - JOIN (JoinDefinedByMetadata(elements)) : <gen:0> -> <gen:1>
             - EntityQuerySpaceImpl(uid=<gen:1>, entity=bloodbank.entity.DonationRecord)
                - SQL table alias mapping - donations0_
                - alias suffix - 1_
                - suffixed key columns - {record_i1_4_1_}
                - JOIN (JoinDefinedByMetadata(donation)) : <gen:1> -> <gen:2>
                   - EntityQuerySpaceImpl(uid=<gen:2>, entity=bloodbank.entity.BloodDonation)
                      - SQL table alias mapping - blooddonat1_
                      - alias suffix - 2_
                      - suffixed key columns - {donation1_2_2_}
                      - JOIN (JoinDefinedByMetadata(bloodType)) : <gen:2> -> <gen:4>
                         - CompositeQuerySpaceImpl(uid=<gen:4>)
                            - SQL table alias mapping - blooddonat1_

2021-11-19T10:24:03,644|[DEBUG] CollectionLoader - Static select for collection bloodbank.entity.Person.donations: select donations0_.person_id as person_i7_4_0_, donations0_.record_id as record_i1_4_0_, donations0_.record_id as record_i1_4_1_, donations0_.created as created2_4_1_, donations0_.updated as updated3_4_1_, donations0_.version as version4_4_1_, donations0_.donation_id as donation6_4_1_, donations0_.person_id as person_i7_4_1_, donations0_.tested as tested5_4_1_, blooddonat1_.donation_id as donation1_2_2_, blooddonat1_.created as created2_2_2_, blooddonat1_.updated as updated3_2_2_, blooddonat1_.version as version4_2_2_, blooddonat1_.bank_id as bank_id8_2_2_, blooddonat1_.blood_group as blood_gr5_2_2_, blooddonat1_.rhd as rhd6_2_2_, blooddonat1_.milliliters as millilit7_2_2_ from donation_record donations0_ inner join blood_donation blooddonat1_ on donations0_.donation_id=blooddonat1_.donation_id where donations0_.person_id=?
2021-11-19T10:24:03,644|[TRACE] AbstractLoadPlanBuildingAssociationVisitationStrategy -  Starting root collection : bloodbank.entity.Person.contacts
2021-11-19T10:24:03,644|[DEBUG] QuerySpacesImpl - Adding QuerySpace : uid = <gen:0> -> org.hibernate.loader.plan.build.internal.spaces.CollectionQuerySpaceImpl@31f4fdc5]
2021-11-19T10:24:03,644|[DEBUG] QuerySpacesImpl - Adding QuerySpace : uid = <gen:1> -> org.hibernate.loader.plan.build.internal.spaces.EntityQuerySpaceImpl@64e680c5]
2021-11-19T10:24:03,644|[DEBUG] QuerySpacesImpl - Adding QuerySpace : uid = <gen:1>-id -> org.hibernate.loader.plan.build.internal.spaces.CompositeQuerySpaceImpl@1dcf5f38]
2021-11-19T10:24:03,644|[TRACE] AbstractLoadPlanBuildingAssociationVisitationStrategy - Pushing collection reference to stack : org.hibernate.loader.plan.build.internal.returns.CollectionReturnImpl@64ba5a71
2021-11-19T10:24:03,644|[TRACE] AbstractLoadPlanBuildingAssociationVisitationStrategy -  Registering AssociationKey : AssociationKey(table=contact, columns={person_id}) -> null
2021-11-19T10:24:03,644|[TRACE] AbstractLoadPlanBuildingAssociationVisitationStrategy -  Starting collection element graph : bloodbank.entity.Person.contacts
2021-11-19T10:24:03,644|[TRACE] AbstractLoadPlanBuildingAssociationVisitationStrategy - Pushing fetch source to stack : org.hibernate.loader.plan.build.internal.returns.CollectionFetchableElementEntityGraph@72b689f6
2021-11-19T10:24:03,644|[TRACE] AbstractLoadPlanBuildingAssociationVisitationStrategy - >> Starting entity identifier : bloodbank.entity.Contact
2021-11-19T10:24:03,645|[TRACE] AbstractLoadPlanBuildingAssociationVisitationStrategy - Pushing fetch source to stack : org.hibernate.loader.plan.build.internal.returns.EncapsulatedEntityIdentifierDescription@2286dfcd
2021-11-19T10:24:03,645|[TRACE] AbstractLoadPlanBuildingAssociationVisitationStrategy - >>>> Starting composite : id
2021-11-19T10:24:03,645|[DEBUG] MetamodelGraphWalker - Visiting attribute path : personId
2021-11-19T10:24:03,645|[TRACE] AbstractLoadPlanBuildingAssociationVisitationStrategy - >>>> Starting attribute org.hibernate.persister.walking.internal.CompositionSingularSubAttributesHelper$1$1$3@4557723a
2021-11-19T10:24:03,645|[TRACE] AbstractLoadPlanBuildingAssociationVisitationStrategy - <<<< Finishing up attribute : org.hibernate.persister.walking.internal.CompositionSingularSubAttributesHelper$1$1$3@4557723a
2021-11-19T10:24:03,645|[DEBUG] MetamodelGraphWalker - Visiting attribute path : phoneId
2021-11-19T10:24:03,645|[TRACE] AbstractLoadPlanBuildingAssociationVisitationStrategy - >>>> Starting attribute org.hibernate.persister.walking.internal.CompositionSingularSubAttributesHelper$1$1$3@7308d133
2021-11-19T10:24:03,645|[TRACE] AbstractLoadPlanBuildingAssociationVisitationStrategy - <<<< Finishing up attribute : org.hibernate.persister.walking.internal.CompositionSingularSubAttributesHelper$1$1$3@7308d133
2021-11-19T10:24:03,645|[TRACE] AbstractLoadPlanBuildingAssociationVisitationStrategy - <<<< Finishing composite : id
2021-11-19T10:24:03,645|[TRACE] AbstractLoadPlanBuildingAssociationVisitationStrategy - Popped fetch owner from stack : org.hibernate.loader.plan.build.internal.returns.EncapsulatedEntityIdentifierDescription@2286dfcd
2021-11-19T10:24:03,645|[TRACE] AbstractLoadPlanBuildingAssociationVisitationStrategy - << Finished entity identifier : bloodbank.entity.Contact
2021-11-19T10:24:03,670|[DEBUG] MetamodelGraphWalker - Visiting attribute path : epochCreated
2021-11-19T10:24:03,670|[TRACE] AbstractLoadPlanBuildingAssociationVisitationStrategy - >> Starting attribute Attribute(name=epochCreated, type=long [non-identifier])
2021-11-19T10:24:03,670|[TRACE] AbstractLoadPlanBuildingAssociationVisitationStrategy - << Finishing up attribute : Attribute(name=epochCreated, type=long [non-identifier])
2021-11-19T10:24:03,670|[DEBUG] MetamodelGraphWalker - Visiting attribute path : epochUpdated
2021-11-19T10:24:03,670|[TRACE] AbstractLoadPlanBuildingAssociationVisitationStrategy - >> Starting attribute Attribute(name=epochUpdated, type=long [non-identifier])
2021-11-19T10:24:03,670|[TRACE] AbstractLoadPlanBuildingAssociationVisitationStrategy - << Finishing up attribute : Attribute(name=epochUpdated, type=long [non-identifier])
2021-11-19T10:24:03,670|[DEBUG] MetamodelGraphWalker - Visiting attribute path : version
2021-11-19T10:24:03,670|[TRACE] AbstractLoadPlanBuildingAssociationVisitationStrategy - >> Starting attribute Attribute(name=version, type=integer [non-identifier])
2021-11-19T10:24:03,670|[TRACE] AbstractLoadPlanBuildingAssociationVisitationStrategy - << Finishing up attribute : Attribute(name=version, type=integer [non-identifier])
2021-11-19T10:24:03,670|[DEBUG] MetamodelGraphWalker - Visiting attribute path : address
2021-11-19T10:24:03,670|[TRACE] AbstractLoadPlanBuildingAssociationVisitationStrategy - >> Starting attribute Attribute(name=address, type=bloodbank.entity.Address [non-identifier,association])
2021-11-19T10:24:03,670|[DEBUG] QuerySpacesImpl - Adding QuerySpace : uid = <gen:2> -> org.hibernate.loader.plan.build.internal.spaces.EntityQuerySpaceImpl@35b70f9d]
2021-11-19T10:24:03,670|[TRACE] AbstractLoadPlanBuildingAssociationVisitationStrategy - << Finishing up attribute : Attribute(name=address, type=bloodbank.entity.Address [non-identifier,association])
2021-11-19T10:24:03,670|[DEBUG] MetamodelGraphWalker - Visiting attribute path : contactType
2021-11-19T10:24:03,670|[TRACE] AbstractLoadPlanBuildingAssociationVisitationStrategy - >> Starting attribute Attribute(name=contactType, type=string [non-identifier])
2021-11-19T10:24:03,670|[TRACE] AbstractLoadPlanBuildingAssociationVisitationStrategy - << Finishing up attribute : Attribute(name=contactType, type=string [non-identifier])
2021-11-19T10:24:03,670|[DEBUG] MetamodelGraphWalker - Visiting attribute path : email
2021-11-19T10:24:03,670|[TRACE] AbstractLoadPlanBuildingAssociationVisitationStrategy - >> Starting attribute Attribute(name=email, type=string [non-identifier])
2021-11-19T10:24:03,670|[TRACE] AbstractLoadPlanBuildingAssociationVisitationStrategy - << Finishing up attribute : Attribute(name=email, type=string [non-identifier])
2021-11-19T10:24:03,670|[DEBUG] MetamodelGraphWalker - Visiting attribute path : owner
2021-11-19T10:24:03,670|[DEBUG] MetamodelGraphWalker - Property path deemed to be circular : owner
2021-11-19T10:24:03,670|[DEBUG] MetamodelGraphWalker - Visiting attribute path : phone
2021-11-19T10:24:03,670|[TRACE] AbstractLoadPlanBuildingAssociationVisitationStrategy - >> Starting attribute Attribute(name=phone, type=bloodbank.entity.Phone [non-identifier,association])
2021-11-19T10:24:03,670|[DEBUG] QuerySpacesImpl - Adding QuerySpace : uid = <gen:3> -> org.hibernate.loader.plan.build.internal.spaces.EntityQuerySpaceImpl@21dbd651]
2021-11-19T10:24:03,670|[TRACE] AbstractLoadPlanBuildingAssociationVisitationStrategy - << Finishing up attribute : Attribute(name=phone, type=bloodbank.entity.Phone [non-identifier,association])
2021-11-19T10:24:03,670|[TRACE] AbstractLoadPlanBuildingAssociationVisitationStrategy - Popped fetch owner from stack : org.hibernate.loader.plan.build.internal.returns.CollectionFetchableElementEntityGraph@72b689f6
2021-11-19T10:24:03,670|[TRACE] AbstractLoadPlanBuildingAssociationVisitationStrategy -  Finished collection element graph : bloodbank.entity.Person.contacts
2021-11-19T10:24:03,670|[TRACE] AbstractLoadPlanBuildingAssociationVisitationStrategy - Popped collection reference from stack : org.hibernate.loader.plan.build.internal.returns.CollectionReturnImpl@64ba5a71
2021-11-19T10:24:03,670|[TRACE] AbstractLoadPlanBuildingAssociationVisitationStrategy -  Finished root collection : bloodbank.entity.Person.contacts
2021-11-19T10:24:03,670|[DEBUG] FetchStyleLoadPlanBuildingAssociationVisitationStrategy - Building LoadPlan...
2021-11-19T10:24:03,670|[DEBUG] LoadQueryJoinAndFetchProcessor - processing queryspace <gen:0>
2021-11-19T10:24:03,670|[DEBUG] LoadPlanTreePrinter - LoadPlan(collection=bloodbank.entity.Person.contacts)
    - Returns
       - CollectionReturnImpl(collection=bloodbank.entity.Person.contacts, querySpaceUid=<gen:0>, path=[bloodbank.entity.Person.contacts])
          - (collection element) CollectionFetchableElementEntityGraph(entity=bloodbank.entity.Contact, querySpaceUid=<gen:1>, path=[bloodbank.entity.Person.contacts].<elements>)
             - EntityAttributeFetchImpl(entity=bloodbank.entity.Address, querySpaceUid=<gen:2>, path=[bloodbank.entity.Person.contacts].<elements>.address)
             - EntityAttributeFetchImpl(entity=bloodbank.entity.Phone, querySpaceUid=<gen:3>, path=[bloodbank.entity.Person.contacts].<elements>.phone)
    - QuerySpaces
       - CollectionQuerySpaceImpl(uid=<gen:0>, collection=bloodbank.entity.Person.contacts)
          - SQL table alias mapping - contacts0_
          - alias suffix - 0_
          - suffixed key columns - {person_i1_3_0_}
          - entity-element alias suffix - 1_
          - 1_entity-element suffixed key columns - person_i1_3_1_, phone_id2_3_1_
          - JOIN (JoinDefinedByMetadata(elements)) : <gen:0> -> <gen:1>
             - EntityQuerySpaceImpl(uid=<gen:1>, entity=bloodbank.entity.Contact)
                - SQL table alias mapping - contacts0_
                - alias suffix - 1_
                - suffixed key columns - {person_i1_3_1_, phone_id2_3_1_}
                - JOIN (JoinDefinedByMetadata(id)) : <gen:1> -> <gen:1>-id
                   - CompositeQuerySpaceImpl(uid=<gen:1>-id)
                      - SQL table alias mapping - contacts0_

2021-11-19T10:24:03,671|[DEBUG] CollectionLoader - Static select for collection bloodbank.entity.Person.contacts: select contacts0_.person_id as person_i1_3_0_, contacts0_.phone_id as phone_id2_3_0_, contacts0_.person_id as person_i1_3_1_, contacts0_.phone_id as phone_id2_3_1_, contacts0_.created as created3_3_1_, contacts0_.updated as updated4_3_1_, contacts0_.version as version5_3_1_, contacts0_.address_id as address_8_3_1_, contacts0_.contact_type as contact_6_3_1_, contacts0_.email as email7_3_1_ from contact contacts0_ where contacts0_.person_id=?
2021-11-19T10:24:03,671|[TRACE] AbstractLoadPlanBuildingAssociationVisitationStrategy -  Starting root collection : bloodbank.entity.Phone.contacts
2021-11-19T10:24:03,671|[DEBUG] QuerySpacesImpl - Adding QuerySpace : uid = <gen:0> -> org.hibernate.loader.plan.build.internal.spaces.CollectionQuerySpaceImpl@5f63a6f2]
2021-11-19T10:24:03,671|[DEBUG] QuerySpacesImpl - Adding QuerySpace : uid = <gen:1> -> org.hibernate.loader.plan.build.internal.spaces.EntityQuerySpaceImpl@6a577564]
2021-11-19T10:24:03,671|[DEBUG] QuerySpacesImpl - Adding QuerySpace : uid = <gen:1>-id -> org.hibernate.loader.plan.build.internal.spaces.CompositeQuerySpaceImpl@67915454]
2021-11-19T10:24:03,671|[TRACE] AbstractLoadPlanBuildingAssociationVisitationStrategy - Pushing collection reference to stack : org.hibernate.loader.plan.build.internal.returns.CollectionReturnImpl@18876fa9
2021-11-19T10:24:03,671|[TRACE] AbstractLoadPlanBuildingAssociationVisitationStrategy -  Registering AssociationKey : AssociationKey(table=contact, columns={phone_id}) -> null
2021-11-19T10:24:03,671|[TRACE] AbstractLoadPlanBuildingAssociationVisitationStrategy -  Starting collection element graph : bloodbank.entity.Phone.contacts
2021-11-19T10:24:03,671|[TRACE] AbstractLoadPlanBuildingAssociationVisitationStrategy - Pushing fetch source to stack : org.hibernate.loader.plan.build.internal.returns.CollectionFetchableElementEntityGraph@5a110e7d
2021-11-19T10:24:03,671|[TRACE] AbstractLoadPlanBuildingAssociationVisitationStrategy - >> Starting entity identifier : bloodbank.entity.Contact
2021-11-19T10:24:03,671|[TRACE] AbstractLoadPlanBuildingAssociationVisitationStrategy - Pushing fetch source to stack : org.hibernate.loader.plan.build.internal.returns.EncapsulatedEntityIdentifierDescription@b3cbc0e
2021-11-19T10:24:03,671|[TRACE] AbstractLoadPlanBuildingAssociationVisitationStrategy - >>>> Starting composite : id
2021-11-19T10:24:03,671|[DEBUG] MetamodelGraphWalker - Visiting attribute path : personId
2021-11-19T10:24:03,671|[TRACE] AbstractLoadPlanBuildingAssociationVisitationStrategy - >>>> Starting attribute org.hibernate.persister.walking.internal.CompositionSingularSubAttributesHelper$1$1$3@66e27ac9
2021-11-19T10:24:03,671|[TRACE] AbstractLoadPlanBuildingAssociationVisitationStrategy - <<<< Finishing up attribute : org.hibernate.persister.walking.internal.CompositionSingularSubAttributesHelper$1$1$3@66e27ac9
2021-11-19T10:24:03,671|[DEBUG] MetamodelGraphWalker - Visiting attribute path : phoneId
2021-11-19T10:24:03,671|[TRACE] AbstractLoadPlanBuildingAssociationVisitationStrategy - >>>> Starting attribute org.hibernate.persister.walking.internal.CompositionSingularSubAttributesHelper$1$1$3@453bbb9b
2021-11-19T10:24:03,671|[TRACE] AbstractLoadPlanBuildingAssociationVisitationStrategy - <<<< Finishing up attribute : org.hibernate.persister.walking.internal.CompositionSingularSubAttributesHelper$1$1$3@453bbb9b
2021-11-19T10:24:03,671|[TRACE] AbstractLoadPlanBuildingAssociationVisitationStrategy - <<<< Finishing composite : id
2021-11-19T10:24:03,671|[TRACE] AbstractLoadPlanBuildingAssociationVisitationStrategy - Popped fetch owner from stack : org.hibernate.loader.plan.build.internal.returns.EncapsulatedEntityIdentifierDescription@b3cbc0e
2021-11-19T10:24:03,671|[TRACE] AbstractLoadPlanBuildingAssociationVisitationStrategy - << Finished entity identifier : bloodbank.entity.Contact
2021-11-19T10:24:03,671|[DEBUG] MetamodelGraphWalker - Visiting attribute path : epochCreated
2021-11-19T10:24:03,671|[TRACE] AbstractLoadPlanBuildingAssociationVisitationStrategy - >> Starting attribute Attribute(name=epochCreated, type=long [non-identifier])
2021-11-19T10:24:03,671|[TRACE] AbstractLoadPlanBuildingAssociationVisitationStrategy - << Finishing up attribute : Attribute(name=epochCreated, type=long [non-identifier])
2021-11-19T10:24:03,671|[DEBUG] MetamodelGraphWalker - Visiting attribute path : epochUpdated
2021-11-19T10:24:03,671|[TRACE] AbstractLoadPlanBuildingAssociationVisitationStrategy - >> Starting attribute Attribute(name=epochUpdated, type=long [non-identifier])
2021-11-19T10:24:03,671|[TRACE] AbstractLoadPlanBuildingAssociationVisitationStrategy - << Finishing up attribute : Attribute(name=epochUpdated, type=long [non-identifier])
2021-11-19T10:24:03,671|[DEBUG] MetamodelGraphWalker - Visiting attribute path : version
2021-11-19T10:24:03,671|[TRACE] AbstractLoadPlanBuildingAssociationVisitationStrategy - >> Starting attribute Attribute(name=version, type=integer [non-identifier])
2021-11-19T10:24:03,671|[TRACE] AbstractLoadPlanBuildingAssociationVisitationStrategy - << Finishing up attribute : Attribute(name=version, type=integer [non-identifier])
2021-11-19T10:24:03,671|[DEBUG] MetamodelGraphWalker - Visiting attribute path : address
2021-11-19T10:24:03,671|[TRACE] AbstractLoadPlanBuildingAssociationVisitationStrategy - >> Starting attribute Attribute(name=address, type=bloodbank.entity.Address [non-identifier,association])
2021-11-19T10:24:03,671|[DEBUG] QuerySpacesImpl - Adding QuerySpace : uid = <gen:2> -> org.hibernate.loader.plan.build.internal.spaces.EntityQuerySpaceImpl@170b27a7]
2021-11-19T10:24:03,671|[TRACE] AbstractLoadPlanBuildingAssociationVisitationStrategy - << Finishing up attribute : Attribute(name=address, type=bloodbank.entity.Address [non-identifier,association])
2021-11-19T10:24:03,671|[DEBUG] MetamodelGraphWalker - Visiting attribute path : contactType
2021-11-19T10:24:03,671|[TRACE] AbstractLoadPlanBuildingAssociationVisitationStrategy - >> Starting attribute Attribute(name=contactType, type=string [non-identifier])
2021-11-19T10:24:03,671|[TRACE] AbstractLoadPlanBuildingAssociationVisitationStrategy - << Finishing up attribute : Attribute(name=contactType, type=string [non-identifier])
2021-11-19T10:24:03,671|[DEBUG] MetamodelGraphWalker - Visiting attribute path : email
2021-11-19T10:24:03,671|[TRACE] AbstractLoadPlanBuildingAssociationVisitationStrategy - >> Starting attribute Attribute(name=email, type=string [non-identifier])
2021-11-19T10:24:03,671|[TRACE] AbstractLoadPlanBuildingAssociationVisitationStrategy - << Finishing up attribute : Attribute(name=email, type=string [non-identifier])
2021-11-19T10:24:03,671|[DEBUG] MetamodelGraphWalker - Visiting attribute path : owner
2021-11-19T10:24:03,671|[TRACE] AbstractLoadPlanBuildingAssociationVisitationStrategy - >> Starting attribute Attribute(name=owner, type=bloodbank.entity.Person [non-identifier,association])
2021-11-19T10:24:03,671|[DEBUG] QuerySpacesImpl - Adding QuerySpace : uid = <gen:3> -> org.hibernate.loader.plan.build.internal.spaces.EntityQuerySpaceImpl@79392584]
2021-11-19T10:24:03,671|[TRACE] AbstractLoadPlanBuildingAssociationVisitationStrategy - << Finishing up attribute : Attribute(name=owner, type=bloodbank.entity.Person [non-identifier,association])
2021-11-19T10:24:03,671|[DEBUG] MetamodelGraphWalker - Visiting attribute path : phone
2021-11-19T10:24:03,671|[DEBUG] MetamodelGraphWalker - Property path deemed to be circular : phone
2021-11-19T10:24:03,671|[TRACE] AbstractLoadPlanBuildingAssociationVisitationStrategy - Popped fetch owner from stack : org.hibernate.loader.plan.build.internal.returns.CollectionFetchableElementEntityGraph@5a110e7d
2021-11-19T10:24:03,671|[TRACE] AbstractLoadPlanBuildingAssociationVisitationStrategy -  Finished collection element graph : bloodbank.entity.Phone.contacts
2021-11-19T10:24:03,671|[TRACE] AbstractLoadPlanBuildingAssociationVisitationStrategy - Popped collection reference from stack : org.hibernate.loader.plan.build.internal.returns.CollectionReturnImpl@18876fa9
2021-11-19T10:24:03,671|[TRACE] AbstractLoadPlanBuildingAssociationVisitationStrategy -  Finished root collection : bloodbank.entity.Phone.contacts
2021-11-19T10:24:03,671|[DEBUG] FetchStyleLoadPlanBuildingAssociationVisitationStrategy - Building LoadPlan...
2021-11-19T10:24:03,671|[DEBUG] LoadQueryJoinAndFetchProcessor - processing queryspace <gen:0>
2021-11-19T10:24:03,671|[DEBUG] LoadPlanTreePrinter - LoadPlan(collection=bloodbank.entity.Phone.contacts)
    - Returns
       - CollectionReturnImpl(collection=bloodbank.entity.Phone.contacts, querySpaceUid=<gen:0>, path=[bloodbank.entity.Phone.contacts])
          - (collection element) CollectionFetchableElementEntityGraph(entity=bloodbank.entity.Contact, querySpaceUid=<gen:1>, path=[bloodbank.entity.Phone.contacts].<elements>)
             - EntityAttributeFetchImpl(entity=bloodbank.entity.Address, querySpaceUid=<gen:2>, path=[bloodbank.entity.Phone.contacts].<elements>.address)
             - EntityAttributeFetchImpl(entity=bloodbank.entity.Person, querySpaceUid=<gen:3>, path=[bloodbank.entity.Phone.contacts].<elements>.owner)
    - QuerySpaces
       - CollectionQuerySpaceImpl(uid=<gen:0>, collection=bloodbank.entity.Phone.contacts)
          - SQL table alias mapping - contacts0_
          - alias suffix - 0_
          - suffixed key columns - {phone_id2_3_0_}
          - entity-element alias suffix - 1_
          - 1_entity-element suffixed key columns - person_i1_3_1_, phone_id2_3_1_
          - JOIN (JoinDefinedByMetadata(elements)) : <gen:0> -> <gen:1>
             - EntityQuerySpaceImpl(uid=<gen:1>, entity=bloodbank.entity.Contact)
                - SQL table alias mapping - contacts0_
                - alias suffix - 1_
                - suffixed key columns - {person_i1_3_1_, phone_id2_3_1_}
                - JOIN (JoinDefinedByMetadata(id)) : <gen:1> -> <gen:1>-id
                   - CompositeQuerySpaceImpl(uid=<gen:1>-id)
                      - SQL table alias mapping - contacts0_

2021-11-19T10:24:03,671|[DEBUG] CollectionLoader - Static select for collection bloodbank.entity.Phone.contacts: select contacts0_.phone_id as phone_id2_3_0_, contacts0_.person_id as person_i1_3_0_, contacts0_.person_id as person_i1_3_1_, contacts0_.phone_id as phone_id2_3_1_, contacts0_.created as created3_3_1_, contacts0_.updated as updated4_3_1_, contacts0_.version as version5_3_1_, contacts0_.address_id as address_8_3_1_, contacts0_.contact_type as contact_6_3_1_, contacts0_.email as email7_3_1_ from contact contacts0_ where contacts0_.phone_id=?
2021-11-19T10:24:03,671|[TRACE] AbstractLoadPlanBuildingAssociationVisitationStrategy -  Starting root collection : bloodbank.entity.BloodBank.donations
2021-11-19T10:24:03,671|[DEBUG] QuerySpacesImpl - Adding QuerySpace : uid = <gen:0> -> org.hibernate.loader.plan.build.internal.spaces.CollectionQuerySpaceImpl@cf82c58]
2021-11-19T10:24:03,671|[DEBUG] QuerySpacesImpl - Adding QuerySpace : uid = <gen:1> -> org.hibernate.loader.plan.build.internal.spaces.EntityQuerySpaceImpl@1407b93f]
2021-11-19T10:24:03,671|[TRACE] AbstractLoadPlanBuildingAssociationVisitationStrategy - Pushing collection reference to stack : org.hibernate.loader.plan.build.internal.returns.CollectionReturnImpl@5aff8207
2021-11-19T10:24:03,671|[TRACE] AbstractLoadPlanBuildingAssociationVisitationStrategy -  Registering AssociationKey : AssociationKey(table=blood_donation, columns={bank_id}) -> null
2021-11-19T10:24:03,671|[TRACE] AbstractLoadPlanBuildingAssociationVisitationStrategy -  Starting collection element graph : bloodbank.entity.BloodBank.donations
2021-11-19T10:24:03,671|[TRACE] AbstractLoadPlanBuildingAssociationVisitationStrategy - Pushing fetch source to stack : org.hibernate.loader.plan.build.internal.returns.CollectionFetchableElementEntityGraph@6a5a99d9
2021-11-19T10:24:03,671|[TRACE] AbstractLoadPlanBuildingAssociationVisitationStrategy - >> Starting entity identifier : bloodbank.entity.BloodDonation
2021-11-19T10:24:03,671|[DEBUG] MetamodelGraphWalker - Visiting attribute path : epochCreated
2021-11-19T10:24:03,671|[TRACE] AbstractLoadPlanBuildingAssociationVisitationStrategy - >> Starting attribute Attribute(name=epochCreated, type=long [non-identifier])
2021-11-19T10:24:03,671|[TRACE] AbstractLoadPlanBuildingAssociationVisitationStrategy - << Finishing up attribute : Attribute(name=epochCreated, type=long [non-identifier])
2021-11-19T10:24:03,671|[DEBUG] MetamodelGraphWalker - Visiting attribute path : epochUpdated
2021-11-19T10:24:03,671|[TRACE] AbstractLoadPlanBuildingAssociationVisitationStrategy - >> Starting attribute Attribute(name=epochUpdated, type=long [non-identifier])
2021-11-19T10:24:03,671|[TRACE] AbstractLoadPlanBuildingAssociationVisitationStrategy - << Finishing up attribute : Attribute(name=epochUpdated, type=long [non-identifier])
2021-11-19T10:24:03,671|[DEBUG] MetamodelGraphWalker - Visiting attribute path : version
2021-11-19T10:24:03,672|[TRACE] AbstractLoadPlanBuildingAssociationVisitationStrategy - >> Starting attribute Attribute(name=version, type=integer [non-identifier])
2021-11-19T10:24:03,672|[TRACE] AbstractLoadPlanBuildingAssociationVisitationStrategy - << Finishing up attribute : Attribute(name=version, type=integer [non-identifier])
2021-11-19T10:24:03,672|[DEBUG] MetamodelGraphWalker - Visiting attribute path : bank
2021-11-19T10:24:03,672|[DEBUG] MetamodelGraphWalker - Property path deemed to be circular : bank
2021-11-19T10:24:03,672|[DEBUG] MetamodelGraphWalker - Visiting attribute path : bloodType
2021-11-19T10:24:03,672|[TRACE] AbstractLoadPlanBuildingAssociationVisitationStrategy - >> Starting attribute Attribute(name=bloodType, type=component[bloodGroup,rhd] [non-identifier,composition])
2021-11-19T10:24:03,672|[DEBUG] QuerySpacesImpl - Adding QuerySpace : uid = <gen:2> -> org.hibernate.loader.plan.build.internal.spaces.CompositeQuerySpaceImpl@278df226]
2021-11-19T10:24:03,672|[TRACE] AbstractLoadPlanBuildingAssociationVisitationStrategy - Pushing fetch source to stack : org.hibernate.loader.plan.build.internal.returns.CompositeAttributeFetchImpl@eea69a9
2021-11-19T10:24:03,672|[TRACE] AbstractLoadPlanBuildingAssociationVisitationStrategy - >>>> Starting composite : bloodType
2021-11-19T10:24:03,672|[DEBUG] MetamodelGraphWalker - Visiting attribute path : bloodType.bloodGroup
2021-11-19T10:24:03,672|[TRACE] AbstractLoadPlanBuildingAssociationVisitationStrategy - >>>> Starting attribute Attribute(name=bloodGroup, type=string [non-identifier])
2021-11-19T10:24:03,672|[TRACE] AbstractLoadPlanBuildingAssociationVisitationStrategy - <<<< Finishing up attribute : Attribute(name=bloodGroup, type=string [non-identifier])
2021-11-19T10:24:03,672|[DEBUG] MetamodelGraphWalker - Visiting attribute path : bloodType.rhd
2021-11-19T10:24:03,672|[TRACE] AbstractLoadPlanBuildingAssociationVisitationStrategy - >>>> Starting attribute Attribute(name=rhd, type=byte [non-identifier])
2021-11-19T10:24:03,672|[TRACE] AbstractLoadPlanBuildingAssociationVisitationStrategy - <<<< Finishing up attribute : Attribute(name=rhd, type=byte [non-identifier])
2021-11-19T10:24:03,672|[TRACE] AbstractLoadPlanBuildingAssociationVisitationStrategy - <<<< Finishing composite : bloodType
2021-11-19T10:24:03,672|[TRACE] AbstractLoadPlanBuildingAssociationVisitationStrategy - Popped fetch owner from stack : org.hibernate.loader.plan.build.internal.returns.CompositeAttributeFetchImpl@eea69a9
2021-11-19T10:24:03,672|[TRACE] AbstractLoadPlanBuildingAssociationVisitationStrategy - << Finishing up attribute : Attribute(name=bloodType, type=component[bloodGroup,rhd] [non-identifier,composition])
2021-11-19T10:24:03,672|[DEBUG] MetamodelGraphWalker - Visiting attribute path : milliliters
2021-11-19T10:24:03,672|[TRACE] AbstractLoadPlanBuildingAssociationVisitationStrategy - >> Starting attribute Attribute(name=milliliters, type=integer [non-identifier])
2021-11-19T10:24:03,672|[TRACE] AbstractLoadPlanBuildingAssociationVisitationStrategy - << Finishing up attribute : Attribute(name=milliliters, type=integer [non-identifier])
2021-11-19T10:24:03,672|[DEBUG] MetamodelGraphWalker - Visiting attribute path : record
2021-11-19T10:24:03,672|[TRACE] AbstractLoadPlanBuildingAssociationVisitationStrategy - >> Starting attribute Attribute(name=record, type=bloodbank.entity.DonationRecord [non-identifier,association])
2021-11-19T10:24:03,672|[DEBUG] QuerySpacesImpl - Adding QuerySpace : uid = <gen:3> -> org.hibernate.loader.plan.build.internal.spaces.EntityQuerySpaceImpl@28a33dc9]
2021-11-19T10:24:03,672|[TRACE] AbstractLoadPlanBuildingAssociationVisitationStrategy - << Finishing up attribute : Attribute(name=record, type=bloodbank.entity.DonationRecord [non-identifier,association])
2021-11-19T10:24:03,672|[TRACE] AbstractLoadPlanBuildingAssociationVisitationStrategy - Popped fetch owner from stack : org.hibernate.loader.plan.build.internal.returns.CollectionFetchableElementEntityGraph@6a5a99d9
2021-11-19T10:24:03,672|[TRACE] AbstractLoadPlanBuildingAssociationVisitationStrategy -  Finished collection element graph : bloodbank.entity.BloodBank.donations
2021-11-19T10:24:03,672|[TRACE] AbstractLoadPlanBuildingAssociationVisitationStrategy - Popped collection reference from stack : org.hibernate.loader.plan.build.internal.returns.CollectionReturnImpl@5aff8207
2021-11-19T10:24:03,672|[TRACE] AbstractLoadPlanBuildingAssociationVisitationStrategy -  Finished root collection : bloodbank.entity.BloodBank.donations
2021-11-19T10:24:03,672|[DEBUG] FetchStyleLoadPlanBuildingAssociationVisitationStrategy - Building LoadPlan...
2021-11-19T10:24:03,672|[DEBUG] LoadQueryJoinAndFetchProcessor - processing queryspace <gen:0>
2021-11-19T10:24:03,672|[DEBUG] LoadPlanTreePrinter - LoadPlan(collection=bloodbank.entity.BloodBank.donations)
    - Returns
       - CollectionReturnImpl(collection=bloodbank.entity.BloodBank.donations, querySpaceUid=<gen:0>, path=[bloodbank.entity.BloodBank.donations])
          - (collection element) CollectionFetchableElementEntityGraph(entity=bloodbank.entity.BloodDonation, querySpaceUid=<gen:1>, path=[bloodbank.entity.BloodBank.donations].<elements>)
             - CompositeAttributeFetchImpl(composite=bloodbank.entity.BloodType, querySpaceUid=<gen:2>, path=[bloodbank.entity.BloodBank.donations].<elements>.bloodType)
             - EntityAttributeFetchImpl(entity=bloodbank.entity.DonationRecord, querySpaceUid=<gen:3>, path=[bloodbank.entity.BloodBank.donations].<elements>.record)
    - QuerySpaces
       - CollectionQuerySpaceImpl(uid=<gen:0>, collection=bloodbank.entity.BloodBank.donations)
          - SQL table alias mapping - donations0_
          - alias suffix - 0_
          - suffixed key columns - {bank_id8_2_0_}
          - entity-element alias suffix - 1_
          - 1_entity-element suffixed key columns - donation1_2_1_
          - JOIN (JoinDefinedByMetadata(elements)) : <gen:0> -> <gen:1>
             - EntityQuerySpaceImpl(uid=<gen:1>, entity=bloodbank.entity.BloodDonation)
                - SQL table alias mapping - donations0_
                - alias suffix - 1_
                - suffixed key columns - {donation1_2_1_}
                - JOIN (JoinDefinedByMetadata(bloodType)) : <gen:1> -> <gen:2>
                   - CompositeQuerySpaceImpl(uid=<gen:2>)
                      - SQL table alias mapping - donations0_

2021-11-19T10:24:03,672|[DEBUG] CollectionLoader - Static select for collection bloodbank.entity.BloodBank.donations: select donations0_.bank_id as bank_id8_2_0_, donations0_.donation_id as donation1_2_0_, donations0_.donation_id as donation1_2_1_, donations0_.created as created2_2_1_, donations0_.updated as updated3_2_1_, donations0_.version as version4_2_1_, donations0_.bank_id as bank_id8_2_1_, donations0_.blood_group as blood_gr5_2_1_, donations0_.rhd as rhd6_2_1_, donations0_.milliliters as millilit7_2_1_ from blood_donation donations0_ where donations0_.bank_id=?
2021-11-19T10:24:03,672|[TRACE] MetadataContext - Wrapping up metadata context...
2021-11-19T10:24:03,672|[TRACE] MetadataContext - Starting mapped superclass [bloodbank.entity.PojoBaseCompositeKey]
2021-11-19T10:24:03,672|[TRACE] AttributeFactory - Building version attribute [ownerType.getTypeName().property.getName()]
2021-11-19T10:24:03,672|[TRACE] AttributeFactory - Starting attribute metadata determination [version]
2021-11-19T10:24:03,672|[TRACE] AttributeFactory -     Determined member [protected int bloodbank.entity.PojoBaseCompositeKey.version]
2021-11-19T10:24:03,672|[TRACE] AttributeFactory -     Determined type [name=integer, class=org.hibernate.type.IntegerType]
2021-11-19T10:24:03,672|[TRACE] AttributeFactory - Building attribute [bloodbank.entity.PojoBaseCompositeKey.epochCreated]
2021-11-19T10:24:03,672|[TRACE] AttributeFactory - Starting attribute metadata determination [epochCreated]
2021-11-19T10:24:03,672|[TRACE] AttributeFactory -     Determined member [protected long bloodbank.entity.PojoBaseCompositeKey.epochCreated]
2021-11-19T10:24:03,672|[TRACE] AttributeFactory -     Determined type [name=long, class=org.hibernate.type.LongType]
2021-11-19T10:24:03,672|[TRACE] AttributeFactory - Building attribute [bloodbank.entity.PojoBaseCompositeKey.epochUpdated]
2021-11-19T10:24:03,672|[TRACE] AttributeFactory - Starting attribute metadata determination [epochUpdated]
2021-11-19T10:24:03,672|[TRACE] AttributeFactory -     Determined member [protected long bloodbank.entity.PojoBaseCompositeKey.epochUpdated]
2021-11-19T10:24:03,672|[TRACE] AttributeFactory -     Determined type [name=long, class=org.hibernate.type.LongType]
2021-11-19T10:24:03,672|[TRACE] MetadataContext - Completed mapped superclass [bloodbank.entity.PojoBaseCompositeKey]
2021-11-19T10:24:03,672|[TRACE] MetadataContext - Starting entity [bloodbank.entity.Contact]
2021-11-19T10:24:03,672|[TRACE] AttributeFactory - Building identifier attribute [Contact.id]
2021-11-19T10:24:03,672|[TRACE] AttributeFactory - Starting attribute metadata determination [id]
2021-11-19T10:24:03,672|[TRACE] AttributeFactory -     Determined member [private bloodbank.entity.ContactPK bloodbank.entity.Contact.id]
2021-11-19T10:24:03,672|[TRACE] AttributeFactory -     Determined type [name=component[personId,phoneId], class=org.hibernate.type.ComponentType]
2021-11-19T10:24:03,672|[TRACE] AttributeFactory - Building attribute [unknown.personId]
2021-11-19T10:24:03,672|[TRACE] AttributeFactory - Starting attribute metadata determination [personId]
2021-11-19T10:24:03,672|[TRACE] AttributeFactory -     Determined member [private int bloodbank.entity.ContactPK.personId]
2021-11-19T10:24:03,672|[TRACE] AttributeFactory -     Determined type [name=integer, class=org.hibernate.type.IntegerType]
2021-11-19T10:24:03,672|[TRACE] AttributeFactory - Building attribute [unknown.phoneId]
2021-11-19T10:24:03,672|[TRACE] AttributeFactory - Starting attribute metadata determination [phoneId]
2021-11-19T10:24:03,672|[TRACE] AttributeFactory -     Determined member [private int bloodbank.entity.ContactPK.phoneId]
2021-11-19T10:24:03,672|[TRACE] AttributeFactory -     Determined type [name=integer, class=org.hibernate.type.IntegerType]
2021-11-19T10:24:03,672|[TRACE] AttributeFactory - Building attribute [Contact.address]
2021-11-19T10:24:03,672|[TRACE] AttributeFactory - Starting attribute metadata determination [address]
2021-11-19T10:24:03,672|[TRACE] AttributeFactory -     Determined member [private bloodbank.entity.Address bloodbank.entity.Contact.address]
2021-11-19T10:24:03,672|[TRACE] AttributeFactory -     Determined type [name=bloodbank.entity.Address, class=org.hibernate.type.ManyToOneType]
2021-11-19T10:24:03,672|[TRACE] AttributeFactory - Building attribute [Contact.contactType]
2021-11-19T10:24:03,672|[TRACE] AttributeFactory - Starting attribute metadata determination [contactType]
2021-11-19T10:24:03,672|[TRACE] AttributeFactory -     Determined member [private java.lang.String bloodbank.entity.Contact.contactType]
2021-11-19T10:24:03,672|[TRACE] AttributeFactory -     Determined type [name=string, class=org.hibernate.type.StringType]
2021-11-19T10:24:03,672|[TRACE] AttributeFactory - Building attribute [Contact.email]
2021-11-19T10:24:03,672|[TRACE] AttributeFactory - Starting attribute metadata determination [email]
2021-11-19T10:24:03,672|[TRACE] AttributeFactory -     Determined member [private java.lang.String bloodbank.entity.Contact.email]
2021-11-19T10:24:03,672|[TRACE] AttributeFactory -     Determined type [name=string, class=org.hibernate.type.StringType]
2021-11-19T10:24:03,672|[TRACE] AttributeFactory - Building attribute [Contact.owner]
2021-11-19T10:24:03,672|[TRACE] AttributeFactory - Starting attribute metadata determination [owner]
2021-11-19T10:24:03,672|[TRACE] AttributeFactory -     Determined member [private bloodbank.entity.Person bloodbank.entity.Contact.owner]
2021-11-19T10:24:03,672|[TRACE] AttributeFactory -     Determined type [name=bloodbank.entity.Person, class=org.hibernate.type.ManyToOneType]
2021-11-19T10:24:03,673|[TRACE] AttributeFactory - Building attribute [Contact.phone]
2021-11-19T10:24:03,673|[TRACE] AttributeFactory - Starting attribute metadata determination [phone]
2021-11-19T10:24:03,673|[TRACE] AttributeFactory -     Determined member [private bloodbank.entity.Phone bloodbank.entity.Contact.phone]
2021-11-19T10:24:03,673|[TRACE] AttributeFactory -     Determined type [name=bloodbank.entity.Phone, class=org.hibernate.type.ManyToOneType]
2021-11-19T10:24:03,673|[TRACE] MetadataContext - Completed entity [bloodbank.entity.Contact]
2021-11-19T10:24:03,673|[TRACE] MetadataContext - Starting mapped superclass [bloodbank.entity.PojoBase]
2021-11-19T10:24:03,673|[TRACE] AttributeFactory - Building identifier attribute [bloodbank.entity.PojoBase.id]
2021-11-19T10:24:03,673|[TRACE] AttributeFactory - Starting attribute metadata determination [id]
2021-11-19T10:24:03,673|[TRACE] AttributeFactory -     Determined member [protected int bloodbank.entity.PojoBase.id]
2021-11-19T10:24:03,673|[TRACE] AttributeFactory -     Determined type [name=integer, class=org.hibernate.type.IntegerType]
2021-11-19T10:24:03,673|[TRACE] AttributeFactory - Building version attribute [ownerType.getTypeName().property.getName()]
2021-11-19T10:24:03,673|[TRACE] AttributeFactory - Starting attribute metadata determination [version]
2021-11-19T10:24:03,673|[TRACE] AttributeFactory -     Determined member [protected int bloodbank.entity.PojoBase.version]
2021-11-19T10:24:03,673|[TRACE] AttributeFactory -     Determined type [name=integer, class=org.hibernate.type.IntegerType]
2021-11-19T10:24:03,673|[TRACE] AttributeFactory - Building attribute [bloodbank.entity.PojoBase.epochCreated]
2021-11-19T10:24:03,673|[TRACE] AttributeFactory - Starting attribute metadata determination [epochCreated]
2021-11-19T10:24:03,673|[TRACE] AttributeFactory -     Determined member [protected long bloodbank.entity.PojoBase.epochCreated]
2021-11-19T10:24:03,673|[TRACE] AttributeFactory -     Determined type [name=long, class=org.hibernate.type.LongType]
2021-11-19T10:24:03,673|[TRACE] AttributeFactory - Building attribute [bloodbank.entity.PojoBase.epochUpdated]
2021-11-19T10:24:03,673|[TRACE] AttributeFactory - Starting attribute metadata determination [epochUpdated]
2021-11-19T10:24:03,673|[TRACE] AttributeFactory -     Determined member [protected long bloodbank.entity.PojoBase.epochUpdated]
2021-11-19T10:24:03,673|[TRACE] AttributeFactory -     Determined type [name=long, class=org.hibernate.type.LongType]
2021-11-19T10:24:03,673|[TRACE] AttributeFactory - Building attribute [bloodbank.entity.PojoBase.version]
2021-11-19T10:24:03,673|[TRACE] AttributeFactory - Starting attribute metadata determination [version]
2021-11-19T10:24:03,673|[TRACE] AttributeFactory -     Determined member [protected int bloodbank.entity.PojoBase.version]
2021-11-19T10:24:03,673|[TRACE] AttributeFactory -     Determined type [name=integer, class=org.hibernate.type.IntegerType]
2021-11-19T10:24:03,673|[TRACE] MetadataContext - Completed mapped superclass [bloodbank.entity.PojoBase]
2021-11-19T10:24:03,673|[TRACE] MetadataContext - Starting entity [bloodbank.entity.Phone]
2021-11-19T10:24:03,673|[TRACE] AttributeFactory - Building attribute [Phone.areaCode]
2021-11-19T10:24:03,673|[TRACE] AttributeFactory - Starting attribute metadata determination [areaCode]
2021-11-19T10:24:03,673|[TRACE] AttributeFactory -     Determined member [private java.lang.String bloodbank.entity.Phone.areaCode]
2021-11-19T10:24:03,673|[TRACE] AttributeFactory -     Determined type [name=string, class=org.hibernate.type.StringType]
2021-11-19T10:24:03,673|[TRACE] AttributeFactory - Building attribute [Phone.contacts]
2021-11-19T10:24:03,673|[TRACE] AttributeFactory - Starting attribute metadata determination [contacts]
2021-11-19T10:24:03,673|[TRACE] AttributeFactory -     Determined member [private java.util.Set bloodbank.entity.Phone.contacts]
2021-11-19T10:24:03,673|[TRACE] AttributeFactory -     Determined type [name=java.util.Set(bloodbank.entity.Phone.contacts), class=org.hibernate.type.SetType]
2021-11-19T10:24:03,673|[TRACE] AttributeFactory - Building attribute [Phone.countryCode]
2021-11-19T10:24:03,673|[TRACE] AttributeFactory - Starting attribute metadata determination [countryCode]
2021-11-19T10:24:03,673|[TRACE] AttributeFactory -     Determined member [private java.lang.String bloodbank.entity.Phone.countryCode]
2021-11-19T10:24:03,673|[TRACE] AttributeFactory -     Determined type [name=string, class=org.hibernate.type.StringType]
2021-11-19T10:24:03,673|[TRACE] AttributeFactory - Building attribute [Phone.number]
2021-11-19T10:24:03,673|[TRACE] AttributeFactory - Starting attribute metadata determination [number]
2021-11-19T10:24:03,673|[TRACE] AttributeFactory -     Determined member [private java.lang.String bloodbank.entity.Phone.number]
2021-11-19T10:24:03,673|[TRACE] AttributeFactory -     Determined type [name=string, class=org.hibernate.type.StringType]
2021-11-19T10:24:03,673|[TRACE] MetadataContext - Completed entity [bloodbank.entity.Phone]
2021-11-19T10:24:03,673|[TRACE] MetadataContext - Starting entity [bloodbank.entity.BloodDonation]
2021-11-19T10:24:03,673|[TRACE] AttributeFactory - Building attribute [BloodDonation.bank]
2021-11-19T10:24:03,673|[TRACE] AttributeFactory - Starting attribute metadata determination [bank]
2021-11-19T10:24:03,673|[TRACE] AttributeFactory -     Determined member [private bloodbank.entity.BloodBank bloodbank.entity.BloodDonation.bank]
2021-11-19T10:24:03,673|[TRACE] AttributeFactory -     Determined type [name=bloodbank.entity.BloodBank, class=org.hibernate.type.ManyToOneType]
2021-11-19T10:24:03,673|[TRACE] AttributeFactory - Building attribute [BloodDonation.bloodType]
2021-11-19T10:24:03,673|[TRACE] AttributeFactory - Starting attribute metadata determination [bloodType]
2021-11-19T10:24:03,673|[TRACE] AttributeFactory -     Determined member [private bloodbank.entity.BloodType bloodbank.entity.BloodDonation.bloodType]
2021-11-19T10:24:03,673|[TRACE] AttributeFactory -     Determined type [name=component[bloodGroup,rhd], class=org.hibernate.type.ComponentType]
2021-11-19T10:24:03,673|[TRACE] AttributeFactory - Building attribute [unknown.bloodGroup]
2021-11-19T10:24:03,673|[TRACE] AttributeFactory - Starting attribute metadata determination [bloodGroup]
2021-11-19T10:24:03,673|[TRACE] AttributeFactory -     Determined member [private java.lang.String bloodbank.entity.BloodType.bloodGroup]
2021-11-19T10:24:03,673|[TRACE] AttributeFactory -     Determined type [name=string, class=org.hibernate.type.StringType]
2021-11-19T10:24:03,673|[TRACE] AttributeFactory - Building attribute [unknown.rhd]
2021-11-19T10:24:03,673|[TRACE] AttributeFactory - Starting attribute metadata determination [rhd]
2021-11-19T10:24:03,673|[TRACE] AttributeFactory -     Determined member [private byte bloodbank.entity.BloodType.rhd]
2021-11-19T10:24:03,673|[TRACE] AttributeFactory -     Determined type [name=byte, class=org.hibernate.type.ByteType]
2021-11-19T10:24:03,707|[TRACE] AttributeFactory - Building attribute [BloodDonation.milliliters]
2021-11-19T10:24:03,707|[TRACE] AttributeFactory - Starting attribute metadata determination [milliliters]
2021-11-19T10:24:03,707|[TRACE] AttributeFactory -     Determined member [private int bloodbank.entity.BloodDonation.milliliters]
2021-11-19T10:24:03,707|[TRACE] AttributeFactory -     Determined type [name=integer, class=org.hibernate.type.IntegerType]
2021-11-19T10:24:03,707|[TRACE] AttributeFactory - Building attribute [BloodDonation.record]
2021-11-19T10:24:03,707|[TRACE] AttributeFactory - Starting attribute metadata determination [record]
2021-11-19T10:24:03,707|[TRACE] AttributeFactory -     Determined member [private bloodbank.entity.DonationRecord bloodbank.entity.BloodDonation.record]
2021-11-19T10:24:03,707|[TRACE] AttributeFactory -     Determined type [name=bloodbank.entity.DonationRecord, class=org.hibernate.type.OneToOneType]
2021-11-19T10:24:03,707|[TRACE] MetadataContext - Completed entity [bloodbank.entity.BloodDonation]
2021-11-19T10:24:03,707|[TRACE] MetadataContext - Starting entity [bloodbank.entity.BloodBank]
2021-11-19T10:24:03,707|[TRACE] AttributeFactory - Building attribute [BloodBank.donations]
2021-11-19T10:24:03,707|[TRACE] AttributeFactory - Starting attribute metadata determination [donations]
2021-11-19T10:24:03,707|[TRACE] AttributeFactory -     Determined member [private java.util.Set bloodbank.entity.BloodBank.donations]
2021-11-19T10:24:03,707|[TRACE] AttributeFactory -     Determined type [name=java.util.Set(bloodbank.entity.BloodBank.donations), class=org.hibernate.type.SetType]
2021-11-19T10:24:03,707|[TRACE] AttributeFactory - Building attribute [BloodBank.name]
2021-11-19T10:24:03,707|[TRACE] AttributeFactory - Starting attribute metadata determination [name]
2021-11-19T10:24:03,707|[TRACE] AttributeFactory -     Determined member [private java.lang.String bloodbank.entity.BloodBank.name]
2021-11-19T10:24:03,707|[TRACE] AttributeFactory -     Determined type [name=string, class=org.hibernate.type.StringType]
2021-11-19T10:24:03,707|[TRACE] MetadataContext - Completed entity [bloodbank.entity.BloodBank]
2021-11-19T10:24:03,707|[TRACE] MetadataContext - Starting entity [bloodbank.entity.PrivateBloodBank]
2021-11-19T10:24:03,707|[TRACE] MetadataContext - Completed entity [bloodbank.entity.PrivateBloodBank]
2021-11-19T10:24:03,707|[TRACE] MetadataContext - Starting entity [bloodbank.entity.DonationRecord]
2021-11-19T10:24:03,707|[TRACE] AttributeFactory - Building attribute [DonationRecord.donation]
2021-11-19T10:24:03,707|[TRACE] AttributeFactory - Starting attribute metadata determination [donation]
2021-11-19T10:24:03,707|[TRACE] AttributeFactory -     Determined member [private bloodbank.entity.BloodDonation bloodbank.entity.DonationRecord.donation]
2021-11-19T10:24:03,707|[TRACE] AttributeFactory -     Determined type [name=bloodbank.entity.BloodDonation, class=org.hibernate.type.ManyToOneType]
2021-11-19T10:24:03,707|[TRACE] AttributeFactory - Building attribute [DonationRecord.owner]
2021-11-19T10:24:03,707|[TRACE] AttributeFactory - Starting attribute metadata determination [owner]
2021-11-19T10:24:03,707|[TRACE] AttributeFactory -     Determined member [private bloodbank.entity.Person bloodbank.entity.DonationRecord.owner]
2021-11-19T10:24:03,707|[TRACE] AttributeFactory -     Determined type [name=bloodbank.entity.Person, class=org.hibernate.type.ManyToOneType]
2021-11-19T10:24:03,707|[TRACE] AttributeFactory - Building attribute [DonationRecord.tested]
2021-11-19T10:24:03,707|[TRACE] AttributeFactory - Starting attribute metadata determination [tested]
2021-11-19T10:24:03,707|[TRACE] AttributeFactory -     Determined member [private byte bloodbank.entity.DonationRecord.tested]
2021-11-19T10:24:03,707|[TRACE] AttributeFactory -     Determined type [name=byte, class=org.hibernate.type.ByteType]
2021-11-19T10:24:03,707|[TRACE] MetadataContext - Completed entity [bloodbank.entity.DonationRecord]
2021-11-19T10:24:03,707|[TRACE] MetadataContext - Starting entity [bloodbank.entity.Address]
2021-11-19T10:24:03,707|[TRACE] AttributeFactory - Building attribute [Address.city]
2021-11-19T10:24:03,707|[TRACE] AttributeFactory - Starting attribute metadata determination [city]
2021-11-19T10:24:03,707|[TRACE] AttributeFactory -     Determined member [private java.lang.String bloodbank.entity.Address.city]
2021-11-19T10:24:03,707|[TRACE] AttributeFactory -     Determined type [name=string, class=org.hibernate.type.StringType]
2021-11-19T10:24:03,707|[TRACE] AttributeFactory - Building attribute [Address.contacts]
2021-11-19T10:24:03,707|[TRACE] AttributeFactory - Starting attribute metadata determination [contacts]
2021-11-19T10:24:03,707|[TRACE] AttributeFactory -     Determined member [private java.util.Set bloodbank.entity.Address.contacts]
2021-11-19T10:24:03,707|[TRACE] AttributeFactory -     Determined type [name=java.util.Set(bloodbank.entity.Address.contacts), class=org.hibernate.type.SetType]
2021-11-19T10:24:03,707|[TRACE] AttributeFactory - Building attribute [Address.country]
2021-11-19T10:24:03,707|[TRACE] AttributeFactory - Starting attribute metadata determination [country]
2021-11-19T10:24:03,707|[TRACE] AttributeFactory -     Determined member [private java.lang.String bloodbank.entity.Address.country]
2021-11-19T10:24:03,707|[TRACE] AttributeFactory -     Determined type [name=string, class=org.hibernate.type.StringType]
2021-11-19T10:24:03,707|[TRACE] AttributeFactory - Building attribute [Address.province]
2021-11-19T10:24:03,707|[TRACE] AttributeFactory - Starting attribute metadata determination [province]
2021-11-19T10:24:03,707|[TRACE] AttributeFactory -     Determined member [private java.lang.String bloodbank.entity.Address.province]
2021-11-19T10:24:03,707|[TRACE] AttributeFactory -     Determined type [name=string, class=org.hibernate.type.StringType]
2021-11-19T10:24:03,707|[TRACE] AttributeFactory - Building attribute [Address.street]
2021-11-19T10:24:03,707|[TRACE] AttributeFactory - Starting attribute metadata determination [street]
2021-11-19T10:24:03,707|[TRACE] AttributeFactory -     Determined member [private java.lang.String bloodbank.entity.Address.street]
2021-11-19T10:24:03,707|[TRACE] AttributeFactory -     Determined type [name=string, class=org.hibernate.type.StringType]
2021-11-19T10:24:03,707|[TRACE] AttributeFactory - Building attribute [Address.streetNumber]
2021-11-19T10:24:03,707|[TRACE] AttributeFactory - Starting attribute metadata determination [streetNumber]
2021-11-19T10:24:03,707|[TRACE] AttributeFactory -     Determined member [private java.lang.String bloodbank.entity.Address.streetNumber]
2021-11-19T10:24:03,707|[TRACE] AttributeFactory -     Determined type [name=string, class=org.hibernate.type.StringType]
2021-11-19T10:24:03,707|[TRACE] AttributeFactory - Building attribute [Address.zipcode]
2021-11-19T10:24:03,707|[TRACE] AttributeFactory - Starting attribute metadata determination [zipcode]
2021-11-19T10:24:03,707|[TRACE] AttributeFactory -     Determined member [private java.lang.String bloodbank.entity.Address.zipcode]
2021-11-19T10:24:03,707|[TRACE] AttributeFactory -     Determined type [name=string, class=org.hibernate.type.StringType]
2021-11-19T10:24:03,707|[TRACE] MetadataContext - Completed entity [bloodbank.entity.Address]
2021-11-19T10:24:03,707|[TRACE] MetadataContext - Starting entity [bloodbank.entity.Person]
2021-11-19T10:24:03,707|[TRACE] AttributeFactory - Building attribute [Person.contacts]
2021-11-19T10:24:03,707|[TRACE] AttributeFactory - Starting attribute metadata determination [contacts]
2021-11-19T10:24:03,707|[TRACE] AttributeFactory -     Determined member [private java.util.Set bloodbank.entity.Person.contacts]
2021-11-19T10:24:03,707|[TRACE] AttributeFactory -     Determined type [name=java.util.Set(bloodbank.entity.Person.contacts), class=org.hibernate.type.SetType]
2021-11-19T10:24:03,707|[TRACE] AttributeFactory - Building attribute [Person.donations]
2021-11-19T10:24:03,707|[TRACE] AttributeFactory - Starting attribute metadata determination [donations]
2021-11-19T10:24:03,707|[TRACE] AttributeFactory -     Determined member [private java.util.Set bloodbank.entity.Person.donations]
2021-11-19T10:24:03,707|[TRACE] AttributeFactory -     Determined type [name=java.util.Set(bloodbank.entity.Person.donations), class=org.hibernate.type.SetType]
2021-11-19T10:24:03,707|[TRACE] AttributeFactory - Building attribute [Person.firstName]
2021-11-19T10:24:03,707|[TRACE] AttributeFactory - Starting attribute metadata determination [firstName]
2021-11-19T10:24:03,707|[TRACE] AttributeFactory -     Determined member [private java.lang.String bloodbank.entity.Person.firstName]
2021-11-19T10:24:03,707|[TRACE] AttributeFactory -     Determined type [name=string, class=org.hibernate.type.StringType]
2021-11-19T10:24:03,707|[TRACE] AttributeFactory - Building attribute [Person.lastName]
2021-11-19T10:24:03,707|[TRACE] AttributeFactory - Starting attribute metadata determination [lastName]
2021-11-19T10:24:03,707|[TRACE] AttributeFactory -     Determined member [private java.lang.String bloodbank.entity.Person.lastName]
2021-11-19T10:24:03,707|[TRACE] AttributeFactory -     Determined type [name=string, class=org.hibernate.type.StringType]
2021-11-19T10:24:03,707|[TRACE] MetadataContext - Completed entity [bloodbank.entity.Person]
2021-11-19T10:24:03,707|[TRACE] MetadataContext - Starting entity [bloodbank.entity.PublicBloodBank]
2021-11-19T10:24:03,707|[TRACE] MetadataContext - Completed entity [bloodbank.entity.PublicBloodBank]
2021-11-19T10:24:03,708|[TRACE] AbstractServiceRegistryImpl - Initializing service [role=org.hibernate.tool.schema.spi.SchemaManagementTool]
2021-11-19T10:24:03,708|[DEBUG] Helper - Attempting to resolve script source setting : META-INF/sql/bloodbank-drop.sql
2021-11-19T10:24:03,708|[TRACE] Helper - Trying as URL...
2021-11-19T10:24:03,708|[TRACE] AbstractServiceRegistryImpl - Initializing service [role=org.hibernate.tool.hbm2ddl.ImportSqlCommandExtractor]
2021-11-19T10:24:03,708|[INFO ] SchemaCreatorImpl - HHH000476: Executing import script 'file:/D:/Computer%20Programming/Level%204/CST8277_300%20Enterprise%20Application/Assignments/Assignment03/BloodBank-JPA-Mapping-JUnit-Skeleton/BloodBank-JPA-Mapping-JUnit-Skeleton/target/classes/META-INF/sql/bloodbank-drop.sql'
2021-11-19T10:24:03,708|[TRACE] graph - -> script
2021-11-19T10:24:03,708|[TRACE] graph - ---> blankSpacesToSkip
2021-11-19T10:24:03,708|[TRACE] graph - <--- blankSpacesToSkip
2021-11-19T10:24:03,708|[TRACE] graph - ---> statement
2021-11-19T10:24:03,708|[TRACE] graph - -----> statementFirstPart
2021-11-19T10:24:03,708|[TRACE] graph - -------> nonSkippedChar
2021-11-19T10:24:03,708|[TRACE] script - #out(`D`) [token]
2021-11-19T10:24:03,708|[TRACE] graph - <------- nonSkippedChar
2021-11-19T10:24:03,708|[TRACE] graph - <----- statementFirstPart
2021-11-19T10:24:03,708|[TRACE] graph - -----> statementPart
2021-11-19T10:24:03,708|[TRACE] graph - -------> nonSkippedChar
2021-11-19T10:24:03,708|[TRACE] script - #out(`R`) [token]
2021-11-19T10:24:03,708|[TRACE] graph - <------- nonSkippedChar
2021-11-19T10:24:03,708|[TRACE] graph - <----- statementPart
2021-11-19T10:24:03,708|[TRACE] graph - -----> statementPart
2021-11-19T10:24:03,708|[TRACE] graph - -------> nonSkippedChar
2021-11-19T10:24:03,708|[TRACE] script - #out(`O`) [token]
2021-11-19T10:24:03,708|[TRACE] graph - <------- nonSkippedChar
2021-11-19T10:24:03,708|[TRACE] graph - <----- statementPart
2021-11-19T10:24:03,708|[TRACE] graph - -----> statementPart
2021-11-19T10:24:03,708|[TRACE] graph - -------> nonSkippedChar
2021-11-19T10:24:03,708|[TRACE] script - #out(`P`) [token]
2021-11-19T10:24:03,708|[TRACE] graph - <------- nonSkippedChar
2021-11-19T10:24:03,708|[TRACE] graph - <----- statementPart
2021-11-19T10:24:03,708|[TRACE] graph - -----> statementPart
2021-11-19T10:24:03,708|[TRACE] graph - -------> nonSkippedSpace
2021-11-19T10:24:03,708|[TRACE] script - #out(` `) [token]
2021-11-19T10:24:03,708|[TRACE] graph - <------- nonSkippedSpace
2021-11-19T10:24:03,708|[TRACE] graph - <----- statementPart
2021-11-19T10:24:03,708|[TRACE] graph - -----> statementPart
2021-11-19T10:24:03,708|[TRACE] graph - -------> nonSkippedChar
2021-11-19T10:24:03,708|[TRACE] script - #out(`S`) [token]
2021-11-19T10:24:03,708|[TRACE] graph - <------- nonSkippedChar
2021-11-19T10:24:03,708|[TRACE] graph - <----- statementPart
2021-11-19T10:24:03,708|[TRACE] graph - -----> statementPart
2021-11-19T10:24:03,708|[TRACE] graph - -------> nonSkippedChar
2021-11-19T10:24:03,708|[TRACE] script - #out(`C`) [token]
2021-11-19T10:24:03,708|[TRACE] graph - <------- nonSkippedChar
2021-11-19T10:24:03,708|[TRACE] graph - <----- statementPart
2021-11-19T10:24:03,708|[TRACE] graph - -----> statementPart
2021-11-19T10:24:03,708|[TRACE] graph - -------> nonSkippedChar
2021-11-19T10:24:03,708|[TRACE] script - #out(`H`) [token]
2021-11-19T10:24:03,708|[TRACE] graph - <------- nonSkippedChar
2021-11-19T10:24:03,708|[TRACE] graph - <----- statementPart
2021-11-19T10:24:03,708|[TRACE] graph - -----> statementPart
2021-11-19T10:24:03,708|[TRACE] graph - -------> nonSkippedChar
2021-11-19T10:24:03,708|[TRACE] script - #out(`E`) [token]
2021-11-19T10:24:03,708|[TRACE] graph - <------- nonSkippedChar
2021-11-19T10:24:03,708|[TRACE] graph - <----- statementPart
2021-11-19T10:24:03,708|[TRACE] graph - -----> statementPart
2021-11-19T10:24:03,708|[TRACE] graph - -------> nonSkippedChar
2021-11-19T10:24:03,708|[TRACE] script - #out(`M`) [token]
2021-11-19T10:24:03,708|[TRACE] graph - <------- nonSkippedChar
2021-11-19T10:24:03,708|[TRACE] graph - <----- statementPart
2021-11-19T10:24:03,708|[TRACE] graph - -----> statementPart
2021-11-19T10:24:03,708|[TRACE] graph - -------> nonSkippedChar
2021-11-19T10:24:03,708|[TRACE] script - #out(`A`) [token]
2021-11-19T10:24:03,708|[TRACE] graph - <------- nonSkippedChar
2021-11-19T10:24:03,708|[TRACE] graph - <----- statementPart
2021-11-19T10:24:03,708|[TRACE] graph - -----> statementPart
2021-11-19T10:24:03,708|[TRACE] graph - -------> nonSkippedSpace
2021-11-19T10:24:03,708|[TRACE] script - #out(` `) [token]
2021-11-19T10:24:03,708|[TRACE] graph - <------- nonSkippedSpace
2021-11-19T10:24:03,708|[TRACE] graph - <----- statementPart
2021-11-19T10:24:03,708|[TRACE] graph - -----> statementPart
2021-11-19T10:24:03,708|[TRACE] graph - -------> nonSkippedChar
2021-11-19T10:24:03,708|[TRACE] script - #out(`I`) [token]
2021-11-19T10:24:03,708|[TRACE] graph - <------- nonSkippedChar
2021-11-19T10:24:03,708|[TRACE] graph - <----- statementPart
2021-11-19T10:24:03,708|[TRACE] graph - -----> statementPart
2021-11-19T10:24:03,708|[TRACE] graph - -------> nonSkippedChar
2021-11-19T10:24:03,708|[TRACE] script - #out(`F`) [token]
2021-11-19T10:24:03,708|[TRACE] graph - <------- nonSkippedChar
2021-11-19T10:24:03,708|[TRACE] graph - <----- statementPart
2021-11-19T10:24:03,708|[TRACE] graph - -----> statementPart
2021-11-19T10:24:03,708|[TRACE] graph - -------> nonSkippedSpace
2021-11-19T10:24:03,708|[TRACE] script - #out(` `) [token]
2021-11-19T10:24:03,708|[TRACE] graph - <------- nonSkippedSpace
2021-11-19T10:24:03,708|[TRACE] graph - <----- statementPart
2021-11-19T10:24:03,708|[TRACE] graph - -----> statementPart
2021-11-19T10:24:03,708|[TRACE] graph - -------> nonSkippedChar
2021-11-19T10:24:03,708|[TRACE] script - #out(`E`) [token]
2021-11-19T10:24:03,708|[TRACE] graph - <------- nonSkippedChar
2021-11-19T10:24:03,708|[TRACE] graph - <----- statementPart
2021-11-19T10:24:03,708|[TRACE] graph - -----> statementPart
2021-11-19T10:24:03,708|[TRACE] graph - -------> nonSkippedChar
2021-11-19T10:24:03,708|[TRACE] script - #out(`X`) [token]
2021-11-19T10:24:03,708|[TRACE] graph - <------- nonSkippedChar
2021-11-19T10:24:03,708|[TRACE] graph - <----- statementPart
2021-11-19T10:24:03,708|[TRACE] graph - -----> statementPart
2021-11-19T10:24:03,708|[TRACE] graph - -------> nonSkippedChar
2021-11-19T10:24:03,708|[TRACE] script - #out(`I`) [token]
2021-11-19T10:24:03,708|[TRACE] graph - <------- nonSkippedChar
2021-11-19T10:24:03,708|[TRACE] graph - <----- statementPart
2021-11-19T10:24:03,708|[TRACE] graph - -----> statementPart
2021-11-19T10:24:03,708|[TRACE] graph - -------> nonSkippedChar
2021-11-19T10:24:03,708|[TRACE] script - #out(`S`) [token]
2021-11-19T10:24:03,708|[TRACE] graph - <------- nonSkippedChar
2021-11-19T10:24:03,708|[TRACE] graph - <----- statementPart
2021-11-19T10:24:03,708|[TRACE] graph - -----> statementPart
2021-11-19T10:24:03,708|[TRACE] graph - -------> nonSkippedChar
2021-11-19T10:24:03,708|[TRACE] script - #out(`T`) [token]
2021-11-19T10:24:03,708|[TRACE] graph - <------- nonSkippedChar
2021-11-19T10:24:03,708|[TRACE] graph - <----- statementPart
2021-11-19T10:24:03,708|[TRACE] graph - -----> statementPart
2021-11-19T10:24:03,708|[TRACE] graph - -------> nonSkippedChar
2021-11-19T10:24:03,708|[TRACE] script - #out(`S`) [token]
2021-11-19T10:24:03,708|[TRACE] graph - <------- nonSkippedChar
2021-11-19T10:24:03,708|[TRACE] graph - <----- statementPart
2021-11-19T10:24:03,708|[TRACE] graph - -----> statementPart
2021-11-19T10:24:03,708|[TRACE] graph - -------> nonSkippedSpace
2021-11-19T10:24:03,708|[TRACE] script - #out(` `) [token]
2021-11-19T10:24:03,708|[TRACE] graph - <------- nonSkippedSpace
2021-11-19T10:24:03,708|[TRACE] graph - <----- statementPart
2021-11-19T10:24:03,708|[TRACE] graph - -----> statementPart
2021-11-19T10:24:03,708|[TRACE] graph - -------> nonSkippedChar
2021-11-19T10:24:03,708|[TRACE] script - #out(`b`) [token]
2021-11-19T10:24:03,708|[TRACE] graph - <------- nonSkippedChar
2021-11-19T10:24:03,708|[TRACE] graph - <----- statementPart
2021-11-19T10:24:03,708|[TRACE] graph - -----> statementPart
2021-11-19T10:24:03,708|[TRACE] graph - -------> nonSkippedChar
2021-11-19T10:24:03,708|[TRACE] script - #out(`l`) [token]
2021-11-19T10:24:03,708|[TRACE] graph - <------- nonSkippedChar
2021-11-19T10:24:03,708|[TRACE] graph - <----- statementPart
2021-11-19T10:24:03,708|[TRACE] graph - -----> statementPart
2021-11-19T10:24:03,708|[TRACE] graph - -------> nonSkippedChar
2021-11-19T10:24:03,709|[TRACE] script - #out(`o`) [token]
2021-11-19T10:24:03,709|[TRACE] graph - <------- nonSkippedChar
2021-11-19T10:24:03,709|[TRACE] graph - <----- statementPart
2021-11-19T10:24:03,709|[TRACE] graph - -----> statementPart
2021-11-19T10:24:03,709|[TRACE] graph - -------> nonSkippedChar
2021-11-19T10:24:03,709|[TRACE] script - #out(`o`) [token]
2021-11-19T10:24:03,709|[TRACE] graph - <------- nonSkippedChar
2021-11-19T10:24:03,709|[TRACE] graph - <----- statementPart
2021-11-19T10:24:03,709|[TRACE] graph - -----> statementPart
2021-11-19T10:24:03,709|[TRACE] graph - -------> nonSkippedChar
2021-11-19T10:24:03,709|[TRACE] script - #out(`d`) [token]
2021-11-19T10:24:03,709|[TRACE] graph - <------- nonSkippedChar
2021-11-19T10:24:03,709|[TRACE] graph - <----- statementPart
2021-11-19T10:24:03,709|[TRACE] graph - -----> statementPart
2021-11-19T10:24:03,709|[TRACE] graph - -------> nonSkippedChar
2021-11-19T10:24:03,709|[TRACE] script - #out(`b`) [token]
2021-11-19T10:24:03,709|[TRACE] graph - <------- nonSkippedChar
2021-11-19T10:24:03,709|[TRACE] graph - <----- statementPart
2021-11-19T10:24:03,709|[TRACE] graph - -----> statementPart
2021-11-19T10:24:03,709|[TRACE] graph - -------> nonSkippedChar
2021-11-19T10:24:03,709|[TRACE] script - #out(`a`) [token]
2021-11-19T10:24:03,709|[TRACE] graph - <------- nonSkippedChar
2021-11-19T10:24:03,709|[TRACE] graph - <----- statementPart
2021-11-19T10:24:03,709|[TRACE] graph - -----> statementPart
2021-11-19T10:24:03,709|[TRACE] graph - -------> nonSkippedChar
2021-11-19T10:24:03,709|[TRACE] script - #out(`n`) [token]
2021-11-19T10:24:03,709|[TRACE] graph - <------- nonSkippedChar
2021-11-19T10:24:03,709|[TRACE] graph - <----- statementPart
2021-11-19T10:24:03,709|[TRACE] graph - -----> statementPart
2021-11-19T10:24:03,709|[TRACE] graph - -------> nonSkippedChar
2021-11-19T10:24:03,709|[TRACE] script - #out(`k`) [token]
2021-11-19T10:24:03,709|[TRACE] graph - <------- nonSkippedChar
2021-11-19T10:24:03,709|[TRACE] graph - <----- statementPart
2021-11-19T10:24:03,709|[DEBUG] graph - Import statement : DROP SCHEMA IF EXISTS bloodbank
2021-11-19T10:24:03,709|[TRACE] graph - <--- statement
2021-11-19T10:24:03,709|[TRACE] graph - ---> blankSpacesToSkip
2021-11-19T10:24:03,709|[TRACE] graph - -----> newLineToSkip
2021-11-19T10:24:03,709|[TRACE] graph - <----- newLineToSkip
2021-11-19T10:24:03,709|[TRACE] graph - <--- blankSpacesToSkip
2021-11-19T10:24:03,709|[TRACE] graph - <- script
2021-11-19T10:24:03,709|[DEBUG] SQL - 
    
    DROP SCHEMA IF EXISTS bloodbank
2021-11-19T10:24:03,709|[INFO ] access - HHH10001501: Connection obtained from JdbcConnectionAccess [org.hibernate.engine.jdbc.env.internal.JdbcEnvironmentInitiator$ConnectionProviderJdbcConnectionAccess@240c626d] for (non-JTA) DDL execution was not in auto-commit mode; the Connection 'local transaction' will be committed and the Connection will be set into auto-commit mode.
2021-11-19T10:24:03,807|[DEBUG] Helper - Attempting to resolve script source setting : META-INF/sql/bloodbank-create.sql
2021-11-19T10:24:03,807|[TRACE] Helper - Trying as URL...
2021-11-19T10:24:03,807|[INFO ] SchemaCreatorImpl - HHH000476: Executing import script 'file:/D:/Computer%20Programming/Level%204/CST8277_300%20Enterprise%20Application/Assignments/Assignment03/BloodBank-JPA-Mapping-JUnit-Skeleton/BloodBank-JPA-Mapping-JUnit-Skeleton/target/classes/META-INF/sql/bloodbank-create.sql'
2021-11-19T10:24:03,807|[TRACE] graph - -> script
2021-11-19T10:24:03,807|[TRACE] graph - ---> blankSpacesToSkip
2021-11-19T10:24:03,807|[TRACE] graph - -----> newLineToSkip
2021-11-19T10:24:03,807|[TRACE] graph - <----- newLineToSkip
2021-11-19T10:24:03,807|[TRACE] graph - -----> newLineToSkip
2021-11-19T10:24:03,807|[TRACE] graph - <----- newLineToSkip
2021-11-19T10:24:03,807|[TRACE] graph - <--- blankSpacesToSkip
2021-11-19T10:24:03,807|[TRACE] graph - ---> statement
2021-11-19T10:24:03,807|[TRACE] graph - -----> statementFirstPart
2021-11-19T10:24:03,807|[TRACE] graph - -------> nonSkippedChar
2021-11-19T10:24:03,807|[TRACE] script - #out(`S`) [token]
2021-11-19T10:24:03,807|[TRACE] graph - <------- nonSkippedChar
2021-11-19T10:24:03,807|[TRACE] graph - <----- statementFirstPart
2021-11-19T10:24:03,807|[TRACE] graph - -----> statementPart
2021-11-19T10:24:03,807|[TRACE] graph - -------> nonSkippedChar
2021-11-19T10:24:03,807|[TRACE] script - #out(`E`) [token]
2021-11-19T10:24:03,807|[TRACE] graph - <------- nonSkippedChar
2021-11-19T10:24:03,807|[TRACE] graph - <----- statementPart
2021-11-19T10:24:03,807|[TRACE] graph - -----> statementPart
2021-11-19T10:24:03,807|[TRACE] graph - -------> nonSkippedChar
2021-11-19T10:24:03,807|[TRACE] script - #out(`T`) [token]
2021-11-19T10:24:03,807|[TRACE] graph - <------- nonSkippedChar
2021-11-19T10:24:03,807|[TRACE] graph - <----- statementPart
2021-11-19T10:24:03,807|[TRACE] graph - -----> statementPart
2021-11-19T10:24:03,807|[TRACE] graph - -------> nonSkippedSpace
2021-11-19T10:24:03,807|[TRACE] script - #out(` `) [token]
2021-11-19T10:24:03,807|[TRACE] graph - <------- nonSkippedSpace
2021-11-19T10:24:03,807|[TRACE] graph - <----- statementPart
2021-11-19T10:24:03,807|[TRACE] graph - -----> statementPart
2021-11-19T10:24:03,807|[TRACE] graph - -------> nonSkippedChar
2021-11-19T10:24:03,807|[TRACE] script - #out(`@`) [token]
2021-11-19T10:24:03,807|[TRACE] graph - <------- nonSkippedChar
2021-11-19T10:24:03,808|[TRACE] graph - <----- statementPart
2021-11-19T10:24:03,808|[TRACE] graph - -----> statementPart
2021-11-19T10:24:03,808|[TRACE] graph - -------> nonSkippedChar
2021-11-19T10:24:03,808|[TRACE] script - #out(`O`) [token]
2021-11-19T10:24:03,808|[TRACE] graph - <------- nonSkippedChar
2021-11-19T10:24:03,808|[TRACE] graph - <----- statementPart
2021-11-19T10:24:03,808|[TRACE] graph - -----> statementPart
2021-11-19T10:24:03,808|[TRACE] graph - -------> nonSkippedChar
2021-11-19T10:24:03,808|[TRACE] script - #out(`L`) [token]
2021-11-19T10:24:03,808|[TRACE] graph - <------- nonSkippedChar
2021-11-19T10:24:03,808|[TRACE] graph - <----- statementPart
2021-11-19T10:24:03,808|[TRACE] graph - -----> statementPart
2021-11-19T10:24:03,808|[TRACE] graph - -------> nonSkippedChar
2021-11-19T10:24:03,808|[TRACE] script - #out(`D`) [token]
2021-11-19T10:24:03,808|[TRACE] graph - <------- nonSkippedChar
2021-11-19T10:24:03,808|[TRACE] graph - <----- statementPart
2021-11-19T10:24:03,808|[TRACE] graph - -----> statementPart
2021-11-19T10:24:03,808|[TRACE] graph - -------> nonSkippedChar
2021-11-19T10:24:03,808|[TRACE] script - #out(`_`) [token]
2021-11-19T10:24:03,808|[TRACE] graph - <------- nonSkippedChar
2021-11-19T10:24:03,808|[TRACE] graph - <----- statementPart
2021-11-19T10:24:03,808|[TRACE] graph - -----> statementPart
2021-11-19T10:24:03,808|[TRACE] graph - -------> nonSkippedChar
2021-11-19T10:24:03,808|[TRACE] script - #out(`U`) [token]
2021-11-19T10:24:03,808|[TRACE] graph - <------- nonSkippedChar
2021-11-19T10:24:03,808|[TRACE] graph - <----- statementPart
2021-11-19T10:24:03,808|[TRACE] graph - -----> statementPart
2021-11-19T10:24:03,808|[TRACE] graph - -------> nonSkippedChar
2021-11-19T10:24:03,808|[TRACE] script - #out(`N`) [token]
2021-11-19T10:24:03,808|[TRACE] graph - <------- nonSkippedChar
2021-11-19T10:24:03,808|[TRACE] graph - <----- statementPart
2021-11-19T10:24:03,808|[TRACE] graph - -----> statementPart
2021-11-19T10:24:03,808|[TRACE] graph - -------> nonSkippedChar
2021-11-19T10:24:03,808|[TRACE] script - #out(`I`) [token]
2021-11-19T10:24:03,808|[TRACE] graph - <------- nonSkippedChar
2021-11-19T10:24:03,808|[TRACE] graph - <----- statementPart
2021-11-19T10:24:03,808|[TRACE] graph - -----> statementPart
2021-11-19T10:24:03,808|[TRACE] graph - -------> nonSkippedChar
2021-11-19T10:24:03,808|[TRACE] script - #out(`Q`) [token]
2021-11-19T10:24:03,808|[TRACE] graph - <------- nonSkippedChar
2021-11-19T10:24:03,808|[TRACE] graph - <----- statementPart
2021-11-19T10:24:03,808|[TRACE] graph - -----> statementPart
2021-11-19T10:24:03,808|[TRACE] graph - -------> nonSkippedChar
2021-11-19T10:24:03,808|[TRACE] script - #out(`U`) [token]
2021-11-19T10:24:03,808|[TRACE] graph - <------- nonSkippedChar
2021-11-19T10:24:03,808|[TRACE] graph - <----- statementPart
2021-11-19T10:24:03,808|[TRACE] graph - -----> statementPart
2021-11-19T10:24:03,808|[TRACE] graph - -------> nonSkippedChar
2021-11-19T10:24:03,808|[TRACE] script - #out(`E`) [token]
2021-11-19T10:24:03,808|[TRACE] graph - <------- nonSkippedChar
2021-11-19T10:24:03,808|[TRACE] graph - <----- statementPart
2021-11-19T10:24:03,808|[TRACE] graph - -----> statementPart
2021-11-19T10:24:03,808|[TRACE] graph - -------> nonSkippedChar
2021-11-19T10:24:03,808|[TRACE] script - #out(`_`) [token]
2021-11-19T10:24:03,808|[TRACE] graph - <------- nonSkippedChar
2021-11-19T10:24:03,808|[TRACE] graph - <----- statementPart
2021-11-19T10:24:03,808|[TRACE] graph - -----> statementPart
2021-11-19T10:24:03,808|[TRACE] graph - -------> nonSkippedChar
2021-11-19T10:24:03,808|[TRACE] script - #out(`C`) [token]
2021-11-19T10:24:03,808|[TRACE] graph - <------- nonSkippedChar
2021-11-19T10:24:03,808|[TRACE] graph - <----- statementPart
2021-11-19T10:24:03,808|[TRACE] graph - -----> statementPart
2021-11-19T10:24:03,808|[TRACE] graph - -------> nonSkippedChar
2021-11-19T10:24:03,808|[TRACE] script - #out(`H`) [token]
2021-11-19T10:24:03,808|[TRACE] graph - <------- nonSkippedChar
2021-11-19T10:24:03,808|[TRACE] graph - <----- statementPart
2021-11-19T10:24:03,808|[TRACE] graph - -----> statementPart
2021-11-19T10:24:03,808|[TRACE] graph - -------> nonSkippedChar
2021-11-19T10:24:03,808|[TRACE] script - #out(`E`) [token]
2021-11-19T10:24:03,808|[TRACE] graph - <------- nonSkippedChar
2021-11-19T10:24:03,808|[TRACE] graph - <----- statementPart
2021-11-19T10:24:03,808|[TRACE] graph - -----> statementPart
2021-11-19T10:24:03,808|[TRACE] graph - -------> nonSkippedChar
2021-11-19T10:24:03,808|[TRACE] script - #out(`C`) [token]
2021-11-19T10:24:03,808|[TRACE] graph - <------- nonSkippedChar
2021-11-19T10:24:03,808|[TRACE] graph - <----- statementPart
2021-11-19T10:24:03,808|[TRACE] graph - -----> statementPart
2021-11-19T10:24:03,808|[TRACE] graph - -------> nonSkippedChar
2021-11-19T10:24:03,808|[TRACE] script - #out(`K`) [token]
2021-11-19T10:24:03,808|[TRACE] graph - <------- nonSkippedChar
2021-11-19T10:24:03,808|[TRACE] graph - <----- statementPart
2021-11-19T10:24:03,808|[TRACE] graph - -----> statementPart
2021-11-19T10:24:03,808|[TRACE] graph - -------> nonSkippedChar
2021-11-19T10:24:03,808|[TRACE] script - #out(`S`) [token]
2021-11-19T10:24:03,808|[TRACE] graph - <------- nonSkippedChar
2021-11-19T10:24:03,808|[TRACE] graph - <----- statementPart
2021-11-19T10:24:03,808|[TRACE] graph - -----> statementPart
2021-11-19T10:24:03,808|[TRACE] graph - -------> nonSkippedChar
2021-11-19T10:24:03,808|[TRACE] script - #out(`=`) [token]
2021-11-19T10:24:03,808|[TRACE] graph - <------- nonSkippedChar
2021-11-19T10:24:03,808|[TRACE] graph - <----- statementPart
2021-11-19T10:24:03,808|[TRACE] graph - -----> statementPart
2021-11-19T10:24:03,808|[TRACE] graph - -------> nonSkippedChar
2021-11-19T10:24:03,808|[TRACE] script - #out(`@`) [token]
2021-11-19T10:24:03,808|[TRACE] graph - <------- nonSkippedChar
2021-11-19T10:24:03,808|[TRACE] graph - <----- statementPart
2021-11-19T10:24:03,808|[TRACE] graph - -----> statementPart
2021-11-19T10:24:03,808|[TRACE] graph - -------> nonSkippedChar
2021-11-19T10:24:03,808|[TRACE] script - #out(`@`) [token]
2021-11-19T10:24:03,808|[TRACE] graph - <------- nonSkippedChar
2021-11-19T10:24:03,808|[TRACE] graph - <----- statementPart
2021-11-19T10:24:03,808|[TRACE] graph - -----> statementPart
2021-11-19T10:24:03,808|[TRACE] graph - -------> nonSkippedChar
2021-11-19T10:24:03,808|[TRACE] script - #out(`U`) [token]
2021-11-19T10:24:03,808|[TRACE] graph - <------- nonSkippedChar
2021-11-19T10:24:03,808|[TRACE] graph - <----- statementPart
2021-11-19T10:24:03,808|[TRACE] graph - -----> statementPart
2021-11-19T10:24:03,808|[TRACE] graph - -------> nonSkippedChar
2021-11-19T10:24:03,808|[TRACE] script - #out(`N`) [token]
2021-11-19T10:24:03,808|[TRACE] graph - <------- nonSkippedChar
2021-11-19T10:24:03,808|[TRACE] graph - <----- statementPart
2021-11-19T10:24:03,808|[TRACE] graph - -----> statementPart
2021-11-19T10:24:03,808|[TRACE] graph - -------> nonSkippedChar
2021-11-19T10:24:03,808|[TRACE] script - #out(`I`) [token]
2021-11-19T10:24:03,808|[TRACE] graph - <------- nonSkippedChar
2021-11-19T10:24:03,808|[TRACE] graph - <----- statementPart
2021-11-19T10:24:03,808|[TRACE] graph - -----> statementPart
2021-11-19T10:24:03,808|[TRACE] graph - -------> nonSkippedChar
2021-11-19T10:24:03,808|[TRACE] script - #out(`Q`) [token]
2021-11-19T10:24:03,808|[TRACE] graph - <------- nonSkippedChar
2021-11-19T10:24:03,808|[TRACE] graph - <----- statementPart
2021-11-19T10:24:03,808|[TRACE] graph - -----> statementPart
2021-11-19T10:24:03,808|[TRACE] graph - -------> nonSkippedChar
2021-11-19T10:24:03,808|[TRACE] script - #out(`U`) [token]
2021-11-19T10:24:03,808|[TRACE] graph - <------- nonSkippedChar
2021-11-19T10:24:03,808|[TRACE] graph - <----- statementPart
2021-11-19T10:24:03,808|[TRACE] graph - -----> statementPart
2021-11-19T10:24:03,808|[TRACE] graph - -------> nonSkippedChar
2021-11-19T10:24:03,808|[TRACE] script - #out(`E`) [token]
2021-11-19T10:24:03,808|[TRACE] graph - <------- nonSkippedChar
2021-11-19T10:24:03,808|[TRACE] graph - <----- statementPart
2021-11-19T10:24:03,808|[TRACE] graph - -----> statementPart
2021-11-19T10:24:03,808|[TRACE] graph - -------> nonSkippedChar
2021-11-19T10:24:03,808|[TRACE] script - #out(`_`) [token]
2021-11-19T10:24:03,808|[TRACE] graph - <------- nonSkippedChar
2021-11-19T10:24:03,808|[TRACE] graph - <----- statementPart
2021-11-19T10:24:03,808|[TRACE] graph - -----> statementPart
2021-11-19T10:24:03,808|[TRACE] graph - -------> nonSkippedChar
2021-11-19T10:24:03,808|[TRACE] script - #out(`C`) [token]
2021-11-19T10:24:03,808|[TRACE] graph - <------- nonSkippedChar
2021-11-19T10:24:03,808|[TRACE] graph - <----- statementPart
2021-11-19T10:24:03,808|[TRACE] graph - -----> statementPart
2021-11-19T10:24:03,808|[TRACE] graph - -------> nonSkippedChar
2021-11-19T10:24:03,808|[TRACE] script - #out(`H`) [token]
2021-11-19T10:24:03,808|[TRACE] graph - <------- nonSkippedChar
2021-11-19T10:24:03,808|[TRACE] graph - <----- statementPart
2021-11-19T10:24:03,808|[TRACE] graph - -----> statementPart
2021-11-19T10:24:03,808|[TRACE] graph - -------> nonSkippedChar
2021-11-19T10:24:03,808|[TRACE] script - #out(`E`) [token]
2021-11-19T10:24:03,808|[TRACE] graph - <------- nonSkippedChar
2021-11-19T10:24:03,808|[TRACE] graph - <----- statementPart
2021-11-19T10:24:03,808|[TRACE] graph - -----> statementPart
2021-11-19T10:24:03,808|[TRACE] graph - -------> nonSkippedChar
2021-11-19T10:24:03,808|[TRACE] script - #out(`C`) [token]
2021-11-19T10:24:03,808|[TRACE] graph - <------- nonSkippedChar
2021-11-19T10:24:03,808|[TRACE] graph - <----- statementPart
2021-11-19T10:24:03,808|[TRACE] graph - -----> statementPart
2021-11-19T10:24:03,808|[TRACE] graph - -------> nonSkippedChar
2021-11-19T10:24:03,808|[TRACE] script - #out(`K`) [token]
2021-11-19T10:24:03,808|[TRACE] graph - <------- nonSkippedChar
2021-11-19T10:24:03,808|[TRACE] graph - <----- statementPart
2021-11-19T10:24:03,808|[TRACE] graph - -----> statementPart
2021-11-19T10:24:03,808|[TRACE] graph - -------> nonSkippedChar
2021-11-19T10:24:03,808|[TRACE] script - #out(`S`) [token]
2021-11-19T10:24:03,808|[TRACE] graph - <------- nonSkippedChar
2021-11-19T10:24:03,808|[TRACE] graph - <----- statementPart
2021-11-19T10:24:03,808|[TRACE] graph - -----> statementPart
2021-11-19T10:24:03,808|[TRACE] graph - -------> nonSkippedChar
2021-11-19T10:24:03,808|[TRACE] script - #out(`,`) [token]
2021-11-19T10:24:03,808|[TRACE] graph - <------- nonSkippedChar
2021-11-19T10:24:03,808|[TRACE] graph - <----- statementPart
2021-11-19T10:24:03,808|[TRACE] graph - -----> statementPart
2021-11-19T10:24:03,808|[TRACE] graph - -------> nonSkippedSpace
2021-11-19T10:24:03,808|[TRACE] script - #out(` `) [token]
2021-11-19T10:24:03,808|[TRACE] graph - <------- nonSkippedSpace
2021-11-19T10:24:03,808|[TRACE] graph - <----- statementPart
2021-11-19T10:24:03,808|[TRACE] graph - -----> statementPart
2021-11-19T10:24:03,808|[TRACE] graph - -------> nonSkippedChar
2021-11-19T10:24:03,808|[TRACE] script - #out(`U`) [token]
2021-11-19T10:24:03,808|[TRACE] graph - <------- nonSkippedChar
2021-11-19T10:24:03,808|[TRACE] graph - <----- statementPart
2021-11-19T10:24:03,808|[TRACE] graph - -----> statementPart
2021-11-19T10:24:03,808|[TRACE] graph - -------> nonSkippedChar
2021-11-19T10:24:03,808|[TRACE] script - #out(`N`) [token]
2021-11-19T10:24:03,808|[TRACE] graph - <------- nonSkippedChar
2021-11-19T10:24:03,808|[TRACE] graph - <----- statementPart
2021-11-19T10:24:03,808|[TRACE] graph - -----> statementPart
2021-11-19T10:24:03,808|[TRACE] graph - -------> nonSkippedChar
2021-11-19T10:24:03,808|[TRACE] script - #out(`I`) [token]
2021-11-19T10:24:03,808|[TRACE] graph - <------- nonSkippedChar
2021-11-19T10:24:03,808|[TRACE] graph - <----- statementPart
2021-11-19T10:24:03,808|[TRACE] graph - -----> statementPart
2021-11-19T10:24:03,808|[TRACE] graph - -------> nonSkippedChar
2021-11-19T10:24:03,808|[TRACE] script - #out(`Q`) [token]
2021-11-19T10:24:03,808|[TRACE] graph - <------- nonSkippedChar
2021-11-19T10:24:03,808|[TRACE] graph - <----- statementPart
2021-11-19T10:24:03,808|[TRACE] graph - -----> statementPart
2021-11-19T10:24:03,808|[TRACE] graph - -------> nonSkippedChar
2021-11-19T10:24:03,808|[TRACE] script - #out(`U`) [token]
2021-11-19T10:24:03,808|[TRACE] graph - <------- nonSkippedChar
2021-11-19T10:24:03,808|[TRACE] graph - <----- statementPart
2021-11-19T10:24:03,808|[TRACE] graph - -----> statementPart
2021-11-19T10:24:03,808|[TRACE] graph - -------> nonSkippedChar
2021-11-19T10:24:03,808|[TRACE] script - #out(`E`) [token]
2021-11-19T10:24:03,808|[TRACE] graph - <------- nonSkippedChar
2021-11-19T10:24:03,808|[TRACE] graph - <----- statementPart
2021-11-19T10:24:03,808|[TRACE] graph - -----> statementPart
2021-11-19T10:24:03,808|[TRACE] graph - -------> nonSkippedChar
2021-11-19T10:24:03,808|[TRACE] script - #out(`_`) [token]
2021-11-19T10:24:03,808|[TRACE] graph - <------- nonSkippedChar
2021-11-19T10:24:03,808|[TRACE] graph - <----- statementPart
2021-11-19T10:24:03,808|[TRACE] graph - -----> statementPart
2021-11-19T10:24:03,808|[TRACE] graph - -------> nonSkippedChar
2021-11-19T10:24:03,808|[TRACE] script - #out(`C`) [token]
2021-11-19T10:24:03,808|[TRACE] graph - <------- nonSkippedChar
2021-11-19T10:24:03,808|[TRACE] graph - <----- statementPart
2021-11-19T10:24:03,808|[TRACE] graph - -----> statementPart
2021-11-19T10:24:03,808|[TRACE] graph - -------> nonSkippedChar
2021-11-19T10:24:03,808|[TRACE] script - #out(`H`) [token]
2021-11-19T10:24:03,808|[TRACE] graph - <------- nonSkippedChar
2021-11-19T10:24:03,808|[TRACE] graph - <----- statementPart
2021-11-19T10:24:03,808|[TRACE] graph - -----> statementPart
2021-11-19T10:24:03,808|[TRACE] graph - -------> nonSkippedChar
2021-11-19T10:24:03,808|[TRACE] script - #out(`E`) [token]
2021-11-19T10:24:03,808|[TRACE] graph - <------- nonSkippedChar
2021-11-19T10:24:03,808|[TRACE] graph - <----- statementPart
2021-11-19T10:24:03,808|[TRACE] graph - -----> statementPart
2021-11-19T10:24:03,808|[TRACE] graph - -------> nonSkippedChar
2021-11-19T10:24:03,808|[TRACE] script - #out(`C`) [token]
2021-11-19T10:24:03,808|[TRACE] graph - <------- nonSkippedChar
2021-11-19T10:24:03,808|[TRACE] graph - <----- statementPart
2021-11-19T10:24:03,808|[TRACE] graph - -----> statementPart
2021-11-19T10:24:03,808|[TRACE] graph - -------> nonSkippedChar
2021-11-19T10:24:03,808|[TRACE] script - #out(`K`) [token]
2021-11-19T10:24:03,808|[TRACE] graph - <------- nonSkippedChar
2021-11-19T10:24:03,808|[TRACE] graph - <----- statementPart
2021-11-19T10:24:03,808|[TRACE] graph - -----> statementPart
2021-11-19T10:24:03,808|[TRACE] graph - -------> nonSkippedChar
2021-11-19T10:24:03,808|[TRACE] script - #out(`S`) [token]
2021-11-19T10:24:03,808|[TRACE] graph - <------- nonSkippedChar
2021-11-19T10:24:03,808|[TRACE] graph - <----- statementPart
2021-11-19T10:24:03,808|[TRACE] graph - -----> statementPart
2021-11-19T10:24:03,808|[TRACE] graph - -------> nonSkippedChar
2021-11-19T10:24:03,808|[TRACE] script - #out(`=`) [token]
2021-11-19T10:24:03,808|[TRACE] graph - <------- nonSkippedChar
2021-11-19T10:24:03,808|[TRACE] graph - <----- statementPart
2021-11-19T10:24:03,808|[TRACE] graph - -----> statementPart
2021-11-19T10:24:03,808|[TRACE] graph - -------> nonSkippedChar
2021-11-19T10:24:03,808|[TRACE] script - #out(`0`) [token]
2021-11-19T10:24:03,808|[TRACE] graph - <------- nonSkippedChar
2021-11-19T10:24:03,808|[TRACE] graph - <----- statementPart
2021-11-19T10:24:03,808|[DEBUG] graph - Import statement : SET @OLD_UNIQUE_CHECKS=@@UNIQUE_CHECKS, UNIQUE_CHECKS=0
2021-11-19T10:24:03,808|[TRACE] graph - <--- statement
2021-11-19T10:24:03,808|[TRACE] graph - ---> blankSpacesToSkip
2021-11-19T10:24:03,808|[TRACE] graph - -----> newLineToSkip
2021-11-19T10:24:03,808|[TRACE] graph - <----- newLineToSkip
2021-11-19T10:24:03,808|[TRACE] graph - <--- blankSpacesToSkip
2021-11-19T10:24:03,808|[TRACE] graph - ---> statement
2021-11-19T10:24:03,808|[TRACE] graph - -----> statementFirstPart
2021-11-19T10:24:03,808|[TRACE] graph - -------> nonSkippedChar
2021-11-19T10:24:03,808|[TRACE] script - #out(`S`) [token]
2021-11-19T10:24:03,808|[TRACE] graph - <------- nonSkippedChar
2021-11-19T10:24:03,808|[TRACE] graph - <----- statementFirstPart
2021-11-19T10:24:03,808|[TRACE] graph - -----> statementPart
2021-11-19T10:24:03,808|[TRACE] graph - -------> nonSkippedChar
2021-11-19T10:24:03,808|[TRACE] script - #out(`E`) [token]
2021-11-19T10:24:03,808|[TRACE] graph - <------- nonSkippedChar
2021-11-19T10:24:03,808|[TRACE] graph - <----- statementPart
2021-11-19T10:24:03,808|[TRACE] graph - -----> statementPart
2021-11-19T10:24:03,809|[TRACE] graph - -------> nonSkippedChar
2021-11-19T10:24:03,809|[TRACE] script - #out(`T`) [token]
2021-11-19T10:24:03,809|[TRACE] graph - <------- nonSkippedChar
2021-11-19T10:24:03,809|[TRACE] graph - <----- statementPart
2021-11-19T10:24:03,809|[TRACE] graph - -----> statementPart
2021-11-19T10:24:03,809|[TRACE] graph - -------> nonSkippedSpace
2021-11-19T10:24:03,809|[TRACE] script - #out(` `) [token]
2021-11-19T10:24:03,809|[TRACE] graph - <------- nonSkippedSpace
2021-11-19T10:24:03,809|[TRACE] graph - <----- statementPart
2021-11-19T10:24:03,809|[TRACE] graph - -----> statementPart
2021-11-19T10:24:03,809|[TRACE] graph - -------> nonSkippedChar
2021-11-19T10:24:03,809|[TRACE] script - #out(`@`) [token]
2021-11-19T10:24:03,809|[TRACE] graph - <------- nonSkippedChar
2021-11-19T10:24:03,809|[TRACE] graph - <----- statementPart
2021-11-19T10:24:03,809|[TRACE] graph - -----> statementPart
2021-11-19T10:24:03,809|[TRACE] graph - -------> nonSkippedChar
2021-11-19T10:24:03,809|[TRACE] script - #out(`O`) [token]
2021-11-19T10:24:03,809|[TRACE] graph - <------- nonSkippedChar
2021-11-19T10:24:03,809|[TRACE] graph - <----- statementPart
2021-11-19T10:24:03,809|[TRACE] graph - -----> statementPart
2021-11-19T10:24:03,809|[TRACE] graph - -------> nonSkippedChar
2021-11-19T10:24:03,809|[TRACE] script - #out(`L`) [token]
2021-11-19T10:24:03,809|[TRACE] graph - <------- nonSkippedChar
2021-11-19T10:24:03,809|[TRACE] graph - <----- statementPart
2021-11-19T10:24:03,809|[TRACE] graph - -----> statementPart
2021-11-19T10:24:03,809|[TRACE] graph - -------> nonSkippedChar
2021-11-19T10:24:03,809|[TRACE] script - #out(`D`) [token]
2021-11-19T10:24:03,809|[TRACE] graph - <------- nonSkippedChar
2021-11-19T10:24:03,809|[TRACE] graph - <----- statementPart
2021-11-19T10:24:03,809|[TRACE] graph - -----> statementPart
2021-11-19T10:24:03,809|[TRACE] graph - -------> nonSkippedChar
2021-11-19T10:24:03,809|[TRACE] script - #out(`_`) [token]
2021-11-19T10:24:03,809|[TRACE] graph - <------- nonSkippedChar
2021-11-19T10:24:03,809|[TRACE] graph - <----- statementPart
2021-11-19T10:24:03,809|[TRACE] graph - -----> statementPart
2021-11-19T10:24:03,809|[TRACE] graph - -------> nonSkippedChar
2021-11-19T10:24:03,809|[TRACE] script - #out(`F`) [token]
2021-11-19T10:24:03,809|[TRACE] graph - <------- nonSkippedChar
2021-11-19T10:24:03,809|[TRACE] graph - <----- statementPart
2021-11-19T10:24:03,809|[TRACE] graph - -----> statementPart
2021-11-19T10:24:03,809|[TRACE] graph - -------> nonSkippedChar
2021-11-19T10:24:03,809|[TRACE] script - #out(`O`) [token]
2021-11-19T10:24:03,809|[TRACE] graph - <------- nonSkippedChar
2021-11-19T10:24:03,809|[TRACE] graph - <----- statementPart
2021-11-19T10:24:03,809|[TRACE] graph - -----> statementPart
2021-11-19T10:24:03,809|[TRACE] graph - -------> nonSkippedChar
2021-11-19T10:24:03,809|[TRACE] script - #out(`R`) [token]
2021-11-19T10:24:03,809|[TRACE] graph - <------- nonSkippedChar
2021-11-19T10:24:03,809|[TRACE] graph - <----- statementPart
2021-11-19T10:24:03,809|[TRACE] graph - -----> statementPart
2021-11-19T10:24:03,809|[TRACE] graph - -------> nonSkippedChar
2021-11-19T10:24:03,809|[TRACE] script - #out(`E`) [token]
2021-11-19T10:24:03,809|[TRACE] graph - <------- nonSkippedChar
2021-11-19T10:24:03,809|[TRACE] graph - <----- statementPart
2021-11-19T10:24:03,809|[TRACE] graph - -----> statementPart
2021-11-19T10:24:03,809|[TRACE] graph - -------> nonSkippedChar
2021-11-19T10:24:03,809|[TRACE] script - #out(`I`) [token]
2021-11-19T10:24:03,809|[TRACE] graph - <------- nonSkippedChar
2021-11-19T10:24:03,809|[TRACE] graph - <----- statementPart
2021-11-19T10:24:03,809|[TRACE] graph - -----> statementPart
2021-11-19T10:24:03,809|[TRACE] graph - -------> nonSkippedChar
2021-11-19T10:24:03,809|[TRACE] script - #out(`G`) [token]
2021-11-19T10:24:03,809|[TRACE] graph - <------- nonSkippedChar
2021-11-19T10:24:03,809|[TRACE] graph - <----- statementPart
2021-11-19T10:24:03,809|[TRACE] graph - -----> statementPart
2021-11-19T10:24:03,809|[TRACE] graph - -------> nonSkippedChar
2021-11-19T10:24:03,809|[TRACE] script - #out(`N`) [token]
2021-11-19T10:24:03,809|[TRACE] graph - <------- nonSkippedChar
2021-11-19T10:24:03,809|[TRACE] graph - <----- statementPart
2021-11-19T10:24:03,809|[TRACE] graph - -----> statementPart
2021-11-19T10:24:03,809|[TRACE] graph - -------> nonSkippedChar
2021-11-19T10:24:03,809|[TRACE] script - #out(`_`) [token]
2021-11-19T10:24:03,809|[TRACE] graph - <------- nonSkippedChar
2021-11-19T10:24:03,809|[TRACE] graph - <----- statementPart
2021-11-19T10:24:03,809|[TRACE] graph - -----> statementPart
2021-11-19T10:24:03,809|[TRACE] graph - -------> nonSkippedChar
2021-11-19T10:24:03,809|[TRACE] script - #out(`K`) [token]
2021-11-19T10:24:03,809|[TRACE] graph - <------- nonSkippedChar
2021-11-19T10:24:03,809|[TRACE] graph - <----- statementPart
2021-11-19T10:24:03,809|[TRACE] graph - -----> statementPart
2021-11-19T10:24:03,809|[TRACE] graph - -------> nonSkippedChar
2021-11-19T10:24:03,809|[TRACE] script - #out(`E`) [token]
2021-11-19T10:24:03,809|[TRACE] graph - <------- nonSkippedChar
2021-11-19T10:24:03,809|[TRACE] graph - <----- statementPart
2021-11-19T10:24:03,809|[TRACE] graph - -----> statementPart
2021-11-19T10:24:03,809|[TRACE] graph - -------> nonSkippedChar
2021-11-19T10:24:03,809|[TRACE] script - #out(`Y`) [token]
2021-11-19T10:24:03,809|[TRACE] graph - <------- nonSkippedChar
2021-11-19T10:24:03,809|[TRACE] graph - <----- statementPart
2021-11-19T10:24:03,809|[TRACE] graph - -----> statementPart
2021-11-19T10:24:03,809|[TRACE] graph - -------> nonSkippedChar
2021-11-19T10:24:03,809|[TRACE] script - #out(`_`) [token]
2021-11-19T10:24:03,809|[TRACE] graph - <------- nonSkippedChar
2021-11-19T10:24:03,809|[TRACE] graph - <----- statementPart
2021-11-19T10:24:03,809|[TRACE] graph - -----> statementPart
2021-11-19T10:24:03,809|[TRACE] graph - -------> nonSkippedChar
2021-11-19T10:24:03,809|[TRACE] script - #out(`C`) [token]
2021-11-19T10:24:03,809|[TRACE] graph - <------- nonSkippedChar
2021-11-19T10:24:03,809|[TRACE] graph - <----- statementPart
2021-11-19T10:24:03,809|[TRACE] graph - -----> statementPart
2021-11-19T10:24:03,809|[TRACE] graph - -------> nonSkippedChar
2021-11-19T10:24:03,809|[TRACE] script - #out(`H`) [token]
2021-11-19T10:24:03,809|[TRACE] graph - <------- nonSkippedChar
2021-11-19T10:24:03,809|[TRACE] graph - <----- statementPart
2021-11-19T10:24:03,809|[TRACE] graph - -----> statementPart
2021-11-19T10:24:03,809|[TRACE] graph - -------> nonSkippedChar
2021-11-19T10:24:03,809|[TRACE] script - #out(`E`) [token]
2021-11-19T10:24:03,809|[TRACE] graph - <------- nonSkippedChar
2021-11-19T10:24:03,809|[TRACE] graph - <----- statementPart
2021-11-19T10:24:03,809|[TRACE] graph - -----> statementPart
2021-11-19T10:24:03,809|[TRACE] graph - -------> nonSkippedChar
2021-11-19T10:24:03,809|[TRACE] script - #out(`C`) [token]
2021-11-19T10:24:03,809|[TRACE] graph - <------- nonSkippedChar
2021-11-19T10:24:03,809|[TRACE] graph - <----- statementPart
2021-11-19T10:24:03,809|[TRACE] graph - -----> statementPart
2021-11-19T10:24:03,809|[TRACE] graph - -------> nonSkippedChar
2021-11-19T10:24:03,809|[TRACE] script - #out(`K`) [token]
2021-11-19T10:24:03,809|[TRACE] graph - <------- nonSkippedChar
2021-11-19T10:24:03,809|[TRACE] graph - <----- statementPart
2021-11-19T10:24:03,809|[TRACE] graph - -----> statementPart
2021-11-19T10:24:03,809|[TRACE] graph - -------> nonSkippedChar
2021-11-19T10:24:03,809|[TRACE] script - #out(`S`) [token]
2021-11-19T10:24:03,809|[TRACE] graph - <------- nonSkippedChar
2021-11-19T10:24:03,809|[TRACE] graph - <----- statementPart
2021-11-19T10:24:03,809|[TRACE] graph - -----> statementPart
2021-11-19T10:24:03,809|[TRACE] graph - -------> nonSkippedChar
2021-11-19T10:24:03,809|[TRACE] script - #out(`=`) [token]
2021-11-19T10:24:03,809|[TRACE] graph - <------- nonSkippedChar
2021-11-19T10:24:03,809|[TRACE] graph - <----- statementPart
2021-11-19T10:24:03,809|[TRACE] graph - -----> statementPart
2021-11-19T10:24:03,809|[TRACE] graph - -------> nonSkippedChar
2021-11-19T10:24:03,809|[TRACE] script - #out(`@`) [token]
2021-11-19T10:24:03,809|[TRACE] graph - <------- nonSkippedChar
2021-11-19T10:24:03,809|[TRACE] graph - <----- statementPart
2021-11-19T10:24:03,809|[TRACE] graph - -----> statementPart
2021-11-19T10:24:03,809|[TRACE] graph - -------> nonSkippedChar
2021-11-19T10:24:03,809|[TRACE] script - #out(`@`) [token]
2021-11-19T10:24:03,809|[TRACE] graph - <------- nonSkippedChar
2021-11-19T10:24:03,809|[TRACE] graph - <----- statementPart
2021-11-19T10:24:03,809|[TRACE] graph - -----> statementPart
2021-11-19T10:24:03,809|[TRACE] graph - -------> nonSkippedChar
2021-11-19T10:24:03,809|[TRACE] script - #out(`F`) [token]
2021-11-19T10:24:03,809|[TRACE] graph - <------- nonSkippedChar
2021-11-19T10:24:03,809|[TRACE] graph - <----- statementPart
2021-11-19T10:24:03,809|[TRACE] graph - -----> statementPart
2021-11-19T10:24:03,809|[TRACE] graph - -------> nonSkippedChar
2021-11-19T10:24:03,809|[TRACE] script - #out(`O`) [token]
2021-11-19T10:24:03,809|[TRACE] graph - <------- nonSkippedChar
2021-11-19T10:24:03,809|[TRACE] graph - <----- statementPart
2021-11-19T10:24:03,809|[TRACE] graph - -----> statementPart
2021-11-19T10:24:03,809|[TRACE] graph - -------> nonSkippedChar
2021-11-19T10:24:03,809|[TRACE] script - #out(`R`) [token]
2021-11-19T10:24:03,809|[TRACE] graph - <------- nonSkippedChar
2021-11-19T10:24:03,809|[TRACE] graph - <----- statementPart
2021-11-19T10:24:03,809|[TRACE] graph - -----> statementPart
2021-11-19T10:24:03,809|[TRACE] graph - -------> nonSkippedChar
2021-11-19T10:24:03,809|[TRACE] script - #out(`E`) [token]
2021-11-19T10:24:03,809|[TRACE] graph - <------- nonSkippedChar
2021-11-19T10:24:03,809|[TRACE] graph - <----- statementPart
2021-11-19T10:24:03,809|[TRACE] graph - -----> statementPart
2021-11-19T10:24:03,809|[TRACE] graph - -------> nonSkippedChar
2021-11-19T10:24:03,809|[TRACE] script - #out(`I`) [token]
2021-11-19T10:24:03,809|[TRACE] graph - <------- nonSkippedChar
2021-11-19T10:24:03,809|[TRACE] graph - <----- statementPart
2021-11-19T10:24:03,809|[TRACE] graph - -----> statementPart
2021-11-19T10:24:03,809|[TRACE] graph - -------> nonSkippedChar
2021-11-19T10:24:03,809|[TRACE] script - #out(`G`) [token]
2021-11-19T10:24:03,809|[TRACE] graph - <------- nonSkippedChar
2021-11-19T10:24:03,809|[TRACE] graph - <----- statementPart
2021-11-19T10:24:03,809|[TRACE] graph - -----> statementPart
2021-11-19T10:24:03,809|[TRACE] graph - -------> nonSkippedChar
2021-11-19T10:24:03,809|[TRACE] script - #out(`N`) [token]
2021-11-19T10:24:03,809|[TRACE] graph - <------- nonSkippedChar
2021-11-19T10:24:03,809|[TRACE] graph - <----- statementPart
2021-11-19T10:24:03,809|[TRACE] graph - -----> statementPart
2021-11-19T10:24:03,809|[TRACE] graph - -------> nonSkippedChar
2021-11-19T10:24:03,809|[TRACE] script - #out(`_`) [token]
2021-11-19T10:24:03,809|[TRACE] graph - <------- nonSkippedChar
2021-11-19T10:24:03,809|[TRACE] graph - <----- statementPart
2021-11-19T10:24:03,809|[TRACE] graph - -----> statementPart
2021-11-19T10:24:03,809|[TRACE] graph - -------> nonSkippedChar
2021-11-19T10:24:03,809|[TRACE] script - #out(`K`) [token]
2021-11-19T10:24:03,809|[TRACE] graph - <------- nonSkippedChar
2021-11-19T10:24:03,809|[TRACE] graph - <----- statementPart
2021-11-19T10:24:03,809|[TRACE] graph - -----> statementPart
2021-11-19T10:24:03,809|[TRACE] graph - -------> nonSkippedChar
2021-11-19T10:24:03,809|[TRACE] script - #out(`E`) [token]
2021-11-19T10:24:03,809|[TRACE] graph - <------- nonSkippedChar
2021-11-19T10:24:03,809|[TRACE] graph - <----- statementPart
2021-11-19T10:24:03,809|[TRACE] graph - -----> statementPart
2021-11-19T10:24:03,809|[TRACE] graph - -------> nonSkippedChar
2021-11-19T10:24:03,809|[TRACE] script - #out(`Y`) [token]
2021-11-19T10:24:03,809|[TRACE] graph - <------- nonSkippedChar
2021-11-19T10:24:03,809|[TRACE] graph - <----- statementPart
2021-11-19T10:24:03,809|[TRACE] graph - -----> statementPart
2021-11-19T10:24:03,809|[TRACE] graph - -------> nonSkippedChar
2021-11-19T10:24:03,809|[TRACE] script - #out(`_`) [token]
2021-11-19T10:24:03,809|[TRACE] graph - <------- nonSkippedChar
2021-11-19T10:24:03,809|[TRACE] graph - <----- statementPart
2021-11-19T10:24:03,809|[TRACE] graph - -----> statementPart
2021-11-19T10:24:03,809|[TRACE] graph - -------> nonSkippedChar
2021-11-19T10:24:03,809|[TRACE] script - #out(`C`) [token]
2021-11-19T10:24:03,809|[TRACE] graph - <------- nonSkippedChar
2021-11-19T10:24:03,809|[TRACE] graph - <----- statementPart
2021-11-19T10:24:03,809|[TRACE] graph - -----> statementPart
2021-11-19T10:24:03,809|[TRACE] graph - -------> nonSkippedChar
2021-11-19T10:24:03,809|[TRACE] script - #out(`H`) [token]
2021-11-19T10:24:03,809|[TRACE] graph - <------- nonSkippedChar
2021-11-19T10:24:03,809|[TRACE] graph - <----- statementPart
2021-11-19T10:24:03,809|[TRACE] graph - -----> statementPart
2021-11-19T10:24:03,809|[TRACE] graph - -------> nonSkippedChar
2021-11-19T10:24:03,809|[TRACE] script - #out(`E`) [token]
2021-11-19T10:24:03,809|[TRACE] graph - <------- nonSkippedChar
2021-11-19T10:24:03,809|[TRACE] graph - <----- statementPart
2021-11-19T10:24:03,809|[TRACE] graph - -----> statementPart
2021-11-19T10:24:03,809|[TRACE] graph - -------> nonSkippedChar
2021-11-19T10:24:03,809|[TRACE] script - #out(`C`) [token]
2021-11-19T10:24:03,809|[TRACE] graph - <------- nonSkippedChar
2021-11-19T10:24:03,809|[TRACE] graph - <----- statementPart
2021-11-19T10:24:03,809|[TRACE] graph - -----> statementPart
2021-11-19T10:24:03,809|[TRACE] graph - -------> nonSkippedChar
2021-11-19T10:24:03,809|[TRACE] script - #out(`K`) [token]
2021-11-19T10:24:03,809|[TRACE] graph - <------- nonSkippedChar
2021-11-19T10:24:03,809|[TRACE] graph - <----- statementPart
2021-11-19T10:24:03,809|[TRACE] graph - -----> statementPart
2021-11-19T10:24:03,809|[TRACE] graph - -------> nonSkippedChar
2021-11-19T10:24:03,809|[TRACE] script - #out(`S`) [token]
2021-11-19T10:24:03,809|[TRACE] graph - <------- nonSkippedChar
2021-11-19T10:24:03,809|[TRACE] graph - <----- statementPart
2021-11-19T10:24:03,809|[TRACE] graph - -----> statementPart
2021-11-19T10:24:03,809|[TRACE] graph - -------> nonSkippedChar
2021-11-19T10:24:03,809|[TRACE] script - #out(`,`) [token]
2021-11-19T10:24:03,809|[TRACE] graph - <------- nonSkippedChar
2021-11-19T10:24:03,809|[TRACE] graph - <----- statementPart
2021-11-19T10:24:03,809|[TRACE] graph - -----> statementPart
2021-11-19T10:24:03,809|[TRACE] graph - -------> nonSkippedSpace
2021-11-19T10:24:03,809|[TRACE] script - #out(` `) [token]
2021-11-19T10:24:03,809|[TRACE] graph - <------- nonSkippedSpace
2021-11-19T10:24:03,809|[TRACE] graph - <----- statementPart
2021-11-19T10:24:03,809|[TRACE] graph - -----> statementPart
2021-11-19T10:24:03,809|[TRACE] graph - -------> nonSkippedChar
2021-11-19T10:24:03,809|[TRACE] script - #out(`F`) [token]
2021-11-19T10:24:03,809|[TRACE] graph - <------- nonSkippedChar
2021-11-19T10:24:03,809|[TRACE] graph - <----- statementPart
2021-11-19T10:24:03,809|[TRACE] graph - -----> statementPart
2021-11-19T10:24:03,809|[TRACE] graph - -------> nonSkippedChar
2021-11-19T10:24:03,809|[TRACE] script - #out(`O`) [token]
2021-11-19T10:24:03,809|[TRACE] graph - <------- nonSkippedChar
2021-11-19T10:24:03,809|[TRACE] graph - <----- statementPart
2021-11-19T10:24:03,809|[TRACE] graph - -----> statementPart
2021-11-19T10:24:03,809|[TRACE] graph - -------> nonSkippedChar
2021-11-19T10:24:03,809|[TRACE] script - #out(`R`) [token]
2021-11-19T10:24:03,809|[TRACE] graph - <------- nonSkippedChar
2021-11-19T10:24:03,809|[TRACE] graph - <----- statementPart
2021-11-19T10:24:03,809|[TRACE] graph - -----> statementPart
2021-11-19T10:24:03,809|[TRACE] graph - -------> nonSkippedChar
2021-11-19T10:24:03,809|[TRACE] script - #out(`E`) [token]
2021-11-19T10:24:03,809|[TRACE] graph - <------- nonSkippedChar
2021-11-19T10:24:03,809|[TRACE] graph - <----- statementPart
2021-11-19T10:24:03,809|[TRACE] graph - -----> statementPart
2021-11-19T10:24:03,809|[TRACE] graph - -------> nonSkippedChar
2021-11-19T10:24:03,809|[TRACE] script - #out(`I`) [token]
2021-11-19T10:24:03,809|[TRACE] graph - <------- nonSkippedChar
2021-11-19T10:24:03,809|[TRACE] graph - <----- statementPart
2021-11-19T10:24:03,809|[TRACE] graph - -----> statementPart
2021-11-19T10:24:03,809|[TRACE] graph - -------> nonSkippedChar
2021-11-19T10:24:03,809|[TRACE] script - #out(`G`) [token]
2021-11-19T10:24:03,809|[TRACE] graph - <------- nonSkippedChar
2021-11-19T10:24:03,809|[TRACE] graph - <----- statementPart
2021-11-19T10:24:03,809|[TRACE] graph - -----> statementPart
2021-11-19T10:24:03,809|[TRACE] graph - -------> nonSkippedChar
2021-11-19T10:24:03,809|[TRACE] script - #out(`N`) [token]
2021-11-19T10:24:03,809|[TRACE] graph - <------- nonSkippedChar
2021-11-19T10:24:03,809|[TRACE] graph - <----- statementPart
2021-11-19T10:24:03,809|[TRACE] graph - -----> statementPart
2021-11-19T10:24:03,809|[TRACE] graph - -------> nonSkippedChar
2021-11-19T10:24:03,809|[TRACE] script - #out(`_`) [token]
2021-11-19T10:24:03,809|[TRACE] graph - <------- nonSkippedChar
2021-11-19T10:24:03,809|[TRACE] graph - <----- statementPart
2021-11-19T10:24:03,809|[TRACE] graph - -----> statementPart
2021-11-19T10:24:03,809|[TRACE] graph - -------> nonSkippedChar
2021-11-19T10:24:03,809|[TRACE] script - #out(`K`) [token]
2021-11-19T10:24:03,809|[TRACE] graph - <------- nonSkippedChar
2021-11-19T10:24:03,809|[TRACE] graph - <----- statementPart
2021-11-19T10:24:03,809|[TRACE] graph - -----> statementPart
2021-11-19T10:24:03,809|[TRACE] graph - -------> nonSkippedChar
2021-11-19T10:24:03,809|[TRACE] script - #out(`E`) [token]
2021-11-19T10:24:03,810|[TRACE] graph - <------- nonSkippedChar
2021-11-19T10:24:03,810|[TRACE] graph - <----- statementPart
2021-11-19T10:24:03,810|[TRACE] graph - -----> statementPart
2021-11-19T10:24:03,810|[TRACE] graph - -------> nonSkippedChar
2021-11-19T10:24:03,810|[TRACE] script - #out(`Y`) [token]
2021-11-19T10:24:03,810|[TRACE] graph - <------- nonSkippedChar
2021-11-19T10:24:03,810|[TRACE] graph - <----- statementPart
2021-11-19T10:24:03,810|[TRACE] graph - -----> statementPart
2021-11-19T10:24:03,810|[TRACE] graph - -------> nonSkippedChar
2021-11-19T10:24:03,810|[TRACE] script - #out(`_`) [token]
2021-11-19T10:24:03,810|[TRACE] graph - <------- nonSkippedChar
2021-11-19T10:24:03,810|[TRACE] graph - <----- statementPart
2021-11-19T10:24:03,810|[TRACE] graph - -----> statementPart
2021-11-19T10:24:03,810|[TRACE] graph - -------> nonSkippedChar
2021-11-19T10:24:03,810|[TRACE] script - #out(`C`) [token]
2021-11-19T10:24:03,810|[TRACE] graph - <------- nonSkippedChar
2021-11-19T10:24:03,810|[TRACE] graph - <----- statementPart
2021-11-19T10:24:03,810|[TRACE] graph - -----> statementPart
2021-11-19T10:24:03,810|[TRACE] graph - -------> nonSkippedChar
2021-11-19T10:24:03,810|[TRACE] script - #out(`H`) [token]
2021-11-19T10:24:03,810|[TRACE] graph - <------- nonSkippedChar
2021-11-19T10:24:03,810|[TRACE] graph - <----- statementPart
2021-11-19T10:24:03,810|[TRACE] graph - -----> statementPart
2021-11-19T10:24:03,810|[TRACE] graph - -------> nonSkippedChar
2021-11-19T10:24:03,810|[TRACE] script - #out(`E`) [token]
2021-11-19T10:24:03,810|[TRACE] graph - <------- nonSkippedChar
2021-11-19T10:24:03,810|[TRACE] graph - <----- statementPart
2021-11-19T10:24:03,810|[TRACE] graph - -----> statementPart
2021-11-19T10:24:03,810|[TRACE] graph - -------> nonSkippedChar
2021-11-19T10:24:03,810|[TRACE] script - #out(`C`) [token]
2021-11-19T10:24:03,810|[TRACE] graph - <------- nonSkippedChar
2021-11-19T10:24:03,810|[TRACE] graph - <----- statementPart
2021-11-19T10:24:03,810|[TRACE] graph - -----> statementPart
2021-11-19T10:24:03,810|[TRACE] graph - -------> nonSkippedChar
2021-11-19T10:24:03,810|[TRACE] script - #out(`K`) [token]
2021-11-19T10:24:03,810|[TRACE] graph - <------- nonSkippedChar
2021-11-19T10:24:03,810|[TRACE] graph - <----- statementPart
2021-11-19T10:24:03,810|[TRACE] graph - -----> statementPart
2021-11-19T10:24:03,810|[TRACE] graph - -------> nonSkippedChar
2021-11-19T10:24:03,810|[TRACE] script - #out(`S`) [token]
2021-11-19T10:24:03,810|[TRACE] graph - <------- nonSkippedChar
2021-11-19T10:24:03,810|[TRACE] graph - <----- statementPart
2021-11-19T10:24:03,810|[TRACE] graph - -----> statementPart
2021-11-19T10:24:03,810|[TRACE] graph - -------> nonSkippedChar
2021-11-19T10:24:03,810|[TRACE] script - #out(`=`) [token]
2021-11-19T10:24:03,810|[TRACE] graph - <------- nonSkippedChar
2021-11-19T10:24:03,810|[TRACE] graph - <----- statementPart
2021-11-19T10:24:03,810|[TRACE] graph - -----> statementPart
2021-11-19T10:24:03,810|[TRACE] graph - -------> nonSkippedChar
2021-11-19T10:24:03,810|[TRACE] script - #out(`0`) [token]
2021-11-19T10:24:03,810|[TRACE] graph - <------- nonSkippedChar
2021-11-19T10:24:03,810|[TRACE] graph - <----- statementPart
2021-11-19T10:24:03,810|[DEBUG] graph - Import statement : SET @OLD_FOREIGN_KEY_CHECKS=@@FOREIGN_KEY_CHECKS, FOREIGN_KEY_CHECKS=0
2021-11-19T10:24:03,810|[TRACE] graph - <--- statement
2021-11-19T10:24:03,810|[TRACE] graph - ---> blankSpacesToSkip
2021-11-19T10:24:03,810|[TRACE] graph - -----> newLineToSkip
2021-11-19T10:24:03,810|[TRACE] graph - <----- newLineToSkip
2021-11-19T10:24:03,810|[TRACE] graph - <--- blankSpacesToSkip
2021-11-19T10:24:03,810|[TRACE] graph - ---> statement
2021-11-19T10:24:03,810|[TRACE] graph - -----> statementFirstPart
2021-11-19T10:24:03,810|[TRACE] graph - -------> nonSkippedChar
2021-11-19T10:24:03,810|[TRACE] script - #out(`S`) [token]
2021-11-19T10:24:03,810|[TRACE] graph - <------- nonSkippedChar
2021-11-19T10:24:03,810|[TRACE] graph - <----- statementFirstPart
2021-11-19T10:24:03,810|[TRACE] graph - -----> statementPart
2021-11-19T10:24:03,810|[TRACE] graph - -------> nonSkippedChar
2021-11-19T10:24:03,810|[TRACE] script - #out(`E`) [token]
2021-11-19T10:24:03,810|[TRACE] graph - <------- nonSkippedChar
2021-11-19T10:24:03,810|[TRACE] graph - <----- statementPart
2021-11-19T10:24:03,810|[TRACE] graph - -----> statementPart
2021-11-19T10:24:03,810|[TRACE] graph - -------> nonSkippedChar
2021-11-19T10:24:03,810|[TRACE] script - #out(`T`) [token]
2021-11-19T10:24:03,810|[TRACE] graph - <------- nonSkippedChar
2021-11-19T10:24:03,810|[TRACE] graph - <----- statementPart
2021-11-19T10:24:03,810|[TRACE] graph - -----> statementPart
2021-11-19T10:24:03,810|[TRACE] graph - -------> nonSkippedSpace
2021-11-19T10:24:03,810|[TRACE] script - #out(` `) [token]
2021-11-19T10:24:03,810|[TRACE] graph - <------- nonSkippedSpace
2021-11-19T10:24:03,810|[TRACE] graph - <----- statementPart
2021-11-19T10:24:03,810|[TRACE] graph - -----> statementPart
2021-11-19T10:24:03,810|[TRACE] graph - -------> nonSkippedChar
2021-11-19T10:24:03,810|[TRACE] script - #out(`@`) [token]
2021-11-19T10:24:03,810|[TRACE] graph - <------- nonSkippedChar
2021-11-19T10:24:03,810|[TRACE] graph - <----- statementPart
2021-11-19T10:24:03,810|[TRACE] graph - -----> statementPart
2021-11-19T10:24:03,810|[TRACE] graph - -------> nonSkippedChar
2021-11-19T10:24:03,810|[TRACE] script - #out(`O`) [token]
2021-11-19T10:24:03,810|[TRACE] graph - <------- nonSkippedChar
2021-11-19T10:24:03,810|[TRACE] graph - <----- statementPart
2021-11-19T10:24:03,810|[TRACE] graph - -----> statementPart
2021-11-19T10:24:03,810|[TRACE] graph - -------> nonSkippedChar
2021-11-19T10:24:03,810|[TRACE] script - #out(`L`) [token]
2021-11-19T10:24:03,810|[TRACE] graph - <------- nonSkippedChar
2021-11-19T10:24:03,810|[TRACE] graph - <----- statementPart
2021-11-19T10:24:03,810|[TRACE] graph - -----> statementPart
2021-11-19T10:24:03,810|[TRACE] graph - -------> nonSkippedChar
2021-11-19T10:24:03,810|[TRACE] script - #out(`D`) [token]
2021-11-19T10:24:03,810|[TRACE] graph - <------- nonSkippedChar
2021-11-19T10:24:03,810|[TRACE] graph - <----- statementPart
2021-11-19T10:24:03,810|[TRACE] graph - -----> statementPart
2021-11-19T10:24:03,810|[TRACE] graph - -------> nonSkippedChar
2021-11-19T10:24:03,810|[TRACE] script - #out(`_`) [token]
2021-11-19T10:24:03,810|[TRACE] graph - <------- nonSkippedChar
2021-11-19T10:24:03,810|[TRACE] graph - <----- statementPart
2021-11-19T10:24:03,810|[TRACE] graph - -----> statementPart
2021-11-19T10:24:03,810|[TRACE] graph - -------> nonSkippedChar
2021-11-19T10:24:03,810|[TRACE] script - #out(`S`) [token]
2021-11-19T10:24:03,810|[TRACE] graph - <------- nonSkippedChar
2021-11-19T10:24:03,810|[TRACE] graph - <----- statementPart
2021-11-19T10:24:03,810|[TRACE] graph - -----> statementPart
2021-11-19T10:24:03,810|[TRACE] graph - -------> nonSkippedChar
2021-11-19T10:24:03,810|[TRACE] script - #out(`Q`) [token]
2021-11-19T10:24:03,810|[TRACE] graph - <------- nonSkippedChar
2021-11-19T10:24:03,810|[TRACE] graph - <----- statementPart
2021-11-19T10:24:03,810|[TRACE] graph - -----> statementPart
2021-11-19T10:24:03,810|[TRACE] graph - -------> nonSkippedChar
2021-11-19T10:24:03,810|[TRACE] script - #out(`L`) [token]
2021-11-19T10:24:03,810|[TRACE] graph - <------- nonSkippedChar
2021-11-19T10:24:03,810|[TRACE] graph - <----- statementPart
2021-11-19T10:24:03,810|[TRACE] graph - -----> statementPart
2021-11-19T10:24:03,810|[TRACE] graph - -------> nonSkippedChar
2021-11-19T10:24:03,810|[TRACE] script - #out(`_`) [token]
2021-11-19T10:24:03,810|[TRACE] graph - <------- nonSkippedChar
2021-11-19T10:24:03,810|[TRACE] graph - <----- statementPart
2021-11-19T10:24:03,810|[TRACE] graph - -----> statementPart
2021-11-19T10:24:03,810|[TRACE] graph - -------> nonSkippedChar
2021-11-19T10:24:03,810|[TRACE] script - #out(`M`) [token]
2021-11-19T10:24:03,810|[TRACE] graph - <------- nonSkippedChar
2021-11-19T10:24:03,810|[TRACE] graph - <----- statementPart
2021-11-19T10:24:03,810|[TRACE] graph - -----> statementPart
2021-11-19T10:24:03,810|[TRACE] graph - -------> nonSkippedChar
2021-11-19T10:24:03,810|[TRACE] script - #out(`O`) [token]
2021-11-19T10:24:03,810|[TRACE] graph - <------- nonSkippedChar
2021-11-19T10:24:03,810|[TRACE] graph - <----- statementPart
2021-11-19T10:24:03,811|[TRACE] graph - -----> statementPart
2021-11-19T10:24:03,811|[TRACE] graph - -------> nonSkippedChar
2021-11-19T10:24:03,811|[TRACE] script - #out(`D`) [token]
2021-11-19T10:24:03,811|[TRACE] graph - <------- nonSkippedChar
2021-11-19T10:24:03,811|[TRACE] graph - <----- statementPart
2021-11-19T10:24:03,811|[TRACE] graph - -----> statementPart
2021-11-19T10:24:03,811|[TRACE] graph - -------> nonSkippedChar
2021-11-19T10:24:03,811|[TRACE] script - #out(`E`) [token]
2021-11-19T10:24:03,811|[TRACE] graph - <------- nonSkippedChar
2021-11-19T10:24:03,811|[TRACE] graph - <----- statementPart
2021-11-19T10:24:03,811|[TRACE] graph - -----> statementPart
2021-11-19T10:24:03,811|[TRACE] graph - -------> nonSkippedChar
2021-11-19T10:24:03,811|[TRACE] script - #out(`=`) [token]
2021-11-19T10:24:03,811|[TRACE] graph - <------- nonSkippedChar
2021-11-19T10:24:03,811|[TRACE] graph - <----- statementPart
2021-11-19T10:24:03,811|[TRACE] graph - -----> statementPart
2021-11-19T10:24:03,811|[TRACE] graph - -------> nonSkippedChar
2021-11-19T10:24:03,811|[TRACE] script - #out(`@`) [token]
2021-11-19T10:24:03,811|[TRACE] graph - <------- nonSkippedChar
2021-11-19T10:24:03,811|[TRACE] graph - <----- statementPart
2021-11-19T10:24:03,811|[TRACE] graph - -----> statementPart
2021-11-19T10:24:03,811|[TRACE] graph - -------> nonSkippedChar
2021-11-19T10:24:03,811|[TRACE] script - #out(`@`) [token]
2021-11-19T10:24:03,811|[TRACE] graph - <------- nonSkippedChar
2021-11-19T10:24:03,811|[TRACE] graph - <----- statementPart
2021-11-19T10:24:03,811|[TRACE] graph - -----> statementPart
2021-11-19T10:24:03,811|[TRACE] graph - -------> nonSkippedChar
2021-11-19T10:24:03,811|[TRACE] script - #out(`S`) [token]
2021-11-19T10:24:03,811|[TRACE] graph - <------- nonSkippedChar
2021-11-19T10:24:03,811|[TRACE] graph - <----- statementPart
2021-11-19T10:24:03,811|[TRACE] graph - -----> statementPart
2021-11-19T10:24:03,811|[TRACE] graph - -------> nonSkippedChar
2021-11-19T10:24:03,811|[TRACE] script - #out(`Q`) [token]
2021-11-19T10:24:03,811|[TRACE] graph - <------- nonSkippedChar
2021-11-19T10:24:03,811|[TRACE] graph - <----- statementPart
2021-11-19T10:24:03,811|[TRACE] graph - -----> statementPart
2021-11-19T10:24:03,811|[TRACE] graph - -------> nonSkippedChar
2021-11-19T10:24:03,811|[TRACE] script - #out(`L`) [token]
2021-11-19T10:24:03,811|[TRACE] graph - <------- nonSkippedChar
2021-11-19T10:24:03,811|[TRACE] graph - <----- statementPart
2021-11-19T10:24:03,811|[TRACE] graph - -----> statementPart
2021-11-19T10:24:03,811|[TRACE] graph - -------> nonSkippedChar
2021-11-19T10:24:03,811|[TRACE] script - #out(`_`) [token]
2021-11-19T10:24:03,811|[TRACE] graph - <------- nonSkippedChar
2021-11-19T10:24:03,811|[TRACE] graph - <----- statementPart
2021-11-19T10:24:03,811|[TRACE] graph - -----> statementPart
2021-11-19T10:24:03,811|[TRACE] graph - -------> nonSkippedChar
2021-11-19T10:24:03,811|[TRACE] script - #out(`M`) [token]
2021-11-19T10:24:03,811|[TRACE] graph - <------- nonSkippedChar
2021-11-19T10:24:03,811|[TRACE] graph - <----- statementPart
2021-11-19T10:24:03,811|[TRACE] graph - -----> statementPart
2021-11-19T10:24:03,811|[TRACE] graph - -------> nonSkippedChar
2021-11-19T10:24:03,811|[TRACE] script - #out(`O`) [token]
2021-11-19T10:24:03,811|[TRACE] graph - <------- nonSkippedChar
2021-11-19T10:24:03,811|[TRACE] graph - <----- statementPart
2021-11-19T10:24:03,811|[TRACE] graph - -----> statementPart
2021-11-19T10:24:03,811|[TRACE] graph - -------> nonSkippedChar
2021-11-19T10:24:03,811|[TRACE] script - #out(`D`) [token]
2021-11-19T10:24:03,811|[TRACE] graph - <------- nonSkippedChar
2021-11-19T10:24:03,811|[TRACE] graph - <----- statementPart
2021-11-19T10:24:03,811|[TRACE] graph - -----> statementPart
2021-11-19T10:24:03,811|[TRACE] graph - -------> nonSkippedChar
2021-11-19T10:24:03,811|[TRACE] script - #out(`E`) [token]
2021-11-19T10:24:03,811|[TRACE] graph - <------- nonSkippedChar
2021-11-19T10:24:03,811|[TRACE] graph - <----- statementPart
2021-11-19T10:24:03,811|[TRACE] graph - -----> statementPart
2021-11-19T10:24:03,811|[TRACE] graph - -------> nonSkippedChar
2021-11-19T10:24:03,811|[TRACE] script - #out(`,`) [token]
2021-11-19T10:24:03,811|[TRACE] graph - <------- nonSkippedChar
2021-11-19T10:24:03,811|[TRACE] graph - <----- statementPart
2021-11-19T10:24:03,811|[TRACE] graph - -----> statementPart
2021-11-19T10:24:03,811|[TRACE] graph - -------> nonSkippedSpace
2021-11-19T10:24:03,811|[TRACE] script - #out(` `) [token]
2021-11-19T10:24:03,811|[TRACE] graph - <------- nonSkippedSpace
2021-11-19T10:24:03,811|[TRACE] graph - <----- statementPart
2021-11-19T10:24:03,811|[TRACE] graph - -----> statementPart
2021-11-19T10:24:03,811|[TRACE] graph - -------> nonSkippedChar
2021-11-19T10:24:03,811|[TRACE] script - #out(`S`) [token]
2021-11-19T10:24:03,811|[TRACE] graph - <------- nonSkippedChar
2021-11-19T10:24:03,811|[TRACE] graph - <----- statementPart
2021-11-19T10:24:03,811|[TRACE] graph - -----> statementPart
2021-11-19T10:24:03,811|[TRACE] graph - -------> nonSkippedChar
2021-11-19T10:24:03,811|[TRACE] script - #out(`Q`) [token]
2021-11-19T10:24:03,811|[TRACE] graph - <------- nonSkippedChar
2021-11-19T10:24:03,811|[TRACE] graph - <----- statementPart
2021-11-19T10:24:03,811|[TRACE] graph - -----> statementPart
2021-11-19T10:24:03,811|[TRACE] graph - -------> nonSkippedChar
2021-11-19T10:24:03,811|[TRACE] script - #out(`L`) [token]
2021-11-19T10:24:03,811|[TRACE] graph - <------- nonSkippedChar
2021-11-19T10:24:03,811|[TRACE] graph - <----- statementPart
2021-11-19T10:24:03,811|[TRACE] graph - -----> statementPart
2021-11-19T10:24:03,811|[TRACE] graph - -------> nonSkippedChar
2021-11-19T10:24:03,811|[TRACE] script - #out(`_`) [token]
2021-11-19T10:24:03,811|[TRACE] graph - <------- nonSkippedChar
2021-11-19T10:24:03,811|[TRACE] graph - <----- statementPart
2021-11-19T10:24:03,811|[TRACE] graph - -----> statementPart
2021-11-19T10:24:03,811|[TRACE] graph - -------> nonSkippedChar
2021-11-19T10:24:03,811|[TRACE] script - #out(`M`) [token]
2021-11-19T10:24:03,811|[TRACE] graph - <------- nonSkippedChar
2021-11-19T10:24:03,811|[TRACE] graph - <----- statementPart
2021-11-19T10:24:03,811|[TRACE] graph - -----> statementPart
2021-11-19T10:24:03,811|[TRACE] graph - -------> nonSkippedChar
2021-11-19T10:24:03,811|[TRACE] script - #out(`O`) [token]
2021-11-19T10:24:03,811|[TRACE] graph - <------- nonSkippedChar
2021-11-19T10:24:03,811|[TRACE] graph - <----- statementPart
2021-11-19T10:24:03,811|[TRACE] graph - -----> statementPart
2021-11-19T10:24:03,811|[TRACE] graph - -------> nonSkippedChar
2021-11-19T10:24:03,811|[TRACE] script - #out(`D`) [token]
2021-11-19T10:24:03,811|[TRACE] graph - <------- nonSkippedChar
2021-11-19T10:24:03,811|[TRACE] graph - <----- statementPart
2021-11-19T10:24:03,811|[TRACE] graph - -----> statementPart
2021-11-19T10:24:03,811|[TRACE] graph - -------> nonSkippedChar
2021-11-19T10:24:03,811|[TRACE] script - #out(`E`) [token]
2021-11-19T10:24:03,811|[TRACE] graph - <------- nonSkippedChar
2021-11-19T10:24:03,811|[TRACE] graph - <----- statementPart
2021-11-19T10:24:03,811|[TRACE] graph - -----> statementPart
2021-11-19T10:24:03,811|[TRACE] graph - -------> nonSkippedChar
2021-11-19T10:24:03,811|[TRACE] script - #out(`=`) [token]
2021-11-19T10:24:03,811|[TRACE] graph - <------- nonSkippedChar
2021-11-19T10:24:03,811|[TRACE] graph - <----- statementPart
2021-11-19T10:24:03,811|[TRACE] graph - -----> statementPart
2021-11-19T10:24:03,811|[TRACE] graph - -------> quotedString
2021-11-19T10:24:03,811|[TRACE] script - #out(`'ONLY_FULL_GROUP_BY,STRICT_TRANS_TABLES,NO_ZERO_IN_DATE,NO_ZERO_DATE,ERROR_FOR_DIVISION_BY_ZERO,NO_ENGINE_SUBSTITUTION'`) [token]
2021-11-19T10:24:03,811|[TRACE] graph - <------- quotedString
2021-11-19T10:24:03,811|[TRACE] graph - <----- statementPart
2021-11-19T10:24:03,811|[DEBUG] graph - Import statement : SET @OLD_SQL_MODE=@@SQL_MODE, SQL_MODE='ONLY_FULL_GROUP_BY,STRICT_TRANS_TABLES,NO_ZERO_IN_DATE,NO_ZERO_DATE,ERROR_FOR_DIVISION_BY_ZERO,NO_ENGINE_SUBSTITUTION'
2021-11-19T10:24:03,811|[TRACE] graph - <--- statement
2021-11-19T10:24:03,811|[TRACE] graph - ---> blankSpacesToSkip
2021-11-19T10:24:03,811|[TRACE] graph - -----> newLineToSkip
2021-11-19T10:24:03,811|[TRACE] graph - <----- newLineToSkip
2021-11-19T10:24:03,811|[TRACE] graph - -----> newLineToSkip
2021-11-19T10:24:03,811|[TRACE] graph - <----- newLineToSkip
2021-11-19T10:24:03,811|[TRACE] graph - -----> newLineToSkip
2021-11-19T10:24:03,811|[TRACE] graph - <----- newLineToSkip
2021-11-19T10:24:03,811|[TRACE] graph - -----> newLineToSkip
2021-11-19T10:24:03,811|[TRACE] graph - <----- newLineToSkip
2021-11-19T10:24:03,811|[TRACE] graph - -----> newLineToSkip
2021-11-19T10:24:03,811|[TRACE] graph - <----- newLineToSkip
2021-11-19T10:24:03,811|[TRACE] graph - <--- blankSpacesToSkip
2021-11-19T10:24:03,811|[TRACE] graph - ---> statement
2021-11-19T10:24:03,811|[TRACE] graph - -----> statementFirstPart
2021-11-19T10:24:03,811|[TRACE] graph - -------> nonSkippedChar
2021-11-19T10:24:03,811|[TRACE] script - #out(`C`) [token]
2021-11-19T10:24:03,811|[TRACE] graph - <------- nonSkippedChar
2021-11-19T10:24:03,811|[TRACE] graph - <----- statementFirstPart
2021-11-19T10:24:03,811|[TRACE] graph - -----> statementPart
2021-11-19T10:24:03,811|[TRACE] graph - -------> nonSkippedChar
2021-11-19T10:24:03,812|[TRACE] script - #out(`R`) [token]
2021-11-19T10:24:03,812|[TRACE] graph - <------- nonSkippedChar
2021-11-19T10:24:03,812|[TRACE] graph - <----- statementPart
2021-11-19T10:24:03,812|[TRACE] graph - -----> statementPart
2021-11-19T10:24:03,812|[TRACE] graph - -------> nonSkippedChar
2021-11-19T10:24:03,812|[TRACE] script - #out(`E`) [token]
2021-11-19T10:24:03,812|[TRACE] graph - <------- nonSkippedChar
2021-11-19T10:24:03,812|[TRACE] graph - <----- statementPart
2021-11-19T10:24:03,812|[TRACE] graph - -----> statementPart
2021-11-19T10:24:03,812|[TRACE] graph - -------> nonSkippedChar
2021-11-19T10:24:03,812|[TRACE] script - #out(`A`) [token]
2021-11-19T10:24:03,812|[TRACE] graph - <------- nonSkippedChar
2021-11-19T10:24:03,812|[TRACE] graph - <----- statementPart
2021-11-19T10:24:03,812|[TRACE] graph - -----> statementPart
2021-11-19T10:24:03,812|[TRACE] graph - -------> nonSkippedChar
2021-11-19T10:24:03,812|[TRACE] script - #out(`T`) [token]
2021-11-19T10:24:03,812|[TRACE] graph - <------- nonSkippedChar
2021-11-19T10:24:03,812|[TRACE] graph - <----- statementPart
2021-11-19T10:24:03,812|[TRACE] graph - -----> statementPart
2021-11-19T10:24:03,812|[TRACE] graph - -------> nonSkippedChar
2021-11-19T10:24:03,812|[TRACE] script - #out(`E`) [token]
2021-11-19T10:24:03,812|[TRACE] graph - <------- nonSkippedChar
2021-11-19T10:24:03,812|[TRACE] graph - <----- statementPart
2021-11-19T10:24:03,812|[TRACE] graph - -----> statementPart
2021-11-19T10:24:03,812|[TRACE] graph - -------> nonSkippedSpace
2021-11-19T10:24:03,812|[TRACE] script - #out(` `) [token]
2021-11-19T10:24:03,812|[TRACE] graph - <------- nonSkippedSpace
2021-11-19T10:24:03,812|[TRACE] graph - <----- statementPart
2021-11-19T10:24:03,812|[TRACE] graph - -----> statementPart
2021-11-19T10:24:03,812|[TRACE] graph - -------> nonSkippedChar
2021-11-19T10:24:03,812|[TRACE] script - #out(`S`) [token]
2021-11-19T10:24:03,812|[TRACE] graph - <------- nonSkippedChar
2021-11-19T10:24:03,812|[TRACE] graph - <----- statementPart
2021-11-19T10:24:03,812|[TRACE] graph - -----> statementPart
2021-11-19T10:24:03,812|[TRACE] graph - -------> nonSkippedChar
2021-11-19T10:24:03,812|[TRACE] script - #out(`C`) [token]
2021-11-19T10:24:03,812|[TRACE] graph - <------- nonSkippedChar
2021-11-19T10:24:03,812|[TRACE] graph - <----- statementPart
2021-11-19T10:24:03,812|[TRACE] graph - -----> statementPart
2021-11-19T10:24:03,812|[TRACE] graph - -------> nonSkippedChar
2021-11-19T10:24:03,812|[TRACE] script - #out(`H`) [token]
2021-11-19T10:24:03,812|[TRACE] graph - <------- nonSkippedChar
2021-11-19T10:24:03,812|[TRACE] graph - <----- statementPart
2021-11-19T10:24:03,812|[TRACE] graph - -----> statementPart
2021-11-19T10:24:03,812|[TRACE] graph - -------> nonSkippedChar
2021-11-19T10:24:03,812|[TRACE] script - #out(`E`) [token]
2021-11-19T10:24:03,812|[TRACE] graph - <------- nonSkippedChar
2021-11-19T10:24:03,812|[TRACE] graph - <----- statementPart
2021-11-19T10:24:03,812|[TRACE] graph - -----> statementPart
2021-11-19T10:24:03,812|[TRACE] graph - -------> nonSkippedChar
2021-11-19T10:24:03,812|[TRACE] script - #out(`M`) [token]
2021-11-19T10:24:03,812|[TRACE] graph - <------- nonSkippedChar
2021-11-19T10:24:03,812|[TRACE] graph - <----- statementPart
2021-11-19T10:24:03,812|[TRACE] graph - -----> statementPart
2021-11-19T10:24:03,812|[TRACE] graph - -------> nonSkippedChar
2021-11-19T10:24:03,812|[TRACE] script - #out(`A`) [token]
2021-11-19T10:24:03,812|[TRACE] graph - <------- nonSkippedChar
2021-11-19T10:24:03,812|[TRACE] graph - <----- statementPart
2021-11-19T10:24:03,812|[TRACE] graph - -----> statementPart
2021-11-19T10:24:03,812|[TRACE] graph - -------> nonSkippedSpace
2021-11-19T10:24:03,812|[TRACE] script - #out(` `) [token]
2021-11-19T10:24:03,812|[TRACE] graph - <------- nonSkippedSpace
2021-11-19T10:24:03,812|[TRACE] graph - <----- statementPart
2021-11-19T10:24:03,812|[TRACE] graph - -----> statementPart
2021-11-19T10:24:03,812|[TRACE] graph - -------> nonSkippedChar
2021-11-19T10:24:03,812|[TRACE] script - #out(`I`) [token]
2021-11-19T10:24:03,812|[TRACE] graph - <------- nonSkippedChar
2021-11-19T10:24:03,812|[TRACE] graph - <----- statementPart
2021-11-19T10:24:03,812|[TRACE] graph - -----> statementPart
2021-11-19T10:24:03,812|[TRACE] graph - -------> nonSkippedChar
2021-11-19T10:24:03,812|[TRACE] script - #out(`F`) [token]
2021-11-19T10:24:03,812|[TRACE] graph - <------- nonSkippedChar
2021-11-19T10:24:03,812|[TRACE] graph - <----- statementPart
2021-11-19T10:24:03,812|[TRACE] graph - -----> statementPart
2021-11-19T10:24:03,812|[TRACE] graph - -------> nonSkippedSpace
2021-11-19T10:24:03,812|[TRACE] script - #out(` `) [token]
2021-11-19T10:24:03,812|[TRACE] graph - <------- nonSkippedSpace
2021-11-19T10:24:03,812|[TRACE] graph - <----- statementPart
2021-11-19T10:24:03,812|[TRACE] graph - -----> statementPart
2021-11-19T10:24:03,812|[TRACE] graph - -------> nonSkippedChar
2021-11-19T10:24:03,812|[TRACE] script - #out(`N`) [token]
2021-11-19T10:24:03,812|[TRACE] graph - <------- nonSkippedChar
2021-11-19T10:24:03,812|[TRACE] graph - <----- statementPart
2021-11-19T10:24:03,812|[TRACE] graph - -----> statementPart
2021-11-19T10:24:03,812|[TRACE] graph - -------> nonSkippedChar
2021-11-19T10:24:03,812|[TRACE] script - #out(`O`) [token]
2021-11-19T10:24:03,812|[TRACE] graph - <------- nonSkippedChar
2021-11-19T10:24:03,812|[TRACE] graph - <----- statementPart
2021-11-19T10:24:03,812|[TRACE] graph - -----> statementPart
2021-11-19T10:24:03,812|[TRACE] graph - -------> nonSkippedChar
2021-11-19T10:24:03,812|[TRACE] script - #out(`T`) [token]
2021-11-19T10:24:03,812|[TRACE] graph - <------- nonSkippedChar
2021-11-19T10:24:03,812|[TRACE] graph - <----- statementPart
2021-11-19T10:24:03,812|[TRACE] graph - -----> statementPart
2021-11-19T10:24:03,812|[TRACE] graph - -------> nonSkippedSpace
2021-11-19T10:24:03,812|[TRACE] script - #out(` `) [token]
2021-11-19T10:24:03,812|[TRACE] graph - <------- nonSkippedSpace
2021-11-19T10:24:03,812|[TRACE] graph - <----- statementPart
2021-11-19T10:24:03,812|[TRACE] graph - -----> statementPart
2021-11-19T10:24:03,812|[TRACE] graph - -------> nonSkippedChar
2021-11-19T10:24:03,812|[TRACE] script - #out(`E`) [token]
2021-11-19T10:24:03,812|[TRACE] graph - <------- nonSkippedChar
2021-11-19T10:24:03,812|[TRACE] graph - <----- statementPart
2021-11-19T10:24:03,812|[TRACE] graph - -----> statementPart
2021-11-19T10:24:03,812|[TRACE] graph - -------> nonSkippedChar
2021-11-19T10:24:03,812|[TRACE] script - #out(`X`) [token]
2021-11-19T10:24:03,812|[TRACE] graph - <------- nonSkippedChar
2021-11-19T10:24:03,812|[TRACE] graph - <----- statementPart
2021-11-19T10:24:03,812|[TRACE] graph - -----> statementPart
2021-11-19T10:24:03,812|[TRACE] graph - -------> nonSkippedChar
2021-11-19T10:24:03,812|[TRACE] script - #out(`I`) [token]
2021-11-19T10:24:03,812|[TRACE] graph - <------- nonSkippedChar
2021-11-19T10:24:03,812|[TRACE] graph - <----- statementPart
2021-11-19T10:24:03,812|[TRACE] graph - -----> statementPart
2021-11-19T10:24:03,812|[TRACE] graph - -------> nonSkippedChar
2021-11-19T10:24:03,812|[TRACE] script - #out(`S`) [token]
2021-11-19T10:24:03,812|[TRACE] graph - <------- nonSkippedChar
2021-11-19T10:24:03,812|[TRACE] graph - <----- statementPart
2021-11-19T10:24:03,812|[TRACE] graph - -----> statementPart
2021-11-19T10:24:03,812|[TRACE] graph - -------> nonSkippedChar
2021-11-19T10:24:03,812|[TRACE] script - #out(`T`) [token]
2021-11-19T10:24:03,812|[TRACE] graph - <------- nonSkippedChar
2021-11-19T10:24:03,812|[TRACE] graph - <----- statementPart
2021-11-19T10:24:03,812|[TRACE] graph - -----> statementPart
2021-11-19T10:24:03,812|[TRACE] graph - -------> nonSkippedChar
2021-11-19T10:24:03,812|[TRACE] script - #out(`S`) [token]
2021-11-19T10:24:03,812|[TRACE] graph - <------- nonSkippedChar
2021-11-19T10:24:03,812|[TRACE] graph - <----- statementPart
2021-11-19T10:24:03,812|[TRACE] graph - -----> statementPart
2021-11-19T10:24:03,812|[TRACE] graph - -------> nonSkippedSpace
2021-11-19T10:24:03,812|[TRACE] script - #out(` `) [token]
2021-11-19T10:24:03,812|[TRACE] graph - <------- nonSkippedSpace
2021-11-19T10:24:03,812|[TRACE] graph - <----- statementPart
2021-11-19T10:24:03,812|[TRACE] graph - -----> statementPart
2021-11-19T10:24:03,812|[TRACE] graph - -------> quotedString
2021-11-19T10:24:03,812|[TRACE] script - #out(``bloodbank``) [token]
2021-11-19T10:24:03,812|[TRACE] graph - <------- quotedString
2021-11-19T10:24:03,812|[TRACE] graph - <----- statementPart
2021-11-19T10:24:03,812|[TRACE] graph - -----> statementPart
2021-11-19T10:24:03,812|[TRACE] graph - -------> nonSkippedSpace
2021-11-19T10:24:03,812|[TRACE] script - #out(` `) [token]
2021-11-19T10:24:03,812|[TRACE] graph - <------- nonSkippedSpace
2021-11-19T10:24:03,812|[TRACE] graph - <----- statementPart
2021-11-19T10:24:03,812|[TRACE] graph - -----> statementPart
2021-11-19T10:24:03,812|[TRACE] graph - -------> nonSkippedChar
2021-11-19T10:24:03,812|[TRACE] script - #out(`D`) [token]
2021-11-19T10:24:03,812|[TRACE] graph - <------- nonSkippedChar
2021-11-19T10:24:03,812|[TRACE] graph - <----- statementPart
2021-11-19T10:24:03,812|[TRACE] graph - -----> statementPart
2021-11-19T10:24:03,812|[TRACE] graph - -------> nonSkippedChar
2021-11-19T10:24:03,812|[TRACE] script - #out(`E`) [token]
2021-11-19T10:24:03,812|[TRACE] graph - <------- nonSkippedChar
2021-11-19T10:24:03,812|[TRACE] graph - <----- statementPart
2021-11-19T10:24:03,812|[TRACE] graph - -----> statementPart
2021-11-19T10:24:03,812|[TRACE] graph - -------> nonSkippedChar
2021-11-19T10:24:03,812|[TRACE] script - #out(`F`) [token]
2021-11-19T10:24:03,812|[TRACE] graph - <------- nonSkippedChar
2021-11-19T10:24:03,812|[TRACE] graph - <----- statementPart
2021-11-19T10:24:03,812|[TRACE] graph - -----> statementPart
2021-11-19T10:24:03,812|[TRACE] graph - -------> nonSkippedChar
2021-11-19T10:24:03,812|[TRACE] script - #out(`A`) [token]
2021-11-19T10:24:03,812|[TRACE] graph - <------- nonSkippedChar
2021-11-19T10:24:03,812|[TRACE] graph - <----- statementPart
2021-11-19T10:24:03,812|[TRACE] graph - -----> statementPart
2021-11-19T10:24:03,812|[TRACE] graph - -------> nonSkippedChar
2021-11-19T10:24:03,812|[TRACE] script - #out(`U`) [token]
2021-11-19T10:24:03,812|[TRACE] graph - <------- nonSkippedChar
2021-11-19T10:24:03,812|[TRACE] graph - <----- statementPart
2021-11-19T10:24:03,812|[TRACE] graph - -----> statementPart
2021-11-19T10:24:03,812|[TRACE] graph - -------> nonSkippedChar
2021-11-19T10:24:03,813|[TRACE] script - #out(`L`) [token]
2021-11-19T10:24:03,813|[TRACE] graph - <------- nonSkippedChar
2021-11-19T10:24:03,813|[TRACE] graph - <----- statementPart
2021-11-19T10:24:03,813|[TRACE] graph - -----> statementPart
2021-11-19T10:24:03,813|[TRACE] graph - -------> nonSkippedChar
2021-11-19T10:24:03,813|[TRACE] script - #out(`T`) [token]
2021-11-19T10:24:03,813|[TRACE] graph - <------- nonSkippedChar
2021-11-19T10:24:03,813|[TRACE] graph - <----- statementPart
2021-11-19T10:24:03,813|[TRACE] graph - -----> statementPart
2021-11-19T10:24:03,813|[TRACE] graph - -------> nonSkippedSpace
2021-11-19T10:24:03,813|[TRACE] script - #out(` `) [token]
2021-11-19T10:24:03,813|[TRACE] graph - <------- nonSkippedSpace
2021-11-19T10:24:03,813|[TRACE] graph - <----- statementPart
2021-11-19T10:24:03,813|[TRACE] graph - -----> statementPart
2021-11-19T10:24:03,813|[TRACE] graph - -------> nonSkippedChar
2021-11-19T10:24:03,813|[TRACE] script - #out(`C`) [token]
2021-11-19T10:24:03,813|[TRACE] graph - <------- nonSkippedChar
2021-11-19T10:24:03,813|[TRACE] graph - <----- statementPart
2021-11-19T10:24:03,813|[TRACE] graph - -----> statementPart
2021-11-19T10:24:03,813|[TRACE] graph - -------> nonSkippedChar
2021-11-19T10:24:03,813|[TRACE] script - #out(`H`) [token]
2021-11-19T10:24:03,813|[TRACE] graph - <------- nonSkippedChar
2021-11-19T10:24:03,813|[TRACE] graph - <----- statementPart
2021-11-19T10:24:03,813|[TRACE] graph - -----> statementPart
2021-11-19T10:24:03,813|[TRACE] graph - -------> nonSkippedChar
2021-11-19T10:24:03,813|[TRACE] script - #out(`A`) [token]
2021-11-19T10:24:03,813|[TRACE] graph - <------- nonSkippedChar
2021-11-19T10:24:03,813|[TRACE] graph - <----- statementPart
2021-11-19T10:24:03,813|[TRACE] graph - -----> statementPart
2021-11-19T10:24:03,813|[TRACE] graph - -------> nonSkippedChar
2021-11-19T10:24:03,813|[TRACE] script - #out(`R`) [token]
2021-11-19T10:24:03,813|[TRACE] graph - <------- nonSkippedChar
2021-11-19T10:24:03,813|[TRACE] graph - <----- statementPart
2021-11-19T10:24:03,813|[TRACE] graph - -----> statementPart
2021-11-19T10:24:03,813|[TRACE] graph - -------> nonSkippedChar
2021-11-19T10:24:03,813|[TRACE] script - #out(`A`) [token]
2021-11-19T10:24:03,813|[TRACE] graph - <------- nonSkippedChar
2021-11-19T10:24:03,813|[TRACE] graph - <----- statementPart
2021-11-19T10:24:03,858|[TRACE] graph - -----> statementPart
2021-11-19T10:24:03,858|[TRACE] graph - -------> nonSkippedChar
2021-11-19T10:24:03,858|[TRACE] script - #out(`C`) [token]
2021-11-19T10:24:03,858|[TRACE] graph - <------- nonSkippedChar
2021-11-19T10:24:03,858|[TRACE] graph - <----- statementPart
2021-11-19T10:24:03,858|[TRACE] graph - -----> statementPart
2021-11-19T10:24:03,858|[TRACE] graph - -------> nonSkippedChar
2021-11-19T10:24:03,858|[TRACE] script - #out(`T`) [token]
2021-11-19T10:24:03,858|[TRACE] graph - <------- nonSkippedChar
2021-11-19T10:24:03,858|[TRACE] graph - <----- statementPart
2021-11-19T10:24:03,858|[TRACE] graph - -----> statementPart
2021-11-19T10:24:03,858|[TRACE] graph - -------> nonSkippedChar
2021-11-19T10:24:03,858|[TRACE] script - #out(`E`) [token]
2021-11-19T10:24:03,858|[TRACE] graph - <------- nonSkippedChar
2021-11-19T10:24:03,858|[TRACE] graph - <----- statementPart
2021-11-19T10:24:03,858|[TRACE] graph - -----> statementPart
2021-11-19T10:24:03,858|[TRACE] graph - -------> nonSkippedChar
2021-11-19T10:24:03,858|[TRACE] script - #out(`R`) [token]
2021-11-19T10:24:03,858|[TRACE] graph - <------- nonSkippedChar
2021-11-19T10:24:03,858|[TRACE] graph - <----- statementPart
2021-11-19T10:24:03,858|[TRACE] graph - -----> statementPart
2021-11-19T10:24:03,858|[TRACE] graph - -------> nonSkippedSpace
2021-11-19T10:24:03,858|[TRACE] script - #out(` `) [token]
2021-11-19T10:24:03,858|[TRACE] graph - <------- nonSkippedSpace
2021-11-19T10:24:03,858|[TRACE] graph - <----- statementPart
2021-11-19T10:24:03,858|[TRACE] graph - -----> statementPart
2021-11-19T10:24:03,858|[TRACE] graph - -------> nonSkippedChar
2021-11-19T10:24:03,858|[TRACE] script - #out(`S`) [token]
2021-11-19T10:24:03,858|[TRACE] graph - <------- nonSkippedChar
2021-11-19T10:24:03,858|[TRACE] graph - <----- statementPart
2021-11-19T10:24:03,858|[TRACE] graph - -----> statementPart
2021-11-19T10:24:03,858|[TRACE] graph - -------> nonSkippedChar
2021-11-19T10:24:03,858|[TRACE] script - #out(`E`) [token]
2021-11-19T10:24:03,858|[TRACE] graph - <------- nonSkippedChar
2021-11-19T10:24:03,858|[TRACE] graph - <----- statementPart
2021-11-19T10:24:03,858|[TRACE] graph - -----> statementPart
2021-11-19T10:24:03,858|[TRACE] graph - -------> nonSkippedChar
2021-11-19T10:24:03,858|[TRACE] script - #out(`T`) [token]
2021-11-19T10:24:03,858|[TRACE] graph - <------- nonSkippedChar
2021-11-19T10:24:03,858|[TRACE] graph - <----- statementPart
2021-11-19T10:24:03,858|[TRACE] graph - -----> statementPart
2021-11-19T10:24:03,858|[TRACE] graph - -------> nonSkippedSpace
2021-11-19T10:24:03,858|[TRACE] script - #out(` `) [token]
2021-11-19T10:24:03,858|[TRACE] graph - <------- nonSkippedSpace
2021-11-19T10:24:03,858|[TRACE] graph - <----- statementPart
2021-11-19T10:24:03,858|[TRACE] graph - -----> statementPart
2021-11-19T10:24:03,858|[TRACE] graph - -------> nonSkippedChar
2021-11-19T10:24:03,858|[TRACE] script - #out(`u`) [token]
2021-11-19T10:24:03,858|[TRACE] graph - <------- nonSkippedChar
2021-11-19T10:24:03,858|[TRACE] graph - <----- statementPart
2021-11-19T10:24:03,858|[TRACE] graph - -----> statementPart
2021-11-19T10:24:03,858|[TRACE] graph - -------> nonSkippedChar
2021-11-19T10:24:03,858|[TRACE] script - #out(`t`) [token]
2021-11-19T10:24:03,858|[TRACE] graph - <------- nonSkippedChar
2021-11-19T10:24:03,858|[TRACE] graph - <----- statementPart
2021-11-19T10:24:03,858|[TRACE] graph - -----> statementPart
2021-11-19T10:24:03,858|[TRACE] graph - -------> nonSkippedChar
2021-11-19T10:24:03,858|[TRACE] script - #out(`f`) [token]
2021-11-19T10:24:03,858|[TRACE] graph - <------- nonSkippedChar
2021-11-19T10:24:03,858|[TRACE] graph - <----- statementPart
2021-11-19T10:24:03,858|[TRACE] graph - -----> statementPart
2021-11-19T10:24:03,858|[TRACE] graph - -------> nonSkippedChar
2021-11-19T10:24:03,858|[TRACE] script - #out(`8`) [token]
2021-11-19T10:24:03,858|[TRACE] graph - <------- nonSkippedChar
2021-11-19T10:24:03,858|[TRACE] graph - <----- statementPart
2021-11-19T10:24:03,858|[TRACE] graph - -----> statementPart
2021-11-19T10:24:03,858|[TRACE] graph - -------> nonSkippedChar
2021-11-19T10:24:03,858|[TRACE] script - #out(`m`) [token]
2021-11-19T10:24:03,858|[TRACE] graph - <------- nonSkippedChar
2021-11-19T10:24:03,858|[TRACE] graph - <----- statementPart
2021-11-19T10:24:03,858|[TRACE] graph - -----> statementPart
2021-11-19T10:24:03,858|[TRACE] graph - -------> nonSkippedChar
2021-11-19T10:24:03,858|[TRACE] script - #out(`b`) [token]
2021-11-19T10:24:03,858|[TRACE] graph - <------- nonSkippedChar
2021-11-19T10:24:03,858|[TRACE] graph - <----- statementPart
2021-11-19T10:24:03,858|[TRACE] graph - -----> statementPart
2021-11-19T10:24:03,858|[TRACE] graph - -------> nonSkippedChar
2021-11-19T10:24:03,858|[TRACE] script - #out(`4`) [token]
2021-11-19T10:24:03,858|[TRACE] graph - <------- nonSkippedChar
2021-11-19T10:24:03,858|[TRACE] graph - <----- statementPart
2021-11-19T10:24:03,858|[TRACE] graph - -----> statementPart
2021-11-19T10:24:03,858|[TRACE] graph - -------> nonSkippedSpace
2021-11-19T10:24:03,858|[TRACE] script - #out(` `) [token]
2021-11-19T10:24:03,858|[TRACE] graph - <------- nonSkippedSpace
2021-11-19T10:24:03,858|[TRACE] graph - <----- statementPart
2021-11-19T10:24:03,858|[TRACE] graph - -----> statementPart
2021-11-19T10:24:03,858|[TRACE] graph - -------> nonSkippedChar
2021-11-19T10:24:03,858|[TRACE] script - #out(`C`) [token]
2021-11-19T10:24:03,858|[TRACE] graph - <------- nonSkippedChar
2021-11-19T10:24:03,858|[TRACE] graph - <----- statementPart
2021-11-19T10:24:03,858|[TRACE] graph - -----> statementPart
2021-11-19T10:24:03,858|[TRACE] graph - -------> nonSkippedChar
2021-11-19T10:24:03,858|[TRACE] script - #out(`O`) [token]
2021-11-19T10:24:03,858|[TRACE] graph - <------- nonSkippedChar
2021-11-19T10:24:03,858|[TRACE] graph - <----- statementPart
2021-11-19T10:24:03,858|[TRACE] graph - -----> statementPart
2021-11-19T10:24:03,858|[TRACE] graph - -------> nonSkippedChar
2021-11-19T10:24:03,858|[TRACE] script - #out(`L`) [token]
2021-11-19T10:24:03,858|[TRACE] graph - <------- nonSkippedChar
2021-11-19T10:24:03,858|[TRACE] graph - <----- statementPart
2021-11-19T10:24:03,858|[TRACE] graph - -----> statementPart
2021-11-19T10:24:03,858|[TRACE] graph - -------> nonSkippedChar
2021-11-19T10:24:03,858|[TRACE] script - #out(`L`) [token]
2021-11-19T10:24:03,858|[TRACE] graph - <------- nonSkippedChar
2021-11-19T10:24:03,858|[TRACE] graph - <----- statementPart
2021-11-19T10:24:03,858|[TRACE] graph - -----> statementPart
2021-11-19T10:24:03,858|[TRACE] graph - -------> nonSkippedChar
2021-11-19T10:24:03,858|[TRACE] script - #out(`A`) [token]
2021-11-19T10:24:03,858|[TRACE] graph - <------- nonSkippedChar
2021-11-19T10:24:03,858|[TRACE] graph - <----- statementPart
2021-11-19T10:24:03,858|[TRACE] graph - -----> statementPart
2021-11-19T10:24:03,858|[TRACE] graph - -------> nonSkippedChar
2021-11-19T10:24:03,858|[TRACE] script - #out(`T`) [token]
2021-11-19T10:24:03,858|[TRACE] graph - <------- nonSkippedChar
2021-11-19T10:24:03,858|[TRACE] graph - <----- statementPart
2021-11-19T10:24:03,858|[TRACE] graph - -----> statementPart
2021-11-19T10:24:03,858|[TRACE] graph - -------> nonSkippedChar
2021-11-19T10:24:03,858|[TRACE] script - #out(`E`) [token]
2021-11-19T10:24:03,858|[TRACE] graph - <------- nonSkippedChar
2021-11-19T10:24:03,858|[TRACE] graph - <----- statementPart
2021-11-19T10:24:03,858|[TRACE] graph - -----> statementPart
2021-11-19T10:24:03,858|[TRACE] graph - -------> nonSkippedSpace
2021-11-19T10:24:03,858|[TRACE] script - #out(` `) [token]
2021-11-19T10:24:03,858|[TRACE] graph - <------- nonSkippedSpace
2021-11-19T10:24:03,859|[TRACE] graph - <----- statementPart
2021-11-19T10:24:03,859|[TRACE] graph - -----> statementPart
2021-11-19T10:24:03,859|[TRACE] graph - -------> nonSkippedChar
2021-11-19T10:24:03,859|[TRACE] script - #out(`u`) [token]
2021-11-19T10:24:03,859|[TRACE] graph - <------- nonSkippedChar
2021-11-19T10:24:03,859|[TRACE] graph - <----- statementPart
2021-11-19T10:24:03,859|[TRACE] graph - -----> statementPart
2021-11-19T10:24:03,859|[TRACE] graph - -------> nonSkippedChar
2021-11-19T10:24:03,859|[TRACE] script - #out(`t`) [token]
2021-11-19T10:24:03,859|[TRACE] graph - <------- nonSkippedChar
2021-11-19T10:24:03,859|[TRACE] graph - <----- statementPart
2021-11-19T10:24:03,859|[TRACE] graph - -----> statementPart
2021-11-19T10:24:03,859|[TRACE] graph - -------> nonSkippedChar
2021-11-19T10:24:03,859|[TRACE] script - #out(`f`) [token]
2021-11-19T10:24:03,859|[TRACE] graph - <------- nonSkippedChar
2021-11-19T10:24:03,859|[TRACE] graph - <----- statementPart
2021-11-19T10:24:03,859|[TRACE] graph - -----> statementPart
2021-11-19T10:24:03,859|[TRACE] graph - -------> nonSkippedChar
2021-11-19T10:24:03,859|[TRACE] script - #out(`8`) [token]
2021-11-19T10:24:03,859|[TRACE] graph - <------- nonSkippedChar
2021-11-19T10:24:03,859|[TRACE] graph - <----- statementPart
2021-11-19T10:24:03,859|[TRACE] graph - -----> statementPart
2021-11-19T10:24:03,859|[TRACE] graph - -------> nonSkippedChar
2021-11-19T10:24:03,859|[TRACE] script - #out(`m`) [token]
2021-11-19T10:24:03,859|[TRACE] graph - <------- nonSkippedChar
2021-11-19T10:24:03,859|[TRACE] graph - <----- statementPart
2021-11-19T10:24:03,859|[TRACE] graph - -----> statementPart
2021-11-19T10:24:03,859|[TRACE] graph - -------> nonSkippedChar
2021-11-19T10:24:03,859|[TRACE] script - #out(`b`) [token]
2021-11-19T10:24:03,859|[TRACE] graph - <------- nonSkippedChar
2021-11-19T10:24:03,859|[TRACE] graph - <----- statementPart
2021-11-19T10:24:03,859|[TRACE] graph - -----> statementPart
2021-11-19T10:24:03,859|[TRACE] graph - -------> nonSkippedChar
2021-11-19T10:24:03,859|[TRACE] script - #out(`4`) [token]
2021-11-19T10:24:03,859|[TRACE] graph - <------- nonSkippedChar
2021-11-19T10:24:03,859|[TRACE] graph - <----- statementPart
2021-11-19T10:24:03,859|[TRACE] graph - -----> statementPart
2021-11-19T10:24:03,859|[TRACE] graph - -------> nonSkippedChar
2021-11-19T10:24:03,859|[TRACE] script - #out(`_`) [token]
2021-11-19T10:24:03,859|[TRACE] graph - <------- nonSkippedChar
2021-11-19T10:24:03,859|[TRACE] graph - <----- statementPart
2021-11-19T10:24:03,859|[TRACE] graph - -----> statementPart
2021-11-19T10:24:03,859|[TRACE] graph - -------> nonSkippedChar
2021-11-19T10:24:03,859|[TRACE] script - #out(`0`) [token]
2021-11-19T10:24:03,859|[TRACE] graph - <------- nonSkippedChar
2021-11-19T10:24:03,859|[TRACE] graph - <----- statementPart
2021-11-19T10:24:03,859|[TRACE] graph - -----> statementPart
2021-11-19T10:24:03,859|[TRACE] graph - -------> nonSkippedChar
2021-11-19T10:24:03,859|[TRACE] script - #out(`9`) [token]
2021-11-19T10:24:03,859|[TRACE] graph - <------- nonSkippedChar
2021-11-19T10:24:03,859|[TRACE] graph - <----- statementPart
2021-11-19T10:24:03,859|[TRACE] graph - -----> statementPart
2021-11-19T10:24:03,859|[TRACE] graph - -------> nonSkippedChar
2021-11-19T10:24:03,859|[TRACE] script - #out(`0`) [token]
2021-11-19T10:24:03,859|[TRACE] graph - <------- nonSkippedChar
2021-11-19T10:24:03,859|[TRACE] graph - <----- statementPart
2021-11-19T10:24:03,859|[TRACE] graph - -----> statementPart
2021-11-19T10:24:03,859|[TRACE] graph - -------> nonSkippedChar
2021-11-19T10:24:03,859|[TRACE] script - #out(`0`) [token]
2021-11-19T10:24:03,859|[TRACE] graph - <------- nonSkippedChar
2021-11-19T10:24:03,859|[TRACE] graph - <----- statementPart
2021-11-19T10:24:03,859|[TRACE] graph - -----> statementPart
2021-11-19T10:24:03,859|[TRACE] graph - -------> nonSkippedChar
2021-11-19T10:24:03,859|[TRACE] script - #out(`_`) [token]
2021-11-19T10:24:03,859|[TRACE] graph - <------- nonSkippedChar
2021-11-19T10:24:03,859|[TRACE] graph - <----- statementPart
2021-11-19T10:24:03,859|[TRACE] graph - -----> statementPart
2021-11-19T10:24:03,859|[TRACE] graph - -------> nonSkippedChar
2021-11-19T10:24:03,859|[TRACE] script - #out(`a`) [token]
2021-11-19T10:24:03,859|[TRACE] graph - <------- nonSkippedChar
2021-11-19T10:24:03,859|[TRACE] graph - <----- statementPart
2021-11-19T10:24:03,859|[TRACE] graph - -----> statementPart
2021-11-19T10:24:03,859|[TRACE] graph - -------> nonSkippedChar
2021-11-19T10:24:03,859|[TRACE] script - #out(`i`) [token]
2021-11-19T10:24:03,859|[TRACE] graph - <------- nonSkippedChar
2021-11-19T10:24:03,859|[TRACE] graph - <----- statementPart
2021-11-19T10:24:03,859|[TRACE] graph - -----> statementPart
2021-11-19T10:24:03,859|[TRACE] graph - -------> nonSkippedChar
2021-11-19T10:24:03,859|[TRACE] script - #out(`_`) [token]
2021-11-19T10:24:03,859|[TRACE] graph - <------- nonSkippedChar
2021-11-19T10:24:03,859|[TRACE] graph - <----- statementPart
2021-11-19T10:24:03,859|[TRACE] graph - -----> statementPart
2021-11-19T10:24:03,859|[TRACE] graph - -------> nonSkippedChar
2021-11-19T10:24:03,859|[TRACE] script - #out(`c`) [token]
2021-11-19T10:24:03,859|[TRACE] graph - <------- nonSkippedChar
2021-11-19T10:24:03,859|[TRACE] graph - <----- statementPart
2021-11-19T10:24:03,859|[TRACE] graph - -----> statementPart
2021-11-19T10:24:03,859|[TRACE] graph - -------> nonSkippedChar
2021-11-19T10:24:03,859|[TRACE] script - #out(`i`) [token]
2021-11-19T10:24:03,859|[TRACE] graph - <------- nonSkippedChar
2021-11-19T10:24:03,859|[TRACE] graph - <----- statementPart
2021-11-19T10:24:03,859|[TRACE] graph - -----> statementPart
2021-11-19T10:24:03,859|[TRACE] graph - -------> nonSkippedSpace
2021-11-19T10:24:03,859|[TRACE] script - #out(` `) [token]
2021-11-19T10:24:03,859|[TRACE] graph - <------- nonSkippedSpace
2021-11-19T10:24:03,859|[TRACE] graph - <----- statementPart
2021-11-19T10:24:03,859|[DEBUG] graph - Import statement : CREATE SCHEMA IF NOT EXISTS `bloodbank` DEFAULT CHARACTER SET utf8mb4 COLLATE utf8mb4_0900_ai_ci
2021-11-19T10:24:03,859|[TRACE] graph - <--- statement
2021-11-19T10:24:03,859|[TRACE] graph - ---> blankSpacesToSkip
2021-11-19T10:24:03,859|[TRACE] graph - -----> newLineToSkip
2021-11-19T10:24:03,859|[TRACE] graph - <----- newLineToSkip
2021-11-19T10:24:03,859|[TRACE] graph - <--- blankSpacesToSkip
2021-11-19T10:24:03,859|[TRACE] graph - ---> statement
2021-11-19T10:24:03,859|[TRACE] graph - -----> statementFirstPart
2021-11-19T10:24:03,859|[TRACE] graph - -------> nonSkippedChar
2021-11-19T10:24:03,859|[TRACE] script - #out(`U`) [token]
2021-11-19T10:24:03,859|[TRACE] graph - <------- nonSkippedChar
2021-11-19T10:24:03,859|[TRACE] graph - <----- statementFirstPart
2021-11-19T10:24:03,859|[TRACE] graph - -----> statementPart
2021-11-19T10:24:03,859|[TRACE] graph - -------> nonSkippedChar
2021-11-19T10:24:03,859|[TRACE] script - #out(`S`) [token]
2021-11-19T10:24:03,859|[TRACE] graph - <------- nonSkippedChar
2021-11-19T10:24:03,859|[TRACE] graph - <----- statementPart
2021-11-19T10:24:03,859|[TRACE] graph - -----> statementPart
2021-11-19T10:24:03,859|[TRACE] graph - -------> nonSkippedChar
2021-11-19T10:24:03,859|[TRACE] script - #out(`E`) [token]
2021-11-19T10:24:03,859|[TRACE] graph - <------- nonSkippedChar
2021-11-19T10:24:03,859|[TRACE] graph - <----- statementPart
2021-11-19T10:24:03,859|[TRACE] graph - -----> statementPart
2021-11-19T10:24:03,859|[TRACE] graph - -------> nonSkippedSpace
2021-11-19T10:24:03,859|[TRACE] script - #out(` `) [token]
2021-11-19T10:24:03,859|[TRACE] graph - <------- nonSkippedSpace
2021-11-19T10:24:03,859|[TRACE] graph - <----- statementPart
2021-11-19T10:24:03,859|[TRACE] graph - -----> statementPart
2021-11-19T10:24:03,859|[TRACE] graph - -------> quotedString
2021-11-19T10:24:03,859|[TRACE] script - #out(``bloodbank``) [token]
2021-11-19T10:24:03,859|[TRACE] graph - <------- quotedString
2021-11-19T10:24:03,859|[TRACE] graph - <----- statementPart
2021-11-19T10:24:03,859|[TRACE] graph - -----> statementPart
2021-11-19T10:24:03,859|[TRACE] graph - -------> nonSkippedSpace
2021-11-19T10:24:03,859|[TRACE] script - #out(` `) [token]
2021-11-19T10:24:03,859|[TRACE] graph - <------- nonSkippedSpace
2021-11-19T10:24:03,859|[TRACE] graph - <----- statementPart
2021-11-19T10:24:03,859|[DEBUG] graph - Import statement : USE `bloodbank`
2021-11-19T10:24:03,859|[TRACE] graph - <--- statement
2021-11-19T10:24:03,859|[TRACE] graph - ---> blankSpacesToSkip
2021-11-19T10:24:03,859|[TRACE] graph - -----> newLineToSkip
2021-11-19T10:24:03,859|[TRACE] graph - <----- newLineToSkip
2021-11-19T10:24:03,859|[TRACE] graph - -----> newLineToSkip
2021-11-19T10:24:03,859|[TRACE] graph - <----- newLineToSkip
2021-11-19T10:24:03,859|[TRACE] graph - -----> newLineToSkip
2021-11-19T10:24:03,859|[TRACE] graph - <----- newLineToSkip
2021-11-19T10:24:03,859|[TRACE] graph - -----> newLineToSkip
2021-11-19T10:24:03,859|[TRACE] graph - <----- newLineToSkip
2021-11-19T10:24:03,859|[TRACE] graph - -----> newLineToSkip
2021-11-19T10:24:03,859|[TRACE] graph - <----- newLineToSkip
2021-11-19T10:24:03,859|[TRACE] graph - <--- blankSpacesToSkip
2021-11-19T10:24:03,859|[TRACE] graph - ---> statement
2021-11-19T10:24:03,859|[TRACE] graph - -----> statementFirstPart
2021-11-19T10:24:03,859|[TRACE] graph - -------> nonSkippedChar
2021-11-19T10:24:03,859|[TRACE] script - #out(`C`) [token]
2021-11-19T10:24:03,859|[TRACE] graph - <------- nonSkippedChar
2021-11-19T10:24:03,859|[TRACE] graph - <----- statementFirstPart
2021-11-19T10:24:03,859|[TRACE] graph - -----> statementPart
2021-11-19T10:24:03,859|[TRACE] graph - -------> nonSkippedChar
2021-11-19T10:24:03,859|[TRACE] script - #out(`R`) [token]
2021-11-19T10:24:03,859|[TRACE] graph - <------- nonSkippedChar
2021-11-19T10:24:03,859|[TRACE] graph - <----- statementPart
2021-11-19T10:24:03,859|[TRACE] graph - -----> statementPart
2021-11-19T10:24:03,859|[TRACE] graph - -------> nonSkippedChar
2021-11-19T10:24:03,859|[TRACE] script - #out(`E`) [token]
2021-11-19T10:24:03,859|[TRACE] graph - <------- nonSkippedChar
2021-11-19T10:24:03,859|[TRACE] graph - <----- statementPart
2021-11-19T10:24:03,859|[TRACE] graph - -----> statementPart
2021-11-19T10:24:03,859|[TRACE] graph - -------> nonSkippedChar
2021-11-19T10:24:03,859|[TRACE] script - #out(`A`) [token]
2021-11-19T10:24:03,859|[TRACE] graph - <------- nonSkippedChar
2021-11-19T10:24:03,859|[TRACE] graph - <----- statementPart
2021-11-19T10:24:03,859|[TRACE] graph - -----> statementPart
2021-11-19T10:24:03,859|[TRACE] graph - -------> nonSkippedChar
2021-11-19T10:24:03,859|[TRACE] script - #out(`T`) [token]
2021-11-19T10:24:03,859|[TRACE] graph - <------- nonSkippedChar
2021-11-19T10:24:03,859|[TRACE] graph - <----- statementPart
2021-11-19T10:24:03,859|[TRACE] graph - -----> statementPart
2021-11-19T10:24:03,859|[TRACE] graph - -------> nonSkippedChar
2021-11-19T10:24:03,859|[TRACE] script - #out(`E`) [token]
2021-11-19T10:24:03,859|[TRACE] graph - <------- nonSkippedChar
2021-11-19T10:24:03,859|[TRACE] graph - <----- statementPart
2021-11-19T10:24:03,859|[TRACE] graph - -----> statementPart
2021-11-19T10:24:03,859|[TRACE] graph - -------> nonSkippedSpace
2021-11-19T10:24:03,859|[TRACE] script - #out(` `) [token]
2021-11-19T10:24:03,859|[TRACE] graph - <------- nonSkippedSpace
2021-11-19T10:24:03,859|[TRACE] graph - <----- statementPart
2021-11-19T10:24:03,859|[TRACE] graph - -----> statementPart
2021-11-19T10:24:03,859|[TRACE] graph - -------> nonSkippedChar
2021-11-19T10:24:03,859|[TRACE] script - #out(`T`) [token]
2021-11-19T10:24:03,859|[TRACE] graph - <------- nonSkippedChar
2021-11-19T10:24:03,859|[TRACE] graph - <----- statementPart
2021-11-19T10:24:03,859|[TRACE] graph - -----> statementPart
2021-11-19T10:24:03,859|[TRACE] graph - -------> nonSkippedChar
2021-11-19T10:24:03,859|[TRACE] script - #out(`A`) [token]
2021-11-19T10:24:03,859|[TRACE] graph - <------- nonSkippedChar
2021-11-19T10:24:03,859|[TRACE] graph - <----- statementPart
2021-11-19T10:24:03,859|[TRACE] graph - -----> statementPart
2021-11-19T10:24:03,859|[TRACE] graph - -------> nonSkippedChar
2021-11-19T10:24:03,859|[TRACE] script - #out(`B`) [token]
2021-11-19T10:24:03,859|[TRACE] graph - <------- nonSkippedChar
2021-11-19T10:24:03,859|[TRACE] graph - <----- statementPart
2021-11-19T10:24:03,859|[TRACE] graph - -----> statementPart
2021-11-19T10:24:03,859|[TRACE] graph - -------> nonSkippedChar
2021-11-19T10:24:03,859|[TRACE] script - #out(`L`) [token]
2021-11-19T10:24:03,859|[TRACE] graph - <------- nonSkippedChar
2021-11-19T10:24:03,859|[TRACE] graph - <----- statementPart
2021-11-19T10:24:03,859|[TRACE] graph - -----> statementPart
2021-11-19T10:24:03,859|[TRACE] graph - -------> nonSkippedChar
2021-11-19T10:24:03,859|[TRACE] script - #out(`E`) [token]
2021-11-19T10:24:03,859|[TRACE] graph - <------- nonSkippedChar
2021-11-19T10:24:03,859|[TRACE] graph - <----- statementPart
2021-11-19T10:24:03,859|[TRACE] graph - -----> statementPart
2021-11-19T10:24:03,859|[TRACE] graph - -------> nonSkippedSpace
2021-11-19T10:24:03,859|[TRACE] script - #out(` `) [token]
2021-11-19T10:24:03,859|[TRACE] graph - <------- nonSkippedSpace
2021-11-19T10:24:03,859|[TRACE] graph - <----- statementPart
2021-11-19T10:24:03,859|[TRACE] graph - -----> statementPart
2021-11-19T10:24:03,859|[TRACE] graph - -------> nonSkippedChar
2021-11-19T10:24:03,859|[TRACE] script - #out(`I`) [token]
2021-11-19T10:24:03,859|[TRACE] graph - <------- nonSkippedChar
2021-11-19T10:24:03,859|[TRACE] graph - <----- statementPart
2021-11-19T10:24:03,859|[TRACE] graph - -----> statementPart
2021-11-19T10:24:03,859|[TRACE] graph - -------> nonSkippedChar
2021-11-19T10:24:03,859|[TRACE] script - #out(`F`) [token]
2021-11-19T10:24:03,859|[TRACE] graph - <------- nonSkippedChar
2021-11-19T10:24:03,859|[TRACE] graph - <----- statementPart
2021-11-19T10:24:03,859|[TRACE] graph - -----> statementPart
2021-11-19T10:24:03,859|[TRACE] graph - -------> nonSkippedSpace
2021-11-19T10:24:03,859|[TRACE] script - #out(` `) [token]
2021-11-19T10:24:03,859|[TRACE] graph - <------- nonSkippedSpace
2021-11-19T10:24:03,859|[TRACE] graph - <----- statementPart
2021-11-19T10:24:03,859|[TRACE] graph - -----> statementPart
2021-11-19T10:24:03,859|[TRACE] graph - -------> nonSkippedChar
2021-11-19T10:24:03,859|[TRACE] script - #out(`N`) [token]
2021-11-19T10:24:03,859|[TRACE] graph - <------- nonSkippedChar
2021-11-19T10:24:03,859|[TRACE] graph - <----- statementPart
2021-11-19T10:24:03,859|[TRACE] graph - -----> statementPart
2021-11-19T10:24:03,859|[TRACE] graph - -------> nonSkippedChar
2021-11-19T10:24:03,859|[TRACE] script - #out(`O`) [token]
2021-11-19T10:24:03,859|[TRACE] graph - <------- nonSkippedChar
2021-11-19T10:24:03,859|[TRACE] graph - <----- statementPart
2021-11-19T10:24:03,859|[TRACE] graph - -----> statementPart
2021-11-19T10:24:03,859|[TRACE] graph - -------> nonSkippedChar
2021-11-19T10:24:03,859|[TRACE] script - #out(`T`) [token]
2021-11-19T10:24:03,859|[TRACE] graph - <------- nonSkippedChar
2021-11-19T10:24:03,859|[TRACE] graph - <----- statementPart
2021-11-19T10:24:03,859|[TRACE] graph - -----> statementPart
2021-11-19T10:24:03,859|[TRACE] graph - -------> nonSkippedSpace
2021-11-19T10:24:03,859|[TRACE] script - #out(` `) [token]
2021-11-19T10:24:03,859|[TRACE] graph - <------- nonSkippedSpace
2021-11-19T10:24:03,859|[TRACE] graph - <----- statementPart
2021-11-19T10:24:03,859|[TRACE] graph - -----> statementPart
2021-11-19T10:24:03,859|[TRACE] graph - -------> nonSkippedChar
2021-11-19T10:24:03,859|[TRACE] script - #out(`E`) [token]
2021-11-19T10:24:03,859|[TRACE] graph - <------- nonSkippedChar
2021-11-19T10:24:03,859|[TRACE] graph - <----- statementPart
2021-11-19T10:24:03,859|[TRACE] graph - -----> statementPart
2021-11-19T10:24:03,859|[TRACE] graph - -------> nonSkippedChar
2021-11-19T10:24:03,859|[TRACE] script - #out(`X`) [token]
2021-11-19T10:24:03,859|[TRACE] graph - <------- nonSkippedChar
2021-11-19T10:24:03,859|[TRACE] graph - <----- statementPart
2021-11-19T10:24:03,859|[TRACE] graph - -----> statementPart
2021-11-19T10:24:03,859|[TRACE] graph - -------> nonSkippedChar
2021-11-19T10:24:03,859|[TRACE] script - #out(`I`) [token]
2021-11-19T10:24:03,859|[TRACE] graph - <------- nonSkippedChar
2021-11-19T10:24:03,859|[TRACE] graph - <----- statementPart
2021-11-19T10:24:03,859|[TRACE] graph - -----> statementPart
2021-11-19T10:24:03,859|[TRACE] graph - -------> nonSkippedChar
2021-11-19T10:24:03,859|[TRACE] script - #out(`S`) [token]
2021-11-19T10:24:03,859|[TRACE] graph - <------- nonSkippedChar
2021-11-19T10:24:03,859|[TRACE] graph - <----- statementPart
2021-11-19T10:24:03,859|[TRACE] graph - -----> statementPart
2021-11-19T10:24:03,859|[TRACE] graph - -------> nonSkippedChar
2021-11-19T10:24:03,859|[TRACE] script - #out(`T`) [token]
2021-11-19T10:24:03,859|[TRACE] graph - <------- nonSkippedChar
2021-11-19T10:24:03,859|[TRACE] graph - <----- statementPart
2021-11-19T10:24:03,859|[TRACE] graph - -----> statementPart
2021-11-19T10:24:03,859|[TRACE] graph - -------> nonSkippedChar
2021-11-19T10:24:03,859|[TRACE] script - #out(`S`) [token]
2021-11-19T10:24:03,859|[TRACE] graph - <------- nonSkippedChar
2021-11-19T10:24:03,859|[TRACE] graph - <----- statementPart
2021-11-19T10:24:03,859|[TRACE] graph - -----> statementPart
2021-11-19T10:24:03,859|[TRACE] graph - -------> nonSkippedSpace
2021-11-19T10:24:03,859|[TRACE] script - #out(` `) [token]
2021-11-19T10:24:03,859|[TRACE] graph - <------- nonSkippedSpace
2021-11-19T10:24:03,859|[TRACE] graph - <----- statementPart
2021-11-19T10:24:03,860|[TRACE] graph - -----> statementPart
2021-11-19T10:24:03,860|[TRACE] graph - -------> quotedString
2021-11-19T10:24:03,860|[TRACE] script - #out(``bloodbank``) [token]
2021-11-19T10:24:03,860|[TRACE] graph - <------- quotedString
2021-11-19T10:24:03,860|[TRACE] graph - <----- statementPart
2021-11-19T10:24:03,860|[TRACE] graph - -----> statementPart
2021-11-19T10:24:03,860|[TRACE] graph - -------> nonSkippedChar
2021-11-19T10:24:03,860|[TRACE] script - #out(`.`) [token]
2021-11-19T10:24:03,860|[TRACE] graph - <------- nonSkippedChar
2021-11-19T10:24:03,860|[TRACE] graph - <----- statementPart
2021-11-19T10:24:03,860|[TRACE] graph - -----> statementPart
2021-11-19T10:24:03,860|[TRACE] graph - -------> quotedString
2021-11-19T10:24:03,860|[TRACE] script - #out(``person``) [token]
2021-11-19T10:24:03,860|[TRACE] graph - <------- quotedString
2021-11-19T10:24:03,860|[TRACE] graph - <----- statementPart
2021-11-19T10:24:03,860|[TRACE] graph - -----> statementPart
2021-11-19T10:24:03,860|[TRACE] graph - -------> nonSkippedSpace
2021-11-19T10:24:03,860|[TRACE] script - #out(` `) [token]
2021-11-19T10:24:03,860|[TRACE] graph - <------- nonSkippedSpace
2021-11-19T10:24:03,860|[TRACE] graph - <----- statementPart
2021-11-19T10:24:03,860|[TRACE] graph - -----> statementPart
2021-11-19T10:24:03,860|[TRACE] graph - -------> nonSkippedChar
2021-11-19T10:24:03,860|[TRACE] script - #out(`(`) [token]
2021-11-19T10:24:03,860|[TRACE] graph - <------- nonSkippedChar
2021-11-19T10:24:03,860|[TRACE] graph - <----- statementPart
2021-11-19T10:24:03,860|[TRACE] graph - -----> afterStatementPartNewline
2021-11-19T10:24:03,860|[TRACE] script - #out(` `) [text]
2021-11-19T10:24:03,860|[TRACE] graph - <----- afterStatementPartNewline
2021-11-19T10:24:03,860|[TRACE] graph - -----> statementPart
2021-11-19T10:24:03,860|[TRACE] graph - -------> nonSkippedSpace
2021-11-19T10:24:03,860|[TRACE] script - #out(` `) [token]
2021-11-19T10:24:03,860|[TRACE] graph - <------- nonSkippedSpace
2021-11-19T10:24:03,860|[TRACE] graph - <----- statementPart
2021-11-19T10:24:03,860|[TRACE] graph - -----> statementPart
2021-11-19T10:24:03,860|[TRACE] graph - -------> nonSkippedSpace
2021-11-19T10:24:03,860|[TRACE] script - #out(` `) [token]
2021-11-19T10:24:03,860|[TRACE] graph - <------- nonSkippedSpace
2021-11-19T10:24:03,860|[TRACE] graph - <----- statementPart
2021-11-19T10:24:03,860|[TRACE] graph - -----> statementPart
2021-11-19T10:24:03,860|[TRACE] graph - -------> quotedString
2021-11-19T10:24:03,860|[TRACE] script - #out(``id``) [token]
2021-11-19T10:24:03,860|[TRACE] graph - <------- quotedString
2021-11-19T10:24:03,860|[TRACE] graph - <----- statementPart
2021-11-19T10:24:03,860|[TRACE] graph - -----> statementPart
2021-11-19T10:24:03,860|[TRACE] graph - -------> nonSkippedSpace
2021-11-19T10:24:03,860|[TRACE] script - #out(` `) [token]
2021-11-19T10:24:03,860|[TRACE] graph - <------- nonSkippedSpace
2021-11-19T10:24:03,860|[TRACE] graph - <----- statementPart
2021-11-19T10:24:03,860|[TRACE] graph - -----> statementPart
2021-11-19T10:24:03,860|[TRACE] graph - -------> nonSkippedChar
2021-11-19T10:24:03,860|[TRACE] script - #out(`I`) [token]
2021-11-19T10:24:03,860|[TRACE] graph - <------- nonSkippedChar
2021-11-19T10:24:03,860|[TRACE] graph - <----- statementPart
2021-11-19T10:24:03,860|[TRACE] graph - -----> statementPart
2021-11-19T10:24:03,860|[TRACE] graph - -------> nonSkippedChar
2021-11-19T10:24:03,860|[TRACE] script - #out(`N`) [token]
2021-11-19T10:24:03,860|[TRACE] graph - <------- nonSkippedChar
2021-11-19T10:24:03,915|[TRACE] graph - <----- statementPart
2021-11-19T10:24:03,915|[TRACE] graph - -----> statementPart
2021-11-19T10:24:03,915|[TRACE] graph - -------> nonSkippedChar
2021-11-19T10:24:03,915|[TRACE] script - #out(`T`) [token]
2021-11-19T10:24:03,915|[TRACE] graph - <------- nonSkippedChar
2021-11-19T10:24:03,915|[TRACE] graph - <----- statementPart
2021-11-19T10:24:03,915|[TRACE] graph - -----> statementPart
2021-11-19T10:24:03,915|[TRACE] graph - -------> nonSkippedSpace
2021-11-19T10:24:03,915|[TRACE] script - #out(` `) [token]
2021-11-19T10:24:03,915|[TRACE] graph - <------- nonSkippedSpace
2021-11-19T10:24:03,915|[TRACE] graph - <----- statementPart
2021-11-19T10:24:03,915|[TRACE] graph - -----> statementPart
2021-11-19T10:24:03,915|[TRACE] graph - -------> nonSkippedChar
2021-11-19T10:24:03,915|[TRACE] script - #out(`N`) [token]
2021-11-19T10:24:03,915|[TRACE] graph - <------- nonSkippedChar
2021-11-19T10:24:03,915|[TRACE] graph - <----- statementPart
2021-11-19T10:24:03,915|[TRACE] graph - -----> statementPart
2021-11-19T10:24:03,915|[TRACE] graph - -------> nonSkippedChar
2021-11-19T10:24:03,915|[TRACE] script - #out(`O`) [token]
2021-11-19T10:24:03,915|[TRACE] graph - <------- nonSkippedChar
2021-11-19T10:24:03,915|[TRACE] graph - <----- statementPart
2021-11-19T10:24:03,915|[TRACE] graph - -----> statementPart
2021-11-19T10:24:03,915|[TRACE] graph - -------> nonSkippedChar
2021-11-19T10:24:03,915|[TRACE] script - #out(`T`) [token]
2021-11-19T10:24:03,915|[TRACE] graph - <------- nonSkippedChar
2021-11-19T10:24:03,915|[TRACE] graph - <----- statementPart
2021-11-19T10:24:03,915|[TRACE] graph - -----> statementPart
2021-11-19T10:24:03,915|[TRACE] graph - -------> nonSkippedSpace
2021-11-19T10:24:03,915|[TRACE] script - #out(` `) [token]
2021-11-19T10:24:03,915|[TRACE] graph - <------- nonSkippedSpace
2021-11-19T10:24:03,915|[TRACE] graph - <----- statementPart
2021-11-19T10:24:03,915|[TRACE] graph - -----> statementPart
2021-11-19T10:24:03,915|[TRACE] graph - -------> nonSkippedChar
2021-11-19T10:24:03,915|[TRACE] script - #out(`N`) [token]
2021-11-19T10:24:03,915|[TRACE] graph - <------- nonSkippedChar
2021-11-19T10:24:03,915|[TRACE] graph - <----- statementPart
2021-11-19T10:24:03,915|[TRACE] graph - -----> statementPart
2021-11-19T10:24:03,915|[TRACE] graph - -------> nonSkippedChar
2021-11-19T10:24:03,915|[TRACE] script - #out(`U`) [token]
2021-11-19T10:24:03,915|[TRACE] graph - <------- nonSkippedChar
2021-11-19T10:24:03,915|[TRACE] graph - <----- statementPart
2021-11-19T10:24:03,915|[TRACE] graph - -----> statementPart
2021-11-19T10:24:03,915|[TRACE] graph - -------> nonSkippedChar
2021-11-19T10:24:03,915|[TRACE] script - #out(`L`) [token]
2021-11-19T10:24:03,915|[TRACE] graph - <------- nonSkippedChar
2021-11-19T10:24:03,915|[TRACE] graph - <----- statementPart
2021-11-19T10:24:03,915|[TRACE] graph - -----> statementPart
2021-11-19T10:24:03,915|[TRACE] graph - -------> nonSkippedChar
2021-11-19T10:24:03,915|[TRACE] script - #out(`L`) [token]
2021-11-19T10:24:03,915|[TRACE] graph - <------- nonSkippedChar
2021-11-19T10:24:03,915|[TRACE] graph - <----- statementPart
2021-11-19T10:24:03,915|[TRACE] graph - -----> statementPart
2021-11-19T10:24:03,915|[TRACE] graph - -------> nonSkippedSpace
2021-11-19T10:24:03,915|[TRACE] script - #out(` `) [token]
2021-11-19T10:24:03,915|[TRACE] graph - <------- nonSkippedSpace
2021-11-19T10:24:03,915|[TRACE] graph - <----- statementPart
2021-11-19T10:24:03,915|[TRACE] graph - -----> statementPart
2021-11-19T10:24:03,915|[TRACE] graph - -------> nonSkippedChar
2021-11-19T10:24:03,915|[TRACE] script - #out(`A`) [token]
2021-11-19T10:24:03,915|[TRACE] graph - <------- nonSkippedChar
2021-11-19T10:24:03,915|[TRACE] graph - <----- statementPart
2021-11-19T10:24:03,915|[TRACE] graph - -----> statementPart
2021-11-19T10:24:03,915|[TRACE] graph - -------> nonSkippedChar
2021-11-19T10:24:03,915|[TRACE] script - #out(`U`) [token]
2021-11-19T10:24:03,915|[TRACE] graph - <------- nonSkippedChar
2021-11-19T10:24:03,915|[TRACE] graph - <----- statementPart
2021-11-19T10:24:03,915|[TRACE] graph - -----> statementPart
2021-11-19T10:24:03,915|[TRACE] graph - -------> nonSkippedChar
2021-11-19T10:24:03,915|[TRACE] script - #out(`T`) [token]
2021-11-19T10:24:03,915|[TRACE] graph - <------- nonSkippedChar
2021-11-19T10:24:03,915|[TRACE] graph - <----- statementPart
2021-11-19T10:24:03,915|[TRACE] graph - -----> statementPart
2021-11-19T10:24:03,915|[TRACE] graph - -------> nonSkippedChar
2021-11-19T10:24:03,915|[TRACE] script - #out(`O`) [token]
2021-11-19T10:24:03,915|[TRACE] graph - <------- nonSkippedChar
2021-11-19T10:24:03,915|[TRACE] graph - <----- statementPart
2021-11-19T10:24:03,915|[TRACE] graph - -----> statementPart
2021-11-19T10:24:03,915|[TRACE] graph - -------> nonSkippedChar
2021-11-19T10:24:03,915|[TRACE] script - #out(`_`) [token]
2021-11-19T10:24:03,915|[TRACE] graph - <------- nonSkippedChar
2021-11-19T10:24:03,915|[TRACE] graph - <----- statementPart
2021-11-19T10:24:03,915|[TRACE] graph - -----> statementPart
2021-11-19T10:24:03,915|[TRACE] graph - -------> nonSkippedChar
2021-11-19T10:24:03,915|[TRACE] script - #out(`I`) [token]
2021-11-19T10:24:03,915|[TRACE] graph - <------- nonSkippedChar
2021-11-19T10:24:03,915|[TRACE] graph - <----- statementPart
2021-11-19T10:24:03,915|[TRACE] graph - -----> statementPart
2021-11-19T10:24:03,915|[TRACE] graph - -------> nonSkippedChar
2021-11-19T10:24:03,915|[TRACE] script - #out(`N`) [token]
2021-11-19T10:24:03,915|[TRACE] graph - <------- nonSkippedChar
2021-11-19T10:24:03,915|[TRACE] graph - <----- statementPart
2021-11-19T10:24:03,915|[TRACE] graph - -----> statementPart
2021-11-19T10:24:03,915|[TRACE] graph - -------> nonSkippedChar
2021-11-19T10:24:03,915|[TRACE] script - #out(`C`) [token]
2021-11-19T10:24:03,915|[TRACE] graph - <------- nonSkippedChar
2021-11-19T10:24:03,915|[TRACE] graph - <----- statementPart
2021-11-19T10:24:03,915|[TRACE] graph - -----> statementPart
2021-11-19T10:24:03,915|[TRACE] graph - -------> nonSkippedChar
2021-11-19T10:24:03,915|[TRACE] script - #out(`R`) [token]
2021-11-19T10:24:03,915|[TRACE] graph - <------- nonSkippedChar
2021-11-19T10:24:03,915|[TRACE] graph - <----- statementPart
2021-11-19T10:24:03,915|[TRACE] graph - -----> statementPart
2021-11-19T10:24:03,915|[TRACE] graph - -------> nonSkippedChar
2021-11-19T10:24:03,915|[TRACE] script - #out(`E`) [token]
2021-11-19T10:24:03,915|[TRACE] graph - <------- nonSkippedChar
2021-11-19T10:24:03,915|[TRACE] graph - <----- statementPart
2021-11-19T10:24:03,915|[TRACE] graph - -----> statementPart
2021-11-19T10:24:03,916|[TRACE] graph - -------> nonSkippedChar
2021-11-19T10:24:03,916|[TRACE] script - #out(`M`) [token]
2021-11-19T10:24:03,916|[TRACE] graph - <------- nonSkippedChar
2021-11-19T10:24:03,916|[TRACE] graph - <----- statementPart
2021-11-19T10:24:03,916|[TRACE] graph - -----> statementPart
2021-11-19T10:24:03,916|[TRACE] graph - -------> nonSkippedChar
2021-11-19T10:24:03,916|[TRACE] script - #out(`E`) [token]
2021-11-19T10:24:03,916|[TRACE] graph - <------- nonSkippedChar
2021-11-19T10:24:03,916|[TRACE] graph - <----- statementPart
2021-11-19T10:24:03,916|[TRACE] graph - -----> statementPart
2021-11-19T10:24:03,916|[TRACE] graph - -------> nonSkippedChar
2021-11-19T10:24:03,916|[TRACE] script - #out(`N`) [token]
2021-11-19T10:24:03,916|[TRACE] graph - <------- nonSkippedChar
2021-11-19T10:24:03,916|[TRACE] graph - <----- statementPart
2021-11-19T10:24:03,916|[TRACE] graph - -----> statementPart
2021-11-19T10:24:03,916|[TRACE] graph - -------> nonSkippedChar
2021-11-19T10:24:03,916|[TRACE] script - #out(`T`) [token]
2021-11-19T10:24:03,916|[TRACE] graph - <------- nonSkippedChar
2021-11-19T10:24:03,916|[TRACE] graph - <----- statementPart
2021-11-19T10:24:03,916|[TRACE] graph - -----> statementPart
2021-11-19T10:24:03,916|[TRACE] graph - -------> nonSkippedChar
2021-11-19T10:24:03,916|[TRACE] script - #out(`,`) [token]
2021-11-19T10:24:03,916|[TRACE] graph - <------- nonSkippedChar
2021-11-19T10:24:03,916|[TRACE] graph - <----- statementPart
2021-11-19T10:24:03,916|[TRACE] graph - -----> afterStatementPartNewline
2021-11-19T10:24:03,916|[TRACE] script - #out(` `) [text]
2021-11-19T10:24:03,916|[TRACE] graph - <----- afterStatementPartNewline
2021-11-19T10:24:03,916|[TRACE] graph - -----> statementPart
2021-11-19T10:24:03,916|[TRACE] graph - -------> nonSkippedSpace
2021-11-19T10:24:03,916|[TRACE] script - #out(` `) [token]
2021-11-19T10:24:03,916|[TRACE] graph - <------- nonSkippedSpace
2021-11-19T10:24:03,916|[TRACE] graph - <----- statementPart
2021-11-19T10:24:03,916|[TRACE] graph - -----> statementPart
2021-11-19T10:24:03,916|[TRACE] graph - -------> nonSkippedSpace
2021-11-19T10:24:03,916|[TRACE] script - #out(` `) [token]
2021-11-19T10:24:03,916|[TRACE] graph - <------- nonSkippedSpace
2021-11-19T10:24:03,916|[TRACE] graph - <----- statementPart
2021-11-19T10:24:03,916|[TRACE] graph - -----> statementPart
2021-11-19T10:24:03,916|[TRACE] graph - -------> quotedString
2021-11-19T10:24:03,916|[TRACE] script - #out(``first_name``) [token]
2021-11-19T10:24:03,916|[TRACE] graph - <------- quotedString
2021-11-19T10:24:03,916|[TRACE] graph - <----- statementPart
2021-11-19T10:24:03,916|[TRACE] graph - -----> statementPart
2021-11-19T10:24:03,916|[TRACE] graph - -------> nonSkippedSpace
2021-11-19T10:24:03,916|[TRACE] script - #out(` `) [token]
2021-11-19T10:24:03,916|[TRACE] graph - <------- nonSkippedSpace
2021-11-19T10:24:03,916|[TRACE] graph - <----- statementPart
2021-11-19T10:24:03,916|[TRACE] graph - -----> statementPart
2021-11-19T10:24:03,916|[TRACE] graph - -------> nonSkippedChar
2021-11-19T10:24:03,916|[TRACE] script - #out(`V`) [token]
2021-11-19T10:24:03,916|[TRACE] graph - <------- nonSkippedChar
2021-11-19T10:24:03,916|[TRACE] graph - <----- statementPart
2021-11-19T10:24:03,916|[TRACE] graph - -----> statementPart
2021-11-19T10:24:03,916|[TRACE] graph - -------> nonSkippedChar
2021-11-19T10:24:03,916|[TRACE] script - #out(`A`) [token]
2021-11-19T10:24:03,916|[TRACE] graph - <------- nonSkippedChar
2021-11-19T10:24:03,916|[TRACE] graph - <----- statementPart
2021-11-19T10:24:03,916|[TRACE] graph - -----> statementPart
2021-11-19T10:24:03,916|[TRACE] graph - -------> nonSkippedChar
2021-11-19T10:24:03,916|[TRACE] script - #out(`R`) [token]
2021-11-19T10:24:03,916|[TRACE] graph - <------- nonSkippedChar
2021-11-19T10:24:03,916|[TRACE] graph - <----- statementPart
2021-11-19T10:24:03,916|[TRACE] graph - -----> statementPart
2021-11-19T10:24:03,916|[TRACE] graph - -------> nonSkippedChar
2021-11-19T10:24:03,916|[TRACE] script - #out(`C`) [token]
2021-11-19T10:24:03,916|[TRACE] graph - <------- nonSkippedChar
2021-11-19T10:24:03,916|[TRACE] graph - <----- statementPart
2021-11-19T10:24:03,916|[TRACE] graph - -----> statementPart
2021-11-19T10:24:03,916|[TRACE] graph - -------> nonSkippedChar
2021-11-19T10:24:03,916|[TRACE] script - #out(`H`) [token]
2021-11-19T10:24:03,916|[TRACE] graph - <------- nonSkippedChar
2021-11-19T10:24:03,916|[TRACE] graph - <----- statementPart
2021-11-19T10:24:03,916|[TRACE] graph - -----> statementPart
2021-11-19T10:24:03,916|[TRACE] graph - -------> nonSkippedChar
2021-11-19T10:24:03,916|[TRACE] script - #out(`A`) [token]
2021-11-19T10:24:03,916|[TRACE] graph - <------- nonSkippedChar
2021-11-19T10:24:03,916|[TRACE] graph - <----- statementPart
2021-11-19T10:24:03,916|[TRACE] graph - -----> statementPart
2021-11-19T10:24:03,916|[TRACE] graph - -------> nonSkippedChar
2021-11-19T10:24:03,916|[TRACE] script - #out(`R`) [token]
2021-11-19T10:24:03,916|[TRACE] graph - <------- nonSkippedChar
2021-11-19T10:24:03,916|[TRACE] graph - <----- statementPart
2021-11-19T10:24:03,916|[TRACE] graph - -----> statementPart
2021-11-19T10:24:03,916|[TRACE] graph - -------> nonSkippedChar
2021-11-19T10:24:03,916|[TRACE] script - #out(`(`) [token]
2021-11-19T10:24:03,916|[TRACE] graph - <------- nonSkippedChar
2021-11-19T10:24:03,916|[TRACE] graph - <----- statementPart
2021-11-19T10:24:03,916|[TRACE] graph - -----> statementPart
2021-11-19T10:24:03,916|[TRACE] graph - -------> nonSkippedChar
2021-11-19T10:24:03,916|[TRACE] script - #out(`5`) [token]
2021-11-19T10:24:03,916|[TRACE] graph - <------- nonSkippedChar
2021-11-19T10:24:03,916|[TRACE] graph - <----- statementPart
2021-11-19T10:24:03,916|[TRACE] graph - -----> statementPart
2021-11-19T10:24:03,916|[TRACE] graph - -------> nonSkippedChar
2021-11-19T10:24:03,916|[TRACE] script - #out(`0`) [token]
2021-11-19T10:24:03,916|[TRACE] graph - <------- nonSkippedChar
2021-11-19T10:24:03,916|[TRACE] graph - <----- statementPart
2021-11-19T10:24:03,916|[TRACE] graph - -----> statementPart
2021-11-19T10:24:03,916|[TRACE] graph - -------> nonSkippedChar
2021-11-19T10:24:03,916|[TRACE] script - #out(`)`) [token]
2021-11-19T10:24:03,916|[TRACE] graph - <------- nonSkippedChar
2021-11-19T10:24:03,916|[TRACE] graph - <----- statementPart
2021-11-19T10:24:03,916|[TRACE] graph - -----> statementPart
2021-11-19T10:24:03,916|[TRACE] graph - -------> nonSkippedSpace
2021-11-19T10:24:03,916|[TRACE] script - #out(` `) [token]
2021-11-19T10:24:03,916|[TRACE] graph - <------- nonSkippedSpace
2021-11-19T10:24:03,916|[TRACE] graph - <----- statementPart
2021-11-19T10:24:03,916|[TRACE] graph - -----> statementPart
2021-11-19T10:24:03,916|[TRACE] graph - -------> nonSkippedChar
2021-11-19T10:24:03,916|[TRACE] script - #out(`N`) [token]
2021-11-19T10:24:03,916|[TRACE] graph - <------- nonSkippedChar
2021-11-19T10:24:03,916|[TRACE] graph - <----- statementPart
2021-11-19T10:24:03,916|[TRACE] graph - -----> statementPart
2021-11-19T10:24:03,916|[TRACE] graph - -------> nonSkippedChar
2021-11-19T10:24:03,916|[TRACE] script - #out(`O`) [token]
2021-11-19T10:24:03,916|[TRACE] graph - <------- nonSkippedChar
2021-11-19T10:24:03,916|[TRACE] graph - <----- statementPart
2021-11-19T10:24:03,916|[TRACE] graph - -----> statementPart
2021-11-19T10:24:03,916|[TRACE] graph - -------> nonSkippedChar
2021-11-19T10:24:03,916|[TRACE] script - #out(`T`) [token]
2021-11-19T10:24:03,916|[TRACE] graph - <------- nonSkippedChar
2021-11-19T10:24:03,916|[TRACE] graph - <----- statementPart
2021-11-19T10:24:03,916|[TRACE] graph - -----> statementPart
2021-11-19T10:24:03,916|[TRACE] graph - -------> nonSkippedSpace
2021-11-19T10:24:03,916|[TRACE] script - #out(` `) [token]
2021-11-19T10:24:03,916|[TRACE] graph - <------- nonSkippedSpace
2021-11-19T10:24:03,916|[TRACE] graph - <----- statementPart
2021-11-19T10:24:03,916|[TRACE] graph - -----> statementPart
2021-11-19T10:24:03,916|[TRACE] graph - -------> nonSkippedChar
2021-11-19T10:24:03,916|[TRACE] script - #out(`N`) [token]
2021-11-19T10:24:03,916|[TRACE] graph - <------- nonSkippedChar
2021-11-19T10:24:03,916|[TRACE] graph - <----- statementPart
2021-11-19T10:24:03,916|[TRACE] graph - -----> statementPart
2021-11-19T10:24:03,916|[TRACE] graph - -------> nonSkippedChar
2021-11-19T10:24:03,916|[TRACE] script - #out(`U`) [token]
2021-11-19T10:24:03,916|[TRACE] graph - <------- nonSkippedChar
2021-11-19T10:24:03,916|[TRACE] graph - <----- statementPart
2021-11-19T10:24:03,916|[TRACE] graph - -----> statementPart
2021-11-19T10:24:03,916|[TRACE] graph - -------> nonSkippedChar
2021-11-19T10:24:03,916|[TRACE] script - #out(`L`) [token]
2021-11-19T10:24:03,916|[TRACE] graph - <------- nonSkippedChar
2021-11-19T10:24:03,916|[TRACE] graph - <----- statementPart
2021-11-19T10:24:03,916|[TRACE] graph - -----> statementPart
2021-11-19T10:24:03,916|[TRACE] graph - -------> nonSkippedChar
2021-11-19T10:24:03,916|[TRACE] script - #out(`L`) [token]
2021-11-19T10:24:03,916|[TRACE] graph - <------- nonSkippedChar
2021-11-19T10:24:03,916|[TRACE] graph - <----- statementPart
2021-11-19T10:24:03,916|[TRACE] graph - -----> statementPart
2021-11-19T10:24:03,916|[TRACE] graph - -------> nonSkippedChar
2021-11-19T10:24:03,916|[TRACE] script - #out(`,`) [token]
2021-11-19T10:24:03,916|[TRACE] graph - <------- nonSkippedChar
2021-11-19T10:24:03,916|[TRACE] graph - <----- statementPart
2021-11-19T10:24:03,916|[TRACE] graph - -----> afterStatementPartNewline
2021-11-19T10:24:03,916|[TRACE] script - #out(` `) [text]
2021-11-19T10:24:03,916|[TRACE] graph - <----- afterStatementPartNewline
2021-11-19T10:24:03,916|[TRACE] graph - -----> statementPart
2021-11-19T10:24:03,916|[TRACE] graph - -------> nonSkippedSpace
2021-11-19T10:24:03,916|[TRACE] script - #out(` `) [token]
2021-11-19T10:24:03,916|[TRACE] graph - <------- nonSkippedSpace
2021-11-19T10:24:03,916|[TRACE] graph - <----- statementPart
2021-11-19T10:24:03,916|[TRACE] graph - -----> statementPart
2021-11-19T10:24:03,916|[TRACE] graph - -------> nonSkippedSpace
2021-11-19T10:24:03,916|[TRACE] script - #out(` `) [token]
2021-11-19T10:24:03,916|[TRACE] graph - <------- nonSkippedSpace
2021-11-19T10:24:03,916|[TRACE] graph - <----- statementPart
2021-11-19T10:24:03,916|[TRACE] graph - -----> statementPart
2021-11-19T10:24:03,916|[TRACE] graph - -------> quotedString
2021-11-19T10:24:03,916|[TRACE] script - #out(``last_name``) [token]
2021-11-19T10:24:03,916|[TRACE] graph - <------- quotedString
2021-11-19T10:24:03,916|[TRACE] graph - <----- statementPart
2021-11-19T10:24:03,916|[TRACE] graph - -----> statementPart
2021-11-19T10:24:03,916|[TRACE] graph - -------> nonSkippedSpace
2021-11-19T10:24:03,916|[TRACE] script - #out(` `) [token]
2021-11-19T10:24:03,916|[TRACE] graph - <------- nonSkippedSpace
2021-11-19T10:24:03,916|[TRACE] graph - <----- statementPart
2021-11-19T10:24:03,916|[TRACE] graph - -----> statementPart
2021-11-19T10:24:03,916|[TRACE] graph - -------> nonSkippedChar
2021-11-19T10:24:03,916|[TRACE] script - #out(`V`) [token]
2021-11-19T10:24:03,916|[TRACE] graph - <------- nonSkippedChar
2021-11-19T10:24:03,916|[TRACE] graph - <----- statementPart
2021-11-19T10:24:03,916|[TRACE] graph - -----> statementPart
2021-11-19T10:24:03,916|[TRACE] graph - -------> nonSkippedChar
2021-11-19T10:24:03,916|[TRACE] script - #out(`A`) [token]
2021-11-19T10:24:03,916|[TRACE] graph - <------- nonSkippedChar
2021-11-19T10:24:03,916|[TRACE] graph - <----- statementPart
2021-11-19T10:24:03,916|[TRACE] graph - -----> statementPart
2021-11-19T10:24:03,916|[TRACE] graph - -------> nonSkippedChar
2021-11-19T10:24:03,916|[TRACE] script - #out(`R`) [token]
2021-11-19T10:24:03,916|[TRACE] graph - <------- nonSkippedChar
2021-11-19T10:24:03,916|[TRACE] graph - <----- statementPart
2021-11-19T10:24:03,916|[TRACE] graph - -----> statementPart
2021-11-19T10:24:03,916|[TRACE] graph - -------> nonSkippedChar
2021-11-19T10:24:03,916|[TRACE] script - #out(`C`) [token]
2021-11-19T10:24:03,916|[TRACE] graph - <------- nonSkippedChar
2021-11-19T10:24:03,916|[TRACE] graph - <----- statementPart
2021-11-19T10:24:03,916|[TRACE] graph - -----> statementPart
2021-11-19T10:24:03,916|[TRACE] graph - -------> nonSkippedChar
2021-11-19T10:24:03,916|[TRACE] script - #out(`H`) [token]
2021-11-19T10:24:03,916|[TRACE] graph - <------- nonSkippedChar
2021-11-19T10:24:03,916|[TRACE] graph - <----- statementPart
2021-11-19T10:24:03,916|[TRACE] graph - -----> statementPart
2021-11-19T10:24:03,916|[TRACE] graph - -------> nonSkippedChar
2021-11-19T10:24:03,916|[TRACE] script - #out(`A`) [token]
2021-11-19T10:24:03,916|[TRACE] graph - <------- nonSkippedChar
2021-11-19T10:24:03,916|[TRACE] graph - <----- statementPart
2021-11-19T10:24:03,916|[TRACE] graph - -----> statementPart
2021-11-19T10:24:03,916|[TRACE] graph - -------> nonSkippedChar
2021-11-19T10:24:03,916|[TRACE] script - #out(`R`) [token]
2021-11-19T10:24:03,916|[TRACE] graph - <------- nonSkippedChar
2021-11-19T10:24:03,916|[TRACE] graph - <----- statementPart
2021-11-19T10:24:03,916|[TRACE] graph - -----> statementPart
2021-11-19T10:24:03,916|[TRACE] graph - -------> nonSkippedChar
2021-11-19T10:24:03,916|[TRACE] script - #out(`(`) [token]
2021-11-19T10:24:03,916|[TRACE] graph - <------- nonSkippedChar
2021-11-19T10:24:03,916|[TRACE] graph - <----- statementPart
2021-11-19T10:24:03,916|[TRACE] graph - -----> statementPart
2021-11-19T10:24:03,916|[TRACE] graph - -------> nonSkippedChar
2021-11-19T10:24:03,916|[TRACE] script - #out(`5`) [token]
2021-11-19T10:24:03,916|[TRACE] graph - <------- nonSkippedChar
2021-11-19T10:24:03,916|[TRACE] graph - <----- statementPart
2021-11-19T10:24:03,916|[TRACE] graph - -----> statementPart
2021-11-19T10:24:03,916|[TRACE] graph - -------> nonSkippedChar
2021-11-19T10:24:03,916|[TRACE] script - #out(`0`) [token]
2021-11-19T10:24:03,916|[TRACE] graph - <------- nonSkippedChar
2021-11-19T10:24:03,916|[TRACE] graph - <----- statementPart
2021-11-19T10:24:03,916|[TRACE] graph - -----> statementPart
2021-11-19T10:24:03,916|[TRACE] graph - -------> nonSkippedChar
2021-11-19T10:24:03,916|[TRACE] script - #out(`)`) [token]
2021-11-19T10:24:03,916|[TRACE] graph - <------- nonSkippedChar
2021-11-19T10:24:03,916|[TRACE] graph - <----- statementPart
2021-11-19T10:24:03,916|[TRACE] graph - -----> statementPart
2021-11-19T10:24:03,916|[TRACE] graph - -------> nonSkippedSpace
2021-11-19T10:24:03,916|[TRACE] script - #out(` `) [token]
2021-11-19T10:24:03,916|[TRACE] graph - <------- nonSkippedSpace
2021-11-19T10:24:03,916|[TRACE] graph - <----- statementPart
2021-11-19T10:24:03,916|[TRACE] graph - -----> statementPart
2021-11-19T10:24:03,916|[TRACE] graph - -------> nonSkippedChar
2021-11-19T10:24:03,916|[TRACE] script - #out(`N`) [token]
2021-11-19T10:24:03,916|[TRACE] graph - <------- nonSkippedChar
2021-11-19T10:24:03,916|[TRACE] graph - <----- statementPart
2021-11-19T10:24:03,916|[TRACE] graph - -----> statementPart
2021-11-19T10:24:03,916|[TRACE] graph - -------> nonSkippedChar
2021-11-19T10:24:03,916|[TRACE] script - #out(`O`) [token]
2021-11-19T10:24:03,916|[TRACE] graph - <------- nonSkippedChar
2021-11-19T10:24:03,916|[TRACE] graph - <----- statementPart
2021-11-19T10:24:03,916|[TRACE] graph - -----> statementPart
2021-11-19T10:24:03,916|[TRACE] graph - -------> nonSkippedChar
2021-11-19T10:24:03,916|[TRACE] script - #out(`T`) [token]
2021-11-19T10:24:03,916|[TRACE] graph - <------- nonSkippedChar
2021-11-19T10:24:03,916|[TRACE] graph - <----- statementPart
2021-11-19T10:24:03,916|[TRACE] graph - -----> statementPart
2021-11-19T10:24:03,916|[TRACE] graph - -------> nonSkippedSpace
2021-11-19T10:24:03,916|[TRACE] script - #out(` `) [token]
2021-11-19T10:24:03,916|[TRACE] graph - <------- nonSkippedSpace
2021-11-19T10:24:03,916|[TRACE] graph - <----- statementPart
2021-11-19T10:24:03,916|[TRACE] graph - -----> statementPart
2021-11-19T10:24:03,916|[TRACE] graph - -------> nonSkippedChar
2021-11-19T10:24:03,916|[TRACE] script - #out(`N`) [token]
2021-11-19T10:24:03,916|[TRACE] graph - <------- nonSkippedChar
2021-11-19T10:24:03,916|[TRACE] graph - <----- statementPart
2021-11-19T10:24:03,916|[TRACE] graph - -----> statementPart
2021-11-19T10:24:03,916|[TRACE] graph - -------> nonSkippedChar
2021-11-19T10:24:03,916|[TRACE] script - #out(`U`) [token]
2021-11-19T10:24:03,916|[TRACE] graph - <------- nonSkippedChar
2021-11-19T10:24:03,916|[TRACE] graph - <----- statementPart
2021-11-19T10:24:03,916|[TRACE] graph - -----> statementPart
2021-11-19T10:24:03,916|[TRACE] graph - -------> nonSkippedChar
2021-11-19T10:24:03,916|[TRACE] script - #out(`L`) [token]
2021-11-19T10:24:03,916|[TRACE] graph - <------- nonSkippedChar
2021-11-19T10:24:03,916|[TRACE] graph - <----- statementPart
2021-11-19T10:24:03,916|[TRACE] graph - -----> statementPart
2021-11-19T10:24:03,916|[TRACE] graph - -------> nonSkippedChar
2021-11-19T10:24:03,916|[TRACE] script - #out(`L`) [token]
2021-11-19T10:24:03,916|[TRACE] graph - <------- nonSkippedChar
2021-11-19T10:24:03,916|[TRACE] graph - <----- statementPart
2021-11-19T10:24:03,916|[TRACE] graph - -----> statementPart
2021-11-19T10:24:03,916|[TRACE] graph - -------> nonSkippedChar
2021-11-19T10:24:03,916|[TRACE] script - #out(`,`) [token]
2021-11-19T10:24:03,916|[TRACE] graph - <------- nonSkippedChar
2021-11-19T10:24:03,916|[TRACE] graph - <----- statementPart
2021-11-19T10:24:03,916|[TRACE] graph - -----> afterStatementPartNewline
2021-11-19T10:24:03,916|[TRACE] script - #out(` `) [text]
2021-11-19T10:24:03,917|[TRACE] graph - <----- afterStatementPartNewline
2021-11-19T10:24:03,917|[TRACE] graph - -----> statementPart
2021-11-19T10:24:03,917|[TRACE] graph - -------> nonSkippedSpace
2021-11-19T10:24:03,917|[TRACE] script - #out(` `) [token]
2021-11-19T10:24:03,917|[TRACE] graph - <------- nonSkippedSpace
2021-11-19T10:24:03,917|[TRACE] graph - <----- statementPart
2021-11-19T10:24:03,917|[TRACE] graph - -----> statementPart
2021-11-19T10:24:03,917|[TRACE] graph - -------> nonSkippedSpace
2021-11-19T10:24:03,917|[TRACE] script - #out(` `) [token]
2021-11-19T10:24:03,917|[TRACE] graph - <------- nonSkippedSpace
2021-11-19T10:24:03,917|[TRACE] graph - <----- statementPart
2021-11-19T10:24:03,917|[TRACE] graph - -----> statementPart
2021-11-19T10:24:03,917|[TRACE] graph - -------> quotedString
2021-11-19T10:24:03,917|[TRACE] script - #out(``created``) [token]
2021-11-19T10:24:03,917|[TRACE] graph - <------- quotedString
2021-11-19T10:24:03,917|[TRACE] graph - <----- statementPart
2021-11-19T10:24:03,917|[TRACE] graph - -----> statementPart
2021-11-19T10:24:03,917|[TRACE] graph - -------> nonSkippedSpace
2021-11-19T10:24:03,917|[TRACE] script - #out(` `) [token]
2021-11-19T10:24:03,917|[TRACE] graph - <------- nonSkippedSpace
2021-11-19T10:24:03,917|[TRACE] graph - <----- statementPart
2021-11-19T10:24:03,917|[TRACE] graph - -----> statementPart
2021-11-19T10:24:03,917|[TRACE] graph - -------> nonSkippedChar
2021-11-19T10:24:03,917|[TRACE] script - #out(`B`) [token]
2021-11-19T10:24:03,917|[TRACE] graph - <------- nonSkippedChar
2021-11-19T10:24:03,917|[TRACE] graph - <----- statementPart
2021-11-19T10:24:03,917|[TRACE] graph - -----> statementPart
2021-11-19T10:24:03,917|[TRACE] graph - -------> nonSkippedChar
2021-11-19T10:24:03,917|[TRACE] script - #out(`I`) [token]
2021-11-19T10:24:03,917|[TRACE] graph - <------- nonSkippedChar
2021-11-19T10:24:03,917|[TRACE] graph - <----- statementPart
2021-11-19T10:24:03,917|[TRACE] graph - -----> statementPart
2021-11-19T10:24:03,917|[TRACE] graph - -------> nonSkippedChar
2021-11-19T10:24:03,917|[TRACE] script - #out(`G`) [token]
2021-11-19T10:24:03,917|[TRACE] graph - <------- nonSkippedChar
2021-11-19T10:24:03,917|[TRACE] graph - <----- statementPart
2021-11-19T10:24:03,917|[TRACE] graph - -----> statementPart
2021-11-19T10:24:03,917|[TRACE] graph - -------> nonSkippedChar
2021-11-19T10:24:03,917|[TRACE] script - #out(`I`) [token]
2021-11-19T10:24:03,917|[TRACE] graph - <------- nonSkippedChar
2021-11-19T10:24:03,917|[TRACE] graph - <----- statementPart
2021-11-19T10:24:03,917|[TRACE] graph - -----> statementPart
2021-11-19T10:24:03,917|[TRACE] graph - -------> nonSkippedChar
2021-11-19T10:24:03,917|[TRACE] script - #out(`N`) [token]
2021-11-19T10:24:03,917|[TRACE] graph - <------- nonSkippedChar
2021-11-19T10:24:03,917|[TRACE] graph - <----- statementPart
2021-11-19T10:24:03,917|[TRACE] graph - -----> statementPart
2021-11-19T10:24:03,917|[TRACE] graph - -------> nonSkippedChar
2021-11-19T10:24:03,917|[TRACE] script - #out(`T`) [token]
2021-11-19T10:24:03,917|[TRACE] graph - <------- nonSkippedChar
2021-11-19T10:24:03,917|[TRACE] graph - <----- statementPart
2021-11-19T10:24:03,917|[TRACE] graph - -----> statementPart
2021-11-19T10:24:03,917|[TRACE] graph - -------> nonSkippedSpace
2021-11-19T10:24:03,917|[TRACE] script - #out(` `) [token]
2021-11-19T10:24:03,917|[TRACE] graph - <------- nonSkippedSpace
2021-11-19T10:24:03,917|[TRACE] graph - <----- statementPart
2021-11-19T10:24:03,917|[TRACE] graph - -----> statementPart
2021-11-19T10:24:03,917|[TRACE] graph - -------> nonSkippedChar
2021-11-19T10:24:03,917|[TRACE] script - #out(`N`) [token]
2021-11-19T10:24:03,917|[TRACE] graph - <------- nonSkippedChar
2021-11-19T10:24:03,917|[TRACE] graph - <----- statementPart
2021-11-19T10:24:03,917|[TRACE] graph - -----> statementPart
2021-11-19T10:24:03,917|[TRACE] graph - -------> nonSkippedChar
2021-11-19T10:24:03,917|[TRACE] script - #out(`O`) [token]
2021-11-19T10:24:03,917|[TRACE] graph - <------- nonSkippedChar
2021-11-19T10:24:03,917|[TRACE] graph - <----- statementPart
2021-11-19T10:24:03,917|[TRACE] graph - -----> statementPart
2021-11-19T10:24:03,917|[TRACE] graph - -------> nonSkippedChar
2021-11-19T10:24:03,917|[TRACE] script - #out(`T`) [token]
2021-11-19T10:24:03,917|[TRACE] graph - <------- nonSkippedChar
2021-11-19T10:24:03,917|[TRACE] graph - <----- statementPart
2021-11-19T10:24:03,917|[TRACE] graph - -----> statementPart
2021-11-19T10:24:03,917|[TRACE] graph - -------> nonSkippedSpace
2021-11-19T10:24:03,917|[TRACE] script - #out(` `) [token]
2021-11-19T10:24:03,917|[TRACE] graph - <------- nonSkippedSpace
2021-11-19T10:24:03,975|[TRACE] graph - <----- statementPart
2021-11-19T10:24:03,975|[TRACE] graph - -----> statementPart
2021-11-19T10:24:03,975|[TRACE] graph - -------> nonSkippedChar
2021-11-19T10:24:03,975|[TRACE] script - #out(`N`) [token]
2021-11-19T10:24:03,975|[TRACE] graph - <------- nonSkippedChar
2021-11-19T10:24:03,975|[TRACE] graph - <----- statementPart
2021-11-19T10:24:03,975|[TRACE] graph - -----> statementPart
2021-11-19T10:24:03,975|[TRACE] graph - -------> nonSkippedChar
2021-11-19T10:24:03,975|[TRACE] script - #out(`U`) [token]
2021-11-19T10:24:03,975|[TRACE] graph - <------- nonSkippedChar
2021-11-19T10:24:03,975|[TRACE] graph - <----- statementPart
2021-11-19T10:24:03,975|[TRACE] graph - -----> statementPart
2021-11-19T10:24:03,975|[TRACE] graph - -------> nonSkippedChar
2021-11-19T10:24:03,975|[TRACE] script - #out(`L`) [token]
2021-11-19T10:24:03,975|[TRACE] graph - <------- nonSkippedChar
2021-11-19T10:24:03,975|[TRACE] graph - <----- statementPart
2021-11-19T10:24:03,975|[TRACE] graph - -----> statementPart
2021-11-19T10:24:03,975|[TRACE] graph - -------> nonSkippedChar
2021-11-19T10:24:03,975|[TRACE] script - #out(`L`) [token]
2021-11-19T10:24:03,975|[TRACE] graph - <------- nonSkippedChar
2021-11-19T10:24:03,975|[TRACE] graph - <----- statementPart
2021-11-19T10:24:03,975|[TRACE] graph - -----> statementPart
2021-11-19T10:24:03,975|[TRACE] graph - -------> nonSkippedSpace
2021-11-19T10:24:03,975|[TRACE] script - #out(` `) [token]
2021-11-19T10:24:03,975|[TRACE] graph - <------- nonSkippedSpace
2021-11-19T10:24:03,975|[TRACE] graph - <----- statementPart
2021-11-19T10:24:03,975|[TRACE] graph - -----> statementPart
2021-11-19T10:24:03,975|[TRACE] graph - -------> nonSkippedChar
2021-11-19T10:24:03,975|[TRACE] script - #out(`D`) [token]
2021-11-19T10:24:03,975|[TRACE] graph - <------- nonSkippedChar
2021-11-19T10:24:03,975|[TRACE] graph - <----- statementPart
2021-11-19T10:24:03,975|[TRACE] graph - -----> statementPart
2021-11-19T10:24:03,975|[TRACE] graph - -------> nonSkippedChar
2021-11-19T10:24:03,975|[TRACE] script - #out(`E`) [token]
2021-11-19T10:24:03,975|[TRACE] graph - <------- nonSkippedChar
2021-11-19T10:24:03,975|[TRACE] graph - <----- statementPart
2021-11-19T10:24:03,975|[TRACE] graph - -----> statementPart
2021-11-19T10:24:03,975|[TRACE] graph - -------> nonSkippedChar
2021-11-19T10:24:03,975|[TRACE] script - #out(`F`) [token]
2021-11-19T10:24:03,975|[TRACE] graph - <------- nonSkippedChar
2021-11-19T10:24:03,975|[TRACE] graph - <----- statementPart
2021-11-19T10:24:03,975|[TRACE] graph - -----> statementPart
2021-11-19T10:24:03,975|[TRACE] graph - -------> nonSkippedChar
2021-11-19T10:24:03,975|[TRACE] script - #out(`A`) [token]
2021-11-19T10:24:03,975|[TRACE] graph - <------- nonSkippedChar
2021-11-19T10:24:03,975|[TRACE] graph - <----- statementPart
2021-11-19T10:24:03,975|[TRACE] graph - -----> statementPart
2021-11-19T10:24:03,975|[TRACE] graph - -------> nonSkippedChar
2021-11-19T10:24:03,975|[TRACE] script - #out(`U`) [token]
2021-11-19T10:24:03,975|[TRACE] graph - <------- nonSkippedChar
2021-11-19T10:24:03,975|[TRACE] graph - <----- statementPart
2021-11-19T10:24:03,975|[TRACE] graph - -----> statementPart
2021-11-19T10:24:03,975|[TRACE] graph - -------> nonSkippedChar
2021-11-19T10:24:03,975|[TRACE] script - #out(`L`) [token]
2021-11-19T10:24:03,975|[TRACE] graph - <------- nonSkippedChar
2021-11-19T10:24:03,975|[TRACE] graph - <----- statementPart
2021-11-19T10:24:03,975|[TRACE] graph - -----> statementPart
2021-11-19T10:24:03,975|[TRACE] graph - -------> nonSkippedChar
2021-11-19T10:24:03,975|[TRACE] script - #out(`T`) [token]
2021-11-19T10:24:03,975|[TRACE] graph - <------- nonSkippedChar
2021-11-19T10:24:03,975|[TRACE] graph - <----- statementPart
2021-11-19T10:24:03,975|[TRACE] graph - -----> statementPart
2021-11-19T10:24:03,975|[TRACE] graph - -------> nonSkippedSpace
2021-11-19T10:24:03,975|[TRACE] script - #out(` `) [token]
2021-11-19T10:24:03,975|[TRACE] graph - <------- nonSkippedSpace
2021-11-19T10:24:03,975|[TRACE] graph - <----- statementPart
2021-11-19T10:24:03,975|[TRACE] graph - -----> statementPart
2021-11-19T10:24:03,975|[TRACE] graph - -------> nonSkippedChar
2021-11-19T10:24:03,975|[TRACE] script - #out(`(`) [token]
2021-11-19T10:24:03,975|[TRACE] graph - <------- nonSkippedChar
2021-11-19T10:24:03,975|[TRACE] graph - <----- statementPart
2021-11-19T10:24:03,975|[TRACE] graph - -----> statementPart
2021-11-19T10:24:03,975|[TRACE] graph - -------> nonSkippedChar
2021-11-19T10:24:03,975|[TRACE] script - #out(`u`) [token]
2021-11-19T10:24:03,975|[TRACE] graph - <------- nonSkippedChar
2021-11-19T10:24:03,975|[TRACE] graph - <----- statementPart
2021-11-19T10:24:03,975|[TRACE] graph - -----> statementPart
2021-11-19T10:24:03,975|[TRACE] graph - -------> nonSkippedChar
2021-11-19T10:24:03,975|[TRACE] script - #out(`n`) [token]
2021-11-19T10:24:03,975|[TRACE] graph - <------- nonSkippedChar
2021-11-19T10:24:03,975|[TRACE] graph - <----- statementPart
2021-11-19T10:24:03,975|[TRACE] graph - -----> statementPart
2021-11-19T10:24:03,975|[TRACE] graph - -------> nonSkippedChar
2021-11-19T10:24:03,975|[TRACE] script - #out(`i`) [token]
2021-11-19T10:24:03,975|[TRACE] graph - <------- nonSkippedChar
2021-11-19T10:24:03,975|[TRACE] graph - <----- statementPart
2021-11-19T10:24:03,975|[TRACE] graph - -----> statementPart
2021-11-19T10:24:03,975|[TRACE] graph - -------> nonSkippedChar
2021-11-19T10:24:03,975|[TRACE] script - #out(`x`) [token]
2021-11-19T10:24:03,975|[TRACE] graph - <------- nonSkippedChar
2021-11-19T10:24:03,975|[TRACE] graph - <----- statementPart
2021-11-19T10:24:03,975|[TRACE] graph - -----> statementPart
2021-11-19T10:24:03,975|[TRACE] graph - -------> nonSkippedChar
2021-11-19T10:24:03,975|[TRACE] script - #out(`_`) [token]
2021-11-19T10:24:03,975|[TRACE] graph - <------- nonSkippedChar
2021-11-19T10:24:03,975|[TRACE] graph - <----- statementPart
2021-11-19T10:24:03,975|[TRACE] graph - -----> statementPart
2021-11-19T10:24:03,975|[TRACE] graph - -------> nonSkippedChar
2021-11-19T10:24:03,975|[TRACE] script - #out(`t`) [token]
2021-11-19T10:24:03,975|[TRACE] graph - <------- nonSkippedChar
2021-11-19T10:24:03,975|[TRACE] graph - <----- statementPart
2021-11-19T10:24:03,975|[TRACE] graph - -----> statementPart
2021-11-19T10:24:03,975|[TRACE] graph - -------> nonSkippedChar
2021-11-19T10:24:03,975|[TRACE] script - #out(`i`) [token]
2021-11-19T10:24:03,975|[TRACE] graph - <------- nonSkippedChar
2021-11-19T10:24:03,975|[TRACE] graph - <----- statementPart
2021-11-19T10:24:03,975|[TRACE] graph - -----> statementPart
2021-11-19T10:24:03,975|[TRACE] graph - -------> nonSkippedChar
2021-11-19T10:24:03,975|[TRACE] script - #out(`m`) [token]
2021-11-19T10:24:03,975|[TRACE] graph - <------- nonSkippedChar
2021-11-19T10:24:03,975|[TRACE] graph - <----- statementPart
2021-11-19T10:24:03,975|[TRACE] graph - -----> statementPart
2021-11-19T10:24:03,975|[TRACE] graph - -------> nonSkippedChar
2021-11-19T10:24:03,975|[TRACE] script - #out(`e`) [token]
2021-11-19T10:24:03,975|[TRACE] graph - <------- nonSkippedChar
2021-11-19T10:24:03,975|[TRACE] graph - <----- statementPart
2021-11-19T10:24:03,975|[TRACE] graph - -----> statementPart
2021-11-19T10:24:03,975|[TRACE] graph - -------> nonSkippedChar
2021-11-19T10:24:03,975|[TRACE] script - #out(`s`) [token]
2021-11-19T10:24:03,975|[TRACE] graph - <------- nonSkippedChar
2021-11-19T10:24:03,975|[TRACE] graph - <----- statementPart
2021-11-19T10:24:03,975|[TRACE] graph - -----> statementPart
2021-11-19T10:24:03,975|[TRACE] graph - -------> nonSkippedChar
2021-11-19T10:24:03,975|[TRACE] script - #out(`t`) [token]
2021-11-19T10:24:03,975|[TRACE] graph - <------- nonSkippedChar
2021-11-19T10:24:03,975|[TRACE] graph - <----- statementPart
2021-11-19T10:24:03,975|[TRACE] graph - -----> statementPart
2021-11-19T10:24:03,975|[TRACE] graph - -------> nonSkippedChar
2021-11-19T10:24:03,975|[TRACE] script - #out(`a`) [token]
2021-11-19T10:24:03,975|[TRACE] graph - <------- nonSkippedChar
2021-11-19T10:24:03,975|[TRACE] graph - <----- statementPart
2021-11-19T10:24:03,975|[TRACE] graph - -----> statementPart
2021-11-19T10:24:03,975|[TRACE] graph - -------> nonSkippedChar
2021-11-19T10:24:03,975|[TRACE] script - #out(`m`) [token]
2021-11-19T10:24:03,975|[TRACE] graph - <------- nonSkippedChar
2021-11-19T10:24:03,975|[TRACE] graph - <----- statementPart
2021-11-19T10:24:03,975|[TRACE] graph - -----> statementPart
2021-11-19T10:24:03,975|[TRACE] graph - -------> nonSkippedChar
2021-11-19T10:24:03,975|[TRACE] script - #out(`p`) [token]
2021-11-19T10:24:03,975|[TRACE] graph - <------- nonSkippedChar
2021-11-19T10:24:03,975|[TRACE] graph - <----- statementPart
2021-11-19T10:24:03,975|[TRACE] graph - -----> statementPart
2021-11-19T10:24:03,975|[TRACE] graph - -------> nonSkippedChar
2021-11-19T10:24:03,975|[TRACE] script - #out(`(`) [token]
2021-11-19T10:24:03,975|[TRACE] graph - <------- nonSkippedChar
2021-11-19T10:24:03,975|[TRACE] graph - <----- statementPart
2021-11-19T10:24:03,975|[TRACE] graph - -----> statementPart
2021-11-19T10:24:03,975|[TRACE] graph - -------> nonSkippedChar
2021-11-19T10:24:03,975|[TRACE] script - #out(`n`) [token]
2021-11-19T10:24:03,975|[TRACE] graph - <------- nonSkippedChar
2021-11-19T10:24:03,975|[TRACE] graph - <----- statementPart
2021-11-19T10:24:03,975|[TRACE] graph - -----> statementPart
2021-11-19T10:24:03,975|[TRACE] graph - -------> nonSkippedChar
2021-11-19T10:24:03,975|[TRACE] script - #out(`o`) [token]
2021-11-19T10:24:03,975|[TRACE] graph - <------- nonSkippedChar
2021-11-19T10:24:03,975|[TRACE] graph - <----- statementPart
2021-11-19T10:24:03,975|[TRACE] graph - -----> statementPart
2021-11-19T10:24:03,975|[TRACE] graph - -------> nonSkippedChar
2021-11-19T10:24:03,975|[TRACE] script - #out(`w`) [token]
2021-11-19T10:24:03,975|[TRACE] graph - <------- nonSkippedChar
2021-11-19T10:24:03,975|[TRACE] graph - <----- statementPart
2021-11-19T10:24:03,975|[TRACE] graph - -----> statementPart
2021-11-19T10:24:03,975|[TRACE] graph - -------> nonSkippedChar
2021-11-19T10:24:03,975|[TRACE] script - #out(`(`) [token]
2021-11-19T10:24:03,975|[TRACE] graph - <------- nonSkippedChar
2021-11-19T10:24:03,975|[TRACE] graph - <----- statementPart
2021-11-19T10:24:03,975|[TRACE] graph - -----> statementPart
2021-11-19T10:24:03,975|[TRACE] graph - -------> nonSkippedChar
2021-11-19T10:24:03,975|[TRACE] script - #out(`)`) [token]
2021-11-19T10:24:03,975|[TRACE] graph - <------- nonSkippedChar
2021-11-19T10:24:03,975|[TRACE] graph - <----- statementPart
2021-11-19T10:24:03,975|[TRACE] graph - -----> statementPart
2021-11-19T10:24:03,975|[TRACE] graph - -------> nonSkippedChar
2021-11-19T10:24:03,975|[TRACE] script - #out(`)`) [token]
2021-11-19T10:24:03,975|[TRACE] graph - <------- nonSkippedChar
2021-11-19T10:24:03,975|[TRACE] graph - <----- statementPart
2021-11-19T10:24:03,976|[TRACE] graph - -----> statementPart
2021-11-19T10:24:03,976|[TRACE] graph - -------> nonSkippedSpace
2021-11-19T10:24:03,976|[TRACE] script - #out(` `) [token]
2021-11-19T10:24:03,976|[TRACE] graph - <------- nonSkippedSpace
2021-11-19T10:24:03,976|[TRACE] graph - <----- statementPart
2021-11-19T10:24:03,976|[TRACE] graph - -----> statementPart
2021-11-19T10:24:03,976|[TRACE] graph - -------> nonSkippedChar
2021-11-19T10:24:03,976|[TRACE] script - #out(`*`) [token]
2021-11-19T10:24:03,976|[TRACE] graph - <------- nonSkippedChar
2021-11-19T10:24:03,976|[TRACE] graph - <----- statementPart
2021-11-19T10:24:03,976|[TRACE] graph - -----> statementPart
2021-11-19T10:24:03,976|[TRACE] graph - -------> nonSkippedSpace
2021-11-19T10:24:03,976|[TRACE] script - #out(` `) [token]
2021-11-19T10:24:03,976|[TRACE] graph - <------- nonSkippedSpace
2021-11-19T10:24:03,976|[TRACE] graph - <----- statementPart
2021-11-19T10:24:03,976|[TRACE] graph - -----> statementPart
2021-11-19T10:24:03,976|[TRACE] graph - -------> nonSkippedChar
2021-11-19T10:24:03,976|[TRACE] script - #out(`1`) [token]
2021-11-19T10:24:03,976|[TRACE] graph - <------- nonSkippedChar
2021-11-19T10:24:03,976|[TRACE] graph - <----- statementPart
2021-11-19T10:24:03,976|[TRACE] graph - -----> statementPart
2021-11-19T10:24:03,976|[TRACE] graph - -------> nonSkippedChar
2021-11-19T10:24:03,976|[TRACE] script - #out(`0`) [token]
2021-11-19T10:24:03,976|[TRACE] graph - <------- nonSkippedChar
2021-11-19T10:24:03,976|[TRACE] graph - <----- statementPart
2021-11-19T10:24:03,976|[TRACE] graph - -----> statementPart
2021-11-19T10:24:03,976|[TRACE] graph - -------> nonSkippedChar
2021-11-19T10:24:03,976|[TRACE] script - #out(`0`) [token]
2021-11-19T10:24:03,976|[TRACE] graph - <------- nonSkippedChar
2021-11-19T10:24:03,976|[TRACE] graph - <----- statementPart
2021-11-19T10:24:03,976|[TRACE] graph - -----> statementPart
2021-11-19T10:24:03,976|[TRACE] graph - -------> nonSkippedChar
2021-11-19T10:24:03,976|[TRACE] script - #out(`0`) [token]
2021-11-19T10:24:03,976|[TRACE] graph - <------- nonSkippedChar
2021-11-19T10:24:03,976|[TRACE] graph - <----- statementPart
2021-11-19T10:24:03,976|[TRACE] graph - -----> statementPart
2021-11-19T10:24:03,976|[TRACE] graph - -------> nonSkippedChar
2021-11-19T10:24:03,976|[TRACE] script - #out(`)`) [token]
2021-11-19T10:24:03,976|[TRACE] graph - <------- nonSkippedChar
2021-11-19T10:24:03,976|[TRACE] graph - <----- statementPart
2021-11-19T10:24:03,976|[TRACE] graph - -----> statementPart
2021-11-19T10:24:03,976|[TRACE] graph - -------> nonSkippedChar
2021-11-19T10:24:03,976|[TRACE] script - #out(`,`) [token]
2021-11-19T10:24:03,976|[TRACE] graph - <------- nonSkippedChar
2021-11-19T10:24:03,976|[TRACE] graph - <----- statementPart
2021-11-19T10:24:03,976|[TRACE] graph - -----> afterStatementPartNewline
2021-11-19T10:24:03,976|[TRACE] script - #out(` `) [text]
2021-11-19T10:24:03,976|[TRACE] graph - <----- afterStatementPartNewline
2021-11-19T10:24:03,976|[TRACE] graph - -----> statementPart
2021-11-19T10:24:03,976|[TRACE] graph - -------> nonSkippedSpace
2021-11-19T10:24:03,976|[TRACE] script - #out(` `) [token]
2021-11-19T10:24:03,976|[TRACE] graph - <------- nonSkippedSpace
2021-11-19T10:24:03,976|[TRACE] graph - <----- statementPart
2021-11-19T10:24:03,976|[TRACE] graph - -----> statementPart
2021-11-19T10:24:03,976|[TRACE] graph - -------> nonSkippedSpace
2021-11-19T10:24:03,976|[TRACE] script - #out(` `) [token]
2021-11-19T10:24:03,976|[TRACE] graph - <------- nonSkippedSpace
2021-11-19T10:24:03,976|[TRACE] graph - <----- statementPart
2021-11-19T10:24:03,976|[TRACE] graph - -----> statementPart
2021-11-19T10:24:03,976|[TRACE] graph - -------> quotedString
2021-11-19T10:24:03,976|[TRACE] script - #out(``updated``) [token]
2021-11-19T10:24:03,976|[TRACE] graph - <------- quotedString
2021-11-19T10:24:03,976|[TRACE] graph - <----- statementPart
2021-11-19T10:24:03,976|[TRACE] graph - -----> statementPart
2021-11-19T10:24:03,976|[TRACE] graph - -------> nonSkippedSpace
2021-11-19T10:24:03,976|[TRACE] script - #out(` `) [token]
2021-11-19T10:24:03,976|[TRACE] graph - <------- nonSkippedSpace
2021-11-19T10:24:03,976|[TRACE] graph - <----- statementPart
2021-11-19T10:24:03,976|[TRACE] graph - -----> statementPart
2021-11-19T10:24:03,976|[TRACE] graph - -------> nonSkippedChar
2021-11-19T10:24:03,976|[TRACE] script - #out(`B`) [token]
2021-11-19T10:24:03,976|[TRACE] graph - <------- nonSkippedChar
2021-11-19T10:24:03,976|[TRACE] graph - <----- statementPart
2021-11-19T10:24:03,976|[TRACE] graph - -----> statementPart
2021-11-19T10:24:03,976|[TRACE] graph - -------> nonSkippedChar
2021-11-19T10:24:03,976|[TRACE] script - #out(`I`) [token]
2021-11-19T10:24:03,976|[TRACE] graph - <------- nonSkippedChar
2021-11-19T10:24:03,976|[TRACE] graph - <----- statementPart
2021-11-19T10:24:03,976|[TRACE] graph - -----> statementPart
2021-11-19T10:24:03,976|[TRACE] graph - -------> nonSkippedChar
2021-11-19T10:24:03,976|[TRACE] script - #out(`G`) [token]
2021-11-19T10:24:03,976|[TRACE] graph - <------- nonSkippedChar
2021-11-19T10:24:03,976|[TRACE] graph - <----- statementPart
2021-11-19T10:24:03,976|[TRACE] graph - -----> statementPart
2021-11-19T10:24:03,976|[TRACE] graph - -------> nonSkippedChar
2021-11-19T10:24:03,976|[TRACE] script - #out(`I`) [token]
2021-11-19T10:24:03,976|[TRACE] graph - <------- nonSkippedChar
2021-11-19T10:24:03,976|[TRACE] graph - <----- statementPart
2021-11-19T10:24:03,976|[TRACE] graph - -----> statementPart
2021-11-19T10:24:03,976|[TRACE] graph - -------> nonSkippedChar
2021-11-19T10:24:03,976|[TRACE] script - #out(`N`) [token]
2021-11-19T10:24:03,976|[TRACE] graph - <------- nonSkippedChar
2021-11-19T10:24:03,976|[TRACE] graph - <----- statementPart
2021-11-19T10:24:03,976|[TRACE] graph - -----> statementPart
2021-11-19T10:24:03,976|[TRACE] graph - -------> nonSkippedChar
2021-11-19T10:24:03,976|[TRACE] script - #out(`T`) [token]
2021-11-19T10:24:03,976|[TRACE] graph - <------- nonSkippedChar
2021-11-19T10:24:03,976|[TRACE] graph - <----- statementPart
2021-11-19T10:24:03,976|[TRACE] graph - -----> statementPart
2021-11-19T10:24:03,976|[TRACE] graph - -------> nonSkippedSpace
2021-11-19T10:24:03,976|[TRACE] script - #out(` `) [token]
2021-11-19T10:24:03,976|[TRACE] graph - <------- nonSkippedSpace
2021-11-19T10:24:03,976|[TRACE] graph - <----- statementPart
2021-11-19T10:24:03,976|[TRACE] graph - -----> statementPart
2021-11-19T10:24:03,976|[TRACE] graph - -------> nonSkippedChar
2021-11-19T10:24:03,976|[TRACE] script - #out(`N`) [token]
2021-11-19T10:24:03,976|[TRACE] graph - <------- nonSkippedChar
2021-11-19T10:24:03,976|[TRACE] graph - <----- statementPart
2021-11-19T10:24:03,976|[TRACE] graph - -----> statementPart
2021-11-19T10:24:03,976|[TRACE] graph - -------> nonSkippedChar
2021-11-19T10:24:03,976|[TRACE] script - #out(`O`) [token]
2021-11-19T10:24:03,976|[TRACE] graph - <------- nonSkippedChar
2021-11-19T10:24:03,976|[TRACE] graph - <----- statementPart
2021-11-19T10:24:03,976|[TRACE] graph - -----> statementPart
2021-11-19T10:24:03,976|[TRACE] graph - -------> nonSkippedChar
2021-11-19T10:24:03,976|[TRACE] script - #out(`T`) [token]
2021-11-19T10:24:03,976|[TRACE] graph - <------- nonSkippedChar
2021-11-19T10:24:03,976|[TRACE] graph - <----- statementPart
2021-11-19T10:24:03,976|[TRACE] graph - -----> statementPart
2021-11-19T10:24:03,976|[TRACE] graph - -------> nonSkippedSpace
2021-11-19T10:24:03,976|[TRACE] script - #out(` `) [token]
2021-11-19T10:24:03,976|[TRACE] graph - <------- nonSkippedSpace
2021-11-19T10:24:03,976|[TRACE] graph - <----- statementPart
2021-11-19T10:24:03,976|[TRACE] graph - -----> statementPart
2021-11-19T10:24:03,976|[TRACE] graph - -------> nonSkippedChar
2021-11-19T10:24:03,976|[TRACE] script - #out(`N`) [token]
2021-11-19T10:24:03,976|[TRACE] graph - <------- nonSkippedChar
2021-11-19T10:24:03,976|[TRACE] graph - <----- statementPart
2021-11-19T10:24:03,976|[TRACE] graph - -----> statementPart
2021-11-19T10:24:03,976|[TRACE] graph - -------> nonSkippedChar
2021-11-19T10:24:03,976|[TRACE] script - #out(`U`) [token]
2021-11-19T10:24:03,976|[TRACE] graph - <------- nonSkippedChar
2021-11-19T10:24:03,976|[TRACE] graph - <----- statementPart
2021-11-19T10:24:03,976|[TRACE] graph - -----> statementPart
2021-11-19T10:24:03,976|[TRACE] graph - -------> nonSkippedChar
2021-11-19T10:24:03,976|[TRACE] script - #out(`L`) [token]
2021-11-19T10:24:03,976|[TRACE] graph - <------- nonSkippedChar
2021-11-19T10:24:03,976|[TRACE] graph - <----- statementPart
2021-11-19T10:24:03,976|[TRACE] graph - -----> statementPart
2021-11-19T10:24:03,976|[TRACE] graph - -------> nonSkippedChar
2021-11-19T10:24:03,976|[TRACE] script - #out(`L`) [token]
2021-11-19T10:24:03,976|[TRACE] graph - <------- nonSkippedChar
2021-11-19T10:24:03,976|[TRACE] graph - <----- statementPart
2021-11-19T10:24:03,976|[TRACE] graph - -----> statementPart
2021-11-19T10:24:03,976|[TRACE] graph - -------> nonSkippedSpace
2021-11-19T10:24:03,976|[TRACE] script - #out(` `) [token]
2021-11-19T10:24:03,976|[TRACE] graph - <------- nonSkippedSpace
2021-11-19T10:24:03,976|[TRACE] graph - <----- statementPart
2021-11-19T10:24:03,976|[TRACE] graph - -----> statementPart
2021-11-19T10:24:03,976|[TRACE] graph - -------> nonSkippedChar
2021-11-19T10:24:03,976|[TRACE] script - #out(`D`) [token]
2021-11-19T10:24:03,976|[TRACE] graph - <------- nonSkippedChar
2021-11-19T10:24:03,976|[TRACE] graph - <----- statementPart
2021-11-19T10:24:03,976|[TRACE] graph - -----> statementPart
2021-11-19T10:24:03,976|[TRACE] graph - -------> nonSkippedChar
2021-11-19T10:24:03,976|[TRACE] script - #out(`E`) [token]
2021-11-19T10:24:03,976|[TRACE] graph - <------- nonSkippedChar
2021-11-19T10:24:03,976|[TRACE] graph - <----- statementPart
2021-11-19T10:24:03,976|[TRACE] graph - -----> statementPart
2021-11-19T10:24:03,976|[TRACE] graph - -------> nonSkippedChar
2021-11-19T10:24:03,976|[TRACE] script - #out(`F`) [token]
2021-11-19T10:24:03,976|[TRACE] graph - <------- nonSkippedChar
2021-11-19T10:24:03,976|[TRACE] graph - <----- statementPart
2021-11-19T10:24:03,976|[TRACE] graph - -----> statementPart
2021-11-19T10:24:03,976|[TRACE] graph - -------> nonSkippedChar
2021-11-19T10:24:03,976|[TRACE] script - #out(`A`) [token]
2021-11-19T10:24:03,976|[TRACE] graph - <------- nonSkippedChar
2021-11-19T10:24:03,976|[TRACE] graph - <----- statementPart
2021-11-19T10:24:03,976|[TRACE] graph - -----> statementPart
2021-11-19T10:24:03,976|[TRACE] graph - -------> nonSkippedChar
2021-11-19T10:24:03,976|[TRACE] script - #out(`U`) [token]
2021-11-19T10:24:03,976|[TRACE] graph - <------- nonSkippedChar
2021-11-19T10:24:03,976|[TRACE] graph - <----- statementPart
2021-11-19T10:24:03,976|[TRACE] graph - -----> statementPart
2021-11-19T10:24:03,976|[TRACE] graph - -------> nonSkippedChar
2021-11-19T10:24:03,976|[TRACE] script - #out(`L`) [token]
2021-11-19T10:24:03,976|[TRACE] graph - <------- nonSkippedChar
2021-11-19T10:24:03,976|[TRACE] graph - <----- statementPart
2021-11-19T10:24:03,976|[TRACE] graph - -----> statementPart
2021-11-19T10:24:03,976|[TRACE] graph - -------> nonSkippedChar
2021-11-19T10:24:03,976|[TRACE] script - #out(`T`) [token]
2021-11-19T10:24:03,976|[TRACE] graph - <------- nonSkippedChar
2021-11-19T10:24:03,976|[TRACE] graph - <----- statementPart
2021-11-19T10:24:03,976|[TRACE] graph - -----> statementPart
2021-11-19T10:24:03,976|[TRACE] graph - -------> nonSkippedSpace
2021-11-19T10:24:03,976|[TRACE] script - #out(` `) [token]
2021-11-19T10:24:03,976|[TRACE] graph - <------- nonSkippedSpace
2021-11-19T10:24:03,976|[TRACE] graph - <----- statementPart
2021-11-19T10:24:03,976|[TRACE] graph - -----> statementPart
2021-11-19T10:24:03,976|[TRACE] graph - -------> nonSkippedChar
2021-11-19T10:24:03,976|[TRACE] script - #out(`(`) [token]
2021-11-19T10:24:03,976|[TRACE] graph - <------- nonSkippedChar
2021-11-19T10:24:03,976|[TRACE] graph - <----- statementPart
2021-11-19T10:24:03,976|[TRACE] graph - -----> statementPart
2021-11-19T10:24:03,976|[TRACE] graph - -------> nonSkippedChar
2021-11-19T10:24:03,976|[TRACE] script - #out(`u`) [token]
2021-11-19T10:24:03,976|[TRACE] graph - <------- nonSkippedChar
2021-11-19T10:24:03,976|[TRACE] graph - <----- statementPart
2021-11-19T10:24:03,976|[TRACE] graph - -----> statementPart
2021-11-19T10:24:03,976|[TRACE] graph - -------> nonSkippedChar
2021-11-19T10:24:03,976|[TRACE] script - #out(`n`) [token]
2021-11-19T10:24:03,976|[TRACE] graph - <------- nonSkippedChar
2021-11-19T10:24:03,976|[TRACE] graph - <----- statementPart
2021-11-19T10:24:03,976|[TRACE] graph - -----> statementPart
2021-11-19T10:24:03,976|[TRACE] graph - -------> nonSkippedChar
2021-11-19T10:24:03,976|[TRACE] script - #out(`i`) [token]
2021-11-19T10:24:03,976|[TRACE] graph - <------- nonSkippedChar
2021-11-19T10:24:03,976|[TRACE] graph - <----- statementPart
2021-11-19T10:24:03,976|[TRACE] graph - -----> statementPart
2021-11-19T10:24:03,976|[TRACE] graph - -------> nonSkippedChar
2021-11-19T10:24:03,976|[TRACE] script - #out(`x`) [token]
2021-11-19T10:24:03,976|[TRACE] graph - <------- nonSkippedChar
2021-11-19T10:24:03,976|[TRACE] graph - <----- statementPart
2021-11-19T10:24:03,976|[TRACE] graph - -----> statementPart
2021-11-19T10:24:03,976|[TRACE] graph - -------> nonSkippedChar
2021-11-19T10:24:03,976|[TRACE] script - #out(`_`) [token]
2021-11-19T10:24:03,976|[TRACE] graph - <------- nonSkippedChar
2021-11-19T10:24:03,976|[TRACE] graph - <----- statementPart
2021-11-19T10:24:03,976|[TRACE] graph - -----> statementPart
2021-11-19T10:24:03,976|[TRACE] graph - -------> nonSkippedChar
2021-11-19T10:24:03,976|[TRACE] script - #out(`t`) [token]
2021-11-19T10:24:03,976|[TRACE] graph - <------- nonSkippedChar
2021-11-19T10:24:03,976|[TRACE] graph - <----- statementPart
2021-11-19T10:24:03,976|[TRACE] graph - -----> statementPart
2021-11-19T10:24:03,976|[TRACE] graph - -------> nonSkippedChar
2021-11-19T10:24:03,976|[TRACE] script - #out(`i`) [token]
2021-11-19T10:24:03,976|[TRACE] graph - <------- nonSkippedChar
2021-11-19T10:24:03,976|[TRACE] graph - <----- statementPart
2021-11-19T10:24:03,976|[TRACE] graph - -----> statementPart
2021-11-19T10:24:03,976|[TRACE] graph - -------> nonSkippedChar
2021-11-19T10:24:03,976|[TRACE] script - #out(`m`) [token]
2021-11-19T10:24:03,976|[TRACE] graph - <------- nonSkippedChar
2021-11-19T10:24:03,976|[TRACE] graph - <----- statementPart
2021-11-19T10:24:03,976|[TRACE] graph - -----> statementPart
2021-11-19T10:24:03,976|[TRACE] graph - -------> nonSkippedChar
2021-11-19T10:24:03,976|[TRACE] script - #out(`e`) [token]
2021-11-19T10:24:03,976|[TRACE] graph - <------- nonSkippedChar
2021-11-19T10:24:03,976|[TRACE] graph - <----- statementPart
2021-11-19T10:24:03,976|[TRACE] graph - -----> statementPart
2021-11-19T10:24:03,976|[TRACE] graph - -------> nonSkippedChar
2021-11-19T10:24:03,976|[TRACE] script - #out(`s`) [token]
2021-11-19T10:24:03,976|[TRACE] graph - <------- nonSkippedChar
2021-11-19T10:24:03,976|[TRACE] graph - <----- statementPart
2021-11-19T10:24:03,976|[TRACE] graph - -----> statementPart
2021-11-19T10:24:03,976|[TRACE] graph - -------> nonSkippedChar
2021-11-19T10:24:03,976|[TRACE] script - #out(`t`) [token]
2021-11-19T10:24:03,976|[TRACE] graph - <------- nonSkippedChar
2021-11-19T10:24:03,976|[TRACE] graph - <----- statementPart
2021-11-19T10:24:03,976|[TRACE] graph - -----> statementPart
2021-11-19T10:24:03,976|[TRACE] graph - -------> nonSkippedChar
2021-11-19T10:24:03,976|[TRACE] script - #out(`a`) [token]
2021-11-19T10:24:03,976|[TRACE] graph - <------- nonSkippedChar
2021-11-19T10:24:03,976|[TRACE] graph - <----- statementPart
2021-11-19T10:24:03,976|[TRACE] graph - -----> statementPart
2021-11-19T10:24:03,976|[TRACE] graph - -------> nonSkippedChar
2021-11-19T10:24:03,976|[TRACE] script - #out(`m`) [token]
2021-11-19T10:24:03,976|[TRACE] graph - <------- nonSkippedChar
2021-11-19T10:24:03,976|[TRACE] graph - <----- statementPart
2021-11-19T10:24:03,976|[TRACE] graph - -----> statementPart
2021-11-19T10:24:03,976|[TRACE] graph - -------> nonSkippedChar
2021-11-19T10:24:03,976|[TRACE] script - #out(`p`) [token]
2021-11-19T10:24:03,976|[TRACE] graph - <------- nonSkippedChar
2021-11-19T10:24:03,976|[TRACE] graph - <----- statementPart
2021-11-19T10:24:03,976|[TRACE] graph - -----> statementPart
2021-11-19T10:24:03,976|[TRACE] graph - -------> nonSkippedChar
2021-11-19T10:24:03,976|[TRACE] script - #out(`(`) [token]
2021-11-19T10:24:03,976|[TRACE] graph - <------- nonSkippedChar
2021-11-19T10:24:03,976|[TRACE] graph - <----- statementPart
2021-11-19T10:24:03,976|[TRACE] graph - -----> statementPart
2021-11-19T10:24:03,976|[TRACE] graph - -------> nonSkippedChar
2021-11-19T10:24:03,976|[TRACE] script - #out(`n`) [token]
2021-11-19T10:24:03,976|[TRACE] graph - <------- nonSkippedChar
2021-11-19T10:24:03,976|[TRACE] graph - <----- statementPart
2021-11-19T10:24:03,976|[TRACE] graph - -----> statementPart
2021-11-19T10:24:03,976|[TRACE] graph - -------> nonSkippedChar
2021-11-19T10:24:03,976|[TRACE] script - #out(`o`) [token]
2021-11-19T10:24:03,976|[TRACE] graph - <------- nonSkippedChar
2021-11-19T10:24:03,976|[TRACE] graph - <----- statementPart
2021-11-19T10:24:03,976|[TRACE] graph - -----> statementPart
2021-11-19T10:24:03,976|[TRACE] graph - -------> nonSkippedChar
2021-11-19T10:24:03,976|[TRACE] script - #out(`w`) [token]
2021-11-19T10:24:03,976|[TRACE] graph - <------- nonSkippedChar
2021-11-19T10:24:03,976|[TRACE] graph - <----- statementPart
2021-11-19T10:24:03,976|[TRACE] graph - -----> statementPart
2021-11-19T10:24:03,976|[TRACE] graph - -------> nonSkippedChar
2021-11-19T10:24:03,976|[TRACE] script - #out(`(`) [token]
2021-11-19T10:24:03,976|[TRACE] graph - <------- nonSkippedChar
2021-11-19T10:24:03,976|[TRACE] graph - <----- statementPart
2021-11-19T10:24:03,976|[TRACE] graph - -----> statementPart
2021-11-19T10:24:04,048|[TRACE] graph - -------> nonSkippedChar
2021-11-19T10:24:04,048|[TRACE] script - #out(`)`) [token]
2021-11-19T10:24:04,048|[TRACE] graph - <------- nonSkippedChar
2021-11-19T10:24:04,048|[TRACE] graph - <----- statementPart
2021-11-19T10:24:04,048|[TRACE] graph - -----> statementPart
2021-11-19T10:24:04,048|[TRACE] graph - -------> nonSkippedChar
2021-11-19T10:24:04,048|[TRACE] script - #out(`)`) [token]
2021-11-19T10:24:04,048|[TRACE] graph - <------- nonSkippedChar
2021-11-19T10:24:04,048|[TRACE] graph - <----- statementPart
2021-11-19T10:24:04,048|[TRACE] graph - -----> statementPart
2021-11-19T10:24:04,048|[TRACE] graph - -------> nonSkippedSpace
2021-11-19T10:24:04,048|[TRACE] script - #out(` `) [token]
2021-11-19T10:24:04,048|[TRACE] graph - <------- nonSkippedSpace
2021-11-19T10:24:04,048|[TRACE] graph - <----- statementPart
2021-11-19T10:24:04,048|[TRACE] graph - -----> statementPart
2021-11-19T10:24:04,048|[TRACE] graph - -------> nonSkippedChar
2021-11-19T10:24:04,048|[TRACE] script - #out(`*`) [token]
2021-11-19T10:24:04,048|[TRACE] graph - <------- nonSkippedChar
2021-11-19T10:24:04,048|[TRACE] graph - <----- statementPart
2021-11-19T10:24:04,048|[TRACE] graph - -----> statementPart
2021-11-19T10:24:04,048|[TRACE] graph - -------> nonSkippedSpace
2021-11-19T10:24:04,048|[TRACE] script - #out(` `) [token]
2021-11-19T10:24:04,048|[TRACE] graph - <------- nonSkippedSpace
2021-11-19T10:24:04,048|[TRACE] graph - <----- statementPart
2021-11-19T10:24:04,048|[TRACE] graph - -----> statementPart
2021-11-19T10:24:04,048|[TRACE] graph - -------> nonSkippedChar
2021-11-19T10:24:04,048|[TRACE] script - #out(`1`) [token]
2021-11-19T10:24:04,048|[TRACE] graph - <------- nonSkippedChar
2021-11-19T10:24:04,048|[TRACE] graph - <----- statementPart
2021-11-19T10:24:04,048|[TRACE] graph - -----> statementPart
2021-11-19T10:24:04,048|[TRACE] graph - -------> nonSkippedChar
2021-11-19T10:24:04,048|[TRACE] script - #out(`0`) [token]
2021-11-19T10:24:04,048|[TRACE] graph - <------- nonSkippedChar
2021-11-19T10:24:04,048|[TRACE] graph - <----- statementPart
2021-11-19T10:24:04,048|[TRACE] graph - -----> statementPart
2021-11-19T10:24:04,048|[TRACE] graph - -------> nonSkippedChar
2021-11-19T10:24:04,048|[TRACE] script - #out(`0`) [token]
2021-11-19T10:24:04,048|[TRACE] graph - <------- nonSkippedChar
2021-11-19T10:24:04,048|[TRACE] graph - <----- statementPart
2021-11-19T10:24:04,048|[TRACE] graph - -----> statementPart
2021-11-19T10:24:04,048|[TRACE] graph - -------> nonSkippedChar
2021-11-19T10:24:04,048|[TRACE] script - #out(`0`) [token]
2021-11-19T10:24:04,048|[TRACE] graph - <------- nonSkippedChar
2021-11-19T10:24:04,048|[TRACE] graph - <----- statementPart
2021-11-19T10:24:04,048|[TRACE] graph - -----> statementPart
2021-11-19T10:24:04,048|[TRACE] graph - -------> nonSkippedChar
2021-11-19T10:24:04,048|[TRACE] script - #out(`)`) [token]
2021-11-19T10:24:04,048|[TRACE] graph - <------- nonSkippedChar
2021-11-19T10:24:04,048|[TRACE] graph - <----- statementPart
2021-11-19T10:24:04,048|[TRACE] graph - -----> statementPart
2021-11-19T10:24:04,048|[TRACE] graph - -------> nonSkippedChar
2021-11-19T10:24:04,048|[TRACE] script - #out(`,`) [token]
2021-11-19T10:24:04,048|[TRACE] graph - <------- nonSkippedChar
2021-11-19T10:24:04,048|[TRACE] graph - <----- statementPart
2021-11-19T10:24:04,048|[TRACE] graph - -----> afterStatementPartNewline
2021-11-19T10:24:04,048|[TRACE] script - #out(` `) [text]
2021-11-19T10:24:04,048|[TRACE] graph - <----- afterStatementPartNewline
2021-11-19T10:24:04,048|[TRACE] graph - -----> statementPart
2021-11-19T10:24:04,048|[TRACE] graph - -------> nonSkippedSpace
2021-11-19T10:24:04,048|[TRACE] script - #out(` `) [token]
2021-11-19T10:24:04,048|[TRACE] graph - <------- nonSkippedSpace
2021-11-19T10:24:04,048|[TRACE] graph - <----- statementPart
2021-11-19T10:24:04,048|[TRACE] graph - -----> statementPart
2021-11-19T10:24:04,048|[TRACE] graph - -------> nonSkippedSpace
2021-11-19T10:24:04,048|[TRACE] script - #out(` `) [token]
2021-11-19T10:24:04,048|[TRACE] graph - <------- nonSkippedSpace
2021-11-19T10:24:04,048|[TRACE] graph - <----- statementPart
2021-11-19T10:24:04,048|[TRACE] graph - -----> statementPart
2021-11-19T10:24:04,048|[TRACE] graph - -------> quotedString
2021-11-19T10:24:04,048|[TRACE] script - #out(``version``) [token]
2021-11-19T10:24:04,048|[TRACE] graph - <------- quotedString
2021-11-19T10:24:04,048|[TRACE] graph - <----- statementPart
2021-11-19T10:24:04,048|[TRACE] graph - -----> statementPart
2021-11-19T10:24:04,048|[TRACE] graph - -------> nonSkippedSpace
2021-11-19T10:24:04,048|[TRACE] script - #out(` `) [token]
2021-11-19T10:24:04,048|[TRACE] graph - <------- nonSkippedSpace
2021-11-19T10:24:04,048|[TRACE] graph - <----- statementPart
2021-11-19T10:24:04,048|[TRACE] graph - -----> statementPart
2021-11-19T10:24:04,048|[TRACE] graph - -------> nonSkippedChar
2021-11-19T10:24:04,048|[TRACE] script - #out(`I`) [token]
2021-11-19T10:24:04,048|[TRACE] graph - <------- nonSkippedChar
2021-11-19T10:24:04,048|[TRACE] graph - <----- statementPart
2021-11-19T10:24:04,048|[TRACE] graph - -----> statementPart
2021-11-19T10:24:04,048|[TRACE] graph - -------> nonSkippedChar
2021-11-19T10:24:04,048|[TRACE] script - #out(`N`) [token]
2021-11-19T10:24:04,048|[TRACE] graph - <------- nonSkippedChar
2021-11-19T10:24:04,048|[TRACE] graph - <----- statementPart
2021-11-19T10:24:04,048|[TRACE] graph - -----> statementPart
2021-11-19T10:24:04,048|[TRACE] graph - -------> nonSkippedChar
2021-11-19T10:24:04,048|[TRACE] script - #out(`T`) [token]
2021-11-19T10:24:04,048|[TRACE] graph - <------- nonSkippedChar
2021-11-19T10:24:04,048|[TRACE] graph - <----- statementPart
2021-11-19T10:24:04,048|[TRACE] graph - -----> statementPart
2021-11-19T10:24:04,048|[TRACE] graph - -------> nonSkippedSpace
2021-11-19T10:24:04,048|[TRACE] script - #out(` `) [token]
2021-11-19T10:24:04,048|[TRACE] graph - <------- nonSkippedSpace
2021-11-19T10:24:04,048|[TRACE] graph - <----- statementPart
2021-11-19T10:24:04,048|[TRACE] graph - -----> statementPart
2021-11-19T10:24:04,048|[TRACE] graph - -------> nonSkippedChar
2021-11-19T10:24:04,048|[TRACE] script - #out(`N`) [token]
2021-11-19T10:24:04,048|[TRACE] graph - <------- nonSkippedChar
2021-11-19T10:24:04,048|[TRACE] graph - <----- statementPart
2021-11-19T10:24:04,048|[TRACE] graph - -----> statementPart
2021-11-19T10:24:04,048|[TRACE] graph - -------> nonSkippedChar
2021-11-19T10:24:04,048|[TRACE] script - #out(`O`) [token]
2021-11-19T10:24:04,048|[TRACE] graph - <------- nonSkippedChar
2021-11-19T10:24:04,048|[TRACE] graph - <----- statementPart
2021-11-19T10:24:04,048|[TRACE] graph - -----> statementPart
2021-11-19T10:24:04,048|[TRACE] graph - -------> nonSkippedChar
2021-11-19T10:24:04,048|[TRACE] script - #out(`T`) [token]
2021-11-19T10:24:04,048|[TRACE] graph - <------- nonSkippedChar
2021-11-19T10:24:04,048|[TRACE] graph - <----- statementPart
2021-11-19T10:24:04,048|[TRACE] graph - -----> statementPart
2021-11-19T10:24:04,048|[TRACE] graph - -------> nonSkippedSpace
2021-11-19T10:24:04,048|[TRACE] script - #out(` `) [token]
2021-11-19T10:24:04,048|[TRACE] graph - <------- nonSkippedSpace
2021-11-19T10:24:04,048|[TRACE] graph - <----- statementPart
2021-11-19T10:24:04,048|[TRACE] graph - -----> statementPart
2021-11-19T10:24:04,048|[TRACE] graph - -------> nonSkippedChar
2021-11-19T10:24:04,048|[TRACE] script - #out(`N`) [token]
2021-11-19T10:24:04,048|[TRACE] graph - <------- nonSkippedChar
2021-11-19T10:24:04,048|[TRACE] graph - <----- statementPart
2021-11-19T10:24:04,048|[TRACE] graph - -----> statementPart
2021-11-19T10:24:04,048|[TRACE] graph - -------> nonSkippedChar
2021-11-19T10:24:04,048|[TRACE] script - #out(`U`) [token]
2021-11-19T10:24:04,048|[TRACE] graph - <------- nonSkippedChar
2021-11-19T10:24:04,048|[TRACE] graph - <----- statementPart
2021-11-19T10:24:04,048|[TRACE] graph - -----> statementPart
2021-11-19T10:24:04,048|[TRACE] graph - -------> nonSkippedChar
2021-11-19T10:24:04,048|[TRACE] script - #out(`L`) [token]
2021-11-19T10:24:04,048|[TRACE] graph - <------- nonSkippedChar
2021-11-19T10:24:04,048|[TRACE] graph - <----- statementPart
2021-11-19T10:24:04,048|[TRACE] graph - -----> statementPart
2021-11-19T10:24:04,048|[TRACE] graph - -------> nonSkippedChar
2021-11-19T10:24:04,048|[TRACE] script - #out(`L`) [token]
2021-11-19T10:24:04,048|[TRACE] graph - <------- nonSkippedChar
2021-11-19T10:24:04,048|[TRACE] graph - <----- statementPart
2021-11-19T10:24:04,048|[TRACE] graph - -----> statementPart
2021-11-19T10:24:04,048|[TRACE] graph - -------> nonSkippedSpace
2021-11-19T10:24:04,048|[TRACE] script - #out(` `) [token]
2021-11-19T10:24:04,048|[TRACE] graph - <------- nonSkippedSpace
2021-11-19T10:24:04,048|[TRACE] graph - <----- statementPart
2021-11-19T10:24:04,048|[TRACE] graph - -----> statementPart
2021-11-19T10:24:04,048|[TRACE] graph - -------> nonSkippedChar
2021-11-19T10:24:04,048|[TRACE] script - #out(`D`) [token]
2021-11-19T10:24:04,048|[TRACE] graph - <------- nonSkippedChar
2021-11-19T10:24:04,048|[TRACE] graph - <----- statementPart
2021-11-19T10:24:04,048|[TRACE] graph - -----> statementPart
2021-11-19T10:24:04,048|[TRACE] graph - -------> nonSkippedChar
2021-11-19T10:24:04,048|[TRACE] script - #out(`E`) [token]
2021-11-19T10:24:04,048|[TRACE] graph - <------- nonSkippedChar
2021-11-19T10:24:04,048|[TRACE] graph - <----- statementPart
2021-11-19T10:24:04,049|[TRACE] graph - -----> statementPart
2021-11-19T10:24:04,049|[TRACE] graph - -------> nonSkippedChar
2021-11-19T10:24:04,049|[TRACE] script - #out(`F`) [token]
2021-11-19T10:24:04,049|[TRACE] graph - <------- nonSkippedChar
2021-11-19T10:24:04,049|[TRACE] graph - <----- statementPart
2021-11-19T10:24:04,049|[TRACE] graph - -----> statementPart
2021-11-19T10:24:04,049|[TRACE] graph - -------> nonSkippedChar
2021-11-19T10:24:04,049|[TRACE] script - #out(`A`) [token]
2021-11-19T10:24:04,049|[TRACE] graph - <------- nonSkippedChar
2021-11-19T10:24:04,049|[TRACE] graph - <----- statementPart
2021-11-19T10:24:04,049|[TRACE] graph - -----> statementPart
2021-11-19T10:24:04,049|[TRACE] graph - -------> nonSkippedChar
2021-11-19T10:24:04,049|[TRACE] script - #out(`U`) [token]
2021-11-19T10:24:04,049|[TRACE] graph - <------- nonSkippedChar
2021-11-19T10:24:04,049|[TRACE] graph - <----- statementPart
2021-11-19T10:24:04,049|[TRACE] graph - -----> statementPart
2021-11-19T10:24:04,049|[TRACE] graph - -------> nonSkippedChar
2021-11-19T10:24:04,049|[TRACE] script - #out(`L`) [token]
2021-11-19T10:24:04,049|[TRACE] graph - <------- nonSkippedChar
2021-11-19T10:24:04,049|[TRACE] graph - <----- statementPart
2021-11-19T10:24:04,049|[TRACE] graph - -----> statementPart
2021-11-19T10:24:04,049|[TRACE] graph - -------> nonSkippedChar
2021-11-19T10:24:04,049|[TRACE] script - #out(`T`) [token]
2021-11-19T10:24:04,049|[TRACE] graph - <------- nonSkippedChar
2021-11-19T10:24:04,049|[TRACE] graph - <----- statementPart
2021-11-19T10:24:04,049|[TRACE] graph - -----> statementPart
2021-11-19T10:24:04,049|[TRACE] graph - -------> nonSkippedSpace
2021-11-19T10:24:04,049|[TRACE] script - #out(` `) [token]
2021-11-19T10:24:04,049|[TRACE] graph - <------- nonSkippedSpace
2021-11-19T10:24:04,049|[TRACE] graph - <----- statementPart
2021-11-19T10:24:04,049|[TRACE] graph - -----> statementPart
2021-11-19T10:24:04,049|[TRACE] graph - -------> quotedString
2021-11-19T10:24:04,049|[TRACE] script - #out(`'1'`) [token]
2021-11-19T10:24:04,049|[TRACE] graph - <------- quotedString
2021-11-19T10:24:04,049|[TRACE] graph - <----- statementPart
2021-11-19T10:24:04,049|[TRACE] graph - -----> statementPart
2021-11-19T10:24:04,049|[TRACE] graph - -------> nonSkippedChar
2021-11-19T10:24:04,049|[TRACE] script - #out(`,`) [token]
2021-11-19T10:24:04,049|[TRACE] graph - <------- nonSkippedChar
2021-11-19T10:24:04,049|[TRACE] graph - <----- statementPart
2021-11-19T10:24:04,049|[TRACE] graph - -----> afterStatementPartNewline
2021-11-19T10:24:04,049|[TRACE] script - #out(` `) [text]
2021-11-19T10:24:04,049|[TRACE] graph - <----- afterStatementPartNewline
2021-11-19T10:24:04,049|[TRACE] graph - -----> statementPart
2021-11-19T10:24:04,049|[TRACE] graph - -------> nonSkippedSpace
2021-11-19T10:24:04,049|[TRACE] script - #out(` `) [token]
2021-11-19T10:24:04,049|[TRACE] graph - <------- nonSkippedSpace
2021-11-19T10:24:04,049|[TRACE] graph - <----- statementPart
2021-11-19T10:24:04,049|[TRACE] graph - -----> statementPart
2021-11-19T10:24:04,049|[TRACE] graph - -------> nonSkippedSpace
2021-11-19T10:24:04,049|[TRACE] script - #out(` `) [token]
2021-11-19T10:24:04,049|[TRACE] graph - <------- nonSkippedSpace
2021-11-19T10:24:04,049|[TRACE] graph - <----- statementPart
2021-11-19T10:24:04,049|[TRACE] graph - -----> statementPart
2021-11-19T10:24:04,049|[TRACE] graph - -------> nonSkippedChar
2021-11-19T10:24:04,049|[TRACE] script - #out(`P`) [token]
2021-11-19T10:24:04,049|[TRACE] graph - <------- nonSkippedChar
2021-11-19T10:24:04,049|[TRACE] graph - <----- statementPart
2021-11-19T10:24:04,049|[TRACE] graph - -----> statementPart
2021-11-19T10:24:04,049|[TRACE] graph - -------> nonSkippedChar
2021-11-19T10:24:04,049|[TRACE] script - #out(`R`) [token]
2021-11-19T10:24:04,049|[TRACE] graph - <------- nonSkippedChar
2021-11-19T10:24:04,049|[TRACE] graph - <----- statementPart
2021-11-19T10:24:04,049|[TRACE] graph - -----> statementPart
2021-11-19T10:24:04,049|[TRACE] graph - -------> nonSkippedChar
2021-11-19T10:24:04,049|[TRACE] script - #out(`I`) [token]
2021-11-19T10:24:04,049|[TRACE] graph - <------- nonSkippedChar
2021-11-19T10:24:04,049|[TRACE] graph - <----- statementPart
2021-11-19T10:24:04,049|[TRACE] graph - -----> statementPart
2021-11-19T10:24:04,049|[TRACE] graph - -------> nonSkippedChar
2021-11-19T10:24:04,049|[TRACE] script - #out(`M`) [token]
2021-11-19T10:24:04,049|[TRACE] graph - <------- nonSkippedChar
2021-11-19T10:24:04,049|[TRACE] graph - <----- statementPart
2021-11-19T10:24:04,049|[TRACE] graph - -----> statementPart
2021-11-19T10:24:04,049|[TRACE] graph - -------> nonSkippedChar
2021-11-19T10:24:04,049|[TRACE] script - #out(`A`) [token]
2021-11-19T10:24:04,049|[TRACE] graph - <------- nonSkippedChar
2021-11-19T10:24:04,049|[TRACE] graph - <----- statementPart
2021-11-19T10:24:04,049|[TRACE] graph - -----> statementPart
2021-11-19T10:24:04,049|[TRACE] graph - -------> nonSkippedChar
2021-11-19T10:24:04,049|[TRACE] script - #out(`R`) [token]
2021-11-19T10:24:04,049|[TRACE] graph - <------- nonSkippedChar
2021-11-19T10:24:04,049|[TRACE] graph - <----- statementPart
2021-11-19T10:24:04,049|[TRACE] graph - -----> statementPart
2021-11-19T10:24:04,049|[TRACE] graph - -------> nonSkippedChar
2021-11-19T10:24:04,049|[TRACE] script - #out(`Y`) [token]
2021-11-19T10:24:04,049|[TRACE] graph - <------- nonSkippedChar
2021-11-19T10:24:04,049|[TRACE] graph - <----- statementPart
2021-11-19T10:24:04,049|[TRACE] graph - -----> statementPart
2021-11-19T10:24:04,049|[TRACE] graph - -------> nonSkippedSpace
2021-11-19T10:24:04,049|[TRACE] script - #out(` `) [token]
2021-11-19T10:24:04,049|[TRACE] graph - <------- nonSkippedSpace
2021-11-19T10:24:04,049|[TRACE] graph - <----- statementPart
2021-11-19T10:24:04,049|[TRACE] graph - -----> statementPart
2021-11-19T10:24:04,049|[TRACE] graph - -------> nonSkippedChar
2021-11-19T10:24:04,049|[TRACE] script - #out(`K`) [token]
2021-11-19T10:24:04,049|[TRACE] graph - <------- nonSkippedChar
2021-11-19T10:24:04,049|[TRACE] graph - <----- statementPart
2021-11-19T10:24:04,049|[TRACE] graph - -----> statementPart
2021-11-19T10:24:04,049|[TRACE] graph - -------> nonSkippedChar
2021-11-19T10:24:04,049|[TRACE] script - #out(`E`) [token]
2021-11-19T10:24:04,049|[TRACE] graph - <------- nonSkippedChar
2021-11-19T10:24:04,049|[TRACE] graph - <----- statementPart
2021-11-19T10:24:04,049|[TRACE] graph - -----> statementPart
2021-11-19T10:24:04,049|[TRACE] graph - -------> nonSkippedChar
2021-11-19T10:24:04,049|[TRACE] script - #out(`Y`) [token]
2021-11-19T10:24:04,049|[TRACE] graph - <------- nonSkippedChar
2021-11-19T10:24:04,049|[TRACE] graph - <----- statementPart
2021-11-19T10:24:04,049|[TRACE] graph - -----> statementPart
2021-11-19T10:24:04,049|[TRACE] graph - -------> nonSkippedSpace
2021-11-19T10:24:04,049|[TRACE] script - #out(` `) [token]
2021-11-19T10:24:04,049|[TRACE] graph - <------- nonSkippedSpace
2021-11-19T10:24:04,049|[TRACE] graph - <----- statementPart
2021-11-19T10:24:04,049|[TRACE] graph - -----> statementPart
2021-11-19T10:24:04,049|[TRACE] graph - -------> nonSkippedChar
2021-11-19T10:24:04,049|[TRACE] script - #out(`(`) [token]
2021-11-19T10:24:04,049|[TRACE] graph - <------- nonSkippedChar
2021-11-19T10:24:04,049|[TRACE] graph - <----- statementPart
2021-11-19T10:24:04,049|[TRACE] graph - -----> statementPart
2021-11-19T10:24:04,049|[TRACE] graph - -------> quotedString
2021-11-19T10:24:04,049|[TRACE] script - #out(``id``) [token]
2021-11-19T10:24:04,049|[TRACE] graph - <------- quotedString
2021-11-19T10:24:04,049|[TRACE] graph - <----- statementPart
2021-11-19T10:24:04,049|[TRACE] graph - -----> statementPart
2021-11-19T10:24:04,049|[TRACE] graph - -------> nonSkippedChar
2021-11-19T10:24:04,049|[TRACE] script - #out(`)`) [token]
2021-11-19T10:24:04,049|[TRACE] graph - <------- nonSkippedChar
2021-11-19T10:24:04,049|[TRACE] graph - <----- statementPart
2021-11-19T10:24:04,049|[TRACE] graph - -----> statementPart
2021-11-19T10:24:04,049|[TRACE] graph - -------> nonSkippedChar
2021-11-19T10:24:04,049|[TRACE] script - #out(`)`) [token]
2021-11-19T10:24:04,049|[TRACE] graph - <------- nonSkippedChar
2021-11-19T10:24:04,049|[TRACE] graph - <----- statementPart
2021-11-19T10:24:04,049|[TRACE] graph - -----> afterStatementPartNewline
2021-11-19T10:24:04,049|[TRACE] script - #out(` `) [text]
2021-11-19T10:24:04,049|[TRACE] graph - <----- afterStatementPartNewline
2021-11-19T10:24:04,049|[TRACE] graph - -----> statementPart
2021-11-19T10:24:04,049|[TRACE] graph - -------> nonSkippedChar
2021-11-19T10:24:04,049|[TRACE] script - #out(`E`) [token]
2021-11-19T10:24:04,049|[TRACE] graph - <------- nonSkippedChar
2021-11-19T10:24:04,049|[TRACE] graph - <----- statementPart
2021-11-19T10:24:04,049|[TRACE] graph - -----> statementPart
2021-11-19T10:24:04,049|[TRACE] graph - -------> nonSkippedChar
2021-11-19T10:24:04,049|[TRACE] script - #out(`N`) [token]
2021-11-19T10:24:04,049|[TRACE] graph - <------- nonSkippedChar
2021-11-19T10:24:04,049|[TRACE] graph - <----- statementPart
2021-11-19T10:24:04,049|[TRACE] graph - -----> statementPart
2021-11-19T10:24:04,049|[TRACE] graph - -------> nonSkippedChar
2021-11-19T10:24:04,049|[TRACE] script - #out(`G`) [token]
2021-11-19T10:24:04,049|[TRACE] graph - <------- nonSkippedChar
2021-11-19T10:24:04,049|[TRACE] graph - <----- statementPart
2021-11-19T10:24:04,049|[TRACE] graph - -----> statementPart
2021-11-19T10:24:04,049|[TRACE] graph - -------> nonSkippedChar
2021-11-19T10:24:04,049|[TRACE] script - #out(`I`) [token]
2021-11-19T10:24:04,049|[TRACE] graph - <------- nonSkippedChar
2021-11-19T10:24:04,049|[TRACE] graph - <----- statementPart
2021-11-19T10:24:04,049|[TRACE] graph - -----> statementPart
2021-11-19T10:24:04,049|[TRACE] graph - -------> nonSkippedChar
2021-11-19T10:24:04,049|[TRACE] script - #out(`N`) [token]
2021-11-19T10:24:04,049|[TRACE] graph - <------- nonSkippedChar
2021-11-19T10:24:04,049|[TRACE] graph - <----- statementPart
2021-11-19T10:24:04,049|[TRACE] graph - -----> statementPart
2021-11-19T10:24:04,049|[TRACE] graph - -------> nonSkippedChar
2021-11-19T10:24:04,049|[TRACE] script - #out(`E`) [token]
2021-11-19T10:24:04,049|[TRACE] graph - <------- nonSkippedChar
2021-11-19T10:24:04,049|[TRACE] graph - <----- statementPart
2021-11-19T10:24:04,049|[TRACE] graph - -----> statementPart
2021-11-19T10:24:04,049|[TRACE] graph - -------> nonSkippedSpace
2021-11-19T10:24:04,049|[TRACE] script - #out(` `) [token]
2021-11-19T10:24:04,049|[TRACE] graph - <------- nonSkippedSpace
2021-11-19T10:24:04,049|[TRACE] graph - <----- statementPart
2021-11-19T10:24:04,049|[TRACE] graph - -----> statementPart
2021-11-19T10:24:04,049|[TRACE] graph - -------> nonSkippedChar
2021-11-19T10:24:04,049|[TRACE] script - #out(`=`) [token]
2021-11-19T10:24:04,049|[TRACE] graph - <------- nonSkippedChar
2021-11-19T10:24:04,049|[TRACE] graph - <----- statementPart
2021-11-19T10:24:04,049|[TRACE] graph - -----> statementPart
2021-11-19T10:24:04,049|[TRACE] graph - -------> nonSkippedSpace
2021-11-19T10:24:04,049|[TRACE] script - #out(` `) [token]
2021-11-19T10:24:04,049|[TRACE] graph - <------- nonSkippedSpace
2021-11-19T10:24:04,049|[TRACE] graph - <----- statementPart
2021-11-19T10:24:04,049|[TRACE] graph - -----> statementPart
2021-11-19T10:24:04,049|[TRACE] graph - -------> nonSkippedChar
2021-11-19T10:24:04,049|[TRACE] script - #out(`I`) [token]
2021-11-19T10:24:04,049|[TRACE] graph - <------- nonSkippedChar
2021-11-19T10:24:04,049|[TRACE] graph - <----- statementPart
2021-11-19T10:24:04,049|[TRACE] graph - -----> statementPart
2021-11-19T10:24:04,049|[TRACE] graph - -------> nonSkippedChar
2021-11-19T10:24:04,049|[TRACE] script - #out(`n`) [token]
2021-11-19T10:24:04,049|[TRACE] graph - <------- nonSkippedChar
2021-11-19T10:24:04,049|[TRACE] graph - <----- statementPart
2021-11-19T10:24:04,049|[TRACE] graph - -----> statementPart
2021-11-19T10:24:04,049|[TRACE] graph - -------> nonSkippedChar
2021-11-19T10:24:04,049|[TRACE] script - #out(`n`) [token]
2021-11-19T10:24:04,049|[TRACE] graph - <------- nonSkippedChar
2021-11-19T10:24:04,049|[TRACE] graph - <----- statementPart
2021-11-19T10:24:04,049|[TRACE] graph - -----> statementPart
2021-11-19T10:24:04,049|[TRACE] graph - -------> nonSkippedChar
2021-11-19T10:24:04,049|[TRACE] script - #out(`o`) [token]
2021-11-19T10:24:04,049|[TRACE] graph - <------- nonSkippedChar
2021-11-19T10:24:04,049|[TRACE] graph - <----- statementPart
2021-11-19T10:24:04,049|[TRACE] graph - -----> statementPart
2021-11-19T10:24:04,049|[TRACE] graph - -------> nonSkippedChar
2021-11-19T10:24:04,049|[TRACE] script - #out(`D`) [token]
2021-11-19T10:24:04,049|[TRACE] graph - <------- nonSkippedChar
2021-11-19T10:24:04,049|[TRACE] graph - <----- statementPart
2021-11-19T10:24:04,049|[TRACE] graph - -----> statementPart
2021-11-19T10:24:04,049|[TRACE] graph - -------> nonSkippedChar
2021-11-19T10:24:04,049|[TRACE] script - #out(`B`) [token]
2021-11-19T10:24:04,049|[TRACE] graph - <------- nonSkippedChar
2021-11-19T10:24:04,049|[TRACE] graph - <----- statementPart
2021-11-19T10:24:04,049|[TRACE] graph - -----> afterStatementPartNewline
2021-11-19T10:24:04,049|[TRACE] script - #out(` `) [text]
2021-11-19T10:24:04,049|[TRACE] graph - <----- afterStatementPartNewline
2021-11-19T10:24:04,049|[TRACE] graph - -----> statementPart
2021-11-19T10:24:04,049|[TRACE] graph - -------> nonSkippedChar
2021-11-19T10:24:04,049|[TRACE] script - #out(`D`) [token]
2021-11-19T10:24:04,049|[TRACE] graph - <------- nonSkippedChar
2021-11-19T10:24:04,049|[TRACE] graph - <----- statementPart
2021-11-19T10:24:04,049|[TRACE] graph - -----> statementPart
2021-11-19T10:24:04,049|[TRACE] graph - -------> nonSkippedChar
2021-11-19T10:24:04,049|[TRACE] script - #out(`E`) [token]
2021-11-19T10:24:04,049|[TRACE] graph - <------- nonSkippedChar
2021-11-19T10:24:04,049|[TRACE] graph - <----- statementPart
2021-11-19T10:24:04,049|[TRACE] graph - -----> statementPart
2021-11-19T10:24:04,049|[TRACE] graph - -------> nonSkippedChar
2021-11-19T10:24:04,049|[TRACE] script - #out(`F`) [token]
2021-11-19T10:24:04,049|[TRACE] graph - <------- nonSkippedChar
2021-11-19T10:24:04,049|[TRACE] graph - <----- statementPart
2021-11-19T10:24:04,049|[TRACE] graph - -----> statementPart
2021-11-19T10:24:04,049|[TRACE] graph - -------> nonSkippedChar
2021-11-19T10:24:04,049|[TRACE] script - #out(`A`) [token]
2021-11-19T10:24:04,049|[TRACE] graph - <------- nonSkippedChar
2021-11-19T10:24:04,049|[TRACE] graph - <----- statementPart
2021-11-19T10:24:04,049|[TRACE] graph - -----> statementPart
2021-11-19T10:24:04,049|[TRACE] graph - -------> nonSkippedChar
2021-11-19T10:24:04,049|[TRACE] script - #out(`U`) [token]
2021-11-19T10:24:04,049|[TRACE] graph - <------- nonSkippedChar
2021-11-19T10:24:04,049|[TRACE] graph - <----- statementPart
2021-11-19T10:24:04,049|[TRACE] graph - -----> statementPart
2021-11-19T10:24:04,049|[TRACE] graph - -------> nonSkippedChar
2021-11-19T10:24:04,049|[TRACE] script - #out(`L`) [token]
2021-11-19T10:24:04,049|[TRACE] graph - <------- nonSkippedChar
2021-11-19T10:24:04,049|[TRACE] graph - <----- statementPart
2021-11-19T10:24:04,049|[TRACE] graph - -----> statementPart
2021-11-19T10:24:04,049|[TRACE] graph - -------> nonSkippedChar
2021-11-19T10:24:04,049|[TRACE] script - #out(`T`) [token]
2021-11-19T10:24:04,049|[TRACE] graph - <------- nonSkippedChar
2021-11-19T10:24:04,049|[TRACE] graph - <----- statementPart
2021-11-19T10:24:04,049|[TRACE] graph - -----> statementPart
2021-11-19T10:24:04,049|[TRACE] graph - -------> nonSkippedSpace
2021-11-19T10:24:04,049|[TRACE] script - #out(` `) [token]
2021-11-19T10:24:04,049|[TRACE] graph - <------- nonSkippedSpace
2021-11-19T10:24:04,049|[TRACE] graph - <----- statementPart
2021-11-19T10:24:04,049|[TRACE] graph - -----> statementPart
2021-11-19T10:24:04,049|[TRACE] graph - -------> nonSkippedChar
2021-11-19T10:24:04,049|[TRACE] script - #out(`C`) [token]
2021-11-19T10:24:04,049|[TRACE] graph - <------- nonSkippedChar
2021-11-19T10:24:04,049|[TRACE] graph - <----- statementPart
2021-11-19T10:24:04,049|[TRACE] graph - -----> statementPart
2021-11-19T10:24:04,049|[TRACE] graph - -------> nonSkippedChar
2021-11-19T10:24:04,049|[TRACE] script - #out(`H`) [token]
2021-11-19T10:24:04,049|[TRACE] graph - <------- nonSkippedChar
2021-11-19T10:24:04,049|[TRACE] graph - <----- statementPart
2021-11-19T10:24:04,049|[TRACE] graph - -----> statementPart
2021-11-19T10:24:04,049|[TRACE] graph - -------> nonSkippedChar
2021-11-19T10:24:04,049|[TRACE] script - #out(`A`) [token]
2021-11-19T10:24:04,049|[TRACE] graph - <------- nonSkippedChar
2021-11-19T10:24:04,049|[TRACE] graph - <----- statementPart
2021-11-19T10:24:04,049|[TRACE] graph - -----> statementPart
2021-11-19T10:24:04,049|[TRACE] graph - -------> nonSkippedChar
2021-11-19T10:24:04,049|[TRACE] script - #out(`R`) [token]
2021-11-19T10:24:04,049|[TRACE] graph - <------- nonSkippedChar
2021-11-19T10:24:04,049|[TRACE] graph - <----- statementPart
2021-11-19T10:24:04,049|[TRACE] graph - -----> statementPart
2021-11-19T10:24:04,049|[TRACE] graph - -------> nonSkippedChar
2021-11-19T10:24:04,049|[TRACE] script - #out(`A`) [token]
2021-11-19T10:24:04,049|[TRACE] graph - <------- nonSkippedChar
2021-11-19T10:24:04,049|[TRACE] graph - <----- statementPart
2021-11-19T10:24:04,049|[TRACE] graph - -----> statementPart
2021-11-19T10:24:04,049|[TRACE] graph - -------> nonSkippedChar
2021-11-19T10:24:04,049|[TRACE] script - #out(`C`) [token]
2021-11-19T10:24:04,049|[TRACE] graph - <------- nonSkippedChar
2021-11-19T10:24:04,049|[TRACE] graph - <----- statementPart
2021-11-19T10:24:04,049|[TRACE] graph - -----> statementPart
2021-11-19T10:24:04,049|[TRACE] graph - -------> nonSkippedChar
2021-11-19T10:24:04,049|[TRACE] script - #out(`T`) [token]
2021-11-19T10:24:04,049|[TRACE] graph - <------- nonSkippedChar
2021-11-19T10:24:04,049|[TRACE] graph - <----- statementPart
2021-11-19T10:24:04,049|[TRACE] graph - -----> statementPart
2021-11-19T10:24:04,049|[TRACE] graph - -------> nonSkippedChar
2021-11-19T10:24:04,049|[TRACE] script - #out(`E`) [token]
2021-11-19T10:24:04,049|[TRACE] graph - <------- nonSkippedChar
2021-11-19T10:24:04,049|[TRACE] graph - <----- statementPart
2021-11-19T10:24:04,049|[TRACE] graph - -----> statementPart
2021-11-19T10:24:04,049|[TRACE] graph - -------> nonSkippedChar
2021-11-19T10:24:04,049|[TRACE] script - #out(`R`) [token]
2021-11-19T10:24:04,049|[TRACE] graph - <------- nonSkippedChar
2021-11-19T10:24:04,049|[TRACE] graph - <----- statementPart
2021-11-19T10:24:04,049|[TRACE] graph - -----> statementPart
2021-11-19T10:24:04,049|[TRACE] graph - -------> nonSkippedSpace
2021-11-19T10:24:04,049|[TRACE] script - #out(` `) [token]
2021-11-19T10:24:04,049|[TRACE] graph - <------- nonSkippedSpace
2021-11-19T10:24:04,050|[TRACE] graph - <----- statementPart
2021-11-19T10:24:04,050|[TRACE] graph - -----> statementPart
2021-11-19T10:24:04,050|[TRACE] graph - -------> nonSkippedChar
2021-11-19T10:24:04,050|[TRACE] script - #out(`S`) [token]
2021-11-19T10:24:04,050|[TRACE] graph - <------- nonSkippedChar
2021-11-19T10:24:04,050|[TRACE] graph - <----- statementPart
2021-11-19T10:24:04,050|[TRACE] graph - -----> statementPart
2021-11-19T10:24:04,050|[TRACE] graph - -------> nonSkippedChar
2021-11-19T10:24:04,050|[TRACE] script - #out(`E`) [token]
2021-11-19T10:24:04,115|[TRACE] graph - <------- nonSkippedChar
2021-11-19T10:24:04,115|[TRACE] graph - <----- statementPart
2021-11-19T10:24:04,115|[TRACE] graph - -----> statementPart
2021-11-19T10:24:04,115|[TRACE] graph - -------> nonSkippedChar
2021-11-19T10:24:04,115|[TRACE] script - #out(`T`) [token]
2021-11-19T10:24:04,115|[TRACE] graph - <------- nonSkippedChar
2021-11-19T10:24:04,115|[TRACE] graph - <----- statementPart
2021-11-19T10:24:04,116|[TRACE] graph - -----> statementPart
2021-11-19T10:24:04,116|[TRACE] graph - -------> nonSkippedSpace
2021-11-19T10:24:04,116|[TRACE] script - #out(` `) [token]
2021-11-19T10:24:04,116|[TRACE] graph - <------- nonSkippedSpace
2021-11-19T10:24:04,116|[TRACE] graph - <----- statementPart
2021-11-19T10:24:04,116|[TRACE] graph - -----> statementPart
2021-11-19T10:24:04,116|[TRACE] graph - -------> nonSkippedChar
2021-11-19T10:24:04,116|[TRACE] script - #out(`=`) [token]
2021-11-19T10:24:04,116|[TRACE] graph - <------- nonSkippedChar
2021-11-19T10:24:04,116|[TRACE] graph - <----- statementPart
2021-11-19T10:24:04,116|[TRACE] graph - -----> statementPart
2021-11-19T10:24:04,116|[TRACE] graph - -------> nonSkippedSpace
2021-11-19T10:24:04,116|[TRACE] script - #out(` `) [token]
2021-11-19T10:24:04,116|[TRACE] graph - <------- nonSkippedSpace
2021-11-19T10:24:04,116|[TRACE] graph - <----- statementPart
2021-11-19T10:24:04,116|[TRACE] graph - -----> statementPart
2021-11-19T10:24:04,116|[TRACE] graph - -------> nonSkippedChar
2021-11-19T10:24:04,116|[TRACE] script - #out(`u`) [token]
2021-11-19T10:24:04,116|[TRACE] graph - <------- nonSkippedChar
2021-11-19T10:24:04,116|[TRACE] graph - <----- statementPart
2021-11-19T10:24:04,116|[TRACE] graph - -----> statementPart
2021-11-19T10:24:04,116|[TRACE] graph - -------> nonSkippedChar
2021-11-19T10:24:04,116|[TRACE] script - #out(`t`) [token]
2021-11-19T10:24:04,116|[TRACE] graph - <------- nonSkippedChar
2021-11-19T10:24:04,116|[TRACE] graph - <----- statementPart
2021-11-19T10:24:04,116|[TRACE] graph - -----> statementPart
2021-11-19T10:24:04,116|[TRACE] graph - -------> nonSkippedChar
2021-11-19T10:24:04,116|[TRACE] script - #out(`f`) [token]
2021-11-19T10:24:04,116|[TRACE] graph - <------- nonSkippedChar
2021-11-19T10:24:04,116|[TRACE] graph - <----- statementPart
2021-11-19T10:24:04,116|[TRACE] graph - -----> statementPart
2021-11-19T10:24:04,116|[TRACE] graph - -------> nonSkippedChar
2021-11-19T10:24:04,116|[TRACE] script - #out(`8`) [token]
2021-11-19T10:24:04,116|[TRACE] graph - <------- nonSkippedChar
2021-11-19T10:24:04,116|[TRACE] graph - <----- statementPart
2021-11-19T10:24:04,116|[TRACE] graph - -----> statementPart
2021-11-19T10:24:04,116|[TRACE] graph - -------> nonSkippedChar
2021-11-19T10:24:04,116|[TRACE] script - #out(`m`) [token]
2021-11-19T10:24:04,116|[TRACE] graph - <------- nonSkippedChar
2021-11-19T10:24:04,116|[TRACE] graph - <----- statementPart
2021-11-19T10:24:04,116|[TRACE] graph - -----> statementPart
2021-11-19T10:24:04,116|[TRACE] graph - -------> nonSkippedChar
2021-11-19T10:24:04,116|[TRACE] script - #out(`b`) [token]
2021-11-19T10:24:04,116|[TRACE] graph - <------- nonSkippedChar
2021-11-19T10:24:04,116|[TRACE] graph - <----- statementPart
2021-11-19T10:24:04,116|[TRACE] graph - -----> statementPart
2021-11-19T10:24:04,116|[TRACE] graph - -------> nonSkippedChar
2021-11-19T10:24:04,116|[TRACE] script - #out(`4`) [token]
2021-11-19T10:24:04,116|[TRACE] graph - <------- nonSkippedChar
2021-11-19T10:24:04,116|[TRACE] graph - <----- statementPart
2021-11-19T10:24:04,116|[TRACE] graph - -----> afterStatementPartNewline
2021-11-19T10:24:04,116|[TRACE] script - #out(` `) [text]
2021-11-19T10:24:04,116|[TRACE] graph - <----- afterStatementPartNewline
2021-11-19T10:24:04,116|[TRACE] graph - -----> statementPart
2021-11-19T10:24:04,116|[TRACE] graph - -------> nonSkippedChar
2021-11-19T10:24:04,116|[TRACE] script - #out(`C`) [token]
2021-11-19T10:24:04,116|[TRACE] graph - <------- nonSkippedChar
2021-11-19T10:24:04,116|[TRACE] graph - <----- statementPart
2021-11-19T10:24:04,116|[TRACE] graph - -----> statementPart
2021-11-19T10:24:04,116|[TRACE] graph - -------> nonSkippedChar
2021-11-19T10:24:04,116|[TRACE] script - #out(`O`) [token]
2021-11-19T10:24:04,116|[TRACE] graph - <------- nonSkippedChar
2021-11-19T10:24:04,116|[TRACE] graph - <----- statementPart
2021-11-19T10:24:04,116|[TRACE] graph - -----> statementPart
2021-11-19T10:24:04,116|[TRACE] graph - -------> nonSkippedChar
2021-11-19T10:24:04,116|[TRACE] script - #out(`L`) [token]
2021-11-19T10:24:04,116|[TRACE] graph - <------- nonSkippedChar
2021-11-19T10:24:04,116|[TRACE] graph - <----- statementPart
2021-11-19T10:24:04,116|[TRACE] graph - -----> statementPart
2021-11-19T10:24:04,116|[TRACE] graph - -------> nonSkippedChar
2021-11-19T10:24:04,116|[TRACE] script - #out(`L`) [token]
2021-11-19T10:24:04,116|[TRACE] graph - <------- nonSkippedChar
2021-11-19T10:24:04,116|[TRACE] graph - <----- statementPart
2021-11-19T10:24:04,116|[TRACE] graph - -----> statementPart
2021-11-19T10:24:04,116|[TRACE] graph - -------> nonSkippedChar
2021-11-19T10:24:04,116|[TRACE] script - #out(`A`) [token]
2021-11-19T10:24:04,116|[TRACE] graph - <------- nonSkippedChar
2021-11-19T10:24:04,116|[TRACE] graph - <----- statementPart
2021-11-19T10:24:04,116|[TRACE] graph - -----> statementPart
2021-11-19T10:24:04,116|[TRACE] graph - -------> nonSkippedChar
2021-11-19T10:24:04,116|[TRACE] script - #out(`T`) [token]
2021-11-19T10:24:04,116|[TRACE] graph - <------- nonSkippedChar
2021-11-19T10:24:04,116|[TRACE] graph - <----- statementPart
2021-11-19T10:24:04,116|[TRACE] graph - -----> statementPart
2021-11-19T10:24:04,116|[TRACE] graph - -------> nonSkippedChar
2021-11-19T10:24:04,116|[TRACE] script - #out(`E`) [token]
2021-11-19T10:24:04,116|[TRACE] graph - <------- nonSkippedChar
2021-11-19T10:24:04,116|[TRACE] graph - <----- statementPart
2021-11-19T10:24:04,116|[TRACE] graph - -----> statementPart
2021-11-19T10:24:04,116|[TRACE] graph - -------> nonSkippedSpace
2021-11-19T10:24:04,116|[TRACE] script - #out(` `) [token]
2021-11-19T10:24:04,116|[TRACE] graph - <------- nonSkippedSpace
2021-11-19T10:24:04,116|[TRACE] graph - <----- statementPart
2021-11-19T10:24:04,116|[TRACE] graph - -----> statementPart
2021-11-19T10:24:04,116|[TRACE] graph - -------> nonSkippedChar
2021-11-19T10:24:04,116|[TRACE] script - #out(`=`) [token]
2021-11-19T10:24:04,116|[TRACE] graph - <------- nonSkippedChar
2021-11-19T10:24:04,116|[TRACE] graph - <----- statementPart
2021-11-19T10:24:04,116|[TRACE] graph - -----> statementPart
2021-11-19T10:24:04,116|[TRACE] graph - -------> nonSkippedSpace
2021-11-19T10:24:04,116|[TRACE] script - #out(` `) [token]
2021-11-19T10:24:04,116|[TRACE] graph - <------- nonSkippedSpace
2021-11-19T10:24:04,116|[TRACE] graph - <----- statementPart
2021-11-19T10:24:04,116|[TRACE] graph - -----> statementPart
2021-11-19T10:24:04,116|[TRACE] graph - -------> nonSkippedChar
2021-11-19T10:24:04,116|[TRACE] script - #out(`u`) [token]
2021-11-19T10:24:04,116|[TRACE] graph - <------- nonSkippedChar
2021-11-19T10:24:04,116|[TRACE] graph - <----- statementPart
2021-11-19T10:24:04,116|[TRACE] graph - -----> statementPart
2021-11-19T10:24:04,116|[TRACE] graph - -------> nonSkippedChar
2021-11-19T10:24:04,116|[TRACE] script - #out(`t`) [token]
2021-11-19T10:24:04,116|[TRACE] graph - <------- nonSkippedChar
2021-11-19T10:24:04,116|[TRACE] graph - <----- statementPart
2021-11-19T10:24:04,116|[TRACE] graph - -----> statementPart
2021-11-19T10:24:04,116|[TRACE] graph - -------> nonSkippedChar
2021-11-19T10:24:04,116|[TRACE] script - #out(`f`) [token]
2021-11-19T10:24:04,116|[TRACE] graph - <------- nonSkippedChar
2021-11-19T10:24:04,116|[TRACE] graph - <----- statementPart
2021-11-19T10:24:04,116|[TRACE] graph - -----> statementPart
2021-11-19T10:24:04,116|[TRACE] graph - -------> nonSkippedChar
2021-11-19T10:24:04,116|[TRACE] script - #out(`8`) [token]
2021-11-19T10:24:04,116|[TRACE] graph - <------- nonSkippedChar
2021-11-19T10:24:04,116|[TRACE] graph - <----- statementPart
2021-11-19T10:24:04,116|[TRACE] graph - -----> statementPart
2021-11-19T10:24:04,116|[TRACE] graph - -------> nonSkippedChar
2021-11-19T10:24:04,116|[TRACE] script - #out(`m`) [token]
2021-11-19T10:24:04,116|[TRACE] graph - <------- nonSkippedChar
2021-11-19T10:24:04,116|[TRACE] graph - <----- statementPart
2021-11-19T10:24:04,116|[TRACE] graph - -----> statementPart
2021-11-19T10:24:04,116|[TRACE] graph - -------> nonSkippedChar
2021-11-19T10:24:04,116|[TRACE] script - #out(`b`) [token]
2021-11-19T10:24:04,116|[TRACE] graph - <------- nonSkippedChar
2021-11-19T10:24:04,116|[TRACE] graph - <----- statementPart
2021-11-19T10:24:04,116|[TRACE] graph - -----> statementPart
2021-11-19T10:24:04,116|[TRACE] graph - -------> nonSkippedChar
2021-11-19T10:24:04,116|[TRACE] script - #out(`4`) [token]
2021-11-19T10:24:04,116|[TRACE] graph - <------- nonSkippedChar
2021-11-19T10:24:04,116|[TRACE] graph - <----- statementPart
2021-11-19T10:24:04,116|[TRACE] graph - -----> statementPart
2021-11-19T10:24:04,116|[TRACE] graph - -------> nonSkippedChar
2021-11-19T10:24:04,116|[TRACE] script - #out(`_`) [token]
2021-11-19T10:24:04,116|[TRACE] graph - <------- nonSkippedChar
2021-11-19T10:24:04,116|[TRACE] graph - <----- statementPart
2021-11-19T10:24:04,116|[TRACE] graph - -----> statementPart
2021-11-19T10:24:04,116|[TRACE] graph - -------> nonSkippedChar
2021-11-19T10:24:04,116|[TRACE] script - #out(`0`) [token]
2021-11-19T10:24:04,116|[TRACE] graph - <------- nonSkippedChar
2021-11-19T10:24:04,116|[TRACE] graph - <----- statementPart
2021-11-19T10:24:04,116|[TRACE] graph - -----> statementPart
2021-11-19T10:24:04,116|[TRACE] graph - -------> nonSkippedChar
2021-11-19T10:24:04,116|[TRACE] script - #out(`9`) [token]
2021-11-19T10:24:04,116|[TRACE] graph - <------- nonSkippedChar
2021-11-19T10:24:04,116|[TRACE] graph - <----- statementPart
2021-11-19T10:24:04,116|[TRACE] graph - -----> statementPart
2021-11-19T10:24:04,116|[TRACE] graph - -------> nonSkippedChar
2021-11-19T10:24:04,116|[TRACE] script - #out(`0`) [token]
2021-11-19T10:24:04,116|[TRACE] graph - <------- nonSkippedChar
2021-11-19T10:24:04,116|[TRACE] graph - <----- statementPart
2021-11-19T10:24:04,116|[TRACE] graph - -----> statementPart
2021-11-19T10:24:04,116|[TRACE] graph - -------> nonSkippedChar
2021-11-19T10:24:04,116|[TRACE] script - #out(`0`) [token]
2021-11-19T10:24:04,116|[TRACE] graph - <------- nonSkippedChar
2021-11-19T10:24:04,116|[TRACE] graph - <----- statementPart
2021-11-19T10:24:04,116|[TRACE] graph - -----> statementPart
2021-11-19T10:24:04,116|[TRACE] graph - -------> nonSkippedChar
2021-11-19T10:24:04,116|[TRACE] script - #out(`_`) [token]
2021-11-19T10:24:04,116|[TRACE] graph - <------- nonSkippedChar
2021-11-19T10:24:04,116|[TRACE] graph - <----- statementPart
2021-11-19T10:24:04,116|[TRACE] graph - -----> statementPart
2021-11-19T10:24:04,116|[TRACE] graph - -------> nonSkippedChar
2021-11-19T10:24:04,116|[TRACE] script - #out(`a`) [token]
2021-11-19T10:24:04,116|[TRACE] graph - <------- nonSkippedChar
2021-11-19T10:24:04,116|[TRACE] graph - <----- statementPart
2021-11-19T10:24:04,116|[TRACE] graph - -----> statementPart
2021-11-19T10:24:04,116|[TRACE] graph - -------> nonSkippedChar
2021-11-19T10:24:04,116|[TRACE] script - #out(`i`) [token]
2021-11-19T10:24:04,116|[TRACE] graph - <------- nonSkippedChar
2021-11-19T10:24:04,116|[TRACE] graph - <----- statementPart
2021-11-19T10:24:04,116|[TRACE] graph - -----> statementPart
2021-11-19T10:24:04,116|[TRACE] graph - -------> nonSkippedChar
2021-11-19T10:24:04,116|[TRACE] script - #out(`_`) [token]
2021-11-19T10:24:04,116|[TRACE] graph - <------- nonSkippedChar
2021-11-19T10:24:04,116|[TRACE] graph - <----- statementPart
2021-11-19T10:24:04,116|[TRACE] graph - -----> statementPart
2021-11-19T10:24:04,116|[TRACE] graph - -------> nonSkippedChar
2021-11-19T10:24:04,116|[TRACE] script - #out(`c`) [token]
2021-11-19T10:24:04,116|[TRACE] graph - <------- nonSkippedChar
2021-11-19T10:24:04,116|[TRACE] graph - <----- statementPart
2021-11-19T10:24:04,116|[TRACE] graph - -----> statementPart
2021-11-19T10:24:04,116|[TRACE] graph - -------> nonSkippedChar
2021-11-19T10:24:04,116|[TRACE] script - #out(`i`) [token]
2021-11-19T10:24:04,116|[TRACE] graph - <------- nonSkippedChar
2021-11-19T10:24:04,116|[TRACE] graph - <----- statementPart
2021-11-19T10:24:04,116|[DEBUG] graph - Import statement : CREATE TABLE IF NOT EXISTS `bloodbank`.`person` (   `id` INT NOT NULL AUTO_INCREMENT,   `first_name` VARCHAR(50) NOT NULL,   `last_name` VARCHAR(50) NOT NULL,   `created` BIGINT NOT NULL DEFAULT (unix_timestamp(now()) * 1000),   `updated` BIGINT NOT NULL DEFAULT (unix_timestamp(now()) * 1000),   `version` INT NOT NULL DEFAULT '1',   PRIMARY KEY (`id`)) ENGINE = InnoDB DEFAULT CHARACTER SET = utf8mb4 COLLATE = utf8mb4_0900_ai_ci
2021-11-19T10:24:04,116|[TRACE] graph - <--- statement
2021-11-19T10:24:04,116|[TRACE] graph - ---> blankSpacesToSkip
2021-11-19T10:24:04,116|[TRACE] graph - -----> newLineToSkip
2021-11-19T10:24:04,116|[TRACE] graph - <----- newLineToSkip
2021-11-19T10:24:04,116|[TRACE] graph - -----> newLineToSkip
2021-11-19T10:24:04,116|[TRACE] graph - <----- newLineToSkip
2021-11-19T10:24:04,116|[TRACE] graph - -----> newLineToSkip
2021-11-19T10:24:04,116|[TRACE] graph - <----- newLineToSkip
2021-11-19T10:24:04,116|[TRACE] graph - -----> newLineToSkip
2021-11-19T10:24:04,116|[TRACE] graph - <----- newLineToSkip
2021-11-19T10:24:04,116|[TRACE] graph - -----> newLineToSkip
2021-11-19T10:24:04,116|[TRACE] graph - <----- newLineToSkip
2021-11-19T10:24:04,116|[TRACE] graph - -----> newLineToSkip
2021-11-19T10:24:04,116|[TRACE] graph - <----- newLineToSkip
2021-11-19T10:24:04,116|[TRACE] graph - <--- blankSpacesToSkip
2021-11-19T10:24:04,116|[TRACE] graph - ---> statement
2021-11-19T10:24:04,116|[TRACE] graph - -----> statementFirstPart
2021-11-19T10:24:04,116|[TRACE] graph - -------> nonSkippedChar
2021-11-19T10:24:04,116|[TRACE] script - #out(`C`) [token]
2021-11-19T10:24:04,116|[TRACE] graph - <------- nonSkippedChar
2021-11-19T10:24:04,116|[TRACE] graph - <----- statementFirstPart
2021-11-19T10:24:04,116|[TRACE] graph - -----> statementPart
2021-11-19T10:24:04,116|[TRACE] graph - -------> nonSkippedChar
2021-11-19T10:24:04,116|[TRACE] script - #out(`R`) [token]
2021-11-19T10:24:04,116|[TRACE] graph - <------- nonSkippedChar
2021-11-19T10:24:04,116|[TRACE] graph - <----- statementPart
2021-11-19T10:24:04,116|[TRACE] graph - -----> statementPart
2021-11-19T10:24:04,116|[TRACE] graph - -------> nonSkippedChar
2021-11-19T10:24:04,116|[TRACE] script - #out(`E`) [token]
2021-11-19T10:24:04,116|[TRACE] graph - <------- nonSkippedChar
2021-11-19T10:24:04,116|[TRACE] graph - <----- statementPart
2021-11-19T10:24:04,116|[TRACE] graph - -----> statementPart
2021-11-19T10:24:04,116|[TRACE] graph - -------> nonSkippedChar
2021-11-19T10:24:04,116|[TRACE] script - #out(`A`) [token]
2021-11-19T10:24:04,116|[TRACE] graph - <------- nonSkippedChar
2021-11-19T10:24:04,116|[TRACE] graph - <----- statementPart
2021-11-19T10:24:04,116|[TRACE] graph - -----> statementPart
2021-11-19T10:24:04,116|[TRACE] graph - -------> nonSkippedChar
2021-11-19T10:24:04,116|[TRACE] script - #out(`T`) [token]
2021-11-19T10:24:04,116|[TRACE] graph - <------- nonSkippedChar
2021-11-19T10:24:04,116|[TRACE] graph - <----- statementPart
2021-11-19T10:24:04,116|[TRACE] graph - -----> statementPart
2021-11-19T10:24:04,116|[TRACE] graph - -------> nonSkippedChar
2021-11-19T10:24:04,116|[TRACE] script - #out(`E`) [token]
2021-11-19T10:24:04,116|[TRACE] graph - <------- nonSkippedChar
2021-11-19T10:24:04,116|[TRACE] graph - <----- statementPart
2021-11-19T10:24:04,116|[TRACE] graph - -----> statementPart
2021-11-19T10:24:04,116|[TRACE] graph - -------> nonSkippedSpace
2021-11-19T10:24:04,116|[TRACE] script - #out(` `) [token]
2021-11-19T10:24:04,116|[TRACE] graph - <------- nonSkippedSpace
2021-11-19T10:24:04,116|[TRACE] graph - <----- statementPart
2021-11-19T10:24:04,116|[TRACE] graph - -----> statementPart
2021-11-19T10:24:04,116|[TRACE] graph - -------> nonSkippedChar
2021-11-19T10:24:04,116|[TRACE] script - #out(`T`) [token]
2021-11-19T10:24:04,116|[TRACE] graph - <------- nonSkippedChar
2021-11-19T10:24:04,116|[TRACE] graph - <----- statementPart
2021-11-19T10:24:04,116|[TRACE] graph - -----> statementPart
2021-11-19T10:24:04,116|[TRACE] graph - -------> nonSkippedChar
2021-11-19T10:24:04,116|[TRACE] script - #out(`A`) [token]
2021-11-19T10:24:04,116|[TRACE] graph - <------- nonSkippedChar
2021-11-19T10:24:04,116|[TRACE] graph - <----- statementPart
2021-11-19T10:24:04,116|[TRACE] graph - -----> statementPart
2021-11-19T10:24:04,116|[TRACE] graph - -------> nonSkippedChar
2021-11-19T10:24:04,116|[TRACE] script - #out(`B`) [token]
2021-11-19T10:24:04,116|[TRACE] graph - <------- nonSkippedChar
2021-11-19T10:24:04,116|[TRACE] graph - <----- statementPart
2021-11-19T10:24:04,116|[TRACE] graph - -----> statementPart
2021-11-19T10:24:04,116|[TRACE] graph - -------> nonSkippedChar
2021-11-19T10:24:04,116|[TRACE] script - #out(`L`) [token]
2021-11-19T10:24:04,116|[TRACE] graph - <------- nonSkippedChar
2021-11-19T10:24:04,116|[TRACE] graph - <----- statementPart
2021-11-19T10:24:04,116|[TRACE] graph - -----> statementPart
2021-11-19T10:24:04,116|[TRACE] graph - -------> nonSkippedChar
2021-11-19T10:24:04,116|[TRACE] script - #out(`E`) [token]
2021-11-19T10:24:04,116|[TRACE] graph - <------- nonSkippedChar
2021-11-19T10:24:04,116|[TRACE] graph - <----- statementPart
2021-11-19T10:24:04,116|[TRACE] graph - -----> statementPart
2021-11-19T10:24:04,116|[TRACE] graph - -------> nonSkippedSpace
2021-11-19T10:24:04,116|[TRACE] script - #out(` `) [token]
2021-11-19T10:24:04,116|[TRACE] graph - <------- nonSkippedSpace
2021-11-19T10:24:04,116|[TRACE] graph - <----- statementPart
2021-11-19T10:24:04,117|[TRACE] graph - -----> statementPart
2021-11-19T10:24:04,117|[TRACE] graph - -------> nonSkippedChar
2021-11-19T10:24:04,117|[TRACE] script - #out(`I`) [token]
2021-11-19T10:24:04,117|[TRACE] graph - <------- nonSkippedChar
2021-11-19T10:24:04,117|[TRACE] graph - <----- statementPart
2021-11-19T10:24:04,117|[TRACE] graph - -----> statementPart
2021-11-19T10:24:04,117|[TRACE] graph - -------> nonSkippedChar
2021-11-19T10:24:04,117|[TRACE] script - #out(`F`) [token]
2021-11-19T10:24:04,117|[TRACE] graph - <------- nonSkippedChar
2021-11-19T10:24:04,117|[TRACE] graph - <----- statementPart
2021-11-19T10:24:04,117|[TRACE] graph - -----> statementPart
2021-11-19T10:24:04,117|[TRACE] graph - -------> nonSkippedSpace
2021-11-19T10:24:04,117|[TRACE] script - #out(` `) [token]
2021-11-19T10:24:04,117|[TRACE] graph - <------- nonSkippedSpace
2021-11-19T10:24:04,117|[TRACE] graph - <----- statementPart
2021-11-19T10:24:04,117|[TRACE] graph - -----> statementPart
2021-11-19T10:24:04,117|[TRACE] graph - -------> nonSkippedChar
2021-11-19T10:24:04,117|[TRACE] script - #out(`N`) [token]
2021-11-19T10:24:04,117|[TRACE] graph - <------- nonSkippedChar
2021-11-19T10:24:04,117|[TRACE] graph - <----- statementPart
2021-11-19T10:24:04,117|[TRACE] graph - -----> statementPart
2021-11-19T10:24:04,117|[TRACE] graph - -------> nonSkippedChar
2021-11-19T10:24:04,117|[TRACE] script - #out(`O`) [token]
2021-11-19T10:24:04,117|[TRACE] graph - <------- nonSkippedChar
2021-11-19T10:24:04,117|[TRACE] graph - <----- statementPart
2021-11-19T10:24:04,117|[TRACE] graph - -----> statementPart
2021-11-19T10:24:04,117|[TRACE] graph - -------> nonSkippedChar
2021-11-19T10:24:04,117|[TRACE] script - #out(`T`) [token]
2021-11-19T10:24:04,117|[TRACE] graph - <------- nonSkippedChar
2021-11-19T10:24:04,117|[TRACE] graph - <----- statementPart
2021-11-19T10:24:04,117|[TRACE] graph - -----> statementPart
2021-11-19T10:24:04,117|[TRACE] graph - -------> nonSkippedSpace
2021-11-19T10:24:04,117|[TRACE] script - #out(` `) [token]
2021-11-19T10:24:04,117|[TRACE] graph - <------- nonSkippedSpace
2021-11-19T10:24:04,117|[TRACE] graph - <----- statementPart
2021-11-19T10:24:04,117|[TRACE] graph - -----> statementPart
2021-11-19T10:24:04,117|[TRACE] graph - -------> nonSkippedChar
2021-11-19T10:24:04,117|[TRACE] script - #out(`E`) [token]
2021-11-19T10:24:04,117|[TRACE] graph - <------- nonSkippedChar
2021-11-19T10:24:04,117|[TRACE] graph - <----- statementPart
2021-11-19T10:24:04,117|[TRACE] graph - -----> statementPart
2021-11-19T10:24:04,117|[TRACE] graph - -------> nonSkippedChar
2021-11-19T10:24:04,117|[TRACE] script - #out(`X`) [token]
2021-11-19T10:24:04,117|[TRACE] graph - <------- nonSkippedChar
2021-11-19T10:24:04,117|[TRACE] graph - <----- statementPart
2021-11-19T10:24:04,117|[TRACE] graph - -----> statementPart
2021-11-19T10:24:04,117|[TRACE] graph - -------> nonSkippedChar
2021-11-19T10:24:04,117|[TRACE] script - #out(`I`) [token]
2021-11-19T10:24:04,117|[TRACE] graph - <------- nonSkippedChar
2021-11-19T10:24:04,117|[TRACE] graph - <----- statementPart
2021-11-19T10:24:04,117|[TRACE] graph - -----> statementPart
2021-11-19T10:24:04,117|[TRACE] graph - -------> nonSkippedChar
2021-11-19T10:24:04,117|[TRACE] script - #out(`S`) [token]
2021-11-19T10:24:04,117|[TRACE] graph - <------- nonSkippedChar
2021-11-19T10:24:04,117|[TRACE] graph - <----- statementPart
2021-11-19T10:24:04,117|[TRACE] graph - -----> statementPart
2021-11-19T10:24:04,117|[TRACE] graph - -------> nonSkippedChar
2021-11-19T10:24:04,117|[TRACE] script - #out(`T`) [token]
2021-11-19T10:24:04,117|[TRACE] graph - <------- nonSkippedChar
2021-11-19T10:24:04,117|[TRACE] graph - <----- statementPart
2021-11-19T10:24:04,117|[TRACE] graph - -----> statementPart
2021-11-19T10:24:04,117|[TRACE] graph - -------> nonSkippedChar
2021-11-19T10:24:04,117|[TRACE] script - #out(`S`) [token]
2021-11-19T10:24:04,117|[TRACE] graph - <------- nonSkippedChar
2021-11-19T10:24:04,117|[TRACE] graph - <----- statementPart
2021-11-19T10:24:04,117|[TRACE] graph - -----> statementPart
2021-11-19T10:24:04,117|[TRACE] graph - -------> nonSkippedSpace
2021-11-19T10:24:04,117|[TRACE] script - #out(` `) [token]
2021-11-19T10:24:04,117|[TRACE] graph - <------- nonSkippedSpace
2021-11-19T10:24:04,117|[TRACE] graph - <----- statementPart
2021-11-19T10:24:04,117|[TRACE] graph - -----> statementPart
2021-11-19T10:24:04,117|[TRACE] graph - -------> quotedString
2021-11-19T10:24:04,117|[TRACE] script - #out(``bloodbank``) [token]
2021-11-19T10:24:04,117|[TRACE] graph - <------- quotedString
2021-11-19T10:24:04,117|[TRACE] graph - <----- statementPart
2021-11-19T10:24:04,117|[TRACE] graph - -----> statementPart
2021-11-19T10:24:04,117|[TRACE] graph - -------> nonSkippedChar
2021-11-19T10:24:04,117|[TRACE] script - #out(`.`) [token]
2021-11-19T10:24:04,117|[TRACE] graph - <------- nonSkippedChar
2021-11-19T10:24:04,117|[TRACE] graph - <----- statementPart
2021-11-19T10:24:04,117|[TRACE] graph - -----> statementPart
2021-11-19T10:24:04,117|[TRACE] graph - -------> quotedString
2021-11-19T10:24:04,117|[TRACE] script - #out(``blood_bank``) [token]
2021-11-19T10:24:04,117|[TRACE] graph - <------- quotedString
2021-11-19T10:24:04,117|[TRACE] graph - <----- statementPart
2021-11-19T10:24:04,117|[TRACE] graph - -----> statementPart
2021-11-19T10:24:04,117|[TRACE] graph - -------> nonSkippedSpace
2021-11-19T10:24:04,117|[TRACE] script - #out(` `) [token]
2021-11-19T10:24:04,117|[TRACE] graph - <------- nonSkippedSpace
2021-11-19T10:24:04,117|[TRACE] graph - <----- statementPart
2021-11-19T10:24:04,117|[TRACE] graph - -----> statementPart
2021-11-19T10:24:04,117|[TRACE] graph - -------> nonSkippedChar
2021-11-19T10:24:04,117|[TRACE] script - #out(`(`) [token]
2021-11-19T10:24:04,117|[TRACE] graph - <------- nonSkippedChar
2021-11-19T10:24:04,117|[TRACE] graph - <----- statementPart
2021-11-19T10:24:04,117|[TRACE] graph - -----> afterStatementPartNewline
2021-11-19T10:24:04,117|[TRACE] script - #out(` `) [text]
2021-11-19T10:24:04,117|[TRACE] graph - <----- afterStatementPartNewline
2021-11-19T10:24:04,117|[TRACE] graph - -----> statementPart
2021-11-19T10:24:04,117|[TRACE] graph - -------> nonSkippedSpace
2021-11-19T10:24:04,117|[TRACE] script - #out(` `) [token]
2021-11-19T10:24:04,117|[TRACE] graph - <------- nonSkippedSpace
2021-11-19T10:24:04,117|[TRACE] graph - <----- statementPart
2021-11-19T10:24:04,117|[TRACE] graph - -----> statementPart
2021-11-19T10:24:04,117|[TRACE] graph - -------> nonSkippedSpace
2021-11-19T10:24:04,117|[TRACE] script - #out(` `) [token]
2021-11-19T10:24:04,117|[TRACE] graph - <------- nonSkippedSpace
2021-11-19T10:24:04,117|[TRACE] graph - <----- statementPart
2021-11-19T10:24:04,117|[TRACE] graph - -----> statementPart
2021-11-19T10:24:04,117|[TRACE] graph - -------> quotedString
2021-11-19T10:24:04,117|[TRACE] script - #out(``bank_id``) [token]
2021-11-19T10:24:04,117|[TRACE] graph - <------- quotedString
2021-11-19T10:24:04,117|[TRACE] graph - <----- statementPart
2021-11-19T10:24:04,117|[TRACE] graph - -----> statementPart
2021-11-19T10:24:04,117|[TRACE] graph - -------> nonSkippedSpace
2021-11-19T10:24:04,117|[TRACE] script - #out(` `) [token]
2021-11-19T10:24:04,117|[TRACE] graph - <------- nonSkippedSpace
2021-11-19T10:24:04,117|[TRACE] graph - <----- statementPart
2021-11-19T10:24:04,117|[TRACE] graph - -----> statementPart
2021-11-19T10:24:04,117|[TRACE] graph - -------> nonSkippedChar
2021-11-19T10:24:04,117|[TRACE] script - #out(`I`) [token]
2021-11-19T10:24:04,117|[TRACE] graph - <------- nonSkippedChar
2021-11-19T10:24:04,117|[TRACE] graph - <----- statementPart
2021-11-19T10:24:04,117|[TRACE] graph - -----> statementPart
2021-11-19T10:24:04,117|[TRACE] graph - -------> nonSkippedChar
2021-11-19T10:24:04,117|[TRACE] script - #out(`N`) [token]
2021-11-19T10:24:04,117|[TRACE] graph - <------- nonSkippedChar
2021-11-19T10:24:04,117|[TRACE] graph - <----- statementPart
2021-11-19T10:24:04,117|[TRACE] graph - -----> statementPart
2021-11-19T10:24:04,117|[TRACE] graph - -------> nonSkippedChar
2021-11-19T10:24:04,117|[TRACE] script - #out(`T`) [token]
2021-11-19T10:24:04,117|[TRACE] graph - <------- nonSkippedChar
2021-11-19T10:24:04,117|[TRACE] graph - <----- statementPart
2021-11-19T10:24:04,117|[TRACE] graph - -----> statementPart
2021-11-19T10:24:04,117|[TRACE] graph - -------> nonSkippedSpace
2021-11-19T10:24:04,117|[TRACE] script - #out(` `) [token]
2021-11-19T10:24:04,117|[TRACE] graph - <------- nonSkippedSpace
2021-11-19T10:24:04,117|[TRACE] graph - <----- statementPart
2021-11-19T10:24:04,117|[TRACE] graph - -----> statementPart
2021-11-19T10:24:04,117|[TRACE] graph - -------> nonSkippedChar
2021-11-19T10:24:04,117|[TRACE] script - #out(`N`) [token]
2021-11-19T10:24:04,117|[TRACE] graph - <------- nonSkippedChar
2021-11-19T10:24:04,117|[TRACE] graph - <----- statementPart
2021-11-19T10:24:04,117|[TRACE] graph - -----> statementPart
2021-11-19T10:24:04,117|[TRACE] graph - -------> nonSkippedChar
2021-11-19T10:24:04,117|[TRACE] script - #out(`O`) [token]
2021-11-19T10:24:04,117|[TRACE] graph - <------- nonSkippedChar
2021-11-19T10:24:04,117|[TRACE] graph - <----- statementPart
2021-11-19T10:24:04,117|[TRACE] graph - -----> statementPart
2021-11-19T10:24:04,117|[TRACE] graph - -------> nonSkippedChar
2021-11-19T10:24:04,117|[TRACE] script - #out(`T`) [token]
2021-11-19T10:24:04,117|[TRACE] graph - <------- nonSkippedChar
2021-11-19T10:24:04,117|[TRACE] graph - <----- statementPart
2021-11-19T10:24:04,117|[TRACE] graph - -----> statementPart
2021-11-19T10:24:04,117|[TRACE] graph - -------> nonSkippedSpace
2021-11-19T10:24:04,117|[TRACE] script - #out(` `) [token]
2021-11-19T10:24:04,117|[TRACE] graph - <------- nonSkippedSpace
2021-11-19T10:24:04,117|[TRACE] graph - <----- statementPart
2021-11-19T10:24:04,117|[TRACE] graph - -----> statementPart
2021-11-19T10:24:04,117|[TRACE] graph - -------> nonSkippedChar
2021-11-19T10:24:04,117|[TRACE] script - #out(`N`) [token]
2021-11-19T10:24:04,117|[TRACE] graph - <------- nonSkippedChar
2021-11-19T10:24:04,117|[TRACE] graph - <----- statementPart
2021-11-19T10:24:04,117|[TRACE] graph - -----> statementPart
2021-11-19T10:24:04,117|[TRACE] graph - -------> nonSkippedChar
2021-11-19T10:24:04,117|[TRACE] script - #out(`U`) [token]
2021-11-19T10:24:04,117|[TRACE] graph - <------- nonSkippedChar
2021-11-19T10:24:04,117|[TRACE] graph - <----- statementPart
2021-11-19T10:24:04,117|[TRACE] graph - -----> statementPart
2021-11-19T10:24:04,117|[TRACE] graph - -------> nonSkippedChar
2021-11-19T10:24:04,117|[TRACE] script - #out(`L`) [token]
2021-11-19T10:24:04,117|[TRACE] graph - <------- nonSkippedChar
2021-11-19T10:24:04,117|[TRACE] graph - <----- statementPart
2021-11-19T10:24:04,117|[TRACE] graph - -----> statementPart
2021-11-19T10:24:04,117|[TRACE] graph - -------> nonSkippedChar
2021-11-19T10:24:04,117|[TRACE] script - #out(`L`) [token]
2021-11-19T10:24:04,117|[TRACE] graph - <------- nonSkippedChar
2021-11-19T10:24:04,117|[TRACE] graph - <----- statementPart
2021-11-19T10:24:04,172|[TRACE] graph - -----> statementPart
2021-11-19T10:24:04,172|[TRACE] graph - -------> nonSkippedSpace
2021-11-19T10:24:04,172|[TRACE] script - #out(` `) [token]
2021-11-19T10:24:04,172|[TRACE] graph - <------- nonSkippedSpace
2021-11-19T10:24:04,172|[TRACE] graph - <----- statementPart
2021-11-19T10:24:04,172|[TRACE] graph - -----> statementPart
2021-11-19T10:24:04,172|[TRACE] graph - -------> nonSkippedChar
2021-11-19T10:24:04,172|[TRACE] script - #out(`A`) [token]
2021-11-19T10:24:04,172|[TRACE] graph - <------- nonSkippedChar
2021-11-19T10:24:04,172|[TRACE] graph - <----- statementPart
2021-11-19T10:24:04,172|[TRACE] graph - -----> statementPart
2021-11-19T10:24:04,172|[TRACE] graph - -------> nonSkippedChar
2021-11-19T10:24:04,172|[TRACE] script - #out(`U`) [token]
2021-11-19T10:24:04,172|[TRACE] graph - <------- nonSkippedChar
2021-11-19T10:24:04,172|[TRACE] graph - <----- statementPart
2021-11-19T10:24:04,172|[TRACE] graph - -----> statementPart
2021-11-19T10:24:04,172|[TRACE] graph - -------> nonSkippedChar
2021-11-19T10:24:04,172|[TRACE] script - #out(`T`) [token]
2021-11-19T10:24:04,172|[TRACE] graph - <------- nonSkippedChar
2021-11-19T10:24:04,172|[TRACE] graph - <----- statementPart
2021-11-19T10:24:04,172|[TRACE] graph - -----> statementPart
2021-11-19T10:24:04,172|[TRACE] graph - -------> nonSkippedChar
2021-11-19T10:24:04,172|[TRACE] script - #out(`O`) [token]
2021-11-19T10:24:04,172|[TRACE] graph - <------- nonSkippedChar
2021-11-19T10:24:04,172|[TRACE] graph - <----- statementPart
2021-11-19T10:24:04,172|[TRACE] graph - -----> statementPart
2021-11-19T10:24:04,172|[TRACE] graph - -------> nonSkippedChar
2021-11-19T10:24:04,172|[TRACE] script - #out(`_`) [token]
2021-11-19T10:24:04,172|[TRACE] graph - <------- nonSkippedChar
2021-11-19T10:24:04,172|[TRACE] graph - <----- statementPart
2021-11-19T10:24:04,172|[TRACE] graph - -----> statementPart
2021-11-19T10:24:04,172|[TRACE] graph - -------> nonSkippedChar
2021-11-19T10:24:04,172|[TRACE] script - #out(`I`) [token]
2021-11-19T10:24:04,172|[TRACE] graph - <------- nonSkippedChar
2021-11-19T10:24:04,172|[TRACE] graph - <----- statementPart
2021-11-19T10:24:04,172|[TRACE] graph - -----> statementPart
2021-11-19T10:24:04,172|[TRACE] graph - -------> nonSkippedChar
2021-11-19T10:24:04,172|[TRACE] script - #out(`N`) [token]
2021-11-19T10:24:04,172|[TRACE] graph - <------- nonSkippedChar
2021-11-19T10:24:04,172|[TRACE] graph - <----- statementPart
2021-11-19T10:24:04,172|[TRACE] graph - -----> statementPart
2021-11-19T10:24:04,172|[TRACE] graph - -------> nonSkippedChar
2021-11-19T10:24:04,172|[TRACE] script - #out(`C`) [token]
2021-11-19T10:24:04,172|[TRACE] graph - <------- nonSkippedChar
2021-11-19T10:24:04,172|[TRACE] graph - <----- statementPart
2021-11-19T10:24:04,172|[TRACE] graph - -----> statementPart
2021-11-19T10:24:04,172|[TRACE] graph - -------> nonSkippedChar
2021-11-19T10:24:04,172|[TRACE] script - #out(`R`) [token]
2021-11-19T10:24:04,172|[TRACE] graph - <------- nonSkippedChar
2021-11-19T10:24:04,172|[TRACE] graph - <----- statementPart
2021-11-19T10:24:04,172|[TRACE] graph - -----> statementPart
2021-11-19T10:24:04,172|[TRACE] graph - -------> nonSkippedChar
2021-11-19T10:24:04,172|[TRACE] script - #out(`E`) [token]
2021-11-19T10:24:04,172|[TRACE] graph - <------- nonSkippedChar
2021-11-19T10:24:04,172|[TRACE] graph - <----- statementPart
2021-11-19T10:24:04,172|[TRACE] graph - -----> statementPart
2021-11-19T10:24:04,172|[TRACE] graph - -------> nonSkippedChar
2021-11-19T10:24:04,172|[TRACE] script - #out(`M`) [token]
2021-11-19T10:24:04,172|[TRACE] graph - <------- nonSkippedChar
2021-11-19T10:24:04,172|[TRACE] graph - <----- statementPart
2021-11-19T10:24:04,172|[TRACE] graph - -----> statementPart
2021-11-19T10:24:04,172|[TRACE] graph - -------> nonSkippedChar
2021-11-19T10:24:04,172|[TRACE] script - #out(`E`) [token]
2021-11-19T10:24:04,172|[TRACE] graph - <------- nonSkippedChar
2021-11-19T10:24:04,172|[TRACE] graph - <----- statementPart
2021-11-19T10:24:04,172|[TRACE] graph - -----> statementPart
2021-11-19T10:24:04,172|[TRACE] graph - -------> nonSkippedChar
2021-11-19T10:24:04,172|[TRACE] script - #out(`N`) [token]
2021-11-19T10:24:04,172|[TRACE] graph - <------- nonSkippedChar
2021-11-19T10:24:04,172|[TRACE] graph - <----- statementPart
2021-11-19T10:24:04,172|[TRACE] graph - -----> statementPart
2021-11-19T10:24:04,172|[TRACE] graph - -------> nonSkippedChar
2021-11-19T10:24:04,172|[TRACE] script - #out(`T`) [token]
2021-11-19T10:24:04,172|[TRACE] graph - <------- nonSkippedChar
2021-11-19T10:24:04,172|[TRACE] graph - <----- statementPart
2021-11-19T10:24:04,172|[TRACE] graph - -----> statementPart
2021-11-19T10:24:04,172|[TRACE] graph - -------> nonSkippedChar
2021-11-19T10:24:04,172|[TRACE] script - #out(`,`) [token]
2021-11-19T10:24:04,172|[TRACE] graph - <------- nonSkippedChar
2021-11-19T10:24:04,172|[TRACE] graph - <----- statementPart
2021-11-19T10:24:04,172|[TRACE] graph - -----> afterStatementPartNewline
2021-11-19T10:24:04,172|[TRACE] script - #out(` `) [text]
2021-11-19T10:24:04,172|[TRACE] graph - <----- afterStatementPartNewline
2021-11-19T10:24:04,172|[TRACE] graph - -----> statementPart
2021-11-19T10:24:04,172|[TRACE] graph - -------> nonSkippedSpace
2021-11-19T10:24:04,172|[TRACE] script - #out(` `) [token]
2021-11-19T10:24:04,172|[TRACE] graph - <------- nonSkippedSpace
2021-11-19T10:24:04,172|[TRACE] graph - <----- statementPart
2021-11-19T10:24:04,172|[TRACE] graph - -----> statementPart
2021-11-19T10:24:04,172|[TRACE] graph - -------> nonSkippedSpace
2021-11-19T10:24:04,172|[TRACE] script - #out(` `) [token]
2021-11-19T10:24:04,172|[TRACE] graph - <------- nonSkippedSpace
2021-11-19T10:24:04,172|[TRACE] graph - <----- statementPart
2021-11-19T10:24:04,172|[TRACE] graph - -----> statementPart
2021-11-19T10:24:04,172|[TRACE] graph - -------> quotedString
2021-11-19T10:24:04,172|[TRACE] script - #out(``name``) [token]
2021-11-19T10:24:04,172|[TRACE] graph - <------- quotedString
2021-11-19T10:24:04,172|[TRACE] graph - <----- statementPart
2021-11-19T10:24:04,172|[TRACE] graph - -----> statementPart
2021-11-19T10:24:04,172|[TRACE] graph - -------> nonSkippedSpace
2021-11-19T10:24:04,172|[TRACE] script - #out(` `) [token]
2021-11-19T10:24:04,172|[TRACE] graph - <------- nonSkippedSpace
2021-11-19T10:24:04,172|[TRACE] graph - <----- statementPart
2021-11-19T10:24:04,172|[TRACE] graph - -----> statementPart
2021-11-19T10:24:04,172|[TRACE] graph - -------> nonSkippedChar
2021-11-19T10:24:04,172|[TRACE] script - #out(`V`) [token]
2021-11-19T10:24:04,172|[TRACE] graph - <------- nonSkippedChar
2021-11-19T10:24:04,172|[TRACE] graph - <----- statementPart
2021-11-19T10:24:04,172|[TRACE] graph - -----> statementPart
2021-11-19T10:24:04,172|[TRACE] graph - -------> nonSkippedChar
2021-11-19T10:24:04,172|[TRACE] script - #out(`A`) [token]
2021-11-19T10:24:04,172|[TRACE] graph - <------- nonSkippedChar
2021-11-19T10:24:04,172|[TRACE] graph - <----- statementPart
2021-11-19T10:24:04,172|[TRACE] graph - -----> statementPart
2021-11-19T10:24:04,172|[TRACE] graph - -------> nonSkippedChar
2021-11-19T10:24:04,172|[TRACE] script - #out(`R`) [token]
2021-11-19T10:24:04,172|[TRACE] graph - <------- nonSkippedChar
2021-11-19T10:24:04,172|[TRACE] graph - <----- statementPart
2021-11-19T10:24:04,172|[TRACE] graph - -----> statementPart
2021-11-19T10:24:04,172|[TRACE] graph - -------> nonSkippedChar
2021-11-19T10:24:04,172|[TRACE] script - #out(`C`) [token]
2021-11-19T10:24:04,172|[TRACE] graph - <------- nonSkippedChar
2021-11-19T10:24:04,172|[TRACE] graph - <----- statementPart
2021-11-19T10:24:04,172|[TRACE] graph - -----> statementPart
2021-11-19T10:24:04,172|[TRACE] graph - -------> nonSkippedChar
2021-11-19T10:24:04,172|[TRACE] script - #out(`H`) [token]
2021-11-19T10:24:04,172|[TRACE] graph - <------- nonSkippedChar
2021-11-19T10:24:04,172|[TRACE] graph - <----- statementPart
2021-11-19T10:24:04,172|[TRACE] graph - -----> statementPart
2021-11-19T10:24:04,172|[TRACE] graph - -------> nonSkippedChar
2021-11-19T10:24:04,172|[TRACE] script - #out(`A`) [token]
2021-11-19T10:24:04,172|[TRACE] graph - <------- nonSkippedChar
2021-11-19T10:24:04,172|[TRACE] graph - <----- statementPart
2021-11-19T10:24:04,172|[TRACE] graph - -----> statementPart
2021-11-19T10:24:04,172|[TRACE] graph - -------> nonSkippedChar
2021-11-19T10:24:04,172|[TRACE] script - #out(`R`) [token]
2021-11-19T10:24:04,172|[TRACE] graph - <------- nonSkippedChar
2021-11-19T10:24:04,172|[TRACE] graph - <----- statementPart
2021-11-19T10:24:04,172|[TRACE] graph - -----> statementPart
2021-11-19T10:24:04,172|[TRACE] graph - -------> nonSkippedChar
2021-11-19T10:24:04,172|[TRACE] script - #out(`(`) [token]
2021-11-19T10:24:04,172|[TRACE] graph - <------- nonSkippedChar
2021-11-19T10:24:04,172|[TRACE] graph - <----- statementPart
2021-11-19T10:24:04,172|[TRACE] graph - -----> statementPart
2021-11-19T10:24:04,172|[TRACE] graph - -------> nonSkippedChar
2021-11-19T10:24:04,172|[TRACE] script - #out(`1`) [token]
2021-11-19T10:24:04,172|[TRACE] graph - <------- nonSkippedChar
2021-11-19T10:24:04,172|[TRACE] graph - <----- statementPart
2021-11-19T10:24:04,172|[TRACE] graph - -----> statementPart
2021-11-19T10:24:04,172|[TRACE] graph - -------> nonSkippedChar
2021-11-19T10:24:04,172|[TRACE] script - #out(`0`) [token]
2021-11-19T10:24:04,172|[TRACE] graph - <------- nonSkippedChar
2021-11-19T10:24:04,172|[TRACE] graph - <----- statementPart
2021-11-19T10:24:04,172|[TRACE] graph - -----> statementPart
2021-11-19T10:24:04,172|[TRACE] graph - -------> nonSkippedChar
2021-11-19T10:24:04,172|[TRACE] script - #out(`0`) [token]
2021-11-19T10:24:04,172|[TRACE] graph - <------- nonSkippedChar
2021-11-19T10:24:04,172|[TRACE] graph - <----- statementPart
2021-11-19T10:24:04,172|[TRACE] graph - -----> statementPart
2021-11-19T10:24:04,172|[TRACE] graph - -------> nonSkippedChar
2021-11-19T10:24:04,172|[TRACE] script - #out(`)`) [token]
2021-11-19T10:24:04,172|[TRACE] graph - <------- nonSkippedChar
2021-11-19T10:24:04,172|[TRACE] graph - <----- statementPart
2021-11-19T10:24:04,172|[TRACE] graph - -----> statementPart
2021-11-19T10:24:04,172|[TRACE] graph - -------> nonSkippedSpace
2021-11-19T10:24:04,172|[TRACE] script - #out(` `) [token]
2021-11-19T10:24:04,172|[TRACE] graph - <------- nonSkippedSpace
2021-11-19T10:24:04,172|[TRACE] graph - <----- statementPart
2021-11-19T10:24:04,172|[TRACE] graph - -----> statementPart
2021-11-19T10:24:04,172|[TRACE] graph - -------> nonSkippedChar
2021-11-19T10:24:04,172|[TRACE] script - #out(`N`) [token]
2021-11-19T10:24:04,172|[TRACE] graph - <------- nonSkippedChar
2021-11-19T10:24:04,172|[TRACE] graph - <----- statementPart
2021-11-19T10:24:04,172|[TRACE] graph - -----> statementPart
2021-11-19T10:24:04,172|[TRACE] graph - -------> nonSkippedChar
2021-11-19T10:24:04,172|[TRACE] script - #out(`O`) [token]
2021-11-19T10:24:04,172|[TRACE] graph - <------- nonSkippedChar
2021-11-19T10:24:04,172|[TRACE] graph - <----- statementPart
2021-11-19T10:24:04,172|[TRACE] graph - -----> statementPart
2021-11-19T10:24:04,172|[TRACE] graph - -------> nonSkippedChar
2021-11-19T10:24:04,172|[TRACE] script - #out(`T`) [token]
2021-11-19T10:24:04,172|[TRACE] graph - <------- nonSkippedChar
2021-11-19T10:24:04,172|[TRACE] graph - <----- statementPart
2021-11-19T10:24:04,172|[TRACE] graph - -----> statementPart
2021-11-19T10:24:04,172|[TRACE] graph - -------> nonSkippedSpace
2021-11-19T10:24:04,172|[TRACE] script - #out(` `) [token]
2021-11-19T10:24:04,172|[TRACE] graph - <------- nonSkippedSpace
2021-11-19T10:24:04,172|[TRACE] graph - <----- statementPart
2021-11-19T10:24:04,172|[TRACE] graph - -----> statementPart
2021-11-19T10:24:04,172|[TRACE] graph - -------> nonSkippedChar
2021-11-19T10:24:04,172|[TRACE] script - #out(`N`) [token]
2021-11-19T10:24:04,172|[TRACE] graph - <------- nonSkippedChar
2021-11-19T10:24:04,172|[TRACE] graph - <----- statementPart
2021-11-19T10:24:04,172|[TRACE] graph - -----> statementPart
2021-11-19T10:24:04,172|[TRACE] graph - -------> nonSkippedChar
2021-11-19T10:24:04,172|[TRACE] script - #out(`U`) [token]
2021-11-19T10:24:04,172|[TRACE] graph - <------- nonSkippedChar
2021-11-19T10:24:04,172|[TRACE] graph - <----- statementPart
2021-11-19T10:24:04,172|[TRACE] graph - -----> statementPart
2021-11-19T10:24:04,172|[TRACE] graph - -------> nonSkippedChar
2021-11-19T10:24:04,172|[TRACE] script - #out(`L`) [token]
2021-11-19T10:24:04,172|[TRACE] graph - <------- nonSkippedChar
2021-11-19T10:24:04,172|[TRACE] graph - <----- statementPart
2021-11-19T10:24:04,172|[TRACE] graph - -----> statementPart
2021-11-19T10:24:04,172|[TRACE] graph - -------> nonSkippedChar
2021-11-19T10:24:04,172|[TRACE] script - #out(`L`) [token]
2021-11-19T10:24:04,172|[TRACE] graph - <------- nonSkippedChar
2021-11-19T10:24:04,172|[TRACE] graph - <----- statementPart
2021-11-19T10:24:04,172|[TRACE] graph - -----> statementPart
2021-11-19T10:24:04,172|[TRACE] graph - -------> nonSkippedChar
2021-11-19T10:24:04,172|[TRACE] script - #out(`,`) [token]
2021-11-19T10:24:04,172|[TRACE] graph - <------- nonSkippedChar
2021-11-19T10:24:04,172|[TRACE] graph - <----- statementPart
2021-11-19T10:24:04,172|[TRACE] graph - -----> afterStatementPartNewline
2021-11-19T10:24:04,172|[TRACE] script - #out(` `) [text]
2021-11-19T10:24:04,172|[TRACE] graph - <----- afterStatementPartNewline
2021-11-19T10:24:04,172|[TRACE] graph - -----> statementPart
2021-11-19T10:24:04,172|[TRACE] graph - -------> nonSkippedSpace
2021-11-19T10:24:04,172|[TRACE] script - #out(` `) [token]
2021-11-19T10:24:04,172|[TRACE] graph - <------- nonSkippedSpace
2021-11-19T10:24:04,172|[TRACE] graph - <----- statementPart
2021-11-19T10:24:04,172|[TRACE] graph - -----> statementPart
2021-11-19T10:24:04,172|[TRACE] graph - -------> nonSkippedSpace
2021-11-19T10:24:04,172|[TRACE] script - #out(` `) [token]
2021-11-19T10:24:04,172|[TRACE] graph - <------- nonSkippedSpace
2021-11-19T10:24:04,172|[TRACE] graph - <----- statementPart
2021-11-19T10:24:04,172|[TRACE] graph - -----> statementPart
2021-11-19T10:24:04,172|[TRACE] graph - -------> quotedString
2021-11-19T10:24:04,172|[TRACE] script - #out(``privately_owned``) [token]
2021-11-19T10:24:04,172|[TRACE] graph - <------- quotedString
2021-11-19T10:24:04,172|[TRACE] graph - <----- statementPart
2021-11-19T10:24:04,172|[TRACE] graph - -----> statementPart
2021-11-19T10:24:04,172|[TRACE] graph - -------> nonSkippedSpace
2021-11-19T10:24:04,172|[TRACE] script - #out(` `) [token]
2021-11-19T10:24:04,172|[TRACE] graph - <------- nonSkippedSpace
2021-11-19T10:24:04,172|[TRACE] graph - <----- statementPart
2021-11-19T10:24:04,172|[TRACE] graph - -----> statementPart
2021-11-19T10:24:04,172|[TRACE] graph - -------> nonSkippedChar
2021-11-19T10:24:04,172|[TRACE] script - #out(`B`) [token]
2021-11-19T10:24:04,172|[TRACE] graph - <------- nonSkippedChar
2021-11-19T10:24:04,172|[TRACE] graph - <----- statementPart
2021-11-19T10:24:04,172|[TRACE] graph - -----> statementPart
2021-11-19T10:24:04,172|[TRACE] graph - -------> nonSkippedChar
2021-11-19T10:24:04,172|[TRACE] script - #out(`I`) [token]
2021-11-19T10:24:04,172|[TRACE] graph - <------- nonSkippedChar
2021-11-19T10:24:04,172|[TRACE] graph - <----- statementPart
2021-11-19T10:24:04,172|[TRACE] graph - -----> statementPart
2021-11-19T10:24:04,172|[TRACE] graph - -------> nonSkippedChar
2021-11-19T10:24:04,172|[TRACE] script - #out(`T`) [token]
2021-11-19T10:24:04,173|[TRACE] graph - <------- nonSkippedChar
2021-11-19T10:24:04,173|[TRACE] graph - <----- statementPart
2021-11-19T10:24:04,173|[TRACE] graph - -----> statementPart
2021-11-19T10:24:04,173|[TRACE] graph - -------> nonSkippedChar
2021-11-19T10:24:04,173|[TRACE] script - #out(`(`) [token]
2021-11-19T10:24:04,173|[TRACE] graph - <------- nonSkippedChar
2021-11-19T10:24:04,173|[TRACE] graph - <----- statementPart
2021-11-19T10:24:04,173|[TRACE] graph - -----> statementPart
2021-11-19T10:24:04,173|[TRACE] graph - -------> nonSkippedChar
2021-11-19T10:24:04,173|[TRACE] script - #out(`1`) [token]
2021-11-19T10:24:04,173|[TRACE] graph - <------- nonSkippedChar
2021-11-19T10:24:04,173|[TRACE] graph - <----- statementPart
2021-11-19T10:24:04,173|[TRACE] graph - -----> statementPart
2021-11-19T10:24:04,173|[TRACE] graph - -------> nonSkippedChar
2021-11-19T10:24:04,173|[TRACE] script - #out(`)`) [token]
2021-11-19T10:24:04,175|[TRACE] graph - <------- nonSkippedChar
2021-11-19T10:24:04,175|[TRACE] graph - <----- statementPart
2021-11-19T10:24:04,175|[TRACE] graph - -----> statementPart
2021-11-19T10:24:04,175|[TRACE] graph - -------> nonSkippedSpace
2021-11-19T10:24:04,175|[TRACE] script - #out(` `) [token]
2021-11-19T10:24:04,175|[TRACE] graph - <------- nonSkippedSpace
2021-11-19T10:24:04,175|[TRACE] graph - <----- statementPart
2021-11-19T10:24:04,175|[TRACE] graph - -----> statementPart
2021-11-19T10:24:04,175|[TRACE] graph - -------> nonSkippedChar
2021-11-19T10:24:04,176|[TRACE] script - #out(`N`) [token]
2021-11-19T10:24:04,176|[TRACE] graph - <------- nonSkippedChar
2021-11-19T10:24:04,176|[TRACE] graph - <----- statementPart
2021-11-19T10:24:04,176|[TRACE] graph - -----> statementPart
2021-11-19T10:24:04,176|[TRACE] graph - -------> nonSkippedChar
2021-11-19T10:24:04,176|[TRACE] script - #out(`O`) [token]
2021-11-19T10:24:04,176|[TRACE] graph - <------- nonSkippedChar
2021-11-19T10:24:04,176|[TRACE] graph - <----- statementPart
2021-11-19T10:24:04,176|[TRACE] graph - -----> statementPart
2021-11-19T10:24:04,176|[TRACE] graph - -------> nonSkippedChar
2021-11-19T10:24:04,176|[TRACE] script - #out(`T`) [token]
2021-11-19T10:24:04,176|[TRACE] graph - <------- nonSkippedChar
2021-11-19T10:24:04,176|[TRACE] graph - <----- statementPart
2021-11-19T10:24:04,176|[TRACE] graph - -----> statementPart
2021-11-19T10:24:04,176|[TRACE] graph - -------> nonSkippedSpace
2021-11-19T10:24:04,176|[TRACE] script - #out(` `) [token]
2021-11-19T10:24:04,176|[TRACE] graph - <------- nonSkippedSpace
2021-11-19T10:24:04,176|[TRACE] graph - <----- statementPart
2021-11-19T10:24:04,176|[TRACE] graph - -----> statementPart
2021-11-19T10:24:04,176|[TRACE] graph - -------> nonSkippedChar
2021-11-19T10:24:04,176|[TRACE] script - #out(`N`) [token]
2021-11-19T10:24:04,176|[TRACE] graph - <------- nonSkippedChar
2021-11-19T10:24:04,176|[TRACE] graph - <----- statementPart
2021-11-19T10:24:04,176|[TRACE] graph - -----> statementPart
2021-11-19T10:24:04,176|[TRACE] graph - -------> nonSkippedChar
2021-11-19T10:24:04,176|[TRACE] script - #out(`U`) [token]
2021-11-19T10:24:04,176|[TRACE] graph - <------- nonSkippedChar
2021-11-19T10:24:04,176|[TRACE] graph - <----- statementPart
2021-11-19T10:24:04,176|[TRACE] graph - -----> statementPart
2021-11-19T10:24:04,176|[TRACE] graph - -------> nonSkippedChar
2021-11-19T10:24:04,176|[TRACE] script - #out(`L`) [token]
2021-11-19T10:24:04,176|[TRACE] graph - <------- nonSkippedChar
2021-11-19T10:24:04,176|[TRACE] graph - <----- statementPart
2021-11-19T10:24:04,176|[TRACE] graph - -----> statementPart
2021-11-19T10:24:04,176|[TRACE] graph - -------> nonSkippedChar
2021-11-19T10:24:04,176|[TRACE] script - #out(`L`) [token]
2021-11-19T10:24:04,176|[TRACE] graph - <------- nonSkippedChar
2021-11-19T10:24:04,176|[TRACE] graph - <----- statementPart
2021-11-19T10:24:04,176|[TRACE] graph - -----> statementPart
2021-11-19T10:24:04,176|[TRACE] graph - -------> nonSkippedChar
2021-11-19T10:24:04,176|[TRACE] script - #out(`,`) [token]
2021-11-19T10:24:04,176|[TRACE] graph - <------- nonSkippedChar
2021-11-19T10:24:04,176|[TRACE] graph - <----- statementPart
2021-11-19T10:24:04,176|[TRACE] graph - -----> afterStatementPartNewline
2021-11-19T10:24:04,176|[TRACE] script - #out(` `) [text]
2021-11-19T10:24:04,176|[TRACE] graph - <----- afterStatementPartNewline
2021-11-19T10:24:04,176|[TRACE] graph - -----> statementPart
2021-11-19T10:24:04,176|[TRACE] graph - -------> nonSkippedSpace
2021-11-19T10:24:04,176|[TRACE] script - #out(` `) [token]
2021-11-19T10:24:04,176|[TRACE] graph - <------- nonSkippedSpace
2021-11-19T10:24:04,176|[TRACE] graph - <----- statementPart
2021-11-19T10:24:04,176|[TRACE] graph - -----> statementPart
2021-11-19T10:24:04,176|[TRACE] graph - -------> nonSkippedSpace
2021-11-19T10:24:04,176|[TRACE] script - #out(` `) [token]
2021-11-19T10:24:04,176|[TRACE] graph - <------- nonSkippedSpace
2021-11-19T10:24:04,176|[TRACE] graph - <----- statementPart
2021-11-19T10:24:04,176|[TRACE] graph - -----> statementPart
2021-11-19T10:24:04,176|[TRACE] graph - -------> quotedString
2021-11-19T10:24:04,176|[TRACE] script - #out(``created``) [token]
2021-11-19T10:24:04,176|[TRACE] graph - <------- quotedString
2021-11-19T10:24:04,176|[TRACE] graph - <----- statementPart
2021-11-19T10:24:04,176|[TRACE] graph - -----> statementPart
2021-11-19T10:24:04,176|[TRACE] graph - -------> nonSkippedSpace
2021-11-19T10:24:04,176|[TRACE] script - #out(` `) [token]
2021-11-19T10:24:04,176|[TRACE] graph - <------- nonSkippedSpace
2021-11-19T10:24:04,176|[TRACE] graph - <----- statementPart
2021-11-19T10:24:04,176|[TRACE] graph - -----> statementPart
2021-11-19T10:24:04,176|[TRACE] graph - -------> nonSkippedChar
2021-11-19T10:24:04,176|[TRACE] script - #out(`B`) [token]
2021-11-19T10:24:04,176|[TRACE] graph - <------- nonSkippedChar
2021-11-19T10:24:04,176|[TRACE] graph - <----- statementPart
2021-11-19T10:24:04,176|[TRACE] graph - -----> statementPart
2021-11-19T10:24:04,176|[TRACE] graph - -------> nonSkippedChar
2021-11-19T10:24:04,176|[TRACE] script - #out(`I`) [token]
2021-11-19T10:24:04,176|[TRACE] graph - <------- nonSkippedChar
2021-11-19T10:24:04,176|[TRACE] graph - <----- statementPart
2021-11-19T10:24:04,176|[TRACE] graph - -----> statementPart
2021-11-19T10:24:04,176|[TRACE] graph - -------> nonSkippedChar
2021-11-19T10:24:04,176|[TRACE] script - #out(`G`) [token]
2021-11-19T10:24:04,176|[TRACE] graph - <------- nonSkippedChar
2021-11-19T10:24:04,176|[TRACE] graph - <----- statementPart
2021-11-19T10:24:04,176|[TRACE] graph - -----> statementPart
2021-11-19T10:24:04,176|[TRACE] graph - -------> nonSkippedChar
2021-11-19T10:24:04,176|[TRACE] script - #out(`I`) [token]
2021-11-19T10:24:04,176|[TRACE] graph - <------- nonSkippedChar
2021-11-19T10:24:04,176|[TRACE] graph - <----- statementPart
2021-11-19T10:24:04,176|[TRACE] graph - -----> statementPart
2021-11-19T10:24:04,176|[TRACE] graph - -------> nonSkippedChar
2021-11-19T10:24:04,176|[TRACE] script - #out(`N`) [token]
2021-11-19T10:24:04,176|[TRACE] graph - <------- nonSkippedChar
2021-11-19T10:24:04,176|[TRACE] graph - <----- statementPart
2021-11-19T10:24:04,176|[TRACE] graph - -----> statementPart
2021-11-19T10:24:04,176|[TRACE] graph - -------> nonSkippedChar
2021-11-19T10:24:04,176|[TRACE] script - #out(`T`) [token]
2021-11-19T10:24:04,176|[TRACE] graph - <------- nonSkippedChar
2021-11-19T10:24:04,176|[TRACE] graph - <----- statementPart
2021-11-19T10:24:04,176|[TRACE] graph - -----> statementPart
2021-11-19T10:24:04,176|[TRACE] graph - -------> nonSkippedSpace
2021-11-19T10:24:04,176|[TRACE] script - #out(` `) [token]
2021-11-19T10:24:04,176|[TRACE] graph - <------- nonSkippedSpace
2021-11-19T10:24:04,176|[TRACE] graph - <----- statementPart
2021-11-19T10:24:04,176|[TRACE] graph - -----> statementPart
2021-11-19T10:24:04,176|[TRACE] graph - -------> nonSkippedChar
2021-11-19T10:24:04,176|[TRACE] script - #out(`N`) [token]
2021-11-19T10:24:04,176|[TRACE] graph - <------- nonSkippedChar
2021-11-19T10:24:04,176|[TRACE] graph - <----- statementPart
2021-11-19T10:24:04,176|[TRACE] graph - -----> statementPart
2021-11-19T10:24:04,176|[TRACE] graph - -------> nonSkippedChar
2021-11-19T10:24:04,176|[TRACE] script - #out(`O`) [token]
2021-11-19T10:24:04,176|[TRACE] graph - <------- nonSkippedChar
2021-11-19T10:24:04,176|[TRACE] graph - <----- statementPart
2021-11-19T10:24:04,176|[TRACE] graph - -----> statementPart
2021-11-19T10:24:04,176|[TRACE] graph - -------> nonSkippedChar
2021-11-19T10:24:04,176|[TRACE] script - #out(`T`) [token]
2021-11-19T10:24:04,176|[TRACE] graph - <------- nonSkippedChar
2021-11-19T10:24:04,176|[TRACE] graph - <----- statementPart
2021-11-19T10:24:04,176|[TRACE] graph - -----> statementPart
2021-11-19T10:24:04,176|[TRACE] graph - -------> nonSkippedSpace
2021-11-19T10:24:04,176|[TRACE] script - #out(` `) [token]
2021-11-19T10:24:04,176|[TRACE] graph - <------- nonSkippedSpace
2021-11-19T10:24:04,176|[TRACE] graph - <----- statementPart
2021-11-19T10:24:04,176|[TRACE] graph - -----> statementPart
2021-11-19T10:24:04,176|[TRACE] graph - -------> nonSkippedChar
2021-11-19T10:24:04,176|[TRACE] script - #out(`N`) [token]
2021-11-19T10:24:04,176|[TRACE] graph - <------- nonSkippedChar
2021-11-19T10:24:04,176|[TRACE] graph - <----- statementPart
2021-11-19T10:24:04,176|[TRACE] graph - -----> statementPart
2021-11-19T10:24:04,176|[TRACE] graph - -------> nonSkippedChar
2021-11-19T10:24:04,176|[TRACE] script - #out(`U`) [token]
2021-11-19T10:24:04,176|[TRACE] graph - <------- nonSkippedChar
2021-11-19T10:24:04,176|[TRACE] graph - <----- statementPart
2021-11-19T10:24:04,176|[TRACE] graph - -----> statementPart
2021-11-19T10:24:04,176|[TRACE] graph - -------> nonSkippedChar
2021-11-19T10:24:04,176|[TRACE] script - #out(`L`) [token]
2021-11-19T10:24:04,176|[TRACE] graph - <------- nonSkippedChar
2021-11-19T10:24:04,176|[TRACE] graph - <----- statementPart
2021-11-19T10:24:04,176|[TRACE] graph - -----> statementPart
2021-11-19T10:24:04,176|[TRACE] graph - -------> nonSkippedChar
2021-11-19T10:24:04,176|[TRACE] script - #out(`L`) [token]
2021-11-19T10:24:04,176|[TRACE] graph - <------- nonSkippedChar
2021-11-19T10:24:04,176|[TRACE] graph - <----- statementPart
2021-11-19T10:24:04,176|[TRACE] graph - -----> statementPart
2021-11-19T10:24:04,176|[TRACE] graph - -------> nonSkippedSpace
2021-11-19T10:24:04,176|[TRACE] script - #out(` `) [token]
2021-11-19T10:24:04,176|[TRACE] graph - <------- nonSkippedSpace
2021-11-19T10:24:04,176|[TRACE] graph - <----- statementPart
2021-11-19T10:24:04,176|[TRACE] graph - -----> statementPart
2021-11-19T10:24:04,176|[TRACE] graph - -------> nonSkippedChar
2021-11-19T10:24:04,176|[TRACE] script - #out(`D`) [token]
2021-11-19T10:24:04,176|[TRACE] graph - <------- nonSkippedChar
2021-11-19T10:24:04,176|[TRACE] graph - <----- statementPart
2021-11-19T10:24:04,176|[TRACE] graph - -----> statementPart
2021-11-19T10:24:04,176|[TRACE] graph - -------> nonSkippedChar
2021-11-19T10:24:04,176|[TRACE] script - #out(`E`) [token]
2021-11-19T10:24:04,176|[TRACE] graph - <------- nonSkippedChar
2021-11-19T10:24:04,176|[TRACE] graph - <----- statementPart
2021-11-19T10:24:04,176|[TRACE] graph - -----> statementPart
2021-11-19T10:24:04,176|[TRACE] graph - -------> nonSkippedChar
2021-11-19T10:24:04,176|[TRACE] script - #out(`F`) [token]
2021-11-19T10:24:04,176|[TRACE] graph - <------- nonSkippedChar
2021-11-19T10:24:04,176|[TRACE] graph - <----- statementPart
2021-11-19T10:24:04,176|[TRACE] graph - -----> statementPart
2021-11-19T10:24:04,176|[TRACE] graph - -------> nonSkippedChar
2021-11-19T10:24:04,176|[TRACE] script - #out(`A`) [token]
2021-11-19T10:24:04,176|[TRACE] graph - <------- nonSkippedChar
2021-11-19T10:24:04,176|[TRACE] graph - <----- statementPart
2021-11-19T10:24:04,176|[TRACE] graph - -----> statementPart
2021-11-19T10:24:04,176|[TRACE] graph - -------> nonSkippedChar
2021-11-19T10:24:04,176|[TRACE] script - #out(`U`) [token]
2021-11-19T10:24:04,176|[TRACE] graph - <------- nonSkippedChar
2021-11-19T10:24:04,176|[TRACE] graph - <----- statementPart
2021-11-19T10:24:04,176|[TRACE] graph - -----> statementPart
2021-11-19T10:24:04,176|[TRACE] graph - -------> nonSkippedChar
2021-11-19T10:24:04,176|[TRACE] script - #out(`L`) [token]
2021-11-19T10:24:04,176|[TRACE] graph - <------- nonSkippedChar
2021-11-19T10:24:04,176|[TRACE] graph - <----- statementPart
2021-11-19T10:24:04,176|[TRACE] graph - -----> statementPart
2021-11-19T10:24:04,176|[TRACE] graph - -------> nonSkippedChar
2021-11-19T10:24:04,176|[TRACE] script - #out(`T`) [token]
2021-11-19T10:24:04,176|[TRACE] graph - <------- nonSkippedChar
2021-11-19T10:24:04,176|[TRACE] graph - <----- statementPart
2021-11-19T10:24:04,176|[TRACE] graph - -----> statementPart
2021-11-19T10:24:04,176|[TRACE] graph - -------> nonSkippedSpace
2021-11-19T10:24:04,176|[TRACE] script - #out(` `) [token]
2021-11-19T10:24:04,176|[TRACE] graph - <------- nonSkippedSpace
2021-11-19T10:24:04,176|[TRACE] graph - <----- statementPart
2021-11-19T10:24:04,176|[TRACE] graph - -----> statementPart
2021-11-19T10:24:04,176|[TRACE] graph - -------> nonSkippedChar
2021-11-19T10:24:04,176|[TRACE] script - #out(`(`) [token]
2021-11-19T10:24:04,176|[TRACE] graph - <------- nonSkippedChar
2021-11-19T10:24:04,176|[TRACE] graph - <----- statementPart
2021-11-19T10:24:04,231|[TRACE] graph - -----> statementPart
2021-11-19T10:24:04,232|[TRACE] graph - -------> nonSkippedChar
2021-11-19T10:24:04,232|[TRACE] script - #out(`u`) [token]
2021-11-19T10:24:04,232|[TRACE] graph - <------- nonSkippedChar
2021-11-19T10:24:04,232|[TRACE] graph - <----- statementPart
2021-11-19T10:24:04,232|[TRACE] graph - -----> statementPart
2021-11-19T10:24:04,232|[TRACE] graph - -------> nonSkippedChar
2021-11-19T10:24:04,232|[TRACE] script - #out(`n`) [token]
2021-11-19T10:24:04,232|[TRACE] graph - <------- nonSkippedChar
2021-11-19T10:24:04,232|[TRACE] graph - <----- statementPart
2021-11-19T10:24:04,232|[TRACE] graph - -----> statementPart
2021-11-19T10:24:04,232|[TRACE] graph - -------> nonSkippedChar
2021-11-19T10:24:04,232|[TRACE] script - #out(`i`) [token]
2021-11-19T10:24:04,232|[TRACE] graph - <------- nonSkippedChar
2021-11-19T10:24:04,232|[TRACE] graph - <----- statementPart
2021-11-19T10:24:04,232|[TRACE] graph - -----> statementPart
2021-11-19T10:24:04,232|[TRACE] graph - -------> nonSkippedChar
2021-11-19T10:24:04,232|[TRACE] script - #out(`x`) [token]
2021-11-19T10:24:04,232|[TRACE] graph - <------- nonSkippedChar
2021-11-19T10:24:04,232|[TRACE] graph - <----- statementPart
2021-11-19T10:24:04,232|[TRACE] graph - -----> statementPart
2021-11-19T10:24:04,232|[TRACE] graph - -------> nonSkippedChar
2021-11-19T10:24:04,232|[TRACE] script - #out(`_`) [token]
2021-11-19T10:24:04,232|[TRACE] graph - <------- nonSkippedChar
2021-11-19T10:24:04,232|[TRACE] graph - <----- statementPart
2021-11-19T10:24:04,232|[TRACE] graph - -----> statementPart
2021-11-19T10:24:04,232|[TRACE] graph - -------> nonSkippedChar
2021-11-19T10:24:04,232|[TRACE] script - #out(`t`) [token]
2021-11-19T10:24:04,232|[TRACE] graph - <------- nonSkippedChar
2021-11-19T10:24:04,232|[TRACE] graph - <----- statementPart
2021-11-19T10:24:04,232|[TRACE] graph - -----> statementPart
2021-11-19T10:24:04,232|[TRACE] graph - -------> nonSkippedChar
2021-11-19T10:24:04,232|[TRACE] script - #out(`i`) [token]
2021-11-19T10:24:04,232|[TRACE] graph - <------- nonSkippedChar
2021-11-19T10:24:04,232|[TRACE] graph - <----- statementPart
2021-11-19T10:24:04,232|[TRACE] graph - -----> statementPart
2021-11-19T10:24:04,232|[TRACE] graph - -------> nonSkippedChar
2021-11-19T10:24:04,232|[TRACE] script - #out(`m`) [token]
2021-11-19T10:24:04,232|[TRACE] graph - <------- nonSkippedChar
2021-11-19T10:24:04,232|[TRACE] graph - <----- statementPart
2021-11-19T10:24:04,232|[TRACE] graph - -----> statementPart
2021-11-19T10:24:04,232|[TRACE] graph - -------> nonSkippedChar
2021-11-19T10:24:04,232|[TRACE] script - #out(`e`) [token]
2021-11-19T10:24:04,232|[TRACE] graph - <------- nonSkippedChar
2021-11-19T10:24:04,232|[TRACE] graph - <----- statementPart
2021-11-19T10:24:04,232|[TRACE] graph - -----> statementPart
2021-11-19T10:24:04,232|[TRACE] graph - -------> nonSkippedChar
2021-11-19T10:24:04,232|[TRACE] script - #out(`s`) [token]
2021-11-19T10:24:04,232|[TRACE] graph - <------- nonSkippedChar
2021-11-19T10:24:04,232|[TRACE] graph - <----- statementPart
2021-11-19T10:24:04,232|[TRACE] graph - -----> statementPart
2021-11-19T10:24:04,232|[TRACE] graph - -------> nonSkippedChar
2021-11-19T10:24:04,232|[TRACE] script - #out(`t`) [token]
2021-11-19T10:24:04,232|[TRACE] graph - <------- nonSkippedChar
2021-11-19T10:24:04,232|[TRACE] graph - <----- statementPart
2021-11-19T10:24:04,232|[TRACE] graph - -----> statementPart
2021-11-19T10:24:04,232|[TRACE] graph - -------> nonSkippedChar
2021-11-19T10:24:04,232|[TRACE] script - #out(`a`) [token]
2021-11-19T10:24:04,232|[TRACE] graph - <------- nonSkippedChar
2021-11-19T10:24:04,232|[TRACE] graph - <----- statementPart
2021-11-19T10:24:04,232|[TRACE] graph - -----> statementPart
2021-11-19T10:24:04,232|[TRACE] graph - -------> nonSkippedChar
2021-11-19T10:24:04,232|[TRACE] script - #out(`m`) [token]
2021-11-19T10:24:04,232|[TRACE] graph - <------- nonSkippedChar
2021-11-19T10:24:04,232|[TRACE] graph - <----- statementPart
2021-11-19T10:24:04,232|[TRACE] graph - -----> statementPart
2021-11-19T10:24:04,232|[TRACE] graph - -------> nonSkippedChar
2021-11-19T10:24:04,232|[TRACE] script - #out(`p`) [token]
2021-11-19T10:24:04,232|[TRACE] graph - <------- nonSkippedChar
2021-11-19T10:24:04,232|[TRACE] graph - <----- statementPart
2021-11-19T10:24:04,232|[TRACE] graph - -----> statementPart
2021-11-19T10:24:04,232|[TRACE] graph - -------> nonSkippedChar
2021-11-19T10:24:04,232|[TRACE] script - #out(`(`) [token]
2021-11-19T10:24:04,232|[TRACE] graph - <------- nonSkippedChar
2021-11-19T10:24:04,232|[TRACE] graph - <----- statementPart
2021-11-19T10:24:04,232|[TRACE] graph - -----> statementPart
2021-11-19T10:24:04,232|[TRACE] graph - -------> nonSkippedChar
2021-11-19T10:24:04,232|[TRACE] script - #out(`n`) [token]
2021-11-19T10:24:04,232|[TRACE] graph - <------- nonSkippedChar
2021-11-19T10:24:04,232|[TRACE] graph - <----- statementPart
2021-11-19T10:24:04,232|[TRACE] graph - -----> statementPart
2021-11-19T10:24:04,232|[TRACE] graph - -------> nonSkippedChar
2021-11-19T10:24:04,232|[TRACE] script - #out(`o`) [token]
2021-11-19T10:24:04,232|[TRACE] graph - <------- nonSkippedChar
2021-11-19T10:24:04,232|[TRACE] graph - <----- statementPart
2021-11-19T10:24:04,232|[TRACE] graph - -----> statementPart
2021-11-19T10:24:04,232|[TRACE] graph - -------> nonSkippedChar
2021-11-19T10:24:04,232|[TRACE] script - #out(`w`) [token]
2021-11-19T10:24:04,232|[TRACE] graph - <------- nonSkippedChar
2021-11-19T10:24:04,232|[TRACE] graph - <----- statementPart
2021-11-19T10:24:04,232|[TRACE] graph - -----> statementPart
2021-11-19T10:24:04,232|[TRACE] graph - -------> nonSkippedChar
2021-11-19T10:24:04,232|[TRACE] script - #out(`(`) [token]
2021-11-19T10:24:04,232|[TRACE] graph - <------- nonSkippedChar
2021-11-19T10:24:04,232|[TRACE] graph - <----- statementPart
2021-11-19T10:24:04,232|[TRACE] graph - -----> statementPart
2021-11-19T10:24:04,232|[TRACE] graph - -------> nonSkippedChar
2021-11-19T10:24:04,232|[TRACE] script - #out(`)`) [token]
2021-11-19T10:24:04,232|[TRACE] graph - <------- nonSkippedChar
2021-11-19T10:24:04,232|[TRACE] graph - <----- statementPart
2021-11-19T10:24:04,232|[TRACE] graph - -----> statementPart
2021-11-19T10:24:04,232|[TRACE] graph - -------> nonSkippedChar
2021-11-19T10:24:04,232|[TRACE] script - #out(`)`) [token]
2021-11-19T10:24:04,232|[TRACE] graph - <------- nonSkippedChar
2021-11-19T10:24:04,232|[TRACE] graph - <----- statementPart
2021-11-19T10:24:04,232|[TRACE] graph - -----> statementPart
2021-11-19T10:24:04,232|[TRACE] graph - -------> nonSkippedSpace
2021-11-19T10:24:04,232|[TRACE] script - #out(` `) [token]
2021-11-19T10:24:04,232|[TRACE] graph - <------- nonSkippedSpace
2021-11-19T10:24:04,232|[TRACE] graph - <----- statementPart
2021-11-19T10:24:04,232|[TRACE] graph - -----> statementPart
2021-11-19T10:24:04,232|[TRACE] graph - -------> nonSkippedChar
2021-11-19T10:24:04,232|[TRACE] script - #out(`*`) [token]
2021-11-19T10:24:04,232|[TRACE] graph - <------- nonSkippedChar
2021-11-19T10:24:04,232|[TRACE] graph - <----- statementPart
2021-11-19T10:24:04,232|[TRACE] graph - -----> statementPart
2021-11-19T10:24:04,232|[TRACE] graph - -------> nonSkippedSpace
2021-11-19T10:24:04,232|[TRACE] script - #out(` `) [token]
2021-11-19T10:24:04,232|[TRACE] graph - <------- nonSkippedSpace
2021-11-19T10:24:04,232|[TRACE] graph - <----- statementPart
2021-11-19T10:24:04,232|[TRACE] graph - -----> statementPart
2021-11-19T10:24:04,232|[TRACE] graph - -------> nonSkippedChar
2021-11-19T10:24:04,232|[TRACE] script - #out(`1`) [token]
2021-11-19T10:24:04,232|[TRACE] graph - <------- nonSkippedChar
2021-11-19T10:24:04,232|[TRACE] graph - <----- statementPart
2021-11-19T10:24:04,232|[TRACE] graph - -----> statementPart
2021-11-19T10:24:04,232|[TRACE] graph - -------> nonSkippedChar
2021-11-19T10:24:04,232|[TRACE] script - #out(`0`) [token]
2021-11-19T10:24:04,232|[TRACE] graph - <------- nonSkippedChar
2021-11-19T10:24:04,232|[TRACE] graph - <----- statementPart
2021-11-19T10:24:04,232|[TRACE] graph - -----> statementPart
2021-11-19T10:24:04,232|[TRACE] graph - -------> nonSkippedChar
2021-11-19T10:24:04,232|[TRACE] script - #out(`0`) [token]
2021-11-19T10:24:04,232|[TRACE] graph - <------- nonSkippedChar
2021-11-19T10:24:04,232|[TRACE] graph - <----- statementPart
2021-11-19T10:24:04,232|[TRACE] graph - -----> statementPart
2021-11-19T10:24:04,232|[TRACE] graph - -------> nonSkippedChar
2021-11-19T10:24:04,232|[TRACE] script - #out(`0`) [token]
2021-11-19T10:24:04,232|[TRACE] graph - <------- nonSkippedChar
2021-11-19T10:24:04,232|[TRACE] graph - <----- statementPart
2021-11-19T10:24:04,232|[TRACE] graph - -----> statementPart
2021-11-19T10:24:04,232|[TRACE] graph - -------> nonSkippedChar
2021-11-19T10:24:04,232|[TRACE] script - #out(`)`) [token]
2021-11-19T10:24:04,232|[TRACE] graph - <------- nonSkippedChar
2021-11-19T10:24:04,232|[TRACE] graph - <----- statementPart
2021-11-19T10:24:04,232|[TRACE] graph - -----> statementPart
2021-11-19T10:24:04,232|[TRACE] graph - -------> nonSkippedChar
2021-11-19T10:24:04,232|[TRACE] script - #out(`,`) [token]
2021-11-19T10:24:04,232|[TRACE] graph - <------- nonSkippedChar
2021-11-19T10:24:04,232|[TRACE] graph - <----- statementPart
2021-11-19T10:24:04,232|[TRACE] graph - -----> afterStatementPartNewline
2021-11-19T10:24:04,232|[TRACE] script - #out(` `) [text]
2021-11-19T10:24:04,232|[TRACE] graph - <----- afterStatementPartNewline
2021-11-19T10:24:04,232|[TRACE] graph - -----> statementPart
2021-11-19T10:24:04,232|[TRACE] graph - -------> nonSkippedSpace
2021-11-19T10:24:04,232|[TRACE] script - #out(` `) [token]
2021-11-19T10:24:04,232|[TRACE] graph - <------- nonSkippedSpace
2021-11-19T10:24:04,232|[TRACE] graph - <----- statementPart
2021-11-19T10:24:04,232|[TRACE] graph - -----> statementPart
2021-11-19T10:24:04,232|[TRACE] graph - -------> nonSkippedSpace
2021-11-19T10:24:04,232|[TRACE] script - #out(` `) [token]
2021-11-19T10:24:04,232|[TRACE] graph - <------- nonSkippedSpace
2021-11-19T10:24:04,232|[TRACE] graph - <----- statementPart
2021-11-19T10:24:04,232|[TRACE] graph - -----> statementPart
2021-11-19T10:24:04,232|[TRACE] graph - -------> quotedString
2021-11-19T10:24:04,232|[TRACE] script - #out(``updated``) [token]
2021-11-19T10:24:04,232|[TRACE] graph - <------- quotedString
2021-11-19T10:24:04,232|[TRACE] graph - <----- statementPart
2021-11-19T10:24:04,232|[TRACE] graph - -----> statementPart
2021-11-19T10:24:04,232|[TRACE] graph - -------> nonSkippedSpace
2021-11-19T10:24:04,232|[TRACE] script - #out(` `) [token]
2021-11-19T10:24:04,232|[TRACE] graph - <------- nonSkippedSpace
2021-11-19T10:24:04,232|[TRACE] graph - <----- statementPart
2021-11-19T10:24:04,232|[TRACE] graph - -----> statementPart
2021-11-19T10:24:04,232|[TRACE] graph - -------> nonSkippedChar
2021-11-19T10:24:04,232|[TRACE] script - #out(`B`) [token]
2021-11-19T10:24:04,232|[TRACE] graph - <------- nonSkippedChar
2021-11-19T10:24:04,232|[TRACE] graph - <----- statementPart
2021-11-19T10:24:04,232|[TRACE] graph - -----> statementPart
2021-11-19T10:24:04,232|[TRACE] graph - -------> nonSkippedChar
2021-11-19T10:24:04,232|[TRACE] script - #out(`I`) [token]
2021-11-19T10:24:04,232|[TRACE] graph - <------- nonSkippedChar
2021-11-19T10:24:04,232|[TRACE] graph - <----- statementPart
2021-11-19T10:24:04,232|[TRACE] graph - -----> statementPart
2021-11-19T10:24:04,232|[TRACE] graph - -------> nonSkippedChar
2021-11-19T10:24:04,232|[TRACE] script - #out(`G`) [token]
2021-11-19T10:24:04,232|[TRACE] graph - <------- nonSkippedChar
2021-11-19T10:24:04,232|[TRACE] graph - <----- statementPart
2021-11-19T10:24:04,232|[TRACE] graph - -----> statementPart
2021-11-19T10:24:04,232|[TRACE] graph - -------> nonSkippedChar
2021-11-19T10:24:04,232|[TRACE] script - #out(`I`) [token]
2021-11-19T10:24:04,232|[TRACE] graph - <------- nonSkippedChar
2021-11-19T10:24:04,232|[TRACE] graph - <----- statementPart
2021-11-19T10:24:04,232|[TRACE] graph - -----> statementPart
2021-11-19T10:24:04,232|[TRACE] graph - -------> nonSkippedChar
2021-11-19T10:24:04,232|[TRACE] script - #out(`N`) [token]
2021-11-19T10:24:04,232|[TRACE] graph - <------- nonSkippedChar
2021-11-19T10:24:04,232|[TRACE] graph - <----- statementPart
2021-11-19T10:24:04,232|[TRACE] graph - -----> statementPart
2021-11-19T10:24:04,232|[TRACE] graph - -------> nonSkippedChar
2021-11-19T10:24:04,232|[TRACE] script - #out(`T`) [token]
2021-11-19T10:24:04,232|[TRACE] graph - <------- nonSkippedChar
2021-11-19T10:24:04,232|[TRACE] graph - <----- statementPart
2021-11-19T10:24:04,232|[TRACE] graph - -----> statementPart
2021-11-19T10:24:04,232|[TRACE] graph - -------> nonSkippedSpace
2021-11-19T10:24:04,232|[TRACE] script - #out(` `) [token]
2021-11-19T10:24:04,232|[TRACE] graph - <------- nonSkippedSpace
2021-11-19T10:24:04,232|[TRACE] graph - <----- statementPart
2021-11-19T10:24:04,232|[TRACE] graph - -----> statementPart
2021-11-19T10:24:04,232|[TRACE] graph - -------> nonSkippedChar
2021-11-19T10:24:04,232|[TRACE] script - #out(`N`) [token]
2021-11-19T10:24:04,232|[TRACE] graph - <------- nonSkippedChar
2021-11-19T10:24:04,232|[TRACE] graph - <----- statementPart
2021-11-19T10:24:04,232|[TRACE] graph - -----> statementPart
2021-11-19T10:24:04,232|[TRACE] graph - -------> nonSkippedChar
2021-11-19T10:24:04,232|[TRACE] script - #out(`O`) [token]
2021-11-19T10:24:04,232|[TRACE] graph - <------- nonSkippedChar
2021-11-19T10:24:04,232|[TRACE] graph - <----- statementPart
2021-11-19T10:24:04,232|[TRACE] graph - -----> statementPart
2021-11-19T10:24:04,232|[TRACE] graph - -------> nonSkippedChar
2021-11-19T10:24:04,232|[TRACE] script - #out(`T`) [token]
2021-11-19T10:24:04,232|[TRACE] graph - <------- nonSkippedChar
2021-11-19T10:24:04,232|[TRACE] graph - <----- statementPart
2021-11-19T10:24:04,232|[TRACE] graph - -----> statementPart
2021-11-19T10:24:04,232|[TRACE] graph - -------> nonSkippedSpace
2021-11-19T10:24:04,232|[TRACE] script - #out(` `) [token]
2021-11-19T10:24:04,232|[TRACE] graph - <------- nonSkippedSpace
2021-11-19T10:24:04,232|[TRACE] graph - <----- statementPart
2021-11-19T10:24:04,232|[TRACE] graph - -----> statementPart
2021-11-19T10:24:04,232|[TRACE] graph - -------> nonSkippedChar
2021-11-19T10:24:04,232|[TRACE] script - #out(`N`) [token]
2021-11-19T10:24:04,232|[TRACE] graph - <------- nonSkippedChar
2021-11-19T10:24:04,232|[TRACE] graph - <----- statementPart
2021-11-19T10:24:04,232|[TRACE] graph - -----> statementPart
2021-11-19T10:24:04,232|[TRACE] graph - -------> nonSkippedChar
2021-11-19T10:24:04,232|[TRACE] script - #out(`U`) [token]
2021-11-19T10:24:04,232|[TRACE] graph - <------- nonSkippedChar
2021-11-19T10:24:04,232|[TRACE] graph - <----- statementPart
2021-11-19T10:24:04,232|[TRACE] graph - -----> statementPart
2021-11-19T10:24:04,232|[TRACE] graph - -------> nonSkippedChar
2021-11-19T10:24:04,232|[TRACE] script - #out(`L`) [token]
2021-11-19T10:24:04,232|[TRACE] graph - <------- nonSkippedChar
2021-11-19T10:24:04,232|[TRACE] graph - <----- statementPart
2021-11-19T10:24:04,232|[TRACE] graph - -----> statementPart
2021-11-19T10:24:04,232|[TRACE] graph - -------> nonSkippedChar
2021-11-19T10:24:04,232|[TRACE] script - #out(`L`) [token]
2021-11-19T10:24:04,232|[TRACE] graph - <------- nonSkippedChar
2021-11-19T10:24:04,232|[TRACE] graph - <----- statementPart
2021-11-19T10:24:04,232|[TRACE] graph - -----> statementPart
2021-11-19T10:24:04,232|[TRACE] graph - -------> nonSkippedSpace
2021-11-19T10:24:04,232|[TRACE] script - #out(` `) [token]
2021-11-19T10:24:04,232|[TRACE] graph - <------- nonSkippedSpace
2021-11-19T10:24:04,232|[TRACE] graph - <----- statementPart
2021-11-19T10:24:04,232|[TRACE] graph - -----> statementPart
2021-11-19T10:24:04,232|[TRACE] graph - -------> nonSkippedChar
2021-11-19T10:24:04,232|[TRACE] script - #out(`D`) [token]
2021-11-19T10:24:04,232|[TRACE] graph - <------- nonSkippedChar
2021-11-19T10:24:04,232|[TRACE] graph - <----- statementPart
2021-11-19T10:24:04,232|[TRACE] graph - -----> statementPart
2021-11-19T10:24:04,232|[TRACE] graph - -------> nonSkippedChar
2021-11-19T10:24:04,232|[TRACE] script - #out(`E`) [token]
2021-11-19T10:24:04,232|[TRACE] graph - <------- nonSkippedChar
2021-11-19T10:24:04,232|[TRACE] graph - <----- statementPart
2021-11-19T10:24:04,232|[TRACE] graph - -----> statementPart
2021-11-19T10:24:04,232|[TRACE] graph - -------> nonSkippedChar
2021-11-19T10:24:04,232|[TRACE] script - #out(`F`) [token]
2021-11-19T10:24:04,232|[TRACE] graph - <------- nonSkippedChar
2021-11-19T10:24:04,232|[TRACE] graph - <----- statementPart
2021-11-19T10:24:04,232|[TRACE] graph - -----> statementPart
2021-11-19T10:24:04,232|[TRACE] graph - -------> nonSkippedChar
2021-11-19T10:24:04,232|[TRACE] script - #out(`A`) [token]
2021-11-19T10:24:04,232|[TRACE] graph - <------- nonSkippedChar
2021-11-19T10:24:04,232|[TRACE] graph - <----- statementPart
2021-11-19T10:24:04,232|[TRACE] graph - -----> statementPart
2021-11-19T10:24:04,232|[TRACE] graph - -------> nonSkippedChar
2021-11-19T10:24:04,232|[TRACE] script - #out(`U`) [token]
2021-11-19T10:24:04,232|[TRACE] graph - <------- nonSkippedChar
2021-11-19T10:24:04,232|[TRACE] graph - <----- statementPart
2021-11-19T10:24:04,232|[TRACE] graph - -----> statementPart
2021-11-19T10:24:04,232|[TRACE] graph - -------> nonSkippedChar
2021-11-19T10:24:04,232|[TRACE] script - #out(`L`) [token]
2021-11-19T10:24:04,232|[TRACE] graph - <------- nonSkippedChar
2021-11-19T10:24:04,232|[TRACE] graph - <----- statementPart
2021-11-19T10:24:04,232|[TRACE] graph - -----> statementPart
2021-11-19T10:24:04,233|[TRACE] graph - -------> nonSkippedChar
2021-11-19T10:24:04,233|[TRACE] script - #out(`T`) [token]
2021-11-19T10:24:04,233|[TRACE] graph - <------- nonSkippedChar
2021-11-19T10:24:04,233|[TRACE] graph - <----- statementPart
2021-11-19T10:24:04,233|[TRACE] graph - -----> statementPart
2021-11-19T10:24:04,233|[TRACE] graph - -------> nonSkippedSpace
2021-11-19T10:24:04,233|[TRACE] script - #out(` `) [token]
2021-11-19T10:24:04,233|[TRACE] graph - <------- nonSkippedSpace
2021-11-19T10:24:04,233|[TRACE] graph - <----- statementPart
2021-11-19T10:24:04,233|[TRACE] graph - -----> statementPart
2021-11-19T10:24:04,233|[TRACE] graph - -------> nonSkippedChar
2021-11-19T10:24:04,233|[TRACE] script - #out(`(`) [token]
2021-11-19T10:24:04,233|[TRACE] graph - <------- nonSkippedChar
2021-11-19T10:24:04,233|[TRACE] graph - <----- statementPart
2021-11-19T10:24:04,233|[TRACE] graph - -----> statementPart
2021-11-19T10:24:04,233|[TRACE] graph - -------> nonSkippedChar
2021-11-19T10:24:04,233|[TRACE] script - #out(`u`) [token]
2021-11-19T10:24:04,233|[TRACE] graph - <------- nonSkippedChar
2021-11-19T10:24:04,233|[TRACE] graph - <----- statementPart
2021-11-19T10:24:04,233|[TRACE] graph - -----> statementPart
2021-11-19T10:24:04,233|[TRACE] graph - -------> nonSkippedChar
2021-11-19T10:24:04,233|[TRACE] script - #out(`n`) [token]
2021-11-19T10:24:04,233|[TRACE] graph - <------- nonSkippedChar
2021-11-19T10:24:04,233|[TRACE] graph - <----- statementPart
2021-11-19T10:24:04,233|[TRACE] graph - -----> statementPart
2021-11-19T10:24:04,233|[TRACE] graph - -------> nonSkippedChar
2021-11-19T10:24:04,233|[TRACE] script - #out(`i`) [token]
2021-11-19T10:24:04,233|[TRACE] graph - <------- nonSkippedChar
2021-11-19T10:24:04,233|[TRACE] graph - <----- statementPart
2021-11-19T10:24:04,233|[TRACE] graph - -----> statementPart
2021-11-19T10:24:04,233|[TRACE] graph - -------> nonSkippedChar
2021-11-19T10:24:04,233|[TRACE] script - #out(`x`) [token]
2021-11-19T10:24:04,233|[TRACE] graph - <------- nonSkippedChar
2021-11-19T10:24:04,233|[TRACE] graph - <----- statementPart
2021-11-19T10:24:04,233|[TRACE] graph - -----> statementPart
2021-11-19T10:24:04,233|[TRACE] graph - -------> nonSkippedChar
2021-11-19T10:24:04,233|[TRACE] script - #out(`_`) [token]
2021-11-19T10:24:04,233|[TRACE] graph - <------- nonSkippedChar
2021-11-19T10:24:04,233|[TRACE] graph - <----- statementPart
2021-11-19T10:24:04,233|[TRACE] graph - -----> statementPart
2021-11-19T10:24:04,233|[TRACE] graph - -------> nonSkippedChar
2021-11-19T10:24:04,233|[TRACE] script - #out(`t`) [token]
2021-11-19T10:24:04,233|[TRACE] graph - <------- nonSkippedChar
2021-11-19T10:24:04,233|[TRACE] graph - <----- statementPart
2021-11-19T10:24:04,233|[TRACE] graph - -----> statementPart
2021-11-19T10:24:04,233|[TRACE] graph - -------> nonSkippedChar
2021-11-19T10:24:04,233|[TRACE] script - #out(`i`) [token]
2021-11-19T10:24:04,233|[TRACE] graph - <------- nonSkippedChar
2021-11-19T10:24:04,233|[TRACE] graph - <----- statementPart
2021-11-19T10:24:04,233|[TRACE] graph - -----> statementPart
2021-11-19T10:24:04,233|[TRACE] graph - -------> nonSkippedChar
2021-11-19T10:24:04,233|[TRACE] script - #out(`m`) [token]
2021-11-19T10:24:04,233|[TRACE] graph - <------- nonSkippedChar
2021-11-19T10:24:04,233|[TRACE] graph - <----- statementPart
2021-11-19T10:24:04,233|[TRACE] graph - -----> statementPart
2021-11-19T10:24:04,233|[TRACE] graph - -------> nonSkippedChar
2021-11-19T10:24:04,233|[TRACE] script - #out(`e`) [token]
2021-11-19T10:24:04,233|[TRACE] graph - <------- nonSkippedChar
2021-11-19T10:24:04,233|[TRACE] graph - <----- statementPart
2021-11-19T10:24:04,233|[TRACE] graph - -----> statementPart
2021-11-19T10:24:04,233|[TRACE] graph - -------> nonSkippedChar
2021-11-19T10:24:04,233|[TRACE] script - #out(`s`) [token]
2021-11-19T10:24:04,233|[TRACE] graph - <------- nonSkippedChar
2021-11-19T10:24:04,233|[TRACE] graph - <----- statementPart
2021-11-19T10:24:04,233|[TRACE] graph - -----> statementPart
2021-11-19T10:24:04,233|[TRACE] graph - -------> nonSkippedChar
2021-11-19T10:24:04,233|[TRACE] script - #out(`t`) [token]
2021-11-19T10:24:04,233|[TRACE] graph - <------- nonSkippedChar
2021-11-19T10:24:04,233|[TRACE] graph - <----- statementPart
2021-11-19T10:24:04,233|[TRACE] graph - -----> statementPart
2021-11-19T10:24:04,233|[TRACE] graph - -------> nonSkippedChar
2021-11-19T10:24:04,233|[TRACE] script - #out(`a`) [token]
2021-11-19T10:24:04,233|[TRACE] graph - <------- nonSkippedChar
2021-11-19T10:24:04,233|[TRACE] graph - <----- statementPart
2021-11-19T10:24:04,233|[TRACE] graph - -----> statementPart
2021-11-19T10:24:04,233|[TRACE] graph - -------> nonSkippedChar
2021-11-19T10:24:04,233|[TRACE] script - #out(`m`) [token]
2021-11-19T10:24:04,233|[TRACE] graph - <------- nonSkippedChar
2021-11-19T10:24:04,233|[TRACE] graph - <----- statementPart
2021-11-19T10:24:04,233|[TRACE] graph - -----> statementPart
2021-11-19T10:24:04,233|[TRACE] graph - -------> nonSkippedChar
2021-11-19T10:24:04,233|[TRACE] script - #out(`p`) [token]
2021-11-19T10:24:04,233|[TRACE] graph - <------- nonSkippedChar
2021-11-19T10:24:04,233|[TRACE] graph - <----- statementPart
2021-11-19T10:24:04,233|[TRACE] graph - -----> statementPart
2021-11-19T10:24:04,233|[TRACE] graph - -------> nonSkippedChar
2021-11-19T10:24:04,233|[TRACE] script - #out(`(`) [token]
2021-11-19T10:24:04,233|[TRACE] graph - <------- nonSkippedChar
2021-11-19T10:24:04,233|[TRACE] graph - <----- statementPart
2021-11-19T10:24:04,233|[TRACE] graph - -----> statementPart
2021-11-19T10:24:04,233|[TRACE] graph - -------> nonSkippedChar
2021-11-19T10:24:04,233|[TRACE] script - #out(`n`) [token]
2021-11-19T10:24:04,233|[TRACE] graph - <------- nonSkippedChar
2021-11-19T10:24:04,233|[TRACE] graph - <----- statementPart
2021-11-19T10:24:04,233|[TRACE] graph - -----> statementPart
2021-11-19T10:24:04,233|[TRACE] graph - -------> nonSkippedChar
2021-11-19T10:24:04,233|[TRACE] script - #out(`o`) [token]
2021-11-19T10:24:04,233|[TRACE] graph - <------- nonSkippedChar
2021-11-19T10:24:04,233|[TRACE] graph - <----- statementPart
2021-11-19T10:24:04,233|[TRACE] graph - -----> statementPart
2021-11-19T10:24:04,233|[TRACE] graph - -------> nonSkippedChar
2021-11-19T10:24:04,233|[TRACE] script - #out(`w`) [token]
2021-11-19T10:24:04,233|[TRACE] graph - <------- nonSkippedChar
2021-11-19T10:24:04,233|[TRACE] graph - <----- statementPart
2021-11-19T10:24:04,233|[TRACE] graph - -----> statementPart
2021-11-19T10:24:04,233|[TRACE] graph - -------> nonSkippedChar
2021-11-19T10:24:04,233|[TRACE] script - #out(`(`) [token]
2021-11-19T10:24:04,233|[TRACE] graph - <------- nonSkippedChar
2021-11-19T10:24:04,233|[TRACE] graph - <----- statementPart
2021-11-19T10:24:04,233|[TRACE] graph - -----> statementPart
2021-11-19T10:24:04,233|[TRACE] graph - -------> nonSkippedChar
2021-11-19T10:24:04,233|[TRACE] script - #out(`)`) [token]
2021-11-19T10:24:04,233|[TRACE] graph - <------- nonSkippedChar
2021-11-19T10:24:04,233|[TRACE] graph - <----- statementPart
2021-11-19T10:24:04,233|[TRACE] graph - -----> statementPart
2021-11-19T10:24:04,233|[TRACE] graph - -------> nonSkippedChar
2021-11-19T10:24:04,233|[TRACE] script - #out(`)`) [token]
2021-11-19T10:24:04,233|[TRACE] graph - <------- nonSkippedChar
2021-11-19T10:24:04,233|[TRACE] graph - <----- statementPart
2021-11-19T10:24:04,233|[TRACE] graph - -----> statementPart
2021-11-19T10:24:04,233|[TRACE] graph - -------> nonSkippedSpace
2021-11-19T10:24:04,233|[TRACE] script - #out(` `) [token]
2021-11-19T10:24:04,233|[TRACE] graph - <------- nonSkippedSpace
2021-11-19T10:24:04,233|[TRACE] graph - <----- statementPart
2021-11-19T10:24:04,233|[TRACE] graph - -----> statementPart
2021-11-19T10:24:04,233|[TRACE] graph - -------> nonSkippedChar
2021-11-19T10:24:04,233|[TRACE] script - #out(`*`) [token]
2021-11-19T10:24:04,233|[TRACE] graph - <------- nonSkippedChar
2021-11-19T10:24:04,233|[TRACE] graph - <----- statementPart
2021-11-19T10:24:04,233|[TRACE] graph - -----> statementPart
2021-11-19T10:24:04,233|[TRACE] graph - -------> nonSkippedSpace
2021-11-19T10:24:04,233|[TRACE] script - #out(` `) [token]
2021-11-19T10:24:04,233|[TRACE] graph - <------- nonSkippedSpace
2021-11-19T10:24:04,233|[TRACE] graph - <----- statementPart
2021-11-19T10:24:04,233|[TRACE] graph - -----> statementPart
2021-11-19T10:24:04,233|[TRACE] graph - -------> nonSkippedChar
2021-11-19T10:24:04,233|[TRACE] script - #out(`1`) [token]
2021-11-19T10:24:04,233|[TRACE] graph - <------- nonSkippedChar
2021-11-19T10:24:04,233|[TRACE] graph - <----- statementPart
2021-11-19T10:24:04,233|[TRACE] graph - -----> statementPart
2021-11-19T10:24:04,233|[TRACE] graph - -------> nonSkippedChar
2021-11-19T10:24:04,233|[TRACE] script - #out(`0`) [token]
2021-11-19T10:24:04,233|[TRACE] graph - <------- nonSkippedChar
2021-11-19T10:24:04,233|[TRACE] graph - <----- statementPart
2021-11-19T10:24:04,233|[TRACE] graph - -----> statementPart
2021-11-19T10:24:04,233|[TRACE] graph - -------> nonSkippedChar
2021-11-19T10:24:04,233|[TRACE] script - #out(`0`) [token]
2021-11-19T10:24:04,233|[TRACE] graph - <------- nonSkippedChar
2021-11-19T10:24:04,233|[TRACE] graph - <----- statementPart
2021-11-19T10:24:04,233|[TRACE] graph - -----> statementPart
2021-11-19T10:24:04,233|[TRACE] graph - -------> nonSkippedChar
2021-11-19T10:24:04,233|[TRACE] script - #out(`0`) [token]
2021-11-19T10:24:04,233|[TRACE] graph - <------- nonSkippedChar
2021-11-19T10:24:04,233|[TRACE] graph - <----- statementPart
2021-11-19T10:24:04,233|[TRACE] graph - -----> statementPart
2021-11-19T10:24:04,233|[TRACE] graph - -------> nonSkippedChar
2021-11-19T10:24:04,233|[TRACE] script - #out(`)`) [token]
2021-11-19T10:24:04,233|[TRACE] graph - <------- nonSkippedChar
2021-11-19T10:24:04,233|[TRACE] graph - <----- statementPart
2021-11-19T10:24:04,233|[TRACE] graph - -----> statementPart
2021-11-19T10:24:04,233|[TRACE] graph - -------> nonSkippedChar
2021-11-19T10:24:04,233|[TRACE] script - #out(`,`) [token]
2021-11-19T10:24:04,233|[TRACE] graph - <------- nonSkippedChar
2021-11-19T10:24:04,233|[TRACE] graph - <----- statementPart
2021-11-19T10:24:04,233|[TRACE] graph - -----> afterStatementPartNewline
2021-11-19T10:24:04,233|[TRACE] script - #out(` `) [text]
2021-11-19T10:24:04,233|[TRACE] graph - <----- afterStatementPartNewline
2021-11-19T10:24:04,233|[TRACE] graph - -----> statementPart
2021-11-19T10:24:04,233|[TRACE] graph - -------> nonSkippedSpace
2021-11-19T10:24:04,233|[TRACE] script - #out(` `) [token]
2021-11-19T10:24:04,233|[TRACE] graph - <------- nonSkippedSpace
2021-11-19T10:24:04,233|[TRACE] graph - <----- statementPart
2021-11-19T10:24:04,233|[TRACE] graph - -----> statementPart
2021-11-19T10:24:04,233|[TRACE] graph - -------> nonSkippedSpace
2021-11-19T10:24:04,233|[TRACE] script - #out(` `) [token]
2021-11-19T10:24:04,233|[TRACE] graph - <------- nonSkippedSpace
2021-11-19T10:24:04,233|[TRACE] graph - <----- statementPart
2021-11-19T10:24:04,233|[TRACE] graph - -----> statementPart
2021-11-19T10:24:04,233|[TRACE] graph - -------> quotedString
2021-11-19T10:24:04,233|[TRACE] script - #out(``version``) [token]
2021-11-19T10:24:04,233|[TRACE] graph - <------- quotedString
2021-11-19T10:24:04,292|[TRACE] graph - <----- statementPart
2021-11-19T10:24:04,292|[TRACE] graph - -----> statementPart
2021-11-19T10:24:04,292|[TRACE] graph - -------> nonSkippedSpace
2021-11-19T10:24:04,292|[TRACE] script - #out(` `) [token]
2021-11-19T10:24:04,292|[TRACE] graph - <------- nonSkippedSpace
2021-11-19T10:24:04,292|[TRACE] graph - <----- statementPart
2021-11-19T10:24:04,292|[TRACE] graph - -----> statementPart
2021-11-19T10:24:04,292|[TRACE] graph - -------> nonSkippedChar
2021-11-19T10:24:04,292|[TRACE] script - #out(`I`) [token]
2021-11-19T10:24:04,292|[TRACE] graph - <------- nonSkippedChar
2021-11-19T10:24:04,292|[TRACE] graph - <----- statementPart
2021-11-19T10:24:04,292|[TRACE] graph - -----> statementPart
2021-11-19T10:24:04,292|[TRACE] graph - -------> nonSkippedChar
2021-11-19T10:24:04,292|[TRACE] script - #out(`N`) [token]
2021-11-19T10:24:04,292|[TRACE] graph - <------- nonSkippedChar
2021-11-19T10:24:04,292|[TRACE] graph - <----- statementPart
2021-11-19T10:24:04,292|[TRACE] graph - -----> statementPart
2021-11-19T10:24:04,292|[TRACE] graph - -------> nonSkippedChar
2021-11-19T10:24:04,292|[TRACE] script - #out(`T`) [token]
2021-11-19T10:24:04,292|[TRACE] graph - <------- nonSkippedChar
2021-11-19T10:24:04,292|[TRACE] graph - <----- statementPart
2021-11-19T10:24:04,292|[TRACE] graph - -----> statementPart
2021-11-19T10:24:04,292|[TRACE] graph - -------> nonSkippedSpace
2021-11-19T10:24:04,292|[TRACE] script - #out(` `) [token]
2021-11-19T10:24:04,292|[TRACE] graph - <------- nonSkippedSpace
2021-11-19T10:24:04,292|[TRACE] graph - <----- statementPart
2021-11-19T10:24:04,292|[TRACE] graph - -----> statementPart
2021-11-19T10:24:04,292|[TRACE] graph - -------> nonSkippedChar
2021-11-19T10:24:04,292|[TRACE] script - #out(`N`) [token]
2021-11-19T10:24:04,292|[TRACE] graph - <------- nonSkippedChar
2021-11-19T10:24:04,292|[TRACE] graph - <----- statementPart
2021-11-19T10:24:04,292|[TRACE] graph - -----> statementPart
2021-11-19T10:24:04,292|[TRACE] graph - -------> nonSkippedChar
2021-11-19T10:24:04,292|[TRACE] script - #out(`O`) [token]
2021-11-19T10:24:04,292|[TRACE] graph - <------- nonSkippedChar
2021-11-19T10:24:04,292|[TRACE] graph - <----- statementPart
2021-11-19T10:24:04,292|[TRACE] graph - -----> statementPart
2021-11-19T10:24:04,292|[TRACE] graph - -------> nonSkippedChar
2021-11-19T10:24:04,292|[TRACE] script - #out(`T`) [token]
2021-11-19T10:24:04,292|[TRACE] graph - <------- nonSkippedChar
2021-11-19T10:24:04,292|[TRACE] graph - <----- statementPart
2021-11-19T10:24:04,292|[TRACE] graph - -----> statementPart
2021-11-19T10:24:04,292|[TRACE] graph - -------> nonSkippedSpace
2021-11-19T10:24:04,292|[TRACE] script - #out(` `) [token]
2021-11-19T10:24:04,292|[TRACE] graph - <------- nonSkippedSpace
2021-11-19T10:24:04,292|[TRACE] graph - <----- statementPart
2021-11-19T10:24:04,292|[TRACE] graph - -----> statementPart
2021-11-19T10:24:04,292|[TRACE] graph - -------> nonSkippedChar
2021-11-19T10:24:04,292|[TRACE] script - #out(`N`) [token]
2021-11-19T10:24:04,292|[TRACE] graph - <------- nonSkippedChar
2021-11-19T10:24:04,292|[TRACE] graph - <----- statementPart
2021-11-19T10:24:04,292|[TRACE] graph - -----> statementPart
2021-11-19T10:24:04,292|[TRACE] graph - -------> nonSkippedChar
2021-11-19T10:24:04,292|[TRACE] script - #out(`U`) [token]
2021-11-19T10:24:04,292|[TRACE] graph - <------- nonSkippedChar
2021-11-19T10:24:04,292|[TRACE] graph - <----- statementPart
2021-11-19T10:24:04,292|[TRACE] graph - -----> statementPart
2021-11-19T10:24:04,292|[TRACE] graph - -------> nonSkippedChar
2021-11-19T10:24:04,292|[TRACE] script - #out(`L`) [token]
2021-11-19T10:24:04,292|[TRACE] graph - <------- nonSkippedChar
2021-11-19T10:24:04,292|[TRACE] graph - <----- statementPart
2021-11-19T10:24:04,292|[TRACE] graph - -----> statementPart
2021-11-19T10:24:04,292|[TRACE] graph - -------> nonSkippedChar
2021-11-19T10:24:04,292|[TRACE] script - #out(`L`) [token]
2021-11-19T10:24:04,292|[TRACE] graph - <------- nonSkippedChar
2021-11-19T10:24:04,292|[TRACE] graph - <----- statementPart
2021-11-19T10:24:04,292|[TRACE] graph - -----> statementPart
2021-11-19T10:24:04,292|[TRACE] graph - -------> nonSkippedSpace
2021-11-19T10:24:04,292|[TRACE] script - #out(` `) [token]
2021-11-19T10:24:04,292|[TRACE] graph - <------- nonSkippedSpace
2021-11-19T10:24:04,292|[TRACE] graph - <----- statementPart
2021-11-19T10:24:04,292|[TRACE] graph - -----> statementPart
2021-11-19T10:24:04,292|[TRACE] graph - -------> nonSkippedChar
2021-11-19T10:24:04,292|[TRACE] script - #out(`D`) [token]
2021-11-19T10:24:04,292|[TRACE] graph - <------- nonSkippedChar
2021-11-19T10:24:04,292|[TRACE] graph - <----- statementPart
2021-11-19T10:24:04,292|[TRACE] graph - -----> statementPart
2021-11-19T10:24:04,292|[TRACE] graph - -------> nonSkippedChar
2021-11-19T10:24:04,292|[TRACE] script - #out(`E`) [token]
2021-11-19T10:24:04,292|[TRACE] graph - <------- nonSkippedChar
2021-11-19T10:24:04,292|[TRACE] graph - <----- statementPart
2021-11-19T10:24:04,292|[TRACE] graph - -----> statementPart
2021-11-19T10:24:04,292|[TRACE] graph - -------> nonSkippedChar
2021-11-19T10:24:04,292|[TRACE] script - #out(`F`) [token]
2021-11-19T10:24:04,292|[TRACE] graph - <------- nonSkippedChar
2021-11-19T10:24:04,292|[TRACE] graph - <----- statementPart
2021-11-19T10:24:04,292|[TRACE] graph - -----> statementPart
2021-11-19T10:24:04,292|[TRACE] graph - -------> nonSkippedChar
2021-11-19T10:24:04,292|[TRACE] script - #out(`A`) [token]
2021-11-19T10:24:04,292|[TRACE] graph - <------- nonSkippedChar
2021-11-19T10:24:04,292|[TRACE] graph - <----- statementPart
2021-11-19T10:24:04,292|[TRACE] graph - -----> statementPart
2021-11-19T10:24:04,292|[TRACE] graph - -------> nonSkippedChar
2021-11-19T10:24:04,292|[TRACE] script - #out(`U`) [token]
2021-11-19T10:24:04,292|[TRACE] graph - <------- nonSkippedChar
2021-11-19T10:24:04,292|[TRACE] graph - <----- statementPart
2021-11-19T10:24:04,292|[TRACE] graph - -----> statementPart
2021-11-19T10:24:04,292|[TRACE] graph - -------> nonSkippedChar
2021-11-19T10:24:04,292|[TRACE] script - #out(`L`) [token]
2021-11-19T10:24:04,292|[TRACE] graph - <------- nonSkippedChar
2021-11-19T10:24:04,292|[TRACE] graph - <----- statementPart
2021-11-19T10:24:04,292|[TRACE] graph - -----> statementPart
2021-11-19T10:24:04,292|[TRACE] graph - -------> nonSkippedChar
2021-11-19T10:24:04,292|[TRACE] script - #out(`T`) [token]
2021-11-19T10:24:04,292|[TRACE] graph - <------- nonSkippedChar
2021-11-19T10:24:04,292|[TRACE] graph - <----- statementPart
2021-11-19T10:24:04,292|[TRACE] graph - -----> statementPart
2021-11-19T10:24:04,292|[TRACE] graph - -------> nonSkippedSpace
2021-11-19T10:24:04,292|[TRACE] script - #out(` `) [token]
2021-11-19T10:24:04,292|[TRACE] graph - <------- nonSkippedSpace
2021-11-19T10:24:04,292|[TRACE] graph - <----- statementPart
2021-11-19T10:24:04,292|[TRACE] graph - -----> statementPart
2021-11-19T10:24:04,292|[TRACE] graph - -------> nonSkippedChar
2021-11-19T10:24:04,292|[TRACE] script - #out(`1`) [token]
2021-11-19T10:24:04,292|[TRACE] graph - <------- nonSkippedChar
2021-11-19T10:24:04,292|[TRACE] graph - <----- statementPart
2021-11-19T10:24:04,292|[TRACE] graph - -----> statementPart
2021-11-19T10:24:04,292|[TRACE] graph - -------> nonSkippedChar
2021-11-19T10:24:04,292|[TRACE] script - #out(`,`) [token]
2021-11-19T10:24:04,292|[TRACE] graph - <------- nonSkippedChar
2021-11-19T10:24:04,292|[TRACE] graph - <----- statementPart
2021-11-19T10:24:04,292|[TRACE] graph - -----> afterStatementPartNewline
2021-11-19T10:24:04,292|[TRACE] script - #out(` `) [text]
2021-11-19T10:24:04,292|[TRACE] graph - <----- afterStatementPartNewline
2021-11-19T10:24:04,292|[TRACE] graph - -----> statementPart
2021-11-19T10:24:04,292|[TRACE] graph - -------> nonSkippedSpace
2021-11-19T10:24:04,292|[TRACE] script - #out(` `) [token]
2021-11-19T10:24:04,292|[TRACE] graph - <------- nonSkippedSpace
2021-11-19T10:24:04,292|[TRACE] graph - <----- statementPart
2021-11-19T10:24:04,292|[TRACE] graph - -----> statementPart
2021-11-19T10:24:04,292|[TRACE] graph - -------> nonSkippedSpace
2021-11-19T10:24:04,292|[TRACE] script - #out(` `) [token]
2021-11-19T10:24:04,292|[TRACE] graph - <------- nonSkippedSpace
2021-11-19T10:24:04,292|[TRACE] graph - <----- statementPart
2021-11-19T10:24:04,292|[TRACE] graph - -----> statementPart
2021-11-19T10:24:04,292|[TRACE] graph - -------> nonSkippedChar
2021-11-19T10:24:04,292|[TRACE] script - #out(`P`) [token]
2021-11-19T10:24:04,292|[TRACE] graph - <------- nonSkippedChar
2021-11-19T10:24:04,292|[TRACE] graph - <----- statementPart
2021-11-19T10:24:04,292|[TRACE] graph - -----> statementPart
2021-11-19T10:24:04,292|[TRACE] graph - -------> nonSkippedChar
2021-11-19T10:24:04,292|[TRACE] script - #out(`R`) [token]
2021-11-19T10:24:04,292|[TRACE] graph - <------- nonSkippedChar
2021-11-19T10:24:04,292|[TRACE] graph - <----- statementPart
2021-11-19T10:24:04,292|[TRACE] graph - -----> statementPart
2021-11-19T10:24:04,292|[TRACE] graph - -------> nonSkippedChar
2021-11-19T10:24:04,292|[TRACE] script - #out(`I`) [token]
2021-11-19T10:24:04,292|[TRACE] graph - <------- nonSkippedChar
2021-11-19T10:24:04,292|[TRACE] graph - <----- statementPart
2021-11-19T10:24:04,292|[TRACE] graph - -----> statementPart
2021-11-19T10:24:04,292|[TRACE] graph - -------> nonSkippedChar
2021-11-19T10:24:04,292|[TRACE] script - #out(`M`) [token]
2021-11-19T10:24:04,292|[TRACE] graph - <------- nonSkippedChar
2021-11-19T10:24:04,292|[TRACE] graph - <----- statementPart
2021-11-19T10:24:04,292|[TRACE] graph - -----> statementPart
2021-11-19T10:24:04,292|[TRACE] graph - -------> nonSkippedChar
2021-11-19T10:24:04,292|[TRACE] script - #out(`A`) [token]
2021-11-19T10:24:04,292|[TRACE] graph - <------- nonSkippedChar
2021-11-19T10:24:04,292|[TRACE] graph - <----- statementPart
2021-11-19T10:24:04,292|[TRACE] graph - -----> statementPart
2021-11-19T10:24:04,292|[TRACE] graph - -------> nonSkippedChar
2021-11-19T10:24:04,292|[TRACE] script - #out(`R`) [token]
2021-11-19T10:24:04,292|[TRACE] graph - <------- nonSkippedChar
2021-11-19T10:24:04,292|[TRACE] graph - <----- statementPart
2021-11-19T10:24:04,292|[TRACE] graph - -----> statementPart
2021-11-19T10:24:04,292|[TRACE] graph - -------> nonSkippedChar
2021-11-19T10:24:04,292|[TRACE] script - #out(`Y`) [token]
2021-11-19T10:24:04,292|[TRACE] graph - <------- nonSkippedChar
2021-11-19T10:24:04,292|[TRACE] graph - <----- statementPart
2021-11-19T10:24:04,292|[TRACE] graph - -----> statementPart
2021-11-19T10:24:04,292|[TRACE] graph - -------> nonSkippedSpace
2021-11-19T10:24:04,292|[TRACE] script - #out(` `) [token]
2021-11-19T10:24:04,292|[TRACE] graph - <------- nonSkippedSpace
2021-11-19T10:24:04,292|[TRACE] graph - <----- statementPart
2021-11-19T10:24:04,292|[TRACE] graph - -----> statementPart
2021-11-19T10:24:04,292|[TRACE] graph - -------> nonSkippedChar
2021-11-19T10:24:04,292|[TRACE] script - #out(`K`) [token]
2021-11-19T10:24:04,292|[TRACE] graph - <------- nonSkippedChar
2021-11-19T10:24:04,292|[TRACE] graph - <----- statementPart
2021-11-19T10:24:04,292|[TRACE] graph - -----> statementPart
2021-11-19T10:24:04,292|[TRACE] graph - -------> nonSkippedChar
2021-11-19T10:24:04,292|[TRACE] script - #out(`E`) [token]
2021-11-19T10:24:04,292|[TRACE] graph - <------- nonSkippedChar
2021-11-19T10:24:04,292|[TRACE] graph - <----- statementPart
2021-11-19T10:24:04,292|[TRACE] graph - -----> statementPart
2021-11-19T10:24:04,292|[TRACE] graph - -------> nonSkippedChar
2021-11-19T10:24:04,292|[TRACE] script - #out(`Y`) [token]
2021-11-19T10:24:04,292|[TRACE] graph - <------- nonSkippedChar
2021-11-19T10:24:04,292|[TRACE] graph - <----- statementPart
2021-11-19T10:24:04,292|[TRACE] graph - -----> statementPart
2021-11-19T10:24:04,292|[TRACE] graph - -------> nonSkippedSpace
2021-11-19T10:24:04,292|[TRACE] script - #out(` `) [token]
2021-11-19T10:24:04,292|[TRACE] graph - <------- nonSkippedSpace
2021-11-19T10:24:04,292|[TRACE] graph - <----- statementPart
2021-11-19T10:24:04,292|[TRACE] graph - -----> statementPart
2021-11-19T10:24:04,292|[TRACE] graph - -------> nonSkippedChar
2021-11-19T10:24:04,292|[TRACE] script - #out(`(`) [token]
2021-11-19T10:24:04,292|[TRACE] graph - <------- nonSkippedChar
2021-11-19T10:24:04,292|[TRACE] graph - <----- statementPart
2021-11-19T10:24:04,292|[TRACE] graph - -----> statementPart
2021-11-19T10:24:04,292|[TRACE] graph - -------> quotedString
2021-11-19T10:24:04,292|[TRACE] script - #out(``bank_id``) [token]
2021-11-19T10:24:04,292|[TRACE] graph - <------- quotedString
2021-11-19T10:24:04,292|[TRACE] graph - <----- statementPart
2021-11-19T10:24:04,292|[TRACE] graph - -----> statementPart
2021-11-19T10:24:04,292|[TRACE] graph - -------> nonSkippedChar
2021-11-19T10:24:04,292|[TRACE] script - #out(`)`) [token]
2021-11-19T10:24:04,292|[TRACE] graph - <------- nonSkippedChar
2021-11-19T10:24:04,292|[TRACE] graph - <----- statementPart
2021-11-19T10:24:04,293|[TRACE] graph - -----> statementPart
2021-11-19T10:24:04,293|[TRACE] graph - -------> nonSkippedChar
2021-11-19T10:24:04,293|[TRACE] script - #out(`,`) [token]
2021-11-19T10:24:04,293|[TRACE] graph - <------- nonSkippedChar
2021-11-19T10:24:04,293|[TRACE] graph - <----- statementPart
2021-11-19T10:24:04,293|[TRACE] graph - -----> afterStatementPartNewline
2021-11-19T10:24:04,293|[TRACE] script - #out(` `) [text]
2021-11-19T10:24:04,293|[TRACE] graph - <----- afterStatementPartNewline
2021-11-19T10:24:04,293|[TRACE] graph - -----> statementPart
2021-11-19T10:24:04,293|[TRACE] graph - -------> nonSkippedSpace
2021-11-19T10:24:04,293|[TRACE] script - #out(` `) [token]
2021-11-19T10:24:04,293|[TRACE] graph - <------- nonSkippedSpace
2021-11-19T10:24:04,293|[TRACE] graph - <----- statementPart
2021-11-19T10:24:04,293|[TRACE] graph - -----> statementPart
2021-11-19T10:24:04,293|[TRACE] graph - -------> nonSkippedSpace
2021-11-19T10:24:04,293|[TRACE] script - #out(` `) [token]
2021-11-19T10:24:04,293|[TRACE] graph - <------- nonSkippedSpace
2021-11-19T10:24:04,293|[TRACE] graph - <----- statementPart
2021-11-19T10:24:04,293|[TRACE] graph - -----> statementPart
2021-11-19T10:24:04,293|[TRACE] graph - -------> nonSkippedChar
2021-11-19T10:24:04,293|[TRACE] script - #out(`U`) [token]
2021-11-19T10:24:04,293|[TRACE] graph - <------- nonSkippedChar
2021-11-19T10:24:04,293|[TRACE] graph - <----- statementPart
2021-11-19T10:24:04,293|[TRACE] graph - -----> statementPart
2021-11-19T10:24:04,293|[TRACE] graph - -------> nonSkippedChar
2021-11-19T10:24:04,293|[TRACE] script - #out(`N`) [token]
2021-11-19T10:24:04,293|[TRACE] graph - <------- nonSkippedChar
2021-11-19T10:24:04,293|[TRACE] graph - <----- statementPart
2021-11-19T10:24:04,293|[TRACE] graph - -----> statementPart
2021-11-19T10:24:04,293|[TRACE] graph - -------> nonSkippedChar
2021-11-19T10:24:04,293|[TRACE] script - #out(`I`) [token]
2021-11-19T10:24:04,293|[TRACE] graph - <------- nonSkippedChar
2021-11-19T10:24:04,293|[TRACE] graph - <----- statementPart
2021-11-19T10:24:04,293|[TRACE] graph - -----> statementPart
2021-11-19T10:24:04,293|[TRACE] graph - -------> nonSkippedChar
2021-11-19T10:24:04,293|[TRACE] script - #out(`Q`) [token]
2021-11-19T10:24:04,293|[TRACE] graph - <------- nonSkippedChar
2021-11-19T10:24:04,293|[TRACE] graph - <----- statementPart
2021-11-19T10:24:04,293|[TRACE] graph - -----> statementPart
2021-11-19T10:24:04,293|[TRACE] graph - -------> nonSkippedChar
2021-11-19T10:24:04,293|[TRACE] script - #out(`U`) [token]
2021-11-19T10:24:04,293|[TRACE] graph - <------- nonSkippedChar
2021-11-19T10:24:04,293|[TRACE] graph - <----- statementPart
2021-11-19T10:24:04,293|[TRACE] graph - -----> statementPart
2021-11-19T10:24:04,293|[TRACE] graph - -------> nonSkippedChar
2021-11-19T10:24:04,293|[TRACE] script - #out(`E`) [token]
2021-11-19T10:24:04,293|[TRACE] graph - <------- nonSkippedChar
2021-11-19T10:24:04,293|[TRACE] graph - <----- statementPart
2021-11-19T10:24:04,293|[TRACE] graph - -----> statementPart
2021-11-19T10:24:04,293|[TRACE] graph - -------> nonSkippedSpace
2021-11-19T10:24:04,293|[TRACE] script - #out(` `) [token]
2021-11-19T10:24:04,293|[TRACE] graph - <------- nonSkippedSpace
2021-11-19T10:24:04,293|[TRACE] graph - <----- statementPart
2021-11-19T10:24:04,293|[TRACE] graph - -----> statementPart
2021-11-19T10:24:04,293|[TRACE] graph - -------> nonSkippedChar
2021-11-19T10:24:04,293|[TRACE] script - #out(`I`) [token]
2021-11-19T10:24:04,293|[TRACE] graph - <------- nonSkippedChar
2021-11-19T10:24:04,293|[TRACE] graph - <----- statementPart
2021-11-19T10:24:04,293|[TRACE] graph - -----> statementPart
2021-11-19T10:24:04,293|[TRACE] graph - -------> nonSkippedChar
2021-11-19T10:24:04,293|[TRACE] script - #out(`N`) [token]
2021-11-19T10:24:04,293|[TRACE] graph - <------- nonSkippedChar
2021-11-19T10:24:04,293|[TRACE] graph - <----- statementPart
2021-11-19T10:24:04,293|[TRACE] graph - -----> statementPart
2021-11-19T10:24:04,293|[TRACE] graph - -------> nonSkippedChar
2021-11-19T10:24:04,293|[TRACE] script - #out(`D`) [token]
2021-11-19T10:24:04,293|[TRACE] graph - <------- nonSkippedChar
2021-11-19T10:24:04,293|[TRACE] graph - <----- statementPart
2021-11-19T10:24:04,293|[TRACE] graph - -----> statementPart
2021-11-19T10:24:04,293|[TRACE] graph - -------> nonSkippedChar
2021-11-19T10:24:04,293|[TRACE] script - #out(`E`) [token]
2021-11-19T10:24:04,293|[TRACE] graph - <------- nonSkippedChar
2021-11-19T10:24:04,293|[TRACE] graph - <----- statementPart
2021-11-19T10:24:04,293|[TRACE] graph - -----> statementPart
2021-11-19T10:24:04,293|[TRACE] graph - -------> nonSkippedChar
2021-11-19T10:24:04,293|[TRACE] script - #out(`X`) [token]
2021-11-19T10:24:04,293|[TRACE] graph - <------- nonSkippedChar
2021-11-19T10:24:04,293|[TRACE] graph - <----- statementPart
2021-11-19T10:24:04,293|[TRACE] graph - -----> statementPart
2021-11-19T10:24:04,293|[TRACE] graph - -------> nonSkippedSpace
2021-11-19T10:24:04,293|[TRACE] script - #out(` `) [token]
2021-11-19T10:24:04,293|[TRACE] graph - <------- nonSkippedSpace
2021-11-19T10:24:04,293|[TRACE] graph - <----- statementPart
2021-11-19T10:24:04,293|[TRACE] graph - -----> statementPart
2021-11-19T10:24:04,293|[TRACE] graph - -------> quotedString
2021-11-19T10:24:04,293|[TRACE] script - #out(``name_UNIQUE``) [token]
2021-11-19T10:24:04,293|[TRACE] graph - <------- quotedString
2021-11-19T10:24:04,293|[TRACE] graph - <----- statementPart
2021-11-19T10:24:04,293|[TRACE] graph - -----> statementPart
2021-11-19T10:24:04,293|[TRACE] graph - -------> nonSkippedSpace
2021-11-19T10:24:04,293|[TRACE] script - #out(` `) [token]
2021-11-19T10:24:04,293|[TRACE] graph - <------- nonSkippedSpace
2021-11-19T10:24:04,293|[TRACE] graph - <----- statementPart
2021-11-19T10:24:04,293|[TRACE] graph - -----> statementPart
2021-11-19T10:24:04,293|[TRACE] graph - -------> nonSkippedChar
2021-11-19T10:24:04,293|[TRACE] script - #out(`(`) [token]
2021-11-19T10:24:04,293|[TRACE] graph - <------- nonSkippedChar
2021-11-19T10:24:04,293|[TRACE] graph - <----- statementPart
2021-11-19T10:24:04,293|[TRACE] graph - -----> statementPart
2021-11-19T10:24:04,293|[TRACE] graph - -------> quotedString
2021-11-19T10:24:04,293|[TRACE] script - #out(``name``) [token]
2021-11-19T10:24:04,293|[TRACE] graph - <------- quotedString
2021-11-19T10:24:04,293|[TRACE] graph - <----- statementPart
2021-11-19T10:24:04,293|[TRACE] graph - -----> statementPart
2021-11-19T10:24:04,293|[TRACE] graph - -------> nonSkippedSpace
2021-11-19T10:24:04,293|[TRACE] script - #out(` `) [token]
2021-11-19T10:24:04,293|[TRACE] graph - <------- nonSkippedSpace
2021-11-19T10:24:04,293|[TRACE] graph - <----- statementPart
2021-11-19T10:24:04,293|[TRACE] graph - -----> statementPart
2021-11-19T10:24:04,293|[TRACE] graph - -------> nonSkippedChar
2021-11-19T10:24:04,293|[TRACE] script - #out(`A`) [token]
2021-11-19T10:24:04,293|[TRACE] graph - <------- nonSkippedChar
2021-11-19T10:24:04,293|[TRACE] graph - <----- statementPart
2021-11-19T10:24:04,293|[TRACE] graph - -----> statementPart
2021-11-19T10:24:04,293|[TRACE] graph - -------> nonSkippedChar
2021-11-19T10:24:04,293|[TRACE] script - #out(`S`) [token]
2021-11-19T10:24:04,293|[TRACE] graph - <------- nonSkippedChar
2021-11-19T10:24:04,293|[TRACE] graph - <----- statementPart
2021-11-19T10:24:04,293|[TRACE] graph - -----> statementPart
2021-11-19T10:24:04,293|[TRACE] graph - -------> nonSkippedChar
2021-11-19T10:24:04,293|[TRACE] script - #out(`C`) [token]
2021-11-19T10:24:04,293|[TRACE] graph - <------- nonSkippedChar
2021-11-19T10:24:04,293|[TRACE] graph - <----- statementPart
2021-11-19T10:24:04,293|[TRACE] graph - -----> statementPart
2021-11-19T10:24:04,293|[TRACE] graph - -------> nonSkippedChar
2021-11-19T10:24:04,293|[TRACE] script - #out(`)`) [token]
2021-11-19T10:24:04,293|[TRACE] graph - <------- nonSkippedChar
2021-11-19T10:24:04,293|[TRACE] graph - <----- statementPart
2021-11-19T10:24:04,293|[TRACE] graph - -----> statementPart
2021-11-19T10:24:04,293|[TRACE] graph - -------> nonSkippedSpace
2021-11-19T10:24:04,293|[TRACE] script - #out(` `) [token]
2021-11-19T10:24:04,293|[TRACE] graph - <------- nonSkippedSpace
2021-11-19T10:24:04,293|[TRACE] graph - <----- statementPart
2021-11-19T10:24:04,293|[TRACE] graph - -----> statementPart
2021-11-19T10:24:04,293|[TRACE] graph - -------> nonSkippedChar
2021-11-19T10:24:04,293|[TRACE] script - #out(`V`) [token]
2021-11-19T10:24:04,293|[TRACE] graph - <------- nonSkippedChar
2021-11-19T10:24:04,293|[TRACE] graph - <----- statementPart
2021-11-19T10:24:04,293|[TRACE] graph - -----> statementPart
2021-11-19T10:24:04,293|[TRACE] graph - -------> nonSkippedChar
2021-11-19T10:24:04,293|[TRACE] script - #out(`I`) [token]
2021-11-19T10:24:04,293|[TRACE] graph - <------- nonSkippedChar
2021-11-19T10:24:04,293|[TRACE] graph - <----- statementPart
2021-11-19T10:24:04,293|[TRACE] graph - -----> statementPart
2021-11-19T10:24:04,293|[TRACE] graph - -------> nonSkippedChar
2021-11-19T10:24:04,293|[TRACE] script - #out(`S`) [token]
2021-11-19T10:24:04,293|[TRACE] graph - <------- nonSkippedChar
2021-11-19T10:24:04,293|[TRACE] graph - <----- statementPart
2021-11-19T10:24:04,293|[TRACE] graph - -----> statementPart
2021-11-19T10:24:04,293|[TRACE] graph - -------> nonSkippedChar
2021-11-19T10:24:04,293|[TRACE] script - #out(`I`) [token]
2021-11-19T10:24:04,293|[TRACE] graph - <------- nonSkippedChar
2021-11-19T10:24:04,293|[TRACE] graph - <----- statementPart
2021-11-19T10:24:04,293|[TRACE] graph - -----> statementPart
2021-11-19T10:24:04,293|[TRACE] graph - -------> nonSkippedChar
2021-11-19T10:24:04,293|[TRACE] script - #out(`B`) [token]
2021-11-19T10:24:04,293|[TRACE] graph - <------- nonSkippedChar
2021-11-19T10:24:04,293|[TRACE] graph - <----- statementPart
2021-11-19T10:24:04,293|[TRACE] graph - -----> statementPart
2021-11-19T10:24:04,293|[TRACE] graph - -------> nonSkippedChar
2021-11-19T10:24:04,293|[TRACE] script - #out(`L`) [token]
2021-11-19T10:24:04,293|[TRACE] graph - <------- nonSkippedChar
2021-11-19T10:24:04,293|[TRACE] graph - <----- statementPart
2021-11-19T10:24:04,293|[TRACE] graph - -----> statementPart
2021-11-19T10:24:04,293|[TRACE] graph - -------> nonSkippedChar
2021-11-19T10:24:04,293|[TRACE] script - #out(`E`) [token]
2021-11-19T10:24:04,293|[TRACE] graph - <------- nonSkippedChar
2021-11-19T10:24:04,293|[TRACE] graph - <----- statementPart
2021-11-19T10:24:04,293|[TRACE] graph - -----> statementPart
2021-11-19T10:24:04,293|[TRACE] graph - -------> nonSkippedChar
2021-11-19T10:24:04,293|[TRACE] script - #out(`)`) [token]
2021-11-19T10:24:04,293|[TRACE] graph - <------- nonSkippedChar
2021-11-19T10:24:04,293|[TRACE] graph - <----- statementPart
2021-11-19T10:24:04,293|[TRACE] graph - -----> afterStatementPartNewline
2021-11-19T10:24:04,293|[TRACE] script - #out(` `) [text]
2021-11-19T10:24:04,293|[TRACE] graph - <----- afterStatementPartNewline
2021-11-19T10:24:04,293|[TRACE] graph - -----> statementPart
2021-11-19T10:24:04,293|[TRACE] graph - -------> nonSkippedChar
2021-11-19T10:24:04,293|[TRACE] script - #out(`E`) [token]
2021-11-19T10:24:04,293|[TRACE] graph - <------- nonSkippedChar
2021-11-19T10:24:04,293|[TRACE] graph - <----- statementPart
2021-11-19T10:24:04,293|[TRACE] graph - -----> statementPart
2021-11-19T10:24:04,293|[TRACE] graph - -------> nonSkippedChar
2021-11-19T10:24:04,293|[TRACE] script - #out(`N`) [token]
2021-11-19T10:24:04,293|[TRACE] graph - <------- nonSkippedChar
2021-11-19T10:24:04,293|[TRACE] graph - <----- statementPart
2021-11-19T10:24:04,293|[TRACE] graph - -----> statementPart
2021-11-19T10:24:04,293|[TRACE] graph - -------> nonSkippedChar
2021-11-19T10:24:04,293|[TRACE] script - #out(`G`) [token]
2021-11-19T10:24:04,293|[TRACE] graph - <------- nonSkippedChar
2021-11-19T10:24:04,293|[TRACE] graph - <----- statementPart
2021-11-19T10:24:04,293|[TRACE] graph - -----> statementPart
2021-11-19T10:24:04,293|[TRACE] graph - -------> nonSkippedChar
2021-11-19T10:24:04,293|[TRACE] script - #out(`I`) [token]
2021-11-19T10:24:04,293|[TRACE] graph - <------- nonSkippedChar
2021-11-19T10:24:04,293|[TRACE] graph - <----- statementPart
2021-11-19T10:24:04,293|[TRACE] graph - -----> statementPart
2021-11-19T10:24:04,293|[TRACE] graph - -------> nonSkippedChar
2021-11-19T10:24:04,293|[TRACE] script - #out(`N`) [token]
2021-11-19T10:24:04,293|[TRACE] graph - <------- nonSkippedChar
2021-11-19T10:24:04,293|[TRACE] graph - <----- statementPart
2021-11-19T10:24:04,293|[TRACE] graph - -----> statementPart
2021-11-19T10:24:04,293|[TRACE] graph - -------> nonSkippedChar
2021-11-19T10:24:04,293|[TRACE] script - #out(`E`) [token]
2021-11-19T10:24:04,293|[TRACE] graph - <------- nonSkippedChar
2021-11-19T10:24:04,293|[TRACE] graph - <----- statementPart
2021-11-19T10:24:04,293|[TRACE] graph - -----> statementPart
2021-11-19T10:24:04,293|[TRACE] graph - -------> nonSkippedSpace
2021-11-19T10:24:04,293|[TRACE] script - #out(` `) [token]
2021-11-19T10:24:04,293|[TRACE] graph - <------- nonSkippedSpace
2021-11-19T10:24:04,293|[TRACE] graph - <----- statementPart
2021-11-19T10:24:04,293|[TRACE] graph - -----> statementPart
2021-11-19T10:24:04,293|[TRACE] graph - -------> nonSkippedChar
2021-11-19T10:24:04,293|[TRACE] script - #out(`=`) [token]
2021-11-19T10:24:04,293|[TRACE] graph - <------- nonSkippedChar
2021-11-19T10:24:04,293|[TRACE] graph - <----- statementPart
2021-11-19T10:24:04,293|[TRACE] graph - -----> statementPart
2021-11-19T10:24:04,293|[TRACE] graph - -------> nonSkippedSpace
2021-11-19T10:24:04,293|[TRACE] script - #out(` `) [token]
2021-11-19T10:24:04,293|[TRACE] graph - <------- nonSkippedSpace
2021-11-19T10:24:04,293|[TRACE] graph - <----- statementPart
2021-11-19T10:24:04,293|[TRACE] graph - -----> statementPart
2021-11-19T10:24:04,293|[TRACE] graph - -------> nonSkippedChar
2021-11-19T10:24:04,293|[TRACE] script - #out(`I`) [token]
2021-11-19T10:24:04,293|[TRACE] graph - <------- nonSkippedChar
2021-11-19T10:24:04,293|[TRACE] graph - <----- statementPart
2021-11-19T10:24:04,293|[TRACE] graph - -----> statementPart
2021-11-19T10:24:04,293|[TRACE] graph - -------> nonSkippedChar
2021-11-19T10:24:04,293|[TRACE] script - #out(`n`) [token]
2021-11-19T10:24:04,293|[TRACE] graph - <------- nonSkippedChar
2021-11-19T10:24:04,293|[TRACE] graph - <----- statementPart
2021-11-19T10:24:04,293|[TRACE] graph - -----> statementPart
2021-11-19T10:24:04,293|[TRACE] graph - -------> nonSkippedChar
2021-11-19T10:24:04,293|[TRACE] script - #out(`n`) [token]
2021-11-19T10:24:04,293|[TRACE] graph - <------- nonSkippedChar
2021-11-19T10:24:04,293|[TRACE] graph - <----- statementPart
2021-11-19T10:24:04,293|[TRACE] graph - -----> statementPart
2021-11-19T10:24:04,293|[TRACE] graph - -------> nonSkippedChar
2021-11-19T10:24:04,293|[TRACE] script - #out(`o`) [token]
2021-11-19T10:24:04,293|[TRACE] graph - <------- nonSkippedChar
2021-11-19T10:24:04,293|[TRACE] graph - <----- statementPart
2021-11-19T10:24:04,293|[TRACE] graph - -----> statementPart
2021-11-19T10:24:04,293|[TRACE] graph - -------> nonSkippedChar
2021-11-19T10:24:04,293|[TRACE] script - #out(`D`) [token]
2021-11-19T10:24:04,293|[TRACE] graph - <------- nonSkippedChar
2021-11-19T10:24:04,293|[TRACE] graph - <----- statementPart
2021-11-19T10:24:04,293|[TRACE] graph - -----> statementPart
2021-11-19T10:24:04,293|[TRACE] graph - -------> nonSkippedChar
2021-11-19T10:24:04,293|[TRACE] script - #out(`B`) [token]
2021-11-19T10:24:04,293|[TRACE] graph - <------- nonSkippedChar
2021-11-19T10:24:04,293|[TRACE] graph - <----- statementPart
2021-11-19T10:24:04,293|[DEBUG] graph - Import statement : CREATE TABLE IF NOT EXISTS `bloodbank`.`blood_bank` (   `bank_id` INT NOT NULL AUTO_INCREMENT,   `name` VARCHAR(100) NOT NULL,   `privately_owned` BIT(1) NOT NULL,   `created` BIGINT NOT NULL DEFAULT (unix_timestamp(now()) * 1000),   `updated` BIGINT NOT NULL DEFAULT (unix_timestamp(now()) * 1000),   `version` INT NOT NULL DEFAULT 1,   PRIMARY KEY (`bank_id`),   UNIQUE INDEX `name_UNIQUE` (`name` ASC) VISIBLE) ENGINE = InnoDB
2021-11-19T10:24:04,351|[TRACE] graph - <--- statement
2021-11-19T10:24:04,352|[TRACE] graph - ---> blankSpacesToSkip
2021-11-19T10:24:04,352|[TRACE] graph - -----> newLineToSkip
2021-11-19T10:24:04,352|[TRACE] graph - <----- newLineToSkip
2021-11-19T10:24:04,352|[TRACE] graph - -----> newLineToSkip
2021-11-19T10:24:04,352|[TRACE] graph - <----- newLineToSkip
2021-11-19T10:24:04,352|[TRACE] graph - -----> newLineToSkip
2021-11-19T10:24:04,352|[TRACE] graph - <----- newLineToSkip
2021-11-19T10:24:04,352|[TRACE] graph - -----> newLineToSkip
2021-11-19T10:24:04,352|[TRACE] graph - <----- newLineToSkip
2021-11-19T10:24:04,352|[TRACE] graph - -----> newLineToSkip
2021-11-19T10:24:04,352|[TRACE] graph - <----- newLineToSkip
2021-11-19T10:24:04,352|[TRACE] graph - -----> newLineToSkip
2021-11-19T10:24:04,352|[TRACE] graph - <----- newLineToSkip
2021-11-19T10:24:04,352|[TRACE] graph - <--- blankSpacesToSkip
2021-11-19T10:24:04,352|[TRACE] graph - ---> statement
2021-11-19T10:24:04,352|[TRACE] graph - -----> statementFirstPart
2021-11-19T10:24:04,352|[TRACE] graph - -------> nonSkippedChar
2021-11-19T10:24:04,352|[TRACE] script - #out(`C`) [token]
2021-11-19T10:24:04,352|[TRACE] graph - <------- nonSkippedChar
2021-11-19T10:24:04,352|[TRACE] graph - <----- statementFirstPart
2021-11-19T10:24:04,352|[TRACE] graph - -----> statementPart
2021-11-19T10:24:04,352|[TRACE] graph - -------> nonSkippedChar
2021-11-19T10:24:04,352|[TRACE] script - #out(`R`) [token]
2021-11-19T10:24:04,352|[TRACE] graph - <------- nonSkippedChar
2021-11-19T10:24:04,352|[TRACE] graph - <----- statementPart
2021-11-19T10:24:04,352|[TRACE] graph - -----> statementPart
2021-11-19T10:24:04,352|[TRACE] graph - -------> nonSkippedChar
2021-11-19T10:24:04,352|[TRACE] script - #out(`E`) [token]
2021-11-19T10:24:04,352|[TRACE] graph - <------- nonSkippedChar
2021-11-19T10:24:04,352|[TRACE] graph - <----- statementPart
2021-11-19T10:24:04,352|[TRACE] graph - -----> statementPart
2021-11-19T10:24:04,352|[TRACE] graph - -------> nonSkippedChar
2021-11-19T10:24:04,352|[TRACE] script - #out(`A`) [token]
2021-11-19T10:24:04,352|[TRACE] graph - <------- nonSkippedChar
2021-11-19T10:24:04,352|[TRACE] graph - <----- statementPart
2021-11-19T10:24:04,352|[TRACE] graph - -----> statementPart
2021-11-19T10:24:04,352|[TRACE] graph - -------> nonSkippedChar
2021-11-19T10:24:04,352|[TRACE] script - #out(`T`) [token]
2021-11-19T10:24:04,352|[TRACE] graph - <------- nonSkippedChar
2021-11-19T10:24:04,352|[TRACE] graph - <----- statementPart
2021-11-19T10:24:04,352|[TRACE] graph - -----> statementPart
2021-11-19T10:24:04,352|[TRACE] graph - -------> nonSkippedChar
2021-11-19T10:24:04,352|[TRACE] script - #out(`E`) [token]
2021-11-19T10:24:04,352|[TRACE] graph - <------- nonSkippedChar
2021-11-19T10:24:04,352|[TRACE] graph - <----- statementPart
2021-11-19T10:24:04,352|[TRACE] graph - -----> statementPart
2021-11-19T10:24:04,352|[TRACE] graph - -------> nonSkippedSpace
2021-11-19T10:24:04,352|[TRACE] script - #out(` `) [token]
2021-11-19T10:24:04,352|[TRACE] graph - <------- nonSkippedSpace
2021-11-19T10:24:04,352|[TRACE] graph - <----- statementPart
2021-11-19T10:24:04,352|[TRACE] graph - -----> statementPart
2021-11-19T10:24:04,352|[TRACE] graph - -------> nonSkippedChar
2021-11-19T10:24:04,352|[TRACE] script - #out(`T`) [token]
2021-11-19T10:24:04,352|[TRACE] graph - <------- nonSkippedChar
2021-11-19T10:24:04,352|[TRACE] graph - <----- statementPart
2021-11-19T10:24:04,352|[TRACE] graph - -----> statementPart
2021-11-19T10:24:04,352|[TRACE] graph - -------> nonSkippedChar
2021-11-19T10:24:04,352|[TRACE] script - #out(`A`) [token]
2021-11-19T10:24:04,352|[TRACE] graph - <------- nonSkippedChar
2021-11-19T10:24:04,352|[TRACE] graph - <----- statementPart
2021-11-19T10:24:04,352|[TRACE] graph - -----> statementPart
2021-11-19T10:24:04,352|[TRACE] graph - -------> nonSkippedChar
2021-11-19T10:24:04,352|[TRACE] script - #out(`B`) [token]
2021-11-19T10:24:04,352|[TRACE] graph - <------- nonSkippedChar
2021-11-19T10:24:04,352|[TRACE] graph - <----- statementPart
2021-11-19T10:24:04,352|[TRACE] graph - -----> statementPart
2021-11-19T10:24:04,352|[TRACE] graph - -------> nonSkippedChar
2021-11-19T10:24:04,352|[TRACE] script - #out(`L`) [token]
2021-11-19T10:24:04,352|[TRACE] graph - <------- nonSkippedChar
2021-11-19T10:24:04,352|[TRACE] graph - <----- statementPart
2021-11-19T10:24:04,352|[TRACE] graph - -----> statementPart
2021-11-19T10:24:04,352|[TRACE] graph - -------> nonSkippedChar
2021-11-19T10:24:04,352|[TRACE] script - #out(`E`) [token]
2021-11-19T10:24:04,352|[TRACE] graph - <------- nonSkippedChar
2021-11-19T10:24:04,352|[TRACE] graph - <----- statementPart
2021-11-19T10:24:04,352|[TRACE] graph - -----> statementPart
2021-11-19T10:24:04,352|[TRACE] graph - -------> nonSkippedSpace
2021-11-19T10:24:04,352|[TRACE] script - #out(` `) [token]
2021-11-19T10:24:04,352|[TRACE] graph - <------- nonSkippedSpace
2021-11-19T10:24:04,352|[TRACE] graph - <----- statementPart
2021-11-19T10:24:04,352|[TRACE] graph - -----> statementPart
2021-11-19T10:24:04,352|[TRACE] graph - -------> nonSkippedChar
2021-11-19T10:24:04,352|[TRACE] script - #out(`I`) [token]
2021-11-19T10:24:04,352|[TRACE] graph - <------- nonSkippedChar
2021-11-19T10:24:04,352|[TRACE] graph - <----- statementPart
2021-11-19T10:24:04,352|[TRACE] graph - -----> statementPart
2021-11-19T10:24:04,352|[TRACE] graph - -------> nonSkippedChar
2021-11-19T10:24:04,352|[TRACE] script - #out(`F`) [token]
2021-11-19T10:24:04,352|[TRACE] graph - <------- nonSkippedChar
2021-11-19T10:24:04,352|[TRACE] graph - <----- statementPart
2021-11-19T10:24:04,352|[TRACE] graph - -----> statementPart
2021-11-19T10:24:04,352|[TRACE] graph - -------> nonSkippedSpace
2021-11-19T10:24:04,352|[TRACE] script - #out(` `) [token]
2021-11-19T10:24:04,352|[TRACE] graph - <------- nonSkippedSpace
2021-11-19T10:24:04,352|[TRACE] graph - <----- statementPart
2021-11-19T10:24:04,352|[TRACE] graph - -----> statementPart
2021-11-19T10:24:04,352|[TRACE] graph - -------> nonSkippedChar
2021-11-19T10:24:04,352|[TRACE] script - #out(`N`) [token]
2021-11-19T10:24:04,352|[TRACE] graph - <------- nonSkippedChar
2021-11-19T10:24:04,352|[TRACE] graph - <----- statementPart
2021-11-19T10:24:04,352|[TRACE] graph - -----> statementPart
2021-11-19T10:24:04,352|[TRACE] graph - -------> nonSkippedChar
2021-11-19T10:24:04,352|[TRACE] script - #out(`O`) [token]
2021-11-19T10:24:04,352|[TRACE] graph - <------- nonSkippedChar
2021-11-19T10:24:04,352|[TRACE] graph - <----- statementPart
2021-11-19T10:24:04,352|[TRACE] graph - -----> statementPart
2021-11-19T10:24:04,352|[TRACE] graph - -------> nonSkippedChar
2021-11-19T10:24:04,352|[TRACE] script - #out(`T`) [token]
2021-11-19T10:24:04,352|[TRACE] graph - <------- nonSkippedChar
2021-11-19T10:24:04,352|[TRACE] graph - <----- statementPart
2021-11-19T10:24:04,352|[TRACE] graph - -----> statementPart
2021-11-19T10:24:04,352|[TRACE] graph - -------> nonSkippedSpace
2021-11-19T10:24:04,352|[TRACE] script - #out(` `) [token]
2021-11-19T10:24:04,352|[TRACE] graph - <------- nonSkippedSpace
2021-11-19T10:24:04,352|[TRACE] graph - <----- statementPart
2021-11-19T10:24:04,352|[TRACE] graph - -----> statementPart
2021-11-19T10:24:04,352|[TRACE] graph - -------> nonSkippedChar
2021-11-19T10:24:04,352|[TRACE] script - #out(`E`) [token]
2021-11-19T10:24:04,352|[TRACE] graph - <------- nonSkippedChar
2021-11-19T10:24:04,352|[TRACE] graph - <----- statementPart
2021-11-19T10:24:04,352|[TRACE] graph - -----> statementPart
2021-11-19T10:24:04,352|[TRACE] graph - -------> nonSkippedChar
2021-11-19T10:24:04,352|[TRACE] script - #out(`X`) [token]
2021-11-19T10:24:04,352|[TRACE] graph - <------- nonSkippedChar
2021-11-19T10:24:04,352|[TRACE] graph - <----- statementPart
2021-11-19T10:24:04,352|[TRACE] graph - -----> statementPart
2021-11-19T10:24:04,352|[TRACE] graph - -------> nonSkippedChar
2021-11-19T10:24:04,352|[TRACE] script - #out(`I`) [token]
2021-11-19T10:24:04,352|[TRACE] graph - <------- nonSkippedChar
2021-11-19T10:24:04,352|[TRACE] graph - <----- statementPart
2021-11-19T10:24:04,352|[TRACE] graph - -----> statementPart
2021-11-19T10:24:04,352|[TRACE] graph - -------> nonSkippedChar
2021-11-19T10:24:04,352|[TRACE] script - #out(`S`) [token]
2021-11-19T10:24:04,352|[TRACE] graph - <------- nonSkippedChar
2021-11-19T10:24:04,352|[TRACE] graph - <----- statementPart
2021-11-19T10:24:04,352|[TRACE] graph - -----> statementPart
2021-11-19T10:24:04,352|[TRACE] graph - -------> nonSkippedChar
2021-11-19T10:24:04,352|[TRACE] script - #out(`T`) [token]
2021-11-19T10:24:04,352|[TRACE] graph - <------- nonSkippedChar
2021-11-19T10:24:04,352|[TRACE] graph - <----- statementPart
2021-11-19T10:24:04,352|[TRACE] graph - -----> statementPart
2021-11-19T10:24:04,352|[TRACE] graph - -------> nonSkippedChar
2021-11-19T10:24:04,352|[TRACE] script - #out(`S`) [token]
2021-11-19T10:24:04,353|[TRACE] graph - <------- nonSkippedChar
2021-11-19T10:24:04,353|[TRACE] graph - <----- statementPart
2021-11-19T10:24:04,353|[TRACE] graph - -----> statementPart
2021-11-19T10:24:04,353|[TRACE] graph - -------> nonSkippedSpace
2021-11-19T10:24:04,353|[TRACE] script - #out(` `) [token]
2021-11-19T10:24:04,353|[TRACE] graph - <------- nonSkippedSpace
2021-11-19T10:24:04,353|[TRACE] graph - <----- statementPart
2021-11-19T10:24:04,353|[TRACE] graph - -----> statementPart
2021-11-19T10:24:04,353|[TRACE] graph - -------> quotedString
2021-11-19T10:24:04,353|[TRACE] script - #out(``bloodbank``) [token]
2021-11-19T10:24:04,353|[TRACE] graph - <------- quotedString
2021-11-19T10:24:04,353|[TRACE] graph - <----- statementPart
2021-11-19T10:24:04,353|[TRACE] graph - -----> statementPart
2021-11-19T10:24:04,353|[TRACE] graph - -------> nonSkippedChar
2021-11-19T10:24:04,353|[TRACE] script - #out(`.`) [token]
2021-11-19T10:24:04,353|[TRACE] graph - <------- nonSkippedChar
2021-11-19T10:24:04,353|[TRACE] graph - <----- statementPart
2021-11-19T10:24:04,353|[TRACE] graph - -----> statementPart
2021-11-19T10:24:04,353|[TRACE] graph - -------> quotedString
2021-11-19T10:24:04,353|[TRACE] script - #out(``blood_donation``) [token]
2021-11-19T10:24:04,353|[TRACE] graph - <------- quotedString
2021-11-19T10:24:04,353|[TRACE] graph - <----- statementPart
2021-11-19T10:24:04,353|[TRACE] graph - -----> statementPart
2021-11-19T10:24:04,353|[TRACE] graph - -------> nonSkippedSpace
2021-11-19T10:24:04,353|[TRACE] script - #out(` `) [token]
2021-11-19T10:24:04,353|[TRACE] graph - <------- nonSkippedSpace
2021-11-19T10:24:04,353|[TRACE] graph - <----- statementPart
2021-11-19T10:24:04,353|[TRACE] graph - -----> statementPart
2021-11-19T10:24:04,353|[TRACE] graph - -------> nonSkippedChar
2021-11-19T10:24:04,353|[TRACE] script - #out(`(`) [token]
2021-11-19T10:24:04,353|[TRACE] graph - <------- nonSkippedChar
2021-11-19T10:24:04,353|[TRACE] graph - <----- statementPart
2021-11-19T10:24:04,353|[TRACE] graph - -----> afterStatementPartNewline
2021-11-19T10:24:04,353|[TRACE] script - #out(` `) [text]
2021-11-19T10:24:04,353|[TRACE] graph - <----- afterStatementPartNewline
2021-11-19T10:24:04,353|[TRACE] graph - -----> statementPart
2021-11-19T10:24:04,353|[TRACE] graph - -------> nonSkippedSpace
2021-11-19T10:24:04,353|[TRACE] script - #out(` `) [token]
2021-11-19T10:24:04,353|[TRACE] graph - <------- nonSkippedSpace
2021-11-19T10:24:04,353|[TRACE] graph - <----- statementPart
2021-11-19T10:24:04,353|[TRACE] graph - -----> statementPart
2021-11-19T10:24:04,353|[TRACE] graph - -------> nonSkippedSpace
2021-11-19T10:24:04,353|[TRACE] script - #out(` `) [token]
2021-11-19T10:24:04,353|[TRACE] graph - <------- nonSkippedSpace
2021-11-19T10:24:04,353|[TRACE] graph - <----- statementPart
2021-11-19T10:24:04,353|[TRACE] graph - -----> statementPart
2021-11-19T10:24:04,353|[TRACE] graph - -------> quotedString
2021-11-19T10:24:04,353|[TRACE] script - #out(``donation_id``) [token]
2021-11-19T10:24:04,353|[TRACE] graph - <------- quotedString
2021-11-19T10:24:04,353|[TRACE] graph - <----- statementPart
2021-11-19T10:24:04,353|[TRACE] graph - -----> statementPart
2021-11-19T10:24:04,353|[TRACE] graph - -------> nonSkippedSpace
2021-11-19T10:24:04,353|[TRACE] script - #out(` `) [token]
2021-11-19T10:24:04,353|[TRACE] graph - <------- nonSkippedSpace
2021-11-19T10:24:04,353|[TRACE] graph - <----- statementPart
2021-11-19T10:24:04,353|[TRACE] graph - -----> statementPart
2021-11-19T10:24:04,353|[TRACE] graph - -------> nonSkippedChar
2021-11-19T10:24:04,353|[TRACE] script - #out(`I`) [token]
2021-11-19T10:24:04,353|[TRACE] graph - <------- nonSkippedChar
2021-11-19T10:24:04,353|[TRACE] graph - <----- statementPart
2021-11-19T10:24:04,353|[TRACE] graph - -----> statementPart
2021-11-19T10:24:04,353|[TRACE] graph - -------> nonSkippedChar
2021-11-19T10:24:04,353|[TRACE] script - #out(`N`) [token]
2021-11-19T10:24:04,353|[TRACE] graph - <------- nonSkippedChar
2021-11-19T10:24:04,353|[TRACE] graph - <----- statementPart
2021-11-19T10:24:04,353|[TRACE] graph - -----> statementPart
2021-11-19T10:24:04,353|[TRACE] graph - -------> nonSkippedChar
2021-11-19T10:24:04,353|[TRACE] script - #out(`T`) [token]
2021-11-19T10:24:04,353|[TRACE] graph - <------- nonSkippedChar
2021-11-19T10:24:04,353|[TRACE] graph - <----- statementPart
2021-11-19T10:24:04,353|[TRACE] graph - -----> statementPart
2021-11-19T10:24:04,353|[TRACE] graph - -------> nonSkippedSpace
2021-11-19T10:24:04,353|[TRACE] script - #out(` `) [token]
2021-11-19T10:24:04,353|[TRACE] graph - <------- nonSkippedSpace
2021-11-19T10:24:04,353|[TRACE] graph - <----- statementPart
2021-11-19T10:24:04,353|[TRACE] graph - -----> statementPart
2021-11-19T10:24:04,353|[TRACE] graph - -------> nonSkippedChar
2021-11-19T10:24:04,353|[TRACE] script - #out(`N`) [token]
2021-11-19T10:24:04,353|[TRACE] graph - <------- nonSkippedChar
2021-11-19T10:24:04,353|[TRACE] graph - <----- statementPart
2021-11-19T10:24:04,353|[TRACE] graph - -----> statementPart
2021-11-19T10:24:04,353|[TRACE] graph - -------> nonSkippedChar
2021-11-19T10:24:04,353|[TRACE] script - #out(`O`) [token]
2021-11-19T10:24:04,353|[TRACE] graph - <------- nonSkippedChar
2021-11-19T10:24:04,353|[TRACE] graph - <----- statementPart
2021-11-19T10:24:04,353|[TRACE] graph - -----> statementPart
2021-11-19T10:24:04,353|[TRACE] graph - -------> nonSkippedChar
2021-11-19T10:24:04,353|[TRACE] script - #out(`T`) [token]
2021-11-19T10:24:04,353|[TRACE] graph - <------- nonSkippedChar
2021-11-19T10:24:04,353|[TRACE] graph - <----- statementPart
2021-11-19T10:24:04,353|[TRACE] graph - -----> statementPart
2021-11-19T10:24:04,353|[TRACE] graph - -------> nonSkippedSpace
2021-11-19T10:24:04,353|[TRACE] script - #out(` `) [token]
2021-11-19T10:24:04,353|[TRACE] graph - <------- nonSkippedSpace
2021-11-19T10:24:04,353|[TRACE] graph - <----- statementPart
2021-11-19T10:24:04,353|[TRACE] graph - -----> statementPart
2021-11-19T10:24:04,353|[TRACE] graph - -------> nonSkippedChar
2021-11-19T10:24:04,353|[TRACE] script - #out(`N`) [token]
2021-11-19T10:24:04,353|[TRACE] graph - <------- nonSkippedChar
2021-11-19T10:24:04,353|[TRACE] graph - <----- statementPart
2021-11-19T10:24:04,353|[TRACE] graph - -----> statementPart
2021-11-19T10:24:04,353|[TRACE] graph - -------> nonSkippedChar
2021-11-19T10:24:04,353|[TRACE] script - #out(`U`) [token]
2021-11-19T10:24:04,353|[TRACE] graph - <------- nonSkippedChar
2021-11-19T10:24:04,353|[TRACE] graph - <----- statementPart
2021-11-19T10:24:04,353|[TRACE] graph - -----> statementPart
2021-11-19T10:24:04,353|[TRACE] graph - -------> nonSkippedChar
2021-11-19T10:24:04,353|[TRACE] script - #out(`L`) [token]
2021-11-19T10:24:04,353|[TRACE] graph - <------- nonSkippedChar
2021-11-19T10:24:04,353|[TRACE] graph - <----- statementPart
2021-11-19T10:24:04,353|[TRACE] graph - -----> statementPart
2021-11-19T10:24:04,353|[TRACE] graph - -------> nonSkippedChar
2021-11-19T10:24:04,353|[TRACE] script - #out(`L`) [token]
2021-11-19T10:24:04,353|[TRACE] graph - <------- nonSkippedChar
2021-11-19T10:24:04,353|[TRACE] graph - <----- statementPart
2021-11-19T10:24:04,353|[TRACE] graph - -----> statementPart
2021-11-19T10:24:04,353|[TRACE] graph - -------> nonSkippedSpace
2021-11-19T10:24:04,353|[TRACE] script - #out(` `) [token]
2021-11-19T10:24:04,353|[TRACE] graph - <------- nonSkippedSpace
2021-11-19T10:24:04,353|[TRACE] graph - <----- statementPart
2021-11-19T10:24:04,353|[TRACE] graph - -----> statementPart
2021-11-19T10:24:04,353|[TRACE] graph - -------> nonSkippedChar
2021-11-19T10:24:04,353|[TRACE] script - #out(`A`) [token]
2021-11-19T10:24:04,353|[TRACE] graph - <------- nonSkippedChar
2021-11-19T10:24:04,353|[TRACE] graph - <----- statementPart
2021-11-19T10:24:04,353|[TRACE] graph - -----> statementPart
2021-11-19T10:24:04,353|[TRACE] graph - -------> nonSkippedChar
2021-11-19T10:24:04,353|[TRACE] script - #out(`U`) [token]
2021-11-19T10:24:04,353|[TRACE] graph - <------- nonSkippedChar
2021-11-19T10:24:04,353|[TRACE] graph - <----- statementPart
2021-11-19T10:24:04,353|[TRACE] graph - -----> statementPart
2021-11-19T10:24:04,353|[TRACE] graph - -------> nonSkippedChar
2021-11-19T10:24:04,353|[TRACE] script - #out(`T`) [token]
2021-11-19T10:24:04,353|[TRACE] graph - <------- nonSkippedChar
2021-11-19T10:24:04,353|[TRACE] graph - <----- statementPart
2021-11-19T10:24:04,353|[TRACE] graph - -----> statementPart
2021-11-19T10:24:04,353|[TRACE] graph - -------> nonSkippedChar
2021-11-19T10:24:04,353|[TRACE] script - #out(`O`) [token]
2021-11-19T10:24:04,353|[TRACE] graph - <------- nonSkippedChar
2021-11-19T10:24:04,353|[TRACE] graph - <----- statementPart
2021-11-19T10:24:04,353|[TRACE] graph - -----> statementPart
2021-11-19T10:24:04,353|[TRACE] graph - -------> nonSkippedChar
2021-11-19T10:24:04,353|[TRACE] script - #out(`_`) [token]
2021-11-19T10:24:04,353|[TRACE] graph - <------- nonSkippedChar
2021-11-19T10:24:04,353|[TRACE] graph - <----- statementPart
2021-11-19T10:24:04,353|[TRACE] graph - -----> statementPart
2021-11-19T10:24:04,353|[TRACE] graph - -------> nonSkippedChar
2021-11-19T10:24:04,353|[TRACE] script - #out(`I`) [token]
2021-11-19T10:24:04,353|[TRACE] graph - <------- nonSkippedChar
2021-11-19T10:24:04,353|[TRACE] graph - <----- statementPart
2021-11-19T10:24:04,353|[TRACE] graph - -----> statementPart
2021-11-19T10:24:04,353|[TRACE] graph - -------> nonSkippedChar
2021-11-19T10:24:04,354|[TRACE] script - #out(`N`) [token]
2021-11-19T10:24:04,354|[TRACE] graph - <------- nonSkippedChar
2021-11-19T10:24:04,354|[TRACE] graph - <----- statementPart
2021-11-19T10:24:04,354|[TRACE] graph - -----> statementPart
2021-11-19T10:24:04,354|[TRACE] graph - -------> nonSkippedChar
2021-11-19T10:24:04,354|[TRACE] script - #out(`C`) [token]
2021-11-19T10:24:04,354|[TRACE] graph - <------- nonSkippedChar
2021-11-19T10:24:04,354|[TRACE] graph - <----- statementPart
2021-11-19T10:24:04,354|[TRACE] graph - -----> statementPart
2021-11-19T10:24:04,354|[TRACE] graph - -------> nonSkippedChar
2021-11-19T10:24:04,354|[TRACE] script - #out(`R`) [token]
2021-11-19T10:24:04,354|[TRACE] graph - <------- nonSkippedChar
2021-11-19T10:24:04,354|[TRACE] graph - <----- statementPart
2021-11-19T10:24:04,354|[TRACE] graph - -----> statementPart
2021-11-19T10:24:04,354|[TRACE] graph - -------> nonSkippedChar
2021-11-19T10:24:04,354|[TRACE] script - #out(`E`) [token]
2021-11-19T10:24:04,354|[TRACE] graph - <------- nonSkippedChar
2021-11-19T10:24:04,354|[TRACE] graph - <----- statementPart
2021-11-19T10:24:04,354|[TRACE] graph - -----> statementPart
2021-11-19T10:24:04,354|[TRACE] graph - -------> nonSkippedChar
2021-11-19T10:24:04,354|[TRACE] script - #out(`M`) [token]
2021-11-19T10:24:04,354|[TRACE] graph - <------- nonSkippedChar
2021-11-19T10:24:04,354|[TRACE] graph - <----- statementPart
2021-11-19T10:24:04,354|[TRACE] graph - -----> statementPart
2021-11-19T10:24:04,354|[TRACE] graph - -------> nonSkippedChar
2021-11-19T10:24:04,354|[TRACE] script - #out(`E`) [token]
2021-11-19T10:24:04,354|[TRACE] graph - <------- nonSkippedChar
2021-11-19T10:24:04,354|[TRACE] graph - <----- statementPart
2021-11-19T10:24:04,354|[TRACE] graph - -----> statementPart
2021-11-19T10:24:04,354|[TRACE] graph - -------> nonSkippedChar
2021-11-19T10:24:04,354|[TRACE] script - #out(`N`) [token]
2021-11-19T10:24:04,354|[TRACE] graph - <------- nonSkippedChar
2021-11-19T10:24:04,354|[TRACE] graph - <----- statementPart
2021-11-19T10:24:04,354|[TRACE] graph - -----> statementPart
2021-11-19T10:24:04,354|[TRACE] graph - -------> nonSkippedChar
2021-11-19T10:24:04,354|[TRACE] script - #out(`T`) [token]
2021-11-19T10:24:04,354|[TRACE] graph - <------- nonSkippedChar
2021-11-19T10:24:04,354|[TRACE] graph - <----- statementPart
2021-11-19T10:24:04,354|[TRACE] graph - -----> statementPart
2021-11-19T10:24:04,354|[TRACE] graph - -------> nonSkippedChar
2021-11-19T10:24:04,354|[TRACE] script - #out(`,`) [token]
2021-11-19T10:24:04,354|[TRACE] graph - <------- nonSkippedChar
2021-11-19T10:24:04,354|[TRACE] graph - <----- statementPart
2021-11-19T10:24:04,354|[TRACE] graph - -----> afterStatementPartNewline
2021-11-19T10:24:04,354|[TRACE] script - #out(` `) [text]
2021-11-19T10:24:04,354|[TRACE] graph - <----- afterStatementPartNewline
2021-11-19T10:24:04,354|[TRACE] graph - -----> statementPart
2021-11-19T10:24:04,354|[TRACE] graph - -------> nonSkippedSpace
2021-11-19T10:24:04,354|[TRACE] script - #out(` `) [token]
2021-11-19T10:24:04,354|[TRACE] graph - <------- nonSkippedSpace
2021-11-19T10:24:04,354|[TRACE] graph - <----- statementPart
2021-11-19T10:24:04,354|[TRACE] graph - -----> statementPart
2021-11-19T10:24:04,354|[TRACE] graph - -------> nonSkippedSpace
2021-11-19T10:24:04,354|[TRACE] script - #out(` `) [token]
2021-11-19T10:24:04,354|[TRACE] graph - <------- nonSkippedSpace
2021-11-19T10:24:04,354|[TRACE] graph - <----- statementPart
2021-11-19T10:24:04,354|[TRACE] graph - -----> statementPart
2021-11-19T10:24:04,354|[TRACE] graph - -------> quotedString
2021-11-19T10:24:04,354|[TRACE] script - #out(``bank_id``) [token]
2021-11-19T10:24:04,354|[TRACE] graph - <------- quotedString
2021-11-19T10:24:04,354|[TRACE] graph - <----- statementPart
2021-11-19T10:24:04,354|[TRACE] graph - -----> statementPart
2021-11-19T10:24:04,354|[TRACE] graph - -------> nonSkippedSpace
2021-11-19T10:24:04,354|[TRACE] script - #out(` `) [token]
2021-11-19T10:24:04,354|[TRACE] graph - <------- nonSkippedSpace
2021-11-19T10:24:04,354|[TRACE] graph - <----- statementPart
2021-11-19T10:24:04,354|[TRACE] graph - -----> statementPart
2021-11-19T10:24:04,354|[TRACE] graph - -------> nonSkippedChar
2021-11-19T10:24:04,354|[TRACE] script - #out(`I`) [token]
2021-11-19T10:24:04,354|[TRACE] graph - <------- nonSkippedChar
2021-11-19T10:24:04,354|[TRACE] graph - <----- statementPart
2021-11-19T10:24:04,354|[TRACE] graph - -----> statementPart
2021-11-19T10:24:04,354|[TRACE] graph - -------> nonSkippedChar
2021-11-19T10:24:04,354|[TRACE] script - #out(`N`) [token]
2021-11-19T10:24:04,354|[TRACE] graph - <------- nonSkippedChar
2021-11-19T10:24:04,354|[TRACE] graph - <----- statementPart
2021-11-19T10:24:04,354|[TRACE] graph - -----> statementPart
2021-11-19T10:24:04,354|[TRACE] graph - -------> nonSkippedChar
2021-11-19T10:24:04,354|[TRACE] script - #out(`T`) [token]
2021-11-19T10:24:04,354|[TRACE] graph - <------- nonSkippedChar
2021-11-19T10:24:04,354|[TRACE] graph - <----- statementPart
2021-11-19T10:24:04,354|[TRACE] graph - -----> statementPart
2021-11-19T10:24:04,354|[TRACE] graph - -------> nonSkippedSpace
2021-11-19T10:24:04,354|[TRACE] script - #out(` `) [token]
2021-11-19T10:24:04,354|[TRACE] graph - <------- nonSkippedSpace
2021-11-19T10:24:04,354|[TRACE] graph - <----- statementPart
2021-11-19T10:24:04,354|[TRACE] graph - -----> statementPart
2021-11-19T10:24:04,354|[TRACE] graph - -------> nonSkippedChar
2021-11-19T10:24:04,354|[TRACE] script - #out(`N`) [token]
2021-11-19T10:24:04,354|[TRACE] graph - <------- nonSkippedChar
2021-11-19T10:24:04,354|[TRACE] graph - <----- statementPart
2021-11-19T10:24:04,354|[TRACE] graph - -----> statementPart
2021-11-19T10:24:04,354|[TRACE] graph - -------> nonSkippedChar
2021-11-19T10:24:04,354|[TRACE] script - #out(`O`) [token]
2021-11-19T10:24:04,354|[TRACE] graph - <------- nonSkippedChar
2021-11-19T10:24:04,354|[TRACE] graph - <----- statementPart
2021-11-19T10:24:04,354|[TRACE] graph - -----> statementPart
2021-11-19T10:24:04,354|[TRACE] graph - -------> nonSkippedChar
2021-11-19T10:24:04,354|[TRACE] script - #out(`T`) [token]
2021-11-19T10:24:04,354|[TRACE] graph - <------- nonSkippedChar
2021-11-19T10:24:04,354|[TRACE] graph - <----- statementPart
2021-11-19T10:24:04,354|[TRACE] graph - -----> statementPart
2021-11-19T10:24:04,354|[TRACE] graph - -------> nonSkippedSpace
2021-11-19T10:24:04,354|[TRACE] script - #out(` `) [token]
2021-11-19T10:24:04,354|[TRACE] graph - <------- nonSkippedSpace
2021-11-19T10:24:04,354|[TRACE] graph - <----- statementPart
2021-11-19T10:24:04,354|[TRACE] graph - -----> statementPart
2021-11-19T10:24:04,354|[TRACE] graph - -------> nonSkippedChar
2021-11-19T10:24:04,354|[TRACE] script - #out(`N`) [token]
2021-11-19T10:24:04,354|[TRACE] graph - <------- nonSkippedChar
2021-11-19T10:24:04,354|[TRACE] graph - <----- statementPart
2021-11-19T10:24:04,354|[TRACE] graph - -----> statementPart
2021-11-19T10:24:04,354|[TRACE] graph - -------> nonSkippedChar
2021-11-19T10:24:04,354|[TRACE] script - #out(`U`) [token]
2021-11-19T10:24:04,354|[TRACE] graph - <------- nonSkippedChar
2021-11-19T10:24:04,354|[TRACE] graph - <----- statementPart
2021-11-19T10:24:04,354|[TRACE] graph - -----> statementPart
2021-11-19T10:24:04,354|[TRACE] graph - -------> nonSkippedChar
2021-11-19T10:24:04,354|[TRACE] script - #out(`L`) [token]
2021-11-19T10:24:04,354|[TRACE] graph - <------- nonSkippedChar
2021-11-19T10:24:04,354|[TRACE] graph - <----- statementPart
2021-11-19T10:24:04,354|[TRACE] graph - -----> statementPart
2021-11-19T10:24:04,354|[TRACE] graph - -------> nonSkippedChar
2021-11-19T10:24:04,354|[TRACE] script - #out(`L`) [token]
2021-11-19T10:24:04,354|[TRACE] graph - <------- nonSkippedChar
2021-11-19T10:24:04,354|[TRACE] graph - <----- statementPart
2021-11-19T10:24:04,354|[TRACE] graph - -----> statementPart
2021-11-19T10:24:04,354|[TRACE] graph - -------> nonSkippedChar
2021-11-19T10:24:04,354|[TRACE] script - #out(`,`) [token]
2021-11-19T10:24:04,354|[TRACE] graph - <------- nonSkippedChar
2021-11-19T10:24:04,354|[TRACE] graph - <----- statementPart
2021-11-19T10:24:04,354|[TRACE] graph - -----> afterStatementPartNewline
2021-11-19T10:24:04,354|[TRACE] script - #out(` `) [text]
2021-11-19T10:24:04,354|[TRACE] graph - <----- afterStatementPartNewline
2021-11-19T10:24:04,354|[TRACE] graph - -----> statementPart
2021-11-19T10:24:04,354|[TRACE] graph - -------> nonSkippedSpace
2021-11-19T10:24:04,354|[TRACE] script - #out(` `) [token]
2021-11-19T10:24:04,354|[TRACE] graph - <------- nonSkippedSpace
2021-11-19T10:24:04,354|[TRACE] graph - <----- statementPart
2021-11-19T10:24:04,354|[TRACE] graph - -----> statementPart
2021-11-19T10:24:04,354|[TRACE] graph - -------> nonSkippedSpace
2021-11-19T10:24:04,354|[TRACE] script - #out(` `) [token]
2021-11-19T10:24:04,354|[TRACE] graph - <------- nonSkippedSpace
2021-11-19T10:24:04,354|[TRACE] graph - <----- statementPart
2021-11-19T10:24:04,354|[TRACE] graph - -----> statementPart
2021-11-19T10:24:04,354|[TRACE] graph - -------> quotedString
2021-11-19T10:24:04,354|[TRACE] script - #out(``milliliters``) [token]
2021-11-19T10:24:04,354|[TRACE] graph - <------- quotedString
2021-11-19T10:24:04,354|[TRACE] graph - <----- statementPart
2021-11-19T10:24:04,354|[TRACE] graph - -----> statementPart
2021-11-19T10:24:04,354|[TRACE] graph - -------> nonSkippedSpace
2021-11-19T10:24:04,354|[TRACE] script - #out(` `) [token]
2021-11-19T10:24:04,354|[TRACE] graph - <------- nonSkippedSpace
2021-11-19T10:24:04,354|[TRACE] graph - <----- statementPart
2021-11-19T10:24:04,354|[TRACE] graph - -----> statementPart
2021-11-19T10:24:04,354|[TRACE] graph - -------> nonSkippedChar
2021-11-19T10:24:04,354|[TRACE] script - #out(`I`) [token]
2021-11-19T10:24:04,354|[TRACE] graph - <------- nonSkippedChar
2021-11-19T10:24:04,354|[TRACE] graph - <----- statementPart
2021-11-19T10:24:04,354|[TRACE] graph - -----> statementPart
2021-11-19T10:24:04,354|[TRACE] graph - -------> nonSkippedChar
2021-11-19T10:24:04,355|[TRACE] script - #out(`N`) [token]
2021-11-19T10:24:04,355|[TRACE] graph - <------- nonSkippedChar
2021-11-19T10:24:04,355|[TRACE] graph - <----- statementPart
2021-11-19T10:24:04,415|[TRACE] graph - -----> statementPart
2021-11-19T10:24:04,415|[TRACE] graph - -------> nonSkippedChar
2021-11-19T10:24:04,415|[TRACE] script - #out(`T`) [token]
2021-11-19T10:24:04,415|[TRACE] graph - <------- nonSkippedChar
2021-11-19T10:24:04,415|[TRACE] graph - <----- statementPart
2021-11-19T10:24:04,415|[TRACE] graph - -----> statementPart
2021-11-19T10:24:04,415|[TRACE] graph - -------> nonSkippedSpace
2021-11-19T10:24:04,415|[TRACE] script - #out(` `) [token]
2021-11-19T10:24:04,415|[TRACE] graph - <------- nonSkippedSpace
2021-11-19T10:24:04,415|[TRACE] graph - <----- statementPart
2021-11-19T10:24:04,415|[TRACE] graph - -----> statementPart
2021-11-19T10:24:04,415|[TRACE] graph - -------> nonSkippedChar
2021-11-19T10:24:04,415|[TRACE] script - #out(`N`) [token]
2021-11-19T10:24:04,415|[TRACE] graph - <------- nonSkippedChar
2021-11-19T10:24:04,415|[TRACE] graph - <----- statementPart
2021-11-19T10:24:04,415|[TRACE] graph - -----> statementPart
2021-11-19T10:24:04,415|[TRACE] graph - -------> nonSkippedChar
2021-11-19T10:24:04,415|[TRACE] script - #out(`O`) [token]
2021-11-19T10:24:04,416|[TRACE] graph - <------- nonSkippedChar
2021-11-19T10:24:04,416|[TRACE] graph - <----- statementPart
2021-11-19T10:24:04,416|[TRACE] graph - -----> statementPart
2021-11-19T10:24:04,416|[TRACE] graph - -------> nonSkippedChar
2021-11-19T10:24:04,416|[TRACE] script - #out(`T`) [token]
2021-11-19T10:24:04,416|[TRACE] graph - <------- nonSkippedChar
2021-11-19T10:24:04,416|[TRACE] graph - <----- statementPart
2021-11-19T10:24:04,416|[TRACE] graph - -----> statementPart
2021-11-19T10:24:04,416|[TRACE] graph - -------> nonSkippedSpace
2021-11-19T10:24:04,416|[TRACE] script - #out(` `) [token]
2021-11-19T10:24:04,416|[TRACE] graph - <------- nonSkippedSpace
2021-11-19T10:24:04,416|[TRACE] graph - <----- statementPart
2021-11-19T10:24:04,416|[TRACE] graph - -----> statementPart
2021-11-19T10:24:04,416|[TRACE] graph - -------> nonSkippedChar
2021-11-19T10:24:04,416|[TRACE] script - #out(`N`) [token]
2021-11-19T10:24:04,416|[TRACE] graph - <------- nonSkippedChar
2021-11-19T10:24:04,416|[TRACE] graph - <----- statementPart
2021-11-19T10:24:04,416|[TRACE] graph - -----> statementPart
2021-11-19T10:24:04,416|[TRACE] graph - -------> nonSkippedChar
2021-11-19T10:24:04,416|[TRACE] script - #out(`U`) [token]
2021-11-19T10:24:04,416|[TRACE] graph - <------- nonSkippedChar
2021-11-19T10:24:04,416|[TRACE] graph - <----- statementPart
2021-11-19T10:24:04,416|[TRACE] graph - -----> statementPart
2021-11-19T10:24:04,416|[TRACE] graph - -------> nonSkippedChar
2021-11-19T10:24:04,416|[TRACE] script - #out(`L`) [token]
2021-11-19T10:24:04,416|[TRACE] graph - <------- nonSkippedChar
2021-11-19T10:24:04,416|[TRACE] graph - <----- statementPart
2021-11-19T10:24:04,416|[TRACE] graph - -----> statementPart
2021-11-19T10:24:04,416|[TRACE] graph - -------> nonSkippedChar
2021-11-19T10:24:04,416|[TRACE] script - #out(`L`) [token]
2021-11-19T10:24:04,416|[TRACE] graph - <------- nonSkippedChar
2021-11-19T10:24:04,416|[TRACE] graph - <----- statementPart
2021-11-19T10:24:04,416|[TRACE] graph - -----> statementPart
2021-11-19T10:24:04,416|[TRACE] graph - -------> nonSkippedChar
2021-11-19T10:24:04,416|[TRACE] script - #out(`,`) [token]
2021-11-19T10:24:04,416|[TRACE] graph - <------- nonSkippedChar
2021-11-19T10:24:04,416|[TRACE] graph - <----- statementPart
2021-11-19T10:24:04,416|[TRACE] graph - -----> afterStatementPartNewline
2021-11-19T10:24:04,416|[TRACE] script - #out(` `) [text]
2021-11-19T10:24:04,416|[TRACE] graph - <----- afterStatementPartNewline
2021-11-19T10:24:04,416|[TRACE] graph - -----> statementPart
2021-11-19T10:24:04,416|[TRACE] graph - -------> nonSkippedSpace
2021-11-19T10:24:04,416|[TRACE] script - #out(` `) [token]
2021-11-19T10:24:04,416|[TRACE] graph - <------- nonSkippedSpace
2021-11-19T10:24:04,416|[TRACE] graph - <----- statementPart
2021-11-19T10:24:04,416|[TRACE] graph - -----> statementPart
2021-11-19T10:24:04,416|[TRACE] graph - -------> nonSkippedSpace
2021-11-19T10:24:04,416|[TRACE] script - #out(` `) [token]
2021-11-19T10:24:04,416|[TRACE] graph - <------- nonSkippedSpace
2021-11-19T10:24:04,416|[TRACE] graph - <----- statementPart
2021-11-19T10:24:04,416|[TRACE] graph - -----> statementPart
2021-11-19T10:24:04,416|[TRACE] graph - -------> quotedString
2021-11-19T10:24:04,416|[TRACE] script - #out(``blood_group``) [token]
2021-11-19T10:24:04,416|[TRACE] graph - <------- quotedString
2021-11-19T10:24:04,416|[TRACE] graph - <----- statementPart
2021-11-19T10:24:04,416|[TRACE] graph - -----> statementPart
2021-11-19T10:24:04,416|[TRACE] graph - -------> nonSkippedSpace
2021-11-19T10:24:04,416|[TRACE] script - #out(` `) [token]
2021-11-19T10:24:04,416|[TRACE] graph - <------- nonSkippedSpace
2021-11-19T10:24:04,416|[TRACE] graph - <----- statementPart
2021-11-19T10:24:04,416|[TRACE] graph - -----> statementPart
2021-11-19T10:24:04,416|[TRACE] graph - -------> nonSkippedChar
2021-11-19T10:24:04,416|[TRACE] script - #out(`C`) [token]
2021-11-19T10:24:04,416|[TRACE] graph - <------- nonSkippedChar
2021-11-19T10:24:04,416|[TRACE] graph - <----- statementPart
2021-11-19T10:24:04,416|[TRACE] graph - -----> statementPart
2021-11-19T10:24:04,416|[TRACE] graph - -------> nonSkippedChar
2021-11-19T10:24:04,416|[TRACE] script - #out(`H`) [token]
2021-11-19T10:24:04,416|[TRACE] graph - <------- nonSkippedChar
2021-11-19T10:24:04,416|[TRACE] graph - <----- statementPart
2021-11-19T10:24:04,416|[TRACE] graph - -----> statementPart
2021-11-19T10:24:04,416|[TRACE] graph - -------> nonSkippedChar
2021-11-19T10:24:04,416|[TRACE] script - #out(`A`) [token]
2021-11-19T10:24:04,416|[TRACE] graph - <------- nonSkippedChar
2021-11-19T10:24:04,416|[TRACE] graph - <----- statementPart
2021-11-19T10:24:04,416|[TRACE] graph - -----> statementPart
2021-11-19T10:24:04,416|[TRACE] graph - -------> nonSkippedChar
2021-11-19T10:24:04,416|[TRACE] script - #out(`R`) [token]
2021-11-19T10:24:04,416|[TRACE] graph - <------- nonSkippedChar
2021-11-19T10:24:04,416|[TRACE] graph - <----- statementPart
2021-11-19T10:24:04,416|[TRACE] graph - -----> statementPart
2021-11-19T10:24:04,416|[TRACE] graph - -------> nonSkippedChar
2021-11-19T10:24:04,416|[TRACE] script - #out(`(`) [token]
2021-11-19T10:24:04,416|[TRACE] graph - <------- nonSkippedChar
2021-11-19T10:24:04,416|[TRACE] graph - <----- statementPart
2021-11-19T10:24:04,416|[TRACE] graph - -----> statementPart
2021-11-19T10:24:04,416|[TRACE] graph - -------> nonSkippedChar
2021-11-19T10:24:04,416|[TRACE] script - #out(`2`) [token]
2021-11-19T10:24:04,416|[TRACE] graph - <------- nonSkippedChar
2021-11-19T10:24:04,416|[TRACE] graph - <----- statementPart
2021-11-19T10:24:04,416|[TRACE] graph - -----> statementPart
2021-11-19T10:24:04,416|[TRACE] graph - -------> nonSkippedChar
2021-11-19T10:24:04,416|[TRACE] script - #out(`)`) [token]
2021-11-19T10:24:04,416|[TRACE] graph - <------- nonSkippedChar
2021-11-19T10:24:04,416|[TRACE] graph - <----- statementPart
2021-11-19T10:24:04,416|[TRACE] graph - -----> statementPart
2021-11-19T10:24:04,416|[TRACE] graph - -------> nonSkippedSpace
2021-11-19T10:24:04,416|[TRACE] script - #out(` `) [token]
2021-11-19T10:24:04,416|[TRACE] graph - <------- nonSkippedSpace
2021-11-19T10:24:04,416|[TRACE] graph - <----- statementPart
2021-11-19T10:24:04,416|[TRACE] graph - -----> statementPart
2021-11-19T10:24:04,416|[TRACE] graph - -------> nonSkippedChar
2021-11-19T10:24:04,416|[TRACE] script - #out(`N`) [token]
2021-11-19T10:24:04,416|[TRACE] graph - <------- nonSkippedChar
2021-11-19T10:24:04,416|[TRACE] graph - <----- statementPart
2021-11-19T10:24:04,416|[TRACE] graph - -----> statementPart
2021-11-19T10:24:04,416|[TRACE] graph - -------> nonSkippedChar
2021-11-19T10:24:04,416|[TRACE] script - #out(`O`) [token]
2021-11-19T10:24:04,416|[TRACE] graph - <------- nonSkippedChar
2021-11-19T10:24:04,416|[TRACE] graph - <----- statementPart
2021-11-19T10:24:04,416|[TRACE] graph - -----> statementPart
2021-11-19T10:24:04,416|[TRACE] graph - -------> nonSkippedChar
2021-11-19T10:24:04,416|[TRACE] script - #out(`T`) [token]
2021-11-19T10:24:04,416|[TRACE] graph - <------- nonSkippedChar
2021-11-19T10:24:04,416|[TRACE] graph - <----- statementPart
2021-11-19T10:24:04,416|[TRACE] graph - -----> statementPart
2021-11-19T10:24:04,416|[TRACE] graph - -------> nonSkippedSpace
2021-11-19T10:24:04,416|[TRACE] script - #out(` `) [token]
2021-11-19T10:24:04,416|[TRACE] graph - <------- nonSkippedSpace
2021-11-19T10:24:04,416|[TRACE] graph - <----- statementPart
2021-11-19T10:24:04,416|[TRACE] graph - -----> statementPart
2021-11-19T10:24:04,416|[TRACE] graph - -------> nonSkippedChar
2021-11-19T10:24:04,416|[TRACE] script - #out(`N`) [token]
2021-11-19T10:24:04,416|[TRACE] graph - <------- nonSkippedChar
2021-11-19T10:24:04,416|[TRACE] graph - <----- statementPart
2021-11-19T10:24:04,416|[TRACE] graph - -----> statementPart
2021-11-19T10:24:04,416|[TRACE] graph - -------> nonSkippedChar
2021-11-19T10:24:04,416|[TRACE] script - #out(`U`) [token]
2021-11-19T10:24:04,416|[TRACE] graph - <------- nonSkippedChar
2021-11-19T10:24:04,416|[TRACE] graph - <----- statementPart
2021-11-19T10:24:04,416|[TRACE] graph - -----> statementPart
2021-11-19T10:24:04,416|[TRACE] graph - -------> nonSkippedChar
2021-11-19T10:24:04,416|[TRACE] script - #out(`L`) [token]
2021-11-19T10:24:04,416|[TRACE] graph - <------- nonSkippedChar
2021-11-19T10:24:04,416|[TRACE] graph - <----- statementPart
2021-11-19T10:24:04,416|[TRACE] graph - -----> statementPart
2021-11-19T10:24:04,416|[TRACE] graph - -------> nonSkippedChar
2021-11-19T10:24:04,416|[TRACE] script - #out(`L`) [token]
2021-11-19T10:24:04,416|[TRACE] graph - <------- nonSkippedChar
2021-11-19T10:24:04,417|[TRACE] graph - <----- statementPart
2021-11-19T10:24:04,417|[TRACE] graph - -----> statementPart
2021-11-19T10:24:04,417|[TRACE] graph - -------> nonSkippedChar
2021-11-19T10:24:04,417|[TRACE] script - #out(`,`) [token]
2021-11-19T10:24:04,417|[TRACE] graph - <------- nonSkippedChar
2021-11-19T10:24:04,417|[TRACE] graph - <----- statementPart
2021-11-19T10:24:04,417|[TRACE] graph - -----> afterStatementPartNewline
2021-11-19T10:24:04,417|[TRACE] script - #out(` `) [text]
2021-11-19T10:24:04,417|[TRACE] graph - <----- afterStatementPartNewline
2021-11-19T10:24:04,417|[TRACE] graph - -----> statementPart
2021-11-19T10:24:04,417|[TRACE] graph - -------> nonSkippedSpace
2021-11-19T10:24:04,417|[TRACE] script - #out(` `) [token]
2021-11-19T10:24:04,417|[TRACE] graph - <------- nonSkippedSpace
2021-11-19T10:24:04,417|[TRACE] graph - <----- statementPart
2021-11-19T10:24:04,417|[TRACE] graph - -----> statementPart
2021-11-19T10:24:04,417|[TRACE] graph - -------> nonSkippedSpace
2021-11-19T10:24:04,417|[TRACE] script - #out(` `) [token]
2021-11-19T10:24:04,417|[TRACE] graph - <------- nonSkippedSpace
2021-11-19T10:24:04,417|[TRACE] graph - <----- statementPart
2021-11-19T10:24:04,417|[TRACE] graph - -----> statementPart
2021-11-19T10:24:04,417|[TRACE] graph - -------> quotedString
2021-11-19T10:24:04,417|[TRACE] script - #out(``rhd``) [token]
2021-11-19T10:24:04,417|[TRACE] graph - <------- quotedString
2021-11-19T10:24:04,417|[TRACE] graph - <----- statementPart
2021-11-19T10:24:04,417|[TRACE] graph - -----> statementPart
2021-11-19T10:24:04,417|[TRACE] graph - -------> nonSkippedSpace
2021-11-19T10:24:04,417|[TRACE] script - #out(` `) [token]
2021-11-19T10:24:04,417|[TRACE] graph - <------- nonSkippedSpace
2021-11-19T10:24:04,417|[TRACE] graph - <----- statementPart
2021-11-19T10:24:04,417|[TRACE] graph - -----> statementPart
2021-11-19T10:24:04,417|[TRACE] graph - -------> nonSkippedChar
2021-11-19T10:24:04,417|[TRACE] script - #out(`B`) [token]
2021-11-19T10:24:04,417|[TRACE] graph - <------- nonSkippedChar
2021-11-19T10:24:04,417|[TRACE] graph - <----- statementPart
2021-11-19T10:24:04,417|[TRACE] graph - -----> statementPart
2021-11-19T10:24:04,417|[TRACE] graph - -------> nonSkippedChar
2021-11-19T10:24:04,417|[TRACE] script - #out(`I`) [token]
2021-11-19T10:24:04,417|[TRACE] graph - <------- nonSkippedChar
2021-11-19T10:24:04,417|[TRACE] graph - <----- statementPart
2021-11-19T10:24:04,417|[TRACE] graph - -----> statementPart
2021-11-19T10:24:04,417|[TRACE] graph - -------> nonSkippedChar
2021-11-19T10:24:04,417|[TRACE] script - #out(`T`) [token]
2021-11-19T10:24:04,417|[TRACE] graph - <------- nonSkippedChar
2021-11-19T10:24:04,417|[TRACE] graph - <----- statementPart
2021-11-19T10:24:04,417|[TRACE] graph - -----> statementPart
2021-11-19T10:24:04,417|[TRACE] graph - -------> nonSkippedChar
2021-11-19T10:24:04,417|[TRACE] script - #out(`(`) [token]
2021-11-19T10:24:04,417|[TRACE] graph - <------- nonSkippedChar
2021-11-19T10:24:04,417|[TRACE] graph - <----- statementPart
2021-11-19T10:24:04,417|[TRACE] graph - -----> statementPart
2021-11-19T10:24:04,417|[TRACE] graph - -------> nonSkippedChar
2021-11-19T10:24:04,417|[TRACE] script - #out(`1`) [token]
2021-11-19T10:24:04,417|[TRACE] graph - <------- nonSkippedChar
2021-11-19T10:24:04,417|[TRACE] graph - <----- statementPart
2021-11-19T10:24:04,417|[TRACE] graph - -----> statementPart
2021-11-19T10:24:04,417|[TRACE] graph - -------> nonSkippedChar
2021-11-19T10:24:04,417|[TRACE] script - #out(`)`) [token]
2021-11-19T10:24:04,417|[TRACE] graph - <------- nonSkippedChar
2021-11-19T10:24:04,417|[TRACE] graph - <----- statementPart
2021-11-19T10:24:04,417|[TRACE] graph - -----> statementPart
2021-11-19T10:24:04,417|[TRACE] graph - -------> nonSkippedSpace
2021-11-19T10:24:04,417|[TRACE] script - #out(` `) [token]
2021-11-19T10:24:04,417|[TRACE] graph - <------- nonSkippedSpace
2021-11-19T10:24:04,417|[TRACE] graph - <----- statementPart
2021-11-19T10:24:04,417|[TRACE] graph - -----> statementPart
2021-11-19T10:24:04,417|[TRACE] graph - -------> nonSkippedChar
2021-11-19T10:24:04,417|[TRACE] script - #out(`N`) [token]
2021-11-19T10:24:04,417|[TRACE] graph - <------- nonSkippedChar
2021-11-19T10:24:04,417|[TRACE] graph - <----- statementPart
2021-11-19T10:24:04,417|[TRACE] graph - -----> statementPart
2021-11-19T10:24:04,417|[TRACE] graph - -------> nonSkippedChar
2021-11-19T10:24:04,417|[TRACE] script - #out(`O`) [token]
2021-11-19T10:24:04,417|[TRACE] graph - <------- nonSkippedChar
2021-11-19T10:24:04,417|[TRACE] graph - <----- statementPart
2021-11-19T10:24:04,417|[TRACE] graph - -----> statementPart
2021-11-19T10:24:04,417|[TRACE] graph - -------> nonSkippedChar
2021-11-19T10:24:04,417|[TRACE] script - #out(`T`) [token]
2021-11-19T10:24:04,417|[TRACE] graph - <------- nonSkippedChar
2021-11-19T10:24:04,417|[TRACE] graph - <----- statementPart
2021-11-19T10:24:04,417|[TRACE] graph - -----> statementPart
2021-11-19T10:24:04,417|[TRACE] graph - -------> nonSkippedSpace
2021-11-19T10:24:04,417|[TRACE] script - #out(` `) [token]
2021-11-19T10:24:04,417|[TRACE] graph - <------- nonSkippedSpace
2021-11-19T10:24:04,417|[TRACE] graph - <----- statementPart
2021-11-19T10:24:04,417|[TRACE] graph - -----> statementPart
2021-11-19T10:24:04,417|[TRACE] graph - -------> nonSkippedChar
2021-11-19T10:24:04,417|[TRACE] script - #out(`N`) [token]
2021-11-19T10:24:04,417|[TRACE] graph - <------- nonSkippedChar
2021-11-19T10:24:04,417|[TRACE] graph - <----- statementPart
2021-11-19T10:24:04,417|[TRACE] graph - -----> statementPart
2021-11-19T10:24:04,417|[TRACE] graph - -------> nonSkippedChar
2021-11-19T10:24:04,417|[TRACE] script - #out(`U`) [token]
2021-11-19T10:24:04,417|[TRACE] graph - <------- nonSkippedChar
2021-11-19T10:24:04,417|[TRACE] graph - <----- statementPart
2021-11-19T10:24:04,417|[TRACE] graph - -----> statementPart
2021-11-19T10:24:04,417|[TRACE] graph - -------> nonSkippedChar
2021-11-19T10:24:04,417|[TRACE] script - #out(`L`) [token]
2021-11-19T10:24:04,417|[TRACE] graph - <------- nonSkippedChar
2021-11-19T10:24:04,417|[TRACE] graph - <----- statementPart
2021-11-19T10:24:04,417|[TRACE] graph - -----> statementPart
2021-11-19T10:24:04,417|[TRACE] graph - -------> nonSkippedChar
2021-11-19T10:24:04,417|[TRACE] script - #out(`L`) [token]
2021-11-19T10:24:04,417|[TRACE] graph - <------- nonSkippedChar
2021-11-19T10:24:04,417|[TRACE] graph - <----- statementPart
2021-11-19T10:24:04,417|[TRACE] graph - -----> statementPart
2021-11-19T10:24:04,417|[TRACE] graph - -------> nonSkippedChar
2021-11-19T10:24:04,417|[TRACE] script - #out(`,`) [token]
2021-11-19T10:24:04,417|[TRACE] graph - <------- nonSkippedChar
2021-11-19T10:24:04,417|[TRACE] graph - <----- statementPart
2021-11-19T10:24:04,417|[TRACE] graph - -----> afterStatementPartNewline
2021-11-19T10:24:04,417|[TRACE] script - #out(` `) [text]
2021-11-19T10:24:04,417|[TRACE] graph - <----- afterStatementPartNewline
2021-11-19T10:24:04,417|[TRACE] graph - -----> statementPart
2021-11-19T10:24:04,417|[TRACE] graph - -------> nonSkippedSpace
2021-11-19T10:24:04,417|[TRACE] script - #out(` `) [token]
2021-11-19T10:24:04,417|[TRACE] graph - <------- nonSkippedSpace
2021-11-19T10:24:04,417|[TRACE] graph - <----- statementPart
2021-11-19T10:24:04,417|[TRACE] graph - -----> statementPart
2021-11-19T10:24:04,417|[TRACE] graph - -------> nonSkippedSpace
2021-11-19T10:24:04,417|[TRACE] script - #out(` `) [token]
2021-11-19T10:24:04,417|[TRACE] graph - <------- nonSkippedSpace
2021-11-19T10:24:04,417|[TRACE] graph - <----- statementPart
2021-11-19T10:24:04,417|[TRACE] graph - -----> statementPart
2021-11-19T10:24:04,417|[TRACE] graph - -------> quotedString
2021-11-19T10:24:04,417|[TRACE] script - #out(``created``) [token]
2021-11-19T10:24:04,417|[TRACE] graph - <------- quotedString
2021-11-19T10:24:04,417|[TRACE] graph - <----- statementPart
2021-11-19T10:24:04,417|[TRACE] graph - -----> statementPart
2021-11-19T10:24:04,417|[TRACE] graph - -------> nonSkippedSpace
2021-11-19T10:24:04,417|[TRACE] script - #out(` `) [token]
2021-11-19T10:24:04,417|[TRACE] graph - <------- nonSkippedSpace
2021-11-19T10:24:04,417|[TRACE] graph - <----- statementPart
2021-11-19T10:24:04,417|[TRACE] graph - -----> statementPart
2021-11-19T10:24:04,417|[TRACE] graph - -------> nonSkippedChar
2021-11-19T10:24:04,417|[TRACE] script - #out(`B`) [token]
2021-11-19T10:24:04,417|[TRACE] graph - <------- nonSkippedChar
2021-11-19T10:24:04,417|[TRACE] graph - <----- statementPart
2021-11-19T10:24:04,417|[TRACE] graph - -----> statementPart
2021-11-19T10:24:04,417|[TRACE] graph - -------> nonSkippedChar
2021-11-19T10:24:04,417|[TRACE] script - #out(`I`) [token]
2021-11-19T10:24:04,417|[TRACE] graph - <------- nonSkippedChar
2021-11-19T10:24:04,417|[TRACE] graph - <----- statementPart
2021-11-19T10:24:04,417|[TRACE] graph - -----> statementPart
2021-11-19T10:24:04,417|[TRACE] graph - -------> nonSkippedChar
2021-11-19T10:24:04,417|[TRACE] script - #out(`G`) [token]
2021-11-19T10:24:04,417|[TRACE] graph - <------- nonSkippedChar
2021-11-19T10:24:04,417|[TRACE] graph - <----- statementPart
2021-11-19T10:24:04,417|[TRACE] graph - -----> statementPart
2021-11-19T10:24:04,417|[TRACE] graph - -------> nonSkippedChar
2021-11-19T10:24:04,417|[TRACE] script - #out(`I`) [token]
2021-11-19T10:24:04,417|[TRACE] graph - <------- nonSkippedChar
2021-11-19T10:24:04,417|[TRACE] graph - <----- statementPart
2021-11-19T10:24:04,417|[TRACE] graph - -----> statementPart
2021-11-19T10:24:04,417|[TRACE] graph - -------> nonSkippedChar
2021-11-19T10:24:04,417|[TRACE] script - #out(`N`) [token]
2021-11-19T10:24:04,417|[TRACE] graph - <------- nonSkippedChar
2021-11-19T10:24:04,417|[TRACE] graph - <----- statementPart
2021-11-19T10:24:04,417|[TRACE] graph - -----> statementPart
2021-11-19T10:24:04,417|[TRACE] graph - -------> nonSkippedChar
2021-11-19T10:24:04,417|[TRACE] script - #out(`T`) [token]
2021-11-19T10:24:04,417|[TRACE] graph - <------- nonSkippedChar
2021-11-19T10:24:04,417|[TRACE] graph - <----- statementPart
2021-11-19T10:24:04,417|[TRACE] graph - -----> statementPart
2021-11-19T10:24:04,417|[TRACE] graph - -------> nonSkippedSpace
2021-11-19T10:24:04,417|[TRACE] script - #out(` `) [token]
2021-11-19T10:24:04,417|[TRACE] graph - <------- nonSkippedSpace
2021-11-19T10:24:04,417|[TRACE] graph - <----- statementPart
2021-11-19T10:24:04,417|[TRACE] graph - -----> statementPart
2021-11-19T10:24:04,417|[TRACE] graph - -------> nonSkippedChar
2021-11-19T10:24:04,417|[TRACE] script - #out(`N`) [token]
2021-11-19T10:24:04,417|[TRACE] graph - <------- nonSkippedChar
2021-11-19T10:24:04,417|[TRACE] graph - <----- statementPart
2021-11-19T10:24:04,417|[TRACE] graph - -----> statementPart
2021-11-19T10:24:04,417|[TRACE] graph - -------> nonSkippedChar
2021-11-19T10:24:04,417|[TRACE] script - #out(`O`) [token]
2021-11-19T10:24:04,417|[TRACE] graph - <------- nonSkippedChar
2021-11-19T10:24:04,417|[TRACE] graph - <----- statementPart
2021-11-19T10:24:04,417|[TRACE] graph - -----> statementPart
2021-11-19T10:24:04,417|[TRACE] graph - -------> nonSkippedChar
2021-11-19T10:24:04,417|[TRACE] script - #out(`T`) [token]
2021-11-19T10:24:04,417|[TRACE] graph - <------- nonSkippedChar
2021-11-19T10:24:04,417|[TRACE] graph - <----- statementPart
2021-11-19T10:24:04,417|[TRACE] graph - -----> statementPart
2021-11-19T10:24:04,417|[TRACE] graph - -------> nonSkippedSpace
2021-11-19T10:24:04,417|[TRACE] script - #out(` `) [token]
2021-11-19T10:24:04,417|[TRACE] graph - <------- nonSkippedSpace
2021-11-19T10:24:04,417|[TRACE] graph - <----- statementPart
2021-11-19T10:24:04,417|[TRACE] graph - -----> statementPart
2021-11-19T10:24:04,417|[TRACE] graph - -------> nonSkippedChar
2021-11-19T10:24:04,417|[TRACE] script - #out(`N`) [token]
2021-11-19T10:24:04,417|[TRACE] graph - <------- nonSkippedChar
2021-11-19T10:24:04,417|[TRACE] graph - <----- statementPart
2021-11-19T10:24:04,417|[TRACE] graph - -----> statementPart
2021-11-19T10:24:04,417|[TRACE] graph - -------> nonSkippedChar
2021-11-19T10:24:04,417|[TRACE] script - #out(`U`) [token]
2021-11-19T10:24:04,417|[TRACE] graph - <------- nonSkippedChar
2021-11-19T10:24:04,417|[TRACE] graph - <----- statementPart
2021-11-19T10:24:04,417|[TRACE] graph - -----> statementPart
2021-11-19T10:24:04,417|[TRACE] graph - -------> nonSkippedChar
2021-11-19T10:24:04,418|[TRACE] script - #out(`L`) [token]
2021-11-19T10:24:04,418|[TRACE] graph - <------- nonSkippedChar
2021-11-19T10:24:04,418|[TRACE] graph - <----- statementPart
2021-11-19T10:24:04,418|[TRACE] graph - -----> statementPart
2021-11-19T10:24:04,418|[TRACE] graph - -------> nonSkippedChar
2021-11-19T10:24:04,418|[TRACE] script - #out(`L`) [token]
2021-11-19T10:24:04,418|[TRACE] graph - <------- nonSkippedChar
2021-11-19T10:24:04,418|[TRACE] graph - <----- statementPart
2021-11-19T10:24:04,418|[TRACE] graph - -----> statementPart
2021-11-19T10:24:04,418|[TRACE] graph - -------> nonSkippedSpace
2021-11-19T10:24:04,418|[TRACE] script - #out(` `) [token]
2021-11-19T10:24:04,418|[TRACE] graph - <------- nonSkippedSpace
2021-11-19T10:24:04,418|[TRACE] graph - <----- statementPart
2021-11-19T10:24:04,418|[TRACE] graph - -----> statementPart
2021-11-19T10:24:04,418|[TRACE] graph - -------> nonSkippedChar
2021-11-19T10:24:04,418|[TRACE] script - #out(`D`) [token]
2021-11-19T10:24:04,418|[TRACE] graph - <------- nonSkippedChar
2021-11-19T10:24:04,418|[TRACE] graph - <----- statementPart
2021-11-19T10:24:04,418|[TRACE] graph - -----> statementPart
2021-11-19T10:24:04,418|[TRACE] graph - -------> nonSkippedChar
2021-11-19T10:24:04,418|[TRACE] script - #out(`E`) [token]
2021-11-19T10:24:04,418|[TRACE] graph - <------- nonSkippedChar
2021-11-19T10:24:04,418|[TRACE] graph - <----- statementPart
2021-11-19T10:24:04,418|[TRACE] graph - -----> statementPart
2021-11-19T10:24:04,418|[TRACE] graph - -------> nonSkippedChar
2021-11-19T10:24:04,418|[TRACE] script - #out(`F`) [token]
2021-11-19T10:24:04,418|[TRACE] graph - <------- nonSkippedChar
2021-11-19T10:24:04,418|[TRACE] graph - <----- statementPart
2021-11-19T10:24:04,418|[TRACE] graph - -----> statementPart
2021-11-19T10:24:04,418|[TRACE] graph - -------> nonSkippedChar
2021-11-19T10:24:04,418|[TRACE] script - #out(`A`) [token]
2021-11-19T10:24:04,418|[TRACE] graph - <------- nonSkippedChar
2021-11-19T10:24:04,418|[TRACE] graph - <----- statementPart
2021-11-19T10:24:04,418|[TRACE] graph - -----> statementPart
2021-11-19T10:24:04,418|[TRACE] graph - -------> nonSkippedChar
2021-11-19T10:24:04,418|[TRACE] script - #out(`U`) [token]
2021-11-19T10:24:04,418|[TRACE] graph - <------- nonSkippedChar
2021-11-19T10:24:04,418|[TRACE] graph - <----- statementPart
2021-11-19T10:24:04,418|[TRACE] graph - -----> statementPart
2021-11-19T10:24:04,418|[TRACE] graph - -------> nonSkippedChar
2021-11-19T10:24:04,418|[TRACE] script - #out(`L`) [token]
2021-11-19T10:24:04,418|[TRACE] graph - <------- nonSkippedChar
2021-11-19T10:24:04,418|[TRACE] graph - <----- statementPart
2021-11-19T10:24:04,418|[TRACE] graph - -----> statementPart
2021-11-19T10:24:04,418|[TRACE] graph - -------> nonSkippedChar
2021-11-19T10:24:04,418|[TRACE] script - #out(`T`) [token]
2021-11-19T10:24:04,418|[TRACE] graph - <------- nonSkippedChar
2021-11-19T10:24:04,418|[TRACE] graph - <----- statementPart
2021-11-19T10:24:04,418|[TRACE] graph - -----> statementPart
2021-11-19T10:24:04,418|[TRACE] graph - -------> nonSkippedSpace
2021-11-19T10:24:04,418|[TRACE] script - #out(` `) [token]
2021-11-19T10:24:04,418|[TRACE] graph - <------- nonSkippedSpace
2021-11-19T10:24:04,418|[TRACE] graph - <----- statementPart
2021-11-19T10:24:04,418|[TRACE] graph - -----> statementPart
2021-11-19T10:24:04,418|[TRACE] graph - -------> nonSkippedChar
2021-11-19T10:24:04,418|[TRACE] script - #out(`(`) [token]
2021-11-19T10:24:04,418|[TRACE] graph - <------- nonSkippedChar
2021-11-19T10:24:04,418|[TRACE] graph - <----- statementPart
2021-11-19T10:24:04,418|[TRACE] graph - -----> statementPart
2021-11-19T10:24:04,418|[TRACE] graph - -------> nonSkippedChar
2021-11-19T10:24:04,418|[TRACE] script - #out(`u`) [token]
2021-11-19T10:24:04,418|[TRACE] graph - <------- nonSkippedChar
2021-11-19T10:24:04,418|[TRACE] graph - <----- statementPart
2021-11-19T10:24:04,418|[TRACE] graph - -----> statementPart
2021-11-19T10:24:04,418|[TRACE] graph - -------> nonSkippedChar
2021-11-19T10:24:04,418|[TRACE] script - #out(`n`) [token]
2021-11-19T10:24:04,418|[TRACE] graph - <------- nonSkippedChar
2021-11-19T10:24:04,418|[TRACE] graph - <----- statementPart
2021-11-19T10:24:04,418|[TRACE] graph - -----> statementPart
2021-11-19T10:24:04,418|[TRACE] graph - -------> nonSkippedChar
2021-11-19T10:24:04,418|[TRACE] script - #out(`i`) [token]
2021-11-19T10:24:04,418|[TRACE] graph - <------- nonSkippedChar
2021-11-19T10:24:04,418|[TRACE] graph - <----- statementPart
2021-11-19T10:24:04,418|[TRACE] graph - -----> statementPart
2021-11-19T10:24:04,418|[TRACE] graph - -------> nonSkippedChar
2021-11-19T10:24:04,418|[TRACE] script - #out(`x`) [token]
2021-11-19T10:24:04,418|[TRACE] graph - <------- nonSkippedChar
2021-11-19T10:24:04,418|[TRACE] graph - <----- statementPart
2021-11-19T10:24:04,418|[TRACE] graph - -----> statementPart
2021-11-19T10:24:04,418|[TRACE] graph - -------> nonSkippedChar
2021-11-19T10:24:04,418|[TRACE] script - #out(`_`) [token]
2021-11-19T10:24:04,418|[TRACE] graph - <------- nonSkippedChar
2021-11-19T10:24:04,418|[TRACE] graph - <----- statementPart
2021-11-19T10:24:04,418|[TRACE] graph - -----> statementPart
2021-11-19T10:24:04,418|[TRACE] graph - -------> nonSkippedChar
2021-11-19T10:24:04,418|[TRACE] script - #out(`t`) [token]
2021-11-19T10:24:04,418|[TRACE] graph - <------- nonSkippedChar
2021-11-19T10:24:04,418|[TRACE] graph - <----- statementPart
2021-11-19T10:24:04,418|[TRACE] graph - -----> statementPart
2021-11-19T10:24:04,418|[TRACE] graph - -------> nonSkippedChar
2021-11-19T10:24:04,418|[TRACE] script - #out(`i`) [token]
2021-11-19T10:24:04,418|[TRACE] graph - <------- nonSkippedChar
2021-11-19T10:24:04,418|[TRACE] graph - <----- statementPart
2021-11-19T10:24:04,418|[TRACE] graph - -----> statementPart
2021-11-19T10:24:04,418|[TRACE] graph - -------> nonSkippedChar
2021-11-19T10:24:04,418|[TRACE] script - #out(`m`) [token]
2021-11-19T10:24:04,418|[TRACE] graph - <------- nonSkippedChar
2021-11-19T10:24:04,418|[TRACE] graph - <----- statementPart
2021-11-19T10:24:04,418|[TRACE] graph - -----> statementPart
2021-11-19T10:24:04,418|[TRACE] graph - -------> nonSkippedChar
2021-11-19T10:24:04,418|[TRACE] script - #out(`e`) [token]
2021-11-19T10:24:04,418|[TRACE] graph - <------- nonSkippedChar
2021-11-19T10:24:04,418|[TRACE] graph - <----- statementPart
2021-11-19T10:24:04,418|[TRACE] graph - -----> statementPart
2021-11-19T10:24:04,418|[TRACE] graph - -------> nonSkippedChar
2021-11-19T10:24:04,418|[TRACE] script - #out(`s`) [token]
2021-11-19T10:24:04,418|[TRACE] graph - <------- nonSkippedChar
2021-11-19T10:24:04,418|[TRACE] graph - <----- statementPart
2021-11-19T10:24:04,495|[TRACE] graph - -----> statementPart
2021-11-19T10:24:04,495|[TRACE] graph - -------> nonSkippedChar
2021-11-19T10:24:04,495|[TRACE] script - #out(`t`) [token]
2021-11-19T10:24:04,496|[TRACE] graph - <------- nonSkippedChar
2021-11-19T10:24:04,496|[TRACE] graph - <----- statementPart
2021-11-19T10:24:04,496|[TRACE] graph - -----> statementPart
2021-11-19T10:24:04,496|[TRACE] graph - -------> nonSkippedChar
2021-11-19T10:24:04,496|[TRACE] script - #out(`a`) [token]
2021-11-19T10:24:04,496|[TRACE] graph - <------- nonSkippedChar
2021-11-19T10:24:04,496|[TRACE] graph - <----- statementPart
2021-11-19T10:24:04,496|[TRACE] graph - -----> statementPart
2021-11-19T10:24:04,496|[TRACE] graph - -------> nonSkippedChar
2021-11-19T10:24:04,496|[TRACE] script - #out(`m`) [token]
2021-11-19T10:24:04,496|[TRACE] graph - <------- nonSkippedChar
2021-11-19T10:24:04,496|[TRACE] graph - <----- statementPart
2021-11-19T10:24:04,496|[TRACE] graph - -----> statementPart
2021-11-19T10:24:04,496|[TRACE] graph - -------> nonSkippedChar
2021-11-19T10:24:04,496|[TRACE] script - #out(`p`) [token]
2021-11-19T10:24:04,496|[TRACE] graph - <------- nonSkippedChar
2021-11-19T10:24:04,496|[TRACE] graph - <----- statementPart
2021-11-19T10:24:04,496|[TRACE] graph - -----> statementPart
2021-11-19T10:24:04,496|[TRACE] graph - -------> nonSkippedChar
2021-11-19T10:24:04,496|[TRACE] script - #out(`(`) [token]
2021-11-19T10:24:04,496|[TRACE] graph - <------- nonSkippedChar
2021-11-19T10:24:04,496|[TRACE] graph - <----- statementPart
2021-11-19T10:24:04,496|[TRACE] graph - -----> statementPart
2021-11-19T10:24:04,496|[TRACE] graph - -------> nonSkippedChar
2021-11-19T10:24:04,496|[TRACE] script - #out(`n`) [token]
2021-11-19T10:24:04,496|[TRACE] graph - <------- nonSkippedChar
2021-11-19T10:24:04,496|[TRACE] graph - <----- statementPart
2021-11-19T10:24:04,496|[TRACE] graph - -----> statementPart
2021-11-19T10:24:04,496|[TRACE] graph - -------> nonSkippedChar
2021-11-19T10:24:04,496|[TRACE] script - #out(`o`) [token]
2021-11-19T10:24:04,496|[TRACE] graph - <------- nonSkippedChar
2021-11-19T10:24:04,496|[TRACE] graph - <----- statementPart
2021-11-19T10:24:04,496|[TRACE] graph - -----> statementPart
2021-11-19T10:24:04,496|[TRACE] graph - -------> nonSkippedChar
2021-11-19T10:24:04,496|[TRACE] script - #out(`w`) [token]
2021-11-19T10:24:04,496|[TRACE] graph - <------- nonSkippedChar
2021-11-19T10:24:04,496|[TRACE] graph - <----- statementPart
2021-11-19T10:24:04,496|[TRACE] graph - -----> statementPart
2021-11-19T10:24:04,496|[TRACE] graph - -------> nonSkippedChar
2021-11-19T10:24:04,496|[TRACE] script - #out(`(`) [token]
2021-11-19T10:24:04,496|[TRACE] graph - <------- nonSkippedChar
2021-11-19T10:24:04,496|[TRACE] graph - <----- statementPart
2021-11-19T10:24:04,496|[TRACE] graph - -----> statementPart
2021-11-19T10:24:04,496|[TRACE] graph - -------> nonSkippedChar
2021-11-19T10:24:04,496|[TRACE] script - #out(`)`) [token]
2021-11-19T10:24:04,496|[TRACE] graph - <------- nonSkippedChar
2021-11-19T10:24:04,496|[TRACE] graph - <----- statementPart
2021-11-19T10:24:04,496|[TRACE] graph - -----> statementPart
2021-11-19T10:24:04,496|[TRACE] graph - -------> nonSkippedChar
2021-11-19T10:24:04,496|[TRACE] script - #out(`)`) [token]
2021-11-19T10:24:04,496|[TRACE] graph - <------- nonSkippedChar
2021-11-19T10:24:04,496|[TRACE] graph - <----- statementPart
2021-11-19T10:24:04,496|[TRACE] graph - -----> statementPart
2021-11-19T10:24:04,496|[TRACE] graph - -------> nonSkippedSpace
2021-11-19T10:24:04,496|[TRACE] script - #out(` `) [token]
2021-11-19T10:24:04,496|[TRACE] graph - <------- nonSkippedSpace
2021-11-19T10:24:04,496|[TRACE] graph - <----- statementPart
2021-11-19T10:24:04,496|[TRACE] graph - -----> statementPart
2021-11-19T10:24:04,496|[TRACE] graph - -------> nonSkippedChar
2021-11-19T10:24:04,496|[TRACE] script - #out(`*`) [token]
2021-11-19T10:24:04,496|[TRACE] graph - <------- nonSkippedChar
2021-11-19T10:24:04,496|[TRACE] graph - <----- statementPart
2021-11-19T10:24:04,496|[TRACE] graph - -----> statementPart
2021-11-19T10:24:04,496|[TRACE] graph - -------> nonSkippedSpace
2021-11-19T10:24:04,496|[TRACE] script - #out(` `) [token]
2021-11-19T10:24:04,496|[TRACE] graph - <------- nonSkippedSpace
2021-11-19T10:24:04,496|[TRACE] graph - <----- statementPart
2021-11-19T10:24:04,496|[TRACE] graph - -----> statementPart
2021-11-19T10:24:04,496|[TRACE] graph - -------> nonSkippedChar
2021-11-19T10:24:04,496|[TRACE] script - #out(`1`) [token]
2021-11-19T10:24:04,496|[TRACE] graph - <------- nonSkippedChar
2021-11-19T10:24:04,496|[TRACE] graph - <----- statementPart
2021-11-19T10:24:04,496|[TRACE] graph - -----> statementPart
2021-11-19T10:24:04,496|[TRACE] graph - -------> nonSkippedChar
2021-11-19T10:24:04,496|[TRACE] script - #out(`0`) [token]
2021-11-19T10:24:04,496|[TRACE] graph - <------- nonSkippedChar
2021-11-19T10:24:04,496|[TRACE] graph - <----- statementPart
2021-11-19T10:24:04,496|[TRACE] graph - -----> statementPart
2021-11-19T10:24:04,496|[TRACE] graph - -------> nonSkippedChar
2021-11-19T10:24:04,496|[TRACE] script - #out(`0`) [token]
2021-11-19T10:24:04,496|[TRACE] graph - <------- nonSkippedChar
2021-11-19T10:24:04,496|[TRACE] graph - <----- statementPart
2021-11-19T10:24:04,496|[TRACE] graph - -----> statementPart
2021-11-19T10:24:04,496|[TRACE] graph - -------> nonSkippedChar
2021-11-19T10:24:04,496|[TRACE] script - #out(`0`) [token]
2021-11-19T10:24:04,496|[TRACE] graph - <------- nonSkippedChar
2021-11-19T10:24:04,496|[TRACE] graph - <----- statementPart
2021-11-19T10:24:04,496|[TRACE] graph - -----> statementPart
2021-11-19T10:24:04,496|[TRACE] graph - -------> nonSkippedChar
2021-11-19T10:24:04,496|[TRACE] script - #out(`)`) [token]
2021-11-19T10:24:04,496|[TRACE] graph - <------- nonSkippedChar
2021-11-19T10:24:04,496|[TRACE] graph - <----- statementPart
2021-11-19T10:24:04,496|[TRACE] graph - -----> statementPart
2021-11-19T10:24:04,496|[TRACE] graph - -------> nonSkippedChar
2021-11-19T10:24:04,496|[TRACE] script - #out(`,`) [token]
2021-11-19T10:24:04,496|[TRACE] graph - <------- nonSkippedChar
2021-11-19T10:24:04,496|[TRACE] graph - <----- statementPart
2021-11-19T10:24:04,496|[TRACE] graph - -----> afterStatementPartNewline
2021-11-19T10:24:04,496|[TRACE] script - #out(` `) [text]
2021-11-19T10:24:04,496|[TRACE] graph - <----- afterStatementPartNewline
2021-11-19T10:24:04,496|[TRACE] graph - -----> statementPart
2021-11-19T10:24:04,496|[TRACE] graph - -------> nonSkippedSpace
2021-11-19T10:24:04,496|[TRACE] script - #out(` `) [token]
2021-11-19T10:24:04,496|[TRACE] graph - <------- nonSkippedSpace
2021-11-19T10:24:04,496|[TRACE] graph - <----- statementPart
2021-11-19T10:24:04,496|[TRACE] graph - -----> statementPart
2021-11-19T10:24:04,496|[TRACE] graph - -------> nonSkippedSpace
2021-11-19T10:24:04,496|[TRACE] script - #out(` `) [token]
2021-11-19T10:24:04,496|[TRACE] graph - <------- nonSkippedSpace
2021-11-19T10:24:04,496|[TRACE] graph - <----- statementPart
2021-11-19T10:24:04,496|[TRACE] graph - -----> statementPart
2021-11-19T10:24:04,496|[TRACE] graph - -------> quotedString
2021-11-19T10:24:04,496|[TRACE] script - #out(``updated``) [token]
2021-11-19T10:24:04,496|[TRACE] graph - <------- quotedString
2021-11-19T10:24:04,496|[TRACE] graph - <----- statementPart
2021-11-19T10:24:04,496|[TRACE] graph - -----> statementPart
2021-11-19T10:24:04,496|[TRACE] graph - -------> nonSkippedSpace
2021-11-19T10:24:04,496|[TRACE] script - #out(` `) [token]
2021-11-19T10:24:04,496|[TRACE] graph - <------- nonSkippedSpace
2021-11-19T10:24:04,496|[TRACE] graph - <----- statementPart
2021-11-19T10:24:04,496|[TRACE] graph - -----> statementPart
2021-11-19T10:24:04,496|[TRACE] graph - -------> nonSkippedChar
2021-11-19T10:24:04,496|[TRACE] script - #out(`B`) [token]
2021-11-19T10:24:04,496|[TRACE] graph - <------- nonSkippedChar
2021-11-19T10:24:04,496|[TRACE] graph - <----- statementPart
2021-11-19T10:24:04,496|[TRACE] graph - -----> statementPart
2021-11-19T10:24:04,496|[TRACE] graph - -------> nonSkippedChar
2021-11-19T10:24:04,496|[TRACE] script - #out(`I`) [token]
2021-11-19T10:24:04,496|[TRACE] graph - <------- nonSkippedChar
2021-11-19T10:24:04,496|[TRACE] graph - <----- statementPart
2021-11-19T10:24:04,496|[TRACE] graph - -----> statementPart
2021-11-19T10:24:04,496|[TRACE] graph - -------> nonSkippedChar
2021-11-19T10:24:04,496|[TRACE] script - #out(`G`) [token]
2021-11-19T10:24:04,496|[TRACE] graph - <------- nonSkippedChar
2021-11-19T10:24:04,496|[TRACE] graph - <----- statementPart
2021-11-19T10:24:04,496|[TRACE] graph - -----> statementPart
2021-11-19T10:24:04,496|[TRACE] graph - -------> nonSkippedChar
2021-11-19T10:24:04,496|[TRACE] script - #out(`I`) [token]
2021-11-19T10:24:04,496|[TRACE] graph - <------- nonSkippedChar
2021-11-19T10:24:04,496|[TRACE] graph - <----- statementPart
2021-11-19T10:24:04,496|[TRACE] graph - -----> statementPart
2021-11-19T10:24:04,496|[TRACE] graph - -------> nonSkippedChar
2021-11-19T10:24:04,496|[TRACE] script - #out(`N`) [token]
2021-11-19T10:24:04,496|[TRACE] graph - <------- nonSkippedChar
2021-11-19T10:24:04,496|[TRACE] graph - <----- statementPart
2021-11-19T10:24:04,496|[TRACE] graph - -----> statementPart
2021-11-19T10:24:04,496|[TRACE] graph - -------> nonSkippedChar
2021-11-19T10:24:04,496|[TRACE] script - #out(`T`) [token]
2021-11-19T10:24:04,496|[TRACE] graph - <------- nonSkippedChar
2021-11-19T10:24:04,496|[TRACE] graph - <----- statementPart
2021-11-19T10:24:04,496|[TRACE] graph - -----> statementPart
2021-11-19T10:24:04,496|[TRACE] graph - -------> nonSkippedSpace
2021-11-19T10:24:04,496|[TRACE] script - #out(` `) [token]
2021-11-19T10:24:04,496|[TRACE] graph - <------- nonSkippedSpace
2021-11-19T10:24:04,496|[TRACE] graph - <----- statementPart
2021-11-19T10:24:04,496|[TRACE] graph - -----> statementPart
2021-11-19T10:24:04,496|[TRACE] graph - -------> nonSkippedChar
2021-11-19T10:24:04,496|[TRACE] script - #out(`N`) [token]
2021-11-19T10:24:04,496|[TRACE] graph - <------- nonSkippedChar
2021-11-19T10:24:04,496|[TRACE] graph - <----- statementPart
2021-11-19T10:24:04,496|[TRACE] graph - -----> statementPart
2021-11-19T10:24:04,496|[TRACE] graph - -------> nonSkippedChar
2021-11-19T10:24:04,496|[TRACE] script - #out(`O`) [token]
2021-11-19T10:24:04,496|[TRACE] graph - <------- nonSkippedChar
2021-11-19T10:24:04,496|[TRACE] graph - <----- statementPart
2021-11-19T10:24:04,496|[TRACE] graph - -----> statementPart
2021-11-19T10:24:04,496|[TRACE] graph - -------> nonSkippedChar
2021-11-19T10:24:04,496|[TRACE] script - #out(`T`) [token]
2021-11-19T10:24:04,496|[TRACE] graph - <------- nonSkippedChar
2021-11-19T10:24:04,496|[TRACE] graph - <----- statementPart
2021-11-19T10:24:04,496|[TRACE] graph - -----> statementPart
2021-11-19T10:24:04,496|[TRACE] graph - -------> nonSkippedSpace
2021-11-19T10:24:04,496|[TRACE] script - #out(` `) [token]
2021-11-19T10:24:04,496|[TRACE] graph - <------- nonSkippedSpace
2021-11-19T10:24:04,496|[TRACE] graph - <----- statementPart
2021-11-19T10:24:04,496|[TRACE] graph - -----> statementPart
2021-11-19T10:24:04,496|[TRACE] graph - -------> nonSkippedChar
2021-11-19T10:24:04,496|[TRACE] script - #out(`N`) [token]
2021-11-19T10:24:04,496|[TRACE] graph - <------- nonSkippedChar
2021-11-19T10:24:04,496|[TRACE] graph - <----- statementPart
2021-11-19T10:24:04,496|[TRACE] graph - -----> statementPart
2021-11-19T10:24:04,496|[TRACE] graph - -------> nonSkippedChar
2021-11-19T10:24:04,496|[TRACE] script - #out(`U`) [token]
2021-11-19T10:24:04,496|[TRACE] graph - <------- nonSkippedChar
2021-11-19T10:24:04,496|[TRACE] graph - <----- statementPart
2021-11-19T10:24:04,496|[TRACE] graph - -----> statementPart
2021-11-19T10:24:04,496|[TRACE] graph - -------> nonSkippedChar
2021-11-19T10:24:04,496|[TRACE] script - #out(`L`) [token]
2021-11-19T10:24:04,496|[TRACE] graph - <------- nonSkippedChar
2021-11-19T10:24:04,496|[TRACE] graph - <----- statementPart
2021-11-19T10:24:04,496|[TRACE] graph - -----> statementPart
2021-11-19T10:24:04,496|[TRACE] graph - -------> nonSkippedChar
2021-11-19T10:24:04,496|[TRACE] script - #out(`L`) [token]
2021-11-19T10:24:04,496|[TRACE] graph - <------- nonSkippedChar
2021-11-19T10:24:04,496|[TRACE] graph - <----- statementPart
2021-11-19T10:24:04,496|[TRACE] graph - -----> statementPart
2021-11-19T10:24:04,496|[TRACE] graph - -------> nonSkippedSpace
2021-11-19T10:24:04,496|[TRACE] script - #out(` `) [token]
2021-11-19T10:24:04,496|[TRACE] graph - <------- nonSkippedSpace
2021-11-19T10:24:04,496|[TRACE] graph - <----- statementPart
2021-11-19T10:24:04,496|[TRACE] graph - -----> statementPart
2021-11-19T10:24:04,496|[TRACE] graph - -------> nonSkippedChar
2021-11-19T10:24:04,496|[TRACE] script - #out(`D`) [token]
2021-11-19T10:24:04,496|[TRACE] graph - <------- nonSkippedChar
2021-11-19T10:24:04,496|[TRACE] graph - <----- statementPart
2021-11-19T10:24:04,496|[TRACE] graph - -----> statementPart
2021-11-19T10:24:04,496|[TRACE] graph - -------> nonSkippedChar
2021-11-19T10:24:04,496|[TRACE] script - #out(`E`) [token]
2021-11-19T10:24:04,496|[TRACE] graph - <------- nonSkippedChar
2021-11-19T10:24:04,496|[TRACE] graph - <----- statementPart
2021-11-19T10:24:04,496|[TRACE] graph - -----> statementPart
2021-11-19T10:24:04,496|[TRACE] graph - -------> nonSkippedChar
2021-11-19T10:24:04,496|[TRACE] script - #out(`F`) [token]
2021-11-19T10:24:04,496|[TRACE] graph - <------- nonSkippedChar
2021-11-19T10:24:04,496|[TRACE] graph - <----- statementPart
2021-11-19T10:24:04,496|[TRACE] graph - -----> statementPart
2021-11-19T10:24:04,496|[TRACE] graph - -------> nonSkippedChar
2021-11-19T10:24:04,496|[TRACE] script - #out(`A`) [token]
2021-11-19T10:24:04,496|[TRACE] graph - <------- nonSkippedChar
2021-11-19T10:24:04,496|[TRACE] graph - <----- statementPart
2021-11-19T10:24:04,496|[TRACE] graph - -----> statementPart
2021-11-19T10:24:04,496|[TRACE] graph - -------> nonSkippedChar
2021-11-19T10:24:04,496|[TRACE] script - #out(`U`) [token]
2021-11-19T10:24:04,496|[TRACE] graph - <------- nonSkippedChar
2021-11-19T10:24:04,496|[TRACE] graph - <----- statementPart
2021-11-19T10:24:04,496|[TRACE] graph - -----> statementPart
2021-11-19T10:24:04,496|[TRACE] graph - -------> nonSkippedChar
2021-11-19T10:24:04,496|[TRACE] script - #out(`L`) [token]
2021-11-19T10:24:04,496|[TRACE] graph - <------- nonSkippedChar
2021-11-19T10:24:04,496|[TRACE] graph - <----- statementPart
2021-11-19T10:24:04,496|[TRACE] graph - -----> statementPart
2021-11-19T10:24:04,496|[TRACE] graph - -------> nonSkippedChar
2021-11-19T10:24:04,496|[TRACE] script - #out(`T`) [token]
2021-11-19T10:24:04,496|[TRACE] graph - <------- nonSkippedChar
2021-11-19T10:24:04,496|[TRACE] graph - <----- statementPart
2021-11-19T10:24:04,496|[TRACE] graph - -----> statementPart
2021-11-19T10:24:04,496|[TRACE] graph - -------> nonSkippedSpace
2021-11-19T10:24:04,496|[TRACE] script - #out(` `) [token]
2021-11-19T10:24:04,496|[TRACE] graph - <------- nonSkippedSpace
2021-11-19T10:24:04,496|[TRACE] graph - <----- statementPart
2021-11-19T10:24:04,496|[TRACE] graph - -----> statementPart
2021-11-19T10:24:04,496|[TRACE] graph - -------> nonSkippedChar
2021-11-19T10:24:04,496|[TRACE] script - #out(`(`) [token]
2021-11-19T10:24:04,496|[TRACE] graph - <------- nonSkippedChar
2021-11-19T10:24:04,496|[TRACE] graph - <----- statementPart
2021-11-19T10:24:04,496|[TRACE] graph - -----> statementPart
2021-11-19T10:24:04,496|[TRACE] graph - -------> nonSkippedChar
2021-11-19T10:24:04,496|[TRACE] script - #out(`u`) [token]
2021-11-19T10:24:04,496|[TRACE] graph - <------- nonSkippedChar
2021-11-19T10:24:04,496|[TRACE] graph - <----- statementPart
2021-11-19T10:24:04,496|[TRACE] graph - -----> statementPart
2021-11-19T10:24:04,496|[TRACE] graph - -------> nonSkippedChar
2021-11-19T10:24:04,496|[TRACE] script - #out(`n`) [token]
2021-11-19T10:24:04,496|[TRACE] graph - <------- nonSkippedChar
2021-11-19T10:24:04,496|[TRACE] graph - <----- statementPart
2021-11-19T10:24:04,496|[TRACE] graph - -----> statementPart
2021-11-19T10:24:04,496|[TRACE] graph - -------> nonSkippedChar
2021-11-19T10:24:04,496|[TRACE] script - #out(`i`) [token]
2021-11-19T10:24:04,496|[TRACE] graph - <------- nonSkippedChar
2021-11-19T10:24:04,496|[TRACE] graph - <----- statementPart
2021-11-19T10:24:04,496|[TRACE] graph - -----> statementPart
2021-11-19T10:24:04,496|[TRACE] graph - -------> nonSkippedChar
2021-11-19T10:24:04,496|[TRACE] script - #out(`x`) [token]
2021-11-19T10:24:04,496|[TRACE] graph - <------- nonSkippedChar
2021-11-19T10:24:04,496|[TRACE] graph - <----- statementPart
2021-11-19T10:24:04,496|[TRACE] graph - -----> statementPart
2021-11-19T10:24:04,496|[TRACE] graph - -------> nonSkippedChar
2021-11-19T10:24:04,496|[TRACE] script - #out(`_`) [token]
2021-11-19T10:24:04,496|[TRACE] graph - <------- nonSkippedChar
2021-11-19T10:24:04,496|[TRACE] graph - <----- statementPart
2021-11-19T10:24:04,496|[TRACE] graph - -----> statementPart
2021-11-19T10:24:04,496|[TRACE] graph - -------> nonSkippedChar
2021-11-19T10:24:04,496|[TRACE] script - #out(`t`) [token]
2021-11-19T10:24:04,496|[TRACE] graph - <------- nonSkippedChar
2021-11-19T10:24:04,496|[TRACE] graph - <----- statementPart
2021-11-19T10:24:04,496|[TRACE] graph - -----> statementPart
2021-11-19T10:24:04,496|[TRACE] graph - -------> nonSkippedChar
2021-11-19T10:24:04,496|[TRACE] script - #out(`i`) [token]
2021-11-19T10:24:04,496|[TRACE] graph - <------- nonSkippedChar
2021-11-19T10:24:04,496|[TRACE] graph - <----- statementPart
2021-11-19T10:24:04,496|[TRACE] graph - -----> statementPart
2021-11-19T10:24:04,496|[TRACE] graph - -------> nonSkippedChar
2021-11-19T10:24:04,496|[TRACE] script - #out(`m`) [token]
2021-11-19T10:24:04,496|[TRACE] graph - <------- nonSkippedChar
2021-11-19T10:24:04,496|[TRACE] graph - <----- statementPart
2021-11-19T10:24:04,496|[TRACE] graph - -----> statementPart
2021-11-19T10:24:04,496|[TRACE] graph - -------> nonSkippedChar
2021-11-19T10:24:04,496|[TRACE] script - #out(`e`) [token]
2021-11-19T10:24:04,496|[TRACE] graph - <------- nonSkippedChar
2021-11-19T10:24:04,496|[TRACE] graph - <----- statementPart
2021-11-19T10:24:04,496|[TRACE] graph - -----> statementPart
2021-11-19T10:24:04,496|[TRACE] graph - -------> nonSkippedChar
2021-11-19T10:24:04,496|[TRACE] script - #out(`s`) [token]
2021-11-19T10:24:04,496|[TRACE] graph - <------- nonSkippedChar
2021-11-19T10:24:04,497|[TRACE] graph - <----- statementPart
2021-11-19T10:24:04,497|[TRACE] graph - -----> statementPart
2021-11-19T10:24:04,497|[TRACE] graph - -------> nonSkippedChar
2021-11-19T10:24:04,497|[TRACE] script - #out(`t`) [token]
2021-11-19T10:24:04,497|[TRACE] graph - <------- nonSkippedChar
2021-11-19T10:24:04,497|[TRACE] graph - <----- statementPart
2021-11-19T10:24:04,497|[TRACE] graph - -----> statementPart
2021-11-19T10:24:04,497|[TRACE] graph - -------> nonSkippedChar
2021-11-19T10:24:04,497|[TRACE] script - #out(`a`) [token]
2021-11-19T10:24:04,497|[TRACE] graph - <------- nonSkippedChar
2021-11-19T10:24:04,497|[TRACE] graph - <----- statementPart
2021-11-19T10:24:04,497|[TRACE] graph - -----> statementPart
2021-11-19T10:24:04,497|[TRACE] graph - -------> nonSkippedChar
2021-11-19T10:24:04,497|[TRACE] script - #out(`m`) [token]
2021-11-19T10:24:04,497|[TRACE] graph - <------- nonSkippedChar
2021-11-19T10:24:04,497|[TRACE] graph - <----- statementPart
2021-11-19T10:24:04,497|[TRACE] graph - -----> statementPart
2021-11-19T10:24:04,497|[TRACE] graph - -------> nonSkippedChar
2021-11-19T10:24:04,497|[TRACE] script - #out(`p`) [token]
2021-11-19T10:24:04,497|[TRACE] graph - <------- nonSkippedChar
2021-11-19T10:24:04,497|[TRACE] graph - <----- statementPart
2021-11-19T10:24:04,497|[TRACE] graph - -----> statementPart
2021-11-19T10:24:04,497|[TRACE] graph - -------> nonSkippedChar
2021-11-19T10:24:04,497|[TRACE] script - #out(`(`) [token]
2021-11-19T10:24:04,497|[TRACE] graph - <------- nonSkippedChar
2021-11-19T10:24:04,497|[TRACE] graph - <----- statementPart
2021-11-19T10:24:04,497|[TRACE] graph - -----> statementPart
2021-11-19T10:24:04,497|[TRACE] graph - -------> nonSkippedChar
2021-11-19T10:24:04,497|[TRACE] script - #out(`n`) [token]
2021-11-19T10:24:04,497|[TRACE] graph - <------- nonSkippedChar
2021-11-19T10:24:04,497|[TRACE] graph - <----- statementPart
2021-11-19T10:24:04,497|[TRACE] graph - -----> statementPart
2021-11-19T10:24:04,497|[TRACE] graph - -------> nonSkippedChar
2021-11-19T10:24:04,497|[TRACE] script - #out(`o`) [token]
2021-11-19T10:24:04,497|[TRACE] graph - <------- nonSkippedChar
2021-11-19T10:24:04,497|[TRACE] graph - <----- statementPart
2021-11-19T10:24:04,497|[TRACE] graph - -----> statementPart
2021-11-19T10:24:04,497|[TRACE] graph - -------> nonSkippedChar
2021-11-19T10:24:04,497|[TRACE] script - #out(`w`) [token]
2021-11-19T10:24:04,497|[TRACE] graph - <------- nonSkippedChar
2021-11-19T10:24:04,497|[TRACE] graph - <----- statementPart
2021-11-19T10:24:04,497|[TRACE] graph - -----> statementPart
2021-11-19T10:24:04,497|[TRACE] graph - -------> nonSkippedChar
2021-11-19T10:24:04,497|[TRACE] script - #out(`(`) [token]
2021-11-19T10:24:04,497|[TRACE] graph - <------- nonSkippedChar
2021-11-19T10:24:04,497|[TRACE] graph - <----- statementPart
2021-11-19T10:24:04,497|[TRACE] graph - -----> statementPart
2021-11-19T10:24:04,497|[TRACE] graph - -------> nonSkippedChar
2021-11-19T10:24:04,497|[TRACE] script - #out(`)`) [token]
2021-11-19T10:24:04,497|[TRACE] graph - <------- nonSkippedChar
2021-11-19T10:24:04,497|[TRACE] graph - <----- statementPart
2021-11-19T10:24:04,497|[TRACE] graph - -----> statementPart
2021-11-19T10:24:04,497|[TRACE] graph - -------> nonSkippedChar
2021-11-19T10:24:04,497|[TRACE] script - #out(`)`) [token]
2021-11-19T10:24:04,497|[TRACE] graph - <------- nonSkippedChar
2021-11-19T10:24:04,497|[TRACE] graph - <----- statementPart
2021-11-19T10:24:04,497|[TRACE] graph - -----> statementPart
2021-11-19T10:24:04,497|[TRACE] graph - -------> nonSkippedSpace
2021-11-19T10:24:04,497|[TRACE] script - #out(` `) [token]
2021-11-19T10:24:04,497|[TRACE] graph - <------- nonSkippedSpace
2021-11-19T10:24:04,497|[TRACE] graph - <----- statementPart
2021-11-19T10:24:04,497|[TRACE] graph - -----> statementPart
2021-11-19T10:24:04,497|[TRACE] graph - -------> nonSkippedChar
2021-11-19T10:24:04,497|[TRACE] script - #out(`*`) [token]
2021-11-19T10:24:04,497|[TRACE] graph - <------- nonSkippedChar
2021-11-19T10:24:04,497|[TRACE] graph - <----- statementPart
2021-11-19T10:24:04,497|[TRACE] graph - -----> statementPart
2021-11-19T10:24:04,497|[TRACE] graph - -------> nonSkippedSpace
2021-11-19T10:24:04,497|[TRACE] script - #out(` `) [token]
2021-11-19T10:24:04,497|[TRACE] graph - <------- nonSkippedSpace
2021-11-19T10:24:04,497|[TRACE] graph - <----- statementPart
2021-11-19T10:24:04,497|[TRACE] graph - -----> statementPart
2021-11-19T10:24:04,497|[TRACE] graph - -------> nonSkippedChar
2021-11-19T10:24:04,497|[TRACE] script - #out(`1`) [token]
2021-11-19T10:24:04,497|[TRACE] graph - <------- nonSkippedChar
2021-11-19T10:24:04,497|[TRACE] graph - <----- statementPart
2021-11-19T10:24:04,497|[TRACE] graph - -----> statementPart
2021-11-19T10:24:04,497|[TRACE] graph - -------> nonSkippedChar
2021-11-19T10:24:04,497|[TRACE] script - #out(`0`) [token]
2021-11-19T10:24:04,497|[TRACE] graph - <------- nonSkippedChar
2021-11-19T10:24:04,497|[TRACE] graph - <----- statementPart
2021-11-19T10:24:04,497|[TRACE] graph - -----> statementPart
2021-11-19T10:24:04,497|[TRACE] graph - -------> nonSkippedChar
2021-11-19T10:24:04,497|[TRACE] script - #out(`0`) [token]
2021-11-19T10:24:04,497|[TRACE] graph - <------- nonSkippedChar
2021-11-19T10:24:04,497|[TRACE] graph - <----- statementPart
2021-11-19T10:24:04,497|[TRACE] graph - -----> statementPart
2021-11-19T10:24:04,497|[TRACE] graph - -------> nonSkippedChar
2021-11-19T10:24:04,497|[TRACE] script - #out(`0`) [token]
2021-11-19T10:24:04,497|[TRACE] graph - <------- nonSkippedChar
2021-11-19T10:24:04,497|[TRACE] graph - <----- statementPart
2021-11-19T10:24:04,497|[TRACE] graph - -----> statementPart
2021-11-19T10:24:04,497|[TRACE] graph - -------> nonSkippedChar
2021-11-19T10:24:04,497|[TRACE] script - #out(`)`) [token]
2021-11-19T10:24:04,497|[TRACE] graph - <------- nonSkippedChar
2021-11-19T10:24:04,497|[TRACE] graph - <----- statementPart
2021-11-19T10:24:04,497|[TRACE] graph - -----> statementPart
2021-11-19T10:24:04,497|[TRACE] graph - -------> nonSkippedChar
2021-11-19T10:24:04,497|[TRACE] script - #out(`,`) [token]
2021-11-19T10:24:04,497|[TRACE] graph - <------- nonSkippedChar
2021-11-19T10:24:04,497|[TRACE] graph - <----- statementPart
2021-11-19T10:24:04,497|[TRACE] graph - -----> afterStatementPartNewline
2021-11-19T10:24:04,497|[TRACE] script - #out(` `) [text]
2021-11-19T10:24:04,497|[TRACE] graph - <----- afterStatementPartNewline
2021-11-19T10:24:04,497|[TRACE] graph - -----> statementPart
2021-11-19T10:24:04,497|[TRACE] graph - -------> nonSkippedSpace
2021-11-19T10:24:04,497|[TRACE] script - #out(` `) [token]
2021-11-19T10:24:04,497|[TRACE] graph - <------- nonSkippedSpace
2021-11-19T10:24:04,497|[TRACE] graph - <----- statementPart
2021-11-19T10:24:04,497|[TRACE] graph - -----> statementPart
2021-11-19T10:24:04,497|[TRACE] graph - -------> nonSkippedSpace
2021-11-19T10:24:04,497|[TRACE] script - #out(` `) [token]
2021-11-19T10:24:04,497|[TRACE] graph - <------- nonSkippedSpace
2021-11-19T10:24:04,497|[TRACE] graph - <----- statementPart
2021-11-19T10:24:04,497|[TRACE] graph - -----> statementPart
2021-11-19T10:24:04,497|[TRACE] graph - -------> quotedString
2021-11-19T10:24:04,497|[TRACE] script - #out(``version``) [token]
2021-11-19T10:24:04,497|[TRACE] graph - <------- quotedString
2021-11-19T10:24:04,497|[TRACE] graph - <----- statementPart
2021-11-19T10:24:04,497|[TRACE] graph - -----> statementPart
2021-11-19T10:24:04,497|[TRACE] graph - -------> nonSkippedSpace
2021-11-19T10:24:04,497|[TRACE] script - #out(` `) [token]
2021-11-19T10:24:04,497|[TRACE] graph - <------- nonSkippedSpace
2021-11-19T10:24:04,497|[TRACE] graph - <----- statementPart
2021-11-19T10:24:04,497|[TRACE] graph - -----> statementPart
2021-11-19T10:24:04,497|[TRACE] graph - -------> nonSkippedChar
2021-11-19T10:24:04,497|[TRACE] script - #out(`I`) [token]
2021-11-19T10:24:04,497|[TRACE] graph - <------- nonSkippedChar
2021-11-19T10:24:04,497|[TRACE] graph - <----- statementPart
2021-11-19T10:24:04,497|[TRACE] graph - -----> statementPart
2021-11-19T10:24:04,497|[TRACE] graph - -------> nonSkippedChar
2021-11-19T10:24:04,497|[TRACE] script - #out(`N`) [token]
2021-11-19T10:24:04,497|[TRACE] graph - <------- nonSkippedChar
2021-11-19T10:24:04,497|[TRACE] graph - <----- statementPart
2021-11-19T10:24:04,497|[TRACE] graph - -----> statementPart
2021-11-19T10:24:04,497|[TRACE] graph - -------> nonSkippedChar
2021-11-19T10:24:04,497|[TRACE] script - #out(`T`) [token]
2021-11-19T10:24:04,497|[TRACE] graph - <------- nonSkippedChar
2021-11-19T10:24:04,497|[TRACE] graph - <----- statementPart
2021-11-19T10:24:04,497|[TRACE] graph - -----> statementPart
2021-11-19T10:24:04,497|[TRACE] graph - -------> nonSkippedSpace
2021-11-19T10:24:04,497|[TRACE] script - #out(` `) [token]
2021-11-19T10:24:04,497|[TRACE] graph - <------- nonSkippedSpace
2021-11-19T10:24:04,497|[TRACE] graph - <----- statementPart
2021-11-19T10:24:04,497|[TRACE] graph - -----> statementPart
2021-11-19T10:24:04,497|[TRACE] graph - -------> nonSkippedChar
2021-11-19T10:24:04,497|[TRACE] script - #out(`N`) [token]
2021-11-19T10:24:04,497|[TRACE] graph - <------- nonSkippedChar
2021-11-19T10:24:04,497|[TRACE] graph - <----- statementPart
2021-11-19T10:24:04,497|[TRACE] graph - -----> statementPart
2021-11-19T10:24:04,497|[TRACE] graph - -------> nonSkippedChar
2021-11-19T10:24:04,497|[TRACE] script - #out(`O`) [token]
2021-11-19T10:24:04,497|[TRACE] graph - <------- nonSkippedChar
2021-11-19T10:24:04,497|[TRACE] graph - <----- statementPart
2021-11-19T10:24:04,497|[TRACE] graph - -----> statementPart
2021-11-19T10:24:04,497|[TRACE] graph - -------> nonSkippedChar
2021-11-19T10:24:04,497|[TRACE] script - #out(`T`) [token]
2021-11-19T10:24:04,497|[TRACE] graph - <------- nonSkippedChar
2021-11-19T10:24:04,497|[TRACE] graph - <----- statementPart
2021-11-19T10:24:04,497|[TRACE] graph - -----> statementPart
2021-11-19T10:24:04,497|[TRACE] graph - -------> nonSkippedSpace
2021-11-19T10:24:04,497|[TRACE] script - #out(` `) [token]
2021-11-19T10:24:04,497|[TRACE] graph - <------- nonSkippedSpace
2021-11-19T10:24:04,497|[TRACE] graph - <----- statementPart
2021-11-19T10:24:04,497|[TRACE] graph - -----> statementPart
2021-11-19T10:24:04,497|[TRACE] graph - -------> nonSkippedChar
2021-11-19T10:24:04,497|[TRACE] script - #out(`N`) [token]
2021-11-19T10:24:04,497|[TRACE] graph - <------- nonSkippedChar
2021-11-19T10:24:04,614|[TRACE] graph - <----- statementPart
2021-11-19T10:24:04,614|[TRACE] graph - -----> statementPart
2021-11-19T10:24:04,614|[TRACE] graph - -------> nonSkippedChar
2021-11-19T10:24:04,614|[TRACE] script - #out(`U`) [token]
2021-11-19T10:24:04,614|[TRACE] graph - <------- nonSkippedChar
2021-11-19T10:24:04,614|[TRACE] graph - <----- statementPart
2021-11-19T10:24:04,614|[TRACE] graph - -----> statementPart
2021-11-19T10:24:04,614|[TRACE] graph - -------> nonSkippedChar
2021-11-19T10:24:04,614|[TRACE] script - #out(`L`) [token]
2021-11-19T10:24:04,614|[TRACE] graph - <------- nonSkippedChar
2021-11-19T10:24:04,614|[TRACE] graph - <----- statementPart
2021-11-19T10:24:04,614|[TRACE] graph - -----> statementPart
2021-11-19T10:24:04,614|[TRACE] graph - -------> nonSkippedChar
2021-11-19T10:24:04,614|[TRACE] script - #out(`L`) [token]
2021-11-19T10:24:04,614|[TRACE] graph - <------- nonSkippedChar
2021-11-19T10:24:04,614|[TRACE] graph - <----- statementPart
2021-11-19T10:24:04,614|[TRACE] graph - -----> statementPart
2021-11-19T10:24:04,614|[TRACE] graph - -------> nonSkippedSpace
2021-11-19T10:24:04,614|[TRACE] script - #out(` `) [token]
2021-11-19T10:24:04,614|[TRACE] graph - <------- nonSkippedSpace
2021-11-19T10:24:04,614|[TRACE] graph - <----- statementPart
2021-11-19T10:24:04,614|[TRACE] graph - -----> statementPart
2021-11-19T10:24:04,614|[TRACE] graph - -------> nonSkippedChar
2021-11-19T10:24:04,614|[TRACE] script - #out(`D`) [token]
2021-11-19T10:24:04,614|[TRACE] graph - <------- nonSkippedChar
2021-11-19T10:24:04,614|[TRACE] graph - <----- statementPart
2021-11-19T10:24:04,614|[TRACE] graph - -----> statementPart
2021-11-19T10:24:04,614|[TRACE] graph - -------> nonSkippedChar
2021-11-19T10:24:04,614|[TRACE] script - #out(`E`) [token]
2021-11-19T10:24:04,614|[TRACE] graph - <------- nonSkippedChar
2021-11-19T10:24:04,614|[TRACE] graph - <----- statementPart
2021-11-19T10:24:04,614|[TRACE] graph - -----> statementPart
2021-11-19T10:24:04,614|[TRACE] graph - -------> nonSkippedChar
2021-11-19T10:24:04,614|[TRACE] script - #out(`F`) [token]
2021-11-19T10:24:04,614|[TRACE] graph - <------- nonSkippedChar
2021-11-19T10:24:04,614|[TRACE] graph - <----- statementPart
2021-11-19T10:24:04,614|[TRACE] graph - -----> statementPart
2021-11-19T10:24:04,614|[TRACE] graph - -------> nonSkippedChar
2021-11-19T10:24:04,614|[TRACE] script - #out(`A`) [token]
2021-11-19T10:24:04,614|[TRACE] graph - <------- nonSkippedChar
2021-11-19T10:24:04,614|[TRACE] graph - <----- statementPart
2021-11-19T10:24:04,614|[TRACE] graph - -----> statementPart
2021-11-19T10:24:04,614|[TRACE] graph - -------> nonSkippedChar
2021-11-19T10:24:04,614|[TRACE] script - #out(`U`) [token]
2021-11-19T10:24:04,614|[TRACE] graph - <------- nonSkippedChar
2021-11-19T10:24:04,614|[TRACE] graph - <----- statementPart
2021-11-19T10:24:04,614|[TRACE] graph - -----> statementPart
2021-11-19T10:24:04,614|[TRACE] graph - -------> nonSkippedChar
2021-11-19T10:24:04,614|[TRACE] script - #out(`L`) [token]
2021-11-19T10:24:04,614|[TRACE] graph - <------- nonSkippedChar
2021-11-19T10:24:04,614|[TRACE] graph - <----- statementPart
2021-11-19T10:24:04,614|[TRACE] graph - -----> statementPart
2021-11-19T10:24:04,614|[TRACE] graph - -------> nonSkippedChar
2021-11-19T10:24:04,614|[TRACE] script - #out(`T`) [token]
2021-11-19T10:24:04,614|[TRACE] graph - <------- nonSkippedChar
2021-11-19T10:24:04,614|[TRACE] graph - <----- statementPart
2021-11-19T10:24:04,614|[TRACE] graph - -----> statementPart
2021-11-19T10:24:04,614|[TRACE] graph - -------> nonSkippedSpace
2021-11-19T10:24:04,614|[TRACE] script - #out(` `) [token]
2021-11-19T10:24:04,614|[TRACE] graph - <------- nonSkippedSpace
2021-11-19T10:24:04,614|[TRACE] graph - <----- statementPart
2021-11-19T10:24:04,614|[TRACE] graph - -----> statementPart
2021-11-19T10:24:04,614|[TRACE] graph - -------> nonSkippedChar
2021-11-19T10:24:04,614|[TRACE] script - #out(`1`) [token]
2021-11-19T10:24:04,614|[TRACE] graph - <------- nonSkippedChar
2021-11-19T10:24:04,614|[TRACE] graph - <----- statementPart
2021-11-19T10:24:04,614|[TRACE] graph - -----> statementPart
2021-11-19T10:24:04,614|[TRACE] graph - -------> nonSkippedChar
2021-11-19T10:24:04,614|[TRACE] script - #out(`,`) [token]
2021-11-19T10:24:04,614|[TRACE] graph - <------- nonSkippedChar
2021-11-19T10:24:04,614|[TRACE] graph - <----- statementPart
2021-11-19T10:24:04,614|[TRACE] graph - -----> afterStatementPartNewline
2021-11-19T10:24:04,614|[TRACE] script - #out(` `) [text]
2021-11-19T10:24:04,614|[TRACE] graph - <----- afterStatementPartNewline
2021-11-19T10:24:04,614|[TRACE] graph - -----> statementPart
2021-11-19T10:24:04,614|[TRACE] graph - -------> nonSkippedSpace
2021-11-19T10:24:04,614|[TRACE] script - #out(` `) [token]
2021-11-19T10:24:04,614|[TRACE] graph - <------- nonSkippedSpace
2021-11-19T10:24:04,614|[TRACE] graph - <----- statementPart
2021-11-19T10:24:04,614|[TRACE] graph - -----> statementPart
2021-11-19T10:24:04,614|[TRACE] graph - -------> nonSkippedSpace
2021-11-19T10:24:04,614|[TRACE] script - #out(` `) [token]
2021-11-19T10:24:04,614|[TRACE] graph - <------- nonSkippedSpace
2021-11-19T10:24:04,614|[TRACE] graph - <----- statementPart
2021-11-19T10:24:04,614|[TRACE] graph - -----> statementPart
2021-11-19T10:24:04,614|[TRACE] graph - -------> nonSkippedChar
2021-11-19T10:24:04,614|[TRACE] script - #out(`P`) [token]
2021-11-19T10:24:04,615|[TRACE] graph - <------- nonSkippedChar
2021-11-19T10:24:04,615|[TRACE] graph - <----- statementPart
2021-11-19T10:24:04,615|[TRACE] graph - -----> statementPart
2021-11-19T10:24:04,615|[TRACE] graph - -------> nonSkippedChar
2021-11-19T10:24:04,615|[TRACE] script - #out(`R`) [token]
2021-11-19T10:24:04,615|[TRACE] graph - <------- nonSkippedChar
2021-11-19T10:24:04,615|[TRACE] graph - <----- statementPart
2021-11-19T10:24:04,615|[TRACE] graph - -----> statementPart
2021-11-19T10:24:04,615|[TRACE] graph - -------> nonSkippedChar
2021-11-19T10:24:04,615|[TRACE] script - #out(`I`) [token]
2021-11-19T10:24:04,615|[TRACE] graph - <------- nonSkippedChar
2021-11-19T10:24:04,615|[TRACE] graph - <----- statementPart
2021-11-19T10:24:04,615|[TRACE] graph - -----> statementPart
2021-11-19T10:24:04,615|[TRACE] graph - -------> nonSkippedChar
2021-11-19T10:24:04,615|[TRACE] script - #out(`M`) [token]
2021-11-19T10:24:04,615|[TRACE] graph - <------- nonSkippedChar
2021-11-19T10:24:04,615|[TRACE] graph - <----- statementPart
2021-11-19T10:24:04,615|[TRACE] graph - -----> statementPart
2021-11-19T10:24:04,615|[TRACE] graph - -------> nonSkippedChar
2021-11-19T10:24:04,615|[TRACE] script - #out(`A`) [token]
2021-11-19T10:24:04,615|[TRACE] graph - <------- nonSkippedChar
2021-11-19T10:24:04,615|[TRACE] graph - <----- statementPart
2021-11-19T10:24:04,615|[TRACE] graph - -----> statementPart
2021-11-19T10:24:04,615|[TRACE] graph - -------> nonSkippedChar
2021-11-19T10:24:04,615|[TRACE] script - #out(`R`) [token]
2021-11-19T10:24:04,615|[TRACE] graph - <------- nonSkippedChar
2021-11-19T10:24:04,615|[TRACE] graph - <----- statementPart
2021-11-19T10:24:04,615|[TRACE] graph - -----> statementPart
2021-11-19T10:24:04,615|[TRACE] graph - -------> nonSkippedChar
2021-11-19T10:24:04,615|[TRACE] script - #out(`Y`) [token]
2021-11-19T10:24:04,615|[TRACE] graph - <------- nonSkippedChar
2021-11-19T10:24:04,615|[TRACE] graph - <----- statementPart
2021-11-19T10:24:04,615|[TRACE] graph - -----> statementPart
2021-11-19T10:24:04,615|[TRACE] graph - -------> nonSkippedSpace
2021-11-19T10:24:04,615|[TRACE] script - #out(` `) [token]
2021-11-19T10:24:04,615|[TRACE] graph - <------- nonSkippedSpace
2021-11-19T10:24:04,615|[TRACE] graph - <----- statementPart
2021-11-19T10:24:04,615|[TRACE] graph - -----> statementPart
2021-11-19T10:24:04,615|[TRACE] graph - -------> nonSkippedChar
2021-11-19T10:24:04,615|[TRACE] script - #out(`K`) [token]
2021-11-19T10:24:04,615|[TRACE] graph - <------- nonSkippedChar
2021-11-19T10:24:04,615|[TRACE] graph - <----- statementPart
2021-11-19T10:24:04,615|[TRACE] graph - -----> statementPart
2021-11-19T10:24:04,615|[TRACE] graph - -------> nonSkippedChar
2021-11-19T10:24:04,615|[TRACE] script - #out(`E`) [token]
2021-11-19T10:24:04,615|[TRACE] graph - <------- nonSkippedChar
2021-11-19T10:24:04,615|[TRACE] graph - <----- statementPart
2021-11-19T10:24:04,615|[TRACE] graph - -----> statementPart
2021-11-19T10:24:04,615|[TRACE] graph - -------> nonSkippedChar
2021-11-19T10:24:04,615|[TRACE] script - #out(`Y`) [token]
2021-11-19T10:24:04,615|[TRACE] graph - <------- nonSkippedChar
2021-11-19T10:24:04,615|[TRACE] graph - <----- statementPart
2021-11-19T10:24:04,615|[TRACE] graph - -----> statementPart
2021-11-19T10:24:04,615|[TRACE] graph - -------> nonSkippedSpace
2021-11-19T10:24:04,615|[TRACE] script - #out(` `) [token]
2021-11-19T10:24:04,615|[TRACE] graph - <------- nonSkippedSpace
2021-11-19T10:24:04,615|[TRACE] graph - <----- statementPart
2021-11-19T10:24:04,615|[TRACE] graph - -----> statementPart
2021-11-19T10:24:04,615|[TRACE] graph - -------> nonSkippedChar
2021-11-19T10:24:04,615|[TRACE] script - #out(`(`) [token]
2021-11-19T10:24:04,615|[TRACE] graph - <------- nonSkippedChar
2021-11-19T10:24:04,615|[TRACE] graph - <----- statementPart
2021-11-19T10:24:04,615|[TRACE] graph - -----> statementPart
2021-11-19T10:24:04,615|[TRACE] graph - -------> quotedString
2021-11-19T10:24:04,615|[TRACE] script - #out(``donation_id``) [token]
2021-11-19T10:24:04,615|[TRACE] graph - <------- quotedString
2021-11-19T10:24:04,615|[TRACE] graph - <----- statementPart
2021-11-19T10:24:04,615|[TRACE] graph - -----> statementPart
2021-11-19T10:24:04,615|[TRACE] graph - -------> nonSkippedChar
2021-11-19T10:24:04,615|[TRACE] script - #out(`)`) [token]
2021-11-19T10:24:04,615|[TRACE] graph - <------- nonSkippedChar
2021-11-19T10:24:04,615|[TRACE] graph - <----- statementPart
2021-11-19T10:24:04,615|[TRACE] graph - -----> statementPart
2021-11-19T10:24:04,615|[TRACE] graph - -------> nonSkippedChar
2021-11-19T10:24:04,615|[TRACE] script - #out(`,`) [token]
2021-11-19T10:24:04,615|[TRACE] graph - <------- nonSkippedChar
2021-11-19T10:24:04,615|[TRACE] graph - <----- statementPart
2021-11-19T10:24:04,615|[TRACE] graph - -----> afterStatementPartNewline
2021-11-19T10:24:04,615|[TRACE] script - #out(` `) [text]
2021-11-19T10:24:04,615|[TRACE] graph - <----- afterStatementPartNewline
2021-11-19T10:24:04,615|[TRACE] graph - -----> statementPart
2021-11-19T10:24:04,615|[TRACE] graph - -------> nonSkippedSpace
2021-11-19T10:24:04,615|[TRACE] script - #out(` `) [token]
2021-11-19T10:24:04,615|[TRACE] graph - <------- nonSkippedSpace
2021-11-19T10:24:04,615|[TRACE] graph - <----- statementPart
2021-11-19T10:24:04,615|[TRACE] graph - -----> statementPart
2021-11-19T10:24:04,615|[TRACE] graph - -------> nonSkippedSpace
2021-11-19T10:24:04,615|[TRACE] script - #out(` `) [token]
2021-11-19T10:24:04,615|[TRACE] graph - <------- nonSkippedSpace
2021-11-19T10:24:04,615|[TRACE] graph - <----- statementPart
2021-11-19T10:24:04,615|[TRACE] graph - -----> statementPart
2021-11-19T10:24:04,615|[TRACE] graph - -------> nonSkippedChar
2021-11-19T10:24:04,615|[TRACE] script - #out(`I`) [token]
2021-11-19T10:24:04,615|[TRACE] graph - <------- nonSkippedChar
2021-11-19T10:24:04,615|[TRACE] graph - <----- statementPart
2021-11-19T10:24:04,615|[TRACE] graph - -----> statementPart
2021-11-19T10:24:04,615|[TRACE] graph - -------> nonSkippedChar
2021-11-19T10:24:04,615|[TRACE] script - #out(`N`) [token]
2021-11-19T10:24:04,615|[TRACE] graph - <------- nonSkippedChar
2021-11-19T10:24:04,615|[TRACE] graph - <----- statementPart
2021-11-19T10:24:04,615|[TRACE] graph - -----> statementPart
2021-11-19T10:24:04,615|[TRACE] graph - -------> nonSkippedChar
2021-11-19T10:24:04,615|[TRACE] script - #out(`D`) [token]
2021-11-19T10:24:04,615|[TRACE] graph - <------- nonSkippedChar
2021-11-19T10:24:04,615|[TRACE] graph - <----- statementPart
2021-11-19T10:24:04,615|[TRACE] graph - -----> statementPart
2021-11-19T10:24:04,615|[TRACE] graph - -------> nonSkippedChar
2021-11-19T10:24:04,615|[TRACE] script - #out(`E`) [token]
2021-11-19T10:24:04,615|[TRACE] graph - <------- nonSkippedChar
2021-11-19T10:24:04,615|[TRACE] graph - <----- statementPart
2021-11-19T10:24:04,615|[TRACE] graph - -----> statementPart
2021-11-19T10:24:04,615|[TRACE] graph - -------> nonSkippedChar
2021-11-19T10:24:04,615|[TRACE] script - #out(`X`) [token]
2021-11-19T10:24:04,615|[TRACE] graph - <------- nonSkippedChar
2021-11-19T10:24:04,615|[TRACE] graph - <----- statementPart
2021-11-19T10:24:04,615|[TRACE] graph - -----> statementPart
2021-11-19T10:24:04,615|[TRACE] graph - -------> nonSkippedSpace
2021-11-19T10:24:04,615|[TRACE] script - #out(` `) [token]
2021-11-19T10:24:04,615|[TRACE] graph - <------- nonSkippedSpace
2021-11-19T10:24:04,615|[TRACE] graph - <----- statementPart
2021-11-19T10:24:04,615|[TRACE] graph - -----> statementPart
2021-11-19T10:24:04,615|[TRACE] graph - -------> quotedString
2021-11-19T10:24:04,615|[TRACE] script - #out(``fk_blood_donation_blood_bank1_idx``) [token]
2021-11-19T10:24:04,615|[TRACE] graph - <------- quotedString
2021-11-19T10:24:04,615|[TRACE] graph - <----- statementPart
2021-11-19T10:24:04,615|[TRACE] graph - -----> statementPart
2021-11-19T10:24:04,615|[TRACE] graph - -------> nonSkippedSpace
2021-11-19T10:24:04,615|[TRACE] script - #out(` `) [token]
2021-11-19T10:24:04,615|[TRACE] graph - <------- nonSkippedSpace
2021-11-19T10:24:04,615|[TRACE] graph - <----- statementPart
2021-11-19T10:24:04,615|[TRACE] graph - -----> statementPart
2021-11-19T10:24:04,616|[TRACE] graph - -------> nonSkippedChar
2021-11-19T10:24:04,616|[TRACE] script - #out(`(`) [token]
2021-11-19T10:24:04,616|[TRACE] graph - <------- nonSkippedChar
2021-11-19T10:24:04,616|[TRACE] graph - <----- statementPart
2021-11-19T10:24:04,616|[TRACE] graph - -----> statementPart
2021-11-19T10:24:04,616|[TRACE] graph - -------> quotedString
2021-11-19T10:24:04,616|[TRACE] script - #out(``bank_id``) [token]
2021-11-19T10:24:04,616|[TRACE] graph - <------- quotedString
2021-11-19T10:24:04,616|[TRACE] graph - <----- statementPart
2021-11-19T10:24:04,616|[TRACE] graph - -----> statementPart
2021-11-19T10:24:04,616|[TRACE] graph - -------> nonSkippedSpace
2021-11-19T10:24:04,616|[TRACE] script - #out(` `) [token]
2021-11-19T10:24:04,616|[TRACE] graph - <------- nonSkippedSpace
2021-11-19T10:24:04,616|[TRACE] graph - <----- statementPart
2021-11-19T10:24:04,616|[TRACE] graph - -----> statementPart
2021-11-19T10:24:04,616|[TRACE] graph - -------> nonSkippedChar
2021-11-19T10:24:04,616|[TRACE] script - #out(`A`) [token]
2021-11-19T10:24:04,616|[TRACE] graph - <------- nonSkippedChar
2021-11-19T10:24:04,616|[TRACE] graph - <----- statementPart
2021-11-19T10:24:04,616|[TRACE] graph - -----> statementPart
2021-11-19T10:24:04,616|[TRACE] graph - -------> nonSkippedChar
2021-11-19T10:24:04,616|[TRACE] script - #out(`S`) [token]
2021-11-19T10:24:04,616|[TRACE] graph - <------- nonSkippedChar
2021-11-19T10:24:04,616|[TRACE] graph - <----- statementPart
2021-11-19T10:24:04,616|[TRACE] graph - -----> statementPart
2021-11-19T10:24:04,616|[TRACE] graph - -------> nonSkippedChar
2021-11-19T10:24:04,616|[TRACE] script - #out(`C`) [token]
2021-11-19T10:24:04,616|[TRACE] graph - <------- nonSkippedChar
2021-11-19T10:24:04,616|[TRACE] graph - <----- statementPart
2021-11-19T10:24:04,616|[TRACE] graph - -----> statementPart
2021-11-19T10:24:04,616|[TRACE] graph - -------> nonSkippedChar
2021-11-19T10:24:04,616|[TRACE] script - #out(`)`) [token]
2021-11-19T10:24:04,616|[TRACE] graph - <------- nonSkippedChar
2021-11-19T10:24:04,616|[TRACE] graph - <----- statementPart
2021-11-19T10:24:04,616|[TRACE] graph - -----> statementPart
2021-11-19T10:24:04,616|[TRACE] graph - -------> nonSkippedSpace
2021-11-19T10:24:04,616|[TRACE] script - #out(` `) [token]
2021-11-19T10:24:04,616|[TRACE] graph - <------- nonSkippedSpace
2021-11-19T10:24:04,616|[TRACE] graph - <----- statementPart
2021-11-19T10:24:04,616|[TRACE] graph - -----> statementPart
2021-11-19T10:24:04,616|[TRACE] graph - -------> nonSkippedChar
2021-11-19T10:24:04,616|[TRACE] script - #out(`V`) [token]
2021-11-19T10:24:04,616|[TRACE] graph - <------- nonSkippedChar
2021-11-19T10:24:04,616|[TRACE] graph - <----- statementPart
2021-11-19T10:24:04,616|[TRACE] graph - -----> statementPart
2021-11-19T10:24:04,616|[TRACE] graph - -------> nonSkippedChar
2021-11-19T10:24:04,616|[TRACE] script - #out(`I`) [token]
2021-11-19T10:24:04,616|[TRACE] graph - <------- nonSkippedChar
2021-11-19T10:24:04,616|[TRACE] graph - <----- statementPart
2021-11-19T10:24:04,616|[TRACE] graph - -----> statementPart
2021-11-19T10:24:04,616|[TRACE] graph - -------> nonSkippedChar
2021-11-19T10:24:04,616|[TRACE] script - #out(`S`) [token]
2021-11-19T10:24:04,616|[TRACE] graph - <------- nonSkippedChar
2021-11-19T10:24:04,616|[TRACE] graph - <----- statementPart
2021-11-19T10:24:04,616|[TRACE] graph - -----> statementPart
2021-11-19T10:24:04,616|[TRACE] graph - -------> nonSkippedChar
2021-11-19T10:24:04,616|[TRACE] script - #out(`I`) [token]
2021-11-19T10:24:04,616|[TRACE] graph - <------- nonSkippedChar
2021-11-19T10:24:04,616|[TRACE] graph - <----- statementPart
2021-11-19T10:24:04,616|[TRACE] graph - -----> statementPart
2021-11-19T10:24:04,616|[TRACE] graph - -------> nonSkippedChar
2021-11-19T10:24:04,616|[TRACE] script - #out(`B`) [token]
2021-11-19T10:24:04,616|[TRACE] graph - <------- nonSkippedChar
2021-11-19T10:24:04,616|[TRACE] graph - <----- statementPart
2021-11-19T10:24:04,616|[TRACE] graph - -----> statementPart
2021-11-19T10:24:04,616|[TRACE] graph - -------> nonSkippedChar
2021-11-19T10:24:04,616|[TRACE] script - #out(`L`) [token]
2021-11-19T10:24:04,616|[TRACE] graph - <------- nonSkippedChar
2021-11-19T10:24:04,616|[TRACE] graph - <----- statementPart
2021-11-19T10:24:04,616|[TRACE] graph - -----> statementPart
2021-11-19T10:24:04,616|[TRACE] graph - -------> nonSkippedChar
2021-11-19T10:24:04,616|[TRACE] script - #out(`E`) [token]
2021-11-19T10:24:04,616|[TRACE] graph - <------- nonSkippedChar
2021-11-19T10:24:04,616|[TRACE] graph - <----- statementPart
2021-11-19T10:24:04,616|[TRACE] graph - -----> statementPart
2021-11-19T10:24:04,616|[TRACE] graph - -------> nonSkippedChar
2021-11-19T10:24:04,616|[TRACE] script - #out(`,`) [token]
2021-11-19T10:24:04,616|[TRACE] graph - <------- nonSkippedChar
2021-11-19T10:24:04,616|[TRACE] graph - <----- statementPart
2021-11-19T10:24:04,616|[TRACE] graph - -----> afterStatementPartNewline
2021-11-19T10:24:04,616|[TRACE] script - #out(` `) [text]
2021-11-19T10:24:04,616|[TRACE] graph - <----- afterStatementPartNewline
2021-11-19T10:24:04,616|[TRACE] graph - -----> statementPart
2021-11-19T10:24:04,616|[TRACE] graph - -------> nonSkippedSpace
2021-11-19T10:24:04,616|[TRACE] script - #out(` `) [token]
2021-11-19T10:24:04,616|[TRACE] graph - <------- nonSkippedSpace
2021-11-19T10:24:04,616|[TRACE] graph - <----- statementPart
2021-11-19T10:24:04,616|[TRACE] graph - -----> statementPart
2021-11-19T10:24:04,616|[TRACE] graph - -------> nonSkippedSpace
2021-11-19T10:24:04,616|[TRACE] script - #out(` `) [token]
2021-11-19T10:24:04,616|[TRACE] graph - <------- nonSkippedSpace
2021-11-19T10:24:04,616|[TRACE] graph - <----- statementPart
2021-11-19T10:24:04,616|[TRACE] graph - -----> statementPart
2021-11-19T10:24:04,616|[TRACE] graph - -------> nonSkippedChar
2021-11-19T10:24:04,616|[TRACE] script - #out(`C`) [token]
2021-11-19T10:24:04,616|[TRACE] graph - <------- nonSkippedChar
2021-11-19T10:24:04,616|[TRACE] graph - <----- statementPart
2021-11-19T10:24:04,616|[TRACE] graph - -----> statementPart
2021-11-19T10:24:04,616|[TRACE] graph - -------> nonSkippedChar
2021-11-19T10:24:04,616|[TRACE] script - #out(`O`) [token]
2021-11-19T10:24:04,616|[TRACE] graph - <------- nonSkippedChar
2021-11-19T10:24:04,616|[TRACE] graph - <----- statementPart
2021-11-19T10:24:04,616|[TRACE] graph - -----> statementPart
2021-11-19T10:24:04,616|[TRACE] graph - -------> nonSkippedChar
2021-11-19T10:24:04,616|[TRACE] script - #out(`N`) [token]
2021-11-19T10:24:04,616|[TRACE] graph - <------- nonSkippedChar
2021-11-19T10:24:04,616|[TRACE] graph - <----- statementPart
2021-11-19T10:24:04,616|[TRACE] graph - -----> statementPart
2021-11-19T10:24:04,616|[TRACE] graph - -------> nonSkippedChar
2021-11-19T10:24:04,616|[TRACE] script - #out(`S`) [token]
2021-11-19T10:24:04,616|[TRACE] graph - <------- nonSkippedChar
2021-11-19T10:24:04,616|[TRACE] graph - <----- statementPart
2021-11-19T10:24:04,616|[TRACE] graph - -----> statementPart
2021-11-19T10:24:04,616|[TRACE] graph - -------> nonSkippedChar
2021-11-19T10:24:04,616|[TRACE] script - #out(`T`) [token]
2021-11-19T10:24:04,616|[TRACE] graph - <------- nonSkippedChar
2021-11-19T10:24:04,616|[TRACE] graph - <----- statementPart
2021-11-19T10:24:04,616|[TRACE] graph - -----> statementPart
2021-11-19T10:24:04,616|[TRACE] graph - -------> nonSkippedChar
2021-11-19T10:24:04,616|[TRACE] script - #out(`R`) [token]
2021-11-19T10:24:04,616|[TRACE] graph - <------- nonSkippedChar
2021-11-19T10:24:04,616|[TRACE] graph - <----- statementPart
2021-11-19T10:24:04,616|[TRACE] graph - -----> statementPart
2021-11-19T10:24:04,616|[TRACE] graph - -------> nonSkippedChar
2021-11-19T10:24:04,616|[TRACE] script - #out(`A`) [token]
2021-11-19T10:24:04,616|[TRACE] graph - <------- nonSkippedChar
2021-11-19T10:24:04,616|[TRACE] graph - <----- statementPart
2021-11-19T10:24:04,616|[TRACE] graph - -----> statementPart
2021-11-19T10:24:04,616|[TRACE] graph - -------> nonSkippedChar
2021-11-19T10:24:04,616|[TRACE] script - #out(`I`) [token]
2021-11-19T10:24:04,616|[TRACE] graph - <------- nonSkippedChar
2021-11-19T10:24:04,616|[TRACE] graph - <----- statementPart
2021-11-19T10:24:04,616|[TRACE] graph - -----> statementPart
2021-11-19T10:24:04,616|[TRACE] graph - -------> nonSkippedChar
2021-11-19T10:24:04,616|[TRACE] script - #out(`N`) [token]
2021-11-19T10:24:04,616|[TRACE] graph - <------- nonSkippedChar
2021-11-19T10:24:04,616|[TRACE] graph - <----- statementPart
2021-11-19T10:24:04,617|[TRACE] graph - -----> statementPart
2021-11-19T10:24:04,617|[TRACE] graph - -------> nonSkippedChar
2021-11-19T10:24:04,617|[TRACE] script - #out(`T`) [token]
2021-11-19T10:24:04,617|[TRACE] graph - <------- nonSkippedChar
2021-11-19T10:24:04,617|[TRACE] graph - <----- statementPart
2021-11-19T10:24:04,617|[TRACE] graph - -----> statementPart
2021-11-19T10:24:04,617|[TRACE] graph - -------> nonSkippedSpace
2021-11-19T10:24:04,617|[TRACE] script - #out(` `) [token]
2021-11-19T10:24:04,617|[TRACE] graph - <------- nonSkippedSpace
2021-11-19T10:24:04,617|[TRACE] graph - <----- statementPart
2021-11-19T10:24:04,617|[TRACE] graph - -----> statementPart
2021-11-19T10:24:04,617|[TRACE] graph - -------> quotedString
2021-11-19T10:24:04,617|[TRACE] script - #out(``fk_blood_donation_blood_bank1``) [token]
2021-11-19T10:24:04,617|[TRACE] graph - <------- quotedString
2021-11-19T10:24:04,617|[TRACE] graph - <----- statementPart
2021-11-19T10:24:04,617|[TRACE] graph - -----> afterStatementPartNewline
2021-11-19T10:24:04,617|[TRACE] script - #out(` `) [text]
2021-11-19T10:24:04,617|[TRACE] graph - <----- afterStatementPartNewline
2021-11-19T10:24:04,617|[TRACE] graph - -----> statementPart
2021-11-19T10:24:04,617|[TRACE] graph - -------> nonSkippedSpace
2021-11-19T10:24:04,617|[TRACE] script - #out(` `) [token]
2021-11-19T10:24:04,617|[TRACE] graph - <------- nonSkippedSpace
2021-11-19T10:24:04,617|[TRACE] graph - <----- statementPart
2021-11-19T10:24:04,617|[TRACE] graph - -----> statementPart
2021-11-19T10:24:04,617|[TRACE] graph - -------> nonSkippedSpace
2021-11-19T10:24:04,617|[TRACE] script - #out(` `) [token]
2021-11-19T10:24:04,617|[TRACE] graph - <------- nonSkippedSpace
2021-11-19T10:24:04,617|[TRACE] graph - <----- statementPart
2021-11-19T10:24:04,617|[TRACE] graph - -----> statementPart
2021-11-19T10:24:04,617|[TRACE] graph - -------> nonSkippedSpace
2021-11-19T10:24:04,617|[TRACE] script - #out(` `) [token]
2021-11-19T10:24:04,617|[TRACE] graph - <------- nonSkippedSpace
2021-11-19T10:24:04,617|[TRACE] graph - <----- statementPart
2021-11-19T10:24:04,617|[TRACE] graph - -----> statementPart
2021-11-19T10:24:04,617|[TRACE] graph - -------> nonSkippedSpace
2021-11-19T10:24:04,617|[TRACE] script - #out(` `) [token]
2021-11-19T10:24:04,617|[TRACE] graph - <------- nonSkippedSpace
2021-11-19T10:24:04,617|[TRACE] graph - <----- statementPart
2021-11-19T10:24:04,617|[TRACE] graph - -----> statementPart
2021-11-19T10:24:04,617|[TRACE] graph - -------> nonSkippedChar
2021-11-19T10:24:04,617|[TRACE] script - #out(`F`) [token]
2021-11-19T10:24:04,617|[TRACE] graph - <------- nonSkippedChar
2021-11-19T10:24:04,617|[TRACE] graph - <----- statementPart
2021-11-19T10:24:04,617|[TRACE] graph - -----> statementPart
2021-11-19T10:24:04,617|[TRACE] graph - -------> nonSkippedChar
2021-11-19T10:24:04,617|[TRACE] script - #out(`O`) [token]
2021-11-19T10:24:04,617|[TRACE] graph - <------- nonSkippedChar
2021-11-19T10:24:04,617|[TRACE] graph - <----- statementPart
2021-11-19T10:24:04,617|[TRACE] graph - -----> statementPart
2021-11-19T10:24:04,617|[TRACE] graph - -------> nonSkippedChar
2021-11-19T10:24:04,617|[TRACE] script - #out(`R`) [token]
2021-11-19T10:24:04,617|[TRACE] graph - <------- nonSkippedChar
2021-11-19T10:24:04,617|[TRACE] graph - <----- statementPart
2021-11-19T10:24:04,617|[TRACE] graph - -----> statementPart
2021-11-19T10:24:04,617|[TRACE] graph - -------> nonSkippedChar
2021-11-19T10:24:04,617|[TRACE] script - #out(`E`) [token]
2021-11-19T10:24:04,617|[TRACE] graph - <------- nonSkippedChar
2021-11-19T10:24:04,617|[TRACE] graph - <----- statementPart
2021-11-19T10:24:04,617|[TRACE] graph - -----> statementPart
2021-11-19T10:24:04,617|[TRACE] graph - -------> nonSkippedChar
2021-11-19T10:24:04,617|[TRACE] script - #out(`I`) [token]
2021-11-19T10:24:04,617|[TRACE] graph - <------- nonSkippedChar
2021-11-19T10:24:04,617|[TRACE] graph - <----- statementPart
2021-11-19T10:24:04,617|[TRACE] graph - -----> statementPart
2021-11-19T10:24:04,617|[TRACE] graph - -------> nonSkippedChar
2021-11-19T10:24:04,617|[TRACE] script - #out(`G`) [token]
2021-11-19T10:24:04,617|[TRACE] graph - <------- nonSkippedChar
2021-11-19T10:24:04,617|[TRACE] graph - <----- statementPart
2021-11-19T10:24:04,617|[TRACE] graph - -----> statementPart
2021-11-19T10:24:04,617|[TRACE] graph - -------> nonSkippedChar
2021-11-19T10:24:04,617|[TRACE] script - #out(`N`) [token]
2021-11-19T10:24:04,617|[TRACE] graph - <------- nonSkippedChar
2021-11-19T10:24:04,617|[TRACE] graph - <----- statementPart
2021-11-19T10:24:04,617|[TRACE] graph - -----> statementPart
2021-11-19T10:24:04,617|[TRACE] graph - -------> nonSkippedSpace
2021-11-19T10:24:04,617|[TRACE] script - #out(` `) [token]
2021-11-19T10:24:04,617|[TRACE] graph - <------- nonSkippedSpace
2021-11-19T10:24:04,617|[TRACE] graph - <----- statementPart
2021-11-19T10:24:04,617|[TRACE] graph - -----> statementPart
2021-11-19T10:24:04,617|[TRACE] graph - -------> nonSkippedChar
2021-11-19T10:24:04,617|[TRACE] script - #out(`K`) [token]
2021-11-19T10:24:04,618|[TRACE] graph - <------- nonSkippedChar
2021-11-19T10:24:04,618|[TRACE] graph - <----- statementPart
2021-11-19T10:24:04,618|[TRACE] graph - -----> statementPart
2021-11-19T10:24:04,618|[TRACE] graph - -------> nonSkippedChar
2021-11-19T10:24:04,618|[TRACE] script - #out(`E`) [token]
2021-11-19T10:24:04,618|[TRACE] graph - <------- nonSkippedChar
2021-11-19T10:24:04,618|[TRACE] graph - <----- statementPart
2021-11-19T10:24:04,618|[TRACE] graph - -----> statementPart
2021-11-19T10:24:04,618|[TRACE] graph - -------> nonSkippedChar
2021-11-19T10:24:04,618|[TRACE] script - #out(`Y`) [token]
2021-11-19T10:24:04,618|[TRACE] graph - <------- nonSkippedChar
2021-11-19T10:24:04,618|[TRACE] graph - <----- statementPart
2021-11-19T10:24:04,618|[TRACE] graph - -----> statementPart
2021-11-19T10:24:04,618|[TRACE] graph - -------> nonSkippedSpace
2021-11-19T10:24:04,618|[TRACE] script - #out(` `) [token]
2021-11-19T10:24:04,618|[TRACE] graph - <------- nonSkippedSpace
2021-11-19T10:24:04,618|[TRACE] graph - <----- statementPart
2021-11-19T10:24:04,618|[TRACE] graph - -----> statementPart
2021-11-19T10:24:04,618|[TRACE] graph - -------> nonSkippedChar
2021-11-19T10:24:04,618|[TRACE] script - #out(`(`) [token]
2021-11-19T10:24:04,618|[TRACE] graph - <------- nonSkippedChar
2021-11-19T10:24:04,618|[TRACE] graph - <----- statementPart
2021-11-19T10:24:04,618|[TRACE] graph - -----> statementPart
2021-11-19T10:24:04,618|[TRACE] graph - -------> quotedString
2021-11-19T10:24:04,618|[TRACE] script - #out(``bank_id``) [token]
2021-11-19T10:24:04,618|[TRACE] graph - <------- quotedString
2021-11-19T10:24:04,618|[TRACE] graph - <----- statementPart
2021-11-19T10:24:04,618|[TRACE] graph - -----> statementPart
2021-11-19T10:24:04,742|[TRACE] graph - -------> nonSkippedChar
2021-11-19T10:24:04,742|[TRACE] script - #out(`)`) [token]
2021-11-19T10:24:04,742|[TRACE] graph - <------- nonSkippedChar
2021-11-19T10:24:04,742|[TRACE] graph - <----- statementPart
2021-11-19T10:24:04,742|[TRACE] graph - -----> afterStatementPartNewline
2021-11-19T10:24:04,742|[TRACE] script - #out(` `) [text]
2021-11-19T10:24:04,742|[TRACE] graph - <----- afterStatementPartNewline
2021-11-19T10:24:04,742|[TRACE] graph - -----> statementPart
2021-11-19T10:24:04,742|[TRACE] graph - -------> nonSkippedSpace
2021-11-19T10:24:04,742|[TRACE] script - #out(` `) [token]
2021-11-19T10:24:04,742|[TRACE] graph - <------- nonSkippedSpace
2021-11-19T10:24:04,742|[TRACE] graph - <----- statementPart
2021-11-19T10:24:04,742|[TRACE] graph - -----> statementPart
2021-11-19T10:24:04,742|[TRACE] graph - -------> nonSkippedSpace
2021-11-19T10:24:04,742|[TRACE] script - #out(` `) [token]
2021-11-19T10:24:04,742|[TRACE] graph - <------- nonSkippedSpace
2021-11-19T10:24:04,742|[TRACE] graph - <----- statementPart
2021-11-19T10:24:04,742|[TRACE] graph - -----> statementPart
2021-11-19T10:24:04,742|[TRACE] graph - -------> nonSkippedSpace
2021-11-19T10:24:04,742|[TRACE] script - #out(` `) [token]
2021-11-19T10:24:04,742|[TRACE] graph - <------- nonSkippedSpace
2021-11-19T10:24:04,742|[TRACE] graph - <----- statementPart
2021-11-19T10:24:04,742|[TRACE] graph - -----> statementPart
2021-11-19T10:24:04,742|[TRACE] graph - -------> nonSkippedSpace
2021-11-19T10:24:04,742|[TRACE] script - #out(` `) [token]
2021-11-19T10:24:04,742|[TRACE] graph - <------- nonSkippedSpace
2021-11-19T10:24:04,742|[TRACE] graph - <----- statementPart
2021-11-19T10:24:04,742|[TRACE] graph - -----> statementPart
2021-11-19T10:24:04,742|[TRACE] graph - -------> nonSkippedChar
2021-11-19T10:24:04,742|[TRACE] script - #out(`R`) [token]
2021-11-19T10:24:04,742|[TRACE] graph - <------- nonSkippedChar
2021-11-19T10:24:04,742|[TRACE] graph - <----- statementPart
2021-11-19T10:24:04,742|[TRACE] graph - -----> statementPart
2021-11-19T10:24:04,742|[TRACE] graph - -------> nonSkippedChar
2021-11-19T10:24:04,742|[TRACE] script - #out(`E`) [token]
2021-11-19T10:24:04,742|[TRACE] graph - <------- nonSkippedChar
2021-11-19T10:24:04,742|[TRACE] graph - <----- statementPart
2021-11-19T10:24:04,742|[TRACE] graph - -----> statementPart
2021-11-19T10:24:04,742|[TRACE] graph - -------> nonSkippedChar
2021-11-19T10:24:04,742|[TRACE] script - #out(`F`) [token]
2021-11-19T10:24:04,742|[TRACE] graph - <------- nonSkippedChar
2021-11-19T10:24:04,742|[TRACE] graph - <----- statementPart
2021-11-19T10:24:04,742|[TRACE] graph - -----> statementPart
2021-11-19T10:24:04,742|[TRACE] graph - -------> nonSkippedChar
2021-11-19T10:24:04,742|[TRACE] script - #out(`E`) [token]
2021-11-19T10:24:04,742|[TRACE] graph - <------- nonSkippedChar
2021-11-19T10:24:04,742|[TRACE] graph - <----- statementPart
2021-11-19T10:24:04,742|[TRACE] graph - -----> statementPart
2021-11-19T10:24:04,742|[TRACE] graph - -------> nonSkippedChar
2021-11-19T10:24:04,742|[TRACE] script - #out(`R`) [token]
2021-11-19T10:24:04,742|[TRACE] graph - <------- nonSkippedChar
2021-11-19T10:24:04,742|[TRACE] graph - <----- statementPart
2021-11-19T10:24:04,742|[TRACE] graph - -----> statementPart
2021-11-19T10:24:04,742|[TRACE] graph - -------> nonSkippedChar
2021-11-19T10:24:04,742|[TRACE] script - #out(`E`) [token]
2021-11-19T10:24:04,742|[TRACE] graph - <------- nonSkippedChar
2021-11-19T10:24:04,742|[TRACE] graph - <----- statementPart
2021-11-19T10:24:04,742|[TRACE] graph - -----> statementPart
2021-11-19T10:24:04,742|[TRACE] graph - -------> nonSkippedChar
2021-11-19T10:24:04,742|[TRACE] script - #out(`N`) [token]
2021-11-19T10:24:04,742|[TRACE] graph - <------- nonSkippedChar
2021-11-19T10:24:04,743|[TRACE] graph - <----- statementPart
2021-11-19T10:24:04,743|[TRACE] graph - -----> statementPart
2021-11-19T10:24:04,743|[TRACE] graph - -------> nonSkippedChar
2021-11-19T10:24:04,743|[TRACE] script - #out(`C`) [token]
2021-11-19T10:24:04,743|[TRACE] graph - <------- nonSkippedChar
2021-11-19T10:24:04,743|[TRACE] graph - <----- statementPart
2021-11-19T10:24:04,743|[TRACE] graph - -----> statementPart
2021-11-19T10:24:04,743|[TRACE] graph - -------> nonSkippedChar
2021-11-19T10:24:04,743|[TRACE] script - #out(`E`) [token]
2021-11-19T10:24:04,743|[TRACE] graph - <------- nonSkippedChar
2021-11-19T10:24:04,743|[TRACE] graph - <----- statementPart
2021-11-19T10:24:04,743|[TRACE] graph - -----> statementPart
2021-11-19T10:24:04,743|[TRACE] graph - -------> nonSkippedChar
2021-11-19T10:24:04,743|[TRACE] script - #out(`S`) [token]
2021-11-19T10:24:04,743|[TRACE] graph - <------- nonSkippedChar
2021-11-19T10:24:04,743|[TRACE] graph - <----- statementPart
2021-11-19T10:24:04,743|[TRACE] graph - -----> statementPart
2021-11-19T10:24:04,743|[TRACE] graph - -------> nonSkippedSpace
2021-11-19T10:24:04,743|[TRACE] script - #out(` `) [token]
2021-11-19T10:24:04,743|[TRACE] graph - <------- nonSkippedSpace
2021-11-19T10:24:04,743|[TRACE] graph - <----- statementPart
2021-11-19T10:24:04,743|[TRACE] graph - -----> statementPart
2021-11-19T10:24:04,743|[TRACE] graph - -------> quotedString
2021-11-19T10:24:04,743|[TRACE] script - #out(``bloodbank``) [token]
2021-11-19T10:24:04,743|[TRACE] graph - <------- quotedString
2021-11-19T10:24:04,743|[TRACE] graph - <----- statementPart
2021-11-19T10:24:04,743|[TRACE] graph - -----> statementPart
2021-11-19T10:24:04,743|[TRACE] graph - -------> nonSkippedChar
2021-11-19T10:24:04,743|[TRACE] script - #out(`.`) [token]
2021-11-19T10:24:04,743|[TRACE] graph - <------- nonSkippedChar
2021-11-19T10:24:04,743|[TRACE] graph - <----- statementPart
2021-11-19T10:24:04,743|[TRACE] graph - -----> statementPart
2021-11-19T10:24:04,743|[TRACE] graph - -------> quotedString
2021-11-19T10:24:04,743|[TRACE] script - #out(``blood_bank``) [token]
2021-11-19T10:24:04,743|[TRACE] graph - <------- quotedString
2021-11-19T10:24:04,743|[TRACE] graph - <----- statementPart
2021-11-19T10:24:04,743|[TRACE] graph - -----> statementPart
2021-11-19T10:24:04,743|[TRACE] graph - -------> nonSkippedSpace
2021-11-19T10:24:04,743|[TRACE] script - #out(` `) [token]
2021-11-19T10:24:04,743|[TRACE] graph - <------- nonSkippedSpace
2021-11-19T10:24:04,743|[TRACE] graph - <----- statementPart
2021-11-19T10:24:04,743|[TRACE] graph - -----> statementPart
2021-11-19T10:24:04,743|[TRACE] graph - -------> nonSkippedChar
2021-11-19T10:24:04,743|[TRACE] script - #out(`(`) [token]
2021-11-19T10:24:04,743|[TRACE] graph - <------- nonSkippedChar
2021-11-19T10:24:04,743|[TRACE] graph - <----- statementPart
2021-11-19T10:24:04,743|[TRACE] graph - -----> statementPart
2021-11-19T10:24:04,743|[TRACE] graph - -------> quotedString
2021-11-19T10:24:04,743|[TRACE] script - #out(``bank_id``) [token]
2021-11-19T10:24:04,743|[TRACE] graph - <------- quotedString
2021-11-19T10:24:04,743|[TRACE] graph - <----- statementPart
2021-11-19T10:24:04,743|[TRACE] graph - -----> statementPart
2021-11-19T10:24:04,743|[TRACE] graph - -------> nonSkippedChar
2021-11-19T10:24:04,743|[TRACE] script - #out(`)`) [token]
2021-11-19T10:24:04,743|[TRACE] graph - <------- nonSkippedChar
2021-11-19T10:24:04,743|[TRACE] graph - <----- statementPart
2021-11-19T10:24:04,743|[TRACE] graph - -----> afterStatementPartNewline
2021-11-19T10:24:04,743|[TRACE] script - #out(` `) [text]
2021-11-19T10:24:04,743|[TRACE] graph - <----- afterStatementPartNewline
2021-11-19T10:24:04,743|[TRACE] graph - -----> statementPart
2021-11-19T10:24:04,743|[TRACE] graph - -------> nonSkippedSpace
2021-11-19T10:24:04,743|[TRACE] script - #out(` `) [token]
2021-11-19T10:24:04,743|[TRACE] graph - <------- nonSkippedSpace
2021-11-19T10:24:04,743|[TRACE] graph - <----- statementPart
2021-11-19T10:24:04,743|[TRACE] graph - -----> statementPart
2021-11-19T10:24:04,743|[TRACE] graph - -------> nonSkippedSpace
2021-11-19T10:24:04,743|[TRACE] script - #out(` `) [token]
2021-11-19T10:24:04,743|[TRACE] graph - <------- nonSkippedSpace
2021-11-19T10:24:04,743|[TRACE] graph - <----- statementPart
2021-11-19T10:24:04,743|[TRACE] graph - -----> statementPart
2021-11-19T10:24:04,743|[TRACE] graph - -------> nonSkippedSpace
2021-11-19T10:24:04,743|[TRACE] script - #out(` `) [token]
2021-11-19T10:24:04,743|[TRACE] graph - <------- nonSkippedSpace
2021-11-19T10:24:04,743|[TRACE] graph - <----- statementPart
2021-11-19T10:24:04,743|[TRACE] graph - -----> statementPart
2021-11-19T10:24:04,743|[TRACE] graph - -------> nonSkippedSpace
2021-11-19T10:24:04,743|[TRACE] script - #out(` `) [token]
2021-11-19T10:24:04,743|[TRACE] graph - <------- nonSkippedSpace
2021-11-19T10:24:04,743|[TRACE] graph - <----- statementPart
2021-11-19T10:24:04,743|[TRACE] graph - -----> statementPart
2021-11-19T10:24:04,743|[TRACE] graph - -------> nonSkippedChar
2021-11-19T10:24:04,743|[TRACE] script - #out(`O`) [token]
2021-11-19T10:24:04,743|[TRACE] graph - <------- nonSkippedChar
2021-11-19T10:24:04,743|[TRACE] graph - <----- statementPart
2021-11-19T10:24:04,743|[TRACE] graph - -----> statementPart
2021-11-19T10:24:04,743|[TRACE] graph - -------> nonSkippedChar
2021-11-19T10:24:04,743|[TRACE] script - #out(`N`) [token]
2021-11-19T10:24:04,743|[TRACE] graph - <------- nonSkippedChar
2021-11-19T10:24:04,743|[TRACE] graph - <----- statementPart
2021-11-19T10:24:04,743|[TRACE] graph - -----> statementPart
2021-11-19T10:24:04,743|[TRACE] graph - -------> nonSkippedSpace
2021-11-19T10:24:04,743|[TRACE] script - #out(` `) [token]
2021-11-19T10:24:04,743|[TRACE] graph - <------- nonSkippedSpace
2021-11-19T10:24:04,743|[TRACE] graph - <----- statementPart
2021-11-19T10:24:04,743|[TRACE] graph - -----> statementPart
2021-11-19T10:24:04,743|[TRACE] graph - -------> nonSkippedChar
2021-11-19T10:24:04,743|[TRACE] script - #out(`D`) [token]
2021-11-19T10:24:04,743|[TRACE] graph - <------- nonSkippedChar
2021-11-19T10:24:04,743|[TRACE] graph - <----- statementPart
2021-11-19T10:24:04,743|[TRACE] graph - -----> statementPart
2021-11-19T10:24:04,743|[TRACE] graph - -------> nonSkippedChar
2021-11-19T10:24:04,743|[TRACE] script - #out(`E`) [token]
2021-11-19T10:24:04,743|[TRACE] graph - <------- nonSkippedChar
2021-11-19T10:24:04,743|[TRACE] graph - <----- statementPart
2021-11-19T10:24:04,743|[TRACE] graph - -----> statementPart
2021-11-19T10:24:04,743|[TRACE] graph - -------> nonSkippedChar
2021-11-19T10:24:04,743|[TRACE] script - #out(`L`) [token]
2021-11-19T10:24:04,743|[TRACE] graph - <------- nonSkippedChar
2021-11-19T10:24:04,743|[TRACE] graph - <----- statementPart
2021-11-19T10:24:04,743|[TRACE] graph - -----> statementPart
2021-11-19T10:24:04,743|[TRACE] graph - -------> nonSkippedChar
2021-11-19T10:24:04,743|[TRACE] script - #out(`E`) [token]
2021-11-19T10:24:04,743|[TRACE] graph - <------- nonSkippedChar
2021-11-19T10:24:04,743|[TRACE] graph - <----- statementPart
2021-11-19T10:24:04,743|[TRACE] graph - -----> statementPart
2021-11-19T10:24:04,743|[TRACE] graph - -------> nonSkippedChar
2021-11-19T10:24:04,743|[TRACE] script - #out(`T`) [token]
2021-11-19T10:24:04,743|[TRACE] graph - <------- nonSkippedChar
2021-11-19T10:24:04,743|[TRACE] graph - <----- statementPart
2021-11-19T10:24:04,743|[TRACE] graph - -----> statementPart
2021-11-19T10:24:04,743|[TRACE] graph - -------> nonSkippedChar
2021-11-19T10:24:04,743|[TRACE] script - #out(`E`) [token]
2021-11-19T10:24:04,743|[TRACE] graph - <------- nonSkippedChar
2021-11-19T10:24:04,743|[TRACE] graph - <----- statementPart
2021-11-19T10:24:04,743|[TRACE] graph - -----> statementPart
2021-11-19T10:24:04,743|[TRACE] graph - -------> nonSkippedSpace
2021-11-19T10:24:04,743|[TRACE] script - #out(` `) [token]
2021-11-19T10:24:04,743|[TRACE] graph - <------- nonSkippedSpace
2021-11-19T10:24:04,743|[TRACE] graph - <----- statementPart
2021-11-19T10:24:04,743|[TRACE] graph - -----> statementPart
2021-11-19T10:24:04,743|[TRACE] graph - -------> nonSkippedChar
2021-11-19T10:24:04,743|[TRACE] script - #out(`N`) [token]
2021-11-19T10:24:04,743|[TRACE] graph - <------- nonSkippedChar
2021-11-19T10:24:04,743|[TRACE] graph - <----- statementPart
2021-11-19T10:24:04,743|[TRACE] graph - -----> statementPart
2021-11-19T10:24:04,743|[TRACE] graph - -------> nonSkippedChar
2021-11-19T10:24:04,743|[TRACE] script - #out(`O`) [token]
2021-11-19T10:24:04,743|[TRACE] graph - <------- nonSkippedChar
2021-11-19T10:24:04,743|[TRACE] graph - <----- statementPart
2021-11-19T10:24:04,743|[TRACE] graph - -----> statementPart
2021-11-19T10:24:04,743|[TRACE] graph - -------> nonSkippedSpace
2021-11-19T10:24:04,743|[TRACE] script - #out(` `) [token]
2021-11-19T10:24:04,744|[TRACE] graph - <------- nonSkippedSpace
2021-11-19T10:24:04,744|[TRACE] graph - <----- statementPart
2021-11-19T10:24:04,744|[TRACE] graph - -----> statementPart
2021-11-19T10:24:04,744|[TRACE] graph - -------> nonSkippedChar
2021-11-19T10:24:04,744|[TRACE] script - #out(`A`) [token]
2021-11-19T10:24:04,744|[TRACE] graph - <------- nonSkippedChar
2021-11-19T10:24:04,744|[TRACE] graph - <----- statementPart
2021-11-19T10:24:04,744|[TRACE] graph - -----> statementPart
2021-11-19T10:24:04,744|[TRACE] graph - -------> nonSkippedChar
2021-11-19T10:24:04,744|[TRACE] script - #out(`C`) [token]
2021-11-19T10:24:04,744|[TRACE] graph - <------- nonSkippedChar
2021-11-19T10:24:04,744|[TRACE] graph - <----- statementPart
2021-11-19T10:24:04,744|[TRACE] graph - -----> statementPart
2021-11-19T10:24:04,744|[TRACE] graph - -------> nonSkippedChar
2021-11-19T10:24:04,744|[TRACE] script - #out(`T`) [token]
2021-11-19T10:24:04,744|[TRACE] graph - <------- nonSkippedChar
2021-11-19T10:24:04,744|[TRACE] graph - <----- statementPart
2021-11-19T10:24:04,744|[TRACE] graph - -----> statementPart
2021-11-19T10:24:04,744|[TRACE] graph - -------> nonSkippedChar
2021-11-19T10:24:04,744|[TRACE] script - #out(`I`) [token]
2021-11-19T10:24:04,744|[TRACE] graph - <------- nonSkippedChar
2021-11-19T10:24:04,744|[TRACE] graph - <----- statementPart
2021-11-19T10:24:04,744|[TRACE] graph - -----> statementPart
2021-11-19T10:24:04,744|[TRACE] graph - -------> nonSkippedChar
2021-11-19T10:24:04,744|[TRACE] script - #out(`O`) [token]
2021-11-19T10:24:04,744|[TRACE] graph - <------- nonSkippedChar
2021-11-19T10:24:04,744|[TRACE] graph - <----- statementPart
2021-11-19T10:24:04,744|[TRACE] graph - -----> statementPart
2021-11-19T10:24:04,744|[TRACE] graph - -------> nonSkippedChar
2021-11-19T10:24:04,744|[TRACE] script - #out(`N`) [token]
2021-11-19T10:24:04,744|[TRACE] graph - <------- nonSkippedChar
2021-11-19T10:24:04,744|[TRACE] graph - <----- statementPart
2021-11-19T10:24:04,744|[TRACE] graph - -----> afterStatementPartNewline
2021-11-19T10:24:04,744|[TRACE] script - #out(` `) [text]
2021-11-19T10:24:04,744|[TRACE] graph - <----- afterStatementPartNewline
2021-11-19T10:24:04,744|[TRACE] graph - -----> statementPart
2021-11-19T10:24:04,744|[TRACE] graph - -------> nonSkippedSpace
2021-11-19T10:24:04,744|[TRACE] script - #out(` `) [token]
2021-11-19T10:24:04,744|[TRACE] graph - <------- nonSkippedSpace
2021-11-19T10:24:04,744|[TRACE] graph - <----- statementPart
2021-11-19T10:24:04,744|[TRACE] graph - -----> statementPart
2021-11-19T10:24:04,744|[TRACE] graph - -------> nonSkippedSpace
2021-11-19T10:24:04,744|[TRACE] script - #out(` `) [token]
2021-11-19T10:24:04,744|[TRACE] graph - <------- nonSkippedSpace
2021-11-19T10:24:04,744|[TRACE] graph - <----- statementPart
2021-11-19T10:24:04,744|[TRACE] graph - -----> statementPart
2021-11-19T10:24:04,744|[TRACE] graph - -------> nonSkippedSpace
2021-11-19T10:24:04,744|[TRACE] script - #out(` `) [token]
2021-11-19T10:24:04,744|[TRACE] graph - <------- nonSkippedSpace
2021-11-19T10:24:04,744|[TRACE] graph - <----- statementPart
2021-11-19T10:24:04,744|[TRACE] graph - -----> statementPart
2021-11-19T10:24:04,744|[TRACE] graph - -------> nonSkippedSpace
2021-11-19T10:24:04,744|[TRACE] script - #out(` `) [token]
2021-11-19T10:24:04,744|[TRACE] graph - <------- nonSkippedSpace
2021-11-19T10:24:04,744|[TRACE] graph - <----- statementPart
2021-11-19T10:24:04,744|[TRACE] graph - -----> statementPart
2021-11-19T10:24:04,744|[TRACE] graph - -------> nonSkippedChar
2021-11-19T10:24:04,744|[TRACE] script - #out(`O`) [token]
2021-11-19T10:24:04,744|[TRACE] graph - <------- nonSkippedChar
2021-11-19T10:24:04,744|[TRACE] graph - <----- statementPart
2021-11-19T10:24:04,744|[TRACE] graph - -----> statementPart
2021-11-19T10:24:04,744|[TRACE] graph - -------> nonSkippedChar
2021-11-19T10:24:04,744|[TRACE] script - #out(`N`) [token]
2021-11-19T10:24:04,744|[TRACE] graph - <------- nonSkippedChar
2021-11-19T10:24:04,744|[TRACE] graph - <----- statementPart
2021-11-19T10:24:04,744|[TRACE] graph - -----> statementPart
2021-11-19T10:24:04,744|[TRACE] graph - -------> nonSkippedSpace
2021-11-19T10:24:04,744|[TRACE] script - #out(` `) [token]
2021-11-19T10:24:04,744|[TRACE] graph - <------- nonSkippedSpace
2021-11-19T10:24:04,744|[TRACE] graph - <----- statementPart
2021-11-19T10:24:04,744|[TRACE] graph - -----> statementPart
2021-11-19T10:24:04,744|[TRACE] graph - -------> nonSkippedChar
2021-11-19T10:24:04,744|[TRACE] script - #out(`U`) [token]
2021-11-19T10:24:04,744|[TRACE] graph - <------- nonSkippedChar
2021-11-19T10:24:04,744|[TRACE] graph - <----- statementPart
2021-11-19T10:24:04,744|[TRACE] graph - -----> statementPart
2021-11-19T10:24:04,744|[TRACE] graph - -------> nonSkippedChar
2021-11-19T10:24:04,744|[TRACE] script - #out(`P`) [token]
2021-11-19T10:24:04,744|[TRACE] graph - <------- nonSkippedChar
2021-11-19T10:24:04,744|[TRACE] graph - <----- statementPart
2021-11-19T10:24:04,744|[TRACE] graph - -----> statementPart
2021-11-19T10:24:04,744|[TRACE] graph - -------> nonSkippedChar
2021-11-19T10:24:04,744|[TRACE] script - #out(`D`) [token]
2021-11-19T10:24:04,744|[TRACE] graph - <------- nonSkippedChar
2021-11-19T10:24:04,744|[TRACE] graph - <----- statementPart
2021-11-19T10:24:04,744|[TRACE] graph - -----> statementPart
2021-11-19T10:24:04,744|[TRACE] graph - -------> nonSkippedChar
2021-11-19T10:24:04,744|[TRACE] script - #out(`A`) [token]
2021-11-19T10:24:04,744|[TRACE] graph - <------- nonSkippedChar
2021-11-19T10:24:04,744|[TRACE] graph - <----- statementPart
2021-11-19T10:24:04,744|[TRACE] graph - -----> statementPart
2021-11-19T10:24:04,744|[TRACE] graph - -------> nonSkippedChar
2021-11-19T10:24:04,744|[TRACE] script - #out(`T`) [token]
2021-11-19T10:24:04,744|[TRACE] graph - <------- nonSkippedChar
2021-11-19T10:24:04,744|[TRACE] graph - <----- statementPart
2021-11-19T10:24:04,744|[TRACE] graph - -----> statementPart
2021-11-19T10:24:04,744|[TRACE] graph - -------> nonSkippedChar
2021-11-19T10:24:04,744|[TRACE] script - #out(`E`) [token]
2021-11-19T10:24:04,744|[TRACE] graph - <------- nonSkippedChar
2021-11-19T10:24:04,744|[TRACE] graph - <----- statementPart
2021-11-19T10:24:04,744|[TRACE] graph - -----> statementPart
2021-11-19T10:24:04,744|[TRACE] graph - -------> nonSkippedSpace
2021-11-19T10:24:04,744|[TRACE] script - #out(` `) [token]
2021-11-19T10:24:04,744|[TRACE] graph - <------- nonSkippedSpace
2021-11-19T10:24:04,744|[TRACE] graph - <----- statementPart
2021-11-19T10:24:04,744|[TRACE] graph - -----> statementPart
2021-11-19T10:24:04,744|[TRACE] graph - -------> nonSkippedChar
2021-11-19T10:24:04,744|[TRACE] script - #out(`N`) [token]
2021-11-19T10:24:04,744|[TRACE] graph - <------- nonSkippedChar
2021-11-19T10:24:04,744|[TRACE] graph - <----- statementPart
2021-11-19T10:24:04,744|[TRACE] graph - -----> statementPart
2021-11-19T10:24:04,744|[TRACE] graph - -------> nonSkippedChar
2021-11-19T10:24:04,744|[TRACE] script - #out(`O`) [token]
2021-11-19T10:24:04,744|[TRACE] graph - <------- nonSkippedChar
2021-11-19T10:24:04,744|[TRACE] graph - <----- statementPart
2021-11-19T10:24:04,744|[TRACE] graph - -----> statementPart
2021-11-19T10:24:04,744|[TRACE] graph - -------> nonSkippedSpace
2021-11-19T10:24:04,744|[TRACE] script - #out(` `) [token]
2021-11-19T10:24:04,744|[TRACE] graph - <------- nonSkippedSpace
2021-11-19T10:24:04,744|[TRACE] graph - <----- statementPart
2021-11-19T10:24:04,744|[TRACE] graph - -----> statementPart
2021-11-19T10:24:04,744|[TRACE] graph - -------> nonSkippedChar
2021-11-19T10:24:04,744|[TRACE] script - #out(`A`) [token]
2021-11-19T10:24:04,744|[TRACE] graph - <------- nonSkippedChar
2021-11-19T10:24:04,744|[TRACE] graph - <----- statementPart
2021-11-19T10:24:04,744|[TRACE] graph - -----> statementPart
2021-11-19T10:24:04,744|[TRACE] graph - -------> nonSkippedChar
2021-11-19T10:24:04,744|[TRACE] script - #out(`C`) [token]
2021-11-19T10:24:04,744|[TRACE] graph - <------- nonSkippedChar
2021-11-19T10:24:04,744|[TRACE] graph - <----- statementPart
2021-11-19T10:24:04,744|[TRACE] graph - -----> statementPart
2021-11-19T10:24:04,744|[TRACE] graph - -------> nonSkippedChar
2021-11-19T10:24:04,744|[TRACE] script - #out(`T`) [token]
2021-11-19T10:24:04,744|[TRACE] graph - <------- nonSkippedChar
2021-11-19T10:24:04,744|[TRACE] graph - <----- statementPart
2021-11-19T10:24:04,744|[TRACE] graph - -----> statementPart
2021-11-19T10:24:04,744|[TRACE] graph - -------> nonSkippedChar
2021-11-19T10:24:04,744|[TRACE] script - #out(`I`) [token]
2021-11-19T10:24:04,744|[TRACE] graph - <------- nonSkippedChar
2021-11-19T10:24:04,744|[TRACE] graph - <----- statementPart
2021-11-19T10:24:04,744|[TRACE] graph - -----> statementPart
2021-11-19T10:24:04,744|[TRACE] graph - -------> nonSkippedChar
2021-11-19T10:24:04,744|[TRACE] script - #out(`O`) [token]
2021-11-19T10:24:04,744|[TRACE] graph - <------- nonSkippedChar
2021-11-19T10:24:04,744|[TRACE] graph - <----- statementPart
2021-11-19T10:24:04,744|[TRACE] graph - -----> statementPart
2021-11-19T10:24:04,744|[TRACE] graph - -------> nonSkippedChar
2021-11-19T10:24:04,744|[TRACE] script - #out(`N`) [token]
2021-11-19T10:24:04,744|[TRACE] graph - <------- nonSkippedChar
2021-11-19T10:24:04,744|[TRACE] graph - <----- statementPart
2021-11-19T10:24:04,744|[TRACE] graph - -----> statementPart
2021-11-19T10:24:04,744|[TRACE] graph - -------> nonSkippedChar
2021-11-19T10:24:04,744|[TRACE] script - #out(`)`) [token]
2021-11-19T10:24:04,744|[TRACE] graph - <------- nonSkippedChar
2021-11-19T10:24:04,744|[TRACE] graph - <----- statementPart
2021-11-19T10:24:04,744|[TRACE] graph - -----> afterStatementPartNewline
2021-11-19T10:24:04,744|[TRACE] script - #out(` `) [text]
2021-11-19T10:24:04,744|[TRACE] graph - <----- afterStatementPartNewline
2021-11-19T10:24:04,744|[TRACE] graph - -----> statementPart
2021-11-19T10:24:04,744|[TRACE] graph - -------> nonSkippedChar
2021-11-19T10:24:04,744|[TRACE] script - #out(`E`) [token]
2021-11-19T10:24:04,744|[TRACE] graph - <------- nonSkippedChar
2021-11-19T10:24:04,744|[TRACE] graph - <----- statementPart
2021-11-19T10:24:04,744|[TRACE] graph - -----> statementPart
2021-11-19T10:24:04,744|[TRACE] graph - -------> nonSkippedChar
2021-11-19T10:24:04,744|[TRACE] script - #out(`N`) [token]
2021-11-19T10:24:04,744|[TRACE] graph - <------- nonSkippedChar
2021-11-19T10:24:04,744|[TRACE] graph - <----- statementPart
2021-11-19T10:24:04,744|[TRACE] graph - -----> statementPart
2021-11-19T10:24:04,744|[TRACE] graph - -------> nonSkippedChar
2021-11-19T10:24:04,744|[TRACE] script - #out(`G`) [token]
2021-11-19T10:24:04,744|[TRACE] graph - <------- nonSkippedChar
2021-11-19T10:24:04,744|[TRACE] graph - <----- statementPart
2021-11-19T10:24:04,744|[TRACE] graph - -----> statementPart
2021-11-19T10:24:04,744|[TRACE] graph - -------> nonSkippedChar
2021-11-19T10:24:04,744|[TRACE] script - #out(`I`) [token]
2021-11-19T10:24:04,744|[TRACE] graph - <------- nonSkippedChar
2021-11-19T10:24:04,744|[TRACE] graph - <----- statementPart
2021-11-19T10:24:04,744|[TRACE] graph - -----> statementPart
2021-11-19T10:24:04,744|[TRACE] graph - -------> nonSkippedChar
2021-11-19T10:24:04,744|[TRACE] script - #out(`N`) [token]
2021-11-19T10:24:04,744|[TRACE] graph - <------- nonSkippedChar
2021-11-19T10:24:04,744|[TRACE] graph - <----- statementPart
2021-11-19T10:24:04,744|[TRACE] graph - -----> statementPart
2021-11-19T10:24:04,744|[TRACE] graph - -------> nonSkippedChar
2021-11-19T10:24:04,744|[TRACE] script - #out(`E`) [token]
2021-11-19T10:24:04,744|[TRACE] graph - <------- nonSkippedChar
2021-11-19T10:24:04,744|[TRACE] graph - <----- statementPart
2021-11-19T10:24:04,744|[TRACE] graph - -----> statementPart
2021-11-19T10:24:04,744|[TRACE] graph - -------> nonSkippedSpace
2021-11-19T10:24:04,744|[TRACE] script - #out(` `) [token]
2021-11-19T10:24:04,744|[TRACE] graph - <------- nonSkippedSpace
2021-11-19T10:24:04,744|[TRACE] graph - <----- statementPart
2021-11-19T10:24:04,744|[TRACE] graph - -----> statementPart
2021-11-19T10:24:04,744|[TRACE] graph - -------> nonSkippedChar
2021-11-19T10:24:04,744|[TRACE] script - #out(`=`) [token]
2021-11-19T10:24:04,744|[TRACE] graph - <------- nonSkippedChar
2021-11-19T10:24:04,744|[TRACE] graph - <----- statementPart
2021-11-19T10:24:04,744|[TRACE] graph - -----> statementPart
2021-11-19T10:24:04,744|[TRACE] graph - -------> nonSkippedSpace
2021-11-19T10:24:04,744|[TRACE] script - #out(` `) [token]
2021-11-19T10:24:04,744|[TRACE] graph - <------- nonSkippedSpace
2021-11-19T10:24:04,744|[TRACE] graph - <----- statementPart
2021-11-19T10:24:04,744|[TRACE] graph - -----> statementPart
2021-11-19T10:24:04,744|[TRACE] graph - -------> nonSkippedChar
2021-11-19T10:24:04,744|[TRACE] script - #out(`I`) [token]
2021-11-19T10:24:04,744|[TRACE] graph - <------- nonSkippedChar
2021-11-19T10:24:04,744|[TRACE] graph - <----- statementPart
2021-11-19T10:24:04,744|[TRACE] graph - -----> statementPart
2021-11-19T10:24:04,744|[TRACE] graph - -------> nonSkippedChar
2021-11-19T10:24:04,744|[TRACE] script - #out(`n`) [token]
2021-11-19T10:24:04,744|[TRACE] graph - <------- nonSkippedChar
2021-11-19T10:24:04,744|[TRACE] graph - <----- statementPart
2021-11-19T10:24:04,744|[TRACE] graph - -----> statementPart
2021-11-19T10:24:04,744|[TRACE] graph - -------> nonSkippedChar
2021-11-19T10:24:04,744|[TRACE] script - #out(`n`) [token]
2021-11-19T10:24:04,744|[TRACE] graph - <------- nonSkippedChar
2021-11-19T10:24:04,744|[TRACE] graph - <----- statementPart
2021-11-19T10:24:04,744|[TRACE] graph - -----> statementPart
2021-11-19T10:24:04,744|[TRACE] graph - -------> nonSkippedChar
2021-11-19T10:24:04,744|[TRACE] script - #out(`o`) [token]
2021-11-19T10:24:04,744|[TRACE] graph - <------- nonSkippedChar
2021-11-19T10:24:04,744|[TRACE] graph - <----- statementPart
2021-11-19T10:24:04,744|[TRACE] graph - -----> statementPart
2021-11-19T10:24:04,744|[TRACE] graph - -------> nonSkippedChar
2021-11-19T10:24:04,744|[TRACE] script - #out(`D`) [token]
2021-11-19T10:24:04,744|[TRACE] graph - <------- nonSkippedChar
2021-11-19T10:24:04,744|[TRACE] graph - <----- statementPart
2021-11-19T10:24:04,744|[TRACE] graph - -----> statementPart
2021-11-19T10:24:04,744|[TRACE] graph - -------> nonSkippedChar
2021-11-19T10:24:04,744|[TRACE] script - #out(`B`) [token]
2021-11-19T10:24:04,744|[TRACE] graph - <------- nonSkippedChar
2021-11-19T10:24:04,744|[TRACE] graph - <----- statementPart
2021-11-19T10:24:04,744|[DEBUG] graph - Import statement : CREATE TABLE IF NOT EXISTS `bloodbank`.`blood_donation` (   `donation_id` INT NOT NULL AUTO_INCREMENT,   `bank_id` INT NOT NULL,   `milliliters` INT NOT NULL,   `blood_group` CHAR(2) NOT NULL,   `rhd` BIT(1) NOT NULL,   `created` BIGINT NOT NULL DEFAULT (unix_timestamp(now()) * 1000),   `updated` BIGINT NOT NULL DEFAULT (unix_timestamp(now()) * 1000),   `version` INT NOT NULL DEFAULT 1,   PRIMARY KEY (`donation_id`),   INDEX `fk_blood_donation_blood_bank1_idx` (`bank_id` ASC) VISIBLE,   CONSTRAINT `fk_blood_donation_blood_bank1`     FOREIGN KEY (`bank_id`)     REFERENCES `bloodbank`.`blood_bank` (`bank_id`)     ON DELETE NO ACTION     ON UPDATE NO ACTION) ENGINE = InnoDB
2021-11-19T10:24:04,744|[TRACE] graph - <--- statement
2021-11-19T10:24:04,744|[TRACE] graph - ---> blankSpacesToSkip
2021-11-19T10:24:04,745|[TRACE] graph - -----> newLineToSkip
2021-11-19T10:24:04,745|[TRACE] graph - <----- newLineToSkip
2021-11-19T10:24:04,745|[TRACE] graph - -----> newLineToSkip
2021-11-19T10:24:04,745|[TRACE] graph - <----- newLineToSkip
2021-11-19T10:24:04,745|[TRACE] graph - -----> newLineToSkip
2021-11-19T10:24:04,745|[TRACE] graph - <----- newLineToSkip
2021-11-19T10:24:04,745|[TRACE] graph - -----> newLineToSkip
2021-11-19T10:24:04,745|[TRACE] graph - <----- newLineToSkip
2021-11-19T10:24:04,745|[TRACE] graph - -----> newLineToSkip
2021-11-19T10:24:04,745|[TRACE] graph - <----- newLineToSkip
2021-11-19T10:24:04,745|[TRACE] graph - -----> newLineToSkip
2021-11-19T10:24:04,745|[TRACE] graph - <----- newLineToSkip
2021-11-19T10:24:04,745|[TRACE] graph - <--- blankSpacesToSkip
2021-11-19T10:24:04,745|[TRACE] graph - ---> statement
2021-11-19T10:24:04,745|[TRACE] graph - -----> statementFirstPart
2021-11-19T10:24:04,745|[TRACE] graph - -------> nonSkippedChar
2021-11-19T10:24:04,745|[TRACE] script - #out(`C`) [token]
2021-11-19T10:24:04,745|[TRACE] graph - <------- nonSkippedChar
2021-11-19T10:24:04,745|[TRACE] graph - <----- statementFirstPart
2021-11-19T10:24:04,889|[TRACE] graph - -----> statementPart
2021-11-19T10:24:04,889|[TRACE] graph - -------> nonSkippedChar
2021-11-19T10:24:04,889|[TRACE] script - #out(`R`) [token]
2021-11-19T10:24:04,889|[TRACE] graph - <------- nonSkippedChar
2021-11-19T10:24:04,889|[TRACE] graph - <----- statementPart
2021-11-19T10:24:04,889|[TRACE] graph - -----> statementPart
2021-11-19T10:24:04,889|[TRACE] graph - -------> nonSkippedChar
2021-11-19T10:24:04,889|[TRACE] script - #out(`E`) [token]
2021-11-19T10:24:04,889|[TRACE] graph - <------- nonSkippedChar
2021-11-19T10:24:04,889|[TRACE] graph - <----- statementPart
2021-11-19T10:24:04,889|[TRACE] graph - -----> statementPart
2021-11-19T10:24:04,889|[TRACE] graph - -------> nonSkippedChar
2021-11-19T10:24:04,889|[TRACE] script - #out(`A`) [token]
2021-11-19T10:24:04,889|[TRACE] graph - <------- nonSkippedChar
2021-11-19T10:24:04,889|[TRACE] graph - <----- statementPart
2021-11-19T10:24:04,889|[TRACE] graph - -----> statementPart
2021-11-19T10:24:04,889|[TRACE] graph - -------> nonSkippedChar
2021-11-19T10:24:04,889|[TRACE] script - #out(`T`) [token]
2021-11-19T10:24:04,889|[TRACE] graph - <------- nonSkippedChar
2021-11-19T10:24:04,889|[TRACE] graph - <----- statementPart
2021-11-19T10:24:04,889|[TRACE] graph - -----> statementPart
2021-11-19T10:24:04,889|[TRACE] graph - -------> nonSkippedChar
2021-11-19T10:24:04,889|[TRACE] script - #out(`E`) [token]
2021-11-19T10:24:04,889|[TRACE] graph - <------- nonSkippedChar
2021-11-19T10:24:04,889|[TRACE] graph - <----- statementPart
2021-11-19T10:24:04,889|[TRACE] graph - -----> statementPart
2021-11-19T10:24:04,889|[TRACE] graph - -------> nonSkippedSpace
2021-11-19T10:24:04,889|[TRACE] script - #out(` `) [token]
2021-11-19T10:24:04,889|[TRACE] graph - <------- nonSkippedSpace
2021-11-19T10:24:04,889|[TRACE] graph - <----- statementPart
2021-11-19T10:24:04,889|[TRACE] graph - -----> statementPart
2021-11-19T10:24:04,889|[TRACE] graph - -------> nonSkippedChar
2021-11-19T10:24:04,889|[TRACE] script - #out(`T`) [token]
2021-11-19T10:24:04,889|[TRACE] graph - <------- nonSkippedChar
2021-11-19T10:24:04,889|[TRACE] graph - <----- statementPart
2021-11-19T10:24:04,889|[TRACE] graph - -----> statementPart
2021-11-19T10:24:04,889|[TRACE] graph - -------> nonSkippedChar
2021-11-19T10:24:04,889|[TRACE] script - #out(`A`) [token]
2021-11-19T10:24:04,889|[TRACE] graph - <------- nonSkippedChar
2021-11-19T10:24:04,889|[TRACE] graph - <----- statementPart
2021-11-19T10:24:04,889|[TRACE] graph - -----> statementPart
2021-11-19T10:24:04,889|[TRACE] graph - -------> nonSkippedChar
2021-11-19T10:24:04,889|[TRACE] script - #out(`B`) [token]
2021-11-19T10:24:04,889|[TRACE] graph - <------- nonSkippedChar
2021-11-19T10:24:04,889|[TRACE] graph - <----- statementPart
2021-11-19T10:24:04,889|[TRACE] graph - -----> statementPart
2021-11-19T10:24:04,889|[TRACE] graph - -------> nonSkippedChar
2021-11-19T10:24:04,889|[TRACE] script - #out(`L`) [token]
2021-11-19T10:24:04,889|[TRACE] graph - <------- nonSkippedChar
2021-11-19T10:24:04,889|[TRACE] graph - <----- statementPart
2021-11-19T10:24:04,889|[TRACE] graph - -----> statementPart
2021-11-19T10:24:04,889|[TRACE] graph - -------> nonSkippedChar
2021-11-19T10:24:04,889|[TRACE] script - #out(`E`) [token]
2021-11-19T10:24:04,889|[TRACE] graph - <------- nonSkippedChar
2021-11-19T10:24:04,889|[TRACE] graph - <----- statementPart
2021-11-19T10:24:04,889|[TRACE] graph - -----> statementPart
2021-11-19T10:24:04,889|[TRACE] graph - -------> nonSkippedSpace
2021-11-19T10:24:04,889|[TRACE] script - #out(` `) [token]
2021-11-19T10:24:04,889|[TRACE] graph - <------- nonSkippedSpace
2021-11-19T10:24:04,889|[TRACE] graph - <----- statementPart
2021-11-19T10:24:04,889|[TRACE] graph - -----> statementPart
2021-11-19T10:24:04,889|[TRACE] graph - -------> nonSkippedChar
2021-11-19T10:24:04,889|[TRACE] script - #out(`I`) [token]
2021-11-19T10:24:04,889|[TRACE] graph - <------- nonSkippedChar
2021-11-19T10:24:04,889|[TRACE] graph - <----- statementPart
2021-11-19T10:24:04,889|[TRACE] graph - -----> statementPart
2021-11-19T10:24:04,889|[TRACE] graph - -------> nonSkippedChar
2021-11-19T10:24:04,889|[TRACE] script - #out(`F`) [token]
2021-11-19T10:24:04,889|[TRACE] graph - <------- nonSkippedChar
2021-11-19T10:24:04,889|[TRACE] graph - <----- statementPart
2021-11-19T10:24:04,889|[TRACE] graph - -----> statementPart
2021-11-19T10:24:04,889|[TRACE] graph - -------> nonSkippedSpace
2021-11-19T10:24:04,889|[TRACE] script - #out(` `) [token]
2021-11-19T10:24:04,889|[TRACE] graph - <------- nonSkippedSpace
2021-11-19T10:24:04,889|[TRACE] graph - <----- statementPart
2021-11-19T10:24:04,889|[TRACE] graph - -----> statementPart
2021-11-19T10:24:04,889|[TRACE] graph - -------> nonSkippedChar
2021-11-19T10:24:04,889|[TRACE] script - #out(`N`) [token]
2021-11-19T10:24:04,889|[TRACE] graph - <------- nonSkippedChar
2021-11-19T10:24:04,889|[TRACE] graph - <----- statementPart
2021-11-19T10:24:04,889|[TRACE] graph - -----> statementPart
2021-11-19T10:24:04,889|[TRACE] graph - -------> nonSkippedChar
2021-11-19T10:24:04,889|[TRACE] script - #out(`O`) [token]
2021-11-19T10:24:04,889|[TRACE] graph - <------- nonSkippedChar
2021-11-19T10:24:04,889|[TRACE] graph - <----- statementPart
2021-11-19T10:24:04,889|[TRACE] graph - -----> statementPart
2021-11-19T10:24:04,889|[TRACE] graph - -------> nonSkippedChar
2021-11-19T10:24:04,889|[TRACE] script - #out(`T`) [token]
2021-11-19T10:24:04,889|[TRACE] graph - <------- nonSkippedChar
2021-11-19T10:24:04,889|[TRACE] graph - <----- statementPart
2021-11-19T10:24:04,889|[TRACE] graph - -----> statementPart
2021-11-19T10:24:04,889|[TRACE] graph - -------> nonSkippedSpace
2021-11-19T10:24:04,889|[TRACE] script - #out(` `) [token]
2021-11-19T10:24:04,889|[TRACE] graph - <------- nonSkippedSpace
2021-11-19T10:24:04,889|[TRACE] graph - <----- statementPart
2021-11-19T10:24:04,889|[TRACE] graph - -----> statementPart
2021-11-19T10:24:04,889|[TRACE] graph - -------> nonSkippedChar
2021-11-19T10:24:04,889|[TRACE] script - #out(`E`) [token]
2021-11-19T10:24:04,889|[TRACE] graph - <------- nonSkippedChar
2021-11-19T10:24:04,889|[TRACE] graph - <----- statementPart
2021-11-19T10:24:04,889|[TRACE] graph - -----> statementPart
2021-11-19T10:24:04,889|[TRACE] graph - -------> nonSkippedChar
2021-11-19T10:24:04,889|[TRACE] script - #out(`X`) [token]
2021-11-19T10:24:04,889|[TRACE] graph - <------- nonSkippedChar
2021-11-19T10:24:04,889|[TRACE] graph - <----- statementPart
2021-11-19T10:24:04,889|[TRACE] graph - -----> statementPart
2021-11-19T10:24:04,889|[TRACE] graph - -------> nonSkippedChar
2021-11-19T10:24:04,889|[TRACE] script - #out(`I`) [token]
2021-11-19T10:24:04,889|[TRACE] graph - <------- nonSkippedChar
2021-11-19T10:24:04,889|[TRACE] graph - <----- statementPart
2021-11-19T10:24:04,889|[TRACE] graph - -----> statementPart
2021-11-19T10:24:04,889|[TRACE] graph - -------> nonSkippedChar
2021-11-19T10:24:04,889|[TRACE] script - #out(`S`) [token]
2021-11-19T10:24:04,889|[TRACE] graph - <------- nonSkippedChar
2021-11-19T10:24:04,889|[TRACE] graph - <----- statementPart
2021-11-19T10:24:04,889|[TRACE] graph - -----> statementPart
2021-11-19T10:24:04,889|[TRACE] graph - -------> nonSkippedChar
2021-11-19T10:24:04,889|[TRACE] script - #out(`T`) [token]
2021-11-19T10:24:04,889|[TRACE] graph - <------- nonSkippedChar
2021-11-19T10:24:04,889|[TRACE] graph - <----- statementPart
2021-11-19T10:24:04,889|[TRACE] graph - -----> statementPart
2021-11-19T10:24:04,889|[TRACE] graph - -------> nonSkippedChar
2021-11-19T10:24:04,889|[TRACE] script - #out(`S`) [token]
2021-11-19T10:24:04,889|[TRACE] graph - <------- nonSkippedChar
2021-11-19T10:24:04,889|[TRACE] graph - <----- statementPart
2021-11-19T10:24:04,889|[TRACE] graph - -----> statementPart
2021-11-19T10:24:04,889|[TRACE] graph - -------> nonSkippedSpace
2021-11-19T10:24:04,889|[TRACE] script - #out(` `) [token]
2021-11-19T10:24:04,889|[TRACE] graph - <------- nonSkippedSpace
2021-11-19T10:24:04,889|[TRACE] graph - <----- statementPart
2021-11-19T10:24:04,889|[TRACE] graph - -----> statementPart
2021-11-19T10:24:04,889|[TRACE] graph - -------> quotedString
2021-11-19T10:24:04,889|[TRACE] script - #out(``bloodbank``) [token]
2021-11-19T10:24:04,889|[TRACE] graph - <------- quotedString
2021-11-19T10:24:04,889|[TRACE] graph - <----- statementPart
2021-11-19T10:24:04,889|[TRACE] graph - -----> statementPart
2021-11-19T10:24:04,889|[TRACE] graph - -------> nonSkippedChar
2021-11-19T10:24:04,889|[TRACE] script - #out(`.`) [token]
2021-11-19T10:24:04,889|[TRACE] graph - <------- nonSkippedChar
2021-11-19T10:24:04,889|[TRACE] graph - <----- statementPart
2021-11-19T10:24:04,889|[TRACE] graph - -----> statementPart
2021-11-19T10:24:04,889|[TRACE] graph - -------> quotedString
2021-11-19T10:24:04,889|[TRACE] script - #out(``donation_record``) [token]
2021-11-19T10:24:04,889|[TRACE] graph - <------- quotedString
2021-11-19T10:24:04,889|[TRACE] graph - <----- statementPart
2021-11-19T10:24:04,889|[TRACE] graph - -----> statementPart
2021-11-19T10:24:04,889|[TRACE] graph - -------> nonSkippedSpace
2021-11-19T10:24:04,889|[TRACE] script - #out(` `) [token]
2021-11-19T10:24:04,889|[TRACE] graph - <------- nonSkippedSpace
2021-11-19T10:24:04,889|[TRACE] graph - <----- statementPart
2021-11-19T10:24:04,889|[TRACE] graph - -----> statementPart
2021-11-19T10:24:04,889|[TRACE] graph - -------> nonSkippedChar
2021-11-19T10:24:04,889|[TRACE] script - #out(`(`) [token]
2021-11-19T10:24:04,889|[TRACE] graph - <------- nonSkippedChar
2021-11-19T10:24:04,889|[TRACE] graph - <----- statementPart
2021-11-19T10:24:04,889|[TRACE] graph - -----> afterStatementPartNewline
2021-11-19T10:24:04,889|[TRACE] script - #out(` `) [text]
2021-11-19T10:24:04,889|[TRACE] graph - <----- afterStatementPartNewline
2021-11-19T10:24:04,889|[TRACE] graph - -----> statementPart
2021-11-19T10:24:04,889|[TRACE] graph - -------> nonSkippedSpace
2021-11-19T10:24:04,889|[TRACE] script - #out(` `) [token]
2021-11-19T10:24:04,889|[TRACE] graph - <------- nonSkippedSpace
2021-11-19T10:24:04,889|[TRACE] graph - <----- statementPart
2021-11-19T10:24:04,889|[TRACE] graph - -----> statementPart
2021-11-19T10:24:04,889|[TRACE] graph - -------> nonSkippedSpace
2021-11-19T10:24:04,889|[TRACE] script - #out(` `) [token]
2021-11-19T10:24:04,889|[TRACE] graph - <------- nonSkippedSpace
2021-11-19T10:24:04,889|[TRACE] graph - <----- statementPart
2021-11-19T10:24:04,889|[TRACE] graph - -----> statementPart
2021-11-19T10:24:04,889|[TRACE] graph - -------> quotedString
2021-11-19T10:24:04,889|[TRACE] script - #out(``record_id``) [token]
2021-11-19T10:24:04,889|[TRACE] graph - <------- quotedString
2021-11-19T10:24:04,889|[TRACE] graph - <----- statementPart
2021-11-19T10:24:04,889|[TRACE] graph - -----> statementPart
2021-11-19T10:24:04,889|[TRACE] graph - -------> nonSkippedSpace
2021-11-19T10:24:04,889|[TRACE] script - #out(` `) [token]
2021-11-19T10:24:04,889|[TRACE] graph - <------- nonSkippedSpace
2021-11-19T10:24:04,889|[TRACE] graph - <----- statementPart
2021-11-19T10:24:04,889|[TRACE] graph - -----> statementPart
2021-11-19T10:24:04,889|[TRACE] graph - -------> nonSkippedChar
2021-11-19T10:24:04,889|[TRACE] script - #out(`I`) [token]
2021-11-19T10:24:04,889|[TRACE] graph - <------- nonSkippedChar
2021-11-19T10:24:04,889|[TRACE] graph - <----- statementPart
2021-11-19T10:24:04,889|[TRACE] graph - -----> statementPart
2021-11-19T10:24:04,889|[TRACE] graph - -------> nonSkippedChar
2021-11-19T10:24:04,889|[TRACE] script - #out(`N`) [token]
2021-11-19T10:24:04,889|[TRACE] graph - <------- nonSkippedChar
2021-11-19T10:24:04,889|[TRACE] graph - <----- statementPart
2021-11-19T10:24:04,889|[TRACE] graph - -----> statementPart
2021-11-19T10:24:04,889|[TRACE] graph - -------> nonSkippedChar
2021-11-19T10:24:04,889|[TRACE] script - #out(`T`) [token]
2021-11-19T10:24:04,889|[TRACE] graph - <------- nonSkippedChar
2021-11-19T10:24:04,889|[TRACE] graph - <----- statementPart
2021-11-19T10:24:04,889|[TRACE] graph - -----> statementPart
2021-11-19T10:24:04,889|[TRACE] graph - -------> nonSkippedSpace
2021-11-19T10:24:04,889|[TRACE] script - #out(` `) [token]
2021-11-19T10:24:04,889|[TRACE] graph - <------- nonSkippedSpace
2021-11-19T10:24:04,889|[TRACE] graph - <----- statementPart
2021-11-19T10:24:04,889|[TRACE] graph - -----> statementPart
2021-11-19T10:24:04,889|[TRACE] graph - -------> nonSkippedChar
2021-11-19T10:24:04,889|[TRACE] script - #out(`N`) [token]
2021-11-19T10:24:04,889|[TRACE] graph - <------- nonSkippedChar
2021-11-19T10:24:04,889|[TRACE] graph - <----- statementPart
2021-11-19T10:24:04,889|[TRACE] graph - -----> statementPart
2021-11-19T10:24:04,889|[TRACE] graph - -------> nonSkippedChar
2021-11-19T10:24:04,889|[TRACE] script - #out(`O`) [token]
2021-11-19T10:24:04,889|[TRACE] graph - <------- nonSkippedChar
2021-11-19T10:24:04,889|[TRACE] graph - <----- statementPart
2021-11-19T10:24:04,889|[TRACE] graph - -----> statementPart
2021-11-19T10:24:04,889|[TRACE] graph - -------> nonSkippedChar
2021-11-19T10:24:04,889|[TRACE] script - #out(`T`) [token]
2021-11-19T10:24:04,889|[TRACE] graph - <------- nonSkippedChar
2021-11-19T10:24:04,889|[TRACE] graph - <----- statementPart
2021-11-19T10:24:04,889|[TRACE] graph - -----> statementPart
2021-11-19T10:24:04,889|[TRACE] graph - -------> nonSkippedSpace
2021-11-19T10:24:04,889|[TRACE] script - #out(` `) [token]
2021-11-19T10:24:04,889|[TRACE] graph - <------- nonSkippedSpace
2021-11-19T10:24:04,889|[TRACE] graph - <----- statementPart
2021-11-19T10:24:04,889|[TRACE] graph - -----> statementPart
2021-11-19T10:24:04,889|[TRACE] graph - -------> nonSkippedChar
2021-11-19T10:24:04,889|[TRACE] script - #out(`N`) [token]
2021-11-19T10:24:04,889|[TRACE] graph - <------- nonSkippedChar
2021-11-19T10:24:04,889|[TRACE] graph - <----- statementPart
2021-11-19T10:24:04,889|[TRACE] graph - -----> statementPart
2021-11-19T10:24:04,889|[TRACE] graph - -------> nonSkippedChar
2021-11-19T10:24:04,889|[TRACE] script - #out(`U`) [token]
2021-11-19T10:24:04,890|[TRACE] graph - <------- nonSkippedChar
2021-11-19T10:24:04,890|[TRACE] graph - <----- statementPart
2021-11-19T10:24:04,890|[TRACE] graph - -----> statementPart
2021-11-19T10:24:04,890|[TRACE] graph - -------> nonSkippedChar
2021-11-19T10:24:04,890|[TRACE] script - #out(`L`) [token]
2021-11-19T10:24:04,890|[TRACE] graph - <------- nonSkippedChar
2021-11-19T10:24:04,890|[TRACE] graph - <----- statementPart
2021-11-19T10:24:04,890|[TRACE] graph - -----> statementPart
2021-11-19T10:24:04,890|[TRACE] graph - -------> nonSkippedChar
2021-11-19T10:24:04,890|[TRACE] script - #out(`L`) [token]
2021-11-19T10:24:04,890|[TRACE] graph - <------- nonSkippedChar
2021-11-19T10:24:04,890|[TRACE] graph - <----- statementPart
2021-11-19T10:24:04,890|[TRACE] graph - -----> statementPart
2021-11-19T10:24:04,890|[TRACE] graph - -------> nonSkippedSpace
2021-11-19T10:24:04,890|[TRACE] script - #out(` `) [token]
2021-11-19T10:24:04,890|[TRACE] graph - <------- nonSkippedSpace
2021-11-19T10:24:04,890|[TRACE] graph - <----- statementPart
2021-11-19T10:24:04,890|[TRACE] graph - -----> statementPart
2021-11-19T10:24:04,890|[TRACE] graph - -------> nonSkippedChar
2021-11-19T10:24:04,890|[TRACE] script - #out(`A`) [token]
2021-11-19T10:24:04,890|[TRACE] graph - <------- nonSkippedChar
2021-11-19T10:24:04,890|[TRACE] graph - <----- statementPart
2021-11-19T10:24:04,890|[TRACE] graph - -----> statementPart
2021-11-19T10:24:04,890|[TRACE] graph - -------> nonSkippedChar
2021-11-19T10:24:04,890|[TRACE] script - #out(`U`) [token]
2021-11-19T10:24:04,890|[TRACE] graph - <------- nonSkippedChar
2021-11-19T10:24:04,890|[TRACE] graph - <----- statementPart
2021-11-19T10:24:04,890|[TRACE] graph - -----> statementPart
2021-11-19T10:24:04,890|[TRACE] graph - -------> nonSkippedChar
2021-11-19T10:24:04,890|[TRACE] script - #out(`T`) [token]
2021-11-19T10:24:04,890|[TRACE] graph - <------- nonSkippedChar
2021-11-19T10:24:04,890|[TRACE] graph - <----- statementPart
2021-11-19T10:24:04,890|[TRACE] graph - -----> statementPart
2021-11-19T10:24:04,890|[TRACE] graph - -------> nonSkippedChar
2021-11-19T10:24:04,890|[TRACE] script - #out(`O`) [token]
2021-11-19T10:24:04,890|[TRACE] graph - <------- nonSkippedChar
2021-11-19T10:24:04,890|[TRACE] graph - <----- statementPart
2021-11-19T10:24:04,890|[TRACE] graph - -----> statementPart
2021-11-19T10:24:04,890|[TRACE] graph - -------> nonSkippedChar
2021-11-19T10:24:04,890|[TRACE] script - #out(`_`) [token]
2021-11-19T10:24:04,890|[TRACE] graph - <------- nonSkippedChar
2021-11-19T10:24:04,890|[TRACE] graph - <----- statementPart
2021-11-19T10:24:04,890|[TRACE] graph - -----> statementPart
2021-11-19T10:24:04,890|[TRACE] graph - -------> nonSkippedChar
2021-11-19T10:24:04,890|[TRACE] script - #out(`I`) [token]
2021-11-19T10:24:04,890|[TRACE] graph - <------- nonSkippedChar
2021-11-19T10:24:04,890|[TRACE] graph - <----- statementPart
2021-11-19T10:24:04,890|[TRACE] graph - -----> statementPart
2021-11-19T10:24:04,890|[TRACE] graph - -------> nonSkippedChar
2021-11-19T10:24:04,890|[TRACE] script - #out(`N`) [token]
2021-11-19T10:24:04,890|[TRACE] graph - <------- nonSkippedChar
2021-11-19T10:24:04,890|[TRACE] graph - <----- statementPart
2021-11-19T10:24:04,890|[TRACE] graph - -----> statementPart
2021-11-19T10:24:04,890|[TRACE] graph - -------> nonSkippedChar
2021-11-19T10:24:04,890|[TRACE] script - #out(`C`) [token]
2021-11-19T10:24:04,890|[TRACE] graph - <------- nonSkippedChar
2021-11-19T10:24:04,890|[TRACE] graph - <----- statementPart
2021-11-19T10:24:04,890|[TRACE] graph - -----> statementPart
2021-11-19T10:24:04,890|[TRACE] graph - -------> nonSkippedChar
2021-11-19T10:24:04,890|[TRACE] script - #out(`R`) [token]
2021-11-19T10:24:04,890|[TRACE] graph - <------- nonSkippedChar
2021-11-19T10:24:04,890|[TRACE] graph - <----- statementPart
2021-11-19T10:24:04,890|[TRACE] graph - -----> statementPart
2021-11-19T10:24:04,890|[TRACE] graph - -------> nonSkippedChar
2021-11-19T10:24:04,890|[TRACE] script - #out(`E`) [token]
2021-11-19T10:24:04,890|[TRACE] graph - <------- nonSkippedChar
2021-11-19T10:24:04,890|[TRACE] graph - <----- statementPart
2021-11-19T10:24:04,890|[TRACE] graph - -----> statementPart
2021-11-19T10:24:04,890|[TRACE] graph - -------> nonSkippedChar
2021-11-19T10:24:04,890|[TRACE] script - #out(`M`) [token]
2021-11-19T10:24:04,890|[TRACE] graph - <------- nonSkippedChar
2021-11-19T10:24:04,890|[TRACE] graph - <----- statementPart
2021-11-19T10:24:04,890|[TRACE] graph - -----> statementPart
2021-11-19T10:24:04,890|[TRACE] graph - -------> nonSkippedChar
2021-11-19T10:24:04,890|[TRACE] script - #out(`E`) [token]
2021-11-19T10:24:04,890|[TRACE] graph - <------- nonSkippedChar
2021-11-19T10:24:04,890|[TRACE] graph - <----- statementPart
2021-11-19T10:24:04,890|[TRACE] graph - -----> statementPart
2021-11-19T10:24:04,890|[TRACE] graph - -------> nonSkippedChar
2021-11-19T10:24:04,890|[TRACE] script - #out(`N`) [token]
2021-11-19T10:24:04,890|[TRACE] graph - <------- nonSkippedChar
2021-11-19T10:24:04,890|[TRACE] graph - <----- statementPart
2021-11-19T10:24:04,890|[TRACE] graph - -----> statementPart
2021-11-19T10:24:04,890|[TRACE] graph - -------> nonSkippedChar
2021-11-19T10:24:04,890|[TRACE] script - #out(`T`) [token]
2021-11-19T10:24:04,890|[TRACE] graph - <------- nonSkippedChar
2021-11-19T10:24:04,890|[TRACE] graph - <----- statementPart
2021-11-19T10:24:04,890|[TRACE] graph - -----> statementPart
2021-11-19T10:24:04,890|[TRACE] graph - -------> nonSkippedChar
2021-11-19T10:24:04,890|[TRACE] script - #out(`,`) [token]
2021-11-19T10:24:04,890|[TRACE] graph - <------- nonSkippedChar
2021-11-19T10:24:04,890|[TRACE] graph - <----- statementPart
2021-11-19T10:24:04,890|[TRACE] graph - -----> afterStatementPartNewline
2021-11-19T10:24:04,890|[TRACE] script - #out(` `) [text]
2021-11-19T10:24:04,890|[TRACE] graph - <----- afterStatementPartNewline
2021-11-19T10:24:04,890|[TRACE] graph - -----> statementPart
2021-11-19T10:24:04,890|[TRACE] graph - -------> nonSkippedSpace
2021-11-19T10:24:04,890|[TRACE] script - #out(` `) [token]
2021-11-19T10:24:04,890|[TRACE] graph - <------- nonSkippedSpace
2021-11-19T10:24:04,890|[TRACE] graph - <----- statementPart
2021-11-19T10:24:04,890|[TRACE] graph - -----> statementPart
2021-11-19T10:24:04,890|[TRACE] graph - -------> nonSkippedSpace
2021-11-19T10:24:04,890|[TRACE] script - #out(` `) [token]
2021-11-19T10:24:04,890|[TRACE] graph - <------- nonSkippedSpace
2021-11-19T10:24:04,890|[TRACE] graph - <----- statementPart
2021-11-19T10:24:04,890|[TRACE] graph - -----> statementPart
2021-11-19T10:24:04,890|[TRACE] graph - -------> quotedString
2021-11-19T10:24:04,890|[TRACE] script - #out(``person_id``) [token]
2021-11-19T10:24:04,890|[TRACE] graph - <------- quotedString
2021-11-19T10:24:04,890|[TRACE] graph - <----- statementPart
2021-11-19T10:24:04,890|[TRACE] graph - -----> statementPart
2021-11-19T10:24:04,890|[TRACE] graph - -------> nonSkippedSpace
2021-11-19T10:24:04,890|[TRACE] script - #out(` `) [token]
2021-11-19T10:24:04,890|[TRACE] graph - <------- nonSkippedSpace
2021-11-19T10:24:04,890|[TRACE] graph - <----- statementPart
2021-11-19T10:24:04,890|[TRACE] graph - -----> statementPart
2021-11-19T10:24:04,890|[TRACE] graph - -------> nonSkippedChar
2021-11-19T10:24:04,890|[TRACE] script - #out(`I`) [token]
2021-11-19T10:24:04,890|[TRACE] graph - <------- nonSkippedChar
2021-11-19T10:24:04,890|[TRACE] graph - <----- statementPart
2021-11-19T10:24:04,890|[TRACE] graph - -----> statementPart
2021-11-19T10:24:04,890|[TRACE] graph - -------> nonSkippedChar
2021-11-19T10:24:04,890|[TRACE] script - #out(`N`) [token]
2021-11-19T10:24:04,890|[TRACE] graph - <------- nonSkippedChar
2021-11-19T10:24:04,890|[TRACE] graph - <----- statementPart
2021-11-19T10:24:04,890|[TRACE] graph - -----> statementPart
2021-11-19T10:24:04,890|[TRACE] graph - -------> nonSkippedChar
2021-11-19T10:24:04,890|[TRACE] script - #out(`T`) [token]
2021-11-19T10:24:04,890|[TRACE] graph - <------- nonSkippedChar
2021-11-19T10:24:04,890|[TRACE] graph - <----- statementPart
2021-11-19T10:24:04,890|[TRACE] graph - -----> statementPart
2021-11-19T10:24:04,890|[TRACE] graph - -------> nonSkippedSpace
2021-11-19T10:24:04,890|[TRACE] script - #out(` `) [token]
2021-11-19T10:24:04,890|[TRACE] graph - <------- nonSkippedSpace
2021-11-19T10:24:04,890|[TRACE] graph - <----- statementPart
2021-11-19T10:24:04,890|[TRACE] graph - -----> statementPart
2021-11-19T10:24:04,890|[TRACE] graph - -------> nonSkippedChar
2021-11-19T10:24:04,890|[TRACE] script - #out(`N`) [token]
2021-11-19T10:24:04,890|[TRACE] graph - <------- nonSkippedChar
2021-11-19T10:24:04,890|[TRACE] graph - <----- statementPart
2021-11-19T10:24:04,890|[TRACE] graph - -----> statementPart
2021-11-19T10:24:04,890|[TRACE] graph - -------> nonSkippedChar
2021-11-19T10:24:04,890|[TRACE] script - #out(`O`) [token]
2021-11-19T10:24:04,890|[TRACE] graph - <------- nonSkippedChar
2021-11-19T10:24:04,890|[TRACE] graph - <----- statementPart
2021-11-19T10:24:04,890|[TRACE] graph - -----> statementPart
2021-11-19T10:24:04,890|[TRACE] graph - -------> nonSkippedChar
2021-11-19T10:24:04,890|[TRACE] script - #out(`T`) [token]
2021-11-19T10:24:04,890|[TRACE] graph - <------- nonSkippedChar
2021-11-19T10:24:04,890|[TRACE] graph - <----- statementPart
2021-11-19T10:24:04,890|[TRACE] graph - -----> statementPart
2021-11-19T10:24:04,890|[TRACE] graph - -------> nonSkippedSpace
2021-11-19T10:24:04,890|[TRACE] script - #out(` `) [token]
2021-11-19T10:24:04,890|[TRACE] graph - <------- nonSkippedSpace
2021-11-19T10:24:04,890|[TRACE] graph - <----- statementPart
2021-11-19T10:24:04,890|[TRACE] graph - -----> statementPart
2021-11-19T10:24:04,890|[TRACE] graph - -------> nonSkippedChar
2021-11-19T10:24:04,890|[TRACE] script - #out(`N`) [token]
2021-11-19T10:24:04,890|[TRACE] graph - <------- nonSkippedChar
2021-11-19T10:24:04,890|[TRACE] graph - <----- statementPart
2021-11-19T10:24:04,890|[TRACE] graph - -----> statementPart
2021-11-19T10:24:04,890|[TRACE] graph - -------> nonSkippedChar
2021-11-19T10:24:04,890|[TRACE] script - #out(`U`) [token]
2021-11-19T10:24:04,890|[TRACE] graph - <------- nonSkippedChar
2021-11-19T10:24:04,890|[TRACE] graph - <----- statementPart
2021-11-19T10:24:04,890|[TRACE] graph - -----> statementPart
2021-11-19T10:24:04,890|[TRACE] graph - -------> nonSkippedChar
2021-11-19T10:24:04,890|[TRACE] script - #out(`L`) [token]
2021-11-19T10:24:04,890|[TRACE] graph - <------- nonSkippedChar
2021-11-19T10:24:04,890|[TRACE] graph - <----- statementPart
2021-11-19T10:24:04,890|[TRACE] graph - -----> statementPart
2021-11-19T10:24:04,890|[TRACE] graph - -------> nonSkippedChar
2021-11-19T10:24:04,890|[TRACE] script - #out(`L`) [token]
2021-11-19T10:24:04,890|[TRACE] graph - <------- nonSkippedChar
2021-11-19T10:24:04,890|[TRACE] graph - <----- statementPart
2021-11-19T10:24:04,890|[TRACE] graph - -----> statementPart
2021-11-19T10:24:04,890|[TRACE] graph - -------> nonSkippedChar
2021-11-19T10:24:04,890|[TRACE] script - #out(`,`) [token]
2021-11-19T10:24:04,890|[TRACE] graph - <------- nonSkippedChar
2021-11-19T10:24:04,890|[TRACE] graph - <----- statementPart
2021-11-19T10:24:04,890|[TRACE] graph - -----> afterStatementPartNewline
2021-11-19T10:24:04,890|[TRACE] script - #out(` `) [text]
2021-11-19T10:24:04,890|[TRACE] graph - <----- afterStatementPartNewline
2021-11-19T10:24:04,890|[TRACE] graph - -----> statementPart
2021-11-19T10:24:04,890|[TRACE] graph - -------> nonSkippedSpace
2021-11-19T10:24:04,890|[TRACE] script - #out(` `) [token]
2021-11-19T10:24:04,890|[TRACE] graph - <------- nonSkippedSpace
2021-11-19T10:24:04,890|[TRACE] graph - <----- statementPart
2021-11-19T10:24:04,890|[TRACE] graph - -----> statementPart
2021-11-19T10:24:04,890|[TRACE] graph - -------> nonSkippedSpace
2021-11-19T10:24:04,890|[TRACE] script - #out(` `) [token]
2021-11-19T10:24:04,890|[TRACE] graph - <------- nonSkippedSpace
2021-11-19T10:24:04,890|[TRACE] graph - <----- statementPart
2021-11-19T10:24:04,890|[TRACE] graph - -----> statementPart
2021-11-19T10:24:04,890|[TRACE] graph - -------> quotedString
2021-11-19T10:24:04,890|[TRACE] script - #out(``donation_id``) [token]
2021-11-19T10:24:04,890|[TRACE] graph - <------- quotedString
2021-11-19T10:24:04,890|[TRACE] graph - <----- statementPart
2021-11-19T10:24:04,890|[TRACE] graph - -----> statementPart
2021-11-19T10:24:04,890|[TRACE] graph - -------> nonSkippedSpace
2021-11-19T10:24:04,890|[TRACE] script - #out(` `) [token]
2021-11-19T10:24:04,890|[TRACE] graph - <------- nonSkippedSpace
2021-11-19T10:24:04,890|[TRACE] graph - <----- statementPart
2021-11-19T10:24:04,890|[TRACE] graph - -----> statementPart
2021-11-19T10:24:04,890|[TRACE] graph - -------> nonSkippedChar
2021-11-19T10:24:04,890|[TRACE] script - #out(`I`) [token]
2021-11-19T10:24:04,890|[TRACE] graph - <------- nonSkippedChar
2021-11-19T10:24:04,890|[TRACE] graph - <----- statementPart
2021-11-19T10:24:04,890|[TRACE] graph - -----> statementPart
2021-11-19T10:24:04,890|[TRACE] graph - -------> nonSkippedChar
2021-11-19T10:24:04,890|[TRACE] script - #out(`N`) [token]
2021-11-19T10:24:04,890|[TRACE] graph - <------- nonSkippedChar
2021-11-19T10:24:04,890|[TRACE] graph - <----- statementPart
2021-11-19T10:24:04,890|[TRACE] graph - -----> statementPart
2021-11-19T10:24:04,890|[TRACE] graph - -------> nonSkippedChar
2021-11-19T10:24:04,890|[TRACE] script - #out(`T`) [token]
2021-11-19T10:24:04,890|[TRACE] graph - <------- nonSkippedChar
2021-11-19T10:24:04,890|[TRACE] graph - <----- statementPart
2021-11-19T10:24:04,890|[TRACE] graph - -----> statementPart
2021-11-19T10:24:04,890|[TRACE] graph - -------> nonSkippedSpace
2021-11-19T10:24:04,890|[TRACE] script - #out(` `) [token]
2021-11-19T10:24:04,890|[TRACE] graph - <------- nonSkippedSpace
2021-11-19T10:24:04,890|[TRACE] graph - <----- statementPart
2021-11-19T10:24:04,890|[TRACE] graph - -----> statementPart
2021-11-19T10:24:04,890|[TRACE] graph - -------> nonSkippedChar
2021-11-19T10:24:04,890|[TRACE] script - #out(`N`) [token]
2021-11-19T10:24:04,890|[TRACE] graph - <------- nonSkippedChar
2021-11-19T10:24:04,890|[TRACE] graph - <----- statementPart
2021-11-19T10:24:04,890|[TRACE] graph - -----> statementPart
2021-11-19T10:24:04,890|[TRACE] graph - -------> nonSkippedChar
2021-11-19T10:24:04,890|[TRACE] script - #out(`U`) [token]
2021-11-19T10:24:04,890|[TRACE] graph - <------- nonSkippedChar
2021-11-19T10:24:04,890|[TRACE] graph - <----- statementPart
2021-11-19T10:24:04,890|[TRACE] graph - -----> statementPart
2021-11-19T10:24:04,890|[TRACE] graph - -------> nonSkippedChar
2021-11-19T10:24:04,890|[TRACE] script - #out(`L`) [token]
2021-11-19T10:24:04,890|[TRACE] graph - <------- nonSkippedChar
2021-11-19T10:24:04,890|[TRACE] graph - <----- statementPart
2021-11-19T10:24:05,023|[TRACE] graph - -----> statementPart
2021-11-19T10:24:05,023|[TRACE] graph - -------> nonSkippedChar
2021-11-19T10:24:05,023|[TRACE] script - #out(`L`) [token]
2021-11-19T10:24:05,023|[TRACE] graph - <------- nonSkippedChar
2021-11-19T10:24:05,023|[TRACE] graph - <----- statementPart
2021-11-19T10:24:05,023|[TRACE] graph - -----> statementPart
2021-11-19T10:24:05,023|[TRACE] graph - -------> nonSkippedChar
2021-11-19T10:24:05,023|[TRACE] script - #out(`,`) [token]
2021-11-19T10:24:05,023|[TRACE] graph - <------- nonSkippedChar
2021-11-19T10:24:05,023|[TRACE] graph - <----- statementPart
2021-11-19T10:24:05,023|[TRACE] graph - -----> afterStatementPartNewline
2021-11-19T10:24:05,023|[TRACE] script - #out(` `) [text]
2021-11-19T10:24:05,023|[TRACE] graph - <----- afterStatementPartNewline
2021-11-19T10:24:05,023|[TRACE] graph - -----> statementPart
2021-11-19T10:24:05,023|[TRACE] graph - -------> nonSkippedSpace
2021-11-19T10:24:05,023|[TRACE] script - #out(` `) [token]
2021-11-19T10:24:05,023|[TRACE] graph - <------- nonSkippedSpace
2021-11-19T10:24:05,023|[TRACE] graph - <----- statementPart
2021-11-19T10:24:05,023|[TRACE] graph - -----> statementPart
2021-11-19T10:24:05,023|[TRACE] graph - -------> nonSkippedSpace
2021-11-19T10:24:05,023|[TRACE] script - #out(` `) [token]
2021-11-19T10:24:05,023|[TRACE] graph - <------- nonSkippedSpace
2021-11-19T10:24:05,023|[TRACE] graph - <----- statementPart
2021-11-19T10:24:05,023|[TRACE] graph - -----> statementPart
2021-11-19T10:24:05,023|[TRACE] graph - -------> quotedString
2021-11-19T10:24:05,023|[TRACE] script - #out(``tested``) [token]
2021-11-19T10:24:05,023|[TRACE] graph - <------- quotedString
2021-11-19T10:24:05,023|[TRACE] graph - <----- statementPart
2021-11-19T10:24:05,023|[TRACE] graph - -----> statementPart
2021-11-19T10:24:05,023|[TRACE] graph - -------> nonSkippedSpace
2021-11-19T10:24:05,023|[TRACE] script - #out(` `) [token]
2021-11-19T10:24:05,023|[TRACE] graph - <------- nonSkippedSpace
2021-11-19T10:24:05,023|[TRACE] graph - <----- statementPart
2021-11-19T10:24:05,023|[TRACE] graph - -----> statementPart
2021-11-19T10:24:05,023|[TRACE] graph - -------> nonSkippedChar
2021-11-19T10:24:05,023|[TRACE] script - #out(`B`) [token]
2021-11-19T10:24:05,023|[TRACE] graph - <------- nonSkippedChar
2021-11-19T10:24:05,023|[TRACE] graph - <----- statementPart
2021-11-19T10:24:05,023|[TRACE] graph - -----> statementPart
2021-11-19T10:24:05,023|[TRACE] graph - -------> nonSkippedChar
2021-11-19T10:24:05,023|[TRACE] script - #out(`I`) [token]
2021-11-19T10:24:05,023|[TRACE] graph - <------- nonSkippedChar
2021-11-19T10:24:05,023|[TRACE] graph - <----- statementPart
2021-11-19T10:24:05,023|[TRACE] graph - -----> statementPart
2021-11-19T10:24:05,023|[TRACE] graph - -------> nonSkippedChar
2021-11-19T10:24:05,023|[TRACE] script - #out(`T`) [token]
2021-11-19T10:24:05,023|[TRACE] graph - <------- nonSkippedChar
2021-11-19T10:24:05,023|[TRACE] graph - <----- statementPart
2021-11-19T10:24:05,023|[TRACE] graph - -----> statementPart
2021-11-19T10:24:05,023|[TRACE] graph - -------> nonSkippedChar
2021-11-19T10:24:05,023|[TRACE] script - #out(`(`) [token]
2021-11-19T10:24:05,023|[TRACE] graph - <------- nonSkippedChar
2021-11-19T10:24:05,023|[TRACE] graph - <----- statementPart
2021-11-19T10:24:05,023|[TRACE] graph - -----> statementPart
2021-11-19T10:24:05,023|[TRACE] graph - -------> nonSkippedChar
2021-11-19T10:24:05,023|[TRACE] script - #out(`1`) [token]
2021-11-19T10:24:05,023|[TRACE] graph - <------- nonSkippedChar
2021-11-19T10:24:05,023|[TRACE] graph - <----- statementPart
2021-11-19T10:24:05,023|[TRACE] graph - -----> statementPart
2021-11-19T10:24:05,023|[TRACE] graph - -------> nonSkippedChar
2021-11-19T10:24:05,023|[TRACE] script - #out(`)`) [token]
2021-11-19T10:24:05,023|[TRACE] graph - <------- nonSkippedChar
2021-11-19T10:24:05,023|[TRACE] graph - <----- statementPart
2021-11-19T10:24:05,023|[TRACE] graph - -----> statementPart
2021-11-19T10:24:05,023|[TRACE] graph - -------> nonSkippedSpace
2021-11-19T10:24:05,023|[TRACE] script - #out(` `) [token]
2021-11-19T10:24:05,023|[TRACE] graph - <------- nonSkippedSpace
2021-11-19T10:24:05,023|[TRACE] graph - <----- statementPart
2021-11-19T10:24:05,023|[TRACE] graph - -----> statementPart
2021-11-19T10:24:05,023|[TRACE] graph - -------> nonSkippedChar
2021-11-19T10:24:05,023|[TRACE] script - #out(`N`) [token]
2021-11-19T10:24:05,023|[TRACE] graph - <------- nonSkippedChar
2021-11-19T10:24:05,023|[TRACE] graph - <----- statementPart
2021-11-19T10:24:05,023|[TRACE] graph - -----> statementPart
2021-11-19T10:24:05,023|[TRACE] graph - -------> nonSkippedChar
2021-11-19T10:24:05,023|[TRACE] script - #out(`O`) [token]
2021-11-19T10:24:05,023|[TRACE] graph - <------- nonSkippedChar
2021-11-19T10:24:05,023|[TRACE] graph - <----- statementPart
2021-11-19T10:24:05,023|[TRACE] graph - -----> statementPart
2021-11-19T10:24:05,023|[TRACE] graph - -------> nonSkippedChar
2021-11-19T10:24:05,023|[TRACE] script - #out(`T`) [token]
2021-11-19T10:24:05,023|[TRACE] graph - <------- nonSkippedChar
2021-11-19T10:24:05,023|[TRACE] graph - <----- statementPart
2021-11-19T10:24:05,023|[TRACE] graph - -----> statementPart
2021-11-19T10:24:05,023|[TRACE] graph - -------> nonSkippedSpace
2021-11-19T10:24:05,023|[TRACE] script - #out(` `) [token]
2021-11-19T10:24:05,023|[TRACE] graph - <------- nonSkippedSpace
2021-11-19T10:24:05,023|[TRACE] graph - <----- statementPart
2021-11-19T10:24:05,023|[TRACE] graph - -----> statementPart
2021-11-19T10:24:05,023|[TRACE] graph - -------> nonSkippedChar
2021-11-19T10:24:05,023|[TRACE] script - #out(`N`) [token]
2021-11-19T10:24:05,023|[TRACE] graph - <------- nonSkippedChar
2021-11-19T10:24:05,023|[TRACE] graph - <----- statementPart
2021-11-19T10:24:05,023|[TRACE] graph - -----> statementPart
2021-11-19T10:24:05,023|[TRACE] graph - -------> nonSkippedChar
2021-11-19T10:24:05,023|[TRACE] script - #out(`U`) [token]
2021-11-19T10:24:05,023|[TRACE] graph - <------- nonSkippedChar
2021-11-19T10:24:05,023|[TRACE] graph - <----- statementPart
2021-11-19T10:24:05,023|[TRACE] graph - -----> statementPart
2021-11-19T10:24:05,023|[TRACE] graph - -------> nonSkippedChar
2021-11-19T10:24:05,023|[TRACE] script - #out(`L`) [token]
2021-11-19T10:24:05,023|[TRACE] graph - <------- nonSkippedChar
2021-11-19T10:24:05,023|[TRACE] graph - <----- statementPart
2021-11-19T10:24:05,023|[TRACE] graph - -----> statementPart
2021-11-19T10:24:05,023|[TRACE] graph - -------> nonSkippedChar
2021-11-19T10:24:05,023|[TRACE] script - #out(`L`) [token]
2021-11-19T10:24:05,023|[TRACE] graph - <------- nonSkippedChar
2021-11-19T10:24:05,023|[TRACE] graph - <----- statementPart
2021-11-19T10:24:05,023|[TRACE] graph - -----> statementPart
2021-11-19T10:24:05,023|[TRACE] graph - -------> nonSkippedChar
2021-11-19T10:24:05,023|[TRACE] script - #out(`,`) [token]
2021-11-19T10:24:05,023|[TRACE] graph - <------- nonSkippedChar
2021-11-19T10:24:05,023|[TRACE] graph - <----- statementPart
2021-11-19T10:24:05,023|[TRACE] graph - -----> afterStatementPartNewline
2021-11-19T10:24:05,023|[TRACE] script - #out(` `) [text]
2021-11-19T10:24:05,023|[TRACE] graph - <----- afterStatementPartNewline
2021-11-19T10:24:05,023|[TRACE] graph - -----> statementPart
2021-11-19T10:24:05,023|[TRACE] graph - -------> nonSkippedSpace
2021-11-19T10:24:05,023|[TRACE] script - #out(` `) [token]
2021-11-19T10:24:05,023|[TRACE] graph - <------- nonSkippedSpace
2021-11-19T10:24:05,023|[TRACE] graph - <----- statementPart
2021-11-19T10:24:05,023|[TRACE] graph - -----> statementPart
2021-11-19T10:24:05,023|[TRACE] graph - -------> nonSkippedSpace
2021-11-19T10:24:05,023|[TRACE] script - #out(` `) [token]
2021-11-19T10:24:05,023|[TRACE] graph - <------- nonSkippedSpace
2021-11-19T10:24:05,023|[TRACE] graph - <----- statementPart
2021-11-19T10:24:05,023|[TRACE] graph - -----> statementPart
2021-11-19T10:24:05,023|[TRACE] graph - -------> quotedString
2021-11-19T10:24:05,023|[TRACE] script - #out(``created``) [token]
2021-11-19T10:24:05,023|[TRACE] graph - <------- quotedString
2021-11-19T10:24:05,023|[TRACE] graph - <----- statementPart
2021-11-19T10:24:05,023|[TRACE] graph - -----> statementPart
2021-11-19T10:24:05,023|[TRACE] graph - -------> nonSkippedSpace
2021-11-19T10:24:05,023|[TRACE] script - #out(` `) [token]
2021-11-19T10:24:05,023|[TRACE] graph - <------- nonSkippedSpace
2021-11-19T10:24:05,023|[TRACE] graph - <----- statementPart
2021-11-19T10:24:05,023|[TRACE] graph - -----> statementPart
2021-11-19T10:24:05,023|[TRACE] graph - -------> nonSkippedChar
2021-11-19T10:24:05,023|[TRACE] script - #out(`B`) [token]
2021-11-19T10:24:05,023|[TRACE] graph - <------- nonSkippedChar
2021-11-19T10:24:05,023|[TRACE] graph - <----- statementPart
2021-11-19T10:24:05,023|[TRACE] graph - -----> statementPart
2021-11-19T10:24:05,023|[TRACE] graph - -------> nonSkippedChar
2021-11-19T10:24:05,023|[TRACE] script - #out(`I`) [token]
2021-11-19T10:24:05,023|[TRACE] graph - <------- nonSkippedChar
2021-11-19T10:24:05,023|[TRACE] graph - <----- statementPart
2021-11-19T10:24:05,023|[TRACE] graph - -----> statementPart
2021-11-19T10:24:05,023|[TRACE] graph - -------> nonSkippedChar
2021-11-19T10:24:05,023|[TRACE] script - #out(`G`) [token]
2021-11-19T10:24:05,023|[TRACE] graph - <------- nonSkippedChar
2021-11-19T10:24:05,023|[TRACE] graph - <----- statementPart
2021-11-19T10:24:05,023|[TRACE] graph - -----> statementPart
2021-11-19T10:24:05,023|[TRACE] graph - -------> nonSkippedChar
2021-11-19T10:24:05,023|[TRACE] script - #out(`I`) [token]
2021-11-19T10:24:05,023|[TRACE] graph - <------- nonSkippedChar
2021-11-19T10:24:05,023|[TRACE] graph - <----- statementPart
2021-11-19T10:24:05,023|[TRACE] graph - -----> statementPart
2021-11-19T10:24:05,023|[TRACE] graph - -------> nonSkippedChar
2021-11-19T10:24:05,023|[TRACE] script - #out(`N`) [token]
2021-11-19T10:24:05,023|[TRACE] graph - <------- nonSkippedChar
2021-11-19T10:24:05,023|[TRACE] graph - <----- statementPart
2021-11-19T10:24:05,023|[TRACE] graph - -----> statementPart
2021-11-19T10:24:05,023|[TRACE] graph - -------> nonSkippedChar
2021-11-19T10:24:05,023|[TRACE] script - #out(`T`) [token]
2021-11-19T10:24:05,023|[TRACE] graph - <------- nonSkippedChar
2021-11-19T10:24:05,023|[TRACE] graph - <----- statementPart
2021-11-19T10:24:05,023|[TRACE] graph - -----> statementPart
2021-11-19T10:24:05,023|[TRACE] graph - -------> nonSkippedSpace
2021-11-19T10:24:05,023|[TRACE] script - #out(` `) [token]
2021-11-19T10:24:05,023|[TRACE] graph - <------- nonSkippedSpace
2021-11-19T10:24:05,023|[TRACE] graph - <----- statementPart
2021-11-19T10:24:05,023|[TRACE] graph - -----> statementPart
2021-11-19T10:24:05,023|[TRACE] graph - -------> nonSkippedChar
2021-11-19T10:24:05,023|[TRACE] script - #out(`N`) [token]
2021-11-19T10:24:05,023|[TRACE] graph - <------- nonSkippedChar
2021-11-19T10:24:05,023|[TRACE] graph - <----- statementPart
2021-11-19T10:24:05,023|[TRACE] graph - -----> statementPart
2021-11-19T10:24:05,023|[TRACE] graph - -------> nonSkippedChar
2021-11-19T10:24:05,023|[TRACE] script - #out(`O`) [token]
2021-11-19T10:24:05,023|[TRACE] graph - <------- nonSkippedChar
2021-11-19T10:24:05,023|[TRACE] graph - <----- statementPart
2021-11-19T10:24:05,023|[TRACE] graph - -----> statementPart
2021-11-19T10:24:05,023|[TRACE] graph - -------> nonSkippedChar
2021-11-19T10:24:05,023|[TRACE] script - #out(`T`) [token]
2021-11-19T10:24:05,023|[TRACE] graph - <------- nonSkippedChar
2021-11-19T10:24:05,023|[TRACE] graph - <----- statementPart
2021-11-19T10:24:05,023|[TRACE] graph - -----> statementPart
2021-11-19T10:24:05,023|[TRACE] graph - -------> nonSkippedSpace
2021-11-19T10:24:05,023|[TRACE] script - #out(` `) [token]
2021-11-19T10:24:05,023|[TRACE] graph - <------- nonSkippedSpace
2021-11-19T10:24:05,023|[TRACE] graph - <----- statementPart
2021-11-19T10:24:05,023|[TRACE] graph - -----> statementPart
2021-11-19T10:24:05,023|[TRACE] graph - -------> nonSkippedChar
2021-11-19T10:24:05,023|[TRACE] script - #out(`N`) [token]
2021-11-19T10:24:05,023|[TRACE] graph - <------- nonSkippedChar
2021-11-19T10:24:05,024|[TRACE] graph - <----- statementPart
2021-11-19T10:24:05,024|[TRACE] graph - -----> statementPart
2021-11-19T10:24:05,024|[TRACE] graph - -------> nonSkippedChar
2021-11-19T10:24:05,024|[TRACE] script - #out(`U`) [token]
2021-11-19T10:24:05,024|[TRACE] graph - <------- nonSkippedChar
2021-11-19T10:24:05,024|[TRACE] graph - <----- statementPart
2021-11-19T10:24:05,024|[TRACE] graph - -----> statementPart
2021-11-19T10:24:05,024|[TRACE] graph - -------> nonSkippedChar
2021-11-19T10:24:05,024|[TRACE] script - #out(`L`) [token]
2021-11-19T10:24:05,024|[TRACE] graph - <------- nonSkippedChar
2021-11-19T10:24:05,024|[TRACE] graph - <----- statementPart
2021-11-19T10:24:05,024|[TRACE] graph - -----> statementPart
2021-11-19T10:24:05,024|[TRACE] graph - -------> nonSkippedChar
2021-11-19T10:24:05,024|[TRACE] script - #out(`L`) [token]
2021-11-19T10:24:05,024|[TRACE] graph - <------- nonSkippedChar
2021-11-19T10:24:05,024|[TRACE] graph - <----- statementPart
2021-11-19T10:24:05,024|[TRACE] graph - -----> statementPart
2021-11-19T10:24:05,024|[TRACE] graph - -------> nonSkippedSpace
2021-11-19T10:24:05,024|[TRACE] script - #out(` `) [token]
2021-11-19T10:24:05,024|[TRACE] graph - <------- nonSkippedSpace
2021-11-19T10:24:05,024|[TRACE] graph - <----- statementPart
2021-11-19T10:24:05,024|[TRACE] graph - -----> statementPart
2021-11-19T10:24:05,024|[TRACE] graph - -------> nonSkippedChar
2021-11-19T10:24:05,024|[TRACE] script - #out(`D`) [token]
2021-11-19T10:24:05,024|[TRACE] graph - <------- nonSkippedChar
2021-11-19T10:24:05,024|[TRACE] graph - <----- statementPart
2021-11-19T10:24:05,024|[TRACE] graph - -----> statementPart
2021-11-19T10:24:05,024|[TRACE] graph - -------> nonSkippedChar
2021-11-19T10:24:05,024|[TRACE] script - #out(`E`) [token]
2021-11-19T10:24:05,024|[TRACE] graph - <------- nonSkippedChar
2021-11-19T10:24:05,024|[TRACE] graph - <----- statementPart
2021-11-19T10:24:05,024|[TRACE] graph - -----> statementPart
2021-11-19T10:24:05,024|[TRACE] graph - -------> nonSkippedChar
2021-11-19T10:24:05,024|[TRACE] script - #out(`F`) [token]
2021-11-19T10:24:05,024|[TRACE] graph - <------- nonSkippedChar
2021-11-19T10:24:05,024|[TRACE] graph - <----- statementPart
2021-11-19T10:24:05,024|[TRACE] graph - -----> statementPart
2021-11-19T10:24:05,024|[TRACE] graph - -------> nonSkippedChar
2021-11-19T10:24:05,024|[TRACE] script - #out(`A`) [token]
2021-11-19T10:24:05,024|[TRACE] graph - <------- nonSkippedChar
2021-11-19T10:24:05,024|[TRACE] graph - <----- statementPart
2021-11-19T10:24:05,024|[TRACE] graph - -----> statementPart
2021-11-19T10:24:05,024|[TRACE] graph - -------> nonSkippedChar
2021-11-19T10:24:05,024|[TRACE] script - #out(`U`) [token]
2021-11-19T10:24:05,024|[TRACE] graph - <------- nonSkippedChar
2021-11-19T10:24:05,024|[TRACE] graph - <----- statementPart
2021-11-19T10:24:05,024|[TRACE] graph - -----> statementPart
2021-11-19T10:24:05,024|[TRACE] graph - -------> nonSkippedChar
2021-11-19T10:24:05,024|[TRACE] script - #out(`L`) [token]
2021-11-19T10:24:05,024|[TRACE] graph - <------- nonSkippedChar
2021-11-19T10:24:05,024|[TRACE] graph - <----- statementPart
2021-11-19T10:24:05,024|[TRACE] graph - -----> statementPart
2021-11-19T10:24:05,024|[TRACE] graph - -------> nonSkippedChar
2021-11-19T10:24:05,024|[TRACE] script - #out(`T`) [token]
2021-11-19T10:24:05,024|[TRACE] graph - <------- nonSkippedChar
2021-11-19T10:24:05,024|[TRACE] graph - <----- statementPart
2021-11-19T10:24:05,024|[TRACE] graph - -----> statementPart
2021-11-19T10:24:05,024|[TRACE] graph - -------> nonSkippedSpace
2021-11-19T10:24:05,024|[TRACE] script - #out(` `) [token]
2021-11-19T10:24:05,024|[TRACE] graph - <------- nonSkippedSpace
2021-11-19T10:24:05,024|[TRACE] graph - <----- statementPart
2021-11-19T10:24:05,024|[TRACE] graph - -----> statementPart
2021-11-19T10:24:05,024|[TRACE] graph - -------> nonSkippedChar
2021-11-19T10:24:05,024|[TRACE] script - #out(`(`) [token]
2021-11-19T10:24:05,024|[TRACE] graph - <------- nonSkippedChar
2021-11-19T10:24:05,024|[TRACE] graph - <----- statementPart
2021-11-19T10:24:05,024|[TRACE] graph - -----> statementPart
2021-11-19T10:24:05,024|[TRACE] graph - -------> nonSkippedChar
2021-11-19T10:24:05,024|[TRACE] script - #out(`u`) [token]
2021-11-19T10:24:05,024|[TRACE] graph - <------- nonSkippedChar
2021-11-19T10:24:05,024|[TRACE] graph - <----- statementPart
2021-11-19T10:24:05,024|[TRACE] graph - -----> statementPart
2021-11-19T10:24:05,024|[TRACE] graph - -------> nonSkippedChar
2021-11-19T10:24:05,024|[TRACE] script - #out(`n`) [token]
2021-11-19T10:24:05,024|[TRACE] graph - <------- nonSkippedChar
2021-11-19T10:24:05,024|[TRACE] graph - <----- statementPart
2021-11-19T10:24:05,024|[TRACE] graph - -----> statementPart
2021-11-19T10:24:05,024|[TRACE] graph - -------> nonSkippedChar
2021-11-19T10:24:05,024|[TRACE] script - #out(`i`) [token]
2021-11-19T10:24:05,024|[TRACE] graph - <------- nonSkippedChar
2021-11-19T10:24:05,024|[TRACE] graph - <----- statementPart
2021-11-19T10:24:05,024|[TRACE] graph - -----> statementPart
2021-11-19T10:24:05,024|[TRACE] graph - -------> nonSkippedChar
2021-11-19T10:24:05,024|[TRACE] script - #out(`x`) [token]
2021-11-19T10:24:05,024|[TRACE] graph - <------- nonSkippedChar
2021-11-19T10:24:05,024|[TRACE] graph - <----- statementPart
2021-11-19T10:24:05,024|[TRACE] graph - -----> statementPart
2021-11-19T10:24:05,024|[TRACE] graph - -------> nonSkippedChar
2021-11-19T10:24:05,024|[TRACE] script - #out(`_`) [token]
2021-11-19T10:24:05,024|[TRACE] graph - <------- nonSkippedChar
2021-11-19T10:24:05,024|[TRACE] graph - <----- statementPart
2021-11-19T10:24:05,024|[TRACE] graph - -----> statementPart
2021-11-19T10:24:05,024|[TRACE] graph - -------> nonSkippedChar
2021-11-19T10:24:05,024|[TRACE] script - #out(`t`) [token]
2021-11-19T10:24:05,024|[TRACE] graph - <------- nonSkippedChar
2021-11-19T10:24:05,024|[TRACE] graph - <----- statementPart
2021-11-19T10:24:05,024|[TRACE] graph - -----> statementPart
2021-11-19T10:24:05,024|[TRACE] graph - -------> nonSkippedChar
2021-11-19T10:24:05,024|[TRACE] script - #out(`i`) [token]
2021-11-19T10:24:05,024|[TRACE] graph - <------- nonSkippedChar
2021-11-19T10:24:05,024|[TRACE] graph - <----- statementPart
2021-11-19T10:24:05,024|[TRACE] graph - -----> statementPart
2021-11-19T10:24:05,024|[TRACE] graph - -------> nonSkippedChar
2021-11-19T10:24:05,024|[TRACE] script - #out(`m`) [token]
2021-11-19T10:24:05,024|[TRACE] graph - <------- nonSkippedChar
2021-11-19T10:24:05,024|[TRACE] graph - <----- statementPart
2021-11-19T10:24:05,024|[TRACE] graph - -----> statementPart
2021-11-19T10:24:05,024|[TRACE] graph - -------> nonSkippedChar
2021-11-19T10:24:05,024|[TRACE] script - #out(`e`) [token]
2021-11-19T10:24:05,024|[TRACE] graph - <------- nonSkippedChar
2021-11-19T10:24:05,024|[TRACE] graph - <----- statementPart
2021-11-19T10:24:05,024|[TRACE] graph - -----> statementPart
2021-11-19T10:24:05,024|[TRACE] graph - -------> nonSkippedChar
2021-11-19T10:24:05,024|[TRACE] script - #out(`s`) [token]
2021-11-19T10:24:05,024|[TRACE] graph - <------- nonSkippedChar
2021-11-19T10:24:05,024|[TRACE] graph - <----- statementPart
2021-11-19T10:24:05,024|[TRACE] graph - -----> statementPart
2021-11-19T10:24:05,024|[TRACE] graph - -------> nonSkippedChar
2021-11-19T10:24:05,024|[TRACE] script - #out(`t`) [token]
2021-11-19T10:24:05,024|[TRACE] graph - <------- nonSkippedChar
2021-11-19T10:24:05,024|[TRACE] graph - <----- statementPart
2021-11-19T10:24:05,024|[TRACE] graph - -----> statementPart
2021-11-19T10:24:05,024|[TRACE] graph - -------> nonSkippedChar
2021-11-19T10:24:05,024|[TRACE] script - #out(`a`) [token]
2021-11-19T10:24:05,024|[TRACE] graph - <------- nonSkippedChar
2021-11-19T10:24:05,024|[TRACE] graph - <----- statementPart
2021-11-19T10:24:05,024|[TRACE] graph - -----> statementPart
2021-11-19T10:24:05,024|[TRACE] graph - -------> nonSkippedChar
2021-11-19T10:24:05,024|[TRACE] script - #out(`m`) [token]
2021-11-19T10:24:05,024|[TRACE] graph - <------- nonSkippedChar
2021-11-19T10:24:05,024|[TRACE] graph - <----- statementPart
2021-11-19T10:24:05,024|[TRACE] graph - -----> statementPart
2021-11-19T10:24:05,024|[TRACE] graph - -------> nonSkippedChar
2021-11-19T10:24:05,024|[TRACE] script - #out(`p`) [token]
2021-11-19T10:24:05,024|[TRACE] graph - <------- nonSkippedChar
2021-11-19T10:24:05,024|[TRACE] graph - <----- statementPart
2021-11-19T10:24:05,024|[TRACE] graph - -----> statementPart
2021-11-19T10:24:05,024|[TRACE] graph - -------> nonSkippedChar
2021-11-19T10:24:05,024|[TRACE] script - #out(`(`) [token]
2021-11-19T10:24:05,024|[TRACE] graph - <------- nonSkippedChar
2021-11-19T10:24:05,024|[TRACE] graph - <----- statementPart
2021-11-19T10:24:05,024|[TRACE] graph - -----> statementPart
2021-11-19T10:24:05,024|[TRACE] graph - -------> nonSkippedChar
2021-11-19T10:24:05,024|[TRACE] script - #out(`n`) [token]
2021-11-19T10:24:05,024|[TRACE] graph - <------- nonSkippedChar
2021-11-19T10:24:05,024|[TRACE] graph - <----- statementPart
2021-11-19T10:24:05,024|[TRACE] graph - -----> statementPart
2021-11-19T10:24:05,024|[TRACE] graph - -------> nonSkippedChar
2021-11-19T10:24:05,024|[TRACE] script - #out(`o`) [token]
2021-11-19T10:24:05,024|[TRACE] graph - <------- nonSkippedChar
2021-11-19T10:24:05,024|[TRACE] graph - <----- statementPart
2021-11-19T10:24:05,024|[TRACE] graph - -----> statementPart
2021-11-19T10:24:05,024|[TRACE] graph - -------> nonSkippedChar
2021-11-19T10:24:05,024|[TRACE] script - #out(`w`) [token]
2021-11-19T10:24:05,024|[TRACE] graph - <------- nonSkippedChar
2021-11-19T10:24:05,024|[TRACE] graph - <----- statementPart
2021-11-19T10:24:05,024|[TRACE] graph - -----> statementPart
2021-11-19T10:24:05,024|[TRACE] graph - -------> nonSkippedChar
2021-11-19T10:24:05,024|[TRACE] script - #out(`(`) [token]
2021-11-19T10:24:05,024|[TRACE] graph - <------- nonSkippedChar
2021-11-19T10:24:05,024|[TRACE] graph - <----- statementPart
2021-11-19T10:24:05,024|[TRACE] graph - -----> statementPart
2021-11-19T10:24:05,024|[TRACE] graph - -------> nonSkippedChar
2021-11-19T10:24:05,024|[TRACE] script - #out(`)`) [token]
2021-11-19T10:24:05,024|[TRACE] graph - <------- nonSkippedChar
2021-11-19T10:24:05,024|[TRACE] graph - <----- statementPart
2021-11-19T10:24:05,024|[TRACE] graph - -----> statementPart
2021-11-19T10:24:05,024|[TRACE] graph - -------> nonSkippedChar
2021-11-19T10:24:05,024|[TRACE] script - #out(`)`) [token]
2021-11-19T10:24:05,024|[TRACE] graph - <------- nonSkippedChar
2021-11-19T10:24:05,024|[TRACE] graph - <----- statementPart
2021-11-19T10:24:05,024|[TRACE] graph - -----> statementPart
2021-11-19T10:24:05,024|[TRACE] graph - -------> nonSkippedSpace
2021-11-19T10:24:05,024|[TRACE] script - #out(` `) [token]
2021-11-19T10:24:05,024|[TRACE] graph - <------- nonSkippedSpace
2021-11-19T10:24:05,024|[TRACE] graph - <----- statementPart
2021-11-19T10:24:05,024|[TRACE] graph - -----> statementPart
2021-11-19T10:24:05,024|[TRACE] graph - -------> nonSkippedChar
2021-11-19T10:24:05,024|[TRACE] script - #out(`*`) [token]
2021-11-19T10:24:05,024|[TRACE] graph - <------- nonSkippedChar
2021-11-19T10:24:05,024|[TRACE] graph - <----- statementPart
2021-11-19T10:24:05,024|[TRACE] graph - -----> statementPart
2021-11-19T10:24:05,024|[TRACE] graph - -------> nonSkippedSpace
2021-11-19T10:24:05,024|[TRACE] script - #out(` `) [token]
2021-11-19T10:24:05,024|[TRACE] graph - <------- nonSkippedSpace
2021-11-19T10:24:05,024|[TRACE] graph - <----- statementPart
2021-11-19T10:24:05,024|[TRACE] graph - -----> statementPart
2021-11-19T10:24:05,024|[TRACE] graph - -------> nonSkippedChar
2021-11-19T10:24:05,024|[TRACE] script - #out(`1`) [token]
2021-11-19T10:24:05,024|[TRACE] graph - <------- nonSkippedChar
2021-11-19T10:24:05,024|[TRACE] graph - <----- statementPart
2021-11-19T10:24:05,024|[TRACE] graph - -----> statementPart
2021-11-19T10:24:05,024|[TRACE] graph - -------> nonSkippedChar
2021-11-19T10:24:05,024|[TRACE] script - #out(`0`) [token]
2021-11-19T10:24:05,024|[TRACE] graph - <------- nonSkippedChar
2021-11-19T10:24:05,024|[TRACE] graph - <----- statementPart
2021-11-19T10:24:05,024|[TRACE] graph - -----> statementPart
2021-11-19T10:24:05,024|[TRACE] graph - -------> nonSkippedChar
2021-11-19T10:24:05,024|[TRACE] script - #out(`0`) [token]
2021-11-19T10:24:05,024|[TRACE] graph - <------- nonSkippedChar
2021-11-19T10:24:05,024|[TRACE] graph - <----- statementPart
2021-11-19T10:24:05,024|[TRACE] graph - -----> statementPart
2021-11-19T10:24:05,024|[TRACE] graph - -------> nonSkippedChar
2021-11-19T10:24:05,024|[TRACE] script - #out(`0`) [token]
2021-11-19T10:24:05,024|[TRACE] graph - <------- nonSkippedChar
2021-11-19T10:24:05,024|[TRACE] graph - <----- statementPart
2021-11-19T10:24:05,024|[TRACE] graph - -----> statementPart
2021-11-19T10:24:05,024|[TRACE] graph - -------> nonSkippedChar
2021-11-19T10:24:05,024|[TRACE] script - #out(`)`) [token]
2021-11-19T10:24:05,024|[TRACE] graph - <------- nonSkippedChar
2021-11-19T10:24:05,024|[TRACE] graph - <----- statementPart
2021-11-19T10:24:05,024|[TRACE] graph - -----> statementPart
2021-11-19T10:24:05,024|[TRACE] graph - -------> nonSkippedChar
2021-11-19T10:24:05,024|[TRACE] script - #out(`,`) [token]
2021-11-19T10:24:05,024|[TRACE] graph - <------- nonSkippedChar
2021-11-19T10:24:05,024|[TRACE] graph - <----- statementPart
2021-11-19T10:24:05,024|[TRACE] graph - -----> afterStatementPartNewline
2021-11-19T10:24:05,024|[TRACE] script - #out(` `) [text]
2021-11-19T10:24:05,024|[TRACE] graph - <----- afterStatementPartNewline
2021-11-19T10:24:05,024|[TRACE] graph - -----> statementPart
2021-11-19T10:24:05,024|[TRACE] graph - -------> nonSkippedSpace
2021-11-19T10:24:05,024|[TRACE] script - #out(` `) [token]
2021-11-19T10:24:05,024|[TRACE] graph - <------- nonSkippedSpace
2021-11-19T10:24:05,024|[TRACE] graph - <----- statementPart
2021-11-19T10:24:05,024|[TRACE] graph - -----> statementPart
2021-11-19T10:24:05,024|[TRACE] graph - -------> nonSkippedSpace
2021-11-19T10:24:05,024|[TRACE] script - #out(` `) [token]
2021-11-19T10:24:05,024|[TRACE] graph - <------- nonSkippedSpace
2021-11-19T10:24:05,024|[TRACE] graph - <----- statementPart
2021-11-19T10:24:05,024|[TRACE] graph - -----> statementPart
2021-11-19T10:24:05,024|[TRACE] graph - -------> quotedString
2021-11-19T10:24:05,024|[TRACE] script - #out(``updated``) [token]
2021-11-19T10:24:05,024|[TRACE] graph - <------- quotedString
2021-11-19T10:24:05,024|[TRACE] graph - <----- statementPart
2021-11-19T10:24:05,024|[TRACE] graph - -----> statementPart
2021-11-19T10:24:05,024|[TRACE] graph - -------> nonSkippedSpace
2021-11-19T10:24:05,024|[TRACE] script - #out(` `) [token]
2021-11-19T10:24:05,024|[TRACE] graph - <------- nonSkippedSpace
2021-11-19T10:24:05,024|[TRACE] graph - <----- statementPart
2021-11-19T10:24:05,024|[TRACE] graph - -----> statementPart
2021-11-19T10:24:05,024|[TRACE] graph - -------> nonSkippedChar
2021-11-19T10:24:05,024|[TRACE] script - #out(`B`) [token]
2021-11-19T10:24:05,024|[TRACE] graph - <------- nonSkippedChar
2021-11-19T10:24:05,024|[TRACE] graph - <----- statementPart
2021-11-19T10:24:05,024|[TRACE] graph - -----> statementPart
2021-11-19T10:24:05,024|[TRACE] graph - -------> nonSkippedChar
2021-11-19T10:24:05,024|[TRACE] script - #out(`I`) [token]
2021-11-19T10:24:05,024|[TRACE] graph - <------- nonSkippedChar
2021-11-19T10:24:05,024|[TRACE] graph - <----- statementPart
2021-11-19T10:24:05,024|[TRACE] graph - -----> statementPart
2021-11-19T10:24:05,024|[TRACE] graph - -------> nonSkippedChar
2021-11-19T10:24:05,024|[TRACE] script - #out(`G`) [token]
2021-11-19T10:24:05,024|[TRACE] graph - <------- nonSkippedChar
2021-11-19T10:24:05,024|[TRACE] graph - <----- statementPart
2021-11-19T10:24:05,024|[TRACE] graph - -----> statementPart
2021-11-19T10:24:05,024|[TRACE] graph - -------> nonSkippedChar
2021-11-19T10:24:05,024|[TRACE] script - #out(`I`) [token]
2021-11-19T10:24:05,024|[TRACE] graph - <------- nonSkippedChar
2021-11-19T10:24:05,024|[TRACE] graph - <----- statementPart
2021-11-19T10:24:05,024|[TRACE] graph - -----> statementPart
2021-11-19T10:24:05,024|[TRACE] graph - -------> nonSkippedChar
2021-11-19T10:24:05,024|[TRACE] script - #out(`N`) [token]
2021-11-19T10:24:05,024|[TRACE] graph - <------- nonSkippedChar
2021-11-19T10:24:05,024|[TRACE] graph - <----- statementPart
2021-11-19T10:24:05,024|[TRACE] graph - -----> statementPart
2021-11-19T10:24:05,024|[TRACE] graph - -------> nonSkippedChar
2021-11-19T10:24:05,024|[TRACE] script - #out(`T`) [token]
2021-11-19T10:24:05,024|[TRACE] graph - <------- nonSkippedChar
2021-11-19T10:24:05,024|[TRACE] graph - <----- statementPart
2021-11-19T10:24:05,150|[TRACE] graph - -----> statementPart
2021-11-19T10:24:05,150|[TRACE] graph - -------> nonSkippedSpace
2021-11-19T10:24:05,150|[TRACE] script - #out(` `) [token]
2021-11-19T10:24:05,150|[TRACE] graph - <------- nonSkippedSpace
2021-11-19T10:24:05,150|[TRACE] graph - <----- statementPart
2021-11-19T10:24:05,150|[TRACE] graph - -----> statementPart
2021-11-19T10:24:05,150|[TRACE] graph - -------> nonSkippedChar
2021-11-19T10:24:05,150|[TRACE] script - #out(`N`) [token]
2021-11-19T10:24:05,150|[TRACE] graph - <------- nonSkippedChar
2021-11-19T10:24:05,150|[TRACE] graph - <----- statementPart
2021-11-19T10:24:05,150|[TRACE] graph - -----> statementPart
2021-11-19T10:24:05,150|[TRACE] graph - -------> nonSkippedChar
2021-11-19T10:24:05,150|[TRACE] script - #out(`O`) [token]
2021-11-19T10:24:05,150|[TRACE] graph - <------- nonSkippedChar
2021-11-19T10:24:05,150|[TRACE] graph - <----- statementPart
2021-11-19T10:24:05,150|[TRACE] graph - -----> statementPart
2021-11-19T10:24:05,150|[TRACE] graph - -------> nonSkippedChar
2021-11-19T10:24:05,150|[TRACE] script - #out(`T`) [token]
2021-11-19T10:24:05,150|[TRACE] graph - <------- nonSkippedChar
2021-11-19T10:24:05,151|[TRACE] graph - <----- statementPart
2021-11-19T10:24:05,151|[TRACE] graph - -----> statementPart
2021-11-19T10:24:05,151|[TRACE] graph - -------> nonSkippedSpace
2021-11-19T10:24:05,151|[TRACE] script - #out(` `) [token]
2021-11-19T10:24:05,151|[TRACE] graph - <------- nonSkippedSpace
2021-11-19T10:24:05,151|[TRACE] graph - <----- statementPart
2021-11-19T10:24:05,151|[TRACE] graph - -----> statementPart
2021-11-19T10:24:05,151|[TRACE] graph - -------> nonSkippedChar
2021-11-19T10:24:05,151|[TRACE] script - #out(`N`) [token]
2021-11-19T10:24:05,151|[TRACE] graph - <------- nonSkippedChar
2021-11-19T10:24:05,151|[TRACE] graph - <----- statementPart
2021-11-19T10:24:05,151|[TRACE] graph - -----> statementPart
2021-11-19T10:24:05,151|[TRACE] graph - -------> nonSkippedChar
2021-11-19T10:24:05,151|[TRACE] script - #out(`U`) [token]
2021-11-19T10:24:05,151|[TRACE] graph - <------- nonSkippedChar
2021-11-19T10:24:05,151|[TRACE] graph - <----- statementPart
2021-11-19T10:24:05,151|[TRACE] graph - -----> statementPart
2021-11-19T10:24:05,151|[TRACE] graph - -------> nonSkippedChar
2021-11-19T10:24:05,151|[TRACE] script - #out(`L`) [token]
2021-11-19T10:24:05,151|[TRACE] graph - <------- nonSkippedChar
2021-11-19T10:24:05,151|[TRACE] graph - <----- statementPart
2021-11-19T10:24:05,151|[TRACE] graph - -----> statementPart
2021-11-19T10:24:05,151|[TRACE] graph - -------> nonSkippedChar
2021-11-19T10:24:05,151|[TRACE] script - #out(`L`) [token]
2021-11-19T10:24:05,151|[TRACE] graph - <------- nonSkippedChar
2021-11-19T10:24:05,151|[TRACE] graph - <----- statementPart
2021-11-19T10:24:05,151|[TRACE] graph - -----> statementPart
2021-11-19T10:24:05,151|[TRACE] graph - -------> nonSkippedSpace
2021-11-19T10:24:05,151|[TRACE] script - #out(` `) [token]
2021-11-19T10:24:05,151|[TRACE] graph - <------- nonSkippedSpace
2021-11-19T10:24:05,151|[TRACE] graph - <----- statementPart
2021-11-19T10:24:05,151|[TRACE] graph - -----> statementPart
2021-11-19T10:24:05,151|[TRACE] graph - -------> nonSkippedChar
2021-11-19T10:24:05,151|[TRACE] script - #out(`D`) [token]
2021-11-19T10:24:05,151|[TRACE] graph - <------- nonSkippedChar
2021-11-19T10:24:05,151|[TRACE] graph - <----- statementPart
2021-11-19T10:24:05,151|[TRACE] graph - -----> statementPart
2021-11-19T10:24:05,151|[TRACE] graph - -------> nonSkippedChar
2021-11-19T10:24:05,151|[TRACE] script - #out(`E`) [token]
2021-11-19T10:24:05,151|[TRACE] graph - <------- nonSkippedChar
2021-11-19T10:24:05,151|[TRACE] graph - <----- statementPart
2021-11-19T10:24:05,151|[TRACE] graph - -----> statementPart
2021-11-19T10:24:05,151|[TRACE] graph - -------> nonSkippedChar
2021-11-19T10:24:05,151|[TRACE] script - #out(`F`) [token]
2021-11-19T10:24:05,151|[TRACE] graph - <------- nonSkippedChar
2021-11-19T10:24:05,151|[TRACE] graph - <----- statementPart
2021-11-19T10:24:05,151|[TRACE] graph - -----> statementPart
2021-11-19T10:24:05,151|[TRACE] graph - -------> nonSkippedChar
2021-11-19T10:24:05,151|[TRACE] script - #out(`A`) [token]
2021-11-19T10:24:05,151|[TRACE] graph - <------- nonSkippedChar
2021-11-19T10:24:05,151|[TRACE] graph - <----- statementPart
2021-11-19T10:24:05,151|[TRACE] graph - -----> statementPart
2021-11-19T10:24:05,151|[TRACE] graph - -------> nonSkippedChar
2021-11-19T10:24:05,151|[TRACE] script - #out(`U`) [token]
2021-11-19T10:24:05,151|[TRACE] graph - <------- nonSkippedChar
2021-11-19T10:24:05,151|[TRACE] graph - <----- statementPart
2021-11-19T10:24:05,151|[TRACE] graph - -----> statementPart
2021-11-19T10:24:05,151|[TRACE] graph - -------> nonSkippedChar
2021-11-19T10:24:05,151|[TRACE] script - #out(`L`) [token]
2021-11-19T10:24:05,151|[TRACE] graph - <------- nonSkippedChar
2021-11-19T10:24:05,151|[TRACE] graph - <----- statementPart
2021-11-19T10:24:05,151|[TRACE] graph - -----> statementPart
2021-11-19T10:24:05,151|[TRACE] graph - -------> nonSkippedChar
2021-11-19T10:24:05,151|[TRACE] script - #out(`T`) [token]
2021-11-19T10:24:05,151|[TRACE] graph - <------- nonSkippedChar
2021-11-19T10:24:05,151|[TRACE] graph - <----- statementPart
2021-11-19T10:24:05,151|[TRACE] graph - -----> statementPart
2021-11-19T10:24:05,151|[TRACE] graph - -------> nonSkippedSpace
2021-11-19T10:24:05,151|[TRACE] script - #out(` `) [token]
2021-11-19T10:24:05,151|[TRACE] graph - <------- nonSkippedSpace
2021-11-19T10:24:05,151|[TRACE] graph - <----- statementPart
2021-11-19T10:24:05,151|[TRACE] graph - -----> statementPart
2021-11-19T10:24:05,151|[TRACE] graph - -------> nonSkippedChar
2021-11-19T10:24:05,151|[TRACE] script - #out(`(`) [token]
2021-11-19T10:24:05,151|[TRACE] graph - <------- nonSkippedChar
2021-11-19T10:24:05,151|[TRACE] graph - <----- statementPart
2021-11-19T10:24:05,151|[TRACE] graph - -----> statementPart
2021-11-19T10:24:05,151|[TRACE] graph - -------> nonSkippedChar
2021-11-19T10:24:05,151|[TRACE] script - #out(`u`) [token]
2021-11-19T10:24:05,151|[TRACE] graph - <------- nonSkippedChar
2021-11-19T10:24:05,151|[TRACE] graph - <----- statementPart
2021-11-19T10:24:05,151|[TRACE] graph - -----> statementPart
2021-11-19T10:24:05,151|[TRACE] graph - -------> nonSkippedChar
2021-11-19T10:24:05,151|[TRACE] script - #out(`n`) [token]
2021-11-19T10:24:05,151|[TRACE] graph - <------- nonSkippedChar
2021-11-19T10:24:05,151|[TRACE] graph - <----- statementPart
2021-11-19T10:24:05,151|[TRACE] graph - -----> statementPart
2021-11-19T10:24:05,151|[TRACE] graph - -------> nonSkippedChar
2021-11-19T10:24:05,151|[TRACE] script - #out(`i`) [token]
2021-11-19T10:24:05,151|[TRACE] graph - <------- nonSkippedChar
2021-11-19T10:24:05,151|[TRACE] graph - <----- statementPart
2021-11-19T10:24:05,151|[TRACE] graph - -----> statementPart
2021-11-19T10:24:05,151|[TRACE] graph - -------> nonSkippedChar
2021-11-19T10:24:05,151|[TRACE] script - #out(`x`) [token]
2021-11-19T10:24:05,151|[TRACE] graph - <------- nonSkippedChar
2021-11-19T10:24:05,151|[TRACE] graph - <----- statementPart
2021-11-19T10:24:05,151|[TRACE] graph - -----> statementPart
2021-11-19T10:24:05,151|[TRACE] graph - -------> nonSkippedChar
2021-11-19T10:24:05,151|[TRACE] script - #out(`_`) [token]
2021-11-19T10:24:05,151|[TRACE] graph - <------- nonSkippedChar
2021-11-19T10:24:05,151|[TRACE] graph - <----- statementPart
2021-11-19T10:24:05,151|[TRACE] graph - -----> statementPart
2021-11-19T10:24:05,151|[TRACE] graph - -------> nonSkippedChar
2021-11-19T10:24:05,151|[TRACE] script - #out(`t`) [token]
2021-11-19T10:24:05,151|[TRACE] graph - <------- nonSkippedChar
2021-11-19T10:24:05,151|[TRACE] graph - <----- statementPart
2021-11-19T10:24:05,151|[TRACE] graph - -----> statementPart
2021-11-19T10:24:05,151|[TRACE] graph - -------> nonSkippedChar
2021-11-19T10:24:05,151|[TRACE] script - #out(`i`) [token]
2021-11-19T10:24:05,151|[TRACE] graph - <------- nonSkippedChar
2021-11-19T10:24:05,151|[TRACE] graph - <----- statementPart
2021-11-19T10:24:05,151|[TRACE] graph - -----> statementPart
2021-11-19T10:24:05,151|[TRACE] graph - -------> nonSkippedChar
2021-11-19T10:24:05,151|[TRACE] script - #out(`m`) [token]
2021-11-19T10:24:05,151|[TRACE] graph - <------- nonSkippedChar
2021-11-19T10:24:05,151|[TRACE] graph - <----- statementPart
2021-11-19T10:24:05,151|[TRACE] graph - -----> statementPart
2021-11-19T10:24:05,151|[TRACE] graph - -------> nonSkippedChar
2021-11-19T10:24:05,151|[TRACE] script - #out(`e`) [token]
2021-11-19T10:24:05,151|[TRACE] graph - <------- nonSkippedChar
2021-11-19T10:24:05,151|[TRACE] graph - <----- statementPart
2021-11-19T10:24:05,151|[TRACE] graph - -----> statementPart
2021-11-19T10:24:05,151|[TRACE] graph - -------> nonSkippedChar
2021-11-19T10:24:05,151|[TRACE] script - #out(`s`) [token]
2021-11-19T10:24:05,151|[TRACE] graph - <------- nonSkippedChar
2021-11-19T10:24:05,151|[TRACE] graph - <----- statementPart
2021-11-19T10:24:05,151|[TRACE] graph - -----> statementPart
2021-11-19T10:24:05,151|[TRACE] graph - -------> nonSkippedChar
2021-11-19T10:24:05,151|[TRACE] script - #out(`t`) [token]
2021-11-19T10:24:05,151|[TRACE] graph - <------- nonSkippedChar
2021-11-19T10:24:05,151|[TRACE] graph - <----- statementPart
2021-11-19T10:24:05,151|[TRACE] graph - -----> statementPart
2021-11-19T10:24:05,151|[TRACE] graph - -------> nonSkippedChar
2021-11-19T10:24:05,151|[TRACE] script - #out(`a`) [token]
2021-11-19T10:24:05,151|[TRACE] graph - <------- nonSkippedChar
2021-11-19T10:24:05,151|[TRACE] graph - <----- statementPart
2021-11-19T10:24:05,151|[TRACE] graph - -----> statementPart
2021-11-19T10:24:05,151|[TRACE] graph - -------> nonSkippedChar
2021-11-19T10:24:05,151|[TRACE] script - #out(`m`) [token]
2021-11-19T10:24:05,151|[TRACE] graph - <------- nonSkippedChar
2021-11-19T10:24:05,151|[TRACE] graph - <----- statementPart
2021-11-19T10:24:05,151|[TRACE] graph - -----> statementPart
2021-11-19T10:24:05,151|[TRACE] graph - -------> nonSkippedChar
2021-11-19T10:24:05,151|[TRACE] script - #out(`p`) [token]
2021-11-19T10:24:05,151|[TRACE] graph - <------- nonSkippedChar
2021-11-19T10:24:05,151|[TRACE] graph - <----- statementPart
2021-11-19T10:24:05,151|[TRACE] graph - -----> statementPart
2021-11-19T10:24:05,151|[TRACE] graph - -------> nonSkippedChar
2021-11-19T10:24:05,151|[TRACE] script - #out(`(`) [token]
2021-11-19T10:24:05,151|[TRACE] graph - <------- nonSkippedChar
2021-11-19T10:24:05,151|[TRACE] graph - <----- statementPart
2021-11-19T10:24:05,151|[TRACE] graph - -----> statementPart
2021-11-19T10:24:05,151|[TRACE] graph - -------> nonSkippedChar
2021-11-19T10:24:05,151|[TRACE] script - #out(`n`) [token]
2021-11-19T10:24:05,151|[TRACE] graph - <------- nonSkippedChar
2021-11-19T10:24:05,151|[TRACE] graph - <----- statementPart
2021-11-19T10:24:05,151|[TRACE] graph - -----> statementPart
2021-11-19T10:24:05,151|[TRACE] graph - -------> nonSkippedChar
2021-11-19T10:24:05,151|[TRACE] script - #out(`o`) [token]
2021-11-19T10:24:05,151|[TRACE] graph - <------- nonSkippedChar
2021-11-19T10:24:05,151|[TRACE] graph - <----- statementPart
2021-11-19T10:24:05,151|[TRACE] graph - -----> statementPart
2021-11-19T10:24:05,151|[TRACE] graph - -------> nonSkippedChar
2021-11-19T10:24:05,151|[TRACE] script - #out(`w`) [token]
2021-11-19T10:24:05,151|[TRACE] graph - <------- nonSkippedChar
2021-11-19T10:24:05,151|[TRACE] graph - <----- statementPart
2021-11-19T10:24:05,151|[TRACE] graph - -----> statementPart
2021-11-19T10:24:05,151|[TRACE] graph - -------> nonSkippedChar
2021-11-19T10:24:05,151|[TRACE] script - #out(`(`) [token]
2021-11-19T10:24:05,151|[TRACE] graph - <------- nonSkippedChar
2021-11-19T10:24:05,151|[TRACE] graph - <----- statementPart
2021-11-19T10:24:05,151|[TRACE] graph - -----> statementPart
2021-11-19T10:24:05,151|[TRACE] graph - -------> nonSkippedChar
2021-11-19T10:24:05,151|[TRACE] script - #out(`)`) [token]
2021-11-19T10:24:05,151|[TRACE] graph - <------- nonSkippedChar
2021-11-19T10:24:05,151|[TRACE] graph - <----- statementPart
2021-11-19T10:24:05,151|[TRACE] graph - -----> statementPart
2021-11-19T10:24:05,151|[TRACE] graph - -------> nonSkippedChar
2021-11-19T10:24:05,151|[TRACE] script - #out(`)`) [token]
2021-11-19T10:24:05,151|[TRACE] graph - <------- nonSkippedChar
2021-11-19T10:24:05,151|[TRACE] graph - <----- statementPart
2021-11-19T10:24:05,151|[TRACE] graph - -----> statementPart
2021-11-19T10:24:05,151|[TRACE] graph - -------> nonSkippedSpace
2021-11-19T10:24:05,151|[TRACE] script - #out(` `) [token]
2021-11-19T10:24:05,151|[TRACE] graph - <------- nonSkippedSpace
2021-11-19T10:24:05,151|[TRACE] graph - <----- statementPart
2021-11-19T10:24:05,151|[TRACE] graph - -----> statementPart
2021-11-19T10:24:05,151|[TRACE] graph - -------> nonSkippedChar
2021-11-19T10:24:05,151|[TRACE] script - #out(`*`) [token]
2021-11-19T10:24:05,151|[TRACE] graph - <------- nonSkippedChar
2021-11-19T10:24:05,151|[TRACE] graph - <----- statementPart
2021-11-19T10:24:05,151|[TRACE] graph - -----> statementPart
2021-11-19T10:24:05,151|[TRACE] graph - -------> nonSkippedSpace
2021-11-19T10:24:05,151|[TRACE] script - #out(` `) [token]
2021-11-19T10:24:05,151|[TRACE] graph - <------- nonSkippedSpace
2021-11-19T10:24:05,151|[TRACE] graph - <----- statementPart
2021-11-19T10:24:05,151|[TRACE] graph - -----> statementPart
2021-11-19T10:24:05,151|[TRACE] graph - -------> nonSkippedChar
2021-11-19T10:24:05,151|[TRACE] script - #out(`1`) [token]
2021-11-19T10:24:05,151|[TRACE] graph - <------- nonSkippedChar
2021-11-19T10:24:05,151|[TRACE] graph - <----- statementPart
2021-11-19T10:24:05,151|[TRACE] graph - -----> statementPart
2021-11-19T10:24:05,151|[TRACE] graph - -------> nonSkippedChar
2021-11-19T10:24:05,151|[TRACE] script - #out(`0`) [token]
2021-11-19T10:24:05,151|[TRACE] graph - <------- nonSkippedChar
2021-11-19T10:24:05,151|[TRACE] graph - <----- statementPart
2021-11-19T10:24:05,151|[TRACE] graph - -----> statementPart
2021-11-19T10:24:05,151|[TRACE] graph - -------> nonSkippedChar
2021-11-19T10:24:05,151|[TRACE] script - #out(`0`) [token]
2021-11-19T10:24:05,151|[TRACE] graph - <------- nonSkippedChar
2021-11-19T10:24:05,151|[TRACE] graph - <----- statementPart
2021-11-19T10:24:05,151|[TRACE] graph - -----> statementPart
2021-11-19T10:24:05,151|[TRACE] graph - -------> nonSkippedChar
2021-11-19T10:24:05,151|[TRACE] script - #out(`0`) [token]
2021-11-19T10:24:05,151|[TRACE] graph - <------- nonSkippedChar
2021-11-19T10:24:05,151|[TRACE] graph - <----- statementPart
2021-11-19T10:24:05,151|[TRACE] graph - -----> statementPart
2021-11-19T10:24:05,151|[TRACE] graph - -------> nonSkippedChar
2021-11-19T10:24:05,151|[TRACE] script - #out(`)`) [token]
2021-11-19T10:24:05,151|[TRACE] graph - <------- nonSkippedChar
2021-11-19T10:24:05,151|[TRACE] graph - <----- statementPart
2021-11-19T10:24:05,151|[TRACE] graph - -----> statementPart
2021-11-19T10:24:05,151|[TRACE] graph - -------> nonSkippedChar
2021-11-19T10:24:05,151|[TRACE] script - #out(`,`) [token]
2021-11-19T10:24:05,151|[TRACE] graph - <------- nonSkippedChar
2021-11-19T10:24:05,151|[TRACE] graph - <----- statementPart
2021-11-19T10:24:05,151|[TRACE] graph - -----> afterStatementPartNewline
2021-11-19T10:24:05,151|[TRACE] script - #out(` `) [text]
2021-11-19T10:24:05,151|[TRACE] graph - <----- afterStatementPartNewline
2021-11-19T10:24:05,151|[TRACE] graph - -----> statementPart
2021-11-19T10:24:05,151|[TRACE] graph - -------> nonSkippedSpace
2021-11-19T10:24:05,151|[TRACE] script - #out(` `) [token]
2021-11-19T10:24:05,151|[TRACE] graph - <------- nonSkippedSpace
2021-11-19T10:24:05,151|[TRACE] graph - <----- statementPart
2021-11-19T10:24:05,151|[TRACE] graph - -----> statementPart
2021-11-19T10:24:05,151|[TRACE] graph - -------> nonSkippedSpace
2021-11-19T10:24:05,151|[TRACE] script - #out(` `) [token]
2021-11-19T10:24:05,151|[TRACE] graph - <------- nonSkippedSpace
2021-11-19T10:24:05,151|[TRACE] graph - <----- statementPart
2021-11-19T10:24:05,151|[TRACE] graph - -----> statementPart
2021-11-19T10:24:05,151|[TRACE] graph - -------> quotedString
2021-11-19T10:24:05,151|[TRACE] script - #out(``version``) [token]
2021-11-19T10:24:05,151|[TRACE] graph - <------- quotedString
2021-11-19T10:24:05,151|[TRACE] graph - <----- statementPart
2021-11-19T10:24:05,151|[TRACE] graph - -----> statementPart
2021-11-19T10:24:05,151|[TRACE] graph - -------> nonSkippedSpace
2021-11-19T10:24:05,151|[TRACE] script - #out(` `) [token]
2021-11-19T10:24:05,151|[TRACE] graph - <------- nonSkippedSpace
2021-11-19T10:24:05,151|[TRACE] graph - <----- statementPart
2021-11-19T10:24:05,151|[TRACE] graph - -----> statementPart
2021-11-19T10:24:05,151|[TRACE] graph - -------> nonSkippedChar
2021-11-19T10:24:05,151|[TRACE] script - #out(`I`) [token]
2021-11-19T10:24:05,151|[TRACE] graph - <------- nonSkippedChar
2021-11-19T10:24:05,151|[TRACE] graph - <----- statementPart
2021-11-19T10:24:05,151|[TRACE] graph - -----> statementPart
2021-11-19T10:24:05,151|[TRACE] graph - -------> nonSkippedChar
2021-11-19T10:24:05,151|[TRACE] script - #out(`N`) [token]
2021-11-19T10:24:05,151|[TRACE] graph - <------- nonSkippedChar
2021-11-19T10:24:05,151|[TRACE] graph - <----- statementPart
2021-11-19T10:24:05,151|[TRACE] graph - -----> statementPart
2021-11-19T10:24:05,151|[TRACE] graph - -------> nonSkippedChar
2021-11-19T10:24:05,151|[TRACE] script - #out(`T`) [token]
2021-11-19T10:24:05,151|[TRACE] graph - <------- nonSkippedChar
2021-11-19T10:24:05,151|[TRACE] graph - <----- statementPart
2021-11-19T10:24:05,151|[TRACE] graph - -----> statementPart
2021-11-19T10:24:05,151|[TRACE] graph - -------> nonSkippedSpace
2021-11-19T10:24:05,151|[TRACE] script - #out(` `) [token]
2021-11-19T10:24:05,151|[TRACE] graph - <------- nonSkippedSpace
2021-11-19T10:24:05,151|[TRACE] graph - <----- statementPart
2021-11-19T10:24:05,151|[TRACE] graph - -----> statementPart
2021-11-19T10:24:05,151|[TRACE] graph - -------> nonSkippedChar
2021-11-19T10:24:05,151|[TRACE] script - #out(`N`) [token]
2021-11-19T10:24:05,151|[TRACE] graph - <------- nonSkippedChar
2021-11-19T10:24:05,151|[TRACE] graph - <----- statementPart
2021-11-19T10:24:05,151|[TRACE] graph - -----> statementPart
2021-11-19T10:24:05,151|[TRACE] graph - -------> nonSkippedChar
2021-11-19T10:24:05,151|[TRACE] script - #out(`O`) [token]
2021-11-19T10:24:05,151|[TRACE] graph - <------- nonSkippedChar
2021-11-19T10:24:05,151|[TRACE] graph - <----- statementPart
2021-11-19T10:24:05,151|[TRACE] graph - -----> statementPart
2021-11-19T10:24:05,151|[TRACE] graph - -------> nonSkippedChar
2021-11-19T10:24:05,151|[TRACE] script - #out(`T`) [token]
2021-11-19T10:24:05,151|[TRACE] graph - <------- nonSkippedChar
2021-11-19T10:24:05,151|[TRACE] graph - <----- statementPart
2021-11-19T10:24:05,151|[TRACE] graph - -----> statementPart
2021-11-19T10:24:05,151|[TRACE] graph - -------> nonSkippedSpace
2021-11-19T10:24:05,151|[TRACE] script - #out(` `) [token]
2021-11-19T10:24:05,151|[TRACE] graph - <------- nonSkippedSpace
2021-11-19T10:24:05,151|[TRACE] graph - <----- statementPart
2021-11-19T10:24:05,151|[TRACE] graph - -----> statementPart
2021-11-19T10:24:05,151|[TRACE] graph - -------> nonSkippedChar
2021-11-19T10:24:05,151|[TRACE] script - #out(`N`) [token]
2021-11-19T10:24:05,151|[TRACE] graph - <------- nonSkippedChar
2021-11-19T10:24:05,151|[TRACE] graph - <----- statementPart
2021-11-19T10:24:05,151|[TRACE] graph - -----> statementPart
2021-11-19T10:24:05,151|[TRACE] graph - -------> nonSkippedChar
2021-11-19T10:24:05,151|[TRACE] script - #out(`U`) [token]
2021-11-19T10:24:05,151|[TRACE] graph - <------- nonSkippedChar
2021-11-19T10:24:05,152|[TRACE] graph - <----- statementPart
2021-11-19T10:24:05,152|[TRACE] graph - -----> statementPart
2021-11-19T10:24:05,152|[TRACE] graph - -------> nonSkippedChar
2021-11-19T10:24:05,152|[TRACE] script - #out(`L`) [token]
2021-11-19T10:24:05,152|[TRACE] graph - <------- nonSkippedChar
2021-11-19T10:24:05,152|[TRACE] graph - <----- statementPart
2021-11-19T10:24:05,152|[TRACE] graph - -----> statementPart
2021-11-19T10:24:05,152|[TRACE] graph - -------> nonSkippedChar
2021-11-19T10:24:05,152|[TRACE] script - #out(`L`) [token]
2021-11-19T10:24:05,152|[TRACE] graph - <------- nonSkippedChar
2021-11-19T10:24:05,152|[TRACE] graph - <----- statementPart
2021-11-19T10:24:05,152|[TRACE] graph - -----> statementPart
2021-11-19T10:24:05,152|[TRACE] graph - -------> nonSkippedSpace
2021-11-19T10:24:05,152|[TRACE] script - #out(` `) [token]
2021-11-19T10:24:05,152|[TRACE] graph - <------- nonSkippedSpace
2021-11-19T10:24:05,152|[TRACE] graph - <----- statementPart
2021-11-19T10:24:05,152|[TRACE] graph - -----> statementPart
2021-11-19T10:24:05,152|[TRACE] graph - -------> nonSkippedChar
2021-11-19T10:24:05,152|[TRACE] script - #out(`D`) [token]
2021-11-19T10:24:05,152|[TRACE] graph - <------- nonSkippedChar
2021-11-19T10:24:05,152|[TRACE] graph - <----- statementPart
2021-11-19T10:24:05,152|[TRACE] graph - -----> statementPart
2021-11-19T10:24:05,152|[TRACE] graph - -------> nonSkippedChar
2021-11-19T10:24:05,152|[TRACE] script - #out(`E`) [token]
2021-11-19T10:24:05,152|[TRACE] graph - <------- nonSkippedChar
2021-11-19T10:24:05,152|[TRACE] graph - <----- statementPart
2021-11-19T10:24:05,152|[TRACE] graph - -----> statementPart
2021-11-19T10:24:05,152|[TRACE] graph - -------> nonSkippedChar
2021-11-19T10:24:05,152|[TRACE] script - #out(`F`) [token]
2021-11-19T10:24:05,152|[TRACE] graph - <------- nonSkippedChar
2021-11-19T10:24:05,152|[TRACE] graph - <----- statementPart
2021-11-19T10:24:05,152|[TRACE] graph - -----> statementPart
2021-11-19T10:24:05,152|[TRACE] graph - -------> nonSkippedChar
2021-11-19T10:24:05,152|[TRACE] script - #out(`A`) [token]
2021-11-19T10:24:05,152|[TRACE] graph - <------- nonSkippedChar
2021-11-19T10:24:05,152|[TRACE] graph - <----- statementPart
2021-11-19T10:24:05,152|[TRACE] graph - -----> statementPart
2021-11-19T10:24:05,152|[TRACE] graph - -------> nonSkippedChar
2021-11-19T10:24:05,152|[TRACE] script - #out(`U`) [token]
2021-11-19T10:24:05,152|[TRACE] graph - <------- nonSkippedChar
2021-11-19T10:24:05,152|[TRACE] graph - <----- statementPart
2021-11-19T10:24:05,152|[TRACE] graph - -----> statementPart
2021-11-19T10:24:05,152|[TRACE] graph - -------> nonSkippedChar
2021-11-19T10:24:05,152|[TRACE] script - #out(`L`) [token]
2021-11-19T10:24:05,152|[TRACE] graph - <------- nonSkippedChar
2021-11-19T10:24:05,152|[TRACE] graph - <----- statementPart
2021-11-19T10:24:05,152|[TRACE] graph - -----> statementPart
2021-11-19T10:24:05,152|[TRACE] graph - -------> nonSkippedChar
2021-11-19T10:24:05,152|[TRACE] script - #out(`T`) [token]
2021-11-19T10:24:05,152|[TRACE] graph - <------- nonSkippedChar
2021-11-19T10:24:05,152|[TRACE] graph - <----- statementPart
2021-11-19T10:24:05,152|[TRACE] graph - -----> statementPart
2021-11-19T10:24:05,152|[TRACE] graph - -------> nonSkippedSpace
2021-11-19T10:24:05,152|[TRACE] script - #out(` `) [token]
2021-11-19T10:24:05,152|[TRACE] graph - <------- nonSkippedSpace
2021-11-19T10:24:05,152|[TRACE] graph - <----- statementPart
2021-11-19T10:24:05,152|[TRACE] graph - -----> statementPart
2021-11-19T10:24:05,152|[TRACE] graph - -------> nonSkippedChar
2021-11-19T10:24:05,152|[TRACE] script - #out(`1`) [token]
2021-11-19T10:24:05,152|[TRACE] graph - <------- nonSkippedChar
2021-11-19T10:24:05,152|[TRACE] graph - <----- statementPart
2021-11-19T10:24:05,152|[TRACE] graph - -----> statementPart
2021-11-19T10:24:05,152|[TRACE] graph - -------> nonSkippedChar
2021-11-19T10:24:05,152|[TRACE] script - #out(`,`) [token]
2021-11-19T10:24:05,152|[TRACE] graph - <------- nonSkippedChar
2021-11-19T10:24:05,152|[TRACE] graph - <----- statementPart
2021-11-19T10:24:05,152|[TRACE] graph - -----> afterStatementPartNewline
2021-11-19T10:24:05,152|[TRACE] script - #out(` `) [text]
2021-11-19T10:24:05,152|[TRACE] graph - <----- afterStatementPartNewline
2021-11-19T10:24:05,152|[TRACE] graph - -----> statementPart
2021-11-19T10:24:05,152|[TRACE] graph - -------> nonSkippedSpace
2021-11-19T10:24:05,152|[TRACE] script - #out(` `) [token]
2021-11-19T10:24:05,152|[TRACE] graph - <------- nonSkippedSpace
2021-11-19T10:24:05,152|[TRACE] graph - <----- statementPart
2021-11-19T10:24:05,152|[TRACE] graph - -----> statementPart
2021-11-19T10:24:05,152|[TRACE] graph - -------> nonSkippedSpace
2021-11-19T10:24:05,152|[TRACE] script - #out(` `) [token]
2021-11-19T10:24:05,152|[TRACE] graph - <------- nonSkippedSpace
2021-11-19T10:24:05,152|[TRACE] graph - <----- statementPart
2021-11-19T10:24:05,152|[TRACE] graph - -----> statementPart
2021-11-19T10:24:05,152|[TRACE] graph - -------> nonSkippedChar
2021-11-19T10:24:05,152|[TRACE] script - #out(`I`) [token]
2021-11-19T10:24:05,152|[TRACE] graph - <------- nonSkippedChar
2021-11-19T10:24:05,152|[TRACE] graph - <----- statementPart
2021-11-19T10:24:05,152|[TRACE] graph - -----> statementPart
2021-11-19T10:24:05,152|[TRACE] graph - -------> nonSkippedChar
2021-11-19T10:24:05,152|[TRACE] script - #out(`N`) [token]
2021-11-19T10:24:05,152|[TRACE] graph - <------- nonSkippedChar
2021-11-19T10:24:05,152|[TRACE] graph - <----- statementPart
2021-11-19T10:24:05,152|[TRACE] graph - -----> statementPart
2021-11-19T10:24:05,152|[TRACE] graph - -------> nonSkippedChar
2021-11-19T10:24:05,152|[TRACE] script - #out(`D`) [token]
2021-11-19T10:24:05,152|[TRACE] graph - <------- nonSkippedChar
2021-11-19T10:24:05,152|[TRACE] graph - <----- statementPart
2021-11-19T10:24:05,152|[TRACE] graph - -----> statementPart
2021-11-19T10:24:05,152|[TRACE] graph - -------> nonSkippedChar
2021-11-19T10:24:05,152|[TRACE] script - #out(`E`) [token]
2021-11-19T10:24:05,152|[TRACE] graph - <------- nonSkippedChar
2021-11-19T10:24:05,152|[TRACE] graph - <----- statementPart
2021-11-19T10:24:05,152|[TRACE] graph - -----> statementPart
2021-11-19T10:24:05,152|[TRACE] graph - -------> nonSkippedChar
2021-11-19T10:24:05,152|[TRACE] script - #out(`X`) [token]
2021-11-19T10:24:05,152|[TRACE] graph - <------- nonSkippedChar
2021-11-19T10:24:05,152|[TRACE] graph - <----- statementPart
2021-11-19T10:24:05,152|[TRACE] graph - -----> statementPart
2021-11-19T10:24:05,152|[TRACE] graph - -------> nonSkippedSpace
2021-11-19T10:24:05,152|[TRACE] script - #out(` `) [token]
2021-11-19T10:24:05,152|[TRACE] graph - <------- nonSkippedSpace
2021-11-19T10:24:05,152|[TRACE] graph - <----- statementPart
2021-11-19T10:24:05,152|[TRACE] graph - -----> statementPart
2021-11-19T10:24:05,152|[TRACE] graph - -------> quotedString
2021-11-19T10:24:05,152|[TRACE] script - #out(``fk_donation_record_person1_idx``) [token]
2021-11-19T10:24:05,152|[TRACE] graph - <------- quotedString
2021-11-19T10:24:05,152|[TRACE] graph - <----- statementPart
2021-11-19T10:24:05,152|[TRACE] graph - -----> statementPart
2021-11-19T10:24:05,152|[TRACE] graph - -------> nonSkippedSpace
2021-11-19T10:24:05,152|[TRACE] script - #out(` `) [token]
2021-11-19T10:24:05,152|[TRACE] graph - <------- nonSkippedSpace
2021-11-19T10:24:05,152|[TRACE] graph - <----- statementPart
2021-11-19T10:24:05,152|[TRACE] graph - -----> statementPart
2021-11-19T10:24:05,152|[TRACE] graph - -------> nonSkippedChar
2021-11-19T10:24:05,152|[TRACE] script - #out(`(`) [token]
2021-11-19T10:24:05,152|[TRACE] graph - <------- nonSkippedChar
2021-11-19T10:24:05,152|[TRACE] graph - <----- statementPart
2021-11-19T10:24:05,152|[TRACE] graph - -----> statementPart
2021-11-19T10:24:05,152|[TRACE] graph - -------> quotedString
2021-11-19T10:24:05,152|[TRACE] script - #out(``person_id``) [token]
2021-11-19T10:24:05,152|[TRACE] graph - <------- quotedString
2021-11-19T10:24:05,152|[TRACE] graph - <----- statementPart
2021-11-19T10:24:05,152|[TRACE] graph - -----> statementPart
2021-11-19T10:24:05,152|[TRACE] graph - -------> nonSkippedSpace
2021-11-19T10:24:05,152|[TRACE] script - #out(` `) [token]
2021-11-19T10:24:05,152|[TRACE] graph - <------- nonSkippedSpace
2021-11-19T10:24:05,152|[TRACE] graph - <----- statementPart
2021-11-19T10:24:05,152|[TRACE] graph - -----> statementPart
2021-11-19T10:24:05,152|[TRACE] graph - -------> nonSkippedChar
2021-11-19T10:24:05,152|[TRACE] script - #out(`A`) [token]
2021-11-19T10:24:05,152|[TRACE] graph - <------- nonSkippedChar
2021-11-19T10:24:05,152|[TRACE] graph - <----- statementPart
2021-11-19T10:24:05,152|[TRACE] graph - -----> statementPart
2021-11-19T10:24:05,152|[TRACE] graph - -------> nonSkippedChar
2021-11-19T10:24:05,152|[TRACE] script - #out(`S`) [token]
2021-11-19T10:24:05,152|[TRACE] graph - <------- nonSkippedChar
2021-11-19T10:24:05,152|[TRACE] graph - <----- statementPart
2021-11-19T10:24:05,152|[TRACE] graph - -----> statementPart
2021-11-19T10:24:05,152|[TRACE] graph - -------> nonSkippedChar
2021-11-19T10:24:05,152|[TRACE] script - #out(`C`) [token]
2021-11-19T10:24:05,263|[TRACE] graph - <------- nonSkippedChar
2021-11-19T10:24:05,263|[TRACE] graph - <----- statementPart
2021-11-19T10:24:05,263|[TRACE] graph - -----> statementPart
2021-11-19T10:24:05,263|[TRACE] graph - -------> nonSkippedChar
2021-11-19T10:24:05,263|[TRACE] script - #out(`)`) [token]
2021-11-19T10:24:05,263|[TRACE] graph - <------- nonSkippedChar
2021-11-19T10:24:05,263|[TRACE] graph - <----- statementPart
2021-11-19T10:24:05,263|[TRACE] graph - -----> statementPart
2021-11-19T10:24:05,263|[TRACE] graph - -------> nonSkippedSpace
2021-11-19T10:24:05,263|[TRACE] script - #out(` `) [token]
2021-11-19T10:24:05,263|[TRACE] graph - <------- nonSkippedSpace
2021-11-19T10:24:05,263|[TRACE] graph - <----- statementPart
2021-11-19T10:24:05,263|[TRACE] graph - -----> statementPart
2021-11-19T10:24:05,263|[TRACE] graph - -------> nonSkippedChar
2021-11-19T10:24:05,263|[TRACE] script - #out(`V`) [token]
2021-11-19T10:24:05,263|[TRACE] graph - <------- nonSkippedChar
2021-11-19T10:24:05,263|[TRACE] graph - <----- statementPart
2021-11-19T10:24:05,263|[TRACE] graph - -----> statementPart
2021-11-19T10:24:05,263|[TRACE] graph - -------> nonSkippedChar
2021-11-19T10:24:05,263|[TRACE] script - #out(`I`) [token]
2021-11-19T10:24:05,263|[TRACE] graph - <------- nonSkippedChar
2021-11-19T10:24:05,263|[TRACE] graph - <----- statementPart
2021-11-19T10:24:05,263|[TRACE] graph - -----> statementPart
2021-11-19T10:24:05,263|[TRACE] graph - -------> nonSkippedChar
2021-11-19T10:24:05,263|[TRACE] script - #out(`S`) [token]
2021-11-19T10:24:05,263|[TRACE] graph - <------- nonSkippedChar
2021-11-19T10:24:05,263|[TRACE] graph - <----- statementPart
2021-11-19T10:24:05,263|[TRACE] graph - -----> statementPart
2021-11-19T10:24:05,263|[TRACE] graph - -------> nonSkippedChar
2021-11-19T10:24:05,263|[TRACE] script - #out(`I`) [token]
2021-11-19T10:24:05,263|[TRACE] graph - <------- nonSkippedChar
2021-11-19T10:24:05,263|[TRACE] graph - <----- statementPart
2021-11-19T10:24:05,263|[TRACE] graph - -----> statementPart
2021-11-19T10:24:05,263|[TRACE] graph - -------> nonSkippedChar
2021-11-19T10:24:05,263|[TRACE] script - #out(`B`) [token]
2021-11-19T10:24:05,263|[TRACE] graph - <------- nonSkippedChar
2021-11-19T10:24:05,263|[TRACE] graph - <----- statementPart
2021-11-19T10:24:05,263|[TRACE] graph - -----> statementPart
2021-11-19T10:24:05,263|[TRACE] graph - -------> nonSkippedChar
2021-11-19T10:24:05,263|[TRACE] script - #out(`L`) [token]
2021-11-19T10:24:05,263|[TRACE] graph - <------- nonSkippedChar
2021-11-19T10:24:05,263|[TRACE] graph - <----- statementPart
2021-11-19T10:24:05,263|[TRACE] graph - -----> statementPart
2021-11-19T10:24:05,263|[TRACE] graph - -------> nonSkippedChar
2021-11-19T10:24:05,263|[TRACE] script - #out(`E`) [token]
2021-11-19T10:24:05,263|[TRACE] graph - <------- nonSkippedChar
2021-11-19T10:24:05,263|[TRACE] graph - <----- statementPart
2021-11-19T10:24:05,263|[TRACE] graph - -----> statementPart
2021-11-19T10:24:05,263|[TRACE] graph - -------> nonSkippedChar
2021-11-19T10:24:05,263|[TRACE] script - #out(`,`) [token]
2021-11-19T10:24:05,263|[TRACE] graph - <------- nonSkippedChar
2021-11-19T10:24:05,263|[TRACE] graph - <----- statementPart
2021-11-19T10:24:05,263|[TRACE] graph - -----> afterStatementPartNewline
2021-11-19T10:24:05,263|[TRACE] script - #out(` `) [text]
2021-11-19T10:24:05,263|[TRACE] graph - <----- afterStatementPartNewline
2021-11-19T10:24:05,263|[TRACE] graph - -----> statementPart
2021-11-19T10:24:05,263|[TRACE] graph - -------> nonSkippedSpace
2021-11-19T10:24:05,263|[TRACE] script - #out(` `) [token]
2021-11-19T10:24:05,263|[TRACE] graph - <------- nonSkippedSpace
2021-11-19T10:24:05,263|[TRACE] graph - <----- statementPart
2021-11-19T10:24:05,263|[TRACE] graph - -----> statementPart
2021-11-19T10:24:05,263|[TRACE] graph - -------> nonSkippedSpace
2021-11-19T10:24:05,263|[TRACE] script - #out(` `) [token]
2021-11-19T10:24:05,263|[TRACE] graph - <------- nonSkippedSpace
2021-11-19T10:24:05,263|[TRACE] graph - <----- statementPart
2021-11-19T10:24:05,263|[TRACE] graph - -----> statementPart
2021-11-19T10:24:05,263|[TRACE] graph - -------> nonSkippedChar
2021-11-19T10:24:05,263|[TRACE] script - #out(`I`) [token]
2021-11-19T10:24:05,263|[TRACE] graph - <------- nonSkippedChar
2021-11-19T10:24:05,263|[TRACE] graph - <----- statementPart
2021-11-19T10:24:05,263|[TRACE] graph - -----> statementPart
2021-11-19T10:24:05,263|[TRACE] graph - -------> nonSkippedChar
2021-11-19T10:24:05,263|[TRACE] script - #out(`N`) [token]
2021-11-19T10:24:05,263|[TRACE] graph - <------- nonSkippedChar
2021-11-19T10:24:05,263|[TRACE] graph - <----- statementPart
2021-11-19T10:24:05,263|[TRACE] graph - -----> statementPart
2021-11-19T10:24:05,263|[TRACE] graph - -------> nonSkippedChar
2021-11-19T10:24:05,263|[TRACE] script - #out(`D`) [token]
2021-11-19T10:24:05,263|[TRACE] graph - <------- nonSkippedChar
2021-11-19T10:24:05,263|[TRACE] graph - <----- statementPart
2021-11-19T10:24:05,263|[TRACE] graph - -----> statementPart
2021-11-19T10:24:05,263|[TRACE] graph - -------> nonSkippedChar
2021-11-19T10:24:05,263|[TRACE] script - #out(`E`) [token]
2021-11-19T10:24:05,263|[TRACE] graph - <------- nonSkippedChar
2021-11-19T10:24:05,263|[TRACE] graph - <----- statementPart
2021-11-19T10:24:05,263|[TRACE] graph - -----> statementPart
2021-11-19T10:24:05,263|[TRACE] graph - -------> nonSkippedChar
2021-11-19T10:24:05,263|[TRACE] script - #out(`X`) [token]
2021-11-19T10:24:05,263|[TRACE] graph - <------- nonSkippedChar
2021-11-19T10:24:05,263|[TRACE] graph - <----- statementPart
2021-11-19T10:24:05,263|[TRACE] graph - -----> statementPart
2021-11-19T10:24:05,263|[TRACE] graph - -------> nonSkippedSpace
2021-11-19T10:24:05,263|[TRACE] script - #out(` `) [token]
2021-11-19T10:24:05,263|[TRACE] graph - <------- nonSkippedSpace
2021-11-19T10:24:05,263|[TRACE] graph - <----- statementPart
2021-11-19T10:24:05,263|[TRACE] graph - -----> statementPart
2021-11-19T10:24:05,263|[TRACE] graph - -------> quotedString
2021-11-19T10:24:05,263|[TRACE] script - #out(``fk_donation_record_blood_donation1_idx``) [token]
2021-11-19T10:24:05,263|[TRACE] graph - <------- quotedString
2021-11-19T10:24:05,263|[TRACE] graph - <----- statementPart
2021-11-19T10:24:05,263|[TRACE] graph - -----> statementPart
2021-11-19T10:24:05,263|[TRACE] graph - -------> nonSkippedSpace
2021-11-19T10:24:05,263|[TRACE] script - #out(` `) [token]
2021-11-19T10:24:05,263|[TRACE] graph - <------- nonSkippedSpace
2021-11-19T10:24:05,263|[TRACE] graph - <----- statementPart
2021-11-19T10:24:05,263|[TRACE] graph - -----> statementPart
2021-11-19T10:24:05,263|[TRACE] graph - -------> nonSkippedChar
2021-11-19T10:24:05,263|[TRACE] script - #out(`(`) [token]
2021-11-19T10:24:05,263|[TRACE] graph - <------- nonSkippedChar
2021-11-19T10:24:05,263|[TRACE] graph - <----- statementPart
2021-11-19T10:24:05,263|[TRACE] graph - -----> statementPart
2021-11-19T10:24:05,263|[TRACE] graph - -------> quotedString
2021-11-19T10:24:05,263|[TRACE] script - #out(``donation_id``) [token]
2021-11-19T10:24:05,263|[TRACE] graph - <------- quotedString
2021-11-19T10:24:05,263|[TRACE] graph - <----- statementPart
2021-11-19T10:24:05,263|[TRACE] graph - -----> statementPart
2021-11-19T10:24:05,263|[TRACE] graph - -------> nonSkippedSpace
2021-11-19T10:24:05,263|[TRACE] script - #out(` `) [token]
2021-11-19T10:24:05,263|[TRACE] graph - <------- nonSkippedSpace
2021-11-19T10:24:05,263|[TRACE] graph - <----- statementPart
2021-11-19T10:24:05,263|[TRACE] graph - -----> statementPart
2021-11-19T10:24:05,263|[TRACE] graph - -------> nonSkippedChar
2021-11-19T10:24:05,263|[TRACE] script - #out(`A`) [token]
2021-11-19T10:24:05,263|[TRACE] graph - <------- nonSkippedChar
2021-11-19T10:24:05,263|[TRACE] graph - <----- statementPart
2021-11-19T10:24:05,263|[TRACE] graph - -----> statementPart
2021-11-19T10:24:05,263|[TRACE] graph - -------> nonSkippedChar
2021-11-19T10:24:05,263|[TRACE] script - #out(`S`) [token]
2021-11-19T10:24:05,263|[TRACE] graph - <------- nonSkippedChar
2021-11-19T10:24:05,263|[TRACE] graph - <----- statementPart
2021-11-19T10:24:05,263|[TRACE] graph - -----> statementPart
2021-11-19T10:24:05,263|[TRACE] graph - -------> nonSkippedChar
2021-11-19T10:24:05,263|[TRACE] script - #out(`C`) [token]
2021-11-19T10:24:05,263|[TRACE] graph - <------- nonSkippedChar
2021-11-19T10:24:05,263|[TRACE] graph - <----- statementPart
2021-11-19T10:24:05,263|[TRACE] graph - -----> statementPart
2021-11-19T10:24:05,263|[TRACE] graph - -------> nonSkippedChar
2021-11-19T10:24:05,263|[TRACE] script - #out(`)`) [token]
2021-11-19T10:24:05,264|[TRACE] graph - <------- nonSkippedChar
2021-11-19T10:24:05,264|[TRACE] graph - <----- statementPart
2021-11-19T10:24:05,264|[TRACE] graph - -----> statementPart
2021-11-19T10:24:05,264|[TRACE] graph - -------> nonSkippedSpace
2021-11-19T10:24:05,264|[TRACE] script - #out(` `) [token]
2021-11-19T10:24:05,264|[TRACE] graph - <------- nonSkippedSpace
2021-11-19T10:24:05,264|[TRACE] graph - <----- statementPart
2021-11-19T10:24:05,264|[TRACE] graph - -----> statementPart
2021-11-19T10:24:05,264|[TRACE] graph - -------> nonSkippedChar
2021-11-19T10:24:05,264|[TRACE] script - #out(`V`) [token]
2021-11-19T10:24:05,264|[TRACE] graph - <------- nonSkippedChar
2021-11-19T10:24:05,264|[TRACE] graph - <----- statementPart
2021-11-19T10:24:05,264|[TRACE] graph - -----> statementPart
2021-11-19T10:24:05,264|[TRACE] graph - -------> nonSkippedChar
2021-11-19T10:24:05,264|[TRACE] script - #out(`I`) [token]
2021-11-19T10:24:05,264|[TRACE] graph - <------- nonSkippedChar
2021-11-19T10:24:05,264|[TRACE] graph - <----- statementPart
2021-11-19T10:24:05,264|[TRACE] graph - -----> statementPart
2021-11-19T10:24:05,264|[TRACE] graph - -------> nonSkippedChar
2021-11-19T10:24:05,264|[TRACE] script - #out(`S`) [token]
2021-11-19T10:24:05,264|[TRACE] graph - <------- nonSkippedChar
2021-11-19T10:24:05,264|[TRACE] graph - <----- statementPart
2021-11-19T10:24:05,264|[TRACE] graph - -----> statementPart
2021-11-19T10:24:05,264|[TRACE] graph - -------> nonSkippedChar
2021-11-19T10:24:05,264|[TRACE] script - #out(`I`) [token]
2021-11-19T10:24:05,264|[TRACE] graph - <------- nonSkippedChar
2021-11-19T10:24:05,264|[TRACE] graph - <----- statementPart
2021-11-19T10:24:05,264|[TRACE] graph - -----> statementPart
2021-11-19T10:24:05,264|[TRACE] graph - -------> nonSkippedChar
2021-11-19T10:24:05,264|[TRACE] script - #out(`B`) [token]
2021-11-19T10:24:05,264|[TRACE] graph - <------- nonSkippedChar
2021-11-19T10:24:05,264|[TRACE] graph - <----- statementPart
2021-11-19T10:24:05,264|[TRACE] graph - -----> statementPart
2021-11-19T10:24:05,264|[TRACE] graph - -------> nonSkippedChar
2021-11-19T10:24:05,264|[TRACE] script - #out(`L`) [token]
2021-11-19T10:24:05,264|[TRACE] graph - <------- nonSkippedChar
2021-11-19T10:24:05,264|[TRACE] graph - <----- statementPart
2021-11-19T10:24:05,264|[TRACE] graph - -----> statementPart
2021-11-19T10:24:05,264|[TRACE] graph - -------> nonSkippedChar
2021-11-19T10:24:05,264|[TRACE] script - #out(`E`) [token]
2021-11-19T10:24:05,264|[TRACE] graph - <------- nonSkippedChar
2021-11-19T10:24:05,264|[TRACE] graph - <----- statementPart
2021-11-19T10:24:05,264|[TRACE] graph - -----> statementPart
2021-11-19T10:24:05,264|[TRACE] graph - -------> nonSkippedChar
2021-11-19T10:24:05,264|[TRACE] script - #out(`,`) [token]
2021-11-19T10:24:05,264|[TRACE] graph - <------- nonSkippedChar
2021-11-19T10:24:05,264|[TRACE] graph - <----- statementPart
2021-11-19T10:24:05,264|[TRACE] graph - -----> afterStatementPartNewline
2021-11-19T10:24:05,264|[TRACE] script - #out(` `) [text]
2021-11-19T10:24:05,264|[TRACE] graph - <----- afterStatementPartNewline
2021-11-19T10:24:05,264|[TRACE] graph - -----> statementPart
2021-11-19T10:24:05,264|[TRACE] graph - -------> nonSkippedSpace
2021-11-19T10:24:05,264|[TRACE] script - #out(` `) [token]
2021-11-19T10:24:05,264|[TRACE] graph - <------- nonSkippedSpace
2021-11-19T10:24:05,264|[TRACE] graph - <----- statementPart
2021-11-19T10:24:05,264|[TRACE] graph - -----> statementPart
2021-11-19T10:24:05,264|[TRACE] graph - -------> nonSkippedSpace
2021-11-19T10:24:05,264|[TRACE] script - #out(` `) [token]
2021-11-19T10:24:05,264|[TRACE] graph - <------- nonSkippedSpace
2021-11-19T10:24:05,264|[TRACE] graph - <----- statementPart
2021-11-19T10:24:05,264|[TRACE] graph - -----> statementPart
2021-11-19T10:24:05,264|[TRACE] graph - -------> nonSkippedChar
2021-11-19T10:24:05,264|[TRACE] script - #out(`U`) [token]
2021-11-19T10:24:05,264|[TRACE] graph - <------- nonSkippedChar
2021-11-19T10:24:05,264|[TRACE] graph - <----- statementPart
2021-11-19T10:24:05,264|[TRACE] graph - -----> statementPart
2021-11-19T10:24:05,264|[TRACE] graph - -------> nonSkippedChar
2021-11-19T10:24:05,264|[TRACE] script - #out(`N`) [token]
2021-11-19T10:24:05,264|[TRACE] graph - <------- nonSkippedChar
2021-11-19T10:24:05,264|[TRACE] graph - <----- statementPart
2021-11-19T10:24:05,264|[TRACE] graph - -----> statementPart
2021-11-19T10:24:05,264|[TRACE] graph - -------> nonSkippedChar
2021-11-19T10:24:05,264|[TRACE] script - #out(`I`) [token]
2021-11-19T10:24:05,264|[TRACE] graph - <------- nonSkippedChar
2021-11-19T10:24:05,264|[TRACE] graph - <----- statementPart
2021-11-19T10:24:05,264|[TRACE] graph - -----> statementPart
2021-11-19T10:24:05,264|[TRACE] graph - -------> nonSkippedChar
2021-11-19T10:24:05,264|[TRACE] script - #out(`Q`) [token]
2021-11-19T10:24:05,264|[TRACE] graph - <------- nonSkippedChar
2021-11-19T10:24:05,264|[TRACE] graph - <----- statementPart
2021-11-19T10:24:05,264|[TRACE] graph - -----> statementPart
2021-11-19T10:24:05,264|[TRACE] graph - -------> nonSkippedChar
2021-11-19T10:24:05,264|[TRACE] script - #out(`U`) [token]
2021-11-19T10:24:05,264|[TRACE] graph - <------- nonSkippedChar
2021-11-19T10:24:05,264|[TRACE] graph - <----- statementPart
2021-11-19T10:24:05,264|[TRACE] graph - -----> statementPart
2021-11-19T10:24:05,264|[TRACE] graph - -------> nonSkippedChar
2021-11-19T10:24:05,264|[TRACE] script - #out(`E`) [token]
2021-11-19T10:24:05,264|[TRACE] graph - <------- nonSkippedChar
2021-11-19T10:24:05,264|[TRACE] graph - <----- statementPart
2021-11-19T10:24:05,264|[TRACE] graph - -----> statementPart
2021-11-19T10:24:05,264|[TRACE] graph - -------> nonSkippedSpace
2021-11-19T10:24:05,264|[TRACE] script - #out(` `) [token]
2021-11-19T10:24:05,264|[TRACE] graph - <------- nonSkippedSpace
2021-11-19T10:24:05,264|[TRACE] graph - <----- statementPart
2021-11-19T10:24:05,264|[TRACE] graph - -----> statementPart
2021-11-19T10:24:05,264|[TRACE] graph - -------> nonSkippedChar
2021-11-19T10:24:05,264|[TRACE] script - #out(`I`) [token]
2021-11-19T10:24:05,264|[TRACE] graph - <------- nonSkippedChar
2021-11-19T10:24:05,264|[TRACE] graph - <----- statementPart
2021-11-19T10:24:05,264|[TRACE] graph - -----> statementPart
2021-11-19T10:24:05,264|[TRACE] graph - -------> nonSkippedChar
2021-11-19T10:24:05,264|[TRACE] script - #out(`N`) [token]
2021-11-19T10:24:05,264|[TRACE] graph - <------- nonSkippedChar
2021-11-19T10:24:05,264|[TRACE] graph - <----- statementPart
2021-11-19T10:24:05,264|[TRACE] graph - -----> statementPart
2021-11-19T10:24:05,264|[TRACE] graph - -------> nonSkippedChar
2021-11-19T10:24:05,264|[TRACE] script - #out(`D`) [token]
2021-11-19T10:24:05,264|[TRACE] graph - <------- nonSkippedChar
2021-11-19T10:24:05,264|[TRACE] graph - <----- statementPart
2021-11-19T10:24:05,264|[TRACE] graph - -----> statementPart
2021-11-19T10:24:05,264|[TRACE] graph - -------> nonSkippedChar
2021-11-19T10:24:05,264|[TRACE] script - #out(`E`) [token]
2021-11-19T10:24:05,264|[TRACE] graph - <------- nonSkippedChar
2021-11-19T10:24:05,264|[TRACE] graph - <----- statementPart
2021-11-19T10:24:05,264|[TRACE] graph - -----> statementPart
2021-11-19T10:24:05,264|[TRACE] graph - -------> nonSkippedChar
2021-11-19T10:24:05,264|[TRACE] script - #out(`X`) [token]
2021-11-19T10:24:05,264|[TRACE] graph - <------- nonSkippedChar
2021-11-19T10:24:05,264|[TRACE] graph - <----- statementPart
2021-11-19T10:24:05,264|[TRACE] graph - -----> statementPart
2021-11-19T10:24:05,264|[TRACE] graph - -------> nonSkippedSpace
2021-11-19T10:24:05,264|[TRACE] script - #out(` `) [token]
2021-11-19T10:24:05,264|[TRACE] graph - <------- nonSkippedSpace
2021-11-19T10:24:05,264|[TRACE] graph - <----- statementPart
2021-11-19T10:24:05,264|[TRACE] graph - -----> statementPart
2021-11-19T10:24:05,264|[TRACE] graph - -------> quotedString
2021-11-19T10:24:05,264|[TRACE] script - #out(``record_id_UNIQUE``) [token]
2021-11-19T10:24:05,264|[TRACE] graph - <------- quotedString
2021-11-19T10:24:05,264|[TRACE] graph - <----- statementPart
2021-11-19T10:24:05,264|[TRACE] graph - -----> statementPart
2021-11-19T10:24:05,264|[TRACE] graph - -------> nonSkippedSpace
2021-11-19T10:24:05,264|[TRACE] script - #out(` `) [token]
2021-11-19T10:24:05,264|[TRACE] graph - <------- nonSkippedSpace
2021-11-19T10:24:05,264|[TRACE] graph - <----- statementPart
2021-11-19T10:24:05,264|[TRACE] graph - -----> statementPart
2021-11-19T10:24:05,264|[TRACE] graph - -------> nonSkippedChar
2021-11-19T10:24:05,264|[TRACE] script - #out(`(`) [token]
2021-11-19T10:24:05,264|[TRACE] graph - <------- nonSkippedChar
2021-11-19T10:24:05,264|[TRACE] graph - <----- statementPart
2021-11-19T10:24:05,264|[TRACE] graph - -----> statementPart
2021-11-19T10:24:05,264|[TRACE] graph - -------> quotedString
2021-11-19T10:24:05,264|[TRACE] script - #out(``record_id``) [token]
2021-11-19T10:24:05,264|[TRACE] graph - <------- quotedString
2021-11-19T10:24:05,264|[TRACE] graph - <----- statementPart
2021-11-19T10:24:05,264|[TRACE] graph - -----> statementPart
2021-11-19T10:24:05,264|[TRACE] graph - -------> nonSkippedSpace
2021-11-19T10:24:05,264|[TRACE] script - #out(` `) [token]
2021-11-19T10:24:05,264|[TRACE] graph - <------- nonSkippedSpace
2021-11-19T10:24:05,264|[TRACE] graph - <----- statementPart
2021-11-19T10:24:05,264|[TRACE] graph - -----> statementPart
2021-11-19T10:24:05,264|[TRACE] graph - -------> nonSkippedChar
2021-11-19T10:24:05,264|[TRACE] script - #out(`A`) [token]
2021-11-19T10:24:05,264|[TRACE] graph - <------- nonSkippedChar
2021-11-19T10:24:05,265|[TRACE] graph - <----- statementPart
2021-11-19T10:24:05,265|[TRACE] graph - -----> statementPart
2021-11-19T10:24:05,265|[TRACE] graph - -------> nonSkippedChar
2021-11-19T10:24:05,265|[TRACE] script - #out(`S`) [token]
2021-11-19T10:24:05,265|[TRACE] graph - <------- nonSkippedChar
2021-11-19T10:24:05,265|[TRACE] graph - <----- statementPart
2021-11-19T10:24:05,265|[TRACE] graph - -----> statementPart
2021-11-19T10:24:05,265|[TRACE] graph - -------> nonSkippedChar
2021-11-19T10:24:05,265|[TRACE] script - #out(`C`) [token]
2021-11-19T10:24:05,265|[TRACE] graph - <------- nonSkippedChar
2021-11-19T10:24:05,265|[TRACE] graph - <----- statementPart
2021-11-19T10:24:05,265|[TRACE] graph - -----> statementPart
2021-11-19T10:24:05,265|[TRACE] graph - -------> nonSkippedChar
2021-11-19T10:24:05,265|[TRACE] script - #out(`)`) [token]
2021-11-19T10:24:05,265|[TRACE] graph - <------- nonSkippedChar
2021-11-19T10:24:05,265|[TRACE] graph - <----- statementPart
2021-11-19T10:24:05,265|[TRACE] graph - -----> statementPart
2021-11-19T10:24:05,265|[TRACE] graph - -------> nonSkippedSpace
2021-11-19T10:24:05,265|[TRACE] script - #out(` `) [token]
2021-11-19T10:24:05,265|[TRACE] graph - <------- nonSkippedSpace
2021-11-19T10:24:05,265|[TRACE] graph - <----- statementPart
2021-11-19T10:24:05,265|[TRACE] graph - -----> statementPart
2021-11-19T10:24:05,265|[TRACE] graph - -------> nonSkippedChar
2021-11-19T10:24:05,265|[TRACE] script - #out(`V`) [token]
2021-11-19T10:24:05,265|[TRACE] graph - <------- nonSkippedChar
2021-11-19T10:24:05,265|[TRACE] graph - <----- statementPart
2021-11-19T10:24:05,265|[TRACE] graph - -----> statementPart
2021-11-19T10:24:05,265|[TRACE] graph - -------> nonSkippedChar
2021-11-19T10:24:05,265|[TRACE] script - #out(`I`) [token]
2021-11-19T10:24:05,265|[TRACE] graph - <------- nonSkippedChar
2021-11-19T10:24:05,265|[TRACE] graph - <----- statementPart
2021-11-19T10:24:05,265|[TRACE] graph - -----> statementPart
2021-11-19T10:24:05,265|[TRACE] graph - -------> nonSkippedChar
2021-11-19T10:24:05,265|[TRACE] script - #out(`S`) [token]
2021-11-19T10:24:05,265|[TRACE] graph - <------- nonSkippedChar
2021-11-19T10:24:05,265|[TRACE] graph - <----- statementPart
2021-11-19T10:24:05,265|[TRACE] graph - -----> statementPart
2021-11-19T10:24:05,265|[TRACE] graph - -------> nonSkippedChar
2021-11-19T10:24:05,265|[TRACE] script - #out(`I`) [token]
2021-11-19T10:24:05,265|[TRACE] graph - <------- nonSkippedChar
2021-11-19T10:24:05,265|[TRACE] graph - <----- statementPart
2021-11-19T10:24:05,265|[TRACE] graph - -----> statementPart
2021-11-19T10:24:05,265|[TRACE] graph - -------> nonSkippedChar
2021-11-19T10:24:05,265|[TRACE] script - #out(`B`) [token]
2021-11-19T10:24:05,265|[TRACE] graph - <------- nonSkippedChar
2021-11-19T10:24:05,265|[TRACE] graph - <----- statementPart
2021-11-19T10:24:05,265|[TRACE] graph - -----> statementPart
2021-11-19T10:24:05,265|[TRACE] graph - -------> nonSkippedChar
2021-11-19T10:24:05,265|[TRACE] script - #out(`L`) [token]
2021-11-19T10:24:05,265|[TRACE] graph - <------- nonSkippedChar
2021-11-19T10:24:05,265|[TRACE] graph - <----- statementPart
2021-11-19T10:24:05,265|[TRACE] graph - -----> statementPart
2021-11-19T10:24:05,265|[TRACE] graph - -------> nonSkippedChar
2021-11-19T10:24:05,265|[TRACE] script - #out(`E`) [token]
2021-11-19T10:24:05,265|[TRACE] graph - <------- nonSkippedChar
2021-11-19T10:24:05,265|[TRACE] graph - <----- statementPart
2021-11-19T10:24:05,265|[TRACE] graph - -----> statementPart
2021-11-19T10:24:05,265|[TRACE] graph - -------> nonSkippedChar
2021-11-19T10:24:05,265|[TRACE] script - #out(`,`) [token]
2021-11-19T10:24:05,265|[TRACE] graph - <------- nonSkippedChar
2021-11-19T10:24:05,265|[TRACE] graph - <----- statementPart
2021-11-19T10:24:05,265|[TRACE] graph - -----> afterStatementPartNewline
2021-11-19T10:24:05,265|[TRACE] script - #out(` `) [text]
2021-11-19T10:24:05,265|[TRACE] graph - <----- afterStatementPartNewline
2021-11-19T10:24:05,265|[TRACE] graph - -----> statementPart
2021-11-19T10:24:05,265|[TRACE] graph - -------> nonSkippedSpace
2021-11-19T10:24:05,265|[TRACE] script - #out(` `) [token]
2021-11-19T10:24:05,265|[TRACE] graph - <------- nonSkippedSpace
2021-11-19T10:24:05,265|[TRACE] graph - <----- statementPart
2021-11-19T10:24:05,265|[TRACE] graph - -----> statementPart
2021-11-19T10:24:05,265|[TRACE] graph - -------> nonSkippedSpace
2021-11-19T10:24:05,265|[TRACE] script - #out(` `) [token]
2021-11-19T10:24:05,265|[TRACE] graph - <------- nonSkippedSpace
2021-11-19T10:24:05,265|[TRACE] graph - <----- statementPart
2021-11-19T10:24:05,265|[TRACE] graph - -----> statementPart
2021-11-19T10:24:05,265|[TRACE] graph - -------> nonSkippedChar
2021-11-19T10:24:05,265|[TRACE] script - #out(`P`) [token]
2021-11-19T10:24:05,265|[TRACE] graph - <------- nonSkippedChar
2021-11-19T10:24:05,265|[TRACE] graph - <----- statementPart
2021-11-19T10:24:05,265|[TRACE] graph - -----> statementPart
2021-11-19T10:24:05,265|[TRACE] graph - -------> nonSkippedChar
2021-11-19T10:24:05,265|[TRACE] script - #out(`R`) [token]
2021-11-19T10:24:05,265|[TRACE] graph - <------- nonSkippedChar
2021-11-19T10:24:05,265|[TRACE] graph - <----- statementPart
2021-11-19T10:24:05,265|[TRACE] graph - -----> statementPart
2021-11-19T10:24:05,265|[TRACE] graph - -------> nonSkippedChar
2021-11-19T10:24:05,265|[TRACE] script - #out(`I`) [token]
2021-11-19T10:24:05,265|[TRACE] graph - <------- nonSkippedChar
2021-11-19T10:24:05,265|[TRACE] graph - <----- statementPart
2021-11-19T10:24:05,265|[TRACE] graph - -----> statementPart
2021-11-19T10:24:05,265|[TRACE] graph - -------> nonSkippedChar
2021-11-19T10:24:05,265|[TRACE] script - #out(`M`) [token]
2021-11-19T10:24:05,265|[TRACE] graph - <------- nonSkippedChar
2021-11-19T10:24:05,265|[TRACE] graph - <----- statementPart
2021-11-19T10:24:05,265|[TRACE] graph - -----> statementPart
2021-11-19T10:24:05,265|[TRACE] graph - -------> nonSkippedChar
2021-11-19T10:24:05,265|[TRACE] script - #out(`A`) [token]
2021-11-19T10:24:05,265|[TRACE] graph - <------- nonSkippedChar
2021-11-19T10:24:05,265|[TRACE] graph - <----- statementPart
2021-11-19T10:24:05,265|[TRACE] graph - -----> statementPart
2021-11-19T10:24:05,265|[TRACE] graph - -------> nonSkippedChar
2021-11-19T10:24:05,265|[TRACE] script - #out(`R`) [token]
2021-11-19T10:24:05,265|[TRACE] graph - <------- nonSkippedChar
2021-11-19T10:24:05,265|[TRACE] graph - <----- statementPart
2021-11-19T10:24:05,265|[TRACE] graph - -----> statementPart
2021-11-19T10:24:05,265|[TRACE] graph - -------> nonSkippedChar
2021-11-19T10:24:05,265|[TRACE] script - #out(`Y`) [token]
2021-11-19T10:24:05,265|[TRACE] graph - <------- nonSkippedChar
2021-11-19T10:24:05,265|[TRACE] graph - <----- statementPart
2021-11-19T10:24:05,265|[TRACE] graph - -----> statementPart
2021-11-19T10:24:05,265|[TRACE] graph - -------> nonSkippedSpace
2021-11-19T10:24:05,265|[TRACE] script - #out(` `) [token]
2021-11-19T10:24:05,265|[TRACE] graph - <------- nonSkippedSpace
2021-11-19T10:24:05,265|[TRACE] graph - <----- statementPart
2021-11-19T10:24:05,265|[TRACE] graph - -----> statementPart
2021-11-19T10:24:05,265|[TRACE] graph - -------> nonSkippedChar
2021-11-19T10:24:05,265|[TRACE] script - #out(`K`) [token]
2021-11-19T10:24:05,265|[TRACE] graph - <------- nonSkippedChar
2021-11-19T10:24:05,265|[TRACE] graph - <----- statementPart
2021-11-19T10:24:05,265|[TRACE] graph - -----> statementPart
2021-11-19T10:24:05,265|[TRACE] graph - -------> nonSkippedChar
2021-11-19T10:24:05,265|[TRACE] script - #out(`E`) [token]
2021-11-19T10:24:05,265|[TRACE] graph - <------- nonSkippedChar
2021-11-19T10:24:05,265|[TRACE] graph - <----- statementPart
2021-11-19T10:24:05,265|[TRACE] graph - -----> statementPart
2021-11-19T10:24:05,265|[TRACE] graph - -------> nonSkippedChar
2021-11-19T10:24:05,265|[TRACE] script - #out(`Y`) [token]
2021-11-19T10:24:05,265|[TRACE] graph - <------- nonSkippedChar
2021-11-19T10:24:05,265|[TRACE] graph - <----- statementPart
2021-11-19T10:24:05,265|[TRACE] graph - -----> statementPart
2021-11-19T10:24:05,265|[TRACE] graph - -------> nonSkippedSpace
2021-11-19T10:24:05,265|[TRACE] script - #out(` `) [token]
2021-11-19T10:24:05,265|[TRACE] graph - <------- nonSkippedSpace
2021-11-19T10:24:05,265|[TRACE] graph - <----- statementPart
2021-11-19T10:24:05,265|[TRACE] graph - -----> statementPart
2021-11-19T10:24:05,265|[TRACE] graph - -------> nonSkippedChar
2021-11-19T10:24:05,265|[TRACE] script - #out(`(`) [token]
2021-11-19T10:24:05,265|[TRACE] graph - <------- nonSkippedChar
2021-11-19T10:24:05,265|[TRACE] graph - <----- statementPart
2021-11-19T10:24:05,265|[TRACE] graph - -----> statementPart
2021-11-19T10:24:05,265|[TRACE] graph - -------> quotedString
2021-11-19T10:24:05,265|[TRACE] script - #out(``record_id``) [token]
2021-11-19T10:24:05,265|[TRACE] graph - <------- quotedString
2021-11-19T10:24:05,265|[TRACE] graph - <----- statementPart
2021-11-19T10:24:05,265|[TRACE] graph - -----> statementPart
2021-11-19T10:24:05,265|[TRACE] graph - -------> nonSkippedChar
2021-11-19T10:24:05,265|[TRACE] script - #out(`)`) [token]
2021-11-19T10:24:05,265|[TRACE] graph - <------- nonSkippedChar
2021-11-19T10:24:05,265|[TRACE] graph - <----- statementPart
2021-11-19T10:24:05,265|[TRACE] graph - -----> statementPart
2021-11-19T10:24:05,265|[TRACE] graph - -------> nonSkippedChar
2021-11-19T10:24:05,265|[TRACE] script - #out(`,`) [token]
2021-11-19T10:24:05,265|[TRACE] graph - <------- nonSkippedChar
2021-11-19T10:24:05,265|[TRACE] graph - <----- statementPart
2021-11-19T10:24:05,265|[TRACE] graph - -----> afterStatementPartNewline
2021-11-19T10:24:05,265|[TRACE] script - #out(` `) [text]
2021-11-19T10:24:05,265|[TRACE] graph - <----- afterStatementPartNewline
2021-11-19T10:24:05,265|[TRACE] graph - -----> statementPart
2021-11-19T10:24:05,265|[TRACE] graph - -------> nonSkippedSpace
2021-11-19T10:24:05,265|[TRACE] script - #out(` `) [token]
2021-11-19T10:24:05,265|[TRACE] graph - <------- nonSkippedSpace
2021-11-19T10:24:05,265|[TRACE] graph - <----- statementPart
2021-11-19T10:24:05,265|[TRACE] graph - -----> statementPart
2021-11-19T10:24:05,265|[TRACE] graph - -------> nonSkippedSpace
2021-11-19T10:24:05,265|[TRACE] script - #out(` `) [token]
2021-11-19T10:24:05,265|[TRACE] graph - <------- nonSkippedSpace
2021-11-19T10:24:05,265|[TRACE] graph - <----- statementPart
2021-11-19T10:24:05,265|[TRACE] graph - -----> statementPart
2021-11-19T10:24:05,265|[TRACE] graph - -------> nonSkippedChar
2021-11-19T10:24:05,265|[TRACE] script - #out(`C`) [token]
2021-11-19T10:24:05,265|[TRACE] graph - <------- nonSkippedChar
2021-11-19T10:24:05,265|[TRACE] graph - <----- statementPart
2021-11-19T10:24:05,368|[TRACE] graph - -----> statementPart
2021-11-19T10:24:05,368|[TRACE] graph - -------> nonSkippedChar
2021-11-19T10:24:05,368|[TRACE] script - #out(`O`) [token]
2021-11-19T10:24:05,368|[TRACE] graph - <------- nonSkippedChar
2021-11-19T10:24:05,368|[TRACE] graph - <----- statementPart
2021-11-19T10:24:05,368|[TRACE] graph - -----> statementPart
2021-11-19T10:24:05,368|[TRACE] graph - -------> nonSkippedChar
2021-11-19T10:24:05,368|[TRACE] script - #out(`N`) [token]
2021-11-19T10:24:05,368|[TRACE] graph - <------- nonSkippedChar
2021-11-19T10:24:05,368|[TRACE] graph - <----- statementPart
2021-11-19T10:24:05,368|[TRACE] graph - -----> statementPart
2021-11-19T10:24:05,368|[TRACE] graph - -------> nonSkippedChar
2021-11-19T10:24:05,368|[TRACE] script - #out(`S`) [token]
2021-11-19T10:24:05,368|[TRACE] graph - <------- nonSkippedChar
2021-11-19T10:24:05,368|[TRACE] graph - <----- statementPart
2021-11-19T10:24:05,368|[TRACE] graph - -----> statementPart
2021-11-19T10:24:05,368|[TRACE] graph - -------> nonSkippedChar
2021-11-19T10:24:05,368|[TRACE] script - #out(`T`) [token]
2021-11-19T10:24:05,368|[TRACE] graph - <------- nonSkippedChar
2021-11-19T10:24:05,368|[TRACE] graph - <----- statementPart
2021-11-19T10:24:05,368|[TRACE] graph - -----> statementPart
2021-11-19T10:24:05,368|[TRACE] graph - -------> nonSkippedChar
2021-11-19T10:24:05,368|[TRACE] script - #out(`R`) [token]
2021-11-19T10:24:05,368|[TRACE] graph - <------- nonSkippedChar
2021-11-19T10:24:05,368|[TRACE] graph - <----- statementPart
2021-11-19T10:24:05,368|[TRACE] graph - -----> statementPart
2021-11-19T10:24:05,368|[TRACE] graph - -------> nonSkippedChar
2021-11-19T10:24:05,368|[TRACE] script - #out(`A`) [token]
2021-11-19T10:24:05,368|[TRACE] graph - <------- nonSkippedChar
2021-11-19T10:24:05,368|[TRACE] graph - <----- statementPart
2021-11-19T10:24:05,368|[TRACE] graph - -----> statementPart
2021-11-19T10:24:05,368|[TRACE] graph - -------> nonSkippedChar
2021-11-19T10:24:05,369|[TRACE] script - #out(`I`) [token]
2021-11-19T10:24:05,369|[TRACE] graph - <------- nonSkippedChar
2021-11-19T10:24:05,369|[TRACE] graph - <----- statementPart
2021-11-19T10:24:05,369|[TRACE] graph - -----> statementPart
2021-11-19T10:24:05,369|[TRACE] graph - -------> nonSkippedChar
2021-11-19T10:24:05,369|[TRACE] script - #out(`N`) [token]
2021-11-19T10:24:05,369|[TRACE] graph - <------- nonSkippedChar
2021-11-19T10:24:05,369|[TRACE] graph - <----- statementPart
2021-11-19T10:24:05,369|[TRACE] graph - -----> statementPart
2021-11-19T10:24:05,369|[TRACE] graph - -------> nonSkippedChar
2021-11-19T10:24:05,369|[TRACE] script - #out(`T`) [token]
2021-11-19T10:24:05,369|[TRACE] graph - <------- nonSkippedChar
2021-11-19T10:24:05,369|[TRACE] graph - <----- statementPart
2021-11-19T10:24:05,369|[TRACE] graph - -----> statementPart
2021-11-19T10:24:05,369|[TRACE] graph - -------> nonSkippedSpace
2021-11-19T10:24:05,369|[TRACE] script - #out(` `) [token]
2021-11-19T10:24:05,369|[TRACE] graph - <------- nonSkippedSpace
2021-11-19T10:24:05,369|[TRACE] graph - <----- statementPart
2021-11-19T10:24:05,369|[TRACE] graph - -----> statementPart
2021-11-19T10:24:05,369|[TRACE] graph - -------> quotedString
2021-11-19T10:24:05,369|[TRACE] script - #out(``fk_donation_record_person1``) [token]
2021-11-19T10:24:05,369|[TRACE] graph - <------- quotedString
2021-11-19T10:24:05,369|[TRACE] graph - <----- statementPart
2021-11-19T10:24:05,369|[TRACE] graph - -----> afterStatementPartNewline
2021-11-19T10:24:05,369|[TRACE] script - #out(` `) [text]
2021-11-19T10:24:05,369|[TRACE] graph - <----- afterStatementPartNewline
2021-11-19T10:24:05,369|[TRACE] graph - -----> statementPart
2021-11-19T10:24:05,369|[TRACE] graph - -------> nonSkippedSpace
2021-11-19T10:24:05,369|[TRACE] script - #out(` `) [token]
2021-11-19T10:24:05,369|[TRACE] graph - <------- nonSkippedSpace
2021-11-19T10:24:05,369|[TRACE] graph - <----- statementPart
2021-11-19T10:24:05,369|[TRACE] graph - -----> statementPart
2021-11-19T10:24:05,369|[TRACE] graph - -------> nonSkippedSpace
2021-11-19T10:24:05,369|[TRACE] script - #out(` `) [token]
2021-11-19T10:24:05,369|[TRACE] graph - <------- nonSkippedSpace
2021-11-19T10:24:05,369|[TRACE] graph - <----- statementPart
2021-11-19T10:24:05,369|[TRACE] graph - -----> statementPart
2021-11-19T10:24:05,369|[TRACE] graph - -------> nonSkippedSpace
2021-11-19T10:24:05,369|[TRACE] script - #out(` `) [token]
2021-11-19T10:24:05,369|[TRACE] graph - <------- nonSkippedSpace
2021-11-19T10:24:05,369|[TRACE] graph - <----- statementPart
2021-11-19T10:24:05,369|[TRACE] graph - -----> statementPart
2021-11-19T10:24:05,369|[TRACE] graph - -------> nonSkippedSpace
2021-11-19T10:24:05,369|[TRACE] script - #out(` `) [token]
2021-11-19T10:24:05,369|[TRACE] graph - <------- nonSkippedSpace
2021-11-19T10:24:05,369|[TRACE] graph - <----- statementPart
2021-11-19T10:24:05,369|[TRACE] graph - -----> statementPart
2021-11-19T10:24:05,369|[TRACE] graph - -------> nonSkippedChar
2021-11-19T10:24:05,369|[TRACE] script - #out(`F`) [token]
2021-11-19T10:24:05,369|[TRACE] graph - <------- nonSkippedChar
2021-11-19T10:24:05,369|[TRACE] graph - <----- statementPart
2021-11-19T10:24:05,369|[TRACE] graph - -----> statementPart
2021-11-19T10:24:05,369|[TRACE] graph - -------> nonSkippedChar
2021-11-19T10:24:05,369|[TRACE] script - #out(`O`) [token]
2021-11-19T10:24:05,369|[TRACE] graph - <------- nonSkippedChar
2021-11-19T10:24:05,369|[TRACE] graph - <----- statementPart
2021-11-19T10:24:05,369|[TRACE] graph - -----> statementPart
2021-11-19T10:24:05,369|[TRACE] graph - -------> nonSkippedChar
2021-11-19T10:24:05,369|[TRACE] script - #out(`R`) [token]
2021-11-19T10:24:05,369|[TRACE] graph - <------- nonSkippedChar
2021-11-19T10:24:05,369|[TRACE] graph - <----- statementPart
2021-11-19T10:24:05,369|[TRACE] graph - -----> statementPart
2021-11-19T10:24:05,369|[TRACE] graph - -------> nonSkippedChar
2021-11-19T10:24:05,369|[TRACE] script - #out(`E`) [token]
2021-11-19T10:24:05,369|[TRACE] graph - <------- nonSkippedChar
2021-11-19T10:24:05,369|[TRACE] graph - <----- statementPart
2021-11-19T10:24:05,369|[TRACE] graph - -----> statementPart
2021-11-19T10:24:05,369|[TRACE] graph - -------> nonSkippedChar
2021-11-19T10:24:05,369|[TRACE] script - #out(`I`) [token]
2021-11-19T10:24:05,369|[TRACE] graph - <------- nonSkippedChar
2021-11-19T10:24:05,369|[TRACE] graph - <----- statementPart
2021-11-19T10:24:05,369|[TRACE] graph - -----> statementPart
2021-11-19T10:24:05,369|[TRACE] graph - -------> nonSkippedChar
2021-11-19T10:24:05,369|[TRACE] script - #out(`G`) [token]
2021-11-19T10:24:05,369|[TRACE] graph - <------- nonSkippedChar
2021-11-19T10:24:05,369|[TRACE] graph - <----- statementPart
2021-11-19T10:24:05,369|[TRACE] graph - -----> statementPart
2021-11-19T10:24:05,369|[TRACE] graph - -------> nonSkippedChar
2021-11-19T10:24:05,369|[TRACE] script - #out(`N`) [token]
2021-11-19T10:24:05,369|[TRACE] graph - <------- nonSkippedChar
2021-11-19T10:24:05,369|[TRACE] graph - <----- statementPart
2021-11-19T10:24:05,369|[TRACE] graph - -----> statementPart
2021-11-19T10:24:05,369|[TRACE] graph - -------> nonSkippedSpace
2021-11-19T10:24:05,369|[TRACE] script - #out(` `) [token]
2021-11-19T10:24:05,369|[TRACE] graph - <------- nonSkippedSpace
2021-11-19T10:24:05,369|[TRACE] graph - <----- statementPart
2021-11-19T10:24:05,369|[TRACE] graph - -----> statementPart
2021-11-19T10:24:05,369|[TRACE] graph - -------> nonSkippedChar
2021-11-19T10:24:05,369|[TRACE] script - #out(`K`) [token]
2021-11-19T10:24:05,369|[TRACE] graph - <------- nonSkippedChar
2021-11-19T10:24:05,369|[TRACE] graph - <----- statementPart
2021-11-19T10:24:05,369|[TRACE] graph - -----> statementPart
2021-11-19T10:24:05,369|[TRACE] graph - -------> nonSkippedChar
2021-11-19T10:24:05,369|[TRACE] script - #out(`E`) [token]
2021-11-19T10:24:05,369|[TRACE] graph - <------- nonSkippedChar
2021-11-19T10:24:05,369|[TRACE] graph - <----- statementPart
2021-11-19T10:24:05,369|[TRACE] graph - -----> statementPart
2021-11-19T10:24:05,369|[TRACE] graph - -------> nonSkippedChar
2021-11-19T10:24:05,369|[TRACE] script - #out(`Y`) [token]
2021-11-19T10:24:05,369|[TRACE] graph - <------- nonSkippedChar
2021-11-19T10:24:05,369|[TRACE] graph - <----- statementPart
2021-11-19T10:24:05,369|[TRACE] graph - -----> statementPart
2021-11-19T10:24:05,369|[TRACE] graph - -------> nonSkippedSpace
2021-11-19T10:24:05,369|[TRACE] script - #out(` `) [token]
2021-11-19T10:24:05,369|[TRACE] graph - <------- nonSkippedSpace
2021-11-19T10:24:05,369|[TRACE] graph - <----- statementPart
2021-11-19T10:24:05,369|[TRACE] graph - -----> statementPart
2021-11-19T10:24:05,369|[TRACE] graph - -------> nonSkippedChar
2021-11-19T10:24:05,369|[TRACE] script - #out(`(`) [token]
2021-11-19T10:24:05,369|[TRACE] graph - <------- nonSkippedChar
2021-11-19T10:24:05,369|[TRACE] graph - <----- statementPart
2021-11-19T10:24:05,369|[TRACE] graph - -----> statementPart
2021-11-19T10:24:05,369|[TRACE] graph - -------> quotedString
2021-11-19T10:24:05,369|[TRACE] script - #out(``person_id``) [token]
2021-11-19T10:24:05,369|[TRACE] graph - <------- quotedString
2021-11-19T10:24:05,369|[TRACE] graph - <----- statementPart
2021-11-19T10:24:05,369|[TRACE] graph - -----> statementPart
2021-11-19T10:24:05,369|[TRACE] graph - -------> nonSkippedChar
2021-11-19T10:24:05,369|[TRACE] script - #out(`)`) [token]
2021-11-19T10:24:05,369|[TRACE] graph - <------- nonSkippedChar
2021-11-19T10:24:05,369|[TRACE] graph - <----- statementPart
2021-11-19T10:24:05,369|[TRACE] graph - -----> afterStatementPartNewline
2021-11-19T10:24:05,369|[TRACE] script - #out(` `) [text]
2021-11-19T10:24:05,369|[TRACE] graph - <----- afterStatementPartNewline
2021-11-19T10:24:05,369|[TRACE] graph - -----> statementPart
2021-11-19T10:24:05,369|[TRACE] graph - -------> nonSkippedSpace
2021-11-19T10:24:05,369|[TRACE] script - #out(` `) [token]
2021-11-19T10:24:05,369|[TRACE] graph - <------- nonSkippedSpace
2021-11-19T10:24:05,369|[TRACE] graph - <----- statementPart
2021-11-19T10:24:05,369|[TRACE] graph - -----> statementPart
2021-11-19T10:24:05,369|[TRACE] graph - -------> nonSkippedSpace
2021-11-19T10:24:05,369|[TRACE] script - #out(` `) [token]
2021-11-19T10:24:05,369|[TRACE] graph - <------- nonSkippedSpace
2021-11-19T10:24:05,369|[TRACE] graph - <----- statementPart
2021-11-19T10:24:05,369|[TRACE] graph - -----> statementPart
2021-11-19T10:24:05,369|[TRACE] graph - -------> nonSkippedSpace
2021-11-19T10:24:05,369|[TRACE] script - #out(` `) [token]
2021-11-19T10:24:05,369|[TRACE] graph - <------- nonSkippedSpace
2021-11-19T10:24:05,369|[TRACE] graph - <----- statementPart
2021-11-19T10:24:05,369|[TRACE] graph - -----> statementPart
2021-11-19T10:24:05,369|[TRACE] graph - -------> nonSkippedSpace
2021-11-19T10:24:05,369|[TRACE] script - #out(` `) [token]
2021-11-19T10:24:05,369|[TRACE] graph - <------- nonSkippedSpace
2021-11-19T10:24:05,369|[TRACE] graph - <----- statementPart
2021-11-19T10:24:05,369|[TRACE] graph - -----> statementPart
2021-11-19T10:24:05,369|[TRACE] graph - -------> nonSkippedChar
2021-11-19T10:24:05,369|[TRACE] script - #out(`R`) [token]
2021-11-19T10:24:05,369|[TRACE] graph - <------- nonSkippedChar
2021-11-19T10:24:05,369|[TRACE] graph - <----- statementPart
2021-11-19T10:24:05,369|[TRACE] graph - -----> statementPart
2021-11-19T10:24:05,369|[TRACE] graph - -------> nonSkippedChar
2021-11-19T10:24:05,369|[TRACE] script - #out(`E`) [token]
2021-11-19T10:24:05,369|[TRACE] graph - <------- nonSkippedChar
2021-11-19T10:24:05,369|[TRACE] graph - <----- statementPart
2021-11-19T10:24:05,369|[TRACE] graph - -----> statementPart
2021-11-19T10:24:05,369|[TRACE] graph - -------> nonSkippedChar
2021-11-19T10:24:05,369|[TRACE] script - #out(`F`) [token]
2021-11-19T10:24:05,369|[TRACE] graph - <------- nonSkippedChar
2021-11-19T10:24:05,369|[TRACE] graph - <----- statementPart
2021-11-19T10:24:05,369|[TRACE] graph - -----> statementPart
2021-11-19T10:24:05,369|[TRACE] graph - -------> nonSkippedChar
2021-11-19T10:24:05,369|[TRACE] script - #out(`E`) [token]
2021-11-19T10:24:05,369|[TRACE] graph - <------- nonSkippedChar
2021-11-19T10:24:05,369|[TRACE] graph - <----- statementPart
2021-11-19T10:24:05,369|[TRACE] graph - -----> statementPart
2021-11-19T10:24:05,369|[TRACE] graph - -------> nonSkippedChar
2021-11-19T10:24:05,369|[TRACE] script - #out(`R`) [token]
2021-11-19T10:24:05,369|[TRACE] graph - <------- nonSkippedChar
2021-11-19T10:24:05,369|[TRACE] graph - <----- statementPart
2021-11-19T10:24:05,369|[TRACE] graph - -----> statementPart
2021-11-19T10:24:05,369|[TRACE] graph - -------> nonSkippedChar
2021-11-19T10:24:05,369|[TRACE] script - #out(`E`) [token]
2021-11-19T10:24:05,369|[TRACE] graph - <------- nonSkippedChar
2021-11-19T10:24:05,369|[TRACE] graph - <----- statementPart
2021-11-19T10:24:05,369|[TRACE] graph - -----> statementPart
2021-11-19T10:24:05,369|[TRACE] graph - -------> nonSkippedChar
2021-11-19T10:24:05,369|[TRACE] script - #out(`N`) [token]
2021-11-19T10:24:05,369|[TRACE] graph - <------- nonSkippedChar
2021-11-19T10:24:05,369|[TRACE] graph - <----- statementPart
2021-11-19T10:24:05,369|[TRACE] graph - -----> statementPart
2021-11-19T10:24:05,369|[TRACE] graph - -------> nonSkippedChar
2021-11-19T10:24:05,369|[TRACE] script - #out(`C`) [token]
2021-11-19T10:24:05,369|[TRACE] graph - <------- nonSkippedChar
2021-11-19T10:24:05,369|[TRACE] graph - <----- statementPart
2021-11-19T10:24:05,369|[TRACE] graph - -----> statementPart
2021-11-19T10:24:05,369|[TRACE] graph - -------> nonSkippedChar
2021-11-19T10:24:05,369|[TRACE] script - #out(`E`) [token]
2021-11-19T10:24:05,369|[TRACE] graph - <------- nonSkippedChar
2021-11-19T10:24:05,369|[TRACE] graph - <----- statementPart
2021-11-19T10:24:05,369|[TRACE] graph - -----> statementPart
2021-11-19T10:24:05,369|[TRACE] graph - -------> nonSkippedChar
2021-11-19T10:24:05,369|[TRACE] script - #out(`S`) [token]
2021-11-19T10:24:05,369|[TRACE] graph - <------- nonSkippedChar
2021-11-19T10:24:05,369|[TRACE] graph - <----- statementPart
2021-11-19T10:24:05,369|[TRACE] graph - -----> statementPart
2021-11-19T10:24:05,369|[TRACE] graph - -------> nonSkippedSpace
2021-11-19T10:24:05,369|[TRACE] script - #out(` `) [token]
2021-11-19T10:24:05,369|[TRACE] graph - <------- nonSkippedSpace
2021-11-19T10:24:05,369|[TRACE] graph - <----- statementPart
2021-11-19T10:24:05,369|[TRACE] graph - -----> statementPart
2021-11-19T10:24:05,369|[TRACE] graph - -------> quotedString
2021-11-19T10:24:05,369|[TRACE] script - #out(``bloodbank``) [token]
2021-11-19T10:24:05,369|[TRACE] graph - <------- quotedString
2021-11-19T10:24:05,369|[TRACE] graph - <----- statementPart
2021-11-19T10:24:05,369|[TRACE] graph - -----> statementPart
2021-11-19T10:24:05,369|[TRACE] graph - -------> nonSkippedChar
2021-11-19T10:24:05,369|[TRACE] script - #out(`.`) [token]
2021-11-19T10:24:05,369|[TRACE] graph - <------- nonSkippedChar
2021-11-19T10:24:05,369|[TRACE] graph - <----- statementPart
2021-11-19T10:24:05,369|[TRACE] graph - -----> statementPart
2021-11-19T10:24:05,369|[TRACE] graph - -------> quotedString
2021-11-19T10:24:05,369|[TRACE] script - #out(``person``) [token]
2021-11-19T10:24:05,369|[TRACE] graph - <------- quotedString
2021-11-19T10:24:05,369|[TRACE] graph - <----- statementPart
2021-11-19T10:24:05,369|[TRACE] graph - -----> statementPart
2021-11-19T10:24:05,369|[TRACE] graph - -------> nonSkippedSpace
2021-11-19T10:24:05,369|[TRACE] script - #out(` `) [token]
2021-11-19T10:24:05,369|[TRACE] graph - <------- nonSkippedSpace
2021-11-19T10:24:05,369|[TRACE] graph - <----- statementPart
2021-11-19T10:24:05,369|[TRACE] graph - -----> statementPart
2021-11-19T10:24:05,369|[TRACE] graph - -------> nonSkippedChar
2021-11-19T10:24:05,369|[TRACE] script - #out(`(`) [token]
2021-11-19T10:24:05,369|[TRACE] graph - <------- nonSkippedChar
2021-11-19T10:24:05,369|[TRACE] graph - <----- statementPart
2021-11-19T10:24:05,369|[TRACE] graph - -----> statementPart
2021-11-19T10:24:05,369|[TRACE] graph - -------> quotedString
2021-11-19T10:24:05,369|[TRACE] script - #out(``id``) [token]
2021-11-19T10:24:05,369|[TRACE] graph - <------- quotedString
2021-11-19T10:24:05,369|[TRACE] graph - <----- statementPart
2021-11-19T10:24:05,369|[TRACE] graph - -----> statementPart
2021-11-19T10:24:05,369|[TRACE] graph - -------> nonSkippedChar
2021-11-19T10:24:05,369|[TRACE] script - #out(`)`) [token]
2021-11-19T10:24:05,369|[TRACE] graph - <------- nonSkippedChar
2021-11-19T10:24:05,369|[TRACE] graph - <----- statementPart
2021-11-19T10:24:05,369|[TRACE] graph - -----> afterStatementPartNewline
2021-11-19T10:24:05,369|[TRACE] script - #out(` `) [text]
2021-11-19T10:24:05,369|[TRACE] graph - <----- afterStatementPartNewline
2021-11-19T10:24:05,369|[TRACE] graph - -----> statementPart
2021-11-19T10:24:05,369|[TRACE] graph - -------> nonSkippedSpace
2021-11-19T10:24:05,369|[TRACE] script - #out(` `) [token]
2021-11-19T10:24:05,369|[TRACE] graph - <------- nonSkippedSpace
2021-11-19T10:24:05,369|[TRACE] graph - <----- statementPart
2021-11-19T10:24:05,369|[TRACE] graph - -----> statementPart
2021-11-19T10:24:05,369|[TRACE] graph - -------> nonSkippedSpace
2021-11-19T10:24:05,369|[TRACE] script - #out(` `) [token]
2021-11-19T10:24:05,369|[TRACE] graph - <------- nonSkippedSpace
2021-11-19T10:24:05,369|[TRACE] graph - <----- statementPart
2021-11-19T10:24:05,369|[TRACE] graph - -----> statementPart
2021-11-19T10:24:05,369|[TRACE] graph - -------> nonSkippedSpace
2021-11-19T10:24:05,369|[TRACE] script - #out(` `) [token]
2021-11-19T10:24:05,369|[TRACE] graph - <------- nonSkippedSpace
2021-11-19T10:24:05,369|[TRACE] graph - <----- statementPart
2021-11-19T10:24:05,369|[TRACE] graph - -----> statementPart
2021-11-19T10:24:05,369|[TRACE] graph - -------> nonSkippedSpace
2021-11-19T10:24:05,369|[TRACE] script - #out(` `) [token]
2021-11-19T10:24:05,369|[TRACE] graph - <------- nonSkippedSpace
2021-11-19T10:24:05,369|[TRACE] graph - <----- statementPart
2021-11-19T10:24:05,369|[TRACE] graph - -----> statementPart
2021-11-19T10:24:05,369|[TRACE] graph - -------> nonSkippedChar
2021-11-19T10:24:05,369|[TRACE] script - #out(`O`) [token]
2021-11-19T10:24:05,369|[TRACE] graph - <------- nonSkippedChar
2021-11-19T10:24:05,369|[TRACE] graph - <----- statementPart
2021-11-19T10:24:05,369|[TRACE] graph - -----> statementPart
2021-11-19T10:24:05,369|[TRACE] graph - -------> nonSkippedChar
2021-11-19T10:24:05,369|[TRACE] script - #out(`N`) [token]
2021-11-19T10:24:05,369|[TRACE] graph - <------- nonSkippedChar
2021-11-19T10:24:05,369|[TRACE] graph - <----- statementPart
2021-11-19T10:24:05,369|[TRACE] graph - -----> statementPart
2021-11-19T10:24:05,369|[TRACE] graph - -------> nonSkippedSpace
2021-11-19T10:24:05,369|[TRACE] script - #out(` `) [token]
2021-11-19T10:24:05,369|[TRACE] graph - <------- nonSkippedSpace
2021-11-19T10:24:05,369|[TRACE] graph - <----- statementPart
2021-11-19T10:24:05,369|[TRACE] graph - -----> statementPart
2021-11-19T10:24:05,369|[TRACE] graph - -------> nonSkippedChar
2021-11-19T10:24:05,369|[TRACE] script - #out(`D`) [token]
2021-11-19T10:24:05,369|[TRACE] graph - <------- nonSkippedChar
2021-11-19T10:24:05,369|[TRACE] graph - <----- statementPart
2021-11-19T10:24:05,369|[TRACE] graph - -----> statementPart
2021-11-19T10:24:05,369|[TRACE] graph - -------> nonSkippedChar
2021-11-19T10:24:05,369|[TRACE] script - #out(`E`) [token]
2021-11-19T10:24:05,369|[TRACE] graph - <------- nonSkippedChar
2021-11-19T10:24:05,369|[TRACE] graph - <----- statementPart
2021-11-19T10:24:05,369|[TRACE] graph - -----> statementPart
2021-11-19T10:24:05,369|[TRACE] graph - -------> nonSkippedChar
2021-11-19T10:24:05,369|[TRACE] script - #out(`L`) [token]
2021-11-19T10:24:05,369|[TRACE] graph - <------- nonSkippedChar
2021-11-19T10:24:05,369|[TRACE] graph - <----- statementPart
2021-11-19T10:24:05,369|[TRACE] graph - -----> statementPart
2021-11-19T10:24:05,369|[TRACE] graph - -------> nonSkippedChar
2021-11-19T10:24:05,369|[TRACE] script - #out(`E`) [token]
2021-11-19T10:24:05,369|[TRACE] graph - <------- nonSkippedChar
2021-11-19T10:24:05,369|[TRACE] graph - <----- statementPart
2021-11-19T10:24:05,369|[TRACE] graph - -----> statementPart
2021-11-19T10:24:05,369|[TRACE] graph - -------> nonSkippedChar
2021-11-19T10:24:05,369|[TRACE] script - #out(`T`) [token]
2021-11-19T10:24:05,369|[TRACE] graph - <------- nonSkippedChar
2021-11-19T10:24:05,369|[TRACE] graph - <----- statementPart
2021-11-19T10:24:05,369|[TRACE] graph - -----> statementPart
2021-11-19T10:24:05,369|[TRACE] graph - -------> nonSkippedChar
2021-11-19T10:24:05,370|[TRACE] script - #out(`E`) [token]
2021-11-19T10:24:05,370|[TRACE] graph - <------- nonSkippedChar
2021-11-19T10:24:05,370|[TRACE] graph - <----- statementPart
2021-11-19T10:24:05,370|[TRACE] graph - -----> statementPart
2021-11-19T10:24:05,370|[TRACE] graph - -------> nonSkippedSpace
2021-11-19T10:24:05,370|[TRACE] script - #out(` `) [token]
2021-11-19T10:24:05,370|[TRACE] graph - <------- nonSkippedSpace
2021-11-19T10:24:05,370|[TRACE] graph - <----- statementPart
2021-11-19T10:24:05,370|[TRACE] graph - -----> statementPart
2021-11-19T10:24:05,370|[TRACE] graph - -------> nonSkippedChar
2021-11-19T10:24:05,370|[TRACE] script - #out(`N`) [token]
2021-11-19T10:24:05,370|[TRACE] graph - <------- nonSkippedChar
2021-11-19T10:24:05,370|[TRACE] graph - <----- statementPart
2021-11-19T10:24:05,370|[TRACE] graph - -----> statementPart
2021-11-19T10:24:05,370|[TRACE] graph - -------> nonSkippedChar
2021-11-19T10:24:05,370|[TRACE] script - #out(`O`) [token]
2021-11-19T10:24:05,370|[TRACE] graph - <------- nonSkippedChar
2021-11-19T10:24:05,370|[TRACE] graph - <----- statementPart
2021-11-19T10:24:05,370|[TRACE] graph - -----> statementPart
2021-11-19T10:24:05,370|[TRACE] graph - -------> nonSkippedSpace
2021-11-19T10:24:05,370|[TRACE] script - #out(` `) [token]
2021-11-19T10:24:05,370|[TRACE] graph - <------- nonSkippedSpace
2021-11-19T10:24:05,370|[TRACE] graph - <----- statementPart
2021-11-19T10:24:05,370|[TRACE] graph - -----> statementPart
2021-11-19T10:24:05,370|[TRACE] graph - -------> nonSkippedChar
2021-11-19T10:24:05,370|[TRACE] script - #out(`A`) [token]
2021-11-19T10:24:05,370|[TRACE] graph - <------- nonSkippedChar
2021-11-19T10:24:05,370|[TRACE] graph - <----- statementPart
2021-11-19T10:24:05,370|[TRACE] graph - -----> statementPart
2021-11-19T10:24:05,370|[TRACE] graph - -------> nonSkippedChar
2021-11-19T10:24:05,370|[TRACE] script - #out(`C`) [token]
2021-11-19T10:24:05,370|[TRACE] graph - <------- nonSkippedChar
2021-11-19T10:24:05,370|[TRACE] graph - <----- statementPart
2021-11-19T10:24:05,370|[TRACE] graph - -----> statementPart
2021-11-19T10:24:05,370|[TRACE] graph - -------> nonSkippedChar
2021-11-19T10:24:05,370|[TRACE] script - #out(`T`) [token]
2021-11-19T10:24:05,370|[TRACE] graph - <------- nonSkippedChar
2021-11-19T10:24:05,370|[TRACE] graph - <----- statementPart
2021-11-19T10:24:05,370|[TRACE] graph - -----> statementPart
2021-11-19T10:24:05,370|[TRACE] graph - -------> nonSkippedChar
2021-11-19T10:24:05,370|[TRACE] script - #out(`I`) [token]
2021-11-19T10:24:05,370|[TRACE] graph - <------- nonSkippedChar
2021-11-19T10:24:05,370|[TRACE] graph - <----- statementPart
2021-11-19T10:24:05,370|[TRACE] graph - -----> statementPart
2021-11-19T10:24:05,370|[TRACE] graph - -------> nonSkippedChar
2021-11-19T10:24:05,370|[TRACE] script - #out(`O`) [token]
2021-11-19T10:24:05,370|[TRACE] graph - <------- nonSkippedChar
2021-11-19T10:24:05,370|[TRACE] graph - <----- statementPart
2021-11-19T10:24:05,370|[TRACE] graph - -----> statementPart
2021-11-19T10:24:05,370|[TRACE] graph - -------> nonSkippedChar
2021-11-19T10:24:05,370|[TRACE] script - #out(`N`) [token]
2021-11-19T10:24:05,370|[TRACE] graph - <------- nonSkippedChar
2021-11-19T10:24:05,370|[TRACE] graph - <----- statementPart
2021-11-19T10:24:05,370|[TRACE] graph - -----> afterStatementPartNewline
2021-11-19T10:24:05,370|[TRACE] script - #out(` `) [text]
2021-11-19T10:24:05,370|[TRACE] graph - <----- afterStatementPartNewline
2021-11-19T10:24:05,370|[TRACE] graph - -----> statementPart
2021-11-19T10:24:05,370|[TRACE] graph - -------> nonSkippedSpace
2021-11-19T10:24:05,370|[TRACE] script - #out(` `) [token]
2021-11-19T10:24:05,370|[TRACE] graph - <------- nonSkippedSpace
2021-11-19T10:24:05,370|[TRACE] graph - <----- statementPart
2021-11-19T10:24:05,370|[TRACE] graph - -----> statementPart
2021-11-19T10:24:05,370|[TRACE] graph - -------> nonSkippedSpace
2021-11-19T10:24:05,370|[TRACE] script - #out(` `) [token]
2021-11-19T10:24:05,370|[TRACE] graph - <------- nonSkippedSpace
2021-11-19T10:24:05,370|[TRACE] graph - <----- statementPart
2021-11-19T10:24:05,370|[TRACE] graph - -----> statementPart
2021-11-19T10:24:05,370|[TRACE] graph - -------> nonSkippedSpace
2021-11-19T10:24:05,370|[TRACE] script - #out(` `) [token]
2021-11-19T10:24:05,370|[TRACE] graph - <------- nonSkippedSpace
2021-11-19T10:24:05,370|[TRACE] graph - <----- statementPart
2021-11-19T10:24:05,370|[TRACE] graph - -----> statementPart
2021-11-19T10:24:05,370|[TRACE] graph - -------> nonSkippedSpace
2021-11-19T10:24:05,370|[TRACE] script - #out(` `) [token]
2021-11-19T10:24:05,370|[TRACE] graph - <------- nonSkippedSpace
2021-11-19T10:24:05,370|[TRACE] graph - <----- statementPart
2021-11-19T10:24:05,370|[TRACE] graph - -----> statementPart
2021-11-19T10:24:05,370|[TRACE] graph - -------> nonSkippedChar
2021-11-19T10:24:05,370|[TRACE] script - #out(`O`) [token]
2021-11-19T10:24:05,370|[TRACE] graph - <------- nonSkippedChar
2021-11-19T10:24:05,370|[TRACE] graph - <----- statementPart
2021-11-19T10:24:05,370|[TRACE] graph - -----> statementPart
2021-11-19T10:24:05,370|[TRACE] graph - -------> nonSkippedChar
2021-11-19T10:24:05,370|[TRACE] script - #out(`N`) [token]
2021-11-19T10:24:05,370|[TRACE] graph - <------- nonSkippedChar
2021-11-19T10:24:05,370|[TRACE] graph - <----- statementPart
2021-11-19T10:24:05,370|[TRACE] graph - -----> statementPart
2021-11-19T10:24:05,370|[TRACE] graph - -------> nonSkippedSpace
2021-11-19T10:24:05,370|[TRACE] script - #out(` `) [token]
2021-11-19T10:24:05,370|[TRACE] graph - <------- nonSkippedSpace
2021-11-19T10:24:05,370|[TRACE] graph - <----- statementPart
2021-11-19T10:24:05,370|[TRACE] graph - -----> statementPart
2021-11-19T10:24:05,370|[TRACE] graph - -------> nonSkippedChar
2021-11-19T10:24:05,370|[TRACE] script - #out(`U`) [token]
2021-11-19T10:24:05,370|[TRACE] graph - <------- nonSkippedChar
2021-11-19T10:24:05,370|[TRACE] graph - <----- statementPart
2021-11-19T10:24:05,370|[TRACE] graph - -----> statementPart
2021-11-19T10:24:05,370|[TRACE] graph - -------> nonSkippedChar
2021-11-19T10:24:05,370|[TRACE] script - #out(`P`) [token]
2021-11-19T10:24:05,370|[TRACE] graph - <------- nonSkippedChar
2021-11-19T10:24:05,370|[TRACE] graph - <----- statementPart
2021-11-19T10:24:05,370|[TRACE] graph - -----> statementPart
2021-11-19T10:24:05,370|[TRACE] graph - -------> nonSkippedChar
2021-11-19T10:24:05,370|[TRACE] script - #out(`D`) [token]
2021-11-19T10:24:05,370|[TRACE] graph - <------- nonSkippedChar
2021-11-19T10:24:05,370|[TRACE] graph - <----- statementPart
2021-11-19T10:24:05,370|[TRACE] graph - -----> statementPart
2021-11-19T10:24:05,370|[TRACE] graph - -------> nonSkippedChar
2021-11-19T10:24:05,370|[TRACE] script - #out(`A`) [token]
2021-11-19T10:24:05,370|[TRACE] graph - <------- nonSkippedChar
2021-11-19T10:24:05,370|[TRACE] graph - <----- statementPart
2021-11-19T10:24:05,370|[TRACE] graph - -----> statementPart
2021-11-19T10:24:05,370|[TRACE] graph - -------> nonSkippedChar
2021-11-19T10:24:05,370|[TRACE] script - #out(`T`) [token]
2021-11-19T10:24:05,370|[TRACE] graph - <------- nonSkippedChar
2021-11-19T10:24:05,370|[TRACE] graph - <----- statementPart
2021-11-19T10:24:05,370|[TRACE] graph - -----> statementPart
2021-11-19T10:24:05,370|[TRACE] graph - -------> nonSkippedChar
2021-11-19T10:24:05,370|[TRACE] script - #out(`E`) [token]
2021-11-19T10:24:05,370|[TRACE] graph - <------- nonSkippedChar
2021-11-19T10:24:05,370|[TRACE] graph - <----- statementPart
2021-11-19T10:24:05,370|[TRACE] graph - -----> statementPart
2021-11-19T10:24:05,370|[TRACE] graph - -------> nonSkippedSpace
2021-11-19T10:24:05,370|[TRACE] script - #out(` `) [token]
2021-11-19T10:24:05,370|[TRACE] graph - <------- nonSkippedSpace
2021-11-19T10:24:05,370|[TRACE] graph - <----- statementPart
2021-11-19T10:24:05,370|[TRACE] graph - -----> statementPart
2021-11-19T10:24:05,370|[TRACE] graph - -------> nonSkippedChar
2021-11-19T10:24:05,370|[TRACE] script - #out(`N`) [token]
2021-11-19T10:24:05,370|[TRACE] graph - <------- nonSkippedChar
2021-11-19T10:24:05,370|[TRACE] graph - <----- statementPart
2021-11-19T10:24:05,370|[TRACE] graph - -----> statementPart
2021-11-19T10:24:05,370|[TRACE] graph - -------> nonSkippedChar
2021-11-19T10:24:05,538|[TRACE] script - #out(`O`) [token]
2021-11-19T10:24:05,539|[TRACE] graph - <------- nonSkippedChar
2021-11-19T10:24:05,539|[TRACE] graph - <----- statementPart
2021-11-19T10:24:05,539|[TRACE] graph - -----> statementPart
2021-11-19T10:24:05,539|[TRACE] graph - -------> nonSkippedSpace
2021-11-19T10:24:05,539|[TRACE] script - #out(` `) [token]
2021-11-19T10:24:05,539|[TRACE] graph - <------- nonSkippedSpace
2021-11-19T10:24:05,539|[TRACE] graph - <----- statementPart
2021-11-19T10:24:05,539|[TRACE] graph - -----> statementPart
2021-11-19T10:24:05,539|[TRACE] graph - -------> nonSkippedChar
2021-11-19T10:24:05,539|[TRACE] script - #out(`A`) [token]
2021-11-19T10:24:05,539|[TRACE] graph - <------- nonSkippedChar
2021-11-19T10:24:05,539|[TRACE] graph - <----- statementPart
2021-11-19T10:24:05,539|[TRACE] graph - -----> statementPart
2021-11-19T10:24:05,539|[TRACE] graph - -------> nonSkippedChar
2021-11-19T10:24:05,539|[TRACE] script - #out(`C`) [token]
2021-11-19T10:24:05,539|[TRACE] graph - <------- nonSkippedChar
2021-11-19T10:24:05,539|[TRACE] graph - <----- statementPart
2021-11-19T10:24:05,539|[TRACE] graph - -----> statementPart
2021-11-19T10:24:05,539|[TRACE] graph - -------> nonSkippedChar
2021-11-19T10:24:05,539|[TRACE] script - #out(`T`) [token]
2021-11-19T10:24:05,539|[TRACE] graph - <------- nonSkippedChar
2021-11-19T10:24:05,539|[TRACE] graph - <----- statementPart
2021-11-19T10:24:05,539|[TRACE] graph - -----> statementPart
2021-11-19T10:24:05,539|[TRACE] graph - -------> nonSkippedChar
2021-11-19T10:24:05,539|[TRACE] script - #out(`I`) [token]
2021-11-19T10:24:05,539|[TRACE] graph - <------- nonSkippedChar
2021-11-19T10:24:05,539|[TRACE] graph - <----- statementPart
2021-11-19T10:24:05,539|[TRACE] graph - -----> statementPart
2021-11-19T10:24:05,539|[TRACE] graph - -------> nonSkippedChar
2021-11-19T10:24:05,539|[TRACE] script - #out(`O`) [token]
2021-11-19T10:24:05,539|[TRACE] graph - <------- nonSkippedChar
2021-11-19T10:24:05,539|[TRACE] graph - <----- statementPart
2021-11-19T10:24:05,539|[TRACE] graph - -----> statementPart
2021-11-19T10:24:05,539|[TRACE] graph - -------> nonSkippedChar
2021-11-19T10:24:05,539|[TRACE] script - #out(`N`) [token]
2021-11-19T10:24:05,539|[TRACE] graph - <------- nonSkippedChar
2021-11-19T10:24:05,539|[TRACE] graph - <----- statementPart
2021-11-19T10:24:05,539|[TRACE] graph - -----> statementPart
2021-11-19T10:24:05,539|[TRACE] graph - -------> nonSkippedChar
2021-11-19T10:24:05,539|[TRACE] script - #out(`,`) [token]
2021-11-19T10:24:05,539|[TRACE] graph - <------- nonSkippedChar
2021-11-19T10:24:05,539|[TRACE] graph - <----- statementPart
2021-11-19T10:24:05,539|[TRACE] graph - -----> afterStatementPartNewline
2021-11-19T10:24:05,539|[TRACE] script - #out(` `) [text]
2021-11-19T10:24:05,539|[TRACE] graph - <----- afterStatementPartNewline
2021-11-19T10:24:05,539|[TRACE] graph - -----> statementPart
2021-11-19T10:24:05,539|[TRACE] graph - -------> nonSkippedSpace
2021-11-19T10:24:05,539|[TRACE] script - #out(` `) [token]
2021-11-19T10:24:05,539|[TRACE] graph - <------- nonSkippedSpace
2021-11-19T10:24:05,539|[TRACE] graph - <----- statementPart
2021-11-19T10:24:05,539|[TRACE] graph - -----> statementPart
2021-11-19T10:24:05,539|[TRACE] graph - -------> nonSkippedSpace
2021-11-19T10:24:05,539|[TRACE] script - #out(` `) [token]
2021-11-19T10:24:05,539|[TRACE] graph - <------- nonSkippedSpace
2021-11-19T10:24:05,539|[TRACE] graph - <----- statementPart
2021-11-19T10:24:05,539|[TRACE] graph - -----> statementPart
2021-11-19T10:24:05,539|[TRACE] graph - -------> nonSkippedChar
2021-11-19T10:24:05,539|[TRACE] script - #out(`C`) [token]
2021-11-19T10:24:05,539|[TRACE] graph - <------- nonSkippedChar
2021-11-19T10:24:05,539|[TRACE] graph - <----- statementPart
2021-11-19T10:24:05,539|[TRACE] graph - -----> statementPart
2021-11-19T10:24:05,539|[TRACE] graph - -------> nonSkippedChar
2021-11-19T10:24:05,539|[TRACE] script - #out(`O`) [token]
2021-11-19T10:24:05,539|[TRACE] graph - <------- nonSkippedChar
2021-11-19T10:24:05,539|[TRACE] graph - <----- statementPart
2021-11-19T10:24:05,539|[TRACE] graph - -----> statementPart
2021-11-19T10:24:05,539|[TRACE] graph - -------> nonSkippedChar
2021-11-19T10:24:05,539|[TRACE] script - #out(`N`) [token]
2021-11-19T10:24:05,539|[TRACE] graph - <------- nonSkippedChar
2021-11-19T10:24:05,539|[TRACE] graph - <----- statementPart
2021-11-19T10:24:05,539|[TRACE] graph - -----> statementPart
2021-11-19T10:24:05,539|[TRACE] graph - -------> nonSkippedChar
2021-11-19T10:24:05,539|[TRACE] script - #out(`S`) [token]
2021-11-19T10:24:05,539|[TRACE] graph - <------- nonSkippedChar
2021-11-19T10:24:05,539|[TRACE] graph - <----- statementPart
2021-11-19T10:24:05,539|[TRACE] graph - -----> statementPart
2021-11-19T10:24:05,539|[TRACE] graph - -------> nonSkippedChar
2021-11-19T10:24:05,539|[TRACE] script - #out(`T`) [token]
2021-11-19T10:24:05,539|[TRACE] graph - <------- nonSkippedChar
2021-11-19T10:24:05,539|[TRACE] graph - <----- statementPart
2021-11-19T10:24:05,539|[TRACE] graph - -----> statementPart
2021-11-19T10:24:05,539|[TRACE] graph - -------> nonSkippedChar
2021-11-19T10:24:05,539|[TRACE] script - #out(`R`) [token]
2021-11-19T10:24:05,539|[TRACE] graph - <------- nonSkippedChar
2021-11-19T10:24:05,539|[TRACE] graph - <----- statementPart
2021-11-19T10:24:05,539|[TRACE] graph - -----> statementPart
2021-11-19T10:24:05,539|[TRACE] graph - -------> nonSkippedChar
2021-11-19T10:24:05,539|[TRACE] script - #out(`A`) [token]
2021-11-19T10:24:05,539|[TRACE] graph - <------- nonSkippedChar
2021-11-19T10:24:05,539|[TRACE] graph - <----- statementPart
2021-11-19T10:24:05,539|[TRACE] graph - -----> statementPart
2021-11-19T10:24:05,539|[TRACE] graph - -------> nonSkippedChar
2021-11-19T10:24:05,539|[TRACE] script - #out(`I`) [token]
2021-11-19T10:24:05,539|[TRACE] graph - <------- nonSkippedChar
2021-11-19T10:24:05,539|[TRACE] graph - <----- statementPart
2021-11-19T10:24:05,539|[TRACE] graph - -----> statementPart
2021-11-19T10:24:05,539|[TRACE] graph - -------> nonSkippedChar
2021-11-19T10:24:05,539|[TRACE] script - #out(`N`) [token]
2021-11-19T10:24:05,539|[TRACE] graph - <------- nonSkippedChar
2021-11-19T10:24:05,539|[TRACE] graph - <----- statementPart
2021-11-19T10:24:05,539|[TRACE] graph - -----> statementPart
2021-11-19T10:24:05,539|[TRACE] graph - -------> nonSkippedChar
2021-11-19T10:24:05,539|[TRACE] script - #out(`T`) [token]
2021-11-19T10:24:05,539|[TRACE] graph - <------- nonSkippedChar
2021-11-19T10:24:05,539|[TRACE] graph - <----- statementPart
2021-11-19T10:24:05,539|[TRACE] graph - -----> statementPart
2021-11-19T10:24:05,539|[TRACE] graph - -------> nonSkippedSpace
2021-11-19T10:24:05,539|[TRACE] script - #out(` `) [token]
2021-11-19T10:24:05,539|[TRACE] graph - <------- nonSkippedSpace
2021-11-19T10:24:05,539|[TRACE] graph - <----- statementPart
2021-11-19T10:24:05,539|[TRACE] graph - -----> statementPart
2021-11-19T10:24:05,539|[TRACE] graph - -------> quotedString
2021-11-19T10:24:05,539|[TRACE] script - #out(``fk_donation_record_blood_donation1``) [token]
2021-11-19T10:24:05,539|[TRACE] graph - <------- quotedString
2021-11-19T10:24:05,539|[TRACE] graph - <----- statementPart
2021-11-19T10:24:05,539|[TRACE] graph - -----> afterStatementPartNewline
2021-11-19T10:24:05,539|[TRACE] script - #out(` `) [text]
2021-11-19T10:24:05,539|[TRACE] graph - <----- afterStatementPartNewline
2021-11-19T10:24:05,539|[TRACE] graph - -----> statementPart
2021-11-19T10:24:05,539|[TRACE] graph - -------> nonSkippedSpace
2021-11-19T10:24:05,539|[TRACE] script - #out(` `) [token]
2021-11-19T10:24:05,539|[TRACE] graph - <------- nonSkippedSpace
2021-11-19T10:24:05,539|[TRACE] graph - <----- statementPart
2021-11-19T10:24:05,539|[TRACE] graph - -----> statementPart
2021-11-19T10:24:05,539|[TRACE] graph - -------> nonSkippedSpace
2021-11-19T10:24:05,539|[TRACE] script - #out(` `) [token]
2021-11-19T10:24:05,539|[TRACE] graph - <------- nonSkippedSpace
2021-11-19T10:24:05,539|[TRACE] graph - <----- statementPart
2021-11-19T10:24:05,539|[TRACE] graph - -----> statementPart
2021-11-19T10:24:05,539|[TRACE] graph - -------> nonSkippedSpace
2021-11-19T10:24:05,540|[TRACE] script - #out(` `) [token]
2021-11-19T10:24:05,540|[TRACE] graph - <------- nonSkippedSpace
2021-11-19T10:24:05,540|[TRACE] graph - <----- statementPart
2021-11-19T10:24:05,540|[TRACE] graph - -----> statementPart
2021-11-19T10:24:05,540|[TRACE] graph - -------> nonSkippedSpace
2021-11-19T10:24:05,540|[TRACE] script - #out(` `) [token]
2021-11-19T10:24:05,540|[TRACE] graph - <------- nonSkippedSpace
2021-11-19T10:24:05,540|[TRACE] graph - <----- statementPart
2021-11-19T10:24:05,540|[TRACE] graph - -----> statementPart
2021-11-19T10:24:05,540|[TRACE] graph - -------> nonSkippedChar
2021-11-19T10:24:05,540|[TRACE] script - #out(`F`) [token]
2021-11-19T10:24:05,540|[TRACE] graph - <------- nonSkippedChar
2021-11-19T10:24:05,540|[TRACE] graph - <----- statementPart
2021-11-19T10:24:05,540|[TRACE] graph - -----> statementPart
2021-11-19T10:24:05,540|[TRACE] graph - -------> nonSkippedChar
2021-11-19T10:24:05,540|[TRACE] script - #out(`O`) [token]
2021-11-19T10:24:05,540|[TRACE] graph - <------- nonSkippedChar
2021-11-19T10:24:05,540|[TRACE] graph - <----- statementPart
2021-11-19T10:24:05,540|[TRACE] graph - -----> statementPart
2021-11-19T10:24:05,540|[TRACE] graph - -------> nonSkippedChar
2021-11-19T10:24:05,540|[TRACE] script - #out(`R`) [token]
2021-11-19T10:24:05,540|[TRACE] graph - <------- nonSkippedChar
2021-11-19T10:24:05,540|[TRACE] graph - <----- statementPart
2021-11-19T10:24:05,540|[TRACE] graph - -----> statementPart
2021-11-19T10:24:05,540|[TRACE] graph - -------> nonSkippedChar
2021-11-19T10:24:05,540|[TRACE] script - #out(`E`) [token]
2021-11-19T10:24:05,540|[TRACE] graph - <------- nonSkippedChar
2021-11-19T10:24:05,540|[TRACE] graph - <----- statementPart
2021-11-19T10:24:05,540|[TRACE] graph - -----> statementPart
2021-11-19T10:24:05,540|[TRACE] graph - -------> nonSkippedChar
2021-11-19T10:24:05,540|[TRACE] script - #out(`I`) [token]
2021-11-19T10:24:05,540|[TRACE] graph - <------- nonSkippedChar
2021-11-19T10:24:05,540|[TRACE] graph - <----- statementPart
2021-11-19T10:24:05,540|[TRACE] graph - -----> statementPart
2021-11-19T10:24:05,540|[TRACE] graph - -------> nonSkippedChar
2021-11-19T10:24:05,540|[TRACE] script - #out(`G`) [token]
2021-11-19T10:24:05,540|[TRACE] graph - <------- nonSkippedChar
2021-11-19T10:24:05,540|[TRACE] graph - <----- statementPart
2021-11-19T10:24:05,540|[TRACE] graph - -----> statementPart
2021-11-19T10:24:05,540|[TRACE] graph - -------> nonSkippedChar
2021-11-19T10:24:05,540|[TRACE] script - #out(`N`) [token]
2021-11-19T10:24:05,540|[TRACE] graph - <------- nonSkippedChar
2021-11-19T10:24:05,540|[TRACE] graph - <----- statementPart
2021-11-19T10:24:05,540|[TRACE] graph - -----> statementPart
2021-11-19T10:24:05,540|[TRACE] graph - -------> nonSkippedSpace
2021-11-19T10:24:05,540|[TRACE] script - #out(` `) [token]
2021-11-19T10:24:05,540|[TRACE] graph - <------- nonSkippedSpace
2021-11-19T10:24:05,540|[TRACE] graph - <----- statementPart
2021-11-19T10:24:05,540|[TRACE] graph - -----> statementPart
2021-11-19T10:24:05,540|[TRACE] graph - -------> nonSkippedChar
2021-11-19T10:24:05,540|[TRACE] script - #out(`K`) [token]
2021-11-19T10:24:05,540|[TRACE] graph - <------- nonSkippedChar
2021-11-19T10:24:05,540|[TRACE] graph - <----- statementPart
2021-11-19T10:24:05,540|[TRACE] graph - -----> statementPart
2021-11-19T10:24:05,540|[TRACE] graph - -------> nonSkippedChar
2021-11-19T10:24:05,540|[TRACE] script - #out(`E`) [token]
2021-11-19T10:24:05,540|[TRACE] graph - <------- nonSkippedChar
2021-11-19T10:24:05,540|[TRACE] graph - <----- statementPart
2021-11-19T10:24:05,540|[TRACE] graph - -----> statementPart
2021-11-19T10:24:05,540|[TRACE] graph - -------> nonSkippedChar
2021-11-19T10:24:05,540|[TRACE] script - #out(`Y`) [token]
2021-11-19T10:24:05,540|[TRACE] graph - <------- nonSkippedChar
2021-11-19T10:24:05,540|[TRACE] graph - <----- statementPart
2021-11-19T10:24:05,540|[TRACE] graph - -----> statementPart
2021-11-19T10:24:05,540|[TRACE] graph - -------> nonSkippedSpace
2021-11-19T10:24:05,540|[TRACE] script - #out(` `) [token]
2021-11-19T10:24:05,540|[TRACE] graph - <------- nonSkippedSpace
2021-11-19T10:24:05,540|[TRACE] graph - <----- statementPart
2021-11-19T10:24:05,540|[TRACE] graph - -----> statementPart
2021-11-19T10:24:05,540|[TRACE] graph - -------> nonSkippedChar
2021-11-19T10:24:05,540|[TRACE] script - #out(`(`) [token]
2021-11-19T10:24:05,540|[TRACE] graph - <------- nonSkippedChar
2021-11-19T10:24:05,540|[TRACE] graph - <----- statementPart
2021-11-19T10:24:05,540|[TRACE] graph - -----> statementPart
2021-11-19T10:24:05,540|[TRACE] graph - -------> quotedString
2021-11-19T10:24:05,540|[TRACE] script - #out(``donation_id``) [token]
2021-11-19T10:24:05,540|[TRACE] graph - <------- quotedString
2021-11-19T10:24:05,540|[TRACE] graph - <----- statementPart
2021-11-19T10:24:05,540|[TRACE] graph - -----> statementPart
2021-11-19T10:24:05,540|[TRACE] graph - -------> nonSkippedChar
2021-11-19T10:24:05,540|[TRACE] script - #out(`)`) [token]
2021-11-19T10:24:05,540|[TRACE] graph - <------- nonSkippedChar
2021-11-19T10:24:05,540|[TRACE] graph - <----- statementPart
2021-11-19T10:24:05,540|[TRACE] graph - -----> afterStatementPartNewline
2021-11-19T10:24:05,540|[TRACE] script - #out(` `) [text]
2021-11-19T10:24:05,540|[TRACE] graph - <----- afterStatementPartNewline
2021-11-19T10:24:05,540|[TRACE] graph - -----> statementPart
2021-11-19T10:24:05,540|[TRACE] graph - -------> nonSkippedSpace
2021-11-19T10:24:05,540|[TRACE] script - #out(` `) [token]
2021-11-19T10:24:05,540|[TRACE] graph - <------- nonSkippedSpace
2021-11-19T10:24:05,540|[TRACE] graph - <----- statementPart
2021-11-19T10:24:05,540|[TRACE] graph - -----> statementPart
2021-11-19T10:24:05,540|[TRACE] graph - -------> nonSkippedSpace
2021-11-19T10:24:05,540|[TRACE] script - #out(` `) [token]
2021-11-19T10:24:05,540|[TRACE] graph - <------- nonSkippedSpace
2021-11-19T10:24:05,540|[TRACE] graph - <----- statementPart
2021-11-19T10:24:05,540|[TRACE] graph - -----> statementPart
2021-11-19T10:24:05,540|[TRACE] graph - -------> nonSkippedSpace
2021-11-19T10:24:05,540|[TRACE] script - #out(` `) [token]
2021-11-19T10:24:05,540|[TRACE] graph - <------- nonSkippedSpace
2021-11-19T10:24:05,540|[TRACE] graph - <----- statementPart
2021-11-19T10:24:05,540|[TRACE] graph - -----> statementPart
2021-11-19T10:24:05,540|[TRACE] graph - -------> nonSkippedSpace
2021-11-19T10:24:05,540|[TRACE] script - #out(` `) [token]
2021-11-19T10:24:05,540|[TRACE] graph - <------- nonSkippedSpace
2021-11-19T10:24:05,540|[TRACE] graph - <----- statementPart
2021-11-19T10:24:05,540|[TRACE] graph - -----> statementPart
2021-11-19T10:24:05,540|[TRACE] graph - -------> nonSkippedChar
2021-11-19T10:24:05,540|[TRACE] script - #out(`R`) [token]
2021-11-19T10:24:05,540|[TRACE] graph - <------- nonSkippedChar
2021-11-19T10:24:05,540|[TRACE] graph - <----- statementPart
2021-11-19T10:24:05,540|[TRACE] graph - -----> statementPart
2021-11-19T10:24:05,540|[TRACE] graph - -------> nonSkippedChar
2021-11-19T10:24:05,540|[TRACE] script - #out(`E`) [token]
2021-11-19T10:24:05,540|[TRACE] graph - <------- nonSkippedChar
2021-11-19T10:24:05,540|[TRACE] graph - <----- statementPart
2021-11-19T10:24:05,540|[TRACE] graph - -----> statementPart
2021-11-19T10:24:05,540|[TRACE] graph - -------> nonSkippedChar
2021-11-19T10:24:05,540|[TRACE] script - #out(`F`) [token]
2021-11-19T10:24:05,540|[TRACE] graph - <------- nonSkippedChar
2021-11-19T10:24:05,540|[TRACE] graph - <----- statementPart
2021-11-19T10:24:05,540|[TRACE] graph - -----> statementPart
2021-11-19T10:24:05,540|[TRACE] graph - -------> nonSkippedChar
2021-11-19T10:24:05,540|[TRACE] script - #out(`E`) [token]
2021-11-19T10:24:05,540|[TRACE] graph - <------- nonSkippedChar
2021-11-19T10:24:05,540|[TRACE] graph - <----- statementPart
2021-11-19T10:24:05,540|[TRACE] graph - -----> statementPart
2021-11-19T10:24:05,540|[TRACE] graph - -------> nonSkippedChar
2021-11-19T10:24:05,540|[TRACE] script - #out(`R`) [token]
2021-11-19T10:24:05,540|[TRACE] graph - <------- nonSkippedChar
2021-11-19T10:24:05,540|[TRACE] graph - <----- statementPart
2021-11-19T10:24:05,540|[TRACE] graph - -----> statementPart
2021-11-19T10:24:05,540|[TRACE] graph - -------> nonSkippedChar
2021-11-19T10:24:05,540|[TRACE] script - #out(`E`) [token]
2021-11-19T10:24:05,540|[TRACE] graph - <------- nonSkippedChar
2021-11-19T10:24:05,541|[TRACE] graph - <----- statementPart
2021-11-19T10:24:05,541|[TRACE] graph - -----> statementPart
2021-11-19T10:24:05,541|[TRACE] graph - -------> nonSkippedChar
2021-11-19T10:24:05,541|[TRACE] script - #out(`N`) [token]
2021-11-19T10:24:05,541|[TRACE] graph - <------- nonSkippedChar
2021-11-19T10:24:05,541|[TRACE] graph - <----- statementPart
2021-11-19T10:24:05,541|[TRACE] graph - -----> statementPart
2021-11-19T10:24:05,541|[TRACE] graph - -------> nonSkippedChar
2021-11-19T10:24:05,541|[TRACE] script - #out(`C`) [token]
2021-11-19T10:24:05,541|[TRACE] graph - <------- nonSkippedChar
2021-11-19T10:24:05,541|[TRACE] graph - <----- statementPart
2021-11-19T10:24:05,541|[TRACE] graph - -----> statementPart
2021-11-19T10:24:05,541|[TRACE] graph - -------> nonSkippedChar
2021-11-19T10:24:05,541|[TRACE] script - #out(`E`) [token]
2021-11-19T10:24:05,541|[TRACE] graph - <------- nonSkippedChar
2021-11-19T10:24:05,541|[TRACE] graph - <----- statementPart
2021-11-19T10:24:05,541|[TRACE] graph - -----> statementPart
2021-11-19T10:24:05,541|[TRACE] graph - -------> nonSkippedChar
2021-11-19T10:24:05,541|[TRACE] script - #out(`S`) [token]
2021-11-19T10:24:05,541|[TRACE] graph - <------- nonSkippedChar
2021-11-19T10:24:05,541|[TRACE] graph - <----- statementPart
2021-11-19T10:24:05,541|[TRACE] graph - -----> statementPart
2021-11-19T10:24:05,541|[TRACE] graph - -------> nonSkippedSpace
2021-11-19T10:24:05,541|[TRACE] script - #out(` `) [token]
2021-11-19T10:24:05,541|[TRACE] graph - <------- nonSkippedSpace
2021-11-19T10:24:05,541|[TRACE] graph - <----- statementPart
2021-11-19T10:24:05,541|[TRACE] graph - -----> statementPart
2021-11-19T10:24:05,541|[TRACE] graph - -------> quotedString
2021-11-19T10:24:05,541|[TRACE] script - #out(``bloodbank``) [token]
2021-11-19T10:24:05,541|[TRACE] graph - <------- quotedString
2021-11-19T10:24:05,541|[TRACE] graph - <----- statementPart
2021-11-19T10:24:05,541|[TRACE] graph - -----> statementPart
2021-11-19T10:24:05,541|[TRACE] graph - -------> nonSkippedChar
2021-11-19T10:24:05,541|[TRACE] script - #out(`.`) [token]
2021-11-19T10:24:05,541|[TRACE] graph - <------- nonSkippedChar
2021-11-19T10:24:05,541|[TRACE] graph - <----- statementPart
2021-11-19T10:24:05,541|[TRACE] graph - -----> statementPart
2021-11-19T10:24:05,541|[TRACE] graph - -------> quotedString
2021-11-19T10:24:05,541|[TRACE] script - #out(``blood_donation``) [token]
2021-11-19T10:24:05,541|[TRACE] graph - <------- quotedString
2021-11-19T10:24:05,541|[TRACE] graph - <----- statementPart
2021-11-19T10:24:05,541|[TRACE] graph - -----> statementPart
2021-11-19T10:24:05,541|[TRACE] graph - -------> nonSkippedSpace
2021-11-19T10:24:05,541|[TRACE] script - #out(` `) [token]
2021-11-19T10:24:05,541|[TRACE] graph - <------- nonSkippedSpace
2021-11-19T10:24:05,541|[TRACE] graph - <----- statementPart
2021-11-19T10:24:05,541|[TRACE] graph - -----> statementPart
2021-11-19T10:24:05,541|[TRACE] graph - -------> nonSkippedChar
2021-11-19T10:24:05,541|[TRACE] script - #out(`(`) [token]
2021-11-19T10:24:05,541|[TRACE] graph - <------- nonSkippedChar
2021-11-19T10:24:05,541|[TRACE] graph - <----- statementPart
2021-11-19T10:24:05,541|[TRACE] graph - -----> statementPart
2021-11-19T10:24:05,541|[TRACE] graph - -------> quotedString
2021-11-19T10:24:05,541|[TRACE] script - #out(``donation_id``) [token]
2021-11-19T10:24:05,541|[TRACE] graph - <------- quotedString
2021-11-19T10:24:05,541|[TRACE] graph - <----- statementPart
2021-11-19T10:24:05,541|[TRACE] graph - -----> statementPart
2021-11-19T10:24:05,541|[TRACE] graph - -------> nonSkippedChar
2021-11-19T10:24:05,541|[TRACE] script - #out(`)`) [token]
2021-11-19T10:24:05,541|[TRACE] graph - <------- nonSkippedChar
2021-11-19T10:24:05,541|[TRACE] graph - <----- statementPart
2021-11-19T10:24:05,541|[TRACE] graph - -----> afterStatementPartNewline
2021-11-19T10:24:05,541|[TRACE] script - #out(` `) [text]
2021-11-19T10:24:05,541|[TRACE] graph - <----- afterStatementPartNewline
2021-11-19T10:24:05,541|[TRACE] graph - -----> statementPart
2021-11-19T10:24:05,541|[TRACE] graph - -------> nonSkippedSpace
2021-11-19T10:24:05,541|[TRACE] script - #out(` `) [token]
2021-11-19T10:24:05,541|[TRACE] graph - <------- nonSkippedSpace
2021-11-19T10:24:05,541|[TRACE] graph - <----- statementPart
2021-11-19T10:24:05,541|[TRACE] graph - -----> statementPart
2021-11-19T10:24:05,541|[TRACE] graph - -------> nonSkippedSpace
2021-11-19T10:24:05,541|[TRACE] script - #out(` `) [token]
2021-11-19T10:24:05,541|[TRACE] graph - <------- nonSkippedSpace
2021-11-19T10:24:05,541|[TRACE] graph - <----- statementPart
2021-11-19T10:24:05,541|[TRACE] graph - -----> statementPart
2021-11-19T10:24:05,541|[TRACE] graph - -------> nonSkippedSpace
2021-11-19T10:24:05,541|[TRACE] script - #out(` `) [token]
2021-11-19T10:24:05,541|[TRACE] graph - <------- nonSkippedSpace
2021-11-19T10:24:05,541|[TRACE] graph - <----- statementPart
2021-11-19T10:24:05,541|[TRACE] graph - -----> statementPart
2021-11-19T10:24:05,541|[TRACE] graph - -------> nonSkippedSpace
2021-11-19T10:24:05,541|[TRACE] script - #out(` `) [token]
2021-11-19T10:24:05,541|[TRACE] graph - <------- nonSkippedSpace
2021-11-19T10:24:05,541|[TRACE] graph - <----- statementPart
2021-11-19T10:24:05,541|[TRACE] graph - -----> statementPart
2021-11-19T10:24:05,541|[TRACE] graph - -------> nonSkippedChar
2021-11-19T10:24:05,541|[TRACE] script - #out(`O`) [token]
2021-11-19T10:24:05,541|[TRACE] graph - <------- nonSkippedChar
2021-11-19T10:24:05,541|[TRACE] graph - <----- statementPart
2021-11-19T10:24:05,541|[TRACE] graph - -----> statementPart
2021-11-19T10:24:05,541|[TRACE] graph - -------> nonSkippedChar
2021-11-19T10:24:05,541|[TRACE] script - #out(`N`) [token]
2021-11-19T10:24:05,541|[TRACE] graph - <------- nonSkippedChar
2021-11-19T10:24:05,541|[TRACE] graph - <----- statementPart
2021-11-19T10:24:05,541|[TRACE] graph - -----> statementPart
2021-11-19T10:24:05,541|[TRACE] graph - -------> nonSkippedSpace
2021-11-19T10:24:05,541|[TRACE] script - #out(` `) [token]
2021-11-19T10:24:05,541|[TRACE] graph - <------- nonSkippedSpace
2021-11-19T10:24:05,541|[TRACE] graph - <----- statementPart
2021-11-19T10:24:05,541|[TRACE] graph - -----> statementPart
2021-11-19T10:24:05,541|[TRACE] graph - -------> nonSkippedChar
2021-11-19T10:24:05,541|[TRACE] script - #out(`D`) [token]
2021-11-19T10:24:05,541|[TRACE] graph - <------- nonSkippedChar
2021-11-19T10:24:05,541|[TRACE] graph - <----- statementPart
2021-11-19T10:24:05,541|[TRACE] graph - -----> statementPart
2021-11-19T10:24:05,541|[TRACE] graph - -------> nonSkippedChar
2021-11-19T10:24:05,541|[TRACE] script - #out(`E`) [token]
2021-11-19T10:24:05,541|[TRACE] graph - <------- nonSkippedChar
2021-11-19T10:24:05,541|[TRACE] graph - <----- statementPart
2021-11-19T10:24:05,541|[TRACE] graph - -----> statementPart
2021-11-19T10:24:05,541|[TRACE] graph - -------> nonSkippedChar
2021-11-19T10:24:05,541|[TRACE] script - #out(`L`) [token]
2021-11-19T10:24:05,541|[TRACE] graph - <------- nonSkippedChar
2021-11-19T10:24:05,541|[TRACE] graph - <----- statementPart
2021-11-19T10:24:05,541|[TRACE] graph - -----> statementPart
2021-11-19T10:24:05,541|[TRACE] graph - -------> nonSkippedChar
2021-11-19T10:24:05,541|[TRACE] script - #out(`E`) [token]
2021-11-19T10:24:05,541|[TRACE] graph - <------- nonSkippedChar
2021-11-19T10:24:05,541|[TRACE] graph - <----- statementPart
2021-11-19T10:24:05,541|[TRACE] graph - -----> statementPart
2021-11-19T10:24:05,541|[TRACE] graph - -------> nonSkippedChar
2021-11-19T10:24:05,541|[TRACE] script - #out(`T`) [token]
2021-11-19T10:24:05,541|[TRACE] graph - <------- nonSkippedChar
2021-11-19T10:24:05,541|[TRACE] graph - <----- statementPart
2021-11-19T10:24:05,541|[TRACE] graph - -----> statementPart
2021-11-19T10:24:05,541|[TRACE] graph - -------> nonSkippedChar
2021-11-19T10:24:05,541|[TRACE] script - #out(`E`) [token]
2021-11-19T10:24:05,541|[TRACE] graph - <------- nonSkippedChar
2021-11-19T10:24:05,541|[TRACE] graph - <----- statementPart
2021-11-19T10:24:05,541|[TRACE] graph - -----> statementPart
2021-11-19T10:24:05,541|[TRACE] graph - -------> nonSkippedSpace
2021-11-19T10:24:05,541|[TRACE] script - #out(` `) [token]
2021-11-19T10:24:05,541|[TRACE] graph - <------- nonSkippedSpace
2021-11-19T10:24:05,541|[TRACE] graph - <----- statementPart
2021-11-19T10:24:05,541|[TRACE] graph - -----> statementPart
2021-11-19T10:24:05,541|[TRACE] graph - -------> nonSkippedChar
2021-11-19T10:24:05,541|[TRACE] script - #out(`N`) [token]
2021-11-19T10:24:05,541|[TRACE] graph - <------- nonSkippedChar
2021-11-19T10:24:05,541|[TRACE] graph - <----- statementPart
2021-11-19T10:24:05,541|[TRACE] graph - -----> statementPart
2021-11-19T10:24:05,541|[TRACE] graph - -------> nonSkippedChar
2021-11-19T10:24:05,541|[TRACE] script - #out(`O`) [token]
2021-11-19T10:24:05,541|[TRACE] graph - <------- nonSkippedChar
2021-11-19T10:24:05,542|[TRACE] graph - <----- statementPart
2021-11-19T10:24:05,542|[TRACE] graph - -----> statementPart
2021-11-19T10:24:05,542|[TRACE] graph - -------> nonSkippedSpace
2021-11-19T10:24:05,542|[TRACE] script - #out(` `) [token]
2021-11-19T10:24:05,542|[TRACE] graph - <------- nonSkippedSpace
2021-11-19T10:24:05,542|[TRACE] graph - <----- statementPart
2021-11-19T10:24:05,542|[TRACE] graph - -----> statementPart
2021-11-19T10:24:05,542|[TRACE] graph - -------> nonSkippedChar
2021-11-19T10:24:05,542|[TRACE] script - #out(`A`) [token]
2021-11-19T10:24:05,542|[TRACE] graph - <------- nonSkippedChar
2021-11-19T10:24:05,542|[TRACE] graph - <----- statementPart
2021-11-19T10:24:05,542|[TRACE] graph - -----> statementPart
2021-11-19T10:24:05,542|[TRACE] graph - -------> nonSkippedChar
2021-11-19T10:24:05,542|[TRACE] script - #out(`C`) [token]
2021-11-19T10:24:05,542|[TRACE] graph - <------- nonSkippedChar
2021-11-19T10:24:05,542|[TRACE] graph - <----- statementPart
2021-11-19T10:24:05,542|[TRACE] graph - -----> statementPart
2021-11-19T10:24:05,542|[TRACE] graph - -------> nonSkippedChar
2021-11-19T10:24:05,542|[TRACE] script - #out(`T`) [token]
2021-11-19T10:24:05,542|[TRACE] graph - <------- nonSkippedChar
2021-11-19T10:24:05,542|[TRACE] graph - <----- statementPart
2021-11-19T10:24:05,542|[TRACE] graph - -----> statementPart
2021-11-19T10:24:05,542|[TRACE] graph - -------> nonSkippedChar
2021-11-19T10:24:05,542|[TRACE] script - #out(`I`) [token]
2021-11-19T10:24:05,542|[TRACE] graph - <------- nonSkippedChar
2021-11-19T10:24:05,542|[TRACE] graph - <----- statementPart
2021-11-19T10:24:05,542|[TRACE] graph - -----> statementPart
2021-11-19T10:24:05,542|[TRACE] graph - -------> nonSkippedChar
2021-11-19T10:24:05,542|[TRACE] script - #out(`O`) [token]
2021-11-19T10:24:05,542|[TRACE] graph - <------- nonSkippedChar
2021-11-19T10:24:05,542|[TRACE] graph - <----- statementPart
2021-11-19T10:24:05,542|[TRACE] graph - -----> statementPart
2021-11-19T10:24:05,542|[TRACE] graph - -------> nonSkippedChar
2021-11-19T10:24:05,542|[TRACE] script - #out(`N`) [token]
2021-11-19T10:24:05,542|[TRACE] graph - <------- nonSkippedChar
2021-11-19T10:24:05,542|[TRACE] graph - <----- statementPart
2021-11-19T10:24:05,542|[TRACE] graph - -----> afterStatementPartNewline
2021-11-19T10:24:05,542|[TRACE] script - #out(` `) [text]
2021-11-19T10:24:05,542|[TRACE] graph - <----- afterStatementPartNewline
2021-11-19T10:24:05,542|[TRACE] graph - -----> statementPart
2021-11-19T10:24:05,542|[TRACE] graph - -------> nonSkippedSpace
2021-11-19T10:24:05,542|[TRACE] script - #out(` `) [token]
2021-11-19T10:24:05,542|[TRACE] graph - <------- nonSkippedSpace
2021-11-19T10:24:05,542|[TRACE] graph - <----- statementPart
2021-11-19T10:24:05,542|[TRACE] graph - -----> statementPart
2021-11-19T10:24:05,542|[TRACE] graph - -------> nonSkippedSpace
2021-11-19T10:24:05,542|[TRACE] script - #out(` `) [token]
2021-11-19T10:24:05,542|[TRACE] graph - <------- nonSkippedSpace
2021-11-19T10:24:05,542|[TRACE] graph - <----- statementPart
2021-11-19T10:24:05,542|[TRACE] graph - -----> statementPart
2021-11-19T10:24:05,542|[TRACE] graph - -------> nonSkippedSpace
2021-11-19T10:24:05,542|[TRACE] script - #out(` `) [token]
2021-11-19T10:24:05,542|[TRACE] graph - <------- nonSkippedSpace
2021-11-19T10:24:05,542|[TRACE] graph - <----- statementPart
2021-11-19T10:24:05,542|[TRACE] graph - -----> statementPart
2021-11-19T10:24:05,720|[TRACE] graph - -------> nonSkippedSpace
2021-11-19T10:24:05,720|[TRACE] script - #out(` `) [token]
2021-11-19T10:24:05,720|[TRACE] graph - <------- nonSkippedSpace
2021-11-19T10:24:05,720|[TRACE] graph - <----- statementPart
2021-11-19T10:24:05,720|[TRACE] graph - -----> statementPart
2021-11-19T10:24:05,720|[TRACE] graph - -------> nonSkippedChar
2021-11-19T10:24:05,720|[TRACE] script - #out(`O`) [token]
2021-11-19T10:24:05,720|[TRACE] graph - <------- nonSkippedChar
2021-11-19T10:24:05,720|[TRACE] graph - <----- statementPart
2021-11-19T10:24:05,720|[TRACE] graph - -----> statementPart
2021-11-19T10:24:05,720|[TRACE] graph - -------> nonSkippedChar
2021-11-19T10:24:05,720|[TRACE] script - #out(`N`) [token]
2021-11-19T10:24:05,720|[TRACE] graph - <------- nonSkippedChar
2021-11-19T10:24:05,720|[TRACE] graph - <----- statementPart
2021-11-19T10:24:05,720|[TRACE] graph - -----> statementPart
2021-11-19T10:24:05,720|[TRACE] graph - -------> nonSkippedSpace
2021-11-19T10:24:05,720|[TRACE] script - #out(` `) [token]
2021-11-19T10:24:05,720|[TRACE] graph - <------- nonSkippedSpace
2021-11-19T10:24:05,720|[TRACE] graph - <----- statementPart
2021-11-19T10:24:05,720|[TRACE] graph - -----> statementPart
2021-11-19T10:24:05,720|[TRACE] graph - -------> nonSkippedChar
2021-11-19T10:24:05,720|[TRACE] script - #out(`U`) [token]
2021-11-19T10:24:05,720|[TRACE] graph - <------- nonSkippedChar
2021-11-19T10:24:05,720|[TRACE] graph - <----- statementPart
2021-11-19T10:24:05,720|[TRACE] graph - -----> statementPart
2021-11-19T10:24:05,720|[TRACE] graph - -------> nonSkippedChar
2021-11-19T10:24:05,720|[TRACE] script - #out(`P`) [token]
2021-11-19T10:24:05,720|[TRACE] graph - <------- nonSkippedChar
2021-11-19T10:24:05,720|[TRACE] graph - <----- statementPart
2021-11-19T10:24:05,720|[TRACE] graph - -----> statementPart
2021-11-19T10:24:05,720|[TRACE] graph - -------> nonSkippedChar
2021-11-19T10:24:05,720|[TRACE] script - #out(`D`) [token]
2021-11-19T10:24:05,720|[TRACE] graph - <------- nonSkippedChar
2021-11-19T10:24:05,720|[TRACE] graph - <----- statementPart
2021-11-19T10:24:05,720|[TRACE] graph - -----> statementPart
2021-11-19T10:24:05,720|[TRACE] graph - -------> nonSkippedChar
2021-11-19T10:24:05,720|[TRACE] script - #out(`A`) [token]
2021-11-19T10:24:05,720|[TRACE] graph - <------- nonSkippedChar
2021-11-19T10:24:05,720|[TRACE] graph - <----- statementPart
2021-11-19T10:24:05,720|[TRACE] graph - -----> statementPart
2021-11-19T10:24:05,720|[TRACE] graph - -------> nonSkippedChar
2021-11-19T10:24:05,720|[TRACE] script - #out(`T`) [token]
2021-11-19T10:24:05,720|[TRACE] graph - <------- nonSkippedChar
2021-11-19T10:24:05,720|[TRACE] graph - <----- statementPart
2021-11-19T10:24:05,720|[TRACE] graph - -----> statementPart
2021-11-19T10:24:05,720|[TRACE] graph - -------> nonSkippedChar
2021-11-19T10:24:05,720|[TRACE] script - #out(`E`) [token]
2021-11-19T10:24:05,720|[TRACE] graph - <------- nonSkippedChar
2021-11-19T10:24:05,720|[TRACE] graph - <----- statementPart
2021-11-19T10:24:05,720|[TRACE] graph - -----> statementPart
2021-11-19T10:24:05,720|[TRACE] graph - -------> nonSkippedSpace
2021-11-19T10:24:05,720|[TRACE] script - #out(` `) [token]
2021-11-19T10:24:05,720|[TRACE] graph - <------- nonSkippedSpace
2021-11-19T10:24:05,720|[TRACE] graph - <----- statementPart
2021-11-19T10:24:05,720|[TRACE] graph - -----> statementPart
2021-11-19T10:24:05,720|[TRACE] graph - -------> nonSkippedChar
2021-11-19T10:24:05,720|[TRACE] script - #out(`N`) [token]
2021-11-19T10:24:05,720|[TRACE] graph - <------- nonSkippedChar
2021-11-19T10:24:05,720|[TRACE] graph - <----- statementPart
2021-11-19T10:24:05,720|[TRACE] graph - -----> statementPart
2021-11-19T10:24:05,720|[TRACE] graph - -------> nonSkippedChar
2021-11-19T10:24:05,720|[TRACE] script - #out(`O`) [token]
2021-11-19T10:24:05,720|[TRACE] graph - <------- nonSkippedChar
2021-11-19T10:24:05,720|[TRACE] graph - <----- statementPart
2021-11-19T10:24:05,720|[TRACE] graph - -----> statementPart
2021-11-19T10:24:05,720|[TRACE] graph - -------> nonSkippedSpace
2021-11-19T10:24:05,720|[TRACE] script - #out(` `) [token]
2021-11-19T10:24:05,720|[TRACE] graph - <------- nonSkippedSpace
2021-11-19T10:24:05,720|[TRACE] graph - <----- statementPart
2021-11-19T10:24:05,720|[TRACE] graph - -----> statementPart
2021-11-19T10:24:05,720|[TRACE] graph - -------> nonSkippedChar
2021-11-19T10:24:05,720|[TRACE] script - #out(`A`) [token]
2021-11-19T10:24:05,720|[TRACE] graph - <------- nonSkippedChar
2021-11-19T10:24:05,720|[TRACE] graph - <----- statementPart
2021-11-19T10:24:05,720|[TRACE] graph - -----> statementPart
2021-11-19T10:24:05,720|[TRACE] graph - -------> nonSkippedChar
2021-11-19T10:24:05,720|[TRACE] script - #out(`C`) [token]
2021-11-19T10:24:05,720|[TRACE] graph - <------- nonSkippedChar
2021-11-19T10:24:05,720|[TRACE] graph - <----- statementPart
2021-11-19T10:24:05,720|[TRACE] graph - -----> statementPart
2021-11-19T10:24:05,720|[TRACE] graph - -------> nonSkippedChar
2021-11-19T10:24:05,721|[TRACE] script - #out(`T`) [token]
2021-11-19T10:24:05,721|[TRACE] graph - <------- nonSkippedChar
2021-11-19T10:24:05,721|[TRACE] graph - <----- statementPart
2021-11-19T10:24:05,721|[TRACE] graph - -----> statementPart
2021-11-19T10:24:05,721|[TRACE] graph - -------> nonSkippedChar
2021-11-19T10:24:05,721|[TRACE] script - #out(`I`) [token]
2021-11-19T10:24:05,721|[TRACE] graph - <------- nonSkippedChar
2021-11-19T10:24:05,721|[TRACE] graph - <----- statementPart
2021-11-19T10:24:05,721|[TRACE] graph - -----> statementPart
2021-11-19T10:24:05,721|[TRACE] graph - -------> nonSkippedChar
2021-11-19T10:24:05,721|[TRACE] script - #out(`O`) [token]
2021-11-19T10:24:05,721|[TRACE] graph - <------- nonSkippedChar
2021-11-19T10:24:05,721|[TRACE] graph - <----- statementPart
2021-11-19T10:24:05,721|[TRACE] graph - -----> statementPart
2021-11-19T10:24:05,721|[TRACE] graph - -------> nonSkippedChar
2021-11-19T10:24:05,721|[TRACE] script - #out(`N`) [token]
2021-11-19T10:24:05,721|[TRACE] graph - <------- nonSkippedChar
2021-11-19T10:24:05,721|[TRACE] graph - <----- statementPart
2021-11-19T10:24:05,721|[TRACE] graph - -----> statementPart
2021-11-19T10:24:05,721|[TRACE] graph - -------> nonSkippedChar
2021-11-19T10:24:05,721|[TRACE] script - #out(`)`) [token]
2021-11-19T10:24:05,721|[TRACE] graph - <------- nonSkippedChar
2021-11-19T10:24:05,721|[TRACE] graph - <----- statementPart
2021-11-19T10:24:05,721|[TRACE] graph - -----> afterStatementPartNewline
2021-11-19T10:24:05,721|[TRACE] script - #out(` `) [text]
2021-11-19T10:24:05,721|[TRACE] graph - <----- afterStatementPartNewline
2021-11-19T10:24:05,721|[TRACE] graph - -----> statementPart
2021-11-19T10:24:05,721|[TRACE] graph - -------> nonSkippedChar
2021-11-19T10:24:05,721|[TRACE] script - #out(`E`) [token]
2021-11-19T10:24:05,721|[TRACE] graph - <------- nonSkippedChar
2021-11-19T10:24:05,721|[TRACE] graph - <----- statementPart
2021-11-19T10:24:05,721|[TRACE] graph - -----> statementPart
2021-11-19T10:24:05,721|[TRACE] graph - -------> nonSkippedChar
2021-11-19T10:24:05,721|[TRACE] script - #out(`N`) [token]
2021-11-19T10:24:05,721|[TRACE] graph - <------- nonSkippedChar
2021-11-19T10:24:05,721|[TRACE] graph - <----- statementPart
2021-11-19T10:24:05,721|[TRACE] graph - -----> statementPart
2021-11-19T10:24:05,721|[TRACE] graph - -------> nonSkippedChar
2021-11-19T10:24:05,721|[TRACE] script - #out(`G`) [token]
2021-11-19T10:24:05,721|[TRACE] graph - <------- nonSkippedChar
2021-11-19T10:24:05,721|[TRACE] graph - <----- statementPart
2021-11-19T10:24:05,721|[TRACE] graph - -----> statementPart
2021-11-19T10:24:05,721|[TRACE] graph - -------> nonSkippedChar
2021-11-19T10:24:05,721|[TRACE] script - #out(`I`) [token]
2021-11-19T10:24:05,721|[TRACE] graph - <------- nonSkippedChar
2021-11-19T10:24:05,721|[TRACE] graph - <----- statementPart
2021-11-19T10:24:05,721|[TRACE] graph - -----> statementPart
2021-11-19T10:24:05,721|[TRACE] graph - -------> nonSkippedChar
2021-11-19T10:24:05,721|[TRACE] script - #out(`N`) [token]
2021-11-19T10:24:05,721|[TRACE] graph - <------- nonSkippedChar
2021-11-19T10:24:05,721|[TRACE] graph - <----- statementPart
2021-11-19T10:24:05,721|[TRACE] graph - -----> statementPart
2021-11-19T10:24:05,721|[TRACE] graph - -------> nonSkippedChar
2021-11-19T10:24:05,721|[TRACE] script - #out(`E`) [token]
2021-11-19T10:24:05,721|[TRACE] graph - <------- nonSkippedChar
2021-11-19T10:24:05,721|[TRACE] graph - <----- statementPart
2021-11-19T10:24:05,721|[TRACE] graph - -----> statementPart
2021-11-19T10:24:05,721|[TRACE] graph - -------> nonSkippedSpace
2021-11-19T10:24:05,721|[TRACE] script - #out(` `) [token]
2021-11-19T10:24:05,721|[TRACE] graph - <------- nonSkippedSpace
2021-11-19T10:24:05,721|[TRACE] graph - <----- statementPart
2021-11-19T10:24:05,721|[TRACE] graph - -----> statementPart
2021-11-19T10:24:05,721|[TRACE] graph - -------> nonSkippedChar
2021-11-19T10:24:05,721|[TRACE] script - #out(`=`) [token]
2021-11-19T10:24:05,721|[TRACE] graph - <------- nonSkippedChar
2021-11-19T10:24:05,721|[TRACE] graph - <----- statementPart
2021-11-19T10:24:05,721|[TRACE] graph - -----> statementPart
2021-11-19T10:24:05,721|[TRACE] graph - -------> nonSkippedSpace
2021-11-19T10:24:05,721|[TRACE] script - #out(` `) [token]
2021-11-19T10:24:05,721|[TRACE] graph - <------- nonSkippedSpace
2021-11-19T10:24:05,721|[TRACE] graph - <----- statementPart
2021-11-19T10:24:05,721|[TRACE] graph - -----> statementPart
2021-11-19T10:24:05,721|[TRACE] graph - -------> nonSkippedChar
2021-11-19T10:24:05,721|[TRACE] script - #out(`I`) [token]
2021-11-19T10:24:05,721|[TRACE] graph - <------- nonSkippedChar
2021-11-19T10:24:05,721|[TRACE] graph - <----- statementPart
2021-11-19T10:24:05,721|[TRACE] graph - -----> statementPart
2021-11-19T10:24:05,721|[TRACE] graph - -------> nonSkippedChar
2021-11-19T10:24:05,721|[TRACE] script - #out(`n`) [token]
2021-11-19T10:24:05,721|[TRACE] graph - <------- nonSkippedChar
2021-11-19T10:24:05,721|[TRACE] graph - <----- statementPart
2021-11-19T10:24:05,721|[TRACE] graph - -----> statementPart
2021-11-19T10:24:05,721|[TRACE] graph - -------> nonSkippedChar
2021-11-19T10:24:05,721|[TRACE] script - #out(`n`) [token]
2021-11-19T10:24:05,721|[TRACE] graph - <------- nonSkippedChar
2021-11-19T10:24:05,721|[TRACE] graph - <----- statementPart
2021-11-19T10:24:05,721|[TRACE] graph - -----> statementPart
2021-11-19T10:24:05,721|[TRACE] graph - -------> nonSkippedChar
2021-11-19T10:24:05,721|[TRACE] script - #out(`o`) [token]
2021-11-19T10:24:05,721|[TRACE] graph - <------- nonSkippedChar
2021-11-19T10:24:05,721|[TRACE] graph - <----- statementPart
2021-11-19T10:24:05,721|[TRACE] graph - -----> statementPart
2021-11-19T10:24:05,721|[TRACE] graph - -------> nonSkippedChar
2021-11-19T10:24:05,721|[TRACE] script - #out(`D`) [token]
2021-11-19T10:24:05,721|[TRACE] graph - <------- nonSkippedChar
2021-11-19T10:24:05,721|[TRACE] graph - <----- statementPart
2021-11-19T10:24:05,721|[TRACE] graph - -----> statementPart
2021-11-19T10:24:05,721|[TRACE] graph - -------> nonSkippedChar
2021-11-19T10:24:05,721|[TRACE] script - #out(`B`) [token]
2021-11-19T10:24:05,721|[TRACE] graph - <------- nonSkippedChar
2021-11-19T10:24:05,721|[TRACE] graph - <----- statementPart
2021-11-19T10:24:05,721|[DEBUG] graph - Import statement : CREATE TABLE IF NOT EXISTS `bloodbank`.`donation_record` (   `record_id` INT NOT NULL AUTO_INCREMENT,   `person_id` INT NOT NULL,   `donation_id` INT NULL,   `tested` BIT(1) NOT NULL,   `created` BIGINT NOT NULL DEFAULT (unix_timestamp(now()) * 1000),   `updated` BIGINT NOT NULL DEFAULT (unix_timestamp(now()) * 1000),   `version` INT NOT NULL DEFAULT 1,   INDEX `fk_donation_record_person1_idx` (`person_id` ASC) VISIBLE,   INDEX `fk_donation_record_blood_donation1_idx` (`donation_id` ASC) VISIBLE,   UNIQUE INDEX `record_id_UNIQUE` (`record_id` ASC) VISIBLE,   PRIMARY KEY (`record_id`),   CONSTRAINT `fk_donation_record_person1`     FOREIGN KEY (`person_id`)     REFERENCES `bloodbank`.`person` (`id`)     ON DELETE NO ACTION     ON UPDATE NO ACTION,   CONSTRAINT `fk_donation_record_blood_donation1`     FOREIGN KEY (`donation_id`)     REFERENCES `bloodbank`.`blood_donation` (`donation_id`)     ON DELETE NO ACTION     ON UPDATE NO ACTION) ENGINE = InnoDB
2021-11-19T10:24:05,721|[TRACE] graph - <--- statement
2021-11-19T10:24:05,721|[TRACE] graph - ---> blankSpacesToSkip
2021-11-19T10:24:05,721|[TRACE] graph - -----> newLineToSkip
2021-11-19T10:24:05,721|[TRACE] graph - <----- newLineToSkip
2021-11-19T10:24:05,721|[TRACE] graph - -----> newLineToSkip
2021-11-19T10:24:05,721|[TRACE] graph - <----- newLineToSkip
2021-11-19T10:24:05,721|[TRACE] graph - -----> newLineToSkip
2021-11-19T10:24:05,721|[TRACE] graph - <----- newLineToSkip
2021-11-19T10:24:05,721|[TRACE] graph - -----> newLineToSkip
2021-11-19T10:24:05,721|[TRACE] graph - <----- newLineToSkip
2021-11-19T10:24:05,721|[TRACE] graph - -----> newLineToSkip
2021-11-19T10:24:05,721|[TRACE] graph - <----- newLineToSkip
2021-11-19T10:24:05,721|[TRACE] graph - -----> newLineToSkip
2021-11-19T10:24:05,721|[TRACE] graph - <----- newLineToSkip
2021-11-19T10:24:05,721|[TRACE] graph - <--- blankSpacesToSkip
2021-11-19T10:24:05,721|[TRACE] graph - ---> statement
2021-11-19T10:24:05,721|[TRACE] graph - -----> statementFirstPart
2021-11-19T10:24:05,721|[TRACE] graph - -------> nonSkippedChar
2021-11-19T10:24:05,721|[TRACE] script - #out(`C`) [token]
2021-11-19T10:24:05,721|[TRACE] graph - <------- nonSkippedChar
2021-11-19T10:24:05,721|[TRACE] graph - <----- statementFirstPart
2021-11-19T10:24:05,721|[TRACE] graph - -----> statementPart
2021-11-19T10:24:05,721|[TRACE] graph - -------> nonSkippedChar
2021-11-19T10:24:05,722|[TRACE] script - #out(`R`) [token]
2021-11-19T10:24:05,722|[TRACE] graph - <------- nonSkippedChar
2021-11-19T10:24:05,722|[TRACE] graph - <----- statementPart
2021-11-19T10:24:05,722|[TRACE] graph - -----> statementPart
2021-11-19T10:24:05,722|[TRACE] graph - -------> nonSkippedChar
2021-11-19T10:24:05,722|[TRACE] script - #out(`E`) [token]
2021-11-19T10:24:05,722|[TRACE] graph - <------- nonSkippedChar
2021-11-19T10:24:05,722|[TRACE] graph - <----- statementPart
2021-11-19T10:24:05,722|[TRACE] graph - -----> statementPart
2021-11-19T10:24:05,722|[TRACE] graph - -------> nonSkippedChar
2021-11-19T10:24:05,722|[TRACE] script - #out(`A`) [token]
2021-11-19T10:24:05,722|[TRACE] graph - <------- nonSkippedChar
2021-11-19T10:24:05,722|[TRACE] graph - <----- statementPart
2021-11-19T10:24:05,722|[TRACE] graph - -----> statementPart
2021-11-19T10:24:05,722|[TRACE] graph - -------> nonSkippedChar
2021-11-19T10:24:05,722|[TRACE] script - #out(`T`) [token]
2021-11-19T10:24:05,722|[TRACE] graph - <------- nonSkippedChar
2021-11-19T10:24:05,722|[TRACE] graph - <----- statementPart
2021-11-19T10:24:05,722|[TRACE] graph - -----> statementPart
2021-11-19T10:24:05,722|[TRACE] graph - -------> nonSkippedChar
2021-11-19T10:24:05,722|[TRACE] script - #out(`E`) [token]
2021-11-19T10:24:05,722|[TRACE] graph - <------- nonSkippedChar
2021-11-19T10:24:05,722|[TRACE] graph - <----- statementPart
2021-11-19T10:24:05,722|[TRACE] graph - -----> statementPart
2021-11-19T10:24:05,722|[TRACE] graph - -------> nonSkippedSpace
2021-11-19T10:24:05,722|[TRACE] script - #out(` `) [token]
2021-11-19T10:24:05,722|[TRACE] graph - <------- nonSkippedSpace
2021-11-19T10:24:05,722|[TRACE] graph - <----- statementPart
2021-11-19T10:24:05,722|[TRACE] graph - -----> statementPart
2021-11-19T10:24:05,722|[TRACE] graph - -------> nonSkippedChar
2021-11-19T10:24:05,722|[TRACE] script - #out(`T`) [token]
2021-11-19T10:24:05,722|[TRACE] graph - <------- nonSkippedChar
2021-11-19T10:24:05,722|[TRACE] graph - <----- statementPart
2021-11-19T10:24:05,722|[TRACE] graph - -----> statementPart
2021-11-19T10:24:05,722|[TRACE] graph - -------> nonSkippedChar
2021-11-19T10:24:05,722|[TRACE] script - #out(`A`) [token]
2021-11-19T10:24:05,722|[TRACE] graph - <------- nonSkippedChar
2021-11-19T10:24:05,722|[TRACE] graph - <----- statementPart
2021-11-19T10:24:05,722|[TRACE] graph - -----> statementPart
2021-11-19T10:24:05,722|[TRACE] graph - -------> nonSkippedChar
2021-11-19T10:24:05,722|[TRACE] script - #out(`B`) [token]
2021-11-19T10:24:05,722|[TRACE] graph - <------- nonSkippedChar
2021-11-19T10:24:05,722|[TRACE] graph - <----- statementPart
2021-11-19T10:24:05,722|[TRACE] graph - -----> statementPart
2021-11-19T10:24:05,722|[TRACE] graph - -------> nonSkippedChar
2021-11-19T10:24:05,722|[TRACE] script - #out(`L`) [token]
2021-11-19T10:24:05,722|[TRACE] graph - <------- nonSkippedChar
2021-11-19T10:24:05,722|[TRACE] graph - <----- statementPart
2021-11-19T10:24:05,722|[TRACE] graph - -----> statementPart
2021-11-19T10:24:05,722|[TRACE] graph - -------> nonSkippedChar
2021-11-19T10:24:05,722|[TRACE] script - #out(`E`) [token]
2021-11-19T10:24:05,722|[TRACE] graph - <------- nonSkippedChar
2021-11-19T10:24:05,722|[TRACE] graph - <----- statementPart
2021-11-19T10:24:05,722|[TRACE] graph - -----> statementPart
2021-11-19T10:24:05,722|[TRACE] graph - -------> nonSkippedSpace
2021-11-19T10:24:05,722|[TRACE] script - #out(` `) [token]
2021-11-19T10:24:05,722|[TRACE] graph - <------- nonSkippedSpace
2021-11-19T10:24:05,722|[TRACE] graph - <----- statementPart
2021-11-19T10:24:05,722|[TRACE] graph - -----> statementPart
2021-11-19T10:24:05,722|[TRACE] graph - -------> nonSkippedChar
2021-11-19T10:24:05,722|[TRACE] script - #out(`I`) [token]
2021-11-19T10:24:05,722|[TRACE] graph - <------- nonSkippedChar
2021-11-19T10:24:05,722|[TRACE] graph - <----- statementPart
2021-11-19T10:24:05,722|[TRACE] graph - -----> statementPart
2021-11-19T10:24:05,722|[TRACE] graph - -------> nonSkippedChar
2021-11-19T10:24:05,722|[TRACE] script - #out(`F`) [token]
2021-11-19T10:24:05,722|[TRACE] graph - <------- nonSkippedChar
2021-11-19T10:24:05,722|[TRACE] graph - <----- statementPart
2021-11-19T10:24:05,722|[TRACE] graph - -----> statementPart
2021-11-19T10:24:05,722|[TRACE] graph - -------> nonSkippedSpace
2021-11-19T10:24:05,722|[TRACE] script - #out(` `) [token]
2021-11-19T10:24:05,722|[TRACE] graph - <------- nonSkippedSpace
2021-11-19T10:24:05,722|[TRACE] graph - <----- statementPart
2021-11-19T10:24:05,722|[TRACE] graph - -----> statementPart
2021-11-19T10:24:05,722|[TRACE] graph - -------> nonSkippedChar
2021-11-19T10:24:05,722|[TRACE] script - #out(`N`) [token]
2021-11-19T10:24:05,722|[TRACE] graph - <------- nonSkippedChar
2021-11-19T10:24:05,722|[TRACE] graph - <----- statementPart
2021-11-19T10:24:05,722|[TRACE] graph - -----> statementPart
2021-11-19T10:24:05,722|[TRACE] graph - -------> nonSkippedChar
2021-11-19T10:24:05,722|[TRACE] script - #out(`O`) [token]
2021-11-19T10:24:05,722|[TRACE] graph - <------- nonSkippedChar
2021-11-19T10:24:05,722|[TRACE] graph - <----- statementPart
2021-11-19T10:24:05,722|[TRACE] graph - -----> statementPart
2021-11-19T10:24:05,722|[TRACE] graph - -------> nonSkippedChar
2021-11-19T10:24:05,722|[TRACE] script - #out(`T`) [token]
2021-11-19T10:24:05,722|[TRACE] graph - <------- nonSkippedChar
2021-11-19T10:24:05,722|[TRACE] graph - <----- statementPart
2021-11-19T10:24:05,722|[TRACE] graph - -----> statementPart
2021-11-19T10:24:05,722|[TRACE] graph - -------> nonSkippedSpace
2021-11-19T10:24:05,722|[TRACE] script - #out(` `) [token]
2021-11-19T10:24:05,722|[TRACE] graph - <------- nonSkippedSpace
2021-11-19T10:24:05,722|[TRACE] graph - <----- statementPart
2021-11-19T10:24:05,722|[TRACE] graph - -----> statementPart
2021-11-19T10:24:05,722|[TRACE] graph - -------> nonSkippedChar
2021-11-19T10:24:05,722|[TRACE] script - #out(`E`) [token]
2021-11-19T10:24:05,722|[TRACE] graph - <------- nonSkippedChar
2021-11-19T10:24:05,722|[TRACE] graph - <----- statementPart
2021-11-19T10:24:05,722|[TRACE] graph - -----> statementPart
2021-11-19T10:24:05,722|[TRACE] graph - -------> nonSkippedChar
2021-11-19T10:24:05,722|[TRACE] script - #out(`X`) [token]
2021-11-19T10:24:05,722|[TRACE] graph - <------- nonSkippedChar
2021-11-19T10:24:05,722|[TRACE] graph - <----- statementPart
2021-11-19T10:24:05,722|[TRACE] graph - -----> statementPart
2021-11-19T10:24:05,722|[TRACE] graph - -------> nonSkippedChar
2021-11-19T10:24:05,722|[TRACE] script - #out(`I`) [token]
2021-11-19T10:24:05,722|[TRACE] graph - <------- nonSkippedChar
2021-11-19T10:24:05,722|[TRACE] graph - <----- statementPart
2021-11-19T10:24:05,722|[TRACE] graph - -----> statementPart
2021-11-19T10:24:05,722|[TRACE] graph - -------> nonSkippedChar
2021-11-19T10:24:05,722|[TRACE] script - #out(`S`) [token]
2021-11-19T10:24:05,722|[TRACE] graph - <------- nonSkippedChar
2021-11-19T10:24:05,722|[TRACE] graph - <----- statementPart
2021-11-19T10:24:05,722|[TRACE] graph - -----> statementPart
2021-11-19T10:24:05,722|[TRACE] graph - -------> nonSkippedChar
2021-11-19T10:24:05,722|[TRACE] script - #out(`T`) [token]
2021-11-19T10:24:05,722|[TRACE] graph - <------- nonSkippedChar
2021-11-19T10:24:05,722|[TRACE] graph - <----- statementPart
2021-11-19T10:24:05,723|[TRACE] graph - -----> statementPart
2021-11-19T10:24:05,723|[TRACE] graph - -------> nonSkippedChar
2021-11-19T10:24:05,723|[TRACE] script - #out(`S`) [token]
2021-11-19T10:24:05,723|[TRACE] graph - <------- nonSkippedChar
2021-11-19T10:24:05,723|[TRACE] graph - <----- statementPart
2021-11-19T10:24:05,723|[TRACE] graph - -----> statementPart
2021-11-19T10:24:05,723|[TRACE] graph - -------> nonSkippedSpace
2021-11-19T10:24:05,723|[TRACE] script - #out(` `) [token]
2021-11-19T10:24:05,723|[TRACE] graph - <------- nonSkippedSpace
2021-11-19T10:24:05,723|[TRACE] graph - <----- statementPart
2021-11-19T10:24:05,723|[TRACE] graph - -----> statementPart
2021-11-19T10:24:05,723|[TRACE] graph - -------> quotedString
2021-11-19T10:24:05,723|[TRACE] script - #out(``bloodbank``) [token]
2021-11-19T10:24:05,723|[TRACE] graph - <------- quotedString
2021-11-19T10:24:05,723|[TRACE] graph - <----- statementPart
2021-11-19T10:24:05,723|[TRACE] graph - -----> statementPart
2021-11-19T10:24:05,723|[TRACE] graph - -------> nonSkippedChar
2021-11-19T10:24:05,723|[TRACE] script - #out(`.`) [token]
2021-11-19T10:24:05,723|[TRACE] graph - <------- nonSkippedChar
2021-11-19T10:24:05,723|[TRACE] graph - <----- statementPart
2021-11-19T10:24:05,723|[TRACE] graph - -----> statementPart
2021-11-19T10:24:05,723|[TRACE] graph - -------> quotedString
2021-11-19T10:24:05,723|[TRACE] script - #out(``address``) [token]
2021-11-19T10:24:05,723|[TRACE] graph - <------- quotedString
2021-11-19T10:24:05,723|[TRACE] graph - <----- statementPart
2021-11-19T10:24:05,723|[TRACE] graph - -----> statementPart
2021-11-19T10:24:05,723|[TRACE] graph - -------> nonSkippedSpace
2021-11-19T10:24:05,723|[TRACE] script - #out(` `) [token]
2021-11-19T10:24:05,723|[TRACE] graph - <------- nonSkippedSpace
2021-11-19T10:24:05,723|[TRACE] graph - <----- statementPart
2021-11-19T10:24:05,723|[TRACE] graph - -----> statementPart
2021-11-19T10:24:05,723|[TRACE] graph - -------> nonSkippedChar
2021-11-19T10:24:05,723|[TRACE] script - #out(`(`) [token]
2021-11-19T10:24:05,723|[TRACE] graph - <------- nonSkippedChar
2021-11-19T10:24:05,723|[TRACE] graph - <----- statementPart
2021-11-19T10:24:05,723|[TRACE] graph - -----> afterStatementPartNewline
2021-11-19T10:24:05,723|[TRACE] script - #out(` `) [text]
2021-11-19T10:24:05,723|[TRACE] graph - <----- afterStatementPartNewline
2021-11-19T10:24:05,723|[TRACE] graph - -----> statementPart
2021-11-19T10:24:05,723|[TRACE] graph - -------> nonSkippedSpace
2021-11-19T10:24:05,723|[TRACE] script - #out(` `) [token]
2021-11-19T10:24:05,723|[TRACE] graph - <------- nonSkippedSpace
2021-11-19T10:24:05,723|[TRACE] graph - <----- statementPart
2021-11-19T10:24:05,723|[TRACE] graph - -----> statementPart
2021-11-19T10:24:05,723|[TRACE] graph - -------> nonSkippedSpace
2021-11-19T10:24:05,723|[TRACE] script - #out(` `) [token]
2021-11-19T10:24:05,723|[TRACE] graph - <------- nonSkippedSpace
2021-11-19T10:24:05,723|[TRACE] graph - <----- statementPart
2021-11-19T10:24:05,723|[TRACE] graph - -----> statementPart
2021-11-19T10:24:05,723|[TRACE] graph - -------> quotedString
2021-11-19T10:24:05,723|[TRACE] script - #out(``address_id``) [token]
2021-11-19T10:24:05,723|[TRACE] graph - <------- quotedString
2021-11-19T10:24:05,723|[TRACE] graph - <----- statementPart
2021-11-19T10:24:05,723|[TRACE] graph - -----> statementPart
2021-11-19T10:24:05,723|[TRACE] graph - -------> nonSkippedSpace
2021-11-19T10:24:05,723|[TRACE] script - #out(` `) [token]
2021-11-19T10:24:05,723|[TRACE] graph - <------- nonSkippedSpace
2021-11-19T10:24:05,723|[TRACE] graph - <----- statementPart
2021-11-19T10:24:05,723|[TRACE] graph - -----> statementPart
2021-11-19T10:24:05,723|[TRACE] graph - -------> nonSkippedChar
2021-11-19T10:24:05,723|[TRACE] script - #out(`I`) [token]
2021-11-19T10:24:05,723|[TRACE] graph - <------- nonSkippedChar
2021-11-19T10:24:05,723|[TRACE] graph - <----- statementPart
2021-11-19T10:24:05,723|[TRACE] graph - -----> statementPart
2021-11-19T10:24:05,723|[TRACE] graph - -------> nonSkippedChar
2021-11-19T10:24:05,723|[TRACE] script - #out(`N`) [token]
2021-11-19T10:24:05,723|[TRACE] graph - <------- nonSkippedChar
2021-11-19T10:24:05,723|[TRACE] graph - <----- statementPart
2021-11-19T10:24:05,723|[TRACE] graph - -----> statementPart
2021-11-19T10:24:05,723|[TRACE] graph - -------> nonSkippedChar
2021-11-19T10:24:05,723|[TRACE] script - #out(`T`) [token]
2021-11-19T10:24:05,723|[TRACE] graph - <------- nonSkippedChar
2021-11-19T10:24:05,723|[TRACE] graph - <----- statementPart
2021-11-19T10:24:05,723|[TRACE] graph - -----> statementPart
2021-11-19T10:24:05,723|[TRACE] graph - -------> nonSkippedSpace
2021-11-19T10:24:05,723|[TRACE] script - #out(` `) [token]
2021-11-19T10:24:05,723|[TRACE] graph - <------- nonSkippedSpace
2021-11-19T10:24:05,723|[TRACE] graph - <----- statementPart
2021-11-19T10:24:05,723|[TRACE] graph - -----> statementPart
2021-11-19T10:24:05,723|[TRACE] graph - -------> nonSkippedChar
2021-11-19T10:24:05,723|[TRACE] script - #out(`N`) [token]
2021-11-19T10:24:05,723|[TRACE] graph - <------- nonSkippedChar
2021-11-19T10:24:05,723|[TRACE] graph - <----- statementPart
2021-11-19T10:24:05,723|[TRACE] graph - -----> statementPart
2021-11-19T10:24:05,723|[TRACE] graph - -------> nonSkippedChar
2021-11-19T10:24:05,723|[TRACE] script - #out(`O`) [token]
2021-11-19T10:24:05,723|[TRACE] graph - <------- nonSkippedChar
2021-11-19T10:24:05,723|[TRACE] graph - <----- statementPart
2021-11-19T10:24:05,723|[TRACE] graph - -----> statementPart
2021-11-19T10:24:05,723|[TRACE] graph - -------> nonSkippedChar
2021-11-19T10:24:05,723|[TRACE] script - #out(`T`) [token]
2021-11-19T10:24:05,723|[TRACE] graph - <------- nonSkippedChar
2021-11-19T10:24:05,723|[TRACE] graph - <----- statementPart
2021-11-19T10:24:05,723|[TRACE] graph - -----> statementPart
2021-11-19T10:24:05,723|[TRACE] graph - -------> nonSkippedSpace
2021-11-19T10:24:05,723|[TRACE] script - #out(` `) [token]
2021-11-19T10:24:05,723|[TRACE] graph - <------- nonSkippedSpace
2021-11-19T10:24:05,723|[TRACE] graph - <----- statementPart
2021-11-19T10:24:05,723|[TRACE] graph - -----> statementPart
2021-11-19T10:24:05,723|[TRACE] graph - -------> nonSkippedChar
2021-11-19T10:24:05,723|[TRACE] script - #out(`N`) [token]
2021-11-19T10:24:05,723|[TRACE] graph - <------- nonSkippedChar
2021-11-19T10:24:05,723|[TRACE] graph - <----- statementPart
2021-11-19T10:24:05,723|[TRACE] graph - -----> statementPart
2021-11-19T10:24:05,723|[TRACE] graph - -------> nonSkippedChar
2021-11-19T10:24:05,723|[TRACE] script - #out(`U`) [token]
2021-11-19T10:24:05,723|[TRACE] graph - <------- nonSkippedChar
2021-11-19T10:24:05,723|[TRACE] graph - <----- statementPart
2021-11-19T10:24:05,723|[TRACE] graph - -----> statementPart
2021-11-19T10:24:05,723|[TRACE] graph - -------> nonSkippedChar
2021-11-19T10:24:05,723|[TRACE] script - #out(`L`) [token]
2021-11-19T10:24:05,723|[TRACE] graph - <------- nonSkippedChar
2021-11-19T10:24:05,723|[TRACE] graph - <----- statementPart
2021-11-19T10:24:05,723|[TRACE] graph - -----> statementPart
2021-11-19T10:24:05,723|[TRACE] graph - -------> nonSkippedChar
2021-11-19T10:24:05,723|[TRACE] script - #out(`L`) [token]
2021-11-19T10:24:05,723|[TRACE] graph - <------- nonSkippedChar
2021-11-19T10:24:05,724|[TRACE] graph - <----- statementPart
2021-11-19T10:24:05,724|[TRACE] graph - -----> statementPart
2021-11-19T10:24:05,724|[TRACE] graph - -------> nonSkippedSpace
2021-11-19T10:24:05,724|[TRACE] script - #out(` `) [token]
2021-11-19T10:24:05,724|[TRACE] graph - <------- nonSkippedSpace
2021-11-19T10:24:05,724|[TRACE] graph - <----- statementPart
2021-11-19T10:24:05,724|[TRACE] graph - -----> statementPart
2021-11-19T10:24:05,724|[TRACE] graph - -------> nonSkippedChar
2021-11-19T10:24:05,724|[TRACE] script - #out(`A`) [token]
2021-11-19T10:24:05,724|[TRACE] graph - <------- nonSkippedChar
2021-11-19T10:24:05,724|[TRACE] graph - <----- statementPart
2021-11-19T10:24:05,724|[TRACE] graph - -----> statementPart
2021-11-19T10:24:05,724|[TRACE] graph - -------> nonSkippedChar
2021-11-19T10:24:05,724|[TRACE] script - #out(`U`) [token]
2021-11-19T10:24:05,879|[TRACE] graph - <------- nonSkippedChar
2021-11-19T10:24:05,879|[TRACE] graph - <----- statementPart
2021-11-19T10:24:05,880|[TRACE] graph - -----> statementPart
2021-11-19T10:24:05,880|[TRACE] graph - -------> nonSkippedChar
2021-11-19T10:24:05,880|[TRACE] script - #out(`T`) [token]
2021-11-19T10:24:05,880|[TRACE] graph - <------- nonSkippedChar
2021-11-19T10:24:05,880|[TRACE] graph - <----- statementPart
2021-11-19T10:24:05,880|[TRACE] graph - -----> statementPart
2021-11-19T10:24:05,880|[TRACE] graph - -------> nonSkippedChar
2021-11-19T10:24:05,880|[TRACE] script - #out(`O`) [token]
2021-11-19T10:24:05,880|[TRACE] graph - <------- nonSkippedChar
2021-11-19T10:24:05,880|[TRACE] graph - <----- statementPart
2021-11-19T10:24:05,880|[TRACE] graph - -----> statementPart
2021-11-19T10:24:05,880|[TRACE] graph - -------> nonSkippedChar
2021-11-19T10:24:05,880|[TRACE] script - #out(`_`) [token]
2021-11-19T10:24:05,880|[TRACE] graph - <------- nonSkippedChar
2021-11-19T10:24:05,880|[TRACE] graph - <----- statementPart
2021-11-19T10:24:05,880|[TRACE] graph - -----> statementPart
2021-11-19T10:24:05,880|[TRACE] graph - -------> nonSkippedChar
2021-11-19T10:24:05,880|[TRACE] script - #out(`I`) [token]
2021-11-19T10:24:05,880|[TRACE] graph - <------- nonSkippedChar
2021-11-19T10:24:05,880|[TRACE] graph - <----- statementPart
2021-11-19T10:24:05,880|[TRACE] graph - -----> statementPart
2021-11-19T10:24:05,880|[TRACE] graph - -------> nonSkippedChar
2021-11-19T10:24:05,880|[TRACE] script - #out(`N`) [token]
2021-11-19T10:24:05,880|[TRACE] graph - <------- nonSkippedChar
2021-11-19T10:24:05,880|[TRACE] graph - <----- statementPart
2021-11-19T10:24:05,880|[TRACE] graph - -----> statementPart
2021-11-19T10:24:05,880|[TRACE] graph - -------> nonSkippedChar
2021-11-19T10:24:05,880|[TRACE] script - #out(`C`) [token]
2021-11-19T10:24:05,880|[TRACE] graph - <------- nonSkippedChar
2021-11-19T10:24:05,880|[TRACE] graph - <----- statementPart
2021-11-19T10:24:05,880|[TRACE] graph - -----> statementPart
2021-11-19T10:24:05,880|[TRACE] graph - -------> nonSkippedChar
2021-11-19T10:24:05,880|[TRACE] script - #out(`R`) [token]
2021-11-19T10:24:05,880|[TRACE] graph - <------- nonSkippedChar
2021-11-19T10:24:05,880|[TRACE] graph - <----- statementPart
2021-11-19T10:24:05,880|[TRACE] graph - -----> statementPart
2021-11-19T10:24:05,880|[TRACE] graph - -------> nonSkippedChar
2021-11-19T10:24:05,880|[TRACE] script - #out(`E`) [token]
2021-11-19T10:24:05,880|[TRACE] graph - <------- nonSkippedChar
2021-11-19T10:24:05,880|[TRACE] graph - <----- statementPart
2021-11-19T10:24:05,880|[TRACE] graph - -----> statementPart
2021-11-19T10:24:05,880|[TRACE] graph - -------> nonSkippedChar
2021-11-19T10:24:05,880|[TRACE] script - #out(`M`) [token]
2021-11-19T10:24:05,880|[TRACE] graph - <------- nonSkippedChar
2021-11-19T10:24:05,880|[TRACE] graph - <----- statementPart
2021-11-19T10:24:05,880|[TRACE] graph - -----> statementPart
2021-11-19T10:24:05,880|[TRACE] graph - -------> nonSkippedChar
2021-11-19T10:24:05,880|[TRACE] script - #out(`E`) [token]
2021-11-19T10:24:05,880|[TRACE] graph - <------- nonSkippedChar
2021-11-19T10:24:05,880|[TRACE] graph - <----- statementPart
2021-11-19T10:24:05,880|[TRACE] graph - -----> statementPart
2021-11-19T10:24:05,880|[TRACE] graph - -------> nonSkippedChar
2021-11-19T10:24:05,880|[TRACE] script - #out(`N`) [token]
2021-11-19T10:24:05,880|[TRACE] graph - <------- nonSkippedChar
2021-11-19T10:24:05,880|[TRACE] graph - <----- statementPart
2021-11-19T10:24:05,880|[TRACE] graph - -----> statementPart
2021-11-19T10:24:05,880|[TRACE] graph - -------> nonSkippedChar
2021-11-19T10:24:05,880|[TRACE] script - #out(`T`) [token]
2021-11-19T10:24:05,880|[TRACE] graph - <------- nonSkippedChar
2021-11-19T10:24:05,880|[TRACE] graph - <----- statementPart
2021-11-19T10:24:05,880|[TRACE] graph - -----> statementPart
2021-11-19T10:24:05,880|[TRACE] graph - -------> nonSkippedChar
2021-11-19T10:24:05,880|[TRACE] script - #out(`,`) [token]
2021-11-19T10:24:05,880|[TRACE] graph - <------- nonSkippedChar
2021-11-19T10:24:05,880|[TRACE] graph - <----- statementPart
2021-11-19T10:24:05,880|[TRACE] graph - -----> afterStatementPartNewline
2021-11-19T10:24:05,880|[TRACE] script - #out(` `) [text]
2021-11-19T10:24:05,880|[TRACE] graph - <----- afterStatementPartNewline
2021-11-19T10:24:05,880|[TRACE] graph - -----> statementPart
2021-11-19T10:24:05,880|[TRACE] graph - -------> nonSkippedSpace
2021-11-19T10:24:05,880|[TRACE] script - #out(` `) [token]
2021-11-19T10:24:05,880|[TRACE] graph - <------- nonSkippedSpace
2021-11-19T10:24:05,880|[TRACE] graph - <----- statementPart
2021-11-19T10:24:05,880|[TRACE] graph - -----> statementPart
2021-11-19T10:24:05,880|[TRACE] graph - -------> nonSkippedSpace
2021-11-19T10:24:05,880|[TRACE] script - #out(` `) [token]
2021-11-19T10:24:05,880|[TRACE] graph - <------- nonSkippedSpace
2021-11-19T10:24:05,880|[TRACE] graph - <----- statementPart
2021-11-19T10:24:05,880|[TRACE] graph - -----> statementPart
2021-11-19T10:24:05,880|[TRACE] graph - -------> quotedString
2021-11-19T10:24:05,880|[TRACE] script - #out(``street_number``) [token]
2021-11-19T10:24:05,880|[TRACE] graph - <------- quotedString
2021-11-19T10:24:05,880|[TRACE] graph - <----- statementPart
2021-11-19T10:24:05,880|[TRACE] graph - -----> statementPart
2021-11-19T10:24:05,880|[TRACE] graph - -------> nonSkippedSpace
2021-11-19T10:24:05,880|[TRACE] script - #out(` `) [token]
2021-11-19T10:24:05,880|[TRACE] graph - <------- nonSkippedSpace
2021-11-19T10:24:05,880|[TRACE] graph - <----- statementPart
2021-11-19T10:24:05,880|[TRACE] graph - -----> statementPart
2021-11-19T10:24:05,880|[TRACE] graph - -------> nonSkippedChar
2021-11-19T10:24:05,880|[TRACE] script - #out(`V`) [token]
2021-11-19T10:24:05,880|[TRACE] graph - <------- nonSkippedChar
2021-11-19T10:24:05,880|[TRACE] graph - <----- statementPart
2021-11-19T10:24:05,880|[TRACE] graph - -----> statementPart
2021-11-19T10:24:05,880|[TRACE] graph - -------> nonSkippedChar
2021-11-19T10:24:05,880|[TRACE] script - #out(`A`) [token]
2021-11-19T10:24:05,880|[TRACE] graph - <------- nonSkippedChar
2021-11-19T10:24:05,880|[TRACE] graph - <----- statementPart
2021-11-19T10:24:05,880|[TRACE] graph - -----> statementPart
2021-11-19T10:24:05,880|[TRACE] graph - -------> nonSkippedChar
2021-11-19T10:24:05,880|[TRACE] script - #out(`R`) [token]
2021-11-19T10:24:05,880|[TRACE] graph - <------- nonSkippedChar
2021-11-19T10:24:05,880|[TRACE] graph - <----- statementPart
2021-11-19T10:24:05,880|[TRACE] graph - -----> statementPart
2021-11-19T10:24:05,880|[TRACE] graph - -------> nonSkippedChar
2021-11-19T10:24:05,880|[TRACE] script - #out(`C`) [token]
2021-11-19T10:24:05,880|[TRACE] graph - <------- nonSkippedChar
2021-11-19T10:24:05,880|[TRACE] graph - <----- statementPart
2021-11-19T10:24:05,880|[TRACE] graph - -----> statementPart
2021-11-19T10:24:05,880|[TRACE] graph - -------> nonSkippedChar
2021-11-19T10:24:05,880|[TRACE] script - #out(`H`) [token]
2021-11-19T10:24:05,880|[TRACE] graph - <------- nonSkippedChar
2021-11-19T10:24:05,880|[TRACE] graph - <----- statementPart
2021-11-19T10:24:05,880|[TRACE] graph - -----> statementPart
2021-11-19T10:24:05,880|[TRACE] graph - -------> nonSkippedChar
2021-11-19T10:24:05,880|[TRACE] script - #out(`A`) [token]
2021-11-19T10:24:05,880|[TRACE] graph - <------- nonSkippedChar
2021-11-19T10:24:05,880|[TRACE] graph - <----- statementPart
2021-11-19T10:24:05,880|[TRACE] graph - -----> statementPart
2021-11-19T10:24:05,880|[TRACE] graph - -------> nonSkippedChar
2021-11-19T10:24:05,880|[TRACE] script - #out(`R`) [token]
2021-11-19T10:24:05,880|[TRACE] graph - <------- nonSkippedChar
2021-11-19T10:24:05,880|[TRACE] graph - <----- statementPart
2021-11-19T10:24:05,880|[TRACE] graph - -----> statementPart
2021-11-19T10:24:05,880|[TRACE] graph - -------> nonSkippedChar
2021-11-19T10:24:05,880|[TRACE] script - #out(`(`) [token]
2021-11-19T10:24:05,880|[TRACE] graph - <------- nonSkippedChar
2021-11-19T10:24:05,880|[TRACE] graph - <----- statementPart
2021-11-19T10:24:05,881|[TRACE] graph - -----> statementPart
2021-11-19T10:24:05,881|[TRACE] graph - -------> nonSkippedChar
2021-11-19T10:24:05,881|[TRACE] script - #out(`1`) [token]
2021-11-19T10:24:05,881|[TRACE] graph - <------- nonSkippedChar
2021-11-19T10:24:05,881|[TRACE] graph - <----- statementPart
2021-11-19T10:24:05,881|[TRACE] graph - -----> statementPart
2021-11-19T10:24:05,881|[TRACE] graph - -------> nonSkippedChar
2021-11-19T10:24:05,881|[TRACE] script - #out(`0`) [token]
2021-11-19T10:24:05,881|[TRACE] graph - <------- nonSkippedChar
2021-11-19T10:24:05,881|[TRACE] graph - <----- statementPart
2021-11-19T10:24:05,881|[TRACE] graph - -----> statementPart
2021-11-19T10:24:05,881|[TRACE] graph - -------> nonSkippedChar
2021-11-19T10:24:05,881|[TRACE] script - #out(`)`) [token]
2021-11-19T10:24:05,881|[TRACE] graph - <------- nonSkippedChar
2021-11-19T10:24:05,881|[TRACE] graph - <----- statementPart
2021-11-19T10:24:05,881|[TRACE] graph - -----> statementPart
2021-11-19T10:24:05,881|[TRACE] graph - -------> nonSkippedSpace
2021-11-19T10:24:05,881|[TRACE] script - #out(` `) [token]
2021-11-19T10:24:05,881|[TRACE] graph - <------- nonSkippedSpace
2021-11-19T10:24:05,881|[TRACE] graph - <----- statementPart
2021-11-19T10:24:05,881|[TRACE] graph - -----> statementPart
2021-11-19T10:24:05,881|[TRACE] graph - -------> nonSkippedChar
2021-11-19T10:24:05,881|[TRACE] script - #out(`N`) [token]
2021-11-19T10:24:05,881|[TRACE] graph - <------- nonSkippedChar
2021-11-19T10:24:05,881|[TRACE] graph - <----- statementPart
2021-11-19T10:24:05,881|[TRACE] graph - -----> statementPart
2021-11-19T10:24:05,881|[TRACE] graph - -------> nonSkippedChar
2021-11-19T10:24:05,881|[TRACE] script - #out(`O`) [token]
2021-11-19T10:24:05,881|[TRACE] graph - <------- nonSkippedChar
2021-11-19T10:24:05,881|[TRACE] graph - <----- statementPart
2021-11-19T10:24:05,881|[TRACE] graph - -----> statementPart
2021-11-19T10:24:05,881|[TRACE] graph - -------> nonSkippedChar
2021-11-19T10:24:05,881|[TRACE] script - #out(`T`) [token]
2021-11-19T10:24:05,881|[TRACE] graph - <------- nonSkippedChar
2021-11-19T10:24:05,881|[TRACE] graph - <----- statementPart
2021-11-19T10:24:05,881|[TRACE] graph - -----> statementPart
2021-11-19T10:24:05,881|[TRACE] graph - -------> nonSkippedSpace
2021-11-19T10:24:05,881|[TRACE] script - #out(` `) [token]
2021-11-19T10:24:05,881|[TRACE] graph - <------- nonSkippedSpace
2021-11-19T10:24:05,881|[TRACE] graph - <----- statementPart
2021-11-19T10:24:05,881|[TRACE] graph - -----> statementPart
2021-11-19T10:24:05,881|[TRACE] graph - -------> nonSkippedChar
2021-11-19T10:24:05,881|[TRACE] script - #out(`N`) [token]
2021-11-19T10:24:05,881|[TRACE] graph - <------- nonSkippedChar
2021-11-19T10:24:05,881|[TRACE] graph - <----- statementPart
2021-11-19T10:24:05,881|[TRACE] graph - -----> statementPart
2021-11-19T10:24:05,881|[TRACE] graph - -------> nonSkippedChar
2021-11-19T10:24:05,881|[TRACE] script - #out(`U`) [token]
2021-11-19T10:24:05,881|[TRACE] graph - <------- nonSkippedChar
2021-11-19T10:24:05,881|[TRACE] graph - <----- statementPart
2021-11-19T10:24:05,881|[TRACE] graph - -----> statementPart
2021-11-19T10:24:05,881|[TRACE] graph - -------> nonSkippedChar
2021-11-19T10:24:05,881|[TRACE] script - #out(`L`) [token]
2021-11-19T10:24:05,881|[TRACE] graph - <------- nonSkippedChar
2021-11-19T10:24:05,881|[TRACE] graph - <----- statementPart
2021-11-19T10:24:05,881|[TRACE] graph - -----> statementPart
2021-11-19T10:24:05,881|[TRACE] graph - -------> nonSkippedChar
2021-11-19T10:24:05,881|[TRACE] script - #out(`L`) [token]
2021-11-19T10:24:05,881|[TRACE] graph - <------- nonSkippedChar
2021-11-19T10:24:05,881|[TRACE] graph - <----- statementPart
2021-11-19T10:24:05,881|[TRACE] graph - -----> statementPart
2021-11-19T10:24:05,881|[TRACE] graph - -------> nonSkippedChar
2021-11-19T10:24:05,881|[TRACE] script - #out(`,`) [token]
2021-11-19T10:24:05,881|[TRACE] graph - <------- nonSkippedChar
2021-11-19T10:24:05,881|[TRACE] graph - <----- statementPart
2021-11-19T10:24:05,881|[TRACE] graph - -----> afterStatementPartNewline
2021-11-19T10:24:05,881|[TRACE] script - #out(` `) [text]
2021-11-19T10:24:05,881|[TRACE] graph - <----- afterStatementPartNewline
2021-11-19T10:24:05,881|[TRACE] graph - -----> statementPart
2021-11-19T10:24:05,881|[TRACE] graph - -------> nonSkippedSpace
2021-11-19T10:24:05,881|[TRACE] script - #out(` `) [token]
2021-11-19T10:24:05,881|[TRACE] graph - <------- nonSkippedSpace
2021-11-19T10:24:05,881|[TRACE] graph - <----- statementPart
2021-11-19T10:24:05,881|[TRACE] graph - -----> statementPart
2021-11-19T10:24:05,881|[TRACE] graph - -------> nonSkippedSpace
2021-11-19T10:24:05,881|[TRACE] script - #out(` `) [token]
2021-11-19T10:24:05,881|[TRACE] graph - <------- nonSkippedSpace
2021-11-19T10:24:05,881|[TRACE] graph - <----- statementPart
2021-11-19T10:24:05,881|[TRACE] graph - -----> statementPart
2021-11-19T10:24:05,881|[TRACE] graph - -------> quotedString
2021-11-19T10:24:05,881|[TRACE] script - #out(``street``) [token]
2021-11-19T10:24:05,881|[TRACE] graph - <------- quotedString
2021-11-19T10:24:05,881|[TRACE] graph - <----- statementPart
2021-11-19T10:24:05,881|[TRACE] graph - -----> statementPart
2021-11-19T10:24:05,881|[TRACE] graph - -------> nonSkippedSpace
2021-11-19T10:24:05,881|[TRACE] script - #out(` `) [token]
2021-11-19T10:24:05,881|[TRACE] graph - <------- nonSkippedSpace
2021-11-19T10:24:05,881|[TRACE] graph - <----- statementPart
2021-11-19T10:24:05,881|[TRACE] graph - -----> statementPart
2021-11-19T10:24:05,881|[TRACE] graph - -------> nonSkippedChar
2021-11-19T10:24:05,881|[TRACE] script - #out(`V`) [token]
2021-11-19T10:24:05,881|[TRACE] graph - <------- nonSkippedChar
2021-11-19T10:24:05,881|[TRACE] graph - <----- statementPart
2021-11-19T10:24:05,881|[TRACE] graph - -----> statementPart
2021-11-19T10:24:05,881|[TRACE] graph - -------> nonSkippedChar
2021-11-19T10:24:05,881|[TRACE] script - #out(`A`) [token]
2021-11-19T10:24:05,881|[TRACE] graph - <------- nonSkippedChar
2021-11-19T10:24:05,881|[TRACE] graph - <----- statementPart
2021-11-19T10:24:05,881|[TRACE] graph - -----> statementPart
2021-11-19T10:24:05,881|[TRACE] graph - -------> nonSkippedChar
2021-11-19T10:24:05,881|[TRACE] script - #out(`R`) [token]
2021-11-19T10:24:05,881|[TRACE] graph - <------- nonSkippedChar
2021-11-19T10:24:05,881|[TRACE] graph - <----- statementPart
2021-11-19T10:24:05,881|[TRACE] graph - -----> statementPart
2021-11-19T10:24:05,881|[TRACE] graph - -------> nonSkippedChar
2021-11-19T10:24:05,881|[TRACE] script - #out(`C`) [token]
2021-11-19T10:24:05,881|[TRACE] graph - <------- nonSkippedChar
2021-11-19T10:24:05,881|[TRACE] graph - <----- statementPart
2021-11-19T10:24:05,881|[TRACE] graph - -----> statementPart
2021-11-19T10:24:05,881|[TRACE] graph - -------> nonSkippedChar
2021-11-19T10:24:05,881|[TRACE] script - #out(`H`) [token]
2021-11-19T10:24:05,881|[TRACE] graph - <------- nonSkippedChar
2021-11-19T10:24:05,881|[TRACE] graph - <----- statementPart
2021-11-19T10:24:05,881|[TRACE] graph - -----> statementPart
2021-11-19T10:24:05,881|[TRACE] graph - -------> nonSkippedChar
2021-11-19T10:24:05,881|[TRACE] script - #out(`A`) [token]
2021-11-19T10:24:05,881|[TRACE] graph - <------- nonSkippedChar
2021-11-19T10:24:05,881|[TRACE] graph - <----- statementPart
2021-11-19T10:24:05,881|[TRACE] graph - -----> statementPart
2021-11-19T10:24:05,881|[TRACE] graph - -------> nonSkippedChar
2021-11-19T10:24:05,881|[TRACE] script - #out(`R`) [token]
2021-11-19T10:24:05,881|[TRACE] graph - <------- nonSkippedChar
2021-11-19T10:24:05,881|[TRACE] graph - <----- statementPart
2021-11-19T10:24:05,881|[TRACE] graph - -----> statementPart
2021-11-19T10:24:05,881|[TRACE] graph - -------> nonSkippedChar
2021-11-19T10:24:05,881|[TRACE] script - #out(`(`) [token]
2021-11-19T10:24:05,881|[TRACE] graph - <------- nonSkippedChar
2021-11-19T10:24:05,881|[TRACE] graph - <----- statementPart
2021-11-19T10:24:05,881|[TRACE] graph - -----> statementPart
2021-11-19T10:24:05,881|[TRACE] graph - -------> nonSkippedChar
2021-11-19T10:24:05,881|[TRACE] script - #out(`1`) [token]
2021-11-19T10:24:05,881|[TRACE] graph - <------- nonSkippedChar
2021-11-19T10:24:05,881|[TRACE] graph - <----- statementPart
2021-11-19T10:24:05,881|[TRACE] graph - -----> statementPart
2021-11-19T10:24:05,881|[TRACE] graph - -------> nonSkippedChar
2021-11-19T10:24:05,881|[TRACE] script - #out(`0`) [token]
2021-11-19T10:24:05,881|[TRACE] graph - <------- nonSkippedChar
2021-11-19T10:24:05,881|[TRACE] graph - <----- statementPart
2021-11-19T10:24:05,881|[TRACE] graph - -----> statementPart
2021-11-19T10:24:05,881|[TRACE] graph - -------> nonSkippedChar
2021-11-19T10:24:05,881|[TRACE] script - #out(`0`) [token]
2021-11-19T10:24:05,881|[TRACE] graph - <------- nonSkippedChar
2021-11-19T10:24:05,881|[TRACE] graph - <----- statementPart
2021-11-19T10:24:05,881|[TRACE] graph - -----> statementPart
2021-11-19T10:24:05,881|[TRACE] graph - -------> nonSkippedChar
2021-11-19T10:24:05,881|[TRACE] script - #out(`)`) [token]
2021-11-19T10:24:05,881|[TRACE] graph - <------- nonSkippedChar
2021-11-19T10:24:05,881|[TRACE] graph - <----- statementPart
2021-11-19T10:24:05,881|[TRACE] graph - -----> statementPart
2021-11-19T10:24:05,881|[TRACE] graph - -------> nonSkippedSpace
2021-11-19T10:24:05,881|[TRACE] script - #out(` `) [token]
2021-11-19T10:24:05,881|[TRACE] graph - <------- nonSkippedSpace
2021-11-19T10:24:05,881|[TRACE] graph - <----- statementPart
2021-11-19T10:24:05,882|[TRACE] graph - -----> statementPart
2021-11-19T10:24:05,882|[TRACE] graph - -------> nonSkippedChar
2021-11-19T10:24:05,882|[TRACE] script - #out(`N`) [token]
2021-11-19T10:24:05,882|[TRACE] graph - <------- nonSkippedChar
2021-11-19T10:24:05,882|[TRACE] graph - <----- statementPart
2021-11-19T10:24:05,882|[TRACE] graph - -----> statementPart
2021-11-19T10:24:05,882|[TRACE] graph - -------> nonSkippedChar
2021-11-19T10:24:05,882|[TRACE] script - #out(`O`) [token]
2021-11-19T10:24:05,882|[TRACE] graph - <------- nonSkippedChar
2021-11-19T10:24:05,882|[TRACE] graph - <----- statementPart
2021-11-19T10:24:05,882|[TRACE] graph - -----> statementPart
2021-11-19T10:24:05,882|[TRACE] graph - -------> nonSkippedChar
2021-11-19T10:24:05,882|[TRACE] script - #out(`T`) [token]
2021-11-19T10:24:05,882|[TRACE] graph - <------- nonSkippedChar
2021-11-19T10:24:05,882|[TRACE] graph - <----- statementPart
2021-11-19T10:24:05,882|[TRACE] graph - -----> statementPart
2021-11-19T10:24:05,882|[TRACE] graph - -------> nonSkippedSpace
2021-11-19T10:24:05,882|[TRACE] script - #out(` `) [token]
2021-11-19T10:24:05,882|[TRACE] graph - <------- nonSkippedSpace
2021-11-19T10:24:05,882|[TRACE] graph - <----- statementPart
2021-11-19T10:24:05,882|[TRACE] graph - -----> statementPart
2021-11-19T10:24:05,882|[TRACE] graph - -------> nonSkippedChar
2021-11-19T10:24:05,882|[TRACE] script - #out(`N`) [token]
2021-11-19T10:24:05,882|[TRACE] graph - <------- nonSkippedChar
2021-11-19T10:24:05,882|[TRACE] graph - <----- statementPart
2021-11-19T10:24:05,882|[TRACE] graph - -----> statementPart
2021-11-19T10:24:05,882|[TRACE] graph - -------> nonSkippedChar
2021-11-19T10:24:05,882|[TRACE] script - #out(`U`) [token]
2021-11-19T10:24:05,882|[TRACE] graph - <------- nonSkippedChar
2021-11-19T10:24:05,882|[TRACE] graph - <----- statementPart
2021-11-19T10:24:05,882|[TRACE] graph - -----> statementPart
2021-11-19T10:24:05,882|[TRACE] graph - -------> nonSkippedChar
2021-11-19T10:24:05,882|[TRACE] script - #out(`L`) [token]
2021-11-19T10:24:05,882|[TRACE] graph - <------- nonSkippedChar
2021-11-19T10:24:05,882|[TRACE] graph - <----- statementPart
2021-11-19T10:24:05,882|[TRACE] graph - -----> statementPart
2021-11-19T10:24:05,882|[TRACE] graph - -------> nonSkippedChar
2021-11-19T10:24:05,882|[TRACE] script - #out(`L`) [token]
2021-11-19T10:24:05,882|[TRACE] graph - <------- nonSkippedChar
2021-11-19T10:24:05,882|[TRACE] graph - <----- statementPart
2021-11-19T10:24:05,882|[TRACE] graph - -----> statementPart
2021-11-19T10:24:05,882|[TRACE] graph - -------> nonSkippedChar
2021-11-19T10:24:05,882|[TRACE] script - #out(`,`) [token]
2021-11-19T10:24:05,882|[TRACE] graph - <------- nonSkippedChar
2021-11-19T10:24:05,882|[TRACE] graph - <----- statementPart
2021-11-19T10:24:05,882|[TRACE] graph - -----> afterStatementPartNewline
2021-11-19T10:24:05,882|[TRACE] script - #out(` `) [text]
2021-11-19T10:24:05,882|[TRACE] graph - <----- afterStatementPartNewline
2021-11-19T10:24:05,882|[TRACE] graph - -----> statementPart
2021-11-19T10:24:05,882|[TRACE] graph - -------> nonSkippedSpace
2021-11-19T10:24:05,882|[TRACE] script - #out(` `) [token]
2021-11-19T10:24:05,882|[TRACE] graph - <------- nonSkippedSpace
2021-11-19T10:24:05,882|[TRACE] graph - <----- statementPart
2021-11-19T10:24:05,882|[TRACE] graph - -----> statementPart
2021-11-19T10:24:05,882|[TRACE] graph - -------> nonSkippedSpace
2021-11-19T10:24:05,882|[TRACE] script - #out(` `) [token]
2021-11-19T10:24:05,882|[TRACE] graph - <------- nonSkippedSpace
2021-11-19T10:24:05,882|[TRACE] graph - <----- statementPart
2021-11-19T10:24:05,882|[TRACE] graph - -----> statementPart
2021-11-19T10:24:05,882|[TRACE] graph - -------> quotedString
2021-11-19T10:24:05,882|[TRACE] script - #out(``city``) [token]
2021-11-19T10:24:05,882|[TRACE] graph - <------- quotedString
2021-11-19T10:24:05,882|[TRACE] graph - <----- statementPart
2021-11-19T10:24:05,882|[TRACE] graph - -----> statementPart
2021-11-19T10:24:05,882|[TRACE] graph - -------> nonSkippedSpace
2021-11-19T10:24:05,882|[TRACE] script - #out(` `) [token]
2021-11-19T10:24:05,882|[TRACE] graph - <------- nonSkippedSpace
2021-11-19T10:24:05,882|[TRACE] graph - <----- statementPart
2021-11-19T10:24:05,882|[TRACE] graph - -----> statementPart
2021-11-19T10:24:05,882|[TRACE] graph - -------> nonSkippedChar
2021-11-19T10:24:05,882|[TRACE] script - #out(`V`) [token]
2021-11-19T10:24:05,882|[TRACE] graph - <------- nonSkippedChar
2021-11-19T10:24:05,882|[TRACE] graph - <----- statementPart
2021-11-19T10:24:05,882|[TRACE] graph - -----> statementPart
2021-11-19T10:24:05,882|[TRACE] graph - -------> nonSkippedChar
2021-11-19T10:24:05,882|[TRACE] script - #out(`A`) [token]
2021-11-19T10:24:05,882|[TRACE] graph - <------- nonSkippedChar
2021-11-19T10:24:05,882|[TRACE] graph - <----- statementPart
2021-11-19T10:24:05,882|[TRACE] graph - -----> statementPart
2021-11-19T10:24:05,882|[TRACE] graph - -------> nonSkippedChar
2021-11-19T10:24:05,882|[TRACE] script - #out(`R`) [token]
2021-11-19T10:24:05,882|[TRACE] graph - <------- nonSkippedChar
2021-11-19T10:24:05,882|[TRACE] graph - <----- statementPart
2021-11-19T10:24:05,882|[TRACE] graph - -----> statementPart
2021-11-19T10:24:05,882|[TRACE] graph - -------> nonSkippedChar
2021-11-19T10:24:05,882|[TRACE] script - #out(`C`) [token]
2021-11-19T10:24:05,882|[TRACE] graph - <------- nonSkippedChar
2021-11-19T10:24:05,882|[TRACE] graph - <----- statementPart
2021-11-19T10:24:05,882|[TRACE] graph - -----> statementPart
2021-11-19T10:24:05,882|[TRACE] graph - -------> nonSkippedChar
2021-11-19T10:24:05,882|[TRACE] script - #out(`H`) [token]
2021-11-19T10:24:05,882|[TRACE] graph - <------- nonSkippedChar
2021-11-19T10:24:05,882|[TRACE] graph - <----- statementPart
2021-11-19T10:24:05,882|[TRACE] graph - -----> statementPart
2021-11-19T10:24:05,882|[TRACE] graph - -------> nonSkippedChar
2021-11-19T10:24:05,882|[TRACE] script - #out(`A`) [token]
2021-11-19T10:24:05,882|[TRACE] graph - <------- nonSkippedChar
2021-11-19T10:24:05,882|[TRACE] graph - <----- statementPart
2021-11-19T10:24:05,882|[TRACE] graph - -----> statementPart
2021-11-19T10:24:05,882|[TRACE] graph - -------> nonSkippedChar
2021-11-19T10:24:05,882|[TRACE] script - #out(`R`) [token]
2021-11-19T10:24:05,882|[TRACE] graph - <------- nonSkippedChar
2021-11-19T10:24:05,882|[TRACE] graph - <----- statementPart
2021-11-19T10:24:05,882|[TRACE] graph - -----> statementPart
2021-11-19T10:24:05,882|[TRACE] graph - -------> nonSkippedChar
2021-11-19T10:24:05,882|[TRACE] script - #out(`(`) [token]
2021-11-19T10:24:05,882|[TRACE] graph - <------- nonSkippedChar
2021-11-19T10:24:05,882|[TRACE] graph - <----- statementPart
2021-11-19T10:24:05,882|[TRACE] graph - -----> statementPart
2021-11-19T10:24:05,882|[TRACE] graph - -------> nonSkippedChar
2021-11-19T10:24:05,882|[TRACE] script - #out(`1`) [token]
2021-11-19T10:24:05,882|[TRACE] graph - <------- nonSkippedChar
2021-11-19T10:24:05,882|[TRACE] graph - <----- statementPart
2021-11-19T10:24:05,882|[TRACE] graph - -----> statementPart
2021-11-19T10:24:05,882|[TRACE] graph - -------> nonSkippedChar
2021-11-19T10:24:05,882|[TRACE] script - #out(`0`) [token]
2021-11-19T10:24:05,882|[TRACE] graph - <------- nonSkippedChar
2021-11-19T10:24:05,882|[TRACE] graph - <----- statementPart
2021-11-19T10:24:05,882|[TRACE] graph - -----> statementPart
2021-11-19T10:24:05,882|[TRACE] graph - -------> nonSkippedChar
2021-11-19T10:24:05,882|[TRACE] script - #out(`0`) [token]
2021-11-19T10:24:05,882|[TRACE] graph - <------- nonSkippedChar
2021-11-19T10:24:05,882|[TRACE] graph - <----- statementPart
2021-11-19T10:24:05,882|[TRACE] graph - -----> statementPart
2021-11-19T10:24:05,882|[TRACE] graph - -------> nonSkippedChar
2021-11-19T10:24:05,882|[TRACE] script - #out(`)`) [token]
2021-11-19T10:24:05,882|[TRACE] graph - <------- nonSkippedChar
2021-11-19T10:24:05,882|[TRACE] graph - <----- statementPart
2021-11-19T10:24:05,882|[TRACE] graph - -----> statementPart
2021-11-19T10:24:05,882|[TRACE] graph - -------> nonSkippedSpace
2021-11-19T10:24:05,882|[TRACE] script - #out(` `) [token]
2021-11-19T10:24:05,882|[TRACE] graph - <------- nonSkippedSpace
2021-11-19T10:24:05,882|[TRACE] graph - <----- statementPart
2021-11-19T10:24:05,882|[TRACE] graph - -----> statementPart
2021-11-19T10:24:05,882|[TRACE] graph - -------> nonSkippedChar
2021-11-19T10:24:05,882|[TRACE] script - #out(`N`) [token]
2021-11-19T10:24:05,882|[TRACE] graph - <------- nonSkippedChar
2021-11-19T10:24:05,882|[TRACE] graph - <----- statementPart
2021-11-19T10:24:05,882|[TRACE] graph - -----> statementPart
2021-11-19T10:24:05,882|[TRACE] graph - -------> nonSkippedChar
2021-11-19T10:24:05,882|[TRACE] script - #out(`O`) [token]
2021-11-19T10:24:05,882|[TRACE] graph - <------- nonSkippedChar
2021-11-19T10:24:05,882|[TRACE] graph - <----- statementPart
2021-11-19T10:24:05,882|[TRACE] graph - -----> statementPart
2021-11-19T10:24:05,882|[TRACE] graph - -------> nonSkippedChar
2021-11-19T10:24:05,882|[TRACE] script - #out(`T`) [token]
2021-11-19T10:24:05,882|[TRACE] graph - <------- nonSkippedChar
2021-11-19T10:24:05,882|[TRACE] graph - <----- statementPart
2021-11-19T10:24:05,882|[TRACE] graph - -----> statementPart
2021-11-19T10:24:05,882|[TRACE] graph - -------> nonSkippedSpace
2021-11-19T10:24:05,882|[TRACE] script - #out(` `) [token]
2021-11-19T10:24:05,882|[TRACE] graph - <------- nonSkippedSpace
2021-11-19T10:24:05,882|[TRACE] graph - <----- statementPart
2021-11-19T10:24:05,882|[TRACE] graph - -----> statementPart
2021-11-19T10:24:05,882|[TRACE] graph - -------> nonSkippedChar
2021-11-19T10:24:05,882|[TRACE] script - #out(`N`) [token]
2021-11-19T10:24:05,882|[TRACE] graph - <------- nonSkippedChar
2021-11-19T10:24:05,882|[TRACE] graph - <----- statementPart
2021-11-19T10:24:05,882|[TRACE] graph - -----> statementPart
2021-11-19T10:24:05,882|[TRACE] graph - -------> nonSkippedChar
2021-11-19T10:24:05,882|[TRACE] script - #out(`U`) [token]
2021-11-19T10:24:05,882|[TRACE] graph - <------- nonSkippedChar
2021-11-19T10:24:05,882|[TRACE] graph - <----- statementPart
2021-11-19T10:24:05,882|[TRACE] graph - -----> statementPart
2021-11-19T10:24:05,882|[TRACE] graph - -------> nonSkippedChar
2021-11-19T10:24:05,882|[TRACE] script - #out(`L`) [token]
2021-11-19T10:24:05,882|[TRACE] graph - <------- nonSkippedChar
2021-11-19T10:24:05,882|[TRACE] graph - <----- statementPart
2021-11-19T10:24:05,882|[TRACE] graph - -----> statementPart
2021-11-19T10:24:05,882|[TRACE] graph - -------> nonSkippedChar
2021-11-19T10:24:05,882|[TRACE] script - #out(`L`) [token]
2021-11-19T10:24:05,882|[TRACE] graph - <------- nonSkippedChar
2021-11-19T10:24:05,882|[TRACE] graph - <----- statementPart
2021-11-19T10:24:05,882|[TRACE] graph - -----> statementPart
2021-11-19T10:24:05,882|[TRACE] graph - -------> nonSkippedChar
2021-11-19T10:24:05,882|[TRACE] script - #out(`,`) [token]
2021-11-19T10:24:05,882|[TRACE] graph - <------- nonSkippedChar
2021-11-19T10:24:05,882|[TRACE] graph - <----- statementPart
2021-11-19T10:24:05,882|[TRACE] graph - -----> afterStatementPartNewline
2021-11-19T10:24:05,882|[TRACE] script - #out(` `) [text]
2021-11-19T10:24:05,882|[TRACE] graph - <----- afterStatementPartNewline
2021-11-19T10:24:05,936|[TRACE] graph - -----> statementPart
2021-11-19T10:24:05,936|[TRACE] graph - -------> nonSkippedSpace
2021-11-19T10:24:05,936|[TRACE] script - #out(` `) [token]
2021-11-19T10:24:05,936|[TRACE] graph - <------- nonSkippedSpace
2021-11-19T10:24:05,936|[TRACE] graph - <----- statementPart
2021-11-19T10:24:05,936|[TRACE] graph - -----> statementPart
2021-11-19T10:24:05,936|[TRACE] graph - -------> nonSkippedSpace
2021-11-19T10:24:05,936|[TRACE] script - #out(` `) [token]
2021-11-19T10:24:05,936|[TRACE] graph - <------- nonSkippedSpace
2021-11-19T10:24:05,936|[TRACE] graph - <----- statementPart
2021-11-19T10:24:05,936|[TRACE] graph - -----> statementPart
2021-11-19T10:24:05,936|[TRACE] graph - -------> quotedString
2021-11-19T10:24:05,936|[TRACE] script - #out(``province``) [token]
2021-11-19T10:24:05,936|[TRACE] graph - <------- quotedString
2021-11-19T10:24:05,936|[TRACE] graph - <----- statementPart
2021-11-19T10:24:05,936|[TRACE] graph - -----> statementPart
2021-11-19T10:24:05,936|[TRACE] graph - -------> nonSkippedSpace
2021-11-19T10:24:05,936|[TRACE] script - #out(` `) [token]
2021-11-19T10:24:05,936|[TRACE] graph - <------- nonSkippedSpace
2021-11-19T10:24:05,936|[TRACE] graph - <----- statementPart
2021-11-19T10:24:05,936|[TRACE] graph - -----> statementPart
2021-11-19T10:24:05,936|[TRACE] graph - -------> nonSkippedChar
2021-11-19T10:24:05,936|[TRACE] script - #out(`V`) [token]
2021-11-19T10:24:05,936|[TRACE] graph - <------- nonSkippedChar
2021-11-19T10:24:05,936|[TRACE] graph - <----- statementPart
2021-11-19T10:24:05,936|[TRACE] graph - -----> statementPart
2021-11-19T10:24:05,936|[TRACE] graph - -------> nonSkippedChar
2021-11-19T10:24:05,936|[TRACE] script - #out(`A`) [token]
2021-11-19T10:24:05,936|[TRACE] graph - <------- nonSkippedChar
2021-11-19T10:24:05,936|[TRACE] graph - <----- statementPart
2021-11-19T10:24:05,936|[TRACE] graph - -----> statementPart
2021-11-19T10:24:05,936|[TRACE] graph - -------> nonSkippedChar
2021-11-19T10:24:05,936|[TRACE] script - #out(`R`) [token]
2021-11-19T10:24:05,936|[TRACE] graph - <------- nonSkippedChar
2021-11-19T10:24:05,936|[TRACE] graph - <----- statementPart
2021-11-19T10:24:05,936|[TRACE] graph - -----> statementPart
2021-11-19T10:24:05,936|[TRACE] graph - -------> nonSkippedChar
2021-11-19T10:24:05,936|[TRACE] script - #out(`C`) [token]
2021-11-19T10:24:05,936|[TRACE] graph - <------- nonSkippedChar
2021-11-19T10:24:05,936|[TRACE] graph - <----- statementPart
2021-11-19T10:24:05,936|[TRACE] graph - -----> statementPart
2021-11-19T10:24:05,936|[TRACE] graph - -------> nonSkippedChar
2021-11-19T10:24:05,936|[TRACE] script - #out(`H`) [token]
2021-11-19T10:24:05,936|[TRACE] graph - <------- nonSkippedChar
2021-11-19T10:24:05,936|[TRACE] graph - <----- statementPart
2021-11-19T10:24:05,936|[TRACE] graph - -----> statementPart
2021-11-19T10:24:05,936|[TRACE] graph - -------> nonSkippedChar
2021-11-19T10:24:05,936|[TRACE] script - #out(`A`) [token]
2021-11-19T10:24:05,936|[TRACE] graph - <------- nonSkippedChar
2021-11-19T10:24:05,936|[TRACE] graph - <----- statementPart
2021-11-19T10:24:05,936|[TRACE] graph - -----> statementPart
2021-11-19T10:24:05,936|[TRACE] graph - -------> nonSkippedChar
2021-11-19T10:24:05,936|[TRACE] script - #out(`R`) [token]
2021-11-19T10:24:05,936|[TRACE] graph - <------- nonSkippedChar
2021-11-19T10:24:05,936|[TRACE] graph - <----- statementPart
2021-11-19T10:24:05,936|[TRACE] graph - -----> statementPart
2021-11-19T10:24:05,936|[TRACE] graph - -------> nonSkippedChar
2021-11-19T10:24:05,937|[TRACE] script - #out(`(`) [token]
2021-11-19T10:24:05,937|[TRACE] graph - <------- nonSkippedChar
2021-11-19T10:24:05,937|[TRACE] graph - <----- statementPart
2021-11-19T10:24:05,937|[TRACE] graph - -----> statementPart
2021-11-19T10:24:05,937|[TRACE] graph - -------> nonSkippedChar
2021-11-19T10:24:05,937|[TRACE] script - #out(`1`) [token]
2021-11-19T10:24:05,937|[TRACE] graph - <------- nonSkippedChar
2021-11-19T10:24:05,937|[TRACE] graph - <----- statementPart
2021-11-19T10:24:05,937|[TRACE] graph - -----> statementPart
2021-11-19T10:24:05,937|[TRACE] graph - -------> nonSkippedChar
2021-11-19T10:24:05,937|[TRACE] script - #out(`0`) [token]
2021-11-19T10:24:05,937|[TRACE] graph - <------- nonSkippedChar
2021-11-19T10:24:05,937|[TRACE] graph - <----- statementPart
2021-11-19T10:24:05,937|[TRACE] graph - -----> statementPart
2021-11-19T10:24:05,937|[TRACE] graph - -------> nonSkippedChar
2021-11-19T10:24:05,937|[TRACE] script - #out(`0`) [token]
2021-11-19T10:24:05,937|[TRACE] graph - <------- nonSkippedChar
2021-11-19T10:24:05,937|[TRACE] graph - <----- statementPart
2021-11-19T10:24:05,937|[TRACE] graph - -----> statementPart
2021-11-19T10:24:05,937|[TRACE] graph - -------> nonSkippedChar
2021-11-19T10:24:05,937|[TRACE] script - #out(`)`) [token]
2021-11-19T10:24:05,937|[TRACE] graph - <------- nonSkippedChar
2021-11-19T10:24:05,937|[TRACE] graph - <----- statementPart
2021-11-19T10:24:05,937|[TRACE] graph - -----> statementPart
2021-11-19T10:24:05,937|[TRACE] graph - -------> nonSkippedSpace
2021-11-19T10:24:05,937|[TRACE] script - #out(` `) [token]
2021-11-19T10:24:05,937|[TRACE] graph - <------- nonSkippedSpace
2021-11-19T10:24:05,937|[TRACE] graph - <----- statementPart
2021-11-19T10:24:05,937|[TRACE] graph - -----> statementPart
2021-11-19T10:24:05,937|[TRACE] graph - -------> nonSkippedChar
2021-11-19T10:24:05,937|[TRACE] script - #out(`N`) [token]
2021-11-19T10:24:05,937|[TRACE] graph - <------- nonSkippedChar
2021-11-19T10:24:05,937|[TRACE] graph - <----- statementPart
2021-11-19T10:24:05,937|[TRACE] graph - -----> statementPart
2021-11-19T10:24:05,937|[TRACE] graph - -------> nonSkippedChar
2021-11-19T10:24:05,937|[TRACE] script - #out(`O`) [token]
2021-11-19T10:24:05,937|[TRACE] graph - <------- nonSkippedChar
2021-11-19T10:24:05,937|[TRACE] graph - <----- statementPart
2021-11-19T10:24:05,937|[TRACE] graph - -----> statementPart
2021-11-19T10:24:05,937|[TRACE] graph - -------> nonSkippedChar
2021-11-19T10:24:05,937|[TRACE] script - #out(`T`) [token]
2021-11-19T10:24:05,937|[TRACE] graph - <------- nonSkippedChar
2021-11-19T10:24:05,937|[TRACE] graph - <----- statementPart
2021-11-19T10:24:05,937|[TRACE] graph - -----> statementPart
2021-11-19T10:24:05,937|[TRACE] graph - -------> nonSkippedSpace
2021-11-19T10:24:05,937|[TRACE] script - #out(` `) [token]
2021-11-19T10:24:05,937|[TRACE] graph - <------- nonSkippedSpace
2021-11-19T10:24:05,937|[TRACE] graph - <----- statementPart
2021-11-19T10:24:05,937|[TRACE] graph - -----> statementPart
2021-11-19T10:24:05,937|[TRACE] graph - -------> nonSkippedChar
2021-11-19T10:24:05,937|[TRACE] script - #out(`N`) [token]
2021-11-19T10:24:05,937|[TRACE] graph - <------- nonSkippedChar
2021-11-19T10:24:05,937|[TRACE] graph - <----- statementPart
2021-11-19T10:24:05,937|[TRACE] graph - -----> statementPart
2021-11-19T10:24:05,937|[TRACE] graph - -------> nonSkippedChar
2021-11-19T10:24:05,937|[TRACE] script - #out(`U`) [token]
2021-11-19T10:24:05,937|[TRACE] graph - <------- nonSkippedChar
2021-11-19T10:24:05,937|[TRACE] graph - <----- statementPart
2021-11-19T10:24:05,937|[TRACE] graph - -----> statementPart
2021-11-19T10:24:05,937|[TRACE] graph - -------> nonSkippedChar
2021-11-19T10:24:05,937|[TRACE] script - #out(`L`) [token]
2021-11-19T10:24:05,937|[TRACE] graph - <------- nonSkippedChar
2021-11-19T10:24:05,937|[TRACE] graph - <----- statementPart
2021-11-19T10:24:05,937|[TRACE] graph - -----> statementPart
2021-11-19T10:24:05,937|[TRACE] graph - -------> nonSkippedChar
2021-11-19T10:24:05,937|[TRACE] script - #out(`L`) [token]
2021-11-19T10:24:05,937|[TRACE] graph - <------- nonSkippedChar
2021-11-19T10:24:05,937|[TRACE] graph - <----- statementPart
2021-11-19T10:24:05,937|[TRACE] graph - -----> statementPart
2021-11-19T10:24:05,937|[TRACE] graph - -------> nonSkippedChar
2021-11-19T10:24:05,937|[TRACE] script - #out(`,`) [token]
2021-11-19T10:24:05,937|[TRACE] graph - <------- nonSkippedChar
2021-11-19T10:24:05,937|[TRACE] graph - <----- statementPart
2021-11-19T10:24:05,937|[TRACE] graph - -----> afterStatementPartNewline
2021-11-19T10:24:05,937|[TRACE] script - #out(` `) [text]
2021-11-19T10:24:05,937|[TRACE] graph - <----- afterStatementPartNewline
2021-11-19T10:24:05,937|[TRACE] graph - -----> statementPart
2021-11-19T10:24:05,937|[TRACE] graph - -------> nonSkippedSpace
2021-11-19T10:24:05,937|[TRACE] script - #out(` `) [token]
2021-11-19T10:24:05,937|[TRACE] graph - <------- nonSkippedSpace
2021-11-19T10:24:05,937|[TRACE] graph - <----- statementPart
2021-11-19T10:24:05,937|[TRACE] graph - -----> statementPart
2021-11-19T10:24:05,937|[TRACE] graph - -------> nonSkippedSpace
2021-11-19T10:24:05,937|[TRACE] script - #out(` `) [token]
2021-11-19T10:24:05,937|[TRACE] graph - <------- nonSkippedSpace
2021-11-19T10:24:05,937|[TRACE] graph - <----- statementPart
2021-11-19T10:24:05,937|[TRACE] graph - -----> statementPart
2021-11-19T10:24:05,939|[TRACE] graph - -------> quotedString
2021-11-19T10:24:05,939|[TRACE] script - #out(``country``) [token]
2021-11-19T10:24:05,939|[TRACE] graph - <------- quotedString
2021-11-19T10:24:05,939|[TRACE] graph - <----- statementPart
2021-11-19T10:24:05,939|[TRACE] graph - -----> statementPart
2021-11-19T10:24:05,939|[TRACE] graph - -------> nonSkippedSpace
2021-11-19T10:24:05,939|[TRACE] script - #out(` `) [token]
2021-11-19T10:24:05,939|[TRACE] graph - <------- nonSkippedSpace
2021-11-19T10:24:05,939|[TRACE] graph - <----- statementPart
2021-11-19T10:24:05,939|[TRACE] graph - -----> statementPart
2021-11-19T10:24:05,939|[TRACE] graph - -------> nonSkippedChar
2021-11-19T10:24:05,939|[TRACE] script - #out(`V`) [token]
2021-11-19T10:24:05,939|[TRACE] graph - <------- nonSkippedChar
2021-11-19T10:24:05,939|[TRACE] graph - <----- statementPart
2021-11-19T10:24:05,939|[TRACE] graph - -----> statementPart
2021-11-19T10:24:05,939|[TRACE] graph - -------> nonSkippedChar
2021-11-19T10:24:05,939|[TRACE] script - #out(`A`) [token]
2021-11-19T10:24:05,939|[TRACE] graph - <------- nonSkippedChar
2021-11-19T10:24:05,939|[TRACE] graph - <----- statementPart
2021-11-19T10:24:05,939|[TRACE] graph - -----> statementPart
2021-11-19T10:24:05,939|[TRACE] graph - -------> nonSkippedChar
2021-11-19T10:24:05,939|[TRACE] script - #out(`R`) [token]
2021-11-19T10:24:05,939|[TRACE] graph - <------- nonSkippedChar
2021-11-19T10:24:05,939|[TRACE] graph - <----- statementPart
2021-11-19T10:24:05,939|[TRACE] graph - -----> statementPart
2021-11-19T10:24:05,939|[TRACE] graph - -------> nonSkippedChar
2021-11-19T10:24:05,939|[TRACE] script - #out(`C`) [token]
2021-11-19T10:24:05,939|[TRACE] graph - <------- nonSkippedChar
2021-11-19T10:24:05,939|[TRACE] graph - <----- statementPart
2021-11-19T10:24:05,939|[TRACE] graph - -----> statementPart
2021-11-19T10:24:05,939|[TRACE] graph - -------> nonSkippedChar
2021-11-19T10:24:05,939|[TRACE] script - #out(`H`) [token]
2021-11-19T10:24:05,939|[TRACE] graph - <------- nonSkippedChar
2021-11-19T10:24:05,939|[TRACE] graph - <----- statementPart
2021-11-19T10:24:05,939|[TRACE] graph - -----> statementPart
2021-11-19T10:24:05,939|[TRACE] graph - -------> nonSkippedChar
2021-11-19T10:24:05,939|[TRACE] script - #out(`A`) [token]
2021-11-19T10:24:05,939|[TRACE] graph - <------- nonSkippedChar
2021-11-19T10:24:05,939|[TRACE] graph - <----- statementPart
2021-11-19T10:24:05,939|[TRACE] graph - -----> statementPart
2021-11-19T10:24:05,939|[TRACE] graph - -------> nonSkippedChar
2021-11-19T10:24:05,939|[TRACE] script - #out(`R`) [token]
2021-11-19T10:24:05,939|[TRACE] graph - <------- nonSkippedChar
2021-11-19T10:24:05,939|[TRACE] graph - <----- statementPart
2021-11-19T10:24:05,939|[TRACE] graph - -----> statementPart
2021-11-19T10:24:05,939|[TRACE] graph - -------> nonSkippedChar
2021-11-19T10:24:05,939|[TRACE] script - #out(`(`) [token]
2021-11-19T10:24:05,939|[TRACE] graph - <------- nonSkippedChar
2021-11-19T10:24:05,939|[TRACE] graph - <----- statementPart
2021-11-19T10:24:05,939|[TRACE] graph - -----> statementPart
2021-11-19T10:24:05,939|[TRACE] graph - -------> nonSkippedChar
2021-11-19T10:24:05,939|[TRACE] script - #out(`1`) [token]
2021-11-19T10:24:05,939|[TRACE] graph - <------- nonSkippedChar
2021-11-19T10:24:05,939|[TRACE] graph - <----- statementPart
2021-11-19T10:24:05,939|[TRACE] graph - -----> statementPart
2021-11-19T10:24:05,939|[TRACE] graph - -------> nonSkippedChar
2021-11-19T10:24:05,939|[TRACE] script - #out(`0`) [token]
2021-11-19T10:24:05,939|[TRACE] graph - <------- nonSkippedChar
2021-11-19T10:24:05,939|[TRACE] graph - <----- statementPart
2021-11-19T10:24:05,939|[TRACE] graph - -----> statementPart
2021-11-19T10:24:05,939|[TRACE] graph - -------> nonSkippedChar
2021-11-19T10:24:05,939|[TRACE] script - #out(`0`) [token]
2021-11-19T10:24:05,939|[TRACE] graph - <------- nonSkippedChar
2021-11-19T10:24:05,939|[TRACE] graph - <----- statementPart
2021-11-19T10:24:05,939|[TRACE] graph - -----> statementPart
2021-11-19T10:24:05,939|[TRACE] graph - -------> nonSkippedChar
2021-11-19T10:24:05,939|[TRACE] script - #out(`)`) [token]
2021-11-19T10:24:05,939|[TRACE] graph - <------- nonSkippedChar
2021-11-19T10:24:05,939|[TRACE] graph - <----- statementPart
2021-11-19T10:24:05,939|[TRACE] graph - -----> statementPart
2021-11-19T10:24:05,939|[TRACE] graph - -------> nonSkippedSpace
2021-11-19T10:24:05,939|[TRACE] script - #out(` `) [token]
2021-11-19T10:24:05,939|[TRACE] graph - <------- nonSkippedSpace
2021-11-19T10:24:05,939|[TRACE] graph - <----- statementPart
2021-11-19T10:24:05,939|[TRACE] graph - -----> statementPart
2021-11-19T10:24:05,939|[TRACE] graph - -------> nonSkippedChar
2021-11-19T10:24:05,939|[TRACE] script - #out(`N`) [token]
2021-11-19T10:24:05,939|[TRACE] graph - <------- nonSkippedChar
2021-11-19T10:24:05,939|[TRACE] graph - <----- statementPart
2021-11-19T10:24:05,939|[TRACE] graph - -----> statementPart
2021-11-19T10:24:05,939|[TRACE] graph - -------> nonSkippedChar
2021-11-19T10:24:05,939|[TRACE] script - #out(`O`) [token]
2021-11-19T10:24:05,939|[TRACE] graph - <------- nonSkippedChar
2021-11-19T10:24:05,939|[TRACE] graph - <----- statementPart
2021-11-19T10:24:05,939|[TRACE] graph - -----> statementPart
2021-11-19T10:24:05,939|[TRACE] graph - -------> nonSkippedChar
2021-11-19T10:24:05,939|[TRACE] script - #out(`T`) [token]
2021-11-19T10:24:05,939|[TRACE] graph - <------- nonSkippedChar
2021-11-19T10:24:05,939|[TRACE] graph - <----- statementPart
2021-11-19T10:24:05,939|[TRACE] graph - -----> statementPart
2021-11-19T10:24:05,939|[TRACE] graph - -------> nonSkippedSpace
2021-11-19T10:24:05,939|[TRACE] script - #out(` `) [token]
2021-11-19T10:24:05,939|[TRACE] graph - <------- nonSkippedSpace
2021-11-19T10:24:05,939|[TRACE] graph - <----- statementPart
2021-11-19T10:24:05,939|[TRACE] graph - -----> statementPart
2021-11-19T10:24:05,939|[TRACE] graph - -------> nonSkippedChar
2021-11-19T10:24:05,939|[TRACE] script - #out(`N`) [token]
2021-11-19T10:24:05,939|[TRACE] graph - <------- nonSkippedChar
2021-11-19T10:24:05,939|[TRACE] graph - <----- statementPart
2021-11-19T10:24:05,939|[TRACE] graph - -----> statementPart
2021-11-19T10:24:05,939|[TRACE] graph - -------> nonSkippedChar
2021-11-19T10:24:05,939|[TRACE] script - #out(`U`) [token]
2021-11-19T10:24:05,939|[TRACE] graph - <------- nonSkippedChar
2021-11-19T10:24:05,939|[TRACE] graph - <----- statementPart
2021-11-19T10:24:05,939|[TRACE] graph - -----> statementPart
2021-11-19T10:24:05,939|[TRACE] graph - -------> nonSkippedChar
2021-11-19T10:24:05,939|[TRACE] script - #out(`L`) [token]
2021-11-19T10:24:05,939|[TRACE] graph - <------- nonSkippedChar
2021-11-19T10:24:05,939|[TRACE] graph - <----- statementPart
2021-11-19T10:24:05,939|[TRACE] graph - -----> statementPart
2021-11-19T10:24:05,939|[TRACE] graph - -------> nonSkippedChar
2021-11-19T10:24:05,939|[TRACE] script - #out(`L`) [token]
2021-11-19T10:24:05,939|[TRACE] graph - <------- nonSkippedChar
2021-11-19T10:24:05,939|[TRACE] graph - <----- statementPart
2021-11-19T10:24:05,939|[TRACE] graph - -----> statementPart
2021-11-19T10:24:05,939|[TRACE] graph - -------> nonSkippedChar
2021-11-19T10:24:05,939|[TRACE] script - #out(`,`) [token]
2021-11-19T10:24:05,939|[TRACE] graph - <------- nonSkippedChar
2021-11-19T10:24:05,939|[TRACE] graph - <----- statementPart
2021-11-19T10:24:05,939|[TRACE] graph - -----> afterStatementPartNewline
2021-11-19T10:24:05,939|[TRACE] script - #out(` `) [text]
2021-11-19T10:24:05,939|[TRACE] graph - <----- afterStatementPartNewline
2021-11-19T10:24:05,939|[TRACE] graph - -----> statementPart
2021-11-19T10:24:05,939|[TRACE] graph - -------> nonSkippedSpace
2021-11-19T10:24:05,940|[TRACE] script - #out(` `) [token]
2021-11-19T10:24:05,940|[TRACE] graph - <------- nonSkippedSpace
2021-11-19T10:24:05,940|[TRACE] graph - <----- statementPart
2021-11-19T10:24:05,940|[TRACE] graph - -----> statementPart
2021-11-19T10:24:05,940|[TRACE] graph - -------> nonSkippedSpace
2021-11-19T10:24:05,940|[TRACE] script - #out(` `) [token]
2021-11-19T10:24:05,940|[TRACE] graph - <------- nonSkippedSpace
2021-11-19T10:24:05,940|[TRACE] graph - <----- statementPart
2021-11-19T10:24:05,940|[TRACE] graph - -----> statementPart
2021-11-19T10:24:05,940|[TRACE] graph - -------> quotedString
2021-11-19T10:24:05,940|[TRACE] script - #out(``zipcode``) [token]
2021-11-19T10:24:05,940|[TRACE] graph - <------- quotedString
2021-11-19T10:24:05,940|[TRACE] graph - <----- statementPart
2021-11-19T10:24:05,940|[TRACE] graph - -----> statementPart
2021-11-19T10:24:05,940|[TRACE] graph - -------> nonSkippedSpace
2021-11-19T10:24:05,940|[TRACE] script - #out(` `) [token]
2021-11-19T10:24:05,940|[TRACE] graph - <------- nonSkippedSpace
2021-11-19T10:24:05,940|[TRACE] graph - <----- statementPart
2021-11-19T10:24:05,940|[TRACE] graph - -----> statementPart
2021-11-19T10:24:05,940|[TRACE] graph - -------> nonSkippedChar
2021-11-19T10:24:05,940|[TRACE] script - #out(`V`) [token]
2021-11-19T10:24:05,940|[TRACE] graph - <------- nonSkippedChar
2021-11-19T10:24:05,940|[TRACE] graph - <----- statementPart
2021-11-19T10:24:05,940|[TRACE] graph - -----> statementPart
2021-11-19T10:24:05,940|[TRACE] graph - -------> nonSkippedChar
2021-11-19T10:24:05,940|[TRACE] script - #out(`A`) [token]
2021-11-19T10:24:05,940|[TRACE] graph - <------- nonSkippedChar
2021-11-19T10:24:05,940|[TRACE] graph - <----- statementPart
2021-11-19T10:24:05,940|[TRACE] graph - -----> statementPart
2021-11-19T10:24:05,940|[TRACE] graph - -------> nonSkippedChar
2021-11-19T10:24:05,940|[TRACE] script - #out(`R`) [token]
2021-11-19T10:24:05,940|[TRACE] graph - <------- nonSkippedChar
2021-11-19T10:24:05,940|[TRACE] graph - <----- statementPart
2021-11-19T10:24:05,940|[TRACE] graph - -----> statementPart
2021-11-19T10:24:05,940|[TRACE] graph - -------> nonSkippedChar
2021-11-19T10:24:05,940|[TRACE] script - #out(`C`) [token]
2021-11-19T10:24:05,940|[TRACE] graph - <------- nonSkippedChar
2021-11-19T10:24:05,940|[TRACE] graph - <----- statementPart
2021-11-19T10:24:05,940|[TRACE] graph - -----> statementPart
2021-11-19T10:24:05,940|[TRACE] graph - -------> nonSkippedChar
2021-11-19T10:24:05,940|[TRACE] script - #out(`H`) [token]
2021-11-19T10:24:05,940|[TRACE] graph - <------- nonSkippedChar
2021-11-19T10:24:05,940|[TRACE] graph - <----- statementPart
2021-11-19T10:24:05,940|[TRACE] graph - -----> statementPart
2021-11-19T10:24:05,940|[TRACE] graph - -------> nonSkippedChar
2021-11-19T10:24:05,940|[TRACE] script - #out(`A`) [token]
2021-11-19T10:24:05,940|[TRACE] graph - <------- nonSkippedChar
2021-11-19T10:24:05,940|[TRACE] graph - <----- statementPart
2021-11-19T10:24:05,940|[TRACE] graph - -----> statementPart
2021-11-19T10:24:05,940|[TRACE] graph - -------> nonSkippedChar
2021-11-19T10:24:05,940|[TRACE] script - #out(`R`) [token]
2021-11-19T10:24:05,940|[TRACE] graph - <------- nonSkippedChar
2021-11-19T10:24:05,940|[TRACE] graph - <----- statementPart
2021-11-19T10:24:05,940|[TRACE] graph - -----> statementPart
2021-11-19T10:24:05,940|[TRACE] graph - -------> nonSkippedChar
2021-11-19T10:24:05,940|[TRACE] script - #out(`(`) [token]
2021-11-19T10:24:05,940|[TRACE] graph - <------- nonSkippedChar
2021-11-19T10:24:05,940|[TRACE] graph - <----- statementPart
2021-11-19T10:24:05,940|[TRACE] graph - -----> statementPart
2021-11-19T10:24:05,940|[TRACE] graph - -------> nonSkippedChar
2021-11-19T10:24:05,940|[TRACE] script - #out(`1`) [token]
2021-11-19T10:24:05,940|[TRACE] graph - <------- nonSkippedChar
2021-11-19T10:24:05,940|[TRACE] graph - <----- statementPart
2021-11-19T10:24:05,940|[TRACE] graph - -----> statementPart
2021-11-19T10:24:05,940|[TRACE] graph - -------> nonSkippedChar
2021-11-19T10:24:05,940|[TRACE] script - #out(`0`) [token]
2021-11-19T10:24:05,940|[TRACE] graph - <------- nonSkippedChar
2021-11-19T10:24:05,940|[TRACE] graph - <----- statementPart
2021-11-19T10:24:05,940|[TRACE] graph - -----> statementPart
2021-11-19T10:24:05,940|[TRACE] graph - -------> nonSkippedChar
2021-11-19T10:24:05,940|[TRACE] script - #out(`0`) [token]
2021-11-19T10:24:05,940|[TRACE] graph - <------- nonSkippedChar
2021-11-19T10:24:05,940|[TRACE] graph - <----- statementPart
2021-11-19T10:24:05,940|[TRACE] graph - -----> statementPart
2021-11-19T10:24:05,940|[TRACE] graph - -------> nonSkippedChar
2021-11-19T10:24:05,940|[TRACE] script - #out(`)`) [token]
2021-11-19T10:24:05,940|[TRACE] graph - <------- nonSkippedChar
2021-11-19T10:24:05,940|[TRACE] graph - <----- statementPart
2021-11-19T10:24:05,940|[TRACE] graph - -----> statementPart
2021-11-19T10:24:05,940|[TRACE] graph - -------> nonSkippedSpace
2021-11-19T10:24:05,940|[TRACE] script - #out(` `) [token]
2021-11-19T10:24:05,940|[TRACE] graph - <------- nonSkippedSpace
2021-11-19T10:24:05,940|[TRACE] graph - <----- statementPart
2021-11-19T10:24:05,940|[TRACE] graph - -----> statementPart
2021-11-19T10:24:05,940|[TRACE] graph - -------> nonSkippedChar
2021-11-19T10:24:05,940|[TRACE] script - #out(`N`) [token]
2021-11-19T10:24:05,940|[TRACE] graph - <------- nonSkippedChar
2021-11-19T10:24:05,940|[TRACE] graph - <----- statementPart
2021-11-19T10:24:05,940|[TRACE] graph - -----> statementPart
2021-11-19T10:24:05,940|[TRACE] graph - -------> nonSkippedChar
2021-11-19T10:24:05,940|[TRACE] script - #out(`O`) [token]
2021-11-19T10:24:05,940|[TRACE] graph - <------- nonSkippedChar
2021-11-19T10:24:05,940|[TRACE] graph - <----- statementPart
2021-11-19T10:24:05,940|[TRACE] graph - -----> statementPart
2021-11-19T10:24:05,940|[TRACE] graph - -------> nonSkippedChar
2021-11-19T10:24:05,940|[TRACE] script - #out(`T`) [token]
2021-11-19T10:24:05,940|[TRACE] graph - <------- nonSkippedChar
2021-11-19T10:24:05,940|[TRACE] graph - <----- statementPart
2021-11-19T10:24:05,940|[TRACE] graph - -----> statementPart
2021-11-19T10:24:05,940|[TRACE] graph - -------> nonSkippedSpace
2021-11-19T10:24:05,940|[TRACE] script - #out(` `) [token]
2021-11-19T10:24:05,940|[TRACE] graph - <------- nonSkippedSpace
2021-11-19T10:24:05,940|[TRACE] graph - <----- statementPart
2021-11-19T10:24:05,940|[TRACE] graph - -----> statementPart
2021-11-19T10:24:05,940|[TRACE] graph - -------> nonSkippedChar
2021-11-19T10:24:05,940|[TRACE] script - #out(`N`) [token]
2021-11-19T10:24:05,940|[TRACE] graph - <------- nonSkippedChar
2021-11-19T10:24:05,940|[TRACE] graph - <----- statementPart
2021-11-19T10:24:05,940|[TRACE] graph - -----> statementPart
2021-11-19T10:24:05,940|[TRACE] graph - -------> nonSkippedChar
2021-11-19T10:24:05,940|[TRACE] script - #out(`U`) [token]
2021-11-19T10:24:05,940|[TRACE] graph - <------- nonSkippedChar
2021-11-19T10:24:05,940|[TRACE] graph - <----- statementPart
2021-11-19T10:24:05,940|[TRACE] graph - -----> statementPart
2021-11-19T10:24:05,940|[TRACE] graph - -------> nonSkippedChar
2021-11-19T10:24:05,940|[TRACE] script - #out(`L`) [token]
2021-11-19T10:24:05,940|[TRACE] graph - <------- nonSkippedChar
2021-11-19T10:24:05,940|[TRACE] graph - <----- statementPart
2021-11-19T10:24:05,940|[TRACE] graph - -----> statementPart
2021-11-19T10:24:05,940|[TRACE] graph - -------> nonSkippedChar
2021-11-19T10:24:05,940|[TRACE] script - #out(`L`) [token]
2021-11-19T10:24:05,940|[TRACE] graph - <------- nonSkippedChar
2021-11-19T10:24:05,940|[TRACE] graph - <----- statementPart
2021-11-19T10:24:05,940|[TRACE] graph - -----> statementPart
2021-11-19T10:24:05,940|[TRACE] graph - -------> nonSkippedChar
2021-11-19T10:24:05,940|[TRACE] script - #out(`,`) [token]
2021-11-19T10:24:05,940|[TRACE] graph - <------- nonSkippedChar
2021-11-19T10:24:05,940|[TRACE] graph - <----- statementPart
2021-11-19T10:24:05,940|[TRACE] graph - -----> afterStatementPartNewline
2021-11-19T10:24:05,940|[TRACE] script - #out(` `) [text]
2021-11-19T10:24:05,940|[TRACE] graph - <----- afterStatementPartNewline
2021-11-19T10:24:05,940|[TRACE] graph - -----> statementPart
2021-11-19T10:24:05,940|[TRACE] graph - -------> nonSkippedSpace
2021-11-19T10:24:05,940|[TRACE] script - #out(` `) [token]
2021-11-19T10:24:05,940|[TRACE] graph - <------- nonSkippedSpace
2021-11-19T10:24:05,940|[TRACE] graph - <----- statementPart
2021-11-19T10:24:05,940|[TRACE] graph - -----> statementPart
2021-11-19T10:24:05,940|[TRACE] graph - -------> nonSkippedSpace
2021-11-19T10:24:05,940|[TRACE] script - #out(` `) [token]
2021-11-19T10:24:05,940|[TRACE] graph - <------- nonSkippedSpace
2021-11-19T10:24:05,940|[TRACE] graph - <----- statementPart
2021-11-19T10:24:05,940|[TRACE] graph - -----> statementPart
2021-11-19T10:24:05,940|[TRACE] graph - -------> quotedString
2021-11-19T10:24:05,940|[TRACE] script - #out(``created``) [token]
2021-11-19T10:24:05,940|[TRACE] graph - <------- quotedString
2021-11-19T10:24:05,940|[TRACE] graph - <----- statementPart
2021-11-19T10:24:05,940|[TRACE] graph - -----> statementPart
2021-11-19T10:24:05,940|[TRACE] graph - -------> nonSkippedSpace
2021-11-19T10:24:05,940|[TRACE] script - #out(` `) [token]
2021-11-19T10:24:05,940|[TRACE] graph - <------- nonSkippedSpace
2021-11-19T10:24:05,940|[TRACE] graph - <----- statementPart
2021-11-19T10:24:05,940|[TRACE] graph - -----> statementPart
2021-11-19T10:24:05,940|[TRACE] graph - -------> nonSkippedChar
2021-11-19T10:24:05,940|[TRACE] script - #out(`B`) [token]
2021-11-19T10:24:05,940|[TRACE] graph - <------- nonSkippedChar
2021-11-19T10:24:05,940|[TRACE] graph - <----- statementPart
2021-11-19T10:24:05,940|[TRACE] graph - -----> statementPart
2021-11-19T10:24:05,940|[TRACE] graph - -------> nonSkippedChar
2021-11-19T10:24:05,940|[TRACE] script - #out(`I`) [token]
2021-11-19T10:24:05,940|[TRACE] graph - <------- nonSkippedChar
2021-11-19T10:24:05,940|[TRACE] graph - <----- statementPart
2021-11-19T10:24:05,940|[TRACE] graph - -----> statementPart
2021-11-19T10:24:05,940|[TRACE] graph - -------> nonSkippedChar
2021-11-19T10:24:05,940|[TRACE] script - #out(`G`) [token]
2021-11-19T10:24:05,940|[TRACE] graph - <------- nonSkippedChar
2021-11-19T10:24:05,940|[TRACE] graph - <----- statementPart
2021-11-19T10:24:05,940|[TRACE] graph - -----> statementPart
2021-11-19T10:24:05,940|[TRACE] graph - -------> nonSkippedChar
2021-11-19T10:24:05,940|[TRACE] script - #out(`I`) [token]
2021-11-19T10:24:05,940|[TRACE] graph - <------- nonSkippedChar
2021-11-19T10:24:05,940|[TRACE] graph - <----- statementPart
2021-11-19T10:24:05,940|[TRACE] graph - -----> statementPart
2021-11-19T10:24:05,940|[TRACE] graph - -------> nonSkippedChar
2021-11-19T10:24:05,940|[TRACE] script - #out(`N`) [token]
2021-11-19T10:24:05,940|[TRACE] graph - <------- nonSkippedChar
2021-11-19T10:24:05,940|[TRACE] graph - <----- statementPart
2021-11-19T10:24:05,940|[TRACE] graph - -----> statementPart
2021-11-19T10:24:05,940|[TRACE] graph - -------> nonSkippedChar
2021-11-19T10:24:05,940|[TRACE] script - #out(`T`) [token]
2021-11-19T10:24:05,940|[TRACE] graph - <------- nonSkippedChar
2021-11-19T10:24:05,940|[TRACE] graph - <----- statementPart
2021-11-19T10:24:05,940|[TRACE] graph - -----> statementPart
2021-11-19T10:24:05,940|[TRACE] graph - -------> nonSkippedSpace
2021-11-19T10:24:05,940|[TRACE] script - #out(` `) [token]
2021-11-19T10:24:05,940|[TRACE] graph - <------- nonSkippedSpace
2021-11-19T10:24:05,940|[TRACE] graph - <----- statementPart
2021-11-19T10:24:05,940|[TRACE] graph - -----> statementPart
2021-11-19T10:24:05,940|[TRACE] graph - -------> nonSkippedChar
2021-11-19T10:24:05,940|[TRACE] script - #out(`N`) [token]
2021-11-19T10:24:05,940|[TRACE] graph - <------- nonSkippedChar
2021-11-19T10:24:05,940|[TRACE] graph - <----- statementPart
2021-11-19T10:24:05,940|[TRACE] graph - -----> statementPart
2021-11-19T10:24:05,940|[TRACE] graph - -------> nonSkippedChar
2021-11-19T10:24:05,940|[TRACE] script - #out(`O`) [token]
2021-11-19T10:24:05,940|[TRACE] graph - <------- nonSkippedChar
2021-11-19T10:24:05,940|[TRACE] graph - <----- statementPart
2021-11-19T10:24:05,993|[TRACE] graph - -----> statementPart
2021-11-19T10:24:05,993|[TRACE] graph - -------> nonSkippedChar
2021-11-19T10:24:05,993|[TRACE] script - #out(`T`) [token]
2021-11-19T10:24:05,993|[TRACE] graph - <------- nonSkippedChar
2021-11-19T10:24:05,993|[TRACE] graph - <----- statementPart
2021-11-19T10:24:05,993|[TRACE] graph - -----> statementPart
2021-11-19T10:24:05,993|[TRACE] graph - -------> nonSkippedSpace
2021-11-19T10:24:05,993|[TRACE] script - #out(` `) [token]
2021-11-19T10:24:05,993|[TRACE] graph - <------- nonSkippedSpace
2021-11-19T10:24:05,993|[TRACE] graph - <----- statementPart
2021-11-19T10:24:05,993|[TRACE] graph - -----> statementPart
2021-11-19T10:24:05,993|[TRACE] graph - -------> nonSkippedChar
2021-11-19T10:24:05,993|[TRACE] script - #out(`N`) [token]
2021-11-19T10:24:05,993|[TRACE] graph - <------- nonSkippedChar
2021-11-19T10:24:05,993|[TRACE] graph - <----- statementPart
2021-11-19T10:24:05,993|[TRACE] graph - -----> statementPart
2021-11-19T10:24:05,993|[TRACE] graph - -------> nonSkippedChar
2021-11-19T10:24:05,993|[TRACE] script - #out(`U`) [token]
2021-11-19T10:24:05,993|[TRACE] graph - <------- nonSkippedChar
2021-11-19T10:24:05,993|[TRACE] graph - <----- statementPart
2021-11-19T10:24:05,993|[TRACE] graph - -----> statementPart
2021-11-19T10:24:05,993|[TRACE] graph - -------> nonSkippedChar
2021-11-19T10:24:05,993|[TRACE] script - #out(`L`) [token]
2021-11-19T10:24:05,993|[TRACE] graph - <------- nonSkippedChar
2021-11-19T10:24:05,993|[TRACE] graph - <----- statementPart
2021-11-19T10:24:05,993|[TRACE] graph - -----> statementPart
2021-11-19T10:24:05,993|[TRACE] graph - -------> nonSkippedChar
2021-11-19T10:24:05,993|[TRACE] script - #out(`L`) [token]
2021-11-19T10:24:05,993|[TRACE] graph - <------- nonSkippedChar
2021-11-19T10:24:05,993|[TRACE] graph - <----- statementPart
2021-11-19T10:24:05,993|[TRACE] graph - -----> statementPart
2021-11-19T10:24:05,993|[TRACE] graph - -------> nonSkippedSpace
2021-11-19T10:24:05,993|[TRACE] script - #out(` `) [token]
2021-11-19T10:24:05,993|[TRACE] graph - <------- nonSkippedSpace
2021-11-19T10:24:05,993|[TRACE] graph - <----- statementPart
2021-11-19T10:24:05,993|[TRACE] graph - -----> statementPart
2021-11-19T10:24:05,993|[TRACE] graph - -------> nonSkippedChar
2021-11-19T10:24:05,993|[TRACE] script - #out(`D`) [token]
2021-11-19T10:24:05,993|[TRACE] graph - <------- nonSkippedChar
2021-11-19T10:24:05,993|[TRACE] graph - <----- statementPart
2021-11-19T10:24:05,993|[TRACE] graph - -----> statementPart
2021-11-19T10:24:05,993|[TRACE] graph - -------> nonSkippedChar
2021-11-19T10:24:05,993|[TRACE] script - #out(`E`) [token]
2021-11-19T10:24:05,993|[TRACE] graph - <------- nonSkippedChar
2021-11-19T10:24:05,993|[TRACE] graph - <----- statementPart
2021-11-19T10:24:05,993|[TRACE] graph - -----> statementPart
2021-11-19T10:24:05,993|[TRACE] graph - -------> nonSkippedChar
2021-11-19T10:24:05,993|[TRACE] script - #out(`F`) [token]
2021-11-19T10:24:05,993|[TRACE] graph - <------- nonSkippedChar
2021-11-19T10:24:05,993|[TRACE] graph - <----- statementPart
2021-11-19T10:24:05,993|[TRACE] graph - -----> statementPart
2021-11-19T10:24:05,993|[TRACE] graph - -------> nonSkippedChar
2021-11-19T10:24:05,993|[TRACE] script - #out(`A`) [token]
2021-11-19T10:24:05,993|[TRACE] graph - <------- nonSkippedChar
2021-11-19T10:24:05,993|[TRACE] graph - <----- statementPart
2021-11-19T10:24:05,993|[TRACE] graph - -----> statementPart
2021-11-19T10:24:05,993|[TRACE] graph - -------> nonSkippedChar
2021-11-19T10:24:05,993|[TRACE] script - #out(`U`) [token]
2021-11-19T10:24:05,993|[TRACE] graph - <------- nonSkippedChar
2021-11-19T10:24:05,993|[TRACE] graph - <----- statementPart
2021-11-19T10:24:05,993|[TRACE] graph - -----> statementPart
2021-11-19T10:24:05,993|[TRACE] graph - -------> nonSkippedChar
2021-11-19T10:24:05,993|[TRACE] script - #out(`L`) [token]
2021-11-19T10:24:05,993|[TRACE] graph - <------- nonSkippedChar
2021-11-19T10:24:05,993|[TRACE] graph - <----- statementPart
2021-11-19T10:24:05,993|[TRACE] graph - -----> statementPart
2021-11-19T10:24:05,993|[TRACE] graph - -------> nonSkippedChar
2021-11-19T10:24:05,993|[TRACE] script - #out(`T`) [token]
2021-11-19T10:24:05,993|[TRACE] graph - <------- nonSkippedChar
2021-11-19T10:24:05,993|[TRACE] graph - <----- statementPart
2021-11-19T10:24:05,993|[TRACE] graph - -----> statementPart
2021-11-19T10:24:05,993|[TRACE] graph - -------> nonSkippedSpace
2021-11-19T10:24:05,993|[TRACE] script - #out(` `) [token]
2021-11-19T10:24:05,993|[TRACE] graph - <------- nonSkippedSpace
2021-11-19T10:24:05,993|[TRACE] graph - <----- statementPart
2021-11-19T10:24:05,993|[TRACE] graph - -----> statementPart
2021-11-19T10:24:05,993|[TRACE] graph - -------> nonSkippedChar
2021-11-19T10:24:05,993|[TRACE] script - #out(`(`) [token]
2021-11-19T10:24:05,993|[TRACE] graph - <------- nonSkippedChar
2021-11-19T10:24:05,993|[TRACE] graph - <----- statementPart
2021-11-19T10:24:05,993|[TRACE] graph - -----> statementPart
2021-11-19T10:24:05,993|[TRACE] graph - -------> nonSkippedChar
2021-11-19T10:24:05,993|[TRACE] script - #out(`u`) [token]
2021-11-19T10:24:05,993|[TRACE] graph - <------- nonSkippedChar
2021-11-19T10:24:05,993|[TRACE] graph - <----- statementPart
2021-11-19T10:24:05,993|[TRACE] graph - -----> statementPart
2021-11-19T10:24:05,993|[TRACE] graph - -------> nonSkippedChar
2021-11-19T10:24:05,993|[TRACE] script - #out(`n`) [token]
2021-11-19T10:24:05,993|[TRACE] graph - <------- nonSkippedChar
2021-11-19T10:24:05,993|[TRACE] graph - <----- statementPart
2021-11-19T10:24:05,993|[TRACE] graph - -----> statementPart
2021-11-19T10:24:05,993|[TRACE] graph - -------> nonSkippedChar
2021-11-19T10:24:05,993|[TRACE] script - #out(`i`) [token]
2021-11-19T10:24:05,993|[TRACE] graph - <------- nonSkippedChar
2021-11-19T10:24:05,993|[TRACE] graph - <----- statementPart
2021-11-19T10:24:05,993|[TRACE] graph - -----> statementPart
2021-11-19T10:24:05,993|[TRACE] graph - -------> nonSkippedChar
2021-11-19T10:24:05,993|[TRACE] script - #out(`x`) [token]
2021-11-19T10:24:05,993|[TRACE] graph - <------- nonSkippedChar
2021-11-19T10:24:05,993|[TRACE] graph - <----- statementPart
2021-11-19T10:24:05,993|[TRACE] graph - -----> statementPart
2021-11-19T10:24:05,993|[TRACE] graph - -------> nonSkippedChar
2021-11-19T10:24:05,993|[TRACE] script - #out(`_`) [token]
2021-11-19T10:24:05,993|[TRACE] graph - <------- nonSkippedChar
2021-11-19T10:24:05,993|[TRACE] graph - <----- statementPart
2021-11-19T10:24:05,993|[TRACE] graph - -----> statementPart
2021-11-19T10:24:05,993|[TRACE] graph - -------> nonSkippedChar
2021-11-19T10:24:05,993|[TRACE] script - #out(`t`) [token]
2021-11-19T10:24:05,993|[TRACE] graph - <------- nonSkippedChar
2021-11-19T10:24:05,993|[TRACE] graph - <----- statementPart
2021-11-19T10:24:05,993|[TRACE] graph - -----> statementPart
2021-11-19T10:24:05,993|[TRACE] graph - -------> nonSkippedChar
2021-11-19T10:24:05,993|[TRACE] script - #out(`i`) [token]
2021-11-19T10:24:05,993|[TRACE] graph - <------- nonSkippedChar
2021-11-19T10:24:05,993|[TRACE] graph - <----- statementPart
2021-11-19T10:24:05,993|[TRACE] graph - -----> statementPart
2021-11-19T10:24:05,993|[TRACE] graph - -------> nonSkippedChar
2021-11-19T10:24:05,993|[TRACE] script - #out(`m`) [token]
2021-11-19T10:24:05,993|[TRACE] graph - <------- nonSkippedChar
2021-11-19T10:24:05,993|[TRACE] graph - <----- statementPart
2021-11-19T10:24:05,993|[TRACE] graph - -----> statementPart
2021-11-19T10:24:05,993|[TRACE] graph - -------> nonSkippedChar
2021-11-19T10:24:05,993|[TRACE] script - #out(`e`) [token]
2021-11-19T10:24:05,993|[TRACE] graph - <------- nonSkippedChar
2021-11-19T10:24:05,993|[TRACE] graph - <----- statementPart
2021-11-19T10:24:05,993|[TRACE] graph - -----> statementPart
2021-11-19T10:24:05,993|[TRACE] graph - -------> nonSkippedChar
2021-11-19T10:24:05,993|[TRACE] script - #out(`s`) [token]
2021-11-19T10:24:05,993|[TRACE] graph - <------- nonSkippedChar
2021-11-19T10:24:05,993|[TRACE] graph - <----- statementPart
2021-11-19T10:24:05,993|[TRACE] graph - -----> statementPart
2021-11-19T10:24:05,993|[TRACE] graph - -------> nonSkippedChar
2021-11-19T10:24:05,993|[TRACE] script - #out(`t`) [token]
2021-11-19T10:24:05,993|[TRACE] graph - <------- nonSkippedChar
2021-11-19T10:24:05,993|[TRACE] graph - <----- statementPart
2021-11-19T10:24:05,993|[TRACE] graph - -----> statementPart
2021-11-19T10:24:05,993|[TRACE] graph - -------> nonSkippedChar
2021-11-19T10:24:05,993|[TRACE] script - #out(`a`) [token]
2021-11-19T10:24:05,993|[TRACE] graph - <------- nonSkippedChar
2021-11-19T10:24:05,993|[TRACE] graph - <----- statementPart
2021-11-19T10:24:05,993|[TRACE] graph - -----> statementPart
2021-11-19T10:24:05,993|[TRACE] graph - -------> nonSkippedChar
2021-11-19T10:24:05,993|[TRACE] script - #out(`m`) [token]
2021-11-19T10:24:05,993|[TRACE] graph - <------- nonSkippedChar
2021-11-19T10:24:05,993|[TRACE] graph - <----- statementPart
2021-11-19T10:24:05,993|[TRACE] graph - -----> statementPart
2021-11-19T10:24:05,993|[TRACE] graph - -------> nonSkippedChar
2021-11-19T10:24:05,993|[TRACE] script - #out(`p`) [token]
2021-11-19T10:24:05,993|[TRACE] graph - <------- nonSkippedChar
2021-11-19T10:24:05,993|[TRACE] graph - <----- statementPart
2021-11-19T10:24:05,993|[TRACE] graph - -----> statementPart
2021-11-19T10:24:05,993|[TRACE] graph - -------> nonSkippedChar
2021-11-19T10:24:05,993|[TRACE] script - #out(`(`) [token]
2021-11-19T10:24:05,994|[TRACE] graph - <------- nonSkippedChar
2021-11-19T10:24:05,994|[TRACE] graph - <----- statementPart
2021-11-19T10:24:05,994|[TRACE] graph - -----> statementPart
2021-11-19T10:24:05,994|[TRACE] graph - -------> nonSkippedChar
2021-11-19T10:24:05,994|[TRACE] script - #out(`n`) [token]
2021-11-19T10:24:05,994|[TRACE] graph - <------- nonSkippedChar
2021-11-19T10:24:05,994|[TRACE] graph - <----- statementPart
2021-11-19T10:24:05,994|[TRACE] graph - -----> statementPart
2021-11-19T10:24:05,994|[TRACE] graph - -------> nonSkippedChar
2021-11-19T10:24:05,994|[TRACE] script - #out(`o`) [token]
2021-11-19T10:24:05,994|[TRACE] graph - <------- nonSkippedChar
2021-11-19T10:24:05,994|[TRACE] graph - <----- statementPart
2021-11-19T10:24:05,994|[TRACE] graph - -----> statementPart
2021-11-19T10:24:05,994|[TRACE] graph - -------> nonSkippedChar
2021-11-19T10:24:05,994|[TRACE] script - #out(`w`) [token]
2021-11-19T10:24:05,994|[TRACE] graph - <------- nonSkippedChar
2021-11-19T10:24:05,994|[TRACE] graph - <----- statementPart
2021-11-19T10:24:05,994|[TRACE] graph - -----> statementPart
2021-11-19T10:24:05,994|[TRACE] graph - -------> nonSkippedChar
2021-11-19T10:24:05,994|[TRACE] script - #out(`(`) [token]
2021-11-19T10:24:05,994|[TRACE] graph - <------- nonSkippedChar
2021-11-19T10:24:05,994|[TRACE] graph - <----- statementPart
2021-11-19T10:24:05,994|[TRACE] graph - -----> statementPart
2021-11-19T10:24:05,994|[TRACE] graph - -------> nonSkippedChar
2021-11-19T10:24:05,994|[TRACE] script - #out(`)`) [token]
2021-11-19T10:24:05,994|[TRACE] graph - <------- nonSkippedChar
2021-11-19T10:24:05,994|[TRACE] graph - <----- statementPart
2021-11-19T10:24:05,994|[TRACE] graph - -----> statementPart
2021-11-19T10:24:05,994|[TRACE] graph - -------> nonSkippedChar
2021-11-19T10:24:05,994|[TRACE] script - #out(`)`) [token]
2021-11-19T10:24:05,994|[TRACE] graph - <------- nonSkippedChar
2021-11-19T10:24:05,994|[TRACE] graph - <----- statementPart
2021-11-19T10:24:05,994|[TRACE] graph - -----> statementPart
2021-11-19T10:24:05,994|[TRACE] graph - -------> nonSkippedSpace
2021-11-19T10:24:05,994|[TRACE] script - #out(` `) [token]
2021-11-19T10:24:05,994|[TRACE] graph - <------- nonSkippedSpace
2021-11-19T10:24:05,994|[TRACE] graph - <----- statementPart
2021-11-19T10:24:05,994|[TRACE] graph - -----> statementPart
2021-11-19T10:24:05,994|[TRACE] graph - -------> nonSkippedChar
2021-11-19T10:24:05,994|[TRACE] script - #out(`*`) [token]
2021-11-19T10:24:05,994|[TRACE] graph - <------- nonSkippedChar
2021-11-19T10:24:05,994|[TRACE] graph - <----- statementPart
2021-11-19T10:24:05,994|[TRACE] graph - -----> statementPart
2021-11-19T10:24:05,994|[TRACE] graph - -------> nonSkippedSpace
2021-11-19T10:24:05,994|[TRACE] script - #out(` `) [token]
2021-11-19T10:24:05,994|[TRACE] graph - <------- nonSkippedSpace
2021-11-19T10:24:05,994|[TRACE] graph - <----- statementPart
2021-11-19T10:24:05,994|[TRACE] graph - -----> statementPart
2021-11-19T10:24:05,994|[TRACE] graph - -------> nonSkippedChar
2021-11-19T10:24:05,994|[TRACE] script - #out(`1`) [token]
2021-11-19T10:24:05,994|[TRACE] graph - <------- nonSkippedChar
2021-11-19T10:24:05,994|[TRACE] graph - <----- statementPart
2021-11-19T10:24:05,994|[TRACE] graph - -----> statementPart
2021-11-19T10:24:05,994|[TRACE] graph - -------> nonSkippedChar
2021-11-19T10:24:05,994|[TRACE] script - #out(`0`) [token]
2021-11-19T10:24:05,994|[TRACE] graph - <------- nonSkippedChar
2021-11-19T10:24:05,994|[TRACE] graph - <----- statementPart
2021-11-19T10:24:05,994|[TRACE] graph - -----> statementPart
2021-11-19T10:24:05,994|[TRACE] graph - -------> nonSkippedChar
2021-11-19T10:24:05,994|[TRACE] script - #out(`0`) [token]
2021-11-19T10:24:05,994|[TRACE] graph - <------- nonSkippedChar
2021-11-19T10:24:05,994|[TRACE] graph - <----- statementPart
2021-11-19T10:24:05,994|[TRACE] graph - -----> statementPart
2021-11-19T10:24:05,994|[TRACE] graph - -------> nonSkippedChar
2021-11-19T10:24:05,994|[TRACE] script - #out(`0`) [token]
2021-11-19T10:24:05,994|[TRACE] graph - <------- nonSkippedChar
2021-11-19T10:24:05,994|[TRACE] graph - <----- statementPart
2021-11-19T10:24:05,994|[TRACE] graph - -----> statementPart
2021-11-19T10:24:05,994|[TRACE] graph - -------> nonSkippedChar
2021-11-19T10:24:05,994|[TRACE] script - #out(`)`) [token]
2021-11-19T10:24:05,994|[TRACE] graph - <------- nonSkippedChar
2021-11-19T10:24:05,994|[TRACE] graph - <----- statementPart
2021-11-19T10:24:05,994|[TRACE] graph - -----> statementPart
2021-11-19T10:24:05,994|[TRACE] graph - -------> nonSkippedChar
2021-11-19T10:24:05,994|[TRACE] script - #out(`,`) [token]
2021-11-19T10:24:05,994|[TRACE] graph - <------- nonSkippedChar
2021-11-19T10:24:05,994|[TRACE] graph - <----- statementPart
2021-11-19T10:24:05,994|[TRACE] graph - -----> afterStatementPartNewline
2021-11-19T10:24:05,994|[TRACE] script - #out(` `) [text]
2021-11-19T10:24:05,994|[TRACE] graph - <----- afterStatementPartNewline
2021-11-19T10:24:05,994|[TRACE] graph - -----> statementPart
2021-11-19T10:24:05,994|[TRACE] graph - -------> nonSkippedSpace
2021-11-19T10:24:05,994|[TRACE] script - #out(` `) [token]
2021-11-19T10:24:05,994|[TRACE] graph - <------- nonSkippedSpace
2021-11-19T10:24:05,994|[TRACE] graph - <----- statementPart
2021-11-19T10:24:05,994|[TRACE] graph - -----> statementPart
2021-11-19T10:24:05,994|[TRACE] graph - -------> nonSkippedSpace
2021-11-19T10:24:05,994|[TRACE] script - #out(` `) [token]
2021-11-19T10:24:05,994|[TRACE] graph - <------- nonSkippedSpace
2021-11-19T10:24:05,994|[TRACE] graph - <----- statementPart
2021-11-19T10:24:05,994|[TRACE] graph - -----> statementPart
2021-11-19T10:24:05,994|[TRACE] graph - -------> quotedString
2021-11-19T10:24:05,994|[TRACE] script - #out(``updated``) [token]
2021-11-19T10:24:05,994|[TRACE] graph - <------- quotedString
2021-11-19T10:24:05,994|[TRACE] graph - <----- statementPart
2021-11-19T10:24:05,994|[TRACE] graph - -----> statementPart
2021-11-19T10:24:05,994|[TRACE] graph - -------> nonSkippedSpace
2021-11-19T10:24:05,994|[TRACE] script - #out(` `) [token]
2021-11-19T10:24:05,994|[TRACE] graph - <------- nonSkippedSpace
2021-11-19T10:24:05,994|[TRACE] graph - <----- statementPart
2021-11-19T10:24:05,994|[TRACE] graph - -----> statementPart
2021-11-19T10:24:05,994|[TRACE] graph - -------> nonSkippedChar
2021-11-19T10:24:05,994|[TRACE] script - #out(`B`) [token]
2021-11-19T10:24:05,994|[TRACE] graph - <------- nonSkippedChar
2021-11-19T10:24:05,994|[TRACE] graph - <----- statementPart
2021-11-19T10:24:05,994|[TRACE] graph - -----> statementPart
2021-11-19T10:24:05,994|[TRACE] graph - -------> nonSkippedChar
2021-11-19T10:24:05,994|[TRACE] script - #out(`I`) [token]
2021-11-19T10:24:05,994|[TRACE] graph - <------- nonSkippedChar
2021-11-19T10:24:05,994|[TRACE] graph - <----- statementPart
2021-11-19T10:24:05,994|[TRACE] graph - -----> statementPart
2021-11-19T10:24:05,994|[TRACE] graph - -------> nonSkippedChar
2021-11-19T10:24:05,994|[TRACE] script - #out(`G`) [token]
2021-11-19T10:24:05,994|[TRACE] graph - <------- nonSkippedChar
2021-11-19T10:24:05,994|[TRACE] graph - <----- statementPart
2021-11-19T10:24:05,994|[TRACE] graph - -----> statementPart
2021-11-19T10:24:05,994|[TRACE] graph - -------> nonSkippedChar
2021-11-19T10:24:05,994|[TRACE] script - #out(`I`) [token]
2021-11-19T10:24:05,994|[TRACE] graph - <------- nonSkippedChar
2021-11-19T10:24:05,994|[TRACE] graph - <----- statementPart
2021-11-19T10:24:05,994|[TRACE] graph - -----> statementPart
2021-11-19T10:24:05,994|[TRACE] graph - -------> nonSkippedChar
2021-11-19T10:24:05,994|[TRACE] script - #out(`N`) [token]
2021-11-19T10:24:05,994|[TRACE] graph - <------- nonSkippedChar
2021-11-19T10:24:05,994|[TRACE] graph - <----- statementPart
2021-11-19T10:24:05,994|[TRACE] graph - -----> statementPart
2021-11-19T10:24:05,994|[TRACE] graph - -------> nonSkippedChar
2021-11-19T10:24:05,994|[TRACE] script - #out(`T`) [token]
2021-11-19T10:24:05,994|[TRACE] graph - <------- nonSkippedChar
2021-11-19T10:24:05,994|[TRACE] graph - <----- statementPart
2021-11-19T10:24:05,994|[TRACE] graph - -----> statementPart
2021-11-19T10:24:05,994|[TRACE] graph - -------> nonSkippedSpace
2021-11-19T10:24:05,994|[TRACE] script - #out(` `) [token]
2021-11-19T10:24:05,994|[TRACE] graph - <------- nonSkippedSpace
2021-11-19T10:24:05,994|[TRACE] graph - <----- statementPart
2021-11-19T10:24:05,994|[TRACE] graph - -----> statementPart
2021-11-19T10:24:05,994|[TRACE] graph - -------> nonSkippedChar
2021-11-19T10:24:05,994|[TRACE] script - #out(`N`) [token]
2021-11-19T10:24:05,994|[TRACE] graph - <------- nonSkippedChar
2021-11-19T10:24:05,994|[TRACE] graph - <----- statementPart
2021-11-19T10:24:05,994|[TRACE] graph - -----> statementPart
2021-11-19T10:24:05,994|[TRACE] graph - -------> nonSkippedChar
2021-11-19T10:24:05,994|[TRACE] script - #out(`O`) [token]
2021-11-19T10:24:05,994|[TRACE] graph - <------- nonSkippedChar
2021-11-19T10:24:05,994|[TRACE] graph - <----- statementPart
2021-11-19T10:24:05,994|[TRACE] graph - -----> statementPart
2021-11-19T10:24:05,994|[TRACE] graph - -------> nonSkippedChar
2021-11-19T10:24:05,994|[TRACE] script - #out(`T`) [token]
2021-11-19T10:24:05,994|[TRACE] graph - <------- nonSkippedChar
2021-11-19T10:24:05,994|[TRACE] graph - <----- statementPart
2021-11-19T10:24:05,994|[TRACE] graph - -----> statementPart
2021-11-19T10:24:05,994|[TRACE] graph - -------> nonSkippedSpace
2021-11-19T10:24:05,994|[TRACE] script - #out(` `) [token]
2021-11-19T10:24:05,994|[TRACE] graph - <------- nonSkippedSpace
2021-11-19T10:24:05,994|[TRACE] graph - <----- statementPart
2021-11-19T10:24:05,994|[TRACE] graph - -----> statementPart
2021-11-19T10:24:05,994|[TRACE] graph - -------> nonSkippedChar
2021-11-19T10:24:05,994|[TRACE] script - #out(`N`) [token]
2021-11-19T10:24:05,994|[TRACE] graph - <------- nonSkippedChar
2021-11-19T10:24:05,994|[TRACE] graph - <----- statementPart
2021-11-19T10:24:05,994|[TRACE] graph - -----> statementPart
2021-11-19T10:24:05,994|[TRACE] graph - -------> nonSkippedChar
2021-11-19T10:24:05,994|[TRACE] script - #out(`U`) [token]
2021-11-19T10:24:05,994|[TRACE] graph - <------- nonSkippedChar
2021-11-19T10:24:05,994|[TRACE] graph - <----- statementPart
2021-11-19T10:24:05,994|[TRACE] graph - -----> statementPart
2021-11-19T10:24:05,994|[TRACE] graph - -------> nonSkippedChar
2021-11-19T10:24:05,994|[TRACE] script - #out(`L`) [token]
2021-11-19T10:24:05,994|[TRACE] graph - <------- nonSkippedChar
2021-11-19T10:24:05,994|[TRACE] graph - <----- statementPart
2021-11-19T10:24:05,994|[TRACE] graph - -----> statementPart
2021-11-19T10:24:05,994|[TRACE] graph - -------> nonSkippedChar
2021-11-19T10:24:05,994|[TRACE] script - #out(`L`) [token]
2021-11-19T10:24:05,994|[TRACE] graph - <------- nonSkippedChar
2021-11-19T10:24:05,994|[TRACE] graph - <----- statementPart
2021-11-19T10:24:05,994|[TRACE] graph - -----> statementPart
2021-11-19T10:24:05,994|[TRACE] graph - -------> nonSkippedSpace
2021-11-19T10:24:05,994|[TRACE] script - #out(` `) [token]
2021-11-19T10:24:05,994|[TRACE] graph - <------- nonSkippedSpace
2021-11-19T10:24:05,994|[TRACE] graph - <----- statementPart
2021-11-19T10:24:05,994|[TRACE] graph - -----> statementPart
2021-11-19T10:24:05,994|[TRACE] graph - -------> nonSkippedChar
2021-11-19T10:24:05,994|[TRACE] script - #out(`D`) [token]
2021-11-19T10:24:05,994|[TRACE] graph - <------- nonSkippedChar
2021-11-19T10:24:05,994|[TRACE] graph - <----- statementPart
2021-11-19T10:24:05,994|[TRACE] graph - -----> statementPart
2021-11-19T10:24:05,994|[TRACE] graph - -------> nonSkippedChar
2021-11-19T10:24:05,994|[TRACE] script - #out(`E`) [token]
2021-11-19T10:24:05,994|[TRACE] graph - <------- nonSkippedChar
2021-11-19T10:24:05,994|[TRACE] graph - <----- statementPart
2021-11-19T10:24:05,994|[TRACE] graph - -----> statementPart
2021-11-19T10:24:05,994|[TRACE] graph - -------> nonSkippedChar
2021-11-19T10:24:05,994|[TRACE] script - #out(`F`) [token]
2021-11-19T10:24:05,994|[TRACE] graph - <------- nonSkippedChar
2021-11-19T10:24:05,994|[TRACE] graph - <----- statementPart
2021-11-19T10:24:05,994|[TRACE] graph - -----> statementPart
2021-11-19T10:24:05,994|[TRACE] graph - -------> nonSkippedChar
2021-11-19T10:24:05,994|[TRACE] script - #out(`A`) [token]
2021-11-19T10:24:05,994|[TRACE] graph - <------- nonSkippedChar
2021-11-19T10:24:05,994|[TRACE] graph - <----- statementPart
2021-11-19T10:24:05,994|[TRACE] graph - -----> statementPart
2021-11-19T10:24:05,994|[TRACE] graph - -------> nonSkippedChar
2021-11-19T10:24:05,994|[TRACE] script - #out(`U`) [token]
2021-11-19T10:24:05,994|[TRACE] graph - <------- nonSkippedChar
2021-11-19T10:24:05,994|[TRACE] graph - <----- statementPart
2021-11-19T10:24:05,994|[TRACE] graph - -----> statementPart
2021-11-19T10:24:05,994|[TRACE] graph - -------> nonSkippedChar
2021-11-19T10:24:05,994|[TRACE] script - #out(`L`) [token]
2021-11-19T10:24:05,994|[TRACE] graph - <------- nonSkippedChar
2021-11-19T10:24:05,994|[TRACE] graph - <----- statementPart
2021-11-19T10:24:05,994|[TRACE] graph - -----> statementPart
2021-11-19T10:24:05,994|[TRACE] graph - -------> nonSkippedChar
2021-11-19T10:24:05,994|[TRACE] script - #out(`T`) [token]
2021-11-19T10:24:05,994|[TRACE] graph - <------- nonSkippedChar
2021-11-19T10:24:05,994|[TRACE] graph - <----- statementPart
2021-11-19T10:24:05,994|[TRACE] graph - -----> statementPart
2021-11-19T10:24:05,994|[TRACE] graph - -------> nonSkippedSpace
2021-11-19T10:24:05,994|[TRACE] script - #out(` `) [token]
2021-11-19T10:24:05,994|[TRACE] graph - <------- nonSkippedSpace
2021-11-19T10:24:05,994|[TRACE] graph - <----- statementPart
2021-11-19T10:24:05,994|[TRACE] graph - -----> statementPart
2021-11-19T10:24:05,994|[TRACE] graph - -------> nonSkippedChar
2021-11-19T10:24:05,994|[TRACE] script - #out(`(`) [token]
2021-11-19T10:24:05,994|[TRACE] graph - <------- nonSkippedChar
2021-11-19T10:24:05,994|[TRACE] graph - <----- statementPart
2021-11-19T10:24:05,994|[TRACE] graph - -----> statementPart
2021-11-19T10:24:05,994|[TRACE] graph - -------> nonSkippedChar
2021-11-19T10:24:05,994|[TRACE] script - #out(`u`) [token]
2021-11-19T10:24:05,994|[TRACE] graph - <------- nonSkippedChar
2021-11-19T10:24:05,994|[TRACE] graph - <----- statementPart
2021-11-19T10:24:05,994|[TRACE] graph - -----> statementPart
2021-11-19T10:24:05,994|[TRACE] graph - -------> nonSkippedChar
2021-11-19T10:24:05,994|[TRACE] script - #out(`n`) [token]
2021-11-19T10:24:05,994|[TRACE] graph - <------- nonSkippedChar
2021-11-19T10:24:05,994|[TRACE] graph - <----- statementPart
2021-11-19T10:24:05,994|[TRACE] graph - -----> statementPart
2021-11-19T10:24:05,994|[TRACE] graph - -------> nonSkippedChar
2021-11-19T10:24:05,994|[TRACE] script - #out(`i`) [token]
2021-11-19T10:24:05,994|[TRACE] graph - <------- nonSkippedChar
2021-11-19T10:24:05,994|[TRACE] graph - <----- statementPart
2021-11-19T10:24:05,994|[TRACE] graph - -----> statementPart
2021-11-19T10:24:05,994|[TRACE] graph - -------> nonSkippedChar
2021-11-19T10:24:05,994|[TRACE] script - #out(`x`) [token]
2021-11-19T10:24:05,994|[TRACE] graph - <------- nonSkippedChar
2021-11-19T10:24:05,994|[TRACE] graph - <----- statementPart
2021-11-19T10:24:05,994|[TRACE] graph - -----> statementPart
2021-11-19T10:24:05,994|[TRACE] graph - -------> nonSkippedChar
2021-11-19T10:24:05,994|[TRACE] script - #out(`_`) [token]
2021-11-19T10:24:05,994|[TRACE] graph - <------- nonSkippedChar
2021-11-19T10:24:05,994|[TRACE] graph - <----- statementPart
2021-11-19T10:24:05,994|[TRACE] graph - -----> statementPart
2021-11-19T10:24:05,994|[TRACE] graph - -------> nonSkippedChar
2021-11-19T10:24:05,994|[TRACE] script - #out(`t`) [token]
2021-11-19T10:24:05,994|[TRACE] graph - <------- nonSkippedChar
2021-11-19T10:24:05,994|[TRACE] graph - <----- statementPart
2021-11-19T10:24:05,994|[TRACE] graph - -----> statementPart
2021-11-19T10:24:05,994|[TRACE] graph - -------> nonSkippedChar
2021-11-19T10:24:05,994|[TRACE] script - #out(`i`) [token]
2021-11-19T10:24:05,994|[TRACE] graph - <------- nonSkippedChar
2021-11-19T10:24:05,994|[TRACE] graph - <----- statementPart
2021-11-19T10:24:05,994|[TRACE] graph - -----> statementPart
2021-11-19T10:24:05,994|[TRACE] graph - -------> nonSkippedChar
2021-11-19T10:24:05,994|[TRACE] script - #out(`m`) [token]
2021-11-19T10:24:05,994|[TRACE] graph - <------- nonSkippedChar
2021-11-19T10:24:05,994|[TRACE] graph - <----- statementPart
2021-11-19T10:24:05,994|[TRACE] graph - -----> statementPart
2021-11-19T10:24:05,994|[TRACE] graph - -------> nonSkippedChar
2021-11-19T10:24:05,994|[TRACE] script - #out(`e`) [token]
2021-11-19T10:24:05,994|[TRACE] graph - <------- nonSkippedChar
2021-11-19T10:24:05,994|[TRACE] graph - <----- statementPart
2021-11-19T10:24:05,994|[TRACE] graph - -----> statementPart
2021-11-19T10:24:05,994|[TRACE] graph - -------> nonSkippedChar
2021-11-19T10:24:05,994|[TRACE] script - #out(`s`) [token]
2021-11-19T10:24:05,994|[TRACE] graph - <------- nonSkippedChar
2021-11-19T10:24:05,994|[TRACE] graph - <----- statementPart
2021-11-19T10:24:05,994|[TRACE] graph - -----> statementPart
2021-11-19T10:24:05,994|[TRACE] graph - -------> nonSkippedChar
2021-11-19T10:24:05,994|[TRACE] script - #out(`t`) [token]
2021-11-19T10:24:05,994|[TRACE] graph - <------- nonSkippedChar
2021-11-19T10:24:05,994|[TRACE] graph - <----- statementPart
2021-11-19T10:24:05,994|[TRACE] graph - -----> statementPart
2021-11-19T10:24:05,994|[TRACE] graph - -------> nonSkippedChar
2021-11-19T10:24:05,994|[TRACE] script - #out(`a`) [token]
2021-11-19T10:24:05,994|[TRACE] graph - <------- nonSkippedChar
2021-11-19T10:24:05,994|[TRACE] graph - <----- statementPart
2021-11-19T10:24:05,994|[TRACE] graph - -----> statementPart
2021-11-19T10:24:05,994|[TRACE] graph - -------> nonSkippedChar
2021-11-19T10:24:05,994|[TRACE] script - #out(`m`) [token]
2021-11-19T10:24:05,994|[TRACE] graph - <------- nonSkippedChar
2021-11-19T10:24:05,994|[TRACE] graph - <----- statementPart
2021-11-19T10:24:05,994|[TRACE] graph - -----> statementPart
2021-11-19T10:24:05,994|[TRACE] graph - -------> nonSkippedChar
2021-11-19T10:24:05,994|[TRACE] script - #out(`p`) [token]
2021-11-19T10:24:05,994|[TRACE] graph - <------- nonSkippedChar
2021-11-19T10:24:05,995|[TRACE] graph - <----- statementPart
2021-11-19T10:24:05,995|[TRACE] graph - -----> statementPart
2021-11-19T10:24:05,995|[TRACE] graph - -------> nonSkippedChar
2021-11-19T10:24:05,995|[TRACE] script - #out(`(`) [token]
2021-11-19T10:24:05,995|[TRACE] graph - <------- nonSkippedChar
2021-11-19T10:24:05,995|[TRACE] graph - <----- statementPart
2021-11-19T10:24:05,995|[TRACE] graph - -----> statementPart
2021-11-19T10:24:05,995|[TRACE] graph - -------> nonSkippedChar
2021-11-19T10:24:05,995|[TRACE] script - #out(`n`) [token]
2021-11-19T10:24:05,995|[TRACE] graph - <------- nonSkippedChar
2021-11-19T10:24:05,995|[TRACE] graph - <----- statementPart
2021-11-19T10:24:05,995|[TRACE] graph - -----> statementPart
2021-11-19T10:24:05,995|[TRACE] graph - -------> nonSkippedChar
2021-11-19T10:24:05,995|[TRACE] script - #out(`o`) [token]
2021-11-19T10:24:05,995|[TRACE] graph - <------- nonSkippedChar
2021-11-19T10:24:05,995|[TRACE] graph - <----- statementPart
2021-11-19T10:24:05,995|[TRACE] graph - -----> statementPart
2021-11-19T10:24:05,995|[TRACE] graph - -------> nonSkippedChar
2021-11-19T10:24:06,051|[TRACE] script - #out(`w`) [token]
2021-11-19T10:24:06,051|[TRACE] graph - <------- nonSkippedChar
2021-11-19T10:24:06,051|[TRACE] graph - <----- statementPart
2021-11-19T10:24:06,051|[TRACE] graph - -----> statementPart
2021-11-19T10:24:06,051|[TRACE] graph - -------> nonSkippedChar
2021-11-19T10:24:06,051|[TRACE] script - #out(`(`) [token]
2021-11-19T10:24:06,051|[TRACE] graph - <------- nonSkippedChar
2021-11-19T10:24:06,051|[TRACE] graph - <----- statementPart
2021-11-19T10:24:06,051|[TRACE] graph - -----> statementPart
2021-11-19T10:24:06,051|[TRACE] graph - -------> nonSkippedChar
2021-11-19T10:24:06,051|[TRACE] script - #out(`)`) [token]
2021-11-19T10:24:06,051|[TRACE] graph - <------- nonSkippedChar
2021-11-19T10:24:06,051|[TRACE] graph - <----- statementPart
2021-11-19T10:24:06,051|[TRACE] graph - -----> statementPart
2021-11-19T10:24:06,051|[TRACE] graph - -------> nonSkippedChar
2021-11-19T10:24:06,051|[TRACE] script - #out(`)`) [token]
2021-11-19T10:24:06,051|[TRACE] graph - <------- nonSkippedChar
2021-11-19T10:24:06,051|[TRACE] graph - <----- statementPart
2021-11-19T10:24:06,051|[TRACE] graph - -----> statementPart
2021-11-19T10:24:06,051|[TRACE] graph - -------> nonSkippedSpace
2021-11-19T10:24:06,051|[TRACE] script - #out(` `) [token]
2021-11-19T10:24:06,051|[TRACE] graph - <------- nonSkippedSpace
2021-11-19T10:24:06,051|[TRACE] graph - <----- statementPart
2021-11-19T10:24:06,051|[TRACE] graph - -----> statementPart
2021-11-19T10:24:06,051|[TRACE] graph - -------> nonSkippedChar
2021-11-19T10:24:06,051|[TRACE] script - #out(`*`) [token]
2021-11-19T10:24:06,051|[TRACE] graph - <------- nonSkippedChar
2021-11-19T10:24:06,051|[TRACE] graph - <----- statementPart
2021-11-19T10:24:06,051|[TRACE] graph - -----> statementPart
2021-11-19T10:24:06,051|[TRACE] graph - -------> nonSkippedSpace
2021-11-19T10:24:06,051|[TRACE] script - #out(` `) [token]
2021-11-19T10:24:06,051|[TRACE] graph - <------- nonSkippedSpace
2021-11-19T10:24:06,051|[TRACE] graph - <----- statementPart
2021-11-19T10:24:06,051|[TRACE] graph - -----> statementPart
2021-11-19T10:24:06,051|[TRACE] graph - -------> nonSkippedChar
2021-11-19T10:24:06,051|[TRACE] script - #out(`1`) [token]
2021-11-19T10:24:06,051|[TRACE] graph - <------- nonSkippedChar
2021-11-19T10:24:06,051|[TRACE] graph - <----- statementPart
2021-11-19T10:24:06,051|[TRACE] graph - -----> statementPart
2021-11-19T10:24:06,051|[TRACE] graph - -------> nonSkippedChar
2021-11-19T10:24:06,051|[TRACE] script - #out(`0`) [token]
2021-11-19T10:24:06,051|[TRACE] graph - <------- nonSkippedChar
2021-11-19T10:24:06,051|[TRACE] graph - <----- statementPart
2021-11-19T10:24:06,051|[TRACE] graph - -----> statementPart
2021-11-19T10:24:06,051|[TRACE] graph - -------> nonSkippedChar
2021-11-19T10:24:06,051|[TRACE] script - #out(`0`) [token]
2021-11-19T10:24:06,052|[TRACE] graph - <------- nonSkippedChar
2021-11-19T10:24:06,052|[TRACE] graph - <----- statementPart
2021-11-19T10:24:06,052|[TRACE] graph - -----> statementPart
2021-11-19T10:24:06,052|[TRACE] graph - -------> nonSkippedChar
2021-11-19T10:24:06,052|[TRACE] script - #out(`0`) [token]
2021-11-19T10:24:06,052|[TRACE] graph - <------- nonSkippedChar
2021-11-19T10:24:06,052|[TRACE] graph - <----- statementPart
2021-11-19T10:24:06,052|[TRACE] graph - -----> statementPart
2021-11-19T10:24:06,052|[TRACE] graph - -------> nonSkippedChar
2021-11-19T10:24:06,052|[TRACE] script - #out(`)`) [token]
2021-11-19T10:24:06,052|[TRACE] graph - <------- nonSkippedChar
2021-11-19T10:24:06,052|[TRACE] graph - <----- statementPart
2021-11-19T10:24:06,052|[TRACE] graph - -----> statementPart
2021-11-19T10:24:06,052|[TRACE] graph - -------> nonSkippedChar
2021-11-19T10:24:06,052|[TRACE] script - #out(`,`) [token]
2021-11-19T10:24:06,052|[TRACE] graph - <------- nonSkippedChar
2021-11-19T10:24:06,052|[TRACE] graph - <----- statementPart
2021-11-19T10:24:06,052|[TRACE] graph - -----> afterStatementPartNewline
2021-11-19T10:24:06,052|[TRACE] script - #out(` `) [text]
2021-11-19T10:24:06,052|[TRACE] graph - <----- afterStatementPartNewline
2021-11-19T10:24:06,052|[TRACE] graph - -----> statementPart
2021-11-19T10:24:06,052|[TRACE] graph - -------> nonSkippedSpace
2021-11-19T10:24:06,052|[TRACE] script - #out(` `) [token]
2021-11-19T10:24:06,052|[TRACE] graph - <------- nonSkippedSpace
2021-11-19T10:24:06,052|[TRACE] graph - <----- statementPart
2021-11-19T10:24:06,052|[TRACE] graph - -----> statementPart
2021-11-19T10:24:06,052|[TRACE] graph - -------> nonSkippedSpace
2021-11-19T10:24:06,052|[TRACE] script - #out(` `) [token]
2021-11-19T10:24:06,052|[TRACE] graph - <------- nonSkippedSpace
2021-11-19T10:24:06,052|[TRACE] graph - <----- statementPart
2021-11-19T10:24:06,052|[TRACE] graph - -----> statementPart
2021-11-19T10:24:06,052|[TRACE] graph - -------> quotedString
2021-11-19T10:24:06,052|[TRACE] script - #out(``version``) [token]
2021-11-19T10:24:06,052|[TRACE] graph - <------- quotedString
2021-11-19T10:24:06,052|[TRACE] graph - <----- statementPart
2021-11-19T10:24:06,052|[TRACE] graph - -----> statementPart
2021-11-19T10:24:06,052|[TRACE] graph - -------> nonSkippedSpace
2021-11-19T10:24:06,052|[TRACE] script - #out(` `) [token]
2021-11-19T10:24:06,052|[TRACE] graph - <------- nonSkippedSpace
2021-11-19T10:24:06,052|[TRACE] graph - <----- statementPart
2021-11-19T10:24:06,052|[TRACE] graph - -----> statementPart
2021-11-19T10:24:06,052|[TRACE] graph - -------> nonSkippedChar
2021-11-19T10:24:06,052|[TRACE] script - #out(`I`) [token]
2021-11-19T10:24:06,052|[TRACE] graph - <------- nonSkippedChar
2021-11-19T10:24:06,052|[TRACE] graph - <----- statementPart
2021-11-19T10:24:06,052|[TRACE] graph - -----> statementPart
2021-11-19T10:24:06,052|[TRACE] graph - -------> nonSkippedChar
2021-11-19T10:24:06,052|[TRACE] script - #out(`N`) [token]
2021-11-19T10:24:06,052|[TRACE] graph - <------- nonSkippedChar
2021-11-19T10:24:06,052|[TRACE] graph - <----- statementPart
2021-11-19T10:24:06,052|[TRACE] graph - -----> statementPart
2021-11-19T10:24:06,052|[TRACE] graph - -------> nonSkippedChar
2021-11-19T10:24:06,052|[TRACE] script - #out(`T`) [token]
2021-11-19T10:24:06,052|[TRACE] graph - <------- nonSkippedChar
2021-11-19T10:24:06,052|[TRACE] graph - <----- statementPart
2021-11-19T10:24:06,052|[TRACE] graph - -----> statementPart
2021-11-19T10:24:06,052|[TRACE] graph - -------> nonSkippedSpace
2021-11-19T10:24:06,052|[TRACE] script - #out(` `) [token]
2021-11-19T10:24:06,052|[TRACE] graph - <------- nonSkippedSpace
2021-11-19T10:24:06,052|[TRACE] graph - <----- statementPart
2021-11-19T10:24:06,052|[TRACE] graph - -----> statementPart
2021-11-19T10:24:06,052|[TRACE] graph - -------> nonSkippedChar
2021-11-19T10:24:06,052|[TRACE] script - #out(`N`) [token]
2021-11-19T10:24:06,052|[TRACE] graph - <------- nonSkippedChar
2021-11-19T10:24:06,052|[TRACE] graph - <----- statementPart
2021-11-19T10:24:06,052|[TRACE] graph - -----> statementPart
2021-11-19T10:24:06,052|[TRACE] graph - -------> nonSkippedChar
2021-11-19T10:24:06,052|[TRACE] script - #out(`O`) [token]
2021-11-19T10:24:06,052|[TRACE] graph - <------- nonSkippedChar
2021-11-19T10:24:06,052|[TRACE] graph - <----- statementPart
2021-11-19T10:24:06,052|[TRACE] graph - -----> statementPart
2021-11-19T10:24:06,052|[TRACE] graph - -------> nonSkippedChar
2021-11-19T10:24:06,052|[TRACE] script - #out(`T`) [token]
2021-11-19T10:24:06,052|[TRACE] graph - <------- nonSkippedChar
2021-11-19T10:24:06,052|[TRACE] graph - <----- statementPart
2021-11-19T10:24:06,052|[TRACE] graph - -----> statementPart
2021-11-19T10:24:06,052|[TRACE] graph - -------> nonSkippedSpace
2021-11-19T10:24:06,052|[TRACE] script - #out(` `) [token]
2021-11-19T10:24:06,052|[TRACE] graph - <------- nonSkippedSpace
2021-11-19T10:24:06,052|[TRACE] graph - <----- statementPart
2021-11-19T10:24:06,052|[TRACE] graph - -----> statementPart
2021-11-19T10:24:06,052|[TRACE] graph - -------> nonSkippedChar
2021-11-19T10:24:06,052|[TRACE] script - #out(`N`) [token]
2021-11-19T10:24:06,052|[TRACE] graph - <------- nonSkippedChar
2021-11-19T10:24:06,052|[TRACE] graph - <----- statementPart
2021-11-19T10:24:06,052|[TRACE] graph - -----> statementPart
2021-11-19T10:24:06,052|[TRACE] graph - -------> nonSkippedChar
2021-11-19T10:24:06,052|[TRACE] script - #out(`U`) [token]
2021-11-19T10:24:06,052|[TRACE] graph - <------- nonSkippedChar
2021-11-19T10:24:06,052|[TRACE] graph - <----- statementPart
2021-11-19T10:24:06,052|[TRACE] graph - -----> statementPart
2021-11-19T10:24:06,052|[TRACE] graph - -------> nonSkippedChar
2021-11-19T10:24:06,052|[TRACE] script - #out(`L`) [token]
2021-11-19T10:24:06,052|[TRACE] graph - <------- nonSkippedChar
2021-11-19T10:24:06,052|[TRACE] graph - <----- statementPart
2021-11-19T10:24:06,052|[TRACE] graph - -----> statementPart
2021-11-19T10:24:06,052|[TRACE] graph - -------> nonSkippedChar
2021-11-19T10:24:06,052|[TRACE] script - #out(`L`) [token]
2021-11-19T10:24:06,052|[TRACE] graph - <------- nonSkippedChar
2021-11-19T10:24:06,052|[TRACE] graph - <----- statementPart
2021-11-19T10:24:06,052|[TRACE] graph - -----> statementPart
2021-11-19T10:24:06,052|[TRACE] graph - -------> nonSkippedSpace
2021-11-19T10:24:06,052|[TRACE] script - #out(` `) [token]
2021-11-19T10:24:06,052|[TRACE] graph - <------- nonSkippedSpace
2021-11-19T10:24:06,052|[TRACE] graph - <----- statementPart
2021-11-19T10:24:06,052|[TRACE] graph - -----> statementPart
2021-11-19T10:24:06,052|[TRACE] graph - -------> nonSkippedChar
2021-11-19T10:24:06,052|[TRACE] script - #out(`D`) [token]
2021-11-19T10:24:06,052|[TRACE] graph - <------- nonSkippedChar
2021-11-19T10:24:06,052|[TRACE] graph - <----- statementPart
2021-11-19T10:24:06,052|[TRACE] graph - -----> statementPart
2021-11-19T10:24:06,052|[TRACE] graph - -------> nonSkippedChar
2021-11-19T10:24:06,052|[TRACE] script - #out(`E`) [token]
2021-11-19T10:24:06,052|[TRACE] graph - <------- nonSkippedChar
2021-11-19T10:24:06,052|[TRACE] graph - <----- statementPart
2021-11-19T10:24:06,052|[TRACE] graph - -----> statementPart
2021-11-19T10:24:06,052|[TRACE] graph - -------> nonSkippedChar
2021-11-19T10:24:06,052|[TRACE] script - #out(`F`) [token]
2021-11-19T10:24:06,052|[TRACE] graph - <------- nonSkippedChar
2021-11-19T10:24:06,052|[TRACE] graph - <----- statementPart
2021-11-19T10:24:06,052|[TRACE] graph - -----> statementPart
2021-11-19T10:24:06,052|[TRACE] graph - -------> nonSkippedChar
2021-11-19T10:24:06,052|[TRACE] script - #out(`A`) [token]
2021-11-19T10:24:06,052|[TRACE] graph - <------- nonSkippedChar
2021-11-19T10:24:06,052|[TRACE] graph - <----- statementPart
2021-11-19T10:24:06,052|[TRACE] graph - -----> statementPart
2021-11-19T10:24:06,052|[TRACE] graph - -------> nonSkippedChar
2021-11-19T10:24:06,052|[TRACE] script - #out(`U`) [token]
2021-11-19T10:24:06,052|[TRACE] graph - <------- nonSkippedChar
2021-11-19T10:24:06,052|[TRACE] graph - <----- statementPart
2021-11-19T10:24:06,052|[TRACE] graph - -----> statementPart
2021-11-19T10:24:06,052|[TRACE] graph - -------> nonSkippedChar
2021-11-19T10:24:06,052|[TRACE] script - #out(`L`) [token]
2021-11-19T10:24:06,052|[TRACE] graph - <------- nonSkippedChar
2021-11-19T10:24:06,052|[TRACE] graph - <----- statementPart
2021-11-19T10:24:06,052|[TRACE] graph - -----> statementPart
2021-11-19T10:24:06,052|[TRACE] graph - -------> nonSkippedChar
2021-11-19T10:24:06,052|[TRACE] script - #out(`T`) [token]
2021-11-19T10:24:06,052|[TRACE] graph - <------- nonSkippedChar
2021-11-19T10:24:06,052|[TRACE] graph - <----- statementPart
2021-11-19T10:24:06,052|[TRACE] graph - -----> statementPart
2021-11-19T10:24:06,052|[TRACE] graph - -------> nonSkippedSpace
2021-11-19T10:24:06,052|[TRACE] script - #out(` `) [token]
2021-11-19T10:24:06,052|[TRACE] graph - <------- nonSkippedSpace
2021-11-19T10:24:06,052|[TRACE] graph - <----- statementPart
2021-11-19T10:24:06,052|[TRACE] graph - -----> statementPart
2021-11-19T10:24:06,052|[TRACE] graph - -------> nonSkippedChar
2021-11-19T10:24:06,052|[TRACE] script - #out(`1`) [token]
2021-11-19T10:24:06,052|[TRACE] graph - <------- nonSkippedChar
2021-11-19T10:24:06,052|[TRACE] graph - <----- statementPart
2021-11-19T10:24:06,052|[TRACE] graph - -----> statementPart
2021-11-19T10:24:06,052|[TRACE] graph - -------> nonSkippedChar
2021-11-19T10:24:06,052|[TRACE] script - #out(`,`) [token]
2021-11-19T10:24:06,052|[TRACE] graph - <------- nonSkippedChar
2021-11-19T10:24:06,052|[TRACE] graph - <----- statementPart
2021-11-19T10:24:06,052|[TRACE] graph - -----> afterStatementPartNewline
2021-11-19T10:24:06,052|[TRACE] script - #out(` `) [text]
2021-11-19T10:24:06,052|[TRACE] graph - <----- afterStatementPartNewline
2021-11-19T10:24:06,052|[TRACE] graph - -----> statementPart
2021-11-19T10:24:06,052|[TRACE] graph - -------> nonSkippedSpace
2021-11-19T10:24:06,052|[TRACE] script - #out(` `) [token]
2021-11-19T10:24:06,052|[TRACE] graph - <------- nonSkippedSpace
2021-11-19T10:24:06,052|[TRACE] graph - <----- statementPart
2021-11-19T10:24:06,052|[TRACE] graph - -----> statementPart
2021-11-19T10:24:06,052|[TRACE] graph - -------> nonSkippedSpace
2021-11-19T10:24:06,052|[TRACE] script - #out(` `) [token]
2021-11-19T10:24:06,052|[TRACE] graph - <------- nonSkippedSpace
2021-11-19T10:24:06,052|[TRACE] graph - <----- statementPart
2021-11-19T10:24:06,052|[TRACE] graph - -----> statementPart
2021-11-19T10:24:06,052|[TRACE] graph - -------> nonSkippedChar
2021-11-19T10:24:06,052|[TRACE] script - #out(`P`) [token]
2021-11-19T10:24:06,052|[TRACE] graph - <------- nonSkippedChar
2021-11-19T10:24:06,052|[TRACE] graph - <----- statementPart
2021-11-19T10:24:06,052|[TRACE] graph - -----> statementPart
2021-11-19T10:24:06,052|[TRACE] graph - -------> nonSkippedChar
2021-11-19T10:24:06,052|[TRACE] script - #out(`R`) [token]
2021-11-19T10:24:06,052|[TRACE] graph - <------- nonSkippedChar
2021-11-19T10:24:06,052|[TRACE] graph - <----- statementPart
2021-11-19T10:24:06,052|[TRACE] graph - -----> statementPart
2021-11-19T10:24:06,052|[TRACE] graph - -------> nonSkippedChar
2021-11-19T10:24:06,052|[TRACE] script - #out(`I`) [token]
2021-11-19T10:24:06,052|[TRACE] graph - <------- nonSkippedChar
2021-11-19T10:24:06,052|[TRACE] graph - <----- statementPart
2021-11-19T10:24:06,052|[TRACE] graph - -----> statementPart
2021-11-19T10:24:06,052|[TRACE] graph - -------> nonSkippedChar
2021-11-19T10:24:06,052|[TRACE] script - #out(`M`) [token]
2021-11-19T10:24:06,052|[TRACE] graph - <------- nonSkippedChar
2021-11-19T10:24:06,052|[TRACE] graph - <----- statementPart
2021-11-19T10:24:06,052|[TRACE] graph - -----> statementPart
2021-11-19T10:24:06,052|[TRACE] graph - -------> nonSkippedChar
2021-11-19T10:24:06,052|[TRACE] script - #out(`A`) [token]
2021-11-19T10:24:06,052|[TRACE] graph - <------- nonSkippedChar
2021-11-19T10:24:06,052|[TRACE] graph - <----- statementPart
2021-11-19T10:24:06,052|[TRACE] graph - -----> statementPart
2021-11-19T10:24:06,052|[TRACE] graph - -------> nonSkippedChar
2021-11-19T10:24:06,052|[TRACE] script - #out(`R`) [token]
2021-11-19T10:24:06,052|[TRACE] graph - <------- nonSkippedChar
2021-11-19T10:24:06,052|[TRACE] graph - <----- statementPart
2021-11-19T10:24:06,052|[TRACE] graph - -----> statementPart
2021-11-19T10:24:06,052|[TRACE] graph - -------> nonSkippedChar
2021-11-19T10:24:06,052|[TRACE] script - #out(`Y`) [token]
2021-11-19T10:24:06,052|[TRACE] graph - <------- nonSkippedChar
2021-11-19T10:24:06,052|[TRACE] graph - <----- statementPart
2021-11-19T10:24:06,052|[TRACE] graph - -----> statementPart
2021-11-19T10:24:06,052|[TRACE] graph - -------> nonSkippedSpace
2021-11-19T10:24:06,052|[TRACE] script - #out(` `) [token]
2021-11-19T10:24:06,052|[TRACE] graph - <------- nonSkippedSpace
2021-11-19T10:24:06,052|[TRACE] graph - <----- statementPart
2021-11-19T10:24:06,052|[TRACE] graph - -----> statementPart
2021-11-19T10:24:06,052|[TRACE] graph - -------> nonSkippedChar
2021-11-19T10:24:06,052|[TRACE] script - #out(`K`) [token]
2021-11-19T10:24:06,052|[TRACE] graph - <------- nonSkippedChar
2021-11-19T10:24:06,052|[TRACE] graph - <----- statementPart
2021-11-19T10:24:06,052|[TRACE] graph - -----> statementPart
2021-11-19T10:24:06,052|[TRACE] graph - -------> nonSkippedChar
2021-11-19T10:24:06,052|[TRACE] script - #out(`E`) [token]
2021-11-19T10:24:06,052|[TRACE] graph - <------- nonSkippedChar
2021-11-19T10:24:06,052|[TRACE] graph - <----- statementPart
2021-11-19T10:24:06,052|[TRACE] graph - -----> statementPart
2021-11-19T10:24:06,052|[TRACE] graph - -------> nonSkippedChar
2021-11-19T10:24:06,052|[TRACE] script - #out(`Y`) [token]
2021-11-19T10:24:06,052|[TRACE] graph - <------- nonSkippedChar
2021-11-19T10:24:06,052|[TRACE] graph - <----- statementPart
2021-11-19T10:24:06,052|[TRACE] graph - -----> statementPart
2021-11-19T10:24:06,052|[TRACE] graph - -------> nonSkippedSpace
2021-11-19T10:24:06,052|[TRACE] script - #out(` `) [token]
2021-11-19T10:24:06,052|[TRACE] graph - <------- nonSkippedSpace
2021-11-19T10:24:06,052|[TRACE] graph - <----- statementPart
2021-11-19T10:24:06,052|[TRACE] graph - -----> statementPart
2021-11-19T10:24:06,052|[TRACE] graph - -------> nonSkippedChar
2021-11-19T10:24:06,052|[TRACE] script - #out(`(`) [token]
2021-11-19T10:24:06,052|[TRACE] graph - <------- nonSkippedChar
2021-11-19T10:24:06,052|[TRACE] graph - <----- statementPart
2021-11-19T10:24:06,052|[TRACE] graph - -----> statementPart
2021-11-19T10:24:06,052|[TRACE] graph - -------> quotedString
2021-11-19T10:24:06,052|[TRACE] script - #out(``address_id``) [token]
2021-11-19T10:24:06,052|[TRACE] graph - <------- quotedString
2021-11-19T10:24:06,052|[TRACE] graph - <----- statementPart
2021-11-19T10:24:06,052|[TRACE] graph - -----> statementPart
2021-11-19T10:24:06,052|[TRACE] graph - -------> nonSkippedChar
2021-11-19T10:24:06,052|[TRACE] script - #out(`)`) [token]
2021-11-19T10:24:06,052|[TRACE] graph - <------- nonSkippedChar
2021-11-19T10:24:06,052|[TRACE] graph - <----- statementPart
2021-11-19T10:24:06,052|[TRACE] graph - -----> statementPart
2021-11-19T10:24:06,052|[TRACE] graph - -------> nonSkippedChar
2021-11-19T10:24:06,052|[TRACE] script - #out(`)`) [token]
2021-11-19T10:24:06,052|[TRACE] graph - <------- nonSkippedChar
2021-11-19T10:24:06,052|[TRACE] graph - <----- statementPart
2021-11-19T10:24:06,052|[TRACE] graph - -----> afterStatementPartNewline
2021-11-19T10:24:06,052|[TRACE] script - #out(` `) [text]
2021-11-19T10:24:06,052|[TRACE] graph - <----- afterStatementPartNewline
2021-11-19T10:24:06,052|[TRACE] graph - -----> statementPart
2021-11-19T10:24:06,052|[TRACE] graph - -------> nonSkippedChar
2021-11-19T10:24:06,052|[TRACE] script - #out(`E`) [token]
2021-11-19T10:24:06,052|[TRACE] graph - <------- nonSkippedChar
2021-11-19T10:24:06,052|[TRACE] graph - <----- statementPart
2021-11-19T10:24:06,052|[TRACE] graph - -----> statementPart
2021-11-19T10:24:06,052|[TRACE] graph - -------> nonSkippedChar
2021-11-19T10:24:06,052|[TRACE] script - #out(`N`) [token]
2021-11-19T10:24:06,052|[TRACE] graph - <------- nonSkippedChar
2021-11-19T10:24:06,052|[TRACE] graph - <----- statementPart
2021-11-19T10:24:06,052|[TRACE] graph - -----> statementPart
2021-11-19T10:24:06,052|[TRACE] graph - -------> nonSkippedChar
2021-11-19T10:24:06,052|[TRACE] script - #out(`G`) [token]
2021-11-19T10:24:06,052|[TRACE] graph - <------- nonSkippedChar
2021-11-19T10:24:06,052|[TRACE] graph - <----- statementPart
2021-11-19T10:24:06,052|[TRACE] graph - -----> statementPart
2021-11-19T10:24:06,052|[TRACE] graph - -------> nonSkippedChar
2021-11-19T10:24:06,052|[TRACE] script - #out(`I`) [token]
2021-11-19T10:24:06,052|[TRACE] graph - <------- nonSkippedChar
2021-11-19T10:24:06,052|[TRACE] graph - <----- statementPart
2021-11-19T10:24:06,052|[TRACE] graph - -----> statementPart
2021-11-19T10:24:06,052|[TRACE] graph - -------> nonSkippedChar
2021-11-19T10:24:06,052|[TRACE] script - #out(`N`) [token]
2021-11-19T10:24:06,052|[TRACE] graph - <------- nonSkippedChar
2021-11-19T10:24:06,052|[TRACE] graph - <----- statementPart
2021-11-19T10:24:06,052|[TRACE] graph - -----> statementPart
2021-11-19T10:24:06,052|[TRACE] graph - -------> nonSkippedChar
2021-11-19T10:24:06,052|[TRACE] script - #out(`E`) [token]
2021-11-19T10:24:06,052|[TRACE] graph - <------- nonSkippedChar
2021-11-19T10:24:06,052|[TRACE] graph - <----- statementPart
2021-11-19T10:24:06,052|[TRACE] graph - -----> statementPart
2021-11-19T10:24:06,052|[TRACE] graph - -------> nonSkippedSpace
2021-11-19T10:24:06,052|[TRACE] script - #out(` `) [token]
2021-11-19T10:24:06,052|[TRACE] graph - <------- nonSkippedSpace
2021-11-19T10:24:06,052|[TRACE] graph - <----- statementPart
2021-11-19T10:24:06,052|[TRACE] graph - -----> statementPart
2021-11-19T10:24:06,052|[TRACE] graph - -------> nonSkippedChar
2021-11-19T10:24:06,052|[TRACE] script - #out(`=`) [token]
2021-11-19T10:24:06,052|[TRACE] graph - <------- nonSkippedChar
2021-11-19T10:24:06,052|[TRACE] graph - <----- statementPart
2021-11-19T10:24:06,052|[TRACE] graph - -----> statementPart
2021-11-19T10:24:06,052|[TRACE] graph - -------> nonSkippedSpace
2021-11-19T10:24:06,052|[TRACE] script - #out(` `) [token]
2021-11-19T10:24:06,052|[TRACE] graph - <------- nonSkippedSpace
2021-11-19T10:24:06,052|[TRACE] graph - <----- statementPart
2021-11-19T10:24:06,052|[TRACE] graph - -----> statementPart
2021-11-19T10:24:06,052|[TRACE] graph - -------> nonSkippedChar
2021-11-19T10:24:06,053|[TRACE] script - #out(`I`) [token]
2021-11-19T10:24:06,053|[TRACE] graph - <------- nonSkippedChar
2021-11-19T10:24:06,053|[TRACE] graph - <----- statementPart
2021-11-19T10:24:06,053|[TRACE] graph - -----> statementPart
2021-11-19T10:24:06,053|[TRACE] graph - -------> nonSkippedChar
2021-11-19T10:24:06,053|[TRACE] script - #out(`n`) [token]
2021-11-19T10:24:06,053|[TRACE] graph - <------- nonSkippedChar
2021-11-19T10:24:06,053|[TRACE] graph - <----- statementPart
2021-11-19T10:24:06,053|[TRACE] graph - -----> statementPart
2021-11-19T10:24:06,053|[TRACE] graph - -------> nonSkippedChar
2021-11-19T10:24:06,053|[TRACE] script - #out(`n`) [token]
2021-11-19T10:24:06,053|[TRACE] graph - <------- nonSkippedChar
2021-11-19T10:24:06,053|[TRACE] graph - <----- statementPart
2021-11-19T10:24:06,053|[TRACE] graph - -----> statementPart
2021-11-19T10:24:06,053|[TRACE] graph - -------> nonSkippedChar
2021-11-19T10:24:06,053|[TRACE] script - #out(`o`) [token]
2021-11-19T10:24:06,053|[TRACE] graph - <------- nonSkippedChar
2021-11-19T10:24:06,053|[TRACE] graph - <----- statementPart
2021-11-19T10:24:06,053|[TRACE] graph - -----> statementPart
2021-11-19T10:24:06,053|[TRACE] graph - -------> nonSkippedChar
2021-11-19T10:24:06,053|[TRACE] script - #out(`D`) [token]
2021-11-19T10:24:06,053|[TRACE] graph - <------- nonSkippedChar
2021-11-19T10:24:06,053|[TRACE] graph - <----- statementPart
2021-11-19T10:24:06,053|[TRACE] graph - -----> statementPart
2021-11-19T10:24:06,053|[TRACE] graph - -------> nonSkippedChar
2021-11-19T10:24:06,053|[TRACE] script - #out(`B`) [token]
2021-11-19T10:24:06,053|[TRACE] graph - <------- nonSkippedChar
2021-11-19T10:24:06,053|[TRACE] graph - <----- statementPart
2021-11-19T10:24:06,053|[DEBUG] graph - Import statement : CREATE TABLE IF NOT EXISTS `bloodbank`.`address` (   `address_id` INT NOT NULL AUTO_INCREMENT,   `street_number` VARCHAR(10) NOT NULL,   `street` VARCHAR(100) NOT NULL,   `city` VARCHAR(100) NOT NULL,   `province` VARCHAR(100) NOT NULL,   `country` VARCHAR(100) NOT NULL,   `zipcode` VARCHAR(100) NOT NULL,   `created` BIGINT NOT NULL DEFAULT (unix_timestamp(now()) * 1000),   `updated` BIGINT NOT NULL DEFAULT (unix_timestamp(now()) * 1000),   `version` INT NOT NULL DEFAULT 1,   PRIMARY KEY (`address_id`)) ENGINE = InnoDB
2021-11-19T10:24:06,053|[TRACE] graph - <--- statement
2021-11-19T10:24:06,053|[TRACE] graph - ---> blankSpacesToSkip
2021-11-19T10:24:06,053|[TRACE] graph - -----> newLineToSkip
2021-11-19T10:24:06,053|[TRACE] graph - <----- newLineToSkip
2021-11-19T10:24:06,053|[TRACE] graph - -----> newLineToSkip
2021-11-19T10:24:06,053|[TRACE] graph - <----- newLineToSkip
2021-11-19T10:24:06,053|[TRACE] graph - -----> newLineToSkip
2021-11-19T10:24:06,053|[TRACE] graph - <----- newLineToSkip
2021-11-19T10:24:06,053|[TRACE] graph - -----> newLineToSkip
2021-11-19T10:24:06,053|[TRACE] graph - <----- newLineToSkip
2021-11-19T10:24:06,053|[TRACE] graph - -----> newLineToSkip
2021-11-19T10:24:06,053|[TRACE] graph - <----- newLineToSkip
2021-11-19T10:24:06,053|[TRACE] graph - -----> newLineToSkip
2021-11-19T10:24:06,053|[TRACE] graph - <----- newLineToSkip
2021-11-19T10:24:06,053|[TRACE] graph - <--- blankSpacesToSkip
2021-11-19T10:24:06,053|[TRACE] graph - ---> statement
2021-11-19T10:24:06,053|[TRACE] graph - -----> statementFirstPart
2021-11-19T10:24:06,053|[TRACE] graph - -------> nonSkippedChar
2021-11-19T10:24:06,053|[TRACE] script - #out(`C`) [token]
2021-11-19T10:24:06,053|[TRACE] graph - <------- nonSkippedChar
2021-11-19T10:24:06,053|[TRACE] graph - <----- statementFirstPart
2021-11-19T10:24:06,053|[TRACE] graph - -----> statementPart
2021-11-19T10:24:06,053|[TRACE] graph - -------> nonSkippedChar
2021-11-19T10:24:06,053|[TRACE] script - #out(`R`) [token]
2021-11-19T10:24:06,053|[TRACE] graph - <------- nonSkippedChar
2021-11-19T10:24:06,053|[TRACE] graph - <----- statementPart
2021-11-19T10:24:06,053|[TRACE] graph - -----> statementPart
2021-11-19T10:24:06,053|[TRACE] graph - -------> nonSkippedChar
2021-11-19T10:24:06,053|[TRACE] script - #out(`E`) [token]
2021-11-19T10:24:06,053|[TRACE] graph - <------- nonSkippedChar
2021-11-19T10:24:06,053|[TRACE] graph - <----- statementPart
2021-11-19T10:24:06,053|[TRACE] graph - -----> statementPart
2021-11-19T10:24:06,053|[TRACE] graph - -------> nonSkippedChar
2021-11-19T10:24:06,053|[TRACE] script - #out(`A`) [token]
2021-11-19T10:24:06,053|[TRACE] graph - <------- nonSkippedChar
2021-11-19T10:24:06,053|[TRACE] graph - <----- statementPart
2021-11-19T10:24:06,053|[TRACE] graph - -----> statementPart
2021-11-19T10:24:06,053|[TRACE] graph - -------> nonSkippedChar
2021-11-19T10:24:06,053|[TRACE] script - #out(`T`) [token]
2021-11-19T10:24:06,053|[TRACE] graph - <------- nonSkippedChar
2021-11-19T10:24:06,053|[TRACE] graph - <----- statementPart
2021-11-19T10:24:06,053|[TRACE] graph - -----> statementPart
2021-11-19T10:24:06,053|[TRACE] graph - -------> nonSkippedChar
2021-11-19T10:24:06,053|[TRACE] script - #out(`E`) [token]
2021-11-19T10:24:06,053|[TRACE] graph - <------- nonSkippedChar
2021-11-19T10:24:06,053|[TRACE] graph - <----- statementPart
2021-11-19T10:24:06,053|[TRACE] graph - -----> statementPart
2021-11-19T10:24:06,053|[TRACE] graph - -------> nonSkippedSpace
2021-11-19T10:24:06,053|[TRACE] script - #out(` `) [token]
2021-11-19T10:24:06,053|[TRACE] graph - <------- nonSkippedSpace
2021-11-19T10:24:06,053|[TRACE] graph - <----- statementPart
2021-11-19T10:24:06,053|[TRACE] graph - -----> statementPart
2021-11-19T10:24:06,053|[TRACE] graph - -------> nonSkippedChar
2021-11-19T10:24:06,053|[TRACE] script - #out(`T`) [token]
2021-11-19T10:24:06,053|[TRACE] graph - <------- nonSkippedChar
2021-11-19T10:24:06,053|[TRACE] graph - <----- statementPart
2021-11-19T10:24:06,053|[TRACE] graph - -----> statementPart
2021-11-19T10:24:06,053|[TRACE] graph - -------> nonSkippedChar
2021-11-19T10:24:06,053|[TRACE] script - #out(`A`) [token]
2021-11-19T10:24:06,053|[TRACE] graph - <------- nonSkippedChar
2021-11-19T10:24:06,053|[TRACE] graph - <----- statementPart
2021-11-19T10:24:06,053|[TRACE] graph - -----> statementPart
2021-11-19T10:24:06,053|[TRACE] graph - -------> nonSkippedChar
2021-11-19T10:24:06,053|[TRACE] script - #out(`B`) [token]
2021-11-19T10:24:06,053|[TRACE] graph - <------- nonSkippedChar
2021-11-19T10:24:06,053|[TRACE] graph - <----- statementPart
2021-11-19T10:24:06,053|[TRACE] graph - -----> statementPart
2021-11-19T10:24:06,053|[TRACE] graph - -------> nonSkippedChar
2021-11-19T10:24:06,053|[TRACE] script - #out(`L`) [token]
2021-11-19T10:24:06,053|[TRACE] graph - <------- nonSkippedChar
2021-11-19T10:24:06,053|[TRACE] graph - <----- statementPart
2021-11-19T10:24:06,053|[TRACE] graph - -----> statementPart
2021-11-19T10:24:06,053|[TRACE] graph - -------> nonSkippedChar
2021-11-19T10:24:06,053|[TRACE] script - #out(`E`) [token]
2021-11-19T10:24:06,053|[TRACE] graph - <------- nonSkippedChar
2021-11-19T10:24:06,053|[TRACE] graph - <----- statementPart
2021-11-19T10:24:06,053|[TRACE] graph - -----> statementPart
2021-11-19T10:24:06,053|[TRACE] graph - -------> nonSkippedSpace
2021-11-19T10:24:06,053|[TRACE] script - #out(` `) [token]
2021-11-19T10:24:06,053|[TRACE] graph - <------- nonSkippedSpace
2021-11-19T10:24:06,053|[TRACE] graph - <----- statementPart
2021-11-19T10:24:06,053|[TRACE] graph - -----> statementPart
2021-11-19T10:24:06,053|[TRACE] graph - -------> nonSkippedChar
2021-11-19T10:24:06,053|[TRACE] script - #out(`I`) [token]
2021-11-19T10:24:06,053|[TRACE] graph - <------- nonSkippedChar
2021-11-19T10:24:06,053|[TRACE] graph - <----- statementPart
2021-11-19T10:24:06,108|[TRACE] graph - -----> statementPart
2021-11-19T10:24:06,108|[TRACE] graph - -------> nonSkippedChar
2021-11-19T10:24:06,108|[TRACE] script - #out(`F`) [token]
2021-11-19T10:24:06,108|[TRACE] graph - <------- nonSkippedChar
2021-11-19T10:24:06,108|[TRACE] graph - <----- statementPart
2021-11-19T10:24:06,108|[TRACE] graph - -----> statementPart
2021-11-19T10:24:06,108|[TRACE] graph - -------> nonSkippedSpace
2021-11-19T10:24:06,108|[TRACE] script - #out(` `) [token]
2021-11-19T10:24:06,108|[TRACE] graph - <------- nonSkippedSpace
2021-11-19T10:24:06,108|[TRACE] graph - <----- statementPart
2021-11-19T10:24:06,108|[TRACE] graph - -----> statementPart
2021-11-19T10:24:06,108|[TRACE] graph - -------> nonSkippedChar
2021-11-19T10:24:06,108|[TRACE] script - #out(`N`) [token]
2021-11-19T10:24:06,108|[TRACE] graph - <------- nonSkippedChar
2021-11-19T10:24:06,108|[TRACE] graph - <----- statementPart
2021-11-19T10:24:06,108|[TRACE] graph - -----> statementPart
2021-11-19T10:24:06,108|[TRACE] graph - -------> nonSkippedChar
2021-11-19T10:24:06,108|[TRACE] script - #out(`O`) [token]
2021-11-19T10:24:06,108|[TRACE] graph - <------- nonSkippedChar
2021-11-19T10:24:06,108|[TRACE] graph - <----- statementPart
2021-11-19T10:24:06,108|[TRACE] graph - -----> statementPart
2021-11-19T10:24:06,108|[TRACE] graph - -------> nonSkippedChar
2021-11-19T10:24:06,108|[TRACE] script - #out(`T`) [token]
2021-11-19T10:24:06,108|[TRACE] graph - <------- nonSkippedChar
2021-11-19T10:24:06,108|[TRACE] graph - <----- statementPart
2021-11-19T10:24:06,108|[TRACE] graph - -----> statementPart
2021-11-19T10:24:06,108|[TRACE] graph - -------> nonSkippedSpace
2021-11-19T10:24:06,108|[TRACE] script - #out(` `) [token]
2021-11-19T10:24:06,108|[TRACE] graph - <------- nonSkippedSpace
2021-11-19T10:24:06,108|[TRACE] graph - <----- statementPart
2021-11-19T10:24:06,108|[TRACE] graph - -----> statementPart
2021-11-19T10:24:06,108|[TRACE] graph - -------> nonSkippedChar
2021-11-19T10:24:06,108|[TRACE] script - #out(`E`) [token]
2021-11-19T10:24:06,108|[TRACE] graph - <------- nonSkippedChar
2021-11-19T10:24:06,108|[TRACE] graph - <----- statementPart
2021-11-19T10:24:06,108|[TRACE] graph - -----> statementPart
2021-11-19T10:24:06,108|[TRACE] graph - -------> nonSkippedChar
2021-11-19T10:24:06,108|[TRACE] script - #out(`X`) [token]
2021-11-19T10:24:06,108|[TRACE] graph - <------- nonSkippedChar
2021-11-19T10:24:06,108|[TRACE] graph - <----- statementPart
2021-11-19T10:24:06,108|[TRACE] graph - -----> statementPart
2021-11-19T10:24:06,108|[TRACE] graph - -------> nonSkippedChar
2021-11-19T10:24:06,108|[TRACE] script - #out(`I`) [token]
2021-11-19T10:24:06,108|[TRACE] graph - <------- nonSkippedChar
2021-11-19T10:24:06,108|[TRACE] graph - <----- statementPart
2021-11-19T10:24:06,108|[TRACE] graph - -----> statementPart
2021-11-19T10:24:06,108|[TRACE] graph - -------> nonSkippedChar
2021-11-19T10:24:06,108|[TRACE] script - #out(`S`) [token]
2021-11-19T10:24:06,108|[TRACE] graph - <------- nonSkippedChar
2021-11-19T10:24:06,108|[TRACE] graph - <----- statementPart
2021-11-19T10:24:06,108|[TRACE] graph - -----> statementPart
2021-11-19T10:24:06,108|[TRACE] graph - -------> nonSkippedChar
2021-11-19T10:24:06,108|[TRACE] script - #out(`T`) [token]
2021-11-19T10:24:06,108|[TRACE] graph - <------- nonSkippedChar
2021-11-19T10:24:06,108|[TRACE] graph - <----- statementPart
2021-11-19T10:24:06,108|[TRACE] graph - -----> statementPart
2021-11-19T10:24:06,108|[TRACE] graph - -------> nonSkippedChar
2021-11-19T10:24:06,108|[TRACE] script - #out(`S`) [token]
2021-11-19T10:24:06,108|[TRACE] graph - <------- nonSkippedChar
2021-11-19T10:24:06,108|[TRACE] graph - <----- statementPart
2021-11-19T10:24:06,108|[TRACE] graph - -----> statementPart
2021-11-19T10:24:06,108|[TRACE] graph - -------> nonSkippedSpace
2021-11-19T10:24:06,108|[TRACE] script - #out(` `) [token]
2021-11-19T10:24:06,108|[TRACE] graph - <------- nonSkippedSpace
2021-11-19T10:24:06,108|[TRACE] graph - <----- statementPart
2021-11-19T10:24:06,108|[TRACE] graph - -----> statementPart
2021-11-19T10:24:06,108|[TRACE] graph - -------> quotedString
2021-11-19T10:24:06,108|[TRACE] script - #out(``bloodbank``) [token]
2021-11-19T10:24:06,108|[TRACE] graph - <------- quotedString
2021-11-19T10:24:06,108|[TRACE] graph - <----- statementPart
2021-11-19T10:24:06,108|[TRACE] graph - -----> statementPart
2021-11-19T10:24:06,108|[TRACE] graph - -------> nonSkippedChar
2021-11-19T10:24:06,108|[TRACE] script - #out(`.`) [token]
2021-11-19T10:24:06,108|[TRACE] graph - <------- nonSkippedChar
2021-11-19T10:24:06,108|[TRACE] graph - <----- statementPart
2021-11-19T10:24:06,108|[TRACE] graph - -----> statementPart
2021-11-19T10:24:06,108|[TRACE] graph - -------> quotedString
2021-11-19T10:24:06,108|[TRACE] script - #out(``phone``) [token]
2021-11-19T10:24:06,108|[TRACE] graph - <------- quotedString
2021-11-19T10:24:06,108|[TRACE] graph - <----- statementPart
2021-11-19T10:24:06,108|[TRACE] graph - -----> statementPart
2021-11-19T10:24:06,108|[TRACE] graph - -------> nonSkippedSpace
2021-11-19T10:24:06,108|[TRACE] script - #out(` `) [token]
2021-11-19T10:24:06,108|[TRACE] graph - <------- nonSkippedSpace
2021-11-19T10:24:06,108|[TRACE] graph - <----- statementPart
2021-11-19T10:24:06,108|[TRACE] graph - -----> statementPart
2021-11-19T10:24:06,108|[TRACE] graph - -------> nonSkippedChar
2021-11-19T10:24:06,108|[TRACE] script - #out(`(`) [token]
2021-11-19T10:24:06,108|[TRACE] graph - <------- nonSkippedChar
2021-11-19T10:24:06,108|[TRACE] graph - <----- statementPart
2021-11-19T10:24:06,108|[TRACE] graph - -----> afterStatementPartNewline
2021-11-19T10:24:06,108|[TRACE] script - #out(` `) [text]
2021-11-19T10:24:06,108|[TRACE] graph - <----- afterStatementPartNewline
2021-11-19T10:24:06,108|[TRACE] graph - -----> statementPart
2021-11-19T10:24:06,108|[TRACE] graph - -------> nonSkippedSpace
2021-11-19T10:24:06,108|[TRACE] script - #out(` `) [token]
2021-11-19T10:24:06,108|[TRACE] graph - <------- nonSkippedSpace
2021-11-19T10:24:06,108|[TRACE] graph - <----- statementPart
2021-11-19T10:24:06,108|[TRACE] graph - -----> statementPart
2021-11-19T10:24:06,108|[TRACE] graph - -------> nonSkippedSpace
2021-11-19T10:24:06,108|[TRACE] script - #out(` `) [token]
2021-11-19T10:24:06,108|[TRACE] graph - <------- nonSkippedSpace
2021-11-19T10:24:06,108|[TRACE] graph - <----- statementPart
2021-11-19T10:24:06,108|[TRACE] graph - -----> statementPart
2021-11-19T10:24:06,108|[TRACE] graph - -------> quotedString
2021-11-19T10:24:06,108|[TRACE] script - #out(``phone_id``) [token]
2021-11-19T10:24:06,108|[TRACE] graph - <------- quotedString
2021-11-19T10:24:06,108|[TRACE] graph - <----- statementPart
2021-11-19T10:24:06,108|[TRACE] graph - -----> statementPart
2021-11-19T10:24:06,108|[TRACE] graph - -------> nonSkippedSpace
2021-11-19T10:24:06,108|[TRACE] script - #out(` `) [token]
2021-11-19T10:24:06,108|[TRACE] graph - <------- nonSkippedSpace
2021-11-19T10:24:06,108|[TRACE] graph - <----- statementPart
2021-11-19T10:24:06,108|[TRACE] graph - -----> statementPart
2021-11-19T10:24:06,108|[TRACE] graph - -------> nonSkippedChar
2021-11-19T10:24:06,108|[TRACE] script - #out(`I`) [token]
2021-11-19T10:24:06,108|[TRACE] graph - <------- nonSkippedChar
2021-11-19T10:24:06,108|[TRACE] graph - <----- statementPart
2021-11-19T10:24:06,108|[TRACE] graph - -----> statementPart
2021-11-19T10:24:06,108|[TRACE] graph - -------> nonSkippedChar
2021-11-19T10:24:06,108|[TRACE] script - #out(`N`) [token]
2021-11-19T10:24:06,108|[TRACE] graph - <------- nonSkippedChar
2021-11-19T10:24:06,108|[TRACE] graph - <----- statementPart
2021-11-19T10:24:06,108|[TRACE] graph - -----> statementPart
2021-11-19T10:24:06,108|[TRACE] graph - -------> nonSkippedChar
2021-11-19T10:24:06,108|[TRACE] script - #out(`T`) [token]
2021-11-19T10:24:06,108|[TRACE] graph - <------- nonSkippedChar
2021-11-19T10:24:06,108|[TRACE] graph - <----- statementPart
2021-11-19T10:24:06,108|[TRACE] graph - -----> statementPart
2021-11-19T10:24:06,108|[TRACE] graph - -------> nonSkippedSpace
2021-11-19T10:24:06,108|[TRACE] script - #out(` `) [token]
2021-11-19T10:24:06,108|[TRACE] graph - <------- nonSkippedSpace
2021-11-19T10:24:06,108|[TRACE] graph - <----- statementPart
2021-11-19T10:24:06,108|[TRACE] graph - -----> statementPart
2021-11-19T10:24:06,108|[TRACE] graph - -------> nonSkippedChar
2021-11-19T10:24:06,108|[TRACE] script - #out(`N`) [token]
2021-11-19T10:24:06,108|[TRACE] graph - <------- nonSkippedChar
2021-11-19T10:24:06,108|[TRACE] graph - <----- statementPart
2021-11-19T10:24:06,108|[TRACE] graph - -----> statementPart
2021-11-19T10:24:06,108|[TRACE] graph - -------> nonSkippedChar
2021-11-19T10:24:06,108|[TRACE] script - #out(`O`) [token]
2021-11-19T10:24:06,108|[TRACE] graph - <------- nonSkippedChar
2021-11-19T10:24:06,108|[TRACE] graph - <----- statementPart
2021-11-19T10:24:06,108|[TRACE] graph - -----> statementPart
2021-11-19T10:24:06,108|[TRACE] graph - -------> nonSkippedChar
2021-11-19T10:24:06,108|[TRACE] script - #out(`T`) [token]
2021-11-19T10:24:06,108|[TRACE] graph - <------- nonSkippedChar
2021-11-19T10:24:06,108|[TRACE] graph - <----- statementPart
2021-11-19T10:24:06,108|[TRACE] graph - -----> statementPart
2021-11-19T10:24:06,108|[TRACE] graph - -------> nonSkippedSpace
2021-11-19T10:24:06,108|[TRACE] script - #out(` `) [token]
2021-11-19T10:24:06,108|[TRACE] graph - <------- nonSkippedSpace
2021-11-19T10:24:06,108|[TRACE] graph - <----- statementPart
2021-11-19T10:24:06,108|[TRACE] graph - -----> statementPart
2021-11-19T10:24:06,108|[TRACE] graph - -------> nonSkippedChar
2021-11-19T10:24:06,108|[TRACE] script - #out(`N`) [token]
2021-11-19T10:24:06,108|[TRACE] graph - <------- nonSkippedChar
2021-11-19T10:24:06,108|[TRACE] graph - <----- statementPart
2021-11-19T10:24:06,108|[TRACE] graph - -----> statementPart
2021-11-19T10:24:06,108|[TRACE] graph - -------> nonSkippedChar
2021-11-19T10:24:06,108|[TRACE] script - #out(`U`) [token]
2021-11-19T10:24:06,108|[TRACE] graph - <------- nonSkippedChar
2021-11-19T10:24:06,108|[TRACE] graph - <----- statementPart
2021-11-19T10:24:06,108|[TRACE] graph - -----> statementPart
2021-11-19T10:24:06,108|[TRACE] graph - -------> nonSkippedChar
2021-11-19T10:24:06,108|[TRACE] script - #out(`L`) [token]
2021-11-19T10:24:06,108|[TRACE] graph - <------- nonSkippedChar
2021-11-19T10:24:06,108|[TRACE] graph - <----- statementPart
2021-11-19T10:24:06,108|[TRACE] graph - -----> statementPart
2021-11-19T10:24:06,108|[TRACE] graph - -------> nonSkippedChar
2021-11-19T10:24:06,108|[TRACE] script - #out(`L`) [token]
2021-11-19T10:24:06,108|[TRACE] graph - <------- nonSkippedChar
2021-11-19T10:24:06,108|[TRACE] graph - <----- statementPart
2021-11-19T10:24:06,108|[TRACE] graph - -----> statementPart
2021-11-19T10:24:06,108|[TRACE] graph - -------> nonSkippedSpace
2021-11-19T10:24:06,108|[TRACE] script - #out(` `) [token]
2021-11-19T10:24:06,108|[TRACE] graph - <------- nonSkippedSpace
2021-11-19T10:24:06,108|[TRACE] graph - <----- statementPart
2021-11-19T10:24:06,108|[TRACE] graph - -----> statementPart
2021-11-19T10:24:06,108|[TRACE] graph - -------> nonSkippedChar
2021-11-19T10:24:06,108|[TRACE] script - #out(`A`) [token]
2021-11-19T10:24:06,108|[TRACE] graph - <------- nonSkippedChar
2021-11-19T10:24:06,108|[TRACE] graph - <----- statementPart
2021-11-19T10:24:06,108|[TRACE] graph - -----> statementPart
2021-11-19T10:24:06,108|[TRACE] graph - -------> nonSkippedChar
2021-11-19T10:24:06,108|[TRACE] script - #out(`U`) [token]
2021-11-19T10:24:06,108|[TRACE] graph - <------- nonSkippedChar
2021-11-19T10:24:06,108|[TRACE] graph - <----- statementPart
2021-11-19T10:24:06,108|[TRACE] graph - -----> statementPart
2021-11-19T10:24:06,108|[TRACE] graph - -------> nonSkippedChar
2021-11-19T10:24:06,108|[TRACE] script - #out(`T`) [token]
2021-11-19T10:24:06,108|[TRACE] graph - <------- nonSkippedChar
2021-11-19T10:24:06,108|[TRACE] graph - <----- statementPart
2021-11-19T10:24:06,108|[TRACE] graph - -----> statementPart
2021-11-19T10:24:06,108|[TRACE] graph - -------> nonSkippedChar
2021-11-19T10:24:06,108|[TRACE] script - #out(`O`) [token]
2021-11-19T10:24:06,108|[TRACE] graph - <------- nonSkippedChar
2021-11-19T10:24:06,108|[TRACE] graph - <----- statementPart
2021-11-19T10:24:06,108|[TRACE] graph - -----> statementPart
2021-11-19T10:24:06,108|[TRACE] graph - -------> nonSkippedChar
2021-11-19T10:24:06,108|[TRACE] script - #out(`_`) [token]
2021-11-19T10:24:06,108|[TRACE] graph - <------- nonSkippedChar
2021-11-19T10:24:06,108|[TRACE] graph - <----- statementPart
2021-11-19T10:24:06,108|[TRACE] graph - -----> statementPart
2021-11-19T10:24:06,108|[TRACE] graph - -------> nonSkippedChar
2021-11-19T10:24:06,108|[TRACE] script - #out(`I`) [token]
2021-11-19T10:24:06,108|[TRACE] graph - <------- nonSkippedChar
2021-11-19T10:24:06,108|[TRACE] graph - <----- statementPart
2021-11-19T10:24:06,108|[TRACE] graph - -----> statementPart
2021-11-19T10:24:06,108|[TRACE] graph - -------> nonSkippedChar
2021-11-19T10:24:06,108|[TRACE] script - #out(`N`) [token]
2021-11-19T10:24:06,108|[TRACE] graph - <------- nonSkippedChar
2021-11-19T10:24:06,108|[TRACE] graph - <----- statementPart
2021-11-19T10:24:06,108|[TRACE] graph - -----> statementPart
2021-11-19T10:24:06,108|[TRACE] graph - -------> nonSkippedChar
2021-11-19T10:24:06,108|[TRACE] script - #out(`C`) [token]
2021-11-19T10:24:06,108|[TRACE] graph - <------- nonSkippedChar
2021-11-19T10:24:06,108|[TRACE] graph - <----- statementPart
2021-11-19T10:24:06,108|[TRACE] graph - -----> statementPart
2021-11-19T10:24:06,109|[TRACE] graph - -------> nonSkippedChar
2021-11-19T10:24:06,109|[TRACE] script - #out(`R`) [token]
2021-11-19T10:24:06,109|[TRACE] graph - <------- nonSkippedChar
2021-11-19T10:24:06,109|[TRACE] graph - <----- statementPart
2021-11-19T10:24:06,109|[TRACE] graph - -----> statementPart
2021-11-19T10:24:06,109|[TRACE] graph - -------> nonSkippedChar
2021-11-19T10:24:06,109|[TRACE] script - #out(`E`) [token]
2021-11-19T10:24:06,109|[TRACE] graph - <------- nonSkippedChar
2021-11-19T10:24:06,109|[TRACE] graph - <----- statementPart
2021-11-19T10:24:06,109|[TRACE] graph - -----> statementPart
2021-11-19T10:24:06,109|[TRACE] graph - -------> nonSkippedChar
2021-11-19T10:24:06,109|[TRACE] script - #out(`M`) [token]
2021-11-19T10:24:06,109|[TRACE] graph - <------- nonSkippedChar
2021-11-19T10:24:06,109|[TRACE] graph - <----- statementPart
2021-11-19T10:24:06,109|[TRACE] graph - -----> statementPart
2021-11-19T10:24:06,109|[TRACE] graph - -------> nonSkippedChar
2021-11-19T10:24:06,109|[TRACE] script - #out(`E`) [token]
2021-11-19T10:24:06,109|[TRACE] graph - <------- nonSkippedChar
2021-11-19T10:24:06,109|[TRACE] graph - <----- statementPart
2021-11-19T10:24:06,109|[TRACE] graph - -----> statementPart
2021-11-19T10:24:06,109|[TRACE] graph - -------> nonSkippedChar
2021-11-19T10:24:06,109|[TRACE] script - #out(`N`) [token]
2021-11-19T10:24:06,109|[TRACE] graph - <------- nonSkippedChar
2021-11-19T10:24:06,109|[TRACE] graph - <----- statementPart
2021-11-19T10:24:06,109|[TRACE] graph - -----> statementPart
2021-11-19T10:24:06,109|[TRACE] graph - -------> nonSkippedChar
2021-11-19T10:24:06,109|[TRACE] script - #out(`T`) [token]
2021-11-19T10:24:06,109|[TRACE] graph - <------- nonSkippedChar
2021-11-19T10:24:06,109|[TRACE] graph - <----- statementPart
2021-11-19T10:24:06,109|[TRACE] graph - -----> statementPart
2021-11-19T10:24:06,109|[TRACE] graph - -------> nonSkippedChar
2021-11-19T10:24:06,109|[TRACE] script - #out(`,`) [token]
2021-11-19T10:24:06,109|[TRACE] graph - <------- nonSkippedChar
2021-11-19T10:24:06,109|[TRACE] graph - <----- statementPart
2021-11-19T10:24:06,109|[TRACE] graph - -----> afterStatementPartNewline
2021-11-19T10:24:06,109|[TRACE] script - #out(` `) [text]
2021-11-19T10:24:06,109|[TRACE] graph - <----- afterStatementPartNewline
2021-11-19T10:24:06,109|[TRACE] graph - -----> statementPart
2021-11-19T10:24:06,109|[TRACE] graph - -------> nonSkippedSpace
2021-11-19T10:24:06,109|[TRACE] script - #out(` `) [token]
2021-11-19T10:24:06,109|[TRACE] graph - <------- nonSkippedSpace
2021-11-19T10:24:06,109|[TRACE] graph - <----- statementPart
2021-11-19T10:24:06,109|[TRACE] graph - -----> statementPart
2021-11-19T10:24:06,109|[TRACE] graph - -------> nonSkippedSpace
2021-11-19T10:24:06,109|[TRACE] script - #out(` `) [token]
2021-11-19T10:24:06,109|[TRACE] graph - <------- nonSkippedSpace
2021-11-19T10:24:06,109|[TRACE] graph - <----- statementPart
2021-11-19T10:24:06,109|[TRACE] graph - -----> statementPart
2021-11-19T10:24:06,109|[TRACE] graph - -------> quotedString
2021-11-19T10:24:06,109|[TRACE] script - #out(``country_code``) [token]
2021-11-19T10:24:06,109|[TRACE] graph - <------- quotedString
2021-11-19T10:24:06,109|[TRACE] graph - <----- statementPart
2021-11-19T10:24:06,109|[TRACE] graph - -----> statementPart
2021-11-19T10:24:06,109|[TRACE] graph - -------> nonSkippedSpace
2021-11-19T10:24:06,109|[TRACE] script - #out(` `) [token]
2021-11-19T10:24:06,109|[TRACE] graph - <------- nonSkippedSpace
2021-11-19T10:24:06,109|[TRACE] graph - <----- statementPart
2021-11-19T10:24:06,109|[TRACE] graph - -----> statementPart
2021-11-19T10:24:06,109|[TRACE] graph - -------> nonSkippedChar
2021-11-19T10:24:06,109|[TRACE] script - #out(`V`) [token]
2021-11-19T10:24:06,109|[TRACE] graph - <------- nonSkippedChar
2021-11-19T10:24:06,109|[TRACE] graph - <----- statementPart
2021-11-19T10:24:06,109|[TRACE] graph - -----> statementPart
2021-11-19T10:24:06,109|[TRACE] graph - -------> nonSkippedChar
2021-11-19T10:24:06,109|[TRACE] script - #out(`A`) [token]
2021-11-19T10:24:06,109|[TRACE] graph - <------- nonSkippedChar
2021-11-19T10:24:06,109|[TRACE] graph - <----- statementPart
2021-11-19T10:24:06,109|[TRACE] graph - -----> statementPart
2021-11-19T10:24:06,109|[TRACE] graph - -------> nonSkippedChar
2021-11-19T10:24:06,109|[TRACE] script - #out(`R`) [token]
2021-11-19T10:24:06,109|[TRACE] graph - <------- nonSkippedChar
2021-11-19T10:24:06,109|[TRACE] graph - <----- statementPart
2021-11-19T10:24:06,109|[TRACE] graph - -----> statementPart
2021-11-19T10:24:06,109|[TRACE] graph - -------> nonSkippedChar
2021-11-19T10:24:06,109|[TRACE] script - #out(`C`) [token]
2021-11-19T10:24:06,109|[TRACE] graph - <------- nonSkippedChar
2021-11-19T10:24:06,109|[TRACE] graph - <----- statementPart
2021-11-19T10:24:06,109|[TRACE] graph - -----> statementPart
2021-11-19T10:24:06,109|[TRACE] graph - -------> nonSkippedChar
2021-11-19T10:24:06,109|[TRACE] script - #out(`H`) [token]
2021-11-19T10:24:06,109|[TRACE] graph - <------- nonSkippedChar
2021-11-19T10:24:06,109|[TRACE] graph - <----- statementPart
2021-11-19T10:24:06,109|[TRACE] graph - -----> statementPart
2021-11-19T10:24:06,109|[TRACE] graph - -------> nonSkippedChar
2021-11-19T10:24:06,109|[TRACE] script - #out(`A`) [token]
2021-11-19T10:24:06,109|[TRACE] graph - <------- nonSkippedChar
2021-11-19T10:24:06,109|[TRACE] graph - <----- statementPart
2021-11-19T10:24:06,109|[TRACE] graph - -----> statementPart
2021-11-19T10:24:06,109|[TRACE] graph - -------> nonSkippedChar
2021-11-19T10:24:06,109|[TRACE] script - #out(`R`) [token]
2021-11-19T10:24:06,109|[TRACE] graph - <------- nonSkippedChar
2021-11-19T10:24:06,109|[TRACE] graph - <----- statementPart
2021-11-19T10:24:06,109|[TRACE] graph - -----> statementPart
2021-11-19T10:24:06,109|[TRACE] graph - -------> nonSkippedChar
2021-11-19T10:24:06,109|[TRACE] script - #out(`(`) [token]
2021-11-19T10:24:06,109|[TRACE] graph - <------- nonSkippedChar
2021-11-19T10:24:06,109|[TRACE] graph - <----- statementPart
2021-11-19T10:24:06,109|[TRACE] graph - -----> statementPart
2021-11-19T10:24:06,109|[TRACE] graph - -------> nonSkippedChar
2021-11-19T10:24:06,109|[TRACE] script - #out(`1`) [token]
2021-11-19T10:24:06,109|[TRACE] graph - <------- nonSkippedChar
2021-11-19T10:24:06,109|[TRACE] graph - <----- statementPart
2021-11-19T10:24:06,109|[TRACE] graph - -----> statementPart
2021-11-19T10:24:06,109|[TRACE] graph - -------> nonSkippedChar
2021-11-19T10:24:06,109|[TRACE] script - #out(`0`) [token]
2021-11-19T10:24:06,109|[TRACE] graph - <------- nonSkippedChar
2021-11-19T10:24:06,109|[TRACE] graph - <----- statementPart
2021-11-19T10:24:06,109|[TRACE] graph - -----> statementPart
2021-11-19T10:24:06,109|[TRACE] graph - -------> nonSkippedChar
2021-11-19T10:24:06,109|[TRACE] script - #out(`)`) [token]
2021-11-19T10:24:06,109|[TRACE] graph - <------- nonSkippedChar
2021-11-19T10:24:06,109|[TRACE] graph - <----- statementPart
2021-11-19T10:24:06,109|[TRACE] graph - -----> statementPart
2021-11-19T10:24:06,109|[TRACE] graph - -------> nonSkippedSpace
2021-11-19T10:24:06,109|[TRACE] script - #out(` `) [token]
2021-11-19T10:24:06,109|[TRACE] graph - <------- nonSkippedSpace
2021-11-19T10:24:06,109|[TRACE] graph - <----- statementPart
2021-11-19T10:24:06,109|[TRACE] graph - -----> statementPart
2021-11-19T10:24:06,109|[TRACE] graph - -------> nonSkippedChar
2021-11-19T10:24:06,109|[TRACE] script - #out(`N`) [token]
2021-11-19T10:24:06,109|[TRACE] graph - <------- nonSkippedChar
2021-11-19T10:24:06,109|[TRACE] graph - <----- statementPart
2021-11-19T10:24:06,109|[TRACE] graph - -----> statementPart
2021-11-19T10:24:06,109|[TRACE] graph - -------> nonSkippedChar
2021-11-19T10:24:06,109|[TRACE] script - #out(`O`) [token]
2021-11-19T10:24:06,109|[TRACE] graph - <------- nonSkippedChar
2021-11-19T10:24:06,109|[TRACE] graph - <----- statementPart
2021-11-19T10:24:06,109|[TRACE] graph - -----> statementPart
2021-11-19T10:24:06,109|[TRACE] graph - -------> nonSkippedChar
2021-11-19T10:24:06,109|[TRACE] script - #out(`T`) [token]
2021-11-19T10:24:06,109|[TRACE] graph - <------- nonSkippedChar
2021-11-19T10:24:06,109|[TRACE] graph - <----- statementPart
2021-11-19T10:24:06,109|[TRACE] graph - -----> statementPart
2021-11-19T10:24:06,109|[TRACE] graph - -------> nonSkippedSpace
2021-11-19T10:24:06,109|[TRACE] script - #out(` `) [token]
2021-11-19T10:24:06,109|[TRACE] graph - <------- nonSkippedSpace
2021-11-19T10:24:06,109|[TRACE] graph - <----- statementPart
2021-11-19T10:24:06,109|[TRACE] graph - -----> statementPart
2021-11-19T10:24:06,109|[TRACE] graph - -------> nonSkippedChar
2021-11-19T10:24:06,109|[TRACE] script - #out(`N`) [token]
2021-11-19T10:24:06,109|[TRACE] graph - <------- nonSkippedChar
2021-11-19T10:24:06,109|[TRACE] graph - <----- statementPart
2021-11-19T10:24:06,109|[TRACE] graph - -----> statementPart
2021-11-19T10:24:06,109|[TRACE] graph - -------> nonSkippedChar
2021-11-19T10:24:06,109|[TRACE] script - #out(`U`) [token]
2021-11-19T10:24:06,109|[TRACE] graph - <------- nonSkippedChar
2021-11-19T10:24:06,109|[TRACE] graph - <----- statementPart
2021-11-19T10:24:06,109|[TRACE] graph - -----> statementPart
2021-11-19T10:24:06,109|[TRACE] graph - -------> nonSkippedChar
2021-11-19T10:24:06,109|[TRACE] script - #out(`L`) [token]
2021-11-19T10:24:06,109|[TRACE] graph - <------- nonSkippedChar
2021-11-19T10:24:06,109|[TRACE] graph - <----- statementPart
2021-11-19T10:24:06,109|[TRACE] graph - -----> statementPart
2021-11-19T10:24:06,109|[TRACE] graph - -------> nonSkippedChar
2021-11-19T10:24:06,109|[TRACE] script - #out(`L`) [token]
2021-11-19T10:24:06,109|[TRACE] graph - <------- nonSkippedChar
2021-11-19T10:24:06,109|[TRACE] graph - <----- statementPart
2021-11-19T10:24:06,109|[TRACE] graph - -----> statementPart
2021-11-19T10:24:06,109|[TRACE] graph - -------> nonSkippedSpace
2021-11-19T10:24:06,109|[TRACE] script - #out(` `) [token]
2021-11-19T10:24:06,109|[TRACE] graph - <------- nonSkippedSpace
2021-11-19T10:24:06,109|[TRACE] graph - <----- statementPart
2021-11-19T10:24:06,109|[TRACE] graph - -----> statementPart
2021-11-19T10:24:06,109|[TRACE] graph - -------> nonSkippedChar
2021-11-19T10:24:06,109|[TRACE] script - #out(`D`) [token]
2021-11-19T10:24:06,109|[TRACE] graph - <------- nonSkippedChar
2021-11-19T10:24:06,109|[TRACE] graph - <----- statementPart
2021-11-19T10:24:06,109|[TRACE] graph - -----> statementPart
2021-11-19T10:24:06,109|[TRACE] graph - -------> nonSkippedChar
2021-11-19T10:24:06,109|[TRACE] script - #out(`E`) [token]
2021-11-19T10:24:06,109|[TRACE] graph - <------- nonSkippedChar
2021-11-19T10:24:06,109|[TRACE] graph - <----- statementPart
2021-11-19T10:24:06,109|[TRACE] graph - -----> statementPart
2021-11-19T10:24:06,109|[TRACE] graph - -------> nonSkippedChar
2021-11-19T10:24:06,109|[TRACE] script - #out(`F`) [token]
2021-11-19T10:24:06,109|[TRACE] graph - <------- nonSkippedChar
2021-11-19T10:24:06,109|[TRACE] graph - <----- statementPart
2021-11-19T10:24:06,109|[TRACE] graph - -----> statementPart
2021-11-19T10:24:06,109|[TRACE] graph - -------> nonSkippedChar
2021-11-19T10:24:06,109|[TRACE] script - #out(`A`) [token]
2021-11-19T10:24:06,109|[TRACE] graph - <------- nonSkippedChar
2021-11-19T10:24:06,109|[TRACE] graph - <----- statementPart
2021-11-19T10:24:06,109|[TRACE] graph - -----> statementPart
2021-11-19T10:24:06,109|[TRACE] graph - -------> nonSkippedChar
2021-11-19T10:24:06,109|[TRACE] script - #out(`U`) [token]
2021-11-19T10:24:06,109|[TRACE] graph - <------- nonSkippedChar
2021-11-19T10:24:06,109|[TRACE] graph - <----- statementPart
2021-11-19T10:24:06,109|[TRACE] graph - -----> statementPart
2021-11-19T10:24:06,109|[TRACE] graph - -------> nonSkippedChar
2021-11-19T10:24:06,109|[TRACE] script - #out(`L`) [token]
2021-11-19T10:24:06,109|[TRACE] graph - <------- nonSkippedChar
2021-11-19T10:24:06,109|[TRACE] graph - <----- statementPart
2021-11-19T10:24:06,109|[TRACE] graph - -----> statementPart
2021-11-19T10:24:06,109|[TRACE] graph - -------> nonSkippedChar
2021-11-19T10:24:06,109|[TRACE] script - #out(`T`) [token]
2021-11-19T10:24:06,109|[TRACE] graph - <------- nonSkippedChar
2021-11-19T10:24:06,109|[TRACE] graph - <----- statementPart
2021-11-19T10:24:06,109|[TRACE] graph - -----> statementPart
2021-11-19T10:24:06,109|[TRACE] graph - -------> nonSkippedSpace
2021-11-19T10:24:06,109|[TRACE] script - #out(` `) [token]
2021-11-19T10:24:06,109|[TRACE] graph - <------- nonSkippedSpace
2021-11-19T10:24:06,109|[TRACE] graph - <----- statementPart
2021-11-19T10:24:06,109|[TRACE] graph - -----> statementPart
2021-11-19T10:24:06,109|[TRACE] graph - -------> quotedString
2021-11-19T10:24:06,109|[TRACE] script - #out(`'1'`) [token]
2021-11-19T10:24:06,109|[TRACE] graph - <------- quotedString
2021-11-19T10:24:06,109|[TRACE] graph - <----- statementPart
2021-11-19T10:24:06,109|[TRACE] graph - -----> statementPart
2021-11-19T10:24:06,109|[TRACE] graph - -------> nonSkippedChar
2021-11-19T10:24:06,109|[TRACE] script - #out(`,`) [token]
2021-11-19T10:24:06,109|[TRACE] graph - <------- nonSkippedChar
2021-11-19T10:24:06,109|[TRACE] graph - <----- statementPart
2021-11-19T10:24:06,109|[TRACE] graph - -----> afterStatementPartNewline
2021-11-19T10:24:06,109|[TRACE] script - #out(` `) [text]
2021-11-19T10:24:06,109|[TRACE] graph - <----- afterStatementPartNewline
2021-11-19T10:24:06,109|[TRACE] graph - -----> statementPart
2021-11-19T10:24:06,109|[TRACE] graph - -------> nonSkippedSpace
2021-11-19T10:24:06,109|[TRACE] script - #out(` `) [token]
2021-11-19T10:24:06,109|[TRACE] graph - <------- nonSkippedSpace
2021-11-19T10:24:06,109|[TRACE] graph - <----- statementPart
2021-11-19T10:24:06,109|[TRACE] graph - -----> statementPart
2021-11-19T10:24:06,109|[TRACE] graph - -------> nonSkippedSpace
2021-11-19T10:24:06,109|[TRACE] script - #out(` `) [token]
2021-11-19T10:24:06,109|[TRACE] graph - <------- nonSkippedSpace
2021-11-19T10:24:06,109|[TRACE] graph - <----- statementPart
2021-11-19T10:24:06,109|[TRACE] graph - -----> statementPart
2021-11-19T10:24:06,109|[TRACE] graph - -------> quotedString
2021-11-19T10:24:06,109|[TRACE] script - #out(``area_code``) [token]
2021-11-19T10:24:06,109|[TRACE] graph - <------- quotedString
2021-11-19T10:24:06,109|[TRACE] graph - <----- statementPart
2021-11-19T10:24:06,109|[TRACE] graph - -----> statementPart
2021-11-19T10:24:06,109|[TRACE] graph - -------> nonSkippedSpace
2021-11-19T10:24:06,109|[TRACE] script - #out(` `) [token]
2021-11-19T10:24:06,109|[TRACE] graph - <------- nonSkippedSpace
2021-11-19T10:24:06,109|[TRACE] graph - <----- statementPart
2021-11-19T10:24:06,109|[TRACE] graph - -----> statementPart
2021-11-19T10:24:06,109|[TRACE] graph - -------> nonSkippedChar
2021-11-19T10:24:06,109|[TRACE] script - #out(`V`) [token]
2021-11-19T10:24:06,109|[TRACE] graph - <------- nonSkippedChar
2021-11-19T10:24:06,109|[TRACE] graph - <----- statementPart
2021-11-19T10:24:06,109|[TRACE] graph - -----> statementPart
2021-11-19T10:24:06,109|[TRACE] graph - -------> nonSkippedChar
2021-11-19T10:24:06,109|[TRACE] script - #out(`A`) [token]
2021-11-19T10:24:06,109|[TRACE] graph - <------- nonSkippedChar
2021-11-19T10:24:06,109|[TRACE] graph - <----- statementPart
2021-11-19T10:24:06,164|[TRACE] graph - -----> statementPart
2021-11-19T10:24:06,164|[TRACE] graph - -------> nonSkippedChar
2021-11-19T10:24:06,164|[TRACE] script - #out(`R`) [token]
2021-11-19T10:24:06,164|[TRACE] graph - <------- nonSkippedChar
2021-11-19T10:24:06,164|[TRACE] graph - <----- statementPart
2021-11-19T10:24:06,164|[TRACE] graph - -----> statementPart
2021-11-19T10:24:06,164|[TRACE] graph - -------> nonSkippedChar
2021-11-19T10:24:06,164|[TRACE] script - #out(`C`) [token]
2021-11-19T10:24:06,164|[TRACE] graph - <------- nonSkippedChar
2021-11-19T10:24:06,164|[TRACE] graph - <----- statementPart
2021-11-19T10:24:06,164|[TRACE] graph - -----> statementPart
2021-11-19T10:24:06,164|[TRACE] graph - -------> nonSkippedChar
2021-11-19T10:24:06,164|[TRACE] script - #out(`H`) [token]
2021-11-19T10:24:06,164|[TRACE] graph - <------- nonSkippedChar
2021-11-19T10:24:06,164|[TRACE] graph - <----- statementPart
2021-11-19T10:24:06,164|[TRACE] graph - -----> statementPart
2021-11-19T10:24:06,164|[TRACE] graph - -------> nonSkippedChar
2021-11-19T10:24:06,164|[TRACE] script - #out(`A`) [token]
2021-11-19T10:24:06,164|[TRACE] graph - <------- nonSkippedChar
2021-11-19T10:24:06,164|[TRACE] graph - <----- statementPart
2021-11-19T10:24:06,164|[TRACE] graph - -----> statementPart
2021-11-19T10:24:06,164|[TRACE] graph - -------> nonSkippedChar
2021-11-19T10:24:06,164|[TRACE] script - #out(`R`) [token]
2021-11-19T10:24:06,164|[TRACE] graph - <------- nonSkippedChar
2021-11-19T10:24:06,164|[TRACE] graph - <----- statementPart
2021-11-19T10:24:06,164|[TRACE] graph - -----> statementPart
2021-11-19T10:24:06,164|[TRACE] graph - -------> nonSkippedChar
2021-11-19T10:24:06,164|[TRACE] script - #out(`(`) [token]
2021-11-19T10:24:06,164|[TRACE] graph - <------- nonSkippedChar
2021-11-19T10:24:06,164|[TRACE] graph - <----- statementPart
2021-11-19T10:24:06,164|[TRACE] graph - -----> statementPart
2021-11-19T10:24:06,164|[TRACE] graph - -------> nonSkippedChar
2021-11-19T10:24:06,164|[TRACE] script - #out(`1`) [token]
2021-11-19T10:24:06,164|[TRACE] graph - <------- nonSkippedChar
2021-11-19T10:24:06,164|[TRACE] graph - <----- statementPart
2021-11-19T10:24:06,164|[TRACE] graph - -----> statementPart
2021-11-19T10:24:06,164|[TRACE] graph - -------> nonSkippedChar
2021-11-19T10:24:06,164|[TRACE] script - #out(`0`) [token]
2021-11-19T10:24:06,164|[TRACE] graph - <------- nonSkippedChar
2021-11-19T10:24:06,164|[TRACE] graph - <----- statementPart
2021-11-19T10:24:06,164|[TRACE] graph - -----> statementPart
2021-11-19T10:24:06,164|[TRACE] graph - -------> nonSkippedChar
2021-11-19T10:24:06,164|[TRACE] script - #out(`)`) [token]
2021-11-19T10:24:06,164|[TRACE] graph - <------- nonSkippedChar
2021-11-19T10:24:06,165|[TRACE] graph - <----- statementPart
2021-11-19T10:24:06,165|[TRACE] graph - -----> statementPart
2021-11-19T10:24:06,165|[TRACE] graph - -------> nonSkippedSpace
2021-11-19T10:24:06,165|[TRACE] script - #out(` `) [token]
2021-11-19T10:24:06,165|[TRACE] graph - <------- nonSkippedSpace
2021-11-19T10:24:06,165|[TRACE] graph - <----- statementPart
2021-11-19T10:24:06,165|[TRACE] graph - -----> statementPart
2021-11-19T10:24:06,165|[TRACE] graph - -------> nonSkippedChar
2021-11-19T10:24:06,165|[TRACE] script - #out(`N`) [token]
2021-11-19T10:24:06,165|[TRACE] graph - <------- nonSkippedChar
2021-11-19T10:24:06,165|[TRACE] graph - <----- statementPart
2021-11-19T10:24:06,165|[TRACE] graph - -----> statementPart
2021-11-19T10:24:06,165|[TRACE] graph - -------> nonSkippedChar
2021-11-19T10:24:06,165|[TRACE] script - #out(`O`) [token]
2021-11-19T10:24:06,165|[TRACE] graph - <------- nonSkippedChar
2021-11-19T10:24:06,165|[TRACE] graph - <----- statementPart
2021-11-19T10:24:06,165|[TRACE] graph - -----> statementPart
2021-11-19T10:24:06,165|[TRACE] graph - -------> nonSkippedChar
2021-11-19T10:24:06,165|[TRACE] script - #out(`T`) [token]
2021-11-19T10:24:06,165|[TRACE] graph - <------- nonSkippedChar
2021-11-19T10:24:06,165|[TRACE] graph - <----- statementPart
2021-11-19T10:24:06,165|[TRACE] graph - -----> statementPart
2021-11-19T10:24:06,165|[TRACE] graph - -------> nonSkippedSpace
2021-11-19T10:24:06,165|[TRACE] script - #out(` `) [token]
2021-11-19T10:24:06,165|[TRACE] graph - <------- nonSkippedSpace
2021-11-19T10:24:06,165|[TRACE] graph - <----- statementPart
2021-11-19T10:24:06,165|[TRACE] graph - -----> statementPart
2021-11-19T10:24:06,165|[TRACE] graph - -------> nonSkippedChar
2021-11-19T10:24:06,165|[TRACE] script - #out(`N`) [token]
2021-11-19T10:24:06,165|[TRACE] graph - <------- nonSkippedChar
2021-11-19T10:24:06,165|[TRACE] graph - <----- statementPart
2021-11-19T10:24:06,165|[TRACE] graph - -----> statementPart
2021-11-19T10:24:06,165|[TRACE] graph - -------> nonSkippedChar
2021-11-19T10:24:06,165|[TRACE] script - #out(`U`) [token]
2021-11-19T10:24:06,165|[TRACE] graph - <------- nonSkippedChar
2021-11-19T10:24:06,165|[TRACE] graph - <----- statementPart
2021-11-19T10:24:06,165|[TRACE] graph - -----> statementPart
2021-11-19T10:24:06,165|[TRACE] graph - -------> nonSkippedChar
2021-11-19T10:24:06,165|[TRACE] script - #out(`L`) [token]
2021-11-19T10:24:06,165|[TRACE] graph - <------- nonSkippedChar
2021-11-19T10:24:06,165|[TRACE] graph - <----- statementPart
2021-11-19T10:24:06,165|[TRACE] graph - -----> statementPart
2021-11-19T10:24:06,165|[TRACE] graph - -------> nonSkippedChar
2021-11-19T10:24:06,165|[TRACE] script - #out(`L`) [token]
2021-11-19T10:24:06,165|[TRACE] graph - <------- nonSkippedChar
2021-11-19T10:24:06,165|[TRACE] graph - <----- statementPart
2021-11-19T10:24:06,165|[TRACE] graph - -----> statementPart
2021-11-19T10:24:06,165|[TRACE] graph - -------> nonSkippedChar
2021-11-19T10:24:06,165|[TRACE] script - #out(`,`) [token]
2021-11-19T10:24:06,165|[TRACE] graph - <------- nonSkippedChar
2021-11-19T10:24:06,165|[TRACE] graph - <----- statementPart
2021-11-19T10:24:06,165|[TRACE] graph - -----> afterStatementPartNewline
2021-11-19T10:24:06,165|[TRACE] script - #out(` `) [text]
2021-11-19T10:24:06,165|[TRACE] graph - <----- afterStatementPartNewline
2021-11-19T10:24:06,165|[TRACE] graph - -----> statementPart
2021-11-19T10:24:06,165|[TRACE] graph - -------> nonSkippedSpace
2021-11-19T10:24:06,165|[TRACE] script - #out(` `) [token]
2021-11-19T10:24:06,165|[TRACE] graph - <------- nonSkippedSpace
2021-11-19T10:24:06,165|[TRACE] graph - <----- statementPart
2021-11-19T10:24:06,165|[TRACE] graph - -----> statementPart
2021-11-19T10:24:06,165|[TRACE] graph - -------> nonSkippedSpace
2021-11-19T10:24:06,165|[TRACE] script - #out(` `) [token]
2021-11-19T10:24:06,165|[TRACE] graph - <------- nonSkippedSpace
2021-11-19T10:24:06,165|[TRACE] graph - <----- statementPart
2021-11-19T10:24:06,165|[TRACE] graph - -----> statementPart
2021-11-19T10:24:06,165|[TRACE] graph - -------> quotedString
2021-11-19T10:24:06,165|[TRACE] script - #out(``number``) [token]
2021-11-19T10:24:06,165|[TRACE] graph - <------- quotedString
2021-11-19T10:24:06,165|[TRACE] graph - <----- statementPart
2021-11-19T10:24:06,165|[TRACE] graph - -----> statementPart
2021-11-19T10:24:06,165|[TRACE] graph - -------> nonSkippedSpace
2021-11-19T10:24:06,165|[TRACE] script - #out(` `) [token]
2021-11-19T10:24:06,165|[TRACE] graph - <------- nonSkippedSpace
2021-11-19T10:24:06,165|[TRACE] graph - <----- statementPart
2021-11-19T10:24:06,165|[TRACE] graph - -----> statementPart
2021-11-19T10:24:06,165|[TRACE] graph - -------> nonSkippedChar
2021-11-19T10:24:06,165|[TRACE] script - #out(`V`) [token]
2021-11-19T10:24:06,165|[TRACE] graph - <------- nonSkippedChar
2021-11-19T10:24:06,165|[TRACE] graph - <----- statementPart
2021-11-19T10:24:06,165|[TRACE] graph - -----> statementPart
2021-11-19T10:24:06,165|[TRACE] graph - -------> nonSkippedChar
2021-11-19T10:24:06,165|[TRACE] script - #out(`A`) [token]
2021-11-19T10:24:06,165|[TRACE] graph - <------- nonSkippedChar
2021-11-19T10:24:06,165|[TRACE] graph - <----- statementPart
2021-11-19T10:24:06,165|[TRACE] graph - -----> statementPart
2021-11-19T10:24:06,165|[TRACE] graph - -------> nonSkippedChar
2021-11-19T10:24:06,165|[TRACE] script - #out(`R`) [token]
2021-11-19T10:24:06,165|[TRACE] graph - <------- nonSkippedChar
2021-11-19T10:24:06,165|[TRACE] graph - <----- statementPart
2021-11-19T10:24:06,165|[TRACE] graph - -----> statementPart
2021-11-19T10:24:06,165|[TRACE] graph - -------> nonSkippedChar
2021-11-19T10:24:06,165|[TRACE] script - #out(`C`) [token]
2021-11-19T10:24:06,165|[TRACE] graph - <------- nonSkippedChar
2021-11-19T10:24:06,165|[TRACE] graph - <----- statementPart
2021-11-19T10:24:06,165|[TRACE] graph - -----> statementPart
2021-11-19T10:24:06,165|[TRACE] graph - -------> nonSkippedChar
2021-11-19T10:24:06,165|[TRACE] script - #out(`H`) [token]
2021-11-19T10:24:06,165|[TRACE] graph - <------- nonSkippedChar
2021-11-19T10:24:06,165|[TRACE] graph - <----- statementPart
2021-11-19T10:24:06,165|[TRACE] graph - -----> statementPart
2021-11-19T10:24:06,165|[TRACE] graph - -------> nonSkippedChar
2021-11-19T10:24:06,165|[TRACE] script - #out(`A`) [token]
2021-11-19T10:24:06,165|[TRACE] graph - <------- nonSkippedChar
2021-11-19T10:24:06,165|[TRACE] graph - <----- statementPart
2021-11-19T10:24:06,165|[TRACE] graph - -----> statementPart
2021-11-19T10:24:06,165|[TRACE] graph - -------> nonSkippedChar
2021-11-19T10:24:06,165|[TRACE] script - #out(`R`) [token]
2021-11-19T10:24:06,165|[TRACE] graph - <------- nonSkippedChar
2021-11-19T10:24:06,165|[TRACE] graph - <----- statementPart
2021-11-19T10:24:06,165|[TRACE] graph - -----> statementPart
2021-11-19T10:24:06,165|[TRACE] graph - -------> nonSkippedChar
2021-11-19T10:24:06,165|[TRACE] script - #out(`(`) [token]
2021-11-19T10:24:06,165|[TRACE] graph - <------- nonSkippedChar
2021-11-19T10:24:06,165|[TRACE] graph - <----- statementPart
2021-11-19T10:24:06,165|[TRACE] graph - -----> statementPart
2021-11-19T10:24:06,165|[TRACE] graph - -------> nonSkippedChar
2021-11-19T10:24:06,165|[TRACE] script - #out(`1`) [token]
2021-11-19T10:24:06,165|[TRACE] graph - <------- nonSkippedChar
2021-11-19T10:24:06,165|[TRACE] graph - <----- statementPart
2021-11-19T10:24:06,165|[TRACE] graph - -----> statementPart
2021-11-19T10:24:06,165|[TRACE] graph - -------> nonSkippedChar
2021-11-19T10:24:06,165|[TRACE] script - #out(`0`) [token]
2021-11-19T10:24:06,165|[TRACE] graph - <------- nonSkippedChar
2021-11-19T10:24:06,165|[TRACE] graph - <----- statementPart
2021-11-19T10:24:06,165|[TRACE] graph - -----> statementPart
2021-11-19T10:24:06,165|[TRACE] graph - -------> nonSkippedChar
2021-11-19T10:24:06,165|[TRACE] script - #out(`)`) [token]
2021-11-19T10:24:06,165|[TRACE] graph - <------- nonSkippedChar
2021-11-19T10:24:06,165|[TRACE] graph - <----- statementPart
2021-11-19T10:24:06,165|[TRACE] graph - -----> statementPart
2021-11-19T10:24:06,165|[TRACE] graph - -------> nonSkippedSpace
2021-11-19T10:24:06,165|[TRACE] script - #out(` `) [token]
2021-11-19T10:24:06,165|[TRACE] graph - <------- nonSkippedSpace
2021-11-19T10:24:06,165|[TRACE] graph - <----- statementPart
2021-11-19T10:24:06,165|[TRACE] graph - -----> statementPart
2021-11-19T10:24:06,165|[TRACE] graph - -------> nonSkippedChar
2021-11-19T10:24:06,165|[TRACE] script - #out(`N`) [token]
2021-11-19T10:24:06,165|[TRACE] graph - <------- nonSkippedChar
2021-11-19T10:24:06,165|[TRACE] graph - <----- statementPart
2021-11-19T10:24:06,165|[TRACE] graph - -----> statementPart
2021-11-19T10:24:06,165|[TRACE] graph - -------> nonSkippedChar
2021-11-19T10:24:06,165|[TRACE] script - #out(`O`) [token]
2021-11-19T10:24:06,165|[TRACE] graph - <------- nonSkippedChar
2021-11-19T10:24:06,165|[TRACE] graph - <----- statementPart
2021-11-19T10:24:06,165|[TRACE] graph - -----> statementPart
2021-11-19T10:24:06,165|[TRACE] graph - -------> nonSkippedChar
2021-11-19T10:24:06,165|[TRACE] script - #out(`T`) [token]
2021-11-19T10:24:06,165|[TRACE] graph - <------- nonSkippedChar
2021-11-19T10:24:06,165|[TRACE] graph - <----- statementPart
2021-11-19T10:24:06,165|[TRACE] graph - -----> statementPart
2021-11-19T10:24:06,165|[TRACE] graph - -------> nonSkippedSpace
2021-11-19T10:24:06,165|[TRACE] script - #out(` `) [token]
2021-11-19T10:24:06,165|[TRACE] graph - <------- nonSkippedSpace
2021-11-19T10:24:06,165|[TRACE] graph - <----- statementPart
2021-11-19T10:24:06,165|[TRACE] graph - -----> statementPart
2021-11-19T10:24:06,165|[TRACE] graph - -------> nonSkippedChar
2021-11-19T10:24:06,165|[TRACE] script - #out(`N`) [token]
2021-11-19T10:24:06,165|[TRACE] graph - <------- nonSkippedChar
2021-11-19T10:24:06,165|[TRACE] graph - <----- statementPart
2021-11-19T10:24:06,165|[TRACE] graph - -----> statementPart
2021-11-19T10:24:06,165|[TRACE] graph - -------> nonSkippedChar
2021-11-19T10:24:06,165|[TRACE] script - #out(`U`) [token]
2021-11-19T10:24:06,165|[TRACE] graph - <------- nonSkippedChar
2021-11-19T10:24:06,165|[TRACE] graph - <----- statementPart
2021-11-19T10:24:06,165|[TRACE] graph - -----> statementPart
2021-11-19T10:24:06,165|[TRACE] graph - -------> nonSkippedChar
2021-11-19T10:24:06,165|[TRACE] script - #out(`L`) [token]
2021-11-19T10:24:06,165|[TRACE] graph - <------- nonSkippedChar
2021-11-19T10:24:06,165|[TRACE] graph - <----- statementPart
2021-11-19T10:24:06,165|[TRACE] graph - -----> statementPart
2021-11-19T10:24:06,165|[TRACE] graph - -------> nonSkippedChar
2021-11-19T10:24:06,165|[TRACE] script - #out(`L`) [token]
2021-11-19T10:24:06,165|[TRACE] graph - <------- nonSkippedChar
2021-11-19T10:24:06,165|[TRACE] graph - <----- statementPart
2021-11-19T10:24:06,165|[TRACE] graph - -----> statementPart
2021-11-19T10:24:06,165|[TRACE] graph - -------> nonSkippedChar
2021-11-19T10:24:06,165|[TRACE] script - #out(`,`) [token]
2021-11-19T10:24:06,165|[TRACE] graph - <------- nonSkippedChar
2021-11-19T10:24:06,165|[TRACE] graph - <----- statementPart
2021-11-19T10:24:06,165|[TRACE] graph - -----> afterStatementPartNewline
2021-11-19T10:24:06,165|[TRACE] script - #out(` `) [text]
2021-11-19T10:24:06,165|[TRACE] graph - <----- afterStatementPartNewline
2021-11-19T10:24:06,165|[TRACE] graph - -----> statementPart
2021-11-19T10:24:06,165|[TRACE] graph - -------> nonSkippedSpace
2021-11-19T10:24:06,165|[TRACE] script - #out(` `) [token]
2021-11-19T10:24:06,165|[TRACE] graph - <------- nonSkippedSpace
2021-11-19T10:24:06,165|[TRACE] graph - <----- statementPart
2021-11-19T10:24:06,165|[TRACE] graph - -----> statementPart
2021-11-19T10:24:06,165|[TRACE] graph - -------> nonSkippedSpace
2021-11-19T10:24:06,165|[TRACE] script - #out(` `) [token]
2021-11-19T10:24:06,165|[TRACE] graph - <------- nonSkippedSpace
2021-11-19T10:24:06,165|[TRACE] graph - <----- statementPart
2021-11-19T10:24:06,165|[TRACE] graph - -----> statementPart
2021-11-19T10:24:06,165|[TRACE] graph - -------> quotedString
2021-11-19T10:24:06,165|[TRACE] script - #out(``created``) [token]
2021-11-19T10:24:06,165|[TRACE] graph - <------- quotedString
2021-11-19T10:24:06,165|[TRACE] graph - <----- statementPart
2021-11-19T10:24:06,165|[TRACE] graph - -----> statementPart
2021-11-19T10:24:06,165|[TRACE] graph - -------> nonSkippedSpace
2021-11-19T10:24:06,165|[TRACE] script - #out(` `) [token]
2021-11-19T10:24:06,165|[TRACE] graph - <------- nonSkippedSpace
2021-11-19T10:24:06,165|[TRACE] graph - <----- statementPart
2021-11-19T10:24:06,165|[TRACE] graph - -----> statementPart
2021-11-19T10:24:06,165|[TRACE] graph - -------> nonSkippedChar
2021-11-19T10:24:06,165|[TRACE] script - #out(`B`) [token]
2021-11-19T10:24:06,165|[TRACE] graph - <------- nonSkippedChar
2021-11-19T10:24:06,165|[TRACE] graph - <----- statementPart
2021-11-19T10:24:06,165|[TRACE] graph - -----> statementPart
2021-11-19T10:24:06,165|[TRACE] graph - -------> nonSkippedChar
2021-11-19T10:24:06,165|[TRACE] script - #out(`I`) [token]
2021-11-19T10:24:06,165|[TRACE] graph - <------- nonSkippedChar
2021-11-19T10:24:06,165|[TRACE] graph - <----- statementPart
2021-11-19T10:24:06,165|[TRACE] graph - -----> statementPart
2021-11-19T10:24:06,165|[TRACE] graph - -------> nonSkippedChar
2021-11-19T10:24:06,165|[TRACE] script - #out(`G`) [token]
2021-11-19T10:24:06,165|[TRACE] graph - <------- nonSkippedChar
2021-11-19T10:24:06,165|[TRACE] graph - <----- statementPart
2021-11-19T10:24:06,165|[TRACE] graph - -----> statementPart
2021-11-19T10:24:06,165|[TRACE] graph - -------> nonSkippedChar
2021-11-19T10:24:06,165|[TRACE] script - #out(`I`) [token]
2021-11-19T10:24:06,165|[TRACE] graph - <------- nonSkippedChar
2021-11-19T10:24:06,165|[TRACE] graph - <----- statementPart
2021-11-19T10:24:06,165|[TRACE] graph - -----> statementPart
2021-11-19T10:24:06,165|[TRACE] graph - -------> nonSkippedChar
2021-11-19T10:24:06,165|[TRACE] script - #out(`N`) [token]
2021-11-19T10:24:06,165|[TRACE] graph - <------- nonSkippedChar
2021-11-19T10:24:06,165|[TRACE] graph - <----- statementPart
2021-11-19T10:24:06,165|[TRACE] graph - -----> statementPart
2021-11-19T10:24:06,165|[TRACE] graph - -------> nonSkippedChar
2021-11-19T10:24:06,165|[TRACE] script - #out(`T`) [token]
2021-11-19T10:24:06,165|[TRACE] graph - <------- nonSkippedChar
2021-11-19T10:24:06,165|[TRACE] graph - <----- statementPart
2021-11-19T10:24:06,165|[TRACE] graph - -----> statementPart
2021-11-19T10:24:06,165|[TRACE] graph - -------> nonSkippedSpace
2021-11-19T10:24:06,165|[TRACE] script - #out(` `) [token]
2021-11-19T10:24:06,165|[TRACE] graph - <------- nonSkippedSpace
2021-11-19T10:24:06,165|[TRACE] graph - <----- statementPart
2021-11-19T10:24:06,165|[TRACE] graph - -----> statementPart
2021-11-19T10:24:06,165|[TRACE] graph - -------> nonSkippedChar
2021-11-19T10:24:06,165|[TRACE] script - #out(`N`) [token]
2021-11-19T10:24:06,165|[TRACE] graph - <------- nonSkippedChar
2021-11-19T10:24:06,165|[TRACE] graph - <----- statementPart
2021-11-19T10:24:06,165|[TRACE] graph - -----> statementPart
2021-11-19T10:24:06,165|[TRACE] graph - -------> nonSkippedChar
2021-11-19T10:24:06,165|[TRACE] script - #out(`O`) [token]
2021-11-19T10:24:06,165|[TRACE] graph - <------- nonSkippedChar
2021-11-19T10:24:06,165|[TRACE] graph - <----- statementPart
2021-11-19T10:24:06,165|[TRACE] graph - -----> statementPart
2021-11-19T10:24:06,165|[TRACE] graph - -------> nonSkippedChar
2021-11-19T10:24:06,165|[TRACE] script - #out(`T`) [token]
2021-11-19T10:24:06,165|[TRACE] graph - <------- nonSkippedChar
2021-11-19T10:24:06,165|[TRACE] graph - <----- statementPart
2021-11-19T10:24:06,165|[TRACE] graph - -----> statementPart
2021-11-19T10:24:06,165|[TRACE] graph - -------> nonSkippedSpace
2021-11-19T10:24:06,165|[TRACE] script - #out(` `) [token]
2021-11-19T10:24:06,165|[TRACE] graph - <------- nonSkippedSpace
2021-11-19T10:24:06,165|[TRACE] graph - <----- statementPart
2021-11-19T10:24:06,165|[TRACE] graph - -----> statementPart
2021-11-19T10:24:06,165|[TRACE] graph - -------> nonSkippedChar
2021-11-19T10:24:06,165|[TRACE] script - #out(`N`) [token]
2021-11-19T10:24:06,165|[TRACE] graph - <------- nonSkippedChar
2021-11-19T10:24:06,165|[TRACE] graph - <----- statementPart
2021-11-19T10:24:06,165|[TRACE] graph - -----> statementPart
2021-11-19T10:24:06,165|[TRACE] graph - -------> nonSkippedChar
2021-11-19T10:24:06,165|[TRACE] script - #out(`U`) [token]
2021-11-19T10:24:06,165|[TRACE] graph - <------- nonSkippedChar
2021-11-19T10:24:06,165|[TRACE] graph - <----- statementPart
2021-11-19T10:24:06,165|[TRACE] graph - -----> statementPart
2021-11-19T10:24:06,165|[TRACE] graph - -------> nonSkippedChar
2021-11-19T10:24:06,165|[TRACE] script - #out(`L`) [token]
2021-11-19T10:24:06,165|[TRACE] graph - <------- nonSkippedChar
2021-11-19T10:24:06,165|[TRACE] graph - <----- statementPart
2021-11-19T10:24:06,165|[TRACE] graph - -----> statementPart
2021-11-19T10:24:06,165|[TRACE] graph - -------> nonSkippedChar
2021-11-19T10:24:06,165|[TRACE] script - #out(`L`) [token]
2021-11-19T10:24:06,165|[TRACE] graph - <------- nonSkippedChar
2021-11-19T10:24:06,165|[TRACE] graph - <----- statementPart
2021-11-19T10:24:06,165|[TRACE] graph - -----> statementPart
2021-11-19T10:24:06,165|[TRACE] graph - -------> nonSkippedSpace
2021-11-19T10:24:06,165|[TRACE] script - #out(` `) [token]
2021-11-19T10:24:06,165|[TRACE] graph - <------- nonSkippedSpace
2021-11-19T10:24:06,165|[TRACE] graph - <----- statementPart
2021-11-19T10:24:06,165|[TRACE] graph - -----> statementPart
2021-11-19T10:24:06,165|[TRACE] graph - -------> nonSkippedChar
2021-11-19T10:24:06,165|[TRACE] script - #out(`D`) [token]
2021-11-19T10:24:06,165|[TRACE] graph - <------- nonSkippedChar
2021-11-19T10:24:06,165|[TRACE] graph - <----- statementPart
2021-11-19T10:24:06,165|[TRACE] graph - -----> statementPart
2021-11-19T10:24:06,165|[TRACE] graph - -------> nonSkippedChar
2021-11-19T10:24:06,165|[TRACE] script - #out(`E`) [token]
2021-11-19T10:24:06,166|[TRACE] graph - <------- nonSkippedChar
2021-11-19T10:24:06,166|[TRACE] graph - <----- statementPart
2021-11-19T10:24:06,166|[TRACE] graph - -----> statementPart
2021-11-19T10:24:06,166|[TRACE] graph - -------> nonSkippedChar
2021-11-19T10:24:06,166|[TRACE] script - #out(`F`) [token]
2021-11-19T10:24:06,166|[TRACE] graph - <------- nonSkippedChar
2021-11-19T10:24:06,166|[TRACE] graph - <----- statementPart
2021-11-19T10:24:06,166|[TRACE] graph - -----> statementPart
2021-11-19T10:24:06,166|[TRACE] graph - -------> nonSkippedChar
2021-11-19T10:24:06,166|[TRACE] script - #out(`A`) [token]
2021-11-19T10:24:06,166|[TRACE] graph - <------- nonSkippedChar
2021-11-19T10:24:06,166|[TRACE] graph - <----- statementPart
2021-11-19T10:24:06,166|[TRACE] graph - -----> statementPart
2021-11-19T10:24:06,166|[TRACE] graph - -------> nonSkippedChar
2021-11-19T10:24:06,166|[TRACE] script - #out(`U`) [token]
2021-11-19T10:24:06,166|[TRACE] graph - <------- nonSkippedChar
2021-11-19T10:24:06,166|[TRACE] graph - <----- statementPart
2021-11-19T10:24:06,166|[TRACE] graph - -----> statementPart
2021-11-19T10:24:06,166|[TRACE] graph - -------> nonSkippedChar
2021-11-19T10:24:06,166|[TRACE] script - #out(`L`) [token]
2021-11-19T10:24:06,166|[TRACE] graph - <------- nonSkippedChar
2021-11-19T10:24:06,166|[TRACE] graph - <----- statementPart
2021-11-19T10:24:06,166|[TRACE] graph - -----> statementPart
2021-11-19T10:24:06,166|[TRACE] graph - -------> nonSkippedChar
2021-11-19T10:24:06,166|[TRACE] script - #out(`T`) [token]
2021-11-19T10:24:06,166|[TRACE] graph - <------- nonSkippedChar
2021-11-19T10:24:06,166|[TRACE] graph - <----- statementPart
2021-11-19T10:24:06,166|[TRACE] graph - -----> statementPart
2021-11-19T10:24:06,166|[TRACE] graph - -------> nonSkippedSpace
2021-11-19T10:24:06,166|[TRACE] script - #out(` `) [token]
2021-11-19T10:24:06,166|[TRACE] graph - <------- nonSkippedSpace
2021-11-19T10:24:06,166|[TRACE] graph - <----- statementPart
2021-11-19T10:24:06,166|[TRACE] graph - -----> statementPart
2021-11-19T10:24:06,166|[TRACE] graph - -------> nonSkippedChar
2021-11-19T10:24:06,166|[TRACE] script - #out(`(`) [token]
2021-11-19T10:24:06,166|[TRACE] graph - <------- nonSkippedChar
2021-11-19T10:24:06,166|[TRACE] graph - <----- statementPart
2021-11-19T10:24:06,166|[TRACE] graph - -----> statementPart
2021-11-19T10:24:06,166|[TRACE] graph - -------> nonSkippedChar
2021-11-19T10:24:06,166|[TRACE] script - #out(`u`) [token]
2021-11-19T10:24:06,166|[TRACE] graph - <------- nonSkippedChar
2021-11-19T10:24:06,166|[TRACE] graph - <----- statementPart
2021-11-19T10:24:06,166|[TRACE] graph - -----> statementPart
2021-11-19T10:24:06,166|[TRACE] graph - -------> nonSkippedChar
2021-11-19T10:24:06,166|[TRACE] script - #out(`n`) [token]
2021-11-19T10:24:06,166|[TRACE] graph - <------- nonSkippedChar
2021-11-19T10:24:06,166|[TRACE] graph - <----- statementPart
2021-11-19T10:24:06,166|[TRACE] graph - -----> statementPart
2021-11-19T10:24:06,166|[TRACE] graph - -------> nonSkippedChar
2021-11-19T10:24:06,166|[TRACE] script - #out(`i`) [token]
2021-11-19T10:24:06,166|[TRACE] graph - <------- nonSkippedChar
2021-11-19T10:24:06,166|[TRACE] graph - <----- statementPart
2021-11-19T10:24:06,166|[TRACE] graph - -----> statementPart
2021-11-19T10:24:06,166|[TRACE] graph - -------> nonSkippedChar
2021-11-19T10:24:06,166|[TRACE] script - #out(`x`) [token]
2021-11-19T10:24:06,166|[TRACE] graph - <------- nonSkippedChar
2021-11-19T10:24:06,166|[TRACE] graph - <----- statementPart
2021-11-19T10:24:06,166|[TRACE] graph - -----> statementPart
2021-11-19T10:24:06,166|[TRACE] graph - -------> nonSkippedChar
2021-11-19T10:24:06,166|[TRACE] script - #out(`_`) [token]
2021-11-19T10:24:06,166|[TRACE] graph - <------- nonSkippedChar
2021-11-19T10:24:06,166|[TRACE] graph - <----- statementPart
2021-11-19T10:24:06,166|[TRACE] graph - -----> statementPart
2021-11-19T10:24:06,166|[TRACE] graph - -------> nonSkippedChar
2021-11-19T10:24:06,166|[TRACE] script - #out(`t`) [token]
2021-11-19T10:24:06,166|[TRACE] graph - <------- nonSkippedChar
2021-11-19T10:24:06,166|[TRACE] graph - <----- statementPart
2021-11-19T10:24:06,166|[TRACE] graph - -----> statementPart
2021-11-19T10:24:06,166|[TRACE] graph - -------> nonSkippedChar
2021-11-19T10:24:06,166|[TRACE] script - #out(`i`) [token]
2021-11-19T10:24:06,166|[TRACE] graph - <------- nonSkippedChar
2021-11-19T10:24:06,166|[TRACE] graph - <----- statementPart
2021-11-19T10:24:06,166|[TRACE] graph - -----> statementPart
2021-11-19T10:24:06,166|[TRACE] graph - -------> nonSkippedChar
2021-11-19T10:24:06,166|[TRACE] script - #out(`m`) [token]
2021-11-19T10:24:06,166|[TRACE] graph - <------- nonSkippedChar
2021-11-19T10:24:06,166|[TRACE] graph - <----- statementPart
2021-11-19T10:24:06,166|[TRACE] graph - -----> statementPart
2021-11-19T10:24:06,166|[TRACE] graph - -------> nonSkippedChar
2021-11-19T10:24:06,166|[TRACE] script - #out(`e`) [token]
2021-11-19T10:24:06,166|[TRACE] graph - <------- nonSkippedChar
2021-11-19T10:24:06,166|[TRACE] graph - <----- statementPart
2021-11-19T10:24:06,166|[TRACE] graph - -----> statementPart
2021-11-19T10:24:06,166|[TRACE] graph - -------> nonSkippedChar
2021-11-19T10:24:06,166|[TRACE] script - #out(`s`) [token]
2021-11-19T10:24:06,166|[TRACE] graph - <------- nonSkippedChar
2021-11-19T10:24:06,166|[TRACE] graph - <----- statementPart
2021-11-19T10:24:06,166|[TRACE] graph - -----> statementPart
2021-11-19T10:24:06,166|[TRACE] graph - -------> nonSkippedChar
2021-11-19T10:24:06,166|[TRACE] script - #out(`t`) [token]
2021-11-19T10:24:06,166|[TRACE] graph - <------- nonSkippedChar
2021-11-19T10:24:06,166|[TRACE] graph - <----- statementPart
2021-11-19T10:24:06,166|[TRACE] graph - -----> statementPart
2021-11-19T10:24:06,166|[TRACE] graph - -------> nonSkippedChar
2021-11-19T10:24:06,166|[TRACE] script - #out(`a`) [token]
2021-11-19T10:24:06,166|[TRACE] graph - <------- nonSkippedChar
2021-11-19T10:24:06,166|[TRACE] graph - <----- statementPart
2021-11-19T10:24:06,166|[TRACE] graph - -----> statementPart
2021-11-19T10:24:06,166|[TRACE] graph - -------> nonSkippedChar
2021-11-19T10:24:06,166|[TRACE] script - #out(`m`) [token]
2021-11-19T10:24:06,166|[TRACE] graph - <------- nonSkippedChar
2021-11-19T10:24:06,166|[TRACE] graph - <----- statementPart
2021-11-19T10:24:06,166|[TRACE] graph - -----> statementPart
2021-11-19T10:24:06,166|[TRACE] graph - -------> nonSkippedChar
2021-11-19T10:24:06,166|[TRACE] script - #out(`p`) [token]
2021-11-19T10:24:06,166|[TRACE] graph - <------- nonSkippedChar
2021-11-19T10:24:06,166|[TRACE] graph - <----- statementPart
2021-11-19T10:24:06,166|[TRACE] graph - -----> statementPart
2021-11-19T10:24:06,166|[TRACE] graph - -------> nonSkippedChar
2021-11-19T10:24:06,166|[TRACE] script - #out(`(`) [token]
2021-11-19T10:24:06,166|[TRACE] graph - <------- nonSkippedChar
2021-11-19T10:24:06,166|[TRACE] graph - <----- statementPart
2021-11-19T10:24:06,166|[TRACE] graph - -----> statementPart
2021-11-19T10:24:06,166|[TRACE] graph - -------> nonSkippedChar
2021-11-19T10:24:06,166|[TRACE] script - #out(`n`) [token]
2021-11-19T10:24:06,166|[TRACE] graph - <------- nonSkippedChar
2021-11-19T10:24:06,166|[TRACE] graph - <----- statementPart
2021-11-19T10:24:06,166|[TRACE] graph - -----> statementPart
2021-11-19T10:24:06,166|[TRACE] graph - -------> nonSkippedChar
2021-11-19T10:24:06,166|[TRACE] script - #out(`o`) [token]
2021-11-19T10:24:06,166|[TRACE] graph - <------- nonSkippedChar
2021-11-19T10:24:06,166|[TRACE] graph - <----- statementPart
2021-11-19T10:24:06,166|[TRACE] graph - -----> statementPart
2021-11-19T10:24:06,166|[TRACE] graph - -------> nonSkippedChar
2021-11-19T10:24:06,166|[TRACE] script - #out(`w`) [token]
2021-11-19T10:24:06,166|[TRACE] graph - <------- nonSkippedChar
2021-11-19T10:24:06,166|[TRACE] graph - <----- statementPart
2021-11-19T10:24:06,166|[TRACE] graph - -----> statementPart
2021-11-19T10:24:06,166|[TRACE] graph - -------> nonSkippedChar
2021-11-19T10:24:06,166|[TRACE] script - #out(`(`) [token]
2021-11-19T10:24:06,166|[TRACE] graph - <------- nonSkippedChar
2021-11-19T10:24:06,220|[TRACE] graph - <----- statementPart
2021-11-19T10:24:06,220|[TRACE] graph - -----> statementPart
2021-11-19T10:24:06,220|[TRACE] graph - -------> nonSkippedChar
2021-11-19T10:24:06,220|[TRACE] script - #out(`)`) [token]
2021-11-19T10:24:06,220|[TRACE] graph - <------- nonSkippedChar
2021-11-19T10:24:06,220|[TRACE] graph - <----- statementPart
2021-11-19T10:24:06,220|[TRACE] graph - -----> statementPart
2021-11-19T10:24:06,220|[TRACE] graph - -------> nonSkippedChar
2021-11-19T10:24:06,220|[TRACE] script - #out(`)`) [token]
2021-11-19T10:24:06,220|[TRACE] graph - <------- nonSkippedChar
2021-11-19T10:24:06,220|[TRACE] graph - <----- statementPart
2021-11-19T10:24:06,220|[TRACE] graph - -----> statementPart
2021-11-19T10:24:06,220|[TRACE] graph - -------> nonSkippedSpace
2021-11-19T10:24:06,220|[TRACE] script - #out(` `) [token]
2021-11-19T10:24:06,220|[TRACE] graph - <------- nonSkippedSpace
2021-11-19T10:24:06,220|[TRACE] graph - <----- statementPart
2021-11-19T10:24:06,220|[TRACE] graph - -----> statementPart
2021-11-19T10:24:06,220|[TRACE] graph - -------> nonSkippedChar
2021-11-19T10:24:06,220|[TRACE] script - #out(`*`) [token]
2021-11-19T10:24:06,220|[TRACE] graph - <------- nonSkippedChar
2021-11-19T10:24:06,220|[TRACE] graph - <----- statementPart
2021-11-19T10:24:06,220|[TRACE] graph - -----> statementPart
2021-11-19T10:24:06,220|[TRACE] graph - -------> nonSkippedSpace
2021-11-19T10:24:06,220|[TRACE] script - #out(` `) [token]
2021-11-19T10:24:06,220|[TRACE] graph - <------- nonSkippedSpace
2021-11-19T10:24:06,220|[TRACE] graph - <----- statementPart
2021-11-19T10:24:06,220|[TRACE] graph - -----> statementPart
2021-11-19T10:24:06,220|[TRACE] graph - -------> nonSkippedChar
2021-11-19T10:24:06,220|[TRACE] script - #out(`1`) [token]
2021-11-19T10:24:06,220|[TRACE] graph - <------- nonSkippedChar
2021-11-19T10:24:06,220|[TRACE] graph - <----- statementPart
2021-11-19T10:24:06,220|[TRACE] graph - -----> statementPart
2021-11-19T10:24:06,220|[TRACE] graph - -------> nonSkippedChar
2021-11-19T10:24:06,220|[TRACE] script - #out(`0`) [token]
2021-11-19T10:24:06,220|[TRACE] graph - <------- nonSkippedChar
2021-11-19T10:24:06,220|[TRACE] graph - <----- statementPart
2021-11-19T10:24:06,220|[TRACE] graph - -----> statementPart
2021-11-19T10:24:06,220|[TRACE] graph - -------> nonSkippedChar
2021-11-19T10:24:06,220|[TRACE] script - #out(`0`) [token]
2021-11-19T10:24:06,220|[TRACE] graph - <------- nonSkippedChar
2021-11-19T10:24:06,220|[TRACE] graph - <----- statementPart
2021-11-19T10:24:06,220|[TRACE] graph - -----> statementPart
2021-11-19T10:24:06,220|[TRACE] graph - -------> nonSkippedChar
2021-11-19T10:24:06,220|[TRACE] script - #out(`0`) [token]
2021-11-19T10:24:06,220|[TRACE] graph - <------- nonSkippedChar
2021-11-19T10:24:06,220|[TRACE] graph - <----- statementPart
2021-11-19T10:24:06,220|[TRACE] graph - -----> statementPart
2021-11-19T10:24:06,220|[TRACE] graph - -------> nonSkippedChar
2021-11-19T10:24:06,220|[TRACE] script - #out(`)`) [token]
2021-11-19T10:24:06,220|[TRACE] graph - <------- nonSkippedChar
2021-11-19T10:24:06,220|[TRACE] graph - <----- statementPart
2021-11-19T10:24:06,220|[TRACE] graph - -----> statementPart
2021-11-19T10:24:06,220|[TRACE] graph - -------> nonSkippedChar
2021-11-19T10:24:06,220|[TRACE] script - #out(`,`) [token]
2021-11-19T10:24:06,220|[TRACE] graph - <------- nonSkippedChar
2021-11-19T10:24:06,220|[TRACE] graph - <----- statementPart
2021-11-19T10:24:06,220|[TRACE] graph - -----> afterStatementPartNewline
2021-11-19T10:24:06,220|[TRACE] script - #out(` `) [text]
2021-11-19T10:24:06,220|[TRACE] graph - <----- afterStatementPartNewline
2021-11-19T10:24:06,220|[TRACE] graph - -----> statementPart
2021-11-19T10:24:06,220|[TRACE] graph - -------> nonSkippedSpace
2021-11-19T10:24:06,220|[TRACE] script - #out(` `) [token]
2021-11-19T10:24:06,220|[TRACE] graph - <------- nonSkippedSpace
2021-11-19T10:24:06,220|[TRACE] graph - <----- statementPart
2021-11-19T10:24:06,220|[TRACE] graph - -----> statementPart
2021-11-19T10:24:06,220|[TRACE] graph - -------> nonSkippedSpace
2021-11-19T10:24:06,220|[TRACE] script - #out(` `) [token]
2021-11-19T10:24:06,220|[TRACE] graph - <------- nonSkippedSpace
2021-11-19T10:24:06,220|[TRACE] graph - <----- statementPart
2021-11-19T10:24:06,220|[TRACE] graph - -----> statementPart
2021-11-19T10:24:06,220|[TRACE] graph - -------> quotedString
2021-11-19T10:24:06,220|[TRACE] script - #out(``updated``) [token]
2021-11-19T10:24:06,220|[TRACE] graph - <------- quotedString
2021-11-19T10:24:06,220|[TRACE] graph - <----- statementPart
2021-11-19T10:24:06,220|[TRACE] graph - -----> statementPart
2021-11-19T10:24:06,220|[TRACE] graph - -------> nonSkippedSpace
2021-11-19T10:24:06,220|[TRACE] script - #out(` `) [token]
2021-11-19T10:24:06,220|[TRACE] graph - <------- nonSkippedSpace
2021-11-19T10:24:06,220|[TRACE] graph - <----- statementPart
2021-11-19T10:24:06,220|[TRACE] graph - -----> statementPart
2021-11-19T10:24:06,220|[TRACE] graph - -------> nonSkippedChar
2021-11-19T10:24:06,220|[TRACE] script - #out(`B`) [token]
2021-11-19T10:24:06,220|[TRACE] graph - <------- nonSkippedChar
2021-11-19T10:24:06,220|[TRACE] graph - <----- statementPart
2021-11-19T10:24:06,220|[TRACE] graph - -----> statementPart
2021-11-19T10:24:06,220|[TRACE] graph - -------> nonSkippedChar
2021-11-19T10:24:06,220|[TRACE] script - #out(`I`) [token]
2021-11-19T10:24:06,220|[TRACE] graph - <------- nonSkippedChar
2021-11-19T10:24:06,220|[TRACE] graph - <----- statementPart
2021-11-19T10:24:06,220|[TRACE] graph - -----> statementPart
2021-11-19T10:24:06,220|[TRACE] graph - -------> nonSkippedChar
2021-11-19T10:24:06,220|[TRACE] script - #out(`G`) [token]
2021-11-19T10:24:06,220|[TRACE] graph - <------- nonSkippedChar
2021-11-19T10:24:06,220|[TRACE] graph - <----- statementPart
2021-11-19T10:24:06,220|[TRACE] graph - -----> statementPart
2021-11-19T10:24:06,220|[TRACE] graph - -------> nonSkippedChar
2021-11-19T10:24:06,220|[TRACE] script - #out(`I`) [token]
2021-11-19T10:24:06,220|[TRACE] graph - <------- nonSkippedChar
2021-11-19T10:24:06,220|[TRACE] graph - <----- statementPart
2021-11-19T10:24:06,220|[TRACE] graph - -----> statementPart
2021-11-19T10:24:06,220|[TRACE] graph - -------> nonSkippedChar
2021-11-19T10:24:06,220|[TRACE] script - #out(`N`) [token]
2021-11-19T10:24:06,220|[TRACE] graph - <------- nonSkippedChar
2021-11-19T10:24:06,220|[TRACE] graph - <----- statementPart
2021-11-19T10:24:06,221|[TRACE] graph - -----> statementPart
2021-11-19T10:24:06,221|[TRACE] graph - -------> nonSkippedChar
2021-11-19T10:24:06,221|[TRACE] script - #out(`T`) [token]
2021-11-19T10:24:06,221|[TRACE] graph - <------- nonSkippedChar
2021-11-19T10:24:06,221|[TRACE] graph - <----- statementPart
2021-11-19T10:24:06,221|[TRACE] graph - -----> statementPart
2021-11-19T10:24:06,221|[TRACE] graph - -------> nonSkippedSpace
2021-11-19T10:24:06,221|[TRACE] script - #out(` `) [token]
2021-11-19T10:24:06,221|[TRACE] graph - <------- nonSkippedSpace
2021-11-19T10:24:06,221|[TRACE] graph - <----- statementPart
2021-11-19T10:24:06,221|[TRACE] graph - -----> statementPart
2021-11-19T10:24:06,221|[TRACE] graph - -------> nonSkippedChar
2021-11-19T10:24:06,221|[TRACE] script - #out(`N`) [token]
2021-11-19T10:24:06,221|[TRACE] graph - <------- nonSkippedChar
2021-11-19T10:24:06,221|[TRACE] graph - <----- statementPart
2021-11-19T10:24:06,221|[TRACE] graph - -----> statementPart
2021-11-19T10:24:06,221|[TRACE] graph - -------> nonSkippedChar
2021-11-19T10:24:06,221|[TRACE] script - #out(`O`) [token]
2021-11-19T10:24:06,221|[TRACE] graph - <------- nonSkippedChar
2021-11-19T10:24:06,221|[TRACE] graph - <----- statementPart
2021-11-19T10:24:06,221|[TRACE] graph - -----> statementPart
2021-11-19T10:24:06,221|[TRACE] graph - -------> nonSkippedChar
2021-11-19T10:24:06,221|[TRACE] script - #out(`T`) [token]
2021-11-19T10:24:06,221|[TRACE] graph - <------- nonSkippedChar
2021-11-19T10:24:06,221|[TRACE] graph - <----- statementPart
2021-11-19T10:24:06,221|[TRACE] graph - -----> statementPart
2021-11-19T10:24:06,221|[TRACE] graph - -------> nonSkippedSpace
2021-11-19T10:24:06,221|[TRACE] script - #out(` `) [token]
2021-11-19T10:24:06,221|[TRACE] graph - <------- nonSkippedSpace
2021-11-19T10:24:06,221|[TRACE] graph - <----- statementPart
2021-11-19T10:24:06,221|[TRACE] graph - -----> statementPart
2021-11-19T10:24:06,221|[TRACE] graph - -------> nonSkippedChar
2021-11-19T10:24:06,221|[TRACE] script - #out(`N`) [token]
2021-11-19T10:24:06,221|[TRACE] graph - <------- nonSkippedChar
2021-11-19T10:24:06,221|[TRACE] graph - <----- statementPart
2021-11-19T10:24:06,221|[TRACE] graph - -----> statementPart
2021-11-19T10:24:06,221|[TRACE] graph - -------> nonSkippedChar
2021-11-19T10:24:06,221|[TRACE] script - #out(`U`) [token]
2021-11-19T10:24:06,221|[TRACE] graph - <------- nonSkippedChar
2021-11-19T10:24:06,221|[TRACE] graph - <----- statementPart
2021-11-19T10:24:06,221|[TRACE] graph - -----> statementPart
2021-11-19T10:24:06,221|[TRACE] graph - -------> nonSkippedChar
2021-11-19T10:24:06,221|[TRACE] script - #out(`L`) [token]
2021-11-19T10:24:06,221|[TRACE] graph - <------- nonSkippedChar
2021-11-19T10:24:06,221|[TRACE] graph - <----- statementPart
2021-11-19T10:24:06,221|[TRACE] graph - -----> statementPart
2021-11-19T10:24:06,221|[TRACE] graph - -------> nonSkippedChar
2021-11-19T10:24:06,221|[TRACE] script - #out(`L`) [token]
2021-11-19T10:24:06,221|[TRACE] graph - <------- nonSkippedChar
2021-11-19T10:24:06,221|[TRACE] graph - <----- statementPart
2021-11-19T10:24:06,221|[TRACE] graph - -----> statementPart
2021-11-19T10:24:06,221|[TRACE] graph - -------> nonSkippedSpace
2021-11-19T10:24:06,221|[TRACE] script - #out(` `) [token]
2021-11-19T10:24:06,221|[TRACE] graph - <------- nonSkippedSpace
2021-11-19T10:24:06,221|[TRACE] graph - <----- statementPart
2021-11-19T10:24:06,221|[TRACE] graph - -----> statementPart
2021-11-19T10:24:06,221|[TRACE] graph - -------> nonSkippedChar
2021-11-19T10:24:06,221|[TRACE] script - #out(`D`) [token]
2021-11-19T10:24:06,221|[TRACE] graph - <------- nonSkippedChar
2021-11-19T10:24:06,221|[TRACE] graph - <----- statementPart
2021-11-19T10:24:06,221|[TRACE] graph - -----> statementPart
2021-11-19T10:24:06,221|[TRACE] graph - -------> nonSkippedChar
2021-11-19T10:24:06,221|[TRACE] script - #out(`E`) [token]
2021-11-19T10:24:06,221|[TRACE] graph - <------- nonSkippedChar
2021-11-19T10:24:06,221|[TRACE] graph - <----- statementPart
2021-11-19T10:24:06,221|[TRACE] graph - -----> statementPart
2021-11-19T10:24:06,221|[TRACE] graph - -------> nonSkippedChar
2021-11-19T10:24:06,221|[TRACE] script - #out(`F`) [token]
2021-11-19T10:24:06,221|[TRACE] graph - <------- nonSkippedChar
2021-11-19T10:24:06,221|[TRACE] graph - <----- statementPart
2021-11-19T10:24:06,221|[TRACE] graph - -----> statementPart
2021-11-19T10:24:06,221|[TRACE] graph - -------> nonSkippedChar
2021-11-19T10:24:06,221|[TRACE] script - #out(`A`) [token]
2021-11-19T10:24:06,221|[TRACE] graph - <------- nonSkippedChar
2021-11-19T10:24:06,221|[TRACE] graph - <----- statementPart
2021-11-19T10:24:06,221|[TRACE] graph - -----> statementPart
2021-11-19T10:24:06,221|[TRACE] graph - -------> nonSkippedChar
2021-11-19T10:24:06,221|[TRACE] script - #out(`U`) [token]
2021-11-19T10:24:06,221|[TRACE] graph - <------- nonSkippedChar
2021-11-19T10:24:06,221|[TRACE] graph - <----- statementPart
2021-11-19T10:24:06,221|[TRACE] graph - -----> statementPart
2021-11-19T10:24:06,221|[TRACE] graph - -------> nonSkippedChar
2021-11-19T10:24:06,221|[TRACE] script - #out(`L`) [token]
2021-11-19T10:24:06,221|[TRACE] graph - <------- nonSkippedChar
2021-11-19T10:24:06,221|[TRACE] graph - <----- statementPart
2021-11-19T10:24:06,221|[TRACE] graph - -----> statementPart
2021-11-19T10:24:06,221|[TRACE] graph - -------> nonSkippedChar
2021-11-19T10:24:06,221|[TRACE] script - #out(`T`) [token]
2021-11-19T10:24:06,221|[TRACE] graph - <------- nonSkippedChar
2021-11-19T10:24:06,221|[TRACE] graph - <----- statementPart
2021-11-19T10:24:06,221|[TRACE] graph - -----> statementPart
2021-11-19T10:24:06,221|[TRACE] graph - -------> nonSkippedSpace
2021-11-19T10:24:06,221|[TRACE] script - #out(` `) [token]
2021-11-19T10:24:06,221|[TRACE] graph - <------- nonSkippedSpace
2021-11-19T10:24:06,221|[TRACE] graph - <----- statementPart
2021-11-19T10:24:06,221|[TRACE] graph - -----> statementPart
2021-11-19T10:24:06,221|[TRACE] graph - -------> nonSkippedChar
2021-11-19T10:24:06,221|[TRACE] script - #out(`(`) [token]
2021-11-19T10:24:06,221|[TRACE] graph - <------- nonSkippedChar
2021-11-19T10:24:06,221|[TRACE] graph - <----- statementPart
2021-11-19T10:24:06,221|[TRACE] graph - -----> statementPart
2021-11-19T10:24:06,221|[TRACE] graph - -------> nonSkippedChar
2021-11-19T10:24:06,221|[TRACE] script - #out(`u`) [token]
2021-11-19T10:24:06,221|[TRACE] graph - <------- nonSkippedChar
2021-11-19T10:24:06,221|[TRACE] graph - <----- statementPart
2021-11-19T10:24:06,221|[TRACE] graph - -----> statementPart
2021-11-19T10:24:06,221|[TRACE] graph - -------> nonSkippedChar
2021-11-19T10:24:06,221|[TRACE] script - #out(`n`) [token]
2021-11-19T10:24:06,221|[TRACE] graph - <------- nonSkippedChar
2021-11-19T10:24:06,221|[TRACE] graph - <----- statementPart
2021-11-19T10:24:06,221|[TRACE] graph - -----> statementPart
2021-11-19T10:24:06,221|[TRACE] graph - -------> nonSkippedChar
2021-11-19T10:24:06,221|[TRACE] script - #out(`i`) [token]
2021-11-19T10:24:06,221|[TRACE] graph - <------- nonSkippedChar
2021-11-19T10:24:06,221|[TRACE] graph - <----- statementPart
2021-11-19T10:24:06,221|[TRACE] graph - -----> statementPart
2021-11-19T10:24:06,221|[TRACE] graph - -------> nonSkippedChar
2021-11-19T10:24:06,221|[TRACE] script - #out(`x`) [token]
2021-11-19T10:24:06,221|[TRACE] graph - <------- nonSkippedChar
2021-11-19T10:24:06,221|[TRACE] graph - <----- statementPart
2021-11-19T10:24:06,221|[TRACE] graph - -----> statementPart
2021-11-19T10:24:06,221|[TRACE] graph - -------> nonSkippedChar
2021-11-19T10:24:06,221|[TRACE] script - #out(`_`) [token]
2021-11-19T10:24:06,221|[TRACE] graph - <------- nonSkippedChar
2021-11-19T10:24:06,221|[TRACE] graph - <----- statementPart
2021-11-19T10:24:06,221|[TRACE] graph - -----> statementPart
2021-11-19T10:24:06,221|[TRACE] graph - -------> nonSkippedChar
2021-11-19T10:24:06,221|[TRACE] script - #out(`t`) [token]
2021-11-19T10:24:06,221|[TRACE] graph - <------- nonSkippedChar
2021-11-19T10:24:06,221|[TRACE] graph - <----- statementPart
2021-11-19T10:24:06,221|[TRACE] graph - -----> statementPart
2021-11-19T10:24:06,221|[TRACE] graph - -------> nonSkippedChar
2021-11-19T10:24:06,221|[TRACE] script - #out(`i`) [token]
2021-11-19T10:24:06,221|[TRACE] graph - <------- nonSkippedChar
2021-11-19T10:24:06,221|[TRACE] graph - <----- statementPart
2021-11-19T10:24:06,221|[TRACE] graph - -----> statementPart
2021-11-19T10:24:06,221|[TRACE] graph - -------> nonSkippedChar
2021-11-19T10:24:06,221|[TRACE] script - #out(`m`) [token]
2021-11-19T10:24:06,221|[TRACE] graph - <------- nonSkippedChar
2021-11-19T10:24:06,221|[TRACE] graph - <----- statementPart
2021-11-19T10:24:06,221|[TRACE] graph - -----> statementPart
2021-11-19T10:24:06,221|[TRACE] graph - -------> nonSkippedChar
2021-11-19T10:24:06,221|[TRACE] script - #out(`e`) [token]
2021-11-19T10:24:06,221|[TRACE] graph - <------- nonSkippedChar
2021-11-19T10:24:06,221|[TRACE] graph - <----- statementPart
2021-11-19T10:24:06,221|[TRACE] graph - -----> statementPart
2021-11-19T10:24:06,221|[TRACE] graph - -------> nonSkippedChar
2021-11-19T10:24:06,221|[TRACE] script - #out(`s`) [token]
2021-11-19T10:24:06,221|[TRACE] graph - <------- nonSkippedChar
2021-11-19T10:24:06,221|[TRACE] graph - <----- statementPart
2021-11-19T10:24:06,221|[TRACE] graph - -----> statementPart
2021-11-19T10:24:06,221|[TRACE] graph - -------> nonSkippedChar
2021-11-19T10:24:06,221|[TRACE] script - #out(`t`) [token]
2021-11-19T10:24:06,221|[TRACE] graph - <------- nonSkippedChar
2021-11-19T10:24:06,221|[TRACE] graph - <----- statementPart
2021-11-19T10:24:06,221|[TRACE] graph - -----> statementPart
2021-11-19T10:24:06,221|[TRACE] graph - -------> nonSkippedChar
2021-11-19T10:24:06,221|[TRACE] script - #out(`a`) [token]
2021-11-19T10:24:06,221|[TRACE] graph - <------- nonSkippedChar
2021-11-19T10:24:06,221|[TRACE] graph - <----- statementPart
2021-11-19T10:24:06,221|[TRACE] graph - -----> statementPart
2021-11-19T10:24:06,221|[TRACE] graph - -------> nonSkippedChar
2021-11-19T10:24:06,221|[TRACE] script - #out(`m`) [token]
2021-11-19T10:24:06,221|[TRACE] graph - <------- nonSkippedChar
2021-11-19T10:24:06,221|[TRACE] graph - <----- statementPart
2021-11-19T10:24:06,221|[TRACE] graph - -----> statementPart
2021-11-19T10:24:06,221|[TRACE] graph - -------> nonSkippedChar
2021-11-19T10:24:06,221|[TRACE] script - #out(`p`) [token]
2021-11-19T10:24:06,221|[TRACE] graph - <------- nonSkippedChar
2021-11-19T10:24:06,221|[TRACE] graph - <----- statementPart
2021-11-19T10:24:06,221|[TRACE] graph - -----> statementPart
2021-11-19T10:24:06,221|[TRACE] graph - -------> nonSkippedChar
2021-11-19T10:24:06,221|[TRACE] script - #out(`(`) [token]
2021-11-19T10:24:06,221|[TRACE] graph - <------- nonSkippedChar
2021-11-19T10:24:06,221|[TRACE] graph - <----- statementPart
2021-11-19T10:24:06,221|[TRACE] graph - -----> statementPart
2021-11-19T10:24:06,221|[TRACE] graph - -------> nonSkippedChar
2021-11-19T10:24:06,221|[TRACE] script - #out(`n`) [token]
2021-11-19T10:24:06,221|[TRACE] graph - <------- nonSkippedChar
2021-11-19T10:24:06,221|[TRACE] graph - <----- statementPart
2021-11-19T10:24:06,221|[TRACE] graph - -----> statementPart
2021-11-19T10:24:06,221|[TRACE] graph - -------> nonSkippedChar
2021-11-19T10:24:06,221|[TRACE] script - #out(`o`) [token]
2021-11-19T10:24:06,221|[TRACE] graph - <------- nonSkippedChar
2021-11-19T10:24:06,221|[TRACE] graph - <----- statementPart
2021-11-19T10:24:06,221|[TRACE] graph - -----> statementPart
2021-11-19T10:24:06,221|[TRACE] graph - -------> nonSkippedChar
2021-11-19T10:24:06,221|[TRACE] script - #out(`w`) [token]
2021-11-19T10:24:06,221|[TRACE] graph - <------- nonSkippedChar
2021-11-19T10:24:06,221|[TRACE] graph - <----- statementPart
2021-11-19T10:24:06,221|[TRACE] graph - -----> statementPart
2021-11-19T10:24:06,221|[TRACE] graph - -------> nonSkippedChar
2021-11-19T10:24:06,221|[TRACE] script - #out(`(`) [token]
2021-11-19T10:24:06,221|[TRACE] graph - <------- nonSkippedChar
2021-11-19T10:24:06,221|[TRACE] graph - <----- statementPart
2021-11-19T10:24:06,221|[TRACE] graph - -----> statementPart
2021-11-19T10:24:06,221|[TRACE] graph - -------> nonSkippedChar
2021-11-19T10:24:06,221|[TRACE] script - #out(`)`) [token]
2021-11-19T10:24:06,221|[TRACE] graph - <------- nonSkippedChar
2021-11-19T10:24:06,221|[TRACE] graph - <----- statementPart
2021-11-19T10:24:06,221|[TRACE] graph - -----> statementPart
2021-11-19T10:24:06,221|[TRACE] graph - -------> nonSkippedChar
2021-11-19T10:24:06,221|[TRACE] script - #out(`)`) [token]
2021-11-19T10:24:06,221|[TRACE] graph - <------- nonSkippedChar
2021-11-19T10:24:06,221|[TRACE] graph - <----- statementPart
2021-11-19T10:24:06,221|[TRACE] graph - -----> statementPart
2021-11-19T10:24:06,221|[TRACE] graph - -------> nonSkippedSpace
2021-11-19T10:24:06,221|[TRACE] script - #out(` `) [token]
2021-11-19T10:24:06,221|[TRACE] graph - <------- nonSkippedSpace
2021-11-19T10:24:06,221|[TRACE] graph - <----- statementPart
2021-11-19T10:24:06,221|[TRACE] graph - -----> statementPart
2021-11-19T10:24:06,221|[TRACE] graph - -------> nonSkippedChar
2021-11-19T10:24:06,221|[TRACE] script - #out(`*`) [token]
2021-11-19T10:24:06,221|[TRACE] graph - <------- nonSkippedChar
2021-11-19T10:24:06,221|[TRACE] graph - <----- statementPart
2021-11-19T10:24:06,221|[TRACE] graph - -----> statementPart
2021-11-19T10:24:06,221|[TRACE] graph - -------> nonSkippedSpace
2021-11-19T10:24:06,221|[TRACE] script - #out(` `) [token]
2021-11-19T10:24:06,221|[TRACE] graph - <------- nonSkippedSpace
2021-11-19T10:24:06,221|[TRACE] graph - <----- statementPart
2021-11-19T10:24:06,221|[TRACE] graph - -----> statementPart
2021-11-19T10:24:06,221|[TRACE] graph - -------> nonSkippedChar
2021-11-19T10:24:06,221|[TRACE] script - #out(`1`) [token]
2021-11-19T10:24:06,221|[TRACE] graph - <------- nonSkippedChar
2021-11-19T10:24:06,221|[TRACE] graph - <----- statementPart
2021-11-19T10:24:06,221|[TRACE] graph - -----> statementPart
2021-11-19T10:24:06,221|[TRACE] graph - -------> nonSkippedChar
2021-11-19T10:24:06,221|[TRACE] script - #out(`0`) [token]
2021-11-19T10:24:06,221|[TRACE] graph - <------- nonSkippedChar
2021-11-19T10:24:06,221|[TRACE] graph - <----- statementPart
2021-11-19T10:24:06,221|[TRACE] graph - -----> statementPart
2021-11-19T10:24:06,221|[TRACE] graph - -------> nonSkippedChar
2021-11-19T10:24:06,221|[TRACE] script - #out(`0`) [token]
2021-11-19T10:24:06,221|[TRACE] graph - <------- nonSkippedChar
2021-11-19T10:24:06,221|[TRACE] graph - <----- statementPart
2021-11-19T10:24:06,221|[TRACE] graph - -----> statementPart
2021-11-19T10:24:06,221|[TRACE] graph - -------> nonSkippedChar
2021-11-19T10:24:06,221|[TRACE] script - #out(`0`) [token]
2021-11-19T10:24:06,221|[TRACE] graph - <------- nonSkippedChar
2021-11-19T10:24:06,221|[TRACE] graph - <----- statementPart
2021-11-19T10:24:06,221|[TRACE] graph - -----> statementPart
2021-11-19T10:24:06,221|[TRACE] graph - -------> nonSkippedChar
2021-11-19T10:24:06,221|[TRACE] script - #out(`)`) [token]
2021-11-19T10:24:06,221|[TRACE] graph - <------- nonSkippedChar
2021-11-19T10:24:06,221|[TRACE] graph - <----- statementPart
2021-11-19T10:24:06,221|[TRACE] graph - -----> statementPart
2021-11-19T10:24:06,221|[TRACE] graph - -------> nonSkippedChar
2021-11-19T10:24:06,221|[TRACE] script - #out(`,`) [token]
2021-11-19T10:24:06,221|[TRACE] graph - <------- nonSkippedChar
2021-11-19T10:24:06,221|[TRACE] graph - <----- statementPart
2021-11-19T10:24:06,221|[TRACE] graph - -----> afterStatementPartNewline
2021-11-19T10:24:06,221|[TRACE] script - #out(` `) [text]
2021-11-19T10:24:06,221|[TRACE] graph - <----- afterStatementPartNewline
2021-11-19T10:24:06,221|[TRACE] graph - -----> statementPart
2021-11-19T10:24:06,221|[TRACE] graph - -------> nonSkippedSpace
2021-11-19T10:24:06,221|[TRACE] script - #out(` `) [token]
2021-11-19T10:24:06,221|[TRACE] graph - <------- nonSkippedSpace
2021-11-19T10:24:06,221|[TRACE] graph - <----- statementPart
2021-11-19T10:24:06,221|[TRACE] graph - -----> statementPart
2021-11-19T10:24:06,221|[TRACE] graph - -------> nonSkippedSpace
2021-11-19T10:24:06,221|[TRACE] script - #out(` `) [token]
2021-11-19T10:24:06,221|[TRACE] graph - <------- nonSkippedSpace
2021-11-19T10:24:06,221|[TRACE] graph - <----- statementPart
2021-11-19T10:24:06,221|[TRACE] graph - -----> statementPart
2021-11-19T10:24:06,221|[TRACE] graph - -------> quotedString
2021-11-19T10:24:06,221|[TRACE] script - #out(``version``) [token]
2021-11-19T10:24:06,221|[TRACE] graph - <------- quotedString
2021-11-19T10:24:06,221|[TRACE] graph - <----- statementPart
2021-11-19T10:24:06,221|[TRACE] graph - -----> statementPart
2021-11-19T10:24:06,221|[TRACE] graph - -------> nonSkippedSpace
2021-11-19T10:24:06,221|[TRACE] script - #out(` `) [token]
2021-11-19T10:24:06,221|[TRACE] graph - <------- nonSkippedSpace
2021-11-19T10:24:06,221|[TRACE] graph - <----- statementPart
2021-11-19T10:24:06,221|[TRACE] graph - -----> statementPart
2021-11-19T10:24:06,221|[TRACE] graph - -------> nonSkippedChar
2021-11-19T10:24:06,221|[TRACE] script - #out(`I`) [token]
2021-11-19T10:24:06,221|[TRACE] graph - <------- nonSkippedChar
2021-11-19T10:24:06,221|[TRACE] graph - <----- statementPart
2021-11-19T10:24:06,221|[TRACE] graph - -----> statementPart
2021-11-19T10:24:06,221|[TRACE] graph - -------> nonSkippedChar
2021-11-19T10:24:06,221|[TRACE] script - #out(`N`) [token]
2021-11-19T10:24:06,221|[TRACE] graph - <------- nonSkippedChar
2021-11-19T10:24:06,221|[TRACE] graph - <----- statementPart
2021-11-19T10:24:06,221|[TRACE] graph - -----> statementPart
2021-11-19T10:24:06,221|[TRACE] graph - -------> nonSkippedChar
2021-11-19T10:24:06,221|[TRACE] script - #out(`T`) [token]
2021-11-19T10:24:06,221|[TRACE] graph - <------- nonSkippedChar
2021-11-19T10:24:06,221|[TRACE] graph - <----- statementPart
2021-11-19T10:24:06,221|[TRACE] graph - -----> statementPart
2021-11-19T10:24:06,221|[TRACE] graph - -------> nonSkippedSpace
2021-11-19T10:24:06,221|[TRACE] script - #out(` `) [token]
2021-11-19T10:24:06,221|[TRACE] graph - <------- nonSkippedSpace
2021-11-19T10:24:06,221|[TRACE] graph - <----- statementPart
2021-11-19T10:24:06,221|[TRACE] graph - -----> statementPart
2021-11-19T10:24:06,221|[TRACE] graph - -------> nonSkippedChar
2021-11-19T10:24:06,221|[TRACE] script - #out(`N`) [token]
2021-11-19T10:24:06,221|[TRACE] graph - <------- nonSkippedChar
2021-11-19T10:24:06,221|[TRACE] graph - <----- statementPart
2021-11-19T10:24:06,222|[TRACE] graph - -----> statementPart
2021-11-19T10:24:06,222|[TRACE] graph - -------> nonSkippedChar
2021-11-19T10:24:06,222|[TRACE] script - #out(`O`) [token]
2021-11-19T10:24:06,222|[TRACE] graph - <------- nonSkippedChar
2021-11-19T10:24:06,222|[TRACE] graph - <----- statementPart
2021-11-19T10:24:06,222|[TRACE] graph - -----> statementPart
2021-11-19T10:24:06,222|[TRACE] graph - -------> nonSkippedChar
2021-11-19T10:24:06,222|[TRACE] script - #out(`T`) [token]
2021-11-19T10:24:06,222|[TRACE] graph - <------- nonSkippedChar
2021-11-19T10:24:06,222|[TRACE] graph - <----- statementPart
2021-11-19T10:24:06,222|[TRACE] graph - -----> statementPart
2021-11-19T10:24:06,222|[TRACE] graph - -------> nonSkippedSpace
2021-11-19T10:24:06,222|[TRACE] script - #out(` `) [token]
2021-11-19T10:24:06,222|[TRACE] graph - <------- nonSkippedSpace
2021-11-19T10:24:06,222|[TRACE] graph - <----- statementPart
2021-11-19T10:24:06,222|[TRACE] graph - -----> statementPart
2021-11-19T10:24:06,222|[TRACE] graph - -------> nonSkippedChar
2021-11-19T10:24:06,222|[TRACE] script - #out(`N`) [token]
2021-11-19T10:24:06,222|[TRACE] graph - <------- nonSkippedChar
2021-11-19T10:24:06,222|[TRACE] graph - <----- statementPart
2021-11-19T10:24:06,222|[TRACE] graph - -----> statementPart
2021-11-19T10:24:06,222|[TRACE] graph - -------> nonSkippedChar
2021-11-19T10:24:06,222|[TRACE] script - #out(`U`) [token]
2021-11-19T10:24:06,222|[TRACE] graph - <------- nonSkippedChar
2021-11-19T10:24:06,222|[TRACE] graph - <----- statementPart
2021-11-19T10:24:06,222|[TRACE] graph - -----> statementPart
2021-11-19T10:24:06,222|[TRACE] graph - -------> nonSkippedChar
2021-11-19T10:24:06,222|[TRACE] script - #out(`L`) [token]
2021-11-19T10:24:06,222|[TRACE] graph - <------- nonSkippedChar
2021-11-19T10:24:06,222|[TRACE] graph - <----- statementPart
2021-11-19T10:24:06,222|[TRACE] graph - -----> statementPart
2021-11-19T10:24:06,222|[TRACE] graph - -------> nonSkippedChar
2021-11-19T10:24:06,222|[TRACE] script - #out(`L`) [token]
2021-11-19T10:24:06,222|[TRACE] graph - <------- nonSkippedChar
2021-11-19T10:24:06,222|[TRACE] graph - <----- statementPart
2021-11-19T10:24:06,222|[TRACE] graph - -----> statementPart
2021-11-19T10:24:06,222|[TRACE] graph - -------> nonSkippedSpace
2021-11-19T10:24:06,222|[TRACE] script - #out(` `) [token]
2021-11-19T10:24:06,222|[TRACE] graph - <------- nonSkippedSpace
2021-11-19T10:24:06,222|[TRACE] graph - <----- statementPart
2021-11-19T10:24:06,222|[TRACE] graph - -----> statementPart
2021-11-19T10:24:06,222|[TRACE] graph - -------> nonSkippedChar
2021-11-19T10:24:06,222|[TRACE] script - #out(`D`) [token]
2021-11-19T10:24:06,222|[TRACE] graph - <------- nonSkippedChar
2021-11-19T10:24:06,222|[TRACE] graph - <----- statementPart
2021-11-19T10:24:06,222|[TRACE] graph - -----> statementPart
2021-11-19T10:24:06,222|[TRACE] graph - -------> nonSkippedChar
2021-11-19T10:24:06,222|[TRACE] script - #out(`E`) [token]
2021-11-19T10:24:06,222|[TRACE] graph - <------- nonSkippedChar
2021-11-19T10:24:06,222|[TRACE] graph - <----- statementPart
2021-11-19T10:24:06,222|[TRACE] graph - -----> statementPart
2021-11-19T10:24:06,222|[TRACE] graph - -------> nonSkippedChar
2021-11-19T10:24:06,222|[TRACE] script - #out(`F`) [token]
2021-11-19T10:24:06,222|[TRACE] graph - <------- nonSkippedChar
2021-11-19T10:24:06,222|[TRACE] graph - <----- statementPart
2021-11-19T10:24:06,222|[TRACE] graph - -----> statementPart
2021-11-19T10:24:06,222|[TRACE] graph - -------> nonSkippedChar
2021-11-19T10:24:06,222|[TRACE] script - #out(`A`) [token]
2021-11-19T10:24:06,222|[TRACE] graph - <------- nonSkippedChar
2021-11-19T10:24:06,222|[TRACE] graph - <----- statementPart
2021-11-19T10:24:06,222|[TRACE] graph - -----> statementPart
2021-11-19T10:24:06,222|[TRACE] graph - -------> nonSkippedChar
2021-11-19T10:24:06,222|[TRACE] script - #out(`U`) [token]
2021-11-19T10:24:06,280|[TRACE] graph - <------- nonSkippedChar
2021-11-19T10:24:06,280|[TRACE] graph - <----- statementPart
2021-11-19T10:24:06,280|[TRACE] graph - -----> statementPart
2021-11-19T10:24:06,280|[TRACE] graph - -------> nonSkippedChar
2021-11-19T10:24:06,280|[TRACE] script - #out(`L`) [token]
2021-11-19T10:24:06,280|[TRACE] graph - <------- nonSkippedChar
2021-11-19T10:24:06,280|[TRACE] graph - <----- statementPart
2021-11-19T10:24:06,280|[TRACE] graph - -----> statementPart
2021-11-19T10:24:06,280|[TRACE] graph - -------> nonSkippedChar
2021-11-19T10:24:06,280|[TRACE] script - #out(`T`) [token]
2021-11-19T10:24:06,280|[TRACE] graph - <------- nonSkippedChar
2021-11-19T10:24:06,280|[TRACE] graph - <----- statementPart
2021-11-19T10:24:06,280|[TRACE] graph - -----> statementPart
2021-11-19T10:24:06,280|[TRACE] graph - -------> nonSkippedSpace
2021-11-19T10:24:06,280|[TRACE] script - #out(` `) [token]
2021-11-19T10:24:06,280|[TRACE] graph - <------- nonSkippedSpace
2021-11-19T10:24:06,280|[TRACE] graph - <----- statementPart
2021-11-19T10:24:06,280|[TRACE] graph - -----> statementPart
2021-11-19T10:24:06,280|[TRACE] graph - -------> nonSkippedChar
2021-11-19T10:24:06,280|[TRACE] script - #out(`1`) [token]
2021-11-19T10:24:06,280|[TRACE] graph - <------- nonSkippedChar
2021-11-19T10:24:06,280|[TRACE] graph - <----- statementPart
2021-11-19T10:24:06,280|[TRACE] graph - -----> statementPart
2021-11-19T10:24:06,280|[TRACE] graph - -------> nonSkippedChar
2021-11-19T10:24:06,280|[TRACE] script - #out(`,`) [token]
2021-11-19T10:24:06,280|[TRACE] graph - <------- nonSkippedChar
2021-11-19T10:24:06,280|[TRACE] graph - <----- statementPart
2021-11-19T10:24:06,280|[TRACE] graph - -----> afterStatementPartNewline
2021-11-19T10:24:06,280|[TRACE] script - #out(` `) [text]
2021-11-19T10:24:06,280|[TRACE] graph - <----- afterStatementPartNewline
2021-11-19T10:24:06,280|[TRACE] graph - -----> statementPart
2021-11-19T10:24:06,280|[TRACE] graph - -------> nonSkippedSpace
2021-11-19T10:24:06,280|[TRACE] script - #out(` `) [token]
2021-11-19T10:24:06,280|[TRACE] graph - <------- nonSkippedSpace
2021-11-19T10:24:06,280|[TRACE] graph - <----- statementPart
2021-11-19T10:24:06,280|[TRACE] graph - -----> statementPart
2021-11-19T10:24:06,280|[TRACE] graph - -------> nonSkippedSpace
2021-11-19T10:24:06,280|[TRACE] script - #out(` `) [token]
2021-11-19T10:24:06,280|[TRACE] graph - <------- nonSkippedSpace
2021-11-19T10:24:06,280|[TRACE] graph - <----- statementPart
2021-11-19T10:24:06,280|[TRACE] graph - -----> statementPart
2021-11-19T10:24:06,280|[TRACE] graph - -------> nonSkippedChar
2021-11-19T10:24:06,280|[TRACE] script - #out(`P`) [token]
2021-11-19T10:24:06,280|[TRACE] graph - <------- nonSkippedChar
2021-11-19T10:24:06,280|[TRACE] graph - <----- statementPart
2021-11-19T10:24:06,280|[TRACE] graph - -----> statementPart
2021-11-19T10:24:06,280|[TRACE] graph - -------> nonSkippedChar
2021-11-19T10:24:06,280|[TRACE] script - #out(`R`) [token]
2021-11-19T10:24:06,280|[TRACE] graph - <------- nonSkippedChar
2021-11-19T10:24:06,280|[TRACE] graph - <----- statementPart
2021-11-19T10:24:06,280|[TRACE] graph - -----> statementPart
2021-11-19T10:24:06,280|[TRACE] graph - -------> nonSkippedChar
2021-11-19T10:24:06,280|[TRACE] script - #out(`I`) [token]
2021-11-19T10:24:06,280|[TRACE] graph - <------- nonSkippedChar
2021-11-19T10:24:06,280|[TRACE] graph - <----- statementPart
2021-11-19T10:24:06,280|[TRACE] graph - -----> statementPart
2021-11-19T10:24:06,280|[TRACE] graph - -------> nonSkippedChar
2021-11-19T10:24:06,280|[TRACE] script - #out(`M`) [token]
2021-11-19T10:24:06,280|[TRACE] graph - <------- nonSkippedChar
2021-11-19T10:24:06,280|[TRACE] graph - <----- statementPart
2021-11-19T10:24:06,280|[TRACE] graph - -----> statementPart
2021-11-19T10:24:06,280|[TRACE] graph - -------> nonSkippedChar
2021-11-19T10:24:06,280|[TRACE] script - #out(`A`) [token]
2021-11-19T10:24:06,280|[TRACE] graph - <------- nonSkippedChar
2021-11-19T10:24:06,280|[TRACE] graph - <----- statementPart
2021-11-19T10:24:06,280|[TRACE] graph - -----> statementPart
2021-11-19T10:24:06,280|[TRACE] graph - -------> nonSkippedChar
2021-11-19T10:24:06,280|[TRACE] script - #out(`R`) [token]
2021-11-19T10:24:06,280|[TRACE] graph - <------- nonSkippedChar
2021-11-19T10:24:06,280|[TRACE] graph - <----- statementPart
2021-11-19T10:24:06,280|[TRACE] graph - -----> statementPart
2021-11-19T10:24:06,280|[TRACE] graph - -------> nonSkippedChar
2021-11-19T10:24:06,280|[TRACE] script - #out(`Y`) [token]
2021-11-19T10:24:06,280|[TRACE] graph - <------- nonSkippedChar
2021-11-19T10:24:06,280|[TRACE] graph - <----- statementPart
2021-11-19T10:24:06,280|[TRACE] graph - -----> statementPart
2021-11-19T10:24:06,280|[TRACE] graph - -------> nonSkippedSpace
2021-11-19T10:24:06,280|[TRACE] script - #out(` `) [token]
2021-11-19T10:24:06,280|[TRACE] graph - <------- nonSkippedSpace
2021-11-19T10:24:06,280|[TRACE] graph - <----- statementPart
2021-11-19T10:24:06,280|[TRACE] graph - -----> statementPart
2021-11-19T10:24:06,280|[TRACE] graph - -------> nonSkippedChar
2021-11-19T10:24:06,280|[TRACE] script - #out(`K`) [token]
2021-11-19T10:24:06,280|[TRACE] graph - <------- nonSkippedChar
2021-11-19T10:24:06,280|[TRACE] graph - <----- statementPart
2021-11-19T10:24:06,280|[TRACE] graph - -----> statementPart
2021-11-19T10:24:06,280|[TRACE] graph - -------> nonSkippedChar
2021-11-19T10:24:06,280|[TRACE] script - #out(`E`) [token]
2021-11-19T10:24:06,280|[TRACE] graph - <------- nonSkippedChar
2021-11-19T10:24:06,280|[TRACE] graph - <----- statementPart
2021-11-19T10:24:06,280|[TRACE] graph - -----> statementPart
2021-11-19T10:24:06,280|[TRACE] graph - -------> nonSkippedChar
2021-11-19T10:24:06,280|[TRACE] script - #out(`Y`) [token]
2021-11-19T10:24:06,280|[TRACE] graph - <------- nonSkippedChar
2021-11-19T10:24:06,280|[TRACE] graph - <----- statementPart
2021-11-19T10:24:06,280|[TRACE] graph - -----> statementPart
2021-11-19T10:24:06,280|[TRACE] graph - -------> nonSkippedSpace
2021-11-19T10:24:06,280|[TRACE] script - #out(` `) [token]
2021-11-19T10:24:06,280|[TRACE] graph - <------- nonSkippedSpace
2021-11-19T10:24:06,280|[TRACE] graph - <----- statementPart
2021-11-19T10:24:06,280|[TRACE] graph - -----> statementPart
2021-11-19T10:24:06,280|[TRACE] graph - -------> nonSkippedChar
2021-11-19T10:24:06,280|[TRACE] script - #out(`(`) [token]
2021-11-19T10:24:06,280|[TRACE] graph - <------- nonSkippedChar
2021-11-19T10:24:06,280|[TRACE] graph - <----- statementPart
2021-11-19T10:24:06,280|[TRACE] graph - -----> statementPart
2021-11-19T10:24:06,280|[TRACE] graph - -------> quotedString
2021-11-19T10:24:06,280|[TRACE] script - #out(``phone_id``) [token]
2021-11-19T10:24:06,280|[TRACE] graph - <------- quotedString
2021-11-19T10:24:06,281|[TRACE] graph - <----- statementPart
2021-11-19T10:24:06,281|[TRACE] graph - -----> statementPart
2021-11-19T10:24:06,281|[TRACE] graph - -------> nonSkippedChar
2021-11-19T10:24:06,281|[TRACE] script - #out(`)`) [token]
2021-11-19T10:24:06,281|[TRACE] graph - <------- nonSkippedChar
2021-11-19T10:24:06,281|[TRACE] graph - <----- statementPart
2021-11-19T10:24:06,281|[TRACE] graph - -----> statementPart
2021-11-19T10:24:06,281|[TRACE] graph - -------> nonSkippedChar
2021-11-19T10:24:06,281|[TRACE] script - #out(`)`) [token]
2021-11-19T10:24:06,281|[TRACE] graph - <------- nonSkippedChar
2021-11-19T10:24:06,281|[TRACE] graph - <----- statementPart
2021-11-19T10:24:06,281|[TRACE] graph - -----> afterStatementPartNewline
2021-11-19T10:24:06,281|[TRACE] script - #out(` `) [text]
2021-11-19T10:24:06,281|[TRACE] graph - <----- afterStatementPartNewline
2021-11-19T10:24:06,281|[TRACE] graph - -----> statementPart
2021-11-19T10:24:06,281|[TRACE] graph - -------> nonSkippedChar
2021-11-19T10:24:06,281|[TRACE] script - #out(`E`) [token]
2021-11-19T10:24:06,281|[TRACE] graph - <------- nonSkippedChar
2021-11-19T10:24:06,281|[TRACE] graph - <----- statementPart
2021-11-19T10:24:06,281|[TRACE] graph - -----> statementPart
2021-11-19T10:24:06,281|[TRACE] graph - -------> nonSkippedChar
2021-11-19T10:24:06,281|[TRACE] script - #out(`N`) [token]
2021-11-19T10:24:06,281|[TRACE] graph - <------- nonSkippedChar
2021-11-19T10:24:06,281|[TRACE] graph - <----- statementPart
2021-11-19T10:24:06,281|[TRACE] graph - -----> statementPart
2021-11-19T10:24:06,281|[TRACE] graph - -------> nonSkippedChar
2021-11-19T10:24:06,281|[TRACE] script - #out(`G`) [token]
2021-11-19T10:24:06,281|[TRACE] graph - <------- nonSkippedChar
2021-11-19T10:24:06,281|[TRACE] graph - <----- statementPart
2021-11-19T10:24:06,281|[TRACE] graph - -----> statementPart
2021-11-19T10:24:06,281|[TRACE] graph - -------> nonSkippedChar
2021-11-19T10:24:06,281|[TRACE] script - #out(`I`) [token]
2021-11-19T10:24:06,281|[TRACE] graph - <------- nonSkippedChar
2021-11-19T10:24:06,281|[TRACE] graph - <----- statementPart
2021-11-19T10:24:06,281|[TRACE] graph - -----> statementPart
2021-11-19T10:24:06,281|[TRACE] graph - -------> nonSkippedChar
2021-11-19T10:24:06,281|[TRACE] script - #out(`N`) [token]
2021-11-19T10:24:06,281|[TRACE] graph - <------- nonSkippedChar
2021-11-19T10:24:06,281|[TRACE] graph - <----- statementPart
2021-11-19T10:24:06,281|[TRACE] graph - -----> statementPart
2021-11-19T10:24:06,281|[TRACE] graph - -------> nonSkippedChar
2021-11-19T10:24:06,281|[TRACE] script - #out(`E`) [token]
2021-11-19T10:24:06,281|[TRACE] graph - <------- nonSkippedChar
2021-11-19T10:24:06,281|[TRACE] graph - <----- statementPart
2021-11-19T10:24:06,281|[TRACE] graph - -----> statementPart
2021-11-19T10:24:06,281|[TRACE] graph - -------> nonSkippedSpace
2021-11-19T10:24:06,281|[TRACE] script - #out(` `) [token]
2021-11-19T10:24:06,281|[TRACE] graph - <------- nonSkippedSpace
2021-11-19T10:24:06,281|[TRACE] graph - <----- statementPart
2021-11-19T10:24:06,281|[TRACE] graph - -----> statementPart
2021-11-19T10:24:06,281|[TRACE] graph - -------> nonSkippedChar
2021-11-19T10:24:06,281|[TRACE] script - #out(`=`) [token]
2021-11-19T10:24:06,281|[TRACE] graph - <------- nonSkippedChar
2021-11-19T10:24:06,281|[TRACE] graph - <----- statementPart
2021-11-19T10:24:06,281|[TRACE] graph - -----> statementPart
2021-11-19T10:24:06,281|[TRACE] graph - -------> nonSkippedSpace
2021-11-19T10:24:06,281|[TRACE] script - #out(` `) [token]
2021-11-19T10:24:06,281|[TRACE] graph - <------- nonSkippedSpace
2021-11-19T10:24:06,281|[TRACE] graph - <----- statementPart
2021-11-19T10:24:06,281|[TRACE] graph - -----> statementPart
2021-11-19T10:24:06,281|[TRACE] graph - -------> nonSkippedChar
2021-11-19T10:24:06,281|[TRACE] script - #out(`I`) [token]
2021-11-19T10:24:06,281|[TRACE] graph - <------- nonSkippedChar
2021-11-19T10:24:06,281|[TRACE] graph - <----- statementPart
2021-11-19T10:24:06,281|[TRACE] graph - -----> statementPart
2021-11-19T10:24:06,281|[TRACE] graph - -------> nonSkippedChar
2021-11-19T10:24:06,281|[TRACE] script - #out(`n`) [token]
2021-11-19T10:24:06,281|[TRACE] graph - <------- nonSkippedChar
2021-11-19T10:24:06,281|[TRACE] graph - <----- statementPart
2021-11-19T10:24:06,281|[TRACE] graph - -----> statementPart
2021-11-19T10:24:06,281|[TRACE] graph - -------> nonSkippedChar
2021-11-19T10:24:06,281|[TRACE] script - #out(`n`) [token]
2021-11-19T10:24:06,281|[TRACE] graph - <------- nonSkippedChar
2021-11-19T10:24:06,281|[TRACE] graph - <----- statementPart
2021-11-19T10:24:06,281|[TRACE] graph - -----> statementPart
2021-11-19T10:24:06,281|[TRACE] graph - -------> nonSkippedChar
2021-11-19T10:24:06,281|[TRACE] script - #out(`o`) [token]
2021-11-19T10:24:06,281|[TRACE] graph - <------- nonSkippedChar
2021-11-19T10:24:06,281|[TRACE] graph - <----- statementPart
2021-11-19T10:24:06,281|[TRACE] graph - -----> statementPart
2021-11-19T10:24:06,281|[TRACE] graph - -------> nonSkippedChar
2021-11-19T10:24:06,281|[TRACE] script - #out(`D`) [token]
2021-11-19T10:24:06,281|[TRACE] graph - <------- nonSkippedChar
2021-11-19T10:24:06,281|[TRACE] graph - <----- statementPart
2021-11-19T10:24:06,281|[TRACE] graph - -----> statementPart
2021-11-19T10:24:06,281|[TRACE] graph - -------> nonSkippedChar
2021-11-19T10:24:06,281|[TRACE] script - #out(`B`) [token]
2021-11-19T10:24:06,281|[TRACE] graph - <------- nonSkippedChar
2021-11-19T10:24:06,281|[TRACE] graph - <----- statementPart
2021-11-19T10:24:06,281|[DEBUG] graph - Import statement : CREATE TABLE IF NOT EXISTS `bloodbank`.`phone` (   `phone_id` INT NOT NULL AUTO_INCREMENT,   `country_code` VARCHAR(10) NOT NULL DEFAULT '1',   `area_code` VARCHAR(10) NOT NULL,   `number` VARCHAR(10) NOT NULL,   `created` BIGINT NOT NULL DEFAULT (unix_timestamp(now()) * 1000),   `updated` BIGINT NOT NULL DEFAULT (unix_timestamp(now()) * 1000),   `version` INT NOT NULL DEFAULT 1,   PRIMARY KEY (`phone_id`)) ENGINE = InnoDB
2021-11-19T10:24:06,281|[TRACE] graph - <--- statement
2021-11-19T10:24:06,281|[TRACE] graph - ---> blankSpacesToSkip
2021-11-19T10:24:06,281|[TRACE] graph - -----> newLineToSkip
2021-11-19T10:24:06,281|[TRACE] graph - <----- newLineToSkip
2021-11-19T10:24:06,281|[TRACE] graph - -----> newLineToSkip
2021-11-19T10:24:06,281|[TRACE] graph - <----- newLineToSkip
2021-11-19T10:24:06,281|[TRACE] graph - -----> newLineToSkip
2021-11-19T10:24:06,281|[TRACE] graph - <----- newLineToSkip
2021-11-19T10:24:06,281|[TRACE] graph - -----> newLineToSkip
2021-11-19T10:24:06,281|[TRACE] graph - <----- newLineToSkip
2021-11-19T10:24:06,281|[TRACE] graph - -----> newLineToSkip
2021-11-19T10:24:06,281|[TRACE] graph - <----- newLineToSkip
2021-11-19T10:24:06,281|[TRACE] graph - -----> newLineToSkip
2021-11-19T10:24:06,281|[TRACE] graph - <----- newLineToSkip
2021-11-19T10:24:06,281|[TRACE] graph - <--- blankSpacesToSkip
2021-11-19T10:24:06,281|[TRACE] graph - ---> statement
2021-11-19T10:24:06,281|[TRACE] graph - -----> statementFirstPart
2021-11-19T10:24:06,281|[TRACE] graph - -------> nonSkippedChar
2021-11-19T10:24:06,281|[TRACE] script - #out(`C`) [token]
2021-11-19T10:24:06,281|[TRACE] graph - <------- nonSkippedChar
2021-11-19T10:24:06,281|[TRACE] graph - <----- statementFirstPart
2021-11-19T10:24:06,281|[TRACE] graph - -----> statementPart
2021-11-19T10:24:06,281|[TRACE] graph - -------> nonSkippedChar
2021-11-19T10:24:06,281|[TRACE] script - #out(`R`) [token]
2021-11-19T10:24:06,281|[TRACE] graph - <------- nonSkippedChar
2021-11-19T10:24:06,281|[TRACE] graph - <----- statementPart
2021-11-19T10:24:06,281|[TRACE] graph - -----> statementPart
2021-11-19T10:24:06,281|[TRACE] graph - -------> nonSkippedChar
2021-11-19T10:24:06,281|[TRACE] script - #out(`E`) [token]
2021-11-19T10:24:06,281|[TRACE] graph - <------- nonSkippedChar
2021-11-19T10:24:06,281|[TRACE] graph - <----- statementPart
2021-11-19T10:24:06,281|[TRACE] graph - -----> statementPart
2021-11-19T10:24:06,281|[TRACE] graph - -------> nonSkippedChar
2021-11-19T10:24:06,281|[TRACE] script - #out(`A`) [token]
2021-11-19T10:24:06,281|[TRACE] graph - <------- nonSkippedChar
2021-11-19T10:24:06,281|[TRACE] graph - <----- statementPart
2021-11-19T10:24:06,281|[TRACE] graph - -----> statementPart
2021-11-19T10:24:06,281|[TRACE] graph - -------> nonSkippedChar
2021-11-19T10:24:06,281|[TRACE] script - #out(`T`) [token]
2021-11-19T10:24:06,281|[TRACE] graph - <------- nonSkippedChar
2021-11-19T10:24:06,281|[TRACE] graph - <----- statementPart
2021-11-19T10:24:06,281|[TRACE] graph - -----> statementPart
2021-11-19T10:24:06,281|[TRACE] graph - -------> nonSkippedChar
2021-11-19T10:24:06,281|[TRACE] script - #out(`E`) [token]
2021-11-19T10:24:06,281|[TRACE] graph - <------- nonSkippedChar
2021-11-19T10:24:06,281|[TRACE] graph - <----- statementPart
2021-11-19T10:24:06,281|[TRACE] graph - -----> statementPart
2021-11-19T10:24:06,281|[TRACE] graph - -------> nonSkippedSpace
2021-11-19T10:24:06,281|[TRACE] script - #out(` `) [token]
2021-11-19T10:24:06,281|[TRACE] graph - <------- nonSkippedSpace
2021-11-19T10:24:06,281|[TRACE] graph - <----- statementPart
2021-11-19T10:24:06,281|[TRACE] graph - -----> statementPart
2021-11-19T10:24:06,281|[TRACE] graph - -------> nonSkippedChar
2021-11-19T10:24:06,281|[TRACE] script - #out(`T`) [token]
2021-11-19T10:24:06,281|[TRACE] graph - <------- nonSkippedChar
2021-11-19T10:24:06,281|[TRACE] graph - <----- statementPart
2021-11-19T10:24:06,281|[TRACE] graph - -----> statementPart
2021-11-19T10:24:06,281|[TRACE] graph - -------> nonSkippedChar
2021-11-19T10:24:06,281|[TRACE] script - #out(`A`) [token]
2021-11-19T10:24:06,281|[TRACE] graph - <------- nonSkippedChar
2021-11-19T10:24:06,281|[TRACE] graph - <----- statementPart
2021-11-19T10:24:06,281|[TRACE] graph - -----> statementPart
2021-11-19T10:24:06,281|[TRACE] graph - -------> nonSkippedChar
2021-11-19T10:24:06,281|[TRACE] script - #out(`B`) [token]
2021-11-19T10:24:06,281|[TRACE] graph - <------- nonSkippedChar
2021-11-19T10:24:06,281|[TRACE] graph - <----- statementPart
2021-11-19T10:24:06,281|[TRACE] graph - -----> statementPart
2021-11-19T10:24:06,281|[TRACE] graph - -------> nonSkippedChar
2021-11-19T10:24:06,281|[TRACE] script - #out(`L`) [token]
2021-11-19T10:24:06,281|[TRACE] graph - <------- nonSkippedChar
2021-11-19T10:24:06,281|[TRACE] graph - <----- statementPart
2021-11-19T10:24:06,281|[TRACE] graph - -----> statementPart
2021-11-19T10:24:06,281|[TRACE] graph - -------> nonSkippedChar
2021-11-19T10:24:06,281|[TRACE] script - #out(`E`) [token]
2021-11-19T10:24:06,281|[TRACE] graph - <------- nonSkippedChar
2021-11-19T10:24:06,281|[TRACE] graph - <----- statementPart
2021-11-19T10:24:06,281|[TRACE] graph - -----> statementPart
2021-11-19T10:24:06,281|[TRACE] graph - -------> nonSkippedSpace
2021-11-19T10:24:06,281|[TRACE] script - #out(` `) [token]
2021-11-19T10:24:06,281|[TRACE] graph - <------- nonSkippedSpace
2021-11-19T10:24:06,281|[TRACE] graph - <----- statementPart
2021-11-19T10:24:06,281|[TRACE] graph - -----> statementPart
2021-11-19T10:24:06,281|[TRACE] graph - -------> nonSkippedChar
2021-11-19T10:24:06,281|[TRACE] script - #out(`I`) [token]
2021-11-19T10:24:06,281|[TRACE] graph - <------- nonSkippedChar
2021-11-19T10:24:06,281|[TRACE] graph - <----- statementPart
2021-11-19T10:24:06,281|[TRACE] graph - -----> statementPart
2021-11-19T10:24:06,281|[TRACE] graph - -------> nonSkippedChar
2021-11-19T10:24:06,281|[TRACE] script - #out(`F`) [token]
2021-11-19T10:24:06,281|[TRACE] graph - <------- nonSkippedChar
2021-11-19T10:24:06,281|[TRACE] graph - <----- statementPart
2021-11-19T10:24:06,281|[TRACE] graph - -----> statementPart
2021-11-19T10:24:06,281|[TRACE] graph - -------> nonSkippedSpace
2021-11-19T10:24:06,281|[TRACE] script - #out(` `) [token]
2021-11-19T10:24:06,281|[TRACE] graph - <------- nonSkippedSpace
2021-11-19T10:24:06,281|[TRACE] graph - <----- statementPart
2021-11-19T10:24:06,281|[TRACE] graph - -----> statementPart
2021-11-19T10:24:06,281|[TRACE] graph - -------> nonSkippedChar
2021-11-19T10:24:06,281|[TRACE] script - #out(`N`) [token]
2021-11-19T10:24:06,281|[TRACE] graph - <------- nonSkippedChar
2021-11-19T10:24:06,281|[TRACE] graph - <----- statementPart
2021-11-19T10:24:06,281|[TRACE] graph - -----> statementPart
2021-11-19T10:24:06,281|[TRACE] graph - -------> nonSkippedChar
2021-11-19T10:24:06,281|[TRACE] script - #out(`O`) [token]
2021-11-19T10:24:06,281|[TRACE] graph - <------- nonSkippedChar
2021-11-19T10:24:06,281|[TRACE] graph - <----- statementPart
2021-11-19T10:24:06,281|[TRACE] graph - -----> statementPart
2021-11-19T10:24:06,281|[TRACE] graph - -------> nonSkippedChar
2021-11-19T10:24:06,281|[TRACE] script - #out(`T`) [token]
2021-11-19T10:24:06,281|[TRACE] graph - <------- nonSkippedChar
2021-11-19T10:24:06,281|[TRACE] graph - <----- statementPart
2021-11-19T10:24:06,281|[TRACE] graph - -----> statementPart
2021-11-19T10:24:06,281|[TRACE] graph - -------> nonSkippedSpace
2021-11-19T10:24:06,281|[TRACE] script - #out(` `) [token]
2021-11-19T10:24:06,281|[TRACE] graph - <------- nonSkippedSpace
2021-11-19T10:24:06,281|[TRACE] graph - <----- statementPart
2021-11-19T10:24:06,281|[TRACE] graph - -----> statementPart
2021-11-19T10:24:06,281|[TRACE] graph - -------> nonSkippedChar
2021-11-19T10:24:06,281|[TRACE] script - #out(`E`) [token]
2021-11-19T10:24:06,281|[TRACE] graph - <------- nonSkippedChar
2021-11-19T10:24:06,281|[TRACE] graph - <----- statementPart
2021-11-19T10:24:06,281|[TRACE] graph - -----> statementPart
2021-11-19T10:24:06,281|[TRACE] graph - -------> nonSkippedChar
2021-11-19T10:24:06,281|[TRACE] script - #out(`X`) [token]
2021-11-19T10:24:06,281|[TRACE] graph - <------- nonSkippedChar
2021-11-19T10:24:06,281|[TRACE] graph - <----- statementPart
2021-11-19T10:24:06,281|[TRACE] graph - -----> statementPart
2021-11-19T10:24:06,281|[TRACE] graph - -------> nonSkippedChar
2021-11-19T10:24:06,281|[TRACE] script - #out(`I`) [token]
2021-11-19T10:24:06,281|[TRACE] graph - <------- nonSkippedChar
2021-11-19T10:24:06,281|[TRACE] graph - <----- statementPart
2021-11-19T10:24:06,281|[TRACE] graph - -----> statementPart
2021-11-19T10:24:06,281|[TRACE] graph - -------> nonSkippedChar
2021-11-19T10:24:06,281|[TRACE] script - #out(`S`) [token]
2021-11-19T10:24:06,281|[TRACE] graph - <------- nonSkippedChar
2021-11-19T10:24:06,281|[TRACE] graph - <----- statementPart
2021-11-19T10:24:06,281|[TRACE] graph - -----> statementPart
2021-11-19T10:24:06,281|[TRACE] graph - -------> nonSkippedChar
2021-11-19T10:24:06,281|[TRACE] script - #out(`T`) [token]
2021-11-19T10:24:06,281|[TRACE] graph - <------- nonSkippedChar
2021-11-19T10:24:06,281|[TRACE] graph - <----- statementPart
2021-11-19T10:24:06,281|[TRACE] graph - -----> statementPart
2021-11-19T10:24:06,281|[TRACE] graph - -------> nonSkippedChar
2021-11-19T10:24:06,281|[TRACE] script - #out(`S`) [token]
2021-11-19T10:24:06,281|[TRACE] graph - <------- nonSkippedChar
2021-11-19T10:24:06,281|[TRACE] graph - <----- statementPart
2021-11-19T10:24:06,281|[TRACE] graph - -----> statementPart
2021-11-19T10:24:06,281|[TRACE] graph - -------> nonSkippedSpace
2021-11-19T10:24:06,281|[TRACE] script - #out(` `) [token]
2021-11-19T10:24:06,281|[TRACE] graph - <------- nonSkippedSpace
2021-11-19T10:24:06,281|[TRACE] graph - <----- statementPart
2021-11-19T10:24:06,281|[TRACE] graph - -----> statementPart
2021-11-19T10:24:06,281|[TRACE] graph - -------> quotedString
2021-11-19T10:24:06,281|[TRACE] script - #out(``bloodbank``) [token]
2021-11-19T10:24:06,281|[TRACE] graph - <------- quotedString
2021-11-19T10:24:06,281|[TRACE] graph - <----- statementPart
2021-11-19T10:24:06,281|[TRACE] graph - -----> statementPart
2021-11-19T10:24:06,281|[TRACE] graph - -------> nonSkippedChar
2021-11-19T10:24:06,281|[TRACE] script - #out(`.`) [token]
2021-11-19T10:24:06,281|[TRACE] graph - <------- nonSkippedChar
2021-11-19T10:24:06,281|[TRACE] graph - <----- statementPart
2021-11-19T10:24:06,281|[TRACE] graph - -----> statementPart
2021-11-19T10:24:06,281|[TRACE] graph - -------> quotedString
2021-11-19T10:24:06,281|[TRACE] script - #out(``contact``) [token]
2021-11-19T10:24:06,281|[TRACE] graph - <------- quotedString
2021-11-19T10:24:06,281|[TRACE] graph - <----- statementPart
2021-11-19T10:24:06,281|[TRACE] graph - -----> statementPart
2021-11-19T10:24:06,281|[TRACE] graph - -------> nonSkippedSpace
2021-11-19T10:24:06,281|[TRACE] script - #out(` `) [token]
2021-11-19T10:24:06,281|[TRACE] graph - <------- nonSkippedSpace
2021-11-19T10:24:06,281|[TRACE] graph - <----- statementPart
2021-11-19T10:24:06,281|[TRACE] graph - -----> statementPart
2021-11-19T10:24:06,281|[TRACE] graph - -------> nonSkippedChar
2021-11-19T10:24:06,281|[TRACE] script - #out(`(`) [token]
2021-11-19T10:24:06,281|[TRACE] graph - <------- nonSkippedChar
2021-11-19T10:24:06,281|[TRACE] graph - <----- statementPart
2021-11-19T10:24:06,281|[TRACE] graph - -----> afterStatementPartNewline
2021-11-19T10:24:06,281|[TRACE] script - #out(` `) [text]
2021-11-19T10:24:06,281|[TRACE] graph - <----- afterStatementPartNewline
2021-11-19T10:24:06,281|[TRACE] graph - -----> statementPart
2021-11-19T10:24:06,281|[TRACE] graph - -------> nonSkippedSpace
2021-11-19T10:24:06,281|[TRACE] script - #out(` `) [token]
2021-11-19T10:24:06,281|[TRACE] graph - <------- nonSkippedSpace
2021-11-19T10:24:06,281|[TRACE] graph - <----- statementPart
2021-11-19T10:24:06,281|[TRACE] graph - -----> statementPart
2021-11-19T10:24:06,281|[TRACE] graph - -------> nonSkippedSpace
2021-11-19T10:24:06,281|[TRACE] script - #out(` `) [token]
2021-11-19T10:24:06,281|[TRACE] graph - <------- nonSkippedSpace
2021-11-19T10:24:06,281|[TRACE] graph - <----- statementPart
2021-11-19T10:24:06,281|[TRACE] graph - -----> statementPart
2021-11-19T10:24:06,281|[TRACE] graph - -------> quotedString
2021-11-19T10:24:06,282|[TRACE] script - #out(``person_id``) [token]
2021-11-19T10:24:06,282|[TRACE] graph - <------- quotedString
2021-11-19T10:24:06,282|[TRACE] graph - <----- statementPart
2021-11-19T10:24:06,282|[TRACE] graph - -----> statementPart
2021-11-19T10:24:06,282|[TRACE] graph - -------> nonSkippedSpace
2021-11-19T10:24:06,282|[TRACE] script - #out(` `) [token]
2021-11-19T10:24:06,282|[TRACE] graph - <------- nonSkippedSpace
2021-11-19T10:24:06,282|[TRACE] graph - <----- statementPart
2021-11-19T10:24:06,282|[TRACE] graph - -----> statementPart
2021-11-19T10:24:06,282|[TRACE] graph - -------> nonSkippedChar
2021-11-19T10:24:06,282|[TRACE] script - #out(`I`) [token]
2021-11-19T10:24:06,282|[TRACE] graph - <------- nonSkippedChar
2021-11-19T10:24:06,282|[TRACE] graph - <----- statementPart
2021-11-19T10:24:06,282|[TRACE] graph - -----> statementPart
2021-11-19T10:24:06,282|[TRACE] graph - -------> nonSkippedChar
2021-11-19T10:24:06,282|[TRACE] script - #out(`N`) [token]
2021-11-19T10:24:06,282|[TRACE] graph - <------- nonSkippedChar
2021-11-19T10:24:06,282|[TRACE] graph - <----- statementPart
2021-11-19T10:24:06,282|[TRACE] graph - -----> statementPart
2021-11-19T10:24:06,282|[TRACE] graph - -------> nonSkippedChar
2021-11-19T10:24:06,282|[TRACE] script - #out(`T`) [token]
2021-11-19T10:24:06,282|[TRACE] graph - <------- nonSkippedChar
2021-11-19T10:24:06,282|[TRACE] graph - <----- statementPart
2021-11-19T10:24:06,282|[TRACE] graph - -----> statementPart
2021-11-19T10:24:06,282|[TRACE] graph - -------> nonSkippedSpace
2021-11-19T10:24:06,282|[TRACE] script - #out(` `) [token]
2021-11-19T10:24:06,282|[TRACE] graph - <------- nonSkippedSpace
2021-11-19T10:24:06,282|[TRACE] graph - <----- statementPart
2021-11-19T10:24:06,282|[TRACE] graph - -----> statementPart
2021-11-19T10:24:06,282|[TRACE] graph - -------> nonSkippedChar
2021-11-19T10:24:06,282|[TRACE] script - #out(`N`) [token]
2021-11-19T10:24:06,282|[TRACE] graph - <------- nonSkippedChar
2021-11-19T10:24:06,282|[TRACE] graph - <----- statementPart
2021-11-19T10:24:06,282|[TRACE] graph - -----> statementPart
2021-11-19T10:24:06,282|[TRACE] graph - -------> nonSkippedChar
2021-11-19T10:24:06,282|[TRACE] script - #out(`O`) [token]
2021-11-19T10:24:06,282|[TRACE] graph - <------- nonSkippedChar
2021-11-19T10:24:06,282|[TRACE] graph - <----- statementPart
2021-11-19T10:24:06,282|[TRACE] graph - -----> statementPart
2021-11-19T10:24:06,282|[TRACE] graph - -------> nonSkippedChar
2021-11-19T10:24:06,282|[TRACE] script - #out(`T`) [token]
2021-11-19T10:24:06,282|[TRACE] graph - <------- nonSkippedChar
2021-11-19T10:24:06,282|[TRACE] graph - <----- statementPart
2021-11-19T10:24:06,282|[TRACE] graph - -----> statementPart
2021-11-19T10:24:06,282|[TRACE] graph - -------> nonSkippedSpace
2021-11-19T10:24:06,282|[TRACE] script - #out(` `) [token]
2021-11-19T10:24:06,282|[TRACE] graph - <------- nonSkippedSpace
2021-11-19T10:24:06,282|[TRACE] graph - <----- statementPart
2021-11-19T10:24:06,282|[TRACE] graph - -----> statementPart
2021-11-19T10:24:06,282|[TRACE] graph - -------> nonSkippedChar
2021-11-19T10:24:06,282|[TRACE] script - #out(`N`) [token]
2021-11-19T10:24:06,282|[TRACE] graph - <------- nonSkippedChar
2021-11-19T10:24:06,282|[TRACE] graph - <----- statementPart
2021-11-19T10:24:06,282|[TRACE] graph - -----> statementPart
2021-11-19T10:24:06,282|[TRACE] graph - -------> nonSkippedChar
2021-11-19T10:24:06,282|[TRACE] script - #out(`U`) [token]
2021-11-19T10:24:06,282|[TRACE] graph - <------- nonSkippedChar
2021-11-19T10:24:06,282|[TRACE] graph - <----- statementPart
2021-11-19T10:24:06,282|[TRACE] graph - -----> statementPart
2021-11-19T10:24:06,282|[TRACE] graph - -------> nonSkippedChar
2021-11-19T10:24:06,282|[TRACE] script - #out(`L`) [token]
2021-11-19T10:24:06,282|[TRACE] graph - <------- nonSkippedChar
2021-11-19T10:24:06,282|[TRACE] graph - <----- statementPart
2021-11-19T10:24:06,282|[TRACE] graph - -----> statementPart
2021-11-19T10:24:06,282|[TRACE] graph - -------> nonSkippedChar
2021-11-19T10:24:06,282|[TRACE] script - #out(`L`) [token]
2021-11-19T10:24:06,282|[TRACE] graph - <------- nonSkippedChar
2021-11-19T10:24:06,282|[TRACE] graph - <----- statementPart
2021-11-19T10:24:06,282|[TRACE] graph - -----> statementPart
2021-11-19T10:24:06,282|[TRACE] graph - -------> nonSkippedChar
2021-11-19T10:24:06,338|[TRACE] script - #out(`,`) [token]
2021-11-19T10:24:06,338|[TRACE] graph - <------- nonSkippedChar
2021-11-19T10:24:06,338|[TRACE] graph - <----- statementPart
2021-11-19T10:24:06,338|[TRACE] graph - -----> afterStatementPartNewline
2021-11-19T10:24:06,338|[TRACE] script - #out(` `) [text]
2021-11-19T10:24:06,338|[TRACE] graph - <----- afterStatementPartNewline
2021-11-19T10:24:06,338|[TRACE] graph - -----> statementPart
2021-11-19T10:24:06,338|[TRACE] graph - -------> nonSkippedSpace
2021-11-19T10:24:06,338|[TRACE] script - #out(` `) [token]
2021-11-19T10:24:06,338|[TRACE] graph - <------- nonSkippedSpace
2021-11-19T10:24:06,338|[TRACE] graph - <----- statementPart
2021-11-19T10:24:06,338|[TRACE] graph - -----> statementPart
2021-11-19T10:24:06,338|[TRACE] graph - -------> nonSkippedSpace
2021-11-19T10:24:06,338|[TRACE] script - #out(` `) [token]
2021-11-19T10:24:06,338|[TRACE] graph - <------- nonSkippedSpace
2021-11-19T10:24:06,338|[TRACE] graph - <----- statementPart
2021-11-19T10:24:06,338|[TRACE] graph - -----> statementPart
2021-11-19T10:24:06,338|[TRACE] graph - -------> quotedString
2021-11-19T10:24:06,338|[TRACE] script - #out(``phone_id``) [token]
2021-11-19T10:24:06,338|[TRACE] graph - <------- quotedString
2021-11-19T10:24:06,338|[TRACE] graph - <----- statementPart
2021-11-19T10:24:06,338|[TRACE] graph - -----> statementPart
2021-11-19T10:24:06,338|[TRACE] graph - -------> nonSkippedSpace
2021-11-19T10:24:06,338|[TRACE] script - #out(` `) [token]
2021-11-19T10:24:06,338|[TRACE] graph - <------- nonSkippedSpace
2021-11-19T10:24:06,338|[TRACE] graph - <----- statementPart
2021-11-19T10:24:06,338|[TRACE] graph - -----> statementPart
2021-11-19T10:24:06,338|[TRACE] graph - -------> nonSkippedChar
2021-11-19T10:24:06,338|[TRACE] script - #out(`I`) [token]
2021-11-19T10:24:06,338|[TRACE] graph - <------- nonSkippedChar
2021-11-19T10:24:06,338|[TRACE] graph - <----- statementPart
2021-11-19T10:24:06,338|[TRACE] graph - -----> statementPart
2021-11-19T10:24:06,338|[TRACE] graph - -------> nonSkippedChar
2021-11-19T10:24:06,338|[TRACE] script - #out(`N`) [token]
2021-11-19T10:24:06,338|[TRACE] graph - <------- nonSkippedChar
2021-11-19T10:24:06,338|[TRACE] graph - <----- statementPart
2021-11-19T10:24:06,338|[TRACE] graph - -----> statementPart
2021-11-19T10:24:06,338|[TRACE] graph - -------> nonSkippedChar
2021-11-19T10:24:06,338|[TRACE] script - #out(`T`) [token]
2021-11-19T10:24:06,338|[TRACE] graph - <------- nonSkippedChar
2021-11-19T10:24:06,338|[TRACE] graph - <----- statementPart
2021-11-19T10:24:06,338|[TRACE] graph - -----> statementPart
2021-11-19T10:24:06,338|[TRACE] graph - -------> nonSkippedSpace
2021-11-19T10:24:06,338|[TRACE] script - #out(` `) [token]
2021-11-19T10:24:06,338|[TRACE] graph - <------- nonSkippedSpace
2021-11-19T10:24:06,338|[TRACE] graph - <----- statementPart
2021-11-19T10:24:06,338|[TRACE] graph - -----> statementPart
2021-11-19T10:24:06,338|[TRACE] graph - -------> nonSkippedChar
2021-11-19T10:24:06,338|[TRACE] script - #out(`N`) [token]
2021-11-19T10:24:06,338|[TRACE] graph - <------- nonSkippedChar
2021-11-19T10:24:06,338|[TRACE] graph - <----- statementPart
2021-11-19T10:24:06,338|[TRACE] graph - -----> statementPart
2021-11-19T10:24:06,338|[TRACE] graph - -------> nonSkippedChar
2021-11-19T10:24:06,338|[TRACE] script - #out(`O`) [token]
2021-11-19T10:24:06,338|[TRACE] graph - <------- nonSkippedChar
2021-11-19T10:24:06,338|[TRACE] graph - <----- statementPart
2021-11-19T10:24:06,338|[TRACE] graph - -----> statementPart
2021-11-19T10:24:06,338|[TRACE] graph - -------> nonSkippedChar
2021-11-19T10:24:06,338|[TRACE] script - #out(`T`) [token]
2021-11-19T10:24:06,338|[TRACE] graph - <------- nonSkippedChar
2021-11-19T10:24:06,338|[TRACE] graph - <----- statementPart
2021-11-19T10:24:06,338|[TRACE] graph - -----> statementPart
2021-11-19T10:24:06,338|[TRACE] graph - -------> nonSkippedSpace
2021-11-19T10:24:06,338|[TRACE] script - #out(` `) [token]
2021-11-19T10:24:06,338|[TRACE] graph - <------- nonSkippedSpace
2021-11-19T10:24:06,338|[TRACE] graph - <----- statementPart
2021-11-19T10:24:06,338|[TRACE] graph - -----> statementPart
2021-11-19T10:24:06,338|[TRACE] graph - -------> nonSkippedChar
2021-11-19T10:24:06,338|[TRACE] script - #out(`N`) [token]
2021-11-19T10:24:06,338|[TRACE] graph - <------- nonSkippedChar
2021-11-19T10:24:06,338|[TRACE] graph - <----- statementPart
2021-11-19T10:24:06,339|[TRACE] graph - -----> statementPart
2021-11-19T10:24:06,339|[TRACE] graph - -------> nonSkippedChar
2021-11-19T10:24:06,339|[TRACE] script - #out(`U`) [token]
2021-11-19T10:24:06,339|[TRACE] graph - <------- nonSkippedChar
2021-11-19T10:24:06,339|[TRACE] graph - <----- statementPart
2021-11-19T10:24:06,339|[TRACE] graph - -----> statementPart
2021-11-19T10:24:06,339|[TRACE] graph - -------> nonSkippedChar
2021-11-19T10:24:06,339|[TRACE] script - #out(`L`) [token]
2021-11-19T10:24:06,339|[TRACE] graph - <------- nonSkippedChar
2021-11-19T10:24:06,339|[TRACE] graph - <----- statementPart
2021-11-19T10:24:06,339|[TRACE] graph - -----> statementPart
2021-11-19T10:24:06,339|[TRACE] graph - -------> nonSkippedChar
2021-11-19T10:24:06,339|[TRACE] script - #out(`L`) [token]
2021-11-19T10:24:06,339|[TRACE] graph - <------- nonSkippedChar
2021-11-19T10:24:06,339|[TRACE] graph - <----- statementPart
2021-11-19T10:24:06,339|[TRACE] graph - -----> statementPart
2021-11-19T10:24:06,339|[TRACE] graph - -------> nonSkippedChar
2021-11-19T10:24:06,339|[TRACE] script - #out(`,`) [token]
2021-11-19T10:24:06,339|[TRACE] graph - <------- nonSkippedChar
2021-11-19T10:24:06,339|[TRACE] graph - <----- statementPart
2021-11-19T10:24:06,339|[TRACE] graph - -----> afterStatementPartNewline
2021-11-19T10:24:06,339|[TRACE] script - #out(` `) [text]
2021-11-19T10:24:06,339|[TRACE] graph - <----- afterStatementPartNewline
2021-11-19T10:24:06,339|[TRACE] graph - -----> statementPart
2021-11-19T10:24:06,339|[TRACE] graph - -------> nonSkippedSpace
2021-11-19T10:24:06,339|[TRACE] script - #out(` `) [token]
2021-11-19T10:24:06,339|[TRACE] graph - <------- nonSkippedSpace
2021-11-19T10:24:06,339|[TRACE] graph - <----- statementPart
2021-11-19T10:24:06,339|[TRACE] graph - -----> statementPart
2021-11-19T10:24:06,339|[TRACE] graph - -------> nonSkippedSpace
2021-11-19T10:24:06,339|[TRACE] script - #out(` `) [token]
2021-11-19T10:24:06,339|[TRACE] graph - <------- nonSkippedSpace
2021-11-19T10:24:06,339|[TRACE] graph - <----- statementPart
2021-11-19T10:24:06,339|[TRACE] graph - -----> statementPart
2021-11-19T10:24:06,339|[TRACE] graph - -------> quotedString
2021-11-19T10:24:06,339|[TRACE] script - #out(``contact_type``) [token]
2021-11-19T10:24:06,339|[TRACE] graph - <------- quotedString
2021-11-19T10:24:06,339|[TRACE] graph - <----- statementPart
2021-11-19T10:24:06,339|[TRACE] graph - -----> statementPart
2021-11-19T10:24:06,339|[TRACE] graph - -------> nonSkippedSpace
2021-11-19T10:24:06,339|[TRACE] script - #out(` `) [token]
2021-11-19T10:24:06,339|[TRACE] graph - <------- nonSkippedSpace
2021-11-19T10:24:06,339|[TRACE] graph - <----- statementPart
2021-11-19T10:24:06,339|[TRACE] graph - -----> statementPart
2021-11-19T10:24:06,339|[TRACE] graph - -------> nonSkippedChar
2021-11-19T10:24:06,339|[TRACE] script - #out(`V`) [token]
2021-11-19T10:24:06,339|[TRACE] graph - <------- nonSkippedChar
2021-11-19T10:24:06,339|[TRACE] graph - <----- statementPart
2021-11-19T10:24:06,339|[TRACE] graph - -----> statementPart
2021-11-19T10:24:06,339|[TRACE] graph - -------> nonSkippedChar
2021-11-19T10:24:06,339|[TRACE] script - #out(`A`) [token]
2021-11-19T10:24:06,339|[TRACE] graph - <------- nonSkippedChar
2021-11-19T10:24:06,339|[TRACE] graph - <----- statementPart
2021-11-19T10:24:06,339|[TRACE] graph - -----> statementPart
2021-11-19T10:24:06,339|[TRACE] graph - -------> nonSkippedChar
2021-11-19T10:24:06,339|[TRACE] script - #out(`R`) [token]
2021-11-19T10:24:06,339|[TRACE] graph - <------- nonSkippedChar
2021-11-19T10:24:06,339|[TRACE] graph - <----- statementPart
2021-11-19T10:24:06,339|[TRACE] graph - -----> statementPart
2021-11-19T10:24:06,339|[TRACE] graph - -------> nonSkippedChar
2021-11-19T10:24:06,339|[TRACE] script - #out(`C`) [token]
2021-11-19T10:24:06,339|[TRACE] graph - <------- nonSkippedChar
2021-11-19T10:24:06,339|[TRACE] graph - <----- statementPart
2021-11-19T10:24:06,339|[TRACE] graph - -----> statementPart
2021-11-19T10:24:06,339|[TRACE] graph - -------> nonSkippedChar
2021-11-19T10:24:06,339|[TRACE] script - #out(`H`) [token]
2021-11-19T10:24:06,339|[TRACE] graph - <------- nonSkippedChar
2021-11-19T10:24:06,339|[TRACE] graph - <----- statementPart
2021-11-19T10:24:06,339|[TRACE] graph - -----> statementPart
2021-11-19T10:24:06,339|[TRACE] graph - -------> nonSkippedChar
2021-11-19T10:24:06,339|[TRACE] script - #out(`A`) [token]
2021-11-19T10:24:06,339|[TRACE] graph - <------- nonSkippedChar
2021-11-19T10:24:06,339|[TRACE] graph - <----- statementPart
2021-11-19T10:24:06,339|[TRACE] graph - -----> statementPart
2021-11-19T10:24:06,339|[TRACE] graph - -------> nonSkippedChar
2021-11-19T10:24:06,339|[TRACE] script - #out(`R`) [token]
2021-11-19T10:24:06,339|[TRACE] graph - <------- nonSkippedChar
2021-11-19T10:24:06,339|[TRACE] graph - <----- statementPart
2021-11-19T10:24:06,339|[TRACE] graph - -----> statementPart
2021-11-19T10:24:06,339|[TRACE] graph - -------> nonSkippedChar
2021-11-19T10:24:06,339|[TRACE] script - #out(`(`) [token]
2021-11-19T10:24:06,339|[TRACE] graph - <------- nonSkippedChar
2021-11-19T10:24:06,339|[TRACE] graph - <----- statementPart
2021-11-19T10:24:06,339|[TRACE] graph - -----> statementPart
2021-11-19T10:24:06,339|[TRACE] graph - -------> nonSkippedChar
2021-11-19T10:24:06,339|[TRACE] script - #out(`1`) [token]
2021-11-19T10:24:06,339|[TRACE] graph - <------- nonSkippedChar
2021-11-19T10:24:06,339|[TRACE] graph - <----- statementPart
2021-11-19T10:24:06,339|[TRACE] graph - -----> statementPart
2021-11-19T10:24:06,339|[TRACE] graph - -------> nonSkippedChar
2021-11-19T10:24:06,339|[TRACE] script - #out(`0`) [token]
2021-11-19T10:24:06,339|[TRACE] graph - <------- nonSkippedChar
2021-11-19T10:24:06,339|[TRACE] graph - <----- statementPart
2021-11-19T10:24:06,339|[TRACE] graph - -----> statementPart
2021-11-19T10:24:06,339|[TRACE] graph - -------> nonSkippedChar
2021-11-19T10:24:06,339|[TRACE] script - #out(`)`) [token]
2021-11-19T10:24:06,339|[TRACE] graph - <------- nonSkippedChar
2021-11-19T10:24:06,339|[TRACE] graph - <----- statementPart
2021-11-19T10:24:06,339|[TRACE] graph - -----> statementPart
2021-11-19T10:24:06,339|[TRACE] graph - -------> nonSkippedSpace
2021-11-19T10:24:06,339|[TRACE] script - #out(` `) [token]
2021-11-19T10:24:06,339|[TRACE] graph - <------- nonSkippedSpace
2021-11-19T10:24:06,339|[TRACE] graph - <----- statementPart
2021-11-19T10:24:06,339|[TRACE] graph - -----> statementPart
2021-11-19T10:24:06,339|[TRACE] graph - -------> nonSkippedChar
2021-11-19T10:24:06,339|[TRACE] script - #out(`N`) [token]
2021-11-19T10:24:06,339|[TRACE] graph - <------- nonSkippedChar
2021-11-19T10:24:06,339|[TRACE] graph - <----- statementPart
2021-11-19T10:24:06,339|[TRACE] graph - -----> statementPart
2021-11-19T10:24:06,339|[TRACE] graph - -------> nonSkippedChar
2021-11-19T10:24:06,339|[TRACE] script - #out(`O`) [token]
2021-11-19T10:24:06,339|[TRACE] graph - <------- nonSkippedChar
2021-11-19T10:24:06,339|[TRACE] graph - <----- statementPart
2021-11-19T10:24:06,339|[TRACE] graph - -----> statementPart
2021-11-19T10:24:06,339|[TRACE] graph - -------> nonSkippedChar
2021-11-19T10:24:06,339|[TRACE] script - #out(`T`) [token]
2021-11-19T10:24:06,339|[TRACE] graph - <------- nonSkippedChar
2021-11-19T10:24:06,339|[TRACE] graph - <----- statementPart
2021-11-19T10:24:06,339|[TRACE] graph - -----> statementPart
2021-11-19T10:24:06,339|[TRACE] graph - -------> nonSkippedSpace
2021-11-19T10:24:06,339|[TRACE] script - #out(` `) [token]
2021-11-19T10:24:06,339|[TRACE] graph - <------- nonSkippedSpace
2021-11-19T10:24:06,339|[TRACE] graph - <----- statementPart
2021-11-19T10:24:06,339|[TRACE] graph - -----> statementPart
2021-11-19T10:24:06,339|[TRACE] graph - -------> nonSkippedChar
2021-11-19T10:24:06,339|[TRACE] script - #out(`N`) [token]
2021-11-19T10:24:06,339|[TRACE] graph - <------- nonSkippedChar
2021-11-19T10:24:06,339|[TRACE] graph - <----- statementPart
2021-11-19T10:24:06,339|[TRACE] graph - -----> statementPart
2021-11-19T10:24:06,339|[TRACE] graph - -------> nonSkippedChar
2021-11-19T10:24:06,339|[TRACE] script - #out(`U`) [token]
2021-11-19T10:24:06,339|[TRACE] graph - <------- nonSkippedChar
2021-11-19T10:24:06,339|[TRACE] graph - <----- statementPart
2021-11-19T10:24:06,339|[TRACE] graph - -----> statementPart
2021-11-19T10:24:06,339|[TRACE] graph - -------> nonSkippedChar
2021-11-19T10:24:06,339|[TRACE] script - #out(`L`) [token]
2021-11-19T10:24:06,339|[TRACE] graph - <------- nonSkippedChar
2021-11-19T10:24:06,339|[TRACE] graph - <----- statementPart
2021-11-19T10:24:06,339|[TRACE] graph - -----> statementPart
2021-11-19T10:24:06,339|[TRACE] graph - -------> nonSkippedChar
2021-11-19T10:24:06,339|[TRACE] script - #out(`L`) [token]
2021-11-19T10:24:06,339|[TRACE] graph - <------- nonSkippedChar
2021-11-19T10:24:06,339|[TRACE] graph - <----- statementPart
2021-11-19T10:24:06,339|[TRACE] graph - -----> statementPart
2021-11-19T10:24:06,339|[TRACE] graph - -------> nonSkippedChar
2021-11-19T10:24:06,339|[TRACE] script - #out(`,`) [token]
2021-11-19T10:24:06,339|[TRACE] graph - <------- nonSkippedChar
2021-11-19T10:24:06,339|[TRACE] graph - <----- statementPart
2021-11-19T10:24:06,339|[TRACE] graph - -----> afterStatementPartNewline
2021-11-19T10:24:06,339|[TRACE] script - #out(` `) [text]
2021-11-19T10:24:06,339|[TRACE] graph - <----- afterStatementPartNewline
2021-11-19T10:24:06,339|[TRACE] graph - -----> statementPart
2021-11-19T10:24:06,339|[TRACE] graph - -------> nonSkippedSpace
2021-11-19T10:24:06,339|[TRACE] script - #out(` `) [token]
2021-11-19T10:24:06,339|[TRACE] graph - <------- nonSkippedSpace
2021-11-19T10:24:06,339|[TRACE] graph - <----- statementPart
2021-11-19T10:24:06,339|[TRACE] graph - -----> statementPart
2021-11-19T10:24:06,339|[TRACE] graph - -------> nonSkippedSpace
2021-11-19T10:24:06,339|[TRACE] script - #out(` `) [token]
2021-11-19T10:24:06,339|[TRACE] graph - <------- nonSkippedSpace
2021-11-19T10:24:06,339|[TRACE] graph - <----- statementPart
2021-11-19T10:24:06,339|[TRACE] graph - -----> statementPart
2021-11-19T10:24:06,339|[TRACE] graph - -------> quotedString
2021-11-19T10:24:06,339|[TRACE] script - #out(``email``) [token]
2021-11-19T10:24:06,339|[TRACE] graph - <------- quotedString
2021-11-19T10:24:06,339|[TRACE] graph - <----- statementPart
2021-11-19T10:24:06,339|[TRACE] graph - -----> statementPart
2021-11-19T10:24:06,339|[TRACE] graph - -------> nonSkippedSpace
2021-11-19T10:24:06,339|[TRACE] script - #out(` `) [token]
2021-11-19T10:24:06,339|[TRACE] graph - <------- nonSkippedSpace
2021-11-19T10:24:06,339|[TRACE] graph - <----- statementPart
2021-11-19T10:24:06,339|[TRACE] graph - -----> statementPart
2021-11-19T10:24:06,339|[TRACE] graph - -------> nonSkippedChar
2021-11-19T10:24:06,339|[TRACE] script - #out(`V`) [token]
2021-11-19T10:24:06,339|[TRACE] graph - <------- nonSkippedChar
2021-11-19T10:24:06,339|[TRACE] graph - <----- statementPart
2021-11-19T10:24:06,339|[TRACE] graph - -----> statementPart
2021-11-19T10:24:06,339|[TRACE] graph - -------> nonSkippedChar
2021-11-19T10:24:06,339|[TRACE] script - #out(`A`) [token]
2021-11-19T10:24:06,339|[TRACE] graph - <------- nonSkippedChar
2021-11-19T10:24:06,339|[TRACE] graph - <----- statementPart
2021-11-19T10:24:06,339|[TRACE] graph - -----> statementPart
2021-11-19T10:24:06,339|[TRACE] graph - -------> nonSkippedChar
2021-11-19T10:24:06,339|[TRACE] script - #out(`R`) [token]
2021-11-19T10:24:06,339|[TRACE] graph - <------- nonSkippedChar
2021-11-19T10:24:06,339|[TRACE] graph - <----- statementPart
2021-11-19T10:24:06,339|[TRACE] graph - -----> statementPart
2021-11-19T10:24:06,339|[TRACE] graph - -------> nonSkippedChar
2021-11-19T10:24:06,339|[TRACE] script - #out(`C`) [token]
2021-11-19T10:24:06,339|[TRACE] graph - <------- nonSkippedChar
2021-11-19T10:24:06,339|[TRACE] graph - <----- statementPart
2021-11-19T10:24:06,339|[TRACE] graph - -----> statementPart
2021-11-19T10:24:06,339|[TRACE] graph - -------> nonSkippedChar
2021-11-19T10:24:06,339|[TRACE] script - #out(`H`) [token]
2021-11-19T10:24:06,339|[TRACE] graph - <------- nonSkippedChar
2021-11-19T10:24:06,339|[TRACE] graph - <----- statementPart
2021-11-19T10:24:06,339|[TRACE] graph - -----> statementPart
2021-11-19T10:24:06,339|[TRACE] graph - -------> nonSkippedChar
2021-11-19T10:24:06,339|[TRACE] script - #out(`A`) [token]
2021-11-19T10:24:06,339|[TRACE] graph - <------- nonSkippedChar
2021-11-19T10:24:06,339|[TRACE] graph - <----- statementPart
2021-11-19T10:24:06,339|[TRACE] graph - -----> statementPart
2021-11-19T10:24:06,339|[TRACE] graph - -------> nonSkippedChar
2021-11-19T10:24:06,339|[TRACE] script - #out(`R`) [token]
2021-11-19T10:24:06,339|[TRACE] graph - <------- nonSkippedChar
2021-11-19T10:24:06,339|[TRACE] graph - <----- statementPart
2021-11-19T10:24:06,339|[TRACE] graph - -----> statementPart
2021-11-19T10:24:06,339|[TRACE] graph - -------> nonSkippedChar
2021-11-19T10:24:06,339|[TRACE] script - #out(`(`) [token]
2021-11-19T10:24:06,339|[TRACE] graph - <------- nonSkippedChar
2021-11-19T10:24:06,339|[TRACE] graph - <----- statementPart
2021-11-19T10:24:06,339|[TRACE] graph - -----> statementPart
2021-11-19T10:24:06,339|[TRACE] graph - -------> nonSkippedChar
2021-11-19T10:24:06,339|[TRACE] script - #out(`1`) [token]
2021-11-19T10:24:06,339|[TRACE] graph - <------- nonSkippedChar
2021-11-19T10:24:06,339|[TRACE] graph - <----- statementPart
2021-11-19T10:24:06,339|[TRACE] graph - -----> statementPart
2021-11-19T10:24:06,339|[TRACE] graph - -------> nonSkippedChar
2021-11-19T10:24:06,339|[TRACE] script - #out(`0`) [token]
2021-11-19T10:24:06,339|[TRACE] graph - <------- nonSkippedChar
2021-11-19T10:24:06,339|[TRACE] graph - <----- statementPart
2021-11-19T10:24:06,339|[TRACE] graph - -----> statementPart
2021-11-19T10:24:06,339|[TRACE] graph - -------> nonSkippedChar
2021-11-19T10:24:06,339|[TRACE] script - #out(`0`) [token]
2021-11-19T10:24:06,339|[TRACE] graph - <------- nonSkippedChar
2021-11-19T10:24:06,339|[TRACE] graph - <----- statementPart
2021-11-19T10:24:06,339|[TRACE] graph - -----> statementPart
2021-11-19T10:24:06,339|[TRACE] graph - -------> nonSkippedChar
2021-11-19T10:24:06,339|[TRACE] script - #out(`)`) [token]
2021-11-19T10:24:06,339|[TRACE] graph - <------- nonSkippedChar
2021-11-19T10:24:06,339|[TRACE] graph - <----- statementPart
2021-11-19T10:24:06,339|[TRACE] graph - -----> statementPart
2021-11-19T10:24:06,339|[TRACE] graph - -------> nonSkippedSpace
2021-11-19T10:24:06,339|[TRACE] script - #out(` `) [token]
2021-11-19T10:24:06,339|[TRACE] graph - <------- nonSkippedSpace
2021-11-19T10:24:06,339|[TRACE] graph - <----- statementPart
2021-11-19T10:24:06,339|[TRACE] graph - -----> statementPart
2021-11-19T10:24:06,339|[TRACE] graph - -------> nonSkippedChar
2021-11-19T10:24:06,339|[TRACE] script - #out(`N`) [token]
2021-11-19T10:24:06,339|[TRACE] graph - <------- nonSkippedChar
2021-11-19T10:24:06,339|[TRACE] graph - <----- statementPart
2021-11-19T10:24:06,339|[TRACE] graph - -----> statementPart
2021-11-19T10:24:06,339|[TRACE] graph - -------> nonSkippedChar
2021-11-19T10:24:06,339|[TRACE] script - #out(`U`) [token]
2021-11-19T10:24:06,339|[TRACE] graph - <------- nonSkippedChar
2021-11-19T10:24:06,339|[TRACE] graph - <----- statementPart
2021-11-19T10:24:06,339|[TRACE] graph - -----> statementPart
2021-11-19T10:24:06,339|[TRACE] graph - -------> nonSkippedChar
2021-11-19T10:24:06,339|[TRACE] script - #out(`L`) [token]
2021-11-19T10:24:06,339|[TRACE] graph - <------- nonSkippedChar
2021-11-19T10:24:06,339|[TRACE] graph - <----- statementPart
2021-11-19T10:24:06,339|[TRACE] graph - -----> statementPart
2021-11-19T10:24:06,339|[TRACE] graph - -------> nonSkippedChar
2021-11-19T10:24:06,339|[TRACE] script - #out(`L`) [token]
2021-11-19T10:24:06,339|[TRACE] graph - <------- nonSkippedChar
2021-11-19T10:24:06,339|[TRACE] graph - <----- statementPart
2021-11-19T10:24:06,339|[TRACE] graph - -----> statementPart
2021-11-19T10:24:06,339|[TRACE] graph - -------> nonSkippedChar
2021-11-19T10:24:06,339|[TRACE] script - #out(`,`) [token]
2021-11-19T10:24:06,339|[TRACE] graph - <------- nonSkippedChar
2021-11-19T10:24:06,339|[TRACE] graph - <----- statementPart
2021-11-19T10:24:06,339|[TRACE] graph - -----> afterStatementPartNewline
2021-11-19T10:24:06,339|[TRACE] script - #out(` `) [text]
2021-11-19T10:24:06,339|[TRACE] graph - <----- afterStatementPartNewline
2021-11-19T10:24:06,339|[TRACE] graph - -----> statementPart
2021-11-19T10:24:06,339|[TRACE] graph - -------> nonSkippedSpace
2021-11-19T10:24:06,339|[TRACE] script - #out(` `) [token]
2021-11-19T10:24:06,339|[TRACE] graph - <------- nonSkippedSpace
2021-11-19T10:24:06,339|[TRACE] graph - <----- statementPart
2021-11-19T10:24:06,339|[TRACE] graph - -----> statementPart
2021-11-19T10:24:06,339|[TRACE] graph - -------> nonSkippedSpace
2021-11-19T10:24:06,339|[TRACE] script - #out(` `) [token]
2021-11-19T10:24:06,339|[TRACE] graph - <------- nonSkippedSpace
2021-11-19T10:24:06,339|[TRACE] graph - <----- statementPart
2021-11-19T10:24:06,339|[TRACE] graph - -----> statementPart
2021-11-19T10:24:06,339|[TRACE] graph - -------> quotedString
2021-11-19T10:24:06,339|[TRACE] script - #out(``address_id``) [token]
2021-11-19T10:24:06,339|[TRACE] graph - <------- quotedString
2021-11-19T10:24:06,339|[TRACE] graph - <----- statementPart
2021-11-19T10:24:06,339|[TRACE] graph - -----> statementPart
2021-11-19T10:24:06,339|[TRACE] graph - -------> nonSkippedSpace
2021-11-19T10:24:06,339|[TRACE] script - #out(` `) [token]
2021-11-19T10:24:06,339|[TRACE] graph - <------- nonSkippedSpace
2021-11-19T10:24:06,339|[TRACE] graph - <----- statementPart
2021-11-19T10:24:06,339|[TRACE] graph - -----> statementPart
2021-11-19T10:24:06,339|[TRACE] graph - -------> nonSkippedChar
2021-11-19T10:24:06,339|[TRACE] script - #out(`I`) [token]
2021-11-19T10:24:06,339|[TRACE] graph - <------- nonSkippedChar
2021-11-19T10:24:06,339|[TRACE] graph - <----- statementPart
2021-11-19T10:24:06,339|[TRACE] graph - -----> statementPart
2021-11-19T10:24:06,339|[TRACE] graph - -------> nonSkippedChar
2021-11-19T10:24:06,339|[TRACE] script - #out(`N`) [token]
2021-11-19T10:24:06,339|[TRACE] graph - <------- nonSkippedChar
2021-11-19T10:24:06,340|[TRACE] graph - <----- statementPart
2021-11-19T10:24:06,340|[TRACE] graph - -----> statementPart
2021-11-19T10:24:06,340|[TRACE] graph - -------> nonSkippedChar
2021-11-19T10:24:06,340|[TRACE] script - #out(`T`) [token]
2021-11-19T10:24:06,340|[TRACE] graph - <------- nonSkippedChar
2021-11-19T10:24:06,340|[TRACE] graph - <----- statementPart
2021-11-19T10:24:06,340|[TRACE] graph - -----> statementPart
2021-11-19T10:24:06,340|[TRACE] graph - -------> nonSkippedSpace
2021-11-19T10:24:06,340|[TRACE] script - #out(` `) [token]
2021-11-19T10:24:06,340|[TRACE] graph - <------- nonSkippedSpace
2021-11-19T10:24:06,340|[TRACE] graph - <----- statementPart
2021-11-19T10:24:06,340|[TRACE] graph - -----> statementPart
2021-11-19T10:24:06,340|[TRACE] graph - -------> nonSkippedChar
2021-11-19T10:24:06,340|[TRACE] script - #out(`N`) [token]
2021-11-19T10:24:06,340|[TRACE] graph - <------- nonSkippedChar
2021-11-19T10:24:06,340|[TRACE] graph - <----- statementPart
2021-11-19T10:24:06,340|[TRACE] graph - -----> statementPart
2021-11-19T10:24:06,340|[TRACE] graph - -------> nonSkippedChar
2021-11-19T10:24:06,340|[TRACE] script - #out(`U`) [token]
2021-11-19T10:24:06,340|[TRACE] graph - <------- nonSkippedChar
2021-11-19T10:24:06,340|[TRACE] graph - <----- statementPart
2021-11-19T10:24:06,340|[TRACE] graph - -----> statementPart
2021-11-19T10:24:06,340|[TRACE] graph - -------> nonSkippedChar
2021-11-19T10:24:06,340|[TRACE] script - #out(`L`) [token]
2021-11-19T10:24:06,340|[TRACE] graph - <------- nonSkippedChar
2021-11-19T10:24:06,340|[TRACE] graph - <----- statementPart
2021-11-19T10:24:06,340|[TRACE] graph - -----> statementPart
2021-11-19T10:24:06,340|[TRACE] graph - -------> nonSkippedChar
2021-11-19T10:24:06,340|[TRACE] script - #out(`L`) [token]
2021-11-19T10:24:06,340|[TRACE] graph - <------- nonSkippedChar
2021-11-19T10:24:06,340|[TRACE] graph - <----- statementPart
2021-11-19T10:24:06,340|[TRACE] graph - -----> statementPart
2021-11-19T10:24:06,340|[TRACE] graph - -------> nonSkippedChar
2021-11-19T10:24:06,340|[TRACE] script - #out(`,`) [token]
2021-11-19T10:24:06,340|[TRACE] graph - <------- nonSkippedChar
2021-11-19T10:24:06,340|[TRACE] graph - <----- statementPart
2021-11-19T10:24:06,340|[TRACE] graph - -----> afterStatementPartNewline
2021-11-19T10:24:06,340|[TRACE] script - #out(` `) [text]
2021-11-19T10:24:06,340|[TRACE] graph - <----- afterStatementPartNewline
2021-11-19T10:24:06,340|[TRACE] graph - -----> statementPart
2021-11-19T10:24:06,340|[TRACE] graph - -------> nonSkippedSpace
2021-11-19T10:24:06,340|[TRACE] script - #out(` `) [token]
2021-11-19T10:24:06,340|[TRACE] graph - <------- nonSkippedSpace
2021-11-19T10:24:06,340|[TRACE] graph - <----- statementPart
2021-11-19T10:24:06,340|[TRACE] graph - -----> statementPart
2021-11-19T10:24:06,340|[TRACE] graph - -------> nonSkippedSpace
2021-11-19T10:24:06,340|[TRACE] script - #out(` `) [token]
2021-11-19T10:24:06,340|[TRACE] graph - <------- nonSkippedSpace
2021-11-19T10:24:06,340|[TRACE] graph - <----- statementPart
2021-11-19T10:24:06,340|[TRACE] graph - -----> statementPart
2021-11-19T10:24:06,340|[TRACE] graph - -------> quotedString
2021-11-19T10:24:06,340|[TRACE] script - #out(``created``) [token]
2021-11-19T10:24:06,340|[TRACE] graph - <------- quotedString
2021-11-19T10:24:06,340|[TRACE] graph - <----- statementPart
2021-11-19T10:24:06,340|[TRACE] graph - -----> statementPart
2021-11-19T10:24:06,340|[TRACE] graph - -------> nonSkippedSpace
2021-11-19T10:24:06,340|[TRACE] script - #out(` `) [token]
2021-11-19T10:24:06,340|[TRACE] graph - <------- nonSkippedSpace
2021-11-19T10:24:06,340|[TRACE] graph - <----- statementPart
2021-11-19T10:24:06,340|[TRACE] graph - -----> statementPart
2021-11-19T10:24:06,340|[TRACE] graph - -------> nonSkippedChar
2021-11-19T10:24:06,340|[TRACE] script - #out(`B`) [token]
2021-11-19T10:24:06,340|[TRACE] graph - <------- nonSkippedChar
2021-11-19T10:24:06,340|[TRACE] graph - <----- statementPart
2021-11-19T10:24:06,340|[TRACE] graph - -----> statementPart
2021-11-19T10:24:06,340|[TRACE] graph - -------> nonSkippedChar
2021-11-19T10:24:06,340|[TRACE] script - #out(`I`) [token]
2021-11-19T10:24:06,340|[TRACE] graph - <------- nonSkippedChar
2021-11-19T10:24:06,340|[TRACE] graph - <----- statementPart
2021-11-19T10:24:06,340|[TRACE] graph - -----> statementPart
2021-11-19T10:24:06,340|[TRACE] graph - -------> nonSkippedChar
2021-11-19T10:24:06,340|[TRACE] script - #out(`G`) [token]
2021-11-19T10:24:06,340|[TRACE] graph - <------- nonSkippedChar
2021-11-19T10:24:06,340|[TRACE] graph - <----- statementPart
2021-11-19T10:24:06,340|[TRACE] graph - -----> statementPart
2021-11-19T10:24:06,340|[TRACE] graph - -------> nonSkippedChar
2021-11-19T10:24:06,340|[TRACE] script - #out(`I`) [token]
2021-11-19T10:24:06,340|[TRACE] graph - <------- nonSkippedChar
2021-11-19T10:24:06,340|[TRACE] graph - <----- statementPart
2021-11-19T10:24:06,340|[TRACE] graph - -----> statementPart
2021-11-19T10:24:06,340|[TRACE] graph - -------> nonSkippedChar
2021-11-19T10:24:06,340|[TRACE] script - #out(`N`) [token]
2021-11-19T10:24:06,340|[TRACE] graph - <------- nonSkippedChar
2021-11-19T10:24:06,340|[TRACE] graph - <----- statementPart
2021-11-19T10:24:06,340|[TRACE] graph - -----> statementPart
2021-11-19T10:24:06,340|[TRACE] graph - -------> nonSkippedChar
2021-11-19T10:24:06,340|[TRACE] script - #out(`T`) [token]
2021-11-19T10:24:06,340|[TRACE] graph - <------- nonSkippedChar
2021-11-19T10:24:06,340|[TRACE] graph - <----- statementPart
2021-11-19T10:24:06,340|[TRACE] graph - -----> statementPart
2021-11-19T10:24:06,340|[TRACE] graph - -------> nonSkippedSpace
2021-11-19T10:24:06,340|[TRACE] script - #out(` `) [token]
2021-11-19T10:24:06,340|[TRACE] graph - <------- nonSkippedSpace
2021-11-19T10:24:06,340|[TRACE] graph - <----- statementPart
2021-11-19T10:24:06,340|[TRACE] graph - -----> statementPart
2021-11-19T10:24:06,340|[TRACE] graph - -------> nonSkippedChar
2021-11-19T10:24:06,340|[TRACE] script - #out(`N`) [token]
2021-11-19T10:24:06,340|[TRACE] graph - <------- nonSkippedChar
2021-11-19T10:24:06,340|[TRACE] graph - <----- statementPart
2021-11-19T10:24:06,340|[TRACE] graph - -----> statementPart
2021-11-19T10:24:06,396|[TRACE] graph - -------> nonSkippedChar
2021-11-19T10:24:06,396|[TRACE] script - #out(`O`) [token]
2021-11-19T10:24:06,396|[TRACE] graph - <------- nonSkippedChar
2021-11-19T10:24:06,396|[TRACE] graph - <----- statementPart
2021-11-19T10:24:06,396|[TRACE] graph - -----> statementPart
2021-11-19T10:24:06,396|[TRACE] graph - -------> nonSkippedChar
2021-11-19T10:24:06,396|[TRACE] script - #out(`T`) [token]
2021-11-19T10:24:06,396|[TRACE] graph - <------- nonSkippedChar
2021-11-19T10:24:06,396|[TRACE] graph - <----- statementPart
2021-11-19T10:24:06,396|[TRACE] graph - -----> statementPart
2021-11-19T10:24:06,396|[TRACE] graph - -------> nonSkippedSpace
2021-11-19T10:24:06,396|[TRACE] script - #out(` `) [token]
2021-11-19T10:24:06,396|[TRACE] graph - <------- nonSkippedSpace
2021-11-19T10:24:06,396|[TRACE] graph - <----- statementPart
2021-11-19T10:24:06,396|[TRACE] graph - -----> statementPart
2021-11-19T10:24:06,396|[TRACE] graph - -------> nonSkippedChar
2021-11-19T10:24:06,396|[TRACE] script - #out(`N`) [token]
2021-11-19T10:24:06,396|[TRACE] graph - <------- nonSkippedChar
2021-11-19T10:24:06,396|[TRACE] graph - <----- statementPart
2021-11-19T10:24:06,396|[TRACE] graph - -----> statementPart
2021-11-19T10:24:06,396|[TRACE] graph - -------> nonSkippedChar
2021-11-19T10:24:06,396|[TRACE] script - #out(`U`) [token]
2021-11-19T10:24:06,396|[TRACE] graph - <------- nonSkippedChar
2021-11-19T10:24:06,396|[TRACE] graph - <----- statementPart
2021-11-19T10:24:06,396|[TRACE] graph - -----> statementPart
2021-11-19T10:24:06,396|[TRACE] graph - -------> nonSkippedChar
2021-11-19T10:24:06,396|[TRACE] script - #out(`L`) [token]
2021-11-19T10:24:06,396|[TRACE] graph - <------- nonSkippedChar
2021-11-19T10:24:06,396|[TRACE] graph - <----- statementPart
2021-11-19T10:24:06,396|[TRACE] graph - -----> statementPart
2021-11-19T10:24:06,396|[TRACE] graph - -------> nonSkippedChar
2021-11-19T10:24:06,396|[TRACE] script - #out(`L`) [token]
2021-11-19T10:24:06,396|[TRACE] graph - <------- nonSkippedChar
2021-11-19T10:24:06,396|[TRACE] graph - <----- statementPart
2021-11-19T10:24:06,396|[TRACE] graph - -----> statementPart
2021-11-19T10:24:06,396|[TRACE] graph - -------> nonSkippedSpace
2021-11-19T10:24:06,396|[TRACE] script - #out(` `) [token]
2021-11-19T10:24:06,396|[TRACE] graph - <------- nonSkippedSpace
2021-11-19T10:24:06,396|[TRACE] graph - <----- statementPart
2021-11-19T10:24:06,396|[TRACE] graph - -----> statementPart
2021-11-19T10:24:06,396|[TRACE] graph - -------> nonSkippedChar
2021-11-19T10:24:06,396|[TRACE] script - #out(`D`) [token]
2021-11-19T10:24:06,396|[TRACE] graph - <------- nonSkippedChar
2021-11-19T10:24:06,396|[TRACE] graph - <----- statementPart
2021-11-19T10:24:06,396|[TRACE] graph - -----> statementPart
2021-11-19T10:24:06,397|[TRACE] graph - -------> nonSkippedChar
2021-11-19T10:24:06,397|[TRACE] script - #out(`E`) [token]
2021-11-19T10:24:06,397|[TRACE] graph - <------- nonSkippedChar
2021-11-19T10:24:06,397|[TRACE] graph - <----- statementPart
2021-11-19T10:24:06,397|[TRACE] graph - -----> statementPart
2021-11-19T10:24:06,397|[TRACE] graph - -------> nonSkippedChar
2021-11-19T10:24:06,397|[TRACE] script - #out(`F`) [token]
2021-11-19T10:24:06,397|[TRACE] graph - <------- nonSkippedChar
2021-11-19T10:24:06,397|[TRACE] graph - <----- statementPart
2021-11-19T10:24:06,397|[TRACE] graph - -----> statementPart
2021-11-19T10:24:06,397|[TRACE] graph - -------> nonSkippedChar
2021-11-19T10:24:06,397|[TRACE] script - #out(`A`) [token]
2021-11-19T10:24:06,397|[TRACE] graph - <------- nonSkippedChar
2021-11-19T10:24:06,397|[TRACE] graph - <----- statementPart
2021-11-19T10:24:06,397|[TRACE] graph - -----> statementPart
2021-11-19T10:24:06,397|[TRACE] graph - -------> nonSkippedChar
2021-11-19T10:24:06,397|[TRACE] script - #out(`U`) [token]
2021-11-19T10:24:06,397|[TRACE] graph - <------- nonSkippedChar
2021-11-19T10:24:06,397|[TRACE] graph - <----- statementPart
2021-11-19T10:24:06,397|[TRACE] graph - -----> statementPart
2021-11-19T10:24:06,397|[TRACE] graph - -------> nonSkippedChar
2021-11-19T10:24:06,397|[TRACE] script - #out(`L`) [token]
2021-11-19T10:24:06,397|[TRACE] graph - <------- nonSkippedChar
2021-11-19T10:24:06,397|[TRACE] graph - <----- statementPart
2021-11-19T10:24:06,397|[TRACE] graph - -----> statementPart
2021-11-19T10:24:06,397|[TRACE] graph - -------> nonSkippedChar
2021-11-19T10:24:06,397|[TRACE] script - #out(`T`) [token]
2021-11-19T10:24:06,397|[TRACE] graph - <------- nonSkippedChar
2021-11-19T10:24:06,397|[TRACE] graph - <----- statementPart
2021-11-19T10:24:06,397|[TRACE] graph - -----> statementPart
2021-11-19T10:24:06,397|[TRACE] graph - -------> nonSkippedSpace
2021-11-19T10:24:06,397|[TRACE] script - #out(` `) [token]
2021-11-19T10:24:06,397|[TRACE] graph - <------- nonSkippedSpace
2021-11-19T10:24:06,397|[TRACE] graph - <----- statementPart
2021-11-19T10:24:06,397|[TRACE] graph - -----> statementPart
2021-11-19T10:24:06,397|[TRACE] graph - -------> nonSkippedChar
2021-11-19T10:24:06,397|[TRACE] script - #out(`(`) [token]
2021-11-19T10:24:06,397|[TRACE] graph - <------- nonSkippedChar
2021-11-19T10:24:06,397|[TRACE] graph - <----- statementPart
2021-11-19T10:24:06,397|[TRACE] graph - -----> statementPart
2021-11-19T10:24:06,397|[TRACE] graph - -------> nonSkippedChar
2021-11-19T10:24:06,397|[TRACE] script - #out(`u`) [token]
2021-11-19T10:24:06,397|[TRACE] graph - <------- nonSkippedChar
2021-11-19T10:24:06,397|[TRACE] graph - <----- statementPart
2021-11-19T10:24:06,397|[TRACE] graph - -----> statementPart
2021-11-19T10:24:06,397|[TRACE] graph - -------> nonSkippedChar
2021-11-19T10:24:06,397|[TRACE] script - #out(`n`) [token]
2021-11-19T10:24:06,397|[TRACE] graph - <------- nonSkippedChar
2021-11-19T10:24:06,397|[TRACE] graph - <----- statementPart
2021-11-19T10:24:06,397|[TRACE] graph - -----> statementPart
2021-11-19T10:24:06,397|[TRACE] graph - -------> nonSkippedChar
2021-11-19T10:24:06,397|[TRACE] script - #out(`i`) [token]
2021-11-19T10:24:06,397|[TRACE] graph - <------- nonSkippedChar
2021-11-19T10:24:06,397|[TRACE] graph - <----- statementPart
2021-11-19T10:24:06,397|[TRACE] graph - -----> statementPart
2021-11-19T10:24:06,397|[TRACE] graph - -------> nonSkippedChar
2021-11-19T10:24:06,397|[TRACE] script - #out(`x`) [token]
2021-11-19T10:24:06,397|[TRACE] graph - <------- nonSkippedChar
2021-11-19T10:24:06,397|[TRACE] graph - <----- statementPart
2021-11-19T10:24:06,397|[TRACE] graph - -----> statementPart
2021-11-19T10:24:06,397|[TRACE] graph - -------> nonSkippedChar
2021-11-19T10:24:06,397|[TRACE] script - #out(`_`) [token]
2021-11-19T10:24:06,397|[TRACE] graph - <------- nonSkippedChar
2021-11-19T10:24:06,397|[TRACE] graph - <----- statementPart
2021-11-19T10:24:06,397|[TRACE] graph - -----> statementPart
2021-11-19T10:24:06,397|[TRACE] graph - -------> nonSkippedChar
2021-11-19T10:24:06,397|[TRACE] script - #out(`t`) [token]
2021-11-19T10:24:06,397|[TRACE] graph - <------- nonSkippedChar
2021-11-19T10:24:06,397|[TRACE] graph - <----- statementPart
2021-11-19T10:24:06,397|[TRACE] graph - -----> statementPart
2021-11-19T10:24:06,397|[TRACE] graph - -------> nonSkippedChar
2021-11-19T10:24:06,397|[TRACE] script - #out(`i`) [token]
2021-11-19T10:24:06,397|[TRACE] graph - <------- nonSkippedChar
2021-11-19T10:24:06,397|[TRACE] graph - <----- statementPart
2021-11-19T10:24:06,397|[TRACE] graph - -----> statementPart
2021-11-19T10:24:06,397|[TRACE] graph - -------> nonSkippedChar
2021-11-19T10:24:06,397|[TRACE] script - #out(`m`) [token]
2021-11-19T10:24:06,397|[TRACE] graph - <------- nonSkippedChar
2021-11-19T10:24:06,397|[TRACE] graph - <----- statementPart
2021-11-19T10:24:06,397|[TRACE] graph - -----> statementPart
2021-11-19T10:24:06,397|[TRACE] graph - -------> nonSkippedChar
2021-11-19T10:24:06,397|[TRACE] script - #out(`e`) [token]
2021-11-19T10:24:06,397|[TRACE] graph - <------- nonSkippedChar
2021-11-19T10:24:06,397|[TRACE] graph - <----- statementPart
2021-11-19T10:24:06,397|[TRACE] graph - -----> statementPart
2021-11-19T10:24:06,397|[TRACE] graph - -------> nonSkippedChar
2021-11-19T10:24:06,397|[TRACE] script - #out(`s`) [token]
2021-11-19T10:24:06,397|[TRACE] graph - <------- nonSkippedChar
2021-11-19T10:24:06,397|[TRACE] graph - <----- statementPart
2021-11-19T10:24:06,397|[TRACE] graph - -----> statementPart
2021-11-19T10:24:06,397|[TRACE] graph - -------> nonSkippedChar
2021-11-19T10:24:06,397|[TRACE] script - #out(`t`) [token]
2021-11-19T10:24:06,397|[TRACE] graph - <------- nonSkippedChar
2021-11-19T10:24:06,397|[TRACE] graph - <----- statementPart
2021-11-19T10:24:06,397|[TRACE] graph - -----> statementPart
2021-11-19T10:24:06,397|[TRACE] graph - -------> nonSkippedChar
2021-11-19T10:24:06,397|[TRACE] script - #out(`a`) [token]
2021-11-19T10:24:06,397|[TRACE] graph - <------- nonSkippedChar
2021-11-19T10:24:06,397|[TRACE] graph - <----- statementPart
2021-11-19T10:24:06,397|[TRACE] graph - -----> statementPart
2021-11-19T10:24:06,397|[TRACE] graph - -------> nonSkippedChar
2021-11-19T10:24:06,397|[TRACE] script - #out(`m`) [token]
2021-11-19T10:24:06,397|[TRACE] graph - <------- nonSkippedChar
2021-11-19T10:24:06,397|[TRACE] graph - <----- statementPart
2021-11-19T10:24:06,397|[TRACE] graph - -----> statementPart
2021-11-19T10:24:06,397|[TRACE] graph - -------> nonSkippedChar
2021-11-19T10:24:06,397|[TRACE] script - #out(`p`) [token]
2021-11-19T10:24:06,397|[TRACE] graph - <------- nonSkippedChar
2021-11-19T10:24:06,397|[TRACE] graph - <----- statementPart
2021-11-19T10:24:06,397|[TRACE] graph - -----> statementPart
2021-11-19T10:24:06,397|[TRACE] graph - -------> nonSkippedChar
2021-11-19T10:24:06,397|[TRACE] script - #out(`(`) [token]
2021-11-19T10:24:06,397|[TRACE] graph - <------- nonSkippedChar
2021-11-19T10:24:06,397|[TRACE] graph - <----- statementPart
2021-11-19T10:24:06,397|[TRACE] graph - -----> statementPart
2021-11-19T10:24:06,397|[TRACE] graph - -------> nonSkippedChar
2021-11-19T10:24:06,397|[TRACE] script - #out(`n`) [token]
2021-11-19T10:24:06,397|[TRACE] graph - <------- nonSkippedChar
2021-11-19T10:24:06,397|[TRACE] graph - <----- statementPart
2021-11-19T10:24:06,397|[TRACE] graph - -----> statementPart
2021-11-19T10:24:06,397|[TRACE] graph - -------> nonSkippedChar
2021-11-19T10:24:06,397|[TRACE] script - #out(`o`) [token]
2021-11-19T10:24:06,397|[TRACE] graph - <------- nonSkippedChar
2021-11-19T10:24:06,397|[TRACE] graph - <----- statementPart
2021-11-19T10:24:06,397|[TRACE] graph - -----> statementPart
2021-11-19T10:24:06,397|[TRACE] graph - -------> nonSkippedChar
2021-11-19T10:24:06,397|[TRACE] script - #out(`w`) [token]
2021-11-19T10:24:06,397|[TRACE] graph - <------- nonSkippedChar
2021-11-19T10:24:06,397|[TRACE] graph - <----- statementPart
2021-11-19T10:24:06,397|[TRACE] graph - -----> statementPart
2021-11-19T10:24:06,397|[TRACE] graph - -------> nonSkippedChar
2021-11-19T10:24:06,397|[TRACE] script - #out(`(`) [token]
2021-11-19T10:24:06,397|[TRACE] graph - <------- nonSkippedChar
2021-11-19T10:24:06,397|[TRACE] graph - <----- statementPart
2021-11-19T10:24:06,397|[TRACE] graph - -----> statementPart
2021-11-19T10:24:06,397|[TRACE] graph - -------> nonSkippedChar
2021-11-19T10:24:06,397|[TRACE] script - #out(`)`) [token]
2021-11-19T10:24:06,397|[TRACE] graph - <------- nonSkippedChar
2021-11-19T10:24:06,397|[TRACE] graph - <----- statementPart
2021-11-19T10:24:06,397|[TRACE] graph - -----> statementPart
2021-11-19T10:24:06,397|[TRACE] graph - -------> nonSkippedChar
2021-11-19T10:24:06,397|[TRACE] script - #out(`)`) [token]
2021-11-19T10:24:06,397|[TRACE] graph - <------- nonSkippedChar
2021-11-19T10:24:06,397|[TRACE] graph - <----- statementPart
2021-11-19T10:24:06,397|[TRACE] graph - -----> statementPart
2021-11-19T10:24:06,397|[TRACE] graph - -------> nonSkippedSpace
2021-11-19T10:24:06,397|[TRACE] script - #out(` `) [token]
2021-11-19T10:24:06,397|[TRACE] graph - <------- nonSkippedSpace
2021-11-19T10:24:06,397|[TRACE] graph - <----- statementPart
2021-11-19T10:24:06,397|[TRACE] graph - -----> statementPart
2021-11-19T10:24:06,397|[TRACE] graph - -------> nonSkippedChar
2021-11-19T10:24:06,397|[TRACE] script - #out(`*`) [token]
2021-11-19T10:24:06,397|[TRACE] graph - <------- nonSkippedChar
2021-11-19T10:24:06,397|[TRACE] graph - <----- statementPart
2021-11-19T10:24:06,397|[TRACE] graph - -----> statementPart
2021-11-19T10:24:06,397|[TRACE] graph - -------> nonSkippedSpace
2021-11-19T10:24:06,397|[TRACE] script - #out(` `) [token]
2021-11-19T10:24:06,397|[TRACE] graph - <------- nonSkippedSpace
2021-11-19T10:24:06,397|[TRACE] graph - <----- statementPart
2021-11-19T10:24:06,397|[TRACE] graph - -----> statementPart
2021-11-19T10:24:06,397|[TRACE] graph - -------> nonSkippedChar
2021-11-19T10:24:06,397|[TRACE] script - #out(`1`) [token]
2021-11-19T10:24:06,397|[TRACE] graph - <------- nonSkippedChar
2021-11-19T10:24:06,397|[TRACE] graph - <----- statementPart
2021-11-19T10:24:06,397|[TRACE] graph - -----> statementPart
2021-11-19T10:24:06,397|[TRACE] graph - -------> nonSkippedChar
2021-11-19T10:24:06,397|[TRACE] script - #out(`0`) [token]
2021-11-19T10:24:06,397|[TRACE] graph - <------- nonSkippedChar
2021-11-19T10:24:06,397|[TRACE] graph - <----- statementPart
2021-11-19T10:24:06,397|[TRACE] graph - -----> statementPart
2021-11-19T10:24:06,397|[TRACE] graph - -------> nonSkippedChar
2021-11-19T10:24:06,397|[TRACE] script - #out(`0`) [token]
2021-11-19T10:24:06,397|[TRACE] graph - <------- nonSkippedChar
2021-11-19T10:24:06,397|[TRACE] graph - <----- statementPart
2021-11-19T10:24:06,397|[TRACE] graph - -----> statementPart
2021-11-19T10:24:06,397|[TRACE] graph - -------> nonSkippedChar
2021-11-19T10:24:06,397|[TRACE] script - #out(`0`) [token]
2021-11-19T10:24:06,397|[TRACE] graph - <------- nonSkippedChar
2021-11-19T10:24:06,397|[TRACE] graph - <----- statementPart
2021-11-19T10:24:06,397|[TRACE] graph - -----> statementPart
2021-11-19T10:24:06,397|[TRACE] graph - -------> nonSkippedChar
2021-11-19T10:24:06,397|[TRACE] script - #out(`)`) [token]
2021-11-19T10:24:06,397|[TRACE] graph - <------- nonSkippedChar
2021-11-19T10:24:06,397|[TRACE] graph - <----- statementPart
2021-11-19T10:24:06,397|[TRACE] graph - -----> statementPart
2021-11-19T10:24:06,397|[TRACE] graph - -------> nonSkippedChar
2021-11-19T10:24:06,397|[TRACE] script - #out(`,`) [token]
2021-11-19T10:24:06,397|[TRACE] graph - <------- nonSkippedChar
2021-11-19T10:24:06,397|[TRACE] graph - <----- statementPart
2021-11-19T10:24:06,397|[TRACE] graph - -----> afterStatementPartNewline
2021-11-19T10:24:06,397|[TRACE] script - #out(` `) [text]
2021-11-19T10:24:06,397|[TRACE] graph - <----- afterStatementPartNewline
2021-11-19T10:24:06,397|[TRACE] graph - -----> statementPart
2021-11-19T10:24:06,397|[TRACE] graph - -------> nonSkippedSpace
2021-11-19T10:24:06,397|[TRACE] script - #out(` `) [token]
2021-11-19T10:24:06,397|[TRACE] graph - <------- nonSkippedSpace
2021-11-19T10:24:06,397|[TRACE] graph - <----- statementPart
2021-11-19T10:24:06,397|[TRACE] graph - -----> statementPart
2021-11-19T10:24:06,397|[TRACE] graph - -------> nonSkippedSpace
2021-11-19T10:24:06,397|[TRACE] script - #out(` `) [token]
2021-11-19T10:24:06,397|[TRACE] graph - <------- nonSkippedSpace
2021-11-19T10:24:06,397|[TRACE] graph - <----- statementPart
2021-11-19T10:24:06,397|[TRACE] graph - -----> statementPart
2021-11-19T10:24:06,397|[TRACE] graph - -------> quotedString
2021-11-19T10:24:06,397|[TRACE] script - #out(``updated``) [token]
2021-11-19T10:24:06,397|[TRACE] graph - <------- quotedString
2021-11-19T10:24:06,397|[TRACE] graph - <----- statementPart
2021-11-19T10:24:06,397|[TRACE] graph - -----> statementPart
2021-11-19T10:24:06,397|[TRACE] graph - -------> nonSkippedSpace
2021-11-19T10:24:06,397|[TRACE] script - #out(` `) [token]
2021-11-19T10:24:06,397|[TRACE] graph - <------- nonSkippedSpace
2021-11-19T10:24:06,397|[TRACE] graph - <----- statementPart
2021-11-19T10:24:06,397|[TRACE] graph - -----> statementPart
2021-11-19T10:24:06,397|[TRACE] graph - -------> nonSkippedChar
2021-11-19T10:24:06,397|[TRACE] script - #out(`B`) [token]
2021-11-19T10:24:06,397|[TRACE] graph - <------- nonSkippedChar
2021-11-19T10:24:06,397|[TRACE] graph - <----- statementPart
2021-11-19T10:24:06,397|[TRACE] graph - -----> statementPart
2021-11-19T10:24:06,397|[TRACE] graph - -------> nonSkippedChar
2021-11-19T10:24:06,397|[TRACE] script - #out(`I`) [token]
2021-11-19T10:24:06,397|[TRACE] graph - <------- nonSkippedChar
2021-11-19T10:24:06,397|[TRACE] graph - <----- statementPart
2021-11-19T10:24:06,397|[TRACE] graph - -----> statementPart
2021-11-19T10:24:06,397|[TRACE] graph - -------> nonSkippedChar
2021-11-19T10:24:06,397|[TRACE] script - #out(`G`) [token]
2021-11-19T10:24:06,397|[TRACE] graph - <------- nonSkippedChar
2021-11-19T10:24:06,397|[TRACE] graph - <----- statementPart
2021-11-19T10:24:06,397|[TRACE] graph - -----> statementPart
2021-11-19T10:24:06,397|[TRACE] graph - -------> nonSkippedChar
2021-11-19T10:24:06,397|[TRACE] script - #out(`I`) [token]
2021-11-19T10:24:06,397|[TRACE] graph - <------- nonSkippedChar
2021-11-19T10:24:06,397|[TRACE] graph - <----- statementPart
2021-11-19T10:24:06,397|[TRACE] graph - -----> statementPart
2021-11-19T10:24:06,397|[TRACE] graph - -------> nonSkippedChar
2021-11-19T10:24:06,397|[TRACE] script - #out(`N`) [token]
2021-11-19T10:24:06,397|[TRACE] graph - <------- nonSkippedChar
2021-11-19T10:24:06,397|[TRACE] graph - <----- statementPart
2021-11-19T10:24:06,397|[TRACE] graph - -----> statementPart
2021-11-19T10:24:06,397|[TRACE] graph - -------> nonSkippedChar
2021-11-19T10:24:06,397|[TRACE] script - #out(`T`) [token]
2021-11-19T10:24:06,397|[TRACE] graph - <------- nonSkippedChar
2021-11-19T10:24:06,397|[TRACE] graph - <----- statementPart
2021-11-19T10:24:06,397|[TRACE] graph - -----> statementPart
2021-11-19T10:24:06,397|[TRACE] graph - -------> nonSkippedSpace
2021-11-19T10:24:06,397|[TRACE] script - #out(` `) [token]
2021-11-19T10:24:06,397|[TRACE] graph - <------- nonSkippedSpace
2021-11-19T10:24:06,397|[TRACE] graph - <----- statementPart
2021-11-19T10:24:06,397|[TRACE] graph - -----> statementPart
2021-11-19T10:24:06,397|[TRACE] graph - -------> nonSkippedChar
2021-11-19T10:24:06,397|[TRACE] script - #out(`N`) [token]
2021-11-19T10:24:06,397|[TRACE] graph - <------- nonSkippedChar
2021-11-19T10:24:06,397|[TRACE] graph - <----- statementPart
2021-11-19T10:24:06,397|[TRACE] graph - -----> statementPart
2021-11-19T10:24:06,397|[TRACE] graph - -------> nonSkippedChar
2021-11-19T10:24:06,397|[TRACE] script - #out(`O`) [token]
2021-11-19T10:24:06,397|[TRACE] graph - <------- nonSkippedChar
2021-11-19T10:24:06,397|[TRACE] graph - <----- statementPart
2021-11-19T10:24:06,397|[TRACE] graph - -----> statementPart
2021-11-19T10:24:06,397|[TRACE] graph - -------> nonSkippedChar
2021-11-19T10:24:06,397|[TRACE] script - #out(`T`) [token]
2021-11-19T10:24:06,397|[TRACE] graph - <------- nonSkippedChar
2021-11-19T10:24:06,397|[TRACE] graph - <----- statementPart
2021-11-19T10:24:06,397|[TRACE] graph - -----> statementPart
2021-11-19T10:24:06,397|[TRACE] graph - -------> nonSkippedSpace
2021-11-19T10:24:06,397|[TRACE] script - #out(` `) [token]
2021-11-19T10:24:06,397|[TRACE] graph - <------- nonSkippedSpace
2021-11-19T10:24:06,397|[TRACE] graph - <----- statementPart
2021-11-19T10:24:06,397|[TRACE] graph - -----> statementPart
2021-11-19T10:24:06,397|[TRACE] graph - -------> nonSkippedChar
2021-11-19T10:24:06,397|[TRACE] script - #out(`N`) [token]
2021-11-19T10:24:06,397|[TRACE] graph - <------- nonSkippedChar
2021-11-19T10:24:06,397|[TRACE] graph - <----- statementPart
2021-11-19T10:24:06,397|[TRACE] graph - -----> statementPart
2021-11-19T10:24:06,397|[TRACE] graph - -------> nonSkippedChar
2021-11-19T10:24:06,397|[TRACE] script - #out(`U`) [token]
2021-11-19T10:24:06,397|[TRACE] graph - <------- nonSkippedChar
2021-11-19T10:24:06,397|[TRACE] graph - <----- statementPart
2021-11-19T10:24:06,397|[TRACE] graph - -----> statementPart
2021-11-19T10:24:06,397|[TRACE] graph - -------> nonSkippedChar
2021-11-19T10:24:06,397|[TRACE] script - #out(`L`) [token]
2021-11-19T10:24:06,397|[TRACE] graph - <------- nonSkippedChar
2021-11-19T10:24:06,397|[TRACE] graph - <----- statementPart
2021-11-19T10:24:06,397|[TRACE] graph - -----> statementPart
2021-11-19T10:24:06,397|[TRACE] graph - -------> nonSkippedChar
2021-11-19T10:24:06,397|[TRACE] script - #out(`L`) [token]
2021-11-19T10:24:06,397|[TRACE] graph - <------- nonSkippedChar
2021-11-19T10:24:06,397|[TRACE] graph - <----- statementPart
2021-11-19T10:24:06,397|[TRACE] graph - -----> statementPart
2021-11-19T10:24:06,397|[TRACE] graph - -------> nonSkippedSpace
2021-11-19T10:24:06,397|[TRACE] script - #out(` `) [token]
2021-11-19T10:24:06,397|[TRACE] graph - <------- nonSkippedSpace
2021-11-19T10:24:06,397|[TRACE] graph - <----- statementPart
2021-11-19T10:24:06,397|[TRACE] graph - -----> statementPart
2021-11-19T10:24:06,397|[TRACE] graph - -------> nonSkippedChar
2021-11-19T10:24:06,397|[TRACE] script - #out(`D`) [token]
2021-11-19T10:24:06,397|[TRACE] graph - <------- nonSkippedChar
2021-11-19T10:24:06,397|[TRACE] graph - <----- statementPart
2021-11-19T10:24:06,398|[TRACE] graph - -----> statementPart
2021-11-19T10:24:06,398|[TRACE] graph - -------> nonSkippedChar
2021-11-19T10:24:06,398|[TRACE] script - #out(`E`) [token]
2021-11-19T10:24:06,398|[TRACE] graph - <------- nonSkippedChar
2021-11-19T10:24:06,398|[TRACE] graph - <----- statementPart
2021-11-19T10:24:06,398|[TRACE] graph - -----> statementPart
2021-11-19T10:24:06,398|[TRACE] graph - -------> nonSkippedChar
2021-11-19T10:24:06,398|[TRACE] script - #out(`F`) [token]
2021-11-19T10:24:06,398|[TRACE] graph - <------- nonSkippedChar
2021-11-19T10:24:06,398|[TRACE] graph - <----- statementPart
2021-11-19T10:24:06,398|[TRACE] graph - -----> statementPart
2021-11-19T10:24:06,398|[TRACE] graph - -------> nonSkippedChar
2021-11-19T10:24:06,398|[TRACE] script - #out(`A`) [token]
2021-11-19T10:24:06,398|[TRACE] graph - <------- nonSkippedChar
2021-11-19T10:24:06,398|[TRACE] graph - <----- statementPart
2021-11-19T10:24:06,398|[TRACE] graph - -----> statementPart
2021-11-19T10:24:06,398|[TRACE] graph - -------> nonSkippedChar
2021-11-19T10:24:06,398|[TRACE] script - #out(`U`) [token]
2021-11-19T10:24:06,398|[TRACE] graph - <------- nonSkippedChar
2021-11-19T10:24:06,398|[TRACE] graph - <----- statementPart
2021-11-19T10:24:06,398|[TRACE] graph - -----> statementPart
2021-11-19T10:24:06,398|[TRACE] graph - -------> nonSkippedChar
2021-11-19T10:24:06,398|[TRACE] script - #out(`L`) [token]
2021-11-19T10:24:06,398|[TRACE] graph - <------- nonSkippedChar
2021-11-19T10:24:06,398|[TRACE] graph - <----- statementPart
2021-11-19T10:24:06,398|[TRACE] graph - -----> statementPart
2021-11-19T10:24:06,398|[TRACE] graph - -------> nonSkippedChar
2021-11-19T10:24:06,398|[TRACE] script - #out(`T`) [token]
2021-11-19T10:24:06,398|[TRACE] graph - <------- nonSkippedChar
2021-11-19T10:24:06,398|[TRACE] graph - <----- statementPart
2021-11-19T10:24:06,398|[TRACE] graph - -----> statementPart
2021-11-19T10:24:06,398|[TRACE] graph - -------> nonSkippedSpace
2021-11-19T10:24:06,398|[TRACE] script - #out(` `) [token]
2021-11-19T10:24:06,398|[TRACE] graph - <------- nonSkippedSpace
2021-11-19T10:24:06,398|[TRACE] graph - <----- statementPart
2021-11-19T10:24:06,398|[TRACE] graph - -----> statementPart
2021-11-19T10:24:06,398|[TRACE] graph - -------> nonSkippedChar
2021-11-19T10:24:06,398|[TRACE] script - #out(`(`) [token]
2021-11-19T10:24:06,398|[TRACE] graph - <------- nonSkippedChar
2021-11-19T10:24:06,398|[TRACE] graph - <----- statementPart
2021-11-19T10:24:06,398|[TRACE] graph - -----> statementPart
2021-11-19T10:24:06,398|[TRACE] graph - -------> nonSkippedChar
2021-11-19T10:24:06,398|[TRACE] script - #out(`u`) [token]
2021-11-19T10:24:06,398|[TRACE] graph - <------- nonSkippedChar
2021-11-19T10:24:06,398|[TRACE] graph - <----- statementPart
2021-11-19T10:24:06,398|[TRACE] graph - -----> statementPart
2021-11-19T10:24:06,398|[TRACE] graph - -------> nonSkippedChar
2021-11-19T10:24:06,398|[TRACE] script - #out(`n`) [token]
2021-11-19T10:24:06,398|[TRACE] graph - <------- nonSkippedChar
2021-11-19T10:24:06,398|[TRACE] graph - <----- statementPart
2021-11-19T10:24:06,398|[TRACE] graph - -----> statementPart
2021-11-19T10:24:06,398|[TRACE] graph - -------> nonSkippedChar
2021-11-19T10:24:06,398|[TRACE] script - #out(`i`) [token]
2021-11-19T10:24:06,398|[TRACE] graph - <------- nonSkippedChar
2021-11-19T10:24:06,398|[TRACE] graph - <----- statementPart
2021-11-19T10:24:06,398|[TRACE] graph - -----> statementPart
2021-11-19T10:24:06,398|[TRACE] graph - -------> nonSkippedChar
2021-11-19T10:24:06,398|[TRACE] script - #out(`x`) [token]
2021-11-19T10:24:06,398|[TRACE] graph - <------- nonSkippedChar
2021-11-19T10:24:06,398|[TRACE] graph - <----- statementPart
2021-11-19T10:24:06,398|[TRACE] graph - -----> statementPart
2021-11-19T10:24:06,398|[TRACE] graph - -------> nonSkippedChar
2021-11-19T10:24:06,398|[TRACE] script - #out(`_`) [token]
2021-11-19T10:24:06,398|[TRACE] graph - <------- nonSkippedChar
2021-11-19T10:24:06,398|[TRACE] graph - <----- statementPart
2021-11-19T10:24:06,398|[TRACE] graph - -----> statementPart
2021-11-19T10:24:06,398|[TRACE] graph - -------> nonSkippedChar
2021-11-19T10:24:06,398|[TRACE] script - #out(`t`) [token]
2021-11-19T10:24:06,398|[TRACE] graph - <------- nonSkippedChar
2021-11-19T10:24:06,398|[TRACE] graph - <----- statementPart
2021-11-19T10:24:06,398|[TRACE] graph - -----> statementPart
2021-11-19T10:24:06,398|[TRACE] graph - -------> nonSkippedChar
2021-11-19T10:24:06,398|[TRACE] script - #out(`i`) [token]
2021-11-19T10:24:06,398|[TRACE] graph - <------- nonSkippedChar
2021-11-19T10:24:06,398|[TRACE] graph - <----- statementPart
2021-11-19T10:24:06,398|[TRACE] graph - -----> statementPart
2021-11-19T10:24:06,398|[TRACE] graph - -------> nonSkippedChar
2021-11-19T10:24:06,398|[TRACE] script - #out(`m`) [token]
2021-11-19T10:24:06,398|[TRACE] graph - <------- nonSkippedChar
2021-11-19T10:24:06,398|[TRACE] graph - <----- statementPart
2021-11-19T10:24:06,398|[TRACE] graph - -----> statementPart
2021-11-19T10:24:06,398|[TRACE] graph - -------> nonSkippedChar
2021-11-19T10:24:06,398|[TRACE] script - #out(`e`) [token]
2021-11-19T10:24:06,398|[TRACE] graph - <------- nonSkippedChar
2021-11-19T10:24:06,398|[TRACE] graph - <----- statementPart
2021-11-19T10:24:06,398|[TRACE] graph - -----> statementPart
2021-11-19T10:24:06,398|[TRACE] graph - -------> nonSkippedChar
2021-11-19T10:24:06,398|[TRACE] script - #out(`s`) [token]
2021-11-19T10:24:06,398|[TRACE] graph - <------- nonSkippedChar
2021-11-19T10:24:06,398|[TRACE] graph - <----- statementPart
2021-11-19T10:24:06,398|[TRACE] graph - -----> statementPart
2021-11-19T10:24:06,398|[TRACE] graph - -------> nonSkippedChar
2021-11-19T10:24:06,398|[TRACE] script - #out(`t`) [token]
2021-11-19T10:24:06,398|[TRACE] graph - <------- nonSkippedChar
2021-11-19T10:24:06,398|[TRACE] graph - <----- statementPart
2021-11-19T10:24:06,398|[TRACE] graph - -----> statementPart
2021-11-19T10:24:06,398|[TRACE] graph - -------> nonSkippedChar
2021-11-19T10:24:06,398|[TRACE] script - #out(`a`) [token]
2021-11-19T10:24:06,398|[TRACE] graph - <------- nonSkippedChar
2021-11-19T10:24:06,398|[TRACE] graph - <----- statementPart
2021-11-19T10:24:06,398|[TRACE] graph - -----> statementPart
2021-11-19T10:24:06,398|[TRACE] graph - -------> nonSkippedChar
2021-11-19T10:24:06,398|[TRACE] script - #out(`m`) [token]
2021-11-19T10:24:06,398|[TRACE] graph - <------- nonSkippedChar
2021-11-19T10:24:06,398|[TRACE] graph - <----- statementPart
2021-11-19T10:24:06,398|[TRACE] graph - -----> statementPart
2021-11-19T10:24:06,398|[TRACE] graph - -------> nonSkippedChar
2021-11-19T10:24:06,398|[TRACE] script - #out(`p`) [token]
2021-11-19T10:24:06,398|[TRACE] graph - <------- nonSkippedChar
2021-11-19T10:24:06,398|[TRACE] graph - <----- statementPart
2021-11-19T10:24:06,398|[TRACE] graph - -----> statementPart
2021-11-19T10:24:06,398|[TRACE] graph - -------> nonSkippedChar
2021-11-19T10:24:06,398|[TRACE] script - #out(`(`) [token]
2021-11-19T10:24:06,398|[TRACE] graph - <------- nonSkippedChar
2021-11-19T10:24:06,398|[TRACE] graph - <----- statementPart
2021-11-19T10:24:06,398|[TRACE] graph - -----> statementPart
2021-11-19T10:24:06,398|[TRACE] graph - -------> nonSkippedChar
2021-11-19T10:24:06,398|[TRACE] script - #out(`n`) [token]
2021-11-19T10:24:06,398|[TRACE] graph - <------- nonSkippedChar
2021-11-19T10:24:06,398|[TRACE] graph - <----- statementPart
2021-11-19T10:24:06,398|[TRACE] graph - -----> statementPart
2021-11-19T10:24:06,398|[TRACE] graph - -------> nonSkippedChar
2021-11-19T10:24:06,398|[TRACE] script - #out(`o`) [token]
2021-11-19T10:24:06,453|[TRACE] graph - <------- nonSkippedChar
2021-11-19T10:24:06,454|[TRACE] graph - <----- statementPart
2021-11-19T10:24:06,454|[TRACE] graph - -----> statementPart
2021-11-19T10:24:06,454|[TRACE] graph - -------> nonSkippedChar
2021-11-19T10:24:06,454|[TRACE] script - #out(`w`) [token]
2021-11-19T10:24:06,454|[TRACE] graph - <------- nonSkippedChar
2021-11-19T10:24:06,454|[TRACE] graph - <----- statementPart
2021-11-19T10:24:06,454|[TRACE] graph - -----> statementPart
2021-11-19T10:24:06,454|[TRACE] graph - -------> nonSkippedChar
2021-11-19T10:24:06,454|[TRACE] script - #out(`(`) [token]
2021-11-19T10:24:06,454|[TRACE] graph - <------- nonSkippedChar
2021-11-19T10:24:06,454|[TRACE] graph - <----- statementPart
2021-11-19T10:24:06,454|[TRACE] graph - -----> statementPart
2021-11-19T10:24:06,454|[TRACE] graph - -------> nonSkippedChar
2021-11-19T10:24:06,454|[TRACE] script - #out(`)`) [token]
2021-11-19T10:24:06,454|[TRACE] graph - <------- nonSkippedChar
2021-11-19T10:24:06,454|[TRACE] graph - <----- statementPart
2021-11-19T10:24:06,454|[TRACE] graph - -----> statementPart
2021-11-19T10:24:06,454|[TRACE] graph - -------> nonSkippedChar
2021-11-19T10:24:06,454|[TRACE] script - #out(`)`) [token]
2021-11-19T10:24:06,454|[TRACE] graph - <------- nonSkippedChar
2021-11-19T10:24:06,454|[TRACE] graph - <----- statementPart
2021-11-19T10:24:06,454|[TRACE] graph - -----> statementPart
2021-11-19T10:24:06,454|[TRACE] graph - -------> nonSkippedSpace
2021-11-19T10:24:06,454|[TRACE] script - #out(` `) [token]
2021-11-19T10:24:06,454|[TRACE] graph - <------- nonSkippedSpace
2021-11-19T10:24:06,454|[TRACE] graph - <----- statementPart
2021-11-19T10:24:06,454|[TRACE] graph - -----> statementPart
2021-11-19T10:24:06,454|[TRACE] graph - -------> nonSkippedChar
2021-11-19T10:24:06,454|[TRACE] script - #out(`*`) [token]
2021-11-19T10:24:06,454|[TRACE] graph - <------- nonSkippedChar
2021-11-19T10:24:06,454|[TRACE] graph - <----- statementPart
2021-11-19T10:24:06,454|[TRACE] graph - -----> statementPart
2021-11-19T10:24:06,454|[TRACE] graph - -------> nonSkippedSpace
2021-11-19T10:24:06,454|[TRACE] script - #out(` `) [token]
2021-11-19T10:24:06,454|[TRACE] graph - <------- nonSkippedSpace
2021-11-19T10:24:06,454|[TRACE] graph - <----- statementPart
2021-11-19T10:24:06,454|[TRACE] graph - -----> statementPart
2021-11-19T10:24:06,454|[TRACE] graph - -------> nonSkippedChar
2021-11-19T10:24:06,454|[TRACE] script - #out(`1`) [token]
2021-11-19T10:24:06,454|[TRACE] graph - <------- nonSkippedChar
2021-11-19T10:24:06,454|[TRACE] graph - <----- statementPart
2021-11-19T10:24:06,454|[TRACE] graph - -----> statementPart
2021-11-19T10:24:06,454|[TRACE] graph - -------> nonSkippedChar
2021-11-19T10:24:06,454|[TRACE] script - #out(`0`) [token]
2021-11-19T10:24:06,454|[TRACE] graph - <------- nonSkippedChar
2021-11-19T10:24:06,454|[TRACE] graph - <----- statementPart
2021-11-19T10:24:06,454|[TRACE] graph - -----> statementPart
2021-11-19T10:24:06,454|[TRACE] graph - -------> nonSkippedChar
2021-11-19T10:24:06,454|[TRACE] script - #out(`0`) [token]
2021-11-19T10:24:06,454|[TRACE] graph - <------- nonSkippedChar
2021-11-19T10:24:06,454|[TRACE] graph - <----- statementPart
2021-11-19T10:24:06,454|[TRACE] graph - -----> statementPart
2021-11-19T10:24:06,454|[TRACE] graph - -------> nonSkippedChar
2021-11-19T10:24:06,454|[TRACE] script - #out(`0`) [token]
2021-11-19T10:24:06,454|[TRACE] graph - <------- nonSkippedChar
2021-11-19T10:24:06,454|[TRACE] graph - <----- statementPart
2021-11-19T10:24:06,454|[TRACE] graph - -----> statementPart
2021-11-19T10:24:06,454|[TRACE] graph - -------> nonSkippedChar
2021-11-19T10:24:06,454|[TRACE] script - #out(`)`) [token]
2021-11-19T10:24:06,454|[TRACE] graph - <------- nonSkippedChar
2021-11-19T10:24:06,454|[TRACE] graph - <----- statementPart
2021-11-19T10:24:06,454|[TRACE] graph - -----> statementPart
2021-11-19T10:24:06,454|[TRACE] graph - -------> nonSkippedChar
2021-11-19T10:24:06,454|[TRACE] script - #out(`,`) [token]
2021-11-19T10:24:06,454|[TRACE] graph - <------- nonSkippedChar
2021-11-19T10:24:06,454|[TRACE] graph - <----- statementPart
2021-11-19T10:24:06,454|[TRACE] graph - -----> afterStatementPartNewline
2021-11-19T10:24:06,454|[TRACE] script - #out(` `) [text]
2021-11-19T10:24:06,454|[TRACE] graph - <----- afterStatementPartNewline
2021-11-19T10:24:06,454|[TRACE] graph - -----> statementPart
2021-11-19T10:24:06,454|[TRACE] graph - -------> nonSkippedSpace
2021-11-19T10:24:06,454|[TRACE] script - #out(` `) [token]
2021-11-19T10:24:06,454|[TRACE] graph - <------- nonSkippedSpace
2021-11-19T10:24:06,454|[TRACE] graph - <----- statementPart
2021-11-19T10:24:06,454|[TRACE] graph - -----> statementPart
2021-11-19T10:24:06,454|[TRACE] graph - -------> nonSkippedSpace
2021-11-19T10:24:06,454|[TRACE] script - #out(` `) [token]
2021-11-19T10:24:06,454|[TRACE] graph - <------- nonSkippedSpace
2021-11-19T10:24:06,454|[TRACE] graph - <----- statementPart
2021-11-19T10:24:06,454|[TRACE] graph - -----> statementPart
2021-11-19T10:24:06,454|[TRACE] graph - -------> quotedString
2021-11-19T10:24:06,454|[TRACE] script - #out(``version``) [token]
2021-11-19T10:24:06,454|[TRACE] graph - <------- quotedString
2021-11-19T10:24:06,454|[TRACE] graph - <----- statementPart
2021-11-19T10:24:06,454|[TRACE] graph - -----> statementPart
2021-11-19T10:24:06,454|[TRACE] graph - -------> nonSkippedSpace
2021-11-19T10:24:06,454|[TRACE] script - #out(` `) [token]
2021-11-19T10:24:06,454|[TRACE] graph - <------- nonSkippedSpace
2021-11-19T10:24:06,454|[TRACE] graph - <----- statementPart
2021-11-19T10:24:06,454|[TRACE] graph - -----> statementPart
2021-11-19T10:24:06,454|[TRACE] graph - -------> nonSkippedChar
2021-11-19T10:24:06,454|[TRACE] script - #out(`I`) [token]
2021-11-19T10:24:06,454|[TRACE] graph - <------- nonSkippedChar
2021-11-19T10:24:06,454|[TRACE] graph - <----- statementPart
2021-11-19T10:24:06,454|[TRACE] graph - -----> statementPart
2021-11-19T10:24:06,454|[TRACE] graph - -------> nonSkippedChar
2021-11-19T10:24:06,454|[TRACE] script - #out(`N`) [token]
2021-11-19T10:24:06,454|[TRACE] graph - <------- nonSkippedChar
2021-11-19T10:24:06,454|[TRACE] graph - <----- statementPart
2021-11-19T10:24:06,454|[TRACE] graph - -----> statementPart
2021-11-19T10:24:06,454|[TRACE] graph - -------> nonSkippedChar
2021-11-19T10:24:06,454|[TRACE] script - #out(`T`) [token]
2021-11-19T10:24:06,454|[TRACE] graph - <------- nonSkippedChar
2021-11-19T10:24:06,454|[TRACE] graph - <----- statementPart
2021-11-19T10:24:06,454|[TRACE] graph - -----> statementPart
2021-11-19T10:24:06,454|[TRACE] graph - -------> nonSkippedSpace
2021-11-19T10:24:06,454|[TRACE] script - #out(` `) [token]
2021-11-19T10:24:06,454|[TRACE] graph - <------- nonSkippedSpace
2021-11-19T10:24:06,454|[TRACE] graph - <----- statementPart
2021-11-19T10:24:06,454|[TRACE] graph - -----> statementPart
2021-11-19T10:24:06,454|[TRACE] graph - -------> nonSkippedChar
2021-11-19T10:24:06,454|[TRACE] script - #out(`N`) [token]
2021-11-19T10:24:06,454|[TRACE] graph - <------- nonSkippedChar
2021-11-19T10:24:06,454|[TRACE] graph - <----- statementPart
2021-11-19T10:24:06,454|[TRACE] graph - -----> statementPart
2021-11-19T10:24:06,454|[TRACE] graph - -------> nonSkippedChar
2021-11-19T10:24:06,454|[TRACE] script - #out(`O`) [token]
2021-11-19T10:24:06,454|[TRACE] graph - <------- nonSkippedChar
2021-11-19T10:24:06,454|[TRACE] graph - <----- statementPart
2021-11-19T10:24:06,454|[TRACE] graph - -----> statementPart
2021-11-19T10:24:06,454|[TRACE] graph - -------> nonSkippedChar
2021-11-19T10:24:06,454|[TRACE] script - #out(`T`) [token]
2021-11-19T10:24:06,454|[TRACE] graph - <------- nonSkippedChar
2021-11-19T10:24:06,454|[TRACE] graph - <----- statementPart
2021-11-19T10:24:06,454|[TRACE] graph - -----> statementPart
2021-11-19T10:24:06,454|[TRACE] graph - -------> nonSkippedSpace
2021-11-19T10:24:06,454|[TRACE] script - #out(` `) [token]
2021-11-19T10:24:06,454|[TRACE] graph - <------- nonSkippedSpace
2021-11-19T10:24:06,454|[TRACE] graph - <----- statementPart
2021-11-19T10:24:06,454|[TRACE] graph - -----> statementPart
2021-11-19T10:24:06,454|[TRACE] graph - -------> nonSkippedChar
2021-11-19T10:24:06,454|[TRACE] script - #out(`N`) [token]
2021-11-19T10:24:06,454|[TRACE] graph - <------- nonSkippedChar
2021-11-19T10:24:06,454|[TRACE] graph - <----- statementPart
2021-11-19T10:24:06,454|[TRACE] graph - -----> statementPart
2021-11-19T10:24:06,454|[TRACE] graph - -------> nonSkippedChar
2021-11-19T10:24:06,454|[TRACE] script - #out(`U`) [token]
2021-11-19T10:24:06,454|[TRACE] graph - <------- nonSkippedChar
2021-11-19T10:24:06,454|[TRACE] graph - <----- statementPart
2021-11-19T10:24:06,454|[TRACE] graph - -----> statementPart
2021-11-19T10:24:06,454|[TRACE] graph - -------> nonSkippedChar
2021-11-19T10:24:06,454|[TRACE] script - #out(`L`) [token]
2021-11-19T10:24:06,454|[TRACE] graph - <------- nonSkippedChar
2021-11-19T10:24:06,454|[TRACE] graph - <----- statementPart
2021-11-19T10:24:06,454|[TRACE] graph - -----> statementPart
2021-11-19T10:24:06,454|[TRACE] graph - -------> nonSkippedChar
2021-11-19T10:24:06,454|[TRACE] script - #out(`L`) [token]
2021-11-19T10:24:06,454|[TRACE] graph - <------- nonSkippedChar
2021-11-19T10:24:06,454|[TRACE] graph - <----- statementPart
2021-11-19T10:24:06,454|[TRACE] graph - -----> statementPart
2021-11-19T10:24:06,454|[TRACE] graph - -------> nonSkippedSpace
2021-11-19T10:24:06,454|[TRACE] script - #out(` `) [token]
2021-11-19T10:24:06,454|[TRACE] graph - <------- nonSkippedSpace
2021-11-19T10:24:06,454|[TRACE] graph - <----- statementPart
2021-11-19T10:24:06,454|[TRACE] graph - -----> statementPart
2021-11-19T10:24:06,454|[TRACE] graph - -------> nonSkippedChar
2021-11-19T10:24:06,454|[TRACE] script - #out(`D`) [token]
2021-11-19T10:24:06,454|[TRACE] graph - <------- nonSkippedChar
2021-11-19T10:24:06,454|[TRACE] graph - <----- statementPart
2021-11-19T10:24:06,454|[TRACE] graph - -----> statementPart
2021-11-19T10:24:06,454|[TRACE] graph - -------> nonSkippedChar
2021-11-19T10:24:06,454|[TRACE] script - #out(`E`) [token]
2021-11-19T10:24:06,454|[TRACE] graph - <------- nonSkippedChar
2021-11-19T10:24:06,454|[TRACE] graph - <----- statementPart
2021-11-19T10:24:06,454|[TRACE] graph - -----> statementPart
2021-11-19T10:24:06,454|[TRACE] graph - -------> nonSkippedChar
2021-11-19T10:24:06,454|[TRACE] script - #out(`F`) [token]
2021-11-19T10:24:06,454|[TRACE] graph - <------- nonSkippedChar
2021-11-19T10:24:06,454|[TRACE] graph - <----- statementPart
2021-11-19T10:24:06,454|[TRACE] graph - -----> statementPart
2021-11-19T10:24:06,454|[TRACE] graph - -------> nonSkippedChar
2021-11-19T10:24:06,454|[TRACE] script - #out(`A`) [token]
2021-11-19T10:24:06,454|[TRACE] graph - <------- nonSkippedChar
2021-11-19T10:24:06,454|[TRACE] graph - <----- statementPart
2021-11-19T10:24:06,454|[TRACE] graph - -----> statementPart
2021-11-19T10:24:06,454|[TRACE] graph - -------> nonSkippedChar
2021-11-19T10:24:06,454|[TRACE] script - #out(`U`) [token]
2021-11-19T10:24:06,454|[TRACE] graph - <------- nonSkippedChar
2021-11-19T10:24:06,454|[TRACE] graph - <----- statementPart
2021-11-19T10:24:06,454|[TRACE] graph - -----> statementPart
2021-11-19T10:24:06,454|[TRACE] graph - -------> nonSkippedChar
2021-11-19T10:24:06,454|[TRACE] script - #out(`L`) [token]
2021-11-19T10:24:06,454|[TRACE] graph - <------- nonSkippedChar
2021-11-19T10:24:06,454|[TRACE] graph - <----- statementPart
2021-11-19T10:24:06,454|[TRACE] graph - -----> statementPart
2021-11-19T10:24:06,454|[TRACE] graph - -------> nonSkippedChar
2021-11-19T10:24:06,454|[TRACE] script - #out(`T`) [token]
2021-11-19T10:24:06,454|[TRACE] graph - <------- nonSkippedChar
2021-11-19T10:24:06,454|[TRACE] graph - <----- statementPart
2021-11-19T10:24:06,454|[TRACE] graph - -----> statementPart
2021-11-19T10:24:06,454|[TRACE] graph - -------> nonSkippedSpace
2021-11-19T10:24:06,454|[TRACE] script - #out(` `) [token]
2021-11-19T10:24:06,454|[TRACE] graph - <------- nonSkippedSpace
2021-11-19T10:24:06,454|[TRACE] graph - <----- statementPart
2021-11-19T10:24:06,454|[TRACE] graph - -----> statementPart
2021-11-19T10:24:06,454|[TRACE] graph - -------> nonSkippedChar
2021-11-19T10:24:06,454|[TRACE] script - #out(`1`) [token]
2021-11-19T10:24:06,454|[TRACE] graph - <------- nonSkippedChar
2021-11-19T10:24:06,454|[TRACE] graph - <----- statementPart
2021-11-19T10:24:06,454|[TRACE] graph - -----> statementPart
2021-11-19T10:24:06,454|[TRACE] graph - -------> nonSkippedChar
2021-11-19T10:24:06,454|[TRACE] script - #out(`,`) [token]
2021-11-19T10:24:06,454|[TRACE] graph - <------- nonSkippedChar
2021-11-19T10:24:06,454|[TRACE] graph - <----- statementPart
2021-11-19T10:24:06,454|[TRACE] graph - -----> afterStatementPartNewline
2021-11-19T10:24:06,454|[TRACE] script - #out(` `) [text]
2021-11-19T10:24:06,454|[TRACE] graph - <----- afterStatementPartNewline
2021-11-19T10:24:06,454|[TRACE] graph - -----> statementPart
2021-11-19T10:24:06,454|[TRACE] graph - -------> nonSkippedSpace
2021-11-19T10:24:06,454|[TRACE] script - #out(` `) [token]
2021-11-19T10:24:06,454|[TRACE] graph - <------- nonSkippedSpace
2021-11-19T10:24:06,454|[TRACE] graph - <----- statementPart
2021-11-19T10:24:06,454|[TRACE] graph - -----> statementPart
2021-11-19T10:24:06,454|[TRACE] graph - -------> nonSkippedSpace
2021-11-19T10:24:06,454|[TRACE] script - #out(` `) [token]
2021-11-19T10:24:06,454|[TRACE] graph - <------- nonSkippedSpace
2021-11-19T10:24:06,454|[TRACE] graph - <----- statementPart
2021-11-19T10:24:06,454|[TRACE] graph - -----> statementPart
2021-11-19T10:24:06,454|[TRACE] graph - -------> nonSkippedChar
2021-11-19T10:24:06,454|[TRACE] script - #out(`P`) [token]
2021-11-19T10:24:06,454|[TRACE] graph - <------- nonSkippedChar
2021-11-19T10:24:06,454|[TRACE] graph - <----- statementPart
2021-11-19T10:24:06,454|[TRACE] graph - -----> statementPart
2021-11-19T10:24:06,454|[TRACE] graph - -------> nonSkippedChar
2021-11-19T10:24:06,454|[TRACE] script - #out(`R`) [token]
2021-11-19T10:24:06,454|[TRACE] graph - <------- nonSkippedChar
2021-11-19T10:24:06,454|[TRACE] graph - <----- statementPart
2021-11-19T10:24:06,454|[TRACE] graph - -----> statementPart
2021-11-19T10:24:06,454|[TRACE] graph - -------> nonSkippedChar
2021-11-19T10:24:06,454|[TRACE] script - #out(`I`) [token]
2021-11-19T10:24:06,454|[TRACE] graph - <------- nonSkippedChar
2021-11-19T10:24:06,454|[TRACE] graph - <----- statementPart
2021-11-19T10:24:06,454|[TRACE] graph - -----> statementPart
2021-11-19T10:24:06,454|[TRACE] graph - -------> nonSkippedChar
2021-11-19T10:24:06,454|[TRACE] script - #out(`M`) [token]
2021-11-19T10:24:06,454|[TRACE] graph - <------- nonSkippedChar
2021-11-19T10:24:06,454|[TRACE] graph - <----- statementPart
2021-11-19T10:24:06,454|[TRACE] graph - -----> statementPart
2021-11-19T10:24:06,454|[TRACE] graph - -------> nonSkippedChar
2021-11-19T10:24:06,454|[TRACE] script - #out(`A`) [token]
2021-11-19T10:24:06,454|[TRACE] graph - <------- nonSkippedChar
2021-11-19T10:24:06,454|[TRACE] graph - <----- statementPart
2021-11-19T10:24:06,454|[TRACE] graph - -----> statementPart
2021-11-19T10:24:06,454|[TRACE] graph - -------> nonSkippedChar
2021-11-19T10:24:06,454|[TRACE] script - #out(`R`) [token]
2021-11-19T10:24:06,454|[TRACE] graph - <------- nonSkippedChar
2021-11-19T10:24:06,454|[TRACE] graph - <----- statementPart
2021-11-19T10:24:06,454|[TRACE] graph - -----> statementPart
2021-11-19T10:24:06,454|[TRACE] graph - -------> nonSkippedChar
2021-11-19T10:24:06,454|[TRACE] script - #out(`Y`) [token]
2021-11-19T10:24:06,454|[TRACE] graph - <------- nonSkippedChar
2021-11-19T10:24:06,454|[TRACE] graph - <----- statementPart
2021-11-19T10:24:06,454|[TRACE] graph - -----> statementPart
2021-11-19T10:24:06,454|[TRACE] graph - -------> nonSkippedSpace
2021-11-19T10:24:06,454|[TRACE] script - #out(` `) [token]
2021-11-19T10:24:06,454|[TRACE] graph - <------- nonSkippedSpace
2021-11-19T10:24:06,454|[TRACE] graph - <----- statementPart
2021-11-19T10:24:06,454|[TRACE] graph - -----> statementPart
2021-11-19T10:24:06,454|[TRACE] graph - -------> nonSkippedChar
2021-11-19T10:24:06,454|[TRACE] script - #out(`K`) [token]
2021-11-19T10:24:06,454|[TRACE] graph - <------- nonSkippedChar
2021-11-19T10:24:06,454|[TRACE] graph - <----- statementPart
2021-11-19T10:24:06,454|[TRACE] graph - -----> statementPart
2021-11-19T10:24:06,454|[TRACE] graph - -------> nonSkippedChar
2021-11-19T10:24:06,454|[TRACE] script - #out(`E`) [token]
2021-11-19T10:24:06,454|[TRACE] graph - <------- nonSkippedChar
2021-11-19T10:24:06,454|[TRACE] graph - <----- statementPart
2021-11-19T10:24:06,454|[TRACE] graph - -----> statementPart
2021-11-19T10:24:06,454|[TRACE] graph - -------> nonSkippedChar
2021-11-19T10:24:06,454|[TRACE] script - #out(`Y`) [token]
2021-11-19T10:24:06,454|[TRACE] graph - <------- nonSkippedChar
2021-11-19T10:24:06,454|[TRACE] graph - <----- statementPart
2021-11-19T10:24:06,454|[TRACE] graph - -----> statementPart
2021-11-19T10:24:06,454|[TRACE] graph - -------> nonSkippedSpace
2021-11-19T10:24:06,454|[TRACE] script - #out(` `) [token]
2021-11-19T10:24:06,454|[TRACE] graph - <------- nonSkippedSpace
2021-11-19T10:24:06,454|[TRACE] graph - <----- statementPart
2021-11-19T10:24:06,454|[TRACE] graph - -----> statementPart
2021-11-19T10:24:06,454|[TRACE] graph - -------> nonSkippedChar
2021-11-19T10:24:06,454|[TRACE] script - #out(`(`) [token]
2021-11-19T10:24:06,454|[TRACE] graph - <------- nonSkippedChar
2021-11-19T10:24:06,454|[TRACE] graph - <----- statementPart
2021-11-19T10:24:06,454|[TRACE] graph - -----> statementPart
2021-11-19T10:24:06,455|[TRACE] graph - -------> quotedString
2021-11-19T10:24:06,455|[TRACE] script - #out(``person_id``) [token]
2021-11-19T10:24:06,455|[TRACE] graph - <------- quotedString
2021-11-19T10:24:06,455|[TRACE] graph - <----- statementPart
2021-11-19T10:24:06,455|[TRACE] graph - -----> statementPart
2021-11-19T10:24:06,455|[TRACE] graph - -------> nonSkippedChar
2021-11-19T10:24:06,455|[TRACE] script - #out(`,`) [token]
2021-11-19T10:24:06,455|[TRACE] graph - <------- nonSkippedChar
2021-11-19T10:24:06,455|[TRACE] graph - <----- statementPart
2021-11-19T10:24:06,455|[TRACE] graph - -----> statementPart
2021-11-19T10:24:06,455|[TRACE] graph - -------> nonSkippedSpace
2021-11-19T10:24:06,455|[TRACE] script - #out(` `) [token]
2021-11-19T10:24:06,455|[TRACE] graph - <------- nonSkippedSpace
2021-11-19T10:24:06,455|[TRACE] graph - <----- statementPart
2021-11-19T10:24:06,455|[TRACE] graph - -----> statementPart
2021-11-19T10:24:06,455|[TRACE] graph - -------> quotedString
2021-11-19T10:24:06,455|[TRACE] script - #out(``phone_id``) [token]
2021-11-19T10:24:06,455|[TRACE] graph - <------- quotedString
2021-11-19T10:24:06,455|[TRACE] graph - <----- statementPart
2021-11-19T10:24:06,455|[TRACE] graph - -----> statementPart
2021-11-19T10:24:06,455|[TRACE] graph - -------> nonSkippedChar
2021-11-19T10:24:06,455|[TRACE] script - #out(`)`) [token]
2021-11-19T10:24:06,455|[TRACE] graph - <------- nonSkippedChar
2021-11-19T10:24:06,455|[TRACE] graph - <----- statementPart
2021-11-19T10:24:06,455|[TRACE] graph - -----> statementPart
2021-11-19T10:24:06,455|[TRACE] graph - -------> nonSkippedChar
2021-11-19T10:24:06,455|[TRACE] script - #out(`,`) [token]
2021-11-19T10:24:06,455|[TRACE] graph - <------- nonSkippedChar
2021-11-19T10:24:06,455|[TRACE] graph - <----- statementPart
2021-11-19T10:24:06,455|[TRACE] graph - -----> afterStatementPartNewline
2021-11-19T10:24:06,455|[TRACE] script - #out(` `) [text]
2021-11-19T10:24:06,455|[TRACE] graph - <----- afterStatementPartNewline
2021-11-19T10:24:06,455|[TRACE] graph - -----> statementPart
2021-11-19T10:24:06,455|[TRACE] graph - -------> nonSkippedSpace
2021-11-19T10:24:06,455|[TRACE] script - #out(` `) [token]
2021-11-19T10:24:06,455|[TRACE] graph - <------- nonSkippedSpace
2021-11-19T10:24:06,455|[TRACE] graph - <----- statementPart
2021-11-19T10:24:06,455|[TRACE] graph - -----> statementPart
2021-11-19T10:24:06,455|[TRACE] graph - -------> nonSkippedSpace
2021-11-19T10:24:06,455|[TRACE] script - #out(` `) [token]
2021-11-19T10:24:06,455|[TRACE] graph - <------- nonSkippedSpace
2021-11-19T10:24:06,455|[TRACE] graph - <----- statementPart
2021-11-19T10:24:06,455|[TRACE] graph - -----> statementPart
2021-11-19T10:24:06,455|[TRACE] graph - -------> nonSkippedChar
2021-11-19T10:24:06,455|[TRACE] script - #out(`I`) [token]
2021-11-19T10:24:06,455|[TRACE] graph - <------- nonSkippedChar
2021-11-19T10:24:06,455|[TRACE] graph - <----- statementPart
2021-11-19T10:24:06,455|[TRACE] graph - -----> statementPart
2021-11-19T10:24:06,455|[TRACE] graph - -------> nonSkippedChar
2021-11-19T10:24:06,455|[TRACE] script - #out(`N`) [token]
2021-11-19T10:24:06,455|[TRACE] graph - <------- nonSkippedChar
2021-11-19T10:24:06,455|[TRACE] graph - <----- statementPart
2021-11-19T10:24:06,455|[TRACE] graph - -----> statementPart
2021-11-19T10:24:06,455|[TRACE] graph - -------> nonSkippedChar
2021-11-19T10:24:06,455|[TRACE] script - #out(`D`) [token]
2021-11-19T10:24:06,455|[TRACE] graph - <------- nonSkippedChar
2021-11-19T10:24:06,455|[TRACE] graph - <----- statementPart
2021-11-19T10:24:06,455|[TRACE] graph - -----> statementPart
2021-11-19T10:24:06,455|[TRACE] graph - -------> nonSkippedChar
2021-11-19T10:24:06,455|[TRACE] script - #out(`E`) [token]
2021-11-19T10:24:06,455|[TRACE] graph - <------- nonSkippedChar
2021-11-19T10:24:06,455|[TRACE] graph - <----- statementPart
2021-11-19T10:24:06,455|[TRACE] graph - -----> statementPart
2021-11-19T10:24:06,455|[TRACE] graph - -------> nonSkippedChar
2021-11-19T10:24:06,455|[TRACE] script - #out(`X`) [token]
2021-11-19T10:24:06,455|[TRACE] graph - <------- nonSkippedChar
2021-11-19T10:24:06,455|[TRACE] graph - <----- statementPart
2021-11-19T10:24:06,455|[TRACE] graph - -----> statementPart
2021-11-19T10:24:06,455|[TRACE] graph - -------> nonSkippedSpace
2021-11-19T10:24:06,455|[TRACE] script - #out(` `) [token]
2021-11-19T10:24:06,455|[TRACE] graph - <------- nonSkippedSpace
2021-11-19T10:24:06,455|[TRACE] graph - <----- statementPart
2021-11-19T10:24:06,455|[TRACE] graph - -----> statementPart
2021-11-19T10:24:06,455|[TRACE] graph - -------> quotedString
2021-11-19T10:24:06,455|[TRACE] script - #out(``fk_contact_phone1_idx``) [token]
2021-11-19T10:24:06,455|[TRACE] graph - <------- quotedString
2021-11-19T10:24:06,455|[TRACE] graph - <----- statementPart
2021-11-19T10:24:06,455|[TRACE] graph - -----> statementPart
2021-11-19T10:24:06,455|[TRACE] graph - -------> nonSkippedSpace
2021-11-19T10:24:06,455|[TRACE] script - #out(` `) [token]
2021-11-19T10:24:06,455|[TRACE] graph - <------- nonSkippedSpace
2021-11-19T10:24:06,455|[TRACE] graph - <----- statementPart
2021-11-19T10:24:06,455|[TRACE] graph - -----> statementPart
2021-11-19T10:24:06,455|[TRACE] graph - -------> nonSkippedChar
2021-11-19T10:24:06,455|[TRACE] script - #out(`(`) [token]
2021-11-19T10:24:06,455|[TRACE] graph - <------- nonSkippedChar
2021-11-19T10:24:06,455|[TRACE] graph - <----- statementPart
2021-11-19T10:24:06,455|[TRACE] graph - -----> statementPart
2021-11-19T10:24:06,455|[TRACE] graph - -------> quotedString
2021-11-19T10:24:06,455|[TRACE] script - #out(``phone_id``) [token]
2021-11-19T10:24:06,455|[TRACE] graph - <------- quotedString
2021-11-19T10:24:06,455|[TRACE] graph - <----- statementPart
2021-11-19T10:24:06,455|[TRACE] graph - -----> statementPart
2021-11-19T10:24:06,455|[TRACE] graph - -------> nonSkippedSpace
2021-11-19T10:24:06,455|[TRACE] script - #out(` `) [token]
2021-11-19T10:24:06,455|[TRACE] graph - <------- nonSkippedSpace
2021-11-19T10:24:06,455|[TRACE] graph - <----- statementPart
2021-11-19T10:24:06,455|[TRACE] graph - -----> statementPart
2021-11-19T10:24:06,455|[TRACE] graph - -------> nonSkippedChar
2021-11-19T10:24:06,455|[TRACE] script - #out(`A`) [token]
2021-11-19T10:24:06,455|[TRACE] graph - <------- nonSkippedChar
2021-11-19T10:24:06,455|[TRACE] graph - <----- statementPart
2021-11-19T10:24:06,455|[TRACE] graph - -----> statementPart
2021-11-19T10:24:06,455|[TRACE] graph - -------> nonSkippedChar
2021-11-19T10:24:06,455|[TRACE] script - #out(`S`) [token]
2021-11-19T10:24:06,455|[TRACE] graph - <------- nonSkippedChar
2021-11-19T10:24:06,455|[TRACE] graph - <----- statementPart
2021-11-19T10:24:06,455|[TRACE] graph - -----> statementPart
2021-11-19T10:24:06,455|[TRACE] graph - -------> nonSkippedChar
2021-11-19T10:24:06,455|[TRACE] script - #out(`C`) [token]
2021-11-19T10:24:06,455|[TRACE] graph - <------- nonSkippedChar
2021-11-19T10:24:06,455|[TRACE] graph - <----- statementPart
2021-11-19T10:24:06,455|[TRACE] graph - -----> statementPart
2021-11-19T10:24:06,455|[TRACE] graph - -------> nonSkippedChar
2021-11-19T10:24:06,455|[TRACE] script - #out(`)`) [token]
2021-11-19T10:24:06,455|[TRACE] graph - <------- nonSkippedChar
2021-11-19T10:24:06,455|[TRACE] graph - <----- statementPart
2021-11-19T10:24:06,455|[TRACE] graph - -----> statementPart
2021-11-19T10:24:06,455|[TRACE] graph - -------> nonSkippedSpace
2021-11-19T10:24:06,455|[TRACE] script - #out(` `) [token]
2021-11-19T10:24:06,455|[TRACE] graph - <------- nonSkippedSpace
2021-11-19T10:24:06,455|[TRACE] graph - <----- statementPart
2021-11-19T10:24:06,455|[TRACE] graph - -----> statementPart
2021-11-19T10:24:06,455|[TRACE] graph - -------> nonSkippedChar
2021-11-19T10:24:06,455|[TRACE] script - #out(`V`) [token]
2021-11-19T10:24:06,455|[TRACE] graph - <------- nonSkippedChar
2021-11-19T10:24:06,455|[TRACE] graph - <----- statementPart
2021-11-19T10:24:06,455|[TRACE] graph - -----> statementPart
2021-11-19T10:24:06,455|[TRACE] graph - -------> nonSkippedChar
2021-11-19T10:24:06,455|[TRACE] script - #out(`I`) [token]
2021-11-19T10:24:06,455|[TRACE] graph - <------- nonSkippedChar
2021-11-19T10:24:06,455|[TRACE] graph - <----- statementPart
2021-11-19T10:24:06,455|[TRACE] graph - -----> statementPart
2021-11-19T10:24:06,455|[TRACE] graph - -------> nonSkippedChar
2021-11-19T10:24:06,455|[TRACE] script - #out(`S`) [token]
2021-11-19T10:24:06,455|[TRACE] graph - <------- nonSkippedChar
2021-11-19T10:24:06,455|[TRACE] graph - <----- statementPart
2021-11-19T10:24:06,455|[TRACE] graph - -----> statementPart
2021-11-19T10:24:06,455|[TRACE] graph - -------> nonSkippedChar
2021-11-19T10:24:06,455|[TRACE] script - #out(`I`) [token]
2021-11-19T10:24:06,455|[TRACE] graph - <------- nonSkippedChar
2021-11-19T10:24:06,455|[TRACE] graph - <----- statementPart
2021-11-19T10:24:06,455|[TRACE] graph - -----> statementPart
2021-11-19T10:24:06,455|[TRACE] graph - -------> nonSkippedChar
2021-11-19T10:24:06,455|[TRACE] script - #out(`B`) [token]
2021-11-19T10:24:06,455|[TRACE] graph - <------- nonSkippedChar
2021-11-19T10:24:06,455|[TRACE] graph - <----- statementPart
2021-11-19T10:24:06,455|[TRACE] graph - -----> statementPart
2021-11-19T10:24:06,455|[TRACE] graph - -------> nonSkippedChar
2021-11-19T10:24:06,455|[TRACE] script - #out(`L`) [token]
2021-11-19T10:24:06,455|[TRACE] graph - <------- nonSkippedChar
2021-11-19T10:24:06,455|[TRACE] graph - <----- statementPart
2021-11-19T10:24:06,455|[TRACE] graph - -----> statementPart
2021-11-19T10:24:06,455|[TRACE] graph - -------> nonSkippedChar
2021-11-19T10:24:06,455|[TRACE] script - #out(`E`) [token]
2021-11-19T10:24:06,455|[TRACE] graph - <------- nonSkippedChar
2021-11-19T10:24:06,455|[TRACE] graph - <----- statementPart
2021-11-19T10:24:06,455|[TRACE] graph - -----> statementPart
2021-11-19T10:24:06,455|[TRACE] graph - -------> nonSkippedChar
2021-11-19T10:24:06,455|[TRACE] script - #out(`,`) [token]
2021-11-19T10:24:06,455|[TRACE] graph - <------- nonSkippedChar
2021-11-19T10:24:06,455|[TRACE] graph - <----- statementPart
2021-11-19T10:24:06,455|[TRACE] graph - -----> afterStatementPartNewline
2021-11-19T10:24:06,455|[TRACE] script - #out(` `) [text]
2021-11-19T10:24:06,455|[TRACE] graph - <----- afterStatementPartNewline
2021-11-19T10:24:06,455|[TRACE] graph - -----> statementPart
2021-11-19T10:24:06,455|[TRACE] graph - -------> nonSkippedSpace
2021-11-19T10:24:06,455|[TRACE] script - #out(` `) [token]
2021-11-19T10:24:06,455|[TRACE] graph - <------- nonSkippedSpace
2021-11-19T10:24:06,455|[TRACE] graph - <----- statementPart
2021-11-19T10:24:06,455|[TRACE] graph - -----> statementPart
2021-11-19T10:24:06,455|[TRACE] graph - -------> nonSkippedSpace
2021-11-19T10:24:06,455|[TRACE] script - #out(` `) [token]
2021-11-19T10:24:06,455|[TRACE] graph - <------- nonSkippedSpace
2021-11-19T10:24:06,455|[TRACE] graph - <----- statementPart
2021-11-19T10:24:06,455|[TRACE] graph - -----> statementPart
2021-11-19T10:24:06,455|[TRACE] graph - -------> nonSkippedChar
2021-11-19T10:24:06,455|[TRACE] script - #out(`I`) [token]
2021-11-19T10:24:06,455|[TRACE] graph - <------- nonSkippedChar
2021-11-19T10:24:06,455|[TRACE] graph - <----- statementPart
2021-11-19T10:24:06,510|[TRACE] graph - -----> statementPart
2021-11-19T10:24:06,510|[TRACE] graph - -------> nonSkippedChar
2021-11-19T10:24:06,510|[TRACE] script - #out(`N`) [token]
2021-11-19T10:24:06,510|[TRACE] graph - <------- nonSkippedChar
2021-11-19T10:24:06,510|[TRACE] graph - <----- statementPart
2021-11-19T10:24:06,510|[TRACE] graph - -----> statementPart
2021-11-19T10:24:06,510|[TRACE] graph - -------> nonSkippedChar
2021-11-19T10:24:06,510|[TRACE] script - #out(`D`) [token]
2021-11-19T10:24:06,510|[TRACE] graph - <------- nonSkippedChar
2021-11-19T10:24:06,510|[TRACE] graph - <----- statementPart
2021-11-19T10:24:06,510|[TRACE] graph - -----> statementPart
2021-11-19T10:24:06,510|[TRACE] graph - -------> nonSkippedChar
2021-11-19T10:24:06,510|[TRACE] script - #out(`E`) [token]
2021-11-19T10:24:06,510|[TRACE] graph - <------- nonSkippedChar
2021-11-19T10:24:06,510|[TRACE] graph - <----- statementPart
2021-11-19T10:24:06,510|[TRACE] graph - -----> statementPart
2021-11-19T10:24:06,510|[TRACE] graph - -------> nonSkippedChar
2021-11-19T10:24:06,510|[TRACE] script - #out(`X`) [token]
2021-11-19T10:24:06,510|[TRACE] graph - <------- nonSkippedChar
2021-11-19T10:24:06,510|[TRACE] graph - <----- statementPart
2021-11-19T10:24:06,510|[TRACE] graph - -----> statementPart
2021-11-19T10:24:06,510|[TRACE] graph - -------> nonSkippedSpace
2021-11-19T10:24:06,510|[TRACE] script - #out(` `) [token]
2021-11-19T10:24:06,510|[TRACE] graph - <------- nonSkippedSpace
2021-11-19T10:24:06,510|[TRACE] graph - <----- statementPart
2021-11-19T10:24:06,510|[TRACE] graph - -----> statementPart
2021-11-19T10:24:06,510|[TRACE] graph - -------> quotedString
2021-11-19T10:24:06,510|[TRACE] script - #out(``fk_contact_person1_idx``) [token]
2021-11-19T10:24:06,510|[TRACE] graph - <------- quotedString
2021-11-19T10:24:06,510|[TRACE] graph - <----- statementPart
2021-11-19T10:24:06,510|[TRACE] graph - -----> statementPart
2021-11-19T10:24:06,510|[TRACE] graph - -------> nonSkippedSpace
2021-11-19T10:24:06,510|[TRACE] script - #out(` `) [token]
2021-11-19T10:24:06,510|[TRACE] graph - <------- nonSkippedSpace
2021-11-19T10:24:06,510|[TRACE] graph - <----- statementPart
2021-11-19T10:24:06,510|[TRACE] graph - -----> statementPart
2021-11-19T10:24:06,510|[TRACE] graph - -------> nonSkippedChar
2021-11-19T10:24:06,510|[TRACE] script - #out(`(`) [token]
2021-11-19T10:24:06,510|[TRACE] graph - <------- nonSkippedChar
2021-11-19T10:24:06,510|[TRACE] graph - <----- statementPart
2021-11-19T10:24:06,510|[TRACE] graph - -----> statementPart
2021-11-19T10:24:06,510|[TRACE] graph - -------> quotedString
2021-11-19T10:24:06,510|[TRACE] script - #out(``person_id``) [token]
2021-11-19T10:24:06,510|[TRACE] graph - <------- quotedString
2021-11-19T10:24:06,510|[TRACE] graph - <----- statementPart
2021-11-19T10:24:06,510|[TRACE] graph - -----> statementPart
2021-11-19T10:24:06,510|[TRACE] graph - -------> nonSkippedSpace
2021-11-19T10:24:06,510|[TRACE] script - #out(` `) [token]
2021-11-19T10:24:06,510|[TRACE] graph - <------- nonSkippedSpace
2021-11-19T10:24:06,510|[TRACE] graph - <----- statementPart
2021-11-19T10:24:06,510|[TRACE] graph - -----> statementPart
2021-11-19T10:24:06,510|[TRACE] graph - -------> nonSkippedChar
2021-11-19T10:24:06,510|[TRACE] script - #out(`A`) [token]
2021-11-19T10:24:06,510|[TRACE] graph - <------- nonSkippedChar
2021-11-19T10:24:06,510|[TRACE] graph - <----- statementPart
2021-11-19T10:24:06,510|[TRACE] graph - -----> statementPart
2021-11-19T10:24:06,510|[TRACE] graph - -------> nonSkippedChar
2021-11-19T10:24:06,510|[TRACE] script - #out(`S`) [token]
2021-11-19T10:24:06,510|[TRACE] graph - <------- nonSkippedChar
2021-11-19T10:24:06,510|[TRACE] graph - <----- statementPart
2021-11-19T10:24:06,510|[TRACE] graph - -----> statementPart
2021-11-19T10:24:06,510|[TRACE] graph - -------> nonSkippedChar
2021-11-19T10:24:06,510|[TRACE] script - #out(`C`) [token]
2021-11-19T10:24:06,510|[TRACE] graph - <------- nonSkippedChar
2021-11-19T10:24:06,510|[TRACE] graph - <----- statementPart
2021-11-19T10:24:06,510|[TRACE] graph - -----> statementPart
2021-11-19T10:24:06,510|[TRACE] graph - -------> nonSkippedChar
2021-11-19T10:24:06,510|[TRACE] script - #out(`)`) [token]
2021-11-19T10:24:06,510|[TRACE] graph - <------- nonSkippedChar
2021-11-19T10:24:06,510|[TRACE] graph - <----- statementPart
2021-11-19T10:24:06,510|[TRACE] graph - -----> statementPart
2021-11-19T10:24:06,510|[TRACE] graph - -------> nonSkippedSpace
2021-11-19T10:24:06,510|[TRACE] script - #out(` `) [token]
2021-11-19T10:24:06,510|[TRACE] graph - <------- nonSkippedSpace
2021-11-19T10:24:06,510|[TRACE] graph - <----- statementPart
2021-11-19T10:24:06,510|[TRACE] graph - -----> statementPart
2021-11-19T10:24:06,510|[TRACE] graph - -------> nonSkippedChar
2021-11-19T10:24:06,510|[TRACE] script - #out(`V`) [token]
2021-11-19T10:24:06,510|[TRACE] graph - <------- nonSkippedChar
2021-11-19T10:24:06,510|[TRACE] graph - <----- statementPart
2021-11-19T10:24:06,510|[TRACE] graph - -----> statementPart
2021-11-19T10:24:06,510|[TRACE] graph - -------> nonSkippedChar
2021-11-19T10:24:06,510|[TRACE] script - #out(`I`) [token]
2021-11-19T10:24:06,510|[TRACE] graph - <------- nonSkippedChar
2021-11-19T10:24:06,510|[TRACE] graph - <----- statementPart
2021-11-19T10:24:06,510|[TRACE] graph - -----> statementPart
2021-11-19T10:24:06,510|[TRACE] graph - -------> nonSkippedChar
2021-11-19T10:24:06,510|[TRACE] script - #out(`S`) [token]
2021-11-19T10:24:06,510|[TRACE] graph - <------- nonSkippedChar
2021-11-19T10:24:06,510|[TRACE] graph - <----- statementPart
2021-11-19T10:24:06,510|[TRACE] graph - -----> statementPart
2021-11-19T10:24:06,510|[TRACE] graph - -------> nonSkippedChar
2021-11-19T10:24:06,510|[TRACE] script - #out(`I`) [token]
2021-11-19T10:24:06,510|[TRACE] graph - <------- nonSkippedChar
2021-11-19T10:24:06,510|[TRACE] graph - <----- statementPart
2021-11-19T10:24:06,510|[TRACE] graph - -----> statementPart
2021-11-19T10:24:06,510|[TRACE] graph - -------> nonSkippedChar
2021-11-19T10:24:06,510|[TRACE] script - #out(`B`) [token]
2021-11-19T10:24:06,510|[TRACE] graph - <------- nonSkippedChar
2021-11-19T10:24:06,510|[TRACE] graph - <----- statementPart
2021-11-19T10:24:06,510|[TRACE] graph - -----> statementPart
2021-11-19T10:24:06,510|[TRACE] graph - -------> nonSkippedChar
2021-11-19T10:24:06,510|[TRACE] script - #out(`L`) [token]
2021-11-19T10:24:06,510|[TRACE] graph - <------- nonSkippedChar
2021-11-19T10:24:06,510|[TRACE] graph - <----- statementPart
2021-11-19T10:24:06,510|[TRACE] graph - -----> statementPart
2021-11-19T10:24:06,510|[TRACE] graph - -------> nonSkippedChar
2021-11-19T10:24:06,510|[TRACE] script - #out(`E`) [token]
2021-11-19T10:24:06,510|[TRACE] graph - <------- nonSkippedChar
2021-11-19T10:24:06,510|[TRACE] graph - <----- statementPart
2021-11-19T10:24:06,510|[TRACE] graph - -----> statementPart
2021-11-19T10:24:06,510|[TRACE] graph - -------> nonSkippedChar
2021-11-19T10:24:06,510|[TRACE] script - #out(`,`) [token]
2021-11-19T10:24:06,510|[TRACE] graph - <------- nonSkippedChar
2021-11-19T10:24:06,510|[TRACE] graph - <----- statementPart
2021-11-19T10:24:06,510|[TRACE] graph - -----> afterStatementPartNewline
2021-11-19T10:24:06,510|[TRACE] script - #out(` `) [text]
2021-11-19T10:24:06,510|[TRACE] graph - <----- afterStatementPartNewline
2021-11-19T10:24:06,510|[TRACE] graph - -----> statementPart
2021-11-19T10:24:06,510|[TRACE] graph - -------> nonSkippedSpace
2021-11-19T10:24:06,510|[TRACE] script - #out(` `) [token]
2021-11-19T10:24:06,510|[TRACE] graph - <------- nonSkippedSpace
2021-11-19T10:24:06,510|[TRACE] graph - <----- statementPart
2021-11-19T10:24:06,510|[TRACE] graph - -----> statementPart
2021-11-19T10:24:06,510|[TRACE] graph - -------> nonSkippedSpace
2021-11-19T10:24:06,510|[TRACE] script - #out(` `) [token]
2021-11-19T10:24:06,510|[TRACE] graph - <------- nonSkippedSpace
2021-11-19T10:24:06,510|[TRACE] graph - <----- statementPart
2021-11-19T10:24:06,510|[TRACE] graph - -----> statementPart
2021-11-19T10:24:06,510|[TRACE] graph - -------> nonSkippedChar
2021-11-19T10:24:06,510|[TRACE] script - #out(`C`) [token]
2021-11-19T10:24:06,510|[TRACE] graph - <------- nonSkippedChar
2021-11-19T10:24:06,510|[TRACE] graph - <----- statementPart
2021-11-19T10:24:06,510|[TRACE] graph - -----> statementPart
2021-11-19T10:24:06,510|[TRACE] graph - -------> nonSkippedChar
2021-11-19T10:24:06,510|[TRACE] script - #out(`O`) [token]
2021-11-19T10:24:06,510|[TRACE] graph - <------- nonSkippedChar
2021-11-19T10:24:06,510|[TRACE] graph - <----- statementPart
2021-11-19T10:24:06,510|[TRACE] graph - -----> statementPart
2021-11-19T10:24:06,510|[TRACE] graph - -------> nonSkippedChar
2021-11-19T10:24:06,510|[TRACE] script - #out(`N`) [token]
2021-11-19T10:24:06,510|[TRACE] graph - <------- nonSkippedChar
2021-11-19T10:24:06,510|[TRACE] graph - <----- statementPart
2021-11-19T10:24:06,510|[TRACE] graph - -----> statementPart
2021-11-19T10:24:06,510|[TRACE] graph - -------> nonSkippedChar
2021-11-19T10:24:06,510|[TRACE] script - #out(`S`) [token]
2021-11-19T10:24:06,510|[TRACE] graph - <------- nonSkippedChar
2021-11-19T10:24:06,510|[TRACE] graph - <----- statementPart
2021-11-19T10:24:06,510|[TRACE] graph - -----> statementPart
2021-11-19T10:24:06,510|[TRACE] graph - -------> nonSkippedChar
2021-11-19T10:24:06,510|[TRACE] script - #out(`T`) [token]
2021-11-19T10:24:06,510|[TRACE] graph - <------- nonSkippedChar
2021-11-19T10:24:06,510|[TRACE] graph - <----- statementPart
2021-11-19T10:24:06,510|[TRACE] graph - -----> statementPart
2021-11-19T10:24:06,510|[TRACE] graph - -------> nonSkippedChar
2021-11-19T10:24:06,510|[TRACE] script - #out(`R`) [token]
2021-11-19T10:24:06,510|[TRACE] graph - <------- nonSkippedChar
2021-11-19T10:24:06,510|[TRACE] graph - <----- statementPart
2021-11-19T10:24:06,510|[TRACE] graph - -----> statementPart
2021-11-19T10:24:06,510|[TRACE] graph - -------> nonSkippedChar
2021-11-19T10:24:06,510|[TRACE] script - #out(`A`) [token]
2021-11-19T10:24:06,510|[TRACE] graph - <------- nonSkippedChar
2021-11-19T10:24:06,510|[TRACE] graph - <----- statementPart
2021-11-19T10:24:06,510|[TRACE] graph - -----> statementPart
2021-11-19T10:24:06,510|[TRACE] graph - -------> nonSkippedChar
2021-11-19T10:24:06,510|[TRACE] script - #out(`I`) [token]
2021-11-19T10:24:06,510|[TRACE] graph - <------- nonSkippedChar
2021-11-19T10:24:06,510|[TRACE] graph - <----- statementPart
2021-11-19T10:24:06,510|[TRACE] graph - -----> statementPart
2021-11-19T10:24:06,510|[TRACE] graph - -------> nonSkippedChar
2021-11-19T10:24:06,510|[TRACE] script - #out(`N`) [token]
2021-11-19T10:24:06,510|[TRACE] graph - <------- nonSkippedChar
2021-11-19T10:24:06,510|[TRACE] graph - <----- statementPart
2021-11-19T10:24:06,510|[TRACE] graph - -----> statementPart
2021-11-19T10:24:06,510|[TRACE] graph - -------> nonSkippedChar
2021-11-19T10:24:06,510|[TRACE] script - #out(`T`) [token]
2021-11-19T10:24:06,510|[TRACE] graph - <------- nonSkippedChar
2021-11-19T10:24:06,510|[TRACE] graph - <----- statementPart
2021-11-19T10:24:06,510|[TRACE] graph - -----> statementPart
2021-11-19T10:24:06,510|[TRACE] graph - -------> nonSkippedSpace
2021-11-19T10:24:06,510|[TRACE] script - #out(` `) [token]
2021-11-19T10:24:06,510|[TRACE] graph - <------- nonSkippedSpace
2021-11-19T10:24:06,510|[TRACE] graph - <----- statementPart
2021-11-19T10:24:06,510|[TRACE] graph - -----> statementPart
2021-11-19T10:24:06,510|[TRACE] graph - -------> quotedString
2021-11-19T10:24:06,510|[TRACE] script - #out(``fk_contact_address1``) [token]
2021-11-19T10:24:06,510|[TRACE] graph - <------- quotedString
2021-11-19T10:24:06,510|[TRACE] graph - <----- statementPart
2021-11-19T10:24:06,510|[TRACE] graph - -----> afterStatementPartNewline
2021-11-19T10:24:06,510|[TRACE] script - #out(` `) [text]
2021-11-19T10:24:06,510|[TRACE] graph - <----- afterStatementPartNewline
2021-11-19T10:24:06,510|[TRACE] graph - -----> statementPart
2021-11-19T10:24:06,510|[TRACE] graph - -------> nonSkippedSpace
2021-11-19T10:24:06,510|[TRACE] script - #out(` `) [token]
2021-11-19T10:24:06,510|[TRACE] graph - <------- nonSkippedSpace
2021-11-19T10:24:06,510|[TRACE] graph - <----- statementPart
2021-11-19T10:24:06,510|[TRACE] graph - -----> statementPart
2021-11-19T10:24:06,510|[TRACE] graph - -------> nonSkippedSpace
2021-11-19T10:24:06,510|[TRACE] script - #out(` `) [token]
2021-11-19T10:24:06,511|[TRACE] graph - <------- nonSkippedSpace
2021-11-19T10:24:06,511|[TRACE] graph - <----- statementPart
2021-11-19T10:24:06,511|[TRACE] graph - -----> statementPart
2021-11-19T10:24:06,511|[TRACE] graph - -------> nonSkippedSpace
2021-11-19T10:24:06,511|[TRACE] script - #out(` `) [token]
2021-11-19T10:24:06,511|[TRACE] graph - <------- nonSkippedSpace
2021-11-19T10:24:06,511|[TRACE] graph - <----- statementPart
2021-11-19T10:24:06,511|[TRACE] graph - -----> statementPart
2021-11-19T10:24:06,511|[TRACE] graph - -------> nonSkippedSpace
2021-11-19T10:24:06,511|[TRACE] script - #out(` `) [token]
2021-11-19T10:24:06,511|[TRACE] graph - <------- nonSkippedSpace
2021-11-19T10:24:06,511|[TRACE] graph - <----- statementPart
2021-11-19T10:24:06,511|[TRACE] graph - -----> statementPart
2021-11-19T10:24:06,511|[TRACE] graph - -------> nonSkippedChar
2021-11-19T10:24:06,511|[TRACE] script - #out(`F`) [token]
2021-11-19T10:24:06,511|[TRACE] graph - <------- nonSkippedChar
2021-11-19T10:24:06,511|[TRACE] graph - <----- statementPart
2021-11-19T10:24:06,511|[TRACE] graph - -----> statementPart
2021-11-19T10:24:06,511|[TRACE] graph - -------> nonSkippedChar
2021-11-19T10:24:06,511|[TRACE] script - #out(`O`) [token]
2021-11-19T10:24:06,511|[TRACE] graph - <------- nonSkippedChar
2021-11-19T10:24:06,511|[TRACE] graph - <----- statementPart
2021-11-19T10:24:06,511|[TRACE] graph - -----> statementPart
2021-11-19T10:24:06,511|[TRACE] graph - -------> nonSkippedChar
2021-11-19T10:24:06,511|[TRACE] script - #out(`R`) [token]
2021-11-19T10:24:06,511|[TRACE] graph - <------- nonSkippedChar
2021-11-19T10:24:06,511|[TRACE] graph - <----- statementPart
2021-11-19T10:24:06,511|[TRACE] graph - -----> statementPart
2021-11-19T10:24:06,511|[TRACE] graph - -------> nonSkippedChar
2021-11-19T10:24:06,511|[TRACE] script - #out(`E`) [token]
2021-11-19T10:24:06,511|[TRACE] graph - <------- nonSkippedChar
2021-11-19T10:24:06,511|[TRACE] graph - <----- statementPart
2021-11-19T10:24:06,511|[TRACE] graph - -----> statementPart
2021-11-19T10:24:06,511|[TRACE] graph - -------> nonSkippedChar
2021-11-19T10:24:06,511|[TRACE] script - #out(`I`) [token]
2021-11-19T10:24:06,511|[TRACE] graph - <------- nonSkippedChar
2021-11-19T10:24:06,511|[TRACE] graph - <----- statementPart
2021-11-19T10:24:06,511|[TRACE] graph - -----> statementPart
2021-11-19T10:24:06,511|[TRACE] graph - -------> nonSkippedChar
2021-11-19T10:24:06,511|[TRACE] script - #out(`G`) [token]
2021-11-19T10:24:06,511|[TRACE] graph - <------- nonSkippedChar
2021-11-19T10:24:06,511|[TRACE] graph - <----- statementPart
2021-11-19T10:24:06,511|[TRACE] graph - -----> statementPart
2021-11-19T10:24:06,511|[TRACE] graph - -------> nonSkippedChar
2021-11-19T10:24:06,511|[TRACE] script - #out(`N`) [token]
2021-11-19T10:24:06,511|[TRACE] graph - <------- nonSkippedChar
2021-11-19T10:24:06,511|[TRACE] graph - <----- statementPart
2021-11-19T10:24:06,511|[TRACE] graph - -----> statementPart
2021-11-19T10:24:06,511|[TRACE] graph - -------> nonSkippedSpace
2021-11-19T10:24:06,511|[TRACE] script - #out(` `) [token]
2021-11-19T10:24:06,511|[TRACE] graph - <------- nonSkippedSpace
2021-11-19T10:24:06,511|[TRACE] graph - <----- statementPart
2021-11-19T10:24:06,511|[TRACE] graph - -----> statementPart
2021-11-19T10:24:06,511|[TRACE] graph - -------> nonSkippedChar
2021-11-19T10:24:06,511|[TRACE] script - #out(`K`) [token]
2021-11-19T10:24:06,511|[TRACE] graph - <------- nonSkippedChar
2021-11-19T10:24:06,511|[TRACE] graph - <----- statementPart
2021-11-19T10:24:06,511|[TRACE] graph - -----> statementPart
2021-11-19T10:24:06,511|[TRACE] graph - -------> nonSkippedChar
2021-11-19T10:24:06,511|[TRACE] script - #out(`E`) [token]
2021-11-19T10:24:06,511|[TRACE] graph - <------- nonSkippedChar
2021-11-19T10:24:06,511|[TRACE] graph - <----- statementPart
2021-11-19T10:24:06,511|[TRACE] graph - -----> statementPart
2021-11-19T10:24:06,511|[TRACE] graph - -------> nonSkippedChar
2021-11-19T10:24:06,511|[TRACE] script - #out(`Y`) [token]
2021-11-19T10:24:06,511|[TRACE] graph - <------- nonSkippedChar
2021-11-19T10:24:06,511|[TRACE] graph - <----- statementPart
2021-11-19T10:24:06,511|[TRACE] graph - -----> statementPart
2021-11-19T10:24:06,511|[TRACE] graph - -------> nonSkippedSpace
2021-11-19T10:24:06,511|[TRACE] script - #out(` `) [token]
2021-11-19T10:24:06,511|[TRACE] graph - <------- nonSkippedSpace
2021-11-19T10:24:06,511|[TRACE] graph - <----- statementPart
2021-11-19T10:24:06,511|[TRACE] graph - -----> statementPart
2021-11-19T10:24:06,511|[TRACE] graph - -------> nonSkippedChar
2021-11-19T10:24:06,511|[TRACE] script - #out(`(`) [token]
2021-11-19T10:24:06,511|[TRACE] graph - <------- nonSkippedChar
2021-11-19T10:24:06,511|[TRACE] graph - <----- statementPart
2021-11-19T10:24:06,511|[TRACE] graph - -----> statementPart
2021-11-19T10:24:06,511|[TRACE] graph - -------> quotedString
2021-11-19T10:24:06,511|[TRACE] script - #out(``address_id``) [token]
2021-11-19T10:24:06,511|[TRACE] graph - <------- quotedString
2021-11-19T10:24:06,511|[TRACE] graph - <----- statementPart
2021-11-19T10:24:06,511|[TRACE] graph - -----> statementPart
2021-11-19T10:24:06,511|[TRACE] graph - -------> nonSkippedChar
2021-11-19T10:24:06,511|[TRACE] script - #out(`)`) [token]
2021-11-19T10:24:06,511|[TRACE] graph - <------- nonSkippedChar
2021-11-19T10:24:06,511|[TRACE] graph - <----- statementPart
2021-11-19T10:24:06,511|[TRACE] graph - -----> afterStatementPartNewline
2021-11-19T10:24:06,511|[TRACE] script - #out(` `) [text]
2021-11-19T10:24:06,511|[TRACE] graph - <----- afterStatementPartNewline
2021-11-19T10:24:06,511|[TRACE] graph - -----> statementPart
2021-11-19T10:24:06,511|[TRACE] graph - -------> nonSkippedSpace
2021-11-19T10:24:06,511|[TRACE] script - #out(` `) [token]
2021-11-19T10:24:06,511|[TRACE] graph - <------- nonSkippedSpace
2021-11-19T10:24:06,511|[TRACE] graph - <----- statementPart
2021-11-19T10:24:06,511|[TRACE] graph - -----> statementPart
2021-11-19T10:24:06,511|[TRACE] graph - -------> nonSkippedSpace
2021-11-19T10:24:06,511|[TRACE] script - #out(` `) [token]
2021-11-19T10:24:06,511|[TRACE] graph - <------- nonSkippedSpace
2021-11-19T10:24:06,511|[TRACE] graph - <----- statementPart
2021-11-19T10:24:06,511|[TRACE] graph - -----> statementPart
2021-11-19T10:24:06,511|[TRACE] graph - -------> nonSkippedSpace
2021-11-19T10:24:06,511|[TRACE] script - #out(` `) [token]
2021-11-19T10:24:06,511|[TRACE] graph - <------- nonSkippedSpace
2021-11-19T10:24:06,511|[TRACE] graph - <----- statementPart
2021-11-19T10:24:06,511|[TRACE] graph - -----> statementPart
2021-11-19T10:24:06,511|[TRACE] graph - -------> nonSkippedSpace
2021-11-19T10:24:06,511|[TRACE] script - #out(` `) [token]
2021-11-19T10:24:06,511|[TRACE] graph - <------- nonSkippedSpace
2021-11-19T10:24:06,511|[TRACE] graph - <----- statementPart
2021-11-19T10:24:06,511|[TRACE] graph - -----> statementPart
2021-11-19T10:24:06,511|[TRACE] graph - -------> nonSkippedChar
2021-11-19T10:24:06,511|[TRACE] script - #out(`R`) [token]
2021-11-19T10:24:06,511|[TRACE] graph - <------- nonSkippedChar
2021-11-19T10:24:06,511|[TRACE] graph - <----- statementPart
2021-11-19T10:24:06,511|[TRACE] graph - -----> statementPart
2021-11-19T10:24:06,511|[TRACE] graph - -------> nonSkippedChar
2021-11-19T10:24:06,511|[TRACE] script - #out(`E`) [token]
2021-11-19T10:24:06,511|[TRACE] graph - <------- nonSkippedChar
2021-11-19T10:24:06,511|[TRACE] graph - <----- statementPart
2021-11-19T10:24:06,511|[TRACE] graph - -----> statementPart
2021-11-19T10:24:06,511|[TRACE] graph - -------> nonSkippedChar
2021-11-19T10:24:06,511|[TRACE] script - #out(`F`) [token]
2021-11-19T10:24:06,511|[TRACE] graph - <------- nonSkippedChar
2021-11-19T10:24:06,511|[TRACE] graph - <----- statementPart
2021-11-19T10:24:06,511|[TRACE] graph - -----> statementPart
2021-11-19T10:24:06,511|[TRACE] graph - -------> nonSkippedChar
2021-11-19T10:24:06,511|[TRACE] script - #out(`E`) [token]
2021-11-19T10:24:06,511|[TRACE] graph - <------- nonSkippedChar
2021-11-19T10:24:06,511|[TRACE] graph - <----- statementPart
2021-11-19T10:24:06,511|[TRACE] graph - -----> statementPart
2021-11-19T10:24:06,511|[TRACE] graph - -------> nonSkippedChar
2021-11-19T10:24:06,511|[TRACE] script - #out(`R`) [token]
2021-11-19T10:24:06,511|[TRACE] graph - <------- nonSkippedChar
2021-11-19T10:24:06,511|[TRACE] graph - <----- statementPart
2021-11-19T10:24:06,511|[TRACE] graph - -----> statementPart
2021-11-19T10:24:06,511|[TRACE] graph - -------> nonSkippedChar
2021-11-19T10:24:06,511|[TRACE] script - #out(`E`) [token]
2021-11-19T10:24:06,511|[TRACE] graph - <------- nonSkippedChar
2021-11-19T10:24:06,511|[TRACE] graph - <----- statementPart
2021-11-19T10:24:06,511|[TRACE] graph - -----> statementPart
2021-11-19T10:24:06,511|[TRACE] graph - -------> nonSkippedChar
2021-11-19T10:24:06,511|[TRACE] script - #out(`N`) [token]
2021-11-19T10:24:06,511|[TRACE] graph - <------- nonSkippedChar
2021-11-19T10:24:06,511|[TRACE] graph - <----- statementPart
2021-11-19T10:24:06,511|[TRACE] graph - -----> statementPart
2021-11-19T10:24:06,511|[TRACE] graph - -------> nonSkippedChar
2021-11-19T10:24:06,511|[TRACE] script - #out(`C`) [token]
2021-11-19T10:24:06,511|[TRACE] graph - <------- nonSkippedChar
2021-11-19T10:24:06,511|[TRACE] graph - <----- statementPart
2021-11-19T10:24:06,511|[TRACE] graph - -----> statementPart
2021-11-19T10:24:06,511|[TRACE] graph - -------> nonSkippedChar
2021-11-19T10:24:06,511|[TRACE] script - #out(`E`) [token]
2021-11-19T10:24:06,511|[TRACE] graph - <------- nonSkippedChar
2021-11-19T10:24:06,511|[TRACE] graph - <----- statementPart
2021-11-19T10:24:06,511|[TRACE] graph - -----> statementPart
2021-11-19T10:24:06,511|[TRACE] graph - -------> nonSkippedChar
2021-11-19T10:24:06,511|[TRACE] script - #out(`S`) [token]
2021-11-19T10:24:06,511|[TRACE] graph - <------- nonSkippedChar
2021-11-19T10:24:06,511|[TRACE] graph - <----- statementPart
2021-11-19T10:24:06,511|[TRACE] graph - -----> statementPart
2021-11-19T10:24:06,511|[TRACE] graph - -------> nonSkippedSpace
2021-11-19T10:24:06,511|[TRACE] script - #out(` `) [token]
2021-11-19T10:24:06,511|[TRACE] graph - <------- nonSkippedSpace
2021-11-19T10:24:06,511|[TRACE] graph - <----- statementPart
2021-11-19T10:24:06,511|[TRACE] graph - -----> statementPart
2021-11-19T10:24:06,511|[TRACE] graph - -------> quotedString
2021-11-19T10:24:06,511|[TRACE] script - #out(``bloodbank``) [token]
2021-11-19T10:24:06,511|[TRACE] graph - <------- quotedString
2021-11-19T10:24:06,511|[TRACE] graph - <----- statementPart
2021-11-19T10:24:06,511|[TRACE] graph - -----> statementPart
2021-11-19T10:24:06,511|[TRACE] graph - -------> nonSkippedChar
2021-11-19T10:24:06,511|[TRACE] script - #out(`.`) [token]
2021-11-19T10:24:06,512|[TRACE] graph - <------- nonSkippedChar
2021-11-19T10:24:06,512|[TRACE] graph - <----- statementPart
2021-11-19T10:24:06,512|[TRACE] graph - -----> statementPart
2021-11-19T10:24:06,512|[TRACE] graph - -------> quotedString
2021-11-19T10:24:06,512|[TRACE] script - #out(``address``) [token]
2021-11-19T10:24:06,512|[TRACE] graph - <------- quotedString
2021-11-19T10:24:06,512|[TRACE] graph - <----- statementPart
2021-11-19T10:24:06,512|[TRACE] graph - -----> statementPart
2021-11-19T10:24:06,512|[TRACE] graph - -------> nonSkippedSpace
2021-11-19T10:24:06,512|[TRACE] script - #out(` `) [token]
2021-11-19T10:24:06,512|[TRACE] graph - <------- nonSkippedSpace
2021-11-19T10:24:06,512|[TRACE] graph - <----- statementPart
2021-11-19T10:24:06,512|[TRACE] graph - -----> statementPart
2021-11-19T10:24:06,512|[TRACE] graph - -------> nonSkippedChar
2021-11-19T10:24:06,512|[TRACE] script - #out(`(`) [token]
2021-11-19T10:24:06,512|[TRACE] graph - <------- nonSkippedChar
2021-11-19T10:24:06,512|[TRACE] graph - <----- statementPart
2021-11-19T10:24:06,512|[TRACE] graph - -----> statementPart
2021-11-19T10:24:06,512|[TRACE] graph - -------> quotedString
2021-11-19T10:24:06,512|[TRACE] script - #out(``address_id``) [token]
2021-11-19T10:24:06,512|[TRACE] graph - <------- quotedString
2021-11-19T10:24:06,512|[TRACE] graph - <----- statementPart
2021-11-19T10:24:06,512|[TRACE] graph - -----> statementPart
2021-11-19T10:24:06,512|[TRACE] graph - -------> nonSkippedChar
2021-11-19T10:24:06,512|[TRACE] script - #out(`)`) [token]
2021-11-19T10:24:06,512|[TRACE] graph - <------- nonSkippedChar
2021-11-19T10:24:06,512|[TRACE] graph - <----- statementPart
2021-11-19T10:24:06,512|[TRACE] graph - -----> afterStatementPartNewline
2021-11-19T10:24:06,512|[TRACE] script - #out(` `) [text]
2021-11-19T10:24:06,512|[TRACE] graph - <----- afterStatementPartNewline
2021-11-19T10:24:06,512|[TRACE] graph - -----> statementPart
2021-11-19T10:24:06,512|[TRACE] graph - -------> nonSkippedSpace
2021-11-19T10:24:06,512|[TRACE] script - #out(` `) [token]
2021-11-19T10:24:06,512|[TRACE] graph - <------- nonSkippedSpace
2021-11-19T10:24:06,512|[TRACE] graph - <----- statementPart
2021-11-19T10:24:06,512|[TRACE] graph - -----> statementPart
2021-11-19T10:24:06,512|[TRACE] graph - -------> nonSkippedSpace
2021-11-19T10:24:06,512|[TRACE] script - #out(` `) [token]
2021-11-19T10:24:06,512|[TRACE] graph - <------- nonSkippedSpace
2021-11-19T10:24:06,512|[TRACE] graph - <----- statementPart
2021-11-19T10:24:06,512|[TRACE] graph - -----> statementPart
2021-11-19T10:24:06,512|[TRACE] graph - -------> nonSkippedSpace
2021-11-19T10:24:06,512|[TRACE] script - #out(` `) [token]
2021-11-19T10:24:06,512|[TRACE] graph - <------- nonSkippedSpace
2021-11-19T10:24:06,512|[TRACE] graph - <----- statementPart
2021-11-19T10:24:06,512|[TRACE] graph - -----> statementPart
2021-11-19T10:24:06,512|[TRACE] graph - -------> nonSkippedSpace
2021-11-19T10:24:06,512|[TRACE] script - #out(` `) [token]
2021-11-19T10:24:06,512|[TRACE] graph - <------- nonSkippedSpace
2021-11-19T10:24:06,512|[TRACE] graph - <----- statementPart
2021-11-19T10:24:06,512|[TRACE] graph - -----> statementPart
2021-11-19T10:24:06,512|[TRACE] graph - -------> nonSkippedChar
2021-11-19T10:24:06,512|[TRACE] script - #out(`O`) [token]
2021-11-19T10:24:06,512|[TRACE] graph - <------- nonSkippedChar
2021-11-19T10:24:06,512|[TRACE] graph - <----- statementPart
2021-11-19T10:24:06,512|[TRACE] graph - -----> statementPart
2021-11-19T10:24:06,512|[TRACE] graph - -------> nonSkippedChar
2021-11-19T10:24:06,512|[TRACE] script - #out(`N`) [token]
2021-11-19T10:24:06,512|[TRACE] graph - <------- nonSkippedChar
2021-11-19T10:24:06,512|[TRACE] graph - <----- statementPart
2021-11-19T10:24:06,512|[TRACE] graph - -----> statementPart
2021-11-19T10:24:06,512|[TRACE] graph - -------> nonSkippedSpace
2021-11-19T10:24:06,512|[TRACE] script - #out(` `) [token]
2021-11-19T10:24:06,512|[TRACE] graph - <------- nonSkippedSpace
2021-11-19T10:24:06,512|[TRACE] graph - <----- statementPart
2021-11-19T10:24:06,512|[TRACE] graph - -----> statementPart
2021-11-19T10:24:06,512|[TRACE] graph - -------> nonSkippedChar
2021-11-19T10:24:06,512|[TRACE] script - #out(`D`) [token]
2021-11-19T10:24:06,512|[TRACE] graph - <------- nonSkippedChar
2021-11-19T10:24:06,512|[TRACE] graph - <----- statementPart
2021-11-19T10:24:06,512|[TRACE] graph - -----> statementPart
2021-11-19T10:24:06,512|[TRACE] graph - -------> nonSkippedChar
2021-11-19T10:24:06,512|[TRACE] script - #out(`E`) [token]
2021-11-19T10:24:06,512|[TRACE] graph - <------- nonSkippedChar
2021-11-19T10:24:06,512|[TRACE] graph - <----- statementPart
2021-11-19T10:24:06,512|[TRACE] graph - -----> statementPart
2021-11-19T10:24:06,512|[TRACE] graph - -------> nonSkippedChar
2021-11-19T10:24:06,512|[TRACE] script - #out(`L`) [token]
2021-11-19T10:24:06,512|[TRACE] graph - <------- nonSkippedChar
2021-11-19T10:24:06,512|[TRACE] graph - <----- statementPart
2021-11-19T10:24:06,512|[TRACE] graph - -----> statementPart
2021-11-19T10:24:06,512|[TRACE] graph - -------> nonSkippedChar
2021-11-19T10:24:06,512|[TRACE] script - #out(`E`) [token]
2021-11-19T10:24:06,512|[TRACE] graph - <------- nonSkippedChar
2021-11-19T10:24:06,512|[TRACE] graph - <----- statementPart
2021-11-19T10:24:06,512|[TRACE] graph - -----> statementPart
2021-11-19T10:24:06,512|[TRACE] graph - -------> nonSkippedChar
2021-11-19T10:24:06,512|[TRACE] script - #out(`T`) [token]
2021-11-19T10:24:06,512|[TRACE] graph - <------- nonSkippedChar
2021-11-19T10:24:06,512|[TRACE] graph - <----- statementPart
2021-11-19T10:24:06,512|[TRACE] graph - -----> statementPart
2021-11-19T10:24:06,512|[TRACE] graph - -------> nonSkippedChar
2021-11-19T10:24:06,567|[TRACE] script - #out(`E`) [token]
2021-11-19T10:24:06,567|[TRACE] graph - <------- nonSkippedChar
2021-11-19T10:24:06,567|[TRACE] graph - <----- statementPart
2021-11-19T10:24:06,567|[TRACE] graph - -----> statementPart
2021-11-19T10:24:06,567|[TRACE] graph - -------> nonSkippedSpace
2021-11-19T10:24:06,567|[TRACE] script - #out(` `) [token]
2021-11-19T10:24:06,567|[TRACE] graph - <------- nonSkippedSpace
2021-11-19T10:24:06,567|[TRACE] graph - <----- statementPart
2021-11-19T10:24:06,567|[TRACE] graph - -----> statementPart
2021-11-19T10:24:06,567|[TRACE] graph - -------> nonSkippedChar
2021-11-19T10:24:06,567|[TRACE] script - #out(`N`) [token]
2021-11-19T10:24:06,567|[TRACE] graph - <------- nonSkippedChar
2021-11-19T10:24:06,567|[TRACE] graph - <----- statementPart
2021-11-19T10:24:06,567|[TRACE] graph - -----> statementPart
2021-11-19T10:24:06,567|[TRACE] graph - -------> nonSkippedChar
2021-11-19T10:24:06,567|[TRACE] script - #out(`O`) [token]
2021-11-19T10:24:06,567|[TRACE] graph - <------- nonSkippedChar
2021-11-19T10:24:06,567|[TRACE] graph - <----- statementPart
2021-11-19T10:24:06,567|[TRACE] graph - -----> statementPart
2021-11-19T10:24:06,567|[TRACE] graph - -------> nonSkippedSpace
2021-11-19T10:24:06,567|[TRACE] script - #out(` `) [token]
2021-11-19T10:24:06,567|[TRACE] graph - <------- nonSkippedSpace
2021-11-19T10:24:06,567|[TRACE] graph - <----- statementPart
2021-11-19T10:24:06,567|[TRACE] graph - -----> statementPart
2021-11-19T10:24:06,567|[TRACE] graph - -------> nonSkippedChar
2021-11-19T10:24:06,567|[TRACE] script - #out(`A`) [token]
2021-11-19T10:24:06,567|[TRACE] graph - <------- nonSkippedChar
2021-11-19T10:24:06,567|[TRACE] graph - <----- statementPart
2021-11-19T10:24:06,567|[TRACE] graph - -----> statementPart
2021-11-19T10:24:06,567|[TRACE] graph - -------> nonSkippedChar
2021-11-19T10:24:06,567|[TRACE] script - #out(`C`) [token]
2021-11-19T10:24:06,567|[TRACE] graph - <------- nonSkippedChar
2021-11-19T10:24:06,567|[TRACE] graph - <----- statementPart
2021-11-19T10:24:06,567|[TRACE] graph - -----> statementPart
2021-11-19T10:24:06,567|[TRACE] graph - -------> nonSkippedChar
2021-11-19T10:24:06,567|[TRACE] script - #out(`T`) [token]
2021-11-19T10:24:06,567|[TRACE] graph - <------- nonSkippedChar
2021-11-19T10:24:06,567|[TRACE] graph - <----- statementPart
2021-11-19T10:24:06,567|[TRACE] graph - -----> statementPart
2021-11-19T10:24:06,567|[TRACE] graph - -------> nonSkippedChar
2021-11-19T10:24:06,567|[TRACE] script - #out(`I`) [token]
2021-11-19T10:24:06,567|[TRACE] graph - <------- nonSkippedChar
2021-11-19T10:24:06,567|[TRACE] graph - <----- statementPart
2021-11-19T10:24:06,567|[TRACE] graph - -----> statementPart
2021-11-19T10:24:06,567|[TRACE] graph - -------> nonSkippedChar
2021-11-19T10:24:06,567|[TRACE] script - #out(`O`) [token]
2021-11-19T10:24:06,567|[TRACE] graph - <------- nonSkippedChar
2021-11-19T10:24:06,567|[TRACE] graph - <----- statementPart
2021-11-19T10:24:06,567|[TRACE] graph - -----> statementPart
2021-11-19T10:24:06,567|[TRACE] graph - -------> nonSkippedChar
2021-11-19T10:24:06,567|[TRACE] script - #out(`N`) [token]
2021-11-19T10:24:06,567|[TRACE] graph - <------- nonSkippedChar
2021-11-19T10:24:06,567|[TRACE] graph - <----- statementPart
2021-11-19T10:24:06,567|[TRACE] graph - -----> afterStatementPartNewline
2021-11-19T10:24:06,567|[TRACE] script - #out(` `) [text]
2021-11-19T10:24:06,567|[TRACE] graph - <----- afterStatementPartNewline
2021-11-19T10:24:06,567|[TRACE] graph - -----> statementPart
2021-11-19T10:24:06,567|[TRACE] graph - -------> nonSkippedSpace
2021-11-19T10:24:06,567|[TRACE] script - #out(` `) [token]
2021-11-19T10:24:06,567|[TRACE] graph - <------- nonSkippedSpace
2021-11-19T10:24:06,567|[TRACE] graph - <----- statementPart
2021-11-19T10:24:06,567|[TRACE] graph - -----> statementPart
2021-11-19T10:24:06,567|[TRACE] graph - -------> nonSkippedSpace
2021-11-19T10:24:06,567|[TRACE] script - #out(` `) [token]
2021-11-19T10:24:06,567|[TRACE] graph - <------- nonSkippedSpace
2021-11-19T10:24:06,567|[TRACE] graph - <----- statementPart
2021-11-19T10:24:06,567|[TRACE] graph - -----> statementPart
2021-11-19T10:24:06,567|[TRACE] graph - -------> nonSkippedSpace
2021-11-19T10:24:06,567|[TRACE] script - #out(` `) [token]
2021-11-19T10:24:06,567|[TRACE] graph - <------- nonSkippedSpace
2021-11-19T10:24:06,567|[TRACE] graph - <----- statementPart
2021-11-19T10:24:06,567|[TRACE] graph - -----> statementPart
2021-11-19T10:24:06,567|[TRACE] graph - -------> nonSkippedSpace
2021-11-19T10:24:06,567|[TRACE] script - #out(` `) [token]
2021-11-19T10:24:06,567|[TRACE] graph - <------- nonSkippedSpace
2021-11-19T10:24:06,567|[TRACE] graph - <----- statementPart
2021-11-19T10:24:06,567|[TRACE] graph - -----> statementPart
2021-11-19T10:24:06,567|[TRACE] graph - -------> nonSkippedChar
2021-11-19T10:24:06,567|[TRACE] script - #out(`O`) [token]
2021-11-19T10:24:06,567|[TRACE] graph - <------- nonSkippedChar
2021-11-19T10:24:06,567|[TRACE] graph - <----- statementPart
2021-11-19T10:24:06,567|[TRACE] graph - -----> statementPart
2021-11-19T10:24:06,567|[TRACE] graph - -------> nonSkippedChar
2021-11-19T10:24:06,567|[TRACE] script - #out(`N`) [token]
2021-11-19T10:24:06,567|[TRACE] graph - <------- nonSkippedChar
2021-11-19T10:24:06,567|[TRACE] graph - <----- statementPart
2021-11-19T10:24:06,567|[TRACE] graph - -----> statementPart
2021-11-19T10:24:06,567|[TRACE] graph - -------> nonSkippedSpace
2021-11-19T10:24:06,567|[TRACE] script - #out(` `) [token]
2021-11-19T10:24:06,567|[TRACE] graph - <------- nonSkippedSpace
2021-11-19T10:24:06,567|[TRACE] graph - <----- statementPart
2021-11-19T10:24:06,567|[TRACE] graph - -----> statementPart
2021-11-19T10:24:06,567|[TRACE] graph - -------> nonSkippedChar
2021-11-19T10:24:06,567|[TRACE] script - #out(`U`) [token]
2021-11-19T10:24:06,567|[TRACE] graph - <------- nonSkippedChar
2021-11-19T10:24:06,567|[TRACE] graph - <----- statementPart
2021-11-19T10:24:06,567|[TRACE] graph - -----> statementPart
2021-11-19T10:24:06,567|[TRACE] graph - -------> nonSkippedChar
2021-11-19T10:24:06,567|[TRACE] script - #out(`P`) [token]
2021-11-19T10:24:06,567|[TRACE] graph - <------- nonSkippedChar
2021-11-19T10:24:06,567|[TRACE] graph - <----- statementPart
2021-11-19T10:24:06,567|[TRACE] graph - -----> statementPart
2021-11-19T10:24:06,567|[TRACE] graph - -------> nonSkippedChar
2021-11-19T10:24:06,567|[TRACE] script - #out(`D`) [token]
2021-11-19T10:24:06,567|[TRACE] graph - <------- nonSkippedChar
2021-11-19T10:24:06,567|[TRACE] graph - <----- statementPart
2021-11-19T10:24:06,567|[TRACE] graph - -----> statementPart
2021-11-19T10:24:06,567|[TRACE] graph - -------> nonSkippedChar
2021-11-19T10:24:06,567|[TRACE] script - #out(`A`) [token]
2021-11-19T10:24:06,567|[TRACE] graph - <------- nonSkippedChar
2021-11-19T10:24:06,567|[TRACE] graph - <----- statementPart
2021-11-19T10:24:06,567|[TRACE] graph - -----> statementPart
2021-11-19T10:24:06,567|[TRACE] graph - -------> nonSkippedChar
2021-11-19T10:24:06,567|[TRACE] script - #out(`T`) [token]
2021-11-19T10:24:06,567|[TRACE] graph - <------- nonSkippedChar
2021-11-19T10:24:06,567|[TRACE] graph - <----- statementPart
2021-11-19T10:24:06,567|[TRACE] graph - -----> statementPart
2021-11-19T10:24:06,567|[TRACE] graph - -------> nonSkippedChar
2021-11-19T10:24:06,567|[TRACE] script - #out(`E`) [token]
2021-11-19T10:24:06,567|[TRACE] graph - <------- nonSkippedChar
2021-11-19T10:24:06,567|[TRACE] graph - <----- statementPart
2021-11-19T10:24:06,567|[TRACE] graph - -----> statementPart
2021-11-19T10:24:06,567|[TRACE] graph - -------> nonSkippedSpace
2021-11-19T10:24:06,567|[TRACE] script - #out(` `) [token]
2021-11-19T10:24:06,567|[TRACE] graph - <------- nonSkippedSpace
2021-11-19T10:24:06,567|[TRACE] graph - <----- statementPart
2021-11-19T10:24:06,567|[TRACE] graph - -----> statementPart
2021-11-19T10:24:06,567|[TRACE] graph - -------> nonSkippedChar
2021-11-19T10:24:06,567|[TRACE] script - #out(`N`) [token]
2021-11-19T10:24:06,567|[TRACE] graph - <------- nonSkippedChar
2021-11-19T10:24:06,567|[TRACE] graph - <----- statementPart
2021-11-19T10:24:06,567|[TRACE] graph - -----> statementPart
2021-11-19T10:24:06,567|[TRACE] graph - -------> nonSkippedChar
2021-11-19T10:24:06,567|[TRACE] script - #out(`O`) [token]
2021-11-19T10:24:06,567|[TRACE] graph - <------- nonSkippedChar
2021-11-19T10:24:06,567|[TRACE] graph - <----- statementPart
2021-11-19T10:24:06,567|[TRACE] graph - -----> statementPart
2021-11-19T10:24:06,567|[TRACE] graph - -------> nonSkippedSpace
2021-11-19T10:24:06,567|[TRACE] script - #out(` `) [token]
2021-11-19T10:24:06,567|[TRACE] graph - <------- nonSkippedSpace
2021-11-19T10:24:06,567|[TRACE] graph - <----- statementPart
2021-11-19T10:24:06,567|[TRACE] graph - -----> statementPart
2021-11-19T10:24:06,567|[TRACE] graph - -------> nonSkippedChar
2021-11-19T10:24:06,567|[TRACE] script - #out(`A`) [token]
2021-11-19T10:24:06,567|[TRACE] graph - <------- nonSkippedChar
2021-11-19T10:24:06,567|[TRACE] graph - <----- statementPart
2021-11-19T10:24:06,567|[TRACE] graph - -----> statementPart
2021-11-19T10:24:06,567|[TRACE] graph - -------> nonSkippedChar
2021-11-19T10:24:06,567|[TRACE] script - #out(`C`) [token]
2021-11-19T10:24:06,567|[TRACE] graph - <------- nonSkippedChar
2021-11-19T10:24:06,567|[TRACE] graph - <----- statementPart
2021-11-19T10:24:06,567|[TRACE] graph - -----> statementPart
2021-11-19T10:24:06,567|[TRACE] graph - -------> nonSkippedChar
2021-11-19T10:24:06,567|[TRACE] script - #out(`T`) [token]
2021-11-19T10:24:06,567|[TRACE] graph - <------- nonSkippedChar
2021-11-19T10:24:06,567|[TRACE] graph - <----- statementPart
2021-11-19T10:24:06,567|[TRACE] graph - -----> statementPart
2021-11-19T10:24:06,567|[TRACE] graph - -------> nonSkippedChar
2021-11-19T10:24:06,567|[TRACE] script - #out(`I`) [token]
2021-11-19T10:24:06,567|[TRACE] graph - <------- nonSkippedChar
2021-11-19T10:24:06,567|[TRACE] graph - <----- statementPart
2021-11-19T10:24:06,567|[TRACE] graph - -----> statementPart
2021-11-19T10:24:06,567|[TRACE] graph - -------> nonSkippedChar
2021-11-19T10:24:06,567|[TRACE] script - #out(`O`) [token]
2021-11-19T10:24:06,567|[TRACE] graph - <------- nonSkippedChar
2021-11-19T10:24:06,567|[TRACE] graph - <----- statementPart
2021-11-19T10:24:06,567|[TRACE] graph - -----> statementPart
2021-11-19T10:24:06,567|[TRACE] graph - -------> nonSkippedChar
2021-11-19T10:24:06,567|[TRACE] script - #out(`N`) [token]
2021-11-19T10:24:06,567|[TRACE] graph - <------- nonSkippedChar
2021-11-19T10:24:06,567|[TRACE] graph - <----- statementPart
2021-11-19T10:24:06,567|[TRACE] graph - -----> statementPart
2021-11-19T10:24:06,567|[TRACE] graph - -------> nonSkippedChar
2021-11-19T10:24:06,567|[TRACE] script - #out(`,`) [token]
2021-11-19T10:24:06,567|[TRACE] graph - <------- nonSkippedChar
2021-11-19T10:24:06,567|[TRACE] graph - <----- statementPart
2021-11-19T10:24:06,567|[TRACE] graph - -----> afterStatementPartNewline
2021-11-19T10:24:06,567|[TRACE] script - #out(` `) [text]
2021-11-19T10:24:06,567|[TRACE] graph - <----- afterStatementPartNewline
2021-11-19T10:24:06,567|[TRACE] graph - -----> statementPart
2021-11-19T10:24:06,567|[TRACE] graph - -------> nonSkippedSpace
2021-11-19T10:24:06,567|[TRACE] script - #out(` `) [token]
2021-11-19T10:24:06,567|[TRACE] graph - <------- nonSkippedSpace
2021-11-19T10:24:06,567|[TRACE] graph - <----- statementPart
2021-11-19T10:24:06,567|[TRACE] graph - -----> statementPart
2021-11-19T10:24:06,567|[TRACE] graph - -------> nonSkippedSpace
2021-11-19T10:24:06,567|[TRACE] script - #out(` `) [token]
2021-11-19T10:24:06,567|[TRACE] graph - <------- nonSkippedSpace
2021-11-19T10:24:06,567|[TRACE] graph - <----- statementPart
2021-11-19T10:24:06,567|[TRACE] graph - -----> statementPart
2021-11-19T10:24:06,567|[TRACE] graph - -------> nonSkippedChar
2021-11-19T10:24:06,567|[TRACE] script - #out(`C`) [token]
2021-11-19T10:24:06,567|[TRACE] graph - <------- nonSkippedChar
2021-11-19T10:24:06,567|[TRACE] graph - <----- statementPart
2021-11-19T10:24:06,567|[TRACE] graph - -----> statementPart
2021-11-19T10:24:06,567|[TRACE] graph - -------> nonSkippedChar
2021-11-19T10:24:06,567|[TRACE] script - #out(`O`) [token]
2021-11-19T10:24:06,567|[TRACE] graph - <------- nonSkippedChar
2021-11-19T10:24:06,567|[TRACE] graph - <----- statementPart
2021-11-19T10:24:06,567|[TRACE] graph - -----> statementPart
2021-11-19T10:24:06,567|[TRACE] graph - -------> nonSkippedChar
2021-11-19T10:24:06,567|[TRACE] script - #out(`N`) [token]
2021-11-19T10:24:06,567|[TRACE] graph - <------- nonSkippedChar
2021-11-19T10:24:06,567|[TRACE] graph - <----- statementPart
2021-11-19T10:24:06,567|[TRACE] graph - -----> statementPart
2021-11-19T10:24:06,567|[TRACE] graph - -------> nonSkippedChar
2021-11-19T10:24:06,567|[TRACE] script - #out(`S`) [token]
2021-11-19T10:24:06,567|[TRACE] graph - <------- nonSkippedChar
2021-11-19T10:24:06,567|[TRACE] graph - <----- statementPart
2021-11-19T10:24:06,567|[TRACE] graph - -----> statementPart
2021-11-19T10:24:06,567|[TRACE] graph - -------> nonSkippedChar
2021-11-19T10:24:06,567|[TRACE] script - #out(`T`) [token]
2021-11-19T10:24:06,567|[TRACE] graph - <------- nonSkippedChar
2021-11-19T10:24:06,567|[TRACE] graph - <----- statementPart
2021-11-19T10:24:06,567|[TRACE] graph - -----> statementPart
2021-11-19T10:24:06,567|[TRACE] graph - -------> nonSkippedChar
2021-11-19T10:24:06,567|[TRACE] script - #out(`R`) [token]
2021-11-19T10:24:06,567|[TRACE] graph - <------- nonSkippedChar
2021-11-19T10:24:06,567|[TRACE] graph - <----- statementPart
2021-11-19T10:24:06,567|[TRACE] graph - -----> statementPart
2021-11-19T10:24:06,567|[TRACE] graph - -------> nonSkippedChar
2021-11-19T10:24:06,567|[TRACE] script - #out(`A`) [token]
2021-11-19T10:24:06,567|[TRACE] graph - <------- nonSkippedChar
2021-11-19T10:24:06,567|[TRACE] graph - <----- statementPart
2021-11-19T10:24:06,567|[TRACE] graph - -----> statementPart
2021-11-19T10:24:06,567|[TRACE] graph - -------> nonSkippedChar
2021-11-19T10:24:06,567|[TRACE] script - #out(`I`) [token]
2021-11-19T10:24:06,567|[TRACE] graph - <------- nonSkippedChar
2021-11-19T10:24:06,567|[TRACE] graph - <----- statementPart
2021-11-19T10:24:06,567|[TRACE] graph - -----> statementPart
2021-11-19T10:24:06,567|[TRACE] graph - -------> nonSkippedChar
2021-11-19T10:24:06,567|[TRACE] script - #out(`N`) [token]
2021-11-19T10:24:06,567|[TRACE] graph - <------- nonSkippedChar
2021-11-19T10:24:06,567|[TRACE] graph - <----- statementPart
2021-11-19T10:24:06,567|[TRACE] graph - -----> statementPart
2021-11-19T10:24:06,567|[TRACE] graph - -------> nonSkippedChar
2021-11-19T10:24:06,567|[TRACE] script - #out(`T`) [token]
2021-11-19T10:24:06,567|[TRACE] graph - <------- nonSkippedChar
2021-11-19T10:24:06,567|[TRACE] graph - <----- statementPart
2021-11-19T10:24:06,567|[TRACE] graph - -----> statementPart
2021-11-19T10:24:06,567|[TRACE] graph - -------> nonSkippedSpace
2021-11-19T10:24:06,567|[TRACE] script - #out(` `) [token]
2021-11-19T10:24:06,567|[TRACE] graph - <------- nonSkippedSpace
2021-11-19T10:24:06,567|[TRACE] graph - <----- statementPart
2021-11-19T10:24:06,567|[TRACE] graph - -----> statementPart
2021-11-19T10:24:06,567|[TRACE] graph - -------> quotedString
2021-11-19T10:24:06,567|[TRACE] script - #out(``fk_contact_phone1``) [token]
2021-11-19T10:24:06,567|[TRACE] graph - <------- quotedString
2021-11-19T10:24:06,567|[TRACE] graph - <----- statementPart
2021-11-19T10:24:06,567|[TRACE] graph - -----> afterStatementPartNewline
2021-11-19T10:24:06,567|[TRACE] script - #out(` `) [text]
2021-11-19T10:24:06,567|[TRACE] graph - <----- afterStatementPartNewline
2021-11-19T10:24:06,567|[TRACE] graph - -----> statementPart
2021-11-19T10:24:06,567|[TRACE] graph - -------> nonSkippedSpace
2021-11-19T10:24:06,567|[TRACE] script - #out(` `) [token]
2021-11-19T10:24:06,567|[TRACE] graph - <------- nonSkippedSpace
2021-11-19T10:24:06,567|[TRACE] graph - <----- statementPart
2021-11-19T10:24:06,568|[TRACE] graph - -----> statementPart
2021-11-19T10:24:06,568|[TRACE] graph - -------> nonSkippedSpace
2021-11-19T10:24:06,568|[TRACE] script - #out(` `) [token]
2021-11-19T10:24:06,568|[TRACE] graph - <------- nonSkippedSpace
2021-11-19T10:24:06,568|[TRACE] graph - <----- statementPart
2021-11-19T10:24:06,568|[TRACE] graph - -----> statementPart
2021-11-19T10:24:06,568|[TRACE] graph - -------> nonSkippedSpace
2021-11-19T10:24:06,568|[TRACE] script - #out(` `) [token]
2021-11-19T10:24:06,568|[TRACE] graph - <------- nonSkippedSpace
2021-11-19T10:24:06,568|[TRACE] graph - <----- statementPart
2021-11-19T10:24:06,568|[TRACE] graph - -----> statementPart
2021-11-19T10:24:06,568|[TRACE] graph - -------> nonSkippedSpace
2021-11-19T10:24:06,568|[TRACE] script - #out(` `) [token]
2021-11-19T10:24:06,568|[TRACE] graph - <------- nonSkippedSpace
2021-11-19T10:24:06,568|[TRACE] graph - <----- statementPart
2021-11-19T10:24:06,568|[TRACE] graph - -----> statementPart
2021-11-19T10:24:06,568|[TRACE] graph - -------> nonSkippedChar
2021-11-19T10:24:06,568|[TRACE] script - #out(`F`) [token]
2021-11-19T10:24:06,568|[TRACE] graph - <------- nonSkippedChar
2021-11-19T10:24:06,568|[TRACE] graph - <----- statementPart
2021-11-19T10:24:06,568|[TRACE] graph - -----> statementPart
2021-11-19T10:24:06,568|[TRACE] graph - -------> nonSkippedChar
2021-11-19T10:24:06,568|[TRACE] script - #out(`O`) [token]
2021-11-19T10:24:06,568|[TRACE] graph - <------- nonSkippedChar
2021-11-19T10:24:06,568|[TRACE] graph - <----- statementPart
2021-11-19T10:24:06,568|[TRACE] graph - -----> statementPart
2021-11-19T10:24:06,568|[TRACE] graph - -------> nonSkippedChar
2021-11-19T10:24:06,568|[TRACE] script - #out(`R`) [token]
2021-11-19T10:24:06,568|[TRACE] graph - <------- nonSkippedChar
2021-11-19T10:24:06,568|[TRACE] graph - <----- statementPart
2021-11-19T10:24:06,568|[TRACE] graph - -----> statementPart
2021-11-19T10:24:06,568|[TRACE] graph - -------> nonSkippedChar
2021-11-19T10:24:06,568|[TRACE] script - #out(`E`) [token]
2021-11-19T10:24:06,568|[TRACE] graph - <------- nonSkippedChar
2021-11-19T10:24:06,568|[TRACE] graph - <----- statementPart
2021-11-19T10:24:06,568|[TRACE] graph - -----> statementPart
2021-11-19T10:24:06,568|[TRACE] graph - -------> nonSkippedChar
2021-11-19T10:24:06,568|[TRACE] script - #out(`I`) [token]
2021-11-19T10:24:06,568|[TRACE] graph - <------- nonSkippedChar
2021-11-19T10:24:06,568|[TRACE] graph - <----- statementPart
2021-11-19T10:24:06,568|[TRACE] graph - -----> statementPart
2021-11-19T10:24:06,568|[TRACE] graph - -------> nonSkippedChar
2021-11-19T10:24:06,568|[TRACE] script - #out(`G`) [token]
2021-11-19T10:24:06,568|[TRACE] graph - <------- nonSkippedChar
2021-11-19T10:24:06,568|[TRACE] graph - <----- statementPart
2021-11-19T10:24:06,568|[TRACE] graph - -----> statementPart
2021-11-19T10:24:06,568|[TRACE] graph - -------> nonSkippedChar
2021-11-19T10:24:06,568|[TRACE] script - #out(`N`) [token]
2021-11-19T10:24:06,568|[TRACE] graph - <------- nonSkippedChar
2021-11-19T10:24:06,568|[TRACE] graph - <----- statementPart
2021-11-19T10:24:06,568|[TRACE] graph - -----> statementPart
2021-11-19T10:24:06,568|[TRACE] graph - -------> nonSkippedSpace
2021-11-19T10:24:06,568|[TRACE] script - #out(` `) [token]
2021-11-19T10:24:06,568|[TRACE] graph - <------- nonSkippedSpace
2021-11-19T10:24:06,568|[TRACE] graph - <----- statementPart
2021-11-19T10:24:06,568|[TRACE] graph - -----> statementPart
2021-11-19T10:24:06,568|[TRACE] graph - -------> nonSkippedChar
2021-11-19T10:24:06,568|[TRACE] script - #out(`K`) [token]
2021-11-19T10:24:06,568|[TRACE] graph - <------- nonSkippedChar
2021-11-19T10:24:06,568|[TRACE] graph - <----- statementPart
2021-11-19T10:24:06,568|[TRACE] graph - -----> statementPart
2021-11-19T10:24:06,568|[TRACE] graph - -------> nonSkippedChar
2021-11-19T10:24:06,568|[TRACE] script - #out(`E`) [token]
2021-11-19T10:24:06,568|[TRACE] graph - <------- nonSkippedChar
2021-11-19T10:24:06,568|[TRACE] graph - <----- statementPart
2021-11-19T10:24:06,568|[TRACE] graph - -----> statementPart
2021-11-19T10:24:06,568|[TRACE] graph - -------> nonSkippedChar
2021-11-19T10:24:06,568|[TRACE] script - #out(`Y`) [token]
2021-11-19T10:24:06,568|[TRACE] graph - <------- nonSkippedChar
2021-11-19T10:24:06,568|[TRACE] graph - <----- statementPart
2021-11-19T10:24:06,568|[TRACE] graph - -----> statementPart
2021-11-19T10:24:06,568|[TRACE] graph - -------> nonSkippedSpace
2021-11-19T10:24:06,568|[TRACE] script - #out(` `) [token]
2021-11-19T10:24:06,568|[TRACE] graph - <------- nonSkippedSpace
2021-11-19T10:24:06,568|[TRACE] graph - <----- statementPart
2021-11-19T10:24:06,568|[TRACE] graph - -----> statementPart
2021-11-19T10:24:06,568|[TRACE] graph - -------> nonSkippedChar
2021-11-19T10:24:06,568|[TRACE] script - #out(`(`) [token]
2021-11-19T10:24:06,568|[TRACE] graph - <------- nonSkippedChar
2021-11-19T10:24:06,568|[TRACE] graph - <----- statementPart
2021-11-19T10:24:06,568|[TRACE] graph - -----> statementPart
2021-11-19T10:24:06,568|[TRACE] graph - -------> quotedString
2021-11-19T10:24:06,568|[TRACE] script - #out(``phone_id``) [token]
2021-11-19T10:24:06,568|[TRACE] graph - <------- quotedString
2021-11-19T10:24:06,568|[TRACE] graph - <----- statementPart
2021-11-19T10:24:06,568|[TRACE] graph - -----> statementPart
2021-11-19T10:24:06,568|[TRACE] graph - -------> nonSkippedChar
2021-11-19T10:24:06,568|[TRACE] script - #out(`)`) [token]
2021-11-19T10:24:06,568|[TRACE] graph - <------- nonSkippedChar
2021-11-19T10:24:06,568|[TRACE] graph - <----- statementPart
2021-11-19T10:24:06,568|[TRACE] graph - -----> afterStatementPartNewline
2021-11-19T10:24:06,568|[TRACE] script - #out(` `) [text]
2021-11-19T10:24:06,568|[TRACE] graph - <----- afterStatementPartNewline
2021-11-19T10:24:06,568|[TRACE] graph - -----> statementPart
2021-11-19T10:24:06,568|[TRACE] graph - -------> nonSkippedSpace
2021-11-19T10:24:06,568|[TRACE] script - #out(` `) [token]
2021-11-19T10:24:06,568|[TRACE] graph - <------- nonSkippedSpace
2021-11-19T10:24:06,568|[TRACE] graph - <----- statementPart
2021-11-19T10:24:06,568|[TRACE] graph - -----> statementPart
2021-11-19T10:24:06,568|[TRACE] graph - -------> nonSkippedSpace
2021-11-19T10:24:06,568|[TRACE] script - #out(` `) [token]
2021-11-19T10:24:06,568|[TRACE] graph - <------- nonSkippedSpace
2021-11-19T10:24:06,568|[TRACE] graph - <----- statementPart
2021-11-19T10:24:06,568|[TRACE] graph - -----> statementPart
2021-11-19T10:24:06,568|[TRACE] graph - -------> nonSkippedSpace
2021-11-19T10:24:06,568|[TRACE] script - #out(` `) [token]
2021-11-19T10:24:06,568|[TRACE] graph - <------- nonSkippedSpace
2021-11-19T10:24:06,568|[TRACE] graph - <----- statementPart
2021-11-19T10:24:06,568|[TRACE] graph - -----> statementPart
2021-11-19T10:24:06,568|[TRACE] graph - -------> nonSkippedSpace
2021-11-19T10:24:06,568|[TRACE] script - #out(` `) [token]
2021-11-19T10:24:06,568|[TRACE] graph - <------- nonSkippedSpace
2021-11-19T10:24:06,568|[TRACE] graph - <----- statementPart
2021-11-19T10:24:06,568|[TRACE] graph - -----> statementPart
2021-11-19T10:24:06,568|[TRACE] graph - -------> nonSkippedChar
2021-11-19T10:24:06,568|[TRACE] script - #out(`R`) [token]
2021-11-19T10:24:06,568|[TRACE] graph - <------- nonSkippedChar
2021-11-19T10:24:06,568|[TRACE] graph - <----- statementPart
2021-11-19T10:24:06,568|[TRACE] graph - -----> statementPart
2021-11-19T10:24:06,568|[TRACE] graph - -------> nonSkippedChar
2021-11-19T10:24:06,568|[TRACE] script - #out(`E`) [token]
2021-11-19T10:24:06,568|[TRACE] graph - <------- nonSkippedChar
2021-11-19T10:24:06,568|[TRACE] graph - <----- statementPart
2021-11-19T10:24:06,568|[TRACE] graph - -----> statementPart
2021-11-19T10:24:06,568|[TRACE] graph - -------> nonSkippedChar
2021-11-19T10:24:06,568|[TRACE] script - #out(`F`) [token]
2021-11-19T10:24:06,568|[TRACE] graph - <------- nonSkippedChar
2021-11-19T10:24:06,568|[TRACE] graph - <----- statementPart
2021-11-19T10:24:06,568|[TRACE] graph - -----> statementPart
2021-11-19T10:24:06,568|[TRACE] graph - -------> nonSkippedChar
2021-11-19T10:24:06,568|[TRACE] script - #out(`E`) [token]
2021-11-19T10:24:06,568|[TRACE] graph - <------- nonSkippedChar
2021-11-19T10:24:06,568|[TRACE] graph - <----- statementPart
2021-11-19T10:24:06,568|[TRACE] graph - -----> statementPart
2021-11-19T10:24:06,568|[TRACE] graph - -------> nonSkippedChar
2021-11-19T10:24:06,568|[TRACE] script - #out(`R`) [token]
2021-11-19T10:24:06,568|[TRACE] graph - <------- nonSkippedChar
2021-11-19T10:24:06,568|[TRACE] graph - <----- statementPart
2021-11-19T10:24:06,568|[TRACE] graph - -----> statementPart
2021-11-19T10:24:06,568|[TRACE] graph - -------> nonSkippedChar
2021-11-19T10:24:06,568|[TRACE] script - #out(`E`) [token]
2021-11-19T10:24:06,568|[TRACE] graph - <------- nonSkippedChar
2021-11-19T10:24:06,568|[TRACE] graph - <----- statementPart
2021-11-19T10:24:06,568|[TRACE] graph - -----> statementPart
2021-11-19T10:24:06,568|[TRACE] graph - -------> nonSkippedChar
2021-11-19T10:24:06,568|[TRACE] script - #out(`N`) [token]
2021-11-19T10:24:06,568|[TRACE] graph - <------- nonSkippedChar
2021-11-19T10:24:06,568|[TRACE] graph - <----- statementPart
2021-11-19T10:24:06,568|[TRACE] graph - -----> statementPart
2021-11-19T10:24:06,568|[TRACE] graph - -------> nonSkippedChar
2021-11-19T10:24:06,568|[TRACE] script - #out(`C`) [token]
2021-11-19T10:24:06,568|[TRACE] graph - <------- nonSkippedChar
2021-11-19T10:24:06,568|[TRACE] graph - <----- statementPart
2021-11-19T10:24:06,568|[TRACE] graph - -----> statementPart
2021-11-19T10:24:06,568|[TRACE] graph - -------> nonSkippedChar
2021-11-19T10:24:06,568|[TRACE] script - #out(`E`) [token]
2021-11-19T10:24:06,568|[TRACE] graph - <------- nonSkippedChar
2021-11-19T10:24:06,568|[TRACE] graph - <----- statementPart
2021-11-19T10:24:06,568|[TRACE] graph - -----> statementPart
2021-11-19T10:24:06,568|[TRACE] graph - -------> nonSkippedChar
2021-11-19T10:24:06,568|[TRACE] script - #out(`S`) [token]
2021-11-19T10:24:06,568|[TRACE] graph - <------- nonSkippedChar
2021-11-19T10:24:06,568|[TRACE] graph - <----- statementPart
2021-11-19T10:24:06,568|[TRACE] graph - -----> statementPart
2021-11-19T10:24:06,568|[TRACE] graph - -------> nonSkippedSpace
2021-11-19T10:24:06,568|[TRACE] script - #out(` `) [token]
2021-11-19T10:24:06,568|[TRACE] graph - <------- nonSkippedSpace
2021-11-19T10:24:06,568|[TRACE] graph - <----- statementPart
2021-11-19T10:24:06,568|[TRACE] graph - -----> statementPart
2021-11-19T10:24:06,568|[TRACE] graph - -------> quotedString
2021-11-19T10:24:06,568|[TRACE] script - #out(``bloodbank``) [token]
2021-11-19T10:24:06,568|[TRACE] graph - <------- quotedString
2021-11-19T10:24:06,568|[TRACE] graph - <----- statementPart
2021-11-19T10:24:06,568|[TRACE] graph - -----> statementPart
2021-11-19T10:24:06,568|[TRACE] graph - -------> nonSkippedChar
2021-11-19T10:24:06,568|[TRACE] script - #out(`.`) [token]
2021-11-19T10:24:06,568|[TRACE] graph - <------- nonSkippedChar
2021-11-19T10:24:06,568|[TRACE] graph - <----- statementPart
2021-11-19T10:24:06,568|[TRACE] graph - -----> statementPart
2021-11-19T10:24:06,568|[TRACE] graph - -------> quotedString
2021-11-19T10:24:06,568|[TRACE] script - #out(``phone``) [token]
2021-11-19T10:24:06,568|[TRACE] graph - <------- quotedString
2021-11-19T10:24:06,568|[TRACE] graph - <----- statementPart
2021-11-19T10:24:06,568|[TRACE] graph - -----> statementPart
2021-11-19T10:24:06,568|[TRACE] graph - -------> nonSkippedSpace
2021-11-19T10:24:06,568|[TRACE] script - #out(` `) [token]
2021-11-19T10:24:06,568|[TRACE] graph - <------- nonSkippedSpace
2021-11-19T10:24:06,568|[TRACE] graph - <----- statementPart
2021-11-19T10:24:06,568|[TRACE] graph - -----> statementPart
2021-11-19T10:24:06,568|[TRACE] graph - -------> nonSkippedChar
2021-11-19T10:24:06,568|[TRACE] script - #out(`(`) [token]
2021-11-19T10:24:06,568|[TRACE] graph - <------- nonSkippedChar
2021-11-19T10:24:06,568|[TRACE] graph - <----- statementPart
2021-11-19T10:24:06,568|[TRACE] graph - -----> statementPart
2021-11-19T10:24:06,568|[TRACE] graph - -------> quotedString
2021-11-19T10:24:06,568|[TRACE] script - #out(``phone_id``) [token]
2021-11-19T10:24:06,568|[TRACE] graph - <------- quotedString
2021-11-19T10:24:06,568|[TRACE] graph - <----- statementPart
2021-11-19T10:24:06,568|[TRACE] graph - -----> statementPart
2021-11-19T10:24:06,568|[TRACE] graph - -------> nonSkippedChar
2021-11-19T10:24:06,568|[TRACE] script - #out(`)`) [token]
2021-11-19T10:24:06,568|[TRACE] graph - <------- nonSkippedChar
2021-11-19T10:24:06,568|[TRACE] graph - <----- statementPart
2021-11-19T10:24:06,568|[TRACE] graph - -----> afterStatementPartNewline
2021-11-19T10:24:06,568|[TRACE] script - #out(` `) [text]
2021-11-19T10:24:06,568|[TRACE] graph - <----- afterStatementPartNewline
2021-11-19T10:24:06,568|[TRACE] graph - -----> statementPart
2021-11-19T10:24:06,621|[TRACE] graph - -------> nonSkippedSpace
2021-11-19T10:24:06,621|[TRACE] script - #out(` `) [token]
2021-11-19T10:24:06,621|[TRACE] graph - <------- nonSkippedSpace
2021-11-19T10:24:06,621|[TRACE] graph - <----- statementPart
2021-11-19T10:24:06,621|[TRACE] graph - -----> statementPart
2021-11-19T10:24:06,621|[TRACE] graph - -------> nonSkippedSpace
2021-11-19T10:24:06,621|[TRACE] script - #out(` `) [token]
2021-11-19T10:24:06,621|[TRACE] graph - <------- nonSkippedSpace
2021-11-19T10:24:06,621|[TRACE] graph - <----- statementPart
2021-11-19T10:24:06,621|[TRACE] graph - -----> statementPart
2021-11-19T10:24:06,621|[TRACE] graph - -------> nonSkippedSpace
2021-11-19T10:24:06,621|[TRACE] script - #out(` `) [token]
2021-11-19T10:24:06,621|[TRACE] graph - <------- nonSkippedSpace
2021-11-19T10:24:06,621|[TRACE] graph - <----- statementPart
2021-11-19T10:24:06,621|[TRACE] graph - -----> statementPart
2021-11-19T10:24:06,621|[TRACE] graph - -------> nonSkippedSpace
2021-11-19T10:24:06,621|[TRACE] script - #out(` `) [token]
2021-11-19T10:24:06,621|[TRACE] graph - <------- nonSkippedSpace
2021-11-19T10:24:06,621|[TRACE] graph - <----- statementPart
2021-11-19T10:24:06,621|[TRACE] graph - -----> statementPart
2021-11-19T10:24:06,621|[TRACE] graph - -------> nonSkippedChar
2021-11-19T10:24:06,621|[TRACE] script - #out(`O`) [token]
2021-11-19T10:24:06,621|[TRACE] graph - <------- nonSkippedChar
2021-11-19T10:24:06,621|[TRACE] graph - <----- statementPart
2021-11-19T10:24:06,621|[TRACE] graph - -----> statementPart
2021-11-19T10:24:06,621|[TRACE] graph - -------> nonSkippedChar
2021-11-19T10:24:06,621|[TRACE] script - #out(`N`) [token]
2021-11-19T10:24:06,621|[TRACE] graph - <------- nonSkippedChar
2021-11-19T10:24:06,621|[TRACE] graph - <----- statementPart
2021-11-19T10:24:06,621|[TRACE] graph - -----> statementPart
2021-11-19T10:24:06,621|[TRACE] graph - -------> nonSkippedSpace
2021-11-19T10:24:06,621|[TRACE] script - #out(` `) [token]
2021-11-19T10:24:06,621|[TRACE] graph - <------- nonSkippedSpace
2021-11-19T10:24:06,621|[TRACE] graph - <----- statementPart
2021-11-19T10:24:06,621|[TRACE] graph - -----> statementPart
2021-11-19T10:24:06,621|[TRACE] graph - -------> nonSkippedChar
2021-11-19T10:24:06,621|[TRACE] script - #out(`D`) [token]
2021-11-19T10:24:06,621|[TRACE] graph - <------- nonSkippedChar
2021-11-19T10:24:06,621|[TRACE] graph - <----- statementPart
2021-11-19T10:24:06,621|[TRACE] graph - -----> statementPart
2021-11-19T10:24:06,621|[TRACE] graph - -------> nonSkippedChar
2021-11-19T10:24:06,621|[TRACE] script - #out(`E`) [token]
2021-11-19T10:24:06,621|[TRACE] graph - <------- nonSkippedChar
2021-11-19T10:24:06,621|[TRACE] graph - <----- statementPart
2021-11-19T10:24:06,621|[TRACE] graph - -----> statementPart
2021-11-19T10:24:06,621|[TRACE] graph - -------> nonSkippedChar
2021-11-19T10:24:06,621|[TRACE] script - #out(`L`) [token]
2021-11-19T10:24:06,621|[TRACE] graph - <------- nonSkippedChar
2021-11-19T10:24:06,621|[TRACE] graph - <----- statementPart
2021-11-19T10:24:06,621|[TRACE] graph - -----> statementPart
2021-11-19T10:24:06,622|[TRACE] graph - -------> nonSkippedChar
2021-11-19T10:24:06,622|[TRACE] script - #out(`E`) [token]
2021-11-19T10:24:06,622|[TRACE] graph - <------- nonSkippedChar
2021-11-19T10:24:06,622|[TRACE] graph - <----- statementPart
2021-11-19T10:24:06,622|[TRACE] graph - -----> statementPart
2021-11-19T10:24:06,622|[TRACE] graph - -------> nonSkippedChar
2021-11-19T10:24:06,622|[TRACE] script - #out(`T`) [token]
2021-11-19T10:24:06,622|[TRACE] graph - <------- nonSkippedChar
2021-11-19T10:24:06,622|[TRACE] graph - <----- statementPart
2021-11-19T10:24:06,622|[TRACE] graph - -----> statementPart
2021-11-19T10:24:06,622|[TRACE] graph - -------> nonSkippedChar
2021-11-19T10:24:06,622|[TRACE] script - #out(`E`) [token]
2021-11-19T10:24:06,622|[TRACE] graph - <------- nonSkippedChar
2021-11-19T10:24:06,622|[TRACE] graph - <----- statementPart
2021-11-19T10:24:06,622|[TRACE] graph - -----> statementPart
2021-11-19T10:24:06,622|[TRACE] graph - -------> nonSkippedSpace
2021-11-19T10:24:06,622|[TRACE] script - #out(` `) [token]
2021-11-19T10:24:06,622|[TRACE] graph - <------- nonSkippedSpace
2021-11-19T10:24:06,622|[TRACE] graph - <----- statementPart
2021-11-19T10:24:06,622|[TRACE] graph - -----> statementPart
2021-11-19T10:24:06,622|[TRACE] graph - -------> nonSkippedChar
2021-11-19T10:24:06,622|[TRACE] script - #out(`N`) [token]
2021-11-19T10:24:06,622|[TRACE] graph - <------- nonSkippedChar
2021-11-19T10:24:06,622|[TRACE] graph - <----- statementPart
2021-11-19T10:24:06,622|[TRACE] graph - -----> statementPart
2021-11-19T10:24:06,622|[TRACE] graph - -------> nonSkippedChar
2021-11-19T10:24:06,622|[TRACE] script - #out(`O`) [token]
2021-11-19T10:24:06,622|[TRACE] graph - <------- nonSkippedChar
2021-11-19T10:24:06,622|[TRACE] graph - <----- statementPart
2021-11-19T10:24:06,622|[TRACE] graph - -----> statementPart
2021-11-19T10:24:06,622|[TRACE] graph - -------> nonSkippedSpace
2021-11-19T10:24:06,622|[TRACE] script - #out(` `) [token]
2021-11-19T10:24:06,622|[TRACE] graph - <------- nonSkippedSpace
2021-11-19T10:24:06,622|[TRACE] graph - <----- statementPart
2021-11-19T10:24:06,622|[TRACE] graph - -----> statementPart
2021-11-19T10:24:06,622|[TRACE] graph - -------> nonSkippedChar
2021-11-19T10:24:06,622|[TRACE] script - #out(`A`) [token]
2021-11-19T10:24:06,622|[TRACE] graph - <------- nonSkippedChar
2021-11-19T10:24:06,622|[TRACE] graph - <----- statementPart
2021-11-19T10:24:06,622|[TRACE] graph - -----> statementPart
2021-11-19T10:24:06,622|[TRACE] graph - -------> nonSkippedChar
2021-11-19T10:24:06,622|[TRACE] script - #out(`C`) [token]
2021-11-19T10:24:06,622|[TRACE] graph - <------- nonSkippedChar
2021-11-19T10:24:06,622|[TRACE] graph - <----- statementPart
2021-11-19T10:24:06,622|[TRACE] graph - -----> statementPart
2021-11-19T10:24:06,622|[TRACE] graph - -------> nonSkippedChar
2021-11-19T10:24:06,622|[TRACE] script - #out(`T`) [token]
2021-11-19T10:24:06,622|[TRACE] graph - <------- nonSkippedChar
2021-11-19T10:24:06,622|[TRACE] graph - <----- statementPart
2021-11-19T10:24:06,622|[TRACE] graph - -----> statementPart
2021-11-19T10:24:06,622|[TRACE] graph - -------> nonSkippedChar
2021-11-19T10:24:06,622|[TRACE] script - #out(`I`) [token]
2021-11-19T10:24:06,622|[TRACE] graph - <------- nonSkippedChar
2021-11-19T10:24:06,622|[TRACE] graph - <----- statementPart
2021-11-19T10:24:06,622|[TRACE] graph - -----> statementPart
2021-11-19T10:24:06,622|[TRACE] graph - -------> nonSkippedChar
2021-11-19T10:24:06,622|[TRACE] script - #out(`O`) [token]
2021-11-19T10:24:06,622|[TRACE] graph - <------- nonSkippedChar
2021-11-19T10:24:06,622|[TRACE] graph - <----- statementPart
2021-11-19T10:24:06,622|[TRACE] graph - -----> statementPart
2021-11-19T10:24:06,622|[TRACE] graph - -------> nonSkippedChar
2021-11-19T10:24:06,622|[TRACE] script - #out(`N`) [token]
2021-11-19T10:24:06,622|[TRACE] graph - <------- nonSkippedChar
2021-11-19T10:24:06,622|[TRACE] graph - <----- statementPart
2021-11-19T10:24:06,622|[TRACE] graph - -----> afterStatementPartNewline
2021-11-19T10:24:06,622|[TRACE] script - #out(` `) [text]
2021-11-19T10:24:06,622|[TRACE] graph - <----- afterStatementPartNewline
2021-11-19T10:24:06,622|[TRACE] graph - -----> statementPart
2021-11-19T10:24:06,622|[TRACE] graph - -------> nonSkippedSpace
2021-11-19T10:24:06,622|[TRACE] script - #out(` `) [token]
2021-11-19T10:24:06,622|[TRACE] graph - <------- nonSkippedSpace
2021-11-19T10:24:06,622|[TRACE] graph - <----- statementPart
2021-11-19T10:24:06,622|[TRACE] graph - -----> statementPart
2021-11-19T10:24:06,622|[TRACE] graph - -------> nonSkippedSpace
2021-11-19T10:24:06,622|[TRACE] script - #out(` `) [token]
2021-11-19T10:24:06,622|[TRACE] graph - <------- nonSkippedSpace
2021-11-19T10:24:06,622|[TRACE] graph - <----- statementPart
2021-11-19T10:24:06,622|[TRACE] graph - -----> statementPart
2021-11-19T10:24:06,622|[TRACE] graph - -------> nonSkippedSpace
2021-11-19T10:24:06,622|[TRACE] script - #out(` `) [token]
2021-11-19T10:24:06,622|[TRACE] graph - <------- nonSkippedSpace
2021-11-19T10:24:06,622|[TRACE] graph - <----- statementPart
2021-11-19T10:24:06,622|[TRACE] graph - -----> statementPart
2021-11-19T10:24:06,622|[TRACE] graph - -------> nonSkippedSpace
2021-11-19T10:24:06,622|[TRACE] script - #out(` `) [token]
2021-11-19T10:24:06,622|[TRACE] graph - <------- nonSkippedSpace
2021-11-19T10:24:06,622|[TRACE] graph - <----- statementPart
2021-11-19T10:24:06,622|[TRACE] graph - -----> statementPart
2021-11-19T10:24:06,622|[TRACE] graph - -------> nonSkippedChar
2021-11-19T10:24:06,622|[TRACE] script - #out(`O`) [token]
2021-11-19T10:24:06,622|[TRACE] graph - <------- nonSkippedChar
2021-11-19T10:24:06,622|[TRACE] graph - <----- statementPart
2021-11-19T10:24:06,622|[TRACE] graph - -----> statementPart
2021-11-19T10:24:06,622|[TRACE] graph - -------> nonSkippedChar
2021-11-19T10:24:06,622|[TRACE] script - #out(`N`) [token]
2021-11-19T10:24:06,622|[TRACE] graph - <------- nonSkippedChar
2021-11-19T10:24:06,622|[TRACE] graph - <----- statementPart
2021-11-19T10:24:06,622|[TRACE] graph - -----> statementPart
2021-11-19T10:24:06,622|[TRACE] graph - -------> nonSkippedSpace
2021-11-19T10:24:06,622|[TRACE] script - #out(` `) [token]
2021-11-19T10:24:06,622|[TRACE] graph - <------- nonSkippedSpace
2021-11-19T10:24:06,622|[TRACE] graph - <----- statementPart
2021-11-19T10:24:06,622|[TRACE] graph - -----> statementPart
2021-11-19T10:24:06,622|[TRACE] graph - -------> nonSkippedChar
2021-11-19T10:24:06,622|[TRACE] script - #out(`U`) [token]
2021-11-19T10:24:06,622|[TRACE] graph - <------- nonSkippedChar
2021-11-19T10:24:06,622|[TRACE] graph - <----- statementPart
2021-11-19T10:24:06,622|[TRACE] graph - -----> statementPart
2021-11-19T10:24:06,622|[TRACE] graph - -------> nonSkippedChar
2021-11-19T10:24:06,622|[TRACE] script - #out(`P`) [token]
2021-11-19T10:24:06,622|[TRACE] graph - <------- nonSkippedChar
2021-11-19T10:24:06,622|[TRACE] graph - <----- statementPart
2021-11-19T10:24:06,622|[TRACE] graph - -----> statementPart
2021-11-19T10:24:06,622|[TRACE] graph - -------> nonSkippedChar
2021-11-19T10:24:06,622|[TRACE] script - #out(`D`) [token]
2021-11-19T10:24:06,622|[TRACE] graph - <------- nonSkippedChar
2021-11-19T10:24:06,622|[TRACE] graph - <----- statementPart
2021-11-19T10:24:06,622|[TRACE] graph - -----> statementPart
2021-11-19T10:24:06,622|[TRACE] graph - -------> nonSkippedChar
2021-11-19T10:24:06,622|[TRACE] script - #out(`A`) [token]
2021-11-19T10:24:06,622|[TRACE] graph - <------- nonSkippedChar
2021-11-19T10:24:06,622|[TRACE] graph - <----- statementPart
2021-11-19T10:24:06,622|[TRACE] graph - -----> statementPart
2021-11-19T10:24:06,622|[TRACE] graph - -------> nonSkippedChar
2021-11-19T10:24:06,622|[TRACE] script - #out(`T`) [token]
2021-11-19T10:24:06,622|[TRACE] graph - <------- nonSkippedChar
2021-11-19T10:24:06,622|[TRACE] graph - <----- statementPart
2021-11-19T10:24:06,622|[TRACE] graph - -----> statementPart
2021-11-19T10:24:06,622|[TRACE] graph - -------> nonSkippedChar
2021-11-19T10:24:06,622|[TRACE] script - #out(`E`) [token]
2021-11-19T10:24:06,622|[TRACE] graph - <------- nonSkippedChar
2021-11-19T10:24:06,622|[TRACE] graph - <----- statementPart
2021-11-19T10:24:06,622|[TRACE] graph - -----> statementPart
2021-11-19T10:24:06,622|[TRACE] graph - -------> nonSkippedSpace
2021-11-19T10:24:06,622|[TRACE] script - #out(` `) [token]
2021-11-19T10:24:06,622|[TRACE] graph - <------- nonSkippedSpace
2021-11-19T10:24:06,622|[TRACE] graph - <----- statementPart
2021-11-19T10:24:06,622|[TRACE] graph - -----> statementPart
2021-11-19T10:24:06,622|[TRACE] graph - -------> nonSkippedChar
2021-11-19T10:24:06,622|[TRACE] script - #out(`N`) [token]
2021-11-19T10:24:06,622|[TRACE] graph - <------- nonSkippedChar
2021-11-19T10:24:06,622|[TRACE] graph - <----- statementPart
2021-11-19T10:24:06,622|[TRACE] graph - -----> statementPart
2021-11-19T10:24:06,622|[TRACE] graph - -------> nonSkippedChar
2021-11-19T10:24:06,622|[TRACE] script - #out(`O`) [token]
2021-11-19T10:24:06,622|[TRACE] graph - <------- nonSkippedChar
2021-11-19T10:24:06,622|[TRACE] graph - <----- statementPart
2021-11-19T10:24:06,622|[TRACE] graph - -----> statementPart
2021-11-19T10:24:06,622|[TRACE] graph - -------> nonSkippedSpace
2021-11-19T10:24:06,622|[TRACE] script - #out(` `) [token]
2021-11-19T10:24:06,622|[TRACE] graph - <------- nonSkippedSpace
2021-11-19T10:24:06,622|[TRACE] graph - <----- statementPart
2021-11-19T10:24:06,622|[TRACE] graph - -----> statementPart
2021-11-19T10:24:06,622|[TRACE] graph - -------> nonSkippedChar
2021-11-19T10:24:06,622|[TRACE] script - #out(`A`) [token]
2021-11-19T10:24:06,622|[TRACE] graph - <------- nonSkippedChar
2021-11-19T10:24:06,622|[TRACE] graph - <----- statementPart
2021-11-19T10:24:06,622|[TRACE] graph - -----> statementPart
2021-11-19T10:24:06,622|[TRACE] graph - -------> nonSkippedChar
2021-11-19T10:24:06,622|[TRACE] script - #out(`C`) [token]
2021-11-19T10:24:06,622|[TRACE] graph - <------- nonSkippedChar
2021-11-19T10:24:06,622|[TRACE] graph - <----- statementPart
2021-11-19T10:24:06,622|[TRACE] graph - -----> statementPart
2021-11-19T10:24:06,622|[TRACE] graph - -------> nonSkippedChar
2021-11-19T10:24:06,622|[TRACE] script - #out(`T`) [token]
2021-11-19T10:24:06,622|[TRACE] graph - <------- nonSkippedChar
2021-11-19T10:24:06,622|[TRACE] graph - <----- statementPart
2021-11-19T10:24:06,622|[TRACE] graph - -----> statementPart
2021-11-19T10:24:06,622|[TRACE] graph - -------> nonSkippedChar
2021-11-19T10:24:06,622|[TRACE] script - #out(`I`) [token]
2021-11-19T10:24:06,622|[TRACE] graph - <------- nonSkippedChar
2021-11-19T10:24:06,622|[TRACE] graph - <----- statementPart
2021-11-19T10:24:06,622|[TRACE] graph - -----> statementPart
2021-11-19T10:24:06,622|[TRACE] graph - -------> nonSkippedChar
2021-11-19T10:24:06,622|[TRACE] script - #out(`O`) [token]
2021-11-19T10:24:06,622|[TRACE] graph - <------- nonSkippedChar
2021-11-19T10:24:06,622|[TRACE] graph - <----- statementPart
2021-11-19T10:24:06,622|[TRACE] graph - -----> statementPart
2021-11-19T10:24:06,622|[TRACE] graph - -------> nonSkippedChar
2021-11-19T10:24:06,622|[TRACE] script - #out(`N`) [token]
2021-11-19T10:24:06,622|[TRACE] graph - <------- nonSkippedChar
2021-11-19T10:24:06,622|[TRACE] graph - <----- statementPart
2021-11-19T10:24:06,622|[TRACE] graph - -----> statementPart
2021-11-19T10:24:06,622|[TRACE] graph - -------> nonSkippedChar
2021-11-19T10:24:06,622|[TRACE] script - #out(`,`) [token]
2021-11-19T10:24:06,622|[TRACE] graph - <------- nonSkippedChar
2021-11-19T10:24:06,622|[TRACE] graph - <----- statementPart
2021-11-19T10:24:06,622|[TRACE] graph - -----> afterStatementPartNewline
2021-11-19T10:24:06,622|[TRACE] script - #out(` `) [text]
2021-11-19T10:24:06,622|[TRACE] graph - <----- afterStatementPartNewline
2021-11-19T10:24:06,622|[TRACE] graph - -----> statementPart
2021-11-19T10:24:06,622|[TRACE] graph - -------> nonSkippedSpace
2021-11-19T10:24:06,622|[TRACE] script - #out(` `) [token]
2021-11-19T10:24:06,622|[TRACE] graph - <------- nonSkippedSpace
2021-11-19T10:24:06,622|[TRACE] graph - <----- statementPart
2021-11-19T10:24:06,622|[TRACE] graph - -----> statementPart
2021-11-19T10:24:06,622|[TRACE] graph - -------> nonSkippedSpace
2021-11-19T10:24:06,622|[TRACE] script - #out(` `) [token]
2021-11-19T10:24:06,622|[TRACE] graph - <------- nonSkippedSpace
2021-11-19T10:24:06,622|[TRACE] graph - <----- statementPart
2021-11-19T10:24:06,622|[TRACE] graph - -----> statementPart
2021-11-19T10:24:06,622|[TRACE] graph - -------> nonSkippedChar
2021-11-19T10:24:06,622|[TRACE] script - #out(`C`) [token]
2021-11-19T10:24:06,622|[TRACE] graph - <------- nonSkippedChar
2021-11-19T10:24:06,622|[TRACE] graph - <----- statementPart
2021-11-19T10:24:06,622|[TRACE] graph - -----> statementPart
2021-11-19T10:24:06,622|[TRACE] graph - -------> nonSkippedChar
2021-11-19T10:24:06,622|[TRACE] script - #out(`O`) [token]
2021-11-19T10:24:06,622|[TRACE] graph - <------- nonSkippedChar
2021-11-19T10:24:06,622|[TRACE] graph - <----- statementPart
2021-11-19T10:24:06,622|[TRACE] graph - -----> statementPart
2021-11-19T10:24:06,622|[TRACE] graph - -------> nonSkippedChar
2021-11-19T10:24:06,622|[TRACE] script - #out(`N`) [token]
2021-11-19T10:24:06,622|[TRACE] graph - <------- nonSkippedChar
2021-11-19T10:24:06,622|[TRACE] graph - <----- statementPart
2021-11-19T10:24:06,622|[TRACE] graph - -----> statementPart
2021-11-19T10:24:06,622|[TRACE] graph - -------> nonSkippedChar
2021-11-19T10:24:06,622|[TRACE] script - #out(`S`) [token]
2021-11-19T10:24:06,622|[TRACE] graph - <------- nonSkippedChar
2021-11-19T10:24:06,622|[TRACE] graph - <----- statementPart
2021-11-19T10:24:06,622|[TRACE] graph - -----> statementPart
2021-11-19T10:24:06,622|[TRACE] graph - -------> nonSkippedChar
2021-11-19T10:24:06,622|[TRACE] script - #out(`T`) [token]
2021-11-19T10:24:06,622|[TRACE] graph - <------- nonSkippedChar
2021-11-19T10:24:06,622|[TRACE] graph - <----- statementPart
2021-11-19T10:24:06,622|[TRACE] graph - -----> statementPart
2021-11-19T10:24:06,622|[TRACE] graph - -------> nonSkippedChar
2021-11-19T10:24:06,622|[TRACE] script - #out(`R`) [token]
2021-11-19T10:24:06,622|[TRACE] graph - <------- nonSkippedChar
2021-11-19T10:24:06,622|[TRACE] graph - <----- statementPart
2021-11-19T10:24:06,622|[TRACE] graph - -----> statementPart
2021-11-19T10:24:06,622|[TRACE] graph - -------> nonSkippedChar
2021-11-19T10:24:06,622|[TRACE] script - #out(`A`) [token]
2021-11-19T10:24:06,622|[TRACE] graph - <------- nonSkippedChar
2021-11-19T10:24:06,622|[TRACE] graph - <----- statementPart
2021-11-19T10:24:06,622|[TRACE] graph - -----> statementPart
2021-11-19T10:24:06,622|[TRACE] graph - -------> nonSkippedChar
2021-11-19T10:24:06,622|[TRACE] script - #out(`I`) [token]
2021-11-19T10:24:06,622|[TRACE] graph - <------- nonSkippedChar
2021-11-19T10:24:06,622|[TRACE] graph - <----- statementPart
2021-11-19T10:24:06,622|[TRACE] graph - -----> statementPart
2021-11-19T10:24:06,622|[TRACE] graph - -------> nonSkippedChar
2021-11-19T10:24:06,622|[TRACE] script - #out(`N`) [token]
2021-11-19T10:24:06,622|[TRACE] graph - <------- nonSkippedChar
2021-11-19T10:24:06,622|[TRACE] graph - <----- statementPart
2021-11-19T10:24:06,622|[TRACE] graph - -----> statementPart
2021-11-19T10:24:06,622|[TRACE] graph - -------> nonSkippedChar
2021-11-19T10:24:06,622|[TRACE] script - #out(`T`) [token]
2021-11-19T10:24:06,622|[TRACE] graph - <------- nonSkippedChar
2021-11-19T10:24:06,622|[TRACE] graph - <----- statementPart
2021-11-19T10:24:06,622|[TRACE] graph - -----> statementPart
2021-11-19T10:24:06,622|[TRACE] graph - -------> nonSkippedSpace
2021-11-19T10:24:06,622|[TRACE] script - #out(` `) [token]
2021-11-19T10:24:06,622|[TRACE] graph - <------- nonSkippedSpace
2021-11-19T10:24:06,622|[TRACE] graph - <----- statementPart
2021-11-19T10:24:06,622|[TRACE] graph - -----> statementPart
2021-11-19T10:24:06,622|[TRACE] graph - -------> quotedString
2021-11-19T10:24:06,622|[TRACE] script - #out(``fk_contact_person1``) [token]
2021-11-19T10:24:06,622|[TRACE] graph - <------- quotedString
2021-11-19T10:24:06,622|[TRACE] graph - <----- statementPart
2021-11-19T10:24:06,622|[TRACE] graph - -----> afterStatementPartNewline
2021-11-19T10:24:06,622|[TRACE] script - #out(` `) [text]
2021-11-19T10:24:06,622|[TRACE] graph - <----- afterStatementPartNewline
2021-11-19T10:24:06,622|[TRACE] graph - -----> statementPart
2021-11-19T10:24:06,622|[TRACE] graph - -------> nonSkippedSpace
2021-11-19T10:24:06,622|[TRACE] script - #out(` `) [token]
2021-11-19T10:24:06,622|[TRACE] graph - <------- nonSkippedSpace
2021-11-19T10:24:06,622|[TRACE] graph - <----- statementPart
2021-11-19T10:24:06,622|[TRACE] graph - -----> statementPart
2021-11-19T10:24:06,622|[TRACE] graph - -------> nonSkippedSpace
2021-11-19T10:24:06,622|[TRACE] script - #out(` `) [token]
2021-11-19T10:24:06,622|[TRACE] graph - <------- nonSkippedSpace
2021-11-19T10:24:06,622|[TRACE] graph - <----- statementPart
2021-11-19T10:24:06,622|[TRACE] graph - -----> statementPart
2021-11-19T10:24:06,622|[TRACE] graph - -------> nonSkippedSpace
2021-11-19T10:24:06,622|[TRACE] script - #out(` `) [token]
2021-11-19T10:24:06,622|[TRACE] graph - <------- nonSkippedSpace
2021-11-19T10:24:06,622|[TRACE] graph - <----- statementPart
2021-11-19T10:24:06,622|[TRACE] graph - -----> statementPart
2021-11-19T10:24:06,622|[TRACE] graph - -------> nonSkippedSpace
2021-11-19T10:24:06,622|[TRACE] script - #out(` `) [token]
2021-11-19T10:24:06,622|[TRACE] graph - <------- nonSkippedSpace
2021-11-19T10:24:06,622|[TRACE] graph - <----- statementPart
2021-11-19T10:24:06,622|[TRACE] graph - -----> statementPart
2021-11-19T10:24:06,622|[TRACE] graph - -------> nonSkippedChar
2021-11-19T10:24:06,622|[TRACE] script - #out(`F`) [token]
2021-11-19T10:24:06,622|[TRACE] graph - <------- nonSkippedChar
2021-11-19T10:24:06,622|[TRACE] graph - <----- statementPart
2021-11-19T10:24:06,622|[TRACE] graph - -----> statementPart
2021-11-19T10:24:06,622|[TRACE] graph - -------> nonSkippedChar
2021-11-19T10:24:06,622|[TRACE] script - #out(`O`) [token]
2021-11-19T10:24:06,622|[TRACE] graph - <------- nonSkippedChar
2021-11-19T10:24:06,622|[TRACE] graph - <----- statementPart
2021-11-19T10:24:06,622|[TRACE] graph - -----> statementPart
2021-11-19T10:24:06,622|[TRACE] graph - -------> nonSkippedChar
2021-11-19T10:24:06,622|[TRACE] script - #out(`R`) [token]
2021-11-19T10:24:06,623|[TRACE] graph - <------- nonSkippedChar
2021-11-19T10:24:06,623|[TRACE] graph - <----- statementPart
2021-11-19T10:24:06,623|[TRACE] graph - -----> statementPart
2021-11-19T10:24:06,623|[TRACE] graph - -------> nonSkippedChar
2021-11-19T10:24:06,623|[TRACE] script - #out(`E`) [token]
2021-11-19T10:24:06,623|[TRACE] graph - <------- nonSkippedChar
2021-11-19T10:24:06,623|[TRACE] graph - <----- statementPart
2021-11-19T10:24:06,623|[TRACE] graph - -----> statementPart
2021-11-19T10:24:06,623|[TRACE] graph - -------> nonSkippedChar
2021-11-19T10:24:06,623|[TRACE] script - #out(`I`) [token]
2021-11-19T10:24:06,623|[TRACE] graph - <------- nonSkippedChar
2021-11-19T10:24:06,623|[TRACE] graph - <----- statementPart
2021-11-19T10:24:06,623|[TRACE] graph - -----> statementPart
2021-11-19T10:24:06,623|[TRACE] graph - -------> nonSkippedChar
2021-11-19T10:24:06,623|[TRACE] script - #out(`G`) [token]
2021-11-19T10:24:06,623|[TRACE] graph - <------- nonSkippedChar
2021-11-19T10:24:06,623|[TRACE] graph - <----- statementPart
2021-11-19T10:24:06,623|[TRACE] graph - -----> statementPart
2021-11-19T10:24:06,623|[TRACE] graph - -------> nonSkippedChar
2021-11-19T10:24:06,623|[TRACE] script - #out(`N`) [token]
2021-11-19T10:24:06,623|[TRACE] graph - <------- nonSkippedChar
2021-11-19T10:24:06,623|[TRACE] graph - <----- statementPart
2021-11-19T10:24:06,623|[TRACE] graph - -----> statementPart
2021-11-19T10:24:06,623|[TRACE] graph - -------> nonSkippedSpace
2021-11-19T10:24:06,623|[TRACE] script - #out(` `) [token]
2021-11-19T10:24:06,623|[TRACE] graph - <------- nonSkippedSpace
2021-11-19T10:24:06,623|[TRACE] graph - <----- statementPart
2021-11-19T10:24:06,623|[TRACE] graph - -----> statementPart
2021-11-19T10:24:06,623|[TRACE] graph - -------> nonSkippedChar
2021-11-19T10:24:06,623|[TRACE] script - #out(`K`) [token]
2021-11-19T10:24:06,623|[TRACE] graph - <------- nonSkippedChar
2021-11-19T10:24:06,623|[TRACE] graph - <----- statementPart
2021-11-19T10:24:06,623|[TRACE] graph - -----> statementPart
2021-11-19T10:24:06,623|[TRACE] graph - -------> nonSkippedChar
2021-11-19T10:24:06,623|[TRACE] script - #out(`E`) [token]
2021-11-19T10:24:06,623|[TRACE] graph - <------- nonSkippedChar
2021-11-19T10:24:06,623|[TRACE] graph - <----- statementPart
2021-11-19T10:24:06,623|[TRACE] graph - -----> statementPart
2021-11-19T10:24:06,623|[TRACE] graph - -------> nonSkippedChar
2021-11-19T10:24:06,623|[TRACE] script - #out(`Y`) [token]
2021-11-19T10:24:06,623|[TRACE] graph - <------- nonSkippedChar
2021-11-19T10:24:06,623|[TRACE] graph - <----- statementPart
2021-11-19T10:24:06,623|[TRACE] graph - -----> statementPart
2021-11-19T10:24:06,623|[TRACE] graph - -------> nonSkippedSpace
2021-11-19T10:24:06,623|[TRACE] script - #out(` `) [token]
2021-11-19T10:24:06,623|[TRACE] graph - <------- nonSkippedSpace
2021-11-19T10:24:06,623|[TRACE] graph - <----- statementPart
2021-11-19T10:24:06,623|[TRACE] graph - -----> statementPart
2021-11-19T10:24:06,623|[TRACE] graph - -------> nonSkippedChar
2021-11-19T10:24:06,623|[TRACE] script - #out(`(`) [token]
2021-11-19T10:24:06,623|[TRACE] graph - <------- nonSkippedChar
2021-11-19T10:24:06,623|[TRACE] graph - <----- statementPart
2021-11-19T10:24:06,623|[TRACE] graph - -----> statementPart
2021-11-19T10:24:06,623|[TRACE] graph - -------> quotedString
2021-11-19T10:24:06,623|[TRACE] script - #out(``person_id``) [token]
2021-11-19T10:24:06,623|[TRACE] graph - <------- quotedString
2021-11-19T10:24:06,623|[TRACE] graph - <----- statementPart
2021-11-19T10:24:06,623|[TRACE] graph - -----> statementPart
2021-11-19T10:24:06,623|[TRACE] graph - -------> nonSkippedChar
2021-11-19T10:24:06,623|[TRACE] script - #out(`)`) [token]
2021-11-19T10:24:06,623|[TRACE] graph - <------- nonSkippedChar
2021-11-19T10:24:06,623|[TRACE] graph - <----- statementPart
2021-11-19T10:24:06,623|[TRACE] graph - -----> afterStatementPartNewline
2021-11-19T10:24:06,623|[TRACE] script - #out(` `) [text]
2021-11-19T10:24:06,623|[TRACE] graph - <----- afterStatementPartNewline
2021-11-19T10:24:06,623|[TRACE] graph - -----> statementPart
2021-11-19T10:24:06,623|[TRACE] graph - -------> nonSkippedSpace
2021-11-19T10:24:06,623|[TRACE] script - #out(` `) [token]
2021-11-19T10:24:06,623|[TRACE] graph - <------- nonSkippedSpace
2021-11-19T10:24:06,623|[TRACE] graph - <----- statementPart
2021-11-19T10:24:06,623|[TRACE] graph - -----> statementPart
2021-11-19T10:24:06,623|[TRACE] graph - -------> nonSkippedSpace
2021-11-19T10:24:06,623|[TRACE] script - #out(` `) [token]
2021-11-19T10:24:06,623|[TRACE] graph - <------- nonSkippedSpace
2021-11-19T10:24:06,623|[TRACE] graph - <----- statementPart
2021-11-19T10:24:06,623|[TRACE] graph - -----> statementPart
2021-11-19T10:24:06,623|[TRACE] graph - -------> nonSkippedSpace
2021-11-19T10:24:06,623|[TRACE] script - #out(` `) [token]
2021-11-19T10:24:06,623|[TRACE] graph - <------- nonSkippedSpace
2021-11-19T10:24:06,623|[TRACE] graph - <----- statementPart
2021-11-19T10:24:06,623|[TRACE] graph - -----> statementPart
2021-11-19T10:24:06,623|[TRACE] graph - -------> nonSkippedSpace
2021-11-19T10:24:06,623|[TRACE] script - #out(` `) [token]
2021-11-19T10:24:06,623|[TRACE] graph - <------- nonSkippedSpace
2021-11-19T10:24:06,623|[TRACE] graph - <----- statementPart
2021-11-19T10:24:06,623|[TRACE] graph - -----> statementPart
2021-11-19T10:24:06,623|[TRACE] graph - -------> nonSkippedChar
2021-11-19T10:24:06,623|[TRACE] script - #out(`R`) [token]
2021-11-19T10:24:06,623|[TRACE] graph - <------- nonSkippedChar
2021-11-19T10:24:06,623|[TRACE] graph - <----- statementPart
2021-11-19T10:24:06,623|[TRACE] graph - -----> statementPart
2021-11-19T10:24:06,623|[TRACE] graph - -------> nonSkippedChar
2021-11-19T10:24:06,623|[TRACE] script - #out(`E`) [token]
2021-11-19T10:24:06,623|[TRACE] graph - <------- nonSkippedChar
2021-11-19T10:24:06,623|[TRACE] graph - <----- statementPart
2021-11-19T10:24:06,623|[TRACE] graph - -----> statementPart
2021-11-19T10:24:06,623|[TRACE] graph - -------> nonSkippedChar
2021-11-19T10:24:06,623|[TRACE] script - #out(`F`) [token]
2021-11-19T10:24:06,623|[TRACE] graph - <------- nonSkippedChar
2021-11-19T10:24:06,623|[TRACE] graph - <----- statementPart
2021-11-19T10:24:06,623|[TRACE] graph - -----> statementPart
2021-11-19T10:24:06,623|[TRACE] graph - -------> nonSkippedChar
2021-11-19T10:24:06,623|[TRACE] script - #out(`E`) [token]
2021-11-19T10:24:06,623|[TRACE] graph - <------- nonSkippedChar
2021-11-19T10:24:06,623|[TRACE] graph - <----- statementPart
2021-11-19T10:24:06,623|[TRACE] graph - -----> statementPart
2021-11-19T10:24:06,623|[TRACE] graph - -------> nonSkippedChar
2021-11-19T10:24:06,623|[TRACE] script - #out(`R`) [token]
2021-11-19T10:24:06,623|[TRACE] graph - <------- nonSkippedChar
2021-11-19T10:24:06,623|[TRACE] graph - <----- statementPart
2021-11-19T10:24:06,623|[TRACE] graph - -----> statementPart
2021-11-19T10:24:06,623|[TRACE] graph - -------> nonSkippedChar
2021-11-19T10:24:06,623|[TRACE] script - #out(`E`) [token]
2021-11-19T10:24:06,623|[TRACE] graph - <------- nonSkippedChar
2021-11-19T10:24:06,623|[TRACE] graph - <----- statementPart
2021-11-19T10:24:06,623|[TRACE] graph - -----> statementPart
2021-11-19T10:24:06,623|[TRACE] graph - -------> nonSkippedChar
2021-11-19T10:24:06,623|[TRACE] script - #out(`N`) [token]
2021-11-19T10:24:06,681|[TRACE] graph - <------- nonSkippedChar
2021-11-19T10:24:06,681|[TRACE] graph - <----- statementPart
2021-11-19T10:24:06,681|[TRACE] graph - -----> statementPart
2021-11-19T10:24:06,681|[TRACE] graph - -------> nonSkippedChar
2021-11-19T10:24:06,681|[TRACE] script - #out(`C`) [token]
2021-11-19T10:24:06,681|[TRACE] graph - <------- nonSkippedChar
2021-11-19T10:24:06,681|[TRACE] graph - <----- statementPart
2021-11-19T10:24:06,681|[TRACE] graph - -----> statementPart
2021-11-19T10:24:06,681|[TRACE] graph - -------> nonSkippedChar
2021-11-19T10:24:06,681|[TRACE] script - #out(`E`) [token]
2021-11-19T10:24:06,681|[TRACE] graph - <------- nonSkippedChar
2021-11-19T10:24:06,681|[TRACE] graph - <----- statementPart
2021-11-19T10:24:06,681|[TRACE] graph - -----> statementPart
2021-11-19T10:24:06,681|[TRACE] graph - -------> nonSkippedChar
2021-11-19T10:24:06,681|[TRACE] script - #out(`S`) [token]
2021-11-19T10:24:06,681|[TRACE] graph - <------- nonSkippedChar
2021-11-19T10:24:06,681|[TRACE] graph - <----- statementPart
2021-11-19T10:24:06,681|[TRACE] graph - -----> statementPart
2021-11-19T10:24:06,681|[TRACE] graph - -------> nonSkippedSpace
2021-11-19T10:24:06,681|[TRACE] script - #out(` `) [token]
2021-11-19T10:24:06,681|[TRACE] graph - <------- nonSkippedSpace
2021-11-19T10:24:06,681|[TRACE] graph - <----- statementPart
2021-11-19T10:24:06,681|[TRACE] graph - -----> statementPart
2021-11-19T10:24:06,681|[TRACE] graph - -------> quotedString
2021-11-19T10:24:06,681|[TRACE] script - #out(``bloodbank``) [token]
2021-11-19T10:24:06,681|[TRACE] graph - <------- quotedString
2021-11-19T10:24:06,681|[TRACE] graph - <----- statementPart
2021-11-19T10:24:06,681|[TRACE] graph - -----> statementPart
2021-11-19T10:24:06,681|[TRACE] graph - -------> nonSkippedChar
2021-11-19T10:24:06,681|[TRACE] script - #out(`.`) [token]
2021-11-19T10:24:06,681|[TRACE] graph - <------- nonSkippedChar
2021-11-19T10:24:06,681|[TRACE] graph - <----- statementPart
2021-11-19T10:24:06,681|[TRACE] graph - -----> statementPart
2021-11-19T10:24:06,681|[TRACE] graph - -------> quotedString
2021-11-19T10:24:06,681|[TRACE] script - #out(``person``) [token]
2021-11-19T10:24:06,681|[TRACE] graph - <------- quotedString
2021-11-19T10:24:06,681|[TRACE] graph - <----- statementPart
2021-11-19T10:24:06,681|[TRACE] graph - -----> statementPart
2021-11-19T10:24:06,681|[TRACE] graph - -------> nonSkippedSpace
2021-11-19T10:24:06,681|[TRACE] script - #out(` `) [token]
2021-11-19T10:24:06,681|[TRACE] graph - <------- nonSkippedSpace
2021-11-19T10:24:06,681|[TRACE] graph - <----- statementPart
2021-11-19T10:24:06,681|[TRACE] graph - -----> statementPart
2021-11-19T10:24:06,681|[TRACE] graph - -------> nonSkippedChar
2021-11-19T10:24:06,681|[TRACE] script - #out(`(`) [token]
2021-11-19T10:24:06,681|[TRACE] graph - <------- nonSkippedChar
2021-11-19T10:24:06,681|[TRACE] graph - <----- statementPart
2021-11-19T10:24:06,681|[TRACE] graph - -----> statementPart
2021-11-19T10:24:06,681|[TRACE] graph - -------> quotedString
2021-11-19T10:24:06,681|[TRACE] script - #out(``id``) [token]
2021-11-19T10:24:06,681|[TRACE] graph - <------- quotedString
2021-11-19T10:24:06,681|[TRACE] graph - <----- statementPart
2021-11-19T10:24:06,681|[TRACE] graph - -----> statementPart
2021-11-19T10:24:06,681|[TRACE] graph - -------> nonSkippedChar
2021-11-19T10:24:06,681|[TRACE] script - #out(`)`) [token]
2021-11-19T10:24:06,681|[TRACE] graph - <------- nonSkippedChar
2021-11-19T10:24:06,681|[TRACE] graph - <----- statementPart
2021-11-19T10:24:06,681|[TRACE] graph - -----> afterStatementPartNewline
2021-11-19T10:24:06,681|[TRACE] script - #out(` `) [text]
2021-11-19T10:24:06,681|[TRACE] graph - <----- afterStatementPartNewline
2021-11-19T10:24:06,681|[TRACE] graph - -----> statementPart
2021-11-19T10:24:06,681|[TRACE] graph - -------> nonSkippedSpace
2021-11-19T10:24:06,681|[TRACE] script - #out(` `) [token]
2021-11-19T10:24:06,681|[TRACE] graph - <------- nonSkippedSpace
2021-11-19T10:24:06,681|[TRACE] graph - <----- statementPart
2021-11-19T10:24:06,681|[TRACE] graph - -----> statementPart
2021-11-19T10:24:06,681|[TRACE] graph - -------> nonSkippedSpace
2021-11-19T10:24:06,681|[TRACE] script - #out(` `) [token]
2021-11-19T10:24:06,681|[TRACE] graph - <------- nonSkippedSpace
2021-11-19T10:24:06,681|[TRACE] graph - <----- statementPart
2021-11-19T10:24:06,681|[TRACE] graph - -----> statementPart
2021-11-19T10:24:06,681|[TRACE] graph - -------> nonSkippedSpace
2021-11-19T10:24:06,681|[TRACE] script - #out(` `) [token]
2021-11-19T10:24:06,681|[TRACE] graph - <------- nonSkippedSpace
2021-11-19T10:24:06,681|[TRACE] graph - <----- statementPart
2021-11-19T10:24:06,681|[TRACE] graph - -----> statementPart
2021-11-19T10:24:06,681|[TRACE] graph - -------> nonSkippedSpace
2021-11-19T10:24:06,681|[TRACE] script - #out(` `) [token]
2021-11-19T10:24:06,681|[TRACE] graph - <------- nonSkippedSpace
2021-11-19T10:24:06,681|[TRACE] graph - <----- statementPart
2021-11-19T10:24:06,681|[TRACE] graph - -----> statementPart
2021-11-19T10:24:06,681|[TRACE] graph - -------> nonSkippedChar
2021-11-19T10:24:06,681|[TRACE] script - #out(`O`) [token]
2021-11-19T10:24:06,681|[TRACE] graph - <------- nonSkippedChar
2021-11-19T10:24:06,681|[TRACE] graph - <----- statementPart
2021-11-19T10:24:06,681|[TRACE] graph - -----> statementPart
2021-11-19T10:24:06,681|[TRACE] graph - -------> nonSkippedChar
2021-11-19T10:24:06,681|[TRACE] script - #out(`N`) [token]
2021-11-19T10:24:06,681|[TRACE] graph - <------- nonSkippedChar
2021-11-19T10:24:06,681|[TRACE] graph - <----- statementPart
2021-11-19T10:24:06,681|[TRACE] graph - -----> statementPart
2021-11-19T10:24:06,681|[TRACE] graph - -------> nonSkippedSpace
2021-11-19T10:24:06,681|[TRACE] script - #out(` `) [token]
2021-11-19T10:24:06,681|[TRACE] graph - <------- nonSkippedSpace
2021-11-19T10:24:06,681|[TRACE] graph - <----- statementPart
2021-11-19T10:24:06,681|[TRACE] graph - -----> statementPart
2021-11-19T10:24:06,681|[TRACE] graph - -------> nonSkippedChar
2021-11-19T10:24:06,681|[TRACE] script - #out(`D`) [token]
2021-11-19T10:24:06,681|[TRACE] graph - <------- nonSkippedChar
2021-11-19T10:24:06,681|[TRACE] graph - <----- statementPart
2021-11-19T10:24:06,681|[TRACE] graph - -----> statementPart
2021-11-19T10:24:06,681|[TRACE] graph - -------> nonSkippedChar
2021-11-19T10:24:06,681|[TRACE] script - #out(`E`) [token]
2021-11-19T10:24:06,681|[TRACE] graph - <------- nonSkippedChar
2021-11-19T10:24:06,681|[TRACE] graph - <----- statementPart
2021-11-19T10:24:06,681|[TRACE] graph - -----> statementPart
2021-11-19T10:24:06,681|[TRACE] graph - -------> nonSkippedChar
2021-11-19T10:24:06,681|[TRACE] script - #out(`L`) [token]
2021-11-19T10:24:06,681|[TRACE] graph - <------- nonSkippedChar
2021-11-19T10:24:06,681|[TRACE] graph - <----- statementPart
2021-11-19T10:24:06,681|[TRACE] graph - -----> statementPart
2021-11-19T10:24:06,681|[TRACE] graph - -------> nonSkippedChar
2021-11-19T10:24:06,682|[TRACE] script - #out(`E`) [token]
2021-11-19T10:24:06,682|[TRACE] graph - <------- nonSkippedChar
2021-11-19T10:24:06,682|[TRACE] graph - <----- statementPart
2021-11-19T10:24:06,682|[TRACE] graph - -----> statementPart
2021-11-19T10:24:06,682|[TRACE] graph - -------> nonSkippedChar
2021-11-19T10:24:06,682|[TRACE] script - #out(`T`) [token]
2021-11-19T10:24:06,682|[TRACE] graph - <------- nonSkippedChar
2021-11-19T10:24:06,682|[TRACE] graph - <----- statementPart
2021-11-19T10:24:06,682|[TRACE] graph - -----> statementPart
2021-11-19T10:24:06,682|[TRACE] graph - -------> nonSkippedChar
2021-11-19T10:24:06,682|[TRACE] script - #out(`E`) [token]
2021-11-19T10:24:06,682|[TRACE] graph - <------- nonSkippedChar
2021-11-19T10:24:06,682|[TRACE] graph - <----- statementPart
2021-11-19T10:24:06,682|[TRACE] graph - -----> statementPart
2021-11-19T10:24:06,682|[TRACE] graph - -------> nonSkippedSpace
2021-11-19T10:24:06,682|[TRACE] script - #out(` `) [token]
2021-11-19T10:24:06,682|[TRACE] graph - <------- nonSkippedSpace
2021-11-19T10:24:06,682|[TRACE] graph - <----- statementPart
2021-11-19T10:24:06,682|[TRACE] graph - -----> statementPart
2021-11-19T10:24:06,682|[TRACE] graph - -------> nonSkippedChar
2021-11-19T10:24:06,682|[TRACE] script - #out(`N`) [token]
2021-11-19T10:24:06,682|[TRACE] graph - <------- nonSkippedChar
2021-11-19T10:24:06,682|[TRACE] graph - <----- statementPart
2021-11-19T10:24:06,682|[TRACE] graph - -----> statementPart
2021-11-19T10:24:06,682|[TRACE] graph - -------> nonSkippedChar
2021-11-19T10:24:06,682|[TRACE] script - #out(`O`) [token]
2021-11-19T10:24:06,682|[TRACE] graph - <------- nonSkippedChar
2021-11-19T10:24:06,682|[TRACE] graph - <----- statementPart
2021-11-19T10:24:06,682|[TRACE] graph - -----> statementPart
2021-11-19T10:24:06,682|[TRACE] graph - -------> nonSkippedSpace
2021-11-19T10:24:06,682|[TRACE] script - #out(` `) [token]
2021-11-19T10:24:06,682|[TRACE] graph - <------- nonSkippedSpace
2021-11-19T10:24:06,682|[TRACE] graph - <----- statementPart
2021-11-19T10:24:06,682|[TRACE] graph - -----> statementPart
2021-11-19T10:24:06,682|[TRACE] graph - -------> nonSkippedChar
2021-11-19T10:24:06,682|[TRACE] script - #out(`A`) [token]
2021-11-19T10:24:06,682|[TRACE] graph - <------- nonSkippedChar
2021-11-19T10:24:06,682|[TRACE] graph - <----- statementPart
2021-11-19T10:24:06,682|[TRACE] graph - -----> statementPart
2021-11-19T10:24:06,682|[TRACE] graph - -------> nonSkippedChar
2021-11-19T10:24:06,682|[TRACE] script - #out(`C`) [token]
2021-11-19T10:24:06,682|[TRACE] graph - <------- nonSkippedChar
2021-11-19T10:24:06,682|[TRACE] graph - <----- statementPart
2021-11-19T10:24:06,682|[TRACE] graph - -----> statementPart
2021-11-19T10:24:06,682|[TRACE] graph - -------> nonSkippedChar
2021-11-19T10:24:06,682|[TRACE] script - #out(`T`) [token]
2021-11-19T10:24:06,682|[TRACE] graph - <------- nonSkippedChar
2021-11-19T10:24:06,682|[TRACE] graph - <----- statementPart
2021-11-19T10:24:06,682|[TRACE] graph - -----> statementPart
2021-11-19T10:24:06,682|[TRACE] graph - -------> nonSkippedChar
2021-11-19T10:24:06,682|[TRACE] script - #out(`I`) [token]
2021-11-19T10:24:06,682|[TRACE] graph - <------- nonSkippedChar
2021-11-19T10:24:06,682|[TRACE] graph - <----- statementPart
2021-11-19T10:24:06,682|[TRACE] graph - -----> statementPart
2021-11-19T10:24:06,682|[TRACE] graph - -------> nonSkippedChar
2021-11-19T10:24:06,682|[TRACE] script - #out(`O`) [token]
2021-11-19T10:24:06,682|[TRACE] graph - <------- nonSkippedChar
2021-11-19T10:24:06,682|[TRACE] graph - <----- statementPart
2021-11-19T10:24:06,682|[TRACE] graph - -----> statementPart
2021-11-19T10:24:06,682|[TRACE] graph - -------> nonSkippedChar
2021-11-19T10:24:06,682|[TRACE] script - #out(`N`) [token]
2021-11-19T10:24:06,682|[TRACE] graph - <------- nonSkippedChar
2021-11-19T10:24:06,682|[TRACE] graph - <----- statementPart
2021-11-19T10:24:06,682|[TRACE] graph - -----> afterStatementPartNewline
2021-11-19T10:24:06,682|[TRACE] script - #out(` `) [text]
2021-11-19T10:24:06,682|[TRACE] graph - <----- afterStatementPartNewline
2021-11-19T10:24:06,682|[TRACE] graph - -----> statementPart
2021-11-19T10:24:06,682|[TRACE] graph - -------> nonSkippedSpace
2021-11-19T10:24:06,682|[TRACE] script - #out(` `) [token]
2021-11-19T10:24:06,682|[TRACE] graph - <------- nonSkippedSpace
2021-11-19T10:24:06,682|[TRACE] graph - <----- statementPart
2021-11-19T10:24:06,682|[TRACE] graph - -----> statementPart
2021-11-19T10:24:06,682|[TRACE] graph - -------> nonSkippedSpace
2021-11-19T10:24:06,682|[TRACE] script - #out(` `) [token]
2021-11-19T10:24:06,682|[TRACE] graph - <------- nonSkippedSpace
2021-11-19T10:24:06,682|[TRACE] graph - <----- statementPart
2021-11-19T10:24:06,682|[TRACE] graph - -----> statementPart
2021-11-19T10:24:06,682|[TRACE] graph - -------> nonSkippedSpace
2021-11-19T10:24:06,682|[TRACE] script - #out(` `) [token]
2021-11-19T10:24:06,682|[TRACE] graph - <------- nonSkippedSpace
2021-11-19T10:24:06,682|[TRACE] graph - <----- statementPart
2021-11-19T10:24:06,682|[TRACE] graph - -----> statementPart
2021-11-19T10:24:06,682|[TRACE] graph - -------> nonSkippedSpace
2021-11-19T10:24:06,682|[TRACE] script - #out(` `) [token]
2021-11-19T10:24:06,682|[TRACE] graph - <------- nonSkippedSpace
2021-11-19T10:24:06,682|[TRACE] graph - <----- statementPart
2021-11-19T10:24:06,682|[TRACE] graph - -----> statementPart
2021-11-19T10:24:06,682|[TRACE] graph - -------> nonSkippedChar
2021-11-19T10:24:06,682|[TRACE] script - #out(`O`) [token]
2021-11-19T10:24:06,682|[TRACE] graph - <------- nonSkippedChar
2021-11-19T10:24:06,682|[TRACE] graph - <----- statementPart
2021-11-19T10:24:06,682|[TRACE] graph - -----> statementPart
2021-11-19T10:24:06,682|[TRACE] graph - -------> nonSkippedChar
2021-11-19T10:24:06,682|[TRACE] script - #out(`N`) [token]
2021-11-19T10:24:06,682|[TRACE] graph - <------- nonSkippedChar
2021-11-19T10:24:06,682|[TRACE] graph - <----- statementPart
2021-11-19T10:24:06,682|[TRACE] graph - -----> statementPart
2021-11-19T10:24:06,682|[TRACE] graph - -------> nonSkippedSpace
2021-11-19T10:24:06,682|[TRACE] script - #out(` `) [token]
2021-11-19T10:24:06,682|[TRACE] graph - <------- nonSkippedSpace
2021-11-19T10:24:06,682|[TRACE] graph - <----- statementPart
2021-11-19T10:24:06,682|[TRACE] graph - -----> statementPart
2021-11-19T10:24:06,682|[TRACE] graph - -------> nonSkippedChar
2021-11-19T10:24:06,682|[TRACE] script - #out(`U`) [token]
2021-11-19T10:24:06,682|[TRACE] graph - <------- nonSkippedChar
2021-11-19T10:24:06,682|[TRACE] graph - <----- statementPart
2021-11-19T10:24:06,682|[TRACE] graph - -----> statementPart
2021-11-19T10:24:06,682|[TRACE] graph - -------> nonSkippedChar
2021-11-19T10:24:06,682|[TRACE] script - #out(`P`) [token]
2021-11-19T10:24:06,682|[TRACE] graph - <------- nonSkippedChar
2021-11-19T10:24:06,682|[TRACE] graph - <----- statementPart
2021-11-19T10:24:06,682|[TRACE] graph - -----> statementPart
2021-11-19T10:24:06,682|[TRACE] graph - -------> nonSkippedChar
2021-11-19T10:24:06,682|[TRACE] script - #out(`D`) [token]
2021-11-19T10:24:06,682|[TRACE] graph - <------- nonSkippedChar
2021-11-19T10:24:06,682|[TRACE] graph - <----- statementPart
2021-11-19T10:24:06,682|[TRACE] graph - -----> statementPart
2021-11-19T10:24:06,682|[TRACE] graph - -------> nonSkippedChar
2021-11-19T10:24:06,682|[TRACE] script - #out(`A`) [token]
2021-11-19T10:24:06,682|[TRACE] graph - <------- nonSkippedChar
2021-11-19T10:24:06,682|[TRACE] graph - <----- statementPart
2021-11-19T10:24:06,682|[TRACE] graph - -----> statementPart
2021-11-19T10:24:06,682|[TRACE] graph - -------> nonSkippedChar
2021-11-19T10:24:06,682|[TRACE] script - #out(`T`) [token]
2021-11-19T10:24:06,682|[TRACE] graph - <------- nonSkippedChar
2021-11-19T10:24:06,682|[TRACE] graph - <----- statementPart
2021-11-19T10:24:06,682|[TRACE] graph - -----> statementPart
2021-11-19T10:24:06,682|[TRACE] graph - -------> nonSkippedChar
2021-11-19T10:24:06,682|[TRACE] script - #out(`E`) [token]
2021-11-19T10:24:06,682|[TRACE] graph - <------- nonSkippedChar
2021-11-19T10:24:06,682|[TRACE] graph - <----- statementPart
2021-11-19T10:24:06,682|[TRACE] graph - -----> statementPart
2021-11-19T10:24:06,682|[TRACE] graph - -------> nonSkippedSpace
2021-11-19T10:24:06,682|[TRACE] script - #out(` `) [token]
2021-11-19T10:24:06,682|[TRACE] graph - <------- nonSkippedSpace
2021-11-19T10:24:06,682|[TRACE] graph - <----- statementPart
2021-11-19T10:24:06,682|[TRACE] graph - -----> statementPart
2021-11-19T10:24:06,682|[TRACE] graph - -------> nonSkippedChar
2021-11-19T10:24:06,682|[TRACE] script - #out(`N`) [token]
2021-11-19T10:24:06,682|[TRACE] graph - <------- nonSkippedChar
2021-11-19T10:24:06,682|[TRACE] graph - <----- statementPart
2021-11-19T10:24:06,682|[TRACE] graph - -----> statementPart
2021-11-19T10:24:06,683|[TRACE] graph - -------> nonSkippedChar
2021-11-19T10:24:06,683|[TRACE] script - #out(`O`) [token]
2021-11-19T10:24:06,683|[TRACE] graph - <------- nonSkippedChar
2021-11-19T10:24:06,683|[TRACE] graph - <----- statementPart
2021-11-19T10:24:06,683|[TRACE] graph - -----> statementPart
2021-11-19T10:24:06,683|[TRACE] graph - -------> nonSkippedSpace
2021-11-19T10:24:06,683|[TRACE] script - #out(` `) [token]
2021-11-19T10:24:06,683|[TRACE] graph - <------- nonSkippedSpace
2021-11-19T10:24:06,683|[TRACE] graph - <----- statementPart
2021-11-19T10:24:06,683|[TRACE] graph - -----> statementPart
2021-11-19T10:24:06,683|[TRACE] graph - -------> nonSkippedChar
2021-11-19T10:24:06,683|[TRACE] script - #out(`A`) [token]
2021-11-19T10:24:06,683|[TRACE] graph - <------- nonSkippedChar
2021-11-19T10:24:06,683|[TRACE] graph - <----- statementPart
2021-11-19T10:24:06,683|[TRACE] graph - -----> statementPart
2021-11-19T10:24:06,683|[TRACE] graph - -------> nonSkippedChar
2021-11-19T10:24:06,683|[TRACE] script - #out(`C`) [token]
2021-11-19T10:24:06,683|[TRACE] graph - <------- nonSkippedChar
2021-11-19T10:24:06,683|[TRACE] graph - <----- statementPart
2021-11-19T10:24:06,683|[TRACE] graph - -----> statementPart
2021-11-19T10:24:06,683|[TRACE] graph - -------> nonSkippedChar
2021-11-19T10:24:06,683|[TRACE] script - #out(`T`) [token]
2021-11-19T10:24:06,683|[TRACE] graph - <------- nonSkippedChar
2021-11-19T10:24:06,683|[TRACE] graph - <----- statementPart
2021-11-19T10:24:06,683|[TRACE] graph - -----> statementPart
2021-11-19T10:24:06,683|[TRACE] graph - -------> nonSkippedChar
2021-11-19T10:24:06,683|[TRACE] script - #out(`I`) [token]
2021-11-19T10:24:06,683|[TRACE] graph - <------- nonSkippedChar
2021-11-19T10:24:06,683|[TRACE] graph - <----- statementPart
2021-11-19T10:24:06,683|[TRACE] graph - -----> statementPart
2021-11-19T10:24:06,683|[TRACE] graph - -------> nonSkippedChar
2021-11-19T10:24:06,683|[TRACE] script - #out(`O`) [token]
2021-11-19T10:24:06,683|[TRACE] graph - <------- nonSkippedChar
2021-11-19T10:24:06,683|[TRACE] graph - <----- statementPart
2021-11-19T10:24:06,683|[TRACE] graph - -----> statementPart
2021-11-19T10:24:06,683|[TRACE] graph - -------> nonSkippedChar
2021-11-19T10:24:06,683|[TRACE] script - #out(`N`) [token]
2021-11-19T10:24:06,683|[TRACE] graph - <------- nonSkippedChar
2021-11-19T10:24:06,683|[TRACE] graph - <----- statementPart
2021-11-19T10:24:06,683|[TRACE] graph - -----> statementPart
2021-11-19T10:24:06,683|[TRACE] graph - -------> nonSkippedChar
2021-11-19T10:24:06,683|[TRACE] script - #out(`)`) [token]
2021-11-19T10:24:06,683|[TRACE] graph - <------- nonSkippedChar
2021-11-19T10:24:06,683|[TRACE] graph - <----- statementPart
2021-11-19T10:24:06,683|[TRACE] graph - -----> afterStatementPartNewline
2021-11-19T10:24:06,683|[TRACE] script - #out(` `) [text]
2021-11-19T10:24:06,683|[TRACE] graph - <----- afterStatementPartNewline
2021-11-19T10:24:06,683|[TRACE] graph - -----> statementPart
2021-11-19T10:24:06,683|[TRACE] graph - -------> nonSkippedChar
2021-11-19T10:24:06,683|[TRACE] script - #out(`E`) [token]
2021-11-19T10:24:06,683|[TRACE] graph - <------- nonSkippedChar
2021-11-19T10:24:06,683|[TRACE] graph - <----- statementPart
2021-11-19T10:24:06,683|[TRACE] graph - -----> statementPart
2021-11-19T10:24:06,683|[TRACE] graph - -------> nonSkippedChar
2021-11-19T10:24:06,683|[TRACE] script - #out(`N`) [token]
2021-11-19T10:24:06,683|[TRACE] graph - <------- nonSkippedChar
2021-11-19T10:24:06,683|[TRACE] graph - <----- statementPart
2021-11-19T10:24:06,683|[TRACE] graph - -----> statementPart
2021-11-19T10:24:06,683|[TRACE] graph - -------> nonSkippedChar
2021-11-19T10:24:06,683|[TRACE] script - #out(`G`) [token]
2021-11-19T10:24:06,683|[TRACE] graph - <------- nonSkippedChar
2021-11-19T10:24:06,683|[TRACE] graph - <----- statementPart
2021-11-19T10:24:06,683|[TRACE] graph - -----> statementPart
2021-11-19T10:24:06,683|[TRACE] graph - -------> nonSkippedChar
2021-11-19T10:24:06,683|[TRACE] script - #out(`I`) [token]
2021-11-19T10:24:06,683|[TRACE] graph - <------- nonSkippedChar
2021-11-19T10:24:06,683|[TRACE] graph - <----- statementPart
2021-11-19T10:24:06,683|[TRACE] graph - -----> statementPart
2021-11-19T10:24:06,683|[TRACE] graph - -------> nonSkippedChar
2021-11-19T10:24:06,683|[TRACE] script - #out(`N`) [token]
2021-11-19T10:24:06,683|[TRACE] graph - <------- nonSkippedChar
2021-11-19T10:24:06,683|[TRACE] graph - <----- statementPart
2021-11-19T10:24:06,683|[TRACE] graph - -----> statementPart
2021-11-19T10:24:06,683|[TRACE] graph - -------> nonSkippedChar
2021-11-19T10:24:06,683|[TRACE] script - #out(`E`) [token]
2021-11-19T10:24:06,683|[TRACE] graph - <------- nonSkippedChar
2021-11-19T10:24:06,683|[TRACE] graph - <----- statementPart
2021-11-19T10:24:06,683|[TRACE] graph - -----> statementPart
2021-11-19T10:24:06,683|[TRACE] graph - -------> nonSkippedSpace
2021-11-19T10:24:06,683|[TRACE] script - #out(` `) [token]
2021-11-19T10:24:06,683|[TRACE] graph - <------- nonSkippedSpace
2021-11-19T10:24:06,683|[TRACE] graph - <----- statementPart
2021-11-19T10:24:06,683|[TRACE] graph - -----> statementPart
2021-11-19T10:24:06,683|[TRACE] graph - -------> nonSkippedChar
2021-11-19T10:24:06,683|[TRACE] script - #out(`=`) [token]
2021-11-19T10:24:06,683|[TRACE] graph - <------- nonSkippedChar
2021-11-19T10:24:06,683|[TRACE] graph - <----- statementPart
2021-11-19T10:24:06,683|[TRACE] graph - -----> statementPart
2021-11-19T10:24:06,683|[TRACE] graph - -------> nonSkippedSpace
2021-11-19T10:24:06,683|[TRACE] script - #out(` `) [token]
2021-11-19T10:24:06,683|[TRACE] graph - <------- nonSkippedSpace
2021-11-19T10:24:06,683|[TRACE] graph - <----- statementPart
2021-11-19T10:24:06,683|[TRACE] graph - -----> statementPart
2021-11-19T10:24:06,683|[TRACE] graph - -------> nonSkippedChar
2021-11-19T10:24:06,683|[TRACE] script - #out(`I`) [token]
2021-11-19T10:24:06,683|[TRACE] graph - <------- nonSkippedChar
2021-11-19T10:24:06,683|[TRACE] graph - <----- statementPart
2021-11-19T10:24:06,683|[TRACE] graph - -----> statementPart
2021-11-19T10:24:06,683|[TRACE] graph - -------> nonSkippedChar
2021-11-19T10:24:06,683|[TRACE] script - #out(`n`) [token]
2021-11-19T10:24:06,683|[TRACE] graph - <------- nonSkippedChar
2021-11-19T10:24:06,683|[TRACE] graph - <----- statementPart
2021-11-19T10:24:06,683|[TRACE] graph - -----> statementPart
2021-11-19T10:24:06,683|[TRACE] graph - -------> nonSkippedChar
2021-11-19T10:24:06,683|[TRACE] script - #out(`n`) [token]
2021-11-19T10:24:06,683|[TRACE] graph - <------- nonSkippedChar
2021-11-19T10:24:06,683|[TRACE] graph - <----- statementPart
2021-11-19T10:24:06,683|[TRACE] graph - -----> statementPart
2021-11-19T10:24:06,683|[TRACE] graph - -------> nonSkippedChar
2021-11-19T10:24:06,683|[TRACE] script - #out(`o`) [token]
2021-11-19T10:24:06,683|[TRACE] graph - <------- nonSkippedChar
2021-11-19T10:24:06,683|[TRACE] graph - <----- statementPart
2021-11-19T10:24:06,683|[TRACE] graph - -----> statementPart
2021-11-19T10:24:06,683|[TRACE] graph - -------> nonSkippedChar
2021-11-19T10:24:06,683|[TRACE] script - #out(`D`) [token]
2021-11-19T10:24:06,683|[TRACE] graph - <------- nonSkippedChar
2021-11-19T10:24:06,683|[TRACE] graph - <----- statementPart
2021-11-19T10:24:06,683|[TRACE] graph - -----> statementPart
2021-11-19T10:24:06,683|[TRACE] graph - -------> nonSkippedChar
2021-11-19T10:24:06,683|[TRACE] script - #out(`B`) [token]
2021-11-19T10:24:06,683|[TRACE] graph - <------- nonSkippedChar
2021-11-19T10:24:06,683|[TRACE] graph - <----- statementPart
2021-11-19T10:24:06,683|[DEBUG] graph - Import statement : CREATE TABLE IF NOT EXISTS `bloodbank`.`contact` (   `person_id` INT NOT NULL,   `phone_id` INT NOT NULL,   `contact_type` VARCHAR(10) NOT NULL,   `email` VARCHAR(100) NULL,   `address_id` INT NULL,   `created` BIGINT NOT NULL DEFAULT (unix_timestamp(now()) * 1000),   `updated` BIGINT NOT NULL DEFAULT (unix_timestamp(now()) * 1000),   `version` INT NOT NULL DEFAULT 1,   PRIMARY KEY (`person_id`, `phone_id`),   INDEX `fk_contact_phone1_idx` (`phone_id` ASC) VISIBLE,   INDEX `fk_contact_person1_idx` (`person_id` ASC) VISIBLE,   CONSTRAINT `fk_contact_address1`     FOREIGN KEY (`address_id`)     REFERENCES `bloodbank`.`address` (`address_id`)     ON DELETE NO ACTION     ON UPDATE NO ACTION,   CONSTRAINT `fk_contact_phone1`     FOREIGN KEY (`phone_id`)     REFERENCES `bloodbank`.`phone` (`phone_id`)     ON DELETE NO ACTION     ON UPDATE NO ACTION,   CONSTRAINT `fk_contact_person1`     FOREIGN KEY (`person_id`)     REFERENCES `bloodbank`.`person` (`id`)     ON DELETE NO ACTION     ON UPDATE NO ACTION) ENGINE = InnoDB
2021-11-19T10:24:06,683|[TRACE] graph - <--- statement
2021-11-19T10:24:06,683|[TRACE] graph - ---> blankSpacesToSkip
2021-11-19T10:24:06,683|[TRACE] graph - -----> newLineToSkip
2021-11-19T10:24:06,683|[TRACE] graph - <----- newLineToSkip
2021-11-19T10:24:06,683|[TRACE] graph - -----> newLineToSkip
2021-11-19T10:24:06,683|[TRACE] graph - <----- newLineToSkip
2021-11-19T10:24:06,683|[TRACE] graph - -----> newLineToSkip
2021-11-19T10:24:06,683|[TRACE] graph - <----- newLineToSkip
2021-11-19T10:24:06,683|[TRACE] graph - <--- blankSpacesToSkip
2021-11-19T10:24:06,683|[TRACE] graph - ---> statement
2021-11-19T10:24:06,683|[TRACE] graph - -----> statementFirstPart
2021-11-19T10:24:06,683|[TRACE] graph - -------> nonSkippedChar
2021-11-19T10:24:06,683|[TRACE] script - #out(`S`) [token]
2021-11-19T10:24:06,684|[TRACE] graph - <------- nonSkippedChar
2021-11-19T10:24:06,684|[TRACE] graph - <----- statementFirstPart
2021-11-19T10:24:06,684|[TRACE] graph - -----> statementPart
2021-11-19T10:24:06,684|[TRACE] graph - -------> nonSkippedChar
2021-11-19T10:24:06,684|[TRACE] script - #out(`E`) [token]
2021-11-19T10:24:06,684|[TRACE] graph - <------- nonSkippedChar
2021-11-19T10:24:06,684|[TRACE] graph - <----- statementPart
2021-11-19T10:24:06,684|[TRACE] graph - -----> statementPart
2021-11-19T10:24:06,684|[TRACE] graph - -------> nonSkippedChar
2021-11-19T10:24:06,684|[TRACE] script - #out(`T`) [token]
2021-11-19T10:24:06,684|[TRACE] graph - <------- nonSkippedChar
2021-11-19T10:24:06,684|[TRACE] graph - <----- statementPart
2021-11-19T10:24:06,684|[TRACE] graph - -----> statementPart
2021-11-19T10:24:06,684|[TRACE] graph - -------> nonSkippedSpace
2021-11-19T10:24:06,684|[TRACE] script - #out(` `) [token]
2021-11-19T10:24:06,684|[TRACE] graph - <------- nonSkippedSpace
2021-11-19T10:24:06,684|[TRACE] graph - <----- statementPart
2021-11-19T10:24:06,684|[TRACE] graph - -----> statementPart
2021-11-19T10:24:06,684|[TRACE] graph - -------> nonSkippedChar
2021-11-19T10:24:06,684|[TRACE] script - #out(`S`) [token]
2021-11-19T10:24:06,684|[TRACE] graph - <------- nonSkippedChar
2021-11-19T10:24:06,684|[TRACE] graph - <----- statementPart
2021-11-19T10:24:06,684|[TRACE] graph - -----> statementPart
2021-11-19T10:24:06,684|[TRACE] graph - -------> nonSkippedChar
2021-11-19T10:24:06,684|[TRACE] script - #out(`Q`) [token]
2021-11-19T10:24:06,684|[TRACE] graph - <------- nonSkippedChar
2021-11-19T10:24:06,684|[TRACE] graph - <----- statementPart
2021-11-19T10:24:06,684|[TRACE] graph - -----> statementPart
2021-11-19T10:24:06,684|[TRACE] graph - -------> nonSkippedChar
2021-11-19T10:24:06,684|[TRACE] script - #out(`L`) [token]
2021-11-19T10:24:06,684|[TRACE] graph - <------- nonSkippedChar
2021-11-19T10:24:06,684|[TRACE] graph - <----- statementPart
2021-11-19T10:24:06,684|[TRACE] graph - -----> statementPart
2021-11-19T10:24:06,684|[TRACE] graph - -------> nonSkippedChar
2021-11-19T10:24:06,684|[TRACE] script - #out(`_`) [token]
2021-11-19T10:24:06,684|[TRACE] graph - <------- nonSkippedChar
2021-11-19T10:24:06,684|[TRACE] graph - <----- statementPart
2021-11-19T10:24:06,684|[TRACE] graph - -----> statementPart
2021-11-19T10:24:06,684|[TRACE] graph - -------> nonSkippedChar
2021-11-19T10:24:06,684|[TRACE] script - #out(`M`) [token]
2021-11-19T10:24:06,684|[TRACE] graph - <------- nonSkippedChar
2021-11-19T10:24:06,684|[TRACE] graph - <----- statementPart
2021-11-19T10:24:06,684|[TRACE] graph - -----> statementPart
2021-11-19T10:24:06,684|[TRACE] graph - -------> nonSkippedChar
2021-11-19T10:24:06,684|[TRACE] script - #out(`O`) [token]
2021-11-19T10:24:06,684|[TRACE] graph - <------- nonSkippedChar
2021-11-19T10:24:06,684|[TRACE] graph - <----- statementPart
2021-11-19T10:24:06,684|[TRACE] graph - -----> statementPart
2021-11-19T10:24:06,684|[TRACE] graph - -------> nonSkippedChar
2021-11-19T10:24:06,684|[TRACE] script - #out(`D`) [token]
2021-11-19T10:24:06,684|[TRACE] graph - <------- nonSkippedChar
2021-11-19T10:24:06,684|[TRACE] graph - <----- statementPart
2021-11-19T10:24:06,684|[TRACE] graph - -----> statementPart
2021-11-19T10:24:06,684|[TRACE] graph - -------> nonSkippedChar
2021-11-19T10:24:06,684|[TRACE] script - #out(`E`) [token]
2021-11-19T10:24:06,684|[TRACE] graph - <------- nonSkippedChar
2021-11-19T10:24:06,684|[TRACE] graph - <----- statementPart
2021-11-19T10:24:06,684|[TRACE] graph - -----> statementPart
2021-11-19T10:24:06,684|[TRACE] graph - -------> nonSkippedChar
2021-11-19T10:24:06,684|[TRACE] script - #out(`=`) [token]
2021-11-19T10:24:06,684|[TRACE] graph - <------- nonSkippedChar
2021-11-19T10:24:06,684|[TRACE] graph - <----- statementPart
2021-11-19T10:24:06,684|[TRACE] graph - -----> statementPart
2021-11-19T10:24:06,684|[TRACE] graph - -------> nonSkippedChar
2021-11-19T10:24:06,684|[TRACE] script - #out(`@`) [token]
2021-11-19T10:24:06,737|[TRACE] graph - <------- nonSkippedChar
2021-11-19T10:24:06,737|[TRACE] graph - <----- statementPart
2021-11-19T10:24:06,737|[TRACE] graph - -----> statementPart
2021-11-19T10:24:06,737|[TRACE] graph - -------> nonSkippedChar
2021-11-19T10:24:06,737|[TRACE] script - #out(`O`) [token]
2021-11-19T10:24:06,737|[TRACE] graph - <------- nonSkippedChar
2021-11-19T10:24:06,737|[TRACE] graph - <----- statementPart
2021-11-19T10:24:06,737|[TRACE] graph - -----> statementPart
2021-11-19T10:24:06,737|[TRACE] graph - -------> nonSkippedChar
2021-11-19T10:24:06,737|[TRACE] script - #out(`L`) [token]
2021-11-19T10:24:06,737|[TRACE] graph - <------- nonSkippedChar
2021-11-19T10:24:06,737|[TRACE] graph - <----- statementPart
2021-11-19T10:24:06,737|[TRACE] graph - -----> statementPart
2021-11-19T10:24:06,737|[TRACE] graph - -------> nonSkippedChar
2021-11-19T10:24:06,737|[TRACE] script - #out(`D`) [token]
2021-11-19T10:24:06,737|[TRACE] graph - <------- nonSkippedChar
2021-11-19T10:24:06,737|[TRACE] graph - <----- statementPart
2021-11-19T10:24:06,737|[TRACE] graph - -----> statementPart
2021-11-19T10:24:06,737|[TRACE] graph - -------> nonSkippedChar
2021-11-19T10:24:06,737|[TRACE] script - #out(`_`) [token]
2021-11-19T10:24:06,737|[TRACE] graph - <------- nonSkippedChar
2021-11-19T10:24:06,737|[TRACE] graph - <----- statementPart
2021-11-19T10:24:06,737|[TRACE] graph - -----> statementPart
2021-11-19T10:24:06,737|[TRACE] graph - -------> nonSkippedChar
2021-11-19T10:24:06,738|[TRACE] script - #out(`S`) [token]
2021-11-19T10:24:06,738|[TRACE] graph - <------- nonSkippedChar
2021-11-19T10:24:06,738|[TRACE] graph - <----- statementPart
2021-11-19T10:24:06,738|[TRACE] graph - -----> statementPart
2021-11-19T10:24:06,738|[TRACE] graph - -------> nonSkippedChar
2021-11-19T10:24:06,738|[TRACE] script - #out(`Q`) [token]
2021-11-19T10:24:06,738|[TRACE] graph - <------- nonSkippedChar
2021-11-19T10:24:06,738|[TRACE] graph - <----- statementPart
2021-11-19T10:24:06,738|[TRACE] graph - -----> statementPart
2021-11-19T10:24:06,738|[TRACE] graph - -------> nonSkippedChar
2021-11-19T10:24:06,738|[TRACE] script - #out(`L`) [token]
2021-11-19T10:24:06,738|[TRACE] graph - <------- nonSkippedChar
2021-11-19T10:24:06,738|[TRACE] graph - <----- statementPart
2021-11-19T10:24:06,738|[TRACE] graph - -----> statementPart
2021-11-19T10:24:06,738|[TRACE] graph - -------> nonSkippedChar
2021-11-19T10:24:06,738|[TRACE] script - #out(`_`) [token]
2021-11-19T10:24:06,738|[TRACE] graph - <------- nonSkippedChar
2021-11-19T10:24:06,738|[TRACE] graph - <----- statementPart
2021-11-19T10:24:06,738|[TRACE] graph - -----> statementPart
2021-11-19T10:24:06,738|[TRACE] graph - -------> nonSkippedChar
2021-11-19T10:24:06,738|[TRACE] script - #out(`M`) [token]
2021-11-19T10:24:06,738|[TRACE] graph - <------- nonSkippedChar
2021-11-19T10:24:06,738|[TRACE] graph - <----- statementPart
2021-11-19T10:24:06,738|[TRACE] graph - -----> statementPart
2021-11-19T10:24:06,738|[TRACE] graph - -------> nonSkippedChar
2021-11-19T10:24:06,738|[TRACE] script - #out(`O`) [token]
2021-11-19T10:24:06,738|[TRACE] graph - <------- nonSkippedChar
2021-11-19T10:24:06,738|[TRACE] graph - <----- statementPart
2021-11-19T10:24:06,738|[TRACE] graph - -----> statementPart
2021-11-19T10:24:06,738|[TRACE] graph - -------> nonSkippedChar
2021-11-19T10:24:06,738|[TRACE] script - #out(`D`) [token]
2021-11-19T10:24:06,738|[TRACE] graph - <------- nonSkippedChar
2021-11-19T10:24:06,738|[TRACE] graph - <----- statementPart
2021-11-19T10:24:06,738|[TRACE] graph - -----> statementPart
2021-11-19T10:24:06,738|[TRACE] graph - -------> nonSkippedChar
2021-11-19T10:24:06,738|[TRACE] script - #out(`E`) [token]
2021-11-19T10:24:06,738|[TRACE] graph - <------- nonSkippedChar
2021-11-19T10:24:06,738|[TRACE] graph - <----- statementPart
2021-11-19T10:24:06,738|[DEBUG] graph - Import statement : SET SQL_MODE=@OLD_SQL_MODE
2021-11-19T10:24:06,738|[TRACE] graph - <--- statement
2021-11-19T10:24:06,738|[TRACE] graph - ---> blankSpacesToSkip
2021-11-19T10:24:06,738|[TRACE] graph - -----> newLineToSkip
2021-11-19T10:24:06,738|[TRACE] graph - <----- newLineToSkip
2021-11-19T10:24:06,738|[TRACE] graph - <--- blankSpacesToSkip
2021-11-19T10:24:06,738|[TRACE] graph - ---> statement
2021-11-19T10:24:06,738|[TRACE] graph - -----> statementFirstPart
2021-11-19T10:24:06,738|[TRACE] graph - -------> nonSkippedChar
2021-11-19T10:24:06,738|[TRACE] script - #out(`S`) [token]
2021-11-19T10:24:06,738|[TRACE] graph - <------- nonSkippedChar
2021-11-19T10:24:06,738|[TRACE] graph - <----- statementFirstPart
2021-11-19T10:24:06,738|[TRACE] graph - -----> statementPart
2021-11-19T10:24:06,738|[TRACE] graph - -------> nonSkippedChar
2021-11-19T10:24:06,738|[TRACE] script - #out(`E`) [token]
2021-11-19T10:24:06,738|[TRACE] graph - <------- nonSkippedChar
2021-11-19T10:24:06,738|[TRACE] graph - <----- statementPart
2021-11-19T10:24:06,738|[TRACE] graph - -----> statementPart
2021-11-19T10:24:06,738|[TRACE] graph - -------> nonSkippedChar
2021-11-19T10:24:06,738|[TRACE] script - #out(`T`) [token]
2021-11-19T10:24:06,738|[TRACE] graph - <------- nonSkippedChar
2021-11-19T10:24:06,738|[TRACE] graph - <----- statementPart
2021-11-19T10:24:06,738|[TRACE] graph - -----> statementPart
2021-11-19T10:24:06,738|[TRACE] graph - -------> nonSkippedSpace
2021-11-19T10:24:06,738|[TRACE] script - #out(` `) [token]
2021-11-19T10:24:06,738|[TRACE] graph - <------- nonSkippedSpace
2021-11-19T10:24:06,738|[TRACE] graph - <----- statementPart
2021-11-19T10:24:06,738|[TRACE] graph - -----> statementPart
2021-11-19T10:24:06,738|[TRACE] graph - -------> nonSkippedChar
2021-11-19T10:24:06,738|[TRACE] script - #out(`F`) [token]
2021-11-19T10:24:06,738|[TRACE] graph - <------- nonSkippedChar
2021-11-19T10:24:06,738|[TRACE] graph - <----- statementPart
2021-11-19T10:24:06,738|[TRACE] graph - -----> statementPart
2021-11-19T10:24:06,738|[TRACE] graph - -------> nonSkippedChar
2021-11-19T10:24:06,738|[TRACE] script - #out(`O`) [token]
2021-11-19T10:24:06,738|[TRACE] graph - <------- nonSkippedChar
2021-11-19T10:24:06,738|[TRACE] graph - <----- statementPart
2021-11-19T10:24:06,738|[TRACE] graph - -----> statementPart
2021-11-19T10:24:06,738|[TRACE] graph - -------> nonSkippedChar
2021-11-19T10:24:06,738|[TRACE] script - #out(`R`) [token]
2021-11-19T10:24:06,738|[TRACE] graph - <------- nonSkippedChar
2021-11-19T10:24:06,738|[TRACE] graph - <----- statementPart
2021-11-19T10:24:06,738|[TRACE] graph - -----> statementPart
2021-11-19T10:24:06,738|[TRACE] graph - -------> nonSkippedChar
2021-11-19T10:24:06,738|[TRACE] script - #out(`E`) [token]
2021-11-19T10:24:06,738|[TRACE] graph - <------- nonSkippedChar
2021-11-19T10:24:06,738|[TRACE] graph - <----- statementPart
2021-11-19T10:24:06,738|[TRACE] graph - -----> statementPart
2021-11-19T10:24:06,738|[TRACE] graph - -------> nonSkippedChar
2021-11-19T10:24:06,738|[TRACE] script - #out(`I`) [token]
2021-11-19T10:24:06,738|[TRACE] graph - <------- nonSkippedChar
2021-11-19T10:24:06,738|[TRACE] graph - <----- statementPart
2021-11-19T10:24:06,738|[TRACE] graph - -----> statementPart
2021-11-19T10:24:06,738|[TRACE] graph - -------> nonSkippedChar
2021-11-19T10:24:06,738|[TRACE] script - #out(`G`) [token]
2021-11-19T10:24:06,738|[TRACE] graph - <------- nonSkippedChar
2021-11-19T10:24:06,738|[TRACE] graph - <----- statementPart
2021-11-19T10:24:06,738|[TRACE] graph - -----> statementPart
2021-11-19T10:24:06,738|[TRACE] graph - -------> nonSkippedChar
2021-11-19T10:24:06,738|[TRACE] script - #out(`N`) [token]
2021-11-19T10:24:06,738|[TRACE] graph - <------- nonSkippedChar
2021-11-19T10:24:06,738|[TRACE] graph - <----- statementPart
2021-11-19T10:24:06,738|[TRACE] graph - -----> statementPart
2021-11-19T10:24:06,738|[TRACE] graph - -------> nonSkippedChar
2021-11-19T10:24:06,738|[TRACE] script - #out(`_`) [token]
2021-11-19T10:24:06,738|[TRACE] graph - <------- nonSkippedChar
2021-11-19T10:24:06,738|[TRACE] graph - <----- statementPart
2021-11-19T10:24:06,738|[TRACE] graph - -----> statementPart
2021-11-19T10:24:06,738|[TRACE] graph - -------> nonSkippedChar
2021-11-19T10:24:06,738|[TRACE] script - #out(`K`) [token]
2021-11-19T10:24:06,738|[TRACE] graph - <------- nonSkippedChar
2021-11-19T10:24:06,738|[TRACE] graph - <----- statementPart
2021-11-19T10:24:06,738|[TRACE] graph - -----> statementPart
2021-11-19T10:24:06,738|[TRACE] graph - -------> nonSkippedChar
2021-11-19T10:24:06,738|[TRACE] script - #out(`E`) [token]
2021-11-19T10:24:06,738|[TRACE] graph - <------- nonSkippedChar
2021-11-19T10:24:06,738|[TRACE] graph - <----- statementPart
2021-11-19T10:24:06,738|[TRACE] graph - -----> statementPart
2021-11-19T10:24:06,738|[TRACE] graph - -------> nonSkippedChar
2021-11-19T10:24:06,738|[TRACE] script - #out(`Y`) [token]
2021-11-19T10:24:06,738|[TRACE] graph - <------- nonSkippedChar
2021-11-19T10:24:06,738|[TRACE] graph - <----- statementPart
2021-11-19T10:24:06,738|[TRACE] graph - -----> statementPart
2021-11-19T10:24:06,738|[TRACE] graph - -------> nonSkippedChar
2021-11-19T10:24:06,738|[TRACE] script - #out(`_`) [token]
2021-11-19T10:24:06,738|[TRACE] graph - <------- nonSkippedChar
2021-11-19T10:24:06,738|[TRACE] graph - <----- statementPart
2021-11-19T10:24:06,738|[TRACE] graph - -----> statementPart
2021-11-19T10:24:06,738|[TRACE] graph - -------> nonSkippedChar
2021-11-19T10:24:06,738|[TRACE] script - #out(`C`) [token]
2021-11-19T10:24:06,738|[TRACE] graph - <------- nonSkippedChar
2021-11-19T10:24:06,738|[TRACE] graph - <----- statementPart
2021-11-19T10:24:06,738|[TRACE] graph - -----> statementPart
2021-11-19T10:24:06,738|[TRACE] graph - -------> nonSkippedChar
2021-11-19T10:24:06,738|[TRACE] script - #out(`H`) [token]
2021-11-19T10:24:06,738|[TRACE] graph - <------- nonSkippedChar
2021-11-19T10:24:06,738|[TRACE] graph - <----- statementPart
2021-11-19T10:24:06,738|[TRACE] graph - -----> statementPart
2021-11-19T10:24:06,738|[TRACE] graph - -------> nonSkippedChar
2021-11-19T10:24:06,738|[TRACE] script - #out(`E`) [token]
2021-11-19T10:24:06,738|[TRACE] graph - <------- nonSkippedChar
2021-11-19T10:24:06,738|[TRACE] graph - <----- statementPart
2021-11-19T10:24:06,738|[TRACE] graph - -----> statementPart
2021-11-19T10:24:06,738|[TRACE] graph - -------> nonSkippedChar
2021-11-19T10:24:06,738|[TRACE] script - #out(`C`) [token]
2021-11-19T10:24:06,738|[TRACE] graph - <------- nonSkippedChar
2021-11-19T10:24:06,738|[TRACE] graph - <----- statementPart
2021-11-19T10:24:06,738|[TRACE] graph - -----> statementPart
2021-11-19T10:24:06,738|[TRACE] graph - -------> nonSkippedChar
2021-11-19T10:24:06,738|[TRACE] script - #out(`K`) [token]
2021-11-19T10:24:06,738|[TRACE] graph - <------- nonSkippedChar
2021-11-19T10:24:06,738|[TRACE] graph - <----- statementPart
2021-11-19T10:24:06,738|[TRACE] graph - -----> statementPart
2021-11-19T10:24:06,738|[TRACE] graph - -------> nonSkippedChar
2021-11-19T10:24:06,738|[TRACE] script - #out(`S`) [token]
2021-11-19T10:24:06,738|[TRACE] graph - <------- nonSkippedChar
2021-11-19T10:24:06,738|[TRACE] graph - <----- statementPart
2021-11-19T10:24:06,738|[TRACE] graph - -----> statementPart
2021-11-19T10:24:06,738|[TRACE] graph - -------> nonSkippedChar
2021-11-19T10:24:06,738|[TRACE] script - #out(`=`) [token]
2021-11-19T10:24:06,738|[TRACE] graph - <------- nonSkippedChar
2021-11-19T10:24:06,738|[TRACE] graph - <----- statementPart
2021-11-19T10:24:06,738|[TRACE] graph - -----> statementPart
2021-11-19T10:24:06,738|[TRACE] graph - -------> nonSkippedChar
2021-11-19T10:24:06,738|[TRACE] script - #out(`@`) [token]
2021-11-19T10:24:06,738|[TRACE] graph - <------- nonSkippedChar
2021-11-19T10:24:06,738|[TRACE] graph - <----- statementPart
2021-11-19T10:24:06,738|[TRACE] graph - -----> statementPart
2021-11-19T10:24:06,738|[TRACE] graph - -------> nonSkippedChar
2021-11-19T10:24:06,738|[TRACE] script - #out(`O`) [token]
2021-11-19T10:24:06,738|[TRACE] graph - <------- nonSkippedChar
2021-11-19T10:24:06,738|[TRACE] graph - <----- statementPart
2021-11-19T10:24:06,738|[TRACE] graph - -----> statementPart
2021-11-19T10:24:06,738|[TRACE] graph - -------> nonSkippedChar
2021-11-19T10:24:06,738|[TRACE] script - #out(`L`) [token]
2021-11-19T10:24:06,738|[TRACE] graph - <------- nonSkippedChar
2021-11-19T10:24:06,738|[TRACE] graph - <----- statementPart
2021-11-19T10:24:06,738|[TRACE] graph - -----> statementPart
2021-11-19T10:24:06,738|[TRACE] graph - -------> nonSkippedChar
2021-11-19T10:24:06,738|[TRACE] script - #out(`D`) [token]
2021-11-19T10:24:06,738|[TRACE] graph - <------- nonSkippedChar
2021-11-19T10:24:06,738|[TRACE] graph - <----- statementPart
2021-11-19T10:24:06,738|[TRACE] graph - -----> statementPart
2021-11-19T10:24:06,738|[TRACE] graph - -------> nonSkippedChar
2021-11-19T10:24:06,738|[TRACE] script - #out(`_`) [token]
2021-11-19T10:24:06,738|[TRACE] graph - <------- nonSkippedChar
2021-11-19T10:24:06,738|[TRACE] graph - <----- statementPart
2021-11-19T10:24:06,738|[TRACE] graph - -----> statementPart
2021-11-19T10:24:06,738|[TRACE] graph - -------> nonSkippedChar
2021-11-19T10:24:06,738|[TRACE] script - #out(`F`) [token]
2021-11-19T10:24:06,738|[TRACE] graph - <------- nonSkippedChar
2021-11-19T10:24:06,738|[TRACE] graph - <----- statementPart
2021-11-19T10:24:06,738|[TRACE] graph - -----> statementPart
2021-11-19T10:24:06,738|[TRACE] graph - -------> nonSkippedChar
2021-11-19T10:24:06,738|[TRACE] script - #out(`O`) [token]
2021-11-19T10:24:06,738|[TRACE] graph - <------- nonSkippedChar
2021-11-19T10:24:06,738|[TRACE] graph - <----- statementPart
2021-11-19T10:24:06,738|[TRACE] graph - -----> statementPart
2021-11-19T10:24:06,738|[TRACE] graph - -------> nonSkippedChar
2021-11-19T10:24:06,738|[TRACE] script - #out(`R`) [token]
2021-11-19T10:24:06,738|[TRACE] graph - <------- nonSkippedChar
2021-11-19T10:24:06,738|[TRACE] graph - <----- statementPart
2021-11-19T10:24:06,738|[TRACE] graph - -----> statementPart
2021-11-19T10:24:06,738|[TRACE] graph - -------> nonSkippedChar
2021-11-19T10:24:06,738|[TRACE] script - #out(`E`) [token]
2021-11-19T10:24:06,738|[TRACE] graph - <------- nonSkippedChar
2021-11-19T10:24:06,738|[TRACE] graph - <----- statementPart
2021-11-19T10:24:06,738|[TRACE] graph - -----> statementPart
2021-11-19T10:24:06,738|[TRACE] graph - -------> nonSkippedChar
2021-11-19T10:24:06,738|[TRACE] script - #out(`I`) [token]
2021-11-19T10:24:06,738|[TRACE] graph - <------- nonSkippedChar
2021-11-19T10:24:06,738|[TRACE] graph - <----- statementPart
2021-11-19T10:24:06,738|[TRACE] graph - -----> statementPart
2021-11-19T10:24:06,738|[TRACE] graph - -------> nonSkippedChar
2021-11-19T10:24:06,738|[TRACE] script - #out(`G`) [token]
2021-11-19T10:24:06,738|[TRACE] graph - <------- nonSkippedChar
2021-11-19T10:24:06,738|[TRACE] graph - <----- statementPart
2021-11-19T10:24:06,738|[TRACE] graph - -----> statementPart
2021-11-19T10:24:06,738|[TRACE] graph - -------> nonSkippedChar
2021-11-19T10:24:06,738|[TRACE] script - #out(`N`) [token]
2021-11-19T10:24:06,738|[TRACE] graph - <------- nonSkippedChar
2021-11-19T10:24:06,738|[TRACE] graph - <----- statementPart
2021-11-19T10:24:06,738|[TRACE] graph - -----> statementPart
2021-11-19T10:24:06,738|[TRACE] graph - -------> nonSkippedChar
2021-11-19T10:24:06,738|[TRACE] script - #out(`_`) [token]
2021-11-19T10:24:06,738|[TRACE] graph - <------- nonSkippedChar
2021-11-19T10:24:06,738|[TRACE] graph - <----- statementPart
2021-11-19T10:24:06,738|[TRACE] graph - -----> statementPart
2021-11-19T10:24:06,738|[TRACE] graph - -------> nonSkippedChar
2021-11-19T10:24:06,738|[TRACE] script - #out(`K`) [token]
2021-11-19T10:24:06,738|[TRACE] graph - <------- nonSkippedChar
2021-11-19T10:24:06,738|[TRACE] graph - <----- statementPart
2021-11-19T10:24:06,738|[TRACE] graph - -----> statementPart
2021-11-19T10:24:06,738|[TRACE] graph - -------> nonSkippedChar
2021-11-19T10:24:06,738|[TRACE] script - #out(`E`) [token]
2021-11-19T10:24:06,738|[TRACE] graph - <------- nonSkippedChar
2021-11-19T10:24:06,738|[TRACE] graph - <----- statementPart
2021-11-19T10:24:06,738|[TRACE] graph - -----> statementPart
2021-11-19T10:24:06,738|[TRACE] graph - -------> nonSkippedChar
2021-11-19T10:24:06,738|[TRACE] script - #out(`Y`) [token]
2021-11-19T10:24:06,738|[TRACE] graph - <------- nonSkippedChar
2021-11-19T10:24:06,738|[TRACE] graph - <----- statementPart
2021-11-19T10:24:06,738|[TRACE] graph - -----> statementPart
2021-11-19T10:24:06,738|[TRACE] graph - -------> nonSkippedChar
2021-11-19T10:24:06,738|[TRACE] script - #out(`_`) [token]
2021-11-19T10:24:06,738|[TRACE] graph - <------- nonSkippedChar
2021-11-19T10:24:06,738|[TRACE] graph - <----- statementPart
2021-11-19T10:24:06,738|[TRACE] graph - -----> statementPart
2021-11-19T10:24:06,738|[TRACE] graph - -------> nonSkippedChar
2021-11-19T10:24:06,738|[TRACE] script - #out(`C`) [token]
2021-11-19T10:24:06,738|[TRACE] graph - <------- nonSkippedChar
2021-11-19T10:24:06,738|[TRACE] graph - <----- statementPart
2021-11-19T10:24:06,738|[TRACE] graph - -----> statementPart
2021-11-19T10:24:06,738|[TRACE] graph - -------> nonSkippedChar
2021-11-19T10:24:06,738|[TRACE] script - #out(`H`) [token]
2021-11-19T10:24:06,738|[TRACE] graph - <------- nonSkippedChar
2021-11-19T10:24:06,738|[TRACE] graph - <----- statementPart
2021-11-19T10:24:06,738|[TRACE] graph - -----> statementPart
2021-11-19T10:24:06,738|[TRACE] graph - -------> nonSkippedChar
2021-11-19T10:24:06,738|[TRACE] script - #out(`E`) [token]
2021-11-19T10:24:06,738|[TRACE] graph - <------- nonSkippedChar
2021-11-19T10:24:06,738|[TRACE] graph - <----- statementPart
2021-11-19T10:24:06,738|[TRACE] graph - -----> statementPart
2021-11-19T10:24:06,738|[TRACE] graph - -------> nonSkippedChar
2021-11-19T10:24:06,738|[TRACE] script - #out(`C`) [token]
2021-11-19T10:24:06,738|[TRACE] graph - <------- nonSkippedChar
2021-11-19T10:24:06,738|[TRACE] graph - <----- statementPart
2021-11-19T10:24:06,738|[TRACE] graph - -----> statementPart
2021-11-19T10:24:06,738|[TRACE] graph - -------> nonSkippedChar
2021-11-19T10:24:06,738|[TRACE] script - #out(`K`) [token]
2021-11-19T10:24:06,738|[TRACE] graph - <------- nonSkippedChar
2021-11-19T10:24:06,738|[TRACE] graph - <----- statementPart
2021-11-19T10:24:06,738|[TRACE] graph - -----> statementPart
2021-11-19T10:24:06,738|[TRACE] graph - -------> nonSkippedChar
2021-11-19T10:24:06,738|[TRACE] script - #out(`S`) [token]
2021-11-19T10:24:06,738|[TRACE] graph - <------- nonSkippedChar
2021-11-19T10:24:06,738|[TRACE] graph - <----- statementPart
2021-11-19T10:24:06,738|[DEBUG] graph - Import statement : SET FOREIGN_KEY_CHECKS=@OLD_FOREIGN_KEY_CHECKS
2021-11-19T10:24:06,738|[TRACE] graph - <--- statement
2021-11-19T10:24:06,738|[TRACE] graph - ---> blankSpacesToSkip
2021-11-19T10:24:06,738|[TRACE] graph - -----> newLineToSkip
2021-11-19T10:24:06,738|[TRACE] graph - <----- newLineToSkip
2021-11-19T10:24:06,738|[TRACE] graph - <--- blankSpacesToSkip
2021-11-19T10:24:06,738|[TRACE] graph - ---> statement
2021-11-19T10:24:06,738|[TRACE] graph - -----> statementFirstPart
2021-11-19T10:24:06,738|[TRACE] graph - -------> nonSkippedChar
2021-11-19T10:24:06,738|[TRACE] script - #out(`S`) [token]
2021-11-19T10:24:06,738|[TRACE] graph - <------- nonSkippedChar
2021-11-19T10:24:06,739|[TRACE] graph - <----- statementFirstPart
2021-11-19T10:24:06,739|[TRACE] graph - -----> statementPart
2021-11-19T10:24:06,739|[TRACE] graph - -------> nonSkippedChar
2021-11-19T10:24:06,739|[TRACE] script - #out(`E`) [token]
2021-11-19T10:24:06,739|[TRACE] graph - <------- nonSkippedChar
2021-11-19T10:24:06,739|[TRACE] graph - <----- statementPart
2021-11-19T10:24:06,739|[TRACE] graph - -----> statementPart
2021-11-19T10:24:06,739|[TRACE] graph - -------> nonSkippedChar
2021-11-19T10:24:06,739|[TRACE] script - #out(`T`) [token]
2021-11-19T10:24:06,739|[TRACE] graph - <------- nonSkippedChar
2021-11-19T10:24:06,739|[TRACE] graph - <----- statementPart
2021-11-19T10:24:06,739|[TRACE] graph - -----> statementPart
2021-11-19T10:24:06,739|[TRACE] graph - -------> nonSkippedSpace
2021-11-19T10:24:06,739|[TRACE] script - #out(` `) [token]
2021-11-19T10:24:06,739|[TRACE] graph - <------- nonSkippedSpace
2021-11-19T10:24:06,739|[TRACE] graph - <----- statementPart
2021-11-19T10:24:06,739|[TRACE] graph - -----> statementPart
2021-11-19T10:24:06,739|[TRACE] graph - -------> nonSkippedChar
2021-11-19T10:24:06,739|[TRACE] script - #out(`U`) [token]
2021-11-19T10:24:06,739|[TRACE] graph - <------- nonSkippedChar
2021-11-19T10:24:06,739|[TRACE] graph - <----- statementPart
2021-11-19T10:24:06,739|[TRACE] graph - -----> statementPart
2021-11-19T10:24:06,739|[TRACE] graph - -------> nonSkippedChar
2021-11-19T10:24:06,739|[TRACE] script - #out(`N`) [token]
2021-11-19T10:24:06,739|[TRACE] graph - <------- nonSkippedChar
2021-11-19T10:24:06,739|[TRACE] graph - <----- statementPart
2021-11-19T10:24:06,739|[TRACE] graph - -----> statementPart
2021-11-19T10:24:06,739|[TRACE] graph - -------> nonSkippedChar
2021-11-19T10:24:06,739|[TRACE] script - #out(`I`) [token]
2021-11-19T10:24:06,739|[TRACE] graph - <------- nonSkippedChar
2021-11-19T10:24:06,739|[TRACE] graph - <----- statementPart
2021-11-19T10:24:06,739|[TRACE] graph - -----> statementPart
2021-11-19T10:24:06,739|[TRACE] graph - -------> nonSkippedChar
2021-11-19T10:24:06,739|[TRACE] script - #out(`Q`) [token]
2021-11-19T10:24:06,739|[TRACE] graph - <------- nonSkippedChar
2021-11-19T10:24:06,739|[TRACE] graph - <----- statementPart
2021-11-19T10:24:06,739|[TRACE] graph - -----> statementPart
2021-11-19T10:24:06,739|[TRACE] graph - -------> nonSkippedChar
2021-11-19T10:24:06,739|[TRACE] script - #out(`U`) [token]
2021-11-19T10:24:06,739|[TRACE] graph - <------- nonSkippedChar
2021-11-19T10:24:06,739|[TRACE] graph - <----- statementPart
2021-11-19T10:24:06,739|[TRACE] graph - -----> statementPart
2021-11-19T10:24:06,739|[TRACE] graph - -------> nonSkippedChar
2021-11-19T10:24:06,739|[TRACE] script - #out(`E`) [token]
2021-11-19T10:24:06,739|[TRACE] graph - <------- nonSkippedChar
2021-11-19T10:24:06,739|[TRACE] graph - <----- statementPart
2021-11-19T10:24:06,739|[TRACE] graph - -----> statementPart
2021-11-19T10:24:06,739|[TRACE] graph - -------> nonSkippedChar
2021-11-19T10:24:06,739|[TRACE] script - #out(`_`) [token]
2021-11-19T10:24:06,739|[TRACE] graph - <------- nonSkippedChar
2021-11-19T10:24:06,739|[TRACE] graph - <----- statementPart
2021-11-19T10:24:06,739|[TRACE] graph - -----> statementPart
2021-11-19T10:24:06,739|[TRACE] graph - -------> nonSkippedChar
2021-11-19T10:24:06,739|[TRACE] script - #out(`C`) [token]
2021-11-19T10:24:06,739|[TRACE] graph - <------- nonSkippedChar
2021-11-19T10:24:06,739|[TRACE] graph - <----- statementPart
2021-11-19T10:24:06,739|[TRACE] graph - -----> statementPart
2021-11-19T10:24:06,739|[TRACE] graph - -------> nonSkippedChar
2021-11-19T10:24:06,739|[TRACE] script - #out(`H`) [token]
2021-11-19T10:24:06,739|[TRACE] graph - <------- nonSkippedChar
2021-11-19T10:24:06,739|[TRACE] graph - <----- statementPart
2021-11-19T10:24:06,739|[TRACE] graph - -----> statementPart
2021-11-19T10:24:06,739|[TRACE] graph - -------> nonSkippedChar
2021-11-19T10:24:06,739|[TRACE] script - #out(`E`) [token]
2021-11-19T10:24:06,739|[TRACE] graph - <------- nonSkippedChar
2021-11-19T10:24:06,739|[TRACE] graph - <----- statementPart
2021-11-19T10:24:06,739|[TRACE] graph - -----> statementPart
2021-11-19T10:24:06,739|[TRACE] graph - -------> nonSkippedChar
2021-11-19T10:24:06,739|[TRACE] script - #out(`C`) [token]
2021-11-19T10:24:06,739|[TRACE] graph - <------- nonSkippedChar
2021-11-19T10:24:06,739|[TRACE] graph - <----- statementPart
2021-11-19T10:24:06,739|[TRACE] graph - -----> statementPart
2021-11-19T10:24:06,739|[TRACE] graph - -------> nonSkippedChar
2021-11-19T10:24:06,739|[TRACE] script - #out(`K`) [token]
2021-11-19T10:24:06,739|[TRACE] graph - <------- nonSkippedChar
2021-11-19T10:24:06,739|[TRACE] graph - <----- statementPart
2021-11-19T10:24:06,739|[TRACE] graph - -----> statementPart
2021-11-19T10:24:06,739|[TRACE] graph - -------> nonSkippedChar
2021-11-19T10:24:06,739|[TRACE] script - #out(`S`) [token]
2021-11-19T10:24:06,739|[TRACE] graph - <------- nonSkippedChar
2021-11-19T10:24:06,739|[TRACE] graph - <----- statementPart
2021-11-19T10:24:06,739|[TRACE] graph - -----> statementPart
2021-11-19T10:24:06,739|[TRACE] graph - -------> nonSkippedChar
2021-11-19T10:24:06,739|[TRACE] script - #out(`=`) [token]
2021-11-19T10:24:06,739|[TRACE] graph - <------- nonSkippedChar
2021-11-19T10:24:06,739|[TRACE] graph - <----- statementPart
2021-11-19T10:24:06,739|[TRACE] graph - -----> statementPart
2021-11-19T10:24:06,739|[TRACE] graph - -------> nonSkippedChar
2021-11-19T10:24:06,739|[TRACE] script - #out(`@`) [token]
2021-11-19T10:24:06,739|[TRACE] graph - <------- nonSkippedChar
2021-11-19T10:24:06,739|[TRACE] graph - <----- statementPart
2021-11-19T10:24:06,739|[TRACE] graph - -----> statementPart
2021-11-19T10:24:06,739|[TRACE] graph - -------> nonSkippedChar
2021-11-19T10:24:06,739|[TRACE] script - #out(`O`) [token]
2021-11-19T10:24:06,739|[TRACE] graph - <------- nonSkippedChar
2021-11-19T10:24:06,739|[TRACE] graph - <----- statementPart
2021-11-19T10:24:06,739|[TRACE] graph - -----> statementPart
2021-11-19T10:24:06,739|[TRACE] graph - -------> nonSkippedChar
2021-11-19T10:24:06,739|[TRACE] script - #out(`L`) [token]
2021-11-19T10:24:06,739|[TRACE] graph - <------- nonSkippedChar
2021-11-19T10:24:06,739|[TRACE] graph - <----- statementPart
2021-11-19T10:24:06,739|[TRACE] graph - -----> statementPart
2021-11-19T10:24:06,739|[TRACE] graph - -------> nonSkippedChar
2021-11-19T10:24:06,739|[TRACE] script - #out(`D`) [token]
2021-11-19T10:24:06,739|[TRACE] graph - <------- nonSkippedChar
2021-11-19T10:24:06,739|[TRACE] graph - <----- statementPart
2021-11-19T10:24:06,739|[TRACE] graph - -----> statementPart
2021-11-19T10:24:06,739|[TRACE] graph - -------> nonSkippedChar
2021-11-19T10:24:06,739|[TRACE] script - #out(`_`) [token]
2021-11-19T10:24:06,739|[TRACE] graph - <------- nonSkippedChar
2021-11-19T10:24:06,739|[TRACE] graph - <----- statementPart
2021-11-19T10:24:06,739|[TRACE] graph - -----> statementPart
2021-11-19T10:24:06,739|[TRACE] graph - -------> nonSkippedChar
2021-11-19T10:24:06,739|[TRACE] script - #out(`U`) [token]
2021-11-19T10:24:06,739|[TRACE] graph - <------- nonSkippedChar
2021-11-19T10:24:06,739|[TRACE] graph - <----- statementPart
2021-11-19T10:24:06,739|[TRACE] graph - -----> statementPart
2021-11-19T10:24:06,739|[TRACE] graph - -------> nonSkippedChar
2021-11-19T10:24:06,739|[TRACE] script - #out(`N`) [token]
2021-11-19T10:24:06,739|[TRACE] graph - <------- nonSkippedChar
2021-11-19T10:24:06,739|[TRACE] graph - <----- statementPart
2021-11-19T10:24:06,739|[TRACE] graph - -----> statementPart
2021-11-19T10:24:06,739|[TRACE] graph - -------> nonSkippedChar
2021-11-19T10:24:06,739|[TRACE] script - #out(`I`) [token]
2021-11-19T10:24:06,739|[TRACE] graph - <------- nonSkippedChar
2021-11-19T10:24:06,739|[TRACE] graph - <----- statementPart
2021-11-19T10:24:06,739|[TRACE] graph - -----> statementPart
2021-11-19T10:24:06,739|[TRACE] graph - -------> nonSkippedChar
2021-11-19T10:24:06,739|[TRACE] script - #out(`Q`) [token]
2021-11-19T10:24:06,739|[TRACE] graph - <------- nonSkippedChar
2021-11-19T10:24:06,739|[TRACE] graph - <----- statementPart
2021-11-19T10:24:06,739|[TRACE] graph - -----> statementPart
2021-11-19T10:24:06,739|[TRACE] graph - -------> nonSkippedChar
2021-11-19T10:24:06,739|[TRACE] script - #out(`U`) [token]
2021-11-19T10:24:06,739|[TRACE] graph - <------- nonSkippedChar
2021-11-19T10:24:06,739|[TRACE] graph - <----- statementPart
2021-11-19T10:24:06,739|[TRACE] graph - -----> statementPart
2021-11-19T10:24:06,739|[TRACE] graph - -------> nonSkippedChar
2021-11-19T10:24:06,739|[TRACE] script - #out(`E`) [token]
2021-11-19T10:24:06,739|[TRACE] graph - <------- nonSkippedChar
2021-11-19T10:24:06,739|[TRACE] graph - <----- statementPart
2021-11-19T10:24:06,739|[TRACE] graph - -----> statementPart
2021-11-19T10:24:06,739|[TRACE] graph - -------> nonSkippedChar
2021-11-19T10:24:06,739|[TRACE] script - #out(`_`) [token]
2021-11-19T10:24:06,739|[TRACE] graph - <------- nonSkippedChar
2021-11-19T10:24:06,739|[TRACE] graph - <----- statementPart
2021-11-19T10:24:06,739|[TRACE] graph - -----> statementPart
2021-11-19T10:24:06,739|[TRACE] graph - -------> nonSkippedChar
2021-11-19T10:24:06,739|[TRACE] script - #out(`C`) [token]
2021-11-19T10:24:06,739|[TRACE] graph - <------- nonSkippedChar
2021-11-19T10:24:06,739|[TRACE] graph - <----- statementPart
2021-11-19T10:24:06,739|[TRACE] graph - -----> statementPart
2021-11-19T10:24:06,739|[TRACE] graph - -------> nonSkippedChar
2021-11-19T10:24:06,739|[TRACE] script - #out(`H`) [token]
2021-11-19T10:24:06,794|[TRACE] graph - <------- nonSkippedChar
2021-11-19T10:24:06,794|[TRACE] graph - <----- statementPart
2021-11-19T10:24:06,794|[TRACE] graph - -----> statementPart
2021-11-19T10:24:06,794|[TRACE] graph - -------> nonSkippedChar
2021-11-19T10:24:06,794|[TRACE] script - #out(`E`) [token]
2021-11-19T10:24:06,794|[TRACE] graph - <------- nonSkippedChar
2021-11-19T10:24:06,794|[TRACE] graph - <----- statementPart
2021-11-19T10:24:06,794|[TRACE] graph - -----> statementPart
2021-11-19T10:24:06,794|[TRACE] graph - -------> nonSkippedChar
2021-11-19T10:24:06,794|[TRACE] script - #out(`C`) [token]
2021-11-19T10:24:06,794|[TRACE] graph - <------- nonSkippedChar
2021-11-19T10:24:06,794|[TRACE] graph - <----- statementPart
2021-11-19T10:24:06,794|[TRACE] graph - -----> statementPart
2021-11-19T10:24:06,794|[TRACE] graph - -------> nonSkippedChar
2021-11-19T10:24:06,794|[TRACE] script - #out(`K`) [token]
2021-11-19T10:24:06,794|[TRACE] graph - <------- nonSkippedChar
2021-11-19T10:24:06,794|[TRACE] graph - <----- statementPart
2021-11-19T10:24:06,794|[TRACE] graph - -----> statementPart
2021-11-19T10:24:06,794|[TRACE] graph - -------> nonSkippedChar
2021-11-19T10:24:06,794|[TRACE] script - #out(`S`) [token]
2021-11-19T10:24:06,794|[TRACE] graph - <------- nonSkippedChar
2021-11-19T10:24:06,794|[TRACE] graph - <----- statementPart
2021-11-19T10:24:06,794|[DEBUG] graph - Import statement : SET UNIQUE_CHECKS=@OLD_UNIQUE_CHECKS
2021-11-19T10:24:06,794|[TRACE] graph - <--- statement
2021-11-19T10:24:06,794|[TRACE] graph - ---> blankSpacesToSkip
2021-11-19T10:24:06,794|[TRACE] graph - -----> newLineToSkip
2021-11-19T10:24:06,794|[TRACE] graph - <----- newLineToSkip
2021-11-19T10:24:06,794|[TRACE] graph - <--- blankSpacesToSkip
2021-11-19T10:24:06,794|[TRACE] graph - <- script
2021-11-19T10:24:06,794|[DEBUG] SQL - 
    
    SET @OLD_UNIQUE_CHECKS=@@UNIQUE_CHECKS, UNIQUE_CHECKS=0
2021-11-19T10:24:06,795|[INFO ] access - HHH10001501: Connection obtained from JdbcConnectionAccess [org.hibernate.engine.jdbc.env.internal.JdbcEnvironmentInitiator$ConnectionProviderJdbcConnectionAccess@c8d20bb] for (non-JTA) DDL execution was not in auto-commit mode; the Connection 'local transaction' will be committed and the Connection will be set into auto-commit mode.
2021-11-19T10:24:06,796|[DEBUG] SQL - 
    
    SET @OLD_FOREIGN_KEY_CHECKS=@@FOREIGN_KEY_CHECKS, FOREIGN_KEY_CHECKS=0
2021-11-19T10:24:06,796|[DEBUG] SQL - 
    
    SET @OLD_SQL_MODE=@@SQL_MODE, SQL_MODE='ONLY_FULL_GROUP_BY,STRICT_TRANS_TABLES,NO_ZERO_IN_DATE,NO_ZERO_DATE,ERROR_FOR_DIVISION_BY_ZERO,NO_ENGINE_SUBSTITUTION'
2021-11-19T10:24:06,797|[DEBUG] SQL - CREATE SCHEMA IF NOT EXISTS `bloodbank` DEFAULT CHARACTER SET utf8mb4 COLLATE utf8mb4_0900_ai_ci
2021-11-19T10:24:06,805|[DEBUG] SQL - 
    
    USE `bloodbank`
2021-11-19T10:24:06,806|[DEBUG] SQL - 
    
    CREATE TABLE IF NOT EXISTS `bloodbank`.`person` (
          `id` INT NOT NULL AUTO_INCREMENT,
          `first_name` VARCHAR(50) NOT NULL,
          `last_name` VARCHAR(50) NOT NULL,
          `created` BIGINT NOT NULL DEFAULT (unix_timestamp(now()) * 1000),
          `updated` BIGINT NOT NULL DEFAULT (unix_timestamp(now()) * 1000),
          `version` INT NOT NULL DEFAULT '1',
          PRIMARY KEY (`id`)
    ) ENGINE = InnoDB DEFAULT CHARACTER SET = utf8mb4 COLLATE = utf8mb4_0900_ai_ci
2021-11-19T10:24:06,830|[DEBUG] SQL - 
    
    CREATE TABLE IF NOT EXISTS `bloodbank`.`blood_bank` (
          `bank_id` INT NOT NULL AUTO_INCREMENT,
          `name` VARCHAR(100) NOT NULL,
          `privately_owned` BIT(1) NOT NULL,
          `created` BIGINT NOT NULL DEFAULT (unix_timestamp(now()) * 1000),
          `updated` BIGINT NOT NULL DEFAULT (unix_timestamp(now()) * 1000),
          `version` INT NOT NULL DEFAULT 1,
          PRIMARY KEY (`bank_id`),
          UNIQUE INDEX `name_UNIQUE` (`name` ASC) VISIBLE
    ) ENGINE = InnoDB
2021-11-19T10:24:06,872|[DEBUG] SQL - 
    
    CREATE TABLE IF NOT EXISTS `bloodbank`.`blood_donation` (
          `donation_id` INT NOT NULL AUTO_INCREMENT,
          `bank_id` INT NOT NULL,
          `milliliters` INT NOT NULL,
          `blood_group` CHAR(2) NOT NULL,
          `rhd` BIT(1) NOT NULL,
          `created` BIGINT NOT NULL DEFAULT (unix_timestamp(now()) * 1000),
          `updated` BIGINT NOT NULL DEFAULT (unix_timestamp(now()) * 1000),
          `version` INT NOT NULL DEFAULT 1,
          PRIMARY KEY (`donation_id`),
          INDEX `fk_blood_donation_blood_bank1_idx` (`bank_id` ASC) VISIBLE,
          CONSTRAINT `fk_blood_donation_blood_bank1`     FOREIGN KEY (`bank_id`)     REFERENCES `bloodbank`.`blood_bank` (`bank_id`)     ON DELETE NO ACTION     ON UPDATE NO ACTION
    ) ENGINE = InnoDB
2021-11-19T10:24:06,917|[DEBUG] SQL - 
    
    CREATE TABLE IF NOT EXISTS `bloodbank`.`donation_record` (
          `record_id` INT NOT NULL AUTO_INCREMENT,
          `person_id` INT NOT NULL,
          `donation_id` INT NULL,
          `tested` BIT(1) NOT NULL,
          `created` BIGINT NOT NULL DEFAULT (unix_timestamp(now()) * 1000),
          `updated` BIGINT NOT NULL DEFAULT (unix_timestamp(now()) * 1000),
          `version` INT NOT NULL DEFAULT 1,
          INDEX `fk_donation_record_person1_idx` (`person_id` ASC) VISIBLE,
          INDEX `fk_donation_record_blood_donation1_idx` (`donation_id` ASC) VISIBLE,
          UNIQUE INDEX `record_id_UNIQUE` (`record_id` ASC) VISIBLE,
          PRIMARY KEY (`record_id`),
          CONSTRAINT `fk_donation_record_person1`     FOREIGN KEY (`person_id`)     REFERENCES `bloodbank`.`person` (`id`)     ON DELETE NO ACTION     ON UPDATE NO ACTION,
          CONSTRAINT `fk_donation_record_blood_donation1`     FOREIGN KEY (`donation_id`)     REFERENCES `bloodbank`.`blood_donation` (`donation_id`)     ON DELETE NO ACTION     ON UPDATE NO ACTION
    ) ENGINE = InnoDB
2021-11-19T10:24:06,988|[DEBUG] SQL - 
    
    CREATE TABLE IF NOT EXISTS `bloodbank`.`address` (
          `address_id` INT NOT NULL AUTO_INCREMENT,
          `street_number` VARCHAR(10) NOT NULL,
          `street` VARCHAR(100) NOT NULL,
          `city` VARCHAR(100) NOT NULL,
          `province` VARCHAR(100) NOT NULL,
          `country` VARCHAR(100) NOT NULL,
          `zipcode` VARCHAR(100) NOT NULL,
          `created` BIGINT NOT NULL DEFAULT (unix_timestamp(now()) * 1000),
          `updated` BIGINT NOT NULL DEFAULT (unix_timestamp(now()) * 1000),
          `version` INT NOT NULL DEFAULT 1,
          PRIMARY KEY (`address_id`)
    ) ENGINE = InnoDB
2021-11-19T10:24:07,016|[DEBUG] SQL - 
    
    CREATE TABLE IF NOT EXISTS `bloodbank`.`phone` (
          `phone_id` INT NOT NULL AUTO_INCREMENT,
          `country_code` VARCHAR(10) NOT NULL DEFAULT '1',
          `area_code` VARCHAR(10) NOT NULL,
          `number` VARCHAR(10) NOT NULL,
          `created` BIGINT NOT NULL DEFAULT (unix_timestamp(now()) * 1000),
          `updated` BIGINT NOT NULL DEFAULT (unix_timestamp(now()) * 1000),
          `version` INT NOT NULL DEFAULT 1,
          PRIMARY KEY (`phone_id`)
    ) ENGINE = InnoDB
2021-11-19T10:24:07,041|[DEBUG] SQL - 
    
    CREATE TABLE IF NOT EXISTS `bloodbank`.`contact` (
          `person_id` INT NOT NULL,
          `phone_id` INT NOT NULL,
          `contact_type` VARCHAR(10) NOT NULL,
          `email` VARCHAR(100) NULL,
          `address_id` INT NULL,
          `created` BIGINT NOT NULL DEFAULT (unix_timestamp(now()) * 1000),
          `updated` BIGINT NOT NULL DEFAULT (unix_timestamp(now()) * 1000),
          `version` INT NOT NULL DEFAULT 1,
          PRIMARY KEY (`person_id`, `phone_id`),
          INDEX `fk_contact_phone1_idx` (`phone_id` ASC) VISIBLE,
          INDEX `fk_contact_person1_idx` (`person_id` ASC) VISIBLE,
          CONSTRAINT `fk_contact_address1`     FOREIGN KEY (`address_id`)     REFERENCES `bloodbank`.`address` (`address_id`)     ON DELETE NO ACTION     ON UPDATE NO ACTION,
          CONSTRAINT `fk_contact_phone1`     FOREIGN KEY (`phone_id`)     REFERENCES `bloodbank`.`phone` (`phone_id`)     ON DELETE NO ACTION     ON UPDATE NO ACTION,
          CONSTRAINT `fk_contact_person1`     FOREIGN KEY (`person_id`)     REFERENCES `bloodbank`.`person` (`id`)     ON DELETE NO ACTION     ON UPDATE NO ACTION
    ) ENGINE = InnoDB
2021-11-19T10:24:07,095|[DEBUG] SQL - 
    
    SET SQL_MODE=@OLD_SQL_MODE
2021-11-19T10:24:07,095|[DEBUG] SQL - 
    
    SET FOREIGN_KEY_CHECKS=@OLD_FOREIGN_KEY_CHECKS
2021-11-19T10:24:07,096|[DEBUG] SQL - 
    
    SET UNIQUE_CHECKS=@OLD_UNIQUE_CHECKS
2021-11-19T10:24:07,097|[TRACE] AbstractServiceRegistryImpl - Initializing service [role=org.hibernate.engine.transaction.jta.platform.spi.JtaPlatform]
2021-11-19T10:24:07,097|[DEBUG] JtaPlatformInitiator - No JtaPlatform was specified, checking resolver
2021-11-19T10:24:07,097|[TRACE] AbstractServiceRegistryImpl - Initializing service [role=org.hibernate.engine.transaction.jta.platform.spi.JtaPlatformResolver]
2021-11-19T10:24:07,097|[DEBUG] JtaPlatformResolverInitiator - No JtaPlatformResolver was specified, using default [org.hibernate.engine.transaction.jta.platform.internal.StandardJtaPlatformResolver]
2021-11-19T10:24:07,100|[DEBUG] StandardJtaPlatformResolver - Could not resolve JtaPlatform, using default [org.hibernate.engine.transaction.jta.platform.internal.NoJtaPlatform]
2021-11-19T10:24:07,100|[INFO ] JtaPlatformInitiator - HHH000490: Using JtaPlatform implementation: [org.hibernate.engine.transaction.jta.platform.internal.NoJtaPlatform]
2021-11-19T10:24:07,100|[DEBUG] NamedQueryRepository - Checking 2 named HQL queries
2021-11-19T10:24:07,100|[DEBUG] NamedQueryRepository - Checking named query: Contact.findAll
2021-11-19T10:24:07,100|[TRACE] AbstractServiceRegistryImpl - Initializing service [role=org.hibernate.stat.spi.StatisticsImplementor]
2021-11-19T10:24:07,100|[DEBUG] StatisticsInitiator - Statistics initialized [enabled=false]
2021-11-19T10:24:07,100|[TRACE] AbstractServiceRegistryImpl - Initializing service [role=org.hibernate.jmx.spi.JmxService]
2021-11-19T10:24:07,100|[TRACE] QueryPlanCache - Unable to locate HQL query plan in cache; generating (SELECT c FROM Contact c)
2021-11-19T10:24:07,100|[TRACE] AbstractServiceRegistryImpl - Initializing service [role=org.hibernate.hql.spi.QueryTranslatorFactory]
2021-11-19T10:24:07,100|[DEBUG] QueryTranslatorFactoryInitiator - QueryTranslatorFactory: org.hibernate.hql.internal.ast.ASTQueryTranslatorFactory@38a96593
2021-11-19T10:24:07,100|[DEBUG] QueryTranslatorImpl - parse() - HQL: SELECT c FROM bloodbank.entity.Contact c
2021-11-19T10:24:07,100|[TRACE] HqlParser - -> statement
2021-11-19T10:24:07,100|[TRACE] HqlParser - ---> selectStatement
2021-11-19T10:24:07,100|[TRACE] HqlParser - -----> queryRule
2021-11-19T10:24:07,100|[TRACE] HqlParser - -------> selectFrom
2021-11-19T10:24:07,100|[TRACE] HqlParser - ---------> selectClause
2021-11-19T10:24:07,100|[TRACE] HqlParser - -----------> selectedPropertiesList
2021-11-19T10:24:07,100|[TRACE] HqlParser - -------------> aliasedExpression
2021-11-19T10:24:07,100|[TRACE] HqlParser - ---------------> expression
2021-11-19T10:24:07,100|[TRACE] HqlParser - -----------------> logicalOrExpression
2021-11-19T10:24:07,100|[TRACE] HqlParser - -------------------> logicalAndExpression
2021-11-19T10:24:07,100|[TRACE] HqlParser - ---------------------> negatedExpression
2021-11-19T10:24:07,100|[TRACE] HqlParser - -----------------------> equalityExpression
2021-11-19T10:24:07,100|[TRACE] HqlParser - -------------------------> relationalExpression
2021-11-19T10:24:07,100|[TRACE] HqlParser - ---------------------------> concatenation
2021-11-19T10:24:07,100|[TRACE] HqlParser - -----------------------------> additiveExpression
2021-11-19T10:24:07,100|[TRACE] HqlParser - -------------------------------> multiplyExpression
2021-11-19T10:24:07,100|[TRACE] HqlParser - ---------------------------------> unaryExpression
2021-11-19T10:24:07,100|[TRACE] HqlParser - -----------------------------------> atom
2021-11-19T10:24:07,100|[TRACE] HqlParser - -------------------------------------> primaryExpression
2021-11-19T10:24:07,100|[TRACE] HqlParser - ---------------------------------------> identPrimary
2021-11-19T10:24:07,100|[TRACE] HqlParser - -----------------------------------------> identPrimaryBase
2021-11-19T10:24:07,100|[TRACE] HqlParser - -------------------------------------------> identifier
2021-11-19T10:24:07,100|[TRACE] HqlParser - <------------------------------------------- identifier
2021-11-19T10:24:07,100|[TRACE] HqlParser - <----------------------------------------- identPrimaryBase
2021-11-19T10:24:07,100|[TRACE] HqlParser - <--------------------------------------- identPrimary
2021-11-19T10:24:07,100|[TRACE] HqlParser - <------------------------------------- primaryExpression
2021-11-19T10:24:07,100|[TRACE] HqlParser - <----------------------------------- atom
2021-11-19T10:24:07,100|[TRACE] HqlParser - <--------------------------------- unaryExpression
2021-11-19T10:24:07,100|[TRACE] HqlParser - <------------------------------- multiplyExpression
2021-11-19T10:24:07,100|[TRACE] HqlParser - <----------------------------- additiveExpression
2021-11-19T10:24:07,100|[TRACE] HqlParser - <--------------------------- concatenation
2021-11-19T10:24:07,100|[TRACE] HqlParser - <------------------------- relationalExpression
2021-11-19T10:24:07,100|[TRACE] HqlParser - <----------------------- equalityExpression
2021-11-19T10:24:07,100|[TRACE] HqlParser - <--------------------- negatedExpression
2021-11-19T10:24:07,100|[TRACE] HqlParser - <------------------- logicalAndExpression
2021-11-19T10:24:07,100|[TRACE] HqlParser - <----------------- logicalOrExpression
2021-11-19T10:24:07,100|[TRACE] HqlParser - <--------------- expression
2021-11-19T10:24:07,100|[TRACE] HqlParser - <------------- aliasedExpression
2021-11-19T10:24:07,100|[TRACE] HqlParser - <----------- selectedPropertiesList
2021-11-19T10:24:07,100|[TRACE] HqlParser - <--------- selectClause
2021-11-19T10:24:07,100|[TRACE] HqlParser - ---------> fromClause
2021-11-19T10:24:07,100|[TRACE] HqlParser - -----------> fromRange
2021-11-19T10:24:07,100|[TRACE] HqlParser - -------------> fromClassOrOuterQueryPath
2021-11-19T10:24:07,100|[TRACE] HqlParser - ---------------> path
2021-11-19T10:24:07,100|[TRACE] HqlParser - -----------------> identifier
2021-11-19T10:24:07,100|[TRACE] HqlParser - <----------------- identifier
2021-11-19T10:24:07,100|[TRACE] HqlParser - -----------------> identifier
2021-11-19T10:24:07,100|[TRACE] HqlParser - <----------------- identifier
2021-11-19T10:24:07,100|[TRACE] HqlParser - -----------------> identifier
2021-11-19T10:24:07,100|[TRACE] HqlParser - <----------------- identifier
2021-11-19T10:24:07,100|[TRACE] HqlParser - <--------------- path
2021-11-19T10:24:07,100|[TRACE] HqlParser - ---------------> asAlias
2021-11-19T10:24:07,100|[TRACE] HqlParser - -----------------> alias
2021-11-19T10:24:07,100|[TRACE] HqlParser - -------------------> identifier
2021-11-19T10:24:07,100|[TRACE] HqlParser - <------------------- identifier
2021-11-19T10:24:07,100|[TRACE] HqlParser - <----------------- alias
2021-11-19T10:24:07,100|[TRACE] HqlParser - <--------------- asAlias
2021-11-19T10:24:07,100|[TRACE] HqlParser - <------------- fromClassOrOuterQueryPath
2021-11-19T10:24:07,100|[TRACE] HqlParser - <----------- fromRange
2021-11-19T10:24:07,100|[TRACE] HqlParser - <--------- fromClause
2021-11-19T10:24:07,100|[TRACE] HqlParser - <------- selectFrom
2021-11-19T10:24:07,100|[TRACE] HqlParser - <----- queryRule
2021-11-19T10:24:07,100|[TRACE] HqlParser - <--- selectStatement
2021-11-19T10:24:07,100|[TRACE] HqlParser - <- statement
2021-11-19T10:24:07,100|[DEBUG] ErrorTracker - throwQueryException() : no errors
2021-11-19T10:24:07,100|[DEBUG] QueryTranslatorImpl - --- HQL AST ---
 \-[QUERY] Node: 'query'
    \-[SELECT_FROM] Node: 'SELECT_FROM'
       +-[FROM] Node: 'FROM'
       |  \-[RANGE] Node: 'RANGE'
       |     +-[DOT] Node: '.'
       |     |  +-[DOT] Node: '.'
       |     |  |  +-[IDENT] Node: 'bloodbank'
       |     |  |  \-[IDENT] Node: 'entity'
       |     |  \-[IDENT] Node: 'Contact'
       |     \-[ALIAS] Node: 'c'
       \-[SELECT] Node: 'SELECT'
          \-[IDENT] Node: 'c'

2021-11-19T10:24:07,101|[DEBUG] HqlSqlBaseWalker - select << begin [level=1, statement=select]
2021-11-19T10:24:07,101|[DEBUG] FromElement - FromClause{level=1} : bloodbank.entity.Contact (c) -> contact0_
2021-11-19T10:24:07,101|[DEBUG] FromReferenceNode - Resolved : c -> contact0_.person_id, contact0_.phone_id
2021-11-19T10:24:07,101|[DEBUG] HqlSqlBaseWalker - select : finishing up [level=1, statement=select]
2021-11-19T10:24:07,101|[DEBUG] HqlSqlWalker - processQuery() :  ( SELECT ( {select clause} contact0_.person_id, contact0_.phone_id ) ( FromClause{level=1} contact contact0_ ) )
2021-11-19T10:24:07,101|[DEBUG] JoinProcessor - Tables referenced from query nodes:
 \-QueryNode
    +-SelectClause
    | referencedTables(entity Contact): [contact]
    |  +-IdentNode
    |  | persister: SingleTableEntityPersister(bloodbank.entity.Contact)
    |  | originalText: c
    |  \-SqlFragment
    \-FromClause
       \-FromElement

2021-11-19T10:24:07,101|[DEBUG] JoinProcessor - Using FROM fragment [contact contact0_]
2021-11-19T10:24:07,101|[DEBUG] HqlSqlBaseWalker - select >> end [level=1, statement=select]
2021-11-19T10:24:07,101|[DEBUG] QueryTranslatorImpl - --- SQL AST ---
 \-[SELECT] QueryNode: 'SELECT'  querySpaces (contact)
    +-[SELECT_CLAUSE] SelectClause: '{select clause}'
    |  +-[ALIAS_REF] IdentNode: 'contact0_.person_id as person_i1_3_, contact0_.phone_id as phone_id2_3_' {alias=c, className=bloodbank.entity.Contact, tableAlias=contact0_}
    |  \-[SQL_TOKEN] SqlFragment: 'contact0_.created as created3_3_, contact0_.updated as updated4_3_, contact0_.version as version5_3_, contact0_.address_id as address_8_3_, contact0_.contact_type as contact_6_3_, contact0_.email as email7_3_'
    \-[FROM] FromClause: 'FROM' FromClause{level=1, fromElementCounter=1, fromElements=1, fromElementByClassAlias=[c], fromElementByTableAlias=[contact0_], fromElementsByPath=[], collectionJoinFromElementsByPath=[], impliedElements=[]}
       \-[FROM_FRAGMENT] FromElement: 'contact contact0_' FromElement{explicit,not a collection join,not a fetch join,fetch non-lazy properties,classAlias=c,role=null,tableName=contact,tableAlias=contact0_,origin=null,columns={,className=bloodbank.entity.Contact}}

2021-11-19T10:24:07,101|[DEBUG] ErrorTracker - throwQueryException() : no errors
2021-11-19T10:24:07,101|[DEBUG] QueryTranslatorImpl - HQL: SELECT c FROM bloodbank.entity.Contact c
2021-11-19T10:24:07,101|[DEBUG] QueryTranslatorImpl - SQL: select contact0_.person_id as person_i1_3_, contact0_.phone_id as phone_id2_3_, contact0_.created as created3_3_, contact0_.updated as updated4_3_, contact0_.version as version5_3_, contact0_.address_id as address_8_3_, contact0_.contact_type as contact_6_3_, contact0_.email as email7_3_ from contact contact0_
2021-11-19T10:24:07,101|[DEBUG] ErrorTracker - throwQueryException() : no errors
2021-11-19T10:24:07,101|[DEBUG] NamedQueryRepository - Checking named query: Address.findAll
2021-11-19T10:24:07,101|[TRACE] QueryPlanCache - Unable to locate HQL query plan in cache; generating (SELECT a FROM Address a)
2021-11-19T10:24:07,101|[DEBUG] QueryTranslatorImpl - parse() - HQL: SELECT a FROM bloodbank.entity.Address a
2021-11-19T10:24:07,101|[TRACE] HqlParser - -> statement
2021-11-19T10:24:07,101|[TRACE] HqlParser - ---> selectStatement
2021-11-19T10:24:07,101|[TRACE] HqlParser - -----> queryRule
2021-11-19T10:24:07,101|[TRACE] HqlParser - -------> selectFrom
2021-11-19T10:24:07,101|[TRACE] HqlParser - ---------> selectClause
2021-11-19T10:24:07,101|[TRACE] HqlParser - -----------> selectedPropertiesList
2021-11-19T10:24:07,101|[TRACE] HqlParser - -------------> aliasedExpression
2021-11-19T10:24:07,101|[TRACE] HqlParser - ---------------> expression
2021-11-19T10:24:07,101|[TRACE] HqlParser - -----------------> logicalOrExpression
2021-11-19T10:24:07,101|[TRACE] HqlParser - -------------------> logicalAndExpression
2021-11-19T10:24:07,101|[TRACE] HqlParser - ---------------------> negatedExpression
2021-11-19T10:24:07,101|[TRACE] HqlParser - -----------------------> equalityExpression
2021-11-19T10:24:07,101|[TRACE] HqlParser - -------------------------> relationalExpression
2021-11-19T10:24:07,101|[TRACE] HqlParser - ---------------------------> concatenation
2021-11-19T10:24:07,101|[TRACE] HqlParser - -----------------------------> additiveExpression
2021-11-19T10:24:07,101|[TRACE] HqlParser - -------------------------------> multiplyExpression
2021-11-19T10:24:07,101|[TRACE] HqlParser - ---------------------------------> unaryExpression
2021-11-19T10:24:07,101|[TRACE] HqlParser - -----------------------------------> atom
2021-11-19T10:24:07,101|[TRACE] HqlParser - -------------------------------------> primaryExpression
2021-11-19T10:24:07,101|[TRACE] HqlParser - ---------------------------------------> identPrimary
2021-11-19T10:24:07,101|[TRACE] HqlParser - -----------------------------------------> identPrimaryBase
2021-11-19T10:24:07,101|[TRACE] HqlParser - -------------------------------------------> identifier
2021-11-19T10:24:07,101|[TRACE] HqlParser - <------------------------------------------- identifier
2021-11-19T10:24:07,101|[TRACE] HqlParser - <----------------------------------------- identPrimaryBase
2021-11-19T10:24:07,101|[TRACE] HqlParser - <--------------------------------------- identPrimary
2021-11-19T10:24:07,101|[TRACE] HqlParser - <------------------------------------- primaryExpression
2021-11-19T10:24:07,101|[TRACE] HqlParser - <----------------------------------- atom
2021-11-19T10:24:07,101|[TRACE] HqlParser - <--------------------------------- unaryExpression
2021-11-19T10:24:07,101|[TRACE] HqlParser - <------------------------------- multiplyExpression
2021-11-19T10:24:07,101|[TRACE] HqlParser - <----------------------------- additiveExpression
2021-11-19T10:24:07,101|[TRACE] HqlParser - <--------------------------- concatenation
2021-11-19T10:24:07,101|[TRACE] HqlParser - <------------------------- relationalExpression
2021-11-19T10:24:07,101|[TRACE] HqlParser - <----------------------- equalityExpression
2021-11-19T10:24:07,101|[TRACE] HqlParser - <--------------------- negatedExpression
2021-11-19T10:24:07,101|[TRACE] HqlParser - <------------------- logicalAndExpression
2021-11-19T10:24:07,101|[TRACE] HqlParser - <----------------- logicalOrExpression
2021-11-19T10:24:07,101|[TRACE] HqlParser - <--------------- expression
2021-11-19T10:24:07,101|[TRACE] HqlParser - <------------- aliasedExpression
2021-11-19T10:24:07,101|[TRACE] HqlParser - <----------- selectedPropertiesList
2021-11-19T10:24:07,101|[TRACE] HqlParser - <--------- selectClause
2021-11-19T10:24:07,101|[TRACE] HqlParser - ---------> fromClause
2021-11-19T10:24:07,101|[TRACE] HqlParser - -----------> fromRange
2021-11-19T10:24:07,101|[TRACE] HqlParser - -------------> fromClassOrOuterQueryPath
2021-11-19T10:24:07,101|[TRACE] HqlParser - ---------------> path
2021-11-19T10:24:07,101|[TRACE] HqlParser - -----------------> identifier
2021-11-19T10:24:07,101|[TRACE] HqlParser - <----------------- identifier
2021-11-19T10:24:07,101|[TRACE] HqlParser - -----------------> identifier
2021-11-19T10:24:07,101|[TRACE] HqlParser - <----------------- identifier
2021-11-19T10:24:07,101|[TRACE] HqlParser - -----------------> identifier
2021-11-19T10:24:07,101|[TRACE] HqlParser - <----------------- identifier
2021-11-19T10:24:07,101|[TRACE] HqlParser - <--------------- path
2021-11-19T10:24:07,101|[TRACE] HqlParser - ---------------> asAlias
2021-11-19T10:24:07,101|[TRACE] HqlParser - -----------------> alias
2021-11-19T10:24:07,101|[TRACE] HqlParser - -------------------> identifier
2021-11-19T10:24:07,101|[TRACE] HqlParser - <------------------- identifier
2021-11-19T10:24:07,101|[TRACE] HqlParser - <----------------- alias
2021-11-19T10:24:07,101|[TRACE] HqlParser - <--------------- asAlias
2021-11-19T10:24:07,101|[TRACE] HqlParser - <------------- fromClassOrOuterQueryPath
2021-11-19T10:24:07,101|[TRACE] HqlParser - <----------- fromRange
2021-11-19T10:24:07,101|[TRACE] HqlParser - <--------- fromClause
2021-11-19T10:24:07,101|[TRACE] HqlParser - <------- selectFrom
2021-11-19T10:24:07,101|[TRACE] HqlParser - <----- queryRule
2021-11-19T10:24:07,101|[TRACE] HqlParser - <--- selectStatement
2021-11-19T10:24:07,101|[TRACE] HqlParser - <- statement
2021-11-19T10:24:07,101|[DEBUG] ErrorTracker - throwQueryException() : no errors
2021-11-19T10:24:07,101|[DEBUG] QueryTranslatorImpl - --- HQL AST ---
 \-[QUERY] Node: 'query'
    \-[SELECT_FROM] Node: 'SELECT_FROM'
       +-[FROM] Node: 'FROM'
       |  \-[RANGE] Node: 'RANGE'
       |     +-[DOT] Node: '.'
       |     |  +-[DOT] Node: '.'
       |     |  |  +-[IDENT] Node: 'bloodbank'
       |     |  |  \-[IDENT] Node: 'entity'
       |     |  \-[IDENT] Node: 'Address'
       |     \-[ALIAS] Node: 'a'
       \-[SELECT] Node: 'SELECT'
          \-[IDENT] Node: 'a'

2021-11-19T10:24:07,101|[DEBUG] HqlSqlBaseWalker - select << begin [level=1, statement=select]
2021-11-19T10:24:07,102|[DEBUG] FromElement - FromClause{level=1} : bloodbank.entity.Address (a) -> address0_
2021-11-19T10:24:07,102|[DEBUG] FromReferenceNode - Resolved : a -> address0_.address_id
2021-11-19T10:24:07,102|[DEBUG] HqlSqlBaseWalker - select : finishing up [level=1, statement=select]
2021-11-19T10:24:07,102|[DEBUG] HqlSqlWalker - processQuery() :  ( SELECT ( {select clause} address0_.address_id ) ( FromClause{level=1} address address0_ ) )
2021-11-19T10:24:07,102|[DEBUG] JoinProcessor - Tables referenced from query nodes:
 \-QueryNode
    +-SelectClause
    | referencedTables(entity Address): [address]
    |  +-IdentNode
    |  | persister: SingleTableEntityPersister(bloodbank.entity.Address)
    |  | originalText: a
    |  \-SqlFragment
    \-FromClause
       \-FromElement

2021-11-19T10:24:07,102|[DEBUG] JoinProcessor - Using FROM fragment [address address0_]
2021-11-19T10:24:07,102|[DEBUG] HqlSqlBaseWalker - select >> end [level=1, statement=select]
2021-11-19T10:24:07,102|[DEBUG] QueryTranslatorImpl - --- SQL AST ---
 \-[SELECT] QueryNode: 'SELECT'  querySpaces (address)
    +-[SELECT_CLAUSE] SelectClause: '{select clause}'
    |  +-[ALIAS_REF] IdentNode: 'address0_.address_id as address_1_0_' {alias=a, className=bloodbank.entity.Address, tableAlias=address0_}
    |  \-[SQL_TOKEN] SqlFragment: 'address0_.created as created2_0_, address0_.updated as updated3_0_, address0_.version as version4_0_, address0_.city as city5_0_, address0_.country as country6_0_, address0_.province as province7_0_, address0_.street as street8_0_, address0_.street_number as street_n9_0_, address0_.zipcode as zipcode10_0_'
    \-[FROM] FromClause: 'FROM' FromClause{level=1, fromElementCounter=1, fromElements=1, fromElementByClassAlias=[a], fromElementByTableAlias=[address0_], fromElementsByPath=[], collectionJoinFromElementsByPath=[], impliedElements=[]}
       \-[FROM_FRAGMENT] FromElement: 'address address0_' FromElement{explicit,not a collection join,not a fetch join,fetch non-lazy properties,classAlias=a,role=null,tableName=address,tableAlias=address0_,origin=null,columns={,className=bloodbank.entity.Address}}

2021-11-19T10:24:07,102|[DEBUG] ErrorTracker - throwQueryException() : no errors
2021-11-19T10:24:07,102|[DEBUG] QueryTranslatorImpl - HQL: SELECT a FROM bloodbank.entity.Address a
2021-11-19T10:24:07,102|[DEBUG] QueryTranslatorImpl - SQL: select address0_.address_id as address_1_0_, address0_.created as created2_0_, address0_.updated as updated3_0_, address0_.version as version4_0_, address0_.city as city5_0_, address0_.country as country6_0_, address0_.province as province7_0_, address0_.street as street8_0_, address0_.street_number as street_n9_0_, address0_.zipcode as zipcode10_0_ from address address0_
2021-11-19T10:24:07,102|[DEBUG] ErrorTracker - throwQueryException() : no errors
2021-11-19T10:24:07,102|[DEBUG] NamedQueryRepository - Checking 0 named SQL queries
2021-11-19T10:24:07,102|[TRACE] TypeConfiguration$Scope - Handling #sessionFactoryCreated from [org.hibernate.internal.SessionFactoryImpl@2ae0eb98] for TypeConfiguration
2021-11-19T10:24:07,102|[TRACE] AbstractServiceRegistryImpl - Initializing service [role=org.hibernate.engine.jndi.spi.JndiService]
2021-11-19T10:24:07,102|[DEBUG] SessionFactoryRegistry - Registering SessionFactory: cf87d3bf-93b1-4752-9050-b1ac37daffd5 (<unnamed>)
2021-11-19T10:24:07,102|[DEBUG] SessionFactoryRegistry - Not binding SessionFactory to JNDI, no JNDI name configured
2021-11-19T10:24:07,102|[TRACE] SessionFactoryImpl$SessionBuilderImpl - Opening Hibernate Session.  tenant=null
2021-11-19T10:24:07,102|[TRACE] SessionImpl - Opened Session [b55faec7-6136-47c7-bcb1-0e3b5b6b9cb1] at timestamp: 1637335447102
2021-11-19T10:24:07,102|[DEBUG] TransactionImpl - On TransactionImpl creation, JpaCompliance#isJpaTransactionComplianceEnabled == false
2021-11-19T10:24:07,102|[DEBUG] TransactionImpl - begin
2021-11-19T10:24:07,103|[TRACE] AbstractLogicalConnectionImplementor - Preparing to begin transaction via JDBC Connection.setAutoCommit(false)
2021-11-19T10:24:07,103|[TRACE] AbstractLogicalConnectionImplementor - Transaction begun via JDBC Connection.setAutoCommit(false)
2021-11-19T10:24:07,103|[TRACE] JdbcResourceLocalTransactionCoordinatorImpl - ResourceLocalTransactionCoordinatorImpl#afterBeginCallback
2021-11-19T10:24:07,103|[TRACE] QueryPlanCache - Unable to locate HQL query plan in cache; generating (delete DonationRecord as generatedAlias0)
2021-11-19T10:24:07,103|[DEBUG] QueryTranslatorImpl - parse() - HQL: delete bloodbank.entity.DonationRecord as generatedAlias0
2021-11-19T10:24:07,103|[TRACE] HqlParser - -> statement
2021-11-19T10:24:07,103|[TRACE] HqlParser - ---> deleteStatement
2021-11-19T10:24:07,103|[TRACE] HqlParser - -----> optionalFromTokenFromClause
2021-11-19T10:24:07,103|[TRACE] HqlParser - -------> path
2021-11-19T10:24:07,103|[TRACE] HqlParser - ---------> identifier
2021-11-19T10:24:07,103|[TRACE] HqlParser - <--------- identifier
2021-11-19T10:24:07,103|[TRACE] HqlParser - ---------> identifier
2021-11-19T10:24:07,103|[TRACE] HqlParser - <--------- identifier
2021-11-19T10:24:07,103|[TRACE] HqlParser - ---------> identifier
2021-11-19T10:24:07,103|[TRACE] HqlParser - <--------- identifier
2021-11-19T10:24:07,103|[TRACE] HqlParser - <------- path
2021-11-19T10:24:07,103|[TRACE] HqlParser - -------> asAlias
2021-11-19T10:24:07,103|[TRACE] HqlParser - ---------> alias
2021-11-19T10:24:07,103|[TRACE] HqlParser - -----------> identifier
2021-11-19T10:24:07,103|[TRACE] HqlParser - <----------- identifier
2021-11-19T10:24:07,103|[TRACE] HqlParser - <--------- alias
2021-11-19T10:24:07,103|[TRACE] HqlParser - <------- asAlias
2021-11-19T10:24:07,103|[TRACE] HqlParser - <----- optionalFromTokenFromClause
2021-11-19T10:24:07,103|[TRACE] HqlParser - <--- deleteStatement
2021-11-19T10:24:07,103|[TRACE] HqlParser - <- statement
2021-11-19T10:24:07,103|[DEBUG] ErrorTracker - throwQueryException() : no errors
2021-11-19T10:24:07,103|[DEBUG] QueryTranslatorImpl - --- HQL AST ---
 \-[DELETE] Node: 'delete'
    \-[FROM] Node: 'FROM'
       \-[RANGE] Node: 'RANGE'
          +-[DOT] Node: '.'
          |  +-[DOT] Node: '.'
          |  |  +-[IDENT] Node: 'bloodbank'
          |  |  \-[IDENT] Node: 'entity'
          |  \-[IDENT] Node: 'DonationRecord'
          \-[ALIAS] Node: 'generatedAlias0'

2021-11-19T10:24:07,103|[DEBUG] HqlSqlBaseWalker - delete << begin [level=1, statement=delete]
2021-11-19T10:24:07,103|[DEBUG] FromElement - FromClause{level=1} : bloodbank.entity.DonationRecord (generatedAlias0) -> donationre0_
2021-11-19T10:24:07,103|[DEBUG] HqlSqlBaseWalker - delete : finishing up [level=1, statement=delete]
2021-11-19T10:24:07,103|[DEBUG] HqlSqlBaseWalker - delete >> end [level=1, statement=delete]
2021-11-19T10:24:07,103|[DEBUG] QueryTranslatorImpl - --- SQL AST ---
 \-[DELETE] DeleteStatement: 'delete'  querySpaces (donation_record)
    \-[FROM] FromClause: 'FROM' FromClause{level=1, fromElementCounter=1, fromElements=1, fromElementByClassAlias=[generatedAlias0], fromElementByTableAlias=[donationre0_], fromElementsByPath=[], collectionJoinFromElementsByPath=[], impliedElements=[]}
       \-[FROM_FRAGMENT] FromElement: 'donation_record' FromElement{explicit,not a collection join,not a fetch join,fetch non-lazy properties,classAlias=generatedAlias0,role=null,tableName=donation_record,tableAlias=donationre0_,origin=null,columns={,className=bloodbank.entity.DonationRecord}}

2021-11-19T10:24:07,103|[DEBUG] ErrorTracker - throwQueryException() : no errors
2021-11-19T10:24:07,103|[DEBUG] ErrorTracker - throwQueryException() : no errors
2021-11-19T10:24:07,103|[TRACE] QueryPlanCache - Located HQL query plan in cache (delete DonationRecord as generatedAlias0)
2021-11-19T10:24:07,103|[TRACE] HQLQueryPlan - Execute update: delete DonationRecord as generatedAlias0
2021-11-19T10:24:07,103|[TRACE] QueryParameters - Named parameters: {}
2021-11-19T10:24:07,103|[DEBUG] SQL - 
    /* delete DonationRecord as generatedAlias0 */ delete 
        from
            donation_record
2021-11-19T10:24:07,104|[TRACE] ResourceRegistryStandardImpl - Registering statement [com.mysql.cj.jdbc.ClientPreparedStatement: /* delete DonationRecord as generatedAlias0 */ delete from donation_record]
2021-11-19T10:24:07,105|[TRACE] ResourceRegistryStandardImpl - Releasing statement [com.mysql.cj.jdbc.ClientPreparedStatement: /* delete DonationRecord as generatedAlias0 */ delete from donation_record]
2021-11-19T10:24:07,105|[TRACE] ResourceRegistryStandardImpl - Closing prepared statement [com.mysql.cj.jdbc.ClientPreparedStatement: /* delete DonationRecord as generatedAlias0 */ delete from donation_record]
2021-11-19T10:24:07,105|[TRACE] JdbcCoordinatorImpl - Starting after statement execution processing [AFTER_TRANSACTION]
2021-11-19T10:24:07,105|[TRACE] QueryPlanCache - Unable to locate HQL query plan in cache; generating (delete BloodDonation as generatedAlias0)
2021-11-19T10:24:07,105|[DEBUG] QueryTranslatorImpl - parse() - HQL: delete bloodbank.entity.BloodDonation as generatedAlias0
2021-11-19T10:24:07,105|[TRACE] HqlParser - -> statement
2021-11-19T10:24:07,105|[TRACE] HqlParser - ---> deleteStatement
2021-11-19T10:24:07,105|[TRACE] HqlParser - -----> optionalFromTokenFromClause
2021-11-19T10:24:07,105|[TRACE] HqlParser - -------> path
2021-11-19T10:24:07,105|[TRACE] HqlParser - ---------> identifier
2021-11-19T10:24:07,105|[TRACE] HqlParser - <--------- identifier
2021-11-19T10:24:07,105|[TRACE] HqlParser - ---------> identifier
2021-11-19T10:24:07,105|[TRACE] HqlParser - <--------- identifier
2021-11-19T10:24:07,105|[TRACE] HqlParser - ---------> identifier
2021-11-19T10:24:07,105|[TRACE] HqlParser - <--------- identifier
2021-11-19T10:24:07,105|[TRACE] HqlParser - <------- path
2021-11-19T10:24:07,105|[TRACE] HqlParser - -------> asAlias
2021-11-19T10:24:07,105|[TRACE] HqlParser - ---------> alias
2021-11-19T10:24:07,105|[TRACE] HqlParser - -----------> identifier
2021-11-19T10:24:07,105|[TRACE] HqlParser - <----------- identifier
2021-11-19T10:24:07,105|[TRACE] HqlParser - <--------- alias
2021-11-19T10:24:07,105|[TRACE] HqlParser - <------- asAlias
2021-11-19T10:24:07,105|[TRACE] HqlParser - <----- optionalFromTokenFromClause
2021-11-19T10:24:07,105|[TRACE] HqlParser - <--- deleteStatement
2021-11-19T10:24:07,105|[TRACE] HqlParser - <- statement
2021-11-19T10:24:07,105|[DEBUG] ErrorTracker - throwQueryException() : no errors
2021-11-19T10:24:07,106|[DEBUG] QueryTranslatorImpl - --- HQL AST ---
 \-[DELETE] Node: 'delete'
    \-[FROM] Node: 'FROM'
       \-[RANGE] Node: 'RANGE'
          +-[DOT] Node: '.'
          |  +-[DOT] Node: '.'
          |  |  +-[IDENT] Node: 'bloodbank'
          |  |  \-[IDENT] Node: 'entity'
          |  \-[IDENT] Node: 'BloodDonation'
          \-[ALIAS] Node: 'generatedAlias0'

2021-11-19T10:24:07,106|[DEBUG] HqlSqlBaseWalker - delete << begin [level=1, statement=delete]
2021-11-19T10:24:07,106|[DEBUG] FromElement - FromClause{level=1} : bloodbank.entity.BloodDonation (generatedAlias0) -> blooddonat0_
2021-11-19T10:24:07,106|[DEBUG] HqlSqlBaseWalker - delete : finishing up [level=1, statement=delete]
2021-11-19T10:24:07,106|[DEBUG] HqlSqlBaseWalker - delete >> end [level=1, statement=delete]
2021-11-19T10:24:07,106|[DEBUG] QueryTranslatorImpl - --- SQL AST ---
 \-[DELETE] DeleteStatement: 'delete'  querySpaces (blood_donation)
    \-[FROM] FromClause: 'FROM' FromClause{level=1, fromElementCounter=1, fromElements=1, fromElementByClassAlias=[generatedAlias0], fromElementByTableAlias=[blooddonat0_], fromElementsByPath=[], collectionJoinFromElementsByPath=[], impliedElements=[]}
       \-[FROM_FRAGMENT] FromElement: 'blood_donation' FromElement{explicit,not a collection join,not a fetch join,fetch non-lazy properties,classAlias=generatedAlias0,role=null,tableName=blood_donation,tableAlias=blooddonat0_,origin=null,columns={,className=bloodbank.entity.BloodDonation}}

2021-11-19T10:24:07,106|[DEBUG] ErrorTracker - throwQueryException() : no errors
2021-11-19T10:24:07,106|[DEBUG] ErrorTracker - throwQueryException() : no errors
2021-11-19T10:24:07,106|[TRACE] QueryPlanCache - Located HQL query plan in cache (delete BloodDonation as generatedAlias0)
2021-11-19T10:24:07,106|[TRACE] HQLQueryPlan - Execute update: delete BloodDonation as generatedAlias0
2021-11-19T10:24:07,106|[TRACE] QueryParameters - Named parameters: {}
2021-11-19T10:24:07,106|[DEBUG] SQL - 
    /* delete BloodDonation as generatedAlias0 */ delete 
        from
            blood_donation
2021-11-19T10:24:07,106|[TRACE] ResourceRegistryStandardImpl - Registering statement [com.mysql.cj.jdbc.ClientPreparedStatement: /* delete BloodDonation as generatedAlias0 */ delete from blood_donation]
2021-11-19T10:24:07,109|[TRACE] ResourceRegistryStandardImpl - Releasing statement [com.mysql.cj.jdbc.ClientPreparedStatement: /* delete BloodDonation as generatedAlias0 */ delete from blood_donation]
2021-11-19T10:24:07,110|[TRACE] ResourceRegistryStandardImpl - Closing prepared statement [com.mysql.cj.jdbc.ClientPreparedStatement: /* delete BloodDonation as generatedAlias0 */ delete from blood_donation]
2021-11-19T10:24:07,110|[TRACE] JdbcCoordinatorImpl - Starting after statement execution processing [AFTER_TRANSACTION]
2021-11-19T10:24:07,110|[TRACE] QueryPlanCache - Unable to locate HQL query plan in cache; generating (delete BloodBank as generatedAlias0)
2021-11-19T10:24:07,113|[DEBUG] QueryTranslatorImpl - parse() - HQL: delete bloodbank.entity.BloodBank as generatedAlias0
2021-11-19T10:24:07,113|[TRACE] HqlParser - -> statement
2021-11-19T10:24:07,113|[TRACE] HqlParser - ---> deleteStatement
2021-11-19T10:24:07,113|[TRACE] HqlParser - -----> optionalFromTokenFromClause
2021-11-19T10:24:07,113|[TRACE] HqlParser - -------> path
2021-11-19T10:24:07,113|[TRACE] HqlParser - ---------> identifier
2021-11-19T10:24:07,113|[TRACE] HqlParser - <--------- identifier
2021-11-19T10:24:07,113|[TRACE] HqlParser - ---------> identifier
2021-11-19T10:24:07,113|[TRACE] HqlParser - <--------- identifier
2021-11-19T10:24:07,113|[TRACE] HqlParser - ---------> identifier
2021-11-19T10:24:07,113|[TRACE] HqlParser - <--------- identifier
2021-11-19T10:24:07,113|[TRACE] HqlParser - <------- path
2021-11-19T10:24:07,113|[TRACE] HqlParser - -------> asAlias
2021-11-19T10:24:07,113|[TRACE] HqlParser - ---------> alias
2021-11-19T10:24:07,113|[TRACE] HqlParser - -----------> identifier
2021-11-19T10:24:07,113|[TRACE] HqlParser - <----------- identifier
2021-11-19T10:24:07,113|[TRACE] HqlParser - <--------- alias
2021-11-19T10:24:07,113|[TRACE] HqlParser - <------- asAlias
2021-11-19T10:24:07,113|[TRACE] HqlParser - <----- optionalFromTokenFromClause
2021-11-19T10:24:07,113|[TRACE] HqlParser - <--- deleteStatement
2021-11-19T10:24:07,113|[TRACE] HqlParser - <- statement
2021-11-19T10:24:07,113|[DEBUG] ErrorTracker - throwQueryException() : no errors
2021-11-19T10:24:07,113|[DEBUG] QueryTranslatorImpl - --- HQL AST ---
 \-[DELETE] Node: 'delete'
    \-[FROM] Node: 'FROM'
       \-[RANGE] Node: 'RANGE'
          +-[DOT] Node: '.'
          |  +-[DOT] Node: '.'
          |  |  +-[IDENT] Node: 'bloodbank'
          |  |  \-[IDENT] Node: 'entity'
          |  \-[IDENT] Node: 'BloodBank'
          \-[ALIAS] Node: 'generatedAlias0'

2021-11-19T10:24:07,113|[DEBUG] HqlSqlBaseWalker - delete << begin [level=1, statement=delete]
2021-11-19T10:24:07,113|[DEBUG] FromElement - FromClause{level=1} : bloodbank.entity.BloodBank (generatedAlias0) -> bloodbank0_
2021-11-19T10:24:07,113|[DEBUG] HqlSqlBaseWalker - delete : finishing up [level=1, statement=delete]
2021-11-19T10:24:07,113|[DEBUG] HqlSqlBaseWalker - delete >> end [level=1, statement=delete]
2021-11-19T10:24:07,113|[DEBUG] QueryTranslatorImpl - --- SQL AST ---
 \-[DELETE] DeleteStatement: 'delete'  querySpaces (blood_bank)
    \-[FROM] FromClause: 'FROM' FromClause{level=1, fromElementCounter=1, fromElements=1, fromElementByClassAlias=[generatedAlias0], fromElementByTableAlias=[bloodbank0_], fromElementsByPath=[], collectionJoinFromElementsByPath=[], impliedElements=[]}
       \-[FROM_FRAGMENT] FromElement: 'blood_bank' FromElement{explicit,not a collection join,not a fetch join,fetch non-lazy properties,classAlias=generatedAlias0,role=null,tableName=blood_bank,tableAlias=bloodbank0_,origin=null,columns={,className=bloodbank.entity.BloodBank}}

2021-11-19T10:24:07,113|[DEBUG] ErrorTracker - throwQueryException() : no errors
2021-11-19T10:24:07,113|[DEBUG] ErrorTracker - throwQueryException() : no errors
2021-11-19T10:24:07,113|[TRACE] QueryPlanCache - Located HQL query plan in cache (delete BloodBank as generatedAlias0)
2021-11-19T10:24:07,113|[TRACE] HQLQueryPlan - Execute update: delete BloodBank as generatedAlias0
2021-11-19T10:24:07,113|[TRACE] QueryParameters - Named parameters: {}
2021-11-19T10:24:07,113|[DEBUG] SQL - 
    /* delete BloodBank as generatedAlias0 */ delete 
        from
            blood_bank
2021-11-19T10:24:07,113|[TRACE] ResourceRegistryStandardImpl - Registering statement [com.mysql.cj.jdbc.ClientPreparedStatement: /* delete BloodBank as generatedAlias0 */ delete from blood_bank]
2021-11-19T10:24:07,115|[TRACE] ResourceRegistryStandardImpl - Releasing statement [com.mysql.cj.jdbc.ClientPreparedStatement: /* delete BloodBank as generatedAlias0 */ delete from blood_bank]
2021-11-19T10:24:07,115|[TRACE] ResourceRegistryStandardImpl - Closing prepared statement [com.mysql.cj.jdbc.ClientPreparedStatement: /* delete BloodBank as generatedAlias0 */ delete from blood_bank]
2021-11-19T10:24:07,115|[TRACE] JdbcCoordinatorImpl - Starting after statement execution processing [AFTER_TRANSACTION]
2021-11-19T10:24:07,115|[TRACE] QueryPlanCache - Unable to locate HQL query plan in cache; generating (delete Contact as generatedAlias0)
2021-11-19T10:24:07,115|[DEBUG] QueryTranslatorImpl - parse() - HQL: delete bloodbank.entity.Contact as generatedAlias0
2021-11-19T10:24:07,116|[TRACE] HqlParser - -> statement
2021-11-19T10:24:07,116|[TRACE] HqlParser - ---> deleteStatement
2021-11-19T10:24:07,116|[TRACE] HqlParser - -----> optionalFromTokenFromClause
2021-11-19T10:24:07,116|[TRACE] HqlParser - -------> path
2021-11-19T10:24:07,116|[TRACE] HqlParser - ---------> identifier
2021-11-19T10:24:07,116|[TRACE] HqlParser - <--------- identifier
2021-11-19T10:24:07,116|[TRACE] HqlParser - ---------> identifier
2021-11-19T10:24:07,116|[TRACE] HqlParser - <--------- identifier
2021-11-19T10:24:07,116|[TRACE] HqlParser - ---------> identifier
2021-11-19T10:24:07,116|[TRACE] HqlParser - <--------- identifier
2021-11-19T10:24:07,116|[TRACE] HqlParser - <------- path
2021-11-19T10:24:07,116|[TRACE] HqlParser - -------> asAlias
2021-11-19T10:24:07,116|[TRACE] HqlParser - ---------> alias
2021-11-19T10:24:07,116|[TRACE] HqlParser - -----------> identifier
2021-11-19T10:24:07,116|[TRACE] HqlParser - <----------- identifier
2021-11-19T10:24:07,116|[TRACE] HqlParser - <--------- alias
2021-11-19T10:24:07,116|[TRACE] HqlParser - <------- asAlias
2021-11-19T10:24:07,116|[TRACE] HqlParser - <----- optionalFromTokenFromClause
2021-11-19T10:24:07,116|[TRACE] HqlParser - <--- deleteStatement
2021-11-19T10:24:07,116|[TRACE] HqlParser - <- statement
2021-11-19T10:24:07,116|[DEBUG] ErrorTracker - throwQueryException() : no errors
2021-11-19T10:24:07,116|[DEBUG] QueryTranslatorImpl - --- HQL AST ---
 \-[DELETE] Node: 'delete'
    \-[FROM] Node: 'FROM'
       \-[RANGE] Node: 'RANGE'
          +-[DOT] Node: '.'
          |  +-[DOT] Node: '.'
          |  |  +-[IDENT] Node: 'bloodbank'
          |  |  \-[IDENT] Node: 'entity'
          |  \-[IDENT] Node: 'Contact'
          \-[ALIAS] Node: 'generatedAlias0'

2021-11-19T10:24:07,116|[DEBUG] HqlSqlBaseWalker - delete << begin [level=1, statement=delete]
2021-11-19T10:24:07,116|[DEBUG] FromElement - FromClause{level=1} : bloodbank.entity.Contact (generatedAlias0) -> contact0_
2021-11-19T10:24:07,116|[DEBUG] HqlSqlBaseWalker - delete : finishing up [level=1, statement=delete]
2021-11-19T10:24:07,116|[DEBUG] HqlSqlBaseWalker - delete >> end [level=1, statement=delete]
2021-11-19T10:24:07,116|[DEBUG] QueryTranslatorImpl - --- SQL AST ---
 \-[DELETE] DeleteStatement: 'delete'  querySpaces (contact)
    \-[FROM] FromClause: 'FROM' FromClause{level=1, fromElementCounter=1, fromElements=1, fromElementByClassAlias=[generatedAlias0], fromElementByTableAlias=[contact0_], fromElementsByPath=[], collectionJoinFromElementsByPath=[], impliedElements=[]}
       \-[FROM_FRAGMENT] FromElement: 'contact' FromElement{explicit,not a collection join,not a fetch join,fetch non-lazy properties,classAlias=generatedAlias0,role=null,tableName=contact,tableAlias=contact0_,origin=null,columns={,className=bloodbank.entity.Contact}}

2021-11-19T10:24:07,116|[DEBUG] ErrorTracker - throwQueryException() : no errors
2021-11-19T10:24:07,116|[DEBUG] ErrorTracker - throwQueryException() : no errors
2021-11-19T10:24:07,116|[TRACE] QueryPlanCache - Located HQL query plan in cache (delete Contact as generatedAlias0)
2021-11-19T10:24:07,116|[TRACE] HQLQueryPlan - Execute update: delete Contact as generatedAlias0
2021-11-19T10:24:07,116|[TRACE] QueryParameters - Named parameters: {}
2021-11-19T10:24:07,116|[DEBUG] SQL - 
    /* delete Contact as generatedAlias0 */ delete 
        from
            contact
2021-11-19T10:24:07,116|[TRACE] ResourceRegistryStandardImpl - Registering statement [com.mysql.cj.jdbc.ClientPreparedStatement: /* delete Contact as generatedAlias0 */ delete from contact]
2021-11-19T10:24:07,118|[TRACE] ResourceRegistryStandardImpl - Releasing statement [com.mysql.cj.jdbc.ClientPreparedStatement: /* delete Contact as generatedAlias0 */ delete from contact]
2021-11-19T10:24:07,118|[TRACE] ResourceRegistryStandardImpl - Closing prepared statement [com.mysql.cj.jdbc.ClientPreparedStatement: /* delete Contact as generatedAlias0 */ delete from contact]
2021-11-19T10:24:07,118|[TRACE] JdbcCoordinatorImpl - Starting after statement execution processing [AFTER_TRANSACTION]
2021-11-19T10:24:07,118|[TRACE] QueryPlanCache - Unable to locate HQL query plan in cache; generating (delete Person as generatedAlias0)
2021-11-19T10:24:07,118|[DEBUG] QueryTranslatorImpl - parse() - HQL: delete bloodbank.entity.Person as generatedAlias0
2021-11-19T10:24:07,118|[TRACE] HqlParser - -> statement
2021-11-19T10:24:07,118|[TRACE] HqlParser - ---> deleteStatement
2021-11-19T10:24:07,118|[TRACE] HqlParser - -----> optionalFromTokenFromClause
2021-11-19T10:24:07,118|[TRACE] HqlParser - -------> path
2021-11-19T10:24:07,118|[TRACE] HqlParser - ---------> identifier
2021-11-19T10:24:07,118|[TRACE] HqlParser - <--------- identifier
2021-11-19T10:24:07,118|[TRACE] HqlParser - ---------> identifier
2021-11-19T10:24:07,118|[TRACE] HqlParser - <--------- identifier
2021-11-19T10:24:07,118|[TRACE] HqlParser - ---------> identifier
2021-11-19T10:24:07,118|[TRACE] HqlParser - <--------- identifier
2021-11-19T10:24:07,118|[TRACE] HqlParser - <------- path
2021-11-19T10:24:07,118|[TRACE] HqlParser - -------> asAlias
2021-11-19T10:24:07,118|[TRACE] HqlParser - ---------> alias
2021-11-19T10:24:07,118|[TRACE] HqlParser - -----------> identifier
2021-11-19T10:24:07,119|[TRACE] HqlParser - <----------- identifier
2021-11-19T10:24:07,119|[TRACE] HqlParser - <--------- alias
2021-11-19T10:24:07,119|[TRACE] HqlParser - <------- asAlias
2021-11-19T10:24:07,119|[TRACE] HqlParser - <----- optionalFromTokenFromClause
2021-11-19T10:24:07,119|[TRACE] HqlParser - <--- deleteStatement
2021-11-19T10:24:07,119|[TRACE] HqlParser - <- statement
2021-11-19T10:24:07,119|[DEBUG] ErrorTracker - throwQueryException() : no errors
2021-11-19T10:24:07,119|[DEBUG] QueryTranslatorImpl - --- HQL AST ---
 \-[DELETE] Node: 'delete'
    \-[FROM] Node: 'FROM'
       \-[RANGE] Node: 'RANGE'
          +-[DOT] Node: '.'
          |  +-[DOT] Node: '.'
          |  |  +-[IDENT] Node: 'bloodbank'
          |  |  \-[IDENT] Node: 'entity'
          |  \-[IDENT] Node: 'Person'
          \-[ALIAS] Node: 'generatedAlias0'

2021-11-19T10:24:07,119|[DEBUG] HqlSqlBaseWalker - delete << begin [level=1, statement=delete]
2021-11-19T10:24:07,119|[DEBUG] FromElement - FromClause{level=1} : bloodbank.entity.Person (generatedAlias0) -> person0_
2021-11-19T10:24:07,119|[DEBUG] HqlSqlBaseWalker - delete : finishing up [level=1, statement=delete]
2021-11-19T10:24:07,119|[DEBUG] HqlSqlBaseWalker - delete >> end [level=1, statement=delete]
2021-11-19T10:24:07,119|[DEBUG] QueryTranslatorImpl - --- SQL AST ---
 \-[DELETE] DeleteStatement: 'delete'  querySpaces (person)
    \-[FROM] FromClause: 'FROM' FromClause{level=1, fromElementCounter=1, fromElements=1, fromElementByClassAlias=[generatedAlias0], fromElementByTableAlias=[person0_], fromElementsByPath=[], collectionJoinFromElementsByPath=[], impliedElements=[]}
       \-[FROM_FRAGMENT] FromElement: 'person' FromElement{explicit,not a collection join,not a fetch join,fetch non-lazy properties,classAlias=generatedAlias0,role=null,tableName=person,tableAlias=person0_,origin=null,columns={,className=bloodbank.entity.Person}}

2021-11-19T10:24:07,119|[DEBUG] ErrorTracker - throwQueryException() : no errors
2021-11-19T10:24:07,119|[DEBUG] ErrorTracker - throwQueryException() : no errors
2021-11-19T10:24:07,119|[TRACE] QueryPlanCache - Located HQL query plan in cache (delete Person as generatedAlias0)
2021-11-19T10:24:07,119|[TRACE] HQLQueryPlan - Execute update: delete Person as generatedAlias0
2021-11-19T10:24:07,119|[TRACE] QueryParameters - Named parameters: {}
2021-11-19T10:24:07,119|[DEBUG] SQL - 
    /* delete Person as generatedAlias0 */ delete 
        from
            person
2021-11-19T10:24:07,119|[TRACE] ResourceRegistryStandardImpl - Registering statement [com.mysql.cj.jdbc.ClientPreparedStatement: /* delete Person as generatedAlias0 */ delete from person]
2021-11-19T10:24:07,121|[TRACE] ResourceRegistryStandardImpl - Releasing statement [com.mysql.cj.jdbc.ClientPreparedStatement: /* delete Person as generatedAlias0 */ delete from person]
2021-11-19T10:24:07,121|[TRACE] ResourceRegistryStandardImpl - Closing prepared statement [com.mysql.cj.jdbc.ClientPreparedStatement: /* delete Person as generatedAlias0 */ delete from person]
2021-11-19T10:24:07,121|[TRACE] JdbcCoordinatorImpl - Starting after statement execution processing [AFTER_TRANSACTION]
2021-11-19T10:24:07,121|[TRACE] QueryPlanCache - Unable to locate HQL query plan in cache; generating (delete Phone as generatedAlias0)
2021-11-19T10:24:07,121|[DEBUG] QueryTranslatorImpl - parse() - HQL: delete bloodbank.entity.Phone as generatedAlias0
2021-11-19T10:24:07,121|[TRACE] HqlParser - -> statement
2021-11-19T10:24:07,121|[TRACE] HqlParser - ---> deleteStatement
2021-11-19T10:24:07,121|[TRACE] HqlParser - -----> optionalFromTokenFromClause
2021-11-19T10:24:07,121|[TRACE] HqlParser - -------> path
2021-11-19T10:24:07,121|[TRACE] HqlParser - ---------> identifier
2021-11-19T10:24:07,121|[TRACE] HqlParser - <--------- identifier
2021-11-19T10:24:07,121|[TRACE] HqlParser - ---------> identifier
2021-11-19T10:24:07,121|[TRACE] HqlParser - <--------- identifier
2021-11-19T10:24:07,121|[TRACE] HqlParser - ---------> identifier
2021-11-19T10:24:07,121|[TRACE] HqlParser - <--------- identifier
2021-11-19T10:24:07,121|[TRACE] HqlParser - <------- path
2021-11-19T10:24:07,121|[TRACE] HqlParser - -------> asAlias
2021-11-19T10:24:07,121|[TRACE] HqlParser - ---------> alias
2021-11-19T10:24:07,121|[TRACE] HqlParser - -----------> identifier
2021-11-19T10:24:07,121|[TRACE] HqlParser - <----------- identifier
2021-11-19T10:24:07,121|[TRACE] HqlParser - <--------- alias
2021-11-19T10:24:07,121|[TRACE] HqlParser - <------- asAlias
2021-11-19T10:24:07,121|[TRACE] HqlParser - <----- optionalFromTokenFromClause
2021-11-19T10:24:07,121|[TRACE] HqlParser - <--- deleteStatement
2021-11-19T10:24:07,121|[TRACE] HqlParser - <- statement
2021-11-19T10:24:07,121|[DEBUG] ErrorTracker - throwQueryException() : no errors
2021-11-19T10:24:07,121|[DEBUG] QueryTranslatorImpl - --- HQL AST ---
 \-[DELETE] Node: 'delete'
    \-[FROM] Node: 'FROM'
       \-[RANGE] Node: 'RANGE'
          +-[DOT] Node: '.'
          |  +-[DOT] Node: '.'
          |  |  +-[IDENT] Node: 'bloodbank'
          |  |  \-[IDENT] Node: 'entity'
          |  \-[IDENT] Node: 'Phone'
          \-[ALIAS] Node: 'generatedAlias0'

2021-11-19T10:24:07,122|[DEBUG] HqlSqlBaseWalker - delete << begin [level=1, statement=delete]
2021-11-19T10:24:07,122|[DEBUG] FromElement - FromClause{level=1} : bloodbank.entity.Phone (generatedAlias0) -> phone0_
2021-11-19T10:24:07,122|[DEBUG] HqlSqlBaseWalker - delete : finishing up [level=1, statement=delete]
2021-11-19T10:24:07,122|[DEBUG] HqlSqlBaseWalker - delete >> end [level=1, statement=delete]
2021-11-19T10:24:07,122|[DEBUG] QueryTranslatorImpl - --- SQL AST ---
 \-[DELETE] DeleteStatement: 'delete'  querySpaces (phone)
    \-[FROM] FromClause: 'FROM' FromClause{level=1, fromElementCounter=1, fromElements=1, fromElementByClassAlias=[generatedAlias0], fromElementByTableAlias=[phone0_], fromElementsByPath=[], collectionJoinFromElementsByPath=[], impliedElements=[]}
       \-[FROM_FRAGMENT] FromElement: 'phone' FromElement{explicit,not a collection join,not a fetch join,fetch non-lazy properties,classAlias=generatedAlias0,role=null,tableName=phone,tableAlias=phone0_,origin=null,columns={,className=bloodbank.entity.Phone}}

2021-11-19T10:24:07,122|[DEBUG] ErrorTracker - throwQueryException() : no errors
2021-11-19T10:24:07,122|[DEBUG] ErrorTracker - throwQueryException() : no errors
2021-11-19T10:24:07,122|[TRACE] QueryPlanCache - Located HQL query plan in cache (delete Phone as generatedAlias0)
2021-11-19T10:24:07,122|[TRACE] HQLQueryPlan - Execute update: delete Phone as generatedAlias0
2021-11-19T10:24:07,122|[TRACE] QueryParameters - Named parameters: {}
2021-11-19T10:24:07,122|[DEBUG] SQL - 
    /* delete Phone as generatedAlias0 */ delete 
        from
            phone
2021-11-19T10:24:07,122|[TRACE] ResourceRegistryStandardImpl - Registering statement [com.mysql.cj.jdbc.ClientPreparedStatement: /* delete Phone as generatedAlias0 */ delete from phone]
2021-11-19T10:24:07,124|[TRACE] ResourceRegistryStandardImpl - Releasing statement [com.mysql.cj.jdbc.ClientPreparedStatement: /* delete Phone as generatedAlias0 */ delete from phone]
2021-11-19T10:24:07,124|[TRACE] ResourceRegistryStandardImpl - Closing prepared statement [com.mysql.cj.jdbc.ClientPreparedStatement: /* delete Phone as generatedAlias0 */ delete from phone]
2021-11-19T10:24:07,124|[TRACE] JdbcCoordinatorImpl - Starting after statement execution processing [AFTER_TRANSACTION]
2021-11-19T10:24:07,124|[TRACE] QueryPlanCache - Unable to locate HQL query plan in cache; generating (delete Address as generatedAlias0)
2021-11-19T10:24:07,124|[DEBUG] QueryTranslatorImpl - parse() - HQL: delete bloodbank.entity.Address as generatedAlias0
2021-11-19T10:24:07,124|[TRACE] HqlParser - -> statement
2021-11-19T10:24:07,124|[TRACE] HqlParser - ---> deleteStatement
2021-11-19T10:24:07,124|[TRACE] HqlParser - -----> optionalFromTokenFromClause
2021-11-19T10:24:07,124|[TRACE] HqlParser - -------> path
2021-11-19T10:24:07,124|[TRACE] HqlParser - ---------> identifier
2021-11-19T10:24:07,124|[TRACE] HqlParser - <--------- identifier
2021-11-19T10:24:07,124|[TRACE] HqlParser - ---------> identifier
2021-11-19T10:24:07,124|[TRACE] HqlParser - <--------- identifier
2021-11-19T10:24:07,124|[TRACE] HqlParser - ---------> identifier
2021-11-19T10:24:07,124|[TRACE] HqlParser - <--------- identifier
2021-11-19T10:24:07,124|[TRACE] HqlParser - <------- path
2021-11-19T10:24:07,124|[TRACE] HqlParser - -------> asAlias
2021-11-19T10:24:07,124|[TRACE] HqlParser - ---------> alias
2021-11-19T10:24:07,124|[TRACE] HqlParser - -----------> identifier
2021-11-19T10:24:07,124|[TRACE] HqlParser - <----------- identifier
2021-11-19T10:24:07,124|[TRACE] HqlParser - <--------- alias
2021-11-19T10:24:07,124|[TRACE] HqlParser - <------- asAlias
2021-11-19T10:24:07,124|[TRACE] HqlParser - <----- optionalFromTokenFromClause
2021-11-19T10:24:07,124|[TRACE] HqlParser - <--- deleteStatement
2021-11-19T10:24:07,124|[TRACE] HqlParser - <- statement
2021-11-19T10:24:07,124|[DEBUG] ErrorTracker - throwQueryException() : no errors
2021-11-19T10:24:07,125|[DEBUG] QueryTranslatorImpl - --- HQL AST ---
 \-[DELETE] Node: 'delete'
    \-[FROM] Node: 'FROM'
       \-[RANGE] Node: 'RANGE'
          +-[DOT] Node: '.'
          |  +-[DOT] Node: '.'
          |  |  +-[IDENT] Node: 'bloodbank'
          |  |  \-[IDENT] Node: 'entity'
          |  \-[IDENT] Node: 'Address'
          \-[ALIAS] Node: 'generatedAlias0'

2021-11-19T10:24:07,125|[DEBUG] HqlSqlBaseWalker - delete << begin [level=1, statement=delete]
2021-11-19T10:24:07,125|[DEBUG] FromElement - FromClause{level=1} : bloodbank.entity.Address (generatedAlias0) -> address0_
2021-11-19T10:24:07,125|[DEBUG] HqlSqlBaseWalker - delete : finishing up [level=1, statement=delete]
2021-11-19T10:24:07,125|[DEBUG] HqlSqlBaseWalker - delete >> end [level=1, statement=delete]
2021-11-19T10:24:07,125|[DEBUG] QueryTranslatorImpl - --- SQL AST ---
 \-[DELETE] DeleteStatement: 'delete'  querySpaces (address)
    \-[FROM] FromClause: 'FROM' FromClause{level=1, fromElementCounter=1, fromElements=1, fromElementByClassAlias=[generatedAlias0], fromElementByTableAlias=[address0_], fromElementsByPath=[], collectionJoinFromElementsByPath=[], impliedElements=[]}
       \-[FROM_FRAGMENT] FromElement: 'address' FromElement{explicit,not a collection join,not a fetch join,fetch non-lazy properties,classAlias=generatedAlias0,role=null,tableName=address,tableAlias=address0_,origin=null,columns={,className=bloodbank.entity.Address}}

2021-11-19T10:24:07,125|[DEBUG] ErrorTracker - throwQueryException() : no errors
2021-11-19T10:24:07,125|[DEBUG] ErrorTracker - throwQueryException() : no errors
2021-11-19T10:24:07,125|[TRACE] QueryPlanCache - Located HQL query plan in cache (delete Address as generatedAlias0)
2021-11-19T10:24:07,125|[TRACE] HQLQueryPlan - Execute update: delete Address as generatedAlias0
2021-11-19T10:24:07,125|[TRACE] QueryParameters - Named parameters: {}
2021-11-19T10:24:07,125|[DEBUG] SQL - 
    /* delete Address as generatedAlias0 */ delete 
        from
            address
2021-11-19T10:24:07,125|[TRACE] ResourceRegistryStandardImpl - Registering statement [com.mysql.cj.jdbc.ClientPreparedStatement: /* delete Address as generatedAlias0 */ delete from address]
2021-11-19T10:24:07,128|[TRACE] ResourceRegistryStandardImpl - Releasing statement [com.mysql.cj.jdbc.ClientPreparedStatement: /* delete Address as generatedAlias0 */ delete from address]
2021-11-19T10:24:07,128|[TRACE] ResourceRegistryStandardImpl - Closing prepared statement [com.mysql.cj.jdbc.ClientPreparedStatement: /* delete Address as generatedAlias0 */ delete from address]
2021-11-19T10:24:07,129|[TRACE] JdbcCoordinatorImpl - Starting after statement execution processing [AFTER_TRANSACTION]
2021-11-19T10:24:07,129|[DEBUG] TransactionImpl - committing
2021-11-19T10:24:07,129|[TRACE] JdbcResourceLocalTransactionCoordinatorImpl - ResourceLocalTransactionCoordinatorImpl#beforeCompletionCallback
2021-11-19T10:24:07,129|[TRACE] SessionImpl - SessionImpl#beforeTransactionCompletion()
2021-11-19T10:24:07,129|[TRACE] SessionImpl - Automatically flushing session
2021-11-19T10:24:07,129|[TRACE] AbstractLogicalConnectionImplementor - LogicalConnection#beforeTransactionCompletion
2021-11-19T10:24:07,129|[TRACE] SynchronizationRegistryStandardImpl - SynchronizationRegistryStandardImpl.notifySynchronizationsBeforeTransactionCompletion
2021-11-19T10:24:07,129|[TRACE] AbstractLogicalConnectionImplementor - Preparing to commit transaction via JDBC Connection.commit()
2021-11-19T10:24:07,129|[TRACE] AbstractLogicalConnectionImplementor - Transaction committed via JDBC Connection.commit()
2021-11-19T10:24:07,129|[TRACE] AbstractLogicalConnectionImplementor - LogicalConnection#afterTransaction
2021-11-19T10:24:07,129|[TRACE] ResourceRegistryStandardImpl - Releasing JDBC resources
2021-11-19T10:24:07,129|[DEBUG] LogicalConnectionManagedImpl - Initiating JDBC connection release from afterTransaction
2021-11-19T10:24:07,129|[TRACE] ResourceRegistryStandardImpl - Releasing JDBC resources
2021-11-19T10:24:07,129|[TRACE] JdbcResourceLocalTransactionCoordinatorImpl - ResourceLocalTransactionCoordinatorImpl#afterCompletionCallback(true)
2021-11-19T10:24:07,129|[TRACE] SynchronizationRegistryStandardImpl - SynchronizationRegistryStandardImpl.notifySynchronizationsAfterTransactionCompletion(3)
2021-11-19T10:24:07,129|[TRACE] AbstractLogicalConnectionImplementor - LogicalConnection#afterTransaction
2021-11-19T10:24:07,129|[TRACE] ResourceRegistryStandardImpl - Releasing JDBC resources
2021-11-19T10:24:07,129|[DEBUG] LogicalConnectionManagedImpl - Initiating JDBC connection release from afterTransaction
2021-11-19T10:24:07,129|[TRACE] SessionImpl - SessionImpl#afterTransactionCompletion(successful=true, delayed=false)
2021-11-19T10:24:07,129|[TRACE] SessionImpl - Closing session [b55faec7-6136-47c7-bcb1-0e3b5b6b9cb1]
2021-11-19T10:24:07,129|[TRACE] JdbcCoordinatorImpl - Closing JDBC container [org.hibernate.engine.jdbc.internal.JdbcCoordinatorImpl@189fb01b]
2021-11-19T10:24:07,129|[TRACE] ResourceRegistryStandardImpl - Releasing JDBC resources
2021-11-19T10:24:07,129|[TRACE] LogicalConnectionManagedImpl - Closing logical connection
2021-11-19T10:24:07,129|[TRACE] LogicalConnectionManagedImpl - Logical connection closed
2021-11-19T10:24:07,130|[TRACE] SessionFactoryImpl$SessionBuilderImpl - Opening Hibernate Session.  tenant=null
2021-11-19T10:24:07,130|[TRACE] SessionImpl - Opened Session [0a3bb078-449f-4914-bd43-2c6b24ed0772] at timestamp: 1637335447130
2021-11-19T10:24:07,130|[DEBUG] TransactionImpl - On TransactionImpl creation, JpaCompliance#isJpaTransactionComplianceEnabled == false
2021-11-19T10:24:07,130|[DEBUG] CriteriaQueryImpl - Rendered criteria query -> select count(generatedAlias0) from BloodBank as generatedAlias0
2021-11-19T10:24:07,131|[TRACE] QueryPlanCache - Unable to locate HQL query plan in cache; generating (select count(generatedAlias0) from BloodBank as generatedAlias0)
2021-11-19T10:24:07,131|[DEBUG] QueryTranslatorImpl - parse() - HQL: select count(generatedAlias0) from bloodbank.entity.BloodBank as generatedAlias0
2021-11-19T10:24:07,131|[TRACE] HqlParser - -> statement
2021-11-19T10:24:07,131|[TRACE] HqlParser - ---> selectStatement
2021-11-19T10:24:07,131|[TRACE] HqlParser - -----> queryRule
2021-11-19T10:24:07,131|[TRACE] HqlParser - -------> selectFrom
2021-11-19T10:24:07,131|[TRACE] HqlParser - ---------> selectClause
2021-11-19T10:24:07,131|[TRACE] HqlParser - -----------> selectedPropertiesList
2021-11-19T10:24:07,131|[TRACE] HqlParser - -------------> aliasedExpression
2021-11-19T10:24:07,131|[TRACE] HqlParser - ---------------> expression
2021-11-19T10:24:07,131|[TRACE] HqlParser - -----------------> logicalOrExpression
2021-11-19T10:24:07,131|[TRACE] HqlParser - -------------------> logicalAndExpression
2021-11-19T10:24:07,131|[TRACE] HqlParser - ---------------------> negatedExpression
2021-11-19T10:24:07,131|[TRACE] HqlParser - -----------------------> equalityExpression
2021-11-19T10:24:07,131|[TRACE] HqlParser - -------------------------> relationalExpression
2021-11-19T10:24:07,131|[TRACE] HqlParser - ---------------------------> concatenation
2021-11-19T10:24:07,131|[TRACE] HqlParser - -----------------------------> additiveExpression
2021-11-19T10:24:07,131|[TRACE] HqlParser - -------------------------------> multiplyExpression
2021-11-19T10:24:07,131|[TRACE] HqlParser - ---------------------------------> unaryExpression
2021-11-19T10:24:07,131|[TRACE] HqlParser - -----------------------------------> atom
2021-11-19T10:24:07,131|[TRACE] HqlParser - -------------------------------------> primaryExpression
2021-11-19T10:24:07,131|[TRACE] HqlParser - ---------------------------------------> identPrimary
2021-11-19T10:24:07,131|[TRACE] HqlParser - -----------------------------------------> aggregate
2021-11-19T10:24:07,131|[TRACE] HqlParser - -------------------------------------------> path
2021-11-19T10:24:07,131|[TRACE] HqlParser - ---------------------------------------------> identifier
2021-11-19T10:24:07,131|[TRACE] HqlParser - <--------------------------------------------- identifier
2021-11-19T10:24:07,131|[TRACE] HqlParser - <------------------------------------------- path
2021-11-19T10:24:07,131|[TRACE] HqlParser - <----------------------------------------- aggregate
2021-11-19T10:24:07,131|[TRACE] HqlParser - <--------------------------------------- identPrimary
2021-11-19T10:24:07,131|[TRACE] HqlParser - <------------------------------------- primaryExpression
2021-11-19T10:24:07,131|[TRACE] HqlParser - <----------------------------------- atom
2021-11-19T10:24:07,131|[TRACE] HqlParser - <--------------------------------- unaryExpression
2021-11-19T10:24:07,131|[TRACE] HqlParser - <------------------------------- multiplyExpression
2021-11-19T10:24:07,131|[TRACE] HqlParser - <----------------------------- additiveExpression
2021-11-19T10:24:07,131|[TRACE] HqlParser - <--------------------------- concatenation
2021-11-19T10:24:07,131|[TRACE] HqlParser - <------------------------- relationalExpression
2021-11-19T10:24:07,131|[TRACE] HqlParser - <----------------------- equalityExpression
2021-11-19T10:24:07,131|[TRACE] HqlParser - <--------------------- negatedExpression
2021-11-19T10:24:07,131|[TRACE] HqlParser - <------------------- logicalAndExpression
2021-11-19T10:24:07,131|[TRACE] HqlParser - <----------------- logicalOrExpression
2021-11-19T10:24:07,131|[TRACE] HqlParser - <--------------- expression
2021-11-19T10:24:07,131|[TRACE] HqlParser - <------------- aliasedExpression
2021-11-19T10:24:07,131|[TRACE] HqlParser - <----------- selectedPropertiesList
2021-11-19T10:24:07,131|[TRACE] HqlParser - <--------- selectClause
2021-11-19T10:24:07,131|[TRACE] HqlParser - ---------> fromClause
2021-11-19T10:24:07,131|[TRACE] HqlParser - -----------> fromRange
2021-11-19T10:24:07,131|[TRACE] HqlParser - -------------> fromClassOrOuterQueryPath
2021-11-19T10:24:07,131|[TRACE] HqlParser - ---------------> path
2021-11-19T10:24:07,131|[TRACE] HqlParser - -----------------> identifier
2021-11-19T10:24:07,131|[TRACE] HqlParser - <----------------- identifier
2021-11-19T10:24:07,131|[TRACE] HqlParser - -----------------> identifier
2021-11-19T10:24:07,131|[TRACE] HqlParser - <----------------- identifier
2021-11-19T10:24:07,131|[TRACE] HqlParser - -----------------> identifier
2021-11-19T10:24:07,131|[TRACE] HqlParser - <----------------- identifier
2021-11-19T10:24:07,131|[TRACE] HqlParser - <--------------- path
2021-11-19T10:24:07,131|[TRACE] HqlParser - ---------------> asAlias
2021-11-19T10:24:07,131|[TRACE] HqlParser - -----------------> alias
2021-11-19T10:24:07,131|[TRACE] HqlParser - -------------------> identifier
2021-11-19T10:24:07,131|[TRACE] HqlParser - <------------------- identifier
2021-11-19T10:24:07,131|[TRACE] HqlParser - <----------------- alias
2021-11-19T10:24:07,131|[TRACE] HqlParser - <--------------- asAlias
2021-11-19T10:24:07,131|[TRACE] HqlParser - <------------- fromClassOrOuterQueryPath
2021-11-19T10:24:07,131|[TRACE] HqlParser - <----------- fromRange
2021-11-19T10:24:07,131|[TRACE] HqlParser - <--------- fromClause
2021-11-19T10:24:07,131|[TRACE] HqlParser - <------- selectFrom
2021-11-19T10:24:07,131|[TRACE] HqlParser - <----- queryRule
2021-11-19T10:24:07,131|[TRACE] HqlParser - <--- selectStatement
2021-11-19T10:24:07,131|[TRACE] HqlParser - <- statement
2021-11-19T10:24:07,131|[DEBUG] ErrorTracker - throwQueryException() : no errors
2021-11-19T10:24:07,131|[DEBUG] QueryTranslatorImpl - --- HQL AST ---
 \-[QUERY] Node: 'query'
    \-[SELECT_FROM] Node: 'SELECT_FROM'
       +-[FROM] Node: 'from'
       |  \-[RANGE] Node: 'RANGE'
       |     +-[DOT] Node: '.'
       |     |  +-[DOT] Node: '.'
       |     |  |  +-[IDENT] Node: 'bloodbank'
       |     |  |  \-[IDENT] Node: 'entity'
       |     |  \-[IDENT] Node: 'BloodBank'
       |     \-[ALIAS] Node: 'generatedAlias0'
       \-[SELECT] Node: 'select'
          \-[COUNT] Node: 'count'
             \-[IDENT] Node: 'generatedAlias0'

2021-11-19T10:24:07,131|[DEBUG] HqlSqlBaseWalker - select << begin [level=1, statement=select]
2021-11-19T10:24:07,131|[DEBUG] FromElement - FromClause{level=1} : bloodbank.entity.BloodBank (generatedAlias0) -> bloodbank0_
2021-11-19T10:24:07,132|[DEBUG] FromReferenceNode - Resolved : generatedAlias0 -> bloodbank0_.bank_id
2021-11-19T10:24:07,132|[DEBUG] HqlSqlBaseWalker - select : finishing up [level=1, statement=select]
2021-11-19T10:24:07,132|[DEBUG] HqlSqlWalker - processQuery() :  ( SELECT ( {select clause} ( count bloodbank0_.bank_id ) ) ( FromClause{level=1} blood_bank bloodbank0_ ) )
2021-11-19T10:24:07,132|[DEBUG] JoinProcessor - Tables referenced from query nodes:
 \-QueryNode
    +-SelectClause
    |  +-CountNode
    |  |  \-IdentNode
    |  |    persister: SingleTableEntityPersister(bloodbank.entity.BloodBank)
    |  |    originalText: generatedAlias0
    |  \-SqlNode
    \-FromClause
       \-FromElement

2021-11-19T10:24:07,132|[DEBUG] JoinProcessor - Using FROM fragment [blood_bank bloodbank0_]
2021-11-19T10:24:07,132|[DEBUG] HqlSqlBaseWalker - select >> end [level=1, statement=select]
2021-11-19T10:24:07,132|[DEBUG] QueryTranslatorImpl - --- SQL AST ---
 \-[SELECT] QueryNode: 'SELECT'  querySpaces (blood_bank)
    +-[SELECT_CLAUSE] SelectClause: '{select clause}'
    |  +-[COUNT] CountNode: 'count'
    |  |  \-[ALIAS_REF] IdentNode: 'bloodbank0_.bank_id' {alias=generatedAlias0, className=bloodbank.entity.BloodBank, tableAlias=bloodbank0_}
    |  \-[SELECT_COLUMNS] SqlNode: ' as col_0_0_'
    \-[FROM] FromClause: 'from' FromClause{level=1, fromElementCounter=1, fromElements=1, fromElementByClassAlias=[generatedAlias0], fromElementByTableAlias=[bloodbank0_], fromElementsByPath=[], collectionJoinFromElementsByPath=[], impliedElements=[]}
       \-[FROM_FRAGMENT] FromElement: 'blood_bank bloodbank0_' FromElement{explicit,not a collection join,not a fetch join,fetch non-lazy properties,classAlias=generatedAlias0,role=null,tableName=blood_bank,tableAlias=bloodbank0_,origin=null,columns={,className=bloodbank.entity.BloodBank}}

2021-11-19T10:24:07,132|[DEBUG] ErrorTracker - throwQueryException() : no errors
2021-11-19T10:24:07,132|[DEBUG] QueryTranslatorImpl - HQL: select count(generatedAlias0) from bloodbank.entity.BloodBank as generatedAlias0
2021-11-19T10:24:07,132|[DEBUG] QueryTranslatorImpl - SQL: select count(bloodbank0_.bank_id) as col_0_0_ from blood_bank bloodbank0_
2021-11-19T10:24:07,132|[DEBUG] ErrorTracker - throwQueryException() : no errors
2021-11-19T10:24:07,132|[TRACE] QueryPlanCache - Located HQL query plan in cache (select count(generatedAlias0) from BloodBank as generatedAlias0)
2021-11-19T10:24:07,132|[TRACE] QueryPlanCache - Located HQL query plan in cache (select count(generatedAlias0) from BloodBank as generatedAlias0)
2021-11-19T10:24:07,132|[TRACE] HQLQueryPlan - Find: select count(generatedAlias0) from BloodBank as generatedAlias0
2021-11-19T10:24:07,132|[TRACE] QueryParameters - Named parameters: {}
2021-11-19T10:24:07,132|[DEBUG] SQL - 
    /* select
        count(generatedAlias0) 
    from
        BloodBank as generatedAlias0 */ select
            count(bloodbank0_.bank_id) as col_0_0_ 
        from
            blood_bank bloodbank0_
2021-11-19T10:24:07,132|[TRACE] ResourceRegistryStandardImpl - Registering statement [com.mysql.cj.jdbc.ClientPreparedStatement: /* select count(generatedAlias0) from BloodBank as generatedAlias0 */ select count(bloodbank0_.bank_id) as col_0_0_ from blood_bank bloodbank0_]
2021-11-19T10:24:07,132|[TRACE] JdbcCoordinatorImpl - Registering last query statement [com.mysql.cj.jdbc.ClientPreparedStatement: /* select count(generatedAlias0) from BloodBank as generatedAlias0 */ select count(bloodbank0_.bank_id) as col_0_0_ from blood_bank bloodbank0_]
2021-11-19T10:24:07,133|[TRACE] Loader - Bound [1] parameters total
2021-11-19T10:24:07,133|[TRACE] ResourceRegistryStandardImpl - Registering result set [com.mysql.cj.jdbc.result.ResultSetImpl@308d8de8]
2021-11-19T10:24:07,133|[TRACE] Loader - Processing result set
2021-11-19T10:24:07,133|[DEBUG] Loader - Result set row: 0
2021-11-19T10:24:07,133|[DEBUG] Loader - Result row: 
2021-11-19T10:24:07,133|[TRACE] BasicExtractor - extracted value ([col_0_0_] : [BIGINT]) - [0]
2021-11-19T10:24:07,133|[TRACE] Loader - Done processing result set (1 rows)
2021-11-19T10:24:07,133|[TRACE] ResourceRegistryStandardImpl - Releasing statement [com.mysql.cj.jdbc.ClientPreparedStatement: /* select count(generatedAlias0) from BloodBank as generatedAlias0 */ select count(bloodbank0_.bank_id) as col_0_0_ from blood_bank bloodbank0_]
2021-11-19T10:24:07,133|[TRACE] ResourceRegistryStandardImpl - Closing result set [com.mysql.cj.jdbc.result.ResultSetImpl@308d8de8]
2021-11-19T10:24:07,133|[TRACE] ResourceRegistryStandardImpl - Closing prepared statement [com.mysql.cj.jdbc.ClientPreparedStatement: /* select count(generatedAlias0) from BloodBank as generatedAlias0 */ select count(bloodbank0_.bank_id) as col_0_0_ from blood_bank bloodbank0_]
2021-11-19T10:24:07,133|[TRACE] JdbcCoordinatorImpl - Starting after statement execution processing [AFTER_TRANSACTION]
2021-11-19T10:24:07,133|[TRACE] StatefulPersistenceContext - Initializing non-lazy collections
2021-11-19T10:24:07,133|[TRACE] AbstractLogicalConnectionImplementor - LogicalConnection#afterTransaction
2021-11-19T10:24:07,133|[TRACE] ResourceRegistryStandardImpl - Releasing JDBC resources
2021-11-19T10:24:07,133|[DEBUG] LogicalConnectionManagedImpl - Initiating JDBC connection release from afterTransaction
2021-11-19T10:24:07,134|[TRACE] ResourceRegistryStandardImpl - Releasing JDBC resources
2021-11-19T10:24:07,134|[TRACE] SessionImpl - Closing session [0a3bb078-449f-4914-bd43-2c6b24ed0772]
2021-11-19T10:24:07,134|[TRACE] JdbcCoordinatorImpl - Closing JDBC container [org.hibernate.engine.jdbc.internal.JdbcCoordinatorImpl@7c08461b]
2021-11-19T10:24:07,134|[TRACE] ResourceRegistryStandardImpl - Releasing JDBC resources
2021-11-19T10:24:07,134|[TRACE] LogicalConnectionManagedImpl - Closing logical connection
2021-11-19T10:24:07,134|[TRACE] LogicalConnectionManagedImpl - Logical connection closed
]]></system-out>
  </testcase>
  <testcase name="testCreate" classname="bloodbank.entity.TestCRUDPublicBloodBank" time="0.02">
    <system-out><![CDATA[2021-11-19T10:24:07,135|[TRACE] SessionFactoryImpl$SessionBuilderImpl - Opening Hibernate Session.  tenant=null
2021-11-19T10:24:07,135|[TRACE] SessionImpl - Opened Session [402e77c9-f57a-4f0b-ba59-c569dd104c41] at timestamp: 1637335447135
2021-11-19T10:24:07,135|[DEBUG] TransactionImpl - On TransactionImpl creation, JpaCompliance#isJpaTransactionComplianceEnabled == false
2021-11-19T10:24:07,135|[DEBUG] TransactionImpl - begin
2021-11-19T10:24:07,135|[TRACE] AbstractLogicalConnectionImplementor - Preparing to begin transaction via JDBC Connection.setAutoCommit(false)
2021-11-19T10:24:07,135|[TRACE] AbstractLogicalConnectionImplementor - Transaction begun via JDBC Connection.setAutoCommit(false)
2021-11-19T10:24:07,136|[TRACE] JdbcResourceLocalTransactionCoordinatorImpl - ResourceLocalTransactionCoordinatorImpl#afterBeginCallback
2021-11-19T10:24:07,136|[TRACE] VersionValue - Version unsaved-value strategy UNDEFINED
2021-11-19T10:24:07,136|[TRACE] IdentifierValue - ID unsaved-value: 0
2021-11-19T10:24:07,136|[TRACE] EntityState - Transient instance of: bloodbank.entity.Person
2021-11-19T10:24:07,136|[TRACE] DefaultPersistEventListener - Saving transient instance
2021-11-19T10:24:07,136|[TRACE] AbstractSaveEventListener - Saving [bloodbank.entity.Person#<null>]
2021-11-19T10:24:07,136|[TRACE] Cascade - Processing cascade ACTION_PERSIST for: bloodbank.entity.Person
2021-11-19T10:24:07,136|[TRACE] Cascade - Done processing cascade ACTION_PERSIST for: bloodbank.entity.Person
2021-11-19T10:24:07,136|[TRACE] Versioning - Using initial version: 0
2021-11-19T10:24:07,136|[TRACE] WrapVisitor - Wrapped collection in role: bloodbank.entity.Person.contacts
2021-11-19T10:24:07,136|[TRACE] WrapVisitor - Wrapped collection in role: bloodbank.entity.Person.donations
2021-11-19T10:24:07,136|[TRACE] ActionQueue - Adding an EntityIdentityInsertAction for [bloodbank.entity.Person] object
2021-11-19T10:24:07,136|[TRACE] ActionQueue - Executing inserts before finding non-nullable transient entities for early insert: [EntityIdentityInsertAction[bloodbank.entity.Person#<null>]]
2021-11-19T10:24:07,136|[TRACE] ActionQueue - Adding insert with no non-nullable, transient entities: [EntityIdentityInsertAction[bloodbank.entity.Person#<null>]]
2021-11-19T10:24:07,136|[TRACE] ActionQueue - Executing insertions before resolved early-insert
2021-11-19T10:24:07,136|[DEBUG] ActionQueue - Executing identity-insert immediately
2021-11-19T10:24:07,136|[TRACE] AbstractEntityPersister - Inserting entity: bloodbank.entity.Person (native id)
2021-11-19T10:24:07,136|[TRACE] AbstractEntityPersister - Version: 0
2021-11-19T10:24:07,136|[DEBUG] SQL - 
    /* insert bloodbank.entity.Person
        */ insert 
        into
            person
            (created, updated, version, first_name, last_name) 
        values
            (?, ?, ?, ?, ?)
2021-11-19T10:24:07,136|[TRACE] ResourceRegistryStandardImpl - Registering statement [com.mysql.cj.jdbc.ClientPreparedStatement: /* insert bloodbank.entity.Person */ insert into person (created, updated, version, first_name, last_name) values (** NOT SPECIFIED **, ** NOT SPECIFIED **, ** NOT SPECIFIED **, ** NOT SPECIFIED **, ** NOT SPECIFIED **)]
2021-11-19T10:24:07,136|[TRACE] AbstractEntityPersister - Dehydrating entity: [bloodbank.entity.Person#<null>]
2021-11-19T10:24:07,136|[TRACE] BasicBinder - binding parameter [1] as [BIGINT] - [1637335447136]
2021-11-19T10:24:07,136|[TRACE] BasicBinder - binding parameter [2] as [BIGINT] - [1637335447136]
2021-11-19T10:24:07,136|[TRACE] BasicBinder - binding parameter [3] as [INTEGER] - [0]
2021-11-19T10:24:07,136|[TRACE] BasicBinder - binding parameter [4] as [VARCHAR] - [Simzhuo]
2021-11-19T10:24:07,136|[TRACE] BasicBinder - binding parameter [5] as [VARCHAR] - [Aho]
2021-11-19T10:24:07,137|[DEBUG] IdentifierGeneratorHelper - Natively generated identity: 1
2021-11-19T10:24:07,137|[TRACE] ResourceRegistryStandardImpl - Releasing result set [com.mysql.cj.jdbc.result.ResultSetImpl@7d816d32]
2021-11-19T10:24:07,137|[TRACE] ResourceRegistryStandardImpl - Closing result set [com.mysql.cj.jdbc.result.ResultSetImpl@7d816d32]
2021-11-19T10:24:07,137|[TRACE] ResourceRegistryStandardImpl - Releasing statement [com.mysql.cj.jdbc.ClientPreparedStatement: /* insert bloodbank.entity.Person */ insert into person (created, updated, version, first_name, last_name) values (1637335447136, 1637335447136, 0, 'Simzhuo', 'Aho')]
2021-11-19T10:24:07,137|[DEBUG] ResourceRegistryStandardImpl - HHH000387: ResultSet's statement was not registered
2021-11-19T10:24:07,137|[TRACE] ResourceRegistryStandardImpl - Closing prepared statement [com.mysql.cj.jdbc.ClientPreparedStatement: /* insert bloodbank.entity.Person */ insert into person (created, updated, version, first_name, last_name) values (1637335447136, 1637335447136, 0, 'Simzhuo', 'Aho')]
2021-11-19T10:24:07,137|[TRACE] JdbcCoordinatorImpl - Starting after statement execution processing [AFTER_TRANSACTION]
2021-11-19T10:24:07,137|[TRACE] Cascade - Processing cascade ACTION_PERSIST for: bloodbank.entity.Person
2021-11-19T10:24:07,137|[TRACE] Cascade - Cascade ACTION_PERSIST for collection: bloodbank.entity.Person.contacts
2021-11-19T10:24:07,137|[TRACE] Cascade - Done cascade ACTION_PERSIST for collection: bloodbank.entity.Person.contacts
2021-11-19T10:24:07,137|[TRACE] Cascade - Cascade ACTION_PERSIST for collection: bloodbank.entity.Person.donations
2021-11-19T10:24:07,137|[TRACE] Cascade - Done cascade ACTION_PERSIST for collection: bloodbank.entity.Person.donations
2021-11-19T10:24:07,137|[TRACE] Cascade - Done processing cascade ACTION_PERSIST for: bloodbank.entity.Person
2021-11-19T10:24:07,138|[TRACE] VersionValue - Version unsaved-value strategy UNDEFINED
2021-11-19T10:24:07,138|[TRACE] IdentifierValue - ID unsaved-value: 0
2021-11-19T10:24:07,138|[TRACE] EntityState - Transient instance of: bloodbank.entity.DonationRecord
2021-11-19T10:24:07,138|[TRACE] DefaultPersistEventListener - Saving transient instance
2021-11-19T10:24:07,138|[TRACE] AbstractSaveEventListener - Saving [bloodbank.entity.DonationRecord#<null>]
2021-11-19T10:24:07,138|[TRACE] Cascade - Processing cascade ACTION_PERSIST for: bloodbank.entity.DonationRecord
2021-11-19T10:24:07,138|[TRACE] CascadingAction - Cascading to persist: bloodbank.entity.BloodDonation
2021-11-19T10:24:07,138|[TRACE] VersionValue - Version unsaved-value strategy UNDEFINED
2021-11-19T10:24:07,138|[TRACE] IdentifierValue - ID unsaved-value: 0
2021-11-19T10:24:07,138|[TRACE] EntityState - Transient instance of: bloodbank.entity.BloodDonation
2021-11-19T10:24:07,138|[TRACE] DefaultPersistEventListener - Saving transient instance
2021-11-19T10:24:07,138|[TRACE] AbstractSaveEventListener - Saving [bloodbank.entity.BloodDonation#<null>]
2021-11-19T10:24:07,138|[TRACE] Cascade - Processing cascade ACTION_PERSIST for: bloodbank.entity.BloodDonation
2021-11-19T10:24:07,138|[TRACE] CascadingAction - Cascading to persist: bloodbank.entity.BloodBank
2021-11-19T10:24:07,138|[TRACE] VersionValue - Version unsaved-value strategy UNDEFINED
2021-11-19T10:24:07,138|[TRACE] IdentifierValue - ID unsaved-value: 0
2021-11-19T10:24:07,138|[TRACE] EntityState - Transient instance of: bloodbank.entity.BloodBank
2021-11-19T10:24:07,138|[TRACE] DefaultPersistEventListener - Saving transient instance
2021-11-19T10:24:07,138|[TRACE] AbstractSaveEventListener - Saving [bloodbank.entity.PublicBloodBank#<null>]
2021-11-19T10:24:07,138|[TRACE] Cascade - Processing cascade ACTION_PERSIST for: bloodbank.entity.PublicBloodBank
2021-11-19T10:24:07,138|[TRACE] Cascade - Done processing cascade ACTION_PERSIST for: bloodbank.entity.PublicBloodBank
2021-11-19T10:24:07,138|[TRACE] Versioning - Using initial version: 0
2021-11-19T10:24:07,138|[TRACE] WrapVisitor - Wrapped collection in role: bloodbank.entity.BloodBank.donations
2021-11-19T10:24:07,138|[TRACE] ActionQueue - Adding an EntityIdentityInsertAction for [bloodbank.entity.PublicBloodBank] object
2021-11-19T10:24:07,138|[TRACE] ActionQueue - Executing inserts before finding non-nullable transient entities for early insert: [EntityIdentityInsertAction[bloodbank.entity.PublicBloodBank#<null>]]
2021-11-19T10:24:07,138|[TRACE] ActionQueue - Adding insert with no non-nullable, transient entities: [EntityIdentityInsertAction[bloodbank.entity.PublicBloodBank#<null>]]
2021-11-19T10:24:07,138|[TRACE] ActionQueue - Executing insertions before resolved early-insert
2021-11-19T10:24:07,138|[DEBUG] ActionQueue - Executing identity-insert immediately
2021-11-19T10:24:07,138|[TRACE] AbstractEntityPersister - Inserting entity: bloodbank.entity.PublicBloodBank (native id)
2021-11-19T10:24:07,138|[TRACE] AbstractEntityPersister - Version: 0
2021-11-19T10:24:07,138|[DEBUG] SQL - 
    /* insert bloodbank.entity.PublicBloodBank
        */ insert 
        into
            blood_bank
            (created, updated, version, name, privately_owned) 
        values
            (?, ?, ?, ?, 0)
2021-11-19T10:24:07,138|[TRACE] ResourceRegistryStandardImpl - Registering statement [com.mysql.cj.jdbc.ClientPreparedStatement: /* insert bloodbank.entity.PublicBloodBank */ insert into blood_bank (created, updated, version, name, privately_owned) values (** NOT SPECIFIED **, ** NOT SPECIFIED **, ** NOT SPECIFIED **, ** NOT SPECIFIED **, 0)]
2021-11-19T10:24:07,138|[TRACE] AbstractEntityPersister - Dehydrating entity: [bloodbank.entity.PublicBloodBank#<null>]
2021-11-19T10:24:07,138|[TRACE] BasicBinder - binding parameter [1] as [BIGINT] - [1637335447138]
2021-11-19T10:24:07,138|[TRACE] BasicBinder - binding parameter [2] as [BIGINT] - [1637335447138]
2021-11-19T10:24:07,138|[TRACE] BasicBinder - binding parameter [3] as [INTEGER] - [0]
2021-11-19T10:24:07,138|[TRACE] BasicBinder - binding parameter [4] as [VARCHAR] - [Simzhuo Blood Bank]
2021-11-19T10:24:07,139|[DEBUG] IdentifierGeneratorHelper - Natively generated identity: 1
2021-11-19T10:24:07,139|[TRACE] ResourceRegistryStandardImpl - Releasing result set [com.mysql.cj.jdbc.result.ResultSetImpl@1e5921ec]
2021-11-19T10:24:07,139|[TRACE] ResourceRegistryStandardImpl - Closing result set [com.mysql.cj.jdbc.result.ResultSetImpl@1e5921ec]
2021-11-19T10:24:07,139|[TRACE] ResourceRegistryStandardImpl - Releasing statement [com.mysql.cj.jdbc.ClientPreparedStatement: /* insert bloodbank.entity.PublicBloodBank */ insert into blood_bank (created, updated, version, name, privately_owned) values (1637335447138, 1637335447138, 0, 'Simzhuo Blood Bank', 0)]
2021-11-19T10:24:07,139|[DEBUG] ResourceRegistryStandardImpl - HHH000387: ResultSet's statement was not registered
2021-11-19T10:24:07,139|[TRACE] ResourceRegistryStandardImpl - Closing prepared statement [com.mysql.cj.jdbc.ClientPreparedStatement: /* insert bloodbank.entity.PublicBloodBank */ insert into blood_bank (created, updated, version, name, privately_owned) values (1637335447138, 1637335447138, 0, 'Simzhuo Blood Bank', 0)]
2021-11-19T10:24:07,139|[TRACE] JdbcCoordinatorImpl - Starting after statement execution processing [AFTER_TRANSACTION]
2021-11-19T10:24:07,139|[TRACE] Cascade - Processing cascade ACTION_PERSIST for: bloodbank.entity.PublicBloodBank
2021-11-19T10:24:07,139|[TRACE] Cascade - Cascade ACTION_PERSIST for collection: bloodbank.entity.BloodBank.donations
2021-11-19T10:24:07,139|[TRACE] CascadingAction - Cascading to persist: bloodbank.entity.BloodDonation
2021-11-19T10:24:07,139|[TRACE] EntityState - Persistent instance of: bloodbank.entity.BloodDonation
2021-11-19T10:24:07,139|[TRACE] DefaultPersistEventListener - Ignoring persistent instance
2021-11-19T10:24:07,139|[TRACE] Cascade - Done cascade ACTION_PERSIST for collection: bloodbank.entity.BloodBank.donations
2021-11-19T10:24:07,139|[TRACE] Cascade - Done processing cascade ACTION_PERSIST for: bloodbank.entity.PublicBloodBank
2021-11-19T10:24:07,139|[TRACE] Cascade - Done processing cascade ACTION_PERSIST for: bloodbank.entity.BloodDonation
2021-11-19T10:24:07,139|[TRACE] Versioning - Using initial version: 0
2021-11-19T10:24:07,139|[TRACE] ActionQueue - Adding an EntityIdentityInsertAction for [bloodbank.entity.BloodDonation] object
2021-11-19T10:24:07,139|[TRACE] ActionQueue - Executing inserts before finding non-nullable transient entities for early insert: [EntityIdentityInsertAction[bloodbank.entity.BloodDonation#<null>]]
2021-11-19T10:24:07,140|[TRACE] ActionQueue - Adding insert with no non-nullable, transient entities: [EntityIdentityInsertAction[bloodbank.entity.BloodDonation#<null>]]
2021-11-19T10:24:07,140|[TRACE] ActionQueue - Executing insertions before resolved early-insert
2021-11-19T10:24:07,140|[DEBUG] ActionQueue - Executing identity-insert immediately
2021-11-19T10:24:07,140|[TRACE] AbstractEntityPersister - Inserting entity: bloodbank.entity.BloodDonation (native id)
2021-11-19T10:24:07,140|[TRACE] AbstractEntityPersister - Version: 0
2021-11-19T10:24:07,140|[DEBUG] SQL - 
    /* insert bloodbank.entity.BloodDonation
        */ insert 
        into
            blood_donation
            (created, updated, version, bank_id, blood_group, rhd, milliliters) 
        values
            (?, ?, ?, ?, ?, ?, ?)
2021-11-19T10:24:07,140|[TRACE] ResourceRegistryStandardImpl - Registering statement [com.mysql.cj.jdbc.ClientPreparedStatement: /* insert bloodbank.entity.BloodDonation */ insert into blood_donation (created, updated, version, bank_id, blood_group, rhd, milliliters) values (** NOT SPECIFIED **, ** NOT SPECIFIED **, ** NOT SPECIFIED **, ** NOT SPECIFIED **, ** NOT SPECIFIED **, ** NOT SPECIFIED **, ** NOT SPECIFIED **)]
2021-11-19T10:24:07,140|[TRACE] AbstractEntityPersister - Dehydrating entity: [bloodbank.entity.BloodDonation#<null>]
2021-11-19T10:24:07,140|[TRACE] BasicBinder - binding parameter [1] as [BIGINT] - [1637335447138]
2021-11-19T10:24:07,140|[TRACE] BasicBinder - binding parameter [2] as [BIGINT] - [1637335447138]
2021-11-19T10:24:07,140|[TRACE] BasicBinder - binding parameter [3] as [INTEGER] - [0]
2021-11-19T10:24:07,140|[TRACE] BasicBinder - binding parameter [4] as [INTEGER] - [1]
2021-11-19T10:24:07,140|[TRACE] BasicBinder - binding parameter [5] as [VARCHAR] - [AB]
2021-11-19T10:24:07,140|[TRACE] BasicBinder - binding parameter [6] as [TINYINT] - [1]
2021-11-19T10:24:07,140|[TRACE] BasicBinder - binding parameter [7] as [INTEGER] - [5]
2021-11-19T10:24:07,141|[DEBUG] IdentifierGeneratorHelper - Natively generated identity: 1
2021-11-19T10:24:07,141|[TRACE] ResourceRegistryStandardImpl - Releasing result set [com.mysql.cj.jdbc.result.ResultSetImpl@4f70b659]
2021-11-19T10:24:07,141|[TRACE] ResourceRegistryStandardImpl - Closing result set [com.mysql.cj.jdbc.result.ResultSetImpl@4f70b659]
2021-11-19T10:24:07,141|[TRACE] ResourceRegistryStandardImpl - Releasing statement [com.mysql.cj.jdbc.ClientPreparedStatement: /* insert bloodbank.entity.BloodDonation */ insert into blood_donation (created, updated, version, bank_id, blood_group, rhd, milliliters) values (1637335447138, 1637335447138, 0, 1, 'AB', 1, 5)]
2021-11-19T10:24:07,141|[DEBUG] ResourceRegistryStandardImpl - HHH000387: ResultSet's statement was not registered
2021-11-19T10:24:07,141|[TRACE] ResourceRegistryStandardImpl - Closing prepared statement [com.mysql.cj.jdbc.ClientPreparedStatement: /* insert bloodbank.entity.BloodDonation */ insert into blood_donation (created, updated, version, bank_id, blood_group, rhd, milliliters) values (1637335447138, 1637335447138, 0, 1, 'AB', 1, 5)]
2021-11-19T10:24:07,141|[TRACE] JdbcCoordinatorImpl - Starting after statement execution processing [AFTER_TRANSACTION]
2021-11-19T10:24:07,141|[TRACE] Cascade - Processing cascade ACTION_PERSIST for: bloodbank.entity.BloodDonation
2021-11-19T10:24:07,141|[TRACE] Cascade - Done processing cascade ACTION_PERSIST for: bloodbank.entity.BloodDonation
2021-11-19T10:24:07,141|[TRACE] Cascade - Done processing cascade ACTION_PERSIST for: bloodbank.entity.DonationRecord
2021-11-19T10:24:07,141|[TRACE] Versioning - Using initial version: 0
2021-11-19T10:24:07,141|[TRACE] ActionQueue - Adding an EntityIdentityInsertAction for [bloodbank.entity.DonationRecord] object
2021-11-19T10:24:07,141|[TRACE] ActionQueue - Executing inserts before finding non-nullable transient entities for early insert: [EntityIdentityInsertAction[bloodbank.entity.DonationRecord#<null>]]
2021-11-19T10:24:07,141|[TRACE] ActionQueue - Adding insert with no non-nullable, transient entities: [EntityIdentityInsertAction[bloodbank.entity.DonationRecord#<null>]]
2021-11-19T10:24:07,141|[TRACE] ActionQueue - Executing insertions before resolved early-insert
2021-11-19T10:24:07,141|[DEBUG] ActionQueue - Executing identity-insert immediately
2021-11-19T10:24:07,141|[TRACE] AbstractEntityPersister - Inserting entity: bloodbank.entity.DonationRecord (native id)
2021-11-19T10:24:07,141|[TRACE] AbstractEntityPersister - Version: 0
2021-11-19T10:24:07,142|[DEBUG] SQL - 
    /* insert bloodbank.entity.DonationRecord
        */ insert 
        into
            donation_record
            (created, updated, version, donation_id, person_id, tested) 
        values
            (?, ?, ?, ?, ?, ?)
2021-11-19T10:24:07,142|[TRACE] ResourceRegistryStandardImpl - Registering statement [com.mysql.cj.jdbc.ClientPreparedStatement: /* insert bloodbank.entity.DonationRecord */ insert into donation_record (created, updated, version, donation_id, person_id, tested) values (** NOT SPECIFIED **, ** NOT SPECIFIED **, ** NOT SPECIFIED **, ** NOT SPECIFIED **, ** NOT SPECIFIED **, ** NOT SPECIFIED **)]
2021-11-19T10:24:07,142|[TRACE] AbstractEntityPersister - Dehydrating entity: [bloodbank.entity.DonationRecord#<null>]
2021-11-19T10:24:07,142|[TRACE] BasicBinder - binding parameter [1] as [BIGINT] - [1637335447138]
2021-11-19T10:24:07,142|[TRACE] BasicBinder - binding parameter [2] as [BIGINT] - [1637335447138]
2021-11-19T10:24:07,142|[TRACE] BasicBinder - binding parameter [3] as [INTEGER] - [0]
2021-11-19T10:24:07,142|[TRACE] BasicBinder - binding parameter [4] as [INTEGER] - [1]
2021-11-19T10:24:07,142|[TRACE] BasicBinder - binding parameter [5] as [INTEGER] - [1]
2021-11-19T10:24:07,142|[TRACE] BasicBinder - binding parameter [6] as [TINYINT] - [0]
2021-11-19T10:24:07,144|[DEBUG] IdentifierGeneratorHelper - Natively generated identity: 1
2021-11-19T10:24:07,144|[TRACE] ResourceRegistryStandardImpl - Releasing result set [com.mysql.cj.jdbc.result.ResultSetImpl@304933cb]
2021-11-19T10:24:07,144|[TRACE] ResourceRegistryStandardImpl - Closing result set [com.mysql.cj.jdbc.result.ResultSetImpl@304933cb]
2021-11-19T10:24:07,144|[TRACE] ResourceRegistryStandardImpl - Releasing statement [com.mysql.cj.jdbc.ClientPreparedStatement: /* insert bloodbank.entity.DonationRecord */ insert into donation_record (created, updated, version, donation_id, person_id, tested) values (1637335447138, 1637335447138, 0, 1, 1, 0)]
2021-11-19T10:24:07,144|[DEBUG] ResourceRegistryStandardImpl - HHH000387: ResultSet's statement was not registered
2021-11-19T10:24:07,144|[TRACE] ResourceRegistryStandardImpl - Closing prepared statement [com.mysql.cj.jdbc.ClientPreparedStatement: /* insert bloodbank.entity.DonationRecord */ insert into donation_record (created, updated, version, donation_id, person_id, tested) values (1637335447138, 1637335447138, 0, 1, 1, 0)]
2021-11-19T10:24:07,144|[TRACE] JdbcCoordinatorImpl - Starting after statement execution processing [AFTER_TRANSACTION]
2021-11-19T10:24:07,144|[TRACE] Cascade - Processing cascade ACTION_PERSIST for: bloodbank.entity.DonationRecord
2021-11-19T10:24:07,144|[TRACE] Cascade - Done processing cascade ACTION_PERSIST for: bloodbank.entity.DonationRecord
2021-11-19T10:24:07,144|[TRACE] EntityState - Persistent instance of: bloodbank.entity.PublicBloodBank
2021-11-19T10:24:07,144|[TRACE] DefaultPersistEventListener - Ignoring persistent instance
2021-11-19T10:24:07,144|[TRACE] Cascade - Processing cascade ACTION_PERSIST for: bloodbank.entity.PublicBloodBank
2021-11-19T10:24:07,144|[TRACE] Cascade - Done processing cascade ACTION_PERSIST for: bloodbank.entity.PublicBloodBank
2021-11-19T10:24:07,144|[TRACE] Cascade - Processing cascade ACTION_PERSIST for: bloodbank.entity.PublicBloodBank
2021-11-19T10:24:07,144|[TRACE] Cascade - Cascade ACTION_PERSIST for collection: bloodbank.entity.BloodBank.donations
2021-11-19T10:24:07,144|[TRACE] CascadingAction - Cascading to persist: bloodbank.entity.BloodDonation
2021-11-19T10:24:07,144|[TRACE] EntityState - Persistent instance of: bloodbank.entity.BloodDonation
2021-11-19T10:24:07,144|[TRACE] DefaultPersistEventListener - Ignoring persistent instance
2021-11-19T10:24:07,144|[TRACE] Cascade - Processing cascade ACTION_PERSIST for: bloodbank.entity.BloodDonation
2021-11-19T10:24:07,144|[TRACE] CascadingAction - Cascading to persist: bloodbank.entity.BloodBank
2021-11-19T10:24:07,144|[TRACE] EntityState - Persistent instance of: bloodbank.entity.BloodBank
2021-11-19T10:24:07,144|[TRACE] DefaultPersistEventListener - Ignoring persistent instance
2021-11-19T10:24:07,144|[TRACE] Cascade - Done processing cascade ACTION_PERSIST for: bloodbank.entity.BloodDonation
2021-11-19T10:24:07,144|[TRACE] Cascade - Processing cascade ACTION_PERSIST for: bloodbank.entity.BloodDonation
2021-11-19T10:24:07,144|[TRACE] Cascade - Done processing cascade ACTION_PERSIST for: bloodbank.entity.BloodDonation
2021-11-19T10:24:07,144|[TRACE] Cascade - Done cascade ACTION_PERSIST for collection: bloodbank.entity.BloodBank.donations
2021-11-19T10:24:07,144|[TRACE] Cascade - Done processing cascade ACTION_PERSIST for: bloodbank.entity.PublicBloodBank
2021-11-19T10:24:07,144|[DEBUG] TransactionImpl - committing
2021-11-19T10:24:07,144|[TRACE] JdbcResourceLocalTransactionCoordinatorImpl - ResourceLocalTransactionCoordinatorImpl#beforeCompletionCallback
2021-11-19T10:24:07,144|[TRACE] SessionImpl - SessionImpl#beforeTransactionCompletion()
2021-11-19T10:24:07,144|[TRACE] SessionImpl - Automatically flushing session
2021-11-19T10:24:07,144|[TRACE] AbstractFlushingEventListener - Flushing session
2021-11-19T10:24:07,144|[DEBUG] AbstractFlushingEventListener - Processing flush-time cascades
2021-11-19T10:24:07,144|[TRACE] Cascade - Processing cascade ACTION_PERSIST_ON_FLUSH for: bloodbank.entity.Person
2021-11-19T10:24:07,144|[TRACE] Cascade - Cascade ACTION_PERSIST_ON_FLUSH for collection: bloodbank.entity.Person.contacts
2021-11-19T10:24:07,144|[TRACE] Cascade - Done cascade ACTION_PERSIST_ON_FLUSH for collection: bloodbank.entity.Person.contacts
2021-11-19T10:24:07,144|[TRACE] Cascade - Cascade ACTION_PERSIST_ON_FLUSH for collection: bloodbank.entity.Person.donations
2021-11-19T10:24:07,144|[TRACE] Cascade - Done cascade ACTION_PERSIST_ON_FLUSH for collection: bloodbank.entity.Person.donations
2021-11-19T10:24:07,144|[TRACE] Cascade - Done processing cascade ACTION_PERSIST_ON_FLUSH for: bloodbank.entity.Person
2021-11-19T10:24:07,144|[TRACE] Cascade - Processing cascade ACTION_PERSIST_ON_FLUSH for: bloodbank.entity.DonationRecord
2021-11-19T10:24:07,144|[TRACE] CascadingAction - Cascading to persist on flush: bloodbank.entity.BloodDonation
2021-11-19T10:24:07,144|[TRACE] EntityState - Persistent instance of: bloodbank.entity.BloodDonation
2021-11-19T10:24:07,144|[TRACE] DefaultPersistEventListener - Ignoring persistent instance
2021-11-19T10:24:07,144|[TRACE] Cascade - Processing cascade ACTION_PERSIST_ON_FLUSH for: bloodbank.entity.BloodDonation
2021-11-19T10:24:07,144|[TRACE] CascadingAction - Cascading to persist on flush: bloodbank.entity.BloodBank
2021-11-19T10:24:07,145|[TRACE] EntityState - Persistent instance of: bloodbank.entity.BloodBank
2021-11-19T10:24:07,145|[TRACE] DefaultPersistEventListener - Ignoring persistent instance
2021-11-19T10:24:07,145|[TRACE] Cascade - Processing cascade ACTION_PERSIST_ON_FLUSH for: bloodbank.entity.PublicBloodBank
2021-11-19T10:24:07,145|[TRACE] Cascade - Done processing cascade ACTION_PERSIST_ON_FLUSH for: bloodbank.entity.PublicBloodBank
2021-11-19T10:24:07,145|[TRACE] Cascade - Processing cascade ACTION_PERSIST_ON_FLUSH for: bloodbank.entity.PublicBloodBank
2021-11-19T10:24:07,145|[TRACE] Cascade - Cascade ACTION_PERSIST_ON_FLUSH for collection: bloodbank.entity.BloodBank.donations
2021-11-19T10:24:07,145|[TRACE] CascadingAction - Cascading to persist on flush: bloodbank.entity.BloodDonation
2021-11-19T10:24:07,145|[TRACE] EntityState - Persistent instance of: bloodbank.entity.BloodDonation
2021-11-19T10:24:07,145|[TRACE] DefaultPersistEventListener - Ignoring persistent instance
2021-11-19T10:24:07,145|[TRACE] Cascade - Done cascade ACTION_PERSIST_ON_FLUSH for collection: bloodbank.entity.BloodBank.donations
2021-11-19T10:24:07,145|[TRACE] Cascade - Done processing cascade ACTION_PERSIST_ON_FLUSH for: bloodbank.entity.PublicBloodBank
2021-11-19T10:24:07,145|[TRACE] Cascade - Done processing cascade ACTION_PERSIST_ON_FLUSH for: bloodbank.entity.BloodDonation
2021-11-19T10:24:07,145|[TRACE] Cascade - Processing cascade ACTION_PERSIST_ON_FLUSH for: bloodbank.entity.BloodDonation
2021-11-19T10:24:07,145|[TRACE] Cascade - Done processing cascade ACTION_PERSIST_ON_FLUSH for: bloodbank.entity.BloodDonation
2021-11-19T10:24:07,145|[TRACE] Cascade - Done processing cascade ACTION_PERSIST_ON_FLUSH for: bloodbank.entity.DonationRecord
2021-11-19T10:24:07,145|[TRACE] Cascade - Processing cascade ACTION_PERSIST_ON_FLUSH for: bloodbank.entity.BloodDonation
2021-11-19T10:24:07,145|[TRACE] CascadingAction - Cascading to persist on flush: bloodbank.entity.BloodBank
2021-11-19T10:24:07,145|[TRACE] EntityState - Persistent instance of: bloodbank.entity.BloodBank
2021-11-19T10:24:07,145|[TRACE] DefaultPersistEventListener - Ignoring persistent instance
2021-11-19T10:24:07,145|[TRACE] Cascade - Done processing cascade ACTION_PERSIST_ON_FLUSH for: bloodbank.entity.BloodDonation
2021-11-19T10:24:07,145|[TRACE] Cascade - Processing cascade ACTION_PERSIST_ON_FLUSH for: bloodbank.entity.PublicBloodBank
2021-11-19T10:24:07,145|[TRACE] Cascade - Cascade ACTION_PERSIST_ON_FLUSH for collection: bloodbank.entity.BloodBank.donations
2021-11-19T10:24:07,145|[TRACE] CascadingAction - Cascading to persist on flush: bloodbank.entity.BloodDonation
2021-11-19T10:24:07,145|[TRACE] EntityState - Persistent instance of: bloodbank.entity.BloodDonation
2021-11-19T10:24:07,145|[TRACE] DefaultPersistEventListener - Ignoring persistent instance
2021-11-19T10:24:07,145|[TRACE] Cascade - Done cascade ACTION_PERSIST_ON_FLUSH for collection: bloodbank.entity.BloodBank.donations
2021-11-19T10:24:07,145|[TRACE] Cascade - Done processing cascade ACTION_PERSIST_ON_FLUSH for: bloodbank.entity.PublicBloodBank
2021-11-19T10:24:07,145|[DEBUG] AbstractFlushingEventListener - Dirty checking collections
2021-11-19T10:24:07,145|[TRACE] AbstractFlushingEventListener - Flushing entities and processing referenced collections
2021-11-19T10:24:07,145|[DEBUG] Collections - Collection found: [bloodbank.entity.Person.contacts#1], was: [<unreferenced>] (initialized)
2021-11-19T10:24:07,145|[DEBUG] Collections - Collection found: [bloodbank.entity.Person.donations#1], was: [<unreferenced>] (initialized)
2021-11-19T10:24:07,145|[DEBUG] Collections - Collection found: [bloodbank.entity.BloodBank.donations#1], was: [<unreferenced>] (initialized)
2021-11-19T10:24:07,145|[TRACE] AbstractFlushingEventListener - Processing unreferenced collections
2021-11-19T10:24:07,145|[TRACE] AbstractFlushingEventListener - Scheduling collection removes/(re)creates/updates
2021-11-19T10:24:07,145|[DEBUG] AbstractFlushingEventListener - Flushed: 0 insertions, 0 updates, 0 deletions to 4 objects
2021-11-19T10:24:07,145|[DEBUG] AbstractFlushingEventListener - Flushed: 3 (re)creations, 0 updates, 0 removals to 3 collections
2021-11-19T10:24:07,145|[DEBUG] EntityPrinter - Listing entities:
2021-11-19T10:24:07,145|[DEBUG] EntityPrinter - bloodbank.entity.PublicBloodBank{donations=[bloodbank.entity.BloodDonation#1], name=Simzhuo Blood Bank, id=1, epochCreated=1637335447138, version=0, epochUpdated=1637335447138}
2021-11-19T10:24:07,145|[DEBUG] EntityPrinter - bloodbank.entity.BloodDonation{bank=bloodbank.entity.BloodBank#1, record=bloodbank.entity.DonationRecord#1, milliliters=5, id=1, epochCreated=1637335447138, bloodType=component[bloodGroup,rhd]{bloodGroup=AB, rhd=1}, version=0, epochUpdated=1637335447138}
2021-11-19T10:24:07,145|[DEBUG] EntityPrinter - bloodbank.entity.DonationRecord{owner=bloodbank.entity.Person#1, tested=0, donation=bloodbank.entity.BloodDonation#1, id=1, epochCreated=1637335447138, version=0, epochUpdated=1637335447138}
2021-11-19T10:24:07,145|[DEBUG] EntityPrinter - bloodbank.entity.Person{firstName=Simzhuo, lastName=Aho, donations=[], id=1, epochCreated=1637335447136, version=0, contacts=[], epochUpdated=1637335447136}
2021-11-19T10:24:07,145|[TRACE] AbstractFlushingEventListener - Executing flush
2021-11-19T10:24:07,145|[TRACE] JdbcCoordinatorImpl - Starting after statement execution processing [AFTER_TRANSACTION]
2021-11-19T10:24:07,145|[TRACE] AbstractFlushingEventListener - Post flush
2021-11-19T10:24:07,146|[TRACE] AbstractLogicalConnectionImplementor - LogicalConnection#beforeTransactionCompletion
2021-11-19T10:24:07,146|[TRACE] SynchronizationRegistryStandardImpl - SynchronizationRegistryStandardImpl.notifySynchronizationsBeforeTransactionCompletion
2021-11-19T10:24:07,146|[TRACE] AbstractLogicalConnectionImplementor - Preparing to commit transaction via JDBC Connection.commit()
2021-11-19T10:24:07,148|[TRACE] AbstractLogicalConnectionImplementor - Transaction committed via JDBC Connection.commit()
2021-11-19T10:24:07,148|[TRACE] AbstractLogicalConnectionImplementor - LogicalConnection#afterTransaction
2021-11-19T10:24:07,148|[TRACE] ResourceRegistryStandardImpl - Releasing JDBC resources
2021-11-19T10:24:07,148|[DEBUG] LogicalConnectionManagedImpl - Initiating JDBC connection release from afterTransaction
2021-11-19T10:24:07,148|[TRACE] ResourceRegistryStandardImpl - Releasing JDBC resources
2021-11-19T10:24:07,148|[TRACE] JdbcResourceLocalTransactionCoordinatorImpl - ResourceLocalTransactionCoordinatorImpl#afterCompletionCallback(true)
2021-11-19T10:24:07,149|[TRACE] SynchronizationRegistryStandardImpl - SynchronizationRegistryStandardImpl.notifySynchronizationsAfterTransactionCompletion(3)
2021-11-19T10:24:07,149|[TRACE] AbstractLogicalConnectionImplementor - LogicalConnection#afterTransaction
2021-11-19T10:24:07,149|[TRACE] ResourceRegistryStandardImpl - Releasing JDBC resources
2021-11-19T10:24:07,149|[DEBUG] LogicalConnectionManagedImpl - Initiating JDBC connection release from afterTransaction
2021-11-19T10:24:07,149|[TRACE] SessionImpl - SessionImpl#afterTransactionCompletion(successful=true, delayed=false)
2021-11-19T10:24:07,149|[DEBUG] CriteriaQueryImpl - Rendered criteria query -> select count(generatedAlias0) from BloodBank as generatedAlias0 where generatedAlias0.id=:id
2021-11-19T10:24:07,149|[TRACE] QueryPlanCache - Unable to locate HQL query plan in cache; generating (select count(generatedAlias0) from BloodBank as generatedAlias0 where generatedAlias0.id=:id)
2021-11-19T10:24:07,149|[DEBUG] QueryTranslatorImpl - parse() - HQL: select count(generatedAlias0) from bloodbank.entity.BloodBank as generatedAlias0 where generatedAlias0.id=:id
2021-11-19T10:24:07,149|[TRACE] HqlParser - -> statement
2021-11-19T10:24:07,149|[TRACE] HqlParser - ---> selectStatement
2021-11-19T10:24:07,149|[TRACE] HqlParser - -----> queryRule
2021-11-19T10:24:07,149|[TRACE] HqlParser - -------> selectFrom
2021-11-19T10:24:07,149|[TRACE] HqlParser - ---------> selectClause
2021-11-19T10:24:07,149|[TRACE] HqlParser - -----------> selectedPropertiesList
2021-11-19T10:24:07,149|[TRACE] HqlParser - -------------> aliasedExpression
2021-11-19T10:24:07,149|[TRACE] HqlParser - ---------------> expression
2021-11-19T10:24:07,149|[TRACE] HqlParser - -----------------> logicalOrExpression
2021-11-19T10:24:07,149|[TRACE] HqlParser - -------------------> logicalAndExpression
2021-11-19T10:24:07,149|[TRACE] HqlParser - ---------------------> negatedExpression
2021-11-19T10:24:07,149|[TRACE] HqlParser - -----------------------> equalityExpression
2021-11-19T10:24:07,149|[TRACE] HqlParser - -------------------------> relationalExpression
2021-11-19T10:24:07,149|[TRACE] HqlParser - ---------------------------> concatenation
2021-11-19T10:24:07,149|[TRACE] HqlParser - -----------------------------> additiveExpression
2021-11-19T10:24:07,149|[TRACE] HqlParser - -------------------------------> multiplyExpression
2021-11-19T10:24:07,149|[TRACE] HqlParser - ---------------------------------> unaryExpression
2021-11-19T10:24:07,149|[TRACE] HqlParser - -----------------------------------> atom
2021-11-19T10:24:07,149|[TRACE] HqlParser - -------------------------------------> primaryExpression
2021-11-19T10:24:07,149|[TRACE] HqlParser - ---------------------------------------> identPrimary
2021-11-19T10:24:07,149|[TRACE] HqlParser - -----------------------------------------> aggregate
2021-11-19T10:24:07,149|[TRACE] HqlParser - -------------------------------------------> path
2021-11-19T10:24:07,149|[TRACE] HqlParser - ---------------------------------------------> identifier
2021-11-19T10:24:07,149|[TRACE] HqlParser - <--------------------------------------------- identifier
2021-11-19T10:24:07,149|[TRACE] HqlParser - <------------------------------------------- path
2021-11-19T10:24:07,149|[TRACE] HqlParser - <----------------------------------------- aggregate
2021-11-19T10:24:07,149|[TRACE] HqlParser - <--------------------------------------- identPrimary
2021-11-19T10:24:07,149|[TRACE] HqlParser - <------------------------------------- primaryExpression
2021-11-19T10:24:07,149|[TRACE] HqlParser - <----------------------------------- atom
2021-11-19T10:24:07,149|[TRACE] HqlParser - <--------------------------------- unaryExpression
2021-11-19T10:24:07,149|[TRACE] HqlParser - <------------------------------- multiplyExpression
2021-11-19T10:24:07,149|[TRACE] HqlParser - <----------------------------- additiveExpression
2021-11-19T10:24:07,149|[TRACE] HqlParser - <--------------------------- concatenation
2021-11-19T10:24:07,149|[TRACE] HqlParser - <------------------------- relationalExpression
2021-11-19T10:24:07,149|[TRACE] HqlParser - <----------------------- equalityExpression
2021-11-19T10:24:07,149|[TRACE] HqlParser - <--------------------- negatedExpression
2021-11-19T10:24:07,149|[TRACE] HqlParser - <------------------- logicalAndExpression
2021-11-19T10:24:07,149|[TRACE] HqlParser - <----------------- logicalOrExpression
2021-11-19T10:24:07,149|[TRACE] HqlParser - <--------------- expression
2021-11-19T10:24:07,149|[TRACE] HqlParser - <------------- aliasedExpression
2021-11-19T10:24:07,149|[TRACE] HqlParser - <----------- selectedPropertiesList
2021-11-19T10:24:07,149|[TRACE] HqlParser - <--------- selectClause
2021-11-19T10:24:07,149|[TRACE] HqlParser - ---------> fromClause
2021-11-19T10:24:07,149|[TRACE] HqlParser - -----------> fromRange
2021-11-19T10:24:07,149|[TRACE] HqlParser - -------------> fromClassOrOuterQueryPath
2021-11-19T10:24:07,149|[TRACE] HqlParser - ---------------> path
2021-11-19T10:24:07,149|[TRACE] HqlParser - -----------------> identifier
2021-11-19T10:24:07,149|[TRACE] HqlParser - <----------------- identifier
2021-11-19T10:24:07,149|[TRACE] HqlParser - -----------------> identifier
2021-11-19T10:24:07,149|[TRACE] HqlParser - <----------------- identifier
2021-11-19T10:24:07,149|[TRACE] HqlParser - -----------------> identifier
2021-11-19T10:24:07,149|[TRACE] HqlParser - <----------------- identifier
2021-11-19T10:24:07,149|[TRACE] HqlParser - <--------------- path
2021-11-19T10:24:07,149|[TRACE] HqlParser - ---------------> asAlias
2021-11-19T10:24:07,149|[TRACE] HqlParser - -----------------> alias
2021-11-19T10:24:07,149|[TRACE] HqlParser - -------------------> identifier
2021-11-19T10:24:07,149|[TRACE] HqlParser - <------------------- identifier
2021-11-19T10:24:07,149|[TRACE] HqlParser - <----------------- alias
2021-11-19T10:24:07,149|[TRACE] HqlParser - <--------------- asAlias
2021-11-19T10:24:07,150|[TRACE] HqlParser - <------------- fromClassOrOuterQueryPath
2021-11-19T10:24:07,150|[TRACE] HqlParser - <----------- fromRange
2021-11-19T10:24:07,150|[TRACE] HqlParser - <--------- fromClause
2021-11-19T10:24:07,150|[TRACE] HqlParser - <------- selectFrom
2021-11-19T10:24:07,150|[TRACE] HqlParser - -------> whereClause
2021-11-19T10:24:07,150|[TRACE] HqlParser - ---------> logicalExpression
2021-11-19T10:24:07,150|[TRACE] HqlParser - -----------> expression
2021-11-19T10:24:07,150|[TRACE] HqlParser - -------------> logicalOrExpression
2021-11-19T10:24:07,150|[TRACE] HqlParser - ---------------> logicalAndExpression
2021-11-19T10:24:07,150|[TRACE] HqlParser - -----------------> negatedExpression
2021-11-19T10:24:07,150|[TRACE] HqlParser - -------------------> equalityExpression
2021-11-19T10:24:07,150|[TRACE] HqlParser - ---------------------> relationalExpression
2021-11-19T10:24:07,150|[TRACE] HqlParser - -----------------------> concatenation
2021-11-19T10:24:07,150|[TRACE] HqlParser - -------------------------> additiveExpression
2021-11-19T10:24:07,150|[TRACE] HqlParser - ---------------------------> multiplyExpression
2021-11-19T10:24:07,150|[TRACE] HqlParser - -----------------------------> unaryExpression
2021-11-19T10:24:07,150|[TRACE] HqlParser - -------------------------------> atom
2021-11-19T10:24:07,150|[TRACE] HqlParser - ---------------------------------> primaryExpression
2021-11-19T10:24:07,150|[TRACE] HqlParser - -----------------------------------> identPrimary
2021-11-19T10:24:07,150|[TRACE] HqlParser - -------------------------------------> identPrimaryBase
2021-11-19T10:24:07,150|[TRACE] HqlParser - ---------------------------------------> identifier
2021-11-19T10:24:07,150|[TRACE] HqlParser - <--------------------------------------- identifier
2021-11-19T10:24:07,150|[TRACE] HqlParser - <------------------------------------- identPrimaryBase
2021-11-19T10:24:07,150|[TRACE] HqlParser - -------------------------------------> identifier
2021-11-19T10:24:07,150|[TRACE] HqlParser - <------------------------------------- identifier
2021-11-19T10:24:07,150|[TRACE] HqlParser - <----------------------------------- identPrimary
2021-11-19T10:24:07,150|[TRACE] HqlParser - <--------------------------------- primaryExpression
2021-11-19T10:24:07,150|[TRACE] HqlParser - <------------------------------- atom
2021-11-19T10:24:07,150|[TRACE] HqlParser - <----------------------------- unaryExpression
2021-11-19T10:24:07,150|[TRACE] HqlParser - <--------------------------- multiplyExpression
2021-11-19T10:24:07,150|[TRACE] HqlParser - <------------------------- additiveExpression
2021-11-19T10:24:07,150|[TRACE] HqlParser - <----------------------- concatenation
2021-11-19T10:24:07,150|[TRACE] HqlParser - <--------------------- relationalExpression
2021-11-19T10:24:07,150|[TRACE] HqlParser - ---------------------> relationalExpression
2021-11-19T10:24:07,150|[TRACE] HqlParser - -----------------------> concatenation
2021-11-19T10:24:07,150|[TRACE] HqlParser - -------------------------> additiveExpression
2021-11-19T10:24:07,150|[TRACE] HqlParser - ---------------------------> multiplyExpression
2021-11-19T10:24:07,150|[TRACE] HqlParser - -----------------------------> unaryExpression
2021-11-19T10:24:07,150|[TRACE] HqlParser - -------------------------------> atom
2021-11-19T10:24:07,150|[TRACE] HqlParser - ---------------------------------> primaryExpression
2021-11-19T10:24:07,150|[TRACE] HqlParser - -----------------------------------> parameter
2021-11-19T10:24:07,150|[TRACE] HqlParser - <----------------------------------- parameter
2021-11-19T10:24:07,150|[TRACE] HqlParser - <--------------------------------- primaryExpression
2021-11-19T10:24:07,150|[TRACE] HqlParser - <------------------------------- atom
2021-11-19T10:24:07,150|[TRACE] HqlParser - <----------------------------- unaryExpression
2021-11-19T10:24:07,150|[TRACE] HqlParser - <--------------------------- multiplyExpression
2021-11-19T10:24:07,150|[TRACE] HqlParser - <------------------------- additiveExpression
2021-11-19T10:24:07,150|[TRACE] HqlParser - <----------------------- concatenation
2021-11-19T10:24:07,150|[TRACE] HqlParser - <--------------------- relationalExpression
2021-11-19T10:24:07,150|[TRACE] HqlParser - <------------------- equalityExpression
2021-11-19T10:24:07,150|[TRACE] HqlParser - <----------------- negatedExpression
2021-11-19T10:24:07,150|[TRACE] HqlParser - <--------------- logicalAndExpression
2021-11-19T10:24:07,150|[TRACE] HqlParser - <------------- logicalOrExpression
2021-11-19T10:24:07,150|[TRACE] HqlParser - <----------- expression
2021-11-19T10:24:07,150|[TRACE] HqlParser - <--------- logicalExpression
2021-11-19T10:24:07,150|[TRACE] HqlParser - <------- whereClause
2021-11-19T10:24:07,150|[TRACE] HqlParser - <----- queryRule
2021-11-19T10:24:07,150|[TRACE] HqlParser - <--- selectStatement
2021-11-19T10:24:07,150|[TRACE] HqlParser - <- statement
2021-11-19T10:24:07,150|[DEBUG] ErrorTracker - throwQueryException() : no errors
2021-11-19T10:24:07,150|[DEBUG] QueryTranslatorImpl - --- HQL AST ---
 \-[QUERY] Node: 'query'
    +-[SELECT_FROM] Node: 'SELECT_FROM'
    |  +-[FROM] Node: 'from'
    |  |  \-[RANGE] Node: 'RANGE'
    |  |     +-[DOT] Node: '.'
    |  |     |  +-[DOT] Node: '.'
    |  |     |  |  +-[IDENT] Node: 'bloodbank'
    |  |     |  |  \-[IDENT] Node: 'entity'
    |  |     |  \-[IDENT] Node: 'BloodBank'
    |  |     \-[ALIAS] Node: 'generatedAlias0'
    |  \-[SELECT] Node: 'select'
    |     \-[COUNT] Node: 'count'
    |        \-[IDENT] Node: 'generatedAlias0'
    \-[WHERE] Node: 'where'
       \-[EQ] Node: '='
          +-[DOT] Node: '.'
          |  +-[IDENT] Node: 'generatedAlias0'
          |  \-[IDENT] Node: 'id'
          \-[COLON] Node: ':'
             \-[IDENT] Node: 'id'

2021-11-19T10:24:07,150|[DEBUG] HqlSqlBaseWalker - select << begin [level=1, statement=select]
2021-11-19T10:24:07,150|[DEBUG] FromElement - FromClause{level=1} : bloodbank.entity.BloodBank (generatedAlias0) -> bloodbank0_
2021-11-19T10:24:07,151|[DEBUG] FromReferenceNode - Resolved : generatedAlias0 -> bloodbank0_.bank_id
2021-11-19T10:24:07,151|[DEBUG] FromReferenceNode - Resolved : generatedAlias0 -> bloodbank0_.bank_id
2021-11-19T10:24:07,151|[TRACE] FromElement - Handling property dereference [bloodbank.entity.BloodBank (generatedAlias0) -> id (class)]
2021-11-19T10:24:07,151|[DEBUG] DotNode - getDataType() : id -> org.hibernate.type.IntegerType@6892cc6f
2021-11-19T10:24:07,151|[DEBUG] FromReferenceNode - Resolved : generatedAlias0.id -> bloodbank0_.bank_id
2021-11-19T10:24:07,151|[DEBUG] HqlSqlBaseWalker - select : finishing up [level=1, statement=select]
2021-11-19T10:24:07,151|[DEBUG] HqlSqlWalker - processQuery() :  ( SELECT ( {select clause} ( count bloodbank0_.bank_id ) ) ( FromClause{level=1} blood_bank bloodbank0_ ) ( where ( = ( bloodbank0_.bank_id bloodbank0_.bank_id id ) ? ) ) )
2021-11-19T10:24:07,152|[DEBUG] JoinProcessor - Tables referenced from query nodes:
 \-QueryNode
    +-SelectClause
    |  +-CountNode
    |  |  \-IdentNode
    |  |    persister: SingleTableEntityPersister(bloodbank.entity.BloodBank)
    |  |    originalText: generatedAlias0
    |  \-SqlNode
    +-FromClause
    |  \-FromElement
    \-SqlNode
       \-BinaryLogicOperatorNode
          +-DotNode
          | persister: SingleTableEntityPersister(bloodbank.entity.BloodBank)
          | path: generatedAlias0.id
          |  +-IdentNode
          |  | persister: SingleTableEntityPersister(bloodbank.entity.BloodBank)
          |  | originalText: generatedAlias0
          |  \-IdentNode
          |    persister: null
          |    originalText: id
          \-ParameterNode

2021-11-19T10:24:07,152|[DEBUG] JoinProcessor - Using FROM fragment [blood_bank bloodbank0_]
2021-11-19T10:24:07,152|[DEBUG] HqlSqlBaseWalker - select >> end [level=1, statement=select]
2021-11-19T10:24:07,152|[DEBUG] QueryTranslatorImpl - --- SQL AST ---
 \-[SELECT] QueryNode: 'SELECT'  querySpaces (blood_bank)
    +-[SELECT_CLAUSE] SelectClause: '{select clause}'
    |  +-[COUNT] CountNode: 'count'
    |  |  \-[ALIAS_REF] IdentNode: 'bloodbank0_.bank_id' {alias=generatedAlias0, className=bloodbank.entity.BloodBank, tableAlias=bloodbank0_}
    |  \-[SELECT_COLUMNS] SqlNode: ' as col_0_0_'
    +-[FROM] FromClause: 'from' FromClause{level=1, fromElementCounter=1, fromElements=1, fromElementByClassAlias=[generatedAlias0], fromElementByTableAlias=[bloodbank0_], fromElementsByPath=[], collectionJoinFromElementsByPath=[], impliedElements=[]}
    |  \-[FROM_FRAGMENT] FromElement: 'blood_bank bloodbank0_' FromElement{explicit,not a collection join,not a fetch join,fetch non-lazy properties,classAlias=generatedAlias0,role=null,tableName=blood_bank,tableAlias=bloodbank0_,origin=null,columns={,className=bloodbank.entity.BloodBank}}
    \-[WHERE] SqlNode: 'where'
       \-[EQ] BinaryLogicOperatorNode: '='
          +-[DOT] DotNode: 'bloodbank0_.bank_id' {propertyName=id,dereferenceType=PRIMITIVE,getPropertyPath=id,path=generatedAlias0.id,tableAlias=bloodbank0_,className=bloodbank.entity.BloodBank,classAlias=generatedAlias0}
          |  +-[ALIAS_REF] IdentNode: 'bloodbank0_.bank_id' {alias=generatedAlias0, className=bloodbank.entity.BloodBank, tableAlias=bloodbank0_}
          |  \-[IDENT] IdentNode: 'id' {originalText=id}
          \-[NAMED_PARAM] ParameterNode: '?' {name=id, expectedType=org.hibernate.type.IntegerType@6892cc6f}

2021-11-19T10:24:07,152|[DEBUG] ErrorTracker - throwQueryException() : no errors
2021-11-19T10:24:07,152|[DEBUG] QueryTranslatorImpl - HQL: select count(generatedAlias0) from bloodbank.entity.BloodBank as generatedAlias0 where generatedAlias0.id=:id
2021-11-19T10:24:07,152|[DEBUG] QueryTranslatorImpl - SQL: select count(bloodbank0_.bank_id) as col_0_0_ from blood_bank bloodbank0_ where bloodbank0_.bank_id=?
2021-11-19T10:24:07,152|[DEBUG] ErrorTracker - throwQueryException() : no errors
2021-11-19T10:24:07,152|[TRACE] QueryPlanCache - Located HQL query plan in cache (select count(generatedAlias0) from BloodBank as generatedAlias0 where generatedAlias0.id=:id)
2021-11-19T10:24:07,152|[TRACE] QueryPlanCache - Located HQL query plan in cache (select count(generatedAlias0) from BloodBank as generatedAlias0 where generatedAlias0.id=:id)
2021-11-19T10:24:07,152|[TRACE] HQLQueryPlan - Find: select count(generatedAlias0) from BloodBank as generatedAlias0 where generatedAlias0.id=:id
2021-11-19T10:24:07,152|[TRACE] QueryParameters - Named parameters: {id=1}
2021-11-19T10:24:07,152|[DEBUG] SQL - 
    /* select
        count(generatedAlias0) 
    from
        BloodBank as generatedAlias0 
    where
        generatedAlias0.id=:id */ select
            count(bloodbank0_.bank_id) as col_0_0_ 
        from
            blood_bank bloodbank0_ 
        where
            bloodbank0_.bank_id=?
2021-11-19T10:24:07,153|[TRACE] ResourceRegistryStandardImpl - Registering statement [com.mysql.cj.jdbc.ClientPreparedStatement: /* select count(generatedAlias0) from BloodBank as generatedAlias0 where generatedAlias0.id=:id */ select count(bloodbank0_.bank_id) as col_0_0_ from blood_bank bloodbank0_ where bloodbank0_.bank_id=** NOT SPECIFIED **]
2021-11-19T10:24:07,153|[TRACE] JdbcCoordinatorImpl - Registering last query statement [com.mysql.cj.jdbc.ClientPreparedStatement: /* select count(generatedAlias0) from BloodBank as generatedAlias0 where generatedAlias0.id=:id */ select count(bloodbank0_.bank_id) as col_0_0_ from blood_bank bloodbank0_ where bloodbank0_.bank_id=** NOT SPECIFIED **]
2021-11-19T10:24:07,153|[TRACE] BasicBinder - binding parameter [1] as [INTEGER] - [1]
2021-11-19T10:24:07,153|[TRACE] Loader - Bound [2] parameters total
2021-11-19T10:24:07,153|[TRACE] ResourceRegistryStandardImpl - Registering result set [com.mysql.cj.jdbc.result.ResultSetImpl@3f523dae]
2021-11-19T10:24:07,154|[TRACE] Loader - Processing result set
2021-11-19T10:24:07,154|[DEBUG] Loader - Result set row: 0
2021-11-19T10:24:07,154|[DEBUG] Loader - Result row: 
2021-11-19T10:24:07,154|[TRACE] BasicExtractor - extracted value ([col_0_0_] : [BIGINT]) - [1]
2021-11-19T10:24:07,154|[TRACE] Loader - Done processing result set (1 rows)
2021-11-19T10:24:07,154|[TRACE] ResourceRegistryStandardImpl - Releasing statement [com.mysql.cj.jdbc.ClientPreparedStatement: /* select count(generatedAlias0) from BloodBank as generatedAlias0 where generatedAlias0.id=:id */ select count(bloodbank0_.bank_id) as col_0_0_ from blood_bank bloodbank0_ where bloodbank0_.bank_id=1]
2021-11-19T10:24:07,154|[TRACE] ResourceRegistryStandardImpl - Closing result set [com.mysql.cj.jdbc.result.ResultSetImpl@3f523dae]
2021-11-19T10:24:07,154|[TRACE] ResourceRegistryStandardImpl - Closing prepared statement [com.mysql.cj.jdbc.ClientPreparedStatement: /* select count(generatedAlias0) from BloodBank as generatedAlias0 where generatedAlias0.id=:id */ select count(bloodbank0_.bank_id) as col_0_0_ from blood_bank bloodbank0_ where bloodbank0_.bank_id=1]
2021-11-19T10:24:07,154|[TRACE] JdbcCoordinatorImpl - Starting after statement execution processing [AFTER_TRANSACTION]
2021-11-19T10:24:07,154|[TRACE] StatefulPersistenceContext - Initializing non-lazy collections
2021-11-19T10:24:07,154|[TRACE] AbstractLogicalConnectionImplementor - LogicalConnection#afterTransaction
2021-11-19T10:24:07,154|[TRACE] ResourceRegistryStandardImpl - Releasing JDBC resources
2021-11-19T10:24:07,154|[DEBUG] LogicalConnectionManagedImpl - Initiating JDBC connection release from afterTransaction
2021-11-19T10:24:07,154|[TRACE] ResourceRegistryStandardImpl - Releasing JDBC resources
2021-11-19T10:24:07,154|[TRACE] SessionImpl - Closing session [402e77c9-f57a-4f0b-ba59-c569dd104c41]
2021-11-19T10:24:07,154|[TRACE] JdbcCoordinatorImpl - Closing JDBC container [org.hibernate.engine.jdbc.internal.JdbcCoordinatorImpl@7fe40b9f]
2021-11-19T10:24:07,154|[TRACE] ResourceRegistryStandardImpl - Releasing JDBC resources
2021-11-19T10:24:07,154|[TRACE] LogicalConnectionManagedImpl - Closing logical connection
2021-11-19T10:24:07,154|[TRACE] LogicalConnectionManagedImpl - Logical connection closed
]]></system-out>
  </testcase>
  <testcase name="testCreateInvalid" classname="bloodbank.entity.TestCRUDPublicBloodBank" time="0.003">
    <system-out><![CDATA[2021-11-19T10:24:07,155|[TRACE] SessionFactoryImpl$SessionBuilderImpl - Opening Hibernate Session.  tenant=null
2021-11-19T10:24:07,155|[TRACE] SessionImpl - Opened Session [c299399d-1c38-498c-a11f-d52bec71f757] at timestamp: 1637335447155
2021-11-19T10:24:07,156|[DEBUG] TransactionImpl - On TransactionImpl creation, JpaCompliance#isJpaTransactionComplianceEnabled == false
2021-11-19T10:24:07,156|[DEBUG] TransactionImpl - begin
2021-11-19T10:24:07,156|[TRACE] AbstractLogicalConnectionImplementor - Preparing to begin transaction via JDBC Connection.setAutoCommit(false)
2021-11-19T10:24:07,156|[TRACE] AbstractLogicalConnectionImplementor - Transaction begun via JDBC Connection.setAutoCommit(false)
2021-11-19T10:24:07,156|[TRACE] JdbcResourceLocalTransactionCoordinatorImpl - ResourceLocalTransactionCoordinatorImpl#afterBeginCallback
2021-11-19T10:24:07,157|[TRACE] VersionValue - Version unsaved-value strategy UNDEFINED
2021-11-19T10:24:07,157|[TRACE] IdentifierValue - ID unsaved-value: 0
2021-11-19T10:24:07,157|[TRACE] EntityState - Transient instance of: bloodbank.entity.PublicBloodBank
2021-11-19T10:24:07,157|[TRACE] DefaultPersistEventListener - Saving transient instance
2021-11-19T10:24:07,157|[TRACE] AbstractSaveEventListener - Saving [bloodbank.entity.PublicBloodBank#<null>]
2021-11-19T10:24:07,157|[TRACE] Cascade - Processing cascade ACTION_PERSIST for: bloodbank.entity.PublicBloodBank
2021-11-19T10:24:07,157|[TRACE] Cascade - Done processing cascade ACTION_PERSIST for: bloodbank.entity.PublicBloodBank
2021-11-19T10:24:07,157|[TRACE] Versioning - Using initial version: 0
2021-11-19T10:24:07,157|[TRACE] ActionQueue - Adding an EntityIdentityInsertAction for [bloodbank.entity.PublicBloodBank] object
2021-11-19T10:24:07,157|[TRACE] ActionQueue - Executing inserts before finding non-nullable transient entities for early insert: [EntityIdentityInsertAction[bloodbank.entity.PublicBloodBank#<null>]]
2021-11-19T10:24:07,157|[TRACE] ActionQueue - Adding insert with no non-nullable, transient entities: [EntityIdentityInsertAction[bloodbank.entity.PublicBloodBank#<null>]]
2021-11-19T10:24:07,157|[TRACE] ActionQueue - Executing insertions before resolved early-insert
2021-11-19T10:24:07,157|[DEBUG] ActionQueue - Executing identity-insert immediately
2021-11-19T10:24:07,157|[DEBUG] JdbcResourceLocalTransactionCoordinatorImpl - JDBC transaction marked for rollback-only (exception provided for stack trace)
java.lang.Exception: exception just for purpose of providing stack trace
	at org.hibernate.resource.transaction.backend.jdbc.internal.JdbcResourceLocalTransactionCoordinatorImpl$TransactionDriverControlImpl.markRollbackOnly(JdbcResourceLocalTransactionCoordinatorImpl.java:324) ~[hibernate-core-5.4.27.Final.jar:?]
	at org.hibernate.engine.transaction.internal.TransactionImpl.markRollbackOnly(TransactionImpl.java:203) ~[hibernate-core-5.4.27.Final.jar:?]
	at org.hibernate.internal.AbstractSharedSessionContract.markForRollbackOnly(AbstractSharedSessionContract.java:396) ~[hibernate-core-5.4.27.Final.jar:?]
	at org.hibernate.internal.ExceptionConverterImpl.handlePersistenceException(ExceptionConverterImpl.java:297) ~[hibernate-core-5.4.27.Final.jar:?]
	at org.hibernate.internal.ExceptionConverterImpl.convert(ExceptionConverterImpl.java:155) ~[hibernate-core-5.4.27.Final.jar:?]
	at org.hibernate.internal.ExceptionConverterImpl.convert(ExceptionConverterImpl.java:181) ~[hibernate-core-5.4.27.Final.jar:?]
	at org.hibernate.internal.ExceptionConverterImpl.convert(ExceptionConverterImpl.java:188) ~[hibernate-core-5.4.27.Final.jar:?]
	at org.hibernate.internal.SessionImpl.firePersist(SessionImpl.java:726) ~[hibernate-core-5.4.27.Final.jar:?]
	at org.hibernate.internal.SessionImpl.persist(SessionImpl.java:706) ~[hibernate-core-5.4.27.Final.jar:?]
	at bloodbank.entity.TestCRUDPublicBloodBank.lambda$testCreateInvalid$0(TestCRUDPublicBloodBank.java:112) ~[test-classes/:?]
	at org.junit.jupiter.api.AssertThrows.assertThrows(AssertThrows.java:55) ~[junit-jupiter-api-5.7.0.jar:5.7.0]
	at org.junit.jupiter.api.AssertThrows.assertThrows(AssertThrows.java:37) ~[junit-jupiter-api-5.7.0.jar:5.7.0]
	at org.junit.jupiter.api.Assertions.assertThrows(Assertions.java:3007) ~[junit-jupiter-api-5.7.0.jar:5.7.0]
	at bloodbank.entity.TestCRUDPublicBloodBank.testCreateInvalid(TestCRUDPublicBloodBank.java:112) ~[test-classes/:?]
	at jdk.internal.reflect.NativeMethodAccessorImpl.invoke0(Native Method) ~[?:?]
	at jdk.internal.reflect.NativeMethodAccessorImpl.invoke(NativeMethodAccessorImpl.java:62) ~[?:?]
	at jdk.internal.reflect.DelegatingMethodAccessorImpl.invoke(DelegatingMethodAccessorImpl.java:43) ~[?:?]
	at java.lang.reflect.Method.invoke(Method.java:566) ~[?:?]
	at org.junit.platform.commons.util.ReflectionUtils.invokeMethod(ReflectionUtils.java:688) ~[junit-platform-commons-1.7.0.jar:1.7.0]
	at org.junit.jupiter.engine.execution.MethodInvocation.proceed(MethodInvocation.java:60) ~[junit-jupiter-engine-5.7.0.jar:5.7.0]
	at org.junit.jupiter.engine.execution.InvocationInterceptorChain$ValidatingInvocation.proceed(InvocationInterceptorChain.java:131) ~[junit-jupiter-engine-5.7.0.jar:5.7.0]
	at org.junit.jupiter.engine.extension.TimeoutExtension.intercept(TimeoutExtension.java:149) ~[junit-jupiter-engine-5.7.0.jar:5.7.0]
	at org.junit.jupiter.engine.extension.TimeoutExtension.interceptTestableMethod(TimeoutExtension.java:140) ~[junit-jupiter-engine-5.7.0.jar:5.7.0]
	at org.junit.jupiter.engine.extension.TimeoutExtension.interceptTestMethod(TimeoutExtension.java:84) ~[junit-jupiter-engine-5.7.0.jar:5.7.0]
	at org.junit.jupiter.engine.execution.ExecutableInvoker$ReflectiveInterceptorCall.lambda$ofVoidMethod$0(ExecutableInvoker.java:115) ~[junit-jupiter-engine-5.7.0.jar:5.7.0]
	at org.junit.jupiter.engine.execution.ExecutableInvoker.lambda$invoke$0(ExecutableInvoker.java:105) ~[junit-jupiter-engine-5.7.0.jar:5.7.0]
	at org.junit.jupiter.engine.execution.InvocationInterceptorChain$InterceptedInvocation.proceed(InvocationInterceptorChain.java:106) ~[junit-jupiter-engine-5.7.0.jar:5.7.0]
	at org.junit.jupiter.engine.execution.InvocationInterceptorChain.proceed(InvocationInterceptorChain.java:64) ~[junit-jupiter-engine-5.7.0.jar:5.7.0]
	at org.junit.jupiter.engine.execution.InvocationInterceptorChain.chainAndInvoke(InvocationInterceptorChain.java:45) ~[junit-jupiter-engine-5.7.0.jar:5.7.0]
	at org.junit.jupiter.engine.execution.InvocationInterceptorChain.invoke(InvocationInterceptorChain.java:37) ~[junit-jupiter-engine-5.7.0.jar:5.7.0]
	at org.junit.jupiter.engine.execution.ExecutableInvoker.invoke(ExecutableInvoker.java:104) ~[junit-jupiter-engine-5.7.0.jar:5.7.0]
	at org.junit.jupiter.engine.execution.ExecutableInvoker.invoke(ExecutableInvoker.java:98) ~[junit-jupiter-engine-5.7.0.jar:5.7.0]
	at org.junit.jupiter.engine.descriptor.TestMethodTestDescriptor.lambda$invokeTestMethod$6(TestMethodTestDescriptor.java:210) ~[junit-jupiter-engine-5.7.0.jar:5.7.0]
	at org.junit.platform.engine.support.hierarchical.ThrowableCollector.execute(ThrowableCollector.java:73) ~[junit-platform-engine-1.7.0.jar:1.7.0]
	at org.junit.jupiter.engine.descriptor.TestMethodTestDescriptor.invokeTestMethod(TestMethodTestDescriptor.java:206) ~[junit-jupiter-engine-5.7.0.jar:5.7.0]
	at org.junit.jupiter.engine.descriptor.TestMethodTestDescriptor.execute(TestMethodTestDescriptor.java:131) ~[junit-jupiter-engine-5.7.0.jar:5.7.0]
	at org.junit.jupiter.engine.descriptor.TestMethodTestDescriptor.execute(TestMethodTestDescriptor.java:65) ~[junit-jupiter-engine-5.7.0.jar:5.7.0]
	at org.junit.platform.engine.support.hierarchical.NodeTestTask.lambda$executeRecursively$5(NodeTestTask.java:139) ~[junit-platform-engine-1.7.0.jar:1.7.0]
	at org.junit.platform.engine.support.hierarchical.ThrowableCollector.execute(ThrowableCollector.java:73) ~[junit-platform-engine-1.7.0.jar:1.7.0]
	at org.junit.platform.engine.support.hierarchical.NodeTestTask.lambda$executeRecursively$7(NodeTestTask.java:129) ~[junit-platform-engine-1.7.0.jar:1.7.0]
	at org.junit.platform.engine.support.hierarchical.Node.around(Node.java:137) ~[junit-platform-engine-1.7.0.jar:1.7.0]
	at org.junit.platform.engine.support.hierarchical.NodeTestTask.lambda$executeRecursively$8(NodeTestTask.java:127) ~[junit-platform-engine-1.7.0.jar:1.7.0]
	at org.junit.platform.engine.support.hierarchical.ThrowableCollector.execute(ThrowableCollector.java:73) ~[junit-platform-engine-1.7.0.jar:1.7.0]
	at org.junit.platform.engine.support.hierarchical.NodeTestTask.executeRecursively(NodeTestTask.java:126) ~[junit-platform-engine-1.7.0.jar:1.7.0]
	at org.junit.platform.engine.support.hierarchical.NodeTestTask.execute(NodeTestTask.java:84) ~[junit-platform-engine-1.7.0.jar:1.7.0]
	at java.util.ArrayList.forEach(ArrayList.java:1541) ~[?:?]
	at org.junit.platform.engine.support.hierarchical.SameThreadHierarchicalTestExecutorService.invokeAll(SameThreadHierarchicalTestExecutorService.java:38) ~[junit-platform-engine-1.7.0.jar:1.7.0]
	at org.junit.platform.engine.support.hierarchical.NodeTestTask.lambda$executeRecursively$5(NodeTestTask.java:143) ~[junit-platform-engine-1.7.0.jar:1.7.0]
	at org.junit.platform.engine.support.hierarchical.ThrowableCollector.execute(ThrowableCollector.java:73) ~[junit-platform-engine-1.7.0.jar:1.7.0]
	at org.junit.platform.engine.support.hierarchical.NodeTestTask.lambda$executeRecursively$7(NodeTestTask.java:129) ~[junit-platform-engine-1.7.0.jar:1.7.0]
	at org.junit.platform.engine.support.hierarchical.Node.around(Node.java:137) ~[junit-platform-engine-1.7.0.jar:1.7.0]
	at org.junit.platform.engine.support.hierarchical.NodeTestTask.lambda$executeRecursively$8(NodeTestTask.java:127) ~[junit-platform-engine-1.7.0.jar:1.7.0]
	at org.junit.platform.engine.support.hierarchical.ThrowableCollector.execute(ThrowableCollector.java:73) ~[junit-platform-engine-1.7.0.jar:1.7.0]
	at org.junit.platform.engine.support.hierarchical.NodeTestTask.executeRecursively(NodeTestTask.java:126) ~[junit-platform-engine-1.7.0.jar:1.7.0]
	at org.junit.platform.engine.support.hierarchical.NodeTestTask.execute(NodeTestTask.java:84) ~[junit-platform-engine-1.7.0.jar:1.7.0]
	at java.util.ArrayList.forEach(ArrayList.java:1541) ~[?:?]
	at org.junit.platform.engine.support.hierarchical.SameThreadHierarchicalTestExecutorService.invokeAll(SameThreadHierarchicalTestExecutorService.java:38) ~[junit-platform-engine-1.7.0.jar:1.7.0]
	at org.junit.platform.engine.support.hierarchical.NodeTestTask.lambda$executeRecursively$5(NodeTestTask.java:143) ~[junit-platform-engine-1.7.0.jar:1.7.0]
	at org.junit.platform.engine.support.hierarchical.ThrowableCollector.execute(ThrowableCollector.java:73) ~[junit-platform-engine-1.7.0.jar:1.7.0]
	at org.junit.platform.engine.support.hierarchical.NodeTestTask.lambda$executeRecursively$7(NodeTestTask.java:129) ~[junit-platform-engine-1.7.0.jar:1.7.0]
	at org.junit.platform.engine.support.hierarchical.Node.around(Node.java:137) ~[junit-platform-engine-1.7.0.jar:1.7.0]
	at org.junit.platform.engine.support.hierarchical.NodeTestTask.lambda$executeRecursively$8(NodeTestTask.java:127) ~[junit-platform-engine-1.7.0.jar:1.7.0]
	at org.junit.platform.engine.support.hierarchical.ThrowableCollector.execute(ThrowableCollector.java:73) ~[junit-platform-engine-1.7.0.jar:1.7.0]
	at org.junit.platform.engine.support.hierarchical.NodeTestTask.executeRecursively(NodeTestTask.java:126) ~[junit-platform-engine-1.7.0.jar:1.7.0]
	at org.junit.platform.engine.support.hierarchical.NodeTestTask.execute(NodeTestTask.java:84) ~[junit-platform-engine-1.7.0.jar:1.7.0]
	at org.junit.platform.engine.support.hierarchical.SameThreadHierarchicalTestExecutorService.submit(SameThreadHierarchicalTestExecutorService.java:32) ~[junit-platform-engine-1.7.0.jar:1.7.0]
	at org.junit.platform.engine.support.hierarchical.HierarchicalTestExecutor.execute(HierarchicalTestExecutor.java:57) ~[junit-platform-engine-1.7.0.jar:1.7.0]
	at org.junit.platform.engine.support.hierarchical.HierarchicalTestEngine.execute(HierarchicalTestEngine.java:51) ~[junit-platform-engine-1.7.0.jar:1.7.0]
	at org.junit.platform.launcher.core.EngineExecutionOrchestrator.execute(EngineExecutionOrchestrator.java:108) ~[junit-platform-launcher-1.7.0.jar:1.7.0]
	at org.junit.platform.launcher.core.EngineExecutionOrchestrator.execute(EngineExecutionOrchestrator.java:88) ~[junit-platform-launcher-1.7.0.jar:1.7.0]
	at org.junit.platform.launcher.core.EngineExecutionOrchestrator.lambda$execute$0(EngineExecutionOrchestrator.java:54) ~[junit-platform-launcher-1.7.0.jar:1.7.0]
	at org.junit.platform.launcher.core.EngineExecutionOrchestrator.withInterceptedStreams(EngineExecutionOrchestrator.java:67) [junit-platform-launcher-1.7.0.jar:1.7.0]
	at org.junit.platform.launcher.core.EngineExecutionOrchestrator.execute(EngineExecutionOrchestrator.java:52) [junit-platform-launcher-1.7.0.jar:1.7.0]
	at org.junit.platform.launcher.core.DefaultLauncher.execute(DefaultLauncher.java:96) [junit-platform-launcher-1.7.0.jar:1.7.0]
	at org.junit.platform.launcher.core.DefaultLauncher.execute(DefaultLauncher.java:75) [junit-platform-launcher-1.7.0.jar:1.7.0]
	at org.apache.maven.surefire.junitplatform.JUnitPlatformProvider.execute(JUnitPlatformProvider.java:188) [surefire-junit-platform-3.0.0-M5.jar:3.0.0-M5]
	at org.apache.maven.surefire.junitplatform.JUnitPlatformProvider.invokeAllTests(JUnitPlatformProvider.java:154) [surefire-junit-platform-3.0.0-M5.jar:3.0.0-M5]
	at org.apache.maven.surefire.junitplatform.JUnitPlatformProvider.invoke(JUnitPlatformProvider.java:128) [surefire-junit-platform-3.0.0-M5.jar:3.0.0-M5]
	at org.apache.maven.surefire.booter.ForkedBooter.runSuitesInProcess(ForkedBooter.java:428) [surefire-booter-3.0.0-M5.jar:3.0.0-M5]
	at org.apache.maven.surefire.booter.ForkedBooter.execute(ForkedBooter.java:162) [surefire-booter-3.0.0-M5.jar:3.0.0-M5]
	at org.apache.maven.surefire.booter.ForkedBooter.run(ForkedBooter.java:562) [surefire-booter-3.0.0-M5.jar:3.0.0-M5]
	at org.apache.maven.surefire.booter.ForkedBooter.main(ForkedBooter.java:548) [surefire-booter-3.0.0-M5.jar:3.0.0-M5]
2021-11-19T10:24:07,158|[DEBUG] TransactionImpl - committing
2021-11-19T10:24:07,158|[DEBUG] JdbcResourceLocalTransactionCoordinatorImpl - On commit, transaction was marked for roll-back only, rolling back
2021-11-19T10:24:07,158|[TRACE] AbstractLogicalConnectionImplementor - Preparing to rollback transaction via JDBC Connection.rollback()
2021-11-19T10:24:07,158|[TRACE] AbstractLogicalConnectionImplementor - Transaction rolled-back via JDBC Connection.rollback()
2021-11-19T10:24:07,158|[TRACE] AbstractLogicalConnectionImplementor - LogicalConnection#afterTransaction
2021-11-19T10:24:07,158|[TRACE] ResourceRegistryStandardImpl - Releasing JDBC resources
2021-11-19T10:24:07,158|[DEBUG] LogicalConnectionManagedImpl - Initiating JDBC connection release from afterTransaction
2021-11-19T10:24:07,158|[TRACE] ResourceRegistryStandardImpl - Releasing JDBC resources
2021-11-19T10:24:07,158|[TRACE] JdbcResourceLocalTransactionCoordinatorImpl - ResourceLocalTransactionCoordinatorImpl#afterCompletionCallback(false)
2021-11-19T10:24:07,158|[TRACE] SynchronizationRegistryStandardImpl - SynchronizationRegistryStandardImpl.notifySynchronizationsAfterTransactionCompletion(5)
2021-11-19T10:24:07,158|[TRACE] AbstractLogicalConnectionImplementor - LogicalConnection#afterTransaction
2021-11-19T10:24:07,158|[TRACE] ResourceRegistryStandardImpl - Releasing JDBC resources
2021-11-19T10:24:07,158|[DEBUG] LogicalConnectionManagedImpl - Initiating JDBC connection release from afterTransaction
2021-11-19T10:24:07,158|[TRACE] SessionImpl - SessionImpl#afterTransactionCompletion(successful=false, delayed=false)
2021-11-19T10:24:07,158|[TRACE] SessionImpl - Closing session [c299399d-1c38-498c-a11f-d52bec71f757]
2021-11-19T10:24:07,158|[TRACE] JdbcCoordinatorImpl - Closing JDBC container [org.hibernate.engine.jdbc.internal.JdbcCoordinatorImpl@4a9d6eb9]
2021-11-19T10:24:07,158|[TRACE] ResourceRegistryStandardImpl - Releasing JDBC resources
2021-11-19T10:24:07,158|[TRACE] LogicalConnectionManagedImpl - Closing logical connection
2021-11-19T10:24:07,158|[TRACE] LogicalConnectionManagedImpl - Logical connection closed
]]></system-out>
  </testcase>
  <testcase name="testReadDependencies" classname="bloodbank.entity.TestCRUDPublicBloodBank" time="0.015">
    <system-out><![CDATA[2021-11-19T10:24:07,160|[TRACE] SessionFactoryImpl$SessionBuilderImpl - Opening Hibernate Session.  tenant=null
2021-11-19T10:24:07,160|[TRACE] SessionImpl - Opened Session [d1ed4d88-cb72-4aae-896b-ea7172731ded] at timestamp: 1637335447160
2021-11-19T10:24:07,160|[DEBUG] TransactionImpl - On TransactionImpl creation, JpaCompliance#isJpaTransactionComplianceEnabled == false
2021-11-19T10:24:07,161|[DEBUG] CriteriaQueryImpl - Rendered criteria query -> select generatedAlias0 from BloodBank as generatedAlias0 where generatedAlias0.id=:id
2021-11-19T10:24:07,161|[TRACE] QueryPlanCache - Unable to locate HQL query plan in cache; generating (select generatedAlias0 from BloodBank as generatedAlias0 where generatedAlias0.id=:id)
2021-11-19T10:24:07,161|[DEBUG] QueryTranslatorImpl - parse() - HQL: select generatedAlias0 from bloodbank.entity.BloodBank as generatedAlias0 where generatedAlias0.id=:id
2021-11-19T10:24:07,161|[TRACE] HqlParser - -> statement
2021-11-19T10:24:07,161|[TRACE] HqlParser - ---> selectStatement
2021-11-19T10:24:07,161|[TRACE] HqlParser - -----> queryRule
2021-11-19T10:24:07,161|[TRACE] HqlParser - -------> selectFrom
2021-11-19T10:24:07,161|[TRACE] HqlParser - ---------> selectClause
2021-11-19T10:24:07,161|[TRACE] HqlParser - -----------> selectedPropertiesList
2021-11-19T10:24:07,161|[TRACE] HqlParser - -------------> aliasedExpression
2021-11-19T10:24:07,161|[TRACE] HqlParser - ---------------> expression
2021-11-19T10:24:07,161|[TRACE] HqlParser - -----------------> logicalOrExpression
2021-11-19T10:24:07,161|[TRACE] HqlParser - -------------------> logicalAndExpression
2021-11-19T10:24:07,161|[TRACE] HqlParser - ---------------------> negatedExpression
2021-11-19T10:24:07,161|[TRACE] HqlParser - -----------------------> equalityExpression
2021-11-19T10:24:07,161|[TRACE] HqlParser - -------------------------> relationalExpression
2021-11-19T10:24:07,161|[TRACE] HqlParser - ---------------------------> concatenation
2021-11-19T10:24:07,161|[TRACE] HqlParser - -----------------------------> additiveExpression
2021-11-19T10:24:07,161|[TRACE] HqlParser - -------------------------------> multiplyExpression
2021-11-19T10:24:07,161|[TRACE] HqlParser - ---------------------------------> unaryExpression
2021-11-19T10:24:07,161|[TRACE] HqlParser - -----------------------------------> atom
2021-11-19T10:24:07,161|[TRACE] HqlParser - -------------------------------------> primaryExpression
2021-11-19T10:24:07,161|[TRACE] HqlParser - ---------------------------------------> identPrimary
2021-11-19T10:24:07,161|[TRACE] HqlParser - -----------------------------------------> identPrimaryBase
2021-11-19T10:24:07,161|[TRACE] HqlParser - -------------------------------------------> identifier
2021-11-19T10:24:07,161|[TRACE] HqlParser - <------------------------------------------- identifier
2021-11-19T10:24:07,161|[TRACE] HqlParser - <----------------------------------------- identPrimaryBase
2021-11-19T10:24:07,161|[TRACE] HqlParser - <--------------------------------------- identPrimary
2021-11-19T10:24:07,161|[TRACE] HqlParser - <------------------------------------- primaryExpression
2021-11-19T10:24:07,161|[TRACE] HqlParser - <----------------------------------- atom
2021-11-19T10:24:07,161|[TRACE] HqlParser - <--------------------------------- unaryExpression
2021-11-19T10:24:07,161|[TRACE] HqlParser - <------------------------------- multiplyExpression
2021-11-19T10:24:07,161|[TRACE] HqlParser - <----------------------------- additiveExpression
2021-11-19T10:24:07,161|[TRACE] HqlParser - <--------------------------- concatenation
2021-11-19T10:24:07,161|[TRACE] HqlParser - <------------------------- relationalExpression
2021-11-19T10:24:07,161|[TRACE] HqlParser - <----------------------- equalityExpression
2021-11-19T10:24:07,161|[TRACE] HqlParser - <--------------------- negatedExpression
2021-11-19T10:24:07,161|[TRACE] HqlParser - <------------------- logicalAndExpression
2021-11-19T10:24:07,161|[TRACE] HqlParser - <----------------- logicalOrExpression
2021-11-19T10:24:07,161|[TRACE] HqlParser - <--------------- expression
2021-11-19T10:24:07,161|[TRACE] HqlParser - <------------- aliasedExpression
2021-11-19T10:24:07,161|[TRACE] HqlParser - <----------- selectedPropertiesList
2021-11-19T10:24:07,161|[TRACE] HqlParser - <--------- selectClause
2021-11-19T10:24:07,161|[TRACE] HqlParser - ---------> fromClause
2021-11-19T10:24:07,161|[TRACE] HqlParser - -----------> fromRange
2021-11-19T10:24:07,161|[TRACE] HqlParser - -------------> fromClassOrOuterQueryPath
2021-11-19T10:24:07,161|[TRACE] HqlParser - ---------------> path
2021-11-19T10:24:07,161|[TRACE] HqlParser - -----------------> identifier
2021-11-19T10:24:07,161|[TRACE] HqlParser - <----------------- identifier
2021-11-19T10:24:07,161|[TRACE] HqlParser - -----------------> identifier
2021-11-19T10:24:07,161|[TRACE] HqlParser - <----------------- identifier
2021-11-19T10:24:07,161|[TRACE] HqlParser - -----------------> identifier
2021-11-19T10:24:07,161|[TRACE] HqlParser - <----------------- identifier
2021-11-19T10:24:07,161|[TRACE] HqlParser - <--------------- path
2021-11-19T10:24:07,161|[TRACE] HqlParser - ---------------> asAlias
2021-11-19T10:24:07,162|[TRACE] HqlParser - -----------------> alias
2021-11-19T10:24:07,162|[TRACE] HqlParser - -------------------> identifier
2021-11-19T10:24:07,162|[TRACE] HqlParser - <------------------- identifier
2021-11-19T10:24:07,162|[TRACE] HqlParser - <----------------- alias
2021-11-19T10:24:07,162|[TRACE] HqlParser - <--------------- asAlias
2021-11-19T10:24:07,162|[TRACE] HqlParser - <------------- fromClassOrOuterQueryPath
2021-11-19T10:24:07,162|[TRACE] HqlParser - <----------- fromRange
2021-11-19T10:24:07,162|[TRACE] HqlParser - <--------- fromClause
2021-11-19T10:24:07,162|[TRACE] HqlParser - <------- selectFrom
2021-11-19T10:24:07,162|[TRACE] HqlParser - -------> whereClause
2021-11-19T10:24:07,162|[TRACE] HqlParser - ---------> logicalExpression
2021-11-19T10:24:07,162|[TRACE] HqlParser - -----------> expression
2021-11-19T10:24:07,162|[TRACE] HqlParser - -------------> logicalOrExpression
2021-11-19T10:24:07,162|[TRACE] HqlParser - ---------------> logicalAndExpression
2021-11-19T10:24:07,162|[TRACE] HqlParser - -----------------> negatedExpression
2021-11-19T10:24:07,162|[TRACE] HqlParser - -------------------> equalityExpression
2021-11-19T10:24:07,162|[TRACE] HqlParser - ---------------------> relationalExpression
2021-11-19T10:24:07,162|[TRACE] HqlParser - -----------------------> concatenation
2021-11-19T10:24:07,162|[TRACE] HqlParser - -------------------------> additiveExpression
2021-11-19T10:24:07,162|[TRACE] HqlParser - ---------------------------> multiplyExpression
2021-11-19T10:24:07,162|[TRACE] HqlParser - -----------------------------> unaryExpression
2021-11-19T10:24:07,162|[TRACE] HqlParser - -------------------------------> atom
2021-11-19T10:24:07,162|[TRACE] HqlParser - ---------------------------------> primaryExpression
2021-11-19T10:24:07,162|[TRACE] HqlParser - -----------------------------------> identPrimary
2021-11-19T10:24:07,162|[TRACE] HqlParser - -------------------------------------> identPrimaryBase
2021-11-19T10:24:07,162|[TRACE] HqlParser - ---------------------------------------> identifier
2021-11-19T10:24:07,162|[TRACE] HqlParser - <--------------------------------------- identifier
2021-11-19T10:24:07,162|[TRACE] HqlParser - <------------------------------------- identPrimaryBase
2021-11-19T10:24:07,162|[TRACE] HqlParser - -------------------------------------> identifier
2021-11-19T10:24:07,162|[TRACE] HqlParser - <------------------------------------- identifier
2021-11-19T10:24:07,162|[TRACE] HqlParser - <----------------------------------- identPrimary
2021-11-19T10:24:07,162|[TRACE] HqlParser - <--------------------------------- primaryExpression
2021-11-19T10:24:07,162|[TRACE] HqlParser - <------------------------------- atom
2021-11-19T10:24:07,162|[TRACE] HqlParser - <----------------------------- unaryExpression
2021-11-19T10:24:07,162|[TRACE] HqlParser - <--------------------------- multiplyExpression
2021-11-19T10:24:07,162|[TRACE] HqlParser - <------------------------- additiveExpression
2021-11-19T10:24:07,162|[TRACE] HqlParser - <----------------------- concatenation
2021-11-19T10:24:07,162|[TRACE] HqlParser - <--------------------- relationalExpression
2021-11-19T10:24:07,162|[TRACE] HqlParser - ---------------------> relationalExpression
2021-11-19T10:24:07,162|[TRACE] HqlParser - -----------------------> concatenation
2021-11-19T10:24:07,162|[TRACE] HqlParser - -------------------------> additiveExpression
2021-11-19T10:24:07,162|[TRACE] HqlParser - ---------------------------> multiplyExpression
2021-11-19T10:24:07,162|[TRACE] HqlParser - -----------------------------> unaryExpression
2021-11-19T10:24:07,162|[TRACE] HqlParser - -------------------------------> atom
2021-11-19T10:24:07,162|[TRACE] HqlParser - ---------------------------------> primaryExpression
2021-11-19T10:24:07,162|[TRACE] HqlParser - -----------------------------------> parameter
2021-11-19T10:24:07,162|[TRACE] HqlParser - <----------------------------------- parameter
2021-11-19T10:24:07,162|[TRACE] HqlParser - <--------------------------------- primaryExpression
2021-11-19T10:24:07,162|[TRACE] HqlParser - <------------------------------- atom
2021-11-19T10:24:07,162|[TRACE] HqlParser - <----------------------------- unaryExpression
2021-11-19T10:24:07,162|[TRACE] HqlParser - <--------------------------- multiplyExpression
2021-11-19T10:24:07,162|[TRACE] HqlParser - <------------------------- additiveExpression
2021-11-19T10:24:07,162|[TRACE] HqlParser - <----------------------- concatenation
2021-11-19T10:24:07,162|[TRACE] HqlParser - <--------------------- relationalExpression
2021-11-19T10:24:07,162|[TRACE] HqlParser - <------------------- equalityExpression
2021-11-19T10:24:07,162|[TRACE] HqlParser - <----------------- negatedExpression
2021-11-19T10:24:07,162|[TRACE] HqlParser - <--------------- logicalAndExpression
2021-11-19T10:24:07,162|[TRACE] HqlParser - <------------- logicalOrExpression
2021-11-19T10:24:07,162|[TRACE] HqlParser - <----------- expression
2021-11-19T10:24:07,162|[TRACE] HqlParser - <--------- logicalExpression
2021-11-19T10:24:07,162|[TRACE] HqlParser - <------- whereClause
2021-11-19T10:24:07,162|[TRACE] HqlParser - <----- queryRule
2021-11-19T10:24:07,162|[TRACE] HqlParser - <--- selectStatement
2021-11-19T10:24:07,162|[TRACE] HqlParser - <- statement
2021-11-19T10:24:07,162|[DEBUG] ErrorTracker - throwQueryException() : no errors
2021-11-19T10:24:07,162|[DEBUG] QueryTranslatorImpl - --- HQL AST ---
 \-[QUERY] Node: 'query'
    +-[SELECT_FROM] Node: 'SELECT_FROM'
    |  +-[FROM] Node: 'from'
    |  |  \-[RANGE] Node: 'RANGE'
    |  |     +-[DOT] Node: '.'
    |  |     |  +-[DOT] Node: '.'
    |  |     |  |  +-[IDENT] Node: 'bloodbank'
    |  |     |  |  \-[IDENT] Node: 'entity'
    |  |     |  \-[IDENT] Node: 'BloodBank'
    |  |     \-[ALIAS] Node: 'generatedAlias0'
    |  \-[SELECT] Node: 'select'
    |     \-[IDENT] Node: 'generatedAlias0'
    \-[WHERE] Node: 'where'
       \-[EQ] Node: '='
          +-[DOT] Node: '.'
          |  +-[IDENT] Node: 'generatedAlias0'
          |  \-[IDENT] Node: 'id'
          \-[COLON] Node: ':'
             \-[IDENT] Node: 'id'

2021-11-19T10:24:07,162|[DEBUG] HqlSqlBaseWalker - select << begin [level=1, statement=select]
2021-11-19T10:24:07,162|[DEBUG] FromElement - FromClause{level=1} : bloodbank.entity.BloodBank (generatedAlias0) -> bloodbank0_
2021-11-19T10:24:07,163|[DEBUG] FromReferenceNode - Resolved : generatedAlias0 -> bloodbank0_.bank_id
2021-11-19T10:24:07,163|[DEBUG] FromReferenceNode - Resolved : generatedAlias0 -> bloodbank0_.bank_id
2021-11-19T10:24:07,163|[TRACE] FromElement - Handling property dereference [bloodbank.entity.BloodBank (generatedAlias0) -> id (class)]
2021-11-19T10:24:07,163|[DEBUG] DotNode - getDataType() : id -> org.hibernate.type.IntegerType@6892cc6f
2021-11-19T10:24:07,163|[DEBUG] FromReferenceNode - Resolved : generatedAlias0.id -> bloodbank0_.bank_id
2021-11-19T10:24:07,163|[DEBUG] HqlSqlBaseWalker - select : finishing up [level=1, statement=select]
2021-11-19T10:24:07,163|[DEBUG] HqlSqlWalker - processQuery() :  ( SELECT ( {select clause} bloodbank0_.bank_id ) ( FromClause{level=1} blood_bank bloodbank0_ ) ( where ( = ( bloodbank0_.bank_id bloodbank0_.bank_id id ) ? ) ) )
2021-11-19T10:24:07,163|[DEBUG] JoinProcessor - Tables referenced from query nodes:
 \-QueryNode
    +-SelectClause
    | referencedTables(entity BloodBank): [blood_bank]
    |  +-IdentNode
    |  | persister: SingleTableEntityPersister(bloodbank.entity.BloodBank)
    |  | originalText: generatedAlias0
    |  \-SqlFragment
    +-FromClause
    |  \-FromElement
    \-SqlNode
       \-BinaryLogicOperatorNode
          +-DotNode
          | persister: SingleTableEntityPersister(bloodbank.entity.BloodBank)
          | path: generatedAlias0.id
          |  +-IdentNode
          |  | persister: SingleTableEntityPersister(bloodbank.entity.BloodBank)
          |  | originalText: generatedAlias0
          |  \-IdentNode
          |    persister: null
          |    originalText: id
          \-ParameterNode

2021-11-19T10:24:07,163|[DEBUG] JoinProcessor - Using FROM fragment [blood_bank bloodbank0_]
2021-11-19T10:24:07,164|[DEBUG] HqlSqlBaseWalker - select >> end [level=1, statement=select]
2021-11-19T10:24:07,164|[DEBUG] QueryTranslatorImpl - --- SQL AST ---
 \-[SELECT] QueryNode: 'SELECT'  querySpaces (blood_bank)
    +-[SELECT_CLAUSE] SelectClause: '{select clause}'
    |  +-[ALIAS_REF] IdentNode: 'bloodbank0_.bank_id as bank_id2_1_' {alias=generatedAlias0, className=bloodbank.entity.BloodBank, tableAlias=bloodbank0_}
    |  \-[SQL_TOKEN] SqlFragment: 'bloodbank0_.created as created3_1_, bloodbank0_.updated as updated4_1_, bloodbank0_.version as version5_1_, bloodbank0_.name as name6_1_, bloodbank0_.privately_owned as privatel1_1_'
    +-[FROM] FromClause: 'from' FromClause{level=1, fromElementCounter=1, fromElements=1, fromElementByClassAlias=[generatedAlias0], fromElementByTableAlias=[bloodbank0_], fromElementsByPath=[], collectionJoinFromElementsByPath=[], impliedElements=[]}
    |  \-[FROM_FRAGMENT] FromElement: 'blood_bank bloodbank0_' FromElement{explicit,not a collection join,not a fetch join,fetch non-lazy properties,classAlias=generatedAlias0,role=null,tableName=blood_bank,tableAlias=bloodbank0_,origin=null,columns={,className=bloodbank.entity.BloodBank}}
    \-[WHERE] SqlNode: 'where'
       \-[EQ] BinaryLogicOperatorNode: '='
          +-[DOT] DotNode: 'bloodbank0_.bank_id' {propertyName=id,dereferenceType=PRIMITIVE,getPropertyPath=id,path=generatedAlias0.id,tableAlias=bloodbank0_,className=bloodbank.entity.BloodBank,classAlias=generatedAlias0}
          |  +-[ALIAS_REF] IdentNode: 'bloodbank0_.bank_id' {alias=generatedAlias0, className=bloodbank.entity.BloodBank, tableAlias=bloodbank0_}
          |  \-[IDENT] IdentNode: 'id' {originalText=id}
          \-[NAMED_PARAM] ParameterNode: '?' {name=id, expectedType=org.hibernate.type.IntegerType@6892cc6f}

2021-11-19T10:24:07,164|[DEBUG] ErrorTracker - throwQueryException() : no errors
2021-11-19T10:24:07,164|[DEBUG] QueryTranslatorImpl - HQL: select generatedAlias0 from bloodbank.entity.BloodBank as generatedAlias0 where generatedAlias0.id=:id
2021-11-19T10:24:07,164|[DEBUG] QueryTranslatorImpl - SQL: select bloodbank0_.bank_id as bank_id2_1_, bloodbank0_.created as created3_1_, bloodbank0_.updated as updated4_1_, bloodbank0_.version as version5_1_, bloodbank0_.name as name6_1_, bloodbank0_.privately_owned as privatel1_1_ from blood_bank bloodbank0_ where bloodbank0_.bank_id=?
2021-11-19T10:24:07,164|[DEBUG] ErrorTracker - throwQueryException() : no errors
2021-11-19T10:24:07,164|[TRACE] QueryPlanCache - Located HQL query plan in cache (select generatedAlias0 from BloodBank as generatedAlias0 where generatedAlias0.id=:id)
2021-11-19T10:24:07,164|[TRACE] QueryPlanCache - Located HQL query plan in cache (select generatedAlias0 from BloodBank as generatedAlias0 where generatedAlias0.id=:id)
2021-11-19T10:24:07,164|[TRACE] HQLQueryPlan - Find: select generatedAlias0 from BloodBank as generatedAlias0 where generatedAlias0.id=:id
2021-11-19T10:24:07,164|[TRACE] QueryParameters - Named parameters: {id=1}
2021-11-19T10:24:07,164|[DEBUG] SQL - 
    /* select
        generatedAlias0 
    from
        BloodBank as generatedAlias0 
    where
        generatedAlias0.id=:id */ select
            bloodbank0_.bank_id as bank_id2_1_,
            bloodbank0_.created as created3_1_,
            bloodbank0_.updated as updated4_1_,
            bloodbank0_.version as version5_1_,
            bloodbank0_.name as name6_1_,
            bloodbank0_.privately_owned as privatel1_1_ 
        from
            blood_bank bloodbank0_ 
        where
            bloodbank0_.bank_id=?
2021-11-19T10:24:07,165|[TRACE] ResourceRegistryStandardImpl - Registering statement [com.mysql.cj.jdbc.ClientPreparedStatement: /* select generatedAlias0 from BloodBank as generatedAlias0 where generatedAlias0.id=:id */ select bloodbank0_.bank_id as bank_id2_1_, bloodbank0_.created as created3_1_, bloodbank0_.updated as updated4_1_, bloodbank0_.version as version5_1_, bloodbank0_.name as name6_1_, bloodbank0_.privately_owned as privatel1_1_ from blood_bank bloodbank0_ where bloodbank0_.bank_id=** NOT SPECIFIED **]
2021-11-19T10:24:07,165|[TRACE] JdbcCoordinatorImpl - Registering last query statement [com.mysql.cj.jdbc.ClientPreparedStatement: /* select generatedAlias0 from BloodBank as generatedAlias0 where generatedAlias0.id=:id */ select bloodbank0_.bank_id as bank_id2_1_, bloodbank0_.created as created3_1_, bloodbank0_.updated as updated4_1_, bloodbank0_.version as version5_1_, bloodbank0_.name as name6_1_, bloodbank0_.privately_owned as privatel1_1_ from blood_bank bloodbank0_ where bloodbank0_.bank_id=** NOT SPECIFIED **]
2021-11-19T10:24:07,165|[TRACE] BasicBinder - binding parameter [1] as [INTEGER] - [1]
2021-11-19T10:24:07,165|[TRACE] Loader - Bound [2] parameters total
2021-11-19T10:24:07,166|[TRACE] ResourceRegistryStandardImpl - Registering result set [com.mysql.cj.jdbc.result.ResultSetImpl@6020cd42]
2021-11-19T10:24:07,166|[TRACE] Loader - Processing result set
2021-11-19T10:24:07,166|[DEBUG] Loader - Result set row: 0
2021-11-19T10:24:07,166|[TRACE] BasicExtractor - extracted value ([bank_id2_1_] : [INTEGER]) - [1]
2021-11-19T10:24:07,166|[DEBUG] Loader - Result row: EntityKey[bloodbank.entity.BloodBank#1]
2021-11-19T10:24:07,166|[TRACE] BasicExtractor - extracted value ([privatel1_1_] : [INTEGER]) - [0]
2021-11-19T10:24:07,166|[TRACE] Loader - Initializing object from ResultSet: [bloodbank.entity.PublicBloodBank#1]
2021-11-19T10:24:07,166|[TRACE] AbstractEntityPersister - Hydrating entity: [bloodbank.entity.PublicBloodBank#1]
2021-11-19T10:24:07,166|[TRACE] BasicExtractor - extracted value ([created3_1_] : [BIGINT]) - [1637335447138]
2021-11-19T10:24:07,166|[TRACE] BasicExtractor - extracted value ([updated4_1_] : [BIGINT]) - [1637335447138]
2021-11-19T10:24:07,166|[TRACE] BasicExtractor - extracted value ([version5_1_] : [INTEGER]) - [0]
2021-11-19T10:24:07,166|[TRACE] BasicExtractor - extracted value ([name6_1_] : [VARCHAR]) - [Simzhuo Blood Bank]
2021-11-19T10:24:07,166|[TRACE] TwoPhaseLoad - Version: 0
2021-11-19T10:24:07,166|[TRACE] Loader - Done processing result set (1 rows)
2021-11-19T10:24:07,166|[TRACE] Loader - Total objects hydrated: 1
2021-11-19T10:24:07,166|[DEBUG] TwoPhaseLoad - Resolving attributes for [bloodbank.entity.PublicBloodBank#1]
2021-11-19T10:24:07,166|[DEBUG] TwoPhaseLoad - Processing attribute `epochCreated` : value = 1637335447138
2021-11-19T10:24:07,166|[DEBUG] TwoPhaseLoad - Attribute (`epochCreated`)  - enhanced for lazy-loading? - false
2021-11-19T10:24:07,166|[DEBUG] TwoPhaseLoad - Processing attribute `epochUpdated` : value = 1637335447138
2021-11-19T10:24:07,166|[DEBUG] TwoPhaseLoad - Attribute (`epochUpdated`)  - enhanced for lazy-loading? - false
2021-11-19T10:24:07,166|[DEBUG] TwoPhaseLoad - Processing attribute `version` : value = 0
2021-11-19T10:24:07,166|[DEBUG] TwoPhaseLoad - Attribute (`version`)  - enhanced for lazy-loading? - false
2021-11-19T10:24:07,166|[DEBUG] TwoPhaseLoad - Processing attribute `donations` : value = NOT NULL COLLECTION
2021-11-19T10:24:07,166|[DEBUG] TwoPhaseLoad - Attribute (`donations`)  - enhanced for lazy-loading? - false
2021-11-19T10:24:07,166|[TRACE] CollectionType - Created collection wrapper: [bloodbank.entity.BloodBank.donations#1]
2021-11-19T10:24:07,166|[DEBUG] TwoPhaseLoad - Processing attribute `name` : value = Simzhuo Blood Bank
2021-11-19T10:24:07,166|[DEBUG] TwoPhaseLoad - Attribute (`name`)  - enhanced for lazy-loading? - false
2021-11-19T10:24:07,166|[DEBUG] TwoPhaseLoad - Done materializing entity [bloodbank.entity.PublicBloodBank#1]
2021-11-19T10:24:07,166|[TRACE] ResourceRegistryStandardImpl - Releasing statement [com.mysql.cj.jdbc.ClientPreparedStatement: /* select generatedAlias0 from BloodBank as generatedAlias0 where generatedAlias0.id=:id */ select bloodbank0_.bank_id as bank_id2_1_, bloodbank0_.created as created3_1_, bloodbank0_.updated as updated4_1_, bloodbank0_.version as version5_1_, bloodbank0_.name as name6_1_, bloodbank0_.privately_owned as privatel1_1_ from blood_bank bloodbank0_ where bloodbank0_.bank_id=1]
2021-11-19T10:24:07,166|[TRACE] ResourceRegistryStandardImpl - Closing result set [com.mysql.cj.jdbc.result.ResultSetImpl@6020cd42]
2021-11-19T10:24:07,167|[TRACE] ResourceRegistryStandardImpl - Closing prepared statement [com.mysql.cj.jdbc.ClientPreparedStatement: /* select generatedAlias0 from BloodBank as generatedAlias0 where generatedAlias0.id=:id */ select bloodbank0_.bank_id as bank_id2_1_, bloodbank0_.created as created3_1_, bloodbank0_.updated as updated4_1_, bloodbank0_.version as version5_1_, bloodbank0_.name as name6_1_, bloodbank0_.privately_owned as privatel1_1_ from blood_bank bloodbank0_ where bloodbank0_.bank_id=1]
2021-11-19T10:24:07,167|[TRACE] JdbcCoordinatorImpl - Starting after statement execution processing [AFTER_TRANSACTION]
2021-11-19T10:24:07,167|[TRACE] StatefulPersistenceContext - Initializing non-lazy collections
2021-11-19T10:24:07,167|[TRACE] AbstractLogicalConnectionImplementor - LogicalConnection#afterTransaction
2021-11-19T10:24:07,167|[TRACE] ResourceRegistryStandardImpl - Releasing JDBC resources
2021-11-19T10:24:07,167|[DEBUG] LogicalConnectionManagedImpl - Initiating JDBC connection release from afterTransaction
2021-11-19T10:24:07,167|[TRACE] ResourceRegistryStandardImpl - Releasing JDBC resources
2021-11-19T10:24:07,167|[TRACE] DefaultInitializeCollectionEventListener - Initializing collection [bloodbank.entity.BloodBank.donations#1]
2021-11-19T10:24:07,167|[TRACE] DefaultInitializeCollectionEventListener - Checking second-level cache
2021-11-19T10:24:07,167|[TRACE] DefaultInitializeCollectionEventListener - Collection not cached
2021-11-19T10:24:07,167|[DEBUG] AbstractLoadPlanBasedCollectionInitializer - Loading collection: [bloodbank.entity.BloodBank.donations#1]
2021-11-19T10:24:07,167|[DEBUG] SQL - 
    select
        donations0_.bank_id as bank_id8_2_0_,
        donations0_.donation_id as donation1_2_0_,
        donations0_.donation_id as donation1_2_1_,
        donations0_.created as created2_2_1_,
        donations0_.updated as updated3_2_1_,
        donations0_.version as version4_2_1_,
        donations0_.bank_id as bank_id8_2_1_,
        donations0_.blood_group as blood_gr5_2_1_,
        donations0_.rhd as rhd6_2_1_,
        donations0_.milliliters as millilit7_2_1_ 
    from
        blood_donation donations0_ 
    where
        donations0_.bank_id=?
2021-11-19T10:24:07,168|[TRACE] ResourceRegistryStandardImpl - Registering statement [com.mysql.cj.jdbc.ClientPreparedStatement: select donations0_.bank_id as bank_id8_2_0_, donations0_.donation_id as donation1_2_0_, donations0_.donation_id as donation1_2_1_, donations0_.created as created2_2_1_, donations0_.updated as updated3_2_1_, donations0_.version as version4_2_1_, donations0_.bank_id as bank_id8_2_1_, donations0_.blood_group as blood_gr5_2_1_, donations0_.rhd as rhd6_2_1_, donations0_.milliliters as millilit7_2_1_ from blood_donation donations0_ where donations0_.bank_id=** NOT SPECIFIED **]
2021-11-19T10:24:07,168|[TRACE] JdbcCoordinatorImpl - Registering last query statement [com.mysql.cj.jdbc.ClientPreparedStatement: select donations0_.bank_id as bank_id8_2_0_, donations0_.donation_id as donation1_2_0_, donations0_.donation_id as donation1_2_1_, donations0_.created as created2_2_1_, donations0_.updated as updated3_2_1_, donations0_.version as version4_2_1_, donations0_.bank_id as bank_id8_2_1_, donations0_.blood_group as blood_gr5_2_1_, donations0_.rhd as rhd6_2_1_, donations0_.milliliters as millilit7_2_1_ from blood_donation donations0_ where donations0_.bank_id=** NOT SPECIFIED **]
2021-11-19T10:24:07,168|[TRACE] BasicBinder - binding parameter [1] as [INTEGER] - [1]
2021-11-19T10:24:07,168|[TRACE] AbstractLoadPlanBasedLoader - Bound [2] parameters total
2021-11-19T10:24:07,168|[TRACE] ResourceRegistryStandardImpl - Registering result set [com.mysql.cj.jdbc.result.ResultSetImpl@2693e39c]
2021-11-19T10:24:07,168|[DEBUG] ResultSetProcessorImpl - Preparing collection initializer : [bloodbank.entity.BloodBank.donations#1]
2021-11-19T10:24:07,169|[TRACE] LoadContexts - Constructing collection load context for result set [com.mysql.cj.jdbc.result.ResultSetImpl@2693e39c]
2021-11-19T10:24:07,169|[TRACE] CollectionLoadContext - Starting attempt to find loading collection [[bloodbank.entity.BloodBank.donations#1]]
2021-11-19T10:24:07,169|[TRACE] CollectionLoadContext - Collection not yet initialized; initializing
2021-11-19T10:24:07,169|[TRACE] ResultSetProcessorImpl - Processing result set
2021-11-19T10:24:07,169|[TRACE] ResultSetProcessorImpl - Starting ResultSet row #0
2021-11-19T10:24:07,169|[TRACE] BasicExtractor - extracted value ([donation1_2_1_] : [INTEGER]) - [1]
2021-11-19T10:24:07,169|[TRACE] EntityReferenceInitializerImpl - hydrating entity state
2021-11-19T10:24:07,169|[TRACE] EntityReferenceInitializerImpl - Initializing object from ResultSet: [bloodbank.entity.BloodDonation#1]
2021-11-19T10:24:07,169|[TRACE] AbstractEntityPersister - Hydrating entity: [bloodbank.entity.BloodDonation#1]
2021-11-19T10:24:07,169|[TRACE] BasicExtractor - extracted value ([created2_2_1_] : [BIGINT]) - [1637335447138]
2021-11-19T10:24:07,169|[TRACE] BasicExtractor - extracted value ([updated3_2_1_] : [BIGINT]) - [1637335447138]
2021-11-19T10:24:07,169|[TRACE] BasicExtractor - extracted value ([version4_2_1_] : [INTEGER]) - [0]
2021-11-19T10:24:07,169|[TRACE] BasicExtractor - extracted value ([bank_id8_2_1_] : [INTEGER]) - [1]
2021-11-19T10:24:07,169|[TRACE] BasicExtractor - extracted value ([blood_gr5_2_1_] : [VARCHAR]) - [AB]
2021-11-19T10:24:07,169|[TRACE] BasicExtractor - extracted value ([rhd6_2_1_] : [TINYINT]) - [1]
2021-11-19T10:24:07,169|[TRACE] BasicExtractor - extracted value ([millilit7_2_1_] : [INTEGER]) - [5]
2021-11-19T10:24:07,169|[TRACE] TwoPhaseLoad - Version: 0
2021-11-19T10:24:07,169|[TRACE] BasicExtractor - extracted value ([bank_id8_2_0_] : [INTEGER]) - [1]
2021-11-19T10:24:07,169|[DEBUG] CollectionReferenceInitializerImpl - Found row of collection: [bloodbank.entity.BloodBank.donations#1]
2021-11-19T10:24:07,169|[TRACE] CollectionLoadContext - Starting attempt to find loading collection [[bloodbank.entity.BloodBank.donations#1]]
2021-11-19T10:24:07,169|[TRACE] LoadContexts - Attempting to locate loading collection entry [CollectionKey[bloodbank.entity.BloodBank.donations#1]] in any result-set context
2021-11-19T10:24:07,169|[TRACE] LoadContexts - Collection [CollectionKey[bloodbank.entity.BloodBank.donations#1]] located in load context
2021-11-19T10:24:07,169|[TRACE] CollectionLoadContext - Found loading collection bound to current result set processing; reading row
2021-11-19T10:24:07,169|[TRACE] BasicExtractor - extracted value ([donation1_2_0_] : [INTEGER]) - [1]
2021-11-19T10:24:07,169|[TRACE] DefaultLoadEventListener - Loading entity: [bloodbank.entity.BloodDonation#1]
2021-11-19T10:24:07,169|[TRACE] DefaultLoadEventListener - Attempting to resolve: [bloodbank.entity.BloodDonation#1]
2021-11-19T10:24:07,169|[TRACE] ResultSetProcessorImpl - Done processing result set (1 rows)
2021-11-19T10:24:07,169|[TRACE] AbstractRowReader - Total objects hydrated: 1
2021-11-19T10:24:07,169|[DEBUG] TwoPhaseLoad - Resolving attributes for [bloodbank.entity.BloodDonation#1]
2021-11-19T10:24:07,169|[DEBUG] TwoPhaseLoad - Processing attribute `epochCreated` : value = 1637335447138
2021-11-19T10:24:07,169|[DEBUG] TwoPhaseLoad - Attribute (`epochCreated`)  - enhanced for lazy-loading? - false
2021-11-19T10:24:07,169|[DEBUG] TwoPhaseLoad - Processing attribute `epochUpdated` : value = 1637335447138
2021-11-19T10:24:07,169|[DEBUG] TwoPhaseLoad - Attribute (`epochUpdated`)  - enhanced for lazy-loading? - false
2021-11-19T10:24:07,169|[DEBUG] TwoPhaseLoad - Processing attribute `version` : value = 0
2021-11-19T10:24:07,169|[DEBUG] TwoPhaseLoad - Attribute (`version`)  - enhanced for lazy-loading? - false
2021-11-19T10:24:07,169|[DEBUG] TwoPhaseLoad - Processing attribute `bank` : value = 1
2021-11-19T10:24:07,169|[DEBUG] TwoPhaseLoad - Attribute (`bank`)  - enhanced for lazy-loading? - false
2021-11-19T10:24:07,170|[TRACE] DefaultLoadEventListener - Loading entity: [bloodbank.entity.BloodBank#1]
2021-11-19T10:24:07,170|[TRACE] DefaultLoadEventListener - Entity found in session cache
2021-11-19T10:24:07,170|[DEBUG] TwoPhaseLoad - Processing attribute `bloodType` : value = [Ljava.lang.Object;@1043c493
2021-11-19T10:24:07,170|[DEBUG] TwoPhaseLoad - Attribute (`bloodType`)  - enhanced for lazy-loading? - false
2021-11-19T10:24:07,170|[DEBUG] TwoPhaseLoad - Processing attribute `milliliters` : value = 5
2021-11-19T10:24:07,170|[DEBUG] TwoPhaseLoad - Attribute (`milliliters`)  - enhanced for lazy-loading? - false
2021-11-19T10:24:07,170|[DEBUG] TwoPhaseLoad - Processing attribute `record` : value = 1
2021-11-19T10:24:07,170|[DEBUG] TwoPhaseLoad - Attribute (`record`)  - enhanced for lazy-loading? - false
2021-11-19T10:24:07,170|[TRACE] DefaultLoadEventListener - Loading entity: [bloodbank.entity.DonationRecord#1]
2021-11-19T10:24:07,170|[TRACE] DefaultLoadEventListener - Attempting to resolve: [bloodbank.entity.DonationRecord#1]
2021-11-19T10:24:07,170|[TRACE] DefaultLoadEventListener - Object not resolved in any cache: [bloodbank.entity.DonationRecord#1]
2021-11-19T10:24:07,170|[TRACE] AbstractEntityPersister - Fetching entity: [bloodbank.entity.DonationRecord#1]
2021-11-19T10:24:07,170|[DEBUG] SQL - 
    select
        donationre0_.record_id as record_i1_4_0_,
        donationre0_.created as created2_4_0_,
        donationre0_.updated as updated3_4_0_,
        donationre0_.version as version4_4_0_,
        donationre0_.donation_id as donation6_4_0_,
        donationre0_.person_id as person_i7_4_0_,
        donationre0_.tested as tested5_4_0_,
        blooddonat1_.donation_id as donation1_2_1_,
        blooddonat1_.created as created2_2_1_,
        blooddonat1_.updated as updated3_2_1_,
        blooddonat1_.version as version4_2_1_,
        blooddonat1_.bank_id as bank_id8_2_1_,
        blooddonat1_.blood_group as blood_gr5_2_1_,
        blooddonat1_.rhd as rhd6_2_1_,
        blooddonat1_.milliliters as millilit7_2_1_ 
    from
        donation_record donationre0_ 
    inner join
        blood_donation blooddonat1_ 
            on donationre0_.donation_id=blooddonat1_.donation_id 
    where
        donationre0_.record_id=?
2021-11-19T10:24:07,170|[TRACE] ResourceRegistryStandardImpl - Registering statement [com.mysql.cj.jdbc.ClientPreparedStatement: select donationre0_.record_id as record_i1_4_0_, donationre0_.created as created2_4_0_, donationre0_.updated as updated3_4_0_, donationre0_.version as version4_4_0_, donationre0_.donation_id as donation6_4_0_, donationre0_.person_id as person_i7_4_0_, donationre0_.tested as tested5_4_0_, blooddonat1_.donation_id as donation1_2_1_, blooddonat1_.created as created2_2_1_, blooddonat1_.updated as updated3_2_1_, blooddonat1_.version as version4_2_1_, blooddonat1_.bank_id as bank_id8_2_1_, blooddonat1_.blood_group as blood_gr5_2_1_, blooddonat1_.rhd as rhd6_2_1_, blooddonat1_.milliliters as millilit7_2_1_ from donation_record donationre0_ inner join blood_donation blooddonat1_ on donationre0_.donation_id=blooddonat1_.donation_id where donationre0_.record_id=** NOT SPECIFIED **]
2021-11-19T10:24:07,170|[TRACE] JdbcCoordinatorImpl - Registering last query statement [com.mysql.cj.jdbc.ClientPreparedStatement: select donationre0_.record_id as record_i1_4_0_, donationre0_.created as created2_4_0_, donationre0_.updated as updated3_4_0_, donationre0_.version as version4_4_0_, donationre0_.donation_id as donation6_4_0_, donationre0_.person_id as person_i7_4_0_, donationre0_.tested as tested5_4_0_, blooddonat1_.donation_id as donation1_2_1_, blooddonat1_.created as created2_2_1_, blooddonat1_.updated as updated3_2_1_, blooddonat1_.version as version4_2_1_, blooddonat1_.bank_id as bank_id8_2_1_, blooddonat1_.blood_group as blood_gr5_2_1_, blooddonat1_.rhd as rhd6_2_1_, blooddonat1_.milliliters as millilit7_2_1_ from donation_record donationre0_ inner join blood_donation blooddonat1_ on donationre0_.donation_id=blooddonat1_.donation_id where donationre0_.record_id=** NOT SPECIFIED **]
2021-11-19T10:24:07,170|[TRACE] BasicBinder - binding parameter [1] as [INTEGER] - [1]
2021-11-19T10:24:07,170|[TRACE] AbstractLoadPlanBasedLoader - Bound [2] parameters total
2021-11-19T10:24:07,171|[TRACE] ResourceRegistryStandardImpl - Registering result set [com.mysql.cj.jdbc.result.ResultSetImpl@12115c28]
2021-11-19T10:24:07,171|[TRACE] ResultSetProcessorImpl - Processing result set
2021-11-19T10:24:07,171|[TRACE] ResultSetProcessorImpl - Starting ResultSet row #0
2021-11-19T10:24:07,171|[TRACE] BasicExtractor - extracted value ([donation1_2_1_] : [INTEGER]) - [1]
2021-11-19T10:24:07,171|[DEBUG] EntityReferenceInitializerImpl - On call to EntityIdentifierReaderImpl#resolve, EntityKey was already known; should only happen on root returns with an optional identifier specified
2021-11-19T10:24:07,171|[TRACE] EntityReferenceInitializerImpl - hydrating entity state
2021-11-19T10:24:07,171|[TRACE] EntityReferenceInitializerImpl - Initializing object from ResultSet: [bloodbank.entity.DonationRecord#1]
2021-11-19T10:24:07,172|[TRACE] AbstractEntityPersister - Hydrating entity: [bloodbank.entity.DonationRecord#1]
2021-11-19T10:24:07,172|[TRACE] BasicExtractor - extracted value ([created2_4_0_] : [BIGINT]) - [1637335447138]
2021-11-19T10:24:07,172|[TRACE] BasicExtractor - extracted value ([updated3_4_0_] : [BIGINT]) - [1637335447138]
2021-11-19T10:24:07,172|[TRACE] BasicExtractor - extracted value ([version4_4_0_] : [INTEGER]) - [0]
2021-11-19T10:24:07,172|[TRACE] BasicExtractor - extracted value ([donation6_4_0_] : [INTEGER]) - [1]
2021-11-19T10:24:07,172|[TRACE] BasicExtractor - extracted value ([person_i7_4_0_] : [INTEGER]) - [1]
2021-11-19T10:24:07,172|[TRACE] BasicExtractor - extracted value ([tested5_4_0_] : [TINYINT]) - [0]
2021-11-19T10:24:07,172|[TRACE] TwoPhaseLoad - Version: 0
2021-11-19T10:24:07,172|[TRACE] ResultSetProcessorImpl - Done processing result set (1 rows)
2021-11-19T10:24:07,172|[TRACE] AbstractRowReader - Total objects hydrated: 1
2021-11-19T10:24:07,172|[DEBUG] TwoPhaseLoad - Resolving attributes for [bloodbank.entity.DonationRecord#1]
2021-11-19T10:24:07,172|[DEBUG] TwoPhaseLoad - Processing attribute `epochCreated` : value = 1637335447138
2021-11-19T10:24:07,172|[DEBUG] TwoPhaseLoad - Attribute (`epochCreated`)  - enhanced for lazy-loading? - false
2021-11-19T10:24:07,172|[DEBUG] TwoPhaseLoad - Processing attribute `epochUpdated` : value = 1637335447138
2021-11-19T10:24:07,172|[DEBUG] TwoPhaseLoad - Attribute (`epochUpdated`)  - enhanced for lazy-loading? - false
2021-11-19T10:24:07,172|[DEBUG] TwoPhaseLoad - Processing attribute `version` : value = 0
2021-11-19T10:24:07,172|[DEBUG] TwoPhaseLoad - Attribute (`version`)  - enhanced for lazy-loading? - false
2021-11-19T10:24:07,172|[DEBUG] TwoPhaseLoad - Processing attribute `donation` : value = 1
2021-11-19T10:24:07,172|[DEBUG] TwoPhaseLoad - Attribute (`donation`)  - enhanced for lazy-loading? - false
2021-11-19T10:24:07,172|[TRACE] DefaultLoadEventListener - Loading entity: [bloodbank.entity.BloodDonation#1]
2021-11-19T10:24:07,172|[TRACE] DefaultLoadEventListener - Attempting to resolve: [bloodbank.entity.BloodDonation#1]
2021-11-19T10:24:07,172|[DEBUG] TwoPhaseLoad - Processing attribute `owner` : value = 1
2021-11-19T10:24:07,172|[DEBUG] TwoPhaseLoad - Attribute (`owner`)  - enhanced for lazy-loading? - false
2021-11-19T10:24:07,172|[TRACE] DefaultLoadEventListener - Loading entity: [bloodbank.entity.Person#1]
2021-11-19T10:24:07,172|[TRACE] DefaultLoadEventListener - Creating new proxy for entity
2021-11-19T10:24:07,173|[DEBUG] TwoPhaseLoad - Processing attribute `tested` : value = 0
2021-11-19T10:24:07,173|[DEBUG] TwoPhaseLoad - Attribute (`tested`)  - enhanced for lazy-loading? - false
2021-11-19T10:24:07,173|[DEBUG] TwoPhaseLoad - Done materializing entity [bloodbank.entity.DonationRecord#1]
2021-11-19T10:24:07,173|[TRACE] ResultSetProcessingContextImpl - Skipping create subselects because there are fewer than 2 results, so query by key is more efficient.
2021-11-19T10:24:07,173|[TRACE] ResourceRegistryStandardImpl - Releasing statement [com.mysql.cj.jdbc.ClientPreparedStatement: select donationre0_.record_id as record_i1_4_0_, donationre0_.created as created2_4_0_, donationre0_.updated as updated3_4_0_, donationre0_.version as version4_4_0_, donationre0_.donation_id as donation6_4_0_, donationre0_.person_id as person_i7_4_0_, donationre0_.tested as tested5_4_0_, blooddonat1_.donation_id as donation1_2_1_, blooddonat1_.created as created2_2_1_, blooddonat1_.updated as updated3_2_1_, blooddonat1_.version as version4_2_1_, blooddonat1_.bank_id as bank_id8_2_1_, blooddonat1_.blood_group as blood_gr5_2_1_, blooddonat1_.rhd as rhd6_2_1_, blooddonat1_.milliliters as millilit7_2_1_ from donation_record donationre0_ inner join blood_donation blooddonat1_ on donationre0_.donation_id=blooddonat1_.donation_id where donationre0_.record_id=1]
2021-11-19T10:24:07,173|[TRACE] ResourceRegistryStandardImpl - Closing result set [com.mysql.cj.jdbc.result.ResultSetImpl@12115c28]
2021-11-19T10:24:07,173|[TRACE] ResourceRegistryStandardImpl - Closing prepared statement [com.mysql.cj.jdbc.ClientPreparedStatement: select donationre0_.record_id as record_i1_4_0_, donationre0_.created as created2_4_0_, donationre0_.updated as updated3_4_0_, donationre0_.version as version4_4_0_, donationre0_.donation_id as donation6_4_0_, donationre0_.person_id as person_i7_4_0_, donationre0_.tested as tested5_4_0_, blooddonat1_.donation_id as donation1_2_1_, blooddonat1_.created as created2_2_1_, blooddonat1_.updated as updated3_2_1_, blooddonat1_.version as version4_2_1_, blooddonat1_.bank_id as bank_id8_2_1_, blooddonat1_.blood_group as blood_gr5_2_1_, blooddonat1_.rhd as rhd6_2_1_, blooddonat1_.milliliters as millilit7_2_1_ from donation_record donationre0_ inner join blood_donation blooddonat1_ on donationre0_.donation_id=blooddonat1_.donation_id where donationre0_.record_id=1]
2021-11-19T10:24:07,173|[TRACE] JdbcCoordinatorImpl - Starting after statement execution processing [AFTER_TRANSACTION]
2021-11-19T10:24:07,173|[DEBUG] AbstractLoadPlanBasedEntityLoader - Done entity load : bloodbank.entity.DonationRecord#1
2021-11-19T10:24:07,173|[DEBUG] TwoPhaseLoad - Done materializing entity [bloodbank.entity.BloodDonation#1]
2021-11-19T10:24:07,173|[TRACE] LoadContexts - Attempting to locate loading collection entry [CollectionKey[bloodbank.entity.BloodBank.donations#1]] in any result-set context
2021-11-19T10:24:07,173|[TRACE] LoadContexts - Collection [CollectionKey[bloodbank.entity.BloodBank.donations#1]] located in load context
2021-11-19T10:24:07,173|[TRACE] CollectionLoadContext - Removing collection load entry [org.hibernate.engine.loading.internal.LoadingCollectionEntry<rs=com.mysql.cj.jdbc.result.ResultSetImpl@2693e39c, coll=[bloodbank.entity.BloodBank.donations#1]>@173602c0]
2021-11-19T10:24:07,173|[DEBUG] CollectionLoadContext - 1 collections were found in result set for role: bloodbank.entity.BloodBank.donations
2021-11-19T10:24:07,173|[TRACE] CollectionLoadContext - Ending loading collection [org.hibernate.engine.loading.internal.LoadingCollectionEntry<rs=com.mysql.cj.jdbc.result.ResultSetImpl@2693e39c, coll=[bloodbank.entity.BloodBank.donations#1]>@173602c0]
2021-11-19T10:24:07,173|[DEBUG] CollectionLoadContext - Collection fully initialized: [bloodbank.entity.BloodBank.donations#1]
2021-11-19T10:24:07,173|[DEBUG] CollectionLoadContext - 1 collections initialized for role: bloodbank.entity.BloodBank.donations
2021-11-19T10:24:07,173|[TRACE] ResultSetProcessingContextImpl - Skipping create subselects because there are fewer than 2 results, so query by key is more efficient.
2021-11-19T10:24:07,173|[TRACE] ResourceRegistryStandardImpl - Releasing statement [com.mysql.cj.jdbc.ClientPreparedStatement: select donations0_.bank_id as bank_id8_2_0_, donations0_.donation_id as donation1_2_0_, donations0_.donation_id as donation1_2_1_, donations0_.created as created2_2_1_, donations0_.updated as updated3_2_1_, donations0_.version as version4_2_1_, donations0_.bank_id as bank_id8_2_1_, donations0_.blood_group as blood_gr5_2_1_, donations0_.rhd as rhd6_2_1_, donations0_.milliliters as millilit7_2_1_ from blood_donation donations0_ where donations0_.bank_id=1]
2021-11-19T10:24:07,173|[TRACE] ResourceRegistryStandardImpl - Closing result set [com.mysql.cj.jdbc.result.ResultSetImpl@2693e39c]
2021-11-19T10:24:07,173|[TRACE] ResourceRegistryStandardImpl - Closing prepared statement [com.mysql.cj.jdbc.ClientPreparedStatement: select donations0_.bank_id as bank_id8_2_0_, donations0_.donation_id as donation1_2_0_, donations0_.donation_id as donation1_2_1_, donations0_.created as created2_2_1_, donations0_.updated as updated3_2_1_, donations0_.version as version4_2_1_, donations0_.bank_id as bank_id8_2_1_, donations0_.blood_group as blood_gr5_2_1_, donations0_.rhd as rhd6_2_1_, donations0_.milliliters as millilit7_2_1_ from blood_donation donations0_ where donations0_.bank_id=1]
2021-11-19T10:24:07,173|[TRACE] JdbcCoordinatorImpl - Starting after statement execution processing [AFTER_TRANSACTION]
2021-11-19T10:24:07,173|[TRACE] StatefulPersistenceContext - Initializing non-lazy collections
2021-11-19T10:24:07,173|[DEBUG] AbstractLoadPlanBasedCollectionInitializer - Done loading collection
2021-11-19T10:24:07,173|[TRACE] DefaultInitializeCollectionEventListener - Collection initialized
2021-11-19T10:24:07,173|[TRACE] SessionImpl - Closing session [d1ed4d88-cb72-4aae-896b-ea7172731ded]
2021-11-19T10:24:07,173|[TRACE] JdbcCoordinatorImpl - Closing JDBC container [org.hibernate.engine.jdbc.internal.JdbcCoordinatorImpl@fdeec12]
2021-11-19T10:24:07,173|[TRACE] ResourceRegistryStandardImpl - Releasing JDBC resources
2021-11-19T10:24:07,173|[TRACE] LogicalConnectionManagedImpl - Closing logical connection
2021-11-19T10:24:07,174|[TRACE] ResourceRegistryStandardImpl - Releasing JDBC resources
2021-11-19T10:24:07,174|[TRACE] LogicalConnectionManagedImpl - Logical connection closed
]]></system-out>
  </testcase>
  <testcase name="testRead" classname="bloodbank.entity.TestCRUDPublicBloodBank" time="0.006">
    <system-out><![CDATA[2021-11-19T10:24:07,175|[TRACE] SessionFactoryImpl$SessionBuilderImpl - Opening Hibernate Session.  tenant=null
2021-11-19T10:24:07,175|[TRACE] SessionImpl - Opened Session [cf6e5196-2e4b-4c64-b09d-1b8f88507b6f] at timestamp: 1637335447175
2021-11-19T10:24:07,175|[DEBUG] TransactionImpl - On TransactionImpl creation, JpaCompliance#isJpaTransactionComplianceEnabled == false
2021-11-19T10:24:07,175|[DEBUG] CriteriaQueryImpl - Rendered criteria query -> select generatedAlias0 from BloodBank as generatedAlias0
2021-11-19T10:24:07,175|[TRACE] QueryPlanCache - Unable to locate HQL query plan in cache; generating (select generatedAlias0 from BloodBank as generatedAlias0)
2021-11-19T10:24:07,175|[DEBUG] QueryTranslatorImpl - parse() - HQL: select generatedAlias0 from bloodbank.entity.BloodBank as generatedAlias0
2021-11-19T10:24:07,175|[TRACE] HqlParser - -> statement
2021-11-19T10:24:07,175|[TRACE] HqlParser - ---> selectStatement
2021-11-19T10:24:07,175|[TRACE] HqlParser - -----> queryRule
2021-11-19T10:24:07,175|[TRACE] HqlParser - -------> selectFrom
2021-11-19T10:24:07,175|[TRACE] HqlParser - ---------> selectClause
2021-11-19T10:24:07,175|[TRACE] HqlParser - -----------> selectedPropertiesList
2021-11-19T10:24:07,175|[TRACE] HqlParser - -------------> aliasedExpression
2021-11-19T10:24:07,175|[TRACE] HqlParser - ---------------> expression
2021-11-19T10:24:07,175|[TRACE] HqlParser - -----------------> logicalOrExpression
2021-11-19T10:24:07,175|[TRACE] HqlParser - -------------------> logicalAndExpression
2021-11-19T10:24:07,175|[TRACE] HqlParser - ---------------------> negatedExpression
2021-11-19T10:24:07,175|[TRACE] HqlParser - -----------------------> equalityExpression
2021-11-19T10:24:07,175|[TRACE] HqlParser - -------------------------> relationalExpression
2021-11-19T10:24:07,175|[TRACE] HqlParser - ---------------------------> concatenation
2021-11-19T10:24:07,175|[TRACE] HqlParser - -----------------------------> additiveExpression
2021-11-19T10:24:07,175|[TRACE] HqlParser - -------------------------------> multiplyExpression
2021-11-19T10:24:07,175|[TRACE] HqlParser - ---------------------------------> unaryExpression
2021-11-19T10:24:07,175|[TRACE] HqlParser - -----------------------------------> atom
2021-11-19T10:24:07,175|[TRACE] HqlParser - -------------------------------------> primaryExpression
2021-11-19T10:24:07,175|[TRACE] HqlParser - ---------------------------------------> identPrimary
2021-11-19T10:24:07,175|[TRACE] HqlParser - -----------------------------------------> identPrimaryBase
2021-11-19T10:24:07,175|[TRACE] HqlParser - -------------------------------------------> identifier
2021-11-19T10:24:07,175|[TRACE] HqlParser - <------------------------------------------- identifier
2021-11-19T10:24:07,175|[TRACE] HqlParser - <----------------------------------------- identPrimaryBase
2021-11-19T10:24:07,175|[TRACE] HqlParser - <--------------------------------------- identPrimary
2021-11-19T10:24:07,175|[TRACE] HqlParser - <------------------------------------- primaryExpression
2021-11-19T10:24:07,175|[TRACE] HqlParser - <----------------------------------- atom
2021-11-19T10:24:07,175|[TRACE] HqlParser - <--------------------------------- unaryExpression
2021-11-19T10:24:07,175|[TRACE] HqlParser - <------------------------------- multiplyExpression
2021-11-19T10:24:07,175|[TRACE] HqlParser - <----------------------------- additiveExpression
2021-11-19T10:24:07,175|[TRACE] HqlParser - <--------------------------- concatenation
2021-11-19T10:24:07,175|[TRACE] HqlParser - <------------------------- relationalExpression
2021-11-19T10:24:07,175|[TRACE] HqlParser - <----------------------- equalityExpression
2021-11-19T10:24:07,175|[TRACE] HqlParser - <--------------------- negatedExpression
2021-11-19T10:24:07,175|[TRACE] HqlParser - <------------------- logicalAndExpression
2021-11-19T10:24:07,175|[TRACE] HqlParser - <----------------- logicalOrExpression
2021-11-19T10:24:07,176|[TRACE] HqlParser - <--------------- expression
2021-11-19T10:24:07,176|[TRACE] HqlParser - <------------- aliasedExpression
2021-11-19T10:24:07,176|[TRACE] HqlParser - <----------- selectedPropertiesList
2021-11-19T10:24:07,176|[TRACE] HqlParser - <--------- selectClause
2021-11-19T10:24:07,176|[TRACE] HqlParser - ---------> fromClause
2021-11-19T10:24:07,176|[TRACE] HqlParser - -----------> fromRange
2021-11-19T10:24:07,176|[TRACE] HqlParser - -------------> fromClassOrOuterQueryPath
2021-11-19T10:24:07,176|[TRACE] HqlParser - ---------------> path
2021-11-19T10:24:07,176|[TRACE] HqlParser - -----------------> identifier
2021-11-19T10:24:07,176|[TRACE] HqlParser - <----------------- identifier
2021-11-19T10:24:07,176|[TRACE] HqlParser - -----------------> identifier
2021-11-19T10:24:07,176|[TRACE] HqlParser - <----------------- identifier
2021-11-19T10:24:07,176|[TRACE] HqlParser - -----------------> identifier
2021-11-19T10:24:07,176|[TRACE] HqlParser - <----------------- identifier
2021-11-19T10:24:07,176|[TRACE] HqlParser - <--------------- path
2021-11-19T10:24:07,176|[TRACE] HqlParser - ---------------> asAlias
2021-11-19T10:24:07,176|[TRACE] HqlParser - -----------------> alias
2021-11-19T10:24:07,176|[TRACE] HqlParser - -------------------> identifier
2021-11-19T10:24:07,176|[TRACE] HqlParser - <------------------- identifier
2021-11-19T10:24:07,176|[TRACE] HqlParser - <----------------- alias
2021-11-19T10:24:07,176|[TRACE] HqlParser - <--------------- asAlias
2021-11-19T10:24:07,176|[TRACE] HqlParser - <------------- fromClassOrOuterQueryPath
2021-11-19T10:24:07,176|[TRACE] HqlParser - <----------- fromRange
2021-11-19T10:24:07,176|[TRACE] HqlParser - <--------- fromClause
2021-11-19T10:24:07,176|[TRACE] HqlParser - <------- selectFrom
2021-11-19T10:24:07,176|[TRACE] HqlParser - <----- queryRule
2021-11-19T10:24:07,176|[TRACE] HqlParser - <--- selectStatement
2021-11-19T10:24:07,176|[TRACE] HqlParser - <- statement
2021-11-19T10:24:07,176|[DEBUG] ErrorTracker - throwQueryException() : no errors
2021-11-19T10:24:07,176|[DEBUG] QueryTranslatorImpl - --- HQL AST ---
 \-[QUERY] Node: 'query'
    \-[SELECT_FROM] Node: 'SELECT_FROM'
       +-[FROM] Node: 'from'
       |  \-[RANGE] Node: 'RANGE'
       |     +-[DOT] Node: '.'
       |     |  +-[DOT] Node: '.'
       |     |  |  +-[IDENT] Node: 'bloodbank'
       |     |  |  \-[IDENT] Node: 'entity'
       |     |  \-[IDENT] Node: 'BloodBank'
       |     \-[ALIAS] Node: 'generatedAlias0'
       \-[SELECT] Node: 'select'
          \-[IDENT] Node: 'generatedAlias0'

2021-11-19T10:24:07,176|[DEBUG] HqlSqlBaseWalker - select << begin [level=1, statement=select]
2021-11-19T10:24:07,176|[DEBUG] FromElement - FromClause{level=1} : bloodbank.entity.BloodBank (generatedAlias0) -> bloodbank0_
2021-11-19T10:24:07,176|[DEBUG] FromReferenceNode - Resolved : generatedAlias0 -> bloodbank0_.bank_id
2021-11-19T10:24:07,177|[DEBUG] HqlSqlBaseWalker - select : finishing up [level=1, statement=select]
2021-11-19T10:24:07,177|[DEBUG] HqlSqlWalker - processQuery() :  ( SELECT ( {select clause} bloodbank0_.bank_id ) ( FromClause{level=1} blood_bank bloodbank0_ ) )
2021-11-19T10:24:07,177|[DEBUG] JoinProcessor - Tables referenced from query nodes:
 \-QueryNode
    +-SelectClause
    | referencedTables(entity BloodBank): [blood_bank]
    |  +-IdentNode
    |  | persister: SingleTableEntityPersister(bloodbank.entity.BloodBank)
    |  | originalText: generatedAlias0
    |  \-SqlFragment
    \-FromClause
       \-FromElement

2021-11-19T10:24:07,177|[DEBUG] JoinProcessor - Using FROM fragment [blood_bank bloodbank0_]
2021-11-19T10:24:07,177|[DEBUG] HqlSqlBaseWalker - select >> end [level=1, statement=select]
2021-11-19T10:24:07,177|[DEBUG] QueryTranslatorImpl - --- SQL AST ---
 \-[SELECT] QueryNode: 'SELECT'  querySpaces (blood_bank)
    +-[SELECT_CLAUSE] SelectClause: '{select clause}'
    |  +-[ALIAS_REF] IdentNode: 'bloodbank0_.bank_id as bank_id2_1_' {alias=generatedAlias0, className=bloodbank.entity.BloodBank, tableAlias=bloodbank0_}
    |  \-[SQL_TOKEN] SqlFragment: 'bloodbank0_.created as created3_1_, bloodbank0_.updated as updated4_1_, bloodbank0_.version as version5_1_, bloodbank0_.name as name6_1_, bloodbank0_.privately_owned as privatel1_1_'
    \-[FROM] FromClause: 'from' FromClause{level=1, fromElementCounter=1, fromElements=1, fromElementByClassAlias=[generatedAlias0], fromElementByTableAlias=[bloodbank0_], fromElementsByPath=[], collectionJoinFromElementsByPath=[], impliedElements=[]}
       \-[FROM_FRAGMENT] FromElement: 'blood_bank bloodbank0_' FromElement{explicit,not a collection join,not a fetch join,fetch non-lazy properties,classAlias=generatedAlias0,role=null,tableName=blood_bank,tableAlias=bloodbank0_,origin=null,columns={,className=bloodbank.entity.BloodBank}}

2021-11-19T10:24:07,177|[DEBUG] ErrorTracker - throwQueryException() : no errors
2021-11-19T10:24:07,177|[DEBUG] QueryTranslatorImpl - HQL: select generatedAlias0 from bloodbank.entity.BloodBank as generatedAlias0
2021-11-19T10:24:07,177|[DEBUG] QueryTranslatorImpl - SQL: select bloodbank0_.bank_id as bank_id2_1_, bloodbank0_.created as created3_1_, bloodbank0_.updated as updated4_1_, bloodbank0_.version as version5_1_, bloodbank0_.name as name6_1_, bloodbank0_.privately_owned as privatel1_1_ from blood_bank bloodbank0_
2021-11-19T10:24:07,177|[DEBUG] ErrorTracker - throwQueryException() : no errors
2021-11-19T10:24:07,177|[TRACE] QueryPlanCache - Located HQL query plan in cache (select generatedAlias0 from BloodBank as generatedAlias0)
2021-11-19T10:24:07,178|[TRACE] QueryPlanCache - Located HQL query plan in cache (select generatedAlias0 from BloodBank as generatedAlias0)
2021-11-19T10:24:07,178|[TRACE] HQLQueryPlan - Find: select generatedAlias0 from BloodBank as generatedAlias0
2021-11-19T10:24:07,178|[TRACE] QueryParameters - Named parameters: {}
2021-11-19T10:24:07,178|[DEBUG] SQL - 
    /* select
        generatedAlias0 
    from
        BloodBank as generatedAlias0 */ select
            bloodbank0_.bank_id as bank_id2_1_,
            bloodbank0_.created as created3_1_,
            bloodbank0_.updated as updated4_1_,
            bloodbank0_.version as version5_1_,
            bloodbank0_.name as name6_1_,
            bloodbank0_.privately_owned as privatel1_1_ 
        from
            blood_bank bloodbank0_
2021-11-19T10:24:07,178|[TRACE] ResourceRegistryStandardImpl - Registering statement [com.mysql.cj.jdbc.ClientPreparedStatement: /* select generatedAlias0 from BloodBank as generatedAlias0 */ select bloodbank0_.bank_id as bank_id2_1_, bloodbank0_.created as created3_1_, bloodbank0_.updated as updated4_1_, bloodbank0_.version as version5_1_, bloodbank0_.name as name6_1_, bloodbank0_.privately_owned as privatel1_1_ from blood_bank bloodbank0_]
2021-11-19T10:24:07,178|[TRACE] JdbcCoordinatorImpl - Registering last query statement [com.mysql.cj.jdbc.ClientPreparedStatement: /* select generatedAlias0 from BloodBank as generatedAlias0 */ select bloodbank0_.bank_id as bank_id2_1_, bloodbank0_.created as created3_1_, bloodbank0_.updated as updated4_1_, bloodbank0_.version as version5_1_, bloodbank0_.name as name6_1_, bloodbank0_.privately_owned as privatel1_1_ from blood_bank bloodbank0_]
2021-11-19T10:24:07,178|[TRACE] Loader - Bound [1] parameters total
2021-11-19T10:24:07,179|[TRACE] ResourceRegistryStandardImpl - Registering result set [com.mysql.cj.jdbc.result.ResultSetImpl@17e323fd]
2021-11-19T10:24:07,179|[TRACE] Loader - Processing result set
2021-11-19T10:24:07,179|[DEBUG] Loader - Result set row: 0
2021-11-19T10:24:07,179|[TRACE] BasicExtractor - extracted value ([bank_id2_1_] : [INTEGER]) - [1]
2021-11-19T10:24:07,179|[DEBUG] Loader - Result row: EntityKey[bloodbank.entity.BloodBank#1]
2021-11-19T10:24:07,179|[TRACE] BasicExtractor - extracted value ([privatel1_1_] : [INTEGER]) - [0]
2021-11-19T10:24:07,179|[TRACE] Loader - Initializing object from ResultSet: [bloodbank.entity.PublicBloodBank#1]
2021-11-19T10:24:07,179|[TRACE] AbstractEntityPersister - Hydrating entity: [bloodbank.entity.PublicBloodBank#1]
2021-11-19T10:24:07,179|[TRACE] BasicExtractor - extracted value ([created3_1_] : [BIGINT]) - [1637335447138]
2021-11-19T10:24:07,179|[TRACE] BasicExtractor - extracted value ([updated4_1_] : [BIGINT]) - [1637335447138]
2021-11-19T10:24:07,179|[TRACE] BasicExtractor - extracted value ([version5_1_] : [INTEGER]) - [0]
2021-11-19T10:24:07,179|[TRACE] BasicExtractor - extracted value ([name6_1_] : [VARCHAR]) - [Simzhuo Blood Bank]
2021-11-19T10:24:07,179|[TRACE] TwoPhaseLoad - Version: 0
2021-11-19T10:24:07,179|[TRACE] Loader - Done processing result set (1 rows)
2021-11-19T10:24:07,179|[TRACE] Loader - Total objects hydrated: 1
2021-11-19T10:24:07,179|[DEBUG] TwoPhaseLoad - Resolving attributes for [bloodbank.entity.PublicBloodBank#1]
2021-11-19T10:24:07,179|[DEBUG] TwoPhaseLoad - Processing attribute `epochCreated` : value = 1637335447138
2021-11-19T10:24:07,179|[DEBUG] TwoPhaseLoad - Attribute (`epochCreated`)  - enhanced for lazy-loading? - false
2021-11-19T10:24:07,179|[DEBUG] TwoPhaseLoad - Processing attribute `epochUpdated` : value = 1637335447138
2021-11-19T10:24:07,179|[DEBUG] TwoPhaseLoad - Attribute (`epochUpdated`)  - enhanced for lazy-loading? - false
2021-11-19T10:24:07,179|[DEBUG] TwoPhaseLoad - Processing attribute `version` : value = 0
2021-11-19T10:24:07,179|[DEBUG] TwoPhaseLoad - Attribute (`version`)  - enhanced for lazy-loading? - false
2021-11-19T10:24:07,179|[DEBUG] TwoPhaseLoad - Processing attribute `donations` : value = NOT NULL COLLECTION
2021-11-19T10:24:07,179|[DEBUG] TwoPhaseLoad - Attribute (`donations`)  - enhanced for lazy-loading? - false
2021-11-19T10:24:07,180|[TRACE] CollectionType - Created collection wrapper: [bloodbank.entity.BloodBank.donations#1]
2021-11-19T10:24:07,180|[DEBUG] TwoPhaseLoad - Processing attribute `name` : value = Simzhuo Blood Bank
2021-11-19T10:24:07,180|[DEBUG] TwoPhaseLoad - Attribute (`name`)  - enhanced for lazy-loading? - false
2021-11-19T10:24:07,180|[DEBUG] TwoPhaseLoad - Done materializing entity [bloodbank.entity.PublicBloodBank#1]
2021-11-19T10:24:07,180|[TRACE] ResourceRegistryStandardImpl - Releasing statement [com.mysql.cj.jdbc.ClientPreparedStatement: /* select generatedAlias0 from BloodBank as generatedAlias0 */ select bloodbank0_.bank_id as bank_id2_1_, bloodbank0_.created as created3_1_, bloodbank0_.updated as updated4_1_, bloodbank0_.version as version5_1_, bloodbank0_.name as name6_1_, bloodbank0_.privately_owned as privatel1_1_ from blood_bank bloodbank0_]
2021-11-19T10:24:07,180|[TRACE] ResourceRegistryStandardImpl - Closing result set [com.mysql.cj.jdbc.result.ResultSetImpl@17e323fd]
2021-11-19T10:24:07,180|[TRACE] ResourceRegistryStandardImpl - Closing prepared statement [com.mysql.cj.jdbc.ClientPreparedStatement: /* select generatedAlias0 from BloodBank as generatedAlias0 */ select bloodbank0_.bank_id as bank_id2_1_, bloodbank0_.created as created3_1_, bloodbank0_.updated as updated4_1_, bloodbank0_.version as version5_1_, bloodbank0_.name as name6_1_, bloodbank0_.privately_owned as privatel1_1_ from blood_bank bloodbank0_]
2021-11-19T10:24:07,180|[TRACE] JdbcCoordinatorImpl - Starting after statement execution processing [AFTER_TRANSACTION]
2021-11-19T10:24:07,180|[TRACE] StatefulPersistenceContext - Initializing non-lazy collections
2021-11-19T10:24:07,180|[TRACE] AbstractLogicalConnectionImplementor - LogicalConnection#afterTransaction
2021-11-19T10:24:07,180|[TRACE] ResourceRegistryStandardImpl - Releasing JDBC resources
2021-11-19T10:24:07,180|[DEBUG] LogicalConnectionManagedImpl - Initiating JDBC connection release from afterTransaction
2021-11-19T10:24:07,180|[TRACE] ResourceRegistryStandardImpl - Releasing JDBC resources
2021-11-19T10:24:07,180|[TRACE] SessionImpl - Closing session [cf6e5196-2e4b-4c64-b09d-1b8f88507b6f]
2021-11-19T10:24:07,180|[TRACE] JdbcCoordinatorImpl - Closing JDBC container [org.hibernate.engine.jdbc.internal.JdbcCoordinatorImpl@73b71935]
2021-11-19T10:24:07,180|[TRACE] ResourceRegistryStandardImpl - Releasing JDBC resources
2021-11-19T10:24:07,180|[TRACE] LogicalConnectionManagedImpl - Closing logical connection
2021-11-19T10:24:07,180|[TRACE] LogicalConnectionManagedImpl - Logical connection closed
]]></system-out>
  </testcase>
  <testcase name="testUpdate" classname="bloodbank.entity.TestCRUDPublicBloodBank" time="0.014">
    <system-out><![CDATA[2021-11-19T10:24:07,181|[TRACE] SessionFactoryImpl$SessionBuilderImpl - Opening Hibernate Session.  tenant=null
2021-11-19T10:24:07,182|[TRACE] SessionImpl - Opened Session [fb23f254-2c5c-436a-9496-77d629113500] at timestamp: 1637335447182
2021-11-19T10:24:07,182|[DEBUG] TransactionImpl - On TransactionImpl creation, JpaCompliance#isJpaTransactionComplianceEnabled == false
2021-11-19T10:24:07,182|[DEBUG] CriteriaQueryImpl - Rendered criteria query -> select generatedAlias0 from BloodBank as generatedAlias0 where generatedAlias0.id=:id
2021-11-19T10:24:07,182|[TRACE] QueryPlanCache - Located HQL query plan in cache (select generatedAlias0 from BloodBank as generatedAlias0 where generatedAlias0.id=:id)
2021-11-19T10:24:07,182|[TRACE] QueryPlanCache - Located HQL query plan in cache (select generatedAlias0 from BloodBank as generatedAlias0 where generatedAlias0.id=:id)
2021-11-19T10:24:07,182|[TRACE] QueryPlanCache - Located HQL query plan in cache (select generatedAlias0 from BloodBank as generatedAlias0 where generatedAlias0.id=:id)
2021-11-19T10:24:07,182|[TRACE] HQLQueryPlan - Find: select generatedAlias0 from BloodBank as generatedAlias0 where generatedAlias0.id=:id
2021-11-19T10:24:07,182|[TRACE] QueryParameters - Named parameters: {id=1}
2021-11-19T10:24:07,182|[DEBUG] SQL - 
    /* select
        generatedAlias0 
    from
        BloodBank as generatedAlias0 
    where
        generatedAlias0.id=:id */ select
            bloodbank0_.bank_id as bank_id2_1_,
            bloodbank0_.created as created3_1_,
            bloodbank0_.updated as updated4_1_,
            bloodbank0_.version as version5_1_,
            bloodbank0_.name as name6_1_,
            bloodbank0_.privately_owned as privatel1_1_ 
        from
            blood_bank bloodbank0_ 
        where
            bloodbank0_.bank_id=?
2021-11-19T10:24:07,183|[TRACE] ResourceRegistryStandardImpl - Registering statement [com.mysql.cj.jdbc.ClientPreparedStatement: /* select generatedAlias0 from BloodBank as generatedAlias0 where generatedAlias0.id=:id */ select bloodbank0_.bank_id as bank_id2_1_, bloodbank0_.created as created3_1_, bloodbank0_.updated as updated4_1_, bloodbank0_.version as version5_1_, bloodbank0_.name as name6_1_, bloodbank0_.privately_owned as privatel1_1_ from blood_bank bloodbank0_ where bloodbank0_.bank_id=** NOT SPECIFIED **]
2021-11-19T10:24:07,183|[TRACE] JdbcCoordinatorImpl - Registering last query statement [com.mysql.cj.jdbc.ClientPreparedStatement: /* select generatedAlias0 from BloodBank as generatedAlias0 where generatedAlias0.id=:id */ select bloodbank0_.bank_id as bank_id2_1_, bloodbank0_.created as created3_1_, bloodbank0_.updated as updated4_1_, bloodbank0_.version as version5_1_, bloodbank0_.name as name6_1_, bloodbank0_.privately_owned as privatel1_1_ from blood_bank bloodbank0_ where bloodbank0_.bank_id=** NOT SPECIFIED **]
2021-11-19T10:24:07,183|[TRACE] BasicBinder - binding parameter [1] as [INTEGER] - [1]
2021-11-19T10:24:07,183|[TRACE] Loader - Bound [2] parameters total
2021-11-19T10:24:07,183|[TRACE] ResourceRegistryStandardImpl - Registering result set [com.mysql.cj.jdbc.result.ResultSetImpl@628b1538]
2021-11-19T10:24:07,183|[TRACE] Loader - Processing result set
2021-11-19T10:24:07,183|[DEBUG] Loader - Result set row: 0
2021-11-19T10:24:07,183|[TRACE] BasicExtractor - extracted value ([bank_id2_1_] : [INTEGER]) - [1]
2021-11-19T10:24:07,183|[DEBUG] Loader - Result row: EntityKey[bloodbank.entity.BloodBank#1]
2021-11-19T10:24:07,183|[TRACE] BasicExtractor - extracted value ([privatel1_1_] : [INTEGER]) - [0]
2021-11-19T10:24:07,183|[TRACE] Loader - Initializing object from ResultSet: [bloodbank.entity.PublicBloodBank#1]
2021-11-19T10:24:07,184|[TRACE] AbstractEntityPersister - Hydrating entity: [bloodbank.entity.PublicBloodBank#1]
2021-11-19T10:24:07,184|[TRACE] BasicExtractor - extracted value ([created3_1_] : [BIGINT]) - [1637335447138]
2021-11-19T10:24:07,184|[TRACE] BasicExtractor - extracted value ([updated4_1_] : [BIGINT]) - [1637335447138]
2021-11-19T10:24:07,184|[TRACE] BasicExtractor - extracted value ([version5_1_] : [INTEGER]) - [0]
2021-11-19T10:24:07,184|[TRACE] BasicExtractor - extracted value ([name6_1_] : [VARCHAR]) - [Simzhuo Blood Bank]
2021-11-19T10:24:07,184|[TRACE] TwoPhaseLoad - Version: 0
2021-11-19T10:24:07,184|[TRACE] Loader - Done processing result set (1 rows)
2021-11-19T10:24:07,184|[TRACE] Loader - Total objects hydrated: 1
2021-11-19T10:24:07,184|[DEBUG] TwoPhaseLoad - Resolving attributes for [bloodbank.entity.PublicBloodBank#1]
2021-11-19T10:24:07,184|[DEBUG] TwoPhaseLoad - Processing attribute `epochCreated` : value = 1637335447138
2021-11-19T10:24:07,184|[DEBUG] TwoPhaseLoad - Attribute (`epochCreated`)  - enhanced for lazy-loading? - false
2021-11-19T10:24:07,184|[DEBUG] TwoPhaseLoad - Processing attribute `epochUpdated` : value = 1637335447138
2021-11-19T10:24:07,184|[DEBUG] TwoPhaseLoad - Attribute (`epochUpdated`)  - enhanced for lazy-loading? - false
2021-11-19T10:24:07,184|[DEBUG] TwoPhaseLoad - Processing attribute `version` : value = 0
2021-11-19T10:24:07,184|[DEBUG] TwoPhaseLoad - Attribute (`version`)  - enhanced for lazy-loading? - false
2021-11-19T10:24:07,184|[DEBUG] TwoPhaseLoad - Processing attribute `donations` : value = NOT NULL COLLECTION
2021-11-19T10:24:07,184|[DEBUG] TwoPhaseLoad - Attribute (`donations`)  - enhanced for lazy-loading? - false
2021-11-19T10:24:07,184|[TRACE] CollectionType - Created collection wrapper: [bloodbank.entity.BloodBank.donations#1]
2021-11-19T10:24:07,184|[DEBUG] TwoPhaseLoad - Processing attribute `name` : value = Simzhuo Blood Bank
2021-11-19T10:24:07,184|[DEBUG] TwoPhaseLoad - Attribute (`name`)  - enhanced for lazy-loading? - false
2021-11-19T10:24:07,184|[DEBUG] TwoPhaseLoad - Done materializing entity [bloodbank.entity.PublicBloodBank#1]
2021-11-19T10:24:07,184|[TRACE] ResourceRegistryStandardImpl - Releasing statement [com.mysql.cj.jdbc.ClientPreparedStatement: /* select generatedAlias0 from BloodBank as generatedAlias0 where generatedAlias0.id=:id */ select bloodbank0_.bank_id as bank_id2_1_, bloodbank0_.created as created3_1_, bloodbank0_.updated as updated4_1_, bloodbank0_.version as version5_1_, bloodbank0_.name as name6_1_, bloodbank0_.privately_owned as privatel1_1_ from blood_bank bloodbank0_ where bloodbank0_.bank_id=1]
2021-11-19T10:24:07,184|[TRACE] ResourceRegistryStandardImpl - Closing result set [com.mysql.cj.jdbc.result.ResultSetImpl@628b1538]
2021-11-19T10:24:07,184|[TRACE] ResourceRegistryStandardImpl - Closing prepared statement [com.mysql.cj.jdbc.ClientPreparedStatement: /* select generatedAlias0 from BloodBank as generatedAlias0 where generatedAlias0.id=:id */ select bloodbank0_.bank_id as bank_id2_1_, bloodbank0_.created as created3_1_, bloodbank0_.updated as updated4_1_, bloodbank0_.version as version5_1_, bloodbank0_.name as name6_1_, bloodbank0_.privately_owned as privatel1_1_ from blood_bank bloodbank0_ where bloodbank0_.bank_id=1]
2021-11-19T10:24:07,184|[TRACE] JdbcCoordinatorImpl - Starting after statement execution processing [AFTER_TRANSACTION]
2021-11-19T10:24:07,184|[TRACE] StatefulPersistenceContext - Initializing non-lazy collections
2021-11-19T10:24:07,184|[TRACE] AbstractLogicalConnectionImplementor - LogicalConnection#afterTransaction
2021-11-19T10:24:07,184|[TRACE] ResourceRegistryStandardImpl - Releasing JDBC resources
2021-11-19T10:24:07,184|[DEBUG] LogicalConnectionManagedImpl - Initiating JDBC connection release from afterTransaction
2021-11-19T10:24:07,185|[TRACE] ResourceRegistryStandardImpl - Releasing JDBC resources
2021-11-19T10:24:07,185|[DEBUG] TransactionImpl - begin
2021-11-19T10:24:07,185|[TRACE] AbstractLogicalConnectionImplementor - Preparing to begin transaction via JDBC Connection.setAutoCommit(false)
2021-11-19T10:24:07,185|[TRACE] AbstractLogicalConnectionImplementor - Transaction begun via JDBC Connection.setAutoCommit(false)
2021-11-19T10:24:07,185|[TRACE] JdbcResourceLocalTransactionCoordinatorImpl - ResourceLocalTransactionCoordinatorImpl#afterBeginCallback
2021-11-19T10:24:07,185|[TRACE] AbstractServiceRegistryImpl - Initializing service [role=org.hibernate.event.spi.EntityCopyObserverFactory]
2021-11-19T10:24:07,185|[DEBUG] EntityCopyObserverFactoryInitiator - Configured EntityCopyObserver strategy: disallow
2021-11-19T10:24:07,185|[TRACE] EntityState - Persistent instance of: bloodbank.entity.PublicBloodBank
2021-11-19T10:24:07,185|[TRACE] DefaultMergeEventListener - Ignoring persistent instance
2021-11-19T10:24:07,185|[TRACE] Cascade - Processing cascade ACTION_MERGE for: bloodbank.entity.PublicBloodBank
2021-11-19T10:24:07,185|[TRACE] Cascade - Cascade ACTION_MERGE for collection: bloodbank.entity.BloodBank.donations
2021-11-19T10:24:07,185|[TRACE] Cascade - Done cascade ACTION_MERGE for collection: bloodbank.entity.BloodBank.donations
2021-11-19T10:24:07,185|[TRACE] Cascade - Done processing cascade ACTION_MERGE for: bloodbank.entity.PublicBloodBank
2021-11-19T10:24:07,185|[DEBUG] TransactionImpl - committing
2021-11-19T10:24:07,185|[TRACE] JdbcResourceLocalTransactionCoordinatorImpl - ResourceLocalTransactionCoordinatorImpl#beforeCompletionCallback
2021-11-19T10:24:07,185|[TRACE] SessionImpl - SessionImpl#beforeTransactionCompletion()
2021-11-19T10:24:07,185|[TRACE] SessionImpl - Automatically flushing session
2021-11-19T10:24:07,185|[TRACE] AbstractFlushingEventListener - Flushing session
2021-11-19T10:24:07,185|[DEBUG] AbstractFlushingEventListener - Processing flush-time cascades
2021-11-19T10:24:07,185|[TRACE] Cascade - Processing cascade ACTION_PERSIST_ON_FLUSH for: bloodbank.entity.PublicBloodBank
2021-11-19T10:24:07,185|[TRACE] Cascade - Cascade ACTION_PERSIST_ON_FLUSH for collection: bloodbank.entity.BloodBank.donations
2021-11-19T10:24:07,185|[TRACE] Cascade - Done cascade ACTION_PERSIST_ON_FLUSH for collection: bloodbank.entity.BloodBank.donations
2021-11-19T10:24:07,185|[TRACE] Cascade - Done processing cascade ACTION_PERSIST_ON_FLUSH for: bloodbank.entity.PublicBloodBank
2021-11-19T10:24:07,185|[DEBUG] AbstractFlushingEventListener - Dirty checking collections
2021-11-19T10:24:07,185|[TRACE] AbstractFlushingEventListener - Flushing entities and processing referenced collections
2021-11-19T10:24:07,185|[TRACE] AbstractEntityPersister - bloodbank.entity.PublicBloodBank.name is dirty
2021-11-19T10:24:07,185|[TRACE] DefaultFlushEntityEventListener - Found dirty properties [[bloodbank.entity.PublicBloodBank#1]] : [name]
2021-11-19T10:24:07,185|[TRACE] DefaultFlushEntityEventListener - Updating entity: [bloodbank.entity.PublicBloodBank#1]
2021-11-19T10:24:07,185|[TRACE] AbstractEntityPersister - bloodbank.entity.PublicBloodBank.epochCreated is dirty
2021-11-19T10:24:07,185|[TRACE] AbstractEntityPersister - bloodbank.entity.PublicBloodBank.name is dirty
2021-11-19T10:24:07,185|[TRACE] DefaultFlushEntityEventListener - Found dirty properties [[bloodbank.entity.PublicBloodBank#1]] : [epochCreated, name]
2021-11-19T10:24:07,185|[TRACE] Versioning - Incrementing: 0 to 1
2021-11-19T10:24:07,185|[DEBUG] Collections - Collection found: [bloodbank.entity.BloodBank.donations#1], was: [bloodbank.entity.BloodBank.donations#1] (uninitialized)
2021-11-19T10:24:07,185|[TRACE] AbstractFlushingEventListener - Processing unreferenced collections
2021-11-19T10:24:07,185|[TRACE] AbstractFlushingEventListener - Scheduling collection removes/(re)creates/updates
2021-11-19T10:24:07,185|[DEBUG] AbstractFlushingEventListener - Flushed: 0 insertions, 1 updates, 0 deletions to 1 objects
2021-11-19T10:24:07,185|[DEBUG] AbstractFlushingEventListener - Flushed: 0 (re)creations, 0 updates, 0 removals to 1 collections
2021-11-19T10:24:07,185|[DEBUG] EntityPrinter - Listing entities:
2021-11-19T10:24:07,185|[DEBUG] EntityPrinter - bloodbank.entity.BloodBank{donations=<uninitialized>, name=updated blood bank, id=1, epochCreated=1637335447185, version=1, epochUpdated=1637335447138}
2021-11-19T10:24:07,185|[TRACE] AbstractFlushingEventListener - Executing flush
2021-11-19T10:24:07,186|[TRACE] AbstractEntityPersister - Updating entity: [bloodbank.entity.PublicBloodBank#1]
2021-11-19T10:24:07,186|[TRACE] AbstractEntityPersister - Existing version: 0 -> New version:1
2021-11-19T10:24:07,186|[DEBUG] SQL - 
    /* update
        bloodbank.entity.PublicBloodBank */ update
            blood_bank 
        set
            created=?,
            updated=?,
            version=?,
            name=? 
        where
            bank_id=? 
            and version=?
2021-11-19T10:24:07,186|[TRACE] ResourceRegistryStandardImpl - Registering statement [com.mysql.cj.jdbc.ClientPreparedStatement: /* update bloodbank.entity.PublicBloodBank */ update blood_bank set created=** NOT SPECIFIED **, updated=** NOT SPECIFIED **, version=** NOT SPECIFIED **, name=** NOT SPECIFIED ** where bank_id=** NOT SPECIFIED ** and version=** NOT SPECIFIED **]
2021-11-19T10:24:07,186|[TRACE] AbstractEntityPersister - Dehydrating entity: [bloodbank.entity.PublicBloodBank#1]
2021-11-19T10:24:07,186|[TRACE] BasicBinder - binding parameter [1] as [BIGINT] - [1637335447185]
2021-11-19T10:24:07,186|[TRACE] BasicBinder - binding parameter [2] as [BIGINT] - [1637335447138]
2021-11-19T10:24:07,186|[TRACE] BasicBinder - binding parameter [3] as [INTEGER] - [1]
2021-11-19T10:24:07,186|[TRACE] BasicBinder - binding parameter [4] as [VARCHAR] - [updated blood bank]
2021-11-19T10:24:07,186|[TRACE] BasicBinder - binding parameter [5] as [INTEGER] - [1]
2021-11-19T10:24:07,186|[TRACE] BasicBinder - binding parameter [6] as [INTEGER] - [0]
2021-11-19T10:24:07,187|[TRACE] ResourceRegistryStandardImpl - Releasing statement [com.mysql.cj.jdbc.ClientPreparedStatement: /* update bloodbank.entity.PublicBloodBank */ update blood_bank set created=1637335447185, updated=1637335447138, version=1, name='updated blood bank' where bank_id=1 and version=0]
2021-11-19T10:24:07,187|[TRACE] ResourceRegistryStandardImpl - Closing prepared statement [com.mysql.cj.jdbc.ClientPreparedStatement: /* update bloodbank.entity.PublicBloodBank */ update blood_bank set created=1637335447185, updated=1637335447138, version=1, name='updated blood bank' where bank_id=1 and version=0]
2021-11-19T10:24:07,187|[TRACE] JdbcCoordinatorImpl - Starting after statement execution processing [AFTER_TRANSACTION]
2021-11-19T10:24:07,187|[TRACE] JdbcCoordinatorImpl - Starting after statement execution processing [AFTER_TRANSACTION]
2021-11-19T10:24:07,187|[TRACE] AbstractFlushingEventListener - Post flush
2021-11-19T10:24:07,187|[TRACE] AbstractLogicalConnectionImplementor - LogicalConnection#beforeTransactionCompletion
2021-11-19T10:24:07,187|[TRACE] SynchronizationRegistryStandardImpl - SynchronizationRegistryStandardImpl.notifySynchronizationsBeforeTransactionCompletion
2021-11-19T10:24:07,187|[TRACE] AbstractLogicalConnectionImplementor - Preparing to commit transaction via JDBC Connection.commit()
2021-11-19T10:24:07,191|[TRACE] AbstractLogicalConnectionImplementor - Transaction committed via JDBC Connection.commit()
2021-11-19T10:24:07,191|[TRACE] AbstractLogicalConnectionImplementor - LogicalConnection#afterTransaction
2021-11-19T10:24:07,191|[TRACE] ResourceRegistryStandardImpl - Releasing JDBC resources
2021-11-19T10:24:07,191|[DEBUG] LogicalConnectionManagedImpl - Initiating JDBC connection release from afterTransaction
2021-11-19T10:24:07,191|[TRACE] ResourceRegistryStandardImpl - Releasing JDBC resources
2021-11-19T10:24:07,191|[TRACE] JdbcResourceLocalTransactionCoordinatorImpl - ResourceLocalTransactionCoordinatorImpl#afterCompletionCallback(true)
2021-11-19T10:24:07,191|[TRACE] SynchronizationRegistryStandardImpl - SynchronizationRegistryStandardImpl.notifySynchronizationsAfterTransactionCompletion(3)
2021-11-19T10:24:07,191|[TRACE] AbstractLogicalConnectionImplementor - LogicalConnection#afterTransaction
2021-11-19T10:24:07,191|[TRACE] ResourceRegistryStandardImpl - Releasing JDBC resources
2021-11-19T10:24:07,191|[DEBUG] LogicalConnectionManagedImpl - Initiating JDBC connection release from afterTransaction
2021-11-19T10:24:07,191|[TRACE] SessionImpl - SessionImpl#afterTransactionCompletion(successful=true, delayed=false)
2021-11-19T10:24:07,192|[DEBUG] CriteriaQueryImpl - Rendered criteria query -> select generatedAlias0 from BloodBank as generatedAlias0 where generatedAlias0.id=:id
2021-11-19T10:24:07,192|[TRACE] QueryPlanCache - Located HQL query plan in cache (select generatedAlias0 from BloodBank as generatedAlias0 where generatedAlias0.id=:id)
2021-11-19T10:24:07,192|[TRACE] QueryPlanCache - Located HQL query plan in cache (select generatedAlias0 from BloodBank as generatedAlias0 where generatedAlias0.id=:id)
2021-11-19T10:24:07,192|[TRACE] QueryPlanCache - Located HQL query plan in cache (select generatedAlias0 from BloodBank as generatedAlias0 where generatedAlias0.id=:id)
2021-11-19T10:24:07,192|[TRACE] HQLQueryPlan - Find: select generatedAlias0 from BloodBank as generatedAlias0 where generatedAlias0.id=:id
2021-11-19T10:24:07,192|[TRACE] QueryParameters - Named parameters: {id=1}
2021-11-19T10:24:07,192|[DEBUG] SQL - 
    /* select
        generatedAlias0 
    from
        BloodBank as generatedAlias0 
    where
        generatedAlias0.id=:id */ select
            bloodbank0_.bank_id as bank_id2_1_,
            bloodbank0_.created as created3_1_,
            bloodbank0_.updated as updated4_1_,
            bloodbank0_.version as version5_1_,
            bloodbank0_.name as name6_1_,
            bloodbank0_.privately_owned as privatel1_1_ 
        from
            blood_bank bloodbank0_ 
        where
            bloodbank0_.bank_id=?
2021-11-19T10:24:07,192|[TRACE] ResourceRegistryStandardImpl - Registering statement [com.mysql.cj.jdbc.ClientPreparedStatement: /* select generatedAlias0 from BloodBank as generatedAlias0 where generatedAlias0.id=:id */ select bloodbank0_.bank_id as bank_id2_1_, bloodbank0_.created as created3_1_, bloodbank0_.updated as updated4_1_, bloodbank0_.version as version5_1_, bloodbank0_.name as name6_1_, bloodbank0_.privately_owned as privatel1_1_ from blood_bank bloodbank0_ where bloodbank0_.bank_id=** NOT SPECIFIED **]
2021-11-19T10:24:07,192|[TRACE] JdbcCoordinatorImpl - Registering last query statement [com.mysql.cj.jdbc.ClientPreparedStatement: /* select generatedAlias0 from BloodBank as generatedAlias0 where generatedAlias0.id=:id */ select bloodbank0_.bank_id as bank_id2_1_, bloodbank0_.created as created3_1_, bloodbank0_.updated as updated4_1_, bloodbank0_.version as version5_1_, bloodbank0_.name as name6_1_, bloodbank0_.privately_owned as privatel1_1_ from blood_bank bloodbank0_ where bloodbank0_.bank_id=** NOT SPECIFIED **]
2021-11-19T10:24:07,192|[TRACE] BasicBinder - binding parameter [1] as [INTEGER] - [1]
2021-11-19T10:24:07,193|[TRACE] Loader - Bound [2] parameters total
2021-11-19T10:24:07,193|[TRACE] ResourceRegistryStandardImpl - Registering result set [com.mysql.cj.jdbc.result.ResultSetImpl@cd9ce76]
2021-11-19T10:24:07,193|[TRACE] Loader - Processing result set
2021-11-19T10:24:07,193|[DEBUG] Loader - Result set row: 0
2021-11-19T10:24:07,193|[TRACE] BasicExtractor - extracted value ([bank_id2_1_] : [INTEGER]) - [1]
2021-11-19T10:24:07,193|[DEBUG] Loader - Result row: EntityKey[bloodbank.entity.BloodBank#1]
2021-11-19T10:24:07,193|[TRACE] Loader - Done processing result set (1 rows)
2021-11-19T10:24:07,193|[TRACE] Loader - Total objects hydrated: 0
2021-11-19T10:24:07,193|[TRACE] ResourceRegistryStandardImpl - Releasing statement [com.mysql.cj.jdbc.ClientPreparedStatement: /* select generatedAlias0 from BloodBank as generatedAlias0 where generatedAlias0.id=:id */ select bloodbank0_.bank_id as bank_id2_1_, bloodbank0_.created as created3_1_, bloodbank0_.updated as updated4_1_, bloodbank0_.version as version5_1_, bloodbank0_.name as name6_1_, bloodbank0_.privately_owned as privatel1_1_ from blood_bank bloodbank0_ where bloodbank0_.bank_id=1]
2021-11-19T10:24:07,194|[TRACE] ResourceRegistryStandardImpl - Closing result set [com.mysql.cj.jdbc.result.ResultSetImpl@cd9ce76]
2021-11-19T10:24:07,194|[TRACE] ResourceRegistryStandardImpl - Closing prepared statement [com.mysql.cj.jdbc.ClientPreparedStatement: /* select generatedAlias0 from BloodBank as generatedAlias0 where generatedAlias0.id=:id */ select bloodbank0_.bank_id as bank_id2_1_, bloodbank0_.created as created3_1_, bloodbank0_.updated as updated4_1_, bloodbank0_.version as version5_1_, bloodbank0_.name as name6_1_, bloodbank0_.privately_owned as privatel1_1_ from blood_bank bloodbank0_ where bloodbank0_.bank_id=1]
2021-11-19T10:24:07,194|[TRACE] JdbcCoordinatorImpl - Starting after statement execution processing [AFTER_TRANSACTION]
2021-11-19T10:24:07,194|[TRACE] StatefulPersistenceContext - Initializing non-lazy collections
2021-11-19T10:24:07,194|[TRACE] AbstractLogicalConnectionImplementor - LogicalConnection#afterTransaction
2021-11-19T10:24:07,194|[TRACE] ResourceRegistryStandardImpl - Releasing JDBC resources
2021-11-19T10:24:07,194|[DEBUG] LogicalConnectionManagedImpl - Initiating JDBC connection release from afterTransaction
2021-11-19T10:24:07,194|[TRACE] ResourceRegistryStandardImpl - Releasing JDBC resources
2021-11-19T10:24:07,194|[TRACE] SessionImpl - Closing session [fb23f254-2c5c-436a-9496-77d629113500]
2021-11-19T10:24:07,194|[TRACE] JdbcCoordinatorImpl - Closing JDBC container [org.hibernate.engine.jdbc.internal.JdbcCoordinatorImpl@421c057a]
2021-11-19T10:24:07,194|[TRACE] ResourceRegistryStandardImpl - Releasing JDBC resources
2021-11-19T10:24:07,194|[TRACE] LogicalConnectionManagedImpl - Closing logical connection
2021-11-19T10:24:07,194|[TRACE] LogicalConnectionManagedImpl - Logical connection closed
]]></system-out>
  </testcase>
  <testcase name="testUpdateDependencies" classname="bloodbank.entity.TestCRUDPublicBloodBank" time="0.013">
    <system-out><![CDATA[2021-11-19T10:24:07,195|[TRACE] SessionFactoryImpl$SessionBuilderImpl - Opening Hibernate Session.  tenant=null
2021-11-19T10:24:07,195|[TRACE] SessionImpl - Opened Session [067a2faa-e2ae-4efe-80a2-da3f9136a5ae] at timestamp: 1637335447195
2021-11-19T10:24:07,195|[DEBUG] TransactionImpl - On TransactionImpl creation, JpaCompliance#isJpaTransactionComplianceEnabled == false
2021-11-19T10:24:07,196|[DEBUG] CriteriaQueryImpl - Rendered criteria query -> select generatedAlias0 from BloodBank as generatedAlias0 where generatedAlias0.id=:id
2021-11-19T10:24:07,196|[TRACE] QueryPlanCache - Located HQL query plan in cache (select generatedAlias0 from BloodBank as generatedAlias0 where generatedAlias0.id=:id)
2021-11-19T10:24:07,196|[TRACE] QueryPlanCache - Located HQL query plan in cache (select generatedAlias0 from BloodBank as generatedAlias0 where generatedAlias0.id=:id)
2021-11-19T10:24:07,196|[TRACE] QueryPlanCache - Located HQL query plan in cache (select generatedAlias0 from BloodBank as generatedAlias0 where generatedAlias0.id=:id)
2021-11-19T10:24:07,196|[TRACE] HQLQueryPlan - Find: select generatedAlias0 from BloodBank as generatedAlias0 where generatedAlias0.id=:id
2021-11-19T10:24:07,196|[TRACE] QueryParameters - Named parameters: {id=1}
2021-11-19T10:24:07,196|[DEBUG] SQL - 
    /* select
        generatedAlias0 
    from
        BloodBank as generatedAlias0 
    where
        generatedAlias0.id=:id */ select
            bloodbank0_.bank_id as bank_id2_1_,
            bloodbank0_.created as created3_1_,
            bloodbank0_.updated as updated4_1_,
            bloodbank0_.version as version5_1_,
            bloodbank0_.name as name6_1_,
            bloodbank0_.privately_owned as privatel1_1_ 
        from
            blood_bank bloodbank0_ 
        where
            bloodbank0_.bank_id=?
2021-11-19T10:24:07,196|[TRACE] ResourceRegistryStandardImpl - Registering statement [com.mysql.cj.jdbc.ClientPreparedStatement: /* select generatedAlias0 from BloodBank as generatedAlias0 where generatedAlias0.id=:id */ select bloodbank0_.bank_id as bank_id2_1_, bloodbank0_.created as created3_1_, bloodbank0_.updated as updated4_1_, bloodbank0_.version as version5_1_, bloodbank0_.name as name6_1_, bloodbank0_.privately_owned as privatel1_1_ from blood_bank bloodbank0_ where bloodbank0_.bank_id=** NOT SPECIFIED **]
2021-11-19T10:24:07,197|[TRACE] JdbcCoordinatorImpl - Registering last query statement [com.mysql.cj.jdbc.ClientPreparedStatement: /* select generatedAlias0 from BloodBank as generatedAlias0 where generatedAlias0.id=:id */ select bloodbank0_.bank_id as bank_id2_1_, bloodbank0_.created as created3_1_, bloodbank0_.updated as updated4_1_, bloodbank0_.version as version5_1_, bloodbank0_.name as name6_1_, bloodbank0_.privately_owned as privatel1_1_ from blood_bank bloodbank0_ where bloodbank0_.bank_id=** NOT SPECIFIED **]
2021-11-19T10:24:07,197|[TRACE] BasicBinder - binding parameter [1] as [INTEGER] - [1]
2021-11-19T10:24:07,197|[TRACE] Loader - Bound [2] parameters total
2021-11-19T10:24:07,197|[TRACE] ResourceRegistryStandardImpl - Registering result set [com.mysql.cj.jdbc.result.ResultSetImpl@493ed8e6]
2021-11-19T10:24:07,197|[TRACE] Loader - Processing result set
2021-11-19T10:24:07,197|[DEBUG] Loader - Result set row: 0
2021-11-19T10:24:07,197|[TRACE] BasicExtractor - extracted value ([bank_id2_1_] : [INTEGER]) - [1]
2021-11-19T10:24:07,197|[DEBUG] Loader - Result row: EntityKey[bloodbank.entity.BloodBank#1]
2021-11-19T10:24:07,197|[TRACE] BasicExtractor - extracted value ([privatel1_1_] : [INTEGER]) - [0]
2021-11-19T10:24:07,197|[TRACE] Loader - Initializing object from ResultSet: [bloodbank.entity.PublicBloodBank#1]
2021-11-19T10:24:07,197|[TRACE] AbstractEntityPersister - Hydrating entity: [bloodbank.entity.PublicBloodBank#1]
2021-11-19T10:24:07,197|[TRACE] BasicExtractor - extracted value ([created3_1_] : [BIGINT]) - [1637335447185]
2021-11-19T10:24:07,197|[TRACE] BasicExtractor - extracted value ([updated4_1_] : [BIGINT]) - [1637335447138]
2021-11-19T10:24:07,197|[TRACE] BasicExtractor - extracted value ([version5_1_] : [INTEGER]) - [1]
2021-11-19T10:24:07,197|[TRACE] BasicExtractor - extracted value ([name6_1_] : [VARCHAR]) - [updated blood bank]
2021-11-19T10:24:07,197|[TRACE] TwoPhaseLoad - Version: 1
2021-11-19T10:24:07,197|[TRACE] Loader - Done processing result set (1 rows)
2021-11-19T10:24:07,197|[TRACE] Loader - Total objects hydrated: 1
2021-11-19T10:24:07,198|[DEBUG] TwoPhaseLoad - Resolving attributes for [bloodbank.entity.PublicBloodBank#1]
2021-11-19T10:24:07,198|[DEBUG] TwoPhaseLoad - Processing attribute `epochCreated` : value = 1637335447185
2021-11-19T10:24:07,198|[DEBUG] TwoPhaseLoad - Attribute (`epochCreated`)  - enhanced for lazy-loading? - false
2021-11-19T10:24:07,198|[DEBUG] TwoPhaseLoad - Processing attribute `epochUpdated` : value = 1637335447138
2021-11-19T10:24:07,198|[DEBUG] TwoPhaseLoad - Attribute (`epochUpdated`)  - enhanced for lazy-loading? - false
2021-11-19T10:24:07,198|[DEBUG] TwoPhaseLoad - Processing attribute `version` : value = 1
2021-11-19T10:24:07,198|[DEBUG] TwoPhaseLoad - Attribute (`version`)  - enhanced for lazy-loading? - false
2021-11-19T10:24:07,198|[DEBUG] TwoPhaseLoad - Processing attribute `donations` : value = NOT NULL COLLECTION
2021-11-19T10:24:07,198|[DEBUG] TwoPhaseLoad - Attribute (`donations`)  - enhanced for lazy-loading? - false
2021-11-19T10:24:07,198|[TRACE] CollectionType - Created collection wrapper: [bloodbank.entity.BloodBank.donations#1]
2021-11-19T10:24:07,198|[DEBUG] TwoPhaseLoad - Processing attribute `name` : value = updated blood bank
2021-11-19T10:24:07,198|[DEBUG] TwoPhaseLoad - Attribute (`name`)  - enhanced for lazy-loading? - false
2021-11-19T10:24:07,198|[DEBUG] TwoPhaseLoad - Done materializing entity [bloodbank.entity.PublicBloodBank#1]
2021-11-19T10:24:07,198|[TRACE] ResourceRegistryStandardImpl - Releasing statement [com.mysql.cj.jdbc.ClientPreparedStatement: /* select generatedAlias0 from BloodBank as generatedAlias0 where generatedAlias0.id=:id */ select bloodbank0_.bank_id as bank_id2_1_, bloodbank0_.created as created3_1_, bloodbank0_.updated as updated4_1_, bloodbank0_.version as version5_1_, bloodbank0_.name as name6_1_, bloodbank0_.privately_owned as privatel1_1_ from blood_bank bloodbank0_ where bloodbank0_.bank_id=1]
2021-11-19T10:24:07,198|[TRACE] ResourceRegistryStandardImpl - Closing result set [com.mysql.cj.jdbc.result.ResultSetImpl@493ed8e6]
2021-11-19T10:24:07,198|[TRACE] ResourceRegistryStandardImpl - Closing prepared statement [com.mysql.cj.jdbc.ClientPreparedStatement: /* select generatedAlias0 from BloodBank as generatedAlias0 where generatedAlias0.id=:id */ select bloodbank0_.bank_id as bank_id2_1_, bloodbank0_.created as created3_1_, bloodbank0_.updated as updated4_1_, bloodbank0_.version as version5_1_, bloodbank0_.name as name6_1_, bloodbank0_.privately_owned as privatel1_1_ from blood_bank bloodbank0_ where bloodbank0_.bank_id=1]
2021-11-19T10:24:07,198|[TRACE] JdbcCoordinatorImpl - Starting after statement execution processing [AFTER_TRANSACTION]
2021-11-19T10:24:07,198|[TRACE] StatefulPersistenceContext - Initializing non-lazy collections
2021-11-19T10:24:07,198|[TRACE] AbstractLogicalConnectionImplementor - LogicalConnection#afterTransaction
2021-11-19T10:24:07,198|[TRACE] ResourceRegistryStandardImpl - Releasing JDBC resources
2021-11-19T10:24:07,198|[DEBUG] LogicalConnectionManagedImpl - Initiating JDBC connection release from afterTransaction
2021-11-19T10:24:07,198|[TRACE] ResourceRegistryStandardImpl - Releasing JDBC resources
2021-11-19T10:24:07,198|[TRACE] DefaultInitializeCollectionEventListener - Initializing collection [bloodbank.entity.BloodBank.donations#1]
2021-11-19T10:24:07,198|[TRACE] DefaultInitializeCollectionEventListener - Checking second-level cache
2021-11-19T10:24:07,198|[TRACE] DefaultInitializeCollectionEventListener - Collection not cached
2021-11-19T10:24:07,198|[DEBUG] AbstractLoadPlanBasedCollectionInitializer - Loading collection: [bloodbank.entity.BloodBank.donations#1]
2021-11-19T10:24:07,198|[DEBUG] SQL - 
    select
        donations0_.bank_id as bank_id8_2_0_,
        donations0_.donation_id as donation1_2_0_,
        donations0_.donation_id as donation1_2_1_,
        donations0_.created as created2_2_1_,
        donations0_.updated as updated3_2_1_,
        donations0_.version as version4_2_1_,
        donations0_.bank_id as bank_id8_2_1_,
        donations0_.blood_group as blood_gr5_2_1_,
        donations0_.rhd as rhd6_2_1_,
        donations0_.milliliters as millilit7_2_1_ 
    from
        blood_donation donations0_ 
    where
        donations0_.bank_id=?
2021-11-19T10:24:07,198|[TRACE] ResourceRegistryStandardImpl - Registering statement [com.mysql.cj.jdbc.ClientPreparedStatement: select donations0_.bank_id as bank_id8_2_0_, donations0_.donation_id as donation1_2_0_, donations0_.donation_id as donation1_2_1_, donations0_.created as created2_2_1_, donations0_.updated as updated3_2_1_, donations0_.version as version4_2_1_, donations0_.bank_id as bank_id8_2_1_, donations0_.blood_group as blood_gr5_2_1_, donations0_.rhd as rhd6_2_1_, donations0_.milliliters as millilit7_2_1_ from blood_donation donations0_ where donations0_.bank_id=** NOT SPECIFIED **]
2021-11-19T10:24:07,198|[TRACE] JdbcCoordinatorImpl - Registering last query statement [com.mysql.cj.jdbc.ClientPreparedStatement: select donations0_.bank_id as bank_id8_2_0_, donations0_.donation_id as donation1_2_0_, donations0_.donation_id as donation1_2_1_, donations0_.created as created2_2_1_, donations0_.updated as updated3_2_1_, donations0_.version as version4_2_1_, donations0_.bank_id as bank_id8_2_1_, donations0_.blood_group as blood_gr5_2_1_, donations0_.rhd as rhd6_2_1_, donations0_.milliliters as millilit7_2_1_ from blood_donation donations0_ where donations0_.bank_id=** NOT SPECIFIED **]
2021-11-19T10:24:07,198|[TRACE] BasicBinder - binding parameter [1] as [INTEGER] - [1]
2021-11-19T10:24:07,198|[TRACE] AbstractLoadPlanBasedLoader - Bound [2] parameters total
2021-11-19T10:24:07,199|[TRACE] ResourceRegistryStandardImpl - Registering result set [com.mysql.cj.jdbc.result.ResultSetImpl@402adc9c]
2021-11-19T10:24:07,199|[DEBUG] ResultSetProcessorImpl - Preparing collection initializer : [bloodbank.entity.BloodBank.donations#1]
2021-11-19T10:24:07,199|[TRACE] LoadContexts - Constructing collection load context for result set [com.mysql.cj.jdbc.result.ResultSetImpl@402adc9c]
2021-11-19T10:24:07,199|[TRACE] CollectionLoadContext - Starting attempt to find loading collection [[bloodbank.entity.BloodBank.donations#1]]
2021-11-19T10:24:07,199|[TRACE] CollectionLoadContext - Collection not yet initialized; initializing
2021-11-19T10:24:07,199|[TRACE] ResultSetProcessorImpl - Processing result set
2021-11-19T10:24:07,199|[TRACE] ResultSetProcessorImpl - Starting ResultSet row #0
2021-11-19T10:24:07,199|[TRACE] BasicExtractor - extracted value ([donation1_2_1_] : [INTEGER]) - [1]
2021-11-19T10:24:07,199|[TRACE] EntityReferenceInitializerImpl - hydrating entity state
2021-11-19T10:24:07,199|[TRACE] EntityReferenceInitializerImpl - Initializing object from ResultSet: [bloodbank.entity.BloodDonation#1]
2021-11-19T10:24:07,199|[TRACE] AbstractEntityPersister - Hydrating entity: [bloodbank.entity.BloodDonation#1]
2021-11-19T10:24:07,199|[TRACE] BasicExtractor - extracted value ([created2_2_1_] : [BIGINT]) - [1637335447138]
2021-11-19T10:24:07,199|[TRACE] BasicExtractor - extracted value ([updated3_2_1_] : [BIGINT]) - [1637335447138]
2021-11-19T10:24:07,199|[TRACE] BasicExtractor - extracted value ([version4_2_1_] : [INTEGER]) - [0]
2021-11-19T10:24:07,199|[TRACE] BasicExtractor - extracted value ([bank_id8_2_1_] : [INTEGER]) - [1]
2021-11-19T10:24:07,199|[TRACE] BasicExtractor - extracted value ([blood_gr5_2_1_] : [VARCHAR]) - [AB]
2021-11-19T10:24:07,199|[TRACE] BasicExtractor - extracted value ([rhd6_2_1_] : [TINYINT]) - [1]
2021-11-19T10:24:07,199|[TRACE] BasicExtractor - extracted value ([millilit7_2_1_] : [INTEGER]) - [5]
2021-11-19T10:24:07,199|[TRACE] TwoPhaseLoad - Version: 0
2021-11-19T10:24:07,199|[TRACE] BasicExtractor - extracted value ([bank_id8_2_0_] : [INTEGER]) - [1]
2021-11-19T10:24:07,199|[DEBUG] CollectionReferenceInitializerImpl - Found row of collection: [bloodbank.entity.BloodBank.donations#1]
2021-11-19T10:24:07,199|[TRACE] CollectionLoadContext - Starting attempt to find loading collection [[bloodbank.entity.BloodBank.donations#1]]
2021-11-19T10:24:07,199|[TRACE] LoadContexts - Attempting to locate loading collection entry [CollectionKey[bloodbank.entity.BloodBank.donations#1]] in any result-set context
2021-11-19T10:24:07,199|[TRACE] LoadContexts - Collection [CollectionKey[bloodbank.entity.BloodBank.donations#1]] located in load context
2021-11-19T10:24:07,199|[TRACE] CollectionLoadContext - Found loading collection bound to current result set processing; reading row
2021-11-19T10:24:07,199|[TRACE] BasicExtractor - extracted value ([donation1_2_0_] : [INTEGER]) - [1]
2021-11-19T10:24:07,199|[TRACE] DefaultLoadEventListener - Loading entity: [bloodbank.entity.BloodDonation#1]
2021-11-19T10:24:07,199|[TRACE] DefaultLoadEventListener - Attempting to resolve: [bloodbank.entity.BloodDonation#1]
2021-11-19T10:24:07,199|[TRACE] ResultSetProcessorImpl - Done processing result set (1 rows)
2021-11-19T10:24:07,200|[TRACE] AbstractRowReader - Total objects hydrated: 1
2021-11-19T10:24:07,200|[DEBUG] TwoPhaseLoad - Resolving attributes for [bloodbank.entity.BloodDonation#1]
2021-11-19T10:24:07,200|[DEBUG] TwoPhaseLoad - Processing attribute `epochCreated` : value = 1637335447138
2021-11-19T10:24:07,200|[DEBUG] TwoPhaseLoad - Attribute (`epochCreated`)  - enhanced for lazy-loading? - false
2021-11-19T10:24:07,200|[DEBUG] TwoPhaseLoad - Processing attribute `epochUpdated` : value = 1637335447138
2021-11-19T10:24:07,200|[DEBUG] TwoPhaseLoad - Attribute (`epochUpdated`)  - enhanced for lazy-loading? - false
2021-11-19T10:24:07,200|[DEBUG] TwoPhaseLoad - Processing attribute `version` : value = 0
2021-11-19T10:24:07,200|[DEBUG] TwoPhaseLoad - Attribute (`version`)  - enhanced for lazy-loading? - false
2021-11-19T10:24:07,200|[DEBUG] TwoPhaseLoad - Processing attribute `bank` : value = 1
2021-11-19T10:24:07,200|[DEBUG] TwoPhaseLoad - Attribute (`bank`)  - enhanced for lazy-loading? - false
2021-11-19T10:24:07,200|[TRACE] DefaultLoadEventListener - Loading entity: [bloodbank.entity.BloodBank#1]
2021-11-19T10:24:07,200|[TRACE] DefaultLoadEventListener - Entity found in session cache
2021-11-19T10:24:07,200|[DEBUG] TwoPhaseLoad - Processing attribute `bloodType` : value = [Ljava.lang.Object;@5da16ed6
2021-11-19T10:24:07,200|[DEBUG] TwoPhaseLoad - Attribute (`bloodType`)  - enhanced for lazy-loading? - false
2021-11-19T10:24:07,200|[DEBUG] TwoPhaseLoad - Processing attribute `milliliters` : value = 5
2021-11-19T10:24:07,200|[DEBUG] TwoPhaseLoad - Attribute (`milliliters`)  - enhanced for lazy-loading? - false
2021-11-19T10:24:07,200|[DEBUG] TwoPhaseLoad - Processing attribute `record` : value = 1
2021-11-19T10:24:07,200|[DEBUG] TwoPhaseLoad - Attribute (`record`)  - enhanced for lazy-loading? - false
2021-11-19T10:24:07,200|[TRACE] DefaultLoadEventListener - Loading entity: [bloodbank.entity.DonationRecord#1]
2021-11-19T10:24:07,200|[TRACE] DefaultLoadEventListener - Attempting to resolve: [bloodbank.entity.DonationRecord#1]
2021-11-19T10:24:07,200|[TRACE] DefaultLoadEventListener - Object not resolved in any cache: [bloodbank.entity.DonationRecord#1]
2021-11-19T10:24:07,200|[TRACE] AbstractEntityPersister - Fetching entity: [bloodbank.entity.DonationRecord#1]
2021-11-19T10:24:07,200|[DEBUG] SQL - 
    select
        donationre0_.record_id as record_i1_4_0_,
        donationre0_.created as created2_4_0_,
        donationre0_.updated as updated3_4_0_,
        donationre0_.version as version4_4_0_,
        donationre0_.donation_id as donation6_4_0_,
        donationre0_.person_id as person_i7_4_0_,
        donationre0_.tested as tested5_4_0_,
        blooddonat1_.donation_id as donation1_2_1_,
        blooddonat1_.created as created2_2_1_,
        blooddonat1_.updated as updated3_2_1_,
        blooddonat1_.version as version4_2_1_,
        blooddonat1_.bank_id as bank_id8_2_1_,
        blooddonat1_.blood_group as blood_gr5_2_1_,
        blooddonat1_.rhd as rhd6_2_1_,
        blooddonat1_.milliliters as millilit7_2_1_ 
    from
        donation_record donationre0_ 
    inner join
        blood_donation blooddonat1_ 
            on donationre0_.donation_id=blooddonat1_.donation_id 
    where
        donationre0_.record_id=?
2021-11-19T10:24:07,200|[TRACE] ResourceRegistryStandardImpl - Registering statement [com.mysql.cj.jdbc.ClientPreparedStatement: select donationre0_.record_id as record_i1_4_0_, donationre0_.created as created2_4_0_, donationre0_.updated as updated3_4_0_, donationre0_.version as version4_4_0_, donationre0_.donation_id as donation6_4_0_, donationre0_.person_id as person_i7_4_0_, donationre0_.tested as tested5_4_0_, blooddonat1_.donation_id as donation1_2_1_, blooddonat1_.created as created2_2_1_, blooddonat1_.updated as updated3_2_1_, blooddonat1_.version as version4_2_1_, blooddonat1_.bank_id as bank_id8_2_1_, blooddonat1_.blood_group as blood_gr5_2_1_, blooddonat1_.rhd as rhd6_2_1_, blooddonat1_.milliliters as millilit7_2_1_ from donation_record donationre0_ inner join blood_donation blooddonat1_ on donationre0_.donation_id=blooddonat1_.donation_id where donationre0_.record_id=** NOT SPECIFIED **]
2021-11-19T10:24:07,200|[TRACE] JdbcCoordinatorImpl - Registering last query statement [com.mysql.cj.jdbc.ClientPreparedStatement: select donationre0_.record_id as record_i1_4_0_, donationre0_.created as created2_4_0_, donationre0_.updated as updated3_4_0_, donationre0_.version as version4_4_0_, donationre0_.donation_id as donation6_4_0_, donationre0_.person_id as person_i7_4_0_, donationre0_.tested as tested5_4_0_, blooddonat1_.donation_id as donation1_2_1_, blooddonat1_.created as created2_2_1_, blooddonat1_.updated as updated3_2_1_, blooddonat1_.version as version4_2_1_, blooddonat1_.bank_id as bank_id8_2_1_, blooddonat1_.blood_group as blood_gr5_2_1_, blooddonat1_.rhd as rhd6_2_1_, blooddonat1_.milliliters as millilit7_2_1_ from donation_record donationre0_ inner join blood_donation blooddonat1_ on donationre0_.donation_id=blooddonat1_.donation_id where donationre0_.record_id=** NOT SPECIFIED **]
2021-11-19T10:24:07,200|[TRACE] BasicBinder - binding parameter [1] as [INTEGER] - [1]
2021-11-19T10:24:07,200|[TRACE] AbstractLoadPlanBasedLoader - Bound [2] parameters total
2021-11-19T10:24:07,201|[TRACE] ResourceRegistryStandardImpl - Registering result set [com.mysql.cj.jdbc.result.ResultSetImpl@529fda9f]
2021-11-19T10:24:07,201|[TRACE] ResultSetProcessorImpl - Processing result set
2021-11-19T10:24:07,201|[TRACE] ResultSetProcessorImpl - Starting ResultSet row #0
2021-11-19T10:24:07,201|[TRACE] BasicExtractor - extracted value ([donation1_2_1_] : [INTEGER]) - [1]
2021-11-19T10:24:07,201|[DEBUG] EntityReferenceInitializerImpl - On call to EntityIdentifierReaderImpl#resolve, EntityKey was already known; should only happen on root returns with an optional identifier specified
2021-11-19T10:24:07,201|[TRACE] EntityReferenceInitializerImpl - hydrating entity state
2021-11-19T10:24:07,201|[TRACE] EntityReferenceInitializerImpl - Initializing object from ResultSet: [bloodbank.entity.DonationRecord#1]
2021-11-19T10:24:07,201|[TRACE] AbstractEntityPersister - Hydrating entity: [bloodbank.entity.DonationRecord#1]
2021-11-19T10:24:07,201|[TRACE] BasicExtractor - extracted value ([created2_4_0_] : [BIGINT]) - [1637335447138]
2021-11-19T10:24:07,201|[TRACE] BasicExtractor - extracted value ([updated3_4_0_] : [BIGINT]) - [1637335447138]
2021-11-19T10:24:07,201|[TRACE] BasicExtractor - extracted value ([version4_4_0_] : [INTEGER]) - [0]
2021-11-19T10:24:07,201|[TRACE] BasicExtractor - extracted value ([donation6_4_0_] : [INTEGER]) - [1]
2021-11-19T10:24:07,201|[TRACE] BasicExtractor - extracted value ([person_i7_4_0_] : [INTEGER]) - [1]
2021-11-19T10:24:07,201|[TRACE] BasicExtractor - extracted value ([tested5_4_0_] : [TINYINT]) - [0]
2021-11-19T10:24:07,201|[TRACE] TwoPhaseLoad - Version: 0
2021-11-19T10:24:07,201|[TRACE] ResultSetProcessorImpl - Done processing result set (1 rows)
2021-11-19T10:24:07,201|[TRACE] AbstractRowReader - Total objects hydrated: 1
2021-11-19T10:24:07,202|[DEBUG] TwoPhaseLoad - Resolving attributes for [bloodbank.entity.DonationRecord#1]
2021-11-19T10:24:07,202|[DEBUG] TwoPhaseLoad - Processing attribute `epochCreated` : value = 1637335447138
2021-11-19T10:24:07,202|[DEBUG] TwoPhaseLoad - Attribute (`epochCreated`)  - enhanced for lazy-loading? - false
2021-11-19T10:24:07,202|[DEBUG] TwoPhaseLoad - Processing attribute `epochUpdated` : value = 1637335447138
2021-11-19T10:24:07,202|[DEBUG] TwoPhaseLoad - Attribute (`epochUpdated`)  - enhanced for lazy-loading? - false
2021-11-19T10:24:07,202|[DEBUG] TwoPhaseLoad - Processing attribute `version` : value = 0
2021-11-19T10:24:07,202|[DEBUG] TwoPhaseLoad - Attribute (`version`)  - enhanced for lazy-loading? - false
2021-11-19T10:24:07,202|[DEBUG] TwoPhaseLoad - Processing attribute `donation` : value = 1
2021-11-19T10:24:07,202|[DEBUG] TwoPhaseLoad - Attribute (`donation`)  - enhanced for lazy-loading? - false
2021-11-19T10:24:07,202|[TRACE] DefaultLoadEventListener - Loading entity: [bloodbank.entity.BloodDonation#1]
2021-11-19T10:24:07,202|[TRACE] DefaultLoadEventListener - Attempting to resolve: [bloodbank.entity.BloodDonation#1]
2021-11-19T10:24:07,202|[DEBUG] TwoPhaseLoad - Processing attribute `owner` : value = 1
2021-11-19T10:24:07,202|[DEBUG] TwoPhaseLoad - Attribute (`owner`)  - enhanced for lazy-loading? - false
2021-11-19T10:24:07,202|[TRACE] DefaultLoadEventListener - Loading entity: [bloodbank.entity.Person#1]
2021-11-19T10:24:07,202|[TRACE] DefaultLoadEventListener - Creating new proxy for entity
2021-11-19T10:24:07,202|[DEBUG] TwoPhaseLoad - Processing attribute `tested` : value = 0
2021-11-19T10:24:07,202|[DEBUG] TwoPhaseLoad - Attribute (`tested`)  - enhanced for lazy-loading? - false
2021-11-19T10:24:07,202|[DEBUG] TwoPhaseLoad - Done materializing entity [bloodbank.entity.DonationRecord#1]
2021-11-19T10:24:07,202|[TRACE] ResultSetProcessingContextImpl - Skipping create subselects because there are fewer than 2 results, so query by key is more efficient.
2021-11-19T10:24:07,202|[TRACE] ResourceRegistryStandardImpl - Releasing statement [com.mysql.cj.jdbc.ClientPreparedStatement: select donationre0_.record_id as record_i1_4_0_, donationre0_.created as created2_4_0_, donationre0_.updated as updated3_4_0_, donationre0_.version as version4_4_0_, donationre0_.donation_id as donation6_4_0_, donationre0_.person_id as person_i7_4_0_, donationre0_.tested as tested5_4_0_, blooddonat1_.donation_id as donation1_2_1_, blooddonat1_.created as created2_2_1_, blooddonat1_.updated as updated3_2_1_, blooddonat1_.version as version4_2_1_, blooddonat1_.bank_id as bank_id8_2_1_, blooddonat1_.blood_group as blood_gr5_2_1_, blooddonat1_.rhd as rhd6_2_1_, blooddonat1_.milliliters as millilit7_2_1_ from donation_record donationre0_ inner join blood_donation blooddonat1_ on donationre0_.donation_id=blooddonat1_.donation_id where donationre0_.record_id=1]
2021-11-19T10:24:07,202|[TRACE] ResourceRegistryStandardImpl - Closing result set [com.mysql.cj.jdbc.result.ResultSetImpl@529fda9f]
2021-11-19T10:24:07,202|[TRACE] ResourceRegistryStandardImpl - Closing prepared statement [com.mysql.cj.jdbc.ClientPreparedStatement: select donationre0_.record_id as record_i1_4_0_, donationre0_.created as created2_4_0_, donationre0_.updated as updated3_4_0_, donationre0_.version as version4_4_0_, donationre0_.donation_id as donation6_4_0_, donationre0_.person_id as person_i7_4_0_, donationre0_.tested as tested5_4_0_, blooddonat1_.donation_id as donation1_2_1_, blooddonat1_.created as created2_2_1_, blooddonat1_.updated as updated3_2_1_, blooddonat1_.version as version4_2_1_, blooddonat1_.bank_id as bank_id8_2_1_, blooddonat1_.blood_group as blood_gr5_2_1_, blooddonat1_.rhd as rhd6_2_1_, blooddonat1_.milliliters as millilit7_2_1_ from donation_record donationre0_ inner join blood_donation blooddonat1_ on donationre0_.donation_id=blooddonat1_.donation_id where donationre0_.record_id=1]
2021-11-19T10:24:07,202|[TRACE] JdbcCoordinatorImpl - Starting after statement execution processing [AFTER_TRANSACTION]
2021-11-19T10:24:07,202|[DEBUG] AbstractLoadPlanBasedEntityLoader - Done entity load : bloodbank.entity.DonationRecord#1
2021-11-19T10:24:07,202|[DEBUG] TwoPhaseLoad - Done materializing entity [bloodbank.entity.BloodDonation#1]
2021-11-19T10:24:07,202|[TRACE] LoadContexts - Attempting to locate loading collection entry [CollectionKey[bloodbank.entity.BloodBank.donations#1]] in any result-set context
2021-11-19T10:24:07,202|[TRACE] LoadContexts - Collection [CollectionKey[bloodbank.entity.BloodBank.donations#1]] located in load context
2021-11-19T10:24:07,202|[TRACE] CollectionLoadContext - Removing collection load entry [org.hibernate.engine.loading.internal.LoadingCollectionEntry<rs=com.mysql.cj.jdbc.result.ResultSetImpl@402adc9c, coll=[bloodbank.entity.BloodBank.donations#1]>@7d0e46dd]
2021-11-19T10:24:07,202|[DEBUG] CollectionLoadContext - 1 collections were found in result set for role: bloodbank.entity.BloodBank.donations
2021-11-19T10:24:07,202|[TRACE] CollectionLoadContext - Ending loading collection [org.hibernate.engine.loading.internal.LoadingCollectionEntry<rs=com.mysql.cj.jdbc.result.ResultSetImpl@402adc9c, coll=[bloodbank.entity.BloodBank.donations#1]>@7d0e46dd]
2021-11-19T10:24:07,202|[DEBUG] CollectionLoadContext - Collection fully initialized: [bloodbank.entity.BloodBank.donations#1]
2021-11-19T10:24:07,202|[DEBUG] CollectionLoadContext - 1 collections initialized for role: bloodbank.entity.BloodBank.donations
2021-11-19T10:24:07,202|[TRACE] ResultSetProcessingContextImpl - Skipping create subselects because there are fewer than 2 results, so query by key is more efficient.
2021-11-19T10:24:07,202|[TRACE] ResourceRegistryStandardImpl - Releasing statement [com.mysql.cj.jdbc.ClientPreparedStatement: select donations0_.bank_id as bank_id8_2_0_, donations0_.donation_id as donation1_2_0_, donations0_.donation_id as donation1_2_1_, donations0_.created as created2_2_1_, donations0_.updated as updated3_2_1_, donations0_.version as version4_2_1_, donations0_.bank_id as bank_id8_2_1_, donations0_.blood_group as blood_gr5_2_1_, donations0_.rhd as rhd6_2_1_, donations0_.milliliters as millilit7_2_1_ from blood_donation donations0_ where donations0_.bank_id=1]
2021-11-19T10:24:07,202|[TRACE] ResourceRegistryStandardImpl - Closing result set [com.mysql.cj.jdbc.result.ResultSetImpl@402adc9c]
2021-11-19T10:24:07,202|[TRACE] ResourceRegistryStandardImpl - Closing prepared statement [com.mysql.cj.jdbc.ClientPreparedStatement: select donations0_.bank_id as bank_id8_2_0_, donations0_.donation_id as donation1_2_0_, donations0_.donation_id as donation1_2_1_, donations0_.created as created2_2_1_, donations0_.updated as updated3_2_1_, donations0_.version as version4_2_1_, donations0_.bank_id as bank_id8_2_1_, donations0_.blood_group as blood_gr5_2_1_, donations0_.rhd as rhd6_2_1_, donations0_.milliliters as millilit7_2_1_ from blood_donation donations0_ where donations0_.bank_id=1]
2021-11-19T10:24:07,202|[TRACE] JdbcCoordinatorImpl - Starting after statement execution processing [AFTER_TRANSACTION]
2021-11-19T10:24:07,202|[TRACE] StatefulPersistenceContext - Initializing non-lazy collections
2021-11-19T10:24:07,202|[DEBUG] AbstractLoadPlanBasedCollectionInitializer - Done loading collection
2021-11-19T10:24:07,202|[TRACE] DefaultInitializeCollectionEventListener - Collection initialized
2021-11-19T10:24:07,202|[DEBUG] TransactionImpl - begin
2021-11-19T10:24:07,202|[TRACE] AbstractLogicalConnectionImplementor - Preparing to begin transaction via JDBC Connection.setAutoCommit(false)
2021-11-19T10:24:07,203|[TRACE] AbstractLogicalConnectionImplementor - Transaction begun via JDBC Connection.setAutoCommit(false)
2021-11-19T10:24:07,203|[TRACE] JdbcResourceLocalTransactionCoordinatorImpl - ResourceLocalTransactionCoordinatorImpl#afterBeginCallback
2021-11-19T10:24:07,203|[TRACE] EntityState - Persistent instance of: bloodbank.entity.PublicBloodBank
2021-11-19T10:24:07,203|[TRACE] DefaultMergeEventListener - Ignoring persistent instance
2021-11-19T10:24:07,203|[TRACE] Cascade - Processing cascade ACTION_MERGE for: bloodbank.entity.PublicBloodBank
2021-11-19T10:24:07,203|[TRACE] Cascade - Cascade ACTION_MERGE for collection: bloodbank.entity.BloodBank.donations
2021-11-19T10:24:07,203|[TRACE] CascadingAction - Cascading to merge: bloodbank.entity.BloodDonation
2021-11-19T10:24:07,203|[TRACE] EntityState - Persistent instance of: bloodbank.entity.BloodDonation
2021-11-19T10:24:07,203|[TRACE] DefaultMergeEventListener - Ignoring persistent instance
2021-11-19T10:24:07,203|[TRACE] Cascade - Processing cascade ACTION_MERGE for: bloodbank.entity.BloodDonation
2021-11-19T10:24:07,203|[TRACE] CascadingAction - Cascading to merge: bloodbank.entity.BloodBank
2021-11-19T10:24:07,203|[TRACE] DefaultMergeEventListener - Already in merge process
2021-11-19T10:24:07,203|[TRACE] Cascade - Done processing cascade ACTION_MERGE for: bloodbank.entity.BloodDonation
2021-11-19T10:24:07,203|[TRACE] Cascade - Done cascade ACTION_MERGE for collection: bloodbank.entity.BloodBank.donations
2021-11-19T10:24:07,203|[TRACE] Cascade - Done processing cascade ACTION_MERGE for: bloodbank.entity.PublicBloodBank
2021-11-19T10:24:07,203|[DEBUG] TransactionImpl - committing
2021-11-19T10:24:07,203|[TRACE] JdbcResourceLocalTransactionCoordinatorImpl - ResourceLocalTransactionCoordinatorImpl#beforeCompletionCallback
2021-11-19T10:24:07,203|[TRACE] SessionImpl - SessionImpl#beforeTransactionCompletion()
2021-11-19T10:24:07,203|[TRACE] SessionImpl - Automatically flushing session
2021-11-19T10:24:07,203|[TRACE] AbstractFlushingEventListener - Flushing session
2021-11-19T10:24:07,203|[DEBUG] AbstractFlushingEventListener - Processing flush-time cascades
2021-11-19T10:24:07,203|[TRACE] Cascade - Processing cascade ACTION_PERSIST_ON_FLUSH for: bloodbank.entity.PublicBloodBank
2021-11-19T10:24:07,203|[TRACE] Cascade - Cascade ACTION_PERSIST_ON_FLUSH for collection: bloodbank.entity.BloodBank.donations
2021-11-19T10:24:07,203|[TRACE] CascadingAction - Cascading to persist on flush: bloodbank.entity.BloodDonation
2021-11-19T10:24:07,203|[TRACE] EntityState - Persistent instance of: bloodbank.entity.BloodDonation
2021-11-19T10:24:07,203|[TRACE] DefaultPersistEventListener - Ignoring persistent instance
2021-11-19T10:24:07,203|[TRACE] Cascade - Processing cascade ACTION_PERSIST_ON_FLUSH for: bloodbank.entity.BloodDonation
2021-11-19T10:24:07,203|[TRACE] CascadingAction - Cascading to persist on flush: bloodbank.entity.BloodBank
2021-11-19T10:24:07,203|[TRACE] EntityState - Persistent instance of: bloodbank.entity.BloodBank
2021-11-19T10:24:07,203|[TRACE] DefaultPersistEventListener - Ignoring persistent instance
2021-11-19T10:24:07,203|[TRACE] Cascade - Processing cascade ACTION_PERSIST_ON_FLUSH for: bloodbank.entity.PublicBloodBank
2021-11-19T10:24:07,203|[TRACE] Cascade - Done processing cascade ACTION_PERSIST_ON_FLUSH for: bloodbank.entity.PublicBloodBank
2021-11-19T10:24:07,203|[TRACE] Cascade - Processing cascade ACTION_PERSIST_ON_FLUSH for: bloodbank.entity.PublicBloodBank
2021-11-19T10:24:07,203|[TRACE] Cascade - Cascade ACTION_PERSIST_ON_FLUSH for collection: bloodbank.entity.BloodBank.donations
2021-11-19T10:24:07,203|[TRACE] CascadingAction - Cascading to persist on flush: bloodbank.entity.BloodDonation
2021-11-19T10:24:07,203|[TRACE] EntityState - Persistent instance of: bloodbank.entity.BloodDonation
2021-11-19T10:24:07,203|[TRACE] DefaultPersistEventListener - Ignoring persistent instance
2021-11-19T10:24:07,203|[TRACE] Cascade - Done cascade ACTION_PERSIST_ON_FLUSH for collection: bloodbank.entity.BloodBank.donations
2021-11-19T10:24:07,203|[TRACE] Cascade - Done processing cascade ACTION_PERSIST_ON_FLUSH for: bloodbank.entity.PublicBloodBank
2021-11-19T10:24:07,203|[TRACE] Cascade - Done processing cascade ACTION_PERSIST_ON_FLUSH for: bloodbank.entity.BloodDonation
2021-11-19T10:24:07,203|[TRACE] Cascade - Processing cascade ACTION_PERSIST_ON_FLUSH for: bloodbank.entity.BloodDonation
2021-11-19T10:24:07,203|[TRACE] Cascade - Done processing cascade ACTION_PERSIST_ON_FLUSH for: bloodbank.entity.BloodDonation
2021-11-19T10:24:07,203|[TRACE] Cascade - Done cascade ACTION_PERSIST_ON_FLUSH for collection: bloodbank.entity.BloodBank.donations
2021-11-19T10:24:07,203|[TRACE] Cascade - Done processing cascade ACTION_PERSIST_ON_FLUSH for: bloodbank.entity.PublicBloodBank
2021-11-19T10:24:07,203|[TRACE] Cascade - Processing cascade ACTION_PERSIST_ON_FLUSH for: bloodbank.entity.BloodDonation
2021-11-19T10:24:07,203|[TRACE] CascadingAction - Cascading to persist on flush: bloodbank.entity.BloodBank
2021-11-19T10:24:07,203|[TRACE] EntityState - Persistent instance of: bloodbank.entity.BloodBank
2021-11-19T10:24:07,203|[TRACE] DefaultPersistEventListener - Ignoring persistent instance
2021-11-19T10:24:07,203|[TRACE] Cascade - Done processing cascade ACTION_PERSIST_ON_FLUSH for: bloodbank.entity.BloodDonation
2021-11-19T10:24:07,203|[TRACE] Cascade - Processing cascade ACTION_PERSIST_ON_FLUSH for: bloodbank.entity.DonationRecord
2021-11-19T10:24:07,203|[TRACE] CascadingAction - Cascading to persist on flush: bloodbank.entity.BloodDonation
2021-11-19T10:24:07,203|[TRACE] EntityState - Persistent instance of: bloodbank.entity.BloodDonation
2021-11-19T10:24:07,203|[TRACE] DefaultPersistEventListener - Ignoring persistent instance
2021-11-19T10:24:07,203|[TRACE] Cascade - Done processing cascade ACTION_PERSIST_ON_FLUSH for: bloodbank.entity.DonationRecord
2021-11-19T10:24:07,203|[DEBUG] AbstractFlushingEventListener - Dirty checking collections
2021-11-19T10:24:07,203|[TRACE] AbstractFlushingEventListener - Flushing entities and processing referenced collections
2021-11-19T10:24:07,204|[DEBUG] Collections - Collection found: [bloodbank.entity.BloodBank.donations#1], was: [bloodbank.entity.BloodBank.donations#1] (initialized)
2021-11-19T10:24:07,204|[TRACE] AbstractFlushingEventListener - Processing unreferenced collections
2021-11-19T10:24:07,204|[TRACE] AbstractFlushingEventListener - Scheduling collection removes/(re)creates/updates
2021-11-19T10:24:07,204|[DEBUG] AbstractFlushingEventListener - Flushed: 0 insertions, 0 updates, 0 deletions to 3 objects
2021-11-19T10:24:07,204|[DEBUG] AbstractFlushingEventListener - Flushed: 0 (re)creations, 0 updates, 0 removals to 1 collections
2021-11-19T10:24:07,204|[DEBUG] EntityPrinter - Listing entities:
2021-11-19T10:24:07,204|[DEBUG] EntityPrinter - bloodbank.entity.BloodBank{donations=[bloodbank.entity.BloodDonation#1], name=updated blood bank, id=1, epochCreated=1637335447185, version=1, epochUpdated=1637335447138}
2021-11-19T10:24:07,204|[DEBUG] EntityPrinter - bloodbank.entity.BloodDonation{bank=bloodbank.entity.BloodBank#1, record=bloodbank.entity.DonationRecord#1, milliliters=5, id=1, epochCreated=1637335447138, bloodType=component[bloodGroup,rhd]{bloodGroup=AB, rhd=1}, version=0, epochUpdated=1637335447138}
2021-11-19T10:24:07,204|[DEBUG] EntityPrinter - bloodbank.entity.DonationRecord{owner=<uninitialized>, tested=0, donation=bloodbank.entity.BloodDonation#1, id=1, epochCreated=1637335447138, version=0, epochUpdated=1637335447138}
2021-11-19T10:24:07,204|[TRACE] AbstractFlushingEventListener - Executing flush
2021-11-19T10:24:07,204|[TRACE] JdbcCoordinatorImpl - Starting after statement execution processing [AFTER_TRANSACTION]
2021-11-19T10:24:07,204|[TRACE] AbstractFlushingEventListener - Post flush
2021-11-19T10:24:07,204|[TRACE] AbstractLogicalConnectionImplementor - LogicalConnection#beforeTransactionCompletion
2021-11-19T10:24:07,204|[TRACE] SynchronizationRegistryStandardImpl - SynchronizationRegistryStandardImpl.notifySynchronizationsBeforeTransactionCompletion
2021-11-19T10:24:07,204|[TRACE] AbstractLogicalConnectionImplementor - Preparing to commit transaction via JDBC Connection.commit()
2021-11-19T10:24:07,204|[TRACE] AbstractLogicalConnectionImplementor - Transaction committed via JDBC Connection.commit()
2021-11-19T10:24:07,204|[TRACE] AbstractLogicalConnectionImplementor - LogicalConnection#afterTransaction
2021-11-19T10:24:07,204|[TRACE] ResourceRegistryStandardImpl - Releasing JDBC resources
2021-11-19T10:24:07,204|[DEBUG] LogicalConnectionManagedImpl - Initiating JDBC connection release from afterTransaction
2021-11-19T10:24:07,204|[TRACE] ResourceRegistryStandardImpl - Releasing JDBC resources
2021-11-19T10:24:07,204|[TRACE] JdbcResourceLocalTransactionCoordinatorImpl - ResourceLocalTransactionCoordinatorImpl#afterCompletionCallback(true)
2021-11-19T10:24:07,204|[TRACE] SynchronizationRegistryStandardImpl - SynchronizationRegistryStandardImpl.notifySynchronizationsAfterTransactionCompletion(3)
2021-11-19T10:24:07,204|[TRACE] AbstractLogicalConnectionImplementor - LogicalConnection#afterTransaction
2021-11-19T10:24:07,204|[TRACE] ResourceRegistryStandardImpl - Releasing JDBC resources
2021-11-19T10:24:07,204|[DEBUG] LogicalConnectionManagedImpl - Initiating JDBC connection release from afterTransaction
2021-11-19T10:24:07,204|[TRACE] SessionImpl - SessionImpl#afterTransactionCompletion(successful=true, delayed=false)
2021-11-19T10:24:07,204|[DEBUG] CriteriaQueryImpl - Rendered criteria query -> select generatedAlias0 from BloodBank as generatedAlias0 where generatedAlias0.id=:id
2021-11-19T10:24:07,205|[TRACE] QueryPlanCache - Located HQL query plan in cache (select generatedAlias0 from BloodBank as generatedAlias0 where generatedAlias0.id=:id)
2021-11-19T10:24:07,205|[TRACE] QueryPlanCache - Located HQL query plan in cache (select generatedAlias0 from BloodBank as generatedAlias0 where generatedAlias0.id=:id)
2021-11-19T10:24:07,205|[TRACE] QueryPlanCache - Located HQL query plan in cache (select generatedAlias0 from BloodBank as generatedAlias0 where generatedAlias0.id=:id)
2021-11-19T10:24:07,205|[TRACE] HQLQueryPlan - Find: select generatedAlias0 from BloodBank as generatedAlias0 where generatedAlias0.id=:id
2021-11-19T10:24:07,205|[TRACE] QueryParameters - Named parameters: {id=1}
2021-11-19T10:24:07,205|[DEBUG] SQL - 
    /* select
        generatedAlias0 
    from
        BloodBank as generatedAlias0 
    where
        generatedAlias0.id=:id */ select
            bloodbank0_.bank_id as bank_id2_1_,
            bloodbank0_.created as created3_1_,
            bloodbank0_.updated as updated4_1_,
            bloodbank0_.version as version5_1_,
            bloodbank0_.name as name6_1_,
            bloodbank0_.privately_owned as privatel1_1_ 
        from
            blood_bank bloodbank0_ 
        where
            bloodbank0_.bank_id=?
2021-11-19T10:24:07,205|[TRACE] ResourceRegistryStandardImpl - Registering statement [com.mysql.cj.jdbc.ClientPreparedStatement: /* select generatedAlias0 from BloodBank as generatedAlias0 where generatedAlias0.id=:id */ select bloodbank0_.bank_id as bank_id2_1_, bloodbank0_.created as created3_1_, bloodbank0_.updated as updated4_1_, bloodbank0_.version as version5_1_, bloodbank0_.name as name6_1_, bloodbank0_.privately_owned as privatel1_1_ from blood_bank bloodbank0_ where bloodbank0_.bank_id=** NOT SPECIFIED **]
2021-11-19T10:24:07,205|[TRACE] JdbcCoordinatorImpl - Registering last query statement [com.mysql.cj.jdbc.ClientPreparedStatement: /* select generatedAlias0 from BloodBank as generatedAlias0 where generatedAlias0.id=:id */ select bloodbank0_.bank_id as bank_id2_1_, bloodbank0_.created as created3_1_, bloodbank0_.updated as updated4_1_, bloodbank0_.version as version5_1_, bloodbank0_.name as name6_1_, bloodbank0_.privately_owned as privatel1_1_ from blood_bank bloodbank0_ where bloodbank0_.bank_id=** NOT SPECIFIED **]
2021-11-19T10:24:07,205|[TRACE] BasicBinder - binding parameter [1] as [INTEGER] - [1]
2021-11-19T10:24:07,205|[TRACE] Loader - Bound [2] parameters total
2021-11-19T10:24:07,206|[TRACE] ResourceRegistryStandardImpl - Registering result set [com.mysql.cj.jdbc.result.ResultSetImpl@7ecd6861]
2021-11-19T10:24:07,206|[TRACE] Loader - Processing result set
2021-11-19T10:24:07,206|[DEBUG] Loader - Result set row: 0
2021-11-19T10:24:07,207|[TRACE] BasicExtractor - extracted value ([bank_id2_1_] : [INTEGER]) - [1]
2021-11-19T10:24:07,207|[DEBUG] Loader - Result row: EntityKey[bloodbank.entity.BloodBank#1]
2021-11-19T10:24:07,207|[TRACE] Loader - Done processing result set (1 rows)
2021-11-19T10:24:07,207|[TRACE] Loader - Total objects hydrated: 0
2021-11-19T10:24:07,207|[TRACE] ResourceRegistryStandardImpl - Releasing statement [com.mysql.cj.jdbc.ClientPreparedStatement: /* select generatedAlias0 from BloodBank as generatedAlias0 where generatedAlias0.id=:id */ select bloodbank0_.bank_id as bank_id2_1_, bloodbank0_.created as created3_1_, bloodbank0_.updated as updated4_1_, bloodbank0_.version as version5_1_, bloodbank0_.name as name6_1_, bloodbank0_.privately_owned as privatel1_1_ from blood_bank bloodbank0_ where bloodbank0_.bank_id=1]
2021-11-19T10:24:07,207|[TRACE] ResourceRegistryStandardImpl - Closing result set [com.mysql.cj.jdbc.result.ResultSetImpl@7ecd6861]
2021-11-19T10:24:07,207|[TRACE] ResourceRegistryStandardImpl - Closing prepared statement [com.mysql.cj.jdbc.ClientPreparedStatement: /* select generatedAlias0 from BloodBank as generatedAlias0 where generatedAlias0.id=:id */ select bloodbank0_.bank_id as bank_id2_1_, bloodbank0_.created as created3_1_, bloodbank0_.updated as updated4_1_, bloodbank0_.version as version5_1_, bloodbank0_.name as name6_1_, bloodbank0_.privately_owned as privatel1_1_ from blood_bank bloodbank0_ where bloodbank0_.bank_id=1]
2021-11-19T10:24:07,207|[TRACE] JdbcCoordinatorImpl - Starting after statement execution processing [AFTER_TRANSACTION]
2021-11-19T10:24:07,207|[TRACE] StatefulPersistenceContext - Initializing non-lazy collections
2021-11-19T10:24:07,207|[TRACE] AbstractLogicalConnectionImplementor - LogicalConnection#afterTransaction
2021-11-19T10:24:07,207|[TRACE] ResourceRegistryStandardImpl - Releasing JDBC resources
2021-11-19T10:24:07,207|[DEBUG] LogicalConnectionManagedImpl - Initiating JDBC connection release from afterTransaction
2021-11-19T10:24:07,207|[TRACE] ResourceRegistryStandardImpl - Releasing JDBC resources
2021-11-19T10:24:07,207|[TRACE] SessionImpl - Closing session [067a2faa-e2ae-4efe-80a2-da3f9136a5ae]
2021-11-19T10:24:07,208|[TRACE] JdbcCoordinatorImpl - Closing JDBC container [org.hibernate.engine.jdbc.internal.JdbcCoordinatorImpl@6557dcea]
2021-11-19T10:24:07,208|[TRACE] ResourceRegistryStandardImpl - Releasing JDBC resources
2021-11-19T10:24:07,208|[TRACE] LogicalConnectionManagedImpl - Closing logical connection
2021-11-19T10:24:07,208|[TRACE] LogicalConnectionManagedImpl - Logical connection closed
]]></system-out>
  </testcase>
  <testcase name="testDeleteDependency" classname="bloodbank.entity.TestCRUDPublicBloodBank" time="0.012">
    <system-out><![CDATA[2021-11-19T10:24:07,208|[TRACE] SessionFactoryImpl$SessionBuilderImpl - Opening Hibernate Session.  tenant=null
2021-11-19T10:24:07,209|[TRACE] SessionImpl - Opened Session [2db9898d-3093-4c5a-a962-a93f608b4121] at timestamp: 1637335447208
2021-11-19T10:24:07,209|[DEBUG] TransactionImpl - On TransactionImpl creation, JpaCompliance#isJpaTransactionComplianceEnabled == false
2021-11-19T10:24:07,209|[DEBUG] CriteriaQueryImpl - Rendered criteria query -> select generatedAlias0 from BloodBank as generatedAlias0 where generatedAlias0.id=:id
2021-11-19T10:24:07,209|[TRACE] QueryPlanCache - Located HQL query plan in cache (select generatedAlias0 from BloodBank as generatedAlias0 where generatedAlias0.id=:id)
2021-11-19T10:24:07,209|[TRACE] QueryPlanCache - Located HQL query plan in cache (select generatedAlias0 from BloodBank as generatedAlias0 where generatedAlias0.id=:id)
2021-11-19T10:24:07,209|[TRACE] QueryPlanCache - Located HQL query plan in cache (select generatedAlias0 from BloodBank as generatedAlias0 where generatedAlias0.id=:id)
2021-11-19T10:24:07,209|[TRACE] HQLQueryPlan - Find: select generatedAlias0 from BloodBank as generatedAlias0 where generatedAlias0.id=:id
2021-11-19T10:24:07,209|[TRACE] QueryParameters - Named parameters: {id=1}
2021-11-19T10:24:07,209|[DEBUG] SQL - 
    /* select
        generatedAlias0 
    from
        BloodBank as generatedAlias0 
    where
        generatedAlias0.id=:id */ select
            bloodbank0_.bank_id as bank_id2_1_,
            bloodbank0_.created as created3_1_,
            bloodbank0_.updated as updated4_1_,
            bloodbank0_.version as version5_1_,
            bloodbank0_.name as name6_1_,
            bloodbank0_.privately_owned as privatel1_1_ 
        from
            blood_bank bloodbank0_ 
        where
            bloodbank0_.bank_id=?
2021-11-19T10:24:07,210|[TRACE] ResourceRegistryStandardImpl - Registering statement [com.mysql.cj.jdbc.ClientPreparedStatement: /* select generatedAlias0 from BloodBank as generatedAlias0 where generatedAlias0.id=:id */ select bloodbank0_.bank_id as bank_id2_1_, bloodbank0_.created as created3_1_, bloodbank0_.updated as updated4_1_, bloodbank0_.version as version5_1_, bloodbank0_.name as name6_1_, bloodbank0_.privately_owned as privatel1_1_ from blood_bank bloodbank0_ where bloodbank0_.bank_id=** NOT SPECIFIED **]
2021-11-19T10:24:07,210|[TRACE] JdbcCoordinatorImpl - Registering last query statement [com.mysql.cj.jdbc.ClientPreparedStatement: /* select generatedAlias0 from BloodBank as generatedAlias0 where generatedAlias0.id=:id */ select bloodbank0_.bank_id as bank_id2_1_, bloodbank0_.created as created3_1_, bloodbank0_.updated as updated4_1_, bloodbank0_.version as version5_1_, bloodbank0_.name as name6_1_, bloodbank0_.privately_owned as privatel1_1_ from blood_bank bloodbank0_ where bloodbank0_.bank_id=** NOT SPECIFIED **]
2021-11-19T10:24:07,210|[TRACE] BasicBinder - binding parameter [1] as [INTEGER] - [1]
2021-11-19T10:24:07,210|[TRACE] Loader - Bound [2] parameters total
2021-11-19T10:24:07,210|[TRACE] ResourceRegistryStandardImpl - Registering result set [com.mysql.cj.jdbc.result.ResultSetImpl@18edbed9]
2021-11-19T10:24:07,210|[TRACE] Loader - Processing result set
2021-11-19T10:24:07,210|[DEBUG] Loader - Result set row: 0
2021-11-19T10:24:07,210|[TRACE] BasicExtractor - extracted value ([bank_id2_1_] : [INTEGER]) - [1]
2021-11-19T10:24:07,210|[DEBUG] Loader - Result row: EntityKey[bloodbank.entity.BloodBank#1]
2021-11-19T10:24:07,210|[TRACE] BasicExtractor - extracted value ([privatel1_1_] : [INTEGER]) - [0]
2021-11-19T10:24:07,210|[TRACE] Loader - Initializing object from ResultSet: [bloodbank.entity.PublicBloodBank#1]
2021-11-19T10:24:07,210|[TRACE] AbstractEntityPersister - Hydrating entity: [bloodbank.entity.PublicBloodBank#1]
2021-11-19T10:24:07,210|[TRACE] BasicExtractor - extracted value ([created3_1_] : [BIGINT]) - [1637335447185]
2021-11-19T10:24:07,210|[TRACE] BasicExtractor - extracted value ([updated4_1_] : [BIGINT]) - [1637335447138]
2021-11-19T10:24:07,210|[TRACE] BasicExtractor - extracted value ([version5_1_] : [INTEGER]) - [1]
2021-11-19T10:24:07,210|[TRACE] BasicExtractor - extracted value ([name6_1_] : [VARCHAR]) - [updated blood bank]
2021-11-19T10:24:07,210|[TRACE] TwoPhaseLoad - Version: 1
2021-11-19T10:24:07,210|[TRACE] Loader - Done processing result set (1 rows)
2021-11-19T10:24:07,210|[TRACE] Loader - Total objects hydrated: 1
2021-11-19T10:24:07,211|[DEBUG] TwoPhaseLoad - Resolving attributes for [bloodbank.entity.PublicBloodBank#1]
2021-11-19T10:24:07,211|[DEBUG] TwoPhaseLoad - Processing attribute `epochCreated` : value = 1637335447185
2021-11-19T10:24:07,211|[DEBUG] TwoPhaseLoad - Attribute (`epochCreated`)  - enhanced for lazy-loading? - false
2021-11-19T10:24:07,211|[DEBUG] TwoPhaseLoad - Processing attribute `epochUpdated` : value = 1637335447138
2021-11-19T10:24:07,211|[DEBUG] TwoPhaseLoad - Attribute (`epochUpdated`)  - enhanced for lazy-loading? - false
2021-11-19T10:24:07,211|[DEBUG] TwoPhaseLoad - Processing attribute `version` : value = 1
2021-11-19T10:24:07,211|[DEBUG] TwoPhaseLoad - Attribute (`version`)  - enhanced for lazy-loading? - false
2021-11-19T10:24:07,211|[DEBUG] TwoPhaseLoad - Processing attribute `donations` : value = NOT NULL COLLECTION
2021-11-19T10:24:07,211|[DEBUG] TwoPhaseLoad - Attribute (`donations`)  - enhanced for lazy-loading? - false
2021-11-19T10:24:07,211|[TRACE] CollectionType - Created collection wrapper: [bloodbank.entity.BloodBank.donations#1]
2021-11-19T10:24:07,211|[DEBUG] TwoPhaseLoad - Processing attribute `name` : value = updated blood bank
2021-11-19T10:24:07,211|[DEBUG] TwoPhaseLoad - Attribute (`name`)  - enhanced for lazy-loading? - false
2021-11-19T10:24:07,211|[DEBUG] TwoPhaseLoad - Done materializing entity [bloodbank.entity.PublicBloodBank#1]
2021-11-19T10:24:07,211|[TRACE] ResourceRegistryStandardImpl - Releasing statement [com.mysql.cj.jdbc.ClientPreparedStatement: /* select generatedAlias0 from BloodBank as generatedAlias0 where generatedAlias0.id=:id */ select bloodbank0_.bank_id as bank_id2_1_, bloodbank0_.created as created3_1_, bloodbank0_.updated as updated4_1_, bloodbank0_.version as version5_1_, bloodbank0_.name as name6_1_, bloodbank0_.privately_owned as privatel1_1_ from blood_bank bloodbank0_ where bloodbank0_.bank_id=1]
2021-11-19T10:24:07,211|[TRACE] ResourceRegistryStandardImpl - Closing result set [com.mysql.cj.jdbc.result.ResultSetImpl@18edbed9]
2021-11-19T10:24:07,211|[TRACE] ResourceRegistryStandardImpl - Closing prepared statement [com.mysql.cj.jdbc.ClientPreparedStatement: /* select generatedAlias0 from BloodBank as generatedAlias0 where generatedAlias0.id=:id */ select bloodbank0_.bank_id as bank_id2_1_, bloodbank0_.created as created3_1_, bloodbank0_.updated as updated4_1_, bloodbank0_.version as version5_1_, bloodbank0_.name as name6_1_, bloodbank0_.privately_owned as privatel1_1_ from blood_bank bloodbank0_ where bloodbank0_.bank_id=1]
2021-11-19T10:24:07,211|[TRACE] JdbcCoordinatorImpl - Starting after statement execution processing [AFTER_TRANSACTION]
2021-11-19T10:24:07,211|[TRACE] StatefulPersistenceContext - Initializing non-lazy collections
2021-11-19T10:24:07,211|[TRACE] AbstractLogicalConnectionImplementor - LogicalConnection#afterTransaction
2021-11-19T10:24:07,211|[TRACE] ResourceRegistryStandardImpl - Releasing JDBC resources
2021-11-19T10:24:07,211|[DEBUG] LogicalConnectionManagedImpl - Initiating JDBC connection release from afterTransaction
2021-11-19T10:24:07,211|[TRACE] ResourceRegistryStandardImpl - Releasing JDBC resources
2021-11-19T10:24:07,211|[DEBUG] TransactionImpl - begin
2021-11-19T10:24:07,211|[TRACE] AbstractLogicalConnectionImplementor - Preparing to begin transaction via JDBC Connection.setAutoCommit(false)
2021-11-19T10:24:07,211|[TRACE] AbstractLogicalConnectionImplementor - Transaction begun via JDBC Connection.setAutoCommit(false)
2021-11-19T10:24:07,211|[TRACE] JdbcResourceLocalTransactionCoordinatorImpl - ResourceLocalTransactionCoordinatorImpl#afterBeginCallback
2021-11-19T10:24:07,211|[TRACE] EntityState - Persistent instance of: bloodbank.entity.PublicBloodBank
2021-11-19T10:24:07,211|[TRACE] DefaultMergeEventListener - Ignoring persistent instance
2021-11-19T10:24:07,211|[TRACE] Cascade - Processing cascade ACTION_MERGE for: bloodbank.entity.PublicBloodBank
2021-11-19T10:24:07,212|[TRACE] Cascade - Done processing cascade ACTION_MERGE for: bloodbank.entity.PublicBloodBank
2021-11-19T10:24:07,212|[DEBUG] TransactionImpl - committing
2021-11-19T10:24:07,212|[TRACE] JdbcResourceLocalTransactionCoordinatorImpl - ResourceLocalTransactionCoordinatorImpl#beforeCompletionCallback
2021-11-19T10:24:07,212|[TRACE] SessionImpl - SessionImpl#beforeTransactionCompletion()
2021-11-19T10:24:07,212|[TRACE] SessionImpl - Automatically flushing session
2021-11-19T10:24:07,212|[TRACE] AbstractFlushingEventListener - Flushing session
2021-11-19T10:24:07,212|[DEBUG] AbstractFlushingEventListener - Processing flush-time cascades
2021-11-19T10:24:07,212|[TRACE] Cascade - Processing cascade ACTION_PERSIST_ON_FLUSH for: bloodbank.entity.PublicBloodBank
2021-11-19T10:24:07,212|[TRACE] Cascade - Done processing cascade ACTION_PERSIST_ON_FLUSH for: bloodbank.entity.PublicBloodBank
2021-11-19T10:24:07,212|[DEBUG] AbstractFlushingEventListener - Dirty checking collections
2021-11-19T10:24:07,212|[TRACE] AbstractFlushingEventListener - Flushing entities and processing referenced collections
2021-11-19T10:24:07,212|[TRACE] AbstractEntityPersister - bloodbank.entity.PublicBloodBank.donations is dirty
2021-11-19T10:24:07,212|[TRACE] DefaultFlushEntityEventListener - Found dirty properties [[bloodbank.entity.PublicBloodBank#1]] : [donations]
2021-11-19T10:24:07,212|[TRACE] DefaultFlushEntityEventListener - Updating entity: [bloodbank.entity.PublicBloodBank#1]
2021-11-19T10:24:07,212|[TRACE] AbstractEntityPersister - bloodbank.entity.PublicBloodBank.epochCreated is dirty
2021-11-19T10:24:07,212|[TRACE] AbstractEntityPersister - bloodbank.entity.PublicBloodBank.donations is dirty
2021-11-19T10:24:07,212|[TRACE] DefaultFlushEntityEventListener - Found dirty properties [[bloodbank.entity.PublicBloodBank#1]] : [epochCreated, donations]
2021-11-19T10:24:07,212|[TRACE] Versioning - Incrementing: 1 to 2
2021-11-19T10:24:07,212|[TRACE] AbstractFlushingEventListener - Processing unreferenced collections
2021-11-19T10:24:07,212|[DEBUG] Collections - Collection dereferenced: [bloodbank.entity.BloodBank.donations#1]
2021-11-19T10:24:07,212|[TRACE] AbstractFlushingEventListener - Scheduling collection removes/(re)creates/updates
2021-11-19T10:24:07,212|[DEBUG] AbstractFlushingEventListener - Flushed: 0 insertions, 1 updates, 0 deletions to 1 objects
2021-11-19T10:24:07,212|[DEBUG] AbstractFlushingEventListener - Flushed: 0 (re)creations, 0 updates, 1 removals to 1 collections
2021-11-19T10:24:07,212|[DEBUG] EntityPrinter - Listing entities:
2021-11-19T10:24:07,212|[DEBUG] EntityPrinter - bloodbank.entity.BloodBank{donations=null, name=updated blood bank, id=1, epochCreated=1637335447212, version=2, epochUpdated=1637335447138}
2021-11-19T10:24:07,212|[TRACE] AbstractFlushingEventListener - Executing flush
2021-11-19T10:24:07,212|[TRACE] AbstractEntityPersister - Updating entity: [bloodbank.entity.PublicBloodBank#1]
2021-11-19T10:24:07,212|[TRACE] AbstractEntityPersister - Existing version: 1 -> New version:2
2021-11-19T10:24:07,212|[DEBUG] SQL - 
    /* update
        bloodbank.entity.PublicBloodBank */ update
            blood_bank 
        set
            created=?,
            updated=?,
            version=?,
            name=? 
        where
            bank_id=? 
            and version=?
2021-11-19T10:24:07,212|[TRACE] ResourceRegistryStandardImpl - Registering statement [com.mysql.cj.jdbc.ClientPreparedStatement: /* update bloodbank.entity.PublicBloodBank */ update blood_bank set created=** NOT SPECIFIED **, updated=** NOT SPECIFIED **, version=** NOT SPECIFIED **, name=** NOT SPECIFIED ** where bank_id=** NOT SPECIFIED ** and version=** NOT SPECIFIED **]
2021-11-19T10:24:07,212|[TRACE] AbstractEntityPersister - Dehydrating entity: [bloodbank.entity.PublicBloodBank#1]
2021-11-19T10:24:07,213|[TRACE] BasicBinder - binding parameter [1] as [BIGINT] - [1637335447212]
2021-11-19T10:24:07,213|[TRACE] BasicBinder - binding parameter [2] as [BIGINT] - [1637335447138]
2021-11-19T10:24:07,213|[TRACE] BasicBinder - binding parameter [3] as [INTEGER] - [2]
2021-11-19T10:24:07,213|[TRACE] BasicBinder - binding parameter [4] as [VARCHAR] - [updated blood bank]
2021-11-19T10:24:07,213|[TRACE] BasicBinder - binding parameter [5] as [INTEGER] - [1]
2021-11-19T10:24:07,213|[TRACE] BasicBinder - binding parameter [6] as [INTEGER] - [1]
2021-11-19T10:24:07,213|[TRACE] ResourceRegistryStandardImpl - Releasing statement [com.mysql.cj.jdbc.ClientPreparedStatement: /* update bloodbank.entity.PublicBloodBank */ update blood_bank set created=1637335447212, updated=1637335447138, version=2, name='updated blood bank' where bank_id=1 and version=1]
2021-11-19T10:24:07,213|[TRACE] ResourceRegistryStandardImpl - Closing prepared statement [com.mysql.cj.jdbc.ClientPreparedStatement: /* update bloodbank.entity.PublicBloodBank */ update blood_bank set created=1637335447212, updated=1637335447138, version=2, name='updated blood bank' where bank_id=1 and version=1]
2021-11-19T10:24:07,214|[TRACE] JdbcCoordinatorImpl - Starting after statement execution processing [AFTER_TRANSACTION]
2021-11-19T10:24:07,214|[TRACE] JdbcCoordinatorImpl - Starting after statement execution processing [AFTER_TRANSACTION]
2021-11-19T10:24:07,214|[TRACE] AbstractFlushingEventListener - Post flush
2021-11-19T10:24:07,214|[TRACE] AbstractLogicalConnectionImplementor - LogicalConnection#beforeTransactionCompletion
2021-11-19T10:24:07,214|[TRACE] SynchronizationRegistryStandardImpl - SynchronizationRegistryStandardImpl.notifySynchronizationsBeforeTransactionCompletion
2021-11-19T10:24:07,214|[TRACE] AbstractLogicalConnectionImplementor - Preparing to commit transaction via JDBC Connection.commit()
2021-11-19T10:24:07,217|[TRACE] AbstractLogicalConnectionImplementor - Transaction committed via JDBC Connection.commit()
2021-11-19T10:24:07,217|[TRACE] AbstractLogicalConnectionImplementor - LogicalConnection#afterTransaction
2021-11-19T10:24:07,217|[TRACE] ResourceRegistryStandardImpl - Releasing JDBC resources
2021-11-19T10:24:07,217|[DEBUG] LogicalConnectionManagedImpl - Initiating JDBC connection release from afterTransaction
2021-11-19T10:24:07,217|[TRACE] ResourceRegistryStandardImpl - Releasing JDBC resources
2021-11-19T10:24:07,217|[TRACE] JdbcResourceLocalTransactionCoordinatorImpl - ResourceLocalTransactionCoordinatorImpl#afterCompletionCallback(true)
2021-11-19T10:24:07,217|[TRACE] SynchronizationRegistryStandardImpl - SynchronizationRegistryStandardImpl.notifySynchronizationsAfterTransactionCompletion(3)
2021-11-19T10:24:07,217|[TRACE] AbstractLogicalConnectionImplementor - LogicalConnection#afterTransaction
2021-11-19T10:24:07,217|[TRACE] ResourceRegistryStandardImpl - Releasing JDBC resources
2021-11-19T10:24:07,217|[DEBUG] LogicalConnectionManagedImpl - Initiating JDBC connection release from afterTransaction
2021-11-19T10:24:07,217|[TRACE] SessionImpl - SessionImpl#afterTransactionCompletion(successful=true, delayed=false)
2021-11-19T10:24:07,217|[DEBUG] CriteriaQueryImpl - Rendered criteria query -> select generatedAlias0 from BloodBank as generatedAlias0 where generatedAlias0.id=:id
2021-11-19T10:24:07,217|[TRACE] QueryPlanCache - Located HQL query plan in cache (select generatedAlias0 from BloodBank as generatedAlias0 where generatedAlias0.id=:id)
2021-11-19T10:24:07,217|[TRACE] QueryPlanCache - Located HQL query plan in cache (select generatedAlias0 from BloodBank as generatedAlias0 where generatedAlias0.id=:id)
2021-11-19T10:24:07,217|[TRACE] QueryPlanCache - Located HQL query plan in cache (select generatedAlias0 from BloodBank as generatedAlias0 where generatedAlias0.id=:id)
2021-11-19T10:24:07,217|[TRACE] HQLQueryPlan - Find: select generatedAlias0 from BloodBank as generatedAlias0 where generatedAlias0.id=:id
2021-11-19T10:24:07,217|[TRACE] QueryParameters - Named parameters: {id=1}
2021-11-19T10:24:07,218|[DEBUG] SQL - 
    /* select
        generatedAlias0 
    from
        BloodBank as generatedAlias0 
    where
        generatedAlias0.id=:id */ select
            bloodbank0_.bank_id as bank_id2_1_,
            bloodbank0_.created as created3_1_,
            bloodbank0_.updated as updated4_1_,
            bloodbank0_.version as version5_1_,
            bloodbank0_.name as name6_1_,
            bloodbank0_.privately_owned as privatel1_1_ 
        from
            blood_bank bloodbank0_ 
        where
            bloodbank0_.bank_id=?
2021-11-19T10:24:07,218|[TRACE] ResourceRegistryStandardImpl - Registering statement [com.mysql.cj.jdbc.ClientPreparedStatement: /* select generatedAlias0 from BloodBank as generatedAlias0 where generatedAlias0.id=:id */ select bloodbank0_.bank_id as bank_id2_1_, bloodbank0_.created as created3_1_, bloodbank0_.updated as updated4_1_, bloodbank0_.version as version5_1_, bloodbank0_.name as name6_1_, bloodbank0_.privately_owned as privatel1_1_ from blood_bank bloodbank0_ where bloodbank0_.bank_id=** NOT SPECIFIED **]
2021-11-19T10:24:07,218|[TRACE] JdbcCoordinatorImpl - Registering last query statement [com.mysql.cj.jdbc.ClientPreparedStatement: /* select generatedAlias0 from BloodBank as generatedAlias0 where generatedAlias0.id=:id */ select bloodbank0_.bank_id as bank_id2_1_, bloodbank0_.created as created3_1_, bloodbank0_.updated as updated4_1_, bloodbank0_.version as version5_1_, bloodbank0_.name as name6_1_, bloodbank0_.privately_owned as privatel1_1_ from blood_bank bloodbank0_ where bloodbank0_.bank_id=** NOT SPECIFIED **]
2021-11-19T10:24:07,218|[TRACE] BasicBinder - binding parameter [1] as [INTEGER] - [1]
2021-11-19T10:24:07,218|[TRACE] Loader - Bound [2] parameters total
2021-11-19T10:24:07,219|[TRACE] ResourceRegistryStandardImpl - Registering result set [com.mysql.cj.jdbc.result.ResultSetImpl@4bc75792]
2021-11-19T10:24:07,219|[TRACE] Loader - Processing result set
2021-11-19T10:24:07,219|[DEBUG] Loader - Result set row: 0
2021-11-19T10:24:07,219|[TRACE] BasicExtractor - extracted value ([bank_id2_1_] : [INTEGER]) - [1]
2021-11-19T10:24:07,219|[DEBUG] Loader - Result row: EntityKey[bloodbank.entity.BloodBank#1]
2021-11-19T10:24:07,219|[TRACE] Loader - Done processing result set (1 rows)
2021-11-19T10:24:07,219|[TRACE] Loader - Total objects hydrated: 0
2021-11-19T10:24:07,219|[TRACE] ResourceRegistryStandardImpl - Releasing statement [com.mysql.cj.jdbc.ClientPreparedStatement: /* select generatedAlias0 from BloodBank as generatedAlias0 where generatedAlias0.id=:id */ select bloodbank0_.bank_id as bank_id2_1_, bloodbank0_.created as created3_1_, bloodbank0_.updated as updated4_1_, bloodbank0_.version as version5_1_, bloodbank0_.name as name6_1_, bloodbank0_.privately_owned as privatel1_1_ from blood_bank bloodbank0_ where bloodbank0_.bank_id=1]
2021-11-19T10:24:07,219|[TRACE] ResourceRegistryStandardImpl - Closing result set [com.mysql.cj.jdbc.result.ResultSetImpl@4bc75792]
2021-11-19T10:24:07,219|[TRACE] ResourceRegistryStandardImpl - Closing prepared statement [com.mysql.cj.jdbc.ClientPreparedStatement: /* select generatedAlias0 from BloodBank as generatedAlias0 where generatedAlias0.id=:id */ select bloodbank0_.bank_id as bank_id2_1_, bloodbank0_.created as created3_1_, bloodbank0_.updated as updated4_1_, bloodbank0_.version as version5_1_, bloodbank0_.name as name6_1_, bloodbank0_.privately_owned as privatel1_1_ from blood_bank bloodbank0_ where bloodbank0_.bank_id=1]
2021-11-19T10:24:07,219|[TRACE] JdbcCoordinatorImpl - Starting after statement execution processing [AFTER_TRANSACTION]
2021-11-19T10:24:07,219|[TRACE] StatefulPersistenceContext - Initializing non-lazy collections
2021-11-19T10:24:07,219|[TRACE] AbstractLogicalConnectionImplementor - LogicalConnection#afterTransaction
2021-11-19T10:24:07,219|[TRACE] ResourceRegistryStandardImpl - Releasing JDBC resources
2021-11-19T10:24:07,219|[DEBUG] LogicalConnectionManagedImpl - Initiating JDBC connection release from afterTransaction
2021-11-19T10:24:07,220|[TRACE] ResourceRegistryStandardImpl - Releasing JDBC resources
2021-11-19T10:24:07,220|[TRACE] SessionImpl - Closing session [2db9898d-3093-4c5a-a962-a93f608b4121]
2021-11-19T10:24:07,220|[TRACE] JdbcCoordinatorImpl - Closing JDBC container [org.hibernate.engine.jdbc.internal.JdbcCoordinatorImpl@2a0d8df8]
2021-11-19T10:24:07,220|[TRACE] ResourceRegistryStandardImpl - Releasing JDBC resources
2021-11-19T10:24:07,220|[TRACE] LogicalConnectionManagedImpl - Closing logical connection
2021-11-19T10:24:07,220|[TRACE] LogicalConnectionManagedImpl - Logical connection closed
]]></system-out>
  </testcase>
  <testcase name="testDelete" classname="bloodbank.entity.TestCRUDPublicBloodBank" time="0.018">
    <system-out><![CDATA[2021-11-19T10:24:07,221|[TRACE] SessionFactoryImpl$SessionBuilderImpl - Opening Hibernate Session.  tenant=null
2021-11-19T10:24:07,221|[TRACE] SessionImpl - Opened Session [992e57fd-af0e-4ea8-902d-fc895e3e39b0] at timestamp: 1637335447221
2021-11-19T10:24:07,221|[DEBUG] TransactionImpl - On TransactionImpl creation, JpaCompliance#isJpaTransactionComplianceEnabled == false
2021-11-19T10:24:07,221|[DEBUG] TransactionImpl - begin
2021-11-19T10:24:07,222|[TRACE] AbstractLogicalConnectionImplementor - Preparing to begin transaction via JDBC Connection.setAutoCommit(false)
2021-11-19T10:24:07,222|[TRACE] AbstractLogicalConnectionImplementor - Transaction begun via JDBC Connection.setAutoCommit(false)
2021-11-19T10:24:07,222|[TRACE] JdbcResourceLocalTransactionCoordinatorImpl - ResourceLocalTransactionCoordinatorImpl#afterBeginCallback
2021-11-19T10:24:07,222|[TRACE] VersionValue - Version unsaved-value strategy UNDEFINED
2021-11-19T10:24:07,222|[TRACE] IdentifierValue - ID unsaved-value: 0
2021-11-19T10:24:07,222|[TRACE] EntityState - Transient instance of: bloodbank.entity.PublicBloodBank
2021-11-19T10:24:07,222|[TRACE] DefaultPersistEventListener - Saving transient instance
2021-11-19T10:24:07,222|[TRACE] AbstractSaveEventListener - Saving [bloodbank.entity.PublicBloodBank#<null>]
2021-11-19T10:24:07,222|[TRACE] Cascade - Processing cascade ACTION_PERSIST for: bloodbank.entity.PublicBloodBank
2021-11-19T10:24:07,222|[TRACE] Cascade - Done processing cascade ACTION_PERSIST for: bloodbank.entity.PublicBloodBank
2021-11-19T10:24:07,222|[TRACE] Versioning - Using initial version: 0
2021-11-19T10:24:07,222|[TRACE] ActionQueue - Adding an EntityIdentityInsertAction for [bloodbank.entity.PublicBloodBank] object
2021-11-19T10:24:07,222|[TRACE] ActionQueue - Executing inserts before finding non-nullable transient entities for early insert: [EntityIdentityInsertAction[bloodbank.entity.PublicBloodBank#<null>]]
2021-11-19T10:24:07,222|[TRACE] ActionQueue - Adding insert with no non-nullable, transient entities: [EntityIdentityInsertAction[bloodbank.entity.PublicBloodBank#<null>]]
2021-11-19T10:24:07,222|[TRACE] ActionQueue - Executing insertions before resolved early-insert
2021-11-19T10:24:07,222|[DEBUG] ActionQueue - Executing identity-insert immediately
2021-11-19T10:24:07,222|[TRACE] AbstractEntityPersister - Inserting entity: bloodbank.entity.PublicBloodBank (native id)
2021-11-19T10:24:07,222|[TRACE] AbstractEntityPersister - Version: 0
2021-11-19T10:24:07,222|[DEBUG] SQL - 
    /* insert bloodbank.entity.PublicBloodBank
        */ insert 
        into
            blood_bank
            (created, updated, version, name, privately_owned) 
        values
            (?, ?, ?, ?, 0)
2021-11-19T10:24:07,222|[TRACE] ResourceRegistryStandardImpl - Registering statement [com.mysql.cj.jdbc.ClientPreparedStatement: /* insert bloodbank.entity.PublicBloodBank */ insert into blood_bank (created, updated, version, name, privately_owned) values (** NOT SPECIFIED **, ** NOT SPECIFIED **, ** NOT SPECIFIED **, ** NOT SPECIFIED **, 0)]
2021-11-19T10:24:07,222|[TRACE] AbstractEntityPersister - Dehydrating entity: [bloodbank.entity.PublicBloodBank#<null>]
2021-11-19T10:24:07,222|[TRACE] BasicBinder - binding parameter [1] as [BIGINT] - [1637335447222]
2021-11-19T10:24:07,223|[TRACE] BasicBinder - binding parameter [2] as [BIGINT] - [1637335447222]
2021-11-19T10:24:07,223|[TRACE] BasicBinder - binding parameter [3] as [INTEGER] - [0]
2021-11-19T10:24:07,223|[TRACE] BasicBinder - binding parameter [4] as [VARCHAR] - [Simzhuo Blood Bank]
2021-11-19T10:24:07,224|[DEBUG] IdentifierGeneratorHelper - Natively generated identity: 2
2021-11-19T10:24:07,224|[TRACE] ResourceRegistryStandardImpl - Releasing result set [com.mysql.cj.jdbc.result.ResultSetImpl@522221e1]
2021-11-19T10:24:07,224|[TRACE] ResourceRegistryStandardImpl - Closing result set [com.mysql.cj.jdbc.result.ResultSetImpl@522221e1]
2021-11-19T10:24:07,224|[TRACE] ResourceRegistryStandardImpl - Releasing statement [com.mysql.cj.jdbc.ClientPreparedStatement: /* insert bloodbank.entity.PublicBloodBank */ insert into blood_bank (created, updated, version, name, privately_owned) values (1637335447222, 1637335447222, 0, 'Simzhuo Blood Bank', 0)]
2021-11-19T10:24:07,224|[DEBUG] ResourceRegistryStandardImpl - HHH000387: ResultSet's statement was not registered
2021-11-19T10:24:07,224|[TRACE] ResourceRegistryStandardImpl - Closing prepared statement [com.mysql.cj.jdbc.ClientPreparedStatement: /* insert bloodbank.entity.PublicBloodBank */ insert into blood_bank (created, updated, version, name, privately_owned) values (1637335447222, 1637335447222, 0, 'Simzhuo Blood Bank', 0)]
2021-11-19T10:24:07,224|[TRACE] JdbcCoordinatorImpl - Starting after statement execution processing [AFTER_TRANSACTION]
2021-11-19T10:24:07,224|[TRACE] Cascade - Processing cascade ACTION_PERSIST for: bloodbank.entity.PublicBloodBank
2021-11-19T10:24:07,224|[TRACE] Cascade - Done processing cascade ACTION_PERSIST for: bloodbank.entity.PublicBloodBank
2021-11-19T10:24:07,224|[DEBUG] TransactionImpl - committing
2021-11-19T10:24:07,224|[TRACE] JdbcResourceLocalTransactionCoordinatorImpl - ResourceLocalTransactionCoordinatorImpl#beforeCompletionCallback
2021-11-19T10:24:07,224|[TRACE] SessionImpl - SessionImpl#beforeTransactionCompletion()
2021-11-19T10:24:07,224|[TRACE] SessionImpl - Automatically flushing session
2021-11-19T10:24:07,224|[TRACE] AbstractFlushingEventListener - Flushing session
2021-11-19T10:24:07,224|[DEBUG] AbstractFlushingEventListener - Processing flush-time cascades
2021-11-19T10:24:07,224|[TRACE] Cascade - Processing cascade ACTION_PERSIST_ON_FLUSH for: bloodbank.entity.PublicBloodBank
2021-11-19T10:24:07,224|[TRACE] Cascade - Done processing cascade ACTION_PERSIST_ON_FLUSH for: bloodbank.entity.PublicBloodBank
2021-11-19T10:24:07,224|[DEBUG] AbstractFlushingEventListener - Dirty checking collections
2021-11-19T10:24:07,224|[TRACE] AbstractFlushingEventListener - Flushing entities and processing referenced collections
2021-11-19T10:24:07,224|[TRACE] AbstractFlushingEventListener - Processing unreferenced collections
2021-11-19T10:24:07,224|[TRACE] AbstractFlushingEventListener - Scheduling collection removes/(re)creates/updates
2021-11-19T10:24:07,224|[DEBUG] AbstractFlushingEventListener - Flushed: 0 insertions, 0 updates, 0 deletions to 1 objects
2021-11-19T10:24:07,224|[DEBUG] AbstractFlushingEventListener - Flushed: 0 (re)creations, 0 updates, 0 removals to 0 collections
2021-11-19T10:24:07,224|[DEBUG] EntityPrinter - Listing entities:
2021-11-19T10:24:07,225|[DEBUG] EntityPrinter - bloodbank.entity.PublicBloodBank{donations=null, name=Simzhuo Blood Bank, id=2, epochCreated=1637335447222, version=0, epochUpdated=1637335447222}
2021-11-19T10:24:07,225|[TRACE] AbstractFlushingEventListener - Executing flush
2021-11-19T10:24:07,225|[TRACE] JdbcCoordinatorImpl - Starting after statement execution processing [AFTER_TRANSACTION]
2021-11-19T10:24:07,225|[TRACE] AbstractFlushingEventListener - Post flush
2021-11-19T10:24:07,225|[TRACE] AbstractLogicalConnectionImplementor - LogicalConnection#beforeTransactionCompletion
2021-11-19T10:24:07,225|[TRACE] SynchronizationRegistryStandardImpl - SynchronizationRegistryStandardImpl.notifySynchronizationsBeforeTransactionCompletion
2021-11-19T10:24:07,225|[TRACE] AbstractLogicalConnectionImplementor - Preparing to commit transaction via JDBC Connection.commit()
2021-11-19T10:24:07,228|[TRACE] AbstractLogicalConnectionImplementor - Transaction committed via JDBC Connection.commit()
2021-11-19T10:24:07,228|[TRACE] AbstractLogicalConnectionImplementor - LogicalConnection#afterTransaction
2021-11-19T10:24:07,228|[TRACE] ResourceRegistryStandardImpl - Releasing JDBC resources
2021-11-19T10:24:07,228|[DEBUG] LogicalConnectionManagedImpl - Initiating JDBC connection release from afterTransaction
2021-11-19T10:24:07,228|[TRACE] ResourceRegistryStandardImpl - Releasing JDBC resources
2021-11-19T10:24:07,228|[TRACE] JdbcResourceLocalTransactionCoordinatorImpl - ResourceLocalTransactionCoordinatorImpl#afterCompletionCallback(true)
2021-11-19T10:24:07,228|[TRACE] SynchronizationRegistryStandardImpl - SynchronizationRegistryStandardImpl.notifySynchronizationsAfterTransactionCompletion(3)
2021-11-19T10:24:07,228|[TRACE] AbstractLogicalConnectionImplementor - LogicalConnection#afterTransaction
2021-11-19T10:24:07,228|[TRACE] ResourceRegistryStandardImpl - Releasing JDBC resources
2021-11-19T10:24:07,228|[DEBUG] LogicalConnectionManagedImpl - Initiating JDBC connection release from afterTransaction
2021-11-19T10:24:07,228|[TRACE] SessionImpl - SessionImpl#afterTransactionCompletion(successful=true, delayed=false)
2021-11-19T10:24:07,228|[DEBUG] TransactionImpl - begin
2021-11-19T10:24:07,229|[TRACE] AbstractLogicalConnectionImplementor - Preparing to begin transaction via JDBC Connection.setAutoCommit(false)
2021-11-19T10:24:07,229|[TRACE] AbstractLogicalConnectionImplementor - Transaction begun via JDBC Connection.setAutoCommit(false)
2021-11-19T10:24:07,229|[TRACE] JdbcResourceLocalTransactionCoordinatorImpl - ResourceLocalTransactionCoordinatorImpl#afterBeginCallback
2021-11-19T10:24:07,229|[TRACE] DefaultDeleteEventListener - Deleting a persistent instance
2021-11-19T10:24:07,229|[TRACE] DefaultDeleteEventListener - Deleting [bloodbank.entity.PublicBloodBank#2]
2021-11-19T10:24:07,229|[TRACE] Cascade - Processing cascade ACTION_DELETE for: bloodbank.entity.PublicBloodBank
2021-11-19T10:24:07,229|[TRACE] Cascade - Done processing cascade ACTION_DELETE for: bloodbank.entity.PublicBloodBank
2021-11-19T10:24:07,229|[TRACE] Cascade - Processing cascade ACTION_DELETE for: bloodbank.entity.PublicBloodBank
2021-11-19T10:24:07,229|[TRACE] Cascade - Done processing cascade ACTION_DELETE for: bloodbank.entity.PublicBloodBank
2021-11-19T10:24:07,229|[DEBUG] TransactionImpl - committing
2021-11-19T10:24:07,229|[TRACE] JdbcResourceLocalTransactionCoordinatorImpl - ResourceLocalTransactionCoordinatorImpl#beforeCompletionCallback
2021-11-19T10:24:07,229|[TRACE] SessionImpl - SessionImpl#beforeTransactionCompletion()
2021-11-19T10:24:07,229|[TRACE] SessionImpl - Automatically flushing session
2021-11-19T10:24:07,229|[TRACE] AbstractFlushingEventListener - Flushing session
2021-11-19T10:24:07,229|[DEBUG] AbstractFlushingEventListener - Processing flush-time cascades
2021-11-19T10:24:07,229|[DEBUG] AbstractFlushingEventListener - Dirty checking collections
2021-11-19T10:24:07,229|[TRACE] AbstractFlushingEventListener - Flushing entities and processing referenced collections
2021-11-19T10:24:07,229|[TRACE] AbstractFlushingEventListener - Processing unreferenced collections
2021-11-19T10:24:07,229|[TRACE] AbstractFlushingEventListener - Scheduling collection removes/(re)creates/updates
2021-11-19T10:24:07,229|[DEBUG] AbstractFlushingEventListener - Flushed: 0 insertions, 0 updates, 1 deletions to 1 objects
2021-11-19T10:24:07,229|[DEBUG] AbstractFlushingEventListener - Flushed: 0 (re)creations, 0 updates, 0 removals to 0 collections
2021-11-19T10:24:07,229|[DEBUG] EntityPrinter - Listing entities:
2021-11-19T10:24:07,229|[DEBUG] EntityPrinter - bloodbank.entity.PublicBloodBank{donations=null, name=Simzhuo Blood Bank, id=2, epochCreated=1637335447222, version=0, epochUpdated=1637335447222}
2021-11-19T10:24:07,229|[TRACE] AbstractFlushingEventListener - Executing flush
2021-11-19T10:24:07,230|[TRACE] AbstractEntityPersister - Deleting entity: [bloodbank.entity.PublicBloodBank#2]
2021-11-19T10:24:07,230|[TRACE] AbstractEntityPersister - Version: 0
2021-11-19T10:24:07,230|[TRACE] AbstractServiceRegistryImpl - Initializing service [role=org.hibernate.engine.jdbc.batch.spi.BatchBuilder]
2021-11-19T10:24:07,230|[TRACE] JdbcCoordinatorImpl - Starting after statement execution processing [AFTER_TRANSACTION]
2021-11-19T10:24:07,230|[DEBUG] SQL - 
    /* delete bloodbank.entity.PublicBloodBank */ delete 
        from
            blood_bank 
        where
            bank_id=? 
            and version=?
2021-11-19T10:24:07,230|[TRACE] ResourceRegistryStandardImpl - Registering statement [com.mysql.cj.jdbc.ClientPreparedStatement: /* delete bloodbank.entity.PublicBloodBank */ delete from blood_bank where bank_id=** NOT SPECIFIED ** and version=** NOT SPECIFIED **]
2021-11-19T10:24:07,230|[TRACE] BasicBinder - binding parameter [1] as [INTEGER] - [2]
2021-11-19T10:24:07,230|[TRACE] BasicBinder - binding parameter [2] as [INTEGER] - [0]
2021-11-19T10:24:07,231|[TRACE] ResourceRegistryStandardImpl - Releasing statement [com.mysql.cj.jdbc.ClientPreparedStatement: /* delete bloodbank.entity.PublicBloodBank */ delete from blood_bank where bank_id=2 and version=0]
2021-11-19T10:24:07,231|[TRACE] ResourceRegistryStandardImpl - Closing prepared statement [com.mysql.cj.jdbc.ClientPreparedStatement: /* delete bloodbank.entity.PublicBloodBank */ delete from blood_bank where bank_id=2 and version=0]
2021-11-19T10:24:07,231|[TRACE] JdbcCoordinatorImpl - Starting after statement execution processing [AFTER_TRANSACTION]
2021-11-19T10:24:07,231|[TRACE] JdbcCoordinatorImpl - Starting after statement execution processing [AFTER_TRANSACTION]
2021-11-19T10:24:07,231|[TRACE] JdbcCoordinatorImpl - Starting after statement execution processing [AFTER_TRANSACTION]
2021-11-19T10:24:07,231|[TRACE] AbstractFlushingEventListener - Post flush
2021-11-19T10:24:07,231|[TRACE] AbstractLogicalConnectionImplementor - LogicalConnection#beforeTransactionCompletion
2021-11-19T10:24:07,231|[TRACE] SynchronizationRegistryStandardImpl - SynchronizationRegistryStandardImpl.notifySynchronizationsBeforeTransactionCompletion
2021-11-19T10:24:07,231|[TRACE] AbstractLogicalConnectionImplementor - Preparing to commit transaction via JDBC Connection.commit()
2021-11-19T10:24:07,234|[TRACE] AbstractLogicalConnectionImplementor - Transaction committed via JDBC Connection.commit()
2021-11-19T10:24:07,234|[TRACE] AbstractLogicalConnectionImplementor - LogicalConnection#afterTransaction
2021-11-19T10:24:07,234|[TRACE] ResourceRegistryStandardImpl - Releasing JDBC resources
2021-11-19T10:24:07,234|[TRACE] JdbcCoordinatorImpl - Starting after statement execution processing [AFTER_TRANSACTION]
2021-11-19T10:24:07,234|[DEBUG] LogicalConnectionManagedImpl - Initiating JDBC connection release from afterTransaction
2021-11-19T10:24:07,234|[TRACE] ResourceRegistryStandardImpl - Releasing JDBC resources
2021-11-19T10:24:07,234|[TRACE] JdbcCoordinatorImpl - Starting after statement execution processing [AFTER_TRANSACTION]
2021-11-19T10:24:07,234|[TRACE] JdbcResourceLocalTransactionCoordinatorImpl - ResourceLocalTransactionCoordinatorImpl#afterCompletionCallback(true)
2021-11-19T10:24:07,234|[TRACE] SynchronizationRegistryStandardImpl - SynchronizationRegistryStandardImpl.notifySynchronizationsAfterTransactionCompletion(3)
2021-11-19T10:24:07,234|[TRACE] AbstractLogicalConnectionImplementor - LogicalConnection#afterTransaction
2021-11-19T10:24:07,234|[TRACE] ResourceRegistryStandardImpl - Releasing JDBC resources
2021-11-19T10:24:07,234|[TRACE] JdbcCoordinatorImpl - Starting after statement execution processing [AFTER_TRANSACTION]
2021-11-19T10:24:07,234|[DEBUG] LogicalConnectionManagedImpl - Initiating JDBC connection release from afterTransaction
2021-11-19T10:24:07,234|[TRACE] SessionImpl - SessionImpl#afterTransactionCompletion(successful=true, delayed=false)
2021-11-19T10:24:07,234|[DEBUG] CriteriaQueryImpl - Rendered criteria query -> select count(generatedAlias0) from BloodBank as generatedAlias0 where generatedAlias0.id=:id
2021-11-19T10:24:07,234|[TRACE] QueryPlanCache - Located HQL query plan in cache (select count(generatedAlias0) from BloodBank as generatedAlias0 where generatedAlias0.id=:id)
2021-11-19T10:24:07,235|[TRACE] QueryPlanCache - Located HQL query plan in cache (select count(generatedAlias0) from BloodBank as generatedAlias0 where generatedAlias0.id=:id)
2021-11-19T10:24:07,235|[TRACE] QueryPlanCache - Located HQL query plan in cache (select count(generatedAlias0) from BloodBank as generatedAlias0 where generatedAlias0.id=:id)
2021-11-19T10:24:07,235|[TRACE] HQLQueryPlan - Find: select count(generatedAlias0) from BloodBank as generatedAlias0 where generatedAlias0.id=:id
2021-11-19T10:24:07,235|[TRACE] QueryParameters - Named parameters: {id=2}
2021-11-19T10:24:07,235|[DEBUG] SQL - 
    /* select
        count(generatedAlias0) 
    from
        BloodBank as generatedAlias0 
    where
        generatedAlias0.id=:id */ select
            count(bloodbank0_.bank_id) as col_0_0_ 
        from
            blood_bank bloodbank0_ 
        where
            bloodbank0_.bank_id=?
2021-11-19T10:24:07,235|[TRACE] ResourceRegistryStandardImpl - Registering statement [com.mysql.cj.jdbc.ClientPreparedStatement: /* select count(generatedAlias0) from BloodBank as generatedAlias0 where generatedAlias0.id=:id */ select count(bloodbank0_.bank_id) as col_0_0_ from blood_bank bloodbank0_ where bloodbank0_.bank_id=** NOT SPECIFIED **]
2021-11-19T10:24:07,235|[TRACE] JdbcCoordinatorImpl - Registering last query statement [com.mysql.cj.jdbc.ClientPreparedStatement: /* select count(generatedAlias0) from BloodBank as generatedAlias0 where generatedAlias0.id=:id */ select count(bloodbank0_.bank_id) as col_0_0_ from blood_bank bloodbank0_ where bloodbank0_.bank_id=** NOT SPECIFIED **]
2021-11-19T10:24:07,235|[TRACE] BasicBinder - binding parameter [1] as [INTEGER] - [2]
2021-11-19T10:24:07,235|[TRACE] Loader - Bound [2] parameters total
2021-11-19T10:24:07,236|[TRACE] ResourceRegistryStandardImpl - Registering result set [com.mysql.cj.jdbc.result.ResultSetImpl@6d3c80bf]
2021-11-19T10:24:07,236|[TRACE] Loader - Processing result set
2021-11-19T10:24:07,236|[DEBUG] Loader - Result set row: 0
2021-11-19T10:24:07,236|[DEBUG] Loader - Result row: 
2021-11-19T10:24:07,236|[TRACE] BasicExtractor - extracted value ([col_0_0_] : [BIGINT]) - [0]
2021-11-19T10:24:07,236|[TRACE] Loader - Done processing result set (1 rows)
2021-11-19T10:24:07,236|[TRACE] ResourceRegistryStandardImpl - Releasing statement [com.mysql.cj.jdbc.ClientPreparedStatement: /* select count(generatedAlias0) from BloodBank as generatedAlias0 where generatedAlias0.id=:id */ select count(bloodbank0_.bank_id) as col_0_0_ from blood_bank bloodbank0_ where bloodbank0_.bank_id=2]
2021-11-19T10:24:07,236|[TRACE] ResourceRegistryStandardImpl - Closing result set [com.mysql.cj.jdbc.result.ResultSetImpl@6d3c80bf]
2021-11-19T10:24:07,236|[TRACE] ResourceRegistryStandardImpl - Closing prepared statement [com.mysql.cj.jdbc.ClientPreparedStatement: /* select count(generatedAlias0) from BloodBank as generatedAlias0 where generatedAlias0.id=:id */ select count(bloodbank0_.bank_id) as col_0_0_ from blood_bank bloodbank0_ where bloodbank0_.bank_id=2]
2021-11-19T10:24:07,236|[TRACE] JdbcCoordinatorImpl - Starting after statement execution processing [AFTER_TRANSACTION]
2021-11-19T10:24:07,236|[TRACE] StatefulPersistenceContext - Initializing non-lazy collections
2021-11-19T10:24:07,236|[TRACE] AbstractLogicalConnectionImplementor - LogicalConnection#afterTransaction
2021-11-19T10:24:07,236|[TRACE] ResourceRegistryStandardImpl - Releasing JDBC resources
2021-11-19T10:24:07,236|[TRACE] JdbcCoordinatorImpl - Starting after statement execution processing [AFTER_TRANSACTION]
2021-11-19T10:24:07,236|[DEBUG] LogicalConnectionManagedImpl - Initiating JDBC connection release from afterTransaction
2021-11-19T10:24:07,236|[TRACE] ResourceRegistryStandardImpl - Releasing JDBC resources
2021-11-19T10:24:07,236|[TRACE] JdbcCoordinatorImpl - Starting after statement execution processing [AFTER_TRANSACTION]
2021-11-19T10:24:07,236|[DEBUG] CriteriaQueryImpl - Rendered criteria query -> select count(generatedAlias0) from BloodBank as generatedAlias0 where generatedAlias0.id=:id
2021-11-19T10:24:07,236|[TRACE] QueryPlanCache - Located HQL query plan in cache (select count(generatedAlias0) from BloodBank as generatedAlias0 where generatedAlias0.id=:id)
2021-11-19T10:24:07,236|[TRACE] QueryPlanCache - Located HQL query plan in cache (select count(generatedAlias0) from BloodBank as generatedAlias0 where generatedAlias0.id=:id)
2021-11-19T10:24:07,236|[TRACE] QueryPlanCache - Located HQL query plan in cache (select count(generatedAlias0) from BloodBank as generatedAlias0 where generatedAlias0.id=:id)
2021-11-19T10:24:07,236|[TRACE] HQLQueryPlan - Find: select count(generatedAlias0) from BloodBank as generatedAlias0 where generatedAlias0.id=:id
2021-11-19T10:24:07,236|[TRACE] QueryParameters - Named parameters: {id=1}
2021-11-19T10:24:07,236|[DEBUG] SQL - 
    /* select
        count(generatedAlias0) 
    from
        BloodBank as generatedAlias0 
    where
        generatedAlias0.id=:id */ select
            count(bloodbank0_.bank_id) as col_0_0_ 
        from
            blood_bank bloodbank0_ 
        where
            bloodbank0_.bank_id=?
2021-11-19T10:24:07,237|[TRACE] ResourceRegistryStandardImpl - Registering statement [com.mysql.cj.jdbc.ClientPreparedStatement: /* select count(generatedAlias0) from BloodBank as generatedAlias0 where generatedAlias0.id=:id */ select count(bloodbank0_.bank_id) as col_0_0_ from blood_bank bloodbank0_ where bloodbank0_.bank_id=** NOT SPECIFIED **]
2021-11-19T10:24:07,237|[TRACE] JdbcCoordinatorImpl - Registering last query statement [com.mysql.cj.jdbc.ClientPreparedStatement: /* select count(generatedAlias0) from BloodBank as generatedAlias0 where generatedAlias0.id=:id */ select count(bloodbank0_.bank_id) as col_0_0_ from blood_bank bloodbank0_ where bloodbank0_.bank_id=** NOT SPECIFIED **]
2021-11-19T10:24:07,237|[TRACE] BasicBinder - binding parameter [1] as [INTEGER] - [1]
2021-11-19T10:24:07,237|[TRACE] Loader - Bound [2] parameters total
2021-11-19T10:24:07,238|[TRACE] ResourceRegistryStandardImpl - Registering result set [com.mysql.cj.jdbc.result.ResultSetImpl@1deca369]
2021-11-19T10:24:07,238|[TRACE] Loader - Processing result set
2021-11-19T10:24:07,238|[DEBUG] Loader - Result set row: 0
2021-11-19T10:24:07,238|[DEBUG] Loader - Result row: 
2021-11-19T10:24:07,238|[TRACE] BasicExtractor - extracted value ([col_0_0_] : [BIGINT]) - [1]
2021-11-19T10:24:07,238|[TRACE] Loader - Done processing result set (1 rows)
2021-11-19T10:24:07,238|[TRACE] ResourceRegistryStandardImpl - Releasing statement [com.mysql.cj.jdbc.ClientPreparedStatement: /* select count(generatedAlias0) from BloodBank as generatedAlias0 where generatedAlias0.id=:id */ select count(bloodbank0_.bank_id) as col_0_0_ from blood_bank bloodbank0_ where bloodbank0_.bank_id=1]
2021-11-19T10:24:07,238|[TRACE] ResourceRegistryStandardImpl - Closing result set [com.mysql.cj.jdbc.result.ResultSetImpl@1deca369]
2021-11-19T10:24:07,238|[TRACE] ResourceRegistryStandardImpl - Closing prepared statement [com.mysql.cj.jdbc.ClientPreparedStatement: /* select count(generatedAlias0) from BloodBank as generatedAlias0 where generatedAlias0.id=:id */ select count(bloodbank0_.bank_id) as col_0_0_ from blood_bank bloodbank0_ where bloodbank0_.bank_id=1]
2021-11-19T10:24:07,238|[TRACE] JdbcCoordinatorImpl - Starting after statement execution processing [AFTER_TRANSACTION]
2021-11-19T10:24:07,238|[TRACE] StatefulPersistenceContext - Initializing non-lazy collections
2021-11-19T10:24:07,238|[TRACE] AbstractLogicalConnectionImplementor - LogicalConnection#afterTransaction
2021-11-19T10:24:07,238|[TRACE] ResourceRegistryStandardImpl - Releasing JDBC resources
2021-11-19T10:24:07,238|[TRACE] JdbcCoordinatorImpl - Starting after statement execution processing [AFTER_TRANSACTION]
2021-11-19T10:24:07,238|[DEBUG] LogicalConnectionManagedImpl - Initiating JDBC connection release from afterTransaction
2021-11-19T10:24:07,239|[TRACE] ResourceRegistryStandardImpl - Releasing JDBC resources
2021-11-19T10:24:07,239|[TRACE] JdbcCoordinatorImpl - Starting after statement execution processing [AFTER_TRANSACTION]
2021-11-19T10:24:07,239|[TRACE] SessionImpl - Closing session [992e57fd-af0e-4ea8-902d-fc895e3e39b0]
2021-11-19T10:24:07,239|[TRACE] JdbcCoordinatorImpl - Closing JDBC container [org.hibernate.engine.jdbc.internal.JdbcCoordinatorImpl@2d0ce8a1]
2021-11-19T10:24:07,239|[DEBUG] JdbcCoordinatorImpl - HHH000420: Closing un-released batch
2021-11-19T10:24:07,239|[TRACE] JdbcCoordinatorImpl - Starting after statement execution processing [AFTER_TRANSACTION]
2021-11-19T10:24:07,239|[TRACE] ResourceRegistryStandardImpl - Releasing JDBC resources
2021-11-19T10:24:07,239|[TRACE] JdbcCoordinatorImpl - Starting after statement execution processing [AFTER_TRANSACTION]
2021-11-19T10:24:07,239|[TRACE] LogicalConnectionManagedImpl - Closing logical connection
2021-11-19T10:24:07,239|[TRACE] LogicalConnectionManagedImpl - Logical connection closed
]]></system-out>
  </testcase>
</testsuite>