<?xml version="1.0" encoding="UTF-8"?>
<testsuite xmlns:xsi="http://www.w3.org/2001/XMLSchema-instance" xsi:noNamespaceSchemaLocation="https://maven.apache.org/surefire/maven-surefire-plugin/xsd/surefire-test-report-3.0.xsd" version="3.0" name="bloodbank.entity.TestCRUDBloodDonation" time="3.757" tests="9" errors="0" skipped="0" failures="0">
  <properties>
    <property name="sun.desktop" value="windows"/>
    <property name="awt.toolkit" value="sun.awt.windows.WToolkit"/>
    <property name="java.specification.version" value="11"/>
    <property name="sun.cpu.isalist" value="amd64"/>
    <property name="sun.jnu.encoding" value="Cp1252"/>
    <property name="java.class.path" value="D:\Computer Programming\Level 4\CST8277_300 Enterprise Application\Assignments\Assignment03\BloodBank-JPA-Mapping-JUnit-Skeleton\BloodBank-JPA-Mapping-JUnit-Skeleton\target\test-classes;C:\Users\simondaxia\.m2\repository\org\junit\jupiter\junit-jupiter\5.7.0\junit-jupiter-5.7.0.jar;C:\Users\simondaxia\.m2\repository\org\junit\jupiter\junit-jupiter-api\5.7.0\junit-jupiter-api-5.7.0.jar;C:\Users\simondaxia\.m2\repository\org\apiguardian\apiguardian-api\1.1.0\apiguardian-api-1.1.0.jar;C:\Users\simondaxia\.m2\repository\org\opentest4j\opentest4j\1.2.0\opentest4j-1.2.0.jar;C:\Users\simondaxia\.m2\repository\org\junit\platform\junit-platform-commons\1.7.0\junit-platform-commons-1.7.0.jar;C:\Users\simondaxia\.m2\repository\org\junit\jupiter\junit-jupiter-params\5.7.0\junit-jupiter-params-5.7.0.jar;C:\Users\simondaxia\.m2\repository\org\junit\jupiter\junit-jupiter-engine\5.7.0\junit-jupiter-engine-5.7.0.jar;C:\Users\simondaxia\.m2\repository\org\junit\platform\junit-platform-engine\1.7.0\junit-platform-engine-1.7.0.jar;C:\Users\simondaxia\.m2\repository\org\hamcrest\hamcrest\2.2\hamcrest-2.2.jar;C:\Users\simondaxia\.m2\repository\org\hamcrest\hamcrest-library\2.2\hamcrest-library-2.2.jar;C:\Users\simondaxia\.m2\repository\org\hamcrest\hamcrest-core\2.2\hamcrest-core-2.2.jar;C:\Users\simondaxia\.m2\repository\org\jboss\logging\jboss-logging\3.4.1.Final\jboss-logging-3.4.1.Final.jar;C:\Users\simondaxia\.m2\repository\org\javassist\javassist\3.27.0-GA\javassist-3.27.0-GA.jar;C:\Users\simondaxia\.m2\repository\net\bytebuddy\byte-buddy\1.10.17\byte-buddy-1.10.17.jar;C:\Users\simondaxia\.m2\repository\antlr\antlr\2.7.7\antlr-2.7.7.jar;C:\Users\simondaxia\.m2\repository\org\jboss\spec\javax\transaction\jboss-transaction-api_1.2_spec\1.1.1.Final\jboss-transaction-api_1.2_spec-1.1.1.Final.jar;C:\Users\simondaxia\.m2\repository\org\jboss\jandex\2.1.3.Final\jandex-2.1.3.Final.jar;C:\Users\simondaxia\.m2\repository\com\fasterxml\classmate\1.5.1\classmate-1.5.1.jar;C:\Users\simondaxia\.m2\repository\javax\activation\javax.activation-api\1.2.0\javax.activation-api-1.2.0.jar;C:\Users\simondaxia\.m2\repository\org\dom4j\dom4j\2.1.3\dom4j-2.1.3.jar;C:\Users\simondaxia\.m2\repository\org\hibernate\common\hibernate-commons-annotations\5.1.2.Final\hibernate-commons-annotations-5.1.2.Final.jar;C:\Users\simondaxia\.m2\repository\javax\xml\bind\jaxb-api\2.3.1\jaxb-api-2.3.1.jar;C:\Users\simondaxia\.m2\repository\org\glassfish\jaxb\jaxb-runtime\2.3.1\jaxb-runtime-2.3.1.jar;C:\Users\simondaxia\.m2\repository\org\glassfish\jaxb\txw2\2.3.1\txw2-2.3.1.jar;C:\Users\simondaxia\.m2\repository\com\sun\istack\istack-commons-runtime\3.0.7\istack-commons-runtime-3.0.7.jar;C:\Users\simondaxia\.m2\repository\org\jvnet\staxex\stax-ex\1.8\stax-ex-1.8.jar;C:\Users\simondaxia\.m2\repository\com\sun\xml\fastinfoset\FastInfoset\1.2.15\FastInfoset-1.2.15.jar;C:\Users\simondaxia\.m2\repository\mysql\mysql-connector-java\8.0.23\mysql-connector-java-8.0.23.jar;C:\Users\simondaxia\.m2\repository\com\google\protobuf\protobuf-java\3.11.4\protobuf-java-3.11.4.jar;"/>
    <property name="java.vm.vendor" value="Amazon.com Inc."/>
    <property name="sun.arch.data.model" value="64"/>
    <property name="user.variant" value=""/>
    <property name="java.vendor.url" value="https://aws.amazon.com/corretto/"/>
    <property name="user.timezone" value="America/New_York"/>
    <property name="java.vm.specification.version" value="11"/>
    <property name="os.name" value="Windows 10"/>
    <property name="sun.java.launcher" value="SUN_STANDARD"/>
    <property name="user.country" value="CA"/>
    <property name="sun.boot.library.path" value="C:\Program Files\Amazon Corretto\jdk11.0.11_9\bin"/>
    <property name="sun.java.command" value="org.apache.maven.surefire.booter.ForkedBooter C:\Users\simondaxia\AppData\Local\Temp\surefire18336507460364361438 2021-11-19T10-23-33_773-jvmRun1 surefire10358599284016281038tmp surefire_028660401499378696tmp"/>
    <property name="jdk.debug" value="release"/>
    <property name="surefire.test.class.path" value="D:\Computer Programming\Level 4\CST8277_300 Enterprise Application\Assignments\Assignment03\BloodBank-JPA-Mapping-JUnit-Skeleton\BloodBank-JPA-Mapping-JUnit-Skeleton\target\test-classes;C:\Users\simondaxia\.m2\repository\org\junit\jupiter\junit-jupiter\5.7.0\junit-jupiter-5.7.0.jar;C:\Users\simondaxia\.m2\repository\org\junit\jupiter\junit-jupiter-api\5.7.0\junit-jupiter-api-5.7.0.jar;C:\Users\simondaxia\.m2\repository\org\apiguardian\apiguardian-api\1.1.0\apiguardian-api-1.1.0.jar;C:\Users\simondaxia\.m2\repository\org\opentest4j\opentest4j\1.2.0\opentest4j-1.2.0.jar;C:\Users\simondaxia\.m2\repository\org\junit\platform\junit-platform-commons\1.7.0\junit-platform-commons-1.7.0.jar;C:\Users\simondaxia\.m2\repository\org\junit\jupiter\junit-jupiter-params\5.7.0\junit-jupiter-params-5.7.0.jar;C:\Users\simondaxia\.m2\repository\org\junit\jupiter\junit-jupiter-engine\5.7.0\junit-jupiter-engine-5.7.0.jar;C:\Users\simondaxia\.m2\repository\org\junit\platform\junit-platform-engine\1.7.0\junit-platform-engine-1.7.0.jar;C:\Users\simondaxia\.m2\repository\org\hamcrest\hamcrest\2.2\hamcrest-2.2.jar;C:\Users\simondaxia\.m2\repository\org\hamcrest\hamcrest-library\2.2\hamcrest-library-2.2.jar;C:\Users\simondaxia\.m2\repository\org\hamcrest\hamcrest-core\2.2\hamcrest-core-2.2.jar;C:\Users\simondaxia\.m2\repository\org\jboss\logging\jboss-logging\3.4.1.Final\jboss-logging-3.4.1.Final.jar;C:\Users\simondaxia\.m2\repository\org\javassist\javassist\3.27.0-GA\javassist-3.27.0-GA.jar;C:\Users\simondaxia\.m2\repository\net\bytebuddy\byte-buddy\1.10.17\byte-buddy-1.10.17.jar;C:\Users\simondaxia\.m2\repository\antlr\antlr\2.7.7\antlr-2.7.7.jar;C:\Users\simondaxia\.m2\repository\org\jboss\spec\javax\transaction\jboss-transaction-api_1.2_spec\1.1.1.Final\jboss-transaction-api_1.2_spec-1.1.1.Final.jar;C:\Users\simondaxia\.m2\repository\org\jboss\jandex\2.1.3.Final\jandex-2.1.3.Final.jar;C:\Users\simondaxia\.m2\repository\com\fasterxml\classmate\1.5.1\classmate-1.5.1.jar;C:\Users\simondaxia\.m2\repository\javax\activation\javax.activation-api\1.2.0\javax.activation-api-1.2.0.jar;C:\Users\simondaxia\.m2\repository\org\dom4j\dom4j\2.1.3\dom4j-2.1.3.jar;C:\Users\simondaxia\.m2\repository\org\hibernate\common\hibernate-commons-annotations\5.1.2.Final\hibernate-commons-annotations-5.1.2.Final.jar;C:\Users\simondaxia\.m2\repository\javax\xml\bind\jaxb-api\2.3.1\jaxb-api-2.3.1.jar;C:\Users\simondaxia\.m2\repository\org\glassfish\jaxb\jaxb-runtime\2.3.1\jaxb-runtime-2.3.1.jar;C:\Users\simondaxia\.m2\repository\org\glassfish\jaxb\txw2\2.3.1\txw2-2.3.1.jar;C:\Users\simondaxia\.m2\repository\com\sun\istack\istack-commons-runtime\3.0.7\istack-commons-runtime-3.0.7.jar;C:\Users\simondaxia\.m2\repository\org\jvnet\staxex\stax-ex\1.8\stax-ex-1.8.jar;C:\Users\simondaxia\.m2\repository\com\sun\xml\fastinfoset\FastInfoset\1.2.15\FastInfoset-1.2.15.jar;C:\Users\simondaxia\.m2\repository\mysql\mysql-connector-java\8.0.23\mysql-connector-java-8.0.23.jar;C:\Users\simondaxia\.m2\repository\com\google\protobuf\protobuf-java\3.11.4\protobuf-java-3.11.4.jar;"/>
    <property name="sun.cpu.endian" value="little"/>
    <property name="user.home" value="C:\Users\simondaxia"/>
    <property name="user.language" value="en"/>
    <property name="java.specification.vendor" value="Oracle Corporation"/>
    <property name="jdk.module.path" value="D:\Computer Programming\Level 4\CST8277_300 Enterprise Application\Assignments\Assignment03\BloodBank-JPA-Mapping-JUnit-Skeleton\BloodBank-JPA-Mapping-JUnit-Skeleton\target\classes;C:\Users\simondaxia\.m2\repository\org\apache\logging\log4j\log4j-api\2.14.0\log4j-api-2.14.0.jar;C:\Users\simondaxia\.m2\repository\org\apache\logging\log4j\log4j-core\2.14.0\log4j-core-2.14.0.jar;C:\Users\simondaxia\.m2\repository\org\hibernate\hibernate-core\5.4.27.Final\hibernate-core-5.4.27.Final.jar;C:\Users\simondaxia\.m2\repository\jakarta\platform\jakarta.jakartaee-api\8.0.0\jakarta.jakartaee-api-8.0.0.jar"/>
    <property name="java.version.date" value="2021-04-20"/>
    <property name="generateReports" value="flase"/>
    <property name="java.home" value="C:\Program Files\Amazon Corretto\jdk11.0.11_9"/>
    <property name="file.separator" value="\"/>
    <property name="basedir" value="D:\Computer Programming\Level 4\CST8277_300 Enterprise Application\Assignments\Assignment03\BloodBank-JPA-Mapping-JUnit-Skeleton\BloodBank-JPA-Mapping-JUnit-Skeleton"/>
    <property name="java.vm.compressedOopsMode" value="32-bit"/>
    <property name="line.separator" value="&#10;"/>
    <property name="java.specification.name" value="Java Platform API Specification"/>
    <property name="java.vm.specification.vendor" value="Oracle Corporation"/>
    <property name="java.awt.graphicsenv" value="sun.awt.Win32GraphicsEnvironment"/>
    <property name="surefire.real.class.path" value="C:\Users\simondaxia\.m2\repository\org\apache\maven\surefire\surefire-booter\3.0.0-M5\surefire-booter-3.0.0-M5.jar;C:\Users\simondaxia\.m2\repository\org\apache\maven\surefire\surefire-api\3.0.0-M5\surefire-api-3.0.0-M5.jar;C:\Users\simondaxia\.m2\repository\org\apache\maven\surefire\surefire-logger-api\3.0.0-M5\surefire-logger-api-3.0.0-M5.jar;C:\Users\simondaxia\.m2\repository\org\apache\maven\surefire\surefire-shared-utils\3.0.0-M4\surefire-shared-utils-3.0.0-M4.jar;C:\Users\simondaxia\.m2\repository\org\apache\maven\surefire\surefire-extensions-spi\3.0.0-M5\surefire-extensions-spi-3.0.0-M5.jar;D:\Computer Programming\Level 4\CST8277_300 Enterprise Application\Assignments\Assignment03\BloodBank-JPA-Mapping-JUnit-Skeleton\BloodBank-JPA-Mapping-JUnit-Skeleton\target\test-classes;C:\Users\simondaxia\.m2\repository\org\junit\jupiter\junit-jupiter\5.7.0\junit-jupiter-5.7.0.jar;C:\Users\simondaxia\.m2\repository\org\junit\jupiter\junit-jupiter-api\5.7.0\junit-jupiter-api-5.7.0.jar;C:\Users\simondaxia\.m2\repository\org\apiguardian\apiguardian-api\1.1.0\apiguardian-api-1.1.0.jar;C:\Users\simondaxia\.m2\repository\org\opentest4j\opentest4j\1.2.0\opentest4j-1.2.0.jar;C:\Users\simondaxia\.m2\repository\org\junit\platform\junit-platform-commons\1.7.0\junit-platform-commons-1.7.0.jar;C:\Users\simondaxia\.m2\repository\org\junit\jupiter\junit-jupiter-params\5.7.0\junit-jupiter-params-5.7.0.jar;C:\Users\simondaxia\.m2\repository\org\junit\jupiter\junit-jupiter-engine\5.7.0\junit-jupiter-engine-5.7.0.jar;C:\Users\simondaxia\.m2\repository\org\junit\platform\junit-platform-engine\1.7.0\junit-platform-engine-1.7.0.jar;C:\Users\simondaxia\.m2\repository\org\hamcrest\hamcrest\2.2\hamcrest-2.2.jar;C:\Users\simondaxia\.m2\repository\org\hamcrest\hamcrest-library\2.2\hamcrest-library-2.2.jar;C:\Users\simondaxia\.m2\repository\org\hamcrest\hamcrest-core\2.2\hamcrest-core-2.2.jar;C:\Users\simondaxia\.m2\repository\org\jboss\logging\jboss-logging\3.4.1.Final\jboss-logging-3.4.1.Final.jar;C:\Users\simondaxia\.m2\repository\org\javassist\javassist\3.27.0-GA\javassist-3.27.0-GA.jar;C:\Users\simondaxia\.m2\repository\net\bytebuddy\byte-buddy\1.10.17\byte-buddy-1.10.17.jar;C:\Users\simondaxia\.m2\repository\antlr\antlr\2.7.7\antlr-2.7.7.jar;C:\Users\simondaxia\.m2\repository\org\jboss\spec\javax\transaction\jboss-transaction-api_1.2_spec\1.1.1.Final\jboss-transaction-api_1.2_spec-1.1.1.Final.jar;C:\Users\simondaxia\.m2\repository\org\jboss\jandex\2.1.3.Final\jandex-2.1.3.Final.jar;C:\Users\simondaxia\.m2\repository\com\fasterxml\classmate\1.5.1\classmate-1.5.1.jar;C:\Users\simondaxia\.m2\repository\javax\activation\javax.activation-api\1.2.0\javax.activation-api-1.2.0.jar;C:\Users\simondaxia\.m2\repository\org\dom4j\dom4j\2.1.3\dom4j-2.1.3.jar;C:\Users\simondaxia\.m2\repository\org\hibernate\common\hibernate-commons-annotations\5.1.2.Final\hibernate-commons-annotations-5.1.2.Final.jar;C:\Users\simondaxia\.m2\repository\javax\xml\bind\jaxb-api\2.3.1\jaxb-api-2.3.1.jar;C:\Users\simondaxia\.m2\repository\org\glassfish\jaxb\jaxb-runtime\2.3.1\jaxb-runtime-2.3.1.jar;C:\Users\simondaxia\.m2\repository\org\glassfish\jaxb\txw2\2.3.1\txw2-2.3.1.jar;C:\Users\simondaxia\.m2\repository\com\sun\istack\istack-commons-runtime\3.0.7\istack-commons-runtime-3.0.7.jar;C:\Users\simondaxia\.m2\repository\org\jvnet\staxex\stax-ex\1.8\stax-ex-1.8.jar;C:\Users\simondaxia\.m2\repository\com\sun\xml\fastinfoset\FastInfoset\1.2.15\FastInfoset-1.2.15.jar;C:\Users\simondaxia\.m2\repository\mysql\mysql-connector-java\8.0.23\mysql-connector-java-8.0.23.jar;C:\Users\simondaxia\.m2\repository\com\google\protobuf\protobuf-java\3.11.4\protobuf-java-3.11.4.jar;C:\Users\simondaxia\.m2\repository\org\apache\maven\surefire\surefire-junit-platform\3.0.0-M5\surefire-junit-platform-3.0.0-M5.jar;C:\Users\simondaxia\.m2\repository\org\apache\maven\surefire\common-java5\3.0.0-M5\common-java5-3.0.0-M5.jar;C:\Users\simondaxia\.m2\repository\org\junit\platform\junit-platform-launcher\1.7.0\junit-platform-launcher-1.7.0.jar"/>
    <property name="user.script" value=""/>
    <property name="sun.management.compiler" value="HotSpot 64-Bit Tiered Compilers"/>
    <property name="java.runtime.version" value="11.0.11+9-LTS"/>
    <property name="user.name" value="simondaxia"/>
    <property name="path.separator" value=";"/>
    <property name="os.version" value="10.0"/>
    <property name="java.runtime.name" value="OpenJDK Runtime Environment"/>
    <property name="file.encoding" value="Cp1252"/>
    <property name="java.vm.name" value="OpenJDK 64-Bit Server VM"/>
    <property name="java.vendor.version" value="Corretto-11.0.11.9.1"/>
    <property name="localRepository" value="C:\Users\simondaxia\.m2\repository"/>
    <property name="java.vendor.url.bug" value="https://github.com/corretto/corretto-11/issues/"/>
    <property name="java.io.tmpdir" value="C:\Users\SIMOND~1\AppData\Local\Temp\"/>
    <property name="java.version" value="11.0.11"/>
    <property name="user.dir" value="D:\Computer Programming\Level 4\CST8277_300 Enterprise Application\Assignments\Assignment03\BloodBank-JPA-Mapping-JUnit-Skeleton\BloodBank-JPA-Mapping-JUnit-Skeleton"/>
    <property name="os.arch" value="amd64"/>
    <property name="java.vm.specification.name" value="Java Virtual Machine Specification"/>
    <property name="java.awt.printerjob" value="sun.awt.windows.WPrinterJob"/>
    <property name="sun.os.patch.level" value=""/>
    <property name="java.library.path" value="C:\Program Files\Amazon Corretto\jdk11.0.11_9\bin;C:\WINDOWS\Sun\Java\bin;C:\WINDOWS\system32;C:\WINDOWS;C:/Program Files/Amazon Corretto/jdk11.0.11_9/bin/server;C:/Program Files/Amazon Corretto/jdk11.0.11_9/bin;D:\Python39\Scripts\;D:\Python39\;D:\app\simondaxia\product\12.1.0\bin;D:\app\simondaxia\product\12.1.0\dbhome_1\bin;D:\app\simondaxia\product\12.1.0\dbhome_2\bin;C:\Program Files\Amazon Corretto\jdk11.0.11_9\bin;D:\oraclexe\app\oracle\product\11.2.0\server\bin;;C:\AmazonCorretto\jdk11.0.8_10\bin;C:\Program Files (x86)\Common Files\Oracle\Java\javapath;C:\Program Files (x86)\Intel\Intel(R) Management Engine Components\iCLS\;C:\Program Files\Intel\Intel(R) Management Engine Components\iCLS\;C:\Windows\system32;C:\Windows;C:\Windows\System32\Wbem;C:\Windows\System32\WindowsPowerShell\v1.0\;C:\Windows\System32\OpenSSH\;C:\Program Files (x86)\Intel\Intel(R) Management Engine Components\DAL;C:\Program Files\Intel\Intel(R) Management Engine Components\DAL;C:\Program Files (x86)\Intel\Intel(R) Management Engine Components\IPT;C:\Program Files\Intel\Intel(R) Management Engine Components\IPT;C:\Program Files (x86)\NVIDIA Corporation\PhysX\Common;C:\Program Files\Intel\WiFi\bin\;C:\Program Files\Common Files\Intel\WirelessCommon\;C:\WINDOWS\system32;C:\WINDOWS;C:\WINDOWS\System32\Wbem;C:\WINDOWS\System32\WindowsPowerShell\v1.0\;C:\WINDOWS\System32\OpenSSH\;C:\Program Files (x86)\pgmodeler;C:\Program Files\Git\cmd;C:\Users\simondaxia\AppData\Local\Microsoft\WindowsApps;C:\Program Files\Java\jdk1.8.0_271\bin;C:\Program Files\Microsoft SQL Server\Client SDK\ODBC\130\Tools\Binn\;C:\Program Files (x86)\Microsoft SQL Server\140\Tools\Binn\;C:\Program Files\Microsoft SQL Server\140\Tools\Binn\;C:\Program Files\Microsoft SQL Server\140\DTS\Binn\;C:\Program Files (x86)\Microsoft SQL Server\150\DTS\Binn\;C:\Program Files\Azure Data Studio\bin;C:\Users\simondaxia\AppData\Local\Microsoft\WindowsApps;;D:\Microsoft VS Code\bin;C:\Program Files\Azure Data Studio\bin;D:\JetBrains\PyCharm Community Edition 2021.2.2\bin;;D:\Programs\mongosh\;C:\Users\simondaxia\Desktop;;."/>
    <property name="java.vm.info" value="mixed mode"/>
    <property name="java.vendor" value="Amazon.com Inc."/>
    <property name="java.vm.version" value="11.0.11+9-LTS"/>
    <property name="sun.io.unicode.encoding" value="UnicodeLittle"/>
    <property name="java.class.version" value="55.0"/>
  </properties>
  <testcase name="testEmpty" classname="bloodbank.entity.TestCRUDBloodDonation" time="0.009">
    <system-out><![CDATA[2021-11-19T10:23:40,529|[TRACE] HibernatePersistenceProvider - Starting createEntityManagerFactory for persistenceUnitName bloodbank-PU
2021-11-19T10:23:40,529|[TRACE] HibernatePersistenceProvider - Attempting to obtain correct EntityManagerFactoryBuilder for persistenceUnitName : bloodbank-PU
2021-11-19T10:23:40,530|[TRACE] PersistenceXmlParser - Attempting to parse persistence.xml file : file:/D:/Computer%20Programming/Level%204/CST8277_300%20Enterprise%20Application/Assignments/Assignment03/BloodBank-JPA-Mapping-JUnit-Skeleton/BloodBank-JPA-Mapping-JUnit-Skeleton/target/classes/META-INF/persistence.xml
2021-11-19T10:23:40,537|[TRACE] ArchiveHelper - JAR URL from URL Entry: file:/D:/Computer%20Programming/Level%204/CST8277_300%20Enterprise%20Application/Assignments/Assignment03/BloodBank-JPA-Mapping-JUnit-Skeleton/BloodBank-JPA-Mapping-JUnit-Skeleton/target/classes/META-INF/persistence.xml >> file:/D:/Computer%20Programming/Level%204/CST8277_300%20Enterprise%20Application/Assignments/Assignment03/BloodBank-JPA-Mapping-JUnit-Skeleton/BloodBank-JPA-Mapping-JUnit-Skeleton/target/classes
2021-11-19T10:23:40,537|[TRACE] PersistenceXmlParser - Persistence unit name from persistence.xml : bloodbank-PU
2021-11-19T10:23:40,537|[DEBUG] HibernatePersistenceProvider - Located and parsed 1 persistence units; checking each
2021-11-19T10:23:40,537|[DEBUG] HibernatePersistenceProvider - Checking persistence-unit [name=bloodbank-PU, explicit-provider=org.hibernate.jpa.HibernatePersistenceProvider] against incoming persistence unit name [bloodbank-PU]
2021-11-19T10:23:40,537|[DEBUG] ProviderChecker - Persistence-unit [bloodbank-PU] requested PersistenceProvider [org.hibernate.jpa.HibernatePersistenceProvider]
2021-11-19T10:23:40,537|[TRACE] ProviderChecker - Checking requested PersistenceProvider name [org.hibernate.jpa.HibernatePersistenceProvider] against Hibernate provider names
2021-11-19T10:23:40,537|[DEBUG] LogHelper - PersistenceUnitInfo [
	name: bloodbank-PU
	persistence provider classname: org.hibernate.jpa.HibernatePersistenceProvider
	classloader: null
	excludeUnlistedClasses: false
	JTA datasource: null
	Non JTA datasource: null
	Transaction type: RESOURCE_LOCAL
	PU root URL: file:/D:/Computer%20Programming/Level%204/CST8277_300%20Enterprise%20Application/Assignments/Assignment03/BloodBank-JPA-Mapping-JUnit-Skeleton/BloodBank-JPA-Mapping-JUnit-Skeleton/target/classes
	Shared Cache Mode: null
	Validation Mode: null
	Jar files URLs []
	Managed classes names []
	Mapping files names []
	Properties [
		javax.persistence.schema-generation.drop-source: script
		hibernate.use_sql_comments: true
		javax.persistence.schema-generation.drop-script-source: META-INF/sql/bloodbank-drop.sql
		hibernate.hbm2ddl.import_files_sql_extractor: org.hibernate.tool.hbm2ddl.MultipleLinesSqlCommandExtractor
		javax.persistence.jdbc.user: cst8277
		javax.persistence.schema-generation.create-source: script
		hibernate.dialect: org.hibernate.dialect.MySQL8Dialect
		javax.persistence.jdbc.url: jdbc:mysql://localhost:3306/bloodbank?createDatabaseIfNotExist=true&zeroDateTimeBehavior=convertToNull
		javax.persistence.schema-generation.create-script-source: META-INF/sql/bloodbank-create.sql
		javax.persistence.jdbc.driver: com.mysql.cj.jdbc.Driver
		hibernate.format_sql: true
		javax.persistence.jdbc.password: 8277
		javax.persistence.schema-generation.database.action: drop-and-create]
2021-11-19T10:23:40,537|[DEBUG] IntegratorServiceImpl - Adding Integrator [org.hibernate.cfg.beanvalidation.BeanValidationIntegrator].
2021-11-19T10:23:40,537|[DEBUG] IntegratorServiceImpl - Adding Integrator [org.hibernate.secure.spi.JaccIntegrator].
2021-11-19T10:23:40,537|[DEBUG] IntegratorServiceImpl - Adding Integrator [org.hibernate.cache.internal.CollectionCacheInvalidator].
2021-11-19T10:23:40,538|[TRACE] StrategySelectorImpl - Registering named strategy selector [org.hibernate.resource.transaction.spi.TransactionCoordinatorBuilder] : [jdbc] -> [org.hibernate.resource.transaction.backend.jdbc.internal.JdbcResourceLocalTransactionCoordinatorBuilderImpl]
2021-11-19T10:23:40,538|[TRACE] StrategySelectorImpl - Registering named strategy selector [org.hibernate.resource.transaction.spi.TransactionCoordinatorBuilder] : [jta] -> [org.hibernate.resource.transaction.backend.jta.internal.JtaTransactionCoordinatorBuilderImpl]
2021-11-19T10:23:40,538|[TRACE] StrategySelectorImpl - Registering named strategy selector [org.hibernate.resource.transaction.spi.TransactionCoordinatorBuilder] : [org.hibernate.transaction.JDBCTransactionFactory] -> [org.hibernate.resource.transaction.backend.jdbc.internal.JdbcResourceLocalTransactionCoordinatorBuilderImpl]
2021-11-19T10:23:40,538|[TRACE] StrategySelectorImpl - Registering named strategy selector [org.hibernate.resource.transaction.spi.TransactionCoordinatorBuilder] : [org.hibernate.transaction.JTATransactionFactory] -> [org.hibernate.resource.transaction.backend.jta.internal.JtaTransactionCoordinatorBuilderImpl]
2021-11-19T10:23:40,538|[TRACE] StrategySelectorImpl - Registering named strategy selector [org.hibernate.resource.transaction.spi.TransactionCoordinatorBuilder] : [org.hibernate.transaction.CMTTransactionFactory] -> [org.hibernate.resource.transaction.backend.jta.internal.JtaTransactionCoordinatorBuilderImpl]
2021-11-19T10:23:40,538|[TRACE] StrategySelectorImpl - Registering named strategy selector [org.hibernate.hql.spi.id.MultiTableBulkIdStrategy] : [persistent] -> [org.hibernate.hql.spi.id.persistent.PersistentTableBulkIdStrategy]
2021-11-19T10:23:40,538|[TRACE] StrategySelectorImpl - Registering named strategy selector [org.hibernate.hql.spi.id.MultiTableBulkIdStrategy] : [global_temporary] -> [org.hibernate.hql.spi.id.global.GlobalTemporaryTableBulkIdStrategy]
2021-11-19T10:23:40,538|[TRACE] StrategySelectorImpl - Registering named strategy selector [org.hibernate.hql.spi.id.MultiTableBulkIdStrategy] : [local_temporary] -> [org.hibernate.hql.spi.id.local.LocalTemporaryTableBulkIdStrategy]
2021-11-19T10:23:40,538|[TRACE] StrategySelectorImpl - Registering named strategy selector [org.hibernate.boot.model.naming.ImplicitNamingStrategy] : [default] -> [org.hibernate.boot.model.naming.ImplicitNamingStrategyJpaCompliantImpl]
2021-11-19T10:23:40,538|[TRACE] StrategySelectorImpl - Registering named strategy selector [org.hibernate.boot.model.naming.ImplicitNamingStrategy] : [jpa] -> [org.hibernate.boot.model.naming.ImplicitNamingStrategyJpaCompliantImpl]
2021-11-19T10:23:40,538|[TRACE] StrategySelectorImpl - Registering named strategy selector [org.hibernate.boot.model.naming.ImplicitNamingStrategy] : [legacy-jpa] -> [org.hibernate.boot.model.naming.ImplicitNamingStrategyLegacyJpaImpl]
2021-11-19T10:23:40,538|[TRACE] StrategySelectorImpl - Registering named strategy selector [org.hibernate.boot.model.naming.ImplicitNamingStrategy] : [legacy-hbm] -> [org.hibernate.boot.model.naming.ImplicitNamingStrategyLegacyHbmImpl]
2021-11-19T10:23:40,538|[TRACE] StrategySelectorImpl - Registering named strategy selector [org.hibernate.boot.model.naming.ImplicitNamingStrategy] : [component-path] -> [org.hibernate.boot.model.naming.ImplicitNamingStrategyComponentPathImpl]
2021-11-19T10:23:40,538|[TRACE] StrategySelectorImpl - Registering named strategy selector [org.hibernate.cache.spi.CacheKeysFactory] : [default] -> [org.hibernate.cache.internal.DefaultCacheKeysFactory]
2021-11-19T10:23:40,538|[TRACE] StrategySelectorImpl - Registering named strategy selector [org.hibernate.cache.spi.CacheKeysFactory] : [simple] -> [org.hibernate.cache.internal.SimpleCacheKeysFactory]
2021-11-19T10:23:40,540|[DEBUG] ServiceBinding - Overriding existing service binding [org.hibernate.secure.spi.JaccService]
2021-11-19T10:23:40,540|[TRACE] AbstractServiceRegistryImpl - Initializing service [role=org.hibernate.engine.config.spi.ConfigurationService]
2021-11-19T10:23:40,540|[TRACE] AbstractServiceRegistryImpl - Initializing service [role=org.hibernate.cache.spi.RegionFactory]
2021-11-19T10:23:40,540|[DEBUG] RegionFactoryInitiator - Cannot default RegionFactory based on registered strategies as `[]` RegionFactory strategies were registered
2021-11-19T10:23:40,540|[DEBUG] RegionFactoryInitiator - Cache region factory : org.hibernate.cache.internal.NoCachingRegionFactory
2021-11-19T10:23:40,540|[DEBUG] BasicTypeRegistry - Adding type registration boolean -> org.hibernate.type.BooleanType@7351a16e
2021-11-19T10:23:40,540|[DEBUG] BasicTypeRegistry - Adding type registration boolean -> org.hibernate.type.BooleanType@7351a16e
2021-11-19T10:23:40,540|[DEBUG] BasicTypeRegistry - Adding type registration java.lang.Boolean -> org.hibernate.type.BooleanType@7351a16e
2021-11-19T10:23:40,540|[DEBUG] BasicTypeRegistry - Adding type registration numeric_boolean -> org.hibernate.type.NumericBooleanType@3ed0918d
2021-11-19T10:23:40,540|[DEBUG] BasicTypeRegistry - Adding type registration true_false -> org.hibernate.type.TrueFalseType@3c0fbd3a
2021-11-19T10:23:40,540|[DEBUG] BasicTypeRegistry - Adding type registration yes_no -> org.hibernate.type.YesNoType@5b12012e
2021-11-19T10:23:40,540|[DEBUG] BasicTypeRegistry - Adding type registration byte -> org.hibernate.type.ByteType@2b4786dd
2021-11-19T10:23:40,540|[DEBUG] BasicTypeRegistry - Adding type registration byte -> org.hibernate.type.ByteType@2b4786dd
2021-11-19T10:23:40,540|[DEBUG] BasicTypeRegistry - Adding type registration java.lang.Byte -> org.hibernate.type.ByteType@2b4786dd
2021-11-19T10:23:40,540|[DEBUG] BasicTypeRegistry - Adding type registration character -> org.hibernate.type.CharacterType@1f38957
2021-11-19T10:23:40,540|[DEBUG] BasicTypeRegistry - Adding type registration char -> org.hibernate.type.CharacterType@1f38957
2021-11-19T10:23:40,540|[DEBUG] BasicTypeRegistry - Adding type registration java.lang.Character -> org.hibernate.type.CharacterType@1f38957
2021-11-19T10:23:40,540|[DEBUG] BasicTypeRegistry - Adding type registration short -> org.hibernate.type.ShortType@6136998b
2021-11-19T10:23:40,540|[DEBUG] BasicTypeRegistry - Adding type registration short -> org.hibernate.type.ShortType@6136998b
2021-11-19T10:23:40,540|[DEBUG] BasicTypeRegistry - Adding type registration java.lang.Short -> org.hibernate.type.ShortType@6136998b
2021-11-19T10:23:40,540|[DEBUG] BasicTypeRegistry - Adding type registration integer -> org.hibernate.type.IntegerType@6892cc6f
2021-11-19T10:23:40,540|[DEBUG] BasicTypeRegistry - Adding type registration int -> org.hibernate.type.IntegerType@6892cc6f
2021-11-19T10:23:40,540|[DEBUG] BasicTypeRegistry - Adding type registration java.lang.Integer -> org.hibernate.type.IntegerType@6892cc6f
2021-11-19T10:23:40,540|[DEBUG] BasicTypeRegistry - Adding type registration long -> org.hibernate.type.LongType@ae7950d
2021-11-19T10:23:40,540|[DEBUG] BasicTypeRegistry - Adding type registration long -> org.hibernate.type.LongType@ae7950d
2021-11-19T10:23:40,540|[DEBUG] BasicTypeRegistry - Adding type registration java.lang.Long -> org.hibernate.type.LongType@ae7950d
2021-11-19T10:23:40,540|[DEBUG] BasicTypeRegistry - Adding type registration float -> org.hibernate.type.FloatType@4dafba3e
2021-11-19T10:23:40,540|[DEBUG] BasicTypeRegistry - Adding type registration float -> org.hibernate.type.FloatType@4dafba3e
2021-11-19T10:23:40,540|[DEBUG] BasicTypeRegistry - Adding type registration java.lang.Float -> org.hibernate.type.FloatType@4dafba3e
2021-11-19T10:23:40,540|[DEBUG] BasicTypeRegistry - Adding type registration double -> org.hibernate.type.DoubleType@676ff3b0
2021-11-19T10:23:40,540|[DEBUG] BasicTypeRegistry - Adding type registration double -> org.hibernate.type.DoubleType@676ff3b0
2021-11-19T10:23:40,540|[DEBUG] BasicTypeRegistry - Adding type registration java.lang.Double -> org.hibernate.type.DoubleType@676ff3b0
2021-11-19T10:23:40,540|[DEBUG] BasicTypeRegistry - Adding type registration big_decimal -> org.hibernate.type.BigDecimalType@65bcf7c2
2021-11-19T10:23:40,540|[DEBUG] BasicTypeRegistry - Adding type registration java.math.BigDecimal -> org.hibernate.type.BigDecimalType@65bcf7c2
2021-11-19T10:23:40,540|[DEBUG] BasicTypeRegistry - Adding type registration big_integer -> org.hibernate.type.BigIntegerType@232cce0
2021-11-19T10:23:40,540|[DEBUG] BasicTypeRegistry - Adding type registration java.math.BigInteger -> org.hibernate.type.BigIntegerType@232cce0
2021-11-19T10:23:40,540|[DEBUG] BasicTypeRegistry - Adding type registration string -> org.hibernate.type.StringType@7fc645e4
2021-11-19T10:23:40,540|[DEBUG] BasicTypeRegistry - Adding type registration java.lang.String -> org.hibernate.type.StringType@7fc645e4
2021-11-19T10:23:40,540|[DEBUG] BasicTypeRegistry - Adding type registration nstring -> org.hibernate.type.StringNVarcharType@719843e5
2021-11-19T10:23:40,540|[DEBUG] BasicTypeRegistry - Adding type registration ncharacter -> org.hibernate.type.CharacterNCharType@3104f7bd
2021-11-19T10:23:40,540|[DEBUG] BasicTypeRegistry - Adding type registration url -> org.hibernate.type.UrlType@6d171ce0
2021-11-19T10:23:40,540|[DEBUG] BasicTypeRegistry - Adding type registration java.net.URL -> org.hibernate.type.UrlType@6d171ce0
2021-11-19T10:23:40,540|[DEBUG] BasicTypeRegistry - Adding type registration Duration -> org.hibernate.type.DurationType@57b75756
2021-11-19T10:23:40,540|[DEBUG] BasicTypeRegistry - Adding type registration java.time.Duration -> org.hibernate.type.DurationType@57b75756
2021-11-19T10:23:40,540|[DEBUG] BasicTypeRegistry - Adding type registration Instant -> org.hibernate.type.InstantType@3b36e000
2021-11-19T10:23:40,540|[DEBUG] BasicTypeRegistry - Adding type registration java.time.Instant -> org.hibernate.type.InstantType@3b36e000
2021-11-19T10:23:40,540|[DEBUG] BasicTypeRegistry - Adding type registration LocalDateTime -> org.hibernate.type.LocalDateTimeType@3fae596
2021-11-19T10:23:40,540|[DEBUG] BasicTypeRegistry - Adding type registration java.time.LocalDateTime -> org.hibernate.type.LocalDateTimeType@3fae596
2021-11-19T10:23:40,540|[DEBUG] BasicTypeRegistry - Adding type registration LocalDate -> org.hibernate.type.LocalDateType@7f829c76
2021-11-19T10:23:40,540|[DEBUG] BasicTypeRegistry - Adding type registration java.time.LocalDate -> org.hibernate.type.LocalDateType@7f829c76
2021-11-19T10:23:40,540|[DEBUG] BasicTypeRegistry - Adding type registration LocalTime -> org.hibernate.type.LocalTimeType@6ae7deac
2021-11-19T10:23:40,540|[DEBUG] BasicTypeRegistry - Adding type registration java.time.LocalTime -> org.hibernate.type.LocalTimeType@6ae7deac
2021-11-19T10:23:40,540|[DEBUG] BasicTypeRegistry - Adding type registration OffsetDateTime -> org.hibernate.type.OffsetDateTimeType@21fdfefc
2021-11-19T10:23:40,540|[DEBUG] BasicTypeRegistry - Adding type registration java.time.OffsetDateTime -> org.hibernate.type.OffsetDateTimeType@21fdfefc
2021-11-19T10:23:40,540|[DEBUG] BasicTypeRegistry - Adding type registration OffsetTime -> org.hibernate.type.OffsetTimeType@108bdbd8
2021-11-19T10:23:40,540|[DEBUG] BasicTypeRegistry - Adding type registration java.time.OffsetTime -> org.hibernate.type.OffsetTimeType@108bdbd8
2021-11-19T10:23:40,540|[DEBUG] BasicTypeRegistry - Adding type registration ZonedDateTime -> org.hibernate.type.ZonedDateTimeType@54aca26f
2021-11-19T10:23:40,541|[DEBUG] BasicTypeRegistry - Adding type registration java.time.ZonedDateTime -> org.hibernate.type.ZonedDateTimeType@54aca26f
2021-11-19T10:23:40,541|[DEBUG] BasicTypeRegistry - Adding type registration date -> org.hibernate.type.DateType@528f8f8b
2021-11-19T10:23:40,541|[DEBUG] BasicTypeRegistry - Adding type registration java.sql.Date -> org.hibernate.type.DateType@528f8f8b
2021-11-19T10:23:40,541|[DEBUG] BasicTypeRegistry - Adding type registration time -> org.hibernate.type.TimeType@234a8f27
2021-11-19T10:23:40,541|[DEBUG] BasicTypeRegistry - Adding type registration java.sql.Time -> org.hibernate.type.TimeType@234a8f27
2021-11-19T10:23:40,541|[DEBUG] BasicTypeRegistry - Adding type registration timestamp -> org.hibernate.type.TimestampType@2f61f937
2021-11-19T10:23:40,541|[DEBUG] BasicTypeRegistry - Adding type registration java.sql.Timestamp -> org.hibernate.type.TimestampType@2f61f937
2021-11-19T10:23:40,541|[DEBUG] BasicTypeRegistry - Adding type registration java.util.Date -> org.hibernate.type.TimestampType@2f61f937
2021-11-19T10:23:40,541|[DEBUG] BasicTypeRegistry - Adding type registration dbtimestamp -> org.hibernate.type.DbTimestampType@369c9bb
2021-11-19T10:23:40,541|[DEBUG] BasicTypeRegistry - Adding type registration calendar -> org.hibernate.type.CalendarType@7d37f1c
2021-11-19T10:23:40,541|[DEBUG] BasicTypeRegistry - Adding type registration java.util.Calendar -> org.hibernate.type.CalendarType@7d37f1c
2021-11-19T10:23:40,541|[DEBUG] BasicTypeRegistry - Adding type registration java.util.GregorianCalendar -> org.hibernate.type.CalendarType@7d37f1c
2021-11-19T10:23:40,541|[DEBUG] BasicTypeRegistry - Adding type registration calendar_date -> org.hibernate.type.CalendarDateType@6cf31447
2021-11-19T10:23:40,541|[DEBUG] BasicTypeRegistry - Adding type registration calendar_time -> org.hibernate.type.CalendarTimeType@6f7e336b
2021-11-19T10:23:40,541|[DEBUG] BasicTypeRegistry - Adding type registration locale -> org.hibernate.type.LocaleType@1f966492
2021-11-19T10:23:40,541|[DEBUG] BasicTypeRegistry - Adding type registration java.util.Locale -> org.hibernate.type.LocaleType@1f966492
2021-11-19T10:23:40,541|[DEBUG] BasicTypeRegistry - Adding type registration currency -> org.hibernate.type.CurrencyType@2063c53e
2021-11-19T10:23:40,541|[DEBUG] BasicTypeRegistry - Adding type registration java.util.Currency -> org.hibernate.type.CurrencyType@2063c53e
2021-11-19T10:23:40,541|[DEBUG] BasicTypeRegistry - Adding type registration timezone -> org.hibernate.type.TimeZoneType@24e08d59
2021-11-19T10:23:40,541|[DEBUG] BasicTypeRegistry - Adding type registration java.util.TimeZone -> org.hibernate.type.TimeZoneType@24e08d59
2021-11-19T10:23:40,541|[DEBUG] BasicTypeRegistry - Adding type registration class -> org.hibernate.type.ClassType@16ade133
2021-11-19T10:23:40,541|[DEBUG] BasicTypeRegistry - Adding type registration java.lang.Class -> org.hibernate.type.ClassType@16ade133
2021-11-19T10:23:40,541|[DEBUG] BasicTypeRegistry - Adding type registration uuid-binary -> org.hibernate.type.UUIDBinaryType@1a28aef1
2021-11-19T10:23:40,541|[DEBUG] BasicTypeRegistry - Adding type registration java.util.UUID -> org.hibernate.type.UUIDBinaryType@1a28aef1
2021-11-19T10:23:40,541|[DEBUG] BasicTypeRegistry - Adding type registration uuid-char -> org.hibernate.type.UUIDCharType@6a9b0a6f
2021-11-19T10:23:40,541|[DEBUG] BasicTypeRegistry - Adding type registration binary -> org.hibernate.type.BinaryType@4b54af3d
2021-11-19T10:23:40,541|[DEBUG] BasicTypeRegistry - Adding type registration byte[] -> org.hibernate.type.BinaryType@4b54af3d
2021-11-19T10:23:40,541|[DEBUG] BasicTypeRegistry - Adding type registration [B -> org.hibernate.type.BinaryType@4b54af3d
2021-11-19T10:23:40,541|[DEBUG] BasicTypeRegistry - Adding type registration wrapper-binary -> org.hibernate.type.WrapperBinaryType@2116b68b
2021-11-19T10:23:40,541|[DEBUG] BasicTypeRegistry - Adding type registration Byte[] -> org.hibernate.type.WrapperBinaryType@2116b68b
2021-11-19T10:23:40,541|[DEBUG] BasicTypeRegistry - Adding type registration [Ljava.lang.Byte; -> org.hibernate.type.WrapperBinaryType@2116b68b
2021-11-19T10:23:40,541|[DEBUG] BasicTypeRegistry - Adding type registration row_version -> org.hibernate.type.RowVersionType@3e1624c7
2021-11-19T10:23:40,541|[DEBUG] BasicTypeRegistry - Adding type registration image -> org.hibernate.type.ImageType@48535004
2021-11-19T10:23:40,541|[DEBUG] BasicTypeRegistry - Adding type registration characters -> org.hibernate.type.CharArrayType@1aa99005
2021-11-19T10:23:40,541|[DEBUG] BasicTypeRegistry - Adding type registration char[] -> org.hibernate.type.CharArrayType@1aa99005
2021-11-19T10:23:40,541|[DEBUG] BasicTypeRegistry - Adding type registration [C -> org.hibernate.type.CharArrayType@1aa99005
2021-11-19T10:23:40,541|[DEBUG] BasicTypeRegistry - Adding type registration wrapper-characters -> org.hibernate.type.CharacterArrayType@33b082c5
2021-11-19T10:23:40,541|[DEBUG] BasicTypeRegistry - Adding type registration [Ljava.lang.Character; -> org.hibernate.type.CharacterArrayType@33b082c5
2021-11-19T10:23:40,541|[DEBUG] BasicTypeRegistry - Adding type registration Character[] -> org.hibernate.type.CharacterArrayType@33b082c5
2021-11-19T10:23:40,541|[DEBUG] BasicTypeRegistry - Adding type registration text -> org.hibernate.type.TextType@3bead518
2021-11-19T10:23:40,541|[DEBUG] BasicTypeRegistry - Adding type registration ntext -> org.hibernate.type.NTextType@7918c7f8
2021-11-19T10:23:40,541|[DEBUG] BasicTypeRegistry - Adding type registration blob -> org.hibernate.type.BlobType@289fdb08
2021-11-19T10:23:40,541|[DEBUG] BasicTypeRegistry - Adding type registration java.sql.Blob -> org.hibernate.type.BlobType@289fdb08
2021-11-19T10:23:40,541|[DEBUG] BasicTypeRegistry - Adding type registration materialized_blob -> org.hibernate.type.MaterializedBlobType@49cf9028
2021-11-19T10:23:40,541|[DEBUG] BasicTypeRegistry - Adding type registration clob -> org.hibernate.type.ClobType@5136207f
2021-11-19T10:23:40,541|[DEBUG] BasicTypeRegistry - Adding type registration java.sql.Clob -> org.hibernate.type.ClobType@5136207f
2021-11-19T10:23:40,541|[DEBUG] BasicTypeRegistry - Adding type registration nclob -> org.hibernate.type.NClobType@2764c546
2021-11-19T10:23:40,541|[DEBUG] BasicTypeRegistry - Adding type registration java.sql.NClob -> org.hibernate.type.NClobType@2764c546
2021-11-19T10:23:40,541|[DEBUG] BasicTypeRegistry - Adding type registration materialized_clob -> org.hibernate.type.MaterializedClobType@787f32b7
2021-11-19T10:23:40,541|[DEBUG] BasicTypeRegistry - Adding type registration materialized_nclob -> org.hibernate.type.MaterializedNClobType@a52ca2e
2021-11-19T10:23:40,541|[DEBUG] BasicTypeRegistry - Adding type registration serializable -> org.hibernate.type.SerializableType@5cbd159f
2021-11-19T10:23:40,541|[DEBUG] BasicTypeRegistry - Adding type registration object -> org.hibernate.type.ObjectType@6972c30a
2021-11-19T10:23:40,541|[DEBUG] BasicTypeRegistry - Adding type registration java.lang.Object -> org.hibernate.type.ObjectType@6972c30a
2021-11-19T10:23:40,541|[DEBUG] BasicTypeRegistry - Adding type registration imm_date -> org.hibernate.type.AdaptedImmutableType@3e01796a
2021-11-19T10:23:40,541|[DEBUG] BasicTypeRegistry - Adding type registration imm_time -> org.hibernate.type.AdaptedImmutableType@62ab5e63
2021-11-19T10:23:40,541|[DEBUG] BasicTypeRegistry - Adding type registration imm_timestamp -> org.hibernate.type.AdaptedImmutableType@e91facf
2021-11-19T10:23:40,541|[DEBUG] BasicTypeRegistry - Adding type registration imm_dbtimestamp -> org.hibernate.type.AdaptedImmutableType@5e8f0f98
2021-11-19T10:23:40,541|[DEBUG] BasicTypeRegistry - Adding type registration imm_calendar -> org.hibernate.type.AdaptedImmutableType@6bf0f70a
2021-11-19T10:23:40,541|[DEBUG] BasicTypeRegistry - Adding type registration imm_calendar_date -> org.hibernate.type.AdaptedImmutableType@5310e451
2021-11-19T10:23:40,541|[DEBUG] BasicTypeRegistry - Adding type registration imm_binary -> org.hibernate.type.AdaptedImmutableType@52d63b7e
2021-11-19T10:23:40,541|[DEBUG] BasicTypeRegistry - Adding type registration imm_serializable -> org.hibernate.type.AdaptedImmutableType@74830d73
2021-11-19T10:23:40,542|[TRACE] AbstractServiceRegistryImpl - Initializing service [role=org.hibernate.boot.cfgxml.spi.CfgXmlAccessService]
2021-11-19T10:23:40,543|[DEBUG] BootstrapContextImpl - Injecting ScanEnvironment [org.hibernate.jpa.boot.internal.StandardJpaScanEnvironmentImpl@1827fc4e] into BootstrapContext; was [null]
2021-11-19T10:23:40,543|[DEBUG] BootstrapContextImpl - Injecting ScanOptions [org.hibernate.boot.archive.scan.internal.StandardScanOptions@4c41a177] into BootstrapContext; was [org.hibernate.boot.archive.scan.internal.StandardScanOptions@2faf6e4a]
2021-11-19T10:23:40,585|[DEBUG] BootstrapContextImpl - Injecting JPA temp ClassLoader [null] into BootstrapContext; was [null]
2021-11-19T10:23:40,586|[DEBUG] ClassLoaderAccessImpl - ClassLoaderAccessImpl#injectTempClassLoader(null) [was null]
2021-11-19T10:23:40,586|[TRACE] AbstractServiceRegistryImpl - Initializing service [role=org.hibernate.id.factory.spi.MutableIdentifierGeneratorFactory]
2021-11-19T10:23:40,586|[DEBUG] DefaultIdentifierGeneratorFactory - Registering IdentifierGenerator strategy [uuid2] -> [org.hibernate.id.UUIDGenerator]
2021-11-19T10:23:40,586|[DEBUG] DefaultIdentifierGeneratorFactory - Registering IdentifierGenerator strategy [guid] -> [org.hibernate.id.GUIDGenerator]
2021-11-19T10:23:40,586|[DEBUG] DefaultIdentifierGeneratorFactory - Registering IdentifierGenerator strategy [uuid] -> [org.hibernate.id.UUIDHexGenerator]
2021-11-19T10:23:40,586|[DEBUG] DefaultIdentifierGeneratorFactory - Registering IdentifierGenerator strategy [uuid.hex] -> [org.hibernate.id.UUIDHexGenerator]
2021-11-19T10:23:40,586|[DEBUG] DefaultIdentifierGeneratorFactory - Registering IdentifierGenerator strategy [assigned] -> [org.hibernate.id.Assigned]
2021-11-19T10:23:40,586|[DEBUG] DefaultIdentifierGeneratorFactory - Registering IdentifierGenerator strategy [identity] -> [org.hibernate.id.IdentityGenerator]
2021-11-19T10:23:40,586|[DEBUG] DefaultIdentifierGeneratorFactory - Registering IdentifierGenerator strategy [select] -> [org.hibernate.id.SelectGenerator]
2021-11-19T10:23:40,586|[DEBUG] DefaultIdentifierGeneratorFactory - Registering IdentifierGenerator strategy [sequence] -> [org.hibernate.id.enhanced.SequenceStyleGenerator]
2021-11-19T10:23:40,586|[DEBUG] DefaultIdentifierGeneratorFactory - Registering IdentifierGenerator strategy [seqhilo] -> [org.hibernate.id.SequenceHiLoGenerator]
2021-11-19T10:23:40,586|[DEBUG] DefaultIdentifierGeneratorFactory - Registering IdentifierGenerator strategy [increment] -> [org.hibernate.id.IncrementGenerator]
2021-11-19T10:23:40,586|[DEBUG] DefaultIdentifierGeneratorFactory - Registering IdentifierGenerator strategy [foreign] -> [org.hibernate.id.ForeignGenerator]
2021-11-19T10:23:40,586|[DEBUG] DefaultIdentifierGeneratorFactory - Registering IdentifierGenerator strategy [sequence-identity] -> [org.hibernate.id.SequenceIdentityGenerator]
2021-11-19T10:23:40,586|[DEBUG] DefaultIdentifierGeneratorFactory - Registering IdentifierGenerator strategy [enhanced-sequence] -> [org.hibernate.id.enhanced.SequenceStyleGenerator]
2021-11-19T10:23:40,586|[DEBUG] DefaultIdentifierGeneratorFactory - Registering IdentifierGenerator strategy [enhanced-table] -> [org.hibernate.id.enhanced.TableGenerator]
2021-11-19T10:23:40,586|[TRACE] AbstractServiceRegistryImpl - Initializing service [role=org.hibernate.engine.jdbc.env.spi.JdbcEnvironment]
2021-11-19T10:23:40,586|[TRACE] AbstractServiceRegistryImpl - Initializing service [role=org.hibernate.engine.jdbc.dialect.spi.DialectFactory]
2021-11-19T10:23:40,586|[TRACE] AbstractServiceRegistryImpl - Initializing service [role=org.hibernate.engine.jdbc.dialect.spi.DialectResolver]
2021-11-19T10:23:40,586|[TRACE] AbstractServiceRegistryImpl - Initializing service [role=org.hibernate.engine.jdbc.connections.spi.ConnectionProvider]
2021-11-19T10:23:40,586|[WARN ] pooling - HHH10001002: Using Hibernate built-in connection pool (not for production use!)
2021-11-19T10:23:40,586|[INFO ] pooling - HHH10001005: using driver [com.mysql.cj.jdbc.Driver] at URL [jdbc:mysql://localhost:3306/bloodbank?createDatabaseIfNotExist=true&zeroDateTimeBehavior=convertToNull]
2021-11-19T10:23:40,586|[INFO ] pooling - HHH10001001: Connection properties: {password=8277, user=cst8277}
2021-11-19T10:23:40,586|[INFO ] pooling - HHH10001003: Autocommit mode: false
2021-11-19T10:23:40,586|[DEBUG] DriverManagerConnectionProviderImpl - Initializing Connection pool with 1 Connections
2021-11-19T10:23:40,587|[INFO ] DriverManagerConnectionProviderImpl - HHH000115: Hibernate connection pool size: 20 (min=1)
2021-11-19T10:23:40,621|[DEBUG] JdbcEnvironmentInitiator - Database ->
       name : MySQL
    version : 8.0.23
      major : 8
      minor : 0
2021-11-19T10:23:40,621|[DEBUG] JdbcEnvironmentInitiator - Driver ->
       name : MySQL Connector/J
    version : mysql-connector-java-8.0.23 (Revision: 18bbd5e68195d0da083cbd5bd0d05d76320df7cd)
      major : 8
      minor : 0
2021-11-19T10:23:40,621|[DEBUG] JdbcEnvironmentInitiator - JDBC version : 4.2
2021-11-19T10:23:40,621|[INFO ] Dialect - HHH000400: Using dialect: org.hibernate.dialect.MySQL8Dialect
2021-11-19T10:23:40,622|[DEBUG] IdentifierHelperBuilder - JDBC driver metadata reported database stores quoted identifiers in more than one case
2021-11-19T10:23:40,623|[DEBUG] IdentifierHelperBuilder - IdentifierCaseStrategy for both quoted and unquoted identifiers was set to the same strategy [LOWER]; that will likely lead to problems in schema update and validation if using quoted identifiers
2021-11-19T10:23:40,627|[TRACE] NormalizingIdentifierHelperImpl - Normalizing identifier quoting [bloodbank]
2021-11-19T10:23:40,627|[TRACE] NormalizingIdentifierHelperImpl - Normalizing identifier quoting [null]
2021-11-19T10:23:40,631|[TRACE] AbstractServiceRegistryImpl - Initializing service [role=org.hibernate.engine.jdbc.spi.JdbcServices]
2021-11-19T10:23:40,631|[DEBUG] Namespace - Created database namespace [logicalName=Name{catalog=null, schema=null}, physicalName=Name{catalog=null, schema=null}]
2021-11-19T10:23:40,632|[DEBUG] TypeConfiguration$Scope - Scoping TypeConfiguration [org.hibernate.type.spi.TypeConfiguration@60e47aab] to MetadataBuildingContext [org.hibernate.boot.internal.MetadataBuildingContextRootImpl@261a66b8]
2021-11-19T10:23:40,634|[DEBUG] AnnotationBinder - Binding entity from annotated class: bloodbank.entity.Contact
2021-11-19T10:23:40,634|[DEBUG] QueryBinder - Binding named query: Contact.findAll => SELECT c FROM Contact c
2021-11-19T10:23:40,634|[TRACE] NormalizingIdentifierHelperImpl - Normalizing identifier quoting [DTYPE]
2021-11-19T10:23:40,634|[DEBUG] Ejb3Column - Binding column: Ejb3DiscriminatorColumn{logicalColumnName'DTYPE', discriminatorTypeName='string'}
2021-11-19T10:23:40,635|[DEBUG] EntityBinder - Import with entity name Contact
2021-11-19T10:23:40,635|[TRACE] InFlightMetadataCollectorImpl - Import: Contact -> bloodbank.entity.Contact
2021-11-19T10:23:40,635|[TRACE] InFlightMetadataCollectorImpl - Import: bloodbank.entity.Contact -> bloodbank.entity.Contact
2021-11-19T10:23:40,635|[TRACE] NormalizingIdentifierHelperImpl - Normalizing identifier quoting [contact]
2021-11-19T10:23:40,635|[TRACE] NormalizingIdentifierHelperImpl - Normalizing identifier quoting [contact]
2021-11-19T10:23:40,635|[DEBUG] EntityBinder - Bind entity bloodbank.entity.Contact on table contact
2021-11-19T10:23:40,636|[TRACE] AnnotationBinder - Processing annotations of bloodbank.entity.Contact.id
2021-11-19T10:23:40,636|[TRACE] NormalizingIdentifierHelperImpl - Normalizing identifier quoting [id]
2021-11-19T10:23:40,636|[TRACE] NormalizingIdentifierHelperImpl - Normalizing identifier quoting [id]
2021-11-19T10:23:40,636|[DEBUG] Ejb3Column - Binding column: Ejb3Column{table=org.hibernate.mapping.Table(contact), mappingColumn=id, insertable=true, updatable=true, unique=false}
2021-11-19T10:23:40,637|[DEBUG] ClassLoaderAccessImpl - Not known whether passed class name [bloodbank.entity.Contact] is safe
2021-11-19T10:23:40,637|[DEBUG] ClassLoaderAccessImpl - No temp ClassLoader provided; using live ClassLoader for loading potentially unsafe class : bloodbank.entity.Contact
2021-11-19T10:23:40,637|[TRACE] AnnotationBinder - Binding component with path: bloodbank.entity.Contact.id
2021-11-19T10:23:40,637|[TRACE] AnnotationBinder - Processing annotations of bloodbank.entity.ContactPK.personId
2021-11-19T10:23:40,637|[TRACE] NormalizingIdentifierHelperImpl - Normalizing identifier quoting [person_id]
2021-11-19T10:23:40,637|[TRACE] NormalizingIdentifierHelperImpl - Normalizing identifier quoting [person_id]
2021-11-19T10:23:40,637|[DEBUG] Ejb3Column - Binding column: Ejb3Column{table=org.hibernate.mapping.Table(contact), mappingColumn=person_id, insertable=true, updatable=true, unique=false}
2021-11-19T10:23:40,638|[TRACE] NormalizingIdentifierHelperImpl - Normalizing identifier quoting [person_id]
2021-11-19T10:23:40,638|[DEBUG] Ejb3Column - Binding column: Ejb3JoinColumn{logicalColumnName='person_id', referencedColumn='id', mappedBy=''}
2021-11-19T10:23:40,638|[DEBUG] PropertyBinder - MetadataSourceProcessor property personId with lazy=false
2021-11-19T10:23:40,638|[DEBUG] AbstractPropertyHolder - Attempting to locate auto-apply AttributeConverter for property [bloodbank.entity.Contact.id:personId]
2021-11-19T10:23:40,638|[DEBUG] SimpleValueBinder - building SimpleValue for personId
2021-11-19T10:23:40,638|[TRACE] NormalizingIdentifierHelperImpl - Normalizing identifier quoting [person_id]
2021-11-19T10:23:40,638|[TRACE] NormalizingIdentifierHelperImpl - Normalizing identifier quoting [id]
2021-11-19T10:23:40,638|[TRACE] NormalizingIdentifierHelperImpl - Normalizing identifier quoting [person_id]
2021-11-19T10:23:40,638|[TRACE] NormalizingIdentifierHelperImpl - Normalizing identifier quoting [person_id]
2021-11-19T10:23:40,638|[DEBUG] PropertyBinder - Building property personId
2021-11-19T10:23:40,638|[TRACE] PropertyBinder - Cascading personId with null
2021-11-19T10:23:40,638|[DEBUG] BinderHelper - #makeIdGenerator(org.hibernate.mapping.SimpleValue([org.hibernate.mapping.Column(person_id)]), personId, foreign, Hibernate-local--foreign generator, ...)
2021-11-19T10:23:40,639|[TRACE] AnnotationBinder - Processing annotations of bloodbank.entity.ContactPK.phoneId
2021-11-19T10:23:40,639|[TRACE] NormalizingIdentifierHelperImpl - Normalizing identifier quoting [phone_id]
2021-11-19T10:23:40,639|[TRACE] NormalizingIdentifierHelperImpl - Normalizing identifier quoting [phone_id]
2021-11-19T10:23:40,639|[DEBUG] Ejb3Column - Binding column: Ejb3Column{table=org.hibernate.mapping.Table(contact), mappingColumn=phone_id, insertable=true, updatable=true, unique=false}
2021-11-19T10:23:40,639|[TRACE] NormalizingIdentifierHelperImpl - Normalizing identifier quoting [phone_id]
2021-11-19T10:23:40,639|[DEBUG] Ejb3Column - Binding column: Ejb3JoinColumn{logicalColumnName='phone_id', referencedColumn='phone_id', mappedBy=''}
2021-11-19T10:23:40,640|[DEBUG] PropertyBinder - MetadataSourceProcessor property phoneId with lazy=false
2021-11-19T10:23:40,640|[DEBUG] AbstractPropertyHolder - Attempting to locate auto-apply AttributeConverter for property [bloodbank.entity.Contact.id:phoneId]
2021-11-19T10:23:40,640|[DEBUG] SimpleValueBinder - building SimpleValue for phoneId
2021-11-19T10:23:40,640|[TRACE] NormalizingIdentifierHelperImpl - Normalizing identifier quoting [phone_id]
2021-11-19T10:23:40,640|[TRACE] NormalizingIdentifierHelperImpl - Normalizing identifier quoting [phone_id]
2021-11-19T10:23:40,640|[TRACE] NormalizingIdentifierHelperImpl - Normalizing identifier quoting [phone_id]
2021-11-19T10:23:40,640|[TRACE] NormalizingIdentifierHelperImpl - Normalizing identifier quoting [phone_id]
2021-11-19T10:23:40,640|[DEBUG] PropertyBinder - Building property phoneId
2021-11-19T10:23:40,640|[TRACE] PropertyBinder - Cascading phoneId with null
2021-11-19T10:23:40,640|[DEBUG] BinderHelper - #makeIdGenerator(org.hibernate.mapping.SimpleValue([org.hibernate.mapping.Column(phone_id)]), phoneId, foreign, Hibernate-local--foreign generator, ...)
2021-11-19T10:23:40,640|[DEBUG] PropertyBinder - Building property id
2021-11-19T10:23:40,640|[TRACE] PropertyBinder - Cascading id with null
2021-11-19T10:23:40,640|[DEBUG] BinderHelper - #makeIdGenerator(org.hibernate.mapping.Component([org.hibernate.mapping.Property(personId), org.hibernate.mapping.Property(phoneId)]), id, assigned, , ...)
2021-11-19T10:23:40,640|[TRACE] AnnotationBinder - Bind @EmbeddedId on id
2021-11-19T10:23:40,640|[TRACE] AnnotationBinder - Processing annotations of bloodbank.entity.Contact.epochCreated
2021-11-19T10:23:40,640|[TRACE] NormalizingIdentifierHelperImpl - Normalizing identifier quoting [created]
2021-11-19T10:23:40,640|[TRACE] NormalizingIdentifierHelperImpl - Normalizing identifier quoting [created]
2021-11-19T10:23:40,640|[DEBUG] Ejb3Column - Binding column: Ejb3Column{table=org.hibernate.mapping.Table(contact), mappingColumn=created, insertable=true, updatable=true, unique=false}
2021-11-19T10:23:40,640|[DEBUG] PropertyBinder - MetadataSourceProcessor property epochCreated with lazy=false
2021-11-19T10:23:40,640|[DEBUG] AbstractPropertyHolder - Attempting to locate auto-apply AttributeConverter for property [bloodbank.entity.Contact:epochCreated]
2021-11-19T10:23:40,640|[DEBUG] SimpleValueBinder - building SimpleValue for epochCreated
2021-11-19T10:23:40,640|[TRACE] NormalizingIdentifierHelperImpl - Normalizing identifier quoting [created]
2021-11-19T10:23:40,640|[DEBUG] PropertyBinder - Building property epochCreated
2021-11-19T10:23:40,640|[TRACE] PropertyBinder - Cascading epochCreated with null
2021-11-19T10:23:40,640|[TRACE] AnnotationBinder - Processing annotations of bloodbank.entity.Contact.epochUpdated
2021-11-19T10:23:40,640|[TRACE] NormalizingIdentifierHelperImpl - Normalizing identifier quoting [updated]
2021-11-19T10:23:40,640|[TRACE] NormalizingIdentifierHelperImpl - Normalizing identifier quoting [updated]
2021-11-19T10:23:40,640|[DEBUG] Ejb3Column - Binding column: Ejb3Column{table=org.hibernate.mapping.Table(contact), mappingColumn=updated, insertable=true, updatable=true, unique=false}
2021-11-19T10:23:40,641|[DEBUG] PropertyBinder - MetadataSourceProcessor property epochUpdated with lazy=false
2021-11-19T10:23:40,641|[DEBUG] AbstractPropertyHolder - Attempting to locate auto-apply AttributeConverter for property [bloodbank.entity.Contact:epochUpdated]
2021-11-19T10:23:40,641|[DEBUG] SimpleValueBinder - building SimpleValue for epochUpdated
2021-11-19T10:23:40,641|[TRACE] NormalizingIdentifierHelperImpl - Normalizing identifier quoting [updated]
2021-11-19T10:23:40,641|[DEBUG] PropertyBinder - Building property epochUpdated
2021-11-19T10:23:40,641|[TRACE] PropertyBinder - Cascading epochUpdated with null
2021-11-19T10:23:40,641|[TRACE] AnnotationBinder - Processing annotations of bloodbank.entity.Contact.version
2021-11-19T10:23:40,641|[TRACE] NormalizingIdentifierHelperImpl - Normalizing identifier quoting [version]
2021-11-19T10:23:40,641|[TRACE] NormalizingIdentifierHelperImpl - Normalizing identifier quoting [version]
2021-11-19T10:23:40,641|[DEBUG] Ejb3Column - Binding column: Ejb3Column{table=org.hibernate.mapping.Table(contact), mappingColumn=version, insertable=true, updatable=true, unique=false}
2021-11-19T10:23:40,641|[TRACE] AnnotationBinder - version is a version property
2021-11-19T10:23:40,641|[DEBUG] PropertyBinder - MetadataSourceProcessor property version with lazy=false
2021-11-19T10:23:40,641|[DEBUG] AbstractPropertyHolder - Attempting to locate auto-apply AttributeConverter for property [bloodbank.entity.Contact:version]
2021-11-19T10:23:40,641|[DEBUG] SimpleValueBinder - building SimpleValue for version
2021-11-19T10:23:40,641|[TRACE] NormalizingIdentifierHelperImpl - Normalizing identifier quoting [version]
2021-11-19T10:23:40,641|[TRACE] NormalizingIdentifierHelperImpl - Normalizing identifier quoting [version]
2021-11-19T10:23:40,641|[TRACE] NormalizingIdentifierHelperImpl - Normalizing identifier quoting [version]
2021-11-19T10:23:40,641|[DEBUG] PropertyBinder - Building property version
2021-11-19T10:23:40,641|[TRACE] PropertyBinder - Cascading version with null
2021-11-19T10:23:40,641|[TRACE] AnnotationBinder - Version name: version, unsavedValue: undefined
2021-11-19T10:23:40,641|[TRACE] AnnotationBinder - Processing annotations of bloodbank.entity.Contact.address
2021-11-19T10:23:40,641|[TRACE] NormalizingIdentifierHelperImpl - Normalizing identifier quoting [address_id]
2021-11-19T10:23:40,641|[DEBUG] Ejb3Column - Binding column: Ejb3JoinColumn{logicalColumnName='address_id', referencedColumn='address_id', mappedBy=''}
2021-11-19T10:23:40,641|[TRACE] NormalizingIdentifierHelperImpl - Normalizing identifier quoting [address]
2021-11-19T10:23:40,641|[TRACE] NormalizingIdentifierHelperImpl - Normalizing identifier quoting [address]
2021-11-19T10:23:40,641|[DEBUG] Ejb3Column - Binding column: Ejb3Column{table=org.hibernate.mapping.Table(contact), mappingColumn=address, insertable=true, updatable=true, unique=false}
2021-11-19T10:23:40,642|[DEBUG] PropertyBinder - Building property address
2021-11-19T10:23:40,642|[TRACE] PropertyBinder - Cascading address with all
2021-11-19T10:23:40,642|[TRACE] AnnotationBinder - Processing annotations of bloodbank.entity.Contact.contactType
2021-11-19T10:23:40,642|[TRACE] NormalizingIdentifierHelperImpl - Normalizing identifier quoting [contact_type]
2021-11-19T10:23:40,642|[TRACE] NormalizingIdentifierHelperImpl - Normalizing identifier quoting [contact_type]
2021-11-19T10:23:40,642|[DEBUG] Ejb3Column - Binding column: Ejb3Column{table=org.hibernate.mapping.Table(contact), mappingColumn=contact_type, insertable=true, updatable=true, unique=false}
2021-11-19T10:23:40,642|[DEBUG] PropertyBinder - MetadataSourceProcessor property contactType with lazy=false
2021-11-19T10:23:40,642|[DEBUG] AbstractPropertyHolder - Attempting to locate auto-apply AttributeConverter for property [bloodbank.entity.Contact:contactType]
2021-11-19T10:23:40,642|[DEBUG] SimpleValueBinder - building SimpleValue for contactType
2021-11-19T10:23:40,642|[TRACE] NormalizingIdentifierHelperImpl - Normalizing identifier quoting [contact_type]
2021-11-19T10:23:40,642|[DEBUG] PropertyBinder - Building property contactType
2021-11-19T10:23:40,642|[TRACE] PropertyBinder - Cascading contactType with null
2021-11-19T10:23:40,642|[TRACE] AnnotationBinder - Processing annotations of bloodbank.entity.Contact.email
2021-11-19T10:23:40,642|[TRACE] NormalizingIdentifierHelperImpl - Normalizing identifier quoting [email]
2021-11-19T10:23:40,642|[TRACE] NormalizingIdentifierHelperImpl - Normalizing identifier quoting [email]
2021-11-19T10:23:40,642|[DEBUG] Ejb3Column - Binding column: Ejb3Column{table=org.hibernate.mapping.Table(contact), mappingColumn=email, insertable=true, updatable=true, unique=false}
2021-11-19T10:23:40,642|[DEBUG] PropertyBinder - MetadataSourceProcessor property email with lazy=false
2021-11-19T10:23:40,642|[DEBUG] AbstractPropertyHolder - Attempting to locate auto-apply AttributeConverter for property [bloodbank.entity.Contact:email]
2021-11-19T10:23:40,642|[DEBUG] SimpleValueBinder - building SimpleValue for email
2021-11-19T10:23:40,642|[TRACE] NormalizingIdentifierHelperImpl - Normalizing identifier quoting [email]
2021-11-19T10:23:40,642|[DEBUG] PropertyBinder - Building property email
2021-11-19T10:23:40,642|[TRACE] PropertyBinder - Cascading email with null
2021-11-19T10:23:40,642|[TRACE] AnnotationBinder - Processing annotations of bloodbank.entity.Contact.owner
2021-11-19T10:23:40,642|[TRACE] NormalizingIdentifierHelperImpl - Normalizing identifier quoting [person_id]
2021-11-19T10:23:40,643|[DEBUG] Ejb3Column - Binding column: Ejb3JoinColumn{logicalColumnName='person_id', referencedColumn='id', mappedBy=''}
2021-11-19T10:23:40,643|[TRACE] NormalizingIdentifierHelperImpl - Normalizing identifier quoting [owner]
2021-11-19T10:23:40,643|[TRACE] NormalizingIdentifierHelperImpl - Normalizing identifier quoting [owner]
2021-11-19T10:23:40,643|[DEBUG] Ejb3Column - Binding column: Ejb3Column{table=org.hibernate.mapping.Table(contact), mappingColumn=owner, insertable=true, updatable=true, unique=false}
2021-11-19T10:23:40,643|[DEBUG] PropertyBinder - Building property owner
2021-11-19T10:23:40,643|[TRACE] PropertyBinder - Cascading owner with all,persist
2021-11-19T10:23:40,643|[TRACE] AnnotationBinder - Processing annotations of bloodbank.entity.Contact.phone
2021-11-19T10:23:40,643|[TRACE] NormalizingIdentifierHelperImpl - Normalizing identifier quoting [phone_id]
2021-11-19T10:23:40,643|[DEBUG] Ejb3Column - Binding column: Ejb3JoinColumn{logicalColumnName='phone_id', referencedColumn='phone_id', mappedBy=''}
2021-11-19T10:23:40,643|[TRACE] NormalizingIdentifierHelperImpl - Normalizing identifier quoting [phone]
2021-11-19T10:23:40,643|[TRACE] NormalizingIdentifierHelperImpl - Normalizing identifier quoting [phone]
2021-11-19T10:23:40,643|[DEBUG] Ejb3Column - Binding column: Ejb3Column{table=org.hibernate.mapping.Table(contact), mappingColumn=phone, insertable=true, updatable=true, unique=false}
2021-11-19T10:23:40,643|[DEBUG] PropertyBinder - Building property phone
2021-11-19T10:23:40,643|[TRACE] PropertyBinder - Cascading phone with all,persist
2021-11-19T10:23:40,643|[DEBUG] AnnotationBinder - Binding entity from annotated class: bloodbank.entity.Phone
2021-11-19T10:23:40,643|[TRACE] NormalizingIdentifierHelperImpl - Normalizing identifier quoting [DTYPE]
2021-11-19T10:23:40,643|[DEBUG] Ejb3Column - Binding column: Ejb3DiscriminatorColumn{logicalColumnName'DTYPE', discriminatorTypeName='string'}
2021-11-19T10:23:40,644|[DEBUG] EntityBinder - Import with entity name Phone
2021-11-19T10:23:40,644|[TRACE] InFlightMetadataCollectorImpl - Import: Phone -> bloodbank.entity.Phone
2021-11-19T10:23:40,644|[TRACE] InFlightMetadataCollectorImpl - Import: bloodbank.entity.Phone -> bloodbank.entity.Phone
2021-11-19T10:23:40,644|[TRACE] NormalizingIdentifierHelperImpl - Normalizing identifier quoting [phone]
2021-11-19T10:23:40,644|[TRACE] NormalizingIdentifierHelperImpl - Normalizing identifier quoting [phone]
2021-11-19T10:23:40,644|[DEBUG] EntityBinder - Bind entity bloodbank.entity.Phone on table phone
2021-11-19T10:23:40,644|[TRACE] AnnotationBinder - Processing annotations of bloodbank.entity.Phone.id
2021-11-19T10:23:40,644|[DEBUG] Ejb3Column - Column(s) overridden for property id
2021-11-19T10:23:40,644|[TRACE] NormalizingIdentifierHelperImpl - Normalizing identifier quoting [phone_id]
2021-11-19T10:23:40,644|[TRACE] NormalizingIdentifierHelperImpl - Normalizing identifier quoting [phone_id]
2021-11-19T10:23:40,644|[DEBUG] Ejb3Column - Binding column: Ejb3Column{table=org.hibernate.mapping.Table(phone), mappingColumn=phone_id, insertable=true, updatable=true, unique=false}
2021-11-19T10:23:40,644|[DEBUG] ClassLoaderAccessImpl - Not known whether passed class name [bloodbank.entity.Phone] is safe
2021-11-19T10:23:40,644|[DEBUG] ClassLoaderAccessImpl - No temp ClassLoader provided; using live ClassLoader for loading potentially unsafe class : bloodbank.entity.Phone
2021-11-19T10:23:40,644|[DEBUG] PropertyBinder - MetadataSourceProcessor property id with lazy=false
2021-11-19T10:23:40,644|[DEBUG] AbstractPropertyHolder - Attempting to locate auto-apply AttributeConverter for property [bloodbank.entity.Phone:id]
2021-11-19T10:23:40,644|[DEBUG] SimpleValueBinder - building SimpleValue for id
2021-11-19T10:23:40,644|[TRACE] NormalizingIdentifierHelperImpl - Normalizing identifier quoting [phone_id]
2021-11-19T10:23:40,644|[DEBUG] PropertyBinder - Building property id
2021-11-19T10:23:40,644|[TRACE] PropertyBinder - Cascading id with null
2021-11-19T10:23:40,644|[DEBUG] BinderHelper - #makeIdGenerator(org.hibernate.mapping.SimpleValue([org.hibernate.mapping.Column(phone_id)]), id, identity, , ...)
2021-11-19T10:23:40,644|[TRACE] AnnotationBinder - Bind @Id on id
2021-11-19T10:23:40,644|[TRACE] AnnotationBinder - Processing annotations of bloodbank.entity.Phone.epochCreated
2021-11-19T10:23:40,644|[TRACE] NormalizingIdentifierHelperImpl - Normalizing identifier quoting [created]
2021-11-19T10:23:40,645|[TRACE] NormalizingIdentifierHelperImpl - Normalizing identifier quoting [created]
2021-11-19T10:23:40,645|[DEBUG] Ejb3Column - Binding column: Ejb3Column{table=org.hibernate.mapping.Table(phone), mappingColumn=created, insertable=true, updatable=true, unique=false}
2021-11-19T10:23:40,645|[DEBUG] PropertyBinder - MetadataSourceProcessor property epochCreated with lazy=false
2021-11-19T10:23:40,645|[DEBUG] AbstractPropertyHolder - Attempting to locate auto-apply AttributeConverter for property [bloodbank.entity.Phone:epochCreated]
2021-11-19T10:23:40,645|[DEBUG] SimpleValueBinder - building SimpleValue for epochCreated
2021-11-19T10:23:40,645|[TRACE] NormalizingIdentifierHelperImpl - Normalizing identifier quoting [created]
2021-11-19T10:23:40,645|[DEBUG] PropertyBinder - Building property epochCreated
2021-11-19T10:23:40,645|[TRACE] PropertyBinder - Cascading epochCreated with null
2021-11-19T10:23:40,645|[TRACE] AnnotationBinder - Processing annotations of bloodbank.entity.Phone.epochUpdated
2021-11-19T10:23:40,645|[TRACE] NormalizingIdentifierHelperImpl - Normalizing identifier quoting [updated]
2021-11-19T10:23:40,645|[TRACE] NormalizingIdentifierHelperImpl - Normalizing identifier quoting [updated]
2021-11-19T10:23:40,645|[DEBUG] Ejb3Column - Binding column: Ejb3Column{table=org.hibernate.mapping.Table(phone), mappingColumn=updated, insertable=true, updatable=true, unique=false}
2021-11-19T10:23:40,645|[DEBUG] PropertyBinder - MetadataSourceProcessor property epochUpdated with lazy=false
2021-11-19T10:23:40,645|[DEBUG] AbstractPropertyHolder - Attempting to locate auto-apply AttributeConverter for property [bloodbank.entity.Phone:epochUpdated]
2021-11-19T10:23:40,645|[DEBUG] SimpleValueBinder - building SimpleValue for epochUpdated
2021-11-19T10:23:40,645|[TRACE] NormalizingIdentifierHelperImpl - Normalizing identifier quoting [updated]
2021-11-19T10:23:40,645|[DEBUG] PropertyBinder - Building property epochUpdated
2021-11-19T10:23:40,645|[TRACE] PropertyBinder - Cascading epochUpdated with null
2021-11-19T10:23:40,645|[TRACE] AnnotationBinder - Processing annotations of bloodbank.entity.Phone.version
2021-11-19T10:23:40,645|[TRACE] NormalizingIdentifierHelperImpl - Normalizing identifier quoting [version]
2021-11-19T10:23:40,645|[TRACE] NormalizingIdentifierHelperImpl - Normalizing identifier quoting [version]
2021-11-19T10:23:40,645|[DEBUG] Ejb3Column - Binding column: Ejb3Column{table=org.hibernate.mapping.Table(phone), mappingColumn=version, insertable=true, updatable=true, unique=false}
2021-11-19T10:23:40,645|[TRACE] AnnotationBinder - version is a version property
2021-11-19T10:23:40,645|[DEBUG] PropertyBinder - MetadataSourceProcessor property version with lazy=false
2021-11-19T10:23:40,645|[DEBUG] AbstractPropertyHolder - Attempting to locate auto-apply AttributeConverter for property [bloodbank.entity.Phone:version]
2021-11-19T10:23:40,645|[DEBUG] SimpleValueBinder - building SimpleValue for version
2021-11-19T10:23:40,645|[TRACE] NormalizingIdentifierHelperImpl - Normalizing identifier quoting [version]
2021-11-19T10:23:40,645|[TRACE] NormalizingIdentifierHelperImpl - Normalizing identifier quoting [version]
2021-11-19T10:23:40,645|[TRACE] NormalizingIdentifierHelperImpl - Normalizing identifier quoting [version]
2021-11-19T10:23:40,645|[DEBUG] PropertyBinder - Building property version
2021-11-19T10:23:40,645|[TRACE] PropertyBinder - Cascading version with null
2021-11-19T10:23:40,645|[TRACE] AnnotationBinder - Version name: version, unsavedValue: undefined
2021-11-19T10:23:40,645|[TRACE] AnnotationBinder - Processing annotations of bloodbank.entity.Phone.areaCode
2021-11-19T10:23:40,646|[TRACE] NormalizingIdentifierHelperImpl - Normalizing identifier quoting [area_code]
2021-11-19T10:23:40,646|[TRACE] NormalizingIdentifierHelperImpl - Normalizing identifier quoting [area_code]
2021-11-19T10:23:40,646|[DEBUG] Ejb3Column - Binding column: Ejb3Column{table=org.hibernate.mapping.Table(phone), mappingColumn=area_code, insertable=true, updatable=true, unique=false}
2021-11-19T10:23:40,646|[DEBUG] PropertyBinder - MetadataSourceProcessor property areaCode with lazy=false
2021-11-19T10:23:40,646|[DEBUG] AbstractPropertyHolder - Attempting to locate auto-apply AttributeConverter for property [bloodbank.entity.Phone:areaCode]
2021-11-19T10:23:40,646|[DEBUG] SimpleValueBinder - building SimpleValue for areaCode
2021-11-19T10:23:40,646|[TRACE] NormalizingIdentifierHelperImpl - Normalizing identifier quoting [area_code]
2021-11-19T10:23:40,646|[DEBUG] PropertyBinder - Building property areaCode
2021-11-19T10:23:40,646|[TRACE] PropertyBinder - Cascading areaCode with null
2021-11-19T10:23:40,646|[TRACE] AnnotationBinder - Processing annotations of bloodbank.entity.Phone.contacts
2021-11-19T10:23:40,646|[TRACE] NormalizingIdentifierHelperImpl - Normalizing identifier quoting [phone_id]
2021-11-19T10:23:40,646|[DEBUG] Ejb3Column - Binding column: Ejb3JoinColumn{logicalColumnName='phone_id', referencedColumn='phone_id', mappedBy=''}
2021-11-19T10:23:40,646|[TRACE] NormalizingIdentifierHelperImpl - Normalizing identifier quoting [contacts]
2021-11-19T10:23:40,646|[TRACE] NormalizingIdentifierHelperImpl - Normalizing identifier quoting [contacts]
2021-11-19T10:23:40,646|[DEBUG] Ejb3Column - Binding column: Ejb3Column{table=org.hibernate.mapping.Table(phone), mappingColumn=contacts, insertable=true, updatable=true, unique=false}
2021-11-19T10:23:40,646|[DEBUG] Ejb3Column - Binding column: Ejb3Column{table=org.hibernate.mapping.Table(phone), mappingColumn=null, insertable=true, updatable=true, unique=false}
2021-11-19T10:23:40,646|[TRACE] NormalizingIdentifierHelperImpl - Normalizing identifier quoting [element]
2021-11-19T10:23:40,646|[TRACE] NormalizingIdentifierHelperImpl - Normalizing identifier quoting [element]
2021-11-19T10:23:40,646|[DEBUG] Ejb3Column - Binding column: Ejb3Column{table=org.hibernate.mapping.Table(phone), mappingColumn=element, insertable=true, updatable=true, unique=false}
2021-11-19T10:23:40,646|[TRACE] NormalizingIdentifierHelperImpl - Normalizing identifier quoting [contacts_KEY]
2021-11-19T10:23:40,646|[DEBUG] Ejb3Column - Binding column: Ejb3Column{table=org.hibernate.mapping.Table(phone), mappingColumn=contacts_KEY, insertable=true, updatable=true, unique=false}
2021-11-19T10:23:40,646|[TRACE] NormalizingIdentifierHelperImpl - Normalizing identifier quoting [contacts_KEY]
2021-11-19T10:23:40,646|[DEBUG] Ejb3Column - Binding column: Ejb3JoinColumn{logicalColumnName='contacts_KEY', referencedColumn='null', mappedBy='null'}
2021-11-19T10:23:40,647|[DEBUG] Ejb3Column - Binding column: Ejb3JoinColumn{logicalColumnName='null', referencedColumn='null', mappedBy=''}
2021-11-19T10:23:40,647|[DEBUG] Ejb3Column - Binding column: Ejb3JoinColumn{logicalColumnName='null', referencedColumn='null', mappedBy=''}
2021-11-19T10:23:40,647|[DEBUG] CollectionBinder - Collection role: bloodbank.entity.Phone.contacts
2021-11-19T10:23:40,647|[DEBUG] PropertyBinder - Building property contacts
2021-11-19T10:23:40,647|[TRACE] PropertyBinder - Cascading contacts with persist,merge,refresh,evict
2021-11-19T10:23:40,647|[TRACE] AnnotationBinder - Processing annotations of bloodbank.entity.Phone.countryCode
2021-11-19T10:23:40,647|[TRACE] NormalizingIdentifierHelperImpl - Normalizing identifier quoting [country_code]
2021-11-19T10:23:40,647|[TRACE] NormalizingIdentifierHelperImpl - Normalizing identifier quoting [country_code]
2021-11-19T10:23:40,647|[DEBUG] Ejb3Column - Binding column: Ejb3Column{table=org.hibernate.mapping.Table(phone), mappingColumn=country_code, insertable=true, updatable=true, unique=false}
2021-11-19T10:23:40,647|[DEBUG] PropertyBinder - MetadataSourceProcessor property countryCode with lazy=false
2021-11-19T10:23:40,647|[DEBUG] AbstractPropertyHolder - Attempting to locate auto-apply AttributeConverter for property [bloodbank.entity.Phone:countryCode]
2021-11-19T10:23:40,647|[DEBUG] SimpleValueBinder - building SimpleValue for countryCode
2021-11-19T10:23:40,647|[TRACE] NormalizingIdentifierHelperImpl - Normalizing identifier quoting [country_code]
2021-11-19T10:23:40,647|[DEBUG] PropertyBinder - Building property countryCode
2021-11-19T10:23:40,647|[TRACE] PropertyBinder - Cascading countryCode with null
2021-11-19T10:23:40,647|[TRACE] AnnotationBinder - Processing annotations of bloodbank.entity.Phone.number
2021-11-19T10:23:40,647|[TRACE] NormalizingIdentifierHelperImpl - Normalizing identifier quoting [number]
2021-11-19T10:23:40,647|[TRACE] NormalizingIdentifierHelperImpl - Normalizing identifier quoting [number]
2021-11-19T10:23:40,647|[DEBUG] Ejb3Column - Binding column: Ejb3Column{table=org.hibernate.mapping.Table(phone), mappingColumn=number, insertable=true, updatable=true, unique=false}
2021-11-19T10:23:40,647|[DEBUG] PropertyBinder - MetadataSourceProcessor property number with lazy=false
2021-11-19T10:23:40,647|[DEBUG] AbstractPropertyHolder - Attempting to locate auto-apply AttributeConverter for property [bloodbank.entity.Phone:number]
2021-11-19T10:23:40,647|[DEBUG] SimpleValueBinder - building SimpleValue for number
2021-11-19T10:23:40,647|[TRACE] NormalizingIdentifierHelperImpl - Normalizing identifier quoting [number]
2021-11-19T10:23:40,647|[TRACE] NormalizingIdentifierHelperImpl - Normalizing identifier quoting [number]
2021-11-19T10:23:40,647|[TRACE] NormalizingIdentifierHelperImpl - Normalizing identifier quoting [number]
2021-11-19T10:23:40,647|[DEBUG] PropertyBinder - Building property number
2021-11-19T10:23:40,647|[TRACE] PropertyBinder - Cascading number with null
2021-11-19T10:23:40,647|[DEBUG] AnnotationBinder - Binding entity from annotated class: bloodbank.entity.BloodDonation
2021-11-19T10:23:40,648|[TRACE] NormalizingIdentifierHelperImpl - Normalizing identifier quoting [DTYPE]
2021-11-19T10:23:40,648|[DEBUG] Ejb3Column - Binding column: Ejb3DiscriminatorColumn{logicalColumnName'DTYPE', discriminatorTypeName='string'}
2021-11-19T10:23:40,648|[DEBUG] EntityBinder - Import with entity name BloodDonation
2021-11-19T10:23:40,648|[TRACE] InFlightMetadataCollectorImpl - Import: BloodDonation -> bloodbank.entity.BloodDonation
2021-11-19T10:23:40,648|[TRACE] InFlightMetadataCollectorImpl - Import: bloodbank.entity.BloodDonation -> bloodbank.entity.BloodDonation
2021-11-19T10:23:40,648|[TRACE] NormalizingIdentifierHelperImpl - Normalizing identifier quoting [blood_donation]
2021-11-19T10:23:40,648|[TRACE] NormalizingIdentifierHelperImpl - Normalizing identifier quoting [blood_donation]
2021-11-19T10:23:40,648|[DEBUG] EntityBinder - Bind entity bloodbank.entity.BloodDonation on table blood_donation
2021-11-19T10:23:40,648|[TRACE] AnnotationBinder - Processing annotations of bloodbank.entity.BloodDonation.id
2021-11-19T10:23:40,648|[DEBUG] Ejb3Column - Column(s) overridden for property id
2021-11-19T10:23:40,648|[TRACE] NormalizingIdentifierHelperImpl - Normalizing identifier quoting [donation_id]
2021-11-19T10:23:40,648|[TRACE] NormalizingIdentifierHelperImpl - Normalizing identifier quoting [donation_id]
2021-11-19T10:23:40,648|[DEBUG] Ejb3Column - Binding column: Ejb3Column{table=org.hibernate.mapping.Table(blood_donation), mappingColumn=donation_id, insertable=true, updatable=true, unique=false}
2021-11-19T10:23:40,649|[DEBUG] ClassLoaderAccessImpl - Not known whether passed class name [bloodbank.entity.BloodDonation] is safe
2021-11-19T10:23:40,649|[DEBUG] ClassLoaderAccessImpl - No temp ClassLoader provided; using live ClassLoader for loading potentially unsafe class : bloodbank.entity.BloodDonation
2021-11-19T10:23:40,649|[DEBUG] PropertyBinder - MetadataSourceProcessor property id with lazy=false
2021-11-19T10:23:40,649|[DEBUG] AbstractPropertyHolder - Attempting to locate auto-apply AttributeConverter for property [bloodbank.entity.BloodDonation:id]
2021-11-19T10:23:40,649|[DEBUG] SimpleValueBinder - building SimpleValue for id
2021-11-19T10:23:40,649|[TRACE] NormalizingIdentifierHelperImpl - Normalizing identifier quoting [donation_id]
2021-11-19T10:23:40,649|[DEBUG] PropertyBinder - Building property id
2021-11-19T10:23:40,649|[TRACE] PropertyBinder - Cascading id with null
2021-11-19T10:23:40,649|[DEBUG] BinderHelper - #makeIdGenerator(org.hibernate.mapping.SimpleValue([org.hibernate.mapping.Column(donation_id)]), id, identity, , ...)
2021-11-19T10:23:40,649|[TRACE] AnnotationBinder - Bind @Id on id
2021-11-19T10:23:40,649|[TRACE] AnnotationBinder - Processing annotations of bloodbank.entity.BloodDonation.epochCreated
2021-11-19T10:23:40,649|[TRACE] NormalizingIdentifierHelperImpl - Normalizing identifier quoting [created]
2021-11-19T10:23:40,649|[TRACE] NormalizingIdentifierHelperImpl - Normalizing identifier quoting [created]
2021-11-19T10:23:40,649|[DEBUG] Ejb3Column - Binding column: Ejb3Column{table=org.hibernate.mapping.Table(blood_donation), mappingColumn=created, insertable=true, updatable=true, unique=false}
2021-11-19T10:23:40,649|[DEBUG] PropertyBinder - MetadataSourceProcessor property epochCreated with lazy=false
2021-11-19T10:23:40,649|[DEBUG] AbstractPropertyHolder - Attempting to locate auto-apply AttributeConverter for property [bloodbank.entity.BloodDonation:epochCreated]
2021-11-19T10:23:40,649|[DEBUG] SimpleValueBinder - building SimpleValue for epochCreated
2021-11-19T10:23:40,649|[TRACE] NormalizingIdentifierHelperImpl - Normalizing identifier quoting [created]
2021-11-19T10:23:40,649|[DEBUG] PropertyBinder - Building property epochCreated
2021-11-19T10:23:40,649|[TRACE] PropertyBinder - Cascading epochCreated with null
2021-11-19T10:23:40,649|[TRACE] AnnotationBinder - Processing annotations of bloodbank.entity.BloodDonation.epochUpdated
2021-11-19T10:23:40,649|[TRACE] NormalizingIdentifierHelperImpl - Normalizing identifier quoting [updated]
2021-11-19T10:23:40,650|[TRACE] NormalizingIdentifierHelperImpl - Normalizing identifier quoting [updated]
2021-11-19T10:23:40,650|[DEBUG] Ejb3Column - Binding column: Ejb3Column{table=org.hibernate.mapping.Table(blood_donation), mappingColumn=updated, insertable=true, updatable=true, unique=false}
2021-11-19T10:23:40,650|[DEBUG] PropertyBinder - MetadataSourceProcessor property epochUpdated with lazy=false
2021-11-19T10:23:40,650|[DEBUG] AbstractPropertyHolder - Attempting to locate auto-apply AttributeConverter for property [bloodbank.entity.BloodDonation:epochUpdated]
2021-11-19T10:23:40,650|[DEBUG] SimpleValueBinder - building SimpleValue for epochUpdated
2021-11-19T10:23:40,650|[TRACE] NormalizingIdentifierHelperImpl - Normalizing identifier quoting [updated]
2021-11-19T10:23:40,650|[DEBUG] PropertyBinder - Building property epochUpdated
2021-11-19T10:23:40,650|[TRACE] PropertyBinder - Cascading epochUpdated with null
2021-11-19T10:23:40,650|[TRACE] AnnotationBinder - Processing annotations of bloodbank.entity.BloodDonation.version
2021-11-19T10:23:40,650|[TRACE] NormalizingIdentifierHelperImpl - Normalizing identifier quoting [version]
2021-11-19T10:23:40,650|[TRACE] NormalizingIdentifierHelperImpl - Normalizing identifier quoting [version]
2021-11-19T10:23:40,650|[DEBUG] Ejb3Column - Binding column: Ejb3Column{table=org.hibernate.mapping.Table(blood_donation), mappingColumn=version, insertable=true, updatable=true, unique=false}
2021-11-19T10:23:40,650|[TRACE] AnnotationBinder - version is a version property
2021-11-19T10:23:40,650|[DEBUG] PropertyBinder - MetadataSourceProcessor property version with lazy=false
2021-11-19T10:23:40,650|[DEBUG] AbstractPropertyHolder - Attempting to locate auto-apply AttributeConverter for property [bloodbank.entity.BloodDonation:version]
2021-11-19T10:23:40,650|[DEBUG] SimpleValueBinder - building SimpleValue for version
2021-11-19T10:23:40,650|[TRACE] NormalizingIdentifierHelperImpl - Normalizing identifier quoting [version]
2021-11-19T10:23:40,650|[TRACE] NormalizingIdentifierHelperImpl - Normalizing identifier quoting [version]
2021-11-19T10:23:40,651|[TRACE] NormalizingIdentifierHelperImpl - Normalizing identifier quoting [version]
2021-11-19T10:23:40,651|[DEBUG] PropertyBinder - Building property version
2021-11-19T10:23:40,651|[TRACE] PropertyBinder - Cascading version with null
2021-11-19T10:23:40,651|[TRACE] AnnotationBinder - Version name: version, unsavedValue: undefined
2021-11-19T10:23:40,651|[TRACE] AnnotationBinder - Processing annotations of bloodbank.entity.BloodDonation.bank
2021-11-19T10:23:40,651|[TRACE] NormalizingIdentifierHelperImpl - Normalizing identifier quoting [bank_id]
2021-11-19T10:23:40,651|[DEBUG] Ejb3Column - Binding column: Ejb3JoinColumn{logicalColumnName='bank_id', referencedColumn='bank_id', mappedBy=''}
2021-11-19T10:23:40,651|[TRACE] NormalizingIdentifierHelperImpl - Normalizing identifier quoting [bank]
2021-11-19T10:23:40,651|[TRACE] NormalizingIdentifierHelperImpl - Normalizing identifier quoting [bank]
2021-11-19T10:23:40,651|[DEBUG] Ejb3Column - Binding column: Ejb3Column{table=org.hibernate.mapping.Table(blood_donation), mappingColumn=bank, insertable=true, updatable=true, unique=false}
2021-11-19T10:23:40,651|[DEBUG] PropertyBinder - Building property bank
2021-11-19T10:23:40,651|[TRACE] PropertyBinder - Cascading bank with all
2021-11-19T10:23:40,651|[TRACE] AnnotationBinder - Processing annotations of bloodbank.entity.BloodDonation.bloodType
2021-11-19T10:23:40,651|[TRACE] NormalizingIdentifierHelperImpl - Normalizing identifier quoting [bloodType]
2021-11-19T10:23:40,651|[TRACE] NormalizingIdentifierHelperImpl - Normalizing identifier quoting [bloodType]
2021-11-19T10:23:40,651|[DEBUG] Ejb3Column - Binding column: Ejb3Column{table=org.hibernate.mapping.Table(blood_donation), mappingColumn=bloodType, insertable=true, updatable=true, unique=false}
2021-11-19T10:23:40,651|[TRACE] AnnotationBinder - Binding component with path: bloodbank.entity.BloodDonation.bloodType
2021-11-19T10:23:40,651|[TRACE] AnnotationBinder - Processing annotations of bloodbank.entity.BloodType.bloodGroup
2021-11-19T10:23:40,652|[TRACE] NormalizingIdentifierHelperImpl - Normalizing identifier quoting [blood_group]
2021-11-19T10:23:40,652|[TRACE] NormalizingIdentifierHelperImpl - Normalizing identifier quoting [blood_group]
2021-11-19T10:23:40,652|[DEBUG] Ejb3Column - Binding column: Ejb3Column{table=org.hibernate.mapping.Table(blood_donation), mappingColumn=blood_group, insertable=true, updatable=true, unique=false}
2021-11-19T10:23:40,652|[DEBUG] PropertyBinder - MetadataSourceProcessor property bloodGroup with lazy=false
2021-11-19T10:23:40,652|[DEBUG] AbstractPropertyHolder - Attempting to locate auto-apply AttributeConverter for property [bloodbank.entity.BloodDonation.bloodType:bloodGroup]
2021-11-19T10:23:40,652|[DEBUG] SimpleValueBinder - building SimpleValue for bloodGroup
2021-11-19T10:23:40,652|[TRACE] NormalizingIdentifierHelperImpl - Normalizing identifier quoting [blood_group]
2021-11-19T10:23:40,652|[DEBUG] PropertyBinder - Building property bloodGroup
2021-11-19T10:23:40,652|[TRACE] PropertyBinder - Cascading bloodGroup with null
2021-11-19T10:23:40,652|[TRACE] AnnotationBinder - Processing annotations of bloodbank.entity.BloodType.rhd
2021-11-19T10:23:40,652|[TRACE] NormalizingIdentifierHelperImpl - Normalizing identifier quoting [rhd]
2021-11-19T10:23:40,652|[TRACE] NormalizingIdentifierHelperImpl - Normalizing identifier quoting [rhd]
2021-11-19T10:23:40,652|[DEBUG] Ejb3Column - Binding column: Ejb3Column{table=org.hibernate.mapping.Table(blood_donation), mappingColumn=rhd, insertable=true, updatable=true, unique=false}
2021-11-19T10:23:40,652|[DEBUG] PropertyBinder - MetadataSourceProcessor property rhd with lazy=false
2021-11-19T10:23:40,652|[DEBUG] AbstractPropertyHolder - Attempting to locate auto-apply AttributeConverter for property [bloodbank.entity.BloodDonation.bloodType:rhd]
2021-11-19T10:23:40,652|[DEBUG] SimpleValueBinder - building SimpleValue for rhd
2021-11-19T10:23:40,652|[TRACE] NormalizingIdentifierHelperImpl - Normalizing identifier quoting [rhd]
2021-11-19T10:23:40,652|[DEBUG] PropertyBinder - Building property rhd
2021-11-19T10:23:40,652|[TRACE] PropertyBinder - Cascading rhd with null
2021-11-19T10:23:40,652|[DEBUG] PropertyBinder - Building property bloodType
2021-11-19T10:23:40,652|[TRACE] PropertyBinder - Cascading bloodType with null
2021-11-19T10:23:40,652|[TRACE] AnnotationBinder - Processing annotations of bloodbank.entity.BloodDonation.milliliters
2021-11-19T10:23:40,652|[TRACE] NormalizingIdentifierHelperImpl - Normalizing identifier quoting [milliliters]
2021-11-19T10:23:40,652|[TRACE] NormalizingIdentifierHelperImpl - Normalizing identifier quoting [milliliters]
2021-11-19T10:23:40,652|[DEBUG] Ejb3Column - Binding column: Ejb3Column{table=org.hibernate.mapping.Table(blood_donation), mappingColumn=milliliters, insertable=true, updatable=true, unique=false}
2021-11-19T10:23:40,652|[DEBUG] PropertyBinder - MetadataSourceProcessor property milliliters with lazy=false
2021-11-19T10:23:40,652|[DEBUG] AbstractPropertyHolder - Attempting to locate auto-apply AttributeConverter for property [bloodbank.entity.BloodDonation:milliliters]
2021-11-19T10:23:40,652|[DEBUG] SimpleValueBinder - building SimpleValue for milliliters
2021-11-19T10:23:40,652|[TRACE] NormalizingIdentifierHelperImpl - Normalizing identifier quoting [milliliters]
2021-11-19T10:23:40,652|[TRACE] NormalizingIdentifierHelperImpl - Normalizing identifier quoting [milliliters]
2021-11-19T10:23:40,652|[TRACE] NormalizingIdentifierHelperImpl - Normalizing identifier quoting [milliliters]
2021-11-19T10:23:40,653|[DEBUG] PropertyBinder - Building property milliliters
2021-11-19T10:23:40,653|[TRACE] PropertyBinder - Cascading milliliters with null
2021-11-19T10:23:40,653|[TRACE] AnnotationBinder - Processing annotations of bloodbank.entity.BloodDonation.record
2021-11-19T10:23:40,653|[TRACE] NormalizingIdentifierHelperImpl - Normalizing identifier quoting [donation_id]
2021-11-19T10:23:40,653|[DEBUG] Ejb3Column - Binding column: Ejb3JoinColumn{logicalColumnName='donation_id', referencedColumn='donation_id', mappedBy=''}
2021-11-19T10:23:40,653|[TRACE] NormalizingIdentifierHelperImpl - Normalizing identifier quoting [record]
2021-11-19T10:23:40,653|[TRACE] NormalizingIdentifierHelperImpl - Normalizing identifier quoting [record]
2021-11-19T10:23:40,653|[DEBUG] Ejb3Column - Binding column: Ejb3Column{table=org.hibernate.mapping.Table(blood_donation), mappingColumn=record, insertable=true, updatable=true, unique=false}
2021-11-19T10:23:40,653|[TRACE] AnnotationBinder - Fetching record with SELECT
2021-11-19T10:23:40,653|[DEBUG] AnnotationBinder - Binding entity from annotated class: bloodbank.entity.BloodBank
2021-11-19T10:23:40,653|[TRACE] NormalizingIdentifierHelperImpl - Normalizing identifier quoting [privately_owned]
2021-11-19T10:23:40,653|[DEBUG] Ejb3Column - Binding column: Ejb3DiscriminatorColumn{logicalColumnName'privately_owned', discriminatorTypeName='integer'}
2021-11-19T10:23:40,653|[DEBUG] EntityBinder - Import with entity name BloodBank
2021-11-19T10:23:40,653|[TRACE] InFlightMetadataCollectorImpl - Import: BloodBank -> bloodbank.entity.BloodBank
2021-11-19T10:23:40,653|[TRACE] InFlightMetadataCollectorImpl - Import: bloodbank.entity.BloodBank -> bloodbank.entity.BloodBank
2021-11-19T10:23:40,653|[TRACE] NormalizingIdentifierHelperImpl - Normalizing identifier quoting [blood_bank]
2021-11-19T10:23:40,653|[TRACE] NormalizingIdentifierHelperImpl - Normalizing identifier quoting [blood_bank]
2021-11-19T10:23:40,653|[DEBUG] EntityBinder - Bind entity bloodbank.entity.BloodBank on table blood_bank
2021-11-19T10:23:40,653|[TRACE] NormalizingIdentifierHelperImpl - Normalizing identifier quoting [privately_owned]
2021-11-19T10:23:40,653|[TRACE] AnnotationBinder - Setting discriminator for entity bloodbank.entity.BloodBank
2021-11-19T10:23:40,654|[TRACE] AnnotationBinder - Processing annotations of bloodbank.entity.BloodBank.id
2021-11-19T10:23:40,654|[DEBUG] Ejb3Column - Column(s) overridden for property id
2021-11-19T10:23:40,654|[TRACE] NormalizingIdentifierHelperImpl - Normalizing identifier quoting [bank_id]
2021-11-19T10:23:40,654|[TRACE] NormalizingIdentifierHelperImpl - Normalizing identifier quoting [bank_id]
2021-11-19T10:23:40,654|[DEBUG] Ejb3Column - Binding column: Ejb3Column{table=org.hibernate.mapping.Table(blood_bank), mappingColumn=bank_id, insertable=true, updatable=true, unique=false}
2021-11-19T10:23:40,654|[DEBUG] ClassLoaderAccessImpl - Not known whether passed class name [bloodbank.entity.BloodBank] is safe
2021-11-19T10:23:40,654|[DEBUG] ClassLoaderAccessImpl - No temp ClassLoader provided; using live ClassLoader for loading potentially unsafe class : bloodbank.entity.BloodBank
2021-11-19T10:23:40,654|[DEBUG] PropertyBinder - MetadataSourceProcessor property id with lazy=false
2021-11-19T10:23:40,654|[DEBUG] AbstractPropertyHolder - Attempting to locate auto-apply AttributeConverter for property [bloodbank.entity.BloodBank:id]
2021-11-19T10:23:40,654|[DEBUG] SimpleValueBinder - building SimpleValue for id
2021-11-19T10:23:40,654|[TRACE] NormalizingIdentifierHelperImpl - Normalizing identifier quoting [bank_id]
2021-11-19T10:23:40,654|[DEBUG] PropertyBinder - Building property id
2021-11-19T10:23:40,654|[TRACE] PropertyBinder - Cascading id with null
2021-11-19T10:23:40,654|[DEBUG] BinderHelper - #makeIdGenerator(org.hibernate.mapping.SimpleValue([org.hibernate.mapping.Column(bank_id)]), id, identity, , ...)
2021-11-19T10:23:40,655|[TRACE] AnnotationBinder - Bind @Id on id
2021-11-19T10:23:40,655|[TRACE] AnnotationBinder - Processing annotations of bloodbank.entity.BloodBank.epochCreated
2021-11-19T10:23:40,655|[TRACE] NormalizingIdentifierHelperImpl - Normalizing identifier quoting [created]
2021-11-19T10:23:40,655|[TRACE] NormalizingIdentifierHelperImpl - Normalizing identifier quoting [created]
2021-11-19T10:23:40,655|[DEBUG] Ejb3Column - Binding column: Ejb3Column{table=org.hibernate.mapping.Table(blood_bank), mappingColumn=created, insertable=true, updatable=true, unique=false}
2021-11-19T10:23:40,655|[DEBUG] PropertyBinder - MetadataSourceProcessor property epochCreated with lazy=false
2021-11-19T10:23:40,655|[DEBUG] AbstractPropertyHolder - Attempting to locate auto-apply AttributeConverter for property [bloodbank.entity.BloodBank:epochCreated]
2021-11-19T10:23:40,655|[DEBUG] SimpleValueBinder - building SimpleValue for epochCreated
2021-11-19T10:23:40,655|[TRACE] NormalizingIdentifierHelperImpl - Normalizing identifier quoting [created]
2021-11-19T10:23:40,655|[DEBUG] PropertyBinder - Building property epochCreated
2021-11-19T10:23:40,655|[TRACE] PropertyBinder - Cascading epochCreated with null
2021-11-19T10:23:40,655|[TRACE] AnnotationBinder - Processing annotations of bloodbank.entity.BloodBank.epochUpdated
2021-11-19T10:23:40,655|[TRACE] NormalizingIdentifierHelperImpl - Normalizing identifier quoting [updated]
2021-11-19T10:23:40,655|[TRACE] NormalizingIdentifierHelperImpl - Normalizing identifier quoting [updated]
2021-11-19T10:23:40,655|[DEBUG] Ejb3Column - Binding column: Ejb3Column{table=org.hibernate.mapping.Table(blood_bank), mappingColumn=updated, insertable=true, updatable=true, unique=false}
2021-11-19T10:23:40,655|[DEBUG] PropertyBinder - MetadataSourceProcessor property epochUpdated with lazy=false
2021-11-19T10:23:40,655|[DEBUG] AbstractPropertyHolder - Attempting to locate auto-apply AttributeConverter for property [bloodbank.entity.BloodBank:epochUpdated]
2021-11-19T10:23:40,655|[DEBUG] SimpleValueBinder - building SimpleValue for epochUpdated
2021-11-19T10:23:40,655|[TRACE] NormalizingIdentifierHelperImpl - Normalizing identifier quoting [updated]
2021-11-19T10:23:40,655|[DEBUG] PropertyBinder - Building property epochUpdated
2021-11-19T10:23:40,655|[TRACE] PropertyBinder - Cascading epochUpdated with null
2021-11-19T10:23:40,655|[TRACE] AnnotationBinder - Processing annotations of bloodbank.entity.BloodBank.version
2021-11-19T10:23:40,655|[TRACE] NormalizingIdentifierHelperImpl - Normalizing identifier quoting [version]
2021-11-19T10:23:40,655|[TRACE] NormalizingIdentifierHelperImpl - Normalizing identifier quoting [version]
2021-11-19T10:23:40,655|[DEBUG] Ejb3Column - Binding column: Ejb3Column{table=org.hibernate.mapping.Table(blood_bank), mappingColumn=version, insertable=true, updatable=true, unique=false}
2021-11-19T10:23:40,655|[TRACE] AnnotationBinder - version is a version property
2021-11-19T10:23:40,655|[DEBUG] PropertyBinder - MetadataSourceProcessor property version with lazy=false
2021-11-19T10:23:40,655|[DEBUG] AbstractPropertyHolder - Attempting to locate auto-apply AttributeConverter for property [bloodbank.entity.BloodBank:version]
2021-11-19T10:23:40,655|[DEBUG] SimpleValueBinder - building SimpleValue for version
2021-11-19T10:23:40,655|[TRACE] NormalizingIdentifierHelperImpl - Normalizing identifier quoting [version]
2021-11-19T10:23:40,655|[TRACE] NormalizingIdentifierHelperImpl - Normalizing identifier quoting [version]
2021-11-19T10:23:40,655|[TRACE] NormalizingIdentifierHelperImpl - Normalizing identifier quoting [version]
2021-11-19T10:23:40,655|[DEBUG] PropertyBinder - Building property version
2021-11-19T10:23:40,655|[TRACE] PropertyBinder - Cascading version with null
2021-11-19T10:23:40,655|[TRACE] AnnotationBinder - Version name: version, unsavedValue: undefined
2021-11-19T10:23:40,655|[TRACE] AnnotationBinder - Processing annotations of bloodbank.entity.BloodBank.donations
2021-11-19T10:23:40,655|[DEBUG] Ejb3Column - Binding column: Ejb3JoinColumn{logicalColumnName='null', referencedColumn='null', mappedBy='bank'}
2021-11-19T10:23:40,655|[TRACE] NormalizingIdentifierHelperImpl - Normalizing identifier quoting [donations]
2021-11-19T10:23:40,656|[TRACE] NormalizingIdentifierHelperImpl - Normalizing identifier quoting [donations]
2021-11-19T10:23:40,656|[DEBUG] Ejb3Column - Binding column: Ejb3Column{table=org.hibernate.mapping.Table(blood_bank), mappingColumn=donations, insertable=true, updatable=true, unique=false}
2021-11-19T10:23:40,656|[DEBUG] Ejb3Column - Binding column: Ejb3Column{table=org.hibernate.mapping.Table(blood_bank), mappingColumn=null, insertable=true, updatable=true, unique=false}
2021-11-19T10:23:40,656|[TRACE] NormalizingIdentifierHelperImpl - Normalizing identifier quoting [element]
2021-11-19T10:23:40,656|[TRACE] NormalizingIdentifierHelperImpl - Normalizing identifier quoting [element]
2021-11-19T10:23:40,656|[DEBUG] Ejb3Column - Binding column: Ejb3Column{table=org.hibernate.mapping.Table(blood_bank), mappingColumn=element, insertable=true, updatable=true, unique=false}
2021-11-19T10:23:40,656|[TRACE] NormalizingIdentifierHelperImpl - Normalizing identifier quoting [donations_KEY]
2021-11-19T10:23:40,656|[DEBUG] Ejb3Column - Binding column: Ejb3Column{table=org.hibernate.mapping.Table(blood_bank), mappingColumn=donations_KEY, insertable=true, updatable=true, unique=false}
2021-11-19T10:23:40,656|[TRACE] NormalizingIdentifierHelperImpl - Normalizing identifier quoting [donations_KEY]
2021-11-19T10:23:40,656|[DEBUG] Ejb3Column - Binding column: Ejb3JoinColumn{logicalColumnName='donations_KEY', referencedColumn='null', mappedBy='null'}
2021-11-19T10:23:40,656|[DEBUG] Ejb3Column - Binding column: Ejb3JoinColumn{logicalColumnName='null', referencedColumn='null', mappedBy='bank'}
2021-11-19T10:23:40,656|[DEBUG] Ejb3Column - Binding column: Ejb3JoinColumn{logicalColumnName='null', referencedColumn='null', mappedBy='bank'}
2021-11-19T10:23:40,656|[DEBUG] CollectionBinder - Collection role: bloodbank.entity.BloodBank.donations
2021-11-19T10:23:40,656|[DEBUG] PropertyBinder - Building property donations
2021-11-19T10:23:40,656|[TRACE] PropertyBinder - Cascading donations with all
2021-11-19T10:23:40,656|[TRACE] AnnotationBinder - Processing annotations of bloodbank.entity.BloodBank.name
2021-11-19T10:23:40,656|[TRACE] NormalizingIdentifierHelperImpl - Normalizing identifier quoting [name]
2021-11-19T10:23:40,656|[TRACE] NormalizingIdentifierHelperImpl - Normalizing identifier quoting [name]
2021-11-19T10:23:40,656|[DEBUG] Ejb3Column - Binding column: Ejb3Column{table=org.hibernate.mapping.Table(blood_bank), mappingColumn=name, insertable=true, updatable=true, unique=false}
2021-11-19T10:23:40,656|[DEBUG] PropertyBinder - MetadataSourceProcessor property name with lazy=false
2021-11-19T10:23:40,656|[DEBUG] AbstractPropertyHolder - Attempting to locate auto-apply AttributeConverter for property [bloodbank.entity.BloodBank:name]
2021-11-19T10:23:40,662|[DEBUG] SimpleValueBinder - building SimpleValue for name
2021-11-19T10:23:40,662|[TRACE] NormalizingIdentifierHelperImpl - Normalizing identifier quoting [name]
2021-11-19T10:23:40,662|[TRACE] NormalizingIdentifierHelperImpl - Normalizing identifier quoting [name]
2021-11-19T10:23:40,662|[TRACE] NormalizingIdentifierHelperImpl - Normalizing identifier quoting [name]
2021-11-19T10:23:40,662|[DEBUG] PropertyBinder - Building property name
2021-11-19T10:23:40,662|[TRACE] PropertyBinder - Cascading name with null
2021-11-19T10:23:40,663|[DEBUG] AnnotationBinder - Binding entity from annotated class: bloodbank.entity.PrivateBloodBank
2021-11-19T10:23:40,663|[DEBUG] EntityBinder - Import with entity name PrivateBloodBank
2021-11-19T10:23:40,663|[TRACE] InFlightMetadataCollectorImpl - Import: PrivateBloodBank -> bloodbank.entity.PrivateBloodBank
2021-11-19T10:23:40,663|[TRACE] InFlightMetadataCollectorImpl - Import: bloodbank.entity.PrivateBloodBank -> bloodbank.entity.PrivateBloodBank
2021-11-19T10:23:40,663|[TRACE] NormalizingIdentifierHelperImpl - Normalizing identifier quoting [blood_bank]
2021-11-19T10:23:40,663|[DEBUG] AnnotationBinder - Binding entity from annotated class: bloodbank.entity.Address
2021-11-19T10:23:40,663|[DEBUG] QueryBinder - Binding named query: Address.findAll => SELECT a FROM Address a
2021-11-19T10:23:40,663|[TRACE] NormalizingIdentifierHelperImpl - Normalizing identifier quoting [DTYPE]
2021-11-19T10:23:40,663|[DEBUG] Ejb3Column - Binding column: Ejb3DiscriminatorColumn{logicalColumnName'DTYPE', discriminatorTypeName='string'}
2021-11-19T10:23:40,663|[DEBUG] EntityBinder - Import with entity name Address
2021-11-19T10:23:40,663|[TRACE] InFlightMetadataCollectorImpl - Import: Address -> bloodbank.entity.Address
2021-11-19T10:23:40,663|[TRACE] InFlightMetadataCollectorImpl - Import: bloodbank.entity.Address -> bloodbank.entity.Address
2021-11-19T10:23:40,663|[TRACE] NormalizingIdentifierHelperImpl - Normalizing identifier quoting [address]
2021-11-19T10:23:40,663|[TRACE] NormalizingIdentifierHelperImpl - Normalizing identifier quoting [address]
2021-11-19T10:23:40,663|[DEBUG] EntityBinder - Bind entity bloodbank.entity.Address on table address
2021-11-19T10:23:40,664|[TRACE] AnnotationBinder - Processing annotations of bloodbank.entity.Address.id
2021-11-19T10:23:40,664|[DEBUG] Ejb3Column - Column(s) overridden for property id
2021-11-19T10:23:40,664|[TRACE] NormalizingIdentifierHelperImpl - Normalizing identifier quoting [address_id]
2021-11-19T10:23:40,664|[TRACE] NormalizingIdentifierHelperImpl - Normalizing identifier quoting [address_id]
2021-11-19T10:23:40,664|[DEBUG] Ejb3Column - Binding column: Ejb3Column{table=org.hibernate.mapping.Table(address), mappingColumn=address_id, insertable=true, updatable=true, unique=false}
2021-11-19T10:23:40,664|[DEBUG] ClassLoaderAccessImpl - Not known whether passed class name [bloodbank.entity.Address] is safe
2021-11-19T10:23:40,664|[DEBUG] ClassLoaderAccessImpl - No temp ClassLoader provided; using live ClassLoader for loading potentially unsafe class : bloodbank.entity.Address
2021-11-19T10:23:40,665|[DEBUG] PropertyBinder - MetadataSourceProcessor property id with lazy=false
2021-11-19T10:23:40,665|[DEBUG] AbstractPropertyHolder - Attempting to locate auto-apply AttributeConverter for property [bloodbank.entity.Address:id]
2021-11-19T10:23:40,665|[DEBUG] SimpleValueBinder - building SimpleValue for id
2021-11-19T10:23:40,665|[TRACE] NormalizingIdentifierHelperImpl - Normalizing identifier quoting [address_id]
2021-11-19T10:23:40,665|[DEBUG] PropertyBinder - Building property id
2021-11-19T10:23:40,665|[TRACE] PropertyBinder - Cascading id with null
2021-11-19T10:23:40,665|[DEBUG] BinderHelper - #makeIdGenerator(org.hibernate.mapping.SimpleValue([org.hibernate.mapping.Column(address_id)]), id, identity, , ...)
2021-11-19T10:23:40,665|[TRACE] AnnotationBinder - Bind @Id on id
2021-11-19T10:23:40,665|[TRACE] AnnotationBinder - Processing annotations of bloodbank.entity.Address.epochCreated
2021-11-19T10:23:40,665|[TRACE] NormalizingIdentifierHelperImpl - Normalizing identifier quoting [created]
2021-11-19T10:23:40,665|[TRACE] NormalizingIdentifierHelperImpl - Normalizing identifier quoting [created]
2021-11-19T10:23:40,665|[DEBUG] Ejb3Column - Binding column: Ejb3Column{table=org.hibernate.mapping.Table(address), mappingColumn=created, insertable=true, updatable=true, unique=false}
2021-11-19T10:23:40,665|[DEBUG] PropertyBinder - MetadataSourceProcessor property epochCreated with lazy=false
2021-11-19T10:23:40,665|[DEBUG] AbstractPropertyHolder - Attempting to locate auto-apply AttributeConverter for property [bloodbank.entity.Address:epochCreated]
2021-11-19T10:23:40,665|[DEBUG] SimpleValueBinder - building SimpleValue for epochCreated
2021-11-19T10:23:40,665|[TRACE] NormalizingIdentifierHelperImpl - Normalizing identifier quoting [created]
2021-11-19T10:23:40,665|[DEBUG] PropertyBinder - Building property epochCreated
2021-11-19T10:23:40,665|[TRACE] PropertyBinder - Cascading epochCreated with null
2021-11-19T10:23:40,666|[TRACE] AnnotationBinder - Processing annotations of bloodbank.entity.Address.epochUpdated
2021-11-19T10:23:40,666|[TRACE] NormalizingIdentifierHelperImpl - Normalizing identifier quoting [updated]
2021-11-19T10:23:40,666|[TRACE] NormalizingIdentifierHelperImpl - Normalizing identifier quoting [updated]
2021-11-19T10:23:40,666|[DEBUG] Ejb3Column - Binding column: Ejb3Column{table=org.hibernate.mapping.Table(address), mappingColumn=updated, insertable=true, updatable=true, unique=false}
2021-11-19T10:23:40,666|[DEBUG] PropertyBinder - MetadataSourceProcessor property epochUpdated with lazy=false
2021-11-19T10:23:40,666|[DEBUG] AbstractPropertyHolder - Attempting to locate auto-apply AttributeConverter for property [bloodbank.entity.Address:epochUpdated]
2021-11-19T10:23:40,666|[DEBUG] SimpleValueBinder - building SimpleValue for epochUpdated
2021-11-19T10:23:40,666|[TRACE] NormalizingIdentifierHelperImpl - Normalizing identifier quoting [updated]
2021-11-19T10:23:40,666|[DEBUG] PropertyBinder - Building property epochUpdated
2021-11-19T10:23:40,666|[TRACE] PropertyBinder - Cascading epochUpdated with null
2021-11-19T10:23:40,666|[TRACE] AnnotationBinder - Processing annotations of bloodbank.entity.Address.version
2021-11-19T10:23:40,666|[TRACE] NormalizingIdentifierHelperImpl - Normalizing identifier quoting [version]
2021-11-19T10:23:40,666|[TRACE] NormalizingIdentifierHelperImpl - Normalizing identifier quoting [version]
2021-11-19T10:23:40,666|[DEBUG] Ejb3Column - Binding column: Ejb3Column{table=org.hibernate.mapping.Table(address), mappingColumn=version, insertable=true, updatable=true, unique=false}
2021-11-19T10:23:40,666|[TRACE] AnnotationBinder - version is a version property
2021-11-19T10:23:40,666|[DEBUG] PropertyBinder - MetadataSourceProcessor property version with lazy=false
2021-11-19T10:23:40,666|[DEBUG] AbstractPropertyHolder - Attempting to locate auto-apply AttributeConverter for property [bloodbank.entity.Address:version]
2021-11-19T10:23:40,666|[DEBUG] SimpleValueBinder - building SimpleValue for version
2021-11-19T10:23:40,666|[TRACE] NormalizingIdentifierHelperImpl - Normalizing identifier quoting [version]
2021-11-19T10:23:40,666|[TRACE] NormalizingIdentifierHelperImpl - Normalizing identifier quoting [version]
2021-11-19T10:23:40,666|[TRACE] NormalizingIdentifierHelperImpl - Normalizing identifier quoting [version]
2021-11-19T10:23:40,666|[DEBUG] PropertyBinder - Building property version
2021-11-19T10:23:40,666|[TRACE] PropertyBinder - Cascading version with null
2021-11-19T10:23:40,667|[TRACE] AnnotationBinder - Version name: version, unsavedValue: undefined
2021-11-19T10:23:40,667|[TRACE] AnnotationBinder - Processing annotations of bloodbank.entity.Address.city
2021-11-19T10:23:40,667|[TRACE] NormalizingIdentifierHelperImpl - Normalizing identifier quoting [city]
2021-11-19T10:23:40,667|[TRACE] NormalizingIdentifierHelperImpl - Normalizing identifier quoting [city]
2021-11-19T10:23:40,667|[DEBUG] Ejb3Column - Binding column: Ejb3Column{table=org.hibernate.mapping.Table(address), mappingColumn=city, insertable=true, updatable=true, unique=false}
2021-11-19T10:23:40,667|[DEBUG] PropertyBinder - MetadataSourceProcessor property city with lazy=false
2021-11-19T10:23:40,667|[DEBUG] AbstractPropertyHolder - Attempting to locate auto-apply AttributeConverter for property [bloodbank.entity.Address:city]
2021-11-19T10:23:40,667|[DEBUG] SimpleValueBinder - building SimpleValue for city
2021-11-19T10:23:40,667|[TRACE] NormalizingIdentifierHelperImpl - Normalizing identifier quoting [city]
2021-11-19T10:23:40,667|[TRACE] NormalizingIdentifierHelperImpl - Normalizing identifier quoting [city]
2021-11-19T10:23:40,667|[TRACE] NormalizingIdentifierHelperImpl - Normalizing identifier quoting [city]
2021-11-19T10:23:40,667|[DEBUG] PropertyBinder - Building property city
2021-11-19T10:23:40,667|[TRACE] PropertyBinder - Cascading city with null
2021-11-19T10:23:40,667|[TRACE] AnnotationBinder - Processing annotations of bloodbank.entity.Address.contacts
2021-11-19T10:23:40,667|[TRACE] NormalizingIdentifierHelperImpl - Normalizing identifier quoting [address_id]
2021-11-19T10:23:40,667|[DEBUG] Ejb3Column - Binding column: Ejb3JoinColumn{logicalColumnName='address_id', referencedColumn='address_id', mappedBy=''}
2021-11-19T10:23:40,667|[TRACE] NormalizingIdentifierHelperImpl - Normalizing identifier quoting [contacts]
2021-11-19T10:23:40,667|[TRACE] NormalizingIdentifierHelperImpl - Normalizing identifier quoting [contacts]
2021-11-19T10:23:40,667|[DEBUG] Ejb3Column - Binding column: Ejb3Column{table=org.hibernate.mapping.Table(address), mappingColumn=contacts, insertable=true, updatable=true, unique=false}
2021-11-19T10:23:40,667|[DEBUG] Ejb3Column - Binding column: Ejb3Column{table=org.hibernate.mapping.Table(address), mappingColumn=null, insertable=true, updatable=true, unique=false}
2021-11-19T10:23:40,667|[TRACE] NormalizingIdentifierHelperImpl - Normalizing identifier quoting [element]
2021-11-19T10:23:40,667|[TRACE] NormalizingIdentifierHelperImpl - Normalizing identifier quoting [element]
2021-11-19T10:23:40,667|[DEBUG] Ejb3Column - Binding column: Ejb3Column{table=org.hibernate.mapping.Table(address), mappingColumn=element, insertable=true, updatable=true, unique=false}
2021-11-19T10:23:40,667|[TRACE] NormalizingIdentifierHelperImpl - Normalizing identifier quoting [contacts_KEY]
2021-11-19T10:23:40,667|[DEBUG] Ejb3Column - Binding column: Ejb3Column{table=org.hibernate.mapping.Table(address), mappingColumn=contacts_KEY, insertable=true, updatable=true, unique=false}
2021-11-19T10:23:40,667|[TRACE] NormalizingIdentifierHelperImpl - Normalizing identifier quoting [contacts_KEY]
2021-11-19T10:23:40,667|[DEBUG] Ejb3Column - Binding column: Ejb3JoinColumn{logicalColumnName='contacts_KEY', referencedColumn='null', mappedBy='null'}
2021-11-19T10:23:40,667|[DEBUG] Ejb3Column - Binding column: Ejb3JoinColumn{logicalColumnName='null', referencedColumn='null', mappedBy=''}
2021-11-19T10:23:40,667|[DEBUG] Ejb3Column - Binding column: Ejb3JoinColumn{logicalColumnName='null', referencedColumn='null', mappedBy=''}
2021-11-19T10:23:40,667|[DEBUG] CollectionBinder - Collection role: bloodbank.entity.Address.contacts
2021-11-19T10:23:40,667|[DEBUG] PropertyBinder - Building property contacts
2021-11-19T10:23:40,667|[TRACE] PropertyBinder - Cascading contacts with none
2021-11-19T10:23:40,667|[TRACE] AnnotationBinder - Processing annotations of bloodbank.entity.Address.country
2021-11-19T10:23:40,667|[TRACE] NormalizingIdentifierHelperImpl - Normalizing identifier quoting [country]
2021-11-19T10:23:40,667|[TRACE] NormalizingIdentifierHelperImpl - Normalizing identifier quoting [country]
2021-11-19T10:23:40,667|[DEBUG] Ejb3Column - Binding column: Ejb3Column{table=org.hibernate.mapping.Table(address), mappingColumn=country, insertable=true, updatable=true, unique=false}
2021-11-19T10:23:40,667|[DEBUG] PropertyBinder - MetadataSourceProcessor property country with lazy=false
2021-11-19T10:23:40,667|[DEBUG] AbstractPropertyHolder - Attempting to locate auto-apply AttributeConverter for property [bloodbank.entity.Address:country]
2021-11-19T10:23:40,667|[DEBUG] SimpleValueBinder - building SimpleValue for country
2021-11-19T10:23:40,668|[TRACE] NormalizingIdentifierHelperImpl - Normalizing identifier quoting [country]
2021-11-19T10:23:40,668|[TRACE] NormalizingIdentifierHelperImpl - Normalizing identifier quoting [country]
2021-11-19T10:23:40,668|[TRACE] NormalizingIdentifierHelperImpl - Normalizing identifier quoting [country]
2021-11-19T10:23:40,668|[DEBUG] PropertyBinder - Building property country
2021-11-19T10:23:40,668|[TRACE] PropertyBinder - Cascading country with null
2021-11-19T10:23:40,668|[TRACE] AnnotationBinder - Processing annotations of bloodbank.entity.Address.province
2021-11-19T10:23:40,668|[TRACE] NormalizingIdentifierHelperImpl - Normalizing identifier quoting [province]
2021-11-19T10:23:40,668|[TRACE] NormalizingIdentifierHelperImpl - Normalizing identifier quoting [province]
2021-11-19T10:23:40,668|[DEBUG] Ejb3Column - Binding column: Ejb3Column{table=org.hibernate.mapping.Table(address), mappingColumn=province, insertable=true, updatable=true, unique=false}
2021-11-19T10:23:40,668|[DEBUG] PropertyBinder - MetadataSourceProcessor property province with lazy=false
2021-11-19T10:23:40,668|[DEBUG] AbstractPropertyHolder - Attempting to locate auto-apply AttributeConverter for property [bloodbank.entity.Address:province]
2021-11-19T10:23:40,668|[DEBUG] SimpleValueBinder - building SimpleValue for province
2021-11-19T10:23:40,668|[TRACE] NormalizingIdentifierHelperImpl - Normalizing identifier quoting [province]
2021-11-19T10:23:40,668|[TRACE] NormalizingIdentifierHelperImpl - Normalizing identifier quoting [province]
2021-11-19T10:23:40,668|[TRACE] NormalizingIdentifierHelperImpl - Normalizing identifier quoting [province]
2021-11-19T10:23:40,668|[DEBUG] PropertyBinder - Building property province
2021-11-19T10:23:40,668|[TRACE] PropertyBinder - Cascading province with null
2021-11-19T10:23:40,668|[TRACE] AnnotationBinder - Processing annotations of bloodbank.entity.Address.street
2021-11-19T10:23:40,668|[TRACE] NormalizingIdentifierHelperImpl - Normalizing identifier quoting [street]
2021-11-19T10:23:40,668|[TRACE] NormalizingIdentifierHelperImpl - Normalizing identifier quoting [street]
2021-11-19T10:23:40,668|[DEBUG] Ejb3Column - Binding column: Ejb3Column{table=org.hibernate.mapping.Table(address), mappingColumn=street, insertable=true, updatable=true, unique=false}
2021-11-19T10:23:40,668|[DEBUG] PropertyBinder - MetadataSourceProcessor property street with lazy=false
2021-11-19T10:23:40,668|[DEBUG] AbstractPropertyHolder - Attempting to locate auto-apply AttributeConverter for property [bloodbank.entity.Address:street]
2021-11-19T10:23:40,668|[DEBUG] SimpleValueBinder - building SimpleValue for street
2021-11-19T10:23:40,668|[TRACE] NormalizingIdentifierHelperImpl - Normalizing identifier quoting [street]
2021-11-19T10:23:40,668|[TRACE] NormalizingIdentifierHelperImpl - Normalizing identifier quoting [street]
2021-11-19T10:23:40,668|[TRACE] NormalizingIdentifierHelperImpl - Normalizing identifier quoting [street]
2021-11-19T10:23:40,668|[DEBUG] PropertyBinder - Building property street
2021-11-19T10:23:40,668|[TRACE] PropertyBinder - Cascading street with null
2021-11-19T10:23:40,668|[TRACE] AnnotationBinder - Processing annotations of bloodbank.entity.Address.streetNumber
2021-11-19T10:23:40,668|[TRACE] NormalizingIdentifierHelperImpl - Normalizing identifier quoting [street_number]
2021-11-19T10:23:40,668|[TRACE] NormalizingIdentifierHelperImpl - Normalizing identifier quoting [street_number]
2021-11-19T10:23:40,668|[DEBUG] Ejb3Column - Binding column: Ejb3Column{table=org.hibernate.mapping.Table(address), mappingColumn=street_number, insertable=true, updatable=true, unique=false}
2021-11-19T10:23:40,668|[DEBUG] PropertyBinder - MetadataSourceProcessor property streetNumber with lazy=false
2021-11-19T10:23:40,668|[DEBUG] AbstractPropertyHolder - Attempting to locate auto-apply AttributeConverter for property [bloodbank.entity.Address:streetNumber]
2021-11-19T10:23:40,668|[DEBUG] SimpleValueBinder - building SimpleValue for streetNumber
2021-11-19T10:23:40,668|[TRACE] NormalizingIdentifierHelperImpl - Normalizing identifier quoting [street_number]
2021-11-19T10:23:40,668|[DEBUG] PropertyBinder - Building property streetNumber
2021-11-19T10:23:40,668|[TRACE] PropertyBinder - Cascading streetNumber with null
2021-11-19T10:23:40,668|[TRACE] AnnotationBinder - Processing annotations of bloodbank.entity.Address.zipcode
2021-11-19T10:23:40,668|[TRACE] NormalizingIdentifierHelperImpl - Normalizing identifier quoting [zipcode]
2021-11-19T10:23:40,668|[TRACE] NormalizingIdentifierHelperImpl - Normalizing identifier quoting [zipcode]
2021-11-19T10:23:40,668|[DEBUG] Ejb3Column - Binding column: Ejb3Column{table=org.hibernate.mapping.Table(address), mappingColumn=zipcode, insertable=true, updatable=true, unique=false}
2021-11-19T10:23:40,668|[DEBUG] PropertyBinder - MetadataSourceProcessor property zipcode with lazy=false
2021-11-19T10:23:40,668|[DEBUG] AbstractPropertyHolder - Attempting to locate auto-apply AttributeConverter for property [bloodbank.entity.Address:zipcode]
2021-11-19T10:23:40,668|[DEBUG] SimpleValueBinder - building SimpleValue for zipcode
2021-11-19T10:23:40,668|[TRACE] NormalizingIdentifierHelperImpl - Normalizing identifier quoting [zipcode]
2021-11-19T10:23:40,668|[TRACE] NormalizingIdentifierHelperImpl - Normalizing identifier quoting [zipcode]
2021-11-19T10:23:40,668|[TRACE] NormalizingIdentifierHelperImpl - Normalizing identifier quoting [zipcode]
2021-11-19T10:23:40,668|[DEBUG] PropertyBinder - Building property zipcode
2021-11-19T10:23:40,669|[TRACE] PropertyBinder - Cascading zipcode with null
2021-11-19T10:23:40,669|[DEBUG] AnnotationBinder - Binding entity from annotated class: bloodbank.entity.Person
2021-11-19T10:23:40,669|[TRACE] NormalizingIdentifierHelperImpl - Normalizing identifier quoting [DTYPE]
2021-11-19T10:23:40,669|[DEBUG] Ejb3Column - Binding column: Ejb3DiscriminatorColumn{logicalColumnName'DTYPE', discriminatorTypeName='string'}
2021-11-19T10:23:40,669|[DEBUG] EntityBinder - Import with entity name Person
2021-11-19T10:23:40,669|[TRACE] InFlightMetadataCollectorImpl - Import: Person -> bloodbank.entity.Person
2021-11-19T10:23:40,669|[TRACE] InFlightMetadataCollectorImpl - Import: bloodbank.entity.Person -> bloodbank.entity.Person
2021-11-19T10:23:40,669|[TRACE] NormalizingIdentifierHelperImpl - Normalizing identifier quoting [person]
2021-11-19T10:23:40,669|[TRACE] NormalizingIdentifierHelperImpl - Normalizing identifier quoting [person]
2021-11-19T10:23:40,669|[DEBUG] EntityBinder - Bind entity bloodbank.entity.Person on table person
2021-11-19T10:23:40,669|[TRACE] AnnotationBinder - Processing annotations of bloodbank.entity.Person.id
2021-11-19T10:23:40,669|[TRACE] NormalizingIdentifierHelperImpl - Normalizing identifier quoting [id]
2021-11-19T10:23:40,669|[TRACE] NormalizingIdentifierHelperImpl - Normalizing identifier quoting [id]
2021-11-19T10:23:40,669|[DEBUG] Ejb3Column - Binding column: Ejb3Column{table=org.hibernate.mapping.Table(person), mappingColumn=id, insertable=true, updatable=true, unique=false}
2021-11-19T10:23:40,669|[DEBUG] ClassLoaderAccessImpl - Not known whether passed class name [bloodbank.entity.Person] is safe
2021-11-19T10:23:40,669|[DEBUG] ClassLoaderAccessImpl - No temp ClassLoader provided; using live ClassLoader for loading potentially unsafe class : bloodbank.entity.Person
2021-11-19T10:23:40,669|[DEBUG] PropertyBinder - MetadataSourceProcessor property id with lazy=false
2021-11-19T10:23:40,669|[DEBUG] AbstractPropertyHolder - Attempting to locate auto-apply AttributeConverter for property [bloodbank.entity.Person:id]
2021-11-19T10:23:40,669|[DEBUG] SimpleValueBinder - building SimpleValue for id
2021-11-19T10:23:40,669|[TRACE] NormalizingIdentifierHelperImpl - Normalizing identifier quoting [id]
2021-11-19T10:23:40,669|[TRACE] NormalizingIdentifierHelperImpl - Normalizing identifier quoting [id]
2021-11-19T10:23:40,669|[TRACE] NormalizingIdentifierHelperImpl - Normalizing identifier quoting [id]
2021-11-19T10:23:40,669|[DEBUG] PropertyBinder - Building property id
2021-11-19T10:23:40,669|[TRACE] PropertyBinder - Cascading id with null
2021-11-19T10:23:40,669|[DEBUG] BinderHelper - #makeIdGenerator(org.hibernate.mapping.SimpleValue([org.hibernate.mapping.Column(id)]), id, identity, , ...)
2021-11-19T10:23:40,669|[TRACE] AnnotationBinder - Bind @Id on id
2021-11-19T10:23:40,669|[TRACE] AnnotationBinder - Processing annotations of bloodbank.entity.Person.epochCreated
2021-11-19T10:23:40,669|[TRACE] NormalizingIdentifierHelperImpl - Normalizing identifier quoting [created]
2021-11-19T10:23:40,669|[TRACE] NormalizingIdentifierHelperImpl - Normalizing identifier quoting [created]
2021-11-19T10:23:40,669|[DEBUG] Ejb3Column - Binding column: Ejb3Column{table=org.hibernate.mapping.Table(person), mappingColumn=created, insertable=true, updatable=true, unique=false}
2021-11-19T10:23:40,669|[DEBUG] PropertyBinder - MetadataSourceProcessor property epochCreated with lazy=false
2021-11-19T10:23:40,669|[DEBUG] AbstractPropertyHolder - Attempting to locate auto-apply AttributeConverter for property [bloodbank.entity.Person:epochCreated]
2021-11-19T10:23:40,670|[DEBUG] SimpleValueBinder - building SimpleValue for epochCreated
2021-11-19T10:23:40,670|[TRACE] NormalizingIdentifierHelperImpl - Normalizing identifier quoting [created]
2021-11-19T10:23:40,670|[DEBUG] PropertyBinder - Building property epochCreated
2021-11-19T10:23:40,670|[TRACE] PropertyBinder - Cascading epochCreated with null
2021-11-19T10:23:40,670|[TRACE] AnnotationBinder - Processing annotations of bloodbank.entity.Person.epochUpdated
2021-11-19T10:23:40,670|[TRACE] NormalizingIdentifierHelperImpl - Normalizing identifier quoting [updated]
2021-11-19T10:23:40,670|[TRACE] NormalizingIdentifierHelperImpl - Normalizing identifier quoting [updated]
2021-11-19T10:23:40,670|[DEBUG] Ejb3Column - Binding column: Ejb3Column{table=org.hibernate.mapping.Table(person), mappingColumn=updated, insertable=true, updatable=true, unique=false}
2021-11-19T10:23:40,670|[DEBUG] PropertyBinder - MetadataSourceProcessor property epochUpdated with lazy=false
2021-11-19T10:23:40,670|[DEBUG] AbstractPropertyHolder - Attempting to locate auto-apply AttributeConverter for property [bloodbank.entity.Person:epochUpdated]
2021-11-19T10:23:40,670|[DEBUG] SimpleValueBinder - building SimpleValue for epochUpdated
2021-11-19T10:23:40,670|[TRACE] NormalizingIdentifierHelperImpl - Normalizing identifier quoting [updated]
2021-11-19T10:23:40,670|[DEBUG] PropertyBinder - Building property epochUpdated
2021-11-19T10:23:40,670|[TRACE] PropertyBinder - Cascading epochUpdated with null
2021-11-19T10:23:40,670|[TRACE] AnnotationBinder - Processing annotations of bloodbank.entity.Person.version
2021-11-19T10:23:40,670|[TRACE] NormalizingIdentifierHelperImpl - Normalizing identifier quoting [version]
2021-11-19T10:23:40,670|[TRACE] NormalizingIdentifierHelperImpl - Normalizing identifier quoting [version]
2021-11-19T10:23:40,670|[DEBUG] Ejb3Column - Binding column: Ejb3Column{table=org.hibernate.mapping.Table(person), mappingColumn=version, insertable=true, updatable=true, unique=false}
2021-11-19T10:23:40,670|[TRACE] AnnotationBinder - version is a version property
2021-11-19T10:23:40,670|[DEBUG] PropertyBinder - MetadataSourceProcessor property version with lazy=false
2021-11-19T10:23:40,670|[DEBUG] AbstractPropertyHolder - Attempting to locate auto-apply AttributeConverter for property [bloodbank.entity.Person:version]
2021-11-19T10:23:40,670|[DEBUG] SimpleValueBinder - building SimpleValue for version
2021-11-19T10:23:40,670|[TRACE] NormalizingIdentifierHelperImpl - Normalizing identifier quoting [version]
2021-11-19T10:23:40,670|[TRACE] NormalizingIdentifierHelperImpl - Normalizing identifier quoting [version]
2021-11-19T10:23:40,670|[TRACE] NormalizingIdentifierHelperImpl - Normalizing identifier quoting [version]
2021-11-19T10:23:40,670|[DEBUG] PropertyBinder - Building property version
2021-11-19T10:23:40,670|[TRACE] PropertyBinder - Cascading version with null
2021-11-19T10:23:40,670|[TRACE] AnnotationBinder - Version name: version, unsavedValue: undefined
2021-11-19T10:23:40,670|[TRACE] AnnotationBinder - Processing annotations of bloodbank.entity.Person.contacts
2021-11-19T10:23:40,670|[DEBUG] Ejb3Column - Binding column: Ejb3JoinColumn{logicalColumnName='null', referencedColumn='null', mappedBy='owner'}
2021-11-19T10:23:40,670|[TRACE] NormalizingIdentifierHelperImpl - Normalizing identifier quoting [contacts]
2021-11-19T10:23:40,670|[TRACE] NormalizingIdentifierHelperImpl - Normalizing identifier quoting [contacts]
2021-11-19T10:23:40,670|[DEBUG] Ejb3Column - Binding column: Ejb3Column{table=org.hibernate.mapping.Table(person), mappingColumn=contacts, insertable=true, updatable=true, unique=false}
2021-11-19T10:23:40,670|[DEBUG] Ejb3Column - Binding column: Ejb3Column{table=org.hibernate.mapping.Table(person), mappingColumn=null, insertable=true, updatable=true, unique=false}
2021-11-19T10:23:40,670|[TRACE] NormalizingIdentifierHelperImpl - Normalizing identifier quoting [element]
2021-11-19T10:23:40,670|[TRACE] NormalizingIdentifierHelperImpl - Normalizing identifier quoting [element]
2021-11-19T10:23:40,670|[DEBUG] Ejb3Column - Binding column: Ejb3Column{table=org.hibernate.mapping.Table(person), mappingColumn=element, insertable=true, updatable=true, unique=false}
2021-11-19T10:23:40,670|[TRACE] NormalizingIdentifierHelperImpl - Normalizing identifier quoting [contacts_KEY]
2021-11-19T10:23:40,670|[DEBUG] Ejb3Column - Binding column: Ejb3Column{table=org.hibernate.mapping.Table(person), mappingColumn=contacts_KEY, insertable=true, updatable=true, unique=false}
2021-11-19T10:23:40,670|[TRACE] NormalizingIdentifierHelperImpl - Normalizing identifier quoting [contacts_KEY]
2021-11-19T10:23:40,670|[DEBUG] Ejb3Column - Binding column: Ejb3JoinColumn{logicalColumnName='contacts_KEY', referencedColumn='null', mappedBy='null'}
2021-11-19T10:23:40,671|[DEBUG] Ejb3Column - Binding column: Ejb3JoinColumn{logicalColumnName='null', referencedColumn='null', mappedBy='owner'}
2021-11-19T10:23:40,671|[DEBUG] Ejb3Column - Binding column: Ejb3JoinColumn{logicalColumnName='null', referencedColumn='null', mappedBy='owner'}
2021-11-19T10:23:40,671|[DEBUG] CollectionBinder - Collection role: bloodbank.entity.Person.contacts
2021-11-19T10:23:40,671|[DEBUG] PropertyBinder - Building property contacts
2021-11-19T10:23:40,671|[TRACE] PropertyBinder - Cascading contacts with persist,merge,refresh,evict
2021-11-19T10:23:40,671|[TRACE] AnnotationBinder - Processing annotations of bloodbank.entity.Person.donations
2021-11-19T10:23:40,671|[DEBUG] Ejb3Column - Binding column: Ejb3JoinColumn{logicalColumnName='null', referencedColumn='null', mappedBy='owner'}
2021-11-19T10:23:40,671|[TRACE] NormalizingIdentifierHelperImpl - Normalizing identifier quoting [donations]
2021-11-19T10:23:40,671|[TRACE] NormalizingIdentifierHelperImpl - Normalizing identifier quoting [donations]
2021-11-19T10:23:40,671|[DEBUG] Ejb3Column - Binding column: Ejb3Column{table=org.hibernate.mapping.Table(person), mappingColumn=donations, insertable=true, updatable=true, unique=false}
2021-11-19T10:23:40,671|[DEBUG] Ejb3Column - Binding column: Ejb3Column{table=org.hibernate.mapping.Table(person), mappingColumn=null, insertable=true, updatable=true, unique=false}
2021-11-19T10:23:40,671|[TRACE] NormalizingIdentifierHelperImpl - Normalizing identifier quoting [element]
2021-11-19T10:23:40,671|[TRACE] NormalizingIdentifierHelperImpl - Normalizing identifier quoting [element]
2021-11-19T10:23:40,671|[DEBUG] Ejb3Column - Binding column: Ejb3Column{table=org.hibernate.mapping.Table(person), mappingColumn=element, insertable=true, updatable=true, unique=false}
2021-11-19T10:23:40,671|[TRACE] NormalizingIdentifierHelperImpl - Normalizing identifier quoting [donations_KEY]
2021-11-19T10:23:40,671|[DEBUG] Ejb3Column - Binding column: Ejb3Column{table=org.hibernate.mapping.Table(person), mappingColumn=donations_KEY, insertable=true, updatable=true, unique=false}
2021-11-19T10:23:40,671|[TRACE] NormalizingIdentifierHelperImpl - Normalizing identifier quoting [donations_KEY]
2021-11-19T10:23:40,671|[DEBUG] Ejb3Column - Binding column: Ejb3JoinColumn{logicalColumnName='donations_KEY', referencedColumn='null', mappedBy='null'}
2021-11-19T10:23:40,671|[DEBUG] Ejb3Column - Binding column: Ejb3JoinColumn{logicalColumnName='null', referencedColumn='null', mappedBy='owner'}
2021-11-19T10:23:40,671|[DEBUG] Ejb3Column - Binding column: Ejb3JoinColumn{logicalColumnName='null', referencedColumn='null', mappedBy='owner'}
2021-11-19T10:23:40,671|[DEBUG] CollectionBinder - Collection role: bloodbank.entity.Person.donations
2021-11-19T10:23:40,671|[DEBUG] PropertyBinder - Building property donations
2021-11-19T10:23:40,671|[TRACE] PropertyBinder - Cascading donations with persist,merge,refresh,evict
2021-11-19T10:23:40,671|[TRACE] AnnotationBinder - Processing annotations of bloodbank.entity.Person.firstName
2021-11-19T10:23:40,671|[TRACE] NormalizingIdentifierHelperImpl - Normalizing identifier quoting [first_name]
2021-11-19T10:23:40,671|[TRACE] NormalizingIdentifierHelperImpl - Normalizing identifier quoting [first_name]
2021-11-19T10:23:40,671|[DEBUG] Ejb3Column - Binding column: Ejb3Column{table=org.hibernate.mapping.Table(person), mappingColumn=first_name, insertable=true, updatable=true, unique=false}
2021-11-19T10:23:40,671|[DEBUG] PropertyBinder - MetadataSourceProcessor property firstName with lazy=false
2021-11-19T10:23:40,671|[DEBUG] AbstractPropertyHolder - Attempting to locate auto-apply AttributeConverter for property [bloodbank.entity.Person:firstName]
2021-11-19T10:23:40,671|[DEBUG] SimpleValueBinder - building SimpleValue for firstName
2021-11-19T10:23:40,671|[TRACE] NormalizingIdentifierHelperImpl - Normalizing identifier quoting [first_name]
2021-11-19T10:23:40,671|[DEBUG] PropertyBinder - Building property firstName
2021-11-19T10:23:40,671|[TRACE] PropertyBinder - Cascading firstName with null
2021-11-19T10:23:40,671|[TRACE] AnnotationBinder - Processing annotations of bloodbank.entity.Person.lastName
2021-11-19T10:23:40,671|[TRACE] NormalizingIdentifierHelperImpl - Normalizing identifier quoting [last_name]
2021-11-19T10:23:40,671|[TRACE] NormalizingIdentifierHelperImpl - Normalizing identifier quoting [last_name]
2021-11-19T10:23:40,672|[DEBUG] Ejb3Column - Binding column: Ejb3Column{table=org.hibernate.mapping.Table(person), mappingColumn=last_name, insertable=true, updatable=true, unique=false}
2021-11-19T10:23:40,672|[DEBUG] PropertyBinder - MetadataSourceProcessor property lastName with lazy=false
2021-11-19T10:23:40,672|[DEBUG] AbstractPropertyHolder - Attempting to locate auto-apply AttributeConverter for property [bloodbank.entity.Person:lastName]
2021-11-19T10:23:40,672|[DEBUG] SimpleValueBinder - building SimpleValue for lastName
2021-11-19T10:23:40,672|[TRACE] NormalizingIdentifierHelperImpl - Normalizing identifier quoting [last_name]
2021-11-19T10:23:40,672|[DEBUG] PropertyBinder - Building property lastName
2021-11-19T10:23:40,672|[TRACE] PropertyBinder - Cascading lastName with null
2021-11-19T10:23:40,672|[DEBUG] AnnotationBinder - Binding entity from annotated class: bloodbank.entity.PublicBloodBank
2021-11-19T10:23:40,672|[DEBUG] EntityBinder - Import with entity name PublicBloodBank
2021-11-19T10:23:40,672|[TRACE] InFlightMetadataCollectorImpl - Import: PublicBloodBank -> bloodbank.entity.PublicBloodBank
2021-11-19T10:23:40,672|[TRACE] InFlightMetadataCollectorImpl - Import: bloodbank.entity.PublicBloodBank -> bloodbank.entity.PublicBloodBank
2021-11-19T10:23:40,672|[TRACE] NormalizingIdentifierHelperImpl - Normalizing identifier quoting [blood_bank]
2021-11-19T10:23:40,672|[DEBUG] AnnotationBinder - Binding entity from annotated class: bloodbank.entity.DonationRecord
2021-11-19T10:23:40,672|[TRACE] NormalizingIdentifierHelperImpl - Normalizing identifier quoting [DTYPE]
2021-11-19T10:23:40,672|[DEBUG] Ejb3Column - Binding column: Ejb3DiscriminatorColumn{logicalColumnName'DTYPE', discriminatorTypeName='string'}
2021-11-19T10:23:40,672|[DEBUG] EntityBinder - Import with entity name DonationRecord
2021-11-19T10:23:40,672|[TRACE] InFlightMetadataCollectorImpl - Import: DonationRecord -> bloodbank.entity.DonationRecord
2021-11-19T10:23:40,672|[TRACE] InFlightMetadataCollectorImpl - Import: bloodbank.entity.DonationRecord -> bloodbank.entity.DonationRecord
2021-11-19T10:23:40,672|[TRACE] NormalizingIdentifierHelperImpl - Normalizing identifier quoting [donation_record]
2021-11-19T10:23:40,672|[TRACE] NormalizingIdentifierHelperImpl - Normalizing identifier quoting [donation_record]
2021-11-19T10:23:40,672|[DEBUG] EntityBinder - Bind entity bloodbank.entity.DonationRecord on table donation_record
2021-11-19T10:23:40,673|[TRACE] AnnotationBinder - Processing annotations of bloodbank.entity.DonationRecord.id
2021-11-19T10:23:40,673|[DEBUG] Ejb3Column - Column(s) overridden for property id
2021-11-19T10:23:40,673|[TRACE] NormalizingIdentifierHelperImpl - Normalizing identifier quoting [record_id]
2021-11-19T10:23:40,673|[TRACE] NormalizingIdentifierHelperImpl - Normalizing identifier quoting [record_id]
2021-11-19T10:23:40,673|[DEBUG] Ejb3Column - Binding column: Ejb3Column{table=org.hibernate.mapping.Table(donation_record), mappingColumn=record_id, insertable=true, updatable=true, unique=false}
2021-11-19T10:23:40,673|[DEBUG] ClassLoaderAccessImpl - Not known whether passed class name [bloodbank.entity.DonationRecord] is safe
2021-11-19T10:23:40,673|[DEBUG] ClassLoaderAccessImpl - No temp ClassLoader provided; using live ClassLoader for loading potentially unsafe class : bloodbank.entity.DonationRecord
2021-11-19T10:23:40,673|[DEBUG] PropertyBinder - MetadataSourceProcessor property id with lazy=false
2021-11-19T10:23:40,673|[DEBUG] AbstractPropertyHolder - Attempting to locate auto-apply AttributeConverter for property [bloodbank.entity.DonationRecord:id]
2021-11-19T10:23:40,673|[DEBUG] SimpleValueBinder - building SimpleValue for id
2021-11-19T10:23:40,673|[TRACE] NormalizingIdentifierHelperImpl - Normalizing identifier quoting [record_id]
2021-11-19T10:23:40,673|[DEBUG] PropertyBinder - Building property id
2021-11-19T10:23:40,673|[TRACE] PropertyBinder - Cascading id with null
2021-11-19T10:23:40,673|[DEBUG] BinderHelper - #makeIdGenerator(org.hibernate.mapping.SimpleValue([org.hibernate.mapping.Column(record_id)]), id, identity, , ...)
2021-11-19T10:23:40,673|[TRACE] AnnotationBinder - Bind @Id on id
2021-11-19T10:23:40,673|[TRACE] AnnotationBinder - Processing annotations of bloodbank.entity.DonationRecord.epochCreated
2021-11-19T10:23:40,673|[TRACE] NormalizingIdentifierHelperImpl - Normalizing identifier quoting [created]
2021-11-19T10:23:40,673|[TRACE] NormalizingIdentifierHelperImpl - Normalizing identifier quoting [created]
2021-11-19T10:23:40,673|[DEBUG] Ejb3Column - Binding column: Ejb3Column{table=org.hibernate.mapping.Table(donation_record), mappingColumn=created, insertable=true, updatable=true, unique=false}
2021-11-19T10:23:40,673|[DEBUG] PropertyBinder - MetadataSourceProcessor property epochCreated with lazy=false
2021-11-19T10:23:40,673|[DEBUG] AbstractPropertyHolder - Attempting to locate auto-apply AttributeConverter for property [bloodbank.entity.DonationRecord:epochCreated]
2021-11-19T10:23:40,673|[DEBUG] SimpleValueBinder - building SimpleValue for epochCreated
2021-11-19T10:23:40,673|[TRACE] NormalizingIdentifierHelperImpl - Normalizing identifier quoting [created]
2021-11-19T10:23:40,673|[DEBUG] PropertyBinder - Building property epochCreated
2021-11-19T10:23:40,673|[TRACE] PropertyBinder - Cascading epochCreated with null
2021-11-19T10:23:40,673|[TRACE] AnnotationBinder - Processing annotations of bloodbank.entity.DonationRecord.epochUpdated
2021-11-19T10:23:40,673|[TRACE] NormalizingIdentifierHelperImpl - Normalizing identifier quoting [updated]
2021-11-19T10:23:40,673|[TRACE] NormalizingIdentifierHelperImpl - Normalizing identifier quoting [updated]
2021-11-19T10:23:40,673|[DEBUG] Ejb3Column - Binding column: Ejb3Column{table=org.hibernate.mapping.Table(donation_record), mappingColumn=updated, insertable=true, updatable=true, unique=false}
2021-11-19T10:23:40,673|[DEBUG] PropertyBinder - MetadataSourceProcessor property epochUpdated with lazy=false
2021-11-19T10:23:40,673|[DEBUG] AbstractPropertyHolder - Attempting to locate auto-apply AttributeConverter for property [bloodbank.entity.DonationRecord:epochUpdated]
2021-11-19T10:23:40,673|[DEBUG] SimpleValueBinder - building SimpleValue for epochUpdated
2021-11-19T10:23:40,674|[TRACE] NormalizingIdentifierHelperImpl - Normalizing identifier quoting [updated]
2021-11-19T10:23:40,674|[DEBUG] PropertyBinder - Building property epochUpdated
2021-11-19T10:23:40,674|[TRACE] PropertyBinder - Cascading epochUpdated with null
2021-11-19T10:23:40,674|[TRACE] AnnotationBinder - Processing annotations of bloodbank.entity.DonationRecord.version
2021-11-19T10:23:40,674|[TRACE] NormalizingIdentifierHelperImpl - Normalizing identifier quoting [version]
2021-11-19T10:23:40,674|[TRACE] NormalizingIdentifierHelperImpl - Normalizing identifier quoting [version]
2021-11-19T10:23:40,674|[DEBUG] Ejb3Column - Binding column: Ejb3Column{table=org.hibernate.mapping.Table(donation_record), mappingColumn=version, insertable=true, updatable=true, unique=false}
2021-11-19T10:23:40,674|[TRACE] AnnotationBinder - version is a version property
2021-11-19T10:23:40,674|[DEBUG] PropertyBinder - MetadataSourceProcessor property version with lazy=false
2021-11-19T10:23:40,674|[DEBUG] AbstractPropertyHolder - Attempting to locate auto-apply AttributeConverter for property [bloodbank.entity.DonationRecord:version]
2021-11-19T10:23:40,674|[DEBUG] SimpleValueBinder - building SimpleValue for version
2021-11-19T10:23:40,674|[TRACE] NormalizingIdentifierHelperImpl - Normalizing identifier quoting [version]
2021-11-19T10:23:40,674|[TRACE] NormalizingIdentifierHelperImpl - Normalizing identifier quoting [version]
2021-11-19T10:23:40,674|[TRACE] NormalizingIdentifierHelperImpl - Normalizing identifier quoting [version]
2021-11-19T10:23:40,674|[DEBUG] PropertyBinder - Building property version
2021-11-19T10:23:40,674|[TRACE] PropertyBinder - Cascading version with null
2021-11-19T10:23:40,674|[TRACE] AnnotationBinder - Version name: version, unsavedValue: undefined
2021-11-19T10:23:40,674|[TRACE] AnnotationBinder - Processing annotations of bloodbank.entity.DonationRecord.donation
2021-11-19T10:23:40,674|[TRACE] NormalizingIdentifierHelperImpl - Normalizing identifier quoting [donation_id]
2021-11-19T10:23:40,674|[DEBUG] Ejb3Column - Binding column: Ejb3JoinColumn{logicalColumnName='donation_id', referencedColumn='donation_id', mappedBy=''}
2021-11-19T10:23:40,674|[TRACE] NormalizingIdentifierHelperImpl - Normalizing identifier quoting [donation]
2021-11-19T10:23:40,674|[TRACE] NormalizingIdentifierHelperImpl - Normalizing identifier quoting [donation]
2021-11-19T10:23:40,674|[DEBUG] Ejb3Column - Binding column: Ejb3Column{table=org.hibernate.mapping.Table(donation_record), mappingColumn=donation, insertable=true, updatable=true, unique=false}
2021-11-19T10:23:40,674|[TRACE] AnnotationBinder - Fetching donation with JOIN
2021-11-19T10:23:40,674|[DEBUG] PropertyBinder - Building property donation
2021-11-19T10:23:40,674|[TRACE] PropertyBinder - Cascading donation with all
2021-11-19T10:23:40,674|[TRACE] AnnotationBinder - Processing annotations of bloodbank.entity.DonationRecord.owner
2021-11-19T10:23:40,674|[TRACE] NormalizingIdentifierHelperImpl - Normalizing identifier quoting [person_id]
2021-11-19T10:23:40,674|[DEBUG] Ejb3Column - Binding column: Ejb3JoinColumn{logicalColumnName='person_id', referencedColumn='id', mappedBy=''}
2021-11-19T10:23:40,674|[TRACE] NormalizingIdentifierHelperImpl - Normalizing identifier quoting [owner]
2021-11-19T10:23:40,674|[TRACE] NormalizingIdentifierHelperImpl - Normalizing identifier quoting [owner]
2021-11-19T10:23:40,674|[DEBUG] Ejb3Column - Binding column: Ejb3Column{table=org.hibernate.mapping.Table(donation_record), mappingColumn=owner, insertable=true, updatable=true, unique=false}
2021-11-19T10:23:40,674|[DEBUG] PropertyBinder - Building property owner
2021-11-19T10:23:40,674|[TRACE] PropertyBinder - Cascading owner with none
2021-11-19T10:23:40,674|[TRACE] AnnotationBinder - Processing annotations of bloodbank.entity.DonationRecord.tested
2021-11-19T10:23:40,674|[TRACE] NormalizingIdentifierHelperImpl - Normalizing identifier quoting [tested]
2021-11-19T10:23:40,674|[TRACE] NormalizingIdentifierHelperImpl - Normalizing identifier quoting [tested]
2021-11-19T10:23:40,674|[DEBUG] Ejb3Column - Binding column: Ejb3Column{table=org.hibernate.mapping.Table(donation_record), mappingColumn=tested, insertable=true, updatable=true, unique=false}
2021-11-19T10:23:40,674|[DEBUG] PropertyBinder - MetadataSourceProcessor property tested with lazy=false
2021-11-19T10:23:40,674|[DEBUG] AbstractPropertyHolder - Attempting to locate auto-apply AttributeConverter for property [bloodbank.entity.DonationRecord:tested]
2021-11-19T10:23:40,674|[DEBUG] SimpleValueBinder - building SimpleValue for tested
2021-11-19T10:23:40,674|[TRACE] NormalizingIdentifierHelperImpl - Normalizing identifier quoting [tested]
2021-11-19T10:23:40,674|[TRACE] NormalizingIdentifierHelperImpl - Normalizing identifier quoting [tested]
2021-11-19T10:23:40,674|[TRACE] NormalizingIdentifierHelperImpl - Normalizing identifier quoting [tested]
2021-11-19T10:23:40,674|[DEBUG] PropertyBinder - Building property tested
2021-11-19T10:23:40,674|[TRACE] PropertyBinder - Cascading tested with null
2021-11-19T10:23:40,674|[DEBUG] SimpleValueBinder - Starting fillSimpleValue for personId
2021-11-19T10:23:40,674|[DEBUG] SimpleValueBinder - Starting fillSimpleValue for phoneId
2021-11-19T10:23:40,674|[DEBUG] SimpleValueBinder - Starting fillSimpleValue for epochCreated
2021-11-19T10:23:40,674|[DEBUG] SimpleValueBinder - Starting fillSimpleValue for epochUpdated
2021-11-19T10:23:40,674|[DEBUG] SimpleValueBinder - Starting fillSimpleValue for version
2021-11-19T10:23:40,674|[DEBUG] SimpleValueBinder - Starting fillSimpleValue for contactType
2021-11-19T10:23:40,674|[DEBUG] SimpleValueBinder - Starting fillSimpleValue for email
2021-11-19T10:23:40,674|[DEBUG] SimpleValueBinder - Starting fillSimpleValue for id
2021-11-19T10:23:40,674|[DEBUG] SimpleValueBinder - Starting fillSimpleValue for epochCreated
2021-11-19T10:23:40,674|[DEBUG] SimpleValueBinder - Starting fillSimpleValue for epochUpdated
2021-11-19T10:23:40,674|[DEBUG] SimpleValueBinder - Starting fillSimpleValue for version
2021-11-19T10:23:40,674|[DEBUG] SimpleValueBinder - Starting fillSimpleValue for areaCode
2021-11-19T10:23:40,674|[DEBUG] SimpleValueBinder - Starting fillSimpleValue for countryCode
2021-11-19T10:23:40,674|[DEBUG] SimpleValueBinder - Starting fillSimpleValue for number
2021-11-19T10:23:40,674|[DEBUG] SimpleValueBinder - Starting fillSimpleValue for id
2021-11-19T10:23:40,674|[DEBUG] SimpleValueBinder - Starting fillSimpleValue for epochCreated
2021-11-19T10:23:40,674|[DEBUG] SimpleValueBinder - Starting fillSimpleValue for epochUpdated
2021-11-19T10:23:40,674|[DEBUG] SimpleValueBinder - Starting fillSimpleValue for version
2021-11-19T10:23:40,674|[DEBUG] SimpleValueBinder - Starting fillSimpleValue for bloodGroup
2021-11-19T10:23:40,674|[DEBUG] SimpleValueBinder - Starting fillSimpleValue for rhd
2021-11-19T10:23:40,674|[DEBUG] SimpleValueBinder - Starting fillSimpleValue for milliliters
2021-11-19T10:23:40,674|[DEBUG] SimpleValueBinder - Starting fillSimpleValue for id
2021-11-19T10:23:40,674|[DEBUG] SimpleValueBinder - Starting fillSimpleValue for epochCreated
2021-11-19T10:23:40,674|[DEBUG] SimpleValueBinder - Starting fillSimpleValue for epochUpdated
2021-11-19T10:23:40,674|[DEBUG] SimpleValueBinder - Starting fillSimpleValue for version
2021-11-19T10:23:40,674|[DEBUG] SimpleValueBinder - Starting fillSimpleValue for name
2021-11-19T10:23:40,674|[DEBUG] SimpleValueBinder - Starting fillSimpleValue for id
2021-11-19T10:23:40,674|[DEBUG] SimpleValueBinder - Starting fillSimpleValue for epochCreated
2021-11-19T10:23:40,674|[DEBUG] SimpleValueBinder - Starting fillSimpleValue for epochUpdated
2021-11-19T10:23:40,674|[DEBUG] SimpleValueBinder - Starting fillSimpleValue for version
2021-11-19T10:23:40,674|[DEBUG] SimpleValueBinder - Starting fillSimpleValue for city
2021-11-19T10:23:40,674|[DEBUG] SimpleValueBinder - Starting fillSimpleValue for country
2021-11-19T10:23:40,674|[DEBUG] SimpleValueBinder - Starting fillSimpleValue for province
2021-11-19T10:23:40,674|[DEBUG] SimpleValueBinder - Starting fillSimpleValue for street
2021-11-19T10:23:40,674|[DEBUG] SimpleValueBinder - Starting fillSimpleValue for streetNumber
2021-11-19T10:23:40,674|[DEBUG] SimpleValueBinder - Starting fillSimpleValue for zipcode
2021-11-19T10:23:40,674|[DEBUG] SimpleValueBinder - Starting fillSimpleValue for id
2021-11-19T10:23:40,674|[DEBUG] SimpleValueBinder - Starting fillSimpleValue for epochCreated
2021-11-19T10:23:40,675|[DEBUG] SimpleValueBinder - Starting fillSimpleValue for epochUpdated
2021-11-19T10:23:40,675|[DEBUG] SimpleValueBinder - Starting fillSimpleValue for version
2021-11-19T10:23:40,675|[DEBUG] SimpleValueBinder - Starting fillSimpleValue for firstName
2021-11-19T10:23:40,675|[DEBUG] SimpleValueBinder - Starting fillSimpleValue for lastName
2021-11-19T10:23:40,675|[DEBUG] SimpleValueBinder - Starting fillSimpleValue for id
2021-11-19T10:23:40,675|[DEBUG] SimpleValueBinder - Starting fillSimpleValue for epochCreated
2021-11-19T10:23:40,675|[DEBUG] SimpleValueBinder - Starting fillSimpleValue for epochUpdated
2021-11-19T10:23:40,675|[DEBUG] SimpleValueBinder - Starting fillSimpleValue for version
2021-11-19T10:23:40,675|[DEBUG] SimpleValueBinder - Starting fillSimpleValue for tested
2021-11-19T10:23:40,675|[TRACE] NormalizingIdentifierHelperImpl - Normalizing identifier quoting [address_id]
2021-11-19T10:23:40,675|[TRACE] NormalizingIdentifierHelperImpl - Normalizing identifier quoting [address_id]
2021-11-19T10:23:40,675|[TRACE] NormalizingIdentifierHelperImpl - Normalizing identifier quoting [address_id]
2021-11-19T10:23:40,675|[TRACE] NormalizingIdentifierHelperImpl - Normalizing identifier quoting [address_id]
2021-11-19T10:23:40,675|[TRACE] NormalizingIdentifierHelperImpl - Normalizing identifier quoting [address_id]
2021-11-19T10:23:40,675|[TRACE] NormalizingIdentifierHelperImpl - Normalizing identifier quoting [address_id]
2021-11-19T10:23:40,675|[TRACE] NormalizingIdentifierHelperImpl - Normalizing identifier quoting [address_id]
2021-11-19T10:23:40,675|[TRACE] NormalizingIdentifierHelperImpl - Normalizing identifier quoting [address_id]
2021-11-19T10:23:40,675|[TRACE] NormalizingIdentifierHelperImpl - Normalizing identifier quoting [address_id]
2021-11-19T10:23:40,675|[TRACE] NormalizingIdentifierHelperImpl - Normalizing identifier quoting [id]
2021-11-19T10:23:40,675|[TRACE] NormalizingIdentifierHelperImpl - Normalizing identifier quoting [id]
2021-11-19T10:23:40,675|[TRACE] NormalizingIdentifierHelperImpl - Normalizing identifier quoting [id]
2021-11-19T10:23:40,675|[TRACE] NormalizingIdentifierHelperImpl - Normalizing identifier quoting [id]
2021-11-19T10:23:40,675|[TRACE] NormalizingIdentifierHelperImpl - Normalizing identifier quoting [id]
2021-11-19T10:23:40,675|[TRACE] NormalizingIdentifierHelperImpl - Normalizing identifier quoting [person_id]
2021-11-19T10:23:40,675|[TRACE] NormalizingIdentifierHelperImpl - Normalizing identifier quoting [id]
2021-11-19T10:23:40,675|[TRACE] NormalizingIdentifierHelperImpl - Normalizing identifier quoting [person_id]
2021-11-19T10:23:40,675|[TRACE] NormalizingIdentifierHelperImpl - Normalizing identifier quoting [person_id]
2021-11-19T10:23:40,675|[TRACE] NormalizingIdentifierHelperImpl - Normalizing identifier quoting [phone_id]
2021-11-19T10:23:40,675|[TRACE] NormalizingIdentifierHelperImpl - Normalizing identifier quoting [phone_id]
2021-11-19T10:23:40,675|[TRACE] NormalizingIdentifierHelperImpl - Normalizing identifier quoting [phone_id]
2021-11-19T10:23:40,675|[TRACE] NormalizingIdentifierHelperImpl - Normalizing identifier quoting [phone_id]
2021-11-19T10:23:40,675|[TRACE] NormalizingIdentifierHelperImpl - Normalizing identifier quoting [phone_id]
2021-11-19T10:23:40,675|[TRACE] NormalizingIdentifierHelperImpl - Normalizing identifier quoting [phone_id]
2021-11-19T10:23:40,675|[TRACE] NormalizingIdentifierHelperImpl - Normalizing identifier quoting [phone_id]
2021-11-19T10:23:40,675|[TRACE] NormalizingIdentifierHelperImpl - Normalizing identifier quoting [phone_id]
2021-11-19T10:23:40,675|[TRACE] NormalizingIdentifierHelperImpl - Normalizing identifier quoting [phone_id]
2021-11-19T10:23:40,675|[TRACE] NormalizingIdentifierHelperImpl - Normalizing identifier quoting [bank_id]
2021-11-19T10:23:40,675|[TRACE] NormalizingIdentifierHelperImpl - Normalizing identifier quoting [bank_id]
2021-11-19T10:23:40,675|[TRACE] NormalizingIdentifierHelperImpl - Normalizing identifier quoting [bank_id]
2021-11-19T10:23:40,675|[TRACE] NormalizingIdentifierHelperImpl - Normalizing identifier quoting [bank_id]
2021-11-19T10:23:40,675|[TRACE] NormalizingIdentifierHelperImpl - Normalizing identifier quoting [bank_id]
2021-11-19T10:23:40,675|[TRACE] NormalizingIdentifierHelperImpl - Normalizing identifier quoting [bank_id]
2021-11-19T10:23:40,675|[TRACE] NormalizingIdentifierHelperImpl - Normalizing identifier quoting [bank_id]
2021-11-19T10:23:40,675|[TRACE] NormalizingIdentifierHelperImpl - Normalizing identifier quoting [bank_id]
2021-11-19T10:23:40,675|[TRACE] NormalizingIdentifierHelperImpl - Normalizing identifier quoting [bank_id]
2021-11-19T10:23:40,675|[TRACE] NormalizingIdentifierHelperImpl - Normalizing identifier quoting [donation_id]
2021-11-19T10:23:40,675|[TRACE] NormalizingIdentifierHelperImpl - Normalizing identifier quoting [donation_id]
2021-11-19T10:23:40,675|[TRACE] NormalizingIdentifierHelperImpl - Normalizing identifier quoting [donation_id]
2021-11-19T10:23:40,675|[TRACE] NormalizingIdentifierHelperImpl - Normalizing identifier quoting [donation_id]
2021-11-19T10:23:40,675|[TRACE] NormalizingIdentifierHelperImpl - Normalizing identifier quoting [donation_id]
2021-11-19T10:23:40,675|[TRACE] NormalizingIdentifierHelperImpl - Normalizing identifier quoting [donation_id]
2021-11-19T10:23:40,675|[TRACE] NormalizingIdentifierHelperImpl - Normalizing identifier quoting [donation_id]
2021-11-19T10:23:40,675|[TRACE] NormalizingIdentifierHelperImpl - Normalizing identifier quoting [donation_id]
2021-11-19T10:23:40,675|[TRACE] NormalizingIdentifierHelperImpl - Normalizing identifier quoting [donation_id]
2021-11-19T10:23:40,676|[TRACE] NormalizingIdentifierHelperImpl - Normalizing identifier quoting [id]
2021-11-19T10:23:40,676|[TRACE] NormalizingIdentifierHelperImpl - Normalizing identifier quoting [id]
2021-11-19T10:23:40,676|[TRACE] NormalizingIdentifierHelperImpl - Normalizing identifier quoting [id]
2021-11-19T10:23:40,676|[TRACE] NormalizingIdentifierHelperImpl - Normalizing identifier quoting [id]
2021-11-19T10:23:40,676|[TRACE] NormalizingIdentifierHelperImpl - Normalizing identifier quoting [id]
2021-11-19T10:23:40,676|[TRACE] NormalizingIdentifierHelperImpl - Normalizing identifier quoting [person_id]
2021-11-19T10:23:40,676|[TRACE] NormalizingIdentifierHelperImpl - Normalizing identifier quoting [id]
2021-11-19T10:23:40,676|[TRACE] NormalizingIdentifierHelperImpl - Normalizing identifier quoting [person_id]
2021-11-19T10:23:40,676|[TRACE] NormalizingIdentifierHelperImpl - Normalizing identifier quoting [person_id]
2021-11-19T10:23:40,676|[DEBUG] PrimaryKey - Forcing column [person_id] to be non-null as it is part of the primary key for table [contact]
2021-11-19T10:23:40,676|[DEBUG] PrimaryKey - Forcing column [phone_id] to be non-null as it is part of the primary key for table [contact]
2021-11-19T10:23:40,676|[DEBUG] PrimaryKey - Forcing column [phone_id] to be non-null as it is part of the primary key for table [phone]
2021-11-19T10:23:40,676|[DEBUG] PrimaryKey - Forcing column [donation_id] to be non-null as it is part of the primary key for table [blood_donation]
2021-11-19T10:23:40,676|[DEBUG] PrimaryKey - Forcing column [bank_id] to be non-null as it is part of the primary key for table [blood_bank]
2021-11-19T10:23:40,676|[DEBUG] PrimaryKey - Forcing column [address_id] to be non-null as it is part of the primary key for table [address]
2021-11-19T10:23:40,676|[DEBUG] PrimaryKey - Forcing column [id] to be non-null as it is part of the primary key for table [person]
2021-11-19T10:23:40,676|[DEBUG] PrimaryKey - Forcing column [record_id] to be non-null as it is part of the primary key for table [donation_record]
2021-11-19T10:23:40,676|[DEBUG] CollectionSecondPass - Second pass for collection: bloodbank.entity.Address.contacts
2021-11-19T10:23:40,676|[DEBUG] CollectionBinder - Binding a OneToMany: bloodbank.entity.Address.contacts through a foreign key
2021-11-19T10:23:40,676|[DEBUG] CollectionBinder - Mapping collection: bloodbank.entity.Address.contacts -> contact
2021-11-19T10:23:40,676|[TRACE] NormalizingIdentifierHelperImpl - Normalizing identifier quoting [address_id]
2021-11-19T10:23:40,676|[TRACE] NormalizingIdentifierHelperImpl - Normalizing identifier quoting [address_id]
2021-11-19T10:23:40,676|[TRACE] NormalizingIdentifierHelperImpl - Normalizing identifier quoting [address_id]
2021-11-19T10:23:40,676|[TRACE] NormalizingIdentifierHelperImpl - Normalizing identifier quoting [address_id]
2021-11-19T10:23:40,676|[TRACE] NormalizingIdentifierHelperImpl - Normalizing identifier quoting [address_id]
2021-11-19T10:23:40,676|[TRACE] NormalizingIdentifierHelperImpl - Normalizing identifier quoting [address_id]
2021-11-19T10:23:40,676|[TRACE] NormalizingIdentifierHelperImpl - Normalizing identifier quoting [address_id]
2021-11-19T10:23:40,676|[TRACE] NormalizingIdentifierHelperImpl - Normalizing identifier quoting [address_id]
2021-11-19T10:23:40,676|[TRACE] NormalizingIdentifierHelperImpl - Normalizing identifier quoting [address_id]
2021-11-19T10:23:40,676|[DEBUG] CollectionSecondPass - Mapped collection key: address_id, one-to-many: bloodbank.entity.Contact
2021-11-19T10:23:40,676|[DEBUG] PropertyBinder - Building property record
2021-11-19T10:23:40,676|[TRACE] PropertyBinder - Cascading record with none
2021-11-19T10:23:40,676|[DEBUG] CollectionSecondPass - Second pass for collection: bloodbank.entity.Phone.contacts
2021-11-19T10:23:40,676|[DEBUG] CollectionBinder - Binding a OneToMany: bloodbank.entity.Phone.contacts through a foreign key
2021-11-19T10:23:40,676|[DEBUG] CollectionBinder - Mapping collection: bloodbank.entity.Phone.contacts -> contact
2021-11-19T10:23:40,676|[TRACE] NormalizingIdentifierHelperImpl - Normalizing identifier quoting [phone_id]
2021-11-19T10:23:40,676|[TRACE] NormalizingIdentifierHelperImpl - Normalizing identifier quoting [phone_id]
2021-11-19T10:23:40,676|[TRACE] NormalizingIdentifierHelperImpl - Normalizing identifier quoting [phone_id]
2021-11-19T10:23:40,676|[TRACE] NormalizingIdentifierHelperImpl - Normalizing identifier quoting [phone_id]
2021-11-19T10:23:40,676|[TRACE] NormalizingIdentifierHelperImpl - Normalizing identifier quoting [phone_id]
2021-11-19T10:23:40,676|[TRACE] NormalizingIdentifierHelperImpl - Normalizing identifier quoting [phone_id]
2021-11-19T10:23:40,676|[TRACE] NormalizingIdentifierHelperImpl - Normalizing identifier quoting [phone_id]
2021-11-19T10:23:40,676|[TRACE] NormalizingIdentifierHelperImpl - Normalizing identifier quoting [phone_id]
2021-11-19T10:23:40,676|[TRACE] NormalizingIdentifierHelperImpl - Normalizing identifier quoting [phone_id]
2021-11-19T10:23:40,676|[DEBUG] CollectionSecondPass - Mapped collection key: phone_id, one-to-many: bloodbank.entity.Contact
2021-11-19T10:23:40,676|[DEBUG] CollectionSecondPass - Second pass for collection: bloodbank.entity.BloodBank.donations
2021-11-19T10:23:40,676|[DEBUG] CollectionBinder - Binding a OneToMany: bloodbank.entity.BloodBank.donations through a foreign key
2021-11-19T10:23:40,677|[DEBUG] CollectionBinder - Mapping collection: bloodbank.entity.BloodBank.donations -> blood_donation
2021-11-19T10:23:40,677|[DEBUG] TableBinder - Retrieving property bloodbank.entity.BloodDonation.bank
2021-11-19T10:23:40,677|[DEBUG] CollectionSecondPass - Mapped collection key: bank_id, one-to-many: bloodbank.entity.BloodDonation
2021-11-19T10:23:40,677|[DEBUG] CollectionSecondPass - Second pass for collection: bloodbank.entity.Person.contacts
2021-11-19T10:23:40,677|[DEBUG] CollectionBinder - Binding a OneToMany: bloodbank.entity.Person.contacts through a foreign key
2021-11-19T10:23:40,677|[DEBUG] CollectionBinder - Mapping collection: bloodbank.entity.Person.contacts -> contact
2021-11-19T10:23:40,677|[DEBUG] TableBinder - Retrieving property bloodbank.entity.Contact.owner
2021-11-19T10:23:40,677|[DEBUG] CollectionSecondPass - Mapped collection key: person_id, one-to-many: bloodbank.entity.Contact
2021-11-19T10:23:40,677|[DEBUG] CollectionSecondPass - Second pass for collection: bloodbank.entity.Person.donations
2021-11-19T10:23:40,677|[DEBUG] CollectionBinder - Binding a OneToMany: bloodbank.entity.Person.donations through a foreign key
2021-11-19T10:23:40,677|[DEBUG] CollectionBinder - Mapping collection: bloodbank.entity.Person.donations -> donation_record
2021-11-19T10:23:40,677|[DEBUG] TableBinder - Retrieving property bloodbank.entity.DonationRecord.owner
2021-11-19T10:23:40,677|[DEBUG] CollectionSecondPass - Mapped collection key: person_id, one-to-many: bloodbank.entity.DonationRecord
2021-11-19T10:23:40,677|[DEBUG] InFlightMetadataCollectorImpl - Resolving reference to class: bloodbank.entity.BloodBank
2021-11-19T10:23:40,677|[TRACE] NormalizingIdentifierHelperImpl - Normalizing identifier quoting [bank_id]
2021-11-19T10:23:40,677|[TRACE] NormalizingIdentifierHelperImpl - Normalizing identifier quoting [FK35l5lwcy7xl2a6tvg04g7o78o]
2021-11-19T10:23:40,677|[DEBUG] InFlightMetadataCollectorImpl - Resolving reference to class: bloodbank.entity.Address
2021-11-19T10:23:40,677|[TRACE] NormalizingIdentifierHelperImpl - Normalizing identifier quoting [address_id]
2021-11-19T10:23:40,677|[TRACE] NormalizingIdentifierHelperImpl - Normalizing identifier quoting [FKl0sju2uai8cgdtic18wy5hlfr]
2021-11-19T10:23:40,677|[DEBUG] InFlightMetadataCollectorImpl - Resolving reference to class: bloodbank.entity.Person
2021-11-19T10:23:40,677|[TRACE] NormalizingIdentifierHelperImpl - Normalizing identifier quoting [person_id]
2021-11-19T10:23:40,677|[TRACE] NormalizingIdentifierHelperImpl - Normalizing identifier quoting [FKjbcdaayhsa4dhcuc5q0kkw8et]
2021-11-19T10:23:40,677|[DEBUG] InFlightMetadataCollectorImpl - Resolving reference to class: bloodbank.entity.Phone
2021-11-19T10:23:40,677|[TRACE] NormalizingIdentifierHelperImpl - Normalizing identifier quoting [phone_id]
2021-11-19T10:23:40,677|[TRACE] NormalizingIdentifierHelperImpl - Normalizing identifier quoting [FKj0erqcin09fsecb869qdkgnli]
2021-11-19T10:23:40,677|[DEBUG] InFlightMetadataCollectorImpl - Resolving reference to class: bloodbank.entity.BloodDonation
2021-11-19T10:23:40,677|[TRACE] NormalizingIdentifierHelperImpl - Normalizing identifier quoting [donation_id]
2021-11-19T10:23:40,678|[TRACE] NormalizingIdentifierHelperImpl - Normalizing identifier quoting [FK5os0h3pehrbipqs82hpi2roqi]
2021-11-19T10:23:40,678|[DEBUG] InFlightMetadataCollectorImpl - Resolving reference to class: bloodbank.entity.Person
2021-11-19T10:23:40,678|[TRACE] NormalizingIdentifierHelperImpl - Normalizing identifier quoting [person_id]
2021-11-19T10:23:40,678|[TRACE] NormalizingIdentifierHelperImpl - Normalizing identifier quoting [FKg7oj3wip5i4to211cj8e1d4nx]
2021-11-19T10:23:40,679|[DEBUG] InFlightMetadataCollectorImpl - Resolving reference to class: bloodbank.entity.BloodBank
2021-11-19T10:23:40,679|[TRACE] NormalizingIdentifierHelperImpl - Normalizing identifier quoting [bank_id]
2021-11-19T10:23:40,679|[DEBUG] InFlightMetadataCollectorImpl - Resolving reference to class: bloodbank.entity.Address
2021-11-19T10:23:40,679|[TRACE] NormalizingIdentifierHelperImpl - Normalizing identifier quoting [address_id]
2021-11-19T10:23:40,679|[DEBUG] InFlightMetadataCollectorImpl - Resolving reference to class: bloodbank.entity.Person
2021-11-19T10:23:40,679|[TRACE] NormalizingIdentifierHelperImpl - Normalizing identifier quoting [person_id]
2021-11-19T10:23:40,679|[DEBUG] InFlightMetadataCollectorImpl - Resolving reference to class: bloodbank.entity.Phone
2021-11-19T10:23:40,679|[TRACE] NormalizingIdentifierHelperImpl - Normalizing identifier quoting [phone_id]
2021-11-19T10:23:40,679|[DEBUG] InFlightMetadataCollectorImpl - Resolving reference to class: bloodbank.entity.BloodDonation
2021-11-19T10:23:40,679|[TRACE] NormalizingIdentifierHelperImpl - Normalizing identifier quoting [donation_id]
2021-11-19T10:23:40,679|[DEBUG] InFlightMetadataCollectorImpl - Resolving reference to class: bloodbank.entity.Person
2021-11-19T10:23:40,679|[TRACE] NormalizingIdentifierHelperImpl - Normalizing identifier quoting [person_id]
2021-11-19T10:23:40,679|[TRACE] AbstractServiceRegistryImpl - Initializing service [role=org.hibernate.property.access.spi.PropertyAccessStrategyResolver]
2021-11-19T10:23:40,679|[TRACE] AbstractServiceRegistryImpl - Initializing service [role=org.hibernate.boot.spi.SessionFactoryBuilderService]
2021-11-19T10:23:40,679|[TRACE] BatchFetchStyle - Interpreting BatchFetchStyle from setting : null
2021-11-19T10:23:40,680|[TRACE] AbstractServiceRegistryImpl - Initializing service [role=org.hibernate.resource.transaction.spi.TransactionCoordinatorBuilder]
2021-11-19T10:23:40,681|[TRACE] AbstractServiceRegistryImpl - Initializing service [role=org.hibernate.bytecode.spi.BytecodeProvider]
2021-11-19T10:23:40,681|[DEBUG] SessionFactoryImpl - Building session factory
2021-11-19T10:23:40,681|[DEBUG] Settings - SessionFactory name : null
2021-11-19T10:23:40,681|[DEBUG] Settings - Automatic flush during beforeCompletion(): enabled
2021-11-19T10:23:40,681|[DEBUG] Settings - Automatic session close at end of transaction: disabled
2021-11-19T10:23:40,681|[DEBUG] Settings - Statistics: disabled
2021-11-19T10:23:40,681|[DEBUG] Settings - Deleted entity synthetic identifier rollback: disabled
2021-11-19T10:23:40,681|[DEBUG] Settings - Default entity-mode: pojo
2021-11-19T10:23:40,681|[DEBUG] Settings - Check Nullability in Core (should be disabled when Bean Validation is on): enabled
2021-11-19T10:23:40,681|[DEBUG] Settings - Allow initialization of lazy state outside session : disabled
2021-11-19T10:23:40,681|[DEBUG] Settings - Using BatchFetchStyle : LEGACY
2021-11-19T10:23:40,681|[DEBUG] Settings - Default batch fetch size: -1
2021-11-19T10:23:40,681|[DEBUG] Settings - Maximum outer join fetch depth: 2
2021-11-19T10:23:40,681|[DEBUG] Settings - Default null ordering: NONE
2021-11-19T10:23:40,681|[DEBUG] Settings - Order SQL updates by primary key: disabled
2021-11-19T10:23:40,681|[DEBUG] Settings - Order SQL inserts for batching: disabled
2021-11-19T10:23:40,681|[DEBUG] Settings - multi-tenancy strategy : NONE
2021-11-19T10:23:40,681|[DEBUG] Settings - JTA Track by Thread: enabled
2021-11-19T10:23:40,681|[DEBUG] Settings - Query language substitutions: {}
2021-11-19T10:23:40,681|[DEBUG] Settings - Named query checking : enabled
2021-11-19T10:23:40,682|[DEBUG] Settings - Second-level cache: disabled
2021-11-19T10:23:40,682|[DEBUG] Settings - Second-level query cache: disabled
2021-11-19T10:23:40,682|[DEBUG] Settings - Second-level query cache factory: null
2021-11-19T10:23:40,682|[DEBUG] Settings - Second-level cache region prefix: null
2021-11-19T10:23:40,682|[DEBUG] Settings - Optimize second-level cache for minimal puts: disabled
2021-11-19T10:23:40,682|[DEBUG] Settings - Structured second-level cache entries: disabled
2021-11-19T10:23:40,682|[DEBUG] Settings - Second-level cache direct-reference entries: disabled
2021-11-19T10:23:40,682|[DEBUG] Settings - Automatic eviction of collection cache: disabled
2021-11-19T10:23:40,682|[DEBUG] Settings - JDBC batch size: 15
2021-11-19T10:23:40,682|[DEBUG] Settings - JDBC batch updates for versioned data: enabled
2021-11-19T10:23:40,682|[DEBUG] Settings - Scrollable result sets: enabled
2021-11-19T10:23:40,682|[DEBUG] Settings - Wrap result sets: disabled
2021-11-19T10:23:40,682|[DEBUG] Settings - JDBC3 getGeneratedKeys(): enabled
2021-11-19T10:23:40,682|[DEBUG] Settings - JDBC result set fetch size: null
2021-11-19T10:23:40,682|[DEBUG] Settings - Connection release mode: AFTER_TRANSACTION
2021-11-19T10:23:40,682|[DEBUG] Settings - Generate SQL with comments: enabled
2021-11-19T10:23:40,682|[DEBUG] Settings - JPA compliance - query : disabled
2021-11-19T10:23:40,682|[DEBUG] Settings - JPA compliance - closed-handling : disabled
2021-11-19T10:23:40,682|[DEBUG] Settings - JPA compliance - lists : disabled
2021-11-19T10:23:40,682|[DEBUG] Settings - JPA compliance - transactions : disabled
2021-11-19T10:23:40,682|[TRACE] AbstractServiceRegistryImpl - Initializing service [role=org.hibernate.service.spi.SessionFactoryServiceRegistryFactory]
2021-11-19T10:23:40,683|[TRACE] AbstractServiceRegistryImpl - Initializing service [role=org.hibernate.event.service.spi.EventListenerRegistry]
2021-11-19T10:23:40,684|[TRACE] AbstractServiceRegistryImpl - Initializing service [role=org.hibernate.resource.beans.spi.ManagedBeanRegistry]
2021-11-19T10:23:40,684|[INFO ] beans - HHH10005002: No explicit CDI BeanManager reference was passed to Hibernate, but CDI is available on the Hibernate ClassLoader.
2021-11-19T10:23:40,684|[TRACE] FallbackBeanInstanceProducer - Creating ManagedBean(bloodbank.entity.PojoCompositeListener) using direct instantiation
2021-11-19T10:23:40,684|[DEBUG] CallbackBuilderLegacyImpl - Adding setUpdatedDate as PreUpdate callback for entity bloodbank.entity.Contact
2021-11-19T10:23:40,685|[DEBUG] CallbackBuilderLegacyImpl - Adding setCreatedOnDate as PrePersist callback for entity bloodbank.entity.Contact
2021-11-19T10:23:40,685|[TRACE] FallbackBeanInstanceProducer - Creating ManagedBean(bloodbank.entity.PojoListener) using direct instantiation
2021-11-19T10:23:40,685|[DEBUG] CallbackBuilderLegacyImpl - Adding setUpdatedDate as PreUpdate callback for entity bloodbank.entity.Phone
2021-11-19T10:23:40,685|[DEBUG] CallbackBuilderLegacyImpl - Adding setCreatedOnDate as PrePersist callback for entity bloodbank.entity.Phone
2021-11-19T10:23:40,685|[DEBUG] CallbackBuilderLegacyImpl - Adding setUpdatedDate as PreUpdate callback for entity bloodbank.entity.BloodDonation
2021-11-19T10:23:40,685|[DEBUG] CallbackBuilderLegacyImpl - Adding setCreatedOnDate as PrePersist callback for entity bloodbank.entity.BloodDonation
2021-11-19T10:23:40,686|[DEBUG] CallbackBuilderLegacyImpl - Adding setUpdatedDate as PreUpdate callback for entity bloodbank.entity.BloodBank
2021-11-19T10:23:40,686|[DEBUG] CallbackBuilderLegacyImpl - Adding setCreatedOnDate as PrePersist callback for entity bloodbank.entity.BloodBank
2021-11-19T10:23:40,686|[DEBUG] ClassLoaderAccessImpl - Not known whether passed class name [bloodbank.entity.PrivateBloodBank] is safe
2021-11-19T10:23:40,686|[DEBUG] ClassLoaderAccessImpl - No temp ClassLoader provided; using live ClassLoader for loading potentially unsafe class : bloodbank.entity.PrivateBloodBank
2021-11-19T10:23:40,686|[DEBUG] CallbackBuilderLegacyImpl - Adding setUpdatedDate as PreUpdate callback for entity bloodbank.entity.PrivateBloodBank
2021-11-19T10:23:40,686|[DEBUG] CallbackBuilderLegacyImpl - Adding setCreatedOnDate as PrePersist callback for entity bloodbank.entity.PrivateBloodBank
2021-11-19T10:23:40,686|[DEBUG] CallbackBuilderLegacyImpl - Adding setUpdatedDate as PreUpdate callback for entity bloodbank.entity.DonationRecord
2021-11-19T10:23:40,686|[DEBUG] CallbackBuilderLegacyImpl - Adding setCreatedOnDate as PrePersist callback for entity bloodbank.entity.DonationRecord
2021-11-19T10:23:40,686|[DEBUG] CallbackBuilderLegacyImpl - Adding setUpdatedDate as PreUpdate callback for entity bloodbank.entity.Address
2021-11-19T10:23:40,686|[DEBUG] CallbackBuilderLegacyImpl - Adding setCreatedOnDate as PrePersist callback for entity bloodbank.entity.Address
2021-11-19T10:23:40,687|[DEBUG] CallbackBuilderLegacyImpl - Adding setUpdatedDate as PreUpdate callback for entity bloodbank.entity.Person
2021-11-19T10:23:40,687|[DEBUG] CallbackBuilderLegacyImpl - Adding setCreatedOnDate as PrePersist callback for entity bloodbank.entity.Person
2021-11-19T10:23:40,687|[DEBUG] ClassLoaderAccessImpl - Not known whether passed class name [bloodbank.entity.PublicBloodBank] is safe
2021-11-19T10:23:40,687|[DEBUG] ClassLoaderAccessImpl - No temp ClassLoader provided; using live ClassLoader for loading potentially unsafe class : bloodbank.entity.PublicBloodBank
2021-11-19T10:23:40,687|[DEBUG] CallbackBuilderLegacyImpl - Adding setUpdatedDate as PreUpdate callback for entity bloodbank.entity.PublicBloodBank
2021-11-19T10:23:40,687|[DEBUG] CallbackBuilderLegacyImpl - Adding setCreatedOnDate as PrePersist callback for entity bloodbank.entity.PublicBloodBank
2021-11-19T10:23:40,687|[TRACE] AbstractServiceRegistryImpl - Initializing service [role=org.hibernate.cache.spi.CacheImplementor]
2021-11-19T10:23:40,687|[DEBUG] SessionFactoryImpl - Session factory constructed with filter configurations : {}
2021-11-19T10:23:40,687|[DEBUG] SessionFactoryImpl - Instantiating session factory with properties: {sun.desktop=windows, awt.toolkit=sun.awt.windows.WToolkit, hibernate.format_sql=true, java.specification.version=11, sun.cpu.isalist=amd64, sun.jnu.encoding=Cp1252, hibernate.dialect=org.hibernate.dialect.MySQL8Dialect, java.class.path=D:\Computer Programming\Level 4\CST8277_300 Enterprise Application\Assignments\Assignment03\BloodBank-JPA-Mapping-JUnit-Skeleton\BloodBank-JPA-Mapping-JUnit-Skeleton\target\test-classes;C:\Users\simondaxia\.m2\repository\org\junit\jupiter\junit-jupiter\5.7.0\junit-jupiter-5.7.0.jar;C:\Users\simondaxia\.m2\repository\org\junit\jupiter\junit-jupiter-api\5.7.0\junit-jupiter-api-5.7.0.jar;C:\Users\simondaxia\.m2\repository\org\apiguardian\apiguardian-api\1.1.0\apiguardian-api-1.1.0.jar;C:\Users\simondaxia\.m2\repository\org\opentest4j\opentest4j\1.2.0\opentest4j-1.2.0.jar;C:\Users\simondaxia\.m2\repository\org\junit\platform\junit-platform-commons\1.7.0\junit-platform-commons-1.7.0.jar;C:\Users\simondaxia\.m2\repository\org\junit\jupiter\junit-jupiter-params\5.7.0\junit-jupiter-params-5.7.0.jar;C:\Users\simondaxia\.m2\repository\org\junit\jupiter\junit-jupiter-engine\5.7.0\junit-jupiter-engine-5.7.0.jar;C:\Users\simondaxia\.m2\repository\org\junit\platform\junit-platform-engine\1.7.0\junit-platform-engine-1.7.0.jar;C:\Users\simondaxia\.m2\repository\org\hamcrest\hamcrest\2.2\hamcrest-2.2.jar;C:\Users\simondaxia\.m2\repository\org\hamcrest\hamcrest-library\2.2\hamcrest-library-2.2.jar;C:\Users\simondaxia\.m2\repository\org\hamcrest\hamcrest-core\2.2\hamcrest-core-2.2.jar;C:\Users\simondaxia\.m2\repository\org\jboss\logging\jboss-logging\3.4.1.Final\jboss-logging-3.4.1.Final.jar;C:\Users\simondaxia\.m2\repository\org\javassist\javassist\3.27.0-GA\javassist-3.27.0-GA.jar;C:\Users\simondaxia\.m2\repository\net\bytebuddy\byte-buddy\1.10.17\byte-buddy-1.10.17.jar;C:\Users\simondaxia\.m2\repository\antlr\antlr\2.7.7\antlr-2.7.7.jar;C:\Users\simondaxia\.m2\repository\org\jboss\spec\javax\transaction\jboss-transaction-api_1.2_spec\1.1.1.Final\jboss-transaction-api_1.2_spec-1.1.1.Final.jar;C:\Users\simondaxia\.m2\repository\org\jboss\jandex\2.1.3.Final\jandex-2.1.3.Final.jar;C:\Users\simondaxia\.m2\repository\com\fasterxml\classmate\1.5.1\classmate-1.5.1.jar;C:\Users\simondaxia\.m2\repository\javax\activation\javax.activation-api\1.2.0\javax.activation-api-1.2.0.jar;C:\Users\simondaxia\.m2\repository\org\dom4j\dom4j\2.1.3\dom4j-2.1.3.jar;C:\Users\simondaxia\.m2\repository\org\hibernate\common\hibernate-commons-annotations\5.1.2.Final\hibernate-commons-annotations-5.1.2.Final.jar;C:\Users\simondaxia\.m2\repository\javax\xml\bind\jaxb-api\2.3.1\jaxb-api-2.3.1.jar;C:\Users\simondaxia\.m2\repository\org\glassfish\jaxb\jaxb-runtime\2.3.1\jaxb-runtime-2.3.1.jar;C:\Users\simondaxia\.m2\repository\org\glassfish\jaxb\txw2\2.3.1\txw2-2.3.1.jar;C:\Users\simondaxia\.m2\repository\com\sun\istack\istack-commons-runtime\3.0.7\istack-commons-runtime-3.0.7.jar;C:\Users\simondaxia\.m2\repository\org\jvnet\staxex\stax-ex\1.8\stax-ex-1.8.jar;C:\Users\simondaxia\.m2\repository\com\sun\xml\fastinfoset\FastInfoset\1.2.15\FastInfoset-1.2.15.jar;C:\Users\simondaxia\.m2\repository\mysql\mysql-connector-java\8.0.23\mysql-connector-java-8.0.23.jar;C:\Users\simondaxia\.m2\repository\com\google\protobuf\protobuf-java\3.11.4\protobuf-java-3.11.4.jar;, java.vm.vendor=Amazon.com Inc., sun.arch.data.model=64, user.variant=, java.vendor.url=https://aws.amazon.com/corretto/, user.timezone=America/New_York, javax.persistence.jdbc.url=jdbc:mysql://localhost:3306/bloodbank?createDatabaseIfNotExist=true&zeroDateTimeBehavior=convertToNull, javax.persistence.jdbc.user=****, os.name=Windows 10, java.vm.specification.version=11, javax.persistence.schema-generation.create-script-source=META-INF/sql/bloodbank-create.sql, sun.java.launcher=SUN_STANDARD, user.country=CA, local.setting.IS_JTA_TXN_COORD=false, sun.boot.library.path=C:\Program Files\Amazon Corretto\jdk11.0.11_9\bin, sun.java.command=org.apache.maven.surefire.booter.ForkedBooter C:\Users\simondaxia\AppData\Local\Temp\surefire18336507460364361438 2021-11-19T10-23-33_773-jvmRun1 surefire10358599284016281038tmp surefire_028660401499378696tmp, hibernate.use_sql_comments=true, jdk.debug=release, surefire.test.class.path=D:\Computer Programming\Level 4\CST8277_300 Enterprise Application\Assignments\Assignment03\BloodBank-JPA-Mapping-JUnit-Skeleton\BloodBank-JPA-Mapping-JUnit-Skeleton\target\test-classes;C:\Users\simondaxia\.m2\repository\org\junit\jupiter\junit-jupiter\5.7.0\junit-jupiter-5.7.0.jar;C:\Users\simondaxia\.m2\repository\org\junit\jupiter\junit-jupiter-api\5.7.0\junit-jupiter-api-5.7.0.jar;C:\Users\simondaxia\.m2\repository\org\apiguardian\apiguardian-api\1.1.0\apiguardian-api-1.1.0.jar;C:\Users\simondaxia\.m2\repository\org\opentest4j\opentest4j\1.2.0\opentest4j-1.2.0.jar;C:\Users\simondaxia\.m2\repository\org\junit\platform\junit-platform-commons\1.7.0\junit-platform-commons-1.7.0.jar;C:\Users\simondaxia\.m2\repository\org\junit\jupiter\junit-jupiter-params\5.7.0\junit-jupiter-params-5.7.0.jar;C:\Users\simondaxia\.m2\repository\org\junit\jupiter\junit-jupiter-engine\5.7.0\junit-jupiter-engine-5.7.0.jar;C:\Users\simondaxia\.m2\repository\org\junit\platform\junit-platform-engine\1.7.0\junit-platform-engine-1.7.0.jar;C:\Users\simondaxia\.m2\repository\org\hamcrest\hamcrest\2.2\hamcrest-2.2.jar;C:\Users\simondaxia\.m2\repository\org\hamcrest\hamcrest-library\2.2\hamcrest-library-2.2.jar;C:\Users\simondaxia\.m2\repository\org\hamcrest\hamcrest-core\2.2\hamcrest-core-2.2.jar;C:\Users\simondaxia\.m2\repository\org\jboss\logging\jboss-logging\3.4.1.Final\jboss-logging-3.4.1.Final.jar;C:\Users\simondaxia\.m2\repository\org\javassist\javassist\3.27.0-GA\javassist-3.27.0-GA.jar;C:\Users\simondaxia\.m2\repository\net\bytebuddy\byte-buddy\1.10.17\byte-buddy-1.10.17.jar;C:\Users\simondaxia\.m2\repository\antlr\antlr\2.7.7\antlr-2.7.7.jar;C:\Users\simondaxia\.m2\repository\org\jboss\spec\javax\transaction\jboss-transaction-api_1.2_spec\1.1.1.Final\jboss-transaction-api_1.2_spec-1.1.1.Final.jar;C:\Users\simondaxia\.m2\repository\org\jboss\jandex\2.1.3.Final\jandex-2.1.3.Final.jar;C:\Users\simondaxia\.m2\repository\com\fasterxml\classmate\1.5.1\classmate-1.5.1.jar;C:\Users\simondaxia\.m2\repository\javax\activation\javax.activation-api\1.2.0\javax.activation-api-1.2.0.jar;C:\Users\simondaxia\.m2\repository\org\dom4j\dom4j\2.1.3\dom4j-2.1.3.jar;C:\Users\simondaxia\.m2\repository\org\hibernate\common\hibernate-commons-annotations\5.1.2.Final\hibernate-commons-annotations-5.1.2.Final.jar;C:\Users\simondaxia\.m2\repository\javax\xml\bind\jaxb-api\2.3.1\jaxb-api-2.3.1.jar;C:\Users\simondaxia\.m2\repository\org\glassfish\jaxb\jaxb-runtime\2.3.1\jaxb-runtime-2.3.1.jar;C:\Users\simondaxia\.m2\repository\org\glassfish\jaxb\txw2\2.3.1\txw2-2.3.1.jar;C:\Users\simondaxia\.m2\repository\com\sun\istack\istack-commons-runtime\3.0.7\istack-commons-runtime-3.0.7.jar;C:\Users\simondaxia\.m2\repository\org\jvnet\staxex\stax-ex\1.8\stax-ex-1.8.jar;C:\Users\simondaxia\.m2\repository\com\sun\xml\fastinfoset\FastInfoset\1.2.15\FastInfoset-1.2.15.jar;C:\Users\simondaxia\.m2\repository\mysql\mysql-connector-java\8.0.23\mysql-connector-java-8.0.23.jar;C:\Users\simondaxia\.m2\repository\com\google\protobuf\protobuf-java\3.11.4\protobuf-java-3.11.4.jar;, sun.cpu.endian=little, user.home=C:\Users\simondaxia, user.language=en, java.specification.vendor=Oracle Corporation, jdk.module.path=D:\Computer Programming\Level 4\CST8277_300 Enterprise Application\Assignments\Assignment03\BloodBank-JPA-Mapping-JUnit-Skeleton\BloodBank-JPA-Mapping-JUnit-Skeleton\target\classes;C:\Users\simondaxia\.m2\repository\org\apache\logging\log4j\log4j-api\2.14.0\log4j-api-2.14.0.jar;C:\Users\simondaxia\.m2\repository\org\apache\logging\log4j\log4j-core\2.14.0\log4j-core-2.14.0.jar;C:\Users\simondaxia\.m2\repository\org\hibernate\hibernate-core\5.4.27.Final\hibernate-core-5.4.27.Final.jar;C:\Users\simondaxia\.m2\repository\jakarta\platform\jakarta.jakartaee-api\8.0.0\jakarta.jakartaee-api-8.0.0.jar, java.version.date=2021-04-20, generateReports=flase, java.home=C:\Program Files\Amazon Corretto\jdk11.0.11_9, file.separator=\, basedir=D:\Computer Programming\Level 4\CST8277_300 Enterprise Application\Assignments\Assignment03\BloodBank-JPA-Mapping-JUnit-Skeleton\BloodBank-JPA-Mapping-JUnit-Skeleton, java.vm.compressedOopsMode=32-bit, line.separator=
, java.specification.name=Java Platform API Specification, java.vm.specification.vendor=Oracle Corporation, hibernate.transaction.coordinator_class=class org.hibernate.resource.transaction.backend.jdbc.internal.JdbcResourceLocalTransactionCoordinatorBuilderImpl, java.awt.graphicsenv=sun.awt.Win32GraphicsEnvironment, javax.persistence.jdbc.driver=com.mysql.cj.jdbc.Driver, surefire.real.class.path=C:\Users\simondaxia\.m2\repository\org\apache\maven\surefire\surefire-booter\3.0.0-M5\surefire-booter-3.0.0-M5.jar;C:\Users\simondaxia\.m2\repository\org\apache\maven\surefire\surefire-api\3.0.0-M5\surefire-api-3.0.0-M5.jar;C:\Users\simondaxia\.m2\repository\org\apache\maven\surefire\surefire-logger-api\3.0.0-M5\surefire-logger-api-3.0.0-M5.jar;C:\Users\simondaxia\.m2\repository\org\apache\maven\surefire\surefire-shared-utils\3.0.0-M4\surefire-shared-utils-3.0.0-M4.jar;C:\Users\simondaxia\.m2\repository\org\apache\maven\surefire\surefire-extensions-spi\3.0.0-M5\surefire-extensions-spi-3.0.0-M5.jar;D:\Computer Programming\Level 4\CST8277_300 Enterprise Application\Assignments\Assignment03\BloodBank-JPA-Mapping-JUnit-Skeleton\BloodBank-JPA-Mapping-JUnit-Skeleton\target\test-classes;C:\Users\simondaxia\.m2\repository\org\junit\jupiter\junit-jupiter\5.7.0\junit-jupiter-5.7.0.jar;C:\Users\simondaxia\.m2\repository\org\junit\jupiter\junit-jupiter-api\5.7.0\junit-jupiter-api-5.7.0.jar;C:\Users\simondaxia\.m2\repository\org\apiguardian\apiguardian-api\1.1.0\apiguardian-api-1.1.0.jar;C:\Users\simondaxia\.m2\repository\org\opentest4j\opentest4j\1.2.0\opentest4j-1.2.0.jar;C:\Users\simondaxia\.m2\repository\org\junit\platform\junit-platform-commons\1.7.0\junit-platform-commons-1.7.0.jar;C:\Users\simondaxia\.m2\repository\org\junit\jupiter\junit-jupiter-params\5.7.0\junit-jupiter-params-5.7.0.jar;C:\Users\simondaxia\.m2\repository\org\junit\jupiter\junit-jupiter-engine\5.7.0\junit-jupiter-engine-5.7.0.jar;C:\Users\simondaxia\.m2\repository\org\junit\platform\junit-platform-engine\1.7.0\junit-platform-engine-1.7.0.jar;C:\Users\simondaxia\.m2\repository\org\hamcrest\hamcrest\2.2\hamcrest-2.2.jar;C:\Users\simondaxia\.m2\repository\org\hamcrest\hamcrest-library\2.2\hamcrest-library-2.2.jar;C:\Users\simondaxia\.m2\repository\org\hamcrest\hamcrest-core\2.2\hamcrest-core-2.2.jar;C:\Users\simondaxia\.m2\repository\org\jboss\logging\jboss-logging\3.4.1.Final\jboss-logging-3.4.1.Final.jar;C:\Users\simondaxia\.m2\repository\org\javassist\javassist\3.27.0-GA\javassist-3.27.0-GA.jar;C:\Users\simondaxia\.m2\repository\net\bytebuddy\byte-buddy\1.10.17\byte-buddy-1.10.17.jar;C:\Users\simondaxia\.m2\repository\antlr\antlr\2.7.7\antlr-2.7.7.jar;C:\Users\simondaxia\.m2\repository\org\jboss\spec\javax\transaction\jboss-transaction-api_1.2_spec\1.1.1.Final\jboss-transaction-api_1.2_spec-1.1.1.Final.jar;C:\Users\simondaxia\.m2\repository\org\jboss\jandex\2.1.3.Final\jandex-2.1.3.Final.jar;C:\Users\simondaxia\.m2\repository\com\fasterxml\classmate\1.5.1\classmate-1.5.1.jar;C:\Users\simondaxia\.m2\repository\javax\activation\javax.activation-api\1.2.0\javax.activation-api-1.2.0.jar;C:\Users\simondaxia\.m2\repository\org\dom4j\dom4j\2.1.3\dom4j-2.1.3.jar;C:\Users\simondaxia\.m2\repository\org\hibernate\common\hibernate-commons-annotations\5.1.2.Final\hibernate-commons-annotations-5.1.2.Final.jar;C:\Users\simondaxia\.m2\repository\javax\xml\bind\jaxb-api\2.3.1\jaxb-api-2.3.1.jar;C:\Users\simondaxia\.m2\repository\org\glassfish\jaxb\jaxb-runtime\2.3.1\jaxb-runtime-2.3.1.jar;C:\Users\simondaxia\.m2\repository\org\glassfish\jaxb\txw2\2.3.1\txw2-2.3.1.jar;C:\Users\simondaxia\.m2\repository\com\sun\istack\istack-commons-runtime\3.0.7\istack-commons-runtime-3.0.7.jar;C:\Users\simondaxia\.m2\repository\org\jvnet\staxex\stax-ex\1.8\stax-ex-1.8.jar;C:\Users\simondaxia\.m2\repository\com\sun\xml\fastinfoset\FastInfoset\1.2.15\FastInfoset-1.2.15.jar;C:\Users\simondaxia\.m2\repository\mysql\mysql-connector-java\8.0.23\mysql-connector-java-8.0.23.jar;C:\Users\simondaxia\.m2\repository\com\google\protobuf\protobuf-java\3.11.4\protobuf-java-3.11.4.jar;C:\Users\simondaxia\.m2\repository\org\apache\maven\surefire\surefire-junit-platform\3.0.0-M5\surefire-junit-platform-3.0.0-M5.jar;C:\Users\simondaxia\.m2\repository\org\apache\maven\surefire\common-java5\3.0.0-M5\common-java5-3.0.0-M5.jar;C:\Users\simondaxia\.m2\repository\org\junit\platform\junit-platform-launcher\1.7.0\junit-platform-launcher-1.7.0.jar, user.script=, sun.management.compiler=HotSpot 64-Bit Tiered Compilers, java.runtime.version=11.0.11+9-LTS, user.name=simondaxia, path.separator=;, hibernate.connection.username=****, os.version=10.0, hibernate.hbm2ddl.import_files_sql_extractor=org.hibernate.tool.hbm2ddl.MultipleLinesSqlCommandExtractor, java.runtime.name=OpenJDK Runtime Environment, hibernate.connection.url=jdbc:mysql://localhost:3306/bloodbank?createDatabaseIfNotExist=true&zeroDateTimeBehavior=convertToNull, file.encoding=Cp1252, hibernate.ejb.persistenceUnitName=bloodbank-PU, java.vm.name=OpenJDK 64-Bit Server VM, java.vendor.version=Corretto-11.0.11.9.1, javax.persistence.schema-generation.drop-script-source=META-INF/sql/bloodbank-drop.sql, localRepository=C:\Users\simondaxia\.m2\repository, hibernate.connection.driver_class=com.mysql.cj.jdbc.Driver, java.vendor.url.bug=https://github.com/corretto/corretto-11/issues/, java.io.tmpdir=C:\Users\SIMOND~1\AppData\Local\Temp\, javax.persistence.schema-generation.drop-source=script, javax.persistence.schema-generation.create-source=script, java.version=11.0.11, user.dir=D:\Computer Programming\Level 4\CST8277_300 Enterprise Application\Assignments\Assignment03\BloodBank-JPA-Mapping-JUnit-Skeleton\BloodBank-JPA-Mapping-JUnit-Skeleton, os.arch=amd64, java.vm.specification.name=Java Virtual Machine Specification, java.awt.printerjob=sun.awt.windows.WPrinterJob, javax.persistence.schema-generation.database.action=drop-and-create, hibernate.connection.password=****, sun.os.patch.level=, hibernate.boot.CfgXmlAccessService.key=org.hibernate.boot.registry.StandardServiceRegistryBuilder$1@578b2dec, java.library.path=C:\Program Files\Amazon Corretto\jdk11.0.11_9\bin;C:\WINDOWS\Sun\Java\bin;C:\WINDOWS\system32;C:\WINDOWS;C:/Program Files/Amazon Corretto/jdk11.0.11_9/bin/server;C:/Program Files/Amazon Corretto/jdk11.0.11_9/bin;D:\Python39\Scripts\;D:\Python39\;D:\app\simondaxia\product\12.1.0\bin;D:\app\simondaxia\product\12.1.0\dbhome_1\bin;D:\app\simondaxia\product\12.1.0\dbhome_2\bin;C:\Program Files\Amazon Corretto\jdk11.0.11_9\bin;D:\oraclexe\app\oracle\product\11.2.0\server\bin;;C:\AmazonCorretto\jdk11.0.8_10\bin;C:\Program Files (x86)\Common Files\Oracle\Java\javapath;C:\Program Files (x86)\Intel\Intel(R) Management Engine Components\iCLS\;C:\Program Files\Intel\Intel(R) Management Engine Components\iCLS\;C:\Windows\system32;C:\Windows;C:\Windows\System32\Wbem;C:\Windows\System32\WindowsPowerShell\v1.0\;C:\Windows\System32\OpenSSH\;C:\Program Files (x86)\Intel\Intel(R) Management Engine Components\DAL;C:\Program Files\Intel\Intel(R) Management Engine Components\DAL;C:\Program Files (x86)\Intel\Intel(R) Management Engine Components\IPT;C:\Program Files\Intel\Intel(R) Management Engine Components\IPT;C:\Program Files (x86)\NVIDIA Corporation\PhysX\Common;C:\Program Files\Intel\WiFi\bin\;C:\Program Files\Common Files\Intel\WirelessCommon\;C:\WINDOWS\system32;C:\WINDOWS;C:\WINDOWS\System32\Wbem;C:\WINDOWS\System32\WindowsPowerShell\v1.0\;C:\WINDOWS\System32\OpenSSH\;C:\Program Files (x86)\pgmodeler;C:\Program Files\Git\cmd;C:\Users\simondaxia\AppData\Local\Microsoft\WindowsApps;C:\Program Files\Java\jdk1.8.0_271\bin;C:\Program Files\Microsoft SQL Server\Client SDK\ODBC\130\Tools\Binn\;C:\Program Files (x86)\Microsoft SQL Server\140\Tools\Binn\;C:\Program Files\Microsoft SQL Server\140\Tools\Binn\;C:\Program Files\Microsoft SQL Server\140\DTS\Binn\;C:\Program Files (x86)\Microsoft SQL Server\150\DTS\Binn\;C:\Program Files\Azure Data Studio\bin;C:\Users\simondaxia\AppData\Local\Microsoft\WindowsApps;;D:\Microsoft VS Code\bin;C:\Program Files\Azure Data Studio\bin;D:\JetBrains\PyCharm Community Edition 2021.2.2\bin;;D:\Programs\mongosh\;C:\Users\simondaxia\Desktop;;., java.vendor=Amazon.com Inc., java.vm.info=mixed mode, java.vm.version=11.0.11+9-LTS, hibernate.bytecode.use_reflection_optimizer=false, sun.io.unicode.encoding=UnicodeLittle, javax.persistence.jdbc.password=****, java.class.version=55.0}
2021-11-19T10:23:40,688|[TRACE] AbstractServiceRegistryImpl - Initializing service [role=org.hibernate.engine.query.spi.NativeQueryInterpreter]
2021-11-19T10:23:40,688|[DEBUG] TypeSafeActivator - Unable to acquire Bean Validation ValidatorFactory, skipping activation
2021-11-19T10:23:40,688|[DEBUG] JaccIntegrator - Skipping JACC integration as it was not enabled
2021-11-19T10:23:40,689|[DEBUG] SessionFactoryImpl - Instantiated session factory
2021-11-19T10:23:40,689|[DEBUG] TypeConfiguration$Scope - Scoping TypeConfiguration [org.hibernate.type.spi.TypeConfiguration@60e47aab] to SessionFactoryImpl [org.hibernate.internal.SessionFactoryImpl@66863941]
2021-11-19T10:23:40,689|[TRACE] AbstractServiceRegistryImpl - Initializing service [role=org.hibernate.persister.spi.PersisterFactory]
2021-11-19T10:23:40,689|[TRACE] AbstractServiceRegistryImpl - Initializing service [role=org.hibernate.persister.spi.PersisterClassResolver]
2021-11-19T10:23:40,690|[DEBUG] ClassLoaderAccessImpl - Not known whether passed class name [bloodbank.entity.Contact] is safe
2021-11-19T10:23:40,690|[DEBUG] ClassLoaderAccessImpl - No temp ClassLoader provided; using live ClassLoader for loading potentially unsafe class : bloodbank.entity.Contact
2021-11-19T10:23:40,691|[TRACE] AbstractServiceRegistryImpl - Initializing service [role=org.hibernate.bytecode.spi.ProxyFactoryFactory]
2021-11-19T10:23:40,706|[TRACE] AbstractPropertyMapping - Skipping duplicate registration of path [address.id], existing type = [org.hibernate.type.IntegerType@6892cc6f], incoming type = [org.hibernate.type.IntegerType@6892cc6f]
2021-11-19T10:23:40,706|[TRACE] AbstractPropertyMapping - Skipping duplicate registration of path [owner.id], existing type = [org.hibernate.type.IntegerType@6892cc6f], incoming type = [org.hibernate.type.IntegerType@6892cc6f]
2021-11-19T10:23:40,706|[TRACE] AbstractPropertyMapping - Skipping duplicate registration of path [phone.id], existing type = [org.hibernate.type.IntegerType@6892cc6f], incoming type = [org.hibernate.type.IntegerType@6892cc6f]
2021-11-19T10:23:40,706|[TRACE] AbstractPropertyMapping - Skipping duplicate registration of path [epochCreated], existing type = [org.hibernate.type.LongType@ae7950d], incoming type = [org.hibernate.type.LongType@ae7950d]
2021-11-19T10:23:40,706|[TRACE] AbstractPropertyMapping - Skipping duplicate registration of path [epochUpdated], existing type = [org.hibernate.type.LongType@ae7950d], incoming type = [org.hibernate.type.LongType@ae7950d]
2021-11-19T10:23:40,706|[TRACE] AbstractPropertyMapping - Skipping duplicate registration of path [version], existing type = [org.hibernate.type.IntegerType@6892cc6f], incoming type = [org.hibernate.type.IntegerType@6892cc6f]
2021-11-19T10:23:40,706|[TRACE] AbstractPropertyMapping - Skipping duplicate registration of path [address], existing type = [org.hibernate.type.ManyToOneType(bloodbank.entity.Address)], incoming type = [org.hibernate.type.ManyToOneType(bloodbank.entity.Address)]
2021-11-19T10:23:40,706|[TRACE] AbstractPropertyMapping - Skipping duplicate registration of path [address.id], existing type = [org.hibernate.type.IntegerType@6892cc6f], incoming type = [org.hibernate.type.IntegerType@6892cc6f]
2021-11-19T10:23:40,706|[TRACE] AbstractPropertyMapping - Skipping duplicate registration of path [address.id], existing type = [org.hibernate.type.IntegerType@6892cc6f], incoming type = [org.hibernate.type.IntegerType@6892cc6f]
2021-11-19T10:23:40,706|[TRACE] AbstractPropertyMapping - Skipping duplicate registration of path [contactType], existing type = [org.hibernate.type.StringType@7fc645e4], incoming type = [org.hibernate.type.StringType@7fc645e4]
2021-11-19T10:23:40,706|[TRACE] AbstractPropertyMapping - Skipping duplicate registration of path [email], existing type = [org.hibernate.type.StringType@7fc645e4], incoming type = [org.hibernate.type.StringType@7fc645e4]
2021-11-19T10:23:40,706|[TRACE] AbstractPropertyMapping - Skipping duplicate registration of path [owner], existing type = [org.hibernate.type.ManyToOneType(bloodbank.entity.Person)], incoming type = [org.hibernate.type.ManyToOneType(bloodbank.entity.Person)]
2021-11-19T10:23:40,707|[TRACE] AbstractPropertyMapping - Skipping duplicate registration of path [owner.id], existing type = [org.hibernate.type.IntegerType@6892cc6f], incoming type = [org.hibernate.type.IntegerType@6892cc6f]
2021-11-19T10:23:40,707|[TRACE] AbstractPropertyMapping - Skipping duplicate registration of path [owner.id], existing type = [org.hibernate.type.IntegerType@6892cc6f], incoming type = [org.hibernate.type.IntegerType@6892cc6f]
2021-11-19T10:23:40,707|[TRACE] AbstractPropertyMapping - Skipping duplicate registration of path [phone], existing type = [org.hibernate.type.ManyToOneType(bloodbank.entity.Phone)], incoming type = [org.hibernate.type.ManyToOneType(bloodbank.entity.Phone)]
2021-11-19T10:23:40,707|[TRACE] AbstractPropertyMapping - Skipping duplicate registration of path [phone.id], existing type = [org.hibernate.type.IntegerType@6892cc6f], incoming type = [org.hibernate.type.IntegerType@6892cc6f]
2021-11-19T10:23:40,707|[TRACE] AbstractPropertyMapping - Skipping duplicate registration of path [phone.id], existing type = [org.hibernate.type.IntegerType@6892cc6f], incoming type = [org.hibernate.type.IntegerType@6892cc6f]
2021-11-19T10:23:40,707|[TRACE] AbstractPropertyMapping - Skipping duplicate registration of path [id], existing type = [org.hibernate.type.ComponentType@1c3d9e28], incoming type = [org.hibernate.type.ComponentType@1c3d9e28]
2021-11-19T10:23:40,707|[TRACE] AbstractPropertyMapping - Skipping duplicate registration of path [id.personId], existing type = [org.hibernate.type.IntegerType@6892cc6f], incoming type = [org.hibernate.type.IntegerType@6892cc6f]
2021-11-19T10:23:40,707|[TRACE] AbstractPropertyMapping - Skipping duplicate registration of path [id.phoneId], existing type = [org.hibernate.type.IntegerType@6892cc6f], incoming type = [org.hibernate.type.IntegerType@6892cc6f]
2021-11-19T10:23:40,707|[DEBUG] ClassLoaderAccessImpl - Not known whether passed class name [bloodbank.entity.Phone] is safe
2021-11-19T10:23:40,707|[DEBUG] ClassLoaderAccessImpl - No temp ClassLoader provided; using live ClassLoader for loading potentially unsafe class : bloodbank.entity.Phone
2021-11-19T10:23:40,719|[TRACE] AbstractPropertyMapping - Skipping duplicate registration of path [epochCreated], existing type = [org.hibernate.type.LongType@ae7950d], incoming type = [org.hibernate.type.LongType@ae7950d]
2021-11-19T10:23:40,719|[TRACE] AbstractPropertyMapping - Skipping duplicate registration of path [epochUpdated], existing type = [org.hibernate.type.LongType@ae7950d], incoming type = [org.hibernate.type.LongType@ae7950d]
2021-11-19T10:23:40,719|[TRACE] AbstractPropertyMapping - Skipping duplicate registration of path [version], existing type = [org.hibernate.type.IntegerType@6892cc6f], incoming type = [org.hibernate.type.IntegerType@6892cc6f]
2021-11-19T10:23:40,719|[TRACE] AbstractPropertyMapping - Skipping duplicate registration of path [areaCode], existing type = [org.hibernate.type.StringType@7fc645e4], incoming type = [org.hibernate.type.StringType@7fc645e4]
2021-11-19T10:23:40,719|[TRACE] AbstractPropertyMapping - Skipping duplicate registration of path [contacts], existing type = [org.hibernate.type.SetType(bloodbank.entity.Phone.contacts)], incoming type = [org.hibernate.type.SetType(bloodbank.entity.Phone.contacts)]
2021-11-19T10:23:40,719|[TRACE] AbstractPropertyMapping - Skipping duplicate registration of path [countryCode], existing type = [org.hibernate.type.StringType@7fc645e4], incoming type = [org.hibernate.type.StringType@7fc645e4]
2021-11-19T10:23:40,719|[TRACE] AbstractPropertyMapping - Skipping duplicate registration of path [number], existing type = [org.hibernate.type.StringType@7fc645e4], incoming type = [org.hibernate.type.StringType@7fc645e4]
2021-11-19T10:23:40,719|[TRACE] AbstractPropertyMapping - Skipping duplicate registration of path [id], existing type = [org.hibernate.type.IntegerType@6892cc6f], incoming type = [org.hibernate.type.IntegerType@6892cc6f]
2021-11-19T10:23:40,719|[DEBUG] ClassLoaderAccessImpl - Not known whether passed class name [bloodbank.entity.BloodDonation] is safe
2021-11-19T10:23:40,719|[DEBUG] ClassLoaderAccessImpl - No temp ClassLoader provided; using live ClassLoader for loading potentially unsafe class : bloodbank.entity.BloodDonation
2021-11-19T10:23:40,732|[TRACE] AbstractPropertyMapping - Skipping duplicate registration of path [bank.id], existing type = [org.hibernate.type.IntegerType@6892cc6f], incoming type = [org.hibernate.type.IntegerType@6892cc6f]
2021-11-19T10:23:40,732|[TRACE] AbstractPropertyMapping - Skipping duplicate registration of path [epochCreated], existing type = [org.hibernate.type.LongType@ae7950d], incoming type = [org.hibernate.type.LongType@ae7950d]
2021-11-19T10:23:40,732|[TRACE] AbstractPropertyMapping - Skipping duplicate registration of path [epochUpdated], existing type = [org.hibernate.type.LongType@ae7950d], incoming type = [org.hibernate.type.LongType@ae7950d]
2021-11-19T10:23:40,732|[TRACE] AbstractPropertyMapping - Skipping duplicate registration of path [version], existing type = [org.hibernate.type.IntegerType@6892cc6f], incoming type = [org.hibernate.type.IntegerType@6892cc6f]
2021-11-19T10:23:40,732|[TRACE] AbstractPropertyMapping - Skipping duplicate registration of path [bank], existing type = [org.hibernate.type.ManyToOneType(bloodbank.entity.BloodBank)], incoming type = [org.hibernate.type.ManyToOneType(bloodbank.entity.BloodBank)]
2021-11-19T10:23:40,732|[TRACE] AbstractPropertyMapping - Skipping duplicate registration of path [bank.id], existing type = [org.hibernate.type.IntegerType@6892cc6f], incoming type = [org.hibernate.type.IntegerType@6892cc6f]
2021-11-19T10:23:40,732|[TRACE] AbstractPropertyMapping - Skipping duplicate registration of path [bank.id], existing type = [org.hibernate.type.IntegerType@6892cc6f], incoming type = [org.hibernate.type.IntegerType@6892cc6f]
2021-11-19T10:23:40,732|[TRACE] AbstractPropertyMapping - Skipping duplicate registration of path [bloodType], existing type = [org.hibernate.type.ComponentType@6339e604], incoming type = [org.hibernate.type.ComponentType@6339e604]
2021-11-19T10:23:40,732|[TRACE] AbstractPropertyMapping - Skipping duplicate registration of path [bloodType.bloodGroup], existing type = [org.hibernate.type.StringType@7fc645e4], incoming type = [org.hibernate.type.StringType@7fc645e4]
2021-11-19T10:23:40,732|[TRACE] AbstractPropertyMapping - Skipping duplicate registration of path [bloodType.rhd], existing type = [org.hibernate.type.ByteType@2b4786dd], incoming type = [org.hibernate.type.ByteType@2b4786dd]
2021-11-19T10:23:40,732|[TRACE] AbstractPropertyMapping - Skipping duplicate registration of path [milliliters], existing type = [org.hibernate.type.IntegerType@6892cc6f], incoming type = [org.hibernate.type.IntegerType@6892cc6f]
2021-11-19T10:23:40,732|[TRACE] AbstractPropertyMapping - Skipping duplicate registration of path [record], existing type = [org.hibernate.type.OneToOneType(bloodbank.entity.DonationRecord)], incoming type = [org.hibernate.type.OneToOneType(bloodbank.entity.DonationRecord)]
2021-11-19T10:23:40,732|[TRACE] AbstractPropertyMapping - Skipping duplicate registration of path [id], existing type = [org.hibernate.type.IntegerType@6892cc6f], incoming type = [org.hibernate.type.IntegerType@6892cc6f]
2021-11-19T10:23:40,733|[DEBUG] ClassLoaderAccessImpl - Not known whether passed class name [bloodbank.entity.BloodBank] is safe
2021-11-19T10:23:40,733|[DEBUG] ClassLoaderAccessImpl - No temp ClassLoader provided; using live ClassLoader for loading potentially unsafe class : bloodbank.entity.BloodBank
2021-11-19T10:23:40,733|[DEBUG] ClassLoaderAccessImpl - Not known whether passed class name [bloodbank.entity.PrivateBloodBank] is safe
2021-11-19T10:23:40,733|[DEBUG] ClassLoaderAccessImpl - No temp ClassLoader provided; using live ClassLoader for loading potentially unsafe class : bloodbank.entity.PrivateBloodBank
2021-11-19T10:23:40,733|[DEBUG] ClassLoaderAccessImpl - Not known whether passed class name [bloodbank.entity.PublicBloodBank] is safe
2021-11-19T10:23:40,733|[DEBUG] ClassLoaderAccessImpl - No temp ClassLoader provided; using live ClassLoader for loading potentially unsafe class : bloodbank.entity.PublicBloodBank
2021-11-19T10:23:40,744|[TRACE] AbstractPropertyMapping - Skipping duplicate registration of path [epochCreated], existing type = [org.hibernate.type.LongType@ae7950d], incoming type = [org.hibernate.type.LongType@ae7950d]
2021-11-19T10:23:40,744|[TRACE] AbstractPropertyMapping - Skipping duplicate registration of path [epochUpdated], existing type = [org.hibernate.type.LongType@ae7950d], incoming type = [org.hibernate.type.LongType@ae7950d]
2021-11-19T10:23:40,744|[TRACE] AbstractPropertyMapping - Skipping duplicate registration of path [version], existing type = [org.hibernate.type.IntegerType@6892cc6f], incoming type = [org.hibernate.type.IntegerType@6892cc6f]
2021-11-19T10:23:40,744|[TRACE] AbstractPropertyMapping - Skipping duplicate registration of path [donations], existing type = [org.hibernate.type.SetType(bloodbank.entity.BloodBank.donations)], incoming type = [org.hibernate.type.SetType(bloodbank.entity.BloodBank.donations)]
2021-11-19T10:23:40,744|[TRACE] AbstractPropertyMapping - Skipping duplicate registration of path [name], existing type = [org.hibernate.type.StringType@7fc645e4], incoming type = [org.hibernate.type.StringType@7fc645e4]
2021-11-19T10:23:40,744|[TRACE] AbstractPropertyMapping - Skipping duplicate registration of path [id], existing type = [org.hibernate.type.IntegerType@6892cc6f], incoming type = [org.hibernate.type.IntegerType@6892cc6f]
2021-11-19T10:23:40,753|[TRACE] AbstractPropertyMapping - Skipping duplicate registration of path [epochCreated], existing type = [org.hibernate.type.LongType@ae7950d], incoming type = [org.hibernate.type.LongType@ae7950d]
2021-11-19T10:23:40,753|[TRACE] AbstractPropertyMapping - Skipping duplicate registration of path [epochUpdated], existing type = [org.hibernate.type.LongType@ae7950d], incoming type = [org.hibernate.type.LongType@ae7950d]
2021-11-19T10:23:40,753|[TRACE] AbstractPropertyMapping - Skipping duplicate registration of path [version], existing type = [org.hibernate.type.IntegerType@6892cc6f], incoming type = [org.hibernate.type.IntegerType@6892cc6f]
2021-11-19T10:23:40,753|[TRACE] AbstractPropertyMapping - Skipping duplicate registration of path [donations], existing type = [org.hibernate.type.SetType(bloodbank.entity.BloodBank.donations)], incoming type = [org.hibernate.type.SetType(bloodbank.entity.BloodBank.donations)]
2021-11-19T10:23:40,753|[TRACE] AbstractPropertyMapping - Skipping duplicate registration of path [name], existing type = [org.hibernate.type.StringType@7fc645e4], incoming type = [org.hibernate.type.StringType@7fc645e4]
2021-11-19T10:23:40,753|[TRACE] AbstractPropertyMapping - Skipping duplicate registration of path [id], existing type = [org.hibernate.type.IntegerType@6892cc6f], incoming type = [org.hibernate.type.IntegerType@6892cc6f]
2021-11-19T10:23:40,754|[DEBUG] ClassLoaderAccessImpl - Not known whether passed class name [bloodbank.entity.DonationRecord] is safe
2021-11-19T10:23:40,754|[DEBUG] ClassLoaderAccessImpl - No temp ClassLoader provided; using live ClassLoader for loading potentially unsafe class : bloodbank.entity.DonationRecord
2021-11-19T10:23:40,770|[TRACE] AbstractPropertyMapping - Skipping duplicate registration of path [donation.id], existing type = [org.hibernate.type.IntegerType@6892cc6f], incoming type = [org.hibernate.type.IntegerType@6892cc6f]
2021-11-19T10:23:40,770|[TRACE] AbstractPropertyMapping - Skipping duplicate registration of path [owner.id], existing type = [org.hibernate.type.IntegerType@6892cc6f], incoming type = [org.hibernate.type.IntegerType@6892cc6f]
2021-11-19T10:23:40,770|[TRACE] AbstractPropertyMapping - Skipping duplicate registration of path [epochCreated], existing type = [org.hibernate.type.LongType@ae7950d], incoming type = [org.hibernate.type.LongType@ae7950d]
2021-11-19T10:23:40,770|[TRACE] AbstractPropertyMapping - Skipping duplicate registration of path [epochUpdated], existing type = [org.hibernate.type.LongType@ae7950d], incoming type = [org.hibernate.type.LongType@ae7950d]
2021-11-19T10:23:40,770|[TRACE] AbstractPropertyMapping - Skipping duplicate registration of path [version], existing type = [org.hibernate.type.IntegerType@6892cc6f], incoming type = [org.hibernate.type.IntegerType@6892cc6f]
2021-11-19T10:23:40,770|[TRACE] AbstractPropertyMapping - Skipping duplicate registration of path [donation], existing type = [org.hibernate.type.ManyToOneType(bloodbank.entity.BloodDonation)], incoming type = [org.hibernate.type.ManyToOneType(bloodbank.entity.BloodDonation)]
2021-11-19T10:23:40,771|[TRACE] AbstractPropertyMapping - Skipping duplicate registration of path [donation.id], existing type = [org.hibernate.type.IntegerType@6892cc6f], incoming type = [org.hibernate.type.IntegerType@6892cc6f]
2021-11-19T10:23:40,771|[TRACE] AbstractPropertyMapping - Skipping duplicate registration of path [donation.id], existing type = [org.hibernate.type.IntegerType@6892cc6f], incoming type = [org.hibernate.type.IntegerType@6892cc6f]
2021-11-19T10:23:40,771|[TRACE] AbstractPropertyMapping - Skipping duplicate registration of path [owner], existing type = [org.hibernate.type.ManyToOneType(bloodbank.entity.Person)], incoming type = [org.hibernate.type.ManyToOneType(bloodbank.entity.Person)]
2021-11-19T10:23:40,771|[TRACE] AbstractPropertyMapping - Skipping duplicate registration of path [owner.id], existing type = [org.hibernate.type.IntegerType@6892cc6f], incoming type = [org.hibernate.type.IntegerType@6892cc6f]
2021-11-19T10:23:40,771|[TRACE] AbstractPropertyMapping - Skipping duplicate registration of path [owner.id], existing type = [org.hibernate.type.IntegerType@6892cc6f], incoming type = [org.hibernate.type.IntegerType@6892cc6f]
2021-11-19T10:23:40,771|[TRACE] AbstractPropertyMapping - Skipping duplicate registration of path [tested], existing type = [org.hibernate.type.ByteType@2b4786dd], incoming type = [org.hibernate.type.ByteType@2b4786dd]
2021-11-19T10:23:40,771|[TRACE] AbstractPropertyMapping - Skipping duplicate registration of path [id], existing type = [org.hibernate.type.IntegerType@6892cc6f], incoming type = [org.hibernate.type.IntegerType@6892cc6f]
2021-11-19T10:23:40,772|[DEBUG] ClassLoaderAccessImpl - Not known whether passed class name [bloodbank.entity.Address] is safe
2021-11-19T10:23:40,772|[DEBUG] ClassLoaderAccessImpl - No temp ClassLoader provided; using live ClassLoader for loading potentially unsafe class : bloodbank.entity.Address
2021-11-19T10:23:40,788|[TRACE] AbstractPropertyMapping - Skipping duplicate registration of path [epochCreated], existing type = [org.hibernate.type.LongType@ae7950d], incoming type = [org.hibernate.type.LongType@ae7950d]
2021-11-19T10:23:40,788|[TRACE] AbstractPropertyMapping - Skipping duplicate registration of path [epochUpdated], existing type = [org.hibernate.type.LongType@ae7950d], incoming type = [org.hibernate.type.LongType@ae7950d]
2021-11-19T10:23:40,788|[TRACE] AbstractPropertyMapping - Skipping duplicate registration of path [version], existing type = [org.hibernate.type.IntegerType@6892cc6f], incoming type = [org.hibernate.type.IntegerType@6892cc6f]
2021-11-19T10:23:40,788|[TRACE] AbstractPropertyMapping - Skipping duplicate registration of path [city], existing type = [org.hibernate.type.StringType@7fc645e4], incoming type = [org.hibernate.type.StringType@7fc645e4]
2021-11-19T10:23:40,788|[TRACE] AbstractPropertyMapping - Skipping duplicate registration of path [contacts], existing type = [org.hibernate.type.SetType(bloodbank.entity.Address.contacts)], incoming type = [org.hibernate.type.SetType(bloodbank.entity.Address.contacts)]
2021-11-19T10:23:40,788|[TRACE] AbstractPropertyMapping - Skipping duplicate registration of path [country], existing type = [org.hibernate.type.StringType@7fc645e4], incoming type = [org.hibernate.type.StringType@7fc645e4]
2021-11-19T10:23:40,788|[TRACE] AbstractPropertyMapping - Skipping duplicate registration of path [province], existing type = [org.hibernate.type.StringType@7fc645e4], incoming type = [org.hibernate.type.StringType@7fc645e4]
2021-11-19T10:23:40,788|[TRACE] AbstractPropertyMapping - Skipping duplicate registration of path [street], existing type = [org.hibernate.type.StringType@7fc645e4], incoming type = [org.hibernate.type.StringType@7fc645e4]
2021-11-19T10:23:40,788|[TRACE] AbstractPropertyMapping - Skipping duplicate registration of path [streetNumber], existing type = [org.hibernate.type.StringType@7fc645e4], incoming type = [org.hibernate.type.StringType@7fc645e4]
2021-11-19T10:23:40,788|[TRACE] AbstractPropertyMapping - Skipping duplicate registration of path [zipcode], existing type = [org.hibernate.type.StringType@7fc645e4], incoming type = [org.hibernate.type.StringType@7fc645e4]
2021-11-19T10:23:40,788|[TRACE] AbstractPropertyMapping - Skipping duplicate registration of path [id], existing type = [org.hibernate.type.IntegerType@6892cc6f], incoming type = [org.hibernate.type.IntegerType@6892cc6f]
2021-11-19T10:23:40,789|[DEBUG] ClassLoaderAccessImpl - Not known whether passed class name [bloodbank.entity.Person] is safe
2021-11-19T10:23:40,789|[DEBUG] ClassLoaderAccessImpl - No temp ClassLoader provided; using live ClassLoader for loading potentially unsafe class : bloodbank.entity.Person
2021-11-19T10:23:40,801|[TRACE] AbstractPropertyMapping - Skipping duplicate registration of path [epochCreated], existing type = [org.hibernate.type.LongType@ae7950d], incoming type = [org.hibernate.type.LongType@ae7950d]
2021-11-19T10:23:40,801|[TRACE] AbstractPropertyMapping - Skipping duplicate registration of path [epochUpdated], existing type = [org.hibernate.type.LongType@ae7950d], incoming type = [org.hibernate.type.LongType@ae7950d]
2021-11-19T10:23:40,801|[TRACE] AbstractPropertyMapping - Skipping duplicate registration of path [version], existing type = [org.hibernate.type.IntegerType@6892cc6f], incoming type = [org.hibernate.type.IntegerType@6892cc6f]
2021-11-19T10:23:40,801|[TRACE] AbstractPropertyMapping - Skipping duplicate registration of path [contacts], existing type = [org.hibernate.type.SetType(bloodbank.entity.Person.contacts)], incoming type = [org.hibernate.type.SetType(bloodbank.entity.Person.contacts)]
2021-11-19T10:23:40,801|[TRACE] AbstractPropertyMapping - Skipping duplicate registration of path [donations], existing type = [org.hibernate.type.SetType(bloodbank.entity.Person.donations)], incoming type = [org.hibernate.type.SetType(bloodbank.entity.Person.donations)]
2021-11-19T10:23:40,801|[TRACE] AbstractPropertyMapping - Skipping duplicate registration of path [firstName], existing type = [org.hibernate.type.StringType@7fc645e4], incoming type = [org.hibernate.type.StringType@7fc645e4]
2021-11-19T10:23:40,801|[TRACE] AbstractPropertyMapping - Skipping duplicate registration of path [lastName], existing type = [org.hibernate.type.StringType@7fc645e4], incoming type = [org.hibernate.type.StringType@7fc645e4]
2021-11-19T10:23:40,801|[TRACE] AbstractPropertyMapping - Skipping duplicate registration of path [id], existing type = [org.hibernate.type.IntegerType@6892cc6f], incoming type = [org.hibernate.type.IntegerType@6892cc6f]
2021-11-19T10:23:40,812|[TRACE] AbstractPropertyMapping - Skipping duplicate registration of path [epochCreated], existing type = [org.hibernate.type.LongType@ae7950d], incoming type = [org.hibernate.type.LongType@ae7950d]
2021-11-19T10:23:40,812|[TRACE] AbstractPropertyMapping - Skipping duplicate registration of path [epochUpdated], existing type = [org.hibernate.type.LongType@ae7950d], incoming type = [org.hibernate.type.LongType@ae7950d]
2021-11-19T10:23:40,812|[TRACE] AbstractPropertyMapping - Skipping duplicate registration of path [version], existing type = [org.hibernate.type.IntegerType@6892cc6f], incoming type = [org.hibernate.type.IntegerType@6892cc6f]
2021-11-19T10:23:40,812|[TRACE] AbstractPropertyMapping - Skipping duplicate registration of path [donations], existing type = [org.hibernate.type.SetType(bloodbank.entity.BloodBank.donations)], incoming type = [org.hibernate.type.SetType(bloodbank.entity.BloodBank.donations)]
2021-11-19T10:23:40,812|[TRACE] AbstractPropertyMapping - Skipping duplicate registration of path [name], existing type = [org.hibernate.type.StringType@7fc645e4], incoming type = [org.hibernate.type.StringType@7fc645e4]
2021-11-19T10:23:40,812|[TRACE] AbstractPropertyMapping - Skipping duplicate registration of path [id], existing type = [org.hibernate.type.IntegerType@6892cc6f], incoming type = [org.hibernate.type.IntegerType@6892cc6f]
2021-11-19T10:23:40,813|[DEBUG] AbstractCollectionPersister - Static SQL for collection: bloodbank.entity.Address.contacts
2021-11-19T10:23:40,813|[DEBUG] AbstractCollectionPersister -  Row insert: /* create one-to-many row bloodbank.entity.Address.contacts */ update contact set address_id=? where person_id=? and phone_id=?
2021-11-19T10:23:40,813|[DEBUG] AbstractCollectionPersister -  Row update: update contact set  where person_id=? and phone_id=?
2021-11-19T10:23:40,813|[DEBUG] AbstractCollectionPersister -  Row delete: /* delete one-to-many row bloodbank.entity.Address.contacts */ update contact set address_id=null where address_id=? and person_id=? and phone_id=?
2021-11-19T10:23:40,813|[DEBUG] AbstractCollectionPersister -  One-shot delete: /* delete one-to-many bloodbank.entity.Address.contacts */ update contact set address_id=null where address_id=?
2021-11-19T10:23:40,813|[DEBUG] AbstractCollectionPersister - Static SQL for collection: bloodbank.entity.Person.donations
2021-11-19T10:23:40,813|[DEBUG] AbstractCollectionPersister -  Row insert: /* create one-to-many row bloodbank.entity.Person.donations */ update donation_record set person_id=? where record_id=?
2021-11-19T10:23:40,813|[DEBUG] AbstractCollectionPersister -  Row update: update donation_record set  where record_id=?
2021-11-19T10:23:40,813|[DEBUG] AbstractCollectionPersister -  Row delete: /* delete one-to-many row bloodbank.entity.Person.donations */ update donation_record set person_id=null where person_id=? and record_id=?
2021-11-19T10:23:40,813|[DEBUG] AbstractCollectionPersister -  One-shot delete: /* delete one-to-many bloodbank.entity.Person.donations */ update donation_record set person_id=null where person_id=?
2021-11-19T10:23:40,813|[DEBUG] AbstractCollectionPersister - Static SQL for collection: bloodbank.entity.Person.contacts
2021-11-19T10:23:40,813|[DEBUG] AbstractCollectionPersister -  Row insert: /* create one-to-many row bloodbank.entity.Person.contacts */ update contact set person_id=? where person_id=? and phone_id=?
2021-11-19T10:23:40,813|[DEBUG] AbstractCollectionPersister -  Row update: update contact set  where person_id=? and phone_id=?
2021-11-19T10:23:40,813|[DEBUG] AbstractCollectionPersister -  Row delete: /* delete one-to-many row bloodbank.entity.Person.contacts */ update contact set person_id=null where person_id=? and phone_id=?
2021-11-19T10:23:40,813|[DEBUG] AbstractCollectionPersister -  One-shot delete: /* delete one-to-many bloodbank.entity.Person.contacts */ update contact set person_id=null where person_id=?
2021-11-19T10:23:40,814|[DEBUG] AbstractCollectionPersister - Static SQL for collection: bloodbank.entity.Phone.contacts
2021-11-19T10:23:40,814|[DEBUG] AbstractCollectionPersister -  Row insert: /* create one-to-many row bloodbank.entity.Phone.contacts */ update contact set phone_id=? where person_id=? and phone_id=?
2021-11-19T10:23:40,814|[DEBUG] AbstractCollectionPersister -  Row update: update contact set  where person_id=? and phone_id=?
2021-11-19T10:23:40,814|[DEBUG] AbstractCollectionPersister -  Row delete: /* delete one-to-many row bloodbank.entity.Phone.contacts */ update contact set phone_id=null where phone_id=? and person_id=?
2021-11-19T10:23:40,814|[DEBUG] AbstractCollectionPersister -  One-shot delete: /* delete one-to-many bloodbank.entity.Phone.contacts */ update contact set phone_id=null where phone_id=?
2021-11-19T10:23:40,814|[DEBUG] AbstractCollectionPersister - Static SQL for collection: bloodbank.entity.BloodBank.donations
2021-11-19T10:23:40,814|[DEBUG] AbstractCollectionPersister -  Row insert: /* create one-to-many row bloodbank.entity.BloodBank.donations */ update blood_donation set bank_id=? where donation_id=?
2021-11-19T10:23:40,814|[DEBUG] AbstractCollectionPersister -  Row update: update blood_donation set  where donation_id=?
2021-11-19T10:23:40,814|[DEBUG] AbstractCollectionPersister -  Row delete: /* delete one-to-many row bloodbank.entity.BloodBank.donations */ update blood_donation set bank_id=null where bank_id=? and donation_id=?
2021-11-19T10:23:40,814|[DEBUG] AbstractCollectionPersister -  One-shot delete: /* delete one-to-many bloodbank.entity.BloodBank.donations */ update blood_donation set bank_id=null where bank_id=?
2021-11-19T10:23:40,815|[TRACE] AbstractEntityPersister - Ignoring subclass attribute definition [bloodbank.entity.BloodBank.epochCreated] because it is defined in a superclass 
2021-11-19T10:23:40,815|[TRACE] AbstractEntityPersister - Ignoring subclass attribute definition [bloodbank.entity.BloodBank.epochUpdated] because it is defined in a superclass 
2021-11-19T10:23:40,815|[TRACE] AbstractEntityPersister - Ignoring subclass attribute definition [bloodbank.entity.BloodBank.version] because it is defined in a superclass 
2021-11-19T10:23:40,815|[TRACE] AbstractEntityPersister - Ignoring subclass attribute definition [bloodbank.entity.BloodBank.donations] because it is defined in a superclass 
2021-11-19T10:23:40,815|[TRACE] AbstractEntityPersister - Ignoring subclass attribute definition [bloodbank.entity.BloodBank.name] because it is defined in a superclass 
2021-11-19T10:23:40,815|[TRACE] AbstractEntityPersister - Ignoring subclass attribute definition [bloodbank.entity.BloodBank.epochCreated] because it is defined in a superclass 
2021-11-19T10:23:40,815|[TRACE] AbstractEntityPersister - Ignoring subclass attribute definition [bloodbank.entity.BloodBank.epochUpdated] because it is defined in a superclass 
2021-11-19T10:23:40,815|[TRACE] AbstractEntityPersister - Ignoring subclass attribute definition [bloodbank.entity.BloodBank.version] because it is defined in a superclass 
2021-11-19T10:23:40,815|[TRACE] AbstractEntityPersister - Ignoring subclass attribute definition [bloodbank.entity.BloodBank.donations] because it is defined in a superclass 
2021-11-19T10:23:40,815|[TRACE] AbstractEntityPersister - Ignoring subclass attribute definition [bloodbank.entity.BloodBank.name] because it is defined in a superclass 
2021-11-19T10:23:40,815|[DEBUG] AbstractEntityPersister - Static SQL for entity: bloodbank.entity.Contact
2021-11-19T10:23:40,815|[DEBUG] AbstractEntityPersister -  Version select: /* get version bloodbank.entity.Contact */ select version from contact where person_id =? and phone_id =?
2021-11-19T10:23:40,815|[DEBUG] AbstractEntityPersister -  Snapshot select: /* get current state bloodbank.entity.Contact */ select contact_.person_id, contact_.phone_id, contact_.created as created3_3_, contact_.updated as updated4_3_, contact_.version as version5_3_, contact_.address_id as address_8_3_, contact_.contact_type as contact_6_3_, contact_.email as email7_3_ from contact contact_ where contact_.person_id=? and contact_.phone_id=?
2021-11-19T10:23:40,815|[DEBUG] AbstractEntityPersister -  Insert 0: /* insert bloodbank.entity.Contact */ insert into contact (created, updated, version, address_id, contact_type, email, person_id, phone_id) values (?, ?, ?, ?, ?, ?, ?, ?)
2021-11-19T10:23:40,815|[DEBUG] AbstractEntityPersister -  Update 0: /* update bloodbank.entity.Contact */ update contact set created=?, updated=?, version=?, address_id=?, contact_type=?, email=? where person_id=? and phone_id=? and version=?
2021-11-19T10:23:40,815|[DEBUG] AbstractEntityPersister -  Delete 0: /* delete bloodbank.entity.Contact */ delete from contact where person_id=? and phone_id=? and version=?
2021-11-19T10:23:40,816|[TRACE] AbstractLoadPlanBuildingAssociationVisitationStrategy -  Starting root entity : bloodbank.entity.Contact
2021-11-19T10:23:40,816|[DEBUG] QuerySpacesImpl - Adding QuerySpace : uid = <gen:0> -> org.hibernate.loader.plan.build.internal.spaces.EntityQuerySpaceImpl@e895e3e]
2021-11-19T10:23:40,816|[DEBUG] QuerySpacesImpl - Adding QuerySpace : uid = <gen:0>-id -> org.hibernate.loader.plan.build.internal.spaces.CompositeQuerySpaceImpl@77476fcf]
2021-11-19T10:23:40,816|[TRACE] AbstractLoadPlanBuildingAssociationVisitationStrategy - Pushing fetch source to stack : org.hibernate.loader.plan.build.internal.returns.EntityReturnImpl@70805849
2021-11-19T10:23:40,816|[TRACE] AbstractLoadPlanBuildingAssociationVisitationStrategy - .. Registering AssociationKey : AssociationKey(table=contact, columns={person_id,phone_id}) -> org.hibernate.loader.plan.build.internal.returns.EntityReturnImpl@70805849
2021-11-19T10:23:40,816|[TRACE] AbstractLoadPlanBuildingAssociationVisitationStrategy - >> Starting entity identifier : bloodbank.entity.Contact
2021-11-19T10:23:40,816|[TRACE] AbstractLoadPlanBuildingAssociationVisitationStrategy - Pushing fetch source to stack : org.hibernate.loader.plan.build.internal.returns.EncapsulatedEntityIdentifierDescription@e7d0db2
2021-11-19T10:23:40,816|[TRACE] AbstractLoadPlanBuildingAssociationVisitationStrategy - >>>> Starting composite : id
2021-11-19T10:23:40,816|[DEBUG] MetamodelGraphWalker - Visiting attribute path : personId
2021-11-19T10:23:40,816|[TRACE] AbstractLoadPlanBuildingAssociationVisitationStrategy - >>>> Starting attribute org.hibernate.persister.walking.internal.CompositionSingularSubAttributesHelper$1$1$3@4a41caed
2021-11-19T10:23:40,816|[TRACE] AbstractLoadPlanBuildingAssociationVisitationStrategy - <<<< Finishing up attribute : org.hibernate.persister.walking.internal.CompositionSingularSubAttributesHelper$1$1$3@4a41caed
2021-11-19T10:23:40,816|[DEBUG] MetamodelGraphWalker - Visiting attribute path : phoneId
2021-11-19T10:23:40,816|[TRACE] AbstractLoadPlanBuildingAssociationVisitationStrategy - >>>> Starting attribute org.hibernate.persister.walking.internal.CompositionSingularSubAttributesHelper$1$1$3@6b4fd7d
2021-11-19T10:23:40,816|[TRACE] AbstractLoadPlanBuildingAssociationVisitationStrategy - <<<< Finishing up attribute : org.hibernate.persister.walking.internal.CompositionSingularSubAttributesHelper$1$1$3@6b4fd7d
2021-11-19T10:23:40,816|[TRACE] AbstractLoadPlanBuildingAssociationVisitationStrategy - <<<< Finishing composite : id
2021-11-19T10:23:40,816|[TRACE] AbstractLoadPlanBuildingAssociationVisitationStrategy - Popped fetch owner from stack : org.hibernate.loader.plan.build.internal.returns.EncapsulatedEntityIdentifierDescription@e7d0db2
2021-11-19T10:23:40,816|[TRACE] AbstractLoadPlanBuildingAssociationVisitationStrategy - << Finished entity identifier : bloodbank.entity.Contact
2021-11-19T10:23:40,816|[DEBUG] MetamodelGraphWalker - Visiting attribute path : epochCreated
2021-11-19T10:23:40,816|[TRACE] AbstractLoadPlanBuildingAssociationVisitationStrategy - >> Starting attribute Attribute(name=epochCreated, type=long [non-identifier])
2021-11-19T10:23:40,816|[TRACE] AbstractLoadPlanBuildingAssociationVisitationStrategy - << Finishing up attribute : Attribute(name=epochCreated, type=long [non-identifier])
2021-11-19T10:23:40,816|[DEBUG] MetamodelGraphWalker - Visiting attribute path : epochUpdated
2021-11-19T10:23:40,816|[TRACE] AbstractLoadPlanBuildingAssociationVisitationStrategy - >> Starting attribute Attribute(name=epochUpdated, type=long [non-identifier])
2021-11-19T10:23:40,816|[TRACE] AbstractLoadPlanBuildingAssociationVisitationStrategy - << Finishing up attribute : Attribute(name=epochUpdated, type=long [non-identifier])
2021-11-19T10:23:40,816|[DEBUG] MetamodelGraphWalker - Visiting attribute path : version
2021-11-19T10:23:40,816|[TRACE] AbstractLoadPlanBuildingAssociationVisitationStrategy - >> Starting attribute Attribute(name=version, type=integer [non-identifier])
2021-11-19T10:23:40,816|[TRACE] AbstractLoadPlanBuildingAssociationVisitationStrategy - << Finishing up attribute : Attribute(name=version, type=integer [non-identifier])
2021-11-19T10:23:40,816|[DEBUG] MetamodelGraphWalker - Visiting attribute path : address
2021-11-19T10:23:40,816|[TRACE] AbstractLoadPlanBuildingAssociationVisitationStrategy - >> Starting attribute Attribute(name=address, type=bloodbank.entity.Address [non-identifier,association])
2021-11-19T10:23:40,816|[DEBUG] QuerySpacesImpl - Adding QuerySpace : uid = <gen:1> -> org.hibernate.loader.plan.build.internal.spaces.EntityQuerySpaceImpl@7404aff2]
2021-11-19T10:23:40,816|[TRACE] AbstractLoadPlanBuildingAssociationVisitationStrategy - << Finishing up attribute : Attribute(name=address, type=bloodbank.entity.Address [non-identifier,association])
2021-11-19T10:23:40,816|[DEBUG] MetamodelGraphWalker - Visiting attribute path : contactType
2021-11-19T10:23:40,816|[TRACE] AbstractLoadPlanBuildingAssociationVisitationStrategy - >> Starting attribute Attribute(name=contactType, type=string [non-identifier])
2021-11-19T10:23:40,816|[TRACE] AbstractLoadPlanBuildingAssociationVisitationStrategy - << Finishing up attribute : Attribute(name=contactType, type=string [non-identifier])
2021-11-19T10:23:40,816|[DEBUG] MetamodelGraphWalker - Visiting attribute path : email
2021-11-19T10:23:40,816|[TRACE] AbstractLoadPlanBuildingAssociationVisitationStrategy - >> Starting attribute Attribute(name=email, type=string [non-identifier])
2021-11-19T10:23:40,816|[TRACE] AbstractLoadPlanBuildingAssociationVisitationStrategy - << Finishing up attribute : Attribute(name=email, type=string [non-identifier])
2021-11-19T10:23:40,816|[DEBUG] MetamodelGraphWalker - Visiting attribute path : owner
2021-11-19T10:23:40,816|[TRACE] AbstractLoadPlanBuildingAssociationVisitationStrategy - >> Starting attribute Attribute(name=owner, type=bloodbank.entity.Person [non-identifier,association])
2021-11-19T10:23:40,817|[DEBUG] QuerySpacesImpl - Adding QuerySpace : uid = <gen:2> -> org.hibernate.loader.plan.build.internal.spaces.EntityQuerySpaceImpl@12723c5d]
2021-11-19T10:23:40,817|[TRACE] AbstractLoadPlanBuildingAssociationVisitationStrategy - << Finishing up attribute : Attribute(name=owner, type=bloodbank.entity.Person [non-identifier,association])
2021-11-19T10:23:40,817|[DEBUG] MetamodelGraphWalker - Visiting attribute path : phone
2021-11-19T10:23:40,817|[TRACE] AbstractLoadPlanBuildingAssociationVisitationStrategy - >> Starting attribute Attribute(name=phone, type=bloodbank.entity.Phone [non-identifier,association])
2021-11-19T10:23:40,817|[DEBUG] QuerySpacesImpl - Adding QuerySpace : uid = <gen:3> -> org.hibernate.loader.plan.build.internal.spaces.EntityQuerySpaceImpl@56a09a5c]
2021-11-19T10:23:40,817|[TRACE] AbstractLoadPlanBuildingAssociationVisitationStrategy - << Finishing up attribute : Attribute(name=phone, type=bloodbank.entity.Phone [non-identifier,association])
2021-11-19T10:23:40,817|[TRACE] AbstractLoadPlanBuildingAssociationVisitationStrategy - Popped fetch owner from stack : org.hibernate.loader.plan.build.internal.returns.EntityReturnImpl@70805849
2021-11-19T10:23:40,817|[TRACE] AbstractLoadPlanBuildingAssociationVisitationStrategy -  Finished root entity : bloodbank.entity.Contact
2021-11-19T10:23:40,817|[DEBUG] FetchStyleLoadPlanBuildingAssociationVisitationStrategy - Building LoadPlan...
2021-11-19T10:23:40,817|[DEBUG] LoadQueryJoinAndFetchProcessor - processing queryspace <gen:0>
2021-11-19T10:23:40,817|[DEBUG] LoadPlanTreePrinter - LoadPlan(entity=bloodbank.entity.Contact)
    - Returns
       - EntityReturnImpl(entity=bloodbank.entity.Contact, querySpaceUid=<gen:0>, path=bloodbank.entity.Contact)
          - EntityAttributeFetchImpl(entity=bloodbank.entity.Address, querySpaceUid=<gen:1>, path=bloodbank.entity.Contact.address)
          - EntityAttributeFetchImpl(entity=bloodbank.entity.Person, querySpaceUid=<gen:2>, path=bloodbank.entity.Contact.owner)
          - EntityAttributeFetchImpl(entity=bloodbank.entity.Phone, querySpaceUid=<gen:3>, path=bloodbank.entity.Contact.phone)
    - QuerySpaces
       - EntityQuerySpaceImpl(uid=<gen:0>, entity=bloodbank.entity.Contact)
          - SQL table alias mapping - contact0_
          - alias suffix - 0_
          - suffixed key columns - {person_i1_3_0_, phone_id2_3_0_}
          - JOIN (JoinDefinedByMetadata(id)) : <gen:0> -> <gen:0>-id
             - CompositeQuerySpaceImpl(uid=<gen:0>-id)
                - SQL table alias mapping - contact0_

2021-11-19T10:23:40,818|[DEBUG] EntityLoader - Static select for entity bloodbank.entity.Contact [NONE]: select contact0_.person_id as person_i1_3_0_, contact0_.phone_id as phone_id2_3_0_, contact0_.created as created3_3_0_, contact0_.updated as updated4_3_0_, contact0_.version as version5_3_0_, contact0_.address_id as address_8_3_0_, contact0_.contact_type as contact_6_3_0_, contact0_.email as email7_3_0_ from contact contact0_ where contact0_.person_id=? and contact0_.phone_id=?
2021-11-19T10:23:40,818|[DEBUG] AbstractEntityPersister - Static SQL for entity: bloodbank.entity.Phone
2021-11-19T10:23:40,818|[DEBUG] AbstractEntityPersister -  Version select: /* get version bloodbank.entity.Phone */ select version from phone where phone_id =?
2021-11-19T10:23:40,818|[DEBUG] AbstractEntityPersister -  Snapshot select: /* get current state bloodbank.entity.Phone */ select phone_.phone_id, phone_.created as created2_6_, phone_.updated as updated3_6_, phone_.version as version4_6_, phone_.area_code as area_cod5_6_, phone_.country_code as country_6_6_, phone_.number as number7_6_ from phone phone_ where phone_.phone_id=?
2021-11-19T10:23:40,818|[DEBUG] AbstractEntityPersister -  Insert 0: /* insert bloodbank.entity.Phone */ insert into phone (created, updated, version, area_code, country_code, number, phone_id) values (?, ?, ?, ?, ?, ?, ?)
2021-11-19T10:23:40,818|[DEBUG] AbstractEntityPersister -  Update 0: /* update bloodbank.entity.Phone */ update phone set created=?, updated=?, version=?, area_code=?, country_code=?, number=? where phone_id=? and version=?
2021-11-19T10:23:40,818|[DEBUG] AbstractEntityPersister -  Delete 0: /* delete bloodbank.entity.Phone */ delete from phone where phone_id=? and version=?
2021-11-19T10:23:40,818|[DEBUG] AbstractEntityPersister -  Identity insert: /* insert bloodbank.entity.Phone */ insert into phone (created, updated, version, area_code, country_code, number) values (?, ?, ?, ?, ?, ?)
2021-11-19T10:23:40,818|[TRACE] AbstractLoadPlanBuildingAssociationVisitationStrategy -  Starting root entity : bloodbank.entity.Phone
2021-11-19T10:23:40,818|[DEBUG] QuerySpacesImpl - Adding QuerySpace : uid = <gen:0> -> org.hibernate.loader.plan.build.internal.spaces.EntityQuerySpaceImpl@775edae0]
2021-11-19T10:23:40,818|[TRACE] AbstractLoadPlanBuildingAssociationVisitationStrategy - Pushing fetch source to stack : org.hibernate.loader.plan.build.internal.returns.EntityReturnImpl@26f480c6
2021-11-19T10:23:40,818|[TRACE] AbstractLoadPlanBuildingAssociationVisitationStrategy - .. Registering AssociationKey : AssociationKey(table=phone, columns={phone_id}) -> org.hibernate.loader.plan.build.internal.returns.EntityReturnImpl@26f480c6
2021-11-19T10:23:40,818|[TRACE] AbstractLoadPlanBuildingAssociationVisitationStrategy - >> Starting entity identifier : bloodbank.entity.Phone
2021-11-19T10:23:40,818|[DEBUG] MetamodelGraphWalker - Visiting attribute path : epochCreated
2021-11-19T10:23:40,818|[TRACE] AbstractLoadPlanBuildingAssociationVisitationStrategy - >> Starting attribute Attribute(name=epochCreated, type=long [non-identifier])
2021-11-19T10:23:40,818|[TRACE] AbstractLoadPlanBuildingAssociationVisitationStrategy - << Finishing up attribute : Attribute(name=epochCreated, type=long [non-identifier])
2021-11-19T10:23:40,818|[DEBUG] MetamodelGraphWalker - Visiting attribute path : epochUpdated
2021-11-19T10:23:40,818|[TRACE] AbstractLoadPlanBuildingAssociationVisitationStrategy - >> Starting attribute Attribute(name=epochUpdated, type=long [non-identifier])
2021-11-19T10:23:40,818|[TRACE] AbstractLoadPlanBuildingAssociationVisitationStrategy - << Finishing up attribute : Attribute(name=epochUpdated, type=long [non-identifier])
2021-11-19T10:23:40,818|[DEBUG] MetamodelGraphWalker - Visiting attribute path : version
2021-11-19T10:23:40,818|[TRACE] AbstractLoadPlanBuildingAssociationVisitationStrategy - >> Starting attribute Attribute(name=version, type=integer [non-identifier])
2021-11-19T10:23:40,818|[TRACE] AbstractLoadPlanBuildingAssociationVisitationStrategy - << Finishing up attribute : Attribute(name=version, type=integer [non-identifier])
2021-11-19T10:23:40,818|[DEBUG] MetamodelGraphWalker - Visiting attribute path : areaCode
2021-11-19T10:23:40,818|[TRACE] AbstractLoadPlanBuildingAssociationVisitationStrategy - >> Starting attribute Attribute(name=areaCode, type=string [non-identifier])
2021-11-19T10:23:40,818|[TRACE] AbstractLoadPlanBuildingAssociationVisitationStrategy - << Finishing up attribute : Attribute(name=areaCode, type=string [non-identifier])
2021-11-19T10:23:40,818|[DEBUG] MetamodelGraphWalker - Visiting attribute path : contacts
2021-11-19T10:23:40,818|[TRACE] AbstractLoadPlanBuildingAssociationVisitationStrategy - >> Starting attribute Attribute(name=contacts, type=java.util.Set(bloodbank.entity.Phone.contacts) [non-identifier,association])
2021-11-19T10:23:40,818|[DEBUG] QuerySpacesImpl - Adding QuerySpace : uid = <gen:1> -> org.hibernate.loader.plan.build.internal.spaces.CollectionQuerySpaceImpl@2567c091]
2021-11-19T10:23:40,818|[DEBUG] QuerySpacesImpl - Adding QuerySpace : uid = <gen:2> -> org.hibernate.loader.plan.build.internal.spaces.EntityQuerySpaceImpl@7747cc1b]
2021-11-19T10:23:40,818|[DEBUG] QuerySpacesImpl - Adding QuerySpace : uid = <gen:2>-id -> org.hibernate.loader.plan.build.internal.spaces.CompositeQuerySpaceImpl@76cf91c9]
2021-11-19T10:23:40,818|[TRACE] AbstractLoadPlanBuildingAssociationVisitationStrategy - << Finishing up attribute : Attribute(name=contacts, type=java.util.Set(bloodbank.entity.Phone.contacts) [non-identifier,association])
2021-11-19T10:23:40,819|[DEBUG] MetamodelGraphWalker - Visiting attribute path : countryCode
2021-11-19T10:23:40,819|[TRACE] AbstractLoadPlanBuildingAssociationVisitationStrategy - >> Starting attribute Attribute(name=countryCode, type=string [non-identifier])
2021-11-19T10:23:40,819|[TRACE] AbstractLoadPlanBuildingAssociationVisitationStrategy - << Finishing up attribute : Attribute(name=countryCode, type=string [non-identifier])
2021-11-19T10:23:40,819|[DEBUG] MetamodelGraphWalker - Visiting attribute path : number
2021-11-19T10:23:40,819|[TRACE] AbstractLoadPlanBuildingAssociationVisitationStrategy - >> Starting attribute Attribute(name=number, type=string [non-identifier])
2021-11-19T10:23:40,819|[TRACE] AbstractLoadPlanBuildingAssociationVisitationStrategy - << Finishing up attribute : Attribute(name=number, type=string [non-identifier])
2021-11-19T10:23:40,819|[TRACE] AbstractLoadPlanBuildingAssociationVisitationStrategy - Popped fetch owner from stack : org.hibernate.loader.plan.build.internal.returns.EntityReturnImpl@26f480c6
2021-11-19T10:23:40,819|[TRACE] AbstractLoadPlanBuildingAssociationVisitationStrategy -  Finished root entity : bloodbank.entity.Phone
2021-11-19T10:23:40,819|[DEBUG] FetchStyleLoadPlanBuildingAssociationVisitationStrategy - Building LoadPlan...
2021-11-19T10:23:40,819|[DEBUG] LoadQueryJoinAndFetchProcessor - processing queryspace <gen:0>
2021-11-19T10:23:40,819|[DEBUG] LoadPlanTreePrinter - LoadPlan(entity=bloodbank.entity.Phone)
    - Returns
       - EntityReturnImpl(entity=bloodbank.entity.Phone, querySpaceUid=<gen:0>, path=bloodbank.entity.Phone)
          - CollectionAttributeFetchImpl(collection=bloodbank.entity.Phone.contacts, querySpaceUid=<gen:1>, path=bloodbank.entity.Phone.contacts)
             - (collection element) CollectionFetchableElementEntityGraph(entity=bloodbank.entity.Contact, querySpaceUid=<gen:2>, path=bloodbank.entity.Phone.contacts.<elements>)
    - QuerySpaces
       - EntityQuerySpaceImpl(uid=<gen:0>, entity=bloodbank.entity.Phone)
          - SQL table alias mapping - phone0_
          - alias suffix - 0_
          - suffixed key columns - {phone_id1_6_0_}

2021-11-19T10:23:40,819|[DEBUG] EntityLoader - Static select for entity bloodbank.entity.Phone [NONE]: select phone0_.phone_id as phone_id1_6_0_, phone0_.created as created2_6_0_, phone0_.updated as updated3_6_0_, phone0_.version as version4_6_0_, phone0_.area_code as area_cod5_6_0_, phone0_.country_code as country_6_6_0_, phone0_.number as number7_6_0_ from phone phone0_ where phone0_.phone_id=?
2021-11-19T10:23:40,820|[DEBUG] AbstractEntityPersister - Static SQL for entity: bloodbank.entity.BloodDonation
2021-11-19T10:23:40,820|[DEBUG] AbstractEntityPersister -  Version select: /* get version bloodbank.entity.BloodDonation */ select version from blood_donation where donation_id =?
2021-11-19T10:23:40,820|[DEBUG] AbstractEntityPersister -  Snapshot select: /* get current state bloodbank.entity.BloodDonation */ select blooddonat_.donation_id, blooddonat_.created as created2_2_, blooddonat_.updated as updated3_2_, blooddonat_.version as version4_2_, blooddonat_.bank_id as bank_id8_2_, blooddonat_.blood_group as blood_gr5_2_, blooddonat_.rhd as rhd6_2_, blooddonat_.milliliters as millilit7_2_ from blood_donation blooddonat_ where blooddonat_.donation_id=?
2021-11-19T10:23:40,820|[DEBUG] AbstractEntityPersister -  Insert 0: /* insert bloodbank.entity.BloodDonation */ insert into blood_donation (created, updated, version, bank_id, blood_group, rhd, milliliters, donation_id) values (?, ?, ?, ?, ?, ?, ?, ?)
2021-11-19T10:23:40,820|[DEBUG] AbstractEntityPersister -  Update 0: /* update bloodbank.entity.BloodDonation */ update blood_donation set created=?, updated=?, version=?, bank_id=?, blood_group=?, rhd=?, milliliters=? where donation_id=? and version=?
2021-11-19T10:23:40,820|[DEBUG] AbstractEntityPersister -  Delete 0: /* delete bloodbank.entity.BloodDonation */ delete from blood_donation where donation_id=? and version=?
2021-11-19T10:23:40,820|[DEBUG] AbstractEntityPersister -  Identity insert: /* insert bloodbank.entity.BloodDonation */ insert into blood_donation (created, updated, version, bank_id, blood_group, rhd, milliliters) values (?, ?, ?, ?, ?, ?, ?)
2021-11-19T10:23:40,820|[TRACE] AbstractLoadPlanBuildingAssociationVisitationStrategy -  Starting root entity : bloodbank.entity.BloodDonation
2021-11-19T10:23:40,820|[DEBUG] QuerySpacesImpl - Adding QuerySpace : uid = <gen:0> -> org.hibernate.loader.plan.build.internal.spaces.EntityQuerySpaceImpl@74bfdd66]
2021-11-19T10:23:40,820|[TRACE] AbstractLoadPlanBuildingAssociationVisitationStrategy - Pushing fetch source to stack : org.hibernate.loader.plan.build.internal.returns.EntityReturnImpl@6fc7e828
2021-11-19T10:23:40,820|[TRACE] AbstractLoadPlanBuildingAssociationVisitationStrategy - .. Registering AssociationKey : AssociationKey(table=blood_donation, columns={donation_id}) -> org.hibernate.loader.plan.build.internal.returns.EntityReturnImpl@6fc7e828
2021-11-19T10:23:40,820|[TRACE] AbstractLoadPlanBuildingAssociationVisitationStrategy - >> Starting entity identifier : bloodbank.entity.BloodDonation
2021-11-19T10:23:40,820|[DEBUG] MetamodelGraphWalker - Visiting attribute path : epochCreated
2021-11-19T10:23:40,820|[TRACE] AbstractLoadPlanBuildingAssociationVisitationStrategy - >> Starting attribute Attribute(name=epochCreated, type=long [non-identifier])
2021-11-19T10:23:40,820|[TRACE] AbstractLoadPlanBuildingAssociationVisitationStrategy - << Finishing up attribute : Attribute(name=epochCreated, type=long [non-identifier])
2021-11-19T10:23:40,820|[DEBUG] MetamodelGraphWalker - Visiting attribute path : epochUpdated
2021-11-19T10:23:40,820|[TRACE] AbstractLoadPlanBuildingAssociationVisitationStrategy - >> Starting attribute Attribute(name=epochUpdated, type=long [non-identifier])
2021-11-19T10:23:40,820|[TRACE] AbstractLoadPlanBuildingAssociationVisitationStrategy - << Finishing up attribute : Attribute(name=epochUpdated, type=long [non-identifier])
2021-11-19T10:23:40,820|[DEBUG] MetamodelGraphWalker - Visiting attribute path : version
2021-11-19T10:23:40,820|[TRACE] AbstractLoadPlanBuildingAssociationVisitationStrategy - >> Starting attribute Attribute(name=version, type=integer [non-identifier])
2021-11-19T10:23:40,820|[TRACE] AbstractLoadPlanBuildingAssociationVisitationStrategy - << Finishing up attribute : Attribute(name=version, type=integer [non-identifier])
2021-11-19T10:23:40,820|[DEBUG] MetamodelGraphWalker - Visiting attribute path : bank
2021-11-19T10:23:40,820|[TRACE] AbstractLoadPlanBuildingAssociationVisitationStrategy - >> Starting attribute Attribute(name=bank, type=bloodbank.entity.BloodBank [non-identifier,association])
2021-11-19T10:23:40,820|[DEBUG] QuerySpacesImpl - Adding QuerySpace : uid = <gen:1> -> org.hibernate.loader.plan.build.internal.spaces.EntityQuerySpaceImpl@26a9c6df]
2021-11-19T10:23:40,820|[TRACE] AbstractLoadPlanBuildingAssociationVisitationStrategy - << Finishing up attribute : Attribute(name=bank, type=bloodbank.entity.BloodBank [non-identifier,association])
2021-11-19T10:23:40,820|[DEBUG] MetamodelGraphWalker - Visiting attribute path : bloodType
2021-11-19T10:23:40,820|[TRACE] AbstractLoadPlanBuildingAssociationVisitationStrategy - >> Starting attribute Attribute(name=bloodType, type=component[bloodGroup,rhd] [non-identifier,composition])
2021-11-19T10:23:40,820|[DEBUG] QuerySpacesImpl - Adding QuerySpace : uid = <gen:2> -> org.hibernate.loader.plan.build.internal.spaces.CompositeQuerySpaceImpl@2ce24a1a]
2021-11-19T10:23:40,820|[TRACE] AbstractLoadPlanBuildingAssociationVisitationStrategy - Pushing fetch source to stack : org.hibernate.loader.plan.build.internal.returns.CompositeAttributeFetchImpl@26bce60d
2021-11-19T10:23:40,820|[TRACE] AbstractLoadPlanBuildingAssociationVisitationStrategy - >>>> Starting composite : bloodType
2021-11-19T10:23:40,821|[DEBUG] MetamodelGraphWalker - Visiting attribute path : bloodType.bloodGroup
2021-11-19T10:23:40,821|[TRACE] AbstractLoadPlanBuildingAssociationVisitationStrategy - >>>> Starting attribute Attribute(name=bloodGroup, type=string [non-identifier])
2021-11-19T10:23:40,821|[TRACE] AbstractLoadPlanBuildingAssociationVisitationStrategy - <<<< Finishing up attribute : Attribute(name=bloodGroup, type=string [non-identifier])
2021-11-19T10:23:40,821|[DEBUG] MetamodelGraphWalker - Visiting attribute path : bloodType.rhd
2021-11-19T10:23:40,821|[TRACE] AbstractLoadPlanBuildingAssociationVisitationStrategy - >>>> Starting attribute Attribute(name=rhd, type=byte [non-identifier])
2021-11-19T10:23:40,821|[TRACE] AbstractLoadPlanBuildingAssociationVisitationStrategy - <<<< Finishing up attribute : Attribute(name=rhd, type=byte [non-identifier])
2021-11-19T10:23:40,821|[TRACE] AbstractLoadPlanBuildingAssociationVisitationStrategy - <<<< Finishing composite : bloodType
2021-11-19T10:23:40,821|[TRACE] AbstractLoadPlanBuildingAssociationVisitationStrategy - Popped fetch owner from stack : org.hibernate.loader.plan.build.internal.returns.CompositeAttributeFetchImpl@26bce60d
2021-11-19T10:23:40,821|[TRACE] AbstractLoadPlanBuildingAssociationVisitationStrategy - << Finishing up attribute : Attribute(name=bloodType, type=component[bloodGroup,rhd] [non-identifier,composition])
2021-11-19T10:23:40,821|[DEBUG] MetamodelGraphWalker - Visiting attribute path : milliliters
2021-11-19T10:23:40,821|[TRACE] AbstractLoadPlanBuildingAssociationVisitationStrategy - >> Starting attribute Attribute(name=milliliters, type=integer [non-identifier])
2021-11-19T10:23:40,821|[TRACE] AbstractLoadPlanBuildingAssociationVisitationStrategy - << Finishing up attribute : Attribute(name=milliliters, type=integer [non-identifier])
2021-11-19T10:23:40,821|[DEBUG] MetamodelGraphWalker - Visiting attribute path : record
2021-11-19T10:23:40,821|[DEBUG] MetamodelGraphWalker - Property path deemed to be circular : record
2021-11-19T10:23:40,821|[TRACE] AbstractLoadPlanBuildingAssociationVisitationStrategy - Popped fetch owner from stack : org.hibernate.loader.plan.build.internal.returns.EntityReturnImpl@6fc7e828
2021-11-19T10:23:40,821|[TRACE] AbstractLoadPlanBuildingAssociationVisitationStrategy -  Finished root entity : bloodbank.entity.BloodDonation
2021-11-19T10:23:40,821|[DEBUG] FetchStyleLoadPlanBuildingAssociationVisitationStrategy - Building LoadPlan...
2021-11-19T10:23:40,821|[DEBUG] LoadQueryJoinAndFetchProcessor - processing queryspace <gen:0>
2021-11-19T10:23:40,822|[DEBUG] LoadPlanTreePrinter - LoadPlan(entity=bloodbank.entity.BloodDonation)
    - Returns
       - EntityReturnImpl(entity=bloodbank.entity.BloodDonation, querySpaceUid=<gen:0>, path=bloodbank.entity.BloodDonation)
          - EntityAttributeFetchImpl(entity=bloodbank.entity.BloodBank, querySpaceUid=<gen:1>, path=bloodbank.entity.BloodDonation.bank)
          - CompositeAttributeFetchImpl(composite=bloodbank.entity.BloodType, querySpaceUid=<gen:2>, path=bloodbank.entity.BloodDonation.bloodType)
    - QuerySpaces
       - EntityQuerySpaceImpl(uid=<gen:0>, entity=bloodbank.entity.BloodDonation)
          - SQL table alias mapping - blooddonat0_
          - alias suffix - 0_
          - suffixed key columns - {donation1_2_0_}
          - JOIN (JoinDefinedByMetadata(bloodType)) : <gen:0> -> <gen:2>
             - CompositeQuerySpaceImpl(uid=<gen:2>)
                - SQL table alias mapping - blooddonat0_

2021-11-19T10:23:40,822|[DEBUG] EntityLoader - Static select for entity bloodbank.entity.BloodDonation [NONE]: select blooddonat0_.donation_id as donation1_2_0_, blooddonat0_.created as created2_2_0_, blooddonat0_.updated as updated3_2_0_, blooddonat0_.version as version4_2_0_, blooddonat0_.bank_id as bank_id8_2_0_, blooddonat0_.blood_group as blood_gr5_2_0_, blooddonat0_.rhd as rhd6_2_0_, blooddonat0_.milliliters as millilit7_2_0_ from blood_donation blooddonat0_ where blooddonat0_.donation_id=?
2021-11-19T10:23:40,822|[DEBUG] AbstractEntityPersister - Static SQL for entity: bloodbank.entity.BloodBank
2021-11-19T10:23:40,822|[DEBUG] AbstractEntityPersister -  Version select: /* get version bloodbank.entity.BloodBank */ select version from blood_bank where bank_id =?
2021-11-19T10:23:40,822|[DEBUG] AbstractEntityPersister -  Snapshot select: /* get current state bloodbank.entity.BloodBank */ select bloodbank_.bank_id, bloodbank_.created as created3_1_, bloodbank_.updated as updated4_1_, bloodbank_.version as version5_1_, bloodbank_.name as name6_1_ from blood_bank bloodbank_ where bloodbank_.bank_id=?
2021-11-19T10:23:40,822|[DEBUG] AbstractEntityPersister -  Insert 0: /* insert bloodbank.entity.BloodBank */ insert into blood_bank (created, updated, version, name, privately_owned, bank_id) values (?, ?, ?, ?, -1082010826, ?)
2021-11-19T10:23:40,822|[DEBUG] AbstractEntityPersister -  Update 0: /* update bloodbank.entity.BloodBank */ update blood_bank set created=?, updated=?, version=?, name=? where bank_id=? and version=?
2021-11-19T10:23:40,823|[DEBUG] AbstractEntityPersister -  Delete 0: /* delete bloodbank.entity.BloodBank */ delete from blood_bank where bank_id=? and version=?
2021-11-19T10:23:40,823|[DEBUG] AbstractEntityPersister -  Identity insert: /* insert bloodbank.entity.BloodBank */ insert into blood_bank (created, updated, version, name, privately_owned) values (?, ?, ?, ?, -1082010826)
2021-11-19T10:23:40,823|[TRACE] AbstractLoadPlanBuildingAssociationVisitationStrategy -  Starting root entity : bloodbank.entity.BloodBank
2021-11-19T10:23:40,823|[DEBUG] QuerySpacesImpl - Adding QuerySpace : uid = <gen:0> -> org.hibernate.loader.plan.build.internal.spaces.EntityQuerySpaceImpl@76eadc5a]
2021-11-19T10:23:40,823|[TRACE] AbstractLoadPlanBuildingAssociationVisitationStrategy - Pushing fetch source to stack : org.hibernate.loader.plan.build.internal.returns.EntityReturnImpl@1e9d7366
2021-11-19T10:23:40,823|[TRACE] AbstractLoadPlanBuildingAssociationVisitationStrategy - .. Registering AssociationKey : AssociationKey(table=blood_bank, columns={bank_id}) -> org.hibernate.loader.plan.build.internal.returns.EntityReturnImpl@1e9d7366
2021-11-19T10:23:40,823|[TRACE] AbstractLoadPlanBuildingAssociationVisitationStrategy - >> Starting entity identifier : bloodbank.entity.BloodBank
2021-11-19T10:23:40,823|[DEBUG] MetamodelGraphWalker - Visiting attribute path : epochCreated
2021-11-19T10:23:40,823|[TRACE] AbstractLoadPlanBuildingAssociationVisitationStrategy - >> Starting attribute Attribute(name=epochCreated, type=long [non-identifier])
2021-11-19T10:23:40,823|[TRACE] AbstractLoadPlanBuildingAssociationVisitationStrategy - << Finishing up attribute : Attribute(name=epochCreated, type=long [non-identifier])
2021-11-19T10:23:40,823|[DEBUG] MetamodelGraphWalker - Visiting attribute path : epochUpdated
2021-11-19T10:23:40,823|[TRACE] AbstractLoadPlanBuildingAssociationVisitationStrategy - >> Starting attribute Attribute(name=epochUpdated, type=long [non-identifier])
2021-11-19T10:23:40,823|[TRACE] AbstractLoadPlanBuildingAssociationVisitationStrategy - << Finishing up attribute : Attribute(name=epochUpdated, type=long [non-identifier])
2021-11-19T10:23:40,823|[DEBUG] MetamodelGraphWalker - Visiting attribute path : version
2021-11-19T10:23:40,823|[TRACE] AbstractLoadPlanBuildingAssociationVisitationStrategy - >> Starting attribute Attribute(name=version, type=integer [non-identifier])
2021-11-19T10:23:40,823|[TRACE] AbstractLoadPlanBuildingAssociationVisitationStrategy - << Finishing up attribute : Attribute(name=version, type=integer [non-identifier])
2021-11-19T10:23:40,823|[DEBUG] MetamodelGraphWalker - Visiting attribute path : donations
2021-11-19T10:23:40,823|[TRACE] AbstractLoadPlanBuildingAssociationVisitationStrategy - >> Starting attribute Attribute(name=donations, type=java.util.Set(bloodbank.entity.BloodBank.donations) [non-identifier,association])
2021-11-19T10:23:40,823|[DEBUG] QuerySpacesImpl - Adding QuerySpace : uid = <gen:1> -> org.hibernate.loader.plan.build.internal.spaces.CollectionQuerySpaceImpl@20914835]
2021-11-19T10:23:40,823|[DEBUG] QuerySpacesImpl - Adding QuerySpace : uid = <gen:2> -> org.hibernate.loader.plan.build.internal.spaces.EntityQuerySpaceImpl@615c4ea4]
2021-11-19T10:23:40,823|[TRACE] AbstractLoadPlanBuildingAssociationVisitationStrategy - << Finishing up attribute : Attribute(name=donations, type=java.util.Set(bloodbank.entity.BloodBank.donations) [non-identifier,association])
2021-11-19T10:23:40,823|[DEBUG] MetamodelGraphWalker - Visiting attribute path : name
2021-11-19T10:23:40,823|[TRACE] AbstractLoadPlanBuildingAssociationVisitationStrategy - >> Starting attribute Attribute(name=name, type=string [non-identifier])
2021-11-19T10:23:40,823|[TRACE] AbstractLoadPlanBuildingAssociationVisitationStrategy - << Finishing up attribute : Attribute(name=name, type=string [non-identifier])
2021-11-19T10:23:40,823|[TRACE] AbstractLoadPlanBuildingAssociationVisitationStrategy - Popped fetch owner from stack : org.hibernate.loader.plan.build.internal.returns.EntityReturnImpl@1e9d7366
2021-11-19T10:23:40,823|[TRACE] AbstractLoadPlanBuildingAssociationVisitationStrategy -  Finished root entity : bloodbank.entity.BloodBank
2021-11-19T10:23:40,823|[DEBUG] FetchStyleLoadPlanBuildingAssociationVisitationStrategy - Building LoadPlan...
2021-11-19T10:23:40,823|[DEBUG] LoadQueryJoinAndFetchProcessor - processing queryspace <gen:0>
2021-11-19T10:23:40,824|[DEBUG] LoadPlanTreePrinter - LoadPlan(entity=bloodbank.entity.BloodBank)
    - Returns
       - EntityReturnImpl(entity=bloodbank.entity.BloodBank, querySpaceUid=<gen:0>, path=bloodbank.entity.BloodBank)
          - CollectionAttributeFetchImpl(collection=bloodbank.entity.BloodBank.donations, querySpaceUid=<gen:1>, path=bloodbank.entity.BloodBank.donations)
             - (collection element) CollectionFetchableElementEntityGraph(entity=bloodbank.entity.BloodDonation, querySpaceUid=<gen:2>, path=bloodbank.entity.BloodBank.donations.<elements>)
    - QuerySpaces
       - EntityQuerySpaceImpl(uid=<gen:0>, entity=bloodbank.entity.BloodBank)
          - SQL table alias mapping - bloodbank0_
          - alias suffix - 0_
          - suffixed key columns - {bank_id2_1_0_}

2021-11-19T10:23:40,824|[DEBUG] EntityLoader - Static select for entity bloodbank.entity.BloodBank [NONE]: select bloodbank0_.bank_id as bank_id2_1_0_, bloodbank0_.created as created3_1_0_, bloodbank0_.updated as updated4_1_0_, bloodbank0_.version as version5_1_0_, bloodbank0_.name as name6_1_0_, bloodbank0_.privately_owned as privatel1_1_0_ from blood_bank bloodbank0_ where bloodbank0_.bank_id=?
2021-11-19T10:23:40,824|[DEBUG] AbstractEntityPersister - Static SQL for entity: bloodbank.entity.PrivateBloodBank
2021-11-19T10:23:40,824|[DEBUG] AbstractEntityPersister -  Version select: /* get version bloodbank.entity.PrivateBloodBank */ select version from blood_bank where bank_id =?
2021-11-19T10:23:40,824|[DEBUG] AbstractEntityPersister -  Snapshot select: /* get current state bloodbank.entity.PrivateBloodBank */ select privateblo_.bank_id, privateblo_.created as created3_1_, privateblo_.updated as updated4_1_, privateblo_.version as version5_1_, privateblo_.name as name6_1_ from blood_bank privateblo_ where privateblo_.bank_id=?
2021-11-19T10:23:40,824|[DEBUG] AbstractEntityPersister -  Insert 0: /* insert bloodbank.entity.PrivateBloodBank */ insert into blood_bank (created, updated, version, name, privately_owned, bank_id) values (?, ?, ?, ?, 1, ?)
2021-11-19T10:23:40,824|[DEBUG] AbstractEntityPersister -  Update 0: /* update bloodbank.entity.PrivateBloodBank */ update blood_bank set created=?, updated=?, version=?, name=? where bank_id=? and version=?
2021-11-19T10:23:40,824|[DEBUG] AbstractEntityPersister -  Delete 0: /* delete bloodbank.entity.PrivateBloodBank */ delete from blood_bank where bank_id=? and version=?
2021-11-19T10:23:40,824|[DEBUG] AbstractEntityPersister -  Identity insert: /* insert bloodbank.entity.PrivateBloodBank */ insert into blood_bank (created, updated, version, name, privately_owned) values (?, ?, ?, ?, 1)
2021-11-19T10:23:40,824|[TRACE] AbstractLoadPlanBuildingAssociationVisitationStrategy -  Starting root entity : bloodbank.entity.PrivateBloodBank
2021-11-19T10:23:40,824|[DEBUG] QuerySpacesImpl - Adding QuerySpace : uid = <gen:0> -> org.hibernate.loader.plan.build.internal.spaces.EntityQuerySpaceImpl@417446d9]
2021-11-19T10:23:40,824|[TRACE] AbstractLoadPlanBuildingAssociationVisitationStrategy - Pushing fetch source to stack : org.hibernate.loader.plan.build.internal.returns.EntityReturnImpl@34070bd2
2021-11-19T10:23:40,824|[TRACE] AbstractLoadPlanBuildingAssociationVisitationStrategy - .. Registering AssociationKey : AssociationKey(table=blood_bank, columns={bank_id}) -> org.hibernate.loader.plan.build.internal.returns.EntityReturnImpl@34070bd2
2021-11-19T10:23:40,824|[TRACE] AbstractLoadPlanBuildingAssociationVisitationStrategy - >> Starting entity identifier : bloodbank.entity.PrivateBloodBank
2021-11-19T10:23:40,824|[DEBUG] MetamodelGraphWalker - Visiting attribute path : epochCreated
2021-11-19T10:23:40,824|[TRACE] AbstractLoadPlanBuildingAssociationVisitationStrategy - >> Starting attribute Attribute(name=epochCreated, type=long [non-identifier])
2021-11-19T10:23:40,824|[TRACE] AbstractLoadPlanBuildingAssociationVisitationStrategy - << Finishing up attribute : Attribute(name=epochCreated, type=long [non-identifier])
2021-11-19T10:23:40,824|[DEBUG] MetamodelGraphWalker - Visiting attribute path : epochUpdated
2021-11-19T10:23:40,824|[TRACE] AbstractLoadPlanBuildingAssociationVisitationStrategy - >> Starting attribute Attribute(name=epochUpdated, type=long [non-identifier])
2021-11-19T10:23:40,825|[TRACE] AbstractLoadPlanBuildingAssociationVisitationStrategy - << Finishing up attribute : Attribute(name=epochUpdated, type=long [non-identifier])
2021-11-19T10:23:40,825|[DEBUG] MetamodelGraphWalker - Visiting attribute path : version
2021-11-19T10:23:40,825|[TRACE] AbstractLoadPlanBuildingAssociationVisitationStrategy - >> Starting attribute Attribute(name=version, type=integer [non-identifier])
2021-11-19T10:23:40,825|[TRACE] AbstractLoadPlanBuildingAssociationVisitationStrategy - << Finishing up attribute : Attribute(name=version, type=integer [non-identifier])
2021-11-19T10:23:40,825|[DEBUG] MetamodelGraphWalker - Visiting attribute path : donations
2021-11-19T10:23:40,825|[TRACE] AbstractLoadPlanBuildingAssociationVisitationStrategy - >> Starting attribute Attribute(name=donations, type=java.util.Set(bloodbank.entity.BloodBank.donations) [non-identifier,association])
2021-11-19T10:23:40,825|[DEBUG] QuerySpacesImpl - Adding QuerySpace : uid = <gen:1> -> org.hibernate.loader.plan.build.internal.spaces.CollectionQuerySpaceImpl@1e7d3d87]
2021-11-19T10:23:40,825|[DEBUG] QuerySpacesImpl - Adding QuerySpace : uid = <gen:2> -> org.hibernate.loader.plan.build.internal.spaces.EntityQuerySpaceImpl@1dd76982]
2021-11-19T10:23:40,825|[TRACE] AbstractLoadPlanBuildingAssociationVisitationStrategy - << Finishing up attribute : Attribute(name=donations, type=java.util.Set(bloodbank.entity.BloodBank.donations) [non-identifier,association])
2021-11-19T10:23:40,825|[DEBUG] MetamodelGraphWalker - Visiting attribute path : name
2021-11-19T10:23:40,825|[TRACE] AbstractLoadPlanBuildingAssociationVisitationStrategy - >> Starting attribute Attribute(name=name, type=string [non-identifier])
2021-11-19T10:23:40,825|[TRACE] AbstractLoadPlanBuildingAssociationVisitationStrategy - << Finishing up attribute : Attribute(name=name, type=string [non-identifier])
2021-11-19T10:23:40,825|[TRACE] AbstractLoadPlanBuildingAssociationVisitationStrategy - Popped fetch owner from stack : org.hibernate.loader.plan.build.internal.returns.EntityReturnImpl@34070bd2
2021-11-19T10:23:40,825|[TRACE] AbstractLoadPlanBuildingAssociationVisitationStrategy -  Finished root entity : bloodbank.entity.PrivateBloodBank
2021-11-19T10:23:40,825|[DEBUG] FetchStyleLoadPlanBuildingAssociationVisitationStrategy - Building LoadPlan...
2021-11-19T10:23:40,826|[DEBUG] LoadQueryJoinAndFetchProcessor - processing queryspace <gen:0>
2021-11-19T10:23:40,826|[DEBUG] LoadPlanTreePrinter - LoadPlan(entity=bloodbank.entity.PrivateBloodBank)
    - Returns
       - EntityReturnImpl(entity=bloodbank.entity.PrivateBloodBank, querySpaceUid=<gen:0>, path=bloodbank.entity.PrivateBloodBank)
          - CollectionAttributeFetchImpl(collection=bloodbank.entity.BloodBank.donations, querySpaceUid=<gen:1>, path=bloodbank.entity.PrivateBloodBank.donations)
             - (collection element) CollectionFetchableElementEntityGraph(entity=bloodbank.entity.BloodDonation, querySpaceUid=<gen:2>, path=bloodbank.entity.PrivateBloodBank.donations.<elements>)
    - QuerySpaces
       - EntityQuerySpaceImpl(uid=<gen:0>, entity=bloodbank.entity.PrivateBloodBank)
          - SQL table alias mapping - privateblo0_
          - alias suffix - 0_
          - suffixed key columns - {bank_id2_1_0_}

2021-11-19T10:23:40,826|[DEBUG] EntityLoader - Static select for entity bloodbank.entity.PrivateBloodBank [NONE]: select privateblo0_.bank_id as bank_id2_1_0_, privateblo0_.created as created3_1_0_, privateblo0_.updated as updated4_1_0_, privateblo0_.version as version5_1_0_, privateblo0_.name as name6_1_0_ from blood_bank privateblo0_ where privateblo0_.bank_id=? and privateblo0_.privately_owned=1
2021-11-19T10:23:40,826|[DEBUG] AbstractEntityPersister - Static SQL for entity: bloodbank.entity.DonationRecord
2021-11-19T10:23:40,826|[DEBUG] AbstractEntityPersister -  Version select: /* get version bloodbank.entity.DonationRecord */ select version from donation_record where record_id =?
2021-11-19T10:23:40,826|[DEBUG] AbstractEntityPersister -  Snapshot select: /* get current state bloodbank.entity.DonationRecord */ select donationre_.record_id, donationre_.created as created2_4_, donationre_.updated as updated3_4_, donationre_.version as version4_4_, donationre_.donation_id as donation6_4_, donationre_.person_id as person_i7_4_, donationre_.tested as tested5_4_ from donation_record donationre_ where donationre_.record_id=?
2021-11-19T10:23:40,826|[DEBUG] AbstractEntityPersister -  Insert 0: /* insert bloodbank.entity.DonationRecord */ insert into donation_record (created, updated, version, donation_id, person_id, tested, record_id) values (?, ?, ?, ?, ?, ?, ?)
2021-11-19T10:23:40,826|[DEBUG] AbstractEntityPersister -  Update 0: /* update bloodbank.entity.DonationRecord */ update donation_record set created=?, updated=?, version=?, donation_id=?, person_id=?, tested=? where record_id=? and version=?
2021-11-19T10:23:40,826|[DEBUG] AbstractEntityPersister -  Delete 0: /* delete bloodbank.entity.DonationRecord */ delete from donation_record where record_id=? and version=?
2021-11-19T10:23:40,826|[DEBUG] AbstractEntityPersister -  Identity insert: /* insert bloodbank.entity.DonationRecord */ insert into donation_record (created, updated, version, donation_id, person_id, tested) values (?, ?, ?, ?, ?, ?)
2021-11-19T10:23:40,826|[TRACE] AbstractLoadPlanBuildingAssociationVisitationStrategy -  Starting root entity : bloodbank.entity.DonationRecord
2021-11-19T10:23:40,826|[DEBUG] QuerySpacesImpl - Adding QuerySpace : uid = <gen:0> -> org.hibernate.loader.plan.build.internal.spaces.EntityQuerySpaceImpl@7e76a66f]
2021-11-19T10:23:40,826|[TRACE] AbstractLoadPlanBuildingAssociationVisitationStrategy - Pushing fetch source to stack : org.hibernate.loader.plan.build.internal.returns.EntityReturnImpl@72237be8
2021-11-19T10:23:40,826|[TRACE] AbstractLoadPlanBuildingAssociationVisitationStrategy - .. Registering AssociationKey : AssociationKey(table=donation_record, columns={record_id}) -> org.hibernate.loader.plan.build.internal.returns.EntityReturnImpl@72237be8
2021-11-19T10:23:40,826|[TRACE] AbstractLoadPlanBuildingAssociationVisitationStrategy - >> Starting entity identifier : bloodbank.entity.DonationRecord
2021-11-19T10:23:40,826|[DEBUG] MetamodelGraphWalker - Visiting attribute path : epochCreated
2021-11-19T10:23:40,826|[TRACE] AbstractLoadPlanBuildingAssociationVisitationStrategy - >> Starting attribute Attribute(name=epochCreated, type=long [non-identifier])
2021-11-19T10:23:40,826|[TRACE] AbstractLoadPlanBuildingAssociationVisitationStrategy - << Finishing up attribute : Attribute(name=epochCreated, type=long [non-identifier])
2021-11-19T10:23:40,826|[DEBUG] MetamodelGraphWalker - Visiting attribute path : epochUpdated
2021-11-19T10:23:40,827|[TRACE] AbstractLoadPlanBuildingAssociationVisitationStrategy - >> Starting attribute Attribute(name=epochUpdated, type=long [non-identifier])
2021-11-19T10:23:40,827|[TRACE] AbstractLoadPlanBuildingAssociationVisitationStrategy - << Finishing up attribute : Attribute(name=epochUpdated, type=long [non-identifier])
2021-11-19T10:23:40,827|[DEBUG] MetamodelGraphWalker - Visiting attribute path : version
2021-11-19T10:23:40,827|[TRACE] AbstractLoadPlanBuildingAssociationVisitationStrategy - >> Starting attribute Attribute(name=version, type=integer [non-identifier])
2021-11-19T10:23:40,827|[TRACE] AbstractLoadPlanBuildingAssociationVisitationStrategy - << Finishing up attribute : Attribute(name=version, type=integer [non-identifier])
2021-11-19T10:23:40,827|[DEBUG] MetamodelGraphWalker - Visiting attribute path : donation
2021-11-19T10:23:40,827|[TRACE] AbstractLoadPlanBuildingAssociationVisitationStrategy - >> Starting attribute Attribute(name=donation, type=bloodbank.entity.BloodDonation [non-identifier,association])
2021-11-19T10:23:40,827|[DEBUG] QuerySpacesImpl - Adding QuerySpace : uid = <gen:1> -> org.hibernate.loader.plan.build.internal.spaces.EntityQuerySpaceImpl@5c5f12e]
2021-11-19T10:23:40,827|[TRACE] AbstractLoadPlanBuildingAssociationVisitationStrategy - Pushing fetch source to stack : org.hibernate.loader.plan.build.internal.returns.EntityAttributeFetchImpl@23f8036d
2021-11-19T10:23:40,827|[TRACE] AbstractLoadPlanBuildingAssociationVisitationStrategy - .... Registering AssociationKey : AssociationKey(table=donation_record, columns={donation_id}) -> org.hibernate.loader.plan.build.internal.returns.EntityAttributeFetchImpl@23f8036d
2021-11-19T10:23:40,827|[TRACE] AbstractLoadPlanBuildingAssociationVisitationStrategy - >>>> Starting entity identifier : bloodbank.entity.BloodDonation
2021-11-19T10:23:40,827|[DEBUG] MetamodelGraphWalker - Visiting attribute path : donation.epochCreated
2021-11-19T10:23:40,827|[TRACE] AbstractLoadPlanBuildingAssociationVisitationStrategy - >>>> Starting attribute Attribute(name=epochCreated, type=long [non-identifier])
2021-11-19T10:23:40,827|[TRACE] AbstractLoadPlanBuildingAssociationVisitationStrategy - <<<< Finishing up attribute : Attribute(name=epochCreated, type=long [non-identifier])
2021-11-19T10:23:40,827|[DEBUG] MetamodelGraphWalker - Visiting attribute path : donation.epochUpdated
2021-11-19T10:23:40,827|[TRACE] AbstractLoadPlanBuildingAssociationVisitationStrategy - >>>> Starting attribute Attribute(name=epochUpdated, type=long [non-identifier])
2021-11-19T10:23:40,827|[TRACE] AbstractLoadPlanBuildingAssociationVisitationStrategy - <<<< Finishing up attribute : Attribute(name=epochUpdated, type=long [non-identifier])
2021-11-19T10:23:40,827|[DEBUG] MetamodelGraphWalker - Visiting attribute path : donation.version
2021-11-19T10:23:40,827|[TRACE] AbstractLoadPlanBuildingAssociationVisitationStrategy - >>>> Starting attribute Attribute(name=version, type=integer [non-identifier])
2021-11-19T10:23:40,827|[TRACE] AbstractLoadPlanBuildingAssociationVisitationStrategy - <<<< Finishing up attribute : Attribute(name=version, type=integer [non-identifier])
2021-11-19T10:23:40,827|[DEBUG] MetamodelGraphWalker - Visiting attribute path : donation.bank
2021-11-19T10:23:40,827|[TRACE] AbstractLoadPlanBuildingAssociationVisitationStrategy - >>>> Starting attribute Attribute(name=bank, type=bloodbank.entity.BloodBank [non-identifier,association])
2021-11-19T10:23:40,827|[DEBUG] QuerySpacesImpl - Adding QuerySpace : uid = <gen:2> -> org.hibernate.loader.plan.build.internal.spaces.EntityQuerySpaceImpl@68f69ca3]
2021-11-19T10:23:40,827|[TRACE] AbstractLoadPlanBuildingAssociationVisitationStrategy - <<<< Finishing up attribute : Attribute(name=bank, type=bloodbank.entity.BloodBank [non-identifier,association])
2021-11-19T10:23:40,827|[DEBUG] MetamodelGraphWalker - Visiting attribute path : donation.bloodType
2021-11-19T10:23:40,827|[TRACE] AbstractLoadPlanBuildingAssociationVisitationStrategy - >>>> Starting attribute Attribute(name=bloodType, type=component[bloodGroup,rhd] [non-identifier,composition])
2021-11-19T10:23:40,827|[DEBUG] QuerySpacesImpl - Adding QuerySpace : uid = <gen:3> -> org.hibernate.loader.plan.build.internal.spaces.CompositeQuerySpaceImpl@1e3566e]
2021-11-19T10:23:40,827|[TRACE] AbstractLoadPlanBuildingAssociationVisitationStrategy - Pushing fetch source to stack : org.hibernate.loader.plan.build.internal.returns.CompositeAttributeFetchImpl@2b058bfd
2021-11-19T10:23:40,827|[TRACE] AbstractLoadPlanBuildingAssociationVisitationStrategy - >>>>>> Starting composite : bloodType
2021-11-19T10:23:40,827|[DEBUG] MetamodelGraphWalker - Visiting attribute path : donation.bloodType.bloodGroup
2021-11-19T10:23:40,827|[TRACE] AbstractLoadPlanBuildingAssociationVisitationStrategy - >>>>>> Starting attribute Attribute(name=bloodGroup, type=string [non-identifier])
2021-11-19T10:23:40,827|[TRACE] AbstractLoadPlanBuildingAssociationVisitationStrategy - <<<<<< Finishing up attribute : Attribute(name=bloodGroup, type=string [non-identifier])
2021-11-19T10:23:40,827|[DEBUG] MetamodelGraphWalker - Visiting attribute path : donation.bloodType.rhd
2021-11-19T10:23:40,827|[TRACE] AbstractLoadPlanBuildingAssociationVisitationStrategy - >>>>>> Starting attribute Attribute(name=rhd, type=byte [non-identifier])
2021-11-19T10:23:40,827|[TRACE] AbstractLoadPlanBuildingAssociationVisitationStrategy - <<<<<< Finishing up attribute : Attribute(name=rhd, type=byte [non-identifier])
2021-11-19T10:23:40,827|[TRACE] AbstractLoadPlanBuildingAssociationVisitationStrategy - <<<<<< Finishing composite : bloodType
2021-11-19T10:23:40,827|[TRACE] AbstractLoadPlanBuildingAssociationVisitationStrategy - Popped fetch owner from stack : org.hibernate.loader.plan.build.internal.returns.CompositeAttributeFetchImpl@2b058bfd
2021-11-19T10:23:40,827|[TRACE] AbstractLoadPlanBuildingAssociationVisitationStrategy - <<<< Finishing up attribute : Attribute(name=bloodType, type=component[bloodGroup,rhd] [non-identifier,composition])
2021-11-19T10:23:40,827|[DEBUG] MetamodelGraphWalker - Visiting attribute path : donation.milliliters
2021-11-19T10:23:40,827|[TRACE] AbstractLoadPlanBuildingAssociationVisitationStrategy - >>>> Starting attribute Attribute(name=milliliters, type=integer [non-identifier])
2021-11-19T10:23:40,827|[TRACE] AbstractLoadPlanBuildingAssociationVisitationStrategy - <<<< Finishing up attribute : Attribute(name=milliliters, type=integer [non-identifier])
2021-11-19T10:23:40,827|[DEBUG] MetamodelGraphWalker - Visiting attribute path : donation.record
2021-11-19T10:23:40,827|[TRACE] AbstractLoadPlanBuildingAssociationVisitationStrategy - >>>> Starting attribute Attribute(name=record, type=bloodbank.entity.DonationRecord [non-identifier,association])
2021-11-19T10:23:40,827|[DEBUG] QuerySpacesImpl - Adding QuerySpace : uid = <gen:4> -> org.hibernate.loader.plan.build.internal.spaces.EntityQuerySpaceImpl@4805069b]
2021-11-19T10:23:40,827|[TRACE] AbstractLoadPlanBuildingAssociationVisitationStrategy - <<<< Finishing up attribute : Attribute(name=record, type=bloodbank.entity.DonationRecord [non-identifier,association])
2021-11-19T10:23:40,827|[TRACE] AbstractLoadPlanBuildingAssociationVisitationStrategy - Popped fetch owner from stack : org.hibernate.loader.plan.build.internal.returns.EntityAttributeFetchImpl@23f8036d
2021-11-19T10:23:40,827|[TRACE] AbstractLoadPlanBuildingAssociationVisitationStrategy - << Finishing up attribute : Attribute(name=donation, type=bloodbank.entity.BloodDonation [non-identifier,association])
2021-11-19T10:23:40,827|[DEBUG] MetamodelGraphWalker - Visiting attribute path : owner
2021-11-19T10:23:40,827|[TRACE] AbstractLoadPlanBuildingAssociationVisitationStrategy - >> Starting attribute Attribute(name=owner, type=bloodbank.entity.Person [non-identifier,association])
2021-11-19T10:23:40,827|[DEBUG] QuerySpacesImpl - Adding QuerySpace : uid = <gen:5> -> org.hibernate.loader.plan.build.internal.spaces.EntityQuerySpaceImpl@14ca88bc]
2021-11-19T10:23:40,827|[TRACE] AbstractLoadPlanBuildingAssociationVisitationStrategy - << Finishing up attribute : Attribute(name=owner, type=bloodbank.entity.Person [non-identifier,association])
2021-11-19T10:23:40,827|[DEBUG] MetamodelGraphWalker - Visiting attribute path : tested
2021-11-19T10:23:40,827|[TRACE] AbstractLoadPlanBuildingAssociationVisitationStrategy - >> Starting attribute Attribute(name=tested, type=byte [non-identifier])
2021-11-19T10:23:40,827|[TRACE] AbstractLoadPlanBuildingAssociationVisitationStrategy - << Finishing up attribute : Attribute(name=tested, type=byte [non-identifier])
2021-11-19T10:23:40,827|[TRACE] AbstractLoadPlanBuildingAssociationVisitationStrategy - Popped fetch owner from stack : org.hibernate.loader.plan.build.internal.returns.EntityReturnImpl@72237be8
2021-11-19T10:23:40,827|[TRACE] AbstractLoadPlanBuildingAssociationVisitationStrategy -  Finished root entity : bloodbank.entity.DonationRecord
2021-11-19T10:23:40,827|[DEBUG] FetchStyleLoadPlanBuildingAssociationVisitationStrategy - Building LoadPlan...
2021-11-19T10:23:40,828|[DEBUG] LoadQueryJoinAndFetchProcessor - processing queryspace <gen:0>
2021-11-19T10:23:40,828|[DEBUG] LoadPlanTreePrinter - LoadPlan(entity=bloodbank.entity.DonationRecord)
    - Returns
       - EntityReturnImpl(entity=bloodbank.entity.DonationRecord, querySpaceUid=<gen:0>, path=bloodbank.entity.DonationRecord)
          - EntityAttributeFetchImpl(entity=bloodbank.entity.BloodDonation, querySpaceUid=<gen:1>, path=bloodbank.entity.DonationRecord.donation)
             - EntityAttributeFetchImpl(entity=bloodbank.entity.BloodBank, querySpaceUid=<gen:2>, path=bloodbank.entity.DonationRecord.donation.bank)
             - CompositeAttributeFetchImpl(composite=bloodbank.entity.BloodType, querySpaceUid=<gen:3>, path=bloodbank.entity.DonationRecord.donation.bloodType)
             - EntityAttributeFetchImpl(entity=bloodbank.entity.DonationRecord, querySpaceUid=<gen:4>, path=bloodbank.entity.DonationRecord.donation.record)
          - EntityAttributeFetchImpl(entity=bloodbank.entity.Person, querySpaceUid=<gen:5>, path=bloodbank.entity.DonationRecord.owner)
    - QuerySpaces
       - EntityQuerySpaceImpl(uid=<gen:0>, entity=bloodbank.entity.DonationRecord)
          - SQL table alias mapping - donationre0_
          - alias suffix - 0_
          - suffixed key columns - {record_i1_4_0_}
          - JOIN (JoinDefinedByMetadata(donation)) : <gen:0> -> <gen:1>
             - EntityQuerySpaceImpl(uid=<gen:1>, entity=bloodbank.entity.BloodDonation)
                - SQL table alias mapping - blooddonat1_
                - alias suffix - 1_
                - suffixed key columns - {donation1_2_1_}
                - JOIN (JoinDefinedByMetadata(bloodType)) : <gen:1> -> <gen:3>
                   - CompositeQuerySpaceImpl(uid=<gen:3>)
                      - SQL table alias mapping - blooddonat1_

2021-11-19T10:23:40,828|[DEBUG] EntityLoader - Static select for entity bloodbank.entity.DonationRecord [NONE]: select donationre0_.record_id as record_i1_4_0_, donationre0_.created as created2_4_0_, donationre0_.updated as updated3_4_0_, donationre0_.version as version4_4_0_, donationre0_.donation_id as donation6_4_0_, donationre0_.person_id as person_i7_4_0_, donationre0_.tested as tested5_4_0_, blooddonat1_.donation_id as donation1_2_1_, blooddonat1_.created as created2_2_1_, blooddonat1_.updated as updated3_2_1_, blooddonat1_.version as version4_2_1_, blooddonat1_.bank_id as bank_id8_2_1_, blooddonat1_.blood_group as blood_gr5_2_1_, blooddonat1_.rhd as rhd6_2_1_, blooddonat1_.milliliters as millilit7_2_1_ from donation_record donationre0_ inner join blood_donation blooddonat1_ on donationre0_.donation_id=blooddonat1_.donation_id where donationre0_.record_id=?
2021-11-19T10:23:40,828|[DEBUG] AbstractEntityPersister - Static SQL for entity: bloodbank.entity.Address
2021-11-19T10:23:40,828|[DEBUG] AbstractEntityPersister -  Version select: /* get version bloodbank.entity.Address */ select version from address where address_id =?
2021-11-19T10:23:40,829|[DEBUG] AbstractEntityPersister -  Snapshot select: /* get current state bloodbank.entity.Address */ select address_.address_id, address_.created as created2_0_, address_.updated as updated3_0_, address_.version as version4_0_, address_.city as city5_0_, address_.country as country6_0_, address_.province as province7_0_, address_.street as street8_0_, address_.street_number as street_n9_0_, address_.zipcode as zipcode10_0_ from address address_ where address_.address_id=?
2021-11-19T10:23:40,829|[DEBUG] AbstractEntityPersister -  Insert 0: /* insert bloodbank.entity.Address */ insert into address (created, updated, version, city, country, province, street, street_number, zipcode, address_id) values (?, ?, ?, ?, ?, ?, ?, ?, ?, ?)
2021-11-19T10:23:40,829|[DEBUG] AbstractEntityPersister -  Update 0: /* update bloodbank.entity.Address */ update address set created=?, updated=?, version=?, city=?, country=?, province=?, street=?, street_number=?, zipcode=? where address_id=? and version=?
2021-11-19T10:23:40,829|[DEBUG] AbstractEntityPersister -  Delete 0: /* delete bloodbank.entity.Address */ delete from address where address_id=? and version=?
2021-11-19T10:23:40,829|[DEBUG] AbstractEntityPersister -  Identity insert: /* insert bloodbank.entity.Address */ insert into address (created, updated, version, city, country, province, street, street_number, zipcode) values (?, ?, ?, ?, ?, ?, ?, ?, ?)
2021-11-19T10:23:40,829|[TRACE] AbstractLoadPlanBuildingAssociationVisitationStrategy -  Starting root entity : bloodbank.entity.Address
2021-11-19T10:23:40,829|[DEBUG] QuerySpacesImpl - Adding QuerySpace : uid = <gen:0> -> org.hibernate.loader.plan.build.internal.spaces.EntityQuerySpaceImpl@f01fc6d]
2021-11-19T10:23:40,829|[TRACE] AbstractLoadPlanBuildingAssociationVisitationStrategy - Pushing fetch source to stack : org.hibernate.loader.plan.build.internal.returns.EntityReturnImpl@85cd413
2021-11-19T10:23:40,829|[TRACE] AbstractLoadPlanBuildingAssociationVisitationStrategy - .. Registering AssociationKey : AssociationKey(table=address, columns={address_id}) -> org.hibernate.loader.plan.build.internal.returns.EntityReturnImpl@85cd413
2021-11-19T10:23:40,829|[TRACE] AbstractLoadPlanBuildingAssociationVisitationStrategy - >> Starting entity identifier : bloodbank.entity.Address
2021-11-19T10:23:40,829|[DEBUG] MetamodelGraphWalker - Visiting attribute path : epochCreated
2021-11-19T10:23:40,829|[TRACE] AbstractLoadPlanBuildingAssociationVisitationStrategy - >> Starting attribute Attribute(name=epochCreated, type=long [non-identifier])
2021-11-19T10:23:40,829|[TRACE] AbstractLoadPlanBuildingAssociationVisitationStrategy - << Finishing up attribute : Attribute(name=epochCreated, type=long [non-identifier])
2021-11-19T10:23:40,829|[DEBUG] MetamodelGraphWalker - Visiting attribute path : epochUpdated
2021-11-19T10:23:40,829|[TRACE] AbstractLoadPlanBuildingAssociationVisitationStrategy - >> Starting attribute Attribute(name=epochUpdated, type=long [non-identifier])
2021-11-19T10:23:40,829|[TRACE] AbstractLoadPlanBuildingAssociationVisitationStrategy - << Finishing up attribute : Attribute(name=epochUpdated, type=long [non-identifier])
2021-11-19T10:23:40,829|[DEBUG] MetamodelGraphWalker - Visiting attribute path : version
2021-11-19T10:23:40,829|[TRACE] AbstractLoadPlanBuildingAssociationVisitationStrategy - >> Starting attribute Attribute(name=version, type=integer [non-identifier])
2021-11-19T10:23:40,829|[TRACE] AbstractLoadPlanBuildingAssociationVisitationStrategy - << Finishing up attribute : Attribute(name=version, type=integer [non-identifier])
2021-11-19T10:23:40,829|[DEBUG] MetamodelGraphWalker - Visiting attribute path : city
2021-11-19T10:23:40,829|[TRACE] AbstractLoadPlanBuildingAssociationVisitationStrategy - >> Starting attribute Attribute(name=city, type=string [non-identifier])
2021-11-19T10:23:40,829|[TRACE] AbstractLoadPlanBuildingAssociationVisitationStrategy - << Finishing up attribute : Attribute(name=city, type=string [non-identifier])
2021-11-19T10:23:40,829|[DEBUG] MetamodelGraphWalker - Visiting attribute path : contacts
2021-11-19T10:23:40,829|[TRACE] AbstractLoadPlanBuildingAssociationVisitationStrategy - >> Starting attribute Attribute(name=contacts, type=java.util.Set(bloodbank.entity.Address.contacts) [non-identifier,association])
2021-11-19T10:23:40,829|[DEBUG] QuerySpacesImpl - Adding QuerySpace : uid = <gen:1> -> org.hibernate.loader.plan.build.internal.spaces.CollectionQuerySpaceImpl@688d2a5d]
2021-11-19T10:23:40,829|[DEBUG] QuerySpacesImpl - Adding QuerySpace : uid = <gen:2> -> org.hibernate.loader.plan.build.internal.spaces.EntityQuerySpaceImpl@2842c098]
2021-11-19T10:23:40,829|[DEBUG] QuerySpacesImpl - Adding QuerySpace : uid = <gen:2>-id -> org.hibernate.loader.plan.build.internal.spaces.CompositeQuerySpaceImpl@2820b369]
2021-11-19T10:23:40,829|[TRACE] AbstractLoadPlanBuildingAssociationVisitationStrategy - << Finishing up attribute : Attribute(name=contacts, type=java.util.Set(bloodbank.entity.Address.contacts) [non-identifier,association])
2021-11-19T10:23:40,829|[DEBUG] MetamodelGraphWalker - Visiting attribute path : country
2021-11-19T10:23:40,829|[TRACE] AbstractLoadPlanBuildingAssociationVisitationStrategy - >> Starting attribute Attribute(name=country, type=string [non-identifier])
2021-11-19T10:23:40,829|[TRACE] AbstractLoadPlanBuildingAssociationVisitationStrategy - << Finishing up attribute : Attribute(name=country, type=string [non-identifier])
2021-11-19T10:23:40,829|[DEBUG] MetamodelGraphWalker - Visiting attribute path : province
2021-11-19T10:23:40,829|[TRACE] AbstractLoadPlanBuildingAssociationVisitationStrategy - >> Starting attribute Attribute(name=province, type=string [non-identifier])
2021-11-19T10:23:40,829|[TRACE] AbstractLoadPlanBuildingAssociationVisitationStrategy - << Finishing up attribute : Attribute(name=province, type=string [non-identifier])
2021-11-19T10:23:40,829|[DEBUG] MetamodelGraphWalker - Visiting attribute path : street
2021-11-19T10:23:40,829|[TRACE] AbstractLoadPlanBuildingAssociationVisitationStrategy - >> Starting attribute Attribute(name=street, type=string [non-identifier])
2021-11-19T10:23:40,829|[TRACE] AbstractLoadPlanBuildingAssociationVisitationStrategy - << Finishing up attribute : Attribute(name=street, type=string [non-identifier])
2021-11-19T10:23:40,829|[DEBUG] MetamodelGraphWalker - Visiting attribute path : streetNumber
2021-11-19T10:23:40,829|[TRACE] AbstractLoadPlanBuildingAssociationVisitationStrategy - >> Starting attribute Attribute(name=streetNumber, type=string [non-identifier])
2021-11-19T10:23:40,829|[TRACE] AbstractLoadPlanBuildingAssociationVisitationStrategy - << Finishing up attribute : Attribute(name=streetNumber, type=string [non-identifier])
2021-11-19T10:23:40,829|[DEBUG] MetamodelGraphWalker - Visiting attribute path : zipcode
2021-11-19T10:23:40,829|[TRACE] AbstractLoadPlanBuildingAssociationVisitationStrategy - >> Starting attribute Attribute(name=zipcode, type=string [non-identifier])
2021-11-19T10:23:40,829|[TRACE] AbstractLoadPlanBuildingAssociationVisitationStrategy - << Finishing up attribute : Attribute(name=zipcode, type=string [non-identifier])
2021-11-19T10:23:40,829|[TRACE] AbstractLoadPlanBuildingAssociationVisitationStrategy - Popped fetch owner from stack : org.hibernate.loader.plan.build.internal.returns.EntityReturnImpl@85cd413
2021-11-19T10:23:40,829|[TRACE] AbstractLoadPlanBuildingAssociationVisitationStrategy -  Finished root entity : bloodbank.entity.Address
2021-11-19T10:23:40,829|[DEBUG] FetchStyleLoadPlanBuildingAssociationVisitationStrategy - Building LoadPlan...
2021-11-19T10:23:40,829|[DEBUG] LoadQueryJoinAndFetchProcessor - processing queryspace <gen:0>
2021-11-19T10:23:40,830|[DEBUG] LoadPlanTreePrinter - LoadPlan(entity=bloodbank.entity.Address)
    - Returns
       - EntityReturnImpl(entity=bloodbank.entity.Address, querySpaceUid=<gen:0>, path=bloodbank.entity.Address)
          - CollectionAttributeFetchImpl(collection=bloodbank.entity.Address.contacts, querySpaceUid=<gen:1>, path=bloodbank.entity.Address.contacts)
             - (collection element) CollectionFetchableElementEntityGraph(entity=bloodbank.entity.Contact, querySpaceUid=<gen:2>, path=bloodbank.entity.Address.contacts.<elements>)
    - QuerySpaces
       - EntityQuerySpaceImpl(uid=<gen:0>, entity=bloodbank.entity.Address)
          - SQL table alias mapping - address0_
          - alias suffix - 0_
          - suffixed key columns - {address_1_0_0_}

2021-11-19T10:23:40,830|[DEBUG] EntityLoader - Static select for entity bloodbank.entity.Address [NONE]: select address0_.address_id as address_1_0_0_, address0_.created as created2_0_0_, address0_.updated as updated3_0_0_, address0_.version as version4_0_0_, address0_.city as city5_0_0_, address0_.country as country6_0_0_, address0_.province as province7_0_0_, address0_.street as street8_0_0_, address0_.street_number as street_n9_0_0_, address0_.zipcode as zipcode10_0_0_ from address address0_ where address0_.address_id=?
2021-11-19T10:23:40,831|[DEBUG] AbstractEntityPersister - Static SQL for entity: bloodbank.entity.Person
2021-11-19T10:23:40,831|[DEBUG] AbstractEntityPersister -  Version select: /* get version bloodbank.entity.Person */ select version from person where id =?
2021-11-19T10:23:40,831|[DEBUG] AbstractEntityPersister -  Snapshot select: /* get current state bloodbank.entity.Person */ select person_.id, person_.created as created2_5_, person_.updated as updated3_5_, person_.version as version4_5_, person_.first_name as first_na5_5_, person_.last_name as last_nam6_5_ from person person_ where person_.id=?
2021-11-19T10:23:40,831|[DEBUG] AbstractEntityPersister -  Insert 0: /* insert bloodbank.entity.Person */ insert into person (created, updated, version, first_name, last_name, id) values (?, ?, ?, ?, ?, ?)
2021-11-19T10:23:40,831|[DEBUG] AbstractEntityPersister -  Update 0: /* update bloodbank.entity.Person */ update person set created=?, updated=?, version=?, first_name=?, last_name=? where id=? and version=?
2021-11-19T10:23:40,831|[DEBUG] AbstractEntityPersister -  Delete 0: /* delete bloodbank.entity.Person */ delete from person where id=? and version=?
2021-11-19T10:23:40,831|[DEBUG] AbstractEntityPersister -  Identity insert: /* insert bloodbank.entity.Person */ insert into person (created, updated, version, first_name, last_name) values (?, ?, ?, ?, ?)
2021-11-19T10:23:40,832|[TRACE] AbstractLoadPlanBuildingAssociationVisitationStrategy -  Starting root entity : bloodbank.entity.Person
2021-11-19T10:23:40,832|[DEBUG] QuerySpacesImpl - Adding QuerySpace : uid = <gen:0> -> org.hibernate.loader.plan.build.internal.spaces.EntityQuerySpaceImpl@46b21632]
2021-11-19T10:23:40,832|[TRACE] AbstractLoadPlanBuildingAssociationVisitationStrategy - Pushing fetch source to stack : org.hibernate.loader.plan.build.internal.returns.EntityReturnImpl@476c137b
2021-11-19T10:23:40,832|[TRACE] AbstractLoadPlanBuildingAssociationVisitationStrategy - .. Registering AssociationKey : AssociationKey(table=person, columns={id}) -> org.hibernate.loader.plan.build.internal.returns.EntityReturnImpl@476c137b
2021-11-19T10:23:40,832|[TRACE] AbstractLoadPlanBuildingAssociationVisitationStrategy - >> Starting entity identifier : bloodbank.entity.Person
2021-11-19T10:23:40,832|[DEBUG] MetamodelGraphWalker - Visiting attribute path : epochCreated
2021-11-19T10:23:40,832|[TRACE] AbstractLoadPlanBuildingAssociationVisitationStrategy - >> Starting attribute Attribute(name=epochCreated, type=long [non-identifier])
2021-11-19T10:23:40,832|[TRACE] AbstractLoadPlanBuildingAssociationVisitationStrategy - << Finishing up attribute : Attribute(name=epochCreated, type=long [non-identifier])
2021-11-19T10:23:40,832|[DEBUG] MetamodelGraphWalker - Visiting attribute path : epochUpdated
2021-11-19T10:23:40,832|[TRACE] AbstractLoadPlanBuildingAssociationVisitationStrategy - >> Starting attribute Attribute(name=epochUpdated, type=long [non-identifier])
2021-11-19T10:23:40,832|[TRACE] AbstractLoadPlanBuildingAssociationVisitationStrategy - << Finishing up attribute : Attribute(name=epochUpdated, type=long [non-identifier])
2021-11-19T10:23:40,832|[DEBUG] MetamodelGraphWalker - Visiting attribute path : version
2021-11-19T10:23:40,832|[TRACE] AbstractLoadPlanBuildingAssociationVisitationStrategy - >> Starting attribute Attribute(name=version, type=integer [non-identifier])
2021-11-19T10:23:40,832|[TRACE] AbstractLoadPlanBuildingAssociationVisitationStrategy - << Finishing up attribute : Attribute(name=version, type=integer [non-identifier])
2021-11-19T10:23:40,832|[DEBUG] MetamodelGraphWalker - Visiting attribute path : contacts
2021-11-19T10:23:40,833|[TRACE] AbstractLoadPlanBuildingAssociationVisitationStrategy - >> Starting attribute Attribute(name=contacts, type=java.util.Set(bloodbank.entity.Person.contacts) [non-identifier,association])
2021-11-19T10:23:40,833|[DEBUG] QuerySpacesImpl - Adding QuerySpace : uid = <gen:1> -> org.hibernate.loader.plan.build.internal.spaces.CollectionQuerySpaceImpl@79144d0e]
2021-11-19T10:23:40,833|[DEBUG] QuerySpacesImpl - Adding QuerySpace : uid = <gen:2> -> org.hibernate.loader.plan.build.internal.spaces.EntityQuerySpaceImpl@540212be]
2021-11-19T10:23:40,833|[DEBUG] QuerySpacesImpl - Adding QuerySpace : uid = <gen:2>-id -> org.hibernate.loader.plan.build.internal.spaces.CompositeQuerySpaceImpl@2579d8a]
2021-11-19T10:23:40,833|[TRACE] AbstractLoadPlanBuildingAssociationVisitationStrategy - << Finishing up attribute : Attribute(name=contacts, type=java.util.Set(bloodbank.entity.Person.contacts) [non-identifier,association])
2021-11-19T10:23:40,833|[DEBUG] MetamodelGraphWalker - Visiting attribute path : donations
2021-11-19T10:23:40,833|[TRACE] AbstractLoadPlanBuildingAssociationVisitationStrategy - >> Starting attribute Attribute(name=donations, type=java.util.Set(bloodbank.entity.Person.donations) [non-identifier,association])
2021-11-19T10:23:40,833|[DEBUG] QuerySpacesImpl - Adding QuerySpace : uid = <gen:3> -> org.hibernate.loader.plan.build.internal.spaces.CollectionQuerySpaceImpl@2507a170]
2021-11-19T10:23:40,833|[DEBUG] QuerySpacesImpl - Adding QuerySpace : uid = <gen:4> -> org.hibernate.loader.plan.build.internal.spaces.EntityQuerySpaceImpl@7e20f4e3]
2021-11-19T10:23:40,833|[TRACE] AbstractLoadPlanBuildingAssociationVisitationStrategy - << Finishing up attribute : Attribute(name=donations, type=java.util.Set(bloodbank.entity.Person.donations) [non-identifier,association])
2021-11-19T10:23:40,833|[DEBUG] MetamodelGraphWalker - Visiting attribute path : firstName
2021-11-19T10:23:40,833|[TRACE] AbstractLoadPlanBuildingAssociationVisitationStrategy - >> Starting attribute Attribute(name=firstName, type=string [non-identifier])
2021-11-19T10:23:40,833|[TRACE] AbstractLoadPlanBuildingAssociationVisitationStrategy - << Finishing up attribute : Attribute(name=firstName, type=string [non-identifier])
2021-11-19T10:23:40,833|[DEBUG] MetamodelGraphWalker - Visiting attribute path : lastName
2021-11-19T10:23:40,833|[TRACE] AbstractLoadPlanBuildingAssociationVisitationStrategy - >> Starting attribute Attribute(name=lastName, type=string [non-identifier])
2021-11-19T10:23:40,833|[TRACE] AbstractLoadPlanBuildingAssociationVisitationStrategy - << Finishing up attribute : Attribute(name=lastName, type=string [non-identifier])
2021-11-19T10:23:40,833|[TRACE] AbstractLoadPlanBuildingAssociationVisitationStrategy - Popped fetch owner from stack : org.hibernate.loader.plan.build.internal.returns.EntityReturnImpl@476c137b
2021-11-19T10:23:40,833|[TRACE] AbstractLoadPlanBuildingAssociationVisitationStrategy -  Finished root entity : bloodbank.entity.Person
2021-11-19T10:23:40,834|[DEBUG] FetchStyleLoadPlanBuildingAssociationVisitationStrategy - Building LoadPlan...
2021-11-19T10:23:40,834|[DEBUG] LoadQueryJoinAndFetchProcessor - processing queryspace <gen:0>
2021-11-19T10:23:40,834|[DEBUG] LoadPlanTreePrinter - LoadPlan(entity=bloodbank.entity.Person)
    - Returns
       - EntityReturnImpl(entity=bloodbank.entity.Person, querySpaceUid=<gen:0>, path=bloodbank.entity.Person)
          - CollectionAttributeFetchImpl(collection=bloodbank.entity.Person.contacts, querySpaceUid=<gen:1>, path=bloodbank.entity.Person.contacts)
             - (collection element) CollectionFetchableElementEntityGraph(entity=bloodbank.entity.Contact, querySpaceUid=<gen:2>, path=bloodbank.entity.Person.contacts.<elements>)
          - CollectionAttributeFetchImpl(collection=bloodbank.entity.Person.donations, querySpaceUid=<gen:3>, path=bloodbank.entity.Person.donations)
             - (collection element) CollectionFetchableElementEntityGraph(entity=bloodbank.entity.DonationRecord, querySpaceUid=<gen:4>, path=bloodbank.entity.Person.donations.<elements>)
    - QuerySpaces
       - EntityQuerySpaceImpl(uid=<gen:0>, entity=bloodbank.entity.Person)
          - SQL table alias mapping - person0_
          - alias suffix - 0_
          - suffixed key columns - {id1_5_0_}

2021-11-19T10:23:40,834|[DEBUG] EntityLoader - Static select for entity bloodbank.entity.Person [NONE]: select person0_.id as id1_5_0_, person0_.created as created2_5_0_, person0_.updated as updated3_5_0_, person0_.version as version4_5_0_, person0_.first_name as first_na5_5_0_, person0_.last_name as last_nam6_5_0_ from person person0_ where person0_.id=?
2021-11-19T10:23:40,835|[DEBUG] AbstractEntityPersister - Static SQL for entity: bloodbank.entity.PublicBloodBank
2021-11-19T10:23:40,835|[DEBUG] AbstractEntityPersister -  Version select: /* get version bloodbank.entity.PublicBloodBank */ select version from blood_bank where bank_id =?
2021-11-19T10:23:40,835|[DEBUG] AbstractEntityPersister -  Snapshot select: /* get current state bloodbank.entity.PublicBloodBank */ select publicbloo_.bank_id, publicbloo_.created as created3_1_, publicbloo_.updated as updated4_1_, publicbloo_.version as version5_1_, publicbloo_.name as name6_1_ from blood_bank publicbloo_ where publicbloo_.bank_id=?
2021-11-19T10:23:40,835|[DEBUG] AbstractEntityPersister -  Insert 0: /* insert bloodbank.entity.PublicBloodBank */ insert into blood_bank (created, updated, version, name, privately_owned, bank_id) values (?, ?, ?, ?, 0, ?)
2021-11-19T10:23:40,835|[DEBUG] AbstractEntityPersister -  Update 0: /* update bloodbank.entity.PublicBloodBank */ update blood_bank set created=?, updated=?, version=?, name=? where bank_id=? and version=?
2021-11-19T10:23:40,835|[DEBUG] AbstractEntityPersister -  Delete 0: /* delete bloodbank.entity.PublicBloodBank */ delete from blood_bank where bank_id=? and version=?
2021-11-19T10:23:40,835|[DEBUG] AbstractEntityPersister -  Identity insert: /* insert bloodbank.entity.PublicBloodBank */ insert into blood_bank (created, updated, version, name, privately_owned) values (?, ?, ?, ?, 0)
2021-11-19T10:23:40,835|[TRACE] AbstractLoadPlanBuildingAssociationVisitationStrategy -  Starting root entity : bloodbank.entity.PublicBloodBank
2021-11-19T10:23:40,835|[DEBUG] QuerySpacesImpl - Adding QuerySpace : uid = <gen:0> -> org.hibernate.loader.plan.build.internal.spaces.EntityQuerySpaceImpl@3af39e7b]
2021-11-19T10:23:40,835|[TRACE] AbstractLoadPlanBuildingAssociationVisitationStrategy - Pushing fetch source to stack : org.hibernate.loader.plan.build.internal.returns.EntityReturnImpl@4f6ff62
2021-11-19T10:23:40,835|[TRACE] AbstractLoadPlanBuildingAssociationVisitationStrategy - .. Registering AssociationKey : AssociationKey(table=blood_bank, columns={bank_id}) -> org.hibernate.loader.plan.build.internal.returns.EntityReturnImpl@4f6ff62
2021-11-19T10:23:40,835|[TRACE] AbstractLoadPlanBuildingAssociationVisitationStrategy - >> Starting entity identifier : bloodbank.entity.PublicBloodBank
2021-11-19T10:23:40,835|[DEBUG] MetamodelGraphWalker - Visiting attribute path : epochCreated
2021-11-19T10:23:40,835|[TRACE] AbstractLoadPlanBuildingAssociationVisitationStrategy - >> Starting attribute Attribute(name=epochCreated, type=long [non-identifier])
2021-11-19T10:23:40,835|[TRACE] AbstractLoadPlanBuildingAssociationVisitationStrategy - << Finishing up attribute : Attribute(name=epochCreated, type=long [non-identifier])
2021-11-19T10:23:40,835|[DEBUG] MetamodelGraphWalker - Visiting attribute path : epochUpdated
2021-11-19T10:23:40,835|[TRACE] AbstractLoadPlanBuildingAssociationVisitationStrategy - >> Starting attribute Attribute(name=epochUpdated, type=long [non-identifier])
2021-11-19T10:23:40,835|[TRACE] AbstractLoadPlanBuildingAssociationVisitationStrategy - << Finishing up attribute : Attribute(name=epochUpdated, type=long [non-identifier])
2021-11-19T10:23:40,835|[DEBUG] MetamodelGraphWalker - Visiting attribute path : version
2021-11-19T10:23:40,835|[TRACE] AbstractLoadPlanBuildingAssociationVisitationStrategy - >> Starting attribute Attribute(name=version, type=integer [non-identifier])
2021-11-19T10:23:40,835|[TRACE] AbstractLoadPlanBuildingAssociationVisitationStrategy - << Finishing up attribute : Attribute(name=version, type=integer [non-identifier])
2021-11-19T10:23:40,835|[DEBUG] MetamodelGraphWalker - Visiting attribute path : donations
2021-11-19T10:23:40,835|[TRACE] AbstractLoadPlanBuildingAssociationVisitationStrategy - >> Starting attribute Attribute(name=donations, type=java.util.Set(bloodbank.entity.BloodBank.donations) [non-identifier,association])
2021-11-19T10:23:40,835|[DEBUG] QuerySpacesImpl - Adding QuerySpace : uid = <gen:1> -> org.hibernate.loader.plan.build.internal.spaces.CollectionQuerySpaceImpl@1c62d2ad]
2021-11-19T10:23:40,835|[DEBUG] QuerySpacesImpl - Adding QuerySpace : uid = <gen:2> -> org.hibernate.loader.plan.build.internal.spaces.EntityQuerySpaceImpl@651caa2e]
2021-11-19T10:23:40,835|[TRACE] AbstractLoadPlanBuildingAssociationVisitationStrategy - << Finishing up attribute : Attribute(name=donations, type=java.util.Set(bloodbank.entity.BloodBank.donations) [non-identifier,association])
2021-11-19T10:23:40,835|[DEBUG] MetamodelGraphWalker - Visiting attribute path : name
2021-11-19T10:23:40,835|[TRACE] AbstractLoadPlanBuildingAssociationVisitationStrategy - >> Starting attribute Attribute(name=name, type=string [non-identifier])
2021-11-19T10:23:40,835|[TRACE] AbstractLoadPlanBuildingAssociationVisitationStrategy - << Finishing up attribute : Attribute(name=name, type=string [non-identifier])
2021-11-19T10:23:40,835|[TRACE] AbstractLoadPlanBuildingAssociationVisitationStrategy - Popped fetch owner from stack : org.hibernate.loader.plan.build.internal.returns.EntityReturnImpl@4f6ff62
2021-11-19T10:23:40,835|[TRACE] AbstractLoadPlanBuildingAssociationVisitationStrategy -  Finished root entity : bloodbank.entity.PublicBloodBank
2021-11-19T10:23:40,835|[DEBUG] FetchStyleLoadPlanBuildingAssociationVisitationStrategy - Building LoadPlan...
2021-11-19T10:23:40,836|[DEBUG] LoadQueryJoinAndFetchProcessor - processing queryspace <gen:0>
2021-11-19T10:23:40,836|[DEBUG] LoadPlanTreePrinter - LoadPlan(entity=bloodbank.entity.PublicBloodBank)
    - Returns
       - EntityReturnImpl(entity=bloodbank.entity.PublicBloodBank, querySpaceUid=<gen:0>, path=bloodbank.entity.PublicBloodBank)
          - CollectionAttributeFetchImpl(collection=bloodbank.entity.BloodBank.donations, querySpaceUid=<gen:1>, path=bloodbank.entity.PublicBloodBank.donations)
             - (collection element) CollectionFetchableElementEntityGraph(entity=bloodbank.entity.BloodDonation, querySpaceUid=<gen:2>, path=bloodbank.entity.PublicBloodBank.donations.<elements>)
    - QuerySpaces
       - EntityQuerySpaceImpl(uid=<gen:0>, entity=bloodbank.entity.PublicBloodBank)
          - SQL table alias mapping - publicbloo0_
          - alias suffix - 0_
          - suffixed key columns - {bank_id2_1_0_}

2021-11-19T10:23:40,836|[DEBUG] EntityLoader - Static select for entity bloodbank.entity.PublicBloodBank [NONE]: select publicbloo0_.bank_id as bank_id2_1_0_, publicbloo0_.created as created3_1_0_, publicbloo0_.updated as updated4_1_0_, publicbloo0_.version as version5_1_0_, publicbloo0_.name as name6_1_0_ from blood_bank publicbloo0_ where publicbloo0_.bank_id=? and publicbloo0_.privately_owned=0
2021-11-19T10:23:40,836|[TRACE] AbstractLoadPlanBuildingAssociationVisitationStrategy -  Starting root collection : bloodbank.entity.Address.contacts
2021-11-19T10:23:40,836|[DEBUG] QuerySpacesImpl - Adding QuerySpace : uid = <gen:0> -> org.hibernate.loader.plan.build.internal.spaces.CollectionQuerySpaceImpl@433ae0b0]
2021-11-19T10:23:40,836|[DEBUG] QuerySpacesImpl - Adding QuerySpace : uid = <gen:1> -> org.hibernate.loader.plan.build.internal.spaces.EntityQuerySpaceImpl@70840a5a]
2021-11-19T10:23:40,836|[DEBUG] QuerySpacesImpl - Adding QuerySpace : uid = <gen:1>-id -> org.hibernate.loader.plan.build.internal.spaces.CompositeQuerySpaceImpl@7af9595d]
2021-11-19T10:23:40,836|[TRACE] AbstractLoadPlanBuildingAssociationVisitationStrategy - Pushing collection reference to stack : org.hibernate.loader.plan.build.internal.returns.CollectionReturnImpl@7a34c1f6
2021-11-19T10:23:40,836|[TRACE] AbstractLoadPlanBuildingAssociationVisitationStrategy -  Registering AssociationKey : AssociationKey(table=contact, columns={address_id}) -> null
2021-11-19T10:23:40,836|[TRACE] AbstractLoadPlanBuildingAssociationVisitationStrategy -  Starting collection element graph : bloodbank.entity.Address.contacts
2021-11-19T10:23:40,836|[TRACE] AbstractLoadPlanBuildingAssociationVisitationStrategy - Pushing fetch source to stack : org.hibernate.loader.plan.build.internal.returns.CollectionFetchableElementEntityGraph@6e9f8160
2021-11-19T10:23:40,836|[TRACE] AbstractLoadPlanBuildingAssociationVisitationStrategy - >> Starting entity identifier : bloodbank.entity.Contact
2021-11-19T10:23:40,836|[TRACE] AbstractLoadPlanBuildingAssociationVisitationStrategy - Pushing fetch source to stack : org.hibernate.loader.plan.build.internal.returns.EncapsulatedEntityIdentifierDescription@3e998033
2021-11-19T10:23:40,836|[TRACE] AbstractLoadPlanBuildingAssociationVisitationStrategy - >>>> Starting composite : id
2021-11-19T10:23:40,836|[DEBUG] MetamodelGraphWalker - Visiting attribute path : personId
2021-11-19T10:23:40,836|[TRACE] AbstractLoadPlanBuildingAssociationVisitationStrategy - >>>> Starting attribute org.hibernate.persister.walking.internal.CompositionSingularSubAttributesHelper$1$1$3@e1a150c
2021-11-19T10:23:40,836|[TRACE] AbstractLoadPlanBuildingAssociationVisitationStrategy - <<<< Finishing up attribute : org.hibernate.persister.walking.internal.CompositionSingularSubAttributesHelper$1$1$3@e1a150c
2021-11-19T10:23:40,836|[DEBUG] MetamodelGraphWalker - Visiting attribute path : phoneId
2021-11-19T10:23:40,836|[TRACE] AbstractLoadPlanBuildingAssociationVisitationStrategy - >>>> Starting attribute org.hibernate.persister.walking.internal.CompositionSingularSubAttributesHelper$1$1$3@527d5e48
2021-11-19T10:23:40,836|[TRACE] AbstractLoadPlanBuildingAssociationVisitationStrategy - <<<< Finishing up attribute : org.hibernate.persister.walking.internal.CompositionSingularSubAttributesHelper$1$1$3@527d5e48
2021-11-19T10:23:40,836|[TRACE] AbstractLoadPlanBuildingAssociationVisitationStrategy - <<<< Finishing composite : id
2021-11-19T10:23:40,836|[TRACE] AbstractLoadPlanBuildingAssociationVisitationStrategy - Popped fetch owner from stack : org.hibernate.loader.plan.build.internal.returns.EncapsulatedEntityIdentifierDescription@3e998033
2021-11-19T10:23:40,836|[TRACE] AbstractLoadPlanBuildingAssociationVisitationStrategy - << Finished entity identifier : bloodbank.entity.Contact
2021-11-19T10:23:40,836|[DEBUG] MetamodelGraphWalker - Visiting attribute path : epochCreated
2021-11-19T10:23:40,836|[TRACE] AbstractLoadPlanBuildingAssociationVisitationStrategy - >> Starting attribute Attribute(name=epochCreated, type=long [non-identifier])
2021-11-19T10:23:40,836|[TRACE] AbstractLoadPlanBuildingAssociationVisitationStrategy - << Finishing up attribute : Attribute(name=epochCreated, type=long [non-identifier])
2021-11-19T10:23:40,836|[DEBUG] MetamodelGraphWalker - Visiting attribute path : epochUpdated
2021-11-19T10:23:40,836|[TRACE] AbstractLoadPlanBuildingAssociationVisitationStrategy - >> Starting attribute Attribute(name=epochUpdated, type=long [non-identifier])
2021-11-19T10:23:40,836|[TRACE] AbstractLoadPlanBuildingAssociationVisitationStrategy - << Finishing up attribute : Attribute(name=epochUpdated, type=long [non-identifier])
2021-11-19T10:23:40,836|[DEBUG] MetamodelGraphWalker - Visiting attribute path : version
2021-11-19T10:23:40,836|[TRACE] AbstractLoadPlanBuildingAssociationVisitationStrategy - >> Starting attribute Attribute(name=version, type=integer [non-identifier])
2021-11-19T10:23:40,836|[TRACE] AbstractLoadPlanBuildingAssociationVisitationStrategy - << Finishing up attribute : Attribute(name=version, type=integer [non-identifier])
2021-11-19T10:23:40,836|[DEBUG] MetamodelGraphWalker - Visiting attribute path : address
2021-11-19T10:23:40,836|[DEBUG] MetamodelGraphWalker - Property path deemed to be circular : address
2021-11-19T10:23:40,836|[DEBUG] MetamodelGraphWalker - Visiting attribute path : contactType
2021-11-19T10:23:40,836|[TRACE] AbstractLoadPlanBuildingAssociationVisitationStrategy - >> Starting attribute Attribute(name=contactType, type=string [non-identifier])
2021-11-19T10:23:40,836|[TRACE] AbstractLoadPlanBuildingAssociationVisitationStrategy - << Finishing up attribute : Attribute(name=contactType, type=string [non-identifier])
2021-11-19T10:23:40,836|[DEBUG] MetamodelGraphWalker - Visiting attribute path : email
2021-11-19T10:23:40,836|[TRACE] AbstractLoadPlanBuildingAssociationVisitationStrategy - >> Starting attribute Attribute(name=email, type=string [non-identifier])
2021-11-19T10:23:40,836|[TRACE] AbstractLoadPlanBuildingAssociationVisitationStrategy - << Finishing up attribute : Attribute(name=email, type=string [non-identifier])
2021-11-19T10:23:40,836|[DEBUG] MetamodelGraphWalker - Visiting attribute path : owner
2021-11-19T10:23:40,836|[TRACE] AbstractLoadPlanBuildingAssociationVisitationStrategy - >> Starting attribute Attribute(name=owner, type=bloodbank.entity.Person [non-identifier,association])
2021-11-19T10:23:40,837|[DEBUG] QuerySpacesImpl - Adding QuerySpace : uid = <gen:2> -> org.hibernate.loader.plan.build.internal.spaces.EntityQuerySpaceImpl@407b41e6]
2021-11-19T10:23:40,837|[TRACE] AbstractLoadPlanBuildingAssociationVisitationStrategy - << Finishing up attribute : Attribute(name=owner, type=bloodbank.entity.Person [non-identifier,association])
2021-11-19T10:23:40,837|[DEBUG] MetamodelGraphWalker - Visiting attribute path : phone
2021-11-19T10:23:40,837|[TRACE] AbstractLoadPlanBuildingAssociationVisitationStrategy - >> Starting attribute Attribute(name=phone, type=bloodbank.entity.Phone [non-identifier,association])
2021-11-19T10:23:40,837|[DEBUG] QuerySpacesImpl - Adding QuerySpace : uid = <gen:3> -> org.hibernate.loader.plan.build.internal.spaces.EntityQuerySpaceImpl@3291d9c2]
2021-11-19T10:23:40,837|[TRACE] AbstractLoadPlanBuildingAssociationVisitationStrategy - << Finishing up attribute : Attribute(name=phone, type=bloodbank.entity.Phone [non-identifier,association])
2021-11-19T10:23:40,837|[TRACE] AbstractLoadPlanBuildingAssociationVisitationStrategy - Popped fetch owner from stack : org.hibernate.loader.plan.build.internal.returns.CollectionFetchableElementEntityGraph@6e9f8160
2021-11-19T10:23:40,837|[TRACE] AbstractLoadPlanBuildingAssociationVisitationStrategy -  Finished collection element graph : bloodbank.entity.Address.contacts
2021-11-19T10:23:40,837|[TRACE] AbstractLoadPlanBuildingAssociationVisitationStrategy - Popped collection reference from stack : org.hibernate.loader.plan.build.internal.returns.CollectionReturnImpl@7a34c1f6
2021-11-19T10:23:40,837|[TRACE] AbstractLoadPlanBuildingAssociationVisitationStrategy -  Finished root collection : bloodbank.entity.Address.contacts
2021-11-19T10:23:40,837|[DEBUG] FetchStyleLoadPlanBuildingAssociationVisitationStrategy - Building LoadPlan...
2021-11-19T10:23:40,837|[DEBUG] LoadQueryJoinAndFetchProcessor - processing queryspace <gen:0>
2021-11-19T10:23:40,837|[DEBUG] LoadPlanTreePrinter - LoadPlan(collection=bloodbank.entity.Address.contacts)
    - Returns
       - CollectionReturnImpl(collection=bloodbank.entity.Address.contacts, querySpaceUid=<gen:0>, path=[bloodbank.entity.Address.contacts])
          - (collection element) CollectionFetchableElementEntityGraph(entity=bloodbank.entity.Contact, querySpaceUid=<gen:1>, path=[bloodbank.entity.Address.contacts].<elements>)
             - EntityAttributeFetchImpl(entity=bloodbank.entity.Person, querySpaceUid=<gen:2>, path=[bloodbank.entity.Address.contacts].<elements>.owner)
             - EntityAttributeFetchImpl(entity=bloodbank.entity.Phone, querySpaceUid=<gen:3>, path=[bloodbank.entity.Address.contacts].<elements>.phone)
    - QuerySpaces
       - CollectionQuerySpaceImpl(uid=<gen:0>, collection=bloodbank.entity.Address.contacts)
          - SQL table alias mapping - contacts0_
          - alias suffix - 0_
          - suffixed key columns - {address_8_3_0_}
          - entity-element alias suffix - 1_
          - 1_entity-element suffixed key columns - person_i1_3_1_, phone_id2_3_1_
          - JOIN (JoinDefinedByMetadata(elements)) : <gen:0> -> <gen:1>
             - EntityQuerySpaceImpl(uid=<gen:1>, entity=bloodbank.entity.Contact)
                - SQL table alias mapping - contacts0_
                - alias suffix - 1_
                - suffixed key columns - {person_i1_3_1_, phone_id2_3_1_}
                - JOIN (JoinDefinedByMetadata(id)) : <gen:1> -> <gen:1>-id
                   - CompositeQuerySpaceImpl(uid=<gen:1>-id)
                      - SQL table alias mapping - contacts0_

2021-11-19T10:23:40,837|[DEBUG] CollectionLoader - Static select for collection bloodbank.entity.Address.contacts: select contacts0_.address_id as address_8_3_0_, contacts0_.person_id as person_i1_3_0_, contacts0_.phone_id as phone_id2_3_0_, contacts0_.person_id as person_i1_3_1_, contacts0_.phone_id as phone_id2_3_1_, contacts0_.created as created3_3_1_, contacts0_.updated as updated4_3_1_, contacts0_.version as version5_3_1_, contacts0_.address_id as address_8_3_1_, contacts0_.contact_type as contact_6_3_1_, contacts0_.email as email7_3_1_ from contact contacts0_ where contacts0_.address_id=?
2021-11-19T10:23:40,837|[TRACE] AbstractLoadPlanBuildingAssociationVisitationStrategy -  Starting root collection : bloodbank.entity.Person.donations
2021-11-19T10:23:40,837|[DEBUG] QuerySpacesImpl - Adding QuerySpace : uid = <gen:0> -> org.hibernate.loader.plan.build.internal.spaces.CollectionQuerySpaceImpl@6cfd08e9]
2021-11-19T10:23:40,837|[DEBUG] QuerySpacesImpl - Adding QuerySpace : uid = <gen:1> -> org.hibernate.loader.plan.build.internal.spaces.EntityQuerySpaceImpl@54ca9420]
2021-11-19T10:23:40,837|[TRACE] AbstractLoadPlanBuildingAssociationVisitationStrategy - Pushing collection reference to stack : org.hibernate.loader.plan.build.internal.returns.CollectionReturnImpl@4ea48b2e
2021-11-19T10:23:40,837|[TRACE] AbstractLoadPlanBuildingAssociationVisitationStrategy -  Registering AssociationKey : AssociationKey(table=donation_record, columns={person_id}) -> null
2021-11-19T10:23:40,837|[TRACE] AbstractLoadPlanBuildingAssociationVisitationStrategy -  Starting collection element graph : bloodbank.entity.Person.donations
2021-11-19T10:23:40,837|[TRACE] AbstractLoadPlanBuildingAssociationVisitationStrategy - Pushing fetch source to stack : org.hibernate.loader.plan.build.internal.returns.CollectionFetchableElementEntityGraph@72c704f1
2021-11-19T10:23:40,837|[TRACE] AbstractLoadPlanBuildingAssociationVisitationStrategy - >> Starting entity identifier : bloodbank.entity.DonationRecord
2021-11-19T10:23:40,837|[DEBUG] MetamodelGraphWalker - Visiting attribute path : epochCreated
2021-11-19T10:23:40,837|[TRACE] AbstractLoadPlanBuildingAssociationVisitationStrategy - >> Starting attribute Attribute(name=epochCreated, type=long [non-identifier])
2021-11-19T10:23:40,837|[TRACE] AbstractLoadPlanBuildingAssociationVisitationStrategy - << Finishing up attribute : Attribute(name=epochCreated, type=long [non-identifier])
2021-11-19T10:23:40,837|[DEBUG] MetamodelGraphWalker - Visiting attribute path : epochUpdated
2021-11-19T10:23:40,837|[TRACE] AbstractLoadPlanBuildingAssociationVisitationStrategy - >> Starting attribute Attribute(name=epochUpdated, type=long [non-identifier])
2021-11-19T10:23:40,837|[TRACE] AbstractLoadPlanBuildingAssociationVisitationStrategy - << Finishing up attribute : Attribute(name=epochUpdated, type=long [non-identifier])
2021-11-19T10:23:40,837|[DEBUG] MetamodelGraphWalker - Visiting attribute path : version
2021-11-19T10:23:40,837|[TRACE] AbstractLoadPlanBuildingAssociationVisitationStrategy - >> Starting attribute Attribute(name=version, type=integer [non-identifier])
2021-11-19T10:23:40,837|[TRACE] AbstractLoadPlanBuildingAssociationVisitationStrategy - << Finishing up attribute : Attribute(name=version, type=integer [non-identifier])
2021-11-19T10:23:40,837|[DEBUG] MetamodelGraphWalker - Visiting attribute path : donation
2021-11-19T10:23:40,837|[TRACE] AbstractLoadPlanBuildingAssociationVisitationStrategy - >> Starting attribute Attribute(name=donation, type=bloodbank.entity.BloodDonation [non-identifier,association])
2021-11-19T10:23:40,838|[DEBUG] QuerySpacesImpl - Adding QuerySpace : uid = <gen:2> -> org.hibernate.loader.plan.build.internal.spaces.EntityQuerySpaceImpl@76f9e000]
2021-11-19T10:23:40,838|[TRACE] AbstractLoadPlanBuildingAssociationVisitationStrategy - Pushing fetch source to stack : org.hibernate.loader.plan.build.internal.returns.EntityAttributeFetchImpl@7612116b
2021-11-19T10:23:40,838|[TRACE] AbstractLoadPlanBuildingAssociationVisitationStrategy - .... Registering AssociationKey : AssociationKey(table=donation_record, columns={donation_id}) -> org.hibernate.loader.plan.build.internal.returns.EntityAttributeFetchImpl@7612116b
2021-11-19T10:23:40,838|[TRACE] AbstractLoadPlanBuildingAssociationVisitationStrategy - >>>> Starting entity identifier : bloodbank.entity.BloodDonation
2021-11-19T10:23:40,838|[DEBUG] MetamodelGraphWalker - Visiting attribute path : donation.epochCreated
2021-11-19T10:23:40,838|[TRACE] AbstractLoadPlanBuildingAssociationVisitationStrategy - >>>> Starting attribute Attribute(name=epochCreated, type=long [non-identifier])
2021-11-19T10:23:40,838|[TRACE] AbstractLoadPlanBuildingAssociationVisitationStrategy - <<<< Finishing up attribute : Attribute(name=epochCreated, type=long [non-identifier])
2021-11-19T10:23:40,838|[DEBUG] MetamodelGraphWalker - Visiting attribute path : donation.epochUpdated
2021-11-19T10:23:40,838|[TRACE] AbstractLoadPlanBuildingAssociationVisitationStrategy - >>>> Starting attribute Attribute(name=epochUpdated, type=long [non-identifier])
2021-11-19T10:23:40,838|[TRACE] AbstractLoadPlanBuildingAssociationVisitationStrategy - <<<< Finishing up attribute : Attribute(name=epochUpdated, type=long [non-identifier])
2021-11-19T10:23:40,838|[DEBUG] MetamodelGraphWalker - Visiting attribute path : donation.version
2021-11-19T10:23:40,838|[TRACE] AbstractLoadPlanBuildingAssociationVisitationStrategy - >>>> Starting attribute Attribute(name=version, type=integer [non-identifier])
2021-11-19T10:23:40,838|[TRACE] AbstractLoadPlanBuildingAssociationVisitationStrategy - <<<< Finishing up attribute : Attribute(name=version, type=integer [non-identifier])
2021-11-19T10:23:40,838|[DEBUG] MetamodelGraphWalker - Visiting attribute path : donation.bank
2021-11-19T10:23:40,838|[TRACE] AbstractLoadPlanBuildingAssociationVisitationStrategy - >>>> Starting attribute Attribute(name=bank, type=bloodbank.entity.BloodBank [non-identifier,association])
2021-11-19T10:23:40,838|[DEBUG] QuerySpacesImpl - Adding QuerySpace : uid = <gen:3> -> org.hibernate.loader.plan.build.internal.spaces.EntityQuerySpaceImpl@1c05097c]
2021-11-19T10:23:40,838|[TRACE] AbstractLoadPlanBuildingAssociationVisitationStrategy - <<<< Finishing up attribute : Attribute(name=bank, type=bloodbank.entity.BloodBank [non-identifier,association])
2021-11-19T10:23:40,838|[DEBUG] MetamodelGraphWalker - Visiting attribute path : donation.bloodType
2021-11-19T10:23:40,838|[TRACE] AbstractLoadPlanBuildingAssociationVisitationStrategy - >>>> Starting attribute Attribute(name=bloodType, type=component[bloodGroup,rhd] [non-identifier,composition])
2021-11-19T10:23:40,838|[DEBUG] QuerySpacesImpl - Adding QuerySpace : uid = <gen:4> -> org.hibernate.loader.plan.build.internal.spaces.CompositeQuerySpaceImpl@562f6681]
2021-11-19T10:23:40,838|[TRACE] AbstractLoadPlanBuildingAssociationVisitationStrategy - Pushing fetch source to stack : org.hibernate.loader.plan.build.internal.returns.CompositeAttributeFetchImpl@6f6f65a4
2021-11-19T10:23:40,838|[TRACE] AbstractLoadPlanBuildingAssociationVisitationStrategy - >>>>>> Starting composite : bloodType
2021-11-19T10:23:40,838|[DEBUG] MetamodelGraphWalker - Visiting attribute path : donation.bloodType.bloodGroup
2021-11-19T10:23:40,838|[TRACE] AbstractLoadPlanBuildingAssociationVisitationStrategy - >>>>>> Starting attribute Attribute(name=bloodGroup, type=string [non-identifier])
2021-11-19T10:23:40,838|[TRACE] AbstractLoadPlanBuildingAssociationVisitationStrategy - <<<<<< Finishing up attribute : Attribute(name=bloodGroup, type=string [non-identifier])
2021-11-19T10:23:40,838|[DEBUG] MetamodelGraphWalker - Visiting attribute path : donation.bloodType.rhd
2021-11-19T10:23:40,838|[TRACE] AbstractLoadPlanBuildingAssociationVisitationStrategy - >>>>>> Starting attribute Attribute(name=rhd, type=byte [non-identifier])
2021-11-19T10:23:40,838|[TRACE] AbstractLoadPlanBuildingAssociationVisitationStrategy - <<<<<< Finishing up attribute : Attribute(name=rhd, type=byte [non-identifier])
2021-11-19T10:23:40,838|[TRACE] AbstractLoadPlanBuildingAssociationVisitationStrategy - <<<<<< Finishing composite : bloodType
2021-11-19T10:23:40,838|[TRACE] AbstractLoadPlanBuildingAssociationVisitationStrategy - Popped fetch owner from stack : org.hibernate.loader.plan.build.internal.returns.CompositeAttributeFetchImpl@6f6f65a4
2021-11-19T10:23:40,838|[TRACE] AbstractLoadPlanBuildingAssociationVisitationStrategy - <<<< Finishing up attribute : Attribute(name=bloodType, type=component[bloodGroup,rhd] [non-identifier,composition])
2021-11-19T10:23:40,838|[DEBUG] MetamodelGraphWalker - Visiting attribute path : donation.milliliters
2021-11-19T10:23:40,838|[TRACE] AbstractLoadPlanBuildingAssociationVisitationStrategy - >>>> Starting attribute Attribute(name=milliliters, type=integer [non-identifier])
2021-11-19T10:23:40,838|[TRACE] AbstractLoadPlanBuildingAssociationVisitationStrategy - <<<< Finishing up attribute : Attribute(name=milliliters, type=integer [non-identifier])
2021-11-19T10:23:40,838|[DEBUG] MetamodelGraphWalker - Visiting attribute path : donation.record
2021-11-19T10:23:40,838|[TRACE] AbstractLoadPlanBuildingAssociationVisitationStrategy - >>>> Starting attribute Attribute(name=record, type=bloodbank.entity.DonationRecord [non-identifier,association])
2021-11-19T10:23:40,838|[DEBUG] QuerySpacesImpl - Adding QuerySpace : uid = <gen:5> -> org.hibernate.loader.plan.build.internal.spaces.EntityQuerySpaceImpl@990b86b]
2021-11-19T10:23:40,838|[TRACE] AbstractLoadPlanBuildingAssociationVisitationStrategy - <<<< Finishing up attribute : Attribute(name=record, type=bloodbank.entity.DonationRecord [non-identifier,association])
2021-11-19T10:23:40,838|[TRACE] AbstractLoadPlanBuildingAssociationVisitationStrategy - Popped fetch owner from stack : org.hibernate.loader.plan.build.internal.returns.EntityAttributeFetchImpl@7612116b
2021-11-19T10:23:40,838|[TRACE] AbstractLoadPlanBuildingAssociationVisitationStrategy - << Finishing up attribute : Attribute(name=donation, type=bloodbank.entity.BloodDonation [non-identifier,association])
2021-11-19T10:23:40,838|[DEBUG] MetamodelGraphWalker - Visiting attribute path : owner
2021-11-19T10:23:40,838|[DEBUG] MetamodelGraphWalker - Property path deemed to be circular : owner
2021-11-19T10:23:40,838|[DEBUG] MetamodelGraphWalker - Visiting attribute path : tested
2021-11-19T10:23:40,838|[TRACE] AbstractLoadPlanBuildingAssociationVisitationStrategy - >> Starting attribute Attribute(name=tested, type=byte [non-identifier])
2021-11-19T10:23:40,838|[TRACE] AbstractLoadPlanBuildingAssociationVisitationStrategy - << Finishing up attribute : Attribute(name=tested, type=byte [non-identifier])
2021-11-19T10:23:40,838|[TRACE] AbstractLoadPlanBuildingAssociationVisitationStrategy - Popped fetch owner from stack : org.hibernate.loader.plan.build.internal.returns.CollectionFetchableElementEntityGraph@72c704f1
2021-11-19T10:23:40,838|[TRACE] AbstractLoadPlanBuildingAssociationVisitationStrategy -  Finished collection element graph : bloodbank.entity.Person.donations
2021-11-19T10:23:40,838|[TRACE] AbstractLoadPlanBuildingAssociationVisitationStrategy - Popped collection reference from stack : org.hibernate.loader.plan.build.internal.returns.CollectionReturnImpl@4ea48b2e
2021-11-19T10:23:40,838|[TRACE] AbstractLoadPlanBuildingAssociationVisitationStrategy -  Finished root collection : bloodbank.entity.Person.donations
2021-11-19T10:23:40,838|[DEBUG] FetchStyleLoadPlanBuildingAssociationVisitationStrategy - Building LoadPlan...
2021-11-19T10:23:40,838|[DEBUG] LoadQueryJoinAndFetchProcessor - processing queryspace <gen:0>
2021-11-19T10:23:40,839|[DEBUG] LoadPlanTreePrinter - LoadPlan(collection=bloodbank.entity.Person.donations)
    - Returns
       - CollectionReturnImpl(collection=bloodbank.entity.Person.donations, querySpaceUid=<gen:0>, path=[bloodbank.entity.Person.donations])
          - (collection element) CollectionFetchableElementEntityGraph(entity=bloodbank.entity.DonationRecord, querySpaceUid=<gen:1>, path=[bloodbank.entity.Person.donations].<elements>)
             - EntityAttributeFetchImpl(entity=bloodbank.entity.BloodDonation, querySpaceUid=<gen:2>, path=[bloodbank.entity.Person.donations].<elements>.donation)
                - EntityAttributeFetchImpl(entity=bloodbank.entity.BloodBank, querySpaceUid=<gen:3>, path=[bloodbank.entity.Person.donations].<elements>.donation.bank)
                - CompositeAttributeFetchImpl(composite=bloodbank.entity.BloodType, querySpaceUid=<gen:4>, path=[bloodbank.entity.Person.donations].<elements>.donation.bloodType)
                - EntityAttributeFetchImpl(entity=bloodbank.entity.DonationRecord, querySpaceUid=<gen:5>, path=[bloodbank.entity.Person.donations].<elements>.donation.record)
    - QuerySpaces
       - CollectionQuerySpaceImpl(uid=<gen:0>, collection=bloodbank.entity.Person.donations)
          - SQL table alias mapping - donations0_
          - alias suffix - 0_
          - suffixed key columns - {person_i7_4_0_}
          - entity-element alias suffix - 1_
          - 1_entity-element suffixed key columns - record_i1_4_1_
          - JOIN (JoinDefinedByMetadata(elements)) : <gen:0> -> <gen:1>
             - EntityQuerySpaceImpl(uid=<gen:1>, entity=bloodbank.entity.DonationRecord)
                - SQL table alias mapping - donations0_
                - alias suffix - 1_
                - suffixed key columns - {record_i1_4_1_}
                - JOIN (JoinDefinedByMetadata(donation)) : <gen:1> -> <gen:2>
                   - EntityQuerySpaceImpl(uid=<gen:2>, entity=bloodbank.entity.BloodDonation)
                      - SQL table alias mapping - blooddonat1_
                      - alias suffix - 2_
                      - suffixed key columns - {donation1_2_2_}
                      - JOIN (JoinDefinedByMetadata(bloodType)) : <gen:2> -> <gen:4>
                         - CompositeQuerySpaceImpl(uid=<gen:4>)
                            - SQL table alias mapping - blooddonat1_

2021-11-19T10:23:40,839|[DEBUG] CollectionLoader - Static select for collection bloodbank.entity.Person.donations: select donations0_.person_id as person_i7_4_0_, donations0_.record_id as record_i1_4_0_, donations0_.record_id as record_i1_4_1_, donations0_.created as created2_4_1_, donations0_.updated as updated3_4_1_, donations0_.version as version4_4_1_, donations0_.donation_id as donation6_4_1_, donations0_.person_id as person_i7_4_1_, donations0_.tested as tested5_4_1_, blooddonat1_.donation_id as donation1_2_2_, blooddonat1_.created as created2_2_2_, blooddonat1_.updated as updated3_2_2_, blooddonat1_.version as version4_2_2_, blooddonat1_.bank_id as bank_id8_2_2_, blooddonat1_.blood_group as blood_gr5_2_2_, blooddonat1_.rhd as rhd6_2_2_, blooddonat1_.milliliters as millilit7_2_2_ from donation_record donations0_ inner join blood_donation blooddonat1_ on donations0_.donation_id=blooddonat1_.donation_id where donations0_.person_id=?
2021-11-19T10:23:40,839|[TRACE] AbstractLoadPlanBuildingAssociationVisitationStrategy -  Starting root collection : bloodbank.entity.Person.contacts
2021-11-19T10:23:40,839|[DEBUG] QuerySpacesImpl - Adding QuerySpace : uid = <gen:0> -> org.hibernate.loader.plan.build.internal.spaces.CollectionQuerySpaceImpl@3dea1ecc]
2021-11-19T10:23:40,839|[DEBUG] QuerySpacesImpl - Adding QuerySpace : uid = <gen:1> -> org.hibernate.loader.plan.build.internal.spaces.EntityQuerySpaceImpl@105c6c9e]
2021-11-19T10:23:40,839|[DEBUG] QuerySpacesImpl - Adding QuerySpace : uid = <gen:1>-id -> org.hibernate.loader.plan.build.internal.spaces.CompositeQuerySpaceImpl@40a7974]
2021-11-19T10:23:40,839|[TRACE] AbstractLoadPlanBuildingAssociationVisitationStrategy - Pushing collection reference to stack : org.hibernate.loader.plan.build.internal.returns.CollectionReturnImpl@8d5da7e
2021-11-19T10:23:40,839|[TRACE] AbstractLoadPlanBuildingAssociationVisitationStrategy -  Registering AssociationKey : AssociationKey(table=contact, columns={person_id}) -> null
2021-11-19T10:23:40,839|[TRACE] AbstractLoadPlanBuildingAssociationVisitationStrategy -  Starting collection element graph : bloodbank.entity.Person.contacts
2021-11-19T10:23:40,839|[TRACE] AbstractLoadPlanBuildingAssociationVisitationStrategy - Pushing fetch source to stack : org.hibernate.loader.plan.build.internal.returns.CollectionFetchableElementEntityGraph@65a4b9d6
2021-11-19T10:23:40,839|[TRACE] AbstractLoadPlanBuildingAssociationVisitationStrategy - >> Starting entity identifier : bloodbank.entity.Contact
2021-11-19T10:23:40,839|[TRACE] AbstractLoadPlanBuildingAssociationVisitationStrategy - Pushing fetch source to stack : org.hibernate.loader.plan.build.internal.returns.EncapsulatedEntityIdentifierDescription@16ef1160
2021-11-19T10:23:40,839|[TRACE] AbstractLoadPlanBuildingAssociationVisitationStrategy - >>>> Starting composite : id
2021-11-19T10:23:40,839|[DEBUG] MetamodelGraphWalker - Visiting attribute path : personId
2021-11-19T10:23:40,839|[TRACE] AbstractLoadPlanBuildingAssociationVisitationStrategy - >>>> Starting attribute org.hibernate.persister.walking.internal.CompositionSingularSubAttributesHelper$1$1$3@41f90b10
2021-11-19T10:23:40,839|[TRACE] AbstractLoadPlanBuildingAssociationVisitationStrategy - <<<< Finishing up attribute : org.hibernate.persister.walking.internal.CompositionSingularSubAttributesHelper$1$1$3@41f90b10
2021-11-19T10:23:40,839|[DEBUG] MetamodelGraphWalker - Visiting attribute path : phoneId
2021-11-19T10:23:40,839|[TRACE] AbstractLoadPlanBuildingAssociationVisitationStrategy - >>>> Starting attribute org.hibernate.persister.walking.internal.CompositionSingularSubAttributesHelper$1$1$3@67593f7b
2021-11-19T10:23:40,839|[TRACE] AbstractLoadPlanBuildingAssociationVisitationStrategy - <<<< Finishing up attribute : org.hibernate.persister.walking.internal.CompositionSingularSubAttributesHelper$1$1$3@67593f7b
2021-11-19T10:23:40,839|[TRACE] AbstractLoadPlanBuildingAssociationVisitationStrategy - <<<< Finishing composite : id
2021-11-19T10:23:40,839|[TRACE] AbstractLoadPlanBuildingAssociationVisitationStrategy - Popped fetch owner from stack : org.hibernate.loader.plan.build.internal.returns.EncapsulatedEntityIdentifierDescription@16ef1160
2021-11-19T10:23:40,839|[TRACE] AbstractLoadPlanBuildingAssociationVisitationStrategy - << Finished entity identifier : bloodbank.entity.Contact
2021-11-19T10:23:40,840|[DEBUG] MetamodelGraphWalker - Visiting attribute path : epochCreated
2021-11-19T10:23:40,840|[TRACE] AbstractLoadPlanBuildingAssociationVisitationStrategy - >> Starting attribute Attribute(name=epochCreated, type=long [non-identifier])
2021-11-19T10:23:40,840|[TRACE] AbstractLoadPlanBuildingAssociationVisitationStrategy - << Finishing up attribute : Attribute(name=epochCreated, type=long [non-identifier])
2021-11-19T10:23:40,840|[DEBUG] MetamodelGraphWalker - Visiting attribute path : epochUpdated
2021-11-19T10:23:40,840|[TRACE] AbstractLoadPlanBuildingAssociationVisitationStrategy - >> Starting attribute Attribute(name=epochUpdated, type=long [non-identifier])
2021-11-19T10:23:40,840|[TRACE] AbstractLoadPlanBuildingAssociationVisitationStrategy - << Finishing up attribute : Attribute(name=epochUpdated, type=long [non-identifier])
2021-11-19T10:23:40,840|[DEBUG] MetamodelGraphWalker - Visiting attribute path : version
2021-11-19T10:23:40,840|[TRACE] AbstractLoadPlanBuildingAssociationVisitationStrategy - >> Starting attribute Attribute(name=version, type=integer [non-identifier])
2021-11-19T10:23:40,840|[TRACE] AbstractLoadPlanBuildingAssociationVisitationStrategy - << Finishing up attribute : Attribute(name=version, type=integer [non-identifier])
2021-11-19T10:23:40,840|[DEBUG] MetamodelGraphWalker - Visiting attribute path : address
2021-11-19T10:23:40,840|[TRACE] AbstractLoadPlanBuildingAssociationVisitationStrategy - >> Starting attribute Attribute(name=address, type=bloodbank.entity.Address [non-identifier,association])
2021-11-19T10:23:40,840|[DEBUG] QuerySpacesImpl - Adding QuerySpace : uid = <gen:2> -> org.hibernate.loader.plan.build.internal.spaces.EntityQuerySpaceImpl@2773504f]
2021-11-19T10:23:40,840|[TRACE] AbstractLoadPlanBuildingAssociationVisitationStrategy - << Finishing up attribute : Attribute(name=address, type=bloodbank.entity.Address [non-identifier,association])
2021-11-19T10:23:40,840|[DEBUG] MetamodelGraphWalker - Visiting attribute path : contactType
2021-11-19T10:23:40,840|[TRACE] AbstractLoadPlanBuildingAssociationVisitationStrategy - >> Starting attribute Attribute(name=contactType, type=string [non-identifier])
2021-11-19T10:23:40,840|[TRACE] AbstractLoadPlanBuildingAssociationVisitationStrategy - << Finishing up attribute : Attribute(name=contactType, type=string [non-identifier])
2021-11-19T10:23:40,840|[DEBUG] MetamodelGraphWalker - Visiting attribute path : email
2021-11-19T10:23:40,840|[TRACE] AbstractLoadPlanBuildingAssociationVisitationStrategy - >> Starting attribute Attribute(name=email, type=string [non-identifier])
2021-11-19T10:23:40,840|[TRACE] AbstractLoadPlanBuildingAssociationVisitationStrategy - << Finishing up attribute : Attribute(name=email, type=string [non-identifier])
2021-11-19T10:23:40,840|[DEBUG] MetamodelGraphWalker - Visiting attribute path : owner
2021-11-19T10:23:40,840|[DEBUG] MetamodelGraphWalker - Property path deemed to be circular : owner
2021-11-19T10:23:40,840|[DEBUG] MetamodelGraphWalker - Visiting attribute path : phone
2021-11-19T10:23:40,840|[TRACE] AbstractLoadPlanBuildingAssociationVisitationStrategy - >> Starting attribute Attribute(name=phone, type=bloodbank.entity.Phone [non-identifier,association])
2021-11-19T10:23:40,840|[DEBUG] QuerySpacesImpl - Adding QuerySpace : uid = <gen:3> -> org.hibernate.loader.plan.build.internal.spaces.EntityQuerySpaceImpl@497921d0]
2021-11-19T10:23:40,840|[TRACE] AbstractLoadPlanBuildingAssociationVisitationStrategy - << Finishing up attribute : Attribute(name=phone, type=bloodbank.entity.Phone [non-identifier,association])
2021-11-19T10:23:40,840|[TRACE] AbstractLoadPlanBuildingAssociationVisitationStrategy - Popped fetch owner from stack : org.hibernate.loader.plan.build.internal.returns.CollectionFetchableElementEntityGraph@65a4b9d6
2021-11-19T10:23:40,840|[TRACE] AbstractLoadPlanBuildingAssociationVisitationStrategy -  Finished collection element graph : bloodbank.entity.Person.contacts
2021-11-19T10:23:40,840|[TRACE] AbstractLoadPlanBuildingAssociationVisitationStrategy - Popped collection reference from stack : org.hibernate.loader.plan.build.internal.returns.CollectionReturnImpl@8d5da7e
2021-11-19T10:23:40,840|[TRACE] AbstractLoadPlanBuildingAssociationVisitationStrategy -  Finished root collection : bloodbank.entity.Person.contacts
2021-11-19T10:23:40,840|[DEBUG] FetchStyleLoadPlanBuildingAssociationVisitationStrategy - Building LoadPlan...
2021-11-19T10:23:40,840|[DEBUG] LoadQueryJoinAndFetchProcessor - processing queryspace <gen:0>
2021-11-19T10:23:40,841|[DEBUG] LoadPlanTreePrinter - LoadPlan(collection=bloodbank.entity.Person.contacts)
    - Returns
       - CollectionReturnImpl(collection=bloodbank.entity.Person.contacts, querySpaceUid=<gen:0>, path=[bloodbank.entity.Person.contacts])
          - (collection element) CollectionFetchableElementEntityGraph(entity=bloodbank.entity.Contact, querySpaceUid=<gen:1>, path=[bloodbank.entity.Person.contacts].<elements>)
             - EntityAttributeFetchImpl(entity=bloodbank.entity.Address, querySpaceUid=<gen:2>, path=[bloodbank.entity.Person.contacts].<elements>.address)
             - EntityAttributeFetchImpl(entity=bloodbank.entity.Phone, querySpaceUid=<gen:3>, path=[bloodbank.entity.Person.contacts].<elements>.phone)
    - QuerySpaces
       - CollectionQuerySpaceImpl(uid=<gen:0>, collection=bloodbank.entity.Person.contacts)
          - SQL table alias mapping - contacts0_
          - alias suffix - 0_
          - suffixed key columns - {person_i1_3_0_}
          - entity-element alias suffix - 1_
          - 1_entity-element suffixed key columns - person_i1_3_1_, phone_id2_3_1_
          - JOIN (JoinDefinedByMetadata(elements)) : <gen:0> -> <gen:1>
             - EntityQuerySpaceImpl(uid=<gen:1>, entity=bloodbank.entity.Contact)
                - SQL table alias mapping - contacts0_
                - alias suffix - 1_
                - suffixed key columns - {person_i1_3_1_, phone_id2_3_1_}
                - JOIN (JoinDefinedByMetadata(id)) : <gen:1> -> <gen:1>-id
                   - CompositeQuerySpaceImpl(uid=<gen:1>-id)
                      - SQL table alias mapping - contacts0_

2021-11-19T10:23:40,841|[DEBUG] CollectionLoader - Static select for collection bloodbank.entity.Person.contacts: select contacts0_.person_id as person_i1_3_0_, contacts0_.phone_id as phone_id2_3_0_, contacts0_.person_id as person_i1_3_1_, contacts0_.phone_id as phone_id2_3_1_, contacts0_.created as created3_3_1_, contacts0_.updated as updated4_3_1_, contacts0_.version as version5_3_1_, contacts0_.address_id as address_8_3_1_, contacts0_.contact_type as contact_6_3_1_, contacts0_.email as email7_3_1_ from contact contacts0_ where contacts0_.person_id=?
2021-11-19T10:23:40,841|[TRACE] AbstractLoadPlanBuildingAssociationVisitationStrategy -  Starting root collection : bloodbank.entity.Phone.contacts
2021-11-19T10:23:40,841|[DEBUG] QuerySpacesImpl - Adding QuerySpace : uid = <gen:0> -> org.hibernate.loader.plan.build.internal.spaces.CollectionQuerySpaceImpl@40d10264]
2021-11-19T10:23:40,841|[DEBUG] QuerySpacesImpl - Adding QuerySpace : uid = <gen:1> -> org.hibernate.loader.plan.build.internal.spaces.EntityQuerySpaceImpl@6edd4fe2]
2021-11-19T10:23:40,841|[DEBUG] QuerySpacesImpl - Adding QuerySpace : uid = <gen:1>-id -> org.hibernate.loader.plan.build.internal.spaces.CompositeQuerySpaceImpl@53918b5e]
2021-11-19T10:23:40,841|[TRACE] AbstractLoadPlanBuildingAssociationVisitationStrategy - Pushing collection reference to stack : org.hibernate.loader.plan.build.internal.returns.CollectionReturnImpl@5366575d
2021-11-19T10:23:40,841|[TRACE] AbstractLoadPlanBuildingAssociationVisitationStrategy -  Registering AssociationKey : AssociationKey(table=contact, columns={phone_id}) -> null
2021-11-19T10:23:40,841|[TRACE] AbstractLoadPlanBuildingAssociationVisitationStrategy -  Starting collection element graph : bloodbank.entity.Phone.contacts
2021-11-19T10:23:40,841|[TRACE] AbstractLoadPlanBuildingAssociationVisitationStrategy - Pushing fetch source to stack : org.hibernate.loader.plan.build.internal.returns.CollectionFetchableElementEntityGraph@1b6cad77
2021-11-19T10:23:40,841|[TRACE] AbstractLoadPlanBuildingAssociationVisitationStrategy - >> Starting entity identifier : bloodbank.entity.Contact
2021-11-19T10:23:40,841|[TRACE] AbstractLoadPlanBuildingAssociationVisitationStrategy - Pushing fetch source to stack : org.hibernate.loader.plan.build.internal.returns.EncapsulatedEntityIdentifierDescription@1fca53a7
2021-11-19T10:23:40,841|[TRACE] AbstractLoadPlanBuildingAssociationVisitationStrategy - >>>> Starting composite : id
2021-11-19T10:23:40,841|[DEBUG] MetamodelGraphWalker - Visiting attribute path : personId
2021-11-19T10:23:40,841|[TRACE] AbstractLoadPlanBuildingAssociationVisitationStrategy - >>>> Starting attribute org.hibernate.persister.walking.internal.CompositionSingularSubAttributesHelper$1$1$3@40dee07b
2021-11-19T10:23:40,841|[TRACE] AbstractLoadPlanBuildingAssociationVisitationStrategy - <<<< Finishing up attribute : org.hibernate.persister.walking.internal.CompositionSingularSubAttributesHelper$1$1$3@40dee07b
2021-11-19T10:23:40,841|[DEBUG] MetamodelGraphWalker - Visiting attribute path : phoneId
2021-11-19T10:23:40,841|[TRACE] AbstractLoadPlanBuildingAssociationVisitationStrategy - >>>> Starting attribute org.hibernate.persister.walking.internal.CompositionSingularSubAttributesHelper$1$1$3@21e39b82
2021-11-19T10:23:40,842|[TRACE] AbstractLoadPlanBuildingAssociationVisitationStrategy - <<<< Finishing up attribute : org.hibernate.persister.walking.internal.CompositionSingularSubAttributesHelper$1$1$3@21e39b82
2021-11-19T10:23:40,842|[TRACE] AbstractLoadPlanBuildingAssociationVisitationStrategy - <<<< Finishing composite : id
2021-11-19T10:23:40,842|[TRACE] AbstractLoadPlanBuildingAssociationVisitationStrategy - Popped fetch owner from stack : org.hibernate.loader.plan.build.internal.returns.EncapsulatedEntityIdentifierDescription@1fca53a7
2021-11-19T10:23:40,842|[TRACE] AbstractLoadPlanBuildingAssociationVisitationStrategy - << Finished entity identifier : bloodbank.entity.Contact
2021-11-19T10:23:40,842|[DEBUG] MetamodelGraphWalker - Visiting attribute path : epochCreated
2021-11-19T10:23:40,842|[TRACE] AbstractLoadPlanBuildingAssociationVisitationStrategy - >> Starting attribute Attribute(name=epochCreated, type=long [non-identifier])
2021-11-19T10:23:40,842|[TRACE] AbstractLoadPlanBuildingAssociationVisitationStrategy - << Finishing up attribute : Attribute(name=epochCreated, type=long [non-identifier])
2021-11-19T10:23:40,842|[DEBUG] MetamodelGraphWalker - Visiting attribute path : epochUpdated
2021-11-19T10:23:40,842|[TRACE] AbstractLoadPlanBuildingAssociationVisitationStrategy - >> Starting attribute Attribute(name=epochUpdated, type=long [non-identifier])
2021-11-19T10:23:40,842|[TRACE] AbstractLoadPlanBuildingAssociationVisitationStrategy - << Finishing up attribute : Attribute(name=epochUpdated, type=long [non-identifier])
2021-11-19T10:23:40,842|[DEBUG] MetamodelGraphWalker - Visiting attribute path : version
2021-11-19T10:23:40,842|[TRACE] AbstractLoadPlanBuildingAssociationVisitationStrategy - >> Starting attribute Attribute(name=version, type=integer [non-identifier])
2021-11-19T10:23:40,842|[TRACE] AbstractLoadPlanBuildingAssociationVisitationStrategy - << Finishing up attribute : Attribute(name=version, type=integer [non-identifier])
2021-11-19T10:23:40,842|[DEBUG] MetamodelGraphWalker - Visiting attribute path : address
2021-11-19T10:23:40,842|[TRACE] AbstractLoadPlanBuildingAssociationVisitationStrategy - >> Starting attribute Attribute(name=address, type=bloodbank.entity.Address [non-identifier,association])
2021-11-19T10:23:40,842|[DEBUG] QuerySpacesImpl - Adding QuerySpace : uid = <gen:2> -> org.hibernate.loader.plan.build.internal.spaces.EntityQuerySpaceImpl@5f9a8ddc]
2021-11-19T10:23:40,842|[TRACE] AbstractLoadPlanBuildingAssociationVisitationStrategy - << Finishing up attribute : Attribute(name=address, type=bloodbank.entity.Address [non-identifier,association])
2021-11-19T10:23:40,842|[DEBUG] MetamodelGraphWalker - Visiting attribute path : contactType
2021-11-19T10:23:40,842|[TRACE] AbstractLoadPlanBuildingAssociationVisitationStrategy - >> Starting attribute Attribute(name=contactType, type=string [non-identifier])
2021-11-19T10:23:40,842|[TRACE] AbstractLoadPlanBuildingAssociationVisitationStrategy - << Finishing up attribute : Attribute(name=contactType, type=string [non-identifier])
2021-11-19T10:23:40,842|[DEBUG] MetamodelGraphWalker - Visiting attribute path : email
2021-11-19T10:23:40,842|[TRACE] AbstractLoadPlanBuildingAssociationVisitationStrategy - >> Starting attribute Attribute(name=email, type=string [non-identifier])
2021-11-19T10:23:40,842|[TRACE] AbstractLoadPlanBuildingAssociationVisitationStrategy - << Finishing up attribute : Attribute(name=email, type=string [non-identifier])
2021-11-19T10:23:40,842|[DEBUG] MetamodelGraphWalker - Visiting attribute path : owner
2021-11-19T10:23:40,842|[TRACE] AbstractLoadPlanBuildingAssociationVisitationStrategy - >> Starting attribute Attribute(name=owner, type=bloodbank.entity.Person [non-identifier,association])
2021-11-19T10:23:40,842|[DEBUG] QuerySpacesImpl - Adding QuerySpace : uid = <gen:3> -> org.hibernate.loader.plan.build.internal.spaces.EntityQuerySpaceImpl@1280bae3]
2021-11-19T10:23:40,842|[TRACE] AbstractLoadPlanBuildingAssociationVisitationStrategy - << Finishing up attribute : Attribute(name=owner, type=bloodbank.entity.Person [non-identifier,association])
2021-11-19T10:23:40,842|[DEBUG] MetamodelGraphWalker - Visiting attribute path : phone
2021-11-19T10:23:40,842|[DEBUG] MetamodelGraphWalker - Property path deemed to be circular : phone
2021-11-19T10:23:40,842|[TRACE] AbstractLoadPlanBuildingAssociationVisitationStrategy - Popped fetch owner from stack : org.hibernate.loader.plan.build.internal.returns.CollectionFetchableElementEntityGraph@1b6cad77
2021-11-19T10:23:40,842|[TRACE] AbstractLoadPlanBuildingAssociationVisitationStrategy -  Finished collection element graph : bloodbank.entity.Phone.contacts
2021-11-19T10:23:40,842|[TRACE] AbstractLoadPlanBuildingAssociationVisitationStrategy - Popped collection reference from stack : org.hibernate.loader.plan.build.internal.returns.CollectionReturnImpl@5366575d
2021-11-19T10:23:40,842|[TRACE] AbstractLoadPlanBuildingAssociationVisitationStrategy -  Finished root collection : bloodbank.entity.Phone.contacts
2021-11-19T10:23:40,842|[DEBUG] FetchStyleLoadPlanBuildingAssociationVisitationStrategy - Building LoadPlan...
2021-11-19T10:23:40,842|[DEBUG] LoadQueryJoinAndFetchProcessor - processing queryspace <gen:0>
2021-11-19T10:23:40,843|[DEBUG] LoadPlanTreePrinter - LoadPlan(collection=bloodbank.entity.Phone.contacts)
    - Returns
       - CollectionReturnImpl(collection=bloodbank.entity.Phone.contacts, querySpaceUid=<gen:0>, path=[bloodbank.entity.Phone.contacts])
          - (collection element) CollectionFetchableElementEntityGraph(entity=bloodbank.entity.Contact, querySpaceUid=<gen:1>, path=[bloodbank.entity.Phone.contacts].<elements>)
             - EntityAttributeFetchImpl(entity=bloodbank.entity.Address, querySpaceUid=<gen:2>, path=[bloodbank.entity.Phone.contacts].<elements>.address)
             - EntityAttributeFetchImpl(entity=bloodbank.entity.Person, querySpaceUid=<gen:3>, path=[bloodbank.entity.Phone.contacts].<elements>.owner)
    - QuerySpaces
       - CollectionQuerySpaceImpl(uid=<gen:0>, collection=bloodbank.entity.Phone.contacts)
          - SQL table alias mapping - contacts0_
          - alias suffix - 0_
          - suffixed key columns - {phone_id2_3_0_}
          - entity-element alias suffix - 1_
          - 1_entity-element suffixed key columns - person_i1_3_1_, phone_id2_3_1_
          - JOIN (JoinDefinedByMetadata(elements)) : <gen:0> -> <gen:1>
             - EntityQuerySpaceImpl(uid=<gen:1>, entity=bloodbank.entity.Contact)
                - SQL table alias mapping - contacts0_
                - alias suffix - 1_
                - suffixed key columns - {person_i1_3_1_, phone_id2_3_1_}
                - JOIN (JoinDefinedByMetadata(id)) : <gen:1> -> <gen:1>-id
                   - CompositeQuerySpaceImpl(uid=<gen:1>-id)
                      - SQL table alias mapping - contacts0_

2021-11-19T10:23:40,843|[DEBUG] CollectionLoader - Static select for collection bloodbank.entity.Phone.contacts: select contacts0_.phone_id as phone_id2_3_0_, contacts0_.person_id as person_i1_3_0_, contacts0_.person_id as person_i1_3_1_, contacts0_.phone_id as phone_id2_3_1_, contacts0_.created as created3_3_1_, contacts0_.updated as updated4_3_1_, contacts0_.version as version5_3_1_, contacts0_.address_id as address_8_3_1_, contacts0_.contact_type as contact_6_3_1_, contacts0_.email as email7_3_1_ from contact contacts0_ where contacts0_.phone_id=?
2021-11-19T10:23:40,843|[TRACE] AbstractLoadPlanBuildingAssociationVisitationStrategy -  Starting root collection : bloodbank.entity.BloodBank.donations
2021-11-19T10:23:40,843|[DEBUG] QuerySpacesImpl - Adding QuerySpace : uid = <gen:0> -> org.hibernate.loader.plan.build.internal.spaces.CollectionQuerySpaceImpl@256a5df0]
2021-11-19T10:23:40,843|[DEBUG] QuerySpacesImpl - Adding QuerySpace : uid = <gen:1> -> org.hibernate.loader.plan.build.internal.spaces.EntityQuerySpaceImpl@1868ed54]
2021-11-19T10:23:40,843|[TRACE] AbstractLoadPlanBuildingAssociationVisitationStrategy - Pushing collection reference to stack : org.hibernate.loader.plan.build.internal.returns.CollectionReturnImpl@131777e8
2021-11-19T10:23:40,843|[TRACE] AbstractLoadPlanBuildingAssociationVisitationStrategy -  Registering AssociationKey : AssociationKey(table=blood_donation, columns={bank_id}) -> null
2021-11-19T10:23:40,843|[TRACE] AbstractLoadPlanBuildingAssociationVisitationStrategy -  Starting collection element graph : bloodbank.entity.BloodBank.donations
2021-11-19T10:23:40,843|[TRACE] AbstractLoadPlanBuildingAssociationVisitationStrategy - Pushing fetch source to stack : org.hibernate.loader.plan.build.internal.returns.CollectionFetchableElementEntityGraph@45790cb
2021-11-19T10:23:40,843|[TRACE] AbstractLoadPlanBuildingAssociationVisitationStrategy - >> Starting entity identifier : bloodbank.entity.BloodDonation
2021-11-19T10:23:40,843|[DEBUG] MetamodelGraphWalker - Visiting attribute path : epochCreated
2021-11-19T10:23:40,843|[TRACE] AbstractLoadPlanBuildingAssociationVisitationStrategy - >> Starting attribute Attribute(name=epochCreated, type=long [non-identifier])
2021-11-19T10:23:40,843|[TRACE] AbstractLoadPlanBuildingAssociationVisitationStrategy - << Finishing up attribute : Attribute(name=epochCreated, type=long [non-identifier])
2021-11-19T10:23:40,843|[DEBUG] MetamodelGraphWalker - Visiting attribute path : epochUpdated
2021-11-19T10:23:40,843|[TRACE] AbstractLoadPlanBuildingAssociationVisitationStrategy - >> Starting attribute Attribute(name=epochUpdated, type=long [non-identifier])
2021-11-19T10:23:40,843|[TRACE] AbstractLoadPlanBuildingAssociationVisitationStrategy - << Finishing up attribute : Attribute(name=epochUpdated, type=long [non-identifier])
2021-11-19T10:23:40,843|[DEBUG] MetamodelGraphWalker - Visiting attribute path : version
2021-11-19T10:23:40,843|[TRACE] AbstractLoadPlanBuildingAssociationVisitationStrategy - >> Starting attribute Attribute(name=version, type=integer [non-identifier])
2021-11-19T10:23:40,843|[TRACE] AbstractLoadPlanBuildingAssociationVisitationStrategy - << Finishing up attribute : Attribute(name=version, type=integer [non-identifier])
2021-11-19T10:23:40,843|[DEBUG] MetamodelGraphWalker - Visiting attribute path : bank
2021-11-19T10:23:40,843|[DEBUG] MetamodelGraphWalker - Property path deemed to be circular : bank
2021-11-19T10:23:40,843|[DEBUG] MetamodelGraphWalker - Visiting attribute path : bloodType
2021-11-19T10:23:40,843|[TRACE] AbstractLoadPlanBuildingAssociationVisitationStrategy - >> Starting attribute Attribute(name=bloodType, type=component[bloodGroup,rhd] [non-identifier,composition])
2021-11-19T10:23:40,843|[DEBUG] QuerySpacesImpl - Adding QuerySpace : uid = <gen:2> -> org.hibernate.loader.plan.build.internal.spaces.CompositeQuerySpaceImpl@73a5d86c]
2021-11-19T10:23:40,843|[TRACE] AbstractLoadPlanBuildingAssociationVisitationStrategy - Pushing fetch source to stack : org.hibernate.loader.plan.build.internal.returns.CompositeAttributeFetchImpl@2cf88901
2021-11-19T10:23:40,843|[TRACE] AbstractLoadPlanBuildingAssociationVisitationStrategy - >>>> Starting composite : bloodType
2021-11-19T10:23:40,843|[DEBUG] MetamodelGraphWalker - Visiting attribute path : bloodType.bloodGroup
2021-11-19T10:23:40,843|[TRACE] AbstractLoadPlanBuildingAssociationVisitationStrategy - >>>> Starting attribute Attribute(name=bloodGroup, type=string [non-identifier])
2021-11-19T10:23:40,843|[TRACE] AbstractLoadPlanBuildingAssociationVisitationStrategy - <<<< Finishing up attribute : Attribute(name=bloodGroup, type=string [non-identifier])
2021-11-19T10:23:40,843|[DEBUG] MetamodelGraphWalker - Visiting attribute path : bloodType.rhd
2021-11-19T10:23:40,843|[TRACE] AbstractLoadPlanBuildingAssociationVisitationStrategy - >>>> Starting attribute Attribute(name=rhd, type=byte [non-identifier])
2021-11-19T10:23:40,843|[TRACE] AbstractLoadPlanBuildingAssociationVisitationStrategy - <<<< Finishing up attribute : Attribute(name=rhd, type=byte [non-identifier])
2021-11-19T10:23:40,843|[TRACE] AbstractLoadPlanBuildingAssociationVisitationStrategy - <<<< Finishing composite : bloodType
2021-11-19T10:23:40,843|[TRACE] AbstractLoadPlanBuildingAssociationVisitationStrategy - Popped fetch owner from stack : org.hibernate.loader.plan.build.internal.returns.CompositeAttributeFetchImpl@2cf88901
2021-11-19T10:23:40,843|[TRACE] AbstractLoadPlanBuildingAssociationVisitationStrategy - << Finishing up attribute : Attribute(name=bloodType, type=component[bloodGroup,rhd] [non-identifier,composition])
2021-11-19T10:23:40,843|[DEBUG] MetamodelGraphWalker - Visiting attribute path : milliliters
2021-11-19T10:23:40,843|[TRACE] AbstractLoadPlanBuildingAssociationVisitationStrategy - >> Starting attribute Attribute(name=milliliters, type=integer [non-identifier])
2021-11-19T10:23:40,843|[TRACE] AbstractLoadPlanBuildingAssociationVisitationStrategy - << Finishing up attribute : Attribute(name=milliliters, type=integer [non-identifier])
2021-11-19T10:23:40,843|[DEBUG] MetamodelGraphWalker - Visiting attribute path : record
2021-11-19T10:23:40,843|[TRACE] AbstractLoadPlanBuildingAssociationVisitationStrategy - >> Starting attribute Attribute(name=record, type=bloodbank.entity.DonationRecord [non-identifier,association])
2021-11-19T10:23:40,844|[DEBUG] QuerySpacesImpl - Adding QuerySpace : uid = <gen:3> -> org.hibernate.loader.plan.build.internal.spaces.EntityQuerySpaceImpl@4780341]
2021-11-19T10:23:40,844|[TRACE] AbstractLoadPlanBuildingAssociationVisitationStrategy - << Finishing up attribute : Attribute(name=record, type=bloodbank.entity.DonationRecord [non-identifier,association])
2021-11-19T10:23:40,844|[TRACE] AbstractLoadPlanBuildingAssociationVisitationStrategy - Popped fetch owner from stack : org.hibernate.loader.plan.build.internal.returns.CollectionFetchableElementEntityGraph@45790cb
2021-11-19T10:23:40,844|[TRACE] AbstractLoadPlanBuildingAssociationVisitationStrategy -  Finished collection element graph : bloodbank.entity.BloodBank.donations
2021-11-19T10:23:40,844|[TRACE] AbstractLoadPlanBuildingAssociationVisitationStrategy - Popped collection reference from stack : org.hibernate.loader.plan.build.internal.returns.CollectionReturnImpl@131777e8
2021-11-19T10:23:40,844|[TRACE] AbstractLoadPlanBuildingAssociationVisitationStrategy -  Finished root collection : bloodbank.entity.BloodBank.donations
2021-11-19T10:23:40,844|[DEBUG] FetchStyleLoadPlanBuildingAssociationVisitationStrategy - Building LoadPlan...
2021-11-19T10:23:40,844|[DEBUG] LoadQueryJoinAndFetchProcessor - processing queryspace <gen:0>
2021-11-19T10:23:40,844|[DEBUG] LoadPlanTreePrinter - LoadPlan(collection=bloodbank.entity.BloodBank.donations)
    - Returns
       - CollectionReturnImpl(collection=bloodbank.entity.BloodBank.donations, querySpaceUid=<gen:0>, path=[bloodbank.entity.BloodBank.donations])
          - (collection element) CollectionFetchableElementEntityGraph(entity=bloodbank.entity.BloodDonation, querySpaceUid=<gen:1>, path=[bloodbank.entity.BloodBank.donations].<elements>)
             - CompositeAttributeFetchImpl(composite=bloodbank.entity.BloodType, querySpaceUid=<gen:2>, path=[bloodbank.entity.BloodBank.donations].<elements>.bloodType)
             - EntityAttributeFetchImpl(entity=bloodbank.entity.DonationRecord, querySpaceUid=<gen:3>, path=[bloodbank.entity.BloodBank.donations].<elements>.record)
    - QuerySpaces
       - CollectionQuerySpaceImpl(uid=<gen:0>, collection=bloodbank.entity.BloodBank.donations)
          - SQL table alias mapping - donations0_
          - alias suffix - 0_
          - suffixed key columns - {bank_id8_2_0_}
          - entity-element alias suffix - 1_
          - 1_entity-element suffixed key columns - donation1_2_1_
          - JOIN (JoinDefinedByMetadata(elements)) : <gen:0> -> <gen:1>
             - EntityQuerySpaceImpl(uid=<gen:1>, entity=bloodbank.entity.BloodDonation)
                - SQL table alias mapping - donations0_
                - alias suffix - 1_
                - suffixed key columns - {donation1_2_1_}
                - JOIN (JoinDefinedByMetadata(bloodType)) : <gen:1> -> <gen:2>
                   - CompositeQuerySpaceImpl(uid=<gen:2>)
                      - SQL table alias mapping - donations0_

2021-11-19T10:23:40,844|[DEBUG] CollectionLoader - Static select for collection bloodbank.entity.BloodBank.donations: select donations0_.bank_id as bank_id8_2_0_, donations0_.donation_id as donation1_2_0_, donations0_.donation_id as donation1_2_1_, donations0_.created as created2_2_1_, donations0_.updated as updated3_2_1_, donations0_.version as version4_2_1_, donations0_.bank_id as bank_id8_2_1_, donations0_.blood_group as blood_gr5_2_1_, donations0_.rhd as rhd6_2_1_, donations0_.milliliters as millilit7_2_1_ from blood_donation donations0_ where donations0_.bank_id=?
2021-11-19T10:23:40,844|[TRACE] MetadataContext - Wrapping up metadata context...
2021-11-19T10:23:40,844|[TRACE] MetadataContext - Starting mapped superclass [bloodbank.entity.PojoBaseCompositeKey]
2021-11-19T10:23:40,844|[TRACE] AttributeFactory - Building version attribute [ownerType.getTypeName().property.getName()]
2021-11-19T10:23:40,844|[TRACE] AttributeFactory - Starting attribute metadata determination [version]
2021-11-19T10:23:40,844|[TRACE] AttributeFactory -     Determined member [protected int bloodbank.entity.PojoBaseCompositeKey.version]
2021-11-19T10:23:40,844|[TRACE] AttributeFactory -     Determined type [name=integer, class=org.hibernate.type.IntegerType]
2021-11-19T10:23:40,844|[TRACE] AttributeFactory - Building attribute [bloodbank.entity.PojoBaseCompositeKey.epochCreated]
2021-11-19T10:23:40,844|[TRACE] AttributeFactory - Starting attribute metadata determination [epochCreated]
2021-11-19T10:23:40,844|[TRACE] AttributeFactory -     Determined member [protected long bloodbank.entity.PojoBaseCompositeKey.epochCreated]
2021-11-19T10:23:40,845|[TRACE] AttributeFactory -     Determined type [name=long, class=org.hibernate.type.LongType]
2021-11-19T10:23:40,845|[TRACE] AttributeFactory - Building attribute [bloodbank.entity.PojoBaseCompositeKey.epochUpdated]
2021-11-19T10:23:40,845|[TRACE] AttributeFactory - Starting attribute metadata determination [epochUpdated]
2021-11-19T10:23:40,845|[TRACE] AttributeFactory -     Determined member [protected long bloodbank.entity.PojoBaseCompositeKey.epochUpdated]
2021-11-19T10:23:40,845|[TRACE] AttributeFactory -     Determined type [name=long, class=org.hibernate.type.LongType]
2021-11-19T10:23:40,845|[TRACE] MetadataContext - Completed mapped superclass [bloodbank.entity.PojoBaseCompositeKey]
2021-11-19T10:23:40,845|[TRACE] MetadataContext - Starting entity [bloodbank.entity.Contact]
2021-11-19T10:23:40,845|[TRACE] AttributeFactory - Building identifier attribute [Contact.id]
2021-11-19T10:23:40,845|[TRACE] AttributeFactory - Starting attribute metadata determination [id]
2021-11-19T10:23:40,845|[TRACE] AttributeFactory -     Determined member [private bloodbank.entity.ContactPK bloodbank.entity.Contact.id]
2021-11-19T10:23:40,845|[TRACE] AttributeFactory -     Determined type [name=component[personId,phoneId], class=org.hibernate.type.ComponentType]
2021-11-19T10:23:40,845|[TRACE] AttributeFactory - Building attribute [unknown.personId]
2021-11-19T10:23:40,845|[TRACE] AttributeFactory - Starting attribute metadata determination [personId]
2021-11-19T10:23:40,845|[TRACE] AttributeFactory -     Determined member [private int bloodbank.entity.ContactPK.personId]
2021-11-19T10:23:40,845|[TRACE] AttributeFactory -     Determined type [name=integer, class=org.hibernate.type.IntegerType]
2021-11-19T10:23:40,845|[TRACE] AttributeFactory - Building attribute [unknown.phoneId]
2021-11-19T10:23:40,845|[TRACE] AttributeFactory - Starting attribute metadata determination [phoneId]
2021-11-19T10:23:40,845|[TRACE] AttributeFactory -     Determined member [private int bloodbank.entity.ContactPK.phoneId]
2021-11-19T10:23:40,845|[TRACE] AttributeFactory -     Determined type [name=integer, class=org.hibernate.type.IntegerType]
2021-11-19T10:23:40,845|[TRACE] AttributeFactory - Building attribute [Contact.address]
2021-11-19T10:23:40,845|[TRACE] AttributeFactory - Starting attribute metadata determination [address]
2021-11-19T10:23:40,845|[TRACE] AttributeFactory -     Determined member [private bloodbank.entity.Address bloodbank.entity.Contact.address]
2021-11-19T10:23:40,845|[TRACE] AttributeFactory -     Determined type [name=bloodbank.entity.Address, class=org.hibernate.type.ManyToOneType]
2021-11-19T10:23:40,845|[TRACE] AttributeFactory - Building attribute [Contact.contactType]
2021-11-19T10:23:40,845|[TRACE] AttributeFactory - Starting attribute metadata determination [contactType]
2021-11-19T10:23:40,845|[TRACE] AttributeFactory -     Determined member [private java.lang.String bloodbank.entity.Contact.contactType]
2021-11-19T10:23:40,845|[TRACE] AttributeFactory -     Determined type [name=string, class=org.hibernate.type.StringType]
2021-11-19T10:23:40,845|[TRACE] AttributeFactory - Building attribute [Contact.email]
2021-11-19T10:23:40,845|[TRACE] AttributeFactory - Starting attribute metadata determination [email]
2021-11-19T10:23:40,845|[TRACE] AttributeFactory -     Determined member [private java.lang.String bloodbank.entity.Contact.email]
2021-11-19T10:23:40,845|[TRACE] AttributeFactory -     Determined type [name=string, class=org.hibernate.type.StringType]
2021-11-19T10:23:40,845|[TRACE] AttributeFactory - Building attribute [Contact.owner]
2021-11-19T10:23:40,845|[TRACE] AttributeFactory - Starting attribute metadata determination [owner]
2021-11-19T10:23:40,845|[TRACE] AttributeFactory -     Determined member [private bloodbank.entity.Person bloodbank.entity.Contact.owner]
2021-11-19T10:23:40,845|[TRACE] AttributeFactory -     Determined type [name=bloodbank.entity.Person, class=org.hibernate.type.ManyToOneType]
2021-11-19T10:23:40,845|[TRACE] AttributeFactory - Building attribute [Contact.phone]
2021-11-19T10:23:40,845|[TRACE] AttributeFactory - Starting attribute metadata determination [phone]
2021-11-19T10:23:40,845|[TRACE] AttributeFactory -     Determined member [private bloodbank.entity.Phone bloodbank.entity.Contact.phone]
2021-11-19T10:23:40,845|[TRACE] AttributeFactory -     Determined type [name=bloodbank.entity.Phone, class=org.hibernate.type.ManyToOneType]
2021-11-19T10:23:40,845|[TRACE] MetadataContext - Completed entity [bloodbank.entity.Contact]
2021-11-19T10:23:40,845|[TRACE] MetadataContext - Starting mapped superclass [bloodbank.entity.PojoBase]
2021-11-19T10:23:40,845|[TRACE] AttributeFactory - Building identifier attribute [bloodbank.entity.PojoBase.id]
2021-11-19T10:23:40,845|[TRACE] AttributeFactory - Starting attribute metadata determination [id]
2021-11-19T10:23:40,845|[TRACE] AttributeFactory -     Determined member [protected int bloodbank.entity.PojoBase.id]
2021-11-19T10:23:40,845|[TRACE] AttributeFactory -     Determined type [name=integer, class=org.hibernate.type.IntegerType]
2021-11-19T10:23:40,845|[TRACE] AttributeFactory - Building version attribute [ownerType.getTypeName().property.getName()]
2021-11-19T10:23:40,845|[TRACE] AttributeFactory - Starting attribute metadata determination [version]
2021-11-19T10:23:40,845|[TRACE] AttributeFactory -     Determined member [protected int bloodbank.entity.PojoBase.version]
2021-11-19T10:23:40,845|[TRACE] AttributeFactory -     Determined type [name=integer, class=org.hibernate.type.IntegerType]
2021-11-19T10:23:40,845|[TRACE] AttributeFactory - Building attribute [bloodbank.entity.PojoBase.epochCreated]
2021-11-19T10:23:40,845|[TRACE] AttributeFactory - Starting attribute metadata determination [epochCreated]
2021-11-19T10:23:40,845|[TRACE] AttributeFactory -     Determined member [protected long bloodbank.entity.PojoBase.epochCreated]
2021-11-19T10:23:40,845|[TRACE] AttributeFactory -     Determined type [name=long, class=org.hibernate.type.LongType]
2021-11-19T10:23:40,845|[TRACE] AttributeFactory - Building attribute [bloodbank.entity.PojoBase.epochUpdated]
2021-11-19T10:23:40,845|[TRACE] AttributeFactory - Starting attribute metadata determination [epochUpdated]
2021-11-19T10:23:40,845|[TRACE] AttributeFactory -     Determined member [protected long bloodbank.entity.PojoBase.epochUpdated]
2021-11-19T10:23:40,845|[TRACE] AttributeFactory -     Determined type [name=long, class=org.hibernate.type.LongType]
2021-11-19T10:23:40,845|[TRACE] AttributeFactory - Building attribute [bloodbank.entity.PojoBase.version]
2021-11-19T10:23:40,845|[TRACE] AttributeFactory - Starting attribute metadata determination [version]
2021-11-19T10:23:40,845|[TRACE] AttributeFactory -     Determined member [protected int bloodbank.entity.PojoBase.version]
2021-11-19T10:23:40,845|[TRACE] AttributeFactory -     Determined type [name=integer, class=org.hibernate.type.IntegerType]
2021-11-19T10:23:40,845|[TRACE] MetadataContext - Completed mapped superclass [bloodbank.entity.PojoBase]
2021-11-19T10:23:40,845|[TRACE] MetadataContext - Starting entity [bloodbank.entity.Phone]
2021-11-19T10:23:40,845|[TRACE] AttributeFactory - Building attribute [Phone.areaCode]
2021-11-19T10:23:40,845|[TRACE] AttributeFactory - Starting attribute metadata determination [areaCode]
2021-11-19T10:23:40,845|[TRACE] AttributeFactory -     Determined member [private java.lang.String bloodbank.entity.Phone.areaCode]
2021-11-19T10:23:40,845|[TRACE] AttributeFactory -     Determined type [name=string, class=org.hibernate.type.StringType]
2021-11-19T10:23:40,845|[TRACE] AttributeFactory - Building attribute [Phone.contacts]
2021-11-19T10:23:40,845|[TRACE] AttributeFactory - Starting attribute metadata determination [contacts]
2021-11-19T10:23:40,845|[TRACE] AttributeFactory -     Determined member [private java.util.Set bloodbank.entity.Phone.contacts]
2021-11-19T10:23:40,845|[TRACE] AttributeFactory -     Determined type [name=java.util.Set(bloodbank.entity.Phone.contacts), class=org.hibernate.type.SetType]
2021-11-19T10:23:40,846|[TRACE] AttributeFactory - Building attribute [Phone.countryCode]
2021-11-19T10:23:40,846|[TRACE] AttributeFactory - Starting attribute metadata determination [countryCode]
2021-11-19T10:23:40,846|[TRACE] AttributeFactory -     Determined member [private java.lang.String bloodbank.entity.Phone.countryCode]
2021-11-19T10:23:40,846|[TRACE] AttributeFactory -     Determined type [name=string, class=org.hibernate.type.StringType]
2021-11-19T10:23:40,846|[TRACE] AttributeFactory - Building attribute [Phone.number]
2021-11-19T10:23:40,846|[TRACE] AttributeFactory - Starting attribute metadata determination [number]
2021-11-19T10:23:40,846|[TRACE] AttributeFactory -     Determined member [private java.lang.String bloodbank.entity.Phone.number]
2021-11-19T10:23:40,846|[TRACE] AttributeFactory -     Determined type [name=string, class=org.hibernate.type.StringType]
2021-11-19T10:23:40,846|[TRACE] MetadataContext - Completed entity [bloodbank.entity.Phone]
2021-11-19T10:23:40,846|[TRACE] MetadataContext - Starting entity [bloodbank.entity.BloodDonation]
2021-11-19T10:23:40,846|[TRACE] AttributeFactory - Building attribute [BloodDonation.bank]
2021-11-19T10:23:40,846|[TRACE] AttributeFactory - Starting attribute metadata determination [bank]
2021-11-19T10:23:40,846|[TRACE] AttributeFactory -     Determined member [private bloodbank.entity.BloodBank bloodbank.entity.BloodDonation.bank]
2021-11-19T10:23:40,846|[TRACE] AttributeFactory -     Determined type [name=bloodbank.entity.BloodBank, class=org.hibernate.type.ManyToOneType]
2021-11-19T10:23:40,846|[TRACE] AttributeFactory - Building attribute [BloodDonation.bloodType]
2021-11-19T10:23:40,846|[TRACE] AttributeFactory - Starting attribute metadata determination [bloodType]
2021-11-19T10:23:40,846|[TRACE] AttributeFactory -     Determined member [private bloodbank.entity.BloodType bloodbank.entity.BloodDonation.bloodType]
2021-11-19T10:23:40,846|[TRACE] AttributeFactory -     Determined type [name=component[bloodGroup,rhd], class=org.hibernate.type.ComponentType]
2021-11-19T10:23:40,846|[TRACE] AttributeFactory - Building attribute [unknown.bloodGroup]
2021-11-19T10:23:40,846|[TRACE] AttributeFactory - Starting attribute metadata determination [bloodGroup]
2021-11-19T10:23:40,846|[TRACE] AttributeFactory -     Determined member [private java.lang.String bloodbank.entity.BloodType.bloodGroup]
2021-11-19T10:23:40,846|[TRACE] AttributeFactory -     Determined type [name=string, class=org.hibernate.type.StringType]
2021-11-19T10:23:40,846|[TRACE] AttributeFactory - Building attribute [unknown.rhd]
2021-11-19T10:23:40,846|[TRACE] AttributeFactory - Starting attribute metadata determination [rhd]
2021-11-19T10:23:40,846|[TRACE] AttributeFactory -     Determined member [private byte bloodbank.entity.BloodType.rhd]
2021-11-19T10:23:40,846|[TRACE] AttributeFactory -     Determined type [name=byte, class=org.hibernate.type.ByteType]
2021-11-19T10:23:40,846|[TRACE] AttributeFactory - Building attribute [BloodDonation.milliliters]
2021-11-19T10:23:40,846|[TRACE] AttributeFactory - Starting attribute metadata determination [milliliters]
2021-11-19T10:23:40,846|[TRACE] AttributeFactory -     Determined member [private int bloodbank.entity.BloodDonation.milliliters]
2021-11-19T10:23:40,846|[TRACE] AttributeFactory -     Determined type [name=integer, class=org.hibernate.type.IntegerType]
2021-11-19T10:23:40,846|[TRACE] AttributeFactory - Building attribute [BloodDonation.record]
2021-11-19T10:23:40,846|[TRACE] AttributeFactory - Starting attribute metadata determination [record]
2021-11-19T10:23:40,846|[TRACE] AttributeFactory -     Determined member [private bloodbank.entity.DonationRecord bloodbank.entity.BloodDonation.record]
2021-11-19T10:23:40,846|[TRACE] AttributeFactory -     Determined type [name=bloodbank.entity.DonationRecord, class=org.hibernate.type.OneToOneType]
2021-11-19T10:23:40,846|[TRACE] MetadataContext - Completed entity [bloodbank.entity.BloodDonation]
2021-11-19T10:23:40,846|[TRACE] MetadataContext - Starting entity [bloodbank.entity.BloodBank]
2021-11-19T10:23:40,846|[TRACE] AttributeFactory - Building attribute [BloodBank.donations]
2021-11-19T10:23:40,846|[TRACE] AttributeFactory - Starting attribute metadata determination [donations]
2021-11-19T10:23:40,846|[TRACE] AttributeFactory -     Determined member [private java.util.Set bloodbank.entity.BloodBank.donations]
2021-11-19T10:23:40,846|[TRACE] AttributeFactory -     Determined type [name=java.util.Set(bloodbank.entity.BloodBank.donations), class=org.hibernate.type.SetType]
2021-11-19T10:23:40,846|[TRACE] AttributeFactory - Building attribute [BloodBank.name]
2021-11-19T10:23:40,846|[TRACE] AttributeFactory - Starting attribute metadata determination [name]
2021-11-19T10:23:40,846|[TRACE] AttributeFactory -     Determined member [private java.lang.String bloodbank.entity.BloodBank.name]
2021-11-19T10:23:40,846|[TRACE] AttributeFactory -     Determined type [name=string, class=org.hibernate.type.StringType]
2021-11-19T10:23:40,846|[TRACE] MetadataContext - Completed entity [bloodbank.entity.BloodBank]
2021-11-19T10:23:40,846|[TRACE] MetadataContext - Starting entity [bloodbank.entity.PrivateBloodBank]
2021-11-19T10:23:40,846|[TRACE] MetadataContext - Completed entity [bloodbank.entity.PrivateBloodBank]
2021-11-19T10:23:40,847|[TRACE] MetadataContext - Starting entity [bloodbank.entity.DonationRecord]
2021-11-19T10:23:40,847|[TRACE] AttributeFactory - Building attribute [DonationRecord.donation]
2021-11-19T10:23:40,847|[TRACE] AttributeFactory - Starting attribute metadata determination [donation]
2021-11-19T10:23:40,847|[TRACE] AttributeFactory -     Determined member [private bloodbank.entity.BloodDonation bloodbank.entity.DonationRecord.donation]
2021-11-19T10:23:40,847|[TRACE] AttributeFactory -     Determined type [name=bloodbank.entity.BloodDonation, class=org.hibernate.type.ManyToOneType]
2021-11-19T10:23:40,847|[TRACE] AttributeFactory - Building attribute [DonationRecord.owner]
2021-11-19T10:23:40,847|[TRACE] AttributeFactory - Starting attribute metadata determination [owner]
2021-11-19T10:23:40,847|[TRACE] AttributeFactory -     Determined member [private bloodbank.entity.Person bloodbank.entity.DonationRecord.owner]
2021-11-19T10:23:40,847|[TRACE] AttributeFactory -     Determined type [name=bloodbank.entity.Person, class=org.hibernate.type.ManyToOneType]
2021-11-19T10:23:40,847|[TRACE] AttributeFactory - Building attribute [DonationRecord.tested]
2021-11-19T10:23:40,847|[TRACE] AttributeFactory - Starting attribute metadata determination [tested]
2021-11-19T10:23:40,847|[TRACE] AttributeFactory -     Determined member [private byte bloodbank.entity.DonationRecord.tested]
2021-11-19T10:23:40,847|[TRACE] AttributeFactory -     Determined type [name=byte, class=org.hibernate.type.ByteType]
2021-11-19T10:23:40,847|[TRACE] MetadataContext - Completed entity [bloodbank.entity.DonationRecord]
2021-11-19T10:23:40,847|[TRACE] MetadataContext - Starting entity [bloodbank.entity.Address]
2021-11-19T10:23:40,847|[TRACE] AttributeFactory - Building attribute [Address.city]
2021-11-19T10:23:40,847|[TRACE] AttributeFactory - Starting attribute metadata determination [city]
2021-11-19T10:23:40,847|[TRACE] AttributeFactory -     Determined member [private java.lang.String bloodbank.entity.Address.city]
2021-11-19T10:23:40,847|[TRACE] AttributeFactory -     Determined type [name=string, class=org.hibernate.type.StringType]
2021-11-19T10:23:40,847|[TRACE] AttributeFactory - Building attribute [Address.contacts]
2021-11-19T10:23:40,847|[TRACE] AttributeFactory - Starting attribute metadata determination [contacts]
2021-11-19T10:23:40,847|[TRACE] AttributeFactory -     Determined member [private java.util.Set bloodbank.entity.Address.contacts]
2021-11-19T10:23:40,847|[TRACE] AttributeFactory -     Determined type [name=java.util.Set(bloodbank.entity.Address.contacts), class=org.hibernate.type.SetType]
2021-11-19T10:23:40,847|[TRACE] AttributeFactory - Building attribute [Address.country]
2021-11-19T10:23:40,847|[TRACE] AttributeFactory - Starting attribute metadata determination [country]
2021-11-19T10:23:40,847|[TRACE] AttributeFactory -     Determined member [private java.lang.String bloodbank.entity.Address.country]
2021-11-19T10:23:40,847|[TRACE] AttributeFactory -     Determined type [name=string, class=org.hibernate.type.StringType]
2021-11-19T10:23:40,847|[TRACE] AttributeFactory - Building attribute [Address.province]
2021-11-19T10:23:40,847|[TRACE] AttributeFactory - Starting attribute metadata determination [province]
2021-11-19T10:23:40,847|[TRACE] AttributeFactory -     Determined member [private java.lang.String bloodbank.entity.Address.province]
2021-11-19T10:23:40,847|[TRACE] AttributeFactory -     Determined type [name=string, class=org.hibernate.type.StringType]
2021-11-19T10:23:40,847|[TRACE] AttributeFactory - Building attribute [Address.street]
2021-11-19T10:23:40,847|[TRACE] AttributeFactory - Starting attribute metadata determination [street]
2021-11-19T10:23:40,847|[TRACE] AttributeFactory -     Determined member [private java.lang.String bloodbank.entity.Address.street]
2021-11-19T10:23:40,847|[TRACE] AttributeFactory -     Determined type [name=string, class=org.hibernate.type.StringType]
2021-11-19T10:23:40,847|[TRACE] AttributeFactory - Building attribute [Address.streetNumber]
2021-11-19T10:23:40,847|[TRACE] AttributeFactory - Starting attribute metadata determination [streetNumber]
2021-11-19T10:23:40,847|[TRACE] AttributeFactory -     Determined member [private java.lang.String bloodbank.entity.Address.streetNumber]
2021-11-19T10:23:40,847|[TRACE] AttributeFactory -     Determined type [name=string, class=org.hibernate.type.StringType]
2021-11-19T10:23:40,847|[TRACE] AttributeFactory - Building attribute [Address.zipcode]
2021-11-19T10:23:40,847|[TRACE] AttributeFactory - Starting attribute metadata determination [zipcode]
2021-11-19T10:23:40,847|[TRACE] AttributeFactory -     Determined member [private java.lang.String bloodbank.entity.Address.zipcode]
2021-11-19T10:23:40,847|[TRACE] AttributeFactory -     Determined type [name=string, class=org.hibernate.type.StringType]
2021-11-19T10:23:40,848|[TRACE] MetadataContext - Completed entity [bloodbank.entity.Address]
2021-11-19T10:23:40,848|[TRACE] MetadataContext - Starting entity [bloodbank.entity.Person]
2021-11-19T10:23:40,848|[TRACE] AttributeFactory - Building attribute [Person.contacts]
2021-11-19T10:23:40,848|[TRACE] AttributeFactory - Starting attribute metadata determination [contacts]
2021-11-19T10:23:40,848|[TRACE] AttributeFactory -     Determined member [private java.util.Set bloodbank.entity.Person.contacts]
2021-11-19T10:23:40,848|[TRACE] AttributeFactory -     Determined type [name=java.util.Set(bloodbank.entity.Person.contacts), class=org.hibernate.type.SetType]
2021-11-19T10:23:40,848|[TRACE] AttributeFactory - Building attribute [Person.donations]
2021-11-19T10:23:40,848|[TRACE] AttributeFactory - Starting attribute metadata determination [donations]
2021-11-19T10:23:40,848|[TRACE] AttributeFactory -     Determined member [private java.util.Set bloodbank.entity.Person.donations]
2021-11-19T10:23:40,848|[TRACE] AttributeFactory -     Determined type [name=java.util.Set(bloodbank.entity.Person.donations), class=org.hibernate.type.SetType]
2021-11-19T10:23:40,848|[TRACE] AttributeFactory - Building attribute [Person.firstName]
2021-11-19T10:23:40,848|[TRACE] AttributeFactory - Starting attribute metadata determination [firstName]
2021-11-19T10:23:40,848|[TRACE] AttributeFactory -     Determined member [private java.lang.String bloodbank.entity.Person.firstName]
2021-11-19T10:23:40,848|[TRACE] AttributeFactory -     Determined type [name=string, class=org.hibernate.type.StringType]
2021-11-19T10:23:40,848|[TRACE] AttributeFactory - Building attribute [Person.lastName]
2021-11-19T10:23:40,848|[TRACE] AttributeFactory - Starting attribute metadata determination [lastName]
2021-11-19T10:23:40,848|[TRACE] AttributeFactory -     Determined member [private java.lang.String bloodbank.entity.Person.lastName]
2021-11-19T10:23:40,848|[TRACE] AttributeFactory -     Determined type [name=string, class=org.hibernate.type.StringType]
2021-11-19T10:23:40,848|[TRACE] MetadataContext - Completed entity [bloodbank.entity.Person]
2021-11-19T10:23:40,848|[TRACE] MetadataContext - Starting entity [bloodbank.entity.PublicBloodBank]
2021-11-19T10:23:40,848|[TRACE] MetadataContext - Completed entity [bloodbank.entity.PublicBloodBank]
2021-11-19T10:23:40,849|[TRACE] AbstractServiceRegistryImpl - Initializing service [role=org.hibernate.tool.schema.spi.SchemaManagementTool]
2021-11-19T10:23:40,849|[DEBUG] Helper - Attempting to resolve script source setting : META-INF/sql/bloodbank-drop.sql
2021-11-19T10:23:40,849|[TRACE] Helper - Trying as URL...
2021-11-19T10:23:40,849|[TRACE] AbstractServiceRegistryImpl - Initializing service [role=org.hibernate.tool.hbm2ddl.ImportSqlCommandExtractor]
2021-11-19T10:23:40,849|[INFO ] SchemaCreatorImpl - HHH000476: Executing import script 'file:/D:/Computer%20Programming/Level%204/CST8277_300%20Enterprise%20Application/Assignments/Assignment03/BloodBank-JPA-Mapping-JUnit-Skeleton/BloodBank-JPA-Mapping-JUnit-Skeleton/target/classes/META-INF/sql/bloodbank-drop.sql'
2021-11-19T10:23:40,850|[TRACE] graph - -> script
2021-11-19T10:23:40,850|[TRACE] graph - ---> blankSpacesToSkip
2021-11-19T10:23:40,850|[TRACE] graph - <--- blankSpacesToSkip
2021-11-19T10:23:40,850|[TRACE] graph - ---> statement
2021-11-19T10:23:40,850|[TRACE] graph - -----> statementFirstPart
2021-11-19T10:23:40,850|[TRACE] graph - -------> nonSkippedChar
2021-11-19T10:23:40,850|[TRACE] script - #out(`D`) [token]
2021-11-19T10:23:40,850|[TRACE] graph - <------- nonSkippedChar
2021-11-19T10:23:40,850|[TRACE] graph - <----- statementFirstPart
2021-11-19T10:23:40,850|[TRACE] graph - -----> statementPart
2021-11-19T10:23:40,850|[TRACE] graph - -------> nonSkippedChar
2021-11-19T10:23:40,850|[TRACE] script - #out(`R`) [token]
2021-11-19T10:23:40,850|[TRACE] graph - <------- nonSkippedChar
2021-11-19T10:23:40,850|[TRACE] graph - <----- statementPart
2021-11-19T10:23:40,850|[TRACE] graph - -----> statementPart
2021-11-19T10:23:40,850|[TRACE] graph - -------> nonSkippedChar
2021-11-19T10:23:40,850|[TRACE] script - #out(`O`) [token]
2021-11-19T10:23:40,850|[TRACE] graph - <------- nonSkippedChar
2021-11-19T10:23:40,850|[TRACE] graph - <----- statementPart
2021-11-19T10:23:40,850|[TRACE] graph - -----> statementPart
2021-11-19T10:23:40,850|[TRACE] graph - -------> nonSkippedChar
2021-11-19T10:23:40,850|[TRACE] script - #out(`P`) [token]
2021-11-19T10:23:40,850|[TRACE] graph - <------- nonSkippedChar
2021-11-19T10:23:40,850|[TRACE] graph - <----- statementPart
2021-11-19T10:23:40,850|[TRACE] graph - -----> statementPart
2021-11-19T10:23:40,850|[TRACE] graph - -------> nonSkippedSpace
2021-11-19T10:23:40,850|[TRACE] script - #out(` `) [token]
2021-11-19T10:23:40,850|[TRACE] graph - <------- nonSkippedSpace
2021-11-19T10:23:40,850|[TRACE] graph - <----- statementPart
2021-11-19T10:23:40,850|[TRACE] graph - -----> statementPart
2021-11-19T10:23:40,850|[TRACE] graph - -------> nonSkippedChar
2021-11-19T10:23:40,850|[TRACE] script - #out(`S`) [token]
2021-11-19T10:23:40,850|[TRACE] graph - <------- nonSkippedChar
2021-11-19T10:23:40,850|[TRACE] graph - <----- statementPart
2021-11-19T10:23:40,850|[TRACE] graph - -----> statementPart
2021-11-19T10:23:40,850|[TRACE] graph - -------> nonSkippedChar
2021-11-19T10:23:40,850|[TRACE] script - #out(`C`) [token]
2021-11-19T10:23:40,850|[TRACE] graph - <------- nonSkippedChar
2021-11-19T10:23:40,850|[TRACE] graph - <----- statementPart
2021-11-19T10:23:40,850|[TRACE] graph - -----> statementPart
2021-11-19T10:23:40,850|[TRACE] graph - -------> nonSkippedChar
2021-11-19T10:23:40,850|[TRACE] script - #out(`H`) [token]
2021-11-19T10:23:40,850|[TRACE] graph - <------- nonSkippedChar
2021-11-19T10:23:40,850|[TRACE] graph - <----- statementPart
2021-11-19T10:23:40,850|[TRACE] graph - -----> statementPart
2021-11-19T10:23:40,850|[TRACE] graph - -------> nonSkippedChar
2021-11-19T10:23:40,850|[TRACE] script - #out(`E`) [token]
2021-11-19T10:23:40,850|[TRACE] graph - <------- nonSkippedChar
2021-11-19T10:23:40,850|[TRACE] graph - <----- statementPart
2021-11-19T10:23:40,850|[TRACE] graph - -----> statementPart
2021-11-19T10:23:40,850|[TRACE] graph - -------> nonSkippedChar
2021-11-19T10:23:40,850|[TRACE] script - #out(`M`) [token]
2021-11-19T10:23:40,850|[TRACE] graph - <------- nonSkippedChar
2021-11-19T10:23:40,850|[TRACE] graph - <----- statementPart
2021-11-19T10:23:40,850|[TRACE] graph - -----> statementPart
2021-11-19T10:23:40,850|[TRACE] graph - -------> nonSkippedChar
2021-11-19T10:23:40,851|[TRACE] script - #out(`A`) [token]
2021-11-19T10:23:40,851|[TRACE] graph - <------- nonSkippedChar
2021-11-19T10:23:40,851|[TRACE] graph - <----- statementPart
2021-11-19T10:23:40,851|[TRACE] graph - -----> statementPart
2021-11-19T10:23:40,851|[TRACE] graph - -------> nonSkippedSpace
2021-11-19T10:23:40,851|[TRACE] script - #out(` `) [token]
2021-11-19T10:23:40,851|[TRACE] graph - <------- nonSkippedSpace
2021-11-19T10:23:40,851|[TRACE] graph - <----- statementPart
2021-11-19T10:23:40,851|[TRACE] graph - -----> statementPart
2021-11-19T10:23:40,851|[TRACE] graph - -------> nonSkippedChar
2021-11-19T10:23:40,851|[TRACE] script - #out(`I`) [token]
2021-11-19T10:23:40,851|[TRACE] graph - <------- nonSkippedChar
2021-11-19T10:23:40,851|[TRACE] graph - <----- statementPart
2021-11-19T10:23:40,851|[TRACE] graph - -----> statementPart
2021-11-19T10:23:40,851|[TRACE] graph - -------> nonSkippedChar
2021-11-19T10:23:40,851|[TRACE] script - #out(`F`) [token]
2021-11-19T10:23:40,851|[TRACE] graph - <------- nonSkippedChar
2021-11-19T10:23:40,851|[TRACE] graph - <----- statementPart
2021-11-19T10:23:40,851|[TRACE] graph - -----> statementPart
2021-11-19T10:23:40,851|[TRACE] graph - -------> nonSkippedSpace
2021-11-19T10:23:40,851|[TRACE] script - #out(` `) [token]
2021-11-19T10:23:40,851|[TRACE] graph - <------- nonSkippedSpace
2021-11-19T10:23:40,851|[TRACE] graph - <----- statementPart
2021-11-19T10:23:40,851|[TRACE] graph - -----> statementPart
2021-11-19T10:23:40,851|[TRACE] graph - -------> nonSkippedChar
2021-11-19T10:23:40,851|[TRACE] script - #out(`E`) [token]
2021-11-19T10:23:40,851|[TRACE] graph - <------- nonSkippedChar
2021-11-19T10:23:40,851|[TRACE] graph - <----- statementPart
2021-11-19T10:23:40,851|[TRACE] graph - -----> statementPart
2021-11-19T10:23:40,851|[TRACE] graph - -------> nonSkippedChar
2021-11-19T10:23:40,851|[TRACE] script - #out(`X`) [token]
2021-11-19T10:23:40,851|[TRACE] graph - <------- nonSkippedChar
2021-11-19T10:23:40,851|[TRACE] graph - <----- statementPart
2021-11-19T10:23:40,851|[TRACE] graph - -----> statementPart
2021-11-19T10:23:40,851|[TRACE] graph - -------> nonSkippedChar
2021-11-19T10:23:40,851|[TRACE] script - #out(`I`) [token]
2021-11-19T10:23:40,851|[TRACE] graph - <------- nonSkippedChar
2021-11-19T10:23:40,851|[TRACE] graph - <----- statementPart
2021-11-19T10:23:40,851|[TRACE] graph - -----> statementPart
2021-11-19T10:23:40,851|[TRACE] graph - -------> nonSkippedChar
2021-11-19T10:23:40,851|[TRACE] script - #out(`S`) [token]
2021-11-19T10:23:40,851|[TRACE] graph - <------- nonSkippedChar
2021-11-19T10:23:40,851|[TRACE] graph - <----- statementPart
2021-11-19T10:23:40,851|[TRACE] graph - -----> statementPart
2021-11-19T10:23:40,851|[TRACE] graph - -------> nonSkippedChar
2021-11-19T10:23:40,851|[TRACE] script - #out(`T`) [token]
2021-11-19T10:23:40,851|[TRACE] graph - <------- nonSkippedChar
2021-11-19T10:23:40,851|[TRACE] graph - <----- statementPart
2021-11-19T10:23:40,851|[TRACE] graph - -----> statementPart
2021-11-19T10:23:40,851|[TRACE] graph - -------> nonSkippedChar
2021-11-19T10:23:40,851|[TRACE] script - #out(`S`) [token]
2021-11-19T10:23:40,851|[TRACE] graph - <------- nonSkippedChar
2021-11-19T10:23:40,851|[TRACE] graph - <----- statementPart
2021-11-19T10:23:40,851|[TRACE] graph - -----> statementPart
2021-11-19T10:23:40,851|[TRACE] graph - -------> nonSkippedSpace
2021-11-19T10:23:40,851|[TRACE] script - #out(` `) [token]
2021-11-19T10:23:40,851|[TRACE] graph - <------- nonSkippedSpace
2021-11-19T10:23:40,851|[TRACE] graph - <----- statementPart
2021-11-19T10:23:40,851|[TRACE] graph - -----> statementPart
2021-11-19T10:23:40,851|[TRACE] graph - -------> nonSkippedChar
2021-11-19T10:23:40,851|[TRACE] script - #out(`b`) [token]
2021-11-19T10:23:40,851|[TRACE] graph - <------- nonSkippedChar
2021-11-19T10:23:40,851|[TRACE] graph - <----- statementPart
2021-11-19T10:23:40,851|[TRACE] graph - -----> statementPart
2021-11-19T10:23:40,851|[TRACE] graph - -------> nonSkippedChar
2021-11-19T10:23:40,851|[TRACE] script - #out(`l`) [token]
2021-11-19T10:23:40,851|[TRACE] graph - <------- nonSkippedChar
2021-11-19T10:23:40,851|[TRACE] graph - <----- statementPart
2021-11-19T10:23:40,851|[TRACE] graph - -----> statementPart
2021-11-19T10:23:40,851|[TRACE] graph - -------> nonSkippedChar
2021-11-19T10:23:40,851|[TRACE] script - #out(`o`) [token]
2021-11-19T10:23:40,851|[TRACE] graph - <------- nonSkippedChar
2021-11-19T10:23:40,851|[TRACE] graph - <----- statementPart
2021-11-19T10:23:40,851|[TRACE] graph - -----> statementPart
2021-11-19T10:23:40,851|[TRACE] graph - -------> nonSkippedChar
2021-11-19T10:23:40,851|[TRACE] script - #out(`o`) [token]
2021-11-19T10:23:40,851|[TRACE] graph - <------- nonSkippedChar
2021-11-19T10:23:40,851|[TRACE] graph - <----- statementPart
2021-11-19T10:23:40,851|[TRACE] graph - -----> statementPart
2021-11-19T10:23:40,851|[TRACE] graph - -------> nonSkippedChar
2021-11-19T10:23:40,851|[TRACE] script - #out(`d`) [token]
2021-11-19T10:23:40,851|[TRACE] graph - <------- nonSkippedChar
2021-11-19T10:23:40,851|[TRACE] graph - <----- statementPart
2021-11-19T10:23:40,851|[TRACE] graph - -----> statementPart
2021-11-19T10:23:40,851|[TRACE] graph - -------> nonSkippedChar
2021-11-19T10:23:40,851|[TRACE] script - #out(`b`) [token]
2021-11-19T10:23:40,851|[TRACE] graph - <------- nonSkippedChar
2021-11-19T10:23:40,851|[TRACE] graph - <----- statementPart
2021-11-19T10:23:40,851|[TRACE] graph - -----> statementPart
2021-11-19T10:23:40,851|[TRACE] graph - -------> nonSkippedChar
2021-11-19T10:23:40,851|[TRACE] script - #out(`a`) [token]
2021-11-19T10:23:40,851|[TRACE] graph - <------- nonSkippedChar
2021-11-19T10:23:40,851|[TRACE] graph - <----- statementPart
2021-11-19T10:23:40,851|[TRACE] graph - -----> statementPart
2021-11-19T10:23:40,851|[TRACE] graph - -------> nonSkippedChar
2021-11-19T10:23:40,851|[TRACE] script - #out(`n`) [token]
2021-11-19T10:23:40,851|[TRACE] graph - <------- nonSkippedChar
2021-11-19T10:23:40,851|[TRACE] graph - <----- statementPart
2021-11-19T10:23:40,851|[TRACE] graph - -----> statementPart
2021-11-19T10:23:40,851|[TRACE] graph - -------> nonSkippedChar
2021-11-19T10:23:40,851|[TRACE] script - #out(`k`) [token]
2021-11-19T10:23:40,851|[TRACE] graph - <------- nonSkippedChar
2021-11-19T10:23:40,851|[TRACE] graph - <----- statementPart
2021-11-19T10:23:40,851|[DEBUG] graph - Import statement : DROP SCHEMA IF EXISTS bloodbank
2021-11-19T10:23:40,851|[TRACE] graph - <--- statement
2021-11-19T10:23:40,851|[TRACE] graph - ---> blankSpacesToSkip
2021-11-19T10:23:40,852|[TRACE] graph - -----> newLineToSkip
2021-11-19T10:23:40,852|[TRACE] graph - <----- newLineToSkip
2021-11-19T10:23:40,852|[TRACE] graph - <--- blankSpacesToSkip
2021-11-19T10:23:40,852|[TRACE] graph - <- script
2021-11-19T10:23:40,852|[DEBUG] SQL - 
    
    DROP SCHEMA IF EXISTS bloodbank
2021-11-19T10:23:40,852|[INFO ] access - HHH10001501: Connection obtained from JdbcConnectionAccess [org.hibernate.engine.jdbc.env.internal.JdbcEnvironmentInitiator$ConnectionProviderJdbcConnectionAccess@55746340] for (non-JTA) DDL execution was not in auto-commit mode; the Connection 'local transaction' will be committed and the Connection will be set into auto-commit mode.
2021-11-19T10:23:40,936|[DEBUG] Helper - Attempting to resolve script source setting : META-INF/sql/bloodbank-create.sql
2021-11-19T10:23:40,936|[TRACE] Helper - Trying as URL...
2021-11-19T10:23:40,937|[INFO ] SchemaCreatorImpl - HHH000476: Executing import script 'file:/D:/Computer%20Programming/Level%204/CST8277_300%20Enterprise%20Application/Assignments/Assignment03/BloodBank-JPA-Mapping-JUnit-Skeleton/BloodBank-JPA-Mapping-JUnit-Skeleton/target/classes/META-INF/sql/bloodbank-create.sql'
2021-11-19T10:23:40,937|[TRACE] graph - -> script
2021-11-19T10:23:40,937|[TRACE] graph - ---> blankSpacesToSkip
2021-11-19T10:23:40,937|[TRACE] graph - -----> newLineToSkip
2021-11-19T10:23:40,937|[TRACE] graph - <----- newLineToSkip
2021-11-19T10:23:40,937|[TRACE] graph - -----> newLineToSkip
2021-11-19T10:23:40,937|[TRACE] graph - <----- newLineToSkip
2021-11-19T10:23:40,937|[TRACE] graph - <--- blankSpacesToSkip
2021-11-19T10:23:40,937|[TRACE] graph - ---> statement
2021-11-19T10:23:40,937|[TRACE] graph - -----> statementFirstPart
2021-11-19T10:23:40,937|[TRACE] graph - -------> nonSkippedChar
2021-11-19T10:23:40,937|[TRACE] script - #out(`S`) [token]
2021-11-19T10:23:40,937|[TRACE] graph - <------- nonSkippedChar
2021-11-19T10:23:40,937|[TRACE] graph - <----- statementFirstPart
2021-11-19T10:23:40,937|[TRACE] graph - -----> statementPart
2021-11-19T10:23:40,937|[TRACE] graph - -------> nonSkippedChar
2021-11-19T10:23:40,937|[TRACE] script - #out(`E`) [token]
2021-11-19T10:23:40,937|[TRACE] graph - <------- nonSkippedChar
2021-11-19T10:23:40,937|[TRACE] graph - <----- statementPart
2021-11-19T10:23:40,937|[TRACE] graph - -----> statementPart
2021-11-19T10:23:40,937|[TRACE] graph - -------> nonSkippedChar
2021-11-19T10:23:40,937|[TRACE] script - #out(`T`) [token]
2021-11-19T10:23:40,937|[TRACE] graph - <------- nonSkippedChar
2021-11-19T10:23:40,937|[TRACE] graph - <----- statementPart
2021-11-19T10:23:40,937|[TRACE] graph - -----> statementPart
2021-11-19T10:23:40,937|[TRACE] graph - -------> nonSkippedSpace
2021-11-19T10:23:40,937|[TRACE] script - #out(` `) [token]
2021-11-19T10:23:40,937|[TRACE] graph - <------- nonSkippedSpace
2021-11-19T10:23:40,937|[TRACE] graph - <----- statementPart
2021-11-19T10:23:40,937|[TRACE] graph - -----> statementPart
2021-11-19T10:23:40,937|[TRACE] graph - -------> nonSkippedChar
2021-11-19T10:23:40,937|[TRACE] script - #out(`@`) [token]
2021-11-19T10:23:40,937|[TRACE] graph - <------- nonSkippedChar
2021-11-19T10:23:40,937|[TRACE] graph - <----- statementPart
2021-11-19T10:23:40,937|[TRACE] graph - -----> statementPart
2021-11-19T10:23:40,937|[TRACE] graph - -------> nonSkippedChar
2021-11-19T10:23:40,937|[TRACE] script - #out(`O`) [token]
2021-11-19T10:23:40,937|[TRACE] graph - <------- nonSkippedChar
2021-11-19T10:23:40,937|[TRACE] graph - <----- statementPart
2021-11-19T10:23:40,937|[TRACE] graph - -----> statementPart
2021-11-19T10:23:40,937|[TRACE] graph - -------> nonSkippedChar
2021-11-19T10:23:40,937|[TRACE] script - #out(`L`) [token]
2021-11-19T10:23:40,937|[TRACE] graph - <------- nonSkippedChar
2021-11-19T10:23:40,937|[TRACE] graph - <----- statementPart
2021-11-19T10:23:40,937|[TRACE] graph - -----> statementPart
2021-11-19T10:23:40,937|[TRACE] graph - -------> nonSkippedChar
2021-11-19T10:23:40,938|[TRACE] script - #out(`D`) [token]
2021-11-19T10:23:40,938|[TRACE] graph - <------- nonSkippedChar
2021-11-19T10:23:40,938|[TRACE] graph - <----- statementPart
2021-11-19T10:23:40,938|[TRACE] graph - -----> statementPart
2021-11-19T10:23:40,938|[TRACE] graph - -------> nonSkippedChar
2021-11-19T10:23:40,938|[TRACE] script - #out(`_`) [token]
2021-11-19T10:23:40,938|[TRACE] graph - <------- nonSkippedChar
2021-11-19T10:23:40,938|[TRACE] graph - <----- statementPart
2021-11-19T10:23:40,938|[TRACE] graph - -----> statementPart
2021-11-19T10:23:40,938|[TRACE] graph - -------> nonSkippedChar
2021-11-19T10:23:40,938|[TRACE] script - #out(`U`) [token]
2021-11-19T10:23:40,938|[TRACE] graph - <------- nonSkippedChar
2021-11-19T10:23:40,938|[TRACE] graph - <----- statementPart
2021-11-19T10:23:40,938|[TRACE] graph - -----> statementPart
2021-11-19T10:23:40,938|[TRACE] graph - -------> nonSkippedChar
2021-11-19T10:23:40,938|[TRACE] script - #out(`N`) [token]
2021-11-19T10:23:40,938|[TRACE] graph - <------- nonSkippedChar
2021-11-19T10:23:40,938|[TRACE] graph - <----- statementPart
2021-11-19T10:23:40,938|[TRACE] graph - -----> statementPart
2021-11-19T10:23:40,938|[TRACE] graph - -------> nonSkippedChar
2021-11-19T10:23:40,938|[TRACE] script - #out(`I`) [token]
2021-11-19T10:23:40,938|[TRACE] graph - <------- nonSkippedChar
2021-11-19T10:23:40,938|[TRACE] graph - <----- statementPart
2021-11-19T10:23:40,938|[TRACE] graph - -----> statementPart
2021-11-19T10:23:40,938|[TRACE] graph - -------> nonSkippedChar
2021-11-19T10:23:40,938|[TRACE] script - #out(`Q`) [token]
2021-11-19T10:23:40,938|[TRACE] graph - <------- nonSkippedChar
2021-11-19T10:23:40,938|[TRACE] graph - <----- statementPart
2021-11-19T10:23:40,938|[TRACE] graph - -----> statementPart
2021-11-19T10:23:40,938|[TRACE] graph - -------> nonSkippedChar
2021-11-19T10:23:40,938|[TRACE] script - #out(`U`) [token]
2021-11-19T10:23:40,938|[TRACE] graph - <------- nonSkippedChar
2021-11-19T10:23:40,938|[TRACE] graph - <----- statementPart
2021-11-19T10:23:40,938|[TRACE] graph - -----> statementPart
2021-11-19T10:23:40,938|[TRACE] graph - -------> nonSkippedChar
2021-11-19T10:23:40,938|[TRACE] script - #out(`E`) [token]
2021-11-19T10:23:40,938|[TRACE] graph - <------- nonSkippedChar
2021-11-19T10:23:40,938|[TRACE] graph - <----- statementPart
2021-11-19T10:23:40,938|[TRACE] graph - -----> statementPart
2021-11-19T10:23:40,938|[TRACE] graph - -------> nonSkippedChar
2021-11-19T10:23:40,938|[TRACE] script - #out(`_`) [token]
2021-11-19T10:23:40,938|[TRACE] graph - <------- nonSkippedChar
2021-11-19T10:23:40,938|[TRACE] graph - <----- statementPart
2021-11-19T10:23:40,938|[TRACE] graph - -----> statementPart
2021-11-19T10:23:40,938|[TRACE] graph - -------> nonSkippedChar
2021-11-19T10:23:40,938|[TRACE] script - #out(`C`) [token]
2021-11-19T10:23:40,938|[TRACE] graph - <------- nonSkippedChar
2021-11-19T10:23:40,938|[TRACE] graph - <----- statementPart
2021-11-19T10:23:40,938|[TRACE] graph - -----> statementPart
2021-11-19T10:23:40,938|[TRACE] graph - -------> nonSkippedChar
2021-11-19T10:23:40,938|[TRACE] script - #out(`H`) [token]
2021-11-19T10:23:40,938|[TRACE] graph - <------- nonSkippedChar
2021-11-19T10:23:40,938|[TRACE] graph - <----- statementPart
2021-11-19T10:23:40,938|[TRACE] graph - -----> statementPart
2021-11-19T10:23:40,938|[TRACE] graph - -------> nonSkippedChar
2021-11-19T10:23:40,938|[TRACE] script - #out(`E`) [token]
2021-11-19T10:23:40,938|[TRACE] graph - <------- nonSkippedChar
2021-11-19T10:23:40,938|[TRACE] graph - <----- statementPart
2021-11-19T10:23:40,938|[TRACE] graph - -----> statementPart
2021-11-19T10:23:40,938|[TRACE] graph - -------> nonSkippedChar
2021-11-19T10:23:40,938|[TRACE] script - #out(`C`) [token]
2021-11-19T10:23:40,938|[TRACE] graph - <------- nonSkippedChar
2021-11-19T10:23:40,938|[TRACE] graph - <----- statementPart
2021-11-19T10:23:40,938|[TRACE] graph - -----> statementPart
2021-11-19T10:23:40,938|[TRACE] graph - -------> nonSkippedChar
2021-11-19T10:23:40,938|[TRACE] script - #out(`K`) [token]
2021-11-19T10:23:40,938|[TRACE] graph - <------- nonSkippedChar
2021-11-19T10:23:40,938|[TRACE] graph - <----- statementPart
2021-11-19T10:23:40,938|[TRACE] graph - -----> statementPart
2021-11-19T10:23:40,938|[TRACE] graph - -------> nonSkippedChar
2021-11-19T10:23:40,938|[TRACE] script - #out(`S`) [token]
2021-11-19T10:23:40,938|[TRACE] graph - <------- nonSkippedChar
2021-11-19T10:23:40,938|[TRACE] graph - <----- statementPart
2021-11-19T10:23:40,938|[TRACE] graph - -----> statementPart
2021-11-19T10:23:40,938|[TRACE] graph - -------> nonSkippedChar
2021-11-19T10:23:40,938|[TRACE] script - #out(`=`) [token]
2021-11-19T10:23:40,938|[TRACE] graph - <------- nonSkippedChar
2021-11-19T10:23:40,938|[TRACE] graph - <----- statementPart
2021-11-19T10:23:40,938|[TRACE] graph - -----> statementPart
2021-11-19T10:23:40,938|[TRACE] graph - -------> nonSkippedChar
2021-11-19T10:23:40,938|[TRACE] script - #out(`@`) [token]
2021-11-19T10:23:40,938|[TRACE] graph - <------- nonSkippedChar
2021-11-19T10:23:40,938|[TRACE] graph - <----- statementPart
2021-11-19T10:23:40,938|[TRACE] graph - -----> statementPart
2021-11-19T10:23:40,938|[TRACE] graph - -------> nonSkippedChar
2021-11-19T10:23:40,938|[TRACE] script - #out(`@`) [token]
2021-11-19T10:23:40,938|[TRACE] graph - <------- nonSkippedChar
2021-11-19T10:23:40,938|[TRACE] graph - <----- statementPart
2021-11-19T10:23:40,938|[TRACE] graph - -----> statementPart
2021-11-19T10:23:40,938|[TRACE] graph - -------> nonSkippedChar
2021-11-19T10:23:40,938|[TRACE] script - #out(`U`) [token]
2021-11-19T10:23:40,938|[TRACE] graph - <------- nonSkippedChar
2021-11-19T10:23:40,938|[TRACE] graph - <----- statementPart
2021-11-19T10:23:40,938|[TRACE] graph - -----> statementPart
2021-11-19T10:23:40,938|[TRACE] graph - -------> nonSkippedChar
2021-11-19T10:23:40,938|[TRACE] script - #out(`N`) [token]
2021-11-19T10:23:40,938|[TRACE] graph - <------- nonSkippedChar
2021-11-19T10:23:40,938|[TRACE] graph - <----- statementPart
2021-11-19T10:23:40,938|[TRACE] graph - -----> statementPart
2021-11-19T10:23:40,938|[TRACE] graph - -------> nonSkippedChar
2021-11-19T10:23:40,938|[TRACE] script - #out(`I`) [token]
2021-11-19T10:23:40,938|[TRACE] graph - <------- nonSkippedChar
2021-11-19T10:23:40,938|[TRACE] graph - <----- statementPart
2021-11-19T10:23:40,938|[TRACE] graph - -----> statementPart
2021-11-19T10:23:40,938|[TRACE] graph - -------> nonSkippedChar
2021-11-19T10:23:40,938|[TRACE] script - #out(`Q`) [token]
2021-11-19T10:23:40,939|[TRACE] graph - <------- nonSkippedChar
2021-11-19T10:23:40,939|[TRACE] graph - <----- statementPart
2021-11-19T10:23:40,939|[TRACE] graph - -----> statementPart
2021-11-19T10:23:40,939|[TRACE] graph - -------> nonSkippedChar
2021-11-19T10:23:40,939|[TRACE] script - #out(`U`) [token]
2021-11-19T10:23:40,939|[TRACE] graph - <------- nonSkippedChar
2021-11-19T10:23:40,939|[TRACE] graph - <----- statementPart
2021-11-19T10:23:40,939|[TRACE] graph - -----> statementPart
2021-11-19T10:23:40,939|[TRACE] graph - -------> nonSkippedChar
2021-11-19T10:23:40,939|[TRACE] script - #out(`E`) [token]
2021-11-19T10:23:40,939|[TRACE] graph - <------- nonSkippedChar
2021-11-19T10:23:40,939|[TRACE] graph - <----- statementPart
2021-11-19T10:23:40,939|[TRACE] graph - -----> statementPart
2021-11-19T10:23:40,939|[TRACE] graph - -------> nonSkippedChar
2021-11-19T10:23:40,939|[TRACE] script - #out(`_`) [token]
2021-11-19T10:23:40,939|[TRACE] graph - <------- nonSkippedChar
2021-11-19T10:23:40,939|[TRACE] graph - <----- statementPart
2021-11-19T10:23:40,939|[TRACE] graph - -----> statementPart
2021-11-19T10:23:40,939|[TRACE] graph - -------> nonSkippedChar
2021-11-19T10:23:40,939|[TRACE] script - #out(`C`) [token]
2021-11-19T10:23:40,939|[TRACE] graph - <------- nonSkippedChar
2021-11-19T10:23:40,939|[TRACE] graph - <----- statementPart
2021-11-19T10:23:40,939|[TRACE] graph - -----> statementPart
2021-11-19T10:23:40,939|[TRACE] graph - -------> nonSkippedChar
2021-11-19T10:23:40,939|[TRACE] script - #out(`H`) [token]
2021-11-19T10:23:40,939|[TRACE] graph - <------- nonSkippedChar
2021-11-19T10:23:40,939|[TRACE] graph - <----- statementPart
2021-11-19T10:23:40,939|[TRACE] graph - -----> statementPart
2021-11-19T10:23:40,939|[TRACE] graph - -------> nonSkippedChar
2021-11-19T10:23:40,939|[TRACE] script - #out(`E`) [token]
2021-11-19T10:23:40,939|[TRACE] graph - <------- nonSkippedChar
2021-11-19T10:23:40,939|[TRACE] graph - <----- statementPart
2021-11-19T10:23:40,939|[TRACE] graph - -----> statementPart
2021-11-19T10:23:40,939|[TRACE] graph - -------> nonSkippedChar
2021-11-19T10:23:40,939|[TRACE] script - #out(`C`) [token]
2021-11-19T10:23:40,939|[TRACE] graph - <------- nonSkippedChar
2021-11-19T10:23:40,939|[TRACE] graph - <----- statementPart
2021-11-19T10:23:40,939|[TRACE] graph - -----> statementPart
2021-11-19T10:23:40,939|[TRACE] graph - -------> nonSkippedChar
2021-11-19T10:23:40,939|[TRACE] script - #out(`K`) [token]
2021-11-19T10:23:40,939|[TRACE] graph - <------- nonSkippedChar
2021-11-19T10:23:40,939|[TRACE] graph - <----- statementPart
2021-11-19T10:23:40,939|[TRACE] graph - -----> statementPart
2021-11-19T10:23:40,939|[TRACE] graph - -------> nonSkippedChar
2021-11-19T10:23:40,939|[TRACE] script - #out(`S`) [token]
2021-11-19T10:23:40,939|[TRACE] graph - <------- nonSkippedChar
2021-11-19T10:23:40,939|[TRACE] graph - <----- statementPart
2021-11-19T10:23:40,939|[TRACE] graph - -----> statementPart
2021-11-19T10:23:40,939|[TRACE] graph - -------> nonSkippedChar
2021-11-19T10:23:40,939|[TRACE] script - #out(`,`) [token]
2021-11-19T10:23:40,939|[TRACE] graph - <------- nonSkippedChar
2021-11-19T10:23:40,939|[TRACE] graph - <----- statementPart
2021-11-19T10:23:40,939|[TRACE] graph - -----> statementPart
2021-11-19T10:23:40,939|[TRACE] graph - -------> nonSkippedSpace
2021-11-19T10:23:40,939|[TRACE] script - #out(` `) [token]
2021-11-19T10:23:40,939|[TRACE] graph - <------- nonSkippedSpace
2021-11-19T10:23:40,939|[TRACE] graph - <----- statementPart
2021-11-19T10:23:40,939|[TRACE] graph - -----> statementPart
2021-11-19T10:23:40,939|[TRACE] graph - -------> nonSkippedChar
2021-11-19T10:23:40,939|[TRACE] script - #out(`U`) [token]
2021-11-19T10:23:40,939|[TRACE] graph - <------- nonSkippedChar
2021-11-19T10:23:40,939|[TRACE] graph - <----- statementPart
2021-11-19T10:23:40,939|[TRACE] graph - -----> statementPart
2021-11-19T10:23:40,939|[TRACE] graph - -------> nonSkippedChar
2021-11-19T10:23:40,939|[TRACE] script - #out(`N`) [token]
2021-11-19T10:23:40,939|[TRACE] graph - <------- nonSkippedChar
2021-11-19T10:23:40,939|[TRACE] graph - <----- statementPart
2021-11-19T10:23:40,939|[TRACE] graph - -----> statementPart
2021-11-19T10:23:40,939|[TRACE] graph - -------> nonSkippedChar
2021-11-19T10:23:40,939|[TRACE] script - #out(`I`) [token]
2021-11-19T10:23:40,939|[TRACE] graph - <------- nonSkippedChar
2021-11-19T10:23:40,939|[TRACE] graph - <----- statementPart
2021-11-19T10:23:40,939|[TRACE] graph - -----> statementPart
2021-11-19T10:23:40,939|[TRACE] graph - -------> nonSkippedChar
2021-11-19T10:23:40,939|[TRACE] script - #out(`Q`) [token]
2021-11-19T10:23:40,939|[TRACE] graph - <------- nonSkippedChar
2021-11-19T10:23:40,939|[TRACE] graph - <----- statementPart
2021-11-19T10:23:40,939|[TRACE] graph - -----> statementPart
2021-11-19T10:23:40,939|[TRACE] graph - -------> nonSkippedChar
2021-11-19T10:23:40,939|[TRACE] script - #out(`U`) [token]
2021-11-19T10:23:40,939|[TRACE] graph - <------- nonSkippedChar
2021-11-19T10:23:40,939|[TRACE] graph - <----- statementPart
2021-11-19T10:23:40,939|[TRACE] graph - -----> statementPart
2021-11-19T10:23:40,939|[TRACE] graph - -------> nonSkippedChar
2021-11-19T10:23:40,939|[TRACE] script - #out(`E`) [token]
2021-11-19T10:23:40,939|[TRACE] graph - <------- nonSkippedChar
2021-11-19T10:23:40,939|[TRACE] graph - <----- statementPart
2021-11-19T10:23:40,939|[TRACE] graph - -----> statementPart
2021-11-19T10:23:40,939|[TRACE] graph - -------> nonSkippedChar
2021-11-19T10:23:40,939|[TRACE] script - #out(`_`) [token]
2021-11-19T10:23:40,939|[TRACE] graph - <------- nonSkippedChar
2021-11-19T10:23:40,939|[TRACE] graph - <----- statementPart
2021-11-19T10:23:40,939|[TRACE] graph - -----> statementPart
2021-11-19T10:23:40,939|[TRACE] graph - -------> nonSkippedChar
2021-11-19T10:23:40,939|[TRACE] script - #out(`C`) [token]
2021-11-19T10:23:40,939|[TRACE] graph - <------- nonSkippedChar
2021-11-19T10:23:40,939|[TRACE] graph - <----- statementPart
2021-11-19T10:23:40,939|[TRACE] graph - -----> statementPart
2021-11-19T10:23:40,939|[TRACE] graph - -------> nonSkippedChar
2021-11-19T10:23:40,939|[TRACE] script - #out(`H`) [token]
2021-11-19T10:23:40,939|[TRACE] graph - <------- nonSkippedChar
2021-11-19T10:23:40,939|[TRACE] graph - <----- statementPart
2021-11-19T10:23:40,939|[TRACE] graph - -----> statementPart
2021-11-19T10:23:40,939|[TRACE] graph - -------> nonSkippedChar
2021-11-19T10:23:40,939|[TRACE] script - #out(`E`) [token]
2021-11-19T10:23:40,939|[TRACE] graph - <------- nonSkippedChar
2021-11-19T10:23:40,939|[TRACE] graph - <----- statementPart
2021-11-19T10:23:40,939|[TRACE] graph - -----> statementPart
2021-11-19T10:23:40,939|[TRACE] graph - -------> nonSkippedChar
2021-11-19T10:23:40,939|[TRACE] script - #out(`C`) [token]
2021-11-19T10:23:40,939|[TRACE] graph - <------- nonSkippedChar
2021-11-19T10:23:40,939|[TRACE] graph - <----- statementPart
2021-11-19T10:23:40,939|[TRACE] graph - -----> statementPart
2021-11-19T10:23:40,939|[TRACE] graph - -------> nonSkippedChar
2021-11-19T10:23:40,939|[TRACE] script - #out(`K`) [token]
2021-11-19T10:23:40,939|[TRACE] graph - <------- nonSkippedChar
2021-11-19T10:23:40,939|[TRACE] graph - <----- statementPart
2021-11-19T10:23:40,939|[TRACE] graph - -----> statementPart
2021-11-19T10:23:40,940|[TRACE] graph - -------> nonSkippedChar
2021-11-19T10:23:40,940|[TRACE] script - #out(`S`) [token]
2021-11-19T10:23:40,940|[TRACE] graph - <------- nonSkippedChar
2021-11-19T10:23:40,940|[TRACE] graph - <----- statementPart
2021-11-19T10:23:40,940|[TRACE] graph - -----> statementPart
2021-11-19T10:23:40,940|[TRACE] graph - -------> nonSkippedChar
2021-11-19T10:23:40,940|[TRACE] script - #out(`=`) [token]
2021-11-19T10:23:40,940|[TRACE] graph - <------- nonSkippedChar
2021-11-19T10:23:40,940|[TRACE] graph - <----- statementPart
2021-11-19T10:23:40,940|[TRACE] graph - -----> statementPart
2021-11-19T10:23:40,940|[TRACE] graph - -------> nonSkippedChar
2021-11-19T10:23:40,940|[TRACE] script - #out(`0`) [token]
2021-11-19T10:23:40,940|[TRACE] graph - <------- nonSkippedChar
2021-11-19T10:23:40,940|[TRACE] graph - <----- statementPart
2021-11-19T10:23:40,940|[DEBUG] graph - Import statement : SET @OLD_UNIQUE_CHECKS=@@UNIQUE_CHECKS, UNIQUE_CHECKS=0
2021-11-19T10:23:40,940|[TRACE] graph - <--- statement
2021-11-19T10:23:40,940|[TRACE] graph - ---> blankSpacesToSkip
2021-11-19T10:23:40,940|[TRACE] graph - -----> newLineToSkip
2021-11-19T10:23:40,940|[TRACE] graph - <----- newLineToSkip
2021-11-19T10:23:40,940|[TRACE] graph - <--- blankSpacesToSkip
2021-11-19T10:23:40,940|[TRACE] graph - ---> statement
2021-11-19T10:23:40,940|[TRACE] graph - -----> statementFirstPart
2021-11-19T10:23:40,940|[TRACE] graph - -------> nonSkippedChar
2021-11-19T10:23:40,940|[TRACE] script - #out(`S`) [token]
2021-11-19T10:23:40,940|[TRACE] graph - <------- nonSkippedChar
2021-11-19T10:23:40,940|[TRACE] graph - <----- statementFirstPart
2021-11-19T10:23:40,940|[TRACE] graph - -----> statementPart
2021-11-19T10:23:40,940|[TRACE] graph - -------> nonSkippedChar
2021-11-19T10:23:40,940|[TRACE] script - #out(`E`) [token]
2021-11-19T10:23:40,940|[TRACE] graph - <------- nonSkippedChar
2021-11-19T10:23:40,940|[TRACE] graph - <----- statementPart
2021-11-19T10:23:40,940|[TRACE] graph - -----> statementPart
2021-11-19T10:23:40,940|[TRACE] graph - -------> nonSkippedChar
2021-11-19T10:23:40,940|[TRACE] script - #out(`T`) [token]
2021-11-19T10:23:40,940|[TRACE] graph - <------- nonSkippedChar
2021-11-19T10:23:40,940|[TRACE] graph - <----- statementPart
2021-11-19T10:23:40,940|[TRACE] graph - -----> statementPart
2021-11-19T10:23:40,940|[TRACE] graph - -------> nonSkippedSpace
2021-11-19T10:23:40,940|[TRACE] script - #out(` `) [token]
2021-11-19T10:23:40,940|[TRACE] graph - <------- nonSkippedSpace
2021-11-19T10:23:40,940|[TRACE] graph - <----- statementPart
2021-11-19T10:23:40,940|[TRACE] graph - -----> statementPart
2021-11-19T10:23:40,940|[TRACE] graph - -------> nonSkippedChar
2021-11-19T10:23:40,940|[TRACE] script - #out(`@`) [token]
2021-11-19T10:23:40,940|[TRACE] graph - <------- nonSkippedChar
2021-11-19T10:23:40,940|[TRACE] graph - <----- statementPart
2021-11-19T10:23:40,940|[TRACE] graph - -----> statementPart
2021-11-19T10:23:40,940|[TRACE] graph - -------> nonSkippedChar
2021-11-19T10:23:40,940|[TRACE] script - #out(`O`) [token]
2021-11-19T10:23:40,940|[TRACE] graph - <------- nonSkippedChar
2021-11-19T10:23:40,940|[TRACE] graph - <----- statementPart
2021-11-19T10:23:40,940|[TRACE] graph - -----> statementPart
2021-11-19T10:23:40,940|[TRACE] graph - -------> nonSkippedChar
2021-11-19T10:23:40,940|[TRACE] script - #out(`L`) [token]
2021-11-19T10:23:40,940|[TRACE] graph - <------- nonSkippedChar
2021-11-19T10:23:40,940|[TRACE] graph - <----- statementPart
2021-11-19T10:23:40,940|[TRACE] graph - -----> statementPart
2021-11-19T10:23:40,940|[TRACE] graph - -------> nonSkippedChar
2021-11-19T10:23:40,940|[TRACE] script - #out(`D`) [token]
2021-11-19T10:23:40,940|[TRACE] graph - <------- nonSkippedChar
2021-11-19T10:23:40,940|[TRACE] graph - <----- statementPart
2021-11-19T10:23:40,940|[TRACE] graph - -----> statementPart
2021-11-19T10:23:40,940|[TRACE] graph - -------> nonSkippedChar
2021-11-19T10:23:40,940|[TRACE] script - #out(`_`) [token]
2021-11-19T10:23:40,940|[TRACE] graph - <------- nonSkippedChar
2021-11-19T10:23:40,940|[TRACE] graph - <----- statementPart
2021-11-19T10:23:40,940|[TRACE] graph - -----> statementPart
2021-11-19T10:23:40,940|[TRACE] graph - -------> nonSkippedChar
2021-11-19T10:23:40,940|[TRACE] script - #out(`F`) [token]
2021-11-19T10:23:40,940|[TRACE] graph - <------- nonSkippedChar
2021-11-19T10:23:40,940|[TRACE] graph - <----- statementPart
2021-11-19T10:23:40,940|[TRACE] graph - -----> statementPart
2021-11-19T10:23:40,940|[TRACE] graph - -------> nonSkippedChar
2021-11-19T10:23:40,940|[TRACE] script - #out(`O`) [token]
2021-11-19T10:23:40,940|[TRACE] graph - <------- nonSkippedChar
2021-11-19T10:23:40,940|[TRACE] graph - <----- statementPart
2021-11-19T10:23:40,940|[TRACE] graph - -----> statementPart
2021-11-19T10:23:40,940|[TRACE] graph - -------> nonSkippedChar
2021-11-19T10:23:40,941|[TRACE] script - #out(`R`) [token]
2021-11-19T10:23:40,941|[TRACE] graph - <------- nonSkippedChar
2021-11-19T10:23:40,941|[TRACE] graph - <----- statementPart
2021-11-19T10:23:40,941|[TRACE] graph - -----> statementPart
2021-11-19T10:23:40,941|[TRACE] graph - -------> nonSkippedChar
2021-11-19T10:23:40,941|[TRACE] script - #out(`E`) [token]
2021-11-19T10:23:40,941|[TRACE] graph - <------- nonSkippedChar
2021-11-19T10:23:40,941|[TRACE] graph - <----- statementPart
2021-11-19T10:23:40,941|[TRACE] graph - -----> statementPart
2021-11-19T10:23:40,941|[TRACE] graph - -------> nonSkippedChar
2021-11-19T10:23:40,941|[TRACE] script - #out(`I`) [token]
2021-11-19T10:23:40,941|[TRACE] graph - <------- nonSkippedChar
2021-11-19T10:23:40,941|[TRACE] graph - <----- statementPart
2021-11-19T10:23:40,941|[TRACE] graph - -----> statementPart
2021-11-19T10:23:40,941|[TRACE] graph - -------> nonSkippedChar
2021-11-19T10:23:40,941|[TRACE] script - #out(`G`) [token]
2021-11-19T10:23:40,941|[TRACE] graph - <------- nonSkippedChar
2021-11-19T10:23:40,941|[TRACE] graph - <----- statementPart
2021-11-19T10:23:40,941|[TRACE] graph - -----> statementPart
2021-11-19T10:23:40,941|[TRACE] graph - -------> nonSkippedChar
2021-11-19T10:23:40,941|[TRACE] script - #out(`N`) [token]
2021-11-19T10:23:40,941|[TRACE] graph - <------- nonSkippedChar
2021-11-19T10:23:40,941|[TRACE] graph - <----- statementPart
2021-11-19T10:23:40,941|[TRACE] graph - -----> statementPart
2021-11-19T10:23:40,941|[TRACE] graph - -------> nonSkippedChar
2021-11-19T10:23:40,941|[TRACE] script - #out(`_`) [token]
2021-11-19T10:23:40,941|[TRACE] graph - <------- nonSkippedChar
2021-11-19T10:23:40,941|[TRACE] graph - <----- statementPart
2021-11-19T10:23:40,941|[TRACE] graph - -----> statementPart
2021-11-19T10:23:40,941|[TRACE] graph - -------> nonSkippedChar
2021-11-19T10:23:40,941|[TRACE] script - #out(`K`) [token]
2021-11-19T10:23:40,941|[TRACE] graph - <------- nonSkippedChar
2021-11-19T10:23:40,941|[TRACE] graph - <----- statementPart
2021-11-19T10:23:40,941|[TRACE] graph - -----> statementPart
2021-11-19T10:23:40,941|[TRACE] graph - -------> nonSkippedChar
2021-11-19T10:23:40,941|[TRACE] script - #out(`E`) [token]
2021-11-19T10:23:40,941|[TRACE] graph - <------- nonSkippedChar
2021-11-19T10:23:40,941|[TRACE] graph - <----- statementPart
2021-11-19T10:23:40,941|[TRACE] graph - -----> statementPart
2021-11-19T10:23:40,941|[TRACE] graph - -------> nonSkippedChar
2021-11-19T10:23:40,941|[TRACE] script - #out(`Y`) [token]
2021-11-19T10:23:40,941|[TRACE] graph - <------- nonSkippedChar
2021-11-19T10:23:40,941|[TRACE] graph - <----- statementPart
2021-11-19T10:23:40,941|[TRACE] graph - -----> statementPart
2021-11-19T10:23:40,941|[TRACE] graph - -------> nonSkippedChar
2021-11-19T10:23:40,941|[TRACE] script - #out(`_`) [token]
2021-11-19T10:23:40,941|[TRACE] graph - <------- nonSkippedChar
2021-11-19T10:23:40,941|[TRACE] graph - <----- statementPart
2021-11-19T10:23:40,941|[TRACE] graph - -----> statementPart
2021-11-19T10:23:40,941|[TRACE] graph - -------> nonSkippedChar
2021-11-19T10:23:40,941|[TRACE] script - #out(`C`) [token]
2021-11-19T10:23:40,941|[TRACE] graph - <------- nonSkippedChar
2021-11-19T10:23:40,941|[TRACE] graph - <----- statementPart
2021-11-19T10:23:40,941|[TRACE] graph - -----> statementPart
2021-11-19T10:23:40,941|[TRACE] graph - -------> nonSkippedChar
2021-11-19T10:23:40,941|[TRACE] script - #out(`H`) [token]
2021-11-19T10:23:40,941|[TRACE] graph - <------- nonSkippedChar
2021-11-19T10:23:40,941|[TRACE] graph - <----- statementPart
2021-11-19T10:23:40,941|[TRACE] graph - -----> statementPart
2021-11-19T10:23:40,941|[TRACE] graph - -------> nonSkippedChar
2021-11-19T10:23:40,941|[TRACE] script - #out(`E`) [token]
2021-11-19T10:23:40,941|[TRACE] graph - <------- nonSkippedChar
2021-11-19T10:23:40,941|[TRACE] graph - <----- statementPart
2021-11-19T10:23:40,941|[TRACE] graph - -----> statementPart
2021-11-19T10:23:40,941|[TRACE] graph - -------> nonSkippedChar
2021-11-19T10:23:40,941|[TRACE] script - #out(`C`) [token]
2021-11-19T10:23:40,941|[TRACE] graph - <------- nonSkippedChar
2021-11-19T10:23:40,941|[TRACE] graph - <----- statementPart
2021-11-19T10:23:40,941|[TRACE] graph - -----> statementPart
2021-11-19T10:23:40,941|[TRACE] graph - -------> nonSkippedChar
2021-11-19T10:23:40,941|[TRACE] script - #out(`K`) [token]
2021-11-19T10:23:40,941|[TRACE] graph - <------- nonSkippedChar
2021-11-19T10:23:40,941|[TRACE] graph - <----- statementPart
2021-11-19T10:23:40,941|[TRACE] graph - -----> statementPart
2021-11-19T10:23:40,942|[TRACE] graph - -------> nonSkippedChar
2021-11-19T10:23:40,942|[TRACE] script - #out(`S`) [token]
2021-11-19T10:23:40,942|[TRACE] graph - <------- nonSkippedChar
2021-11-19T10:23:40,942|[TRACE] graph - <----- statementPart
2021-11-19T10:23:40,942|[TRACE] graph - -----> statementPart
2021-11-19T10:23:40,942|[TRACE] graph - -------> nonSkippedChar
2021-11-19T10:23:40,942|[TRACE] script - #out(`=`) [token]
2021-11-19T10:23:40,942|[TRACE] graph - <------- nonSkippedChar
2021-11-19T10:23:40,942|[TRACE] graph - <----- statementPart
2021-11-19T10:23:40,942|[TRACE] graph - -----> statementPart
2021-11-19T10:23:40,942|[TRACE] graph - -------> nonSkippedChar
2021-11-19T10:23:40,942|[TRACE] script - #out(`@`) [token]
2021-11-19T10:23:40,942|[TRACE] graph - <------- nonSkippedChar
2021-11-19T10:23:40,942|[TRACE] graph - <----- statementPart
2021-11-19T10:23:40,942|[TRACE] graph - -----> statementPart
2021-11-19T10:23:40,942|[TRACE] graph - -------> nonSkippedChar
2021-11-19T10:23:40,942|[TRACE] script - #out(`@`) [token]
2021-11-19T10:23:40,942|[TRACE] graph - <------- nonSkippedChar
2021-11-19T10:23:40,942|[TRACE] graph - <----- statementPart
2021-11-19T10:23:40,942|[TRACE] graph - -----> statementPart
2021-11-19T10:23:40,942|[TRACE] graph - -------> nonSkippedChar
2021-11-19T10:23:40,942|[TRACE] script - #out(`F`) [token]
2021-11-19T10:23:40,942|[TRACE] graph - <------- nonSkippedChar
2021-11-19T10:23:40,942|[TRACE] graph - <----- statementPart
2021-11-19T10:23:40,942|[TRACE] graph - -----> statementPart
2021-11-19T10:23:40,942|[TRACE] graph - -------> nonSkippedChar
2021-11-19T10:23:40,942|[TRACE] script - #out(`O`) [token]
2021-11-19T10:23:40,942|[TRACE] graph - <------- nonSkippedChar
2021-11-19T10:23:40,942|[TRACE] graph - <----- statementPart
2021-11-19T10:23:40,942|[TRACE] graph - -----> statementPart
2021-11-19T10:23:40,942|[TRACE] graph - -------> nonSkippedChar
2021-11-19T10:23:40,942|[TRACE] script - #out(`R`) [token]
2021-11-19T10:23:40,942|[TRACE] graph - <------- nonSkippedChar
2021-11-19T10:23:40,942|[TRACE] graph - <----- statementPart
2021-11-19T10:23:40,942|[TRACE] graph - -----> statementPart
2021-11-19T10:23:40,942|[TRACE] graph - -------> nonSkippedChar
2021-11-19T10:23:40,942|[TRACE] script - #out(`E`) [token]
2021-11-19T10:23:40,942|[TRACE] graph - <------- nonSkippedChar
2021-11-19T10:23:40,942|[TRACE] graph - <----- statementPart
2021-11-19T10:23:40,942|[TRACE] graph - -----> statementPart
2021-11-19T10:23:40,942|[TRACE] graph - -------> nonSkippedChar
2021-11-19T10:23:40,942|[TRACE] script - #out(`I`) [token]
2021-11-19T10:23:40,942|[TRACE] graph - <------- nonSkippedChar
2021-11-19T10:23:40,942|[TRACE] graph - <----- statementPart
2021-11-19T10:23:40,942|[TRACE] graph - -----> statementPart
2021-11-19T10:23:40,942|[TRACE] graph - -------> nonSkippedChar
2021-11-19T10:23:40,942|[TRACE] script - #out(`G`) [token]
2021-11-19T10:23:40,942|[TRACE] graph - <------- nonSkippedChar
2021-11-19T10:23:40,942|[TRACE] graph - <----- statementPart
2021-11-19T10:23:40,942|[TRACE] graph - -----> statementPart
2021-11-19T10:23:40,942|[TRACE] graph - -------> nonSkippedChar
2021-11-19T10:23:40,942|[TRACE] script - #out(`N`) [token]
2021-11-19T10:23:40,942|[TRACE] graph - <------- nonSkippedChar
2021-11-19T10:23:40,942|[TRACE] graph - <----- statementPart
2021-11-19T10:23:40,942|[TRACE] graph - -----> statementPart
2021-11-19T10:23:40,942|[TRACE] graph - -------> nonSkippedChar
2021-11-19T10:23:40,942|[TRACE] script - #out(`_`) [token]
2021-11-19T10:23:40,942|[TRACE] graph - <------- nonSkippedChar
2021-11-19T10:23:40,942|[TRACE] graph - <----- statementPart
2021-11-19T10:23:40,942|[TRACE] graph - -----> statementPart
2021-11-19T10:23:40,942|[TRACE] graph - -------> nonSkippedChar
2021-11-19T10:23:40,942|[TRACE] script - #out(`K`) [token]
2021-11-19T10:23:40,942|[TRACE] graph - <------- nonSkippedChar
2021-11-19T10:23:40,942|[TRACE] graph - <----- statementPart
2021-11-19T10:23:40,942|[TRACE] graph - -----> statementPart
2021-11-19T10:23:40,942|[TRACE] graph - -------> nonSkippedChar
2021-11-19T10:23:40,942|[TRACE] script - #out(`E`) [token]
2021-11-19T10:23:40,942|[TRACE] graph - <------- nonSkippedChar
2021-11-19T10:23:40,942|[TRACE] graph - <----- statementPart
2021-11-19T10:23:40,942|[TRACE] graph - -----> statementPart
2021-11-19T10:23:40,942|[TRACE] graph - -------> nonSkippedChar
2021-11-19T10:23:40,942|[TRACE] script - #out(`Y`) [token]
2021-11-19T10:23:40,942|[TRACE] graph - <------- nonSkippedChar
2021-11-19T10:23:40,942|[TRACE] graph - <----- statementPart
2021-11-19T10:23:40,942|[TRACE] graph - -----> statementPart
2021-11-19T10:23:40,942|[TRACE] graph - -------> nonSkippedChar
2021-11-19T10:23:40,942|[TRACE] script - #out(`_`) [token]
2021-11-19T10:23:40,942|[TRACE] graph - <------- nonSkippedChar
2021-11-19T10:23:40,942|[TRACE] graph - <----- statementPart
2021-11-19T10:23:40,942|[TRACE] graph - -----> statementPart
2021-11-19T10:23:40,942|[TRACE] graph - -------> nonSkippedChar
2021-11-19T10:23:40,942|[TRACE] script - #out(`C`) [token]
2021-11-19T10:23:40,942|[TRACE] graph - <------- nonSkippedChar
2021-11-19T10:23:40,942|[TRACE] graph - <----- statementPart
2021-11-19T10:23:40,942|[TRACE] graph - -----> statementPart
2021-11-19T10:23:40,942|[TRACE] graph - -------> nonSkippedChar
2021-11-19T10:23:40,942|[TRACE] script - #out(`H`) [token]
2021-11-19T10:23:40,942|[TRACE] graph - <------- nonSkippedChar
2021-11-19T10:23:40,942|[TRACE] graph - <----- statementPart
2021-11-19T10:23:40,942|[TRACE] graph - -----> statementPart
2021-11-19T10:23:40,942|[TRACE] graph - -------> nonSkippedChar
2021-11-19T10:23:40,942|[TRACE] script - #out(`E`) [token]
2021-11-19T10:23:40,942|[TRACE] graph - <------- nonSkippedChar
2021-11-19T10:23:40,942|[TRACE] graph - <----- statementPart
2021-11-19T10:23:40,942|[TRACE] graph - -----> statementPart
2021-11-19T10:23:40,942|[TRACE] graph - -------> nonSkippedChar
2021-11-19T10:23:40,942|[TRACE] script - #out(`C`) [token]
2021-11-19T10:23:40,942|[TRACE] graph - <------- nonSkippedChar
2021-11-19T10:23:40,942|[TRACE] graph - <----- statementPart
2021-11-19T10:23:40,942|[TRACE] graph - -----> statementPart
2021-11-19T10:23:40,942|[TRACE] graph - -------> nonSkippedChar
2021-11-19T10:23:40,942|[TRACE] script - #out(`K`) [token]
2021-11-19T10:23:40,942|[TRACE] graph - <------- nonSkippedChar
2021-11-19T10:23:40,942|[TRACE] graph - <----- statementPart
2021-11-19T10:23:40,942|[TRACE] graph - -----> statementPart
2021-11-19T10:23:40,942|[TRACE] graph - -------> nonSkippedChar
2021-11-19T10:23:40,942|[TRACE] script - #out(`S`) [token]
2021-11-19T10:23:40,942|[TRACE] graph - <------- nonSkippedChar
2021-11-19T10:23:40,942|[TRACE] graph - <----- statementPart
2021-11-19T10:23:40,942|[TRACE] graph - -----> statementPart
2021-11-19T10:23:40,942|[TRACE] graph - -------> nonSkippedChar
2021-11-19T10:23:40,942|[TRACE] script - #out(`,`) [token]
2021-11-19T10:23:40,942|[TRACE] graph - <------- nonSkippedChar
2021-11-19T10:23:40,943|[TRACE] graph - <----- statementPart
2021-11-19T10:23:40,943|[TRACE] graph - -----> statementPart
2021-11-19T10:23:40,943|[TRACE] graph - -------> nonSkippedSpace
2021-11-19T10:23:40,943|[TRACE] script - #out(` `) [token]
2021-11-19T10:23:40,943|[TRACE] graph - <------- nonSkippedSpace
2021-11-19T10:23:40,943|[TRACE] graph - <----- statementPart
2021-11-19T10:23:40,943|[TRACE] graph - -----> statementPart
2021-11-19T10:23:40,943|[TRACE] graph - -------> nonSkippedChar
2021-11-19T10:23:40,943|[TRACE] script - #out(`F`) [token]
2021-11-19T10:23:40,943|[TRACE] graph - <------- nonSkippedChar
2021-11-19T10:23:40,943|[TRACE] graph - <----- statementPart
2021-11-19T10:23:40,943|[TRACE] graph - -----> statementPart
2021-11-19T10:23:40,943|[TRACE] graph - -------> nonSkippedChar
2021-11-19T10:23:40,943|[TRACE] script - #out(`O`) [token]
2021-11-19T10:23:40,943|[TRACE] graph - <------- nonSkippedChar
2021-11-19T10:23:40,943|[TRACE] graph - <----- statementPart
2021-11-19T10:23:40,943|[TRACE] graph - -----> statementPart
2021-11-19T10:23:40,943|[TRACE] graph - -------> nonSkippedChar
2021-11-19T10:23:40,943|[TRACE] script - #out(`R`) [token]
2021-11-19T10:23:40,943|[TRACE] graph - <------- nonSkippedChar
2021-11-19T10:23:40,943|[TRACE] graph - <----- statementPart
2021-11-19T10:23:40,943|[TRACE] graph - -----> statementPart
2021-11-19T10:23:40,943|[TRACE] graph - -------> nonSkippedChar
2021-11-19T10:23:40,943|[TRACE] script - #out(`E`) [token]
2021-11-19T10:23:40,943|[TRACE] graph - <------- nonSkippedChar
2021-11-19T10:23:40,943|[TRACE] graph - <----- statementPart
2021-11-19T10:23:40,943|[TRACE] graph - -----> statementPart
2021-11-19T10:23:40,943|[TRACE] graph - -------> nonSkippedChar
2021-11-19T10:23:40,943|[TRACE] script - #out(`I`) [token]
2021-11-19T10:23:40,943|[TRACE] graph - <------- nonSkippedChar
2021-11-19T10:23:40,943|[TRACE] graph - <----- statementPart
2021-11-19T10:23:40,943|[TRACE] graph - -----> statementPart
2021-11-19T10:23:40,943|[TRACE] graph - -------> nonSkippedChar
2021-11-19T10:23:40,943|[TRACE] script - #out(`G`) [token]
2021-11-19T10:23:40,943|[TRACE] graph - <------- nonSkippedChar
2021-11-19T10:23:40,943|[TRACE] graph - <----- statementPart
2021-11-19T10:23:40,943|[TRACE] graph - -----> statementPart
2021-11-19T10:23:40,943|[TRACE] graph - -------> nonSkippedChar
2021-11-19T10:23:40,943|[TRACE] script - #out(`N`) [token]
2021-11-19T10:23:40,943|[TRACE] graph - <------- nonSkippedChar
2021-11-19T10:23:40,943|[TRACE] graph - <----- statementPart
2021-11-19T10:23:40,943|[TRACE] graph - -----> statementPart
2021-11-19T10:23:40,943|[TRACE] graph - -------> nonSkippedChar
2021-11-19T10:23:40,943|[TRACE] script - #out(`_`) [token]
2021-11-19T10:23:40,943|[TRACE] graph - <------- nonSkippedChar
2021-11-19T10:23:40,943|[TRACE] graph - <----- statementPart
2021-11-19T10:23:40,943|[TRACE] graph - -----> statementPart
2021-11-19T10:23:40,943|[TRACE] graph - -------> nonSkippedChar
2021-11-19T10:23:40,943|[TRACE] script - #out(`K`) [token]
2021-11-19T10:23:40,943|[TRACE] graph - <------- nonSkippedChar
2021-11-19T10:23:40,943|[TRACE] graph - <----- statementPart
2021-11-19T10:23:40,943|[TRACE] graph - -----> statementPart
2021-11-19T10:23:40,943|[TRACE] graph - -------> nonSkippedChar
2021-11-19T10:23:40,943|[TRACE] script - #out(`E`) [token]
2021-11-19T10:23:40,943|[TRACE] graph - <------- nonSkippedChar
2021-11-19T10:23:40,943|[TRACE] graph - <----- statementPart
2021-11-19T10:23:40,943|[TRACE] graph - -----> statementPart
2021-11-19T10:23:40,943|[TRACE] graph - -------> nonSkippedChar
2021-11-19T10:23:40,943|[TRACE] script - #out(`Y`) [token]
2021-11-19T10:23:40,943|[TRACE] graph - <------- nonSkippedChar
2021-11-19T10:23:40,943|[TRACE] graph - <----- statementPart
2021-11-19T10:23:40,943|[TRACE] graph - -----> statementPart
2021-11-19T10:23:40,943|[TRACE] graph - -------> nonSkippedChar
2021-11-19T10:23:40,943|[TRACE] script - #out(`_`) [token]
2021-11-19T10:23:40,943|[TRACE] graph - <------- nonSkippedChar
2021-11-19T10:23:40,943|[TRACE] graph - <----- statementPart
2021-11-19T10:23:40,943|[TRACE] graph - -----> statementPart
2021-11-19T10:23:40,943|[TRACE] graph - -------> nonSkippedChar
2021-11-19T10:23:40,943|[TRACE] script - #out(`C`) [token]
2021-11-19T10:23:40,943|[TRACE] graph - <------- nonSkippedChar
2021-11-19T10:23:40,943|[TRACE] graph - <----- statementPart
2021-11-19T10:23:40,943|[TRACE] graph - -----> statementPart
2021-11-19T10:23:40,943|[TRACE] graph - -------> nonSkippedChar
2021-11-19T10:23:40,943|[TRACE] script - #out(`H`) [token]
2021-11-19T10:23:40,943|[TRACE] graph - <------- nonSkippedChar
2021-11-19T10:23:40,943|[TRACE] graph - <----- statementPart
2021-11-19T10:23:40,943|[TRACE] graph - -----> statementPart
2021-11-19T10:23:40,943|[TRACE] graph - -------> nonSkippedChar
2021-11-19T10:23:40,943|[TRACE] script - #out(`E`) [token]
2021-11-19T10:23:40,943|[TRACE] graph - <------- nonSkippedChar
2021-11-19T10:23:40,943|[TRACE] graph - <----- statementPart
2021-11-19T10:23:40,943|[TRACE] graph - -----> statementPart
2021-11-19T10:23:40,943|[TRACE] graph - -------> nonSkippedChar
2021-11-19T10:23:40,943|[TRACE] script - #out(`C`) [token]
2021-11-19T10:23:40,943|[TRACE] graph - <------- nonSkippedChar
2021-11-19T10:23:40,943|[TRACE] graph - <----- statementPart
2021-11-19T10:23:40,943|[TRACE] graph - -----> statementPart
2021-11-19T10:23:40,943|[TRACE] graph - -------> nonSkippedChar
2021-11-19T10:23:40,943|[TRACE] script - #out(`K`) [token]
2021-11-19T10:23:40,943|[TRACE] graph - <------- nonSkippedChar
2021-11-19T10:23:40,943|[TRACE] graph - <----- statementPart
2021-11-19T10:23:40,944|[TRACE] graph - -----> statementPart
2021-11-19T10:23:40,944|[TRACE] graph - -------> nonSkippedChar
2021-11-19T10:23:40,944|[TRACE] script - #out(`S`) [token]
2021-11-19T10:23:40,944|[TRACE] graph - <------- nonSkippedChar
2021-11-19T10:23:40,944|[TRACE] graph - <----- statementPart
2021-11-19T10:23:40,944|[TRACE] graph - -----> statementPart
2021-11-19T10:23:40,944|[TRACE] graph - -------> nonSkippedChar
2021-11-19T10:23:40,944|[TRACE] script - #out(`=`) [token]
2021-11-19T10:23:40,944|[TRACE] graph - <------- nonSkippedChar
2021-11-19T10:23:40,944|[TRACE] graph - <----- statementPart
2021-11-19T10:23:40,944|[TRACE] graph - -----> statementPart
2021-11-19T10:23:40,944|[TRACE] graph - -------> nonSkippedChar
2021-11-19T10:23:40,944|[TRACE] script - #out(`0`) [token]
2021-11-19T10:23:40,944|[TRACE] graph - <------- nonSkippedChar
2021-11-19T10:23:40,944|[TRACE] graph - <----- statementPart
2021-11-19T10:23:40,944|[DEBUG] graph - Import statement : SET @OLD_FOREIGN_KEY_CHECKS=@@FOREIGN_KEY_CHECKS, FOREIGN_KEY_CHECKS=0
2021-11-19T10:23:40,944|[TRACE] graph - <--- statement
2021-11-19T10:23:40,944|[TRACE] graph - ---> blankSpacesToSkip
2021-11-19T10:23:40,944|[TRACE] graph - -----> newLineToSkip
2021-11-19T10:23:40,944|[TRACE] graph - <----- newLineToSkip
2021-11-19T10:23:40,944|[TRACE] graph - <--- blankSpacesToSkip
2021-11-19T10:23:40,944|[TRACE] graph - ---> statement
2021-11-19T10:23:40,944|[TRACE] graph - -----> statementFirstPart
2021-11-19T10:23:40,944|[TRACE] graph - -------> nonSkippedChar
2021-11-19T10:23:40,944|[TRACE] script - #out(`S`) [token]
2021-11-19T10:23:40,944|[TRACE] graph - <------- nonSkippedChar
2021-11-19T10:23:40,944|[TRACE] graph - <----- statementFirstPart
2021-11-19T10:23:40,944|[TRACE] graph - -----> statementPart
2021-11-19T10:23:40,944|[TRACE] graph - -------> nonSkippedChar
2021-11-19T10:23:40,944|[TRACE] script - #out(`E`) [token]
2021-11-19T10:23:40,944|[TRACE] graph - <------- nonSkippedChar
2021-11-19T10:23:40,944|[TRACE] graph - <----- statementPart
2021-11-19T10:23:40,944|[TRACE] graph - -----> statementPart
2021-11-19T10:23:40,944|[TRACE] graph - -------> nonSkippedChar
2021-11-19T10:23:40,944|[TRACE] script - #out(`T`) [token]
2021-11-19T10:23:40,944|[TRACE] graph - <------- nonSkippedChar
2021-11-19T10:23:40,944|[TRACE] graph - <----- statementPart
2021-11-19T10:23:40,944|[TRACE] graph - -----> statementPart
2021-11-19T10:23:40,944|[TRACE] graph - -------> nonSkippedSpace
2021-11-19T10:23:40,944|[TRACE] script - #out(` `) [token]
2021-11-19T10:23:40,944|[TRACE] graph - <------- nonSkippedSpace
2021-11-19T10:23:40,944|[TRACE] graph - <----- statementPart
2021-11-19T10:23:40,944|[TRACE] graph - -----> statementPart
2021-11-19T10:23:40,944|[TRACE] graph - -------> nonSkippedChar
2021-11-19T10:23:40,944|[TRACE] script - #out(`@`) [token]
2021-11-19T10:23:40,944|[TRACE] graph - <------- nonSkippedChar
2021-11-19T10:23:40,944|[TRACE] graph - <----- statementPart
2021-11-19T10:23:40,944|[TRACE] graph - -----> statementPart
2021-11-19T10:23:40,944|[TRACE] graph - -------> nonSkippedChar
2021-11-19T10:23:40,944|[TRACE] script - #out(`O`) [token]
2021-11-19T10:23:40,944|[TRACE] graph - <------- nonSkippedChar
2021-11-19T10:23:40,944|[TRACE] graph - <----- statementPart
2021-11-19T10:23:40,944|[TRACE] graph - -----> statementPart
2021-11-19T10:23:40,944|[TRACE] graph - -------> nonSkippedChar
2021-11-19T10:23:40,944|[TRACE] script - #out(`L`) [token]
2021-11-19T10:23:40,944|[TRACE] graph - <------- nonSkippedChar
2021-11-19T10:23:40,944|[TRACE] graph - <----- statementPart
2021-11-19T10:23:40,944|[TRACE] graph - -----> statementPart
2021-11-19T10:23:40,944|[TRACE] graph - -------> nonSkippedChar
2021-11-19T10:23:40,944|[TRACE] script - #out(`D`) [token]
2021-11-19T10:23:40,944|[TRACE] graph - <------- nonSkippedChar
2021-11-19T10:23:40,944|[TRACE] graph - <----- statementPart
2021-11-19T10:23:40,944|[TRACE] graph - -----> statementPart
2021-11-19T10:23:40,944|[TRACE] graph - -------> nonSkippedChar
2021-11-19T10:23:40,944|[TRACE] script - #out(`_`) [token]
2021-11-19T10:23:40,944|[TRACE] graph - <------- nonSkippedChar
2021-11-19T10:23:40,944|[TRACE] graph - <----- statementPart
2021-11-19T10:23:40,944|[TRACE] graph - -----> statementPart
2021-11-19T10:23:40,944|[TRACE] graph - -------> nonSkippedChar
2021-11-19T10:23:40,944|[TRACE] script - #out(`S`) [token]
2021-11-19T10:23:40,944|[TRACE] graph - <------- nonSkippedChar
2021-11-19T10:23:40,944|[TRACE] graph - <----- statementPart
2021-11-19T10:23:40,944|[TRACE] graph - -----> statementPart
2021-11-19T10:23:40,944|[TRACE] graph - -------> nonSkippedChar
2021-11-19T10:23:40,944|[TRACE] script - #out(`Q`) [token]
2021-11-19T10:23:40,944|[TRACE] graph - <------- nonSkippedChar
2021-11-19T10:23:40,944|[TRACE] graph - <----- statementPart
2021-11-19T10:23:40,944|[TRACE] graph - -----> statementPart
2021-11-19T10:23:40,944|[TRACE] graph - -------> nonSkippedChar
2021-11-19T10:23:40,944|[TRACE] script - #out(`L`) [token]
2021-11-19T10:23:40,944|[TRACE] graph - <------- nonSkippedChar
2021-11-19T10:23:40,944|[TRACE] graph - <----- statementPart
2021-11-19T10:23:40,944|[TRACE] graph - -----> statementPart
2021-11-19T10:23:40,944|[TRACE] graph - -------> nonSkippedChar
2021-11-19T10:23:40,944|[TRACE] script - #out(`_`) [token]
2021-11-19T10:23:40,944|[TRACE] graph - <------- nonSkippedChar
2021-11-19T10:23:40,944|[TRACE] graph - <----- statementPart
2021-11-19T10:23:40,944|[TRACE] graph - -----> statementPart
2021-11-19T10:23:40,944|[TRACE] graph - -------> nonSkippedChar
2021-11-19T10:23:40,944|[TRACE] script - #out(`M`) [token]
2021-11-19T10:23:40,944|[TRACE] graph - <------- nonSkippedChar
2021-11-19T10:23:40,944|[TRACE] graph - <----- statementPart
2021-11-19T10:23:40,944|[TRACE] graph - -----> statementPart
2021-11-19T10:23:40,944|[TRACE] graph - -------> nonSkippedChar
2021-11-19T10:23:40,944|[TRACE] script - #out(`O`) [token]
2021-11-19T10:23:40,944|[TRACE] graph - <------- nonSkippedChar
2021-11-19T10:23:40,944|[TRACE] graph - <----- statementPart
2021-11-19T10:23:40,944|[TRACE] graph - -----> statementPart
2021-11-19T10:23:40,944|[TRACE] graph - -------> nonSkippedChar
2021-11-19T10:23:40,944|[TRACE] script - #out(`D`) [token]
2021-11-19T10:23:40,944|[TRACE] graph - <------- nonSkippedChar
2021-11-19T10:23:40,944|[TRACE] graph - <----- statementPart
2021-11-19T10:23:40,944|[TRACE] graph - -----> statementPart
2021-11-19T10:23:40,945|[TRACE] graph - -------> nonSkippedChar
2021-11-19T10:23:40,945|[TRACE] script - #out(`E`) [token]
2021-11-19T10:23:40,945|[TRACE] graph - <------- nonSkippedChar
2021-11-19T10:23:40,945|[TRACE] graph - <----- statementPart
2021-11-19T10:23:40,945|[TRACE] graph - -----> statementPart
2021-11-19T10:23:40,945|[TRACE] graph - -------> nonSkippedChar
2021-11-19T10:23:40,945|[TRACE] script - #out(`=`) [token]
2021-11-19T10:23:40,945|[TRACE] graph - <------- nonSkippedChar
2021-11-19T10:23:40,945|[TRACE] graph - <----- statementPart
2021-11-19T10:23:40,945|[TRACE] graph - -----> statementPart
2021-11-19T10:23:40,945|[TRACE] graph - -------> nonSkippedChar
2021-11-19T10:23:40,945|[TRACE] script - #out(`@`) [token]
2021-11-19T10:23:40,945|[TRACE] graph - <------- nonSkippedChar
2021-11-19T10:23:40,945|[TRACE] graph - <----- statementPart
2021-11-19T10:23:40,945|[TRACE] graph - -----> statementPart
2021-11-19T10:23:40,945|[TRACE] graph - -------> nonSkippedChar
2021-11-19T10:23:40,945|[TRACE] script - #out(`@`) [token]
2021-11-19T10:23:40,945|[TRACE] graph - <------- nonSkippedChar
2021-11-19T10:23:40,945|[TRACE] graph - <----- statementPart
2021-11-19T10:23:40,945|[TRACE] graph - -----> statementPart
2021-11-19T10:23:40,945|[TRACE] graph - -------> nonSkippedChar
2021-11-19T10:23:40,945|[TRACE] script - #out(`S`) [token]
2021-11-19T10:23:40,945|[TRACE] graph - <------- nonSkippedChar
2021-11-19T10:23:40,945|[TRACE] graph - <----- statementPart
2021-11-19T10:23:40,945|[TRACE] graph - -----> statementPart
2021-11-19T10:23:40,945|[TRACE] graph - -------> nonSkippedChar
2021-11-19T10:23:40,945|[TRACE] script - #out(`Q`) [token]
2021-11-19T10:23:40,945|[TRACE] graph - <------- nonSkippedChar
2021-11-19T10:23:40,945|[TRACE] graph - <----- statementPart
2021-11-19T10:23:40,945|[TRACE] graph - -----> statementPart
2021-11-19T10:23:40,945|[TRACE] graph - -------> nonSkippedChar
2021-11-19T10:23:40,945|[TRACE] script - #out(`L`) [token]
2021-11-19T10:23:40,945|[TRACE] graph - <------- nonSkippedChar
2021-11-19T10:23:40,945|[TRACE] graph - <----- statementPart
2021-11-19T10:23:40,945|[TRACE] graph - -----> statementPart
2021-11-19T10:23:40,945|[TRACE] graph - -------> nonSkippedChar
2021-11-19T10:23:40,945|[TRACE] script - #out(`_`) [token]
2021-11-19T10:23:40,945|[TRACE] graph - <------- nonSkippedChar
2021-11-19T10:23:40,945|[TRACE] graph - <----- statementPart
2021-11-19T10:23:40,945|[TRACE] graph - -----> statementPart
2021-11-19T10:23:40,945|[TRACE] graph - -------> nonSkippedChar
2021-11-19T10:23:40,945|[TRACE] script - #out(`M`) [token]
2021-11-19T10:23:40,945|[TRACE] graph - <------- nonSkippedChar
2021-11-19T10:23:40,945|[TRACE] graph - <----- statementPart
2021-11-19T10:23:40,945|[TRACE] graph - -----> statementPart
2021-11-19T10:23:40,945|[TRACE] graph - -------> nonSkippedChar
2021-11-19T10:23:40,945|[TRACE] script - #out(`O`) [token]
2021-11-19T10:23:40,945|[TRACE] graph - <------- nonSkippedChar
2021-11-19T10:23:40,945|[TRACE] graph - <----- statementPart
2021-11-19T10:23:40,945|[TRACE] graph - -----> statementPart
2021-11-19T10:23:40,945|[TRACE] graph - -------> nonSkippedChar
2021-11-19T10:23:40,945|[TRACE] script - #out(`D`) [token]
2021-11-19T10:23:40,945|[TRACE] graph - <------- nonSkippedChar
2021-11-19T10:23:40,945|[TRACE] graph - <----- statementPart
2021-11-19T10:23:40,945|[TRACE] graph - -----> statementPart
2021-11-19T10:23:40,945|[TRACE] graph - -------> nonSkippedChar
2021-11-19T10:23:40,945|[TRACE] script - #out(`E`) [token]
2021-11-19T10:23:40,945|[TRACE] graph - <------- nonSkippedChar
2021-11-19T10:23:40,945|[TRACE] graph - <----- statementPart
2021-11-19T10:23:40,945|[TRACE] graph - -----> statementPart
2021-11-19T10:23:40,945|[TRACE] graph - -------> nonSkippedChar
2021-11-19T10:23:40,945|[TRACE] script - #out(`,`) [token]
2021-11-19T10:23:40,945|[TRACE] graph - <------- nonSkippedChar
2021-11-19T10:23:40,945|[TRACE] graph - <----- statementPart
2021-11-19T10:23:40,945|[TRACE] graph - -----> statementPart
2021-11-19T10:23:40,945|[TRACE] graph - -------> nonSkippedSpace
2021-11-19T10:23:40,945|[TRACE] script - #out(` `) [token]
2021-11-19T10:23:40,945|[TRACE] graph - <------- nonSkippedSpace
2021-11-19T10:23:40,945|[TRACE] graph - <----- statementPart
2021-11-19T10:23:40,945|[TRACE] graph - -----> statementPart
2021-11-19T10:23:40,945|[TRACE] graph - -------> nonSkippedChar
2021-11-19T10:23:40,945|[TRACE] script - #out(`S`) [token]
2021-11-19T10:23:40,945|[TRACE] graph - <------- nonSkippedChar
2021-11-19T10:23:40,945|[TRACE] graph - <----- statementPart
2021-11-19T10:23:40,945|[TRACE] graph - -----> statementPart
2021-11-19T10:23:40,945|[TRACE] graph - -------> nonSkippedChar
2021-11-19T10:23:40,945|[TRACE] script - #out(`Q`) [token]
2021-11-19T10:23:40,945|[TRACE] graph - <------- nonSkippedChar
2021-11-19T10:23:40,945|[TRACE] graph - <----- statementPart
2021-11-19T10:23:40,945|[TRACE] graph - -----> statementPart
2021-11-19T10:23:40,945|[TRACE] graph - -------> nonSkippedChar
2021-11-19T10:23:40,945|[TRACE] script - #out(`L`) [token]
2021-11-19T10:23:40,945|[TRACE] graph - <------- nonSkippedChar
2021-11-19T10:23:40,945|[TRACE] graph - <----- statementPart
2021-11-19T10:23:40,945|[TRACE] graph - -----> statementPart
2021-11-19T10:23:40,945|[TRACE] graph - -------> nonSkippedChar
2021-11-19T10:23:40,945|[TRACE] script - #out(`_`) [token]
2021-11-19T10:23:40,945|[TRACE] graph - <------- nonSkippedChar
2021-11-19T10:23:40,945|[TRACE] graph - <----- statementPart
2021-11-19T10:23:40,945|[TRACE] graph - -----> statementPart
2021-11-19T10:23:40,945|[TRACE] graph - -------> nonSkippedChar
2021-11-19T10:23:40,945|[TRACE] script - #out(`M`) [token]
2021-11-19T10:23:40,945|[TRACE] graph - <------- nonSkippedChar
2021-11-19T10:23:40,945|[TRACE] graph - <----- statementPart
2021-11-19T10:23:40,945|[TRACE] graph - -----> statementPart
2021-11-19T10:23:40,945|[TRACE] graph - -------> nonSkippedChar
2021-11-19T10:23:40,945|[TRACE] script - #out(`O`) [token]
2021-11-19T10:23:40,945|[TRACE] graph - <------- nonSkippedChar
2021-11-19T10:23:40,945|[TRACE] graph - <----- statementPart
2021-11-19T10:23:40,945|[TRACE] graph - -----> statementPart
2021-11-19T10:23:40,945|[TRACE] graph - -------> nonSkippedChar
2021-11-19T10:23:40,945|[TRACE] script - #out(`D`) [token]
2021-11-19T10:23:40,945|[TRACE] graph - <------- nonSkippedChar
2021-11-19T10:23:40,945|[TRACE] graph - <----- statementPart
2021-11-19T10:23:40,945|[TRACE] graph - -----> statementPart
2021-11-19T10:23:40,945|[TRACE] graph - -------> nonSkippedChar
2021-11-19T10:23:40,945|[TRACE] script - #out(`E`) [token]
2021-11-19T10:23:40,945|[TRACE] graph - <------- nonSkippedChar
2021-11-19T10:23:40,945|[TRACE] graph - <----- statementPart
2021-11-19T10:23:40,945|[TRACE] graph - -----> statementPart
2021-11-19T10:23:40,945|[TRACE] graph - -------> nonSkippedChar
2021-11-19T10:23:40,946|[TRACE] script - #out(`=`) [token]
2021-11-19T10:23:40,946|[TRACE] graph - <------- nonSkippedChar
2021-11-19T10:23:40,946|[TRACE] graph - <----- statementPart
2021-11-19T10:23:40,946|[TRACE] graph - -----> statementPart
2021-11-19T10:23:40,946|[TRACE] graph - -------> quotedString
2021-11-19T10:23:40,946|[TRACE] script - #out(`'ONLY_FULL_GROUP_BY,STRICT_TRANS_TABLES,NO_ZERO_IN_DATE,NO_ZERO_DATE,ERROR_FOR_DIVISION_BY_ZERO,NO_ENGINE_SUBSTITUTION'`) [token]
2021-11-19T10:23:40,946|[TRACE] graph - <------- quotedString
2021-11-19T10:23:40,946|[TRACE] graph - <----- statementPart
2021-11-19T10:23:40,946|[DEBUG] graph - Import statement : SET @OLD_SQL_MODE=@@SQL_MODE, SQL_MODE='ONLY_FULL_GROUP_BY,STRICT_TRANS_TABLES,NO_ZERO_IN_DATE,NO_ZERO_DATE,ERROR_FOR_DIVISION_BY_ZERO,NO_ENGINE_SUBSTITUTION'
2021-11-19T10:23:40,946|[TRACE] graph - <--- statement
2021-11-19T10:23:40,946|[TRACE] graph - ---> blankSpacesToSkip
2021-11-19T10:23:40,946|[TRACE] graph - -----> newLineToSkip
2021-11-19T10:23:40,946|[TRACE] graph - <----- newLineToSkip
2021-11-19T10:23:40,946|[TRACE] graph - -----> newLineToSkip
2021-11-19T10:23:40,946|[TRACE] graph - <----- newLineToSkip
2021-11-19T10:23:40,946|[TRACE] graph - -----> newLineToSkip
2021-11-19T10:23:40,946|[TRACE] graph - <----- newLineToSkip
2021-11-19T10:23:40,946|[TRACE] graph - -----> newLineToSkip
2021-11-19T10:23:40,946|[TRACE] graph - <----- newLineToSkip
2021-11-19T10:23:40,946|[TRACE] graph - -----> newLineToSkip
2021-11-19T10:23:40,946|[TRACE] graph - <----- newLineToSkip
2021-11-19T10:23:40,947|[TRACE] graph - <--- blankSpacesToSkip
2021-11-19T10:23:40,947|[TRACE] graph - ---> statement
2021-11-19T10:23:40,947|[TRACE] graph - -----> statementFirstPart
2021-11-19T10:23:40,947|[TRACE] graph - -------> nonSkippedChar
2021-11-19T10:23:40,947|[TRACE] script - #out(`C`) [token]
2021-11-19T10:23:40,947|[TRACE] graph - <------- nonSkippedChar
2021-11-19T10:23:40,947|[TRACE] graph - <----- statementFirstPart
2021-11-19T10:23:40,947|[TRACE] graph - -----> statementPart
2021-11-19T10:23:40,947|[TRACE] graph - -------> nonSkippedChar
2021-11-19T10:23:40,947|[TRACE] script - #out(`R`) [token]
2021-11-19T10:23:40,947|[TRACE] graph - <------- nonSkippedChar
2021-11-19T10:23:40,947|[TRACE] graph - <----- statementPart
2021-11-19T10:23:40,947|[TRACE] graph - -----> statementPart
2021-11-19T10:23:40,947|[TRACE] graph - -------> nonSkippedChar
2021-11-19T10:23:40,947|[TRACE] script - #out(`E`) [token]
2021-11-19T10:23:40,947|[TRACE] graph - <------- nonSkippedChar
2021-11-19T10:23:40,947|[TRACE] graph - <----- statementPart
2021-11-19T10:23:40,947|[TRACE] graph - -----> statementPart
2021-11-19T10:23:40,947|[TRACE] graph - -------> nonSkippedChar
2021-11-19T10:23:40,947|[TRACE] script - #out(`A`) [token]
2021-11-19T10:23:40,947|[TRACE] graph - <------- nonSkippedChar
2021-11-19T10:23:40,947|[TRACE] graph - <----- statementPart
2021-11-19T10:23:40,947|[TRACE] graph - -----> statementPart
2021-11-19T10:23:40,947|[TRACE] graph - -------> nonSkippedChar
2021-11-19T10:23:40,947|[TRACE] script - #out(`T`) [token]
2021-11-19T10:23:40,947|[TRACE] graph - <------- nonSkippedChar
2021-11-19T10:23:40,947|[TRACE] graph - <----- statementPart
2021-11-19T10:23:40,947|[TRACE] graph - -----> statementPart
2021-11-19T10:23:40,947|[TRACE] graph - -------> nonSkippedChar
2021-11-19T10:23:40,947|[TRACE] script - #out(`E`) [token]
2021-11-19T10:23:40,947|[TRACE] graph - <------- nonSkippedChar
2021-11-19T10:23:40,947|[TRACE] graph - <----- statementPart
2021-11-19T10:23:40,947|[TRACE] graph - -----> statementPart
2021-11-19T10:23:40,947|[TRACE] graph - -------> nonSkippedSpace
2021-11-19T10:23:40,947|[TRACE] script - #out(` `) [token]
2021-11-19T10:23:40,947|[TRACE] graph - <------- nonSkippedSpace
2021-11-19T10:23:40,947|[TRACE] graph - <----- statementPart
2021-11-19T10:23:40,947|[TRACE] graph - -----> statementPart
2021-11-19T10:23:40,947|[TRACE] graph - -------> nonSkippedChar
2021-11-19T10:23:40,947|[TRACE] script - #out(`S`) [token]
2021-11-19T10:23:40,947|[TRACE] graph - <------- nonSkippedChar
2021-11-19T10:23:40,947|[TRACE] graph - <----- statementPart
2021-11-19T10:23:40,947|[TRACE] graph - -----> statementPart
2021-11-19T10:23:40,947|[TRACE] graph - -------> nonSkippedChar
2021-11-19T10:23:40,947|[TRACE] script - #out(`C`) [token]
2021-11-19T10:23:40,947|[TRACE] graph - <------- nonSkippedChar
2021-11-19T10:23:40,947|[TRACE] graph - <----- statementPart
2021-11-19T10:23:40,947|[TRACE] graph - -----> statementPart
2021-11-19T10:23:40,947|[TRACE] graph - -------> nonSkippedChar
2021-11-19T10:23:40,947|[TRACE] script - #out(`H`) [token]
2021-11-19T10:23:40,947|[TRACE] graph - <------- nonSkippedChar
2021-11-19T10:23:40,947|[TRACE] graph - <----- statementPart
2021-11-19T10:23:40,947|[TRACE] graph - -----> statementPart
2021-11-19T10:23:40,947|[TRACE] graph - -------> nonSkippedChar
2021-11-19T10:23:40,947|[TRACE] script - #out(`E`) [token]
2021-11-19T10:23:40,947|[TRACE] graph - <------- nonSkippedChar
2021-11-19T10:23:40,947|[TRACE] graph - <----- statementPart
2021-11-19T10:23:40,947|[TRACE] graph - -----> statementPart
2021-11-19T10:23:40,947|[TRACE] graph - -------> nonSkippedChar
2021-11-19T10:23:40,947|[TRACE] script - #out(`M`) [token]
2021-11-19T10:23:40,947|[TRACE] graph - <------- nonSkippedChar
2021-11-19T10:23:40,947|[TRACE] graph - <----- statementPart
2021-11-19T10:23:40,947|[TRACE] graph - -----> statementPart
2021-11-19T10:23:40,947|[TRACE] graph - -------> nonSkippedChar
2021-11-19T10:23:40,947|[TRACE] script - #out(`A`) [token]
2021-11-19T10:23:40,947|[TRACE] graph - <------- nonSkippedChar
2021-11-19T10:23:40,947|[TRACE] graph - <----- statementPart
2021-11-19T10:23:40,947|[TRACE] graph - -----> statementPart
2021-11-19T10:23:40,947|[TRACE] graph - -------> nonSkippedSpace
2021-11-19T10:23:40,947|[TRACE] script - #out(` `) [token]
2021-11-19T10:23:40,947|[TRACE] graph - <------- nonSkippedSpace
2021-11-19T10:23:40,947|[TRACE] graph - <----- statementPart
2021-11-19T10:23:40,947|[TRACE] graph - -----> statementPart
2021-11-19T10:23:40,947|[TRACE] graph - -------> nonSkippedChar
2021-11-19T10:23:40,947|[TRACE] script - #out(`I`) [token]
2021-11-19T10:23:40,947|[TRACE] graph - <------- nonSkippedChar
2021-11-19T10:23:40,947|[TRACE] graph - <----- statementPart
2021-11-19T10:23:40,947|[TRACE] graph - -----> statementPart
2021-11-19T10:23:40,947|[TRACE] graph - -------> nonSkippedChar
2021-11-19T10:23:40,947|[TRACE] script - #out(`F`) [token]
2021-11-19T10:23:40,947|[TRACE] graph - <------- nonSkippedChar
2021-11-19T10:23:40,947|[TRACE] graph - <----- statementPart
2021-11-19T10:23:40,948|[TRACE] graph - -----> statementPart
2021-11-19T10:23:40,948|[TRACE] graph - -------> nonSkippedSpace
2021-11-19T10:23:40,948|[TRACE] script - #out(` `) [token]
2021-11-19T10:23:40,948|[TRACE] graph - <------- nonSkippedSpace
2021-11-19T10:23:40,948|[TRACE] graph - <----- statementPart
2021-11-19T10:23:40,948|[TRACE] graph - -----> statementPart
2021-11-19T10:23:40,948|[TRACE] graph - -------> nonSkippedChar
2021-11-19T10:23:40,948|[TRACE] script - #out(`N`) [token]
2021-11-19T10:23:40,948|[TRACE] graph - <------- nonSkippedChar
2021-11-19T10:23:40,948|[TRACE] graph - <----- statementPart
2021-11-19T10:23:40,948|[TRACE] graph - -----> statementPart
2021-11-19T10:23:40,948|[TRACE] graph - -------> nonSkippedChar
2021-11-19T10:23:40,948|[TRACE] script - #out(`O`) [token]
2021-11-19T10:23:40,948|[TRACE] graph - <------- nonSkippedChar
2021-11-19T10:23:40,948|[TRACE] graph - <----- statementPart
2021-11-19T10:23:40,948|[TRACE] graph - -----> statementPart
2021-11-19T10:23:40,948|[TRACE] graph - -------> nonSkippedChar
2021-11-19T10:23:40,948|[TRACE] script - #out(`T`) [token]
2021-11-19T10:23:40,948|[TRACE] graph - <------- nonSkippedChar
2021-11-19T10:23:40,948|[TRACE] graph - <----- statementPart
2021-11-19T10:23:40,948|[TRACE] graph - -----> statementPart
2021-11-19T10:23:40,948|[TRACE] graph - -------> nonSkippedSpace
2021-11-19T10:23:40,948|[TRACE] script - #out(` `) [token]
2021-11-19T10:23:40,948|[TRACE] graph - <------- nonSkippedSpace
2021-11-19T10:23:40,948|[TRACE] graph - <----- statementPart
2021-11-19T10:23:40,948|[TRACE] graph - -----> statementPart
2021-11-19T10:23:40,948|[TRACE] graph - -------> nonSkippedChar
2021-11-19T10:23:40,948|[TRACE] script - #out(`E`) [token]
2021-11-19T10:23:40,948|[TRACE] graph - <------- nonSkippedChar
2021-11-19T10:23:40,948|[TRACE] graph - <----- statementPart
2021-11-19T10:23:40,948|[TRACE] graph - -----> statementPart
2021-11-19T10:23:40,948|[TRACE] graph - -------> nonSkippedChar
2021-11-19T10:23:40,948|[TRACE] script - #out(`X`) [token]
2021-11-19T10:23:40,948|[TRACE] graph - <------- nonSkippedChar
2021-11-19T10:23:40,948|[TRACE] graph - <----- statementPart
2021-11-19T10:23:40,948|[TRACE] graph - -----> statementPart
2021-11-19T10:23:40,948|[TRACE] graph - -------> nonSkippedChar
2021-11-19T10:23:40,948|[TRACE] script - #out(`I`) [token]
2021-11-19T10:23:40,948|[TRACE] graph - <------- nonSkippedChar
2021-11-19T10:23:40,948|[TRACE] graph - <----- statementPart
2021-11-19T10:23:40,948|[TRACE] graph - -----> statementPart
2021-11-19T10:23:40,948|[TRACE] graph - -------> nonSkippedChar
2021-11-19T10:23:40,948|[TRACE] script - #out(`S`) [token]
2021-11-19T10:23:40,948|[TRACE] graph - <------- nonSkippedChar
2021-11-19T10:23:40,948|[TRACE] graph - <----- statementPart
2021-11-19T10:23:40,948|[TRACE] graph - -----> statementPart
2021-11-19T10:23:40,948|[TRACE] graph - -------> nonSkippedChar
2021-11-19T10:23:40,948|[TRACE] script - #out(`T`) [token]
2021-11-19T10:23:40,948|[TRACE] graph - <------- nonSkippedChar
2021-11-19T10:23:40,948|[TRACE] graph - <----- statementPart
2021-11-19T10:23:40,948|[TRACE] graph - -----> statementPart
2021-11-19T10:23:40,948|[TRACE] graph - -------> nonSkippedChar
2021-11-19T10:23:40,948|[TRACE] script - #out(`S`) [token]
2021-11-19T10:23:40,948|[TRACE] graph - <------- nonSkippedChar
2021-11-19T10:23:40,948|[TRACE] graph - <----- statementPart
2021-11-19T10:23:40,948|[TRACE] graph - -----> statementPart
2021-11-19T10:23:40,948|[TRACE] graph - -------> nonSkippedSpace
2021-11-19T10:23:40,948|[TRACE] script - #out(` `) [token]
2021-11-19T10:23:40,948|[TRACE] graph - <------- nonSkippedSpace
2021-11-19T10:23:40,948|[TRACE] graph - <----- statementPart
2021-11-19T10:23:40,948|[TRACE] graph - -----> statementPart
2021-11-19T10:23:40,948|[TRACE] graph - -------> quotedString
2021-11-19T10:23:40,948|[TRACE] script - #out(``bloodbank``) [token]
2021-11-19T10:23:40,948|[TRACE] graph - <------- quotedString
2021-11-19T10:23:40,948|[TRACE] graph - <----- statementPart
2021-11-19T10:23:40,948|[TRACE] graph - -----> statementPart
2021-11-19T10:23:40,948|[TRACE] graph - -------> nonSkippedSpace
2021-11-19T10:23:40,948|[TRACE] script - #out(` `) [token]
2021-11-19T10:23:40,948|[TRACE] graph - <------- nonSkippedSpace
2021-11-19T10:23:40,948|[TRACE] graph - <----- statementPart
2021-11-19T10:23:40,948|[TRACE] graph - -----> statementPart
2021-11-19T10:23:40,948|[TRACE] graph - -------> nonSkippedChar
2021-11-19T10:23:40,948|[TRACE] script - #out(`D`) [token]
2021-11-19T10:23:40,948|[TRACE] graph - <------- nonSkippedChar
2021-11-19T10:23:40,948|[TRACE] graph - <----- statementPart
2021-11-19T10:23:40,948|[TRACE] graph - -----> statementPart
2021-11-19T10:23:40,948|[TRACE] graph - -------> nonSkippedChar
2021-11-19T10:23:40,948|[TRACE] script - #out(`E`) [token]
2021-11-19T10:23:40,948|[TRACE] graph - <------- nonSkippedChar
2021-11-19T10:23:40,948|[TRACE] graph - <----- statementPart
2021-11-19T10:23:40,948|[TRACE] graph - -----> statementPart
2021-11-19T10:23:40,948|[TRACE] graph - -------> nonSkippedChar
2021-11-19T10:23:40,948|[TRACE] script - #out(`F`) [token]
2021-11-19T10:23:40,948|[TRACE] graph - <------- nonSkippedChar
2021-11-19T10:23:40,948|[TRACE] graph - <----- statementPart
2021-11-19T10:23:40,948|[TRACE] graph - -----> statementPart
2021-11-19T10:23:40,948|[TRACE] graph - -------> nonSkippedChar
2021-11-19T10:23:40,948|[TRACE] script - #out(`A`) [token]
2021-11-19T10:23:40,948|[TRACE] graph - <------- nonSkippedChar
2021-11-19T10:23:40,948|[TRACE] graph - <----- statementPart
2021-11-19T10:23:40,948|[TRACE] graph - -----> statementPart
2021-11-19T10:23:40,948|[TRACE] graph - -------> nonSkippedChar
2021-11-19T10:23:40,948|[TRACE] script - #out(`U`) [token]
2021-11-19T10:23:40,948|[TRACE] graph - <------- nonSkippedChar
2021-11-19T10:23:40,948|[TRACE] graph - <----- statementPart
2021-11-19T10:23:40,949|[TRACE] graph - -----> statementPart
2021-11-19T10:23:40,949|[TRACE] graph - -------> nonSkippedChar
2021-11-19T10:23:40,949|[TRACE] script - #out(`L`) [token]
2021-11-19T10:23:40,949|[TRACE] graph - <------- nonSkippedChar
2021-11-19T10:23:40,949|[TRACE] graph - <----- statementPart
2021-11-19T10:23:40,949|[TRACE] graph - -----> statementPart
2021-11-19T10:23:40,949|[TRACE] graph - -------> nonSkippedChar
2021-11-19T10:23:40,949|[TRACE] script - #out(`T`) [token]
2021-11-19T10:23:40,949|[TRACE] graph - <------- nonSkippedChar
2021-11-19T10:23:40,949|[TRACE] graph - <----- statementPart
2021-11-19T10:23:40,949|[TRACE] graph - -----> statementPart
2021-11-19T10:23:40,949|[TRACE] graph - -------> nonSkippedSpace
2021-11-19T10:23:40,949|[TRACE] script - #out(` `) [token]
2021-11-19T10:23:40,949|[TRACE] graph - <------- nonSkippedSpace
2021-11-19T10:23:40,949|[TRACE] graph - <----- statementPart
2021-11-19T10:23:40,949|[TRACE] graph - -----> statementPart
2021-11-19T10:23:40,949|[TRACE] graph - -------> nonSkippedChar
2021-11-19T10:23:40,949|[TRACE] script - #out(`C`) [token]
2021-11-19T10:23:40,949|[TRACE] graph - <------- nonSkippedChar
2021-11-19T10:23:40,949|[TRACE] graph - <----- statementPart
2021-11-19T10:23:40,949|[TRACE] graph - -----> statementPart
2021-11-19T10:23:40,949|[TRACE] graph - -------> nonSkippedChar
2021-11-19T10:23:40,949|[TRACE] script - #out(`H`) [token]
2021-11-19T10:23:40,949|[TRACE] graph - <------- nonSkippedChar
2021-11-19T10:23:40,949|[TRACE] graph - <----- statementPart
2021-11-19T10:23:40,949|[TRACE] graph - -----> statementPart
2021-11-19T10:23:40,949|[TRACE] graph - -------> nonSkippedChar
2021-11-19T10:23:40,949|[TRACE] script - #out(`A`) [token]
2021-11-19T10:23:40,949|[TRACE] graph - <------- nonSkippedChar
2021-11-19T10:23:40,949|[TRACE] graph - <----- statementPart
2021-11-19T10:23:40,949|[TRACE] graph - -----> statementPart
2021-11-19T10:23:40,949|[TRACE] graph - -------> nonSkippedChar
2021-11-19T10:23:40,949|[TRACE] script - #out(`R`) [token]
2021-11-19T10:23:40,949|[TRACE] graph - <------- nonSkippedChar
2021-11-19T10:23:40,949|[TRACE] graph - <----- statementPart
2021-11-19T10:23:40,949|[TRACE] graph - -----> statementPart
2021-11-19T10:23:40,949|[TRACE] graph - -------> nonSkippedChar
2021-11-19T10:23:40,949|[TRACE] script - #out(`A`) [token]
2021-11-19T10:23:40,949|[TRACE] graph - <------- nonSkippedChar
2021-11-19T10:23:40,949|[TRACE] graph - <----- statementPart
2021-11-19T10:23:40,949|[TRACE] graph - -----> statementPart
2021-11-19T10:23:40,949|[TRACE] graph - -------> nonSkippedChar
2021-11-19T10:23:40,949|[TRACE] script - #out(`C`) [token]
2021-11-19T10:23:40,949|[TRACE] graph - <------- nonSkippedChar
2021-11-19T10:23:40,949|[TRACE] graph - <----- statementPart
2021-11-19T10:23:40,949|[TRACE] graph - -----> statementPart
2021-11-19T10:23:40,949|[TRACE] graph - -------> nonSkippedChar
2021-11-19T10:23:40,949|[TRACE] script - #out(`T`) [token]
2021-11-19T10:23:40,949|[TRACE] graph - <------- nonSkippedChar
2021-11-19T10:23:40,949|[TRACE] graph - <----- statementPart
2021-11-19T10:23:40,949|[TRACE] graph - -----> statementPart
2021-11-19T10:23:40,949|[TRACE] graph - -------> nonSkippedChar
2021-11-19T10:23:40,949|[TRACE] script - #out(`E`) [token]
2021-11-19T10:23:40,949|[TRACE] graph - <------- nonSkippedChar
2021-11-19T10:23:40,949|[TRACE] graph - <----- statementPart
2021-11-19T10:23:40,949|[TRACE] graph - -----> statementPart
2021-11-19T10:23:40,949|[TRACE] graph - -------> nonSkippedChar
2021-11-19T10:23:40,949|[TRACE] script - #out(`R`) [token]
2021-11-19T10:23:40,949|[TRACE] graph - <------- nonSkippedChar
2021-11-19T10:23:40,949|[TRACE] graph - <----- statementPart
2021-11-19T10:23:40,949|[TRACE] graph - -----> statementPart
2021-11-19T10:23:40,949|[TRACE] graph - -------> nonSkippedSpace
2021-11-19T10:23:40,949|[TRACE] script - #out(` `) [token]
2021-11-19T10:23:40,949|[TRACE] graph - <------- nonSkippedSpace
2021-11-19T10:23:40,949|[TRACE] graph - <----- statementPart
2021-11-19T10:23:40,949|[TRACE] graph - -----> statementPart
2021-11-19T10:23:40,949|[TRACE] graph - -------> nonSkippedChar
2021-11-19T10:23:40,949|[TRACE] script - #out(`S`) [token]
2021-11-19T10:23:40,949|[TRACE] graph - <------- nonSkippedChar
2021-11-19T10:23:40,949|[TRACE] graph - <----- statementPart
2021-11-19T10:23:40,949|[TRACE] graph - -----> statementPart
2021-11-19T10:23:40,949|[TRACE] graph - -------> nonSkippedChar
2021-11-19T10:23:40,949|[TRACE] script - #out(`E`) [token]
2021-11-19T10:23:40,949|[TRACE] graph - <------- nonSkippedChar
2021-11-19T10:23:40,949|[TRACE] graph - <----- statementPart
2021-11-19T10:23:40,950|[TRACE] graph - -----> statementPart
2021-11-19T10:23:40,950|[TRACE] graph - -------> nonSkippedChar
2021-11-19T10:23:40,950|[TRACE] script - #out(`T`) [token]
2021-11-19T10:23:40,950|[TRACE] graph - <------- nonSkippedChar
2021-11-19T10:23:40,950|[TRACE] graph - <----- statementPart
2021-11-19T10:23:40,950|[TRACE] graph - -----> statementPart
2021-11-19T10:23:40,950|[TRACE] graph - -------> nonSkippedSpace
2021-11-19T10:23:40,950|[TRACE] script - #out(` `) [token]
2021-11-19T10:23:40,950|[TRACE] graph - <------- nonSkippedSpace
2021-11-19T10:23:40,950|[TRACE] graph - <----- statementPart
2021-11-19T10:23:40,950|[TRACE] graph - -----> statementPart
2021-11-19T10:23:40,950|[TRACE] graph - -------> nonSkippedChar
2021-11-19T10:23:40,950|[TRACE] script - #out(`u`) [token]
2021-11-19T10:23:40,950|[TRACE] graph - <------- nonSkippedChar
2021-11-19T10:23:40,950|[TRACE] graph - <----- statementPart
2021-11-19T10:23:40,950|[TRACE] graph - -----> statementPart
2021-11-19T10:23:40,950|[TRACE] graph - -------> nonSkippedChar
2021-11-19T10:23:40,950|[TRACE] script - #out(`t`) [token]
2021-11-19T10:23:40,950|[TRACE] graph - <------- nonSkippedChar
2021-11-19T10:23:40,950|[TRACE] graph - <----- statementPart
2021-11-19T10:23:40,950|[TRACE] graph - -----> statementPart
2021-11-19T10:23:40,950|[TRACE] graph - -------> nonSkippedChar
2021-11-19T10:23:40,950|[TRACE] script - #out(`f`) [token]
2021-11-19T10:23:40,950|[TRACE] graph - <------- nonSkippedChar
2021-11-19T10:23:40,950|[TRACE] graph - <----- statementPart
2021-11-19T10:23:40,950|[TRACE] graph - -----> statementPart
2021-11-19T10:23:40,950|[TRACE] graph - -------> nonSkippedChar
2021-11-19T10:23:40,950|[TRACE] script - #out(`8`) [token]
2021-11-19T10:23:40,950|[TRACE] graph - <------- nonSkippedChar
2021-11-19T10:23:40,950|[TRACE] graph - <----- statementPart
2021-11-19T10:23:40,950|[TRACE] graph - -----> statementPart
2021-11-19T10:23:40,950|[TRACE] graph - -------> nonSkippedChar
2021-11-19T10:23:40,950|[TRACE] script - #out(`m`) [token]
2021-11-19T10:23:40,950|[TRACE] graph - <------- nonSkippedChar
2021-11-19T10:23:40,950|[TRACE] graph - <----- statementPart
2021-11-19T10:23:40,950|[TRACE] graph - -----> statementPart
2021-11-19T10:23:40,950|[TRACE] graph - -------> nonSkippedChar
2021-11-19T10:23:40,950|[TRACE] script - #out(`b`) [token]
2021-11-19T10:23:40,950|[TRACE] graph - <------- nonSkippedChar
2021-11-19T10:23:40,950|[TRACE] graph - <----- statementPart
2021-11-19T10:23:40,950|[TRACE] graph - -----> statementPart
2021-11-19T10:23:40,950|[TRACE] graph - -------> nonSkippedChar
2021-11-19T10:23:40,950|[TRACE] script - #out(`4`) [token]
2021-11-19T10:23:40,950|[TRACE] graph - <------- nonSkippedChar
2021-11-19T10:23:40,950|[TRACE] graph - <----- statementPart
2021-11-19T10:23:40,950|[TRACE] graph - -----> statementPart
2021-11-19T10:23:40,950|[TRACE] graph - -------> nonSkippedSpace
2021-11-19T10:23:40,950|[TRACE] script - #out(` `) [token]
2021-11-19T10:23:40,950|[TRACE] graph - <------- nonSkippedSpace
2021-11-19T10:23:40,950|[TRACE] graph - <----- statementPart
2021-11-19T10:23:40,950|[TRACE] graph - -----> statementPart
2021-11-19T10:23:40,950|[TRACE] graph - -------> nonSkippedChar
2021-11-19T10:23:40,950|[TRACE] script - #out(`C`) [token]
2021-11-19T10:23:40,950|[TRACE] graph - <------- nonSkippedChar
2021-11-19T10:23:40,950|[TRACE] graph - <----- statementPart
2021-11-19T10:23:40,950|[TRACE] graph - -----> statementPart
2021-11-19T10:23:40,950|[TRACE] graph - -------> nonSkippedChar
2021-11-19T10:23:40,950|[TRACE] script - #out(`O`) [token]
2021-11-19T10:23:40,950|[TRACE] graph - <------- nonSkippedChar
2021-11-19T10:23:40,950|[TRACE] graph - <----- statementPart
2021-11-19T10:23:40,950|[TRACE] graph - -----> statementPart
2021-11-19T10:23:40,950|[TRACE] graph - -------> nonSkippedChar
2021-11-19T10:23:40,950|[TRACE] script - #out(`L`) [token]
2021-11-19T10:23:40,950|[TRACE] graph - <------- nonSkippedChar
2021-11-19T10:23:40,950|[TRACE] graph - <----- statementPart
2021-11-19T10:23:40,950|[TRACE] graph - -----> statementPart
2021-11-19T10:23:40,950|[TRACE] graph - -------> nonSkippedChar
2021-11-19T10:23:40,950|[TRACE] script - #out(`L`) [token]
2021-11-19T10:23:40,950|[TRACE] graph - <------- nonSkippedChar
2021-11-19T10:23:40,950|[TRACE] graph - <----- statementPart
2021-11-19T10:23:40,950|[TRACE] graph - -----> statementPart
2021-11-19T10:23:40,950|[TRACE] graph - -------> nonSkippedChar
2021-11-19T10:23:40,950|[TRACE] script - #out(`A`) [token]
2021-11-19T10:23:40,950|[TRACE] graph - <------- nonSkippedChar
2021-11-19T10:23:40,950|[TRACE] graph - <----- statementPart
2021-11-19T10:23:40,950|[TRACE] graph - -----> statementPart
2021-11-19T10:23:40,950|[TRACE] graph - -------> nonSkippedChar
2021-11-19T10:23:40,950|[TRACE] script - #out(`T`) [token]
2021-11-19T10:23:40,950|[TRACE] graph - <------- nonSkippedChar
2021-11-19T10:23:40,950|[TRACE] graph - <----- statementPart
2021-11-19T10:23:40,950|[TRACE] graph - -----> statementPart
2021-11-19T10:23:40,950|[TRACE] graph - -------> nonSkippedChar
2021-11-19T10:23:40,950|[TRACE] script - #out(`E`) [token]
2021-11-19T10:23:40,950|[TRACE] graph - <------- nonSkippedChar
2021-11-19T10:23:40,950|[TRACE] graph - <----- statementPart
2021-11-19T10:23:40,950|[TRACE] graph - -----> statementPart
2021-11-19T10:23:40,950|[TRACE] graph - -------> nonSkippedSpace
2021-11-19T10:23:40,950|[TRACE] script - #out(` `) [token]
2021-11-19T10:23:40,950|[TRACE] graph - <------- nonSkippedSpace
2021-11-19T10:23:40,950|[TRACE] graph - <----- statementPart
2021-11-19T10:23:40,950|[TRACE] graph - -----> statementPart
2021-11-19T10:23:40,950|[TRACE] graph - -------> nonSkippedChar
2021-11-19T10:23:40,950|[TRACE] script - #out(`u`) [token]
2021-11-19T10:23:40,950|[TRACE] graph - <------- nonSkippedChar
2021-11-19T10:23:40,950|[TRACE] graph - <----- statementPart
2021-11-19T10:23:40,950|[TRACE] graph - -----> statementPart
2021-11-19T10:23:40,950|[TRACE] graph - -------> nonSkippedChar
2021-11-19T10:23:40,950|[TRACE] script - #out(`t`) [token]
2021-11-19T10:23:40,950|[TRACE] graph - <------- nonSkippedChar
2021-11-19T10:23:40,950|[TRACE] graph - <----- statementPart
2021-11-19T10:23:40,950|[TRACE] graph - -----> statementPart
2021-11-19T10:23:40,950|[TRACE] graph - -------> nonSkippedChar
2021-11-19T10:23:40,950|[TRACE] script - #out(`f`) [token]
2021-11-19T10:23:40,950|[TRACE] graph - <------- nonSkippedChar
2021-11-19T10:23:40,950|[TRACE] graph - <----- statementPart
2021-11-19T10:23:40,950|[TRACE] graph - -----> statementPart
2021-11-19T10:23:40,950|[TRACE] graph - -------> nonSkippedChar
2021-11-19T10:23:40,951|[TRACE] script - #out(`8`) [token]
2021-11-19T10:23:40,951|[TRACE] graph - <------- nonSkippedChar
2021-11-19T10:23:40,951|[TRACE] graph - <----- statementPart
2021-11-19T10:23:40,951|[TRACE] graph - -----> statementPart
2021-11-19T10:23:40,951|[TRACE] graph - -------> nonSkippedChar
2021-11-19T10:23:40,951|[TRACE] script - #out(`m`) [token]
2021-11-19T10:23:40,951|[TRACE] graph - <------- nonSkippedChar
2021-11-19T10:23:40,951|[TRACE] graph - <----- statementPart
2021-11-19T10:23:40,951|[TRACE] graph - -----> statementPart
2021-11-19T10:23:40,951|[TRACE] graph - -------> nonSkippedChar
2021-11-19T10:23:40,951|[TRACE] script - #out(`b`) [token]
2021-11-19T10:23:40,951|[TRACE] graph - <------- nonSkippedChar
2021-11-19T10:23:40,951|[TRACE] graph - <----- statementPart
2021-11-19T10:23:40,951|[TRACE] graph - -----> statementPart
2021-11-19T10:23:40,951|[TRACE] graph - -------> nonSkippedChar
2021-11-19T10:23:40,951|[TRACE] script - #out(`4`) [token]
2021-11-19T10:23:40,951|[TRACE] graph - <------- nonSkippedChar
2021-11-19T10:23:40,951|[TRACE] graph - <----- statementPart
2021-11-19T10:23:40,951|[TRACE] graph - -----> statementPart
2021-11-19T10:23:40,951|[TRACE] graph - -------> nonSkippedChar
2021-11-19T10:23:40,951|[TRACE] script - #out(`_`) [token]
2021-11-19T10:23:40,951|[TRACE] graph - <------- nonSkippedChar
2021-11-19T10:23:40,951|[TRACE] graph - <----- statementPart
2021-11-19T10:23:40,951|[TRACE] graph - -----> statementPart
2021-11-19T10:23:40,951|[TRACE] graph - -------> nonSkippedChar
2021-11-19T10:23:40,951|[TRACE] script - #out(`0`) [token]
2021-11-19T10:23:40,951|[TRACE] graph - <------- nonSkippedChar
2021-11-19T10:23:40,951|[TRACE] graph - <----- statementPart
2021-11-19T10:23:40,951|[TRACE] graph - -----> statementPart
2021-11-19T10:23:40,951|[TRACE] graph - -------> nonSkippedChar
2021-11-19T10:23:40,951|[TRACE] script - #out(`9`) [token]
2021-11-19T10:23:40,951|[TRACE] graph - <------- nonSkippedChar
2021-11-19T10:23:40,951|[TRACE] graph - <----- statementPart
2021-11-19T10:23:40,951|[TRACE] graph - -----> statementPart
2021-11-19T10:23:40,951|[TRACE] graph - -------> nonSkippedChar
2021-11-19T10:23:40,951|[TRACE] script - #out(`0`) [token]
2021-11-19T10:23:40,951|[TRACE] graph - <------- nonSkippedChar
2021-11-19T10:23:40,951|[TRACE] graph - <----- statementPart
2021-11-19T10:23:40,951|[TRACE] graph - -----> statementPart
2021-11-19T10:23:40,951|[TRACE] graph - -------> nonSkippedChar
2021-11-19T10:23:40,951|[TRACE] script - #out(`0`) [token]
2021-11-19T10:23:40,951|[TRACE] graph - <------- nonSkippedChar
2021-11-19T10:23:40,951|[TRACE] graph - <----- statementPart
2021-11-19T10:23:40,951|[TRACE] graph - -----> statementPart
2021-11-19T10:23:40,951|[TRACE] graph - -------> nonSkippedChar
2021-11-19T10:23:40,951|[TRACE] script - #out(`_`) [token]
2021-11-19T10:23:40,951|[TRACE] graph - <------- nonSkippedChar
2021-11-19T10:23:40,951|[TRACE] graph - <----- statementPart
2021-11-19T10:23:40,951|[TRACE] graph - -----> statementPart
2021-11-19T10:23:40,951|[TRACE] graph - -------> nonSkippedChar
2021-11-19T10:23:40,951|[TRACE] script - #out(`a`) [token]
2021-11-19T10:23:40,951|[TRACE] graph - <------- nonSkippedChar
2021-11-19T10:23:40,951|[TRACE] graph - <----- statementPart
2021-11-19T10:23:40,951|[TRACE] graph - -----> statementPart
2021-11-19T10:23:40,951|[TRACE] graph - -------> nonSkippedChar
2021-11-19T10:23:40,951|[TRACE] script - #out(`i`) [token]
2021-11-19T10:23:40,951|[TRACE] graph - <------- nonSkippedChar
2021-11-19T10:23:40,951|[TRACE] graph - <----- statementPart
2021-11-19T10:23:40,951|[TRACE] graph - -----> statementPart
2021-11-19T10:23:40,951|[TRACE] graph - -------> nonSkippedChar
2021-11-19T10:23:40,951|[TRACE] script - #out(`_`) [token]
2021-11-19T10:23:40,951|[TRACE] graph - <------- nonSkippedChar
2021-11-19T10:23:40,951|[TRACE] graph - <----- statementPart
2021-11-19T10:23:40,951|[TRACE] graph - -----> statementPart
2021-11-19T10:23:40,951|[TRACE] graph - -------> nonSkippedChar
2021-11-19T10:23:40,951|[TRACE] script - #out(`c`) [token]
2021-11-19T10:23:40,951|[TRACE] graph - <------- nonSkippedChar
2021-11-19T10:23:40,951|[TRACE] graph - <----- statementPart
2021-11-19T10:23:40,951|[TRACE] graph - -----> statementPart
2021-11-19T10:23:40,951|[TRACE] graph - -------> nonSkippedChar
2021-11-19T10:23:40,951|[TRACE] script - #out(`i`) [token]
2021-11-19T10:23:40,951|[TRACE] graph - <------- nonSkippedChar
2021-11-19T10:23:40,951|[TRACE] graph - <----- statementPart
2021-11-19T10:23:40,951|[TRACE] graph - -----> statementPart
2021-11-19T10:23:40,951|[TRACE] graph - -------> nonSkippedSpace
2021-11-19T10:23:40,951|[TRACE] script - #out(` `) [token]
2021-11-19T10:23:40,951|[TRACE] graph - <------- nonSkippedSpace
2021-11-19T10:23:40,951|[TRACE] graph - <----- statementPart
2021-11-19T10:23:40,951|[DEBUG] graph - Import statement : CREATE SCHEMA IF NOT EXISTS `bloodbank` DEFAULT CHARACTER SET utf8mb4 COLLATE utf8mb4_0900_ai_ci
2021-11-19T10:23:40,951|[TRACE] graph - <--- statement
2021-11-19T10:23:40,951|[TRACE] graph - ---> blankSpacesToSkip
2021-11-19T10:23:40,951|[TRACE] graph - -----> newLineToSkip
2021-11-19T10:23:40,951|[TRACE] graph - <----- newLineToSkip
2021-11-19T10:23:40,951|[TRACE] graph - <--- blankSpacesToSkip
2021-11-19T10:23:40,951|[TRACE] graph - ---> statement
2021-11-19T10:23:40,951|[TRACE] graph - -----> statementFirstPart
2021-11-19T10:23:40,951|[TRACE] graph - -------> nonSkippedChar
2021-11-19T10:23:40,951|[TRACE] script - #out(`U`) [token]
2021-11-19T10:23:40,951|[TRACE] graph - <------- nonSkippedChar
2021-11-19T10:23:40,951|[TRACE] graph - <----- statementFirstPart
2021-11-19T10:23:40,951|[TRACE] graph - -----> statementPart
2021-11-19T10:23:40,951|[TRACE] graph - -------> nonSkippedChar
2021-11-19T10:23:40,951|[TRACE] script - #out(`S`) [token]
2021-11-19T10:23:40,951|[TRACE] graph - <------- nonSkippedChar
2021-11-19T10:23:40,951|[TRACE] graph - <----- statementPart
2021-11-19T10:23:40,951|[TRACE] graph - -----> statementPart
2021-11-19T10:23:40,951|[TRACE] graph - -------> nonSkippedChar
2021-11-19T10:23:40,951|[TRACE] script - #out(`E`) [token]
2021-11-19T10:23:40,951|[TRACE] graph - <------- nonSkippedChar
2021-11-19T10:23:40,951|[TRACE] graph - <----- statementPart
2021-11-19T10:23:40,951|[TRACE] graph - -----> statementPart
2021-11-19T10:23:40,951|[TRACE] graph - -------> nonSkippedSpace
2021-11-19T10:23:40,951|[TRACE] script - #out(` `) [token]
2021-11-19T10:23:40,951|[TRACE] graph - <------- nonSkippedSpace
2021-11-19T10:23:40,951|[TRACE] graph - <----- statementPart
2021-11-19T10:23:40,951|[TRACE] graph - -----> statementPart
2021-11-19T10:23:40,951|[TRACE] graph - -------> quotedString
2021-11-19T10:23:40,951|[TRACE] script - #out(``bloodbank``) [token]
2021-11-19T10:23:40,951|[TRACE] graph - <------- quotedString
2021-11-19T10:23:40,951|[TRACE] graph - <----- statementPart
2021-11-19T10:23:40,951|[TRACE] graph - -----> statementPart
2021-11-19T10:23:40,951|[TRACE] graph - -------> nonSkippedSpace
2021-11-19T10:23:40,951|[TRACE] script - #out(` `) [token]
2021-11-19T10:23:40,951|[TRACE] graph - <------- nonSkippedSpace
2021-11-19T10:23:40,951|[TRACE] graph - <----- statementPart
2021-11-19T10:23:40,951|[DEBUG] graph - Import statement : USE `bloodbank`
2021-11-19T10:23:40,951|[TRACE] graph - <--- statement
2021-11-19T10:23:40,951|[TRACE] graph - ---> blankSpacesToSkip
2021-11-19T10:23:40,951|[TRACE] graph - -----> newLineToSkip
2021-11-19T10:23:40,951|[TRACE] graph - <----- newLineToSkip
2021-11-19T10:23:40,951|[TRACE] graph - -----> newLineToSkip
2021-11-19T10:23:40,951|[TRACE] graph - <----- newLineToSkip
2021-11-19T10:23:40,951|[TRACE] graph - -----> newLineToSkip
2021-11-19T10:23:40,951|[TRACE] graph - <----- newLineToSkip
2021-11-19T10:23:40,951|[TRACE] graph - -----> newLineToSkip
2021-11-19T10:23:40,952|[TRACE] graph - <----- newLineToSkip
2021-11-19T10:23:40,952|[TRACE] graph - -----> newLineToSkip
2021-11-19T10:23:40,952|[TRACE] graph - <----- newLineToSkip
2021-11-19T10:23:40,952|[TRACE] graph - <--- blankSpacesToSkip
2021-11-19T10:23:40,952|[TRACE] graph - ---> statement
2021-11-19T10:23:40,952|[TRACE] graph - -----> statementFirstPart
2021-11-19T10:23:40,952|[TRACE] graph - -------> nonSkippedChar
2021-11-19T10:23:40,952|[TRACE] script - #out(`C`) [token]
2021-11-19T10:23:40,952|[TRACE] graph - <------- nonSkippedChar
2021-11-19T10:23:40,952|[TRACE] graph - <----- statementFirstPart
2021-11-19T10:23:40,952|[TRACE] graph - -----> statementPart
2021-11-19T10:23:40,952|[TRACE] graph - -------> nonSkippedChar
2021-11-19T10:23:40,952|[TRACE] script - #out(`R`) [token]
2021-11-19T10:23:40,952|[TRACE] graph - <------- nonSkippedChar
2021-11-19T10:23:40,952|[TRACE] graph - <----- statementPart
2021-11-19T10:23:40,952|[TRACE] graph - -----> statementPart
2021-11-19T10:23:40,952|[TRACE] graph - -------> nonSkippedChar
2021-11-19T10:23:40,952|[TRACE] script - #out(`E`) [token]
2021-11-19T10:23:40,952|[TRACE] graph - <------- nonSkippedChar
2021-11-19T10:23:40,952|[TRACE] graph - <----- statementPart
2021-11-19T10:23:40,952|[TRACE] graph - -----> statementPart
2021-11-19T10:23:40,952|[TRACE] graph - -------> nonSkippedChar
2021-11-19T10:23:40,952|[TRACE] script - #out(`A`) [token]
2021-11-19T10:23:40,952|[TRACE] graph - <------- nonSkippedChar
2021-11-19T10:23:40,952|[TRACE] graph - <----- statementPart
2021-11-19T10:23:40,952|[TRACE] graph - -----> statementPart
2021-11-19T10:23:40,952|[TRACE] graph - -------> nonSkippedChar
2021-11-19T10:23:40,952|[TRACE] script - #out(`T`) [token]
2021-11-19T10:23:40,952|[TRACE] graph - <------- nonSkippedChar
2021-11-19T10:23:40,952|[TRACE] graph - <----- statementPart
2021-11-19T10:23:40,952|[TRACE] graph - -----> statementPart
2021-11-19T10:23:40,952|[TRACE] graph - -------> nonSkippedChar
2021-11-19T10:23:40,952|[TRACE] script - #out(`E`) [token]
2021-11-19T10:23:40,952|[TRACE] graph - <------- nonSkippedChar
2021-11-19T10:23:40,952|[TRACE] graph - <----- statementPart
2021-11-19T10:23:40,952|[TRACE] graph - -----> statementPart
2021-11-19T10:23:40,952|[TRACE] graph - -------> nonSkippedSpace
2021-11-19T10:23:40,952|[TRACE] script - #out(` `) [token]
2021-11-19T10:23:40,952|[TRACE] graph - <------- nonSkippedSpace
2021-11-19T10:23:40,952|[TRACE] graph - <----- statementPart
2021-11-19T10:23:40,952|[TRACE] graph - -----> statementPart
2021-11-19T10:23:40,952|[TRACE] graph - -------> nonSkippedChar
2021-11-19T10:23:40,952|[TRACE] script - #out(`T`) [token]
2021-11-19T10:23:40,952|[TRACE] graph - <------- nonSkippedChar
2021-11-19T10:23:40,952|[TRACE] graph - <----- statementPart
2021-11-19T10:23:40,952|[TRACE] graph - -----> statementPart
2021-11-19T10:23:40,952|[TRACE] graph - -------> nonSkippedChar
2021-11-19T10:23:40,952|[TRACE] script - #out(`A`) [token]
2021-11-19T10:23:40,952|[TRACE] graph - <------- nonSkippedChar
2021-11-19T10:23:40,952|[TRACE] graph - <----- statementPart
2021-11-19T10:23:40,952|[TRACE] graph - -----> statementPart
2021-11-19T10:23:40,952|[TRACE] graph - -------> nonSkippedChar
2021-11-19T10:23:40,952|[TRACE] script - #out(`B`) [token]
2021-11-19T10:23:40,952|[TRACE] graph - <------- nonSkippedChar
2021-11-19T10:23:40,952|[TRACE] graph - <----- statementPart
2021-11-19T10:23:40,952|[TRACE] graph - -----> statementPart
2021-11-19T10:23:40,952|[TRACE] graph - -------> nonSkippedChar
2021-11-19T10:23:40,952|[TRACE] script - #out(`L`) [token]
2021-11-19T10:23:40,952|[TRACE] graph - <------- nonSkippedChar
2021-11-19T10:23:40,952|[TRACE] graph - <----- statementPart
2021-11-19T10:23:40,952|[TRACE] graph - -----> statementPart
2021-11-19T10:23:40,952|[TRACE] graph - -------> nonSkippedChar
2021-11-19T10:23:40,952|[TRACE] script - #out(`E`) [token]
2021-11-19T10:23:40,952|[TRACE] graph - <------- nonSkippedChar
2021-11-19T10:23:40,952|[TRACE] graph - <----- statementPart
2021-11-19T10:23:40,952|[TRACE] graph - -----> statementPart
2021-11-19T10:23:40,952|[TRACE] graph - -------> nonSkippedSpace
2021-11-19T10:23:40,952|[TRACE] script - #out(` `) [token]
2021-11-19T10:23:40,952|[TRACE] graph - <------- nonSkippedSpace
2021-11-19T10:23:40,952|[TRACE] graph - <----- statementPart
2021-11-19T10:23:40,952|[TRACE] graph - -----> statementPart
2021-11-19T10:23:40,952|[TRACE] graph - -------> nonSkippedChar
2021-11-19T10:23:40,952|[TRACE] script - #out(`I`) [token]
2021-11-19T10:23:40,952|[TRACE] graph - <------- nonSkippedChar
2021-11-19T10:23:40,952|[TRACE] graph - <----- statementPart
2021-11-19T10:23:40,952|[TRACE] graph - -----> statementPart
2021-11-19T10:23:40,952|[TRACE] graph - -------> nonSkippedChar
2021-11-19T10:23:40,952|[TRACE] script - #out(`F`) [token]
2021-11-19T10:23:40,952|[TRACE] graph - <------- nonSkippedChar
2021-11-19T10:23:40,952|[TRACE] graph - <----- statementPart
2021-11-19T10:23:40,952|[TRACE] graph - -----> statementPart
2021-11-19T10:23:40,952|[TRACE] graph - -------> nonSkippedSpace
2021-11-19T10:23:40,952|[TRACE] script - #out(` `) [token]
2021-11-19T10:23:40,952|[TRACE] graph - <------- nonSkippedSpace
2021-11-19T10:23:40,952|[TRACE] graph - <----- statementPart
2021-11-19T10:23:40,952|[TRACE] graph - -----> statementPart
2021-11-19T10:23:40,952|[TRACE] graph - -------> nonSkippedChar
2021-11-19T10:23:40,952|[TRACE] script - #out(`N`) [token]
2021-11-19T10:23:40,952|[TRACE] graph - <------- nonSkippedChar
2021-11-19T10:23:40,952|[TRACE] graph - <----- statementPart
2021-11-19T10:23:40,952|[TRACE] graph - -----> statementPart
2021-11-19T10:23:40,952|[TRACE] graph - -------> nonSkippedChar
2021-11-19T10:23:40,952|[TRACE] script - #out(`O`) [token]
2021-11-19T10:23:40,952|[TRACE] graph - <------- nonSkippedChar
2021-11-19T10:23:40,952|[TRACE] graph - <----- statementPart
2021-11-19T10:23:40,952|[TRACE] graph - -----> statementPart
2021-11-19T10:23:40,952|[TRACE] graph - -------> nonSkippedChar
2021-11-19T10:23:40,952|[TRACE] script - #out(`T`) [token]
2021-11-19T10:23:40,952|[TRACE] graph - <------- nonSkippedChar
2021-11-19T10:23:40,952|[TRACE] graph - <----- statementPart
2021-11-19T10:23:40,952|[TRACE] graph - -----> statementPart
2021-11-19T10:23:40,952|[TRACE] graph - -------> nonSkippedSpace
2021-11-19T10:23:40,952|[TRACE] script - #out(` `) [token]
2021-11-19T10:23:40,952|[TRACE] graph - <------- nonSkippedSpace
2021-11-19T10:23:40,952|[TRACE] graph - <----- statementPart
2021-11-19T10:23:40,952|[TRACE] graph - -----> statementPart
2021-11-19T10:23:40,952|[TRACE] graph - -------> nonSkippedChar
2021-11-19T10:23:40,952|[TRACE] script - #out(`E`) [token]
2021-11-19T10:23:40,952|[TRACE] graph - <------- nonSkippedChar
2021-11-19T10:23:40,952|[TRACE] graph - <----- statementPart
2021-11-19T10:23:40,952|[TRACE] graph - -----> statementPart
2021-11-19T10:23:40,952|[TRACE] graph - -------> nonSkippedChar
2021-11-19T10:23:40,952|[TRACE] script - #out(`X`) [token]
2021-11-19T10:23:40,952|[TRACE] graph - <------- nonSkippedChar
2021-11-19T10:23:40,952|[TRACE] graph - <----- statementPart
2021-11-19T10:23:40,952|[TRACE] graph - -----> statementPart
2021-11-19T10:23:40,952|[TRACE] graph - -------> nonSkippedChar
2021-11-19T10:23:40,952|[TRACE] script - #out(`I`) [token]
2021-11-19T10:23:40,952|[TRACE] graph - <------- nonSkippedChar
2021-11-19T10:23:40,952|[TRACE] graph - <----- statementPart
2021-11-19T10:23:40,952|[TRACE] graph - -----> statementPart
2021-11-19T10:23:40,952|[TRACE] graph - -------> nonSkippedChar
2021-11-19T10:23:40,952|[TRACE] script - #out(`S`) [token]
2021-11-19T10:23:40,952|[TRACE] graph - <------- nonSkippedChar
2021-11-19T10:23:40,952|[TRACE] graph - <----- statementPart
2021-11-19T10:23:40,952|[TRACE] graph - -----> statementPart
2021-11-19T10:23:40,952|[TRACE] graph - -------> nonSkippedChar
2021-11-19T10:23:40,952|[TRACE] script - #out(`T`) [token]
2021-11-19T10:23:40,952|[TRACE] graph - <------- nonSkippedChar
2021-11-19T10:23:40,952|[TRACE] graph - <----- statementPart
2021-11-19T10:23:40,952|[TRACE] graph - -----> statementPart
2021-11-19T10:23:40,952|[TRACE] graph - -------> nonSkippedChar
2021-11-19T10:23:40,952|[TRACE] script - #out(`S`) [token]
2021-11-19T10:23:40,952|[TRACE] graph - <------- nonSkippedChar
2021-11-19T10:23:40,952|[TRACE] graph - <----- statementPart
2021-11-19T10:23:40,952|[TRACE] graph - -----> statementPart
2021-11-19T10:23:40,952|[TRACE] graph - -------> nonSkippedSpace
2021-11-19T10:23:40,952|[TRACE] script - #out(` `) [token]
2021-11-19T10:23:40,952|[TRACE] graph - <------- nonSkippedSpace
2021-11-19T10:23:40,952|[TRACE] graph - <----- statementPart
2021-11-19T10:23:40,952|[TRACE] graph - -----> statementPart
2021-11-19T10:23:40,952|[TRACE] graph - -------> quotedString
2021-11-19T10:23:40,952|[TRACE] script - #out(``bloodbank``) [token]
2021-11-19T10:23:40,952|[TRACE] graph - <------- quotedString
2021-11-19T10:23:40,952|[TRACE] graph - <----- statementPart
2021-11-19T10:23:40,952|[TRACE] graph - -----> statementPart
2021-11-19T10:23:40,952|[TRACE] graph - -------> nonSkippedChar
2021-11-19T10:23:40,952|[TRACE] script - #out(`.`) [token]
2021-11-19T10:23:40,952|[TRACE] graph - <------- nonSkippedChar
2021-11-19T10:23:40,952|[TRACE] graph - <----- statementPart
2021-11-19T10:23:40,952|[TRACE] graph - -----> statementPart
2021-11-19T10:23:40,952|[TRACE] graph - -------> quotedString
2021-11-19T10:23:40,952|[TRACE] script - #out(``person``) [token]
2021-11-19T10:23:40,952|[TRACE] graph - <------- quotedString
2021-11-19T10:23:40,952|[TRACE] graph - <----- statementPart
2021-11-19T10:23:40,952|[TRACE] graph - -----> statementPart
2021-11-19T10:23:40,952|[TRACE] graph - -------> nonSkippedSpace
2021-11-19T10:23:40,952|[TRACE] script - #out(` `) [token]
2021-11-19T10:23:40,952|[TRACE] graph - <------- nonSkippedSpace
2021-11-19T10:23:40,952|[TRACE] graph - <----- statementPart
2021-11-19T10:23:40,952|[TRACE] graph - -----> statementPart
2021-11-19T10:23:40,952|[TRACE] graph - -------> nonSkippedChar
2021-11-19T10:23:40,952|[TRACE] script - #out(`(`) [token]
2021-11-19T10:23:40,952|[TRACE] graph - <------- nonSkippedChar
2021-11-19T10:23:40,952|[TRACE] graph - <----- statementPart
2021-11-19T10:23:40,952|[TRACE] graph - -----> afterStatementPartNewline
2021-11-19T10:23:40,952|[TRACE] script - #out(` `) [text]
2021-11-19T10:23:40,952|[TRACE] graph - <----- afterStatementPartNewline
2021-11-19T10:23:40,952|[TRACE] graph - -----> statementPart
2021-11-19T10:23:40,952|[TRACE] graph - -------> nonSkippedSpace
2021-11-19T10:23:40,952|[TRACE] script - #out(` `) [token]
2021-11-19T10:23:40,952|[TRACE] graph - <------- nonSkippedSpace
2021-11-19T10:23:40,952|[TRACE] graph - <----- statementPart
2021-11-19T10:23:40,952|[TRACE] graph - -----> statementPart
2021-11-19T10:23:40,952|[TRACE] graph - -------> nonSkippedSpace
2021-11-19T10:23:40,952|[TRACE] script - #out(` `) [token]
2021-11-19T10:23:40,952|[TRACE] graph - <------- nonSkippedSpace
2021-11-19T10:23:40,952|[TRACE] graph - <----- statementPart
2021-11-19T10:23:40,952|[TRACE] graph - -----> statementPart
2021-11-19T10:23:40,952|[TRACE] graph - -------> quotedString
2021-11-19T10:23:40,952|[TRACE] script - #out(``id``) [token]
2021-11-19T10:23:40,952|[TRACE] graph - <------- quotedString
2021-11-19T10:23:40,952|[TRACE] graph - <----- statementPart
2021-11-19T10:23:40,952|[TRACE] graph - -----> statementPart
2021-11-19T10:23:40,952|[TRACE] graph - -------> nonSkippedSpace
2021-11-19T10:23:40,952|[TRACE] script - #out(` `) [token]
2021-11-19T10:23:40,952|[TRACE] graph - <------- nonSkippedSpace
2021-11-19T10:23:40,952|[TRACE] graph - <----- statementPart
2021-11-19T10:23:40,952|[TRACE] graph - -----> statementPart
2021-11-19T10:23:40,952|[TRACE] graph - -------> nonSkippedChar
2021-11-19T10:23:40,952|[TRACE] script - #out(`I`) [token]
2021-11-19T10:23:40,952|[TRACE] graph - <------- nonSkippedChar
2021-11-19T10:23:40,952|[TRACE] graph - <----- statementPart
2021-11-19T10:23:40,952|[TRACE] graph - -----> statementPart
2021-11-19T10:23:40,952|[TRACE] graph - -------> nonSkippedChar
2021-11-19T10:23:40,952|[TRACE] script - #out(`N`) [token]
2021-11-19T10:23:40,952|[TRACE] graph - <------- nonSkippedChar
2021-11-19T10:23:40,952|[TRACE] graph - <----- statementPart
2021-11-19T10:23:40,952|[TRACE] graph - -----> statementPart
2021-11-19T10:23:40,952|[TRACE] graph - -------> nonSkippedChar
2021-11-19T10:23:40,952|[TRACE] script - #out(`T`) [token]
2021-11-19T10:23:40,952|[TRACE] graph - <------- nonSkippedChar
2021-11-19T10:23:40,952|[TRACE] graph - <----- statementPart
2021-11-19T10:23:40,953|[TRACE] graph - -----> statementPart
2021-11-19T10:23:40,953|[TRACE] graph - -------> nonSkippedSpace
2021-11-19T10:23:40,953|[TRACE] script - #out(` `) [token]
2021-11-19T10:23:40,953|[TRACE] graph - <------- nonSkippedSpace
2021-11-19T10:23:40,953|[TRACE] graph - <----- statementPart
2021-11-19T10:23:40,953|[TRACE] graph - -----> statementPart
2021-11-19T10:23:40,953|[TRACE] graph - -------> nonSkippedChar
2021-11-19T10:23:40,953|[TRACE] script - #out(`N`) [token]
2021-11-19T10:23:40,953|[TRACE] graph - <------- nonSkippedChar
2021-11-19T10:23:40,953|[TRACE] graph - <----- statementPart
2021-11-19T10:23:40,953|[TRACE] graph - -----> statementPart
2021-11-19T10:23:40,953|[TRACE] graph - -------> nonSkippedChar
2021-11-19T10:23:40,953|[TRACE] script - #out(`O`) [token]
2021-11-19T10:23:40,953|[TRACE] graph - <------- nonSkippedChar
2021-11-19T10:23:40,953|[TRACE] graph - <----- statementPart
2021-11-19T10:23:40,953|[TRACE] graph - -----> statementPart
2021-11-19T10:23:40,953|[TRACE] graph - -------> nonSkippedChar
2021-11-19T10:23:40,953|[TRACE] script - #out(`T`) [token]
2021-11-19T10:23:40,953|[TRACE] graph - <------- nonSkippedChar
2021-11-19T10:23:40,953|[TRACE] graph - <----- statementPart
2021-11-19T10:23:40,953|[TRACE] graph - -----> statementPart
2021-11-19T10:23:40,953|[TRACE] graph - -------> nonSkippedSpace
2021-11-19T10:23:40,953|[TRACE] script - #out(` `) [token]
2021-11-19T10:23:40,953|[TRACE] graph - <------- nonSkippedSpace
2021-11-19T10:23:40,953|[TRACE] graph - <----- statementPart
2021-11-19T10:23:40,953|[TRACE] graph - -----> statementPart
2021-11-19T10:23:40,953|[TRACE] graph - -------> nonSkippedChar
2021-11-19T10:23:40,953|[TRACE] script - #out(`N`) [token]
2021-11-19T10:23:40,953|[TRACE] graph - <------- nonSkippedChar
2021-11-19T10:23:40,953|[TRACE] graph - <----- statementPart
2021-11-19T10:23:40,953|[TRACE] graph - -----> statementPart
2021-11-19T10:23:40,953|[TRACE] graph - -------> nonSkippedChar
2021-11-19T10:23:40,953|[TRACE] script - #out(`U`) [token]
2021-11-19T10:23:40,953|[TRACE] graph - <------- nonSkippedChar
2021-11-19T10:23:40,953|[TRACE] graph - <----- statementPart
2021-11-19T10:23:40,953|[TRACE] graph - -----> statementPart
2021-11-19T10:23:40,953|[TRACE] graph - -------> nonSkippedChar
2021-11-19T10:23:40,953|[TRACE] script - #out(`L`) [token]
2021-11-19T10:23:40,953|[TRACE] graph - <------- nonSkippedChar
2021-11-19T10:23:40,953|[TRACE] graph - <----- statementPart
2021-11-19T10:23:40,953|[TRACE] graph - -----> statementPart
2021-11-19T10:23:40,953|[TRACE] graph - -------> nonSkippedChar
2021-11-19T10:23:40,953|[TRACE] script - #out(`L`) [token]
2021-11-19T10:23:40,953|[TRACE] graph - <------- nonSkippedChar
2021-11-19T10:23:40,953|[TRACE] graph - <----- statementPart
2021-11-19T10:23:40,953|[TRACE] graph - -----> statementPart
2021-11-19T10:23:40,953|[TRACE] graph - -------> nonSkippedSpace
2021-11-19T10:23:40,953|[TRACE] script - #out(` `) [token]
2021-11-19T10:23:40,953|[TRACE] graph - <------- nonSkippedSpace
2021-11-19T10:23:40,953|[TRACE] graph - <----- statementPart
2021-11-19T10:23:40,953|[TRACE] graph - -----> statementPart
2021-11-19T10:23:40,953|[TRACE] graph - -------> nonSkippedChar
2021-11-19T10:23:40,953|[TRACE] script - #out(`A`) [token]
2021-11-19T10:23:40,953|[TRACE] graph - <------- nonSkippedChar
2021-11-19T10:23:40,953|[TRACE] graph - <----- statementPart
2021-11-19T10:23:40,953|[TRACE] graph - -----> statementPart
2021-11-19T10:23:40,953|[TRACE] graph - -------> nonSkippedChar
2021-11-19T10:23:40,953|[TRACE] script - #out(`U`) [token]
2021-11-19T10:23:40,953|[TRACE] graph - <------- nonSkippedChar
2021-11-19T10:23:40,953|[TRACE] graph - <----- statementPart
2021-11-19T10:23:40,953|[TRACE] graph - -----> statementPart
2021-11-19T10:23:40,953|[TRACE] graph - -------> nonSkippedChar
2021-11-19T10:23:40,953|[TRACE] script - #out(`T`) [token]
2021-11-19T10:23:40,953|[TRACE] graph - <------- nonSkippedChar
2021-11-19T10:23:40,953|[TRACE] graph - <----- statementPart
2021-11-19T10:23:40,953|[TRACE] graph - -----> statementPart
2021-11-19T10:23:40,953|[TRACE] graph - -------> nonSkippedChar
2021-11-19T10:23:40,953|[TRACE] script - #out(`O`) [token]
2021-11-19T10:23:40,953|[TRACE] graph - <------- nonSkippedChar
2021-11-19T10:23:40,953|[TRACE] graph - <----- statementPart
2021-11-19T10:23:40,953|[TRACE] graph - -----> statementPart
2021-11-19T10:23:40,953|[TRACE] graph - -------> nonSkippedChar
2021-11-19T10:23:40,953|[TRACE] script - #out(`_`) [token]
2021-11-19T10:23:40,953|[TRACE] graph - <------- nonSkippedChar
2021-11-19T10:23:40,953|[TRACE] graph - <----- statementPart
2021-11-19T10:23:40,953|[TRACE] graph - -----> statementPart
2021-11-19T10:23:40,953|[TRACE] graph - -------> nonSkippedChar
2021-11-19T10:23:40,953|[TRACE] script - #out(`I`) [token]
2021-11-19T10:23:40,953|[TRACE] graph - <------- nonSkippedChar
2021-11-19T10:23:40,953|[TRACE] graph - <----- statementPart
2021-11-19T10:23:40,953|[TRACE] graph - -----> statementPart
2021-11-19T10:23:40,953|[TRACE] graph - -------> nonSkippedChar
2021-11-19T10:23:40,953|[TRACE] script - #out(`N`) [token]
2021-11-19T10:23:40,953|[TRACE] graph - <------- nonSkippedChar
2021-11-19T10:23:40,953|[TRACE] graph - <----- statementPart
2021-11-19T10:23:40,953|[TRACE] graph - -----> statementPart
2021-11-19T10:23:40,953|[TRACE] graph - -------> nonSkippedChar
2021-11-19T10:23:40,953|[TRACE] script - #out(`C`) [token]
2021-11-19T10:23:40,953|[TRACE] graph - <------- nonSkippedChar
2021-11-19T10:23:40,953|[TRACE] graph - <----- statementPart
2021-11-19T10:23:40,953|[TRACE] graph - -----> statementPart
2021-11-19T10:23:40,953|[TRACE] graph - -------> nonSkippedChar
2021-11-19T10:23:40,953|[TRACE] script - #out(`R`) [token]
2021-11-19T10:23:40,953|[TRACE] graph - <------- nonSkippedChar
2021-11-19T10:23:40,953|[TRACE] graph - <----- statementPart
2021-11-19T10:23:40,953|[TRACE] graph - -----> statementPart
2021-11-19T10:23:40,953|[TRACE] graph - -------> nonSkippedChar
2021-11-19T10:23:40,953|[TRACE] script - #out(`E`) [token]
2021-11-19T10:23:40,953|[TRACE] graph - <------- nonSkippedChar
2021-11-19T10:23:40,953|[TRACE] graph - <----- statementPart
2021-11-19T10:23:40,953|[TRACE] graph - -----> statementPart
2021-11-19T10:23:40,953|[TRACE] graph - -------> nonSkippedChar
2021-11-19T10:23:40,953|[TRACE] script - #out(`M`) [token]
2021-11-19T10:23:40,953|[TRACE] graph - <------- nonSkippedChar
2021-11-19T10:23:40,953|[TRACE] graph - <----- statementPart
2021-11-19T10:23:40,953|[TRACE] graph - -----> statementPart
2021-11-19T10:23:40,953|[TRACE] graph - -------> nonSkippedChar
2021-11-19T10:23:40,953|[TRACE] script - #out(`E`) [token]
2021-11-19T10:23:40,953|[TRACE] graph - <------- nonSkippedChar
2021-11-19T10:23:40,953|[TRACE] graph - <----- statementPart
2021-11-19T10:23:40,953|[TRACE] graph - -----> statementPart
2021-11-19T10:23:40,953|[TRACE] graph - -------> nonSkippedChar
2021-11-19T10:23:40,953|[TRACE] script - #out(`N`) [token]
2021-11-19T10:23:40,953|[TRACE] graph - <------- nonSkippedChar
2021-11-19T10:23:40,953|[TRACE] graph - <----- statementPart
2021-11-19T10:23:40,953|[TRACE] graph - -----> statementPart
2021-11-19T10:23:40,953|[TRACE] graph - -------> nonSkippedChar
2021-11-19T10:23:40,953|[TRACE] script - #out(`T`) [token]
2021-11-19T10:23:40,953|[TRACE] graph - <------- nonSkippedChar
2021-11-19T10:23:40,953|[TRACE] graph - <----- statementPart
2021-11-19T10:23:40,953|[TRACE] graph - -----> statementPart
2021-11-19T10:23:40,953|[TRACE] graph - -------> nonSkippedChar
2021-11-19T10:23:40,953|[TRACE] script - #out(`,`) [token]
2021-11-19T10:23:40,953|[TRACE] graph - <------- nonSkippedChar
2021-11-19T10:23:40,953|[TRACE] graph - <----- statementPart
2021-11-19T10:23:40,953|[TRACE] graph - -----> afterStatementPartNewline
2021-11-19T10:23:40,953|[TRACE] script - #out(` `) [text]
2021-11-19T10:23:40,953|[TRACE] graph - <----- afterStatementPartNewline
2021-11-19T10:23:40,953|[TRACE] graph - -----> statementPart
2021-11-19T10:23:40,953|[TRACE] graph - -------> nonSkippedSpace
2021-11-19T10:23:40,953|[TRACE] script - #out(` `) [token]
2021-11-19T10:23:40,953|[TRACE] graph - <------- nonSkippedSpace
2021-11-19T10:23:40,953|[TRACE] graph - <----- statementPart
2021-11-19T10:23:40,953|[TRACE] graph - -----> statementPart
2021-11-19T10:23:40,953|[TRACE] graph - -------> nonSkippedSpace
2021-11-19T10:23:40,953|[TRACE] script - #out(` `) [token]
2021-11-19T10:23:40,953|[TRACE] graph - <------- nonSkippedSpace
2021-11-19T10:23:40,953|[TRACE] graph - <----- statementPart
2021-11-19T10:23:40,953|[TRACE] graph - -----> statementPart
2021-11-19T10:23:40,953|[TRACE] graph - -------> quotedString
2021-11-19T10:23:40,953|[TRACE] script - #out(``first_name``) [token]
2021-11-19T10:23:40,953|[TRACE] graph - <------- quotedString
2021-11-19T10:23:40,953|[TRACE] graph - <----- statementPart
2021-11-19T10:23:40,953|[TRACE] graph - -----> statementPart
2021-11-19T10:23:40,953|[TRACE] graph - -------> nonSkippedSpace
2021-11-19T10:23:40,953|[TRACE] script - #out(` `) [token]
2021-11-19T10:23:40,953|[TRACE] graph - <------- nonSkippedSpace
2021-11-19T10:23:40,953|[TRACE] graph - <----- statementPart
2021-11-19T10:23:40,953|[TRACE] graph - -----> statementPart
2021-11-19T10:23:40,953|[TRACE] graph - -------> nonSkippedChar
2021-11-19T10:23:40,953|[TRACE] script - #out(`V`) [token]
2021-11-19T10:23:40,953|[TRACE] graph - <------- nonSkippedChar
2021-11-19T10:23:40,953|[TRACE] graph - <----- statementPart
2021-11-19T10:23:40,953|[TRACE] graph - -----> statementPart
2021-11-19T10:23:40,953|[TRACE] graph - -------> nonSkippedChar
2021-11-19T10:23:40,953|[TRACE] script - #out(`A`) [token]
2021-11-19T10:23:40,953|[TRACE] graph - <------- nonSkippedChar
2021-11-19T10:23:40,953|[TRACE] graph - <----- statementPart
2021-11-19T10:23:40,953|[TRACE] graph - -----> statementPart
2021-11-19T10:23:40,953|[TRACE] graph - -------> nonSkippedChar
2021-11-19T10:23:40,953|[TRACE] script - #out(`R`) [token]
2021-11-19T10:23:40,953|[TRACE] graph - <------- nonSkippedChar
2021-11-19T10:23:40,953|[TRACE] graph - <----- statementPart
2021-11-19T10:23:40,953|[TRACE] graph - -----> statementPart
2021-11-19T10:23:40,953|[TRACE] graph - -------> nonSkippedChar
2021-11-19T10:23:40,953|[TRACE] script - #out(`C`) [token]
2021-11-19T10:23:40,953|[TRACE] graph - <------- nonSkippedChar
2021-11-19T10:23:40,953|[TRACE] graph - <----- statementPart
2021-11-19T10:23:40,953|[TRACE] graph - -----> statementPart
2021-11-19T10:23:40,953|[TRACE] graph - -------> nonSkippedChar
2021-11-19T10:23:40,953|[TRACE] script - #out(`H`) [token]
2021-11-19T10:23:40,953|[TRACE] graph - <------- nonSkippedChar
2021-11-19T10:23:40,953|[TRACE] graph - <----- statementPart
2021-11-19T10:23:40,953|[TRACE] graph - -----> statementPart
2021-11-19T10:23:40,953|[TRACE] graph - -------> nonSkippedChar
2021-11-19T10:23:40,953|[TRACE] script - #out(`A`) [token]
2021-11-19T10:23:40,953|[TRACE] graph - <------- nonSkippedChar
2021-11-19T10:23:40,953|[TRACE] graph - <----- statementPart
2021-11-19T10:23:40,953|[TRACE] graph - -----> statementPart
2021-11-19T10:23:40,953|[TRACE] graph - -------> nonSkippedChar
2021-11-19T10:23:40,953|[TRACE] script - #out(`R`) [token]
2021-11-19T10:23:40,953|[TRACE] graph - <------- nonSkippedChar
2021-11-19T10:23:40,953|[TRACE] graph - <----- statementPart
2021-11-19T10:23:40,953|[TRACE] graph - -----> statementPart
2021-11-19T10:23:40,953|[TRACE] graph - -------> nonSkippedChar
2021-11-19T10:23:40,953|[TRACE] script - #out(`(`) [token]
2021-11-19T10:23:40,953|[TRACE] graph - <------- nonSkippedChar
2021-11-19T10:23:40,953|[TRACE] graph - <----- statementPart
2021-11-19T10:23:40,953|[TRACE] graph - -----> statementPart
2021-11-19T10:23:40,953|[TRACE] graph - -------> nonSkippedChar
2021-11-19T10:23:40,953|[TRACE] script - #out(`5`) [token]
2021-11-19T10:23:40,953|[TRACE] graph - <------- nonSkippedChar
2021-11-19T10:23:40,953|[TRACE] graph - <----- statementPart
2021-11-19T10:23:40,953|[TRACE] graph - -----> statementPart
2021-11-19T10:23:40,953|[TRACE] graph - -------> nonSkippedChar
2021-11-19T10:23:40,953|[TRACE] script - #out(`0`) [token]
2021-11-19T10:23:40,953|[TRACE] graph - <------- nonSkippedChar
2021-11-19T10:23:40,953|[TRACE] graph - <----- statementPart
2021-11-19T10:23:40,953|[TRACE] graph - -----> statementPart
2021-11-19T10:23:40,953|[TRACE] graph - -------> nonSkippedChar
2021-11-19T10:23:40,953|[TRACE] script - #out(`)`) [token]
2021-11-19T10:23:40,953|[TRACE] graph - <------- nonSkippedChar
2021-11-19T10:23:40,953|[TRACE] graph - <----- statementPart
2021-11-19T10:23:40,953|[TRACE] graph - -----> statementPart
2021-11-19T10:23:40,953|[TRACE] graph - -------> nonSkippedSpace
2021-11-19T10:23:40,953|[TRACE] script - #out(` `) [token]
2021-11-19T10:23:40,953|[TRACE] graph - <------- nonSkippedSpace
2021-11-19T10:23:40,953|[TRACE] graph - <----- statementPart
2021-11-19T10:23:40,953|[TRACE] graph - -----> statementPart
2021-11-19T10:23:40,953|[TRACE] graph - -------> nonSkippedChar
2021-11-19T10:23:40,953|[TRACE] script - #out(`N`) [token]
2021-11-19T10:23:40,953|[TRACE] graph - <------- nonSkippedChar
2021-11-19T10:23:40,953|[TRACE] graph - <----- statementPart
2021-11-19T10:23:40,953|[TRACE] graph - -----> statementPart
2021-11-19T10:23:40,953|[TRACE] graph - -------> nonSkippedChar
2021-11-19T10:23:40,953|[TRACE] script - #out(`O`) [token]
2021-11-19T10:23:40,953|[TRACE] graph - <------- nonSkippedChar
2021-11-19T10:23:40,953|[TRACE] graph - <----- statementPart
2021-11-19T10:23:40,953|[TRACE] graph - -----> statementPart
2021-11-19T10:23:40,953|[TRACE] graph - -------> nonSkippedChar
2021-11-19T10:23:40,953|[TRACE] script - #out(`T`) [token]
2021-11-19T10:23:40,953|[TRACE] graph - <------- nonSkippedChar
2021-11-19T10:23:40,953|[TRACE] graph - <----- statementPart
2021-11-19T10:23:40,953|[TRACE] graph - -----> statementPart
2021-11-19T10:23:40,953|[TRACE] graph - -------> nonSkippedSpace
2021-11-19T10:23:40,953|[TRACE] script - #out(` `) [token]
2021-11-19T10:23:40,953|[TRACE] graph - <------- nonSkippedSpace
2021-11-19T10:23:40,953|[TRACE] graph - <----- statementPart
2021-11-19T10:23:40,953|[TRACE] graph - -----> statementPart
2021-11-19T10:23:40,953|[TRACE] graph - -------> nonSkippedChar
2021-11-19T10:23:40,953|[TRACE] script - #out(`N`) [token]
2021-11-19T10:23:40,953|[TRACE] graph - <------- nonSkippedChar
2021-11-19T10:23:40,953|[TRACE] graph - <----- statementPart
2021-11-19T10:23:40,953|[TRACE] graph - -----> statementPart
2021-11-19T10:23:40,953|[TRACE] graph - -------> nonSkippedChar
2021-11-19T10:23:40,953|[TRACE] script - #out(`U`) [token]
2021-11-19T10:23:40,953|[TRACE] graph - <------- nonSkippedChar
2021-11-19T10:23:40,953|[TRACE] graph - <----- statementPart
2021-11-19T10:23:40,953|[TRACE] graph - -----> statementPart
2021-11-19T10:23:40,953|[TRACE] graph - -------> nonSkippedChar
2021-11-19T10:23:40,953|[TRACE] script - #out(`L`) [token]
2021-11-19T10:23:40,953|[TRACE] graph - <------- nonSkippedChar
2021-11-19T10:23:40,953|[TRACE] graph - <----- statementPart
2021-11-19T10:23:40,953|[TRACE] graph - -----> statementPart
2021-11-19T10:23:40,954|[TRACE] graph - -------> nonSkippedChar
2021-11-19T10:23:40,954|[TRACE] script - #out(`L`) [token]
2021-11-19T10:23:40,954|[TRACE] graph - <------- nonSkippedChar
2021-11-19T10:23:40,954|[TRACE] graph - <----- statementPart
2021-11-19T10:23:40,954|[TRACE] graph - -----> statementPart
2021-11-19T10:23:40,954|[TRACE] graph - -------> nonSkippedChar
2021-11-19T10:23:40,954|[TRACE] script - #out(`,`) [token]
2021-11-19T10:23:40,954|[TRACE] graph - <------- nonSkippedChar
2021-11-19T10:23:40,954|[TRACE] graph - <----- statementPart
2021-11-19T10:23:40,954|[TRACE] graph - -----> afterStatementPartNewline
2021-11-19T10:23:40,954|[TRACE] script - #out(` `) [text]
2021-11-19T10:23:40,954|[TRACE] graph - <----- afterStatementPartNewline
2021-11-19T10:23:40,954|[TRACE] graph - -----> statementPart
2021-11-19T10:23:40,954|[TRACE] graph - -------> nonSkippedSpace
2021-11-19T10:23:40,954|[TRACE] script - #out(` `) [token]
2021-11-19T10:23:40,954|[TRACE] graph - <------- nonSkippedSpace
2021-11-19T10:23:40,954|[TRACE] graph - <----- statementPart
2021-11-19T10:23:40,954|[TRACE] graph - -----> statementPart
2021-11-19T10:23:40,954|[TRACE] graph - -------> nonSkippedSpace
2021-11-19T10:23:40,954|[TRACE] script - #out(` `) [token]
2021-11-19T10:23:40,954|[TRACE] graph - <------- nonSkippedSpace
2021-11-19T10:23:40,954|[TRACE] graph - <----- statementPart
2021-11-19T10:23:40,954|[TRACE] graph - -----> statementPart
2021-11-19T10:23:40,954|[TRACE] graph - -------> quotedString
2021-11-19T10:23:40,954|[TRACE] script - #out(``last_name``) [token]
2021-11-19T10:23:40,954|[TRACE] graph - <------- quotedString
2021-11-19T10:23:40,954|[TRACE] graph - <----- statementPart
2021-11-19T10:23:40,954|[TRACE] graph - -----> statementPart
2021-11-19T10:23:40,954|[TRACE] graph - -------> nonSkippedSpace
2021-11-19T10:23:40,954|[TRACE] script - #out(` `) [token]
2021-11-19T10:23:40,954|[TRACE] graph - <------- nonSkippedSpace
2021-11-19T10:23:40,954|[TRACE] graph - <----- statementPart
2021-11-19T10:23:40,954|[TRACE] graph - -----> statementPart
2021-11-19T10:23:40,954|[TRACE] graph - -------> nonSkippedChar
2021-11-19T10:23:40,954|[TRACE] script - #out(`V`) [token]
2021-11-19T10:23:40,954|[TRACE] graph - <------- nonSkippedChar
2021-11-19T10:23:40,954|[TRACE] graph - <----- statementPart
2021-11-19T10:23:40,954|[TRACE] graph - -----> statementPart
2021-11-19T10:23:40,954|[TRACE] graph - -------> nonSkippedChar
2021-11-19T10:23:40,954|[TRACE] script - #out(`A`) [token]
2021-11-19T10:23:40,954|[TRACE] graph - <------- nonSkippedChar
2021-11-19T10:23:40,954|[TRACE] graph - <----- statementPart
2021-11-19T10:23:40,954|[TRACE] graph - -----> statementPart
2021-11-19T10:23:40,954|[TRACE] graph - -------> nonSkippedChar
2021-11-19T10:23:40,954|[TRACE] script - #out(`R`) [token]
2021-11-19T10:23:40,954|[TRACE] graph - <------- nonSkippedChar
2021-11-19T10:23:40,954|[TRACE] graph - <----- statementPart
2021-11-19T10:23:40,954|[TRACE] graph - -----> statementPart
2021-11-19T10:23:40,954|[TRACE] graph - -------> nonSkippedChar
2021-11-19T10:23:40,954|[TRACE] script - #out(`C`) [token]
2021-11-19T10:23:40,954|[TRACE] graph - <------- nonSkippedChar
2021-11-19T10:23:40,954|[TRACE] graph - <----- statementPart
2021-11-19T10:23:40,954|[TRACE] graph - -----> statementPart
2021-11-19T10:23:40,954|[TRACE] graph - -------> nonSkippedChar
2021-11-19T10:23:40,954|[TRACE] script - #out(`H`) [token]
2021-11-19T10:23:40,954|[TRACE] graph - <------- nonSkippedChar
2021-11-19T10:23:40,954|[TRACE] graph - <----- statementPart
2021-11-19T10:23:40,954|[TRACE] graph - -----> statementPart
2021-11-19T10:23:40,954|[TRACE] graph - -------> nonSkippedChar
2021-11-19T10:23:40,954|[TRACE] script - #out(`A`) [token]
2021-11-19T10:23:40,954|[TRACE] graph - <------- nonSkippedChar
2021-11-19T10:23:40,954|[TRACE] graph - <----- statementPart
2021-11-19T10:23:40,954|[TRACE] graph - -----> statementPart
2021-11-19T10:23:40,954|[TRACE] graph - -------> nonSkippedChar
2021-11-19T10:23:40,954|[TRACE] script - #out(`R`) [token]
2021-11-19T10:23:40,954|[TRACE] graph - <------- nonSkippedChar
2021-11-19T10:23:40,954|[TRACE] graph - <----- statementPart
2021-11-19T10:23:40,954|[TRACE] graph - -----> statementPart
2021-11-19T10:23:40,954|[TRACE] graph - -------> nonSkippedChar
2021-11-19T10:23:40,954|[TRACE] script - #out(`(`) [token]
2021-11-19T10:23:40,954|[TRACE] graph - <------- nonSkippedChar
2021-11-19T10:23:40,954|[TRACE] graph - <----- statementPart
2021-11-19T10:23:40,954|[TRACE] graph - -----> statementPart
2021-11-19T10:23:40,954|[TRACE] graph - -------> nonSkippedChar
2021-11-19T10:23:40,954|[TRACE] script - #out(`5`) [token]
2021-11-19T10:23:40,954|[TRACE] graph - <------- nonSkippedChar
2021-11-19T10:23:40,954|[TRACE] graph - <----- statementPart
2021-11-19T10:23:40,954|[TRACE] graph - -----> statementPart
2021-11-19T10:23:40,954|[TRACE] graph - -------> nonSkippedChar
2021-11-19T10:23:40,954|[TRACE] script - #out(`0`) [token]
2021-11-19T10:23:40,954|[TRACE] graph - <------- nonSkippedChar
2021-11-19T10:23:40,954|[TRACE] graph - <----- statementPart
2021-11-19T10:23:40,954|[TRACE] graph - -----> statementPart
2021-11-19T10:23:40,954|[TRACE] graph - -------> nonSkippedChar
2021-11-19T10:23:40,954|[TRACE] script - #out(`)`) [token]
2021-11-19T10:23:40,954|[TRACE] graph - <------- nonSkippedChar
2021-11-19T10:23:40,954|[TRACE] graph - <----- statementPart
2021-11-19T10:23:40,954|[TRACE] graph - -----> statementPart
2021-11-19T10:23:40,954|[TRACE] graph - -------> nonSkippedSpace
2021-11-19T10:23:40,954|[TRACE] script - #out(` `) [token]
2021-11-19T10:23:40,954|[TRACE] graph - <------- nonSkippedSpace
2021-11-19T10:23:40,954|[TRACE] graph - <----- statementPart
2021-11-19T10:23:40,954|[TRACE] graph - -----> statementPart
2021-11-19T10:23:40,954|[TRACE] graph - -------> nonSkippedChar
2021-11-19T10:23:40,954|[TRACE] script - #out(`N`) [token]
2021-11-19T10:23:40,954|[TRACE] graph - <------- nonSkippedChar
2021-11-19T10:23:40,954|[TRACE] graph - <----- statementPart
2021-11-19T10:23:40,954|[TRACE] graph - -----> statementPart
2021-11-19T10:23:40,954|[TRACE] graph - -------> nonSkippedChar
2021-11-19T10:23:40,954|[TRACE] script - #out(`O`) [token]
2021-11-19T10:23:40,954|[TRACE] graph - <------- nonSkippedChar
2021-11-19T10:23:40,954|[TRACE] graph - <----- statementPart
2021-11-19T10:23:40,954|[TRACE] graph - -----> statementPart
2021-11-19T10:23:40,954|[TRACE] graph - -------> nonSkippedChar
2021-11-19T10:23:40,954|[TRACE] script - #out(`T`) [token]
2021-11-19T10:23:40,954|[TRACE] graph - <------- nonSkippedChar
2021-11-19T10:23:40,954|[TRACE] graph - <----- statementPart
2021-11-19T10:23:40,954|[TRACE] graph - -----> statementPart
2021-11-19T10:23:40,954|[TRACE] graph - -------> nonSkippedSpace
2021-11-19T10:23:40,954|[TRACE] script - #out(` `) [token]
2021-11-19T10:23:40,954|[TRACE] graph - <------- nonSkippedSpace
2021-11-19T10:23:40,954|[TRACE] graph - <----- statementPart
2021-11-19T10:23:40,954|[TRACE] graph - -----> statementPart
2021-11-19T10:23:40,954|[TRACE] graph - -------> nonSkippedChar
2021-11-19T10:23:40,954|[TRACE] script - #out(`N`) [token]
2021-11-19T10:23:40,954|[TRACE] graph - <------- nonSkippedChar
2021-11-19T10:23:40,954|[TRACE] graph - <----- statementPart
2021-11-19T10:23:40,954|[TRACE] graph - -----> statementPart
2021-11-19T10:23:40,954|[TRACE] graph - -------> nonSkippedChar
2021-11-19T10:23:40,954|[TRACE] script - #out(`U`) [token]
2021-11-19T10:23:40,954|[TRACE] graph - <------- nonSkippedChar
2021-11-19T10:23:40,954|[TRACE] graph - <----- statementPart
2021-11-19T10:23:40,954|[TRACE] graph - -----> statementPart
2021-11-19T10:23:40,954|[TRACE] graph - -------> nonSkippedChar
2021-11-19T10:23:40,954|[TRACE] script - #out(`L`) [token]
2021-11-19T10:23:40,954|[TRACE] graph - <------- nonSkippedChar
2021-11-19T10:23:40,954|[TRACE] graph - <----- statementPart
2021-11-19T10:23:40,954|[TRACE] graph - -----> statementPart
2021-11-19T10:23:40,954|[TRACE] graph - -------> nonSkippedChar
2021-11-19T10:23:40,954|[TRACE] script - #out(`L`) [token]
2021-11-19T10:23:40,954|[TRACE] graph - <------- nonSkippedChar
2021-11-19T10:23:40,954|[TRACE] graph - <----- statementPart
2021-11-19T10:23:40,954|[TRACE] graph - -----> statementPart
2021-11-19T10:23:40,954|[TRACE] graph - -------> nonSkippedChar
2021-11-19T10:23:40,954|[TRACE] script - #out(`,`) [token]
2021-11-19T10:23:40,954|[TRACE] graph - <------- nonSkippedChar
2021-11-19T10:23:40,954|[TRACE] graph - <----- statementPart
2021-11-19T10:23:40,954|[TRACE] graph - -----> afterStatementPartNewline
2021-11-19T10:23:40,954|[TRACE] script - #out(` `) [text]
2021-11-19T10:23:40,954|[TRACE] graph - <----- afterStatementPartNewline
2021-11-19T10:23:40,954|[TRACE] graph - -----> statementPart
2021-11-19T10:23:40,954|[TRACE] graph - -------> nonSkippedSpace
2021-11-19T10:23:40,954|[TRACE] script - #out(` `) [token]
2021-11-19T10:23:40,954|[TRACE] graph - <------- nonSkippedSpace
2021-11-19T10:23:40,954|[TRACE] graph - <----- statementPart
2021-11-19T10:23:40,954|[TRACE] graph - -----> statementPart
2021-11-19T10:23:40,954|[TRACE] graph - -------> nonSkippedSpace
2021-11-19T10:23:40,954|[TRACE] script - #out(` `) [token]
2021-11-19T10:23:40,954|[TRACE] graph - <------- nonSkippedSpace
2021-11-19T10:23:40,954|[TRACE] graph - <----- statementPart
2021-11-19T10:23:40,954|[TRACE] graph - -----> statementPart
2021-11-19T10:23:40,954|[TRACE] graph - -------> quotedString
2021-11-19T10:23:40,954|[TRACE] script - #out(``created``) [token]
2021-11-19T10:23:40,954|[TRACE] graph - <------- quotedString
2021-11-19T10:23:40,954|[TRACE] graph - <----- statementPart
2021-11-19T10:23:40,954|[TRACE] graph - -----> statementPart
2021-11-19T10:23:40,954|[TRACE] graph - -------> nonSkippedSpace
2021-11-19T10:23:40,954|[TRACE] script - #out(` `) [token]
2021-11-19T10:23:40,954|[TRACE] graph - <------- nonSkippedSpace
2021-11-19T10:23:40,954|[TRACE] graph - <----- statementPart
2021-11-19T10:23:40,954|[TRACE] graph - -----> statementPart
2021-11-19T10:23:40,954|[TRACE] graph - -------> nonSkippedChar
2021-11-19T10:23:40,954|[TRACE] script - #out(`B`) [token]
2021-11-19T10:23:40,954|[TRACE] graph - <------- nonSkippedChar
2021-11-19T10:23:40,954|[TRACE] graph - <----- statementPart
2021-11-19T10:23:40,954|[TRACE] graph - -----> statementPart
2021-11-19T10:23:40,954|[TRACE] graph - -------> nonSkippedChar
2021-11-19T10:23:40,954|[TRACE] script - #out(`I`) [token]
2021-11-19T10:23:40,954|[TRACE] graph - <------- nonSkippedChar
2021-11-19T10:23:40,954|[TRACE] graph - <----- statementPart
2021-11-19T10:23:40,954|[TRACE] graph - -----> statementPart
2021-11-19T10:23:40,954|[TRACE] graph - -------> nonSkippedChar
2021-11-19T10:23:40,954|[TRACE] script - #out(`G`) [token]
2021-11-19T10:23:40,954|[TRACE] graph - <------- nonSkippedChar
2021-11-19T10:23:40,954|[TRACE] graph - <----- statementPart
2021-11-19T10:23:40,954|[TRACE] graph - -----> statementPart
2021-11-19T10:23:40,954|[TRACE] graph - -------> nonSkippedChar
2021-11-19T10:23:40,954|[TRACE] script - #out(`I`) [token]
2021-11-19T10:23:40,954|[TRACE] graph - <------- nonSkippedChar
2021-11-19T10:23:40,954|[TRACE] graph - <----- statementPart
2021-11-19T10:23:40,954|[TRACE] graph - -----> statementPart
2021-11-19T10:23:40,954|[TRACE] graph - -------> nonSkippedChar
2021-11-19T10:23:40,954|[TRACE] script - #out(`N`) [token]
2021-11-19T10:23:40,954|[TRACE] graph - <------- nonSkippedChar
2021-11-19T10:23:40,954|[TRACE] graph - <----- statementPart
2021-11-19T10:23:40,954|[TRACE] graph - -----> statementPart
2021-11-19T10:23:40,954|[TRACE] graph - -------> nonSkippedChar
2021-11-19T10:23:40,954|[TRACE] script - #out(`T`) [token]
2021-11-19T10:23:40,954|[TRACE] graph - <------- nonSkippedChar
2021-11-19T10:23:40,954|[TRACE] graph - <----- statementPart
2021-11-19T10:23:40,954|[TRACE] graph - -----> statementPart
2021-11-19T10:23:40,954|[TRACE] graph - -------> nonSkippedSpace
2021-11-19T10:23:40,954|[TRACE] script - #out(` `) [token]
2021-11-19T10:23:40,954|[TRACE] graph - <------- nonSkippedSpace
2021-11-19T10:23:40,954|[TRACE] graph - <----- statementPart
2021-11-19T10:23:40,954|[TRACE] graph - -----> statementPart
2021-11-19T10:23:40,954|[TRACE] graph - -------> nonSkippedChar
2021-11-19T10:23:40,954|[TRACE] script - #out(`N`) [token]
2021-11-19T10:23:40,954|[TRACE] graph - <------- nonSkippedChar
2021-11-19T10:23:40,954|[TRACE] graph - <----- statementPart
2021-11-19T10:23:40,954|[TRACE] graph - -----> statementPart
2021-11-19T10:23:40,954|[TRACE] graph - -------> nonSkippedChar
2021-11-19T10:23:40,954|[TRACE] script - #out(`O`) [token]
2021-11-19T10:23:40,954|[TRACE] graph - <------- nonSkippedChar
2021-11-19T10:23:40,954|[TRACE] graph - <----- statementPart
2021-11-19T10:23:40,954|[TRACE] graph - -----> statementPart
2021-11-19T10:23:40,954|[TRACE] graph - -------> nonSkippedChar
2021-11-19T10:23:40,954|[TRACE] script - #out(`T`) [token]
2021-11-19T10:23:40,954|[TRACE] graph - <------- nonSkippedChar
2021-11-19T10:23:40,954|[TRACE] graph - <----- statementPart
2021-11-19T10:23:40,954|[TRACE] graph - -----> statementPart
2021-11-19T10:23:40,954|[TRACE] graph - -------> nonSkippedSpace
2021-11-19T10:23:40,954|[TRACE] script - #out(` `) [token]
2021-11-19T10:23:40,954|[TRACE] graph - <------- nonSkippedSpace
2021-11-19T10:23:40,955|[TRACE] graph - <----- statementPart
2021-11-19T10:23:40,955|[TRACE] graph - -----> statementPart
2021-11-19T10:23:40,955|[TRACE] graph - -------> nonSkippedChar
2021-11-19T10:23:40,955|[TRACE] script - #out(`N`) [token]
2021-11-19T10:23:40,955|[TRACE] graph - <------- nonSkippedChar
2021-11-19T10:23:40,955|[TRACE] graph - <----- statementPart
2021-11-19T10:23:40,955|[TRACE] graph - -----> statementPart
2021-11-19T10:23:40,955|[TRACE] graph - -------> nonSkippedChar
2021-11-19T10:23:40,955|[TRACE] script - #out(`U`) [token]
2021-11-19T10:23:40,955|[TRACE] graph - <------- nonSkippedChar
2021-11-19T10:23:40,955|[TRACE] graph - <----- statementPart
2021-11-19T10:23:40,955|[TRACE] graph - -----> statementPart
2021-11-19T10:23:40,955|[TRACE] graph - -------> nonSkippedChar
2021-11-19T10:23:40,955|[TRACE] script - #out(`L`) [token]
2021-11-19T10:23:40,955|[TRACE] graph - <------- nonSkippedChar
2021-11-19T10:23:40,955|[TRACE] graph - <----- statementPart
2021-11-19T10:23:40,955|[TRACE] graph - -----> statementPart
2021-11-19T10:23:40,955|[TRACE] graph - -------> nonSkippedChar
2021-11-19T10:23:40,955|[TRACE] script - #out(`L`) [token]
2021-11-19T10:23:40,955|[TRACE] graph - <------- nonSkippedChar
2021-11-19T10:23:40,955|[TRACE] graph - <----- statementPart
2021-11-19T10:23:40,955|[TRACE] graph - -----> statementPart
2021-11-19T10:23:40,955|[TRACE] graph - -------> nonSkippedSpace
2021-11-19T10:23:40,955|[TRACE] script - #out(` `) [token]
2021-11-19T10:23:40,955|[TRACE] graph - <------- nonSkippedSpace
2021-11-19T10:23:40,955|[TRACE] graph - <----- statementPart
2021-11-19T10:23:40,955|[TRACE] graph - -----> statementPart
2021-11-19T10:23:40,955|[TRACE] graph - -------> nonSkippedChar
2021-11-19T10:23:40,955|[TRACE] script - #out(`D`) [token]
2021-11-19T10:23:40,955|[TRACE] graph - <------- nonSkippedChar
2021-11-19T10:23:40,955|[TRACE] graph - <----- statementPart
2021-11-19T10:23:40,955|[TRACE] graph - -----> statementPart
2021-11-19T10:23:40,955|[TRACE] graph - -------> nonSkippedChar
2021-11-19T10:23:40,955|[TRACE] script - #out(`E`) [token]
2021-11-19T10:23:40,955|[TRACE] graph - <------- nonSkippedChar
2021-11-19T10:23:40,955|[TRACE] graph - <----- statementPart
2021-11-19T10:23:40,955|[TRACE] graph - -----> statementPart
2021-11-19T10:23:40,955|[TRACE] graph - -------> nonSkippedChar
2021-11-19T10:23:40,955|[TRACE] script - #out(`F`) [token]
2021-11-19T10:23:40,955|[TRACE] graph - <------- nonSkippedChar
2021-11-19T10:23:40,955|[TRACE] graph - <----- statementPart
2021-11-19T10:23:40,955|[TRACE] graph - -----> statementPart
2021-11-19T10:23:40,955|[TRACE] graph - -------> nonSkippedChar
2021-11-19T10:23:40,955|[TRACE] script - #out(`A`) [token]
2021-11-19T10:23:40,955|[TRACE] graph - <------- nonSkippedChar
2021-11-19T10:23:40,955|[TRACE] graph - <----- statementPart
2021-11-19T10:23:40,955|[TRACE] graph - -----> statementPart
2021-11-19T10:23:40,955|[TRACE] graph - -------> nonSkippedChar
2021-11-19T10:23:40,955|[TRACE] script - #out(`U`) [token]
2021-11-19T10:23:40,955|[TRACE] graph - <------- nonSkippedChar
2021-11-19T10:23:40,955|[TRACE] graph - <----- statementPart
2021-11-19T10:23:40,955|[TRACE] graph - -----> statementPart
2021-11-19T10:23:40,955|[TRACE] graph - -------> nonSkippedChar
2021-11-19T10:23:40,955|[TRACE] script - #out(`L`) [token]
2021-11-19T10:23:40,955|[TRACE] graph - <------- nonSkippedChar
2021-11-19T10:23:40,955|[TRACE] graph - <----- statementPart
2021-11-19T10:23:40,955|[TRACE] graph - -----> statementPart
2021-11-19T10:23:40,955|[TRACE] graph - -------> nonSkippedChar
2021-11-19T10:23:40,955|[TRACE] script - #out(`T`) [token]
2021-11-19T10:23:40,955|[TRACE] graph - <------- nonSkippedChar
2021-11-19T10:23:40,955|[TRACE] graph - <----- statementPart
2021-11-19T10:23:40,955|[TRACE] graph - -----> statementPart
2021-11-19T10:23:40,955|[TRACE] graph - -------> nonSkippedSpace
2021-11-19T10:23:40,955|[TRACE] script - #out(` `) [token]
2021-11-19T10:23:40,955|[TRACE] graph - <------- nonSkippedSpace
2021-11-19T10:23:40,955|[TRACE] graph - <----- statementPart
2021-11-19T10:23:40,955|[TRACE] graph - -----> statementPart
2021-11-19T10:23:40,955|[TRACE] graph - -------> nonSkippedChar
2021-11-19T10:23:40,955|[TRACE] script - #out(`(`) [token]
2021-11-19T10:23:40,955|[TRACE] graph - <------- nonSkippedChar
2021-11-19T10:23:40,955|[TRACE] graph - <----- statementPart
2021-11-19T10:23:40,955|[TRACE] graph - -----> statementPart
2021-11-19T10:23:40,955|[TRACE] graph - -------> nonSkippedChar
2021-11-19T10:23:40,955|[TRACE] script - #out(`u`) [token]
2021-11-19T10:23:40,955|[TRACE] graph - <------- nonSkippedChar
2021-11-19T10:23:40,955|[TRACE] graph - <----- statementPart
2021-11-19T10:23:40,955|[TRACE] graph - -----> statementPart
2021-11-19T10:23:40,955|[TRACE] graph - -------> nonSkippedChar
2021-11-19T10:23:40,955|[TRACE] script - #out(`n`) [token]
2021-11-19T10:23:40,955|[TRACE] graph - <------- nonSkippedChar
2021-11-19T10:23:40,955|[TRACE] graph - <----- statementPart
2021-11-19T10:23:40,955|[TRACE] graph - -----> statementPart
2021-11-19T10:23:40,955|[TRACE] graph - -------> nonSkippedChar
2021-11-19T10:23:40,955|[TRACE] script - #out(`i`) [token]
2021-11-19T10:23:40,955|[TRACE] graph - <------- nonSkippedChar
2021-11-19T10:23:40,955|[TRACE] graph - <----- statementPart
2021-11-19T10:23:40,955|[TRACE] graph - -----> statementPart
2021-11-19T10:23:40,955|[TRACE] graph - -------> nonSkippedChar
2021-11-19T10:23:40,955|[TRACE] script - #out(`x`) [token]
2021-11-19T10:23:40,955|[TRACE] graph - <------- nonSkippedChar
2021-11-19T10:23:40,955|[TRACE] graph - <----- statementPart
2021-11-19T10:23:40,955|[TRACE] graph - -----> statementPart
2021-11-19T10:23:40,955|[TRACE] graph - -------> nonSkippedChar
2021-11-19T10:23:40,955|[TRACE] script - #out(`_`) [token]
2021-11-19T10:23:40,955|[TRACE] graph - <------- nonSkippedChar
2021-11-19T10:23:40,955|[TRACE] graph - <----- statementPart
2021-11-19T10:23:40,955|[TRACE] graph - -----> statementPart
2021-11-19T10:23:40,955|[TRACE] graph - -------> nonSkippedChar
2021-11-19T10:23:40,955|[TRACE] script - #out(`t`) [token]
2021-11-19T10:23:40,955|[TRACE] graph - <------- nonSkippedChar
2021-11-19T10:23:40,955|[TRACE] graph - <----- statementPart
2021-11-19T10:23:40,955|[TRACE] graph - -----> statementPart
2021-11-19T10:23:40,955|[TRACE] graph - -------> nonSkippedChar
2021-11-19T10:23:40,955|[TRACE] script - #out(`i`) [token]
2021-11-19T10:23:40,955|[TRACE] graph - <------- nonSkippedChar
2021-11-19T10:23:40,955|[TRACE] graph - <----- statementPart
2021-11-19T10:23:40,955|[TRACE] graph - -----> statementPart
2021-11-19T10:23:40,955|[TRACE] graph - -------> nonSkippedChar
2021-11-19T10:23:40,955|[TRACE] script - #out(`m`) [token]
2021-11-19T10:23:40,955|[TRACE] graph - <------- nonSkippedChar
2021-11-19T10:23:40,955|[TRACE] graph - <----- statementPart
2021-11-19T10:23:40,955|[TRACE] graph - -----> statementPart
2021-11-19T10:23:40,955|[TRACE] graph - -------> nonSkippedChar
2021-11-19T10:23:40,955|[TRACE] script - #out(`e`) [token]
2021-11-19T10:23:40,955|[TRACE] graph - <------- nonSkippedChar
2021-11-19T10:23:40,955|[TRACE] graph - <----- statementPart
2021-11-19T10:23:40,955|[TRACE] graph - -----> statementPart
2021-11-19T10:23:40,955|[TRACE] graph - -------> nonSkippedChar
2021-11-19T10:23:40,955|[TRACE] script - #out(`s`) [token]
2021-11-19T10:23:40,955|[TRACE] graph - <------- nonSkippedChar
2021-11-19T10:23:40,955|[TRACE] graph - <----- statementPart
2021-11-19T10:23:40,955|[TRACE] graph - -----> statementPart
2021-11-19T10:23:40,955|[TRACE] graph - -------> nonSkippedChar
2021-11-19T10:23:40,955|[TRACE] script - #out(`t`) [token]
2021-11-19T10:23:40,955|[TRACE] graph - <------- nonSkippedChar
2021-11-19T10:23:40,955|[TRACE] graph - <----- statementPart
2021-11-19T10:23:40,955|[TRACE] graph - -----> statementPart
2021-11-19T10:23:40,955|[TRACE] graph - -------> nonSkippedChar
2021-11-19T10:23:40,955|[TRACE] script - #out(`a`) [token]
2021-11-19T10:23:40,955|[TRACE] graph - <------- nonSkippedChar
2021-11-19T10:23:40,955|[TRACE] graph - <----- statementPart
2021-11-19T10:23:40,955|[TRACE] graph - -----> statementPart
2021-11-19T10:23:40,955|[TRACE] graph - -------> nonSkippedChar
2021-11-19T10:23:40,955|[TRACE] script - #out(`m`) [token]
2021-11-19T10:23:40,955|[TRACE] graph - <------- nonSkippedChar
2021-11-19T10:23:40,955|[TRACE] graph - <----- statementPart
2021-11-19T10:23:40,955|[TRACE] graph - -----> statementPart
2021-11-19T10:23:40,955|[TRACE] graph - -------> nonSkippedChar
2021-11-19T10:23:40,955|[TRACE] script - #out(`p`) [token]
2021-11-19T10:23:40,955|[TRACE] graph - <------- nonSkippedChar
2021-11-19T10:23:40,955|[TRACE] graph - <----- statementPart
2021-11-19T10:23:40,955|[TRACE] graph - -----> statementPart
2021-11-19T10:23:40,955|[TRACE] graph - -------> nonSkippedChar
2021-11-19T10:23:40,955|[TRACE] script - #out(`(`) [token]
2021-11-19T10:23:40,955|[TRACE] graph - <------- nonSkippedChar
2021-11-19T10:23:40,955|[TRACE] graph - <----- statementPart
2021-11-19T10:23:40,955|[TRACE] graph - -----> statementPart
2021-11-19T10:23:40,955|[TRACE] graph - -------> nonSkippedChar
2021-11-19T10:23:40,955|[TRACE] script - #out(`n`) [token]
2021-11-19T10:23:40,955|[TRACE] graph - <------- nonSkippedChar
2021-11-19T10:23:40,955|[TRACE] graph - <----- statementPart
2021-11-19T10:23:40,955|[TRACE] graph - -----> statementPart
2021-11-19T10:23:40,955|[TRACE] graph - -------> nonSkippedChar
2021-11-19T10:23:40,955|[TRACE] script - #out(`o`) [token]
2021-11-19T10:23:40,955|[TRACE] graph - <------- nonSkippedChar
2021-11-19T10:23:40,955|[TRACE] graph - <----- statementPart
2021-11-19T10:23:40,955|[TRACE] graph - -----> statementPart
2021-11-19T10:23:40,955|[TRACE] graph - -------> nonSkippedChar
2021-11-19T10:23:40,955|[TRACE] script - #out(`w`) [token]
2021-11-19T10:23:40,955|[TRACE] graph - <------- nonSkippedChar
2021-11-19T10:23:40,955|[TRACE] graph - <----- statementPart
2021-11-19T10:23:40,955|[TRACE] graph - -----> statementPart
2021-11-19T10:23:40,955|[TRACE] graph - -------> nonSkippedChar
2021-11-19T10:23:40,955|[TRACE] script - #out(`(`) [token]
2021-11-19T10:23:40,955|[TRACE] graph - <------- nonSkippedChar
2021-11-19T10:23:40,955|[TRACE] graph - <----- statementPart
2021-11-19T10:23:40,955|[TRACE] graph - -----> statementPart
2021-11-19T10:23:40,955|[TRACE] graph - -------> nonSkippedChar
2021-11-19T10:23:40,955|[TRACE] script - #out(`)`) [token]
2021-11-19T10:23:40,955|[TRACE] graph - <------- nonSkippedChar
2021-11-19T10:23:40,955|[TRACE] graph - <----- statementPart
2021-11-19T10:23:40,955|[TRACE] graph - -----> statementPart
2021-11-19T10:23:40,955|[TRACE] graph - -------> nonSkippedChar
2021-11-19T10:23:40,955|[TRACE] script - #out(`)`) [token]
2021-11-19T10:23:40,955|[TRACE] graph - <------- nonSkippedChar
2021-11-19T10:23:40,955|[TRACE] graph - <----- statementPart
2021-11-19T10:23:40,955|[TRACE] graph - -----> statementPart
2021-11-19T10:23:40,955|[TRACE] graph - -------> nonSkippedSpace
2021-11-19T10:23:40,955|[TRACE] script - #out(` `) [token]
2021-11-19T10:23:40,955|[TRACE] graph - <------- nonSkippedSpace
2021-11-19T10:23:40,955|[TRACE] graph - <----- statementPart
2021-11-19T10:23:40,955|[TRACE] graph - -----> statementPart
2021-11-19T10:23:40,955|[TRACE] graph - -------> nonSkippedChar
2021-11-19T10:23:40,956|[TRACE] script - #out(`*`) [token]
2021-11-19T10:23:40,956|[TRACE] graph - <------- nonSkippedChar
2021-11-19T10:23:40,956|[TRACE] graph - <----- statementPart
2021-11-19T10:23:40,956|[TRACE] graph - -----> statementPart
2021-11-19T10:23:40,956|[TRACE] graph - -------> nonSkippedSpace
2021-11-19T10:23:40,956|[TRACE] script - #out(` `) [token]
2021-11-19T10:23:40,956|[TRACE] graph - <------- nonSkippedSpace
2021-11-19T10:23:40,956|[TRACE] graph - <----- statementPart
2021-11-19T10:23:40,956|[TRACE] graph - -----> statementPart
2021-11-19T10:23:40,956|[TRACE] graph - -------> nonSkippedChar
2021-11-19T10:23:40,956|[TRACE] script - #out(`1`) [token]
2021-11-19T10:23:40,956|[TRACE] graph - <------- nonSkippedChar
2021-11-19T10:23:40,956|[TRACE] graph - <----- statementPart
2021-11-19T10:23:40,956|[TRACE] graph - -----> statementPart
2021-11-19T10:23:40,956|[TRACE] graph - -------> nonSkippedChar
2021-11-19T10:23:40,956|[TRACE] script - #out(`0`) [token]
2021-11-19T10:23:40,956|[TRACE] graph - <------- nonSkippedChar
2021-11-19T10:23:40,956|[TRACE] graph - <----- statementPart
2021-11-19T10:23:40,956|[TRACE] graph - -----> statementPart
2021-11-19T10:23:40,956|[TRACE] graph - -------> nonSkippedChar
2021-11-19T10:23:40,956|[TRACE] script - #out(`0`) [token]
2021-11-19T10:23:40,956|[TRACE] graph - <------- nonSkippedChar
2021-11-19T10:23:40,956|[TRACE] graph - <----- statementPart
2021-11-19T10:23:40,956|[TRACE] graph - -----> statementPart
2021-11-19T10:23:40,956|[TRACE] graph - -------> nonSkippedChar
2021-11-19T10:23:40,956|[TRACE] script - #out(`0`) [token]
2021-11-19T10:23:40,956|[TRACE] graph - <------- nonSkippedChar
2021-11-19T10:23:40,956|[TRACE] graph - <----- statementPart
2021-11-19T10:23:40,956|[TRACE] graph - -----> statementPart
2021-11-19T10:23:40,956|[TRACE] graph - -------> nonSkippedChar
2021-11-19T10:23:40,956|[TRACE] script - #out(`)`) [token]
2021-11-19T10:23:40,956|[TRACE] graph - <------- nonSkippedChar
2021-11-19T10:23:40,956|[TRACE] graph - <----- statementPart
2021-11-19T10:23:40,956|[TRACE] graph - -----> statementPart
2021-11-19T10:23:40,956|[TRACE] graph - -------> nonSkippedChar
2021-11-19T10:23:40,956|[TRACE] script - #out(`,`) [token]
2021-11-19T10:23:40,956|[TRACE] graph - <------- nonSkippedChar
2021-11-19T10:23:40,956|[TRACE] graph - <----- statementPart
2021-11-19T10:23:40,956|[TRACE] graph - -----> afterStatementPartNewline
2021-11-19T10:23:40,956|[TRACE] script - #out(` `) [text]
2021-11-19T10:23:40,956|[TRACE] graph - <----- afterStatementPartNewline
2021-11-19T10:23:40,956|[TRACE] graph - -----> statementPart
2021-11-19T10:23:40,956|[TRACE] graph - -------> nonSkippedSpace
2021-11-19T10:23:40,956|[TRACE] script - #out(` `) [token]
2021-11-19T10:23:40,956|[TRACE] graph - <------- nonSkippedSpace
2021-11-19T10:23:40,956|[TRACE] graph - <----- statementPart
2021-11-19T10:23:40,956|[TRACE] graph - -----> statementPart
2021-11-19T10:23:40,956|[TRACE] graph - -------> nonSkippedSpace
2021-11-19T10:23:40,956|[TRACE] script - #out(` `) [token]
2021-11-19T10:23:40,956|[TRACE] graph - <------- nonSkippedSpace
2021-11-19T10:23:40,956|[TRACE] graph - <----- statementPart
2021-11-19T10:23:40,956|[TRACE] graph - -----> statementPart
2021-11-19T10:23:40,956|[TRACE] graph - -------> quotedString
2021-11-19T10:23:40,956|[TRACE] script - #out(``updated``) [token]
2021-11-19T10:23:40,956|[TRACE] graph - <------- quotedString
2021-11-19T10:23:40,956|[TRACE] graph - <----- statementPart
2021-11-19T10:23:40,956|[TRACE] graph - -----> statementPart
2021-11-19T10:23:40,956|[TRACE] graph - -------> nonSkippedSpace
2021-11-19T10:23:40,956|[TRACE] script - #out(` `) [token]
2021-11-19T10:23:40,956|[TRACE] graph - <------- nonSkippedSpace
2021-11-19T10:23:40,956|[TRACE] graph - <----- statementPart
2021-11-19T10:23:40,956|[TRACE] graph - -----> statementPart
2021-11-19T10:23:40,956|[TRACE] graph - -------> nonSkippedChar
2021-11-19T10:23:40,956|[TRACE] script - #out(`B`) [token]
2021-11-19T10:23:40,956|[TRACE] graph - <------- nonSkippedChar
2021-11-19T10:23:40,956|[TRACE] graph - <----- statementPart
2021-11-19T10:23:40,956|[TRACE] graph - -----> statementPart
2021-11-19T10:23:40,956|[TRACE] graph - -------> nonSkippedChar
2021-11-19T10:23:40,956|[TRACE] script - #out(`I`) [token]
2021-11-19T10:23:40,956|[TRACE] graph - <------- nonSkippedChar
2021-11-19T10:23:40,956|[TRACE] graph - <----- statementPart
2021-11-19T10:23:40,956|[TRACE] graph - -----> statementPart
2021-11-19T10:23:40,956|[TRACE] graph - -------> nonSkippedChar
2021-11-19T10:23:40,956|[TRACE] script - #out(`G`) [token]
2021-11-19T10:23:40,956|[TRACE] graph - <------- nonSkippedChar
2021-11-19T10:23:40,956|[TRACE] graph - <----- statementPart
2021-11-19T10:23:40,956|[TRACE] graph - -----> statementPart
2021-11-19T10:23:40,956|[TRACE] graph - -------> nonSkippedChar
2021-11-19T10:23:40,956|[TRACE] script - #out(`I`) [token]
2021-11-19T10:23:40,956|[TRACE] graph - <------- nonSkippedChar
2021-11-19T10:23:40,956|[TRACE] graph - <----- statementPart
2021-11-19T10:23:40,956|[TRACE] graph - -----> statementPart
2021-11-19T10:23:40,956|[TRACE] graph - -------> nonSkippedChar
2021-11-19T10:23:40,956|[TRACE] script - #out(`N`) [token]
2021-11-19T10:23:40,956|[TRACE] graph - <------- nonSkippedChar
2021-11-19T10:23:40,956|[TRACE] graph - <----- statementPart
2021-11-19T10:23:40,956|[TRACE] graph - -----> statementPart
2021-11-19T10:23:40,956|[TRACE] graph - -------> nonSkippedChar
2021-11-19T10:23:40,956|[TRACE] script - #out(`T`) [token]
2021-11-19T10:23:40,956|[TRACE] graph - <------- nonSkippedChar
2021-11-19T10:23:40,956|[TRACE] graph - <----- statementPart
2021-11-19T10:23:40,956|[TRACE] graph - -----> statementPart
2021-11-19T10:23:40,956|[TRACE] graph - -------> nonSkippedSpace
2021-11-19T10:23:40,956|[TRACE] script - #out(` `) [token]
2021-11-19T10:23:40,956|[TRACE] graph - <------- nonSkippedSpace
2021-11-19T10:23:40,956|[TRACE] graph - <----- statementPart
2021-11-19T10:23:40,956|[TRACE] graph - -----> statementPart
2021-11-19T10:23:40,956|[TRACE] graph - -------> nonSkippedChar
2021-11-19T10:23:40,956|[TRACE] script - #out(`N`) [token]
2021-11-19T10:23:40,956|[TRACE] graph - <------- nonSkippedChar
2021-11-19T10:23:40,956|[TRACE] graph - <----- statementPart
2021-11-19T10:23:40,956|[TRACE] graph - -----> statementPart
2021-11-19T10:23:40,956|[TRACE] graph - -------> nonSkippedChar
2021-11-19T10:23:40,956|[TRACE] script - #out(`O`) [token]
2021-11-19T10:23:40,956|[TRACE] graph - <------- nonSkippedChar
2021-11-19T10:23:40,956|[TRACE] graph - <----- statementPart
2021-11-19T10:23:40,956|[TRACE] graph - -----> statementPart
2021-11-19T10:23:40,956|[TRACE] graph - -------> nonSkippedChar
2021-11-19T10:23:40,956|[TRACE] script - #out(`T`) [token]
2021-11-19T10:23:40,956|[TRACE] graph - <------- nonSkippedChar
2021-11-19T10:23:40,956|[TRACE] graph - <----- statementPart
2021-11-19T10:23:40,956|[TRACE] graph - -----> statementPart
2021-11-19T10:23:40,956|[TRACE] graph - -------> nonSkippedSpace
2021-11-19T10:23:40,956|[TRACE] script - #out(` `) [token]
2021-11-19T10:23:40,956|[TRACE] graph - <------- nonSkippedSpace
2021-11-19T10:23:40,956|[TRACE] graph - <----- statementPart
2021-11-19T10:23:40,956|[TRACE] graph - -----> statementPart
2021-11-19T10:23:40,956|[TRACE] graph - -------> nonSkippedChar
2021-11-19T10:23:40,956|[TRACE] script - #out(`N`) [token]
2021-11-19T10:23:40,956|[TRACE] graph - <------- nonSkippedChar
2021-11-19T10:23:40,956|[TRACE] graph - <----- statementPart
2021-11-19T10:23:40,956|[TRACE] graph - -----> statementPart
2021-11-19T10:23:40,956|[TRACE] graph - -------> nonSkippedChar
2021-11-19T10:23:40,956|[TRACE] script - #out(`U`) [token]
2021-11-19T10:23:40,956|[TRACE] graph - <------- nonSkippedChar
2021-11-19T10:23:40,956|[TRACE] graph - <----- statementPart
2021-11-19T10:23:40,956|[TRACE] graph - -----> statementPart
2021-11-19T10:23:40,956|[TRACE] graph - -------> nonSkippedChar
2021-11-19T10:23:40,956|[TRACE] script - #out(`L`) [token]
2021-11-19T10:23:40,956|[TRACE] graph - <------- nonSkippedChar
2021-11-19T10:23:40,956|[TRACE] graph - <----- statementPart
2021-11-19T10:23:40,956|[TRACE] graph - -----> statementPart
2021-11-19T10:23:40,956|[TRACE] graph - -------> nonSkippedChar
2021-11-19T10:23:40,956|[TRACE] script - #out(`L`) [token]
2021-11-19T10:23:40,956|[TRACE] graph - <------- nonSkippedChar
2021-11-19T10:23:40,956|[TRACE] graph - <----- statementPart
2021-11-19T10:23:40,957|[TRACE] graph - -----> statementPart
2021-11-19T10:23:40,957|[TRACE] graph - -------> nonSkippedSpace
2021-11-19T10:23:40,957|[TRACE] script - #out(` `) [token]
2021-11-19T10:23:40,957|[TRACE] graph - <------- nonSkippedSpace
2021-11-19T10:23:40,957|[TRACE] graph - <----- statementPart
2021-11-19T10:23:40,957|[TRACE] graph - -----> statementPart
2021-11-19T10:23:40,957|[TRACE] graph - -------> nonSkippedChar
2021-11-19T10:23:40,957|[TRACE] script - #out(`D`) [token]
2021-11-19T10:23:40,957|[TRACE] graph - <------- nonSkippedChar
2021-11-19T10:23:40,957|[TRACE] graph - <----- statementPart
2021-11-19T10:23:40,957|[TRACE] graph - -----> statementPart
2021-11-19T10:23:40,957|[TRACE] graph - -------> nonSkippedChar
2021-11-19T10:23:40,957|[TRACE] script - #out(`E`) [token]
2021-11-19T10:23:40,957|[TRACE] graph - <------- nonSkippedChar
2021-11-19T10:23:40,957|[TRACE] graph - <----- statementPart
2021-11-19T10:23:40,957|[TRACE] graph - -----> statementPart
2021-11-19T10:23:40,957|[TRACE] graph - -------> nonSkippedChar
2021-11-19T10:23:40,957|[TRACE] script - #out(`F`) [token]
2021-11-19T10:23:40,957|[TRACE] graph - <------- nonSkippedChar
2021-11-19T10:23:40,957|[TRACE] graph - <----- statementPart
2021-11-19T10:23:40,957|[TRACE] graph - -----> statementPart
2021-11-19T10:23:40,957|[TRACE] graph - -------> nonSkippedChar
2021-11-19T10:23:40,957|[TRACE] script - #out(`A`) [token]
2021-11-19T10:23:40,957|[TRACE] graph - <------- nonSkippedChar
2021-11-19T10:23:40,957|[TRACE] graph - <----- statementPart
2021-11-19T10:23:40,957|[TRACE] graph - -----> statementPart
2021-11-19T10:23:40,957|[TRACE] graph - -------> nonSkippedChar
2021-11-19T10:23:40,957|[TRACE] script - #out(`U`) [token]
2021-11-19T10:23:40,957|[TRACE] graph - <------- nonSkippedChar
2021-11-19T10:23:40,957|[TRACE] graph - <----- statementPart
2021-11-19T10:23:40,957|[TRACE] graph - -----> statementPart
2021-11-19T10:23:40,957|[TRACE] graph - -------> nonSkippedChar
2021-11-19T10:23:40,957|[TRACE] script - #out(`L`) [token]
2021-11-19T10:23:40,957|[TRACE] graph - <------- nonSkippedChar
2021-11-19T10:23:40,957|[TRACE] graph - <----- statementPart
2021-11-19T10:23:40,957|[TRACE] graph - -----> statementPart
2021-11-19T10:23:40,957|[TRACE] graph - -------> nonSkippedChar
2021-11-19T10:23:40,957|[TRACE] script - #out(`T`) [token]
2021-11-19T10:23:40,957|[TRACE] graph - <------- nonSkippedChar
2021-11-19T10:23:40,957|[TRACE] graph - <----- statementPart
2021-11-19T10:23:40,957|[TRACE] graph - -----> statementPart
2021-11-19T10:23:40,957|[TRACE] graph - -------> nonSkippedSpace
2021-11-19T10:23:40,957|[TRACE] script - #out(` `) [token]
2021-11-19T10:23:40,957|[TRACE] graph - <------- nonSkippedSpace
2021-11-19T10:23:40,957|[TRACE] graph - <----- statementPart
2021-11-19T10:23:40,957|[TRACE] graph - -----> statementPart
2021-11-19T10:23:40,957|[TRACE] graph - -------> nonSkippedChar
2021-11-19T10:23:40,957|[TRACE] script - #out(`(`) [token]
2021-11-19T10:23:40,957|[TRACE] graph - <------- nonSkippedChar
2021-11-19T10:23:40,957|[TRACE] graph - <----- statementPart
2021-11-19T10:23:40,957|[TRACE] graph - -----> statementPart
2021-11-19T10:23:40,957|[TRACE] graph - -------> nonSkippedChar
2021-11-19T10:23:40,957|[TRACE] script - #out(`u`) [token]
2021-11-19T10:23:40,957|[TRACE] graph - <------- nonSkippedChar
2021-11-19T10:23:40,957|[TRACE] graph - <----- statementPart
2021-11-19T10:23:40,957|[TRACE] graph - -----> statementPart
2021-11-19T10:23:40,957|[TRACE] graph - -------> nonSkippedChar
2021-11-19T10:23:40,957|[TRACE] script - #out(`n`) [token]
2021-11-19T10:23:40,957|[TRACE] graph - <------- nonSkippedChar
2021-11-19T10:23:40,957|[TRACE] graph - <----- statementPart
2021-11-19T10:23:40,957|[TRACE] graph - -----> statementPart
2021-11-19T10:23:40,957|[TRACE] graph - -------> nonSkippedChar
2021-11-19T10:23:40,957|[TRACE] script - #out(`i`) [token]
2021-11-19T10:23:40,957|[TRACE] graph - <------- nonSkippedChar
2021-11-19T10:23:40,957|[TRACE] graph - <----- statementPart
2021-11-19T10:23:40,957|[TRACE] graph - -----> statementPart
2021-11-19T10:23:40,957|[TRACE] graph - -------> nonSkippedChar
2021-11-19T10:23:40,957|[TRACE] script - #out(`x`) [token]
2021-11-19T10:23:40,957|[TRACE] graph - <------- nonSkippedChar
2021-11-19T10:23:40,957|[TRACE] graph - <----- statementPart
2021-11-19T10:23:40,957|[TRACE] graph - -----> statementPart
2021-11-19T10:23:40,957|[TRACE] graph - -------> nonSkippedChar
2021-11-19T10:23:40,957|[TRACE] script - #out(`_`) [token]
2021-11-19T10:23:40,957|[TRACE] graph - <------- nonSkippedChar
2021-11-19T10:23:40,957|[TRACE] graph - <----- statementPart
2021-11-19T10:23:40,957|[TRACE] graph - -----> statementPart
2021-11-19T10:23:40,957|[TRACE] graph - -------> nonSkippedChar
2021-11-19T10:23:40,957|[TRACE] script - #out(`t`) [token]
2021-11-19T10:23:40,957|[TRACE] graph - <------- nonSkippedChar
2021-11-19T10:23:40,957|[TRACE] graph - <----- statementPart
2021-11-19T10:23:40,957|[TRACE] graph - -----> statementPart
2021-11-19T10:23:40,957|[TRACE] graph - -------> nonSkippedChar
2021-11-19T10:23:40,957|[TRACE] script - #out(`i`) [token]
2021-11-19T10:23:40,957|[TRACE] graph - <------- nonSkippedChar
2021-11-19T10:23:40,957|[TRACE] graph - <----- statementPart
2021-11-19T10:23:40,957|[TRACE] graph - -----> statementPart
2021-11-19T10:23:40,957|[TRACE] graph - -------> nonSkippedChar
2021-11-19T10:23:40,957|[TRACE] script - #out(`m`) [token]
2021-11-19T10:23:40,957|[TRACE] graph - <------- nonSkippedChar
2021-11-19T10:23:40,957|[TRACE] graph - <----- statementPart
2021-11-19T10:23:40,957|[TRACE] graph - -----> statementPart
2021-11-19T10:23:40,957|[TRACE] graph - -------> nonSkippedChar
2021-11-19T10:23:40,957|[TRACE] script - #out(`e`) [token]
2021-11-19T10:23:40,957|[TRACE] graph - <------- nonSkippedChar
2021-11-19T10:23:40,957|[TRACE] graph - <----- statementPart
2021-11-19T10:23:40,957|[TRACE] graph - -----> statementPart
2021-11-19T10:23:40,957|[TRACE] graph - -------> nonSkippedChar
2021-11-19T10:23:40,957|[TRACE] script - #out(`s`) [token]
2021-11-19T10:23:40,957|[TRACE] graph - <------- nonSkippedChar
2021-11-19T10:23:40,957|[TRACE] graph - <----- statementPart
2021-11-19T10:23:40,957|[TRACE] graph - -----> statementPart
2021-11-19T10:23:40,957|[TRACE] graph - -------> nonSkippedChar
2021-11-19T10:23:40,957|[TRACE] script - #out(`t`) [token]
2021-11-19T10:23:40,957|[TRACE] graph - <------- nonSkippedChar
2021-11-19T10:23:40,957|[TRACE] graph - <----- statementPart
2021-11-19T10:23:40,957|[TRACE] graph - -----> statementPart
2021-11-19T10:23:40,957|[TRACE] graph - -------> nonSkippedChar
2021-11-19T10:23:40,957|[TRACE] script - #out(`a`) [token]
2021-11-19T10:23:40,957|[TRACE] graph - <------- nonSkippedChar
2021-11-19T10:23:40,957|[TRACE] graph - <----- statementPart
2021-11-19T10:23:40,957|[TRACE] graph - -----> statementPart
2021-11-19T10:23:40,957|[TRACE] graph - -------> nonSkippedChar
2021-11-19T10:23:40,957|[TRACE] script - #out(`m`) [token]
2021-11-19T10:23:40,957|[TRACE] graph - <------- nonSkippedChar
2021-11-19T10:23:40,957|[TRACE] graph - <----- statementPart
2021-11-19T10:23:40,957|[TRACE] graph - -----> statementPart
2021-11-19T10:23:40,957|[TRACE] graph - -------> nonSkippedChar
2021-11-19T10:23:40,957|[TRACE] script - #out(`p`) [token]
2021-11-19T10:23:40,957|[TRACE] graph - <------- nonSkippedChar
2021-11-19T10:23:40,957|[TRACE] graph - <----- statementPart
2021-11-19T10:23:40,957|[TRACE] graph - -----> statementPart
2021-11-19T10:23:40,957|[TRACE] graph - -------> nonSkippedChar
2021-11-19T10:23:40,957|[TRACE] script - #out(`(`) [token]
2021-11-19T10:23:40,957|[TRACE] graph - <------- nonSkippedChar
2021-11-19T10:23:40,957|[TRACE] graph - <----- statementPart
2021-11-19T10:23:40,957|[TRACE] graph - -----> statementPart
2021-11-19T10:23:40,957|[TRACE] graph - -------> nonSkippedChar
2021-11-19T10:23:40,957|[TRACE] script - #out(`n`) [token]
2021-11-19T10:23:40,957|[TRACE] graph - <------- nonSkippedChar
2021-11-19T10:23:40,957|[TRACE] graph - <----- statementPart
2021-11-19T10:23:40,957|[TRACE] graph - -----> statementPart
2021-11-19T10:23:40,957|[TRACE] graph - -------> nonSkippedChar
2021-11-19T10:23:40,957|[TRACE] script - #out(`o`) [token]
2021-11-19T10:23:40,957|[TRACE] graph - <------- nonSkippedChar
2021-11-19T10:23:40,957|[TRACE] graph - <----- statementPart
2021-11-19T10:23:40,957|[TRACE] graph - -----> statementPart
2021-11-19T10:23:40,957|[TRACE] graph - -------> nonSkippedChar
2021-11-19T10:23:40,957|[TRACE] script - #out(`w`) [token]
2021-11-19T10:23:40,957|[TRACE] graph - <------- nonSkippedChar
2021-11-19T10:23:40,957|[TRACE] graph - <----- statementPart
2021-11-19T10:23:40,957|[TRACE] graph - -----> statementPart
2021-11-19T10:23:40,957|[TRACE] graph - -------> nonSkippedChar
2021-11-19T10:23:40,957|[TRACE] script - #out(`(`) [token]
2021-11-19T10:23:40,957|[TRACE] graph - <------- nonSkippedChar
2021-11-19T10:23:40,957|[TRACE] graph - <----- statementPart
2021-11-19T10:23:40,957|[TRACE] graph - -----> statementPart
2021-11-19T10:23:40,958|[TRACE] graph - -------> nonSkippedChar
2021-11-19T10:23:40,958|[TRACE] script - #out(`)`) [token]
2021-11-19T10:23:40,958|[TRACE] graph - <------- nonSkippedChar
2021-11-19T10:23:40,958|[TRACE] graph - <----- statementPart
2021-11-19T10:23:40,958|[TRACE] graph - -----> statementPart
2021-11-19T10:23:40,958|[TRACE] graph - -------> nonSkippedChar
2021-11-19T10:23:40,958|[TRACE] script - #out(`)`) [token]
2021-11-19T10:23:40,958|[TRACE] graph - <------- nonSkippedChar
2021-11-19T10:23:40,958|[TRACE] graph - <----- statementPart
2021-11-19T10:23:40,958|[TRACE] graph - -----> statementPart
2021-11-19T10:23:40,958|[TRACE] graph - -------> nonSkippedSpace
2021-11-19T10:23:40,958|[TRACE] script - #out(` `) [token]
2021-11-19T10:23:40,958|[TRACE] graph - <------- nonSkippedSpace
2021-11-19T10:23:40,958|[TRACE] graph - <----- statementPart
2021-11-19T10:23:40,958|[TRACE] graph - -----> statementPart
2021-11-19T10:23:40,958|[TRACE] graph - -------> nonSkippedChar
2021-11-19T10:23:40,958|[TRACE] script - #out(`*`) [token]
2021-11-19T10:23:40,958|[TRACE] graph - <------- nonSkippedChar
2021-11-19T10:23:40,958|[TRACE] graph - <----- statementPart
2021-11-19T10:23:40,958|[TRACE] graph - -----> statementPart
2021-11-19T10:23:40,958|[TRACE] graph - -------> nonSkippedSpace
2021-11-19T10:23:40,958|[TRACE] script - #out(` `) [token]
2021-11-19T10:23:40,958|[TRACE] graph - <------- nonSkippedSpace
2021-11-19T10:23:40,958|[TRACE] graph - <----- statementPart
2021-11-19T10:23:40,958|[TRACE] graph - -----> statementPart
2021-11-19T10:23:40,958|[TRACE] graph - -------> nonSkippedChar
2021-11-19T10:23:40,958|[TRACE] script - #out(`1`) [token]
2021-11-19T10:23:40,958|[TRACE] graph - <------- nonSkippedChar
2021-11-19T10:23:40,958|[TRACE] graph - <----- statementPart
2021-11-19T10:23:40,958|[TRACE] graph - -----> statementPart
2021-11-19T10:23:40,958|[TRACE] graph - -------> nonSkippedChar
2021-11-19T10:23:40,958|[TRACE] script - #out(`0`) [token]
2021-11-19T10:23:40,958|[TRACE] graph - <------- nonSkippedChar
2021-11-19T10:23:40,958|[TRACE] graph - <----- statementPart
2021-11-19T10:23:40,958|[TRACE] graph - -----> statementPart
2021-11-19T10:23:40,958|[TRACE] graph - -------> nonSkippedChar
2021-11-19T10:23:40,958|[TRACE] script - #out(`0`) [token]
2021-11-19T10:23:40,958|[TRACE] graph - <------- nonSkippedChar
2021-11-19T10:23:40,958|[TRACE] graph - <----- statementPart
2021-11-19T10:23:40,958|[TRACE] graph - -----> statementPart
2021-11-19T10:23:40,958|[TRACE] graph - -------> nonSkippedChar
2021-11-19T10:23:40,958|[TRACE] script - #out(`0`) [token]
2021-11-19T10:23:40,958|[TRACE] graph - <------- nonSkippedChar
2021-11-19T10:23:40,958|[TRACE] graph - <----- statementPart
2021-11-19T10:23:40,958|[TRACE] graph - -----> statementPart
2021-11-19T10:23:40,958|[TRACE] graph - -------> nonSkippedChar
2021-11-19T10:23:40,958|[TRACE] script - #out(`)`) [token]
2021-11-19T10:23:40,958|[TRACE] graph - <------- nonSkippedChar
2021-11-19T10:23:40,958|[TRACE] graph - <----- statementPart
2021-11-19T10:23:40,958|[TRACE] graph - -----> statementPart
2021-11-19T10:23:40,958|[TRACE] graph - -------> nonSkippedChar
2021-11-19T10:23:40,958|[TRACE] script - #out(`,`) [token]
2021-11-19T10:23:40,958|[TRACE] graph - <------- nonSkippedChar
2021-11-19T10:23:40,958|[TRACE] graph - <----- statementPart
2021-11-19T10:23:40,958|[TRACE] graph - -----> afterStatementPartNewline
2021-11-19T10:23:40,958|[TRACE] script - #out(` `) [text]
2021-11-19T10:23:40,958|[TRACE] graph - <----- afterStatementPartNewline
2021-11-19T10:23:40,958|[TRACE] graph - -----> statementPart
2021-11-19T10:23:40,958|[TRACE] graph - -------> nonSkippedSpace
2021-11-19T10:23:40,958|[TRACE] script - #out(` `) [token]
2021-11-19T10:23:40,958|[TRACE] graph - <------- nonSkippedSpace
2021-11-19T10:23:40,958|[TRACE] graph - <----- statementPart
2021-11-19T10:23:40,958|[TRACE] graph - -----> statementPart
2021-11-19T10:23:40,958|[TRACE] graph - -------> nonSkippedSpace
2021-11-19T10:23:40,958|[TRACE] script - #out(` `) [token]
2021-11-19T10:23:40,958|[TRACE] graph - <------- nonSkippedSpace
2021-11-19T10:23:40,958|[TRACE] graph - <----- statementPart
2021-11-19T10:23:40,958|[TRACE] graph - -----> statementPart
2021-11-19T10:23:40,958|[TRACE] graph - -------> quotedString
2021-11-19T10:23:40,958|[TRACE] script - #out(``version``) [token]
2021-11-19T10:23:40,958|[TRACE] graph - <------- quotedString
2021-11-19T10:23:40,958|[TRACE] graph - <----- statementPart
2021-11-19T10:23:40,958|[TRACE] graph - -----> statementPart
2021-11-19T10:23:40,958|[TRACE] graph - -------> nonSkippedSpace
2021-11-19T10:23:40,958|[TRACE] script - #out(` `) [token]
2021-11-19T10:23:40,958|[TRACE] graph - <------- nonSkippedSpace
2021-11-19T10:23:40,958|[TRACE] graph - <----- statementPart
2021-11-19T10:23:40,958|[TRACE] graph - -----> statementPart
2021-11-19T10:23:40,958|[TRACE] graph - -------> nonSkippedChar
2021-11-19T10:23:40,958|[TRACE] script - #out(`I`) [token]
2021-11-19T10:23:40,958|[TRACE] graph - <------- nonSkippedChar
2021-11-19T10:23:40,958|[TRACE] graph - <----- statementPart
2021-11-19T10:23:40,958|[TRACE] graph - -----> statementPart
2021-11-19T10:23:40,958|[TRACE] graph - -------> nonSkippedChar
2021-11-19T10:23:40,958|[TRACE] script - #out(`N`) [token]
2021-11-19T10:23:40,958|[TRACE] graph - <------- nonSkippedChar
2021-11-19T10:23:40,958|[TRACE] graph - <----- statementPart
2021-11-19T10:23:40,958|[TRACE] graph - -----> statementPart
2021-11-19T10:23:40,958|[TRACE] graph - -------> nonSkippedChar
2021-11-19T10:23:40,958|[TRACE] script - #out(`T`) [token]
2021-11-19T10:23:40,958|[TRACE] graph - <------- nonSkippedChar
2021-11-19T10:23:40,958|[TRACE] graph - <----- statementPart
2021-11-19T10:23:40,958|[TRACE] graph - -----> statementPart
2021-11-19T10:23:40,958|[TRACE] graph - -------> nonSkippedSpace
2021-11-19T10:23:40,958|[TRACE] script - #out(` `) [token]
2021-11-19T10:23:40,958|[TRACE] graph - <------- nonSkippedSpace
2021-11-19T10:23:40,958|[TRACE] graph - <----- statementPart
2021-11-19T10:23:40,958|[TRACE] graph - -----> statementPart
2021-11-19T10:23:40,959|[TRACE] graph - -------> nonSkippedChar
2021-11-19T10:23:40,959|[TRACE] script - #out(`N`) [token]
2021-11-19T10:23:40,959|[TRACE] graph - <------- nonSkippedChar
2021-11-19T10:23:40,959|[TRACE] graph - <----- statementPart
2021-11-19T10:23:40,959|[TRACE] graph - -----> statementPart
2021-11-19T10:23:40,959|[TRACE] graph - -------> nonSkippedChar
2021-11-19T10:23:40,959|[TRACE] script - #out(`O`) [token]
2021-11-19T10:23:40,959|[TRACE] graph - <------- nonSkippedChar
2021-11-19T10:23:40,959|[TRACE] graph - <----- statementPart
2021-11-19T10:23:40,959|[TRACE] graph - -----> statementPart
2021-11-19T10:23:40,959|[TRACE] graph - -------> nonSkippedChar
2021-11-19T10:23:40,959|[TRACE] script - #out(`T`) [token]
2021-11-19T10:23:40,959|[TRACE] graph - <------- nonSkippedChar
2021-11-19T10:23:40,959|[TRACE] graph - <----- statementPart
2021-11-19T10:23:40,959|[TRACE] graph - -----> statementPart
2021-11-19T10:23:40,959|[TRACE] graph - -------> nonSkippedSpace
2021-11-19T10:23:40,959|[TRACE] script - #out(` `) [token]
2021-11-19T10:23:40,959|[TRACE] graph - <------- nonSkippedSpace
2021-11-19T10:23:40,959|[TRACE] graph - <----- statementPart
2021-11-19T10:23:40,959|[TRACE] graph - -----> statementPart
2021-11-19T10:23:40,959|[TRACE] graph - -------> nonSkippedChar
2021-11-19T10:23:40,959|[TRACE] script - #out(`N`) [token]
2021-11-19T10:23:40,959|[TRACE] graph - <------- nonSkippedChar
2021-11-19T10:23:40,959|[TRACE] graph - <----- statementPart
2021-11-19T10:23:40,959|[TRACE] graph - -----> statementPart
2021-11-19T10:23:40,959|[TRACE] graph - -------> nonSkippedChar
2021-11-19T10:23:40,959|[TRACE] script - #out(`U`) [token]
2021-11-19T10:23:40,959|[TRACE] graph - <------- nonSkippedChar
2021-11-19T10:23:40,959|[TRACE] graph - <----- statementPart
2021-11-19T10:23:40,959|[TRACE] graph - -----> statementPart
2021-11-19T10:23:40,959|[TRACE] graph - -------> nonSkippedChar
2021-11-19T10:23:40,959|[TRACE] script - #out(`L`) [token]
2021-11-19T10:23:40,959|[TRACE] graph - <------- nonSkippedChar
2021-11-19T10:23:40,959|[TRACE] graph - <----- statementPart
2021-11-19T10:23:40,959|[TRACE] graph - -----> statementPart
2021-11-19T10:23:40,959|[TRACE] graph - -------> nonSkippedChar
2021-11-19T10:23:40,959|[TRACE] script - #out(`L`) [token]
2021-11-19T10:23:40,959|[TRACE] graph - <------- nonSkippedChar
2021-11-19T10:23:40,959|[TRACE] graph - <----- statementPart
2021-11-19T10:23:40,959|[TRACE] graph - -----> statementPart
2021-11-19T10:23:40,959|[TRACE] graph - -------> nonSkippedSpace
2021-11-19T10:23:40,959|[TRACE] script - #out(` `) [token]
2021-11-19T10:23:40,959|[TRACE] graph - <------- nonSkippedSpace
2021-11-19T10:23:40,959|[TRACE] graph - <----- statementPart
2021-11-19T10:23:40,959|[TRACE] graph - -----> statementPart
2021-11-19T10:23:40,959|[TRACE] graph - -------> nonSkippedChar
2021-11-19T10:23:40,959|[TRACE] script - #out(`D`) [token]
2021-11-19T10:23:40,959|[TRACE] graph - <------- nonSkippedChar
2021-11-19T10:23:40,959|[TRACE] graph - <----- statementPart
2021-11-19T10:23:40,959|[TRACE] graph - -----> statementPart
2021-11-19T10:23:40,959|[TRACE] graph - -------> nonSkippedChar
2021-11-19T10:23:40,959|[TRACE] script - #out(`E`) [token]
2021-11-19T10:23:40,959|[TRACE] graph - <------- nonSkippedChar
2021-11-19T10:23:40,959|[TRACE] graph - <----- statementPart
2021-11-19T10:23:40,959|[TRACE] graph - -----> statementPart
2021-11-19T10:23:40,959|[TRACE] graph - -------> nonSkippedChar
2021-11-19T10:23:40,959|[TRACE] script - #out(`F`) [token]
2021-11-19T10:23:40,959|[TRACE] graph - <------- nonSkippedChar
2021-11-19T10:23:40,959|[TRACE] graph - <----- statementPart
2021-11-19T10:23:40,959|[TRACE] graph - -----> statementPart
2021-11-19T10:23:40,959|[TRACE] graph - -------> nonSkippedChar
2021-11-19T10:23:40,959|[TRACE] script - #out(`A`) [token]
2021-11-19T10:23:40,959|[TRACE] graph - <------- nonSkippedChar
2021-11-19T10:23:40,959|[TRACE] graph - <----- statementPart
2021-11-19T10:23:40,959|[TRACE] graph - -----> statementPart
2021-11-19T10:23:40,959|[TRACE] graph - -------> nonSkippedChar
2021-11-19T10:23:40,959|[TRACE] script - #out(`U`) [token]
2021-11-19T10:23:40,959|[TRACE] graph - <------- nonSkippedChar
2021-11-19T10:23:40,959|[TRACE] graph - <----- statementPart
2021-11-19T10:23:40,959|[TRACE] graph - -----> statementPart
2021-11-19T10:23:40,959|[TRACE] graph - -------> nonSkippedChar
2021-11-19T10:23:40,959|[TRACE] script - #out(`L`) [token]
2021-11-19T10:23:40,959|[TRACE] graph - <------- nonSkippedChar
2021-11-19T10:23:40,959|[TRACE] graph - <----- statementPart
2021-11-19T10:23:40,959|[TRACE] graph - -----> statementPart
2021-11-19T10:23:40,959|[TRACE] graph - -------> nonSkippedChar
2021-11-19T10:23:40,959|[TRACE] script - #out(`T`) [token]
2021-11-19T10:23:40,959|[TRACE] graph - <------- nonSkippedChar
2021-11-19T10:23:40,959|[TRACE] graph - <----- statementPart
2021-11-19T10:23:40,959|[TRACE] graph - -----> statementPart
2021-11-19T10:23:40,959|[TRACE] graph - -------> nonSkippedSpace
2021-11-19T10:23:40,959|[TRACE] script - #out(` `) [token]
2021-11-19T10:23:40,959|[TRACE] graph - <------- nonSkippedSpace
2021-11-19T10:23:40,959|[TRACE] graph - <----- statementPart
2021-11-19T10:23:40,959|[TRACE] graph - -----> statementPart
2021-11-19T10:23:40,959|[TRACE] graph - -------> quotedString
2021-11-19T10:23:40,959|[TRACE] script - #out(`'1'`) [token]
2021-11-19T10:23:40,959|[TRACE] graph - <------- quotedString
2021-11-19T10:23:40,959|[TRACE] graph - <----- statementPart
2021-11-19T10:23:40,959|[TRACE] graph - -----> statementPart
2021-11-19T10:23:40,959|[TRACE] graph - -------> nonSkippedChar
2021-11-19T10:23:40,959|[TRACE] script - #out(`,`) [token]
2021-11-19T10:23:40,959|[TRACE] graph - <------- nonSkippedChar
2021-11-19T10:23:40,959|[TRACE] graph - <----- statementPart
2021-11-19T10:23:40,959|[TRACE] graph - -----> afterStatementPartNewline
2021-11-19T10:23:40,959|[TRACE] script - #out(` `) [text]
2021-11-19T10:23:40,959|[TRACE] graph - <----- afterStatementPartNewline
2021-11-19T10:23:40,959|[TRACE] graph - -----> statementPart
2021-11-19T10:23:40,959|[TRACE] graph - -------> nonSkippedSpace
2021-11-19T10:23:40,959|[TRACE] script - #out(` `) [token]
2021-11-19T10:23:40,959|[TRACE] graph - <------- nonSkippedSpace
2021-11-19T10:23:40,959|[TRACE] graph - <----- statementPart
2021-11-19T10:23:40,959|[TRACE] graph - -----> statementPart
2021-11-19T10:23:40,959|[TRACE] graph - -------> nonSkippedSpace
2021-11-19T10:23:40,959|[TRACE] script - #out(` `) [token]
2021-11-19T10:23:40,959|[TRACE] graph - <------- nonSkippedSpace
2021-11-19T10:23:40,960|[TRACE] graph - <----- statementPart
2021-11-19T10:23:40,960|[TRACE] graph - -----> statementPart
2021-11-19T10:23:40,960|[TRACE] graph - -------> nonSkippedChar
2021-11-19T10:23:40,960|[TRACE] script - #out(`P`) [token]
2021-11-19T10:23:40,960|[TRACE] graph - <------- nonSkippedChar
2021-11-19T10:23:40,960|[TRACE] graph - <----- statementPart
2021-11-19T10:23:40,960|[TRACE] graph - -----> statementPart
2021-11-19T10:23:40,960|[TRACE] graph - -------> nonSkippedChar
2021-11-19T10:23:40,960|[TRACE] script - #out(`R`) [token]
2021-11-19T10:23:40,960|[TRACE] graph - <------- nonSkippedChar
2021-11-19T10:23:40,960|[TRACE] graph - <----- statementPart
2021-11-19T10:23:40,960|[TRACE] graph - -----> statementPart
2021-11-19T10:23:40,960|[TRACE] graph - -------> nonSkippedChar
2021-11-19T10:23:40,960|[TRACE] script - #out(`I`) [token]
2021-11-19T10:23:40,960|[TRACE] graph - <------- nonSkippedChar
2021-11-19T10:23:40,960|[TRACE] graph - <----- statementPart
2021-11-19T10:23:40,960|[TRACE] graph - -----> statementPart
2021-11-19T10:23:40,960|[TRACE] graph - -------> nonSkippedChar
2021-11-19T10:23:40,960|[TRACE] script - #out(`M`) [token]
2021-11-19T10:23:40,960|[TRACE] graph - <------- nonSkippedChar
2021-11-19T10:23:40,960|[TRACE] graph - <----- statementPart
2021-11-19T10:23:40,960|[TRACE] graph - -----> statementPart
2021-11-19T10:23:40,960|[TRACE] graph - -------> nonSkippedChar
2021-11-19T10:23:40,960|[TRACE] script - #out(`A`) [token]
2021-11-19T10:23:40,960|[TRACE] graph - <------- nonSkippedChar
2021-11-19T10:23:40,960|[TRACE] graph - <----- statementPart
2021-11-19T10:23:40,960|[TRACE] graph - -----> statementPart
2021-11-19T10:23:40,960|[TRACE] graph - -------> nonSkippedChar
2021-11-19T10:23:40,960|[TRACE] script - #out(`R`) [token]
2021-11-19T10:23:40,960|[TRACE] graph - <------- nonSkippedChar
2021-11-19T10:23:40,960|[TRACE] graph - <----- statementPart
2021-11-19T10:23:40,960|[TRACE] graph - -----> statementPart
2021-11-19T10:23:40,960|[TRACE] graph - -------> nonSkippedChar
2021-11-19T10:23:40,960|[TRACE] script - #out(`Y`) [token]
2021-11-19T10:23:40,960|[TRACE] graph - <------- nonSkippedChar
2021-11-19T10:23:40,960|[TRACE] graph - <----- statementPart
2021-11-19T10:23:40,960|[TRACE] graph - -----> statementPart
2021-11-19T10:23:40,960|[TRACE] graph - -------> nonSkippedSpace
2021-11-19T10:23:40,960|[TRACE] script - #out(` `) [token]
2021-11-19T10:23:40,960|[TRACE] graph - <------- nonSkippedSpace
2021-11-19T10:23:40,960|[TRACE] graph - <----- statementPart
2021-11-19T10:23:40,960|[TRACE] graph - -----> statementPart
2021-11-19T10:23:40,960|[TRACE] graph - -------> nonSkippedChar
2021-11-19T10:23:40,960|[TRACE] script - #out(`K`) [token]
2021-11-19T10:23:40,960|[TRACE] graph - <------- nonSkippedChar
2021-11-19T10:23:40,960|[TRACE] graph - <----- statementPart
2021-11-19T10:23:40,960|[TRACE] graph - -----> statementPart
2021-11-19T10:23:40,960|[TRACE] graph - -------> nonSkippedChar
2021-11-19T10:23:40,960|[TRACE] script - #out(`E`) [token]
2021-11-19T10:23:40,960|[TRACE] graph - <------- nonSkippedChar
2021-11-19T10:23:40,960|[TRACE] graph - <----- statementPart
2021-11-19T10:23:40,960|[TRACE] graph - -----> statementPart
2021-11-19T10:23:40,960|[TRACE] graph - -------> nonSkippedChar
2021-11-19T10:23:40,960|[TRACE] script - #out(`Y`) [token]
2021-11-19T10:23:40,960|[TRACE] graph - <------- nonSkippedChar
2021-11-19T10:23:40,960|[TRACE] graph - <----- statementPart
2021-11-19T10:23:40,960|[TRACE] graph - -----> statementPart
2021-11-19T10:23:40,960|[TRACE] graph - -------> nonSkippedSpace
2021-11-19T10:23:40,960|[TRACE] script - #out(` `) [token]
2021-11-19T10:23:40,960|[TRACE] graph - <------- nonSkippedSpace
2021-11-19T10:23:40,960|[TRACE] graph - <----- statementPart
2021-11-19T10:23:40,960|[TRACE] graph - -----> statementPart
2021-11-19T10:23:40,960|[TRACE] graph - -------> nonSkippedChar
2021-11-19T10:23:40,960|[TRACE] script - #out(`(`) [token]
2021-11-19T10:23:40,960|[TRACE] graph - <------- nonSkippedChar
2021-11-19T10:23:40,960|[TRACE] graph - <----- statementPart
2021-11-19T10:23:40,960|[TRACE] graph - -----> statementPart
2021-11-19T10:23:40,960|[TRACE] graph - -------> quotedString
2021-11-19T10:23:40,960|[TRACE] script - #out(``id``) [token]
2021-11-19T10:23:40,960|[TRACE] graph - <------- quotedString
2021-11-19T10:23:40,960|[TRACE] graph - <----- statementPart
2021-11-19T10:23:40,960|[TRACE] graph - -----> statementPart
2021-11-19T10:23:40,960|[TRACE] graph - -------> nonSkippedChar
2021-11-19T10:23:40,960|[TRACE] script - #out(`)`) [token]
2021-11-19T10:23:40,960|[TRACE] graph - <------- nonSkippedChar
2021-11-19T10:23:40,960|[TRACE] graph - <----- statementPart
2021-11-19T10:23:40,960|[TRACE] graph - -----> statementPart
2021-11-19T10:23:40,960|[TRACE] graph - -------> nonSkippedChar
2021-11-19T10:23:40,960|[TRACE] script - #out(`)`) [token]
2021-11-19T10:23:40,960|[TRACE] graph - <------- nonSkippedChar
2021-11-19T10:23:40,960|[TRACE] graph - <----- statementPart
2021-11-19T10:23:40,960|[TRACE] graph - -----> afterStatementPartNewline
2021-11-19T10:23:40,960|[TRACE] script - #out(` `) [text]
2021-11-19T10:23:40,960|[TRACE] graph - <----- afterStatementPartNewline
2021-11-19T10:23:40,960|[TRACE] graph - -----> statementPart
2021-11-19T10:23:40,960|[TRACE] graph - -------> nonSkippedChar
2021-11-19T10:23:40,960|[TRACE] script - #out(`E`) [token]
2021-11-19T10:23:40,960|[TRACE] graph - <------- nonSkippedChar
2021-11-19T10:23:40,960|[TRACE] graph - <----- statementPart
2021-11-19T10:23:40,960|[TRACE] graph - -----> statementPart
2021-11-19T10:23:40,960|[TRACE] graph - -------> nonSkippedChar
2021-11-19T10:23:40,960|[TRACE] script - #out(`N`) [token]
2021-11-19T10:23:40,960|[TRACE] graph - <------- nonSkippedChar
2021-11-19T10:23:40,960|[TRACE] graph - <----- statementPart
2021-11-19T10:23:40,960|[TRACE] graph - -----> statementPart
2021-11-19T10:23:40,960|[TRACE] graph - -------> nonSkippedChar
2021-11-19T10:23:40,960|[TRACE] script - #out(`G`) [token]
2021-11-19T10:23:40,960|[TRACE] graph - <------- nonSkippedChar
2021-11-19T10:23:40,960|[TRACE] graph - <----- statementPart
2021-11-19T10:23:40,960|[TRACE] graph - -----> statementPart
2021-11-19T10:23:40,960|[TRACE] graph - -------> nonSkippedChar
2021-11-19T10:23:40,960|[TRACE] script - #out(`I`) [token]
2021-11-19T10:23:40,960|[TRACE] graph - <------- nonSkippedChar
2021-11-19T10:23:40,960|[TRACE] graph - <----- statementPart
2021-11-19T10:23:40,960|[TRACE] graph - -----> statementPart
2021-11-19T10:23:40,960|[TRACE] graph - -------> nonSkippedChar
2021-11-19T10:23:40,960|[TRACE] script - #out(`N`) [token]
2021-11-19T10:23:40,960|[TRACE] graph - <------- nonSkippedChar
2021-11-19T10:23:40,960|[TRACE] graph - <----- statementPart
2021-11-19T10:23:40,961|[TRACE] graph - -----> statementPart
2021-11-19T10:23:40,961|[TRACE] graph - -------> nonSkippedChar
2021-11-19T10:23:40,961|[TRACE] script - #out(`E`) [token]
2021-11-19T10:23:40,961|[TRACE] graph - <------- nonSkippedChar
2021-11-19T10:23:40,961|[TRACE] graph - <----- statementPart
2021-11-19T10:23:40,961|[TRACE] graph - -----> statementPart
2021-11-19T10:23:40,961|[TRACE] graph - -------> nonSkippedSpace
2021-11-19T10:23:40,961|[TRACE] script - #out(` `) [token]
2021-11-19T10:23:40,961|[TRACE] graph - <------- nonSkippedSpace
2021-11-19T10:23:40,961|[TRACE] graph - <----- statementPart
2021-11-19T10:23:40,961|[TRACE] graph - -----> statementPart
2021-11-19T10:23:40,961|[TRACE] graph - -------> nonSkippedChar
2021-11-19T10:23:40,961|[TRACE] script - #out(`=`) [token]
2021-11-19T10:23:40,961|[TRACE] graph - <------- nonSkippedChar
2021-11-19T10:23:40,961|[TRACE] graph - <----- statementPart
2021-11-19T10:23:40,961|[TRACE] graph - -----> statementPart
2021-11-19T10:23:40,961|[TRACE] graph - -------> nonSkippedSpace
2021-11-19T10:23:40,961|[TRACE] script - #out(` `) [token]
2021-11-19T10:23:40,961|[TRACE] graph - <------- nonSkippedSpace
2021-11-19T10:23:40,961|[TRACE] graph - <----- statementPart
2021-11-19T10:23:40,961|[TRACE] graph - -----> statementPart
2021-11-19T10:23:40,961|[TRACE] graph - -------> nonSkippedChar
2021-11-19T10:23:40,961|[TRACE] script - #out(`I`) [token]
2021-11-19T10:23:40,961|[TRACE] graph - <------- nonSkippedChar
2021-11-19T10:23:40,961|[TRACE] graph - <----- statementPart
2021-11-19T10:23:40,961|[TRACE] graph - -----> statementPart
2021-11-19T10:23:40,961|[TRACE] graph - -------> nonSkippedChar
2021-11-19T10:23:40,961|[TRACE] script - #out(`n`) [token]
2021-11-19T10:23:40,961|[TRACE] graph - <------- nonSkippedChar
2021-11-19T10:23:40,961|[TRACE] graph - <----- statementPart
2021-11-19T10:23:40,961|[TRACE] graph - -----> statementPart
2021-11-19T10:23:40,961|[TRACE] graph - -------> nonSkippedChar
2021-11-19T10:23:40,961|[TRACE] script - #out(`n`) [token]
2021-11-19T10:23:40,961|[TRACE] graph - <------- nonSkippedChar
2021-11-19T10:23:40,961|[TRACE] graph - <----- statementPart
2021-11-19T10:23:40,961|[TRACE] graph - -----> statementPart
2021-11-19T10:23:40,961|[TRACE] graph - -------> nonSkippedChar
2021-11-19T10:23:40,961|[TRACE] script - #out(`o`) [token]
2021-11-19T10:23:40,961|[TRACE] graph - <------- nonSkippedChar
2021-11-19T10:23:40,961|[TRACE] graph - <----- statementPart
2021-11-19T10:23:40,961|[TRACE] graph - -----> statementPart
2021-11-19T10:23:40,961|[TRACE] graph - -------> nonSkippedChar
2021-11-19T10:23:40,961|[TRACE] script - #out(`D`) [token]
2021-11-19T10:23:40,961|[TRACE] graph - <------- nonSkippedChar
2021-11-19T10:23:40,961|[TRACE] graph - <----- statementPart
2021-11-19T10:23:40,961|[TRACE] graph - -----> statementPart
2021-11-19T10:23:40,961|[TRACE] graph - -------> nonSkippedChar
2021-11-19T10:23:40,961|[TRACE] script - #out(`B`) [token]
2021-11-19T10:23:40,961|[TRACE] graph - <------- nonSkippedChar
2021-11-19T10:23:40,961|[TRACE] graph - <----- statementPart
2021-11-19T10:23:40,961|[TRACE] graph - -----> afterStatementPartNewline
2021-11-19T10:23:40,961|[TRACE] script - #out(` `) [text]
2021-11-19T10:23:40,961|[TRACE] graph - <----- afterStatementPartNewline
2021-11-19T10:23:40,961|[TRACE] graph - -----> statementPart
2021-11-19T10:23:40,961|[TRACE] graph - -------> nonSkippedChar
2021-11-19T10:23:40,961|[TRACE] script - #out(`D`) [token]
2021-11-19T10:23:40,961|[TRACE] graph - <------- nonSkippedChar
2021-11-19T10:23:40,961|[TRACE] graph - <----- statementPart
2021-11-19T10:23:40,961|[TRACE] graph - -----> statementPart
2021-11-19T10:23:40,961|[TRACE] graph - -------> nonSkippedChar
2021-11-19T10:23:40,961|[TRACE] script - #out(`E`) [token]
2021-11-19T10:23:40,961|[TRACE] graph - <------- nonSkippedChar
2021-11-19T10:23:40,961|[TRACE] graph - <----- statementPart
2021-11-19T10:23:40,961|[TRACE] graph - -----> statementPart
2021-11-19T10:23:40,961|[TRACE] graph - -------> nonSkippedChar
2021-11-19T10:23:40,961|[TRACE] script - #out(`F`) [token]
2021-11-19T10:23:40,961|[TRACE] graph - <------- nonSkippedChar
2021-11-19T10:23:40,961|[TRACE] graph - <----- statementPart
2021-11-19T10:23:40,961|[TRACE] graph - -----> statementPart
2021-11-19T10:23:40,961|[TRACE] graph - -------> nonSkippedChar
2021-11-19T10:23:40,961|[TRACE] script - #out(`A`) [token]
2021-11-19T10:23:40,961|[TRACE] graph - <------- nonSkippedChar
2021-11-19T10:23:40,961|[TRACE] graph - <----- statementPart
2021-11-19T10:23:40,961|[TRACE] graph - -----> statementPart
2021-11-19T10:23:40,961|[TRACE] graph - -------> nonSkippedChar
2021-11-19T10:23:40,961|[TRACE] script - #out(`U`) [token]
2021-11-19T10:23:40,961|[TRACE] graph - <------- nonSkippedChar
2021-11-19T10:23:40,961|[TRACE] graph - <----- statementPart
2021-11-19T10:23:40,961|[TRACE] graph - -----> statementPart
2021-11-19T10:23:40,961|[TRACE] graph - -------> nonSkippedChar
2021-11-19T10:23:40,961|[TRACE] script - #out(`L`) [token]
2021-11-19T10:23:40,961|[TRACE] graph - <------- nonSkippedChar
2021-11-19T10:23:40,961|[TRACE] graph - <----- statementPart
2021-11-19T10:23:40,961|[TRACE] graph - -----> statementPart
2021-11-19T10:23:40,961|[TRACE] graph - -------> nonSkippedChar
2021-11-19T10:23:40,961|[TRACE] script - #out(`T`) [token]
2021-11-19T10:23:40,961|[TRACE] graph - <------- nonSkippedChar
2021-11-19T10:23:40,961|[TRACE] graph - <----- statementPart
2021-11-19T10:23:40,961|[TRACE] graph - -----> statementPart
2021-11-19T10:23:40,961|[TRACE] graph - -------> nonSkippedSpace
2021-11-19T10:23:40,961|[TRACE] script - #out(` `) [token]
2021-11-19T10:23:40,961|[TRACE] graph - <------- nonSkippedSpace
2021-11-19T10:23:40,961|[TRACE] graph - <----- statementPart
2021-11-19T10:23:40,961|[TRACE] graph - -----> statementPart
2021-11-19T10:23:40,961|[TRACE] graph - -------> nonSkippedChar
2021-11-19T10:23:40,961|[TRACE] script - #out(`C`) [token]
2021-11-19T10:23:40,961|[TRACE] graph - <------- nonSkippedChar
2021-11-19T10:23:40,961|[TRACE] graph - <----- statementPart
2021-11-19T10:23:40,961|[TRACE] graph - -----> statementPart
2021-11-19T10:23:40,961|[TRACE] graph - -------> nonSkippedChar
2021-11-19T10:23:40,961|[TRACE] script - #out(`H`) [token]
2021-11-19T10:23:40,961|[TRACE] graph - <------- nonSkippedChar
2021-11-19T10:23:40,961|[TRACE] graph - <----- statementPart
2021-11-19T10:23:40,961|[TRACE] graph - -----> statementPart
2021-11-19T10:23:40,961|[TRACE] graph - -------> nonSkippedChar
2021-11-19T10:23:40,961|[TRACE] script - #out(`A`) [token]
2021-11-19T10:23:40,961|[TRACE] graph - <------- nonSkippedChar
2021-11-19T10:23:40,961|[TRACE] graph - <----- statementPart
2021-11-19T10:23:40,961|[TRACE] graph - -----> statementPart
2021-11-19T10:23:40,961|[TRACE] graph - -------> nonSkippedChar
2021-11-19T10:23:40,961|[TRACE] script - #out(`R`) [token]
2021-11-19T10:23:40,961|[TRACE] graph - <------- nonSkippedChar
2021-11-19T10:23:40,962|[TRACE] graph - <----- statementPart
2021-11-19T10:23:40,962|[TRACE] graph - -----> statementPart
2021-11-19T10:23:40,962|[TRACE] graph - -------> nonSkippedChar
2021-11-19T10:23:40,962|[TRACE] script - #out(`A`) [token]
2021-11-19T10:23:40,962|[TRACE] graph - <------- nonSkippedChar
2021-11-19T10:23:40,962|[TRACE] graph - <----- statementPart
2021-11-19T10:23:40,962|[TRACE] graph - -----> statementPart
2021-11-19T10:23:40,962|[TRACE] graph - -------> nonSkippedChar
2021-11-19T10:23:40,962|[TRACE] script - #out(`C`) [token]
2021-11-19T10:23:40,962|[TRACE] graph - <------- nonSkippedChar
2021-11-19T10:23:40,962|[TRACE] graph - <----- statementPart
2021-11-19T10:23:40,962|[TRACE] graph - -----> statementPart
2021-11-19T10:23:40,962|[TRACE] graph - -------> nonSkippedChar
2021-11-19T10:23:40,962|[TRACE] script - #out(`T`) [token]
2021-11-19T10:23:40,962|[TRACE] graph - <------- nonSkippedChar
2021-11-19T10:23:40,962|[TRACE] graph - <----- statementPart
2021-11-19T10:23:40,962|[TRACE] graph - -----> statementPart
2021-11-19T10:23:40,962|[TRACE] graph - -------> nonSkippedChar
2021-11-19T10:23:40,962|[TRACE] script - #out(`E`) [token]
2021-11-19T10:23:40,962|[TRACE] graph - <------- nonSkippedChar
2021-11-19T10:23:40,962|[TRACE] graph - <----- statementPart
2021-11-19T10:23:40,962|[TRACE] graph - -----> statementPart
2021-11-19T10:23:40,962|[TRACE] graph - -------> nonSkippedChar
2021-11-19T10:23:40,962|[TRACE] script - #out(`R`) [token]
2021-11-19T10:23:40,962|[TRACE] graph - <------- nonSkippedChar
2021-11-19T10:23:40,962|[TRACE] graph - <----- statementPart
2021-11-19T10:23:40,962|[TRACE] graph - -----> statementPart
2021-11-19T10:23:40,962|[TRACE] graph - -------> nonSkippedSpace
2021-11-19T10:23:40,962|[TRACE] script - #out(` `) [token]
2021-11-19T10:23:40,962|[TRACE] graph - <------- nonSkippedSpace
2021-11-19T10:23:40,962|[TRACE] graph - <----- statementPart
2021-11-19T10:23:40,962|[TRACE] graph - -----> statementPart
2021-11-19T10:23:40,962|[TRACE] graph - -------> nonSkippedChar
2021-11-19T10:23:40,962|[TRACE] script - #out(`S`) [token]
2021-11-19T10:23:40,962|[TRACE] graph - <------- nonSkippedChar
2021-11-19T10:23:40,962|[TRACE] graph - <----- statementPart
2021-11-19T10:23:40,962|[TRACE] graph - -----> statementPart
2021-11-19T10:23:40,962|[TRACE] graph - -------> nonSkippedChar
2021-11-19T10:23:40,962|[TRACE] script - #out(`E`) [token]
2021-11-19T10:23:40,962|[TRACE] graph - <------- nonSkippedChar
2021-11-19T10:23:40,962|[TRACE] graph - <----- statementPart
2021-11-19T10:23:40,962|[TRACE] graph - -----> statementPart
2021-11-19T10:23:40,962|[TRACE] graph - -------> nonSkippedChar
2021-11-19T10:23:40,962|[TRACE] script - #out(`T`) [token]
2021-11-19T10:23:40,962|[TRACE] graph - <------- nonSkippedChar
2021-11-19T10:23:40,962|[TRACE] graph - <----- statementPart
2021-11-19T10:23:40,962|[TRACE] graph - -----> statementPart
2021-11-19T10:23:40,962|[TRACE] graph - -------> nonSkippedSpace
2021-11-19T10:23:40,962|[TRACE] script - #out(` `) [token]
2021-11-19T10:23:40,962|[TRACE] graph - <------- nonSkippedSpace
2021-11-19T10:23:40,962|[TRACE] graph - <----- statementPart
2021-11-19T10:23:40,962|[TRACE] graph - -----> statementPart
2021-11-19T10:23:40,962|[TRACE] graph - -------> nonSkippedChar
2021-11-19T10:23:40,962|[TRACE] script - #out(`=`) [token]
2021-11-19T10:23:40,962|[TRACE] graph - <------- nonSkippedChar
2021-11-19T10:23:40,962|[TRACE] graph - <----- statementPart
2021-11-19T10:23:40,962|[TRACE] graph - -----> statementPart
2021-11-19T10:23:40,962|[TRACE] graph - -------> nonSkippedSpace
2021-11-19T10:23:40,962|[TRACE] script - #out(` `) [token]
2021-11-19T10:23:40,962|[TRACE] graph - <------- nonSkippedSpace
2021-11-19T10:23:40,962|[TRACE] graph - <----- statementPart
2021-11-19T10:23:40,962|[TRACE] graph - -----> statementPart
2021-11-19T10:23:40,962|[TRACE] graph - -------> nonSkippedChar
2021-11-19T10:23:40,962|[TRACE] script - #out(`u`) [token]
2021-11-19T10:23:40,962|[TRACE] graph - <------- nonSkippedChar
2021-11-19T10:23:40,962|[TRACE] graph - <----- statementPart
2021-11-19T10:23:40,962|[TRACE] graph - -----> statementPart
2021-11-19T10:23:40,962|[TRACE] graph - -------> nonSkippedChar
2021-11-19T10:23:40,962|[TRACE] script - #out(`t`) [token]
2021-11-19T10:23:40,962|[TRACE] graph - <------- nonSkippedChar
2021-11-19T10:23:40,962|[TRACE] graph - <----- statementPart
2021-11-19T10:23:40,962|[TRACE] graph - -----> statementPart
2021-11-19T10:23:40,962|[TRACE] graph - -------> nonSkippedChar
2021-11-19T10:23:40,962|[TRACE] script - #out(`f`) [token]
2021-11-19T10:23:40,962|[TRACE] graph - <------- nonSkippedChar
2021-11-19T10:23:40,962|[TRACE] graph - <----- statementPart
2021-11-19T10:23:40,962|[TRACE] graph - -----> statementPart
2021-11-19T10:23:40,962|[TRACE] graph - -------> nonSkippedChar
2021-11-19T10:23:40,962|[TRACE] script - #out(`8`) [token]
2021-11-19T10:23:40,962|[TRACE] graph - <------- nonSkippedChar
2021-11-19T10:23:40,962|[TRACE] graph - <----- statementPart
2021-11-19T10:23:40,962|[TRACE] graph - -----> statementPart
2021-11-19T10:23:40,962|[TRACE] graph - -------> nonSkippedChar
2021-11-19T10:23:40,962|[TRACE] script - #out(`m`) [token]
2021-11-19T10:23:40,962|[TRACE] graph - <------- nonSkippedChar
2021-11-19T10:23:40,962|[TRACE] graph - <----- statementPart
2021-11-19T10:23:40,962|[TRACE] graph - -----> statementPart
2021-11-19T10:23:40,962|[TRACE] graph - -------> nonSkippedChar
2021-11-19T10:23:40,962|[TRACE] script - #out(`b`) [token]
2021-11-19T10:23:40,962|[TRACE] graph - <------- nonSkippedChar
2021-11-19T10:23:40,962|[TRACE] graph - <----- statementPart
2021-11-19T10:23:40,962|[TRACE] graph - -----> statementPart
2021-11-19T10:23:40,962|[TRACE] graph - -------> nonSkippedChar
2021-11-19T10:23:40,962|[TRACE] script - #out(`4`) [token]
2021-11-19T10:23:40,962|[TRACE] graph - <------- nonSkippedChar
2021-11-19T10:23:40,962|[TRACE] graph - <----- statementPart
2021-11-19T10:23:40,962|[TRACE] graph - -----> afterStatementPartNewline
2021-11-19T10:23:40,962|[TRACE] script - #out(` `) [text]
2021-11-19T10:23:40,962|[TRACE] graph - <----- afterStatementPartNewline
2021-11-19T10:23:40,962|[TRACE] graph - -----> statementPart
2021-11-19T10:23:40,962|[TRACE] graph - -------> nonSkippedChar
2021-11-19T10:23:40,962|[TRACE] script - #out(`C`) [token]
2021-11-19T10:23:40,962|[TRACE] graph - <------- nonSkippedChar
2021-11-19T10:23:40,962|[TRACE] graph - <----- statementPart
2021-11-19T10:23:40,962|[TRACE] graph - -----> statementPart
2021-11-19T10:23:40,962|[TRACE] graph - -------> nonSkippedChar
2021-11-19T10:23:40,962|[TRACE] script - #out(`O`) [token]
2021-11-19T10:23:40,962|[TRACE] graph - <------- nonSkippedChar
2021-11-19T10:23:40,962|[TRACE] graph - <----- statementPart
2021-11-19T10:23:40,962|[TRACE] graph - -----> statementPart
2021-11-19T10:23:40,962|[TRACE] graph - -------> nonSkippedChar
2021-11-19T10:23:40,962|[TRACE] script - #out(`L`) [token]
2021-11-19T10:23:40,962|[TRACE] graph - <------- nonSkippedChar
2021-11-19T10:23:40,962|[TRACE] graph - <----- statementPart
2021-11-19T10:23:40,963|[TRACE] graph - -----> statementPart
2021-11-19T10:23:40,963|[TRACE] graph - -------> nonSkippedChar
2021-11-19T10:23:40,963|[TRACE] script - #out(`L`) [token]
2021-11-19T10:23:40,963|[TRACE] graph - <------- nonSkippedChar
2021-11-19T10:23:40,963|[TRACE] graph - <----- statementPart
2021-11-19T10:23:40,963|[TRACE] graph - -----> statementPart
2021-11-19T10:23:40,963|[TRACE] graph - -------> nonSkippedChar
2021-11-19T10:23:40,963|[TRACE] script - #out(`A`) [token]
2021-11-19T10:23:40,963|[TRACE] graph - <------- nonSkippedChar
2021-11-19T10:23:40,963|[TRACE] graph - <----- statementPart
2021-11-19T10:23:40,963|[TRACE] graph - -----> statementPart
2021-11-19T10:23:40,963|[TRACE] graph - -------> nonSkippedChar
2021-11-19T10:23:40,963|[TRACE] script - #out(`T`) [token]
2021-11-19T10:23:40,963|[TRACE] graph - <------- nonSkippedChar
2021-11-19T10:23:40,963|[TRACE] graph - <----- statementPart
2021-11-19T10:23:40,963|[TRACE] graph - -----> statementPart
2021-11-19T10:23:40,963|[TRACE] graph - -------> nonSkippedChar
2021-11-19T10:23:40,963|[TRACE] script - #out(`E`) [token]
2021-11-19T10:23:40,963|[TRACE] graph - <------- nonSkippedChar
2021-11-19T10:23:40,963|[TRACE] graph - <----- statementPart
2021-11-19T10:23:40,963|[TRACE] graph - -----> statementPart
2021-11-19T10:23:40,963|[TRACE] graph - -------> nonSkippedSpace
2021-11-19T10:23:40,963|[TRACE] script - #out(` `) [token]
2021-11-19T10:23:40,963|[TRACE] graph - <------- nonSkippedSpace
2021-11-19T10:23:40,963|[TRACE] graph - <----- statementPart
2021-11-19T10:23:40,963|[TRACE] graph - -----> statementPart
2021-11-19T10:23:40,963|[TRACE] graph - -------> nonSkippedChar
2021-11-19T10:23:40,963|[TRACE] script - #out(`=`) [token]
2021-11-19T10:23:40,963|[TRACE] graph - <------- nonSkippedChar
2021-11-19T10:23:40,963|[TRACE] graph - <----- statementPart
2021-11-19T10:23:40,963|[TRACE] graph - -----> statementPart
2021-11-19T10:23:40,963|[TRACE] graph - -------> nonSkippedSpace
2021-11-19T10:23:40,963|[TRACE] script - #out(` `) [token]
2021-11-19T10:23:40,963|[TRACE] graph - <------- nonSkippedSpace
2021-11-19T10:23:40,963|[TRACE] graph - <----- statementPart
2021-11-19T10:23:40,963|[TRACE] graph - -----> statementPart
2021-11-19T10:23:40,963|[TRACE] graph - -------> nonSkippedChar
2021-11-19T10:23:40,963|[TRACE] script - #out(`u`) [token]
2021-11-19T10:23:40,963|[TRACE] graph - <------- nonSkippedChar
2021-11-19T10:23:40,963|[TRACE] graph - <----- statementPart
2021-11-19T10:23:40,963|[TRACE] graph - -----> statementPart
2021-11-19T10:23:40,963|[TRACE] graph - -------> nonSkippedChar
2021-11-19T10:23:40,963|[TRACE] script - #out(`t`) [token]
2021-11-19T10:23:40,963|[TRACE] graph - <------- nonSkippedChar
2021-11-19T10:23:40,963|[TRACE] graph - <----- statementPart
2021-11-19T10:23:40,963|[TRACE] graph - -----> statementPart
2021-11-19T10:23:40,963|[TRACE] graph - -------> nonSkippedChar
2021-11-19T10:23:40,963|[TRACE] script - #out(`f`) [token]
2021-11-19T10:23:40,963|[TRACE] graph - <------- nonSkippedChar
2021-11-19T10:23:40,963|[TRACE] graph - <----- statementPart
2021-11-19T10:23:40,963|[TRACE] graph - -----> statementPart
2021-11-19T10:23:40,963|[TRACE] graph - -------> nonSkippedChar
2021-11-19T10:23:40,963|[TRACE] script - #out(`8`) [token]
2021-11-19T10:23:40,963|[TRACE] graph - <------- nonSkippedChar
2021-11-19T10:23:40,963|[TRACE] graph - <----- statementPart
2021-11-19T10:23:40,963|[TRACE] graph - -----> statementPart
2021-11-19T10:23:40,963|[TRACE] graph - -------> nonSkippedChar
2021-11-19T10:23:40,963|[TRACE] script - #out(`m`) [token]
2021-11-19T10:23:40,963|[TRACE] graph - <------- nonSkippedChar
2021-11-19T10:23:40,963|[TRACE] graph - <----- statementPart
2021-11-19T10:23:40,963|[TRACE] graph - -----> statementPart
2021-11-19T10:23:40,963|[TRACE] graph - -------> nonSkippedChar
2021-11-19T10:23:40,963|[TRACE] script - #out(`b`) [token]
2021-11-19T10:23:40,963|[TRACE] graph - <------- nonSkippedChar
2021-11-19T10:23:40,963|[TRACE] graph - <----- statementPart
2021-11-19T10:23:40,963|[TRACE] graph - -----> statementPart
2021-11-19T10:23:40,963|[TRACE] graph - -------> nonSkippedChar
2021-11-19T10:23:40,963|[TRACE] script - #out(`4`) [token]
2021-11-19T10:23:40,963|[TRACE] graph - <------- nonSkippedChar
2021-11-19T10:23:40,963|[TRACE] graph - <----- statementPart
2021-11-19T10:23:40,963|[TRACE] graph - -----> statementPart
2021-11-19T10:23:40,963|[TRACE] graph - -------> nonSkippedChar
2021-11-19T10:23:40,963|[TRACE] script - #out(`_`) [token]
2021-11-19T10:23:40,963|[TRACE] graph - <------- nonSkippedChar
2021-11-19T10:23:40,963|[TRACE] graph - <----- statementPart
2021-11-19T10:23:40,963|[TRACE] graph - -----> statementPart
2021-11-19T10:23:40,963|[TRACE] graph - -------> nonSkippedChar
2021-11-19T10:23:40,963|[TRACE] script - #out(`0`) [token]
2021-11-19T10:23:40,963|[TRACE] graph - <------- nonSkippedChar
2021-11-19T10:23:40,963|[TRACE] graph - <----- statementPart
2021-11-19T10:23:40,963|[TRACE] graph - -----> statementPart
2021-11-19T10:23:40,963|[TRACE] graph - -------> nonSkippedChar
2021-11-19T10:23:40,963|[TRACE] script - #out(`9`) [token]
2021-11-19T10:23:40,963|[TRACE] graph - <------- nonSkippedChar
2021-11-19T10:23:40,963|[TRACE] graph - <----- statementPart
2021-11-19T10:23:40,963|[TRACE] graph - -----> statementPart
2021-11-19T10:23:40,963|[TRACE] graph - -------> nonSkippedChar
2021-11-19T10:23:40,963|[TRACE] script - #out(`0`) [token]
2021-11-19T10:23:40,963|[TRACE] graph - <------- nonSkippedChar
2021-11-19T10:23:40,963|[TRACE] graph - <----- statementPart
2021-11-19T10:23:40,963|[TRACE] graph - -----> statementPart
2021-11-19T10:23:40,963|[TRACE] graph - -------> nonSkippedChar
2021-11-19T10:23:40,963|[TRACE] script - #out(`0`) [token]
2021-11-19T10:23:40,963|[TRACE] graph - <------- nonSkippedChar
2021-11-19T10:23:40,963|[TRACE] graph - <----- statementPart
2021-11-19T10:23:40,963|[TRACE] graph - -----> statementPart
2021-11-19T10:23:40,963|[TRACE] graph - -------> nonSkippedChar
2021-11-19T10:23:40,963|[TRACE] script - #out(`_`) [token]
2021-11-19T10:23:40,963|[TRACE] graph - <------- nonSkippedChar
2021-11-19T10:23:40,963|[TRACE] graph - <----- statementPart
2021-11-19T10:23:40,963|[TRACE] graph - -----> statementPart
2021-11-19T10:23:40,963|[TRACE] graph - -------> nonSkippedChar
2021-11-19T10:23:40,963|[TRACE] script - #out(`a`) [token]
2021-11-19T10:23:40,963|[TRACE] graph - <------- nonSkippedChar
2021-11-19T10:23:40,963|[TRACE] graph - <----- statementPart
2021-11-19T10:23:40,963|[TRACE] graph - -----> statementPart
2021-11-19T10:23:40,963|[TRACE] graph - -------> nonSkippedChar
2021-11-19T10:23:40,963|[TRACE] script - #out(`i`) [token]
2021-11-19T10:23:40,963|[TRACE] graph - <------- nonSkippedChar
2021-11-19T10:23:40,963|[TRACE] graph - <----- statementPart
2021-11-19T10:23:40,963|[TRACE] graph - -----> statementPart
2021-11-19T10:23:40,963|[TRACE] graph - -------> nonSkippedChar
2021-11-19T10:23:40,963|[TRACE] script - #out(`_`) [token]
2021-11-19T10:23:40,963|[TRACE] graph - <------- nonSkippedChar
2021-11-19T10:23:40,963|[TRACE] graph - <----- statementPart
2021-11-19T10:23:40,963|[TRACE] graph - -----> statementPart
2021-11-19T10:23:40,963|[TRACE] graph - -------> nonSkippedChar
2021-11-19T10:23:40,963|[TRACE] script - #out(`c`) [token]
2021-11-19T10:23:40,963|[TRACE] graph - <------- nonSkippedChar
2021-11-19T10:23:40,963|[TRACE] graph - <----- statementPart
2021-11-19T10:23:40,963|[TRACE] graph - -----> statementPart
2021-11-19T10:23:40,963|[TRACE] graph - -------> nonSkippedChar
2021-11-19T10:23:40,963|[TRACE] script - #out(`i`) [token]
2021-11-19T10:23:40,963|[TRACE] graph - <------- nonSkippedChar
2021-11-19T10:23:40,963|[TRACE] graph - <----- statementPart
2021-11-19T10:23:40,963|[DEBUG] graph - Import statement : CREATE TABLE IF NOT EXISTS `bloodbank`.`person` (   `id` INT NOT NULL AUTO_INCREMENT,   `first_name` VARCHAR(50) NOT NULL,   `last_name` VARCHAR(50) NOT NULL,   `created` BIGINT NOT NULL DEFAULT (unix_timestamp(now()) * 1000),   `updated` BIGINT NOT NULL DEFAULT (unix_timestamp(now()) * 1000),   `version` INT NOT NULL DEFAULT '1',   PRIMARY KEY (`id`)) ENGINE = InnoDB DEFAULT CHARACTER SET = utf8mb4 COLLATE = utf8mb4_0900_ai_ci
2021-11-19T10:23:40,963|[TRACE] graph - <--- statement
2021-11-19T10:23:40,963|[TRACE] graph - ---> blankSpacesToSkip
2021-11-19T10:23:40,963|[TRACE] graph - -----> newLineToSkip
2021-11-19T10:23:40,963|[TRACE] graph - <----- newLineToSkip
2021-11-19T10:23:40,963|[TRACE] graph - -----> newLineToSkip
2021-11-19T10:23:40,963|[TRACE] graph - <----- newLineToSkip
2021-11-19T10:23:40,963|[TRACE] graph - -----> newLineToSkip
2021-11-19T10:23:40,963|[TRACE] graph - <----- newLineToSkip
2021-11-19T10:23:40,963|[TRACE] graph - -----> newLineToSkip
2021-11-19T10:23:40,963|[TRACE] graph - <----- newLineToSkip
2021-11-19T10:23:40,963|[TRACE] graph - -----> newLineToSkip
2021-11-19T10:23:40,963|[TRACE] graph - <----- newLineToSkip
2021-11-19T10:23:40,963|[TRACE] graph - -----> newLineToSkip
2021-11-19T10:23:40,963|[TRACE] graph - <----- newLineToSkip
2021-11-19T10:23:40,963|[TRACE] graph - <--- blankSpacesToSkip
2021-11-19T10:23:40,963|[TRACE] graph - ---> statement
2021-11-19T10:23:40,963|[TRACE] graph - -----> statementFirstPart
2021-11-19T10:23:40,963|[TRACE] graph - -------> nonSkippedChar
2021-11-19T10:23:40,964|[TRACE] script - #out(`C`) [token]
2021-11-19T10:23:40,964|[TRACE] graph - <------- nonSkippedChar
2021-11-19T10:23:40,964|[TRACE] graph - <----- statementFirstPart
2021-11-19T10:23:40,964|[TRACE] graph - -----> statementPart
2021-11-19T10:23:40,964|[TRACE] graph - -------> nonSkippedChar
2021-11-19T10:23:40,964|[TRACE] script - #out(`R`) [token]
2021-11-19T10:23:40,964|[TRACE] graph - <------- nonSkippedChar
2021-11-19T10:23:40,964|[TRACE] graph - <----- statementPart
2021-11-19T10:23:40,964|[TRACE] graph - -----> statementPart
2021-11-19T10:23:40,964|[TRACE] graph - -------> nonSkippedChar
2021-11-19T10:23:40,964|[TRACE] script - #out(`E`) [token]
2021-11-19T10:23:40,964|[TRACE] graph - <------- nonSkippedChar
2021-11-19T10:23:40,964|[TRACE] graph - <----- statementPart
2021-11-19T10:23:40,964|[TRACE] graph - -----> statementPart
2021-11-19T10:23:40,964|[TRACE] graph - -------> nonSkippedChar
2021-11-19T10:23:40,964|[TRACE] script - #out(`A`) [token]
2021-11-19T10:23:40,964|[TRACE] graph - <------- nonSkippedChar
2021-11-19T10:23:40,964|[TRACE] graph - <----- statementPart
2021-11-19T10:23:40,964|[TRACE] graph - -----> statementPart
2021-11-19T10:23:40,964|[TRACE] graph - -------> nonSkippedChar
2021-11-19T10:23:40,964|[TRACE] script - #out(`T`) [token]
2021-11-19T10:23:40,964|[TRACE] graph - <------- nonSkippedChar
2021-11-19T10:23:40,964|[TRACE] graph - <----- statementPart
2021-11-19T10:23:40,964|[TRACE] graph - -----> statementPart
2021-11-19T10:23:40,964|[TRACE] graph - -------> nonSkippedChar
2021-11-19T10:23:40,964|[TRACE] script - #out(`E`) [token]
2021-11-19T10:23:40,964|[TRACE] graph - <------- nonSkippedChar
2021-11-19T10:23:40,964|[TRACE] graph - <----- statementPart
2021-11-19T10:23:40,964|[TRACE] graph - -----> statementPart
2021-11-19T10:23:40,964|[TRACE] graph - -------> nonSkippedSpace
2021-11-19T10:23:40,964|[TRACE] script - #out(` `) [token]
2021-11-19T10:23:40,964|[TRACE] graph - <------- nonSkippedSpace
2021-11-19T10:23:40,964|[TRACE] graph - <----- statementPart
2021-11-19T10:23:40,964|[TRACE] graph - -----> statementPart
2021-11-19T10:23:40,964|[TRACE] graph - -------> nonSkippedChar
2021-11-19T10:23:40,964|[TRACE] script - #out(`T`) [token]
2021-11-19T10:23:40,964|[TRACE] graph - <------- nonSkippedChar
2021-11-19T10:23:40,964|[TRACE] graph - <----- statementPart
2021-11-19T10:23:40,964|[TRACE] graph - -----> statementPart
2021-11-19T10:23:40,964|[TRACE] graph - -------> nonSkippedChar
2021-11-19T10:23:40,964|[TRACE] script - #out(`A`) [token]
2021-11-19T10:23:40,964|[TRACE] graph - <------- nonSkippedChar
2021-11-19T10:23:40,964|[TRACE] graph - <----- statementPart
2021-11-19T10:23:40,964|[TRACE] graph - -----> statementPart
2021-11-19T10:23:40,964|[TRACE] graph - -------> nonSkippedChar
2021-11-19T10:23:40,964|[TRACE] script - #out(`B`) [token]
2021-11-19T10:23:40,964|[TRACE] graph - <------- nonSkippedChar
2021-11-19T10:23:40,964|[TRACE] graph - <----- statementPart
2021-11-19T10:23:40,964|[TRACE] graph - -----> statementPart
2021-11-19T10:23:40,964|[TRACE] graph - -------> nonSkippedChar
2021-11-19T10:23:40,964|[TRACE] script - #out(`L`) [token]
2021-11-19T10:23:40,964|[TRACE] graph - <------- nonSkippedChar
2021-11-19T10:23:40,964|[TRACE] graph - <----- statementPart
2021-11-19T10:23:40,964|[TRACE] graph - -----> statementPart
2021-11-19T10:23:40,964|[TRACE] graph - -------> nonSkippedChar
2021-11-19T10:23:40,964|[TRACE] script - #out(`E`) [token]
2021-11-19T10:23:40,964|[TRACE] graph - <------- nonSkippedChar
2021-11-19T10:23:40,964|[TRACE] graph - <----- statementPart
2021-11-19T10:23:40,964|[TRACE] graph - -----> statementPart
2021-11-19T10:23:40,964|[TRACE] graph - -------> nonSkippedSpace
2021-11-19T10:23:40,964|[TRACE] script - #out(` `) [token]
2021-11-19T10:23:40,964|[TRACE] graph - <------- nonSkippedSpace
2021-11-19T10:23:40,964|[TRACE] graph - <----- statementPart
2021-11-19T10:23:40,964|[TRACE] graph - -----> statementPart
2021-11-19T10:23:40,964|[TRACE] graph - -------> nonSkippedChar
2021-11-19T10:23:40,964|[TRACE] script - #out(`I`) [token]
2021-11-19T10:23:40,964|[TRACE] graph - <------- nonSkippedChar
2021-11-19T10:23:40,964|[TRACE] graph - <----- statementPart
2021-11-19T10:23:40,964|[TRACE] graph - -----> statementPart
2021-11-19T10:23:40,964|[TRACE] graph - -------> nonSkippedChar
2021-11-19T10:23:40,964|[TRACE] script - #out(`F`) [token]
2021-11-19T10:23:40,964|[TRACE] graph - <------- nonSkippedChar
2021-11-19T10:23:40,964|[TRACE] graph - <----- statementPart
2021-11-19T10:23:40,964|[TRACE] graph - -----> statementPart
2021-11-19T10:23:40,964|[TRACE] graph - -------> nonSkippedSpace
2021-11-19T10:23:40,964|[TRACE] script - #out(` `) [token]
2021-11-19T10:23:40,964|[TRACE] graph - <------- nonSkippedSpace
2021-11-19T10:23:40,964|[TRACE] graph - <----- statementPart
2021-11-19T10:23:40,964|[TRACE] graph - -----> statementPart
2021-11-19T10:23:40,964|[TRACE] graph - -------> nonSkippedChar
2021-11-19T10:23:40,964|[TRACE] script - #out(`N`) [token]
2021-11-19T10:23:40,964|[TRACE] graph - <------- nonSkippedChar
2021-11-19T10:23:40,964|[TRACE] graph - <----- statementPart
2021-11-19T10:23:40,964|[TRACE] graph - -----> statementPart
2021-11-19T10:23:40,964|[TRACE] graph - -------> nonSkippedChar
2021-11-19T10:23:40,964|[TRACE] script - #out(`O`) [token]
2021-11-19T10:23:40,964|[TRACE] graph - <------- nonSkippedChar
2021-11-19T10:23:40,964|[TRACE] graph - <----- statementPart
2021-11-19T10:23:40,964|[TRACE] graph - -----> statementPart
2021-11-19T10:23:40,964|[TRACE] graph - -------> nonSkippedChar
2021-11-19T10:23:40,964|[TRACE] script - #out(`T`) [token]
2021-11-19T10:23:40,964|[TRACE] graph - <------- nonSkippedChar
2021-11-19T10:23:40,964|[TRACE] graph - <----- statementPart
2021-11-19T10:23:40,964|[TRACE] graph - -----> statementPart
2021-11-19T10:23:40,964|[TRACE] graph - -------> nonSkippedSpace
2021-11-19T10:23:40,964|[TRACE] script - #out(` `) [token]
2021-11-19T10:23:40,964|[TRACE] graph - <------- nonSkippedSpace
2021-11-19T10:23:40,964|[TRACE] graph - <----- statementPart
2021-11-19T10:23:40,964|[TRACE] graph - -----> statementPart
2021-11-19T10:23:40,964|[TRACE] graph - -------> nonSkippedChar
2021-11-19T10:23:40,964|[TRACE] script - #out(`E`) [token]
2021-11-19T10:23:40,964|[TRACE] graph - <------- nonSkippedChar
2021-11-19T10:23:40,964|[TRACE] graph - <----- statementPart
2021-11-19T10:23:40,964|[TRACE] graph - -----> statementPart
2021-11-19T10:23:40,964|[TRACE] graph - -------> nonSkippedChar
2021-11-19T10:23:40,964|[TRACE] script - #out(`X`) [token]
2021-11-19T10:23:40,964|[TRACE] graph - <------- nonSkippedChar
2021-11-19T10:23:40,964|[TRACE] graph - <----- statementPart
2021-11-19T10:23:40,964|[TRACE] graph - -----> statementPart
2021-11-19T10:23:40,964|[TRACE] graph - -------> nonSkippedChar
2021-11-19T10:23:40,964|[TRACE] script - #out(`I`) [token]
2021-11-19T10:23:40,964|[TRACE] graph - <------- nonSkippedChar
2021-11-19T10:23:40,964|[TRACE] graph - <----- statementPart
2021-11-19T10:23:40,964|[TRACE] graph - -----> statementPart
2021-11-19T10:23:40,964|[TRACE] graph - -------> nonSkippedChar
2021-11-19T10:23:40,964|[TRACE] script - #out(`S`) [token]
2021-11-19T10:23:40,964|[TRACE] graph - <------- nonSkippedChar
2021-11-19T10:23:40,964|[TRACE] graph - <----- statementPart
2021-11-19T10:23:40,964|[TRACE] graph - -----> statementPart
2021-11-19T10:23:40,964|[TRACE] graph - -------> nonSkippedChar
2021-11-19T10:23:40,964|[TRACE] script - #out(`T`) [token]
2021-11-19T10:23:40,965|[TRACE] graph - <------- nonSkippedChar
2021-11-19T10:23:40,965|[TRACE] graph - <----- statementPart
2021-11-19T10:23:40,965|[TRACE] graph - -----> statementPart
2021-11-19T10:23:40,965|[TRACE] graph - -------> nonSkippedChar
2021-11-19T10:23:40,965|[TRACE] script - #out(`S`) [token]
2021-11-19T10:23:40,965|[TRACE] graph - <------- nonSkippedChar
2021-11-19T10:23:40,965|[TRACE] graph - <----- statementPart
2021-11-19T10:23:40,965|[TRACE] graph - -----> statementPart
2021-11-19T10:23:40,965|[TRACE] graph - -------> nonSkippedSpace
2021-11-19T10:23:40,965|[TRACE] script - #out(` `) [token]
2021-11-19T10:23:40,965|[TRACE] graph - <------- nonSkippedSpace
2021-11-19T10:23:40,965|[TRACE] graph - <----- statementPart
2021-11-19T10:23:40,965|[TRACE] graph - -----> statementPart
2021-11-19T10:23:40,965|[TRACE] graph - -------> quotedString
2021-11-19T10:23:40,965|[TRACE] script - #out(``bloodbank``) [token]
2021-11-19T10:23:40,965|[TRACE] graph - <------- quotedString
2021-11-19T10:23:40,965|[TRACE] graph - <----- statementPart
2021-11-19T10:23:40,965|[TRACE] graph - -----> statementPart
2021-11-19T10:23:40,965|[TRACE] graph - -------> nonSkippedChar
2021-11-19T10:23:40,965|[TRACE] script - #out(`.`) [token]
2021-11-19T10:23:40,965|[TRACE] graph - <------- nonSkippedChar
2021-11-19T10:23:40,965|[TRACE] graph - <----- statementPart
2021-11-19T10:23:40,965|[TRACE] graph - -----> statementPart
2021-11-19T10:23:40,965|[TRACE] graph - -------> quotedString
2021-11-19T10:23:40,965|[TRACE] script - #out(``blood_bank``) [token]
2021-11-19T10:23:40,965|[TRACE] graph - <------- quotedString
2021-11-19T10:23:40,965|[TRACE] graph - <----- statementPart
2021-11-19T10:23:40,965|[TRACE] graph - -----> statementPart
2021-11-19T10:23:40,965|[TRACE] graph - -------> nonSkippedSpace
2021-11-19T10:23:40,965|[TRACE] script - #out(` `) [token]
2021-11-19T10:23:40,965|[TRACE] graph - <------- nonSkippedSpace
2021-11-19T10:23:40,965|[TRACE] graph - <----- statementPart
2021-11-19T10:23:40,965|[TRACE] graph - -----> statementPart
2021-11-19T10:23:40,965|[TRACE] graph - -------> nonSkippedChar
2021-11-19T10:23:40,965|[TRACE] script - #out(`(`) [token]
2021-11-19T10:23:40,965|[TRACE] graph - <------- nonSkippedChar
2021-11-19T10:23:40,965|[TRACE] graph - <----- statementPart
2021-11-19T10:23:40,965|[TRACE] graph - -----> afterStatementPartNewline
2021-11-19T10:23:40,965|[TRACE] script - #out(` `) [text]
2021-11-19T10:23:40,965|[TRACE] graph - <----- afterStatementPartNewline
2021-11-19T10:23:40,965|[TRACE] graph - -----> statementPart
2021-11-19T10:23:40,965|[TRACE] graph - -------> nonSkippedSpace
2021-11-19T10:23:40,965|[TRACE] script - #out(` `) [token]
2021-11-19T10:23:40,965|[TRACE] graph - <------- nonSkippedSpace
2021-11-19T10:23:40,965|[TRACE] graph - <----- statementPart
2021-11-19T10:23:40,965|[TRACE] graph - -----> statementPart
2021-11-19T10:23:40,965|[TRACE] graph - -------> nonSkippedSpace
2021-11-19T10:23:40,965|[TRACE] script - #out(` `) [token]
2021-11-19T10:23:40,965|[TRACE] graph - <------- nonSkippedSpace
2021-11-19T10:23:40,965|[TRACE] graph - <----- statementPart
2021-11-19T10:23:40,965|[TRACE] graph - -----> statementPart
2021-11-19T10:23:40,965|[TRACE] graph - -------> quotedString
2021-11-19T10:23:40,965|[TRACE] script - #out(``bank_id``) [token]
2021-11-19T10:23:40,965|[TRACE] graph - <------- quotedString
2021-11-19T10:23:40,965|[TRACE] graph - <----- statementPart
2021-11-19T10:23:40,965|[TRACE] graph - -----> statementPart
2021-11-19T10:23:40,965|[TRACE] graph - -------> nonSkippedSpace
2021-11-19T10:23:40,965|[TRACE] script - #out(` `) [token]
2021-11-19T10:23:40,965|[TRACE] graph - <------- nonSkippedSpace
2021-11-19T10:23:40,965|[TRACE] graph - <----- statementPart
2021-11-19T10:23:40,965|[TRACE] graph - -----> statementPart
2021-11-19T10:23:40,965|[TRACE] graph - -------> nonSkippedChar
2021-11-19T10:23:40,965|[TRACE] script - #out(`I`) [token]
2021-11-19T10:23:40,965|[TRACE] graph - <------- nonSkippedChar
2021-11-19T10:23:40,965|[TRACE] graph - <----- statementPart
2021-11-19T10:23:40,965|[TRACE] graph - -----> statementPart
2021-11-19T10:23:40,965|[TRACE] graph - -------> nonSkippedChar
2021-11-19T10:23:40,965|[TRACE] script - #out(`N`) [token]
2021-11-19T10:23:40,965|[TRACE] graph - <------- nonSkippedChar
2021-11-19T10:23:40,965|[TRACE] graph - <----- statementPart
2021-11-19T10:23:40,965|[TRACE] graph - -----> statementPart
2021-11-19T10:23:40,965|[TRACE] graph - -------> nonSkippedChar
2021-11-19T10:23:40,965|[TRACE] script - #out(`T`) [token]
2021-11-19T10:23:40,965|[TRACE] graph - <------- nonSkippedChar
2021-11-19T10:23:40,965|[TRACE] graph - <----- statementPart
2021-11-19T10:23:40,965|[TRACE] graph - -----> statementPart
2021-11-19T10:23:40,965|[TRACE] graph - -------> nonSkippedSpace
2021-11-19T10:23:40,965|[TRACE] script - #out(` `) [token]
2021-11-19T10:23:40,965|[TRACE] graph - <------- nonSkippedSpace
2021-11-19T10:23:40,965|[TRACE] graph - <----- statementPart
2021-11-19T10:23:40,965|[TRACE] graph - -----> statementPart
2021-11-19T10:23:40,965|[TRACE] graph - -------> nonSkippedChar
2021-11-19T10:23:40,965|[TRACE] script - #out(`N`) [token]
2021-11-19T10:23:40,965|[TRACE] graph - <------- nonSkippedChar
2021-11-19T10:23:40,966|[TRACE] graph - <----- statementPart
2021-11-19T10:23:40,966|[TRACE] graph - -----> statementPart
2021-11-19T10:23:40,966|[TRACE] graph - -------> nonSkippedChar
2021-11-19T10:23:40,966|[TRACE] script - #out(`O`) [token]
2021-11-19T10:23:40,966|[TRACE] graph - <------- nonSkippedChar
2021-11-19T10:23:40,966|[TRACE] graph - <----- statementPart
2021-11-19T10:23:40,966|[TRACE] graph - -----> statementPart
2021-11-19T10:23:40,966|[TRACE] graph - -------> nonSkippedChar
2021-11-19T10:23:40,966|[TRACE] script - #out(`T`) [token]
2021-11-19T10:23:40,966|[TRACE] graph - <------- nonSkippedChar
2021-11-19T10:23:40,966|[TRACE] graph - <----- statementPart
2021-11-19T10:23:40,966|[TRACE] graph - -----> statementPart
2021-11-19T10:23:40,966|[TRACE] graph - -------> nonSkippedSpace
2021-11-19T10:23:40,966|[TRACE] script - #out(` `) [token]
2021-11-19T10:23:40,966|[TRACE] graph - <------- nonSkippedSpace
2021-11-19T10:23:40,966|[TRACE] graph - <----- statementPart
2021-11-19T10:23:40,966|[TRACE] graph - -----> statementPart
2021-11-19T10:23:40,966|[TRACE] graph - -------> nonSkippedChar
2021-11-19T10:23:40,966|[TRACE] script - #out(`N`) [token]
2021-11-19T10:23:40,966|[TRACE] graph - <------- nonSkippedChar
2021-11-19T10:23:40,966|[TRACE] graph - <----- statementPart
2021-11-19T10:23:40,966|[TRACE] graph - -----> statementPart
2021-11-19T10:23:40,966|[TRACE] graph - -------> nonSkippedChar
2021-11-19T10:23:40,966|[TRACE] script - #out(`U`) [token]
2021-11-19T10:23:40,966|[TRACE] graph - <------- nonSkippedChar
2021-11-19T10:23:40,966|[TRACE] graph - <----- statementPart
2021-11-19T10:23:40,966|[TRACE] graph - -----> statementPart
2021-11-19T10:23:40,966|[TRACE] graph - -------> nonSkippedChar
2021-11-19T10:23:40,966|[TRACE] script - #out(`L`) [token]
2021-11-19T10:23:40,966|[TRACE] graph - <------- nonSkippedChar
2021-11-19T10:23:40,966|[TRACE] graph - <----- statementPart
2021-11-19T10:23:40,966|[TRACE] graph - -----> statementPart
2021-11-19T10:23:40,966|[TRACE] graph - -------> nonSkippedChar
2021-11-19T10:23:40,966|[TRACE] script - #out(`L`) [token]
2021-11-19T10:23:40,966|[TRACE] graph - <------- nonSkippedChar
2021-11-19T10:23:40,966|[TRACE] graph - <----- statementPart
2021-11-19T10:23:41,044|[TRACE] graph - -----> statementPart
2021-11-19T10:23:41,044|[TRACE] graph - -------> nonSkippedSpace
2021-11-19T10:23:41,044|[TRACE] script - #out(` `) [token]
2021-11-19T10:23:41,044|[TRACE] graph - <------- nonSkippedSpace
2021-11-19T10:23:41,044|[TRACE] graph - <----- statementPart
2021-11-19T10:23:41,044|[TRACE] graph - -----> statementPart
2021-11-19T10:23:41,044|[TRACE] graph - -------> nonSkippedChar
2021-11-19T10:23:41,044|[TRACE] script - #out(`A`) [token]
2021-11-19T10:23:41,044|[TRACE] graph - <------- nonSkippedChar
2021-11-19T10:23:41,044|[TRACE] graph - <----- statementPart
2021-11-19T10:23:41,044|[TRACE] graph - -----> statementPart
2021-11-19T10:23:41,044|[TRACE] graph - -------> nonSkippedChar
2021-11-19T10:23:41,044|[TRACE] script - #out(`U`) [token]
2021-11-19T10:23:41,044|[TRACE] graph - <------- nonSkippedChar
2021-11-19T10:23:41,044|[TRACE] graph - <----- statementPart
2021-11-19T10:23:41,044|[TRACE] graph - -----> statementPart
2021-11-19T10:23:41,044|[TRACE] graph - -------> nonSkippedChar
2021-11-19T10:23:41,044|[TRACE] script - #out(`T`) [token]
2021-11-19T10:23:41,044|[TRACE] graph - <------- nonSkippedChar
2021-11-19T10:23:41,044|[TRACE] graph - <----- statementPart
2021-11-19T10:23:41,044|[TRACE] graph - -----> statementPart
2021-11-19T10:23:41,044|[TRACE] graph - -------> nonSkippedChar
2021-11-19T10:23:41,044|[TRACE] script - #out(`O`) [token]
2021-11-19T10:23:41,044|[TRACE] graph - <------- nonSkippedChar
2021-11-19T10:23:41,044|[TRACE] graph - <----- statementPart
2021-11-19T10:23:41,044|[TRACE] graph - -----> statementPart
2021-11-19T10:23:41,044|[TRACE] graph - -------> nonSkippedChar
2021-11-19T10:23:41,044|[TRACE] script - #out(`_`) [token]
2021-11-19T10:23:41,044|[TRACE] graph - <------- nonSkippedChar
2021-11-19T10:23:41,044|[TRACE] graph - <----- statementPart
2021-11-19T10:23:41,044|[TRACE] graph - -----> statementPart
2021-11-19T10:23:41,044|[TRACE] graph - -------> nonSkippedChar
2021-11-19T10:23:41,044|[TRACE] script - #out(`I`) [token]
2021-11-19T10:23:41,044|[TRACE] graph - <------- nonSkippedChar
2021-11-19T10:23:41,044|[TRACE] graph - <----- statementPart
2021-11-19T10:23:41,044|[TRACE] graph - -----> statementPart
2021-11-19T10:23:41,044|[TRACE] graph - -------> nonSkippedChar
2021-11-19T10:23:41,044|[TRACE] script - #out(`N`) [token]
2021-11-19T10:23:41,044|[TRACE] graph - <------- nonSkippedChar
2021-11-19T10:23:41,044|[TRACE] graph - <----- statementPart
2021-11-19T10:23:41,044|[TRACE] graph - -----> statementPart
2021-11-19T10:23:41,044|[TRACE] graph - -------> nonSkippedChar
2021-11-19T10:23:41,044|[TRACE] script - #out(`C`) [token]
2021-11-19T10:23:41,044|[TRACE] graph - <------- nonSkippedChar
2021-11-19T10:23:41,044|[TRACE] graph - <----- statementPart
2021-11-19T10:23:41,044|[TRACE] graph - -----> statementPart
2021-11-19T10:23:41,044|[TRACE] graph - -------> nonSkippedChar
2021-11-19T10:23:41,044|[TRACE] script - #out(`R`) [token]
2021-11-19T10:23:41,044|[TRACE] graph - <------- nonSkippedChar
2021-11-19T10:23:41,044|[TRACE] graph - <----- statementPart
2021-11-19T10:23:41,044|[TRACE] graph - -----> statementPart
2021-11-19T10:23:41,044|[TRACE] graph - -------> nonSkippedChar
2021-11-19T10:23:41,044|[TRACE] script - #out(`E`) [token]
2021-11-19T10:23:41,044|[TRACE] graph - <------- nonSkippedChar
2021-11-19T10:23:41,044|[TRACE] graph - <----- statementPart
2021-11-19T10:23:41,044|[TRACE] graph - -----> statementPart
2021-11-19T10:23:41,044|[TRACE] graph - -------> nonSkippedChar
2021-11-19T10:23:41,044|[TRACE] script - #out(`M`) [token]
2021-11-19T10:23:41,044|[TRACE] graph - <------- nonSkippedChar
2021-11-19T10:23:41,044|[TRACE] graph - <----- statementPart
2021-11-19T10:23:41,044|[TRACE] graph - -----> statementPart
2021-11-19T10:23:41,044|[TRACE] graph - -------> nonSkippedChar
2021-11-19T10:23:41,044|[TRACE] script - #out(`E`) [token]
2021-11-19T10:23:41,044|[TRACE] graph - <------- nonSkippedChar
2021-11-19T10:23:41,044|[TRACE] graph - <----- statementPart
2021-11-19T10:23:41,044|[TRACE] graph - -----> statementPart
2021-11-19T10:23:41,044|[TRACE] graph - -------> nonSkippedChar
2021-11-19T10:23:41,044|[TRACE] script - #out(`N`) [token]
2021-11-19T10:23:41,044|[TRACE] graph - <------- nonSkippedChar
2021-11-19T10:23:41,044|[TRACE] graph - <----- statementPart
2021-11-19T10:23:41,044|[TRACE] graph - -----> statementPart
2021-11-19T10:23:41,044|[TRACE] graph - -------> nonSkippedChar
2021-11-19T10:23:41,044|[TRACE] script - #out(`T`) [token]
2021-11-19T10:23:41,044|[TRACE] graph - <------- nonSkippedChar
2021-11-19T10:23:41,044|[TRACE] graph - <----- statementPart
2021-11-19T10:23:41,044|[TRACE] graph - -----> statementPart
2021-11-19T10:23:41,044|[TRACE] graph - -------> nonSkippedChar
2021-11-19T10:23:41,044|[TRACE] script - #out(`,`) [token]
2021-11-19T10:23:41,044|[TRACE] graph - <------- nonSkippedChar
2021-11-19T10:23:41,044|[TRACE] graph - <----- statementPart
2021-11-19T10:23:41,044|[TRACE] graph - -----> afterStatementPartNewline
2021-11-19T10:23:41,044|[TRACE] script - #out(` `) [text]
2021-11-19T10:23:41,044|[TRACE] graph - <----- afterStatementPartNewline
2021-11-19T10:23:41,044|[TRACE] graph - -----> statementPart
2021-11-19T10:23:41,044|[TRACE] graph - -------> nonSkippedSpace
2021-11-19T10:23:41,044|[TRACE] script - #out(` `) [token]
2021-11-19T10:23:41,044|[TRACE] graph - <------- nonSkippedSpace
2021-11-19T10:23:41,044|[TRACE] graph - <----- statementPart
2021-11-19T10:23:41,044|[TRACE] graph - -----> statementPart
2021-11-19T10:23:41,044|[TRACE] graph - -------> nonSkippedSpace
2021-11-19T10:23:41,044|[TRACE] script - #out(` `) [token]
2021-11-19T10:23:41,044|[TRACE] graph - <------- nonSkippedSpace
2021-11-19T10:23:41,044|[TRACE] graph - <----- statementPart
2021-11-19T10:23:41,044|[TRACE] graph - -----> statementPart
2021-11-19T10:23:41,044|[TRACE] graph - -------> quotedString
2021-11-19T10:23:41,044|[TRACE] script - #out(``name``) [token]
2021-11-19T10:23:41,044|[TRACE] graph - <------- quotedString
2021-11-19T10:23:41,044|[TRACE] graph - <----- statementPart
2021-11-19T10:23:41,044|[TRACE] graph - -----> statementPart
2021-11-19T10:23:41,044|[TRACE] graph - -------> nonSkippedSpace
2021-11-19T10:23:41,044|[TRACE] script - #out(` `) [token]
2021-11-19T10:23:41,044|[TRACE] graph - <------- nonSkippedSpace
2021-11-19T10:23:41,044|[TRACE] graph - <----- statementPart
2021-11-19T10:23:41,044|[TRACE] graph - -----> statementPart
2021-11-19T10:23:41,044|[TRACE] graph - -------> nonSkippedChar
2021-11-19T10:23:41,044|[TRACE] script - #out(`V`) [token]
2021-11-19T10:23:41,044|[TRACE] graph - <------- nonSkippedChar
2021-11-19T10:23:41,044|[TRACE] graph - <----- statementPart
2021-11-19T10:23:41,044|[TRACE] graph - -----> statementPart
2021-11-19T10:23:41,044|[TRACE] graph - -------> nonSkippedChar
2021-11-19T10:23:41,044|[TRACE] script - #out(`A`) [token]
2021-11-19T10:23:41,044|[TRACE] graph - <------- nonSkippedChar
2021-11-19T10:23:41,044|[TRACE] graph - <----- statementPart
2021-11-19T10:23:41,044|[TRACE] graph - -----> statementPart
2021-11-19T10:23:41,044|[TRACE] graph - -------> nonSkippedChar
2021-11-19T10:23:41,044|[TRACE] script - #out(`R`) [token]
2021-11-19T10:23:41,044|[TRACE] graph - <------- nonSkippedChar
2021-11-19T10:23:41,044|[TRACE] graph - <----- statementPart
2021-11-19T10:23:41,044|[TRACE] graph - -----> statementPart
2021-11-19T10:23:41,044|[TRACE] graph - -------> nonSkippedChar
2021-11-19T10:23:41,044|[TRACE] script - #out(`C`) [token]
2021-11-19T10:23:41,044|[TRACE] graph - <------- nonSkippedChar
2021-11-19T10:23:41,044|[TRACE] graph - <----- statementPart
2021-11-19T10:23:41,044|[TRACE] graph - -----> statementPart
2021-11-19T10:23:41,044|[TRACE] graph - -------> nonSkippedChar
2021-11-19T10:23:41,044|[TRACE] script - #out(`H`) [token]
2021-11-19T10:23:41,044|[TRACE] graph - <------- nonSkippedChar
2021-11-19T10:23:41,044|[TRACE] graph - <----- statementPart
2021-11-19T10:23:41,044|[TRACE] graph - -----> statementPart
2021-11-19T10:23:41,044|[TRACE] graph - -------> nonSkippedChar
2021-11-19T10:23:41,044|[TRACE] script - #out(`A`) [token]
2021-11-19T10:23:41,044|[TRACE] graph - <------- nonSkippedChar
2021-11-19T10:23:41,044|[TRACE] graph - <----- statementPart
2021-11-19T10:23:41,044|[TRACE] graph - -----> statementPart
2021-11-19T10:23:41,044|[TRACE] graph - -------> nonSkippedChar
2021-11-19T10:23:41,044|[TRACE] script - #out(`R`) [token]
2021-11-19T10:23:41,044|[TRACE] graph - <------- nonSkippedChar
2021-11-19T10:23:41,044|[TRACE] graph - <----- statementPart
2021-11-19T10:23:41,044|[TRACE] graph - -----> statementPart
2021-11-19T10:23:41,044|[TRACE] graph - -------> nonSkippedChar
2021-11-19T10:23:41,044|[TRACE] script - #out(`(`) [token]
2021-11-19T10:23:41,044|[TRACE] graph - <------- nonSkippedChar
2021-11-19T10:23:41,044|[TRACE] graph - <----- statementPart
2021-11-19T10:23:41,044|[TRACE] graph - -----> statementPart
2021-11-19T10:23:41,044|[TRACE] graph - -------> nonSkippedChar
2021-11-19T10:23:41,044|[TRACE] script - #out(`1`) [token]
2021-11-19T10:23:41,044|[TRACE] graph - <------- nonSkippedChar
2021-11-19T10:23:41,044|[TRACE] graph - <----- statementPart
2021-11-19T10:23:41,044|[TRACE] graph - -----> statementPart
2021-11-19T10:23:41,044|[TRACE] graph - -------> nonSkippedChar
2021-11-19T10:23:41,044|[TRACE] script - #out(`0`) [token]
2021-11-19T10:23:41,044|[TRACE] graph - <------- nonSkippedChar
2021-11-19T10:23:41,044|[TRACE] graph - <----- statementPart
2021-11-19T10:23:41,044|[TRACE] graph - -----> statementPart
2021-11-19T10:23:41,044|[TRACE] graph - -------> nonSkippedChar
2021-11-19T10:23:41,044|[TRACE] script - #out(`0`) [token]
2021-11-19T10:23:41,044|[TRACE] graph - <------- nonSkippedChar
2021-11-19T10:23:41,044|[TRACE] graph - <----- statementPart
2021-11-19T10:23:41,044|[TRACE] graph - -----> statementPart
2021-11-19T10:23:41,044|[TRACE] graph - -------> nonSkippedChar
2021-11-19T10:23:41,044|[TRACE] script - #out(`)`) [token]
2021-11-19T10:23:41,044|[TRACE] graph - <------- nonSkippedChar
2021-11-19T10:23:41,044|[TRACE] graph - <----- statementPart
2021-11-19T10:23:41,044|[TRACE] graph - -----> statementPart
2021-11-19T10:23:41,044|[TRACE] graph - -------> nonSkippedSpace
2021-11-19T10:23:41,044|[TRACE] script - #out(` `) [token]
2021-11-19T10:23:41,044|[TRACE] graph - <------- nonSkippedSpace
2021-11-19T10:23:41,044|[TRACE] graph - <----- statementPart
2021-11-19T10:23:41,044|[TRACE] graph - -----> statementPart
2021-11-19T10:23:41,044|[TRACE] graph - -------> nonSkippedChar
2021-11-19T10:23:41,044|[TRACE] script - #out(`N`) [token]
2021-11-19T10:23:41,044|[TRACE] graph - <------- nonSkippedChar
2021-11-19T10:23:41,044|[TRACE] graph - <----- statementPart
2021-11-19T10:23:41,044|[TRACE] graph - -----> statementPart
2021-11-19T10:23:41,044|[TRACE] graph - -------> nonSkippedChar
2021-11-19T10:23:41,044|[TRACE] script - #out(`O`) [token]
2021-11-19T10:23:41,044|[TRACE] graph - <------- nonSkippedChar
2021-11-19T10:23:41,044|[TRACE] graph - <----- statementPart
2021-11-19T10:23:41,044|[TRACE] graph - -----> statementPart
2021-11-19T10:23:41,044|[TRACE] graph - -------> nonSkippedChar
2021-11-19T10:23:41,044|[TRACE] script - #out(`T`) [token]
2021-11-19T10:23:41,044|[TRACE] graph - <------- nonSkippedChar
2021-11-19T10:23:41,044|[TRACE] graph - <----- statementPart
2021-11-19T10:23:41,044|[TRACE] graph - -----> statementPart
2021-11-19T10:23:41,044|[TRACE] graph - -------> nonSkippedSpace
2021-11-19T10:23:41,044|[TRACE] script - #out(` `) [token]
2021-11-19T10:23:41,044|[TRACE] graph - <------- nonSkippedSpace
2021-11-19T10:23:41,044|[TRACE] graph - <----- statementPart
2021-11-19T10:23:41,044|[TRACE] graph - -----> statementPart
2021-11-19T10:23:41,044|[TRACE] graph - -------> nonSkippedChar
2021-11-19T10:23:41,044|[TRACE] script - #out(`N`) [token]
2021-11-19T10:23:41,044|[TRACE] graph - <------- nonSkippedChar
2021-11-19T10:23:41,044|[TRACE] graph - <----- statementPart
2021-11-19T10:23:41,044|[TRACE] graph - -----> statementPart
2021-11-19T10:23:41,044|[TRACE] graph - -------> nonSkippedChar
2021-11-19T10:23:41,044|[TRACE] script - #out(`U`) [token]
2021-11-19T10:23:41,044|[TRACE] graph - <------- nonSkippedChar
2021-11-19T10:23:41,044|[TRACE] graph - <----- statementPart
2021-11-19T10:23:41,044|[TRACE] graph - -----> statementPart
2021-11-19T10:23:41,044|[TRACE] graph - -------> nonSkippedChar
2021-11-19T10:23:41,044|[TRACE] script - #out(`L`) [token]
2021-11-19T10:23:41,044|[TRACE] graph - <------- nonSkippedChar
2021-11-19T10:23:41,044|[TRACE] graph - <----- statementPart
2021-11-19T10:23:41,044|[TRACE] graph - -----> statementPart
2021-11-19T10:23:41,044|[TRACE] graph - -------> nonSkippedChar
2021-11-19T10:23:41,044|[TRACE] script - #out(`L`) [token]
2021-11-19T10:23:41,044|[TRACE] graph - <------- nonSkippedChar
2021-11-19T10:23:41,044|[TRACE] graph - <----- statementPart
2021-11-19T10:23:41,044|[TRACE] graph - -----> statementPart
2021-11-19T10:23:41,044|[TRACE] graph - -------> nonSkippedChar
2021-11-19T10:23:41,044|[TRACE] script - #out(`,`) [token]
2021-11-19T10:23:41,044|[TRACE] graph - <------- nonSkippedChar
2021-11-19T10:23:41,044|[TRACE] graph - <----- statementPart
2021-11-19T10:23:41,044|[TRACE] graph - -----> afterStatementPartNewline
2021-11-19T10:23:41,044|[TRACE] script - #out(` `) [text]
2021-11-19T10:23:41,044|[TRACE] graph - <----- afterStatementPartNewline
2021-11-19T10:23:41,044|[TRACE] graph - -----> statementPart
2021-11-19T10:23:41,044|[TRACE] graph - -------> nonSkippedSpace
2021-11-19T10:23:41,044|[TRACE] script - #out(` `) [token]
2021-11-19T10:23:41,044|[TRACE] graph - <------- nonSkippedSpace
2021-11-19T10:23:41,045|[TRACE] graph - <----- statementPart
2021-11-19T10:23:41,045|[TRACE] graph - -----> statementPart
2021-11-19T10:23:41,045|[TRACE] graph - -------> nonSkippedSpace
2021-11-19T10:23:41,045|[TRACE] script - #out(` `) [token]
2021-11-19T10:23:41,045|[TRACE] graph - <------- nonSkippedSpace
2021-11-19T10:23:41,045|[TRACE] graph - <----- statementPart
2021-11-19T10:23:41,045|[TRACE] graph - -----> statementPart
2021-11-19T10:23:41,045|[TRACE] graph - -------> quotedString
2021-11-19T10:23:41,045|[TRACE] script - #out(``privately_owned``) [token]
2021-11-19T10:23:41,045|[TRACE] graph - <------- quotedString
2021-11-19T10:23:41,045|[TRACE] graph - <----- statementPart
2021-11-19T10:23:41,045|[TRACE] graph - -----> statementPart
2021-11-19T10:23:41,045|[TRACE] graph - -------> nonSkippedSpace
2021-11-19T10:23:41,045|[TRACE] script - #out(` `) [token]
2021-11-19T10:23:41,045|[TRACE] graph - <------- nonSkippedSpace
2021-11-19T10:23:41,045|[TRACE] graph - <----- statementPart
2021-11-19T10:23:41,045|[TRACE] graph - -----> statementPart
2021-11-19T10:23:41,045|[TRACE] graph - -------> nonSkippedChar
2021-11-19T10:23:41,045|[TRACE] script - #out(`B`) [token]
2021-11-19T10:23:41,045|[TRACE] graph - <------- nonSkippedChar
2021-11-19T10:23:41,045|[TRACE] graph - <----- statementPart
2021-11-19T10:23:41,045|[TRACE] graph - -----> statementPart
2021-11-19T10:23:41,045|[TRACE] graph - -------> nonSkippedChar
2021-11-19T10:23:41,045|[TRACE] script - #out(`I`) [token]
2021-11-19T10:23:41,045|[TRACE] graph - <------- nonSkippedChar
2021-11-19T10:23:41,045|[TRACE] graph - <----- statementPart
2021-11-19T10:23:41,045|[TRACE] graph - -----> statementPart
2021-11-19T10:23:41,045|[TRACE] graph - -------> nonSkippedChar
2021-11-19T10:23:41,045|[TRACE] script - #out(`T`) [token]
2021-11-19T10:23:41,045|[TRACE] graph - <------- nonSkippedChar
2021-11-19T10:23:41,045|[TRACE] graph - <----- statementPart
2021-11-19T10:23:41,045|[TRACE] graph - -----> statementPart
2021-11-19T10:23:41,045|[TRACE] graph - -------> nonSkippedChar
2021-11-19T10:23:41,045|[TRACE] script - #out(`(`) [token]
2021-11-19T10:23:41,045|[TRACE] graph - <------- nonSkippedChar
2021-11-19T10:23:41,045|[TRACE] graph - <----- statementPart
2021-11-19T10:23:41,045|[TRACE] graph - -----> statementPart
2021-11-19T10:23:41,045|[TRACE] graph - -------> nonSkippedChar
2021-11-19T10:23:41,045|[TRACE] script - #out(`1`) [token]
2021-11-19T10:23:41,045|[TRACE] graph - <------- nonSkippedChar
2021-11-19T10:23:41,045|[TRACE] graph - <----- statementPart
2021-11-19T10:23:41,045|[TRACE] graph - -----> statementPart
2021-11-19T10:23:41,045|[TRACE] graph - -------> nonSkippedChar
2021-11-19T10:23:41,045|[TRACE] script - #out(`)`) [token]
2021-11-19T10:23:41,045|[TRACE] graph - <------- nonSkippedChar
2021-11-19T10:23:41,045|[TRACE] graph - <----- statementPart
2021-11-19T10:23:41,045|[TRACE] graph - -----> statementPart
2021-11-19T10:23:41,045|[TRACE] graph - -------> nonSkippedSpace
2021-11-19T10:23:41,045|[TRACE] script - #out(` `) [token]
2021-11-19T10:23:41,045|[TRACE] graph - <------- nonSkippedSpace
2021-11-19T10:23:41,045|[TRACE] graph - <----- statementPart
2021-11-19T10:23:41,045|[TRACE] graph - -----> statementPart
2021-11-19T10:23:41,045|[TRACE] graph - -------> nonSkippedChar
2021-11-19T10:23:41,045|[TRACE] script - #out(`N`) [token]
2021-11-19T10:23:41,045|[TRACE] graph - <------- nonSkippedChar
2021-11-19T10:23:41,045|[TRACE] graph - <----- statementPart
2021-11-19T10:23:41,045|[TRACE] graph - -----> statementPart
2021-11-19T10:23:41,045|[TRACE] graph - -------> nonSkippedChar
2021-11-19T10:23:41,045|[TRACE] script - #out(`O`) [token]
2021-11-19T10:23:41,045|[TRACE] graph - <------- nonSkippedChar
2021-11-19T10:23:41,045|[TRACE] graph - <----- statementPart
2021-11-19T10:23:41,045|[TRACE] graph - -----> statementPart
2021-11-19T10:23:41,045|[TRACE] graph - -------> nonSkippedChar
2021-11-19T10:23:41,045|[TRACE] script - #out(`T`) [token]
2021-11-19T10:23:41,045|[TRACE] graph - <------- nonSkippedChar
2021-11-19T10:23:41,045|[TRACE] graph - <----- statementPart
2021-11-19T10:23:41,045|[TRACE] graph - -----> statementPart
2021-11-19T10:23:41,045|[TRACE] graph - -------> nonSkippedSpace
2021-11-19T10:23:41,045|[TRACE] script - #out(` `) [token]
2021-11-19T10:23:41,045|[TRACE] graph - <------- nonSkippedSpace
2021-11-19T10:23:41,045|[TRACE] graph - <----- statementPart
2021-11-19T10:23:41,045|[TRACE] graph - -----> statementPart
2021-11-19T10:23:41,045|[TRACE] graph - -------> nonSkippedChar
2021-11-19T10:23:41,045|[TRACE] script - #out(`N`) [token]
2021-11-19T10:23:41,045|[TRACE] graph - <------- nonSkippedChar
2021-11-19T10:23:41,045|[TRACE] graph - <----- statementPart
2021-11-19T10:23:41,045|[TRACE] graph - -----> statementPart
2021-11-19T10:23:41,045|[TRACE] graph - -------> nonSkippedChar
2021-11-19T10:23:41,045|[TRACE] script - #out(`U`) [token]
2021-11-19T10:23:41,045|[TRACE] graph - <------- nonSkippedChar
2021-11-19T10:23:41,045|[TRACE] graph - <----- statementPart
2021-11-19T10:23:41,045|[TRACE] graph - -----> statementPart
2021-11-19T10:23:41,045|[TRACE] graph - -------> nonSkippedChar
2021-11-19T10:23:41,045|[TRACE] script - #out(`L`) [token]
2021-11-19T10:23:41,045|[TRACE] graph - <------- nonSkippedChar
2021-11-19T10:23:41,045|[TRACE] graph - <----- statementPart
2021-11-19T10:23:41,045|[TRACE] graph - -----> statementPart
2021-11-19T10:23:41,045|[TRACE] graph - -------> nonSkippedChar
2021-11-19T10:23:41,045|[TRACE] script - #out(`L`) [token]
2021-11-19T10:23:41,045|[TRACE] graph - <------- nonSkippedChar
2021-11-19T10:23:41,045|[TRACE] graph - <----- statementPart
2021-11-19T10:23:41,045|[TRACE] graph - -----> statementPart
2021-11-19T10:23:41,045|[TRACE] graph - -------> nonSkippedChar
2021-11-19T10:23:41,045|[TRACE] script - #out(`,`) [token]
2021-11-19T10:23:41,045|[TRACE] graph - <------- nonSkippedChar
2021-11-19T10:23:41,045|[TRACE] graph - <----- statementPart
2021-11-19T10:23:41,045|[TRACE] graph - -----> afterStatementPartNewline
2021-11-19T10:23:41,045|[TRACE] script - #out(` `) [text]
2021-11-19T10:23:41,045|[TRACE] graph - <----- afterStatementPartNewline
2021-11-19T10:23:41,045|[TRACE] graph - -----> statementPart
2021-11-19T10:23:41,045|[TRACE] graph - -------> nonSkippedSpace
2021-11-19T10:23:41,045|[TRACE] script - #out(` `) [token]
2021-11-19T10:23:41,045|[TRACE] graph - <------- nonSkippedSpace
2021-11-19T10:23:41,045|[TRACE] graph - <----- statementPart
2021-11-19T10:23:41,046|[TRACE] graph - -----> statementPart
2021-11-19T10:23:41,046|[TRACE] graph - -------> nonSkippedSpace
2021-11-19T10:23:41,046|[TRACE] script - #out(` `) [token]
2021-11-19T10:23:41,046|[TRACE] graph - <------- nonSkippedSpace
2021-11-19T10:23:41,046|[TRACE] graph - <----- statementPart
2021-11-19T10:23:41,046|[TRACE] graph - -----> statementPart
2021-11-19T10:23:41,046|[TRACE] graph - -------> quotedString
2021-11-19T10:23:41,046|[TRACE] script - #out(``created``) [token]
2021-11-19T10:23:41,046|[TRACE] graph - <------- quotedString
2021-11-19T10:23:41,046|[TRACE] graph - <----- statementPart
2021-11-19T10:23:41,046|[TRACE] graph - -----> statementPart
2021-11-19T10:23:41,046|[TRACE] graph - -------> nonSkippedSpace
2021-11-19T10:23:41,046|[TRACE] script - #out(` `) [token]
2021-11-19T10:23:41,046|[TRACE] graph - <------- nonSkippedSpace
2021-11-19T10:23:41,046|[TRACE] graph - <----- statementPart
2021-11-19T10:23:41,046|[TRACE] graph - -----> statementPart
2021-11-19T10:23:41,046|[TRACE] graph - -------> nonSkippedChar
2021-11-19T10:23:41,046|[TRACE] script - #out(`B`) [token]
2021-11-19T10:23:41,046|[TRACE] graph - <------- nonSkippedChar
2021-11-19T10:23:41,046|[TRACE] graph - <----- statementPart
2021-11-19T10:23:41,046|[TRACE] graph - -----> statementPart
2021-11-19T10:23:41,046|[TRACE] graph - -------> nonSkippedChar
2021-11-19T10:23:41,046|[TRACE] script - #out(`I`) [token]
2021-11-19T10:23:41,046|[TRACE] graph - <------- nonSkippedChar
2021-11-19T10:23:41,046|[TRACE] graph - <----- statementPart
2021-11-19T10:23:41,046|[TRACE] graph - -----> statementPart
2021-11-19T10:23:41,046|[TRACE] graph - -------> nonSkippedChar
2021-11-19T10:23:41,046|[TRACE] script - #out(`G`) [token]
2021-11-19T10:23:41,046|[TRACE] graph - <------- nonSkippedChar
2021-11-19T10:23:41,046|[TRACE] graph - <----- statementPart
2021-11-19T10:23:41,046|[TRACE] graph - -----> statementPart
2021-11-19T10:23:41,046|[TRACE] graph - -------> nonSkippedChar
2021-11-19T10:23:41,046|[TRACE] script - #out(`I`) [token]
2021-11-19T10:23:41,046|[TRACE] graph - <------- nonSkippedChar
2021-11-19T10:23:41,046|[TRACE] graph - <----- statementPart
2021-11-19T10:23:41,046|[TRACE] graph - -----> statementPart
2021-11-19T10:23:41,046|[TRACE] graph - -------> nonSkippedChar
2021-11-19T10:23:41,046|[TRACE] script - #out(`N`) [token]
2021-11-19T10:23:41,046|[TRACE] graph - <------- nonSkippedChar
2021-11-19T10:23:41,046|[TRACE] graph - <----- statementPart
2021-11-19T10:23:41,046|[TRACE] graph - -----> statementPart
2021-11-19T10:23:41,046|[TRACE] graph - -------> nonSkippedChar
2021-11-19T10:23:41,046|[TRACE] script - #out(`T`) [token]
2021-11-19T10:23:41,046|[TRACE] graph - <------- nonSkippedChar
2021-11-19T10:23:41,046|[TRACE] graph - <----- statementPart
2021-11-19T10:23:41,046|[TRACE] graph - -----> statementPart
2021-11-19T10:23:41,046|[TRACE] graph - -------> nonSkippedSpace
2021-11-19T10:23:41,046|[TRACE] script - #out(` `) [token]
2021-11-19T10:23:41,046|[TRACE] graph - <------- nonSkippedSpace
2021-11-19T10:23:41,046|[TRACE] graph - <----- statementPart
2021-11-19T10:23:41,046|[TRACE] graph - -----> statementPart
2021-11-19T10:23:41,046|[TRACE] graph - -------> nonSkippedChar
2021-11-19T10:23:41,046|[TRACE] script - #out(`N`) [token]
2021-11-19T10:23:41,046|[TRACE] graph - <------- nonSkippedChar
2021-11-19T10:23:41,046|[TRACE] graph - <----- statementPart
2021-11-19T10:23:41,046|[TRACE] graph - -----> statementPart
2021-11-19T10:23:41,046|[TRACE] graph - -------> nonSkippedChar
2021-11-19T10:23:41,046|[TRACE] script - #out(`O`) [token]
2021-11-19T10:23:41,046|[TRACE] graph - <------- nonSkippedChar
2021-11-19T10:23:41,046|[TRACE] graph - <----- statementPart
2021-11-19T10:23:41,046|[TRACE] graph - -----> statementPart
2021-11-19T10:23:41,046|[TRACE] graph - -------> nonSkippedChar
2021-11-19T10:23:41,046|[TRACE] script - #out(`T`) [token]
2021-11-19T10:23:41,046|[TRACE] graph - <------- nonSkippedChar
2021-11-19T10:23:41,046|[TRACE] graph - <----- statementPart
2021-11-19T10:23:41,046|[TRACE] graph - -----> statementPart
2021-11-19T10:23:41,046|[TRACE] graph - -------> nonSkippedSpace
2021-11-19T10:23:41,046|[TRACE] script - #out(` `) [token]
2021-11-19T10:23:41,046|[TRACE] graph - <------- nonSkippedSpace
2021-11-19T10:23:41,046|[TRACE] graph - <----- statementPart
2021-11-19T10:23:41,046|[TRACE] graph - -----> statementPart
2021-11-19T10:23:41,046|[TRACE] graph - -------> nonSkippedChar
2021-11-19T10:23:41,046|[TRACE] script - #out(`N`) [token]
2021-11-19T10:23:41,046|[TRACE] graph - <------- nonSkippedChar
2021-11-19T10:23:41,046|[TRACE] graph - <----- statementPart
2021-11-19T10:23:41,046|[TRACE] graph - -----> statementPart
2021-11-19T10:23:41,046|[TRACE] graph - -------> nonSkippedChar
2021-11-19T10:23:41,046|[TRACE] script - #out(`U`) [token]
2021-11-19T10:23:41,046|[TRACE] graph - <------- nonSkippedChar
2021-11-19T10:23:41,046|[TRACE] graph - <----- statementPart
2021-11-19T10:23:41,046|[TRACE] graph - -----> statementPart
2021-11-19T10:23:41,046|[TRACE] graph - -------> nonSkippedChar
2021-11-19T10:23:41,046|[TRACE] script - #out(`L`) [token]
2021-11-19T10:23:41,046|[TRACE] graph - <------- nonSkippedChar
2021-11-19T10:23:41,046|[TRACE] graph - <----- statementPart
2021-11-19T10:23:41,046|[TRACE] graph - -----> statementPart
2021-11-19T10:23:41,046|[TRACE] graph - -------> nonSkippedChar
2021-11-19T10:23:41,046|[TRACE] script - #out(`L`) [token]
2021-11-19T10:23:41,046|[TRACE] graph - <------- nonSkippedChar
2021-11-19T10:23:41,046|[TRACE] graph - <----- statementPart
2021-11-19T10:23:41,046|[TRACE] graph - -----> statementPart
2021-11-19T10:23:41,046|[TRACE] graph - -------> nonSkippedSpace
2021-11-19T10:23:41,046|[TRACE] script - #out(` `) [token]
2021-11-19T10:23:41,046|[TRACE] graph - <------- nonSkippedSpace
2021-11-19T10:23:41,046|[TRACE] graph - <----- statementPart
2021-11-19T10:23:41,046|[TRACE] graph - -----> statementPart
2021-11-19T10:23:41,046|[TRACE] graph - -------> nonSkippedChar
2021-11-19T10:23:41,046|[TRACE] script - #out(`D`) [token]
2021-11-19T10:23:41,046|[TRACE] graph - <------- nonSkippedChar
2021-11-19T10:23:41,046|[TRACE] graph - <----- statementPart
2021-11-19T10:23:41,046|[TRACE] graph - -----> statementPart
2021-11-19T10:23:41,046|[TRACE] graph - -------> nonSkippedChar
2021-11-19T10:23:41,046|[TRACE] script - #out(`E`) [token]
2021-11-19T10:23:41,046|[TRACE] graph - <------- nonSkippedChar
2021-11-19T10:23:41,046|[TRACE] graph - <----- statementPart
2021-11-19T10:23:41,046|[TRACE] graph - -----> statementPart
2021-11-19T10:23:41,046|[TRACE] graph - -------> nonSkippedChar
2021-11-19T10:23:41,046|[TRACE] script - #out(`F`) [token]
2021-11-19T10:23:41,046|[TRACE] graph - <------- nonSkippedChar
2021-11-19T10:23:41,046|[TRACE] graph - <----- statementPart
2021-11-19T10:23:41,046|[TRACE] graph - -----> statementPart
2021-11-19T10:23:41,046|[TRACE] graph - -------> nonSkippedChar
2021-11-19T10:23:41,046|[TRACE] script - #out(`A`) [token]
2021-11-19T10:23:41,047|[TRACE] graph - <------- nonSkippedChar
2021-11-19T10:23:41,047|[TRACE] graph - <----- statementPart
2021-11-19T10:23:41,047|[TRACE] graph - -----> statementPart
2021-11-19T10:23:41,047|[TRACE] graph - -------> nonSkippedChar
2021-11-19T10:23:41,047|[TRACE] script - #out(`U`) [token]
2021-11-19T10:23:41,047|[TRACE] graph - <------- nonSkippedChar
2021-11-19T10:23:41,047|[TRACE] graph - <----- statementPart
2021-11-19T10:23:41,047|[TRACE] graph - -----> statementPart
2021-11-19T10:23:41,047|[TRACE] graph - -------> nonSkippedChar
2021-11-19T10:23:41,047|[TRACE] script - #out(`L`) [token]
2021-11-19T10:23:41,047|[TRACE] graph - <------- nonSkippedChar
2021-11-19T10:23:41,047|[TRACE] graph - <----- statementPart
2021-11-19T10:23:41,047|[TRACE] graph - -----> statementPart
2021-11-19T10:23:41,047|[TRACE] graph - -------> nonSkippedChar
2021-11-19T10:23:41,047|[TRACE] script - #out(`T`) [token]
2021-11-19T10:23:41,047|[TRACE] graph - <------- nonSkippedChar
2021-11-19T10:23:41,047|[TRACE] graph - <----- statementPart
2021-11-19T10:23:41,047|[TRACE] graph - -----> statementPart
2021-11-19T10:23:41,047|[TRACE] graph - -------> nonSkippedSpace
2021-11-19T10:23:41,047|[TRACE] script - #out(` `) [token]
2021-11-19T10:23:41,047|[TRACE] graph - <------- nonSkippedSpace
2021-11-19T10:23:41,047|[TRACE] graph - <----- statementPart
2021-11-19T10:23:41,047|[TRACE] graph - -----> statementPart
2021-11-19T10:23:41,047|[TRACE] graph - -------> nonSkippedChar
2021-11-19T10:23:41,052|[TRACE] script - #out(`(`) [token]
2021-11-19T10:23:41,052|[TRACE] graph - <------- nonSkippedChar
2021-11-19T10:23:41,052|[TRACE] graph - <----- statementPart
2021-11-19T10:23:41,103|[TRACE] graph - -----> statementPart
2021-11-19T10:23:41,103|[TRACE] graph - -------> nonSkippedChar
2021-11-19T10:23:41,103|[TRACE] script - #out(`u`) [token]
2021-11-19T10:23:41,103|[TRACE] graph - <------- nonSkippedChar
2021-11-19T10:23:41,103|[TRACE] graph - <----- statementPart
2021-11-19T10:23:41,103|[TRACE] graph - -----> statementPart
2021-11-19T10:23:41,103|[TRACE] graph - -------> nonSkippedChar
2021-11-19T10:23:41,103|[TRACE] script - #out(`n`) [token]
2021-11-19T10:23:41,103|[TRACE] graph - <------- nonSkippedChar
2021-11-19T10:23:41,103|[TRACE] graph - <----- statementPart
2021-11-19T10:23:41,104|[TRACE] graph - -----> statementPart
2021-11-19T10:23:41,104|[TRACE] graph - -------> nonSkippedChar
2021-11-19T10:23:41,104|[TRACE] script - #out(`i`) [token]
2021-11-19T10:23:41,104|[TRACE] graph - <------- nonSkippedChar
2021-11-19T10:23:41,104|[TRACE] graph - <----- statementPart
2021-11-19T10:23:41,104|[TRACE] graph - -----> statementPart
2021-11-19T10:23:41,104|[TRACE] graph - -------> nonSkippedChar
2021-11-19T10:23:41,104|[TRACE] script - #out(`x`) [token]
2021-11-19T10:23:41,104|[TRACE] graph - <------- nonSkippedChar
2021-11-19T10:23:41,104|[TRACE] graph - <----- statementPart
2021-11-19T10:23:41,104|[TRACE] graph - -----> statementPart
2021-11-19T10:23:41,104|[TRACE] graph - -------> nonSkippedChar
2021-11-19T10:23:41,104|[TRACE] script - #out(`_`) [token]
2021-11-19T10:23:41,104|[TRACE] graph - <------- nonSkippedChar
2021-11-19T10:23:41,104|[TRACE] graph - <----- statementPart
2021-11-19T10:23:41,104|[TRACE] graph - -----> statementPart
2021-11-19T10:23:41,104|[TRACE] graph - -------> nonSkippedChar
2021-11-19T10:23:41,104|[TRACE] script - #out(`t`) [token]
2021-11-19T10:23:41,104|[TRACE] graph - <------- nonSkippedChar
2021-11-19T10:23:41,104|[TRACE] graph - <----- statementPart
2021-11-19T10:23:41,104|[TRACE] graph - -----> statementPart
2021-11-19T10:23:41,104|[TRACE] graph - -------> nonSkippedChar
2021-11-19T10:23:41,104|[TRACE] script - #out(`i`) [token]
2021-11-19T10:23:41,104|[TRACE] graph - <------- nonSkippedChar
2021-11-19T10:23:41,104|[TRACE] graph - <----- statementPart
2021-11-19T10:23:41,104|[TRACE] graph - -----> statementPart
2021-11-19T10:23:41,104|[TRACE] graph - -------> nonSkippedChar
2021-11-19T10:23:41,104|[TRACE] script - #out(`m`) [token]
2021-11-19T10:23:41,104|[TRACE] graph - <------- nonSkippedChar
2021-11-19T10:23:41,104|[TRACE] graph - <----- statementPart
2021-11-19T10:23:41,104|[TRACE] graph - -----> statementPart
2021-11-19T10:23:41,104|[TRACE] graph - -------> nonSkippedChar
2021-11-19T10:23:41,104|[TRACE] script - #out(`e`) [token]
2021-11-19T10:23:41,104|[TRACE] graph - <------- nonSkippedChar
2021-11-19T10:23:41,104|[TRACE] graph - <----- statementPart
2021-11-19T10:23:41,104|[TRACE] graph - -----> statementPart
2021-11-19T10:23:41,104|[TRACE] graph - -------> nonSkippedChar
2021-11-19T10:23:41,104|[TRACE] script - #out(`s`) [token]
2021-11-19T10:23:41,104|[TRACE] graph - <------- nonSkippedChar
2021-11-19T10:23:41,104|[TRACE] graph - <----- statementPart
2021-11-19T10:23:41,104|[TRACE] graph - -----> statementPart
2021-11-19T10:23:41,104|[TRACE] graph - -------> nonSkippedChar
2021-11-19T10:23:41,104|[TRACE] script - #out(`t`) [token]
2021-11-19T10:23:41,104|[TRACE] graph - <------- nonSkippedChar
2021-11-19T10:23:41,104|[TRACE] graph - <----- statementPart
2021-11-19T10:23:41,104|[TRACE] graph - -----> statementPart
2021-11-19T10:23:41,104|[TRACE] graph - -------> nonSkippedChar
2021-11-19T10:23:41,104|[TRACE] script - #out(`a`) [token]
2021-11-19T10:23:41,104|[TRACE] graph - <------- nonSkippedChar
2021-11-19T10:23:41,104|[TRACE] graph - <----- statementPart
2021-11-19T10:23:41,104|[TRACE] graph - -----> statementPart
2021-11-19T10:23:41,104|[TRACE] graph - -------> nonSkippedChar
2021-11-19T10:23:41,104|[TRACE] script - #out(`m`) [token]
2021-11-19T10:23:41,104|[TRACE] graph - <------- nonSkippedChar
2021-11-19T10:23:41,104|[TRACE] graph - <----- statementPart
2021-11-19T10:23:41,104|[TRACE] graph - -----> statementPart
2021-11-19T10:23:41,104|[TRACE] graph - -------> nonSkippedChar
2021-11-19T10:23:41,104|[TRACE] script - #out(`p`) [token]
2021-11-19T10:23:41,104|[TRACE] graph - <------- nonSkippedChar
2021-11-19T10:23:41,104|[TRACE] graph - <----- statementPart
2021-11-19T10:23:41,104|[TRACE] graph - -----> statementPart
2021-11-19T10:23:41,104|[TRACE] graph - -------> nonSkippedChar
2021-11-19T10:23:41,104|[TRACE] script - #out(`(`) [token]
2021-11-19T10:23:41,104|[TRACE] graph - <------- nonSkippedChar
2021-11-19T10:23:41,104|[TRACE] graph - <----- statementPart
2021-11-19T10:23:41,104|[TRACE] graph - -----> statementPart
2021-11-19T10:23:41,104|[TRACE] graph - -------> nonSkippedChar
2021-11-19T10:23:41,104|[TRACE] script - #out(`n`) [token]
2021-11-19T10:23:41,104|[TRACE] graph - <------- nonSkippedChar
2021-11-19T10:23:41,104|[TRACE] graph - <----- statementPart
2021-11-19T10:23:41,104|[TRACE] graph - -----> statementPart
2021-11-19T10:23:41,104|[TRACE] graph - -------> nonSkippedChar
2021-11-19T10:23:41,104|[TRACE] script - #out(`o`) [token]
2021-11-19T10:23:41,104|[TRACE] graph - <------- nonSkippedChar
2021-11-19T10:23:41,104|[TRACE] graph - <----- statementPart
2021-11-19T10:23:41,104|[TRACE] graph - -----> statementPart
2021-11-19T10:23:41,104|[TRACE] graph - -------> nonSkippedChar
2021-11-19T10:23:41,104|[TRACE] script - #out(`w`) [token]
2021-11-19T10:23:41,104|[TRACE] graph - <------- nonSkippedChar
2021-11-19T10:23:41,104|[TRACE] graph - <----- statementPart
2021-11-19T10:23:41,104|[TRACE] graph - -----> statementPart
2021-11-19T10:23:41,104|[TRACE] graph - -------> nonSkippedChar
2021-11-19T10:23:41,104|[TRACE] script - #out(`(`) [token]
2021-11-19T10:23:41,104|[TRACE] graph - <------- nonSkippedChar
2021-11-19T10:23:41,104|[TRACE] graph - <----- statementPart
2021-11-19T10:23:41,104|[TRACE] graph - -----> statementPart
2021-11-19T10:23:41,104|[TRACE] graph - -------> nonSkippedChar
2021-11-19T10:23:41,104|[TRACE] script - #out(`)`) [token]
2021-11-19T10:23:41,104|[TRACE] graph - <------- nonSkippedChar
2021-11-19T10:23:41,104|[TRACE] graph - <----- statementPart
2021-11-19T10:23:41,104|[TRACE] graph - -----> statementPart
2021-11-19T10:23:41,104|[TRACE] graph - -------> nonSkippedChar
2021-11-19T10:23:41,104|[TRACE] script - #out(`)`) [token]
2021-11-19T10:23:41,104|[TRACE] graph - <------- nonSkippedChar
2021-11-19T10:23:41,104|[TRACE] graph - <----- statementPart
2021-11-19T10:23:41,104|[TRACE] graph - -----> statementPart
2021-11-19T10:23:41,104|[TRACE] graph - -------> nonSkippedSpace
2021-11-19T10:23:41,104|[TRACE] script - #out(` `) [token]
2021-11-19T10:23:41,104|[TRACE] graph - <------- nonSkippedSpace
2021-11-19T10:23:41,104|[TRACE] graph - <----- statementPart
2021-11-19T10:23:41,104|[TRACE] graph - -----> statementPart
2021-11-19T10:23:41,104|[TRACE] graph - -------> nonSkippedChar
2021-11-19T10:23:41,104|[TRACE] script - #out(`*`) [token]
2021-11-19T10:23:41,104|[TRACE] graph - <------- nonSkippedChar
2021-11-19T10:23:41,104|[TRACE] graph - <----- statementPart
2021-11-19T10:23:41,104|[TRACE] graph - -----> statementPart
2021-11-19T10:23:41,104|[TRACE] graph - -------> nonSkippedSpace
2021-11-19T10:23:41,104|[TRACE] script - #out(` `) [token]
2021-11-19T10:23:41,104|[TRACE] graph - <------- nonSkippedSpace
2021-11-19T10:23:41,104|[TRACE] graph - <----- statementPart
2021-11-19T10:23:41,104|[TRACE] graph - -----> statementPart
2021-11-19T10:23:41,104|[TRACE] graph - -------> nonSkippedChar
2021-11-19T10:23:41,104|[TRACE] script - #out(`1`) [token]
2021-11-19T10:23:41,104|[TRACE] graph - <------- nonSkippedChar
2021-11-19T10:23:41,104|[TRACE] graph - <----- statementPart
2021-11-19T10:23:41,104|[TRACE] graph - -----> statementPart
2021-11-19T10:23:41,104|[TRACE] graph - -------> nonSkippedChar
2021-11-19T10:23:41,104|[TRACE] script - #out(`0`) [token]
2021-11-19T10:23:41,104|[TRACE] graph - <------- nonSkippedChar
2021-11-19T10:23:41,104|[TRACE] graph - <----- statementPart
2021-11-19T10:23:41,104|[TRACE] graph - -----> statementPart
2021-11-19T10:23:41,104|[TRACE] graph - -------> nonSkippedChar
2021-11-19T10:23:41,104|[TRACE] script - #out(`0`) [token]
2021-11-19T10:23:41,104|[TRACE] graph - <------- nonSkippedChar
2021-11-19T10:23:41,104|[TRACE] graph - <----- statementPart
2021-11-19T10:23:41,104|[TRACE] graph - -----> statementPart
2021-11-19T10:23:41,104|[TRACE] graph - -------> nonSkippedChar
2021-11-19T10:23:41,104|[TRACE] script - #out(`0`) [token]
2021-11-19T10:23:41,104|[TRACE] graph - <------- nonSkippedChar
2021-11-19T10:23:41,104|[TRACE] graph - <----- statementPart
2021-11-19T10:23:41,104|[TRACE] graph - -----> statementPart
2021-11-19T10:23:41,104|[TRACE] graph - -------> nonSkippedChar
2021-11-19T10:23:41,104|[TRACE] script - #out(`)`) [token]
2021-11-19T10:23:41,104|[TRACE] graph - <------- nonSkippedChar
2021-11-19T10:23:41,104|[TRACE] graph - <----- statementPart
2021-11-19T10:23:41,104|[TRACE] graph - -----> statementPart
2021-11-19T10:23:41,104|[TRACE] graph - -------> nonSkippedChar
2021-11-19T10:23:41,104|[TRACE] script - #out(`,`) [token]
2021-11-19T10:23:41,104|[TRACE] graph - <------- nonSkippedChar
2021-11-19T10:23:41,104|[TRACE] graph - <----- statementPart
2021-11-19T10:23:41,105|[TRACE] graph - -----> afterStatementPartNewline
2021-11-19T10:23:41,105|[TRACE] script - #out(` `) [text]
2021-11-19T10:23:41,105|[TRACE] graph - <----- afterStatementPartNewline
2021-11-19T10:23:41,105|[TRACE] graph - -----> statementPart
2021-11-19T10:23:41,105|[TRACE] graph - -------> nonSkippedSpace
2021-11-19T10:23:41,105|[TRACE] script - #out(` `) [token]
2021-11-19T10:23:41,105|[TRACE] graph - <------- nonSkippedSpace
2021-11-19T10:23:41,105|[TRACE] graph - <----- statementPart
2021-11-19T10:23:41,105|[TRACE] graph - -----> statementPart
2021-11-19T10:23:41,105|[TRACE] graph - -------> nonSkippedSpace
2021-11-19T10:23:41,105|[TRACE] script - #out(` `) [token]
2021-11-19T10:23:41,105|[TRACE] graph - <------- nonSkippedSpace
2021-11-19T10:23:41,105|[TRACE] graph - <----- statementPart
2021-11-19T10:23:41,105|[TRACE] graph - -----> statementPart
2021-11-19T10:23:41,105|[TRACE] graph - -------> quotedString
2021-11-19T10:23:41,105|[TRACE] script - #out(``updated``) [token]
2021-11-19T10:23:41,105|[TRACE] graph - <------- quotedString
2021-11-19T10:23:41,105|[TRACE] graph - <----- statementPart
2021-11-19T10:23:41,105|[TRACE] graph - -----> statementPart
2021-11-19T10:23:41,105|[TRACE] graph - -------> nonSkippedSpace
2021-11-19T10:23:41,105|[TRACE] script - #out(` `) [token]
2021-11-19T10:23:41,105|[TRACE] graph - <------- nonSkippedSpace
2021-11-19T10:23:41,105|[TRACE] graph - <----- statementPart
2021-11-19T10:23:41,105|[TRACE] graph - -----> statementPart
2021-11-19T10:23:41,105|[TRACE] graph - -------> nonSkippedChar
2021-11-19T10:23:41,105|[TRACE] script - #out(`B`) [token]
2021-11-19T10:23:41,105|[TRACE] graph - <------- nonSkippedChar
2021-11-19T10:23:41,105|[TRACE] graph - <----- statementPart
2021-11-19T10:23:41,105|[TRACE] graph - -----> statementPart
2021-11-19T10:23:41,105|[TRACE] graph - -------> nonSkippedChar
2021-11-19T10:23:41,105|[TRACE] script - #out(`I`) [token]
2021-11-19T10:23:41,105|[TRACE] graph - <------- nonSkippedChar
2021-11-19T10:23:41,105|[TRACE] graph - <----- statementPart
2021-11-19T10:23:41,105|[TRACE] graph - -----> statementPart
2021-11-19T10:23:41,105|[TRACE] graph - -------> nonSkippedChar
2021-11-19T10:23:41,105|[TRACE] script - #out(`G`) [token]
2021-11-19T10:23:41,105|[TRACE] graph - <------- nonSkippedChar
2021-11-19T10:23:41,105|[TRACE] graph - <----- statementPart
2021-11-19T10:23:41,105|[TRACE] graph - -----> statementPart
2021-11-19T10:23:41,105|[TRACE] graph - -------> nonSkippedChar
2021-11-19T10:23:41,105|[TRACE] script - #out(`I`) [token]
2021-11-19T10:23:41,105|[TRACE] graph - <------- nonSkippedChar
2021-11-19T10:23:41,105|[TRACE] graph - <----- statementPart
2021-11-19T10:23:41,105|[TRACE] graph - -----> statementPart
2021-11-19T10:23:41,105|[TRACE] graph - -------> nonSkippedChar
2021-11-19T10:23:41,105|[TRACE] script - #out(`N`) [token]
2021-11-19T10:23:41,105|[TRACE] graph - <------- nonSkippedChar
2021-11-19T10:23:41,105|[TRACE] graph - <----- statementPart
2021-11-19T10:23:41,105|[TRACE] graph - -----> statementPart
2021-11-19T10:23:41,105|[TRACE] graph - -------> nonSkippedChar
2021-11-19T10:23:41,105|[TRACE] script - #out(`T`) [token]
2021-11-19T10:23:41,105|[TRACE] graph - <------- nonSkippedChar
2021-11-19T10:23:41,105|[TRACE] graph - <----- statementPart
2021-11-19T10:23:41,105|[TRACE] graph - -----> statementPart
2021-11-19T10:23:41,105|[TRACE] graph - -------> nonSkippedSpace
2021-11-19T10:23:41,105|[TRACE] script - #out(` `) [token]
2021-11-19T10:23:41,105|[TRACE] graph - <------- nonSkippedSpace
2021-11-19T10:23:41,105|[TRACE] graph - <----- statementPart
2021-11-19T10:23:41,105|[TRACE] graph - -----> statementPart
2021-11-19T10:23:41,105|[TRACE] graph - -------> nonSkippedChar
2021-11-19T10:23:41,105|[TRACE] script - #out(`N`) [token]
2021-11-19T10:23:41,105|[TRACE] graph - <------- nonSkippedChar
2021-11-19T10:23:41,105|[TRACE] graph - <----- statementPart
2021-11-19T10:23:41,105|[TRACE] graph - -----> statementPart
2021-11-19T10:23:41,105|[TRACE] graph - -------> nonSkippedChar
2021-11-19T10:23:41,105|[TRACE] script - #out(`O`) [token]
2021-11-19T10:23:41,105|[TRACE] graph - <------- nonSkippedChar
2021-11-19T10:23:41,105|[TRACE] graph - <----- statementPart
2021-11-19T10:23:41,105|[TRACE] graph - -----> statementPart
2021-11-19T10:23:41,105|[TRACE] graph - -------> nonSkippedChar
2021-11-19T10:23:41,105|[TRACE] script - #out(`T`) [token]
2021-11-19T10:23:41,105|[TRACE] graph - <------- nonSkippedChar
2021-11-19T10:23:41,105|[TRACE] graph - <----- statementPart
2021-11-19T10:23:41,105|[TRACE] graph - -----> statementPart
2021-11-19T10:23:41,105|[TRACE] graph - -------> nonSkippedSpace
2021-11-19T10:23:41,105|[TRACE] script - #out(` `) [token]
2021-11-19T10:23:41,105|[TRACE] graph - <------- nonSkippedSpace
2021-11-19T10:23:41,105|[TRACE] graph - <----- statementPart
2021-11-19T10:23:41,105|[TRACE] graph - -----> statementPart
2021-11-19T10:23:41,105|[TRACE] graph - -------> nonSkippedChar
2021-11-19T10:23:41,105|[TRACE] script - #out(`N`) [token]
2021-11-19T10:23:41,105|[TRACE] graph - <------- nonSkippedChar
2021-11-19T10:23:41,105|[TRACE] graph - <----- statementPart
2021-11-19T10:23:41,105|[TRACE] graph - -----> statementPart
2021-11-19T10:23:41,105|[TRACE] graph - -------> nonSkippedChar
2021-11-19T10:23:41,105|[TRACE] script - #out(`U`) [token]
2021-11-19T10:23:41,105|[TRACE] graph - <------- nonSkippedChar
2021-11-19T10:23:41,105|[TRACE] graph - <----- statementPart
2021-11-19T10:23:41,105|[TRACE] graph - -----> statementPart
2021-11-19T10:23:41,105|[TRACE] graph - -------> nonSkippedChar
2021-11-19T10:23:41,105|[TRACE] script - #out(`L`) [token]
2021-11-19T10:23:41,105|[TRACE] graph - <------- nonSkippedChar
2021-11-19T10:23:41,105|[TRACE] graph - <----- statementPart
2021-11-19T10:23:41,105|[TRACE] graph - -----> statementPart
2021-11-19T10:23:41,105|[TRACE] graph - -------> nonSkippedChar
2021-11-19T10:23:41,105|[TRACE] script - #out(`L`) [token]
2021-11-19T10:23:41,105|[TRACE] graph - <------- nonSkippedChar
2021-11-19T10:23:41,105|[TRACE] graph - <----- statementPart
2021-11-19T10:23:41,105|[TRACE] graph - -----> statementPart
2021-11-19T10:23:41,105|[TRACE] graph - -------> nonSkippedSpace
2021-11-19T10:23:41,105|[TRACE] script - #out(` `) [token]
2021-11-19T10:23:41,105|[TRACE] graph - <------- nonSkippedSpace
2021-11-19T10:23:41,105|[TRACE] graph - <----- statementPart
2021-11-19T10:23:41,105|[TRACE] graph - -----> statementPart
2021-11-19T10:23:41,105|[TRACE] graph - -------> nonSkippedChar
2021-11-19T10:23:41,105|[TRACE] script - #out(`D`) [token]
2021-11-19T10:23:41,105|[TRACE] graph - <------- nonSkippedChar
2021-11-19T10:23:41,105|[TRACE] graph - <----- statementPart
2021-11-19T10:23:41,105|[TRACE] graph - -----> statementPart
2021-11-19T10:23:41,105|[TRACE] graph - -------> nonSkippedChar
2021-11-19T10:23:41,105|[TRACE] script - #out(`E`) [token]
2021-11-19T10:23:41,105|[TRACE] graph - <------- nonSkippedChar
2021-11-19T10:23:41,105|[TRACE] graph - <----- statementPart
2021-11-19T10:23:41,105|[TRACE] graph - -----> statementPart
2021-11-19T10:23:41,105|[TRACE] graph - -------> nonSkippedChar
2021-11-19T10:23:41,105|[TRACE] script - #out(`F`) [token]
2021-11-19T10:23:41,105|[TRACE] graph - <------- nonSkippedChar
2021-11-19T10:23:41,105|[TRACE] graph - <----- statementPart
2021-11-19T10:23:41,105|[TRACE] graph - -----> statementPart
2021-11-19T10:23:41,105|[TRACE] graph - -------> nonSkippedChar
2021-11-19T10:23:41,105|[TRACE] script - #out(`A`) [token]
2021-11-19T10:23:41,105|[TRACE] graph - <------- nonSkippedChar
2021-11-19T10:23:41,105|[TRACE] graph - <----- statementPart
2021-11-19T10:23:41,105|[TRACE] graph - -----> statementPart
2021-11-19T10:23:41,105|[TRACE] graph - -------> nonSkippedChar
2021-11-19T10:23:41,105|[TRACE] script - #out(`U`) [token]
2021-11-19T10:23:41,105|[TRACE] graph - <------- nonSkippedChar
2021-11-19T10:23:41,105|[TRACE] graph - <----- statementPart
2021-11-19T10:23:41,105|[TRACE] graph - -----> statementPart
2021-11-19T10:23:41,105|[TRACE] graph - -------> nonSkippedChar
2021-11-19T10:23:41,105|[TRACE] script - #out(`L`) [token]
2021-11-19T10:23:41,105|[TRACE] graph - <------- nonSkippedChar
2021-11-19T10:23:41,105|[TRACE] graph - <----- statementPart
2021-11-19T10:23:41,105|[TRACE] graph - -----> statementPart
2021-11-19T10:23:41,105|[TRACE] graph - -------> nonSkippedChar
2021-11-19T10:23:41,105|[TRACE] script - #out(`T`) [token]
2021-11-19T10:23:41,105|[TRACE] graph - <------- nonSkippedChar
2021-11-19T10:23:41,105|[TRACE] graph - <----- statementPart
2021-11-19T10:23:41,105|[TRACE] graph - -----> statementPart
2021-11-19T10:23:41,105|[TRACE] graph - -------> nonSkippedSpace
2021-11-19T10:23:41,106|[TRACE] script - #out(` `) [token]
2021-11-19T10:23:41,106|[TRACE] graph - <------- nonSkippedSpace
2021-11-19T10:23:41,106|[TRACE] graph - <----- statementPart
2021-11-19T10:23:41,106|[TRACE] graph - -----> statementPart
2021-11-19T10:23:41,106|[TRACE] graph - -------> nonSkippedChar
2021-11-19T10:23:41,106|[TRACE] script - #out(`(`) [token]
2021-11-19T10:23:41,106|[TRACE] graph - <------- nonSkippedChar
2021-11-19T10:23:41,106|[TRACE] graph - <----- statementPart
2021-11-19T10:23:41,106|[TRACE] graph - -----> statementPart
2021-11-19T10:23:41,106|[TRACE] graph - -------> nonSkippedChar
2021-11-19T10:23:41,106|[TRACE] script - #out(`u`) [token]
2021-11-19T10:23:41,106|[TRACE] graph - <------- nonSkippedChar
2021-11-19T10:23:41,106|[TRACE] graph - <----- statementPart
2021-11-19T10:23:41,106|[TRACE] graph - -----> statementPart
2021-11-19T10:23:41,106|[TRACE] graph - -------> nonSkippedChar
2021-11-19T10:23:41,106|[TRACE] script - #out(`n`) [token]
2021-11-19T10:23:41,106|[TRACE] graph - <------- nonSkippedChar
2021-11-19T10:23:41,106|[TRACE] graph - <----- statementPart
2021-11-19T10:23:41,106|[TRACE] graph - -----> statementPart
2021-11-19T10:23:41,106|[TRACE] graph - -------> nonSkippedChar
2021-11-19T10:23:41,106|[TRACE] script - #out(`i`) [token]
2021-11-19T10:23:41,106|[TRACE] graph - <------- nonSkippedChar
2021-11-19T10:23:41,106|[TRACE] graph - <----- statementPart
2021-11-19T10:23:41,106|[TRACE] graph - -----> statementPart
2021-11-19T10:23:41,106|[TRACE] graph - -------> nonSkippedChar
2021-11-19T10:23:41,106|[TRACE] script - #out(`x`) [token]
2021-11-19T10:23:41,106|[TRACE] graph - <------- nonSkippedChar
2021-11-19T10:23:41,106|[TRACE] graph - <----- statementPart
2021-11-19T10:23:41,106|[TRACE] graph - -----> statementPart
2021-11-19T10:23:41,106|[TRACE] graph - -------> nonSkippedChar
2021-11-19T10:23:41,106|[TRACE] script - #out(`_`) [token]
2021-11-19T10:23:41,106|[TRACE] graph - <------- nonSkippedChar
2021-11-19T10:23:41,106|[TRACE] graph - <----- statementPart
2021-11-19T10:23:41,106|[TRACE] graph - -----> statementPart
2021-11-19T10:23:41,106|[TRACE] graph - -------> nonSkippedChar
2021-11-19T10:23:41,106|[TRACE] script - #out(`t`) [token]
2021-11-19T10:23:41,106|[TRACE] graph - <------- nonSkippedChar
2021-11-19T10:23:41,106|[TRACE] graph - <----- statementPart
2021-11-19T10:23:41,106|[TRACE] graph - -----> statementPart
2021-11-19T10:23:41,106|[TRACE] graph - -------> nonSkippedChar
2021-11-19T10:23:41,106|[TRACE] script - #out(`i`) [token]
2021-11-19T10:23:41,106|[TRACE] graph - <------- nonSkippedChar
2021-11-19T10:23:41,106|[TRACE] graph - <----- statementPart
2021-11-19T10:23:41,106|[TRACE] graph - -----> statementPart
2021-11-19T10:23:41,106|[TRACE] graph - -------> nonSkippedChar
2021-11-19T10:23:41,106|[TRACE] script - #out(`m`) [token]
2021-11-19T10:23:41,106|[TRACE] graph - <------- nonSkippedChar
2021-11-19T10:23:41,106|[TRACE] graph - <----- statementPart
2021-11-19T10:23:41,106|[TRACE] graph - -----> statementPart
2021-11-19T10:23:41,106|[TRACE] graph - -------> nonSkippedChar
2021-11-19T10:23:41,106|[TRACE] script - #out(`e`) [token]
2021-11-19T10:23:41,106|[TRACE] graph - <------- nonSkippedChar
2021-11-19T10:23:41,106|[TRACE] graph - <----- statementPart
2021-11-19T10:23:41,106|[TRACE] graph - -----> statementPart
2021-11-19T10:23:41,106|[TRACE] graph - -------> nonSkippedChar
2021-11-19T10:23:41,106|[TRACE] script - #out(`s`) [token]
2021-11-19T10:23:41,106|[TRACE] graph - <------- nonSkippedChar
2021-11-19T10:23:41,106|[TRACE] graph - <----- statementPart
2021-11-19T10:23:41,106|[TRACE] graph - -----> statementPart
2021-11-19T10:23:41,106|[TRACE] graph - -------> nonSkippedChar
2021-11-19T10:23:41,106|[TRACE] script - #out(`t`) [token]
2021-11-19T10:23:41,106|[TRACE] graph - <------- nonSkippedChar
2021-11-19T10:23:41,106|[TRACE] graph - <----- statementPart
2021-11-19T10:23:41,106|[TRACE] graph - -----> statementPart
2021-11-19T10:23:41,106|[TRACE] graph - -------> nonSkippedChar
2021-11-19T10:23:41,106|[TRACE] script - #out(`a`) [token]
2021-11-19T10:23:41,106|[TRACE] graph - <------- nonSkippedChar
2021-11-19T10:23:41,106|[TRACE] graph - <----- statementPart
2021-11-19T10:23:41,106|[TRACE] graph - -----> statementPart
2021-11-19T10:23:41,106|[TRACE] graph - -------> nonSkippedChar
2021-11-19T10:23:41,106|[TRACE] script - #out(`m`) [token]
2021-11-19T10:23:41,106|[TRACE] graph - <------- nonSkippedChar
2021-11-19T10:23:41,106|[TRACE] graph - <----- statementPart
2021-11-19T10:23:41,106|[TRACE] graph - -----> statementPart
2021-11-19T10:23:41,106|[TRACE] graph - -------> nonSkippedChar
2021-11-19T10:23:41,106|[TRACE] script - #out(`p`) [token]
2021-11-19T10:23:41,106|[TRACE] graph - <------- nonSkippedChar
2021-11-19T10:23:41,106|[TRACE] graph - <----- statementPart
2021-11-19T10:23:41,106|[TRACE] graph - -----> statementPart
2021-11-19T10:23:41,106|[TRACE] graph - -------> nonSkippedChar
2021-11-19T10:23:41,106|[TRACE] script - #out(`(`) [token]
2021-11-19T10:23:41,106|[TRACE] graph - <------- nonSkippedChar
2021-11-19T10:23:41,106|[TRACE] graph - <----- statementPart
2021-11-19T10:23:41,106|[TRACE] graph - -----> statementPart
2021-11-19T10:23:41,106|[TRACE] graph - -------> nonSkippedChar
2021-11-19T10:23:41,106|[TRACE] script - #out(`n`) [token]
2021-11-19T10:23:41,106|[TRACE] graph - <------- nonSkippedChar
2021-11-19T10:23:41,106|[TRACE] graph - <----- statementPart
2021-11-19T10:23:41,106|[TRACE] graph - -----> statementPart
2021-11-19T10:23:41,106|[TRACE] graph - -------> nonSkippedChar
2021-11-19T10:23:41,106|[TRACE] script - #out(`o`) [token]
2021-11-19T10:23:41,106|[TRACE] graph - <------- nonSkippedChar
2021-11-19T10:23:41,106|[TRACE] graph - <----- statementPart
2021-11-19T10:23:41,106|[TRACE] graph - -----> statementPart
2021-11-19T10:23:41,106|[TRACE] graph - -------> nonSkippedChar
2021-11-19T10:23:41,106|[TRACE] script - #out(`w`) [token]
2021-11-19T10:23:41,106|[TRACE] graph - <------- nonSkippedChar
2021-11-19T10:23:41,106|[TRACE] graph - <----- statementPart
2021-11-19T10:23:41,106|[TRACE] graph - -----> statementPart
2021-11-19T10:23:41,106|[TRACE] graph - -------> nonSkippedChar
2021-11-19T10:23:41,106|[TRACE] script - #out(`(`) [token]
2021-11-19T10:23:41,106|[TRACE] graph - <------- nonSkippedChar
2021-11-19T10:23:41,106|[TRACE] graph - <----- statementPart
2021-11-19T10:23:41,106|[TRACE] graph - -----> statementPart
2021-11-19T10:23:41,106|[TRACE] graph - -------> nonSkippedChar
2021-11-19T10:23:41,106|[TRACE] script - #out(`)`) [token]
2021-11-19T10:23:41,106|[TRACE] graph - <------- nonSkippedChar
2021-11-19T10:23:41,106|[TRACE] graph - <----- statementPart
2021-11-19T10:23:41,106|[TRACE] graph - -----> statementPart
2021-11-19T10:23:41,106|[TRACE] graph - -------> nonSkippedChar
2021-11-19T10:23:41,106|[TRACE] script - #out(`)`) [token]
2021-11-19T10:23:41,106|[TRACE] graph - <------- nonSkippedChar
2021-11-19T10:23:41,106|[TRACE] graph - <----- statementPart
2021-11-19T10:23:41,106|[TRACE] graph - -----> statementPart
2021-11-19T10:23:41,106|[TRACE] graph - -------> nonSkippedSpace
2021-11-19T10:23:41,106|[TRACE] script - #out(` `) [token]
2021-11-19T10:23:41,106|[TRACE] graph - <------- nonSkippedSpace
2021-11-19T10:23:41,106|[TRACE] graph - <----- statementPart
2021-11-19T10:23:41,106|[TRACE] graph - -----> statementPart
2021-11-19T10:23:41,107|[TRACE] graph - -------> nonSkippedChar
2021-11-19T10:23:41,107|[TRACE] script - #out(`*`) [token]
2021-11-19T10:23:41,107|[TRACE] graph - <------- nonSkippedChar
2021-11-19T10:23:41,107|[TRACE] graph - <----- statementPart
2021-11-19T10:23:41,107|[TRACE] graph - -----> statementPart
2021-11-19T10:23:41,107|[TRACE] graph - -------> nonSkippedSpace
2021-11-19T10:23:41,107|[TRACE] script - #out(` `) [token]
2021-11-19T10:23:41,107|[TRACE] graph - <------- nonSkippedSpace
2021-11-19T10:23:41,107|[TRACE] graph - <----- statementPart
2021-11-19T10:23:41,107|[TRACE] graph - -----> statementPart
2021-11-19T10:23:41,107|[TRACE] graph - -------> nonSkippedChar
2021-11-19T10:23:41,107|[TRACE] script - #out(`1`) [token]
2021-11-19T10:23:41,107|[TRACE] graph - <------- nonSkippedChar
2021-11-19T10:23:41,107|[TRACE] graph - <----- statementPart
2021-11-19T10:23:41,107|[TRACE] graph - -----> statementPart
2021-11-19T10:23:41,107|[TRACE] graph - -------> nonSkippedChar
2021-11-19T10:23:41,107|[TRACE] script - #out(`0`) [token]
2021-11-19T10:23:41,107|[TRACE] graph - <------- nonSkippedChar
2021-11-19T10:23:41,107|[TRACE] graph - <----- statementPart
2021-11-19T10:23:41,107|[TRACE] graph - -----> statementPart
2021-11-19T10:23:41,107|[TRACE] graph - -------> nonSkippedChar
2021-11-19T10:23:41,107|[TRACE] script - #out(`0`) [token]
2021-11-19T10:23:41,107|[TRACE] graph - <------- nonSkippedChar
2021-11-19T10:23:41,107|[TRACE] graph - <----- statementPart
2021-11-19T10:23:41,107|[TRACE] graph - -----> statementPart
2021-11-19T10:23:41,107|[TRACE] graph - -------> nonSkippedChar
2021-11-19T10:23:41,107|[TRACE] script - #out(`0`) [token]
2021-11-19T10:23:41,107|[TRACE] graph - <------- nonSkippedChar
2021-11-19T10:23:41,107|[TRACE] graph - <----- statementPart
2021-11-19T10:23:41,107|[TRACE] graph - -----> statementPart
2021-11-19T10:23:41,107|[TRACE] graph - -------> nonSkippedChar
2021-11-19T10:23:41,107|[TRACE] script - #out(`)`) [token]
2021-11-19T10:23:41,107|[TRACE] graph - <------- nonSkippedChar
2021-11-19T10:23:41,107|[TRACE] graph - <----- statementPart
2021-11-19T10:23:41,107|[TRACE] graph - -----> statementPart
2021-11-19T10:23:41,107|[TRACE] graph - -------> nonSkippedChar
2021-11-19T10:23:41,107|[TRACE] script - #out(`,`) [token]
2021-11-19T10:23:41,107|[TRACE] graph - <------- nonSkippedChar
2021-11-19T10:23:41,107|[TRACE] graph - <----- statementPart
2021-11-19T10:23:41,107|[TRACE] graph - -----> afterStatementPartNewline
2021-11-19T10:23:41,107|[TRACE] script - #out(` `) [text]
2021-11-19T10:23:41,107|[TRACE] graph - <----- afterStatementPartNewline
2021-11-19T10:23:41,107|[TRACE] graph - -----> statementPart
2021-11-19T10:23:41,107|[TRACE] graph - -------> nonSkippedSpace
2021-11-19T10:23:41,107|[TRACE] script - #out(` `) [token]
2021-11-19T10:23:41,107|[TRACE] graph - <------- nonSkippedSpace
2021-11-19T10:23:41,107|[TRACE] graph - <----- statementPart
2021-11-19T10:23:41,107|[TRACE] graph - -----> statementPart
2021-11-19T10:23:41,107|[TRACE] graph - -------> nonSkippedSpace
2021-11-19T10:23:41,107|[TRACE] script - #out(` `) [token]
2021-11-19T10:23:41,107|[TRACE] graph - <------- nonSkippedSpace
2021-11-19T10:23:41,107|[TRACE] graph - <----- statementPart
2021-11-19T10:23:41,107|[TRACE] graph - -----> statementPart
2021-11-19T10:23:41,107|[TRACE] graph - -------> quotedString
2021-11-19T10:23:41,107|[TRACE] script - #out(``version``) [token]
2021-11-19T10:23:41,107|[TRACE] graph - <------- quotedString
2021-11-19T10:23:41,164|[TRACE] graph - <----- statementPart
2021-11-19T10:23:41,164|[TRACE] graph - -----> statementPart
2021-11-19T10:23:41,164|[TRACE] graph - -------> nonSkippedSpace
2021-11-19T10:23:41,164|[TRACE] script - #out(` `) [token]
2021-11-19T10:23:41,164|[TRACE] graph - <------- nonSkippedSpace
2021-11-19T10:23:41,164|[TRACE] graph - <----- statementPart
2021-11-19T10:23:41,164|[TRACE] graph - -----> statementPart
2021-11-19T10:23:41,164|[TRACE] graph - -------> nonSkippedChar
2021-11-19T10:23:41,164|[TRACE] script - #out(`I`) [token]
2021-11-19T10:23:41,164|[TRACE] graph - <------- nonSkippedChar
2021-11-19T10:23:41,164|[TRACE] graph - <----- statementPart
2021-11-19T10:23:41,164|[TRACE] graph - -----> statementPart
2021-11-19T10:23:41,164|[TRACE] graph - -------> nonSkippedChar
2021-11-19T10:23:41,164|[TRACE] script - #out(`N`) [token]
2021-11-19T10:23:41,164|[TRACE] graph - <------- nonSkippedChar
2021-11-19T10:23:41,164|[TRACE] graph - <----- statementPart
2021-11-19T10:23:41,164|[TRACE] graph - -----> statementPart
2021-11-19T10:23:41,164|[TRACE] graph - -------> nonSkippedChar
2021-11-19T10:23:41,164|[TRACE] script - #out(`T`) [token]
2021-11-19T10:23:41,164|[TRACE] graph - <------- nonSkippedChar
2021-11-19T10:23:41,164|[TRACE] graph - <----- statementPart
2021-11-19T10:23:41,164|[TRACE] graph - -----> statementPart
2021-11-19T10:23:41,164|[TRACE] graph - -------> nonSkippedSpace
2021-11-19T10:23:41,164|[TRACE] script - #out(` `) [token]
2021-11-19T10:23:41,164|[TRACE] graph - <------- nonSkippedSpace
2021-11-19T10:23:41,164|[TRACE] graph - <----- statementPart
2021-11-19T10:23:41,164|[TRACE] graph - -----> statementPart
2021-11-19T10:23:41,164|[TRACE] graph - -------> nonSkippedChar
2021-11-19T10:23:41,164|[TRACE] script - #out(`N`) [token]
2021-11-19T10:23:41,164|[TRACE] graph - <------- nonSkippedChar
2021-11-19T10:23:41,164|[TRACE] graph - <----- statementPart
2021-11-19T10:23:41,164|[TRACE] graph - -----> statementPart
2021-11-19T10:23:41,164|[TRACE] graph - -------> nonSkippedChar
2021-11-19T10:23:41,164|[TRACE] script - #out(`O`) [token]
2021-11-19T10:23:41,164|[TRACE] graph - <------- nonSkippedChar
2021-11-19T10:23:41,164|[TRACE] graph - <----- statementPart
2021-11-19T10:23:41,164|[TRACE] graph - -----> statementPart
2021-11-19T10:23:41,164|[TRACE] graph - -------> nonSkippedChar
2021-11-19T10:23:41,164|[TRACE] script - #out(`T`) [token]
2021-11-19T10:23:41,164|[TRACE] graph - <------- nonSkippedChar
2021-11-19T10:23:41,164|[TRACE] graph - <----- statementPart
2021-11-19T10:23:41,164|[TRACE] graph - -----> statementPart
2021-11-19T10:23:41,164|[TRACE] graph - -------> nonSkippedSpace
2021-11-19T10:23:41,164|[TRACE] script - #out(` `) [token]
2021-11-19T10:23:41,164|[TRACE] graph - <------- nonSkippedSpace
2021-11-19T10:23:41,164|[TRACE] graph - <----- statementPart
2021-11-19T10:23:41,164|[TRACE] graph - -----> statementPart
2021-11-19T10:23:41,164|[TRACE] graph - -------> nonSkippedChar
2021-11-19T10:23:41,164|[TRACE] script - #out(`N`) [token]
2021-11-19T10:23:41,164|[TRACE] graph - <------- nonSkippedChar
2021-11-19T10:23:41,164|[TRACE] graph - <----- statementPart
2021-11-19T10:23:41,164|[TRACE] graph - -----> statementPart
2021-11-19T10:23:41,164|[TRACE] graph - -------> nonSkippedChar
2021-11-19T10:23:41,164|[TRACE] script - #out(`U`) [token]
2021-11-19T10:23:41,164|[TRACE] graph - <------- nonSkippedChar
2021-11-19T10:23:41,164|[TRACE] graph - <----- statementPart
2021-11-19T10:23:41,164|[TRACE] graph - -----> statementPart
2021-11-19T10:23:41,164|[TRACE] graph - -------> nonSkippedChar
2021-11-19T10:23:41,164|[TRACE] script - #out(`L`) [token]
2021-11-19T10:23:41,164|[TRACE] graph - <------- nonSkippedChar
2021-11-19T10:23:41,164|[TRACE] graph - <----- statementPart
2021-11-19T10:23:41,164|[TRACE] graph - -----> statementPart
2021-11-19T10:23:41,165|[TRACE] graph - -------> nonSkippedChar
2021-11-19T10:23:41,165|[TRACE] script - #out(`L`) [token]
2021-11-19T10:23:41,165|[TRACE] graph - <------- nonSkippedChar
2021-11-19T10:23:41,165|[TRACE] graph - <----- statementPart
2021-11-19T10:23:41,165|[TRACE] graph - -----> statementPart
2021-11-19T10:23:41,165|[TRACE] graph - -------> nonSkippedSpace
2021-11-19T10:23:41,165|[TRACE] script - #out(` `) [token]
2021-11-19T10:23:41,165|[TRACE] graph - <------- nonSkippedSpace
2021-11-19T10:23:41,165|[TRACE] graph - <----- statementPart
2021-11-19T10:23:41,165|[TRACE] graph - -----> statementPart
2021-11-19T10:23:41,165|[TRACE] graph - -------> nonSkippedChar
2021-11-19T10:23:41,165|[TRACE] script - #out(`D`) [token]
2021-11-19T10:23:41,165|[TRACE] graph - <------- nonSkippedChar
2021-11-19T10:23:41,165|[TRACE] graph - <----- statementPart
2021-11-19T10:23:41,165|[TRACE] graph - -----> statementPart
2021-11-19T10:23:41,165|[TRACE] graph - -------> nonSkippedChar
2021-11-19T10:23:41,165|[TRACE] script - #out(`E`) [token]
2021-11-19T10:23:41,165|[TRACE] graph - <------- nonSkippedChar
2021-11-19T10:23:41,165|[TRACE] graph - <----- statementPart
2021-11-19T10:23:41,165|[TRACE] graph - -----> statementPart
2021-11-19T10:23:41,165|[TRACE] graph - -------> nonSkippedChar
2021-11-19T10:23:41,165|[TRACE] script - #out(`F`) [token]
2021-11-19T10:23:41,165|[TRACE] graph - <------- nonSkippedChar
2021-11-19T10:23:41,165|[TRACE] graph - <----- statementPart
2021-11-19T10:23:41,165|[TRACE] graph - -----> statementPart
2021-11-19T10:23:41,165|[TRACE] graph - -------> nonSkippedChar
2021-11-19T10:23:41,165|[TRACE] script - #out(`A`) [token]
2021-11-19T10:23:41,165|[TRACE] graph - <------- nonSkippedChar
2021-11-19T10:23:41,165|[TRACE] graph - <----- statementPart
2021-11-19T10:23:41,165|[TRACE] graph - -----> statementPart
2021-11-19T10:23:41,165|[TRACE] graph - -------> nonSkippedChar
2021-11-19T10:23:41,165|[TRACE] script - #out(`U`) [token]
2021-11-19T10:23:41,165|[TRACE] graph - <------- nonSkippedChar
2021-11-19T10:23:41,165|[TRACE] graph - <----- statementPart
2021-11-19T10:23:41,165|[TRACE] graph - -----> statementPart
2021-11-19T10:23:41,165|[TRACE] graph - -------> nonSkippedChar
2021-11-19T10:23:41,165|[TRACE] script - #out(`L`) [token]
2021-11-19T10:23:41,165|[TRACE] graph - <------- nonSkippedChar
2021-11-19T10:23:41,165|[TRACE] graph - <----- statementPart
2021-11-19T10:23:41,165|[TRACE] graph - -----> statementPart
2021-11-19T10:23:41,165|[TRACE] graph - -------> nonSkippedChar
2021-11-19T10:23:41,165|[TRACE] script - #out(`T`) [token]
2021-11-19T10:23:41,165|[TRACE] graph - <------- nonSkippedChar
2021-11-19T10:23:41,165|[TRACE] graph - <----- statementPart
2021-11-19T10:23:41,165|[TRACE] graph - -----> statementPart
2021-11-19T10:23:41,165|[TRACE] graph - -------> nonSkippedSpace
2021-11-19T10:23:41,165|[TRACE] script - #out(` `) [token]
2021-11-19T10:23:41,165|[TRACE] graph - <------- nonSkippedSpace
2021-11-19T10:23:41,165|[TRACE] graph - <----- statementPart
2021-11-19T10:23:41,165|[TRACE] graph - -----> statementPart
2021-11-19T10:23:41,165|[TRACE] graph - -------> nonSkippedChar
2021-11-19T10:23:41,165|[TRACE] script - #out(`1`) [token]
2021-11-19T10:23:41,165|[TRACE] graph - <------- nonSkippedChar
2021-11-19T10:23:41,165|[TRACE] graph - <----- statementPart
2021-11-19T10:23:41,165|[TRACE] graph - -----> statementPart
2021-11-19T10:23:41,165|[TRACE] graph - -------> nonSkippedChar
2021-11-19T10:23:41,165|[TRACE] script - #out(`,`) [token]
2021-11-19T10:23:41,165|[TRACE] graph - <------- nonSkippedChar
2021-11-19T10:23:41,165|[TRACE] graph - <----- statementPart
2021-11-19T10:23:41,165|[TRACE] graph - -----> afterStatementPartNewline
2021-11-19T10:23:41,165|[TRACE] script - #out(` `) [text]
2021-11-19T10:23:41,165|[TRACE] graph - <----- afterStatementPartNewline
2021-11-19T10:23:41,165|[TRACE] graph - -----> statementPart
2021-11-19T10:23:41,165|[TRACE] graph - -------> nonSkippedSpace
2021-11-19T10:23:41,165|[TRACE] script - #out(` `) [token]
2021-11-19T10:23:41,165|[TRACE] graph - <------- nonSkippedSpace
2021-11-19T10:23:41,165|[TRACE] graph - <----- statementPart
2021-11-19T10:23:41,165|[TRACE] graph - -----> statementPart
2021-11-19T10:23:41,165|[TRACE] graph - -------> nonSkippedSpace
2021-11-19T10:23:41,165|[TRACE] script - #out(` `) [token]
2021-11-19T10:23:41,165|[TRACE] graph - <------- nonSkippedSpace
2021-11-19T10:23:41,165|[TRACE] graph - <----- statementPart
2021-11-19T10:23:41,165|[TRACE] graph - -----> statementPart
2021-11-19T10:23:41,165|[TRACE] graph - -------> nonSkippedChar
2021-11-19T10:23:41,165|[TRACE] script - #out(`P`) [token]
2021-11-19T10:23:41,165|[TRACE] graph - <------- nonSkippedChar
2021-11-19T10:23:41,165|[TRACE] graph - <----- statementPart
2021-11-19T10:23:41,165|[TRACE] graph - -----> statementPart
2021-11-19T10:23:41,165|[TRACE] graph - -------> nonSkippedChar
2021-11-19T10:23:41,165|[TRACE] script - #out(`R`) [token]
2021-11-19T10:23:41,165|[TRACE] graph - <------- nonSkippedChar
2021-11-19T10:23:41,165|[TRACE] graph - <----- statementPart
2021-11-19T10:23:41,165|[TRACE] graph - -----> statementPart
2021-11-19T10:23:41,165|[TRACE] graph - -------> nonSkippedChar
2021-11-19T10:23:41,165|[TRACE] script - #out(`I`) [token]
2021-11-19T10:23:41,165|[TRACE] graph - <------- nonSkippedChar
2021-11-19T10:23:41,165|[TRACE] graph - <----- statementPart
2021-11-19T10:23:41,165|[TRACE] graph - -----> statementPart
2021-11-19T10:23:41,165|[TRACE] graph - -------> nonSkippedChar
2021-11-19T10:23:41,165|[TRACE] script - #out(`M`) [token]
2021-11-19T10:23:41,165|[TRACE] graph - <------- nonSkippedChar
2021-11-19T10:23:41,165|[TRACE] graph - <----- statementPart
2021-11-19T10:23:41,165|[TRACE] graph - -----> statementPart
2021-11-19T10:23:41,165|[TRACE] graph - -------> nonSkippedChar
2021-11-19T10:23:41,165|[TRACE] script - #out(`A`) [token]
2021-11-19T10:23:41,165|[TRACE] graph - <------- nonSkippedChar
2021-11-19T10:23:41,165|[TRACE] graph - <----- statementPart
2021-11-19T10:23:41,165|[TRACE] graph - -----> statementPart
2021-11-19T10:23:41,165|[TRACE] graph - -------> nonSkippedChar
2021-11-19T10:23:41,165|[TRACE] script - #out(`R`) [token]
2021-11-19T10:23:41,165|[TRACE] graph - <------- nonSkippedChar
2021-11-19T10:23:41,165|[TRACE] graph - <----- statementPart
2021-11-19T10:23:41,165|[TRACE] graph - -----> statementPart
2021-11-19T10:23:41,165|[TRACE] graph - -------> nonSkippedChar
2021-11-19T10:23:41,165|[TRACE] script - #out(`Y`) [token]
2021-11-19T10:23:41,165|[TRACE] graph - <------- nonSkippedChar
2021-11-19T10:23:41,165|[TRACE] graph - <----- statementPart
2021-11-19T10:23:41,165|[TRACE] graph - -----> statementPart
2021-11-19T10:23:41,165|[TRACE] graph - -------> nonSkippedSpace
2021-11-19T10:23:41,165|[TRACE] script - #out(` `) [token]
2021-11-19T10:23:41,165|[TRACE] graph - <------- nonSkippedSpace
2021-11-19T10:23:41,165|[TRACE] graph - <----- statementPart
2021-11-19T10:23:41,165|[TRACE] graph - -----> statementPart
2021-11-19T10:23:41,165|[TRACE] graph - -------> nonSkippedChar
2021-11-19T10:23:41,165|[TRACE] script - #out(`K`) [token]
2021-11-19T10:23:41,165|[TRACE] graph - <------- nonSkippedChar
2021-11-19T10:23:41,165|[TRACE] graph - <----- statementPart
2021-11-19T10:23:41,165|[TRACE] graph - -----> statementPart
2021-11-19T10:23:41,165|[TRACE] graph - -------> nonSkippedChar
2021-11-19T10:23:41,165|[TRACE] script - #out(`E`) [token]
2021-11-19T10:23:41,166|[TRACE] graph - <------- nonSkippedChar
2021-11-19T10:23:41,166|[TRACE] graph - <----- statementPart
2021-11-19T10:23:41,166|[TRACE] graph - -----> statementPart
2021-11-19T10:23:41,166|[TRACE] graph - -------> nonSkippedChar
2021-11-19T10:23:41,166|[TRACE] script - #out(`Y`) [token]
2021-11-19T10:23:41,166|[TRACE] graph - <------- nonSkippedChar
2021-11-19T10:23:41,166|[TRACE] graph - <----- statementPart
2021-11-19T10:23:41,166|[TRACE] graph - -----> statementPart
2021-11-19T10:23:41,166|[TRACE] graph - -------> nonSkippedSpace
2021-11-19T10:23:41,166|[TRACE] script - #out(` `) [token]
2021-11-19T10:23:41,166|[TRACE] graph - <------- nonSkippedSpace
2021-11-19T10:23:41,166|[TRACE] graph - <----- statementPart
2021-11-19T10:23:41,166|[TRACE] graph - -----> statementPart
2021-11-19T10:23:41,166|[TRACE] graph - -------> nonSkippedChar
2021-11-19T10:23:41,166|[TRACE] script - #out(`(`) [token]
2021-11-19T10:23:41,166|[TRACE] graph - <------- nonSkippedChar
2021-11-19T10:23:41,166|[TRACE] graph - <----- statementPart
2021-11-19T10:23:41,166|[TRACE] graph - -----> statementPart
2021-11-19T10:23:41,166|[TRACE] graph - -------> quotedString
2021-11-19T10:23:41,166|[TRACE] script - #out(``bank_id``) [token]
2021-11-19T10:23:41,166|[TRACE] graph - <------- quotedString
2021-11-19T10:23:41,166|[TRACE] graph - <----- statementPart
2021-11-19T10:23:41,166|[TRACE] graph - -----> statementPart
2021-11-19T10:23:41,166|[TRACE] graph - -------> nonSkippedChar
2021-11-19T10:23:41,166|[TRACE] script - #out(`)`) [token]
2021-11-19T10:23:41,166|[TRACE] graph - <------- nonSkippedChar
2021-11-19T10:23:41,166|[TRACE] graph - <----- statementPart
2021-11-19T10:23:41,166|[TRACE] graph - -----> statementPart
2021-11-19T10:23:41,166|[TRACE] graph - -------> nonSkippedChar
2021-11-19T10:23:41,166|[TRACE] script - #out(`,`) [token]
2021-11-19T10:23:41,166|[TRACE] graph - <------- nonSkippedChar
2021-11-19T10:23:41,166|[TRACE] graph - <----- statementPart
2021-11-19T10:23:41,166|[TRACE] graph - -----> afterStatementPartNewline
2021-11-19T10:23:41,166|[TRACE] script - #out(` `) [text]
2021-11-19T10:23:41,166|[TRACE] graph - <----- afterStatementPartNewline
2021-11-19T10:23:41,166|[TRACE] graph - -----> statementPart
2021-11-19T10:23:41,166|[TRACE] graph - -------> nonSkippedSpace
2021-11-19T10:23:41,166|[TRACE] script - #out(` `) [token]
2021-11-19T10:23:41,166|[TRACE] graph - <------- nonSkippedSpace
2021-11-19T10:23:41,166|[TRACE] graph - <----- statementPart
2021-11-19T10:23:41,166|[TRACE] graph - -----> statementPart
2021-11-19T10:23:41,166|[TRACE] graph - -------> nonSkippedSpace
2021-11-19T10:23:41,166|[TRACE] script - #out(` `) [token]
2021-11-19T10:23:41,166|[TRACE] graph - <------- nonSkippedSpace
2021-11-19T10:23:41,166|[TRACE] graph - <----- statementPart
2021-11-19T10:23:41,166|[TRACE] graph - -----> statementPart
2021-11-19T10:23:41,166|[TRACE] graph - -------> nonSkippedChar
2021-11-19T10:23:41,166|[TRACE] script - #out(`U`) [token]
2021-11-19T10:23:41,166|[TRACE] graph - <------- nonSkippedChar
2021-11-19T10:23:41,166|[TRACE] graph - <----- statementPart
2021-11-19T10:23:41,166|[TRACE] graph - -----> statementPart
2021-11-19T10:23:41,166|[TRACE] graph - -------> nonSkippedChar
2021-11-19T10:23:41,166|[TRACE] script - #out(`N`) [token]
2021-11-19T10:23:41,166|[TRACE] graph - <------- nonSkippedChar
2021-11-19T10:23:41,166|[TRACE] graph - <----- statementPart
2021-11-19T10:23:41,166|[TRACE] graph - -----> statementPart
2021-11-19T10:23:41,166|[TRACE] graph - -------> nonSkippedChar
2021-11-19T10:23:41,166|[TRACE] script - #out(`I`) [token]
2021-11-19T10:23:41,166|[TRACE] graph - <------- nonSkippedChar
2021-11-19T10:23:41,166|[TRACE] graph - <----- statementPart
2021-11-19T10:23:41,166|[TRACE] graph - -----> statementPart
2021-11-19T10:23:41,166|[TRACE] graph - -------> nonSkippedChar
2021-11-19T10:23:41,166|[TRACE] script - #out(`Q`) [token]
2021-11-19T10:23:41,166|[TRACE] graph - <------- nonSkippedChar
2021-11-19T10:23:41,166|[TRACE] graph - <----- statementPart
2021-11-19T10:23:41,166|[TRACE] graph - -----> statementPart
2021-11-19T10:23:41,166|[TRACE] graph - -------> nonSkippedChar
2021-11-19T10:23:41,166|[TRACE] script - #out(`U`) [token]
2021-11-19T10:23:41,166|[TRACE] graph - <------- nonSkippedChar
2021-11-19T10:23:41,166|[TRACE] graph - <----- statementPart
2021-11-19T10:23:41,166|[TRACE] graph - -----> statementPart
2021-11-19T10:23:41,166|[TRACE] graph - -------> nonSkippedChar
2021-11-19T10:23:41,166|[TRACE] script - #out(`E`) [token]
2021-11-19T10:23:41,166|[TRACE] graph - <------- nonSkippedChar
2021-11-19T10:23:41,166|[TRACE] graph - <----- statementPart
2021-11-19T10:23:41,166|[TRACE] graph - -----> statementPart
2021-11-19T10:23:41,166|[TRACE] graph - -------> nonSkippedSpace
2021-11-19T10:23:41,166|[TRACE] script - #out(` `) [token]
2021-11-19T10:23:41,166|[TRACE] graph - <------- nonSkippedSpace
2021-11-19T10:23:41,166|[TRACE] graph - <----- statementPart
2021-11-19T10:23:41,166|[TRACE] graph - -----> statementPart
2021-11-19T10:23:41,166|[TRACE] graph - -------> nonSkippedChar
2021-11-19T10:23:41,166|[TRACE] script - #out(`I`) [token]
2021-11-19T10:23:41,166|[TRACE] graph - <------- nonSkippedChar
2021-11-19T10:23:41,166|[TRACE] graph - <----- statementPart
2021-11-19T10:23:41,166|[TRACE] graph - -----> statementPart
2021-11-19T10:23:41,166|[TRACE] graph - -------> nonSkippedChar
2021-11-19T10:23:41,166|[TRACE] script - #out(`N`) [token]
2021-11-19T10:23:41,166|[TRACE] graph - <------- nonSkippedChar
2021-11-19T10:23:41,166|[TRACE] graph - <----- statementPart
2021-11-19T10:23:41,166|[TRACE] graph - -----> statementPart
2021-11-19T10:23:41,166|[TRACE] graph - -------> nonSkippedChar
2021-11-19T10:23:41,166|[TRACE] script - #out(`D`) [token]
2021-11-19T10:23:41,166|[TRACE] graph - <------- nonSkippedChar
2021-11-19T10:23:41,166|[TRACE] graph - <----- statementPart
2021-11-19T10:23:41,166|[TRACE] graph - -----> statementPart
2021-11-19T10:23:41,166|[TRACE] graph - -------> nonSkippedChar
2021-11-19T10:23:41,166|[TRACE] script - #out(`E`) [token]
2021-11-19T10:23:41,166|[TRACE] graph - <------- nonSkippedChar
2021-11-19T10:23:41,166|[TRACE] graph - <----- statementPart
2021-11-19T10:23:41,166|[TRACE] graph - -----> statementPart
2021-11-19T10:23:41,166|[TRACE] graph - -------> nonSkippedChar
2021-11-19T10:23:41,166|[TRACE] script - #out(`X`) [token]
2021-11-19T10:23:41,166|[TRACE] graph - <------- nonSkippedChar
2021-11-19T10:23:41,166|[TRACE] graph - <----- statementPart
2021-11-19T10:23:41,166|[TRACE] graph - -----> statementPart
2021-11-19T10:23:41,166|[TRACE] graph - -------> nonSkippedSpace
2021-11-19T10:23:41,166|[TRACE] script - #out(` `) [token]
2021-11-19T10:23:41,166|[TRACE] graph - <------- nonSkippedSpace
2021-11-19T10:23:41,166|[TRACE] graph - <----- statementPart
2021-11-19T10:23:41,166|[TRACE] graph - -----> statementPart
2021-11-19T10:23:41,166|[TRACE] graph - -------> quotedString
2021-11-19T10:23:41,166|[TRACE] script - #out(``name_UNIQUE``) [token]
2021-11-19T10:23:41,166|[TRACE] graph - <------- quotedString
2021-11-19T10:23:41,166|[TRACE] graph - <----- statementPart
2021-11-19T10:23:41,166|[TRACE] graph - -----> statementPart
2021-11-19T10:23:41,167|[TRACE] graph - -------> nonSkippedSpace
2021-11-19T10:23:41,167|[TRACE] script - #out(` `) [token]
2021-11-19T10:23:41,167|[TRACE] graph - <------- nonSkippedSpace
2021-11-19T10:23:41,167|[TRACE] graph - <----- statementPart
2021-11-19T10:23:41,167|[TRACE] graph - -----> statementPart
2021-11-19T10:23:41,167|[TRACE] graph - -------> nonSkippedChar
2021-11-19T10:23:41,167|[TRACE] script - #out(`(`) [token]
2021-11-19T10:23:41,167|[TRACE] graph - <------- nonSkippedChar
2021-11-19T10:23:41,167|[TRACE] graph - <----- statementPart
2021-11-19T10:23:41,167|[TRACE] graph - -----> statementPart
2021-11-19T10:23:41,167|[TRACE] graph - -------> quotedString
2021-11-19T10:23:41,167|[TRACE] script - #out(``name``) [token]
2021-11-19T10:23:41,167|[TRACE] graph - <------- quotedString
2021-11-19T10:23:41,167|[TRACE] graph - <----- statementPart
2021-11-19T10:23:41,167|[TRACE] graph - -----> statementPart
2021-11-19T10:23:41,167|[TRACE] graph - -------> nonSkippedSpace
2021-11-19T10:23:41,167|[TRACE] script - #out(` `) [token]
2021-11-19T10:23:41,167|[TRACE] graph - <------- nonSkippedSpace
2021-11-19T10:23:41,167|[TRACE] graph - <----- statementPart
2021-11-19T10:23:41,167|[TRACE] graph - -----> statementPart
2021-11-19T10:23:41,167|[TRACE] graph - -------> nonSkippedChar
2021-11-19T10:23:41,167|[TRACE] script - #out(`A`) [token]
2021-11-19T10:23:41,167|[TRACE] graph - <------- nonSkippedChar
2021-11-19T10:23:41,167|[TRACE] graph - <----- statementPart
2021-11-19T10:23:41,167|[TRACE] graph - -----> statementPart
2021-11-19T10:23:41,167|[TRACE] graph - -------> nonSkippedChar
2021-11-19T10:23:41,167|[TRACE] script - #out(`S`) [token]
2021-11-19T10:23:41,167|[TRACE] graph - <------- nonSkippedChar
2021-11-19T10:23:41,167|[TRACE] graph - <----- statementPart
2021-11-19T10:23:41,167|[TRACE] graph - -----> statementPart
2021-11-19T10:23:41,167|[TRACE] graph - -------> nonSkippedChar
2021-11-19T10:23:41,167|[TRACE] script - #out(`C`) [token]
2021-11-19T10:23:41,167|[TRACE] graph - <------- nonSkippedChar
2021-11-19T10:23:41,167|[TRACE] graph - <----- statementPart
2021-11-19T10:23:41,167|[TRACE] graph - -----> statementPart
2021-11-19T10:23:41,167|[TRACE] graph - -------> nonSkippedChar
2021-11-19T10:23:41,167|[TRACE] script - #out(`)`) [token]
2021-11-19T10:23:41,167|[TRACE] graph - <------- nonSkippedChar
2021-11-19T10:23:41,167|[TRACE] graph - <----- statementPart
2021-11-19T10:23:41,167|[TRACE] graph - -----> statementPart
2021-11-19T10:23:41,167|[TRACE] graph - -------> nonSkippedSpace
2021-11-19T10:23:41,167|[TRACE] script - #out(` `) [token]
2021-11-19T10:23:41,167|[TRACE] graph - <------- nonSkippedSpace
2021-11-19T10:23:41,167|[TRACE] graph - <----- statementPart
2021-11-19T10:23:41,167|[TRACE] graph - -----> statementPart
2021-11-19T10:23:41,167|[TRACE] graph - -------> nonSkippedChar
2021-11-19T10:23:41,167|[TRACE] script - #out(`V`) [token]
2021-11-19T10:23:41,167|[TRACE] graph - <------- nonSkippedChar
2021-11-19T10:23:41,167|[TRACE] graph - <----- statementPart
2021-11-19T10:23:41,167|[TRACE] graph - -----> statementPart
2021-11-19T10:23:41,167|[TRACE] graph - -------> nonSkippedChar
2021-11-19T10:23:41,167|[TRACE] script - #out(`I`) [token]
2021-11-19T10:23:41,167|[TRACE] graph - <------- nonSkippedChar
2021-11-19T10:23:41,167|[TRACE] graph - <----- statementPart
2021-11-19T10:23:41,167|[TRACE] graph - -----> statementPart
2021-11-19T10:23:41,167|[TRACE] graph - -------> nonSkippedChar
2021-11-19T10:23:41,167|[TRACE] script - #out(`S`) [token]
2021-11-19T10:23:41,167|[TRACE] graph - <------- nonSkippedChar
2021-11-19T10:23:41,167|[TRACE] graph - <----- statementPart
2021-11-19T10:23:41,167|[TRACE] graph - -----> statementPart
2021-11-19T10:23:41,167|[TRACE] graph - -------> nonSkippedChar
2021-11-19T10:23:41,167|[TRACE] script - #out(`I`) [token]
2021-11-19T10:23:41,167|[TRACE] graph - <------- nonSkippedChar
2021-11-19T10:23:41,167|[TRACE] graph - <----- statementPart
2021-11-19T10:23:41,167|[TRACE] graph - -----> statementPart
2021-11-19T10:23:41,167|[TRACE] graph - -------> nonSkippedChar
2021-11-19T10:23:41,167|[TRACE] script - #out(`B`) [token]
2021-11-19T10:23:41,167|[TRACE] graph - <------- nonSkippedChar
2021-11-19T10:23:41,167|[TRACE] graph - <----- statementPart
2021-11-19T10:23:41,167|[TRACE] graph - -----> statementPart
2021-11-19T10:23:41,167|[TRACE] graph - -------> nonSkippedChar
2021-11-19T10:23:41,167|[TRACE] script - #out(`L`) [token]
2021-11-19T10:23:41,167|[TRACE] graph - <------- nonSkippedChar
2021-11-19T10:23:41,167|[TRACE] graph - <----- statementPart
2021-11-19T10:23:41,167|[TRACE] graph - -----> statementPart
2021-11-19T10:23:41,167|[TRACE] graph - -------> nonSkippedChar
2021-11-19T10:23:41,167|[TRACE] script - #out(`E`) [token]
2021-11-19T10:23:41,167|[TRACE] graph - <------- nonSkippedChar
2021-11-19T10:23:41,167|[TRACE] graph - <----- statementPart
2021-11-19T10:23:41,167|[TRACE] graph - -----> statementPart
2021-11-19T10:23:41,167|[TRACE] graph - -------> nonSkippedChar
2021-11-19T10:23:41,167|[TRACE] script - #out(`)`) [token]
2021-11-19T10:23:41,167|[TRACE] graph - <------- nonSkippedChar
2021-11-19T10:23:41,167|[TRACE] graph - <----- statementPart
2021-11-19T10:23:41,167|[TRACE] graph - -----> afterStatementPartNewline
2021-11-19T10:23:41,167|[TRACE] script - #out(` `) [text]
2021-11-19T10:23:41,167|[TRACE] graph - <----- afterStatementPartNewline
2021-11-19T10:23:41,167|[TRACE] graph - -----> statementPart
2021-11-19T10:23:41,167|[TRACE] graph - -------> nonSkippedChar
2021-11-19T10:23:41,167|[TRACE] script - #out(`E`) [token]
2021-11-19T10:23:41,167|[TRACE] graph - <------- nonSkippedChar
2021-11-19T10:23:41,167|[TRACE] graph - <----- statementPart
2021-11-19T10:23:41,167|[TRACE] graph - -----> statementPart
2021-11-19T10:23:41,167|[TRACE] graph - -------> nonSkippedChar
2021-11-19T10:23:41,167|[TRACE] script - #out(`N`) [token]
2021-11-19T10:23:41,167|[TRACE] graph - <------- nonSkippedChar
2021-11-19T10:23:41,167|[TRACE] graph - <----- statementPart
2021-11-19T10:23:41,167|[TRACE] graph - -----> statementPart
2021-11-19T10:23:41,167|[TRACE] graph - -------> nonSkippedChar
2021-11-19T10:23:41,167|[TRACE] script - #out(`G`) [token]
2021-11-19T10:23:41,167|[TRACE] graph - <------- nonSkippedChar
2021-11-19T10:23:41,167|[TRACE] graph - <----- statementPart
2021-11-19T10:23:41,167|[TRACE] graph - -----> statementPart
2021-11-19T10:23:41,167|[TRACE] graph - -------> nonSkippedChar
2021-11-19T10:23:41,167|[TRACE] script - #out(`I`) [token]
2021-11-19T10:23:41,167|[TRACE] graph - <------- nonSkippedChar
2021-11-19T10:23:41,167|[TRACE] graph - <----- statementPart
2021-11-19T10:23:41,167|[TRACE] graph - -----> statementPart
2021-11-19T10:23:41,167|[TRACE] graph - -------> nonSkippedChar
2021-11-19T10:23:41,167|[TRACE] script - #out(`N`) [token]
2021-11-19T10:23:41,167|[TRACE] graph - <------- nonSkippedChar
2021-11-19T10:23:41,167|[TRACE] graph - <----- statementPart
2021-11-19T10:23:41,167|[TRACE] graph - -----> statementPart
2021-11-19T10:23:41,167|[TRACE] graph - -------> nonSkippedChar
2021-11-19T10:23:41,167|[TRACE] script - #out(`E`) [token]
2021-11-19T10:23:41,167|[TRACE] graph - <------- nonSkippedChar
2021-11-19T10:23:41,167|[TRACE] graph - <----- statementPart
2021-11-19T10:23:41,168|[TRACE] graph - -----> statementPart
2021-11-19T10:23:41,168|[TRACE] graph - -------> nonSkippedSpace
2021-11-19T10:23:41,168|[TRACE] script - #out(` `) [token]
2021-11-19T10:23:41,168|[TRACE] graph - <------- nonSkippedSpace
2021-11-19T10:23:41,168|[TRACE] graph - <----- statementPart
2021-11-19T10:23:41,168|[TRACE] graph - -----> statementPart
2021-11-19T10:23:41,168|[TRACE] graph - -------> nonSkippedChar
2021-11-19T10:23:41,168|[TRACE] script - #out(`=`) [token]
2021-11-19T10:23:41,168|[TRACE] graph - <------- nonSkippedChar
2021-11-19T10:23:41,168|[TRACE] graph - <----- statementPart
2021-11-19T10:23:41,168|[TRACE] graph - -----> statementPart
2021-11-19T10:23:41,168|[TRACE] graph - -------> nonSkippedSpace
2021-11-19T10:23:41,168|[TRACE] script - #out(` `) [token]
2021-11-19T10:23:41,168|[TRACE] graph - <------- nonSkippedSpace
2021-11-19T10:23:41,168|[TRACE] graph - <----- statementPart
2021-11-19T10:23:41,168|[TRACE] graph - -----> statementPart
2021-11-19T10:23:41,168|[TRACE] graph - -------> nonSkippedChar
2021-11-19T10:23:41,168|[TRACE] script - #out(`I`) [token]
2021-11-19T10:23:41,168|[TRACE] graph - <------- nonSkippedChar
2021-11-19T10:23:41,168|[TRACE] graph - <----- statementPart
2021-11-19T10:23:41,168|[TRACE] graph - -----> statementPart
2021-11-19T10:23:41,168|[TRACE] graph - -------> nonSkippedChar
2021-11-19T10:23:41,168|[TRACE] script - #out(`n`) [token]
2021-11-19T10:23:41,168|[TRACE] graph - <------- nonSkippedChar
2021-11-19T10:23:41,168|[TRACE] graph - <----- statementPart
2021-11-19T10:23:41,168|[TRACE] graph - -----> statementPart
2021-11-19T10:23:41,168|[TRACE] graph - -------> nonSkippedChar
2021-11-19T10:23:41,168|[TRACE] script - #out(`n`) [token]
2021-11-19T10:23:41,168|[TRACE] graph - <------- nonSkippedChar
2021-11-19T10:23:41,168|[TRACE] graph - <----- statementPart
2021-11-19T10:23:41,168|[TRACE] graph - -----> statementPart
2021-11-19T10:23:41,168|[TRACE] graph - -------> nonSkippedChar
2021-11-19T10:23:41,168|[TRACE] script - #out(`o`) [token]
2021-11-19T10:23:41,168|[TRACE] graph - <------- nonSkippedChar
2021-11-19T10:23:41,168|[TRACE] graph - <----- statementPart
2021-11-19T10:23:41,168|[TRACE] graph - -----> statementPart
2021-11-19T10:23:41,168|[TRACE] graph - -------> nonSkippedChar
2021-11-19T10:23:41,168|[TRACE] script - #out(`D`) [token]
2021-11-19T10:23:41,168|[TRACE] graph - <------- nonSkippedChar
2021-11-19T10:23:41,168|[TRACE] graph - <----- statementPart
2021-11-19T10:23:41,168|[TRACE] graph - -----> statementPart
2021-11-19T10:23:41,168|[TRACE] graph - -------> nonSkippedChar
2021-11-19T10:23:41,168|[TRACE] script - #out(`B`) [token]
2021-11-19T10:23:41,168|[TRACE] graph - <------- nonSkippedChar
2021-11-19T10:23:41,168|[TRACE] graph - <----- statementPart
2021-11-19T10:23:41,168|[DEBUG] graph - Import statement : CREATE TABLE IF NOT EXISTS `bloodbank`.`blood_bank` (   `bank_id` INT NOT NULL AUTO_INCREMENT,   `name` VARCHAR(100) NOT NULL,   `privately_owned` BIT(1) NOT NULL,   `created` BIGINT NOT NULL DEFAULT (unix_timestamp(now()) * 1000),   `updated` BIGINT NOT NULL DEFAULT (unix_timestamp(now()) * 1000),   `version` INT NOT NULL DEFAULT 1,   PRIMARY KEY (`bank_id`),   UNIQUE INDEX `name_UNIQUE` (`name` ASC) VISIBLE) ENGINE = InnoDB
2021-11-19T10:23:41,222|[TRACE] graph - <--- statement
2021-11-19T10:23:41,223|[TRACE] graph - ---> blankSpacesToSkip
2021-11-19T10:23:41,223|[TRACE] graph - -----> newLineToSkip
2021-11-19T10:23:41,223|[TRACE] graph - <----- newLineToSkip
2021-11-19T10:23:41,223|[TRACE] graph - -----> newLineToSkip
2021-11-19T10:23:41,223|[TRACE] graph - <----- newLineToSkip
2021-11-19T10:23:41,223|[TRACE] graph - -----> newLineToSkip
2021-11-19T10:23:41,223|[TRACE] graph - <----- newLineToSkip
2021-11-19T10:23:41,223|[TRACE] graph - -----> newLineToSkip
2021-11-19T10:23:41,223|[TRACE] graph - <----- newLineToSkip
2021-11-19T10:23:41,223|[TRACE] graph - -----> newLineToSkip
2021-11-19T10:23:41,223|[TRACE] graph - <----- newLineToSkip
2021-11-19T10:23:41,223|[TRACE] graph - -----> newLineToSkip
2021-11-19T10:23:41,223|[TRACE] graph - <----- newLineToSkip
2021-11-19T10:23:41,223|[TRACE] graph - <--- blankSpacesToSkip
2021-11-19T10:23:41,223|[TRACE] graph - ---> statement
2021-11-19T10:23:41,223|[TRACE] graph - -----> statementFirstPart
2021-11-19T10:23:41,223|[TRACE] graph - -------> nonSkippedChar
2021-11-19T10:23:41,223|[TRACE] script - #out(`C`) [token]
2021-11-19T10:23:41,223|[TRACE] graph - <------- nonSkippedChar
2021-11-19T10:23:41,223|[TRACE] graph - <----- statementFirstPart
2021-11-19T10:23:41,223|[TRACE] graph - -----> statementPart
2021-11-19T10:23:41,223|[TRACE] graph - -------> nonSkippedChar
2021-11-19T10:23:41,223|[TRACE] script - #out(`R`) [token]
2021-11-19T10:23:41,223|[TRACE] graph - <------- nonSkippedChar
2021-11-19T10:23:41,223|[TRACE] graph - <----- statementPart
2021-11-19T10:23:41,223|[TRACE] graph - -----> statementPart
2021-11-19T10:23:41,223|[TRACE] graph - -------> nonSkippedChar
2021-11-19T10:23:41,223|[TRACE] script - #out(`E`) [token]
2021-11-19T10:23:41,223|[TRACE] graph - <------- nonSkippedChar
2021-11-19T10:23:41,223|[TRACE] graph - <----- statementPart
2021-11-19T10:23:41,223|[TRACE] graph - -----> statementPart
2021-11-19T10:23:41,223|[TRACE] graph - -------> nonSkippedChar
2021-11-19T10:23:41,223|[TRACE] script - #out(`A`) [token]
2021-11-19T10:23:41,223|[TRACE] graph - <------- nonSkippedChar
2021-11-19T10:23:41,223|[TRACE] graph - <----- statementPart
2021-11-19T10:23:41,223|[TRACE] graph - -----> statementPart
2021-11-19T10:23:41,223|[TRACE] graph - -------> nonSkippedChar
2021-11-19T10:23:41,223|[TRACE] script - #out(`T`) [token]
2021-11-19T10:23:41,223|[TRACE] graph - <------- nonSkippedChar
2021-11-19T10:23:41,223|[TRACE] graph - <----- statementPart
2021-11-19T10:23:41,223|[TRACE] graph - -----> statementPart
2021-11-19T10:23:41,223|[TRACE] graph - -------> nonSkippedChar
2021-11-19T10:23:41,223|[TRACE] script - #out(`E`) [token]
2021-11-19T10:23:41,223|[TRACE] graph - <------- nonSkippedChar
2021-11-19T10:23:41,223|[TRACE] graph - <----- statementPart
2021-11-19T10:23:41,223|[TRACE] graph - -----> statementPart
2021-11-19T10:23:41,223|[TRACE] graph - -------> nonSkippedSpace
2021-11-19T10:23:41,223|[TRACE] script - #out(` `) [token]
2021-11-19T10:23:41,223|[TRACE] graph - <------- nonSkippedSpace
2021-11-19T10:23:41,223|[TRACE] graph - <----- statementPart
2021-11-19T10:23:41,223|[TRACE] graph - -----> statementPart
2021-11-19T10:23:41,223|[TRACE] graph - -------> nonSkippedChar
2021-11-19T10:23:41,223|[TRACE] script - #out(`T`) [token]
2021-11-19T10:23:41,223|[TRACE] graph - <------- nonSkippedChar
2021-11-19T10:23:41,223|[TRACE] graph - <----- statementPart
2021-11-19T10:23:41,223|[TRACE] graph - -----> statementPart
2021-11-19T10:23:41,223|[TRACE] graph - -------> nonSkippedChar
2021-11-19T10:23:41,223|[TRACE] script - #out(`A`) [token]
2021-11-19T10:23:41,223|[TRACE] graph - <------- nonSkippedChar
2021-11-19T10:23:41,223|[TRACE] graph - <----- statementPart
2021-11-19T10:23:41,223|[TRACE] graph - -----> statementPart
2021-11-19T10:23:41,223|[TRACE] graph - -------> nonSkippedChar
2021-11-19T10:23:41,223|[TRACE] script - #out(`B`) [token]
2021-11-19T10:23:41,223|[TRACE] graph - <------- nonSkippedChar
2021-11-19T10:23:41,223|[TRACE] graph - <----- statementPart
2021-11-19T10:23:41,223|[TRACE] graph - -----> statementPart
2021-11-19T10:23:41,223|[TRACE] graph - -------> nonSkippedChar
2021-11-19T10:23:41,223|[TRACE] script - #out(`L`) [token]
2021-11-19T10:23:41,223|[TRACE] graph - <------- nonSkippedChar
2021-11-19T10:23:41,223|[TRACE] graph - <----- statementPart
2021-11-19T10:23:41,223|[TRACE] graph - -----> statementPart
2021-11-19T10:23:41,223|[TRACE] graph - -------> nonSkippedChar
2021-11-19T10:23:41,223|[TRACE] script - #out(`E`) [token]
2021-11-19T10:23:41,223|[TRACE] graph - <------- nonSkippedChar
2021-11-19T10:23:41,223|[TRACE] graph - <----- statementPart
2021-11-19T10:23:41,223|[TRACE] graph - -----> statementPart
2021-11-19T10:23:41,223|[TRACE] graph - -------> nonSkippedSpace
2021-11-19T10:23:41,223|[TRACE] script - #out(` `) [token]
2021-11-19T10:23:41,223|[TRACE] graph - <------- nonSkippedSpace
2021-11-19T10:23:41,223|[TRACE] graph - <----- statementPart
2021-11-19T10:23:41,223|[TRACE] graph - -----> statementPart
2021-11-19T10:23:41,223|[TRACE] graph - -------> nonSkippedChar
2021-11-19T10:23:41,223|[TRACE] script - #out(`I`) [token]
2021-11-19T10:23:41,223|[TRACE] graph - <------- nonSkippedChar
2021-11-19T10:23:41,223|[TRACE] graph - <----- statementPart
2021-11-19T10:23:41,223|[TRACE] graph - -----> statementPart
2021-11-19T10:23:41,223|[TRACE] graph - -------> nonSkippedChar
2021-11-19T10:23:41,223|[TRACE] script - #out(`F`) [token]
2021-11-19T10:23:41,223|[TRACE] graph - <------- nonSkippedChar
2021-11-19T10:23:41,223|[TRACE] graph - <----- statementPart
2021-11-19T10:23:41,223|[TRACE] graph - -----> statementPart
2021-11-19T10:23:41,223|[TRACE] graph - -------> nonSkippedSpace
2021-11-19T10:23:41,223|[TRACE] script - #out(` `) [token]
2021-11-19T10:23:41,223|[TRACE] graph - <------- nonSkippedSpace
2021-11-19T10:23:41,223|[TRACE] graph - <----- statementPart
2021-11-19T10:23:41,223|[TRACE] graph - -----> statementPart
2021-11-19T10:23:41,223|[TRACE] graph - -------> nonSkippedChar
2021-11-19T10:23:41,223|[TRACE] script - #out(`N`) [token]
2021-11-19T10:23:41,223|[TRACE] graph - <------- nonSkippedChar
2021-11-19T10:23:41,223|[TRACE] graph - <----- statementPart
2021-11-19T10:23:41,223|[TRACE] graph - -----> statementPart
2021-11-19T10:23:41,223|[TRACE] graph - -------> nonSkippedChar
2021-11-19T10:23:41,223|[TRACE] script - #out(`O`) [token]
2021-11-19T10:23:41,223|[TRACE] graph - <------- nonSkippedChar
2021-11-19T10:23:41,223|[TRACE] graph - <----- statementPart
2021-11-19T10:23:41,223|[TRACE] graph - -----> statementPart
2021-11-19T10:23:41,223|[TRACE] graph - -------> nonSkippedChar
2021-11-19T10:23:41,223|[TRACE] script - #out(`T`) [token]
2021-11-19T10:23:41,223|[TRACE] graph - <------- nonSkippedChar
2021-11-19T10:23:41,223|[TRACE] graph - <----- statementPart
2021-11-19T10:23:41,223|[TRACE] graph - -----> statementPart
2021-11-19T10:23:41,223|[TRACE] graph - -------> nonSkippedSpace
2021-11-19T10:23:41,223|[TRACE] script - #out(` `) [token]
2021-11-19T10:23:41,223|[TRACE] graph - <------- nonSkippedSpace
2021-11-19T10:23:41,223|[TRACE] graph - <----- statementPart
2021-11-19T10:23:41,223|[TRACE] graph - -----> statementPart
2021-11-19T10:23:41,223|[TRACE] graph - -------> nonSkippedChar
2021-11-19T10:23:41,223|[TRACE] script - #out(`E`) [token]
2021-11-19T10:23:41,223|[TRACE] graph - <------- nonSkippedChar
2021-11-19T10:23:41,223|[TRACE] graph - <----- statementPart
2021-11-19T10:23:41,223|[TRACE] graph - -----> statementPart
2021-11-19T10:23:41,223|[TRACE] graph - -------> nonSkippedChar
2021-11-19T10:23:41,224|[TRACE] script - #out(`X`) [token]
2021-11-19T10:23:41,224|[TRACE] graph - <------- nonSkippedChar
2021-11-19T10:23:41,224|[TRACE] graph - <----- statementPart
2021-11-19T10:23:41,224|[TRACE] graph - -----> statementPart
2021-11-19T10:23:41,224|[TRACE] graph - -------> nonSkippedChar
2021-11-19T10:23:41,224|[TRACE] script - #out(`I`) [token]
2021-11-19T10:23:41,224|[TRACE] graph - <------- nonSkippedChar
2021-11-19T10:23:41,224|[TRACE] graph - <----- statementPart
2021-11-19T10:23:41,224|[TRACE] graph - -----> statementPart
2021-11-19T10:23:41,224|[TRACE] graph - -------> nonSkippedChar
2021-11-19T10:23:41,224|[TRACE] script - #out(`S`) [token]
2021-11-19T10:23:41,224|[TRACE] graph - <------- nonSkippedChar
2021-11-19T10:23:41,224|[TRACE] graph - <----- statementPart
2021-11-19T10:23:41,224|[TRACE] graph - -----> statementPart
2021-11-19T10:23:41,224|[TRACE] graph - -------> nonSkippedChar
2021-11-19T10:23:41,224|[TRACE] script - #out(`T`) [token]
2021-11-19T10:23:41,224|[TRACE] graph - <------- nonSkippedChar
2021-11-19T10:23:41,224|[TRACE] graph - <----- statementPart
2021-11-19T10:23:41,224|[TRACE] graph - -----> statementPart
2021-11-19T10:23:41,224|[TRACE] graph - -------> nonSkippedChar
2021-11-19T10:23:41,224|[TRACE] script - #out(`S`) [token]
2021-11-19T10:23:41,224|[TRACE] graph - <------- nonSkippedChar
2021-11-19T10:23:41,224|[TRACE] graph - <----- statementPart
2021-11-19T10:23:41,224|[TRACE] graph - -----> statementPart
2021-11-19T10:23:41,224|[TRACE] graph - -------> nonSkippedSpace
2021-11-19T10:23:41,224|[TRACE] script - #out(` `) [token]
2021-11-19T10:23:41,224|[TRACE] graph - <------- nonSkippedSpace
2021-11-19T10:23:41,224|[TRACE] graph - <----- statementPart
2021-11-19T10:23:41,224|[TRACE] graph - -----> statementPart
2021-11-19T10:23:41,224|[TRACE] graph - -------> quotedString
2021-11-19T10:23:41,224|[TRACE] script - #out(``bloodbank``) [token]
2021-11-19T10:23:41,224|[TRACE] graph - <------- quotedString
2021-11-19T10:23:41,224|[TRACE] graph - <----- statementPart
2021-11-19T10:23:41,224|[TRACE] graph - -----> statementPart
2021-11-19T10:23:41,224|[TRACE] graph - -------> nonSkippedChar
2021-11-19T10:23:41,224|[TRACE] script - #out(`.`) [token]
2021-11-19T10:23:41,224|[TRACE] graph - <------- nonSkippedChar
2021-11-19T10:23:41,224|[TRACE] graph - <----- statementPart
2021-11-19T10:23:41,224|[TRACE] graph - -----> statementPart
2021-11-19T10:23:41,224|[TRACE] graph - -------> quotedString
2021-11-19T10:23:41,224|[TRACE] script - #out(``blood_donation``) [token]
2021-11-19T10:23:41,224|[TRACE] graph - <------- quotedString
2021-11-19T10:23:41,224|[TRACE] graph - <----- statementPart
2021-11-19T10:23:41,224|[TRACE] graph - -----> statementPart
2021-11-19T10:23:41,224|[TRACE] graph - -------> nonSkippedSpace
2021-11-19T10:23:41,224|[TRACE] script - #out(` `) [token]
2021-11-19T10:23:41,224|[TRACE] graph - <------- nonSkippedSpace
2021-11-19T10:23:41,224|[TRACE] graph - <----- statementPart
2021-11-19T10:23:41,224|[TRACE] graph - -----> statementPart
2021-11-19T10:23:41,224|[TRACE] graph - -------> nonSkippedChar
2021-11-19T10:23:41,224|[TRACE] script - #out(`(`) [token]
2021-11-19T10:23:41,224|[TRACE] graph - <------- nonSkippedChar
2021-11-19T10:23:41,224|[TRACE] graph - <----- statementPart
2021-11-19T10:23:41,224|[TRACE] graph - -----> afterStatementPartNewline
2021-11-19T10:23:41,224|[TRACE] script - #out(` `) [text]
2021-11-19T10:23:41,224|[TRACE] graph - <----- afterStatementPartNewline
2021-11-19T10:23:41,224|[TRACE] graph - -----> statementPart
2021-11-19T10:23:41,224|[TRACE] graph - -------> nonSkippedSpace
2021-11-19T10:23:41,224|[TRACE] script - #out(` `) [token]
2021-11-19T10:23:41,224|[TRACE] graph - <------- nonSkippedSpace
2021-11-19T10:23:41,224|[TRACE] graph - <----- statementPart
2021-11-19T10:23:41,224|[TRACE] graph - -----> statementPart
2021-11-19T10:23:41,224|[TRACE] graph - -------> nonSkippedSpace
2021-11-19T10:23:41,224|[TRACE] script - #out(` `) [token]
2021-11-19T10:23:41,224|[TRACE] graph - <------- nonSkippedSpace
2021-11-19T10:23:41,224|[TRACE] graph - <----- statementPart
2021-11-19T10:23:41,224|[TRACE] graph - -----> statementPart
2021-11-19T10:23:41,224|[TRACE] graph - -------> quotedString
2021-11-19T10:23:41,224|[TRACE] script - #out(``donation_id``) [token]
2021-11-19T10:23:41,224|[TRACE] graph - <------- quotedString
2021-11-19T10:23:41,224|[TRACE] graph - <----- statementPart
2021-11-19T10:23:41,224|[TRACE] graph - -----> statementPart
2021-11-19T10:23:41,224|[TRACE] graph - -------> nonSkippedSpace
2021-11-19T10:23:41,224|[TRACE] script - #out(` `) [token]
2021-11-19T10:23:41,224|[TRACE] graph - <------- nonSkippedSpace
2021-11-19T10:23:41,224|[TRACE] graph - <----- statementPart
2021-11-19T10:23:41,224|[TRACE] graph - -----> statementPart
2021-11-19T10:23:41,224|[TRACE] graph - -------> nonSkippedChar
2021-11-19T10:23:41,224|[TRACE] script - #out(`I`) [token]
2021-11-19T10:23:41,224|[TRACE] graph - <------- nonSkippedChar
2021-11-19T10:23:41,224|[TRACE] graph - <----- statementPart
2021-11-19T10:23:41,224|[TRACE] graph - -----> statementPart
2021-11-19T10:23:41,224|[TRACE] graph - -------> nonSkippedChar
2021-11-19T10:23:41,224|[TRACE] script - #out(`N`) [token]
2021-11-19T10:23:41,224|[TRACE] graph - <------- nonSkippedChar
2021-11-19T10:23:41,224|[TRACE] graph - <----- statementPart
2021-11-19T10:23:41,224|[TRACE] graph - -----> statementPart
2021-11-19T10:23:41,224|[TRACE] graph - -------> nonSkippedChar
2021-11-19T10:23:41,224|[TRACE] script - #out(`T`) [token]
2021-11-19T10:23:41,224|[TRACE] graph - <------- nonSkippedChar
2021-11-19T10:23:41,224|[TRACE] graph - <----- statementPart
2021-11-19T10:23:41,224|[TRACE] graph - -----> statementPart
2021-11-19T10:23:41,224|[TRACE] graph - -------> nonSkippedSpace
2021-11-19T10:23:41,224|[TRACE] script - #out(` `) [token]
2021-11-19T10:23:41,224|[TRACE] graph - <------- nonSkippedSpace
2021-11-19T10:23:41,224|[TRACE] graph - <----- statementPart
2021-11-19T10:23:41,224|[TRACE] graph - -----> statementPart
2021-11-19T10:23:41,224|[TRACE] graph - -------> nonSkippedChar
2021-11-19T10:23:41,224|[TRACE] script - #out(`N`) [token]
2021-11-19T10:23:41,224|[TRACE] graph - <------- nonSkippedChar
2021-11-19T10:23:41,224|[TRACE] graph - <----- statementPart
2021-11-19T10:23:41,224|[TRACE] graph - -----> statementPart
2021-11-19T10:23:41,224|[TRACE] graph - -------> nonSkippedChar
2021-11-19T10:23:41,224|[TRACE] script - #out(`O`) [token]
2021-11-19T10:23:41,224|[TRACE] graph - <------- nonSkippedChar
2021-11-19T10:23:41,224|[TRACE] graph - <----- statementPart
2021-11-19T10:23:41,224|[TRACE] graph - -----> statementPart
2021-11-19T10:23:41,224|[TRACE] graph - -------> nonSkippedChar
2021-11-19T10:23:41,224|[TRACE] script - #out(`T`) [token]
2021-11-19T10:23:41,224|[TRACE] graph - <------- nonSkippedChar
2021-11-19T10:23:41,224|[TRACE] graph - <----- statementPart
2021-11-19T10:23:41,224|[TRACE] graph - -----> statementPart
2021-11-19T10:23:41,224|[TRACE] graph - -------> nonSkippedSpace
2021-11-19T10:23:41,224|[TRACE] script - #out(` `) [token]
2021-11-19T10:23:41,224|[TRACE] graph - <------- nonSkippedSpace
2021-11-19T10:23:41,224|[TRACE] graph - <----- statementPart
2021-11-19T10:23:41,224|[TRACE] graph - -----> statementPart
2021-11-19T10:23:41,224|[TRACE] graph - -------> nonSkippedChar
2021-11-19T10:23:41,224|[TRACE] script - #out(`N`) [token]
2021-11-19T10:23:41,224|[TRACE] graph - <------- nonSkippedChar
2021-11-19T10:23:41,224|[TRACE] graph - <----- statementPart
2021-11-19T10:23:41,224|[TRACE] graph - -----> statementPart
2021-11-19T10:23:41,224|[TRACE] graph - -------> nonSkippedChar
2021-11-19T10:23:41,224|[TRACE] script - #out(`U`) [token]
2021-11-19T10:23:41,224|[TRACE] graph - <------- nonSkippedChar
2021-11-19T10:23:41,224|[TRACE] graph - <----- statementPart
2021-11-19T10:23:41,224|[TRACE] graph - -----> statementPart
2021-11-19T10:23:41,224|[TRACE] graph - -------> nonSkippedChar
2021-11-19T10:23:41,224|[TRACE] script - #out(`L`) [token]
2021-11-19T10:23:41,224|[TRACE] graph - <------- nonSkippedChar
2021-11-19T10:23:41,224|[TRACE] graph - <----- statementPart
2021-11-19T10:23:41,224|[TRACE] graph - -----> statementPart
2021-11-19T10:23:41,224|[TRACE] graph - -------> nonSkippedChar
2021-11-19T10:23:41,224|[TRACE] script - #out(`L`) [token]
2021-11-19T10:23:41,224|[TRACE] graph - <------- nonSkippedChar
2021-11-19T10:23:41,224|[TRACE] graph - <----- statementPart
2021-11-19T10:23:41,224|[TRACE] graph - -----> statementPart
2021-11-19T10:23:41,225|[TRACE] graph - -------> nonSkippedSpace
2021-11-19T10:23:41,225|[TRACE] script - #out(` `) [token]
2021-11-19T10:23:41,225|[TRACE] graph - <------- nonSkippedSpace
2021-11-19T10:23:41,225|[TRACE] graph - <----- statementPart
2021-11-19T10:23:41,225|[TRACE] graph - -----> statementPart
2021-11-19T10:23:41,225|[TRACE] graph - -------> nonSkippedChar
2021-11-19T10:23:41,225|[TRACE] script - #out(`A`) [token]
2021-11-19T10:23:41,225|[TRACE] graph - <------- nonSkippedChar
2021-11-19T10:23:41,225|[TRACE] graph - <----- statementPart
2021-11-19T10:23:41,225|[TRACE] graph - -----> statementPart
2021-11-19T10:23:41,225|[TRACE] graph - -------> nonSkippedChar
2021-11-19T10:23:41,225|[TRACE] script - #out(`U`) [token]
2021-11-19T10:23:41,225|[TRACE] graph - <------- nonSkippedChar
2021-11-19T10:23:41,225|[TRACE] graph - <----- statementPart
2021-11-19T10:23:41,225|[TRACE] graph - -----> statementPart
2021-11-19T10:23:41,225|[TRACE] graph - -------> nonSkippedChar
2021-11-19T10:23:41,225|[TRACE] script - #out(`T`) [token]
2021-11-19T10:23:41,225|[TRACE] graph - <------- nonSkippedChar
2021-11-19T10:23:41,225|[TRACE] graph - <----- statementPart
2021-11-19T10:23:41,225|[TRACE] graph - -----> statementPart
2021-11-19T10:23:41,225|[TRACE] graph - -------> nonSkippedChar
2021-11-19T10:23:41,225|[TRACE] script - #out(`O`) [token]
2021-11-19T10:23:41,225|[TRACE] graph - <------- nonSkippedChar
2021-11-19T10:23:41,225|[TRACE] graph - <----- statementPart
2021-11-19T10:23:41,225|[TRACE] graph - -----> statementPart
2021-11-19T10:23:41,225|[TRACE] graph - -------> nonSkippedChar
2021-11-19T10:23:41,225|[TRACE] script - #out(`_`) [token]
2021-11-19T10:23:41,225|[TRACE] graph - <------- nonSkippedChar
2021-11-19T10:23:41,225|[TRACE] graph - <----- statementPart
2021-11-19T10:23:41,225|[TRACE] graph - -----> statementPart
2021-11-19T10:23:41,225|[TRACE] graph - -------> nonSkippedChar
2021-11-19T10:23:41,225|[TRACE] script - #out(`I`) [token]
2021-11-19T10:23:41,225|[TRACE] graph - <------- nonSkippedChar
2021-11-19T10:23:41,225|[TRACE] graph - <----- statementPart
2021-11-19T10:23:41,225|[TRACE] graph - -----> statementPart
2021-11-19T10:23:41,225|[TRACE] graph - -------> nonSkippedChar
2021-11-19T10:23:41,225|[TRACE] script - #out(`N`) [token]
2021-11-19T10:23:41,225|[TRACE] graph - <------- nonSkippedChar
2021-11-19T10:23:41,225|[TRACE] graph - <----- statementPart
2021-11-19T10:23:41,225|[TRACE] graph - -----> statementPart
2021-11-19T10:23:41,225|[TRACE] graph - -------> nonSkippedChar
2021-11-19T10:23:41,225|[TRACE] script - #out(`C`) [token]
2021-11-19T10:23:41,225|[TRACE] graph - <------- nonSkippedChar
2021-11-19T10:23:41,225|[TRACE] graph - <----- statementPart
2021-11-19T10:23:41,225|[TRACE] graph - -----> statementPart
2021-11-19T10:23:41,225|[TRACE] graph - -------> nonSkippedChar
2021-11-19T10:23:41,225|[TRACE] script - #out(`R`) [token]
2021-11-19T10:23:41,225|[TRACE] graph - <------- nonSkippedChar
2021-11-19T10:23:41,225|[TRACE] graph - <----- statementPart
2021-11-19T10:23:41,225|[TRACE] graph - -----> statementPart
2021-11-19T10:23:41,225|[TRACE] graph - -------> nonSkippedChar
2021-11-19T10:23:41,225|[TRACE] script - #out(`E`) [token]
2021-11-19T10:23:41,225|[TRACE] graph - <------- nonSkippedChar
2021-11-19T10:23:41,225|[TRACE] graph - <----- statementPart
2021-11-19T10:23:41,225|[TRACE] graph - -----> statementPart
2021-11-19T10:23:41,225|[TRACE] graph - -------> nonSkippedChar
2021-11-19T10:23:41,225|[TRACE] script - #out(`M`) [token]
2021-11-19T10:23:41,225|[TRACE] graph - <------- nonSkippedChar
2021-11-19T10:23:41,225|[TRACE] graph - <----- statementPart
2021-11-19T10:23:41,225|[TRACE] graph - -----> statementPart
2021-11-19T10:23:41,225|[TRACE] graph - -------> nonSkippedChar
2021-11-19T10:23:41,225|[TRACE] script - #out(`E`) [token]
2021-11-19T10:23:41,225|[TRACE] graph - <------- nonSkippedChar
2021-11-19T10:23:41,225|[TRACE] graph - <----- statementPart
2021-11-19T10:23:41,225|[TRACE] graph - -----> statementPart
2021-11-19T10:23:41,225|[TRACE] graph - -------> nonSkippedChar
2021-11-19T10:23:41,225|[TRACE] script - #out(`N`) [token]
2021-11-19T10:23:41,225|[TRACE] graph - <------- nonSkippedChar
2021-11-19T10:23:41,225|[TRACE] graph - <----- statementPart
2021-11-19T10:23:41,225|[TRACE] graph - -----> statementPart
2021-11-19T10:23:41,225|[TRACE] graph - -------> nonSkippedChar
2021-11-19T10:23:41,225|[TRACE] script - #out(`T`) [token]
2021-11-19T10:23:41,225|[TRACE] graph - <------- nonSkippedChar
2021-11-19T10:23:41,225|[TRACE] graph - <----- statementPart
2021-11-19T10:23:41,225|[TRACE] graph - -----> statementPart
2021-11-19T10:23:41,225|[TRACE] graph - -------> nonSkippedChar
2021-11-19T10:23:41,225|[TRACE] script - #out(`,`) [token]
2021-11-19T10:23:41,225|[TRACE] graph - <------- nonSkippedChar
2021-11-19T10:23:41,225|[TRACE] graph - <----- statementPart
2021-11-19T10:23:41,225|[TRACE] graph - -----> afterStatementPartNewline
2021-11-19T10:23:41,225|[TRACE] script - #out(` `) [text]
2021-11-19T10:23:41,225|[TRACE] graph - <----- afterStatementPartNewline
2021-11-19T10:23:41,225|[TRACE] graph - -----> statementPart
2021-11-19T10:23:41,225|[TRACE] graph - -------> nonSkippedSpace
2021-11-19T10:23:41,225|[TRACE] script - #out(` `) [token]
2021-11-19T10:23:41,225|[TRACE] graph - <------- nonSkippedSpace
2021-11-19T10:23:41,225|[TRACE] graph - <----- statementPart
2021-11-19T10:23:41,225|[TRACE] graph - -----> statementPart
2021-11-19T10:23:41,225|[TRACE] graph - -------> nonSkippedSpace
2021-11-19T10:23:41,225|[TRACE] script - #out(` `) [token]
2021-11-19T10:23:41,225|[TRACE] graph - <------- nonSkippedSpace
2021-11-19T10:23:41,225|[TRACE] graph - <----- statementPart
2021-11-19T10:23:41,225|[TRACE] graph - -----> statementPart
2021-11-19T10:23:41,225|[TRACE] graph - -------> quotedString
2021-11-19T10:23:41,225|[TRACE] script - #out(``bank_id``) [token]
2021-11-19T10:23:41,225|[TRACE] graph - <------- quotedString
2021-11-19T10:23:41,225|[TRACE] graph - <----- statementPart
2021-11-19T10:23:41,225|[TRACE] graph - -----> statementPart
2021-11-19T10:23:41,225|[TRACE] graph - -------> nonSkippedSpace
2021-11-19T10:23:41,225|[TRACE] script - #out(` `) [token]
2021-11-19T10:23:41,225|[TRACE] graph - <------- nonSkippedSpace
2021-11-19T10:23:41,225|[TRACE] graph - <----- statementPart
2021-11-19T10:23:41,225|[TRACE] graph - -----> statementPart
2021-11-19T10:23:41,225|[TRACE] graph - -------> nonSkippedChar
2021-11-19T10:23:41,225|[TRACE] script - #out(`I`) [token]
2021-11-19T10:23:41,225|[TRACE] graph - <------- nonSkippedChar
2021-11-19T10:23:41,225|[TRACE] graph - <----- statementPart
2021-11-19T10:23:41,225|[TRACE] graph - -----> statementPart
2021-11-19T10:23:41,225|[TRACE] graph - -------> nonSkippedChar
2021-11-19T10:23:41,225|[TRACE] script - #out(`N`) [token]
2021-11-19T10:23:41,225|[TRACE] graph - <------- nonSkippedChar
2021-11-19T10:23:41,225|[TRACE] graph - <----- statementPart
2021-11-19T10:23:41,225|[TRACE] graph - -----> statementPart
2021-11-19T10:23:41,225|[TRACE] graph - -------> nonSkippedChar
2021-11-19T10:23:41,225|[TRACE] script - #out(`T`) [token]
2021-11-19T10:23:41,225|[TRACE] graph - <------- nonSkippedChar
2021-11-19T10:23:41,225|[TRACE] graph - <----- statementPart
2021-11-19T10:23:41,225|[TRACE] graph - -----> statementPart
2021-11-19T10:23:41,225|[TRACE] graph - -------> nonSkippedSpace
2021-11-19T10:23:41,225|[TRACE] script - #out(` `) [token]
2021-11-19T10:23:41,225|[TRACE] graph - <------- nonSkippedSpace
2021-11-19T10:23:41,225|[TRACE] graph - <----- statementPart
2021-11-19T10:23:41,225|[TRACE] graph - -----> statementPart
2021-11-19T10:23:41,225|[TRACE] graph - -------> nonSkippedChar
2021-11-19T10:23:41,225|[TRACE] script - #out(`N`) [token]
2021-11-19T10:23:41,225|[TRACE] graph - <------- nonSkippedChar
2021-11-19T10:23:41,225|[TRACE] graph - <----- statementPart
2021-11-19T10:23:41,225|[TRACE] graph - -----> statementPart
2021-11-19T10:23:41,225|[TRACE] graph - -------> nonSkippedChar
2021-11-19T10:23:41,225|[TRACE] script - #out(`O`) [token]
2021-11-19T10:23:41,225|[TRACE] graph - <------- nonSkippedChar
2021-11-19T10:23:41,225|[TRACE] graph - <----- statementPart
2021-11-19T10:23:41,225|[TRACE] graph - -----> statementPart
2021-11-19T10:23:41,225|[TRACE] graph - -------> nonSkippedChar
2021-11-19T10:23:41,225|[TRACE] script - #out(`T`) [token]
2021-11-19T10:23:41,225|[TRACE] graph - <------- nonSkippedChar
2021-11-19T10:23:41,225|[TRACE] graph - <----- statementPart
2021-11-19T10:23:41,225|[TRACE] graph - -----> statementPart
2021-11-19T10:23:41,225|[TRACE] graph - -------> nonSkippedSpace
2021-11-19T10:23:41,225|[TRACE] script - #out(` `) [token]
2021-11-19T10:23:41,225|[TRACE] graph - <------- nonSkippedSpace
2021-11-19T10:23:41,225|[TRACE] graph - <----- statementPart
2021-11-19T10:23:41,225|[TRACE] graph - -----> statementPart
2021-11-19T10:23:41,225|[TRACE] graph - -------> nonSkippedChar
2021-11-19T10:23:41,225|[TRACE] script - #out(`N`) [token]
2021-11-19T10:23:41,225|[TRACE] graph - <------- nonSkippedChar
2021-11-19T10:23:41,225|[TRACE] graph - <----- statementPart
2021-11-19T10:23:41,225|[TRACE] graph - -----> statementPart
2021-11-19T10:23:41,225|[TRACE] graph - -------> nonSkippedChar
2021-11-19T10:23:41,225|[TRACE] script - #out(`U`) [token]
2021-11-19T10:23:41,225|[TRACE] graph - <------- nonSkippedChar
2021-11-19T10:23:41,225|[TRACE] graph - <----- statementPart
2021-11-19T10:23:41,225|[TRACE] graph - -----> statementPart
2021-11-19T10:23:41,225|[TRACE] graph - -------> nonSkippedChar
2021-11-19T10:23:41,225|[TRACE] script - #out(`L`) [token]
2021-11-19T10:23:41,225|[TRACE] graph - <------- nonSkippedChar
2021-11-19T10:23:41,225|[TRACE] graph - <----- statementPart
2021-11-19T10:23:41,225|[TRACE] graph - -----> statementPart
2021-11-19T10:23:41,225|[TRACE] graph - -------> nonSkippedChar
2021-11-19T10:23:41,225|[TRACE] script - #out(`L`) [token]
2021-11-19T10:23:41,226|[TRACE] graph - <------- nonSkippedChar
2021-11-19T10:23:41,226|[TRACE] graph - <----- statementPart
2021-11-19T10:23:41,226|[TRACE] graph - -----> statementPart
2021-11-19T10:23:41,226|[TRACE] graph - -------> nonSkippedChar
2021-11-19T10:23:41,226|[TRACE] script - #out(`,`) [token]
2021-11-19T10:23:41,226|[TRACE] graph - <------- nonSkippedChar
2021-11-19T10:23:41,226|[TRACE] graph - <----- statementPart
2021-11-19T10:23:41,226|[TRACE] graph - -----> afterStatementPartNewline
2021-11-19T10:23:41,226|[TRACE] script - #out(` `) [text]
2021-11-19T10:23:41,226|[TRACE] graph - <----- afterStatementPartNewline
2021-11-19T10:23:41,226|[TRACE] graph - -----> statementPart
2021-11-19T10:23:41,226|[TRACE] graph - -------> nonSkippedSpace
2021-11-19T10:23:41,226|[TRACE] script - #out(` `) [token]
2021-11-19T10:23:41,226|[TRACE] graph - <------- nonSkippedSpace
2021-11-19T10:23:41,226|[TRACE] graph - <----- statementPart
2021-11-19T10:23:41,226|[TRACE] graph - -----> statementPart
2021-11-19T10:23:41,226|[TRACE] graph - -------> nonSkippedSpace
2021-11-19T10:23:41,226|[TRACE] script - #out(` `) [token]
2021-11-19T10:23:41,226|[TRACE] graph - <------- nonSkippedSpace
2021-11-19T10:23:41,226|[TRACE] graph - <----- statementPart
2021-11-19T10:23:41,226|[TRACE] graph - -----> statementPart
2021-11-19T10:23:41,226|[TRACE] graph - -------> quotedString
2021-11-19T10:23:41,226|[TRACE] script - #out(``milliliters``) [token]
2021-11-19T10:23:41,226|[TRACE] graph - <------- quotedString
2021-11-19T10:23:41,226|[TRACE] graph - <----- statementPart
2021-11-19T10:23:41,226|[TRACE] graph - -----> statementPart
2021-11-19T10:23:41,226|[TRACE] graph - -------> nonSkippedSpace
2021-11-19T10:23:41,226|[TRACE] script - #out(` `) [token]
2021-11-19T10:23:41,226|[TRACE] graph - <------- nonSkippedSpace
2021-11-19T10:23:41,226|[TRACE] graph - <----- statementPart
2021-11-19T10:23:41,226|[TRACE] graph - -----> statementPart
2021-11-19T10:23:41,226|[TRACE] graph - -------> nonSkippedChar
2021-11-19T10:23:41,226|[TRACE] script - #out(`I`) [token]
2021-11-19T10:23:41,226|[TRACE] graph - <------- nonSkippedChar
2021-11-19T10:23:41,226|[TRACE] graph - <----- statementPart
2021-11-19T10:23:41,226|[TRACE] graph - -----> statementPart
2021-11-19T10:23:41,226|[TRACE] graph - -------> nonSkippedChar
2021-11-19T10:23:41,226|[TRACE] script - #out(`N`) [token]
2021-11-19T10:23:41,226|[TRACE] graph - <------- nonSkippedChar
2021-11-19T10:23:41,226|[TRACE] graph - <----- statementPart
2021-11-19T10:23:41,289|[TRACE] graph - -----> statementPart
2021-11-19T10:23:41,289|[TRACE] graph - -------> nonSkippedChar
2021-11-19T10:23:41,289|[TRACE] script - #out(`T`) [token]
2021-11-19T10:23:41,289|[TRACE] graph - <------- nonSkippedChar
2021-11-19T10:23:41,289|[TRACE] graph - <----- statementPart
2021-11-19T10:23:41,289|[TRACE] graph - -----> statementPart
2021-11-19T10:23:41,289|[TRACE] graph - -------> nonSkippedSpace
2021-11-19T10:23:41,289|[TRACE] script - #out(` `) [token]
2021-11-19T10:23:41,289|[TRACE] graph - <------- nonSkippedSpace
2021-11-19T10:23:41,289|[TRACE] graph - <----- statementPart
2021-11-19T10:23:41,289|[TRACE] graph - -----> statementPart
2021-11-19T10:23:41,289|[TRACE] graph - -------> nonSkippedChar
2021-11-19T10:23:41,289|[TRACE] script - #out(`N`) [token]
2021-11-19T10:23:41,289|[TRACE] graph - <------- nonSkippedChar
2021-11-19T10:23:41,289|[TRACE] graph - <----- statementPart
2021-11-19T10:23:41,289|[TRACE] graph - -----> statementPart
2021-11-19T10:23:41,289|[TRACE] graph - -------> nonSkippedChar
2021-11-19T10:23:41,289|[TRACE] script - #out(`O`) [token]
2021-11-19T10:23:41,289|[TRACE] graph - <------- nonSkippedChar
2021-11-19T10:23:41,289|[TRACE] graph - <----- statementPart
2021-11-19T10:23:41,289|[TRACE] graph - -----> statementPart
2021-11-19T10:23:41,289|[TRACE] graph - -------> nonSkippedChar
2021-11-19T10:23:41,289|[TRACE] script - #out(`T`) [token]
2021-11-19T10:23:41,289|[TRACE] graph - <------- nonSkippedChar
2021-11-19T10:23:41,289|[TRACE] graph - <----- statementPart
2021-11-19T10:23:41,289|[TRACE] graph - -----> statementPart
2021-11-19T10:23:41,289|[TRACE] graph - -------> nonSkippedSpace
2021-11-19T10:23:41,289|[TRACE] script - #out(` `) [token]
2021-11-19T10:23:41,289|[TRACE] graph - <------- nonSkippedSpace
2021-11-19T10:23:41,289|[TRACE] graph - <----- statementPart
2021-11-19T10:23:41,289|[TRACE] graph - -----> statementPart
2021-11-19T10:23:41,289|[TRACE] graph - -------> nonSkippedChar
2021-11-19T10:23:41,289|[TRACE] script - #out(`N`) [token]
2021-11-19T10:23:41,289|[TRACE] graph - <------- nonSkippedChar
2021-11-19T10:23:41,289|[TRACE] graph - <----- statementPart
2021-11-19T10:23:41,289|[TRACE] graph - -----> statementPart
2021-11-19T10:23:41,289|[TRACE] graph - -------> nonSkippedChar
2021-11-19T10:23:41,289|[TRACE] script - #out(`U`) [token]
2021-11-19T10:23:41,289|[TRACE] graph - <------- nonSkippedChar
2021-11-19T10:23:41,289|[TRACE] graph - <----- statementPart
2021-11-19T10:23:41,289|[TRACE] graph - -----> statementPart
2021-11-19T10:23:41,289|[TRACE] graph - -------> nonSkippedChar
2021-11-19T10:23:41,289|[TRACE] script - #out(`L`) [token]
2021-11-19T10:23:41,289|[TRACE] graph - <------- nonSkippedChar
2021-11-19T10:23:41,289|[TRACE] graph - <----- statementPart
2021-11-19T10:23:41,289|[TRACE] graph - -----> statementPart
2021-11-19T10:23:41,289|[TRACE] graph - -------> nonSkippedChar
2021-11-19T10:23:41,289|[TRACE] script - #out(`L`) [token]
2021-11-19T10:23:41,289|[TRACE] graph - <------- nonSkippedChar
2021-11-19T10:23:41,289|[TRACE] graph - <----- statementPart
2021-11-19T10:23:41,289|[TRACE] graph - -----> statementPart
2021-11-19T10:23:41,289|[TRACE] graph - -------> nonSkippedChar
2021-11-19T10:23:41,289|[TRACE] script - #out(`,`) [token]
2021-11-19T10:23:41,289|[TRACE] graph - <------- nonSkippedChar
2021-11-19T10:23:41,289|[TRACE] graph - <----- statementPart
2021-11-19T10:23:41,289|[TRACE] graph - -----> afterStatementPartNewline
2021-11-19T10:23:41,289|[TRACE] script - #out(` `) [text]
2021-11-19T10:23:41,289|[TRACE] graph - <----- afterStatementPartNewline
2021-11-19T10:23:41,289|[TRACE] graph - -----> statementPart
2021-11-19T10:23:41,289|[TRACE] graph - -------> nonSkippedSpace
2021-11-19T10:23:41,289|[TRACE] script - #out(` `) [token]
2021-11-19T10:23:41,289|[TRACE] graph - <------- nonSkippedSpace
2021-11-19T10:23:41,289|[TRACE] graph - <----- statementPart
2021-11-19T10:23:41,289|[TRACE] graph - -----> statementPart
2021-11-19T10:23:41,289|[TRACE] graph - -------> nonSkippedSpace
2021-11-19T10:23:41,289|[TRACE] script - #out(` `) [token]
2021-11-19T10:23:41,289|[TRACE] graph - <------- nonSkippedSpace
2021-11-19T10:23:41,289|[TRACE] graph - <----- statementPart
2021-11-19T10:23:41,289|[TRACE] graph - -----> statementPart
2021-11-19T10:23:41,289|[TRACE] graph - -------> quotedString
2021-11-19T10:23:41,289|[TRACE] script - #out(``blood_group``) [token]
2021-11-19T10:23:41,289|[TRACE] graph - <------- quotedString
2021-11-19T10:23:41,289|[TRACE] graph - <----- statementPart
2021-11-19T10:23:41,289|[TRACE] graph - -----> statementPart
2021-11-19T10:23:41,289|[TRACE] graph - -------> nonSkippedSpace
2021-11-19T10:23:41,289|[TRACE] script - #out(` `) [token]
2021-11-19T10:23:41,289|[TRACE] graph - <------- nonSkippedSpace
2021-11-19T10:23:41,289|[TRACE] graph - <----- statementPart
2021-11-19T10:23:41,289|[TRACE] graph - -----> statementPart
2021-11-19T10:23:41,289|[TRACE] graph - -------> nonSkippedChar
2021-11-19T10:23:41,289|[TRACE] script - #out(`C`) [token]
2021-11-19T10:23:41,289|[TRACE] graph - <------- nonSkippedChar
2021-11-19T10:23:41,289|[TRACE] graph - <----- statementPart
2021-11-19T10:23:41,289|[TRACE] graph - -----> statementPart
2021-11-19T10:23:41,289|[TRACE] graph - -------> nonSkippedChar
2021-11-19T10:23:41,289|[TRACE] script - #out(`H`) [token]
2021-11-19T10:23:41,289|[TRACE] graph - <------- nonSkippedChar
2021-11-19T10:23:41,289|[TRACE] graph - <----- statementPart
2021-11-19T10:23:41,289|[TRACE] graph - -----> statementPart
2021-11-19T10:23:41,289|[TRACE] graph - -------> nonSkippedChar
2021-11-19T10:23:41,289|[TRACE] script - #out(`A`) [token]
2021-11-19T10:23:41,289|[TRACE] graph - <------- nonSkippedChar
2021-11-19T10:23:41,289|[TRACE] graph - <----- statementPart
2021-11-19T10:23:41,289|[TRACE] graph - -----> statementPart
2021-11-19T10:23:41,289|[TRACE] graph - -------> nonSkippedChar
2021-11-19T10:23:41,289|[TRACE] script - #out(`R`) [token]
2021-11-19T10:23:41,289|[TRACE] graph - <------- nonSkippedChar
2021-11-19T10:23:41,289|[TRACE] graph - <----- statementPart
2021-11-19T10:23:41,289|[TRACE] graph - -----> statementPart
2021-11-19T10:23:41,289|[TRACE] graph - -------> nonSkippedChar
2021-11-19T10:23:41,289|[TRACE] script - #out(`(`) [token]
2021-11-19T10:23:41,289|[TRACE] graph - <------- nonSkippedChar
2021-11-19T10:23:41,289|[TRACE] graph - <----- statementPart
2021-11-19T10:23:41,289|[TRACE] graph - -----> statementPart
2021-11-19T10:23:41,289|[TRACE] graph - -------> nonSkippedChar
2021-11-19T10:23:41,289|[TRACE] script - #out(`2`) [token]
2021-11-19T10:23:41,289|[TRACE] graph - <------- nonSkippedChar
2021-11-19T10:23:41,289|[TRACE] graph - <----- statementPart
2021-11-19T10:23:41,289|[TRACE] graph - -----> statementPart
2021-11-19T10:23:41,289|[TRACE] graph - -------> nonSkippedChar
2021-11-19T10:23:41,289|[TRACE] script - #out(`)`) [token]
2021-11-19T10:23:41,289|[TRACE] graph - <------- nonSkippedChar
2021-11-19T10:23:41,289|[TRACE] graph - <----- statementPart
2021-11-19T10:23:41,289|[TRACE] graph - -----> statementPart
2021-11-19T10:23:41,289|[TRACE] graph - -------> nonSkippedSpace
2021-11-19T10:23:41,289|[TRACE] script - #out(` `) [token]
2021-11-19T10:23:41,289|[TRACE] graph - <------- nonSkippedSpace
2021-11-19T10:23:41,289|[TRACE] graph - <----- statementPart
2021-11-19T10:23:41,290|[TRACE] graph - -----> statementPart
2021-11-19T10:23:41,290|[TRACE] graph - -------> nonSkippedChar
2021-11-19T10:23:41,290|[TRACE] script - #out(`N`) [token]
2021-11-19T10:23:41,290|[TRACE] graph - <------- nonSkippedChar
2021-11-19T10:23:41,290|[TRACE] graph - <----- statementPart
2021-11-19T10:23:41,290|[TRACE] graph - -----> statementPart
2021-11-19T10:23:41,290|[TRACE] graph - -------> nonSkippedChar
2021-11-19T10:23:41,290|[TRACE] script - #out(`O`) [token]
2021-11-19T10:23:41,290|[TRACE] graph - <------- nonSkippedChar
2021-11-19T10:23:41,290|[TRACE] graph - <----- statementPart
2021-11-19T10:23:41,290|[TRACE] graph - -----> statementPart
2021-11-19T10:23:41,290|[TRACE] graph - -------> nonSkippedChar
2021-11-19T10:23:41,290|[TRACE] script - #out(`T`) [token]
2021-11-19T10:23:41,290|[TRACE] graph - <------- nonSkippedChar
2021-11-19T10:23:41,290|[TRACE] graph - <----- statementPart
2021-11-19T10:23:41,290|[TRACE] graph - -----> statementPart
2021-11-19T10:23:41,290|[TRACE] graph - -------> nonSkippedSpace
2021-11-19T10:23:41,290|[TRACE] script - #out(` `) [token]
2021-11-19T10:23:41,290|[TRACE] graph - <------- nonSkippedSpace
2021-11-19T10:23:41,290|[TRACE] graph - <----- statementPart
2021-11-19T10:23:41,290|[TRACE] graph - -----> statementPart
2021-11-19T10:23:41,290|[TRACE] graph - -------> nonSkippedChar
2021-11-19T10:23:41,290|[TRACE] script - #out(`N`) [token]
2021-11-19T10:23:41,290|[TRACE] graph - <------- nonSkippedChar
2021-11-19T10:23:41,290|[TRACE] graph - <----- statementPart
2021-11-19T10:23:41,290|[TRACE] graph - -----> statementPart
2021-11-19T10:23:41,290|[TRACE] graph - -------> nonSkippedChar
2021-11-19T10:23:41,290|[TRACE] script - #out(`U`) [token]
2021-11-19T10:23:41,290|[TRACE] graph - <------- nonSkippedChar
2021-11-19T10:23:41,290|[TRACE] graph - <----- statementPart
2021-11-19T10:23:41,290|[TRACE] graph - -----> statementPart
2021-11-19T10:23:41,290|[TRACE] graph - -------> nonSkippedChar
2021-11-19T10:23:41,290|[TRACE] script - #out(`L`) [token]
2021-11-19T10:23:41,290|[TRACE] graph - <------- nonSkippedChar
2021-11-19T10:23:41,290|[TRACE] graph - <----- statementPart
2021-11-19T10:23:41,290|[TRACE] graph - -----> statementPart
2021-11-19T10:23:41,290|[TRACE] graph - -------> nonSkippedChar
2021-11-19T10:23:41,290|[TRACE] script - #out(`L`) [token]
2021-11-19T10:23:41,290|[TRACE] graph - <------- nonSkippedChar
2021-11-19T10:23:41,290|[TRACE] graph - <----- statementPart
2021-11-19T10:23:41,290|[TRACE] graph - -----> statementPart
2021-11-19T10:23:41,290|[TRACE] graph - -------> nonSkippedChar
2021-11-19T10:23:41,290|[TRACE] script - #out(`,`) [token]
2021-11-19T10:23:41,290|[TRACE] graph - <------- nonSkippedChar
2021-11-19T10:23:41,290|[TRACE] graph - <----- statementPart
2021-11-19T10:23:41,290|[TRACE] graph - -----> afterStatementPartNewline
2021-11-19T10:23:41,290|[TRACE] script - #out(` `) [text]
2021-11-19T10:23:41,290|[TRACE] graph - <----- afterStatementPartNewline
2021-11-19T10:23:41,290|[TRACE] graph - -----> statementPart
2021-11-19T10:23:41,290|[TRACE] graph - -------> nonSkippedSpace
2021-11-19T10:23:41,290|[TRACE] script - #out(` `) [token]
2021-11-19T10:23:41,290|[TRACE] graph - <------- nonSkippedSpace
2021-11-19T10:23:41,290|[TRACE] graph - <----- statementPart
2021-11-19T10:23:41,290|[TRACE] graph - -----> statementPart
2021-11-19T10:23:41,290|[TRACE] graph - -------> nonSkippedSpace
2021-11-19T10:23:41,290|[TRACE] script - #out(` `) [token]
2021-11-19T10:23:41,290|[TRACE] graph - <------- nonSkippedSpace
2021-11-19T10:23:41,290|[TRACE] graph - <----- statementPart
2021-11-19T10:23:41,290|[TRACE] graph - -----> statementPart
2021-11-19T10:23:41,290|[TRACE] graph - -------> quotedString
2021-11-19T10:23:41,290|[TRACE] script - #out(``rhd``) [token]
2021-11-19T10:23:41,290|[TRACE] graph - <------- quotedString
2021-11-19T10:23:41,290|[TRACE] graph - <----- statementPart
2021-11-19T10:23:41,290|[TRACE] graph - -----> statementPart
2021-11-19T10:23:41,290|[TRACE] graph - -------> nonSkippedSpace
2021-11-19T10:23:41,290|[TRACE] script - #out(` `) [token]
2021-11-19T10:23:41,290|[TRACE] graph - <------- nonSkippedSpace
2021-11-19T10:23:41,290|[TRACE] graph - <----- statementPart
2021-11-19T10:23:41,290|[TRACE] graph - -----> statementPart
2021-11-19T10:23:41,290|[TRACE] graph - -------> nonSkippedChar
2021-11-19T10:23:41,290|[TRACE] script - #out(`B`) [token]
2021-11-19T10:23:41,290|[TRACE] graph - <------- nonSkippedChar
2021-11-19T10:23:41,290|[TRACE] graph - <----- statementPart
2021-11-19T10:23:41,290|[TRACE] graph - -----> statementPart
2021-11-19T10:23:41,290|[TRACE] graph - -------> nonSkippedChar
2021-11-19T10:23:41,290|[TRACE] script - #out(`I`) [token]
2021-11-19T10:23:41,290|[TRACE] graph - <------- nonSkippedChar
2021-11-19T10:23:41,290|[TRACE] graph - <----- statementPart
2021-11-19T10:23:41,290|[TRACE] graph - -----> statementPart
2021-11-19T10:23:41,290|[TRACE] graph - -------> nonSkippedChar
2021-11-19T10:23:41,290|[TRACE] script - #out(`T`) [token]
2021-11-19T10:23:41,290|[TRACE] graph - <------- nonSkippedChar
2021-11-19T10:23:41,290|[TRACE] graph - <----- statementPart
2021-11-19T10:23:41,290|[TRACE] graph - -----> statementPart
2021-11-19T10:23:41,290|[TRACE] graph - -------> nonSkippedChar
2021-11-19T10:23:41,290|[TRACE] script - #out(`(`) [token]
2021-11-19T10:23:41,290|[TRACE] graph - <------- nonSkippedChar
2021-11-19T10:23:41,290|[TRACE] graph - <----- statementPart
2021-11-19T10:23:41,290|[TRACE] graph - -----> statementPart
2021-11-19T10:23:41,290|[TRACE] graph - -------> nonSkippedChar
2021-11-19T10:23:41,290|[TRACE] script - #out(`1`) [token]
2021-11-19T10:23:41,290|[TRACE] graph - <------- nonSkippedChar
2021-11-19T10:23:41,290|[TRACE] graph - <----- statementPart
2021-11-19T10:23:41,290|[TRACE] graph - -----> statementPart
2021-11-19T10:23:41,290|[TRACE] graph - -------> nonSkippedChar
2021-11-19T10:23:41,290|[TRACE] script - #out(`)`) [token]
2021-11-19T10:23:41,290|[TRACE] graph - <------- nonSkippedChar
2021-11-19T10:23:41,290|[TRACE] graph - <----- statementPart
2021-11-19T10:23:41,290|[TRACE] graph - -----> statementPart
2021-11-19T10:23:41,290|[TRACE] graph - -------> nonSkippedSpace
2021-11-19T10:23:41,290|[TRACE] script - #out(` `) [token]
2021-11-19T10:23:41,290|[TRACE] graph - <------- nonSkippedSpace
2021-11-19T10:23:41,290|[TRACE] graph - <----- statementPart
2021-11-19T10:23:41,290|[TRACE] graph - -----> statementPart
2021-11-19T10:23:41,290|[TRACE] graph - -------> nonSkippedChar
2021-11-19T10:23:41,290|[TRACE] script - #out(`N`) [token]
2021-11-19T10:23:41,290|[TRACE] graph - <------- nonSkippedChar
2021-11-19T10:23:41,290|[TRACE] graph - <----- statementPart
2021-11-19T10:23:41,290|[TRACE] graph - -----> statementPart
2021-11-19T10:23:41,290|[TRACE] graph - -------> nonSkippedChar
2021-11-19T10:23:41,290|[TRACE] script - #out(`O`) [token]
2021-11-19T10:23:41,290|[TRACE] graph - <------- nonSkippedChar
2021-11-19T10:23:41,290|[TRACE] graph - <----- statementPart
2021-11-19T10:23:41,290|[TRACE] graph - -----> statementPart
2021-11-19T10:23:41,290|[TRACE] graph - -------> nonSkippedChar
2021-11-19T10:23:41,290|[TRACE] script - #out(`T`) [token]
2021-11-19T10:23:41,290|[TRACE] graph - <------- nonSkippedChar
2021-11-19T10:23:41,290|[TRACE] graph - <----- statementPart
2021-11-19T10:23:41,290|[TRACE] graph - -----> statementPart
2021-11-19T10:23:41,290|[TRACE] graph - -------> nonSkippedSpace
2021-11-19T10:23:41,290|[TRACE] script - #out(` `) [token]
2021-11-19T10:23:41,290|[TRACE] graph - <------- nonSkippedSpace
2021-11-19T10:23:41,290|[TRACE] graph - <----- statementPart
2021-11-19T10:23:41,290|[TRACE] graph - -----> statementPart
2021-11-19T10:23:41,290|[TRACE] graph - -------> nonSkippedChar
2021-11-19T10:23:41,290|[TRACE] script - #out(`N`) [token]
2021-11-19T10:23:41,290|[TRACE] graph - <------- nonSkippedChar
2021-11-19T10:23:41,290|[TRACE] graph - <----- statementPart
2021-11-19T10:23:41,290|[TRACE] graph - -----> statementPart
2021-11-19T10:23:41,290|[TRACE] graph - -------> nonSkippedChar
2021-11-19T10:23:41,290|[TRACE] script - #out(`U`) [token]
2021-11-19T10:23:41,290|[TRACE] graph - <------- nonSkippedChar
2021-11-19T10:23:41,290|[TRACE] graph - <----- statementPart
2021-11-19T10:23:41,290|[TRACE] graph - -----> statementPart
2021-11-19T10:23:41,290|[TRACE] graph - -------> nonSkippedChar
2021-11-19T10:23:41,290|[TRACE] script - #out(`L`) [token]
2021-11-19T10:23:41,290|[TRACE] graph - <------- nonSkippedChar
2021-11-19T10:23:41,290|[TRACE] graph - <----- statementPart
2021-11-19T10:23:41,290|[TRACE] graph - -----> statementPart
2021-11-19T10:23:41,290|[TRACE] graph - -------> nonSkippedChar
2021-11-19T10:23:41,290|[TRACE] script - #out(`L`) [token]
2021-11-19T10:23:41,290|[TRACE] graph - <------- nonSkippedChar
2021-11-19T10:23:41,290|[TRACE] graph - <----- statementPart
2021-11-19T10:23:41,290|[TRACE] graph - -----> statementPart
2021-11-19T10:23:41,290|[TRACE] graph - -------> nonSkippedChar
2021-11-19T10:23:41,290|[TRACE] script - #out(`,`) [token]
2021-11-19T10:23:41,290|[TRACE] graph - <------- nonSkippedChar
2021-11-19T10:23:41,290|[TRACE] graph - <----- statementPart
2021-11-19T10:23:41,290|[TRACE] graph - -----> afterStatementPartNewline
2021-11-19T10:23:41,290|[TRACE] script - #out(` `) [text]
2021-11-19T10:23:41,290|[TRACE] graph - <----- afterStatementPartNewline
2021-11-19T10:23:41,290|[TRACE] graph - -----> statementPart
2021-11-19T10:23:41,290|[TRACE] graph - -------> nonSkippedSpace
2021-11-19T10:23:41,290|[TRACE] script - #out(` `) [token]
2021-11-19T10:23:41,290|[TRACE] graph - <------- nonSkippedSpace
2021-11-19T10:23:41,290|[TRACE] graph - <----- statementPart
2021-11-19T10:23:41,290|[TRACE] graph - -----> statementPart
2021-11-19T10:23:41,290|[TRACE] graph - -------> nonSkippedSpace
2021-11-19T10:23:41,290|[TRACE] script - #out(` `) [token]
2021-11-19T10:23:41,290|[TRACE] graph - <------- nonSkippedSpace
2021-11-19T10:23:41,290|[TRACE] graph - <----- statementPart
2021-11-19T10:23:41,290|[TRACE] graph - -----> statementPart
2021-11-19T10:23:41,290|[TRACE] graph - -------> quotedString
2021-11-19T10:23:41,290|[TRACE] script - #out(``created``) [token]
2021-11-19T10:23:41,290|[TRACE] graph - <------- quotedString
2021-11-19T10:23:41,290|[TRACE] graph - <----- statementPart
2021-11-19T10:23:41,290|[TRACE] graph - -----> statementPart
2021-11-19T10:23:41,290|[TRACE] graph - -------> nonSkippedSpace
2021-11-19T10:23:41,290|[TRACE] script - #out(` `) [token]
2021-11-19T10:23:41,290|[TRACE] graph - <------- nonSkippedSpace
2021-11-19T10:23:41,290|[TRACE] graph - <----- statementPart
2021-11-19T10:23:41,290|[TRACE] graph - -----> statementPart
2021-11-19T10:23:41,290|[TRACE] graph - -------> nonSkippedChar
2021-11-19T10:23:41,290|[TRACE] script - #out(`B`) [token]
2021-11-19T10:23:41,290|[TRACE] graph - <------- nonSkippedChar
2021-11-19T10:23:41,290|[TRACE] graph - <----- statementPart
2021-11-19T10:23:41,290|[TRACE] graph - -----> statementPart
2021-11-19T10:23:41,290|[TRACE] graph - -------> nonSkippedChar
2021-11-19T10:23:41,290|[TRACE] script - #out(`I`) [token]
2021-11-19T10:23:41,290|[TRACE] graph - <------- nonSkippedChar
2021-11-19T10:23:41,290|[TRACE] graph - <----- statementPart
2021-11-19T10:23:41,290|[TRACE] graph - -----> statementPart
2021-11-19T10:23:41,290|[TRACE] graph - -------> nonSkippedChar
2021-11-19T10:23:41,290|[TRACE] script - #out(`G`) [token]
2021-11-19T10:23:41,290|[TRACE] graph - <------- nonSkippedChar
2021-11-19T10:23:41,290|[TRACE] graph - <----- statementPart
2021-11-19T10:23:41,290|[TRACE] graph - -----> statementPart
2021-11-19T10:23:41,290|[TRACE] graph - -------> nonSkippedChar
2021-11-19T10:23:41,290|[TRACE] script - #out(`I`) [token]
2021-11-19T10:23:41,290|[TRACE] graph - <------- nonSkippedChar
2021-11-19T10:23:41,290|[TRACE] graph - <----- statementPart
2021-11-19T10:23:41,290|[TRACE] graph - -----> statementPart
2021-11-19T10:23:41,290|[TRACE] graph - -------> nonSkippedChar
2021-11-19T10:23:41,290|[TRACE] script - #out(`N`) [token]
2021-11-19T10:23:41,290|[TRACE] graph - <------- nonSkippedChar
2021-11-19T10:23:41,290|[TRACE] graph - <----- statementPart
2021-11-19T10:23:41,290|[TRACE] graph - -----> statementPart
2021-11-19T10:23:41,290|[TRACE] graph - -------> nonSkippedChar
2021-11-19T10:23:41,290|[TRACE] script - #out(`T`) [token]
2021-11-19T10:23:41,290|[TRACE] graph - <------- nonSkippedChar
2021-11-19T10:23:41,290|[TRACE] graph - <----- statementPart
2021-11-19T10:23:41,290|[TRACE] graph - -----> statementPart
2021-11-19T10:23:41,290|[TRACE] graph - -------> nonSkippedSpace
2021-11-19T10:23:41,290|[TRACE] script - #out(` `) [token]
2021-11-19T10:23:41,290|[TRACE] graph - <------- nonSkippedSpace
2021-11-19T10:23:41,290|[TRACE] graph - <----- statementPart
2021-11-19T10:23:41,290|[TRACE] graph - -----> statementPart
2021-11-19T10:23:41,290|[TRACE] graph - -------> nonSkippedChar
2021-11-19T10:23:41,290|[TRACE] script - #out(`N`) [token]
2021-11-19T10:23:41,290|[TRACE] graph - <------- nonSkippedChar
2021-11-19T10:23:41,290|[TRACE] graph - <----- statementPart
2021-11-19T10:23:41,290|[TRACE] graph - -----> statementPart
2021-11-19T10:23:41,290|[TRACE] graph - -------> nonSkippedChar
2021-11-19T10:23:41,290|[TRACE] script - #out(`O`) [token]
2021-11-19T10:23:41,290|[TRACE] graph - <------- nonSkippedChar
2021-11-19T10:23:41,290|[TRACE] graph - <----- statementPart
2021-11-19T10:23:41,290|[TRACE] graph - -----> statementPart
2021-11-19T10:23:41,290|[TRACE] graph - -------> nonSkippedChar
2021-11-19T10:23:41,290|[TRACE] script - #out(`T`) [token]
2021-11-19T10:23:41,290|[TRACE] graph - <------- nonSkippedChar
2021-11-19T10:23:41,290|[TRACE] graph - <----- statementPart
2021-11-19T10:23:41,290|[TRACE] graph - -----> statementPart
2021-11-19T10:23:41,290|[TRACE] graph - -------> nonSkippedSpace
2021-11-19T10:23:41,290|[TRACE] script - #out(` `) [token]
2021-11-19T10:23:41,290|[TRACE] graph - <------- nonSkippedSpace
2021-11-19T10:23:41,290|[TRACE] graph - <----- statementPart
2021-11-19T10:23:41,290|[TRACE] graph - -----> statementPart
2021-11-19T10:23:41,290|[TRACE] graph - -------> nonSkippedChar
2021-11-19T10:23:41,290|[TRACE] script - #out(`N`) [token]
2021-11-19T10:23:41,290|[TRACE] graph - <------- nonSkippedChar
2021-11-19T10:23:41,290|[TRACE] graph - <----- statementPart
2021-11-19T10:23:41,290|[TRACE] graph - -----> statementPart
2021-11-19T10:23:41,290|[TRACE] graph - -------> nonSkippedChar
2021-11-19T10:23:41,290|[TRACE] script - #out(`U`) [token]
2021-11-19T10:23:41,290|[TRACE] graph - <------- nonSkippedChar
2021-11-19T10:23:41,290|[TRACE] graph - <----- statementPart
2021-11-19T10:23:41,290|[TRACE] graph - -----> statementPart
2021-11-19T10:23:41,290|[TRACE] graph - -------> nonSkippedChar
2021-11-19T10:23:41,290|[TRACE] script - #out(`L`) [token]
2021-11-19T10:23:41,290|[TRACE] graph - <------- nonSkippedChar
2021-11-19T10:23:41,290|[TRACE] graph - <----- statementPart
2021-11-19T10:23:41,290|[TRACE] graph - -----> statementPart
2021-11-19T10:23:41,290|[TRACE] graph - -------> nonSkippedChar
2021-11-19T10:23:41,290|[TRACE] script - #out(`L`) [token]
2021-11-19T10:23:41,290|[TRACE] graph - <------- nonSkippedChar
2021-11-19T10:23:41,290|[TRACE] graph - <----- statementPart
2021-11-19T10:23:41,290|[TRACE] graph - -----> statementPart
2021-11-19T10:23:41,290|[TRACE] graph - -------> nonSkippedSpace
2021-11-19T10:23:41,290|[TRACE] script - #out(` `) [token]
2021-11-19T10:23:41,290|[TRACE] graph - <------- nonSkippedSpace
2021-11-19T10:23:41,290|[TRACE] graph - <----- statementPart
2021-11-19T10:23:41,290|[TRACE] graph - -----> statementPart
2021-11-19T10:23:41,290|[TRACE] graph - -------> nonSkippedChar
2021-11-19T10:23:41,290|[TRACE] script - #out(`D`) [token]
2021-11-19T10:23:41,290|[TRACE] graph - <------- nonSkippedChar
2021-11-19T10:23:41,290|[TRACE] graph - <----- statementPart
2021-11-19T10:23:41,290|[TRACE] graph - -----> statementPart
2021-11-19T10:23:41,290|[TRACE] graph - -------> nonSkippedChar
2021-11-19T10:23:41,290|[TRACE] script - #out(`E`) [token]
2021-11-19T10:23:41,290|[TRACE] graph - <------- nonSkippedChar
2021-11-19T10:23:41,290|[TRACE] graph - <----- statementPart
2021-11-19T10:23:41,290|[TRACE] graph - -----> statementPart
2021-11-19T10:23:41,290|[TRACE] graph - -------> nonSkippedChar
2021-11-19T10:23:41,290|[TRACE] script - #out(`F`) [token]
2021-11-19T10:23:41,290|[TRACE] graph - <------- nonSkippedChar
2021-11-19T10:23:41,290|[TRACE] graph - <----- statementPart
2021-11-19T10:23:41,290|[TRACE] graph - -----> statementPart
2021-11-19T10:23:41,290|[TRACE] graph - -------> nonSkippedChar
2021-11-19T10:23:41,290|[TRACE] script - #out(`A`) [token]
2021-11-19T10:23:41,290|[TRACE] graph - <------- nonSkippedChar
2021-11-19T10:23:41,290|[TRACE] graph - <----- statementPart
2021-11-19T10:23:41,290|[TRACE] graph - -----> statementPart
2021-11-19T10:23:41,290|[TRACE] graph - -------> nonSkippedChar
2021-11-19T10:23:41,290|[TRACE] script - #out(`U`) [token]
2021-11-19T10:23:41,290|[TRACE] graph - <------- nonSkippedChar
2021-11-19T10:23:41,290|[TRACE] graph - <----- statementPart
2021-11-19T10:23:41,290|[TRACE] graph - -----> statementPart
2021-11-19T10:23:41,290|[TRACE] graph - -------> nonSkippedChar
2021-11-19T10:23:41,290|[TRACE] script - #out(`L`) [token]
2021-11-19T10:23:41,290|[TRACE] graph - <------- nonSkippedChar
2021-11-19T10:23:41,290|[TRACE] graph - <----- statementPart
2021-11-19T10:23:41,290|[TRACE] graph - -----> statementPart
2021-11-19T10:23:41,290|[TRACE] graph - -------> nonSkippedChar
2021-11-19T10:23:41,290|[TRACE] script - #out(`T`) [token]
2021-11-19T10:23:41,290|[TRACE] graph - <------- nonSkippedChar
2021-11-19T10:23:41,290|[TRACE] graph - <----- statementPart
2021-11-19T10:23:41,290|[TRACE] graph - -----> statementPart
2021-11-19T10:23:41,290|[TRACE] graph - -------> nonSkippedSpace
2021-11-19T10:23:41,290|[TRACE] script - #out(` `) [token]
2021-11-19T10:23:41,291|[TRACE] graph - <------- nonSkippedSpace
2021-11-19T10:23:41,291|[TRACE] graph - <----- statementPart
2021-11-19T10:23:41,291|[TRACE] graph - -----> statementPart
2021-11-19T10:23:41,291|[TRACE] graph - -------> nonSkippedChar
2021-11-19T10:23:41,291|[TRACE] script - #out(`(`) [token]
2021-11-19T10:23:41,291|[TRACE] graph - <------- nonSkippedChar
2021-11-19T10:23:41,291|[TRACE] graph - <----- statementPart
2021-11-19T10:23:41,291|[TRACE] graph - -----> statementPart
2021-11-19T10:23:41,291|[TRACE] graph - -------> nonSkippedChar
2021-11-19T10:23:41,291|[TRACE] script - #out(`u`) [token]
2021-11-19T10:23:41,291|[TRACE] graph - <------- nonSkippedChar
2021-11-19T10:23:41,291|[TRACE] graph - <----- statementPart
2021-11-19T10:23:41,291|[TRACE] graph - -----> statementPart
2021-11-19T10:23:41,291|[TRACE] graph - -------> nonSkippedChar
2021-11-19T10:23:41,291|[TRACE] script - #out(`n`) [token]
2021-11-19T10:23:41,291|[TRACE] graph - <------- nonSkippedChar
2021-11-19T10:23:41,291|[TRACE] graph - <----- statementPart
2021-11-19T10:23:41,291|[TRACE] graph - -----> statementPart
2021-11-19T10:23:41,291|[TRACE] graph - -------> nonSkippedChar
2021-11-19T10:23:41,291|[TRACE] script - #out(`i`) [token]
2021-11-19T10:23:41,291|[TRACE] graph - <------- nonSkippedChar
2021-11-19T10:23:41,291|[TRACE] graph - <----- statementPart
2021-11-19T10:23:41,291|[TRACE] graph - -----> statementPart
2021-11-19T10:23:41,291|[TRACE] graph - -------> nonSkippedChar
2021-11-19T10:23:41,291|[TRACE] script - #out(`x`) [token]
2021-11-19T10:23:41,291|[TRACE] graph - <------- nonSkippedChar
2021-11-19T10:23:41,291|[TRACE] graph - <----- statementPart
2021-11-19T10:23:41,291|[TRACE] graph - -----> statementPart
2021-11-19T10:23:41,291|[TRACE] graph - -------> nonSkippedChar
2021-11-19T10:23:41,291|[TRACE] script - #out(`_`) [token]
2021-11-19T10:23:41,291|[TRACE] graph - <------- nonSkippedChar
2021-11-19T10:23:41,291|[TRACE] graph - <----- statementPart
2021-11-19T10:23:41,291|[TRACE] graph - -----> statementPart
2021-11-19T10:23:41,291|[TRACE] graph - -------> nonSkippedChar
2021-11-19T10:23:41,291|[TRACE] script - #out(`t`) [token]
2021-11-19T10:23:41,291|[TRACE] graph - <------- nonSkippedChar
2021-11-19T10:23:41,291|[TRACE] graph - <----- statementPart
2021-11-19T10:23:41,291|[TRACE] graph - -----> statementPart
2021-11-19T10:23:41,291|[TRACE] graph - -------> nonSkippedChar
2021-11-19T10:23:41,291|[TRACE] script - #out(`i`) [token]
2021-11-19T10:23:41,291|[TRACE] graph - <------- nonSkippedChar
2021-11-19T10:23:41,291|[TRACE] graph - <----- statementPart
2021-11-19T10:23:41,291|[TRACE] graph - -----> statementPart
2021-11-19T10:23:41,291|[TRACE] graph - -------> nonSkippedChar
2021-11-19T10:23:41,291|[TRACE] script - #out(`m`) [token]
2021-11-19T10:23:41,291|[TRACE] graph - <------- nonSkippedChar
2021-11-19T10:23:41,291|[TRACE] graph - <----- statementPart
2021-11-19T10:23:41,291|[TRACE] graph - -----> statementPart
2021-11-19T10:23:41,291|[TRACE] graph - -------> nonSkippedChar
2021-11-19T10:23:41,291|[TRACE] script - #out(`e`) [token]
2021-11-19T10:23:41,291|[TRACE] graph - <------- nonSkippedChar
2021-11-19T10:23:41,291|[TRACE] graph - <----- statementPart
2021-11-19T10:23:41,291|[TRACE] graph - -----> statementPart
2021-11-19T10:23:41,291|[TRACE] graph - -------> nonSkippedChar
2021-11-19T10:23:41,291|[TRACE] script - #out(`s`) [token]
2021-11-19T10:23:41,291|[TRACE] graph - <------- nonSkippedChar
2021-11-19T10:23:41,291|[TRACE] graph - <----- statementPart
2021-11-19T10:23:41,346|[TRACE] graph - -----> statementPart
2021-11-19T10:23:41,346|[TRACE] graph - -------> nonSkippedChar
2021-11-19T10:23:41,346|[TRACE] script - #out(`t`) [token]
2021-11-19T10:23:41,346|[TRACE] graph - <------- nonSkippedChar
2021-11-19T10:23:41,346|[TRACE] graph - <----- statementPart
2021-11-19T10:23:41,346|[TRACE] graph - -----> statementPart
2021-11-19T10:23:41,346|[TRACE] graph - -------> nonSkippedChar
2021-11-19T10:23:41,346|[TRACE] script - #out(`a`) [token]
2021-11-19T10:23:41,346|[TRACE] graph - <------- nonSkippedChar
2021-11-19T10:23:41,346|[TRACE] graph - <----- statementPart
2021-11-19T10:23:41,346|[TRACE] graph - -----> statementPart
2021-11-19T10:23:41,346|[TRACE] graph - -------> nonSkippedChar
2021-11-19T10:23:41,346|[TRACE] script - #out(`m`) [token]
2021-11-19T10:23:41,346|[TRACE] graph - <------- nonSkippedChar
2021-11-19T10:23:41,346|[TRACE] graph - <----- statementPart
2021-11-19T10:23:41,346|[TRACE] graph - -----> statementPart
2021-11-19T10:23:41,346|[TRACE] graph - -------> nonSkippedChar
2021-11-19T10:23:41,346|[TRACE] script - #out(`p`) [token]
2021-11-19T10:23:41,346|[TRACE] graph - <------- nonSkippedChar
2021-11-19T10:23:41,346|[TRACE] graph - <----- statementPart
2021-11-19T10:23:41,346|[TRACE] graph - -----> statementPart
2021-11-19T10:23:41,346|[TRACE] graph - -------> nonSkippedChar
2021-11-19T10:23:41,346|[TRACE] script - #out(`(`) [token]
2021-11-19T10:23:41,346|[TRACE] graph - <------- nonSkippedChar
2021-11-19T10:23:41,346|[TRACE] graph - <----- statementPart
2021-11-19T10:23:41,346|[TRACE] graph - -----> statementPart
2021-11-19T10:23:41,346|[TRACE] graph - -------> nonSkippedChar
2021-11-19T10:23:41,346|[TRACE] script - #out(`n`) [token]
2021-11-19T10:23:41,346|[TRACE] graph - <------- nonSkippedChar
2021-11-19T10:23:41,346|[TRACE] graph - <----- statementPart
2021-11-19T10:23:41,346|[TRACE] graph - -----> statementPart
2021-11-19T10:23:41,346|[TRACE] graph - -------> nonSkippedChar
2021-11-19T10:23:41,346|[TRACE] script - #out(`o`) [token]
2021-11-19T10:23:41,346|[TRACE] graph - <------- nonSkippedChar
2021-11-19T10:23:41,346|[TRACE] graph - <----- statementPart
2021-11-19T10:23:41,346|[TRACE] graph - -----> statementPart
2021-11-19T10:23:41,346|[TRACE] graph - -------> nonSkippedChar
2021-11-19T10:23:41,346|[TRACE] script - #out(`w`) [token]
2021-11-19T10:23:41,346|[TRACE] graph - <------- nonSkippedChar
2021-11-19T10:23:41,346|[TRACE] graph - <----- statementPart
2021-11-19T10:23:41,346|[TRACE] graph - -----> statementPart
2021-11-19T10:23:41,346|[TRACE] graph - -------> nonSkippedChar
2021-11-19T10:23:41,346|[TRACE] script - #out(`(`) [token]
2021-11-19T10:23:41,346|[TRACE] graph - <------- nonSkippedChar
2021-11-19T10:23:41,346|[TRACE] graph - <----- statementPart
2021-11-19T10:23:41,346|[TRACE] graph - -----> statementPart
2021-11-19T10:23:41,346|[TRACE] graph - -------> nonSkippedChar
2021-11-19T10:23:41,346|[TRACE] script - #out(`)`) [token]
2021-11-19T10:23:41,346|[TRACE] graph - <------- nonSkippedChar
2021-11-19T10:23:41,346|[TRACE] graph - <----- statementPart
2021-11-19T10:23:41,346|[TRACE] graph - -----> statementPart
2021-11-19T10:23:41,346|[TRACE] graph - -------> nonSkippedChar
2021-11-19T10:23:41,346|[TRACE] script - #out(`)`) [token]
2021-11-19T10:23:41,346|[TRACE] graph - <------- nonSkippedChar
2021-11-19T10:23:41,346|[TRACE] graph - <----- statementPart
2021-11-19T10:23:41,346|[TRACE] graph - -----> statementPart
2021-11-19T10:23:41,346|[TRACE] graph - -------> nonSkippedSpace
2021-11-19T10:23:41,346|[TRACE] script - #out(` `) [token]
2021-11-19T10:23:41,346|[TRACE] graph - <------- nonSkippedSpace
2021-11-19T10:23:41,346|[TRACE] graph - <----- statementPart
2021-11-19T10:23:41,346|[TRACE] graph - -----> statementPart
2021-11-19T10:23:41,346|[TRACE] graph - -------> nonSkippedChar
2021-11-19T10:23:41,346|[TRACE] script - #out(`*`) [token]
2021-11-19T10:23:41,346|[TRACE] graph - <------- nonSkippedChar
2021-11-19T10:23:41,346|[TRACE] graph - <----- statementPart
2021-11-19T10:23:41,346|[TRACE] graph - -----> statementPart
2021-11-19T10:23:41,346|[TRACE] graph - -------> nonSkippedSpace
2021-11-19T10:23:41,346|[TRACE] script - #out(` `) [token]
2021-11-19T10:23:41,346|[TRACE] graph - <------- nonSkippedSpace
2021-11-19T10:23:41,346|[TRACE] graph - <----- statementPart
2021-11-19T10:23:41,346|[TRACE] graph - -----> statementPart
2021-11-19T10:23:41,346|[TRACE] graph - -------> nonSkippedChar
2021-11-19T10:23:41,346|[TRACE] script - #out(`1`) [token]
2021-11-19T10:23:41,346|[TRACE] graph - <------- nonSkippedChar
2021-11-19T10:23:41,346|[TRACE] graph - <----- statementPart
2021-11-19T10:23:41,346|[TRACE] graph - -----> statementPart
2021-11-19T10:23:41,346|[TRACE] graph - -------> nonSkippedChar
2021-11-19T10:23:41,346|[TRACE] script - #out(`0`) [token]
2021-11-19T10:23:41,346|[TRACE] graph - <------- nonSkippedChar
2021-11-19T10:23:41,346|[TRACE] graph - <----- statementPart
2021-11-19T10:23:41,346|[TRACE] graph - -----> statementPart
2021-11-19T10:23:41,346|[TRACE] graph - -------> nonSkippedChar
2021-11-19T10:23:41,346|[TRACE] script - #out(`0`) [token]
2021-11-19T10:23:41,346|[TRACE] graph - <------- nonSkippedChar
2021-11-19T10:23:41,346|[TRACE] graph - <----- statementPart
2021-11-19T10:23:41,346|[TRACE] graph - -----> statementPart
2021-11-19T10:23:41,346|[TRACE] graph - -------> nonSkippedChar
2021-11-19T10:23:41,346|[TRACE] script - #out(`0`) [token]
2021-11-19T10:23:41,346|[TRACE] graph - <------- nonSkippedChar
2021-11-19T10:23:41,346|[TRACE] graph - <----- statementPart
2021-11-19T10:23:41,346|[TRACE] graph - -----> statementPart
2021-11-19T10:23:41,346|[TRACE] graph - -------> nonSkippedChar
2021-11-19T10:23:41,346|[TRACE] script - #out(`)`) [token]
2021-11-19T10:23:41,346|[TRACE] graph - <------- nonSkippedChar
2021-11-19T10:23:41,346|[TRACE] graph - <----- statementPart
2021-11-19T10:23:41,346|[TRACE] graph - -----> statementPart
2021-11-19T10:23:41,346|[TRACE] graph - -------> nonSkippedChar
2021-11-19T10:23:41,346|[TRACE] script - #out(`,`) [token]
2021-11-19T10:23:41,346|[TRACE] graph - <------- nonSkippedChar
2021-11-19T10:23:41,346|[TRACE] graph - <----- statementPart
2021-11-19T10:23:41,346|[TRACE] graph - -----> afterStatementPartNewline
2021-11-19T10:23:41,346|[TRACE] script - #out(` `) [text]
2021-11-19T10:23:41,346|[TRACE] graph - <----- afterStatementPartNewline
2021-11-19T10:23:41,346|[TRACE] graph - -----> statementPart
2021-11-19T10:23:41,346|[TRACE] graph - -------> nonSkippedSpace
2021-11-19T10:23:41,346|[TRACE] script - #out(` `) [token]
2021-11-19T10:23:41,347|[TRACE] graph - <------- nonSkippedSpace
2021-11-19T10:23:41,347|[TRACE] graph - <----- statementPart
2021-11-19T10:23:41,347|[TRACE] graph - -----> statementPart
2021-11-19T10:23:41,347|[TRACE] graph - -------> nonSkippedSpace
2021-11-19T10:23:41,347|[TRACE] script - #out(` `) [token]
2021-11-19T10:23:41,347|[TRACE] graph - <------- nonSkippedSpace
2021-11-19T10:23:41,347|[TRACE] graph - <----- statementPart
2021-11-19T10:23:41,347|[TRACE] graph - -----> statementPart
2021-11-19T10:23:41,347|[TRACE] graph - -------> quotedString
2021-11-19T10:23:41,347|[TRACE] script - #out(``updated``) [token]
2021-11-19T10:23:41,347|[TRACE] graph - <------- quotedString
2021-11-19T10:23:41,347|[TRACE] graph - <----- statementPart
2021-11-19T10:23:41,347|[TRACE] graph - -----> statementPart
2021-11-19T10:23:41,347|[TRACE] graph - -------> nonSkippedSpace
2021-11-19T10:23:41,347|[TRACE] script - #out(` `) [token]
2021-11-19T10:23:41,347|[TRACE] graph - <------- nonSkippedSpace
2021-11-19T10:23:41,347|[TRACE] graph - <----- statementPart
2021-11-19T10:23:41,347|[TRACE] graph - -----> statementPart
2021-11-19T10:23:41,347|[TRACE] graph - -------> nonSkippedChar
2021-11-19T10:23:41,347|[TRACE] script - #out(`B`) [token]
2021-11-19T10:23:41,347|[TRACE] graph - <------- nonSkippedChar
2021-11-19T10:23:41,347|[TRACE] graph - <----- statementPart
2021-11-19T10:23:41,347|[TRACE] graph - -----> statementPart
2021-11-19T10:23:41,347|[TRACE] graph - -------> nonSkippedChar
2021-11-19T10:23:41,347|[TRACE] script - #out(`I`) [token]
2021-11-19T10:23:41,347|[TRACE] graph - <------- nonSkippedChar
2021-11-19T10:23:41,347|[TRACE] graph - <----- statementPart
2021-11-19T10:23:41,347|[TRACE] graph - -----> statementPart
2021-11-19T10:23:41,347|[TRACE] graph - -------> nonSkippedChar
2021-11-19T10:23:41,347|[TRACE] script - #out(`G`) [token]
2021-11-19T10:23:41,347|[TRACE] graph - <------- nonSkippedChar
2021-11-19T10:23:41,347|[TRACE] graph - <----- statementPart
2021-11-19T10:23:41,347|[TRACE] graph - -----> statementPart
2021-11-19T10:23:41,347|[TRACE] graph - -------> nonSkippedChar
2021-11-19T10:23:41,347|[TRACE] script - #out(`I`) [token]
2021-11-19T10:23:41,347|[TRACE] graph - <------- nonSkippedChar
2021-11-19T10:23:41,347|[TRACE] graph - <----- statementPart
2021-11-19T10:23:41,347|[TRACE] graph - -----> statementPart
2021-11-19T10:23:41,347|[TRACE] graph - -------> nonSkippedChar
2021-11-19T10:23:41,347|[TRACE] script - #out(`N`) [token]
2021-11-19T10:23:41,347|[TRACE] graph - <------- nonSkippedChar
2021-11-19T10:23:41,347|[TRACE] graph - <----- statementPart
2021-11-19T10:23:41,347|[TRACE] graph - -----> statementPart
2021-11-19T10:23:41,347|[TRACE] graph - -------> nonSkippedChar
2021-11-19T10:23:41,347|[TRACE] script - #out(`T`) [token]
2021-11-19T10:23:41,347|[TRACE] graph - <------- nonSkippedChar
2021-11-19T10:23:41,347|[TRACE] graph - <----- statementPart
2021-11-19T10:23:41,347|[TRACE] graph - -----> statementPart
2021-11-19T10:23:41,347|[TRACE] graph - -------> nonSkippedSpace
2021-11-19T10:23:41,347|[TRACE] script - #out(` `) [token]
2021-11-19T10:23:41,347|[TRACE] graph - <------- nonSkippedSpace
2021-11-19T10:23:41,347|[TRACE] graph - <----- statementPart
2021-11-19T10:23:41,347|[TRACE] graph - -----> statementPart
2021-11-19T10:23:41,347|[TRACE] graph - -------> nonSkippedChar
2021-11-19T10:23:41,347|[TRACE] script - #out(`N`) [token]
2021-11-19T10:23:41,347|[TRACE] graph - <------- nonSkippedChar
2021-11-19T10:23:41,347|[TRACE] graph - <----- statementPart
2021-11-19T10:23:41,347|[TRACE] graph - -----> statementPart
2021-11-19T10:23:41,347|[TRACE] graph - -------> nonSkippedChar
2021-11-19T10:23:41,347|[TRACE] script - #out(`O`) [token]
2021-11-19T10:23:41,347|[TRACE] graph - <------- nonSkippedChar
2021-11-19T10:23:41,347|[TRACE] graph - <----- statementPart
2021-11-19T10:23:41,347|[TRACE] graph - -----> statementPart
2021-11-19T10:23:41,347|[TRACE] graph - -------> nonSkippedChar
2021-11-19T10:23:41,347|[TRACE] script - #out(`T`) [token]
2021-11-19T10:23:41,347|[TRACE] graph - <------- nonSkippedChar
2021-11-19T10:23:41,347|[TRACE] graph - <----- statementPart
2021-11-19T10:23:41,347|[TRACE] graph - -----> statementPart
2021-11-19T10:23:41,347|[TRACE] graph - -------> nonSkippedSpace
2021-11-19T10:23:41,347|[TRACE] script - #out(` `) [token]
2021-11-19T10:23:41,347|[TRACE] graph - <------- nonSkippedSpace
2021-11-19T10:23:41,347|[TRACE] graph - <----- statementPart
2021-11-19T10:23:41,347|[TRACE] graph - -----> statementPart
2021-11-19T10:23:41,347|[TRACE] graph - -------> nonSkippedChar
2021-11-19T10:23:41,347|[TRACE] script - #out(`N`) [token]
2021-11-19T10:23:41,347|[TRACE] graph - <------- nonSkippedChar
2021-11-19T10:23:41,347|[TRACE] graph - <----- statementPart
2021-11-19T10:23:41,347|[TRACE] graph - -----> statementPart
2021-11-19T10:23:41,347|[TRACE] graph - -------> nonSkippedChar
2021-11-19T10:23:41,347|[TRACE] script - #out(`U`) [token]
2021-11-19T10:23:41,347|[TRACE] graph - <------- nonSkippedChar
2021-11-19T10:23:41,347|[TRACE] graph - <----- statementPart
2021-11-19T10:23:41,347|[TRACE] graph - -----> statementPart
2021-11-19T10:23:41,347|[TRACE] graph - -------> nonSkippedChar
2021-11-19T10:23:41,347|[TRACE] script - #out(`L`) [token]
2021-11-19T10:23:41,347|[TRACE] graph - <------- nonSkippedChar
2021-11-19T10:23:41,347|[TRACE] graph - <----- statementPart
2021-11-19T10:23:41,347|[TRACE] graph - -----> statementPart
2021-11-19T10:23:41,347|[TRACE] graph - -------> nonSkippedChar
2021-11-19T10:23:41,347|[TRACE] script - #out(`L`) [token]
2021-11-19T10:23:41,347|[TRACE] graph - <------- nonSkippedChar
2021-11-19T10:23:41,347|[TRACE] graph - <----- statementPart
2021-11-19T10:23:41,347|[TRACE] graph - -----> statementPart
2021-11-19T10:23:41,347|[TRACE] graph - -------> nonSkippedSpace
2021-11-19T10:23:41,347|[TRACE] script - #out(` `) [token]
2021-11-19T10:23:41,347|[TRACE] graph - <------- nonSkippedSpace
2021-11-19T10:23:41,347|[TRACE] graph - <----- statementPart
2021-11-19T10:23:41,347|[TRACE] graph - -----> statementPart
2021-11-19T10:23:41,347|[TRACE] graph - -------> nonSkippedChar
2021-11-19T10:23:41,347|[TRACE] script - #out(`D`) [token]
2021-11-19T10:23:41,347|[TRACE] graph - <------- nonSkippedChar
2021-11-19T10:23:41,347|[TRACE] graph - <----- statementPart
2021-11-19T10:23:41,347|[TRACE] graph - -----> statementPart
2021-11-19T10:23:41,347|[TRACE] graph - -------> nonSkippedChar
2021-11-19T10:23:41,347|[TRACE] script - #out(`E`) [token]
2021-11-19T10:23:41,347|[TRACE] graph - <------- nonSkippedChar
2021-11-19T10:23:41,347|[TRACE] graph - <----- statementPart
2021-11-19T10:23:41,347|[TRACE] graph - -----> statementPart
2021-11-19T10:23:41,347|[TRACE] graph - -------> nonSkippedChar
2021-11-19T10:23:41,347|[TRACE] script - #out(`F`) [token]
2021-11-19T10:23:41,347|[TRACE] graph - <------- nonSkippedChar
2021-11-19T10:23:41,347|[TRACE] graph - <----- statementPart
2021-11-19T10:23:41,347|[TRACE] graph - -----> statementPart
2021-11-19T10:23:41,347|[TRACE] graph - -------> nonSkippedChar
2021-11-19T10:23:41,347|[TRACE] script - #out(`A`) [token]
2021-11-19T10:23:41,347|[TRACE] graph - <------- nonSkippedChar
2021-11-19T10:23:41,347|[TRACE] graph - <----- statementPart
2021-11-19T10:23:41,347|[TRACE] graph - -----> statementPart
2021-11-19T10:23:41,347|[TRACE] graph - -------> nonSkippedChar
2021-11-19T10:23:41,348|[TRACE] script - #out(`U`) [token]
2021-11-19T10:23:41,348|[TRACE] graph - <------- nonSkippedChar
2021-11-19T10:23:41,348|[TRACE] graph - <----- statementPart
2021-11-19T10:23:41,348|[TRACE] graph - -----> statementPart
2021-11-19T10:23:41,348|[TRACE] graph - -------> nonSkippedChar
2021-11-19T10:23:41,348|[TRACE] script - #out(`L`) [token]
2021-11-19T10:23:41,348|[TRACE] graph - <------- nonSkippedChar
2021-11-19T10:23:41,348|[TRACE] graph - <----- statementPart
2021-11-19T10:23:41,348|[TRACE] graph - -----> statementPart
2021-11-19T10:23:41,348|[TRACE] graph - -------> nonSkippedChar
2021-11-19T10:23:41,348|[TRACE] script - #out(`T`) [token]
2021-11-19T10:23:41,348|[TRACE] graph - <------- nonSkippedChar
2021-11-19T10:23:41,348|[TRACE] graph - <----- statementPart
2021-11-19T10:23:41,348|[TRACE] graph - -----> statementPart
2021-11-19T10:23:41,348|[TRACE] graph - -------> nonSkippedSpace
2021-11-19T10:23:41,348|[TRACE] script - #out(` `) [token]
2021-11-19T10:23:41,348|[TRACE] graph - <------- nonSkippedSpace
2021-11-19T10:23:41,348|[TRACE] graph - <----- statementPart
2021-11-19T10:23:41,348|[TRACE] graph - -----> statementPart
2021-11-19T10:23:41,348|[TRACE] graph - -------> nonSkippedChar
2021-11-19T10:23:41,348|[TRACE] script - #out(`(`) [token]
2021-11-19T10:23:41,348|[TRACE] graph - <------- nonSkippedChar
2021-11-19T10:23:41,348|[TRACE] graph - <----- statementPart
2021-11-19T10:23:41,348|[TRACE] graph - -----> statementPart
2021-11-19T10:23:41,348|[TRACE] graph - -------> nonSkippedChar
2021-11-19T10:23:41,348|[TRACE] script - #out(`u`) [token]
2021-11-19T10:23:41,348|[TRACE] graph - <------- nonSkippedChar
2021-11-19T10:23:41,348|[TRACE] graph - <----- statementPart
2021-11-19T10:23:41,348|[TRACE] graph - -----> statementPart
2021-11-19T10:23:41,348|[TRACE] graph - -------> nonSkippedChar
2021-11-19T10:23:41,348|[TRACE] script - #out(`n`) [token]
2021-11-19T10:23:41,348|[TRACE] graph - <------- nonSkippedChar
2021-11-19T10:23:41,348|[TRACE] graph - <----- statementPart
2021-11-19T10:23:41,348|[TRACE] graph - -----> statementPart
2021-11-19T10:23:41,348|[TRACE] graph - -------> nonSkippedChar
2021-11-19T10:23:41,348|[TRACE] script - #out(`i`) [token]
2021-11-19T10:23:41,348|[TRACE] graph - <------- nonSkippedChar
2021-11-19T10:23:41,348|[TRACE] graph - <----- statementPart
2021-11-19T10:23:41,348|[TRACE] graph - -----> statementPart
2021-11-19T10:23:41,348|[TRACE] graph - -------> nonSkippedChar
2021-11-19T10:23:41,348|[TRACE] script - #out(`x`) [token]
2021-11-19T10:23:41,348|[TRACE] graph - <------- nonSkippedChar
2021-11-19T10:23:41,348|[TRACE] graph - <----- statementPart
2021-11-19T10:23:41,348|[TRACE] graph - -----> statementPart
2021-11-19T10:23:41,348|[TRACE] graph - -------> nonSkippedChar
2021-11-19T10:23:41,348|[TRACE] script - #out(`_`) [token]
2021-11-19T10:23:41,348|[TRACE] graph - <------- nonSkippedChar
2021-11-19T10:23:41,348|[TRACE] graph - <----- statementPart
2021-11-19T10:23:41,348|[TRACE] graph - -----> statementPart
2021-11-19T10:23:41,348|[TRACE] graph - -------> nonSkippedChar
2021-11-19T10:23:41,348|[TRACE] script - #out(`t`) [token]
2021-11-19T10:23:41,348|[TRACE] graph - <------- nonSkippedChar
2021-11-19T10:23:41,348|[TRACE] graph - <----- statementPart
2021-11-19T10:23:41,348|[TRACE] graph - -----> statementPart
2021-11-19T10:23:41,348|[TRACE] graph - -------> nonSkippedChar
2021-11-19T10:23:41,348|[TRACE] script - #out(`i`) [token]
2021-11-19T10:23:41,348|[TRACE] graph - <------- nonSkippedChar
2021-11-19T10:23:41,348|[TRACE] graph - <----- statementPart
2021-11-19T10:23:41,348|[TRACE] graph - -----> statementPart
2021-11-19T10:23:41,348|[TRACE] graph - -------> nonSkippedChar
2021-11-19T10:23:41,348|[TRACE] script - #out(`m`) [token]
2021-11-19T10:23:41,348|[TRACE] graph - <------- nonSkippedChar
2021-11-19T10:23:41,348|[TRACE] graph - <----- statementPart
2021-11-19T10:23:41,348|[TRACE] graph - -----> statementPart
2021-11-19T10:23:41,348|[TRACE] graph - -------> nonSkippedChar
2021-11-19T10:23:41,348|[TRACE] script - #out(`e`) [token]
2021-11-19T10:23:41,348|[TRACE] graph - <------- nonSkippedChar
2021-11-19T10:23:41,348|[TRACE] graph - <----- statementPart
2021-11-19T10:23:41,348|[TRACE] graph - -----> statementPart
2021-11-19T10:23:41,348|[TRACE] graph - -------> nonSkippedChar
2021-11-19T10:23:41,348|[TRACE] script - #out(`s`) [token]
2021-11-19T10:23:41,348|[TRACE] graph - <------- nonSkippedChar
2021-11-19T10:23:41,348|[TRACE] graph - <----- statementPart
2021-11-19T10:23:41,348|[TRACE] graph - -----> statementPart
2021-11-19T10:23:41,348|[TRACE] graph - -------> nonSkippedChar
2021-11-19T10:23:41,348|[TRACE] script - #out(`t`) [token]
2021-11-19T10:23:41,348|[TRACE] graph - <------- nonSkippedChar
2021-11-19T10:23:41,348|[TRACE] graph - <----- statementPart
2021-11-19T10:23:41,348|[TRACE] graph - -----> statementPart
2021-11-19T10:23:41,348|[TRACE] graph - -------> nonSkippedChar
2021-11-19T10:23:41,348|[TRACE] script - #out(`a`) [token]
2021-11-19T10:23:41,348|[TRACE] graph - <------- nonSkippedChar
2021-11-19T10:23:41,348|[TRACE] graph - <----- statementPart
2021-11-19T10:23:41,348|[TRACE] graph - -----> statementPart
2021-11-19T10:23:41,348|[TRACE] graph - -------> nonSkippedChar
2021-11-19T10:23:41,348|[TRACE] script - #out(`m`) [token]
2021-11-19T10:23:41,348|[TRACE] graph - <------- nonSkippedChar
2021-11-19T10:23:41,348|[TRACE] graph - <----- statementPart
2021-11-19T10:23:41,348|[TRACE] graph - -----> statementPart
2021-11-19T10:23:41,348|[TRACE] graph - -------> nonSkippedChar
2021-11-19T10:23:41,348|[TRACE] script - #out(`p`) [token]
2021-11-19T10:23:41,348|[TRACE] graph - <------- nonSkippedChar
2021-11-19T10:23:41,348|[TRACE] graph - <----- statementPart
2021-11-19T10:23:41,348|[TRACE] graph - -----> statementPart
2021-11-19T10:23:41,348|[TRACE] graph - -------> nonSkippedChar
2021-11-19T10:23:41,348|[TRACE] script - #out(`(`) [token]
2021-11-19T10:23:41,348|[TRACE] graph - <------- nonSkippedChar
2021-11-19T10:23:41,348|[TRACE] graph - <----- statementPart
2021-11-19T10:23:41,348|[TRACE] graph - -----> statementPart
2021-11-19T10:23:41,348|[TRACE] graph - -------> nonSkippedChar
2021-11-19T10:23:41,348|[TRACE] script - #out(`n`) [token]
2021-11-19T10:23:41,348|[TRACE] graph - <------- nonSkippedChar
2021-11-19T10:23:41,348|[TRACE] graph - <----- statementPart
2021-11-19T10:23:41,348|[TRACE] graph - -----> statementPart
2021-11-19T10:23:41,348|[TRACE] graph - -------> nonSkippedChar
2021-11-19T10:23:41,348|[TRACE] script - #out(`o`) [token]
2021-11-19T10:23:41,348|[TRACE] graph - <------- nonSkippedChar
2021-11-19T10:23:41,348|[TRACE] graph - <----- statementPart
2021-11-19T10:23:41,348|[TRACE] graph - -----> statementPart
2021-11-19T10:23:41,348|[TRACE] graph - -------> nonSkippedChar
2021-11-19T10:23:41,348|[TRACE] script - #out(`w`) [token]
2021-11-19T10:23:41,348|[TRACE] graph - <------- nonSkippedChar
2021-11-19T10:23:41,348|[TRACE] graph - <----- statementPart
2021-11-19T10:23:41,348|[TRACE] graph - -----> statementPart
2021-11-19T10:23:41,348|[TRACE] graph - -------> nonSkippedChar
2021-11-19T10:23:41,348|[TRACE] script - #out(`(`) [token]
2021-11-19T10:23:41,349|[TRACE] graph - <------- nonSkippedChar
2021-11-19T10:23:41,349|[TRACE] graph - <----- statementPart
2021-11-19T10:23:41,349|[TRACE] graph - -----> statementPart
2021-11-19T10:23:41,349|[TRACE] graph - -------> nonSkippedChar
2021-11-19T10:23:41,349|[TRACE] script - #out(`)`) [token]
2021-11-19T10:23:41,349|[TRACE] graph - <------- nonSkippedChar
2021-11-19T10:23:41,349|[TRACE] graph - <----- statementPart
2021-11-19T10:23:41,349|[TRACE] graph - -----> statementPart
2021-11-19T10:23:41,349|[TRACE] graph - -------> nonSkippedChar
2021-11-19T10:23:41,349|[TRACE] script - #out(`)`) [token]
2021-11-19T10:23:41,349|[TRACE] graph - <------- nonSkippedChar
2021-11-19T10:23:41,349|[TRACE] graph - <----- statementPart
2021-11-19T10:23:41,349|[TRACE] graph - -----> statementPart
2021-11-19T10:23:41,349|[TRACE] graph - -------> nonSkippedSpace
2021-11-19T10:23:41,349|[TRACE] script - #out(` `) [token]
2021-11-19T10:23:41,349|[TRACE] graph - <------- nonSkippedSpace
2021-11-19T10:23:41,349|[TRACE] graph - <----- statementPart
2021-11-19T10:23:41,349|[TRACE] graph - -----> statementPart
2021-11-19T10:23:41,349|[TRACE] graph - -------> nonSkippedChar
2021-11-19T10:23:41,349|[TRACE] script - #out(`*`) [token]
2021-11-19T10:23:41,349|[TRACE] graph - <------- nonSkippedChar
2021-11-19T10:23:41,349|[TRACE] graph - <----- statementPart
2021-11-19T10:23:41,349|[TRACE] graph - -----> statementPart
2021-11-19T10:23:41,349|[TRACE] graph - -------> nonSkippedSpace
2021-11-19T10:23:41,349|[TRACE] script - #out(` `) [token]
2021-11-19T10:23:41,349|[TRACE] graph - <------- nonSkippedSpace
2021-11-19T10:23:41,349|[TRACE] graph - <----- statementPart
2021-11-19T10:23:41,349|[TRACE] graph - -----> statementPart
2021-11-19T10:23:41,349|[TRACE] graph - -------> nonSkippedChar
2021-11-19T10:23:41,349|[TRACE] script - #out(`1`) [token]
2021-11-19T10:23:41,349|[TRACE] graph - <------- nonSkippedChar
2021-11-19T10:23:41,349|[TRACE] graph - <----- statementPart
2021-11-19T10:23:41,349|[TRACE] graph - -----> statementPart
2021-11-19T10:23:41,349|[TRACE] graph - -------> nonSkippedChar
2021-11-19T10:23:41,349|[TRACE] script - #out(`0`) [token]
2021-11-19T10:23:41,349|[TRACE] graph - <------- nonSkippedChar
2021-11-19T10:23:41,349|[TRACE] graph - <----- statementPart
2021-11-19T10:23:41,349|[TRACE] graph - -----> statementPart
2021-11-19T10:23:41,349|[TRACE] graph - -------> nonSkippedChar
2021-11-19T10:23:41,349|[TRACE] script - #out(`0`) [token]
2021-11-19T10:23:41,349|[TRACE] graph - <------- nonSkippedChar
2021-11-19T10:23:41,349|[TRACE] graph - <----- statementPart
2021-11-19T10:23:41,349|[TRACE] graph - -----> statementPart
2021-11-19T10:23:41,349|[TRACE] graph - -------> nonSkippedChar
2021-11-19T10:23:41,349|[TRACE] script - #out(`0`) [token]
2021-11-19T10:23:41,349|[TRACE] graph - <------- nonSkippedChar
2021-11-19T10:23:41,349|[TRACE] graph - <----- statementPart
2021-11-19T10:23:41,349|[TRACE] graph - -----> statementPart
2021-11-19T10:23:41,349|[TRACE] graph - -------> nonSkippedChar
2021-11-19T10:23:41,349|[TRACE] script - #out(`)`) [token]
2021-11-19T10:23:41,349|[TRACE] graph - <------- nonSkippedChar
2021-11-19T10:23:41,349|[TRACE] graph - <----- statementPart
2021-11-19T10:23:41,349|[TRACE] graph - -----> statementPart
2021-11-19T10:23:41,349|[TRACE] graph - -------> nonSkippedChar
2021-11-19T10:23:41,349|[TRACE] script - #out(`,`) [token]
2021-11-19T10:23:41,349|[TRACE] graph - <------- nonSkippedChar
2021-11-19T10:23:41,349|[TRACE] graph - <----- statementPart
2021-11-19T10:23:41,349|[TRACE] graph - -----> afterStatementPartNewline
2021-11-19T10:23:41,349|[TRACE] script - #out(` `) [text]
2021-11-19T10:23:41,349|[TRACE] graph - <----- afterStatementPartNewline
2021-11-19T10:23:41,349|[TRACE] graph - -----> statementPart
2021-11-19T10:23:41,349|[TRACE] graph - -------> nonSkippedSpace
2021-11-19T10:23:41,349|[TRACE] script - #out(` `) [token]
2021-11-19T10:23:41,349|[TRACE] graph - <------- nonSkippedSpace
2021-11-19T10:23:41,349|[TRACE] graph - <----- statementPart
2021-11-19T10:23:41,349|[TRACE] graph - -----> statementPart
2021-11-19T10:23:41,349|[TRACE] graph - -------> nonSkippedSpace
2021-11-19T10:23:41,349|[TRACE] script - #out(` `) [token]
2021-11-19T10:23:41,349|[TRACE] graph - <------- nonSkippedSpace
2021-11-19T10:23:41,349|[TRACE] graph - <----- statementPart
2021-11-19T10:23:41,349|[TRACE] graph - -----> statementPart
2021-11-19T10:23:41,349|[TRACE] graph - -------> quotedString
2021-11-19T10:23:41,349|[TRACE] script - #out(``version``) [token]
2021-11-19T10:23:41,349|[TRACE] graph - <------- quotedString
2021-11-19T10:23:41,349|[TRACE] graph - <----- statementPart
2021-11-19T10:23:41,349|[TRACE] graph - -----> statementPart
2021-11-19T10:23:41,349|[TRACE] graph - -------> nonSkippedSpace
2021-11-19T10:23:41,349|[TRACE] script - #out(` `) [token]
2021-11-19T10:23:41,349|[TRACE] graph - <------- nonSkippedSpace
2021-11-19T10:23:41,349|[TRACE] graph - <----- statementPart
2021-11-19T10:23:41,349|[TRACE] graph - -----> statementPart
2021-11-19T10:23:41,349|[TRACE] graph - -------> nonSkippedChar
2021-11-19T10:23:41,349|[TRACE] script - #out(`I`) [token]
2021-11-19T10:23:41,349|[TRACE] graph - <------- nonSkippedChar
2021-11-19T10:23:41,349|[TRACE] graph - <----- statementPart
2021-11-19T10:23:41,349|[TRACE] graph - -----> statementPart
2021-11-19T10:23:41,349|[TRACE] graph - -------> nonSkippedChar
2021-11-19T10:23:41,349|[TRACE] script - #out(`N`) [token]
2021-11-19T10:23:41,350|[TRACE] graph - <------- nonSkippedChar
2021-11-19T10:23:41,350|[TRACE] graph - <----- statementPart
2021-11-19T10:23:41,350|[TRACE] graph - -----> statementPart
2021-11-19T10:23:41,350|[TRACE] graph - -------> nonSkippedChar
2021-11-19T10:23:41,350|[TRACE] script - #out(`T`) [token]
2021-11-19T10:23:41,350|[TRACE] graph - <------- nonSkippedChar
2021-11-19T10:23:41,350|[TRACE] graph - <----- statementPart
2021-11-19T10:23:41,350|[TRACE] graph - -----> statementPart
2021-11-19T10:23:41,350|[TRACE] graph - -------> nonSkippedSpace
2021-11-19T10:23:41,350|[TRACE] script - #out(` `) [token]
2021-11-19T10:23:41,350|[TRACE] graph - <------- nonSkippedSpace
2021-11-19T10:23:41,350|[TRACE] graph - <----- statementPart
2021-11-19T10:23:41,350|[TRACE] graph - -----> statementPart
2021-11-19T10:23:41,350|[TRACE] graph - -------> nonSkippedChar
2021-11-19T10:23:41,350|[TRACE] script - #out(`N`) [token]
2021-11-19T10:23:41,350|[TRACE] graph - <------- nonSkippedChar
2021-11-19T10:23:41,350|[TRACE] graph - <----- statementPart
2021-11-19T10:23:41,350|[TRACE] graph - -----> statementPart
2021-11-19T10:23:41,350|[TRACE] graph - -------> nonSkippedChar
2021-11-19T10:23:41,350|[TRACE] script - #out(`O`) [token]
2021-11-19T10:23:41,350|[TRACE] graph - <------- nonSkippedChar
2021-11-19T10:23:41,350|[TRACE] graph - <----- statementPart
2021-11-19T10:23:41,350|[TRACE] graph - -----> statementPart
2021-11-19T10:23:41,350|[TRACE] graph - -------> nonSkippedChar
2021-11-19T10:23:41,350|[TRACE] script - #out(`T`) [token]
2021-11-19T10:23:41,350|[TRACE] graph - <------- nonSkippedChar
2021-11-19T10:23:41,350|[TRACE] graph - <----- statementPart
2021-11-19T10:23:41,350|[TRACE] graph - -----> statementPart
2021-11-19T10:23:41,350|[TRACE] graph - -------> nonSkippedSpace
2021-11-19T10:23:41,350|[TRACE] script - #out(` `) [token]
2021-11-19T10:23:41,350|[TRACE] graph - <------- nonSkippedSpace
2021-11-19T10:23:41,350|[TRACE] graph - <----- statementPart
2021-11-19T10:23:41,350|[TRACE] graph - -----> statementPart
2021-11-19T10:23:41,350|[TRACE] graph - -------> nonSkippedChar
2021-11-19T10:23:41,350|[TRACE] script - #out(`N`) [token]
2021-11-19T10:23:41,350|[TRACE] graph - <------- nonSkippedChar
2021-11-19T10:23:41,416|[TRACE] graph - <----- statementPart
2021-11-19T10:23:41,416|[TRACE] graph - -----> statementPart
2021-11-19T10:23:41,416|[TRACE] graph - -------> nonSkippedChar
2021-11-19T10:23:41,416|[TRACE] script - #out(`U`) [token]
2021-11-19T10:23:41,416|[TRACE] graph - <------- nonSkippedChar
2021-11-19T10:23:41,416|[TRACE] graph - <----- statementPart
2021-11-19T10:23:41,416|[TRACE] graph - -----> statementPart
2021-11-19T10:23:41,416|[TRACE] graph - -------> nonSkippedChar
2021-11-19T10:23:41,416|[TRACE] script - #out(`L`) [token]
2021-11-19T10:23:41,416|[TRACE] graph - <------- nonSkippedChar
2021-11-19T10:23:41,416|[TRACE] graph - <----- statementPart
2021-11-19T10:23:41,416|[TRACE] graph - -----> statementPart
2021-11-19T10:23:41,416|[TRACE] graph - -------> nonSkippedChar
2021-11-19T10:23:41,416|[TRACE] script - #out(`L`) [token]
2021-11-19T10:23:41,416|[TRACE] graph - <------- nonSkippedChar
2021-11-19T10:23:41,416|[TRACE] graph - <----- statementPart
2021-11-19T10:23:41,416|[TRACE] graph - -----> statementPart
2021-11-19T10:23:41,416|[TRACE] graph - -------> nonSkippedSpace
2021-11-19T10:23:41,416|[TRACE] script - #out(` `) [token]
2021-11-19T10:23:41,416|[TRACE] graph - <------- nonSkippedSpace
2021-11-19T10:23:41,416|[TRACE] graph - <----- statementPart
2021-11-19T10:23:41,416|[TRACE] graph - -----> statementPart
2021-11-19T10:23:41,416|[TRACE] graph - -------> nonSkippedChar
2021-11-19T10:23:41,416|[TRACE] script - #out(`D`) [token]
2021-11-19T10:23:41,416|[TRACE] graph - <------- nonSkippedChar
2021-11-19T10:23:41,416|[TRACE] graph - <----- statementPart
2021-11-19T10:23:41,416|[TRACE] graph - -----> statementPart
2021-11-19T10:23:41,416|[TRACE] graph - -------> nonSkippedChar
2021-11-19T10:23:41,416|[TRACE] script - #out(`E`) [token]
2021-11-19T10:23:41,416|[TRACE] graph - <------- nonSkippedChar
2021-11-19T10:23:41,416|[TRACE] graph - <----- statementPart
2021-11-19T10:23:41,416|[TRACE] graph - -----> statementPart
2021-11-19T10:23:41,416|[TRACE] graph - -------> nonSkippedChar
2021-11-19T10:23:41,416|[TRACE] script - #out(`F`) [token]
2021-11-19T10:23:41,416|[TRACE] graph - <------- nonSkippedChar
2021-11-19T10:23:41,416|[TRACE] graph - <----- statementPart
2021-11-19T10:23:41,416|[TRACE] graph - -----> statementPart
2021-11-19T10:23:41,416|[TRACE] graph - -------> nonSkippedChar
2021-11-19T10:23:41,416|[TRACE] script - #out(`A`) [token]
2021-11-19T10:23:41,416|[TRACE] graph - <------- nonSkippedChar
2021-11-19T10:23:41,416|[TRACE] graph - <----- statementPart
2021-11-19T10:23:41,416|[TRACE] graph - -----> statementPart
2021-11-19T10:23:41,416|[TRACE] graph - -------> nonSkippedChar
2021-11-19T10:23:41,416|[TRACE] script - #out(`U`) [token]
2021-11-19T10:23:41,416|[TRACE] graph - <------- nonSkippedChar
2021-11-19T10:23:41,416|[TRACE] graph - <----- statementPart
2021-11-19T10:23:41,416|[TRACE] graph - -----> statementPart
2021-11-19T10:23:41,416|[TRACE] graph - -------> nonSkippedChar
2021-11-19T10:23:41,416|[TRACE] script - #out(`L`) [token]
2021-11-19T10:23:41,416|[TRACE] graph - <------- nonSkippedChar
2021-11-19T10:23:41,416|[TRACE] graph - <----- statementPart
2021-11-19T10:23:41,416|[TRACE] graph - -----> statementPart
2021-11-19T10:23:41,416|[TRACE] graph - -------> nonSkippedChar
2021-11-19T10:23:41,416|[TRACE] script - #out(`T`) [token]
2021-11-19T10:23:41,416|[TRACE] graph - <------- nonSkippedChar
2021-11-19T10:23:41,416|[TRACE] graph - <----- statementPart
2021-11-19T10:23:41,416|[TRACE] graph - -----> statementPart
2021-11-19T10:23:41,416|[TRACE] graph - -------> nonSkippedSpace
2021-11-19T10:23:41,416|[TRACE] script - #out(` `) [token]
2021-11-19T10:23:41,416|[TRACE] graph - <------- nonSkippedSpace
2021-11-19T10:23:41,416|[TRACE] graph - <----- statementPart
2021-11-19T10:23:41,416|[TRACE] graph - -----> statementPart
2021-11-19T10:23:41,416|[TRACE] graph - -------> nonSkippedChar
2021-11-19T10:23:41,416|[TRACE] script - #out(`1`) [token]
2021-11-19T10:23:41,416|[TRACE] graph - <------- nonSkippedChar
2021-11-19T10:23:41,416|[TRACE] graph - <----- statementPart
2021-11-19T10:23:41,416|[TRACE] graph - -----> statementPart
2021-11-19T10:23:41,416|[TRACE] graph - -------> nonSkippedChar
2021-11-19T10:23:41,416|[TRACE] script - #out(`,`) [token]
2021-11-19T10:23:41,416|[TRACE] graph - <------- nonSkippedChar
2021-11-19T10:23:41,416|[TRACE] graph - <----- statementPart
2021-11-19T10:23:41,416|[TRACE] graph - -----> afterStatementPartNewline
2021-11-19T10:23:41,416|[TRACE] script - #out(` `) [text]
2021-11-19T10:23:41,416|[TRACE] graph - <----- afterStatementPartNewline
2021-11-19T10:23:41,416|[TRACE] graph - -----> statementPart
2021-11-19T10:23:41,416|[TRACE] graph - -------> nonSkippedSpace
2021-11-19T10:23:41,416|[TRACE] script - #out(` `) [token]
2021-11-19T10:23:41,416|[TRACE] graph - <------- nonSkippedSpace
2021-11-19T10:23:41,416|[TRACE] graph - <----- statementPart
2021-11-19T10:23:41,416|[TRACE] graph - -----> statementPart
2021-11-19T10:23:41,416|[TRACE] graph - -------> nonSkippedSpace
2021-11-19T10:23:41,416|[TRACE] script - #out(` `) [token]
2021-11-19T10:23:41,416|[TRACE] graph - <------- nonSkippedSpace
2021-11-19T10:23:41,416|[TRACE] graph - <----- statementPart
2021-11-19T10:23:41,416|[TRACE] graph - -----> statementPart
2021-11-19T10:23:41,416|[TRACE] graph - -------> nonSkippedChar
2021-11-19T10:23:41,416|[TRACE] script - #out(`P`) [token]
2021-11-19T10:23:41,416|[TRACE] graph - <------- nonSkippedChar
2021-11-19T10:23:41,416|[TRACE] graph - <----- statementPart
2021-11-19T10:23:41,416|[TRACE] graph - -----> statementPart
2021-11-19T10:23:41,416|[TRACE] graph - -------> nonSkippedChar
2021-11-19T10:23:41,416|[TRACE] script - #out(`R`) [token]
2021-11-19T10:23:41,416|[TRACE] graph - <------- nonSkippedChar
2021-11-19T10:23:41,416|[TRACE] graph - <----- statementPart
2021-11-19T10:23:41,416|[TRACE] graph - -----> statementPart
2021-11-19T10:23:41,416|[TRACE] graph - -------> nonSkippedChar
2021-11-19T10:23:41,416|[TRACE] script - #out(`I`) [token]
2021-11-19T10:23:41,416|[TRACE] graph - <------- nonSkippedChar
2021-11-19T10:23:41,416|[TRACE] graph - <----- statementPart
2021-11-19T10:23:41,416|[TRACE] graph - -----> statementPart
2021-11-19T10:23:41,416|[TRACE] graph - -------> nonSkippedChar
2021-11-19T10:23:41,416|[TRACE] script - #out(`M`) [token]
2021-11-19T10:23:41,416|[TRACE] graph - <------- nonSkippedChar
2021-11-19T10:23:41,416|[TRACE] graph - <----- statementPart
2021-11-19T10:23:41,416|[TRACE] graph - -----> statementPart
2021-11-19T10:23:41,416|[TRACE] graph - -------> nonSkippedChar
2021-11-19T10:23:41,416|[TRACE] script - #out(`A`) [token]
2021-11-19T10:23:41,416|[TRACE] graph - <------- nonSkippedChar
2021-11-19T10:23:41,416|[TRACE] graph - <----- statementPart
2021-11-19T10:23:41,416|[TRACE] graph - -----> statementPart
2021-11-19T10:23:41,416|[TRACE] graph - -------> nonSkippedChar
2021-11-19T10:23:41,416|[TRACE] script - #out(`R`) [token]
2021-11-19T10:23:41,416|[TRACE] graph - <------- nonSkippedChar
2021-11-19T10:23:41,416|[TRACE] graph - <----- statementPart
2021-11-19T10:23:41,416|[TRACE] graph - -----> statementPart
2021-11-19T10:23:41,416|[TRACE] graph - -------> nonSkippedChar
2021-11-19T10:23:41,416|[TRACE] script - #out(`Y`) [token]
2021-11-19T10:23:41,416|[TRACE] graph - <------- nonSkippedChar
2021-11-19T10:23:41,416|[TRACE] graph - <----- statementPart
2021-11-19T10:23:41,416|[TRACE] graph - -----> statementPart
2021-11-19T10:23:41,416|[TRACE] graph - -------> nonSkippedSpace
2021-11-19T10:23:41,416|[TRACE] script - #out(` `) [token]
2021-11-19T10:23:41,416|[TRACE] graph - <------- nonSkippedSpace
2021-11-19T10:23:41,416|[TRACE] graph - <----- statementPart
2021-11-19T10:23:41,416|[TRACE] graph - -----> statementPart
2021-11-19T10:23:41,416|[TRACE] graph - -------> nonSkippedChar
2021-11-19T10:23:41,416|[TRACE] script - #out(`K`) [token]
2021-11-19T10:23:41,416|[TRACE] graph - <------- nonSkippedChar
2021-11-19T10:23:41,416|[TRACE] graph - <----- statementPart
2021-11-19T10:23:41,416|[TRACE] graph - -----> statementPart
2021-11-19T10:23:41,416|[TRACE] graph - -------> nonSkippedChar
2021-11-19T10:23:41,416|[TRACE] script - #out(`E`) [token]
2021-11-19T10:23:41,416|[TRACE] graph - <------- nonSkippedChar
2021-11-19T10:23:41,416|[TRACE] graph - <----- statementPart
2021-11-19T10:23:41,416|[TRACE] graph - -----> statementPart
2021-11-19T10:23:41,416|[TRACE] graph - -------> nonSkippedChar
2021-11-19T10:23:41,416|[TRACE] script - #out(`Y`) [token]
2021-11-19T10:23:41,416|[TRACE] graph - <------- nonSkippedChar
2021-11-19T10:23:41,416|[TRACE] graph - <----- statementPart
2021-11-19T10:23:41,416|[TRACE] graph - -----> statementPart
2021-11-19T10:23:41,416|[TRACE] graph - -------> nonSkippedSpace
2021-11-19T10:23:41,416|[TRACE] script - #out(` `) [token]
2021-11-19T10:23:41,416|[TRACE] graph - <------- nonSkippedSpace
2021-11-19T10:23:41,416|[TRACE] graph - <----- statementPart
2021-11-19T10:23:41,416|[TRACE] graph - -----> statementPart
2021-11-19T10:23:41,416|[TRACE] graph - -------> nonSkippedChar
2021-11-19T10:23:41,416|[TRACE] script - #out(`(`) [token]
2021-11-19T10:23:41,416|[TRACE] graph - <------- nonSkippedChar
2021-11-19T10:23:41,416|[TRACE] graph - <----- statementPart
2021-11-19T10:23:41,416|[TRACE] graph - -----> statementPart
2021-11-19T10:23:41,417|[TRACE] graph - -------> quotedString
2021-11-19T10:23:41,417|[TRACE] script - #out(``donation_id``) [token]
2021-11-19T10:23:41,417|[TRACE] graph - <------- quotedString
2021-11-19T10:23:41,417|[TRACE] graph - <----- statementPart
2021-11-19T10:23:41,417|[TRACE] graph - -----> statementPart
2021-11-19T10:23:41,417|[TRACE] graph - -------> nonSkippedChar
2021-11-19T10:23:41,417|[TRACE] script - #out(`)`) [token]
2021-11-19T10:23:41,417|[TRACE] graph - <------- nonSkippedChar
2021-11-19T10:23:41,417|[TRACE] graph - <----- statementPart
2021-11-19T10:23:41,417|[TRACE] graph - -----> statementPart
2021-11-19T10:23:41,417|[TRACE] graph - -------> nonSkippedChar
2021-11-19T10:23:41,417|[TRACE] script - #out(`,`) [token]
2021-11-19T10:23:41,417|[TRACE] graph - <------- nonSkippedChar
2021-11-19T10:23:41,417|[TRACE] graph - <----- statementPart
2021-11-19T10:23:41,417|[TRACE] graph - -----> afterStatementPartNewline
2021-11-19T10:23:41,417|[TRACE] script - #out(` `) [text]
2021-11-19T10:23:41,417|[TRACE] graph - <----- afterStatementPartNewline
2021-11-19T10:23:41,417|[TRACE] graph - -----> statementPart
2021-11-19T10:23:41,417|[TRACE] graph - -------> nonSkippedSpace
2021-11-19T10:23:41,417|[TRACE] script - #out(` `) [token]
2021-11-19T10:23:41,417|[TRACE] graph - <------- nonSkippedSpace
2021-11-19T10:23:41,417|[TRACE] graph - <----- statementPart
2021-11-19T10:23:41,417|[TRACE] graph - -----> statementPart
2021-11-19T10:23:41,417|[TRACE] graph - -------> nonSkippedSpace
2021-11-19T10:23:41,417|[TRACE] script - #out(` `) [token]
2021-11-19T10:23:41,417|[TRACE] graph - <------- nonSkippedSpace
2021-11-19T10:23:41,417|[TRACE] graph - <----- statementPart
2021-11-19T10:23:41,417|[TRACE] graph - -----> statementPart
2021-11-19T10:23:41,417|[TRACE] graph - -------> nonSkippedChar
2021-11-19T10:23:41,417|[TRACE] script - #out(`I`) [token]
2021-11-19T10:23:41,417|[TRACE] graph - <------- nonSkippedChar
2021-11-19T10:23:41,417|[TRACE] graph - <----- statementPart
2021-11-19T10:23:41,417|[TRACE] graph - -----> statementPart
2021-11-19T10:23:41,417|[TRACE] graph - -------> nonSkippedChar
2021-11-19T10:23:41,417|[TRACE] script - #out(`N`) [token]
2021-11-19T10:23:41,417|[TRACE] graph - <------- nonSkippedChar
2021-11-19T10:23:41,417|[TRACE] graph - <----- statementPart
2021-11-19T10:23:41,417|[TRACE] graph - -----> statementPart
2021-11-19T10:23:41,417|[TRACE] graph - -------> nonSkippedChar
2021-11-19T10:23:41,417|[TRACE] script - #out(`D`) [token]
2021-11-19T10:23:41,417|[TRACE] graph - <------- nonSkippedChar
2021-11-19T10:23:41,417|[TRACE] graph - <----- statementPart
2021-11-19T10:23:41,417|[TRACE] graph - -----> statementPart
2021-11-19T10:23:41,417|[TRACE] graph - -------> nonSkippedChar
2021-11-19T10:23:41,417|[TRACE] script - #out(`E`) [token]
2021-11-19T10:23:41,417|[TRACE] graph - <------- nonSkippedChar
2021-11-19T10:23:41,417|[TRACE] graph - <----- statementPart
2021-11-19T10:23:41,417|[TRACE] graph - -----> statementPart
2021-11-19T10:23:41,417|[TRACE] graph - -------> nonSkippedChar
2021-11-19T10:23:41,417|[TRACE] script - #out(`X`) [token]
2021-11-19T10:23:41,417|[TRACE] graph - <------- nonSkippedChar
2021-11-19T10:23:41,417|[TRACE] graph - <----- statementPart
2021-11-19T10:23:41,417|[TRACE] graph - -----> statementPart
2021-11-19T10:23:41,417|[TRACE] graph - -------> nonSkippedSpace
2021-11-19T10:23:41,417|[TRACE] script - #out(` `) [token]
2021-11-19T10:23:41,417|[TRACE] graph - <------- nonSkippedSpace
2021-11-19T10:23:41,417|[TRACE] graph - <----- statementPart
2021-11-19T10:23:41,417|[TRACE] graph - -----> statementPart
2021-11-19T10:23:41,417|[TRACE] graph - -------> quotedString
2021-11-19T10:23:41,417|[TRACE] script - #out(``fk_blood_donation_blood_bank1_idx``) [token]
2021-11-19T10:23:41,417|[TRACE] graph - <------- quotedString
2021-11-19T10:23:41,417|[TRACE] graph - <----- statementPart
2021-11-19T10:23:41,417|[TRACE] graph - -----> statementPart
2021-11-19T10:23:41,417|[TRACE] graph - -------> nonSkippedSpace
2021-11-19T10:23:41,417|[TRACE] script - #out(` `) [token]
2021-11-19T10:23:41,417|[TRACE] graph - <------- nonSkippedSpace
2021-11-19T10:23:41,417|[TRACE] graph - <----- statementPart
2021-11-19T10:23:41,417|[TRACE] graph - -----> statementPart
2021-11-19T10:23:41,417|[TRACE] graph - -------> nonSkippedChar
2021-11-19T10:23:41,417|[TRACE] script - #out(`(`) [token]
2021-11-19T10:23:41,417|[TRACE] graph - <------- nonSkippedChar
2021-11-19T10:23:41,417|[TRACE] graph - <----- statementPart
2021-11-19T10:23:41,417|[TRACE] graph - -----> statementPart
2021-11-19T10:23:41,417|[TRACE] graph - -------> quotedString
2021-11-19T10:23:41,417|[TRACE] script - #out(``bank_id``) [token]
2021-11-19T10:23:41,417|[TRACE] graph - <------- quotedString
2021-11-19T10:23:41,417|[TRACE] graph - <----- statementPart
2021-11-19T10:23:41,417|[TRACE] graph - -----> statementPart
2021-11-19T10:23:41,417|[TRACE] graph - -------> nonSkippedSpace
2021-11-19T10:23:41,417|[TRACE] script - #out(` `) [token]
2021-11-19T10:23:41,417|[TRACE] graph - <------- nonSkippedSpace
2021-11-19T10:23:41,417|[TRACE] graph - <----- statementPart
2021-11-19T10:23:41,417|[TRACE] graph - -----> statementPart
2021-11-19T10:23:41,417|[TRACE] graph - -------> nonSkippedChar
2021-11-19T10:23:41,417|[TRACE] script - #out(`A`) [token]
2021-11-19T10:23:41,417|[TRACE] graph - <------- nonSkippedChar
2021-11-19T10:23:41,417|[TRACE] graph - <----- statementPart
2021-11-19T10:23:41,417|[TRACE] graph - -----> statementPart
2021-11-19T10:23:41,417|[TRACE] graph - -------> nonSkippedChar
2021-11-19T10:23:41,417|[TRACE] script - #out(`S`) [token]
2021-11-19T10:23:41,417|[TRACE] graph - <------- nonSkippedChar
2021-11-19T10:23:41,417|[TRACE] graph - <----- statementPart
2021-11-19T10:23:41,417|[TRACE] graph - -----> statementPart
2021-11-19T10:23:41,417|[TRACE] graph - -------> nonSkippedChar
2021-11-19T10:23:41,417|[TRACE] script - #out(`C`) [token]
2021-11-19T10:23:41,417|[TRACE] graph - <------- nonSkippedChar
2021-11-19T10:23:41,417|[TRACE] graph - <----- statementPart
2021-11-19T10:23:41,417|[TRACE] graph - -----> statementPart
2021-11-19T10:23:41,417|[TRACE] graph - -------> nonSkippedChar
2021-11-19T10:23:41,417|[TRACE] script - #out(`)`) [token]
2021-11-19T10:23:41,417|[TRACE] graph - <------- nonSkippedChar
2021-11-19T10:23:41,417|[TRACE] graph - <----- statementPart
2021-11-19T10:23:41,417|[TRACE] graph - -----> statementPart
2021-11-19T10:23:41,417|[TRACE] graph - -------> nonSkippedSpace
2021-11-19T10:23:41,417|[TRACE] script - #out(` `) [token]
2021-11-19T10:23:41,417|[TRACE] graph - <------- nonSkippedSpace
2021-11-19T10:23:41,417|[TRACE] graph - <----- statementPart
2021-11-19T10:23:41,417|[TRACE] graph - -----> statementPart
2021-11-19T10:23:41,417|[TRACE] graph - -------> nonSkippedChar
2021-11-19T10:23:41,417|[TRACE] script - #out(`V`) [token]
2021-11-19T10:23:41,417|[TRACE] graph - <------- nonSkippedChar
2021-11-19T10:23:41,417|[TRACE] graph - <----- statementPart
2021-11-19T10:23:41,417|[TRACE] graph - -----> statementPart
2021-11-19T10:23:41,417|[TRACE] graph - -------> nonSkippedChar
2021-11-19T10:23:41,417|[TRACE] script - #out(`I`) [token]
2021-11-19T10:23:41,417|[TRACE] graph - <------- nonSkippedChar
2021-11-19T10:23:41,417|[TRACE] graph - <----- statementPart
2021-11-19T10:23:41,417|[TRACE] graph - -----> statementPart
2021-11-19T10:23:41,417|[TRACE] graph - -------> nonSkippedChar
2021-11-19T10:23:41,417|[TRACE] script - #out(`S`) [token]
2021-11-19T10:23:41,417|[TRACE] graph - <------- nonSkippedChar
2021-11-19T10:23:41,417|[TRACE] graph - <----- statementPart
2021-11-19T10:23:41,417|[TRACE] graph - -----> statementPart
2021-11-19T10:23:41,417|[TRACE] graph - -------> nonSkippedChar
2021-11-19T10:23:41,417|[TRACE] script - #out(`I`) [token]
2021-11-19T10:23:41,417|[TRACE] graph - <------- nonSkippedChar
2021-11-19T10:23:41,417|[TRACE] graph - <----- statementPart
2021-11-19T10:23:41,417|[TRACE] graph - -----> statementPart
2021-11-19T10:23:41,417|[TRACE] graph - -------> nonSkippedChar
2021-11-19T10:23:41,417|[TRACE] script - #out(`B`) [token]
2021-11-19T10:23:41,417|[TRACE] graph - <------- nonSkippedChar
2021-11-19T10:23:41,417|[TRACE] graph - <----- statementPart
2021-11-19T10:23:41,417|[TRACE] graph - -----> statementPart
2021-11-19T10:23:41,417|[TRACE] graph - -------> nonSkippedChar
2021-11-19T10:23:41,417|[TRACE] script - #out(`L`) [token]
2021-11-19T10:23:41,417|[TRACE] graph - <------- nonSkippedChar
2021-11-19T10:23:41,417|[TRACE] graph - <----- statementPart
2021-11-19T10:23:41,417|[TRACE] graph - -----> statementPart
2021-11-19T10:23:41,417|[TRACE] graph - -------> nonSkippedChar
2021-11-19T10:23:41,417|[TRACE] script - #out(`E`) [token]
2021-11-19T10:23:41,417|[TRACE] graph - <------- nonSkippedChar
2021-11-19T10:23:41,417|[TRACE] graph - <----- statementPart
2021-11-19T10:23:41,417|[TRACE] graph - -----> statementPart
2021-11-19T10:23:41,417|[TRACE] graph - -------> nonSkippedChar
2021-11-19T10:23:41,417|[TRACE] script - #out(`,`) [token]
2021-11-19T10:23:41,417|[TRACE] graph - <------- nonSkippedChar
2021-11-19T10:23:41,417|[TRACE] graph - <----- statementPart
2021-11-19T10:23:41,417|[TRACE] graph - -----> afterStatementPartNewline
2021-11-19T10:23:41,417|[TRACE] script - #out(` `) [text]
2021-11-19T10:23:41,417|[TRACE] graph - <----- afterStatementPartNewline
2021-11-19T10:23:41,417|[TRACE] graph - -----> statementPart
2021-11-19T10:23:41,417|[TRACE] graph - -------> nonSkippedSpace
2021-11-19T10:23:41,417|[TRACE] script - #out(` `) [token]
2021-11-19T10:23:41,417|[TRACE] graph - <------- nonSkippedSpace
2021-11-19T10:23:41,417|[TRACE] graph - <----- statementPart
2021-11-19T10:23:41,417|[TRACE] graph - -----> statementPart
2021-11-19T10:23:41,417|[TRACE] graph - -------> nonSkippedSpace
2021-11-19T10:23:41,417|[TRACE] script - #out(` `) [token]
2021-11-19T10:23:41,417|[TRACE] graph - <------- nonSkippedSpace
2021-11-19T10:23:41,417|[TRACE] graph - <----- statementPart
2021-11-19T10:23:41,417|[TRACE] graph - -----> statementPart
2021-11-19T10:23:41,417|[TRACE] graph - -------> nonSkippedChar
2021-11-19T10:23:41,417|[TRACE] script - #out(`C`) [token]
2021-11-19T10:23:41,417|[TRACE] graph - <------- nonSkippedChar
2021-11-19T10:23:41,417|[TRACE] graph - <----- statementPart
2021-11-19T10:23:41,417|[TRACE] graph - -----> statementPart
2021-11-19T10:23:41,417|[TRACE] graph - -------> nonSkippedChar
2021-11-19T10:23:41,417|[TRACE] script - #out(`O`) [token]
2021-11-19T10:23:41,417|[TRACE] graph - <------- nonSkippedChar
2021-11-19T10:23:41,417|[TRACE] graph - <----- statementPart
2021-11-19T10:23:41,417|[TRACE] graph - -----> statementPart
2021-11-19T10:23:41,417|[TRACE] graph - -------> nonSkippedChar
2021-11-19T10:23:41,417|[TRACE] script - #out(`N`) [token]
2021-11-19T10:23:41,417|[TRACE] graph - <------- nonSkippedChar
2021-11-19T10:23:41,417|[TRACE] graph - <----- statementPart
2021-11-19T10:23:41,417|[TRACE] graph - -----> statementPart
2021-11-19T10:23:41,417|[TRACE] graph - -------> nonSkippedChar
2021-11-19T10:23:41,417|[TRACE] script - #out(`S`) [token]
2021-11-19T10:23:41,417|[TRACE] graph - <------- nonSkippedChar
2021-11-19T10:23:41,417|[TRACE] graph - <----- statementPart
2021-11-19T10:23:41,417|[TRACE] graph - -----> statementPart
2021-11-19T10:23:41,417|[TRACE] graph - -------> nonSkippedChar
2021-11-19T10:23:41,417|[TRACE] script - #out(`T`) [token]
2021-11-19T10:23:41,417|[TRACE] graph - <------- nonSkippedChar
2021-11-19T10:23:41,417|[TRACE] graph - <----- statementPart
2021-11-19T10:23:41,417|[TRACE] graph - -----> statementPart
2021-11-19T10:23:41,417|[TRACE] graph - -------> nonSkippedChar
2021-11-19T10:23:41,417|[TRACE] script - #out(`R`) [token]
2021-11-19T10:23:41,417|[TRACE] graph - <------- nonSkippedChar
2021-11-19T10:23:41,417|[TRACE] graph - <----- statementPart
2021-11-19T10:23:41,417|[TRACE] graph - -----> statementPart
2021-11-19T10:23:41,417|[TRACE] graph - -------> nonSkippedChar
2021-11-19T10:23:41,417|[TRACE] script - #out(`A`) [token]
2021-11-19T10:23:41,417|[TRACE] graph - <------- nonSkippedChar
2021-11-19T10:23:41,417|[TRACE] graph - <----- statementPart
2021-11-19T10:23:41,417|[TRACE] graph - -----> statementPart
2021-11-19T10:23:41,417|[TRACE] graph - -------> nonSkippedChar
2021-11-19T10:23:41,417|[TRACE] script - #out(`I`) [token]
2021-11-19T10:23:41,417|[TRACE] graph - <------- nonSkippedChar
2021-11-19T10:23:41,417|[TRACE] graph - <----- statementPart
2021-11-19T10:23:41,417|[TRACE] graph - -----> statementPart
2021-11-19T10:23:41,417|[TRACE] graph - -------> nonSkippedChar
2021-11-19T10:23:41,417|[TRACE] script - #out(`N`) [token]
2021-11-19T10:23:41,417|[TRACE] graph - <------- nonSkippedChar
2021-11-19T10:23:41,417|[TRACE] graph - <----- statementPart
2021-11-19T10:23:41,417|[TRACE] graph - -----> statementPart
2021-11-19T10:23:41,417|[TRACE] graph - -------> nonSkippedChar
2021-11-19T10:23:41,417|[TRACE] script - #out(`T`) [token]
2021-11-19T10:23:41,417|[TRACE] graph - <------- nonSkippedChar
2021-11-19T10:23:41,417|[TRACE] graph - <----- statementPart
2021-11-19T10:23:41,417|[TRACE] graph - -----> statementPart
2021-11-19T10:23:41,417|[TRACE] graph - -------> nonSkippedSpace
2021-11-19T10:23:41,417|[TRACE] script - #out(` `) [token]
2021-11-19T10:23:41,417|[TRACE] graph - <------- nonSkippedSpace
2021-11-19T10:23:41,417|[TRACE] graph - <----- statementPart
2021-11-19T10:23:41,417|[TRACE] graph - -----> statementPart
2021-11-19T10:23:41,417|[TRACE] graph - -------> quotedString
2021-11-19T10:23:41,417|[TRACE] script - #out(``fk_blood_donation_blood_bank1``) [token]
2021-11-19T10:23:41,417|[TRACE] graph - <------- quotedString
2021-11-19T10:23:41,417|[TRACE] graph - <----- statementPart
2021-11-19T10:23:41,417|[TRACE] graph - -----> afterStatementPartNewline
2021-11-19T10:23:41,417|[TRACE] script - #out(` `) [text]
2021-11-19T10:23:41,417|[TRACE] graph - <----- afterStatementPartNewline
2021-11-19T10:23:41,417|[TRACE] graph - -----> statementPart
2021-11-19T10:23:41,417|[TRACE] graph - -------> nonSkippedSpace
2021-11-19T10:23:41,417|[TRACE] script - #out(` `) [token]
2021-11-19T10:23:41,417|[TRACE] graph - <------- nonSkippedSpace
2021-11-19T10:23:41,417|[TRACE] graph - <----- statementPart
2021-11-19T10:23:41,417|[TRACE] graph - -----> statementPart
2021-11-19T10:23:41,417|[TRACE] graph - -------> nonSkippedSpace
2021-11-19T10:23:41,417|[TRACE] script - #out(` `) [token]
2021-11-19T10:23:41,417|[TRACE] graph - <------- nonSkippedSpace
2021-11-19T10:23:41,417|[TRACE] graph - <----- statementPart
2021-11-19T10:23:41,417|[TRACE] graph - -----> statementPart
2021-11-19T10:23:41,417|[TRACE] graph - -------> nonSkippedSpace
2021-11-19T10:23:41,417|[TRACE] script - #out(` `) [token]
2021-11-19T10:23:41,417|[TRACE] graph - <------- nonSkippedSpace
2021-11-19T10:23:41,417|[TRACE] graph - <----- statementPart
2021-11-19T10:23:41,417|[TRACE] graph - -----> statementPart
2021-11-19T10:23:41,417|[TRACE] graph - -------> nonSkippedSpace
2021-11-19T10:23:41,417|[TRACE] script - #out(` `) [token]
2021-11-19T10:23:41,418|[TRACE] graph - <------- nonSkippedSpace
2021-11-19T10:23:41,418|[TRACE] graph - <----- statementPart
2021-11-19T10:23:41,418|[TRACE] graph - -----> statementPart
2021-11-19T10:23:41,418|[TRACE] graph - -------> nonSkippedChar
2021-11-19T10:23:41,418|[TRACE] script - #out(`F`) [token]
2021-11-19T10:23:41,418|[TRACE] graph - <------- nonSkippedChar
2021-11-19T10:23:41,418|[TRACE] graph - <----- statementPart
2021-11-19T10:23:41,418|[TRACE] graph - -----> statementPart
2021-11-19T10:23:41,418|[TRACE] graph - -------> nonSkippedChar
2021-11-19T10:23:41,418|[TRACE] script - #out(`O`) [token]
2021-11-19T10:23:41,418|[TRACE] graph - <------- nonSkippedChar
2021-11-19T10:23:41,418|[TRACE] graph - <----- statementPart
2021-11-19T10:23:41,418|[TRACE] graph - -----> statementPart
2021-11-19T10:23:41,418|[TRACE] graph - -------> nonSkippedChar
2021-11-19T10:23:41,418|[TRACE] script - #out(`R`) [token]
2021-11-19T10:23:41,418|[TRACE] graph - <------- nonSkippedChar
2021-11-19T10:23:41,418|[TRACE] graph - <----- statementPart
2021-11-19T10:23:41,418|[TRACE] graph - -----> statementPart
2021-11-19T10:23:41,418|[TRACE] graph - -------> nonSkippedChar
2021-11-19T10:23:41,418|[TRACE] script - #out(`E`) [token]
2021-11-19T10:23:41,418|[TRACE] graph - <------- nonSkippedChar
2021-11-19T10:23:41,418|[TRACE] graph - <----- statementPart
2021-11-19T10:23:41,418|[TRACE] graph - -----> statementPart
2021-11-19T10:23:41,418|[TRACE] graph - -------> nonSkippedChar
2021-11-19T10:23:41,418|[TRACE] script - #out(`I`) [token]
2021-11-19T10:23:41,418|[TRACE] graph - <------- nonSkippedChar
2021-11-19T10:23:41,418|[TRACE] graph - <----- statementPart
2021-11-19T10:23:41,418|[TRACE] graph - -----> statementPart
2021-11-19T10:23:41,418|[TRACE] graph - -------> nonSkippedChar
2021-11-19T10:23:41,418|[TRACE] script - #out(`G`) [token]
2021-11-19T10:23:41,418|[TRACE] graph - <------- nonSkippedChar
2021-11-19T10:23:41,418|[TRACE] graph - <----- statementPart
2021-11-19T10:23:41,418|[TRACE] graph - -----> statementPart
2021-11-19T10:23:41,418|[TRACE] graph - -------> nonSkippedChar
2021-11-19T10:23:41,418|[TRACE] script - #out(`N`) [token]
2021-11-19T10:23:41,418|[TRACE] graph - <------- nonSkippedChar
2021-11-19T10:23:41,418|[TRACE] graph - <----- statementPart
2021-11-19T10:23:41,418|[TRACE] graph - -----> statementPart
2021-11-19T10:23:41,418|[TRACE] graph - -------> nonSkippedSpace
2021-11-19T10:23:41,418|[TRACE] script - #out(` `) [token]
2021-11-19T10:23:41,418|[TRACE] graph - <------- nonSkippedSpace
2021-11-19T10:23:41,418|[TRACE] graph - <----- statementPart
2021-11-19T10:23:41,418|[TRACE] graph - -----> statementPart
2021-11-19T10:23:41,418|[TRACE] graph - -------> nonSkippedChar
2021-11-19T10:23:41,418|[TRACE] script - #out(`K`) [token]
2021-11-19T10:23:41,418|[TRACE] graph - <------- nonSkippedChar
2021-11-19T10:23:41,418|[TRACE] graph - <----- statementPart
2021-11-19T10:23:41,418|[TRACE] graph - -----> statementPart
2021-11-19T10:23:41,418|[TRACE] graph - -------> nonSkippedChar
2021-11-19T10:23:41,418|[TRACE] script - #out(`E`) [token]
2021-11-19T10:23:41,418|[TRACE] graph - <------- nonSkippedChar
2021-11-19T10:23:41,418|[TRACE] graph - <----- statementPart
2021-11-19T10:23:41,418|[TRACE] graph - -----> statementPart
2021-11-19T10:23:41,418|[TRACE] graph - -------> nonSkippedChar
2021-11-19T10:23:41,418|[TRACE] script - #out(`Y`) [token]
2021-11-19T10:23:41,418|[TRACE] graph - <------- nonSkippedChar
2021-11-19T10:23:41,418|[TRACE] graph - <----- statementPart
2021-11-19T10:23:41,418|[TRACE] graph - -----> statementPart
2021-11-19T10:23:41,418|[TRACE] graph - -------> nonSkippedSpace
2021-11-19T10:23:41,418|[TRACE] script - #out(` `) [token]
2021-11-19T10:23:41,418|[TRACE] graph - <------- nonSkippedSpace
2021-11-19T10:23:41,418|[TRACE] graph - <----- statementPart
2021-11-19T10:23:41,418|[TRACE] graph - -----> statementPart
2021-11-19T10:23:41,418|[TRACE] graph - -------> nonSkippedChar
2021-11-19T10:23:41,418|[TRACE] script - #out(`(`) [token]
2021-11-19T10:23:41,418|[TRACE] graph - <------- nonSkippedChar
2021-11-19T10:23:41,418|[TRACE] graph - <----- statementPart
2021-11-19T10:23:41,418|[TRACE] graph - -----> statementPart
2021-11-19T10:23:41,418|[TRACE] graph - -------> quotedString
2021-11-19T10:23:41,418|[TRACE] script - #out(``bank_id``) [token]
2021-11-19T10:23:41,418|[TRACE] graph - <------- quotedString
2021-11-19T10:23:41,418|[TRACE] graph - <----- statementPart
2021-11-19T10:23:41,418|[TRACE] graph - -----> statementPart
2021-11-19T10:23:41,539|[TRACE] graph - -------> nonSkippedChar
2021-11-19T10:23:41,539|[TRACE] script - #out(`)`) [token]
2021-11-19T10:23:41,539|[TRACE] graph - <------- nonSkippedChar
2021-11-19T10:23:41,539|[TRACE] graph - <----- statementPart
2021-11-19T10:23:41,539|[TRACE] graph - -----> afterStatementPartNewline
2021-11-19T10:23:41,539|[TRACE] script - #out(` `) [text]
2021-11-19T10:23:41,539|[TRACE] graph - <----- afterStatementPartNewline
2021-11-19T10:23:41,539|[TRACE] graph - -----> statementPart
2021-11-19T10:23:41,539|[TRACE] graph - -------> nonSkippedSpace
2021-11-19T10:23:41,539|[TRACE] script - #out(` `) [token]
2021-11-19T10:23:41,539|[TRACE] graph - <------- nonSkippedSpace
2021-11-19T10:23:41,540|[TRACE] graph - <----- statementPart
2021-11-19T10:23:41,540|[TRACE] graph - -----> statementPart
2021-11-19T10:23:41,540|[TRACE] graph - -------> nonSkippedSpace
2021-11-19T10:23:41,540|[TRACE] script - #out(` `) [token]
2021-11-19T10:23:41,540|[TRACE] graph - <------- nonSkippedSpace
2021-11-19T10:23:41,540|[TRACE] graph - <----- statementPart
2021-11-19T10:23:41,540|[TRACE] graph - -----> statementPart
2021-11-19T10:23:41,540|[TRACE] graph - -------> nonSkippedSpace
2021-11-19T10:23:41,540|[TRACE] script - #out(` `) [token]
2021-11-19T10:23:41,540|[TRACE] graph - <------- nonSkippedSpace
2021-11-19T10:23:41,540|[TRACE] graph - <----- statementPart
2021-11-19T10:23:41,540|[TRACE] graph - -----> statementPart
2021-11-19T10:23:41,540|[TRACE] graph - -------> nonSkippedSpace
2021-11-19T10:23:41,540|[TRACE] script - #out(` `) [token]
2021-11-19T10:23:41,540|[TRACE] graph - <------- nonSkippedSpace
2021-11-19T10:23:41,540|[TRACE] graph - <----- statementPart
2021-11-19T10:23:41,540|[TRACE] graph - -----> statementPart
2021-11-19T10:23:41,540|[TRACE] graph - -------> nonSkippedChar
2021-11-19T10:23:41,540|[TRACE] script - #out(`R`) [token]
2021-11-19T10:23:41,540|[TRACE] graph - <------- nonSkippedChar
2021-11-19T10:23:41,540|[TRACE] graph - <----- statementPart
2021-11-19T10:23:41,540|[TRACE] graph - -----> statementPart
2021-11-19T10:23:41,540|[TRACE] graph - -------> nonSkippedChar
2021-11-19T10:23:41,540|[TRACE] script - #out(`E`) [token]
2021-11-19T10:23:41,540|[TRACE] graph - <------- nonSkippedChar
2021-11-19T10:23:41,540|[TRACE] graph - <----- statementPart
2021-11-19T10:23:41,540|[TRACE] graph - -----> statementPart
2021-11-19T10:23:41,540|[TRACE] graph - -------> nonSkippedChar
2021-11-19T10:23:41,540|[TRACE] script - #out(`F`) [token]
2021-11-19T10:23:41,540|[TRACE] graph - <------- nonSkippedChar
2021-11-19T10:23:41,540|[TRACE] graph - <----- statementPart
2021-11-19T10:23:41,540|[TRACE] graph - -----> statementPart
2021-11-19T10:23:41,540|[TRACE] graph - -------> nonSkippedChar
2021-11-19T10:23:41,540|[TRACE] script - #out(`E`) [token]
2021-11-19T10:23:41,540|[TRACE] graph - <------- nonSkippedChar
2021-11-19T10:23:41,540|[TRACE] graph - <----- statementPart
2021-11-19T10:23:41,540|[TRACE] graph - -----> statementPart
2021-11-19T10:23:41,540|[TRACE] graph - -------> nonSkippedChar
2021-11-19T10:23:41,540|[TRACE] script - #out(`R`) [token]
2021-11-19T10:23:41,540|[TRACE] graph - <------- nonSkippedChar
2021-11-19T10:23:41,540|[TRACE] graph - <----- statementPart
2021-11-19T10:23:41,540|[TRACE] graph - -----> statementPart
2021-11-19T10:23:41,540|[TRACE] graph - -------> nonSkippedChar
2021-11-19T10:23:41,540|[TRACE] script - #out(`E`) [token]
2021-11-19T10:23:41,540|[TRACE] graph - <------- nonSkippedChar
2021-11-19T10:23:41,540|[TRACE] graph - <----- statementPart
2021-11-19T10:23:41,540|[TRACE] graph - -----> statementPart
2021-11-19T10:23:41,540|[TRACE] graph - -------> nonSkippedChar
2021-11-19T10:23:41,540|[TRACE] script - #out(`N`) [token]
2021-11-19T10:23:41,540|[TRACE] graph - <------- nonSkippedChar
2021-11-19T10:23:41,540|[TRACE] graph - <----- statementPart
2021-11-19T10:23:41,540|[TRACE] graph - -----> statementPart
2021-11-19T10:23:41,540|[TRACE] graph - -------> nonSkippedChar
2021-11-19T10:23:41,540|[TRACE] script - #out(`C`) [token]
2021-11-19T10:23:41,540|[TRACE] graph - <------- nonSkippedChar
2021-11-19T10:23:41,540|[TRACE] graph - <----- statementPart
2021-11-19T10:23:41,540|[TRACE] graph - -----> statementPart
2021-11-19T10:23:41,540|[TRACE] graph - -------> nonSkippedChar
2021-11-19T10:23:41,540|[TRACE] script - #out(`E`) [token]
2021-11-19T10:23:41,540|[TRACE] graph - <------- nonSkippedChar
2021-11-19T10:23:41,540|[TRACE] graph - <----- statementPart
2021-11-19T10:23:41,540|[TRACE] graph - -----> statementPart
2021-11-19T10:23:41,540|[TRACE] graph - -------> nonSkippedChar
2021-11-19T10:23:41,540|[TRACE] script - #out(`S`) [token]
2021-11-19T10:23:41,540|[TRACE] graph - <------- nonSkippedChar
2021-11-19T10:23:41,540|[TRACE] graph - <----- statementPart
2021-11-19T10:23:41,540|[TRACE] graph - -----> statementPart
2021-11-19T10:23:41,540|[TRACE] graph - -------> nonSkippedSpace
2021-11-19T10:23:41,540|[TRACE] script - #out(` `) [token]
2021-11-19T10:23:41,540|[TRACE] graph - <------- nonSkippedSpace
2021-11-19T10:23:41,540|[TRACE] graph - <----- statementPart
2021-11-19T10:23:41,540|[TRACE] graph - -----> statementPart
2021-11-19T10:23:41,540|[TRACE] graph - -------> quotedString
2021-11-19T10:23:41,540|[TRACE] script - #out(``bloodbank``) [token]
2021-11-19T10:23:41,540|[TRACE] graph - <------- quotedString
2021-11-19T10:23:41,540|[TRACE] graph - <----- statementPart
2021-11-19T10:23:41,540|[TRACE] graph - -----> statementPart
2021-11-19T10:23:41,540|[TRACE] graph - -------> nonSkippedChar
2021-11-19T10:23:41,540|[TRACE] script - #out(`.`) [token]
2021-11-19T10:23:41,540|[TRACE] graph - <------- nonSkippedChar
2021-11-19T10:23:41,540|[TRACE] graph - <----- statementPart
2021-11-19T10:23:41,540|[TRACE] graph - -----> statementPart
2021-11-19T10:23:41,540|[TRACE] graph - -------> quotedString
2021-11-19T10:23:41,540|[TRACE] script - #out(``blood_bank``) [token]
2021-11-19T10:23:41,540|[TRACE] graph - <------- quotedString
2021-11-19T10:23:41,540|[TRACE] graph - <----- statementPart
2021-11-19T10:23:41,540|[TRACE] graph - -----> statementPart
2021-11-19T10:23:41,540|[TRACE] graph - -------> nonSkippedSpace
2021-11-19T10:23:41,540|[TRACE] script - #out(` `) [token]
2021-11-19T10:23:41,540|[TRACE] graph - <------- nonSkippedSpace
2021-11-19T10:23:41,540|[TRACE] graph - <----- statementPart
2021-11-19T10:23:41,540|[TRACE] graph - -----> statementPart
2021-11-19T10:23:41,540|[TRACE] graph - -------> nonSkippedChar
2021-11-19T10:23:41,540|[TRACE] script - #out(`(`) [token]
2021-11-19T10:23:41,540|[TRACE] graph - <------- nonSkippedChar
2021-11-19T10:23:41,540|[TRACE] graph - <----- statementPart
2021-11-19T10:23:41,540|[TRACE] graph - -----> statementPart
2021-11-19T10:23:41,540|[TRACE] graph - -------> quotedString
2021-11-19T10:23:41,540|[TRACE] script - #out(``bank_id``) [token]
2021-11-19T10:23:41,540|[TRACE] graph - <------- quotedString
2021-11-19T10:23:41,540|[TRACE] graph - <----- statementPart
2021-11-19T10:23:41,540|[TRACE] graph - -----> statementPart
2021-11-19T10:23:41,540|[TRACE] graph - -------> nonSkippedChar
2021-11-19T10:23:41,540|[TRACE] script - #out(`)`) [token]
2021-11-19T10:23:41,540|[TRACE] graph - <------- nonSkippedChar
2021-11-19T10:23:41,540|[TRACE] graph - <----- statementPart
2021-11-19T10:23:41,540|[TRACE] graph - -----> afterStatementPartNewline
2021-11-19T10:23:41,540|[TRACE] script - #out(` `) [text]
2021-11-19T10:23:41,540|[TRACE] graph - <----- afterStatementPartNewline
2021-11-19T10:23:41,540|[TRACE] graph - -----> statementPart
2021-11-19T10:23:41,540|[TRACE] graph - -------> nonSkippedSpace
2021-11-19T10:23:41,540|[TRACE] script - #out(` `) [token]
2021-11-19T10:23:41,540|[TRACE] graph - <------- nonSkippedSpace
2021-11-19T10:23:41,540|[TRACE] graph - <----- statementPart
2021-11-19T10:23:41,540|[TRACE] graph - -----> statementPart
2021-11-19T10:23:41,540|[TRACE] graph - -------> nonSkippedSpace
2021-11-19T10:23:41,540|[TRACE] script - #out(` `) [token]
2021-11-19T10:23:41,540|[TRACE] graph - <------- nonSkippedSpace
2021-11-19T10:23:41,540|[TRACE] graph - <----- statementPart
2021-11-19T10:23:41,540|[TRACE] graph - -----> statementPart
2021-11-19T10:23:41,540|[TRACE] graph - -------> nonSkippedSpace
2021-11-19T10:23:41,540|[TRACE] script - #out(` `) [token]
2021-11-19T10:23:41,540|[TRACE] graph - <------- nonSkippedSpace
2021-11-19T10:23:41,541|[TRACE] graph - <----- statementPart
2021-11-19T10:23:41,541|[TRACE] graph - -----> statementPart
2021-11-19T10:23:41,541|[TRACE] graph - -------> nonSkippedSpace
2021-11-19T10:23:41,541|[TRACE] script - #out(` `) [token]
2021-11-19T10:23:41,541|[TRACE] graph - <------- nonSkippedSpace
2021-11-19T10:23:41,541|[TRACE] graph - <----- statementPart
2021-11-19T10:23:41,541|[TRACE] graph - -----> statementPart
2021-11-19T10:23:41,541|[TRACE] graph - -------> nonSkippedChar
2021-11-19T10:23:41,541|[TRACE] script - #out(`O`) [token]
2021-11-19T10:23:41,541|[TRACE] graph - <------- nonSkippedChar
2021-11-19T10:23:41,541|[TRACE] graph - <----- statementPart
2021-11-19T10:23:41,541|[TRACE] graph - -----> statementPart
2021-11-19T10:23:41,541|[TRACE] graph - -------> nonSkippedChar
2021-11-19T10:23:41,541|[TRACE] script - #out(`N`) [token]
2021-11-19T10:23:41,541|[TRACE] graph - <------- nonSkippedChar
2021-11-19T10:23:41,541|[TRACE] graph - <----- statementPart
2021-11-19T10:23:41,541|[TRACE] graph - -----> statementPart
2021-11-19T10:23:41,541|[TRACE] graph - -------> nonSkippedSpace
2021-11-19T10:23:41,541|[TRACE] script - #out(` `) [token]
2021-11-19T10:23:41,541|[TRACE] graph - <------- nonSkippedSpace
2021-11-19T10:23:41,541|[TRACE] graph - <----- statementPart
2021-11-19T10:23:41,541|[TRACE] graph - -----> statementPart
2021-11-19T10:23:41,541|[TRACE] graph - -------> nonSkippedChar
2021-11-19T10:23:41,541|[TRACE] script - #out(`D`) [token]
2021-11-19T10:23:41,541|[TRACE] graph - <------- nonSkippedChar
2021-11-19T10:23:41,541|[TRACE] graph - <----- statementPart
2021-11-19T10:23:41,541|[TRACE] graph - -----> statementPart
2021-11-19T10:23:41,541|[TRACE] graph - -------> nonSkippedChar
2021-11-19T10:23:41,541|[TRACE] script - #out(`E`) [token]
2021-11-19T10:23:41,541|[TRACE] graph - <------- nonSkippedChar
2021-11-19T10:23:41,541|[TRACE] graph - <----- statementPart
2021-11-19T10:23:41,541|[TRACE] graph - -----> statementPart
2021-11-19T10:23:41,541|[TRACE] graph - -------> nonSkippedChar
2021-11-19T10:23:41,541|[TRACE] script - #out(`L`) [token]
2021-11-19T10:23:41,541|[TRACE] graph - <------- nonSkippedChar
2021-11-19T10:23:41,541|[TRACE] graph - <----- statementPart
2021-11-19T10:23:41,541|[TRACE] graph - -----> statementPart
2021-11-19T10:23:41,541|[TRACE] graph - -------> nonSkippedChar
2021-11-19T10:23:41,541|[TRACE] script - #out(`E`) [token]
2021-11-19T10:23:41,541|[TRACE] graph - <------- nonSkippedChar
2021-11-19T10:23:41,541|[TRACE] graph - <----- statementPart
2021-11-19T10:23:41,541|[TRACE] graph - -----> statementPart
2021-11-19T10:23:41,541|[TRACE] graph - -------> nonSkippedChar
2021-11-19T10:23:41,541|[TRACE] script - #out(`T`) [token]
2021-11-19T10:23:41,541|[TRACE] graph - <------- nonSkippedChar
2021-11-19T10:23:41,541|[TRACE] graph - <----- statementPart
2021-11-19T10:23:41,541|[TRACE] graph - -----> statementPart
2021-11-19T10:23:41,541|[TRACE] graph - -------> nonSkippedChar
2021-11-19T10:23:41,541|[TRACE] script - #out(`E`) [token]
2021-11-19T10:23:41,541|[TRACE] graph - <------- nonSkippedChar
2021-11-19T10:23:41,541|[TRACE] graph - <----- statementPart
2021-11-19T10:23:41,541|[TRACE] graph - -----> statementPart
2021-11-19T10:23:41,541|[TRACE] graph - -------> nonSkippedSpace
2021-11-19T10:23:41,541|[TRACE] script - #out(` `) [token]
2021-11-19T10:23:41,541|[TRACE] graph - <------- nonSkippedSpace
2021-11-19T10:23:41,541|[TRACE] graph - <----- statementPart
2021-11-19T10:23:41,541|[TRACE] graph - -----> statementPart
2021-11-19T10:23:41,541|[TRACE] graph - -------> nonSkippedChar
2021-11-19T10:23:41,541|[TRACE] script - #out(`N`) [token]
2021-11-19T10:23:41,541|[TRACE] graph - <------- nonSkippedChar
2021-11-19T10:23:41,541|[TRACE] graph - <----- statementPart
2021-11-19T10:23:41,541|[TRACE] graph - -----> statementPart
2021-11-19T10:23:41,541|[TRACE] graph - -------> nonSkippedChar
2021-11-19T10:23:41,541|[TRACE] script - #out(`O`) [token]
2021-11-19T10:23:41,541|[TRACE] graph - <------- nonSkippedChar
2021-11-19T10:23:41,541|[TRACE] graph - <----- statementPart
2021-11-19T10:23:41,541|[TRACE] graph - -----> statementPart
2021-11-19T10:23:41,541|[TRACE] graph - -------> nonSkippedSpace
2021-11-19T10:23:41,541|[TRACE] script - #out(` `) [token]
2021-11-19T10:23:41,541|[TRACE] graph - <------- nonSkippedSpace
2021-11-19T10:23:41,541|[TRACE] graph - <----- statementPart
2021-11-19T10:23:41,541|[TRACE] graph - -----> statementPart
2021-11-19T10:23:41,541|[TRACE] graph - -------> nonSkippedChar
2021-11-19T10:23:41,541|[TRACE] script - #out(`A`) [token]
2021-11-19T10:23:41,541|[TRACE] graph - <------- nonSkippedChar
2021-11-19T10:23:41,541|[TRACE] graph - <----- statementPart
2021-11-19T10:23:41,541|[TRACE] graph - -----> statementPart
2021-11-19T10:23:41,541|[TRACE] graph - -------> nonSkippedChar
2021-11-19T10:23:41,541|[TRACE] script - #out(`C`) [token]
2021-11-19T10:23:41,541|[TRACE] graph - <------- nonSkippedChar
2021-11-19T10:23:41,541|[TRACE] graph - <----- statementPart
2021-11-19T10:23:41,541|[TRACE] graph - -----> statementPart
2021-11-19T10:23:41,541|[TRACE] graph - -------> nonSkippedChar
2021-11-19T10:23:41,541|[TRACE] script - #out(`T`) [token]
2021-11-19T10:23:41,541|[TRACE] graph - <------- nonSkippedChar
2021-11-19T10:23:41,541|[TRACE] graph - <----- statementPart
2021-11-19T10:23:41,541|[TRACE] graph - -----> statementPart
2021-11-19T10:23:41,541|[TRACE] graph - -------> nonSkippedChar
2021-11-19T10:23:41,541|[TRACE] script - #out(`I`) [token]
2021-11-19T10:23:41,541|[TRACE] graph - <------- nonSkippedChar
2021-11-19T10:23:41,541|[TRACE] graph - <----- statementPart
2021-11-19T10:23:41,541|[TRACE] graph - -----> statementPart
2021-11-19T10:23:41,541|[TRACE] graph - -------> nonSkippedChar
2021-11-19T10:23:41,541|[TRACE] script - #out(`O`) [token]
2021-11-19T10:23:41,541|[TRACE] graph - <------- nonSkippedChar
2021-11-19T10:23:41,541|[TRACE] graph - <----- statementPart
2021-11-19T10:23:41,541|[TRACE] graph - -----> statementPart
2021-11-19T10:23:41,541|[TRACE] graph - -------> nonSkippedChar
2021-11-19T10:23:41,541|[TRACE] script - #out(`N`) [token]
2021-11-19T10:23:41,541|[TRACE] graph - <------- nonSkippedChar
2021-11-19T10:23:41,541|[TRACE] graph - <----- statementPart
2021-11-19T10:23:41,541|[TRACE] graph - -----> afterStatementPartNewline
2021-11-19T10:23:41,541|[TRACE] script - #out(` `) [text]
2021-11-19T10:23:41,541|[TRACE] graph - <----- afterStatementPartNewline
2021-11-19T10:23:41,541|[TRACE] graph - -----> statementPart
2021-11-19T10:23:41,541|[TRACE] graph - -------> nonSkippedSpace
2021-11-19T10:23:41,541|[TRACE] script - #out(` `) [token]
2021-11-19T10:23:41,541|[TRACE] graph - <------- nonSkippedSpace
2021-11-19T10:23:41,541|[TRACE] graph - <----- statementPart
2021-11-19T10:23:41,541|[TRACE] graph - -----> statementPart
2021-11-19T10:23:41,541|[TRACE] graph - -------> nonSkippedSpace
2021-11-19T10:23:41,541|[TRACE] script - #out(` `) [token]
2021-11-19T10:23:41,541|[TRACE] graph - <------- nonSkippedSpace
2021-11-19T10:23:41,541|[TRACE] graph - <----- statementPart
2021-11-19T10:23:41,541|[TRACE] graph - -----> statementPart
2021-11-19T10:23:41,541|[TRACE] graph - -------> nonSkippedSpace
2021-11-19T10:23:41,541|[TRACE] script - #out(` `) [token]
2021-11-19T10:23:41,541|[TRACE] graph - <------- nonSkippedSpace
2021-11-19T10:23:41,541|[TRACE] graph - <----- statementPart
2021-11-19T10:23:41,541|[TRACE] graph - -----> statementPart
2021-11-19T10:23:41,541|[TRACE] graph - -------> nonSkippedSpace
2021-11-19T10:23:41,541|[TRACE] script - #out(` `) [token]
2021-11-19T10:23:41,542|[TRACE] graph - <------- nonSkippedSpace
2021-11-19T10:23:41,542|[TRACE] graph - <----- statementPart
2021-11-19T10:23:41,542|[TRACE] graph - -----> statementPart
2021-11-19T10:23:41,542|[TRACE] graph - -------> nonSkippedChar
2021-11-19T10:23:41,542|[TRACE] script - #out(`O`) [token]
2021-11-19T10:23:41,542|[TRACE] graph - <------- nonSkippedChar
2021-11-19T10:23:41,542|[TRACE] graph - <----- statementPart
2021-11-19T10:23:41,542|[TRACE] graph - -----> statementPart
2021-11-19T10:23:41,542|[TRACE] graph - -------> nonSkippedChar
2021-11-19T10:23:41,542|[TRACE] script - #out(`N`) [token]
2021-11-19T10:23:41,542|[TRACE] graph - <------- nonSkippedChar
2021-11-19T10:23:41,542|[TRACE] graph - <----- statementPart
2021-11-19T10:23:41,542|[TRACE] graph - -----> statementPart
2021-11-19T10:23:41,542|[TRACE] graph - -------> nonSkippedSpace
2021-11-19T10:23:41,542|[TRACE] script - #out(` `) [token]
2021-11-19T10:23:41,542|[TRACE] graph - <------- nonSkippedSpace
2021-11-19T10:23:41,542|[TRACE] graph - <----- statementPart
2021-11-19T10:23:41,542|[TRACE] graph - -----> statementPart
2021-11-19T10:23:41,542|[TRACE] graph - -------> nonSkippedChar
2021-11-19T10:23:41,542|[TRACE] script - #out(`U`) [token]
2021-11-19T10:23:41,542|[TRACE] graph - <------- nonSkippedChar
2021-11-19T10:23:41,542|[TRACE] graph - <----- statementPart
2021-11-19T10:23:41,542|[TRACE] graph - -----> statementPart
2021-11-19T10:23:41,542|[TRACE] graph - -------> nonSkippedChar
2021-11-19T10:23:41,542|[TRACE] script - #out(`P`) [token]
2021-11-19T10:23:41,542|[TRACE] graph - <------- nonSkippedChar
2021-11-19T10:23:41,542|[TRACE] graph - <----- statementPart
2021-11-19T10:23:41,542|[TRACE] graph - -----> statementPart
2021-11-19T10:23:41,542|[TRACE] graph - -------> nonSkippedChar
2021-11-19T10:23:41,542|[TRACE] script - #out(`D`) [token]
2021-11-19T10:23:41,542|[TRACE] graph - <------- nonSkippedChar
2021-11-19T10:23:41,542|[TRACE] graph - <----- statementPart
2021-11-19T10:23:41,542|[TRACE] graph - -----> statementPart
2021-11-19T10:23:41,542|[TRACE] graph - -------> nonSkippedChar
2021-11-19T10:23:41,542|[TRACE] script - #out(`A`) [token]
2021-11-19T10:23:41,542|[TRACE] graph - <------- nonSkippedChar
2021-11-19T10:23:41,542|[TRACE] graph - <----- statementPart
2021-11-19T10:23:41,542|[TRACE] graph - -----> statementPart
2021-11-19T10:23:41,542|[TRACE] graph - -------> nonSkippedChar
2021-11-19T10:23:41,542|[TRACE] script - #out(`T`) [token]
2021-11-19T10:23:41,542|[TRACE] graph - <------- nonSkippedChar
2021-11-19T10:23:41,542|[TRACE] graph - <----- statementPart
2021-11-19T10:23:41,542|[TRACE] graph - -----> statementPart
2021-11-19T10:23:41,542|[TRACE] graph - -------> nonSkippedChar
2021-11-19T10:23:41,542|[TRACE] script - #out(`E`) [token]
2021-11-19T10:23:41,542|[TRACE] graph - <------- nonSkippedChar
2021-11-19T10:23:41,542|[TRACE] graph - <----- statementPart
2021-11-19T10:23:41,542|[TRACE] graph - -----> statementPart
2021-11-19T10:23:41,542|[TRACE] graph - -------> nonSkippedSpace
2021-11-19T10:23:41,542|[TRACE] script - #out(` `) [token]
2021-11-19T10:23:41,542|[TRACE] graph - <------- nonSkippedSpace
2021-11-19T10:23:41,542|[TRACE] graph - <----- statementPart
2021-11-19T10:23:41,542|[TRACE] graph - -----> statementPart
2021-11-19T10:23:41,542|[TRACE] graph - -------> nonSkippedChar
2021-11-19T10:23:41,542|[TRACE] script - #out(`N`) [token]
2021-11-19T10:23:41,542|[TRACE] graph - <------- nonSkippedChar
2021-11-19T10:23:41,542|[TRACE] graph - <----- statementPart
2021-11-19T10:23:41,542|[TRACE] graph - -----> statementPart
2021-11-19T10:23:41,542|[TRACE] graph - -------> nonSkippedChar
2021-11-19T10:23:41,542|[TRACE] script - #out(`O`) [token]
2021-11-19T10:23:41,542|[TRACE] graph - <------- nonSkippedChar
2021-11-19T10:23:41,542|[TRACE] graph - <----- statementPart
2021-11-19T10:23:41,542|[TRACE] graph - -----> statementPart
2021-11-19T10:23:41,542|[TRACE] graph - -------> nonSkippedSpace
2021-11-19T10:23:41,542|[TRACE] script - #out(` `) [token]
2021-11-19T10:23:41,542|[TRACE] graph - <------- nonSkippedSpace
2021-11-19T10:23:41,542|[TRACE] graph - <----- statementPart
2021-11-19T10:23:41,542|[TRACE] graph - -----> statementPart
2021-11-19T10:23:41,542|[TRACE] graph - -------> nonSkippedChar
2021-11-19T10:23:41,542|[TRACE] script - #out(`A`) [token]
2021-11-19T10:23:41,542|[TRACE] graph - <------- nonSkippedChar
2021-11-19T10:23:41,542|[TRACE] graph - <----- statementPart
2021-11-19T10:23:41,542|[TRACE] graph - -----> statementPart
2021-11-19T10:23:41,542|[TRACE] graph - -------> nonSkippedChar
2021-11-19T10:23:41,542|[TRACE] script - #out(`C`) [token]
2021-11-19T10:23:41,542|[TRACE] graph - <------- nonSkippedChar
2021-11-19T10:23:41,542|[TRACE] graph - <----- statementPart
2021-11-19T10:23:41,542|[TRACE] graph - -----> statementPart
2021-11-19T10:23:41,542|[TRACE] graph - -------> nonSkippedChar
2021-11-19T10:23:41,542|[TRACE] script - #out(`T`) [token]
2021-11-19T10:23:41,542|[TRACE] graph - <------- nonSkippedChar
2021-11-19T10:23:41,542|[TRACE] graph - <----- statementPart
2021-11-19T10:23:41,542|[TRACE] graph - -----> statementPart
2021-11-19T10:23:41,542|[TRACE] graph - -------> nonSkippedChar
2021-11-19T10:23:41,542|[TRACE] script - #out(`I`) [token]
2021-11-19T10:23:41,542|[TRACE] graph - <------- nonSkippedChar
2021-11-19T10:23:41,542|[TRACE] graph - <----- statementPart
2021-11-19T10:23:41,542|[TRACE] graph - -----> statementPart
2021-11-19T10:23:41,542|[TRACE] graph - -------> nonSkippedChar
2021-11-19T10:23:41,542|[TRACE] script - #out(`O`) [token]
2021-11-19T10:23:41,542|[TRACE] graph - <------- nonSkippedChar
2021-11-19T10:23:41,542|[TRACE] graph - <----- statementPart
2021-11-19T10:23:41,542|[TRACE] graph - -----> statementPart
2021-11-19T10:23:41,542|[TRACE] graph - -------> nonSkippedChar
2021-11-19T10:23:41,542|[TRACE] script - #out(`N`) [token]
2021-11-19T10:23:41,542|[TRACE] graph - <------- nonSkippedChar
2021-11-19T10:23:41,542|[TRACE] graph - <----- statementPart
2021-11-19T10:23:41,542|[TRACE] graph - -----> statementPart
2021-11-19T10:23:41,542|[TRACE] graph - -------> nonSkippedChar
2021-11-19T10:23:41,542|[TRACE] script - #out(`)`) [token]
2021-11-19T10:23:41,542|[TRACE] graph - <------- nonSkippedChar
2021-11-19T10:23:41,542|[TRACE] graph - <----- statementPart
2021-11-19T10:23:41,542|[TRACE] graph - -----> afterStatementPartNewline
2021-11-19T10:23:41,542|[TRACE] script - #out(` `) [text]
2021-11-19T10:23:41,542|[TRACE] graph - <----- afterStatementPartNewline
2021-11-19T10:23:41,542|[TRACE] graph - -----> statementPart
2021-11-19T10:23:41,542|[TRACE] graph - -------> nonSkippedChar
2021-11-19T10:23:41,542|[TRACE] script - #out(`E`) [token]
2021-11-19T10:23:41,542|[TRACE] graph - <------- nonSkippedChar
2021-11-19T10:23:41,542|[TRACE] graph - <----- statementPart
2021-11-19T10:23:41,542|[TRACE] graph - -----> statementPart
2021-11-19T10:23:41,542|[TRACE] graph - -------> nonSkippedChar
2021-11-19T10:23:41,542|[TRACE] script - #out(`N`) [token]
2021-11-19T10:23:41,542|[TRACE] graph - <------- nonSkippedChar
2021-11-19T10:23:41,542|[TRACE] graph - <----- statementPart
2021-11-19T10:23:41,542|[TRACE] graph - -----> statementPart
2021-11-19T10:23:41,542|[TRACE] graph - -------> nonSkippedChar
2021-11-19T10:23:41,542|[TRACE] script - #out(`G`) [token]
2021-11-19T10:23:41,542|[TRACE] graph - <------- nonSkippedChar
2021-11-19T10:23:41,542|[TRACE] graph - <----- statementPart
2021-11-19T10:23:41,542|[TRACE] graph - -----> statementPart
2021-11-19T10:23:41,542|[TRACE] graph - -------> nonSkippedChar
2021-11-19T10:23:41,542|[TRACE] script - #out(`I`) [token]
2021-11-19T10:23:41,542|[TRACE] graph - <------- nonSkippedChar
2021-11-19T10:23:41,542|[TRACE] graph - <----- statementPart
2021-11-19T10:23:41,542|[TRACE] graph - -----> statementPart
2021-11-19T10:23:41,542|[TRACE] graph - -------> nonSkippedChar
2021-11-19T10:23:41,542|[TRACE] script - #out(`N`) [token]
2021-11-19T10:23:41,542|[TRACE] graph - <------- nonSkippedChar
2021-11-19T10:23:41,542|[TRACE] graph - <----- statementPart
2021-11-19T10:23:41,542|[TRACE] graph - -----> statementPart
2021-11-19T10:23:41,542|[TRACE] graph - -------> nonSkippedChar
2021-11-19T10:23:41,542|[TRACE] script - #out(`E`) [token]
2021-11-19T10:23:41,542|[TRACE] graph - <------- nonSkippedChar
2021-11-19T10:23:41,542|[TRACE] graph - <----- statementPart
2021-11-19T10:23:41,542|[TRACE] graph - -----> statementPart
2021-11-19T10:23:41,542|[TRACE] graph - -------> nonSkippedSpace
2021-11-19T10:23:41,542|[TRACE] script - #out(` `) [token]
2021-11-19T10:23:41,542|[TRACE] graph - <------- nonSkippedSpace
2021-11-19T10:23:41,542|[TRACE] graph - <----- statementPart
2021-11-19T10:23:41,542|[TRACE] graph - -----> statementPart
2021-11-19T10:23:41,542|[TRACE] graph - -------> nonSkippedChar
2021-11-19T10:23:41,542|[TRACE] script - #out(`=`) [token]
2021-11-19T10:23:41,542|[TRACE] graph - <------- nonSkippedChar
2021-11-19T10:23:41,542|[TRACE] graph - <----- statementPart
2021-11-19T10:23:41,542|[TRACE] graph - -----> statementPart
2021-11-19T10:23:41,542|[TRACE] graph - -------> nonSkippedSpace
2021-11-19T10:23:41,542|[TRACE] script - #out(` `) [token]
2021-11-19T10:23:41,542|[TRACE] graph - <------- nonSkippedSpace
2021-11-19T10:23:41,542|[TRACE] graph - <----- statementPart
2021-11-19T10:23:41,542|[TRACE] graph - -----> statementPart
2021-11-19T10:23:41,542|[TRACE] graph - -------> nonSkippedChar
2021-11-19T10:23:41,542|[TRACE] script - #out(`I`) [token]
2021-11-19T10:23:41,542|[TRACE] graph - <------- nonSkippedChar
2021-11-19T10:23:41,542|[TRACE] graph - <----- statementPart
2021-11-19T10:23:41,542|[TRACE] graph - -----> statementPart
2021-11-19T10:23:41,542|[TRACE] graph - -------> nonSkippedChar
2021-11-19T10:23:41,542|[TRACE] script - #out(`n`) [token]
2021-11-19T10:23:41,542|[TRACE] graph - <------- nonSkippedChar
2021-11-19T10:23:41,542|[TRACE] graph - <----- statementPart
2021-11-19T10:23:41,542|[TRACE] graph - -----> statementPart
2021-11-19T10:23:41,542|[TRACE] graph - -------> nonSkippedChar
2021-11-19T10:23:41,542|[TRACE] script - #out(`n`) [token]
2021-11-19T10:23:41,542|[TRACE] graph - <------- nonSkippedChar
2021-11-19T10:23:41,542|[TRACE] graph - <----- statementPart
2021-11-19T10:23:41,542|[TRACE] graph - -----> statementPart
2021-11-19T10:23:41,542|[TRACE] graph - -------> nonSkippedChar
2021-11-19T10:23:41,542|[TRACE] script - #out(`o`) [token]
2021-11-19T10:23:41,542|[TRACE] graph - <------- nonSkippedChar
2021-11-19T10:23:41,542|[TRACE] graph - <----- statementPart
2021-11-19T10:23:41,542|[TRACE] graph - -----> statementPart
2021-11-19T10:23:41,542|[TRACE] graph - -------> nonSkippedChar
2021-11-19T10:23:41,542|[TRACE] script - #out(`D`) [token]
2021-11-19T10:23:41,542|[TRACE] graph - <------- nonSkippedChar
2021-11-19T10:23:41,542|[TRACE] graph - <----- statementPart
2021-11-19T10:23:41,542|[TRACE] graph - -----> statementPart
2021-11-19T10:23:41,542|[TRACE] graph - -------> nonSkippedChar
2021-11-19T10:23:41,542|[TRACE] script - #out(`B`) [token]
2021-11-19T10:23:41,543|[TRACE] graph - <------- nonSkippedChar
2021-11-19T10:23:41,543|[TRACE] graph - <----- statementPart
2021-11-19T10:23:41,543|[DEBUG] graph - Import statement : CREATE TABLE IF NOT EXISTS `bloodbank`.`blood_donation` (   `donation_id` INT NOT NULL AUTO_INCREMENT,   `bank_id` INT NOT NULL,   `milliliters` INT NOT NULL,   `blood_group` CHAR(2) NOT NULL,   `rhd` BIT(1) NOT NULL,   `created` BIGINT NOT NULL DEFAULT (unix_timestamp(now()) * 1000),   `updated` BIGINT NOT NULL DEFAULT (unix_timestamp(now()) * 1000),   `version` INT NOT NULL DEFAULT 1,   PRIMARY KEY (`donation_id`),   INDEX `fk_blood_donation_blood_bank1_idx` (`bank_id` ASC) VISIBLE,   CONSTRAINT `fk_blood_donation_blood_bank1`     FOREIGN KEY (`bank_id`)     REFERENCES `bloodbank`.`blood_bank` (`bank_id`)     ON DELETE NO ACTION     ON UPDATE NO ACTION) ENGINE = InnoDB
2021-11-19T10:23:41,543|[TRACE] graph - <--- statement
2021-11-19T10:23:41,543|[TRACE] graph - ---> blankSpacesToSkip
2021-11-19T10:23:41,543|[TRACE] graph - -----> newLineToSkip
2021-11-19T10:23:41,543|[TRACE] graph - <----- newLineToSkip
2021-11-19T10:23:41,543|[TRACE] graph - -----> newLineToSkip
2021-11-19T10:23:41,543|[TRACE] graph - <----- newLineToSkip
2021-11-19T10:23:41,543|[TRACE] graph - -----> newLineToSkip
2021-11-19T10:23:41,543|[TRACE] graph - <----- newLineToSkip
2021-11-19T10:23:41,543|[TRACE] graph - -----> newLineToSkip
2021-11-19T10:23:41,543|[TRACE] graph - <----- newLineToSkip
2021-11-19T10:23:41,543|[TRACE] graph - -----> newLineToSkip
2021-11-19T10:23:41,543|[TRACE] graph - <----- newLineToSkip
2021-11-19T10:23:41,543|[TRACE] graph - -----> newLineToSkip
2021-11-19T10:23:41,543|[TRACE] graph - <----- newLineToSkip
2021-11-19T10:23:41,543|[TRACE] graph - <--- blankSpacesToSkip
2021-11-19T10:23:41,543|[TRACE] graph - ---> statement
2021-11-19T10:23:41,543|[TRACE] graph - -----> statementFirstPart
2021-11-19T10:23:41,543|[TRACE] graph - -------> nonSkippedChar
2021-11-19T10:23:41,543|[TRACE] script - #out(`C`) [token]
2021-11-19T10:23:41,543|[TRACE] graph - <------- nonSkippedChar
2021-11-19T10:23:41,543|[TRACE] graph - <----- statementFirstPart
2021-11-19T10:23:41,666|[TRACE] graph - -----> statementPart
2021-11-19T10:23:41,666|[TRACE] graph - -------> nonSkippedChar
2021-11-19T10:23:41,666|[TRACE] script - #out(`R`) [token]
2021-11-19T10:23:41,666|[TRACE] graph - <------- nonSkippedChar
2021-11-19T10:23:41,666|[TRACE] graph - <----- statementPart
2021-11-19T10:23:41,666|[TRACE] graph - -----> statementPart
2021-11-19T10:23:41,666|[TRACE] graph - -------> nonSkippedChar
2021-11-19T10:23:41,666|[TRACE] script - #out(`E`) [token]
2021-11-19T10:23:41,666|[TRACE] graph - <------- nonSkippedChar
2021-11-19T10:23:41,666|[TRACE] graph - <----- statementPart
2021-11-19T10:23:41,666|[TRACE] graph - -----> statementPart
2021-11-19T10:23:41,666|[TRACE] graph - -------> nonSkippedChar
2021-11-19T10:23:41,666|[TRACE] script - #out(`A`) [token]
2021-11-19T10:23:41,666|[TRACE] graph - <------- nonSkippedChar
2021-11-19T10:23:41,666|[TRACE] graph - <----- statementPart
2021-11-19T10:23:41,666|[TRACE] graph - -----> statementPart
2021-11-19T10:23:41,666|[TRACE] graph - -------> nonSkippedChar
2021-11-19T10:23:41,666|[TRACE] script - #out(`T`) [token]
2021-11-19T10:23:41,666|[TRACE] graph - <------- nonSkippedChar
2021-11-19T10:23:41,666|[TRACE] graph - <----- statementPart
2021-11-19T10:23:41,666|[TRACE] graph - -----> statementPart
2021-11-19T10:23:41,666|[TRACE] graph - -------> nonSkippedChar
2021-11-19T10:23:41,666|[TRACE] script - #out(`E`) [token]
2021-11-19T10:23:41,666|[TRACE] graph - <------- nonSkippedChar
2021-11-19T10:23:41,666|[TRACE] graph - <----- statementPart
2021-11-19T10:23:41,666|[TRACE] graph - -----> statementPart
2021-11-19T10:23:41,666|[TRACE] graph - -------> nonSkippedSpace
2021-11-19T10:23:41,666|[TRACE] script - #out(` `) [token]
2021-11-19T10:23:41,666|[TRACE] graph - <------- nonSkippedSpace
2021-11-19T10:23:41,666|[TRACE] graph - <----- statementPart
2021-11-19T10:23:41,666|[TRACE] graph - -----> statementPart
2021-11-19T10:23:41,666|[TRACE] graph - -------> nonSkippedChar
2021-11-19T10:23:41,666|[TRACE] script - #out(`T`) [token]
2021-11-19T10:23:41,666|[TRACE] graph - <------- nonSkippedChar
2021-11-19T10:23:41,666|[TRACE] graph - <----- statementPart
2021-11-19T10:23:41,666|[TRACE] graph - -----> statementPart
2021-11-19T10:23:41,666|[TRACE] graph - -------> nonSkippedChar
2021-11-19T10:23:41,666|[TRACE] script - #out(`A`) [token]
2021-11-19T10:23:41,666|[TRACE] graph - <------- nonSkippedChar
2021-11-19T10:23:41,666|[TRACE] graph - <----- statementPart
2021-11-19T10:23:41,666|[TRACE] graph - -----> statementPart
2021-11-19T10:23:41,666|[TRACE] graph - -------> nonSkippedChar
2021-11-19T10:23:41,666|[TRACE] script - #out(`B`) [token]
2021-11-19T10:23:41,666|[TRACE] graph - <------- nonSkippedChar
2021-11-19T10:23:41,666|[TRACE] graph - <----- statementPart
2021-11-19T10:23:41,666|[TRACE] graph - -----> statementPart
2021-11-19T10:23:41,666|[TRACE] graph - -------> nonSkippedChar
2021-11-19T10:23:41,666|[TRACE] script - #out(`L`) [token]
2021-11-19T10:23:41,666|[TRACE] graph - <------- nonSkippedChar
2021-11-19T10:23:41,666|[TRACE] graph - <----- statementPart
2021-11-19T10:23:41,666|[TRACE] graph - -----> statementPart
2021-11-19T10:23:41,666|[TRACE] graph - -------> nonSkippedChar
2021-11-19T10:23:41,666|[TRACE] script - #out(`E`) [token]
2021-11-19T10:23:41,666|[TRACE] graph - <------- nonSkippedChar
2021-11-19T10:23:41,666|[TRACE] graph - <----- statementPart
2021-11-19T10:23:41,666|[TRACE] graph - -----> statementPart
2021-11-19T10:23:41,666|[TRACE] graph - -------> nonSkippedSpace
2021-11-19T10:23:41,666|[TRACE] script - #out(` `) [token]
2021-11-19T10:23:41,666|[TRACE] graph - <------- nonSkippedSpace
2021-11-19T10:23:41,666|[TRACE] graph - <----- statementPart
2021-11-19T10:23:41,666|[TRACE] graph - -----> statementPart
2021-11-19T10:23:41,666|[TRACE] graph - -------> nonSkippedChar
2021-11-19T10:23:41,666|[TRACE] script - #out(`I`) [token]
2021-11-19T10:23:41,666|[TRACE] graph - <------- nonSkippedChar
2021-11-19T10:23:41,666|[TRACE] graph - <----- statementPart
2021-11-19T10:23:41,666|[TRACE] graph - -----> statementPart
2021-11-19T10:23:41,666|[TRACE] graph - -------> nonSkippedChar
2021-11-19T10:23:41,666|[TRACE] script - #out(`F`) [token]
2021-11-19T10:23:41,666|[TRACE] graph - <------- nonSkippedChar
2021-11-19T10:23:41,666|[TRACE] graph - <----- statementPart
2021-11-19T10:23:41,666|[TRACE] graph - -----> statementPart
2021-11-19T10:23:41,666|[TRACE] graph - -------> nonSkippedSpace
2021-11-19T10:23:41,666|[TRACE] script - #out(` `) [token]
2021-11-19T10:23:41,666|[TRACE] graph - <------- nonSkippedSpace
2021-11-19T10:23:41,666|[TRACE] graph - <----- statementPart
2021-11-19T10:23:41,666|[TRACE] graph - -----> statementPart
2021-11-19T10:23:41,666|[TRACE] graph - -------> nonSkippedChar
2021-11-19T10:23:41,666|[TRACE] script - #out(`N`) [token]
2021-11-19T10:23:41,666|[TRACE] graph - <------- nonSkippedChar
2021-11-19T10:23:41,666|[TRACE] graph - <----- statementPart
2021-11-19T10:23:41,666|[TRACE] graph - -----> statementPart
2021-11-19T10:23:41,666|[TRACE] graph - -------> nonSkippedChar
2021-11-19T10:23:41,666|[TRACE] script - #out(`O`) [token]
2021-11-19T10:23:41,666|[TRACE] graph - <------- nonSkippedChar
2021-11-19T10:23:41,666|[TRACE] graph - <----- statementPart
2021-11-19T10:23:41,666|[TRACE] graph - -----> statementPart
2021-11-19T10:23:41,666|[TRACE] graph - -------> nonSkippedChar
2021-11-19T10:23:41,666|[TRACE] script - #out(`T`) [token]
2021-11-19T10:23:41,666|[TRACE] graph - <------- nonSkippedChar
2021-11-19T10:23:41,666|[TRACE] graph - <----- statementPart
2021-11-19T10:23:41,666|[TRACE] graph - -----> statementPart
2021-11-19T10:23:41,666|[TRACE] graph - -------> nonSkippedSpace
2021-11-19T10:23:41,666|[TRACE] script - #out(` `) [token]
2021-11-19T10:23:41,666|[TRACE] graph - <------- nonSkippedSpace
2021-11-19T10:23:41,666|[TRACE] graph - <----- statementPart
2021-11-19T10:23:41,666|[TRACE] graph - -----> statementPart
2021-11-19T10:23:41,666|[TRACE] graph - -------> nonSkippedChar
2021-11-19T10:23:41,666|[TRACE] script - #out(`E`) [token]
2021-11-19T10:23:41,666|[TRACE] graph - <------- nonSkippedChar
2021-11-19T10:23:41,666|[TRACE] graph - <----- statementPart
2021-11-19T10:23:41,666|[TRACE] graph - -----> statementPart
2021-11-19T10:23:41,666|[TRACE] graph - -------> nonSkippedChar
2021-11-19T10:23:41,666|[TRACE] script - #out(`X`) [token]
2021-11-19T10:23:41,666|[TRACE] graph - <------- nonSkippedChar
2021-11-19T10:23:41,666|[TRACE] graph - <----- statementPart
2021-11-19T10:23:41,666|[TRACE] graph - -----> statementPart
2021-11-19T10:23:41,666|[TRACE] graph - -------> nonSkippedChar
2021-11-19T10:23:41,666|[TRACE] script - #out(`I`) [token]
2021-11-19T10:23:41,666|[TRACE] graph - <------- nonSkippedChar
2021-11-19T10:23:41,666|[TRACE] graph - <----- statementPart
2021-11-19T10:23:41,666|[TRACE] graph - -----> statementPart
2021-11-19T10:23:41,666|[TRACE] graph - -------> nonSkippedChar
2021-11-19T10:23:41,666|[TRACE] script - #out(`S`) [token]
2021-11-19T10:23:41,666|[TRACE] graph - <------- nonSkippedChar
2021-11-19T10:23:41,666|[TRACE] graph - <----- statementPart
2021-11-19T10:23:41,666|[TRACE] graph - -----> statementPart
2021-11-19T10:23:41,666|[TRACE] graph - -------> nonSkippedChar
2021-11-19T10:23:41,666|[TRACE] script - #out(`T`) [token]
2021-11-19T10:23:41,666|[TRACE] graph - <------- nonSkippedChar
2021-11-19T10:23:41,666|[TRACE] graph - <----- statementPart
2021-11-19T10:23:41,666|[TRACE] graph - -----> statementPart
2021-11-19T10:23:41,666|[TRACE] graph - -------> nonSkippedChar
2021-11-19T10:23:41,666|[TRACE] script - #out(`S`) [token]
2021-11-19T10:23:41,666|[TRACE] graph - <------- nonSkippedChar
2021-11-19T10:23:41,666|[TRACE] graph - <----- statementPart
2021-11-19T10:23:41,666|[TRACE] graph - -----> statementPart
2021-11-19T10:23:41,666|[TRACE] graph - -------> nonSkippedSpace
2021-11-19T10:23:41,666|[TRACE] script - #out(` `) [token]
2021-11-19T10:23:41,666|[TRACE] graph - <------- nonSkippedSpace
2021-11-19T10:23:41,666|[TRACE] graph - <----- statementPart
2021-11-19T10:23:41,666|[TRACE] graph - -----> statementPart
2021-11-19T10:23:41,666|[TRACE] graph - -------> quotedString
2021-11-19T10:23:41,666|[TRACE] script - #out(``bloodbank``) [token]
2021-11-19T10:23:41,666|[TRACE] graph - <------- quotedString
2021-11-19T10:23:41,666|[TRACE] graph - <----- statementPart
2021-11-19T10:23:41,666|[TRACE] graph - -----> statementPart
2021-11-19T10:23:41,666|[TRACE] graph - -------> nonSkippedChar
2021-11-19T10:23:41,666|[TRACE] script - #out(`.`) [token]
2021-11-19T10:23:41,666|[TRACE] graph - <------- nonSkippedChar
2021-11-19T10:23:41,666|[TRACE] graph - <----- statementPart
2021-11-19T10:23:41,666|[TRACE] graph - -----> statementPart
2021-11-19T10:23:41,666|[TRACE] graph - -------> quotedString
2021-11-19T10:23:41,666|[TRACE] script - #out(``donation_record``) [token]
2021-11-19T10:23:41,666|[TRACE] graph - <------- quotedString
2021-11-19T10:23:41,666|[TRACE] graph - <----- statementPart
2021-11-19T10:23:41,666|[TRACE] graph - -----> statementPart
2021-11-19T10:23:41,666|[TRACE] graph - -------> nonSkippedSpace
2021-11-19T10:23:41,666|[TRACE] script - #out(` `) [token]
2021-11-19T10:23:41,666|[TRACE] graph - <------- nonSkippedSpace
2021-11-19T10:23:41,666|[TRACE] graph - <----- statementPart
2021-11-19T10:23:41,666|[TRACE] graph - -----> statementPart
2021-11-19T10:23:41,666|[TRACE] graph - -------> nonSkippedChar
2021-11-19T10:23:41,666|[TRACE] script - #out(`(`) [token]
2021-11-19T10:23:41,666|[TRACE] graph - <------- nonSkippedChar
2021-11-19T10:23:41,666|[TRACE] graph - <----- statementPart
2021-11-19T10:23:41,666|[TRACE] graph - -----> afterStatementPartNewline
2021-11-19T10:23:41,666|[TRACE] script - #out(` `) [text]
2021-11-19T10:23:41,666|[TRACE] graph - <----- afterStatementPartNewline
2021-11-19T10:23:41,666|[TRACE] graph - -----> statementPart
2021-11-19T10:23:41,666|[TRACE] graph - -------> nonSkippedSpace
2021-11-19T10:23:41,666|[TRACE] script - #out(` `) [token]
2021-11-19T10:23:41,666|[TRACE] graph - <------- nonSkippedSpace
2021-11-19T10:23:41,666|[TRACE] graph - <----- statementPart
2021-11-19T10:23:41,666|[TRACE] graph - -----> statementPart
2021-11-19T10:23:41,666|[TRACE] graph - -------> nonSkippedSpace
2021-11-19T10:23:41,666|[TRACE] script - #out(` `) [token]
2021-11-19T10:23:41,666|[TRACE] graph - <------- nonSkippedSpace
2021-11-19T10:23:41,666|[TRACE] graph - <----- statementPart
2021-11-19T10:23:41,666|[TRACE] graph - -----> statementPart
2021-11-19T10:23:41,666|[TRACE] graph - -------> quotedString
2021-11-19T10:23:41,666|[TRACE] script - #out(``record_id``) [token]
2021-11-19T10:23:41,666|[TRACE] graph - <------- quotedString
2021-11-19T10:23:41,666|[TRACE] graph - <----- statementPart
2021-11-19T10:23:41,666|[TRACE] graph - -----> statementPart
2021-11-19T10:23:41,666|[TRACE] graph - -------> nonSkippedSpace
2021-11-19T10:23:41,666|[TRACE] script - #out(` `) [token]
2021-11-19T10:23:41,666|[TRACE] graph - <------- nonSkippedSpace
2021-11-19T10:23:41,666|[TRACE] graph - <----- statementPart
2021-11-19T10:23:41,666|[TRACE] graph - -----> statementPart
2021-11-19T10:23:41,666|[TRACE] graph - -------> nonSkippedChar
2021-11-19T10:23:41,666|[TRACE] script - #out(`I`) [token]
2021-11-19T10:23:41,666|[TRACE] graph - <------- nonSkippedChar
2021-11-19T10:23:41,666|[TRACE] graph - <----- statementPart
2021-11-19T10:23:41,666|[TRACE] graph - -----> statementPart
2021-11-19T10:23:41,666|[TRACE] graph - -------> nonSkippedChar
2021-11-19T10:23:41,666|[TRACE] script - #out(`N`) [token]
2021-11-19T10:23:41,666|[TRACE] graph - <------- nonSkippedChar
2021-11-19T10:23:41,666|[TRACE] graph - <----- statementPart
2021-11-19T10:23:41,667|[TRACE] graph - -----> statementPart
2021-11-19T10:23:41,667|[TRACE] graph - -------> nonSkippedChar
2021-11-19T10:23:41,667|[TRACE] script - #out(`T`) [token]
2021-11-19T10:23:41,667|[TRACE] graph - <------- nonSkippedChar
2021-11-19T10:23:41,667|[TRACE] graph - <----- statementPart
2021-11-19T10:23:41,667|[TRACE] graph - -----> statementPart
2021-11-19T10:23:41,667|[TRACE] graph - -------> nonSkippedSpace
2021-11-19T10:23:41,667|[TRACE] script - #out(` `) [token]
2021-11-19T10:23:41,667|[TRACE] graph - <------- nonSkippedSpace
2021-11-19T10:23:41,667|[TRACE] graph - <----- statementPart
2021-11-19T10:23:41,667|[TRACE] graph - -----> statementPart
2021-11-19T10:23:41,667|[TRACE] graph - -------> nonSkippedChar
2021-11-19T10:23:41,667|[TRACE] script - #out(`N`) [token]
2021-11-19T10:23:41,667|[TRACE] graph - <------- nonSkippedChar
2021-11-19T10:23:41,667|[TRACE] graph - <----- statementPart
2021-11-19T10:23:41,667|[TRACE] graph - -----> statementPart
2021-11-19T10:23:41,667|[TRACE] graph - -------> nonSkippedChar
2021-11-19T10:23:41,667|[TRACE] script - #out(`O`) [token]
2021-11-19T10:23:41,667|[TRACE] graph - <------- nonSkippedChar
2021-11-19T10:23:41,667|[TRACE] graph - <----- statementPart
2021-11-19T10:23:41,667|[TRACE] graph - -----> statementPart
2021-11-19T10:23:41,667|[TRACE] graph - -------> nonSkippedChar
2021-11-19T10:23:41,667|[TRACE] script - #out(`T`) [token]
2021-11-19T10:23:41,667|[TRACE] graph - <------- nonSkippedChar
2021-11-19T10:23:41,667|[TRACE] graph - <----- statementPart
2021-11-19T10:23:41,667|[TRACE] graph - -----> statementPart
2021-11-19T10:23:41,667|[TRACE] graph - -------> nonSkippedSpace
2021-11-19T10:23:41,667|[TRACE] script - #out(` `) [token]
2021-11-19T10:23:41,667|[TRACE] graph - <------- nonSkippedSpace
2021-11-19T10:23:41,667|[TRACE] graph - <----- statementPart
2021-11-19T10:23:41,667|[TRACE] graph - -----> statementPart
2021-11-19T10:23:41,667|[TRACE] graph - -------> nonSkippedChar
2021-11-19T10:23:41,667|[TRACE] script - #out(`N`) [token]
2021-11-19T10:23:41,667|[TRACE] graph - <------- nonSkippedChar
2021-11-19T10:23:41,667|[TRACE] graph - <----- statementPart
2021-11-19T10:23:41,667|[TRACE] graph - -----> statementPart
2021-11-19T10:23:41,667|[TRACE] graph - -------> nonSkippedChar
2021-11-19T10:23:41,667|[TRACE] script - #out(`U`) [token]
2021-11-19T10:23:41,667|[TRACE] graph - <------- nonSkippedChar
2021-11-19T10:23:41,667|[TRACE] graph - <----- statementPart
2021-11-19T10:23:41,667|[TRACE] graph - -----> statementPart
2021-11-19T10:23:41,667|[TRACE] graph - -------> nonSkippedChar
2021-11-19T10:23:41,667|[TRACE] script - #out(`L`) [token]
2021-11-19T10:23:41,667|[TRACE] graph - <------- nonSkippedChar
2021-11-19T10:23:41,667|[TRACE] graph - <----- statementPart
2021-11-19T10:23:41,667|[TRACE] graph - -----> statementPart
2021-11-19T10:23:41,667|[TRACE] graph - -------> nonSkippedChar
2021-11-19T10:23:41,667|[TRACE] script - #out(`L`) [token]
2021-11-19T10:23:41,667|[TRACE] graph - <------- nonSkippedChar
2021-11-19T10:23:41,667|[TRACE] graph - <----- statementPart
2021-11-19T10:23:41,667|[TRACE] graph - -----> statementPart
2021-11-19T10:23:41,667|[TRACE] graph - -------> nonSkippedSpace
2021-11-19T10:23:41,667|[TRACE] script - #out(` `) [token]
2021-11-19T10:23:41,667|[TRACE] graph - <------- nonSkippedSpace
2021-11-19T10:23:41,667|[TRACE] graph - <----- statementPart
2021-11-19T10:23:41,667|[TRACE] graph - -----> statementPart
2021-11-19T10:23:41,667|[TRACE] graph - -------> nonSkippedChar
2021-11-19T10:23:41,667|[TRACE] script - #out(`A`) [token]
2021-11-19T10:23:41,667|[TRACE] graph - <------- nonSkippedChar
2021-11-19T10:23:41,667|[TRACE] graph - <----- statementPart
2021-11-19T10:23:41,667|[TRACE] graph - -----> statementPart
2021-11-19T10:23:41,667|[TRACE] graph - -------> nonSkippedChar
2021-11-19T10:23:41,667|[TRACE] script - #out(`U`) [token]
2021-11-19T10:23:41,667|[TRACE] graph - <------- nonSkippedChar
2021-11-19T10:23:41,667|[TRACE] graph - <----- statementPart
2021-11-19T10:23:41,667|[TRACE] graph - -----> statementPart
2021-11-19T10:23:41,667|[TRACE] graph - -------> nonSkippedChar
2021-11-19T10:23:41,667|[TRACE] script - #out(`T`) [token]
2021-11-19T10:23:41,667|[TRACE] graph - <------- nonSkippedChar
2021-11-19T10:23:41,667|[TRACE] graph - <----- statementPart
2021-11-19T10:23:41,667|[TRACE] graph - -----> statementPart
2021-11-19T10:23:41,667|[TRACE] graph - -------> nonSkippedChar
2021-11-19T10:23:41,667|[TRACE] script - #out(`O`) [token]
2021-11-19T10:23:41,667|[TRACE] graph - <------- nonSkippedChar
2021-11-19T10:23:41,667|[TRACE] graph - <----- statementPart
2021-11-19T10:23:41,667|[TRACE] graph - -----> statementPart
2021-11-19T10:23:41,667|[TRACE] graph - -------> nonSkippedChar
2021-11-19T10:23:41,667|[TRACE] script - #out(`_`) [token]
2021-11-19T10:23:41,667|[TRACE] graph - <------- nonSkippedChar
2021-11-19T10:23:41,667|[TRACE] graph - <----- statementPart
2021-11-19T10:23:41,667|[TRACE] graph - -----> statementPart
2021-11-19T10:23:41,667|[TRACE] graph - -------> nonSkippedChar
2021-11-19T10:23:41,667|[TRACE] script - #out(`I`) [token]
2021-11-19T10:23:41,667|[TRACE] graph - <------- nonSkippedChar
2021-11-19T10:23:41,667|[TRACE] graph - <----- statementPart
2021-11-19T10:23:41,667|[TRACE] graph - -----> statementPart
2021-11-19T10:23:41,667|[TRACE] graph - -------> nonSkippedChar
2021-11-19T10:23:41,667|[TRACE] script - #out(`N`) [token]
2021-11-19T10:23:41,667|[TRACE] graph - <------- nonSkippedChar
2021-11-19T10:23:41,667|[TRACE] graph - <----- statementPart
2021-11-19T10:23:41,667|[TRACE] graph - -----> statementPart
2021-11-19T10:23:41,667|[TRACE] graph - -------> nonSkippedChar
2021-11-19T10:23:41,667|[TRACE] script - #out(`C`) [token]
2021-11-19T10:23:41,667|[TRACE] graph - <------- nonSkippedChar
2021-11-19T10:23:41,667|[TRACE] graph - <----- statementPart
2021-11-19T10:23:41,667|[TRACE] graph - -----> statementPart
2021-11-19T10:23:41,667|[TRACE] graph - -------> nonSkippedChar
2021-11-19T10:23:41,667|[TRACE] script - #out(`R`) [token]
2021-11-19T10:23:41,667|[TRACE] graph - <------- nonSkippedChar
2021-11-19T10:23:41,667|[TRACE] graph - <----- statementPart
2021-11-19T10:23:41,667|[TRACE] graph - -----> statementPart
2021-11-19T10:23:41,667|[TRACE] graph - -------> nonSkippedChar
2021-11-19T10:23:41,667|[TRACE] script - #out(`E`) [token]
2021-11-19T10:23:41,667|[TRACE] graph - <------- nonSkippedChar
2021-11-19T10:23:41,667|[TRACE] graph - <----- statementPart
2021-11-19T10:23:41,667|[TRACE] graph - -----> statementPart
2021-11-19T10:23:41,667|[TRACE] graph - -------> nonSkippedChar
2021-11-19T10:23:41,667|[TRACE] script - #out(`M`) [token]
2021-11-19T10:23:41,667|[TRACE] graph - <------- nonSkippedChar
2021-11-19T10:23:41,667|[TRACE] graph - <----- statementPart
2021-11-19T10:23:41,667|[TRACE] graph - -----> statementPart
2021-11-19T10:23:41,667|[TRACE] graph - -------> nonSkippedChar
2021-11-19T10:23:41,667|[TRACE] script - #out(`E`) [token]
2021-11-19T10:23:41,667|[TRACE] graph - <------- nonSkippedChar
2021-11-19T10:23:41,667|[TRACE] graph - <----- statementPart
2021-11-19T10:23:41,667|[TRACE] graph - -----> statementPart
2021-11-19T10:23:41,667|[TRACE] graph - -------> nonSkippedChar
2021-11-19T10:23:41,667|[TRACE] script - #out(`N`) [token]
2021-11-19T10:23:41,667|[TRACE] graph - <------- nonSkippedChar
2021-11-19T10:23:41,667|[TRACE] graph - <----- statementPart
2021-11-19T10:23:41,667|[TRACE] graph - -----> statementPart
2021-11-19T10:23:41,667|[TRACE] graph - -------> nonSkippedChar
2021-11-19T10:23:41,667|[TRACE] script - #out(`T`) [token]
2021-11-19T10:23:41,667|[TRACE] graph - <------- nonSkippedChar
2021-11-19T10:23:41,667|[TRACE] graph - <----- statementPart
2021-11-19T10:23:41,667|[TRACE] graph - -----> statementPart
2021-11-19T10:23:41,667|[TRACE] graph - -------> nonSkippedChar
2021-11-19T10:23:41,667|[TRACE] script - #out(`,`) [token]
2021-11-19T10:23:41,667|[TRACE] graph - <------- nonSkippedChar
2021-11-19T10:23:41,667|[TRACE] graph - <----- statementPart
2021-11-19T10:23:41,667|[TRACE] graph - -----> afterStatementPartNewline
2021-11-19T10:23:41,667|[TRACE] script - #out(` `) [text]
2021-11-19T10:23:41,667|[TRACE] graph - <----- afterStatementPartNewline
2021-11-19T10:23:41,667|[TRACE] graph - -----> statementPart
2021-11-19T10:23:41,667|[TRACE] graph - -------> nonSkippedSpace
2021-11-19T10:23:41,667|[TRACE] script - #out(` `) [token]
2021-11-19T10:23:41,667|[TRACE] graph - <------- nonSkippedSpace
2021-11-19T10:23:41,667|[TRACE] graph - <----- statementPart
2021-11-19T10:23:41,667|[TRACE] graph - -----> statementPart
2021-11-19T10:23:41,667|[TRACE] graph - -------> nonSkippedSpace
2021-11-19T10:23:41,667|[TRACE] script - #out(` `) [token]
2021-11-19T10:23:41,667|[TRACE] graph - <------- nonSkippedSpace
2021-11-19T10:23:41,667|[TRACE] graph - <----- statementPart
2021-11-19T10:23:41,667|[TRACE] graph - -----> statementPart
2021-11-19T10:23:41,667|[TRACE] graph - -------> quotedString
2021-11-19T10:23:41,667|[TRACE] script - #out(``person_id``) [token]
2021-11-19T10:23:41,667|[TRACE] graph - <------- quotedString
2021-11-19T10:23:41,667|[TRACE] graph - <----- statementPart
2021-11-19T10:23:41,667|[TRACE] graph - -----> statementPart
2021-11-19T10:23:41,667|[TRACE] graph - -------> nonSkippedSpace
2021-11-19T10:23:41,667|[TRACE] script - #out(` `) [token]
2021-11-19T10:23:41,667|[TRACE] graph - <------- nonSkippedSpace
2021-11-19T10:23:41,667|[TRACE] graph - <----- statementPart
2021-11-19T10:23:41,667|[TRACE] graph - -----> statementPart
2021-11-19T10:23:41,667|[TRACE] graph - -------> nonSkippedChar
2021-11-19T10:23:41,667|[TRACE] script - #out(`I`) [token]
2021-11-19T10:23:41,667|[TRACE] graph - <------- nonSkippedChar
2021-11-19T10:23:41,667|[TRACE] graph - <----- statementPart
2021-11-19T10:23:41,667|[TRACE] graph - -----> statementPart
2021-11-19T10:23:41,667|[TRACE] graph - -------> nonSkippedChar
2021-11-19T10:23:41,667|[TRACE] script - #out(`N`) [token]
2021-11-19T10:23:41,667|[TRACE] graph - <------- nonSkippedChar
2021-11-19T10:23:41,667|[TRACE] graph - <----- statementPart
2021-11-19T10:23:41,667|[TRACE] graph - -----> statementPart
2021-11-19T10:23:41,667|[TRACE] graph - -------> nonSkippedChar
2021-11-19T10:23:41,667|[TRACE] script - #out(`T`) [token]
2021-11-19T10:23:41,667|[TRACE] graph - <------- nonSkippedChar
2021-11-19T10:23:41,667|[TRACE] graph - <----- statementPart
2021-11-19T10:23:41,668|[TRACE] graph - -----> statementPart
2021-11-19T10:23:41,668|[TRACE] graph - -------> nonSkippedSpace
2021-11-19T10:23:41,668|[TRACE] script - #out(` `) [token]
2021-11-19T10:23:41,668|[TRACE] graph - <------- nonSkippedSpace
2021-11-19T10:23:41,668|[TRACE] graph - <----- statementPart
2021-11-19T10:23:41,668|[TRACE] graph - -----> statementPart
2021-11-19T10:23:41,668|[TRACE] graph - -------> nonSkippedChar
2021-11-19T10:23:41,668|[TRACE] script - #out(`N`) [token]
2021-11-19T10:23:41,668|[TRACE] graph - <------- nonSkippedChar
2021-11-19T10:23:41,668|[TRACE] graph - <----- statementPart
2021-11-19T10:23:41,668|[TRACE] graph - -----> statementPart
2021-11-19T10:23:41,668|[TRACE] graph - -------> nonSkippedChar
2021-11-19T10:23:41,668|[TRACE] script - #out(`O`) [token]
2021-11-19T10:23:41,668|[TRACE] graph - <------- nonSkippedChar
2021-11-19T10:23:41,668|[TRACE] graph - <----- statementPart
2021-11-19T10:23:41,668|[TRACE] graph - -----> statementPart
2021-11-19T10:23:41,668|[TRACE] graph - -------> nonSkippedChar
2021-11-19T10:23:41,668|[TRACE] script - #out(`T`) [token]
2021-11-19T10:23:41,668|[TRACE] graph - <------- nonSkippedChar
2021-11-19T10:23:41,668|[TRACE] graph - <----- statementPart
2021-11-19T10:23:41,668|[TRACE] graph - -----> statementPart
2021-11-19T10:23:41,668|[TRACE] graph - -------> nonSkippedSpace
2021-11-19T10:23:41,668|[TRACE] script - #out(` `) [token]
2021-11-19T10:23:41,668|[TRACE] graph - <------- nonSkippedSpace
2021-11-19T10:23:41,668|[TRACE] graph - <----- statementPart
2021-11-19T10:23:41,668|[TRACE] graph - -----> statementPart
2021-11-19T10:23:41,668|[TRACE] graph - -------> nonSkippedChar
2021-11-19T10:23:41,668|[TRACE] script - #out(`N`) [token]
2021-11-19T10:23:41,668|[TRACE] graph - <------- nonSkippedChar
2021-11-19T10:23:41,668|[TRACE] graph - <----- statementPart
2021-11-19T10:23:41,668|[TRACE] graph - -----> statementPart
2021-11-19T10:23:41,668|[TRACE] graph - -------> nonSkippedChar
2021-11-19T10:23:41,668|[TRACE] script - #out(`U`) [token]
2021-11-19T10:23:41,668|[TRACE] graph - <------- nonSkippedChar
2021-11-19T10:23:41,668|[TRACE] graph - <----- statementPart
2021-11-19T10:23:41,668|[TRACE] graph - -----> statementPart
2021-11-19T10:23:41,668|[TRACE] graph - -------> nonSkippedChar
2021-11-19T10:23:41,668|[TRACE] script - #out(`L`) [token]
2021-11-19T10:23:41,668|[TRACE] graph - <------- nonSkippedChar
2021-11-19T10:23:41,668|[TRACE] graph - <----- statementPart
2021-11-19T10:23:41,668|[TRACE] graph - -----> statementPart
2021-11-19T10:23:41,668|[TRACE] graph - -------> nonSkippedChar
2021-11-19T10:23:41,668|[TRACE] script - #out(`L`) [token]
2021-11-19T10:23:41,668|[TRACE] graph - <------- nonSkippedChar
2021-11-19T10:23:41,668|[TRACE] graph - <----- statementPart
2021-11-19T10:23:41,668|[TRACE] graph - -----> statementPart
2021-11-19T10:23:41,668|[TRACE] graph - -------> nonSkippedChar
2021-11-19T10:23:41,668|[TRACE] script - #out(`,`) [token]
2021-11-19T10:23:41,668|[TRACE] graph - <------- nonSkippedChar
2021-11-19T10:23:41,668|[TRACE] graph - <----- statementPart
2021-11-19T10:23:41,668|[TRACE] graph - -----> afterStatementPartNewline
2021-11-19T10:23:41,668|[TRACE] script - #out(` `) [text]
2021-11-19T10:23:41,668|[TRACE] graph - <----- afterStatementPartNewline
2021-11-19T10:23:41,668|[TRACE] graph - -----> statementPart
2021-11-19T10:23:41,668|[TRACE] graph - -------> nonSkippedSpace
2021-11-19T10:23:41,668|[TRACE] script - #out(` `) [token]
2021-11-19T10:23:41,668|[TRACE] graph - <------- nonSkippedSpace
2021-11-19T10:23:41,668|[TRACE] graph - <----- statementPart
2021-11-19T10:23:41,668|[TRACE] graph - -----> statementPart
2021-11-19T10:23:41,668|[TRACE] graph - -------> nonSkippedSpace
2021-11-19T10:23:41,668|[TRACE] script - #out(` `) [token]
2021-11-19T10:23:41,668|[TRACE] graph - <------- nonSkippedSpace
2021-11-19T10:23:41,668|[TRACE] graph - <----- statementPart
2021-11-19T10:23:41,668|[TRACE] graph - -----> statementPart
2021-11-19T10:23:41,668|[TRACE] graph - -------> quotedString
2021-11-19T10:23:41,668|[TRACE] script - #out(``donation_id``) [token]
2021-11-19T10:23:41,668|[TRACE] graph - <------- quotedString
2021-11-19T10:23:41,668|[TRACE] graph - <----- statementPart
2021-11-19T10:23:41,668|[TRACE] graph - -----> statementPart
2021-11-19T10:23:41,668|[TRACE] graph - -------> nonSkippedSpace
2021-11-19T10:23:41,668|[TRACE] script - #out(` `) [token]
2021-11-19T10:23:41,668|[TRACE] graph - <------- nonSkippedSpace
2021-11-19T10:23:41,668|[TRACE] graph - <----- statementPart
2021-11-19T10:23:41,668|[TRACE] graph - -----> statementPart
2021-11-19T10:23:41,668|[TRACE] graph - -------> nonSkippedChar
2021-11-19T10:23:41,668|[TRACE] script - #out(`I`) [token]
2021-11-19T10:23:41,668|[TRACE] graph - <------- nonSkippedChar
2021-11-19T10:23:41,668|[TRACE] graph - <----- statementPart
2021-11-19T10:23:41,668|[TRACE] graph - -----> statementPart
2021-11-19T10:23:41,668|[TRACE] graph - -------> nonSkippedChar
2021-11-19T10:23:41,668|[TRACE] script - #out(`N`) [token]
2021-11-19T10:23:41,668|[TRACE] graph - <------- nonSkippedChar
2021-11-19T10:23:41,668|[TRACE] graph - <----- statementPart
2021-11-19T10:23:41,668|[TRACE] graph - -----> statementPart
2021-11-19T10:23:41,668|[TRACE] graph - -------> nonSkippedChar
2021-11-19T10:23:41,668|[TRACE] script - #out(`T`) [token]
2021-11-19T10:23:41,668|[TRACE] graph - <------- nonSkippedChar
2021-11-19T10:23:41,668|[TRACE] graph - <----- statementPart
2021-11-19T10:23:41,668|[TRACE] graph - -----> statementPart
2021-11-19T10:23:41,668|[TRACE] graph - -------> nonSkippedSpace
2021-11-19T10:23:41,668|[TRACE] script - #out(` `) [token]
2021-11-19T10:23:41,668|[TRACE] graph - <------- nonSkippedSpace
2021-11-19T10:23:41,668|[TRACE] graph - <----- statementPart
2021-11-19T10:23:41,668|[TRACE] graph - -----> statementPart
2021-11-19T10:23:41,668|[TRACE] graph - -------> nonSkippedChar
2021-11-19T10:23:41,668|[TRACE] script - #out(`N`) [token]
2021-11-19T10:23:41,668|[TRACE] graph - <------- nonSkippedChar
2021-11-19T10:23:41,668|[TRACE] graph - <----- statementPart
2021-11-19T10:23:41,668|[TRACE] graph - -----> statementPart
2021-11-19T10:23:41,668|[TRACE] graph - -------> nonSkippedChar
2021-11-19T10:23:41,668|[TRACE] script - #out(`U`) [token]
2021-11-19T10:23:41,668|[TRACE] graph - <------- nonSkippedChar
2021-11-19T10:23:41,668|[TRACE] graph - <----- statementPart
2021-11-19T10:23:41,668|[TRACE] graph - -----> statementPart
2021-11-19T10:23:41,668|[TRACE] graph - -------> nonSkippedChar
2021-11-19T10:23:41,668|[TRACE] script - #out(`L`) [token]
2021-11-19T10:23:41,668|[TRACE] graph - <------- nonSkippedChar
2021-11-19T10:23:41,668|[TRACE] graph - <----- statementPart
2021-11-19T10:23:41,824|[TRACE] graph - -----> statementPart
2021-11-19T10:23:41,824|[TRACE] graph - -------> nonSkippedChar
2021-11-19T10:23:41,824|[TRACE] script - #out(`L`) [token]
2021-11-19T10:23:41,824|[TRACE] graph - <------- nonSkippedChar
2021-11-19T10:23:41,824|[TRACE] graph - <----- statementPart
2021-11-19T10:23:41,824|[TRACE] graph - -----> statementPart
2021-11-19T10:23:41,824|[TRACE] graph - -------> nonSkippedChar
2021-11-19T10:23:41,824|[TRACE] script - #out(`,`) [token]
2021-11-19T10:23:41,824|[TRACE] graph - <------- nonSkippedChar
2021-11-19T10:23:41,824|[TRACE] graph - <----- statementPart
2021-11-19T10:23:41,824|[TRACE] graph - -----> afterStatementPartNewline
2021-11-19T10:23:41,824|[TRACE] script - #out(` `) [text]
2021-11-19T10:23:41,824|[TRACE] graph - <----- afterStatementPartNewline
2021-11-19T10:23:41,824|[TRACE] graph - -----> statementPart
2021-11-19T10:23:41,824|[TRACE] graph - -------> nonSkippedSpace
2021-11-19T10:23:41,824|[TRACE] script - #out(` `) [token]
2021-11-19T10:23:41,824|[TRACE] graph - <------- nonSkippedSpace
2021-11-19T10:23:41,824|[TRACE] graph - <----- statementPart
2021-11-19T10:23:41,824|[TRACE] graph - -----> statementPart
2021-11-19T10:23:41,824|[TRACE] graph - -------> nonSkippedSpace
2021-11-19T10:23:41,824|[TRACE] script - #out(` `) [token]
2021-11-19T10:23:41,824|[TRACE] graph - <------- nonSkippedSpace
2021-11-19T10:23:41,824|[TRACE] graph - <----- statementPart
2021-11-19T10:23:41,824|[TRACE] graph - -----> statementPart
2021-11-19T10:23:41,824|[TRACE] graph - -------> quotedString
2021-11-19T10:23:41,824|[TRACE] script - #out(``tested``) [token]
2021-11-19T10:23:41,824|[TRACE] graph - <------- quotedString
2021-11-19T10:23:41,824|[TRACE] graph - <----- statementPart
2021-11-19T10:23:41,824|[TRACE] graph - -----> statementPart
2021-11-19T10:23:41,824|[TRACE] graph - -------> nonSkippedSpace
2021-11-19T10:23:41,824|[TRACE] script - #out(` `) [token]
2021-11-19T10:23:41,824|[TRACE] graph - <------- nonSkippedSpace
2021-11-19T10:23:41,824|[TRACE] graph - <----- statementPart
2021-11-19T10:23:41,824|[TRACE] graph - -----> statementPart
2021-11-19T10:23:41,824|[TRACE] graph - -------> nonSkippedChar
2021-11-19T10:23:41,824|[TRACE] script - #out(`B`) [token]
2021-11-19T10:23:41,824|[TRACE] graph - <------- nonSkippedChar
2021-11-19T10:23:41,824|[TRACE] graph - <----- statementPart
2021-11-19T10:23:41,824|[TRACE] graph - -----> statementPart
2021-11-19T10:23:41,824|[TRACE] graph - -------> nonSkippedChar
2021-11-19T10:23:41,824|[TRACE] script - #out(`I`) [token]
2021-11-19T10:23:41,824|[TRACE] graph - <------- nonSkippedChar
2021-11-19T10:23:41,824|[TRACE] graph - <----- statementPart
2021-11-19T10:23:41,824|[TRACE] graph - -----> statementPart
2021-11-19T10:23:41,824|[TRACE] graph - -------> nonSkippedChar
2021-11-19T10:23:41,824|[TRACE] script - #out(`T`) [token]
2021-11-19T10:23:41,824|[TRACE] graph - <------- nonSkippedChar
2021-11-19T10:23:41,824|[TRACE] graph - <----- statementPart
2021-11-19T10:23:41,824|[TRACE] graph - -----> statementPart
2021-11-19T10:23:41,824|[TRACE] graph - -------> nonSkippedChar
2021-11-19T10:23:41,824|[TRACE] script - #out(`(`) [token]
2021-11-19T10:23:41,824|[TRACE] graph - <------- nonSkippedChar
2021-11-19T10:23:41,824|[TRACE] graph - <----- statementPart
2021-11-19T10:23:41,824|[TRACE] graph - -----> statementPart
2021-11-19T10:23:41,824|[TRACE] graph - -------> nonSkippedChar
2021-11-19T10:23:41,824|[TRACE] script - #out(`1`) [token]
2021-11-19T10:23:41,824|[TRACE] graph - <------- nonSkippedChar
2021-11-19T10:23:41,824|[TRACE] graph - <----- statementPart
2021-11-19T10:23:41,824|[TRACE] graph - -----> statementPart
2021-11-19T10:23:41,824|[TRACE] graph - -------> nonSkippedChar
2021-11-19T10:23:41,824|[TRACE] script - #out(`)`) [token]
2021-11-19T10:23:41,824|[TRACE] graph - <------- nonSkippedChar
2021-11-19T10:23:41,824|[TRACE] graph - <----- statementPart
2021-11-19T10:23:41,824|[TRACE] graph - -----> statementPart
2021-11-19T10:23:41,824|[TRACE] graph - -------> nonSkippedSpace
2021-11-19T10:23:41,824|[TRACE] script - #out(` `) [token]
2021-11-19T10:23:41,824|[TRACE] graph - <------- nonSkippedSpace
2021-11-19T10:23:41,824|[TRACE] graph - <----- statementPart
2021-11-19T10:23:41,824|[TRACE] graph - -----> statementPart
2021-11-19T10:23:41,824|[TRACE] graph - -------> nonSkippedChar
2021-11-19T10:23:41,824|[TRACE] script - #out(`N`) [token]
2021-11-19T10:23:41,824|[TRACE] graph - <------- nonSkippedChar
2021-11-19T10:23:41,824|[TRACE] graph - <----- statementPart
2021-11-19T10:23:41,824|[TRACE] graph - -----> statementPart
2021-11-19T10:23:41,824|[TRACE] graph - -------> nonSkippedChar
2021-11-19T10:23:41,824|[TRACE] script - #out(`O`) [token]
2021-11-19T10:23:41,824|[TRACE] graph - <------- nonSkippedChar
2021-11-19T10:23:41,824|[TRACE] graph - <----- statementPart
2021-11-19T10:23:41,824|[TRACE] graph - -----> statementPart
2021-11-19T10:23:41,824|[TRACE] graph - -------> nonSkippedChar
2021-11-19T10:23:41,824|[TRACE] script - #out(`T`) [token]
2021-11-19T10:23:41,824|[TRACE] graph - <------- nonSkippedChar
2021-11-19T10:23:41,824|[TRACE] graph - <----- statementPart
2021-11-19T10:23:41,824|[TRACE] graph - -----> statementPart
2021-11-19T10:23:41,824|[TRACE] graph - -------> nonSkippedSpace
2021-11-19T10:23:41,824|[TRACE] script - #out(` `) [token]
2021-11-19T10:23:41,824|[TRACE] graph - <------- nonSkippedSpace
2021-11-19T10:23:41,824|[TRACE] graph - <----- statementPart
2021-11-19T10:23:41,824|[TRACE] graph - -----> statementPart
2021-11-19T10:23:41,824|[TRACE] graph - -------> nonSkippedChar
2021-11-19T10:23:41,824|[TRACE] script - #out(`N`) [token]
2021-11-19T10:23:41,824|[TRACE] graph - <------- nonSkippedChar
2021-11-19T10:23:41,824|[TRACE] graph - <----- statementPart
2021-11-19T10:23:41,824|[TRACE] graph - -----> statementPart
2021-11-19T10:23:41,825|[TRACE] graph - -------> nonSkippedChar
2021-11-19T10:23:41,825|[TRACE] script - #out(`U`) [token]
2021-11-19T10:23:41,825|[TRACE] graph - <------- nonSkippedChar
2021-11-19T10:23:41,825|[TRACE] graph - <----- statementPart
2021-11-19T10:23:41,825|[TRACE] graph - -----> statementPart
2021-11-19T10:23:41,825|[TRACE] graph - -------> nonSkippedChar
2021-11-19T10:23:41,825|[TRACE] script - #out(`L`) [token]
2021-11-19T10:23:41,825|[TRACE] graph - <------- nonSkippedChar
2021-11-19T10:23:41,825|[TRACE] graph - <----- statementPart
2021-11-19T10:23:41,825|[TRACE] graph - -----> statementPart
2021-11-19T10:23:41,825|[TRACE] graph - -------> nonSkippedChar
2021-11-19T10:23:41,825|[TRACE] script - #out(`L`) [token]
2021-11-19T10:23:41,825|[TRACE] graph - <------- nonSkippedChar
2021-11-19T10:23:41,825|[TRACE] graph - <----- statementPart
2021-11-19T10:23:41,825|[TRACE] graph - -----> statementPart
2021-11-19T10:23:41,825|[TRACE] graph - -------> nonSkippedChar
2021-11-19T10:23:41,825|[TRACE] script - #out(`,`) [token]
2021-11-19T10:23:41,825|[TRACE] graph - <------- nonSkippedChar
2021-11-19T10:23:41,825|[TRACE] graph - <----- statementPart
2021-11-19T10:23:41,825|[TRACE] graph - -----> afterStatementPartNewline
2021-11-19T10:23:41,825|[TRACE] script - #out(` `) [text]
2021-11-19T10:23:41,825|[TRACE] graph - <----- afterStatementPartNewline
2021-11-19T10:23:41,825|[TRACE] graph - -----> statementPart
2021-11-19T10:23:41,825|[TRACE] graph - -------> nonSkippedSpace
2021-11-19T10:23:41,825|[TRACE] script - #out(` `) [token]
2021-11-19T10:23:41,825|[TRACE] graph - <------- nonSkippedSpace
2021-11-19T10:23:41,825|[TRACE] graph - <----- statementPart
2021-11-19T10:23:41,825|[TRACE] graph - -----> statementPart
2021-11-19T10:23:41,825|[TRACE] graph - -------> nonSkippedSpace
2021-11-19T10:23:41,825|[TRACE] script - #out(` `) [token]
2021-11-19T10:23:41,825|[TRACE] graph - <------- nonSkippedSpace
2021-11-19T10:23:41,825|[TRACE] graph - <----- statementPart
2021-11-19T10:23:41,825|[TRACE] graph - -----> statementPart
2021-11-19T10:23:41,825|[TRACE] graph - -------> quotedString
2021-11-19T10:23:41,825|[TRACE] script - #out(``created``) [token]
2021-11-19T10:23:41,825|[TRACE] graph - <------- quotedString
2021-11-19T10:23:41,825|[TRACE] graph - <----- statementPart
2021-11-19T10:23:41,825|[TRACE] graph - -----> statementPart
2021-11-19T10:23:41,825|[TRACE] graph - -------> nonSkippedSpace
2021-11-19T10:23:41,825|[TRACE] script - #out(` `) [token]
2021-11-19T10:23:41,825|[TRACE] graph - <------- nonSkippedSpace
2021-11-19T10:23:41,825|[TRACE] graph - <----- statementPart
2021-11-19T10:23:41,825|[TRACE] graph - -----> statementPart
2021-11-19T10:23:41,825|[TRACE] graph - -------> nonSkippedChar
2021-11-19T10:23:41,825|[TRACE] script - #out(`B`) [token]
2021-11-19T10:23:41,825|[TRACE] graph - <------- nonSkippedChar
2021-11-19T10:23:41,825|[TRACE] graph - <----- statementPart
2021-11-19T10:23:41,825|[TRACE] graph - -----> statementPart
2021-11-19T10:23:41,825|[TRACE] graph - -------> nonSkippedChar
2021-11-19T10:23:41,825|[TRACE] script - #out(`I`) [token]
2021-11-19T10:23:41,825|[TRACE] graph - <------- nonSkippedChar
2021-11-19T10:23:41,825|[TRACE] graph - <----- statementPart
2021-11-19T10:23:41,825|[TRACE] graph - -----> statementPart
2021-11-19T10:23:41,825|[TRACE] graph - -------> nonSkippedChar
2021-11-19T10:23:41,825|[TRACE] script - #out(`G`) [token]
2021-11-19T10:23:41,825|[TRACE] graph - <------- nonSkippedChar
2021-11-19T10:23:41,825|[TRACE] graph - <----- statementPart
2021-11-19T10:23:41,825|[TRACE] graph - -----> statementPart
2021-11-19T10:23:41,825|[TRACE] graph - -------> nonSkippedChar
2021-11-19T10:23:41,825|[TRACE] script - #out(`I`) [token]
2021-11-19T10:23:41,825|[TRACE] graph - <------- nonSkippedChar
2021-11-19T10:23:41,825|[TRACE] graph - <----- statementPart
2021-11-19T10:23:41,825|[TRACE] graph - -----> statementPart
2021-11-19T10:23:41,825|[TRACE] graph - -------> nonSkippedChar
2021-11-19T10:23:41,825|[TRACE] script - #out(`N`) [token]
2021-11-19T10:23:41,825|[TRACE] graph - <------- nonSkippedChar
2021-11-19T10:23:41,825|[TRACE] graph - <----- statementPart
2021-11-19T10:23:41,825|[TRACE] graph - -----> statementPart
2021-11-19T10:23:41,825|[TRACE] graph - -------> nonSkippedChar
2021-11-19T10:23:41,825|[TRACE] script - #out(`T`) [token]
2021-11-19T10:23:41,825|[TRACE] graph - <------- nonSkippedChar
2021-11-19T10:23:41,825|[TRACE] graph - <----- statementPart
2021-11-19T10:23:41,825|[TRACE] graph - -----> statementPart
2021-11-19T10:23:41,825|[TRACE] graph - -------> nonSkippedSpace
2021-11-19T10:23:41,825|[TRACE] script - #out(` `) [token]
2021-11-19T10:23:41,825|[TRACE] graph - <------- nonSkippedSpace
2021-11-19T10:23:41,825|[TRACE] graph - <----- statementPart
2021-11-19T10:23:41,825|[TRACE] graph - -----> statementPart
2021-11-19T10:23:41,825|[TRACE] graph - -------> nonSkippedChar
2021-11-19T10:23:41,825|[TRACE] script - #out(`N`) [token]
2021-11-19T10:23:41,825|[TRACE] graph - <------- nonSkippedChar
2021-11-19T10:23:41,825|[TRACE] graph - <----- statementPart
2021-11-19T10:23:41,825|[TRACE] graph - -----> statementPart
2021-11-19T10:23:41,825|[TRACE] graph - -------> nonSkippedChar
2021-11-19T10:23:41,825|[TRACE] script - #out(`O`) [token]
2021-11-19T10:23:41,825|[TRACE] graph - <------- nonSkippedChar
2021-11-19T10:23:41,825|[TRACE] graph - <----- statementPart
2021-11-19T10:23:41,825|[TRACE] graph - -----> statementPart
2021-11-19T10:23:41,825|[TRACE] graph - -------> nonSkippedChar
2021-11-19T10:23:41,825|[TRACE] script - #out(`T`) [token]
2021-11-19T10:23:41,825|[TRACE] graph - <------- nonSkippedChar
2021-11-19T10:23:41,825|[TRACE] graph - <----- statementPart
2021-11-19T10:23:41,825|[TRACE] graph - -----> statementPart
2021-11-19T10:23:41,825|[TRACE] graph - -------> nonSkippedSpace
2021-11-19T10:23:41,825|[TRACE] script - #out(` `) [token]
2021-11-19T10:23:41,825|[TRACE] graph - <------- nonSkippedSpace
2021-11-19T10:23:41,825|[TRACE] graph - <----- statementPart
2021-11-19T10:23:41,825|[TRACE] graph - -----> statementPart
2021-11-19T10:23:41,825|[TRACE] graph - -------> nonSkippedChar
2021-11-19T10:23:41,825|[TRACE] script - #out(`N`) [token]
2021-11-19T10:23:41,825|[TRACE] graph - <------- nonSkippedChar
2021-11-19T10:23:41,825|[TRACE] graph - <----- statementPart
2021-11-19T10:23:41,825|[TRACE] graph - -----> statementPart
2021-11-19T10:23:41,825|[TRACE] graph - -------> nonSkippedChar
2021-11-19T10:23:41,825|[TRACE] script - #out(`U`) [token]
2021-11-19T10:23:41,825|[TRACE] graph - <------- nonSkippedChar
2021-11-19T10:23:41,825|[TRACE] graph - <----- statementPart
2021-11-19T10:23:41,825|[TRACE] graph - -----> statementPart
2021-11-19T10:23:41,825|[TRACE] graph - -------> nonSkippedChar
2021-11-19T10:23:41,825|[TRACE] script - #out(`L`) [token]
2021-11-19T10:23:41,825|[TRACE] graph - <------- nonSkippedChar
2021-11-19T10:23:41,825|[TRACE] graph - <----- statementPart
2021-11-19T10:23:41,825|[TRACE] graph - -----> statementPart
2021-11-19T10:23:41,825|[TRACE] graph - -------> nonSkippedChar
2021-11-19T10:23:41,825|[TRACE] script - #out(`L`) [token]
2021-11-19T10:23:41,825|[TRACE] graph - <------- nonSkippedChar
2021-11-19T10:23:41,825|[TRACE] graph - <----- statementPart
2021-11-19T10:23:41,825|[TRACE] graph - -----> statementPart
2021-11-19T10:23:41,825|[TRACE] graph - -------> nonSkippedSpace
2021-11-19T10:23:41,825|[TRACE] script - #out(` `) [token]
2021-11-19T10:23:41,825|[TRACE] graph - <------- nonSkippedSpace
2021-11-19T10:23:41,825|[TRACE] graph - <----- statementPart
2021-11-19T10:23:41,825|[TRACE] graph - -----> statementPart
2021-11-19T10:23:41,825|[TRACE] graph - -------> nonSkippedChar
2021-11-19T10:23:41,825|[TRACE] script - #out(`D`) [token]
2021-11-19T10:23:41,825|[TRACE] graph - <------- nonSkippedChar
2021-11-19T10:23:41,825|[TRACE] graph - <----- statementPart
2021-11-19T10:23:41,825|[TRACE] graph - -----> statementPart
2021-11-19T10:23:41,825|[TRACE] graph - -------> nonSkippedChar
2021-11-19T10:23:41,825|[TRACE] script - #out(`E`) [token]
2021-11-19T10:23:41,825|[TRACE] graph - <------- nonSkippedChar
2021-11-19T10:23:41,825|[TRACE] graph - <----- statementPart
2021-11-19T10:23:41,825|[TRACE] graph - -----> statementPart
2021-11-19T10:23:41,825|[TRACE] graph - -------> nonSkippedChar
2021-11-19T10:23:41,825|[TRACE] script - #out(`F`) [token]
2021-11-19T10:23:41,825|[TRACE] graph - <------- nonSkippedChar
2021-11-19T10:23:41,825|[TRACE] graph - <----- statementPart
2021-11-19T10:23:41,825|[TRACE] graph - -----> statementPart
2021-11-19T10:23:41,825|[TRACE] graph - -------> nonSkippedChar
2021-11-19T10:23:41,825|[TRACE] script - #out(`A`) [token]
2021-11-19T10:23:41,825|[TRACE] graph - <------- nonSkippedChar
2021-11-19T10:23:41,825|[TRACE] graph - <----- statementPart
2021-11-19T10:23:41,825|[TRACE] graph - -----> statementPart
2021-11-19T10:23:41,825|[TRACE] graph - -------> nonSkippedChar
2021-11-19T10:23:41,825|[TRACE] script - #out(`U`) [token]
2021-11-19T10:23:41,825|[TRACE] graph - <------- nonSkippedChar
2021-11-19T10:23:41,825|[TRACE] graph - <----- statementPart
2021-11-19T10:23:41,825|[TRACE] graph - -----> statementPart
2021-11-19T10:23:41,825|[TRACE] graph - -------> nonSkippedChar
2021-11-19T10:23:41,825|[TRACE] script - #out(`L`) [token]
2021-11-19T10:23:41,825|[TRACE] graph - <------- nonSkippedChar
2021-11-19T10:23:41,825|[TRACE] graph - <----- statementPart
2021-11-19T10:23:41,825|[TRACE] graph - -----> statementPart
2021-11-19T10:23:41,825|[TRACE] graph - -------> nonSkippedChar
2021-11-19T10:23:41,825|[TRACE] script - #out(`T`) [token]
2021-11-19T10:23:41,825|[TRACE] graph - <------- nonSkippedChar
2021-11-19T10:23:41,825|[TRACE] graph - <----- statementPart
2021-11-19T10:23:41,825|[TRACE] graph - -----> statementPart
2021-11-19T10:23:41,825|[TRACE] graph - -------> nonSkippedSpace
2021-11-19T10:23:41,825|[TRACE] script - #out(` `) [token]
2021-11-19T10:23:41,825|[TRACE] graph - <------- nonSkippedSpace
2021-11-19T10:23:41,825|[TRACE] graph - <----- statementPart
2021-11-19T10:23:41,825|[TRACE] graph - -----> statementPart
2021-11-19T10:23:41,825|[TRACE] graph - -------> nonSkippedChar
2021-11-19T10:23:41,825|[TRACE] script - #out(`(`) [token]
2021-11-19T10:23:41,825|[TRACE] graph - <------- nonSkippedChar
2021-11-19T10:23:41,825|[TRACE] graph - <----- statementPart
2021-11-19T10:23:41,825|[TRACE] graph - -----> statementPart
2021-11-19T10:23:41,825|[TRACE] graph - -------> nonSkippedChar
2021-11-19T10:23:41,825|[TRACE] script - #out(`u`) [token]
2021-11-19T10:23:41,825|[TRACE] graph - <------- nonSkippedChar
2021-11-19T10:23:41,825|[TRACE] graph - <----- statementPart
2021-11-19T10:23:41,825|[TRACE] graph - -----> statementPart
2021-11-19T10:23:41,825|[TRACE] graph - -------> nonSkippedChar
2021-11-19T10:23:41,825|[TRACE] script - #out(`n`) [token]
2021-11-19T10:23:41,825|[TRACE] graph - <------- nonSkippedChar
2021-11-19T10:23:41,825|[TRACE] graph - <----- statementPart
2021-11-19T10:23:41,825|[TRACE] graph - -----> statementPart
2021-11-19T10:23:41,825|[TRACE] graph - -------> nonSkippedChar
2021-11-19T10:23:41,825|[TRACE] script - #out(`i`) [token]
2021-11-19T10:23:41,825|[TRACE] graph - <------- nonSkippedChar
2021-11-19T10:23:41,825|[TRACE] graph - <----- statementPart
2021-11-19T10:23:41,825|[TRACE] graph - -----> statementPart
2021-11-19T10:23:41,825|[TRACE] graph - -------> nonSkippedChar
2021-11-19T10:23:41,825|[TRACE] script - #out(`x`) [token]
2021-11-19T10:23:41,825|[TRACE] graph - <------- nonSkippedChar
2021-11-19T10:23:41,825|[TRACE] graph - <----- statementPart
2021-11-19T10:23:41,825|[TRACE] graph - -----> statementPart
2021-11-19T10:23:41,825|[TRACE] graph - -------> nonSkippedChar
2021-11-19T10:23:41,825|[TRACE] script - #out(`_`) [token]
2021-11-19T10:23:41,825|[TRACE] graph - <------- nonSkippedChar
2021-11-19T10:23:41,825|[TRACE] graph - <----- statementPart
2021-11-19T10:23:41,825|[TRACE] graph - -----> statementPart
2021-11-19T10:23:41,825|[TRACE] graph - -------> nonSkippedChar
2021-11-19T10:23:41,825|[TRACE] script - #out(`t`) [token]
2021-11-19T10:23:41,825|[TRACE] graph - <------- nonSkippedChar
2021-11-19T10:23:41,825|[TRACE] graph - <----- statementPart
2021-11-19T10:23:41,825|[TRACE] graph - -----> statementPart
2021-11-19T10:23:41,825|[TRACE] graph - -------> nonSkippedChar
2021-11-19T10:23:41,825|[TRACE] script - #out(`i`) [token]
2021-11-19T10:23:41,825|[TRACE] graph - <------- nonSkippedChar
2021-11-19T10:23:41,825|[TRACE] graph - <----- statementPart
2021-11-19T10:23:41,825|[TRACE] graph - -----> statementPart
2021-11-19T10:23:41,825|[TRACE] graph - -------> nonSkippedChar
2021-11-19T10:23:41,825|[TRACE] script - #out(`m`) [token]
2021-11-19T10:23:41,825|[TRACE] graph - <------- nonSkippedChar
2021-11-19T10:23:41,825|[TRACE] graph - <----- statementPart
2021-11-19T10:23:41,825|[TRACE] graph - -----> statementPart
2021-11-19T10:23:41,825|[TRACE] graph - -------> nonSkippedChar
2021-11-19T10:23:41,825|[TRACE] script - #out(`e`) [token]
2021-11-19T10:23:41,825|[TRACE] graph - <------- nonSkippedChar
2021-11-19T10:23:41,825|[TRACE] graph - <----- statementPart
2021-11-19T10:23:41,825|[TRACE] graph - -----> statementPart
2021-11-19T10:23:41,825|[TRACE] graph - -------> nonSkippedChar
2021-11-19T10:23:41,825|[TRACE] script - #out(`s`) [token]
2021-11-19T10:23:41,825|[TRACE] graph - <------- nonSkippedChar
2021-11-19T10:23:41,825|[TRACE] graph - <----- statementPart
2021-11-19T10:23:41,825|[TRACE] graph - -----> statementPart
2021-11-19T10:23:41,825|[TRACE] graph - -------> nonSkippedChar
2021-11-19T10:23:41,825|[TRACE] script - #out(`t`) [token]
2021-11-19T10:23:41,825|[TRACE] graph - <------- nonSkippedChar
2021-11-19T10:23:41,825|[TRACE] graph - <----- statementPart
2021-11-19T10:23:41,825|[TRACE] graph - -----> statementPart
2021-11-19T10:23:41,825|[TRACE] graph - -------> nonSkippedChar
2021-11-19T10:23:41,825|[TRACE] script - #out(`a`) [token]
2021-11-19T10:23:41,825|[TRACE] graph - <------- nonSkippedChar
2021-11-19T10:23:41,825|[TRACE] graph - <----- statementPart
2021-11-19T10:23:41,825|[TRACE] graph - -----> statementPart
2021-11-19T10:23:41,825|[TRACE] graph - -------> nonSkippedChar
2021-11-19T10:23:41,825|[TRACE] script - #out(`m`) [token]
2021-11-19T10:23:41,825|[TRACE] graph - <------- nonSkippedChar
2021-11-19T10:23:41,825|[TRACE] graph - <----- statementPart
2021-11-19T10:23:41,825|[TRACE] graph - -----> statementPart
2021-11-19T10:23:41,825|[TRACE] graph - -------> nonSkippedChar
2021-11-19T10:23:41,825|[TRACE] script - #out(`p`) [token]
2021-11-19T10:23:41,825|[TRACE] graph - <------- nonSkippedChar
2021-11-19T10:23:41,825|[TRACE] graph - <----- statementPart
2021-11-19T10:23:41,825|[TRACE] graph - -----> statementPart
2021-11-19T10:23:41,825|[TRACE] graph - -------> nonSkippedChar
2021-11-19T10:23:41,825|[TRACE] script - #out(`(`) [token]
2021-11-19T10:23:41,825|[TRACE] graph - <------- nonSkippedChar
2021-11-19T10:23:41,825|[TRACE] graph - <----- statementPart
2021-11-19T10:23:41,825|[TRACE] graph - -----> statementPart
2021-11-19T10:23:41,825|[TRACE] graph - -------> nonSkippedChar
2021-11-19T10:23:41,825|[TRACE] script - #out(`n`) [token]
2021-11-19T10:23:41,825|[TRACE] graph - <------- nonSkippedChar
2021-11-19T10:23:41,825|[TRACE] graph - <----- statementPart
2021-11-19T10:23:41,825|[TRACE] graph - -----> statementPart
2021-11-19T10:23:41,825|[TRACE] graph - -------> nonSkippedChar
2021-11-19T10:23:41,825|[TRACE] script - #out(`o`) [token]
2021-11-19T10:23:41,825|[TRACE] graph - <------- nonSkippedChar
2021-11-19T10:23:41,825|[TRACE] graph - <----- statementPart
2021-11-19T10:23:41,825|[TRACE] graph - -----> statementPart
2021-11-19T10:23:41,825|[TRACE] graph - -------> nonSkippedChar
2021-11-19T10:23:41,825|[TRACE] script - #out(`w`) [token]
2021-11-19T10:23:41,825|[TRACE] graph - <------- nonSkippedChar
2021-11-19T10:23:41,825|[TRACE] graph - <----- statementPart
2021-11-19T10:23:41,825|[TRACE] graph - -----> statementPart
2021-11-19T10:23:41,825|[TRACE] graph - -------> nonSkippedChar
2021-11-19T10:23:41,825|[TRACE] script - #out(`(`) [token]
2021-11-19T10:23:41,825|[TRACE] graph - <------- nonSkippedChar
2021-11-19T10:23:41,825|[TRACE] graph - <----- statementPart
2021-11-19T10:23:41,825|[TRACE] graph - -----> statementPart
2021-11-19T10:23:41,825|[TRACE] graph - -------> nonSkippedChar
2021-11-19T10:23:41,825|[TRACE] script - #out(`)`) [token]
2021-11-19T10:23:41,825|[TRACE] graph - <------- nonSkippedChar
2021-11-19T10:23:41,825|[TRACE] graph - <----- statementPart
2021-11-19T10:23:41,825|[TRACE] graph - -----> statementPart
2021-11-19T10:23:41,825|[TRACE] graph - -------> nonSkippedChar
2021-11-19T10:23:41,825|[TRACE] script - #out(`)`) [token]
2021-11-19T10:23:41,825|[TRACE] graph - <------- nonSkippedChar
2021-11-19T10:23:41,825|[TRACE] graph - <----- statementPart
2021-11-19T10:23:41,825|[TRACE] graph - -----> statementPart
2021-11-19T10:23:41,825|[TRACE] graph - -------> nonSkippedSpace
2021-11-19T10:23:41,825|[TRACE] script - #out(` `) [token]
2021-11-19T10:23:41,825|[TRACE] graph - <------- nonSkippedSpace
2021-11-19T10:23:41,825|[TRACE] graph - <----- statementPart
2021-11-19T10:23:41,825|[TRACE] graph - -----> statementPart
2021-11-19T10:23:41,825|[TRACE] graph - -------> nonSkippedChar
2021-11-19T10:23:41,825|[TRACE] script - #out(`*`) [token]
2021-11-19T10:23:41,825|[TRACE] graph - <------- nonSkippedChar
2021-11-19T10:23:41,825|[TRACE] graph - <----- statementPart
2021-11-19T10:23:41,825|[TRACE] graph - -----> statementPart
2021-11-19T10:23:41,825|[TRACE] graph - -------> nonSkippedSpace
2021-11-19T10:23:41,825|[TRACE] script - #out(` `) [token]
2021-11-19T10:23:41,826|[TRACE] graph - <------- nonSkippedSpace
2021-11-19T10:23:41,826|[TRACE] graph - <----- statementPart
2021-11-19T10:23:41,826|[TRACE] graph - -----> statementPart
2021-11-19T10:23:41,826|[TRACE] graph - -------> nonSkippedChar
2021-11-19T10:23:41,826|[TRACE] script - #out(`1`) [token]
2021-11-19T10:23:41,826|[TRACE] graph - <------- nonSkippedChar
2021-11-19T10:23:41,826|[TRACE] graph - <----- statementPart
2021-11-19T10:23:41,826|[TRACE] graph - -----> statementPart
2021-11-19T10:23:41,826|[TRACE] graph - -------> nonSkippedChar
2021-11-19T10:23:41,826|[TRACE] script - #out(`0`) [token]
2021-11-19T10:23:41,826|[TRACE] graph - <------- nonSkippedChar
2021-11-19T10:23:41,826|[TRACE] graph - <----- statementPart
2021-11-19T10:23:41,826|[TRACE] graph - -----> statementPart
2021-11-19T10:23:41,826|[TRACE] graph - -------> nonSkippedChar
2021-11-19T10:23:41,826|[TRACE] script - #out(`0`) [token]
2021-11-19T10:23:41,826|[TRACE] graph - <------- nonSkippedChar
2021-11-19T10:23:41,826|[TRACE] graph - <----- statementPart
2021-11-19T10:23:41,826|[TRACE] graph - -----> statementPart
2021-11-19T10:23:41,826|[TRACE] graph - -------> nonSkippedChar
2021-11-19T10:23:41,826|[TRACE] script - #out(`0`) [token]
2021-11-19T10:23:41,826|[TRACE] graph - <------- nonSkippedChar
2021-11-19T10:23:41,826|[TRACE] graph - <----- statementPart
2021-11-19T10:23:41,826|[TRACE] graph - -----> statementPart
2021-11-19T10:23:41,826|[TRACE] graph - -------> nonSkippedChar
2021-11-19T10:23:41,826|[TRACE] script - #out(`)`) [token]
2021-11-19T10:23:41,826|[TRACE] graph - <------- nonSkippedChar
2021-11-19T10:23:41,826|[TRACE] graph - <----- statementPart
2021-11-19T10:23:41,826|[TRACE] graph - -----> statementPart
2021-11-19T10:23:41,826|[TRACE] graph - -------> nonSkippedChar
2021-11-19T10:23:41,826|[TRACE] script - #out(`,`) [token]
2021-11-19T10:23:41,826|[TRACE] graph - <------- nonSkippedChar
2021-11-19T10:23:41,826|[TRACE] graph - <----- statementPart
2021-11-19T10:23:41,826|[TRACE] graph - -----> afterStatementPartNewline
2021-11-19T10:23:41,826|[TRACE] script - #out(` `) [text]
2021-11-19T10:23:41,826|[TRACE] graph - <----- afterStatementPartNewline
2021-11-19T10:23:41,826|[TRACE] graph - -----> statementPart
2021-11-19T10:23:41,826|[TRACE] graph - -------> nonSkippedSpace
2021-11-19T10:23:41,826|[TRACE] script - #out(` `) [token]
2021-11-19T10:23:41,826|[TRACE] graph - <------- nonSkippedSpace
2021-11-19T10:23:41,826|[TRACE] graph - <----- statementPart
2021-11-19T10:23:41,826|[TRACE] graph - -----> statementPart
2021-11-19T10:23:41,826|[TRACE] graph - -------> nonSkippedSpace
2021-11-19T10:23:41,826|[TRACE] script - #out(` `) [token]
2021-11-19T10:23:41,826|[TRACE] graph - <------- nonSkippedSpace
2021-11-19T10:23:41,826|[TRACE] graph - <----- statementPart
2021-11-19T10:23:41,826|[TRACE] graph - -----> statementPart
2021-11-19T10:23:41,826|[TRACE] graph - -------> quotedString
2021-11-19T10:23:41,826|[TRACE] script - #out(``updated``) [token]
2021-11-19T10:23:41,826|[TRACE] graph - <------- quotedString
2021-11-19T10:23:41,826|[TRACE] graph - <----- statementPart
2021-11-19T10:23:41,826|[TRACE] graph - -----> statementPart
2021-11-19T10:23:41,826|[TRACE] graph - -------> nonSkippedSpace
2021-11-19T10:23:41,826|[TRACE] script - #out(` `) [token]
2021-11-19T10:23:41,826|[TRACE] graph - <------- nonSkippedSpace
2021-11-19T10:23:41,826|[TRACE] graph - <----- statementPart
2021-11-19T10:23:41,826|[TRACE] graph - -----> statementPart
2021-11-19T10:23:41,826|[TRACE] graph - -------> nonSkippedChar
2021-11-19T10:23:41,826|[TRACE] script - #out(`B`) [token]
2021-11-19T10:23:41,826|[TRACE] graph - <------- nonSkippedChar
2021-11-19T10:23:41,826|[TRACE] graph - <----- statementPart
2021-11-19T10:23:41,826|[TRACE] graph - -----> statementPart
2021-11-19T10:23:41,826|[TRACE] graph - -------> nonSkippedChar
2021-11-19T10:23:41,826|[TRACE] script - #out(`I`) [token]
2021-11-19T10:23:41,826|[TRACE] graph - <------- nonSkippedChar
2021-11-19T10:23:41,826|[TRACE] graph - <----- statementPart
2021-11-19T10:23:41,826|[TRACE] graph - -----> statementPart
2021-11-19T10:23:41,826|[TRACE] graph - -------> nonSkippedChar
2021-11-19T10:23:41,826|[TRACE] script - #out(`G`) [token]
2021-11-19T10:23:41,826|[TRACE] graph - <------- nonSkippedChar
2021-11-19T10:23:41,826|[TRACE] graph - <----- statementPart
2021-11-19T10:23:41,826|[TRACE] graph - -----> statementPart
2021-11-19T10:23:41,826|[TRACE] graph - -------> nonSkippedChar
2021-11-19T10:23:41,826|[TRACE] script - #out(`I`) [token]
2021-11-19T10:23:41,826|[TRACE] graph - <------- nonSkippedChar
2021-11-19T10:23:41,826|[TRACE] graph - <----- statementPart
2021-11-19T10:23:41,826|[TRACE] graph - -----> statementPart
2021-11-19T10:23:41,826|[TRACE] graph - -------> nonSkippedChar
2021-11-19T10:23:41,826|[TRACE] script - #out(`N`) [token]
2021-11-19T10:23:41,826|[TRACE] graph - <------- nonSkippedChar
2021-11-19T10:23:41,826|[TRACE] graph - <----- statementPart
2021-11-19T10:23:41,826|[TRACE] graph - -----> statementPart
2021-11-19T10:23:41,826|[TRACE] graph - -------> nonSkippedChar
2021-11-19T10:23:41,826|[TRACE] script - #out(`T`) [token]
2021-11-19T10:23:41,826|[TRACE] graph - <------- nonSkippedChar
2021-11-19T10:23:41,826|[TRACE] graph - <----- statementPart
2021-11-19T10:23:42,000|[TRACE] graph - -----> statementPart
2021-11-19T10:23:42,000|[TRACE] graph - -------> nonSkippedSpace
2021-11-19T10:23:42,000|[TRACE] script - #out(` `) [token]
2021-11-19T10:23:42,000|[TRACE] graph - <------- nonSkippedSpace
2021-11-19T10:23:42,000|[TRACE] graph - <----- statementPart
2021-11-19T10:23:42,000|[TRACE] graph - -----> statementPart
2021-11-19T10:23:42,000|[TRACE] graph - -------> nonSkippedChar
2021-11-19T10:23:42,000|[TRACE] script - #out(`N`) [token]
2021-11-19T10:23:42,000|[TRACE] graph - <------- nonSkippedChar
2021-11-19T10:23:42,000|[TRACE] graph - <----- statementPart
2021-11-19T10:23:42,000|[TRACE] graph - -----> statementPart
2021-11-19T10:23:42,000|[TRACE] graph - -------> nonSkippedChar
2021-11-19T10:23:42,000|[TRACE] script - #out(`O`) [token]
2021-11-19T10:23:42,000|[TRACE] graph - <------- nonSkippedChar
2021-11-19T10:23:42,000|[TRACE] graph - <----- statementPart
2021-11-19T10:23:42,000|[TRACE] graph - -----> statementPart
2021-11-19T10:23:42,000|[TRACE] graph - -------> nonSkippedChar
2021-11-19T10:23:42,000|[TRACE] script - #out(`T`) [token]
2021-11-19T10:23:42,000|[TRACE] graph - <------- nonSkippedChar
2021-11-19T10:23:42,000|[TRACE] graph - <----- statementPart
2021-11-19T10:23:42,000|[TRACE] graph - -----> statementPart
2021-11-19T10:23:42,000|[TRACE] graph - -------> nonSkippedSpace
2021-11-19T10:23:42,000|[TRACE] script - #out(` `) [token]
2021-11-19T10:23:42,000|[TRACE] graph - <------- nonSkippedSpace
2021-11-19T10:23:42,000|[TRACE] graph - <----- statementPart
2021-11-19T10:23:42,000|[TRACE] graph - -----> statementPart
2021-11-19T10:23:42,000|[TRACE] graph - -------> nonSkippedChar
2021-11-19T10:23:42,000|[TRACE] script - #out(`N`) [token]
2021-11-19T10:23:42,000|[TRACE] graph - <------- nonSkippedChar
2021-11-19T10:23:42,000|[TRACE] graph - <----- statementPart
2021-11-19T10:23:42,000|[TRACE] graph - -----> statementPart
2021-11-19T10:23:42,000|[TRACE] graph - -------> nonSkippedChar
2021-11-19T10:23:42,000|[TRACE] script - #out(`U`) [token]
2021-11-19T10:23:42,000|[TRACE] graph - <------- nonSkippedChar
2021-11-19T10:23:42,000|[TRACE] graph - <----- statementPart
2021-11-19T10:23:42,000|[TRACE] graph - -----> statementPart
2021-11-19T10:23:42,000|[TRACE] graph - -------> nonSkippedChar
2021-11-19T10:23:42,000|[TRACE] script - #out(`L`) [token]
2021-11-19T10:23:42,000|[TRACE] graph - <------- nonSkippedChar
2021-11-19T10:23:42,000|[TRACE] graph - <----- statementPart
2021-11-19T10:23:42,000|[TRACE] graph - -----> statementPart
2021-11-19T10:23:42,000|[TRACE] graph - -------> nonSkippedChar
2021-11-19T10:23:42,000|[TRACE] script - #out(`L`) [token]
2021-11-19T10:23:42,000|[TRACE] graph - <------- nonSkippedChar
2021-11-19T10:23:42,000|[TRACE] graph - <----- statementPart
2021-11-19T10:23:42,000|[TRACE] graph - -----> statementPart
2021-11-19T10:23:42,000|[TRACE] graph - -------> nonSkippedSpace
2021-11-19T10:23:42,000|[TRACE] script - #out(` `) [token]
2021-11-19T10:23:42,000|[TRACE] graph - <------- nonSkippedSpace
2021-11-19T10:23:42,000|[TRACE] graph - <----- statementPart
2021-11-19T10:23:42,000|[TRACE] graph - -----> statementPart
2021-11-19T10:23:42,000|[TRACE] graph - -------> nonSkippedChar
2021-11-19T10:23:42,000|[TRACE] script - #out(`D`) [token]
2021-11-19T10:23:42,000|[TRACE] graph - <------- nonSkippedChar
2021-11-19T10:23:42,000|[TRACE] graph - <----- statementPart
2021-11-19T10:23:42,000|[TRACE] graph - -----> statementPart
2021-11-19T10:23:42,000|[TRACE] graph - -------> nonSkippedChar
2021-11-19T10:23:42,000|[TRACE] script - #out(`E`) [token]
2021-11-19T10:23:42,000|[TRACE] graph - <------- nonSkippedChar
2021-11-19T10:23:42,000|[TRACE] graph - <----- statementPart
2021-11-19T10:23:42,000|[TRACE] graph - -----> statementPart
2021-11-19T10:23:42,000|[TRACE] graph - -------> nonSkippedChar
2021-11-19T10:23:42,000|[TRACE] script - #out(`F`) [token]
2021-11-19T10:23:42,000|[TRACE] graph - <------- nonSkippedChar
2021-11-19T10:23:42,000|[TRACE] graph - <----- statementPart
2021-11-19T10:23:42,000|[TRACE] graph - -----> statementPart
2021-11-19T10:23:42,000|[TRACE] graph - -------> nonSkippedChar
2021-11-19T10:23:42,000|[TRACE] script - #out(`A`) [token]
2021-11-19T10:23:42,000|[TRACE] graph - <------- nonSkippedChar
2021-11-19T10:23:42,000|[TRACE] graph - <----- statementPart
2021-11-19T10:23:42,000|[TRACE] graph - -----> statementPart
2021-11-19T10:23:42,000|[TRACE] graph - -------> nonSkippedChar
2021-11-19T10:23:42,000|[TRACE] script - #out(`U`) [token]
2021-11-19T10:23:42,000|[TRACE] graph - <------- nonSkippedChar
2021-11-19T10:23:42,000|[TRACE] graph - <----- statementPart
2021-11-19T10:23:42,000|[TRACE] graph - -----> statementPart
2021-11-19T10:23:42,000|[TRACE] graph - -------> nonSkippedChar
2021-11-19T10:23:42,000|[TRACE] script - #out(`L`) [token]
2021-11-19T10:23:42,000|[TRACE] graph - <------- nonSkippedChar
2021-11-19T10:23:42,000|[TRACE] graph - <----- statementPart
2021-11-19T10:23:42,000|[TRACE] graph - -----> statementPart
2021-11-19T10:23:42,000|[TRACE] graph - -------> nonSkippedChar
2021-11-19T10:23:42,000|[TRACE] script - #out(`T`) [token]
2021-11-19T10:23:42,000|[TRACE] graph - <------- nonSkippedChar
2021-11-19T10:23:42,000|[TRACE] graph - <----- statementPart
2021-11-19T10:23:42,000|[TRACE] graph - -----> statementPart
2021-11-19T10:23:42,000|[TRACE] graph - -------> nonSkippedSpace
2021-11-19T10:23:42,000|[TRACE] script - #out(` `) [token]
2021-11-19T10:23:42,000|[TRACE] graph - <------- nonSkippedSpace
2021-11-19T10:23:42,000|[TRACE] graph - <----- statementPart
2021-11-19T10:23:42,000|[TRACE] graph - -----> statementPart
2021-11-19T10:23:42,000|[TRACE] graph - -------> nonSkippedChar
2021-11-19T10:23:42,000|[TRACE] script - #out(`(`) [token]
2021-11-19T10:23:42,000|[TRACE] graph - <------- nonSkippedChar
2021-11-19T10:23:42,000|[TRACE] graph - <----- statementPart
2021-11-19T10:23:42,000|[TRACE] graph - -----> statementPart
2021-11-19T10:23:42,000|[TRACE] graph - -------> nonSkippedChar
2021-11-19T10:23:42,000|[TRACE] script - #out(`u`) [token]
2021-11-19T10:23:42,000|[TRACE] graph - <------- nonSkippedChar
2021-11-19T10:23:42,000|[TRACE] graph - <----- statementPart
2021-11-19T10:23:42,000|[TRACE] graph - -----> statementPart
2021-11-19T10:23:42,000|[TRACE] graph - -------> nonSkippedChar
2021-11-19T10:23:42,000|[TRACE] script - #out(`n`) [token]
2021-11-19T10:23:42,000|[TRACE] graph - <------- nonSkippedChar
2021-11-19T10:23:42,000|[TRACE] graph - <----- statementPart
2021-11-19T10:23:42,000|[TRACE] graph - -----> statementPart
2021-11-19T10:23:42,000|[TRACE] graph - -------> nonSkippedChar
2021-11-19T10:23:42,000|[TRACE] script - #out(`i`) [token]
2021-11-19T10:23:42,000|[TRACE] graph - <------- nonSkippedChar
2021-11-19T10:23:42,000|[TRACE] graph - <----- statementPart
2021-11-19T10:23:42,000|[TRACE] graph - -----> statementPart
2021-11-19T10:23:42,000|[TRACE] graph - -------> nonSkippedChar
2021-11-19T10:23:42,000|[TRACE] script - #out(`x`) [token]
2021-11-19T10:23:42,000|[TRACE] graph - <------- nonSkippedChar
2021-11-19T10:23:42,000|[TRACE] graph - <----- statementPart
2021-11-19T10:23:42,000|[TRACE] graph - -----> statementPart
2021-11-19T10:23:42,000|[TRACE] graph - -------> nonSkippedChar
2021-11-19T10:23:42,000|[TRACE] script - #out(`_`) [token]
2021-11-19T10:23:42,000|[TRACE] graph - <------- nonSkippedChar
2021-11-19T10:23:42,000|[TRACE] graph - <----- statementPart
2021-11-19T10:23:42,000|[TRACE] graph - -----> statementPart
2021-11-19T10:23:42,000|[TRACE] graph - -------> nonSkippedChar
2021-11-19T10:23:42,000|[TRACE] script - #out(`t`) [token]
2021-11-19T10:23:42,000|[TRACE] graph - <------- nonSkippedChar
2021-11-19T10:23:42,000|[TRACE] graph - <----- statementPart
2021-11-19T10:23:42,000|[TRACE] graph - -----> statementPart
2021-11-19T10:23:42,000|[TRACE] graph - -------> nonSkippedChar
2021-11-19T10:23:42,000|[TRACE] script - #out(`i`) [token]
2021-11-19T10:23:42,000|[TRACE] graph - <------- nonSkippedChar
2021-11-19T10:23:42,000|[TRACE] graph - <----- statementPart
2021-11-19T10:23:42,000|[TRACE] graph - -----> statementPart
2021-11-19T10:23:42,000|[TRACE] graph - -------> nonSkippedChar
2021-11-19T10:23:42,000|[TRACE] script - #out(`m`) [token]
2021-11-19T10:23:42,000|[TRACE] graph - <------- nonSkippedChar
2021-11-19T10:23:42,000|[TRACE] graph - <----- statementPart
2021-11-19T10:23:42,000|[TRACE] graph - -----> statementPart
2021-11-19T10:23:42,000|[TRACE] graph - -------> nonSkippedChar
2021-11-19T10:23:42,000|[TRACE] script - #out(`e`) [token]
2021-11-19T10:23:42,001|[TRACE] graph - <------- nonSkippedChar
2021-11-19T10:23:42,001|[TRACE] graph - <----- statementPart
2021-11-19T10:23:42,001|[TRACE] graph - -----> statementPart
2021-11-19T10:23:42,001|[TRACE] graph - -------> nonSkippedChar
2021-11-19T10:23:42,001|[TRACE] script - #out(`s`) [token]
2021-11-19T10:23:42,001|[TRACE] graph - <------- nonSkippedChar
2021-11-19T10:23:42,001|[TRACE] graph - <----- statementPart
2021-11-19T10:23:42,001|[TRACE] graph - -----> statementPart
2021-11-19T10:23:42,001|[TRACE] graph - -------> nonSkippedChar
2021-11-19T10:23:42,001|[TRACE] script - #out(`t`) [token]
2021-11-19T10:23:42,001|[TRACE] graph - <------- nonSkippedChar
2021-11-19T10:23:42,001|[TRACE] graph - <----- statementPart
2021-11-19T10:23:42,001|[TRACE] graph - -----> statementPart
2021-11-19T10:23:42,001|[TRACE] graph - -------> nonSkippedChar
2021-11-19T10:23:42,001|[TRACE] script - #out(`a`) [token]
2021-11-19T10:23:42,001|[TRACE] graph - <------- nonSkippedChar
2021-11-19T10:23:42,001|[TRACE] graph - <----- statementPart
2021-11-19T10:23:42,001|[TRACE] graph - -----> statementPart
2021-11-19T10:23:42,001|[TRACE] graph - -------> nonSkippedChar
2021-11-19T10:23:42,001|[TRACE] script - #out(`m`) [token]
2021-11-19T10:23:42,001|[TRACE] graph - <------- nonSkippedChar
2021-11-19T10:23:42,001|[TRACE] graph - <----- statementPart
2021-11-19T10:23:42,001|[TRACE] graph - -----> statementPart
2021-11-19T10:23:42,001|[TRACE] graph - -------> nonSkippedChar
2021-11-19T10:23:42,001|[TRACE] script - #out(`p`) [token]
2021-11-19T10:23:42,001|[TRACE] graph - <------- nonSkippedChar
2021-11-19T10:23:42,001|[TRACE] graph - <----- statementPart
2021-11-19T10:23:42,001|[TRACE] graph - -----> statementPart
2021-11-19T10:23:42,001|[TRACE] graph - -------> nonSkippedChar
2021-11-19T10:23:42,001|[TRACE] script - #out(`(`) [token]
2021-11-19T10:23:42,001|[TRACE] graph - <------- nonSkippedChar
2021-11-19T10:23:42,001|[TRACE] graph - <----- statementPart
2021-11-19T10:23:42,001|[TRACE] graph - -----> statementPart
2021-11-19T10:23:42,001|[TRACE] graph - -------> nonSkippedChar
2021-11-19T10:23:42,001|[TRACE] script - #out(`n`) [token]
2021-11-19T10:23:42,001|[TRACE] graph - <------- nonSkippedChar
2021-11-19T10:23:42,001|[TRACE] graph - <----- statementPart
2021-11-19T10:23:42,001|[TRACE] graph - -----> statementPart
2021-11-19T10:23:42,001|[TRACE] graph - -------> nonSkippedChar
2021-11-19T10:23:42,001|[TRACE] script - #out(`o`) [token]
2021-11-19T10:23:42,001|[TRACE] graph - <------- nonSkippedChar
2021-11-19T10:23:42,001|[TRACE] graph - <----- statementPart
2021-11-19T10:23:42,001|[TRACE] graph - -----> statementPart
2021-11-19T10:23:42,001|[TRACE] graph - -------> nonSkippedChar
2021-11-19T10:23:42,001|[TRACE] script - #out(`w`) [token]
2021-11-19T10:23:42,001|[TRACE] graph - <------- nonSkippedChar
2021-11-19T10:23:42,001|[TRACE] graph - <----- statementPart
2021-11-19T10:23:42,001|[TRACE] graph - -----> statementPart
2021-11-19T10:23:42,001|[TRACE] graph - -------> nonSkippedChar
2021-11-19T10:23:42,001|[TRACE] script - #out(`(`) [token]
2021-11-19T10:23:42,001|[TRACE] graph - <------- nonSkippedChar
2021-11-19T10:23:42,001|[TRACE] graph - <----- statementPart
2021-11-19T10:23:42,001|[TRACE] graph - -----> statementPart
2021-11-19T10:23:42,001|[TRACE] graph - -------> nonSkippedChar
2021-11-19T10:23:42,001|[TRACE] script - #out(`)`) [token]
2021-11-19T10:23:42,001|[TRACE] graph - <------- nonSkippedChar
2021-11-19T10:23:42,001|[TRACE] graph - <----- statementPart
2021-11-19T10:23:42,001|[TRACE] graph - -----> statementPart
2021-11-19T10:23:42,001|[TRACE] graph - -------> nonSkippedChar
2021-11-19T10:23:42,001|[TRACE] script - #out(`)`) [token]
2021-11-19T10:23:42,001|[TRACE] graph - <------- nonSkippedChar
2021-11-19T10:23:42,001|[TRACE] graph - <----- statementPart
2021-11-19T10:23:42,001|[TRACE] graph - -----> statementPart
2021-11-19T10:23:42,001|[TRACE] graph - -------> nonSkippedSpace
2021-11-19T10:23:42,001|[TRACE] script - #out(` `) [token]
2021-11-19T10:23:42,001|[TRACE] graph - <------- nonSkippedSpace
2021-11-19T10:23:42,001|[TRACE] graph - <----- statementPart
2021-11-19T10:23:42,001|[TRACE] graph - -----> statementPart
2021-11-19T10:23:42,001|[TRACE] graph - -------> nonSkippedChar
2021-11-19T10:23:42,001|[TRACE] script - #out(`*`) [token]
2021-11-19T10:23:42,001|[TRACE] graph - <------- nonSkippedChar
2021-11-19T10:23:42,001|[TRACE] graph - <----- statementPart
2021-11-19T10:23:42,001|[TRACE] graph - -----> statementPart
2021-11-19T10:23:42,001|[TRACE] graph - -------> nonSkippedSpace
2021-11-19T10:23:42,001|[TRACE] script - #out(` `) [token]
2021-11-19T10:23:42,001|[TRACE] graph - <------- nonSkippedSpace
2021-11-19T10:23:42,001|[TRACE] graph - <----- statementPart
2021-11-19T10:23:42,001|[TRACE] graph - -----> statementPart
2021-11-19T10:23:42,001|[TRACE] graph - -------> nonSkippedChar
2021-11-19T10:23:42,001|[TRACE] script - #out(`1`) [token]
2021-11-19T10:23:42,001|[TRACE] graph - <------- nonSkippedChar
2021-11-19T10:23:42,001|[TRACE] graph - <----- statementPart
2021-11-19T10:23:42,001|[TRACE] graph - -----> statementPart
2021-11-19T10:23:42,001|[TRACE] graph - -------> nonSkippedChar
2021-11-19T10:23:42,001|[TRACE] script - #out(`0`) [token]
2021-11-19T10:23:42,001|[TRACE] graph - <------- nonSkippedChar
2021-11-19T10:23:42,001|[TRACE] graph - <----- statementPart
2021-11-19T10:23:42,001|[TRACE] graph - -----> statementPart
2021-11-19T10:23:42,001|[TRACE] graph - -------> nonSkippedChar
2021-11-19T10:23:42,001|[TRACE] script - #out(`0`) [token]
2021-11-19T10:23:42,001|[TRACE] graph - <------- nonSkippedChar
2021-11-19T10:23:42,001|[TRACE] graph - <----- statementPart
2021-11-19T10:23:42,001|[TRACE] graph - -----> statementPart
2021-11-19T10:23:42,001|[TRACE] graph - -------> nonSkippedChar
2021-11-19T10:23:42,001|[TRACE] script - #out(`0`) [token]
2021-11-19T10:23:42,001|[TRACE] graph - <------- nonSkippedChar
2021-11-19T10:23:42,001|[TRACE] graph - <----- statementPart
2021-11-19T10:23:42,001|[TRACE] graph - -----> statementPart
2021-11-19T10:23:42,001|[TRACE] graph - -------> nonSkippedChar
2021-11-19T10:23:42,001|[TRACE] script - #out(`)`) [token]
2021-11-19T10:23:42,001|[TRACE] graph - <------- nonSkippedChar
2021-11-19T10:23:42,001|[TRACE] graph - <----- statementPart
2021-11-19T10:23:42,001|[TRACE] graph - -----> statementPart
2021-11-19T10:23:42,001|[TRACE] graph - -------> nonSkippedChar
2021-11-19T10:23:42,001|[TRACE] script - #out(`,`) [token]
2021-11-19T10:23:42,001|[TRACE] graph - <------- nonSkippedChar
2021-11-19T10:23:42,001|[TRACE] graph - <----- statementPart
2021-11-19T10:23:42,001|[TRACE] graph - -----> afterStatementPartNewline
2021-11-19T10:23:42,001|[TRACE] script - #out(` `) [text]
2021-11-19T10:23:42,001|[TRACE] graph - <----- afterStatementPartNewline
2021-11-19T10:23:42,001|[TRACE] graph - -----> statementPart
2021-11-19T10:23:42,001|[TRACE] graph - -------> nonSkippedSpace
2021-11-19T10:23:42,001|[TRACE] script - #out(` `) [token]
2021-11-19T10:23:42,001|[TRACE] graph - <------- nonSkippedSpace
2021-11-19T10:23:42,001|[TRACE] graph - <----- statementPart
2021-11-19T10:23:42,001|[TRACE] graph - -----> statementPart
2021-11-19T10:23:42,001|[TRACE] graph - -------> nonSkippedSpace
2021-11-19T10:23:42,001|[TRACE] script - #out(` `) [token]
2021-11-19T10:23:42,001|[TRACE] graph - <------- nonSkippedSpace
2021-11-19T10:23:42,001|[TRACE] graph - <----- statementPart
2021-11-19T10:23:42,001|[TRACE] graph - -----> statementPart
2021-11-19T10:23:42,001|[TRACE] graph - -------> quotedString
2021-11-19T10:23:42,001|[TRACE] script - #out(``version``) [token]
2021-11-19T10:23:42,001|[TRACE] graph - <------- quotedString
2021-11-19T10:23:42,001|[TRACE] graph - <----- statementPart
2021-11-19T10:23:42,001|[TRACE] graph - -----> statementPart
2021-11-19T10:23:42,001|[TRACE] graph - -------> nonSkippedSpace
2021-11-19T10:23:42,001|[TRACE] script - #out(` `) [token]
2021-11-19T10:23:42,001|[TRACE] graph - <------- nonSkippedSpace
2021-11-19T10:23:42,001|[TRACE] graph - <----- statementPart
2021-11-19T10:23:42,001|[TRACE] graph - -----> statementPart
2021-11-19T10:23:42,001|[TRACE] graph - -------> nonSkippedChar
2021-11-19T10:23:42,001|[TRACE] script - #out(`I`) [token]
2021-11-19T10:23:42,001|[TRACE] graph - <------- nonSkippedChar
2021-11-19T10:23:42,001|[TRACE] graph - <----- statementPart
2021-11-19T10:23:42,001|[TRACE] graph - -----> statementPart
2021-11-19T10:23:42,001|[TRACE] graph - -------> nonSkippedChar
2021-11-19T10:23:42,001|[TRACE] script - #out(`N`) [token]
2021-11-19T10:23:42,001|[TRACE] graph - <------- nonSkippedChar
2021-11-19T10:23:42,001|[TRACE] graph - <----- statementPart
2021-11-19T10:23:42,001|[TRACE] graph - -----> statementPart
2021-11-19T10:23:42,001|[TRACE] graph - -------> nonSkippedChar
2021-11-19T10:23:42,001|[TRACE] script - #out(`T`) [token]
2021-11-19T10:23:42,001|[TRACE] graph - <------- nonSkippedChar
2021-11-19T10:23:42,001|[TRACE] graph - <----- statementPart
2021-11-19T10:23:42,001|[TRACE] graph - -----> statementPart
2021-11-19T10:23:42,001|[TRACE] graph - -------> nonSkippedSpace
2021-11-19T10:23:42,001|[TRACE] script - #out(` `) [token]
2021-11-19T10:23:42,001|[TRACE] graph - <------- nonSkippedSpace
2021-11-19T10:23:42,001|[TRACE] graph - <----- statementPart
2021-11-19T10:23:42,001|[TRACE] graph - -----> statementPart
2021-11-19T10:23:42,001|[TRACE] graph - -------> nonSkippedChar
2021-11-19T10:23:42,001|[TRACE] script - #out(`N`) [token]
2021-11-19T10:23:42,001|[TRACE] graph - <------- nonSkippedChar
2021-11-19T10:23:42,001|[TRACE] graph - <----- statementPart
2021-11-19T10:23:42,001|[TRACE] graph - -----> statementPart
2021-11-19T10:23:42,001|[TRACE] graph - -------> nonSkippedChar
2021-11-19T10:23:42,001|[TRACE] script - #out(`O`) [token]
2021-11-19T10:23:42,001|[TRACE] graph - <------- nonSkippedChar
2021-11-19T10:23:42,001|[TRACE] graph - <----- statementPart
2021-11-19T10:23:42,001|[TRACE] graph - -----> statementPart
2021-11-19T10:23:42,001|[TRACE] graph - -------> nonSkippedChar
2021-11-19T10:23:42,001|[TRACE] script - #out(`T`) [token]
2021-11-19T10:23:42,001|[TRACE] graph - <------- nonSkippedChar
2021-11-19T10:23:42,001|[TRACE] graph - <----- statementPart
2021-11-19T10:23:42,001|[TRACE] graph - -----> statementPart
2021-11-19T10:23:42,001|[TRACE] graph - -------> nonSkippedSpace
2021-11-19T10:23:42,001|[TRACE] script - #out(` `) [token]
2021-11-19T10:23:42,001|[TRACE] graph - <------- nonSkippedSpace
2021-11-19T10:23:42,001|[TRACE] graph - <----- statementPart
2021-11-19T10:23:42,002|[TRACE] graph - -----> statementPart
2021-11-19T10:23:42,002|[TRACE] graph - -------> nonSkippedChar
2021-11-19T10:23:42,002|[TRACE] script - #out(`N`) [token]
2021-11-19T10:23:42,002|[TRACE] graph - <------- nonSkippedChar
2021-11-19T10:23:42,002|[TRACE] graph - <----- statementPart
2021-11-19T10:23:42,002|[TRACE] graph - -----> statementPart
2021-11-19T10:23:42,002|[TRACE] graph - -------> nonSkippedChar
2021-11-19T10:23:42,002|[TRACE] script - #out(`U`) [token]
2021-11-19T10:23:42,002|[TRACE] graph - <------- nonSkippedChar
2021-11-19T10:23:42,002|[TRACE] graph - <----- statementPart
2021-11-19T10:23:42,002|[TRACE] graph - -----> statementPart
2021-11-19T10:23:42,002|[TRACE] graph - -------> nonSkippedChar
2021-11-19T10:23:42,002|[TRACE] script - #out(`L`) [token]
2021-11-19T10:23:42,002|[TRACE] graph - <------- nonSkippedChar
2021-11-19T10:23:42,002|[TRACE] graph - <----- statementPart
2021-11-19T10:23:42,002|[TRACE] graph - -----> statementPart
2021-11-19T10:23:42,002|[TRACE] graph - -------> nonSkippedChar
2021-11-19T10:23:42,002|[TRACE] script - #out(`L`) [token]
2021-11-19T10:23:42,002|[TRACE] graph - <------- nonSkippedChar
2021-11-19T10:23:42,002|[TRACE] graph - <----- statementPart
2021-11-19T10:23:42,002|[TRACE] graph - -----> statementPart
2021-11-19T10:23:42,002|[TRACE] graph - -------> nonSkippedSpace
2021-11-19T10:23:42,002|[TRACE] script - #out(` `) [token]
2021-11-19T10:23:42,002|[TRACE] graph - <------- nonSkippedSpace
2021-11-19T10:23:42,002|[TRACE] graph - <----- statementPart
2021-11-19T10:23:42,002|[TRACE] graph - -----> statementPart
2021-11-19T10:23:42,002|[TRACE] graph - -------> nonSkippedChar
2021-11-19T10:23:42,002|[TRACE] script - #out(`D`) [token]
2021-11-19T10:23:42,002|[TRACE] graph - <------- nonSkippedChar
2021-11-19T10:23:42,002|[TRACE] graph - <----- statementPart
2021-11-19T10:23:42,002|[TRACE] graph - -----> statementPart
2021-11-19T10:23:42,002|[TRACE] graph - -------> nonSkippedChar
2021-11-19T10:23:42,002|[TRACE] script - #out(`E`) [token]
2021-11-19T10:23:42,002|[TRACE] graph - <------- nonSkippedChar
2021-11-19T10:23:42,002|[TRACE] graph - <----- statementPart
2021-11-19T10:23:42,002|[TRACE] graph - -----> statementPart
2021-11-19T10:23:42,002|[TRACE] graph - -------> nonSkippedChar
2021-11-19T10:23:42,002|[TRACE] script - #out(`F`) [token]
2021-11-19T10:23:42,002|[TRACE] graph - <------- nonSkippedChar
2021-11-19T10:23:42,002|[TRACE] graph - <----- statementPart
2021-11-19T10:23:42,002|[TRACE] graph - -----> statementPart
2021-11-19T10:23:42,002|[TRACE] graph - -------> nonSkippedChar
2021-11-19T10:23:42,002|[TRACE] script - #out(`A`) [token]
2021-11-19T10:23:42,002|[TRACE] graph - <------- nonSkippedChar
2021-11-19T10:23:42,002|[TRACE] graph - <----- statementPart
2021-11-19T10:23:42,002|[TRACE] graph - -----> statementPart
2021-11-19T10:23:42,002|[TRACE] graph - -------> nonSkippedChar
2021-11-19T10:23:42,002|[TRACE] script - #out(`U`) [token]
2021-11-19T10:23:42,002|[TRACE] graph - <------- nonSkippedChar
2021-11-19T10:23:42,002|[TRACE] graph - <----- statementPart
2021-11-19T10:23:42,002|[TRACE] graph - -----> statementPart
2021-11-19T10:23:42,002|[TRACE] graph - -------> nonSkippedChar
2021-11-19T10:23:42,002|[TRACE] script - #out(`L`) [token]
2021-11-19T10:23:42,002|[TRACE] graph - <------- nonSkippedChar
2021-11-19T10:23:42,002|[TRACE] graph - <----- statementPart
2021-11-19T10:23:42,002|[TRACE] graph - -----> statementPart
2021-11-19T10:23:42,002|[TRACE] graph - -------> nonSkippedChar
2021-11-19T10:23:42,002|[TRACE] script - #out(`T`) [token]
2021-11-19T10:23:42,002|[TRACE] graph - <------- nonSkippedChar
2021-11-19T10:23:42,002|[TRACE] graph - <----- statementPart
2021-11-19T10:23:42,002|[TRACE] graph - -----> statementPart
2021-11-19T10:23:42,002|[TRACE] graph - -------> nonSkippedSpace
2021-11-19T10:23:42,002|[TRACE] script - #out(` `) [token]
2021-11-19T10:23:42,002|[TRACE] graph - <------- nonSkippedSpace
2021-11-19T10:23:42,002|[TRACE] graph - <----- statementPart
2021-11-19T10:23:42,002|[TRACE] graph - -----> statementPart
2021-11-19T10:23:42,002|[TRACE] graph - -------> nonSkippedChar
2021-11-19T10:23:42,002|[TRACE] script - #out(`1`) [token]
2021-11-19T10:23:42,002|[TRACE] graph - <------- nonSkippedChar
2021-11-19T10:23:42,002|[TRACE] graph - <----- statementPart
2021-11-19T10:23:42,002|[TRACE] graph - -----> statementPart
2021-11-19T10:23:42,002|[TRACE] graph - -------> nonSkippedChar
2021-11-19T10:23:42,002|[TRACE] script - #out(`,`) [token]
2021-11-19T10:23:42,002|[TRACE] graph - <------- nonSkippedChar
2021-11-19T10:23:42,002|[TRACE] graph - <----- statementPart
2021-11-19T10:23:42,002|[TRACE] graph - -----> afterStatementPartNewline
2021-11-19T10:23:42,002|[TRACE] script - #out(` `) [text]
2021-11-19T10:23:42,002|[TRACE] graph - <----- afterStatementPartNewline
2021-11-19T10:23:42,002|[TRACE] graph - -----> statementPart
2021-11-19T10:23:42,002|[TRACE] graph - -------> nonSkippedSpace
2021-11-19T10:23:42,002|[TRACE] script - #out(` `) [token]
2021-11-19T10:23:42,002|[TRACE] graph - <------- nonSkippedSpace
2021-11-19T10:23:42,002|[TRACE] graph - <----- statementPart
2021-11-19T10:23:42,002|[TRACE] graph - -----> statementPart
2021-11-19T10:23:42,002|[TRACE] graph - -------> nonSkippedSpace
2021-11-19T10:23:42,002|[TRACE] script - #out(` `) [token]
2021-11-19T10:23:42,002|[TRACE] graph - <------- nonSkippedSpace
2021-11-19T10:23:42,002|[TRACE] graph - <----- statementPart
2021-11-19T10:23:42,002|[TRACE] graph - -----> statementPart
2021-11-19T10:23:42,002|[TRACE] graph - -------> nonSkippedChar
2021-11-19T10:23:42,002|[TRACE] script - #out(`I`) [token]
2021-11-19T10:23:42,002|[TRACE] graph - <------- nonSkippedChar
2021-11-19T10:23:42,002|[TRACE] graph - <----- statementPart
2021-11-19T10:23:42,002|[TRACE] graph - -----> statementPart
2021-11-19T10:23:42,002|[TRACE] graph - -------> nonSkippedChar
2021-11-19T10:23:42,002|[TRACE] script - #out(`N`) [token]
2021-11-19T10:23:42,002|[TRACE] graph - <------- nonSkippedChar
2021-11-19T10:23:42,002|[TRACE] graph - <----- statementPart
2021-11-19T10:23:42,002|[TRACE] graph - -----> statementPart
2021-11-19T10:23:42,002|[TRACE] graph - -------> nonSkippedChar
2021-11-19T10:23:42,002|[TRACE] script - #out(`D`) [token]
2021-11-19T10:23:42,002|[TRACE] graph - <------- nonSkippedChar
2021-11-19T10:23:42,002|[TRACE] graph - <----- statementPart
2021-11-19T10:23:42,002|[TRACE] graph - -----> statementPart
2021-11-19T10:23:42,002|[TRACE] graph - -------> nonSkippedChar
2021-11-19T10:23:42,002|[TRACE] script - #out(`E`) [token]
2021-11-19T10:23:42,002|[TRACE] graph - <------- nonSkippedChar
2021-11-19T10:23:42,002|[TRACE] graph - <----- statementPart
2021-11-19T10:23:42,002|[TRACE] graph - -----> statementPart
2021-11-19T10:23:42,002|[TRACE] graph - -------> nonSkippedChar
2021-11-19T10:23:42,002|[TRACE] script - #out(`X`) [token]
2021-11-19T10:23:42,002|[TRACE] graph - <------- nonSkippedChar
2021-11-19T10:23:42,002|[TRACE] graph - <----- statementPart
2021-11-19T10:23:42,002|[TRACE] graph - -----> statementPart
2021-11-19T10:23:42,002|[TRACE] graph - -------> nonSkippedSpace
2021-11-19T10:23:42,002|[TRACE] script - #out(` `) [token]
2021-11-19T10:23:42,002|[TRACE] graph - <------- nonSkippedSpace
2021-11-19T10:23:42,002|[TRACE] graph - <----- statementPart
2021-11-19T10:23:42,002|[TRACE] graph - -----> statementPart
2021-11-19T10:23:42,002|[TRACE] graph - -------> quotedString
2021-11-19T10:23:42,002|[TRACE] script - #out(``fk_donation_record_person1_idx``) [token]
2021-11-19T10:23:42,002|[TRACE] graph - <------- quotedString
2021-11-19T10:23:42,002|[TRACE] graph - <----- statementPart
2021-11-19T10:23:42,002|[TRACE] graph - -----> statementPart
2021-11-19T10:23:42,002|[TRACE] graph - -------> nonSkippedSpace
2021-11-19T10:23:42,002|[TRACE] script - #out(` `) [token]
2021-11-19T10:23:42,002|[TRACE] graph - <------- nonSkippedSpace
2021-11-19T10:23:42,002|[TRACE] graph - <----- statementPart
2021-11-19T10:23:42,002|[TRACE] graph - -----> statementPart
2021-11-19T10:23:42,002|[TRACE] graph - -------> nonSkippedChar
2021-11-19T10:23:42,002|[TRACE] script - #out(`(`) [token]
2021-11-19T10:23:42,002|[TRACE] graph - <------- nonSkippedChar
2021-11-19T10:23:42,002|[TRACE] graph - <----- statementPart
2021-11-19T10:23:42,002|[TRACE] graph - -----> statementPart
2021-11-19T10:23:42,002|[TRACE] graph - -------> quotedString
2021-11-19T10:23:42,002|[TRACE] script - #out(``person_id``) [token]
2021-11-19T10:23:42,002|[TRACE] graph - <------- quotedString
2021-11-19T10:23:42,002|[TRACE] graph - <----- statementPart
2021-11-19T10:23:42,002|[TRACE] graph - -----> statementPart
2021-11-19T10:23:42,002|[TRACE] graph - -------> nonSkippedSpace
2021-11-19T10:23:42,002|[TRACE] script - #out(` `) [token]
2021-11-19T10:23:42,002|[TRACE] graph - <------- nonSkippedSpace
2021-11-19T10:23:42,002|[TRACE] graph - <----- statementPart
2021-11-19T10:23:42,002|[TRACE] graph - -----> statementPart
2021-11-19T10:23:42,002|[TRACE] graph - -------> nonSkippedChar
2021-11-19T10:23:42,002|[TRACE] script - #out(`A`) [token]
2021-11-19T10:23:42,002|[TRACE] graph - <------- nonSkippedChar
2021-11-19T10:23:42,002|[TRACE] graph - <----- statementPart
2021-11-19T10:23:42,002|[TRACE] graph - -----> statementPart
2021-11-19T10:23:42,002|[TRACE] graph - -------> nonSkippedChar
2021-11-19T10:23:42,002|[TRACE] script - #out(`S`) [token]
2021-11-19T10:23:42,002|[TRACE] graph - <------- nonSkippedChar
2021-11-19T10:23:42,002|[TRACE] graph - <----- statementPart
2021-11-19T10:23:42,002|[TRACE] graph - -----> statementPart
2021-11-19T10:23:42,002|[TRACE] graph - -------> nonSkippedChar
2021-11-19T10:23:42,002|[TRACE] script - #out(`C`) [token]
2021-11-19T10:23:42,114|[TRACE] graph - <------- nonSkippedChar
2021-11-19T10:23:42,114|[TRACE] graph - <----- statementPart
2021-11-19T10:23:42,114|[TRACE] graph - -----> statementPart
2021-11-19T10:23:42,114|[TRACE] graph - -------> nonSkippedChar
2021-11-19T10:23:42,114|[TRACE] script - #out(`)`) [token]
2021-11-19T10:23:42,114|[TRACE] graph - <------- nonSkippedChar
2021-11-19T10:23:42,114|[TRACE] graph - <----- statementPart
2021-11-19T10:23:42,114|[TRACE] graph - -----> statementPart
2021-11-19T10:23:42,114|[TRACE] graph - -------> nonSkippedSpace
2021-11-19T10:23:42,114|[TRACE] script - #out(` `) [token]
2021-11-19T10:23:42,114|[TRACE] graph - <------- nonSkippedSpace
2021-11-19T10:23:42,114|[TRACE] graph - <----- statementPart
2021-11-19T10:23:42,114|[TRACE] graph - -----> statementPart
2021-11-19T10:23:42,114|[TRACE] graph - -------> nonSkippedChar
2021-11-19T10:23:42,114|[TRACE] script - #out(`V`) [token]
2021-11-19T10:23:42,114|[TRACE] graph - <------- nonSkippedChar
2021-11-19T10:23:42,114|[TRACE] graph - <----- statementPart
2021-11-19T10:23:42,114|[TRACE] graph - -----> statementPart
2021-11-19T10:23:42,114|[TRACE] graph - -------> nonSkippedChar
2021-11-19T10:23:42,114|[TRACE] script - #out(`I`) [token]
2021-11-19T10:23:42,114|[TRACE] graph - <------- nonSkippedChar
2021-11-19T10:23:42,114|[TRACE] graph - <----- statementPart
2021-11-19T10:23:42,114|[TRACE] graph - -----> statementPart
2021-11-19T10:23:42,114|[TRACE] graph - -------> nonSkippedChar
2021-11-19T10:23:42,114|[TRACE] script - #out(`S`) [token]
2021-11-19T10:23:42,114|[TRACE] graph - <------- nonSkippedChar
2021-11-19T10:23:42,114|[TRACE] graph - <----- statementPart
2021-11-19T10:23:42,114|[TRACE] graph - -----> statementPart
2021-11-19T10:23:42,114|[TRACE] graph - -------> nonSkippedChar
2021-11-19T10:23:42,114|[TRACE] script - #out(`I`) [token]
2021-11-19T10:23:42,114|[TRACE] graph - <------- nonSkippedChar
2021-11-19T10:23:42,114|[TRACE] graph - <----- statementPart
2021-11-19T10:23:42,114|[TRACE] graph - -----> statementPart
2021-11-19T10:23:42,114|[TRACE] graph - -------> nonSkippedChar
2021-11-19T10:23:42,114|[TRACE] script - #out(`B`) [token]
2021-11-19T10:23:42,114|[TRACE] graph - <------- nonSkippedChar
2021-11-19T10:23:42,114|[TRACE] graph - <----- statementPart
2021-11-19T10:23:42,114|[TRACE] graph - -----> statementPart
2021-11-19T10:23:42,114|[TRACE] graph - -------> nonSkippedChar
2021-11-19T10:23:42,114|[TRACE] script - #out(`L`) [token]
2021-11-19T10:23:42,114|[TRACE] graph - <------- nonSkippedChar
2021-11-19T10:23:42,114|[TRACE] graph - <----- statementPart
2021-11-19T10:23:42,114|[TRACE] graph - -----> statementPart
2021-11-19T10:23:42,114|[TRACE] graph - -------> nonSkippedChar
2021-11-19T10:23:42,114|[TRACE] script - #out(`E`) [token]
2021-11-19T10:23:42,114|[TRACE] graph - <------- nonSkippedChar
2021-11-19T10:23:42,114|[TRACE] graph - <----- statementPart
2021-11-19T10:23:42,114|[TRACE] graph - -----> statementPart
2021-11-19T10:23:42,114|[TRACE] graph - -------> nonSkippedChar
2021-11-19T10:23:42,114|[TRACE] script - #out(`,`) [token]
2021-11-19T10:23:42,114|[TRACE] graph - <------- nonSkippedChar
2021-11-19T10:23:42,114|[TRACE] graph - <----- statementPart
2021-11-19T10:23:42,114|[TRACE] graph - -----> afterStatementPartNewline
2021-11-19T10:23:42,114|[TRACE] script - #out(` `) [text]
2021-11-19T10:23:42,114|[TRACE] graph - <----- afterStatementPartNewline
2021-11-19T10:23:42,114|[TRACE] graph - -----> statementPart
2021-11-19T10:23:42,114|[TRACE] graph - -------> nonSkippedSpace
2021-11-19T10:23:42,114|[TRACE] script - #out(` `) [token]
2021-11-19T10:23:42,114|[TRACE] graph - <------- nonSkippedSpace
2021-11-19T10:23:42,114|[TRACE] graph - <----- statementPart
2021-11-19T10:23:42,114|[TRACE] graph - -----> statementPart
2021-11-19T10:23:42,114|[TRACE] graph - -------> nonSkippedSpace
2021-11-19T10:23:42,114|[TRACE] script - #out(` `) [token]
2021-11-19T10:23:42,114|[TRACE] graph - <------- nonSkippedSpace
2021-11-19T10:23:42,114|[TRACE] graph - <----- statementPart
2021-11-19T10:23:42,114|[TRACE] graph - -----> statementPart
2021-11-19T10:23:42,114|[TRACE] graph - -------> nonSkippedChar
2021-11-19T10:23:42,114|[TRACE] script - #out(`I`) [token]
2021-11-19T10:23:42,114|[TRACE] graph - <------- nonSkippedChar
2021-11-19T10:23:42,114|[TRACE] graph - <----- statementPart
2021-11-19T10:23:42,114|[TRACE] graph - -----> statementPart
2021-11-19T10:23:42,114|[TRACE] graph - -------> nonSkippedChar
2021-11-19T10:23:42,114|[TRACE] script - #out(`N`) [token]
2021-11-19T10:23:42,114|[TRACE] graph - <------- nonSkippedChar
2021-11-19T10:23:42,114|[TRACE] graph - <----- statementPart
2021-11-19T10:23:42,114|[TRACE] graph - -----> statementPart
2021-11-19T10:23:42,114|[TRACE] graph - -------> nonSkippedChar
2021-11-19T10:23:42,114|[TRACE] script - #out(`D`) [token]
2021-11-19T10:23:42,114|[TRACE] graph - <------- nonSkippedChar
2021-11-19T10:23:42,114|[TRACE] graph - <----- statementPart
2021-11-19T10:23:42,114|[TRACE] graph - -----> statementPart
2021-11-19T10:23:42,114|[TRACE] graph - -------> nonSkippedChar
2021-11-19T10:23:42,114|[TRACE] script - #out(`E`) [token]
2021-11-19T10:23:42,114|[TRACE] graph - <------- nonSkippedChar
2021-11-19T10:23:42,114|[TRACE] graph - <----- statementPart
2021-11-19T10:23:42,114|[TRACE] graph - -----> statementPart
2021-11-19T10:23:42,114|[TRACE] graph - -------> nonSkippedChar
2021-11-19T10:23:42,114|[TRACE] script - #out(`X`) [token]
2021-11-19T10:23:42,114|[TRACE] graph - <------- nonSkippedChar
2021-11-19T10:23:42,114|[TRACE] graph - <----- statementPart
2021-11-19T10:23:42,114|[TRACE] graph - -----> statementPart
2021-11-19T10:23:42,114|[TRACE] graph - -------> nonSkippedSpace
2021-11-19T10:23:42,114|[TRACE] script - #out(` `) [token]
2021-11-19T10:23:42,114|[TRACE] graph - <------- nonSkippedSpace
2021-11-19T10:23:42,114|[TRACE] graph - <----- statementPart
2021-11-19T10:23:42,114|[TRACE] graph - -----> statementPart
2021-11-19T10:23:42,114|[TRACE] graph - -------> quotedString
2021-11-19T10:23:42,114|[TRACE] script - #out(``fk_donation_record_blood_donation1_idx``) [token]
2021-11-19T10:23:42,114|[TRACE] graph - <------- quotedString
2021-11-19T10:23:42,114|[TRACE] graph - <----- statementPart
2021-11-19T10:23:42,114|[TRACE] graph - -----> statementPart
2021-11-19T10:23:42,114|[TRACE] graph - -------> nonSkippedSpace
2021-11-19T10:23:42,114|[TRACE] script - #out(` `) [token]
2021-11-19T10:23:42,114|[TRACE] graph - <------- nonSkippedSpace
2021-11-19T10:23:42,114|[TRACE] graph - <----- statementPart
2021-11-19T10:23:42,114|[TRACE] graph - -----> statementPart
2021-11-19T10:23:42,114|[TRACE] graph - -------> nonSkippedChar
2021-11-19T10:23:42,114|[TRACE] script - #out(`(`) [token]
2021-11-19T10:23:42,114|[TRACE] graph - <------- nonSkippedChar
2021-11-19T10:23:42,114|[TRACE] graph - <----- statementPart
2021-11-19T10:23:42,114|[TRACE] graph - -----> statementPart
2021-11-19T10:23:42,114|[TRACE] graph - -------> quotedString
2021-11-19T10:23:42,114|[TRACE] script - #out(``donation_id``) [token]
2021-11-19T10:23:42,114|[TRACE] graph - <------- quotedString
2021-11-19T10:23:42,114|[TRACE] graph - <----- statementPart
2021-11-19T10:23:42,114|[TRACE] graph - -----> statementPart
2021-11-19T10:23:42,114|[TRACE] graph - -------> nonSkippedSpace
2021-11-19T10:23:42,114|[TRACE] script - #out(` `) [token]
2021-11-19T10:23:42,114|[TRACE] graph - <------- nonSkippedSpace
2021-11-19T10:23:42,114|[TRACE] graph - <----- statementPart
2021-11-19T10:23:42,114|[TRACE] graph - -----> statementPart
2021-11-19T10:23:42,114|[TRACE] graph - -------> nonSkippedChar
2021-11-19T10:23:42,114|[TRACE] script - #out(`A`) [token]
2021-11-19T10:23:42,114|[TRACE] graph - <------- nonSkippedChar
2021-11-19T10:23:42,114|[TRACE] graph - <----- statementPart
2021-11-19T10:23:42,114|[TRACE] graph - -----> statementPart
2021-11-19T10:23:42,114|[TRACE] graph - -------> nonSkippedChar
2021-11-19T10:23:42,114|[TRACE] script - #out(`S`) [token]
2021-11-19T10:23:42,114|[TRACE] graph - <------- nonSkippedChar
2021-11-19T10:23:42,114|[TRACE] graph - <----- statementPart
2021-11-19T10:23:42,114|[TRACE] graph - -----> statementPart
2021-11-19T10:23:42,114|[TRACE] graph - -------> nonSkippedChar
2021-11-19T10:23:42,114|[TRACE] script - #out(`C`) [token]
2021-11-19T10:23:42,114|[TRACE] graph - <------- nonSkippedChar
2021-11-19T10:23:42,114|[TRACE] graph - <----- statementPart
2021-11-19T10:23:42,114|[TRACE] graph - -----> statementPart
2021-11-19T10:23:42,114|[TRACE] graph - -------> nonSkippedChar
2021-11-19T10:23:42,114|[TRACE] script - #out(`)`) [token]
2021-11-19T10:23:42,114|[TRACE] graph - <------- nonSkippedChar
2021-11-19T10:23:42,114|[TRACE] graph - <----- statementPart
2021-11-19T10:23:42,114|[TRACE] graph - -----> statementPart
2021-11-19T10:23:42,114|[TRACE] graph - -------> nonSkippedSpace
2021-11-19T10:23:42,114|[TRACE] script - #out(` `) [token]
2021-11-19T10:23:42,114|[TRACE] graph - <------- nonSkippedSpace
2021-11-19T10:23:42,114|[TRACE] graph - <----- statementPart
2021-11-19T10:23:42,114|[TRACE] graph - -----> statementPart
2021-11-19T10:23:42,114|[TRACE] graph - -------> nonSkippedChar
2021-11-19T10:23:42,114|[TRACE] script - #out(`V`) [token]
2021-11-19T10:23:42,114|[TRACE] graph - <------- nonSkippedChar
2021-11-19T10:23:42,114|[TRACE] graph - <----- statementPart
2021-11-19T10:23:42,114|[TRACE] graph - -----> statementPart
2021-11-19T10:23:42,114|[TRACE] graph - -------> nonSkippedChar
2021-11-19T10:23:42,114|[TRACE] script - #out(`I`) [token]
2021-11-19T10:23:42,114|[TRACE] graph - <------- nonSkippedChar
2021-11-19T10:23:42,114|[TRACE] graph - <----- statementPart
2021-11-19T10:23:42,114|[TRACE] graph - -----> statementPart
2021-11-19T10:23:42,114|[TRACE] graph - -------> nonSkippedChar
2021-11-19T10:23:42,114|[TRACE] script - #out(`S`) [token]
2021-11-19T10:23:42,114|[TRACE] graph - <------- nonSkippedChar
2021-11-19T10:23:42,114|[TRACE] graph - <----- statementPart
2021-11-19T10:23:42,114|[TRACE] graph - -----> statementPart
2021-11-19T10:23:42,114|[TRACE] graph - -------> nonSkippedChar
2021-11-19T10:23:42,114|[TRACE] script - #out(`I`) [token]
2021-11-19T10:23:42,114|[TRACE] graph - <------- nonSkippedChar
2021-11-19T10:23:42,114|[TRACE] graph - <----- statementPart
2021-11-19T10:23:42,114|[TRACE] graph - -----> statementPart
2021-11-19T10:23:42,114|[TRACE] graph - -------> nonSkippedChar
2021-11-19T10:23:42,114|[TRACE] script - #out(`B`) [token]
2021-11-19T10:23:42,114|[TRACE] graph - <------- nonSkippedChar
2021-11-19T10:23:42,114|[TRACE] graph - <----- statementPart
2021-11-19T10:23:42,114|[TRACE] graph - -----> statementPart
2021-11-19T10:23:42,114|[TRACE] graph - -------> nonSkippedChar
2021-11-19T10:23:42,114|[TRACE] script - #out(`L`) [token]
2021-11-19T10:23:42,114|[TRACE] graph - <------- nonSkippedChar
2021-11-19T10:23:42,114|[TRACE] graph - <----- statementPart
2021-11-19T10:23:42,114|[TRACE] graph - -----> statementPart
2021-11-19T10:23:42,114|[TRACE] graph - -------> nonSkippedChar
2021-11-19T10:23:42,114|[TRACE] script - #out(`E`) [token]
2021-11-19T10:23:42,114|[TRACE] graph - <------- nonSkippedChar
2021-11-19T10:23:42,114|[TRACE] graph - <----- statementPart
2021-11-19T10:23:42,114|[TRACE] graph - -----> statementPart
2021-11-19T10:23:42,114|[TRACE] graph - -------> nonSkippedChar
2021-11-19T10:23:42,114|[TRACE] script - #out(`,`) [token]
2021-11-19T10:23:42,114|[TRACE] graph - <------- nonSkippedChar
2021-11-19T10:23:42,114|[TRACE] graph - <----- statementPart
2021-11-19T10:23:42,114|[TRACE] graph - -----> afterStatementPartNewline
2021-11-19T10:23:42,114|[TRACE] script - #out(` `) [text]
2021-11-19T10:23:42,114|[TRACE] graph - <----- afterStatementPartNewline
2021-11-19T10:23:42,114|[TRACE] graph - -----> statementPart
2021-11-19T10:23:42,114|[TRACE] graph - -------> nonSkippedSpace
2021-11-19T10:23:42,114|[TRACE] script - #out(` `) [token]
2021-11-19T10:23:42,114|[TRACE] graph - <------- nonSkippedSpace
2021-11-19T10:23:42,114|[TRACE] graph - <----- statementPart
2021-11-19T10:23:42,114|[TRACE] graph - -----> statementPart
2021-11-19T10:23:42,114|[TRACE] graph - -------> nonSkippedSpace
2021-11-19T10:23:42,114|[TRACE] script - #out(` `) [token]
2021-11-19T10:23:42,114|[TRACE] graph - <------- nonSkippedSpace
2021-11-19T10:23:42,114|[TRACE] graph - <----- statementPart
2021-11-19T10:23:42,114|[TRACE] graph - -----> statementPart
2021-11-19T10:23:42,114|[TRACE] graph - -------> nonSkippedChar
2021-11-19T10:23:42,114|[TRACE] script - #out(`U`) [token]
2021-11-19T10:23:42,114|[TRACE] graph - <------- nonSkippedChar
2021-11-19T10:23:42,114|[TRACE] graph - <----- statementPart
2021-11-19T10:23:42,114|[TRACE] graph - -----> statementPart
2021-11-19T10:23:42,114|[TRACE] graph - -------> nonSkippedChar
2021-11-19T10:23:42,114|[TRACE] script - #out(`N`) [token]
2021-11-19T10:23:42,114|[TRACE] graph - <------- nonSkippedChar
2021-11-19T10:23:42,114|[TRACE] graph - <----- statementPart
2021-11-19T10:23:42,114|[TRACE] graph - -----> statementPart
2021-11-19T10:23:42,114|[TRACE] graph - -------> nonSkippedChar
2021-11-19T10:23:42,114|[TRACE] script - #out(`I`) [token]
2021-11-19T10:23:42,114|[TRACE] graph - <------- nonSkippedChar
2021-11-19T10:23:42,114|[TRACE] graph - <----- statementPart
2021-11-19T10:23:42,114|[TRACE] graph - -----> statementPart
2021-11-19T10:23:42,114|[TRACE] graph - -------> nonSkippedChar
2021-11-19T10:23:42,114|[TRACE] script - #out(`Q`) [token]
2021-11-19T10:23:42,114|[TRACE] graph - <------- nonSkippedChar
2021-11-19T10:23:42,114|[TRACE] graph - <----- statementPart
2021-11-19T10:23:42,114|[TRACE] graph - -----> statementPart
2021-11-19T10:23:42,114|[TRACE] graph - -------> nonSkippedChar
2021-11-19T10:23:42,114|[TRACE] script - #out(`U`) [token]
2021-11-19T10:23:42,114|[TRACE] graph - <------- nonSkippedChar
2021-11-19T10:23:42,114|[TRACE] graph - <----- statementPart
2021-11-19T10:23:42,114|[TRACE] graph - -----> statementPart
2021-11-19T10:23:42,114|[TRACE] graph - -------> nonSkippedChar
2021-11-19T10:23:42,114|[TRACE] script - #out(`E`) [token]
2021-11-19T10:23:42,114|[TRACE] graph - <------- nonSkippedChar
2021-11-19T10:23:42,114|[TRACE] graph - <----- statementPart
2021-11-19T10:23:42,114|[TRACE] graph - -----> statementPart
2021-11-19T10:23:42,115|[TRACE] graph - -------> nonSkippedSpace
2021-11-19T10:23:42,115|[TRACE] script - #out(` `) [token]
2021-11-19T10:23:42,115|[TRACE] graph - <------- nonSkippedSpace
2021-11-19T10:23:42,115|[TRACE] graph - <----- statementPart
2021-11-19T10:23:42,115|[TRACE] graph - -----> statementPart
2021-11-19T10:23:42,115|[TRACE] graph - -------> nonSkippedChar
2021-11-19T10:23:42,115|[TRACE] script - #out(`I`) [token]
2021-11-19T10:23:42,115|[TRACE] graph - <------- nonSkippedChar
2021-11-19T10:23:42,115|[TRACE] graph - <----- statementPart
2021-11-19T10:23:42,115|[TRACE] graph - -----> statementPart
2021-11-19T10:23:42,115|[TRACE] graph - -------> nonSkippedChar
2021-11-19T10:23:42,115|[TRACE] script - #out(`N`) [token]
2021-11-19T10:23:42,115|[TRACE] graph - <------- nonSkippedChar
2021-11-19T10:23:42,115|[TRACE] graph - <----- statementPart
2021-11-19T10:23:42,115|[TRACE] graph - -----> statementPart
2021-11-19T10:23:42,115|[TRACE] graph - -------> nonSkippedChar
2021-11-19T10:23:42,115|[TRACE] script - #out(`D`) [token]
2021-11-19T10:23:42,115|[TRACE] graph - <------- nonSkippedChar
2021-11-19T10:23:42,115|[TRACE] graph - <----- statementPart
2021-11-19T10:23:42,115|[TRACE] graph - -----> statementPart
2021-11-19T10:23:42,115|[TRACE] graph - -------> nonSkippedChar
2021-11-19T10:23:42,115|[TRACE] script - #out(`E`) [token]
2021-11-19T10:23:42,115|[TRACE] graph - <------- nonSkippedChar
2021-11-19T10:23:42,115|[TRACE] graph - <----- statementPart
2021-11-19T10:23:42,115|[TRACE] graph - -----> statementPart
2021-11-19T10:23:42,115|[TRACE] graph - -------> nonSkippedChar
2021-11-19T10:23:42,115|[TRACE] script - #out(`X`) [token]
2021-11-19T10:23:42,115|[TRACE] graph - <------- nonSkippedChar
2021-11-19T10:23:42,115|[TRACE] graph - <----- statementPart
2021-11-19T10:23:42,115|[TRACE] graph - -----> statementPart
2021-11-19T10:23:42,115|[TRACE] graph - -------> nonSkippedSpace
2021-11-19T10:23:42,115|[TRACE] script - #out(` `) [token]
2021-11-19T10:23:42,115|[TRACE] graph - <------- nonSkippedSpace
2021-11-19T10:23:42,115|[TRACE] graph - <----- statementPart
2021-11-19T10:23:42,115|[TRACE] graph - -----> statementPart
2021-11-19T10:23:42,115|[TRACE] graph - -------> quotedString
2021-11-19T10:23:42,115|[TRACE] script - #out(``record_id_UNIQUE``) [token]
2021-11-19T10:23:42,115|[TRACE] graph - <------- quotedString
2021-11-19T10:23:42,115|[TRACE] graph - <----- statementPart
2021-11-19T10:23:42,115|[TRACE] graph - -----> statementPart
2021-11-19T10:23:42,115|[TRACE] graph - -------> nonSkippedSpace
2021-11-19T10:23:42,115|[TRACE] script - #out(` `) [token]
2021-11-19T10:23:42,115|[TRACE] graph - <------- nonSkippedSpace
2021-11-19T10:23:42,115|[TRACE] graph - <----- statementPart
2021-11-19T10:23:42,115|[TRACE] graph - -----> statementPart
2021-11-19T10:23:42,115|[TRACE] graph - -------> nonSkippedChar
2021-11-19T10:23:42,115|[TRACE] script - #out(`(`) [token]
2021-11-19T10:23:42,115|[TRACE] graph - <------- nonSkippedChar
2021-11-19T10:23:42,115|[TRACE] graph - <----- statementPart
2021-11-19T10:23:42,115|[TRACE] graph - -----> statementPart
2021-11-19T10:23:42,115|[TRACE] graph - -------> quotedString
2021-11-19T10:23:42,115|[TRACE] script - #out(``record_id``) [token]
2021-11-19T10:23:42,115|[TRACE] graph - <------- quotedString
2021-11-19T10:23:42,115|[TRACE] graph - <----- statementPart
2021-11-19T10:23:42,115|[TRACE] graph - -----> statementPart
2021-11-19T10:23:42,115|[TRACE] graph - -------> nonSkippedSpace
2021-11-19T10:23:42,115|[TRACE] script - #out(` `) [token]
2021-11-19T10:23:42,115|[TRACE] graph - <------- nonSkippedSpace
2021-11-19T10:23:42,115|[TRACE] graph - <----- statementPart
2021-11-19T10:23:42,115|[TRACE] graph - -----> statementPart
2021-11-19T10:23:42,115|[TRACE] graph - -------> nonSkippedChar
2021-11-19T10:23:42,115|[TRACE] script - #out(`A`) [token]
2021-11-19T10:23:42,115|[TRACE] graph - <------- nonSkippedChar
2021-11-19T10:23:42,115|[TRACE] graph - <----- statementPart
2021-11-19T10:23:42,115|[TRACE] graph - -----> statementPart
2021-11-19T10:23:42,115|[TRACE] graph - -------> nonSkippedChar
2021-11-19T10:23:42,115|[TRACE] script - #out(`S`) [token]
2021-11-19T10:23:42,115|[TRACE] graph - <------- nonSkippedChar
2021-11-19T10:23:42,115|[TRACE] graph - <----- statementPart
2021-11-19T10:23:42,115|[TRACE] graph - -----> statementPart
2021-11-19T10:23:42,115|[TRACE] graph - -------> nonSkippedChar
2021-11-19T10:23:42,115|[TRACE] script - #out(`C`) [token]
2021-11-19T10:23:42,115|[TRACE] graph - <------- nonSkippedChar
2021-11-19T10:23:42,115|[TRACE] graph - <----- statementPart
2021-11-19T10:23:42,115|[TRACE] graph - -----> statementPart
2021-11-19T10:23:42,115|[TRACE] graph - -------> nonSkippedChar
2021-11-19T10:23:42,115|[TRACE] script - #out(`)`) [token]
2021-11-19T10:23:42,115|[TRACE] graph - <------- nonSkippedChar
2021-11-19T10:23:42,115|[TRACE] graph - <----- statementPart
2021-11-19T10:23:42,115|[TRACE] graph - -----> statementPart
2021-11-19T10:23:42,115|[TRACE] graph - -------> nonSkippedSpace
2021-11-19T10:23:42,115|[TRACE] script - #out(` `) [token]
2021-11-19T10:23:42,115|[TRACE] graph - <------- nonSkippedSpace
2021-11-19T10:23:42,115|[TRACE] graph - <----- statementPart
2021-11-19T10:23:42,115|[TRACE] graph - -----> statementPart
2021-11-19T10:23:42,115|[TRACE] graph - -------> nonSkippedChar
2021-11-19T10:23:42,115|[TRACE] script - #out(`V`) [token]
2021-11-19T10:23:42,115|[TRACE] graph - <------- nonSkippedChar
2021-11-19T10:23:42,115|[TRACE] graph - <----- statementPart
2021-11-19T10:23:42,115|[TRACE] graph - -----> statementPart
2021-11-19T10:23:42,115|[TRACE] graph - -------> nonSkippedChar
2021-11-19T10:23:42,115|[TRACE] script - #out(`I`) [token]
2021-11-19T10:23:42,115|[TRACE] graph - <------- nonSkippedChar
2021-11-19T10:23:42,115|[TRACE] graph - <----- statementPart
2021-11-19T10:23:42,115|[TRACE] graph - -----> statementPart
2021-11-19T10:23:42,115|[TRACE] graph - -------> nonSkippedChar
2021-11-19T10:23:42,115|[TRACE] script - #out(`S`) [token]
2021-11-19T10:23:42,115|[TRACE] graph - <------- nonSkippedChar
2021-11-19T10:23:42,115|[TRACE] graph - <----- statementPart
2021-11-19T10:23:42,115|[TRACE] graph - -----> statementPart
2021-11-19T10:23:42,115|[TRACE] graph - -------> nonSkippedChar
2021-11-19T10:23:42,115|[TRACE] script - #out(`I`) [token]
2021-11-19T10:23:42,115|[TRACE] graph - <------- nonSkippedChar
2021-11-19T10:23:42,115|[TRACE] graph - <----- statementPart
2021-11-19T10:23:42,115|[TRACE] graph - -----> statementPart
2021-11-19T10:23:42,115|[TRACE] graph - -------> nonSkippedChar
2021-11-19T10:23:42,115|[TRACE] script - #out(`B`) [token]
2021-11-19T10:23:42,115|[TRACE] graph - <------- nonSkippedChar
2021-11-19T10:23:42,115|[TRACE] graph - <----- statementPart
2021-11-19T10:23:42,115|[TRACE] graph - -----> statementPart
2021-11-19T10:23:42,115|[TRACE] graph - -------> nonSkippedChar
2021-11-19T10:23:42,115|[TRACE] script - #out(`L`) [token]
2021-11-19T10:23:42,115|[TRACE] graph - <------- nonSkippedChar
2021-11-19T10:23:42,115|[TRACE] graph - <----- statementPart
2021-11-19T10:23:42,115|[TRACE] graph - -----> statementPart
2021-11-19T10:23:42,115|[TRACE] graph - -------> nonSkippedChar
2021-11-19T10:23:42,115|[TRACE] script - #out(`E`) [token]
2021-11-19T10:23:42,115|[TRACE] graph - <------- nonSkippedChar
2021-11-19T10:23:42,115|[TRACE] graph - <----- statementPart
2021-11-19T10:23:42,115|[TRACE] graph - -----> statementPart
2021-11-19T10:23:42,115|[TRACE] graph - -------> nonSkippedChar
2021-11-19T10:23:42,115|[TRACE] script - #out(`,`) [token]
2021-11-19T10:23:42,115|[TRACE] graph - <------- nonSkippedChar
2021-11-19T10:23:42,115|[TRACE] graph - <----- statementPart
2021-11-19T10:23:42,115|[TRACE] graph - -----> afterStatementPartNewline
2021-11-19T10:23:42,115|[TRACE] script - #out(` `) [text]
2021-11-19T10:23:42,115|[TRACE] graph - <----- afterStatementPartNewline
2021-11-19T10:23:42,115|[TRACE] graph - -----> statementPart
2021-11-19T10:23:42,115|[TRACE] graph - -------> nonSkippedSpace
2021-11-19T10:23:42,115|[TRACE] script - #out(` `) [token]
2021-11-19T10:23:42,115|[TRACE] graph - <------- nonSkippedSpace
2021-11-19T10:23:42,115|[TRACE] graph - <----- statementPart
2021-11-19T10:23:42,115|[TRACE] graph - -----> statementPart
2021-11-19T10:23:42,115|[TRACE] graph - -------> nonSkippedSpace
2021-11-19T10:23:42,115|[TRACE] script - #out(` `) [token]
2021-11-19T10:23:42,115|[TRACE] graph - <------- nonSkippedSpace
2021-11-19T10:23:42,115|[TRACE] graph - <----- statementPart
2021-11-19T10:23:42,115|[TRACE] graph - -----> statementPart
2021-11-19T10:23:42,115|[TRACE] graph - -------> nonSkippedChar
2021-11-19T10:23:42,115|[TRACE] script - #out(`P`) [token]
2021-11-19T10:23:42,115|[TRACE] graph - <------- nonSkippedChar
2021-11-19T10:23:42,115|[TRACE] graph - <----- statementPart
2021-11-19T10:23:42,115|[TRACE] graph - -----> statementPart
2021-11-19T10:23:42,115|[TRACE] graph - -------> nonSkippedChar
2021-11-19T10:23:42,115|[TRACE] script - #out(`R`) [token]
2021-11-19T10:23:42,115|[TRACE] graph - <------- nonSkippedChar
2021-11-19T10:23:42,115|[TRACE] graph - <----- statementPart
2021-11-19T10:23:42,115|[TRACE] graph - -----> statementPart
2021-11-19T10:23:42,115|[TRACE] graph - -------> nonSkippedChar
2021-11-19T10:23:42,115|[TRACE] script - #out(`I`) [token]
2021-11-19T10:23:42,115|[TRACE] graph - <------- nonSkippedChar
2021-11-19T10:23:42,115|[TRACE] graph - <----- statementPart
2021-11-19T10:23:42,115|[TRACE] graph - -----> statementPart
2021-11-19T10:23:42,115|[TRACE] graph - -------> nonSkippedChar
2021-11-19T10:23:42,115|[TRACE] script - #out(`M`) [token]
2021-11-19T10:23:42,115|[TRACE] graph - <------- nonSkippedChar
2021-11-19T10:23:42,115|[TRACE] graph - <----- statementPart
2021-11-19T10:23:42,115|[TRACE] graph - -----> statementPart
2021-11-19T10:23:42,115|[TRACE] graph - -------> nonSkippedChar
2021-11-19T10:23:42,115|[TRACE] script - #out(`A`) [token]
2021-11-19T10:23:42,115|[TRACE] graph - <------- nonSkippedChar
2021-11-19T10:23:42,115|[TRACE] graph - <----- statementPart
2021-11-19T10:23:42,115|[TRACE] graph - -----> statementPart
2021-11-19T10:23:42,115|[TRACE] graph - -------> nonSkippedChar
2021-11-19T10:23:42,115|[TRACE] script - #out(`R`) [token]
2021-11-19T10:23:42,115|[TRACE] graph - <------- nonSkippedChar
2021-11-19T10:23:42,115|[TRACE] graph - <----- statementPart
2021-11-19T10:23:42,115|[TRACE] graph - -----> statementPart
2021-11-19T10:23:42,115|[TRACE] graph - -------> nonSkippedChar
2021-11-19T10:23:42,115|[TRACE] script - #out(`Y`) [token]
2021-11-19T10:23:42,115|[TRACE] graph - <------- nonSkippedChar
2021-11-19T10:23:42,115|[TRACE] graph - <----- statementPart
2021-11-19T10:23:42,115|[TRACE] graph - -----> statementPart
2021-11-19T10:23:42,115|[TRACE] graph - -------> nonSkippedSpace
2021-11-19T10:23:42,115|[TRACE] script - #out(` `) [token]
2021-11-19T10:23:42,115|[TRACE] graph - <------- nonSkippedSpace
2021-11-19T10:23:42,115|[TRACE] graph - <----- statementPart
2021-11-19T10:23:42,115|[TRACE] graph - -----> statementPart
2021-11-19T10:23:42,115|[TRACE] graph - -------> nonSkippedChar
2021-11-19T10:23:42,115|[TRACE] script - #out(`K`) [token]
2021-11-19T10:23:42,115|[TRACE] graph - <------- nonSkippedChar
2021-11-19T10:23:42,115|[TRACE] graph - <----- statementPart
2021-11-19T10:23:42,115|[TRACE] graph - -----> statementPart
2021-11-19T10:23:42,115|[TRACE] graph - -------> nonSkippedChar
2021-11-19T10:23:42,115|[TRACE] script - #out(`E`) [token]
2021-11-19T10:23:42,115|[TRACE] graph - <------- nonSkippedChar
2021-11-19T10:23:42,115|[TRACE] graph - <----- statementPart
2021-11-19T10:23:42,115|[TRACE] graph - -----> statementPart
2021-11-19T10:23:42,115|[TRACE] graph - -------> nonSkippedChar
2021-11-19T10:23:42,115|[TRACE] script - #out(`Y`) [token]
2021-11-19T10:23:42,115|[TRACE] graph - <------- nonSkippedChar
2021-11-19T10:23:42,115|[TRACE] graph - <----- statementPart
2021-11-19T10:23:42,115|[TRACE] graph - -----> statementPart
2021-11-19T10:23:42,115|[TRACE] graph - -------> nonSkippedSpace
2021-11-19T10:23:42,115|[TRACE] script - #out(` `) [token]
2021-11-19T10:23:42,115|[TRACE] graph - <------- nonSkippedSpace
2021-11-19T10:23:42,115|[TRACE] graph - <----- statementPart
2021-11-19T10:23:42,115|[TRACE] graph - -----> statementPart
2021-11-19T10:23:42,115|[TRACE] graph - -------> nonSkippedChar
2021-11-19T10:23:42,115|[TRACE] script - #out(`(`) [token]
2021-11-19T10:23:42,115|[TRACE] graph - <------- nonSkippedChar
2021-11-19T10:23:42,115|[TRACE] graph - <----- statementPart
2021-11-19T10:23:42,115|[TRACE] graph - -----> statementPart
2021-11-19T10:23:42,115|[TRACE] graph - -------> quotedString
2021-11-19T10:23:42,115|[TRACE] script - #out(``record_id``) [token]
2021-11-19T10:23:42,115|[TRACE] graph - <------- quotedString
2021-11-19T10:23:42,115|[TRACE] graph - <----- statementPart
2021-11-19T10:23:42,115|[TRACE] graph - -----> statementPart
2021-11-19T10:23:42,115|[TRACE] graph - -------> nonSkippedChar
2021-11-19T10:23:42,115|[TRACE] script - #out(`)`) [token]
2021-11-19T10:23:42,115|[TRACE] graph - <------- nonSkippedChar
2021-11-19T10:23:42,115|[TRACE] graph - <----- statementPart
2021-11-19T10:23:42,115|[TRACE] graph - -----> statementPart
2021-11-19T10:23:42,115|[TRACE] graph - -------> nonSkippedChar
2021-11-19T10:23:42,115|[TRACE] script - #out(`,`) [token]
2021-11-19T10:23:42,115|[TRACE] graph - <------- nonSkippedChar
2021-11-19T10:23:42,115|[TRACE] graph - <----- statementPart
2021-11-19T10:23:42,115|[TRACE] graph - -----> afterStatementPartNewline
2021-11-19T10:23:42,115|[TRACE] script - #out(` `) [text]
2021-11-19T10:23:42,115|[TRACE] graph - <----- afterStatementPartNewline
2021-11-19T10:23:42,115|[TRACE] graph - -----> statementPart
2021-11-19T10:23:42,115|[TRACE] graph - -------> nonSkippedSpace
2021-11-19T10:23:42,115|[TRACE] script - #out(` `) [token]
2021-11-19T10:23:42,115|[TRACE] graph - <------- nonSkippedSpace
2021-11-19T10:23:42,115|[TRACE] graph - <----- statementPart
2021-11-19T10:23:42,115|[TRACE] graph - -----> statementPart
2021-11-19T10:23:42,115|[TRACE] graph - -------> nonSkippedSpace
2021-11-19T10:23:42,115|[TRACE] script - #out(` `) [token]
2021-11-19T10:23:42,115|[TRACE] graph - <------- nonSkippedSpace
2021-11-19T10:23:42,115|[TRACE] graph - <----- statementPart
2021-11-19T10:23:42,115|[TRACE] graph - -----> statementPart
2021-11-19T10:23:42,115|[TRACE] graph - -------> nonSkippedChar
2021-11-19T10:23:42,115|[TRACE] script - #out(`C`) [token]
2021-11-19T10:23:42,115|[TRACE] graph - <------- nonSkippedChar
2021-11-19T10:23:42,115|[TRACE] graph - <----- statementPart
2021-11-19T10:23:42,218|[TRACE] graph - -----> statementPart
2021-11-19T10:23:42,218|[TRACE] graph - -------> nonSkippedChar
2021-11-19T10:23:42,218|[TRACE] script - #out(`O`) [token]
2021-11-19T10:23:42,218|[TRACE] graph - <------- nonSkippedChar
2021-11-19T10:23:42,218|[TRACE] graph - <----- statementPart
2021-11-19T10:23:42,218|[TRACE] graph - -----> statementPart
2021-11-19T10:23:42,218|[TRACE] graph - -------> nonSkippedChar
2021-11-19T10:23:42,218|[TRACE] script - #out(`N`) [token]
2021-11-19T10:23:42,218|[TRACE] graph - <------- nonSkippedChar
2021-11-19T10:23:42,218|[TRACE] graph - <----- statementPart
2021-11-19T10:23:42,218|[TRACE] graph - -----> statementPart
2021-11-19T10:23:42,218|[TRACE] graph - -------> nonSkippedChar
2021-11-19T10:23:42,218|[TRACE] script - #out(`S`) [token]
2021-11-19T10:23:42,218|[TRACE] graph - <------- nonSkippedChar
2021-11-19T10:23:42,218|[TRACE] graph - <----- statementPart
2021-11-19T10:23:42,218|[TRACE] graph - -----> statementPart
2021-11-19T10:23:42,218|[TRACE] graph - -------> nonSkippedChar
2021-11-19T10:23:42,218|[TRACE] script - #out(`T`) [token]
2021-11-19T10:23:42,218|[TRACE] graph - <------- nonSkippedChar
2021-11-19T10:23:42,218|[TRACE] graph - <----- statementPart
2021-11-19T10:23:42,218|[TRACE] graph - -----> statementPart
2021-11-19T10:23:42,218|[TRACE] graph - -------> nonSkippedChar
2021-11-19T10:23:42,218|[TRACE] script - #out(`R`) [token]
2021-11-19T10:23:42,218|[TRACE] graph - <------- nonSkippedChar
2021-11-19T10:23:42,218|[TRACE] graph - <----- statementPart
2021-11-19T10:23:42,218|[TRACE] graph - -----> statementPart
2021-11-19T10:23:42,218|[TRACE] graph - -------> nonSkippedChar
2021-11-19T10:23:42,218|[TRACE] script - #out(`A`) [token]
2021-11-19T10:23:42,218|[TRACE] graph - <------- nonSkippedChar
2021-11-19T10:23:42,218|[TRACE] graph - <----- statementPart
2021-11-19T10:23:42,218|[TRACE] graph - -----> statementPart
2021-11-19T10:23:42,218|[TRACE] graph - -------> nonSkippedChar
2021-11-19T10:23:42,218|[TRACE] script - #out(`I`) [token]
2021-11-19T10:23:42,218|[TRACE] graph - <------- nonSkippedChar
2021-11-19T10:23:42,218|[TRACE] graph - <----- statementPart
2021-11-19T10:23:42,218|[TRACE] graph - -----> statementPart
2021-11-19T10:23:42,218|[TRACE] graph - -------> nonSkippedChar
2021-11-19T10:23:42,218|[TRACE] script - #out(`N`) [token]
2021-11-19T10:23:42,218|[TRACE] graph - <------- nonSkippedChar
2021-11-19T10:23:42,218|[TRACE] graph - <----- statementPart
2021-11-19T10:23:42,218|[TRACE] graph - -----> statementPart
2021-11-19T10:23:42,218|[TRACE] graph - -------> nonSkippedChar
2021-11-19T10:23:42,218|[TRACE] script - #out(`T`) [token]
2021-11-19T10:23:42,218|[TRACE] graph - <------- nonSkippedChar
2021-11-19T10:23:42,218|[TRACE] graph - <----- statementPart
2021-11-19T10:23:42,218|[TRACE] graph - -----> statementPart
2021-11-19T10:23:42,218|[TRACE] graph - -------> nonSkippedSpace
2021-11-19T10:23:42,218|[TRACE] script - #out(` `) [token]
2021-11-19T10:23:42,218|[TRACE] graph - <------- nonSkippedSpace
2021-11-19T10:23:42,218|[TRACE] graph - <----- statementPart
2021-11-19T10:23:42,218|[TRACE] graph - -----> statementPart
2021-11-19T10:23:42,218|[TRACE] graph - -------> quotedString
2021-11-19T10:23:42,218|[TRACE] script - #out(``fk_donation_record_person1``) [token]
2021-11-19T10:23:42,218|[TRACE] graph - <------- quotedString
2021-11-19T10:23:42,218|[TRACE] graph - <----- statementPart
2021-11-19T10:23:42,218|[TRACE] graph - -----> afterStatementPartNewline
2021-11-19T10:23:42,218|[TRACE] script - #out(` `) [text]
2021-11-19T10:23:42,218|[TRACE] graph - <----- afterStatementPartNewline
2021-11-19T10:23:42,218|[TRACE] graph - -----> statementPart
2021-11-19T10:23:42,218|[TRACE] graph - -------> nonSkippedSpace
2021-11-19T10:23:42,218|[TRACE] script - #out(` `) [token]
2021-11-19T10:23:42,218|[TRACE] graph - <------- nonSkippedSpace
2021-11-19T10:23:42,218|[TRACE] graph - <----- statementPart
2021-11-19T10:23:42,218|[TRACE] graph - -----> statementPart
2021-11-19T10:23:42,218|[TRACE] graph - -------> nonSkippedSpace
2021-11-19T10:23:42,218|[TRACE] script - #out(` `) [token]
2021-11-19T10:23:42,218|[TRACE] graph - <------- nonSkippedSpace
2021-11-19T10:23:42,218|[TRACE] graph - <----- statementPart
2021-11-19T10:23:42,218|[TRACE] graph - -----> statementPart
2021-11-19T10:23:42,218|[TRACE] graph - -------> nonSkippedSpace
2021-11-19T10:23:42,218|[TRACE] script - #out(` `) [token]
2021-11-19T10:23:42,218|[TRACE] graph - <------- nonSkippedSpace
2021-11-19T10:23:42,218|[TRACE] graph - <----- statementPart
2021-11-19T10:23:42,218|[TRACE] graph - -----> statementPart
2021-11-19T10:23:42,218|[TRACE] graph - -------> nonSkippedSpace
2021-11-19T10:23:42,218|[TRACE] script - #out(` `) [token]
2021-11-19T10:23:42,218|[TRACE] graph - <------- nonSkippedSpace
2021-11-19T10:23:42,218|[TRACE] graph - <----- statementPart
2021-11-19T10:23:42,218|[TRACE] graph - -----> statementPart
2021-11-19T10:23:42,218|[TRACE] graph - -------> nonSkippedChar
2021-11-19T10:23:42,218|[TRACE] script - #out(`F`) [token]
2021-11-19T10:23:42,218|[TRACE] graph - <------- nonSkippedChar
2021-11-19T10:23:42,218|[TRACE] graph - <----- statementPart
2021-11-19T10:23:42,218|[TRACE] graph - -----> statementPart
2021-11-19T10:23:42,218|[TRACE] graph - -------> nonSkippedChar
2021-11-19T10:23:42,218|[TRACE] script - #out(`O`) [token]
2021-11-19T10:23:42,218|[TRACE] graph - <------- nonSkippedChar
2021-11-19T10:23:42,218|[TRACE] graph - <----- statementPart
2021-11-19T10:23:42,218|[TRACE] graph - -----> statementPart
2021-11-19T10:23:42,218|[TRACE] graph - -------> nonSkippedChar
2021-11-19T10:23:42,218|[TRACE] script - #out(`R`) [token]
2021-11-19T10:23:42,218|[TRACE] graph - <------- nonSkippedChar
2021-11-19T10:23:42,218|[TRACE] graph - <----- statementPart
2021-11-19T10:23:42,218|[TRACE] graph - -----> statementPart
2021-11-19T10:23:42,218|[TRACE] graph - -------> nonSkippedChar
2021-11-19T10:23:42,218|[TRACE] script - #out(`E`) [token]
2021-11-19T10:23:42,218|[TRACE] graph - <------- nonSkippedChar
2021-11-19T10:23:42,218|[TRACE] graph - <----- statementPart
2021-11-19T10:23:42,218|[TRACE] graph - -----> statementPart
2021-11-19T10:23:42,218|[TRACE] graph - -------> nonSkippedChar
2021-11-19T10:23:42,218|[TRACE] script - #out(`I`) [token]
2021-11-19T10:23:42,218|[TRACE] graph - <------- nonSkippedChar
2021-11-19T10:23:42,218|[TRACE] graph - <----- statementPart
2021-11-19T10:23:42,218|[TRACE] graph - -----> statementPart
2021-11-19T10:23:42,218|[TRACE] graph - -------> nonSkippedChar
2021-11-19T10:23:42,218|[TRACE] script - #out(`G`) [token]
2021-11-19T10:23:42,218|[TRACE] graph - <------- nonSkippedChar
2021-11-19T10:23:42,218|[TRACE] graph - <----- statementPart
2021-11-19T10:23:42,218|[TRACE] graph - -----> statementPart
2021-11-19T10:23:42,218|[TRACE] graph - -------> nonSkippedChar
2021-11-19T10:23:42,218|[TRACE] script - #out(`N`) [token]
2021-11-19T10:23:42,218|[TRACE] graph - <------- nonSkippedChar
2021-11-19T10:23:42,218|[TRACE] graph - <----- statementPart
2021-11-19T10:23:42,218|[TRACE] graph - -----> statementPart
2021-11-19T10:23:42,218|[TRACE] graph - -------> nonSkippedSpace
2021-11-19T10:23:42,218|[TRACE] script - #out(` `) [token]
2021-11-19T10:23:42,218|[TRACE] graph - <------- nonSkippedSpace
2021-11-19T10:23:42,218|[TRACE] graph - <----- statementPart
2021-11-19T10:23:42,218|[TRACE] graph - -----> statementPart
2021-11-19T10:23:42,218|[TRACE] graph - -------> nonSkippedChar
2021-11-19T10:23:42,218|[TRACE] script - #out(`K`) [token]
2021-11-19T10:23:42,218|[TRACE] graph - <------- nonSkippedChar
2021-11-19T10:23:42,218|[TRACE] graph - <----- statementPart
2021-11-19T10:23:42,218|[TRACE] graph - -----> statementPart
2021-11-19T10:23:42,218|[TRACE] graph - -------> nonSkippedChar
2021-11-19T10:23:42,218|[TRACE] script - #out(`E`) [token]
2021-11-19T10:23:42,218|[TRACE] graph - <------- nonSkippedChar
2021-11-19T10:23:42,218|[TRACE] graph - <----- statementPart
2021-11-19T10:23:42,218|[TRACE] graph - -----> statementPart
2021-11-19T10:23:42,218|[TRACE] graph - -------> nonSkippedChar
2021-11-19T10:23:42,218|[TRACE] script - #out(`Y`) [token]
2021-11-19T10:23:42,218|[TRACE] graph - <------- nonSkippedChar
2021-11-19T10:23:42,218|[TRACE] graph - <----- statementPart
2021-11-19T10:23:42,218|[TRACE] graph - -----> statementPart
2021-11-19T10:23:42,218|[TRACE] graph - -------> nonSkippedSpace
2021-11-19T10:23:42,218|[TRACE] script - #out(` `) [token]
2021-11-19T10:23:42,218|[TRACE] graph - <------- nonSkippedSpace
2021-11-19T10:23:42,218|[TRACE] graph - <----- statementPart
2021-11-19T10:23:42,218|[TRACE] graph - -----> statementPart
2021-11-19T10:23:42,218|[TRACE] graph - -------> nonSkippedChar
2021-11-19T10:23:42,218|[TRACE] script - #out(`(`) [token]
2021-11-19T10:23:42,218|[TRACE] graph - <------- nonSkippedChar
2021-11-19T10:23:42,218|[TRACE] graph - <----- statementPart
2021-11-19T10:23:42,218|[TRACE] graph - -----> statementPart
2021-11-19T10:23:42,218|[TRACE] graph - -------> quotedString
2021-11-19T10:23:42,218|[TRACE] script - #out(``person_id``) [token]
2021-11-19T10:23:42,218|[TRACE] graph - <------- quotedString
2021-11-19T10:23:42,218|[TRACE] graph - <----- statementPart
2021-11-19T10:23:42,218|[TRACE] graph - -----> statementPart
2021-11-19T10:23:42,218|[TRACE] graph - -------> nonSkippedChar
2021-11-19T10:23:42,218|[TRACE] script - #out(`)`) [token]
2021-11-19T10:23:42,218|[TRACE] graph - <------- nonSkippedChar
2021-11-19T10:23:42,218|[TRACE] graph - <----- statementPart
2021-11-19T10:23:42,218|[TRACE] graph - -----> afterStatementPartNewline
2021-11-19T10:23:42,218|[TRACE] script - #out(` `) [text]
2021-11-19T10:23:42,218|[TRACE] graph - <----- afterStatementPartNewline
2021-11-19T10:23:42,218|[TRACE] graph - -----> statementPart
2021-11-19T10:23:42,218|[TRACE] graph - -------> nonSkippedSpace
2021-11-19T10:23:42,218|[TRACE] script - #out(` `) [token]
2021-11-19T10:23:42,218|[TRACE] graph - <------- nonSkippedSpace
2021-11-19T10:23:42,218|[TRACE] graph - <----- statementPart
2021-11-19T10:23:42,218|[TRACE] graph - -----> statementPart
2021-11-19T10:23:42,218|[TRACE] graph - -------> nonSkippedSpace
2021-11-19T10:23:42,218|[TRACE] script - #out(` `) [token]
2021-11-19T10:23:42,219|[TRACE] graph - <------- nonSkippedSpace
2021-11-19T10:23:42,219|[TRACE] graph - <----- statementPart
2021-11-19T10:23:42,219|[TRACE] graph - -----> statementPart
2021-11-19T10:23:42,219|[TRACE] graph - -------> nonSkippedSpace
2021-11-19T10:23:42,219|[TRACE] script - #out(` `) [token]
2021-11-19T10:23:42,219|[TRACE] graph - <------- nonSkippedSpace
2021-11-19T10:23:42,219|[TRACE] graph - <----- statementPart
2021-11-19T10:23:42,219|[TRACE] graph - -----> statementPart
2021-11-19T10:23:42,219|[TRACE] graph - -------> nonSkippedSpace
2021-11-19T10:23:42,219|[TRACE] script - #out(` `) [token]
2021-11-19T10:23:42,219|[TRACE] graph - <------- nonSkippedSpace
2021-11-19T10:23:42,219|[TRACE] graph - <----- statementPart
2021-11-19T10:23:42,219|[TRACE] graph - -----> statementPart
2021-11-19T10:23:42,219|[TRACE] graph - -------> nonSkippedChar
2021-11-19T10:23:42,219|[TRACE] script - #out(`R`) [token]
2021-11-19T10:23:42,219|[TRACE] graph - <------- nonSkippedChar
2021-11-19T10:23:42,219|[TRACE] graph - <----- statementPart
2021-11-19T10:23:42,219|[TRACE] graph - -----> statementPart
2021-11-19T10:23:42,219|[TRACE] graph - -------> nonSkippedChar
2021-11-19T10:23:42,219|[TRACE] script - #out(`E`) [token]
2021-11-19T10:23:42,219|[TRACE] graph - <------- nonSkippedChar
2021-11-19T10:23:42,219|[TRACE] graph - <----- statementPart
2021-11-19T10:23:42,219|[TRACE] graph - -----> statementPart
2021-11-19T10:23:42,219|[TRACE] graph - -------> nonSkippedChar
2021-11-19T10:23:42,219|[TRACE] script - #out(`F`) [token]
2021-11-19T10:23:42,219|[TRACE] graph - <------- nonSkippedChar
2021-11-19T10:23:42,219|[TRACE] graph - <----- statementPart
2021-11-19T10:23:42,219|[TRACE] graph - -----> statementPart
2021-11-19T10:23:42,219|[TRACE] graph - -------> nonSkippedChar
2021-11-19T10:23:42,219|[TRACE] script - #out(`E`) [token]
2021-11-19T10:23:42,219|[TRACE] graph - <------- nonSkippedChar
2021-11-19T10:23:42,219|[TRACE] graph - <----- statementPart
2021-11-19T10:23:42,219|[TRACE] graph - -----> statementPart
2021-11-19T10:23:42,219|[TRACE] graph - -------> nonSkippedChar
2021-11-19T10:23:42,219|[TRACE] script - #out(`R`) [token]
2021-11-19T10:23:42,219|[TRACE] graph - <------- nonSkippedChar
2021-11-19T10:23:42,219|[TRACE] graph - <----- statementPart
2021-11-19T10:23:42,219|[TRACE] graph - -----> statementPart
2021-11-19T10:23:42,219|[TRACE] graph - -------> nonSkippedChar
2021-11-19T10:23:42,219|[TRACE] script - #out(`E`) [token]
2021-11-19T10:23:42,219|[TRACE] graph - <------- nonSkippedChar
2021-11-19T10:23:42,219|[TRACE] graph - <----- statementPart
2021-11-19T10:23:42,219|[TRACE] graph - -----> statementPart
2021-11-19T10:23:42,219|[TRACE] graph - -------> nonSkippedChar
2021-11-19T10:23:42,219|[TRACE] script - #out(`N`) [token]
2021-11-19T10:23:42,219|[TRACE] graph - <------- nonSkippedChar
2021-11-19T10:23:42,219|[TRACE] graph - <----- statementPart
2021-11-19T10:23:42,219|[TRACE] graph - -----> statementPart
2021-11-19T10:23:42,219|[TRACE] graph - -------> nonSkippedChar
2021-11-19T10:23:42,219|[TRACE] script - #out(`C`) [token]
2021-11-19T10:23:42,219|[TRACE] graph - <------- nonSkippedChar
2021-11-19T10:23:42,219|[TRACE] graph - <----- statementPart
2021-11-19T10:23:42,219|[TRACE] graph - -----> statementPart
2021-11-19T10:23:42,219|[TRACE] graph - -------> nonSkippedChar
2021-11-19T10:23:42,219|[TRACE] script - #out(`E`) [token]
2021-11-19T10:23:42,219|[TRACE] graph - <------- nonSkippedChar
2021-11-19T10:23:42,219|[TRACE] graph - <----- statementPart
2021-11-19T10:23:42,219|[TRACE] graph - -----> statementPart
2021-11-19T10:23:42,219|[TRACE] graph - -------> nonSkippedChar
2021-11-19T10:23:42,219|[TRACE] script - #out(`S`) [token]
2021-11-19T10:23:42,219|[TRACE] graph - <------- nonSkippedChar
2021-11-19T10:23:42,219|[TRACE] graph - <----- statementPart
2021-11-19T10:23:42,219|[TRACE] graph - -----> statementPart
2021-11-19T10:23:42,219|[TRACE] graph - -------> nonSkippedSpace
2021-11-19T10:23:42,219|[TRACE] script - #out(` `) [token]
2021-11-19T10:23:42,219|[TRACE] graph - <------- nonSkippedSpace
2021-11-19T10:23:42,219|[TRACE] graph - <----- statementPart
2021-11-19T10:23:42,219|[TRACE] graph - -----> statementPart
2021-11-19T10:23:42,219|[TRACE] graph - -------> quotedString
2021-11-19T10:23:42,219|[TRACE] script - #out(``bloodbank``) [token]
2021-11-19T10:23:42,219|[TRACE] graph - <------- quotedString
2021-11-19T10:23:42,219|[TRACE] graph - <----- statementPart
2021-11-19T10:23:42,219|[TRACE] graph - -----> statementPart
2021-11-19T10:23:42,219|[TRACE] graph - -------> nonSkippedChar
2021-11-19T10:23:42,219|[TRACE] script - #out(`.`) [token]
2021-11-19T10:23:42,219|[TRACE] graph - <------- nonSkippedChar
2021-11-19T10:23:42,219|[TRACE] graph - <----- statementPart
2021-11-19T10:23:42,219|[TRACE] graph - -----> statementPart
2021-11-19T10:23:42,219|[TRACE] graph - -------> quotedString
2021-11-19T10:23:42,219|[TRACE] script - #out(``person``) [token]
2021-11-19T10:23:42,219|[TRACE] graph - <------- quotedString
2021-11-19T10:23:42,219|[TRACE] graph - <----- statementPart
2021-11-19T10:23:42,219|[TRACE] graph - -----> statementPart
2021-11-19T10:23:42,219|[TRACE] graph - -------> nonSkippedSpace
2021-11-19T10:23:42,219|[TRACE] script - #out(` `) [token]
2021-11-19T10:23:42,219|[TRACE] graph - <------- nonSkippedSpace
2021-11-19T10:23:42,219|[TRACE] graph - <----- statementPart
2021-11-19T10:23:42,219|[TRACE] graph - -----> statementPart
2021-11-19T10:23:42,219|[TRACE] graph - -------> nonSkippedChar
2021-11-19T10:23:42,219|[TRACE] script - #out(`(`) [token]
2021-11-19T10:23:42,219|[TRACE] graph - <------- nonSkippedChar
2021-11-19T10:23:42,219|[TRACE] graph - <----- statementPart
2021-11-19T10:23:42,219|[TRACE] graph - -----> statementPart
2021-11-19T10:23:42,219|[TRACE] graph - -------> quotedString
2021-11-19T10:23:42,219|[TRACE] script - #out(``id``) [token]
2021-11-19T10:23:42,219|[TRACE] graph - <------- quotedString
2021-11-19T10:23:42,219|[TRACE] graph - <----- statementPart
2021-11-19T10:23:42,219|[TRACE] graph - -----> statementPart
2021-11-19T10:23:42,219|[TRACE] graph - -------> nonSkippedChar
2021-11-19T10:23:42,219|[TRACE] script - #out(`)`) [token]
2021-11-19T10:23:42,219|[TRACE] graph - <------- nonSkippedChar
2021-11-19T10:23:42,219|[TRACE] graph - <----- statementPart
2021-11-19T10:23:42,219|[TRACE] graph - -----> afterStatementPartNewline
2021-11-19T10:23:42,219|[TRACE] script - #out(` `) [text]
2021-11-19T10:23:42,219|[TRACE] graph - <----- afterStatementPartNewline
2021-11-19T10:23:42,219|[TRACE] graph - -----> statementPart
2021-11-19T10:23:42,219|[TRACE] graph - -------> nonSkippedSpace
2021-11-19T10:23:42,219|[TRACE] script - #out(` `) [token]
2021-11-19T10:23:42,219|[TRACE] graph - <------- nonSkippedSpace
2021-11-19T10:23:42,219|[TRACE] graph - <----- statementPart
2021-11-19T10:23:42,219|[TRACE] graph - -----> statementPart
2021-11-19T10:23:42,219|[TRACE] graph - -------> nonSkippedSpace
2021-11-19T10:23:42,219|[TRACE] script - #out(` `) [token]
2021-11-19T10:23:42,219|[TRACE] graph - <------- nonSkippedSpace
2021-11-19T10:23:42,219|[TRACE] graph - <----- statementPart
2021-11-19T10:23:42,219|[TRACE] graph - -----> statementPart
2021-11-19T10:23:42,219|[TRACE] graph - -------> nonSkippedSpace
2021-11-19T10:23:42,219|[TRACE] script - #out(` `) [token]
2021-11-19T10:23:42,219|[TRACE] graph - <------- nonSkippedSpace
2021-11-19T10:23:42,219|[TRACE] graph - <----- statementPart
2021-11-19T10:23:42,219|[TRACE] graph - -----> statementPart
2021-11-19T10:23:42,219|[TRACE] graph - -------> nonSkippedSpace
2021-11-19T10:23:42,219|[TRACE] script - #out(` `) [token]
2021-11-19T10:23:42,219|[TRACE] graph - <------- nonSkippedSpace
2021-11-19T10:23:42,219|[TRACE] graph - <----- statementPart
2021-11-19T10:23:42,219|[TRACE] graph - -----> statementPart
2021-11-19T10:23:42,219|[TRACE] graph - -------> nonSkippedChar
2021-11-19T10:23:42,219|[TRACE] script - #out(`O`) [token]
2021-11-19T10:23:42,219|[TRACE] graph - <------- nonSkippedChar
2021-11-19T10:23:42,219|[TRACE] graph - <----- statementPart
2021-11-19T10:23:42,219|[TRACE] graph - -----> statementPart
2021-11-19T10:23:42,219|[TRACE] graph - -------> nonSkippedChar
2021-11-19T10:23:42,219|[TRACE] script - #out(`N`) [token]
2021-11-19T10:23:42,219|[TRACE] graph - <------- nonSkippedChar
2021-11-19T10:23:42,219|[TRACE] graph - <----- statementPart
2021-11-19T10:23:42,219|[TRACE] graph - -----> statementPart
2021-11-19T10:23:42,219|[TRACE] graph - -------> nonSkippedSpace
2021-11-19T10:23:42,219|[TRACE] script - #out(` `) [token]
2021-11-19T10:23:42,219|[TRACE] graph - <------- nonSkippedSpace
2021-11-19T10:23:42,219|[TRACE] graph - <----- statementPart
2021-11-19T10:23:42,219|[TRACE] graph - -----> statementPart
2021-11-19T10:23:42,219|[TRACE] graph - -------> nonSkippedChar
2021-11-19T10:23:42,219|[TRACE] script - #out(`D`) [token]
2021-11-19T10:23:42,219|[TRACE] graph - <------- nonSkippedChar
2021-11-19T10:23:42,219|[TRACE] graph - <----- statementPart
2021-11-19T10:23:42,219|[TRACE] graph - -----> statementPart
2021-11-19T10:23:42,219|[TRACE] graph - -------> nonSkippedChar
2021-11-19T10:23:42,219|[TRACE] script - #out(`E`) [token]
2021-11-19T10:23:42,219|[TRACE] graph - <------- nonSkippedChar
2021-11-19T10:23:42,219|[TRACE] graph - <----- statementPart
2021-11-19T10:23:42,219|[TRACE] graph - -----> statementPart
2021-11-19T10:23:42,219|[TRACE] graph - -------> nonSkippedChar
2021-11-19T10:23:42,219|[TRACE] script - #out(`L`) [token]
2021-11-19T10:23:42,219|[TRACE] graph - <------- nonSkippedChar
2021-11-19T10:23:42,219|[TRACE] graph - <----- statementPart
2021-11-19T10:23:42,219|[TRACE] graph - -----> statementPart
2021-11-19T10:23:42,219|[TRACE] graph - -------> nonSkippedChar
2021-11-19T10:23:42,219|[TRACE] script - #out(`E`) [token]
2021-11-19T10:23:42,219|[TRACE] graph - <------- nonSkippedChar
2021-11-19T10:23:42,219|[TRACE] graph - <----- statementPart
2021-11-19T10:23:42,219|[TRACE] graph - -----> statementPart
2021-11-19T10:23:42,219|[TRACE] graph - -------> nonSkippedChar
2021-11-19T10:23:42,219|[TRACE] script - #out(`T`) [token]
2021-11-19T10:23:42,219|[TRACE] graph - <------- nonSkippedChar
2021-11-19T10:23:42,219|[TRACE] graph - <----- statementPart
2021-11-19T10:23:42,219|[TRACE] graph - -----> statementPart
2021-11-19T10:23:42,219|[TRACE] graph - -------> nonSkippedChar
2021-11-19T10:23:42,219|[TRACE] script - #out(`E`) [token]
2021-11-19T10:23:42,219|[TRACE] graph - <------- nonSkippedChar
2021-11-19T10:23:42,219|[TRACE] graph - <----- statementPart
2021-11-19T10:23:42,219|[TRACE] graph - -----> statementPart
2021-11-19T10:23:42,219|[TRACE] graph - -------> nonSkippedSpace
2021-11-19T10:23:42,219|[TRACE] script - #out(` `) [token]
2021-11-19T10:23:42,219|[TRACE] graph - <------- nonSkippedSpace
2021-11-19T10:23:42,219|[TRACE] graph - <----- statementPart
2021-11-19T10:23:42,219|[TRACE] graph - -----> statementPart
2021-11-19T10:23:42,219|[TRACE] graph - -------> nonSkippedChar
2021-11-19T10:23:42,219|[TRACE] script - #out(`N`) [token]
2021-11-19T10:23:42,219|[TRACE] graph - <------- nonSkippedChar
2021-11-19T10:23:42,219|[TRACE] graph - <----- statementPart
2021-11-19T10:23:42,219|[TRACE] graph - -----> statementPart
2021-11-19T10:23:42,219|[TRACE] graph - -------> nonSkippedChar
2021-11-19T10:23:42,219|[TRACE] script - #out(`O`) [token]
2021-11-19T10:23:42,219|[TRACE] graph - <------- nonSkippedChar
2021-11-19T10:23:42,219|[TRACE] graph - <----- statementPart
2021-11-19T10:23:42,219|[TRACE] graph - -----> statementPart
2021-11-19T10:23:42,219|[TRACE] graph - -------> nonSkippedSpace
2021-11-19T10:23:42,219|[TRACE] script - #out(` `) [token]
2021-11-19T10:23:42,219|[TRACE] graph - <------- nonSkippedSpace
2021-11-19T10:23:42,219|[TRACE] graph - <----- statementPart
2021-11-19T10:23:42,219|[TRACE] graph - -----> statementPart
2021-11-19T10:23:42,219|[TRACE] graph - -------> nonSkippedChar
2021-11-19T10:23:42,219|[TRACE] script - #out(`A`) [token]
2021-11-19T10:23:42,219|[TRACE] graph - <------- nonSkippedChar
2021-11-19T10:23:42,219|[TRACE] graph - <----- statementPart
2021-11-19T10:23:42,219|[TRACE] graph - -----> statementPart
2021-11-19T10:23:42,219|[TRACE] graph - -------> nonSkippedChar
2021-11-19T10:23:42,219|[TRACE] script - #out(`C`) [token]
2021-11-19T10:23:42,219|[TRACE] graph - <------- nonSkippedChar
2021-11-19T10:23:42,219|[TRACE] graph - <----- statementPart
2021-11-19T10:23:42,219|[TRACE] graph - -----> statementPart
2021-11-19T10:23:42,219|[TRACE] graph - -------> nonSkippedChar
2021-11-19T10:23:42,219|[TRACE] script - #out(`T`) [token]
2021-11-19T10:23:42,219|[TRACE] graph - <------- nonSkippedChar
2021-11-19T10:23:42,219|[TRACE] graph - <----- statementPart
2021-11-19T10:23:42,219|[TRACE] graph - -----> statementPart
2021-11-19T10:23:42,219|[TRACE] graph - -------> nonSkippedChar
2021-11-19T10:23:42,219|[TRACE] script - #out(`I`) [token]
2021-11-19T10:23:42,219|[TRACE] graph - <------- nonSkippedChar
2021-11-19T10:23:42,219|[TRACE] graph - <----- statementPart
2021-11-19T10:23:42,219|[TRACE] graph - -----> statementPart
2021-11-19T10:23:42,219|[TRACE] graph - -------> nonSkippedChar
2021-11-19T10:23:42,219|[TRACE] script - #out(`O`) [token]
2021-11-19T10:23:42,219|[TRACE] graph - <------- nonSkippedChar
2021-11-19T10:23:42,219|[TRACE] graph - <----- statementPart
2021-11-19T10:23:42,219|[TRACE] graph - -----> statementPart
2021-11-19T10:23:42,219|[TRACE] graph - -------> nonSkippedChar
2021-11-19T10:23:42,219|[TRACE] script - #out(`N`) [token]
2021-11-19T10:23:42,219|[TRACE] graph - <------- nonSkippedChar
2021-11-19T10:23:42,219|[TRACE] graph - <----- statementPart
2021-11-19T10:23:42,219|[TRACE] graph - -----> afterStatementPartNewline
2021-11-19T10:23:42,219|[TRACE] script - #out(` `) [text]
2021-11-19T10:23:42,219|[TRACE] graph - <----- afterStatementPartNewline
2021-11-19T10:23:42,219|[TRACE] graph - -----> statementPart
2021-11-19T10:23:42,219|[TRACE] graph - -------> nonSkippedSpace
2021-11-19T10:23:42,219|[TRACE] script - #out(` `) [token]
2021-11-19T10:23:42,219|[TRACE] graph - <------- nonSkippedSpace
2021-11-19T10:23:42,219|[TRACE] graph - <----- statementPart
2021-11-19T10:23:42,219|[TRACE] graph - -----> statementPart
2021-11-19T10:23:42,219|[TRACE] graph - -------> nonSkippedSpace
2021-11-19T10:23:42,219|[TRACE] script - #out(` `) [token]
2021-11-19T10:23:42,219|[TRACE] graph - <------- nonSkippedSpace
2021-11-19T10:23:42,219|[TRACE] graph - <----- statementPart
2021-11-19T10:23:42,219|[TRACE] graph - -----> statementPart
2021-11-19T10:23:42,219|[TRACE] graph - -------> nonSkippedSpace
2021-11-19T10:23:42,219|[TRACE] script - #out(` `) [token]
2021-11-19T10:23:42,219|[TRACE] graph - <------- nonSkippedSpace
2021-11-19T10:23:42,219|[TRACE] graph - <----- statementPart
2021-11-19T10:23:42,219|[TRACE] graph - -----> statementPart
2021-11-19T10:23:42,219|[TRACE] graph - -------> nonSkippedSpace
2021-11-19T10:23:42,219|[TRACE] script - #out(` `) [token]
2021-11-19T10:23:42,219|[TRACE] graph - <------- nonSkippedSpace
2021-11-19T10:23:42,219|[TRACE] graph - <----- statementPart
2021-11-19T10:23:42,219|[TRACE] graph - -----> statementPart
2021-11-19T10:23:42,219|[TRACE] graph - -------> nonSkippedChar
2021-11-19T10:23:42,219|[TRACE] script - #out(`O`) [token]
2021-11-19T10:23:42,219|[TRACE] graph - <------- nonSkippedChar
2021-11-19T10:23:42,219|[TRACE] graph - <----- statementPart
2021-11-19T10:23:42,219|[TRACE] graph - -----> statementPart
2021-11-19T10:23:42,220|[TRACE] graph - -------> nonSkippedChar
2021-11-19T10:23:42,220|[TRACE] script - #out(`N`) [token]
2021-11-19T10:23:42,220|[TRACE] graph - <------- nonSkippedChar
2021-11-19T10:23:42,220|[TRACE] graph - <----- statementPart
2021-11-19T10:23:42,220|[TRACE] graph - -----> statementPart
2021-11-19T10:23:42,220|[TRACE] graph - -------> nonSkippedSpace
2021-11-19T10:23:42,220|[TRACE] script - #out(` `) [token]
2021-11-19T10:23:42,220|[TRACE] graph - <------- nonSkippedSpace
2021-11-19T10:23:42,220|[TRACE] graph - <----- statementPart
2021-11-19T10:23:42,220|[TRACE] graph - -----> statementPart
2021-11-19T10:23:42,220|[TRACE] graph - -------> nonSkippedChar
2021-11-19T10:23:42,220|[TRACE] script - #out(`U`) [token]
2021-11-19T10:23:42,220|[TRACE] graph - <------- nonSkippedChar
2021-11-19T10:23:42,220|[TRACE] graph - <----- statementPart
2021-11-19T10:23:42,220|[TRACE] graph - -----> statementPart
2021-11-19T10:23:42,220|[TRACE] graph - -------> nonSkippedChar
2021-11-19T10:23:42,220|[TRACE] script - #out(`P`) [token]
2021-11-19T10:23:42,220|[TRACE] graph - <------- nonSkippedChar
2021-11-19T10:23:42,220|[TRACE] graph - <----- statementPart
2021-11-19T10:23:42,220|[TRACE] graph - -----> statementPart
2021-11-19T10:23:42,220|[TRACE] graph - -------> nonSkippedChar
2021-11-19T10:23:42,220|[TRACE] script - #out(`D`) [token]
2021-11-19T10:23:42,220|[TRACE] graph - <------- nonSkippedChar
2021-11-19T10:23:42,220|[TRACE] graph - <----- statementPart
2021-11-19T10:23:42,220|[TRACE] graph - -----> statementPart
2021-11-19T10:23:42,220|[TRACE] graph - -------> nonSkippedChar
2021-11-19T10:23:42,220|[TRACE] script - #out(`A`) [token]
2021-11-19T10:23:42,220|[TRACE] graph - <------- nonSkippedChar
2021-11-19T10:23:42,220|[TRACE] graph - <----- statementPart
2021-11-19T10:23:42,220|[TRACE] graph - -----> statementPart
2021-11-19T10:23:42,220|[TRACE] graph - -------> nonSkippedChar
2021-11-19T10:23:42,220|[TRACE] script - #out(`T`) [token]
2021-11-19T10:23:42,220|[TRACE] graph - <------- nonSkippedChar
2021-11-19T10:23:42,220|[TRACE] graph - <----- statementPart
2021-11-19T10:23:42,220|[TRACE] graph - -----> statementPart
2021-11-19T10:23:42,220|[TRACE] graph - -------> nonSkippedChar
2021-11-19T10:23:42,220|[TRACE] script - #out(`E`) [token]
2021-11-19T10:23:42,220|[TRACE] graph - <------- nonSkippedChar
2021-11-19T10:23:42,220|[TRACE] graph - <----- statementPart
2021-11-19T10:23:42,220|[TRACE] graph - -----> statementPart
2021-11-19T10:23:42,220|[TRACE] graph - -------> nonSkippedSpace
2021-11-19T10:23:42,220|[TRACE] script - #out(` `) [token]
2021-11-19T10:23:42,220|[TRACE] graph - <------- nonSkippedSpace
2021-11-19T10:23:42,220|[TRACE] graph - <----- statementPart
2021-11-19T10:23:42,220|[TRACE] graph - -----> statementPart
2021-11-19T10:23:42,220|[TRACE] graph - -------> nonSkippedChar
2021-11-19T10:23:42,220|[TRACE] script - #out(`N`) [token]
2021-11-19T10:23:42,220|[TRACE] graph - <------- nonSkippedChar
2021-11-19T10:23:42,220|[TRACE] graph - <----- statementPart
2021-11-19T10:23:42,220|[TRACE] graph - -----> statementPart
2021-11-19T10:23:42,220|[TRACE] graph - -------> nonSkippedChar
2021-11-19T10:23:42,383|[TRACE] script - #out(`O`) [token]
2021-11-19T10:23:42,383|[TRACE] graph - <------- nonSkippedChar
2021-11-19T10:23:42,383|[TRACE] graph - <----- statementPart
2021-11-19T10:23:42,383|[TRACE] graph - -----> statementPart
2021-11-19T10:23:42,383|[TRACE] graph - -------> nonSkippedSpace
2021-11-19T10:23:42,383|[TRACE] script - #out(` `) [token]
2021-11-19T10:23:42,383|[TRACE] graph - <------- nonSkippedSpace
2021-11-19T10:23:42,383|[TRACE] graph - <----- statementPart
2021-11-19T10:23:42,383|[TRACE] graph - -----> statementPart
2021-11-19T10:23:42,383|[TRACE] graph - -------> nonSkippedChar
2021-11-19T10:23:42,383|[TRACE] script - #out(`A`) [token]
2021-11-19T10:23:42,383|[TRACE] graph - <------- nonSkippedChar
2021-11-19T10:23:42,383|[TRACE] graph - <----- statementPart
2021-11-19T10:23:42,383|[TRACE] graph - -----> statementPart
2021-11-19T10:23:42,383|[TRACE] graph - -------> nonSkippedChar
2021-11-19T10:23:42,383|[TRACE] script - #out(`C`) [token]
2021-11-19T10:23:42,383|[TRACE] graph - <------- nonSkippedChar
2021-11-19T10:23:42,383|[TRACE] graph - <----- statementPart
2021-11-19T10:23:42,383|[TRACE] graph - -----> statementPart
2021-11-19T10:23:42,383|[TRACE] graph - -------> nonSkippedChar
2021-11-19T10:23:42,383|[TRACE] script - #out(`T`) [token]
2021-11-19T10:23:42,383|[TRACE] graph - <------- nonSkippedChar
2021-11-19T10:23:42,383|[TRACE] graph - <----- statementPart
2021-11-19T10:23:42,383|[TRACE] graph - -----> statementPart
2021-11-19T10:23:42,383|[TRACE] graph - -------> nonSkippedChar
2021-11-19T10:23:42,383|[TRACE] script - #out(`I`) [token]
2021-11-19T10:23:42,383|[TRACE] graph - <------- nonSkippedChar
2021-11-19T10:23:42,383|[TRACE] graph - <----- statementPart
2021-11-19T10:23:42,383|[TRACE] graph - -----> statementPart
2021-11-19T10:23:42,383|[TRACE] graph - -------> nonSkippedChar
2021-11-19T10:23:42,383|[TRACE] script - #out(`O`) [token]
2021-11-19T10:23:42,383|[TRACE] graph - <------- nonSkippedChar
2021-11-19T10:23:42,383|[TRACE] graph - <----- statementPart
2021-11-19T10:23:42,383|[TRACE] graph - -----> statementPart
2021-11-19T10:23:42,383|[TRACE] graph - -------> nonSkippedChar
2021-11-19T10:23:42,383|[TRACE] script - #out(`N`) [token]
2021-11-19T10:23:42,383|[TRACE] graph - <------- nonSkippedChar
2021-11-19T10:23:42,383|[TRACE] graph - <----- statementPart
2021-11-19T10:23:42,383|[TRACE] graph - -----> statementPart
2021-11-19T10:23:42,383|[TRACE] graph - -------> nonSkippedChar
2021-11-19T10:23:42,383|[TRACE] script - #out(`,`) [token]
2021-11-19T10:23:42,383|[TRACE] graph - <------- nonSkippedChar
2021-11-19T10:23:42,383|[TRACE] graph - <----- statementPart
2021-11-19T10:23:42,383|[TRACE] graph - -----> afterStatementPartNewline
2021-11-19T10:23:42,383|[TRACE] script - #out(` `) [text]
2021-11-19T10:23:42,383|[TRACE] graph - <----- afterStatementPartNewline
2021-11-19T10:23:42,383|[TRACE] graph - -----> statementPart
2021-11-19T10:23:42,383|[TRACE] graph - -------> nonSkippedSpace
2021-11-19T10:23:42,383|[TRACE] script - #out(` `) [token]
2021-11-19T10:23:42,383|[TRACE] graph - <------- nonSkippedSpace
2021-11-19T10:23:42,383|[TRACE] graph - <----- statementPart
2021-11-19T10:23:42,383|[TRACE] graph - -----> statementPart
2021-11-19T10:23:42,383|[TRACE] graph - -------> nonSkippedSpace
2021-11-19T10:23:42,383|[TRACE] script - #out(` `) [token]
2021-11-19T10:23:42,383|[TRACE] graph - <------- nonSkippedSpace
2021-11-19T10:23:42,383|[TRACE] graph - <----- statementPart
2021-11-19T10:23:42,383|[TRACE] graph - -----> statementPart
2021-11-19T10:23:42,383|[TRACE] graph - -------> nonSkippedChar
2021-11-19T10:23:42,383|[TRACE] script - #out(`C`) [token]
2021-11-19T10:23:42,383|[TRACE] graph - <------- nonSkippedChar
2021-11-19T10:23:42,383|[TRACE] graph - <----- statementPart
2021-11-19T10:23:42,383|[TRACE] graph - -----> statementPart
2021-11-19T10:23:42,383|[TRACE] graph - -------> nonSkippedChar
2021-11-19T10:23:42,383|[TRACE] script - #out(`O`) [token]
2021-11-19T10:23:42,383|[TRACE] graph - <------- nonSkippedChar
2021-11-19T10:23:42,383|[TRACE] graph - <----- statementPart
2021-11-19T10:23:42,383|[TRACE] graph - -----> statementPart
2021-11-19T10:23:42,383|[TRACE] graph - -------> nonSkippedChar
2021-11-19T10:23:42,383|[TRACE] script - #out(`N`) [token]
2021-11-19T10:23:42,383|[TRACE] graph - <------- nonSkippedChar
2021-11-19T10:23:42,383|[TRACE] graph - <----- statementPart
2021-11-19T10:23:42,383|[TRACE] graph - -----> statementPart
2021-11-19T10:23:42,383|[TRACE] graph - -------> nonSkippedChar
2021-11-19T10:23:42,383|[TRACE] script - #out(`S`) [token]
2021-11-19T10:23:42,383|[TRACE] graph - <------- nonSkippedChar
2021-11-19T10:23:42,383|[TRACE] graph - <----- statementPart
2021-11-19T10:23:42,383|[TRACE] graph - -----> statementPart
2021-11-19T10:23:42,383|[TRACE] graph - -------> nonSkippedChar
2021-11-19T10:23:42,383|[TRACE] script - #out(`T`) [token]
2021-11-19T10:23:42,383|[TRACE] graph - <------- nonSkippedChar
2021-11-19T10:23:42,383|[TRACE] graph - <----- statementPart
2021-11-19T10:23:42,383|[TRACE] graph - -----> statementPart
2021-11-19T10:23:42,383|[TRACE] graph - -------> nonSkippedChar
2021-11-19T10:23:42,383|[TRACE] script - #out(`R`) [token]
2021-11-19T10:23:42,383|[TRACE] graph - <------- nonSkippedChar
2021-11-19T10:23:42,383|[TRACE] graph - <----- statementPart
2021-11-19T10:23:42,383|[TRACE] graph - -----> statementPart
2021-11-19T10:23:42,383|[TRACE] graph - -------> nonSkippedChar
2021-11-19T10:23:42,383|[TRACE] script - #out(`A`) [token]
2021-11-19T10:23:42,383|[TRACE] graph - <------- nonSkippedChar
2021-11-19T10:23:42,383|[TRACE] graph - <----- statementPart
2021-11-19T10:23:42,383|[TRACE] graph - -----> statementPart
2021-11-19T10:23:42,383|[TRACE] graph - -------> nonSkippedChar
2021-11-19T10:23:42,383|[TRACE] script - #out(`I`) [token]
2021-11-19T10:23:42,383|[TRACE] graph - <------- nonSkippedChar
2021-11-19T10:23:42,383|[TRACE] graph - <----- statementPart
2021-11-19T10:23:42,383|[TRACE] graph - -----> statementPart
2021-11-19T10:23:42,383|[TRACE] graph - -------> nonSkippedChar
2021-11-19T10:23:42,383|[TRACE] script - #out(`N`) [token]
2021-11-19T10:23:42,383|[TRACE] graph - <------- nonSkippedChar
2021-11-19T10:23:42,383|[TRACE] graph - <----- statementPart
2021-11-19T10:23:42,383|[TRACE] graph - -----> statementPart
2021-11-19T10:23:42,383|[TRACE] graph - -------> nonSkippedChar
2021-11-19T10:23:42,383|[TRACE] script - #out(`T`) [token]
2021-11-19T10:23:42,383|[TRACE] graph - <------- nonSkippedChar
2021-11-19T10:23:42,383|[TRACE] graph - <----- statementPart
2021-11-19T10:23:42,383|[TRACE] graph - -----> statementPart
2021-11-19T10:23:42,383|[TRACE] graph - -------> nonSkippedSpace
2021-11-19T10:23:42,383|[TRACE] script - #out(` `) [token]
2021-11-19T10:23:42,383|[TRACE] graph - <------- nonSkippedSpace
2021-11-19T10:23:42,383|[TRACE] graph - <----- statementPart
2021-11-19T10:23:42,383|[TRACE] graph - -----> statementPart
2021-11-19T10:23:42,383|[TRACE] graph - -------> quotedString
2021-11-19T10:23:42,383|[TRACE] script - #out(``fk_donation_record_blood_donation1``) [token]
2021-11-19T10:23:42,383|[TRACE] graph - <------- quotedString
2021-11-19T10:23:42,383|[TRACE] graph - <----- statementPart
2021-11-19T10:23:42,383|[TRACE] graph - -----> afterStatementPartNewline
2021-11-19T10:23:42,383|[TRACE] script - #out(` `) [text]
2021-11-19T10:23:42,383|[TRACE] graph - <----- afterStatementPartNewline
2021-11-19T10:23:42,383|[TRACE] graph - -----> statementPart
2021-11-19T10:23:42,383|[TRACE] graph - -------> nonSkippedSpace
2021-11-19T10:23:42,383|[TRACE] script - #out(` `) [token]
2021-11-19T10:23:42,383|[TRACE] graph - <------- nonSkippedSpace
2021-11-19T10:23:42,383|[TRACE] graph - <----- statementPart
2021-11-19T10:23:42,383|[TRACE] graph - -----> statementPart
2021-11-19T10:23:42,383|[TRACE] graph - -------> nonSkippedSpace
2021-11-19T10:23:42,383|[TRACE] script - #out(` `) [token]
2021-11-19T10:23:42,383|[TRACE] graph - <------- nonSkippedSpace
2021-11-19T10:23:42,383|[TRACE] graph - <----- statementPart
2021-11-19T10:23:42,383|[TRACE] graph - -----> statementPart
2021-11-19T10:23:42,383|[TRACE] graph - -------> nonSkippedSpace
2021-11-19T10:23:42,384|[TRACE] script - #out(` `) [token]
2021-11-19T10:23:42,384|[TRACE] graph - <------- nonSkippedSpace
2021-11-19T10:23:42,384|[TRACE] graph - <----- statementPart
2021-11-19T10:23:42,384|[TRACE] graph - -----> statementPart
2021-11-19T10:23:42,384|[TRACE] graph - -------> nonSkippedSpace
2021-11-19T10:23:42,384|[TRACE] script - #out(` `) [token]
2021-11-19T10:23:42,384|[TRACE] graph - <------- nonSkippedSpace
2021-11-19T10:23:42,384|[TRACE] graph - <----- statementPart
2021-11-19T10:23:42,384|[TRACE] graph - -----> statementPart
2021-11-19T10:23:42,384|[TRACE] graph - -------> nonSkippedChar
2021-11-19T10:23:42,384|[TRACE] script - #out(`F`) [token]
2021-11-19T10:23:42,384|[TRACE] graph - <------- nonSkippedChar
2021-11-19T10:23:42,384|[TRACE] graph - <----- statementPart
2021-11-19T10:23:42,384|[TRACE] graph - -----> statementPart
2021-11-19T10:23:42,384|[TRACE] graph - -------> nonSkippedChar
2021-11-19T10:23:42,384|[TRACE] script - #out(`O`) [token]
2021-11-19T10:23:42,384|[TRACE] graph - <------- nonSkippedChar
2021-11-19T10:23:42,384|[TRACE] graph - <----- statementPart
2021-11-19T10:23:42,384|[TRACE] graph - -----> statementPart
2021-11-19T10:23:42,384|[TRACE] graph - -------> nonSkippedChar
2021-11-19T10:23:42,384|[TRACE] script - #out(`R`) [token]
2021-11-19T10:23:42,384|[TRACE] graph - <------- nonSkippedChar
2021-11-19T10:23:42,384|[TRACE] graph - <----- statementPart
2021-11-19T10:23:42,384|[TRACE] graph - -----> statementPart
2021-11-19T10:23:42,384|[TRACE] graph - -------> nonSkippedChar
2021-11-19T10:23:42,384|[TRACE] script - #out(`E`) [token]
2021-11-19T10:23:42,384|[TRACE] graph - <------- nonSkippedChar
2021-11-19T10:23:42,384|[TRACE] graph - <----- statementPart
2021-11-19T10:23:42,384|[TRACE] graph - -----> statementPart
2021-11-19T10:23:42,384|[TRACE] graph - -------> nonSkippedChar
2021-11-19T10:23:42,384|[TRACE] script - #out(`I`) [token]
2021-11-19T10:23:42,384|[TRACE] graph - <------- nonSkippedChar
2021-11-19T10:23:42,384|[TRACE] graph - <----- statementPart
2021-11-19T10:23:42,384|[TRACE] graph - -----> statementPart
2021-11-19T10:23:42,384|[TRACE] graph - -------> nonSkippedChar
2021-11-19T10:23:42,384|[TRACE] script - #out(`G`) [token]
2021-11-19T10:23:42,384|[TRACE] graph - <------- nonSkippedChar
2021-11-19T10:23:42,384|[TRACE] graph - <----- statementPart
2021-11-19T10:23:42,384|[TRACE] graph - -----> statementPart
2021-11-19T10:23:42,384|[TRACE] graph - -------> nonSkippedChar
2021-11-19T10:23:42,384|[TRACE] script - #out(`N`) [token]
2021-11-19T10:23:42,384|[TRACE] graph - <------- nonSkippedChar
2021-11-19T10:23:42,384|[TRACE] graph - <----- statementPart
2021-11-19T10:23:42,384|[TRACE] graph - -----> statementPart
2021-11-19T10:23:42,384|[TRACE] graph - -------> nonSkippedSpace
2021-11-19T10:23:42,384|[TRACE] script - #out(` `) [token]
2021-11-19T10:23:42,384|[TRACE] graph - <------- nonSkippedSpace
2021-11-19T10:23:42,384|[TRACE] graph - <----- statementPart
2021-11-19T10:23:42,384|[TRACE] graph - -----> statementPart
2021-11-19T10:23:42,384|[TRACE] graph - -------> nonSkippedChar
2021-11-19T10:23:42,384|[TRACE] script - #out(`K`) [token]
2021-11-19T10:23:42,384|[TRACE] graph - <------- nonSkippedChar
2021-11-19T10:23:42,384|[TRACE] graph - <----- statementPart
2021-11-19T10:23:42,384|[TRACE] graph - -----> statementPart
2021-11-19T10:23:42,384|[TRACE] graph - -------> nonSkippedChar
2021-11-19T10:23:42,384|[TRACE] script - #out(`E`) [token]
2021-11-19T10:23:42,384|[TRACE] graph - <------- nonSkippedChar
2021-11-19T10:23:42,384|[TRACE] graph - <----- statementPart
2021-11-19T10:23:42,384|[TRACE] graph - -----> statementPart
2021-11-19T10:23:42,384|[TRACE] graph - -------> nonSkippedChar
2021-11-19T10:23:42,384|[TRACE] script - #out(`Y`) [token]
2021-11-19T10:23:42,384|[TRACE] graph - <------- nonSkippedChar
2021-11-19T10:23:42,384|[TRACE] graph - <----- statementPart
2021-11-19T10:23:42,384|[TRACE] graph - -----> statementPart
2021-11-19T10:23:42,384|[TRACE] graph - -------> nonSkippedSpace
2021-11-19T10:23:42,384|[TRACE] script - #out(` `) [token]
2021-11-19T10:23:42,384|[TRACE] graph - <------- nonSkippedSpace
2021-11-19T10:23:42,384|[TRACE] graph - <----- statementPart
2021-11-19T10:23:42,384|[TRACE] graph - -----> statementPart
2021-11-19T10:23:42,384|[TRACE] graph - -------> nonSkippedChar
2021-11-19T10:23:42,384|[TRACE] script - #out(`(`) [token]
2021-11-19T10:23:42,384|[TRACE] graph - <------- nonSkippedChar
2021-11-19T10:23:42,384|[TRACE] graph - <----- statementPart
2021-11-19T10:23:42,384|[TRACE] graph - -----> statementPart
2021-11-19T10:23:42,384|[TRACE] graph - -------> quotedString
2021-11-19T10:23:42,384|[TRACE] script - #out(``donation_id``) [token]
2021-11-19T10:23:42,384|[TRACE] graph - <------- quotedString
2021-11-19T10:23:42,384|[TRACE] graph - <----- statementPart
2021-11-19T10:23:42,384|[TRACE] graph - -----> statementPart
2021-11-19T10:23:42,384|[TRACE] graph - -------> nonSkippedChar
2021-11-19T10:23:42,384|[TRACE] script - #out(`)`) [token]
2021-11-19T10:23:42,384|[TRACE] graph - <------- nonSkippedChar
2021-11-19T10:23:42,384|[TRACE] graph - <----- statementPart
2021-11-19T10:23:42,384|[TRACE] graph - -----> afterStatementPartNewline
2021-11-19T10:23:42,384|[TRACE] script - #out(` `) [text]
2021-11-19T10:23:42,384|[TRACE] graph - <----- afterStatementPartNewline
2021-11-19T10:23:42,384|[TRACE] graph - -----> statementPart
2021-11-19T10:23:42,384|[TRACE] graph - -------> nonSkippedSpace
2021-11-19T10:23:42,384|[TRACE] script - #out(` `) [token]
2021-11-19T10:23:42,384|[TRACE] graph - <------- nonSkippedSpace
2021-11-19T10:23:42,384|[TRACE] graph - <----- statementPart
2021-11-19T10:23:42,384|[TRACE] graph - -----> statementPart
2021-11-19T10:23:42,384|[TRACE] graph - -------> nonSkippedSpace
2021-11-19T10:23:42,384|[TRACE] script - #out(` `) [token]
2021-11-19T10:23:42,384|[TRACE] graph - <------- nonSkippedSpace
2021-11-19T10:23:42,384|[TRACE] graph - <----- statementPart
2021-11-19T10:23:42,384|[TRACE] graph - -----> statementPart
2021-11-19T10:23:42,384|[TRACE] graph - -------> nonSkippedSpace
2021-11-19T10:23:42,384|[TRACE] script - #out(` `) [token]
2021-11-19T10:23:42,384|[TRACE] graph - <------- nonSkippedSpace
2021-11-19T10:23:42,384|[TRACE] graph - <----- statementPart
2021-11-19T10:23:42,384|[TRACE] graph - -----> statementPart
2021-11-19T10:23:42,384|[TRACE] graph - -------> nonSkippedSpace
2021-11-19T10:23:42,384|[TRACE] script - #out(` `) [token]
2021-11-19T10:23:42,384|[TRACE] graph - <------- nonSkippedSpace
2021-11-19T10:23:42,384|[TRACE] graph - <----- statementPart
2021-11-19T10:23:42,384|[TRACE] graph - -----> statementPart
2021-11-19T10:23:42,384|[TRACE] graph - -------> nonSkippedChar
2021-11-19T10:23:42,384|[TRACE] script - #out(`R`) [token]
2021-11-19T10:23:42,384|[TRACE] graph - <------- nonSkippedChar
2021-11-19T10:23:42,384|[TRACE] graph - <----- statementPart
2021-11-19T10:23:42,384|[TRACE] graph - -----> statementPart
2021-11-19T10:23:42,384|[TRACE] graph - -------> nonSkippedChar
2021-11-19T10:23:42,384|[TRACE] script - #out(`E`) [token]
2021-11-19T10:23:42,384|[TRACE] graph - <------- nonSkippedChar
2021-11-19T10:23:42,384|[TRACE] graph - <----- statementPart
2021-11-19T10:23:42,384|[TRACE] graph - -----> statementPart
2021-11-19T10:23:42,384|[TRACE] graph - -------> nonSkippedChar
2021-11-19T10:23:42,384|[TRACE] script - #out(`F`) [token]
2021-11-19T10:23:42,384|[TRACE] graph - <------- nonSkippedChar
2021-11-19T10:23:42,384|[TRACE] graph - <----- statementPart
2021-11-19T10:23:42,384|[TRACE] graph - -----> statementPart
2021-11-19T10:23:42,384|[TRACE] graph - -------> nonSkippedChar
2021-11-19T10:23:42,384|[TRACE] script - #out(`E`) [token]
2021-11-19T10:23:42,384|[TRACE] graph - <------- nonSkippedChar
2021-11-19T10:23:42,384|[TRACE] graph - <----- statementPart
2021-11-19T10:23:42,384|[TRACE] graph - -----> statementPart
2021-11-19T10:23:42,384|[TRACE] graph - -------> nonSkippedChar
2021-11-19T10:23:42,384|[TRACE] script - #out(`R`) [token]
2021-11-19T10:23:42,384|[TRACE] graph - <------- nonSkippedChar
2021-11-19T10:23:42,384|[TRACE] graph - <----- statementPart
2021-11-19T10:23:42,384|[TRACE] graph - -----> statementPart
2021-11-19T10:23:42,384|[TRACE] graph - -------> nonSkippedChar
2021-11-19T10:23:42,384|[TRACE] script - #out(`E`) [token]
2021-11-19T10:23:42,384|[TRACE] graph - <------- nonSkippedChar
2021-11-19T10:23:42,384|[TRACE] graph - <----- statementPart
2021-11-19T10:23:42,384|[TRACE] graph - -----> statementPart
2021-11-19T10:23:42,384|[TRACE] graph - -------> nonSkippedChar
2021-11-19T10:23:42,384|[TRACE] script - #out(`N`) [token]
2021-11-19T10:23:42,384|[TRACE] graph - <------- nonSkippedChar
2021-11-19T10:23:42,384|[TRACE] graph - <----- statementPart
2021-11-19T10:23:42,384|[TRACE] graph - -----> statementPart
2021-11-19T10:23:42,384|[TRACE] graph - -------> nonSkippedChar
2021-11-19T10:23:42,384|[TRACE] script - #out(`C`) [token]
2021-11-19T10:23:42,384|[TRACE] graph - <------- nonSkippedChar
2021-11-19T10:23:42,384|[TRACE] graph - <----- statementPart
2021-11-19T10:23:42,384|[TRACE] graph - -----> statementPart
2021-11-19T10:23:42,384|[TRACE] graph - -------> nonSkippedChar
2021-11-19T10:23:42,384|[TRACE] script - #out(`E`) [token]
2021-11-19T10:23:42,384|[TRACE] graph - <------- nonSkippedChar
2021-11-19T10:23:42,384|[TRACE] graph - <----- statementPart
2021-11-19T10:23:42,384|[TRACE] graph - -----> statementPart
2021-11-19T10:23:42,384|[TRACE] graph - -------> nonSkippedChar
2021-11-19T10:23:42,384|[TRACE] script - #out(`S`) [token]
2021-11-19T10:23:42,384|[TRACE] graph - <------- nonSkippedChar
2021-11-19T10:23:42,384|[TRACE] graph - <----- statementPart
2021-11-19T10:23:42,384|[TRACE] graph - -----> statementPart
2021-11-19T10:23:42,384|[TRACE] graph - -------> nonSkippedSpace
2021-11-19T10:23:42,384|[TRACE] script - #out(` `) [token]
2021-11-19T10:23:42,384|[TRACE] graph - <------- nonSkippedSpace
2021-11-19T10:23:42,384|[TRACE] graph - <----- statementPart
2021-11-19T10:23:42,384|[TRACE] graph - -----> statementPart
2021-11-19T10:23:42,384|[TRACE] graph - -------> quotedString
2021-11-19T10:23:42,384|[TRACE] script - #out(``bloodbank``) [token]
2021-11-19T10:23:42,384|[TRACE] graph - <------- quotedString
2021-11-19T10:23:42,384|[TRACE] graph - <----- statementPart
2021-11-19T10:23:42,384|[TRACE] graph - -----> statementPart
2021-11-19T10:23:42,384|[TRACE] graph - -------> nonSkippedChar
2021-11-19T10:23:42,384|[TRACE] script - #out(`.`) [token]
2021-11-19T10:23:42,384|[TRACE] graph - <------- nonSkippedChar
2021-11-19T10:23:42,384|[TRACE] graph - <----- statementPart
2021-11-19T10:23:42,384|[TRACE] graph - -----> statementPart
2021-11-19T10:23:42,384|[TRACE] graph - -------> quotedString
2021-11-19T10:23:42,384|[TRACE] script - #out(``blood_donation``) [token]
2021-11-19T10:23:42,384|[TRACE] graph - <------- quotedString
2021-11-19T10:23:42,384|[TRACE] graph - <----- statementPart
2021-11-19T10:23:42,384|[TRACE] graph - -----> statementPart
2021-11-19T10:23:42,384|[TRACE] graph - -------> nonSkippedSpace
2021-11-19T10:23:42,384|[TRACE] script - #out(` `) [token]
2021-11-19T10:23:42,384|[TRACE] graph - <------- nonSkippedSpace
2021-11-19T10:23:42,384|[TRACE] graph - <----- statementPart
2021-11-19T10:23:42,384|[TRACE] graph - -----> statementPart
2021-11-19T10:23:42,384|[TRACE] graph - -------> nonSkippedChar
2021-11-19T10:23:42,384|[TRACE] script - #out(`(`) [token]
2021-11-19T10:23:42,384|[TRACE] graph - <------- nonSkippedChar
2021-11-19T10:23:42,384|[TRACE] graph - <----- statementPart
2021-11-19T10:23:42,384|[TRACE] graph - -----> statementPart
2021-11-19T10:23:42,384|[TRACE] graph - -------> quotedString
2021-11-19T10:23:42,384|[TRACE] script - #out(``donation_id``) [token]
2021-11-19T10:23:42,384|[TRACE] graph - <------- quotedString
2021-11-19T10:23:42,384|[TRACE] graph - <----- statementPart
2021-11-19T10:23:42,384|[TRACE] graph - -----> statementPart
2021-11-19T10:23:42,384|[TRACE] graph - -------> nonSkippedChar
2021-11-19T10:23:42,384|[TRACE] script - #out(`)`) [token]
2021-11-19T10:23:42,384|[TRACE] graph - <------- nonSkippedChar
2021-11-19T10:23:42,384|[TRACE] graph - <----- statementPart
2021-11-19T10:23:42,384|[TRACE] graph - -----> afterStatementPartNewline
2021-11-19T10:23:42,384|[TRACE] script - #out(` `) [text]
2021-11-19T10:23:42,384|[TRACE] graph - <----- afterStatementPartNewline
2021-11-19T10:23:42,384|[TRACE] graph - -----> statementPart
2021-11-19T10:23:42,384|[TRACE] graph - -------> nonSkippedSpace
2021-11-19T10:23:42,384|[TRACE] script - #out(` `) [token]
2021-11-19T10:23:42,384|[TRACE] graph - <------- nonSkippedSpace
2021-11-19T10:23:42,384|[TRACE] graph - <----- statementPart
2021-11-19T10:23:42,384|[TRACE] graph - -----> statementPart
2021-11-19T10:23:42,384|[TRACE] graph - -------> nonSkippedSpace
2021-11-19T10:23:42,384|[TRACE] script - #out(` `) [token]
2021-11-19T10:23:42,384|[TRACE] graph - <------- nonSkippedSpace
2021-11-19T10:23:42,384|[TRACE] graph - <----- statementPart
2021-11-19T10:23:42,384|[TRACE] graph - -----> statementPart
2021-11-19T10:23:42,384|[TRACE] graph - -------> nonSkippedSpace
2021-11-19T10:23:42,384|[TRACE] script - #out(` `) [token]
2021-11-19T10:23:42,384|[TRACE] graph - <------- nonSkippedSpace
2021-11-19T10:23:42,384|[TRACE] graph - <----- statementPart
2021-11-19T10:23:42,384|[TRACE] graph - -----> statementPart
2021-11-19T10:23:42,384|[TRACE] graph - -------> nonSkippedSpace
2021-11-19T10:23:42,384|[TRACE] script - #out(` `) [token]
2021-11-19T10:23:42,384|[TRACE] graph - <------- nonSkippedSpace
2021-11-19T10:23:42,384|[TRACE] graph - <----- statementPart
2021-11-19T10:23:42,384|[TRACE] graph - -----> statementPart
2021-11-19T10:23:42,384|[TRACE] graph - -------> nonSkippedChar
2021-11-19T10:23:42,384|[TRACE] script - #out(`O`) [token]
2021-11-19T10:23:42,384|[TRACE] graph - <------- nonSkippedChar
2021-11-19T10:23:42,384|[TRACE] graph - <----- statementPart
2021-11-19T10:23:42,384|[TRACE] graph - -----> statementPart
2021-11-19T10:23:42,384|[TRACE] graph - -------> nonSkippedChar
2021-11-19T10:23:42,384|[TRACE] script - #out(`N`) [token]
2021-11-19T10:23:42,384|[TRACE] graph - <------- nonSkippedChar
2021-11-19T10:23:42,384|[TRACE] graph - <----- statementPart
2021-11-19T10:23:42,384|[TRACE] graph - -----> statementPart
2021-11-19T10:23:42,384|[TRACE] graph - -------> nonSkippedSpace
2021-11-19T10:23:42,384|[TRACE] script - #out(` `) [token]
2021-11-19T10:23:42,384|[TRACE] graph - <------- nonSkippedSpace
2021-11-19T10:23:42,384|[TRACE] graph - <----- statementPart
2021-11-19T10:23:42,384|[TRACE] graph - -----> statementPart
2021-11-19T10:23:42,384|[TRACE] graph - -------> nonSkippedChar
2021-11-19T10:23:42,384|[TRACE] script - #out(`D`) [token]
2021-11-19T10:23:42,384|[TRACE] graph - <------- nonSkippedChar
2021-11-19T10:23:42,384|[TRACE] graph - <----- statementPart
2021-11-19T10:23:42,384|[TRACE] graph - -----> statementPart
2021-11-19T10:23:42,384|[TRACE] graph - -------> nonSkippedChar
2021-11-19T10:23:42,384|[TRACE] script - #out(`E`) [token]
2021-11-19T10:23:42,384|[TRACE] graph - <------- nonSkippedChar
2021-11-19T10:23:42,384|[TRACE] graph - <----- statementPart
2021-11-19T10:23:42,384|[TRACE] graph - -----> statementPart
2021-11-19T10:23:42,384|[TRACE] graph - -------> nonSkippedChar
2021-11-19T10:23:42,384|[TRACE] script - #out(`L`) [token]
2021-11-19T10:23:42,384|[TRACE] graph - <------- nonSkippedChar
2021-11-19T10:23:42,384|[TRACE] graph - <----- statementPart
2021-11-19T10:23:42,384|[TRACE] graph - -----> statementPart
2021-11-19T10:23:42,384|[TRACE] graph - -------> nonSkippedChar
2021-11-19T10:23:42,384|[TRACE] script - #out(`E`) [token]
2021-11-19T10:23:42,384|[TRACE] graph - <------- nonSkippedChar
2021-11-19T10:23:42,384|[TRACE] graph - <----- statementPart
2021-11-19T10:23:42,384|[TRACE] graph - -----> statementPart
2021-11-19T10:23:42,384|[TRACE] graph - -------> nonSkippedChar
2021-11-19T10:23:42,384|[TRACE] script - #out(`T`) [token]
2021-11-19T10:23:42,384|[TRACE] graph - <------- nonSkippedChar
2021-11-19T10:23:42,384|[TRACE] graph - <----- statementPart
2021-11-19T10:23:42,384|[TRACE] graph - -----> statementPart
2021-11-19T10:23:42,384|[TRACE] graph - -------> nonSkippedChar
2021-11-19T10:23:42,384|[TRACE] script - #out(`E`) [token]
2021-11-19T10:23:42,384|[TRACE] graph - <------- nonSkippedChar
2021-11-19T10:23:42,384|[TRACE] graph - <----- statementPart
2021-11-19T10:23:42,384|[TRACE] graph - -----> statementPart
2021-11-19T10:23:42,384|[TRACE] graph - -------> nonSkippedSpace
2021-11-19T10:23:42,384|[TRACE] script - #out(` `) [token]
2021-11-19T10:23:42,384|[TRACE] graph - <------- nonSkippedSpace
2021-11-19T10:23:42,384|[TRACE] graph - <----- statementPart
2021-11-19T10:23:42,384|[TRACE] graph - -----> statementPart
2021-11-19T10:23:42,384|[TRACE] graph - -------> nonSkippedChar
2021-11-19T10:23:42,384|[TRACE] script - #out(`N`) [token]
2021-11-19T10:23:42,384|[TRACE] graph - <------- nonSkippedChar
2021-11-19T10:23:42,384|[TRACE] graph - <----- statementPart
2021-11-19T10:23:42,384|[TRACE] graph - -----> statementPart
2021-11-19T10:23:42,384|[TRACE] graph - -------> nonSkippedChar
2021-11-19T10:23:42,384|[TRACE] script - #out(`O`) [token]
2021-11-19T10:23:42,384|[TRACE] graph - <------- nonSkippedChar
2021-11-19T10:23:42,384|[TRACE] graph - <----- statementPart
2021-11-19T10:23:42,384|[TRACE] graph - -----> statementPart
2021-11-19T10:23:42,384|[TRACE] graph - -------> nonSkippedSpace
2021-11-19T10:23:42,384|[TRACE] script - #out(` `) [token]
2021-11-19T10:23:42,384|[TRACE] graph - <------- nonSkippedSpace
2021-11-19T10:23:42,385|[TRACE] graph - <----- statementPart
2021-11-19T10:23:42,385|[TRACE] graph - -----> statementPart
2021-11-19T10:23:42,385|[TRACE] graph - -------> nonSkippedChar
2021-11-19T10:23:42,385|[TRACE] script - #out(`A`) [token]
2021-11-19T10:23:42,385|[TRACE] graph - <------- nonSkippedChar
2021-11-19T10:23:42,385|[TRACE] graph - <----- statementPart
2021-11-19T10:23:42,385|[TRACE] graph - -----> statementPart
2021-11-19T10:23:42,385|[TRACE] graph - -------> nonSkippedChar
2021-11-19T10:23:42,385|[TRACE] script - #out(`C`) [token]
2021-11-19T10:23:42,385|[TRACE] graph - <------- nonSkippedChar
2021-11-19T10:23:42,385|[TRACE] graph - <----- statementPart
2021-11-19T10:23:42,385|[TRACE] graph - -----> statementPart
2021-11-19T10:23:42,385|[TRACE] graph - -------> nonSkippedChar
2021-11-19T10:23:42,385|[TRACE] script - #out(`T`) [token]
2021-11-19T10:23:42,385|[TRACE] graph - <------- nonSkippedChar
2021-11-19T10:23:42,385|[TRACE] graph - <----- statementPart
2021-11-19T10:23:42,385|[TRACE] graph - -----> statementPart
2021-11-19T10:23:42,385|[TRACE] graph - -------> nonSkippedChar
2021-11-19T10:23:42,385|[TRACE] script - #out(`I`) [token]
2021-11-19T10:23:42,385|[TRACE] graph - <------- nonSkippedChar
2021-11-19T10:23:42,385|[TRACE] graph - <----- statementPart
2021-11-19T10:23:42,385|[TRACE] graph - -----> statementPart
2021-11-19T10:23:42,385|[TRACE] graph - -------> nonSkippedChar
2021-11-19T10:23:42,385|[TRACE] script - #out(`O`) [token]
2021-11-19T10:23:42,385|[TRACE] graph - <------- nonSkippedChar
2021-11-19T10:23:42,385|[TRACE] graph - <----- statementPart
2021-11-19T10:23:42,385|[TRACE] graph - -----> statementPart
2021-11-19T10:23:42,385|[TRACE] graph - -------> nonSkippedChar
2021-11-19T10:23:42,385|[TRACE] script - #out(`N`) [token]
2021-11-19T10:23:42,385|[TRACE] graph - <------- nonSkippedChar
2021-11-19T10:23:42,385|[TRACE] graph - <----- statementPart
2021-11-19T10:23:42,385|[TRACE] graph - -----> afterStatementPartNewline
2021-11-19T10:23:42,385|[TRACE] script - #out(` `) [text]
2021-11-19T10:23:42,385|[TRACE] graph - <----- afterStatementPartNewline
2021-11-19T10:23:42,385|[TRACE] graph - -----> statementPart
2021-11-19T10:23:42,385|[TRACE] graph - -------> nonSkippedSpace
2021-11-19T10:23:42,385|[TRACE] script - #out(` `) [token]
2021-11-19T10:23:42,385|[TRACE] graph - <------- nonSkippedSpace
2021-11-19T10:23:42,385|[TRACE] graph - <----- statementPart
2021-11-19T10:23:42,385|[TRACE] graph - -----> statementPart
2021-11-19T10:23:42,385|[TRACE] graph - -------> nonSkippedSpace
2021-11-19T10:23:42,385|[TRACE] script - #out(` `) [token]
2021-11-19T10:23:42,385|[TRACE] graph - <------- nonSkippedSpace
2021-11-19T10:23:42,385|[TRACE] graph - <----- statementPart
2021-11-19T10:23:42,385|[TRACE] graph - -----> statementPart
2021-11-19T10:23:42,385|[TRACE] graph - -------> nonSkippedSpace
2021-11-19T10:23:42,385|[TRACE] script - #out(` `) [token]
2021-11-19T10:23:42,385|[TRACE] graph - <------- nonSkippedSpace
2021-11-19T10:23:42,385|[TRACE] graph - <----- statementPart
2021-11-19T10:23:42,385|[TRACE] graph - -----> statementPart
2021-11-19T10:23:42,562|[TRACE] graph - -------> nonSkippedSpace
2021-11-19T10:23:42,562|[TRACE] script - #out(` `) [token]
2021-11-19T10:23:42,562|[TRACE] graph - <------- nonSkippedSpace
2021-11-19T10:23:42,562|[TRACE] graph - <----- statementPart
2021-11-19T10:23:42,562|[TRACE] graph - -----> statementPart
2021-11-19T10:23:42,562|[TRACE] graph - -------> nonSkippedChar
2021-11-19T10:23:42,562|[TRACE] script - #out(`O`) [token]
2021-11-19T10:23:42,562|[TRACE] graph - <------- nonSkippedChar
2021-11-19T10:23:42,562|[TRACE] graph - <----- statementPart
2021-11-19T10:23:42,562|[TRACE] graph - -----> statementPart
2021-11-19T10:23:42,562|[TRACE] graph - -------> nonSkippedChar
2021-11-19T10:23:42,562|[TRACE] script - #out(`N`) [token]
2021-11-19T10:23:42,562|[TRACE] graph - <------- nonSkippedChar
2021-11-19T10:23:42,562|[TRACE] graph - <----- statementPart
2021-11-19T10:23:42,562|[TRACE] graph - -----> statementPart
2021-11-19T10:23:42,562|[TRACE] graph - -------> nonSkippedSpace
2021-11-19T10:23:42,562|[TRACE] script - #out(` `) [token]
2021-11-19T10:23:42,562|[TRACE] graph - <------- nonSkippedSpace
2021-11-19T10:23:42,562|[TRACE] graph - <----- statementPart
2021-11-19T10:23:42,562|[TRACE] graph - -----> statementPart
2021-11-19T10:23:42,562|[TRACE] graph - -------> nonSkippedChar
2021-11-19T10:23:42,562|[TRACE] script - #out(`U`) [token]
2021-11-19T10:23:42,562|[TRACE] graph - <------- nonSkippedChar
2021-11-19T10:23:42,562|[TRACE] graph - <----- statementPart
2021-11-19T10:23:42,562|[TRACE] graph - -----> statementPart
2021-11-19T10:23:42,562|[TRACE] graph - -------> nonSkippedChar
2021-11-19T10:23:42,562|[TRACE] script - #out(`P`) [token]
2021-11-19T10:23:42,562|[TRACE] graph - <------- nonSkippedChar
2021-11-19T10:23:42,562|[TRACE] graph - <----- statementPart
2021-11-19T10:23:42,562|[TRACE] graph - -----> statementPart
2021-11-19T10:23:42,562|[TRACE] graph - -------> nonSkippedChar
2021-11-19T10:23:42,562|[TRACE] script - #out(`D`) [token]
2021-11-19T10:23:42,562|[TRACE] graph - <------- nonSkippedChar
2021-11-19T10:23:42,562|[TRACE] graph - <----- statementPart
2021-11-19T10:23:42,562|[TRACE] graph - -----> statementPart
2021-11-19T10:23:42,562|[TRACE] graph - -------> nonSkippedChar
2021-11-19T10:23:42,562|[TRACE] script - #out(`A`) [token]
2021-11-19T10:23:42,562|[TRACE] graph - <------- nonSkippedChar
2021-11-19T10:23:42,562|[TRACE] graph - <----- statementPart
2021-11-19T10:23:42,562|[TRACE] graph - -----> statementPart
2021-11-19T10:23:42,562|[TRACE] graph - -------> nonSkippedChar
2021-11-19T10:23:42,562|[TRACE] script - #out(`T`) [token]
2021-11-19T10:23:42,562|[TRACE] graph - <------- nonSkippedChar
2021-11-19T10:23:42,562|[TRACE] graph - <----- statementPart
2021-11-19T10:23:42,562|[TRACE] graph - -----> statementPart
2021-11-19T10:23:42,562|[TRACE] graph - -------> nonSkippedChar
2021-11-19T10:23:42,562|[TRACE] script - #out(`E`) [token]
2021-11-19T10:23:42,562|[TRACE] graph - <------- nonSkippedChar
2021-11-19T10:23:42,562|[TRACE] graph - <----- statementPart
2021-11-19T10:23:42,562|[TRACE] graph - -----> statementPart
2021-11-19T10:23:42,562|[TRACE] graph - -------> nonSkippedSpace
2021-11-19T10:23:42,562|[TRACE] script - #out(` `) [token]
2021-11-19T10:23:42,562|[TRACE] graph - <------- nonSkippedSpace
2021-11-19T10:23:42,562|[TRACE] graph - <----- statementPart
2021-11-19T10:23:42,562|[TRACE] graph - -----> statementPart
2021-11-19T10:23:42,562|[TRACE] graph - -------> nonSkippedChar
2021-11-19T10:23:42,562|[TRACE] script - #out(`N`) [token]
2021-11-19T10:23:42,562|[TRACE] graph - <------- nonSkippedChar
2021-11-19T10:23:42,562|[TRACE] graph - <----- statementPart
2021-11-19T10:23:42,562|[TRACE] graph - -----> statementPart
2021-11-19T10:23:42,562|[TRACE] graph - -------> nonSkippedChar
2021-11-19T10:23:42,562|[TRACE] script - #out(`O`) [token]
2021-11-19T10:23:42,562|[TRACE] graph - <------- nonSkippedChar
2021-11-19T10:23:42,562|[TRACE] graph - <----- statementPart
2021-11-19T10:23:42,562|[TRACE] graph - -----> statementPart
2021-11-19T10:23:42,562|[TRACE] graph - -------> nonSkippedSpace
2021-11-19T10:23:42,562|[TRACE] script - #out(` `) [token]
2021-11-19T10:23:42,562|[TRACE] graph - <------- nonSkippedSpace
2021-11-19T10:23:42,562|[TRACE] graph - <----- statementPart
2021-11-19T10:23:42,562|[TRACE] graph - -----> statementPart
2021-11-19T10:23:42,562|[TRACE] graph - -------> nonSkippedChar
2021-11-19T10:23:42,562|[TRACE] script - #out(`A`) [token]
2021-11-19T10:23:42,562|[TRACE] graph - <------- nonSkippedChar
2021-11-19T10:23:42,562|[TRACE] graph - <----- statementPart
2021-11-19T10:23:42,562|[TRACE] graph - -----> statementPart
2021-11-19T10:23:42,562|[TRACE] graph - -------> nonSkippedChar
2021-11-19T10:23:42,562|[TRACE] script - #out(`C`) [token]
2021-11-19T10:23:42,562|[TRACE] graph - <------- nonSkippedChar
2021-11-19T10:23:42,562|[TRACE] graph - <----- statementPart
2021-11-19T10:23:42,562|[TRACE] graph - -----> statementPart
2021-11-19T10:23:42,562|[TRACE] graph - -------> nonSkippedChar
2021-11-19T10:23:42,562|[TRACE] script - #out(`T`) [token]
2021-11-19T10:23:42,562|[TRACE] graph - <------- nonSkippedChar
2021-11-19T10:23:42,562|[TRACE] graph - <----- statementPart
2021-11-19T10:23:42,562|[TRACE] graph - -----> statementPart
2021-11-19T10:23:42,562|[TRACE] graph - -------> nonSkippedChar
2021-11-19T10:23:42,562|[TRACE] script - #out(`I`) [token]
2021-11-19T10:23:42,562|[TRACE] graph - <------- nonSkippedChar
2021-11-19T10:23:42,562|[TRACE] graph - <----- statementPart
2021-11-19T10:23:42,562|[TRACE] graph - -----> statementPart
2021-11-19T10:23:42,562|[TRACE] graph - -------> nonSkippedChar
2021-11-19T10:23:42,562|[TRACE] script - #out(`O`) [token]
2021-11-19T10:23:42,562|[TRACE] graph - <------- nonSkippedChar
2021-11-19T10:23:42,562|[TRACE] graph - <----- statementPart
2021-11-19T10:23:42,562|[TRACE] graph - -----> statementPart
2021-11-19T10:23:42,562|[TRACE] graph - -------> nonSkippedChar
2021-11-19T10:23:42,562|[TRACE] script - #out(`N`) [token]
2021-11-19T10:23:42,562|[TRACE] graph - <------- nonSkippedChar
2021-11-19T10:23:42,562|[TRACE] graph - <----- statementPart
2021-11-19T10:23:42,562|[TRACE] graph - -----> statementPart
2021-11-19T10:23:42,562|[TRACE] graph - -------> nonSkippedChar
2021-11-19T10:23:42,562|[TRACE] script - #out(`)`) [token]
2021-11-19T10:23:42,562|[TRACE] graph - <------- nonSkippedChar
2021-11-19T10:23:42,562|[TRACE] graph - <----- statementPart
2021-11-19T10:23:42,562|[TRACE] graph - -----> afterStatementPartNewline
2021-11-19T10:23:42,562|[TRACE] script - #out(` `) [text]
2021-11-19T10:23:42,562|[TRACE] graph - <----- afterStatementPartNewline
2021-11-19T10:23:42,562|[TRACE] graph - -----> statementPart
2021-11-19T10:23:42,562|[TRACE] graph - -------> nonSkippedChar
2021-11-19T10:23:42,562|[TRACE] script - #out(`E`) [token]
2021-11-19T10:23:42,562|[TRACE] graph - <------- nonSkippedChar
2021-11-19T10:23:42,562|[TRACE] graph - <----- statementPart
2021-11-19T10:23:42,562|[TRACE] graph - -----> statementPart
2021-11-19T10:23:42,562|[TRACE] graph - -------> nonSkippedChar
2021-11-19T10:23:42,562|[TRACE] script - #out(`N`) [token]
2021-11-19T10:23:42,562|[TRACE] graph - <------- nonSkippedChar
2021-11-19T10:23:42,562|[TRACE] graph - <----- statementPart
2021-11-19T10:23:42,562|[TRACE] graph - -----> statementPart
2021-11-19T10:23:42,562|[TRACE] graph - -------> nonSkippedChar
2021-11-19T10:23:42,562|[TRACE] script - #out(`G`) [token]
2021-11-19T10:23:42,562|[TRACE] graph - <------- nonSkippedChar
2021-11-19T10:23:42,562|[TRACE] graph - <----- statementPart
2021-11-19T10:23:42,562|[TRACE] graph - -----> statementPart
2021-11-19T10:23:42,562|[TRACE] graph - -------> nonSkippedChar
2021-11-19T10:23:42,562|[TRACE] script - #out(`I`) [token]
2021-11-19T10:23:42,562|[TRACE] graph - <------- nonSkippedChar
2021-11-19T10:23:42,562|[TRACE] graph - <----- statementPart
2021-11-19T10:23:42,562|[TRACE] graph - -----> statementPart
2021-11-19T10:23:42,562|[TRACE] graph - -------> nonSkippedChar
2021-11-19T10:23:42,562|[TRACE] script - #out(`N`) [token]
2021-11-19T10:23:42,562|[TRACE] graph - <------- nonSkippedChar
2021-11-19T10:23:42,562|[TRACE] graph - <----- statementPart
2021-11-19T10:23:42,562|[TRACE] graph - -----> statementPart
2021-11-19T10:23:42,562|[TRACE] graph - -------> nonSkippedChar
2021-11-19T10:23:42,562|[TRACE] script - #out(`E`) [token]
2021-11-19T10:23:42,562|[TRACE] graph - <------- nonSkippedChar
2021-11-19T10:23:42,562|[TRACE] graph - <----- statementPart
2021-11-19T10:23:42,562|[TRACE] graph - -----> statementPart
2021-11-19T10:23:42,562|[TRACE] graph - -------> nonSkippedSpace
2021-11-19T10:23:42,562|[TRACE] script - #out(` `) [token]
2021-11-19T10:23:42,562|[TRACE] graph - <------- nonSkippedSpace
2021-11-19T10:23:42,562|[TRACE] graph - <----- statementPart
2021-11-19T10:23:42,562|[TRACE] graph - -----> statementPart
2021-11-19T10:23:42,562|[TRACE] graph - -------> nonSkippedChar
2021-11-19T10:23:42,562|[TRACE] script - #out(`=`) [token]
2021-11-19T10:23:42,562|[TRACE] graph - <------- nonSkippedChar
2021-11-19T10:23:42,562|[TRACE] graph - <----- statementPart
2021-11-19T10:23:42,562|[TRACE] graph - -----> statementPart
2021-11-19T10:23:42,562|[TRACE] graph - -------> nonSkippedSpace
2021-11-19T10:23:42,562|[TRACE] script - #out(` `) [token]
2021-11-19T10:23:42,562|[TRACE] graph - <------- nonSkippedSpace
2021-11-19T10:23:42,562|[TRACE] graph - <----- statementPart
2021-11-19T10:23:42,562|[TRACE] graph - -----> statementPart
2021-11-19T10:23:42,562|[TRACE] graph - -------> nonSkippedChar
2021-11-19T10:23:42,562|[TRACE] script - #out(`I`) [token]
2021-11-19T10:23:42,562|[TRACE] graph - <------- nonSkippedChar
2021-11-19T10:23:42,562|[TRACE] graph - <----- statementPart
2021-11-19T10:23:42,562|[TRACE] graph - -----> statementPart
2021-11-19T10:23:42,562|[TRACE] graph - -------> nonSkippedChar
2021-11-19T10:23:42,562|[TRACE] script - #out(`n`) [token]
2021-11-19T10:23:42,562|[TRACE] graph - <------- nonSkippedChar
2021-11-19T10:23:42,562|[TRACE] graph - <----- statementPart
2021-11-19T10:23:42,562|[TRACE] graph - -----> statementPart
2021-11-19T10:23:42,562|[TRACE] graph - -------> nonSkippedChar
2021-11-19T10:23:42,562|[TRACE] script - #out(`n`) [token]
2021-11-19T10:23:42,562|[TRACE] graph - <------- nonSkippedChar
2021-11-19T10:23:42,562|[TRACE] graph - <----- statementPart
2021-11-19T10:23:42,562|[TRACE] graph - -----> statementPart
2021-11-19T10:23:42,562|[TRACE] graph - -------> nonSkippedChar
2021-11-19T10:23:42,562|[TRACE] script - #out(`o`) [token]
2021-11-19T10:23:42,562|[TRACE] graph - <------- nonSkippedChar
2021-11-19T10:23:42,562|[TRACE] graph - <----- statementPart
2021-11-19T10:23:42,562|[TRACE] graph - -----> statementPart
2021-11-19T10:23:42,562|[TRACE] graph - -------> nonSkippedChar
2021-11-19T10:23:42,562|[TRACE] script - #out(`D`) [token]
2021-11-19T10:23:42,562|[TRACE] graph - <------- nonSkippedChar
2021-11-19T10:23:42,562|[TRACE] graph - <----- statementPart
2021-11-19T10:23:42,562|[TRACE] graph - -----> statementPart
2021-11-19T10:23:42,563|[TRACE] graph - -------> nonSkippedChar
2021-11-19T10:23:42,563|[TRACE] script - #out(`B`) [token]
2021-11-19T10:23:42,563|[TRACE] graph - <------- nonSkippedChar
2021-11-19T10:23:42,563|[TRACE] graph - <----- statementPart
2021-11-19T10:23:42,563|[DEBUG] graph - Import statement : CREATE TABLE IF NOT EXISTS `bloodbank`.`donation_record` (   `record_id` INT NOT NULL AUTO_INCREMENT,   `person_id` INT NOT NULL,   `donation_id` INT NULL,   `tested` BIT(1) NOT NULL,   `created` BIGINT NOT NULL DEFAULT (unix_timestamp(now()) * 1000),   `updated` BIGINT NOT NULL DEFAULT (unix_timestamp(now()) * 1000),   `version` INT NOT NULL DEFAULT 1,   INDEX `fk_donation_record_person1_idx` (`person_id` ASC) VISIBLE,   INDEX `fk_donation_record_blood_donation1_idx` (`donation_id` ASC) VISIBLE,   UNIQUE INDEX `record_id_UNIQUE` (`record_id` ASC) VISIBLE,   PRIMARY KEY (`record_id`),   CONSTRAINT `fk_donation_record_person1`     FOREIGN KEY (`person_id`)     REFERENCES `bloodbank`.`person` (`id`)     ON DELETE NO ACTION     ON UPDATE NO ACTION,   CONSTRAINT `fk_donation_record_blood_donation1`     FOREIGN KEY (`donation_id`)     REFERENCES `bloodbank`.`blood_donation` (`donation_id`)     ON DELETE NO ACTION     ON UPDATE NO ACTION) ENGINE = InnoDB
2021-11-19T10:23:42,563|[TRACE] graph - <--- statement
2021-11-19T10:23:42,563|[TRACE] graph - ---> blankSpacesToSkip
2021-11-19T10:23:42,563|[TRACE] graph - -----> newLineToSkip
2021-11-19T10:23:42,563|[TRACE] graph - <----- newLineToSkip
2021-11-19T10:23:42,563|[TRACE] graph - -----> newLineToSkip
2021-11-19T10:23:42,563|[TRACE] graph - <----- newLineToSkip
2021-11-19T10:23:42,563|[TRACE] graph - -----> newLineToSkip
2021-11-19T10:23:42,563|[TRACE] graph - <----- newLineToSkip
2021-11-19T10:23:42,563|[TRACE] graph - -----> newLineToSkip
2021-11-19T10:23:42,563|[TRACE] graph - <----- newLineToSkip
2021-11-19T10:23:42,563|[TRACE] graph - -----> newLineToSkip
2021-11-19T10:23:42,563|[TRACE] graph - <----- newLineToSkip
2021-11-19T10:23:42,563|[TRACE] graph - -----> newLineToSkip
2021-11-19T10:23:42,563|[TRACE] graph - <----- newLineToSkip
2021-11-19T10:23:42,563|[TRACE] graph - <--- blankSpacesToSkip
2021-11-19T10:23:42,563|[TRACE] graph - ---> statement
2021-11-19T10:23:42,563|[TRACE] graph - -----> statementFirstPart
2021-11-19T10:23:42,563|[TRACE] graph - -------> nonSkippedChar
2021-11-19T10:23:42,563|[TRACE] script - #out(`C`) [token]
2021-11-19T10:23:42,563|[TRACE] graph - <------- nonSkippedChar
2021-11-19T10:23:42,563|[TRACE] graph - <----- statementFirstPart
2021-11-19T10:23:42,563|[TRACE] graph - -----> statementPart
2021-11-19T10:23:42,563|[TRACE] graph - -------> nonSkippedChar
2021-11-19T10:23:42,563|[TRACE] script - #out(`R`) [token]
2021-11-19T10:23:42,563|[TRACE] graph - <------- nonSkippedChar
2021-11-19T10:23:42,563|[TRACE] graph - <----- statementPart
2021-11-19T10:23:42,563|[TRACE] graph - -----> statementPart
2021-11-19T10:23:42,563|[TRACE] graph - -------> nonSkippedChar
2021-11-19T10:23:42,563|[TRACE] script - #out(`E`) [token]
2021-11-19T10:23:42,563|[TRACE] graph - <------- nonSkippedChar
2021-11-19T10:23:42,563|[TRACE] graph - <----- statementPart
2021-11-19T10:23:42,563|[TRACE] graph - -----> statementPart
2021-11-19T10:23:42,563|[TRACE] graph - -------> nonSkippedChar
2021-11-19T10:23:42,563|[TRACE] script - #out(`A`) [token]
2021-11-19T10:23:42,563|[TRACE] graph - <------- nonSkippedChar
2021-11-19T10:23:42,563|[TRACE] graph - <----- statementPart
2021-11-19T10:23:42,563|[TRACE] graph - -----> statementPart
2021-11-19T10:23:42,563|[TRACE] graph - -------> nonSkippedChar
2021-11-19T10:23:42,563|[TRACE] script - #out(`T`) [token]
2021-11-19T10:23:42,563|[TRACE] graph - <------- nonSkippedChar
2021-11-19T10:23:42,563|[TRACE] graph - <----- statementPart
2021-11-19T10:23:42,563|[TRACE] graph - -----> statementPart
2021-11-19T10:23:42,563|[TRACE] graph - -------> nonSkippedChar
2021-11-19T10:23:42,563|[TRACE] script - #out(`E`) [token]
2021-11-19T10:23:42,563|[TRACE] graph - <------- nonSkippedChar
2021-11-19T10:23:42,563|[TRACE] graph - <----- statementPart
2021-11-19T10:23:42,563|[TRACE] graph - -----> statementPart
2021-11-19T10:23:42,563|[TRACE] graph - -------> nonSkippedSpace
2021-11-19T10:23:42,563|[TRACE] script - #out(` `) [token]
2021-11-19T10:23:42,563|[TRACE] graph - <------- nonSkippedSpace
2021-11-19T10:23:42,563|[TRACE] graph - <----- statementPart
2021-11-19T10:23:42,563|[TRACE] graph - -----> statementPart
2021-11-19T10:23:42,563|[TRACE] graph - -------> nonSkippedChar
2021-11-19T10:23:42,563|[TRACE] script - #out(`T`) [token]
2021-11-19T10:23:42,563|[TRACE] graph - <------- nonSkippedChar
2021-11-19T10:23:42,563|[TRACE] graph - <----- statementPart
2021-11-19T10:23:42,563|[TRACE] graph - -----> statementPart
2021-11-19T10:23:42,563|[TRACE] graph - -------> nonSkippedChar
2021-11-19T10:23:42,563|[TRACE] script - #out(`A`) [token]
2021-11-19T10:23:42,563|[TRACE] graph - <------- nonSkippedChar
2021-11-19T10:23:42,563|[TRACE] graph - <----- statementPart
2021-11-19T10:23:42,563|[TRACE] graph - -----> statementPart
2021-11-19T10:23:42,563|[TRACE] graph - -------> nonSkippedChar
2021-11-19T10:23:42,563|[TRACE] script - #out(`B`) [token]
2021-11-19T10:23:42,563|[TRACE] graph - <------- nonSkippedChar
2021-11-19T10:23:42,563|[TRACE] graph - <----- statementPart
2021-11-19T10:23:42,563|[TRACE] graph - -----> statementPart
2021-11-19T10:23:42,563|[TRACE] graph - -------> nonSkippedChar
2021-11-19T10:23:42,563|[TRACE] script - #out(`L`) [token]
2021-11-19T10:23:42,563|[TRACE] graph - <------- nonSkippedChar
2021-11-19T10:23:42,563|[TRACE] graph - <----- statementPart
2021-11-19T10:23:42,563|[TRACE] graph - -----> statementPart
2021-11-19T10:23:42,563|[TRACE] graph - -------> nonSkippedChar
2021-11-19T10:23:42,563|[TRACE] script - #out(`E`) [token]
2021-11-19T10:23:42,563|[TRACE] graph - <------- nonSkippedChar
2021-11-19T10:23:42,563|[TRACE] graph - <----- statementPart
2021-11-19T10:23:42,563|[TRACE] graph - -----> statementPart
2021-11-19T10:23:42,563|[TRACE] graph - -------> nonSkippedSpace
2021-11-19T10:23:42,563|[TRACE] script - #out(` `) [token]
2021-11-19T10:23:42,563|[TRACE] graph - <------- nonSkippedSpace
2021-11-19T10:23:42,563|[TRACE] graph - <----- statementPart
2021-11-19T10:23:42,563|[TRACE] graph - -----> statementPart
2021-11-19T10:23:42,563|[TRACE] graph - -------> nonSkippedChar
2021-11-19T10:23:42,563|[TRACE] script - #out(`I`) [token]
2021-11-19T10:23:42,563|[TRACE] graph - <------- nonSkippedChar
2021-11-19T10:23:42,563|[TRACE] graph - <----- statementPart
2021-11-19T10:23:42,563|[TRACE] graph - -----> statementPart
2021-11-19T10:23:42,563|[TRACE] graph - -------> nonSkippedChar
2021-11-19T10:23:42,563|[TRACE] script - #out(`F`) [token]
2021-11-19T10:23:42,563|[TRACE] graph - <------- nonSkippedChar
2021-11-19T10:23:42,563|[TRACE] graph - <----- statementPart
2021-11-19T10:23:42,563|[TRACE] graph - -----> statementPart
2021-11-19T10:23:42,563|[TRACE] graph - -------> nonSkippedSpace
2021-11-19T10:23:42,563|[TRACE] script - #out(` `) [token]
2021-11-19T10:23:42,563|[TRACE] graph - <------- nonSkippedSpace
2021-11-19T10:23:42,563|[TRACE] graph - <----- statementPart
2021-11-19T10:23:42,563|[TRACE] graph - -----> statementPart
2021-11-19T10:23:42,563|[TRACE] graph - -------> nonSkippedChar
2021-11-19T10:23:42,563|[TRACE] script - #out(`N`) [token]
2021-11-19T10:23:42,563|[TRACE] graph - <------- nonSkippedChar
2021-11-19T10:23:42,563|[TRACE] graph - <----- statementPart
2021-11-19T10:23:42,563|[TRACE] graph - -----> statementPart
2021-11-19T10:23:42,563|[TRACE] graph - -------> nonSkippedChar
2021-11-19T10:23:42,563|[TRACE] script - #out(`O`) [token]
2021-11-19T10:23:42,563|[TRACE] graph - <------- nonSkippedChar
2021-11-19T10:23:42,563|[TRACE] graph - <----- statementPart
2021-11-19T10:23:42,563|[TRACE] graph - -----> statementPart
2021-11-19T10:23:42,563|[TRACE] graph - -------> nonSkippedChar
2021-11-19T10:23:42,563|[TRACE] script - #out(`T`) [token]
2021-11-19T10:23:42,563|[TRACE] graph - <------- nonSkippedChar
2021-11-19T10:23:42,563|[TRACE] graph - <----- statementPart
2021-11-19T10:23:42,563|[TRACE] graph - -----> statementPart
2021-11-19T10:23:42,563|[TRACE] graph - -------> nonSkippedSpace
2021-11-19T10:23:42,563|[TRACE] script - #out(` `) [token]
2021-11-19T10:23:42,563|[TRACE] graph - <------- nonSkippedSpace
2021-11-19T10:23:42,563|[TRACE] graph - <----- statementPart
2021-11-19T10:23:42,563|[TRACE] graph - -----> statementPart
2021-11-19T10:23:42,563|[TRACE] graph - -------> nonSkippedChar
2021-11-19T10:23:42,563|[TRACE] script - #out(`E`) [token]
2021-11-19T10:23:42,563|[TRACE] graph - <------- nonSkippedChar
2021-11-19T10:23:42,563|[TRACE] graph - <----- statementPart
2021-11-19T10:23:42,563|[TRACE] graph - -----> statementPart
2021-11-19T10:23:42,563|[TRACE] graph - -------> nonSkippedChar
2021-11-19T10:23:42,563|[TRACE] script - #out(`X`) [token]
2021-11-19T10:23:42,563|[TRACE] graph - <------- nonSkippedChar
2021-11-19T10:23:42,563|[TRACE] graph - <----- statementPart
2021-11-19T10:23:42,563|[TRACE] graph - -----> statementPart
2021-11-19T10:23:42,563|[TRACE] graph - -------> nonSkippedChar
2021-11-19T10:23:42,563|[TRACE] script - #out(`I`) [token]
2021-11-19T10:23:42,563|[TRACE] graph - <------- nonSkippedChar
2021-11-19T10:23:42,563|[TRACE] graph - <----- statementPart
2021-11-19T10:23:42,563|[TRACE] graph - -----> statementPart
2021-11-19T10:23:42,563|[TRACE] graph - -------> nonSkippedChar
2021-11-19T10:23:42,563|[TRACE] script - #out(`S`) [token]
2021-11-19T10:23:42,563|[TRACE] graph - <------- nonSkippedChar
2021-11-19T10:23:42,563|[TRACE] graph - <----- statementPart
2021-11-19T10:23:42,563|[TRACE] graph - -----> statementPart
2021-11-19T10:23:42,563|[TRACE] graph - -------> nonSkippedChar
2021-11-19T10:23:42,563|[TRACE] script - #out(`T`) [token]
2021-11-19T10:23:42,563|[TRACE] graph - <------- nonSkippedChar
2021-11-19T10:23:42,563|[TRACE] graph - <----- statementPart
2021-11-19T10:23:42,563|[TRACE] graph - -----> statementPart
2021-11-19T10:23:42,563|[TRACE] graph - -------> nonSkippedChar
2021-11-19T10:23:42,563|[TRACE] script - #out(`S`) [token]
2021-11-19T10:23:42,563|[TRACE] graph - <------- nonSkippedChar
2021-11-19T10:23:42,563|[TRACE] graph - <----- statementPart
2021-11-19T10:23:42,563|[TRACE] graph - -----> statementPart
2021-11-19T10:23:42,563|[TRACE] graph - -------> nonSkippedSpace
2021-11-19T10:23:42,563|[TRACE] script - #out(` `) [token]
2021-11-19T10:23:42,563|[TRACE] graph - <------- nonSkippedSpace
2021-11-19T10:23:42,563|[TRACE] graph - <----- statementPart
2021-11-19T10:23:42,563|[TRACE] graph - -----> statementPart
2021-11-19T10:23:42,563|[TRACE] graph - -------> quotedString
2021-11-19T10:23:42,563|[TRACE] script - #out(``bloodbank``) [token]
2021-11-19T10:23:42,563|[TRACE] graph - <------- quotedString
2021-11-19T10:23:42,563|[TRACE] graph - <----- statementPart
2021-11-19T10:23:42,563|[TRACE] graph - -----> statementPart
2021-11-19T10:23:42,563|[TRACE] graph - -------> nonSkippedChar
2021-11-19T10:23:42,563|[TRACE] script - #out(`.`) [token]
2021-11-19T10:23:42,563|[TRACE] graph - <------- nonSkippedChar
2021-11-19T10:23:42,563|[TRACE] graph - <----- statementPart
2021-11-19T10:23:42,563|[TRACE] graph - -----> statementPart
2021-11-19T10:23:42,563|[TRACE] graph - -------> quotedString
2021-11-19T10:23:42,563|[TRACE] script - #out(``address``) [token]
2021-11-19T10:23:42,563|[TRACE] graph - <------- quotedString
2021-11-19T10:23:42,563|[TRACE] graph - <----- statementPart
2021-11-19T10:23:42,563|[TRACE] graph - -----> statementPart
2021-11-19T10:23:42,563|[TRACE] graph - -------> nonSkippedSpace
2021-11-19T10:23:42,563|[TRACE] script - #out(` `) [token]
2021-11-19T10:23:42,563|[TRACE] graph - <------- nonSkippedSpace
2021-11-19T10:23:42,563|[TRACE] graph - <----- statementPart
2021-11-19T10:23:42,563|[TRACE] graph - -----> statementPart
2021-11-19T10:23:42,563|[TRACE] graph - -------> nonSkippedChar
2021-11-19T10:23:42,563|[TRACE] script - #out(`(`) [token]
2021-11-19T10:23:42,563|[TRACE] graph - <------- nonSkippedChar
2021-11-19T10:23:42,563|[TRACE] graph - <----- statementPart
2021-11-19T10:23:42,563|[TRACE] graph - -----> afterStatementPartNewline
2021-11-19T10:23:42,563|[TRACE] script - #out(` `) [text]
2021-11-19T10:23:42,563|[TRACE] graph - <----- afterStatementPartNewline
2021-11-19T10:23:42,563|[TRACE] graph - -----> statementPart
2021-11-19T10:23:42,563|[TRACE] graph - -------> nonSkippedSpace
2021-11-19T10:23:42,563|[TRACE] script - #out(` `) [token]
2021-11-19T10:23:42,563|[TRACE] graph - <------- nonSkippedSpace
2021-11-19T10:23:42,563|[TRACE] graph - <----- statementPart
2021-11-19T10:23:42,563|[TRACE] graph - -----> statementPart
2021-11-19T10:23:42,563|[TRACE] graph - -------> nonSkippedSpace
2021-11-19T10:23:42,563|[TRACE] script - #out(` `) [token]
2021-11-19T10:23:42,563|[TRACE] graph - <------- nonSkippedSpace
2021-11-19T10:23:42,563|[TRACE] graph - <----- statementPart
2021-11-19T10:23:42,563|[TRACE] graph - -----> statementPart
2021-11-19T10:23:42,563|[TRACE] graph - -------> quotedString
2021-11-19T10:23:42,563|[TRACE] script - #out(``address_id``) [token]
2021-11-19T10:23:42,563|[TRACE] graph - <------- quotedString
2021-11-19T10:23:42,563|[TRACE] graph - <----- statementPart
2021-11-19T10:23:42,563|[TRACE] graph - -----> statementPart
2021-11-19T10:23:42,563|[TRACE] graph - -------> nonSkippedSpace
2021-11-19T10:23:42,563|[TRACE] script - #out(` `) [token]
2021-11-19T10:23:42,563|[TRACE] graph - <------- nonSkippedSpace
2021-11-19T10:23:42,563|[TRACE] graph - <----- statementPart
2021-11-19T10:23:42,563|[TRACE] graph - -----> statementPart
2021-11-19T10:23:42,563|[TRACE] graph - -------> nonSkippedChar
2021-11-19T10:23:42,563|[TRACE] script - #out(`I`) [token]
2021-11-19T10:23:42,563|[TRACE] graph - <------- nonSkippedChar
2021-11-19T10:23:42,563|[TRACE] graph - <----- statementPart
2021-11-19T10:23:42,563|[TRACE] graph - -----> statementPart
2021-11-19T10:23:42,563|[TRACE] graph - -------> nonSkippedChar
2021-11-19T10:23:42,563|[TRACE] script - #out(`N`) [token]
2021-11-19T10:23:42,563|[TRACE] graph - <------- nonSkippedChar
2021-11-19T10:23:42,563|[TRACE] graph - <----- statementPart
2021-11-19T10:23:42,563|[TRACE] graph - -----> statementPart
2021-11-19T10:23:42,563|[TRACE] graph - -------> nonSkippedChar
2021-11-19T10:23:42,563|[TRACE] script - #out(`T`) [token]
2021-11-19T10:23:42,563|[TRACE] graph - <------- nonSkippedChar
2021-11-19T10:23:42,563|[TRACE] graph - <----- statementPart
2021-11-19T10:23:42,563|[TRACE] graph - -----> statementPart
2021-11-19T10:23:42,563|[TRACE] graph - -------> nonSkippedSpace
2021-11-19T10:23:42,563|[TRACE] script - #out(` `) [token]
2021-11-19T10:23:42,563|[TRACE] graph - <------- nonSkippedSpace
2021-11-19T10:23:42,563|[TRACE] graph - <----- statementPart
2021-11-19T10:23:42,563|[TRACE] graph - -----> statementPart
2021-11-19T10:23:42,563|[TRACE] graph - -------> nonSkippedChar
2021-11-19T10:23:42,563|[TRACE] script - #out(`N`) [token]
2021-11-19T10:23:42,563|[TRACE] graph - <------- nonSkippedChar
2021-11-19T10:23:42,563|[TRACE] graph - <----- statementPart
2021-11-19T10:23:42,563|[TRACE] graph - -----> statementPart
2021-11-19T10:23:42,563|[TRACE] graph - -------> nonSkippedChar
2021-11-19T10:23:42,563|[TRACE] script - #out(`O`) [token]
2021-11-19T10:23:42,564|[TRACE] graph - <------- nonSkippedChar
2021-11-19T10:23:42,564|[TRACE] graph - <----- statementPart
2021-11-19T10:23:42,564|[TRACE] graph - -----> statementPart
2021-11-19T10:23:42,564|[TRACE] graph - -------> nonSkippedChar
2021-11-19T10:23:42,564|[TRACE] script - #out(`T`) [token]
2021-11-19T10:23:42,564|[TRACE] graph - <------- nonSkippedChar
2021-11-19T10:23:42,564|[TRACE] graph - <----- statementPart
2021-11-19T10:23:42,564|[TRACE] graph - -----> statementPart
2021-11-19T10:23:42,564|[TRACE] graph - -------> nonSkippedSpace
2021-11-19T10:23:42,564|[TRACE] script - #out(` `) [token]
2021-11-19T10:23:42,564|[TRACE] graph - <------- nonSkippedSpace
2021-11-19T10:23:42,564|[TRACE] graph - <----- statementPart
2021-11-19T10:23:42,564|[TRACE] graph - -----> statementPart
2021-11-19T10:23:42,564|[TRACE] graph - -------> nonSkippedChar
2021-11-19T10:23:42,564|[TRACE] script - #out(`N`) [token]
2021-11-19T10:23:42,564|[TRACE] graph - <------- nonSkippedChar
2021-11-19T10:23:42,564|[TRACE] graph - <----- statementPart
2021-11-19T10:23:42,564|[TRACE] graph - -----> statementPart
2021-11-19T10:23:42,564|[TRACE] graph - -------> nonSkippedChar
2021-11-19T10:23:42,564|[TRACE] script - #out(`U`) [token]
2021-11-19T10:23:42,564|[TRACE] graph - <------- nonSkippedChar
2021-11-19T10:23:42,564|[TRACE] graph - <----- statementPart
2021-11-19T10:23:42,564|[TRACE] graph - -----> statementPart
2021-11-19T10:23:42,564|[TRACE] graph - -------> nonSkippedChar
2021-11-19T10:23:42,564|[TRACE] script - #out(`L`) [token]
2021-11-19T10:23:42,564|[TRACE] graph - <------- nonSkippedChar
2021-11-19T10:23:42,564|[TRACE] graph - <----- statementPart
2021-11-19T10:23:42,564|[TRACE] graph - -----> statementPart
2021-11-19T10:23:42,564|[TRACE] graph - -------> nonSkippedChar
2021-11-19T10:23:42,564|[TRACE] script - #out(`L`) [token]
2021-11-19T10:23:42,564|[TRACE] graph - <------- nonSkippedChar
2021-11-19T10:23:42,564|[TRACE] graph - <----- statementPart
2021-11-19T10:23:42,564|[TRACE] graph - -----> statementPart
2021-11-19T10:23:42,564|[TRACE] graph - -------> nonSkippedSpace
2021-11-19T10:23:42,564|[TRACE] script - #out(` `) [token]
2021-11-19T10:23:42,564|[TRACE] graph - <------- nonSkippedSpace
2021-11-19T10:23:42,564|[TRACE] graph - <----- statementPart
2021-11-19T10:23:42,564|[TRACE] graph - -----> statementPart
2021-11-19T10:23:42,564|[TRACE] graph - -------> nonSkippedChar
2021-11-19T10:23:42,564|[TRACE] script - #out(`A`) [token]
2021-11-19T10:23:42,564|[TRACE] graph - <------- nonSkippedChar
2021-11-19T10:23:42,564|[TRACE] graph - <----- statementPart
2021-11-19T10:23:42,564|[TRACE] graph - -----> statementPart
2021-11-19T10:23:42,564|[TRACE] graph - -------> nonSkippedChar
2021-11-19T10:23:42,564|[TRACE] script - #out(`U`) [token]
2021-11-19T10:23:42,723|[TRACE] graph - <------- nonSkippedChar
2021-11-19T10:23:42,723|[TRACE] graph - <----- statementPart
2021-11-19T10:23:42,723|[TRACE] graph - -----> statementPart
2021-11-19T10:23:42,723|[TRACE] graph - -------> nonSkippedChar
2021-11-19T10:23:42,723|[TRACE] script - #out(`T`) [token]
2021-11-19T10:23:42,723|[TRACE] graph - <------- nonSkippedChar
2021-11-19T10:23:42,723|[TRACE] graph - <----- statementPart
2021-11-19T10:23:42,723|[TRACE] graph - -----> statementPart
2021-11-19T10:23:42,723|[TRACE] graph - -------> nonSkippedChar
2021-11-19T10:23:42,723|[TRACE] script - #out(`O`) [token]
2021-11-19T10:23:42,723|[TRACE] graph - <------- nonSkippedChar
2021-11-19T10:23:42,723|[TRACE] graph - <----- statementPart
2021-11-19T10:23:42,724|[TRACE] graph - -----> statementPart
2021-11-19T10:23:42,724|[TRACE] graph - -------> nonSkippedChar
2021-11-19T10:23:42,724|[TRACE] script - #out(`_`) [token]
2021-11-19T10:23:42,724|[TRACE] graph - <------- nonSkippedChar
2021-11-19T10:23:42,724|[TRACE] graph - <----- statementPart
2021-11-19T10:23:42,724|[TRACE] graph - -----> statementPart
2021-11-19T10:23:42,724|[TRACE] graph - -------> nonSkippedChar
2021-11-19T10:23:42,724|[TRACE] script - #out(`I`) [token]
2021-11-19T10:23:42,724|[TRACE] graph - <------- nonSkippedChar
2021-11-19T10:23:42,724|[TRACE] graph - <----- statementPart
2021-11-19T10:23:42,724|[TRACE] graph - -----> statementPart
2021-11-19T10:23:42,724|[TRACE] graph - -------> nonSkippedChar
2021-11-19T10:23:42,724|[TRACE] script - #out(`N`) [token]
2021-11-19T10:23:42,724|[TRACE] graph - <------- nonSkippedChar
2021-11-19T10:23:42,724|[TRACE] graph - <----- statementPart
2021-11-19T10:23:42,724|[TRACE] graph - -----> statementPart
2021-11-19T10:23:42,724|[TRACE] graph - -------> nonSkippedChar
2021-11-19T10:23:42,724|[TRACE] script - #out(`C`) [token]
2021-11-19T10:23:42,724|[TRACE] graph - <------- nonSkippedChar
2021-11-19T10:23:42,724|[TRACE] graph - <----- statementPart
2021-11-19T10:23:42,724|[TRACE] graph - -----> statementPart
2021-11-19T10:23:42,724|[TRACE] graph - -------> nonSkippedChar
2021-11-19T10:23:42,724|[TRACE] script - #out(`R`) [token]
2021-11-19T10:23:42,724|[TRACE] graph - <------- nonSkippedChar
2021-11-19T10:23:42,724|[TRACE] graph - <----- statementPart
2021-11-19T10:23:42,724|[TRACE] graph - -----> statementPart
2021-11-19T10:23:42,724|[TRACE] graph - -------> nonSkippedChar
2021-11-19T10:23:42,724|[TRACE] script - #out(`E`) [token]
2021-11-19T10:23:42,724|[TRACE] graph - <------- nonSkippedChar
2021-11-19T10:23:42,724|[TRACE] graph - <----- statementPart
2021-11-19T10:23:42,724|[TRACE] graph - -----> statementPart
2021-11-19T10:23:42,724|[TRACE] graph - -------> nonSkippedChar
2021-11-19T10:23:42,724|[TRACE] script - #out(`M`) [token]
2021-11-19T10:23:42,724|[TRACE] graph - <------- nonSkippedChar
2021-11-19T10:23:42,724|[TRACE] graph - <----- statementPart
2021-11-19T10:23:42,724|[TRACE] graph - -----> statementPart
2021-11-19T10:23:42,724|[TRACE] graph - -------> nonSkippedChar
2021-11-19T10:23:42,724|[TRACE] script - #out(`E`) [token]
2021-11-19T10:23:42,724|[TRACE] graph - <------- nonSkippedChar
2021-11-19T10:23:42,724|[TRACE] graph - <----- statementPart
2021-11-19T10:23:42,724|[TRACE] graph - -----> statementPart
2021-11-19T10:23:42,724|[TRACE] graph - -------> nonSkippedChar
2021-11-19T10:23:42,724|[TRACE] script - #out(`N`) [token]
2021-11-19T10:23:42,724|[TRACE] graph - <------- nonSkippedChar
2021-11-19T10:23:42,724|[TRACE] graph - <----- statementPart
2021-11-19T10:23:42,724|[TRACE] graph - -----> statementPart
2021-11-19T10:23:42,724|[TRACE] graph - -------> nonSkippedChar
2021-11-19T10:23:42,724|[TRACE] script - #out(`T`) [token]
2021-11-19T10:23:42,724|[TRACE] graph - <------- nonSkippedChar
2021-11-19T10:23:42,724|[TRACE] graph - <----- statementPart
2021-11-19T10:23:42,724|[TRACE] graph - -----> statementPart
2021-11-19T10:23:42,724|[TRACE] graph - -------> nonSkippedChar
2021-11-19T10:23:42,724|[TRACE] script - #out(`,`) [token]
2021-11-19T10:23:42,724|[TRACE] graph - <------- nonSkippedChar
2021-11-19T10:23:42,724|[TRACE] graph - <----- statementPart
2021-11-19T10:23:42,724|[TRACE] graph - -----> afterStatementPartNewline
2021-11-19T10:23:42,724|[TRACE] script - #out(` `) [text]
2021-11-19T10:23:42,724|[TRACE] graph - <----- afterStatementPartNewline
2021-11-19T10:23:42,724|[TRACE] graph - -----> statementPart
2021-11-19T10:23:42,724|[TRACE] graph - -------> nonSkippedSpace
2021-11-19T10:23:42,724|[TRACE] script - #out(` `) [token]
2021-11-19T10:23:42,724|[TRACE] graph - <------- nonSkippedSpace
2021-11-19T10:23:42,724|[TRACE] graph - <----- statementPart
2021-11-19T10:23:42,724|[TRACE] graph - -----> statementPart
2021-11-19T10:23:42,724|[TRACE] graph - -------> nonSkippedSpace
2021-11-19T10:23:42,724|[TRACE] script - #out(` `) [token]
2021-11-19T10:23:42,724|[TRACE] graph - <------- nonSkippedSpace
2021-11-19T10:23:42,724|[TRACE] graph - <----- statementPart
2021-11-19T10:23:42,724|[TRACE] graph - -----> statementPart
2021-11-19T10:23:42,724|[TRACE] graph - -------> quotedString
2021-11-19T10:23:42,724|[TRACE] script - #out(``street_number``) [token]
2021-11-19T10:23:42,724|[TRACE] graph - <------- quotedString
2021-11-19T10:23:42,724|[TRACE] graph - <----- statementPart
2021-11-19T10:23:42,724|[TRACE] graph - -----> statementPart
2021-11-19T10:23:42,724|[TRACE] graph - -------> nonSkippedSpace
2021-11-19T10:23:42,724|[TRACE] script - #out(` `) [token]
2021-11-19T10:23:42,724|[TRACE] graph - <------- nonSkippedSpace
2021-11-19T10:23:42,724|[TRACE] graph - <----- statementPart
2021-11-19T10:23:42,724|[TRACE] graph - -----> statementPart
2021-11-19T10:23:42,724|[TRACE] graph - -------> nonSkippedChar
2021-11-19T10:23:42,724|[TRACE] script - #out(`V`) [token]
2021-11-19T10:23:42,724|[TRACE] graph - <------- nonSkippedChar
2021-11-19T10:23:42,724|[TRACE] graph - <----- statementPart
2021-11-19T10:23:42,724|[TRACE] graph - -----> statementPart
2021-11-19T10:23:42,724|[TRACE] graph - -------> nonSkippedChar
2021-11-19T10:23:42,724|[TRACE] script - #out(`A`) [token]
2021-11-19T10:23:42,724|[TRACE] graph - <------- nonSkippedChar
2021-11-19T10:23:42,724|[TRACE] graph - <----- statementPart
2021-11-19T10:23:42,724|[TRACE] graph - -----> statementPart
2021-11-19T10:23:42,724|[TRACE] graph - -------> nonSkippedChar
2021-11-19T10:23:42,724|[TRACE] script - #out(`R`) [token]
2021-11-19T10:23:42,724|[TRACE] graph - <------- nonSkippedChar
2021-11-19T10:23:42,724|[TRACE] graph - <----- statementPart
2021-11-19T10:23:42,724|[TRACE] graph - -----> statementPart
2021-11-19T10:23:42,724|[TRACE] graph - -------> nonSkippedChar
2021-11-19T10:23:42,724|[TRACE] script - #out(`C`) [token]
2021-11-19T10:23:42,724|[TRACE] graph - <------- nonSkippedChar
2021-11-19T10:23:42,724|[TRACE] graph - <----- statementPart
2021-11-19T10:23:42,724|[TRACE] graph - -----> statementPart
2021-11-19T10:23:42,724|[TRACE] graph - -------> nonSkippedChar
2021-11-19T10:23:42,724|[TRACE] script - #out(`H`) [token]
2021-11-19T10:23:42,724|[TRACE] graph - <------- nonSkippedChar
2021-11-19T10:23:42,724|[TRACE] graph - <----- statementPart
2021-11-19T10:23:42,724|[TRACE] graph - -----> statementPart
2021-11-19T10:23:42,724|[TRACE] graph - -------> nonSkippedChar
2021-11-19T10:23:42,724|[TRACE] script - #out(`A`) [token]
2021-11-19T10:23:42,724|[TRACE] graph - <------- nonSkippedChar
2021-11-19T10:23:42,724|[TRACE] graph - <----- statementPart
2021-11-19T10:23:42,724|[TRACE] graph - -----> statementPart
2021-11-19T10:23:42,724|[TRACE] graph - -------> nonSkippedChar
2021-11-19T10:23:42,724|[TRACE] script - #out(`R`) [token]
2021-11-19T10:23:42,724|[TRACE] graph - <------- nonSkippedChar
2021-11-19T10:23:42,724|[TRACE] graph - <----- statementPart
2021-11-19T10:23:42,724|[TRACE] graph - -----> statementPart
2021-11-19T10:23:42,724|[TRACE] graph - -------> nonSkippedChar
2021-11-19T10:23:42,724|[TRACE] script - #out(`(`) [token]
2021-11-19T10:23:42,724|[TRACE] graph - <------- nonSkippedChar
2021-11-19T10:23:42,724|[TRACE] graph - <----- statementPart
2021-11-19T10:23:42,724|[TRACE] graph - -----> statementPart
2021-11-19T10:23:42,724|[TRACE] graph - -------> nonSkippedChar
2021-11-19T10:23:42,724|[TRACE] script - #out(`1`) [token]
2021-11-19T10:23:42,724|[TRACE] graph - <------- nonSkippedChar
2021-11-19T10:23:42,724|[TRACE] graph - <----- statementPart
2021-11-19T10:23:42,724|[TRACE] graph - -----> statementPart
2021-11-19T10:23:42,724|[TRACE] graph - -------> nonSkippedChar
2021-11-19T10:23:42,724|[TRACE] script - #out(`0`) [token]
2021-11-19T10:23:42,724|[TRACE] graph - <------- nonSkippedChar
2021-11-19T10:23:42,724|[TRACE] graph - <----- statementPart
2021-11-19T10:23:42,724|[TRACE] graph - -----> statementPart
2021-11-19T10:23:42,724|[TRACE] graph - -------> nonSkippedChar
2021-11-19T10:23:42,724|[TRACE] script - #out(`)`) [token]
2021-11-19T10:23:42,724|[TRACE] graph - <------- nonSkippedChar
2021-11-19T10:23:42,724|[TRACE] graph - <----- statementPart
2021-11-19T10:23:42,724|[TRACE] graph - -----> statementPart
2021-11-19T10:23:42,724|[TRACE] graph - -------> nonSkippedSpace
2021-11-19T10:23:42,724|[TRACE] script - #out(` `) [token]
2021-11-19T10:23:42,724|[TRACE] graph - <------- nonSkippedSpace
2021-11-19T10:23:42,724|[TRACE] graph - <----- statementPart
2021-11-19T10:23:42,724|[TRACE] graph - -----> statementPart
2021-11-19T10:23:42,724|[TRACE] graph - -------> nonSkippedChar
2021-11-19T10:23:42,724|[TRACE] script - #out(`N`) [token]
2021-11-19T10:23:42,724|[TRACE] graph - <------- nonSkippedChar
2021-11-19T10:23:42,724|[TRACE] graph - <----- statementPart
2021-11-19T10:23:42,724|[TRACE] graph - -----> statementPart
2021-11-19T10:23:42,724|[TRACE] graph - -------> nonSkippedChar
2021-11-19T10:23:42,724|[TRACE] script - #out(`O`) [token]
2021-11-19T10:23:42,724|[TRACE] graph - <------- nonSkippedChar
2021-11-19T10:23:42,724|[TRACE] graph - <----- statementPart
2021-11-19T10:23:42,724|[TRACE] graph - -----> statementPart
2021-11-19T10:23:42,724|[TRACE] graph - -------> nonSkippedChar
2021-11-19T10:23:42,724|[TRACE] script - #out(`T`) [token]
2021-11-19T10:23:42,724|[TRACE] graph - <------- nonSkippedChar
2021-11-19T10:23:42,724|[TRACE] graph - <----- statementPart
2021-11-19T10:23:42,724|[TRACE] graph - -----> statementPart
2021-11-19T10:23:42,724|[TRACE] graph - -------> nonSkippedSpace
2021-11-19T10:23:42,724|[TRACE] script - #out(` `) [token]
2021-11-19T10:23:42,724|[TRACE] graph - <------- nonSkippedSpace
2021-11-19T10:23:42,724|[TRACE] graph - <----- statementPart
2021-11-19T10:23:42,724|[TRACE] graph - -----> statementPart
2021-11-19T10:23:42,724|[TRACE] graph - -------> nonSkippedChar
2021-11-19T10:23:42,724|[TRACE] script - #out(`N`) [token]
2021-11-19T10:23:42,724|[TRACE] graph - <------- nonSkippedChar
2021-11-19T10:23:42,724|[TRACE] graph - <----- statementPart
2021-11-19T10:23:42,724|[TRACE] graph - -----> statementPart
2021-11-19T10:23:42,724|[TRACE] graph - -------> nonSkippedChar
2021-11-19T10:23:42,724|[TRACE] script - #out(`U`) [token]
2021-11-19T10:23:42,724|[TRACE] graph - <------- nonSkippedChar
2021-11-19T10:23:42,724|[TRACE] graph - <----- statementPart
2021-11-19T10:23:42,724|[TRACE] graph - -----> statementPart
2021-11-19T10:23:42,724|[TRACE] graph - -------> nonSkippedChar
2021-11-19T10:23:42,724|[TRACE] script - #out(`L`) [token]
2021-11-19T10:23:42,724|[TRACE] graph - <------- nonSkippedChar
2021-11-19T10:23:42,724|[TRACE] graph - <----- statementPart
2021-11-19T10:23:42,724|[TRACE] graph - -----> statementPart
2021-11-19T10:23:42,724|[TRACE] graph - -------> nonSkippedChar
2021-11-19T10:23:42,724|[TRACE] script - #out(`L`) [token]
2021-11-19T10:23:42,724|[TRACE] graph - <------- nonSkippedChar
2021-11-19T10:23:42,724|[TRACE] graph - <----- statementPart
2021-11-19T10:23:42,724|[TRACE] graph - -----> statementPart
2021-11-19T10:23:42,724|[TRACE] graph - -------> nonSkippedChar
2021-11-19T10:23:42,724|[TRACE] script - #out(`,`) [token]
2021-11-19T10:23:42,724|[TRACE] graph - <------- nonSkippedChar
2021-11-19T10:23:42,724|[TRACE] graph - <----- statementPart
2021-11-19T10:23:42,724|[TRACE] graph - -----> afterStatementPartNewline
2021-11-19T10:23:42,724|[TRACE] script - #out(` `) [text]
2021-11-19T10:23:42,724|[TRACE] graph - <----- afterStatementPartNewline
2021-11-19T10:23:42,724|[TRACE] graph - -----> statementPart
2021-11-19T10:23:42,724|[TRACE] graph - -------> nonSkippedSpace
2021-11-19T10:23:42,724|[TRACE] script - #out(` `) [token]
2021-11-19T10:23:42,724|[TRACE] graph - <------- nonSkippedSpace
2021-11-19T10:23:42,724|[TRACE] graph - <----- statementPart
2021-11-19T10:23:42,724|[TRACE] graph - -----> statementPart
2021-11-19T10:23:42,724|[TRACE] graph - -------> nonSkippedSpace
2021-11-19T10:23:42,724|[TRACE] script - #out(` `) [token]
2021-11-19T10:23:42,724|[TRACE] graph - <------- nonSkippedSpace
2021-11-19T10:23:42,724|[TRACE] graph - <----- statementPart
2021-11-19T10:23:42,724|[TRACE] graph - -----> statementPart
2021-11-19T10:23:42,724|[TRACE] graph - -------> quotedString
2021-11-19T10:23:42,724|[TRACE] script - #out(``street``) [token]
2021-11-19T10:23:42,724|[TRACE] graph - <------- quotedString
2021-11-19T10:23:42,724|[TRACE] graph - <----- statementPart
2021-11-19T10:23:42,724|[TRACE] graph - -----> statementPart
2021-11-19T10:23:42,724|[TRACE] graph - -------> nonSkippedSpace
2021-11-19T10:23:42,724|[TRACE] script - #out(` `) [token]
2021-11-19T10:23:42,724|[TRACE] graph - <------- nonSkippedSpace
2021-11-19T10:23:42,724|[TRACE] graph - <----- statementPart
2021-11-19T10:23:42,724|[TRACE] graph - -----> statementPart
2021-11-19T10:23:42,724|[TRACE] graph - -------> nonSkippedChar
2021-11-19T10:23:42,724|[TRACE] script - #out(`V`) [token]
2021-11-19T10:23:42,724|[TRACE] graph - <------- nonSkippedChar
2021-11-19T10:23:42,724|[TRACE] graph - <----- statementPart
2021-11-19T10:23:42,724|[TRACE] graph - -----> statementPart
2021-11-19T10:23:42,724|[TRACE] graph - -------> nonSkippedChar
2021-11-19T10:23:42,724|[TRACE] script - #out(`A`) [token]
2021-11-19T10:23:42,724|[TRACE] graph - <------- nonSkippedChar
2021-11-19T10:23:42,724|[TRACE] graph - <----- statementPart
2021-11-19T10:23:42,724|[TRACE] graph - -----> statementPart
2021-11-19T10:23:42,724|[TRACE] graph - -------> nonSkippedChar
2021-11-19T10:23:42,724|[TRACE] script - #out(`R`) [token]
2021-11-19T10:23:42,724|[TRACE] graph - <------- nonSkippedChar
2021-11-19T10:23:42,724|[TRACE] graph - <----- statementPart
2021-11-19T10:23:42,724|[TRACE] graph - -----> statementPart
2021-11-19T10:23:42,724|[TRACE] graph - -------> nonSkippedChar
2021-11-19T10:23:42,724|[TRACE] script - #out(`C`) [token]
2021-11-19T10:23:42,724|[TRACE] graph - <------- nonSkippedChar
2021-11-19T10:23:42,724|[TRACE] graph - <----- statementPart
2021-11-19T10:23:42,724|[TRACE] graph - -----> statementPart
2021-11-19T10:23:42,724|[TRACE] graph - -------> nonSkippedChar
2021-11-19T10:23:42,724|[TRACE] script - #out(`H`) [token]
2021-11-19T10:23:42,724|[TRACE] graph - <------- nonSkippedChar
2021-11-19T10:23:42,724|[TRACE] graph - <----- statementPart
2021-11-19T10:23:42,724|[TRACE] graph - -----> statementPart
2021-11-19T10:23:42,724|[TRACE] graph - -------> nonSkippedChar
2021-11-19T10:23:42,724|[TRACE] script - #out(`A`) [token]
2021-11-19T10:23:42,724|[TRACE] graph - <------- nonSkippedChar
2021-11-19T10:23:42,724|[TRACE] graph - <----- statementPart
2021-11-19T10:23:42,724|[TRACE] graph - -----> statementPart
2021-11-19T10:23:42,724|[TRACE] graph - -------> nonSkippedChar
2021-11-19T10:23:42,724|[TRACE] script - #out(`R`) [token]
2021-11-19T10:23:42,724|[TRACE] graph - <------- nonSkippedChar
2021-11-19T10:23:42,724|[TRACE] graph - <----- statementPart
2021-11-19T10:23:42,724|[TRACE] graph - -----> statementPart
2021-11-19T10:23:42,724|[TRACE] graph - -------> nonSkippedChar
2021-11-19T10:23:42,724|[TRACE] script - #out(`(`) [token]
2021-11-19T10:23:42,724|[TRACE] graph - <------- nonSkippedChar
2021-11-19T10:23:42,724|[TRACE] graph - <----- statementPart
2021-11-19T10:23:42,724|[TRACE] graph - -----> statementPart
2021-11-19T10:23:42,724|[TRACE] graph - -------> nonSkippedChar
2021-11-19T10:23:42,724|[TRACE] script - #out(`1`) [token]
2021-11-19T10:23:42,724|[TRACE] graph - <------- nonSkippedChar
2021-11-19T10:23:42,724|[TRACE] graph - <----- statementPart
2021-11-19T10:23:42,724|[TRACE] graph - -----> statementPart
2021-11-19T10:23:42,724|[TRACE] graph - -------> nonSkippedChar
2021-11-19T10:23:42,724|[TRACE] script - #out(`0`) [token]
2021-11-19T10:23:42,724|[TRACE] graph - <------- nonSkippedChar
2021-11-19T10:23:42,724|[TRACE] graph - <----- statementPart
2021-11-19T10:23:42,724|[TRACE] graph - -----> statementPart
2021-11-19T10:23:42,724|[TRACE] graph - -------> nonSkippedChar
2021-11-19T10:23:42,724|[TRACE] script - #out(`0`) [token]
2021-11-19T10:23:42,724|[TRACE] graph - <------- nonSkippedChar
2021-11-19T10:23:42,724|[TRACE] graph - <----- statementPart
2021-11-19T10:23:42,724|[TRACE] graph - -----> statementPart
2021-11-19T10:23:42,724|[TRACE] graph - -------> nonSkippedChar
2021-11-19T10:23:42,724|[TRACE] script - #out(`)`) [token]
2021-11-19T10:23:42,724|[TRACE] graph - <------- nonSkippedChar
2021-11-19T10:23:42,724|[TRACE] graph - <----- statementPart
2021-11-19T10:23:42,724|[TRACE] graph - -----> statementPart
2021-11-19T10:23:42,725|[TRACE] graph - -------> nonSkippedSpace
2021-11-19T10:23:42,725|[TRACE] script - #out(` `) [token]
2021-11-19T10:23:42,725|[TRACE] graph - <------- nonSkippedSpace
2021-11-19T10:23:42,725|[TRACE] graph - <----- statementPart
2021-11-19T10:23:42,725|[TRACE] graph - -----> statementPart
2021-11-19T10:23:42,725|[TRACE] graph - -------> nonSkippedChar
2021-11-19T10:23:42,725|[TRACE] script - #out(`N`) [token]
2021-11-19T10:23:42,725|[TRACE] graph - <------- nonSkippedChar
2021-11-19T10:23:42,725|[TRACE] graph - <----- statementPart
2021-11-19T10:23:42,725|[TRACE] graph - -----> statementPart
2021-11-19T10:23:42,725|[TRACE] graph - -------> nonSkippedChar
2021-11-19T10:23:42,725|[TRACE] script - #out(`O`) [token]
2021-11-19T10:23:42,725|[TRACE] graph - <------- nonSkippedChar
2021-11-19T10:23:42,725|[TRACE] graph - <----- statementPart
2021-11-19T10:23:42,725|[TRACE] graph - -----> statementPart
2021-11-19T10:23:42,725|[TRACE] graph - -------> nonSkippedChar
2021-11-19T10:23:42,725|[TRACE] script - #out(`T`) [token]
2021-11-19T10:23:42,725|[TRACE] graph - <------- nonSkippedChar
2021-11-19T10:23:42,725|[TRACE] graph - <----- statementPart
2021-11-19T10:23:42,725|[TRACE] graph - -----> statementPart
2021-11-19T10:23:42,725|[TRACE] graph - -------> nonSkippedSpace
2021-11-19T10:23:42,725|[TRACE] script - #out(` `) [token]
2021-11-19T10:23:42,725|[TRACE] graph - <------- nonSkippedSpace
2021-11-19T10:23:42,725|[TRACE] graph - <----- statementPart
2021-11-19T10:23:42,725|[TRACE] graph - -----> statementPart
2021-11-19T10:23:42,725|[TRACE] graph - -------> nonSkippedChar
2021-11-19T10:23:42,725|[TRACE] script - #out(`N`) [token]
2021-11-19T10:23:42,725|[TRACE] graph - <------- nonSkippedChar
2021-11-19T10:23:42,725|[TRACE] graph - <----- statementPart
2021-11-19T10:23:42,725|[TRACE] graph - -----> statementPart
2021-11-19T10:23:42,725|[TRACE] graph - -------> nonSkippedChar
2021-11-19T10:23:42,725|[TRACE] script - #out(`U`) [token]
2021-11-19T10:23:42,725|[TRACE] graph - <------- nonSkippedChar
2021-11-19T10:23:42,725|[TRACE] graph - <----- statementPart
2021-11-19T10:23:42,725|[TRACE] graph - -----> statementPart
2021-11-19T10:23:42,725|[TRACE] graph - -------> nonSkippedChar
2021-11-19T10:23:42,725|[TRACE] script - #out(`L`) [token]
2021-11-19T10:23:42,725|[TRACE] graph - <------- nonSkippedChar
2021-11-19T10:23:42,725|[TRACE] graph - <----- statementPart
2021-11-19T10:23:42,725|[TRACE] graph - -----> statementPart
2021-11-19T10:23:42,725|[TRACE] graph - -------> nonSkippedChar
2021-11-19T10:23:42,725|[TRACE] script - #out(`L`) [token]
2021-11-19T10:23:42,725|[TRACE] graph - <------- nonSkippedChar
2021-11-19T10:23:42,725|[TRACE] graph - <----- statementPart
2021-11-19T10:23:42,725|[TRACE] graph - -----> statementPart
2021-11-19T10:23:42,725|[TRACE] graph - -------> nonSkippedChar
2021-11-19T10:23:42,725|[TRACE] script - #out(`,`) [token]
2021-11-19T10:23:42,725|[TRACE] graph - <------- nonSkippedChar
2021-11-19T10:23:42,725|[TRACE] graph - <----- statementPart
2021-11-19T10:23:42,725|[TRACE] graph - -----> afterStatementPartNewline
2021-11-19T10:23:42,725|[TRACE] script - #out(` `) [text]
2021-11-19T10:23:42,725|[TRACE] graph - <----- afterStatementPartNewline
2021-11-19T10:23:42,725|[TRACE] graph - -----> statementPart
2021-11-19T10:23:42,725|[TRACE] graph - -------> nonSkippedSpace
2021-11-19T10:23:42,725|[TRACE] script - #out(` `) [token]
2021-11-19T10:23:42,725|[TRACE] graph - <------- nonSkippedSpace
2021-11-19T10:23:42,725|[TRACE] graph - <----- statementPart
2021-11-19T10:23:42,725|[TRACE] graph - -----> statementPart
2021-11-19T10:23:42,725|[TRACE] graph - -------> nonSkippedSpace
2021-11-19T10:23:42,725|[TRACE] script - #out(` `) [token]
2021-11-19T10:23:42,725|[TRACE] graph - <------- nonSkippedSpace
2021-11-19T10:23:42,725|[TRACE] graph - <----- statementPart
2021-11-19T10:23:42,725|[TRACE] graph - -----> statementPart
2021-11-19T10:23:42,725|[TRACE] graph - -------> quotedString
2021-11-19T10:23:42,725|[TRACE] script - #out(``city``) [token]
2021-11-19T10:23:42,725|[TRACE] graph - <------- quotedString
2021-11-19T10:23:42,725|[TRACE] graph - <----- statementPart
2021-11-19T10:23:42,725|[TRACE] graph - -----> statementPart
2021-11-19T10:23:42,725|[TRACE] graph - -------> nonSkippedSpace
2021-11-19T10:23:42,725|[TRACE] script - #out(` `) [token]
2021-11-19T10:23:42,725|[TRACE] graph - <------- nonSkippedSpace
2021-11-19T10:23:42,725|[TRACE] graph - <----- statementPart
2021-11-19T10:23:42,725|[TRACE] graph - -----> statementPart
2021-11-19T10:23:42,725|[TRACE] graph - -------> nonSkippedChar
2021-11-19T10:23:42,725|[TRACE] script - #out(`V`) [token]
2021-11-19T10:23:42,725|[TRACE] graph - <------- nonSkippedChar
2021-11-19T10:23:42,725|[TRACE] graph - <----- statementPart
2021-11-19T10:23:42,725|[TRACE] graph - -----> statementPart
2021-11-19T10:23:42,725|[TRACE] graph - -------> nonSkippedChar
2021-11-19T10:23:42,725|[TRACE] script - #out(`A`) [token]
2021-11-19T10:23:42,725|[TRACE] graph - <------- nonSkippedChar
2021-11-19T10:23:42,725|[TRACE] graph - <----- statementPart
2021-11-19T10:23:42,725|[TRACE] graph - -----> statementPart
2021-11-19T10:23:42,725|[TRACE] graph - -------> nonSkippedChar
2021-11-19T10:23:42,725|[TRACE] script - #out(`R`) [token]
2021-11-19T10:23:42,725|[TRACE] graph - <------- nonSkippedChar
2021-11-19T10:23:42,725|[TRACE] graph - <----- statementPart
2021-11-19T10:23:42,725|[TRACE] graph - -----> statementPart
2021-11-19T10:23:42,725|[TRACE] graph - -------> nonSkippedChar
2021-11-19T10:23:42,725|[TRACE] script - #out(`C`) [token]
2021-11-19T10:23:42,725|[TRACE] graph - <------- nonSkippedChar
2021-11-19T10:23:42,725|[TRACE] graph - <----- statementPart
2021-11-19T10:23:42,725|[TRACE] graph - -----> statementPart
2021-11-19T10:23:42,725|[TRACE] graph - -------> nonSkippedChar
2021-11-19T10:23:42,725|[TRACE] script - #out(`H`) [token]
2021-11-19T10:23:42,725|[TRACE] graph - <------- nonSkippedChar
2021-11-19T10:23:42,725|[TRACE] graph - <----- statementPart
2021-11-19T10:23:42,725|[TRACE] graph - -----> statementPart
2021-11-19T10:23:42,725|[TRACE] graph - -------> nonSkippedChar
2021-11-19T10:23:42,725|[TRACE] script - #out(`A`) [token]
2021-11-19T10:23:42,725|[TRACE] graph - <------- nonSkippedChar
2021-11-19T10:23:42,725|[TRACE] graph - <----- statementPart
2021-11-19T10:23:42,725|[TRACE] graph - -----> statementPart
2021-11-19T10:23:42,725|[TRACE] graph - -------> nonSkippedChar
2021-11-19T10:23:42,725|[TRACE] script - #out(`R`) [token]
2021-11-19T10:23:42,725|[TRACE] graph - <------- nonSkippedChar
2021-11-19T10:23:42,725|[TRACE] graph - <----- statementPart
2021-11-19T10:23:42,725|[TRACE] graph - -----> statementPart
2021-11-19T10:23:42,725|[TRACE] graph - -------> nonSkippedChar
2021-11-19T10:23:42,725|[TRACE] script - #out(`(`) [token]
2021-11-19T10:23:42,725|[TRACE] graph - <------- nonSkippedChar
2021-11-19T10:23:42,725|[TRACE] graph - <----- statementPart
2021-11-19T10:23:42,725|[TRACE] graph - -----> statementPart
2021-11-19T10:23:42,725|[TRACE] graph - -------> nonSkippedChar
2021-11-19T10:23:42,725|[TRACE] script - #out(`1`) [token]
2021-11-19T10:23:42,725|[TRACE] graph - <------- nonSkippedChar
2021-11-19T10:23:42,725|[TRACE] graph - <----- statementPart
2021-11-19T10:23:42,725|[TRACE] graph - -----> statementPart
2021-11-19T10:23:42,725|[TRACE] graph - -------> nonSkippedChar
2021-11-19T10:23:42,725|[TRACE] script - #out(`0`) [token]
2021-11-19T10:23:42,725|[TRACE] graph - <------- nonSkippedChar
2021-11-19T10:23:42,725|[TRACE] graph - <----- statementPart
2021-11-19T10:23:42,725|[TRACE] graph - -----> statementPart
2021-11-19T10:23:42,725|[TRACE] graph - -------> nonSkippedChar
2021-11-19T10:23:42,725|[TRACE] script - #out(`0`) [token]
2021-11-19T10:23:42,725|[TRACE] graph - <------- nonSkippedChar
2021-11-19T10:23:42,725|[TRACE] graph - <----- statementPart
2021-11-19T10:23:42,725|[TRACE] graph - -----> statementPart
2021-11-19T10:23:42,725|[TRACE] graph - -------> nonSkippedChar
2021-11-19T10:23:42,725|[TRACE] script - #out(`)`) [token]
2021-11-19T10:23:42,725|[TRACE] graph - <------- nonSkippedChar
2021-11-19T10:23:42,725|[TRACE] graph - <----- statementPart
2021-11-19T10:23:42,725|[TRACE] graph - -----> statementPart
2021-11-19T10:23:42,725|[TRACE] graph - -------> nonSkippedSpace
2021-11-19T10:23:42,725|[TRACE] script - #out(` `) [token]
2021-11-19T10:23:42,725|[TRACE] graph - <------- nonSkippedSpace
2021-11-19T10:23:42,725|[TRACE] graph - <----- statementPart
2021-11-19T10:23:42,725|[TRACE] graph - -----> statementPart
2021-11-19T10:23:42,725|[TRACE] graph - -------> nonSkippedChar
2021-11-19T10:23:42,725|[TRACE] script - #out(`N`) [token]
2021-11-19T10:23:42,725|[TRACE] graph - <------- nonSkippedChar
2021-11-19T10:23:42,725|[TRACE] graph - <----- statementPart
2021-11-19T10:23:42,725|[TRACE] graph - -----> statementPart
2021-11-19T10:23:42,725|[TRACE] graph - -------> nonSkippedChar
2021-11-19T10:23:42,725|[TRACE] script - #out(`O`) [token]
2021-11-19T10:23:42,725|[TRACE] graph - <------- nonSkippedChar
2021-11-19T10:23:42,725|[TRACE] graph - <----- statementPart
2021-11-19T10:23:42,725|[TRACE] graph - -----> statementPart
2021-11-19T10:23:42,725|[TRACE] graph - -------> nonSkippedChar
2021-11-19T10:23:42,725|[TRACE] script - #out(`T`) [token]
2021-11-19T10:23:42,725|[TRACE] graph - <------- nonSkippedChar
2021-11-19T10:23:42,725|[TRACE] graph - <----- statementPart
2021-11-19T10:23:42,725|[TRACE] graph - -----> statementPart
2021-11-19T10:23:42,725|[TRACE] graph - -------> nonSkippedSpace
2021-11-19T10:23:42,725|[TRACE] script - #out(` `) [token]
2021-11-19T10:23:42,725|[TRACE] graph - <------- nonSkippedSpace
2021-11-19T10:23:42,725|[TRACE] graph - <----- statementPart
2021-11-19T10:23:42,725|[TRACE] graph - -----> statementPart
2021-11-19T10:23:42,725|[TRACE] graph - -------> nonSkippedChar
2021-11-19T10:23:42,725|[TRACE] script - #out(`N`) [token]
2021-11-19T10:23:42,725|[TRACE] graph - <------- nonSkippedChar
2021-11-19T10:23:42,725|[TRACE] graph - <----- statementPart
2021-11-19T10:23:42,725|[TRACE] graph - -----> statementPart
2021-11-19T10:23:42,725|[TRACE] graph - -------> nonSkippedChar
2021-11-19T10:23:42,725|[TRACE] script - #out(`U`) [token]
2021-11-19T10:23:42,725|[TRACE] graph - <------- nonSkippedChar
2021-11-19T10:23:42,725|[TRACE] graph - <----- statementPart
2021-11-19T10:23:42,725|[TRACE] graph - -----> statementPart
2021-11-19T10:23:42,725|[TRACE] graph - -------> nonSkippedChar
2021-11-19T10:23:42,725|[TRACE] script - #out(`L`) [token]
2021-11-19T10:23:42,725|[TRACE] graph - <------- nonSkippedChar
2021-11-19T10:23:42,725|[TRACE] graph - <----- statementPart
2021-11-19T10:23:42,725|[TRACE] graph - -----> statementPart
2021-11-19T10:23:42,725|[TRACE] graph - -------> nonSkippedChar
2021-11-19T10:23:42,725|[TRACE] script - #out(`L`) [token]
2021-11-19T10:23:42,725|[TRACE] graph - <------- nonSkippedChar
2021-11-19T10:23:42,725|[TRACE] graph - <----- statementPart
2021-11-19T10:23:42,725|[TRACE] graph - -----> statementPart
2021-11-19T10:23:42,725|[TRACE] graph - -------> nonSkippedChar
2021-11-19T10:23:42,725|[TRACE] script - #out(`,`) [token]
2021-11-19T10:23:42,725|[TRACE] graph - <------- nonSkippedChar
2021-11-19T10:23:42,725|[TRACE] graph - <----- statementPart
2021-11-19T10:23:42,725|[TRACE] graph - -----> afterStatementPartNewline
2021-11-19T10:23:42,725|[TRACE] script - #out(` `) [text]
2021-11-19T10:23:42,725|[TRACE] graph - <----- afterStatementPartNewline
2021-11-19T10:23:42,787|[TRACE] graph - -----> statementPart
2021-11-19T10:23:42,787|[TRACE] graph - -------> nonSkippedSpace
2021-11-19T10:23:42,787|[TRACE] script - #out(` `) [token]
2021-11-19T10:23:42,787|[TRACE] graph - <------- nonSkippedSpace
2021-11-19T10:23:42,787|[TRACE] graph - <----- statementPart
2021-11-19T10:23:42,787|[TRACE] graph - -----> statementPart
2021-11-19T10:23:42,787|[TRACE] graph - -------> nonSkippedSpace
2021-11-19T10:23:42,787|[TRACE] script - #out(` `) [token]
2021-11-19T10:23:42,787|[TRACE] graph - <------- nonSkippedSpace
2021-11-19T10:23:42,787|[TRACE] graph - <----- statementPart
2021-11-19T10:23:42,787|[TRACE] graph - -----> statementPart
2021-11-19T10:23:42,787|[TRACE] graph - -------> quotedString
2021-11-19T10:23:42,787|[TRACE] script - #out(``province``) [token]
2021-11-19T10:23:42,787|[TRACE] graph - <------- quotedString
2021-11-19T10:23:42,787|[TRACE] graph - <----- statementPart
2021-11-19T10:23:42,787|[TRACE] graph - -----> statementPart
2021-11-19T10:23:42,787|[TRACE] graph - -------> nonSkippedSpace
2021-11-19T10:23:42,787|[TRACE] script - #out(` `) [token]
2021-11-19T10:23:42,787|[TRACE] graph - <------- nonSkippedSpace
2021-11-19T10:23:42,787|[TRACE] graph - <----- statementPart
2021-11-19T10:23:42,787|[TRACE] graph - -----> statementPart
2021-11-19T10:23:42,787|[TRACE] graph - -------> nonSkippedChar
2021-11-19T10:23:42,787|[TRACE] script - #out(`V`) [token]
2021-11-19T10:23:42,787|[TRACE] graph - <------- nonSkippedChar
2021-11-19T10:23:42,787|[TRACE] graph - <----- statementPart
2021-11-19T10:23:42,787|[TRACE] graph - -----> statementPart
2021-11-19T10:23:42,787|[TRACE] graph - -------> nonSkippedChar
2021-11-19T10:23:42,787|[TRACE] script - #out(`A`) [token]
2021-11-19T10:23:42,787|[TRACE] graph - <------- nonSkippedChar
2021-11-19T10:23:42,787|[TRACE] graph - <----- statementPart
2021-11-19T10:23:42,787|[TRACE] graph - -----> statementPart
2021-11-19T10:23:42,787|[TRACE] graph - -------> nonSkippedChar
2021-11-19T10:23:42,787|[TRACE] script - #out(`R`) [token]
2021-11-19T10:23:42,787|[TRACE] graph - <------- nonSkippedChar
2021-11-19T10:23:42,787|[TRACE] graph - <----- statementPart
2021-11-19T10:23:42,787|[TRACE] graph - -----> statementPart
2021-11-19T10:23:42,787|[TRACE] graph - -------> nonSkippedChar
2021-11-19T10:23:42,787|[TRACE] script - #out(`C`) [token]
2021-11-19T10:23:42,787|[TRACE] graph - <------- nonSkippedChar
2021-11-19T10:23:42,787|[TRACE] graph - <----- statementPart
2021-11-19T10:23:42,787|[TRACE] graph - -----> statementPart
2021-11-19T10:23:42,787|[TRACE] graph - -------> nonSkippedChar
2021-11-19T10:23:42,787|[TRACE] script - #out(`H`) [token]
2021-11-19T10:23:42,787|[TRACE] graph - <------- nonSkippedChar
2021-11-19T10:23:42,787|[TRACE] graph - <----- statementPart
2021-11-19T10:23:42,787|[TRACE] graph - -----> statementPart
2021-11-19T10:23:42,787|[TRACE] graph - -------> nonSkippedChar
2021-11-19T10:23:42,787|[TRACE] script - #out(`A`) [token]
2021-11-19T10:23:42,787|[TRACE] graph - <------- nonSkippedChar
2021-11-19T10:23:42,787|[TRACE] graph - <----- statementPart
2021-11-19T10:23:42,787|[TRACE] graph - -----> statementPart
2021-11-19T10:23:42,787|[TRACE] graph - -------> nonSkippedChar
2021-11-19T10:23:42,787|[TRACE] script - #out(`R`) [token]
2021-11-19T10:23:42,787|[TRACE] graph - <------- nonSkippedChar
2021-11-19T10:23:42,787|[TRACE] graph - <----- statementPart
2021-11-19T10:23:42,787|[TRACE] graph - -----> statementPart
2021-11-19T10:23:42,787|[TRACE] graph - -------> nonSkippedChar
2021-11-19T10:23:42,787|[TRACE] script - #out(`(`) [token]
2021-11-19T10:23:42,787|[TRACE] graph - <------- nonSkippedChar
2021-11-19T10:23:42,787|[TRACE] graph - <----- statementPart
2021-11-19T10:23:42,787|[TRACE] graph - -----> statementPart
2021-11-19T10:23:42,787|[TRACE] graph - -------> nonSkippedChar
2021-11-19T10:23:42,787|[TRACE] script - #out(`1`) [token]
2021-11-19T10:23:42,787|[TRACE] graph - <------- nonSkippedChar
2021-11-19T10:23:42,787|[TRACE] graph - <----- statementPart
2021-11-19T10:23:42,787|[TRACE] graph - -----> statementPart
2021-11-19T10:23:42,787|[TRACE] graph - -------> nonSkippedChar
2021-11-19T10:23:42,787|[TRACE] script - #out(`0`) [token]
2021-11-19T10:23:42,787|[TRACE] graph - <------- nonSkippedChar
2021-11-19T10:23:42,787|[TRACE] graph - <----- statementPart
2021-11-19T10:23:42,787|[TRACE] graph - -----> statementPart
2021-11-19T10:23:42,787|[TRACE] graph - -------> nonSkippedChar
2021-11-19T10:23:42,787|[TRACE] script - #out(`0`) [token]
2021-11-19T10:23:42,787|[TRACE] graph - <------- nonSkippedChar
2021-11-19T10:23:42,787|[TRACE] graph - <----- statementPart
2021-11-19T10:23:42,787|[TRACE] graph - -----> statementPart
2021-11-19T10:23:42,787|[TRACE] graph - -------> nonSkippedChar
2021-11-19T10:23:42,787|[TRACE] script - #out(`)`) [token]
2021-11-19T10:23:42,787|[TRACE] graph - <------- nonSkippedChar
2021-11-19T10:23:42,787|[TRACE] graph - <----- statementPart
2021-11-19T10:23:42,787|[TRACE] graph - -----> statementPart
2021-11-19T10:23:42,787|[TRACE] graph - -------> nonSkippedSpace
2021-11-19T10:23:42,787|[TRACE] script - #out(` `) [token]
2021-11-19T10:23:42,787|[TRACE] graph - <------- nonSkippedSpace
2021-11-19T10:23:42,787|[TRACE] graph - <----- statementPart
2021-11-19T10:23:42,787|[TRACE] graph - -----> statementPart
2021-11-19T10:23:42,787|[TRACE] graph - -------> nonSkippedChar
2021-11-19T10:23:42,787|[TRACE] script - #out(`N`) [token]
2021-11-19T10:23:42,787|[TRACE] graph - <------- nonSkippedChar
2021-11-19T10:23:42,787|[TRACE] graph - <----- statementPart
2021-11-19T10:23:42,787|[TRACE] graph - -----> statementPart
2021-11-19T10:23:42,787|[TRACE] graph - -------> nonSkippedChar
2021-11-19T10:23:42,787|[TRACE] script - #out(`O`) [token]
2021-11-19T10:23:42,787|[TRACE] graph - <------- nonSkippedChar
2021-11-19T10:23:42,787|[TRACE] graph - <----- statementPart
2021-11-19T10:23:42,787|[TRACE] graph - -----> statementPart
2021-11-19T10:23:42,787|[TRACE] graph - -------> nonSkippedChar
2021-11-19T10:23:42,788|[TRACE] script - #out(`T`) [token]
2021-11-19T10:23:42,788|[TRACE] graph - <------- nonSkippedChar
2021-11-19T10:23:42,788|[TRACE] graph - <----- statementPart
2021-11-19T10:23:42,788|[TRACE] graph - -----> statementPart
2021-11-19T10:23:42,788|[TRACE] graph - -------> nonSkippedSpace
2021-11-19T10:23:42,788|[TRACE] script - #out(` `) [token]
2021-11-19T10:23:42,788|[TRACE] graph - <------- nonSkippedSpace
2021-11-19T10:23:42,788|[TRACE] graph - <----- statementPart
2021-11-19T10:23:42,788|[TRACE] graph - -----> statementPart
2021-11-19T10:23:42,788|[TRACE] graph - -------> nonSkippedChar
2021-11-19T10:23:42,788|[TRACE] script - #out(`N`) [token]
2021-11-19T10:23:42,788|[TRACE] graph - <------- nonSkippedChar
2021-11-19T10:23:42,788|[TRACE] graph - <----- statementPart
2021-11-19T10:23:42,788|[TRACE] graph - -----> statementPart
2021-11-19T10:23:42,788|[TRACE] graph - -------> nonSkippedChar
2021-11-19T10:23:42,788|[TRACE] script - #out(`U`) [token]
2021-11-19T10:23:42,788|[TRACE] graph - <------- nonSkippedChar
2021-11-19T10:23:42,788|[TRACE] graph - <----- statementPart
2021-11-19T10:23:42,788|[TRACE] graph - -----> statementPart
2021-11-19T10:23:42,788|[TRACE] graph - -------> nonSkippedChar
2021-11-19T10:23:42,788|[TRACE] script - #out(`L`) [token]
2021-11-19T10:23:42,788|[TRACE] graph - <------- nonSkippedChar
2021-11-19T10:23:42,788|[TRACE] graph - <----- statementPart
2021-11-19T10:23:42,788|[TRACE] graph - -----> statementPart
2021-11-19T10:23:42,788|[TRACE] graph - -------> nonSkippedChar
2021-11-19T10:23:42,788|[TRACE] script - #out(`L`) [token]
2021-11-19T10:23:42,788|[TRACE] graph - <------- nonSkippedChar
2021-11-19T10:23:42,788|[TRACE] graph - <----- statementPart
2021-11-19T10:23:42,788|[TRACE] graph - -----> statementPart
2021-11-19T10:23:42,788|[TRACE] graph - -------> nonSkippedChar
2021-11-19T10:23:42,788|[TRACE] script - #out(`,`) [token]
2021-11-19T10:23:42,788|[TRACE] graph - <------- nonSkippedChar
2021-11-19T10:23:42,788|[TRACE] graph - <----- statementPart
2021-11-19T10:23:42,788|[TRACE] graph - -----> afterStatementPartNewline
2021-11-19T10:23:42,788|[TRACE] script - #out(` `) [text]
2021-11-19T10:23:42,788|[TRACE] graph - <----- afterStatementPartNewline
2021-11-19T10:23:42,788|[TRACE] graph - -----> statementPart
2021-11-19T10:23:42,788|[TRACE] graph - -------> nonSkippedSpace
2021-11-19T10:23:42,788|[TRACE] script - #out(` `) [token]
2021-11-19T10:23:42,788|[TRACE] graph - <------- nonSkippedSpace
2021-11-19T10:23:42,788|[TRACE] graph - <----- statementPart
2021-11-19T10:23:42,788|[TRACE] graph - -----> statementPart
2021-11-19T10:23:42,788|[TRACE] graph - -------> nonSkippedSpace
2021-11-19T10:23:42,788|[TRACE] script - #out(` `) [token]
2021-11-19T10:23:42,788|[TRACE] graph - <------- nonSkippedSpace
2021-11-19T10:23:42,788|[TRACE] graph - <----- statementPart
2021-11-19T10:23:42,788|[TRACE] graph - -----> statementPart
2021-11-19T10:23:42,788|[TRACE] graph - -------> quotedString
2021-11-19T10:23:42,788|[TRACE] script - #out(``country``) [token]
2021-11-19T10:23:42,793|[TRACE] graph - <------- quotedString
2021-11-19T10:23:42,793|[TRACE] graph - <----- statementPart
2021-11-19T10:23:42,793|[TRACE] graph - -----> statementPart
2021-11-19T10:23:42,793|[TRACE] graph - -------> nonSkippedSpace
2021-11-19T10:23:42,793|[TRACE] script - #out(` `) [token]
2021-11-19T10:23:42,793|[TRACE] graph - <------- nonSkippedSpace
2021-11-19T10:23:42,793|[TRACE] graph - <----- statementPart
2021-11-19T10:23:42,793|[TRACE] graph - -----> statementPart
2021-11-19T10:23:42,793|[TRACE] graph - -------> nonSkippedChar
2021-11-19T10:23:42,793|[TRACE] script - #out(`V`) [token]
2021-11-19T10:23:42,793|[TRACE] graph - <------- nonSkippedChar
2021-11-19T10:23:42,793|[TRACE] graph - <----- statementPart
2021-11-19T10:23:42,793|[TRACE] graph - -----> statementPart
2021-11-19T10:23:42,793|[TRACE] graph - -------> nonSkippedChar
2021-11-19T10:23:42,793|[TRACE] script - #out(`A`) [token]
2021-11-19T10:23:42,793|[TRACE] graph - <------- nonSkippedChar
2021-11-19T10:23:42,793|[TRACE] graph - <----- statementPart
2021-11-19T10:23:42,793|[TRACE] graph - -----> statementPart
2021-11-19T10:23:42,793|[TRACE] graph - -------> nonSkippedChar
2021-11-19T10:23:42,793|[TRACE] script - #out(`R`) [token]
2021-11-19T10:23:42,793|[TRACE] graph - <------- nonSkippedChar
2021-11-19T10:23:42,793|[TRACE] graph - <----- statementPart
2021-11-19T10:23:42,793|[TRACE] graph - -----> statementPart
2021-11-19T10:23:42,793|[TRACE] graph - -------> nonSkippedChar
2021-11-19T10:23:42,793|[TRACE] script - #out(`C`) [token]
2021-11-19T10:23:42,793|[TRACE] graph - <------- nonSkippedChar
2021-11-19T10:23:42,793|[TRACE] graph - <----- statementPart
2021-11-19T10:23:42,793|[TRACE] graph - -----> statementPart
2021-11-19T10:23:42,793|[TRACE] graph - -------> nonSkippedChar
2021-11-19T10:23:42,793|[TRACE] script - #out(`H`) [token]
2021-11-19T10:23:42,793|[TRACE] graph - <------- nonSkippedChar
2021-11-19T10:23:42,793|[TRACE] graph - <----- statementPart
2021-11-19T10:23:42,793|[TRACE] graph - -----> statementPart
2021-11-19T10:23:42,793|[TRACE] graph - -------> nonSkippedChar
2021-11-19T10:23:42,793|[TRACE] script - #out(`A`) [token]
2021-11-19T10:23:42,793|[TRACE] graph - <------- nonSkippedChar
2021-11-19T10:23:42,793|[TRACE] graph - <----- statementPart
2021-11-19T10:23:42,793|[TRACE] graph - -----> statementPart
2021-11-19T10:23:42,793|[TRACE] graph - -------> nonSkippedChar
2021-11-19T10:23:42,793|[TRACE] script - #out(`R`) [token]
2021-11-19T10:23:42,793|[TRACE] graph - <------- nonSkippedChar
2021-11-19T10:23:42,793|[TRACE] graph - <----- statementPart
2021-11-19T10:23:42,793|[TRACE] graph - -----> statementPart
2021-11-19T10:23:42,793|[TRACE] graph - -------> nonSkippedChar
2021-11-19T10:23:42,793|[TRACE] script - #out(`(`) [token]
2021-11-19T10:23:42,793|[TRACE] graph - <------- nonSkippedChar
2021-11-19T10:23:42,793|[TRACE] graph - <----- statementPart
2021-11-19T10:23:42,793|[TRACE] graph - -----> statementPart
2021-11-19T10:23:42,793|[TRACE] graph - -------> nonSkippedChar
2021-11-19T10:23:42,793|[TRACE] script - #out(`1`) [token]
2021-11-19T10:23:42,793|[TRACE] graph - <------- nonSkippedChar
2021-11-19T10:23:42,793|[TRACE] graph - <----- statementPart
2021-11-19T10:23:42,793|[TRACE] graph - -----> statementPart
2021-11-19T10:23:42,793|[TRACE] graph - -------> nonSkippedChar
2021-11-19T10:23:42,793|[TRACE] script - #out(`0`) [token]
2021-11-19T10:23:42,793|[TRACE] graph - <------- nonSkippedChar
2021-11-19T10:23:42,793|[TRACE] graph - <----- statementPart
2021-11-19T10:23:42,793|[TRACE] graph - -----> statementPart
2021-11-19T10:23:42,793|[TRACE] graph - -------> nonSkippedChar
2021-11-19T10:23:42,793|[TRACE] script - #out(`0`) [token]
2021-11-19T10:23:42,794|[TRACE] graph - <------- nonSkippedChar
2021-11-19T10:23:42,794|[TRACE] graph - <----- statementPart
2021-11-19T10:23:42,794|[TRACE] graph - -----> statementPart
2021-11-19T10:23:42,794|[TRACE] graph - -------> nonSkippedChar
2021-11-19T10:23:42,794|[TRACE] script - #out(`)`) [token]
2021-11-19T10:23:42,794|[TRACE] graph - <------- nonSkippedChar
2021-11-19T10:23:42,794|[TRACE] graph - <----- statementPart
2021-11-19T10:23:42,794|[TRACE] graph - -----> statementPart
2021-11-19T10:23:42,794|[TRACE] graph - -------> nonSkippedSpace
2021-11-19T10:23:42,794|[TRACE] script - #out(` `) [token]
2021-11-19T10:23:42,794|[TRACE] graph - <------- nonSkippedSpace
2021-11-19T10:23:42,794|[TRACE] graph - <----- statementPart
2021-11-19T10:23:42,794|[TRACE] graph - -----> statementPart
2021-11-19T10:23:42,794|[TRACE] graph - -------> nonSkippedChar
2021-11-19T10:23:42,794|[TRACE] script - #out(`N`) [token]
2021-11-19T10:23:42,794|[TRACE] graph - <------- nonSkippedChar
2021-11-19T10:23:42,794|[TRACE] graph - <----- statementPart
2021-11-19T10:23:42,794|[TRACE] graph - -----> statementPart
2021-11-19T10:23:42,794|[TRACE] graph - -------> nonSkippedChar
2021-11-19T10:23:42,794|[TRACE] script - #out(`O`) [token]
2021-11-19T10:23:42,794|[TRACE] graph - <------- nonSkippedChar
2021-11-19T10:23:42,794|[TRACE] graph - <----- statementPart
2021-11-19T10:23:42,794|[TRACE] graph - -----> statementPart
2021-11-19T10:23:42,794|[TRACE] graph - -------> nonSkippedChar
2021-11-19T10:23:42,794|[TRACE] script - #out(`T`) [token]
2021-11-19T10:23:42,794|[TRACE] graph - <------- nonSkippedChar
2021-11-19T10:23:42,794|[TRACE] graph - <----- statementPart
2021-11-19T10:23:42,794|[TRACE] graph - -----> statementPart
2021-11-19T10:23:42,794|[TRACE] graph - -------> nonSkippedSpace
2021-11-19T10:23:42,794|[TRACE] script - #out(` `) [token]
2021-11-19T10:23:42,794|[TRACE] graph - <------- nonSkippedSpace
2021-11-19T10:23:42,794|[TRACE] graph - <----- statementPart
2021-11-19T10:23:42,794|[TRACE] graph - -----> statementPart
2021-11-19T10:23:42,794|[TRACE] graph - -------> nonSkippedChar
2021-11-19T10:23:42,794|[TRACE] script - #out(`N`) [token]
2021-11-19T10:23:42,794|[TRACE] graph - <------- nonSkippedChar
2021-11-19T10:23:42,794|[TRACE] graph - <----- statementPart
2021-11-19T10:23:42,794|[TRACE] graph - -----> statementPart
2021-11-19T10:23:42,794|[TRACE] graph - -------> nonSkippedChar
2021-11-19T10:23:42,794|[TRACE] script - #out(`U`) [token]
2021-11-19T10:23:42,794|[TRACE] graph - <------- nonSkippedChar
2021-11-19T10:23:42,794|[TRACE] graph - <----- statementPart
2021-11-19T10:23:42,794|[TRACE] graph - -----> statementPart
2021-11-19T10:23:42,794|[TRACE] graph - -------> nonSkippedChar
2021-11-19T10:23:42,794|[TRACE] script - #out(`L`) [token]
2021-11-19T10:23:42,794|[TRACE] graph - <------- nonSkippedChar
2021-11-19T10:23:42,794|[TRACE] graph - <----- statementPart
2021-11-19T10:23:42,794|[TRACE] graph - -----> statementPart
2021-11-19T10:23:42,794|[TRACE] graph - -------> nonSkippedChar
2021-11-19T10:23:42,794|[TRACE] script - #out(`L`) [token]
2021-11-19T10:23:42,794|[TRACE] graph - <------- nonSkippedChar
2021-11-19T10:23:42,794|[TRACE] graph - <----- statementPart
2021-11-19T10:23:42,794|[TRACE] graph - -----> statementPart
2021-11-19T10:23:42,794|[TRACE] graph - -------> nonSkippedChar
2021-11-19T10:23:42,794|[TRACE] script - #out(`,`) [token]
2021-11-19T10:23:42,794|[TRACE] graph - <------- nonSkippedChar
2021-11-19T10:23:42,794|[TRACE] graph - <----- statementPart
2021-11-19T10:23:42,794|[TRACE] graph - -----> afterStatementPartNewline
2021-11-19T10:23:42,794|[TRACE] script - #out(` `) [text]
2021-11-19T10:23:42,794|[TRACE] graph - <----- afterStatementPartNewline
2021-11-19T10:23:42,794|[TRACE] graph - -----> statementPart
2021-11-19T10:23:42,794|[TRACE] graph - -------> nonSkippedSpace
2021-11-19T10:23:42,794|[TRACE] script - #out(` `) [token]
2021-11-19T10:23:42,794|[TRACE] graph - <------- nonSkippedSpace
2021-11-19T10:23:42,794|[TRACE] graph - <----- statementPart
2021-11-19T10:23:42,794|[TRACE] graph - -----> statementPart
2021-11-19T10:23:42,794|[TRACE] graph - -------> nonSkippedSpace
2021-11-19T10:23:42,794|[TRACE] script - #out(` `) [token]
2021-11-19T10:23:42,794|[TRACE] graph - <------- nonSkippedSpace
2021-11-19T10:23:42,794|[TRACE] graph - <----- statementPart
2021-11-19T10:23:42,794|[TRACE] graph - -----> statementPart
2021-11-19T10:23:42,794|[TRACE] graph - -------> quotedString
2021-11-19T10:23:42,794|[TRACE] script - #out(``zipcode``) [token]
2021-11-19T10:23:42,794|[TRACE] graph - <------- quotedString
2021-11-19T10:23:42,794|[TRACE] graph - <----- statementPart
2021-11-19T10:23:42,794|[TRACE] graph - -----> statementPart
2021-11-19T10:23:42,794|[TRACE] graph - -------> nonSkippedSpace
2021-11-19T10:23:42,794|[TRACE] script - #out(` `) [token]
2021-11-19T10:23:42,794|[TRACE] graph - <------- nonSkippedSpace
2021-11-19T10:23:42,794|[TRACE] graph - <----- statementPart
2021-11-19T10:23:42,794|[TRACE] graph - -----> statementPart
2021-11-19T10:23:42,794|[TRACE] graph - -------> nonSkippedChar
2021-11-19T10:23:42,794|[TRACE] script - #out(`V`) [token]
2021-11-19T10:23:42,794|[TRACE] graph - <------- nonSkippedChar
2021-11-19T10:23:42,794|[TRACE] graph - <----- statementPart
2021-11-19T10:23:42,794|[TRACE] graph - -----> statementPart
2021-11-19T10:23:42,794|[TRACE] graph - -------> nonSkippedChar
2021-11-19T10:23:42,794|[TRACE] script - #out(`A`) [token]
2021-11-19T10:23:42,794|[TRACE] graph - <------- nonSkippedChar
2021-11-19T10:23:42,794|[TRACE] graph - <----- statementPart
2021-11-19T10:23:42,794|[TRACE] graph - -----> statementPart
2021-11-19T10:23:42,794|[TRACE] graph - -------> nonSkippedChar
2021-11-19T10:23:42,794|[TRACE] script - #out(`R`) [token]
2021-11-19T10:23:42,794|[TRACE] graph - <------- nonSkippedChar
2021-11-19T10:23:42,794|[TRACE] graph - <----- statementPart
2021-11-19T10:23:42,794|[TRACE] graph - -----> statementPart
2021-11-19T10:23:42,794|[TRACE] graph - -------> nonSkippedChar
2021-11-19T10:23:42,794|[TRACE] script - #out(`C`) [token]
2021-11-19T10:23:42,794|[TRACE] graph - <------- nonSkippedChar
2021-11-19T10:23:42,794|[TRACE] graph - <----- statementPart
2021-11-19T10:23:42,794|[TRACE] graph - -----> statementPart
2021-11-19T10:23:42,794|[TRACE] graph - -------> nonSkippedChar
2021-11-19T10:23:42,794|[TRACE] script - #out(`H`) [token]
2021-11-19T10:23:42,794|[TRACE] graph - <------- nonSkippedChar
2021-11-19T10:23:42,794|[TRACE] graph - <----- statementPart
2021-11-19T10:23:42,794|[TRACE] graph - -----> statementPart
2021-11-19T10:23:42,794|[TRACE] graph - -------> nonSkippedChar
2021-11-19T10:23:42,794|[TRACE] script - #out(`A`) [token]
2021-11-19T10:23:42,794|[TRACE] graph - <------- nonSkippedChar
2021-11-19T10:23:42,794|[TRACE] graph - <----- statementPart
2021-11-19T10:23:42,794|[TRACE] graph - -----> statementPart
2021-11-19T10:23:42,794|[TRACE] graph - -------> nonSkippedChar
2021-11-19T10:23:42,794|[TRACE] script - #out(`R`) [token]
2021-11-19T10:23:42,794|[TRACE] graph - <------- nonSkippedChar
2021-11-19T10:23:42,794|[TRACE] graph - <----- statementPart
2021-11-19T10:23:42,794|[TRACE] graph - -----> statementPart
2021-11-19T10:23:42,794|[TRACE] graph - -------> nonSkippedChar
2021-11-19T10:23:42,794|[TRACE] script - #out(`(`) [token]
2021-11-19T10:23:42,794|[TRACE] graph - <------- nonSkippedChar
2021-11-19T10:23:42,795|[TRACE] graph - <----- statementPart
2021-11-19T10:23:42,795|[TRACE] graph - -----> statementPart
2021-11-19T10:23:42,795|[TRACE] graph - -------> nonSkippedChar
2021-11-19T10:23:42,795|[TRACE] script - #out(`1`) [token]
2021-11-19T10:23:42,795|[TRACE] graph - <------- nonSkippedChar
2021-11-19T10:23:42,795|[TRACE] graph - <----- statementPart
2021-11-19T10:23:42,795|[TRACE] graph - -----> statementPart
2021-11-19T10:23:42,795|[TRACE] graph - -------> nonSkippedChar
2021-11-19T10:23:42,795|[TRACE] script - #out(`0`) [token]
2021-11-19T10:23:42,795|[TRACE] graph - <------- nonSkippedChar
2021-11-19T10:23:42,795|[TRACE] graph - <----- statementPart
2021-11-19T10:23:42,795|[TRACE] graph - -----> statementPart
2021-11-19T10:23:42,795|[TRACE] graph - -------> nonSkippedChar
2021-11-19T10:23:42,795|[TRACE] script - #out(`0`) [token]
2021-11-19T10:23:42,795|[TRACE] graph - <------- nonSkippedChar
2021-11-19T10:23:42,795|[TRACE] graph - <----- statementPart
2021-11-19T10:23:42,795|[TRACE] graph - -----> statementPart
2021-11-19T10:23:42,795|[TRACE] graph - -------> nonSkippedChar
2021-11-19T10:23:42,795|[TRACE] script - #out(`)`) [token]
2021-11-19T10:23:42,795|[TRACE] graph - <------- nonSkippedChar
2021-11-19T10:23:42,795|[TRACE] graph - <----- statementPart
2021-11-19T10:23:42,795|[TRACE] graph - -----> statementPart
2021-11-19T10:23:42,795|[TRACE] graph - -------> nonSkippedSpace
2021-11-19T10:23:42,795|[TRACE] script - #out(` `) [token]
2021-11-19T10:23:42,795|[TRACE] graph - <------- nonSkippedSpace
2021-11-19T10:23:42,795|[TRACE] graph - <----- statementPart
2021-11-19T10:23:42,795|[TRACE] graph - -----> statementPart
2021-11-19T10:23:42,795|[TRACE] graph - -------> nonSkippedChar
2021-11-19T10:23:42,795|[TRACE] script - #out(`N`) [token]
2021-11-19T10:23:42,795|[TRACE] graph - <------- nonSkippedChar
2021-11-19T10:23:42,795|[TRACE] graph - <----- statementPart
2021-11-19T10:23:42,795|[TRACE] graph - -----> statementPart
2021-11-19T10:23:42,795|[TRACE] graph - -------> nonSkippedChar
2021-11-19T10:23:42,795|[TRACE] script - #out(`O`) [token]
2021-11-19T10:23:42,795|[TRACE] graph - <------- nonSkippedChar
2021-11-19T10:23:42,795|[TRACE] graph - <----- statementPart
2021-11-19T10:23:42,795|[TRACE] graph - -----> statementPart
2021-11-19T10:23:42,795|[TRACE] graph - -------> nonSkippedChar
2021-11-19T10:23:42,795|[TRACE] script - #out(`T`) [token]
2021-11-19T10:23:42,795|[TRACE] graph - <------- nonSkippedChar
2021-11-19T10:23:42,795|[TRACE] graph - <----- statementPart
2021-11-19T10:23:42,795|[TRACE] graph - -----> statementPart
2021-11-19T10:23:42,795|[TRACE] graph - -------> nonSkippedSpace
2021-11-19T10:23:42,795|[TRACE] script - #out(` `) [token]
2021-11-19T10:23:42,795|[TRACE] graph - <------- nonSkippedSpace
2021-11-19T10:23:42,795|[TRACE] graph - <----- statementPart
2021-11-19T10:23:42,795|[TRACE] graph - -----> statementPart
2021-11-19T10:23:42,795|[TRACE] graph - -------> nonSkippedChar
2021-11-19T10:23:42,795|[TRACE] script - #out(`N`) [token]
2021-11-19T10:23:42,795|[TRACE] graph - <------- nonSkippedChar
2021-11-19T10:23:42,795|[TRACE] graph - <----- statementPart
2021-11-19T10:23:42,795|[TRACE] graph - -----> statementPart
2021-11-19T10:23:42,795|[TRACE] graph - -------> nonSkippedChar
2021-11-19T10:23:42,795|[TRACE] script - #out(`U`) [token]
2021-11-19T10:23:42,795|[TRACE] graph - <------- nonSkippedChar
2021-11-19T10:23:42,795|[TRACE] graph - <----- statementPart
2021-11-19T10:23:42,795|[TRACE] graph - -----> statementPart
2021-11-19T10:23:42,795|[TRACE] graph - -------> nonSkippedChar
2021-11-19T10:23:42,795|[TRACE] script - #out(`L`) [token]
2021-11-19T10:23:42,795|[TRACE] graph - <------- nonSkippedChar
2021-11-19T10:23:42,795|[TRACE] graph - <----- statementPart
2021-11-19T10:23:42,795|[TRACE] graph - -----> statementPart
2021-11-19T10:23:42,795|[TRACE] graph - -------> nonSkippedChar
2021-11-19T10:23:42,795|[TRACE] script - #out(`L`) [token]
2021-11-19T10:23:42,795|[TRACE] graph - <------- nonSkippedChar
2021-11-19T10:23:42,795|[TRACE] graph - <----- statementPart
2021-11-19T10:23:42,795|[TRACE] graph - -----> statementPart
2021-11-19T10:23:42,795|[TRACE] graph - -------> nonSkippedChar
2021-11-19T10:23:42,795|[TRACE] script - #out(`,`) [token]
2021-11-19T10:23:42,795|[TRACE] graph - <------- nonSkippedChar
2021-11-19T10:23:42,795|[TRACE] graph - <----- statementPart
2021-11-19T10:23:42,795|[TRACE] graph - -----> afterStatementPartNewline
2021-11-19T10:23:42,795|[TRACE] script - #out(` `) [text]
2021-11-19T10:23:42,795|[TRACE] graph - <----- afterStatementPartNewline
2021-11-19T10:23:42,795|[TRACE] graph - -----> statementPart
2021-11-19T10:23:42,795|[TRACE] graph - -------> nonSkippedSpace
2021-11-19T10:23:42,795|[TRACE] script - #out(` `) [token]
2021-11-19T10:23:42,795|[TRACE] graph - <------- nonSkippedSpace
2021-11-19T10:23:42,795|[TRACE] graph - <----- statementPart
2021-11-19T10:23:42,795|[TRACE] graph - -----> statementPart
2021-11-19T10:23:42,795|[TRACE] graph - -------> nonSkippedSpace
2021-11-19T10:23:42,795|[TRACE] script - #out(` `) [token]
2021-11-19T10:23:42,795|[TRACE] graph - <------- nonSkippedSpace
2021-11-19T10:23:42,795|[TRACE] graph - <----- statementPart
2021-11-19T10:23:42,795|[TRACE] graph - -----> statementPart
2021-11-19T10:23:42,795|[TRACE] graph - -------> quotedString
2021-11-19T10:23:42,795|[TRACE] script - #out(``created``) [token]
2021-11-19T10:23:42,795|[TRACE] graph - <------- quotedString
2021-11-19T10:23:42,795|[TRACE] graph - <----- statementPart
2021-11-19T10:23:42,795|[TRACE] graph - -----> statementPart
2021-11-19T10:23:42,795|[TRACE] graph - -------> nonSkippedSpace
2021-11-19T10:23:42,795|[TRACE] script - #out(` `) [token]
2021-11-19T10:23:42,795|[TRACE] graph - <------- nonSkippedSpace
2021-11-19T10:23:42,795|[TRACE] graph - <----- statementPart
2021-11-19T10:23:42,795|[TRACE] graph - -----> statementPart
2021-11-19T10:23:42,795|[TRACE] graph - -------> nonSkippedChar
2021-11-19T10:23:42,795|[TRACE] script - #out(`B`) [token]
2021-11-19T10:23:42,795|[TRACE] graph - <------- nonSkippedChar
2021-11-19T10:23:42,795|[TRACE] graph - <----- statementPart
2021-11-19T10:23:42,795|[TRACE] graph - -----> statementPart
2021-11-19T10:23:42,795|[TRACE] graph - -------> nonSkippedChar
2021-11-19T10:23:42,795|[TRACE] script - #out(`I`) [token]
2021-11-19T10:23:42,795|[TRACE] graph - <------- nonSkippedChar
2021-11-19T10:23:42,795|[TRACE] graph - <----- statementPart
2021-11-19T10:23:42,795|[TRACE] graph - -----> statementPart
2021-11-19T10:23:42,795|[TRACE] graph - -------> nonSkippedChar
2021-11-19T10:23:42,795|[TRACE] script - #out(`G`) [token]
2021-11-19T10:23:42,795|[TRACE] graph - <------- nonSkippedChar
2021-11-19T10:23:42,795|[TRACE] graph - <----- statementPart
2021-11-19T10:23:42,795|[TRACE] graph - -----> statementPart
2021-11-19T10:23:42,795|[TRACE] graph - -------> nonSkippedChar
2021-11-19T10:23:42,795|[TRACE] script - #out(`I`) [token]
2021-11-19T10:23:42,795|[TRACE] graph - <------- nonSkippedChar
2021-11-19T10:23:42,795|[TRACE] graph - <----- statementPart
2021-11-19T10:23:42,795|[TRACE] graph - -----> statementPart
2021-11-19T10:23:42,795|[TRACE] graph - -------> nonSkippedChar
2021-11-19T10:23:42,795|[TRACE] script - #out(`N`) [token]
2021-11-19T10:23:42,795|[TRACE] graph - <------- nonSkippedChar
2021-11-19T10:23:42,795|[TRACE] graph - <----- statementPart
2021-11-19T10:23:42,795|[TRACE] graph - -----> statementPart
2021-11-19T10:23:42,795|[TRACE] graph - -------> nonSkippedChar
2021-11-19T10:23:42,795|[TRACE] script - #out(`T`) [token]
2021-11-19T10:23:42,795|[TRACE] graph - <------- nonSkippedChar
2021-11-19T10:23:42,795|[TRACE] graph - <----- statementPart
2021-11-19T10:23:42,795|[TRACE] graph - -----> statementPart
2021-11-19T10:23:42,795|[TRACE] graph - -------> nonSkippedSpace
2021-11-19T10:23:42,795|[TRACE] script - #out(` `) [token]
2021-11-19T10:23:42,795|[TRACE] graph - <------- nonSkippedSpace
2021-11-19T10:23:42,795|[TRACE] graph - <----- statementPart
2021-11-19T10:23:42,795|[TRACE] graph - -----> statementPart
2021-11-19T10:23:42,795|[TRACE] graph - -------> nonSkippedChar
2021-11-19T10:23:42,795|[TRACE] script - #out(`N`) [token]
2021-11-19T10:23:42,795|[TRACE] graph - <------- nonSkippedChar
2021-11-19T10:23:42,795|[TRACE] graph - <----- statementPart
2021-11-19T10:23:42,795|[TRACE] graph - -----> statementPart
2021-11-19T10:23:42,795|[TRACE] graph - -------> nonSkippedChar
2021-11-19T10:23:42,795|[TRACE] script - #out(`O`) [token]
2021-11-19T10:23:42,795|[TRACE] graph - <------- nonSkippedChar
2021-11-19T10:23:42,795|[TRACE] graph - <----- statementPart
2021-11-19T10:23:42,866|[TRACE] graph - -----> statementPart
2021-11-19T10:23:42,866|[TRACE] graph - -------> nonSkippedChar
2021-11-19T10:23:42,866|[TRACE] script - #out(`T`) [token]
2021-11-19T10:23:42,866|[TRACE] graph - <------- nonSkippedChar
2021-11-19T10:23:42,866|[TRACE] graph - <----- statementPart
2021-11-19T10:23:42,866|[TRACE] graph - -----> statementPart
2021-11-19T10:23:42,866|[TRACE] graph - -------> nonSkippedSpace
2021-11-19T10:23:42,866|[TRACE] script - #out(` `) [token]
2021-11-19T10:23:42,866|[TRACE] graph - <------- nonSkippedSpace
2021-11-19T10:23:42,866|[TRACE] graph - <----- statementPart
2021-11-19T10:23:42,866|[TRACE] graph - -----> statementPart
2021-11-19T10:23:42,866|[TRACE] graph - -------> nonSkippedChar
2021-11-19T10:23:42,866|[TRACE] script - #out(`N`) [token]
2021-11-19T10:23:42,866|[TRACE] graph - <------- nonSkippedChar
2021-11-19T10:23:42,866|[TRACE] graph - <----- statementPart
2021-11-19T10:23:42,866|[TRACE] graph - -----> statementPart
2021-11-19T10:23:42,866|[TRACE] graph - -------> nonSkippedChar
2021-11-19T10:23:42,866|[TRACE] script - #out(`U`) [token]
2021-11-19T10:23:42,866|[TRACE] graph - <------- nonSkippedChar
2021-11-19T10:23:42,866|[TRACE] graph - <----- statementPart
2021-11-19T10:23:42,866|[TRACE] graph - -----> statementPart
2021-11-19T10:23:42,866|[TRACE] graph - -------> nonSkippedChar
2021-11-19T10:23:42,866|[TRACE] script - #out(`L`) [token]
2021-11-19T10:23:42,866|[TRACE] graph - <------- nonSkippedChar
2021-11-19T10:23:42,866|[TRACE] graph - <----- statementPart
2021-11-19T10:23:42,866|[TRACE] graph - -----> statementPart
2021-11-19T10:23:42,866|[TRACE] graph - -------> nonSkippedChar
2021-11-19T10:23:42,866|[TRACE] script - #out(`L`) [token]
2021-11-19T10:23:42,866|[TRACE] graph - <------- nonSkippedChar
2021-11-19T10:23:42,866|[TRACE] graph - <----- statementPart
2021-11-19T10:23:42,866|[TRACE] graph - -----> statementPart
2021-11-19T10:23:42,866|[TRACE] graph - -------> nonSkippedSpace
2021-11-19T10:23:42,866|[TRACE] script - #out(` `) [token]
2021-11-19T10:23:42,866|[TRACE] graph - <------- nonSkippedSpace
2021-11-19T10:23:42,866|[TRACE] graph - <----- statementPart
2021-11-19T10:23:42,866|[TRACE] graph - -----> statementPart
2021-11-19T10:23:42,866|[TRACE] graph - -------> nonSkippedChar
2021-11-19T10:23:42,866|[TRACE] script - #out(`D`) [token]
2021-11-19T10:23:42,866|[TRACE] graph - <------- nonSkippedChar
2021-11-19T10:23:42,866|[TRACE] graph - <----- statementPart
2021-11-19T10:23:42,866|[TRACE] graph - -----> statementPart
2021-11-19T10:23:42,866|[TRACE] graph - -------> nonSkippedChar
2021-11-19T10:23:42,866|[TRACE] script - #out(`E`) [token]
2021-11-19T10:23:42,866|[TRACE] graph - <------- nonSkippedChar
2021-11-19T10:23:42,866|[TRACE] graph - <----- statementPart
2021-11-19T10:23:42,866|[TRACE] graph - -----> statementPart
2021-11-19T10:23:42,866|[TRACE] graph - -------> nonSkippedChar
2021-11-19T10:23:42,866|[TRACE] script - #out(`F`) [token]
2021-11-19T10:23:42,866|[TRACE] graph - <------- nonSkippedChar
2021-11-19T10:23:42,866|[TRACE] graph - <----- statementPart
2021-11-19T10:23:42,866|[TRACE] graph - -----> statementPart
2021-11-19T10:23:42,866|[TRACE] graph - -------> nonSkippedChar
2021-11-19T10:23:42,866|[TRACE] script - #out(`A`) [token]
2021-11-19T10:23:42,866|[TRACE] graph - <------- nonSkippedChar
2021-11-19T10:23:42,866|[TRACE] graph - <----- statementPart
2021-11-19T10:23:42,866|[TRACE] graph - -----> statementPart
2021-11-19T10:23:42,866|[TRACE] graph - -------> nonSkippedChar
2021-11-19T10:23:42,866|[TRACE] script - #out(`U`) [token]
2021-11-19T10:23:42,866|[TRACE] graph - <------- nonSkippedChar
2021-11-19T10:23:42,866|[TRACE] graph - <----- statementPart
2021-11-19T10:23:42,866|[TRACE] graph - -----> statementPart
2021-11-19T10:23:42,866|[TRACE] graph - -------> nonSkippedChar
2021-11-19T10:23:42,866|[TRACE] script - #out(`L`) [token]
2021-11-19T10:23:42,866|[TRACE] graph - <------- nonSkippedChar
2021-11-19T10:23:42,866|[TRACE] graph - <----- statementPart
2021-11-19T10:23:42,866|[TRACE] graph - -----> statementPart
2021-11-19T10:23:42,866|[TRACE] graph - -------> nonSkippedChar
2021-11-19T10:23:42,866|[TRACE] script - #out(`T`) [token]
2021-11-19T10:23:42,866|[TRACE] graph - <------- nonSkippedChar
2021-11-19T10:23:42,866|[TRACE] graph - <----- statementPart
2021-11-19T10:23:42,866|[TRACE] graph - -----> statementPart
2021-11-19T10:23:42,866|[TRACE] graph - -------> nonSkippedSpace
2021-11-19T10:23:42,866|[TRACE] script - #out(` `) [token]
2021-11-19T10:23:42,866|[TRACE] graph - <------- nonSkippedSpace
2021-11-19T10:23:42,866|[TRACE] graph - <----- statementPart
2021-11-19T10:23:42,866|[TRACE] graph - -----> statementPart
2021-11-19T10:23:42,866|[TRACE] graph - -------> nonSkippedChar
2021-11-19T10:23:42,866|[TRACE] script - #out(`(`) [token]
2021-11-19T10:23:42,866|[TRACE] graph - <------- nonSkippedChar
2021-11-19T10:23:42,866|[TRACE] graph - <----- statementPart
2021-11-19T10:23:42,866|[TRACE] graph - -----> statementPart
2021-11-19T10:23:42,866|[TRACE] graph - -------> nonSkippedChar
2021-11-19T10:23:42,866|[TRACE] script - #out(`u`) [token]
2021-11-19T10:23:42,866|[TRACE] graph - <------- nonSkippedChar
2021-11-19T10:23:42,866|[TRACE] graph - <----- statementPart
2021-11-19T10:23:42,866|[TRACE] graph - -----> statementPart
2021-11-19T10:23:42,866|[TRACE] graph - -------> nonSkippedChar
2021-11-19T10:23:42,866|[TRACE] script - #out(`n`) [token]
2021-11-19T10:23:42,866|[TRACE] graph - <------- nonSkippedChar
2021-11-19T10:23:42,866|[TRACE] graph - <----- statementPart
2021-11-19T10:23:42,866|[TRACE] graph - -----> statementPart
2021-11-19T10:23:42,866|[TRACE] graph - -------> nonSkippedChar
2021-11-19T10:23:42,866|[TRACE] script - #out(`i`) [token]
2021-11-19T10:23:42,866|[TRACE] graph - <------- nonSkippedChar
2021-11-19T10:23:42,866|[TRACE] graph - <----- statementPart
2021-11-19T10:23:42,866|[TRACE] graph - -----> statementPart
2021-11-19T10:23:42,866|[TRACE] graph - -------> nonSkippedChar
2021-11-19T10:23:42,866|[TRACE] script - #out(`x`) [token]
2021-11-19T10:23:42,866|[TRACE] graph - <------- nonSkippedChar
2021-11-19T10:23:42,866|[TRACE] graph - <----- statementPart
2021-11-19T10:23:42,866|[TRACE] graph - -----> statementPart
2021-11-19T10:23:42,866|[TRACE] graph - -------> nonSkippedChar
2021-11-19T10:23:42,866|[TRACE] script - #out(`_`) [token]
2021-11-19T10:23:42,866|[TRACE] graph - <------- nonSkippedChar
2021-11-19T10:23:42,866|[TRACE] graph - <----- statementPart
2021-11-19T10:23:42,866|[TRACE] graph - -----> statementPart
2021-11-19T10:23:42,866|[TRACE] graph - -------> nonSkippedChar
2021-11-19T10:23:42,866|[TRACE] script - #out(`t`) [token]
2021-11-19T10:23:42,866|[TRACE] graph - <------- nonSkippedChar
2021-11-19T10:23:42,866|[TRACE] graph - <----- statementPart
2021-11-19T10:23:42,866|[TRACE] graph - -----> statementPart
2021-11-19T10:23:42,866|[TRACE] graph - -------> nonSkippedChar
2021-11-19T10:23:42,866|[TRACE] script - #out(`i`) [token]
2021-11-19T10:23:42,866|[TRACE] graph - <------- nonSkippedChar
2021-11-19T10:23:42,866|[TRACE] graph - <----- statementPart
2021-11-19T10:23:42,866|[TRACE] graph - -----> statementPart
2021-11-19T10:23:42,866|[TRACE] graph - -------> nonSkippedChar
2021-11-19T10:23:42,866|[TRACE] script - #out(`m`) [token]
2021-11-19T10:23:42,866|[TRACE] graph - <------- nonSkippedChar
2021-11-19T10:23:42,866|[TRACE] graph - <----- statementPart
2021-11-19T10:23:42,866|[TRACE] graph - -----> statementPart
2021-11-19T10:23:42,866|[TRACE] graph - -------> nonSkippedChar
2021-11-19T10:23:42,866|[TRACE] script - #out(`e`) [token]
2021-11-19T10:23:42,866|[TRACE] graph - <------- nonSkippedChar
2021-11-19T10:23:42,866|[TRACE] graph - <----- statementPart
2021-11-19T10:23:42,866|[TRACE] graph - -----> statementPart
2021-11-19T10:23:42,866|[TRACE] graph - -------> nonSkippedChar
2021-11-19T10:23:42,866|[TRACE] script - #out(`s`) [token]
2021-11-19T10:23:42,866|[TRACE] graph - <------- nonSkippedChar
2021-11-19T10:23:42,866|[TRACE] graph - <----- statementPart
2021-11-19T10:23:42,866|[TRACE] graph - -----> statementPart
2021-11-19T10:23:42,866|[TRACE] graph - -------> nonSkippedChar
2021-11-19T10:23:42,866|[TRACE] script - #out(`t`) [token]
2021-11-19T10:23:42,866|[TRACE] graph - <------- nonSkippedChar
2021-11-19T10:23:42,866|[TRACE] graph - <----- statementPart
2021-11-19T10:23:42,866|[TRACE] graph - -----> statementPart
2021-11-19T10:23:42,866|[TRACE] graph - -------> nonSkippedChar
2021-11-19T10:23:42,866|[TRACE] script - #out(`a`) [token]
2021-11-19T10:23:42,866|[TRACE] graph - <------- nonSkippedChar
2021-11-19T10:23:42,866|[TRACE] graph - <----- statementPart
2021-11-19T10:23:42,867|[TRACE] graph - -----> statementPart
2021-11-19T10:23:42,867|[TRACE] graph - -------> nonSkippedChar
2021-11-19T10:23:42,867|[TRACE] script - #out(`m`) [token]
2021-11-19T10:23:42,867|[TRACE] graph - <------- nonSkippedChar
2021-11-19T10:23:42,867|[TRACE] graph - <----- statementPart
2021-11-19T10:23:42,867|[TRACE] graph - -----> statementPart
2021-11-19T10:23:42,867|[TRACE] graph - -------> nonSkippedChar
2021-11-19T10:23:42,867|[TRACE] script - #out(`p`) [token]
2021-11-19T10:23:42,867|[TRACE] graph - <------- nonSkippedChar
2021-11-19T10:23:42,867|[TRACE] graph - <----- statementPart
2021-11-19T10:23:42,867|[TRACE] graph - -----> statementPart
2021-11-19T10:23:42,867|[TRACE] graph - -------> nonSkippedChar
2021-11-19T10:23:42,867|[TRACE] script - #out(`(`) [token]
2021-11-19T10:23:42,867|[TRACE] graph - <------- nonSkippedChar
2021-11-19T10:23:42,867|[TRACE] graph - <----- statementPart
2021-11-19T10:23:42,867|[TRACE] graph - -----> statementPart
2021-11-19T10:23:42,867|[TRACE] graph - -------> nonSkippedChar
2021-11-19T10:23:42,867|[TRACE] script - #out(`n`) [token]
2021-11-19T10:23:42,867|[TRACE] graph - <------- nonSkippedChar
2021-11-19T10:23:42,867|[TRACE] graph - <----- statementPart
2021-11-19T10:23:42,867|[TRACE] graph - -----> statementPart
2021-11-19T10:23:42,867|[TRACE] graph - -------> nonSkippedChar
2021-11-19T10:23:42,867|[TRACE] script - #out(`o`) [token]
2021-11-19T10:23:42,867|[TRACE] graph - <------- nonSkippedChar
2021-11-19T10:23:42,867|[TRACE] graph - <----- statementPart
2021-11-19T10:23:42,867|[TRACE] graph - -----> statementPart
2021-11-19T10:23:42,867|[TRACE] graph - -------> nonSkippedChar
2021-11-19T10:23:42,867|[TRACE] script - #out(`w`) [token]
2021-11-19T10:23:42,867|[TRACE] graph - <------- nonSkippedChar
2021-11-19T10:23:42,867|[TRACE] graph - <----- statementPart
2021-11-19T10:23:42,867|[TRACE] graph - -----> statementPart
2021-11-19T10:23:42,867|[TRACE] graph - -------> nonSkippedChar
2021-11-19T10:23:42,867|[TRACE] script - #out(`(`) [token]
2021-11-19T10:23:42,867|[TRACE] graph - <------- nonSkippedChar
2021-11-19T10:23:42,867|[TRACE] graph - <----- statementPart
2021-11-19T10:23:42,867|[TRACE] graph - -----> statementPart
2021-11-19T10:23:42,867|[TRACE] graph - -------> nonSkippedChar
2021-11-19T10:23:42,867|[TRACE] script - #out(`)`) [token]
2021-11-19T10:23:42,867|[TRACE] graph - <------- nonSkippedChar
2021-11-19T10:23:42,867|[TRACE] graph - <----- statementPart
2021-11-19T10:23:42,867|[TRACE] graph - -----> statementPart
2021-11-19T10:23:42,867|[TRACE] graph - -------> nonSkippedChar
2021-11-19T10:23:42,867|[TRACE] script - #out(`)`) [token]
2021-11-19T10:23:42,867|[TRACE] graph - <------- nonSkippedChar
2021-11-19T10:23:42,867|[TRACE] graph - <----- statementPart
2021-11-19T10:23:42,867|[TRACE] graph - -----> statementPart
2021-11-19T10:23:42,867|[TRACE] graph - -------> nonSkippedSpace
2021-11-19T10:23:42,867|[TRACE] script - #out(` `) [token]
2021-11-19T10:23:42,867|[TRACE] graph - <------- nonSkippedSpace
2021-11-19T10:23:42,867|[TRACE] graph - <----- statementPart
2021-11-19T10:23:42,867|[TRACE] graph - -----> statementPart
2021-11-19T10:23:42,867|[TRACE] graph - -------> nonSkippedChar
2021-11-19T10:23:42,867|[TRACE] script - #out(`*`) [token]
2021-11-19T10:23:42,867|[TRACE] graph - <------- nonSkippedChar
2021-11-19T10:23:42,867|[TRACE] graph - <----- statementPart
2021-11-19T10:23:42,867|[TRACE] graph - -----> statementPart
2021-11-19T10:23:42,867|[TRACE] graph - -------> nonSkippedSpace
2021-11-19T10:23:42,867|[TRACE] script - #out(` `) [token]
2021-11-19T10:23:42,867|[TRACE] graph - <------- nonSkippedSpace
2021-11-19T10:23:42,867|[TRACE] graph - <----- statementPart
2021-11-19T10:23:42,867|[TRACE] graph - -----> statementPart
2021-11-19T10:23:42,867|[TRACE] graph - -------> nonSkippedChar
2021-11-19T10:23:42,867|[TRACE] script - #out(`1`) [token]
2021-11-19T10:23:42,867|[TRACE] graph - <------- nonSkippedChar
2021-11-19T10:23:42,867|[TRACE] graph - <----- statementPart
2021-11-19T10:23:42,867|[TRACE] graph - -----> statementPart
2021-11-19T10:23:42,867|[TRACE] graph - -------> nonSkippedChar
2021-11-19T10:23:42,867|[TRACE] script - #out(`0`) [token]
2021-11-19T10:23:42,867|[TRACE] graph - <------- nonSkippedChar
2021-11-19T10:23:42,867|[TRACE] graph - <----- statementPart
2021-11-19T10:23:42,867|[TRACE] graph - -----> statementPart
2021-11-19T10:23:42,867|[TRACE] graph - -------> nonSkippedChar
2021-11-19T10:23:42,867|[TRACE] script - #out(`0`) [token]
2021-11-19T10:23:42,867|[TRACE] graph - <------- nonSkippedChar
2021-11-19T10:23:42,867|[TRACE] graph - <----- statementPart
2021-11-19T10:23:42,867|[TRACE] graph - -----> statementPart
2021-11-19T10:23:42,867|[TRACE] graph - -------> nonSkippedChar
2021-11-19T10:23:42,867|[TRACE] script - #out(`0`) [token]
2021-11-19T10:23:42,867|[TRACE] graph - <------- nonSkippedChar
2021-11-19T10:23:42,867|[TRACE] graph - <----- statementPart
2021-11-19T10:23:42,867|[TRACE] graph - -----> statementPart
2021-11-19T10:23:42,867|[TRACE] graph - -------> nonSkippedChar
2021-11-19T10:23:42,867|[TRACE] script - #out(`)`) [token]
2021-11-19T10:23:42,867|[TRACE] graph - <------- nonSkippedChar
2021-11-19T10:23:42,867|[TRACE] graph - <----- statementPart
2021-11-19T10:23:42,867|[TRACE] graph - -----> statementPart
2021-11-19T10:23:42,867|[TRACE] graph - -------> nonSkippedChar
2021-11-19T10:23:42,867|[TRACE] script - #out(`,`) [token]
2021-11-19T10:23:42,867|[TRACE] graph - <------- nonSkippedChar
2021-11-19T10:23:42,867|[TRACE] graph - <----- statementPart
2021-11-19T10:23:42,867|[TRACE] graph - -----> afterStatementPartNewline
2021-11-19T10:23:42,867|[TRACE] script - #out(` `) [text]
2021-11-19T10:23:42,867|[TRACE] graph - <----- afterStatementPartNewline
2021-11-19T10:23:42,867|[TRACE] graph - -----> statementPart
2021-11-19T10:23:42,867|[TRACE] graph - -------> nonSkippedSpace
2021-11-19T10:23:42,867|[TRACE] script - #out(` `) [token]
2021-11-19T10:23:42,867|[TRACE] graph - <------- nonSkippedSpace
2021-11-19T10:23:42,867|[TRACE] graph - <----- statementPart
2021-11-19T10:23:42,867|[TRACE] graph - -----> statementPart
2021-11-19T10:23:42,867|[TRACE] graph - -------> nonSkippedSpace
2021-11-19T10:23:42,867|[TRACE] script - #out(` `) [token]
2021-11-19T10:23:42,867|[TRACE] graph - <------- nonSkippedSpace
2021-11-19T10:23:42,867|[TRACE] graph - <----- statementPart
2021-11-19T10:23:42,867|[TRACE] graph - -----> statementPart
2021-11-19T10:23:42,867|[TRACE] graph - -------> quotedString
2021-11-19T10:23:42,867|[TRACE] script - #out(``updated``) [token]
2021-11-19T10:23:42,867|[TRACE] graph - <------- quotedString
2021-11-19T10:23:42,867|[TRACE] graph - <----- statementPart
2021-11-19T10:23:42,867|[TRACE] graph - -----> statementPart
2021-11-19T10:23:42,867|[TRACE] graph - -------> nonSkippedSpace
2021-11-19T10:23:42,867|[TRACE] script - #out(` `) [token]
2021-11-19T10:23:42,867|[TRACE] graph - <------- nonSkippedSpace
2021-11-19T10:23:42,867|[TRACE] graph - <----- statementPart
2021-11-19T10:23:42,867|[TRACE] graph - -----> statementPart
2021-11-19T10:23:42,867|[TRACE] graph - -------> nonSkippedChar
2021-11-19T10:23:42,867|[TRACE] script - #out(`B`) [token]
2021-11-19T10:23:42,867|[TRACE] graph - <------- nonSkippedChar
2021-11-19T10:23:42,867|[TRACE] graph - <----- statementPart
2021-11-19T10:23:42,867|[TRACE] graph - -----> statementPart
2021-11-19T10:23:42,867|[TRACE] graph - -------> nonSkippedChar
2021-11-19T10:23:42,867|[TRACE] script - #out(`I`) [token]
2021-11-19T10:23:42,867|[TRACE] graph - <------- nonSkippedChar
2021-11-19T10:23:42,867|[TRACE] graph - <----- statementPart
2021-11-19T10:23:42,867|[TRACE] graph - -----> statementPart
2021-11-19T10:23:42,867|[TRACE] graph - -------> nonSkippedChar
2021-11-19T10:23:42,867|[TRACE] script - #out(`G`) [token]
2021-11-19T10:23:42,867|[TRACE] graph - <------- nonSkippedChar
2021-11-19T10:23:42,867|[TRACE] graph - <----- statementPart
2021-11-19T10:23:42,867|[TRACE] graph - -----> statementPart
2021-11-19T10:23:42,867|[TRACE] graph - -------> nonSkippedChar
2021-11-19T10:23:42,867|[TRACE] script - #out(`I`) [token]
2021-11-19T10:23:42,867|[TRACE] graph - <------- nonSkippedChar
2021-11-19T10:23:42,867|[TRACE] graph - <----- statementPart
2021-11-19T10:23:42,867|[TRACE] graph - -----> statementPart
2021-11-19T10:23:42,867|[TRACE] graph - -------> nonSkippedChar
2021-11-19T10:23:42,867|[TRACE] script - #out(`N`) [token]
2021-11-19T10:23:42,867|[TRACE] graph - <------- nonSkippedChar
2021-11-19T10:23:42,867|[TRACE] graph - <----- statementPart
2021-11-19T10:23:42,867|[TRACE] graph - -----> statementPart
2021-11-19T10:23:42,867|[TRACE] graph - -------> nonSkippedChar
2021-11-19T10:23:42,867|[TRACE] script - #out(`T`) [token]
2021-11-19T10:23:42,867|[TRACE] graph - <------- nonSkippedChar
2021-11-19T10:23:42,867|[TRACE] graph - <----- statementPart
2021-11-19T10:23:42,867|[TRACE] graph - -----> statementPart
2021-11-19T10:23:42,867|[TRACE] graph - -------> nonSkippedSpace
2021-11-19T10:23:42,867|[TRACE] script - #out(` `) [token]
2021-11-19T10:23:42,867|[TRACE] graph - <------- nonSkippedSpace
2021-11-19T10:23:42,867|[TRACE] graph - <----- statementPart
2021-11-19T10:23:42,867|[TRACE] graph - -----> statementPart
2021-11-19T10:23:42,867|[TRACE] graph - -------> nonSkippedChar
2021-11-19T10:23:42,867|[TRACE] script - #out(`N`) [token]
2021-11-19T10:23:42,867|[TRACE] graph - <------- nonSkippedChar
2021-11-19T10:23:42,867|[TRACE] graph - <----- statementPart
2021-11-19T10:23:42,867|[TRACE] graph - -----> statementPart
2021-11-19T10:23:42,867|[TRACE] graph - -------> nonSkippedChar
2021-11-19T10:23:42,867|[TRACE] script - #out(`O`) [token]
2021-11-19T10:23:42,867|[TRACE] graph - <------- nonSkippedChar
2021-11-19T10:23:42,867|[TRACE] graph - <----- statementPart
2021-11-19T10:23:42,867|[TRACE] graph - -----> statementPart
2021-11-19T10:23:42,867|[TRACE] graph - -------> nonSkippedChar
2021-11-19T10:23:42,867|[TRACE] script - #out(`T`) [token]
2021-11-19T10:23:42,867|[TRACE] graph - <------- nonSkippedChar
2021-11-19T10:23:42,867|[TRACE] graph - <----- statementPart
2021-11-19T10:23:42,867|[TRACE] graph - -----> statementPart
2021-11-19T10:23:42,867|[TRACE] graph - -------> nonSkippedSpace
2021-11-19T10:23:42,867|[TRACE] script - #out(` `) [token]
2021-11-19T10:23:42,867|[TRACE] graph - <------- nonSkippedSpace
2021-11-19T10:23:42,867|[TRACE] graph - <----- statementPart
2021-11-19T10:23:42,867|[TRACE] graph - -----> statementPart
2021-11-19T10:23:42,867|[TRACE] graph - -------> nonSkippedChar
2021-11-19T10:23:42,867|[TRACE] script - #out(`N`) [token]
2021-11-19T10:23:42,867|[TRACE] graph - <------- nonSkippedChar
2021-11-19T10:23:42,867|[TRACE] graph - <----- statementPart
2021-11-19T10:23:42,867|[TRACE] graph - -----> statementPart
2021-11-19T10:23:42,867|[TRACE] graph - -------> nonSkippedChar
2021-11-19T10:23:42,867|[TRACE] script - #out(`U`) [token]
2021-11-19T10:23:42,868|[TRACE] graph - <------- nonSkippedChar
2021-11-19T10:23:42,868|[TRACE] graph - <----- statementPart
2021-11-19T10:23:42,868|[TRACE] graph - -----> statementPart
2021-11-19T10:23:42,868|[TRACE] graph - -------> nonSkippedChar
2021-11-19T10:23:42,868|[TRACE] script - #out(`L`) [token]
2021-11-19T10:23:42,868|[TRACE] graph - <------- nonSkippedChar
2021-11-19T10:23:42,868|[TRACE] graph - <----- statementPart
2021-11-19T10:23:42,868|[TRACE] graph - -----> statementPart
2021-11-19T10:23:42,868|[TRACE] graph - -------> nonSkippedChar
2021-11-19T10:23:42,868|[TRACE] script - #out(`L`) [token]
2021-11-19T10:23:42,868|[TRACE] graph - <------- nonSkippedChar
2021-11-19T10:23:42,868|[TRACE] graph - <----- statementPart
2021-11-19T10:23:42,868|[TRACE] graph - -----> statementPart
2021-11-19T10:23:42,868|[TRACE] graph - -------> nonSkippedSpace
2021-11-19T10:23:42,868|[TRACE] script - #out(` `) [token]
2021-11-19T10:23:42,868|[TRACE] graph - <------- nonSkippedSpace
2021-11-19T10:23:42,868|[TRACE] graph - <----- statementPart
2021-11-19T10:23:42,868|[TRACE] graph - -----> statementPart
2021-11-19T10:23:42,868|[TRACE] graph - -------> nonSkippedChar
2021-11-19T10:23:42,868|[TRACE] script - #out(`D`) [token]
2021-11-19T10:23:42,868|[TRACE] graph - <------- nonSkippedChar
2021-11-19T10:23:42,868|[TRACE] graph - <----- statementPart
2021-11-19T10:23:42,868|[TRACE] graph - -----> statementPart
2021-11-19T10:23:42,868|[TRACE] graph - -------> nonSkippedChar
2021-11-19T10:23:42,868|[TRACE] script - #out(`E`) [token]
2021-11-19T10:23:42,868|[TRACE] graph - <------- nonSkippedChar
2021-11-19T10:23:42,868|[TRACE] graph - <----- statementPart
2021-11-19T10:23:42,868|[TRACE] graph - -----> statementPart
2021-11-19T10:23:42,868|[TRACE] graph - -------> nonSkippedChar
2021-11-19T10:23:42,868|[TRACE] script - #out(`F`) [token]
2021-11-19T10:23:42,868|[TRACE] graph - <------- nonSkippedChar
2021-11-19T10:23:42,868|[TRACE] graph - <----- statementPart
2021-11-19T10:23:42,868|[TRACE] graph - -----> statementPart
2021-11-19T10:23:42,868|[TRACE] graph - -------> nonSkippedChar
2021-11-19T10:23:42,868|[TRACE] script - #out(`A`) [token]
2021-11-19T10:23:42,868|[TRACE] graph - <------- nonSkippedChar
2021-11-19T10:23:42,868|[TRACE] graph - <----- statementPart
2021-11-19T10:23:42,868|[TRACE] graph - -----> statementPart
2021-11-19T10:23:42,868|[TRACE] graph - -------> nonSkippedChar
2021-11-19T10:23:42,868|[TRACE] script - #out(`U`) [token]
2021-11-19T10:23:42,868|[TRACE] graph - <------- nonSkippedChar
2021-11-19T10:23:42,868|[TRACE] graph - <----- statementPart
2021-11-19T10:23:42,868|[TRACE] graph - -----> statementPart
2021-11-19T10:23:42,868|[TRACE] graph - -------> nonSkippedChar
2021-11-19T10:23:42,868|[TRACE] script - #out(`L`) [token]
2021-11-19T10:23:42,868|[TRACE] graph - <------- nonSkippedChar
2021-11-19T10:23:42,868|[TRACE] graph - <----- statementPart
2021-11-19T10:23:42,868|[TRACE] graph - -----> statementPart
2021-11-19T10:23:42,868|[TRACE] graph - -------> nonSkippedChar
2021-11-19T10:23:42,868|[TRACE] script - #out(`T`) [token]
2021-11-19T10:23:42,868|[TRACE] graph - <------- nonSkippedChar
2021-11-19T10:23:42,868|[TRACE] graph - <----- statementPart
2021-11-19T10:23:42,868|[TRACE] graph - -----> statementPart
2021-11-19T10:23:42,868|[TRACE] graph - -------> nonSkippedSpace
2021-11-19T10:23:42,868|[TRACE] script - #out(` `) [token]
2021-11-19T10:23:42,868|[TRACE] graph - <------- nonSkippedSpace
2021-11-19T10:23:42,868|[TRACE] graph - <----- statementPart
2021-11-19T10:23:42,868|[TRACE] graph - -----> statementPart
2021-11-19T10:23:42,868|[TRACE] graph - -------> nonSkippedChar
2021-11-19T10:23:42,868|[TRACE] script - #out(`(`) [token]
2021-11-19T10:23:42,868|[TRACE] graph - <------- nonSkippedChar
2021-11-19T10:23:42,868|[TRACE] graph - <----- statementPart
2021-11-19T10:23:42,868|[TRACE] graph - -----> statementPart
2021-11-19T10:23:42,868|[TRACE] graph - -------> nonSkippedChar
2021-11-19T10:23:42,868|[TRACE] script - #out(`u`) [token]
2021-11-19T10:23:42,868|[TRACE] graph - <------- nonSkippedChar
2021-11-19T10:23:42,868|[TRACE] graph - <----- statementPart
2021-11-19T10:23:42,868|[TRACE] graph - -----> statementPart
2021-11-19T10:23:42,868|[TRACE] graph - -------> nonSkippedChar
2021-11-19T10:23:42,868|[TRACE] script - #out(`n`) [token]
2021-11-19T10:23:42,868|[TRACE] graph - <------- nonSkippedChar
2021-11-19T10:23:42,868|[TRACE] graph - <----- statementPart
2021-11-19T10:23:42,868|[TRACE] graph - -----> statementPart
2021-11-19T10:23:42,868|[TRACE] graph - -------> nonSkippedChar
2021-11-19T10:23:42,868|[TRACE] script - #out(`i`) [token]
2021-11-19T10:23:42,868|[TRACE] graph - <------- nonSkippedChar
2021-11-19T10:23:42,868|[TRACE] graph - <----- statementPart
2021-11-19T10:23:42,868|[TRACE] graph - -----> statementPart
2021-11-19T10:23:42,868|[TRACE] graph - -------> nonSkippedChar
2021-11-19T10:23:42,868|[TRACE] script - #out(`x`) [token]
2021-11-19T10:23:42,868|[TRACE] graph - <------- nonSkippedChar
2021-11-19T10:23:42,868|[TRACE] graph - <----- statementPart
2021-11-19T10:23:42,868|[TRACE] graph - -----> statementPart
2021-11-19T10:23:42,868|[TRACE] graph - -------> nonSkippedChar
2021-11-19T10:23:42,868|[TRACE] script - #out(`_`) [token]
2021-11-19T10:23:42,868|[TRACE] graph - <------- nonSkippedChar
2021-11-19T10:23:42,868|[TRACE] graph - <----- statementPart
2021-11-19T10:23:42,868|[TRACE] graph - -----> statementPart
2021-11-19T10:23:42,868|[TRACE] graph - -------> nonSkippedChar
2021-11-19T10:23:42,868|[TRACE] script - #out(`t`) [token]
2021-11-19T10:23:42,868|[TRACE] graph - <------- nonSkippedChar
2021-11-19T10:23:42,868|[TRACE] graph - <----- statementPart
2021-11-19T10:23:42,868|[TRACE] graph - -----> statementPart
2021-11-19T10:23:42,868|[TRACE] graph - -------> nonSkippedChar
2021-11-19T10:23:42,868|[TRACE] script - #out(`i`) [token]
2021-11-19T10:23:42,868|[TRACE] graph - <------- nonSkippedChar
2021-11-19T10:23:42,868|[TRACE] graph - <----- statementPart
2021-11-19T10:23:42,868|[TRACE] graph - -----> statementPart
2021-11-19T10:23:42,868|[TRACE] graph - -------> nonSkippedChar
2021-11-19T10:23:42,868|[TRACE] script - #out(`m`) [token]
2021-11-19T10:23:42,868|[TRACE] graph - <------- nonSkippedChar
2021-11-19T10:23:42,868|[TRACE] graph - <----- statementPart
2021-11-19T10:23:42,868|[TRACE] graph - -----> statementPart
2021-11-19T10:23:42,868|[TRACE] graph - -------> nonSkippedChar
2021-11-19T10:23:42,868|[TRACE] script - #out(`e`) [token]
2021-11-19T10:23:42,868|[TRACE] graph - <------- nonSkippedChar
2021-11-19T10:23:42,868|[TRACE] graph - <----- statementPart
2021-11-19T10:23:42,868|[TRACE] graph - -----> statementPart
2021-11-19T10:23:42,868|[TRACE] graph - -------> nonSkippedChar
2021-11-19T10:23:42,868|[TRACE] script - #out(`s`) [token]
2021-11-19T10:23:42,868|[TRACE] graph - <------- nonSkippedChar
2021-11-19T10:23:42,868|[TRACE] graph - <----- statementPart
2021-11-19T10:23:42,868|[TRACE] graph - -----> statementPart
2021-11-19T10:23:42,868|[TRACE] graph - -------> nonSkippedChar
2021-11-19T10:23:42,868|[TRACE] script - #out(`t`) [token]
2021-11-19T10:23:42,868|[TRACE] graph - <------- nonSkippedChar
2021-11-19T10:23:42,868|[TRACE] graph - <----- statementPart
2021-11-19T10:23:42,868|[TRACE] graph - -----> statementPart
2021-11-19T10:23:42,868|[TRACE] graph - -------> nonSkippedChar
2021-11-19T10:23:42,868|[TRACE] script - #out(`a`) [token]
2021-11-19T10:23:42,868|[TRACE] graph - <------- nonSkippedChar
2021-11-19T10:23:42,868|[TRACE] graph - <----- statementPart
2021-11-19T10:23:42,868|[TRACE] graph - -----> statementPart
2021-11-19T10:23:42,868|[TRACE] graph - -------> nonSkippedChar
2021-11-19T10:23:42,868|[TRACE] script - #out(`m`) [token]
2021-11-19T10:23:42,868|[TRACE] graph - <------- nonSkippedChar
2021-11-19T10:23:42,868|[TRACE] graph - <----- statementPart
2021-11-19T10:23:42,868|[TRACE] graph - -----> statementPart
2021-11-19T10:23:42,868|[TRACE] graph - -------> nonSkippedChar
2021-11-19T10:23:42,868|[TRACE] script - #out(`p`) [token]
2021-11-19T10:23:42,868|[TRACE] graph - <------- nonSkippedChar
2021-11-19T10:23:42,868|[TRACE] graph - <----- statementPart
2021-11-19T10:23:42,868|[TRACE] graph - -----> statementPart
2021-11-19T10:23:42,868|[TRACE] graph - -------> nonSkippedChar
2021-11-19T10:23:42,868|[TRACE] script - #out(`(`) [token]
2021-11-19T10:23:42,869|[TRACE] graph - <------- nonSkippedChar
2021-11-19T10:23:42,869|[TRACE] graph - <----- statementPart
2021-11-19T10:23:42,869|[TRACE] graph - -----> statementPart
2021-11-19T10:23:42,869|[TRACE] graph - -------> nonSkippedChar
2021-11-19T10:23:42,869|[TRACE] script - #out(`n`) [token]
2021-11-19T10:23:42,869|[TRACE] graph - <------- nonSkippedChar
2021-11-19T10:23:42,869|[TRACE] graph - <----- statementPart
2021-11-19T10:23:42,869|[TRACE] graph - -----> statementPart
2021-11-19T10:23:42,869|[TRACE] graph - -------> nonSkippedChar
2021-11-19T10:23:42,869|[TRACE] script - #out(`o`) [token]
2021-11-19T10:23:42,869|[TRACE] graph - <------- nonSkippedChar
2021-11-19T10:23:42,869|[TRACE] graph - <----- statementPart
2021-11-19T10:23:42,869|[TRACE] graph - -----> statementPart
2021-11-19T10:23:42,869|[TRACE] graph - -------> nonSkippedChar
2021-11-19T10:23:42,933|[TRACE] script - #out(`w`) [token]
2021-11-19T10:23:42,933|[TRACE] graph - <------- nonSkippedChar
2021-11-19T10:23:42,933|[TRACE] graph - <----- statementPart
2021-11-19T10:23:42,933|[TRACE] graph - -----> statementPart
2021-11-19T10:23:42,933|[TRACE] graph - -------> nonSkippedChar
2021-11-19T10:23:42,933|[TRACE] script - #out(`(`) [token]
2021-11-19T10:23:42,933|[TRACE] graph - <------- nonSkippedChar
2021-11-19T10:23:42,933|[TRACE] graph - <----- statementPart
2021-11-19T10:23:42,933|[TRACE] graph - -----> statementPart
2021-11-19T10:23:42,933|[TRACE] graph - -------> nonSkippedChar
2021-11-19T10:23:42,933|[TRACE] script - #out(`)`) [token]
2021-11-19T10:23:42,933|[TRACE] graph - <------- nonSkippedChar
2021-11-19T10:23:42,933|[TRACE] graph - <----- statementPart
2021-11-19T10:23:42,933|[TRACE] graph - -----> statementPart
2021-11-19T10:23:42,933|[TRACE] graph - -------> nonSkippedChar
2021-11-19T10:23:42,933|[TRACE] script - #out(`)`) [token]
2021-11-19T10:23:42,933|[TRACE] graph - <------- nonSkippedChar
2021-11-19T10:23:42,933|[TRACE] graph - <----- statementPart
2021-11-19T10:23:42,933|[TRACE] graph - -----> statementPart
2021-11-19T10:23:42,933|[TRACE] graph - -------> nonSkippedSpace
2021-11-19T10:23:42,933|[TRACE] script - #out(` `) [token]
2021-11-19T10:23:42,933|[TRACE] graph - <------- nonSkippedSpace
2021-11-19T10:23:42,933|[TRACE] graph - <----- statementPart
2021-11-19T10:23:42,933|[TRACE] graph - -----> statementPart
2021-11-19T10:23:42,933|[TRACE] graph - -------> nonSkippedChar
2021-11-19T10:23:42,933|[TRACE] script - #out(`*`) [token]
2021-11-19T10:23:42,933|[TRACE] graph - <------- nonSkippedChar
2021-11-19T10:23:42,933|[TRACE] graph - <----- statementPart
2021-11-19T10:23:42,933|[TRACE] graph - -----> statementPart
2021-11-19T10:23:42,933|[TRACE] graph - -------> nonSkippedSpace
2021-11-19T10:23:42,933|[TRACE] script - #out(` `) [token]
2021-11-19T10:23:42,933|[TRACE] graph - <------- nonSkippedSpace
2021-11-19T10:23:42,933|[TRACE] graph - <----- statementPart
2021-11-19T10:23:42,933|[TRACE] graph - -----> statementPart
2021-11-19T10:23:42,933|[TRACE] graph - -------> nonSkippedChar
2021-11-19T10:23:42,933|[TRACE] script - #out(`1`) [token]
2021-11-19T10:23:42,933|[TRACE] graph - <------- nonSkippedChar
2021-11-19T10:23:42,933|[TRACE] graph - <----- statementPart
2021-11-19T10:23:42,933|[TRACE] graph - -----> statementPart
2021-11-19T10:23:42,933|[TRACE] graph - -------> nonSkippedChar
2021-11-19T10:23:42,933|[TRACE] script - #out(`0`) [token]
2021-11-19T10:23:42,933|[TRACE] graph - <------- nonSkippedChar
2021-11-19T10:23:42,933|[TRACE] graph - <----- statementPart
2021-11-19T10:23:42,933|[TRACE] graph - -----> statementPart
2021-11-19T10:23:42,933|[TRACE] graph - -------> nonSkippedChar
2021-11-19T10:23:42,933|[TRACE] script - #out(`0`) [token]
2021-11-19T10:23:42,933|[TRACE] graph - <------- nonSkippedChar
2021-11-19T10:23:42,933|[TRACE] graph - <----- statementPart
2021-11-19T10:23:42,933|[TRACE] graph - -----> statementPart
2021-11-19T10:23:42,933|[TRACE] graph - -------> nonSkippedChar
2021-11-19T10:23:42,933|[TRACE] script - #out(`0`) [token]
2021-11-19T10:23:42,933|[TRACE] graph - <------- nonSkippedChar
2021-11-19T10:23:42,933|[TRACE] graph - <----- statementPart
2021-11-19T10:23:42,933|[TRACE] graph - -----> statementPart
2021-11-19T10:23:42,933|[TRACE] graph - -------> nonSkippedChar
2021-11-19T10:23:42,933|[TRACE] script - #out(`)`) [token]
2021-11-19T10:23:42,933|[TRACE] graph - <------- nonSkippedChar
2021-11-19T10:23:42,933|[TRACE] graph - <----- statementPart
2021-11-19T10:23:42,933|[TRACE] graph - -----> statementPart
2021-11-19T10:23:42,933|[TRACE] graph - -------> nonSkippedChar
2021-11-19T10:23:42,933|[TRACE] script - #out(`,`) [token]
2021-11-19T10:23:42,933|[TRACE] graph - <------- nonSkippedChar
2021-11-19T10:23:42,933|[TRACE] graph - <----- statementPart
2021-11-19T10:23:42,933|[TRACE] graph - -----> afterStatementPartNewline
2021-11-19T10:23:42,933|[TRACE] script - #out(` `) [text]
2021-11-19T10:23:42,933|[TRACE] graph - <----- afterStatementPartNewline
2021-11-19T10:23:42,933|[TRACE] graph - -----> statementPart
2021-11-19T10:23:42,933|[TRACE] graph - -------> nonSkippedSpace
2021-11-19T10:23:42,933|[TRACE] script - #out(` `) [token]
2021-11-19T10:23:42,933|[TRACE] graph - <------- nonSkippedSpace
2021-11-19T10:23:42,933|[TRACE] graph - <----- statementPart
2021-11-19T10:23:42,933|[TRACE] graph - -----> statementPart
2021-11-19T10:23:42,933|[TRACE] graph - -------> nonSkippedSpace
2021-11-19T10:23:42,933|[TRACE] script - #out(` `) [token]
2021-11-19T10:23:42,933|[TRACE] graph - <------- nonSkippedSpace
2021-11-19T10:23:42,933|[TRACE] graph - <----- statementPart
2021-11-19T10:23:42,933|[TRACE] graph - -----> statementPart
2021-11-19T10:23:42,933|[TRACE] graph - -------> quotedString
2021-11-19T10:23:42,933|[TRACE] script - #out(``version``) [token]
2021-11-19T10:23:42,933|[TRACE] graph - <------- quotedString
2021-11-19T10:23:42,933|[TRACE] graph - <----- statementPart
2021-11-19T10:23:42,933|[TRACE] graph - -----> statementPart
2021-11-19T10:23:42,933|[TRACE] graph - -------> nonSkippedSpace
2021-11-19T10:23:42,933|[TRACE] script - #out(` `) [token]
2021-11-19T10:23:42,933|[TRACE] graph - <------- nonSkippedSpace
2021-11-19T10:23:42,933|[TRACE] graph - <----- statementPart
2021-11-19T10:23:42,933|[TRACE] graph - -----> statementPart
2021-11-19T10:23:42,933|[TRACE] graph - -------> nonSkippedChar
2021-11-19T10:23:42,933|[TRACE] script - #out(`I`) [token]
2021-11-19T10:23:42,933|[TRACE] graph - <------- nonSkippedChar
2021-11-19T10:23:42,933|[TRACE] graph - <----- statementPart
2021-11-19T10:23:42,933|[TRACE] graph - -----> statementPart
2021-11-19T10:23:42,933|[TRACE] graph - -------> nonSkippedChar
2021-11-19T10:23:42,933|[TRACE] script - #out(`N`) [token]
2021-11-19T10:23:42,933|[TRACE] graph - <------- nonSkippedChar
2021-11-19T10:23:42,933|[TRACE] graph - <----- statementPart
2021-11-19T10:23:42,933|[TRACE] graph - -----> statementPart
2021-11-19T10:23:42,933|[TRACE] graph - -------> nonSkippedChar
2021-11-19T10:23:42,933|[TRACE] script - #out(`T`) [token]
2021-11-19T10:23:42,933|[TRACE] graph - <------- nonSkippedChar
2021-11-19T10:23:42,933|[TRACE] graph - <----- statementPart
2021-11-19T10:23:42,934|[TRACE] graph - -----> statementPart
2021-11-19T10:23:42,934|[TRACE] graph - -------> nonSkippedSpace
2021-11-19T10:23:42,934|[TRACE] script - #out(` `) [token]
2021-11-19T10:23:42,934|[TRACE] graph - <------- nonSkippedSpace
2021-11-19T10:23:42,934|[TRACE] graph - <----- statementPart
2021-11-19T10:23:42,934|[TRACE] graph - -----> statementPart
2021-11-19T10:23:42,934|[TRACE] graph - -------> nonSkippedChar
2021-11-19T10:23:42,934|[TRACE] script - #out(`N`) [token]
2021-11-19T10:23:42,934|[TRACE] graph - <------- nonSkippedChar
2021-11-19T10:23:42,934|[TRACE] graph - <----- statementPart
2021-11-19T10:23:42,934|[TRACE] graph - -----> statementPart
2021-11-19T10:23:42,934|[TRACE] graph - -------> nonSkippedChar
2021-11-19T10:23:42,934|[TRACE] script - #out(`O`) [token]
2021-11-19T10:23:42,934|[TRACE] graph - <------- nonSkippedChar
2021-11-19T10:23:42,934|[TRACE] graph - <----- statementPart
2021-11-19T10:23:42,934|[TRACE] graph - -----> statementPart
2021-11-19T10:23:42,934|[TRACE] graph - -------> nonSkippedChar
2021-11-19T10:23:42,934|[TRACE] script - #out(`T`) [token]
2021-11-19T10:23:42,934|[TRACE] graph - <------- nonSkippedChar
2021-11-19T10:23:42,934|[TRACE] graph - <----- statementPart
2021-11-19T10:23:42,934|[TRACE] graph - -----> statementPart
2021-11-19T10:23:42,934|[TRACE] graph - -------> nonSkippedSpace
2021-11-19T10:23:42,934|[TRACE] script - #out(` `) [token]
2021-11-19T10:23:42,934|[TRACE] graph - <------- nonSkippedSpace
2021-11-19T10:23:42,934|[TRACE] graph - <----- statementPart
2021-11-19T10:23:42,934|[TRACE] graph - -----> statementPart
2021-11-19T10:23:42,934|[TRACE] graph - -------> nonSkippedChar
2021-11-19T10:23:42,934|[TRACE] script - #out(`N`) [token]
2021-11-19T10:23:42,934|[TRACE] graph - <------- nonSkippedChar
2021-11-19T10:23:42,934|[TRACE] graph - <----- statementPart
2021-11-19T10:23:42,934|[TRACE] graph - -----> statementPart
2021-11-19T10:23:42,934|[TRACE] graph - -------> nonSkippedChar
2021-11-19T10:23:42,934|[TRACE] script - #out(`U`) [token]
2021-11-19T10:23:42,934|[TRACE] graph - <------- nonSkippedChar
2021-11-19T10:23:42,934|[TRACE] graph - <----- statementPart
2021-11-19T10:23:42,934|[TRACE] graph - -----> statementPart
2021-11-19T10:23:42,934|[TRACE] graph - -------> nonSkippedChar
2021-11-19T10:23:42,934|[TRACE] script - #out(`L`) [token]
2021-11-19T10:23:42,934|[TRACE] graph - <------- nonSkippedChar
2021-11-19T10:23:42,934|[TRACE] graph - <----- statementPart
2021-11-19T10:23:42,934|[TRACE] graph - -----> statementPart
2021-11-19T10:23:42,934|[TRACE] graph - -------> nonSkippedChar
2021-11-19T10:23:42,934|[TRACE] script - #out(`L`) [token]
2021-11-19T10:23:42,934|[TRACE] graph - <------- nonSkippedChar
2021-11-19T10:23:42,934|[TRACE] graph - <----- statementPart
2021-11-19T10:23:42,934|[TRACE] graph - -----> statementPart
2021-11-19T10:23:42,934|[TRACE] graph - -------> nonSkippedSpace
2021-11-19T10:23:42,934|[TRACE] script - #out(` `) [token]
2021-11-19T10:23:42,934|[TRACE] graph - <------- nonSkippedSpace
2021-11-19T10:23:42,934|[TRACE] graph - <----- statementPart
2021-11-19T10:23:42,934|[TRACE] graph - -----> statementPart
2021-11-19T10:23:42,934|[TRACE] graph - -------> nonSkippedChar
2021-11-19T10:23:42,934|[TRACE] script - #out(`D`) [token]
2021-11-19T10:23:42,934|[TRACE] graph - <------- nonSkippedChar
2021-11-19T10:23:42,934|[TRACE] graph - <----- statementPart
2021-11-19T10:23:42,934|[TRACE] graph - -----> statementPart
2021-11-19T10:23:42,934|[TRACE] graph - -------> nonSkippedChar
2021-11-19T10:23:42,934|[TRACE] script - #out(`E`) [token]
2021-11-19T10:23:42,934|[TRACE] graph - <------- nonSkippedChar
2021-11-19T10:23:42,934|[TRACE] graph - <----- statementPart
2021-11-19T10:23:42,934|[TRACE] graph - -----> statementPart
2021-11-19T10:23:42,934|[TRACE] graph - -------> nonSkippedChar
2021-11-19T10:23:42,934|[TRACE] script - #out(`F`) [token]
2021-11-19T10:23:42,934|[TRACE] graph - <------- nonSkippedChar
2021-11-19T10:23:42,934|[TRACE] graph - <----- statementPart
2021-11-19T10:23:42,934|[TRACE] graph - -----> statementPart
2021-11-19T10:23:42,934|[TRACE] graph - -------> nonSkippedChar
2021-11-19T10:23:42,934|[TRACE] script - #out(`A`) [token]
2021-11-19T10:23:42,934|[TRACE] graph - <------- nonSkippedChar
2021-11-19T10:23:42,934|[TRACE] graph - <----- statementPart
2021-11-19T10:23:42,934|[TRACE] graph - -----> statementPart
2021-11-19T10:23:42,934|[TRACE] graph - -------> nonSkippedChar
2021-11-19T10:23:42,934|[TRACE] script - #out(`U`) [token]
2021-11-19T10:23:42,934|[TRACE] graph - <------- nonSkippedChar
2021-11-19T10:23:42,934|[TRACE] graph - <----- statementPart
2021-11-19T10:23:42,934|[TRACE] graph - -----> statementPart
2021-11-19T10:23:42,934|[TRACE] graph - -------> nonSkippedChar
2021-11-19T10:23:42,934|[TRACE] script - #out(`L`) [token]
2021-11-19T10:23:42,934|[TRACE] graph - <------- nonSkippedChar
2021-11-19T10:23:42,934|[TRACE] graph - <----- statementPart
2021-11-19T10:23:42,934|[TRACE] graph - -----> statementPart
2021-11-19T10:23:42,934|[TRACE] graph - -------> nonSkippedChar
2021-11-19T10:23:42,934|[TRACE] script - #out(`T`) [token]
2021-11-19T10:23:42,934|[TRACE] graph - <------- nonSkippedChar
2021-11-19T10:23:42,934|[TRACE] graph - <----- statementPart
2021-11-19T10:23:42,934|[TRACE] graph - -----> statementPart
2021-11-19T10:23:42,934|[TRACE] graph - -------> nonSkippedSpace
2021-11-19T10:23:42,934|[TRACE] script - #out(` `) [token]
2021-11-19T10:23:42,934|[TRACE] graph - <------- nonSkippedSpace
2021-11-19T10:23:42,934|[TRACE] graph - <----- statementPart
2021-11-19T10:23:42,934|[TRACE] graph - -----> statementPart
2021-11-19T10:23:42,934|[TRACE] graph - -------> nonSkippedChar
2021-11-19T10:23:42,934|[TRACE] script - #out(`1`) [token]
2021-11-19T10:23:42,934|[TRACE] graph - <------- nonSkippedChar
2021-11-19T10:23:42,934|[TRACE] graph - <----- statementPart
2021-11-19T10:23:42,934|[TRACE] graph - -----> statementPart
2021-11-19T10:23:42,934|[TRACE] graph - -------> nonSkippedChar
2021-11-19T10:23:42,934|[TRACE] script - #out(`,`) [token]
2021-11-19T10:23:42,934|[TRACE] graph - <------- nonSkippedChar
2021-11-19T10:23:42,934|[TRACE] graph - <----- statementPart
2021-11-19T10:23:42,934|[TRACE] graph - -----> afterStatementPartNewline
2021-11-19T10:23:42,934|[TRACE] script - #out(` `) [text]
2021-11-19T10:23:42,934|[TRACE] graph - <----- afterStatementPartNewline
2021-11-19T10:23:42,934|[TRACE] graph - -----> statementPart
2021-11-19T10:23:42,934|[TRACE] graph - -------> nonSkippedSpace
2021-11-19T10:23:42,934|[TRACE] script - #out(` `) [token]
2021-11-19T10:23:42,934|[TRACE] graph - <------- nonSkippedSpace
2021-11-19T10:23:42,934|[TRACE] graph - <----- statementPart
2021-11-19T10:23:42,934|[TRACE] graph - -----> statementPart
2021-11-19T10:23:42,934|[TRACE] graph - -------> nonSkippedSpace
2021-11-19T10:23:42,934|[TRACE] script - #out(` `) [token]
2021-11-19T10:23:42,934|[TRACE] graph - <------- nonSkippedSpace
2021-11-19T10:23:42,934|[TRACE] graph - <----- statementPart
2021-11-19T10:23:42,934|[TRACE] graph - -----> statementPart
2021-11-19T10:23:42,934|[TRACE] graph - -------> nonSkippedChar
2021-11-19T10:23:42,934|[TRACE] script - #out(`P`) [token]
2021-11-19T10:23:42,934|[TRACE] graph - <------- nonSkippedChar
2021-11-19T10:23:42,934|[TRACE] graph - <----- statementPart
2021-11-19T10:23:42,934|[TRACE] graph - -----> statementPart
2021-11-19T10:23:42,934|[TRACE] graph - -------> nonSkippedChar
2021-11-19T10:23:42,934|[TRACE] script - #out(`R`) [token]
2021-11-19T10:23:42,934|[TRACE] graph - <------- nonSkippedChar
2021-11-19T10:23:42,934|[TRACE] graph - <----- statementPart
2021-11-19T10:23:42,934|[TRACE] graph - -----> statementPart
2021-11-19T10:23:42,934|[TRACE] graph - -------> nonSkippedChar
2021-11-19T10:23:42,934|[TRACE] script - #out(`I`) [token]
2021-11-19T10:23:42,934|[TRACE] graph - <------- nonSkippedChar
2021-11-19T10:23:42,934|[TRACE] graph - <----- statementPart
2021-11-19T10:23:42,934|[TRACE] graph - -----> statementPart
2021-11-19T10:23:42,934|[TRACE] graph - -------> nonSkippedChar
2021-11-19T10:23:42,934|[TRACE] script - #out(`M`) [token]
2021-11-19T10:23:42,934|[TRACE] graph - <------- nonSkippedChar
2021-11-19T10:23:42,934|[TRACE] graph - <----- statementPart
2021-11-19T10:23:42,934|[TRACE] graph - -----> statementPart
2021-11-19T10:23:42,934|[TRACE] graph - -------> nonSkippedChar
2021-11-19T10:23:42,934|[TRACE] script - #out(`A`) [token]
2021-11-19T10:23:42,934|[TRACE] graph - <------- nonSkippedChar
2021-11-19T10:23:42,934|[TRACE] graph - <----- statementPart
2021-11-19T10:23:42,934|[TRACE] graph - -----> statementPart
2021-11-19T10:23:42,934|[TRACE] graph - -------> nonSkippedChar
2021-11-19T10:23:42,934|[TRACE] script - #out(`R`) [token]
2021-11-19T10:23:42,934|[TRACE] graph - <------- nonSkippedChar
2021-11-19T10:23:42,934|[TRACE] graph - <----- statementPart
2021-11-19T10:23:42,934|[TRACE] graph - -----> statementPart
2021-11-19T10:23:42,934|[TRACE] graph - -------> nonSkippedChar
2021-11-19T10:23:42,934|[TRACE] script - #out(`Y`) [token]
2021-11-19T10:23:42,934|[TRACE] graph - <------- nonSkippedChar
2021-11-19T10:23:42,934|[TRACE] graph - <----- statementPart
2021-11-19T10:23:42,934|[TRACE] graph - -----> statementPart
2021-11-19T10:23:42,934|[TRACE] graph - -------> nonSkippedSpace
2021-11-19T10:23:42,934|[TRACE] script - #out(` `) [token]
2021-11-19T10:23:42,934|[TRACE] graph - <------- nonSkippedSpace
2021-11-19T10:23:42,934|[TRACE] graph - <----- statementPart
2021-11-19T10:23:42,934|[TRACE] graph - -----> statementPart
2021-11-19T10:23:42,934|[TRACE] graph - -------> nonSkippedChar
2021-11-19T10:23:42,934|[TRACE] script - #out(`K`) [token]
2021-11-19T10:23:42,934|[TRACE] graph - <------- nonSkippedChar
2021-11-19T10:23:42,934|[TRACE] graph - <----- statementPart
2021-11-19T10:23:42,934|[TRACE] graph - -----> statementPart
2021-11-19T10:23:42,934|[TRACE] graph - -------> nonSkippedChar
2021-11-19T10:23:42,934|[TRACE] script - #out(`E`) [token]
2021-11-19T10:23:42,934|[TRACE] graph - <------- nonSkippedChar
2021-11-19T10:23:42,934|[TRACE] graph - <----- statementPart
2021-11-19T10:23:42,934|[TRACE] graph - -----> statementPart
2021-11-19T10:23:42,934|[TRACE] graph - -------> nonSkippedChar
2021-11-19T10:23:42,934|[TRACE] script - #out(`Y`) [token]
2021-11-19T10:23:42,934|[TRACE] graph - <------- nonSkippedChar
2021-11-19T10:23:42,934|[TRACE] graph - <----- statementPart
2021-11-19T10:23:42,934|[TRACE] graph - -----> statementPart
2021-11-19T10:23:42,934|[TRACE] graph - -------> nonSkippedSpace
2021-11-19T10:23:42,934|[TRACE] script - #out(` `) [token]
2021-11-19T10:23:42,934|[TRACE] graph - <------- nonSkippedSpace
2021-11-19T10:23:42,934|[TRACE] graph - <----- statementPart
2021-11-19T10:23:42,934|[TRACE] graph - -----> statementPart
2021-11-19T10:23:42,934|[TRACE] graph - -------> nonSkippedChar
2021-11-19T10:23:42,934|[TRACE] script - #out(`(`) [token]
2021-11-19T10:23:42,934|[TRACE] graph - <------- nonSkippedChar
2021-11-19T10:23:42,934|[TRACE] graph - <----- statementPart
2021-11-19T10:23:42,934|[TRACE] graph - -----> statementPart
2021-11-19T10:23:42,934|[TRACE] graph - -------> quotedString
2021-11-19T10:23:42,934|[TRACE] script - #out(``address_id``) [token]
2021-11-19T10:23:42,934|[TRACE] graph - <------- quotedString
2021-11-19T10:23:42,934|[TRACE] graph - <----- statementPart
2021-11-19T10:23:42,934|[TRACE] graph - -----> statementPart
2021-11-19T10:23:42,934|[TRACE] graph - -------> nonSkippedChar
2021-11-19T10:23:42,934|[TRACE] script - #out(`)`) [token]
2021-11-19T10:23:42,934|[TRACE] graph - <------- nonSkippedChar
2021-11-19T10:23:42,934|[TRACE] graph - <----- statementPart
2021-11-19T10:23:42,934|[TRACE] graph - -----> statementPart
2021-11-19T10:23:42,934|[TRACE] graph - -------> nonSkippedChar
2021-11-19T10:23:42,934|[TRACE] script - #out(`)`) [token]
2021-11-19T10:23:42,934|[TRACE] graph - <------- nonSkippedChar
2021-11-19T10:23:42,934|[TRACE] graph - <----- statementPart
2021-11-19T10:23:42,934|[TRACE] graph - -----> afterStatementPartNewline
2021-11-19T10:23:42,934|[TRACE] script - #out(` `) [text]
2021-11-19T10:23:42,934|[TRACE] graph - <----- afterStatementPartNewline
2021-11-19T10:23:42,934|[TRACE] graph - -----> statementPart
2021-11-19T10:23:42,934|[TRACE] graph - -------> nonSkippedChar
2021-11-19T10:23:42,934|[TRACE] script - #out(`E`) [token]
2021-11-19T10:23:42,934|[TRACE] graph - <------- nonSkippedChar
2021-11-19T10:23:42,934|[TRACE] graph - <----- statementPart
2021-11-19T10:23:42,934|[TRACE] graph - -----> statementPart
2021-11-19T10:23:42,934|[TRACE] graph - -------> nonSkippedChar
2021-11-19T10:23:42,934|[TRACE] script - #out(`N`) [token]
2021-11-19T10:23:42,934|[TRACE] graph - <------- nonSkippedChar
2021-11-19T10:23:42,934|[TRACE] graph - <----- statementPart
2021-11-19T10:23:42,934|[TRACE] graph - -----> statementPart
2021-11-19T10:23:42,934|[TRACE] graph - -------> nonSkippedChar
2021-11-19T10:23:42,934|[TRACE] script - #out(`G`) [token]
2021-11-19T10:23:42,934|[TRACE] graph - <------- nonSkippedChar
2021-11-19T10:23:42,934|[TRACE] graph - <----- statementPart
2021-11-19T10:23:42,934|[TRACE] graph - -----> statementPart
2021-11-19T10:23:42,934|[TRACE] graph - -------> nonSkippedChar
2021-11-19T10:23:42,934|[TRACE] script - #out(`I`) [token]
2021-11-19T10:23:42,934|[TRACE] graph - <------- nonSkippedChar
2021-11-19T10:23:42,934|[TRACE] graph - <----- statementPart
2021-11-19T10:23:42,934|[TRACE] graph - -----> statementPart
2021-11-19T10:23:42,934|[TRACE] graph - -------> nonSkippedChar
2021-11-19T10:23:42,934|[TRACE] script - #out(`N`) [token]
2021-11-19T10:23:42,934|[TRACE] graph - <------- nonSkippedChar
2021-11-19T10:23:42,934|[TRACE] graph - <----- statementPart
2021-11-19T10:23:42,934|[TRACE] graph - -----> statementPart
2021-11-19T10:23:42,934|[TRACE] graph - -------> nonSkippedChar
2021-11-19T10:23:42,934|[TRACE] script - #out(`E`) [token]
2021-11-19T10:23:42,934|[TRACE] graph - <------- nonSkippedChar
2021-11-19T10:23:42,934|[TRACE] graph - <----- statementPart
2021-11-19T10:23:42,934|[TRACE] graph - -----> statementPart
2021-11-19T10:23:42,934|[TRACE] graph - -------> nonSkippedSpace
2021-11-19T10:23:42,934|[TRACE] script - #out(` `) [token]
2021-11-19T10:23:42,934|[TRACE] graph - <------- nonSkippedSpace
2021-11-19T10:23:42,934|[TRACE] graph - <----- statementPart
2021-11-19T10:23:42,934|[TRACE] graph - -----> statementPart
2021-11-19T10:23:42,934|[TRACE] graph - -------> nonSkippedChar
2021-11-19T10:23:42,934|[TRACE] script - #out(`=`) [token]
2021-11-19T10:23:42,934|[TRACE] graph - <------- nonSkippedChar
2021-11-19T10:23:42,934|[TRACE] graph - <----- statementPart
2021-11-19T10:23:42,935|[TRACE] graph - -----> statementPart
2021-11-19T10:23:42,935|[TRACE] graph - -------> nonSkippedSpace
2021-11-19T10:23:42,935|[TRACE] script - #out(` `) [token]
2021-11-19T10:23:42,935|[TRACE] graph - <------- nonSkippedSpace
2021-11-19T10:23:42,935|[TRACE] graph - <----- statementPart
2021-11-19T10:23:42,935|[TRACE] graph - -----> statementPart
2021-11-19T10:23:42,935|[TRACE] graph - -------> nonSkippedChar
2021-11-19T10:23:42,935|[TRACE] script - #out(`I`) [token]
2021-11-19T10:23:42,935|[TRACE] graph - <------- nonSkippedChar
2021-11-19T10:23:42,935|[TRACE] graph - <----- statementPart
2021-11-19T10:23:42,935|[TRACE] graph - -----> statementPart
2021-11-19T10:23:42,935|[TRACE] graph - -------> nonSkippedChar
2021-11-19T10:23:42,935|[TRACE] script - #out(`n`) [token]
2021-11-19T10:23:42,935|[TRACE] graph - <------- nonSkippedChar
2021-11-19T10:23:42,935|[TRACE] graph - <----- statementPart
2021-11-19T10:23:42,935|[TRACE] graph - -----> statementPart
2021-11-19T10:23:42,935|[TRACE] graph - -------> nonSkippedChar
2021-11-19T10:23:42,935|[TRACE] script - #out(`n`) [token]
2021-11-19T10:23:42,935|[TRACE] graph - <------- nonSkippedChar
2021-11-19T10:23:42,935|[TRACE] graph - <----- statementPart
2021-11-19T10:23:42,935|[TRACE] graph - -----> statementPart
2021-11-19T10:23:42,935|[TRACE] graph - -------> nonSkippedChar
2021-11-19T10:23:42,935|[TRACE] script - #out(`o`) [token]
2021-11-19T10:23:42,935|[TRACE] graph - <------- nonSkippedChar
2021-11-19T10:23:42,935|[TRACE] graph - <----- statementPart
2021-11-19T10:23:42,935|[TRACE] graph - -----> statementPart
2021-11-19T10:23:42,935|[TRACE] graph - -------> nonSkippedChar
2021-11-19T10:23:42,935|[TRACE] script - #out(`D`) [token]
2021-11-19T10:23:42,935|[TRACE] graph - <------- nonSkippedChar
2021-11-19T10:23:42,935|[TRACE] graph - <----- statementPart
2021-11-19T10:23:42,935|[TRACE] graph - -----> statementPart
2021-11-19T10:23:42,935|[TRACE] graph - -------> nonSkippedChar
2021-11-19T10:23:42,935|[TRACE] script - #out(`B`) [token]
2021-11-19T10:23:42,935|[TRACE] graph - <------- nonSkippedChar
2021-11-19T10:23:42,935|[TRACE] graph - <----- statementPart
2021-11-19T10:23:42,935|[DEBUG] graph - Import statement : CREATE TABLE IF NOT EXISTS `bloodbank`.`address` (   `address_id` INT NOT NULL AUTO_INCREMENT,   `street_number` VARCHAR(10) NOT NULL,   `street` VARCHAR(100) NOT NULL,   `city` VARCHAR(100) NOT NULL,   `province` VARCHAR(100) NOT NULL,   `country` VARCHAR(100) NOT NULL,   `zipcode` VARCHAR(100) NOT NULL,   `created` BIGINT NOT NULL DEFAULT (unix_timestamp(now()) * 1000),   `updated` BIGINT NOT NULL DEFAULT (unix_timestamp(now()) * 1000),   `version` INT NOT NULL DEFAULT 1,   PRIMARY KEY (`address_id`)) ENGINE = InnoDB
2021-11-19T10:23:42,935|[TRACE] graph - <--- statement
2021-11-19T10:23:42,935|[TRACE] graph - ---> blankSpacesToSkip
2021-11-19T10:23:42,935|[TRACE] graph - -----> newLineToSkip
2021-11-19T10:23:42,935|[TRACE] graph - <----- newLineToSkip
2021-11-19T10:23:42,935|[TRACE] graph - -----> newLineToSkip
2021-11-19T10:23:42,935|[TRACE] graph - <----- newLineToSkip
2021-11-19T10:23:42,935|[TRACE] graph - -----> newLineToSkip
2021-11-19T10:23:42,935|[TRACE] graph - <----- newLineToSkip
2021-11-19T10:23:42,935|[TRACE] graph - -----> newLineToSkip
2021-11-19T10:23:42,935|[TRACE] graph - <----- newLineToSkip
2021-11-19T10:23:42,935|[TRACE] graph - -----> newLineToSkip
2021-11-19T10:23:42,935|[TRACE] graph - <----- newLineToSkip
2021-11-19T10:23:42,935|[TRACE] graph - -----> newLineToSkip
2021-11-19T10:23:42,935|[TRACE] graph - <----- newLineToSkip
2021-11-19T10:23:42,935|[TRACE] graph - <--- blankSpacesToSkip
2021-11-19T10:23:42,935|[TRACE] graph - ---> statement
2021-11-19T10:23:42,935|[TRACE] graph - -----> statementFirstPart
2021-11-19T10:23:42,935|[TRACE] graph - -------> nonSkippedChar
2021-11-19T10:23:42,935|[TRACE] script - #out(`C`) [token]
2021-11-19T10:23:42,935|[TRACE] graph - <------- nonSkippedChar
2021-11-19T10:23:42,935|[TRACE] graph - <----- statementFirstPart
2021-11-19T10:23:42,935|[TRACE] graph - -----> statementPart
2021-11-19T10:23:42,935|[TRACE] graph - -------> nonSkippedChar
2021-11-19T10:23:42,935|[TRACE] script - #out(`R`) [token]
2021-11-19T10:23:42,935|[TRACE] graph - <------- nonSkippedChar
2021-11-19T10:23:42,935|[TRACE] graph - <----- statementPart
2021-11-19T10:23:42,935|[TRACE] graph - -----> statementPart
2021-11-19T10:23:42,935|[TRACE] graph - -------> nonSkippedChar
2021-11-19T10:23:42,935|[TRACE] script - #out(`E`) [token]
2021-11-19T10:23:42,935|[TRACE] graph - <------- nonSkippedChar
2021-11-19T10:23:42,935|[TRACE] graph - <----- statementPart
2021-11-19T10:23:42,935|[TRACE] graph - -----> statementPart
2021-11-19T10:23:42,935|[TRACE] graph - -------> nonSkippedChar
2021-11-19T10:23:42,935|[TRACE] script - #out(`A`) [token]
2021-11-19T10:23:42,935|[TRACE] graph - <------- nonSkippedChar
2021-11-19T10:23:42,935|[TRACE] graph - <----- statementPart
2021-11-19T10:23:42,935|[TRACE] graph - -----> statementPart
2021-11-19T10:23:42,935|[TRACE] graph - -------> nonSkippedChar
2021-11-19T10:23:42,935|[TRACE] script - #out(`T`) [token]
2021-11-19T10:23:42,935|[TRACE] graph - <------- nonSkippedChar
2021-11-19T10:23:42,935|[TRACE] graph - <----- statementPart
2021-11-19T10:23:42,935|[TRACE] graph - -----> statementPart
2021-11-19T10:23:42,935|[TRACE] graph - -------> nonSkippedChar
2021-11-19T10:23:42,935|[TRACE] script - #out(`E`) [token]
2021-11-19T10:23:42,935|[TRACE] graph - <------- nonSkippedChar
2021-11-19T10:23:42,935|[TRACE] graph - <----- statementPart
2021-11-19T10:23:42,935|[TRACE] graph - -----> statementPart
2021-11-19T10:23:42,935|[TRACE] graph - -------> nonSkippedSpace
2021-11-19T10:23:42,935|[TRACE] script - #out(` `) [token]
2021-11-19T10:23:42,935|[TRACE] graph - <------- nonSkippedSpace
2021-11-19T10:23:42,935|[TRACE] graph - <----- statementPart
2021-11-19T10:23:42,935|[TRACE] graph - -----> statementPart
2021-11-19T10:23:42,935|[TRACE] graph - -------> nonSkippedChar
2021-11-19T10:23:42,935|[TRACE] script - #out(`T`) [token]
2021-11-19T10:23:42,935|[TRACE] graph - <------- nonSkippedChar
2021-11-19T10:23:42,935|[TRACE] graph - <----- statementPart
2021-11-19T10:23:42,935|[TRACE] graph - -----> statementPart
2021-11-19T10:23:42,935|[TRACE] graph - -------> nonSkippedChar
2021-11-19T10:23:42,935|[TRACE] script - #out(`A`) [token]
2021-11-19T10:23:42,935|[TRACE] graph - <------- nonSkippedChar
2021-11-19T10:23:42,935|[TRACE] graph - <----- statementPart
2021-11-19T10:23:42,935|[TRACE] graph - -----> statementPart
2021-11-19T10:23:42,935|[TRACE] graph - -------> nonSkippedChar
2021-11-19T10:23:42,935|[TRACE] script - #out(`B`) [token]
2021-11-19T10:23:42,935|[TRACE] graph - <------- nonSkippedChar
2021-11-19T10:23:42,935|[TRACE] graph - <----- statementPart
2021-11-19T10:23:42,935|[TRACE] graph - -----> statementPart
2021-11-19T10:23:42,935|[TRACE] graph - -------> nonSkippedChar
2021-11-19T10:23:42,935|[TRACE] script - #out(`L`) [token]
2021-11-19T10:23:42,935|[TRACE] graph - <------- nonSkippedChar
2021-11-19T10:23:42,935|[TRACE] graph - <----- statementPart
2021-11-19T10:23:42,935|[TRACE] graph - -----> statementPart
2021-11-19T10:23:42,935|[TRACE] graph - -------> nonSkippedChar
2021-11-19T10:23:42,935|[TRACE] script - #out(`E`) [token]
2021-11-19T10:23:42,935|[TRACE] graph - <------- nonSkippedChar
2021-11-19T10:23:42,935|[TRACE] graph - <----- statementPart
2021-11-19T10:23:42,935|[TRACE] graph - -----> statementPart
2021-11-19T10:23:42,935|[TRACE] graph - -------> nonSkippedSpace
2021-11-19T10:23:42,935|[TRACE] script - #out(` `) [token]
2021-11-19T10:23:42,935|[TRACE] graph - <------- nonSkippedSpace
2021-11-19T10:23:42,935|[TRACE] graph - <----- statementPart
2021-11-19T10:23:42,935|[TRACE] graph - -----> statementPart
2021-11-19T10:23:42,935|[TRACE] graph - -------> nonSkippedChar
2021-11-19T10:23:42,935|[TRACE] script - #out(`I`) [token]
2021-11-19T10:23:42,935|[TRACE] graph - <------- nonSkippedChar
2021-11-19T10:23:42,935|[TRACE] graph - <----- statementPart
2021-11-19T10:23:42,997|[TRACE] graph - -----> statementPart
2021-11-19T10:23:42,997|[TRACE] graph - -------> nonSkippedChar
2021-11-19T10:23:42,997|[TRACE] script - #out(`F`) [token]
2021-11-19T10:23:42,997|[TRACE] graph - <------- nonSkippedChar
2021-11-19T10:23:42,997|[TRACE] graph - <----- statementPart
2021-11-19T10:23:42,997|[TRACE] graph - -----> statementPart
2021-11-19T10:23:42,997|[TRACE] graph - -------> nonSkippedSpace
2021-11-19T10:23:42,997|[TRACE] script - #out(` `) [token]
2021-11-19T10:23:42,997|[TRACE] graph - <------- nonSkippedSpace
2021-11-19T10:23:42,997|[TRACE] graph - <----- statementPart
2021-11-19T10:23:42,997|[TRACE] graph - -----> statementPart
2021-11-19T10:23:42,997|[TRACE] graph - -------> nonSkippedChar
2021-11-19T10:23:42,997|[TRACE] script - #out(`N`) [token]
2021-11-19T10:23:42,997|[TRACE] graph - <------- nonSkippedChar
2021-11-19T10:23:42,997|[TRACE] graph - <----- statementPart
2021-11-19T10:23:42,997|[TRACE] graph - -----> statementPart
2021-11-19T10:23:42,997|[TRACE] graph - -------> nonSkippedChar
2021-11-19T10:23:42,997|[TRACE] script - #out(`O`) [token]
2021-11-19T10:23:42,997|[TRACE] graph - <------- nonSkippedChar
2021-11-19T10:23:42,997|[TRACE] graph - <----- statementPart
2021-11-19T10:23:42,997|[TRACE] graph - -----> statementPart
2021-11-19T10:23:42,997|[TRACE] graph - -------> nonSkippedChar
2021-11-19T10:23:42,997|[TRACE] script - #out(`T`) [token]
2021-11-19T10:23:42,997|[TRACE] graph - <------- nonSkippedChar
2021-11-19T10:23:42,997|[TRACE] graph - <----- statementPart
2021-11-19T10:23:42,997|[TRACE] graph - -----> statementPart
2021-11-19T10:23:42,997|[TRACE] graph - -------> nonSkippedSpace
2021-11-19T10:23:42,997|[TRACE] script - #out(` `) [token]
2021-11-19T10:23:42,997|[TRACE] graph - <------- nonSkippedSpace
2021-11-19T10:23:42,997|[TRACE] graph - <----- statementPart
2021-11-19T10:23:42,997|[TRACE] graph - -----> statementPart
2021-11-19T10:23:42,997|[TRACE] graph - -------> nonSkippedChar
2021-11-19T10:23:42,997|[TRACE] script - #out(`E`) [token]
2021-11-19T10:23:42,997|[TRACE] graph - <------- nonSkippedChar
2021-11-19T10:23:42,997|[TRACE] graph - <----- statementPart
2021-11-19T10:23:42,997|[TRACE] graph - -----> statementPart
2021-11-19T10:23:42,997|[TRACE] graph - -------> nonSkippedChar
2021-11-19T10:23:42,997|[TRACE] script - #out(`X`) [token]
2021-11-19T10:23:42,997|[TRACE] graph - <------- nonSkippedChar
2021-11-19T10:23:42,997|[TRACE] graph - <----- statementPart
2021-11-19T10:23:42,997|[TRACE] graph - -----> statementPart
2021-11-19T10:23:42,997|[TRACE] graph - -------> nonSkippedChar
2021-11-19T10:23:42,997|[TRACE] script - #out(`I`) [token]
2021-11-19T10:23:42,997|[TRACE] graph - <------- nonSkippedChar
2021-11-19T10:23:42,997|[TRACE] graph - <----- statementPart
2021-11-19T10:23:42,997|[TRACE] graph - -----> statementPart
2021-11-19T10:23:42,997|[TRACE] graph - -------> nonSkippedChar
2021-11-19T10:23:42,997|[TRACE] script - #out(`S`) [token]
2021-11-19T10:23:42,997|[TRACE] graph - <------- nonSkippedChar
2021-11-19T10:23:42,997|[TRACE] graph - <----- statementPart
2021-11-19T10:23:42,997|[TRACE] graph - -----> statementPart
2021-11-19T10:23:42,997|[TRACE] graph - -------> nonSkippedChar
2021-11-19T10:23:42,997|[TRACE] script - #out(`T`) [token]
2021-11-19T10:23:42,997|[TRACE] graph - <------- nonSkippedChar
2021-11-19T10:23:42,997|[TRACE] graph - <----- statementPart
2021-11-19T10:23:42,997|[TRACE] graph - -----> statementPart
2021-11-19T10:23:42,997|[TRACE] graph - -------> nonSkippedChar
2021-11-19T10:23:42,997|[TRACE] script - #out(`S`) [token]
2021-11-19T10:23:42,997|[TRACE] graph - <------- nonSkippedChar
2021-11-19T10:23:42,997|[TRACE] graph - <----- statementPart
2021-11-19T10:23:42,997|[TRACE] graph - -----> statementPart
2021-11-19T10:23:42,997|[TRACE] graph - -------> nonSkippedSpace
2021-11-19T10:23:42,997|[TRACE] script - #out(` `) [token]
2021-11-19T10:23:42,997|[TRACE] graph - <------- nonSkippedSpace
2021-11-19T10:23:42,997|[TRACE] graph - <----- statementPart
2021-11-19T10:23:42,997|[TRACE] graph - -----> statementPart
2021-11-19T10:23:42,997|[TRACE] graph - -------> quotedString
2021-11-19T10:23:42,997|[TRACE] script - #out(``bloodbank``) [token]
2021-11-19T10:23:42,997|[TRACE] graph - <------- quotedString
2021-11-19T10:23:42,997|[TRACE] graph - <----- statementPart
2021-11-19T10:23:42,997|[TRACE] graph - -----> statementPart
2021-11-19T10:23:42,997|[TRACE] graph - -------> nonSkippedChar
2021-11-19T10:23:42,997|[TRACE] script - #out(`.`) [token]
2021-11-19T10:23:42,997|[TRACE] graph - <------- nonSkippedChar
2021-11-19T10:23:42,997|[TRACE] graph - <----- statementPart
2021-11-19T10:23:42,997|[TRACE] graph - -----> statementPart
2021-11-19T10:23:42,997|[TRACE] graph - -------> quotedString
2021-11-19T10:23:42,997|[TRACE] script - #out(``phone``) [token]
2021-11-19T10:23:42,997|[TRACE] graph - <------- quotedString
2021-11-19T10:23:42,997|[TRACE] graph - <----- statementPart
2021-11-19T10:23:42,997|[TRACE] graph - -----> statementPart
2021-11-19T10:23:42,997|[TRACE] graph - -------> nonSkippedSpace
2021-11-19T10:23:42,997|[TRACE] script - #out(` `) [token]
2021-11-19T10:23:42,997|[TRACE] graph - <------- nonSkippedSpace
2021-11-19T10:23:42,997|[TRACE] graph - <----- statementPart
2021-11-19T10:23:42,997|[TRACE] graph - -----> statementPart
2021-11-19T10:23:42,997|[TRACE] graph - -------> nonSkippedChar
2021-11-19T10:23:42,997|[TRACE] script - #out(`(`) [token]
2021-11-19T10:23:42,997|[TRACE] graph - <------- nonSkippedChar
2021-11-19T10:23:42,997|[TRACE] graph - <----- statementPart
2021-11-19T10:23:42,997|[TRACE] graph - -----> afterStatementPartNewline
2021-11-19T10:23:42,997|[TRACE] script - #out(` `) [text]
2021-11-19T10:23:42,997|[TRACE] graph - <----- afterStatementPartNewline
2021-11-19T10:23:42,998|[TRACE] graph - -----> statementPart
2021-11-19T10:23:42,998|[TRACE] graph - -------> nonSkippedSpace
2021-11-19T10:23:42,998|[TRACE] script - #out(` `) [token]
2021-11-19T10:23:42,998|[TRACE] graph - <------- nonSkippedSpace
2021-11-19T10:23:42,998|[TRACE] graph - <----- statementPart
2021-11-19T10:23:42,998|[TRACE] graph - -----> statementPart
2021-11-19T10:23:42,998|[TRACE] graph - -------> nonSkippedSpace
2021-11-19T10:23:42,998|[TRACE] script - #out(` `) [token]
2021-11-19T10:23:42,998|[TRACE] graph - <------- nonSkippedSpace
2021-11-19T10:23:42,998|[TRACE] graph - <----- statementPart
2021-11-19T10:23:42,998|[TRACE] graph - -----> statementPart
2021-11-19T10:23:42,998|[TRACE] graph - -------> quotedString
2021-11-19T10:23:42,998|[TRACE] script - #out(``phone_id``) [token]
2021-11-19T10:23:42,998|[TRACE] graph - <------- quotedString
2021-11-19T10:23:42,998|[TRACE] graph - <----- statementPart
2021-11-19T10:23:42,998|[TRACE] graph - -----> statementPart
2021-11-19T10:23:42,998|[TRACE] graph - -------> nonSkippedSpace
2021-11-19T10:23:42,998|[TRACE] script - #out(` `) [token]
2021-11-19T10:23:42,998|[TRACE] graph - <------- nonSkippedSpace
2021-11-19T10:23:42,998|[TRACE] graph - <----- statementPart
2021-11-19T10:23:42,998|[TRACE] graph - -----> statementPart
2021-11-19T10:23:42,998|[TRACE] graph - -------> nonSkippedChar
2021-11-19T10:23:42,998|[TRACE] script - #out(`I`) [token]
2021-11-19T10:23:42,998|[TRACE] graph - <------- nonSkippedChar
2021-11-19T10:23:42,998|[TRACE] graph - <----- statementPart
2021-11-19T10:23:42,998|[TRACE] graph - -----> statementPart
2021-11-19T10:23:42,998|[TRACE] graph - -------> nonSkippedChar
2021-11-19T10:23:42,998|[TRACE] script - #out(`N`) [token]
2021-11-19T10:23:42,998|[TRACE] graph - <------- nonSkippedChar
2021-11-19T10:23:42,998|[TRACE] graph - <----- statementPart
2021-11-19T10:23:42,998|[TRACE] graph - -----> statementPart
2021-11-19T10:23:42,998|[TRACE] graph - -------> nonSkippedChar
2021-11-19T10:23:42,998|[TRACE] script - #out(`T`) [token]
2021-11-19T10:23:42,998|[TRACE] graph - <------- nonSkippedChar
2021-11-19T10:23:42,998|[TRACE] graph - <----- statementPart
2021-11-19T10:23:42,998|[TRACE] graph - -----> statementPart
2021-11-19T10:23:42,998|[TRACE] graph - -------> nonSkippedSpace
2021-11-19T10:23:42,998|[TRACE] script - #out(` `) [token]
2021-11-19T10:23:42,998|[TRACE] graph - <------- nonSkippedSpace
2021-11-19T10:23:42,998|[TRACE] graph - <----- statementPart
2021-11-19T10:23:42,998|[TRACE] graph - -----> statementPart
2021-11-19T10:23:42,998|[TRACE] graph - -------> nonSkippedChar
2021-11-19T10:23:42,998|[TRACE] script - #out(`N`) [token]
2021-11-19T10:23:42,998|[TRACE] graph - <------- nonSkippedChar
2021-11-19T10:23:42,998|[TRACE] graph - <----- statementPart
2021-11-19T10:23:42,998|[TRACE] graph - -----> statementPart
2021-11-19T10:23:42,998|[TRACE] graph - -------> nonSkippedChar
2021-11-19T10:23:42,998|[TRACE] script - #out(`O`) [token]
2021-11-19T10:23:42,998|[TRACE] graph - <------- nonSkippedChar
2021-11-19T10:23:42,998|[TRACE] graph - <----- statementPart
2021-11-19T10:23:42,998|[TRACE] graph - -----> statementPart
2021-11-19T10:23:42,998|[TRACE] graph - -------> nonSkippedChar
2021-11-19T10:23:42,998|[TRACE] script - #out(`T`) [token]
2021-11-19T10:23:42,998|[TRACE] graph - <------- nonSkippedChar
2021-11-19T10:23:42,998|[TRACE] graph - <----- statementPart
2021-11-19T10:23:42,998|[TRACE] graph - -----> statementPart
2021-11-19T10:23:42,998|[TRACE] graph - -------> nonSkippedSpace
2021-11-19T10:23:42,998|[TRACE] script - #out(` `) [token]
2021-11-19T10:23:42,998|[TRACE] graph - <------- nonSkippedSpace
2021-11-19T10:23:42,998|[TRACE] graph - <----- statementPart
2021-11-19T10:23:42,998|[TRACE] graph - -----> statementPart
2021-11-19T10:23:42,998|[TRACE] graph - -------> nonSkippedChar
2021-11-19T10:23:42,998|[TRACE] script - #out(`N`) [token]
2021-11-19T10:23:42,998|[TRACE] graph - <------- nonSkippedChar
2021-11-19T10:23:42,998|[TRACE] graph - <----- statementPart
2021-11-19T10:23:42,998|[TRACE] graph - -----> statementPart
2021-11-19T10:23:42,998|[TRACE] graph - -------> nonSkippedChar
2021-11-19T10:23:42,998|[TRACE] script - #out(`U`) [token]
2021-11-19T10:23:42,998|[TRACE] graph - <------- nonSkippedChar
2021-11-19T10:23:42,998|[TRACE] graph - <----- statementPart
2021-11-19T10:23:42,998|[TRACE] graph - -----> statementPart
2021-11-19T10:23:42,998|[TRACE] graph - -------> nonSkippedChar
2021-11-19T10:23:42,998|[TRACE] script - #out(`L`) [token]
2021-11-19T10:23:42,998|[TRACE] graph - <------- nonSkippedChar
2021-11-19T10:23:42,998|[TRACE] graph - <----- statementPart
2021-11-19T10:23:42,998|[TRACE] graph - -----> statementPart
2021-11-19T10:23:42,998|[TRACE] graph - -------> nonSkippedChar
2021-11-19T10:23:42,998|[TRACE] script - #out(`L`) [token]
2021-11-19T10:23:42,998|[TRACE] graph - <------- nonSkippedChar
2021-11-19T10:23:42,998|[TRACE] graph - <----- statementPart
2021-11-19T10:23:42,998|[TRACE] graph - -----> statementPart
2021-11-19T10:23:42,998|[TRACE] graph - -------> nonSkippedSpace
2021-11-19T10:23:42,998|[TRACE] script - #out(` `) [token]
2021-11-19T10:23:42,998|[TRACE] graph - <------- nonSkippedSpace
2021-11-19T10:23:42,998|[TRACE] graph - <----- statementPart
2021-11-19T10:23:42,998|[TRACE] graph - -----> statementPart
2021-11-19T10:23:42,998|[TRACE] graph - -------> nonSkippedChar
2021-11-19T10:23:42,998|[TRACE] script - #out(`A`) [token]
2021-11-19T10:23:42,998|[TRACE] graph - <------- nonSkippedChar
2021-11-19T10:23:42,998|[TRACE] graph - <----- statementPart
2021-11-19T10:23:42,998|[TRACE] graph - -----> statementPart
2021-11-19T10:23:42,998|[TRACE] graph - -------> nonSkippedChar
2021-11-19T10:23:42,998|[TRACE] script - #out(`U`) [token]
2021-11-19T10:23:42,998|[TRACE] graph - <------- nonSkippedChar
2021-11-19T10:23:42,998|[TRACE] graph - <----- statementPart
2021-11-19T10:23:42,998|[TRACE] graph - -----> statementPart
2021-11-19T10:23:42,998|[TRACE] graph - -------> nonSkippedChar
2021-11-19T10:23:42,998|[TRACE] script - #out(`T`) [token]
2021-11-19T10:23:42,998|[TRACE] graph - <------- nonSkippedChar
2021-11-19T10:23:42,998|[TRACE] graph - <----- statementPart
2021-11-19T10:23:42,998|[TRACE] graph - -----> statementPart
2021-11-19T10:23:42,998|[TRACE] graph - -------> nonSkippedChar
2021-11-19T10:23:42,998|[TRACE] script - #out(`O`) [token]
2021-11-19T10:23:42,998|[TRACE] graph - <------- nonSkippedChar
2021-11-19T10:23:42,998|[TRACE] graph - <----- statementPart
2021-11-19T10:23:42,998|[TRACE] graph - -----> statementPart
2021-11-19T10:23:42,998|[TRACE] graph - -------> nonSkippedChar
2021-11-19T10:23:42,998|[TRACE] script - #out(`_`) [token]
2021-11-19T10:23:42,998|[TRACE] graph - <------- nonSkippedChar
2021-11-19T10:23:42,998|[TRACE] graph - <----- statementPart
2021-11-19T10:23:42,998|[TRACE] graph - -----> statementPart
2021-11-19T10:23:42,998|[TRACE] graph - -------> nonSkippedChar
2021-11-19T10:23:42,998|[TRACE] script - #out(`I`) [token]
2021-11-19T10:23:42,998|[TRACE] graph - <------- nonSkippedChar
2021-11-19T10:23:42,998|[TRACE] graph - <----- statementPart
2021-11-19T10:23:42,998|[TRACE] graph - -----> statementPart
2021-11-19T10:23:42,998|[TRACE] graph - -------> nonSkippedChar
2021-11-19T10:23:42,998|[TRACE] script - #out(`N`) [token]
2021-11-19T10:23:42,998|[TRACE] graph - <------- nonSkippedChar
2021-11-19T10:23:42,998|[TRACE] graph - <----- statementPart
2021-11-19T10:23:42,998|[TRACE] graph - -----> statementPart
2021-11-19T10:23:42,998|[TRACE] graph - -------> nonSkippedChar
2021-11-19T10:23:42,998|[TRACE] script - #out(`C`) [token]
2021-11-19T10:23:42,998|[TRACE] graph - <------- nonSkippedChar
2021-11-19T10:23:42,998|[TRACE] graph - <----- statementPart
2021-11-19T10:23:42,998|[TRACE] graph - -----> statementPart
2021-11-19T10:23:42,998|[TRACE] graph - -------> nonSkippedChar
2021-11-19T10:23:42,998|[TRACE] script - #out(`R`) [token]
2021-11-19T10:23:42,998|[TRACE] graph - <------- nonSkippedChar
2021-11-19T10:23:42,998|[TRACE] graph - <----- statementPart
2021-11-19T10:23:42,998|[TRACE] graph - -----> statementPart
2021-11-19T10:23:42,998|[TRACE] graph - -------> nonSkippedChar
2021-11-19T10:23:42,998|[TRACE] script - #out(`E`) [token]
2021-11-19T10:23:42,998|[TRACE] graph - <------- nonSkippedChar
2021-11-19T10:23:42,998|[TRACE] graph - <----- statementPart
2021-11-19T10:23:42,998|[TRACE] graph - -----> statementPart
2021-11-19T10:23:42,998|[TRACE] graph - -------> nonSkippedChar
2021-11-19T10:23:42,998|[TRACE] script - #out(`M`) [token]
2021-11-19T10:23:42,998|[TRACE] graph - <------- nonSkippedChar
2021-11-19T10:23:42,998|[TRACE] graph - <----- statementPart
2021-11-19T10:23:42,998|[TRACE] graph - -----> statementPart
2021-11-19T10:23:42,998|[TRACE] graph - -------> nonSkippedChar
2021-11-19T10:23:42,998|[TRACE] script - #out(`E`) [token]
2021-11-19T10:23:42,998|[TRACE] graph - <------- nonSkippedChar
2021-11-19T10:23:42,998|[TRACE] graph - <----- statementPart
2021-11-19T10:23:42,998|[TRACE] graph - -----> statementPart
2021-11-19T10:23:42,998|[TRACE] graph - -------> nonSkippedChar
2021-11-19T10:23:42,998|[TRACE] script - #out(`N`) [token]
2021-11-19T10:23:42,998|[TRACE] graph - <------- nonSkippedChar
2021-11-19T10:23:42,998|[TRACE] graph - <----- statementPart
2021-11-19T10:23:42,998|[TRACE] graph - -----> statementPart
2021-11-19T10:23:42,998|[TRACE] graph - -------> nonSkippedChar
2021-11-19T10:23:42,998|[TRACE] script - #out(`T`) [token]
2021-11-19T10:23:42,998|[TRACE] graph - <------- nonSkippedChar
2021-11-19T10:23:42,998|[TRACE] graph - <----- statementPart
2021-11-19T10:23:42,998|[TRACE] graph - -----> statementPart
2021-11-19T10:23:42,998|[TRACE] graph - -------> nonSkippedChar
2021-11-19T10:23:42,998|[TRACE] script - #out(`,`) [token]
2021-11-19T10:23:42,998|[TRACE] graph - <------- nonSkippedChar
2021-11-19T10:23:42,998|[TRACE] graph - <----- statementPart
2021-11-19T10:23:42,998|[TRACE] graph - -----> afterStatementPartNewline
2021-11-19T10:23:42,998|[TRACE] script - #out(` `) [text]
2021-11-19T10:23:42,998|[TRACE] graph - <----- afterStatementPartNewline
2021-11-19T10:23:42,998|[TRACE] graph - -----> statementPart
2021-11-19T10:23:42,998|[TRACE] graph - -------> nonSkippedSpace
2021-11-19T10:23:42,998|[TRACE] script - #out(` `) [token]
2021-11-19T10:23:42,998|[TRACE] graph - <------- nonSkippedSpace
2021-11-19T10:23:42,998|[TRACE] graph - <----- statementPart
2021-11-19T10:23:42,998|[TRACE] graph - -----> statementPart
2021-11-19T10:23:42,998|[TRACE] graph - -------> nonSkippedSpace
2021-11-19T10:23:42,998|[TRACE] script - #out(` `) [token]
2021-11-19T10:23:42,998|[TRACE] graph - <------- nonSkippedSpace
2021-11-19T10:23:42,998|[TRACE] graph - <----- statementPart
2021-11-19T10:23:42,998|[TRACE] graph - -----> statementPart
2021-11-19T10:23:42,998|[TRACE] graph - -------> quotedString
2021-11-19T10:23:42,998|[TRACE] script - #out(``country_code``) [token]
2021-11-19T10:23:42,998|[TRACE] graph - <------- quotedString
2021-11-19T10:23:42,998|[TRACE] graph - <----- statementPart
2021-11-19T10:23:42,998|[TRACE] graph - -----> statementPart
2021-11-19T10:23:42,998|[TRACE] graph - -------> nonSkippedSpace
2021-11-19T10:23:42,998|[TRACE] script - #out(` `) [token]
2021-11-19T10:23:42,998|[TRACE] graph - <------- nonSkippedSpace
2021-11-19T10:23:42,998|[TRACE] graph - <----- statementPart
2021-11-19T10:23:42,998|[TRACE] graph - -----> statementPart
2021-11-19T10:23:42,998|[TRACE] graph - -------> nonSkippedChar
2021-11-19T10:23:42,998|[TRACE] script - #out(`V`) [token]
2021-11-19T10:23:42,998|[TRACE] graph - <------- nonSkippedChar
2021-11-19T10:23:42,998|[TRACE] graph - <----- statementPart
2021-11-19T10:23:42,998|[TRACE] graph - -----> statementPart
2021-11-19T10:23:42,998|[TRACE] graph - -------> nonSkippedChar
2021-11-19T10:23:42,998|[TRACE] script - #out(`A`) [token]
2021-11-19T10:23:42,998|[TRACE] graph - <------- nonSkippedChar
2021-11-19T10:23:42,998|[TRACE] graph - <----- statementPart
2021-11-19T10:23:42,998|[TRACE] graph - -----> statementPart
2021-11-19T10:23:42,998|[TRACE] graph - -------> nonSkippedChar
2021-11-19T10:23:42,998|[TRACE] script - #out(`R`) [token]
2021-11-19T10:23:42,998|[TRACE] graph - <------- nonSkippedChar
2021-11-19T10:23:42,998|[TRACE] graph - <----- statementPart
2021-11-19T10:23:42,998|[TRACE] graph - -----> statementPart
2021-11-19T10:23:42,998|[TRACE] graph - -------> nonSkippedChar
2021-11-19T10:23:42,998|[TRACE] script - #out(`C`) [token]
2021-11-19T10:23:42,998|[TRACE] graph - <------- nonSkippedChar
2021-11-19T10:23:42,998|[TRACE] graph - <----- statementPart
2021-11-19T10:23:42,998|[TRACE] graph - -----> statementPart
2021-11-19T10:23:42,998|[TRACE] graph - -------> nonSkippedChar
2021-11-19T10:23:42,998|[TRACE] script - #out(`H`) [token]
2021-11-19T10:23:42,998|[TRACE] graph - <------- nonSkippedChar
2021-11-19T10:23:42,998|[TRACE] graph - <----- statementPart
2021-11-19T10:23:42,998|[TRACE] graph - -----> statementPart
2021-11-19T10:23:42,998|[TRACE] graph - -------> nonSkippedChar
2021-11-19T10:23:42,998|[TRACE] script - #out(`A`) [token]
2021-11-19T10:23:42,998|[TRACE] graph - <------- nonSkippedChar
2021-11-19T10:23:42,998|[TRACE] graph - <----- statementPart
2021-11-19T10:23:42,998|[TRACE] graph - -----> statementPart
2021-11-19T10:23:42,998|[TRACE] graph - -------> nonSkippedChar
2021-11-19T10:23:42,998|[TRACE] script - #out(`R`) [token]
2021-11-19T10:23:42,998|[TRACE] graph - <------- nonSkippedChar
2021-11-19T10:23:42,998|[TRACE] graph - <----- statementPart
2021-11-19T10:23:42,998|[TRACE] graph - -----> statementPart
2021-11-19T10:23:42,998|[TRACE] graph - -------> nonSkippedChar
2021-11-19T10:23:42,998|[TRACE] script - #out(`(`) [token]
2021-11-19T10:23:42,998|[TRACE] graph - <------- nonSkippedChar
2021-11-19T10:23:42,998|[TRACE] graph - <----- statementPart
2021-11-19T10:23:42,998|[TRACE] graph - -----> statementPart
2021-11-19T10:23:42,998|[TRACE] graph - -------> nonSkippedChar
2021-11-19T10:23:42,998|[TRACE] script - #out(`1`) [token]
2021-11-19T10:23:42,998|[TRACE] graph - <------- nonSkippedChar
2021-11-19T10:23:42,998|[TRACE] graph - <----- statementPart
2021-11-19T10:23:42,998|[TRACE] graph - -----> statementPart
2021-11-19T10:23:42,998|[TRACE] graph - -------> nonSkippedChar
2021-11-19T10:23:42,998|[TRACE] script - #out(`0`) [token]
2021-11-19T10:23:42,998|[TRACE] graph - <------- nonSkippedChar
2021-11-19T10:23:42,998|[TRACE] graph - <----- statementPart
2021-11-19T10:23:42,998|[TRACE] graph - -----> statementPart
2021-11-19T10:23:42,998|[TRACE] graph - -------> nonSkippedChar
2021-11-19T10:23:42,998|[TRACE] script - #out(`)`) [token]
2021-11-19T10:23:42,998|[TRACE] graph - <------- nonSkippedChar
2021-11-19T10:23:42,998|[TRACE] graph - <----- statementPart
2021-11-19T10:23:42,998|[TRACE] graph - -----> statementPart
2021-11-19T10:23:42,998|[TRACE] graph - -------> nonSkippedSpace
2021-11-19T10:23:42,998|[TRACE] script - #out(` `) [token]
2021-11-19T10:23:42,998|[TRACE] graph - <------- nonSkippedSpace
2021-11-19T10:23:42,998|[TRACE] graph - <----- statementPart
2021-11-19T10:23:42,998|[TRACE] graph - -----> statementPart
2021-11-19T10:23:42,998|[TRACE] graph - -------> nonSkippedChar
2021-11-19T10:23:42,998|[TRACE] script - #out(`N`) [token]
2021-11-19T10:23:42,998|[TRACE] graph - <------- nonSkippedChar
2021-11-19T10:23:42,998|[TRACE] graph - <----- statementPart
2021-11-19T10:23:42,998|[TRACE] graph - -----> statementPart
2021-11-19T10:23:42,998|[TRACE] graph - -------> nonSkippedChar
2021-11-19T10:23:42,998|[TRACE] script - #out(`O`) [token]
2021-11-19T10:23:42,998|[TRACE] graph - <------- nonSkippedChar
2021-11-19T10:23:42,998|[TRACE] graph - <----- statementPart
2021-11-19T10:23:42,998|[TRACE] graph - -----> statementPart
2021-11-19T10:23:42,998|[TRACE] graph - -------> nonSkippedChar
2021-11-19T10:23:42,998|[TRACE] script - #out(`T`) [token]
2021-11-19T10:23:42,998|[TRACE] graph - <------- nonSkippedChar
2021-11-19T10:23:42,998|[TRACE] graph - <----- statementPart
2021-11-19T10:23:42,998|[TRACE] graph - -----> statementPart
2021-11-19T10:23:42,998|[TRACE] graph - -------> nonSkippedSpace
2021-11-19T10:23:42,998|[TRACE] script - #out(` `) [token]
2021-11-19T10:23:42,998|[TRACE] graph - <------- nonSkippedSpace
2021-11-19T10:23:42,998|[TRACE] graph - <----- statementPart
2021-11-19T10:23:42,998|[TRACE] graph - -----> statementPart
2021-11-19T10:23:42,998|[TRACE] graph - -------> nonSkippedChar
2021-11-19T10:23:42,998|[TRACE] script - #out(`N`) [token]
2021-11-19T10:23:42,998|[TRACE] graph - <------- nonSkippedChar
2021-11-19T10:23:42,998|[TRACE] graph - <----- statementPart
2021-11-19T10:23:42,998|[TRACE] graph - -----> statementPart
2021-11-19T10:23:42,998|[TRACE] graph - -------> nonSkippedChar
2021-11-19T10:23:42,998|[TRACE] script - #out(`U`) [token]
2021-11-19T10:23:42,998|[TRACE] graph - <------- nonSkippedChar
2021-11-19T10:23:42,998|[TRACE] graph - <----- statementPart
2021-11-19T10:23:42,998|[TRACE] graph - -----> statementPart
2021-11-19T10:23:42,998|[TRACE] graph - -------> nonSkippedChar
2021-11-19T10:23:42,998|[TRACE] script - #out(`L`) [token]
2021-11-19T10:23:42,998|[TRACE] graph - <------- nonSkippedChar
2021-11-19T10:23:42,998|[TRACE] graph - <----- statementPart
2021-11-19T10:23:42,998|[TRACE] graph - -----> statementPart
2021-11-19T10:23:42,998|[TRACE] graph - -------> nonSkippedChar
2021-11-19T10:23:42,998|[TRACE] script - #out(`L`) [token]
2021-11-19T10:23:42,998|[TRACE] graph - <------- nonSkippedChar
2021-11-19T10:23:42,998|[TRACE] graph - <----- statementPart
2021-11-19T10:23:42,999|[TRACE] graph - -----> statementPart
2021-11-19T10:23:42,999|[TRACE] graph - -------> nonSkippedSpace
2021-11-19T10:23:42,999|[TRACE] script - #out(` `) [token]
2021-11-19T10:23:42,999|[TRACE] graph - <------- nonSkippedSpace
2021-11-19T10:23:42,999|[TRACE] graph - <----- statementPart
2021-11-19T10:23:42,999|[TRACE] graph - -----> statementPart
2021-11-19T10:23:42,999|[TRACE] graph - -------> nonSkippedChar
2021-11-19T10:23:42,999|[TRACE] script - #out(`D`) [token]
2021-11-19T10:23:42,999|[TRACE] graph - <------- nonSkippedChar
2021-11-19T10:23:42,999|[TRACE] graph - <----- statementPart
2021-11-19T10:23:42,999|[TRACE] graph - -----> statementPart
2021-11-19T10:23:42,999|[TRACE] graph - -------> nonSkippedChar
2021-11-19T10:23:42,999|[TRACE] script - #out(`E`) [token]
2021-11-19T10:23:42,999|[TRACE] graph - <------- nonSkippedChar
2021-11-19T10:23:42,999|[TRACE] graph - <----- statementPart
2021-11-19T10:23:42,999|[TRACE] graph - -----> statementPart
2021-11-19T10:23:42,999|[TRACE] graph - -------> nonSkippedChar
2021-11-19T10:23:42,999|[TRACE] script - #out(`F`) [token]
2021-11-19T10:23:42,999|[TRACE] graph - <------- nonSkippedChar
2021-11-19T10:23:42,999|[TRACE] graph - <----- statementPart
2021-11-19T10:23:42,999|[TRACE] graph - -----> statementPart
2021-11-19T10:23:42,999|[TRACE] graph - -------> nonSkippedChar
2021-11-19T10:23:42,999|[TRACE] script - #out(`A`) [token]
2021-11-19T10:23:42,999|[TRACE] graph - <------- nonSkippedChar
2021-11-19T10:23:42,999|[TRACE] graph - <----- statementPart
2021-11-19T10:23:42,999|[TRACE] graph - -----> statementPart
2021-11-19T10:23:42,999|[TRACE] graph - -------> nonSkippedChar
2021-11-19T10:23:42,999|[TRACE] script - #out(`U`) [token]
2021-11-19T10:23:42,999|[TRACE] graph - <------- nonSkippedChar
2021-11-19T10:23:42,999|[TRACE] graph - <----- statementPart
2021-11-19T10:23:42,999|[TRACE] graph - -----> statementPart
2021-11-19T10:23:42,999|[TRACE] graph - -------> nonSkippedChar
2021-11-19T10:23:42,999|[TRACE] script - #out(`L`) [token]
2021-11-19T10:23:42,999|[TRACE] graph - <------- nonSkippedChar
2021-11-19T10:23:42,999|[TRACE] graph - <----- statementPart
2021-11-19T10:23:42,999|[TRACE] graph - -----> statementPart
2021-11-19T10:23:42,999|[TRACE] graph - -------> nonSkippedChar
2021-11-19T10:23:42,999|[TRACE] script - #out(`T`) [token]
2021-11-19T10:23:42,999|[TRACE] graph - <------- nonSkippedChar
2021-11-19T10:23:42,999|[TRACE] graph - <----- statementPart
2021-11-19T10:23:42,999|[TRACE] graph - -----> statementPart
2021-11-19T10:23:42,999|[TRACE] graph - -------> nonSkippedSpace
2021-11-19T10:23:42,999|[TRACE] script - #out(` `) [token]
2021-11-19T10:23:42,999|[TRACE] graph - <------- nonSkippedSpace
2021-11-19T10:23:42,999|[TRACE] graph - <----- statementPart
2021-11-19T10:23:42,999|[TRACE] graph - -----> statementPart
2021-11-19T10:23:42,999|[TRACE] graph - -------> quotedString
2021-11-19T10:23:42,999|[TRACE] script - #out(`'1'`) [token]
2021-11-19T10:23:42,999|[TRACE] graph - <------- quotedString
2021-11-19T10:23:42,999|[TRACE] graph - <----- statementPart
2021-11-19T10:23:42,999|[TRACE] graph - -----> statementPart
2021-11-19T10:23:42,999|[TRACE] graph - -------> nonSkippedChar
2021-11-19T10:23:42,999|[TRACE] script - #out(`,`) [token]
2021-11-19T10:23:42,999|[TRACE] graph - <------- nonSkippedChar
2021-11-19T10:23:42,999|[TRACE] graph - <----- statementPart
2021-11-19T10:23:42,999|[TRACE] graph - -----> afterStatementPartNewline
2021-11-19T10:23:42,999|[TRACE] script - #out(` `) [text]
2021-11-19T10:23:42,999|[TRACE] graph - <----- afterStatementPartNewline
2021-11-19T10:23:42,999|[TRACE] graph - -----> statementPart
2021-11-19T10:23:42,999|[TRACE] graph - -------> nonSkippedSpace
2021-11-19T10:23:42,999|[TRACE] script - #out(` `) [token]
2021-11-19T10:23:42,999|[TRACE] graph - <------- nonSkippedSpace
2021-11-19T10:23:42,999|[TRACE] graph - <----- statementPart
2021-11-19T10:23:42,999|[TRACE] graph - -----> statementPart
2021-11-19T10:23:42,999|[TRACE] graph - -------> nonSkippedSpace
2021-11-19T10:23:42,999|[TRACE] script - #out(` `) [token]
2021-11-19T10:23:42,999|[TRACE] graph - <------- nonSkippedSpace
2021-11-19T10:23:42,999|[TRACE] graph - <----- statementPart
2021-11-19T10:23:42,999|[TRACE] graph - -----> statementPart
2021-11-19T10:23:42,999|[TRACE] graph - -------> quotedString
2021-11-19T10:23:42,999|[TRACE] script - #out(``area_code``) [token]
2021-11-19T10:23:42,999|[TRACE] graph - <------- quotedString
2021-11-19T10:23:42,999|[TRACE] graph - <----- statementPart
2021-11-19T10:23:42,999|[TRACE] graph - -----> statementPart
2021-11-19T10:23:42,999|[TRACE] graph - -------> nonSkippedSpace
2021-11-19T10:23:42,999|[TRACE] script - #out(` `) [token]
2021-11-19T10:23:42,999|[TRACE] graph - <------- nonSkippedSpace
2021-11-19T10:23:42,999|[TRACE] graph - <----- statementPart
2021-11-19T10:23:42,999|[TRACE] graph - -----> statementPart
2021-11-19T10:23:42,999|[TRACE] graph - -------> nonSkippedChar
2021-11-19T10:23:42,999|[TRACE] script - #out(`V`) [token]
2021-11-19T10:23:42,999|[TRACE] graph - <------- nonSkippedChar
2021-11-19T10:23:42,999|[TRACE] graph - <----- statementPart
2021-11-19T10:23:42,999|[TRACE] graph - -----> statementPart
2021-11-19T10:23:42,999|[TRACE] graph - -------> nonSkippedChar
2021-11-19T10:23:42,999|[TRACE] script - #out(`A`) [token]
2021-11-19T10:23:42,999|[TRACE] graph - <------- nonSkippedChar
2021-11-19T10:23:42,999|[TRACE] graph - <----- statementPart
2021-11-19T10:23:43,057|[TRACE] graph - -----> statementPart
2021-11-19T10:23:43,057|[TRACE] graph - -------> nonSkippedChar
2021-11-19T10:23:43,057|[TRACE] script - #out(`R`) [token]
2021-11-19T10:23:43,057|[TRACE] graph - <------- nonSkippedChar
2021-11-19T10:23:43,057|[TRACE] graph - <----- statementPart
2021-11-19T10:23:43,057|[TRACE] graph - -----> statementPart
2021-11-19T10:23:43,057|[TRACE] graph - -------> nonSkippedChar
2021-11-19T10:23:43,057|[TRACE] script - #out(`C`) [token]
2021-11-19T10:23:43,057|[TRACE] graph - <------- nonSkippedChar
2021-11-19T10:23:43,057|[TRACE] graph - <----- statementPart
2021-11-19T10:23:43,057|[TRACE] graph - -----> statementPart
2021-11-19T10:23:43,057|[TRACE] graph - -------> nonSkippedChar
2021-11-19T10:23:43,057|[TRACE] script - #out(`H`) [token]
2021-11-19T10:23:43,057|[TRACE] graph - <------- nonSkippedChar
2021-11-19T10:23:43,057|[TRACE] graph - <----- statementPart
2021-11-19T10:23:43,057|[TRACE] graph - -----> statementPart
2021-11-19T10:23:43,057|[TRACE] graph - -------> nonSkippedChar
2021-11-19T10:23:43,057|[TRACE] script - #out(`A`) [token]
2021-11-19T10:23:43,057|[TRACE] graph - <------- nonSkippedChar
2021-11-19T10:23:43,057|[TRACE] graph - <----- statementPart
2021-11-19T10:23:43,057|[TRACE] graph - -----> statementPart
2021-11-19T10:23:43,057|[TRACE] graph - -------> nonSkippedChar
2021-11-19T10:23:43,057|[TRACE] script - #out(`R`) [token]
2021-11-19T10:23:43,057|[TRACE] graph - <------- nonSkippedChar
2021-11-19T10:23:43,057|[TRACE] graph - <----- statementPart
2021-11-19T10:23:43,057|[TRACE] graph - -----> statementPart
2021-11-19T10:23:43,057|[TRACE] graph - -------> nonSkippedChar
2021-11-19T10:23:43,057|[TRACE] script - #out(`(`) [token]
2021-11-19T10:23:43,057|[TRACE] graph - <------- nonSkippedChar
2021-11-19T10:23:43,057|[TRACE] graph - <----- statementPart
2021-11-19T10:23:43,057|[TRACE] graph - -----> statementPart
2021-11-19T10:23:43,057|[TRACE] graph - -------> nonSkippedChar
2021-11-19T10:23:43,057|[TRACE] script - #out(`1`) [token]
2021-11-19T10:23:43,057|[TRACE] graph - <------- nonSkippedChar
2021-11-19T10:23:43,057|[TRACE] graph - <----- statementPart
2021-11-19T10:23:43,057|[TRACE] graph - -----> statementPart
2021-11-19T10:23:43,057|[TRACE] graph - -------> nonSkippedChar
2021-11-19T10:23:43,057|[TRACE] script - #out(`0`) [token]
2021-11-19T10:23:43,057|[TRACE] graph - <------- nonSkippedChar
2021-11-19T10:23:43,057|[TRACE] graph - <----- statementPart
2021-11-19T10:23:43,057|[TRACE] graph - -----> statementPart
2021-11-19T10:23:43,057|[TRACE] graph - -------> nonSkippedChar
2021-11-19T10:23:43,057|[TRACE] script - #out(`)`) [token]
2021-11-19T10:23:43,057|[TRACE] graph - <------- nonSkippedChar
2021-11-19T10:23:43,057|[TRACE] graph - <----- statementPart
2021-11-19T10:23:43,057|[TRACE] graph - -----> statementPart
2021-11-19T10:23:43,057|[TRACE] graph - -------> nonSkippedSpace
2021-11-19T10:23:43,057|[TRACE] script - #out(` `) [token]
2021-11-19T10:23:43,057|[TRACE] graph - <------- nonSkippedSpace
2021-11-19T10:23:43,057|[TRACE] graph - <----- statementPart
2021-11-19T10:23:43,057|[TRACE] graph - -----> statementPart
2021-11-19T10:23:43,057|[TRACE] graph - -------> nonSkippedChar
2021-11-19T10:23:43,057|[TRACE] script - #out(`N`) [token]
2021-11-19T10:23:43,057|[TRACE] graph - <------- nonSkippedChar
2021-11-19T10:23:43,057|[TRACE] graph - <----- statementPart
2021-11-19T10:23:43,057|[TRACE] graph - -----> statementPart
2021-11-19T10:23:43,057|[TRACE] graph - -------> nonSkippedChar
2021-11-19T10:23:43,057|[TRACE] script - #out(`O`) [token]
2021-11-19T10:23:43,057|[TRACE] graph - <------- nonSkippedChar
2021-11-19T10:23:43,057|[TRACE] graph - <----- statementPart
2021-11-19T10:23:43,057|[TRACE] graph - -----> statementPart
2021-11-19T10:23:43,057|[TRACE] graph - -------> nonSkippedChar
2021-11-19T10:23:43,057|[TRACE] script - #out(`T`) [token]
2021-11-19T10:23:43,057|[TRACE] graph - <------- nonSkippedChar
2021-11-19T10:23:43,057|[TRACE] graph - <----- statementPart
2021-11-19T10:23:43,057|[TRACE] graph - -----> statementPart
2021-11-19T10:23:43,057|[TRACE] graph - -------> nonSkippedSpace
2021-11-19T10:23:43,057|[TRACE] script - #out(` `) [token]
2021-11-19T10:23:43,057|[TRACE] graph - <------- nonSkippedSpace
2021-11-19T10:23:43,057|[TRACE] graph - <----- statementPart
2021-11-19T10:23:43,057|[TRACE] graph - -----> statementPart
2021-11-19T10:23:43,057|[TRACE] graph - -------> nonSkippedChar
2021-11-19T10:23:43,057|[TRACE] script - #out(`N`) [token]
2021-11-19T10:23:43,057|[TRACE] graph - <------- nonSkippedChar
2021-11-19T10:23:43,057|[TRACE] graph - <----- statementPart
2021-11-19T10:23:43,057|[TRACE] graph - -----> statementPart
2021-11-19T10:23:43,057|[TRACE] graph - -------> nonSkippedChar
2021-11-19T10:23:43,057|[TRACE] script - #out(`U`) [token]
2021-11-19T10:23:43,057|[TRACE] graph - <------- nonSkippedChar
2021-11-19T10:23:43,057|[TRACE] graph - <----- statementPart
2021-11-19T10:23:43,057|[TRACE] graph - -----> statementPart
2021-11-19T10:23:43,057|[TRACE] graph - -------> nonSkippedChar
2021-11-19T10:23:43,057|[TRACE] script - #out(`L`) [token]
2021-11-19T10:23:43,057|[TRACE] graph - <------- nonSkippedChar
2021-11-19T10:23:43,057|[TRACE] graph - <----- statementPart
2021-11-19T10:23:43,057|[TRACE] graph - -----> statementPart
2021-11-19T10:23:43,057|[TRACE] graph - -------> nonSkippedChar
2021-11-19T10:23:43,057|[TRACE] script - #out(`L`) [token]
2021-11-19T10:23:43,057|[TRACE] graph - <------- nonSkippedChar
2021-11-19T10:23:43,057|[TRACE] graph - <----- statementPart
2021-11-19T10:23:43,057|[TRACE] graph - -----> statementPart
2021-11-19T10:23:43,057|[TRACE] graph - -------> nonSkippedChar
2021-11-19T10:23:43,057|[TRACE] script - #out(`,`) [token]
2021-11-19T10:23:43,057|[TRACE] graph - <------- nonSkippedChar
2021-11-19T10:23:43,057|[TRACE] graph - <----- statementPart
2021-11-19T10:23:43,057|[TRACE] graph - -----> afterStatementPartNewline
2021-11-19T10:23:43,057|[TRACE] script - #out(` `) [text]
2021-11-19T10:23:43,057|[TRACE] graph - <----- afterStatementPartNewline
2021-11-19T10:23:43,057|[TRACE] graph - -----> statementPart
2021-11-19T10:23:43,057|[TRACE] graph - -------> nonSkippedSpace
2021-11-19T10:23:43,057|[TRACE] script - #out(` `) [token]
2021-11-19T10:23:43,057|[TRACE] graph - <------- nonSkippedSpace
2021-11-19T10:23:43,057|[TRACE] graph - <----- statementPart
2021-11-19T10:23:43,057|[TRACE] graph - -----> statementPart
2021-11-19T10:23:43,057|[TRACE] graph - -------> nonSkippedSpace
2021-11-19T10:23:43,057|[TRACE] script - #out(` `) [token]
2021-11-19T10:23:43,057|[TRACE] graph - <------- nonSkippedSpace
2021-11-19T10:23:43,057|[TRACE] graph - <----- statementPart
2021-11-19T10:23:43,057|[TRACE] graph - -----> statementPart
2021-11-19T10:23:43,057|[TRACE] graph - -------> quotedString
2021-11-19T10:23:43,057|[TRACE] script - #out(``number``) [token]
2021-11-19T10:23:43,057|[TRACE] graph - <------- quotedString
2021-11-19T10:23:43,057|[TRACE] graph - <----- statementPart
2021-11-19T10:23:43,057|[TRACE] graph - -----> statementPart
2021-11-19T10:23:43,057|[TRACE] graph - -------> nonSkippedSpace
2021-11-19T10:23:43,057|[TRACE] script - #out(` `) [token]
2021-11-19T10:23:43,057|[TRACE] graph - <------- nonSkippedSpace
2021-11-19T10:23:43,057|[TRACE] graph - <----- statementPart
2021-11-19T10:23:43,057|[TRACE] graph - -----> statementPart
2021-11-19T10:23:43,057|[TRACE] graph - -------> nonSkippedChar
2021-11-19T10:23:43,057|[TRACE] script - #out(`V`) [token]
2021-11-19T10:23:43,057|[TRACE] graph - <------- nonSkippedChar
2021-11-19T10:23:43,057|[TRACE] graph - <----- statementPart
2021-11-19T10:23:43,057|[TRACE] graph - -----> statementPart
2021-11-19T10:23:43,057|[TRACE] graph - -------> nonSkippedChar
2021-11-19T10:23:43,057|[TRACE] script - #out(`A`) [token]
2021-11-19T10:23:43,057|[TRACE] graph - <------- nonSkippedChar
2021-11-19T10:23:43,057|[TRACE] graph - <----- statementPart
2021-11-19T10:23:43,057|[TRACE] graph - -----> statementPart
2021-11-19T10:23:43,057|[TRACE] graph - -------> nonSkippedChar
2021-11-19T10:23:43,057|[TRACE] script - #out(`R`) [token]
2021-11-19T10:23:43,057|[TRACE] graph - <------- nonSkippedChar
2021-11-19T10:23:43,057|[TRACE] graph - <----- statementPart
2021-11-19T10:23:43,057|[TRACE] graph - -----> statementPart
2021-11-19T10:23:43,057|[TRACE] graph - -------> nonSkippedChar
2021-11-19T10:23:43,057|[TRACE] script - #out(`C`) [token]
2021-11-19T10:23:43,057|[TRACE] graph - <------- nonSkippedChar
2021-11-19T10:23:43,057|[TRACE] graph - <----- statementPart
2021-11-19T10:23:43,057|[TRACE] graph - -----> statementPart
2021-11-19T10:23:43,057|[TRACE] graph - -------> nonSkippedChar
2021-11-19T10:23:43,057|[TRACE] script - #out(`H`) [token]
2021-11-19T10:23:43,057|[TRACE] graph - <------- nonSkippedChar
2021-11-19T10:23:43,057|[TRACE] graph - <----- statementPart
2021-11-19T10:23:43,057|[TRACE] graph - -----> statementPart
2021-11-19T10:23:43,057|[TRACE] graph - -------> nonSkippedChar
2021-11-19T10:23:43,057|[TRACE] script - #out(`A`) [token]
2021-11-19T10:23:43,057|[TRACE] graph - <------- nonSkippedChar
2021-11-19T10:23:43,057|[TRACE] graph - <----- statementPart
2021-11-19T10:23:43,057|[TRACE] graph - -----> statementPart
2021-11-19T10:23:43,057|[TRACE] graph - -------> nonSkippedChar
2021-11-19T10:23:43,057|[TRACE] script - #out(`R`) [token]
2021-11-19T10:23:43,057|[TRACE] graph - <------- nonSkippedChar
2021-11-19T10:23:43,057|[TRACE] graph - <----- statementPart
2021-11-19T10:23:43,057|[TRACE] graph - -----> statementPart
2021-11-19T10:23:43,057|[TRACE] graph - -------> nonSkippedChar
2021-11-19T10:23:43,057|[TRACE] script - #out(`(`) [token]
2021-11-19T10:23:43,057|[TRACE] graph - <------- nonSkippedChar
2021-11-19T10:23:43,057|[TRACE] graph - <----- statementPart
2021-11-19T10:23:43,057|[TRACE] graph - -----> statementPart
2021-11-19T10:23:43,057|[TRACE] graph - -------> nonSkippedChar
2021-11-19T10:23:43,057|[TRACE] script - #out(`1`) [token]
2021-11-19T10:23:43,057|[TRACE] graph - <------- nonSkippedChar
2021-11-19T10:23:43,057|[TRACE] graph - <----- statementPart
2021-11-19T10:23:43,057|[TRACE] graph - -----> statementPart
2021-11-19T10:23:43,057|[TRACE] graph - -------> nonSkippedChar
2021-11-19T10:23:43,057|[TRACE] script - #out(`0`) [token]
2021-11-19T10:23:43,057|[TRACE] graph - <------- nonSkippedChar
2021-11-19T10:23:43,057|[TRACE] graph - <----- statementPart
2021-11-19T10:23:43,057|[TRACE] graph - -----> statementPart
2021-11-19T10:23:43,057|[TRACE] graph - -------> nonSkippedChar
2021-11-19T10:23:43,057|[TRACE] script - #out(`)`) [token]
2021-11-19T10:23:43,057|[TRACE] graph - <------- nonSkippedChar
2021-11-19T10:23:43,057|[TRACE] graph - <----- statementPart
2021-11-19T10:23:43,057|[TRACE] graph - -----> statementPart
2021-11-19T10:23:43,057|[TRACE] graph - -------> nonSkippedSpace
2021-11-19T10:23:43,057|[TRACE] script - #out(` `) [token]
2021-11-19T10:23:43,057|[TRACE] graph - <------- nonSkippedSpace
2021-11-19T10:23:43,057|[TRACE] graph - <----- statementPart
2021-11-19T10:23:43,057|[TRACE] graph - -----> statementPart
2021-11-19T10:23:43,057|[TRACE] graph - -------> nonSkippedChar
2021-11-19T10:23:43,057|[TRACE] script - #out(`N`) [token]
2021-11-19T10:23:43,057|[TRACE] graph - <------- nonSkippedChar
2021-11-19T10:23:43,057|[TRACE] graph - <----- statementPart
2021-11-19T10:23:43,057|[TRACE] graph - -----> statementPart
2021-11-19T10:23:43,057|[TRACE] graph - -------> nonSkippedChar
2021-11-19T10:23:43,057|[TRACE] script - #out(`O`) [token]
2021-11-19T10:23:43,057|[TRACE] graph - <------- nonSkippedChar
2021-11-19T10:23:43,057|[TRACE] graph - <----- statementPart
2021-11-19T10:23:43,057|[TRACE] graph - -----> statementPart
2021-11-19T10:23:43,057|[TRACE] graph - -------> nonSkippedChar
2021-11-19T10:23:43,057|[TRACE] script - #out(`T`) [token]
2021-11-19T10:23:43,057|[TRACE] graph - <------- nonSkippedChar
2021-11-19T10:23:43,057|[TRACE] graph - <----- statementPart
2021-11-19T10:23:43,057|[TRACE] graph - -----> statementPart
2021-11-19T10:23:43,057|[TRACE] graph - -------> nonSkippedSpace
2021-11-19T10:23:43,057|[TRACE] script - #out(` `) [token]
2021-11-19T10:23:43,057|[TRACE] graph - <------- nonSkippedSpace
2021-11-19T10:23:43,057|[TRACE] graph - <----- statementPart
2021-11-19T10:23:43,057|[TRACE] graph - -----> statementPart
2021-11-19T10:23:43,057|[TRACE] graph - -------> nonSkippedChar
2021-11-19T10:23:43,057|[TRACE] script - #out(`N`) [token]
2021-11-19T10:23:43,057|[TRACE] graph - <------- nonSkippedChar
2021-11-19T10:23:43,057|[TRACE] graph - <----- statementPart
2021-11-19T10:23:43,057|[TRACE] graph - -----> statementPart
2021-11-19T10:23:43,057|[TRACE] graph - -------> nonSkippedChar
2021-11-19T10:23:43,057|[TRACE] script - #out(`U`) [token]
2021-11-19T10:23:43,057|[TRACE] graph - <------- nonSkippedChar
2021-11-19T10:23:43,057|[TRACE] graph - <----- statementPart
2021-11-19T10:23:43,057|[TRACE] graph - -----> statementPart
2021-11-19T10:23:43,057|[TRACE] graph - -------> nonSkippedChar
2021-11-19T10:23:43,057|[TRACE] script - #out(`L`) [token]
2021-11-19T10:23:43,057|[TRACE] graph - <------- nonSkippedChar
2021-11-19T10:23:43,057|[TRACE] graph - <----- statementPart
2021-11-19T10:23:43,057|[TRACE] graph - -----> statementPart
2021-11-19T10:23:43,057|[TRACE] graph - -------> nonSkippedChar
2021-11-19T10:23:43,057|[TRACE] script - #out(`L`) [token]
2021-11-19T10:23:43,057|[TRACE] graph - <------- nonSkippedChar
2021-11-19T10:23:43,057|[TRACE] graph - <----- statementPart
2021-11-19T10:23:43,057|[TRACE] graph - -----> statementPart
2021-11-19T10:23:43,057|[TRACE] graph - -------> nonSkippedChar
2021-11-19T10:23:43,057|[TRACE] script - #out(`,`) [token]
2021-11-19T10:23:43,057|[TRACE] graph - <------- nonSkippedChar
2021-11-19T10:23:43,057|[TRACE] graph - <----- statementPart
2021-11-19T10:23:43,057|[TRACE] graph - -----> afterStatementPartNewline
2021-11-19T10:23:43,057|[TRACE] script - #out(` `) [text]
2021-11-19T10:23:43,057|[TRACE] graph - <----- afterStatementPartNewline
2021-11-19T10:23:43,057|[TRACE] graph - -----> statementPart
2021-11-19T10:23:43,057|[TRACE] graph - -------> nonSkippedSpace
2021-11-19T10:23:43,057|[TRACE] script - #out(` `) [token]
2021-11-19T10:23:43,057|[TRACE] graph - <------- nonSkippedSpace
2021-11-19T10:23:43,057|[TRACE] graph - <----- statementPart
2021-11-19T10:23:43,057|[TRACE] graph - -----> statementPart
2021-11-19T10:23:43,057|[TRACE] graph - -------> nonSkippedSpace
2021-11-19T10:23:43,057|[TRACE] script - #out(` `) [token]
2021-11-19T10:23:43,057|[TRACE] graph - <------- nonSkippedSpace
2021-11-19T10:23:43,057|[TRACE] graph - <----- statementPart
2021-11-19T10:23:43,057|[TRACE] graph - -----> statementPart
2021-11-19T10:23:43,057|[TRACE] graph - -------> quotedString
2021-11-19T10:23:43,057|[TRACE] script - #out(``created``) [token]
2021-11-19T10:23:43,057|[TRACE] graph - <------- quotedString
2021-11-19T10:23:43,057|[TRACE] graph - <----- statementPart
2021-11-19T10:23:43,057|[TRACE] graph - -----> statementPart
2021-11-19T10:23:43,057|[TRACE] graph - -------> nonSkippedSpace
2021-11-19T10:23:43,057|[TRACE] script - #out(` `) [token]
2021-11-19T10:23:43,057|[TRACE] graph - <------- nonSkippedSpace
2021-11-19T10:23:43,057|[TRACE] graph - <----- statementPart
2021-11-19T10:23:43,057|[TRACE] graph - -----> statementPart
2021-11-19T10:23:43,057|[TRACE] graph - -------> nonSkippedChar
2021-11-19T10:23:43,057|[TRACE] script - #out(`B`) [token]
2021-11-19T10:23:43,057|[TRACE] graph - <------- nonSkippedChar
2021-11-19T10:23:43,057|[TRACE] graph - <----- statementPart
2021-11-19T10:23:43,057|[TRACE] graph - -----> statementPart
2021-11-19T10:23:43,058|[TRACE] graph - -------> nonSkippedChar
2021-11-19T10:23:43,058|[TRACE] script - #out(`I`) [token]
2021-11-19T10:23:43,058|[TRACE] graph - <------- nonSkippedChar
2021-11-19T10:23:43,058|[TRACE] graph - <----- statementPart
2021-11-19T10:23:43,058|[TRACE] graph - -----> statementPart
2021-11-19T10:23:43,058|[TRACE] graph - -------> nonSkippedChar
2021-11-19T10:23:43,058|[TRACE] script - #out(`G`) [token]
2021-11-19T10:23:43,058|[TRACE] graph - <------- nonSkippedChar
2021-11-19T10:23:43,058|[TRACE] graph - <----- statementPart
2021-11-19T10:23:43,058|[TRACE] graph - -----> statementPart
2021-11-19T10:23:43,058|[TRACE] graph - -------> nonSkippedChar
2021-11-19T10:23:43,058|[TRACE] script - #out(`I`) [token]
2021-11-19T10:23:43,058|[TRACE] graph - <------- nonSkippedChar
2021-11-19T10:23:43,058|[TRACE] graph - <----- statementPart
2021-11-19T10:23:43,058|[TRACE] graph - -----> statementPart
2021-11-19T10:23:43,058|[TRACE] graph - -------> nonSkippedChar
2021-11-19T10:23:43,058|[TRACE] script - #out(`N`) [token]
2021-11-19T10:23:43,058|[TRACE] graph - <------- nonSkippedChar
2021-11-19T10:23:43,058|[TRACE] graph - <----- statementPart
2021-11-19T10:23:43,058|[TRACE] graph - -----> statementPart
2021-11-19T10:23:43,058|[TRACE] graph - -------> nonSkippedChar
2021-11-19T10:23:43,058|[TRACE] script - #out(`T`) [token]
2021-11-19T10:23:43,058|[TRACE] graph - <------- nonSkippedChar
2021-11-19T10:23:43,058|[TRACE] graph - <----- statementPart
2021-11-19T10:23:43,058|[TRACE] graph - -----> statementPart
2021-11-19T10:23:43,058|[TRACE] graph - -------> nonSkippedSpace
2021-11-19T10:23:43,058|[TRACE] script - #out(` `) [token]
2021-11-19T10:23:43,058|[TRACE] graph - <------- nonSkippedSpace
2021-11-19T10:23:43,058|[TRACE] graph - <----- statementPart
2021-11-19T10:23:43,058|[TRACE] graph - -----> statementPart
2021-11-19T10:23:43,058|[TRACE] graph - -------> nonSkippedChar
2021-11-19T10:23:43,058|[TRACE] script - #out(`N`) [token]
2021-11-19T10:23:43,058|[TRACE] graph - <------- nonSkippedChar
2021-11-19T10:23:43,058|[TRACE] graph - <----- statementPart
2021-11-19T10:23:43,058|[TRACE] graph - -----> statementPart
2021-11-19T10:23:43,058|[TRACE] graph - -------> nonSkippedChar
2021-11-19T10:23:43,058|[TRACE] script - #out(`O`) [token]
2021-11-19T10:23:43,058|[TRACE] graph - <------- nonSkippedChar
2021-11-19T10:23:43,058|[TRACE] graph - <----- statementPart
2021-11-19T10:23:43,058|[TRACE] graph - -----> statementPart
2021-11-19T10:23:43,058|[TRACE] graph - -------> nonSkippedChar
2021-11-19T10:23:43,058|[TRACE] script - #out(`T`) [token]
2021-11-19T10:23:43,058|[TRACE] graph - <------- nonSkippedChar
2021-11-19T10:23:43,058|[TRACE] graph - <----- statementPart
2021-11-19T10:23:43,058|[TRACE] graph - -----> statementPart
2021-11-19T10:23:43,058|[TRACE] graph - -------> nonSkippedSpace
2021-11-19T10:23:43,058|[TRACE] script - #out(` `) [token]
2021-11-19T10:23:43,058|[TRACE] graph - <------- nonSkippedSpace
2021-11-19T10:23:43,058|[TRACE] graph - <----- statementPart
2021-11-19T10:23:43,058|[TRACE] graph - -----> statementPart
2021-11-19T10:23:43,058|[TRACE] graph - -------> nonSkippedChar
2021-11-19T10:23:43,058|[TRACE] script - #out(`N`) [token]
2021-11-19T10:23:43,058|[TRACE] graph - <------- nonSkippedChar
2021-11-19T10:23:43,058|[TRACE] graph - <----- statementPart
2021-11-19T10:23:43,058|[TRACE] graph - -----> statementPart
2021-11-19T10:23:43,058|[TRACE] graph - -------> nonSkippedChar
2021-11-19T10:23:43,058|[TRACE] script - #out(`U`) [token]
2021-11-19T10:23:43,058|[TRACE] graph - <------- nonSkippedChar
2021-11-19T10:23:43,058|[TRACE] graph - <----- statementPart
2021-11-19T10:23:43,058|[TRACE] graph - -----> statementPart
2021-11-19T10:23:43,058|[TRACE] graph - -------> nonSkippedChar
2021-11-19T10:23:43,058|[TRACE] script - #out(`L`) [token]
2021-11-19T10:23:43,058|[TRACE] graph - <------- nonSkippedChar
2021-11-19T10:23:43,058|[TRACE] graph - <----- statementPart
2021-11-19T10:23:43,058|[TRACE] graph - -----> statementPart
2021-11-19T10:23:43,058|[TRACE] graph - -------> nonSkippedChar
2021-11-19T10:23:43,058|[TRACE] script - #out(`L`) [token]
2021-11-19T10:23:43,058|[TRACE] graph - <------- nonSkippedChar
2021-11-19T10:23:43,058|[TRACE] graph - <----- statementPart
2021-11-19T10:23:43,058|[TRACE] graph - -----> statementPart
2021-11-19T10:23:43,058|[TRACE] graph - -------> nonSkippedSpace
2021-11-19T10:23:43,058|[TRACE] script - #out(` `) [token]
2021-11-19T10:23:43,058|[TRACE] graph - <------- nonSkippedSpace
2021-11-19T10:23:43,058|[TRACE] graph - <----- statementPart
2021-11-19T10:23:43,058|[TRACE] graph - -----> statementPart
2021-11-19T10:23:43,058|[TRACE] graph - -------> nonSkippedChar
2021-11-19T10:23:43,058|[TRACE] script - #out(`D`) [token]
2021-11-19T10:23:43,058|[TRACE] graph - <------- nonSkippedChar
2021-11-19T10:23:43,058|[TRACE] graph - <----- statementPart
2021-11-19T10:23:43,058|[TRACE] graph - -----> statementPart
2021-11-19T10:23:43,058|[TRACE] graph - -------> nonSkippedChar
2021-11-19T10:23:43,058|[TRACE] script - #out(`E`) [token]
2021-11-19T10:23:43,058|[TRACE] graph - <------- nonSkippedChar
2021-11-19T10:23:43,058|[TRACE] graph - <----- statementPart
2021-11-19T10:23:43,058|[TRACE] graph - -----> statementPart
2021-11-19T10:23:43,058|[TRACE] graph - -------> nonSkippedChar
2021-11-19T10:23:43,058|[TRACE] script - #out(`F`) [token]
2021-11-19T10:23:43,058|[TRACE] graph - <------- nonSkippedChar
2021-11-19T10:23:43,058|[TRACE] graph - <----- statementPart
2021-11-19T10:23:43,058|[TRACE] graph - -----> statementPart
2021-11-19T10:23:43,058|[TRACE] graph - -------> nonSkippedChar
2021-11-19T10:23:43,058|[TRACE] script - #out(`A`) [token]
2021-11-19T10:23:43,058|[TRACE] graph - <------- nonSkippedChar
2021-11-19T10:23:43,058|[TRACE] graph - <----- statementPart
2021-11-19T10:23:43,058|[TRACE] graph - -----> statementPart
2021-11-19T10:23:43,058|[TRACE] graph - -------> nonSkippedChar
2021-11-19T10:23:43,058|[TRACE] script - #out(`U`) [token]
2021-11-19T10:23:43,058|[TRACE] graph - <------- nonSkippedChar
2021-11-19T10:23:43,058|[TRACE] graph - <----- statementPart
2021-11-19T10:23:43,058|[TRACE] graph - -----> statementPart
2021-11-19T10:23:43,058|[TRACE] graph - -------> nonSkippedChar
2021-11-19T10:23:43,058|[TRACE] script - #out(`L`) [token]
2021-11-19T10:23:43,058|[TRACE] graph - <------- nonSkippedChar
2021-11-19T10:23:43,058|[TRACE] graph - <----- statementPart
2021-11-19T10:23:43,058|[TRACE] graph - -----> statementPart
2021-11-19T10:23:43,058|[TRACE] graph - -------> nonSkippedChar
2021-11-19T10:23:43,058|[TRACE] script - #out(`T`) [token]
2021-11-19T10:23:43,058|[TRACE] graph - <------- nonSkippedChar
2021-11-19T10:23:43,058|[TRACE] graph - <----- statementPart
2021-11-19T10:23:43,058|[TRACE] graph - -----> statementPart
2021-11-19T10:23:43,058|[TRACE] graph - -------> nonSkippedSpace
2021-11-19T10:23:43,058|[TRACE] script - #out(` `) [token]
2021-11-19T10:23:43,058|[TRACE] graph - <------- nonSkippedSpace
2021-11-19T10:23:43,058|[TRACE] graph - <----- statementPart
2021-11-19T10:23:43,058|[TRACE] graph - -----> statementPart
2021-11-19T10:23:43,058|[TRACE] graph - -------> nonSkippedChar
2021-11-19T10:23:43,058|[TRACE] script - #out(`(`) [token]
2021-11-19T10:23:43,058|[TRACE] graph - <------- nonSkippedChar
2021-11-19T10:23:43,058|[TRACE] graph - <----- statementPart
2021-11-19T10:23:43,058|[TRACE] graph - -----> statementPart
2021-11-19T10:23:43,058|[TRACE] graph - -------> nonSkippedChar
2021-11-19T10:23:43,058|[TRACE] script - #out(`u`) [token]
2021-11-19T10:23:43,058|[TRACE] graph - <------- nonSkippedChar
2021-11-19T10:23:43,058|[TRACE] graph - <----- statementPart
2021-11-19T10:23:43,058|[TRACE] graph - -----> statementPart
2021-11-19T10:23:43,058|[TRACE] graph - -------> nonSkippedChar
2021-11-19T10:23:43,058|[TRACE] script - #out(`n`) [token]
2021-11-19T10:23:43,058|[TRACE] graph - <------- nonSkippedChar
2021-11-19T10:23:43,058|[TRACE] graph - <----- statementPart
2021-11-19T10:23:43,058|[TRACE] graph - -----> statementPart
2021-11-19T10:23:43,058|[TRACE] graph - -------> nonSkippedChar
2021-11-19T10:23:43,058|[TRACE] script - #out(`i`) [token]
2021-11-19T10:23:43,058|[TRACE] graph - <------- nonSkippedChar
2021-11-19T10:23:43,058|[TRACE] graph - <----- statementPart
2021-11-19T10:23:43,058|[TRACE] graph - -----> statementPart
2021-11-19T10:23:43,058|[TRACE] graph - -------> nonSkippedChar
2021-11-19T10:23:43,058|[TRACE] script - #out(`x`) [token]
2021-11-19T10:23:43,058|[TRACE] graph - <------- nonSkippedChar
2021-11-19T10:23:43,058|[TRACE] graph - <----- statementPart
2021-11-19T10:23:43,058|[TRACE] graph - -----> statementPart
2021-11-19T10:23:43,058|[TRACE] graph - -------> nonSkippedChar
2021-11-19T10:23:43,058|[TRACE] script - #out(`_`) [token]
2021-11-19T10:23:43,058|[TRACE] graph - <------- nonSkippedChar
2021-11-19T10:23:43,058|[TRACE] graph - <----- statementPart
2021-11-19T10:23:43,058|[TRACE] graph - -----> statementPart
2021-11-19T10:23:43,058|[TRACE] graph - -------> nonSkippedChar
2021-11-19T10:23:43,058|[TRACE] script - #out(`t`) [token]
2021-11-19T10:23:43,058|[TRACE] graph - <------- nonSkippedChar
2021-11-19T10:23:43,058|[TRACE] graph - <----- statementPart
2021-11-19T10:23:43,058|[TRACE] graph - -----> statementPart
2021-11-19T10:23:43,058|[TRACE] graph - -------> nonSkippedChar
2021-11-19T10:23:43,058|[TRACE] script - #out(`i`) [token]
2021-11-19T10:23:43,058|[TRACE] graph - <------- nonSkippedChar
2021-11-19T10:23:43,058|[TRACE] graph - <----- statementPart
2021-11-19T10:23:43,058|[TRACE] graph - -----> statementPart
2021-11-19T10:23:43,058|[TRACE] graph - -------> nonSkippedChar
2021-11-19T10:23:43,058|[TRACE] script - #out(`m`) [token]
2021-11-19T10:23:43,058|[TRACE] graph - <------- nonSkippedChar
2021-11-19T10:23:43,058|[TRACE] graph - <----- statementPart
2021-11-19T10:23:43,058|[TRACE] graph - -----> statementPart
2021-11-19T10:23:43,058|[TRACE] graph - -------> nonSkippedChar
2021-11-19T10:23:43,058|[TRACE] script - #out(`e`) [token]
2021-11-19T10:23:43,058|[TRACE] graph - <------- nonSkippedChar
2021-11-19T10:23:43,058|[TRACE] graph - <----- statementPart
2021-11-19T10:23:43,058|[TRACE] graph - -----> statementPart
2021-11-19T10:23:43,058|[TRACE] graph - -------> nonSkippedChar
2021-11-19T10:23:43,058|[TRACE] script - #out(`s`) [token]
2021-11-19T10:23:43,058|[TRACE] graph - <------- nonSkippedChar
2021-11-19T10:23:43,058|[TRACE] graph - <----- statementPart
2021-11-19T10:23:43,058|[TRACE] graph - -----> statementPart
2021-11-19T10:23:43,058|[TRACE] graph - -------> nonSkippedChar
2021-11-19T10:23:43,058|[TRACE] script - #out(`t`) [token]
2021-11-19T10:23:43,058|[TRACE] graph - <------- nonSkippedChar
2021-11-19T10:23:43,058|[TRACE] graph - <----- statementPart
2021-11-19T10:23:43,058|[TRACE] graph - -----> statementPart
2021-11-19T10:23:43,058|[TRACE] graph - -------> nonSkippedChar
2021-11-19T10:23:43,058|[TRACE] script - #out(`a`) [token]
2021-11-19T10:23:43,058|[TRACE] graph - <------- nonSkippedChar
2021-11-19T10:23:43,058|[TRACE] graph - <----- statementPart
2021-11-19T10:23:43,058|[TRACE] graph - -----> statementPart
2021-11-19T10:23:43,058|[TRACE] graph - -------> nonSkippedChar
2021-11-19T10:23:43,058|[TRACE] script - #out(`m`) [token]
2021-11-19T10:23:43,058|[TRACE] graph - <------- nonSkippedChar
2021-11-19T10:23:43,058|[TRACE] graph - <----- statementPart
2021-11-19T10:23:43,058|[TRACE] graph - -----> statementPart
2021-11-19T10:23:43,058|[TRACE] graph - -------> nonSkippedChar
2021-11-19T10:23:43,058|[TRACE] script - #out(`p`) [token]
2021-11-19T10:23:43,058|[TRACE] graph - <------- nonSkippedChar
2021-11-19T10:23:43,059|[TRACE] graph - <----- statementPart
2021-11-19T10:23:43,059|[TRACE] graph - -----> statementPart
2021-11-19T10:23:43,059|[TRACE] graph - -------> nonSkippedChar
2021-11-19T10:23:43,059|[TRACE] script - #out(`(`) [token]
2021-11-19T10:23:43,059|[TRACE] graph - <------- nonSkippedChar
2021-11-19T10:23:43,059|[TRACE] graph - <----- statementPart
2021-11-19T10:23:43,059|[TRACE] graph - -----> statementPart
2021-11-19T10:23:43,059|[TRACE] graph - -------> nonSkippedChar
2021-11-19T10:23:43,059|[TRACE] script - #out(`n`) [token]
2021-11-19T10:23:43,059|[TRACE] graph - <------- nonSkippedChar
2021-11-19T10:23:43,059|[TRACE] graph - <----- statementPart
2021-11-19T10:23:43,059|[TRACE] graph - -----> statementPart
2021-11-19T10:23:43,059|[TRACE] graph - -------> nonSkippedChar
2021-11-19T10:23:43,059|[TRACE] script - #out(`o`) [token]
2021-11-19T10:23:43,059|[TRACE] graph - <------- nonSkippedChar
2021-11-19T10:23:43,059|[TRACE] graph - <----- statementPart
2021-11-19T10:23:43,059|[TRACE] graph - -----> statementPart
2021-11-19T10:23:43,059|[TRACE] graph - -------> nonSkippedChar
2021-11-19T10:23:43,059|[TRACE] script - #out(`w`) [token]
2021-11-19T10:23:43,059|[TRACE] graph - <------- nonSkippedChar
2021-11-19T10:23:43,059|[TRACE] graph - <----- statementPart
2021-11-19T10:23:43,059|[TRACE] graph - -----> statementPart
2021-11-19T10:23:43,059|[TRACE] graph - -------> nonSkippedChar
2021-11-19T10:23:43,059|[TRACE] script - #out(`(`) [token]
2021-11-19T10:23:43,059|[TRACE] graph - <------- nonSkippedChar
2021-11-19T10:23:43,116|[TRACE] graph - <----- statementPart
2021-11-19T10:23:43,116|[TRACE] graph - -----> statementPart
2021-11-19T10:23:43,116|[TRACE] graph - -------> nonSkippedChar
2021-11-19T10:23:43,116|[TRACE] script - #out(`)`) [token]
2021-11-19T10:23:43,116|[TRACE] graph - <------- nonSkippedChar
2021-11-19T10:23:43,116|[TRACE] graph - <----- statementPart
2021-11-19T10:23:43,116|[TRACE] graph - -----> statementPart
2021-11-19T10:23:43,116|[TRACE] graph - -------> nonSkippedChar
2021-11-19T10:23:43,116|[TRACE] script - #out(`)`) [token]
2021-11-19T10:23:43,116|[TRACE] graph - <------- nonSkippedChar
2021-11-19T10:23:43,116|[TRACE] graph - <----- statementPart
2021-11-19T10:23:43,116|[TRACE] graph - -----> statementPart
2021-11-19T10:23:43,116|[TRACE] graph - -------> nonSkippedSpace
2021-11-19T10:23:43,116|[TRACE] script - #out(` `) [token]
2021-11-19T10:23:43,116|[TRACE] graph - <------- nonSkippedSpace
2021-11-19T10:23:43,116|[TRACE] graph - <----- statementPart
2021-11-19T10:23:43,116|[TRACE] graph - -----> statementPart
2021-11-19T10:23:43,116|[TRACE] graph - -------> nonSkippedChar
2021-11-19T10:23:43,116|[TRACE] script - #out(`*`) [token]
2021-11-19T10:23:43,116|[TRACE] graph - <------- nonSkippedChar
2021-11-19T10:23:43,116|[TRACE] graph - <----- statementPart
2021-11-19T10:23:43,116|[TRACE] graph - -----> statementPart
2021-11-19T10:23:43,116|[TRACE] graph - -------> nonSkippedSpace
2021-11-19T10:23:43,116|[TRACE] script - #out(` `) [token]
2021-11-19T10:23:43,116|[TRACE] graph - <------- nonSkippedSpace
2021-11-19T10:23:43,116|[TRACE] graph - <----- statementPart
2021-11-19T10:23:43,116|[TRACE] graph - -----> statementPart
2021-11-19T10:23:43,116|[TRACE] graph - -------> nonSkippedChar
2021-11-19T10:23:43,116|[TRACE] script - #out(`1`) [token]
2021-11-19T10:23:43,116|[TRACE] graph - <------- nonSkippedChar
2021-11-19T10:23:43,116|[TRACE] graph - <----- statementPart
2021-11-19T10:23:43,116|[TRACE] graph - -----> statementPart
2021-11-19T10:23:43,116|[TRACE] graph - -------> nonSkippedChar
2021-11-19T10:23:43,116|[TRACE] script - #out(`0`) [token]
2021-11-19T10:23:43,116|[TRACE] graph - <------- nonSkippedChar
2021-11-19T10:23:43,116|[TRACE] graph - <----- statementPart
2021-11-19T10:23:43,116|[TRACE] graph - -----> statementPart
2021-11-19T10:23:43,116|[TRACE] graph - -------> nonSkippedChar
2021-11-19T10:23:43,116|[TRACE] script - #out(`0`) [token]
2021-11-19T10:23:43,116|[TRACE] graph - <------- nonSkippedChar
2021-11-19T10:23:43,116|[TRACE] graph - <----- statementPart
2021-11-19T10:23:43,116|[TRACE] graph - -----> statementPart
2021-11-19T10:23:43,116|[TRACE] graph - -------> nonSkippedChar
2021-11-19T10:23:43,116|[TRACE] script - #out(`0`) [token]
2021-11-19T10:23:43,116|[TRACE] graph - <------- nonSkippedChar
2021-11-19T10:23:43,116|[TRACE] graph - <----- statementPart
2021-11-19T10:23:43,116|[TRACE] graph - -----> statementPart
2021-11-19T10:23:43,116|[TRACE] graph - -------> nonSkippedChar
2021-11-19T10:23:43,116|[TRACE] script - #out(`)`) [token]
2021-11-19T10:23:43,116|[TRACE] graph - <------- nonSkippedChar
2021-11-19T10:23:43,116|[TRACE] graph - <----- statementPart
2021-11-19T10:23:43,116|[TRACE] graph - -----> statementPart
2021-11-19T10:23:43,116|[TRACE] graph - -------> nonSkippedChar
2021-11-19T10:23:43,116|[TRACE] script - #out(`,`) [token]
2021-11-19T10:23:43,116|[TRACE] graph - <------- nonSkippedChar
2021-11-19T10:23:43,116|[TRACE] graph - <----- statementPart
2021-11-19T10:23:43,116|[TRACE] graph - -----> afterStatementPartNewline
2021-11-19T10:23:43,116|[TRACE] script - #out(` `) [text]
2021-11-19T10:23:43,116|[TRACE] graph - <----- afterStatementPartNewline
2021-11-19T10:23:43,117|[TRACE] graph - -----> statementPart
2021-11-19T10:23:43,117|[TRACE] graph - -------> nonSkippedSpace
2021-11-19T10:23:43,117|[TRACE] script - #out(` `) [token]
2021-11-19T10:23:43,117|[TRACE] graph - <------- nonSkippedSpace
2021-11-19T10:23:43,117|[TRACE] graph - <----- statementPart
2021-11-19T10:23:43,117|[TRACE] graph - -----> statementPart
2021-11-19T10:23:43,117|[TRACE] graph - -------> nonSkippedSpace
2021-11-19T10:23:43,117|[TRACE] script - #out(` `) [token]
2021-11-19T10:23:43,117|[TRACE] graph - <------- nonSkippedSpace
2021-11-19T10:23:43,117|[TRACE] graph - <----- statementPart
2021-11-19T10:23:43,117|[TRACE] graph - -----> statementPart
2021-11-19T10:23:43,117|[TRACE] graph - -------> quotedString
2021-11-19T10:23:43,117|[TRACE] script - #out(``updated``) [token]
2021-11-19T10:23:43,117|[TRACE] graph - <------- quotedString
2021-11-19T10:23:43,117|[TRACE] graph - <----- statementPart
2021-11-19T10:23:43,117|[TRACE] graph - -----> statementPart
2021-11-19T10:23:43,117|[TRACE] graph - -------> nonSkippedSpace
2021-11-19T10:23:43,117|[TRACE] script - #out(` `) [token]
2021-11-19T10:23:43,117|[TRACE] graph - <------- nonSkippedSpace
2021-11-19T10:23:43,117|[TRACE] graph - <----- statementPart
2021-11-19T10:23:43,117|[TRACE] graph - -----> statementPart
2021-11-19T10:23:43,117|[TRACE] graph - -------> nonSkippedChar
2021-11-19T10:23:43,117|[TRACE] script - #out(`B`) [token]
2021-11-19T10:23:43,117|[TRACE] graph - <------- nonSkippedChar
2021-11-19T10:23:43,117|[TRACE] graph - <----- statementPart
2021-11-19T10:23:43,117|[TRACE] graph - -----> statementPart
2021-11-19T10:23:43,117|[TRACE] graph - -------> nonSkippedChar
2021-11-19T10:23:43,117|[TRACE] script - #out(`I`) [token]
2021-11-19T10:23:43,117|[TRACE] graph - <------- nonSkippedChar
2021-11-19T10:23:43,117|[TRACE] graph - <----- statementPart
2021-11-19T10:23:43,117|[TRACE] graph - -----> statementPart
2021-11-19T10:23:43,117|[TRACE] graph - -------> nonSkippedChar
2021-11-19T10:23:43,117|[TRACE] script - #out(`G`) [token]
2021-11-19T10:23:43,117|[TRACE] graph - <------- nonSkippedChar
2021-11-19T10:23:43,117|[TRACE] graph - <----- statementPart
2021-11-19T10:23:43,117|[TRACE] graph - -----> statementPart
2021-11-19T10:23:43,117|[TRACE] graph - -------> nonSkippedChar
2021-11-19T10:23:43,117|[TRACE] script - #out(`I`) [token]
2021-11-19T10:23:43,117|[TRACE] graph - <------- nonSkippedChar
2021-11-19T10:23:43,117|[TRACE] graph - <----- statementPart
2021-11-19T10:23:43,117|[TRACE] graph - -----> statementPart
2021-11-19T10:23:43,117|[TRACE] graph - -------> nonSkippedChar
2021-11-19T10:23:43,117|[TRACE] script - #out(`N`) [token]
2021-11-19T10:23:43,117|[TRACE] graph - <------- nonSkippedChar
2021-11-19T10:23:43,117|[TRACE] graph - <----- statementPart
2021-11-19T10:23:43,117|[TRACE] graph - -----> statementPart
2021-11-19T10:23:43,117|[TRACE] graph - -------> nonSkippedChar
2021-11-19T10:23:43,117|[TRACE] script - #out(`T`) [token]
2021-11-19T10:23:43,117|[TRACE] graph - <------- nonSkippedChar
2021-11-19T10:23:43,117|[TRACE] graph - <----- statementPart
2021-11-19T10:23:43,117|[TRACE] graph - -----> statementPart
2021-11-19T10:23:43,117|[TRACE] graph - -------> nonSkippedSpace
2021-11-19T10:23:43,117|[TRACE] script - #out(` `) [token]
2021-11-19T10:23:43,117|[TRACE] graph - <------- nonSkippedSpace
2021-11-19T10:23:43,117|[TRACE] graph - <----- statementPart
2021-11-19T10:23:43,117|[TRACE] graph - -----> statementPart
2021-11-19T10:23:43,117|[TRACE] graph - -------> nonSkippedChar
2021-11-19T10:23:43,117|[TRACE] script - #out(`N`) [token]
2021-11-19T10:23:43,117|[TRACE] graph - <------- nonSkippedChar
2021-11-19T10:23:43,117|[TRACE] graph - <----- statementPart
2021-11-19T10:23:43,117|[TRACE] graph - -----> statementPart
2021-11-19T10:23:43,117|[TRACE] graph - -------> nonSkippedChar
2021-11-19T10:23:43,117|[TRACE] script - #out(`O`) [token]
2021-11-19T10:23:43,117|[TRACE] graph - <------- nonSkippedChar
2021-11-19T10:23:43,117|[TRACE] graph - <----- statementPart
2021-11-19T10:23:43,117|[TRACE] graph - -----> statementPart
2021-11-19T10:23:43,117|[TRACE] graph - -------> nonSkippedChar
2021-11-19T10:23:43,117|[TRACE] script - #out(`T`) [token]
2021-11-19T10:23:43,117|[TRACE] graph - <------- nonSkippedChar
2021-11-19T10:23:43,117|[TRACE] graph - <----- statementPart
2021-11-19T10:23:43,117|[TRACE] graph - -----> statementPart
2021-11-19T10:23:43,117|[TRACE] graph - -------> nonSkippedSpace
2021-11-19T10:23:43,117|[TRACE] script - #out(` `) [token]
2021-11-19T10:23:43,117|[TRACE] graph - <------- nonSkippedSpace
2021-11-19T10:23:43,117|[TRACE] graph - <----- statementPart
2021-11-19T10:23:43,117|[TRACE] graph - -----> statementPart
2021-11-19T10:23:43,117|[TRACE] graph - -------> nonSkippedChar
2021-11-19T10:23:43,117|[TRACE] script - #out(`N`) [token]
2021-11-19T10:23:43,117|[TRACE] graph - <------- nonSkippedChar
2021-11-19T10:23:43,117|[TRACE] graph - <----- statementPart
2021-11-19T10:23:43,117|[TRACE] graph - -----> statementPart
2021-11-19T10:23:43,117|[TRACE] graph - -------> nonSkippedChar
2021-11-19T10:23:43,117|[TRACE] script - #out(`U`) [token]
2021-11-19T10:23:43,117|[TRACE] graph - <------- nonSkippedChar
2021-11-19T10:23:43,117|[TRACE] graph - <----- statementPart
2021-11-19T10:23:43,117|[TRACE] graph - -----> statementPart
2021-11-19T10:23:43,117|[TRACE] graph - -------> nonSkippedChar
2021-11-19T10:23:43,117|[TRACE] script - #out(`L`) [token]
2021-11-19T10:23:43,117|[TRACE] graph - <------- nonSkippedChar
2021-11-19T10:23:43,117|[TRACE] graph - <----- statementPart
2021-11-19T10:23:43,117|[TRACE] graph - -----> statementPart
2021-11-19T10:23:43,117|[TRACE] graph - -------> nonSkippedChar
2021-11-19T10:23:43,117|[TRACE] script - #out(`L`) [token]
2021-11-19T10:23:43,117|[TRACE] graph - <------- nonSkippedChar
2021-11-19T10:23:43,117|[TRACE] graph - <----- statementPart
2021-11-19T10:23:43,117|[TRACE] graph - -----> statementPart
2021-11-19T10:23:43,117|[TRACE] graph - -------> nonSkippedSpace
2021-11-19T10:23:43,117|[TRACE] script - #out(` `) [token]
2021-11-19T10:23:43,117|[TRACE] graph - <------- nonSkippedSpace
2021-11-19T10:23:43,117|[TRACE] graph - <----- statementPart
2021-11-19T10:23:43,117|[TRACE] graph - -----> statementPart
2021-11-19T10:23:43,117|[TRACE] graph - -------> nonSkippedChar
2021-11-19T10:23:43,117|[TRACE] script - #out(`D`) [token]
2021-11-19T10:23:43,117|[TRACE] graph - <------- nonSkippedChar
2021-11-19T10:23:43,117|[TRACE] graph - <----- statementPart
2021-11-19T10:23:43,117|[TRACE] graph - -----> statementPart
2021-11-19T10:23:43,117|[TRACE] graph - -------> nonSkippedChar
2021-11-19T10:23:43,117|[TRACE] script - #out(`E`) [token]
2021-11-19T10:23:43,117|[TRACE] graph - <------- nonSkippedChar
2021-11-19T10:23:43,117|[TRACE] graph - <----- statementPart
2021-11-19T10:23:43,117|[TRACE] graph - -----> statementPart
2021-11-19T10:23:43,117|[TRACE] graph - -------> nonSkippedChar
2021-11-19T10:23:43,117|[TRACE] script - #out(`F`) [token]
2021-11-19T10:23:43,117|[TRACE] graph - <------- nonSkippedChar
2021-11-19T10:23:43,117|[TRACE] graph - <----- statementPart
2021-11-19T10:23:43,117|[TRACE] graph - -----> statementPart
2021-11-19T10:23:43,117|[TRACE] graph - -------> nonSkippedChar
2021-11-19T10:23:43,117|[TRACE] script - #out(`A`) [token]
2021-11-19T10:23:43,117|[TRACE] graph - <------- nonSkippedChar
2021-11-19T10:23:43,118|[TRACE] graph - <----- statementPart
2021-11-19T10:23:43,118|[TRACE] graph - -----> statementPart
2021-11-19T10:23:43,118|[TRACE] graph - -------> nonSkippedChar
2021-11-19T10:23:43,118|[TRACE] script - #out(`U`) [token]
2021-11-19T10:23:43,118|[TRACE] graph - <------- nonSkippedChar
2021-11-19T10:23:43,118|[TRACE] graph - <----- statementPart
2021-11-19T10:23:43,118|[TRACE] graph - -----> statementPart
2021-11-19T10:23:43,118|[TRACE] graph - -------> nonSkippedChar
2021-11-19T10:23:43,118|[TRACE] script - #out(`L`) [token]
2021-11-19T10:23:43,118|[TRACE] graph - <------- nonSkippedChar
2021-11-19T10:23:43,118|[TRACE] graph - <----- statementPart
2021-11-19T10:23:43,118|[TRACE] graph - -----> statementPart
2021-11-19T10:23:43,118|[TRACE] graph - -------> nonSkippedChar
2021-11-19T10:23:43,118|[TRACE] script - #out(`T`) [token]
2021-11-19T10:23:43,118|[TRACE] graph - <------- nonSkippedChar
2021-11-19T10:23:43,118|[TRACE] graph - <----- statementPart
2021-11-19T10:23:43,118|[TRACE] graph - -----> statementPart
2021-11-19T10:23:43,118|[TRACE] graph - -------> nonSkippedSpace
2021-11-19T10:23:43,118|[TRACE] script - #out(` `) [token]
2021-11-19T10:23:43,118|[TRACE] graph - <------- nonSkippedSpace
2021-11-19T10:23:43,118|[TRACE] graph - <----- statementPart
2021-11-19T10:23:43,118|[TRACE] graph - -----> statementPart
2021-11-19T10:23:43,118|[TRACE] graph - -------> nonSkippedChar
2021-11-19T10:23:43,118|[TRACE] script - #out(`(`) [token]
2021-11-19T10:23:43,118|[TRACE] graph - <------- nonSkippedChar
2021-11-19T10:23:43,118|[TRACE] graph - <----- statementPart
2021-11-19T10:23:43,118|[TRACE] graph - -----> statementPart
2021-11-19T10:23:43,118|[TRACE] graph - -------> nonSkippedChar
2021-11-19T10:23:43,118|[TRACE] script - #out(`u`) [token]
2021-11-19T10:23:43,118|[TRACE] graph - <------- nonSkippedChar
2021-11-19T10:23:43,118|[TRACE] graph - <----- statementPart
2021-11-19T10:23:43,118|[TRACE] graph - -----> statementPart
2021-11-19T10:23:43,118|[TRACE] graph - -------> nonSkippedChar
2021-11-19T10:23:43,118|[TRACE] script - #out(`n`) [token]
2021-11-19T10:23:43,118|[TRACE] graph - <------- nonSkippedChar
2021-11-19T10:23:43,118|[TRACE] graph - <----- statementPart
2021-11-19T10:23:43,118|[TRACE] graph - -----> statementPart
2021-11-19T10:23:43,118|[TRACE] graph - -------> nonSkippedChar
2021-11-19T10:23:43,118|[TRACE] script - #out(`i`) [token]
2021-11-19T10:23:43,118|[TRACE] graph - <------- nonSkippedChar
2021-11-19T10:23:43,118|[TRACE] graph - <----- statementPart
2021-11-19T10:23:43,118|[TRACE] graph - -----> statementPart
2021-11-19T10:23:43,118|[TRACE] graph - -------> nonSkippedChar
2021-11-19T10:23:43,118|[TRACE] script - #out(`x`) [token]
2021-11-19T10:23:43,118|[TRACE] graph - <------- nonSkippedChar
2021-11-19T10:23:43,118|[TRACE] graph - <----- statementPart
2021-11-19T10:23:43,118|[TRACE] graph - -----> statementPart
2021-11-19T10:23:43,118|[TRACE] graph - -------> nonSkippedChar
2021-11-19T10:23:43,118|[TRACE] script - #out(`_`) [token]
2021-11-19T10:23:43,118|[TRACE] graph - <------- nonSkippedChar
2021-11-19T10:23:43,118|[TRACE] graph - <----- statementPart
2021-11-19T10:23:43,118|[TRACE] graph - -----> statementPart
2021-11-19T10:23:43,118|[TRACE] graph - -------> nonSkippedChar
2021-11-19T10:23:43,118|[TRACE] script - #out(`t`) [token]
2021-11-19T10:23:43,118|[TRACE] graph - <------- nonSkippedChar
2021-11-19T10:23:43,118|[TRACE] graph - <----- statementPart
2021-11-19T10:23:43,118|[TRACE] graph - -----> statementPart
2021-11-19T10:23:43,118|[TRACE] graph - -------> nonSkippedChar
2021-11-19T10:23:43,118|[TRACE] script - #out(`i`) [token]
2021-11-19T10:23:43,118|[TRACE] graph - <------- nonSkippedChar
2021-11-19T10:23:43,118|[TRACE] graph - <----- statementPart
2021-11-19T10:23:43,118|[TRACE] graph - -----> statementPart
2021-11-19T10:23:43,118|[TRACE] graph - -------> nonSkippedChar
2021-11-19T10:23:43,118|[TRACE] script - #out(`m`) [token]
2021-11-19T10:23:43,118|[TRACE] graph - <------- nonSkippedChar
2021-11-19T10:23:43,118|[TRACE] graph - <----- statementPart
2021-11-19T10:23:43,118|[TRACE] graph - -----> statementPart
2021-11-19T10:23:43,118|[TRACE] graph - -------> nonSkippedChar
2021-11-19T10:23:43,118|[TRACE] script - #out(`e`) [token]
2021-11-19T10:23:43,118|[TRACE] graph - <------- nonSkippedChar
2021-11-19T10:23:43,118|[TRACE] graph - <----- statementPart
2021-11-19T10:23:43,118|[TRACE] graph - -----> statementPart
2021-11-19T10:23:43,118|[TRACE] graph - -------> nonSkippedChar
2021-11-19T10:23:43,118|[TRACE] script - #out(`s`) [token]
2021-11-19T10:23:43,118|[TRACE] graph - <------- nonSkippedChar
2021-11-19T10:23:43,118|[TRACE] graph - <----- statementPart
2021-11-19T10:23:43,118|[TRACE] graph - -----> statementPart
2021-11-19T10:23:43,118|[TRACE] graph - -------> nonSkippedChar
2021-11-19T10:23:43,118|[TRACE] script - #out(`t`) [token]
2021-11-19T10:23:43,118|[TRACE] graph - <------- nonSkippedChar
2021-11-19T10:23:43,118|[TRACE] graph - <----- statementPart
2021-11-19T10:23:43,118|[TRACE] graph - -----> statementPart
2021-11-19T10:23:43,118|[TRACE] graph - -------> nonSkippedChar
2021-11-19T10:23:43,118|[TRACE] script - #out(`a`) [token]
2021-11-19T10:23:43,118|[TRACE] graph - <------- nonSkippedChar
2021-11-19T10:23:43,118|[TRACE] graph - <----- statementPart
2021-11-19T10:23:43,118|[TRACE] graph - -----> statementPart
2021-11-19T10:23:43,119|[TRACE] graph - -------> nonSkippedChar
2021-11-19T10:23:43,119|[TRACE] script - #out(`m`) [token]
2021-11-19T10:23:43,119|[TRACE] graph - <------- nonSkippedChar
2021-11-19T10:23:43,119|[TRACE] graph - <----- statementPart
2021-11-19T10:23:43,119|[TRACE] graph - -----> statementPart
2021-11-19T10:23:43,119|[TRACE] graph - -------> nonSkippedChar
2021-11-19T10:23:43,119|[TRACE] script - #out(`p`) [token]
2021-11-19T10:23:43,119|[TRACE] graph - <------- nonSkippedChar
2021-11-19T10:23:43,119|[TRACE] graph - <----- statementPart
2021-11-19T10:23:43,119|[TRACE] graph - -----> statementPart
2021-11-19T10:23:43,119|[TRACE] graph - -------> nonSkippedChar
2021-11-19T10:23:43,119|[TRACE] script - #out(`(`) [token]
2021-11-19T10:23:43,119|[TRACE] graph - <------- nonSkippedChar
2021-11-19T10:23:43,119|[TRACE] graph - <----- statementPart
2021-11-19T10:23:43,119|[TRACE] graph - -----> statementPart
2021-11-19T10:23:43,119|[TRACE] graph - -------> nonSkippedChar
2021-11-19T10:23:43,119|[TRACE] script - #out(`n`) [token]
2021-11-19T10:23:43,119|[TRACE] graph - <------- nonSkippedChar
2021-11-19T10:23:43,119|[TRACE] graph - <----- statementPart
2021-11-19T10:23:43,119|[TRACE] graph - -----> statementPart
2021-11-19T10:23:43,119|[TRACE] graph - -------> nonSkippedChar
2021-11-19T10:23:43,119|[TRACE] script - #out(`o`) [token]
2021-11-19T10:23:43,119|[TRACE] graph - <------- nonSkippedChar
2021-11-19T10:23:43,119|[TRACE] graph - <----- statementPart
2021-11-19T10:23:43,119|[TRACE] graph - -----> statementPart
2021-11-19T10:23:43,119|[TRACE] graph - -------> nonSkippedChar
2021-11-19T10:23:43,119|[TRACE] script - #out(`w`) [token]
2021-11-19T10:23:43,119|[TRACE] graph - <------- nonSkippedChar
2021-11-19T10:23:43,119|[TRACE] graph - <----- statementPart
2021-11-19T10:23:43,119|[TRACE] graph - -----> statementPart
2021-11-19T10:23:43,119|[TRACE] graph - -------> nonSkippedChar
2021-11-19T10:23:43,119|[TRACE] script - #out(`(`) [token]
2021-11-19T10:23:43,119|[TRACE] graph - <------- nonSkippedChar
2021-11-19T10:23:43,119|[TRACE] graph - <----- statementPart
2021-11-19T10:23:43,119|[TRACE] graph - -----> statementPart
2021-11-19T10:23:43,119|[TRACE] graph - -------> nonSkippedChar
2021-11-19T10:23:43,119|[TRACE] script - #out(`)`) [token]
2021-11-19T10:23:43,119|[TRACE] graph - <------- nonSkippedChar
2021-11-19T10:23:43,119|[TRACE] graph - <----- statementPart
2021-11-19T10:23:43,119|[TRACE] graph - -----> statementPart
2021-11-19T10:23:43,119|[TRACE] graph - -------> nonSkippedChar
2021-11-19T10:23:43,119|[TRACE] script - #out(`)`) [token]
2021-11-19T10:23:43,119|[TRACE] graph - <------- nonSkippedChar
2021-11-19T10:23:43,119|[TRACE] graph - <----- statementPart
2021-11-19T10:23:43,119|[TRACE] graph - -----> statementPart
2021-11-19T10:23:43,119|[TRACE] graph - -------> nonSkippedSpace
2021-11-19T10:23:43,119|[TRACE] script - #out(` `) [token]
2021-11-19T10:23:43,119|[TRACE] graph - <------- nonSkippedSpace
2021-11-19T10:23:43,119|[TRACE] graph - <----- statementPart
2021-11-19T10:23:43,119|[TRACE] graph - -----> statementPart
2021-11-19T10:23:43,119|[TRACE] graph - -------> nonSkippedChar
2021-11-19T10:23:43,119|[TRACE] script - #out(`*`) [token]
2021-11-19T10:23:43,119|[TRACE] graph - <------- nonSkippedChar
2021-11-19T10:23:43,119|[TRACE] graph - <----- statementPart
2021-11-19T10:23:43,119|[TRACE] graph - -----> statementPart
2021-11-19T10:23:43,119|[TRACE] graph - -------> nonSkippedSpace
2021-11-19T10:23:43,119|[TRACE] script - #out(` `) [token]
2021-11-19T10:23:43,119|[TRACE] graph - <------- nonSkippedSpace
2021-11-19T10:23:43,119|[TRACE] graph - <----- statementPart
2021-11-19T10:23:43,119|[TRACE] graph - -----> statementPart
2021-11-19T10:23:43,119|[TRACE] graph - -------> nonSkippedChar
2021-11-19T10:23:43,119|[TRACE] script - #out(`1`) [token]
2021-11-19T10:23:43,119|[TRACE] graph - <------- nonSkippedChar
2021-11-19T10:23:43,119|[TRACE] graph - <----- statementPart
2021-11-19T10:23:43,119|[TRACE] graph - -----> statementPart
2021-11-19T10:23:43,119|[TRACE] graph - -------> nonSkippedChar
2021-11-19T10:23:43,119|[TRACE] script - #out(`0`) [token]
2021-11-19T10:23:43,119|[TRACE] graph - <------- nonSkippedChar
2021-11-19T10:23:43,119|[TRACE] graph - <----- statementPart
2021-11-19T10:23:43,119|[TRACE] graph - -----> statementPart
2021-11-19T10:23:43,119|[TRACE] graph - -------> nonSkippedChar
2021-11-19T10:23:43,119|[TRACE] script - #out(`0`) [token]
2021-11-19T10:23:43,119|[TRACE] graph - <------- nonSkippedChar
2021-11-19T10:23:43,119|[TRACE] graph - <----- statementPart
2021-11-19T10:23:43,119|[TRACE] graph - -----> statementPart
2021-11-19T10:23:43,119|[TRACE] graph - -------> nonSkippedChar
2021-11-19T10:23:43,119|[TRACE] script - #out(`0`) [token]
2021-11-19T10:23:43,119|[TRACE] graph - <------- nonSkippedChar
2021-11-19T10:23:43,119|[TRACE] graph - <----- statementPart
2021-11-19T10:23:43,119|[TRACE] graph - -----> statementPart
2021-11-19T10:23:43,119|[TRACE] graph - -------> nonSkippedChar
2021-11-19T10:23:43,119|[TRACE] script - #out(`)`) [token]
2021-11-19T10:23:43,119|[TRACE] graph - <------- nonSkippedChar
2021-11-19T10:23:43,119|[TRACE] graph - <----- statementPart
2021-11-19T10:23:43,119|[TRACE] graph - -----> statementPart
2021-11-19T10:23:43,119|[TRACE] graph - -------> nonSkippedChar
2021-11-19T10:23:43,119|[TRACE] script - #out(`,`) [token]
2021-11-19T10:23:43,119|[TRACE] graph - <------- nonSkippedChar
2021-11-19T10:23:43,119|[TRACE] graph - <----- statementPart
2021-11-19T10:23:43,119|[TRACE] graph - -----> afterStatementPartNewline
2021-11-19T10:23:43,119|[TRACE] script - #out(` `) [text]
2021-11-19T10:23:43,119|[TRACE] graph - <----- afterStatementPartNewline
2021-11-19T10:23:43,119|[TRACE] graph - -----> statementPart
2021-11-19T10:23:43,119|[TRACE] graph - -------> nonSkippedSpace
2021-11-19T10:23:43,119|[TRACE] script - #out(` `) [token]
2021-11-19T10:23:43,119|[TRACE] graph - <------- nonSkippedSpace
2021-11-19T10:23:43,119|[TRACE] graph - <----- statementPart
2021-11-19T10:23:43,119|[TRACE] graph - -----> statementPart
2021-11-19T10:23:43,119|[TRACE] graph - -------> nonSkippedSpace
2021-11-19T10:23:43,119|[TRACE] script - #out(` `) [token]
2021-11-19T10:23:43,119|[TRACE] graph - <------- nonSkippedSpace
2021-11-19T10:23:43,119|[TRACE] graph - <----- statementPart
2021-11-19T10:23:43,119|[TRACE] graph - -----> statementPart
2021-11-19T10:23:43,119|[TRACE] graph - -------> quotedString
2021-11-19T10:23:43,119|[TRACE] script - #out(``version``) [token]
2021-11-19T10:23:43,119|[TRACE] graph - <------- quotedString
2021-11-19T10:23:43,119|[TRACE] graph - <----- statementPart
2021-11-19T10:23:43,119|[TRACE] graph - -----> statementPart
2021-11-19T10:23:43,119|[TRACE] graph - -------> nonSkippedSpace
2021-11-19T10:23:43,119|[TRACE] script - #out(` `) [token]
2021-11-19T10:23:43,119|[TRACE] graph - <------- nonSkippedSpace
2021-11-19T10:23:43,119|[TRACE] graph - <----- statementPart
2021-11-19T10:23:43,119|[TRACE] graph - -----> statementPart
2021-11-19T10:23:43,119|[TRACE] graph - -------> nonSkippedChar
2021-11-19T10:23:43,119|[TRACE] script - #out(`I`) [token]
2021-11-19T10:23:43,119|[TRACE] graph - <------- nonSkippedChar
2021-11-19T10:23:43,119|[TRACE] graph - <----- statementPart
2021-11-19T10:23:43,119|[TRACE] graph - -----> statementPart
2021-11-19T10:23:43,119|[TRACE] graph - -------> nonSkippedChar
2021-11-19T10:23:43,119|[TRACE] script - #out(`N`) [token]
2021-11-19T10:23:43,119|[TRACE] graph - <------- nonSkippedChar
2021-11-19T10:23:43,120|[TRACE] graph - <----- statementPart
2021-11-19T10:23:43,120|[TRACE] graph - -----> statementPart
2021-11-19T10:23:43,120|[TRACE] graph - -------> nonSkippedChar
2021-11-19T10:23:43,120|[TRACE] script - #out(`T`) [token]
2021-11-19T10:23:43,120|[TRACE] graph - <------- nonSkippedChar
2021-11-19T10:23:43,120|[TRACE] graph - <----- statementPart
2021-11-19T10:23:43,120|[TRACE] graph - -----> statementPart
2021-11-19T10:23:43,120|[TRACE] graph - -------> nonSkippedSpace
2021-11-19T10:23:43,120|[TRACE] script - #out(` `) [token]
2021-11-19T10:23:43,120|[TRACE] graph - <------- nonSkippedSpace
2021-11-19T10:23:43,120|[TRACE] graph - <----- statementPart
2021-11-19T10:23:43,120|[TRACE] graph - -----> statementPart
2021-11-19T10:23:43,120|[TRACE] graph - -------> nonSkippedChar
2021-11-19T10:23:43,120|[TRACE] script - #out(`N`) [token]
2021-11-19T10:23:43,120|[TRACE] graph - <------- nonSkippedChar
2021-11-19T10:23:43,120|[TRACE] graph - <----- statementPart
2021-11-19T10:23:43,120|[TRACE] graph - -----> statementPart
2021-11-19T10:23:43,120|[TRACE] graph - -------> nonSkippedChar
2021-11-19T10:23:43,120|[TRACE] script - #out(`O`) [token]
2021-11-19T10:23:43,120|[TRACE] graph - <------- nonSkippedChar
2021-11-19T10:23:43,120|[TRACE] graph - <----- statementPart
2021-11-19T10:23:43,120|[TRACE] graph - -----> statementPart
2021-11-19T10:23:43,120|[TRACE] graph - -------> nonSkippedChar
2021-11-19T10:23:43,120|[TRACE] script - #out(`T`) [token]
2021-11-19T10:23:43,120|[TRACE] graph - <------- nonSkippedChar
2021-11-19T10:23:43,120|[TRACE] graph - <----- statementPart
2021-11-19T10:23:43,120|[TRACE] graph - -----> statementPart
2021-11-19T10:23:43,120|[TRACE] graph - -------> nonSkippedSpace
2021-11-19T10:23:43,120|[TRACE] script - #out(` `) [token]
2021-11-19T10:23:43,120|[TRACE] graph - <------- nonSkippedSpace
2021-11-19T10:23:43,120|[TRACE] graph - <----- statementPart
2021-11-19T10:23:43,120|[TRACE] graph - -----> statementPart
2021-11-19T10:23:43,120|[TRACE] graph - -------> nonSkippedChar
2021-11-19T10:23:43,120|[TRACE] script - #out(`N`) [token]
2021-11-19T10:23:43,120|[TRACE] graph - <------- nonSkippedChar
2021-11-19T10:23:43,120|[TRACE] graph - <----- statementPart
2021-11-19T10:23:43,120|[TRACE] graph - -----> statementPart
2021-11-19T10:23:43,120|[TRACE] graph - -------> nonSkippedChar
2021-11-19T10:23:43,120|[TRACE] script - #out(`U`) [token]
2021-11-19T10:23:43,120|[TRACE] graph - <------- nonSkippedChar
2021-11-19T10:23:43,120|[TRACE] graph - <----- statementPart
2021-11-19T10:23:43,120|[TRACE] graph - -----> statementPart
2021-11-19T10:23:43,120|[TRACE] graph - -------> nonSkippedChar
2021-11-19T10:23:43,120|[TRACE] script - #out(`L`) [token]
2021-11-19T10:23:43,120|[TRACE] graph - <------- nonSkippedChar
2021-11-19T10:23:43,120|[TRACE] graph - <----- statementPart
2021-11-19T10:23:43,120|[TRACE] graph - -----> statementPart
2021-11-19T10:23:43,120|[TRACE] graph - -------> nonSkippedChar
2021-11-19T10:23:43,120|[TRACE] script - #out(`L`) [token]
2021-11-19T10:23:43,120|[TRACE] graph - <------- nonSkippedChar
2021-11-19T10:23:43,120|[TRACE] graph - <----- statementPart
2021-11-19T10:23:43,120|[TRACE] graph - -----> statementPart
2021-11-19T10:23:43,120|[TRACE] graph - -------> nonSkippedSpace
2021-11-19T10:23:43,120|[TRACE] script - #out(` `) [token]
2021-11-19T10:23:43,120|[TRACE] graph - <------- nonSkippedSpace
2021-11-19T10:23:43,120|[TRACE] graph - <----- statementPart
2021-11-19T10:23:43,120|[TRACE] graph - -----> statementPart
2021-11-19T10:23:43,120|[TRACE] graph - -------> nonSkippedChar
2021-11-19T10:23:43,120|[TRACE] script - #out(`D`) [token]
2021-11-19T10:23:43,120|[TRACE] graph - <------- nonSkippedChar
2021-11-19T10:23:43,120|[TRACE] graph - <----- statementPart
2021-11-19T10:23:43,120|[TRACE] graph - -----> statementPart
2021-11-19T10:23:43,120|[TRACE] graph - -------> nonSkippedChar
2021-11-19T10:23:43,120|[TRACE] script - #out(`E`) [token]
2021-11-19T10:23:43,120|[TRACE] graph - <------- nonSkippedChar
2021-11-19T10:23:43,120|[TRACE] graph - <----- statementPart
2021-11-19T10:23:43,120|[TRACE] graph - -----> statementPart
2021-11-19T10:23:43,120|[TRACE] graph - -------> nonSkippedChar
2021-11-19T10:23:43,120|[TRACE] script - #out(`F`) [token]
2021-11-19T10:23:43,120|[TRACE] graph - <------- nonSkippedChar
2021-11-19T10:23:43,120|[TRACE] graph - <----- statementPart
2021-11-19T10:23:43,120|[TRACE] graph - -----> statementPart
2021-11-19T10:23:43,120|[TRACE] graph - -------> nonSkippedChar
2021-11-19T10:23:43,120|[TRACE] script - #out(`A`) [token]
2021-11-19T10:23:43,120|[TRACE] graph - <------- nonSkippedChar
2021-11-19T10:23:43,120|[TRACE] graph - <----- statementPart
2021-11-19T10:23:43,120|[TRACE] graph - -----> statementPart
2021-11-19T10:23:43,120|[TRACE] graph - -------> nonSkippedChar
2021-11-19T10:23:43,120|[TRACE] script - #out(`U`) [token]
2021-11-19T10:23:43,200|[TRACE] graph - <------- nonSkippedChar
2021-11-19T10:23:43,200|[TRACE] graph - <----- statementPart
2021-11-19T10:23:43,200|[TRACE] graph - -----> statementPart
2021-11-19T10:23:43,200|[TRACE] graph - -------> nonSkippedChar
2021-11-19T10:23:43,200|[TRACE] script - #out(`L`) [token]
2021-11-19T10:23:43,200|[TRACE] graph - <------- nonSkippedChar
2021-11-19T10:23:43,200|[TRACE] graph - <----- statementPart
2021-11-19T10:23:43,200|[TRACE] graph - -----> statementPart
2021-11-19T10:23:43,200|[TRACE] graph - -------> nonSkippedChar
2021-11-19T10:23:43,200|[TRACE] script - #out(`T`) [token]
2021-11-19T10:23:43,200|[TRACE] graph - <------- nonSkippedChar
2021-11-19T10:23:43,200|[TRACE] graph - <----- statementPart
2021-11-19T10:23:43,200|[TRACE] graph - -----> statementPart
2021-11-19T10:23:43,200|[TRACE] graph - -------> nonSkippedSpace
2021-11-19T10:23:43,200|[TRACE] script - #out(` `) [token]
2021-11-19T10:23:43,200|[TRACE] graph - <------- nonSkippedSpace
2021-11-19T10:23:43,200|[TRACE] graph - <----- statementPart
2021-11-19T10:23:43,200|[TRACE] graph - -----> statementPart
2021-11-19T10:23:43,200|[TRACE] graph - -------> nonSkippedChar
2021-11-19T10:23:43,200|[TRACE] script - #out(`1`) [token]
2021-11-19T10:23:43,200|[TRACE] graph - <------- nonSkippedChar
2021-11-19T10:23:43,200|[TRACE] graph - <----- statementPart
2021-11-19T10:23:43,200|[TRACE] graph - -----> statementPart
2021-11-19T10:23:43,200|[TRACE] graph - -------> nonSkippedChar
2021-11-19T10:23:43,200|[TRACE] script - #out(`,`) [token]
2021-11-19T10:23:43,200|[TRACE] graph - <------- nonSkippedChar
2021-11-19T10:23:43,200|[TRACE] graph - <----- statementPart
2021-11-19T10:23:43,200|[TRACE] graph - -----> afterStatementPartNewline
2021-11-19T10:23:43,200|[TRACE] script - #out(` `) [text]
2021-11-19T10:23:43,200|[TRACE] graph - <----- afterStatementPartNewline
2021-11-19T10:23:43,200|[TRACE] graph - -----> statementPart
2021-11-19T10:23:43,200|[TRACE] graph - -------> nonSkippedSpace
2021-11-19T10:23:43,200|[TRACE] script - #out(` `) [token]
2021-11-19T10:23:43,200|[TRACE] graph - <------- nonSkippedSpace
2021-11-19T10:23:43,200|[TRACE] graph - <----- statementPart
2021-11-19T10:23:43,200|[TRACE] graph - -----> statementPart
2021-11-19T10:23:43,200|[TRACE] graph - -------> nonSkippedSpace
2021-11-19T10:23:43,200|[TRACE] script - #out(` `) [token]
2021-11-19T10:23:43,200|[TRACE] graph - <------- nonSkippedSpace
2021-11-19T10:23:43,200|[TRACE] graph - <----- statementPart
2021-11-19T10:23:43,200|[TRACE] graph - -----> statementPart
2021-11-19T10:23:43,200|[TRACE] graph - -------> nonSkippedChar
2021-11-19T10:23:43,200|[TRACE] script - #out(`P`) [token]
2021-11-19T10:23:43,200|[TRACE] graph - <------- nonSkippedChar
2021-11-19T10:23:43,200|[TRACE] graph - <----- statementPart
2021-11-19T10:23:43,200|[TRACE] graph - -----> statementPart
2021-11-19T10:23:43,200|[TRACE] graph - -------> nonSkippedChar
2021-11-19T10:23:43,200|[TRACE] script - #out(`R`) [token]
2021-11-19T10:23:43,200|[TRACE] graph - <------- nonSkippedChar
2021-11-19T10:23:43,200|[TRACE] graph - <----- statementPart
2021-11-19T10:23:43,200|[TRACE] graph - -----> statementPart
2021-11-19T10:23:43,200|[TRACE] graph - -------> nonSkippedChar
2021-11-19T10:23:43,200|[TRACE] script - #out(`I`) [token]
2021-11-19T10:23:43,200|[TRACE] graph - <------- nonSkippedChar
2021-11-19T10:23:43,200|[TRACE] graph - <----- statementPart
2021-11-19T10:23:43,200|[TRACE] graph - -----> statementPart
2021-11-19T10:23:43,200|[TRACE] graph - -------> nonSkippedChar
2021-11-19T10:23:43,200|[TRACE] script - #out(`M`) [token]
2021-11-19T10:23:43,200|[TRACE] graph - <------- nonSkippedChar
2021-11-19T10:23:43,200|[TRACE] graph - <----- statementPart
2021-11-19T10:23:43,200|[TRACE] graph - -----> statementPart
2021-11-19T10:23:43,200|[TRACE] graph - -------> nonSkippedChar
2021-11-19T10:23:43,200|[TRACE] script - #out(`A`) [token]
2021-11-19T10:23:43,200|[TRACE] graph - <------- nonSkippedChar
2021-11-19T10:23:43,200|[TRACE] graph - <----- statementPart
2021-11-19T10:23:43,200|[TRACE] graph - -----> statementPart
2021-11-19T10:23:43,200|[TRACE] graph - -------> nonSkippedChar
2021-11-19T10:23:43,200|[TRACE] script - #out(`R`) [token]
2021-11-19T10:23:43,200|[TRACE] graph - <------- nonSkippedChar
2021-11-19T10:23:43,200|[TRACE] graph - <----- statementPart
2021-11-19T10:23:43,200|[TRACE] graph - -----> statementPart
2021-11-19T10:23:43,200|[TRACE] graph - -------> nonSkippedChar
2021-11-19T10:23:43,200|[TRACE] script - #out(`Y`) [token]
2021-11-19T10:23:43,200|[TRACE] graph - <------- nonSkippedChar
2021-11-19T10:23:43,200|[TRACE] graph - <----- statementPart
2021-11-19T10:23:43,200|[TRACE] graph - -----> statementPart
2021-11-19T10:23:43,200|[TRACE] graph - -------> nonSkippedSpace
2021-11-19T10:23:43,200|[TRACE] script - #out(` `) [token]
2021-11-19T10:23:43,200|[TRACE] graph - <------- nonSkippedSpace
2021-11-19T10:23:43,200|[TRACE] graph - <----- statementPart
2021-11-19T10:23:43,200|[TRACE] graph - -----> statementPart
2021-11-19T10:23:43,200|[TRACE] graph - -------> nonSkippedChar
2021-11-19T10:23:43,200|[TRACE] script - #out(`K`) [token]
2021-11-19T10:23:43,200|[TRACE] graph - <------- nonSkippedChar
2021-11-19T10:23:43,200|[TRACE] graph - <----- statementPart
2021-11-19T10:23:43,200|[TRACE] graph - -----> statementPart
2021-11-19T10:23:43,200|[TRACE] graph - -------> nonSkippedChar
2021-11-19T10:23:43,200|[TRACE] script - #out(`E`) [token]
2021-11-19T10:23:43,200|[TRACE] graph - <------- nonSkippedChar
2021-11-19T10:23:43,200|[TRACE] graph - <----- statementPart
2021-11-19T10:23:43,200|[TRACE] graph - -----> statementPart
2021-11-19T10:23:43,200|[TRACE] graph - -------> nonSkippedChar
2021-11-19T10:23:43,200|[TRACE] script - #out(`Y`) [token]
2021-11-19T10:23:43,200|[TRACE] graph - <------- nonSkippedChar
2021-11-19T10:23:43,200|[TRACE] graph - <----- statementPart
2021-11-19T10:23:43,200|[TRACE] graph - -----> statementPart
2021-11-19T10:23:43,200|[TRACE] graph - -------> nonSkippedSpace
2021-11-19T10:23:43,200|[TRACE] script - #out(` `) [token]
2021-11-19T10:23:43,201|[TRACE] graph - <------- nonSkippedSpace
2021-11-19T10:23:43,201|[TRACE] graph - <----- statementPart
2021-11-19T10:23:43,201|[TRACE] graph - -----> statementPart
2021-11-19T10:23:43,201|[TRACE] graph - -------> nonSkippedChar
2021-11-19T10:23:43,201|[TRACE] script - #out(`(`) [token]
2021-11-19T10:23:43,201|[TRACE] graph - <------- nonSkippedChar
2021-11-19T10:23:43,201|[TRACE] graph - <----- statementPart
2021-11-19T10:23:43,201|[TRACE] graph - -----> statementPart
2021-11-19T10:23:43,201|[TRACE] graph - -------> quotedString
2021-11-19T10:23:43,201|[TRACE] script - #out(``phone_id``) [token]
2021-11-19T10:23:43,201|[TRACE] graph - <------- quotedString
2021-11-19T10:23:43,201|[TRACE] graph - <----- statementPart
2021-11-19T10:23:43,201|[TRACE] graph - -----> statementPart
2021-11-19T10:23:43,201|[TRACE] graph - -------> nonSkippedChar
2021-11-19T10:23:43,201|[TRACE] script - #out(`)`) [token]
2021-11-19T10:23:43,201|[TRACE] graph - <------- nonSkippedChar
2021-11-19T10:23:43,201|[TRACE] graph - <----- statementPart
2021-11-19T10:23:43,201|[TRACE] graph - -----> statementPart
2021-11-19T10:23:43,201|[TRACE] graph - -------> nonSkippedChar
2021-11-19T10:23:43,201|[TRACE] script - #out(`)`) [token]
2021-11-19T10:23:43,201|[TRACE] graph - <------- nonSkippedChar
2021-11-19T10:23:43,201|[TRACE] graph - <----- statementPart
2021-11-19T10:23:43,201|[TRACE] graph - -----> afterStatementPartNewline
2021-11-19T10:23:43,201|[TRACE] script - #out(` `) [text]
2021-11-19T10:23:43,201|[TRACE] graph - <----- afterStatementPartNewline
2021-11-19T10:23:43,201|[TRACE] graph - -----> statementPart
2021-11-19T10:23:43,201|[TRACE] graph - -------> nonSkippedChar
2021-11-19T10:23:43,201|[TRACE] script - #out(`E`) [token]
2021-11-19T10:23:43,201|[TRACE] graph - <------- nonSkippedChar
2021-11-19T10:23:43,201|[TRACE] graph - <----- statementPart
2021-11-19T10:23:43,201|[TRACE] graph - -----> statementPart
2021-11-19T10:23:43,201|[TRACE] graph - -------> nonSkippedChar
2021-11-19T10:23:43,201|[TRACE] script - #out(`N`) [token]
2021-11-19T10:23:43,201|[TRACE] graph - <------- nonSkippedChar
2021-11-19T10:23:43,201|[TRACE] graph - <----- statementPart
2021-11-19T10:23:43,201|[TRACE] graph - -----> statementPart
2021-11-19T10:23:43,201|[TRACE] graph - -------> nonSkippedChar
2021-11-19T10:23:43,201|[TRACE] script - #out(`G`) [token]
2021-11-19T10:23:43,201|[TRACE] graph - <------- nonSkippedChar
2021-11-19T10:23:43,201|[TRACE] graph - <----- statementPart
2021-11-19T10:23:43,201|[TRACE] graph - -----> statementPart
2021-11-19T10:23:43,201|[TRACE] graph - -------> nonSkippedChar
2021-11-19T10:23:43,201|[TRACE] script - #out(`I`) [token]
2021-11-19T10:23:43,201|[TRACE] graph - <------- nonSkippedChar
2021-11-19T10:23:43,201|[TRACE] graph - <----- statementPart
2021-11-19T10:23:43,201|[TRACE] graph - -----> statementPart
2021-11-19T10:23:43,201|[TRACE] graph - -------> nonSkippedChar
2021-11-19T10:23:43,201|[TRACE] script - #out(`N`) [token]
2021-11-19T10:23:43,201|[TRACE] graph - <------- nonSkippedChar
2021-11-19T10:23:43,201|[TRACE] graph - <----- statementPart
2021-11-19T10:23:43,201|[TRACE] graph - -----> statementPart
2021-11-19T10:23:43,201|[TRACE] graph - -------> nonSkippedChar
2021-11-19T10:23:43,201|[TRACE] script - #out(`E`) [token]
2021-11-19T10:23:43,201|[TRACE] graph - <------- nonSkippedChar
2021-11-19T10:23:43,201|[TRACE] graph - <----- statementPart
2021-11-19T10:23:43,201|[TRACE] graph - -----> statementPart
2021-11-19T10:23:43,201|[TRACE] graph - -------> nonSkippedSpace
2021-11-19T10:23:43,201|[TRACE] script - #out(` `) [token]
2021-11-19T10:23:43,201|[TRACE] graph - <------- nonSkippedSpace
2021-11-19T10:23:43,201|[TRACE] graph - <----- statementPart
2021-11-19T10:23:43,201|[TRACE] graph - -----> statementPart
2021-11-19T10:23:43,201|[TRACE] graph - -------> nonSkippedChar
2021-11-19T10:23:43,201|[TRACE] script - #out(`=`) [token]
2021-11-19T10:23:43,201|[TRACE] graph - <------- nonSkippedChar
2021-11-19T10:23:43,201|[TRACE] graph - <----- statementPart
2021-11-19T10:23:43,201|[TRACE] graph - -----> statementPart
2021-11-19T10:23:43,201|[TRACE] graph - -------> nonSkippedSpace
2021-11-19T10:23:43,201|[TRACE] script - #out(` `) [token]
2021-11-19T10:23:43,201|[TRACE] graph - <------- nonSkippedSpace
2021-11-19T10:23:43,201|[TRACE] graph - <----- statementPart
2021-11-19T10:23:43,201|[TRACE] graph - -----> statementPart
2021-11-19T10:23:43,201|[TRACE] graph - -------> nonSkippedChar
2021-11-19T10:23:43,201|[TRACE] script - #out(`I`) [token]
2021-11-19T10:23:43,201|[TRACE] graph - <------- nonSkippedChar
2021-11-19T10:23:43,201|[TRACE] graph - <----- statementPart
2021-11-19T10:23:43,201|[TRACE] graph - -----> statementPart
2021-11-19T10:23:43,201|[TRACE] graph - -------> nonSkippedChar
2021-11-19T10:23:43,201|[TRACE] script - #out(`n`) [token]
2021-11-19T10:23:43,201|[TRACE] graph - <------- nonSkippedChar
2021-11-19T10:23:43,201|[TRACE] graph - <----- statementPart
2021-11-19T10:23:43,201|[TRACE] graph - -----> statementPart
2021-11-19T10:23:43,201|[TRACE] graph - -------> nonSkippedChar
2021-11-19T10:23:43,201|[TRACE] script - #out(`n`) [token]
2021-11-19T10:23:43,201|[TRACE] graph - <------- nonSkippedChar
2021-11-19T10:23:43,201|[TRACE] graph - <----- statementPart
2021-11-19T10:23:43,201|[TRACE] graph - -----> statementPart
2021-11-19T10:23:43,201|[TRACE] graph - -------> nonSkippedChar
2021-11-19T10:23:43,201|[TRACE] script - #out(`o`) [token]
2021-11-19T10:23:43,201|[TRACE] graph - <------- nonSkippedChar
2021-11-19T10:23:43,201|[TRACE] graph - <----- statementPart
2021-11-19T10:23:43,201|[TRACE] graph - -----> statementPart
2021-11-19T10:23:43,201|[TRACE] graph - -------> nonSkippedChar
2021-11-19T10:23:43,201|[TRACE] script - #out(`D`) [token]
2021-11-19T10:23:43,201|[TRACE] graph - <------- nonSkippedChar
2021-11-19T10:23:43,201|[TRACE] graph - <----- statementPart
2021-11-19T10:23:43,201|[TRACE] graph - -----> statementPart
2021-11-19T10:23:43,201|[TRACE] graph - -------> nonSkippedChar
2021-11-19T10:23:43,201|[TRACE] script - #out(`B`) [token]
2021-11-19T10:23:43,201|[TRACE] graph - <------- nonSkippedChar
2021-11-19T10:23:43,201|[TRACE] graph - <----- statementPart
2021-11-19T10:23:43,201|[DEBUG] graph - Import statement : CREATE TABLE IF NOT EXISTS `bloodbank`.`phone` (   `phone_id` INT NOT NULL AUTO_INCREMENT,   `country_code` VARCHAR(10) NOT NULL DEFAULT '1',   `area_code` VARCHAR(10) NOT NULL,   `number` VARCHAR(10) NOT NULL,   `created` BIGINT NOT NULL DEFAULT (unix_timestamp(now()) * 1000),   `updated` BIGINT NOT NULL DEFAULT (unix_timestamp(now()) * 1000),   `version` INT NOT NULL DEFAULT 1,   PRIMARY KEY (`phone_id`)) ENGINE = InnoDB
2021-11-19T10:23:43,201|[TRACE] graph - <--- statement
2021-11-19T10:23:43,201|[TRACE] graph - ---> blankSpacesToSkip
2021-11-19T10:23:43,201|[TRACE] graph - -----> newLineToSkip
2021-11-19T10:23:43,201|[TRACE] graph - <----- newLineToSkip
2021-11-19T10:23:43,201|[TRACE] graph - -----> newLineToSkip
2021-11-19T10:23:43,201|[TRACE] graph - <----- newLineToSkip
2021-11-19T10:23:43,201|[TRACE] graph - -----> newLineToSkip
2021-11-19T10:23:43,201|[TRACE] graph - <----- newLineToSkip
2021-11-19T10:23:43,201|[TRACE] graph - -----> newLineToSkip
2021-11-19T10:23:43,201|[TRACE] graph - <----- newLineToSkip
2021-11-19T10:23:43,201|[TRACE] graph - -----> newLineToSkip
2021-11-19T10:23:43,201|[TRACE] graph - <----- newLineToSkip
2021-11-19T10:23:43,201|[TRACE] graph - -----> newLineToSkip
2021-11-19T10:23:43,201|[TRACE] graph - <----- newLineToSkip
2021-11-19T10:23:43,201|[TRACE] graph - <--- blankSpacesToSkip
2021-11-19T10:23:43,201|[TRACE] graph - ---> statement
2021-11-19T10:23:43,201|[TRACE] graph - -----> statementFirstPart
2021-11-19T10:23:43,201|[TRACE] graph - -------> nonSkippedChar
2021-11-19T10:23:43,201|[TRACE] script - #out(`C`) [token]
2021-11-19T10:23:43,201|[TRACE] graph - <------- nonSkippedChar
2021-11-19T10:23:43,201|[TRACE] graph - <----- statementFirstPart
2021-11-19T10:23:43,201|[TRACE] graph - -----> statementPart
2021-11-19T10:23:43,201|[TRACE] graph - -------> nonSkippedChar
2021-11-19T10:23:43,201|[TRACE] script - #out(`R`) [token]
2021-11-19T10:23:43,201|[TRACE] graph - <------- nonSkippedChar
2021-11-19T10:23:43,201|[TRACE] graph - <----- statementPart
2021-11-19T10:23:43,201|[TRACE] graph - -----> statementPart
2021-11-19T10:23:43,201|[TRACE] graph - -------> nonSkippedChar
2021-11-19T10:23:43,201|[TRACE] script - #out(`E`) [token]
2021-11-19T10:23:43,201|[TRACE] graph - <------- nonSkippedChar
2021-11-19T10:23:43,201|[TRACE] graph - <----- statementPart
2021-11-19T10:23:43,201|[TRACE] graph - -----> statementPart
2021-11-19T10:23:43,201|[TRACE] graph - -------> nonSkippedChar
2021-11-19T10:23:43,201|[TRACE] script - #out(`A`) [token]
2021-11-19T10:23:43,201|[TRACE] graph - <------- nonSkippedChar
2021-11-19T10:23:43,201|[TRACE] graph - <----- statementPart
2021-11-19T10:23:43,201|[TRACE] graph - -----> statementPart
2021-11-19T10:23:43,201|[TRACE] graph - -------> nonSkippedChar
2021-11-19T10:23:43,201|[TRACE] script - #out(`T`) [token]
2021-11-19T10:23:43,201|[TRACE] graph - <------- nonSkippedChar
2021-11-19T10:23:43,201|[TRACE] graph - <----- statementPart
2021-11-19T10:23:43,201|[TRACE] graph - -----> statementPart
2021-11-19T10:23:43,201|[TRACE] graph - -------> nonSkippedChar
2021-11-19T10:23:43,201|[TRACE] script - #out(`E`) [token]
2021-11-19T10:23:43,201|[TRACE] graph - <------- nonSkippedChar
2021-11-19T10:23:43,201|[TRACE] graph - <----- statementPart
2021-11-19T10:23:43,201|[TRACE] graph - -----> statementPart
2021-11-19T10:23:43,201|[TRACE] graph - -------> nonSkippedSpace
2021-11-19T10:23:43,201|[TRACE] script - #out(` `) [token]
2021-11-19T10:23:43,201|[TRACE] graph - <------- nonSkippedSpace
2021-11-19T10:23:43,202|[TRACE] graph - <----- statementPart
2021-11-19T10:23:43,202|[TRACE] graph - -----> statementPart
2021-11-19T10:23:43,202|[TRACE] graph - -------> nonSkippedChar
2021-11-19T10:23:43,202|[TRACE] script - #out(`T`) [token]
2021-11-19T10:23:43,202|[TRACE] graph - <------- nonSkippedChar
2021-11-19T10:23:43,202|[TRACE] graph - <----- statementPart
2021-11-19T10:23:43,202|[TRACE] graph - -----> statementPart
2021-11-19T10:23:43,202|[TRACE] graph - -------> nonSkippedChar
2021-11-19T10:23:43,202|[TRACE] script - #out(`A`) [token]
2021-11-19T10:23:43,202|[TRACE] graph - <------- nonSkippedChar
2021-11-19T10:23:43,202|[TRACE] graph - <----- statementPart
2021-11-19T10:23:43,202|[TRACE] graph - -----> statementPart
2021-11-19T10:23:43,202|[TRACE] graph - -------> nonSkippedChar
2021-11-19T10:23:43,202|[TRACE] script - #out(`B`) [token]
2021-11-19T10:23:43,202|[TRACE] graph - <------- nonSkippedChar
2021-11-19T10:23:43,202|[TRACE] graph - <----- statementPart
2021-11-19T10:23:43,202|[TRACE] graph - -----> statementPart
2021-11-19T10:23:43,202|[TRACE] graph - -------> nonSkippedChar
2021-11-19T10:23:43,202|[TRACE] script - #out(`L`) [token]
2021-11-19T10:23:43,202|[TRACE] graph - <------- nonSkippedChar
2021-11-19T10:23:43,202|[TRACE] graph - <----- statementPart
2021-11-19T10:23:43,202|[TRACE] graph - -----> statementPart
2021-11-19T10:23:43,202|[TRACE] graph - -------> nonSkippedChar
2021-11-19T10:23:43,202|[TRACE] script - #out(`E`) [token]
2021-11-19T10:23:43,202|[TRACE] graph - <------- nonSkippedChar
2021-11-19T10:23:43,202|[TRACE] graph - <----- statementPart
2021-11-19T10:23:43,202|[TRACE] graph - -----> statementPart
2021-11-19T10:23:43,202|[TRACE] graph - -------> nonSkippedSpace
2021-11-19T10:23:43,202|[TRACE] script - #out(` `) [token]
2021-11-19T10:23:43,202|[TRACE] graph - <------- nonSkippedSpace
2021-11-19T10:23:43,202|[TRACE] graph - <----- statementPart
2021-11-19T10:23:43,202|[TRACE] graph - -----> statementPart
2021-11-19T10:23:43,202|[TRACE] graph - -------> nonSkippedChar
2021-11-19T10:23:43,202|[TRACE] script - #out(`I`) [token]
2021-11-19T10:23:43,202|[TRACE] graph - <------- nonSkippedChar
2021-11-19T10:23:43,202|[TRACE] graph - <----- statementPart
2021-11-19T10:23:43,202|[TRACE] graph - -----> statementPart
2021-11-19T10:23:43,202|[TRACE] graph - -------> nonSkippedChar
2021-11-19T10:23:43,202|[TRACE] script - #out(`F`) [token]
2021-11-19T10:23:43,202|[TRACE] graph - <------- nonSkippedChar
2021-11-19T10:23:43,202|[TRACE] graph - <----- statementPart
2021-11-19T10:23:43,202|[TRACE] graph - -----> statementPart
2021-11-19T10:23:43,202|[TRACE] graph - -------> nonSkippedSpace
2021-11-19T10:23:43,202|[TRACE] script - #out(` `) [token]
2021-11-19T10:23:43,202|[TRACE] graph - <------- nonSkippedSpace
2021-11-19T10:23:43,202|[TRACE] graph - <----- statementPart
2021-11-19T10:23:43,202|[TRACE] graph - -----> statementPart
2021-11-19T10:23:43,202|[TRACE] graph - -------> nonSkippedChar
2021-11-19T10:23:43,202|[TRACE] script - #out(`N`) [token]
2021-11-19T10:23:43,202|[TRACE] graph - <------- nonSkippedChar
2021-11-19T10:23:43,202|[TRACE] graph - <----- statementPart
2021-11-19T10:23:43,202|[TRACE] graph - -----> statementPart
2021-11-19T10:23:43,202|[TRACE] graph - -------> nonSkippedChar
2021-11-19T10:23:43,202|[TRACE] script - #out(`O`) [token]
2021-11-19T10:23:43,202|[TRACE] graph - <------- nonSkippedChar
2021-11-19T10:23:43,202|[TRACE] graph - <----- statementPart
2021-11-19T10:23:43,202|[TRACE] graph - -----> statementPart
2021-11-19T10:23:43,202|[TRACE] graph - -------> nonSkippedChar
2021-11-19T10:23:43,202|[TRACE] script - #out(`T`) [token]
2021-11-19T10:23:43,202|[TRACE] graph - <------- nonSkippedChar
2021-11-19T10:23:43,202|[TRACE] graph - <----- statementPart
2021-11-19T10:23:43,202|[TRACE] graph - -----> statementPart
2021-11-19T10:23:43,202|[TRACE] graph - -------> nonSkippedSpace
2021-11-19T10:23:43,202|[TRACE] script - #out(` `) [token]
2021-11-19T10:23:43,202|[TRACE] graph - <------- nonSkippedSpace
2021-11-19T10:23:43,202|[TRACE] graph - <----- statementPart
2021-11-19T10:23:43,202|[TRACE] graph - -----> statementPart
2021-11-19T10:23:43,202|[TRACE] graph - -------> nonSkippedChar
2021-11-19T10:23:43,202|[TRACE] script - #out(`E`) [token]
2021-11-19T10:23:43,202|[TRACE] graph - <------- nonSkippedChar
2021-11-19T10:23:43,202|[TRACE] graph - <----- statementPart
2021-11-19T10:23:43,202|[TRACE] graph - -----> statementPart
2021-11-19T10:23:43,202|[TRACE] graph - -------> nonSkippedChar
2021-11-19T10:23:43,202|[TRACE] script - #out(`X`) [token]
2021-11-19T10:23:43,202|[TRACE] graph - <------- nonSkippedChar
2021-11-19T10:23:43,202|[TRACE] graph - <----- statementPart
2021-11-19T10:23:43,202|[TRACE] graph - -----> statementPart
2021-11-19T10:23:43,202|[TRACE] graph - -------> nonSkippedChar
2021-11-19T10:23:43,202|[TRACE] script - #out(`I`) [token]
2021-11-19T10:23:43,202|[TRACE] graph - <------- nonSkippedChar
2021-11-19T10:23:43,202|[TRACE] graph - <----- statementPart
2021-11-19T10:23:43,202|[TRACE] graph - -----> statementPart
2021-11-19T10:23:43,202|[TRACE] graph - -------> nonSkippedChar
2021-11-19T10:23:43,202|[TRACE] script - #out(`S`) [token]
2021-11-19T10:23:43,202|[TRACE] graph - <------- nonSkippedChar
2021-11-19T10:23:43,202|[TRACE] graph - <----- statementPart
2021-11-19T10:23:43,202|[TRACE] graph - -----> statementPart
2021-11-19T10:23:43,202|[TRACE] graph - -------> nonSkippedChar
2021-11-19T10:23:43,202|[TRACE] script - #out(`T`) [token]
2021-11-19T10:23:43,202|[TRACE] graph - <------- nonSkippedChar
2021-11-19T10:23:43,202|[TRACE] graph - <----- statementPart
2021-11-19T10:23:43,202|[TRACE] graph - -----> statementPart
2021-11-19T10:23:43,202|[TRACE] graph - -------> nonSkippedChar
2021-11-19T10:23:43,202|[TRACE] script - #out(`S`) [token]
2021-11-19T10:23:43,202|[TRACE] graph - <------- nonSkippedChar
2021-11-19T10:23:43,202|[TRACE] graph - <----- statementPart
2021-11-19T10:23:43,202|[TRACE] graph - -----> statementPart
2021-11-19T10:23:43,202|[TRACE] graph - -------> nonSkippedSpace
2021-11-19T10:23:43,202|[TRACE] script - #out(` `) [token]
2021-11-19T10:23:43,202|[TRACE] graph - <------- nonSkippedSpace
2021-11-19T10:23:43,202|[TRACE] graph - <----- statementPart
2021-11-19T10:23:43,202|[TRACE] graph - -----> statementPart
2021-11-19T10:23:43,202|[TRACE] graph - -------> quotedString
2021-11-19T10:23:43,202|[TRACE] script - #out(``bloodbank``) [token]
2021-11-19T10:23:43,202|[TRACE] graph - <------- quotedString
2021-11-19T10:23:43,202|[TRACE] graph - <----- statementPart
2021-11-19T10:23:43,202|[TRACE] graph - -----> statementPart
2021-11-19T10:23:43,202|[TRACE] graph - -------> nonSkippedChar
2021-11-19T10:23:43,202|[TRACE] script - #out(`.`) [token]
2021-11-19T10:23:43,202|[TRACE] graph - <------- nonSkippedChar
2021-11-19T10:23:43,202|[TRACE] graph - <----- statementPart
2021-11-19T10:23:43,202|[TRACE] graph - -----> statementPart
2021-11-19T10:23:43,202|[TRACE] graph - -------> quotedString
2021-11-19T10:23:43,202|[TRACE] script - #out(``contact``) [token]
2021-11-19T10:23:43,202|[TRACE] graph - <------- quotedString
2021-11-19T10:23:43,202|[TRACE] graph - <----- statementPart
2021-11-19T10:23:43,202|[TRACE] graph - -----> statementPart
2021-11-19T10:23:43,202|[TRACE] graph - -------> nonSkippedSpace
2021-11-19T10:23:43,202|[TRACE] script - #out(` `) [token]
2021-11-19T10:23:43,202|[TRACE] graph - <------- nonSkippedSpace
2021-11-19T10:23:43,202|[TRACE] graph - <----- statementPart
2021-11-19T10:23:43,202|[TRACE] graph - -----> statementPart
2021-11-19T10:23:43,202|[TRACE] graph - -------> nonSkippedChar
2021-11-19T10:23:43,202|[TRACE] script - #out(`(`) [token]
2021-11-19T10:23:43,202|[TRACE] graph - <------- nonSkippedChar
2021-11-19T10:23:43,202|[TRACE] graph - <----- statementPart
2021-11-19T10:23:43,202|[TRACE] graph - -----> afterStatementPartNewline
2021-11-19T10:23:43,202|[TRACE] script - #out(` `) [text]
2021-11-19T10:23:43,202|[TRACE] graph - <----- afterStatementPartNewline
2021-11-19T10:23:43,202|[TRACE] graph - -----> statementPart
2021-11-19T10:23:43,202|[TRACE] graph - -------> nonSkippedSpace
2021-11-19T10:23:43,202|[TRACE] script - #out(` `) [token]
2021-11-19T10:23:43,202|[TRACE] graph - <------- nonSkippedSpace
2021-11-19T10:23:43,202|[TRACE] graph - <----- statementPart
2021-11-19T10:23:43,202|[TRACE] graph - -----> statementPart
2021-11-19T10:23:43,202|[TRACE] graph - -------> nonSkippedSpace
2021-11-19T10:23:43,202|[TRACE] script - #out(` `) [token]
2021-11-19T10:23:43,202|[TRACE] graph - <------- nonSkippedSpace
2021-11-19T10:23:43,202|[TRACE] graph - <----- statementPart
2021-11-19T10:23:43,202|[TRACE] graph - -----> statementPart
2021-11-19T10:23:43,202|[TRACE] graph - -------> quotedString
2021-11-19T10:23:43,202|[TRACE] script - #out(``person_id``) [token]
2021-11-19T10:23:43,202|[TRACE] graph - <------- quotedString
2021-11-19T10:23:43,202|[TRACE] graph - <----- statementPart
2021-11-19T10:23:43,202|[TRACE] graph - -----> statementPart
2021-11-19T10:23:43,202|[TRACE] graph - -------> nonSkippedSpace
2021-11-19T10:23:43,202|[TRACE] script - #out(` `) [token]
2021-11-19T10:23:43,202|[TRACE] graph - <------- nonSkippedSpace
2021-11-19T10:23:43,202|[TRACE] graph - <----- statementPart
2021-11-19T10:23:43,202|[TRACE] graph - -----> statementPart
2021-11-19T10:23:43,202|[TRACE] graph - -------> nonSkippedChar
2021-11-19T10:23:43,203|[TRACE] script - #out(`I`) [token]
2021-11-19T10:23:43,203|[TRACE] graph - <------- nonSkippedChar
2021-11-19T10:23:43,203|[TRACE] graph - <----- statementPart
2021-11-19T10:23:43,203|[TRACE] graph - -----> statementPart
2021-11-19T10:23:43,203|[TRACE] graph - -------> nonSkippedChar
2021-11-19T10:23:43,203|[TRACE] script - #out(`N`) [token]
2021-11-19T10:23:43,203|[TRACE] graph - <------- nonSkippedChar
2021-11-19T10:23:43,203|[TRACE] graph - <----- statementPart
2021-11-19T10:23:43,203|[TRACE] graph - -----> statementPart
2021-11-19T10:23:43,203|[TRACE] graph - -------> nonSkippedChar
2021-11-19T10:23:43,203|[TRACE] script - #out(`T`) [token]
2021-11-19T10:23:43,203|[TRACE] graph - <------- nonSkippedChar
2021-11-19T10:23:43,203|[TRACE] graph - <----- statementPart
2021-11-19T10:23:43,203|[TRACE] graph - -----> statementPart
2021-11-19T10:23:43,203|[TRACE] graph - -------> nonSkippedSpace
2021-11-19T10:23:43,203|[TRACE] script - #out(` `) [token]
2021-11-19T10:23:43,203|[TRACE] graph - <------- nonSkippedSpace
2021-11-19T10:23:43,203|[TRACE] graph - <----- statementPart
2021-11-19T10:23:43,203|[TRACE] graph - -----> statementPart
2021-11-19T10:23:43,203|[TRACE] graph - -------> nonSkippedChar
2021-11-19T10:23:43,203|[TRACE] script - #out(`N`) [token]
2021-11-19T10:23:43,203|[TRACE] graph - <------- nonSkippedChar
2021-11-19T10:23:43,203|[TRACE] graph - <----- statementPart
2021-11-19T10:23:43,203|[TRACE] graph - -----> statementPart
2021-11-19T10:23:43,203|[TRACE] graph - -------> nonSkippedChar
2021-11-19T10:23:43,203|[TRACE] script - #out(`O`) [token]
2021-11-19T10:23:43,203|[TRACE] graph - <------- nonSkippedChar
2021-11-19T10:23:43,203|[TRACE] graph - <----- statementPart
2021-11-19T10:23:43,203|[TRACE] graph - -----> statementPart
2021-11-19T10:23:43,203|[TRACE] graph - -------> nonSkippedChar
2021-11-19T10:23:43,203|[TRACE] script - #out(`T`) [token]
2021-11-19T10:23:43,203|[TRACE] graph - <------- nonSkippedChar
2021-11-19T10:23:43,203|[TRACE] graph - <----- statementPart
2021-11-19T10:23:43,203|[TRACE] graph - -----> statementPart
2021-11-19T10:23:43,203|[TRACE] graph - -------> nonSkippedSpace
2021-11-19T10:23:43,203|[TRACE] script - #out(` `) [token]
2021-11-19T10:23:43,203|[TRACE] graph - <------- nonSkippedSpace
2021-11-19T10:23:43,203|[TRACE] graph - <----- statementPart
2021-11-19T10:23:43,203|[TRACE] graph - -----> statementPart
2021-11-19T10:23:43,203|[TRACE] graph - -------> nonSkippedChar
2021-11-19T10:23:43,203|[TRACE] script - #out(`N`) [token]
2021-11-19T10:23:43,203|[TRACE] graph - <------- nonSkippedChar
2021-11-19T10:23:43,203|[TRACE] graph - <----- statementPart
2021-11-19T10:23:43,203|[TRACE] graph - -----> statementPart
2021-11-19T10:23:43,203|[TRACE] graph - -------> nonSkippedChar
2021-11-19T10:23:43,203|[TRACE] script - #out(`U`) [token]
2021-11-19T10:23:43,203|[TRACE] graph - <------- nonSkippedChar
2021-11-19T10:23:43,203|[TRACE] graph - <----- statementPart
2021-11-19T10:23:43,203|[TRACE] graph - -----> statementPart
2021-11-19T10:23:43,203|[TRACE] graph - -------> nonSkippedChar
2021-11-19T10:23:43,203|[TRACE] script - #out(`L`) [token]
2021-11-19T10:23:43,203|[TRACE] graph - <------- nonSkippedChar
2021-11-19T10:23:43,203|[TRACE] graph - <----- statementPart
2021-11-19T10:23:43,203|[TRACE] graph - -----> statementPart
2021-11-19T10:23:43,203|[TRACE] graph - -------> nonSkippedChar
2021-11-19T10:23:43,203|[TRACE] script - #out(`L`) [token]
2021-11-19T10:23:43,203|[TRACE] graph - <------- nonSkippedChar
2021-11-19T10:23:43,203|[TRACE] graph - <----- statementPart
2021-11-19T10:23:43,203|[TRACE] graph - -----> statementPart
2021-11-19T10:23:43,203|[TRACE] graph - -------> nonSkippedChar
2021-11-19T10:23:43,280|[TRACE] script - #out(`,`) [token]
2021-11-19T10:23:43,280|[TRACE] graph - <------- nonSkippedChar
2021-11-19T10:23:43,280|[TRACE] graph - <----- statementPart
2021-11-19T10:23:43,280|[TRACE] graph - -----> afterStatementPartNewline
2021-11-19T10:23:43,280|[TRACE] script - #out(` `) [text]
2021-11-19T10:23:43,280|[TRACE] graph - <----- afterStatementPartNewline
2021-11-19T10:23:43,280|[TRACE] graph - -----> statementPart
2021-11-19T10:23:43,280|[TRACE] graph - -------> nonSkippedSpace
2021-11-19T10:23:43,280|[TRACE] script - #out(` `) [token]
2021-11-19T10:23:43,280|[TRACE] graph - <------- nonSkippedSpace
2021-11-19T10:23:43,280|[TRACE] graph - <----- statementPart
2021-11-19T10:23:43,280|[TRACE] graph - -----> statementPart
2021-11-19T10:23:43,280|[TRACE] graph - -------> nonSkippedSpace
2021-11-19T10:23:43,280|[TRACE] script - #out(` `) [token]
2021-11-19T10:23:43,280|[TRACE] graph - <------- nonSkippedSpace
2021-11-19T10:23:43,280|[TRACE] graph - <----- statementPart
2021-11-19T10:23:43,280|[TRACE] graph - -----> statementPart
2021-11-19T10:23:43,280|[TRACE] graph - -------> quotedString
2021-11-19T10:23:43,280|[TRACE] script - #out(``phone_id``) [token]
2021-11-19T10:23:43,280|[TRACE] graph - <------- quotedString
2021-11-19T10:23:43,280|[TRACE] graph - <----- statementPart
2021-11-19T10:23:43,280|[TRACE] graph - -----> statementPart
2021-11-19T10:23:43,280|[TRACE] graph - -------> nonSkippedSpace
2021-11-19T10:23:43,280|[TRACE] script - #out(` `) [token]
2021-11-19T10:23:43,280|[TRACE] graph - <------- nonSkippedSpace
2021-11-19T10:23:43,280|[TRACE] graph - <----- statementPart
2021-11-19T10:23:43,280|[TRACE] graph - -----> statementPart
2021-11-19T10:23:43,280|[TRACE] graph - -------> nonSkippedChar
2021-11-19T10:23:43,280|[TRACE] script - #out(`I`) [token]
2021-11-19T10:23:43,280|[TRACE] graph - <------- nonSkippedChar
2021-11-19T10:23:43,280|[TRACE] graph - <----- statementPart
2021-11-19T10:23:43,280|[TRACE] graph - -----> statementPart
2021-11-19T10:23:43,280|[TRACE] graph - -------> nonSkippedChar
2021-11-19T10:23:43,280|[TRACE] script - #out(`N`) [token]
2021-11-19T10:23:43,280|[TRACE] graph - <------- nonSkippedChar
2021-11-19T10:23:43,280|[TRACE] graph - <----- statementPart
2021-11-19T10:23:43,280|[TRACE] graph - -----> statementPart
2021-11-19T10:23:43,280|[TRACE] graph - -------> nonSkippedChar
2021-11-19T10:23:43,280|[TRACE] script - #out(`T`) [token]
2021-11-19T10:23:43,280|[TRACE] graph - <------- nonSkippedChar
2021-11-19T10:23:43,281|[TRACE] graph - <----- statementPart
2021-11-19T10:23:43,281|[TRACE] graph - -----> statementPart
2021-11-19T10:23:43,281|[TRACE] graph - -------> nonSkippedSpace
2021-11-19T10:23:43,281|[TRACE] script - #out(` `) [token]
2021-11-19T10:23:43,281|[TRACE] graph - <------- nonSkippedSpace
2021-11-19T10:23:43,281|[TRACE] graph - <----- statementPart
2021-11-19T10:23:43,281|[TRACE] graph - -----> statementPart
2021-11-19T10:23:43,281|[TRACE] graph - -------> nonSkippedChar
2021-11-19T10:23:43,281|[TRACE] script - #out(`N`) [token]
2021-11-19T10:23:43,281|[TRACE] graph - <------- nonSkippedChar
2021-11-19T10:23:43,281|[TRACE] graph - <----- statementPart
2021-11-19T10:23:43,281|[TRACE] graph - -----> statementPart
2021-11-19T10:23:43,281|[TRACE] graph - -------> nonSkippedChar
2021-11-19T10:23:43,281|[TRACE] script - #out(`O`) [token]
2021-11-19T10:23:43,281|[TRACE] graph - <------- nonSkippedChar
2021-11-19T10:23:43,281|[TRACE] graph - <----- statementPart
2021-11-19T10:23:43,281|[TRACE] graph - -----> statementPart
2021-11-19T10:23:43,281|[TRACE] graph - -------> nonSkippedChar
2021-11-19T10:23:43,281|[TRACE] script - #out(`T`) [token]
2021-11-19T10:23:43,281|[TRACE] graph - <------- nonSkippedChar
2021-11-19T10:23:43,281|[TRACE] graph - <----- statementPart
2021-11-19T10:23:43,281|[TRACE] graph - -----> statementPart
2021-11-19T10:23:43,281|[TRACE] graph - -------> nonSkippedSpace
2021-11-19T10:23:43,281|[TRACE] script - #out(` `) [token]
2021-11-19T10:23:43,281|[TRACE] graph - <------- nonSkippedSpace
2021-11-19T10:23:43,281|[TRACE] graph - <----- statementPart
2021-11-19T10:23:43,281|[TRACE] graph - -----> statementPart
2021-11-19T10:23:43,281|[TRACE] graph - -------> nonSkippedChar
2021-11-19T10:23:43,281|[TRACE] script - #out(`N`) [token]
2021-11-19T10:23:43,281|[TRACE] graph - <------- nonSkippedChar
2021-11-19T10:23:43,281|[TRACE] graph - <----- statementPart
2021-11-19T10:23:43,281|[TRACE] graph - -----> statementPart
2021-11-19T10:23:43,281|[TRACE] graph - -------> nonSkippedChar
2021-11-19T10:23:43,281|[TRACE] script - #out(`U`) [token]
2021-11-19T10:23:43,281|[TRACE] graph - <------- nonSkippedChar
2021-11-19T10:23:43,281|[TRACE] graph - <----- statementPart
2021-11-19T10:23:43,281|[TRACE] graph - -----> statementPart
2021-11-19T10:23:43,281|[TRACE] graph - -------> nonSkippedChar
2021-11-19T10:23:43,281|[TRACE] script - #out(`L`) [token]
2021-11-19T10:23:43,281|[TRACE] graph - <------- nonSkippedChar
2021-11-19T10:23:43,281|[TRACE] graph - <----- statementPart
2021-11-19T10:23:43,281|[TRACE] graph - -----> statementPart
2021-11-19T10:23:43,281|[TRACE] graph - -------> nonSkippedChar
2021-11-19T10:23:43,281|[TRACE] script - #out(`L`) [token]
2021-11-19T10:23:43,281|[TRACE] graph - <------- nonSkippedChar
2021-11-19T10:23:43,281|[TRACE] graph - <----- statementPart
2021-11-19T10:23:43,281|[TRACE] graph - -----> statementPart
2021-11-19T10:23:43,281|[TRACE] graph - -------> nonSkippedChar
2021-11-19T10:23:43,281|[TRACE] script - #out(`,`) [token]
2021-11-19T10:23:43,281|[TRACE] graph - <------- nonSkippedChar
2021-11-19T10:23:43,281|[TRACE] graph - <----- statementPart
2021-11-19T10:23:43,281|[TRACE] graph - -----> afterStatementPartNewline
2021-11-19T10:23:43,281|[TRACE] script - #out(` `) [text]
2021-11-19T10:23:43,281|[TRACE] graph - <----- afterStatementPartNewline
2021-11-19T10:23:43,281|[TRACE] graph - -----> statementPart
2021-11-19T10:23:43,281|[TRACE] graph - -------> nonSkippedSpace
2021-11-19T10:23:43,281|[TRACE] script - #out(` `) [token]
2021-11-19T10:23:43,281|[TRACE] graph - <------- nonSkippedSpace
2021-11-19T10:23:43,281|[TRACE] graph - <----- statementPart
2021-11-19T10:23:43,281|[TRACE] graph - -----> statementPart
2021-11-19T10:23:43,281|[TRACE] graph - -------> nonSkippedSpace
2021-11-19T10:23:43,281|[TRACE] script - #out(` `) [token]
2021-11-19T10:23:43,281|[TRACE] graph - <------- nonSkippedSpace
2021-11-19T10:23:43,281|[TRACE] graph - <----- statementPart
2021-11-19T10:23:43,281|[TRACE] graph - -----> statementPart
2021-11-19T10:23:43,281|[TRACE] graph - -------> quotedString
2021-11-19T10:23:43,281|[TRACE] script - #out(``contact_type``) [token]
2021-11-19T10:23:43,281|[TRACE] graph - <------- quotedString
2021-11-19T10:23:43,281|[TRACE] graph - <----- statementPart
2021-11-19T10:23:43,281|[TRACE] graph - -----> statementPart
2021-11-19T10:23:43,281|[TRACE] graph - -------> nonSkippedSpace
2021-11-19T10:23:43,281|[TRACE] script - #out(` `) [token]
2021-11-19T10:23:43,281|[TRACE] graph - <------- nonSkippedSpace
2021-11-19T10:23:43,281|[TRACE] graph - <----- statementPart
2021-11-19T10:23:43,281|[TRACE] graph - -----> statementPart
2021-11-19T10:23:43,281|[TRACE] graph - -------> nonSkippedChar
2021-11-19T10:23:43,281|[TRACE] script - #out(`V`) [token]
2021-11-19T10:23:43,281|[TRACE] graph - <------- nonSkippedChar
2021-11-19T10:23:43,281|[TRACE] graph - <----- statementPart
2021-11-19T10:23:43,281|[TRACE] graph - -----> statementPart
2021-11-19T10:23:43,281|[TRACE] graph - -------> nonSkippedChar
2021-11-19T10:23:43,281|[TRACE] script - #out(`A`) [token]
2021-11-19T10:23:43,281|[TRACE] graph - <------- nonSkippedChar
2021-11-19T10:23:43,281|[TRACE] graph - <----- statementPart
2021-11-19T10:23:43,281|[TRACE] graph - -----> statementPart
2021-11-19T10:23:43,281|[TRACE] graph - -------> nonSkippedChar
2021-11-19T10:23:43,281|[TRACE] script - #out(`R`) [token]
2021-11-19T10:23:43,281|[TRACE] graph - <------- nonSkippedChar
2021-11-19T10:23:43,281|[TRACE] graph - <----- statementPart
2021-11-19T10:23:43,281|[TRACE] graph - -----> statementPart
2021-11-19T10:23:43,281|[TRACE] graph - -------> nonSkippedChar
2021-11-19T10:23:43,281|[TRACE] script - #out(`C`) [token]
2021-11-19T10:23:43,281|[TRACE] graph - <------- nonSkippedChar
2021-11-19T10:23:43,281|[TRACE] graph - <----- statementPart
2021-11-19T10:23:43,281|[TRACE] graph - -----> statementPart
2021-11-19T10:23:43,281|[TRACE] graph - -------> nonSkippedChar
2021-11-19T10:23:43,281|[TRACE] script - #out(`H`) [token]
2021-11-19T10:23:43,281|[TRACE] graph - <------- nonSkippedChar
2021-11-19T10:23:43,281|[TRACE] graph - <----- statementPart
2021-11-19T10:23:43,281|[TRACE] graph - -----> statementPart
2021-11-19T10:23:43,281|[TRACE] graph - -------> nonSkippedChar
2021-11-19T10:23:43,281|[TRACE] script - #out(`A`) [token]
2021-11-19T10:23:43,281|[TRACE] graph - <------- nonSkippedChar
2021-11-19T10:23:43,281|[TRACE] graph - <----- statementPart
2021-11-19T10:23:43,281|[TRACE] graph - -----> statementPart
2021-11-19T10:23:43,281|[TRACE] graph - -------> nonSkippedChar
2021-11-19T10:23:43,281|[TRACE] script - #out(`R`) [token]
2021-11-19T10:23:43,281|[TRACE] graph - <------- nonSkippedChar
2021-11-19T10:23:43,281|[TRACE] graph - <----- statementPart
2021-11-19T10:23:43,281|[TRACE] graph - -----> statementPart
2021-11-19T10:23:43,281|[TRACE] graph - -------> nonSkippedChar
2021-11-19T10:23:43,281|[TRACE] script - #out(`(`) [token]
2021-11-19T10:23:43,281|[TRACE] graph - <------- nonSkippedChar
2021-11-19T10:23:43,281|[TRACE] graph - <----- statementPart
2021-11-19T10:23:43,281|[TRACE] graph - -----> statementPart
2021-11-19T10:23:43,281|[TRACE] graph - -------> nonSkippedChar
2021-11-19T10:23:43,281|[TRACE] script - #out(`1`) [token]
2021-11-19T10:23:43,281|[TRACE] graph - <------- nonSkippedChar
2021-11-19T10:23:43,281|[TRACE] graph - <----- statementPart
2021-11-19T10:23:43,281|[TRACE] graph - -----> statementPart
2021-11-19T10:23:43,281|[TRACE] graph - -------> nonSkippedChar
2021-11-19T10:23:43,281|[TRACE] script - #out(`0`) [token]
2021-11-19T10:23:43,281|[TRACE] graph - <------- nonSkippedChar
2021-11-19T10:23:43,281|[TRACE] graph - <----- statementPart
2021-11-19T10:23:43,282|[TRACE] graph - -----> statementPart
2021-11-19T10:23:43,282|[TRACE] graph - -------> nonSkippedChar
2021-11-19T10:23:43,282|[TRACE] script - #out(`)`) [token]
2021-11-19T10:23:43,282|[TRACE] graph - <------- nonSkippedChar
2021-11-19T10:23:43,282|[TRACE] graph - <----- statementPart
2021-11-19T10:23:43,282|[TRACE] graph - -----> statementPart
2021-11-19T10:23:43,282|[TRACE] graph - -------> nonSkippedSpace
2021-11-19T10:23:43,282|[TRACE] script - #out(` `) [token]
2021-11-19T10:23:43,282|[TRACE] graph - <------- nonSkippedSpace
2021-11-19T10:23:43,282|[TRACE] graph - <----- statementPart
2021-11-19T10:23:43,282|[TRACE] graph - -----> statementPart
2021-11-19T10:23:43,282|[TRACE] graph - -------> nonSkippedChar
2021-11-19T10:23:43,282|[TRACE] script - #out(`N`) [token]
2021-11-19T10:23:43,282|[TRACE] graph - <------- nonSkippedChar
2021-11-19T10:23:43,282|[TRACE] graph - <----- statementPart
2021-11-19T10:23:43,282|[TRACE] graph - -----> statementPart
2021-11-19T10:23:43,282|[TRACE] graph - -------> nonSkippedChar
2021-11-19T10:23:43,282|[TRACE] script - #out(`O`) [token]
2021-11-19T10:23:43,282|[TRACE] graph - <------- nonSkippedChar
2021-11-19T10:23:43,282|[TRACE] graph - <----- statementPart
2021-11-19T10:23:43,282|[TRACE] graph - -----> statementPart
2021-11-19T10:23:43,282|[TRACE] graph - -------> nonSkippedChar
2021-11-19T10:23:43,282|[TRACE] script - #out(`T`) [token]
2021-11-19T10:23:43,282|[TRACE] graph - <------- nonSkippedChar
2021-11-19T10:23:43,282|[TRACE] graph - <----- statementPart
2021-11-19T10:23:43,282|[TRACE] graph - -----> statementPart
2021-11-19T10:23:43,282|[TRACE] graph - -------> nonSkippedSpace
2021-11-19T10:23:43,282|[TRACE] script - #out(` `) [token]
2021-11-19T10:23:43,282|[TRACE] graph - <------- nonSkippedSpace
2021-11-19T10:23:43,282|[TRACE] graph - <----- statementPart
2021-11-19T10:23:43,282|[TRACE] graph - -----> statementPart
2021-11-19T10:23:43,282|[TRACE] graph - -------> nonSkippedChar
2021-11-19T10:23:43,282|[TRACE] script - #out(`N`) [token]
2021-11-19T10:23:43,282|[TRACE] graph - <------- nonSkippedChar
2021-11-19T10:23:43,282|[TRACE] graph - <----- statementPart
2021-11-19T10:23:43,282|[TRACE] graph - -----> statementPart
2021-11-19T10:23:43,282|[TRACE] graph - -------> nonSkippedChar
2021-11-19T10:23:43,282|[TRACE] script - #out(`U`) [token]
2021-11-19T10:23:43,282|[TRACE] graph - <------- nonSkippedChar
2021-11-19T10:23:43,282|[TRACE] graph - <----- statementPart
2021-11-19T10:23:43,282|[TRACE] graph - -----> statementPart
2021-11-19T10:23:43,282|[TRACE] graph - -------> nonSkippedChar
2021-11-19T10:23:43,282|[TRACE] script - #out(`L`) [token]
2021-11-19T10:23:43,282|[TRACE] graph - <------- nonSkippedChar
2021-11-19T10:23:43,282|[TRACE] graph - <----- statementPart
2021-11-19T10:23:43,282|[TRACE] graph - -----> statementPart
2021-11-19T10:23:43,282|[TRACE] graph - -------> nonSkippedChar
2021-11-19T10:23:43,282|[TRACE] script - #out(`L`) [token]
2021-11-19T10:23:43,282|[TRACE] graph - <------- nonSkippedChar
2021-11-19T10:23:43,282|[TRACE] graph - <----- statementPart
2021-11-19T10:23:43,282|[TRACE] graph - -----> statementPart
2021-11-19T10:23:43,282|[TRACE] graph - -------> nonSkippedChar
2021-11-19T10:23:43,282|[TRACE] script - #out(`,`) [token]
2021-11-19T10:23:43,282|[TRACE] graph - <------- nonSkippedChar
2021-11-19T10:23:43,282|[TRACE] graph - <----- statementPart
2021-11-19T10:23:43,282|[TRACE] graph - -----> afterStatementPartNewline
2021-11-19T10:23:43,282|[TRACE] script - #out(` `) [text]
2021-11-19T10:23:43,282|[TRACE] graph - <----- afterStatementPartNewline
2021-11-19T10:23:43,282|[TRACE] graph - -----> statementPart
2021-11-19T10:23:43,282|[TRACE] graph - -------> nonSkippedSpace
2021-11-19T10:23:43,282|[TRACE] script - #out(` `) [token]
2021-11-19T10:23:43,282|[TRACE] graph - <------- nonSkippedSpace
2021-11-19T10:23:43,282|[TRACE] graph - <----- statementPart
2021-11-19T10:23:43,282|[TRACE] graph - -----> statementPart
2021-11-19T10:23:43,282|[TRACE] graph - -------> nonSkippedSpace
2021-11-19T10:23:43,282|[TRACE] script - #out(` `) [token]
2021-11-19T10:23:43,282|[TRACE] graph - <------- nonSkippedSpace
2021-11-19T10:23:43,282|[TRACE] graph - <----- statementPart
2021-11-19T10:23:43,282|[TRACE] graph - -----> statementPart
2021-11-19T10:23:43,282|[TRACE] graph - -------> quotedString
2021-11-19T10:23:43,282|[TRACE] script - #out(``email``) [token]
2021-11-19T10:23:43,282|[TRACE] graph - <------- quotedString
2021-11-19T10:23:43,282|[TRACE] graph - <----- statementPart
2021-11-19T10:23:43,282|[TRACE] graph - -----> statementPart
2021-11-19T10:23:43,282|[TRACE] graph - -------> nonSkippedSpace
2021-11-19T10:23:43,282|[TRACE] script - #out(` `) [token]
2021-11-19T10:23:43,282|[TRACE] graph - <------- nonSkippedSpace
2021-11-19T10:23:43,282|[TRACE] graph - <----- statementPart
2021-11-19T10:23:43,282|[TRACE] graph - -----> statementPart
2021-11-19T10:23:43,282|[TRACE] graph - -------> nonSkippedChar
2021-11-19T10:23:43,282|[TRACE] script - #out(`V`) [token]
2021-11-19T10:23:43,282|[TRACE] graph - <------- nonSkippedChar
2021-11-19T10:23:43,282|[TRACE] graph - <----- statementPart
2021-11-19T10:23:43,282|[TRACE] graph - -----> statementPart
2021-11-19T10:23:43,282|[TRACE] graph - -------> nonSkippedChar
2021-11-19T10:23:43,282|[TRACE] script - #out(`A`) [token]
2021-11-19T10:23:43,282|[TRACE] graph - <------- nonSkippedChar
2021-11-19T10:23:43,282|[TRACE] graph - <----- statementPart
2021-11-19T10:23:43,282|[TRACE] graph - -----> statementPart
2021-11-19T10:23:43,282|[TRACE] graph - -------> nonSkippedChar
2021-11-19T10:23:43,282|[TRACE] script - #out(`R`) [token]
2021-11-19T10:23:43,282|[TRACE] graph - <------- nonSkippedChar
2021-11-19T10:23:43,282|[TRACE] graph - <----- statementPart
2021-11-19T10:23:43,282|[TRACE] graph - -----> statementPart
2021-11-19T10:23:43,282|[TRACE] graph - -------> nonSkippedChar
2021-11-19T10:23:43,282|[TRACE] script - #out(`C`) [token]
2021-11-19T10:23:43,282|[TRACE] graph - <------- nonSkippedChar
2021-11-19T10:23:43,282|[TRACE] graph - <----- statementPart
2021-11-19T10:23:43,282|[TRACE] graph - -----> statementPart
2021-11-19T10:23:43,282|[TRACE] graph - -------> nonSkippedChar
2021-11-19T10:23:43,282|[TRACE] script - #out(`H`) [token]
2021-11-19T10:23:43,282|[TRACE] graph - <------- nonSkippedChar
2021-11-19T10:23:43,282|[TRACE] graph - <----- statementPart
2021-11-19T10:23:43,282|[TRACE] graph - -----> statementPart
2021-11-19T10:23:43,282|[TRACE] graph - -------> nonSkippedChar
2021-11-19T10:23:43,282|[TRACE] script - #out(`A`) [token]
2021-11-19T10:23:43,282|[TRACE] graph - <------- nonSkippedChar
2021-11-19T10:23:43,282|[TRACE] graph - <----- statementPart
2021-11-19T10:23:43,282|[TRACE] graph - -----> statementPart
2021-11-19T10:23:43,282|[TRACE] graph - -------> nonSkippedChar
2021-11-19T10:23:43,282|[TRACE] script - #out(`R`) [token]
2021-11-19T10:23:43,282|[TRACE] graph - <------- nonSkippedChar
2021-11-19T10:23:43,282|[TRACE] graph - <----- statementPart
2021-11-19T10:23:43,282|[TRACE] graph - -----> statementPart
2021-11-19T10:23:43,282|[TRACE] graph - -------> nonSkippedChar
2021-11-19T10:23:43,282|[TRACE] script - #out(`(`) [token]
2021-11-19T10:23:43,282|[TRACE] graph - <------- nonSkippedChar
2021-11-19T10:23:43,282|[TRACE] graph - <----- statementPart
2021-11-19T10:23:43,282|[TRACE] graph - -----> statementPart
2021-11-19T10:23:43,282|[TRACE] graph - -------> nonSkippedChar
2021-11-19T10:23:43,282|[TRACE] script - #out(`1`) [token]
2021-11-19T10:23:43,283|[TRACE] graph - <------- nonSkippedChar
2021-11-19T10:23:43,283|[TRACE] graph - <----- statementPart
2021-11-19T10:23:43,283|[TRACE] graph - -----> statementPart
2021-11-19T10:23:43,283|[TRACE] graph - -------> nonSkippedChar
2021-11-19T10:23:43,283|[TRACE] script - #out(`0`) [token]
2021-11-19T10:23:43,283|[TRACE] graph - <------- nonSkippedChar
2021-11-19T10:23:43,283|[TRACE] graph - <----- statementPart
2021-11-19T10:23:43,283|[TRACE] graph - -----> statementPart
2021-11-19T10:23:43,283|[TRACE] graph - -------> nonSkippedChar
2021-11-19T10:23:43,283|[TRACE] script - #out(`0`) [token]
2021-11-19T10:23:43,283|[TRACE] graph - <------- nonSkippedChar
2021-11-19T10:23:43,283|[TRACE] graph - <----- statementPart
2021-11-19T10:23:43,283|[TRACE] graph - -----> statementPart
2021-11-19T10:23:43,283|[TRACE] graph - -------> nonSkippedChar
2021-11-19T10:23:43,283|[TRACE] script - #out(`)`) [token]
2021-11-19T10:23:43,283|[TRACE] graph - <------- nonSkippedChar
2021-11-19T10:23:43,283|[TRACE] graph - <----- statementPart
2021-11-19T10:23:43,283|[TRACE] graph - -----> statementPart
2021-11-19T10:23:43,283|[TRACE] graph - -------> nonSkippedSpace
2021-11-19T10:23:43,283|[TRACE] script - #out(` `) [token]
2021-11-19T10:23:43,283|[TRACE] graph - <------- nonSkippedSpace
2021-11-19T10:23:43,283|[TRACE] graph - <----- statementPart
2021-11-19T10:23:43,283|[TRACE] graph - -----> statementPart
2021-11-19T10:23:43,283|[TRACE] graph - -------> nonSkippedChar
2021-11-19T10:23:43,283|[TRACE] script - #out(`N`) [token]
2021-11-19T10:23:43,283|[TRACE] graph - <------- nonSkippedChar
2021-11-19T10:23:43,283|[TRACE] graph - <----- statementPart
2021-11-19T10:23:43,283|[TRACE] graph - -----> statementPart
2021-11-19T10:23:43,283|[TRACE] graph - -------> nonSkippedChar
2021-11-19T10:23:43,283|[TRACE] script - #out(`U`) [token]
2021-11-19T10:23:43,283|[TRACE] graph - <------- nonSkippedChar
2021-11-19T10:23:43,283|[TRACE] graph - <----- statementPart
2021-11-19T10:23:43,283|[TRACE] graph - -----> statementPart
2021-11-19T10:23:43,283|[TRACE] graph - -------> nonSkippedChar
2021-11-19T10:23:43,283|[TRACE] script - #out(`L`) [token]
2021-11-19T10:23:43,283|[TRACE] graph - <------- nonSkippedChar
2021-11-19T10:23:43,283|[TRACE] graph - <----- statementPart
2021-11-19T10:23:43,283|[TRACE] graph - -----> statementPart
2021-11-19T10:23:43,283|[TRACE] graph - -------> nonSkippedChar
2021-11-19T10:23:43,283|[TRACE] script - #out(`L`) [token]
2021-11-19T10:23:43,283|[TRACE] graph - <------- nonSkippedChar
2021-11-19T10:23:43,283|[TRACE] graph - <----- statementPart
2021-11-19T10:23:43,283|[TRACE] graph - -----> statementPart
2021-11-19T10:23:43,283|[TRACE] graph - -------> nonSkippedChar
2021-11-19T10:23:43,283|[TRACE] script - #out(`,`) [token]
2021-11-19T10:23:43,283|[TRACE] graph - <------- nonSkippedChar
2021-11-19T10:23:43,283|[TRACE] graph - <----- statementPart
2021-11-19T10:23:43,283|[TRACE] graph - -----> afterStatementPartNewline
2021-11-19T10:23:43,283|[TRACE] script - #out(` `) [text]
2021-11-19T10:23:43,283|[TRACE] graph - <----- afterStatementPartNewline
2021-11-19T10:23:43,283|[TRACE] graph - -----> statementPart
2021-11-19T10:23:43,283|[TRACE] graph - -------> nonSkippedSpace
2021-11-19T10:23:43,283|[TRACE] script - #out(` `) [token]
2021-11-19T10:23:43,283|[TRACE] graph - <------- nonSkippedSpace
2021-11-19T10:23:43,283|[TRACE] graph - <----- statementPart
2021-11-19T10:23:43,283|[TRACE] graph - -----> statementPart
2021-11-19T10:23:43,283|[TRACE] graph - -------> nonSkippedSpace
2021-11-19T10:23:43,283|[TRACE] script - #out(` `) [token]
2021-11-19T10:23:43,283|[TRACE] graph - <------- nonSkippedSpace
2021-11-19T10:23:43,283|[TRACE] graph - <----- statementPart
2021-11-19T10:23:43,283|[TRACE] graph - -----> statementPart
2021-11-19T10:23:43,283|[TRACE] graph - -------> quotedString
2021-11-19T10:23:43,283|[TRACE] script - #out(``address_id``) [token]
2021-11-19T10:23:43,283|[TRACE] graph - <------- quotedString
2021-11-19T10:23:43,283|[TRACE] graph - <----- statementPart
2021-11-19T10:23:43,283|[TRACE] graph - -----> statementPart
2021-11-19T10:23:43,283|[TRACE] graph - -------> nonSkippedSpace
2021-11-19T10:23:43,283|[TRACE] script - #out(` `) [token]
2021-11-19T10:23:43,283|[TRACE] graph - <------- nonSkippedSpace
2021-11-19T10:23:43,283|[TRACE] graph - <----- statementPart
2021-11-19T10:23:43,283|[TRACE] graph - -----> statementPart
2021-11-19T10:23:43,283|[TRACE] graph - -------> nonSkippedChar
2021-11-19T10:23:43,283|[TRACE] script - #out(`I`) [token]
2021-11-19T10:23:43,283|[TRACE] graph - <------- nonSkippedChar
2021-11-19T10:23:43,283|[TRACE] graph - <----- statementPart
2021-11-19T10:23:43,283|[TRACE] graph - -----> statementPart
2021-11-19T10:23:43,283|[TRACE] graph - -------> nonSkippedChar
2021-11-19T10:23:43,283|[TRACE] script - #out(`N`) [token]
2021-11-19T10:23:43,283|[TRACE] graph - <------- nonSkippedChar
2021-11-19T10:23:43,283|[TRACE] graph - <----- statementPart
2021-11-19T10:23:43,283|[TRACE] graph - -----> statementPart
2021-11-19T10:23:43,283|[TRACE] graph - -------> nonSkippedChar
2021-11-19T10:23:43,283|[TRACE] script - #out(`T`) [token]
2021-11-19T10:23:43,283|[TRACE] graph - <------- nonSkippedChar
2021-11-19T10:23:43,283|[TRACE] graph - <----- statementPart
2021-11-19T10:23:43,283|[TRACE] graph - -----> statementPart
2021-11-19T10:23:43,283|[TRACE] graph - -------> nonSkippedSpace
2021-11-19T10:23:43,283|[TRACE] script - #out(` `) [token]
2021-11-19T10:23:43,283|[TRACE] graph - <------- nonSkippedSpace
2021-11-19T10:23:43,283|[TRACE] graph - <----- statementPart
2021-11-19T10:23:43,283|[TRACE] graph - -----> statementPart
2021-11-19T10:23:43,283|[TRACE] graph - -------> nonSkippedChar
2021-11-19T10:23:43,283|[TRACE] script - #out(`N`) [token]
2021-11-19T10:23:43,283|[TRACE] graph - <------- nonSkippedChar
2021-11-19T10:23:43,283|[TRACE] graph - <----- statementPart
2021-11-19T10:23:43,283|[TRACE] graph - -----> statementPart
2021-11-19T10:23:43,283|[TRACE] graph - -------> nonSkippedChar
2021-11-19T10:23:43,283|[TRACE] script - #out(`U`) [token]
2021-11-19T10:23:43,283|[TRACE] graph - <------- nonSkippedChar
2021-11-19T10:23:43,283|[TRACE] graph - <----- statementPart
2021-11-19T10:23:43,283|[TRACE] graph - -----> statementPart
2021-11-19T10:23:43,283|[TRACE] graph - -------> nonSkippedChar
2021-11-19T10:23:43,283|[TRACE] script - #out(`L`) [token]
2021-11-19T10:23:43,283|[TRACE] graph - <------- nonSkippedChar
2021-11-19T10:23:43,283|[TRACE] graph - <----- statementPart
2021-11-19T10:23:43,283|[TRACE] graph - -----> statementPart
2021-11-19T10:23:43,283|[TRACE] graph - -------> nonSkippedChar
2021-11-19T10:23:43,283|[TRACE] script - #out(`L`) [token]
2021-11-19T10:23:43,283|[TRACE] graph - <------- nonSkippedChar
2021-11-19T10:23:43,283|[TRACE] graph - <----- statementPart
2021-11-19T10:23:43,283|[TRACE] graph - -----> statementPart
2021-11-19T10:23:43,283|[TRACE] graph - -------> nonSkippedChar
2021-11-19T10:23:43,283|[TRACE] script - #out(`,`) [token]
2021-11-19T10:23:43,283|[TRACE] graph - <------- nonSkippedChar
2021-11-19T10:23:43,283|[TRACE] graph - <----- statementPart
2021-11-19T10:23:43,283|[TRACE] graph - -----> afterStatementPartNewline
2021-11-19T10:23:43,283|[TRACE] script - #out(` `) [text]
2021-11-19T10:23:43,283|[TRACE] graph - <----- afterStatementPartNewline
2021-11-19T10:23:43,283|[TRACE] graph - -----> statementPart
2021-11-19T10:23:43,283|[TRACE] graph - -------> nonSkippedSpace
2021-11-19T10:23:43,283|[TRACE] script - #out(` `) [token]
2021-11-19T10:23:43,283|[TRACE] graph - <------- nonSkippedSpace
2021-11-19T10:23:43,283|[TRACE] graph - <----- statementPart
2021-11-19T10:23:43,284|[TRACE] graph - -----> statementPart
2021-11-19T10:23:43,284|[TRACE] graph - -------> nonSkippedSpace
2021-11-19T10:23:43,284|[TRACE] script - #out(` `) [token]
2021-11-19T10:23:43,284|[TRACE] graph - <------- nonSkippedSpace
2021-11-19T10:23:43,284|[TRACE] graph - <----- statementPart
2021-11-19T10:23:43,284|[TRACE] graph - -----> statementPart
2021-11-19T10:23:43,284|[TRACE] graph - -------> quotedString
2021-11-19T10:23:43,284|[TRACE] script - #out(``created``) [token]
2021-11-19T10:23:43,284|[TRACE] graph - <------- quotedString
2021-11-19T10:23:43,284|[TRACE] graph - <----- statementPart
2021-11-19T10:23:43,284|[TRACE] graph - -----> statementPart
2021-11-19T10:23:43,284|[TRACE] graph - -------> nonSkippedSpace
2021-11-19T10:23:43,284|[TRACE] script - #out(` `) [token]
2021-11-19T10:23:43,284|[TRACE] graph - <------- nonSkippedSpace
2021-11-19T10:23:43,284|[TRACE] graph - <----- statementPart
2021-11-19T10:23:43,284|[TRACE] graph - -----> statementPart
2021-11-19T10:23:43,284|[TRACE] graph - -------> nonSkippedChar
2021-11-19T10:23:43,284|[TRACE] script - #out(`B`) [token]
2021-11-19T10:23:43,284|[TRACE] graph - <------- nonSkippedChar
2021-11-19T10:23:43,284|[TRACE] graph - <----- statementPart
2021-11-19T10:23:43,284|[TRACE] graph - -----> statementPart
2021-11-19T10:23:43,284|[TRACE] graph - -------> nonSkippedChar
2021-11-19T10:23:43,284|[TRACE] script - #out(`I`) [token]
2021-11-19T10:23:43,284|[TRACE] graph - <------- nonSkippedChar
2021-11-19T10:23:43,284|[TRACE] graph - <----- statementPart
2021-11-19T10:23:43,284|[TRACE] graph - -----> statementPart
2021-11-19T10:23:43,284|[TRACE] graph - -------> nonSkippedChar
2021-11-19T10:23:43,284|[TRACE] script - #out(`G`) [token]
2021-11-19T10:23:43,284|[TRACE] graph - <------- nonSkippedChar
2021-11-19T10:23:43,284|[TRACE] graph - <----- statementPart
2021-11-19T10:23:43,284|[TRACE] graph - -----> statementPart
2021-11-19T10:23:43,284|[TRACE] graph - -------> nonSkippedChar
2021-11-19T10:23:43,284|[TRACE] script - #out(`I`) [token]
2021-11-19T10:23:43,284|[TRACE] graph - <------- nonSkippedChar
2021-11-19T10:23:43,284|[TRACE] graph - <----- statementPart
2021-11-19T10:23:43,284|[TRACE] graph - -----> statementPart
2021-11-19T10:23:43,284|[TRACE] graph - -------> nonSkippedChar
2021-11-19T10:23:43,284|[TRACE] script - #out(`N`) [token]
2021-11-19T10:23:43,284|[TRACE] graph - <------- nonSkippedChar
2021-11-19T10:23:43,284|[TRACE] graph - <----- statementPart
2021-11-19T10:23:43,284|[TRACE] graph - -----> statementPart
2021-11-19T10:23:43,284|[TRACE] graph - -------> nonSkippedChar
2021-11-19T10:23:43,284|[TRACE] script - #out(`T`) [token]
2021-11-19T10:23:43,284|[TRACE] graph - <------- nonSkippedChar
2021-11-19T10:23:43,284|[TRACE] graph - <----- statementPart
2021-11-19T10:23:43,284|[TRACE] graph - -----> statementPart
2021-11-19T10:23:43,284|[TRACE] graph - -------> nonSkippedSpace
2021-11-19T10:23:43,284|[TRACE] script - #out(` `) [token]
2021-11-19T10:23:43,284|[TRACE] graph - <------- nonSkippedSpace
2021-11-19T10:23:43,284|[TRACE] graph - <----- statementPart
2021-11-19T10:23:43,284|[TRACE] graph - -----> statementPart
2021-11-19T10:23:43,284|[TRACE] graph - -------> nonSkippedChar
2021-11-19T10:23:43,284|[TRACE] script - #out(`N`) [token]
2021-11-19T10:23:43,284|[TRACE] graph - <------- nonSkippedChar
2021-11-19T10:23:43,284|[TRACE] graph - <----- statementPart
2021-11-19T10:23:43,284|[TRACE] graph - -----> statementPart
2021-11-19T10:23:43,353|[TRACE] graph - -------> nonSkippedChar
2021-11-19T10:23:43,353|[TRACE] script - #out(`O`) [token]
2021-11-19T10:23:43,353|[TRACE] graph - <------- nonSkippedChar
2021-11-19T10:23:43,353|[TRACE] graph - <----- statementPart
2021-11-19T10:23:43,353|[TRACE] graph - -----> statementPart
2021-11-19T10:23:43,353|[TRACE] graph - -------> nonSkippedChar
2021-11-19T10:23:43,353|[TRACE] script - #out(`T`) [token]
2021-11-19T10:23:43,353|[TRACE] graph - <------- nonSkippedChar
2021-11-19T10:23:43,353|[TRACE] graph - <----- statementPart
2021-11-19T10:23:43,354|[TRACE] graph - -----> statementPart
2021-11-19T10:23:43,354|[TRACE] graph - -------> nonSkippedSpace
2021-11-19T10:23:43,354|[TRACE] script - #out(` `) [token]
2021-11-19T10:23:43,354|[TRACE] graph - <------- nonSkippedSpace
2021-11-19T10:23:43,354|[TRACE] graph - <----- statementPart
2021-11-19T10:23:43,354|[TRACE] graph - -----> statementPart
2021-11-19T10:23:43,354|[TRACE] graph - -------> nonSkippedChar
2021-11-19T10:23:43,354|[TRACE] script - #out(`N`) [token]
2021-11-19T10:23:43,354|[TRACE] graph - <------- nonSkippedChar
2021-11-19T10:23:43,354|[TRACE] graph - <----- statementPart
2021-11-19T10:23:43,354|[TRACE] graph - -----> statementPart
2021-11-19T10:23:43,354|[TRACE] graph - -------> nonSkippedChar
2021-11-19T10:23:43,354|[TRACE] script - #out(`U`) [token]
2021-11-19T10:23:43,354|[TRACE] graph - <------- nonSkippedChar
2021-11-19T10:23:43,354|[TRACE] graph - <----- statementPart
2021-11-19T10:23:43,354|[TRACE] graph - -----> statementPart
2021-11-19T10:23:43,354|[TRACE] graph - -------> nonSkippedChar
2021-11-19T10:23:43,354|[TRACE] script - #out(`L`) [token]
2021-11-19T10:23:43,354|[TRACE] graph - <------- nonSkippedChar
2021-11-19T10:23:43,354|[TRACE] graph - <----- statementPart
2021-11-19T10:23:43,354|[TRACE] graph - -----> statementPart
2021-11-19T10:23:43,354|[TRACE] graph - -------> nonSkippedChar
2021-11-19T10:23:43,354|[TRACE] script - #out(`L`) [token]
2021-11-19T10:23:43,354|[TRACE] graph - <------- nonSkippedChar
2021-11-19T10:23:43,354|[TRACE] graph - <----- statementPart
2021-11-19T10:23:43,354|[TRACE] graph - -----> statementPart
2021-11-19T10:23:43,354|[TRACE] graph - -------> nonSkippedSpace
2021-11-19T10:23:43,354|[TRACE] script - #out(` `) [token]
2021-11-19T10:23:43,354|[TRACE] graph - <------- nonSkippedSpace
2021-11-19T10:23:43,354|[TRACE] graph - <----- statementPart
2021-11-19T10:23:43,354|[TRACE] graph - -----> statementPart
2021-11-19T10:23:43,354|[TRACE] graph - -------> nonSkippedChar
2021-11-19T10:23:43,354|[TRACE] script - #out(`D`) [token]
2021-11-19T10:23:43,354|[TRACE] graph - <------- nonSkippedChar
2021-11-19T10:23:43,354|[TRACE] graph - <----- statementPart
2021-11-19T10:23:43,354|[TRACE] graph - -----> statementPart
2021-11-19T10:23:43,354|[TRACE] graph - -------> nonSkippedChar
2021-11-19T10:23:43,354|[TRACE] script - #out(`E`) [token]
2021-11-19T10:23:43,354|[TRACE] graph - <------- nonSkippedChar
2021-11-19T10:23:43,354|[TRACE] graph - <----- statementPart
2021-11-19T10:23:43,354|[TRACE] graph - -----> statementPart
2021-11-19T10:23:43,354|[TRACE] graph - -------> nonSkippedChar
2021-11-19T10:23:43,354|[TRACE] script - #out(`F`) [token]
2021-11-19T10:23:43,354|[TRACE] graph - <------- nonSkippedChar
2021-11-19T10:23:43,354|[TRACE] graph - <----- statementPart
2021-11-19T10:23:43,354|[TRACE] graph - -----> statementPart
2021-11-19T10:23:43,354|[TRACE] graph - -------> nonSkippedChar
2021-11-19T10:23:43,354|[TRACE] script - #out(`A`) [token]
2021-11-19T10:23:43,354|[TRACE] graph - <------- nonSkippedChar
2021-11-19T10:23:43,354|[TRACE] graph - <----- statementPart
2021-11-19T10:23:43,354|[TRACE] graph - -----> statementPart
2021-11-19T10:23:43,354|[TRACE] graph - -------> nonSkippedChar
2021-11-19T10:23:43,354|[TRACE] script - #out(`U`) [token]
2021-11-19T10:23:43,354|[TRACE] graph - <------- nonSkippedChar
2021-11-19T10:23:43,354|[TRACE] graph - <----- statementPart
2021-11-19T10:23:43,354|[TRACE] graph - -----> statementPart
2021-11-19T10:23:43,354|[TRACE] graph - -------> nonSkippedChar
2021-11-19T10:23:43,354|[TRACE] script - #out(`L`) [token]
2021-11-19T10:23:43,354|[TRACE] graph - <------- nonSkippedChar
2021-11-19T10:23:43,354|[TRACE] graph - <----- statementPart
2021-11-19T10:23:43,354|[TRACE] graph - -----> statementPart
2021-11-19T10:23:43,354|[TRACE] graph - -------> nonSkippedChar
2021-11-19T10:23:43,354|[TRACE] script - #out(`T`) [token]
2021-11-19T10:23:43,354|[TRACE] graph - <------- nonSkippedChar
2021-11-19T10:23:43,354|[TRACE] graph - <----- statementPart
2021-11-19T10:23:43,354|[TRACE] graph - -----> statementPart
2021-11-19T10:23:43,354|[TRACE] graph - -------> nonSkippedSpace
2021-11-19T10:23:43,354|[TRACE] script - #out(` `) [token]
2021-11-19T10:23:43,354|[TRACE] graph - <------- nonSkippedSpace
2021-11-19T10:23:43,354|[TRACE] graph - <----- statementPart
2021-11-19T10:23:43,354|[TRACE] graph - -----> statementPart
2021-11-19T10:23:43,354|[TRACE] graph - -------> nonSkippedChar
2021-11-19T10:23:43,354|[TRACE] script - #out(`(`) [token]
2021-11-19T10:23:43,354|[TRACE] graph - <------- nonSkippedChar
2021-11-19T10:23:43,354|[TRACE] graph - <----- statementPart
2021-11-19T10:23:43,354|[TRACE] graph - -----> statementPart
2021-11-19T10:23:43,354|[TRACE] graph - -------> nonSkippedChar
2021-11-19T10:23:43,354|[TRACE] script - #out(`u`) [token]
2021-11-19T10:23:43,354|[TRACE] graph - <------- nonSkippedChar
2021-11-19T10:23:43,354|[TRACE] graph - <----- statementPart
2021-11-19T10:23:43,354|[TRACE] graph - -----> statementPart
2021-11-19T10:23:43,354|[TRACE] graph - -------> nonSkippedChar
2021-11-19T10:23:43,354|[TRACE] script - #out(`n`) [token]
2021-11-19T10:23:43,354|[TRACE] graph - <------- nonSkippedChar
2021-11-19T10:23:43,354|[TRACE] graph - <----- statementPart
2021-11-19T10:23:43,354|[TRACE] graph - -----> statementPart
2021-11-19T10:23:43,354|[TRACE] graph - -------> nonSkippedChar
2021-11-19T10:23:43,354|[TRACE] script - #out(`i`) [token]
2021-11-19T10:23:43,354|[TRACE] graph - <------- nonSkippedChar
2021-11-19T10:23:43,354|[TRACE] graph - <----- statementPart
2021-11-19T10:23:43,354|[TRACE] graph - -----> statementPart
2021-11-19T10:23:43,354|[TRACE] graph - -------> nonSkippedChar
2021-11-19T10:23:43,354|[TRACE] script - #out(`x`) [token]
2021-11-19T10:23:43,354|[TRACE] graph - <------- nonSkippedChar
2021-11-19T10:23:43,354|[TRACE] graph - <----- statementPart
2021-11-19T10:23:43,354|[TRACE] graph - -----> statementPart
2021-11-19T10:23:43,354|[TRACE] graph - -------> nonSkippedChar
2021-11-19T10:23:43,354|[TRACE] script - #out(`_`) [token]
2021-11-19T10:23:43,354|[TRACE] graph - <------- nonSkippedChar
2021-11-19T10:23:43,354|[TRACE] graph - <----- statementPart
2021-11-19T10:23:43,354|[TRACE] graph - -----> statementPart
2021-11-19T10:23:43,354|[TRACE] graph - -------> nonSkippedChar
2021-11-19T10:23:43,354|[TRACE] script - #out(`t`) [token]
2021-11-19T10:23:43,354|[TRACE] graph - <------- nonSkippedChar
2021-11-19T10:23:43,354|[TRACE] graph - <----- statementPart
2021-11-19T10:23:43,354|[TRACE] graph - -----> statementPart
2021-11-19T10:23:43,354|[TRACE] graph - -------> nonSkippedChar
2021-11-19T10:23:43,354|[TRACE] script - #out(`i`) [token]
2021-11-19T10:23:43,354|[TRACE] graph - <------- nonSkippedChar
2021-11-19T10:23:43,354|[TRACE] graph - <----- statementPart
2021-11-19T10:23:43,354|[TRACE] graph - -----> statementPart
2021-11-19T10:23:43,354|[TRACE] graph - -------> nonSkippedChar
2021-11-19T10:23:43,354|[TRACE] script - #out(`m`) [token]
2021-11-19T10:23:43,354|[TRACE] graph - <------- nonSkippedChar
2021-11-19T10:23:43,354|[TRACE] graph - <----- statementPart
2021-11-19T10:23:43,354|[TRACE] graph - -----> statementPart
2021-11-19T10:23:43,354|[TRACE] graph - -------> nonSkippedChar
2021-11-19T10:23:43,354|[TRACE] script - #out(`e`) [token]
2021-11-19T10:23:43,354|[TRACE] graph - <------- nonSkippedChar
2021-11-19T10:23:43,354|[TRACE] graph - <----- statementPart
2021-11-19T10:23:43,354|[TRACE] graph - -----> statementPart
2021-11-19T10:23:43,354|[TRACE] graph - -------> nonSkippedChar
2021-11-19T10:23:43,354|[TRACE] script - #out(`s`) [token]
2021-11-19T10:23:43,354|[TRACE] graph - <------- nonSkippedChar
2021-11-19T10:23:43,354|[TRACE] graph - <----- statementPart
2021-11-19T10:23:43,354|[TRACE] graph - -----> statementPart
2021-11-19T10:23:43,354|[TRACE] graph - -------> nonSkippedChar
2021-11-19T10:23:43,354|[TRACE] script - #out(`t`) [token]
2021-11-19T10:23:43,354|[TRACE] graph - <------- nonSkippedChar
2021-11-19T10:23:43,354|[TRACE] graph - <----- statementPart
2021-11-19T10:23:43,354|[TRACE] graph - -----> statementPart
2021-11-19T10:23:43,354|[TRACE] graph - -------> nonSkippedChar
2021-11-19T10:23:43,354|[TRACE] script - #out(`a`) [token]
2021-11-19T10:23:43,354|[TRACE] graph - <------- nonSkippedChar
2021-11-19T10:23:43,354|[TRACE] graph - <----- statementPart
2021-11-19T10:23:43,354|[TRACE] graph - -----> statementPart
2021-11-19T10:23:43,354|[TRACE] graph - -------> nonSkippedChar
2021-11-19T10:23:43,354|[TRACE] script - #out(`m`) [token]
2021-11-19T10:23:43,354|[TRACE] graph - <------- nonSkippedChar
2021-11-19T10:23:43,354|[TRACE] graph - <----- statementPart
2021-11-19T10:23:43,354|[TRACE] graph - -----> statementPart
2021-11-19T10:23:43,354|[TRACE] graph - -------> nonSkippedChar
2021-11-19T10:23:43,354|[TRACE] script - #out(`p`) [token]
2021-11-19T10:23:43,354|[TRACE] graph - <------- nonSkippedChar
2021-11-19T10:23:43,354|[TRACE] graph - <----- statementPart
2021-11-19T10:23:43,354|[TRACE] graph - -----> statementPart
2021-11-19T10:23:43,354|[TRACE] graph - -------> nonSkippedChar
2021-11-19T10:23:43,354|[TRACE] script - #out(`(`) [token]
2021-11-19T10:23:43,354|[TRACE] graph - <------- nonSkippedChar
2021-11-19T10:23:43,354|[TRACE] graph - <----- statementPart
2021-11-19T10:23:43,354|[TRACE] graph - -----> statementPart
2021-11-19T10:23:43,354|[TRACE] graph - -------> nonSkippedChar
2021-11-19T10:23:43,354|[TRACE] script - #out(`n`) [token]
2021-11-19T10:23:43,354|[TRACE] graph - <------- nonSkippedChar
2021-11-19T10:23:43,354|[TRACE] graph - <----- statementPart
2021-11-19T10:23:43,354|[TRACE] graph - -----> statementPart
2021-11-19T10:23:43,354|[TRACE] graph - -------> nonSkippedChar
2021-11-19T10:23:43,354|[TRACE] script - #out(`o`) [token]
2021-11-19T10:23:43,354|[TRACE] graph - <------- nonSkippedChar
2021-11-19T10:23:43,354|[TRACE] graph - <----- statementPart
2021-11-19T10:23:43,354|[TRACE] graph - -----> statementPart
2021-11-19T10:23:43,354|[TRACE] graph - -------> nonSkippedChar
2021-11-19T10:23:43,354|[TRACE] script - #out(`w`) [token]
2021-11-19T10:23:43,354|[TRACE] graph - <------- nonSkippedChar
2021-11-19T10:23:43,354|[TRACE] graph - <----- statementPart
2021-11-19T10:23:43,354|[TRACE] graph - -----> statementPart
2021-11-19T10:23:43,354|[TRACE] graph - -------> nonSkippedChar
2021-11-19T10:23:43,354|[TRACE] script - #out(`(`) [token]
2021-11-19T10:23:43,354|[TRACE] graph - <------- nonSkippedChar
2021-11-19T10:23:43,354|[TRACE] graph - <----- statementPart
2021-11-19T10:23:43,355|[TRACE] graph - -----> statementPart
2021-11-19T10:23:43,355|[TRACE] graph - -------> nonSkippedChar
2021-11-19T10:23:43,355|[TRACE] script - #out(`)`) [token]
2021-11-19T10:23:43,355|[TRACE] graph - <------- nonSkippedChar
2021-11-19T10:23:43,355|[TRACE] graph - <----- statementPart
2021-11-19T10:23:43,355|[TRACE] graph - -----> statementPart
2021-11-19T10:23:43,355|[TRACE] graph - -------> nonSkippedChar
2021-11-19T10:23:43,355|[TRACE] script - #out(`)`) [token]
2021-11-19T10:23:43,355|[TRACE] graph - <------- nonSkippedChar
2021-11-19T10:23:43,355|[TRACE] graph - <----- statementPart
2021-11-19T10:23:43,355|[TRACE] graph - -----> statementPart
2021-11-19T10:23:43,355|[TRACE] graph - -------> nonSkippedSpace
2021-11-19T10:23:43,355|[TRACE] script - #out(` `) [token]
2021-11-19T10:23:43,355|[TRACE] graph - <------- nonSkippedSpace
2021-11-19T10:23:43,355|[TRACE] graph - <----- statementPart
2021-11-19T10:23:43,355|[TRACE] graph - -----> statementPart
2021-11-19T10:23:43,355|[TRACE] graph - -------> nonSkippedChar
2021-11-19T10:23:43,355|[TRACE] script - #out(`*`) [token]
2021-11-19T10:23:43,355|[TRACE] graph - <------- nonSkippedChar
2021-11-19T10:23:43,355|[TRACE] graph - <----- statementPart
2021-11-19T10:23:43,355|[TRACE] graph - -----> statementPart
2021-11-19T10:23:43,355|[TRACE] graph - -------> nonSkippedSpace
2021-11-19T10:23:43,355|[TRACE] script - #out(` `) [token]
2021-11-19T10:23:43,355|[TRACE] graph - <------- nonSkippedSpace
2021-11-19T10:23:43,355|[TRACE] graph - <----- statementPart
2021-11-19T10:23:43,355|[TRACE] graph - -----> statementPart
2021-11-19T10:23:43,355|[TRACE] graph - -------> nonSkippedChar
2021-11-19T10:23:43,355|[TRACE] script - #out(`1`) [token]
2021-11-19T10:23:43,355|[TRACE] graph - <------- nonSkippedChar
2021-11-19T10:23:43,355|[TRACE] graph - <----- statementPart
2021-11-19T10:23:43,355|[TRACE] graph - -----> statementPart
2021-11-19T10:23:43,355|[TRACE] graph - -------> nonSkippedChar
2021-11-19T10:23:43,355|[TRACE] script - #out(`0`) [token]
2021-11-19T10:23:43,355|[TRACE] graph - <------- nonSkippedChar
2021-11-19T10:23:43,355|[TRACE] graph - <----- statementPart
2021-11-19T10:23:43,355|[TRACE] graph - -----> statementPart
2021-11-19T10:23:43,355|[TRACE] graph - -------> nonSkippedChar
2021-11-19T10:23:43,355|[TRACE] script - #out(`0`) [token]
2021-11-19T10:23:43,355|[TRACE] graph - <------- nonSkippedChar
2021-11-19T10:23:43,355|[TRACE] graph - <----- statementPart
2021-11-19T10:23:43,355|[TRACE] graph - -----> statementPart
2021-11-19T10:23:43,355|[TRACE] graph - -------> nonSkippedChar
2021-11-19T10:23:43,355|[TRACE] script - #out(`0`) [token]
2021-11-19T10:23:43,355|[TRACE] graph - <------- nonSkippedChar
2021-11-19T10:23:43,355|[TRACE] graph - <----- statementPart
2021-11-19T10:23:43,355|[TRACE] graph - -----> statementPart
2021-11-19T10:23:43,355|[TRACE] graph - -------> nonSkippedChar
2021-11-19T10:23:43,355|[TRACE] script - #out(`)`) [token]
2021-11-19T10:23:43,355|[TRACE] graph - <------- nonSkippedChar
2021-11-19T10:23:43,355|[TRACE] graph - <----- statementPart
2021-11-19T10:23:43,355|[TRACE] graph - -----> statementPart
2021-11-19T10:23:43,355|[TRACE] graph - -------> nonSkippedChar
2021-11-19T10:23:43,355|[TRACE] script - #out(`,`) [token]
2021-11-19T10:23:43,355|[TRACE] graph - <------- nonSkippedChar
2021-11-19T10:23:43,355|[TRACE] graph - <----- statementPart
2021-11-19T10:23:43,355|[TRACE] graph - -----> afterStatementPartNewline
2021-11-19T10:23:43,355|[TRACE] script - #out(` `) [text]
2021-11-19T10:23:43,355|[TRACE] graph - <----- afterStatementPartNewline
2021-11-19T10:23:43,355|[TRACE] graph - -----> statementPart
2021-11-19T10:23:43,355|[TRACE] graph - -------> nonSkippedSpace
2021-11-19T10:23:43,355|[TRACE] script - #out(` `) [token]
2021-11-19T10:23:43,355|[TRACE] graph - <------- nonSkippedSpace
2021-11-19T10:23:43,355|[TRACE] graph - <----- statementPart
2021-11-19T10:23:43,355|[TRACE] graph - -----> statementPart
2021-11-19T10:23:43,355|[TRACE] graph - -------> nonSkippedSpace
2021-11-19T10:23:43,355|[TRACE] script - #out(` `) [token]
2021-11-19T10:23:43,355|[TRACE] graph - <------- nonSkippedSpace
2021-11-19T10:23:43,355|[TRACE] graph - <----- statementPart
2021-11-19T10:23:43,355|[TRACE] graph - -----> statementPart
2021-11-19T10:23:43,355|[TRACE] graph - -------> quotedString
2021-11-19T10:23:43,355|[TRACE] script - #out(``updated``) [token]
2021-11-19T10:23:43,355|[TRACE] graph - <------- quotedString
2021-11-19T10:23:43,355|[TRACE] graph - <----- statementPart
2021-11-19T10:23:43,355|[TRACE] graph - -----> statementPart
2021-11-19T10:23:43,355|[TRACE] graph - -------> nonSkippedSpace
2021-11-19T10:23:43,355|[TRACE] script - #out(` `) [token]
2021-11-19T10:23:43,355|[TRACE] graph - <------- nonSkippedSpace
2021-11-19T10:23:43,355|[TRACE] graph - <----- statementPart
2021-11-19T10:23:43,355|[TRACE] graph - -----> statementPart
2021-11-19T10:23:43,355|[TRACE] graph - -------> nonSkippedChar
2021-11-19T10:23:43,355|[TRACE] script - #out(`B`) [token]
2021-11-19T10:23:43,355|[TRACE] graph - <------- nonSkippedChar
2021-11-19T10:23:43,355|[TRACE] graph - <----- statementPart
2021-11-19T10:23:43,355|[TRACE] graph - -----> statementPart
2021-11-19T10:23:43,355|[TRACE] graph - -------> nonSkippedChar
2021-11-19T10:23:43,355|[TRACE] script - #out(`I`) [token]
2021-11-19T10:23:43,355|[TRACE] graph - <------- nonSkippedChar
2021-11-19T10:23:43,355|[TRACE] graph - <----- statementPart
2021-11-19T10:23:43,355|[TRACE] graph - -----> statementPart
2021-11-19T10:23:43,355|[TRACE] graph - -------> nonSkippedChar
2021-11-19T10:23:43,355|[TRACE] script - #out(`G`) [token]
2021-11-19T10:23:43,355|[TRACE] graph - <------- nonSkippedChar
2021-11-19T10:23:43,355|[TRACE] graph - <----- statementPart
2021-11-19T10:23:43,355|[TRACE] graph - -----> statementPart
2021-11-19T10:23:43,355|[TRACE] graph - -------> nonSkippedChar
2021-11-19T10:23:43,355|[TRACE] script - #out(`I`) [token]
2021-11-19T10:23:43,355|[TRACE] graph - <------- nonSkippedChar
2021-11-19T10:23:43,355|[TRACE] graph - <----- statementPart
2021-11-19T10:23:43,355|[TRACE] graph - -----> statementPart
2021-11-19T10:23:43,355|[TRACE] graph - -------> nonSkippedChar
2021-11-19T10:23:43,355|[TRACE] script - #out(`N`) [token]
2021-11-19T10:23:43,355|[TRACE] graph - <------- nonSkippedChar
2021-11-19T10:23:43,355|[TRACE] graph - <----- statementPart
2021-11-19T10:23:43,355|[TRACE] graph - -----> statementPart
2021-11-19T10:23:43,355|[TRACE] graph - -------> nonSkippedChar
2021-11-19T10:23:43,355|[TRACE] script - #out(`T`) [token]
2021-11-19T10:23:43,355|[TRACE] graph - <------- nonSkippedChar
2021-11-19T10:23:43,355|[TRACE] graph - <----- statementPart
2021-11-19T10:23:43,355|[TRACE] graph - -----> statementPart
2021-11-19T10:23:43,355|[TRACE] graph - -------> nonSkippedSpace
2021-11-19T10:23:43,355|[TRACE] script - #out(` `) [token]
2021-11-19T10:23:43,355|[TRACE] graph - <------- nonSkippedSpace
2021-11-19T10:23:43,355|[TRACE] graph - <----- statementPart
2021-11-19T10:23:43,355|[TRACE] graph - -----> statementPart
2021-11-19T10:23:43,355|[TRACE] graph - -------> nonSkippedChar
2021-11-19T10:23:43,355|[TRACE] script - #out(`N`) [token]
2021-11-19T10:23:43,355|[TRACE] graph - <------- nonSkippedChar
2021-11-19T10:23:43,355|[TRACE] graph - <----- statementPart
2021-11-19T10:23:43,355|[TRACE] graph - -----> statementPart
2021-11-19T10:23:43,355|[TRACE] graph - -------> nonSkippedChar
2021-11-19T10:23:43,355|[TRACE] script - #out(`O`) [token]
2021-11-19T10:23:43,355|[TRACE] graph - <------- nonSkippedChar
2021-11-19T10:23:43,355|[TRACE] graph - <----- statementPart
2021-11-19T10:23:43,355|[TRACE] graph - -----> statementPart
2021-11-19T10:23:43,355|[TRACE] graph - -------> nonSkippedChar
2021-11-19T10:23:43,355|[TRACE] script - #out(`T`) [token]
2021-11-19T10:23:43,355|[TRACE] graph - <------- nonSkippedChar
2021-11-19T10:23:43,355|[TRACE] graph - <----- statementPart
2021-11-19T10:23:43,355|[TRACE] graph - -----> statementPart
2021-11-19T10:23:43,355|[TRACE] graph - -------> nonSkippedSpace
2021-11-19T10:23:43,355|[TRACE] script - #out(` `) [token]
2021-11-19T10:23:43,355|[TRACE] graph - <------- nonSkippedSpace
2021-11-19T10:23:43,355|[TRACE] graph - <----- statementPart
2021-11-19T10:23:43,355|[TRACE] graph - -----> statementPart
2021-11-19T10:23:43,355|[TRACE] graph - -------> nonSkippedChar
2021-11-19T10:23:43,355|[TRACE] script - #out(`N`) [token]
2021-11-19T10:23:43,355|[TRACE] graph - <------- nonSkippedChar
2021-11-19T10:23:43,355|[TRACE] graph - <----- statementPart
2021-11-19T10:23:43,355|[TRACE] graph - -----> statementPart
2021-11-19T10:23:43,355|[TRACE] graph - -------> nonSkippedChar
2021-11-19T10:23:43,355|[TRACE] script - #out(`U`) [token]
2021-11-19T10:23:43,355|[TRACE] graph - <------- nonSkippedChar
2021-11-19T10:23:43,355|[TRACE] graph - <----- statementPart
2021-11-19T10:23:43,355|[TRACE] graph - -----> statementPart
2021-11-19T10:23:43,355|[TRACE] graph - -------> nonSkippedChar
2021-11-19T10:23:43,355|[TRACE] script - #out(`L`) [token]
2021-11-19T10:23:43,355|[TRACE] graph - <------- nonSkippedChar
2021-11-19T10:23:43,355|[TRACE] graph - <----- statementPart
2021-11-19T10:23:43,355|[TRACE] graph - -----> statementPart
2021-11-19T10:23:43,355|[TRACE] graph - -------> nonSkippedChar
2021-11-19T10:23:43,355|[TRACE] script - #out(`L`) [token]
2021-11-19T10:23:43,355|[TRACE] graph - <------- nonSkippedChar
2021-11-19T10:23:43,355|[TRACE] graph - <----- statementPart
2021-11-19T10:23:43,356|[TRACE] graph - -----> statementPart
2021-11-19T10:23:43,356|[TRACE] graph - -------> nonSkippedSpace
2021-11-19T10:23:43,356|[TRACE] script - #out(` `) [token]
2021-11-19T10:23:43,356|[TRACE] graph - <------- nonSkippedSpace
2021-11-19T10:23:43,356|[TRACE] graph - <----- statementPart
2021-11-19T10:23:43,356|[TRACE] graph - -----> statementPart
2021-11-19T10:23:43,356|[TRACE] graph - -------> nonSkippedChar
2021-11-19T10:23:43,356|[TRACE] script - #out(`D`) [token]
2021-11-19T10:23:43,356|[TRACE] graph - <------- nonSkippedChar
2021-11-19T10:23:43,356|[TRACE] graph - <----- statementPart
2021-11-19T10:23:43,356|[TRACE] graph - -----> statementPart
2021-11-19T10:23:43,356|[TRACE] graph - -------> nonSkippedChar
2021-11-19T10:23:43,356|[TRACE] script - #out(`E`) [token]
2021-11-19T10:23:43,356|[TRACE] graph - <------- nonSkippedChar
2021-11-19T10:23:43,356|[TRACE] graph - <----- statementPart
2021-11-19T10:23:43,356|[TRACE] graph - -----> statementPart
2021-11-19T10:23:43,356|[TRACE] graph - -------> nonSkippedChar
2021-11-19T10:23:43,356|[TRACE] script - #out(`F`) [token]
2021-11-19T10:23:43,356|[TRACE] graph - <------- nonSkippedChar
2021-11-19T10:23:43,356|[TRACE] graph - <----- statementPart
2021-11-19T10:23:43,356|[TRACE] graph - -----> statementPart
2021-11-19T10:23:43,356|[TRACE] graph - -------> nonSkippedChar
2021-11-19T10:23:43,356|[TRACE] script - #out(`A`) [token]
2021-11-19T10:23:43,356|[TRACE] graph - <------- nonSkippedChar
2021-11-19T10:23:43,356|[TRACE] graph - <----- statementPart
2021-11-19T10:23:43,356|[TRACE] graph - -----> statementPart
2021-11-19T10:23:43,356|[TRACE] graph - -------> nonSkippedChar
2021-11-19T10:23:43,356|[TRACE] script - #out(`U`) [token]
2021-11-19T10:23:43,356|[TRACE] graph - <------- nonSkippedChar
2021-11-19T10:23:43,356|[TRACE] graph - <----- statementPart
2021-11-19T10:23:43,356|[TRACE] graph - -----> statementPart
2021-11-19T10:23:43,356|[TRACE] graph - -------> nonSkippedChar
2021-11-19T10:23:43,356|[TRACE] script - #out(`L`) [token]
2021-11-19T10:23:43,356|[TRACE] graph - <------- nonSkippedChar
2021-11-19T10:23:43,356|[TRACE] graph - <----- statementPart
2021-11-19T10:23:43,356|[TRACE] graph - -----> statementPart
2021-11-19T10:23:43,356|[TRACE] graph - -------> nonSkippedChar
2021-11-19T10:23:43,356|[TRACE] script - #out(`T`) [token]
2021-11-19T10:23:43,356|[TRACE] graph - <------- nonSkippedChar
2021-11-19T10:23:43,356|[TRACE] graph - <----- statementPart
2021-11-19T10:23:43,356|[TRACE] graph - -----> statementPart
2021-11-19T10:23:43,356|[TRACE] graph - -------> nonSkippedSpace
2021-11-19T10:23:43,356|[TRACE] script - #out(` `) [token]
2021-11-19T10:23:43,356|[TRACE] graph - <------- nonSkippedSpace
2021-11-19T10:23:43,356|[TRACE] graph - <----- statementPart
2021-11-19T10:23:43,356|[TRACE] graph - -----> statementPart
2021-11-19T10:23:43,356|[TRACE] graph - -------> nonSkippedChar
2021-11-19T10:23:43,356|[TRACE] script - #out(`(`) [token]
2021-11-19T10:23:43,356|[TRACE] graph - <------- nonSkippedChar
2021-11-19T10:23:43,356|[TRACE] graph - <----- statementPart
2021-11-19T10:23:43,356|[TRACE] graph - -----> statementPart
2021-11-19T10:23:43,356|[TRACE] graph - -------> nonSkippedChar
2021-11-19T10:23:43,356|[TRACE] script - #out(`u`) [token]
2021-11-19T10:23:43,356|[TRACE] graph - <------- nonSkippedChar
2021-11-19T10:23:43,356|[TRACE] graph - <----- statementPart
2021-11-19T10:23:43,356|[TRACE] graph - -----> statementPart
2021-11-19T10:23:43,356|[TRACE] graph - -------> nonSkippedChar
2021-11-19T10:23:43,356|[TRACE] script - #out(`n`) [token]
2021-11-19T10:23:43,356|[TRACE] graph - <------- nonSkippedChar
2021-11-19T10:23:43,356|[TRACE] graph - <----- statementPart
2021-11-19T10:23:43,356|[TRACE] graph - -----> statementPart
2021-11-19T10:23:43,356|[TRACE] graph - -------> nonSkippedChar
2021-11-19T10:23:43,356|[TRACE] script - #out(`i`) [token]
2021-11-19T10:23:43,356|[TRACE] graph - <------- nonSkippedChar
2021-11-19T10:23:43,356|[TRACE] graph - <----- statementPart
2021-11-19T10:23:43,356|[TRACE] graph - -----> statementPart
2021-11-19T10:23:43,356|[TRACE] graph - -------> nonSkippedChar
2021-11-19T10:23:43,356|[TRACE] script - #out(`x`) [token]
2021-11-19T10:23:43,356|[TRACE] graph - <------- nonSkippedChar
2021-11-19T10:23:43,356|[TRACE] graph - <----- statementPart
2021-11-19T10:23:43,356|[TRACE] graph - -----> statementPart
2021-11-19T10:23:43,356|[TRACE] graph - -------> nonSkippedChar
2021-11-19T10:23:43,356|[TRACE] script - #out(`_`) [token]
2021-11-19T10:23:43,356|[TRACE] graph - <------- nonSkippedChar
2021-11-19T10:23:43,356|[TRACE] graph - <----- statementPart
2021-11-19T10:23:43,356|[TRACE] graph - -----> statementPart
2021-11-19T10:23:43,356|[TRACE] graph - -------> nonSkippedChar
2021-11-19T10:23:43,356|[TRACE] script - #out(`t`) [token]
2021-11-19T10:23:43,356|[TRACE] graph - <------- nonSkippedChar
2021-11-19T10:23:43,356|[TRACE] graph - <----- statementPart
2021-11-19T10:23:43,356|[TRACE] graph - -----> statementPart
2021-11-19T10:23:43,356|[TRACE] graph - -------> nonSkippedChar
2021-11-19T10:23:43,356|[TRACE] script - #out(`i`) [token]
2021-11-19T10:23:43,356|[TRACE] graph - <------- nonSkippedChar
2021-11-19T10:23:43,356|[TRACE] graph - <----- statementPart
2021-11-19T10:23:43,356|[TRACE] graph - -----> statementPart
2021-11-19T10:23:43,356|[TRACE] graph - -------> nonSkippedChar
2021-11-19T10:23:43,356|[TRACE] script - #out(`m`) [token]
2021-11-19T10:23:43,356|[TRACE] graph - <------- nonSkippedChar
2021-11-19T10:23:43,356|[TRACE] graph - <----- statementPart
2021-11-19T10:23:43,356|[TRACE] graph - -----> statementPart
2021-11-19T10:23:43,356|[TRACE] graph - -------> nonSkippedChar
2021-11-19T10:23:43,356|[TRACE] script - #out(`e`) [token]
2021-11-19T10:23:43,356|[TRACE] graph - <------- nonSkippedChar
2021-11-19T10:23:43,356|[TRACE] graph - <----- statementPart
2021-11-19T10:23:43,356|[TRACE] graph - -----> statementPart
2021-11-19T10:23:43,356|[TRACE] graph - -------> nonSkippedChar
2021-11-19T10:23:43,356|[TRACE] script - #out(`s`) [token]
2021-11-19T10:23:43,356|[TRACE] graph - <------- nonSkippedChar
2021-11-19T10:23:43,356|[TRACE] graph - <----- statementPart
2021-11-19T10:23:43,356|[TRACE] graph - -----> statementPart
2021-11-19T10:23:43,356|[TRACE] graph - -------> nonSkippedChar
2021-11-19T10:23:43,356|[TRACE] script - #out(`t`) [token]
2021-11-19T10:23:43,356|[TRACE] graph - <------- nonSkippedChar
2021-11-19T10:23:43,356|[TRACE] graph - <----- statementPart
2021-11-19T10:23:43,356|[TRACE] graph - -----> statementPart
2021-11-19T10:23:43,356|[TRACE] graph - -------> nonSkippedChar
2021-11-19T10:23:43,356|[TRACE] script - #out(`a`) [token]
2021-11-19T10:23:43,356|[TRACE] graph - <------- nonSkippedChar
2021-11-19T10:23:43,356|[TRACE] graph - <----- statementPart
2021-11-19T10:23:43,356|[TRACE] graph - -----> statementPart
2021-11-19T10:23:43,356|[TRACE] graph - -------> nonSkippedChar
2021-11-19T10:23:43,356|[TRACE] script - #out(`m`) [token]
2021-11-19T10:23:43,356|[TRACE] graph - <------- nonSkippedChar
2021-11-19T10:23:43,356|[TRACE] graph - <----- statementPart
2021-11-19T10:23:43,356|[TRACE] graph - -----> statementPart
2021-11-19T10:23:43,356|[TRACE] graph - -------> nonSkippedChar
2021-11-19T10:23:43,356|[TRACE] script - #out(`p`) [token]
2021-11-19T10:23:43,356|[TRACE] graph - <------- nonSkippedChar
2021-11-19T10:23:43,356|[TRACE] graph - <----- statementPart
2021-11-19T10:23:43,356|[TRACE] graph - -----> statementPart
2021-11-19T10:23:43,356|[TRACE] graph - -------> nonSkippedChar
2021-11-19T10:23:43,356|[TRACE] script - #out(`(`) [token]
2021-11-19T10:23:43,356|[TRACE] graph - <------- nonSkippedChar
2021-11-19T10:23:43,356|[TRACE] graph - <----- statementPart
2021-11-19T10:23:43,356|[TRACE] graph - -----> statementPart
2021-11-19T10:23:43,356|[TRACE] graph - -------> nonSkippedChar
2021-11-19T10:23:43,356|[TRACE] script - #out(`n`) [token]
2021-11-19T10:23:43,356|[TRACE] graph - <------- nonSkippedChar
2021-11-19T10:23:43,356|[TRACE] graph - <----- statementPart
2021-11-19T10:23:43,356|[TRACE] graph - -----> statementPart
2021-11-19T10:23:43,356|[TRACE] graph - -------> nonSkippedChar
2021-11-19T10:23:43,356|[TRACE] script - #out(`o`) [token]
2021-11-19T10:23:43,414|[TRACE] graph - <------- nonSkippedChar
2021-11-19T10:23:43,414|[TRACE] graph - <----- statementPart
2021-11-19T10:23:43,414|[TRACE] graph - -----> statementPart
2021-11-19T10:23:43,414|[TRACE] graph - -------> nonSkippedChar
2021-11-19T10:23:43,414|[TRACE] script - #out(`w`) [token]
2021-11-19T10:23:43,414|[TRACE] graph - <------- nonSkippedChar
2021-11-19T10:23:43,414|[TRACE] graph - <----- statementPart
2021-11-19T10:23:43,414|[TRACE] graph - -----> statementPart
2021-11-19T10:23:43,414|[TRACE] graph - -------> nonSkippedChar
2021-11-19T10:23:43,414|[TRACE] script - #out(`(`) [token]
2021-11-19T10:23:43,414|[TRACE] graph - <------- nonSkippedChar
2021-11-19T10:23:43,414|[TRACE] graph - <----- statementPart
2021-11-19T10:23:43,414|[TRACE] graph - -----> statementPart
2021-11-19T10:23:43,414|[TRACE] graph - -------> nonSkippedChar
2021-11-19T10:23:43,414|[TRACE] script - #out(`)`) [token]
2021-11-19T10:23:43,414|[TRACE] graph - <------- nonSkippedChar
2021-11-19T10:23:43,414|[TRACE] graph - <----- statementPart
2021-11-19T10:23:43,414|[TRACE] graph - -----> statementPart
2021-11-19T10:23:43,414|[TRACE] graph - -------> nonSkippedChar
2021-11-19T10:23:43,414|[TRACE] script - #out(`)`) [token]
2021-11-19T10:23:43,414|[TRACE] graph - <------- nonSkippedChar
2021-11-19T10:23:43,414|[TRACE] graph - <----- statementPart
2021-11-19T10:23:43,414|[TRACE] graph - -----> statementPart
2021-11-19T10:23:43,414|[TRACE] graph - -------> nonSkippedSpace
2021-11-19T10:23:43,414|[TRACE] script - #out(` `) [token]
2021-11-19T10:23:43,414|[TRACE] graph - <------- nonSkippedSpace
2021-11-19T10:23:43,414|[TRACE] graph - <----- statementPart
2021-11-19T10:23:43,414|[TRACE] graph - -----> statementPart
2021-11-19T10:23:43,414|[TRACE] graph - -------> nonSkippedChar
2021-11-19T10:23:43,414|[TRACE] script - #out(`*`) [token]
2021-11-19T10:23:43,414|[TRACE] graph - <------- nonSkippedChar
2021-11-19T10:23:43,414|[TRACE] graph - <----- statementPart
2021-11-19T10:23:43,414|[TRACE] graph - -----> statementPart
2021-11-19T10:23:43,414|[TRACE] graph - -------> nonSkippedSpace
2021-11-19T10:23:43,414|[TRACE] script - #out(` `) [token]
2021-11-19T10:23:43,414|[TRACE] graph - <------- nonSkippedSpace
2021-11-19T10:23:43,414|[TRACE] graph - <----- statementPart
2021-11-19T10:23:43,414|[TRACE] graph - -----> statementPart
2021-11-19T10:23:43,414|[TRACE] graph - -------> nonSkippedChar
2021-11-19T10:23:43,414|[TRACE] script - #out(`1`) [token]
2021-11-19T10:23:43,414|[TRACE] graph - <------- nonSkippedChar
2021-11-19T10:23:43,414|[TRACE] graph - <----- statementPart
2021-11-19T10:23:43,414|[TRACE] graph - -----> statementPart
2021-11-19T10:23:43,414|[TRACE] graph - -------> nonSkippedChar
2021-11-19T10:23:43,414|[TRACE] script - #out(`0`) [token]
2021-11-19T10:23:43,414|[TRACE] graph - <------- nonSkippedChar
2021-11-19T10:23:43,414|[TRACE] graph - <----- statementPart
2021-11-19T10:23:43,414|[TRACE] graph - -----> statementPart
2021-11-19T10:23:43,414|[TRACE] graph - -------> nonSkippedChar
2021-11-19T10:23:43,414|[TRACE] script - #out(`0`) [token]
2021-11-19T10:23:43,414|[TRACE] graph - <------- nonSkippedChar
2021-11-19T10:23:43,414|[TRACE] graph - <----- statementPart
2021-11-19T10:23:43,414|[TRACE] graph - -----> statementPart
2021-11-19T10:23:43,414|[TRACE] graph - -------> nonSkippedChar
2021-11-19T10:23:43,414|[TRACE] script - #out(`0`) [token]
2021-11-19T10:23:43,414|[TRACE] graph - <------- nonSkippedChar
2021-11-19T10:23:43,414|[TRACE] graph - <----- statementPart
2021-11-19T10:23:43,414|[TRACE] graph - -----> statementPart
2021-11-19T10:23:43,414|[TRACE] graph - -------> nonSkippedChar
2021-11-19T10:23:43,414|[TRACE] script - #out(`)`) [token]
2021-11-19T10:23:43,414|[TRACE] graph - <------- nonSkippedChar
2021-11-19T10:23:43,414|[TRACE] graph - <----- statementPart
2021-11-19T10:23:43,414|[TRACE] graph - -----> statementPart
2021-11-19T10:23:43,414|[TRACE] graph - -------> nonSkippedChar
2021-11-19T10:23:43,414|[TRACE] script - #out(`,`) [token]
2021-11-19T10:23:43,414|[TRACE] graph - <------- nonSkippedChar
2021-11-19T10:23:43,414|[TRACE] graph - <----- statementPart
2021-11-19T10:23:43,414|[TRACE] graph - -----> afterStatementPartNewline
2021-11-19T10:23:43,414|[TRACE] script - #out(` `) [text]
2021-11-19T10:23:43,414|[TRACE] graph - <----- afterStatementPartNewline
2021-11-19T10:23:43,414|[TRACE] graph - -----> statementPart
2021-11-19T10:23:43,414|[TRACE] graph - -------> nonSkippedSpace
2021-11-19T10:23:43,414|[TRACE] script - #out(` `) [token]
2021-11-19T10:23:43,414|[TRACE] graph - <------- nonSkippedSpace
2021-11-19T10:23:43,414|[TRACE] graph - <----- statementPart
2021-11-19T10:23:43,414|[TRACE] graph - -----> statementPart
2021-11-19T10:23:43,414|[TRACE] graph - -------> nonSkippedSpace
2021-11-19T10:23:43,414|[TRACE] script - #out(` `) [token]
2021-11-19T10:23:43,414|[TRACE] graph - <------- nonSkippedSpace
2021-11-19T10:23:43,414|[TRACE] graph - <----- statementPart
2021-11-19T10:23:43,414|[TRACE] graph - -----> statementPart
2021-11-19T10:23:43,414|[TRACE] graph - -------> quotedString
2021-11-19T10:23:43,414|[TRACE] script - #out(``version``) [token]
2021-11-19T10:23:43,414|[TRACE] graph - <------- quotedString
2021-11-19T10:23:43,414|[TRACE] graph - <----- statementPart
2021-11-19T10:23:43,414|[TRACE] graph - -----> statementPart
2021-11-19T10:23:43,414|[TRACE] graph - -------> nonSkippedSpace
2021-11-19T10:23:43,414|[TRACE] script - #out(` `) [token]
2021-11-19T10:23:43,414|[TRACE] graph - <------- nonSkippedSpace
2021-11-19T10:23:43,414|[TRACE] graph - <----- statementPart
2021-11-19T10:23:43,414|[TRACE] graph - -----> statementPart
2021-11-19T10:23:43,414|[TRACE] graph - -------> nonSkippedChar
2021-11-19T10:23:43,414|[TRACE] script - #out(`I`) [token]
2021-11-19T10:23:43,415|[TRACE] graph - <------- nonSkippedChar
2021-11-19T10:23:43,415|[TRACE] graph - <----- statementPart
2021-11-19T10:23:43,415|[TRACE] graph - -----> statementPart
2021-11-19T10:23:43,415|[TRACE] graph - -------> nonSkippedChar
2021-11-19T10:23:43,415|[TRACE] script - #out(`N`) [token]
2021-11-19T10:23:43,415|[TRACE] graph - <------- nonSkippedChar
2021-11-19T10:23:43,415|[TRACE] graph - <----- statementPart
2021-11-19T10:23:43,415|[TRACE] graph - -----> statementPart
2021-11-19T10:23:43,415|[TRACE] graph - -------> nonSkippedChar
2021-11-19T10:23:43,415|[TRACE] script - #out(`T`) [token]
2021-11-19T10:23:43,415|[TRACE] graph - <------- nonSkippedChar
2021-11-19T10:23:43,415|[TRACE] graph - <----- statementPart
2021-11-19T10:23:43,415|[TRACE] graph - -----> statementPart
2021-11-19T10:23:43,415|[TRACE] graph - -------> nonSkippedSpace
2021-11-19T10:23:43,415|[TRACE] script - #out(` `) [token]
2021-11-19T10:23:43,415|[TRACE] graph - <------- nonSkippedSpace
2021-11-19T10:23:43,415|[TRACE] graph - <----- statementPart
2021-11-19T10:23:43,415|[TRACE] graph - -----> statementPart
2021-11-19T10:23:43,415|[TRACE] graph - -------> nonSkippedChar
2021-11-19T10:23:43,415|[TRACE] script - #out(`N`) [token]
2021-11-19T10:23:43,415|[TRACE] graph - <------- nonSkippedChar
2021-11-19T10:23:43,415|[TRACE] graph - <----- statementPart
2021-11-19T10:23:43,415|[TRACE] graph - -----> statementPart
2021-11-19T10:23:43,415|[TRACE] graph - -------> nonSkippedChar
2021-11-19T10:23:43,415|[TRACE] script - #out(`O`) [token]
2021-11-19T10:23:43,415|[TRACE] graph - <------- nonSkippedChar
2021-11-19T10:23:43,415|[TRACE] graph - <----- statementPart
2021-11-19T10:23:43,415|[TRACE] graph - -----> statementPart
2021-11-19T10:23:43,415|[TRACE] graph - -------> nonSkippedChar
2021-11-19T10:23:43,415|[TRACE] script - #out(`T`) [token]
2021-11-19T10:23:43,415|[TRACE] graph - <------- nonSkippedChar
2021-11-19T10:23:43,415|[TRACE] graph - <----- statementPart
2021-11-19T10:23:43,415|[TRACE] graph - -----> statementPart
2021-11-19T10:23:43,415|[TRACE] graph - -------> nonSkippedSpace
2021-11-19T10:23:43,415|[TRACE] script - #out(` `) [token]
2021-11-19T10:23:43,415|[TRACE] graph - <------- nonSkippedSpace
2021-11-19T10:23:43,415|[TRACE] graph - <----- statementPart
2021-11-19T10:23:43,415|[TRACE] graph - -----> statementPart
2021-11-19T10:23:43,415|[TRACE] graph - -------> nonSkippedChar
2021-11-19T10:23:43,415|[TRACE] script - #out(`N`) [token]
2021-11-19T10:23:43,415|[TRACE] graph - <------- nonSkippedChar
2021-11-19T10:23:43,415|[TRACE] graph - <----- statementPart
2021-11-19T10:23:43,415|[TRACE] graph - -----> statementPart
2021-11-19T10:23:43,415|[TRACE] graph - -------> nonSkippedChar
2021-11-19T10:23:43,415|[TRACE] script - #out(`U`) [token]
2021-11-19T10:23:43,415|[TRACE] graph - <------- nonSkippedChar
2021-11-19T10:23:43,415|[TRACE] graph - <----- statementPart
2021-11-19T10:23:43,415|[TRACE] graph - -----> statementPart
2021-11-19T10:23:43,415|[TRACE] graph - -------> nonSkippedChar
2021-11-19T10:23:43,415|[TRACE] script - #out(`L`) [token]
2021-11-19T10:23:43,415|[TRACE] graph - <------- nonSkippedChar
2021-11-19T10:23:43,415|[TRACE] graph - <----- statementPart
2021-11-19T10:23:43,415|[TRACE] graph - -----> statementPart
2021-11-19T10:23:43,415|[TRACE] graph - -------> nonSkippedChar
2021-11-19T10:23:43,415|[TRACE] script - #out(`L`) [token]
2021-11-19T10:23:43,415|[TRACE] graph - <------- nonSkippedChar
2021-11-19T10:23:43,415|[TRACE] graph - <----- statementPart
2021-11-19T10:23:43,415|[TRACE] graph - -----> statementPart
2021-11-19T10:23:43,415|[TRACE] graph - -------> nonSkippedSpace
2021-11-19T10:23:43,415|[TRACE] script - #out(` `) [token]
2021-11-19T10:23:43,415|[TRACE] graph - <------- nonSkippedSpace
2021-11-19T10:23:43,415|[TRACE] graph - <----- statementPart
2021-11-19T10:23:43,415|[TRACE] graph - -----> statementPart
2021-11-19T10:23:43,415|[TRACE] graph - -------> nonSkippedChar
2021-11-19T10:23:43,415|[TRACE] script - #out(`D`) [token]
2021-11-19T10:23:43,415|[TRACE] graph - <------- nonSkippedChar
2021-11-19T10:23:43,415|[TRACE] graph - <----- statementPart
2021-11-19T10:23:43,415|[TRACE] graph - -----> statementPart
2021-11-19T10:23:43,415|[TRACE] graph - -------> nonSkippedChar
2021-11-19T10:23:43,415|[TRACE] script - #out(`E`) [token]
2021-11-19T10:23:43,415|[TRACE] graph - <------- nonSkippedChar
2021-11-19T10:23:43,415|[TRACE] graph - <----- statementPart
2021-11-19T10:23:43,415|[TRACE] graph - -----> statementPart
2021-11-19T10:23:43,415|[TRACE] graph - -------> nonSkippedChar
2021-11-19T10:23:43,415|[TRACE] script - #out(`F`) [token]
2021-11-19T10:23:43,415|[TRACE] graph - <------- nonSkippedChar
2021-11-19T10:23:43,415|[TRACE] graph - <----- statementPart
2021-11-19T10:23:43,415|[TRACE] graph - -----> statementPart
2021-11-19T10:23:43,415|[TRACE] graph - -------> nonSkippedChar
2021-11-19T10:23:43,415|[TRACE] script - #out(`A`) [token]
2021-11-19T10:23:43,415|[TRACE] graph - <------- nonSkippedChar
2021-11-19T10:23:43,415|[TRACE] graph - <----- statementPart
2021-11-19T10:23:43,415|[TRACE] graph - -----> statementPart
2021-11-19T10:23:43,415|[TRACE] graph - -------> nonSkippedChar
2021-11-19T10:23:43,415|[TRACE] script - #out(`U`) [token]
2021-11-19T10:23:43,415|[TRACE] graph - <------- nonSkippedChar
2021-11-19T10:23:43,415|[TRACE] graph - <----- statementPart
2021-11-19T10:23:43,415|[TRACE] graph - -----> statementPart
2021-11-19T10:23:43,415|[TRACE] graph - -------> nonSkippedChar
2021-11-19T10:23:43,415|[TRACE] script - #out(`L`) [token]
2021-11-19T10:23:43,415|[TRACE] graph - <------- nonSkippedChar
2021-11-19T10:23:43,415|[TRACE] graph - <----- statementPart
2021-11-19T10:23:43,415|[TRACE] graph - -----> statementPart
2021-11-19T10:23:43,415|[TRACE] graph - -------> nonSkippedChar
2021-11-19T10:23:43,415|[TRACE] script - #out(`T`) [token]
2021-11-19T10:23:43,415|[TRACE] graph - <------- nonSkippedChar
2021-11-19T10:23:43,415|[TRACE] graph - <----- statementPart
2021-11-19T10:23:43,415|[TRACE] graph - -----> statementPart
2021-11-19T10:23:43,415|[TRACE] graph - -------> nonSkippedSpace
2021-11-19T10:23:43,415|[TRACE] script - #out(` `) [token]
2021-11-19T10:23:43,415|[TRACE] graph - <------- nonSkippedSpace
2021-11-19T10:23:43,415|[TRACE] graph - <----- statementPart
2021-11-19T10:23:43,415|[TRACE] graph - -----> statementPart
2021-11-19T10:23:43,415|[TRACE] graph - -------> nonSkippedChar
2021-11-19T10:23:43,415|[TRACE] script - #out(`1`) [token]
2021-11-19T10:23:43,415|[TRACE] graph - <------- nonSkippedChar
2021-11-19T10:23:43,415|[TRACE] graph - <----- statementPart
2021-11-19T10:23:43,415|[TRACE] graph - -----> statementPart
2021-11-19T10:23:43,415|[TRACE] graph - -------> nonSkippedChar
2021-11-19T10:23:43,415|[TRACE] script - #out(`,`) [token]
2021-11-19T10:23:43,415|[TRACE] graph - <------- nonSkippedChar
2021-11-19T10:23:43,415|[TRACE] graph - <----- statementPart
2021-11-19T10:23:43,415|[TRACE] graph - -----> afterStatementPartNewline
2021-11-19T10:23:43,415|[TRACE] script - #out(` `) [text]
2021-11-19T10:23:43,415|[TRACE] graph - <----- afterStatementPartNewline
2021-11-19T10:23:43,415|[TRACE] graph - -----> statementPart
2021-11-19T10:23:43,415|[TRACE] graph - -------> nonSkippedSpace
2021-11-19T10:23:43,415|[TRACE] script - #out(` `) [token]
2021-11-19T10:23:43,415|[TRACE] graph - <------- nonSkippedSpace
2021-11-19T10:23:43,415|[TRACE] graph - <----- statementPart
2021-11-19T10:23:43,415|[TRACE] graph - -----> statementPart
2021-11-19T10:23:43,415|[TRACE] graph - -------> nonSkippedSpace
2021-11-19T10:23:43,415|[TRACE] script - #out(` `) [token]
2021-11-19T10:23:43,415|[TRACE] graph - <------- nonSkippedSpace
2021-11-19T10:23:43,415|[TRACE] graph - <----- statementPart
2021-11-19T10:23:43,415|[TRACE] graph - -----> statementPart
2021-11-19T10:23:43,415|[TRACE] graph - -------> nonSkippedChar
2021-11-19T10:23:43,415|[TRACE] script - #out(`P`) [token]
2021-11-19T10:23:43,415|[TRACE] graph - <------- nonSkippedChar
2021-11-19T10:23:43,415|[TRACE] graph - <----- statementPart
2021-11-19T10:23:43,415|[TRACE] graph - -----> statementPart
2021-11-19T10:23:43,415|[TRACE] graph - -------> nonSkippedChar
2021-11-19T10:23:43,415|[TRACE] script - #out(`R`) [token]
2021-11-19T10:23:43,415|[TRACE] graph - <------- nonSkippedChar
2021-11-19T10:23:43,415|[TRACE] graph - <----- statementPart
2021-11-19T10:23:43,415|[TRACE] graph - -----> statementPart
2021-11-19T10:23:43,415|[TRACE] graph - -------> nonSkippedChar
2021-11-19T10:23:43,415|[TRACE] script - #out(`I`) [token]
2021-11-19T10:23:43,415|[TRACE] graph - <------- nonSkippedChar
2021-11-19T10:23:43,415|[TRACE] graph - <----- statementPart
2021-11-19T10:23:43,415|[TRACE] graph - -----> statementPart
2021-11-19T10:23:43,415|[TRACE] graph - -------> nonSkippedChar
2021-11-19T10:23:43,415|[TRACE] script - #out(`M`) [token]
2021-11-19T10:23:43,415|[TRACE] graph - <------- nonSkippedChar
2021-11-19T10:23:43,415|[TRACE] graph - <----- statementPart
2021-11-19T10:23:43,415|[TRACE] graph - -----> statementPart
2021-11-19T10:23:43,415|[TRACE] graph - -------> nonSkippedChar
2021-11-19T10:23:43,415|[TRACE] script - #out(`A`) [token]
2021-11-19T10:23:43,415|[TRACE] graph - <------- nonSkippedChar
2021-11-19T10:23:43,415|[TRACE] graph - <----- statementPart
2021-11-19T10:23:43,415|[TRACE] graph - -----> statementPart
2021-11-19T10:23:43,415|[TRACE] graph - -------> nonSkippedChar
2021-11-19T10:23:43,415|[TRACE] script - #out(`R`) [token]
2021-11-19T10:23:43,415|[TRACE] graph - <------- nonSkippedChar
2021-11-19T10:23:43,415|[TRACE] graph - <----- statementPart
2021-11-19T10:23:43,415|[TRACE] graph - -----> statementPart
2021-11-19T10:23:43,415|[TRACE] graph - -------> nonSkippedChar
2021-11-19T10:23:43,415|[TRACE] script - #out(`Y`) [token]
2021-11-19T10:23:43,415|[TRACE] graph - <------- nonSkippedChar
2021-11-19T10:23:43,415|[TRACE] graph - <----- statementPart
2021-11-19T10:23:43,415|[TRACE] graph - -----> statementPart
2021-11-19T10:23:43,415|[TRACE] graph - -------> nonSkippedSpace
2021-11-19T10:23:43,415|[TRACE] script - #out(` `) [token]
2021-11-19T10:23:43,415|[TRACE] graph - <------- nonSkippedSpace
2021-11-19T10:23:43,415|[TRACE] graph - <----- statementPart
2021-11-19T10:23:43,415|[TRACE] graph - -----> statementPart
2021-11-19T10:23:43,415|[TRACE] graph - -------> nonSkippedChar
2021-11-19T10:23:43,415|[TRACE] script - #out(`K`) [token]
2021-11-19T10:23:43,415|[TRACE] graph - <------- nonSkippedChar
2021-11-19T10:23:43,415|[TRACE] graph - <----- statementPart
2021-11-19T10:23:43,415|[TRACE] graph - -----> statementPart
2021-11-19T10:23:43,415|[TRACE] graph - -------> nonSkippedChar
2021-11-19T10:23:43,415|[TRACE] script - #out(`E`) [token]
2021-11-19T10:23:43,415|[TRACE] graph - <------- nonSkippedChar
2021-11-19T10:23:43,415|[TRACE] graph - <----- statementPart
2021-11-19T10:23:43,415|[TRACE] graph - -----> statementPart
2021-11-19T10:23:43,415|[TRACE] graph - -------> nonSkippedChar
2021-11-19T10:23:43,415|[TRACE] script - #out(`Y`) [token]
2021-11-19T10:23:43,415|[TRACE] graph - <------- nonSkippedChar
2021-11-19T10:23:43,415|[TRACE] graph - <----- statementPart
2021-11-19T10:23:43,415|[TRACE] graph - -----> statementPart
2021-11-19T10:23:43,415|[TRACE] graph - -------> nonSkippedSpace
2021-11-19T10:23:43,415|[TRACE] script - #out(` `) [token]
2021-11-19T10:23:43,415|[TRACE] graph - <------- nonSkippedSpace
2021-11-19T10:23:43,415|[TRACE] graph - <----- statementPart
2021-11-19T10:23:43,415|[TRACE] graph - -----> statementPart
2021-11-19T10:23:43,415|[TRACE] graph - -------> nonSkippedChar
2021-11-19T10:23:43,415|[TRACE] script - #out(`(`) [token]
2021-11-19T10:23:43,415|[TRACE] graph - <------- nonSkippedChar
2021-11-19T10:23:43,415|[TRACE] graph - <----- statementPart
2021-11-19T10:23:43,415|[TRACE] graph - -----> statementPart
2021-11-19T10:23:43,415|[TRACE] graph - -------> quotedString
2021-11-19T10:23:43,415|[TRACE] script - #out(``person_id``) [token]
2021-11-19T10:23:43,415|[TRACE] graph - <------- quotedString
2021-11-19T10:23:43,415|[TRACE] graph - <----- statementPart
2021-11-19T10:23:43,415|[TRACE] graph - -----> statementPart
2021-11-19T10:23:43,415|[TRACE] graph - -------> nonSkippedChar
2021-11-19T10:23:43,415|[TRACE] script - #out(`,`) [token]
2021-11-19T10:23:43,415|[TRACE] graph - <------- nonSkippedChar
2021-11-19T10:23:43,415|[TRACE] graph - <----- statementPart
2021-11-19T10:23:43,415|[TRACE] graph - -----> statementPart
2021-11-19T10:23:43,415|[TRACE] graph - -------> nonSkippedSpace
2021-11-19T10:23:43,415|[TRACE] script - #out(` `) [token]
2021-11-19T10:23:43,415|[TRACE] graph - <------- nonSkippedSpace
2021-11-19T10:23:43,415|[TRACE] graph - <----- statementPart
2021-11-19T10:23:43,415|[TRACE] graph - -----> statementPart
2021-11-19T10:23:43,415|[TRACE] graph - -------> quotedString
2021-11-19T10:23:43,415|[TRACE] script - #out(``phone_id``) [token]
2021-11-19T10:23:43,415|[TRACE] graph - <------- quotedString
2021-11-19T10:23:43,415|[TRACE] graph - <----- statementPart
2021-11-19T10:23:43,415|[TRACE] graph - -----> statementPart
2021-11-19T10:23:43,415|[TRACE] graph - -------> nonSkippedChar
2021-11-19T10:23:43,415|[TRACE] script - #out(`)`) [token]
2021-11-19T10:23:43,415|[TRACE] graph - <------- nonSkippedChar
2021-11-19T10:23:43,415|[TRACE] graph - <----- statementPart
2021-11-19T10:23:43,415|[TRACE] graph - -----> statementPart
2021-11-19T10:23:43,415|[TRACE] graph - -------> nonSkippedChar
2021-11-19T10:23:43,415|[TRACE] script - #out(`,`) [token]
2021-11-19T10:23:43,415|[TRACE] graph - <------- nonSkippedChar
2021-11-19T10:23:43,415|[TRACE] graph - <----- statementPart
2021-11-19T10:23:43,415|[TRACE] graph - -----> afterStatementPartNewline
2021-11-19T10:23:43,415|[TRACE] script - #out(` `) [text]
2021-11-19T10:23:43,415|[TRACE] graph - <----- afterStatementPartNewline
2021-11-19T10:23:43,415|[TRACE] graph - -----> statementPart
2021-11-19T10:23:43,415|[TRACE] graph - -------> nonSkippedSpace
2021-11-19T10:23:43,415|[TRACE] script - #out(` `) [token]
2021-11-19T10:23:43,415|[TRACE] graph - <------- nonSkippedSpace
2021-11-19T10:23:43,415|[TRACE] graph - <----- statementPart
2021-11-19T10:23:43,416|[TRACE] graph - -----> statementPart
2021-11-19T10:23:43,416|[TRACE] graph - -------> nonSkippedSpace
2021-11-19T10:23:43,416|[TRACE] script - #out(` `) [token]
2021-11-19T10:23:43,416|[TRACE] graph - <------- nonSkippedSpace
2021-11-19T10:23:43,416|[TRACE] graph - <----- statementPart
2021-11-19T10:23:43,416|[TRACE] graph - -----> statementPart
2021-11-19T10:23:43,416|[TRACE] graph - -------> nonSkippedChar
2021-11-19T10:23:43,416|[TRACE] script - #out(`I`) [token]
2021-11-19T10:23:43,416|[TRACE] graph - <------- nonSkippedChar
2021-11-19T10:23:43,416|[TRACE] graph - <----- statementPart
2021-11-19T10:23:43,416|[TRACE] graph - -----> statementPart
2021-11-19T10:23:43,416|[TRACE] graph - -------> nonSkippedChar
2021-11-19T10:23:43,416|[TRACE] script - #out(`N`) [token]
2021-11-19T10:23:43,416|[TRACE] graph - <------- nonSkippedChar
2021-11-19T10:23:43,416|[TRACE] graph - <----- statementPart
2021-11-19T10:23:43,416|[TRACE] graph - -----> statementPart
2021-11-19T10:23:43,416|[TRACE] graph - -------> nonSkippedChar
2021-11-19T10:23:43,416|[TRACE] script - #out(`D`) [token]
2021-11-19T10:23:43,416|[TRACE] graph - <------- nonSkippedChar
2021-11-19T10:23:43,416|[TRACE] graph - <----- statementPart
2021-11-19T10:23:43,416|[TRACE] graph - -----> statementPart
2021-11-19T10:23:43,416|[TRACE] graph - -------> nonSkippedChar
2021-11-19T10:23:43,416|[TRACE] script - #out(`E`) [token]
2021-11-19T10:23:43,416|[TRACE] graph - <------- nonSkippedChar
2021-11-19T10:23:43,416|[TRACE] graph - <----- statementPart
2021-11-19T10:23:43,416|[TRACE] graph - -----> statementPart
2021-11-19T10:23:43,416|[TRACE] graph - -------> nonSkippedChar
2021-11-19T10:23:43,416|[TRACE] script - #out(`X`) [token]
2021-11-19T10:23:43,416|[TRACE] graph - <------- nonSkippedChar
2021-11-19T10:23:43,416|[TRACE] graph - <----- statementPart
2021-11-19T10:23:43,416|[TRACE] graph - -----> statementPart
2021-11-19T10:23:43,416|[TRACE] graph - -------> nonSkippedSpace
2021-11-19T10:23:43,416|[TRACE] script - #out(` `) [token]
2021-11-19T10:23:43,416|[TRACE] graph - <------- nonSkippedSpace
2021-11-19T10:23:43,416|[TRACE] graph - <----- statementPart
2021-11-19T10:23:43,416|[TRACE] graph - -----> statementPart
2021-11-19T10:23:43,416|[TRACE] graph - -------> quotedString
2021-11-19T10:23:43,416|[TRACE] script - #out(``fk_contact_phone1_idx``) [token]
2021-11-19T10:23:43,416|[TRACE] graph - <------- quotedString
2021-11-19T10:23:43,416|[TRACE] graph - <----- statementPart
2021-11-19T10:23:43,416|[TRACE] graph - -----> statementPart
2021-11-19T10:23:43,416|[TRACE] graph - -------> nonSkippedSpace
2021-11-19T10:23:43,416|[TRACE] script - #out(` `) [token]
2021-11-19T10:23:43,416|[TRACE] graph - <------- nonSkippedSpace
2021-11-19T10:23:43,416|[TRACE] graph - <----- statementPart
2021-11-19T10:23:43,416|[TRACE] graph - -----> statementPart
2021-11-19T10:23:43,416|[TRACE] graph - -------> nonSkippedChar
2021-11-19T10:23:43,416|[TRACE] script - #out(`(`) [token]
2021-11-19T10:23:43,416|[TRACE] graph - <------- nonSkippedChar
2021-11-19T10:23:43,416|[TRACE] graph - <----- statementPart
2021-11-19T10:23:43,416|[TRACE] graph - -----> statementPart
2021-11-19T10:23:43,416|[TRACE] graph - -------> quotedString
2021-11-19T10:23:43,416|[TRACE] script - #out(``phone_id``) [token]
2021-11-19T10:23:43,416|[TRACE] graph - <------- quotedString
2021-11-19T10:23:43,416|[TRACE] graph - <----- statementPart
2021-11-19T10:23:43,416|[TRACE] graph - -----> statementPart
2021-11-19T10:23:43,416|[TRACE] graph - -------> nonSkippedSpace
2021-11-19T10:23:43,416|[TRACE] script - #out(` `) [token]
2021-11-19T10:23:43,416|[TRACE] graph - <------- nonSkippedSpace
2021-11-19T10:23:43,416|[TRACE] graph - <----- statementPart
2021-11-19T10:23:43,416|[TRACE] graph - -----> statementPart
2021-11-19T10:23:43,416|[TRACE] graph - -------> nonSkippedChar
2021-11-19T10:23:43,416|[TRACE] script - #out(`A`) [token]
2021-11-19T10:23:43,416|[TRACE] graph - <------- nonSkippedChar
2021-11-19T10:23:43,416|[TRACE] graph - <----- statementPart
2021-11-19T10:23:43,416|[TRACE] graph - -----> statementPart
2021-11-19T10:23:43,416|[TRACE] graph - -------> nonSkippedChar
2021-11-19T10:23:43,416|[TRACE] script - #out(`S`) [token]
2021-11-19T10:23:43,416|[TRACE] graph - <------- nonSkippedChar
2021-11-19T10:23:43,416|[TRACE] graph - <----- statementPart
2021-11-19T10:23:43,416|[TRACE] graph - -----> statementPart
2021-11-19T10:23:43,416|[TRACE] graph - -------> nonSkippedChar
2021-11-19T10:23:43,416|[TRACE] script - #out(`C`) [token]
2021-11-19T10:23:43,416|[TRACE] graph - <------- nonSkippedChar
2021-11-19T10:23:43,416|[TRACE] graph - <----- statementPart
2021-11-19T10:23:43,416|[TRACE] graph - -----> statementPart
2021-11-19T10:23:43,416|[TRACE] graph - -------> nonSkippedChar
2021-11-19T10:23:43,416|[TRACE] script - #out(`)`) [token]
2021-11-19T10:23:43,416|[TRACE] graph - <------- nonSkippedChar
2021-11-19T10:23:43,416|[TRACE] graph - <----- statementPart
2021-11-19T10:23:43,416|[TRACE] graph - -----> statementPart
2021-11-19T10:23:43,416|[TRACE] graph - -------> nonSkippedSpace
2021-11-19T10:23:43,416|[TRACE] script - #out(` `) [token]
2021-11-19T10:23:43,416|[TRACE] graph - <------- nonSkippedSpace
2021-11-19T10:23:43,416|[TRACE] graph - <----- statementPart
2021-11-19T10:23:43,416|[TRACE] graph - -----> statementPart
2021-11-19T10:23:43,416|[TRACE] graph - -------> nonSkippedChar
2021-11-19T10:23:43,416|[TRACE] script - #out(`V`) [token]
2021-11-19T10:23:43,416|[TRACE] graph - <------- nonSkippedChar
2021-11-19T10:23:43,416|[TRACE] graph - <----- statementPart
2021-11-19T10:23:43,416|[TRACE] graph - -----> statementPart
2021-11-19T10:23:43,416|[TRACE] graph - -------> nonSkippedChar
2021-11-19T10:23:43,416|[TRACE] script - #out(`I`) [token]
2021-11-19T10:23:43,416|[TRACE] graph - <------- nonSkippedChar
2021-11-19T10:23:43,416|[TRACE] graph - <----- statementPart
2021-11-19T10:23:43,416|[TRACE] graph - -----> statementPart
2021-11-19T10:23:43,416|[TRACE] graph - -------> nonSkippedChar
2021-11-19T10:23:43,416|[TRACE] script - #out(`S`) [token]
2021-11-19T10:23:43,416|[TRACE] graph - <------- nonSkippedChar
2021-11-19T10:23:43,416|[TRACE] graph - <----- statementPart
2021-11-19T10:23:43,416|[TRACE] graph - -----> statementPart
2021-11-19T10:23:43,416|[TRACE] graph - -------> nonSkippedChar
2021-11-19T10:23:43,416|[TRACE] script - #out(`I`) [token]
2021-11-19T10:23:43,416|[TRACE] graph - <------- nonSkippedChar
2021-11-19T10:23:43,416|[TRACE] graph - <----- statementPart
2021-11-19T10:23:43,416|[TRACE] graph - -----> statementPart
2021-11-19T10:23:43,416|[TRACE] graph - -------> nonSkippedChar
2021-11-19T10:23:43,416|[TRACE] script - #out(`B`) [token]
2021-11-19T10:23:43,416|[TRACE] graph - <------- nonSkippedChar
2021-11-19T10:23:43,416|[TRACE] graph - <----- statementPart
2021-11-19T10:23:43,416|[TRACE] graph - -----> statementPart
2021-11-19T10:23:43,416|[TRACE] graph - -------> nonSkippedChar
2021-11-19T10:23:43,416|[TRACE] script - #out(`L`) [token]
2021-11-19T10:23:43,416|[TRACE] graph - <------- nonSkippedChar
2021-11-19T10:23:43,416|[TRACE] graph - <----- statementPart
2021-11-19T10:23:43,416|[TRACE] graph - -----> statementPart
2021-11-19T10:23:43,416|[TRACE] graph - -------> nonSkippedChar
2021-11-19T10:23:43,416|[TRACE] script - #out(`E`) [token]
2021-11-19T10:23:43,416|[TRACE] graph - <------- nonSkippedChar
2021-11-19T10:23:43,416|[TRACE] graph - <----- statementPart
2021-11-19T10:23:43,416|[TRACE] graph - -----> statementPart
2021-11-19T10:23:43,416|[TRACE] graph - -------> nonSkippedChar
2021-11-19T10:23:43,416|[TRACE] script - #out(`,`) [token]
2021-11-19T10:23:43,416|[TRACE] graph - <------- nonSkippedChar
2021-11-19T10:23:43,416|[TRACE] graph - <----- statementPart
2021-11-19T10:23:43,416|[TRACE] graph - -----> afterStatementPartNewline
2021-11-19T10:23:43,416|[TRACE] script - #out(` `) [text]
2021-11-19T10:23:43,416|[TRACE] graph - <----- afterStatementPartNewline
2021-11-19T10:23:43,416|[TRACE] graph - -----> statementPart
2021-11-19T10:23:43,416|[TRACE] graph - -------> nonSkippedSpace
2021-11-19T10:23:43,416|[TRACE] script - #out(` `) [token]
2021-11-19T10:23:43,416|[TRACE] graph - <------- nonSkippedSpace
2021-11-19T10:23:43,416|[TRACE] graph - <----- statementPart
2021-11-19T10:23:43,416|[TRACE] graph - -----> statementPart
2021-11-19T10:23:43,416|[TRACE] graph - -------> nonSkippedSpace
2021-11-19T10:23:43,416|[TRACE] script - #out(` `) [token]
2021-11-19T10:23:43,416|[TRACE] graph - <------- nonSkippedSpace
2021-11-19T10:23:43,416|[TRACE] graph - <----- statementPart
2021-11-19T10:23:43,416|[TRACE] graph - -----> statementPart
2021-11-19T10:23:43,416|[TRACE] graph - -------> nonSkippedChar
2021-11-19T10:23:43,416|[TRACE] script - #out(`I`) [token]
2021-11-19T10:23:43,416|[TRACE] graph - <------- nonSkippedChar
2021-11-19T10:23:43,416|[TRACE] graph - <----- statementPart
2021-11-19T10:23:43,470|[TRACE] graph - -----> statementPart
2021-11-19T10:23:43,470|[TRACE] graph - -------> nonSkippedChar
2021-11-19T10:23:43,470|[TRACE] script - #out(`N`) [token]
2021-11-19T10:23:43,470|[TRACE] graph - <------- nonSkippedChar
2021-11-19T10:23:43,470|[TRACE] graph - <----- statementPart
2021-11-19T10:23:43,470|[TRACE] graph - -----> statementPart
2021-11-19T10:23:43,470|[TRACE] graph - -------> nonSkippedChar
2021-11-19T10:23:43,470|[TRACE] script - #out(`D`) [token]
2021-11-19T10:23:43,470|[TRACE] graph - <------- nonSkippedChar
2021-11-19T10:23:43,470|[TRACE] graph - <----- statementPart
2021-11-19T10:23:43,470|[TRACE] graph - -----> statementPart
2021-11-19T10:23:43,470|[TRACE] graph - -------> nonSkippedChar
2021-11-19T10:23:43,470|[TRACE] script - #out(`E`) [token]
2021-11-19T10:23:43,470|[TRACE] graph - <------- nonSkippedChar
2021-11-19T10:23:43,470|[TRACE] graph - <----- statementPart
2021-11-19T10:23:43,470|[TRACE] graph - -----> statementPart
2021-11-19T10:23:43,470|[TRACE] graph - -------> nonSkippedChar
2021-11-19T10:23:43,470|[TRACE] script - #out(`X`) [token]
2021-11-19T10:23:43,470|[TRACE] graph - <------- nonSkippedChar
2021-11-19T10:23:43,470|[TRACE] graph - <----- statementPart
2021-11-19T10:23:43,470|[TRACE] graph - -----> statementPart
2021-11-19T10:23:43,470|[TRACE] graph - -------> nonSkippedSpace
2021-11-19T10:23:43,470|[TRACE] script - #out(` `) [token]
2021-11-19T10:23:43,470|[TRACE] graph - <------- nonSkippedSpace
2021-11-19T10:23:43,470|[TRACE] graph - <----- statementPart
2021-11-19T10:23:43,470|[TRACE] graph - -----> statementPart
2021-11-19T10:23:43,470|[TRACE] graph - -------> quotedString
2021-11-19T10:23:43,470|[TRACE] script - #out(``fk_contact_person1_idx``) [token]
2021-11-19T10:23:43,470|[TRACE] graph - <------- quotedString
2021-11-19T10:23:43,470|[TRACE] graph - <----- statementPart
2021-11-19T10:23:43,470|[TRACE] graph - -----> statementPart
2021-11-19T10:23:43,470|[TRACE] graph - -------> nonSkippedSpace
2021-11-19T10:23:43,470|[TRACE] script - #out(` `) [token]
2021-11-19T10:23:43,470|[TRACE] graph - <------- nonSkippedSpace
2021-11-19T10:23:43,470|[TRACE] graph - <----- statementPart
2021-11-19T10:23:43,470|[TRACE] graph - -----> statementPart
2021-11-19T10:23:43,470|[TRACE] graph - -------> nonSkippedChar
2021-11-19T10:23:43,470|[TRACE] script - #out(`(`) [token]
2021-11-19T10:23:43,470|[TRACE] graph - <------- nonSkippedChar
2021-11-19T10:23:43,470|[TRACE] graph - <----- statementPart
2021-11-19T10:23:43,470|[TRACE] graph - -----> statementPart
2021-11-19T10:23:43,470|[TRACE] graph - -------> quotedString
2021-11-19T10:23:43,470|[TRACE] script - #out(``person_id``) [token]
2021-11-19T10:23:43,470|[TRACE] graph - <------- quotedString
2021-11-19T10:23:43,470|[TRACE] graph - <----- statementPart
2021-11-19T10:23:43,470|[TRACE] graph - -----> statementPart
2021-11-19T10:23:43,470|[TRACE] graph - -------> nonSkippedSpace
2021-11-19T10:23:43,470|[TRACE] script - #out(` `) [token]
2021-11-19T10:23:43,470|[TRACE] graph - <------- nonSkippedSpace
2021-11-19T10:23:43,470|[TRACE] graph - <----- statementPart
2021-11-19T10:23:43,470|[TRACE] graph - -----> statementPart
2021-11-19T10:23:43,470|[TRACE] graph - -------> nonSkippedChar
2021-11-19T10:23:43,470|[TRACE] script - #out(`A`) [token]
2021-11-19T10:23:43,470|[TRACE] graph - <------- nonSkippedChar
2021-11-19T10:23:43,470|[TRACE] graph - <----- statementPart
2021-11-19T10:23:43,470|[TRACE] graph - -----> statementPart
2021-11-19T10:23:43,470|[TRACE] graph - -------> nonSkippedChar
2021-11-19T10:23:43,470|[TRACE] script - #out(`S`) [token]
2021-11-19T10:23:43,470|[TRACE] graph - <------- nonSkippedChar
2021-11-19T10:23:43,470|[TRACE] graph - <----- statementPart
2021-11-19T10:23:43,470|[TRACE] graph - -----> statementPart
2021-11-19T10:23:43,470|[TRACE] graph - -------> nonSkippedChar
2021-11-19T10:23:43,470|[TRACE] script - #out(`C`) [token]
2021-11-19T10:23:43,470|[TRACE] graph - <------- nonSkippedChar
2021-11-19T10:23:43,470|[TRACE] graph - <----- statementPart
2021-11-19T10:23:43,470|[TRACE] graph - -----> statementPart
2021-11-19T10:23:43,470|[TRACE] graph - -------> nonSkippedChar
2021-11-19T10:23:43,470|[TRACE] script - #out(`)`) [token]
2021-11-19T10:23:43,470|[TRACE] graph - <------- nonSkippedChar
2021-11-19T10:23:43,470|[TRACE] graph - <----- statementPart
2021-11-19T10:23:43,470|[TRACE] graph - -----> statementPart
2021-11-19T10:23:43,470|[TRACE] graph - -------> nonSkippedSpace
2021-11-19T10:23:43,470|[TRACE] script - #out(` `) [token]
2021-11-19T10:23:43,470|[TRACE] graph - <------- nonSkippedSpace
2021-11-19T10:23:43,470|[TRACE] graph - <----- statementPart
2021-11-19T10:23:43,470|[TRACE] graph - -----> statementPart
2021-11-19T10:23:43,470|[TRACE] graph - -------> nonSkippedChar
2021-11-19T10:23:43,470|[TRACE] script - #out(`V`) [token]
2021-11-19T10:23:43,470|[TRACE] graph - <------- nonSkippedChar
2021-11-19T10:23:43,470|[TRACE] graph - <----- statementPart
2021-11-19T10:23:43,470|[TRACE] graph - -----> statementPart
2021-11-19T10:23:43,470|[TRACE] graph - -------> nonSkippedChar
2021-11-19T10:23:43,470|[TRACE] script - #out(`I`) [token]
2021-11-19T10:23:43,470|[TRACE] graph - <------- nonSkippedChar
2021-11-19T10:23:43,470|[TRACE] graph - <----- statementPart
2021-11-19T10:23:43,470|[TRACE] graph - -----> statementPart
2021-11-19T10:23:43,470|[TRACE] graph - -------> nonSkippedChar
2021-11-19T10:23:43,470|[TRACE] script - #out(`S`) [token]
2021-11-19T10:23:43,470|[TRACE] graph - <------- nonSkippedChar
2021-11-19T10:23:43,470|[TRACE] graph - <----- statementPart
2021-11-19T10:23:43,470|[TRACE] graph - -----> statementPart
2021-11-19T10:23:43,470|[TRACE] graph - -------> nonSkippedChar
2021-11-19T10:23:43,470|[TRACE] script - #out(`I`) [token]
2021-11-19T10:23:43,470|[TRACE] graph - <------- nonSkippedChar
2021-11-19T10:23:43,470|[TRACE] graph - <----- statementPart
2021-11-19T10:23:43,470|[TRACE] graph - -----> statementPart
2021-11-19T10:23:43,470|[TRACE] graph - -------> nonSkippedChar
2021-11-19T10:23:43,470|[TRACE] script - #out(`B`) [token]
2021-11-19T10:23:43,470|[TRACE] graph - <------- nonSkippedChar
2021-11-19T10:23:43,470|[TRACE] graph - <----- statementPart
2021-11-19T10:23:43,470|[TRACE] graph - -----> statementPart
2021-11-19T10:23:43,470|[TRACE] graph - -------> nonSkippedChar
2021-11-19T10:23:43,470|[TRACE] script - #out(`L`) [token]
2021-11-19T10:23:43,470|[TRACE] graph - <------- nonSkippedChar
2021-11-19T10:23:43,470|[TRACE] graph - <----- statementPart
2021-11-19T10:23:43,470|[TRACE] graph - -----> statementPart
2021-11-19T10:23:43,470|[TRACE] graph - -------> nonSkippedChar
2021-11-19T10:23:43,470|[TRACE] script - #out(`E`) [token]
2021-11-19T10:23:43,470|[TRACE] graph - <------- nonSkippedChar
2021-11-19T10:23:43,471|[TRACE] graph - <----- statementPart
2021-11-19T10:23:43,471|[TRACE] graph - -----> statementPart
2021-11-19T10:23:43,471|[TRACE] graph - -------> nonSkippedChar
2021-11-19T10:23:43,471|[TRACE] script - #out(`,`) [token]
2021-11-19T10:23:43,471|[TRACE] graph - <------- nonSkippedChar
2021-11-19T10:23:43,471|[TRACE] graph - <----- statementPart
2021-11-19T10:23:43,471|[TRACE] graph - -----> afterStatementPartNewline
2021-11-19T10:23:43,471|[TRACE] script - #out(` `) [text]
2021-11-19T10:23:43,471|[TRACE] graph - <----- afterStatementPartNewline
2021-11-19T10:23:43,471|[TRACE] graph - -----> statementPart
2021-11-19T10:23:43,471|[TRACE] graph - -------> nonSkippedSpace
2021-11-19T10:23:43,471|[TRACE] script - #out(` `) [token]
2021-11-19T10:23:43,471|[TRACE] graph - <------- nonSkippedSpace
2021-11-19T10:23:43,471|[TRACE] graph - <----- statementPart
2021-11-19T10:23:43,471|[TRACE] graph - -----> statementPart
2021-11-19T10:23:43,471|[TRACE] graph - -------> nonSkippedSpace
2021-11-19T10:23:43,471|[TRACE] script - #out(` `) [token]
2021-11-19T10:23:43,471|[TRACE] graph - <------- nonSkippedSpace
2021-11-19T10:23:43,471|[TRACE] graph - <----- statementPart
2021-11-19T10:23:43,471|[TRACE] graph - -----> statementPart
2021-11-19T10:23:43,471|[TRACE] graph - -------> nonSkippedChar
2021-11-19T10:23:43,471|[TRACE] script - #out(`C`) [token]
2021-11-19T10:23:43,471|[TRACE] graph - <------- nonSkippedChar
2021-11-19T10:23:43,471|[TRACE] graph - <----- statementPart
2021-11-19T10:23:43,471|[TRACE] graph - -----> statementPart
2021-11-19T10:23:43,471|[TRACE] graph - -------> nonSkippedChar
2021-11-19T10:23:43,471|[TRACE] script - #out(`O`) [token]
2021-11-19T10:23:43,471|[TRACE] graph - <------- nonSkippedChar
2021-11-19T10:23:43,471|[TRACE] graph - <----- statementPart
2021-11-19T10:23:43,471|[TRACE] graph - -----> statementPart
2021-11-19T10:23:43,471|[TRACE] graph - -------> nonSkippedChar
2021-11-19T10:23:43,471|[TRACE] script - #out(`N`) [token]
2021-11-19T10:23:43,471|[TRACE] graph - <------- nonSkippedChar
2021-11-19T10:23:43,471|[TRACE] graph - <----- statementPart
2021-11-19T10:23:43,471|[TRACE] graph - -----> statementPart
2021-11-19T10:23:43,471|[TRACE] graph - -------> nonSkippedChar
2021-11-19T10:23:43,471|[TRACE] script - #out(`S`) [token]
2021-11-19T10:23:43,471|[TRACE] graph - <------- nonSkippedChar
2021-11-19T10:23:43,471|[TRACE] graph - <----- statementPart
2021-11-19T10:23:43,471|[TRACE] graph - -----> statementPart
2021-11-19T10:23:43,471|[TRACE] graph - -------> nonSkippedChar
2021-11-19T10:23:43,471|[TRACE] script - #out(`T`) [token]
2021-11-19T10:23:43,471|[TRACE] graph - <------- nonSkippedChar
2021-11-19T10:23:43,471|[TRACE] graph - <----- statementPart
2021-11-19T10:23:43,471|[TRACE] graph - -----> statementPart
2021-11-19T10:23:43,471|[TRACE] graph - -------> nonSkippedChar
2021-11-19T10:23:43,471|[TRACE] script - #out(`R`) [token]
2021-11-19T10:23:43,471|[TRACE] graph - <------- nonSkippedChar
2021-11-19T10:23:43,471|[TRACE] graph - <----- statementPart
2021-11-19T10:23:43,471|[TRACE] graph - -----> statementPart
2021-11-19T10:23:43,471|[TRACE] graph - -------> nonSkippedChar
2021-11-19T10:23:43,471|[TRACE] script - #out(`A`) [token]
2021-11-19T10:23:43,471|[TRACE] graph - <------- nonSkippedChar
2021-11-19T10:23:43,471|[TRACE] graph - <----- statementPart
2021-11-19T10:23:43,471|[TRACE] graph - -----> statementPart
2021-11-19T10:23:43,471|[TRACE] graph - -------> nonSkippedChar
2021-11-19T10:23:43,471|[TRACE] script - #out(`I`) [token]
2021-11-19T10:23:43,471|[TRACE] graph - <------- nonSkippedChar
2021-11-19T10:23:43,471|[TRACE] graph - <----- statementPart
2021-11-19T10:23:43,471|[TRACE] graph - -----> statementPart
2021-11-19T10:23:43,471|[TRACE] graph - -------> nonSkippedChar
2021-11-19T10:23:43,471|[TRACE] script - #out(`N`) [token]
2021-11-19T10:23:43,471|[TRACE] graph - <------- nonSkippedChar
2021-11-19T10:23:43,471|[TRACE] graph - <----- statementPart
2021-11-19T10:23:43,471|[TRACE] graph - -----> statementPart
2021-11-19T10:23:43,471|[TRACE] graph - -------> nonSkippedChar
2021-11-19T10:23:43,471|[TRACE] script - #out(`T`) [token]
2021-11-19T10:23:43,471|[TRACE] graph - <------- nonSkippedChar
2021-11-19T10:23:43,471|[TRACE] graph - <----- statementPart
2021-11-19T10:23:43,471|[TRACE] graph - -----> statementPart
2021-11-19T10:23:43,471|[TRACE] graph - -------> nonSkippedSpace
2021-11-19T10:23:43,471|[TRACE] script - #out(` `) [token]
2021-11-19T10:23:43,471|[TRACE] graph - <------- nonSkippedSpace
2021-11-19T10:23:43,471|[TRACE] graph - <----- statementPart
2021-11-19T10:23:43,471|[TRACE] graph - -----> statementPart
2021-11-19T10:23:43,471|[TRACE] graph - -------> quotedString
2021-11-19T10:23:43,471|[TRACE] script - #out(``fk_contact_address1``) [token]
2021-11-19T10:23:43,471|[TRACE] graph - <------- quotedString
2021-11-19T10:23:43,471|[TRACE] graph - <----- statementPart
2021-11-19T10:23:43,471|[TRACE] graph - -----> afterStatementPartNewline
2021-11-19T10:23:43,471|[TRACE] script - #out(` `) [text]
2021-11-19T10:23:43,471|[TRACE] graph - <----- afterStatementPartNewline
2021-11-19T10:23:43,471|[TRACE] graph - -----> statementPart
2021-11-19T10:23:43,471|[TRACE] graph - -------> nonSkippedSpace
2021-11-19T10:23:43,471|[TRACE] script - #out(` `) [token]
2021-11-19T10:23:43,471|[TRACE] graph - <------- nonSkippedSpace
2021-11-19T10:23:43,471|[TRACE] graph - <----- statementPart
2021-11-19T10:23:43,471|[TRACE] graph - -----> statementPart
2021-11-19T10:23:43,471|[TRACE] graph - -------> nonSkippedSpace
2021-11-19T10:23:43,471|[TRACE] script - #out(` `) [token]
2021-11-19T10:23:43,471|[TRACE] graph - <------- nonSkippedSpace
2021-11-19T10:23:43,471|[TRACE] graph - <----- statementPart
2021-11-19T10:23:43,471|[TRACE] graph - -----> statementPart
2021-11-19T10:23:43,471|[TRACE] graph - -------> nonSkippedSpace
2021-11-19T10:23:43,471|[TRACE] script - #out(` `) [token]
2021-11-19T10:23:43,471|[TRACE] graph - <------- nonSkippedSpace
2021-11-19T10:23:43,471|[TRACE] graph - <----- statementPart
2021-11-19T10:23:43,471|[TRACE] graph - -----> statementPart
2021-11-19T10:23:43,471|[TRACE] graph - -------> nonSkippedSpace
2021-11-19T10:23:43,471|[TRACE] script - #out(` `) [token]
2021-11-19T10:23:43,471|[TRACE] graph - <------- nonSkippedSpace
2021-11-19T10:23:43,471|[TRACE] graph - <----- statementPart
2021-11-19T10:23:43,471|[TRACE] graph - -----> statementPart
2021-11-19T10:23:43,471|[TRACE] graph - -------> nonSkippedChar
2021-11-19T10:23:43,471|[TRACE] script - #out(`F`) [token]
2021-11-19T10:23:43,471|[TRACE] graph - <------- nonSkippedChar
2021-11-19T10:23:43,471|[TRACE] graph - <----- statementPart
2021-11-19T10:23:43,471|[TRACE] graph - -----> statementPart
2021-11-19T10:23:43,471|[TRACE] graph - -------> nonSkippedChar
2021-11-19T10:23:43,471|[TRACE] script - #out(`O`) [token]
2021-11-19T10:23:43,471|[TRACE] graph - <------- nonSkippedChar
2021-11-19T10:23:43,471|[TRACE] graph - <----- statementPart
2021-11-19T10:23:43,471|[TRACE] graph - -----> statementPart
2021-11-19T10:23:43,471|[TRACE] graph - -------> nonSkippedChar
2021-11-19T10:23:43,471|[TRACE] script - #out(`R`) [token]
2021-11-19T10:23:43,471|[TRACE] graph - <------- nonSkippedChar
2021-11-19T10:23:43,471|[TRACE] graph - <----- statementPart
2021-11-19T10:23:43,471|[TRACE] graph - -----> statementPart
2021-11-19T10:23:43,471|[TRACE] graph - -------> nonSkippedChar
2021-11-19T10:23:43,471|[TRACE] script - #out(`E`) [token]
2021-11-19T10:23:43,471|[TRACE] graph - <------- nonSkippedChar
2021-11-19T10:23:43,471|[TRACE] graph - <----- statementPart
2021-11-19T10:23:43,471|[TRACE] graph - -----> statementPart
2021-11-19T10:23:43,471|[TRACE] graph - -------> nonSkippedChar
2021-11-19T10:23:43,471|[TRACE] script - #out(`I`) [token]
2021-11-19T10:23:43,471|[TRACE] graph - <------- nonSkippedChar
2021-11-19T10:23:43,471|[TRACE] graph - <----- statementPart
2021-11-19T10:23:43,471|[TRACE] graph - -----> statementPart
2021-11-19T10:23:43,471|[TRACE] graph - -------> nonSkippedChar
2021-11-19T10:23:43,471|[TRACE] script - #out(`G`) [token]
2021-11-19T10:23:43,471|[TRACE] graph - <------- nonSkippedChar
2021-11-19T10:23:43,471|[TRACE] graph - <----- statementPart
2021-11-19T10:23:43,471|[TRACE] graph - -----> statementPart
2021-11-19T10:23:43,471|[TRACE] graph - -------> nonSkippedChar
2021-11-19T10:23:43,471|[TRACE] script - #out(`N`) [token]
2021-11-19T10:23:43,471|[TRACE] graph - <------- nonSkippedChar
2021-11-19T10:23:43,471|[TRACE] graph - <----- statementPart
2021-11-19T10:23:43,471|[TRACE] graph - -----> statementPart
2021-11-19T10:23:43,471|[TRACE] graph - -------> nonSkippedSpace
2021-11-19T10:23:43,471|[TRACE] script - #out(` `) [token]
2021-11-19T10:23:43,471|[TRACE] graph - <------- nonSkippedSpace
2021-11-19T10:23:43,471|[TRACE] graph - <----- statementPart
2021-11-19T10:23:43,471|[TRACE] graph - -----> statementPart
2021-11-19T10:23:43,471|[TRACE] graph - -------> nonSkippedChar
2021-11-19T10:23:43,471|[TRACE] script - #out(`K`) [token]
2021-11-19T10:23:43,471|[TRACE] graph - <------- nonSkippedChar
2021-11-19T10:23:43,471|[TRACE] graph - <----- statementPart
2021-11-19T10:23:43,471|[TRACE] graph - -----> statementPart
2021-11-19T10:23:43,471|[TRACE] graph - -------> nonSkippedChar
2021-11-19T10:23:43,471|[TRACE] script - #out(`E`) [token]
2021-11-19T10:23:43,471|[TRACE] graph - <------- nonSkippedChar
2021-11-19T10:23:43,471|[TRACE] graph - <----- statementPart
2021-11-19T10:23:43,471|[TRACE] graph - -----> statementPart
2021-11-19T10:23:43,471|[TRACE] graph - -------> nonSkippedChar
2021-11-19T10:23:43,471|[TRACE] script - #out(`Y`) [token]
2021-11-19T10:23:43,471|[TRACE] graph - <------- nonSkippedChar
2021-11-19T10:23:43,471|[TRACE] graph - <----- statementPart
2021-11-19T10:23:43,471|[TRACE] graph - -----> statementPart
2021-11-19T10:23:43,471|[TRACE] graph - -------> nonSkippedSpace
2021-11-19T10:23:43,471|[TRACE] script - #out(` `) [token]
2021-11-19T10:23:43,471|[TRACE] graph - <------- nonSkippedSpace
2021-11-19T10:23:43,471|[TRACE] graph - <----- statementPart
2021-11-19T10:23:43,471|[TRACE] graph - -----> statementPart
2021-11-19T10:23:43,471|[TRACE] graph - -------> nonSkippedChar
2021-11-19T10:23:43,471|[TRACE] script - #out(`(`) [token]
2021-11-19T10:23:43,471|[TRACE] graph - <------- nonSkippedChar
2021-11-19T10:23:43,471|[TRACE] graph - <----- statementPart
2021-11-19T10:23:43,471|[TRACE] graph - -----> statementPart
2021-11-19T10:23:43,471|[TRACE] graph - -------> quotedString
2021-11-19T10:23:43,471|[TRACE] script - #out(``address_id``) [token]
2021-11-19T10:23:43,471|[TRACE] graph - <------- quotedString
2021-11-19T10:23:43,471|[TRACE] graph - <----- statementPart
2021-11-19T10:23:43,471|[TRACE] graph - -----> statementPart
2021-11-19T10:23:43,471|[TRACE] graph - -------> nonSkippedChar
2021-11-19T10:23:43,471|[TRACE] script - #out(`)`) [token]
2021-11-19T10:23:43,471|[TRACE] graph - <------- nonSkippedChar
2021-11-19T10:23:43,471|[TRACE] graph - <----- statementPart
2021-11-19T10:23:43,471|[TRACE] graph - -----> afterStatementPartNewline
2021-11-19T10:23:43,471|[TRACE] script - #out(` `) [text]
2021-11-19T10:23:43,471|[TRACE] graph - <----- afterStatementPartNewline
2021-11-19T10:23:43,471|[TRACE] graph - -----> statementPart
2021-11-19T10:23:43,471|[TRACE] graph - -------> nonSkippedSpace
2021-11-19T10:23:43,471|[TRACE] script - #out(` `) [token]
2021-11-19T10:23:43,471|[TRACE] graph - <------- nonSkippedSpace
2021-11-19T10:23:43,471|[TRACE] graph - <----- statementPart
2021-11-19T10:23:43,471|[TRACE] graph - -----> statementPart
2021-11-19T10:23:43,471|[TRACE] graph - -------> nonSkippedSpace
2021-11-19T10:23:43,471|[TRACE] script - #out(` `) [token]
2021-11-19T10:23:43,471|[TRACE] graph - <------- nonSkippedSpace
2021-11-19T10:23:43,471|[TRACE] graph - <----- statementPart
2021-11-19T10:23:43,471|[TRACE] graph - -----> statementPart
2021-11-19T10:23:43,471|[TRACE] graph - -------> nonSkippedSpace
2021-11-19T10:23:43,471|[TRACE] script - #out(` `) [token]
2021-11-19T10:23:43,471|[TRACE] graph - <------- nonSkippedSpace
2021-11-19T10:23:43,471|[TRACE] graph - <----- statementPart
2021-11-19T10:23:43,471|[TRACE] graph - -----> statementPart
2021-11-19T10:23:43,471|[TRACE] graph - -------> nonSkippedSpace
2021-11-19T10:23:43,471|[TRACE] script - #out(` `) [token]
2021-11-19T10:23:43,471|[TRACE] graph - <------- nonSkippedSpace
2021-11-19T10:23:43,471|[TRACE] graph - <----- statementPart
2021-11-19T10:23:43,471|[TRACE] graph - -----> statementPart
2021-11-19T10:23:43,471|[TRACE] graph - -------> nonSkippedChar
2021-11-19T10:23:43,471|[TRACE] script - #out(`R`) [token]
2021-11-19T10:23:43,471|[TRACE] graph - <------- nonSkippedChar
2021-11-19T10:23:43,471|[TRACE] graph - <----- statementPart
2021-11-19T10:23:43,471|[TRACE] graph - -----> statementPart
2021-11-19T10:23:43,471|[TRACE] graph - -------> nonSkippedChar
2021-11-19T10:23:43,471|[TRACE] script - #out(`E`) [token]
2021-11-19T10:23:43,471|[TRACE] graph - <------- nonSkippedChar
2021-11-19T10:23:43,471|[TRACE] graph - <----- statementPart
2021-11-19T10:23:43,471|[TRACE] graph - -----> statementPart
2021-11-19T10:23:43,471|[TRACE] graph - -------> nonSkippedChar
2021-11-19T10:23:43,471|[TRACE] script - #out(`F`) [token]
2021-11-19T10:23:43,471|[TRACE] graph - <------- nonSkippedChar
2021-11-19T10:23:43,471|[TRACE] graph - <----- statementPart
2021-11-19T10:23:43,471|[TRACE] graph - -----> statementPart
2021-11-19T10:23:43,471|[TRACE] graph - -------> nonSkippedChar
2021-11-19T10:23:43,471|[TRACE] script - #out(`E`) [token]
2021-11-19T10:23:43,471|[TRACE] graph - <------- nonSkippedChar
2021-11-19T10:23:43,471|[TRACE] graph - <----- statementPart
2021-11-19T10:23:43,471|[TRACE] graph - -----> statementPart
2021-11-19T10:23:43,471|[TRACE] graph - -------> nonSkippedChar
2021-11-19T10:23:43,471|[TRACE] script - #out(`R`) [token]
2021-11-19T10:23:43,471|[TRACE] graph - <------- nonSkippedChar
2021-11-19T10:23:43,471|[TRACE] graph - <----- statementPart
2021-11-19T10:23:43,471|[TRACE] graph - -----> statementPart
2021-11-19T10:23:43,471|[TRACE] graph - -------> nonSkippedChar
2021-11-19T10:23:43,471|[TRACE] script - #out(`E`) [token]
2021-11-19T10:23:43,471|[TRACE] graph - <------- nonSkippedChar
2021-11-19T10:23:43,471|[TRACE] graph - <----- statementPart
2021-11-19T10:23:43,471|[TRACE] graph - -----> statementPart
2021-11-19T10:23:43,471|[TRACE] graph - -------> nonSkippedChar
2021-11-19T10:23:43,471|[TRACE] script - #out(`N`) [token]
2021-11-19T10:23:43,471|[TRACE] graph - <------- nonSkippedChar
2021-11-19T10:23:43,471|[TRACE] graph - <----- statementPart
2021-11-19T10:23:43,471|[TRACE] graph - -----> statementPart
2021-11-19T10:23:43,471|[TRACE] graph - -------> nonSkippedChar
2021-11-19T10:23:43,471|[TRACE] script - #out(`C`) [token]
2021-11-19T10:23:43,471|[TRACE] graph - <------- nonSkippedChar
2021-11-19T10:23:43,471|[TRACE] graph - <----- statementPart
2021-11-19T10:23:43,471|[TRACE] graph - -----> statementPart
2021-11-19T10:23:43,471|[TRACE] graph - -------> nonSkippedChar
2021-11-19T10:23:43,471|[TRACE] script - #out(`E`) [token]
2021-11-19T10:23:43,471|[TRACE] graph - <------- nonSkippedChar
2021-11-19T10:23:43,471|[TRACE] graph - <----- statementPart
2021-11-19T10:23:43,471|[TRACE] graph - -----> statementPart
2021-11-19T10:23:43,471|[TRACE] graph - -------> nonSkippedChar
2021-11-19T10:23:43,471|[TRACE] script - #out(`S`) [token]
2021-11-19T10:23:43,471|[TRACE] graph - <------- nonSkippedChar
2021-11-19T10:23:43,471|[TRACE] graph - <----- statementPart
2021-11-19T10:23:43,471|[TRACE] graph - -----> statementPart
2021-11-19T10:23:43,471|[TRACE] graph - -------> nonSkippedSpace
2021-11-19T10:23:43,471|[TRACE] script - #out(` `) [token]
2021-11-19T10:23:43,471|[TRACE] graph - <------- nonSkippedSpace
2021-11-19T10:23:43,471|[TRACE] graph - <----- statementPart
2021-11-19T10:23:43,471|[TRACE] graph - -----> statementPart
2021-11-19T10:23:43,471|[TRACE] graph - -------> quotedString
2021-11-19T10:23:43,471|[TRACE] script - #out(``bloodbank``) [token]
2021-11-19T10:23:43,471|[TRACE] graph - <------- quotedString
2021-11-19T10:23:43,471|[TRACE] graph - <----- statementPart
2021-11-19T10:23:43,471|[TRACE] graph - -----> statementPart
2021-11-19T10:23:43,471|[TRACE] graph - -------> nonSkippedChar
2021-11-19T10:23:43,471|[TRACE] script - #out(`.`) [token]
2021-11-19T10:23:43,471|[TRACE] graph - <------- nonSkippedChar
2021-11-19T10:23:43,471|[TRACE] graph - <----- statementPart
2021-11-19T10:23:43,471|[TRACE] graph - -----> statementPart
2021-11-19T10:23:43,471|[TRACE] graph - -------> quotedString
2021-11-19T10:23:43,471|[TRACE] script - #out(``address``) [token]
2021-11-19T10:23:43,471|[TRACE] graph - <------- quotedString
2021-11-19T10:23:43,471|[TRACE] graph - <----- statementPart
2021-11-19T10:23:43,471|[TRACE] graph - -----> statementPart
2021-11-19T10:23:43,471|[TRACE] graph - -------> nonSkippedSpace
2021-11-19T10:23:43,471|[TRACE] script - #out(` `) [token]
2021-11-19T10:23:43,471|[TRACE] graph - <------- nonSkippedSpace
2021-11-19T10:23:43,471|[TRACE] graph - <----- statementPart
2021-11-19T10:23:43,471|[TRACE] graph - -----> statementPart
2021-11-19T10:23:43,471|[TRACE] graph - -------> nonSkippedChar
2021-11-19T10:23:43,471|[TRACE] script - #out(`(`) [token]
2021-11-19T10:23:43,471|[TRACE] graph - <------- nonSkippedChar
2021-11-19T10:23:43,471|[TRACE] graph - <----- statementPart
2021-11-19T10:23:43,471|[TRACE] graph - -----> statementPart
2021-11-19T10:23:43,471|[TRACE] graph - -------> quotedString
2021-11-19T10:23:43,471|[TRACE] script - #out(``address_id``) [token]
2021-11-19T10:23:43,471|[TRACE] graph - <------- quotedString
2021-11-19T10:23:43,471|[TRACE] graph - <----- statementPart
2021-11-19T10:23:43,471|[TRACE] graph - -----> statementPart
2021-11-19T10:23:43,471|[TRACE] graph - -------> nonSkippedChar
2021-11-19T10:23:43,472|[TRACE] script - #out(`)`) [token]
2021-11-19T10:23:43,472|[TRACE] graph - <------- nonSkippedChar
2021-11-19T10:23:43,472|[TRACE] graph - <----- statementPart
2021-11-19T10:23:43,472|[TRACE] graph - -----> afterStatementPartNewline
2021-11-19T10:23:43,472|[TRACE] script - #out(` `) [text]
2021-11-19T10:23:43,472|[TRACE] graph - <----- afterStatementPartNewline
2021-11-19T10:23:43,472|[TRACE] graph - -----> statementPart
2021-11-19T10:23:43,472|[TRACE] graph - -------> nonSkippedSpace
2021-11-19T10:23:43,472|[TRACE] script - #out(` `) [token]
2021-11-19T10:23:43,472|[TRACE] graph - <------- nonSkippedSpace
2021-11-19T10:23:43,472|[TRACE] graph - <----- statementPart
2021-11-19T10:23:43,472|[TRACE] graph - -----> statementPart
2021-11-19T10:23:43,472|[TRACE] graph - -------> nonSkippedSpace
2021-11-19T10:23:43,472|[TRACE] script - #out(` `) [token]
2021-11-19T10:23:43,472|[TRACE] graph - <------- nonSkippedSpace
2021-11-19T10:23:43,472|[TRACE] graph - <----- statementPart
2021-11-19T10:23:43,472|[TRACE] graph - -----> statementPart
2021-11-19T10:23:43,472|[TRACE] graph - -------> nonSkippedSpace
2021-11-19T10:23:43,472|[TRACE] script - #out(` `) [token]
2021-11-19T10:23:43,472|[TRACE] graph - <------- nonSkippedSpace
2021-11-19T10:23:43,472|[TRACE] graph - <----- statementPart
2021-11-19T10:23:43,472|[TRACE] graph - -----> statementPart
2021-11-19T10:23:43,472|[TRACE] graph - -------> nonSkippedSpace
2021-11-19T10:23:43,472|[TRACE] script - #out(` `) [token]
2021-11-19T10:23:43,472|[TRACE] graph - <------- nonSkippedSpace
2021-11-19T10:23:43,472|[TRACE] graph - <----- statementPart
2021-11-19T10:23:43,472|[TRACE] graph - -----> statementPart
2021-11-19T10:23:43,472|[TRACE] graph - -------> nonSkippedChar
2021-11-19T10:23:43,472|[TRACE] script - #out(`O`) [token]
2021-11-19T10:23:43,472|[TRACE] graph - <------- nonSkippedChar
2021-11-19T10:23:43,472|[TRACE] graph - <----- statementPart
2021-11-19T10:23:43,472|[TRACE] graph - -----> statementPart
2021-11-19T10:23:43,472|[TRACE] graph - -------> nonSkippedChar
2021-11-19T10:23:43,472|[TRACE] script - #out(`N`) [token]
2021-11-19T10:23:43,472|[TRACE] graph - <------- nonSkippedChar
2021-11-19T10:23:43,472|[TRACE] graph - <----- statementPart
2021-11-19T10:23:43,472|[TRACE] graph - -----> statementPart
2021-11-19T10:23:43,472|[TRACE] graph - -------> nonSkippedSpace
2021-11-19T10:23:43,472|[TRACE] script - #out(` `) [token]
2021-11-19T10:23:43,472|[TRACE] graph - <------- nonSkippedSpace
2021-11-19T10:23:43,472|[TRACE] graph - <----- statementPart
2021-11-19T10:23:43,472|[TRACE] graph - -----> statementPart
2021-11-19T10:23:43,472|[TRACE] graph - -------> nonSkippedChar
2021-11-19T10:23:43,472|[TRACE] script - #out(`D`) [token]
2021-11-19T10:23:43,472|[TRACE] graph - <------- nonSkippedChar
2021-11-19T10:23:43,472|[TRACE] graph - <----- statementPart
2021-11-19T10:23:43,472|[TRACE] graph - -----> statementPart
2021-11-19T10:23:43,472|[TRACE] graph - -------> nonSkippedChar
2021-11-19T10:23:43,472|[TRACE] script - #out(`E`) [token]
2021-11-19T10:23:43,472|[TRACE] graph - <------- nonSkippedChar
2021-11-19T10:23:43,472|[TRACE] graph - <----- statementPart
2021-11-19T10:23:43,472|[TRACE] graph - -----> statementPart
2021-11-19T10:23:43,472|[TRACE] graph - -------> nonSkippedChar
2021-11-19T10:23:43,472|[TRACE] script - #out(`L`) [token]
2021-11-19T10:23:43,472|[TRACE] graph - <------- nonSkippedChar
2021-11-19T10:23:43,472|[TRACE] graph - <----- statementPart
2021-11-19T10:23:43,472|[TRACE] graph - -----> statementPart
2021-11-19T10:23:43,472|[TRACE] graph - -------> nonSkippedChar
2021-11-19T10:23:43,472|[TRACE] script - #out(`E`) [token]
2021-11-19T10:23:43,472|[TRACE] graph - <------- nonSkippedChar
2021-11-19T10:23:43,472|[TRACE] graph - <----- statementPart
2021-11-19T10:23:43,472|[TRACE] graph - -----> statementPart
2021-11-19T10:23:43,472|[TRACE] graph - -------> nonSkippedChar
2021-11-19T10:23:43,472|[TRACE] script - #out(`T`) [token]
2021-11-19T10:23:43,472|[TRACE] graph - <------- nonSkippedChar
2021-11-19T10:23:43,472|[TRACE] graph - <----- statementPart
2021-11-19T10:23:43,472|[TRACE] graph - -----> statementPart
2021-11-19T10:23:43,472|[TRACE] graph - -------> nonSkippedChar
2021-11-19T10:23:43,527|[TRACE] script - #out(`E`) [token]
2021-11-19T10:23:43,527|[TRACE] graph - <------- nonSkippedChar
2021-11-19T10:23:43,527|[TRACE] graph - <----- statementPart
2021-11-19T10:23:43,527|[TRACE] graph - -----> statementPart
2021-11-19T10:23:43,527|[TRACE] graph - -------> nonSkippedSpace
2021-11-19T10:23:43,527|[TRACE] script - #out(` `) [token]
2021-11-19T10:23:43,527|[TRACE] graph - <------- nonSkippedSpace
2021-11-19T10:23:43,527|[TRACE] graph - <----- statementPart
2021-11-19T10:23:43,527|[TRACE] graph - -----> statementPart
2021-11-19T10:23:43,527|[TRACE] graph - -------> nonSkippedChar
2021-11-19T10:23:43,527|[TRACE] script - #out(`N`) [token]
2021-11-19T10:23:43,527|[TRACE] graph - <------- nonSkippedChar
2021-11-19T10:23:43,527|[TRACE] graph - <----- statementPart
2021-11-19T10:23:43,527|[TRACE] graph - -----> statementPart
2021-11-19T10:23:43,527|[TRACE] graph - -------> nonSkippedChar
2021-11-19T10:23:43,527|[TRACE] script - #out(`O`) [token]
2021-11-19T10:23:43,527|[TRACE] graph - <------- nonSkippedChar
2021-11-19T10:23:43,527|[TRACE] graph - <----- statementPart
2021-11-19T10:23:43,527|[TRACE] graph - -----> statementPart
2021-11-19T10:23:43,527|[TRACE] graph - -------> nonSkippedSpace
2021-11-19T10:23:43,527|[TRACE] script - #out(` `) [token]
2021-11-19T10:23:43,527|[TRACE] graph - <------- nonSkippedSpace
2021-11-19T10:23:43,527|[TRACE] graph - <----- statementPart
2021-11-19T10:23:43,527|[TRACE] graph - -----> statementPart
2021-11-19T10:23:43,527|[TRACE] graph - -------> nonSkippedChar
2021-11-19T10:23:43,527|[TRACE] script - #out(`A`) [token]
2021-11-19T10:23:43,527|[TRACE] graph - <------- nonSkippedChar
2021-11-19T10:23:43,527|[TRACE] graph - <----- statementPart
2021-11-19T10:23:43,527|[TRACE] graph - -----> statementPart
2021-11-19T10:23:43,527|[TRACE] graph - -------> nonSkippedChar
2021-11-19T10:23:43,527|[TRACE] script - #out(`C`) [token]
2021-11-19T10:23:43,527|[TRACE] graph - <------- nonSkippedChar
2021-11-19T10:23:43,527|[TRACE] graph - <----- statementPart
2021-11-19T10:23:43,527|[TRACE] graph - -----> statementPart
2021-11-19T10:23:43,527|[TRACE] graph - -------> nonSkippedChar
2021-11-19T10:23:43,527|[TRACE] script - #out(`T`) [token]
2021-11-19T10:23:43,527|[TRACE] graph - <------- nonSkippedChar
2021-11-19T10:23:43,527|[TRACE] graph - <----- statementPart
2021-11-19T10:23:43,527|[TRACE] graph - -----> statementPart
2021-11-19T10:23:43,527|[TRACE] graph - -------> nonSkippedChar
2021-11-19T10:23:43,527|[TRACE] script - #out(`I`) [token]
2021-11-19T10:23:43,527|[TRACE] graph - <------- nonSkippedChar
2021-11-19T10:23:43,527|[TRACE] graph - <----- statementPart
2021-11-19T10:23:43,527|[TRACE] graph - -----> statementPart
2021-11-19T10:23:43,527|[TRACE] graph - -------> nonSkippedChar
2021-11-19T10:23:43,527|[TRACE] script - #out(`O`) [token]
2021-11-19T10:23:43,527|[TRACE] graph - <------- nonSkippedChar
2021-11-19T10:23:43,527|[TRACE] graph - <----- statementPart
2021-11-19T10:23:43,527|[TRACE] graph - -----> statementPart
2021-11-19T10:23:43,527|[TRACE] graph - -------> nonSkippedChar
2021-11-19T10:23:43,527|[TRACE] script - #out(`N`) [token]
2021-11-19T10:23:43,527|[TRACE] graph - <------- nonSkippedChar
2021-11-19T10:23:43,527|[TRACE] graph - <----- statementPart
2021-11-19T10:23:43,527|[TRACE] graph - -----> afterStatementPartNewline
2021-11-19T10:23:43,527|[TRACE] script - #out(` `) [text]
2021-11-19T10:23:43,527|[TRACE] graph - <----- afterStatementPartNewline
2021-11-19T10:23:43,527|[TRACE] graph - -----> statementPart
2021-11-19T10:23:43,527|[TRACE] graph - -------> nonSkippedSpace
2021-11-19T10:23:43,527|[TRACE] script - #out(` `) [token]
2021-11-19T10:23:43,527|[TRACE] graph - <------- nonSkippedSpace
2021-11-19T10:23:43,527|[TRACE] graph - <----- statementPart
2021-11-19T10:23:43,527|[TRACE] graph - -----> statementPart
2021-11-19T10:23:43,527|[TRACE] graph - -------> nonSkippedSpace
2021-11-19T10:23:43,527|[TRACE] script - #out(` `) [token]
2021-11-19T10:23:43,527|[TRACE] graph - <------- nonSkippedSpace
2021-11-19T10:23:43,527|[TRACE] graph - <----- statementPart
2021-11-19T10:23:43,527|[TRACE] graph - -----> statementPart
2021-11-19T10:23:43,527|[TRACE] graph - -------> nonSkippedSpace
2021-11-19T10:23:43,527|[TRACE] script - #out(` `) [token]
2021-11-19T10:23:43,527|[TRACE] graph - <------- nonSkippedSpace
2021-11-19T10:23:43,527|[TRACE] graph - <----- statementPart
2021-11-19T10:23:43,527|[TRACE] graph - -----> statementPart
2021-11-19T10:23:43,527|[TRACE] graph - -------> nonSkippedSpace
2021-11-19T10:23:43,527|[TRACE] script - #out(` `) [token]
2021-11-19T10:23:43,527|[TRACE] graph - <------- nonSkippedSpace
2021-11-19T10:23:43,527|[TRACE] graph - <----- statementPart
2021-11-19T10:23:43,528|[TRACE] graph - -----> statementPart
2021-11-19T10:23:43,528|[TRACE] graph - -------> nonSkippedChar
2021-11-19T10:23:43,528|[TRACE] script - #out(`O`) [token]
2021-11-19T10:23:43,528|[TRACE] graph - <------- nonSkippedChar
2021-11-19T10:23:43,528|[TRACE] graph - <----- statementPart
2021-11-19T10:23:43,528|[TRACE] graph - -----> statementPart
2021-11-19T10:23:43,528|[TRACE] graph - -------> nonSkippedChar
2021-11-19T10:23:43,528|[TRACE] script - #out(`N`) [token]
2021-11-19T10:23:43,528|[TRACE] graph - <------- nonSkippedChar
2021-11-19T10:23:43,528|[TRACE] graph - <----- statementPart
2021-11-19T10:23:43,528|[TRACE] graph - -----> statementPart
2021-11-19T10:23:43,528|[TRACE] graph - -------> nonSkippedSpace
2021-11-19T10:23:43,528|[TRACE] script - #out(` `) [token]
2021-11-19T10:23:43,528|[TRACE] graph - <------- nonSkippedSpace
2021-11-19T10:23:43,528|[TRACE] graph - <----- statementPart
2021-11-19T10:23:43,528|[TRACE] graph - -----> statementPart
2021-11-19T10:23:43,528|[TRACE] graph - -------> nonSkippedChar
2021-11-19T10:23:43,528|[TRACE] script - #out(`U`) [token]
2021-11-19T10:23:43,528|[TRACE] graph - <------- nonSkippedChar
2021-11-19T10:23:43,528|[TRACE] graph - <----- statementPart
2021-11-19T10:23:43,528|[TRACE] graph - -----> statementPart
2021-11-19T10:23:43,528|[TRACE] graph - -------> nonSkippedChar
2021-11-19T10:23:43,528|[TRACE] script - #out(`P`) [token]
2021-11-19T10:23:43,528|[TRACE] graph - <------- nonSkippedChar
2021-11-19T10:23:43,528|[TRACE] graph - <----- statementPart
2021-11-19T10:23:43,528|[TRACE] graph - -----> statementPart
2021-11-19T10:23:43,528|[TRACE] graph - -------> nonSkippedChar
2021-11-19T10:23:43,528|[TRACE] script - #out(`D`) [token]
2021-11-19T10:23:43,528|[TRACE] graph - <------- nonSkippedChar
2021-11-19T10:23:43,528|[TRACE] graph - <----- statementPart
2021-11-19T10:23:43,528|[TRACE] graph - -----> statementPart
2021-11-19T10:23:43,528|[TRACE] graph - -------> nonSkippedChar
2021-11-19T10:23:43,528|[TRACE] script - #out(`A`) [token]
2021-11-19T10:23:43,528|[TRACE] graph - <------- nonSkippedChar
2021-11-19T10:23:43,528|[TRACE] graph - <----- statementPart
2021-11-19T10:23:43,528|[TRACE] graph - -----> statementPart
2021-11-19T10:23:43,528|[TRACE] graph - -------> nonSkippedChar
2021-11-19T10:23:43,528|[TRACE] script - #out(`T`) [token]
2021-11-19T10:23:43,528|[TRACE] graph - <------- nonSkippedChar
2021-11-19T10:23:43,528|[TRACE] graph - <----- statementPart
2021-11-19T10:23:43,528|[TRACE] graph - -----> statementPart
2021-11-19T10:23:43,528|[TRACE] graph - -------> nonSkippedChar
2021-11-19T10:23:43,528|[TRACE] script - #out(`E`) [token]
2021-11-19T10:23:43,528|[TRACE] graph - <------- nonSkippedChar
2021-11-19T10:23:43,528|[TRACE] graph - <----- statementPart
2021-11-19T10:23:43,528|[TRACE] graph - -----> statementPart
2021-11-19T10:23:43,528|[TRACE] graph - -------> nonSkippedSpace
2021-11-19T10:23:43,528|[TRACE] script - #out(` `) [token]
2021-11-19T10:23:43,528|[TRACE] graph - <------- nonSkippedSpace
2021-11-19T10:23:43,528|[TRACE] graph - <----- statementPart
2021-11-19T10:23:43,528|[TRACE] graph - -----> statementPart
2021-11-19T10:23:43,528|[TRACE] graph - -------> nonSkippedChar
2021-11-19T10:23:43,528|[TRACE] script - #out(`N`) [token]
2021-11-19T10:23:43,528|[TRACE] graph - <------- nonSkippedChar
2021-11-19T10:23:43,528|[TRACE] graph - <----- statementPart
2021-11-19T10:23:43,528|[TRACE] graph - -----> statementPart
2021-11-19T10:23:43,528|[TRACE] graph - -------> nonSkippedChar
2021-11-19T10:23:43,528|[TRACE] script - #out(`O`) [token]
2021-11-19T10:23:43,528|[TRACE] graph - <------- nonSkippedChar
2021-11-19T10:23:43,528|[TRACE] graph - <----- statementPart
2021-11-19T10:23:43,528|[TRACE] graph - -----> statementPart
2021-11-19T10:23:43,528|[TRACE] graph - -------> nonSkippedSpace
2021-11-19T10:23:43,528|[TRACE] script - #out(` `) [token]
2021-11-19T10:23:43,528|[TRACE] graph - <------- nonSkippedSpace
2021-11-19T10:23:43,528|[TRACE] graph - <----- statementPart
2021-11-19T10:23:43,528|[TRACE] graph - -----> statementPart
2021-11-19T10:23:43,528|[TRACE] graph - -------> nonSkippedChar
2021-11-19T10:23:43,528|[TRACE] script - #out(`A`) [token]
2021-11-19T10:23:43,528|[TRACE] graph - <------- nonSkippedChar
2021-11-19T10:23:43,528|[TRACE] graph - <----- statementPart
2021-11-19T10:23:43,528|[TRACE] graph - -----> statementPart
2021-11-19T10:23:43,528|[TRACE] graph - -------> nonSkippedChar
2021-11-19T10:23:43,528|[TRACE] script - #out(`C`) [token]
2021-11-19T10:23:43,528|[TRACE] graph - <------- nonSkippedChar
2021-11-19T10:23:43,528|[TRACE] graph - <----- statementPart
2021-11-19T10:23:43,528|[TRACE] graph - -----> statementPart
2021-11-19T10:23:43,528|[TRACE] graph - -------> nonSkippedChar
2021-11-19T10:23:43,528|[TRACE] script - #out(`T`) [token]
2021-11-19T10:23:43,528|[TRACE] graph - <------- nonSkippedChar
2021-11-19T10:23:43,528|[TRACE] graph - <----- statementPart
2021-11-19T10:23:43,528|[TRACE] graph - -----> statementPart
2021-11-19T10:23:43,528|[TRACE] graph - -------> nonSkippedChar
2021-11-19T10:23:43,528|[TRACE] script - #out(`I`) [token]
2021-11-19T10:23:43,528|[TRACE] graph - <------- nonSkippedChar
2021-11-19T10:23:43,528|[TRACE] graph - <----- statementPart
2021-11-19T10:23:43,528|[TRACE] graph - -----> statementPart
2021-11-19T10:23:43,528|[TRACE] graph - -------> nonSkippedChar
2021-11-19T10:23:43,528|[TRACE] script - #out(`O`) [token]
2021-11-19T10:23:43,528|[TRACE] graph - <------- nonSkippedChar
2021-11-19T10:23:43,528|[TRACE] graph - <----- statementPart
2021-11-19T10:23:43,528|[TRACE] graph - -----> statementPart
2021-11-19T10:23:43,528|[TRACE] graph - -------> nonSkippedChar
2021-11-19T10:23:43,528|[TRACE] script - #out(`N`) [token]
2021-11-19T10:23:43,528|[TRACE] graph - <------- nonSkippedChar
2021-11-19T10:23:43,528|[TRACE] graph - <----- statementPart
2021-11-19T10:23:43,528|[TRACE] graph - -----> statementPart
2021-11-19T10:23:43,528|[TRACE] graph - -------> nonSkippedChar
2021-11-19T10:23:43,528|[TRACE] script - #out(`,`) [token]
2021-11-19T10:23:43,528|[TRACE] graph - <------- nonSkippedChar
2021-11-19T10:23:43,528|[TRACE] graph - <----- statementPart
2021-11-19T10:23:43,528|[TRACE] graph - -----> afterStatementPartNewline
2021-11-19T10:23:43,528|[TRACE] script - #out(` `) [text]
2021-11-19T10:23:43,528|[TRACE] graph - <----- afterStatementPartNewline
2021-11-19T10:23:43,528|[TRACE] graph - -----> statementPart
2021-11-19T10:23:43,528|[TRACE] graph - -------> nonSkippedSpace
2021-11-19T10:23:43,528|[TRACE] script - #out(` `) [token]
2021-11-19T10:23:43,528|[TRACE] graph - <------- nonSkippedSpace
2021-11-19T10:23:43,528|[TRACE] graph - <----- statementPart
2021-11-19T10:23:43,528|[TRACE] graph - -----> statementPart
2021-11-19T10:23:43,528|[TRACE] graph - -------> nonSkippedSpace
2021-11-19T10:23:43,528|[TRACE] script - #out(` `) [token]
2021-11-19T10:23:43,528|[TRACE] graph - <------- nonSkippedSpace
2021-11-19T10:23:43,528|[TRACE] graph - <----- statementPart
2021-11-19T10:23:43,528|[TRACE] graph - -----> statementPart
2021-11-19T10:23:43,528|[TRACE] graph - -------> nonSkippedChar
2021-11-19T10:23:43,528|[TRACE] script - #out(`C`) [token]
2021-11-19T10:23:43,528|[TRACE] graph - <------- nonSkippedChar
2021-11-19T10:23:43,528|[TRACE] graph - <----- statementPart
2021-11-19T10:23:43,528|[TRACE] graph - -----> statementPart
2021-11-19T10:23:43,528|[TRACE] graph - -------> nonSkippedChar
2021-11-19T10:23:43,529|[TRACE] script - #out(`O`) [token]
2021-11-19T10:23:43,529|[TRACE] graph - <------- nonSkippedChar
2021-11-19T10:23:43,529|[TRACE] graph - <----- statementPart
2021-11-19T10:23:43,529|[TRACE] graph - -----> statementPart
2021-11-19T10:23:43,529|[TRACE] graph - -------> nonSkippedChar
2021-11-19T10:23:43,529|[TRACE] script - #out(`N`) [token]
2021-11-19T10:23:43,529|[TRACE] graph - <------- nonSkippedChar
2021-11-19T10:23:43,529|[TRACE] graph - <----- statementPart
2021-11-19T10:23:43,529|[TRACE] graph - -----> statementPart
2021-11-19T10:23:43,529|[TRACE] graph - -------> nonSkippedChar
2021-11-19T10:23:43,529|[TRACE] script - #out(`S`) [token]
2021-11-19T10:23:43,529|[TRACE] graph - <------- nonSkippedChar
2021-11-19T10:23:43,529|[TRACE] graph - <----- statementPart
2021-11-19T10:23:43,529|[TRACE] graph - -----> statementPart
2021-11-19T10:23:43,529|[TRACE] graph - -------> nonSkippedChar
2021-11-19T10:23:43,529|[TRACE] script - #out(`T`) [token]
2021-11-19T10:23:43,529|[TRACE] graph - <------- nonSkippedChar
2021-11-19T10:23:43,529|[TRACE] graph - <----- statementPart
2021-11-19T10:23:43,529|[TRACE] graph - -----> statementPart
2021-11-19T10:23:43,529|[TRACE] graph - -------> nonSkippedChar
2021-11-19T10:23:43,529|[TRACE] script - #out(`R`) [token]
2021-11-19T10:23:43,529|[TRACE] graph - <------- nonSkippedChar
2021-11-19T10:23:43,529|[TRACE] graph - <----- statementPart
2021-11-19T10:23:43,529|[TRACE] graph - -----> statementPart
2021-11-19T10:23:43,529|[TRACE] graph - -------> nonSkippedChar
2021-11-19T10:23:43,529|[TRACE] script - #out(`A`) [token]
2021-11-19T10:23:43,529|[TRACE] graph - <------- nonSkippedChar
2021-11-19T10:23:43,529|[TRACE] graph - <----- statementPart
2021-11-19T10:23:43,529|[TRACE] graph - -----> statementPart
2021-11-19T10:23:43,529|[TRACE] graph - -------> nonSkippedChar
2021-11-19T10:23:43,529|[TRACE] script - #out(`I`) [token]
2021-11-19T10:23:43,529|[TRACE] graph - <------- nonSkippedChar
2021-11-19T10:23:43,529|[TRACE] graph - <----- statementPart
2021-11-19T10:23:43,529|[TRACE] graph - -----> statementPart
2021-11-19T10:23:43,529|[TRACE] graph - -------> nonSkippedChar
2021-11-19T10:23:43,529|[TRACE] script - #out(`N`) [token]
2021-11-19T10:23:43,529|[TRACE] graph - <------- nonSkippedChar
2021-11-19T10:23:43,529|[TRACE] graph - <----- statementPart
2021-11-19T10:23:43,529|[TRACE] graph - -----> statementPart
2021-11-19T10:23:43,529|[TRACE] graph - -------> nonSkippedChar
2021-11-19T10:23:43,529|[TRACE] script - #out(`T`) [token]
2021-11-19T10:23:43,529|[TRACE] graph - <------- nonSkippedChar
2021-11-19T10:23:43,529|[TRACE] graph - <----- statementPart
2021-11-19T10:23:43,529|[TRACE] graph - -----> statementPart
2021-11-19T10:23:43,529|[TRACE] graph - -------> nonSkippedSpace
2021-11-19T10:23:43,529|[TRACE] script - #out(` `) [token]
2021-11-19T10:23:43,529|[TRACE] graph - <------- nonSkippedSpace
2021-11-19T10:23:43,529|[TRACE] graph - <----- statementPart
2021-11-19T10:23:43,529|[TRACE] graph - -----> statementPart
2021-11-19T10:23:43,529|[TRACE] graph - -------> quotedString
2021-11-19T10:23:43,529|[TRACE] script - #out(``fk_contact_phone1``) [token]
2021-11-19T10:23:43,529|[TRACE] graph - <------- quotedString
2021-11-19T10:23:43,529|[TRACE] graph - <----- statementPart
2021-11-19T10:23:43,529|[TRACE] graph - -----> afterStatementPartNewline
2021-11-19T10:23:43,529|[TRACE] script - #out(` `) [text]
2021-11-19T10:23:43,529|[TRACE] graph - <----- afterStatementPartNewline
2021-11-19T10:23:43,529|[TRACE] graph - -----> statementPart
2021-11-19T10:23:43,529|[TRACE] graph - -------> nonSkippedSpace
2021-11-19T10:23:43,529|[TRACE] script - #out(` `) [token]
2021-11-19T10:23:43,529|[TRACE] graph - <------- nonSkippedSpace
2021-11-19T10:23:43,529|[TRACE] graph - <----- statementPart
2021-11-19T10:23:43,529|[TRACE] graph - -----> statementPart
2021-11-19T10:23:43,529|[TRACE] graph - -------> nonSkippedSpace
2021-11-19T10:23:43,529|[TRACE] script - #out(` `) [token]
2021-11-19T10:23:43,529|[TRACE] graph - <------- nonSkippedSpace
2021-11-19T10:23:43,529|[TRACE] graph - <----- statementPart
2021-11-19T10:23:43,529|[TRACE] graph - -----> statementPart
2021-11-19T10:23:43,529|[TRACE] graph - -------> nonSkippedSpace
2021-11-19T10:23:43,529|[TRACE] script - #out(` `) [token]
2021-11-19T10:23:43,529|[TRACE] graph - <------- nonSkippedSpace
2021-11-19T10:23:43,529|[TRACE] graph - <----- statementPart
2021-11-19T10:23:43,529|[TRACE] graph - -----> statementPart
2021-11-19T10:23:43,529|[TRACE] graph - -------> nonSkippedSpace
2021-11-19T10:23:43,529|[TRACE] script - #out(` `) [token]
2021-11-19T10:23:43,529|[TRACE] graph - <------- nonSkippedSpace
2021-11-19T10:23:43,529|[TRACE] graph - <----- statementPart
2021-11-19T10:23:43,529|[TRACE] graph - -----> statementPart
2021-11-19T10:23:43,529|[TRACE] graph - -------> nonSkippedChar
2021-11-19T10:23:43,529|[TRACE] script - #out(`F`) [token]
2021-11-19T10:23:43,529|[TRACE] graph - <------- nonSkippedChar
2021-11-19T10:23:43,529|[TRACE] graph - <----- statementPart
2021-11-19T10:23:43,529|[TRACE] graph - -----> statementPart
2021-11-19T10:23:43,529|[TRACE] graph - -------> nonSkippedChar
2021-11-19T10:23:43,529|[TRACE] script - #out(`O`) [token]
2021-11-19T10:23:43,529|[TRACE] graph - <------- nonSkippedChar
2021-11-19T10:23:43,529|[TRACE] graph - <----- statementPart
2021-11-19T10:23:43,529|[TRACE] graph - -----> statementPart
2021-11-19T10:23:43,529|[TRACE] graph - -------> nonSkippedChar
2021-11-19T10:23:43,529|[TRACE] script - #out(`R`) [token]
2021-11-19T10:23:43,529|[TRACE] graph - <------- nonSkippedChar
2021-11-19T10:23:43,529|[TRACE] graph - <----- statementPart
2021-11-19T10:23:43,529|[TRACE] graph - -----> statementPart
2021-11-19T10:23:43,529|[TRACE] graph - -------> nonSkippedChar
2021-11-19T10:23:43,529|[TRACE] script - #out(`E`) [token]
2021-11-19T10:23:43,529|[TRACE] graph - <------- nonSkippedChar
2021-11-19T10:23:43,529|[TRACE] graph - <----- statementPart
2021-11-19T10:23:43,529|[TRACE] graph - -----> statementPart
2021-11-19T10:23:43,529|[TRACE] graph - -------> nonSkippedChar
2021-11-19T10:23:43,529|[TRACE] script - #out(`I`) [token]
2021-11-19T10:23:43,529|[TRACE] graph - <------- nonSkippedChar
2021-11-19T10:23:43,529|[TRACE] graph - <----- statementPart
2021-11-19T10:23:43,529|[TRACE] graph - -----> statementPart
2021-11-19T10:23:43,529|[TRACE] graph - -------> nonSkippedChar
2021-11-19T10:23:43,529|[TRACE] script - #out(`G`) [token]
2021-11-19T10:23:43,529|[TRACE] graph - <------- nonSkippedChar
2021-11-19T10:23:43,529|[TRACE] graph - <----- statementPart
2021-11-19T10:23:43,529|[TRACE] graph - -----> statementPart
2021-11-19T10:23:43,529|[TRACE] graph - -------> nonSkippedChar
2021-11-19T10:23:43,529|[TRACE] script - #out(`N`) [token]
2021-11-19T10:23:43,529|[TRACE] graph - <------- nonSkippedChar
2021-11-19T10:23:43,529|[TRACE] graph - <----- statementPart
2021-11-19T10:23:43,529|[TRACE] graph - -----> statementPart
2021-11-19T10:23:43,529|[TRACE] graph - -------> nonSkippedSpace
2021-11-19T10:23:43,529|[TRACE] script - #out(` `) [token]
2021-11-19T10:23:43,529|[TRACE] graph - <------- nonSkippedSpace
2021-11-19T10:23:43,529|[TRACE] graph - <----- statementPart
2021-11-19T10:23:43,529|[TRACE] graph - -----> statementPart
2021-11-19T10:23:43,529|[TRACE] graph - -------> nonSkippedChar
2021-11-19T10:23:43,529|[TRACE] script - #out(`K`) [token]
2021-11-19T10:23:43,529|[TRACE] graph - <------- nonSkippedChar
2021-11-19T10:23:43,529|[TRACE] graph - <----- statementPart
2021-11-19T10:23:43,530|[TRACE] graph - -----> statementPart
2021-11-19T10:23:43,530|[TRACE] graph - -------> nonSkippedChar
2021-11-19T10:23:43,530|[TRACE] script - #out(`E`) [token]
2021-11-19T10:23:43,530|[TRACE] graph - <------- nonSkippedChar
2021-11-19T10:23:43,530|[TRACE] graph - <----- statementPart
2021-11-19T10:23:43,530|[TRACE] graph - -----> statementPart
2021-11-19T10:23:43,530|[TRACE] graph - -------> nonSkippedChar
2021-11-19T10:23:43,530|[TRACE] script - #out(`Y`) [token]
2021-11-19T10:23:43,530|[TRACE] graph - <------- nonSkippedChar
2021-11-19T10:23:43,530|[TRACE] graph - <----- statementPart
2021-11-19T10:23:43,530|[TRACE] graph - -----> statementPart
2021-11-19T10:23:43,530|[TRACE] graph - -------> nonSkippedSpace
2021-11-19T10:23:43,530|[TRACE] script - #out(` `) [token]
2021-11-19T10:23:43,530|[TRACE] graph - <------- nonSkippedSpace
2021-11-19T10:23:43,530|[TRACE] graph - <----- statementPart
2021-11-19T10:23:43,530|[TRACE] graph - -----> statementPart
2021-11-19T10:23:43,530|[TRACE] graph - -------> nonSkippedChar
2021-11-19T10:23:43,530|[TRACE] script - #out(`(`) [token]
2021-11-19T10:23:43,530|[TRACE] graph - <------- nonSkippedChar
2021-11-19T10:23:43,530|[TRACE] graph - <----- statementPart
2021-11-19T10:23:43,530|[TRACE] graph - -----> statementPart
2021-11-19T10:23:43,530|[TRACE] graph - -------> quotedString
2021-11-19T10:23:43,530|[TRACE] script - #out(``phone_id``) [token]
2021-11-19T10:23:43,530|[TRACE] graph - <------- quotedString
2021-11-19T10:23:43,530|[TRACE] graph - <----- statementPart
2021-11-19T10:23:43,530|[TRACE] graph - -----> statementPart
2021-11-19T10:23:43,530|[TRACE] graph - -------> nonSkippedChar
2021-11-19T10:23:43,530|[TRACE] script - #out(`)`) [token]
2021-11-19T10:23:43,530|[TRACE] graph - <------- nonSkippedChar
2021-11-19T10:23:43,530|[TRACE] graph - <----- statementPart
2021-11-19T10:23:43,530|[TRACE] graph - -----> afterStatementPartNewline
2021-11-19T10:23:43,530|[TRACE] script - #out(` `) [text]
2021-11-19T10:23:43,530|[TRACE] graph - <----- afterStatementPartNewline
2021-11-19T10:23:43,530|[TRACE] graph - -----> statementPart
2021-11-19T10:23:43,530|[TRACE] graph - -------> nonSkippedSpace
2021-11-19T10:23:43,530|[TRACE] script - #out(` `) [token]
2021-11-19T10:23:43,530|[TRACE] graph - <------- nonSkippedSpace
2021-11-19T10:23:43,530|[TRACE] graph - <----- statementPart
2021-11-19T10:23:43,530|[TRACE] graph - -----> statementPart
2021-11-19T10:23:43,530|[TRACE] graph - -------> nonSkippedSpace
2021-11-19T10:23:43,530|[TRACE] script - #out(` `) [token]
2021-11-19T10:23:43,530|[TRACE] graph - <------- nonSkippedSpace
2021-11-19T10:23:43,530|[TRACE] graph - <----- statementPart
2021-11-19T10:23:43,530|[TRACE] graph - -----> statementPart
2021-11-19T10:23:43,530|[TRACE] graph - -------> nonSkippedSpace
2021-11-19T10:23:43,530|[TRACE] script - #out(` `) [token]
2021-11-19T10:23:43,530|[TRACE] graph - <------- nonSkippedSpace
2021-11-19T10:23:43,530|[TRACE] graph - <----- statementPart
2021-11-19T10:23:43,530|[TRACE] graph - -----> statementPart
2021-11-19T10:23:43,530|[TRACE] graph - -------> nonSkippedSpace
2021-11-19T10:23:43,530|[TRACE] script - #out(` `) [token]
2021-11-19T10:23:43,530|[TRACE] graph - <------- nonSkippedSpace
2021-11-19T10:23:43,530|[TRACE] graph - <----- statementPart
2021-11-19T10:23:43,530|[TRACE] graph - -----> statementPart
2021-11-19T10:23:43,530|[TRACE] graph - -------> nonSkippedChar
2021-11-19T10:23:43,530|[TRACE] script - #out(`R`) [token]
2021-11-19T10:23:43,530|[TRACE] graph - <------- nonSkippedChar
2021-11-19T10:23:43,530|[TRACE] graph - <----- statementPart
2021-11-19T10:23:43,530|[TRACE] graph - -----> statementPart
2021-11-19T10:23:43,530|[TRACE] graph - -------> nonSkippedChar
2021-11-19T10:23:43,530|[TRACE] script - #out(`E`) [token]
2021-11-19T10:23:43,530|[TRACE] graph - <------- nonSkippedChar
2021-11-19T10:23:43,530|[TRACE] graph - <----- statementPart
2021-11-19T10:23:43,530|[TRACE] graph - -----> statementPart
2021-11-19T10:23:43,530|[TRACE] graph - -------> nonSkippedChar
2021-11-19T10:23:43,530|[TRACE] script - #out(`F`) [token]
2021-11-19T10:23:43,530|[TRACE] graph - <------- nonSkippedChar
2021-11-19T10:23:43,530|[TRACE] graph - <----- statementPart
2021-11-19T10:23:43,530|[TRACE] graph - -----> statementPart
2021-11-19T10:23:43,530|[TRACE] graph - -------> nonSkippedChar
2021-11-19T10:23:43,530|[TRACE] script - #out(`E`) [token]
2021-11-19T10:23:43,530|[TRACE] graph - <------- nonSkippedChar
2021-11-19T10:23:43,530|[TRACE] graph - <----- statementPart
2021-11-19T10:23:43,530|[TRACE] graph - -----> statementPart
2021-11-19T10:23:43,530|[TRACE] graph - -------> nonSkippedChar
2021-11-19T10:23:43,530|[TRACE] script - #out(`R`) [token]
2021-11-19T10:23:43,530|[TRACE] graph - <------- nonSkippedChar
2021-11-19T10:23:43,530|[TRACE] graph - <----- statementPart
2021-11-19T10:23:43,530|[TRACE] graph - -----> statementPart
2021-11-19T10:23:43,530|[TRACE] graph - -------> nonSkippedChar
2021-11-19T10:23:43,530|[TRACE] script - #out(`E`) [token]
2021-11-19T10:23:43,530|[TRACE] graph - <------- nonSkippedChar
2021-11-19T10:23:43,530|[TRACE] graph - <----- statementPart
2021-11-19T10:23:43,530|[TRACE] graph - -----> statementPart
2021-11-19T10:23:43,530|[TRACE] graph - -------> nonSkippedChar
2021-11-19T10:23:43,530|[TRACE] script - #out(`N`) [token]
2021-11-19T10:23:43,530|[TRACE] graph - <------- nonSkippedChar
2021-11-19T10:23:43,530|[TRACE] graph - <----- statementPart
2021-11-19T10:23:43,530|[TRACE] graph - -----> statementPart
2021-11-19T10:23:43,530|[TRACE] graph - -------> nonSkippedChar
2021-11-19T10:23:43,530|[TRACE] script - #out(`C`) [token]
2021-11-19T10:23:43,530|[TRACE] graph - <------- nonSkippedChar
2021-11-19T10:23:43,530|[TRACE] graph - <----- statementPart
2021-11-19T10:23:43,530|[TRACE] graph - -----> statementPart
2021-11-19T10:23:43,530|[TRACE] graph - -------> nonSkippedChar
2021-11-19T10:23:43,530|[TRACE] script - #out(`E`) [token]
2021-11-19T10:23:43,530|[TRACE] graph - <------- nonSkippedChar
2021-11-19T10:23:43,530|[TRACE] graph - <----- statementPart
2021-11-19T10:23:43,530|[TRACE] graph - -----> statementPart
2021-11-19T10:23:43,530|[TRACE] graph - -------> nonSkippedChar
2021-11-19T10:23:43,530|[TRACE] script - #out(`S`) [token]
2021-11-19T10:23:43,530|[TRACE] graph - <------- nonSkippedChar
2021-11-19T10:23:43,530|[TRACE] graph - <----- statementPart
2021-11-19T10:23:43,530|[TRACE] graph - -----> statementPart
2021-11-19T10:23:43,530|[TRACE] graph - -------> nonSkippedSpace
2021-11-19T10:23:43,530|[TRACE] script - #out(` `) [token]
2021-11-19T10:23:43,530|[TRACE] graph - <------- nonSkippedSpace
2021-11-19T10:23:43,530|[TRACE] graph - <----- statementPart
2021-11-19T10:23:43,530|[TRACE] graph - -----> statementPart
2021-11-19T10:23:43,530|[TRACE] graph - -------> quotedString
2021-11-19T10:23:43,530|[TRACE] script - #out(``bloodbank``) [token]
2021-11-19T10:23:43,530|[TRACE] graph - <------- quotedString
2021-11-19T10:23:43,530|[TRACE] graph - <----- statementPart
2021-11-19T10:23:43,530|[TRACE] graph - -----> statementPart
2021-11-19T10:23:43,530|[TRACE] graph - -------> nonSkippedChar
2021-11-19T10:23:43,530|[TRACE] script - #out(`.`) [token]
2021-11-19T10:23:43,530|[TRACE] graph - <------- nonSkippedChar
2021-11-19T10:23:43,530|[TRACE] graph - <----- statementPart
2021-11-19T10:23:43,530|[TRACE] graph - -----> statementPart
2021-11-19T10:23:43,530|[TRACE] graph - -------> quotedString
2021-11-19T10:23:43,530|[TRACE] script - #out(``phone``) [token]
2021-11-19T10:23:43,530|[TRACE] graph - <------- quotedString
2021-11-19T10:23:43,530|[TRACE] graph - <----- statementPart
2021-11-19T10:23:43,530|[TRACE] graph - -----> statementPart
2021-11-19T10:23:43,530|[TRACE] graph - -------> nonSkippedSpace
2021-11-19T10:23:43,530|[TRACE] script - #out(` `) [token]
2021-11-19T10:23:43,530|[TRACE] graph - <------- nonSkippedSpace
2021-11-19T10:23:43,531|[TRACE] graph - <----- statementPart
2021-11-19T10:23:43,531|[TRACE] graph - -----> statementPart
2021-11-19T10:23:43,531|[TRACE] graph - -------> nonSkippedChar
2021-11-19T10:23:43,531|[TRACE] script - #out(`(`) [token]
2021-11-19T10:23:43,531|[TRACE] graph - <------- nonSkippedChar
2021-11-19T10:23:43,531|[TRACE] graph - <----- statementPart
2021-11-19T10:23:43,531|[TRACE] graph - -----> statementPart
2021-11-19T10:23:43,531|[TRACE] graph - -------> quotedString
2021-11-19T10:23:43,531|[TRACE] script - #out(``phone_id``) [token]
2021-11-19T10:23:43,531|[TRACE] graph - <------- quotedString
2021-11-19T10:23:43,531|[TRACE] graph - <----- statementPart
2021-11-19T10:23:43,531|[TRACE] graph - -----> statementPart
2021-11-19T10:23:43,531|[TRACE] graph - -------> nonSkippedChar
2021-11-19T10:23:43,531|[TRACE] script - #out(`)`) [token]
2021-11-19T10:23:43,531|[TRACE] graph - <------- nonSkippedChar
2021-11-19T10:23:43,531|[TRACE] graph - <----- statementPart
2021-11-19T10:23:43,531|[TRACE] graph - -----> afterStatementPartNewline
2021-11-19T10:23:43,531|[TRACE] script - #out(` `) [text]
2021-11-19T10:23:43,531|[TRACE] graph - <----- afterStatementPartNewline
2021-11-19T10:23:43,531|[TRACE] graph - -----> statementPart
2021-11-19T10:23:43,586|[TRACE] graph - -------> nonSkippedSpace
2021-11-19T10:23:43,586|[TRACE] script - #out(` `) [token]
2021-11-19T10:23:43,586|[TRACE] graph - <------- nonSkippedSpace
2021-11-19T10:23:43,586|[TRACE] graph - <----- statementPart
2021-11-19T10:23:43,586|[TRACE] graph - -----> statementPart
2021-11-19T10:23:43,586|[TRACE] graph - -------> nonSkippedSpace
2021-11-19T10:23:43,586|[TRACE] script - #out(` `) [token]
2021-11-19T10:23:43,586|[TRACE] graph - <------- nonSkippedSpace
2021-11-19T10:23:43,586|[TRACE] graph - <----- statementPart
2021-11-19T10:23:43,586|[TRACE] graph - -----> statementPart
2021-11-19T10:23:43,586|[TRACE] graph - -------> nonSkippedSpace
2021-11-19T10:23:43,586|[TRACE] script - #out(` `) [token]
2021-11-19T10:23:43,586|[TRACE] graph - <------- nonSkippedSpace
2021-11-19T10:23:43,586|[TRACE] graph - <----- statementPart
2021-11-19T10:23:43,586|[TRACE] graph - -----> statementPart
2021-11-19T10:23:43,586|[TRACE] graph - -------> nonSkippedSpace
2021-11-19T10:23:43,586|[TRACE] script - #out(` `) [token]
2021-11-19T10:23:43,586|[TRACE] graph - <------- nonSkippedSpace
2021-11-19T10:23:43,586|[TRACE] graph - <----- statementPart
2021-11-19T10:23:43,586|[TRACE] graph - -----> statementPart
2021-11-19T10:23:43,586|[TRACE] graph - -------> nonSkippedChar
2021-11-19T10:23:43,586|[TRACE] script - #out(`O`) [token]
2021-11-19T10:23:43,586|[TRACE] graph - <------- nonSkippedChar
2021-11-19T10:23:43,586|[TRACE] graph - <----- statementPart
2021-11-19T10:23:43,586|[TRACE] graph - -----> statementPart
2021-11-19T10:23:43,586|[TRACE] graph - -------> nonSkippedChar
2021-11-19T10:23:43,586|[TRACE] script - #out(`N`) [token]
2021-11-19T10:23:43,586|[TRACE] graph - <------- nonSkippedChar
2021-11-19T10:23:43,586|[TRACE] graph - <----- statementPart
2021-11-19T10:23:43,586|[TRACE] graph - -----> statementPart
2021-11-19T10:23:43,586|[TRACE] graph - -------> nonSkippedSpace
2021-11-19T10:23:43,586|[TRACE] script - #out(` `) [token]
2021-11-19T10:23:43,586|[TRACE] graph - <------- nonSkippedSpace
2021-11-19T10:23:43,586|[TRACE] graph - <----- statementPart
2021-11-19T10:23:43,586|[TRACE] graph - -----> statementPart
2021-11-19T10:23:43,586|[TRACE] graph - -------> nonSkippedChar
2021-11-19T10:23:43,586|[TRACE] script - #out(`D`) [token]
2021-11-19T10:23:43,586|[TRACE] graph - <------- nonSkippedChar
2021-11-19T10:23:43,586|[TRACE] graph - <----- statementPart
2021-11-19T10:23:43,586|[TRACE] graph - -----> statementPart
2021-11-19T10:23:43,586|[TRACE] graph - -------> nonSkippedChar
2021-11-19T10:23:43,586|[TRACE] script - #out(`E`) [token]
2021-11-19T10:23:43,586|[TRACE] graph - <------- nonSkippedChar
2021-11-19T10:23:43,586|[TRACE] graph - <----- statementPart
2021-11-19T10:23:43,586|[TRACE] graph - -----> statementPart
2021-11-19T10:23:43,586|[TRACE] graph - -------> nonSkippedChar
2021-11-19T10:23:43,586|[TRACE] script - #out(`L`) [token]
2021-11-19T10:23:43,586|[TRACE] graph - <------- nonSkippedChar
2021-11-19T10:23:43,586|[TRACE] graph - <----- statementPart
2021-11-19T10:23:43,586|[TRACE] graph - -----> statementPart
2021-11-19T10:23:43,586|[TRACE] graph - -------> nonSkippedChar
2021-11-19T10:23:43,586|[TRACE] script - #out(`E`) [token]
2021-11-19T10:23:43,586|[TRACE] graph - <------- nonSkippedChar
2021-11-19T10:23:43,586|[TRACE] graph - <----- statementPart
2021-11-19T10:23:43,586|[TRACE] graph - -----> statementPart
2021-11-19T10:23:43,586|[TRACE] graph - -------> nonSkippedChar
2021-11-19T10:23:43,586|[TRACE] script - #out(`T`) [token]
2021-11-19T10:23:43,586|[TRACE] graph - <------- nonSkippedChar
2021-11-19T10:23:43,586|[TRACE] graph - <----- statementPart
2021-11-19T10:23:43,586|[TRACE] graph - -----> statementPart
2021-11-19T10:23:43,586|[TRACE] graph - -------> nonSkippedChar
2021-11-19T10:23:43,586|[TRACE] script - #out(`E`) [token]
2021-11-19T10:23:43,586|[TRACE] graph - <------- nonSkippedChar
2021-11-19T10:23:43,586|[TRACE] graph - <----- statementPart
2021-11-19T10:23:43,586|[TRACE] graph - -----> statementPart
2021-11-19T10:23:43,586|[TRACE] graph - -------> nonSkippedSpace
2021-11-19T10:23:43,586|[TRACE] script - #out(` `) [token]
2021-11-19T10:23:43,586|[TRACE] graph - <------- nonSkippedSpace
2021-11-19T10:23:43,586|[TRACE] graph - <----- statementPart
2021-11-19T10:23:43,586|[TRACE] graph - -----> statementPart
2021-11-19T10:23:43,586|[TRACE] graph - -------> nonSkippedChar
2021-11-19T10:23:43,586|[TRACE] script - #out(`N`) [token]
2021-11-19T10:23:43,586|[TRACE] graph - <------- nonSkippedChar
2021-11-19T10:23:43,586|[TRACE] graph - <----- statementPart
2021-11-19T10:23:43,586|[TRACE] graph - -----> statementPart
2021-11-19T10:23:43,586|[TRACE] graph - -------> nonSkippedChar
2021-11-19T10:23:43,586|[TRACE] script - #out(`O`) [token]
2021-11-19T10:23:43,586|[TRACE] graph - <------- nonSkippedChar
2021-11-19T10:23:43,586|[TRACE] graph - <----- statementPart
2021-11-19T10:23:43,586|[TRACE] graph - -----> statementPart
2021-11-19T10:23:43,586|[TRACE] graph - -------> nonSkippedSpace
2021-11-19T10:23:43,586|[TRACE] script - #out(` `) [token]
2021-11-19T10:23:43,586|[TRACE] graph - <------- nonSkippedSpace
2021-11-19T10:23:43,586|[TRACE] graph - <----- statementPart
2021-11-19T10:23:43,586|[TRACE] graph - -----> statementPart
2021-11-19T10:23:43,586|[TRACE] graph - -------> nonSkippedChar
2021-11-19T10:23:43,586|[TRACE] script - #out(`A`) [token]
2021-11-19T10:23:43,586|[TRACE] graph - <------- nonSkippedChar
2021-11-19T10:23:43,586|[TRACE] graph - <----- statementPart
2021-11-19T10:23:43,586|[TRACE] graph - -----> statementPart
2021-11-19T10:23:43,586|[TRACE] graph - -------> nonSkippedChar
2021-11-19T10:23:43,586|[TRACE] script - #out(`C`) [token]
2021-11-19T10:23:43,586|[TRACE] graph - <------- nonSkippedChar
2021-11-19T10:23:43,586|[TRACE] graph - <----- statementPart
2021-11-19T10:23:43,586|[TRACE] graph - -----> statementPart
2021-11-19T10:23:43,586|[TRACE] graph - -------> nonSkippedChar
2021-11-19T10:23:43,586|[TRACE] script - #out(`T`) [token]
2021-11-19T10:23:43,586|[TRACE] graph - <------- nonSkippedChar
2021-11-19T10:23:43,586|[TRACE] graph - <----- statementPart
2021-11-19T10:23:43,586|[TRACE] graph - -----> statementPart
2021-11-19T10:23:43,586|[TRACE] graph - -------> nonSkippedChar
2021-11-19T10:23:43,586|[TRACE] script - #out(`I`) [token]
2021-11-19T10:23:43,586|[TRACE] graph - <------- nonSkippedChar
2021-11-19T10:23:43,586|[TRACE] graph - <----- statementPart
2021-11-19T10:23:43,586|[TRACE] graph - -----> statementPart
2021-11-19T10:23:43,586|[TRACE] graph - -------> nonSkippedChar
2021-11-19T10:23:43,586|[TRACE] script - #out(`O`) [token]
2021-11-19T10:23:43,586|[TRACE] graph - <------- nonSkippedChar
2021-11-19T10:23:43,586|[TRACE] graph - <----- statementPart
2021-11-19T10:23:43,586|[TRACE] graph - -----> statementPart
2021-11-19T10:23:43,586|[TRACE] graph - -------> nonSkippedChar
2021-11-19T10:23:43,586|[TRACE] script - #out(`N`) [token]
2021-11-19T10:23:43,586|[TRACE] graph - <------- nonSkippedChar
2021-11-19T10:23:43,586|[TRACE] graph - <----- statementPart
2021-11-19T10:23:43,586|[TRACE] graph - -----> afterStatementPartNewline
2021-11-19T10:23:43,586|[TRACE] script - #out(` `) [text]
2021-11-19T10:23:43,586|[TRACE] graph - <----- afterStatementPartNewline
2021-11-19T10:23:43,586|[TRACE] graph - -----> statementPart
2021-11-19T10:23:43,586|[TRACE] graph - -------> nonSkippedSpace
2021-11-19T10:23:43,586|[TRACE] script - #out(` `) [token]
2021-11-19T10:23:43,586|[TRACE] graph - <------- nonSkippedSpace
2021-11-19T10:23:43,586|[TRACE] graph - <----- statementPart
2021-11-19T10:23:43,586|[TRACE] graph - -----> statementPart
2021-11-19T10:23:43,586|[TRACE] graph - -------> nonSkippedSpace
2021-11-19T10:23:43,586|[TRACE] script - #out(` `) [token]
2021-11-19T10:23:43,586|[TRACE] graph - <------- nonSkippedSpace
2021-11-19T10:23:43,586|[TRACE] graph - <----- statementPart
2021-11-19T10:23:43,586|[TRACE] graph - -----> statementPart
2021-11-19T10:23:43,586|[TRACE] graph - -------> nonSkippedSpace
2021-11-19T10:23:43,586|[TRACE] script - #out(` `) [token]
2021-11-19T10:23:43,586|[TRACE] graph - <------- nonSkippedSpace
2021-11-19T10:23:43,586|[TRACE] graph - <----- statementPart
2021-11-19T10:23:43,586|[TRACE] graph - -----> statementPart
2021-11-19T10:23:43,586|[TRACE] graph - -------> nonSkippedSpace
2021-11-19T10:23:43,586|[TRACE] script - #out(` `) [token]
2021-11-19T10:23:43,586|[TRACE] graph - <------- nonSkippedSpace
2021-11-19T10:23:43,586|[TRACE] graph - <----- statementPart
2021-11-19T10:23:43,586|[TRACE] graph - -----> statementPart
2021-11-19T10:23:43,586|[TRACE] graph - -------> nonSkippedChar
2021-11-19T10:23:43,586|[TRACE] script - #out(`O`) [token]
2021-11-19T10:23:43,586|[TRACE] graph - <------- nonSkippedChar
2021-11-19T10:23:43,586|[TRACE] graph - <----- statementPart
2021-11-19T10:23:43,586|[TRACE] graph - -----> statementPart
2021-11-19T10:23:43,586|[TRACE] graph - -------> nonSkippedChar
2021-11-19T10:23:43,586|[TRACE] script - #out(`N`) [token]
2021-11-19T10:23:43,586|[TRACE] graph - <------- nonSkippedChar
2021-11-19T10:23:43,586|[TRACE] graph - <----- statementPart
2021-11-19T10:23:43,586|[TRACE] graph - -----> statementPart
2021-11-19T10:23:43,586|[TRACE] graph - -------> nonSkippedSpace
2021-11-19T10:23:43,586|[TRACE] script - #out(` `) [token]
2021-11-19T10:23:43,586|[TRACE] graph - <------- nonSkippedSpace
2021-11-19T10:23:43,586|[TRACE] graph - <----- statementPart
2021-11-19T10:23:43,586|[TRACE] graph - -----> statementPart
2021-11-19T10:23:43,586|[TRACE] graph - -------> nonSkippedChar
2021-11-19T10:23:43,586|[TRACE] script - #out(`U`) [token]
2021-11-19T10:23:43,586|[TRACE] graph - <------- nonSkippedChar
2021-11-19T10:23:43,586|[TRACE] graph - <----- statementPart
2021-11-19T10:23:43,586|[TRACE] graph - -----> statementPart
2021-11-19T10:23:43,586|[TRACE] graph - -------> nonSkippedChar
2021-11-19T10:23:43,586|[TRACE] script - #out(`P`) [token]
2021-11-19T10:23:43,586|[TRACE] graph - <------- nonSkippedChar
2021-11-19T10:23:43,586|[TRACE] graph - <----- statementPart
2021-11-19T10:23:43,586|[TRACE] graph - -----> statementPart
2021-11-19T10:23:43,586|[TRACE] graph - -------> nonSkippedChar
2021-11-19T10:23:43,586|[TRACE] script - #out(`D`) [token]
2021-11-19T10:23:43,586|[TRACE] graph - <------- nonSkippedChar
2021-11-19T10:23:43,586|[TRACE] graph - <----- statementPart
2021-11-19T10:23:43,586|[TRACE] graph - -----> statementPart
2021-11-19T10:23:43,586|[TRACE] graph - -------> nonSkippedChar
2021-11-19T10:23:43,586|[TRACE] script - #out(`A`) [token]
2021-11-19T10:23:43,586|[TRACE] graph - <------- nonSkippedChar
2021-11-19T10:23:43,586|[TRACE] graph - <----- statementPart
2021-11-19T10:23:43,586|[TRACE] graph - -----> statementPart
2021-11-19T10:23:43,586|[TRACE] graph - -------> nonSkippedChar
2021-11-19T10:23:43,586|[TRACE] script - #out(`T`) [token]
2021-11-19T10:23:43,586|[TRACE] graph - <------- nonSkippedChar
2021-11-19T10:23:43,586|[TRACE] graph - <----- statementPart
2021-11-19T10:23:43,586|[TRACE] graph - -----> statementPart
2021-11-19T10:23:43,586|[TRACE] graph - -------> nonSkippedChar
2021-11-19T10:23:43,586|[TRACE] script - #out(`E`) [token]
2021-11-19T10:23:43,586|[TRACE] graph - <------- nonSkippedChar
2021-11-19T10:23:43,586|[TRACE] graph - <----- statementPart
2021-11-19T10:23:43,586|[TRACE] graph - -----> statementPart
2021-11-19T10:23:43,586|[TRACE] graph - -------> nonSkippedSpace
2021-11-19T10:23:43,586|[TRACE] script - #out(` `) [token]
2021-11-19T10:23:43,586|[TRACE] graph - <------- nonSkippedSpace
2021-11-19T10:23:43,586|[TRACE] graph - <----- statementPart
2021-11-19T10:23:43,586|[TRACE] graph - -----> statementPart
2021-11-19T10:23:43,586|[TRACE] graph - -------> nonSkippedChar
2021-11-19T10:23:43,586|[TRACE] script - #out(`N`) [token]
2021-11-19T10:23:43,586|[TRACE] graph - <------- nonSkippedChar
2021-11-19T10:23:43,586|[TRACE] graph - <----- statementPart
2021-11-19T10:23:43,586|[TRACE] graph - -----> statementPart
2021-11-19T10:23:43,586|[TRACE] graph - -------> nonSkippedChar
2021-11-19T10:23:43,586|[TRACE] script - #out(`O`) [token]
2021-11-19T10:23:43,586|[TRACE] graph - <------- nonSkippedChar
2021-11-19T10:23:43,586|[TRACE] graph - <----- statementPart
2021-11-19T10:23:43,586|[TRACE] graph - -----> statementPart
2021-11-19T10:23:43,586|[TRACE] graph - -------> nonSkippedSpace
2021-11-19T10:23:43,586|[TRACE] script - #out(` `) [token]
2021-11-19T10:23:43,586|[TRACE] graph - <------- nonSkippedSpace
2021-11-19T10:23:43,586|[TRACE] graph - <----- statementPart
2021-11-19T10:23:43,586|[TRACE] graph - -----> statementPart
2021-11-19T10:23:43,586|[TRACE] graph - -------> nonSkippedChar
2021-11-19T10:23:43,586|[TRACE] script - #out(`A`) [token]
2021-11-19T10:23:43,586|[TRACE] graph - <------- nonSkippedChar
2021-11-19T10:23:43,586|[TRACE] graph - <----- statementPart
2021-11-19T10:23:43,586|[TRACE] graph - -----> statementPart
2021-11-19T10:23:43,586|[TRACE] graph - -------> nonSkippedChar
2021-11-19T10:23:43,586|[TRACE] script - #out(`C`) [token]
2021-11-19T10:23:43,586|[TRACE] graph - <------- nonSkippedChar
2021-11-19T10:23:43,586|[TRACE] graph - <----- statementPart
2021-11-19T10:23:43,586|[TRACE] graph - -----> statementPart
2021-11-19T10:23:43,586|[TRACE] graph - -------> nonSkippedChar
2021-11-19T10:23:43,586|[TRACE] script - #out(`T`) [token]
2021-11-19T10:23:43,586|[TRACE] graph - <------- nonSkippedChar
2021-11-19T10:23:43,586|[TRACE] graph - <----- statementPart
2021-11-19T10:23:43,586|[TRACE] graph - -----> statementPart
2021-11-19T10:23:43,586|[TRACE] graph - -------> nonSkippedChar
2021-11-19T10:23:43,586|[TRACE] script - #out(`I`) [token]
2021-11-19T10:23:43,586|[TRACE] graph - <------- nonSkippedChar
2021-11-19T10:23:43,586|[TRACE] graph - <----- statementPart
2021-11-19T10:23:43,586|[TRACE] graph - -----> statementPart
2021-11-19T10:23:43,586|[TRACE] graph - -------> nonSkippedChar
2021-11-19T10:23:43,586|[TRACE] script - #out(`O`) [token]
2021-11-19T10:23:43,586|[TRACE] graph - <------- nonSkippedChar
2021-11-19T10:23:43,586|[TRACE] graph - <----- statementPart
2021-11-19T10:23:43,586|[TRACE] graph - -----> statementPart
2021-11-19T10:23:43,586|[TRACE] graph - -------> nonSkippedChar
2021-11-19T10:23:43,586|[TRACE] script - #out(`N`) [token]
2021-11-19T10:23:43,586|[TRACE] graph - <------- nonSkippedChar
2021-11-19T10:23:43,586|[TRACE] graph - <----- statementPart
2021-11-19T10:23:43,586|[TRACE] graph - -----> statementPart
2021-11-19T10:23:43,586|[TRACE] graph - -------> nonSkippedChar
2021-11-19T10:23:43,586|[TRACE] script - #out(`,`) [token]
2021-11-19T10:23:43,586|[TRACE] graph - <------- nonSkippedChar
2021-11-19T10:23:43,586|[TRACE] graph - <----- statementPart
2021-11-19T10:23:43,586|[TRACE] graph - -----> afterStatementPartNewline
2021-11-19T10:23:43,586|[TRACE] script - #out(` `) [text]
2021-11-19T10:23:43,586|[TRACE] graph - <----- afterStatementPartNewline
2021-11-19T10:23:43,587|[TRACE] graph - -----> statementPart
2021-11-19T10:23:43,587|[TRACE] graph - -------> nonSkippedSpace
2021-11-19T10:23:43,587|[TRACE] script - #out(` `) [token]
2021-11-19T10:23:43,587|[TRACE] graph - <------- nonSkippedSpace
2021-11-19T10:23:43,587|[TRACE] graph - <----- statementPart
2021-11-19T10:23:43,587|[TRACE] graph - -----> statementPart
2021-11-19T10:23:43,587|[TRACE] graph - -------> nonSkippedSpace
2021-11-19T10:23:43,587|[TRACE] script - #out(` `) [token]
2021-11-19T10:23:43,587|[TRACE] graph - <------- nonSkippedSpace
2021-11-19T10:23:43,587|[TRACE] graph - <----- statementPart
2021-11-19T10:23:43,587|[TRACE] graph - -----> statementPart
2021-11-19T10:23:43,587|[TRACE] graph - -------> nonSkippedChar
2021-11-19T10:23:43,587|[TRACE] script - #out(`C`) [token]
2021-11-19T10:23:43,587|[TRACE] graph - <------- nonSkippedChar
2021-11-19T10:23:43,587|[TRACE] graph - <----- statementPart
2021-11-19T10:23:43,587|[TRACE] graph - -----> statementPart
2021-11-19T10:23:43,587|[TRACE] graph - -------> nonSkippedChar
2021-11-19T10:23:43,587|[TRACE] script - #out(`O`) [token]
2021-11-19T10:23:43,587|[TRACE] graph - <------- nonSkippedChar
2021-11-19T10:23:43,587|[TRACE] graph - <----- statementPart
2021-11-19T10:23:43,587|[TRACE] graph - -----> statementPart
2021-11-19T10:23:43,587|[TRACE] graph - -------> nonSkippedChar
2021-11-19T10:23:43,587|[TRACE] script - #out(`N`) [token]
2021-11-19T10:23:43,587|[TRACE] graph - <------- nonSkippedChar
2021-11-19T10:23:43,587|[TRACE] graph - <----- statementPart
2021-11-19T10:23:43,587|[TRACE] graph - -----> statementPart
2021-11-19T10:23:43,587|[TRACE] graph - -------> nonSkippedChar
2021-11-19T10:23:43,587|[TRACE] script - #out(`S`) [token]
2021-11-19T10:23:43,587|[TRACE] graph - <------- nonSkippedChar
2021-11-19T10:23:43,587|[TRACE] graph - <----- statementPart
2021-11-19T10:23:43,587|[TRACE] graph - -----> statementPart
2021-11-19T10:23:43,587|[TRACE] graph - -------> nonSkippedChar
2021-11-19T10:23:43,587|[TRACE] script - #out(`T`) [token]
2021-11-19T10:23:43,587|[TRACE] graph - <------- nonSkippedChar
2021-11-19T10:23:43,587|[TRACE] graph - <----- statementPart
2021-11-19T10:23:43,587|[TRACE] graph - -----> statementPart
2021-11-19T10:23:43,587|[TRACE] graph - -------> nonSkippedChar
2021-11-19T10:23:43,587|[TRACE] script - #out(`R`) [token]
2021-11-19T10:23:43,587|[TRACE] graph - <------- nonSkippedChar
2021-11-19T10:23:43,587|[TRACE] graph - <----- statementPart
2021-11-19T10:23:43,587|[TRACE] graph - -----> statementPart
2021-11-19T10:23:43,587|[TRACE] graph - -------> nonSkippedChar
2021-11-19T10:23:43,587|[TRACE] script - #out(`A`) [token]
2021-11-19T10:23:43,587|[TRACE] graph - <------- nonSkippedChar
2021-11-19T10:23:43,587|[TRACE] graph - <----- statementPart
2021-11-19T10:23:43,587|[TRACE] graph - -----> statementPart
2021-11-19T10:23:43,587|[TRACE] graph - -------> nonSkippedChar
2021-11-19T10:23:43,587|[TRACE] script - #out(`I`) [token]
2021-11-19T10:23:43,587|[TRACE] graph - <------- nonSkippedChar
2021-11-19T10:23:43,587|[TRACE] graph - <----- statementPart
2021-11-19T10:23:43,587|[TRACE] graph - -----> statementPart
2021-11-19T10:23:43,587|[TRACE] graph - -------> nonSkippedChar
2021-11-19T10:23:43,587|[TRACE] script - #out(`N`) [token]
2021-11-19T10:23:43,587|[TRACE] graph - <------- nonSkippedChar
2021-11-19T10:23:43,587|[TRACE] graph - <----- statementPart
2021-11-19T10:23:43,587|[TRACE] graph - -----> statementPart
2021-11-19T10:23:43,587|[TRACE] graph - -------> nonSkippedChar
2021-11-19T10:23:43,587|[TRACE] script - #out(`T`) [token]
2021-11-19T10:23:43,587|[TRACE] graph - <------- nonSkippedChar
2021-11-19T10:23:43,587|[TRACE] graph - <----- statementPart
2021-11-19T10:23:43,587|[TRACE] graph - -----> statementPart
2021-11-19T10:23:43,587|[TRACE] graph - -------> nonSkippedSpace
2021-11-19T10:23:43,587|[TRACE] script - #out(` `) [token]
2021-11-19T10:23:43,587|[TRACE] graph - <------- nonSkippedSpace
2021-11-19T10:23:43,587|[TRACE] graph - <----- statementPart
2021-11-19T10:23:43,587|[TRACE] graph - -----> statementPart
2021-11-19T10:23:43,587|[TRACE] graph - -------> quotedString
2021-11-19T10:23:43,587|[TRACE] script - #out(``fk_contact_person1``) [token]
2021-11-19T10:23:43,587|[TRACE] graph - <------- quotedString
2021-11-19T10:23:43,587|[TRACE] graph - <----- statementPart
2021-11-19T10:23:43,587|[TRACE] graph - -----> afterStatementPartNewline
2021-11-19T10:23:43,587|[TRACE] script - #out(` `) [text]
2021-11-19T10:23:43,587|[TRACE] graph - <----- afterStatementPartNewline
2021-11-19T10:23:43,587|[TRACE] graph - -----> statementPart
2021-11-19T10:23:43,587|[TRACE] graph - -------> nonSkippedSpace
2021-11-19T10:23:43,587|[TRACE] script - #out(` `) [token]
2021-11-19T10:23:43,587|[TRACE] graph - <------- nonSkippedSpace
2021-11-19T10:23:43,587|[TRACE] graph - <----- statementPart
2021-11-19T10:23:43,587|[TRACE] graph - -----> statementPart
2021-11-19T10:23:43,587|[TRACE] graph - -------> nonSkippedSpace
2021-11-19T10:23:43,587|[TRACE] script - #out(` `) [token]
2021-11-19T10:23:43,587|[TRACE] graph - <------- nonSkippedSpace
2021-11-19T10:23:43,587|[TRACE] graph - <----- statementPart
2021-11-19T10:23:43,587|[TRACE] graph - -----> statementPart
2021-11-19T10:23:43,587|[TRACE] graph - -------> nonSkippedSpace
2021-11-19T10:23:43,587|[TRACE] script - #out(` `) [token]
2021-11-19T10:23:43,587|[TRACE] graph - <------- nonSkippedSpace
2021-11-19T10:23:43,587|[TRACE] graph - <----- statementPart
2021-11-19T10:23:43,587|[TRACE] graph - -----> statementPart
2021-11-19T10:23:43,587|[TRACE] graph - -------> nonSkippedSpace
2021-11-19T10:23:43,587|[TRACE] script - #out(` `) [token]
2021-11-19T10:23:43,587|[TRACE] graph - <------- nonSkippedSpace
2021-11-19T10:23:43,587|[TRACE] graph - <----- statementPart
2021-11-19T10:23:43,587|[TRACE] graph - -----> statementPart
2021-11-19T10:23:43,587|[TRACE] graph - -------> nonSkippedChar
2021-11-19T10:23:43,587|[TRACE] script - #out(`F`) [token]
2021-11-19T10:23:43,587|[TRACE] graph - <------- nonSkippedChar
2021-11-19T10:23:43,587|[TRACE] graph - <----- statementPart
2021-11-19T10:23:43,587|[TRACE] graph - -----> statementPart
2021-11-19T10:23:43,587|[TRACE] graph - -------> nonSkippedChar
2021-11-19T10:23:43,587|[TRACE] script - #out(`O`) [token]
2021-11-19T10:23:43,587|[TRACE] graph - <------- nonSkippedChar
2021-11-19T10:23:43,587|[TRACE] graph - <----- statementPart
2021-11-19T10:23:43,587|[TRACE] graph - -----> statementPart
2021-11-19T10:23:43,587|[TRACE] graph - -------> nonSkippedChar
2021-11-19T10:23:43,587|[TRACE] script - #out(`R`) [token]
2021-11-19T10:23:43,587|[TRACE] graph - <------- nonSkippedChar
2021-11-19T10:23:43,587|[TRACE] graph - <----- statementPart
2021-11-19T10:23:43,587|[TRACE] graph - -----> statementPart
2021-11-19T10:23:43,587|[TRACE] graph - -------> nonSkippedChar
2021-11-19T10:23:43,587|[TRACE] script - #out(`E`) [token]
2021-11-19T10:23:43,587|[TRACE] graph - <------- nonSkippedChar
2021-11-19T10:23:43,587|[TRACE] graph - <----- statementPart
2021-11-19T10:23:43,587|[TRACE] graph - -----> statementPart
2021-11-19T10:23:43,587|[TRACE] graph - -------> nonSkippedChar
2021-11-19T10:23:43,587|[TRACE] script - #out(`I`) [token]
2021-11-19T10:23:43,587|[TRACE] graph - <------- nonSkippedChar
2021-11-19T10:23:43,587|[TRACE] graph - <----- statementPart
2021-11-19T10:23:43,587|[TRACE] graph - -----> statementPart
2021-11-19T10:23:43,587|[TRACE] graph - -------> nonSkippedChar
2021-11-19T10:23:43,587|[TRACE] script - #out(`G`) [token]
2021-11-19T10:23:43,587|[TRACE] graph - <------- nonSkippedChar
2021-11-19T10:23:43,587|[TRACE] graph - <----- statementPart
2021-11-19T10:23:43,587|[TRACE] graph - -----> statementPart
2021-11-19T10:23:43,587|[TRACE] graph - -------> nonSkippedChar
2021-11-19T10:23:43,587|[TRACE] script - #out(`N`) [token]
2021-11-19T10:23:43,587|[TRACE] graph - <------- nonSkippedChar
2021-11-19T10:23:43,587|[TRACE] graph - <----- statementPart
2021-11-19T10:23:43,587|[TRACE] graph - -----> statementPart
2021-11-19T10:23:43,587|[TRACE] graph - -------> nonSkippedSpace
2021-11-19T10:23:43,587|[TRACE] script - #out(` `) [token]
2021-11-19T10:23:43,587|[TRACE] graph - <------- nonSkippedSpace
2021-11-19T10:23:43,587|[TRACE] graph - <----- statementPart
2021-11-19T10:23:43,587|[TRACE] graph - -----> statementPart
2021-11-19T10:23:43,587|[TRACE] graph - -------> nonSkippedChar
2021-11-19T10:23:43,587|[TRACE] script - #out(`K`) [token]
2021-11-19T10:23:43,587|[TRACE] graph - <------- nonSkippedChar
2021-11-19T10:23:43,587|[TRACE] graph - <----- statementPart
2021-11-19T10:23:43,587|[TRACE] graph - -----> statementPart
2021-11-19T10:23:43,587|[TRACE] graph - -------> nonSkippedChar
2021-11-19T10:23:43,587|[TRACE] script - #out(`E`) [token]
2021-11-19T10:23:43,587|[TRACE] graph - <------- nonSkippedChar
2021-11-19T10:23:43,587|[TRACE] graph - <----- statementPart
2021-11-19T10:23:43,587|[TRACE] graph - -----> statementPart
2021-11-19T10:23:43,587|[TRACE] graph - -------> nonSkippedChar
2021-11-19T10:23:43,587|[TRACE] script - #out(`Y`) [token]
2021-11-19T10:23:43,587|[TRACE] graph - <------- nonSkippedChar
2021-11-19T10:23:43,587|[TRACE] graph - <----- statementPart
2021-11-19T10:23:43,587|[TRACE] graph - -----> statementPart
2021-11-19T10:23:43,587|[TRACE] graph - -------> nonSkippedSpace
2021-11-19T10:23:43,587|[TRACE] script - #out(` `) [token]
2021-11-19T10:23:43,587|[TRACE] graph - <------- nonSkippedSpace
2021-11-19T10:23:43,587|[TRACE] graph - <----- statementPart
2021-11-19T10:23:43,587|[TRACE] graph - -----> statementPart
2021-11-19T10:23:43,587|[TRACE] graph - -------> nonSkippedChar
2021-11-19T10:23:43,587|[TRACE] script - #out(`(`) [token]
2021-11-19T10:23:43,587|[TRACE] graph - <------- nonSkippedChar
2021-11-19T10:23:43,587|[TRACE] graph - <----- statementPart
2021-11-19T10:23:43,587|[TRACE] graph - -----> statementPart
2021-11-19T10:23:43,587|[TRACE] graph - -------> quotedString
2021-11-19T10:23:43,587|[TRACE] script - #out(``person_id``) [token]
2021-11-19T10:23:43,587|[TRACE] graph - <------- quotedString
2021-11-19T10:23:43,587|[TRACE] graph - <----- statementPart
2021-11-19T10:23:43,587|[TRACE] graph - -----> statementPart
2021-11-19T10:23:43,587|[TRACE] graph - -------> nonSkippedChar
2021-11-19T10:23:43,587|[TRACE] script - #out(`)`) [token]
2021-11-19T10:23:43,587|[TRACE] graph - <------- nonSkippedChar
2021-11-19T10:23:43,587|[TRACE] graph - <----- statementPart
2021-11-19T10:23:43,587|[TRACE] graph - -----> afterStatementPartNewline
2021-11-19T10:23:43,587|[TRACE] script - #out(` `) [text]
2021-11-19T10:23:43,587|[TRACE] graph - <----- afterStatementPartNewline
2021-11-19T10:23:43,587|[TRACE] graph - -----> statementPart
2021-11-19T10:23:43,587|[TRACE] graph - -------> nonSkippedSpace
2021-11-19T10:23:43,587|[TRACE] script - #out(` `) [token]
2021-11-19T10:23:43,587|[TRACE] graph - <------- nonSkippedSpace
2021-11-19T10:23:43,587|[TRACE] graph - <----- statementPart
2021-11-19T10:23:43,587|[TRACE] graph - -----> statementPart
2021-11-19T10:23:43,587|[TRACE] graph - -------> nonSkippedSpace
2021-11-19T10:23:43,587|[TRACE] script - #out(` `) [token]
2021-11-19T10:23:43,587|[TRACE] graph - <------- nonSkippedSpace
2021-11-19T10:23:43,587|[TRACE] graph - <----- statementPart
2021-11-19T10:23:43,587|[TRACE] graph - -----> statementPart
2021-11-19T10:23:43,587|[TRACE] graph - -------> nonSkippedSpace
2021-11-19T10:23:43,587|[TRACE] script - #out(` `) [token]
2021-11-19T10:23:43,587|[TRACE] graph - <------- nonSkippedSpace
2021-11-19T10:23:43,587|[TRACE] graph - <----- statementPart
2021-11-19T10:23:43,587|[TRACE] graph - -----> statementPart
2021-11-19T10:23:43,587|[TRACE] graph - -------> nonSkippedSpace
2021-11-19T10:23:43,587|[TRACE] script - #out(` `) [token]
2021-11-19T10:23:43,587|[TRACE] graph - <------- nonSkippedSpace
2021-11-19T10:23:43,587|[TRACE] graph - <----- statementPart
2021-11-19T10:23:43,587|[TRACE] graph - -----> statementPart
2021-11-19T10:23:43,587|[TRACE] graph - -------> nonSkippedChar
2021-11-19T10:23:43,587|[TRACE] script - #out(`R`) [token]
2021-11-19T10:23:43,587|[TRACE] graph - <------- nonSkippedChar
2021-11-19T10:23:43,587|[TRACE] graph - <----- statementPart
2021-11-19T10:23:43,587|[TRACE] graph - -----> statementPart
2021-11-19T10:23:43,587|[TRACE] graph - -------> nonSkippedChar
2021-11-19T10:23:43,587|[TRACE] script - #out(`E`) [token]
2021-11-19T10:23:43,587|[TRACE] graph - <------- nonSkippedChar
2021-11-19T10:23:43,587|[TRACE] graph - <----- statementPart
2021-11-19T10:23:43,587|[TRACE] graph - -----> statementPart
2021-11-19T10:23:43,587|[TRACE] graph - -------> nonSkippedChar
2021-11-19T10:23:43,587|[TRACE] script - #out(`F`) [token]
2021-11-19T10:23:43,587|[TRACE] graph - <------- nonSkippedChar
2021-11-19T10:23:43,587|[TRACE] graph - <----- statementPart
2021-11-19T10:23:43,587|[TRACE] graph - -----> statementPart
2021-11-19T10:23:43,587|[TRACE] graph - -------> nonSkippedChar
2021-11-19T10:23:43,587|[TRACE] script - #out(`E`) [token]
2021-11-19T10:23:43,587|[TRACE] graph - <------- nonSkippedChar
2021-11-19T10:23:43,587|[TRACE] graph - <----- statementPart
2021-11-19T10:23:43,587|[TRACE] graph - -----> statementPart
2021-11-19T10:23:43,587|[TRACE] graph - -------> nonSkippedChar
2021-11-19T10:23:43,587|[TRACE] script - #out(`R`) [token]
2021-11-19T10:23:43,587|[TRACE] graph - <------- nonSkippedChar
2021-11-19T10:23:43,587|[TRACE] graph - <----- statementPart
2021-11-19T10:23:43,587|[TRACE] graph - -----> statementPart
2021-11-19T10:23:43,587|[TRACE] graph - -------> nonSkippedChar
2021-11-19T10:23:43,587|[TRACE] script - #out(`E`) [token]
2021-11-19T10:23:43,587|[TRACE] graph - <------- nonSkippedChar
2021-11-19T10:23:43,587|[TRACE] graph - <----- statementPart
2021-11-19T10:23:43,587|[TRACE] graph - -----> statementPart
2021-11-19T10:23:43,587|[TRACE] graph - -------> nonSkippedChar
2021-11-19T10:23:43,587|[TRACE] script - #out(`N`) [token]
2021-11-19T10:23:43,652|[TRACE] graph - <------- nonSkippedChar
2021-11-19T10:23:43,652|[TRACE] graph - <----- statementPart
2021-11-19T10:23:43,652|[TRACE] graph - -----> statementPart
2021-11-19T10:23:43,652|[TRACE] graph - -------> nonSkippedChar
2021-11-19T10:23:43,652|[TRACE] script - #out(`C`) [token]
2021-11-19T10:23:43,652|[TRACE] graph - <------- nonSkippedChar
2021-11-19T10:23:43,652|[TRACE] graph - <----- statementPart
2021-11-19T10:23:43,652|[TRACE] graph - -----> statementPart
2021-11-19T10:23:43,652|[TRACE] graph - -------> nonSkippedChar
2021-11-19T10:23:43,652|[TRACE] script - #out(`E`) [token]
2021-11-19T10:23:43,652|[TRACE] graph - <------- nonSkippedChar
2021-11-19T10:23:43,652|[TRACE] graph - <----- statementPart
2021-11-19T10:23:43,652|[TRACE] graph - -----> statementPart
2021-11-19T10:23:43,652|[TRACE] graph - -------> nonSkippedChar
2021-11-19T10:23:43,652|[TRACE] script - #out(`S`) [token]
2021-11-19T10:23:43,652|[TRACE] graph - <------- nonSkippedChar
2021-11-19T10:23:43,652|[TRACE] graph - <----- statementPart
2021-11-19T10:23:43,652|[TRACE] graph - -----> statementPart
2021-11-19T10:23:43,652|[TRACE] graph - -------> nonSkippedSpace
2021-11-19T10:23:43,652|[TRACE] script - #out(` `) [token]
2021-11-19T10:23:43,652|[TRACE] graph - <------- nonSkippedSpace
2021-11-19T10:23:43,652|[TRACE] graph - <----- statementPart
2021-11-19T10:23:43,652|[TRACE] graph - -----> statementPart
2021-11-19T10:23:43,652|[TRACE] graph - -------> quotedString
2021-11-19T10:23:43,652|[TRACE] script - #out(``bloodbank``) [token]
2021-11-19T10:23:43,652|[TRACE] graph - <------- quotedString
2021-11-19T10:23:43,652|[TRACE] graph - <----- statementPart
2021-11-19T10:23:43,652|[TRACE] graph - -----> statementPart
2021-11-19T10:23:43,652|[TRACE] graph - -------> nonSkippedChar
2021-11-19T10:23:43,652|[TRACE] script - #out(`.`) [token]
2021-11-19T10:23:43,652|[TRACE] graph - <------- nonSkippedChar
2021-11-19T10:23:43,652|[TRACE] graph - <----- statementPart
2021-11-19T10:23:43,652|[TRACE] graph - -----> statementPart
2021-11-19T10:23:43,652|[TRACE] graph - -------> quotedString
2021-11-19T10:23:43,652|[TRACE] script - #out(``person``) [token]
2021-11-19T10:23:43,652|[TRACE] graph - <------- quotedString
2021-11-19T10:23:43,652|[TRACE] graph - <----- statementPart
2021-11-19T10:23:43,652|[TRACE] graph - -----> statementPart
2021-11-19T10:23:43,652|[TRACE] graph - -------> nonSkippedSpace
2021-11-19T10:23:43,652|[TRACE] script - #out(` `) [token]
2021-11-19T10:23:43,652|[TRACE] graph - <------- nonSkippedSpace
2021-11-19T10:23:43,652|[TRACE] graph - <----- statementPart
2021-11-19T10:23:43,652|[TRACE] graph - -----> statementPart
2021-11-19T10:23:43,652|[TRACE] graph - -------> nonSkippedChar
2021-11-19T10:23:43,652|[TRACE] script - #out(`(`) [token]
2021-11-19T10:23:43,652|[TRACE] graph - <------- nonSkippedChar
2021-11-19T10:23:43,652|[TRACE] graph - <----- statementPart
2021-11-19T10:23:43,652|[TRACE] graph - -----> statementPart
2021-11-19T10:23:43,652|[TRACE] graph - -------> quotedString
2021-11-19T10:23:43,652|[TRACE] script - #out(``id``) [token]
2021-11-19T10:23:43,652|[TRACE] graph - <------- quotedString
2021-11-19T10:23:43,652|[TRACE] graph - <----- statementPart
2021-11-19T10:23:43,652|[TRACE] graph - -----> statementPart
2021-11-19T10:23:43,652|[TRACE] graph - -------> nonSkippedChar
2021-11-19T10:23:43,652|[TRACE] script - #out(`)`) [token]
2021-11-19T10:23:43,652|[TRACE] graph - <------- nonSkippedChar
2021-11-19T10:23:43,652|[TRACE] graph - <----- statementPart
2021-11-19T10:23:43,652|[TRACE] graph - -----> afterStatementPartNewline
2021-11-19T10:23:43,652|[TRACE] script - #out(` `) [text]
2021-11-19T10:23:43,652|[TRACE] graph - <----- afterStatementPartNewline
2021-11-19T10:23:43,652|[TRACE] graph - -----> statementPart
2021-11-19T10:23:43,652|[TRACE] graph - -------> nonSkippedSpace
2021-11-19T10:23:43,652|[TRACE] script - #out(` `) [token]
2021-11-19T10:23:43,652|[TRACE] graph - <------- nonSkippedSpace
2021-11-19T10:23:43,652|[TRACE] graph - <----- statementPart
2021-11-19T10:23:43,652|[TRACE] graph - -----> statementPart
2021-11-19T10:23:43,652|[TRACE] graph - -------> nonSkippedSpace
2021-11-19T10:23:43,652|[TRACE] script - #out(` `) [token]
2021-11-19T10:23:43,652|[TRACE] graph - <------- nonSkippedSpace
2021-11-19T10:23:43,652|[TRACE] graph - <----- statementPart
2021-11-19T10:23:43,652|[TRACE] graph - -----> statementPart
2021-11-19T10:23:43,652|[TRACE] graph - -------> nonSkippedSpace
2021-11-19T10:23:43,652|[TRACE] script - #out(` `) [token]
2021-11-19T10:23:43,652|[TRACE] graph - <------- nonSkippedSpace
2021-11-19T10:23:43,652|[TRACE] graph - <----- statementPart
2021-11-19T10:23:43,652|[TRACE] graph - -----> statementPart
2021-11-19T10:23:43,652|[TRACE] graph - -------> nonSkippedSpace
2021-11-19T10:23:43,652|[TRACE] script - #out(` `) [token]
2021-11-19T10:23:43,652|[TRACE] graph - <------- nonSkippedSpace
2021-11-19T10:23:43,652|[TRACE] graph - <----- statementPart
2021-11-19T10:23:43,652|[TRACE] graph - -----> statementPart
2021-11-19T10:23:43,652|[TRACE] graph - -------> nonSkippedChar
2021-11-19T10:23:43,652|[TRACE] script - #out(`O`) [token]
2021-11-19T10:23:43,652|[TRACE] graph - <------- nonSkippedChar
2021-11-19T10:23:43,652|[TRACE] graph - <----- statementPart
2021-11-19T10:23:43,652|[TRACE] graph - -----> statementPart
2021-11-19T10:23:43,652|[TRACE] graph - -------> nonSkippedChar
2021-11-19T10:23:43,652|[TRACE] script - #out(`N`) [token]
2021-11-19T10:23:43,652|[TRACE] graph - <------- nonSkippedChar
2021-11-19T10:23:43,652|[TRACE] graph - <----- statementPart
2021-11-19T10:23:43,652|[TRACE] graph - -----> statementPart
2021-11-19T10:23:43,652|[TRACE] graph - -------> nonSkippedSpace
2021-11-19T10:23:43,652|[TRACE] script - #out(` `) [token]
2021-11-19T10:23:43,652|[TRACE] graph - <------- nonSkippedSpace
2021-11-19T10:23:43,652|[TRACE] graph - <----- statementPart
2021-11-19T10:23:43,652|[TRACE] graph - -----> statementPart
2021-11-19T10:23:43,652|[TRACE] graph - -------> nonSkippedChar
2021-11-19T10:23:43,652|[TRACE] script - #out(`D`) [token]
2021-11-19T10:23:43,652|[TRACE] graph - <------- nonSkippedChar
2021-11-19T10:23:43,652|[TRACE] graph - <----- statementPart
2021-11-19T10:23:43,652|[TRACE] graph - -----> statementPart
2021-11-19T10:23:43,652|[TRACE] graph - -------> nonSkippedChar
2021-11-19T10:23:43,652|[TRACE] script - #out(`E`) [token]
2021-11-19T10:23:43,652|[TRACE] graph - <------- nonSkippedChar
2021-11-19T10:23:43,652|[TRACE] graph - <----- statementPart
2021-11-19T10:23:43,652|[TRACE] graph - -----> statementPart
2021-11-19T10:23:43,652|[TRACE] graph - -------> nonSkippedChar
2021-11-19T10:23:43,652|[TRACE] script - #out(`L`) [token]
2021-11-19T10:23:43,652|[TRACE] graph - <------- nonSkippedChar
2021-11-19T10:23:43,652|[TRACE] graph - <----- statementPart
2021-11-19T10:23:43,652|[TRACE] graph - -----> statementPart
2021-11-19T10:23:43,652|[TRACE] graph - -------> nonSkippedChar
2021-11-19T10:23:43,652|[TRACE] script - #out(`E`) [token]
2021-11-19T10:23:43,652|[TRACE] graph - <------- nonSkippedChar
2021-11-19T10:23:43,652|[TRACE] graph - <----- statementPart
2021-11-19T10:23:43,652|[TRACE] graph - -----> statementPart
2021-11-19T10:23:43,652|[TRACE] graph - -------> nonSkippedChar
2021-11-19T10:23:43,652|[TRACE] script - #out(`T`) [token]
2021-11-19T10:23:43,652|[TRACE] graph - <------- nonSkippedChar
2021-11-19T10:23:43,652|[TRACE] graph - <----- statementPart
2021-11-19T10:23:43,652|[TRACE] graph - -----> statementPart
2021-11-19T10:23:43,652|[TRACE] graph - -------> nonSkippedChar
2021-11-19T10:23:43,652|[TRACE] script - #out(`E`) [token]
2021-11-19T10:23:43,652|[TRACE] graph - <------- nonSkippedChar
2021-11-19T10:23:43,652|[TRACE] graph - <----- statementPart
2021-11-19T10:23:43,652|[TRACE] graph - -----> statementPart
2021-11-19T10:23:43,653|[TRACE] graph - -------> nonSkippedSpace
2021-11-19T10:23:43,653|[TRACE] script - #out(` `) [token]
2021-11-19T10:23:43,653|[TRACE] graph - <------- nonSkippedSpace
2021-11-19T10:23:43,653|[TRACE] graph - <----- statementPart
2021-11-19T10:23:43,653|[TRACE] graph - -----> statementPart
2021-11-19T10:23:43,653|[TRACE] graph - -------> nonSkippedChar
2021-11-19T10:23:43,653|[TRACE] script - #out(`N`) [token]
2021-11-19T10:23:43,653|[TRACE] graph - <------- nonSkippedChar
2021-11-19T10:23:43,653|[TRACE] graph - <----- statementPart
2021-11-19T10:23:43,653|[TRACE] graph - -----> statementPart
2021-11-19T10:23:43,653|[TRACE] graph - -------> nonSkippedChar
2021-11-19T10:23:43,653|[TRACE] script - #out(`O`) [token]
2021-11-19T10:23:43,653|[TRACE] graph - <------- nonSkippedChar
2021-11-19T10:23:43,653|[TRACE] graph - <----- statementPart
2021-11-19T10:23:43,653|[TRACE] graph - -----> statementPart
2021-11-19T10:23:43,653|[TRACE] graph - -------> nonSkippedSpace
2021-11-19T10:23:43,653|[TRACE] script - #out(` `) [token]
2021-11-19T10:23:43,653|[TRACE] graph - <------- nonSkippedSpace
2021-11-19T10:23:43,653|[TRACE] graph - <----- statementPart
2021-11-19T10:23:43,653|[TRACE] graph - -----> statementPart
2021-11-19T10:23:43,653|[TRACE] graph - -------> nonSkippedChar
2021-11-19T10:23:43,653|[TRACE] script - #out(`A`) [token]
2021-11-19T10:23:43,653|[TRACE] graph - <------- nonSkippedChar
2021-11-19T10:23:43,653|[TRACE] graph - <----- statementPart
2021-11-19T10:23:43,653|[TRACE] graph - -----> statementPart
2021-11-19T10:23:43,653|[TRACE] graph - -------> nonSkippedChar
2021-11-19T10:23:43,653|[TRACE] script - #out(`C`) [token]
2021-11-19T10:23:43,653|[TRACE] graph - <------- nonSkippedChar
2021-11-19T10:23:43,653|[TRACE] graph - <----- statementPart
2021-11-19T10:23:43,653|[TRACE] graph - -----> statementPart
2021-11-19T10:23:43,653|[TRACE] graph - -------> nonSkippedChar
2021-11-19T10:23:43,653|[TRACE] script - #out(`T`) [token]
2021-11-19T10:23:43,653|[TRACE] graph - <------- nonSkippedChar
2021-11-19T10:23:43,653|[TRACE] graph - <----- statementPart
2021-11-19T10:23:43,653|[TRACE] graph - -----> statementPart
2021-11-19T10:23:43,653|[TRACE] graph - -------> nonSkippedChar
2021-11-19T10:23:43,653|[TRACE] script - #out(`I`) [token]
2021-11-19T10:23:43,653|[TRACE] graph - <------- nonSkippedChar
2021-11-19T10:23:43,653|[TRACE] graph - <----- statementPart
2021-11-19T10:23:43,653|[TRACE] graph - -----> statementPart
2021-11-19T10:23:43,653|[TRACE] graph - -------> nonSkippedChar
2021-11-19T10:23:43,653|[TRACE] script - #out(`O`) [token]
2021-11-19T10:23:43,653|[TRACE] graph - <------- nonSkippedChar
2021-11-19T10:23:43,653|[TRACE] graph - <----- statementPart
2021-11-19T10:23:43,653|[TRACE] graph - -----> statementPart
2021-11-19T10:23:43,653|[TRACE] graph - -------> nonSkippedChar
2021-11-19T10:23:43,653|[TRACE] script - #out(`N`) [token]
2021-11-19T10:23:43,653|[TRACE] graph - <------- nonSkippedChar
2021-11-19T10:23:43,653|[TRACE] graph - <----- statementPart
2021-11-19T10:23:43,653|[TRACE] graph - -----> afterStatementPartNewline
2021-11-19T10:23:43,653|[TRACE] script - #out(` `) [text]
2021-11-19T10:23:43,653|[TRACE] graph - <----- afterStatementPartNewline
2021-11-19T10:23:43,653|[TRACE] graph - -----> statementPart
2021-11-19T10:23:43,653|[TRACE] graph - -------> nonSkippedSpace
2021-11-19T10:23:43,653|[TRACE] script - #out(` `) [token]
2021-11-19T10:23:43,653|[TRACE] graph - <------- nonSkippedSpace
2021-11-19T10:23:43,653|[TRACE] graph - <----- statementPart
2021-11-19T10:23:43,653|[TRACE] graph - -----> statementPart
2021-11-19T10:23:43,653|[TRACE] graph - -------> nonSkippedSpace
2021-11-19T10:23:43,653|[TRACE] script - #out(` `) [token]
2021-11-19T10:23:43,653|[TRACE] graph - <------- nonSkippedSpace
2021-11-19T10:23:43,653|[TRACE] graph - <----- statementPart
2021-11-19T10:23:43,653|[TRACE] graph - -----> statementPart
2021-11-19T10:23:43,653|[TRACE] graph - -------> nonSkippedSpace
2021-11-19T10:23:43,653|[TRACE] script - #out(` `) [token]
2021-11-19T10:23:43,653|[TRACE] graph - <------- nonSkippedSpace
2021-11-19T10:23:43,653|[TRACE] graph - <----- statementPart
2021-11-19T10:23:43,653|[TRACE] graph - -----> statementPart
2021-11-19T10:23:43,653|[TRACE] graph - -------> nonSkippedSpace
2021-11-19T10:23:43,653|[TRACE] script - #out(` `) [token]
2021-11-19T10:23:43,653|[TRACE] graph - <------- nonSkippedSpace
2021-11-19T10:23:43,653|[TRACE] graph - <----- statementPart
2021-11-19T10:23:43,653|[TRACE] graph - -----> statementPart
2021-11-19T10:23:43,653|[TRACE] graph - -------> nonSkippedChar
2021-11-19T10:23:43,653|[TRACE] script - #out(`O`) [token]
2021-11-19T10:23:43,653|[TRACE] graph - <------- nonSkippedChar
2021-11-19T10:23:43,653|[TRACE] graph - <----- statementPart
2021-11-19T10:23:43,653|[TRACE] graph - -----> statementPart
2021-11-19T10:23:43,653|[TRACE] graph - -------> nonSkippedChar
2021-11-19T10:23:43,653|[TRACE] script - #out(`N`) [token]
2021-11-19T10:23:43,653|[TRACE] graph - <------- nonSkippedChar
2021-11-19T10:23:43,653|[TRACE] graph - <----- statementPart
2021-11-19T10:23:43,653|[TRACE] graph - -----> statementPart
2021-11-19T10:23:43,653|[TRACE] graph - -------> nonSkippedSpace
2021-11-19T10:23:43,653|[TRACE] script - #out(` `) [token]
2021-11-19T10:23:43,653|[TRACE] graph - <------- nonSkippedSpace
2021-11-19T10:23:43,653|[TRACE] graph - <----- statementPart
2021-11-19T10:23:43,653|[TRACE] graph - -----> statementPart
2021-11-19T10:23:43,653|[TRACE] graph - -------> nonSkippedChar
2021-11-19T10:23:43,653|[TRACE] script - #out(`U`) [token]
2021-11-19T10:23:43,653|[TRACE] graph - <------- nonSkippedChar
2021-11-19T10:23:43,653|[TRACE] graph - <----- statementPart
2021-11-19T10:23:43,653|[TRACE] graph - -----> statementPart
2021-11-19T10:23:43,653|[TRACE] graph - -------> nonSkippedChar
2021-11-19T10:23:43,653|[TRACE] script - #out(`P`) [token]
2021-11-19T10:23:43,653|[TRACE] graph - <------- nonSkippedChar
2021-11-19T10:23:43,653|[TRACE] graph - <----- statementPart
2021-11-19T10:23:43,653|[TRACE] graph - -----> statementPart
2021-11-19T10:23:43,653|[TRACE] graph - -------> nonSkippedChar
2021-11-19T10:23:43,653|[TRACE] script - #out(`D`) [token]
2021-11-19T10:23:43,653|[TRACE] graph - <------- nonSkippedChar
2021-11-19T10:23:43,653|[TRACE] graph - <----- statementPart
2021-11-19T10:23:43,653|[TRACE] graph - -----> statementPart
2021-11-19T10:23:43,653|[TRACE] graph - -------> nonSkippedChar
2021-11-19T10:23:43,653|[TRACE] script - #out(`A`) [token]
2021-11-19T10:23:43,653|[TRACE] graph - <------- nonSkippedChar
2021-11-19T10:23:43,653|[TRACE] graph - <----- statementPart
2021-11-19T10:23:43,653|[TRACE] graph - -----> statementPart
2021-11-19T10:23:43,653|[TRACE] graph - -------> nonSkippedChar
2021-11-19T10:23:43,653|[TRACE] script - #out(`T`) [token]
2021-11-19T10:23:43,653|[TRACE] graph - <------- nonSkippedChar
2021-11-19T10:23:43,653|[TRACE] graph - <----- statementPart
2021-11-19T10:23:43,653|[TRACE] graph - -----> statementPart
2021-11-19T10:23:43,653|[TRACE] graph - -------> nonSkippedChar
2021-11-19T10:23:43,653|[TRACE] script - #out(`E`) [token]
2021-11-19T10:23:43,653|[TRACE] graph - <------- nonSkippedChar
2021-11-19T10:23:43,653|[TRACE] graph - <----- statementPart
2021-11-19T10:23:43,653|[TRACE] graph - -----> statementPart
2021-11-19T10:23:43,653|[TRACE] graph - -------> nonSkippedSpace
2021-11-19T10:23:43,653|[TRACE] script - #out(` `) [token]
2021-11-19T10:23:43,653|[TRACE] graph - <------- nonSkippedSpace
2021-11-19T10:23:43,653|[TRACE] graph - <----- statementPart
2021-11-19T10:23:43,653|[TRACE] graph - -----> statementPart
2021-11-19T10:23:43,653|[TRACE] graph - -------> nonSkippedChar
2021-11-19T10:23:43,653|[TRACE] script - #out(`N`) [token]
2021-11-19T10:23:43,653|[TRACE] graph - <------- nonSkippedChar
2021-11-19T10:23:43,653|[TRACE] graph - <----- statementPart
2021-11-19T10:23:43,653|[TRACE] graph - -----> statementPart
2021-11-19T10:23:43,653|[TRACE] graph - -------> nonSkippedChar
2021-11-19T10:23:43,653|[TRACE] script - #out(`O`) [token]
2021-11-19T10:23:43,653|[TRACE] graph - <------- nonSkippedChar
2021-11-19T10:23:43,653|[TRACE] graph - <----- statementPart
2021-11-19T10:23:43,653|[TRACE] graph - -----> statementPart
2021-11-19T10:23:43,653|[TRACE] graph - -------> nonSkippedSpace
2021-11-19T10:23:43,653|[TRACE] script - #out(` `) [token]
2021-11-19T10:23:43,653|[TRACE] graph - <------- nonSkippedSpace
2021-11-19T10:23:43,653|[TRACE] graph - <----- statementPart
2021-11-19T10:23:43,653|[TRACE] graph - -----> statementPart
2021-11-19T10:23:43,653|[TRACE] graph - -------> nonSkippedChar
2021-11-19T10:23:43,653|[TRACE] script - #out(`A`) [token]
2021-11-19T10:23:43,653|[TRACE] graph - <------- nonSkippedChar
2021-11-19T10:23:43,653|[TRACE] graph - <----- statementPart
2021-11-19T10:23:43,653|[TRACE] graph - -----> statementPart
2021-11-19T10:23:43,653|[TRACE] graph - -------> nonSkippedChar
2021-11-19T10:23:43,653|[TRACE] script - #out(`C`) [token]
2021-11-19T10:23:43,653|[TRACE] graph - <------- nonSkippedChar
2021-11-19T10:23:43,653|[TRACE] graph - <----- statementPart
2021-11-19T10:23:43,653|[TRACE] graph - -----> statementPart
2021-11-19T10:23:43,653|[TRACE] graph - -------> nonSkippedChar
2021-11-19T10:23:43,653|[TRACE] script - #out(`T`) [token]
2021-11-19T10:23:43,653|[TRACE] graph - <------- nonSkippedChar
2021-11-19T10:23:43,653|[TRACE] graph - <----- statementPart
2021-11-19T10:23:43,653|[TRACE] graph - -----> statementPart
2021-11-19T10:23:43,653|[TRACE] graph - -------> nonSkippedChar
2021-11-19T10:23:43,653|[TRACE] script - #out(`I`) [token]
2021-11-19T10:23:43,653|[TRACE] graph - <------- nonSkippedChar
2021-11-19T10:23:43,653|[TRACE] graph - <----- statementPart
2021-11-19T10:23:43,653|[TRACE] graph - -----> statementPart
2021-11-19T10:23:43,653|[TRACE] graph - -------> nonSkippedChar
2021-11-19T10:23:43,653|[TRACE] script - #out(`O`) [token]
2021-11-19T10:23:43,653|[TRACE] graph - <------- nonSkippedChar
2021-11-19T10:23:43,653|[TRACE] graph - <----- statementPart
2021-11-19T10:23:43,653|[TRACE] graph - -----> statementPart
2021-11-19T10:23:43,653|[TRACE] graph - -------> nonSkippedChar
2021-11-19T10:23:43,653|[TRACE] script - #out(`N`) [token]
2021-11-19T10:23:43,653|[TRACE] graph - <------- nonSkippedChar
2021-11-19T10:23:43,653|[TRACE] graph - <----- statementPart
2021-11-19T10:23:43,653|[TRACE] graph - -----> statementPart
2021-11-19T10:23:43,653|[TRACE] graph - -------> nonSkippedChar
2021-11-19T10:23:43,653|[TRACE] script - #out(`)`) [token]
2021-11-19T10:23:43,653|[TRACE] graph - <------- nonSkippedChar
2021-11-19T10:23:43,653|[TRACE] graph - <----- statementPart
2021-11-19T10:23:43,653|[TRACE] graph - -----> afterStatementPartNewline
2021-11-19T10:23:43,653|[TRACE] script - #out(` `) [text]
2021-11-19T10:23:43,653|[TRACE] graph - <----- afterStatementPartNewline
2021-11-19T10:23:43,653|[TRACE] graph - -----> statementPart
2021-11-19T10:23:43,653|[TRACE] graph - -------> nonSkippedChar
2021-11-19T10:23:43,653|[TRACE] script - #out(`E`) [token]
2021-11-19T10:23:43,653|[TRACE] graph - <------- nonSkippedChar
2021-11-19T10:23:43,653|[TRACE] graph - <----- statementPart
2021-11-19T10:23:43,653|[TRACE] graph - -----> statementPart
2021-11-19T10:23:43,653|[TRACE] graph - -------> nonSkippedChar
2021-11-19T10:23:43,653|[TRACE] script - #out(`N`) [token]
2021-11-19T10:23:43,653|[TRACE] graph - <------- nonSkippedChar
2021-11-19T10:23:43,653|[TRACE] graph - <----- statementPart
2021-11-19T10:23:43,653|[TRACE] graph - -----> statementPart
2021-11-19T10:23:43,653|[TRACE] graph - -------> nonSkippedChar
2021-11-19T10:23:43,653|[TRACE] script - #out(`G`) [token]
2021-11-19T10:23:43,653|[TRACE] graph - <------- nonSkippedChar
2021-11-19T10:23:43,653|[TRACE] graph - <----- statementPart
2021-11-19T10:23:43,653|[TRACE] graph - -----> statementPart
2021-11-19T10:23:43,653|[TRACE] graph - -------> nonSkippedChar
2021-11-19T10:23:43,653|[TRACE] script - #out(`I`) [token]
2021-11-19T10:23:43,653|[TRACE] graph - <------- nonSkippedChar
2021-11-19T10:23:43,653|[TRACE] graph - <----- statementPart
2021-11-19T10:23:43,653|[TRACE] graph - -----> statementPart
2021-11-19T10:23:43,653|[TRACE] graph - -------> nonSkippedChar
2021-11-19T10:23:43,653|[TRACE] script - #out(`N`) [token]
2021-11-19T10:23:43,653|[TRACE] graph - <------- nonSkippedChar
2021-11-19T10:23:43,653|[TRACE] graph - <----- statementPart
2021-11-19T10:23:43,653|[TRACE] graph - -----> statementPart
2021-11-19T10:23:43,653|[TRACE] graph - -------> nonSkippedChar
2021-11-19T10:23:43,653|[TRACE] script - #out(`E`) [token]
2021-11-19T10:23:43,653|[TRACE] graph - <------- nonSkippedChar
2021-11-19T10:23:43,653|[TRACE] graph - <----- statementPart
2021-11-19T10:23:43,653|[TRACE] graph - -----> statementPart
2021-11-19T10:23:43,653|[TRACE] graph - -------> nonSkippedSpace
2021-11-19T10:23:43,653|[TRACE] script - #out(` `) [token]
2021-11-19T10:23:43,653|[TRACE] graph - <------- nonSkippedSpace
2021-11-19T10:23:43,653|[TRACE] graph - <----- statementPart
2021-11-19T10:23:43,653|[TRACE] graph - -----> statementPart
2021-11-19T10:23:43,653|[TRACE] graph - -------> nonSkippedChar
2021-11-19T10:23:43,653|[TRACE] script - #out(`=`) [token]
2021-11-19T10:23:43,653|[TRACE] graph - <------- nonSkippedChar
2021-11-19T10:23:43,653|[TRACE] graph - <----- statementPart
2021-11-19T10:23:43,653|[TRACE] graph - -----> statementPart
2021-11-19T10:23:43,653|[TRACE] graph - -------> nonSkippedSpace
2021-11-19T10:23:43,653|[TRACE] script - #out(` `) [token]
2021-11-19T10:23:43,653|[TRACE] graph - <------- nonSkippedSpace
2021-11-19T10:23:43,653|[TRACE] graph - <----- statementPart
2021-11-19T10:23:43,653|[TRACE] graph - -----> statementPart
2021-11-19T10:23:43,653|[TRACE] graph - -------> nonSkippedChar
2021-11-19T10:23:43,653|[TRACE] script - #out(`I`) [token]
2021-11-19T10:23:43,653|[TRACE] graph - <------- nonSkippedChar
2021-11-19T10:23:43,653|[TRACE] graph - <----- statementPart
2021-11-19T10:23:43,653|[TRACE] graph - -----> statementPart
2021-11-19T10:23:43,653|[TRACE] graph - -------> nonSkippedChar
2021-11-19T10:23:43,653|[TRACE] script - #out(`n`) [token]
2021-11-19T10:23:43,653|[TRACE] graph - <------- nonSkippedChar
2021-11-19T10:23:43,653|[TRACE] graph - <----- statementPart
2021-11-19T10:23:43,653|[TRACE] graph - -----> statementPart
2021-11-19T10:23:43,653|[TRACE] graph - -------> nonSkippedChar
2021-11-19T10:23:43,653|[TRACE] script - #out(`n`) [token]
2021-11-19T10:23:43,653|[TRACE] graph - <------- nonSkippedChar
2021-11-19T10:23:43,653|[TRACE] graph - <----- statementPart
2021-11-19T10:23:43,653|[TRACE] graph - -----> statementPart
2021-11-19T10:23:43,653|[TRACE] graph - -------> nonSkippedChar
2021-11-19T10:23:43,653|[TRACE] script - #out(`o`) [token]
2021-11-19T10:23:43,653|[TRACE] graph - <------- nonSkippedChar
2021-11-19T10:23:43,653|[TRACE] graph - <----- statementPart
2021-11-19T10:23:43,653|[TRACE] graph - -----> statementPart
2021-11-19T10:23:43,653|[TRACE] graph - -------> nonSkippedChar
2021-11-19T10:23:43,653|[TRACE] script - #out(`D`) [token]
2021-11-19T10:23:43,653|[TRACE] graph - <------- nonSkippedChar
2021-11-19T10:23:43,653|[TRACE] graph - <----- statementPart
2021-11-19T10:23:43,653|[TRACE] graph - -----> statementPart
2021-11-19T10:23:43,653|[TRACE] graph - -------> nonSkippedChar
2021-11-19T10:23:43,653|[TRACE] script - #out(`B`) [token]
2021-11-19T10:23:43,653|[TRACE] graph - <------- nonSkippedChar
2021-11-19T10:23:43,653|[TRACE] graph - <----- statementPart
2021-11-19T10:23:43,653|[DEBUG] graph - Import statement : CREATE TABLE IF NOT EXISTS `bloodbank`.`contact` (   `person_id` INT NOT NULL,   `phone_id` INT NOT NULL,   `contact_type` VARCHAR(10) NOT NULL,   `email` VARCHAR(100) NULL,   `address_id` INT NULL,   `created` BIGINT NOT NULL DEFAULT (unix_timestamp(now()) * 1000),   `updated` BIGINT NOT NULL DEFAULT (unix_timestamp(now()) * 1000),   `version` INT NOT NULL DEFAULT 1,   PRIMARY KEY (`person_id`, `phone_id`),   INDEX `fk_contact_phone1_idx` (`phone_id` ASC) VISIBLE,   INDEX `fk_contact_person1_idx` (`person_id` ASC) VISIBLE,   CONSTRAINT `fk_contact_address1`     FOREIGN KEY (`address_id`)     REFERENCES `bloodbank`.`address` (`address_id`)     ON DELETE NO ACTION     ON UPDATE NO ACTION,   CONSTRAINT `fk_contact_phone1`     FOREIGN KEY (`phone_id`)     REFERENCES `bloodbank`.`phone` (`phone_id`)     ON DELETE NO ACTION     ON UPDATE NO ACTION,   CONSTRAINT `fk_contact_person1`     FOREIGN KEY (`person_id`)     REFERENCES `bloodbank`.`person` (`id`)     ON DELETE NO ACTION     ON UPDATE NO ACTION) ENGINE = InnoDB
2021-11-19T10:23:43,653|[TRACE] graph - <--- statement
2021-11-19T10:23:43,653|[TRACE] graph - ---> blankSpacesToSkip
2021-11-19T10:23:43,653|[TRACE] graph - -----> newLineToSkip
2021-11-19T10:23:43,653|[TRACE] graph - <----- newLineToSkip
2021-11-19T10:23:43,653|[TRACE] graph - -----> newLineToSkip
2021-11-19T10:23:43,653|[TRACE] graph - <----- newLineToSkip
2021-11-19T10:23:43,653|[TRACE] graph - -----> newLineToSkip
2021-11-19T10:23:43,653|[TRACE] graph - <----- newLineToSkip
2021-11-19T10:23:43,653|[TRACE] graph - <--- blankSpacesToSkip
2021-11-19T10:23:43,653|[TRACE] graph - ---> statement
2021-11-19T10:23:43,653|[TRACE] graph - -----> statementFirstPart
2021-11-19T10:23:43,653|[TRACE] graph - -------> nonSkippedChar
2021-11-19T10:23:43,653|[TRACE] script - #out(`S`) [token]
2021-11-19T10:23:43,653|[TRACE] graph - <------- nonSkippedChar
2021-11-19T10:23:43,653|[TRACE] graph - <----- statementFirstPart
2021-11-19T10:23:43,653|[TRACE] graph - -----> statementPart
2021-11-19T10:23:43,653|[TRACE] graph - -------> nonSkippedChar
2021-11-19T10:23:43,653|[TRACE] script - #out(`E`) [token]
2021-11-19T10:23:43,653|[TRACE] graph - <------- nonSkippedChar
2021-11-19T10:23:43,653|[TRACE] graph - <----- statementPart
2021-11-19T10:23:43,653|[TRACE] graph - -----> statementPart
2021-11-19T10:23:43,653|[TRACE] graph - -------> nonSkippedChar
2021-11-19T10:23:43,653|[TRACE] script - #out(`T`) [token]
2021-11-19T10:23:43,653|[TRACE] graph - <------- nonSkippedChar
2021-11-19T10:23:43,653|[TRACE] graph - <----- statementPart
2021-11-19T10:23:43,653|[TRACE] graph - -----> statementPart
2021-11-19T10:23:43,653|[TRACE] graph - -------> nonSkippedSpace
2021-11-19T10:23:43,653|[TRACE] script - #out(` `) [token]
2021-11-19T10:23:43,653|[TRACE] graph - <------- nonSkippedSpace
2021-11-19T10:23:43,653|[TRACE] graph - <----- statementPart
2021-11-19T10:23:43,653|[TRACE] graph - -----> statementPart
2021-11-19T10:23:43,654|[TRACE] graph - -------> nonSkippedChar
2021-11-19T10:23:43,654|[TRACE] script - #out(`S`) [token]
2021-11-19T10:23:43,654|[TRACE] graph - <------- nonSkippedChar
2021-11-19T10:23:43,654|[TRACE] graph - <----- statementPart
2021-11-19T10:23:43,654|[TRACE] graph - -----> statementPart
2021-11-19T10:23:43,654|[TRACE] graph - -------> nonSkippedChar
2021-11-19T10:23:43,654|[TRACE] script - #out(`Q`) [token]
2021-11-19T10:23:43,654|[TRACE] graph - <------- nonSkippedChar
2021-11-19T10:23:43,654|[TRACE] graph - <----- statementPart
2021-11-19T10:23:43,654|[TRACE] graph - -----> statementPart
2021-11-19T10:23:43,654|[TRACE] graph - -------> nonSkippedChar
2021-11-19T10:23:43,654|[TRACE] script - #out(`L`) [token]
2021-11-19T10:23:43,654|[TRACE] graph - <------- nonSkippedChar
2021-11-19T10:23:43,654|[TRACE] graph - <----- statementPart
2021-11-19T10:23:43,654|[TRACE] graph - -----> statementPart
2021-11-19T10:23:43,654|[TRACE] graph - -------> nonSkippedChar
2021-11-19T10:23:43,654|[TRACE] script - #out(`_`) [token]
2021-11-19T10:23:43,654|[TRACE] graph - <------- nonSkippedChar
2021-11-19T10:23:43,654|[TRACE] graph - <----- statementPart
2021-11-19T10:23:43,654|[TRACE] graph - -----> statementPart
2021-11-19T10:23:43,654|[TRACE] graph - -------> nonSkippedChar
2021-11-19T10:23:43,654|[TRACE] script - #out(`M`) [token]
2021-11-19T10:23:43,654|[TRACE] graph - <------- nonSkippedChar
2021-11-19T10:23:43,654|[TRACE] graph - <----- statementPart
2021-11-19T10:23:43,654|[TRACE] graph - -----> statementPart
2021-11-19T10:23:43,654|[TRACE] graph - -------> nonSkippedChar
2021-11-19T10:23:43,654|[TRACE] script - #out(`O`) [token]
2021-11-19T10:23:43,654|[TRACE] graph - <------- nonSkippedChar
2021-11-19T10:23:43,654|[TRACE] graph - <----- statementPart
2021-11-19T10:23:43,654|[TRACE] graph - -----> statementPart
2021-11-19T10:23:43,654|[TRACE] graph - -------> nonSkippedChar
2021-11-19T10:23:43,654|[TRACE] script - #out(`D`) [token]
2021-11-19T10:23:43,654|[TRACE] graph - <------- nonSkippedChar
2021-11-19T10:23:43,654|[TRACE] graph - <----- statementPart
2021-11-19T10:23:43,654|[TRACE] graph - -----> statementPart
2021-11-19T10:23:43,654|[TRACE] graph - -------> nonSkippedChar
2021-11-19T10:23:43,654|[TRACE] script - #out(`E`) [token]
2021-11-19T10:23:43,654|[TRACE] graph - <------- nonSkippedChar
2021-11-19T10:23:43,654|[TRACE] graph - <----- statementPart
2021-11-19T10:23:43,654|[TRACE] graph - -----> statementPart
2021-11-19T10:23:43,654|[TRACE] graph - -------> nonSkippedChar
2021-11-19T10:23:43,654|[TRACE] script - #out(`=`) [token]
2021-11-19T10:23:43,654|[TRACE] graph - <------- nonSkippedChar
2021-11-19T10:23:43,654|[TRACE] graph - <----- statementPart
2021-11-19T10:23:43,654|[TRACE] graph - -----> statementPart
2021-11-19T10:23:43,654|[TRACE] graph - -------> nonSkippedChar
2021-11-19T10:23:43,654|[TRACE] script - #out(`@`) [token]
2021-11-19T10:23:43,717|[TRACE] graph - <------- nonSkippedChar
2021-11-19T10:23:43,717|[TRACE] graph - <----- statementPart
2021-11-19T10:23:43,717|[TRACE] graph - -----> statementPart
2021-11-19T10:23:43,717|[TRACE] graph - -------> nonSkippedChar
2021-11-19T10:23:43,717|[TRACE] script - #out(`O`) [token]
2021-11-19T10:23:43,717|[TRACE] graph - <------- nonSkippedChar
2021-11-19T10:23:43,717|[TRACE] graph - <----- statementPart
2021-11-19T10:23:43,717|[TRACE] graph - -----> statementPart
2021-11-19T10:23:43,717|[TRACE] graph - -------> nonSkippedChar
2021-11-19T10:23:43,717|[TRACE] script - #out(`L`) [token]
2021-11-19T10:23:43,717|[TRACE] graph - <------- nonSkippedChar
2021-11-19T10:23:43,717|[TRACE] graph - <----- statementPart
2021-11-19T10:23:43,717|[TRACE] graph - -----> statementPart
2021-11-19T10:23:43,717|[TRACE] graph - -------> nonSkippedChar
2021-11-19T10:23:43,717|[TRACE] script - #out(`D`) [token]
2021-11-19T10:23:43,718|[TRACE] graph - <------- nonSkippedChar
2021-11-19T10:23:43,718|[TRACE] graph - <----- statementPart
2021-11-19T10:23:43,718|[TRACE] graph - -----> statementPart
2021-11-19T10:23:43,718|[TRACE] graph - -------> nonSkippedChar
2021-11-19T10:23:43,718|[TRACE] script - #out(`_`) [token]
2021-11-19T10:23:43,718|[TRACE] graph - <------- nonSkippedChar
2021-11-19T10:23:43,718|[TRACE] graph - <----- statementPart
2021-11-19T10:23:43,718|[TRACE] graph - -----> statementPart
2021-11-19T10:23:43,718|[TRACE] graph - -------> nonSkippedChar
2021-11-19T10:23:43,718|[TRACE] script - #out(`S`) [token]
2021-11-19T10:23:43,718|[TRACE] graph - <------- nonSkippedChar
2021-11-19T10:23:43,718|[TRACE] graph - <----- statementPart
2021-11-19T10:23:43,718|[TRACE] graph - -----> statementPart
2021-11-19T10:23:43,718|[TRACE] graph - -------> nonSkippedChar
2021-11-19T10:23:43,718|[TRACE] script - #out(`Q`) [token]
2021-11-19T10:23:43,718|[TRACE] graph - <------- nonSkippedChar
2021-11-19T10:23:43,718|[TRACE] graph - <----- statementPart
2021-11-19T10:23:43,718|[TRACE] graph - -----> statementPart
2021-11-19T10:23:43,718|[TRACE] graph - -------> nonSkippedChar
2021-11-19T10:23:43,718|[TRACE] script - #out(`L`) [token]
2021-11-19T10:23:43,718|[TRACE] graph - <------- nonSkippedChar
2021-11-19T10:23:43,718|[TRACE] graph - <----- statementPart
2021-11-19T10:23:43,718|[TRACE] graph - -----> statementPart
2021-11-19T10:23:43,718|[TRACE] graph - -------> nonSkippedChar
2021-11-19T10:23:43,718|[TRACE] script - #out(`_`) [token]
2021-11-19T10:23:43,718|[TRACE] graph - <------- nonSkippedChar
2021-11-19T10:23:43,718|[TRACE] graph - <----- statementPart
2021-11-19T10:23:43,718|[TRACE] graph - -----> statementPart
2021-11-19T10:23:43,718|[TRACE] graph - -------> nonSkippedChar
2021-11-19T10:23:43,718|[TRACE] script - #out(`M`) [token]
2021-11-19T10:23:43,718|[TRACE] graph - <------- nonSkippedChar
2021-11-19T10:23:43,718|[TRACE] graph - <----- statementPart
2021-11-19T10:23:43,718|[TRACE] graph - -----> statementPart
2021-11-19T10:23:43,718|[TRACE] graph - -------> nonSkippedChar
2021-11-19T10:23:43,718|[TRACE] script - #out(`O`) [token]
2021-11-19T10:23:43,718|[TRACE] graph - <------- nonSkippedChar
2021-11-19T10:23:43,718|[TRACE] graph - <----- statementPart
2021-11-19T10:23:43,718|[TRACE] graph - -----> statementPart
2021-11-19T10:23:43,718|[TRACE] graph - -------> nonSkippedChar
2021-11-19T10:23:43,718|[TRACE] script - #out(`D`) [token]
2021-11-19T10:23:43,718|[TRACE] graph - <------- nonSkippedChar
2021-11-19T10:23:43,718|[TRACE] graph - <----- statementPart
2021-11-19T10:23:43,718|[TRACE] graph - -----> statementPart
2021-11-19T10:23:43,718|[TRACE] graph - -------> nonSkippedChar
2021-11-19T10:23:43,718|[TRACE] script - #out(`E`) [token]
2021-11-19T10:23:43,718|[TRACE] graph - <------- nonSkippedChar
2021-11-19T10:23:43,718|[TRACE] graph - <----- statementPart
2021-11-19T10:23:43,718|[DEBUG] graph - Import statement : SET SQL_MODE=@OLD_SQL_MODE
2021-11-19T10:23:43,718|[TRACE] graph - <--- statement
2021-11-19T10:23:43,718|[TRACE] graph - ---> blankSpacesToSkip
2021-11-19T10:23:43,718|[TRACE] graph - -----> newLineToSkip
2021-11-19T10:23:43,718|[TRACE] graph - <----- newLineToSkip
2021-11-19T10:23:43,718|[TRACE] graph - <--- blankSpacesToSkip
2021-11-19T10:23:43,718|[TRACE] graph - ---> statement
2021-11-19T10:23:43,718|[TRACE] graph - -----> statementFirstPart
2021-11-19T10:23:43,718|[TRACE] graph - -------> nonSkippedChar
2021-11-19T10:23:43,718|[TRACE] script - #out(`S`) [token]
2021-11-19T10:23:43,718|[TRACE] graph - <------- nonSkippedChar
2021-11-19T10:23:43,718|[TRACE] graph - <----- statementFirstPart
2021-11-19T10:23:43,718|[TRACE] graph - -----> statementPart
2021-11-19T10:23:43,718|[TRACE] graph - -------> nonSkippedChar
2021-11-19T10:23:43,718|[TRACE] script - #out(`E`) [token]
2021-11-19T10:23:43,718|[TRACE] graph - <------- nonSkippedChar
2021-11-19T10:23:43,718|[TRACE] graph - <----- statementPart
2021-11-19T10:23:43,718|[TRACE] graph - -----> statementPart
2021-11-19T10:23:43,718|[TRACE] graph - -------> nonSkippedChar
2021-11-19T10:23:43,718|[TRACE] script - #out(`T`) [token]
2021-11-19T10:23:43,718|[TRACE] graph - <------- nonSkippedChar
2021-11-19T10:23:43,718|[TRACE] graph - <----- statementPart
2021-11-19T10:23:43,718|[TRACE] graph - -----> statementPart
2021-11-19T10:23:43,718|[TRACE] graph - -------> nonSkippedSpace
2021-11-19T10:23:43,718|[TRACE] script - #out(` `) [token]
2021-11-19T10:23:43,718|[TRACE] graph - <------- nonSkippedSpace
2021-11-19T10:23:43,718|[TRACE] graph - <----- statementPart
2021-11-19T10:23:43,718|[TRACE] graph - -----> statementPart
2021-11-19T10:23:43,718|[TRACE] graph - -------> nonSkippedChar
2021-11-19T10:23:43,718|[TRACE] script - #out(`F`) [token]
2021-11-19T10:23:43,718|[TRACE] graph - <------- nonSkippedChar
2021-11-19T10:23:43,718|[TRACE] graph - <----- statementPart
2021-11-19T10:23:43,718|[TRACE] graph - -----> statementPart
2021-11-19T10:23:43,718|[TRACE] graph - -------> nonSkippedChar
2021-11-19T10:23:43,718|[TRACE] script - #out(`O`) [token]
2021-11-19T10:23:43,718|[TRACE] graph - <------- nonSkippedChar
2021-11-19T10:23:43,718|[TRACE] graph - <----- statementPart
2021-11-19T10:23:43,718|[TRACE] graph - -----> statementPart
2021-11-19T10:23:43,718|[TRACE] graph - -------> nonSkippedChar
2021-11-19T10:23:43,718|[TRACE] script - #out(`R`) [token]
2021-11-19T10:23:43,718|[TRACE] graph - <------- nonSkippedChar
2021-11-19T10:23:43,718|[TRACE] graph - <----- statementPart
2021-11-19T10:23:43,718|[TRACE] graph - -----> statementPart
2021-11-19T10:23:43,718|[TRACE] graph - -------> nonSkippedChar
2021-11-19T10:23:43,718|[TRACE] script - #out(`E`) [token]
2021-11-19T10:23:43,718|[TRACE] graph - <------- nonSkippedChar
2021-11-19T10:23:43,718|[TRACE] graph - <----- statementPart
2021-11-19T10:23:43,718|[TRACE] graph - -----> statementPart
2021-11-19T10:23:43,718|[TRACE] graph - -------> nonSkippedChar
2021-11-19T10:23:43,718|[TRACE] script - #out(`I`) [token]
2021-11-19T10:23:43,718|[TRACE] graph - <------- nonSkippedChar
2021-11-19T10:23:43,718|[TRACE] graph - <----- statementPart
2021-11-19T10:23:43,718|[TRACE] graph - -----> statementPart
2021-11-19T10:23:43,718|[TRACE] graph - -------> nonSkippedChar
2021-11-19T10:23:43,718|[TRACE] script - #out(`G`) [token]
2021-11-19T10:23:43,718|[TRACE] graph - <------- nonSkippedChar
2021-11-19T10:23:43,718|[TRACE] graph - <----- statementPart
2021-11-19T10:23:43,718|[TRACE] graph - -----> statementPart
2021-11-19T10:23:43,719|[TRACE] graph - -------> nonSkippedChar
2021-11-19T10:23:43,719|[TRACE] script - #out(`N`) [token]
2021-11-19T10:23:43,719|[TRACE] graph - <------- nonSkippedChar
2021-11-19T10:23:43,719|[TRACE] graph - <----- statementPart
2021-11-19T10:23:43,719|[TRACE] graph - -----> statementPart
2021-11-19T10:23:43,719|[TRACE] graph - -------> nonSkippedChar
2021-11-19T10:23:43,719|[TRACE] script - #out(`_`) [token]
2021-11-19T10:23:43,719|[TRACE] graph - <------- nonSkippedChar
2021-11-19T10:23:43,719|[TRACE] graph - <----- statementPart
2021-11-19T10:23:43,719|[TRACE] graph - -----> statementPart
2021-11-19T10:23:43,719|[TRACE] graph - -------> nonSkippedChar
2021-11-19T10:23:43,719|[TRACE] script - #out(`K`) [token]
2021-11-19T10:23:43,719|[TRACE] graph - <------- nonSkippedChar
2021-11-19T10:23:43,719|[TRACE] graph - <----- statementPart
2021-11-19T10:23:43,719|[TRACE] graph - -----> statementPart
2021-11-19T10:23:43,719|[TRACE] graph - -------> nonSkippedChar
2021-11-19T10:23:43,719|[TRACE] script - #out(`E`) [token]
2021-11-19T10:23:43,719|[TRACE] graph - <------- nonSkippedChar
2021-11-19T10:23:43,719|[TRACE] graph - <----- statementPart
2021-11-19T10:23:43,719|[TRACE] graph - -----> statementPart
2021-11-19T10:23:43,719|[TRACE] graph - -------> nonSkippedChar
2021-11-19T10:23:43,719|[TRACE] script - #out(`Y`) [token]
2021-11-19T10:23:43,719|[TRACE] graph - <------- nonSkippedChar
2021-11-19T10:23:43,719|[TRACE] graph - <----- statementPart
2021-11-19T10:23:43,719|[TRACE] graph - -----> statementPart
2021-11-19T10:23:43,719|[TRACE] graph - -------> nonSkippedChar
2021-11-19T10:23:43,719|[TRACE] script - #out(`_`) [token]
2021-11-19T10:23:43,719|[TRACE] graph - <------- nonSkippedChar
2021-11-19T10:23:43,719|[TRACE] graph - <----- statementPart
2021-11-19T10:23:43,719|[TRACE] graph - -----> statementPart
2021-11-19T10:23:43,719|[TRACE] graph - -------> nonSkippedChar
2021-11-19T10:23:43,719|[TRACE] script - #out(`C`) [token]
2021-11-19T10:23:43,719|[TRACE] graph - <------- nonSkippedChar
2021-11-19T10:23:43,719|[TRACE] graph - <----- statementPart
2021-11-19T10:23:43,719|[TRACE] graph - -----> statementPart
2021-11-19T10:23:43,719|[TRACE] graph - -------> nonSkippedChar
2021-11-19T10:23:43,719|[TRACE] script - #out(`H`) [token]
2021-11-19T10:23:43,719|[TRACE] graph - <------- nonSkippedChar
2021-11-19T10:23:43,719|[TRACE] graph - <----- statementPart
2021-11-19T10:23:43,719|[TRACE] graph - -----> statementPart
2021-11-19T10:23:43,719|[TRACE] graph - -------> nonSkippedChar
2021-11-19T10:23:43,719|[TRACE] script - #out(`E`) [token]
2021-11-19T10:23:43,719|[TRACE] graph - <------- nonSkippedChar
2021-11-19T10:23:43,719|[TRACE] graph - <----- statementPart
2021-11-19T10:23:43,719|[TRACE] graph - -----> statementPart
2021-11-19T10:23:43,719|[TRACE] graph - -------> nonSkippedChar
2021-11-19T10:23:43,719|[TRACE] script - #out(`C`) [token]
2021-11-19T10:23:43,719|[TRACE] graph - <------- nonSkippedChar
2021-11-19T10:23:43,719|[TRACE] graph - <----- statementPart
2021-11-19T10:23:43,719|[TRACE] graph - -----> statementPart
2021-11-19T10:23:43,719|[TRACE] graph - -------> nonSkippedChar
2021-11-19T10:23:43,719|[TRACE] script - #out(`K`) [token]
2021-11-19T10:23:43,719|[TRACE] graph - <------- nonSkippedChar
2021-11-19T10:23:43,719|[TRACE] graph - <----- statementPart
2021-11-19T10:23:43,719|[TRACE] graph - -----> statementPart
2021-11-19T10:23:43,719|[TRACE] graph - -------> nonSkippedChar
2021-11-19T10:23:43,719|[TRACE] script - #out(`S`) [token]
2021-11-19T10:23:43,719|[TRACE] graph - <------- nonSkippedChar
2021-11-19T10:23:43,719|[TRACE] graph - <----- statementPart
2021-11-19T10:23:43,719|[TRACE] graph - -----> statementPart
2021-11-19T10:23:43,719|[TRACE] graph - -------> nonSkippedChar
2021-11-19T10:23:43,719|[TRACE] script - #out(`=`) [token]
2021-11-19T10:23:43,719|[TRACE] graph - <------- nonSkippedChar
2021-11-19T10:23:43,719|[TRACE] graph - <----- statementPart
2021-11-19T10:23:43,719|[TRACE] graph - -----> statementPart
2021-11-19T10:23:43,719|[TRACE] graph - -------> nonSkippedChar
2021-11-19T10:23:43,719|[TRACE] script - #out(`@`) [token]
2021-11-19T10:23:43,719|[TRACE] graph - <------- nonSkippedChar
2021-11-19T10:23:43,719|[TRACE] graph - <----- statementPart
2021-11-19T10:23:43,719|[TRACE] graph - -----> statementPart
2021-11-19T10:23:43,719|[TRACE] graph - -------> nonSkippedChar
2021-11-19T10:23:43,719|[TRACE] script - #out(`O`) [token]
2021-11-19T10:23:43,719|[TRACE] graph - <------- nonSkippedChar
2021-11-19T10:23:43,719|[TRACE] graph - <----- statementPart
2021-11-19T10:23:43,719|[TRACE] graph - -----> statementPart
2021-11-19T10:23:43,719|[TRACE] graph - -------> nonSkippedChar
2021-11-19T10:23:43,719|[TRACE] script - #out(`L`) [token]
2021-11-19T10:23:43,719|[TRACE] graph - <------- nonSkippedChar
2021-11-19T10:23:43,719|[TRACE] graph - <----- statementPart
2021-11-19T10:23:43,719|[TRACE] graph - -----> statementPart
2021-11-19T10:23:43,719|[TRACE] graph - -------> nonSkippedChar
2021-11-19T10:23:43,719|[TRACE] script - #out(`D`) [token]
2021-11-19T10:23:43,719|[TRACE] graph - <------- nonSkippedChar
2021-11-19T10:23:43,719|[TRACE] graph - <----- statementPart
2021-11-19T10:23:43,719|[TRACE] graph - -----> statementPart
2021-11-19T10:23:43,719|[TRACE] graph - -------> nonSkippedChar
2021-11-19T10:23:43,719|[TRACE] script - #out(`_`) [token]
2021-11-19T10:23:43,719|[TRACE] graph - <------- nonSkippedChar
2021-11-19T10:23:43,719|[TRACE] graph - <----- statementPart
2021-11-19T10:23:43,719|[TRACE] graph - -----> statementPart
2021-11-19T10:23:43,719|[TRACE] graph - -------> nonSkippedChar
2021-11-19T10:23:43,719|[TRACE] script - #out(`F`) [token]
2021-11-19T10:23:43,719|[TRACE] graph - <------- nonSkippedChar
2021-11-19T10:23:43,719|[TRACE] graph - <----- statementPart
2021-11-19T10:23:43,719|[TRACE] graph - -----> statementPart
2021-11-19T10:23:43,719|[TRACE] graph - -------> nonSkippedChar
2021-11-19T10:23:43,719|[TRACE] script - #out(`O`) [token]
2021-11-19T10:23:43,719|[TRACE] graph - <------- nonSkippedChar
2021-11-19T10:23:43,719|[TRACE] graph - <----- statementPart
2021-11-19T10:23:43,719|[TRACE] graph - -----> statementPart
2021-11-19T10:23:43,719|[TRACE] graph - -------> nonSkippedChar
2021-11-19T10:23:43,719|[TRACE] script - #out(`R`) [token]
2021-11-19T10:23:43,719|[TRACE] graph - <------- nonSkippedChar
2021-11-19T10:23:43,719|[TRACE] graph - <----- statementPart
2021-11-19T10:23:43,719|[TRACE] graph - -----> statementPart
2021-11-19T10:23:43,719|[TRACE] graph - -------> nonSkippedChar
2021-11-19T10:23:43,719|[TRACE] script - #out(`E`) [token]
2021-11-19T10:23:43,719|[TRACE] graph - <------- nonSkippedChar
2021-11-19T10:23:43,719|[TRACE] graph - <----- statementPart
2021-11-19T10:23:43,719|[TRACE] graph - -----> statementPart
2021-11-19T10:23:43,719|[TRACE] graph - -------> nonSkippedChar
2021-11-19T10:23:43,720|[TRACE] script - #out(`I`) [token]
2021-11-19T10:23:43,720|[TRACE] graph - <------- nonSkippedChar
2021-11-19T10:23:43,720|[TRACE] graph - <----- statementPart
2021-11-19T10:23:43,720|[TRACE] graph - -----> statementPart
2021-11-19T10:23:43,720|[TRACE] graph - -------> nonSkippedChar
2021-11-19T10:23:43,720|[TRACE] script - #out(`G`) [token]
2021-11-19T10:23:43,720|[TRACE] graph - <------- nonSkippedChar
2021-11-19T10:23:43,720|[TRACE] graph - <----- statementPart
2021-11-19T10:23:43,720|[TRACE] graph - -----> statementPart
2021-11-19T10:23:43,720|[TRACE] graph - -------> nonSkippedChar
2021-11-19T10:23:43,720|[TRACE] script - #out(`N`) [token]
2021-11-19T10:23:43,720|[TRACE] graph - <------- nonSkippedChar
2021-11-19T10:23:43,720|[TRACE] graph - <----- statementPart
2021-11-19T10:23:43,720|[TRACE] graph - -----> statementPart
2021-11-19T10:23:43,720|[TRACE] graph - -------> nonSkippedChar
2021-11-19T10:23:43,720|[TRACE] script - #out(`_`) [token]
2021-11-19T10:23:43,720|[TRACE] graph - <------- nonSkippedChar
2021-11-19T10:23:43,720|[TRACE] graph - <----- statementPart
2021-11-19T10:23:43,720|[TRACE] graph - -----> statementPart
2021-11-19T10:23:43,720|[TRACE] graph - -------> nonSkippedChar
2021-11-19T10:23:43,720|[TRACE] script - #out(`K`) [token]
2021-11-19T10:23:43,720|[TRACE] graph - <------- nonSkippedChar
2021-11-19T10:23:43,720|[TRACE] graph - <----- statementPart
2021-11-19T10:23:43,720|[TRACE] graph - -----> statementPart
2021-11-19T10:23:43,720|[TRACE] graph - -------> nonSkippedChar
2021-11-19T10:23:43,720|[TRACE] script - #out(`E`) [token]
2021-11-19T10:23:43,720|[TRACE] graph - <------- nonSkippedChar
2021-11-19T10:23:43,720|[TRACE] graph - <----- statementPart
2021-11-19T10:23:43,720|[TRACE] graph - -----> statementPart
2021-11-19T10:23:43,720|[TRACE] graph - -------> nonSkippedChar
2021-11-19T10:23:43,720|[TRACE] script - #out(`Y`) [token]
2021-11-19T10:23:43,720|[TRACE] graph - <------- nonSkippedChar
2021-11-19T10:23:43,720|[TRACE] graph - <----- statementPart
2021-11-19T10:23:43,720|[TRACE] graph - -----> statementPart
2021-11-19T10:23:43,720|[TRACE] graph - -------> nonSkippedChar
2021-11-19T10:23:43,720|[TRACE] script - #out(`_`) [token]
2021-11-19T10:23:43,720|[TRACE] graph - <------- nonSkippedChar
2021-11-19T10:23:43,720|[TRACE] graph - <----- statementPart
2021-11-19T10:23:43,720|[TRACE] graph - -----> statementPart
2021-11-19T10:23:43,720|[TRACE] graph - -------> nonSkippedChar
2021-11-19T10:23:43,720|[TRACE] script - #out(`C`) [token]
2021-11-19T10:23:43,720|[TRACE] graph - <------- nonSkippedChar
2021-11-19T10:23:43,720|[TRACE] graph - <----- statementPart
2021-11-19T10:23:43,720|[TRACE] graph - -----> statementPart
2021-11-19T10:23:43,720|[TRACE] graph - -------> nonSkippedChar
2021-11-19T10:23:43,720|[TRACE] script - #out(`H`) [token]
2021-11-19T10:23:43,720|[TRACE] graph - <------- nonSkippedChar
2021-11-19T10:23:43,720|[TRACE] graph - <----- statementPart
2021-11-19T10:23:43,720|[TRACE] graph - -----> statementPart
2021-11-19T10:23:43,720|[TRACE] graph - -------> nonSkippedChar
2021-11-19T10:23:43,720|[TRACE] script - #out(`E`) [token]
2021-11-19T10:23:43,720|[TRACE] graph - <------- nonSkippedChar
2021-11-19T10:23:43,720|[TRACE] graph - <----- statementPart
2021-11-19T10:23:43,720|[TRACE] graph - -----> statementPart
2021-11-19T10:23:43,720|[TRACE] graph - -------> nonSkippedChar
2021-11-19T10:23:43,720|[TRACE] script - #out(`C`) [token]
2021-11-19T10:23:43,720|[TRACE] graph - <------- nonSkippedChar
2021-11-19T10:23:43,720|[TRACE] graph - <----- statementPart
2021-11-19T10:23:43,720|[TRACE] graph - -----> statementPart
2021-11-19T10:23:43,720|[TRACE] graph - -------> nonSkippedChar
2021-11-19T10:23:43,720|[TRACE] script - #out(`K`) [token]
2021-11-19T10:23:43,720|[TRACE] graph - <------- nonSkippedChar
2021-11-19T10:23:43,720|[TRACE] graph - <----- statementPart
2021-11-19T10:23:43,720|[TRACE] graph - -----> statementPart
2021-11-19T10:23:43,720|[TRACE] graph - -------> nonSkippedChar
2021-11-19T10:23:43,720|[TRACE] script - #out(`S`) [token]
2021-11-19T10:23:43,720|[TRACE] graph - <------- nonSkippedChar
2021-11-19T10:23:43,720|[TRACE] graph - <----- statementPart
2021-11-19T10:23:43,720|[DEBUG] graph - Import statement : SET FOREIGN_KEY_CHECKS=@OLD_FOREIGN_KEY_CHECKS
2021-11-19T10:23:43,720|[TRACE] graph - <--- statement
2021-11-19T10:23:43,720|[TRACE] graph - ---> blankSpacesToSkip
2021-11-19T10:23:43,720|[TRACE] graph - -----> newLineToSkip
2021-11-19T10:23:43,720|[TRACE] graph - <----- newLineToSkip
2021-11-19T10:23:43,720|[TRACE] graph - <--- blankSpacesToSkip
2021-11-19T10:23:43,720|[TRACE] graph - ---> statement
2021-11-19T10:23:43,720|[TRACE] graph - -----> statementFirstPart
2021-11-19T10:23:43,720|[TRACE] graph - -------> nonSkippedChar
2021-11-19T10:23:43,720|[TRACE] script - #out(`S`) [token]
2021-11-19T10:23:43,720|[TRACE] graph - <------- nonSkippedChar
2021-11-19T10:23:43,720|[TRACE] graph - <----- statementFirstPart
2021-11-19T10:23:43,720|[TRACE] graph - -----> statementPart
2021-11-19T10:23:43,720|[TRACE] graph - -------> nonSkippedChar
2021-11-19T10:23:43,720|[TRACE] script - #out(`E`) [token]
2021-11-19T10:23:43,720|[TRACE] graph - <------- nonSkippedChar
2021-11-19T10:23:43,720|[TRACE] graph - <----- statementPart
2021-11-19T10:23:43,720|[TRACE] graph - -----> statementPart
2021-11-19T10:23:43,720|[TRACE] graph - -------> nonSkippedChar
2021-11-19T10:23:43,720|[TRACE] script - #out(`T`) [token]
2021-11-19T10:23:43,720|[TRACE] graph - <------- nonSkippedChar
2021-11-19T10:23:43,720|[TRACE] graph - <----- statementPart
2021-11-19T10:23:43,720|[TRACE] graph - -----> statementPart
2021-11-19T10:23:43,720|[TRACE] graph - -------> nonSkippedSpace
2021-11-19T10:23:43,720|[TRACE] script - #out(` `) [token]
2021-11-19T10:23:43,720|[TRACE] graph - <------- nonSkippedSpace
2021-11-19T10:23:43,720|[TRACE] graph - <----- statementPart
2021-11-19T10:23:43,720|[TRACE] graph - -----> statementPart
2021-11-19T10:23:43,720|[TRACE] graph - -------> nonSkippedChar
2021-11-19T10:23:43,720|[TRACE] script - #out(`U`) [token]
2021-11-19T10:23:43,720|[TRACE] graph - <------- nonSkippedChar
2021-11-19T10:23:43,720|[TRACE] graph - <----- statementPart
2021-11-19T10:23:43,720|[TRACE] graph - -----> statementPart
2021-11-19T10:23:43,720|[TRACE] graph - -------> nonSkippedChar
2021-11-19T10:23:43,720|[TRACE] script - #out(`N`) [token]
2021-11-19T10:23:43,720|[TRACE] graph - <------- nonSkippedChar
2021-11-19T10:23:43,720|[TRACE] graph - <----- statementPart
2021-11-19T10:23:43,720|[TRACE] graph - -----> statementPart
2021-11-19T10:23:43,720|[TRACE] graph - -------> nonSkippedChar
2021-11-19T10:23:43,720|[TRACE] script - #out(`I`) [token]
2021-11-19T10:23:43,721|[TRACE] graph - <------- nonSkippedChar
2021-11-19T10:23:43,721|[TRACE] graph - <----- statementPart
2021-11-19T10:23:43,721|[TRACE] graph - -----> statementPart
2021-11-19T10:23:43,721|[TRACE] graph - -------> nonSkippedChar
2021-11-19T10:23:43,721|[TRACE] script - #out(`Q`) [token]
2021-11-19T10:23:43,721|[TRACE] graph - <------- nonSkippedChar
2021-11-19T10:23:43,721|[TRACE] graph - <----- statementPart
2021-11-19T10:23:43,721|[TRACE] graph - -----> statementPart
2021-11-19T10:23:43,721|[TRACE] graph - -------> nonSkippedChar
2021-11-19T10:23:43,721|[TRACE] script - #out(`U`) [token]
2021-11-19T10:23:43,721|[TRACE] graph - <------- nonSkippedChar
2021-11-19T10:23:43,721|[TRACE] graph - <----- statementPart
2021-11-19T10:23:43,721|[TRACE] graph - -----> statementPart
2021-11-19T10:23:43,721|[TRACE] graph - -------> nonSkippedChar
2021-11-19T10:23:43,721|[TRACE] script - #out(`E`) [token]
2021-11-19T10:23:43,721|[TRACE] graph - <------- nonSkippedChar
2021-11-19T10:23:43,721|[TRACE] graph - <----- statementPart
2021-11-19T10:23:43,721|[TRACE] graph - -----> statementPart
2021-11-19T10:23:43,721|[TRACE] graph - -------> nonSkippedChar
2021-11-19T10:23:43,721|[TRACE] script - #out(`_`) [token]
2021-11-19T10:23:43,721|[TRACE] graph - <------- nonSkippedChar
2021-11-19T10:23:43,721|[TRACE] graph - <----- statementPart
2021-11-19T10:23:43,721|[TRACE] graph - -----> statementPart
2021-11-19T10:23:43,721|[TRACE] graph - -------> nonSkippedChar
2021-11-19T10:23:43,721|[TRACE] script - #out(`C`) [token]
2021-11-19T10:23:43,721|[TRACE] graph - <------- nonSkippedChar
2021-11-19T10:23:43,721|[TRACE] graph - <----- statementPart
2021-11-19T10:23:43,721|[TRACE] graph - -----> statementPart
2021-11-19T10:23:43,721|[TRACE] graph - -------> nonSkippedChar
2021-11-19T10:23:43,721|[TRACE] script - #out(`H`) [token]
2021-11-19T10:23:43,721|[TRACE] graph - <------- nonSkippedChar
2021-11-19T10:23:43,721|[TRACE] graph - <----- statementPart
2021-11-19T10:23:43,721|[TRACE] graph - -----> statementPart
2021-11-19T10:23:43,721|[TRACE] graph - -------> nonSkippedChar
2021-11-19T10:23:43,721|[TRACE] script - #out(`E`) [token]
2021-11-19T10:23:43,721|[TRACE] graph - <------- nonSkippedChar
2021-11-19T10:23:43,721|[TRACE] graph - <----- statementPart
2021-11-19T10:23:43,721|[TRACE] graph - -----> statementPart
2021-11-19T10:23:43,721|[TRACE] graph - -------> nonSkippedChar
2021-11-19T10:23:43,721|[TRACE] script - #out(`C`) [token]
2021-11-19T10:23:43,721|[TRACE] graph - <------- nonSkippedChar
2021-11-19T10:23:43,721|[TRACE] graph - <----- statementPart
2021-11-19T10:23:43,721|[TRACE] graph - -----> statementPart
2021-11-19T10:23:43,721|[TRACE] graph - -------> nonSkippedChar
2021-11-19T10:23:43,721|[TRACE] script - #out(`K`) [token]
2021-11-19T10:23:43,721|[TRACE] graph - <------- nonSkippedChar
2021-11-19T10:23:43,721|[TRACE] graph - <----- statementPart
2021-11-19T10:23:43,721|[TRACE] graph - -----> statementPart
2021-11-19T10:23:43,721|[TRACE] graph - -------> nonSkippedChar
2021-11-19T10:23:43,721|[TRACE] script - #out(`S`) [token]
2021-11-19T10:23:43,721|[TRACE] graph - <------- nonSkippedChar
2021-11-19T10:23:43,721|[TRACE] graph - <----- statementPart
2021-11-19T10:23:43,721|[TRACE] graph - -----> statementPart
2021-11-19T10:23:43,721|[TRACE] graph - -------> nonSkippedChar
2021-11-19T10:23:43,721|[TRACE] script - #out(`=`) [token]
2021-11-19T10:23:43,721|[TRACE] graph - <------- nonSkippedChar
2021-11-19T10:23:43,721|[TRACE] graph - <----- statementPart
2021-11-19T10:23:43,721|[TRACE] graph - -----> statementPart
2021-11-19T10:23:43,721|[TRACE] graph - -------> nonSkippedChar
2021-11-19T10:23:43,721|[TRACE] script - #out(`@`) [token]
2021-11-19T10:23:43,721|[TRACE] graph - <------- nonSkippedChar
2021-11-19T10:23:43,721|[TRACE] graph - <----- statementPart
2021-11-19T10:23:43,721|[TRACE] graph - -----> statementPart
2021-11-19T10:23:43,721|[TRACE] graph - -------> nonSkippedChar
2021-11-19T10:23:43,721|[TRACE] script - #out(`O`) [token]
2021-11-19T10:23:43,721|[TRACE] graph - <------- nonSkippedChar
2021-11-19T10:23:43,721|[TRACE] graph - <----- statementPart
2021-11-19T10:23:43,721|[TRACE] graph - -----> statementPart
2021-11-19T10:23:43,721|[TRACE] graph - -------> nonSkippedChar
2021-11-19T10:23:43,721|[TRACE] script - #out(`L`) [token]
2021-11-19T10:23:43,721|[TRACE] graph - <------- nonSkippedChar
2021-11-19T10:23:43,721|[TRACE] graph - <----- statementPart
2021-11-19T10:23:43,721|[TRACE] graph - -----> statementPart
2021-11-19T10:23:43,721|[TRACE] graph - -------> nonSkippedChar
2021-11-19T10:23:43,721|[TRACE] script - #out(`D`) [token]
2021-11-19T10:23:43,721|[TRACE] graph - <------- nonSkippedChar
2021-11-19T10:23:43,721|[TRACE] graph - <----- statementPart
2021-11-19T10:23:43,721|[TRACE] graph - -----> statementPart
2021-11-19T10:23:43,721|[TRACE] graph - -------> nonSkippedChar
2021-11-19T10:23:43,721|[TRACE] script - #out(`_`) [token]
2021-11-19T10:23:43,721|[TRACE] graph - <------- nonSkippedChar
2021-11-19T10:23:43,721|[TRACE] graph - <----- statementPart
2021-11-19T10:23:43,721|[TRACE] graph - -----> statementPart
2021-11-19T10:23:43,721|[TRACE] graph - -------> nonSkippedChar
2021-11-19T10:23:43,721|[TRACE] script - #out(`U`) [token]
2021-11-19T10:23:43,721|[TRACE] graph - <------- nonSkippedChar
2021-11-19T10:23:43,721|[TRACE] graph - <----- statementPart
2021-11-19T10:23:43,721|[TRACE] graph - -----> statementPart
2021-11-19T10:23:43,721|[TRACE] graph - -------> nonSkippedChar
2021-11-19T10:23:43,721|[TRACE] script - #out(`N`) [token]
2021-11-19T10:23:43,721|[TRACE] graph - <------- nonSkippedChar
2021-11-19T10:23:43,721|[TRACE] graph - <----- statementPart
2021-11-19T10:23:43,721|[TRACE] graph - -----> statementPart
2021-11-19T10:23:43,721|[TRACE] graph - -------> nonSkippedChar
2021-11-19T10:23:43,721|[TRACE] script - #out(`I`) [token]
2021-11-19T10:23:43,721|[TRACE] graph - <------- nonSkippedChar
2021-11-19T10:23:43,721|[TRACE] graph - <----- statementPart
2021-11-19T10:23:43,721|[TRACE] graph - -----> statementPart
2021-11-19T10:23:43,721|[TRACE] graph - -------> nonSkippedChar
2021-11-19T10:23:43,721|[TRACE] script - #out(`Q`) [token]
2021-11-19T10:23:43,721|[TRACE] graph - <------- nonSkippedChar
2021-11-19T10:23:43,721|[TRACE] graph - <----- statementPart
2021-11-19T10:23:43,721|[TRACE] graph - -----> statementPart
2021-11-19T10:23:43,721|[TRACE] graph - -------> nonSkippedChar
2021-11-19T10:23:43,721|[TRACE] script - #out(`U`) [token]
2021-11-19T10:23:43,721|[TRACE] graph - <------- nonSkippedChar
2021-11-19T10:23:43,721|[TRACE] graph - <----- statementPart
2021-11-19T10:23:43,721|[TRACE] graph - -----> statementPart
2021-11-19T10:23:43,721|[TRACE] graph - -------> nonSkippedChar
2021-11-19T10:23:43,721|[TRACE] script - #out(`E`) [token]
2021-11-19T10:23:43,721|[TRACE] graph - <------- nonSkippedChar
2021-11-19T10:23:43,722|[TRACE] graph - <----- statementPart
2021-11-19T10:23:43,722|[TRACE] graph - -----> statementPart
2021-11-19T10:23:43,722|[TRACE] graph - -------> nonSkippedChar
2021-11-19T10:23:43,722|[TRACE] script - #out(`_`) [token]
2021-11-19T10:23:43,722|[TRACE] graph - <------- nonSkippedChar
2021-11-19T10:23:43,722|[TRACE] graph - <----- statementPart
2021-11-19T10:23:43,722|[TRACE] graph - -----> statementPart
2021-11-19T10:23:43,722|[TRACE] graph - -------> nonSkippedChar
2021-11-19T10:23:43,722|[TRACE] script - #out(`C`) [token]
2021-11-19T10:23:43,722|[TRACE] graph - <------- nonSkippedChar
2021-11-19T10:23:43,722|[TRACE] graph - <----- statementPart
2021-11-19T10:23:43,722|[TRACE] graph - -----> statementPart
2021-11-19T10:23:43,722|[TRACE] graph - -------> nonSkippedChar
2021-11-19T10:23:43,722|[TRACE] script - #out(`H`) [token]
2021-11-19T10:23:43,786|[TRACE] graph - <------- nonSkippedChar
2021-11-19T10:23:43,786|[TRACE] graph - <----- statementPart
2021-11-19T10:23:43,786|[TRACE] graph - -----> statementPart
2021-11-19T10:23:43,786|[TRACE] graph - -------> nonSkippedChar
2021-11-19T10:23:43,786|[TRACE] script - #out(`E`) [token]
2021-11-19T10:23:43,786|[TRACE] graph - <------- nonSkippedChar
2021-11-19T10:23:43,786|[TRACE] graph - <----- statementPart
2021-11-19T10:23:43,786|[TRACE] graph - -----> statementPart
2021-11-19T10:23:43,786|[TRACE] graph - -------> nonSkippedChar
2021-11-19T10:23:43,786|[TRACE] script - #out(`C`) [token]
2021-11-19T10:23:43,786|[TRACE] graph - <------- nonSkippedChar
2021-11-19T10:23:43,786|[TRACE] graph - <----- statementPart
2021-11-19T10:23:43,786|[TRACE] graph - -----> statementPart
2021-11-19T10:23:43,786|[TRACE] graph - -------> nonSkippedChar
2021-11-19T10:23:43,786|[TRACE] script - #out(`K`) [token]
2021-11-19T10:23:43,786|[TRACE] graph - <------- nonSkippedChar
2021-11-19T10:23:43,786|[TRACE] graph - <----- statementPart
2021-11-19T10:23:43,786|[TRACE] graph - -----> statementPart
2021-11-19T10:23:43,786|[TRACE] graph - -------> nonSkippedChar
2021-11-19T10:23:43,786|[TRACE] script - #out(`S`) [token]
2021-11-19T10:23:43,786|[TRACE] graph - <------- nonSkippedChar
2021-11-19T10:23:43,786|[TRACE] graph - <----- statementPart
2021-11-19T10:23:43,786|[DEBUG] graph - Import statement : SET UNIQUE_CHECKS=@OLD_UNIQUE_CHECKS
2021-11-19T10:23:43,786|[TRACE] graph - <--- statement
2021-11-19T10:23:43,786|[TRACE] graph - ---> blankSpacesToSkip
2021-11-19T10:23:43,786|[TRACE] graph - -----> newLineToSkip
2021-11-19T10:23:43,786|[TRACE] graph - <----- newLineToSkip
2021-11-19T10:23:43,786|[TRACE] graph - <--- blankSpacesToSkip
2021-11-19T10:23:43,786|[TRACE] graph - <- script
2021-11-19T10:23:43,786|[DEBUG] SQL - 
    
    SET @OLD_UNIQUE_CHECKS=@@UNIQUE_CHECKS, UNIQUE_CHECKS=0
2021-11-19T10:23:43,787|[INFO ] access - HHH10001501: Connection obtained from JdbcConnectionAccess [org.hibernate.engine.jdbc.env.internal.JdbcEnvironmentInitiator$ConnectionProviderJdbcConnectionAccess@7f1ad846] for (non-JTA) DDL execution was not in auto-commit mode; the Connection 'local transaction' will be committed and the Connection will be set into auto-commit mode.
2021-11-19T10:23:43,788|[DEBUG] SQL - 
    
    SET @OLD_FOREIGN_KEY_CHECKS=@@FOREIGN_KEY_CHECKS, FOREIGN_KEY_CHECKS=0
2021-11-19T10:23:43,788|[DEBUG] SQL - 
    
    SET @OLD_SQL_MODE=@@SQL_MODE, SQL_MODE='ONLY_FULL_GROUP_BY,STRICT_TRANS_TABLES,NO_ZERO_IN_DATE,NO_ZERO_DATE,ERROR_FOR_DIVISION_BY_ZERO,NO_ENGINE_SUBSTITUTION'
2021-11-19T10:23:43,789|[DEBUG] SQL - CREATE SCHEMA IF NOT EXISTS `bloodbank` DEFAULT CHARACTER SET utf8mb4 COLLATE utf8mb4_0900_ai_ci
2021-11-19T10:23:43,795|[DEBUG] SQL - 
    
    USE `bloodbank`
2021-11-19T10:23:43,797|[DEBUG] SQL - 
    
    CREATE TABLE IF NOT EXISTS `bloodbank`.`person` (
          `id` INT NOT NULL AUTO_INCREMENT,
          `first_name` VARCHAR(50) NOT NULL,
          `last_name` VARCHAR(50) NOT NULL,
          `created` BIGINT NOT NULL DEFAULT (unix_timestamp(now()) * 1000),
          `updated` BIGINT NOT NULL DEFAULT (unix_timestamp(now()) * 1000),
          `version` INT NOT NULL DEFAULT '1',
          PRIMARY KEY (`id`)
    ) ENGINE = InnoDB DEFAULT CHARACTER SET = utf8mb4 COLLATE = utf8mb4_0900_ai_ci
2021-11-19T10:23:43,825|[DEBUG] SQL - 
    
    CREATE TABLE IF NOT EXISTS `bloodbank`.`blood_bank` (
          `bank_id` INT NOT NULL AUTO_INCREMENT,
          `name` VARCHAR(100) NOT NULL,
          `privately_owned` BIT(1) NOT NULL,
          `created` BIGINT NOT NULL DEFAULT (unix_timestamp(now()) * 1000),
          `updated` BIGINT NOT NULL DEFAULT (unix_timestamp(now()) * 1000),
          `version` INT NOT NULL DEFAULT 1,
          PRIMARY KEY (`bank_id`),
          UNIQUE INDEX `name_UNIQUE` (`name` ASC) VISIBLE
    ) ENGINE = InnoDB
2021-11-19T10:23:43,865|[DEBUG] SQL - 
    
    CREATE TABLE IF NOT EXISTS `bloodbank`.`blood_donation` (
          `donation_id` INT NOT NULL AUTO_INCREMENT,
          `bank_id` INT NOT NULL,
          `milliliters` INT NOT NULL,
          `blood_group` CHAR(2) NOT NULL,
          `rhd` BIT(1) NOT NULL,
          `created` BIGINT NOT NULL DEFAULT (unix_timestamp(now()) * 1000),
          `updated` BIGINT NOT NULL DEFAULT (unix_timestamp(now()) * 1000),
          `version` INT NOT NULL DEFAULT 1,
          PRIMARY KEY (`donation_id`),
          INDEX `fk_blood_donation_blood_bank1_idx` (`bank_id` ASC) VISIBLE,
          CONSTRAINT `fk_blood_donation_blood_bank1`     FOREIGN KEY (`bank_id`)     REFERENCES `bloodbank`.`blood_bank` (`bank_id`)     ON DELETE NO ACTION     ON UPDATE NO ACTION
    ) ENGINE = InnoDB
2021-11-19T10:23:43,907|[DEBUG] SQL - 
    
    CREATE TABLE IF NOT EXISTS `bloodbank`.`donation_record` (
          `record_id` INT NOT NULL AUTO_INCREMENT,
          `person_id` INT NOT NULL,
          `donation_id` INT NULL,
          `tested` BIT(1) NOT NULL,
          `created` BIGINT NOT NULL DEFAULT (unix_timestamp(now()) * 1000),
          `updated` BIGINT NOT NULL DEFAULT (unix_timestamp(now()) * 1000),
          `version` INT NOT NULL DEFAULT 1,
          INDEX `fk_donation_record_person1_idx` (`person_id` ASC) VISIBLE,
          INDEX `fk_donation_record_blood_donation1_idx` (`donation_id` ASC) VISIBLE,
          UNIQUE INDEX `record_id_UNIQUE` (`record_id` ASC) VISIBLE,
          PRIMARY KEY (`record_id`),
          CONSTRAINT `fk_donation_record_person1`     FOREIGN KEY (`person_id`)     REFERENCES `bloodbank`.`person` (`id`)     ON DELETE NO ACTION     ON UPDATE NO ACTION,
          CONSTRAINT `fk_donation_record_blood_donation1`     FOREIGN KEY (`donation_id`)     REFERENCES `bloodbank`.`blood_donation` (`donation_id`)     ON DELETE NO ACTION     ON UPDATE NO ACTION
    ) ENGINE = InnoDB
2021-11-19T10:23:43,946|[DEBUG] SQL - 
    
    CREATE TABLE IF NOT EXISTS `bloodbank`.`address` (
          `address_id` INT NOT NULL AUTO_INCREMENT,
          `street_number` VARCHAR(10) NOT NULL,
          `street` VARCHAR(100) NOT NULL,
          `city` VARCHAR(100) NOT NULL,
          `province` VARCHAR(100) NOT NULL,
          `country` VARCHAR(100) NOT NULL,
          `zipcode` VARCHAR(100) NOT NULL,
          `created` BIGINT NOT NULL DEFAULT (unix_timestamp(now()) * 1000),
          `updated` BIGINT NOT NULL DEFAULT (unix_timestamp(now()) * 1000),
          `version` INT NOT NULL DEFAULT 1,
          PRIMARY KEY (`address_id`)
    ) ENGINE = InnoDB
2021-11-19T10:23:43,967|[DEBUG] SQL - 
    
    CREATE TABLE IF NOT EXISTS `bloodbank`.`phone` (
          `phone_id` INT NOT NULL AUTO_INCREMENT,
          `country_code` VARCHAR(10) NOT NULL DEFAULT '1',
          `area_code` VARCHAR(10) NOT NULL,
          `number` VARCHAR(10) NOT NULL,
          `created` BIGINT NOT NULL DEFAULT (unix_timestamp(now()) * 1000),
          `updated` BIGINT NOT NULL DEFAULT (unix_timestamp(now()) * 1000),
          `version` INT NOT NULL DEFAULT 1,
          PRIMARY KEY (`phone_id`)
    ) ENGINE = InnoDB
2021-11-19T10:23:43,991|[DEBUG] SQL - 
    
    CREATE TABLE IF NOT EXISTS `bloodbank`.`contact` (
          `person_id` INT NOT NULL,
          `phone_id` INT NOT NULL,
          `contact_type` VARCHAR(10) NOT NULL,
          `email` VARCHAR(100) NULL,
          `address_id` INT NULL,
          `created` BIGINT NOT NULL DEFAULT (unix_timestamp(now()) * 1000),
          `updated` BIGINT NOT NULL DEFAULT (unix_timestamp(now()) * 1000),
          `version` INT NOT NULL DEFAULT 1,
          PRIMARY KEY (`person_id`, `phone_id`),
          INDEX `fk_contact_phone1_idx` (`phone_id` ASC) VISIBLE,
          INDEX `fk_contact_person1_idx` (`person_id` ASC) VISIBLE,
          CONSTRAINT `fk_contact_address1`     FOREIGN KEY (`address_id`)     REFERENCES `bloodbank`.`address` (`address_id`)     ON DELETE NO ACTION     ON UPDATE NO ACTION,
          CONSTRAINT `fk_contact_phone1`     FOREIGN KEY (`phone_id`)     REFERENCES `bloodbank`.`phone` (`phone_id`)     ON DELETE NO ACTION     ON UPDATE NO ACTION,
          CONSTRAINT `fk_contact_person1`     FOREIGN KEY (`person_id`)     REFERENCES `bloodbank`.`person` (`id`)     ON DELETE NO ACTION     ON UPDATE NO ACTION
    ) ENGINE = InnoDB
2021-11-19T10:23:44,034|[DEBUG] SQL - 
    
    SET SQL_MODE=@OLD_SQL_MODE
2021-11-19T10:23:44,035|[DEBUG] SQL - 
    
    SET FOREIGN_KEY_CHECKS=@OLD_FOREIGN_KEY_CHECKS
2021-11-19T10:23:44,036|[DEBUG] SQL - 
    
    SET UNIQUE_CHECKS=@OLD_UNIQUE_CHECKS
2021-11-19T10:23:44,037|[TRACE] AbstractServiceRegistryImpl - Initializing service [role=org.hibernate.engine.transaction.jta.platform.spi.JtaPlatform]
2021-11-19T10:23:44,037|[DEBUG] JtaPlatformInitiator - No JtaPlatform was specified, checking resolver
2021-11-19T10:23:44,037|[TRACE] AbstractServiceRegistryImpl - Initializing service [role=org.hibernate.engine.transaction.jta.platform.spi.JtaPlatformResolver]
2021-11-19T10:23:44,037|[DEBUG] JtaPlatformResolverInitiator - No JtaPlatformResolver was specified, using default [org.hibernate.engine.transaction.jta.platform.internal.StandardJtaPlatformResolver]
2021-11-19T10:23:44,039|[DEBUG] StandardJtaPlatformResolver - Could not resolve JtaPlatform, using default [org.hibernate.engine.transaction.jta.platform.internal.NoJtaPlatform]
2021-11-19T10:23:44,039|[INFO ] JtaPlatformInitiator - HHH000490: Using JtaPlatform implementation: [org.hibernate.engine.transaction.jta.platform.internal.NoJtaPlatform]
2021-11-19T10:23:44,039|[DEBUG] NamedQueryRepository - Checking 2 named HQL queries
2021-11-19T10:23:44,039|[DEBUG] NamedQueryRepository - Checking named query: Contact.findAll
2021-11-19T10:23:44,039|[TRACE] AbstractServiceRegistryImpl - Initializing service [role=org.hibernate.stat.spi.StatisticsImplementor]
2021-11-19T10:23:44,039|[DEBUG] StatisticsInitiator - Statistics initialized [enabled=false]
2021-11-19T10:23:44,039|[TRACE] AbstractServiceRegistryImpl - Initializing service [role=org.hibernate.jmx.spi.JmxService]
2021-11-19T10:23:44,039|[TRACE] QueryPlanCache - Unable to locate HQL query plan in cache; generating (SELECT c FROM Contact c)
2021-11-19T10:23:44,039|[TRACE] AbstractServiceRegistryImpl - Initializing service [role=org.hibernate.hql.spi.QueryTranslatorFactory]
2021-11-19T10:23:44,039|[DEBUG] QueryTranslatorFactoryInitiator - QueryTranslatorFactory: org.hibernate.hql.internal.ast.ASTQueryTranslatorFactory@38a96593
2021-11-19T10:23:44,039|[DEBUG] QueryTranslatorImpl - parse() - HQL: SELECT c FROM bloodbank.entity.Contact c
2021-11-19T10:23:44,039|[TRACE] HqlParser - -> statement
2021-11-19T10:23:44,039|[TRACE] HqlParser - ---> selectStatement
2021-11-19T10:23:44,039|[TRACE] HqlParser - -----> queryRule
2021-11-19T10:23:44,039|[TRACE] HqlParser - -------> selectFrom
2021-11-19T10:23:44,039|[TRACE] HqlParser - ---------> selectClause
2021-11-19T10:23:44,039|[TRACE] HqlParser - -----------> selectedPropertiesList
2021-11-19T10:23:44,039|[TRACE] HqlParser - -------------> aliasedExpression
2021-11-19T10:23:44,039|[TRACE] HqlParser - ---------------> expression
2021-11-19T10:23:44,039|[TRACE] HqlParser - -----------------> logicalOrExpression
2021-11-19T10:23:44,039|[TRACE] HqlParser - -------------------> logicalAndExpression
2021-11-19T10:23:44,039|[TRACE] HqlParser - ---------------------> negatedExpression
2021-11-19T10:23:44,039|[TRACE] HqlParser - -----------------------> equalityExpression
2021-11-19T10:23:44,039|[TRACE] HqlParser - -------------------------> relationalExpression
2021-11-19T10:23:44,039|[TRACE] HqlParser - ---------------------------> concatenation
2021-11-19T10:23:44,039|[TRACE] HqlParser - -----------------------------> additiveExpression
2021-11-19T10:23:44,039|[TRACE] HqlParser - -------------------------------> multiplyExpression
2021-11-19T10:23:44,039|[TRACE] HqlParser - ---------------------------------> unaryExpression
2021-11-19T10:23:44,039|[TRACE] HqlParser - -----------------------------------> atom
2021-11-19T10:23:44,039|[TRACE] HqlParser - -------------------------------------> primaryExpression
2021-11-19T10:23:44,039|[TRACE] HqlParser - ---------------------------------------> identPrimary
2021-11-19T10:23:44,039|[TRACE] HqlParser - -----------------------------------------> identPrimaryBase
2021-11-19T10:23:44,039|[TRACE] HqlParser - -------------------------------------------> identifier
2021-11-19T10:23:44,039|[TRACE] HqlParser - <------------------------------------------- identifier
2021-11-19T10:23:44,039|[TRACE] HqlParser - <----------------------------------------- identPrimaryBase
2021-11-19T10:23:44,039|[TRACE] HqlParser - <--------------------------------------- identPrimary
2021-11-19T10:23:44,039|[TRACE] HqlParser - <------------------------------------- primaryExpression
2021-11-19T10:23:44,039|[TRACE] HqlParser - <----------------------------------- atom
2021-11-19T10:23:44,039|[TRACE] HqlParser - <--------------------------------- unaryExpression
2021-11-19T10:23:44,039|[TRACE] HqlParser - <------------------------------- multiplyExpression
2021-11-19T10:23:44,039|[TRACE] HqlParser - <----------------------------- additiveExpression
2021-11-19T10:23:44,039|[TRACE] HqlParser - <--------------------------- concatenation
2021-11-19T10:23:44,039|[TRACE] HqlParser - <------------------------- relationalExpression
2021-11-19T10:23:44,039|[TRACE] HqlParser - <----------------------- equalityExpression
2021-11-19T10:23:44,039|[TRACE] HqlParser - <--------------------- negatedExpression
2021-11-19T10:23:44,039|[TRACE] HqlParser - <------------------- logicalAndExpression
2021-11-19T10:23:44,039|[TRACE] HqlParser - <----------------- logicalOrExpression
2021-11-19T10:23:44,039|[TRACE] HqlParser - <--------------- expression
2021-11-19T10:23:44,039|[TRACE] HqlParser - <------------- aliasedExpression
2021-11-19T10:23:44,039|[TRACE] HqlParser - <----------- selectedPropertiesList
2021-11-19T10:23:44,039|[TRACE] HqlParser - <--------- selectClause
2021-11-19T10:23:44,039|[TRACE] HqlParser - ---------> fromClause
2021-11-19T10:23:44,039|[TRACE] HqlParser - -----------> fromRange
2021-11-19T10:23:44,039|[TRACE] HqlParser - -------------> fromClassOrOuterQueryPath
2021-11-19T10:23:44,039|[TRACE] HqlParser - ---------------> path
2021-11-19T10:23:44,039|[TRACE] HqlParser - -----------------> identifier
2021-11-19T10:23:44,039|[TRACE] HqlParser - <----------------- identifier
2021-11-19T10:23:44,039|[TRACE] HqlParser - -----------------> identifier
2021-11-19T10:23:44,039|[TRACE] HqlParser - <----------------- identifier
2021-11-19T10:23:44,039|[TRACE] HqlParser - -----------------> identifier
2021-11-19T10:23:44,039|[TRACE] HqlParser - <----------------- identifier
2021-11-19T10:23:44,039|[TRACE] HqlParser - <--------------- path
2021-11-19T10:23:44,039|[TRACE] HqlParser - ---------------> asAlias
2021-11-19T10:23:44,039|[TRACE] HqlParser - -----------------> alias
2021-11-19T10:23:44,039|[TRACE] HqlParser - -------------------> identifier
2021-11-19T10:23:44,039|[TRACE] HqlParser - <------------------- identifier
2021-11-19T10:23:44,039|[TRACE] HqlParser - <----------------- alias
2021-11-19T10:23:44,039|[TRACE] HqlParser - <--------------- asAlias
2021-11-19T10:23:44,039|[TRACE] HqlParser - <------------- fromClassOrOuterQueryPath
2021-11-19T10:23:44,039|[TRACE] HqlParser - <----------- fromRange
2021-11-19T10:23:44,039|[TRACE] HqlParser - <--------- fromClause
2021-11-19T10:23:44,039|[TRACE] HqlParser - <------- selectFrom
2021-11-19T10:23:44,039|[TRACE] HqlParser - <----- queryRule
2021-11-19T10:23:44,039|[TRACE] HqlParser - <--- selectStatement
2021-11-19T10:23:44,039|[TRACE] HqlParser - <- statement
2021-11-19T10:23:44,039|[DEBUG] ErrorTracker - throwQueryException() : no errors
2021-11-19T10:23:44,039|[DEBUG] QueryTranslatorImpl - --- HQL AST ---
 \-[QUERY] Node: 'query'
    \-[SELECT_FROM] Node: 'SELECT_FROM'
       +-[FROM] Node: 'FROM'
       |  \-[RANGE] Node: 'RANGE'
       |     +-[DOT] Node: '.'
       |     |  +-[DOT] Node: '.'
       |     |  |  +-[IDENT] Node: 'bloodbank'
       |     |  |  \-[IDENT] Node: 'entity'
       |     |  \-[IDENT] Node: 'Contact'
       |     \-[ALIAS] Node: 'c'
       \-[SELECT] Node: 'SELECT'
          \-[IDENT] Node: 'c'

2021-11-19T10:23:44,039|[DEBUG] HqlSqlBaseWalker - select << begin [level=1, statement=select]
2021-11-19T10:23:44,039|[DEBUG] FromElement - FromClause{level=1} : bloodbank.entity.Contact (c) -> contact0_
2021-11-19T10:23:44,040|[DEBUG] FromReferenceNode - Resolved : c -> contact0_.person_id, contact0_.phone_id
2021-11-19T10:23:44,040|[DEBUG] HqlSqlBaseWalker - select : finishing up [level=1, statement=select]
2021-11-19T10:23:44,040|[DEBUG] HqlSqlWalker - processQuery() :  ( SELECT ( {select clause} contact0_.person_id, contact0_.phone_id ) ( FromClause{level=1} contact contact0_ ) )
2021-11-19T10:23:44,040|[DEBUG] JoinProcessor - Tables referenced from query nodes:
 \-QueryNode
    +-SelectClause
    | referencedTables(entity Contact): [contact]
    |  +-IdentNode
    |  | persister: SingleTableEntityPersister(bloodbank.entity.Contact)
    |  | originalText: c
    |  \-SqlFragment
    \-FromClause
       \-FromElement

2021-11-19T10:23:44,040|[DEBUG] JoinProcessor - Using FROM fragment [contact contact0_]
2021-11-19T10:23:44,040|[DEBUG] HqlSqlBaseWalker - select >> end [level=1, statement=select]
2021-11-19T10:23:44,040|[DEBUG] QueryTranslatorImpl - --- SQL AST ---
 \-[SELECT] QueryNode: 'SELECT'  querySpaces (contact)
    +-[SELECT_CLAUSE] SelectClause: '{select clause}'
    |  +-[ALIAS_REF] IdentNode: 'contact0_.person_id as person_i1_3_, contact0_.phone_id as phone_id2_3_' {alias=c, className=bloodbank.entity.Contact, tableAlias=contact0_}
    |  \-[SQL_TOKEN] SqlFragment: 'contact0_.created as created3_3_, contact0_.updated as updated4_3_, contact0_.version as version5_3_, contact0_.address_id as address_8_3_, contact0_.contact_type as contact_6_3_, contact0_.email as email7_3_'
    \-[FROM] FromClause: 'FROM' FromClause{level=1, fromElementCounter=1, fromElements=1, fromElementByClassAlias=[c], fromElementByTableAlias=[contact0_], fromElementsByPath=[], collectionJoinFromElementsByPath=[], impliedElements=[]}
       \-[FROM_FRAGMENT] FromElement: 'contact contact0_' FromElement{explicit,not a collection join,not a fetch join,fetch non-lazy properties,classAlias=c,role=null,tableName=contact,tableAlias=contact0_,origin=null,columns={,className=bloodbank.entity.Contact}}

2021-11-19T10:23:44,040|[DEBUG] ErrorTracker - throwQueryException() : no errors
2021-11-19T10:23:44,040|[DEBUG] QueryTranslatorImpl - HQL: SELECT c FROM bloodbank.entity.Contact c
2021-11-19T10:23:44,040|[DEBUG] QueryTranslatorImpl - SQL: select contact0_.person_id as person_i1_3_, contact0_.phone_id as phone_id2_3_, contact0_.created as created3_3_, contact0_.updated as updated4_3_, contact0_.version as version5_3_, contact0_.address_id as address_8_3_, contact0_.contact_type as contact_6_3_, contact0_.email as email7_3_ from contact contact0_
2021-11-19T10:23:44,040|[DEBUG] ErrorTracker - throwQueryException() : no errors
2021-11-19T10:23:44,040|[DEBUG] NamedQueryRepository - Checking named query: Address.findAll
2021-11-19T10:23:44,040|[TRACE] QueryPlanCache - Unable to locate HQL query plan in cache; generating (SELECT a FROM Address a)
2021-11-19T10:23:44,040|[DEBUG] QueryTranslatorImpl - parse() - HQL: SELECT a FROM bloodbank.entity.Address a
2021-11-19T10:23:44,040|[TRACE] HqlParser - -> statement
2021-11-19T10:23:44,040|[TRACE] HqlParser - ---> selectStatement
2021-11-19T10:23:44,040|[TRACE] HqlParser - -----> queryRule
2021-11-19T10:23:44,040|[TRACE] HqlParser - -------> selectFrom
2021-11-19T10:23:44,040|[TRACE] HqlParser - ---------> selectClause
2021-11-19T10:23:44,040|[TRACE] HqlParser - -----------> selectedPropertiesList
2021-11-19T10:23:44,040|[TRACE] HqlParser - -------------> aliasedExpression
2021-11-19T10:23:44,040|[TRACE] HqlParser - ---------------> expression
2021-11-19T10:23:44,040|[TRACE] HqlParser - -----------------> logicalOrExpression
2021-11-19T10:23:44,040|[TRACE] HqlParser - -------------------> logicalAndExpression
2021-11-19T10:23:44,040|[TRACE] HqlParser - ---------------------> negatedExpression
2021-11-19T10:23:44,040|[TRACE] HqlParser - -----------------------> equalityExpression
2021-11-19T10:23:44,040|[TRACE] HqlParser - -------------------------> relationalExpression
2021-11-19T10:23:44,040|[TRACE] HqlParser - ---------------------------> concatenation
2021-11-19T10:23:44,040|[TRACE] HqlParser - -----------------------------> additiveExpression
2021-11-19T10:23:44,040|[TRACE] HqlParser - -------------------------------> multiplyExpression
2021-11-19T10:23:44,040|[TRACE] HqlParser - ---------------------------------> unaryExpression
2021-11-19T10:23:44,040|[TRACE] HqlParser - -----------------------------------> atom
2021-11-19T10:23:44,040|[TRACE] HqlParser - -------------------------------------> primaryExpression
2021-11-19T10:23:44,040|[TRACE] HqlParser - ---------------------------------------> identPrimary
2021-11-19T10:23:44,040|[TRACE] HqlParser - -----------------------------------------> identPrimaryBase
2021-11-19T10:23:44,040|[TRACE] HqlParser - -------------------------------------------> identifier
2021-11-19T10:23:44,040|[TRACE] HqlParser - <------------------------------------------- identifier
2021-11-19T10:23:44,040|[TRACE] HqlParser - <----------------------------------------- identPrimaryBase
2021-11-19T10:23:44,045|[TRACE] HqlParser - <--------------------------------------- identPrimary
2021-11-19T10:23:44,045|[TRACE] HqlParser - <------------------------------------- primaryExpression
2021-11-19T10:23:44,045|[TRACE] HqlParser - <----------------------------------- atom
2021-11-19T10:23:44,045|[TRACE] HqlParser - <--------------------------------- unaryExpression
2021-11-19T10:23:44,045|[TRACE] HqlParser - <------------------------------- multiplyExpression
2021-11-19T10:23:44,045|[TRACE] HqlParser - <----------------------------- additiveExpression
2021-11-19T10:23:44,045|[TRACE] HqlParser - <--------------------------- concatenation
2021-11-19T10:23:44,045|[TRACE] HqlParser - <------------------------- relationalExpression
2021-11-19T10:23:44,045|[TRACE] HqlParser - <----------------------- equalityExpression
2021-11-19T10:23:44,045|[TRACE] HqlParser - <--------------------- negatedExpression
2021-11-19T10:23:44,045|[TRACE] HqlParser - <------------------- logicalAndExpression
2021-11-19T10:23:44,045|[TRACE] HqlParser - <----------------- logicalOrExpression
2021-11-19T10:23:44,045|[TRACE] HqlParser - <--------------- expression
2021-11-19T10:23:44,045|[TRACE] HqlParser - <------------- aliasedExpression
2021-11-19T10:23:44,045|[TRACE] HqlParser - <----------- selectedPropertiesList
2021-11-19T10:23:44,045|[TRACE] HqlParser - <--------- selectClause
2021-11-19T10:23:44,045|[TRACE] HqlParser - ---------> fromClause
2021-11-19T10:23:44,045|[TRACE] HqlParser - -----------> fromRange
2021-11-19T10:23:44,045|[TRACE] HqlParser - -------------> fromClassOrOuterQueryPath
2021-11-19T10:23:44,045|[TRACE] HqlParser - ---------------> path
2021-11-19T10:23:44,045|[TRACE] HqlParser - -----------------> identifier
2021-11-19T10:23:44,045|[TRACE] HqlParser - <----------------- identifier
2021-11-19T10:23:44,045|[TRACE] HqlParser - -----------------> identifier
2021-11-19T10:23:44,045|[TRACE] HqlParser - <----------------- identifier
2021-11-19T10:23:44,046|[TRACE] HqlParser - -----------------> identifier
2021-11-19T10:23:44,046|[TRACE] HqlParser - <----------------- identifier
2021-11-19T10:23:44,046|[TRACE] HqlParser - <--------------- path
2021-11-19T10:23:44,046|[TRACE] HqlParser - ---------------> asAlias
2021-11-19T10:23:44,046|[TRACE] HqlParser - -----------------> alias
2021-11-19T10:23:44,046|[TRACE] HqlParser - -------------------> identifier
2021-11-19T10:23:44,046|[TRACE] HqlParser - <------------------- identifier
2021-11-19T10:23:44,046|[TRACE] HqlParser - <----------------- alias
2021-11-19T10:23:44,046|[TRACE] HqlParser - <--------------- asAlias
2021-11-19T10:23:44,046|[TRACE] HqlParser - <------------- fromClassOrOuterQueryPath
2021-11-19T10:23:44,046|[TRACE] HqlParser - <----------- fromRange
2021-11-19T10:23:44,046|[TRACE] HqlParser - <--------- fromClause
2021-11-19T10:23:44,046|[TRACE] HqlParser - <------- selectFrom
2021-11-19T10:23:44,046|[TRACE] HqlParser - <----- queryRule
2021-11-19T10:23:44,046|[TRACE] HqlParser - <--- selectStatement
2021-11-19T10:23:44,046|[TRACE] HqlParser - <- statement
2021-11-19T10:23:44,046|[DEBUG] ErrorTracker - throwQueryException() : no errors
2021-11-19T10:23:44,046|[DEBUG] QueryTranslatorImpl - --- HQL AST ---
 \-[QUERY] Node: 'query'
    \-[SELECT_FROM] Node: 'SELECT_FROM'
       +-[FROM] Node: 'FROM'
       |  \-[RANGE] Node: 'RANGE'
       |     +-[DOT] Node: '.'
       |     |  +-[DOT] Node: '.'
       |     |  |  +-[IDENT] Node: 'bloodbank'
       |     |  |  \-[IDENT] Node: 'entity'
       |     |  \-[IDENT] Node: 'Address'
       |     \-[ALIAS] Node: 'a'
       \-[SELECT] Node: 'SELECT'
          \-[IDENT] Node: 'a'

2021-11-19T10:23:44,046|[DEBUG] HqlSqlBaseWalker - select << begin [level=1, statement=select]
2021-11-19T10:23:44,046|[DEBUG] FromElement - FromClause{level=1} : bloodbank.entity.Address (a) -> address0_
2021-11-19T10:23:44,046|[DEBUG] FromReferenceNode - Resolved : a -> address0_.address_id
2021-11-19T10:23:44,046|[DEBUG] HqlSqlBaseWalker - select : finishing up [level=1, statement=select]
2021-11-19T10:23:44,047|[DEBUG] HqlSqlWalker - processQuery() :  ( SELECT ( {select clause} address0_.address_id ) ( FromClause{level=1} address address0_ ) )
2021-11-19T10:23:44,047|[DEBUG] JoinProcessor - Tables referenced from query nodes:
 \-QueryNode
    +-SelectClause
    | referencedTables(entity Address): [address]
    |  +-IdentNode
    |  | persister: SingleTableEntityPersister(bloodbank.entity.Address)
    |  | originalText: a
    |  \-SqlFragment
    \-FromClause
       \-FromElement

2021-11-19T10:23:44,047|[DEBUG] JoinProcessor - Using FROM fragment [address address0_]
2021-11-19T10:23:44,047|[DEBUG] HqlSqlBaseWalker - select >> end [level=1, statement=select]
2021-11-19T10:23:44,047|[DEBUG] QueryTranslatorImpl - --- SQL AST ---
 \-[SELECT] QueryNode: 'SELECT'  querySpaces (address)
    +-[SELECT_CLAUSE] SelectClause: '{select clause}'
    |  +-[ALIAS_REF] IdentNode: 'address0_.address_id as address_1_0_' {alias=a, className=bloodbank.entity.Address, tableAlias=address0_}
    |  \-[SQL_TOKEN] SqlFragment: 'address0_.created as created2_0_, address0_.updated as updated3_0_, address0_.version as version4_0_, address0_.city as city5_0_, address0_.country as country6_0_, address0_.province as province7_0_, address0_.street as street8_0_, address0_.street_number as street_n9_0_, address0_.zipcode as zipcode10_0_'
    \-[FROM] FromClause: 'FROM' FromClause{level=1, fromElementCounter=1, fromElements=1, fromElementByClassAlias=[a], fromElementByTableAlias=[address0_], fromElementsByPath=[], collectionJoinFromElementsByPath=[], impliedElements=[]}
       \-[FROM_FRAGMENT] FromElement: 'address address0_' FromElement{explicit,not a collection join,not a fetch join,fetch non-lazy properties,classAlias=a,role=null,tableName=address,tableAlias=address0_,origin=null,columns={,className=bloodbank.entity.Address}}

2021-11-19T10:23:44,047|[DEBUG] ErrorTracker - throwQueryException() : no errors
2021-11-19T10:23:44,047|[DEBUG] QueryTranslatorImpl - HQL: SELECT a FROM bloodbank.entity.Address a
2021-11-19T10:23:44,047|[DEBUG] QueryTranslatorImpl - SQL: select address0_.address_id as address_1_0_, address0_.created as created2_0_, address0_.updated as updated3_0_, address0_.version as version4_0_, address0_.city as city5_0_, address0_.country as country6_0_, address0_.province as province7_0_, address0_.street as street8_0_, address0_.street_number as street_n9_0_, address0_.zipcode as zipcode10_0_ from address address0_
2021-11-19T10:23:44,047|[DEBUG] ErrorTracker - throwQueryException() : no errors
2021-11-19T10:23:44,047|[DEBUG] NamedQueryRepository - Checking 0 named SQL queries
2021-11-19T10:23:44,048|[TRACE] TypeConfiguration$Scope - Handling #sessionFactoryCreated from [org.hibernate.internal.SessionFactoryImpl@66863941] for TypeConfiguration
2021-11-19T10:23:44,048|[TRACE] AbstractServiceRegistryImpl - Initializing service [role=org.hibernate.engine.jndi.spi.JndiService]
2021-11-19T10:23:44,048|[DEBUG] SessionFactoryRegistry - Registering SessionFactory: 4117b656-e9f8-4f91-92ae-8d3965e42187 (<unnamed>)
2021-11-19T10:23:44,048|[DEBUG] SessionFactoryRegistry - Not binding SessionFactory to JNDI, no JNDI name configured
2021-11-19T10:23:44,048|[TRACE] SessionFactoryImpl$SessionBuilderImpl - Opening Hibernate Session.  tenant=null
2021-11-19T10:23:44,048|[TRACE] SessionImpl - Opened Session [4da29074-0edd-4bf6-b897-57446e5f6bb8] at timestamp: 1637335424048
2021-11-19T10:23:44,048|[DEBUG] TransactionImpl - On TransactionImpl creation, JpaCompliance#isJpaTransactionComplianceEnabled == false
2021-11-19T10:23:44,048|[DEBUG] TransactionImpl - begin
2021-11-19T10:23:44,049|[TRACE] AbstractLogicalConnectionImplementor - Preparing to begin transaction via JDBC Connection.setAutoCommit(false)
2021-11-19T10:23:44,049|[TRACE] AbstractLogicalConnectionImplementor - Transaction begun via JDBC Connection.setAutoCommit(false)
2021-11-19T10:23:44,049|[TRACE] JdbcResourceLocalTransactionCoordinatorImpl - ResourceLocalTransactionCoordinatorImpl#afterBeginCallback
2021-11-19T10:23:44,049|[TRACE] QueryPlanCache - Unable to locate HQL query plan in cache; generating (delete DonationRecord as generatedAlias0)
2021-11-19T10:23:44,049|[DEBUG] QueryTranslatorImpl - parse() - HQL: delete bloodbank.entity.DonationRecord as generatedAlias0
2021-11-19T10:23:44,049|[TRACE] HqlParser - -> statement
2021-11-19T10:23:44,049|[TRACE] HqlParser - ---> deleteStatement
2021-11-19T10:23:44,049|[TRACE] HqlParser - -----> optionalFromTokenFromClause
2021-11-19T10:23:44,049|[TRACE] HqlParser - -------> path
2021-11-19T10:23:44,049|[TRACE] HqlParser - ---------> identifier
2021-11-19T10:23:44,049|[TRACE] HqlParser - <--------- identifier
2021-11-19T10:23:44,049|[TRACE] HqlParser - ---------> identifier
2021-11-19T10:23:44,049|[TRACE] HqlParser - <--------- identifier
2021-11-19T10:23:44,049|[TRACE] HqlParser - ---------> identifier
2021-11-19T10:23:44,049|[TRACE] HqlParser - <--------- identifier
2021-11-19T10:23:44,049|[TRACE] HqlParser - <------- path
2021-11-19T10:23:44,049|[TRACE] HqlParser - -------> asAlias
2021-11-19T10:23:44,049|[TRACE] HqlParser - ---------> alias
2021-11-19T10:23:44,049|[TRACE] HqlParser - -----------> identifier
2021-11-19T10:23:44,050|[TRACE] HqlParser - <----------- identifier
2021-11-19T10:23:44,050|[TRACE] HqlParser - <--------- alias
2021-11-19T10:23:44,050|[TRACE] HqlParser - <------- asAlias
2021-11-19T10:23:44,050|[TRACE] HqlParser - <----- optionalFromTokenFromClause
2021-11-19T10:23:44,050|[TRACE] HqlParser - <--- deleteStatement
2021-11-19T10:23:44,050|[TRACE] HqlParser - <- statement
2021-11-19T10:23:44,050|[DEBUG] ErrorTracker - throwQueryException() : no errors
2021-11-19T10:23:44,050|[DEBUG] QueryTranslatorImpl - --- HQL AST ---
 \-[DELETE] Node: 'delete'
    \-[FROM] Node: 'FROM'
       \-[RANGE] Node: 'RANGE'
          +-[DOT] Node: '.'
          |  +-[DOT] Node: '.'
          |  |  +-[IDENT] Node: 'bloodbank'
          |  |  \-[IDENT] Node: 'entity'
          |  \-[IDENT] Node: 'DonationRecord'
          \-[ALIAS] Node: 'generatedAlias0'

2021-11-19T10:23:44,050|[DEBUG] HqlSqlBaseWalker - delete << begin [level=1, statement=delete]
2021-11-19T10:23:44,051|[DEBUG] FromElement - FromClause{level=1} : bloodbank.entity.DonationRecord (generatedAlias0) -> donationre0_
2021-11-19T10:23:44,051|[DEBUG] HqlSqlBaseWalker - delete : finishing up [level=1, statement=delete]
2021-11-19T10:23:44,051|[DEBUG] HqlSqlBaseWalker - delete >> end [level=1, statement=delete]
2021-11-19T10:23:44,051|[DEBUG] QueryTranslatorImpl - --- SQL AST ---
 \-[DELETE] DeleteStatement: 'delete'  querySpaces (donation_record)
    \-[FROM] FromClause: 'FROM' FromClause{level=1, fromElementCounter=1, fromElements=1, fromElementByClassAlias=[generatedAlias0], fromElementByTableAlias=[donationre0_], fromElementsByPath=[], collectionJoinFromElementsByPath=[], impliedElements=[]}
       \-[FROM_FRAGMENT] FromElement: 'donation_record' FromElement{explicit,not a collection join,not a fetch join,fetch non-lazy properties,classAlias=generatedAlias0,role=null,tableName=donation_record,tableAlias=donationre0_,origin=null,columns={,className=bloodbank.entity.DonationRecord}}

2021-11-19T10:23:44,051|[DEBUG] ErrorTracker - throwQueryException() : no errors
2021-11-19T10:23:44,051|[DEBUG] ErrorTracker - throwQueryException() : no errors
2021-11-19T10:23:44,052|[TRACE] QueryPlanCache - Located HQL query plan in cache (delete DonationRecord as generatedAlias0)
2021-11-19T10:23:44,052|[TRACE] HQLQueryPlan - Execute update: delete DonationRecord as generatedAlias0
2021-11-19T10:23:44,052|[TRACE] QueryParameters - Named parameters: {}
2021-11-19T10:23:44,052|[DEBUG] SQL - 
    /* delete DonationRecord as generatedAlias0 */ delete 
        from
            donation_record
2021-11-19T10:23:44,052|[TRACE] ResourceRegistryStandardImpl - Registering statement [com.mysql.cj.jdbc.ClientPreparedStatement: /* delete DonationRecord as generatedAlias0 */ delete from donation_record]
2021-11-19T10:23:44,055|[TRACE] ResourceRegistryStandardImpl - Releasing statement [com.mysql.cj.jdbc.ClientPreparedStatement: /* delete DonationRecord as generatedAlias0 */ delete from donation_record]
2021-11-19T10:23:44,055|[TRACE] ResourceRegistryStandardImpl - Closing prepared statement [com.mysql.cj.jdbc.ClientPreparedStatement: /* delete DonationRecord as generatedAlias0 */ delete from donation_record]
2021-11-19T10:23:44,055|[TRACE] JdbcCoordinatorImpl - Starting after statement execution processing [AFTER_TRANSACTION]
2021-11-19T10:23:44,055|[TRACE] QueryPlanCache - Unable to locate HQL query plan in cache; generating (delete BloodDonation as generatedAlias0)
2021-11-19T10:23:44,055|[DEBUG] QueryTranslatorImpl - parse() - HQL: delete bloodbank.entity.BloodDonation as generatedAlias0
2021-11-19T10:23:44,055|[TRACE] HqlParser - -> statement
2021-11-19T10:23:44,055|[TRACE] HqlParser - ---> deleteStatement
2021-11-19T10:23:44,055|[TRACE] HqlParser - -----> optionalFromTokenFromClause
2021-11-19T10:23:44,055|[TRACE] HqlParser - -------> path
2021-11-19T10:23:44,055|[TRACE] HqlParser - ---------> identifier
2021-11-19T10:23:44,055|[TRACE] HqlParser - <--------- identifier
2021-11-19T10:23:44,055|[TRACE] HqlParser - ---------> identifier
2021-11-19T10:23:44,055|[TRACE] HqlParser - <--------- identifier
2021-11-19T10:23:44,055|[TRACE] HqlParser - ---------> identifier
2021-11-19T10:23:44,055|[TRACE] HqlParser - <--------- identifier
2021-11-19T10:23:44,055|[TRACE] HqlParser - <------- path
2021-11-19T10:23:44,055|[TRACE] HqlParser - -------> asAlias
2021-11-19T10:23:44,055|[TRACE] HqlParser - ---------> alias
2021-11-19T10:23:44,055|[TRACE] HqlParser - -----------> identifier
2021-11-19T10:23:44,055|[TRACE] HqlParser - <----------- identifier
2021-11-19T10:23:44,055|[TRACE] HqlParser - <--------- alias
2021-11-19T10:23:44,055|[TRACE] HqlParser - <------- asAlias
2021-11-19T10:23:44,055|[TRACE] HqlParser - <----- optionalFromTokenFromClause
2021-11-19T10:23:44,055|[TRACE] HqlParser - <--- deleteStatement
2021-11-19T10:23:44,055|[TRACE] HqlParser - <- statement
2021-11-19T10:23:44,055|[DEBUG] ErrorTracker - throwQueryException() : no errors
2021-11-19T10:23:44,056|[DEBUG] QueryTranslatorImpl - --- HQL AST ---
 \-[DELETE] Node: 'delete'
    \-[FROM] Node: 'FROM'
       \-[RANGE] Node: 'RANGE'
          +-[DOT] Node: '.'
          |  +-[DOT] Node: '.'
          |  |  +-[IDENT] Node: 'bloodbank'
          |  |  \-[IDENT] Node: 'entity'
          |  \-[IDENT] Node: 'BloodDonation'
          \-[ALIAS] Node: 'generatedAlias0'

2021-11-19T10:23:44,056|[DEBUG] HqlSqlBaseWalker - delete << begin [level=1, statement=delete]
2021-11-19T10:23:44,056|[DEBUG] FromElement - FromClause{level=1} : bloodbank.entity.BloodDonation (generatedAlias0) -> blooddonat0_
2021-11-19T10:23:44,056|[DEBUG] HqlSqlBaseWalker - delete : finishing up [level=1, statement=delete]
2021-11-19T10:23:44,056|[DEBUG] HqlSqlBaseWalker - delete >> end [level=1, statement=delete]
2021-11-19T10:23:44,056|[DEBUG] QueryTranslatorImpl - --- SQL AST ---
 \-[DELETE] DeleteStatement: 'delete'  querySpaces (blood_donation)
    \-[FROM] FromClause: 'FROM' FromClause{level=1, fromElementCounter=1, fromElements=1, fromElementByClassAlias=[generatedAlias0], fromElementByTableAlias=[blooddonat0_], fromElementsByPath=[], collectionJoinFromElementsByPath=[], impliedElements=[]}
       \-[FROM_FRAGMENT] FromElement: 'blood_donation' FromElement{explicit,not a collection join,not a fetch join,fetch non-lazy properties,classAlias=generatedAlias0,role=null,tableName=blood_donation,tableAlias=blooddonat0_,origin=null,columns={,className=bloodbank.entity.BloodDonation}}

2021-11-19T10:23:44,056|[DEBUG] ErrorTracker - throwQueryException() : no errors
2021-11-19T10:23:44,056|[DEBUG] ErrorTracker - throwQueryException() : no errors
2021-11-19T10:23:44,056|[TRACE] QueryPlanCache - Located HQL query plan in cache (delete BloodDonation as generatedAlias0)
2021-11-19T10:23:44,056|[TRACE] HQLQueryPlan - Execute update: delete BloodDonation as generatedAlias0
2021-11-19T10:23:44,056|[TRACE] QueryParameters - Named parameters: {}
2021-11-19T10:23:44,057|[DEBUG] SQL - 
    /* delete BloodDonation as generatedAlias0 */ delete 
        from
            blood_donation
2021-11-19T10:23:44,057|[TRACE] ResourceRegistryStandardImpl - Registering statement [com.mysql.cj.jdbc.ClientPreparedStatement: /* delete BloodDonation as generatedAlias0 */ delete from blood_donation]
2021-11-19T10:23:44,059|[TRACE] ResourceRegistryStandardImpl - Releasing statement [com.mysql.cj.jdbc.ClientPreparedStatement: /* delete BloodDonation as generatedAlias0 */ delete from blood_donation]
2021-11-19T10:23:44,059|[TRACE] ResourceRegistryStandardImpl - Closing prepared statement [com.mysql.cj.jdbc.ClientPreparedStatement: /* delete BloodDonation as generatedAlias0 */ delete from blood_donation]
2021-11-19T10:23:44,060|[TRACE] JdbcCoordinatorImpl - Starting after statement execution processing [AFTER_TRANSACTION]
2021-11-19T10:23:44,060|[TRACE] QueryPlanCache - Unable to locate HQL query plan in cache; generating (delete BloodBank as generatedAlias0)
2021-11-19T10:23:44,060|[DEBUG] QueryTranslatorImpl - parse() - HQL: delete bloodbank.entity.BloodBank as generatedAlias0
2021-11-19T10:23:44,060|[TRACE] HqlParser - -> statement
2021-11-19T10:23:44,060|[TRACE] HqlParser - ---> deleteStatement
2021-11-19T10:23:44,060|[TRACE] HqlParser - -----> optionalFromTokenFromClause
2021-11-19T10:23:44,060|[TRACE] HqlParser - -------> path
2021-11-19T10:23:44,060|[TRACE] HqlParser - ---------> identifier
2021-11-19T10:23:44,060|[TRACE] HqlParser - <--------- identifier
2021-11-19T10:23:44,060|[TRACE] HqlParser - ---------> identifier
2021-11-19T10:23:44,060|[TRACE] HqlParser - <--------- identifier
2021-11-19T10:23:44,060|[TRACE] HqlParser - ---------> identifier
2021-11-19T10:23:44,060|[TRACE] HqlParser - <--------- identifier
2021-11-19T10:23:44,060|[TRACE] HqlParser - <------- path
2021-11-19T10:23:44,060|[TRACE] HqlParser - -------> asAlias
2021-11-19T10:23:44,060|[TRACE] HqlParser - ---------> alias
2021-11-19T10:23:44,060|[TRACE] HqlParser - -----------> identifier
2021-11-19T10:23:44,060|[TRACE] HqlParser - <----------- identifier
2021-11-19T10:23:44,060|[TRACE] HqlParser - <--------- alias
2021-11-19T10:23:44,060|[TRACE] HqlParser - <------- asAlias
2021-11-19T10:23:44,060|[TRACE] HqlParser - <----- optionalFromTokenFromClause
2021-11-19T10:23:44,060|[TRACE] HqlParser - <--- deleteStatement
2021-11-19T10:23:44,060|[TRACE] HqlParser - <- statement
2021-11-19T10:23:44,060|[DEBUG] ErrorTracker - throwQueryException() : no errors
2021-11-19T10:23:44,061|[DEBUG] QueryTranslatorImpl - --- HQL AST ---
 \-[DELETE] Node: 'delete'
    \-[FROM] Node: 'FROM'
       \-[RANGE] Node: 'RANGE'
          +-[DOT] Node: '.'
          |  +-[DOT] Node: '.'
          |  |  +-[IDENT] Node: 'bloodbank'
          |  |  \-[IDENT] Node: 'entity'
          |  \-[IDENT] Node: 'BloodBank'
          \-[ALIAS] Node: 'generatedAlias0'

2021-11-19T10:23:44,061|[DEBUG] HqlSqlBaseWalker - delete << begin [level=1, statement=delete]
2021-11-19T10:23:44,061|[DEBUG] FromElement - FromClause{level=1} : bloodbank.entity.BloodBank (generatedAlias0) -> bloodbank0_
2021-11-19T10:23:44,061|[DEBUG] HqlSqlBaseWalker - delete : finishing up [level=1, statement=delete]
2021-11-19T10:23:44,061|[DEBUG] HqlSqlBaseWalker - delete >> end [level=1, statement=delete]
2021-11-19T10:23:44,061|[DEBUG] QueryTranslatorImpl - --- SQL AST ---
 \-[DELETE] DeleteStatement: 'delete'  querySpaces (blood_bank)
    \-[FROM] FromClause: 'FROM' FromClause{level=1, fromElementCounter=1, fromElements=1, fromElementByClassAlias=[generatedAlias0], fromElementByTableAlias=[bloodbank0_], fromElementsByPath=[], collectionJoinFromElementsByPath=[], impliedElements=[]}
       \-[FROM_FRAGMENT] FromElement: 'blood_bank' FromElement{explicit,not a collection join,not a fetch join,fetch non-lazy properties,classAlias=generatedAlias0,role=null,tableName=blood_bank,tableAlias=bloodbank0_,origin=null,columns={,className=bloodbank.entity.BloodBank}}

2021-11-19T10:23:44,061|[DEBUG] ErrorTracker - throwQueryException() : no errors
2021-11-19T10:23:44,061|[DEBUG] ErrorTracker - throwQueryException() : no errors
2021-11-19T10:23:44,061|[TRACE] QueryPlanCache - Located HQL query plan in cache (delete BloodBank as generatedAlias0)
2021-11-19T10:23:44,061|[TRACE] HQLQueryPlan - Execute update: delete BloodBank as generatedAlias0
2021-11-19T10:23:44,061|[TRACE] QueryParameters - Named parameters: {}
2021-11-19T10:23:44,061|[DEBUG] SQL - 
    /* delete BloodBank as generatedAlias0 */ delete 
        from
            blood_bank
2021-11-19T10:23:44,062|[TRACE] ResourceRegistryStandardImpl - Registering statement [com.mysql.cj.jdbc.ClientPreparedStatement: /* delete BloodBank as generatedAlias0 */ delete from blood_bank]
2021-11-19T10:23:44,063|[TRACE] ResourceRegistryStandardImpl - Releasing statement [com.mysql.cj.jdbc.ClientPreparedStatement: /* delete BloodBank as generatedAlias0 */ delete from blood_bank]
2021-11-19T10:23:44,063|[TRACE] ResourceRegistryStandardImpl - Closing prepared statement [com.mysql.cj.jdbc.ClientPreparedStatement: /* delete BloodBank as generatedAlias0 */ delete from blood_bank]
2021-11-19T10:23:44,063|[TRACE] JdbcCoordinatorImpl - Starting after statement execution processing [AFTER_TRANSACTION]
2021-11-19T10:23:44,063|[TRACE] QueryPlanCache - Unable to locate HQL query plan in cache; generating (delete Contact as generatedAlias0)
2021-11-19T10:23:44,064|[DEBUG] QueryTranslatorImpl - parse() - HQL: delete bloodbank.entity.Contact as generatedAlias0
2021-11-19T10:23:44,064|[TRACE] HqlParser - -> statement
2021-11-19T10:23:44,064|[TRACE] HqlParser - ---> deleteStatement
2021-11-19T10:23:44,064|[TRACE] HqlParser - -----> optionalFromTokenFromClause
2021-11-19T10:23:44,064|[TRACE] HqlParser - -------> path
2021-11-19T10:23:44,064|[TRACE] HqlParser - ---------> identifier
2021-11-19T10:23:44,064|[TRACE] HqlParser - <--------- identifier
2021-11-19T10:23:44,064|[TRACE] HqlParser - ---------> identifier
2021-11-19T10:23:44,064|[TRACE] HqlParser - <--------- identifier
2021-11-19T10:23:44,064|[TRACE] HqlParser - ---------> identifier
2021-11-19T10:23:44,064|[TRACE] HqlParser - <--------- identifier
2021-11-19T10:23:44,064|[TRACE] HqlParser - <------- path
2021-11-19T10:23:44,064|[TRACE] HqlParser - -------> asAlias
2021-11-19T10:23:44,064|[TRACE] HqlParser - ---------> alias
2021-11-19T10:23:44,064|[TRACE] HqlParser - -----------> identifier
2021-11-19T10:23:44,064|[TRACE] HqlParser - <----------- identifier
2021-11-19T10:23:44,064|[TRACE] HqlParser - <--------- alias
2021-11-19T10:23:44,064|[TRACE] HqlParser - <------- asAlias
2021-11-19T10:23:44,064|[TRACE] HqlParser - <----- optionalFromTokenFromClause
2021-11-19T10:23:44,064|[TRACE] HqlParser - <--- deleteStatement
2021-11-19T10:23:44,064|[TRACE] HqlParser - <- statement
2021-11-19T10:23:44,064|[DEBUG] ErrorTracker - throwQueryException() : no errors
2021-11-19T10:23:44,064|[DEBUG] QueryTranslatorImpl - --- HQL AST ---
 \-[DELETE] Node: 'delete'
    \-[FROM] Node: 'FROM'
       \-[RANGE] Node: 'RANGE'
          +-[DOT] Node: '.'
          |  +-[DOT] Node: '.'
          |  |  +-[IDENT] Node: 'bloodbank'
          |  |  \-[IDENT] Node: 'entity'
          |  \-[IDENT] Node: 'Contact'
          \-[ALIAS] Node: 'generatedAlias0'

2021-11-19T10:23:44,064|[DEBUG] HqlSqlBaseWalker - delete << begin [level=1, statement=delete]
2021-11-19T10:23:44,064|[DEBUG] FromElement - FromClause{level=1} : bloodbank.entity.Contact (generatedAlias0) -> contact0_
2021-11-19T10:23:44,064|[DEBUG] HqlSqlBaseWalker - delete : finishing up [level=1, statement=delete]
2021-11-19T10:23:44,064|[DEBUG] HqlSqlBaseWalker - delete >> end [level=1, statement=delete]
2021-11-19T10:23:44,064|[DEBUG] QueryTranslatorImpl - --- SQL AST ---
 \-[DELETE] DeleteStatement: 'delete'  querySpaces (contact)
    \-[FROM] FromClause: 'FROM' FromClause{level=1, fromElementCounter=1, fromElements=1, fromElementByClassAlias=[generatedAlias0], fromElementByTableAlias=[contact0_], fromElementsByPath=[], collectionJoinFromElementsByPath=[], impliedElements=[]}
       \-[FROM_FRAGMENT] FromElement: 'contact' FromElement{explicit,not a collection join,not a fetch join,fetch non-lazy properties,classAlias=generatedAlias0,role=null,tableName=contact,tableAlias=contact0_,origin=null,columns={,className=bloodbank.entity.Contact}}

2021-11-19T10:23:44,064|[DEBUG] ErrorTracker - throwQueryException() : no errors
2021-11-19T10:23:44,064|[DEBUG] ErrorTracker - throwQueryException() : no errors
2021-11-19T10:23:44,064|[TRACE] QueryPlanCache - Located HQL query plan in cache (delete Contact as generatedAlias0)
2021-11-19T10:23:44,064|[TRACE] HQLQueryPlan - Execute update: delete Contact as generatedAlias0
2021-11-19T10:23:44,064|[TRACE] QueryParameters - Named parameters: {}
2021-11-19T10:23:44,064|[DEBUG] SQL - 
    /* delete Contact as generatedAlias0 */ delete 
        from
            contact
2021-11-19T10:23:44,064|[TRACE] ResourceRegistryStandardImpl - Registering statement [com.mysql.cj.jdbc.ClientPreparedStatement: /* delete Contact as generatedAlias0 */ delete from contact]
2021-11-19T10:23:44,067|[TRACE] ResourceRegistryStandardImpl - Releasing statement [com.mysql.cj.jdbc.ClientPreparedStatement: /* delete Contact as generatedAlias0 */ delete from contact]
2021-11-19T10:23:44,067|[TRACE] ResourceRegistryStandardImpl - Closing prepared statement [com.mysql.cj.jdbc.ClientPreparedStatement: /* delete Contact as generatedAlias0 */ delete from contact]
2021-11-19T10:23:44,067|[TRACE] JdbcCoordinatorImpl - Starting after statement execution processing [AFTER_TRANSACTION]
2021-11-19T10:23:44,067|[TRACE] QueryPlanCache - Unable to locate HQL query plan in cache; generating (delete Person as generatedAlias0)
2021-11-19T10:23:44,067|[DEBUG] QueryTranslatorImpl - parse() - HQL: delete bloodbank.entity.Person as generatedAlias0
2021-11-19T10:23:44,067|[TRACE] HqlParser - -> statement
2021-11-19T10:23:44,067|[TRACE] HqlParser - ---> deleteStatement
2021-11-19T10:23:44,067|[TRACE] HqlParser - -----> optionalFromTokenFromClause
2021-11-19T10:23:44,067|[TRACE] HqlParser - -------> path
2021-11-19T10:23:44,067|[TRACE] HqlParser - ---------> identifier
2021-11-19T10:23:44,067|[TRACE] HqlParser - <--------- identifier
2021-11-19T10:23:44,067|[TRACE] HqlParser - ---------> identifier
2021-11-19T10:23:44,067|[TRACE] HqlParser - <--------- identifier
2021-11-19T10:23:44,067|[TRACE] HqlParser - ---------> identifier
2021-11-19T10:23:44,067|[TRACE] HqlParser - <--------- identifier
2021-11-19T10:23:44,067|[TRACE] HqlParser - <------- path
2021-11-19T10:23:44,067|[TRACE] HqlParser - -------> asAlias
2021-11-19T10:23:44,067|[TRACE] HqlParser - ---------> alias
2021-11-19T10:23:44,067|[TRACE] HqlParser - -----------> identifier
2021-11-19T10:23:44,067|[TRACE] HqlParser - <----------- identifier
2021-11-19T10:23:44,067|[TRACE] HqlParser - <--------- alias
2021-11-19T10:23:44,067|[TRACE] HqlParser - <------- asAlias
2021-11-19T10:23:44,067|[TRACE] HqlParser - <----- optionalFromTokenFromClause
2021-11-19T10:23:44,067|[TRACE] HqlParser - <--- deleteStatement
2021-11-19T10:23:44,067|[TRACE] HqlParser - <- statement
2021-11-19T10:23:44,067|[DEBUG] ErrorTracker - throwQueryException() : no errors
2021-11-19T10:23:44,068|[DEBUG] QueryTranslatorImpl - --- HQL AST ---
 \-[DELETE] Node: 'delete'
    \-[FROM] Node: 'FROM'
       \-[RANGE] Node: 'RANGE'
          +-[DOT] Node: '.'
          |  +-[DOT] Node: '.'
          |  |  +-[IDENT] Node: 'bloodbank'
          |  |  \-[IDENT] Node: 'entity'
          |  \-[IDENT] Node: 'Person'
          \-[ALIAS] Node: 'generatedAlias0'

2021-11-19T10:23:44,068|[DEBUG] HqlSqlBaseWalker - delete << begin [level=1, statement=delete]
2021-11-19T10:23:44,068|[DEBUG] FromElement - FromClause{level=1} : bloodbank.entity.Person (generatedAlias0) -> person0_
2021-11-19T10:23:44,068|[DEBUG] HqlSqlBaseWalker - delete : finishing up [level=1, statement=delete]
2021-11-19T10:23:44,068|[DEBUG] HqlSqlBaseWalker - delete >> end [level=1, statement=delete]
2021-11-19T10:23:44,068|[DEBUG] QueryTranslatorImpl - --- SQL AST ---
 \-[DELETE] DeleteStatement: 'delete'  querySpaces (person)
    \-[FROM] FromClause: 'FROM' FromClause{level=1, fromElementCounter=1, fromElements=1, fromElementByClassAlias=[generatedAlias0], fromElementByTableAlias=[person0_], fromElementsByPath=[], collectionJoinFromElementsByPath=[], impliedElements=[]}
       \-[FROM_FRAGMENT] FromElement: 'person' FromElement{explicit,not a collection join,not a fetch join,fetch non-lazy properties,classAlias=generatedAlias0,role=null,tableName=person,tableAlias=person0_,origin=null,columns={,className=bloodbank.entity.Person}}

2021-11-19T10:23:44,068|[DEBUG] ErrorTracker - throwQueryException() : no errors
2021-11-19T10:23:44,068|[DEBUG] ErrorTracker - throwQueryException() : no errors
2021-11-19T10:23:44,068|[TRACE] QueryPlanCache - Located HQL query plan in cache (delete Person as generatedAlias0)
2021-11-19T10:23:44,068|[TRACE] HQLQueryPlan - Execute update: delete Person as generatedAlias0
2021-11-19T10:23:44,068|[TRACE] QueryParameters - Named parameters: {}
2021-11-19T10:23:44,068|[DEBUG] SQL - 
    /* delete Person as generatedAlias0 */ delete 
        from
            person
2021-11-19T10:23:44,069|[TRACE] ResourceRegistryStandardImpl - Registering statement [com.mysql.cj.jdbc.ClientPreparedStatement: /* delete Person as generatedAlias0 */ delete from person]
2021-11-19T10:23:44,071|[TRACE] ResourceRegistryStandardImpl - Releasing statement [com.mysql.cj.jdbc.ClientPreparedStatement: /* delete Person as generatedAlias0 */ delete from person]
2021-11-19T10:23:44,071|[TRACE] ResourceRegistryStandardImpl - Closing prepared statement [com.mysql.cj.jdbc.ClientPreparedStatement: /* delete Person as generatedAlias0 */ delete from person]
2021-11-19T10:23:44,072|[TRACE] JdbcCoordinatorImpl - Starting after statement execution processing [AFTER_TRANSACTION]
2021-11-19T10:23:44,072|[TRACE] QueryPlanCache - Unable to locate HQL query plan in cache; generating (delete Phone as generatedAlias0)
2021-11-19T10:23:44,072|[DEBUG] QueryTranslatorImpl - parse() - HQL: delete bloodbank.entity.Phone as generatedAlias0
2021-11-19T10:23:44,072|[TRACE] HqlParser - -> statement
2021-11-19T10:23:44,072|[TRACE] HqlParser - ---> deleteStatement
2021-11-19T10:23:44,072|[TRACE] HqlParser - -----> optionalFromTokenFromClause
2021-11-19T10:23:44,072|[TRACE] HqlParser - -------> path
2021-11-19T10:23:44,072|[TRACE] HqlParser - ---------> identifier
2021-11-19T10:23:44,072|[TRACE] HqlParser - <--------- identifier
2021-11-19T10:23:44,072|[TRACE] HqlParser - ---------> identifier
2021-11-19T10:23:44,072|[TRACE] HqlParser - <--------- identifier
2021-11-19T10:23:44,072|[TRACE] HqlParser - ---------> identifier
2021-11-19T10:23:44,072|[TRACE] HqlParser - <--------- identifier
2021-11-19T10:23:44,072|[TRACE] HqlParser - <------- path
2021-11-19T10:23:44,072|[TRACE] HqlParser - -------> asAlias
2021-11-19T10:23:44,072|[TRACE] HqlParser - ---------> alias
2021-11-19T10:23:44,072|[TRACE] HqlParser - -----------> identifier
2021-11-19T10:23:44,072|[TRACE] HqlParser - <----------- identifier
2021-11-19T10:23:44,072|[TRACE] HqlParser - <--------- alias
2021-11-19T10:23:44,072|[TRACE] HqlParser - <------- asAlias
2021-11-19T10:23:44,072|[TRACE] HqlParser - <----- optionalFromTokenFromClause
2021-11-19T10:23:44,072|[TRACE] HqlParser - <--- deleteStatement
2021-11-19T10:23:44,072|[TRACE] HqlParser - <- statement
2021-11-19T10:23:44,072|[DEBUG] ErrorTracker - throwQueryException() : no errors
2021-11-19T10:23:44,072|[DEBUG] QueryTranslatorImpl - --- HQL AST ---
 \-[DELETE] Node: 'delete'
    \-[FROM] Node: 'FROM'
       \-[RANGE] Node: 'RANGE'
          +-[DOT] Node: '.'
          |  +-[DOT] Node: '.'
          |  |  +-[IDENT] Node: 'bloodbank'
          |  |  \-[IDENT] Node: 'entity'
          |  \-[IDENT] Node: 'Phone'
          \-[ALIAS] Node: 'generatedAlias0'

2021-11-19T10:23:44,072|[DEBUG] HqlSqlBaseWalker - delete << begin [level=1, statement=delete]
2021-11-19T10:23:44,072|[DEBUG] FromElement - FromClause{level=1} : bloodbank.entity.Phone (generatedAlias0) -> phone0_
2021-11-19T10:23:44,072|[DEBUG] HqlSqlBaseWalker - delete : finishing up [level=1, statement=delete]
2021-11-19T10:23:44,073|[DEBUG] HqlSqlBaseWalker - delete >> end [level=1, statement=delete]
2021-11-19T10:23:44,073|[DEBUG] QueryTranslatorImpl - --- SQL AST ---
 \-[DELETE] DeleteStatement: 'delete'  querySpaces (phone)
    \-[FROM] FromClause: 'FROM' FromClause{level=1, fromElementCounter=1, fromElements=1, fromElementByClassAlias=[generatedAlias0], fromElementByTableAlias=[phone0_], fromElementsByPath=[], collectionJoinFromElementsByPath=[], impliedElements=[]}
       \-[FROM_FRAGMENT] FromElement: 'phone' FromElement{explicit,not a collection join,not a fetch join,fetch non-lazy properties,classAlias=generatedAlias0,role=null,tableName=phone,tableAlias=phone0_,origin=null,columns={,className=bloodbank.entity.Phone}}

2021-11-19T10:23:44,073|[DEBUG] ErrorTracker - throwQueryException() : no errors
2021-11-19T10:23:44,073|[DEBUG] ErrorTracker - throwQueryException() : no errors
2021-11-19T10:23:44,073|[TRACE] QueryPlanCache - Located HQL query plan in cache (delete Phone as generatedAlias0)
2021-11-19T10:23:44,073|[TRACE] HQLQueryPlan - Execute update: delete Phone as generatedAlias0
2021-11-19T10:23:44,073|[TRACE] QueryParameters - Named parameters: {}
2021-11-19T10:23:44,073|[DEBUG] SQL - 
    /* delete Phone as generatedAlias0 */ delete 
        from
            phone
2021-11-19T10:23:44,073|[TRACE] ResourceRegistryStandardImpl - Registering statement [com.mysql.cj.jdbc.ClientPreparedStatement: /* delete Phone as generatedAlias0 */ delete from phone]
2021-11-19T10:23:44,075|[TRACE] ResourceRegistryStandardImpl - Releasing statement [com.mysql.cj.jdbc.ClientPreparedStatement: /* delete Phone as generatedAlias0 */ delete from phone]
2021-11-19T10:23:44,075|[TRACE] ResourceRegistryStandardImpl - Closing prepared statement [com.mysql.cj.jdbc.ClientPreparedStatement: /* delete Phone as generatedAlias0 */ delete from phone]
2021-11-19T10:23:44,075|[TRACE] JdbcCoordinatorImpl - Starting after statement execution processing [AFTER_TRANSACTION]
2021-11-19T10:23:44,076|[TRACE] QueryPlanCache - Unable to locate HQL query plan in cache; generating (delete Address as generatedAlias0)
2021-11-19T10:23:44,076|[DEBUG] QueryTranslatorImpl - parse() - HQL: delete bloodbank.entity.Address as generatedAlias0
2021-11-19T10:23:44,076|[TRACE] HqlParser - -> statement
2021-11-19T10:23:44,076|[TRACE] HqlParser - ---> deleteStatement
2021-11-19T10:23:44,076|[TRACE] HqlParser - -----> optionalFromTokenFromClause
2021-11-19T10:23:44,076|[TRACE] HqlParser - -------> path
2021-11-19T10:23:44,076|[TRACE] HqlParser - ---------> identifier
2021-11-19T10:23:44,076|[TRACE] HqlParser - <--------- identifier
2021-11-19T10:23:44,076|[TRACE] HqlParser - ---------> identifier
2021-11-19T10:23:44,076|[TRACE] HqlParser - <--------- identifier
2021-11-19T10:23:44,076|[TRACE] HqlParser - ---------> identifier
2021-11-19T10:23:44,076|[TRACE] HqlParser - <--------- identifier
2021-11-19T10:23:44,076|[TRACE] HqlParser - <------- path
2021-11-19T10:23:44,076|[TRACE] HqlParser - -------> asAlias
2021-11-19T10:23:44,076|[TRACE] HqlParser - ---------> alias
2021-11-19T10:23:44,076|[TRACE] HqlParser - -----------> identifier
2021-11-19T10:23:44,076|[TRACE] HqlParser - <----------- identifier
2021-11-19T10:23:44,076|[TRACE] HqlParser - <--------- alias
2021-11-19T10:23:44,076|[TRACE] HqlParser - <------- asAlias
2021-11-19T10:23:44,076|[TRACE] HqlParser - <----- optionalFromTokenFromClause
2021-11-19T10:23:44,076|[TRACE] HqlParser - <--- deleteStatement
2021-11-19T10:23:44,076|[TRACE] HqlParser - <- statement
2021-11-19T10:23:44,076|[DEBUG] ErrorTracker - throwQueryException() : no errors
2021-11-19T10:23:44,076|[DEBUG] QueryTranslatorImpl - --- HQL AST ---
 \-[DELETE] Node: 'delete'
    \-[FROM] Node: 'FROM'
       \-[RANGE] Node: 'RANGE'
          +-[DOT] Node: '.'
          |  +-[DOT] Node: '.'
          |  |  +-[IDENT] Node: 'bloodbank'
          |  |  \-[IDENT] Node: 'entity'
          |  \-[IDENT] Node: 'Address'
          \-[ALIAS] Node: 'generatedAlias0'

2021-11-19T10:23:44,076|[DEBUG] HqlSqlBaseWalker - delete << begin [level=1, statement=delete]
2021-11-19T10:23:44,076|[DEBUG] FromElement - FromClause{level=1} : bloodbank.entity.Address (generatedAlias0) -> address0_
2021-11-19T10:23:44,076|[DEBUG] HqlSqlBaseWalker - delete : finishing up [level=1, statement=delete]
2021-11-19T10:23:44,076|[DEBUG] HqlSqlBaseWalker - delete >> end [level=1, statement=delete]
2021-11-19T10:23:44,076|[DEBUG] QueryTranslatorImpl - --- SQL AST ---
 \-[DELETE] DeleteStatement: 'delete'  querySpaces (address)
    \-[FROM] FromClause: 'FROM' FromClause{level=1, fromElementCounter=1, fromElements=1, fromElementByClassAlias=[generatedAlias0], fromElementByTableAlias=[address0_], fromElementsByPath=[], collectionJoinFromElementsByPath=[], impliedElements=[]}
       \-[FROM_FRAGMENT] FromElement: 'address' FromElement{explicit,not a collection join,not a fetch join,fetch non-lazy properties,classAlias=generatedAlias0,role=null,tableName=address,tableAlias=address0_,origin=null,columns={,className=bloodbank.entity.Address}}

2021-11-19T10:23:44,076|[DEBUG] ErrorTracker - throwQueryException() : no errors
2021-11-19T10:23:44,076|[DEBUG] ErrorTracker - throwQueryException() : no errors
2021-11-19T10:23:44,077|[TRACE] QueryPlanCache - Located HQL query plan in cache (delete Address as generatedAlias0)
2021-11-19T10:23:44,077|[TRACE] HQLQueryPlan - Execute update: delete Address as generatedAlias0
2021-11-19T10:23:44,077|[TRACE] QueryParameters - Named parameters: {}
2021-11-19T10:23:44,077|[DEBUG] SQL - 
    /* delete Address as generatedAlias0 */ delete 
        from
            address
2021-11-19T10:23:44,077|[TRACE] ResourceRegistryStandardImpl - Registering statement [com.mysql.cj.jdbc.ClientPreparedStatement: /* delete Address as generatedAlias0 */ delete from address]
2021-11-19T10:23:44,080|[TRACE] ResourceRegistryStandardImpl - Releasing statement [com.mysql.cj.jdbc.ClientPreparedStatement: /* delete Address as generatedAlias0 */ delete from address]
2021-11-19T10:23:44,080|[TRACE] ResourceRegistryStandardImpl - Closing prepared statement [com.mysql.cj.jdbc.ClientPreparedStatement: /* delete Address as generatedAlias0 */ delete from address]
2021-11-19T10:23:44,080|[TRACE] JdbcCoordinatorImpl - Starting after statement execution processing [AFTER_TRANSACTION]
2021-11-19T10:23:44,080|[DEBUG] TransactionImpl - committing
2021-11-19T10:23:44,080|[TRACE] JdbcResourceLocalTransactionCoordinatorImpl - ResourceLocalTransactionCoordinatorImpl#beforeCompletionCallback
2021-11-19T10:23:44,080|[TRACE] SessionImpl - SessionImpl#beforeTransactionCompletion()
2021-11-19T10:23:44,080|[TRACE] SessionImpl - Automatically flushing session
2021-11-19T10:23:44,080|[TRACE] AbstractLogicalConnectionImplementor - LogicalConnection#beforeTransactionCompletion
2021-11-19T10:23:44,080|[TRACE] SynchronizationRegistryStandardImpl - SynchronizationRegistryStandardImpl.notifySynchronizationsBeforeTransactionCompletion
2021-11-19T10:23:44,080|[TRACE] AbstractLogicalConnectionImplementor - Preparing to commit transaction via JDBC Connection.commit()
2021-11-19T10:23:44,080|[TRACE] AbstractLogicalConnectionImplementor - Transaction committed via JDBC Connection.commit()
2021-11-19T10:23:44,080|[TRACE] AbstractLogicalConnectionImplementor - LogicalConnection#afterTransaction
2021-11-19T10:23:44,080|[TRACE] ResourceRegistryStandardImpl - Releasing JDBC resources
2021-11-19T10:23:44,080|[DEBUG] LogicalConnectionManagedImpl - Initiating JDBC connection release from afterTransaction
2021-11-19T10:23:44,081|[TRACE] ResourceRegistryStandardImpl - Releasing JDBC resources
2021-11-19T10:23:44,081|[TRACE] JdbcResourceLocalTransactionCoordinatorImpl - ResourceLocalTransactionCoordinatorImpl#afterCompletionCallback(true)
2021-11-19T10:23:44,081|[TRACE] SynchronizationRegistryStandardImpl - SynchronizationRegistryStandardImpl.notifySynchronizationsAfterTransactionCompletion(3)
2021-11-19T10:23:44,081|[TRACE] AbstractLogicalConnectionImplementor - LogicalConnection#afterTransaction
2021-11-19T10:23:44,081|[TRACE] ResourceRegistryStandardImpl - Releasing JDBC resources
2021-11-19T10:23:44,081|[DEBUG] LogicalConnectionManagedImpl - Initiating JDBC connection release from afterTransaction
2021-11-19T10:23:44,081|[TRACE] SessionImpl - SessionImpl#afterTransactionCompletion(successful=true, delayed=false)
2021-11-19T10:23:44,081|[TRACE] SessionImpl - Closing session [4da29074-0edd-4bf6-b897-57446e5f6bb8]
2021-11-19T10:23:44,081|[TRACE] JdbcCoordinatorImpl - Closing JDBC container [org.hibernate.engine.jdbc.internal.JdbcCoordinatorImpl@b849fa6]
2021-11-19T10:23:44,081|[TRACE] ResourceRegistryStandardImpl - Releasing JDBC resources
2021-11-19T10:23:44,081|[TRACE] LogicalConnectionManagedImpl - Closing logical connection
2021-11-19T10:23:44,081|[TRACE] LogicalConnectionManagedImpl - Logical connection closed
2021-11-19T10:23:44,083|[TRACE] SessionFactoryImpl$SessionBuilderImpl - Opening Hibernate Session.  tenant=null
2021-11-19T10:23:44,083|[TRACE] SessionImpl - Opened Session [8ab60605-7eff-4378-88d8-5711b8038e6e] at timestamp: 1637335424083
2021-11-19T10:23:44,083|[DEBUG] TransactionImpl - On TransactionImpl creation, JpaCompliance#isJpaTransactionComplianceEnabled == false
2021-11-19T10:23:44,084|[DEBUG] CriteriaQueryImpl - Rendered criteria query -> select count(generatedAlias0) from BloodDonation as generatedAlias0
2021-11-19T10:23:44,084|[TRACE] QueryPlanCache - Unable to locate HQL query plan in cache; generating (select count(generatedAlias0) from BloodDonation as generatedAlias0)
2021-11-19T10:23:44,084|[DEBUG] QueryTranslatorImpl - parse() - HQL: select count(generatedAlias0) from bloodbank.entity.BloodDonation as generatedAlias0
2021-11-19T10:23:44,084|[TRACE] HqlParser - -> statement
2021-11-19T10:23:44,084|[TRACE] HqlParser - ---> selectStatement
2021-11-19T10:23:44,084|[TRACE] HqlParser - -----> queryRule
2021-11-19T10:23:44,084|[TRACE] HqlParser - -------> selectFrom
2021-11-19T10:23:44,084|[TRACE] HqlParser - ---------> selectClause
2021-11-19T10:23:44,084|[TRACE] HqlParser - -----------> selectedPropertiesList
2021-11-19T10:23:44,084|[TRACE] HqlParser - -------------> aliasedExpression
2021-11-19T10:23:44,084|[TRACE] HqlParser - ---------------> expression
2021-11-19T10:23:44,084|[TRACE] HqlParser - -----------------> logicalOrExpression
2021-11-19T10:23:44,084|[TRACE] HqlParser - -------------------> logicalAndExpression
2021-11-19T10:23:44,084|[TRACE] HqlParser - ---------------------> negatedExpression
2021-11-19T10:23:44,084|[TRACE] HqlParser - -----------------------> equalityExpression
2021-11-19T10:23:44,084|[TRACE] HqlParser - -------------------------> relationalExpression
2021-11-19T10:23:44,084|[TRACE] HqlParser - ---------------------------> concatenation
2021-11-19T10:23:44,084|[TRACE] HqlParser - -----------------------------> additiveExpression
2021-11-19T10:23:44,084|[TRACE] HqlParser - -------------------------------> multiplyExpression
2021-11-19T10:23:44,084|[TRACE] HqlParser - ---------------------------------> unaryExpression
2021-11-19T10:23:44,084|[TRACE] HqlParser - -----------------------------------> atom
2021-11-19T10:23:44,084|[TRACE] HqlParser - -------------------------------------> primaryExpression
2021-11-19T10:23:44,084|[TRACE] HqlParser - ---------------------------------------> identPrimary
2021-11-19T10:23:44,084|[TRACE] HqlParser - -----------------------------------------> aggregate
2021-11-19T10:23:44,084|[TRACE] HqlParser - -------------------------------------------> path
2021-11-19T10:23:44,084|[TRACE] HqlParser - ---------------------------------------------> identifier
2021-11-19T10:23:44,084|[TRACE] HqlParser - <--------------------------------------------- identifier
2021-11-19T10:23:44,084|[TRACE] HqlParser - <------------------------------------------- path
2021-11-19T10:23:44,084|[TRACE] HqlParser - <----------------------------------------- aggregate
2021-11-19T10:23:44,084|[TRACE] HqlParser - <--------------------------------------- identPrimary
2021-11-19T10:23:44,084|[TRACE] HqlParser - <------------------------------------- primaryExpression
2021-11-19T10:23:44,084|[TRACE] HqlParser - <----------------------------------- atom
2021-11-19T10:23:44,084|[TRACE] HqlParser - <--------------------------------- unaryExpression
2021-11-19T10:23:44,084|[TRACE] HqlParser - <------------------------------- multiplyExpression
2021-11-19T10:23:44,084|[TRACE] HqlParser - <----------------------------- additiveExpression
2021-11-19T10:23:44,084|[TRACE] HqlParser - <--------------------------- concatenation
2021-11-19T10:23:44,084|[TRACE] HqlParser - <------------------------- relationalExpression
2021-11-19T10:23:44,084|[TRACE] HqlParser - <----------------------- equalityExpression
2021-11-19T10:23:44,084|[TRACE] HqlParser - <--------------------- negatedExpression
2021-11-19T10:23:44,084|[TRACE] HqlParser - <------------------- logicalAndExpression
2021-11-19T10:23:44,084|[TRACE] HqlParser - <----------------- logicalOrExpression
2021-11-19T10:23:44,084|[TRACE] HqlParser - <--------------- expression
2021-11-19T10:23:44,084|[TRACE] HqlParser - <------------- aliasedExpression
2021-11-19T10:23:44,084|[TRACE] HqlParser - <----------- selectedPropertiesList
2021-11-19T10:23:44,084|[TRACE] HqlParser - <--------- selectClause
2021-11-19T10:23:44,084|[TRACE] HqlParser - ---------> fromClause
2021-11-19T10:23:44,084|[TRACE] HqlParser - -----------> fromRange
2021-11-19T10:23:44,084|[TRACE] HqlParser - -------------> fromClassOrOuterQueryPath
2021-11-19T10:23:44,084|[TRACE] HqlParser - ---------------> path
2021-11-19T10:23:44,085|[TRACE] HqlParser - -----------------> identifier
2021-11-19T10:23:44,085|[TRACE] HqlParser - <----------------- identifier
2021-11-19T10:23:44,085|[TRACE] HqlParser - -----------------> identifier
2021-11-19T10:23:44,085|[TRACE] HqlParser - <----------------- identifier
2021-11-19T10:23:44,085|[TRACE] HqlParser - -----------------> identifier
2021-11-19T10:23:44,085|[TRACE] HqlParser - <----------------- identifier
2021-11-19T10:23:44,085|[TRACE] HqlParser - <--------------- path
2021-11-19T10:23:44,085|[TRACE] HqlParser - ---------------> asAlias
2021-11-19T10:23:44,085|[TRACE] HqlParser - -----------------> alias
2021-11-19T10:23:44,085|[TRACE] HqlParser - -------------------> identifier
2021-11-19T10:23:44,085|[TRACE] HqlParser - <------------------- identifier
2021-11-19T10:23:44,085|[TRACE] HqlParser - <----------------- alias
2021-11-19T10:23:44,085|[TRACE] HqlParser - <--------------- asAlias
2021-11-19T10:23:44,085|[TRACE] HqlParser - <------------- fromClassOrOuterQueryPath
2021-11-19T10:23:44,085|[TRACE] HqlParser - <----------- fromRange
2021-11-19T10:23:44,085|[TRACE] HqlParser - <--------- fromClause
2021-11-19T10:23:44,085|[TRACE] HqlParser - <------- selectFrom
2021-11-19T10:23:44,085|[TRACE] HqlParser - <----- queryRule
2021-11-19T10:23:44,085|[TRACE] HqlParser - <--- selectStatement
2021-11-19T10:23:44,085|[TRACE] HqlParser - <- statement
2021-11-19T10:23:44,085|[DEBUG] ErrorTracker - throwQueryException() : no errors
2021-11-19T10:23:44,085|[DEBUG] QueryTranslatorImpl - --- HQL AST ---
 \-[QUERY] Node: 'query'
    \-[SELECT_FROM] Node: 'SELECT_FROM'
       +-[FROM] Node: 'from'
       |  \-[RANGE] Node: 'RANGE'
       |     +-[DOT] Node: '.'
       |     |  +-[DOT] Node: '.'
       |     |  |  +-[IDENT] Node: 'bloodbank'
       |     |  |  \-[IDENT] Node: 'entity'
       |     |  \-[IDENT] Node: 'BloodDonation'
       |     \-[ALIAS] Node: 'generatedAlias0'
       \-[SELECT] Node: 'select'
          \-[COUNT] Node: 'count'
             \-[IDENT] Node: 'generatedAlias0'

2021-11-19T10:23:44,085|[DEBUG] HqlSqlBaseWalker - select << begin [level=1, statement=select]
2021-11-19T10:23:44,085|[DEBUG] FromElement - FromClause{level=1} : bloodbank.entity.BloodDonation (generatedAlias0) -> blooddonat0_
2021-11-19T10:23:44,085|[DEBUG] FromReferenceNode - Resolved : generatedAlias0 -> blooddonat0_.donation_id
2021-11-19T10:23:44,085|[DEBUG] HqlSqlBaseWalker - select : finishing up [level=1, statement=select]
2021-11-19T10:23:44,085|[DEBUG] HqlSqlWalker - processQuery() :  ( SELECT ( {select clause} ( count blooddonat0_.donation_id ) ) ( FromClause{level=1} blood_donation blooddonat0_ ) )
2021-11-19T10:23:44,086|[DEBUG] JoinProcessor - Tables referenced from query nodes:
 \-QueryNode
    +-SelectClause
    |  +-CountNode
    |  |  \-IdentNode
    |  |    persister: SingleTableEntityPersister(bloodbank.entity.BloodDonation)
    |  |    originalText: generatedAlias0
    |  \-SqlNode
    \-FromClause
       \-FromElement

2021-11-19T10:23:44,086|[DEBUG] JoinProcessor - Using FROM fragment [blood_donation blooddonat0_]
2021-11-19T10:23:44,086|[DEBUG] HqlSqlBaseWalker - select >> end [level=1, statement=select]
2021-11-19T10:23:44,086|[DEBUG] QueryTranslatorImpl - --- SQL AST ---
 \-[SELECT] QueryNode: 'SELECT'  querySpaces (blood_donation)
    +-[SELECT_CLAUSE] SelectClause: '{select clause}'
    |  +-[COUNT] CountNode: 'count'
    |  |  \-[ALIAS_REF] IdentNode: 'blooddonat0_.donation_id' {alias=generatedAlias0, className=bloodbank.entity.BloodDonation, tableAlias=blooddonat0_}
    |  \-[SELECT_COLUMNS] SqlNode: ' as col_0_0_'
    \-[FROM] FromClause: 'from' FromClause{level=1, fromElementCounter=1, fromElements=1, fromElementByClassAlias=[generatedAlias0], fromElementByTableAlias=[blooddonat0_], fromElementsByPath=[], collectionJoinFromElementsByPath=[], impliedElements=[]}
       \-[FROM_FRAGMENT] FromElement: 'blood_donation blooddonat0_' FromElement{explicit,not a collection join,not a fetch join,fetch non-lazy properties,classAlias=generatedAlias0,role=null,tableName=blood_donation,tableAlias=blooddonat0_,origin=null,columns={,className=bloodbank.entity.BloodDonation}}

2021-11-19T10:23:44,086|[DEBUG] ErrorTracker - throwQueryException() : no errors
2021-11-19T10:23:44,086|[DEBUG] QueryTranslatorImpl - HQL: select count(generatedAlias0) from bloodbank.entity.BloodDonation as generatedAlias0
2021-11-19T10:23:44,086|[DEBUG] QueryTranslatorImpl - SQL: select count(blooddonat0_.donation_id) as col_0_0_ from blood_donation blooddonat0_
2021-11-19T10:23:44,086|[DEBUG] ErrorTracker - throwQueryException() : no errors
2021-11-19T10:23:44,086|[TRACE] QueryPlanCache - Located HQL query plan in cache (select count(generatedAlias0) from BloodDonation as generatedAlias0)
2021-11-19T10:23:44,086|[TRACE] QueryPlanCache - Located HQL query plan in cache (select count(generatedAlias0) from BloodDonation as generatedAlias0)
2021-11-19T10:23:44,086|[TRACE] HQLQueryPlan - Find: select count(generatedAlias0) from BloodDonation as generatedAlias0
2021-11-19T10:23:44,086|[TRACE] QueryParameters - Named parameters: {}
2021-11-19T10:23:44,086|[DEBUG] SQL - 
    /* select
        count(generatedAlias0) 
    from
        BloodDonation as generatedAlias0 */ select
            count(blooddonat0_.donation_id) as col_0_0_ 
        from
            blood_donation blooddonat0_
2021-11-19T10:23:44,087|[TRACE] ResourceRegistryStandardImpl - Registering statement [com.mysql.cj.jdbc.ClientPreparedStatement: /* select count(generatedAlias0) from BloodDonation as generatedAlias0 */ select count(blooddonat0_.donation_id) as col_0_0_ from blood_donation blooddonat0_]
2021-11-19T10:23:44,087|[TRACE] JdbcCoordinatorImpl - Registering last query statement [com.mysql.cj.jdbc.ClientPreparedStatement: /* select count(generatedAlias0) from BloodDonation as generatedAlias0 */ select count(blooddonat0_.donation_id) as col_0_0_ from blood_donation blooddonat0_]
2021-11-19T10:23:44,087|[TRACE] Loader - Bound [1] parameters total
2021-11-19T10:23:44,088|[TRACE] ResourceRegistryStandardImpl - Registering result set [com.mysql.cj.jdbc.result.ResultSetImpl@56ba8e8c]
2021-11-19T10:23:44,088|[TRACE] Loader - Processing result set
2021-11-19T10:23:44,088|[DEBUG] Loader - Result set row: 0
2021-11-19T10:23:44,088|[DEBUG] Loader - Result row: 
2021-11-19T10:23:44,088|[TRACE] BasicExtractor - extracted value ([col_0_0_] : [BIGINT]) - [0]
2021-11-19T10:23:44,088|[TRACE] Loader - Done processing result set (1 rows)
2021-11-19T10:23:44,088|[TRACE] ResourceRegistryStandardImpl - Releasing statement [com.mysql.cj.jdbc.ClientPreparedStatement: /* select count(generatedAlias0) from BloodDonation as generatedAlias0 */ select count(blooddonat0_.donation_id) as col_0_0_ from blood_donation blooddonat0_]
2021-11-19T10:23:44,088|[TRACE] ResourceRegistryStandardImpl - Closing result set [com.mysql.cj.jdbc.result.ResultSetImpl@56ba8e8c]
2021-11-19T10:23:44,088|[TRACE] ResourceRegistryStandardImpl - Closing prepared statement [com.mysql.cj.jdbc.ClientPreparedStatement: /* select count(generatedAlias0) from BloodDonation as generatedAlias0 */ select count(blooddonat0_.donation_id) as col_0_0_ from blood_donation blooddonat0_]
2021-11-19T10:23:44,088|[TRACE] JdbcCoordinatorImpl - Starting after statement execution processing [AFTER_TRANSACTION]
2021-11-19T10:23:44,088|[TRACE] StatefulPersistenceContext - Initializing non-lazy collections
2021-11-19T10:23:44,088|[TRACE] AbstractLogicalConnectionImplementor - LogicalConnection#afterTransaction
2021-11-19T10:23:44,088|[TRACE] ResourceRegistryStandardImpl - Releasing JDBC resources
2021-11-19T10:23:44,088|[DEBUG] LogicalConnectionManagedImpl - Initiating JDBC connection release from afterTransaction
2021-11-19T10:23:44,089|[TRACE] ResourceRegistryStandardImpl - Releasing JDBC resources
2021-11-19T10:23:44,090|[TRACE] SessionImpl - Closing session [8ab60605-7eff-4378-88d8-5711b8038e6e]
2021-11-19T10:23:44,090|[TRACE] JdbcCoordinatorImpl - Closing JDBC container [org.hibernate.engine.jdbc.internal.JdbcCoordinatorImpl@40ddf339]
2021-11-19T10:23:44,090|[TRACE] ResourceRegistryStandardImpl - Releasing JDBC resources
2021-11-19T10:23:44,090|[TRACE] LogicalConnectionManagedImpl - Closing logical connection
2021-11-19T10:23:44,090|[TRACE] LogicalConnectionManagedImpl - Logical connection closed
]]></system-out>
  </testcase>
  <testcase name="testCreate" classname="bloodbank.entity.TestCRUDBloodDonation" time="0.034">
    <system-out><![CDATA[2021-11-19T10:23:44,092|[TRACE] SessionFactoryImpl$SessionBuilderImpl - Opening Hibernate Session.  tenant=null
2021-11-19T10:23:44,092|[TRACE] SessionImpl - Opened Session [16a20fd5-bb78-4f0e-a2a5-0c9a5c99e379] at timestamp: 1637335424092
2021-11-19T10:23:44,092|[DEBUG] TransactionImpl - On TransactionImpl creation, JpaCompliance#isJpaTransactionComplianceEnabled == false
2021-11-19T10:23:44,093|[DEBUG] TransactionImpl - begin
2021-11-19T10:23:44,093|[TRACE] AbstractLogicalConnectionImplementor - Preparing to begin transaction via JDBC Connection.setAutoCommit(false)
2021-11-19T10:23:44,094|[TRACE] AbstractLogicalConnectionImplementor - Transaction begun via JDBC Connection.setAutoCommit(false)
2021-11-19T10:23:44,094|[TRACE] JdbcResourceLocalTransactionCoordinatorImpl - ResourceLocalTransactionCoordinatorImpl#afterBeginCallback
2021-11-19T10:23:44,094|[TRACE] VersionValue - Version unsaved-value strategy UNDEFINED
2021-11-19T10:23:44,094|[TRACE] IdentifierValue - ID unsaved-value: 0
2021-11-19T10:23:44,094|[TRACE] EntityState - Transient instance of: bloodbank.entity.Person
2021-11-19T10:23:44,094|[TRACE] DefaultPersistEventListener - Saving transient instance
2021-11-19T10:23:44,094|[TRACE] AbstractSaveEventListener - Saving [bloodbank.entity.Person#<null>]
2021-11-19T10:23:44,094|[TRACE] Cascade - Processing cascade ACTION_PERSIST for: bloodbank.entity.Person
2021-11-19T10:23:44,094|[TRACE] Cascade - Done processing cascade ACTION_PERSIST for: bloodbank.entity.Person
2021-11-19T10:23:44,094|[TRACE] Versioning - Using initial version: 0
2021-11-19T10:23:44,094|[TRACE] WrapVisitor - Wrapped collection in role: bloodbank.entity.Person.contacts
2021-11-19T10:23:44,094|[TRACE] WrapVisitor - Wrapped collection in role: bloodbank.entity.Person.donations
2021-11-19T10:23:44,094|[TRACE] ActionQueue - Adding an EntityIdentityInsertAction for [bloodbank.entity.Person] object
2021-11-19T10:23:44,094|[TRACE] ActionQueue - Executing inserts before finding non-nullable transient entities for early insert: [EntityIdentityInsertAction[bloodbank.entity.Person#<null>]]
2021-11-19T10:23:44,094|[TRACE] ActionQueue - Adding insert with no non-nullable, transient entities: [EntityIdentityInsertAction[bloodbank.entity.Person#<null>]]
2021-11-19T10:23:44,094|[TRACE] ActionQueue - Executing insertions before resolved early-insert
2021-11-19T10:23:44,094|[DEBUG] ActionQueue - Executing identity-insert immediately
2021-11-19T10:23:44,094|[TRACE] AbstractEntityPersister - Inserting entity: bloodbank.entity.Person (native id)
2021-11-19T10:23:44,094|[TRACE] AbstractEntityPersister - Version: 0
2021-11-19T10:23:44,095|[DEBUG] SQL - 
    /* insert bloodbank.entity.Person
        */ insert 
        into
            person
            (created, updated, version, first_name, last_name) 
        values
            (?, ?, ?, ?, ?)
2021-11-19T10:23:44,095|[TRACE] ResourceRegistryStandardImpl - Registering statement [com.mysql.cj.jdbc.ClientPreparedStatement: /* insert bloodbank.entity.Person */ insert into person (created, updated, version, first_name, last_name) values (** NOT SPECIFIED **, ** NOT SPECIFIED **, ** NOT SPECIFIED **, ** NOT SPECIFIED **, ** NOT SPECIFIED **)]
2021-11-19T10:23:44,095|[TRACE] AbstractEntityPersister - Dehydrating entity: [bloodbank.entity.Person#<null>]
2021-11-19T10:23:44,095|[TRACE] BasicBinder - binding parameter [1] as [BIGINT] - [1637335424094]
2021-11-19T10:23:44,095|[TRACE] BasicBinder - binding parameter [2] as [BIGINT] - [1637335424094]
2021-11-19T10:23:44,095|[TRACE] BasicBinder - binding parameter [3] as [INTEGER] - [0]
2021-11-19T10:23:44,095|[TRACE] BasicBinder - binding parameter [4] as [VARCHAR] - [Simzhuo]
2021-11-19T10:23:44,095|[TRACE] BasicBinder - binding parameter [5] as [VARCHAR] - [Aho]
2021-11-19T10:23:44,097|[DEBUG] IdentifierGeneratorHelper - Natively generated identity: 1
2021-11-19T10:23:44,098|[TRACE] ResourceRegistryStandardImpl - Releasing result set [com.mysql.cj.jdbc.result.ResultSetImpl@53e82089]
2021-11-19T10:23:44,098|[TRACE] ResourceRegistryStandardImpl - Closing result set [com.mysql.cj.jdbc.result.ResultSetImpl@53e82089]
2021-11-19T10:23:44,098|[TRACE] ResourceRegistryStandardImpl - Releasing statement [com.mysql.cj.jdbc.ClientPreparedStatement: /* insert bloodbank.entity.Person */ insert into person (created, updated, version, first_name, last_name) values (1637335424094, 1637335424094, 0, 'Simzhuo', 'Aho')]
2021-11-19T10:23:44,098|[DEBUG] ResourceRegistryStandardImpl - HHH000387: ResultSet's statement was not registered
2021-11-19T10:23:44,098|[TRACE] ResourceRegistryStandardImpl - Closing prepared statement [com.mysql.cj.jdbc.ClientPreparedStatement: /* insert bloodbank.entity.Person */ insert into person (created, updated, version, first_name, last_name) values (1637335424094, 1637335424094, 0, 'Simzhuo', 'Aho')]
2021-11-19T10:23:44,098|[TRACE] JdbcCoordinatorImpl - Starting after statement execution processing [AFTER_TRANSACTION]
2021-11-19T10:23:44,098|[TRACE] Cascade - Processing cascade ACTION_PERSIST for: bloodbank.entity.Person
2021-11-19T10:23:44,098|[TRACE] Cascade - Cascade ACTION_PERSIST for collection: bloodbank.entity.Person.contacts
2021-11-19T10:23:44,098|[TRACE] Cascade - Done cascade ACTION_PERSIST for collection: bloodbank.entity.Person.contacts
2021-11-19T10:23:44,098|[TRACE] Cascade - Cascade ACTION_PERSIST for collection: bloodbank.entity.Person.donations
2021-11-19T10:23:44,098|[TRACE] Cascade - Done cascade ACTION_PERSIST for collection: bloodbank.entity.Person.donations
2021-11-19T10:23:44,098|[TRACE] Cascade - Done processing cascade ACTION_PERSIST for: bloodbank.entity.Person
2021-11-19T10:23:44,098|[TRACE] VersionValue - Version unsaved-value strategy UNDEFINED
2021-11-19T10:23:44,098|[TRACE] IdentifierValue - ID unsaved-value: 0
2021-11-19T10:23:44,099|[TRACE] EntityState - Transient instance of: bloodbank.entity.DonationRecord
2021-11-19T10:23:44,099|[TRACE] DefaultPersistEventListener - Saving transient instance
2021-11-19T10:23:44,099|[TRACE] AbstractSaveEventListener - Saving [bloodbank.entity.DonationRecord#<null>]
2021-11-19T10:23:44,099|[TRACE] Cascade - Processing cascade ACTION_PERSIST for: bloodbank.entity.DonationRecord
2021-11-19T10:23:44,099|[TRACE] CascadingAction - Cascading to persist: bloodbank.entity.BloodDonation
2021-11-19T10:23:44,100|[TRACE] VersionValue - Version unsaved-value strategy UNDEFINED
2021-11-19T10:23:44,100|[TRACE] IdentifierValue - ID unsaved-value: 0
2021-11-19T10:23:44,100|[TRACE] EntityState - Transient instance of: bloodbank.entity.BloodDonation
2021-11-19T10:23:44,100|[TRACE] DefaultPersistEventListener - Saving transient instance
2021-11-19T10:23:44,100|[TRACE] AbstractSaveEventListener - Saving [bloodbank.entity.BloodDonation#<null>]
2021-11-19T10:23:44,100|[TRACE] Cascade - Processing cascade ACTION_PERSIST for: bloodbank.entity.BloodDonation
2021-11-19T10:23:44,100|[TRACE] CascadingAction - Cascading to persist: bloodbank.entity.BloodBank
2021-11-19T10:23:44,100|[TRACE] VersionValue - Version unsaved-value strategy UNDEFINED
2021-11-19T10:23:44,100|[TRACE] IdentifierValue - ID unsaved-value: 0
2021-11-19T10:23:44,100|[TRACE] EntityState - Transient instance of: bloodbank.entity.BloodBank
2021-11-19T10:23:44,100|[TRACE] DefaultPersistEventListener - Saving transient instance
2021-11-19T10:23:44,100|[TRACE] AbstractSaveEventListener - Saving [bloodbank.entity.PrivateBloodBank#<null>]
2021-11-19T10:23:44,100|[TRACE] Cascade - Processing cascade ACTION_PERSIST for: bloodbank.entity.PrivateBloodBank
2021-11-19T10:23:44,100|[TRACE] Cascade - Done processing cascade ACTION_PERSIST for: bloodbank.entity.PrivateBloodBank
2021-11-19T10:23:44,100|[TRACE] Versioning - Using initial version: 0
2021-11-19T10:23:44,100|[TRACE] WrapVisitor - Wrapped collection in role: bloodbank.entity.BloodBank.donations
2021-11-19T10:23:44,101|[TRACE] ActionQueue - Adding an EntityIdentityInsertAction for [bloodbank.entity.PrivateBloodBank] object
2021-11-19T10:23:44,101|[TRACE] ActionQueue - Executing inserts before finding non-nullable transient entities for early insert: [EntityIdentityInsertAction[bloodbank.entity.PrivateBloodBank#<null>]]
2021-11-19T10:23:44,101|[TRACE] ActionQueue - Adding insert with no non-nullable, transient entities: [EntityIdentityInsertAction[bloodbank.entity.PrivateBloodBank#<null>]]
2021-11-19T10:23:44,101|[TRACE] ActionQueue - Executing insertions before resolved early-insert
2021-11-19T10:23:44,101|[DEBUG] ActionQueue - Executing identity-insert immediately
2021-11-19T10:23:44,101|[TRACE] AbstractEntityPersister - Inserting entity: bloodbank.entity.PrivateBloodBank (native id)
2021-11-19T10:23:44,101|[TRACE] AbstractEntityPersister - Version: 0
2021-11-19T10:23:44,101|[DEBUG] SQL - 
    /* insert bloodbank.entity.PrivateBloodBank
        */ insert 
        into
            blood_bank
            (created, updated, version, name, privately_owned) 
        values
            (?, ?, ?, ?, 1)
2021-11-19T10:23:44,101|[TRACE] ResourceRegistryStandardImpl - Registering statement [com.mysql.cj.jdbc.ClientPreparedStatement: /* insert bloodbank.entity.PrivateBloodBank */ insert into blood_bank (created, updated, version, name, privately_owned) values (** NOT SPECIFIED **, ** NOT SPECIFIED **, ** NOT SPECIFIED **, ** NOT SPECIFIED **, 1)]
2021-11-19T10:23:44,101|[TRACE] AbstractEntityPersister - Dehydrating entity: [bloodbank.entity.PrivateBloodBank#<null>]
2021-11-19T10:23:44,101|[TRACE] BasicBinder - binding parameter [1] as [BIGINT] - [1637335424100]
2021-11-19T10:23:44,101|[TRACE] BasicBinder - binding parameter [2] as [BIGINT] - [1637335424100]
2021-11-19T10:23:44,102|[TRACE] BasicBinder - binding parameter [3] as [INTEGER] - [0]
2021-11-19T10:23:44,102|[TRACE] BasicBinder - binding parameter [4] as [VARCHAR] - [Simzhuo Blood Bank]
2021-11-19T10:23:44,103|[DEBUG] IdentifierGeneratorHelper - Natively generated identity: 1
2021-11-19T10:23:44,103|[TRACE] ResourceRegistryStandardImpl - Releasing result set [com.mysql.cj.jdbc.result.ResultSetImpl@7ccf6114]
2021-11-19T10:23:44,103|[TRACE] ResourceRegistryStandardImpl - Closing result set [com.mysql.cj.jdbc.result.ResultSetImpl@7ccf6114]
2021-11-19T10:23:44,103|[TRACE] ResourceRegistryStandardImpl - Releasing statement [com.mysql.cj.jdbc.ClientPreparedStatement: /* insert bloodbank.entity.PrivateBloodBank */ insert into blood_bank (created, updated, version, name, privately_owned) values (1637335424100, 1637335424100, 0, 'Simzhuo Blood Bank', 1)]
2021-11-19T10:23:44,103|[DEBUG] ResourceRegistryStandardImpl - HHH000387: ResultSet's statement was not registered
2021-11-19T10:23:44,103|[TRACE] ResourceRegistryStandardImpl - Closing prepared statement [com.mysql.cj.jdbc.ClientPreparedStatement: /* insert bloodbank.entity.PrivateBloodBank */ insert into blood_bank (created, updated, version, name, privately_owned) values (1637335424100, 1637335424100, 0, 'Simzhuo Blood Bank', 1)]
2021-11-19T10:23:44,103|[TRACE] JdbcCoordinatorImpl - Starting after statement execution processing [AFTER_TRANSACTION]
2021-11-19T10:23:44,103|[TRACE] Cascade - Processing cascade ACTION_PERSIST for: bloodbank.entity.PrivateBloodBank
2021-11-19T10:23:44,103|[TRACE] Cascade - Cascade ACTION_PERSIST for collection: bloodbank.entity.BloodBank.donations
2021-11-19T10:23:44,103|[TRACE] CascadingAction - Cascading to persist: bloodbank.entity.BloodDonation
2021-11-19T10:23:44,103|[TRACE] EntityState - Persistent instance of: bloodbank.entity.BloodDonation
2021-11-19T10:23:44,103|[TRACE] DefaultPersistEventListener - Ignoring persistent instance
2021-11-19T10:23:44,103|[TRACE] Cascade - Done cascade ACTION_PERSIST for collection: bloodbank.entity.BloodBank.donations
2021-11-19T10:23:44,103|[TRACE] Cascade - Done processing cascade ACTION_PERSIST for: bloodbank.entity.PrivateBloodBank
2021-11-19T10:23:44,103|[TRACE] Cascade - Done processing cascade ACTION_PERSIST for: bloodbank.entity.BloodDonation
2021-11-19T10:23:44,103|[TRACE] Versioning - Using initial version: 0
2021-11-19T10:23:44,104|[TRACE] ActionQueue - Adding an EntityIdentityInsertAction for [bloodbank.entity.BloodDonation] object
2021-11-19T10:23:44,104|[TRACE] ActionQueue - Executing inserts before finding non-nullable transient entities for early insert: [EntityIdentityInsertAction[bloodbank.entity.BloodDonation#<null>]]
2021-11-19T10:23:44,104|[TRACE] ActionQueue - Adding insert with no non-nullable, transient entities: [EntityIdentityInsertAction[bloodbank.entity.BloodDonation#<null>]]
2021-11-19T10:23:44,104|[TRACE] ActionQueue - Executing insertions before resolved early-insert
2021-11-19T10:23:44,104|[DEBUG] ActionQueue - Executing identity-insert immediately
2021-11-19T10:23:44,104|[TRACE] AbstractEntityPersister - Inserting entity: bloodbank.entity.BloodDonation (native id)
2021-11-19T10:23:44,104|[TRACE] AbstractEntityPersister - Version: 0
2021-11-19T10:23:44,104|[DEBUG] SQL - 
    /* insert bloodbank.entity.BloodDonation
        */ insert 
        into
            blood_donation
            (created, updated, version, bank_id, blood_group, rhd, milliliters) 
        values
            (?, ?, ?, ?, ?, ?, ?)
2021-11-19T10:23:44,105|[TRACE] ResourceRegistryStandardImpl - Registering statement [com.mysql.cj.jdbc.ClientPreparedStatement: /* insert bloodbank.entity.BloodDonation */ insert into blood_donation (created, updated, version, bank_id, blood_group, rhd, milliliters) values (** NOT SPECIFIED **, ** NOT SPECIFIED **, ** NOT SPECIFIED **, ** NOT SPECIFIED **, ** NOT SPECIFIED **, ** NOT SPECIFIED **, ** NOT SPECIFIED **)]
2021-11-19T10:23:44,105|[TRACE] AbstractEntityPersister - Dehydrating entity: [bloodbank.entity.BloodDonation#<null>]
2021-11-19T10:23:44,105|[TRACE] BasicBinder - binding parameter [1] as [BIGINT] - [1637335424100]
2021-11-19T10:23:44,105|[TRACE] BasicBinder - binding parameter [2] as [BIGINT] - [1637335424100]
2021-11-19T10:23:44,105|[TRACE] BasicBinder - binding parameter [3] as [INTEGER] - [0]
2021-11-19T10:23:44,105|[TRACE] BasicBinder - binding parameter [4] as [INTEGER] - [1]
2021-11-19T10:23:44,105|[TRACE] BasicBinder - binding parameter [5] as [VARCHAR] - [AB]
2021-11-19T10:23:44,106|[TRACE] BasicBinder - binding parameter [6] as [TINYINT] - [1]
2021-11-19T10:23:44,106|[TRACE] BasicBinder - binding parameter [7] as [INTEGER] - [5]
2021-11-19T10:23:44,108|[DEBUG] IdentifierGeneratorHelper - Natively generated identity: 1
2021-11-19T10:23:44,108|[TRACE] ResourceRegistryStandardImpl - Releasing result set [com.mysql.cj.jdbc.result.ResultSetImpl@6fcc0a1]
2021-11-19T10:23:44,108|[TRACE] ResourceRegistryStandardImpl - Closing result set [com.mysql.cj.jdbc.result.ResultSetImpl@6fcc0a1]
2021-11-19T10:23:44,108|[TRACE] ResourceRegistryStandardImpl - Releasing statement [com.mysql.cj.jdbc.ClientPreparedStatement: /* insert bloodbank.entity.BloodDonation */ insert into blood_donation (created, updated, version, bank_id, blood_group, rhd, milliliters) values (1637335424100, 1637335424100, 0, 1, 'AB', 1, 5)]
2021-11-19T10:23:44,108|[DEBUG] ResourceRegistryStandardImpl - HHH000387: ResultSet's statement was not registered
2021-11-19T10:23:44,108|[TRACE] ResourceRegistryStandardImpl - Closing prepared statement [com.mysql.cj.jdbc.ClientPreparedStatement: /* insert bloodbank.entity.BloodDonation */ insert into blood_donation (created, updated, version, bank_id, blood_group, rhd, milliliters) values (1637335424100, 1637335424100, 0, 1, 'AB', 1, 5)]
2021-11-19T10:23:44,108|[TRACE] JdbcCoordinatorImpl - Starting after statement execution processing [AFTER_TRANSACTION]
2021-11-19T10:23:44,108|[TRACE] Cascade - Processing cascade ACTION_PERSIST for: bloodbank.entity.BloodDonation
2021-11-19T10:23:44,108|[TRACE] Cascade - Done processing cascade ACTION_PERSIST for: bloodbank.entity.BloodDonation
2021-11-19T10:23:44,108|[TRACE] Cascade - Done processing cascade ACTION_PERSIST for: bloodbank.entity.DonationRecord
2021-11-19T10:23:44,108|[TRACE] Versioning - Using initial version: 0
2021-11-19T10:23:44,108|[TRACE] ActionQueue - Adding an EntityIdentityInsertAction for [bloodbank.entity.DonationRecord] object
2021-11-19T10:23:44,108|[TRACE] ActionQueue - Executing inserts before finding non-nullable transient entities for early insert: [EntityIdentityInsertAction[bloodbank.entity.DonationRecord#<null>]]
2021-11-19T10:23:44,108|[TRACE] ActionQueue - Adding insert with no non-nullable, transient entities: [EntityIdentityInsertAction[bloodbank.entity.DonationRecord#<null>]]
2021-11-19T10:23:44,108|[TRACE] ActionQueue - Executing insertions before resolved early-insert
2021-11-19T10:23:44,108|[DEBUG] ActionQueue - Executing identity-insert immediately
2021-11-19T10:23:44,108|[TRACE] AbstractEntityPersister - Inserting entity: bloodbank.entity.DonationRecord (native id)
2021-11-19T10:23:44,108|[TRACE] AbstractEntityPersister - Version: 0
2021-11-19T10:23:44,109|[DEBUG] SQL - 
    /* insert bloodbank.entity.DonationRecord
        */ insert 
        into
            donation_record
            (created, updated, version, donation_id, person_id, tested) 
        values
            (?, ?, ?, ?, ?, ?)
2021-11-19T10:23:44,109|[TRACE] ResourceRegistryStandardImpl - Registering statement [com.mysql.cj.jdbc.ClientPreparedStatement: /* insert bloodbank.entity.DonationRecord */ insert into donation_record (created, updated, version, donation_id, person_id, tested) values (** NOT SPECIFIED **, ** NOT SPECIFIED **, ** NOT SPECIFIED **, ** NOT SPECIFIED **, ** NOT SPECIFIED **, ** NOT SPECIFIED **)]
2021-11-19T10:23:44,109|[TRACE] AbstractEntityPersister - Dehydrating entity: [bloodbank.entity.DonationRecord#<null>]
2021-11-19T10:23:44,109|[TRACE] BasicBinder - binding parameter [1] as [BIGINT] - [1637335424099]
2021-11-19T10:23:44,109|[TRACE] BasicBinder - binding parameter [2] as [BIGINT] - [1637335424099]
2021-11-19T10:23:44,109|[TRACE] BasicBinder - binding parameter [3] as [INTEGER] - [0]
2021-11-19T10:23:44,109|[TRACE] BasicBinder - binding parameter [4] as [INTEGER] - [1]
2021-11-19T10:23:44,109|[TRACE] BasicBinder - binding parameter [5] as [INTEGER] - [1]
2021-11-19T10:23:44,109|[TRACE] BasicBinder - binding parameter [6] as [TINYINT] - [0]
2021-11-19T10:23:44,111|[DEBUG] IdentifierGeneratorHelper - Natively generated identity: 1
2021-11-19T10:23:44,111|[TRACE] ResourceRegistryStandardImpl - Releasing result set [com.mysql.cj.jdbc.result.ResultSetImpl@5c9b5e62]
2021-11-19T10:23:44,111|[TRACE] ResourceRegistryStandardImpl - Closing result set [com.mysql.cj.jdbc.result.ResultSetImpl@5c9b5e62]
2021-11-19T10:23:44,111|[TRACE] ResourceRegistryStandardImpl - Releasing statement [com.mysql.cj.jdbc.ClientPreparedStatement: /* insert bloodbank.entity.DonationRecord */ insert into donation_record (created, updated, version, donation_id, person_id, tested) values (1637335424099, 1637335424099, 0, 1, 1, 0)]
2021-11-19T10:23:44,111|[DEBUG] ResourceRegistryStandardImpl - HHH000387: ResultSet's statement was not registered
2021-11-19T10:23:44,111|[TRACE] ResourceRegistryStandardImpl - Closing prepared statement [com.mysql.cj.jdbc.ClientPreparedStatement: /* insert bloodbank.entity.DonationRecord */ insert into donation_record (created, updated, version, donation_id, person_id, tested) values (1637335424099, 1637335424099, 0, 1, 1, 0)]
2021-11-19T10:23:44,111|[TRACE] JdbcCoordinatorImpl - Starting after statement execution processing [AFTER_TRANSACTION]
2021-11-19T10:23:44,111|[TRACE] Cascade - Processing cascade ACTION_PERSIST for: bloodbank.entity.DonationRecord
2021-11-19T10:23:44,112|[TRACE] Cascade - Done processing cascade ACTION_PERSIST for: bloodbank.entity.DonationRecord
2021-11-19T10:23:44,112|[TRACE] EntityState - Persistent instance of: bloodbank.entity.PrivateBloodBank
2021-11-19T10:23:44,112|[TRACE] DefaultPersistEventListener - Ignoring persistent instance
2021-11-19T10:23:44,112|[TRACE] Cascade - Processing cascade ACTION_PERSIST for: bloodbank.entity.PrivateBloodBank
2021-11-19T10:23:44,112|[TRACE] Cascade - Done processing cascade ACTION_PERSIST for: bloodbank.entity.PrivateBloodBank
2021-11-19T10:23:44,112|[TRACE] Cascade - Processing cascade ACTION_PERSIST for: bloodbank.entity.PrivateBloodBank
2021-11-19T10:23:44,112|[TRACE] Cascade - Cascade ACTION_PERSIST for collection: bloodbank.entity.BloodBank.donations
2021-11-19T10:23:44,112|[TRACE] CascadingAction - Cascading to persist: bloodbank.entity.BloodDonation
2021-11-19T10:23:44,112|[TRACE] EntityState - Persistent instance of: bloodbank.entity.BloodDonation
2021-11-19T10:23:44,112|[TRACE] DefaultPersistEventListener - Ignoring persistent instance
2021-11-19T10:23:44,112|[TRACE] Cascade - Processing cascade ACTION_PERSIST for: bloodbank.entity.BloodDonation
2021-11-19T10:23:44,112|[TRACE] CascadingAction - Cascading to persist: bloodbank.entity.BloodBank
2021-11-19T10:23:44,112|[TRACE] EntityState - Persistent instance of: bloodbank.entity.BloodBank
2021-11-19T10:23:44,112|[TRACE] DefaultPersistEventListener - Ignoring persistent instance
2021-11-19T10:23:44,112|[TRACE] Cascade - Done processing cascade ACTION_PERSIST for: bloodbank.entity.BloodDonation
2021-11-19T10:23:44,112|[TRACE] Cascade - Processing cascade ACTION_PERSIST for: bloodbank.entity.BloodDonation
2021-11-19T10:23:44,112|[TRACE] Cascade - Done processing cascade ACTION_PERSIST for: bloodbank.entity.BloodDonation
2021-11-19T10:23:44,112|[TRACE] Cascade - Done cascade ACTION_PERSIST for collection: bloodbank.entity.BloodBank.donations
2021-11-19T10:23:44,112|[TRACE] Cascade - Done processing cascade ACTION_PERSIST for: bloodbank.entity.PrivateBloodBank
2021-11-19T10:23:44,112|[DEBUG] TransactionImpl - committing
2021-11-19T10:23:44,112|[TRACE] JdbcResourceLocalTransactionCoordinatorImpl - ResourceLocalTransactionCoordinatorImpl#beforeCompletionCallback
2021-11-19T10:23:44,112|[TRACE] SessionImpl - SessionImpl#beforeTransactionCompletion()
2021-11-19T10:23:44,112|[TRACE] SessionImpl - Automatically flushing session
2021-11-19T10:23:44,112|[TRACE] AbstractFlushingEventListener - Flushing session
2021-11-19T10:23:44,112|[DEBUG] AbstractFlushingEventListener - Processing flush-time cascades
2021-11-19T10:23:44,112|[TRACE] Cascade - Processing cascade ACTION_PERSIST_ON_FLUSH for: bloodbank.entity.Person
2021-11-19T10:23:44,112|[TRACE] Cascade - Cascade ACTION_PERSIST_ON_FLUSH for collection: bloodbank.entity.Person.contacts
2021-11-19T10:23:44,112|[TRACE] Cascade - Done cascade ACTION_PERSIST_ON_FLUSH for collection: bloodbank.entity.Person.contacts
2021-11-19T10:23:44,112|[TRACE] Cascade - Cascade ACTION_PERSIST_ON_FLUSH for collection: bloodbank.entity.Person.donations
2021-11-19T10:23:44,112|[TRACE] Cascade - Done cascade ACTION_PERSIST_ON_FLUSH for collection: bloodbank.entity.Person.donations
2021-11-19T10:23:44,112|[TRACE] Cascade - Done processing cascade ACTION_PERSIST_ON_FLUSH for: bloodbank.entity.Person
2021-11-19T10:23:44,112|[TRACE] Cascade - Processing cascade ACTION_PERSIST_ON_FLUSH for: bloodbank.entity.DonationRecord
2021-11-19T10:23:44,112|[TRACE] CascadingAction - Cascading to persist on flush: bloodbank.entity.BloodDonation
2021-11-19T10:23:44,113|[TRACE] EntityState - Persistent instance of: bloodbank.entity.BloodDonation
2021-11-19T10:23:44,113|[TRACE] DefaultPersistEventListener - Ignoring persistent instance
2021-11-19T10:23:44,113|[TRACE] Cascade - Processing cascade ACTION_PERSIST_ON_FLUSH for: bloodbank.entity.BloodDonation
2021-11-19T10:23:44,113|[TRACE] CascadingAction - Cascading to persist on flush: bloodbank.entity.BloodBank
2021-11-19T10:23:44,113|[TRACE] EntityState - Persistent instance of: bloodbank.entity.BloodBank
2021-11-19T10:23:44,113|[TRACE] DefaultPersistEventListener - Ignoring persistent instance
2021-11-19T10:23:44,113|[TRACE] Cascade - Processing cascade ACTION_PERSIST_ON_FLUSH for: bloodbank.entity.PrivateBloodBank
2021-11-19T10:23:44,113|[TRACE] Cascade - Done processing cascade ACTION_PERSIST_ON_FLUSH for: bloodbank.entity.PrivateBloodBank
2021-11-19T10:23:44,113|[TRACE] Cascade - Processing cascade ACTION_PERSIST_ON_FLUSH for: bloodbank.entity.PrivateBloodBank
2021-11-19T10:23:44,113|[TRACE] Cascade - Cascade ACTION_PERSIST_ON_FLUSH for collection: bloodbank.entity.BloodBank.donations
2021-11-19T10:23:44,113|[TRACE] CascadingAction - Cascading to persist on flush: bloodbank.entity.BloodDonation
2021-11-19T10:23:44,113|[TRACE] EntityState - Persistent instance of: bloodbank.entity.BloodDonation
2021-11-19T10:23:44,113|[TRACE] DefaultPersistEventListener - Ignoring persistent instance
2021-11-19T10:23:44,113|[TRACE] Cascade - Done cascade ACTION_PERSIST_ON_FLUSH for collection: bloodbank.entity.BloodBank.donations
2021-11-19T10:23:44,113|[TRACE] Cascade - Done processing cascade ACTION_PERSIST_ON_FLUSH for: bloodbank.entity.PrivateBloodBank
2021-11-19T10:23:44,113|[TRACE] Cascade - Done processing cascade ACTION_PERSIST_ON_FLUSH for: bloodbank.entity.BloodDonation
2021-11-19T10:23:44,113|[TRACE] Cascade - Processing cascade ACTION_PERSIST_ON_FLUSH for: bloodbank.entity.BloodDonation
2021-11-19T10:23:44,113|[TRACE] Cascade - Done processing cascade ACTION_PERSIST_ON_FLUSH for: bloodbank.entity.BloodDonation
2021-11-19T10:23:44,113|[TRACE] Cascade - Done processing cascade ACTION_PERSIST_ON_FLUSH for: bloodbank.entity.DonationRecord
2021-11-19T10:23:44,113|[TRACE] Cascade - Processing cascade ACTION_PERSIST_ON_FLUSH for: bloodbank.entity.BloodDonation
2021-11-19T10:23:44,113|[TRACE] CascadingAction - Cascading to persist on flush: bloodbank.entity.BloodBank
2021-11-19T10:23:44,113|[TRACE] EntityState - Persistent instance of: bloodbank.entity.BloodBank
2021-11-19T10:23:44,113|[TRACE] DefaultPersistEventListener - Ignoring persistent instance
2021-11-19T10:23:44,113|[TRACE] Cascade - Done processing cascade ACTION_PERSIST_ON_FLUSH for: bloodbank.entity.BloodDonation
2021-11-19T10:23:44,113|[TRACE] Cascade - Processing cascade ACTION_PERSIST_ON_FLUSH for: bloodbank.entity.PrivateBloodBank
2021-11-19T10:23:44,113|[TRACE] Cascade - Cascade ACTION_PERSIST_ON_FLUSH for collection: bloodbank.entity.BloodBank.donations
2021-11-19T10:23:44,113|[TRACE] CascadingAction - Cascading to persist on flush: bloodbank.entity.BloodDonation
2021-11-19T10:23:44,113|[TRACE] EntityState - Persistent instance of: bloodbank.entity.BloodDonation
2021-11-19T10:23:44,113|[TRACE] DefaultPersistEventListener - Ignoring persistent instance
2021-11-19T10:23:44,113|[TRACE] Cascade - Done cascade ACTION_PERSIST_ON_FLUSH for collection: bloodbank.entity.BloodBank.donations
2021-11-19T10:23:44,113|[TRACE] Cascade - Done processing cascade ACTION_PERSIST_ON_FLUSH for: bloodbank.entity.PrivateBloodBank
2021-11-19T10:23:44,113|[DEBUG] AbstractFlushingEventListener - Dirty checking collections
2021-11-19T10:23:44,113|[TRACE] AbstractFlushingEventListener - Flushing entities and processing referenced collections
2021-11-19T10:23:44,114|[DEBUG] Collections - Collection found: [bloodbank.entity.Person.contacts#1], was: [<unreferenced>] (initialized)
2021-11-19T10:23:44,114|[DEBUG] Collections - Collection found: [bloodbank.entity.Person.donations#1], was: [<unreferenced>] (initialized)
2021-11-19T10:23:44,114|[DEBUG] Collections - Collection found: [bloodbank.entity.BloodBank.donations#1], was: [<unreferenced>] (initialized)
2021-11-19T10:23:44,114|[TRACE] AbstractFlushingEventListener - Processing unreferenced collections
2021-11-19T10:23:44,114|[TRACE] AbstractFlushingEventListener - Scheduling collection removes/(re)creates/updates
2021-11-19T10:23:44,114|[DEBUG] AbstractFlushingEventListener - Flushed: 0 insertions, 0 updates, 0 deletions to 4 objects
2021-11-19T10:23:44,114|[DEBUG] AbstractFlushingEventListener - Flushed: 3 (re)creations, 0 updates, 0 removals to 3 collections
2021-11-19T10:23:44,114|[DEBUG] EntityPrinter - Listing entities:
2021-11-19T10:23:44,114|[DEBUG] EntityPrinter - bloodbank.entity.PrivateBloodBank{donations=[bloodbank.entity.BloodDonation#1], name=Simzhuo Blood Bank, id=1, epochCreated=1637335424100, version=0, epochUpdated=1637335424100}
2021-11-19T10:23:44,114|[DEBUG] EntityPrinter - bloodbank.entity.BloodDonation{bank=bloodbank.entity.BloodBank#1, record=bloodbank.entity.DonationRecord#1, milliliters=5, id=1, epochCreated=1637335424100, bloodType=component[bloodGroup,rhd]{bloodGroup=AB, rhd=1}, version=0, epochUpdated=1637335424100}
2021-11-19T10:23:44,114|[DEBUG] EntityPrinter - bloodbank.entity.DonationRecord{owner=bloodbank.entity.Person#1, tested=0, donation=bloodbank.entity.BloodDonation#1, id=1, epochCreated=1637335424099, version=0, epochUpdated=1637335424099}
2021-11-19T10:23:44,114|[DEBUG] EntityPrinter - bloodbank.entity.Person{firstName=Simzhuo, lastName=Aho, donations=[], id=1, epochCreated=1637335424094, version=0, contacts=[], epochUpdated=1637335424094}
2021-11-19T10:23:44,114|[TRACE] AbstractFlushingEventListener - Executing flush
2021-11-19T10:23:44,115|[TRACE] JdbcCoordinatorImpl - Starting after statement execution processing [AFTER_TRANSACTION]
2021-11-19T10:23:44,115|[TRACE] AbstractFlushingEventListener - Post flush
2021-11-19T10:23:44,115|[TRACE] AbstractLogicalConnectionImplementor - LogicalConnection#beforeTransactionCompletion
2021-11-19T10:23:44,115|[TRACE] SynchronizationRegistryStandardImpl - SynchronizationRegistryStandardImpl.notifySynchronizationsBeforeTransactionCompletion
2021-11-19T10:23:44,115|[TRACE] AbstractLogicalConnectionImplementor - Preparing to commit transaction via JDBC Connection.commit()
2021-11-19T10:23:44,117|[TRACE] AbstractLogicalConnectionImplementor - Transaction committed via JDBC Connection.commit()
2021-11-19T10:23:44,117|[TRACE] AbstractLogicalConnectionImplementor - LogicalConnection#afterTransaction
2021-11-19T10:23:44,117|[TRACE] ResourceRegistryStandardImpl - Releasing JDBC resources
2021-11-19T10:23:44,117|[DEBUG] LogicalConnectionManagedImpl - Initiating JDBC connection release from afterTransaction
2021-11-19T10:23:44,118|[TRACE] ResourceRegistryStandardImpl - Releasing JDBC resources
2021-11-19T10:23:44,118|[TRACE] JdbcResourceLocalTransactionCoordinatorImpl - ResourceLocalTransactionCoordinatorImpl#afterCompletionCallback(true)
2021-11-19T10:23:44,118|[TRACE] SynchronizationRegistryStandardImpl - SynchronizationRegistryStandardImpl.notifySynchronizationsAfterTransactionCompletion(3)
2021-11-19T10:23:44,118|[TRACE] AbstractLogicalConnectionImplementor - LogicalConnection#afterTransaction
2021-11-19T10:23:44,118|[TRACE] ResourceRegistryStandardImpl - Releasing JDBC resources
2021-11-19T10:23:44,118|[DEBUG] LogicalConnectionManagedImpl - Initiating JDBC connection release from afterTransaction
2021-11-19T10:23:44,118|[TRACE] SessionImpl - SessionImpl#afterTransactionCompletion(successful=true, delayed=false)
2021-11-19T10:23:44,118|[DEBUG] CriteriaQueryImpl - Rendered criteria query -> select count(generatedAlias0) from BloodDonation as generatedAlias0 where generatedAlias0.id=:id
2021-11-19T10:23:44,118|[TRACE] QueryPlanCache - Unable to locate HQL query plan in cache; generating (select count(generatedAlias0) from BloodDonation as generatedAlias0 where generatedAlias0.id=:id)
2021-11-19T10:23:44,118|[DEBUG] QueryTranslatorImpl - parse() - HQL: select count(generatedAlias0) from bloodbank.entity.BloodDonation as generatedAlias0 where generatedAlias0.id=:id
2021-11-19T10:23:44,118|[TRACE] HqlParser - -> statement
2021-11-19T10:23:44,118|[TRACE] HqlParser - ---> selectStatement
2021-11-19T10:23:44,118|[TRACE] HqlParser - -----> queryRule
2021-11-19T10:23:44,118|[TRACE] HqlParser - -------> selectFrom
2021-11-19T10:23:44,118|[TRACE] HqlParser - ---------> selectClause
2021-11-19T10:23:44,118|[TRACE] HqlParser - -----------> selectedPropertiesList
2021-11-19T10:23:44,118|[TRACE] HqlParser - -------------> aliasedExpression
2021-11-19T10:23:44,118|[TRACE] HqlParser - ---------------> expression
2021-11-19T10:23:44,118|[TRACE] HqlParser - -----------------> logicalOrExpression
2021-11-19T10:23:44,118|[TRACE] HqlParser - -------------------> logicalAndExpression
2021-11-19T10:23:44,118|[TRACE] HqlParser - ---------------------> negatedExpression
2021-11-19T10:23:44,118|[TRACE] HqlParser - -----------------------> equalityExpression
2021-11-19T10:23:44,118|[TRACE] HqlParser - -------------------------> relationalExpression
2021-11-19T10:23:44,118|[TRACE] HqlParser - ---------------------------> concatenation
2021-11-19T10:23:44,118|[TRACE] HqlParser - -----------------------------> additiveExpression
2021-11-19T10:23:44,118|[TRACE] HqlParser - -------------------------------> multiplyExpression
2021-11-19T10:23:44,118|[TRACE] HqlParser - ---------------------------------> unaryExpression
2021-11-19T10:23:44,118|[TRACE] HqlParser - -----------------------------------> atom
2021-11-19T10:23:44,118|[TRACE] HqlParser - -------------------------------------> primaryExpression
2021-11-19T10:23:44,118|[TRACE] HqlParser - ---------------------------------------> identPrimary
2021-11-19T10:23:44,118|[TRACE] HqlParser - -----------------------------------------> aggregate
2021-11-19T10:23:44,118|[TRACE] HqlParser - -------------------------------------------> path
2021-11-19T10:23:44,118|[TRACE] HqlParser - ---------------------------------------------> identifier
2021-11-19T10:23:44,118|[TRACE] HqlParser - <--------------------------------------------- identifier
2021-11-19T10:23:44,118|[TRACE] HqlParser - <------------------------------------------- path
2021-11-19T10:23:44,118|[TRACE] HqlParser - <----------------------------------------- aggregate
2021-11-19T10:23:44,118|[TRACE] HqlParser - <--------------------------------------- identPrimary
2021-11-19T10:23:44,118|[TRACE] HqlParser - <------------------------------------- primaryExpression
2021-11-19T10:23:44,118|[TRACE] HqlParser - <----------------------------------- atom
2021-11-19T10:23:44,118|[TRACE] HqlParser - <--------------------------------- unaryExpression
2021-11-19T10:23:44,118|[TRACE] HqlParser - <------------------------------- multiplyExpression
2021-11-19T10:23:44,118|[TRACE] HqlParser - <----------------------------- additiveExpression
2021-11-19T10:23:44,118|[TRACE] HqlParser - <--------------------------- concatenation
2021-11-19T10:23:44,118|[TRACE] HqlParser - <------------------------- relationalExpression
2021-11-19T10:23:44,118|[TRACE] HqlParser - <----------------------- equalityExpression
2021-11-19T10:23:44,118|[TRACE] HqlParser - <--------------------- negatedExpression
2021-11-19T10:23:44,118|[TRACE] HqlParser - <------------------- logicalAndExpression
2021-11-19T10:23:44,118|[TRACE] HqlParser - <----------------- logicalOrExpression
2021-11-19T10:23:44,118|[TRACE] HqlParser - <--------------- expression
2021-11-19T10:23:44,118|[TRACE] HqlParser - <------------- aliasedExpression
2021-11-19T10:23:44,118|[TRACE] HqlParser - <----------- selectedPropertiesList
2021-11-19T10:23:44,118|[TRACE] HqlParser - <--------- selectClause
2021-11-19T10:23:44,118|[TRACE] HqlParser - ---------> fromClause
2021-11-19T10:23:44,118|[TRACE] HqlParser - -----------> fromRange
2021-11-19T10:23:44,118|[TRACE] HqlParser - -------------> fromClassOrOuterQueryPath
2021-11-19T10:23:44,118|[TRACE] HqlParser - ---------------> path
2021-11-19T10:23:44,118|[TRACE] HqlParser - -----------------> identifier
2021-11-19T10:23:44,118|[TRACE] HqlParser - <----------------- identifier
2021-11-19T10:23:44,118|[TRACE] HqlParser - -----------------> identifier
2021-11-19T10:23:44,118|[TRACE] HqlParser - <----------------- identifier
2021-11-19T10:23:44,118|[TRACE] HqlParser - -----------------> identifier
2021-11-19T10:23:44,118|[TRACE] HqlParser - <----------------- identifier
2021-11-19T10:23:44,118|[TRACE] HqlParser - <--------------- path
2021-11-19T10:23:44,119|[TRACE] HqlParser - ---------------> asAlias
2021-11-19T10:23:44,119|[TRACE] HqlParser - -----------------> alias
2021-11-19T10:23:44,119|[TRACE] HqlParser - -------------------> identifier
2021-11-19T10:23:44,119|[TRACE] HqlParser - <------------------- identifier
2021-11-19T10:23:44,119|[TRACE] HqlParser - <----------------- alias
2021-11-19T10:23:44,119|[TRACE] HqlParser - <--------------- asAlias
2021-11-19T10:23:44,119|[TRACE] HqlParser - <------------- fromClassOrOuterQueryPath
2021-11-19T10:23:44,119|[TRACE] HqlParser - <----------- fromRange
2021-11-19T10:23:44,119|[TRACE] HqlParser - <--------- fromClause
2021-11-19T10:23:44,119|[TRACE] HqlParser - <------- selectFrom
2021-11-19T10:23:44,119|[TRACE] HqlParser - -------> whereClause
2021-11-19T10:23:44,119|[TRACE] HqlParser - ---------> logicalExpression
2021-11-19T10:23:44,119|[TRACE] HqlParser - -----------> expression
2021-11-19T10:23:44,119|[TRACE] HqlParser - -------------> logicalOrExpression
2021-11-19T10:23:44,119|[TRACE] HqlParser - ---------------> logicalAndExpression
2021-11-19T10:23:44,119|[TRACE] HqlParser - -----------------> negatedExpression
2021-11-19T10:23:44,119|[TRACE] HqlParser - -------------------> equalityExpression
2021-11-19T10:23:44,119|[TRACE] HqlParser - ---------------------> relationalExpression
2021-11-19T10:23:44,119|[TRACE] HqlParser - -----------------------> concatenation
2021-11-19T10:23:44,119|[TRACE] HqlParser - -------------------------> additiveExpression
2021-11-19T10:23:44,119|[TRACE] HqlParser - ---------------------------> multiplyExpression
2021-11-19T10:23:44,119|[TRACE] HqlParser - -----------------------------> unaryExpression
2021-11-19T10:23:44,119|[TRACE] HqlParser - -------------------------------> atom
2021-11-19T10:23:44,119|[TRACE] HqlParser - ---------------------------------> primaryExpression
2021-11-19T10:23:44,119|[TRACE] HqlParser - -----------------------------------> identPrimary
2021-11-19T10:23:44,119|[TRACE] HqlParser - -------------------------------------> identPrimaryBase
2021-11-19T10:23:44,119|[TRACE] HqlParser - ---------------------------------------> identifier
2021-11-19T10:23:44,119|[TRACE] HqlParser - <--------------------------------------- identifier
2021-11-19T10:23:44,119|[TRACE] HqlParser - <------------------------------------- identPrimaryBase
2021-11-19T10:23:44,119|[TRACE] HqlParser - -------------------------------------> identifier
2021-11-19T10:23:44,119|[TRACE] HqlParser - <------------------------------------- identifier
2021-11-19T10:23:44,119|[TRACE] HqlParser - <----------------------------------- identPrimary
2021-11-19T10:23:44,119|[TRACE] HqlParser - <--------------------------------- primaryExpression
2021-11-19T10:23:44,119|[TRACE] HqlParser - <------------------------------- atom
2021-11-19T10:23:44,119|[TRACE] HqlParser - <----------------------------- unaryExpression
2021-11-19T10:23:44,119|[TRACE] HqlParser - <--------------------------- multiplyExpression
2021-11-19T10:23:44,119|[TRACE] HqlParser - <------------------------- additiveExpression
2021-11-19T10:23:44,119|[TRACE] HqlParser - <----------------------- concatenation
2021-11-19T10:23:44,119|[TRACE] HqlParser - <--------------------- relationalExpression
2021-11-19T10:23:44,119|[TRACE] HqlParser - ---------------------> relationalExpression
2021-11-19T10:23:44,119|[TRACE] HqlParser - -----------------------> concatenation
2021-11-19T10:23:44,119|[TRACE] HqlParser - -------------------------> additiveExpression
2021-11-19T10:23:44,119|[TRACE] HqlParser - ---------------------------> multiplyExpression
2021-11-19T10:23:44,119|[TRACE] HqlParser - -----------------------------> unaryExpression
2021-11-19T10:23:44,119|[TRACE] HqlParser - -------------------------------> atom
2021-11-19T10:23:44,119|[TRACE] HqlParser - ---------------------------------> primaryExpression
2021-11-19T10:23:44,119|[TRACE] HqlParser - -----------------------------------> parameter
2021-11-19T10:23:44,119|[TRACE] HqlParser - <----------------------------------- parameter
2021-11-19T10:23:44,119|[TRACE] HqlParser - <--------------------------------- primaryExpression
2021-11-19T10:23:44,119|[TRACE] HqlParser - <------------------------------- atom
2021-11-19T10:23:44,119|[TRACE] HqlParser - <----------------------------- unaryExpression
2021-11-19T10:23:44,119|[TRACE] HqlParser - <--------------------------- multiplyExpression
2021-11-19T10:23:44,119|[TRACE] HqlParser - <------------------------- additiveExpression
2021-11-19T10:23:44,119|[TRACE] HqlParser - <----------------------- concatenation
2021-11-19T10:23:44,119|[TRACE] HqlParser - <--------------------- relationalExpression
2021-11-19T10:23:44,119|[TRACE] HqlParser - <------------------- equalityExpression
2021-11-19T10:23:44,119|[TRACE] HqlParser - <----------------- negatedExpression
2021-11-19T10:23:44,119|[TRACE] HqlParser - <--------------- logicalAndExpression
2021-11-19T10:23:44,119|[TRACE] HqlParser - <------------- logicalOrExpression
2021-11-19T10:23:44,119|[TRACE] HqlParser - <----------- expression
2021-11-19T10:23:44,119|[TRACE] HqlParser - <--------- logicalExpression
2021-11-19T10:23:44,119|[TRACE] HqlParser - <------- whereClause
2021-11-19T10:23:44,119|[TRACE] HqlParser - <----- queryRule
2021-11-19T10:23:44,119|[TRACE] HqlParser - <--- selectStatement
2021-11-19T10:23:44,119|[TRACE] HqlParser - <- statement
2021-11-19T10:23:44,119|[DEBUG] ErrorTracker - throwQueryException() : no errors
2021-11-19T10:23:44,119|[DEBUG] QueryTranslatorImpl - --- HQL AST ---
 \-[QUERY] Node: 'query'
    +-[SELECT_FROM] Node: 'SELECT_FROM'
    |  +-[FROM] Node: 'from'
    |  |  \-[RANGE] Node: 'RANGE'
    |  |     +-[DOT] Node: '.'
    |  |     |  +-[DOT] Node: '.'
    |  |     |  |  +-[IDENT] Node: 'bloodbank'
    |  |     |  |  \-[IDENT] Node: 'entity'
    |  |     |  \-[IDENT] Node: 'BloodDonation'
    |  |     \-[ALIAS] Node: 'generatedAlias0'
    |  \-[SELECT] Node: 'select'
    |     \-[COUNT] Node: 'count'
    |        \-[IDENT] Node: 'generatedAlias0'
    \-[WHERE] Node: 'where'
       \-[EQ] Node: '='
          +-[DOT] Node: '.'
          |  +-[IDENT] Node: 'generatedAlias0'
          |  \-[IDENT] Node: 'id'
          \-[COLON] Node: ':'
             \-[IDENT] Node: 'id'

2021-11-19T10:23:44,119|[DEBUG] HqlSqlBaseWalker - select << begin [level=1, statement=select]
2021-11-19T10:23:44,119|[DEBUG] FromElement - FromClause{level=1} : bloodbank.entity.BloodDonation (generatedAlias0) -> blooddonat0_
2021-11-19T10:23:44,119|[DEBUG] FromReferenceNode - Resolved : generatedAlias0 -> blooddonat0_.donation_id
2021-11-19T10:23:44,119|[DEBUG] FromReferenceNode - Resolved : generatedAlias0 -> blooddonat0_.donation_id
2021-11-19T10:23:44,119|[TRACE] FromElement - Handling property dereference [bloodbank.entity.BloodDonation (generatedAlias0) -> id (class)]
2021-11-19T10:23:44,119|[DEBUG] DotNode - getDataType() : id -> org.hibernate.type.IntegerType@6892cc6f
2021-11-19T10:23:44,119|[DEBUG] FromReferenceNode - Resolved : generatedAlias0.id -> blooddonat0_.donation_id
2021-11-19T10:23:44,119|[DEBUG] HqlSqlBaseWalker - select : finishing up [level=1, statement=select]
2021-11-19T10:23:44,120|[DEBUG] HqlSqlWalker - processQuery() :  ( SELECT ( {select clause} ( count blooddonat0_.donation_id ) ) ( FromClause{level=1} blood_donation blooddonat0_ ) ( where ( = ( blooddonat0_.donation_id blooddonat0_.donation_id id ) ? ) ) )
2021-11-19T10:23:44,120|[DEBUG] JoinProcessor - Tables referenced from query nodes:
 \-QueryNode
    +-SelectClause
    |  +-CountNode
    |  |  \-IdentNode
    |  |    persister: SingleTableEntityPersister(bloodbank.entity.BloodDonation)
    |  |    originalText: generatedAlias0
    |  \-SqlNode
    +-FromClause
    |  \-FromElement
    \-SqlNode
       \-BinaryLogicOperatorNode
          +-DotNode
          | persister: SingleTableEntityPersister(bloodbank.entity.BloodDonation)
          | path: generatedAlias0.id
          |  +-IdentNode
          |  | persister: SingleTableEntityPersister(bloodbank.entity.BloodDonation)
          |  | originalText: generatedAlias0
          |  \-IdentNode
          |    persister: null
          |    originalText: id
          \-ParameterNode

2021-11-19T10:23:44,120|[DEBUG] JoinProcessor - Using FROM fragment [blood_donation blooddonat0_]
2021-11-19T10:23:44,120|[DEBUG] HqlSqlBaseWalker - select >> end [level=1, statement=select]
2021-11-19T10:23:44,120|[DEBUG] QueryTranslatorImpl - --- SQL AST ---
 \-[SELECT] QueryNode: 'SELECT'  querySpaces (blood_donation)
    +-[SELECT_CLAUSE] SelectClause: '{select clause}'
    |  +-[COUNT] CountNode: 'count'
    |  |  \-[ALIAS_REF] IdentNode: 'blooddonat0_.donation_id' {alias=generatedAlias0, className=bloodbank.entity.BloodDonation, tableAlias=blooddonat0_}
    |  \-[SELECT_COLUMNS] SqlNode: ' as col_0_0_'
    +-[FROM] FromClause: 'from' FromClause{level=1, fromElementCounter=1, fromElements=1, fromElementByClassAlias=[generatedAlias0], fromElementByTableAlias=[blooddonat0_], fromElementsByPath=[], collectionJoinFromElementsByPath=[], impliedElements=[]}
    |  \-[FROM_FRAGMENT] FromElement: 'blood_donation blooddonat0_' FromElement{explicit,not a collection join,not a fetch join,fetch non-lazy properties,classAlias=generatedAlias0,role=null,tableName=blood_donation,tableAlias=blooddonat0_,origin=null,columns={,className=bloodbank.entity.BloodDonation}}
    \-[WHERE] SqlNode: 'where'
       \-[EQ] BinaryLogicOperatorNode: '='
          +-[DOT] DotNode: 'blooddonat0_.donation_id' {propertyName=id,dereferenceType=PRIMITIVE,getPropertyPath=id,path=generatedAlias0.id,tableAlias=blooddonat0_,className=bloodbank.entity.BloodDonation,classAlias=generatedAlias0}
          |  +-[ALIAS_REF] IdentNode: 'blooddonat0_.donation_id' {alias=generatedAlias0, className=bloodbank.entity.BloodDonation, tableAlias=blooddonat0_}
          |  \-[IDENT] IdentNode: 'id' {originalText=id}
          \-[NAMED_PARAM] ParameterNode: '?' {name=id, expectedType=org.hibernate.type.IntegerType@6892cc6f}

2021-11-19T10:23:44,120|[DEBUG] ErrorTracker - throwQueryException() : no errors
2021-11-19T10:23:44,120|[DEBUG] QueryTranslatorImpl - HQL: select count(generatedAlias0) from bloodbank.entity.BloodDonation as generatedAlias0 where generatedAlias0.id=:id
2021-11-19T10:23:44,120|[DEBUG] QueryTranslatorImpl - SQL: select count(blooddonat0_.donation_id) as col_0_0_ from blood_donation blooddonat0_ where blooddonat0_.donation_id=?
2021-11-19T10:23:44,120|[DEBUG] ErrorTracker - throwQueryException() : no errors
2021-11-19T10:23:44,120|[TRACE] QueryPlanCache - Located HQL query plan in cache (select count(generatedAlias0) from BloodDonation as generatedAlias0 where generatedAlias0.id=:id)
2021-11-19T10:23:44,120|[TRACE] QueryPlanCache - Located HQL query plan in cache (select count(generatedAlias0) from BloodDonation as generatedAlias0 where generatedAlias0.id=:id)
2021-11-19T10:23:44,120|[TRACE] HQLQueryPlan - Find: select count(generatedAlias0) from BloodDonation as generatedAlias0 where generatedAlias0.id=:id
2021-11-19T10:23:44,120|[TRACE] QueryParameters - Named parameters: {id=1}
2021-11-19T10:23:44,120|[DEBUG] SQL - 
    /* select
        count(generatedAlias0) 
    from
        BloodDonation as generatedAlias0 
    where
        generatedAlias0.id=:id */ select
            count(blooddonat0_.donation_id) as col_0_0_ 
        from
            blood_donation blooddonat0_ 
        where
            blooddonat0_.donation_id=?
2021-11-19T10:23:44,121|[TRACE] ResourceRegistryStandardImpl - Registering statement [com.mysql.cj.jdbc.ClientPreparedStatement: /* select count(generatedAlias0) from BloodDonation as generatedAlias0 where generatedAlias0.id=:id */ select count(blooddonat0_.donation_id) as col_0_0_ from blood_donation blooddonat0_ where blooddonat0_.donation_id=** NOT SPECIFIED **]
2021-11-19T10:23:44,121|[TRACE] JdbcCoordinatorImpl - Registering last query statement [com.mysql.cj.jdbc.ClientPreparedStatement: /* select count(generatedAlias0) from BloodDonation as generatedAlias0 where generatedAlias0.id=:id */ select count(blooddonat0_.donation_id) as col_0_0_ from blood_donation blooddonat0_ where blooddonat0_.donation_id=** NOT SPECIFIED **]
2021-11-19T10:23:44,121|[TRACE] BasicBinder - binding parameter [1] as [INTEGER] - [1]
2021-11-19T10:23:44,121|[TRACE] Loader - Bound [2] parameters total
2021-11-19T10:23:44,122|[TRACE] ResourceRegistryStandardImpl - Registering result set [com.mysql.cj.jdbc.result.ResultSetImpl@3749c2b]
2021-11-19T10:23:44,123|[TRACE] Loader - Processing result set
2021-11-19T10:23:44,123|[DEBUG] Loader - Result set row: 0
2021-11-19T10:23:44,123|[DEBUG] Loader - Result row: 
2021-11-19T10:23:44,123|[TRACE] BasicExtractor - extracted value ([col_0_0_] : [BIGINT]) - [1]
2021-11-19T10:23:44,123|[TRACE] Loader - Done processing result set (1 rows)
2021-11-19T10:23:44,123|[TRACE] ResourceRegistryStandardImpl - Releasing statement [com.mysql.cj.jdbc.ClientPreparedStatement: /* select count(generatedAlias0) from BloodDonation as generatedAlias0 where generatedAlias0.id=:id */ select count(blooddonat0_.donation_id) as col_0_0_ from blood_donation blooddonat0_ where blooddonat0_.donation_id=1]
2021-11-19T10:23:44,123|[TRACE] ResourceRegistryStandardImpl - Closing result set [com.mysql.cj.jdbc.result.ResultSetImpl@3749c2b]
2021-11-19T10:23:44,123|[TRACE] ResourceRegistryStandardImpl - Closing prepared statement [com.mysql.cj.jdbc.ClientPreparedStatement: /* select count(generatedAlias0) from BloodDonation as generatedAlias0 where generatedAlias0.id=:id */ select count(blooddonat0_.donation_id) as col_0_0_ from blood_donation blooddonat0_ where blooddonat0_.donation_id=1]
2021-11-19T10:23:44,123|[TRACE] JdbcCoordinatorImpl - Starting after statement execution processing [AFTER_TRANSACTION]
2021-11-19T10:23:44,123|[TRACE] StatefulPersistenceContext - Initializing non-lazy collections
2021-11-19T10:23:44,123|[TRACE] AbstractLogicalConnectionImplementor - LogicalConnection#afterTransaction
2021-11-19T10:23:44,123|[TRACE] ResourceRegistryStandardImpl - Releasing JDBC resources
2021-11-19T10:23:44,123|[DEBUG] LogicalConnectionManagedImpl - Initiating JDBC connection release from afterTransaction
2021-11-19T10:23:44,124|[TRACE] ResourceRegistryStandardImpl - Releasing JDBC resources
2021-11-19T10:23:44,124|[TRACE] SessionImpl - Closing session [16a20fd5-bb78-4f0e-a2a5-0c9a5c99e379]
2021-11-19T10:23:44,124|[TRACE] JdbcCoordinatorImpl - Closing JDBC container [org.hibernate.engine.jdbc.internal.JdbcCoordinatorImpl@32e65852]
2021-11-19T10:23:44,124|[TRACE] ResourceRegistryStandardImpl - Releasing JDBC resources
2021-11-19T10:23:44,124|[TRACE] LogicalConnectionManagedImpl - Closing logical connection
2021-11-19T10:23:44,124|[TRACE] LogicalConnectionManagedImpl - Logical connection closed
]]></system-out>
  </testcase>
  <testcase name="testCreateInvalid" classname="bloodbank.entity.TestCRUDBloodDonation" time="0.005">
    <system-out><![CDATA[2021-11-19T10:23:44,126|[TRACE] SessionFactoryImpl$SessionBuilderImpl - Opening Hibernate Session.  tenant=null
2021-11-19T10:23:44,126|[TRACE] SessionImpl - Opened Session [21816d3a-a784-43b1-bd03-0434aa1e1c55] at timestamp: 1637335424126
2021-11-19T10:23:44,126|[DEBUG] TransactionImpl - On TransactionImpl creation, JpaCompliance#isJpaTransactionComplianceEnabled == false
2021-11-19T10:23:44,126|[DEBUG] TransactionImpl - begin
2021-11-19T10:23:44,126|[TRACE] AbstractLogicalConnectionImplementor - Preparing to begin transaction via JDBC Connection.setAutoCommit(false)
2021-11-19T10:23:44,127|[TRACE] AbstractLogicalConnectionImplementor - Transaction begun via JDBC Connection.setAutoCommit(false)
2021-11-19T10:23:44,127|[TRACE] JdbcResourceLocalTransactionCoordinatorImpl - ResourceLocalTransactionCoordinatorImpl#afterBeginCallback
2021-11-19T10:23:44,127|[TRACE] VersionValue - Version unsaved-value strategy UNDEFINED
2021-11-19T10:23:44,127|[TRACE] IdentifierValue - ID unsaved-value: 0
2021-11-19T10:23:44,127|[TRACE] EntityState - Transient instance of: bloodbank.entity.BloodDonation
2021-11-19T10:23:44,127|[TRACE] DefaultPersistEventListener - Saving transient instance
2021-11-19T10:23:44,127|[TRACE] AbstractSaveEventListener - Saving [bloodbank.entity.BloodDonation#<null>]
2021-11-19T10:23:44,127|[TRACE] Cascade - Processing cascade ACTION_PERSIST for: bloodbank.entity.BloodDonation
2021-11-19T10:23:44,127|[TRACE] Cascade - Done processing cascade ACTION_PERSIST for: bloodbank.entity.BloodDonation
2021-11-19T10:23:44,127|[TRACE] Versioning - Using initial version: 0
2021-11-19T10:23:44,127|[TRACE] ActionQueue - Adding an EntityIdentityInsertAction for [bloodbank.entity.BloodDonation] object
2021-11-19T10:23:44,127|[TRACE] ActionQueue - Executing inserts before finding non-nullable transient entities for early insert: [EntityIdentityInsertAction[bloodbank.entity.BloodDonation#<null>]]
2021-11-19T10:23:44,127|[TRACE] ActionQueue - Adding insert with no non-nullable, transient entities: [EntityIdentityInsertAction[bloodbank.entity.BloodDonation#<null>]]
2021-11-19T10:23:44,127|[TRACE] ActionQueue - Executing insertions before resolved early-insert
2021-11-19T10:23:44,127|[DEBUG] ActionQueue - Executing identity-insert immediately
2021-11-19T10:23:44,128|[DEBUG] JdbcResourceLocalTransactionCoordinatorImpl - JDBC transaction marked for rollback-only (exception provided for stack trace)
java.lang.Exception: exception just for purpose of providing stack trace
	at org.hibernate.resource.transaction.backend.jdbc.internal.JdbcResourceLocalTransactionCoordinatorImpl$TransactionDriverControlImpl.markRollbackOnly(JdbcResourceLocalTransactionCoordinatorImpl.java:324) ~[hibernate-core-5.4.27.Final.jar:?]
	at org.hibernate.engine.transaction.internal.TransactionImpl.markRollbackOnly(TransactionImpl.java:203) ~[hibernate-core-5.4.27.Final.jar:?]
	at org.hibernate.internal.AbstractSharedSessionContract.markForRollbackOnly(AbstractSharedSessionContract.java:396) ~[hibernate-core-5.4.27.Final.jar:?]
	at org.hibernate.internal.ExceptionConverterImpl.handlePersistenceException(ExceptionConverterImpl.java:297) ~[hibernate-core-5.4.27.Final.jar:?]
	at org.hibernate.internal.ExceptionConverterImpl.convert(ExceptionConverterImpl.java:155) ~[hibernate-core-5.4.27.Final.jar:?]
	at org.hibernate.internal.ExceptionConverterImpl.convert(ExceptionConverterImpl.java:181) ~[hibernate-core-5.4.27.Final.jar:?]
	at org.hibernate.internal.ExceptionConverterImpl.convert(ExceptionConverterImpl.java:188) ~[hibernate-core-5.4.27.Final.jar:?]
	at org.hibernate.internal.SessionImpl.firePersist(SessionImpl.java:726) ~[hibernate-core-5.4.27.Final.jar:?]
	at org.hibernate.internal.SessionImpl.persist(SessionImpl.java:706) ~[hibernate-core-5.4.27.Final.jar:?]
	at bloodbank.entity.TestCRUDBloodDonation.lambda$testCreateInvalid$0(TestCRUDBloodDonation.java:115) ~[test-classes/:?]
	at org.junit.jupiter.api.AssertThrows.assertThrows(AssertThrows.java:55) ~[junit-jupiter-api-5.7.0.jar:5.7.0]
	at org.junit.jupiter.api.AssertThrows.assertThrows(AssertThrows.java:37) ~[junit-jupiter-api-5.7.0.jar:5.7.0]
	at org.junit.jupiter.api.Assertions.assertThrows(Assertions.java:3007) ~[junit-jupiter-api-5.7.0.jar:5.7.0]
	at bloodbank.entity.TestCRUDBloodDonation.testCreateInvalid(TestCRUDBloodDonation.java:115) ~[test-classes/:?]
	at jdk.internal.reflect.NativeMethodAccessorImpl.invoke0(Native Method) ~[?:?]
	at jdk.internal.reflect.NativeMethodAccessorImpl.invoke(NativeMethodAccessorImpl.java:62) ~[?:?]
	at jdk.internal.reflect.DelegatingMethodAccessorImpl.invoke(DelegatingMethodAccessorImpl.java:43) ~[?:?]
	at java.lang.reflect.Method.invoke(Method.java:566) ~[?:?]
	at org.junit.platform.commons.util.ReflectionUtils.invokeMethod(ReflectionUtils.java:688) ~[junit-platform-commons-1.7.0.jar:1.7.0]
	at org.junit.jupiter.engine.execution.MethodInvocation.proceed(MethodInvocation.java:60) ~[junit-jupiter-engine-5.7.0.jar:5.7.0]
	at org.junit.jupiter.engine.execution.InvocationInterceptorChain$ValidatingInvocation.proceed(InvocationInterceptorChain.java:131) ~[junit-jupiter-engine-5.7.0.jar:5.7.0]
	at org.junit.jupiter.engine.extension.TimeoutExtension.intercept(TimeoutExtension.java:149) ~[junit-jupiter-engine-5.7.0.jar:5.7.0]
	at org.junit.jupiter.engine.extension.TimeoutExtension.interceptTestableMethod(TimeoutExtension.java:140) ~[junit-jupiter-engine-5.7.0.jar:5.7.0]
	at org.junit.jupiter.engine.extension.TimeoutExtension.interceptTestMethod(TimeoutExtension.java:84) ~[junit-jupiter-engine-5.7.0.jar:5.7.0]
	at org.junit.jupiter.engine.execution.ExecutableInvoker$ReflectiveInterceptorCall.lambda$ofVoidMethod$0(ExecutableInvoker.java:115) ~[junit-jupiter-engine-5.7.0.jar:5.7.0]
	at org.junit.jupiter.engine.execution.ExecutableInvoker.lambda$invoke$0(ExecutableInvoker.java:105) ~[junit-jupiter-engine-5.7.0.jar:5.7.0]
	at org.junit.jupiter.engine.execution.InvocationInterceptorChain$InterceptedInvocation.proceed(InvocationInterceptorChain.java:106) ~[junit-jupiter-engine-5.7.0.jar:5.7.0]
	at org.junit.jupiter.engine.execution.InvocationInterceptorChain.proceed(InvocationInterceptorChain.java:64) ~[junit-jupiter-engine-5.7.0.jar:5.7.0]
	at org.junit.jupiter.engine.execution.InvocationInterceptorChain.chainAndInvoke(InvocationInterceptorChain.java:45) ~[junit-jupiter-engine-5.7.0.jar:5.7.0]
	at org.junit.jupiter.engine.execution.InvocationInterceptorChain.invoke(InvocationInterceptorChain.java:37) ~[junit-jupiter-engine-5.7.0.jar:5.7.0]
	at org.junit.jupiter.engine.execution.ExecutableInvoker.invoke(ExecutableInvoker.java:104) ~[junit-jupiter-engine-5.7.0.jar:5.7.0]
	at org.junit.jupiter.engine.execution.ExecutableInvoker.invoke(ExecutableInvoker.java:98) ~[junit-jupiter-engine-5.7.0.jar:5.7.0]
	at org.junit.jupiter.engine.descriptor.TestMethodTestDescriptor.lambda$invokeTestMethod$6(TestMethodTestDescriptor.java:210) ~[junit-jupiter-engine-5.7.0.jar:5.7.0]
	at org.junit.platform.engine.support.hierarchical.ThrowableCollector.execute(ThrowableCollector.java:73) ~[junit-platform-engine-1.7.0.jar:1.7.0]
	at org.junit.jupiter.engine.descriptor.TestMethodTestDescriptor.invokeTestMethod(TestMethodTestDescriptor.java:206) ~[junit-jupiter-engine-5.7.0.jar:5.7.0]
	at org.junit.jupiter.engine.descriptor.TestMethodTestDescriptor.execute(TestMethodTestDescriptor.java:131) ~[junit-jupiter-engine-5.7.0.jar:5.7.0]
	at org.junit.jupiter.engine.descriptor.TestMethodTestDescriptor.execute(TestMethodTestDescriptor.java:65) ~[junit-jupiter-engine-5.7.0.jar:5.7.0]
	at org.junit.platform.engine.support.hierarchical.NodeTestTask.lambda$executeRecursively$5(NodeTestTask.java:139) ~[junit-platform-engine-1.7.0.jar:1.7.0]
	at org.junit.platform.engine.support.hierarchical.ThrowableCollector.execute(ThrowableCollector.java:73) ~[junit-platform-engine-1.7.0.jar:1.7.0]
	at org.junit.platform.engine.support.hierarchical.NodeTestTask.lambda$executeRecursively$7(NodeTestTask.java:129) ~[junit-platform-engine-1.7.0.jar:1.7.0]
	at org.junit.platform.engine.support.hierarchical.Node.around(Node.java:137) ~[junit-platform-engine-1.7.0.jar:1.7.0]
	at org.junit.platform.engine.support.hierarchical.NodeTestTask.lambda$executeRecursively$8(NodeTestTask.java:127) ~[junit-platform-engine-1.7.0.jar:1.7.0]
	at org.junit.platform.engine.support.hierarchical.ThrowableCollector.execute(ThrowableCollector.java:73) ~[junit-platform-engine-1.7.0.jar:1.7.0]
	at org.junit.platform.engine.support.hierarchical.NodeTestTask.executeRecursively(NodeTestTask.java:126) ~[junit-platform-engine-1.7.0.jar:1.7.0]
	at org.junit.platform.engine.support.hierarchical.NodeTestTask.execute(NodeTestTask.java:84) ~[junit-platform-engine-1.7.0.jar:1.7.0]
	at java.util.ArrayList.forEach(ArrayList.java:1541) ~[?:?]
	at org.junit.platform.engine.support.hierarchical.SameThreadHierarchicalTestExecutorService.invokeAll(SameThreadHierarchicalTestExecutorService.java:38) ~[junit-platform-engine-1.7.0.jar:1.7.0]
	at org.junit.platform.engine.support.hierarchical.NodeTestTask.lambda$executeRecursively$5(NodeTestTask.java:143) ~[junit-platform-engine-1.7.0.jar:1.7.0]
	at org.junit.platform.engine.support.hierarchical.ThrowableCollector.execute(ThrowableCollector.java:73) ~[junit-platform-engine-1.7.0.jar:1.7.0]
	at org.junit.platform.engine.support.hierarchical.NodeTestTask.lambda$executeRecursively$7(NodeTestTask.java:129) ~[junit-platform-engine-1.7.0.jar:1.7.0]
	at org.junit.platform.engine.support.hierarchical.Node.around(Node.java:137) ~[junit-platform-engine-1.7.0.jar:1.7.0]
	at org.junit.platform.engine.support.hierarchical.NodeTestTask.lambda$executeRecursively$8(NodeTestTask.java:127) ~[junit-platform-engine-1.7.0.jar:1.7.0]
	at org.junit.platform.engine.support.hierarchical.ThrowableCollector.execute(ThrowableCollector.java:73) ~[junit-platform-engine-1.7.0.jar:1.7.0]
	at org.junit.platform.engine.support.hierarchical.NodeTestTask.executeRecursively(NodeTestTask.java:126) ~[junit-platform-engine-1.7.0.jar:1.7.0]
	at org.junit.platform.engine.support.hierarchical.NodeTestTask.execute(NodeTestTask.java:84) ~[junit-platform-engine-1.7.0.jar:1.7.0]
	at java.util.ArrayList.forEach(ArrayList.java:1541) ~[?:?]
	at org.junit.platform.engine.support.hierarchical.SameThreadHierarchicalTestExecutorService.invokeAll(SameThreadHierarchicalTestExecutorService.java:38) ~[junit-platform-engine-1.7.0.jar:1.7.0]
	at org.junit.platform.engine.support.hierarchical.NodeTestTask.lambda$executeRecursively$5(NodeTestTask.java:143) ~[junit-platform-engine-1.7.0.jar:1.7.0]
	at org.junit.platform.engine.support.hierarchical.ThrowableCollector.execute(ThrowableCollector.java:73) ~[junit-platform-engine-1.7.0.jar:1.7.0]
	at org.junit.platform.engine.support.hierarchical.NodeTestTask.lambda$executeRecursively$7(NodeTestTask.java:129) ~[junit-platform-engine-1.7.0.jar:1.7.0]
	at org.junit.platform.engine.support.hierarchical.Node.around(Node.java:137) ~[junit-platform-engine-1.7.0.jar:1.7.0]
	at org.junit.platform.engine.support.hierarchical.NodeTestTask.lambda$executeRecursively$8(NodeTestTask.java:127) ~[junit-platform-engine-1.7.0.jar:1.7.0]
	at org.junit.platform.engine.support.hierarchical.ThrowableCollector.execute(ThrowableCollector.java:73) ~[junit-platform-engine-1.7.0.jar:1.7.0]
	at org.junit.platform.engine.support.hierarchical.NodeTestTask.executeRecursively(NodeTestTask.java:126) ~[junit-platform-engine-1.7.0.jar:1.7.0]
	at org.junit.platform.engine.support.hierarchical.NodeTestTask.execute(NodeTestTask.java:84) ~[junit-platform-engine-1.7.0.jar:1.7.0]
	at org.junit.platform.engine.support.hierarchical.SameThreadHierarchicalTestExecutorService.submit(SameThreadHierarchicalTestExecutorService.java:32) ~[junit-platform-engine-1.7.0.jar:1.7.0]
	at org.junit.platform.engine.support.hierarchical.HierarchicalTestExecutor.execute(HierarchicalTestExecutor.java:57) ~[junit-platform-engine-1.7.0.jar:1.7.0]
	at org.junit.platform.engine.support.hierarchical.HierarchicalTestEngine.execute(HierarchicalTestEngine.java:51) ~[junit-platform-engine-1.7.0.jar:1.7.0]
	at org.junit.platform.launcher.core.EngineExecutionOrchestrator.execute(EngineExecutionOrchestrator.java:108) ~[junit-platform-launcher-1.7.0.jar:1.7.0]
	at org.junit.platform.launcher.core.EngineExecutionOrchestrator.execute(EngineExecutionOrchestrator.java:88) ~[junit-platform-launcher-1.7.0.jar:1.7.0]
	at org.junit.platform.launcher.core.EngineExecutionOrchestrator.lambda$execute$0(EngineExecutionOrchestrator.java:54) ~[junit-platform-launcher-1.7.0.jar:1.7.0]
	at org.junit.platform.launcher.core.EngineExecutionOrchestrator.withInterceptedStreams(EngineExecutionOrchestrator.java:67) [junit-platform-launcher-1.7.0.jar:1.7.0]
	at org.junit.platform.launcher.core.EngineExecutionOrchestrator.execute(EngineExecutionOrchestrator.java:52) [junit-platform-launcher-1.7.0.jar:1.7.0]
	at org.junit.platform.launcher.core.DefaultLauncher.execute(DefaultLauncher.java:96) [junit-platform-launcher-1.7.0.jar:1.7.0]
	at org.junit.platform.launcher.core.DefaultLauncher.execute(DefaultLauncher.java:75) [junit-platform-launcher-1.7.0.jar:1.7.0]
	at org.apache.maven.surefire.junitplatform.JUnitPlatformProvider.execute(JUnitPlatformProvider.java:188) [surefire-junit-platform-3.0.0-M5.jar:3.0.0-M5]
	at org.apache.maven.surefire.junitplatform.JUnitPlatformProvider.invokeAllTests(JUnitPlatformProvider.java:154) [surefire-junit-platform-3.0.0-M5.jar:3.0.0-M5]
	at org.apache.maven.surefire.junitplatform.JUnitPlatformProvider.invoke(JUnitPlatformProvider.java:128) [surefire-junit-platform-3.0.0-M5.jar:3.0.0-M5]
	at org.apache.maven.surefire.booter.ForkedBooter.runSuitesInProcess(ForkedBooter.java:428) [surefire-booter-3.0.0-M5.jar:3.0.0-M5]
	at org.apache.maven.surefire.booter.ForkedBooter.execute(ForkedBooter.java:162) [surefire-booter-3.0.0-M5.jar:3.0.0-M5]
	at org.apache.maven.surefire.booter.ForkedBooter.run(ForkedBooter.java:562) [surefire-booter-3.0.0-M5.jar:3.0.0-M5]
	at org.apache.maven.surefire.booter.ForkedBooter.main(ForkedBooter.java:548) [surefire-booter-3.0.0-M5.jar:3.0.0-M5]
2021-11-19T10:23:44,129|[DEBUG] TransactionImpl - committing
2021-11-19T10:23:44,129|[DEBUG] JdbcResourceLocalTransactionCoordinatorImpl - On commit, transaction was marked for roll-back only, rolling back
2021-11-19T10:23:44,129|[TRACE] AbstractLogicalConnectionImplementor - Preparing to rollback transaction via JDBC Connection.rollback()
2021-11-19T10:23:44,129|[TRACE] AbstractLogicalConnectionImplementor - Transaction rolled-back via JDBC Connection.rollback()
2021-11-19T10:23:44,129|[TRACE] AbstractLogicalConnectionImplementor - LogicalConnection#afterTransaction
2021-11-19T10:23:44,129|[TRACE] ResourceRegistryStandardImpl - Releasing JDBC resources
2021-11-19T10:23:44,129|[DEBUG] LogicalConnectionManagedImpl - Initiating JDBC connection release from afterTransaction
2021-11-19T10:23:44,129|[TRACE] ResourceRegistryStandardImpl - Releasing JDBC resources
2021-11-19T10:23:44,129|[TRACE] JdbcResourceLocalTransactionCoordinatorImpl - ResourceLocalTransactionCoordinatorImpl#afterCompletionCallback(false)
2021-11-19T10:23:44,129|[TRACE] SynchronizationRegistryStandardImpl - SynchronizationRegistryStandardImpl.notifySynchronizationsAfterTransactionCompletion(5)
2021-11-19T10:23:44,129|[TRACE] AbstractLogicalConnectionImplementor - LogicalConnection#afterTransaction
2021-11-19T10:23:44,129|[TRACE] ResourceRegistryStandardImpl - Releasing JDBC resources
2021-11-19T10:23:44,129|[DEBUG] LogicalConnectionManagedImpl - Initiating JDBC connection release from afterTransaction
2021-11-19T10:23:44,129|[TRACE] SessionImpl - SessionImpl#afterTransactionCompletion(successful=false, delayed=false)
2021-11-19T10:23:44,130|[TRACE] SessionImpl - Closing session [21816d3a-a784-43b1-bd03-0434aa1e1c55]
2021-11-19T10:23:44,130|[TRACE] JdbcCoordinatorImpl - Closing JDBC container [org.hibernate.engine.jdbc.internal.JdbcCoordinatorImpl@6150afc6]
2021-11-19T10:23:44,130|[TRACE] ResourceRegistryStandardImpl - Releasing JDBC resources
2021-11-19T10:23:44,130|[TRACE] LogicalConnectionManagedImpl - Closing logical connection
2021-11-19T10:23:44,130|[TRACE] LogicalConnectionManagedImpl - Logical connection closed
]]></system-out>
  </testcase>
  <testcase name="testReadDependencies" classname="bloodbank.entity.TestCRUDBloodDonation" time="0.038">
    <system-out><![CDATA[2021-11-19T10:23:44,131|[TRACE] SessionFactoryImpl$SessionBuilderImpl - Opening Hibernate Session.  tenant=null
2021-11-19T10:23:44,131|[TRACE] SessionImpl - Opened Session [1acd4262-a381-4310-b86e-900496ed0e4c] at timestamp: 1637335424131
2021-11-19T10:23:44,131|[DEBUG] TransactionImpl - On TransactionImpl creation, JpaCompliance#isJpaTransactionComplianceEnabled == false
2021-11-19T10:23:44,131|[DEBUG] CriteriaQueryImpl - Rendered criteria query -> select generatedAlias0 from BloodDonation as generatedAlias0 where generatedAlias0.id=:id
2021-11-19T10:23:44,131|[TRACE] QueryPlanCache - Unable to locate HQL query plan in cache; generating (select generatedAlias0 from BloodDonation as generatedAlias0 where generatedAlias0.id=:id)
2021-11-19T10:23:44,131|[DEBUG] QueryTranslatorImpl - parse() - HQL: select generatedAlias0 from bloodbank.entity.BloodDonation as generatedAlias0 where generatedAlias0.id=:id
2021-11-19T10:23:44,131|[TRACE] HqlParser - -> statement
2021-11-19T10:23:44,131|[TRACE] HqlParser - ---> selectStatement
2021-11-19T10:23:44,131|[TRACE] HqlParser - -----> queryRule
2021-11-19T10:23:44,131|[TRACE] HqlParser - -------> selectFrom
2021-11-19T10:23:44,132|[TRACE] HqlParser - ---------> selectClause
2021-11-19T10:23:44,132|[TRACE] HqlParser - -----------> selectedPropertiesList
2021-11-19T10:23:44,132|[TRACE] HqlParser - -------------> aliasedExpression
2021-11-19T10:23:44,132|[TRACE] HqlParser - ---------------> expression
2021-11-19T10:23:44,132|[TRACE] HqlParser - -----------------> logicalOrExpression
2021-11-19T10:23:44,132|[TRACE] HqlParser - -------------------> logicalAndExpression
2021-11-19T10:23:44,132|[TRACE] HqlParser - ---------------------> negatedExpression
2021-11-19T10:23:44,132|[TRACE] HqlParser - -----------------------> equalityExpression
2021-11-19T10:23:44,132|[TRACE] HqlParser - -------------------------> relationalExpression
2021-11-19T10:23:44,132|[TRACE] HqlParser - ---------------------------> concatenation
2021-11-19T10:23:44,132|[TRACE] HqlParser - -----------------------------> additiveExpression
2021-11-19T10:23:44,132|[TRACE] HqlParser - -------------------------------> multiplyExpression
2021-11-19T10:23:44,132|[TRACE] HqlParser - ---------------------------------> unaryExpression
2021-11-19T10:23:44,132|[TRACE] HqlParser - -----------------------------------> atom
2021-11-19T10:23:44,132|[TRACE] HqlParser - -------------------------------------> primaryExpression
2021-11-19T10:23:44,132|[TRACE] HqlParser - ---------------------------------------> identPrimary
2021-11-19T10:23:44,132|[TRACE] HqlParser - -----------------------------------------> identPrimaryBase
2021-11-19T10:23:44,132|[TRACE] HqlParser - -------------------------------------------> identifier
2021-11-19T10:23:44,132|[TRACE] HqlParser - <------------------------------------------- identifier
2021-11-19T10:23:44,132|[TRACE] HqlParser - <----------------------------------------- identPrimaryBase
2021-11-19T10:23:44,132|[TRACE] HqlParser - <--------------------------------------- identPrimary
2021-11-19T10:23:44,132|[TRACE] HqlParser - <------------------------------------- primaryExpression
2021-11-19T10:23:44,132|[TRACE] HqlParser - <----------------------------------- atom
2021-11-19T10:23:44,132|[TRACE] HqlParser - <--------------------------------- unaryExpression
2021-11-19T10:23:44,132|[TRACE] HqlParser - <------------------------------- multiplyExpression
2021-11-19T10:23:44,132|[TRACE] HqlParser - <----------------------------- additiveExpression
2021-11-19T10:23:44,132|[TRACE] HqlParser - <--------------------------- concatenation
2021-11-19T10:23:44,132|[TRACE] HqlParser - <------------------------- relationalExpression
2021-11-19T10:23:44,132|[TRACE] HqlParser - <----------------------- equalityExpression
2021-11-19T10:23:44,132|[TRACE] HqlParser - <--------------------- negatedExpression
2021-11-19T10:23:44,132|[TRACE] HqlParser - <------------------- logicalAndExpression
2021-11-19T10:23:44,132|[TRACE] HqlParser - <----------------- logicalOrExpression
2021-11-19T10:23:44,132|[TRACE] HqlParser - <--------------- expression
2021-11-19T10:23:44,132|[TRACE] HqlParser - <------------- aliasedExpression
2021-11-19T10:23:44,132|[TRACE] HqlParser - <----------- selectedPropertiesList
2021-11-19T10:23:44,132|[TRACE] HqlParser - <--------- selectClause
2021-11-19T10:23:44,132|[TRACE] HqlParser - ---------> fromClause
2021-11-19T10:23:44,132|[TRACE] HqlParser - -----------> fromRange
2021-11-19T10:23:44,132|[TRACE] HqlParser - -------------> fromClassOrOuterQueryPath
2021-11-19T10:23:44,132|[TRACE] HqlParser - ---------------> path
2021-11-19T10:23:44,132|[TRACE] HqlParser - -----------------> identifier
2021-11-19T10:23:44,132|[TRACE] HqlParser - <----------------- identifier
2021-11-19T10:23:44,132|[TRACE] HqlParser - -----------------> identifier
2021-11-19T10:23:44,132|[TRACE] HqlParser - <----------------- identifier
2021-11-19T10:23:44,132|[TRACE] HqlParser - -----------------> identifier
2021-11-19T10:23:44,132|[TRACE] HqlParser - <----------------- identifier
2021-11-19T10:23:44,132|[TRACE] HqlParser - <--------------- path
2021-11-19T10:23:44,132|[TRACE] HqlParser - ---------------> asAlias
2021-11-19T10:23:44,132|[TRACE] HqlParser - -----------------> alias
2021-11-19T10:23:44,132|[TRACE] HqlParser - -------------------> identifier
2021-11-19T10:23:44,132|[TRACE] HqlParser - <------------------- identifier
2021-11-19T10:23:44,132|[TRACE] HqlParser - <----------------- alias
2021-11-19T10:23:44,132|[TRACE] HqlParser - <--------------- asAlias
2021-11-19T10:23:44,132|[TRACE] HqlParser - <------------- fromClassOrOuterQueryPath
2021-11-19T10:23:44,132|[TRACE] HqlParser - <----------- fromRange
2021-11-19T10:23:44,132|[TRACE] HqlParser - <--------- fromClause
2021-11-19T10:23:44,132|[TRACE] HqlParser - <------- selectFrom
2021-11-19T10:23:44,132|[TRACE] HqlParser - -------> whereClause
2021-11-19T10:23:44,132|[TRACE] HqlParser - ---------> logicalExpression
2021-11-19T10:23:44,132|[TRACE] HqlParser - -----------> expression
2021-11-19T10:23:44,132|[TRACE] HqlParser - -------------> logicalOrExpression
2021-11-19T10:23:44,132|[TRACE] HqlParser - ---------------> logicalAndExpression
2021-11-19T10:23:44,132|[TRACE] HqlParser - -----------------> negatedExpression
2021-11-19T10:23:44,132|[TRACE] HqlParser - -------------------> equalityExpression
2021-11-19T10:23:44,132|[TRACE] HqlParser - ---------------------> relationalExpression
2021-11-19T10:23:44,132|[TRACE] HqlParser - -----------------------> concatenation
2021-11-19T10:23:44,132|[TRACE] HqlParser - -------------------------> additiveExpression
2021-11-19T10:23:44,132|[TRACE] HqlParser - ---------------------------> multiplyExpression
2021-11-19T10:23:44,132|[TRACE] HqlParser - -----------------------------> unaryExpression
2021-11-19T10:23:44,132|[TRACE] HqlParser - -------------------------------> atom
2021-11-19T10:23:44,132|[TRACE] HqlParser - ---------------------------------> primaryExpression
2021-11-19T10:23:44,132|[TRACE] HqlParser - -----------------------------------> identPrimary
2021-11-19T10:23:44,132|[TRACE] HqlParser - -------------------------------------> identPrimaryBase
2021-11-19T10:23:44,132|[TRACE] HqlParser - ---------------------------------------> identifier
2021-11-19T10:23:44,132|[TRACE] HqlParser - <--------------------------------------- identifier
2021-11-19T10:23:44,132|[TRACE] HqlParser - <------------------------------------- identPrimaryBase
2021-11-19T10:23:44,132|[TRACE] HqlParser - -------------------------------------> identifier
2021-11-19T10:23:44,132|[TRACE] HqlParser - <------------------------------------- identifier
2021-11-19T10:23:44,132|[TRACE] HqlParser - <----------------------------------- identPrimary
2021-11-19T10:23:44,132|[TRACE] HqlParser - <--------------------------------- primaryExpression
2021-11-19T10:23:44,132|[TRACE] HqlParser - <------------------------------- atom
2021-11-19T10:23:44,132|[TRACE] HqlParser - <----------------------------- unaryExpression
2021-11-19T10:23:44,132|[TRACE] HqlParser - <--------------------------- multiplyExpression
2021-11-19T10:23:44,132|[TRACE] HqlParser - <------------------------- additiveExpression
2021-11-19T10:23:44,132|[TRACE] HqlParser - <----------------------- concatenation
2021-11-19T10:23:44,132|[TRACE] HqlParser - <--------------------- relationalExpression
2021-11-19T10:23:44,132|[TRACE] HqlParser - ---------------------> relationalExpression
2021-11-19T10:23:44,132|[TRACE] HqlParser - -----------------------> concatenation
2021-11-19T10:23:44,132|[TRACE] HqlParser - -------------------------> additiveExpression
2021-11-19T10:23:44,132|[TRACE] HqlParser - ---------------------------> multiplyExpression
2021-11-19T10:23:44,132|[TRACE] HqlParser - -----------------------------> unaryExpression
2021-11-19T10:23:44,132|[TRACE] HqlParser - -------------------------------> atom
2021-11-19T10:23:44,132|[TRACE] HqlParser - ---------------------------------> primaryExpression
2021-11-19T10:23:44,132|[TRACE] HqlParser - -----------------------------------> parameter
2021-11-19T10:23:44,132|[TRACE] HqlParser - <----------------------------------- parameter
2021-11-19T10:23:44,132|[TRACE] HqlParser - <--------------------------------- primaryExpression
2021-11-19T10:23:44,132|[TRACE] HqlParser - <------------------------------- atom
2021-11-19T10:23:44,132|[TRACE] HqlParser - <----------------------------- unaryExpression
2021-11-19T10:23:44,132|[TRACE] HqlParser - <--------------------------- multiplyExpression
2021-11-19T10:23:44,132|[TRACE] HqlParser - <------------------------- additiveExpression
2021-11-19T10:23:44,132|[TRACE] HqlParser - <----------------------- concatenation
2021-11-19T10:23:44,132|[TRACE] HqlParser - <--------------------- relationalExpression
2021-11-19T10:23:44,132|[TRACE] HqlParser - <------------------- equalityExpression
2021-11-19T10:23:44,132|[TRACE] HqlParser - <----------------- negatedExpression
2021-11-19T10:23:44,132|[TRACE] HqlParser - <--------------- logicalAndExpression
2021-11-19T10:23:44,132|[TRACE] HqlParser - <------------- logicalOrExpression
2021-11-19T10:23:44,132|[TRACE] HqlParser - <----------- expression
2021-11-19T10:23:44,132|[TRACE] HqlParser - <--------- logicalExpression
2021-11-19T10:23:44,132|[TRACE] HqlParser - <------- whereClause
2021-11-19T10:23:44,132|[TRACE] HqlParser - <----- queryRule
2021-11-19T10:23:44,132|[TRACE] HqlParser - <--- selectStatement
2021-11-19T10:23:44,132|[TRACE] HqlParser - <- statement
2021-11-19T10:23:44,132|[DEBUG] ErrorTracker - throwQueryException() : no errors
2021-11-19T10:23:44,133|[DEBUG] QueryTranslatorImpl - --- HQL AST ---
 \-[QUERY] Node: 'query'
    +-[SELECT_FROM] Node: 'SELECT_FROM'
    |  +-[FROM] Node: 'from'
    |  |  \-[RANGE] Node: 'RANGE'
    |  |     +-[DOT] Node: '.'
    |  |     |  +-[DOT] Node: '.'
    |  |     |  |  +-[IDENT] Node: 'bloodbank'
    |  |     |  |  \-[IDENT] Node: 'entity'
    |  |     |  \-[IDENT] Node: 'BloodDonation'
    |  |     \-[ALIAS] Node: 'generatedAlias0'
    |  \-[SELECT] Node: 'select'
    |     \-[IDENT] Node: 'generatedAlias0'
    \-[WHERE] Node: 'where'
       \-[EQ] Node: '='
          +-[DOT] Node: '.'
          |  +-[IDENT] Node: 'generatedAlias0'
          |  \-[IDENT] Node: 'id'
          \-[COLON] Node: ':'
             \-[IDENT] Node: 'id'

2021-11-19T10:23:44,133|[DEBUG] HqlSqlBaseWalker - select << begin [level=1, statement=select]
2021-11-19T10:23:44,133|[DEBUG] FromElement - FromClause{level=1} : bloodbank.entity.BloodDonation (generatedAlias0) -> blooddonat0_
2021-11-19T10:23:44,133|[DEBUG] FromReferenceNode - Resolved : generatedAlias0 -> blooddonat0_.donation_id
2021-11-19T10:23:44,133|[DEBUG] FromReferenceNode - Resolved : generatedAlias0 -> blooddonat0_.donation_id
2021-11-19T10:23:44,133|[TRACE] FromElement - Handling property dereference [bloodbank.entity.BloodDonation (generatedAlias0) -> id (class)]
2021-11-19T10:23:44,133|[DEBUG] DotNode - getDataType() : id -> org.hibernate.type.IntegerType@6892cc6f
2021-11-19T10:23:44,133|[DEBUG] FromReferenceNode - Resolved : generatedAlias0.id -> blooddonat0_.donation_id
2021-11-19T10:23:44,133|[DEBUG] HqlSqlBaseWalker - select : finishing up [level=1, statement=select]
2021-11-19T10:23:44,133|[DEBUG] HqlSqlWalker - processQuery() :  ( SELECT ( {select clause} blooddonat0_.donation_id ) ( FromClause{level=1} blood_donation blooddonat0_ ) ( where ( = ( blooddonat0_.donation_id blooddonat0_.donation_id id ) ? ) ) )
2021-11-19T10:23:44,133|[DEBUG] JoinProcessor - Tables referenced from query nodes:
 \-QueryNode
    +-SelectClause
    | referencedTables(entity BloodDonation): [blood_donation]
    |  +-IdentNode
    |  | persister: SingleTableEntityPersister(bloodbank.entity.BloodDonation)
    |  | originalText: generatedAlias0
    |  \-SqlFragment
    +-FromClause
    |  \-FromElement
    \-SqlNode
       \-BinaryLogicOperatorNode
          +-DotNode
          | persister: SingleTableEntityPersister(bloodbank.entity.BloodDonation)
          | path: generatedAlias0.id
          |  +-IdentNode
          |  | persister: SingleTableEntityPersister(bloodbank.entity.BloodDonation)
          |  | originalText: generatedAlias0
          |  \-IdentNode
          |    persister: null
          |    originalText: id
          \-ParameterNode

2021-11-19T10:23:44,134|[DEBUG] JoinProcessor - Using FROM fragment [blood_donation blooddonat0_]
2021-11-19T10:23:44,134|[DEBUG] HqlSqlBaseWalker - select >> end [level=1, statement=select]
2021-11-19T10:23:44,134|[DEBUG] QueryTranslatorImpl - --- SQL AST ---
 \-[SELECT] QueryNode: 'SELECT'  querySpaces (blood_donation)
    +-[SELECT_CLAUSE] SelectClause: '{select clause}'
    |  +-[ALIAS_REF] IdentNode: 'blooddonat0_.donation_id as donation1_2_' {alias=generatedAlias0, className=bloodbank.entity.BloodDonation, tableAlias=blooddonat0_}
    |  \-[SQL_TOKEN] SqlFragment: 'blooddonat0_.created as created2_2_, blooddonat0_.updated as updated3_2_, blooddonat0_.version as version4_2_, blooddonat0_.bank_id as bank_id8_2_, blooddonat0_.blood_group as blood_gr5_2_, blooddonat0_.rhd as rhd6_2_, blooddonat0_.milliliters as millilit7_2_'
    +-[FROM] FromClause: 'from' FromClause{level=1, fromElementCounter=1, fromElements=1, fromElementByClassAlias=[generatedAlias0], fromElementByTableAlias=[blooddonat0_], fromElementsByPath=[], collectionJoinFromElementsByPath=[], impliedElements=[]}
    |  \-[FROM_FRAGMENT] FromElement: 'blood_donation blooddonat0_' FromElement{explicit,not a collection join,not a fetch join,fetch non-lazy properties,classAlias=generatedAlias0,role=null,tableName=blood_donation,tableAlias=blooddonat0_,origin=null,columns={,className=bloodbank.entity.BloodDonation}}
    \-[WHERE] SqlNode: 'where'
       \-[EQ] BinaryLogicOperatorNode: '='
          +-[DOT] DotNode: 'blooddonat0_.donation_id' {propertyName=id,dereferenceType=PRIMITIVE,getPropertyPath=id,path=generatedAlias0.id,tableAlias=blooddonat0_,className=bloodbank.entity.BloodDonation,classAlias=generatedAlias0}
          |  +-[ALIAS_REF] IdentNode: 'blooddonat0_.donation_id' {alias=generatedAlias0, className=bloodbank.entity.BloodDonation, tableAlias=blooddonat0_}
          |  \-[IDENT] IdentNode: 'id' {originalText=id}
          \-[NAMED_PARAM] ParameterNode: '?' {name=id, expectedType=org.hibernate.type.IntegerType@6892cc6f}

2021-11-19T10:23:44,134|[DEBUG] ErrorTracker - throwQueryException() : no errors
2021-11-19T10:23:44,134|[DEBUG] QueryTranslatorImpl - HQL: select generatedAlias0 from bloodbank.entity.BloodDonation as generatedAlias0 where generatedAlias0.id=:id
2021-11-19T10:23:44,134|[DEBUG] QueryTranslatorImpl - SQL: select blooddonat0_.donation_id as donation1_2_, blooddonat0_.created as created2_2_, blooddonat0_.updated as updated3_2_, blooddonat0_.version as version4_2_, blooddonat0_.bank_id as bank_id8_2_, blooddonat0_.blood_group as blood_gr5_2_, blooddonat0_.rhd as rhd6_2_, blooddonat0_.milliliters as millilit7_2_ from blood_donation blooddonat0_ where blooddonat0_.donation_id=?
2021-11-19T10:23:44,134|[DEBUG] ErrorTracker - throwQueryException() : no errors
2021-11-19T10:23:44,134|[TRACE] QueryPlanCache - Located HQL query plan in cache (select generatedAlias0 from BloodDonation as generatedAlias0 where generatedAlias0.id=:id)
2021-11-19T10:23:44,134|[TRACE] QueryPlanCache - Located HQL query plan in cache (select generatedAlias0 from BloodDonation as generatedAlias0 where generatedAlias0.id=:id)
2021-11-19T10:23:44,134|[TRACE] HQLQueryPlan - Find: select generatedAlias0 from BloodDonation as generatedAlias0 where generatedAlias0.id=:id
2021-11-19T10:23:44,134|[TRACE] QueryParameters - Named parameters: {id=1}
2021-11-19T10:23:44,134|[DEBUG] SQL - 
    /* select
        generatedAlias0 
    from
        BloodDonation as generatedAlias0 
    where
        generatedAlias0.id=:id */ select
            blooddonat0_.donation_id as donation1_2_,
            blooddonat0_.created as created2_2_,
            blooddonat0_.updated as updated3_2_,
            blooddonat0_.version as version4_2_,
            blooddonat0_.bank_id as bank_id8_2_,
            blooddonat0_.blood_group as blood_gr5_2_,
            blooddonat0_.rhd as rhd6_2_,
            blooddonat0_.milliliters as millilit7_2_ 
        from
            blood_donation blooddonat0_ 
        where
            blooddonat0_.donation_id=?
2021-11-19T10:23:44,135|[TRACE] ResourceRegistryStandardImpl - Registering statement [com.mysql.cj.jdbc.ClientPreparedStatement: /* select generatedAlias0 from BloodDonation as generatedAlias0 where generatedAlias0.id=:id */ select blooddonat0_.donation_id as donation1_2_, blooddonat0_.created as created2_2_, blooddonat0_.updated as updated3_2_, blooddonat0_.version as version4_2_, blooddonat0_.bank_id as bank_id8_2_, blooddonat0_.blood_group as blood_gr5_2_, blooddonat0_.rhd as rhd6_2_, blooddonat0_.milliliters as millilit7_2_ from blood_donation blooddonat0_ where blooddonat0_.donation_id=** NOT SPECIFIED **]
2021-11-19T10:23:44,135|[TRACE] JdbcCoordinatorImpl - Registering last query statement [com.mysql.cj.jdbc.ClientPreparedStatement: /* select generatedAlias0 from BloodDonation as generatedAlias0 where generatedAlias0.id=:id */ select blooddonat0_.donation_id as donation1_2_, blooddonat0_.created as created2_2_, blooddonat0_.updated as updated3_2_, blooddonat0_.version as version4_2_, blooddonat0_.bank_id as bank_id8_2_, blooddonat0_.blood_group as blood_gr5_2_, blooddonat0_.rhd as rhd6_2_, blooddonat0_.milliliters as millilit7_2_ from blood_donation blooddonat0_ where blooddonat0_.donation_id=** NOT SPECIFIED **]
2021-11-19T10:23:44,135|[TRACE] BasicBinder - binding parameter [1] as [INTEGER] - [1]
2021-11-19T10:23:44,135|[TRACE] Loader - Bound [2] parameters total
2021-11-19T10:23:44,136|[TRACE] ResourceRegistryStandardImpl - Registering result set [com.mysql.cj.jdbc.result.ResultSetImpl@672d8370]
2021-11-19T10:23:44,137|[TRACE] Loader - Processing result set
2021-11-19T10:23:44,137|[DEBUG] Loader - Result set row: 0
2021-11-19T10:23:44,137|[TRACE] BasicExtractor - extracted value ([donation1_2_] : [INTEGER]) - [1]
2021-11-19T10:23:44,137|[DEBUG] Loader - Result row: EntityKey[bloodbank.entity.BloodDonation#1]
2021-11-19T10:23:44,137|[TRACE] Loader - Initializing object from ResultSet: [bloodbank.entity.BloodDonation#1]
2021-11-19T10:23:44,137|[TRACE] AbstractEntityPersister - Hydrating entity: [bloodbank.entity.BloodDonation#1]
2021-11-19T10:23:44,137|[TRACE] BasicExtractor - extracted value ([created2_2_] : [BIGINT]) - [1637335424100]
2021-11-19T10:23:44,137|[TRACE] BasicExtractor - extracted value ([updated3_2_] : [BIGINT]) - [1637335424100]
2021-11-19T10:23:44,137|[TRACE] BasicExtractor - extracted value ([version4_2_] : [INTEGER]) - [0]
2021-11-19T10:23:44,137|[TRACE] BasicExtractor - extracted value ([bank_id8_2_] : [INTEGER]) - [1]
2021-11-19T10:23:44,137|[TRACE] BasicExtractor - extracted value ([blood_gr5_2_] : [VARCHAR]) - [AB]
2021-11-19T10:23:44,138|[TRACE] BasicExtractor - extracted value ([rhd6_2_] : [TINYINT]) - [1]
2021-11-19T10:23:44,138|[TRACE] BasicExtractor - extracted value ([millilit7_2_] : [INTEGER]) - [5]
2021-11-19T10:23:44,138|[TRACE] TwoPhaseLoad - Version: 0
2021-11-19T10:23:44,138|[TRACE] Loader - Done processing result set (1 rows)
2021-11-19T10:23:44,139|[TRACE] Loader - Total objects hydrated: 1
2021-11-19T10:23:44,139|[DEBUG] TwoPhaseLoad - Resolving attributes for [bloodbank.entity.BloodDonation#1]
2021-11-19T10:23:44,139|[DEBUG] TwoPhaseLoad - Processing attribute `epochCreated` : value = 1637335424100
2021-11-19T10:23:44,139|[DEBUG] TwoPhaseLoad - Attribute (`epochCreated`)  - enhanced for lazy-loading? - false
2021-11-19T10:23:44,139|[DEBUG] TwoPhaseLoad - Processing attribute `epochUpdated` : value = 1637335424100
2021-11-19T10:23:44,139|[DEBUG] TwoPhaseLoad - Attribute (`epochUpdated`)  - enhanced for lazy-loading? - false
2021-11-19T10:23:44,139|[DEBUG] TwoPhaseLoad - Processing attribute `version` : value = 0
2021-11-19T10:23:44,139|[DEBUG] TwoPhaseLoad - Attribute (`version`)  - enhanced for lazy-loading? - false
2021-11-19T10:23:44,139|[DEBUG] TwoPhaseLoad - Processing attribute `bank` : value = 1
2021-11-19T10:23:44,139|[DEBUG] TwoPhaseLoad - Attribute (`bank`)  - enhanced for lazy-loading? - false
2021-11-19T10:23:44,140|[TRACE] DefaultLoadEventListener - Loading entity: [bloodbank.entity.BloodBank#1]
2021-11-19T10:23:44,141|[TRACE] DefaultLoadEventListener - Creating new proxy for entity
2021-11-19T10:23:44,147|[DEBUG] TwoPhaseLoad - Processing attribute `bloodType` : value = [Ljava.lang.Object;@1d8dbf10
2021-11-19T10:23:44,147|[DEBUG] TwoPhaseLoad - Attribute (`bloodType`)  - enhanced for lazy-loading? - false
2021-11-19T10:23:44,147|[DEBUG] TwoPhaseLoad - Processing attribute `milliliters` : value = 5
2021-11-19T10:23:44,147|[DEBUG] TwoPhaseLoad - Attribute (`milliliters`)  - enhanced for lazy-loading? - false
2021-11-19T10:23:44,147|[DEBUG] TwoPhaseLoad - Processing attribute `record` : value = 1
2021-11-19T10:23:44,147|[DEBUG] TwoPhaseLoad - Attribute (`record`)  - enhanced for lazy-loading? - false
2021-11-19T10:23:44,147|[TRACE] DefaultLoadEventListener - Loading entity: [bloodbank.entity.DonationRecord#1]
2021-11-19T10:23:44,147|[TRACE] DefaultLoadEventListener - Attempting to resolve: [bloodbank.entity.DonationRecord#1]
2021-11-19T10:23:44,149|[TRACE] DefaultLoadEventListener - Object not resolved in any cache: [bloodbank.entity.DonationRecord#1]
2021-11-19T10:23:44,149|[TRACE] AbstractEntityPersister - Fetching entity: [bloodbank.entity.DonationRecord#1]
2021-11-19T10:23:44,150|[DEBUG] SQL - 
    select
        donationre0_.record_id as record_i1_4_0_,
        donationre0_.created as created2_4_0_,
        donationre0_.updated as updated3_4_0_,
        donationre0_.version as version4_4_0_,
        donationre0_.donation_id as donation6_4_0_,
        donationre0_.person_id as person_i7_4_0_,
        donationre0_.tested as tested5_4_0_,
        blooddonat1_.donation_id as donation1_2_1_,
        blooddonat1_.created as created2_2_1_,
        blooddonat1_.updated as updated3_2_1_,
        blooddonat1_.version as version4_2_1_,
        blooddonat1_.bank_id as bank_id8_2_1_,
        blooddonat1_.blood_group as blood_gr5_2_1_,
        blooddonat1_.rhd as rhd6_2_1_,
        blooddonat1_.milliliters as millilit7_2_1_ 
    from
        donation_record donationre0_ 
    inner join
        blood_donation blooddonat1_ 
            on donationre0_.donation_id=blooddonat1_.donation_id 
    where
        donationre0_.record_id=?
2021-11-19T10:23:44,150|[TRACE] ResourceRegistryStandardImpl - Registering statement [com.mysql.cj.jdbc.ClientPreparedStatement: select donationre0_.record_id as record_i1_4_0_, donationre0_.created as created2_4_0_, donationre0_.updated as updated3_4_0_, donationre0_.version as version4_4_0_, donationre0_.donation_id as donation6_4_0_, donationre0_.person_id as person_i7_4_0_, donationre0_.tested as tested5_4_0_, blooddonat1_.donation_id as donation1_2_1_, blooddonat1_.created as created2_2_1_, blooddonat1_.updated as updated3_2_1_, blooddonat1_.version as version4_2_1_, blooddonat1_.bank_id as bank_id8_2_1_, blooddonat1_.blood_group as blood_gr5_2_1_, blooddonat1_.rhd as rhd6_2_1_, blooddonat1_.milliliters as millilit7_2_1_ from donation_record donationre0_ inner join blood_donation blooddonat1_ on donationre0_.donation_id=blooddonat1_.donation_id where donationre0_.record_id=** NOT SPECIFIED **]
2021-11-19T10:23:44,150|[TRACE] JdbcCoordinatorImpl - Registering last query statement [com.mysql.cj.jdbc.ClientPreparedStatement: select donationre0_.record_id as record_i1_4_0_, donationre0_.created as created2_4_0_, donationre0_.updated as updated3_4_0_, donationre0_.version as version4_4_0_, donationre0_.donation_id as donation6_4_0_, donationre0_.person_id as person_i7_4_0_, donationre0_.tested as tested5_4_0_, blooddonat1_.donation_id as donation1_2_1_, blooddonat1_.created as created2_2_1_, blooddonat1_.updated as updated3_2_1_, blooddonat1_.version as version4_2_1_, blooddonat1_.bank_id as bank_id8_2_1_, blooddonat1_.blood_group as blood_gr5_2_1_, blooddonat1_.rhd as rhd6_2_1_, blooddonat1_.milliliters as millilit7_2_1_ from donation_record donationre0_ inner join blood_donation blooddonat1_ on donationre0_.donation_id=blooddonat1_.donation_id where donationre0_.record_id=** NOT SPECIFIED **]
2021-11-19T10:23:44,151|[TRACE] BasicBinder - binding parameter [1] as [INTEGER] - [1]
2021-11-19T10:23:44,151|[TRACE] AbstractLoadPlanBasedLoader - Bound [2] parameters total
2021-11-19T10:23:44,153|[TRACE] ResourceRegistryStandardImpl - Registering result set [com.mysql.cj.jdbc.result.ResultSetImpl@72ec16f8]
2021-11-19T10:23:44,154|[TRACE] ResultSetProcessorImpl - Processing result set
2021-11-19T10:23:44,155|[TRACE] ResultSetProcessorImpl - Starting ResultSet row #0
2021-11-19T10:23:44,155|[TRACE] BasicExtractor - extracted value ([donation1_2_1_] : [INTEGER]) - [1]
2021-11-19T10:23:44,156|[DEBUG] EntityReferenceInitializerImpl - On call to EntityIdentifierReaderImpl#resolve, EntityKey was already known; should only happen on root returns with an optional identifier specified
2021-11-19T10:23:44,156|[TRACE] EntityReferenceInitializerImpl - hydrating entity state
2021-11-19T10:23:44,156|[TRACE] EntityReferenceInitializerImpl - Initializing object from ResultSet: [bloodbank.entity.DonationRecord#1]
2021-11-19T10:23:44,156|[TRACE] AbstractEntityPersister - Hydrating entity: [bloodbank.entity.DonationRecord#1]
2021-11-19T10:23:44,156|[TRACE] BasicExtractor - extracted value ([created2_4_0_] : [BIGINT]) - [1637335424099]
2021-11-19T10:23:44,156|[TRACE] BasicExtractor - extracted value ([updated3_4_0_] : [BIGINT]) - [1637335424099]
2021-11-19T10:23:44,156|[TRACE] BasicExtractor - extracted value ([version4_4_0_] : [INTEGER]) - [0]
2021-11-19T10:23:44,156|[TRACE] BasicExtractor - extracted value ([donation6_4_0_] : [INTEGER]) - [1]
2021-11-19T10:23:44,156|[TRACE] BasicExtractor - extracted value ([person_i7_4_0_] : [INTEGER]) - [1]
2021-11-19T10:23:44,156|[TRACE] BasicExtractor - extracted value ([tested5_4_0_] : [TINYINT]) - [0]
2021-11-19T10:23:44,156|[TRACE] TwoPhaseLoad - Version: 0
2021-11-19T10:23:44,157|[TRACE] ResultSetProcessorImpl - Done processing result set (1 rows)
2021-11-19T10:23:44,157|[TRACE] AbstractRowReader - Total objects hydrated: 1
2021-11-19T10:23:44,157|[DEBUG] TwoPhaseLoad - Resolving attributes for [bloodbank.entity.DonationRecord#1]
2021-11-19T10:23:44,157|[DEBUG] TwoPhaseLoad - Processing attribute `epochCreated` : value = 1637335424099
2021-11-19T10:23:44,157|[DEBUG] TwoPhaseLoad - Attribute (`epochCreated`)  - enhanced for lazy-loading? - false
2021-11-19T10:23:44,157|[DEBUG] TwoPhaseLoad - Processing attribute `epochUpdated` : value = 1637335424099
2021-11-19T10:23:44,157|[DEBUG] TwoPhaseLoad - Attribute (`epochUpdated`)  - enhanced for lazy-loading? - false
2021-11-19T10:23:44,157|[DEBUG] TwoPhaseLoad - Processing attribute `version` : value = 0
2021-11-19T10:23:44,157|[DEBUG] TwoPhaseLoad - Attribute (`version`)  - enhanced for lazy-loading? - false
2021-11-19T10:23:44,157|[DEBUG] TwoPhaseLoad - Processing attribute `donation` : value = 1
2021-11-19T10:23:44,157|[DEBUG] TwoPhaseLoad - Attribute (`donation`)  - enhanced for lazy-loading? - false
2021-11-19T10:23:44,157|[TRACE] DefaultLoadEventListener - Loading entity: [bloodbank.entity.BloodDonation#1]
2021-11-19T10:23:44,157|[TRACE] DefaultLoadEventListener - Attempting to resolve: [bloodbank.entity.BloodDonation#1]
2021-11-19T10:23:44,158|[DEBUG] TwoPhaseLoad - Processing attribute `owner` : value = 1
2021-11-19T10:23:44,158|[DEBUG] TwoPhaseLoad - Attribute (`owner`)  - enhanced for lazy-loading? - false
2021-11-19T10:23:44,158|[TRACE] DefaultLoadEventListener - Loading entity: [bloodbank.entity.Person#1]
2021-11-19T10:23:44,158|[TRACE] DefaultLoadEventListener - Creating new proxy for entity
2021-11-19T10:23:44,159|[DEBUG] TwoPhaseLoad - Processing attribute `tested` : value = 0
2021-11-19T10:23:44,159|[DEBUG] TwoPhaseLoad - Attribute (`tested`)  - enhanced for lazy-loading? - false
2021-11-19T10:23:44,159|[DEBUG] TwoPhaseLoad - Done materializing entity [bloodbank.entity.DonationRecord#1]
2021-11-19T10:23:44,159|[TRACE] ResultSetProcessingContextImpl - Skipping create subselects because there are fewer than 2 results, so query by key is more efficient.
2021-11-19T10:23:44,159|[TRACE] ResourceRegistryStandardImpl - Releasing statement [com.mysql.cj.jdbc.ClientPreparedStatement: select donationre0_.record_id as record_i1_4_0_, donationre0_.created as created2_4_0_, donationre0_.updated as updated3_4_0_, donationre0_.version as version4_4_0_, donationre0_.donation_id as donation6_4_0_, donationre0_.person_id as person_i7_4_0_, donationre0_.tested as tested5_4_0_, blooddonat1_.donation_id as donation1_2_1_, blooddonat1_.created as created2_2_1_, blooddonat1_.updated as updated3_2_1_, blooddonat1_.version as version4_2_1_, blooddonat1_.bank_id as bank_id8_2_1_, blooddonat1_.blood_group as blood_gr5_2_1_, blooddonat1_.rhd as rhd6_2_1_, blooddonat1_.milliliters as millilit7_2_1_ from donation_record donationre0_ inner join blood_donation blooddonat1_ on donationre0_.donation_id=blooddonat1_.donation_id where donationre0_.record_id=1]
2021-11-19T10:23:44,159|[TRACE] ResourceRegistryStandardImpl - Closing result set [com.mysql.cj.jdbc.result.ResultSetImpl@72ec16f8]
2021-11-19T10:23:44,159|[TRACE] ResourceRegistryStandardImpl - Closing prepared statement [com.mysql.cj.jdbc.ClientPreparedStatement: select donationre0_.record_id as record_i1_4_0_, donationre0_.created as created2_4_0_, donationre0_.updated as updated3_4_0_, donationre0_.version as version4_4_0_, donationre0_.donation_id as donation6_4_0_, donationre0_.person_id as person_i7_4_0_, donationre0_.tested as tested5_4_0_, blooddonat1_.donation_id as donation1_2_1_, blooddonat1_.created as created2_2_1_, blooddonat1_.updated as updated3_2_1_, blooddonat1_.version as version4_2_1_, blooddonat1_.bank_id as bank_id8_2_1_, blooddonat1_.blood_group as blood_gr5_2_1_, blooddonat1_.rhd as rhd6_2_1_, blooddonat1_.milliliters as millilit7_2_1_ from donation_record donationre0_ inner join blood_donation blooddonat1_ on donationre0_.donation_id=blooddonat1_.donation_id where donationre0_.record_id=1]
2021-11-19T10:23:44,159|[TRACE] JdbcCoordinatorImpl - Starting after statement execution processing [AFTER_TRANSACTION]
2021-11-19T10:23:44,159|[DEBUG] AbstractLoadPlanBasedEntityLoader - Done entity load : bloodbank.entity.DonationRecord#1
2021-11-19T10:23:44,160|[DEBUG] TwoPhaseLoad - Done materializing entity [bloodbank.entity.BloodDonation#1]
2021-11-19T10:23:44,160|[TRACE] ResourceRegistryStandardImpl - Releasing statement [com.mysql.cj.jdbc.ClientPreparedStatement: /* select generatedAlias0 from BloodDonation as generatedAlias0 where generatedAlias0.id=:id */ select blooddonat0_.donation_id as donation1_2_, blooddonat0_.created as created2_2_, blooddonat0_.updated as updated3_2_, blooddonat0_.version as version4_2_, blooddonat0_.bank_id as bank_id8_2_, blooddonat0_.blood_group as blood_gr5_2_, blooddonat0_.rhd as rhd6_2_, blooddonat0_.milliliters as millilit7_2_ from blood_donation blooddonat0_ where blooddonat0_.donation_id=1]
2021-11-19T10:23:44,160|[TRACE] ResourceRegistryStandardImpl - Closing result set [com.mysql.cj.jdbc.result.ResultSetImpl@672d8370]
2021-11-19T10:23:44,160|[TRACE] ResourceRegistryStandardImpl - Closing prepared statement [com.mysql.cj.jdbc.ClientPreparedStatement: /* select generatedAlias0 from BloodDonation as generatedAlias0 where generatedAlias0.id=:id */ select blooddonat0_.donation_id as donation1_2_, blooddonat0_.created as created2_2_, blooddonat0_.updated as updated3_2_, blooddonat0_.version as version4_2_, blooddonat0_.bank_id as bank_id8_2_, blooddonat0_.blood_group as blood_gr5_2_, blooddonat0_.rhd as rhd6_2_, blooddonat0_.milliliters as millilit7_2_ from blood_donation blooddonat0_ where blooddonat0_.donation_id=1]
2021-11-19T10:23:44,160|[TRACE] JdbcCoordinatorImpl - Starting after statement execution processing [AFTER_TRANSACTION]
2021-11-19T10:23:44,160|[TRACE] StatefulPersistenceContext - Initializing non-lazy collections
2021-11-19T10:23:44,160|[TRACE] AbstractLogicalConnectionImplementor - LogicalConnection#afterTransaction
2021-11-19T10:23:44,160|[TRACE] ResourceRegistryStandardImpl - Releasing JDBC resources
2021-11-19T10:23:44,160|[DEBUG] LogicalConnectionManagedImpl - Initiating JDBC connection release from afterTransaction
2021-11-19T10:23:44,160|[TRACE] ResourceRegistryStandardImpl - Releasing JDBC resources
2021-11-19T10:23:44,160|[DEBUG] SessionImpl - Initializing proxy: [bloodbank.entity.BloodBank#1]
2021-11-19T10:23:44,161|[TRACE] DefaultLoadEventListener - Attempting to resolve: [bloodbank.entity.BloodBank#1]
2021-11-19T10:23:44,161|[TRACE] DefaultLoadEventListener - Object not resolved in any cache: [bloodbank.entity.BloodBank#1]
2021-11-19T10:23:44,161|[TRACE] AbstractEntityPersister - Fetching entity: [bloodbank.entity.BloodBank#1]
2021-11-19T10:23:44,161|[DEBUG] SQL - 
    select
        bloodbank0_.bank_id as bank_id2_1_0_,
        bloodbank0_.created as created3_1_0_,
        bloodbank0_.updated as updated4_1_0_,
        bloodbank0_.version as version5_1_0_,
        bloodbank0_.name as name6_1_0_,
        bloodbank0_.privately_owned as privatel1_1_0_ 
    from
        blood_bank bloodbank0_ 
    where
        bloodbank0_.bank_id=?
2021-11-19T10:23:44,161|[TRACE] ResourceRegistryStandardImpl - Registering statement [com.mysql.cj.jdbc.ClientPreparedStatement: select bloodbank0_.bank_id as bank_id2_1_0_, bloodbank0_.created as created3_1_0_, bloodbank0_.updated as updated4_1_0_, bloodbank0_.version as version5_1_0_, bloodbank0_.name as name6_1_0_, bloodbank0_.privately_owned as privatel1_1_0_ from blood_bank bloodbank0_ where bloodbank0_.bank_id=** NOT SPECIFIED **]
2021-11-19T10:23:44,161|[TRACE] JdbcCoordinatorImpl - Registering last query statement [com.mysql.cj.jdbc.ClientPreparedStatement: select bloodbank0_.bank_id as bank_id2_1_0_, bloodbank0_.created as created3_1_0_, bloodbank0_.updated as updated4_1_0_, bloodbank0_.version as version5_1_0_, bloodbank0_.name as name6_1_0_, bloodbank0_.privately_owned as privatel1_1_0_ from blood_bank bloodbank0_ where bloodbank0_.bank_id=** NOT SPECIFIED **]
2021-11-19T10:23:44,161|[TRACE] BasicBinder - binding parameter [1] as [INTEGER] - [1]
2021-11-19T10:23:44,161|[TRACE] AbstractLoadPlanBasedLoader - Bound [2] parameters total
2021-11-19T10:23:44,162|[TRACE] ResourceRegistryStandardImpl - Registering result set [com.mysql.cj.jdbc.result.ResultSetImpl@96be1ae]
2021-11-19T10:23:44,163|[TRACE] ResultSetProcessorImpl - Processing result set
2021-11-19T10:23:44,163|[TRACE] ResultSetProcessorImpl - Starting ResultSet row #0
2021-11-19T10:23:44,163|[DEBUG] EntityReferenceInitializerImpl - On call to EntityIdentifierReaderImpl#resolve, EntityKey was already known; should only happen on root returns with an optional identifier specified
2021-11-19T10:23:44,163|[TRACE] BasicExtractor - extracted value ([privatel1_1_0_] : [INTEGER]) - [1]
2021-11-19T10:23:44,163|[TRACE] EntityReferenceInitializerImpl - hydrating entity state
2021-11-19T10:23:44,163|[TRACE] EntityReferenceInitializerImpl - Initializing object from ResultSet: [bloodbank.entity.PrivateBloodBank#1]
2021-11-19T10:23:44,163|[TRACE] AbstractEntityPersister - Hydrating entity: [bloodbank.entity.PrivateBloodBank#1]
2021-11-19T10:23:44,163|[TRACE] BasicExtractor - extracted value ([created3_1_0_] : [BIGINT]) - [1637335424100]
2021-11-19T10:23:44,163|[TRACE] BasicExtractor - extracted value ([updated4_1_0_] : [BIGINT]) - [1637335424100]
2021-11-19T10:23:44,163|[TRACE] BasicExtractor - extracted value ([version5_1_0_] : [INTEGER]) - [0]
2021-11-19T10:23:44,163|[TRACE] BasicExtractor - extracted value ([name6_1_0_] : [VARCHAR]) - [Simzhuo Blood Bank]
2021-11-19T10:23:44,163|[TRACE] TwoPhaseLoad - Version: 0
2021-11-19T10:23:44,163|[TRACE] ResultSetProcessorImpl - Done processing result set (1 rows)
2021-11-19T10:23:44,163|[TRACE] AbstractRowReader - Total objects hydrated: 1
2021-11-19T10:23:44,164|[DEBUG] TwoPhaseLoad - Resolving attributes for [bloodbank.entity.PrivateBloodBank#1]
2021-11-19T10:23:44,164|[DEBUG] TwoPhaseLoad - Processing attribute `epochCreated` : value = 1637335424100
2021-11-19T10:23:44,164|[DEBUG] TwoPhaseLoad - Attribute (`epochCreated`)  - enhanced for lazy-loading? - false
2021-11-19T10:23:44,164|[DEBUG] TwoPhaseLoad - Processing attribute `epochUpdated` : value = 1637335424100
2021-11-19T10:23:44,164|[DEBUG] TwoPhaseLoad - Attribute (`epochUpdated`)  - enhanced for lazy-loading? - false
2021-11-19T10:23:44,164|[DEBUG] TwoPhaseLoad - Processing attribute `version` : value = 0
2021-11-19T10:23:44,164|[DEBUG] TwoPhaseLoad - Attribute (`version`)  - enhanced for lazy-loading? - false
2021-11-19T10:23:44,164|[DEBUG] TwoPhaseLoad - Processing attribute `donations` : value = NOT NULL COLLECTION
2021-11-19T10:23:44,164|[DEBUG] TwoPhaseLoad - Attribute (`donations`)  - enhanced for lazy-loading? - false
2021-11-19T10:23:44,164|[TRACE] CollectionType - Created collection wrapper: [bloodbank.entity.BloodBank.donations#1]
2021-11-19T10:23:44,164|[DEBUG] TwoPhaseLoad - Processing attribute `name` : value = Simzhuo Blood Bank
2021-11-19T10:23:44,164|[DEBUG] TwoPhaseLoad - Attribute (`name`)  - enhanced for lazy-loading? - false
2021-11-19T10:23:44,164|[DEBUG] TwoPhaseLoad - Done materializing entity [bloodbank.entity.PrivateBloodBank#1]
2021-11-19T10:23:44,164|[TRACE] ResultSetProcessingContextImpl - Skipping create subselects because there are fewer than 2 results, so query by key is more efficient.
2021-11-19T10:23:44,164|[TRACE] ResourceRegistryStandardImpl - Releasing statement [com.mysql.cj.jdbc.ClientPreparedStatement: select bloodbank0_.bank_id as bank_id2_1_0_, bloodbank0_.created as created3_1_0_, bloodbank0_.updated as updated4_1_0_, bloodbank0_.version as version5_1_0_, bloodbank0_.name as name6_1_0_, bloodbank0_.privately_owned as privatel1_1_0_ from blood_bank bloodbank0_ where bloodbank0_.bank_id=1]
2021-11-19T10:23:44,164|[TRACE] ResourceRegistryStandardImpl - Closing result set [com.mysql.cj.jdbc.result.ResultSetImpl@96be1ae]
2021-11-19T10:23:44,164|[TRACE] ResourceRegistryStandardImpl - Closing prepared statement [com.mysql.cj.jdbc.ClientPreparedStatement: select bloodbank0_.bank_id as bank_id2_1_0_, bloodbank0_.created as created3_1_0_, bloodbank0_.updated as updated4_1_0_, bloodbank0_.version as version5_1_0_, bloodbank0_.name as name6_1_0_, bloodbank0_.privately_owned as privatel1_1_0_ from blood_bank bloodbank0_ where bloodbank0_.bank_id=1]
2021-11-19T10:23:44,164|[TRACE] JdbcCoordinatorImpl - Starting after statement execution processing [AFTER_TRANSACTION]
2021-11-19T10:23:44,164|[TRACE] StatefulPersistenceContext - Initializing non-lazy collections
2021-11-19T10:23:44,164|[DEBUG] AbstractLoadPlanBasedEntityLoader - Done entity load : bloodbank.entity.BloodBank#1
2021-11-19T10:23:44,165|[TRACE] SessionImpl - Closing session [1acd4262-a381-4310-b86e-900496ed0e4c]
2021-11-19T10:23:44,165|[TRACE] JdbcCoordinatorImpl - Closing JDBC container [org.hibernate.engine.jdbc.internal.JdbcCoordinatorImpl@2d3c501b]
2021-11-19T10:23:44,165|[TRACE] ResourceRegistryStandardImpl - Releasing JDBC resources
2021-11-19T10:23:44,165|[TRACE] LogicalConnectionManagedImpl - Closing logical connection
2021-11-19T10:23:44,166|[TRACE] ResourceRegistryStandardImpl - Releasing JDBC resources
2021-11-19T10:23:44,166|[TRACE] LogicalConnectionManagedImpl - Logical connection closed
]]></system-out>
  </testcase>
  <testcase name="testRead" classname="bloodbank.entity.TestCRUDBloodDonation" time="0.012">
    <system-out><![CDATA[2021-11-19T10:23:44,169|[TRACE] SessionFactoryImpl$SessionBuilderImpl - Opening Hibernate Session.  tenant=null
2021-11-19T10:23:44,169|[TRACE] SessionImpl - Opened Session [2d987c10-35e0-4c99-8611-71e7c62b3293] at timestamp: 1637335424169
2021-11-19T10:23:44,169|[DEBUG] TransactionImpl - On TransactionImpl creation, JpaCompliance#isJpaTransactionComplianceEnabled == false
2021-11-19T10:23:44,170|[DEBUG] CriteriaQueryImpl - Rendered criteria query -> select generatedAlias0 from BloodDonation as generatedAlias0
2021-11-19T10:23:44,170|[TRACE] QueryPlanCache - Unable to locate HQL query plan in cache; generating (select generatedAlias0 from BloodDonation as generatedAlias0)
2021-11-19T10:23:44,170|[DEBUG] QueryTranslatorImpl - parse() - HQL: select generatedAlias0 from bloodbank.entity.BloodDonation as generatedAlias0
2021-11-19T10:23:44,170|[TRACE] HqlParser - -> statement
2021-11-19T10:23:44,170|[TRACE] HqlParser - ---> selectStatement
2021-11-19T10:23:44,170|[TRACE] HqlParser - -----> queryRule
2021-11-19T10:23:44,170|[TRACE] HqlParser - -------> selectFrom
2021-11-19T10:23:44,170|[TRACE] HqlParser - ---------> selectClause
2021-11-19T10:23:44,170|[TRACE] HqlParser - -----------> selectedPropertiesList
2021-11-19T10:23:44,170|[TRACE] HqlParser - -------------> aliasedExpression
2021-11-19T10:23:44,170|[TRACE] HqlParser - ---------------> expression
2021-11-19T10:23:44,170|[TRACE] HqlParser - -----------------> logicalOrExpression
2021-11-19T10:23:44,170|[TRACE] HqlParser - -------------------> logicalAndExpression
2021-11-19T10:23:44,170|[TRACE] HqlParser - ---------------------> negatedExpression
2021-11-19T10:23:44,170|[TRACE] HqlParser - -----------------------> equalityExpression
2021-11-19T10:23:44,170|[TRACE] HqlParser - -------------------------> relationalExpression
2021-11-19T10:23:44,170|[TRACE] HqlParser - ---------------------------> concatenation
2021-11-19T10:23:44,170|[TRACE] HqlParser - -----------------------------> additiveExpression
2021-11-19T10:23:44,170|[TRACE] HqlParser - -------------------------------> multiplyExpression
2021-11-19T10:23:44,170|[TRACE] HqlParser - ---------------------------------> unaryExpression
2021-11-19T10:23:44,170|[TRACE] HqlParser - -----------------------------------> atom
2021-11-19T10:23:44,170|[TRACE] HqlParser - -------------------------------------> primaryExpression
2021-11-19T10:23:44,170|[TRACE] HqlParser - ---------------------------------------> identPrimary
2021-11-19T10:23:44,170|[TRACE] HqlParser - -----------------------------------------> identPrimaryBase
2021-11-19T10:23:44,170|[TRACE] HqlParser - -------------------------------------------> identifier
2021-11-19T10:23:44,170|[TRACE] HqlParser - <------------------------------------------- identifier
2021-11-19T10:23:44,170|[TRACE] HqlParser - <----------------------------------------- identPrimaryBase
2021-11-19T10:23:44,170|[TRACE] HqlParser - <--------------------------------------- identPrimary
2021-11-19T10:23:44,170|[TRACE] HqlParser - <------------------------------------- primaryExpression
2021-11-19T10:23:44,170|[TRACE] HqlParser - <----------------------------------- atom
2021-11-19T10:23:44,170|[TRACE] HqlParser - <--------------------------------- unaryExpression
2021-11-19T10:23:44,170|[TRACE] HqlParser - <------------------------------- multiplyExpression
2021-11-19T10:23:44,170|[TRACE] HqlParser - <----------------------------- additiveExpression
2021-11-19T10:23:44,170|[TRACE] HqlParser - <--------------------------- concatenation
2021-11-19T10:23:44,170|[TRACE] HqlParser - <------------------------- relationalExpression
2021-11-19T10:23:44,170|[TRACE] HqlParser - <----------------------- equalityExpression
2021-11-19T10:23:44,170|[TRACE] HqlParser - <--------------------- negatedExpression
2021-11-19T10:23:44,170|[TRACE] HqlParser - <------------------- logicalAndExpression
2021-11-19T10:23:44,170|[TRACE] HqlParser - <----------------- logicalOrExpression
2021-11-19T10:23:44,170|[TRACE] HqlParser - <--------------- expression
2021-11-19T10:23:44,170|[TRACE] HqlParser - <------------- aliasedExpression
2021-11-19T10:23:44,170|[TRACE] HqlParser - <----------- selectedPropertiesList
2021-11-19T10:23:44,170|[TRACE] HqlParser - <--------- selectClause
2021-11-19T10:23:44,170|[TRACE] HqlParser - ---------> fromClause
2021-11-19T10:23:44,170|[TRACE] HqlParser - -----------> fromRange
2021-11-19T10:23:44,170|[TRACE] HqlParser - -------------> fromClassOrOuterQueryPath
2021-11-19T10:23:44,170|[TRACE] HqlParser - ---------------> path
2021-11-19T10:23:44,170|[TRACE] HqlParser - -----------------> identifier
2021-11-19T10:23:44,170|[TRACE] HqlParser - <----------------- identifier
2021-11-19T10:23:44,171|[TRACE] HqlParser - -----------------> identifier
2021-11-19T10:23:44,171|[TRACE] HqlParser - <----------------- identifier
2021-11-19T10:23:44,171|[TRACE] HqlParser - -----------------> identifier
2021-11-19T10:23:44,171|[TRACE] HqlParser - <----------------- identifier
2021-11-19T10:23:44,171|[TRACE] HqlParser - <--------------- path
2021-11-19T10:23:44,171|[TRACE] HqlParser - ---------------> asAlias
2021-11-19T10:23:44,171|[TRACE] HqlParser - -----------------> alias
2021-11-19T10:23:44,171|[TRACE] HqlParser - -------------------> identifier
2021-11-19T10:23:44,171|[TRACE] HqlParser - <------------------- identifier
2021-11-19T10:23:44,171|[TRACE] HqlParser - <----------------- alias
2021-11-19T10:23:44,171|[TRACE] HqlParser - <--------------- asAlias
2021-11-19T10:23:44,171|[TRACE] HqlParser - <------------- fromClassOrOuterQueryPath
2021-11-19T10:23:44,171|[TRACE] HqlParser - <----------- fromRange
2021-11-19T10:23:44,171|[TRACE] HqlParser - <--------- fromClause
2021-11-19T10:23:44,171|[TRACE] HqlParser - <------- selectFrom
2021-11-19T10:23:44,171|[TRACE] HqlParser - <----- queryRule
2021-11-19T10:23:44,171|[TRACE] HqlParser - <--- selectStatement
2021-11-19T10:23:44,171|[TRACE] HqlParser - <- statement
2021-11-19T10:23:44,171|[DEBUG] ErrorTracker - throwQueryException() : no errors
2021-11-19T10:23:44,171|[DEBUG] QueryTranslatorImpl - --- HQL AST ---
 \-[QUERY] Node: 'query'
    \-[SELECT_FROM] Node: 'SELECT_FROM'
       +-[FROM] Node: 'from'
       |  \-[RANGE] Node: 'RANGE'
       |     +-[DOT] Node: '.'
       |     |  +-[DOT] Node: '.'
       |     |  |  +-[IDENT] Node: 'bloodbank'
       |     |  |  \-[IDENT] Node: 'entity'
       |     |  \-[IDENT] Node: 'BloodDonation'
       |     \-[ALIAS] Node: 'generatedAlias0'
       \-[SELECT] Node: 'select'
          \-[IDENT] Node: 'generatedAlias0'

2021-11-19T10:23:44,171|[DEBUG] HqlSqlBaseWalker - select << begin [level=1, statement=select]
2021-11-19T10:23:44,171|[DEBUG] FromElement - FromClause{level=1} : bloodbank.entity.BloodDonation (generatedAlias0) -> blooddonat0_
2021-11-19T10:23:44,171|[DEBUG] FromReferenceNode - Resolved : generatedAlias0 -> blooddonat0_.donation_id
2021-11-19T10:23:44,172|[DEBUG] HqlSqlBaseWalker - select : finishing up [level=1, statement=select]
2021-11-19T10:23:44,172|[DEBUG] HqlSqlWalker - processQuery() :  ( SELECT ( {select clause} blooddonat0_.donation_id ) ( FromClause{level=1} blood_donation blooddonat0_ ) )
2021-11-19T10:23:44,172|[DEBUG] JoinProcessor - Tables referenced from query nodes:
 \-QueryNode
    +-SelectClause
    | referencedTables(entity BloodDonation): [blood_donation]
    |  +-IdentNode
    |  | persister: SingleTableEntityPersister(bloodbank.entity.BloodDonation)
    |  | originalText: generatedAlias0
    |  \-SqlFragment
    \-FromClause
       \-FromElement

2021-11-19T10:23:44,172|[DEBUG] JoinProcessor - Using FROM fragment [blood_donation blooddonat0_]
2021-11-19T10:23:44,173|[DEBUG] HqlSqlBaseWalker - select >> end [level=1, statement=select]
2021-11-19T10:23:44,173|[DEBUG] QueryTranslatorImpl - --- SQL AST ---
 \-[SELECT] QueryNode: 'SELECT'  querySpaces (blood_donation)
    +-[SELECT_CLAUSE] SelectClause: '{select clause}'
    |  +-[ALIAS_REF] IdentNode: 'blooddonat0_.donation_id as donation1_2_' {alias=generatedAlias0, className=bloodbank.entity.BloodDonation, tableAlias=blooddonat0_}
    |  \-[SQL_TOKEN] SqlFragment: 'blooddonat0_.created as created2_2_, blooddonat0_.updated as updated3_2_, blooddonat0_.version as version4_2_, blooddonat0_.bank_id as bank_id8_2_, blooddonat0_.blood_group as blood_gr5_2_, blooddonat0_.rhd as rhd6_2_, blooddonat0_.milliliters as millilit7_2_'
    \-[FROM] FromClause: 'from' FromClause{level=1, fromElementCounter=1, fromElements=1, fromElementByClassAlias=[generatedAlias0], fromElementByTableAlias=[blooddonat0_], fromElementsByPath=[], collectionJoinFromElementsByPath=[], impliedElements=[]}
       \-[FROM_FRAGMENT] FromElement: 'blood_donation blooddonat0_' FromElement{explicit,not a collection join,not a fetch join,fetch non-lazy properties,classAlias=generatedAlias0,role=null,tableName=blood_donation,tableAlias=blooddonat0_,origin=null,columns={,className=bloodbank.entity.BloodDonation}}

2021-11-19T10:23:44,173|[DEBUG] ErrorTracker - throwQueryException() : no errors
2021-11-19T10:23:44,173|[DEBUG] QueryTranslatorImpl - HQL: select generatedAlias0 from bloodbank.entity.BloodDonation as generatedAlias0
2021-11-19T10:23:44,173|[DEBUG] QueryTranslatorImpl - SQL: select blooddonat0_.donation_id as donation1_2_, blooddonat0_.created as created2_2_, blooddonat0_.updated as updated3_2_, blooddonat0_.version as version4_2_, blooddonat0_.bank_id as bank_id8_2_, blooddonat0_.blood_group as blood_gr5_2_, blooddonat0_.rhd as rhd6_2_, blooddonat0_.milliliters as millilit7_2_ from blood_donation blooddonat0_
2021-11-19T10:23:44,173|[DEBUG] ErrorTracker - throwQueryException() : no errors
2021-11-19T10:23:44,173|[TRACE] QueryPlanCache - Located HQL query plan in cache (select generatedAlias0 from BloodDonation as generatedAlias0)
2021-11-19T10:23:44,174|[TRACE] QueryPlanCache - Located HQL query plan in cache (select generatedAlias0 from BloodDonation as generatedAlias0)
2021-11-19T10:23:44,174|[TRACE] HQLQueryPlan - Find: select generatedAlias0 from BloodDonation as generatedAlias0
2021-11-19T10:23:44,174|[TRACE] QueryParameters - Named parameters: {}
2021-11-19T10:23:44,174|[DEBUG] SQL - 
    /* select
        generatedAlias0 
    from
        BloodDonation as generatedAlias0 */ select
            blooddonat0_.donation_id as donation1_2_,
            blooddonat0_.created as created2_2_,
            blooddonat0_.updated as updated3_2_,
            blooddonat0_.version as version4_2_,
            blooddonat0_.bank_id as bank_id8_2_,
            blooddonat0_.blood_group as blood_gr5_2_,
            blooddonat0_.rhd as rhd6_2_,
            blooddonat0_.milliliters as millilit7_2_ 
        from
            blood_donation blooddonat0_
2021-11-19T10:23:44,175|[TRACE] ResourceRegistryStandardImpl - Registering statement [com.mysql.cj.jdbc.ClientPreparedStatement: /* select generatedAlias0 from BloodDonation as generatedAlias0 */ select blooddonat0_.donation_id as donation1_2_, blooddonat0_.created as created2_2_, blooddonat0_.updated as updated3_2_, blooddonat0_.version as version4_2_, blooddonat0_.bank_id as bank_id8_2_, blooddonat0_.blood_group as blood_gr5_2_, blooddonat0_.rhd as rhd6_2_, blooddonat0_.milliliters as millilit7_2_ from blood_donation blooddonat0_]
2021-11-19T10:23:44,175|[TRACE] JdbcCoordinatorImpl - Registering last query statement [com.mysql.cj.jdbc.ClientPreparedStatement: /* select generatedAlias0 from BloodDonation as generatedAlias0 */ select blooddonat0_.donation_id as donation1_2_, blooddonat0_.created as created2_2_, blooddonat0_.updated as updated3_2_, blooddonat0_.version as version4_2_, blooddonat0_.bank_id as bank_id8_2_, blooddonat0_.blood_group as blood_gr5_2_, blooddonat0_.rhd as rhd6_2_, blooddonat0_.milliliters as millilit7_2_ from blood_donation blooddonat0_]
2021-11-19T10:23:44,175|[TRACE] Loader - Bound [1] parameters total
2021-11-19T10:23:44,176|[TRACE] ResourceRegistryStandardImpl - Registering result set [com.mysql.cj.jdbc.result.ResultSetImpl@4df13dd0]
2021-11-19T10:23:44,176|[TRACE] Loader - Processing result set
2021-11-19T10:23:44,176|[DEBUG] Loader - Result set row: 0
2021-11-19T10:23:44,176|[TRACE] BasicExtractor - extracted value ([donation1_2_] : [INTEGER]) - [1]
2021-11-19T10:23:44,176|[DEBUG] Loader - Result row: EntityKey[bloodbank.entity.BloodDonation#1]
2021-11-19T10:23:44,176|[TRACE] Loader - Initializing object from ResultSet: [bloodbank.entity.BloodDonation#1]
2021-11-19T10:23:44,176|[TRACE] AbstractEntityPersister - Hydrating entity: [bloodbank.entity.BloodDonation#1]
2021-11-19T10:23:44,176|[TRACE] BasicExtractor - extracted value ([created2_2_] : [BIGINT]) - [1637335424100]
2021-11-19T10:23:44,176|[TRACE] BasicExtractor - extracted value ([updated3_2_] : [BIGINT]) - [1637335424100]
2021-11-19T10:23:44,176|[TRACE] BasicExtractor - extracted value ([version4_2_] : [INTEGER]) - [0]
2021-11-19T10:23:44,176|[TRACE] BasicExtractor - extracted value ([bank_id8_2_] : [INTEGER]) - [1]
2021-11-19T10:23:44,176|[TRACE] BasicExtractor - extracted value ([blood_gr5_2_] : [VARCHAR]) - [AB]
2021-11-19T10:23:44,176|[TRACE] BasicExtractor - extracted value ([rhd6_2_] : [TINYINT]) - [1]
2021-11-19T10:23:44,176|[TRACE] BasicExtractor - extracted value ([millilit7_2_] : [INTEGER]) - [5]
2021-11-19T10:23:44,176|[TRACE] TwoPhaseLoad - Version: 0
2021-11-19T10:23:44,176|[TRACE] Loader - Done processing result set (1 rows)
2021-11-19T10:23:44,176|[TRACE] Loader - Total objects hydrated: 1
2021-11-19T10:23:44,176|[DEBUG] TwoPhaseLoad - Resolving attributes for [bloodbank.entity.BloodDonation#1]
2021-11-19T10:23:44,176|[DEBUG] TwoPhaseLoad - Processing attribute `epochCreated` : value = 1637335424100
2021-11-19T10:23:44,176|[DEBUG] TwoPhaseLoad - Attribute (`epochCreated`)  - enhanced for lazy-loading? - false
2021-11-19T10:23:44,176|[DEBUG] TwoPhaseLoad - Processing attribute `epochUpdated` : value = 1637335424100
2021-11-19T10:23:44,176|[DEBUG] TwoPhaseLoad - Attribute (`epochUpdated`)  - enhanced for lazy-loading? - false
2021-11-19T10:23:44,176|[DEBUG] TwoPhaseLoad - Processing attribute `version` : value = 0
2021-11-19T10:23:44,176|[DEBUG] TwoPhaseLoad - Attribute (`version`)  - enhanced for lazy-loading? - false
2021-11-19T10:23:44,176|[DEBUG] TwoPhaseLoad - Processing attribute `bank` : value = 1
2021-11-19T10:23:44,176|[DEBUG] TwoPhaseLoad - Attribute (`bank`)  - enhanced for lazy-loading? - false
2021-11-19T10:23:44,176|[TRACE] DefaultLoadEventListener - Loading entity: [bloodbank.entity.BloodBank#1]
2021-11-19T10:23:44,176|[TRACE] DefaultLoadEventListener - Creating new proxy for entity
2021-11-19T10:23:44,176|[DEBUG] TwoPhaseLoad - Processing attribute `bloodType` : value = [Ljava.lang.Object;@30665461
2021-11-19T10:23:44,177|[DEBUG] TwoPhaseLoad - Attribute (`bloodType`)  - enhanced for lazy-loading? - false
2021-11-19T10:23:44,177|[DEBUG] TwoPhaseLoad - Processing attribute `milliliters` : value = 5
2021-11-19T10:23:44,177|[DEBUG] TwoPhaseLoad - Attribute (`milliliters`)  - enhanced for lazy-loading? - false
2021-11-19T10:23:44,177|[DEBUG] TwoPhaseLoad - Processing attribute `record` : value = 1
2021-11-19T10:23:44,177|[DEBUG] TwoPhaseLoad - Attribute (`record`)  - enhanced for lazy-loading? - false
2021-11-19T10:23:44,177|[TRACE] DefaultLoadEventListener - Loading entity: [bloodbank.entity.DonationRecord#1]
2021-11-19T10:23:44,177|[TRACE] DefaultLoadEventListener - Attempting to resolve: [bloodbank.entity.DonationRecord#1]
2021-11-19T10:23:44,177|[TRACE] DefaultLoadEventListener - Object not resolved in any cache: [bloodbank.entity.DonationRecord#1]
2021-11-19T10:23:44,177|[TRACE] AbstractEntityPersister - Fetching entity: [bloodbank.entity.DonationRecord#1]
2021-11-19T10:23:44,177|[DEBUG] SQL - 
    select
        donationre0_.record_id as record_i1_4_0_,
        donationre0_.created as created2_4_0_,
        donationre0_.updated as updated3_4_0_,
        donationre0_.version as version4_4_0_,
        donationre0_.donation_id as donation6_4_0_,
        donationre0_.person_id as person_i7_4_0_,
        donationre0_.tested as tested5_4_0_,
        blooddonat1_.donation_id as donation1_2_1_,
        blooddonat1_.created as created2_2_1_,
        blooddonat1_.updated as updated3_2_1_,
        blooddonat1_.version as version4_2_1_,
        blooddonat1_.bank_id as bank_id8_2_1_,
        blooddonat1_.blood_group as blood_gr5_2_1_,
        blooddonat1_.rhd as rhd6_2_1_,
        blooddonat1_.milliliters as millilit7_2_1_ 
    from
        donation_record donationre0_ 
    inner join
        blood_donation blooddonat1_ 
            on donationre0_.donation_id=blooddonat1_.donation_id 
    where
        donationre0_.record_id=?
2021-11-19T10:23:44,177|[TRACE] ResourceRegistryStandardImpl - Registering statement [com.mysql.cj.jdbc.ClientPreparedStatement: select donationre0_.record_id as record_i1_4_0_, donationre0_.created as created2_4_0_, donationre0_.updated as updated3_4_0_, donationre0_.version as version4_4_0_, donationre0_.donation_id as donation6_4_0_, donationre0_.person_id as person_i7_4_0_, donationre0_.tested as tested5_4_0_, blooddonat1_.donation_id as donation1_2_1_, blooddonat1_.created as created2_2_1_, blooddonat1_.updated as updated3_2_1_, blooddonat1_.version as version4_2_1_, blooddonat1_.bank_id as bank_id8_2_1_, blooddonat1_.blood_group as blood_gr5_2_1_, blooddonat1_.rhd as rhd6_2_1_, blooddonat1_.milliliters as millilit7_2_1_ from donation_record donationre0_ inner join blood_donation blooddonat1_ on donationre0_.donation_id=blooddonat1_.donation_id where donationre0_.record_id=** NOT SPECIFIED **]
2021-11-19T10:23:44,177|[TRACE] JdbcCoordinatorImpl - Registering last query statement [com.mysql.cj.jdbc.ClientPreparedStatement: select donationre0_.record_id as record_i1_4_0_, donationre0_.created as created2_4_0_, donationre0_.updated as updated3_4_0_, donationre0_.version as version4_4_0_, donationre0_.donation_id as donation6_4_0_, donationre0_.person_id as person_i7_4_0_, donationre0_.tested as tested5_4_0_, blooddonat1_.donation_id as donation1_2_1_, blooddonat1_.created as created2_2_1_, blooddonat1_.updated as updated3_2_1_, blooddonat1_.version as version4_2_1_, blooddonat1_.bank_id as bank_id8_2_1_, blooddonat1_.blood_group as blood_gr5_2_1_, blooddonat1_.rhd as rhd6_2_1_, blooddonat1_.milliliters as millilit7_2_1_ from donation_record donationre0_ inner join blood_donation blooddonat1_ on donationre0_.donation_id=blooddonat1_.donation_id where donationre0_.record_id=** NOT SPECIFIED **]
2021-11-19T10:23:44,177|[TRACE] BasicBinder - binding parameter [1] as [INTEGER] - [1]
2021-11-19T10:23:44,177|[TRACE] AbstractLoadPlanBasedLoader - Bound [2] parameters total
2021-11-19T10:23:44,178|[TRACE] ResourceRegistryStandardImpl - Registering result set [com.mysql.cj.jdbc.result.ResultSetImpl@50b38342]
2021-11-19T10:23:44,178|[TRACE] ResultSetProcessorImpl - Processing result set
2021-11-19T10:23:44,178|[TRACE] ResultSetProcessorImpl - Starting ResultSet row #0
2021-11-19T10:23:44,178|[TRACE] BasicExtractor - extracted value ([donation1_2_1_] : [INTEGER]) - [1]
2021-11-19T10:23:44,178|[DEBUG] EntityReferenceInitializerImpl - On call to EntityIdentifierReaderImpl#resolve, EntityKey was already known; should only happen on root returns with an optional identifier specified
2021-11-19T10:23:44,178|[TRACE] EntityReferenceInitializerImpl - hydrating entity state
2021-11-19T10:23:44,178|[TRACE] EntityReferenceInitializerImpl - Initializing object from ResultSet: [bloodbank.entity.DonationRecord#1]
2021-11-19T10:23:44,178|[TRACE] AbstractEntityPersister - Hydrating entity: [bloodbank.entity.DonationRecord#1]
2021-11-19T10:23:44,178|[TRACE] BasicExtractor - extracted value ([created2_4_0_] : [BIGINT]) - [1637335424099]
2021-11-19T10:23:44,178|[TRACE] BasicExtractor - extracted value ([updated3_4_0_] : [BIGINT]) - [1637335424099]
2021-11-19T10:23:44,178|[TRACE] BasicExtractor - extracted value ([version4_4_0_] : [INTEGER]) - [0]
2021-11-19T10:23:44,178|[TRACE] BasicExtractor - extracted value ([donation6_4_0_] : [INTEGER]) - [1]
2021-11-19T10:23:44,178|[TRACE] BasicExtractor - extracted value ([person_i7_4_0_] : [INTEGER]) - [1]
2021-11-19T10:23:44,179|[TRACE] BasicExtractor - extracted value ([tested5_4_0_] : [TINYINT]) - [0]
2021-11-19T10:23:44,179|[TRACE] TwoPhaseLoad - Version: 0
2021-11-19T10:23:44,179|[TRACE] ResultSetProcessorImpl - Done processing result set (1 rows)
2021-11-19T10:23:44,179|[TRACE] AbstractRowReader - Total objects hydrated: 1
2021-11-19T10:23:44,179|[DEBUG] TwoPhaseLoad - Resolving attributes for [bloodbank.entity.DonationRecord#1]
2021-11-19T10:23:44,179|[DEBUG] TwoPhaseLoad - Processing attribute `epochCreated` : value = 1637335424099
2021-11-19T10:23:44,179|[DEBUG] TwoPhaseLoad - Attribute (`epochCreated`)  - enhanced for lazy-loading? - false
2021-11-19T10:23:44,179|[DEBUG] TwoPhaseLoad - Processing attribute `epochUpdated` : value = 1637335424099
2021-11-19T10:23:44,179|[DEBUG] TwoPhaseLoad - Attribute (`epochUpdated`)  - enhanced for lazy-loading? - false
2021-11-19T10:23:44,179|[DEBUG] TwoPhaseLoad - Processing attribute `version` : value = 0
2021-11-19T10:23:44,179|[DEBUG] TwoPhaseLoad - Attribute (`version`)  - enhanced for lazy-loading? - false
2021-11-19T10:23:44,179|[DEBUG] TwoPhaseLoad - Processing attribute `donation` : value = 1
2021-11-19T10:23:44,179|[DEBUG] TwoPhaseLoad - Attribute (`donation`)  - enhanced for lazy-loading? - false
2021-11-19T10:23:44,179|[TRACE] DefaultLoadEventListener - Loading entity: [bloodbank.entity.BloodDonation#1]
2021-11-19T10:23:44,179|[TRACE] DefaultLoadEventListener - Attempting to resolve: [bloodbank.entity.BloodDonation#1]
2021-11-19T10:23:44,179|[DEBUG] TwoPhaseLoad - Processing attribute `owner` : value = 1
2021-11-19T10:23:44,179|[DEBUG] TwoPhaseLoad - Attribute (`owner`)  - enhanced for lazy-loading? - false
2021-11-19T10:23:44,179|[TRACE] DefaultLoadEventListener - Loading entity: [bloodbank.entity.Person#1]
2021-11-19T10:23:44,179|[TRACE] DefaultLoadEventListener - Creating new proxy for entity
2021-11-19T10:23:44,179|[DEBUG] TwoPhaseLoad - Processing attribute `tested` : value = 0
2021-11-19T10:23:44,179|[DEBUG] TwoPhaseLoad - Attribute (`tested`)  - enhanced for lazy-loading? - false
2021-11-19T10:23:44,179|[DEBUG] TwoPhaseLoad - Done materializing entity [bloodbank.entity.DonationRecord#1]
2021-11-19T10:23:44,179|[TRACE] ResultSetProcessingContextImpl - Skipping create subselects because there are fewer than 2 results, so query by key is more efficient.
2021-11-19T10:23:44,179|[TRACE] ResourceRegistryStandardImpl - Releasing statement [com.mysql.cj.jdbc.ClientPreparedStatement: select donationre0_.record_id as record_i1_4_0_, donationre0_.created as created2_4_0_, donationre0_.updated as updated3_4_0_, donationre0_.version as version4_4_0_, donationre0_.donation_id as donation6_4_0_, donationre0_.person_id as person_i7_4_0_, donationre0_.tested as tested5_4_0_, blooddonat1_.donation_id as donation1_2_1_, blooddonat1_.created as created2_2_1_, blooddonat1_.updated as updated3_2_1_, blooddonat1_.version as version4_2_1_, blooddonat1_.bank_id as bank_id8_2_1_, blooddonat1_.blood_group as blood_gr5_2_1_, blooddonat1_.rhd as rhd6_2_1_, blooddonat1_.milliliters as millilit7_2_1_ from donation_record donationre0_ inner join blood_donation blooddonat1_ on donationre0_.donation_id=blooddonat1_.donation_id where donationre0_.record_id=1]
2021-11-19T10:23:44,179|[TRACE] ResourceRegistryStandardImpl - Closing result set [com.mysql.cj.jdbc.result.ResultSetImpl@50b38342]
2021-11-19T10:23:44,179|[TRACE] ResourceRegistryStandardImpl - Closing prepared statement [com.mysql.cj.jdbc.ClientPreparedStatement: select donationre0_.record_id as record_i1_4_0_, donationre0_.created as created2_4_0_, donationre0_.updated as updated3_4_0_, donationre0_.version as version4_4_0_, donationre0_.donation_id as donation6_4_0_, donationre0_.person_id as person_i7_4_0_, donationre0_.tested as tested5_4_0_, blooddonat1_.donation_id as donation1_2_1_, blooddonat1_.created as created2_2_1_, blooddonat1_.updated as updated3_2_1_, blooddonat1_.version as version4_2_1_, blooddonat1_.bank_id as bank_id8_2_1_, blooddonat1_.blood_group as blood_gr5_2_1_, blooddonat1_.rhd as rhd6_2_1_, blooddonat1_.milliliters as millilit7_2_1_ from donation_record donationre0_ inner join blood_donation blooddonat1_ on donationre0_.donation_id=blooddonat1_.donation_id where donationre0_.record_id=1]
2021-11-19T10:23:44,179|[TRACE] JdbcCoordinatorImpl - Starting after statement execution processing [AFTER_TRANSACTION]
2021-11-19T10:23:44,179|[DEBUG] AbstractLoadPlanBasedEntityLoader - Done entity load : bloodbank.entity.DonationRecord#1
2021-11-19T10:23:44,179|[DEBUG] TwoPhaseLoad - Done materializing entity [bloodbank.entity.BloodDonation#1]
2021-11-19T10:23:44,179|[TRACE] ResourceRegistryStandardImpl - Releasing statement [com.mysql.cj.jdbc.ClientPreparedStatement: /* select generatedAlias0 from BloodDonation as generatedAlias0 */ select blooddonat0_.donation_id as donation1_2_, blooddonat0_.created as created2_2_, blooddonat0_.updated as updated3_2_, blooddonat0_.version as version4_2_, blooddonat0_.bank_id as bank_id8_2_, blooddonat0_.blood_group as blood_gr5_2_, blooddonat0_.rhd as rhd6_2_, blooddonat0_.milliliters as millilit7_2_ from blood_donation blooddonat0_]
2021-11-19T10:23:44,179|[TRACE] ResourceRegistryStandardImpl - Closing result set [com.mysql.cj.jdbc.result.ResultSetImpl@4df13dd0]
2021-11-19T10:23:44,179|[TRACE] ResourceRegistryStandardImpl - Closing prepared statement [com.mysql.cj.jdbc.ClientPreparedStatement: /* select generatedAlias0 from BloodDonation as generatedAlias0 */ select blooddonat0_.donation_id as donation1_2_, blooddonat0_.created as created2_2_, blooddonat0_.updated as updated3_2_, blooddonat0_.version as version4_2_, blooddonat0_.bank_id as bank_id8_2_, blooddonat0_.blood_group as blood_gr5_2_, blooddonat0_.rhd as rhd6_2_, blooddonat0_.milliliters as millilit7_2_ from blood_donation blooddonat0_]
2021-11-19T10:23:44,179|[TRACE] JdbcCoordinatorImpl - Starting after statement execution processing [AFTER_TRANSACTION]
2021-11-19T10:23:44,179|[TRACE] StatefulPersistenceContext - Initializing non-lazy collections
2021-11-19T10:23:44,179|[TRACE] AbstractLogicalConnectionImplementor - LogicalConnection#afterTransaction
2021-11-19T10:23:44,179|[TRACE] ResourceRegistryStandardImpl - Releasing JDBC resources
2021-11-19T10:23:44,179|[DEBUG] LogicalConnectionManagedImpl - Initiating JDBC connection release from afterTransaction
2021-11-19T10:23:44,180|[TRACE] ResourceRegistryStandardImpl - Releasing JDBC resources
2021-11-19T10:23:44,180|[TRACE] SessionImpl - Closing session [2d987c10-35e0-4c99-8611-71e7c62b3293]
2021-11-19T10:23:44,180|[TRACE] JdbcCoordinatorImpl - Closing JDBC container [org.hibernate.engine.jdbc.internal.JdbcCoordinatorImpl@408d945b]
2021-11-19T10:23:44,180|[TRACE] ResourceRegistryStandardImpl - Releasing JDBC resources
2021-11-19T10:23:44,180|[TRACE] LogicalConnectionManagedImpl - Closing logical connection
2021-11-19T10:23:44,180|[TRACE] LogicalConnectionManagedImpl - Logical connection closed
]]></system-out>
  </testcase>
  <testcase name="testUpdate" classname="bloodbank.entity.TestCRUDBloodDonation" time="0.016">
    <system-out><![CDATA[2021-11-19T10:23:44,181|[TRACE] SessionFactoryImpl$SessionBuilderImpl - Opening Hibernate Session.  tenant=null
2021-11-19T10:23:44,181|[TRACE] SessionImpl - Opened Session [fd6614c8-1ccb-4b01-ba34-82ccc59542d6] at timestamp: 1637335424181
2021-11-19T10:23:44,181|[DEBUG] TransactionImpl - On TransactionImpl creation, JpaCompliance#isJpaTransactionComplianceEnabled == false
2021-11-19T10:23:44,182|[DEBUG] CriteriaQueryImpl - Rendered criteria query -> select generatedAlias0 from BloodDonation as generatedAlias0 where generatedAlias0.id=:id
2021-11-19T10:23:44,182|[TRACE] QueryPlanCache - Located HQL query plan in cache (select generatedAlias0 from BloodDonation as generatedAlias0 where generatedAlias0.id=:id)
2021-11-19T10:23:44,182|[TRACE] QueryPlanCache - Located HQL query plan in cache (select generatedAlias0 from BloodDonation as generatedAlias0 where generatedAlias0.id=:id)
2021-11-19T10:23:44,182|[TRACE] QueryPlanCache - Located HQL query plan in cache (select generatedAlias0 from BloodDonation as generatedAlias0 where generatedAlias0.id=:id)
2021-11-19T10:23:44,182|[TRACE] HQLQueryPlan - Find: select generatedAlias0 from BloodDonation as generatedAlias0 where generatedAlias0.id=:id
2021-11-19T10:23:44,182|[TRACE] QueryParameters - Named parameters: {id=1}
2021-11-19T10:23:44,182|[DEBUG] SQL - 
    /* select
        generatedAlias0 
    from
        BloodDonation as generatedAlias0 
    where
        generatedAlias0.id=:id */ select
            blooddonat0_.donation_id as donation1_2_,
            blooddonat0_.created as created2_2_,
            blooddonat0_.updated as updated3_2_,
            blooddonat0_.version as version4_2_,
            blooddonat0_.bank_id as bank_id8_2_,
            blooddonat0_.blood_group as blood_gr5_2_,
            blooddonat0_.rhd as rhd6_2_,
            blooddonat0_.milliliters as millilit7_2_ 
        from
            blood_donation blooddonat0_ 
        where
            blooddonat0_.donation_id=?
2021-11-19T10:23:44,183|[TRACE] ResourceRegistryStandardImpl - Registering statement [com.mysql.cj.jdbc.ClientPreparedStatement: /* select generatedAlias0 from BloodDonation as generatedAlias0 where generatedAlias0.id=:id */ select blooddonat0_.donation_id as donation1_2_, blooddonat0_.created as created2_2_, blooddonat0_.updated as updated3_2_, blooddonat0_.version as version4_2_, blooddonat0_.bank_id as bank_id8_2_, blooddonat0_.blood_group as blood_gr5_2_, blooddonat0_.rhd as rhd6_2_, blooddonat0_.milliliters as millilit7_2_ from blood_donation blooddonat0_ where blooddonat0_.donation_id=** NOT SPECIFIED **]
2021-11-19T10:23:44,183|[TRACE] JdbcCoordinatorImpl - Registering last query statement [com.mysql.cj.jdbc.ClientPreparedStatement: /* select generatedAlias0 from BloodDonation as generatedAlias0 where generatedAlias0.id=:id */ select blooddonat0_.donation_id as donation1_2_, blooddonat0_.created as created2_2_, blooddonat0_.updated as updated3_2_, blooddonat0_.version as version4_2_, blooddonat0_.bank_id as bank_id8_2_, blooddonat0_.blood_group as blood_gr5_2_, blooddonat0_.rhd as rhd6_2_, blooddonat0_.milliliters as millilit7_2_ from blood_donation blooddonat0_ where blooddonat0_.donation_id=** NOT SPECIFIED **]
2021-11-19T10:23:44,183|[TRACE] BasicBinder - binding parameter [1] as [INTEGER] - [1]
2021-11-19T10:23:44,183|[TRACE] Loader - Bound [2] parameters total
2021-11-19T10:23:44,184|[TRACE] ResourceRegistryStandardImpl - Registering result set [com.mysql.cj.jdbc.result.ResultSetImpl@673a9db4]
2021-11-19T10:23:44,184|[TRACE] Loader - Processing result set
2021-11-19T10:23:44,184|[DEBUG] Loader - Result set row: 0
2021-11-19T10:23:44,184|[TRACE] BasicExtractor - extracted value ([donation1_2_] : [INTEGER]) - [1]
2021-11-19T10:23:44,184|[DEBUG] Loader - Result row: EntityKey[bloodbank.entity.BloodDonation#1]
2021-11-19T10:23:44,184|[TRACE] Loader - Initializing object from ResultSet: [bloodbank.entity.BloodDonation#1]
2021-11-19T10:23:44,184|[TRACE] AbstractEntityPersister - Hydrating entity: [bloodbank.entity.BloodDonation#1]
2021-11-19T10:23:44,184|[TRACE] BasicExtractor - extracted value ([created2_2_] : [BIGINT]) - [1637335424100]
2021-11-19T10:23:44,184|[TRACE] BasicExtractor - extracted value ([updated3_2_] : [BIGINT]) - [1637335424100]
2021-11-19T10:23:44,184|[TRACE] BasicExtractor - extracted value ([version4_2_] : [INTEGER]) - [0]
2021-11-19T10:23:44,184|[TRACE] BasicExtractor - extracted value ([bank_id8_2_] : [INTEGER]) - [1]
2021-11-19T10:23:44,184|[TRACE] BasicExtractor - extracted value ([blood_gr5_2_] : [VARCHAR]) - [AB]
2021-11-19T10:23:44,184|[TRACE] BasicExtractor - extracted value ([rhd6_2_] : [TINYINT]) - [1]
2021-11-19T10:23:44,184|[TRACE] BasicExtractor - extracted value ([millilit7_2_] : [INTEGER]) - [5]
2021-11-19T10:23:44,184|[TRACE] TwoPhaseLoad - Version: 0
2021-11-19T10:23:44,184|[TRACE] Loader - Done processing result set (1 rows)
2021-11-19T10:23:44,184|[TRACE] Loader - Total objects hydrated: 1
2021-11-19T10:23:44,184|[DEBUG] TwoPhaseLoad - Resolving attributes for [bloodbank.entity.BloodDonation#1]
2021-11-19T10:23:44,184|[DEBUG] TwoPhaseLoad - Processing attribute `epochCreated` : value = 1637335424100
2021-11-19T10:23:44,184|[DEBUG] TwoPhaseLoad - Attribute (`epochCreated`)  - enhanced for lazy-loading? - false
2021-11-19T10:23:44,184|[DEBUG] TwoPhaseLoad - Processing attribute `epochUpdated` : value = 1637335424100
2021-11-19T10:23:44,184|[DEBUG] TwoPhaseLoad - Attribute (`epochUpdated`)  - enhanced for lazy-loading? - false
2021-11-19T10:23:44,184|[DEBUG] TwoPhaseLoad - Processing attribute `version` : value = 0
2021-11-19T10:23:44,184|[DEBUG] TwoPhaseLoad - Attribute (`version`)  - enhanced for lazy-loading? - false
2021-11-19T10:23:44,184|[DEBUG] TwoPhaseLoad - Processing attribute `bank` : value = 1
2021-11-19T10:23:44,184|[DEBUG] TwoPhaseLoad - Attribute (`bank`)  - enhanced for lazy-loading? - false
2021-11-19T10:23:44,184|[TRACE] DefaultLoadEventListener - Loading entity: [bloodbank.entity.BloodBank#1]
2021-11-19T10:23:44,184|[TRACE] DefaultLoadEventListener - Creating new proxy for entity
2021-11-19T10:23:44,184|[DEBUG] TwoPhaseLoad - Processing attribute `bloodType` : value = [Ljava.lang.Object;@2792c28
2021-11-19T10:23:44,184|[DEBUG] TwoPhaseLoad - Attribute (`bloodType`)  - enhanced for lazy-loading? - false
2021-11-19T10:23:44,184|[DEBUG] TwoPhaseLoad - Processing attribute `milliliters` : value = 5
2021-11-19T10:23:44,184|[DEBUG] TwoPhaseLoad - Attribute (`milliliters`)  - enhanced for lazy-loading? - false
2021-11-19T10:23:44,184|[DEBUG] TwoPhaseLoad - Processing attribute `record` : value = 1
2021-11-19T10:23:44,184|[DEBUG] TwoPhaseLoad - Attribute (`record`)  - enhanced for lazy-loading? - false
2021-11-19T10:23:44,185|[TRACE] DefaultLoadEventListener - Loading entity: [bloodbank.entity.DonationRecord#1]
2021-11-19T10:23:44,185|[TRACE] DefaultLoadEventListener - Attempting to resolve: [bloodbank.entity.DonationRecord#1]
2021-11-19T10:23:44,185|[TRACE] DefaultLoadEventListener - Object not resolved in any cache: [bloodbank.entity.DonationRecord#1]
2021-11-19T10:23:44,185|[TRACE] AbstractEntityPersister - Fetching entity: [bloodbank.entity.DonationRecord#1]
2021-11-19T10:23:44,185|[DEBUG] SQL - 
    select
        donationre0_.record_id as record_i1_4_0_,
        donationre0_.created as created2_4_0_,
        donationre0_.updated as updated3_4_0_,
        donationre0_.version as version4_4_0_,
        donationre0_.donation_id as donation6_4_0_,
        donationre0_.person_id as person_i7_4_0_,
        donationre0_.tested as tested5_4_0_,
        blooddonat1_.donation_id as donation1_2_1_,
        blooddonat1_.created as created2_2_1_,
        blooddonat1_.updated as updated3_2_1_,
        blooddonat1_.version as version4_2_1_,
        blooddonat1_.bank_id as bank_id8_2_1_,
        blooddonat1_.blood_group as blood_gr5_2_1_,
        blooddonat1_.rhd as rhd6_2_1_,
        blooddonat1_.milliliters as millilit7_2_1_ 
    from
        donation_record donationre0_ 
    inner join
        blood_donation blooddonat1_ 
            on donationre0_.donation_id=blooddonat1_.donation_id 
    where
        donationre0_.record_id=?
2021-11-19T10:23:44,185|[TRACE] ResourceRegistryStandardImpl - Registering statement [com.mysql.cj.jdbc.ClientPreparedStatement: select donationre0_.record_id as record_i1_4_0_, donationre0_.created as created2_4_0_, donationre0_.updated as updated3_4_0_, donationre0_.version as version4_4_0_, donationre0_.donation_id as donation6_4_0_, donationre0_.person_id as person_i7_4_0_, donationre0_.tested as tested5_4_0_, blooddonat1_.donation_id as donation1_2_1_, blooddonat1_.created as created2_2_1_, blooddonat1_.updated as updated3_2_1_, blooddonat1_.version as version4_2_1_, blooddonat1_.bank_id as bank_id8_2_1_, blooddonat1_.blood_group as blood_gr5_2_1_, blooddonat1_.rhd as rhd6_2_1_, blooddonat1_.milliliters as millilit7_2_1_ from donation_record donationre0_ inner join blood_donation blooddonat1_ on donationre0_.donation_id=blooddonat1_.donation_id where donationre0_.record_id=** NOT SPECIFIED **]
2021-11-19T10:23:44,185|[TRACE] JdbcCoordinatorImpl - Registering last query statement [com.mysql.cj.jdbc.ClientPreparedStatement: select donationre0_.record_id as record_i1_4_0_, donationre0_.created as created2_4_0_, donationre0_.updated as updated3_4_0_, donationre0_.version as version4_4_0_, donationre0_.donation_id as donation6_4_0_, donationre0_.person_id as person_i7_4_0_, donationre0_.tested as tested5_4_0_, blooddonat1_.donation_id as donation1_2_1_, blooddonat1_.created as created2_2_1_, blooddonat1_.updated as updated3_2_1_, blooddonat1_.version as version4_2_1_, blooddonat1_.bank_id as bank_id8_2_1_, blooddonat1_.blood_group as blood_gr5_2_1_, blooddonat1_.rhd as rhd6_2_1_, blooddonat1_.milliliters as millilit7_2_1_ from donation_record donationre0_ inner join blood_donation blooddonat1_ on donationre0_.donation_id=blooddonat1_.donation_id where donationre0_.record_id=** NOT SPECIFIED **]
2021-11-19T10:23:44,185|[TRACE] BasicBinder - binding parameter [1] as [INTEGER] - [1]
2021-11-19T10:23:44,185|[TRACE] AbstractLoadPlanBasedLoader - Bound [2] parameters total
2021-11-19T10:23:44,186|[TRACE] ResourceRegistryStandardImpl - Registering result set [com.mysql.cj.jdbc.result.ResultSetImpl@351e86b2]
2021-11-19T10:23:44,186|[TRACE] ResultSetProcessorImpl - Processing result set
2021-11-19T10:23:44,186|[TRACE] ResultSetProcessorImpl - Starting ResultSet row #0
2021-11-19T10:23:44,186|[TRACE] BasicExtractor - extracted value ([donation1_2_1_] : [INTEGER]) - [1]
2021-11-19T10:23:44,186|[DEBUG] EntityReferenceInitializerImpl - On call to EntityIdentifierReaderImpl#resolve, EntityKey was already known; should only happen on root returns with an optional identifier specified
2021-11-19T10:23:44,186|[TRACE] EntityReferenceInitializerImpl - hydrating entity state
2021-11-19T10:23:44,186|[TRACE] EntityReferenceInitializerImpl - Initializing object from ResultSet: [bloodbank.entity.DonationRecord#1]
2021-11-19T10:23:44,186|[TRACE] AbstractEntityPersister - Hydrating entity: [bloodbank.entity.DonationRecord#1]
2021-11-19T10:23:44,186|[TRACE] BasicExtractor - extracted value ([created2_4_0_] : [BIGINT]) - [1637335424099]
2021-11-19T10:23:44,186|[TRACE] BasicExtractor - extracted value ([updated3_4_0_] : [BIGINT]) - [1637335424099]
2021-11-19T10:23:44,186|[TRACE] BasicExtractor - extracted value ([version4_4_0_] : [INTEGER]) - [0]
2021-11-19T10:23:44,186|[TRACE] BasicExtractor - extracted value ([donation6_4_0_] : [INTEGER]) - [1]
2021-11-19T10:23:44,186|[TRACE] BasicExtractor - extracted value ([person_i7_4_0_] : [INTEGER]) - [1]
2021-11-19T10:23:44,186|[TRACE] BasicExtractor - extracted value ([tested5_4_0_] : [TINYINT]) - [0]
2021-11-19T10:23:44,186|[TRACE] TwoPhaseLoad - Version: 0
2021-11-19T10:23:44,186|[TRACE] ResultSetProcessorImpl - Done processing result set (1 rows)
2021-11-19T10:23:44,186|[TRACE] AbstractRowReader - Total objects hydrated: 1
2021-11-19T10:23:44,187|[DEBUG] TwoPhaseLoad - Resolving attributes for [bloodbank.entity.DonationRecord#1]
2021-11-19T10:23:44,187|[DEBUG] TwoPhaseLoad - Processing attribute `epochCreated` : value = 1637335424099
2021-11-19T10:23:44,187|[DEBUG] TwoPhaseLoad - Attribute (`epochCreated`)  - enhanced for lazy-loading? - false
2021-11-19T10:23:44,187|[DEBUG] TwoPhaseLoad - Processing attribute `epochUpdated` : value = 1637335424099
2021-11-19T10:23:44,187|[DEBUG] TwoPhaseLoad - Attribute (`epochUpdated`)  - enhanced for lazy-loading? - false
2021-11-19T10:23:44,187|[DEBUG] TwoPhaseLoad - Processing attribute `version` : value = 0
2021-11-19T10:23:44,187|[DEBUG] TwoPhaseLoad - Attribute (`version`)  - enhanced for lazy-loading? - false
2021-11-19T10:23:44,187|[DEBUG] TwoPhaseLoad - Processing attribute `donation` : value = 1
2021-11-19T10:23:44,187|[DEBUG] TwoPhaseLoad - Attribute (`donation`)  - enhanced for lazy-loading? - false
2021-11-19T10:23:44,187|[TRACE] DefaultLoadEventListener - Loading entity: [bloodbank.entity.BloodDonation#1]
2021-11-19T10:23:44,187|[TRACE] DefaultLoadEventListener - Attempting to resolve: [bloodbank.entity.BloodDonation#1]
2021-11-19T10:23:44,187|[DEBUG] TwoPhaseLoad - Processing attribute `owner` : value = 1
2021-11-19T10:23:44,187|[DEBUG] TwoPhaseLoad - Attribute (`owner`)  - enhanced for lazy-loading? - false
2021-11-19T10:23:44,187|[TRACE] DefaultLoadEventListener - Loading entity: [bloodbank.entity.Person#1]
2021-11-19T10:23:44,187|[TRACE] DefaultLoadEventListener - Creating new proxy for entity
2021-11-19T10:23:44,187|[DEBUG] TwoPhaseLoad - Processing attribute `tested` : value = 0
2021-11-19T10:23:44,187|[DEBUG] TwoPhaseLoad - Attribute (`tested`)  - enhanced for lazy-loading? - false
2021-11-19T10:23:44,187|[DEBUG] TwoPhaseLoad - Done materializing entity [bloodbank.entity.DonationRecord#1]
2021-11-19T10:23:44,187|[TRACE] ResultSetProcessingContextImpl - Skipping create subselects because there are fewer than 2 results, so query by key is more efficient.
2021-11-19T10:23:44,187|[TRACE] ResourceRegistryStandardImpl - Releasing statement [com.mysql.cj.jdbc.ClientPreparedStatement: select donationre0_.record_id as record_i1_4_0_, donationre0_.created as created2_4_0_, donationre0_.updated as updated3_4_0_, donationre0_.version as version4_4_0_, donationre0_.donation_id as donation6_4_0_, donationre0_.person_id as person_i7_4_0_, donationre0_.tested as tested5_4_0_, blooddonat1_.donation_id as donation1_2_1_, blooddonat1_.created as created2_2_1_, blooddonat1_.updated as updated3_2_1_, blooddonat1_.version as version4_2_1_, blooddonat1_.bank_id as bank_id8_2_1_, blooddonat1_.blood_group as blood_gr5_2_1_, blooddonat1_.rhd as rhd6_2_1_, blooddonat1_.milliliters as millilit7_2_1_ from donation_record donationre0_ inner join blood_donation blooddonat1_ on donationre0_.donation_id=blooddonat1_.donation_id where donationre0_.record_id=1]
2021-11-19T10:23:44,187|[TRACE] ResourceRegistryStandardImpl - Closing result set [com.mysql.cj.jdbc.result.ResultSetImpl@351e86b2]
2021-11-19T10:23:44,187|[TRACE] ResourceRegistryStandardImpl - Closing prepared statement [com.mysql.cj.jdbc.ClientPreparedStatement: select donationre0_.record_id as record_i1_4_0_, donationre0_.created as created2_4_0_, donationre0_.updated as updated3_4_0_, donationre0_.version as version4_4_0_, donationre0_.donation_id as donation6_4_0_, donationre0_.person_id as person_i7_4_0_, donationre0_.tested as tested5_4_0_, blooddonat1_.donation_id as donation1_2_1_, blooddonat1_.created as created2_2_1_, blooddonat1_.updated as updated3_2_1_, blooddonat1_.version as version4_2_1_, blooddonat1_.bank_id as bank_id8_2_1_, blooddonat1_.blood_group as blood_gr5_2_1_, blooddonat1_.rhd as rhd6_2_1_, blooddonat1_.milliliters as millilit7_2_1_ from donation_record donationre0_ inner join blood_donation blooddonat1_ on donationre0_.donation_id=blooddonat1_.donation_id where donationre0_.record_id=1]
2021-11-19T10:23:44,187|[TRACE] JdbcCoordinatorImpl - Starting after statement execution processing [AFTER_TRANSACTION]
2021-11-19T10:23:44,187|[DEBUG] AbstractLoadPlanBasedEntityLoader - Done entity load : bloodbank.entity.DonationRecord#1
2021-11-19T10:23:44,187|[DEBUG] TwoPhaseLoad - Done materializing entity [bloodbank.entity.BloodDonation#1]
2021-11-19T10:23:44,187|[TRACE] ResourceRegistryStandardImpl - Releasing statement [com.mysql.cj.jdbc.ClientPreparedStatement: /* select generatedAlias0 from BloodDonation as generatedAlias0 where generatedAlias0.id=:id */ select blooddonat0_.donation_id as donation1_2_, blooddonat0_.created as created2_2_, blooddonat0_.updated as updated3_2_, blooddonat0_.version as version4_2_, blooddonat0_.bank_id as bank_id8_2_, blooddonat0_.blood_group as blood_gr5_2_, blooddonat0_.rhd as rhd6_2_, blooddonat0_.milliliters as millilit7_2_ from blood_donation blooddonat0_ where blooddonat0_.donation_id=1]
2021-11-19T10:23:44,187|[TRACE] ResourceRegistryStandardImpl - Closing result set [com.mysql.cj.jdbc.result.ResultSetImpl@673a9db4]
2021-11-19T10:23:44,187|[TRACE] ResourceRegistryStandardImpl - Closing prepared statement [com.mysql.cj.jdbc.ClientPreparedStatement: /* select generatedAlias0 from BloodDonation as generatedAlias0 where generatedAlias0.id=:id */ select blooddonat0_.donation_id as donation1_2_, blooddonat0_.created as created2_2_, blooddonat0_.updated as updated3_2_, blooddonat0_.version as version4_2_, blooddonat0_.bank_id as bank_id8_2_, blooddonat0_.blood_group as blood_gr5_2_, blooddonat0_.rhd as rhd6_2_, blooddonat0_.milliliters as millilit7_2_ from blood_donation blooddonat0_ where blooddonat0_.donation_id=1]
2021-11-19T10:23:44,187|[TRACE] JdbcCoordinatorImpl - Starting after statement execution processing [AFTER_TRANSACTION]
2021-11-19T10:23:44,187|[TRACE] StatefulPersistenceContext - Initializing non-lazy collections
2021-11-19T10:23:44,187|[TRACE] AbstractLogicalConnectionImplementor - LogicalConnection#afterTransaction
2021-11-19T10:23:44,187|[TRACE] ResourceRegistryStandardImpl - Releasing JDBC resources
2021-11-19T10:23:44,187|[DEBUG] LogicalConnectionManagedImpl - Initiating JDBC connection release from afterTransaction
2021-11-19T10:23:44,187|[TRACE] ResourceRegistryStandardImpl - Releasing JDBC resources
2021-11-19T10:23:44,188|[DEBUG] TransactionImpl - begin
2021-11-19T10:23:44,188|[TRACE] AbstractLogicalConnectionImplementor - Preparing to begin transaction via JDBC Connection.setAutoCommit(false)
2021-11-19T10:23:44,188|[TRACE] AbstractLogicalConnectionImplementor - Transaction begun via JDBC Connection.setAutoCommit(false)
2021-11-19T10:23:44,188|[TRACE] JdbcResourceLocalTransactionCoordinatorImpl - ResourceLocalTransactionCoordinatorImpl#afterBeginCallback
2021-11-19T10:23:44,188|[TRACE] AbstractServiceRegistryImpl - Initializing service [role=org.hibernate.event.spi.EntityCopyObserverFactory]
2021-11-19T10:23:44,188|[DEBUG] EntityCopyObserverFactoryInitiator - Configured EntityCopyObserver strategy: disallow
2021-11-19T10:23:44,188|[TRACE] EntityState - Persistent instance of: bloodbank.entity.BloodDonation
2021-11-19T10:23:44,188|[TRACE] DefaultMergeEventListener - Ignoring persistent instance
2021-11-19T10:23:44,188|[TRACE] Cascade - Processing cascade ACTION_MERGE for: bloodbank.entity.BloodDonation
2021-11-19T10:23:44,188|[TRACE] CascadingAction - Cascading to merge: bloodbank.entity.BloodBank
2021-11-19T10:23:44,189|[TRACE] DefaultMergeEventListener - Ignoring uninitialized proxy
2021-11-19T10:23:44,190|[TRACE] DefaultLoadEventListener - Loading entity: [bloodbank.entity.BloodBank#1]
2021-11-19T10:23:44,190|[TRACE] DefaultLoadEventListener - Entity proxy found in session cache
2021-11-19T10:23:44,190|[TRACE] Cascade - Done processing cascade ACTION_MERGE for: bloodbank.entity.BloodDonation
2021-11-19T10:23:44,190|[DEBUG] TransactionImpl - committing
2021-11-19T10:23:44,190|[TRACE] JdbcResourceLocalTransactionCoordinatorImpl - ResourceLocalTransactionCoordinatorImpl#beforeCompletionCallback
2021-11-19T10:23:44,190|[TRACE] SessionImpl - SessionImpl#beforeTransactionCompletion()
2021-11-19T10:23:44,190|[TRACE] SessionImpl - Automatically flushing session
2021-11-19T10:23:44,190|[TRACE] AbstractFlushingEventListener - Flushing session
2021-11-19T10:23:44,190|[DEBUG] AbstractFlushingEventListener - Processing flush-time cascades
2021-11-19T10:23:44,190|[TRACE] Cascade - Processing cascade ACTION_PERSIST_ON_FLUSH for: bloodbank.entity.BloodDonation
2021-11-19T10:23:44,190|[TRACE] CascadingAction - Cascading to persist on flush: bloodbank.entity.BloodBank
2021-11-19T10:23:44,190|[TRACE] Cascade - Done processing cascade ACTION_PERSIST_ON_FLUSH for: bloodbank.entity.BloodDonation
2021-11-19T10:23:44,190|[TRACE] Cascade - Processing cascade ACTION_PERSIST_ON_FLUSH for: bloodbank.entity.DonationRecord
2021-11-19T10:23:44,191|[TRACE] CascadingAction - Cascading to persist on flush: bloodbank.entity.BloodDonation
2021-11-19T10:23:44,191|[TRACE] EntityState - Persistent instance of: bloodbank.entity.BloodDonation
2021-11-19T10:23:44,191|[TRACE] DefaultPersistEventListener - Ignoring persistent instance
2021-11-19T10:23:44,191|[TRACE] Cascade - Processing cascade ACTION_PERSIST_ON_FLUSH for: bloodbank.entity.BloodDonation
2021-11-19T10:23:44,191|[TRACE] CascadingAction - Cascading to persist on flush: bloodbank.entity.BloodBank
2021-11-19T10:23:44,191|[TRACE] Cascade - Done processing cascade ACTION_PERSIST_ON_FLUSH for: bloodbank.entity.BloodDonation
2021-11-19T10:23:44,191|[TRACE] Cascade - Processing cascade ACTION_PERSIST_ON_FLUSH for: bloodbank.entity.BloodDonation
2021-11-19T10:23:44,191|[TRACE] Cascade - Done processing cascade ACTION_PERSIST_ON_FLUSH for: bloodbank.entity.BloodDonation
2021-11-19T10:23:44,191|[TRACE] Cascade - Done processing cascade ACTION_PERSIST_ON_FLUSH for: bloodbank.entity.DonationRecord
2021-11-19T10:23:44,191|[DEBUG] AbstractFlushingEventListener - Dirty checking collections
2021-11-19T10:23:44,191|[TRACE] AbstractFlushingEventListener - Flushing entities and processing referenced collections
2021-11-19T10:23:44,191|[TRACE] AbstractFlushingEventListener - Processing unreferenced collections
2021-11-19T10:23:44,191|[TRACE] AbstractFlushingEventListener - Scheduling collection removes/(re)creates/updates
2021-11-19T10:23:44,191|[DEBUG] AbstractFlushingEventListener - Flushed: 0 insertions, 0 updates, 0 deletions to 2 objects
2021-11-19T10:23:44,191|[DEBUG] AbstractFlushingEventListener - Flushed: 0 (re)creations, 0 updates, 0 removals to 0 collections
2021-11-19T10:23:44,191|[DEBUG] EntityPrinter - Listing entities:
2021-11-19T10:23:44,191|[DEBUG] EntityPrinter - bloodbank.entity.BloodDonation{bank=<uninitialized>, record=bloodbank.entity.DonationRecord#1, milliliters=5, id=1, epochCreated=1637335424100, bloodType=component[bloodGroup,rhd]{bloodGroup=AB, rhd=1}, version=0, epochUpdated=1637335424100}
2021-11-19T10:23:44,192|[DEBUG] EntityPrinter - bloodbank.entity.DonationRecord{owner=<uninitialized>, tested=0, donation=bloodbank.entity.BloodDonation#1, id=1, epochCreated=1637335424099, version=0, epochUpdated=1637335424099}
2021-11-19T10:23:44,192|[TRACE] AbstractFlushingEventListener - Executing flush
2021-11-19T10:23:44,192|[TRACE] JdbcCoordinatorImpl - Starting after statement execution processing [AFTER_TRANSACTION]
2021-11-19T10:23:44,192|[TRACE] AbstractFlushingEventListener - Post flush
2021-11-19T10:23:44,192|[TRACE] AbstractLogicalConnectionImplementor - LogicalConnection#beforeTransactionCompletion
2021-11-19T10:23:44,192|[TRACE] SynchronizationRegistryStandardImpl - SynchronizationRegistryStandardImpl.notifySynchronizationsBeforeTransactionCompletion
2021-11-19T10:23:44,192|[TRACE] AbstractLogicalConnectionImplementor - Preparing to commit transaction via JDBC Connection.commit()
2021-11-19T10:23:44,192|[TRACE] AbstractLogicalConnectionImplementor - Transaction committed via JDBC Connection.commit()
2021-11-19T10:23:44,192|[TRACE] AbstractLogicalConnectionImplementor - LogicalConnection#afterTransaction
2021-11-19T10:23:44,192|[TRACE] ResourceRegistryStandardImpl - Releasing JDBC resources
2021-11-19T10:23:44,192|[DEBUG] LogicalConnectionManagedImpl - Initiating JDBC connection release from afterTransaction
2021-11-19T10:23:44,193|[TRACE] ResourceRegistryStandardImpl - Releasing JDBC resources
2021-11-19T10:23:44,193|[TRACE] JdbcResourceLocalTransactionCoordinatorImpl - ResourceLocalTransactionCoordinatorImpl#afterCompletionCallback(true)
2021-11-19T10:23:44,193|[TRACE] SynchronizationRegistryStandardImpl - SynchronizationRegistryStandardImpl.notifySynchronizationsAfterTransactionCompletion(3)
2021-11-19T10:23:44,193|[TRACE] AbstractLogicalConnectionImplementor - LogicalConnection#afterTransaction
2021-11-19T10:23:44,193|[TRACE] ResourceRegistryStandardImpl - Releasing JDBC resources
2021-11-19T10:23:44,193|[DEBUG] LogicalConnectionManagedImpl - Initiating JDBC connection release from afterTransaction
2021-11-19T10:23:44,193|[TRACE] SessionImpl - SessionImpl#afterTransactionCompletion(successful=true, delayed=false)
2021-11-19T10:23:44,193|[DEBUG] CriteriaQueryImpl - Rendered criteria query -> select generatedAlias0 from BloodDonation as generatedAlias0 where generatedAlias0.id=:id
2021-11-19T10:23:44,193|[TRACE] QueryPlanCache - Located HQL query plan in cache (select generatedAlias0 from BloodDonation as generatedAlias0 where generatedAlias0.id=:id)
2021-11-19T10:23:44,193|[TRACE] QueryPlanCache - Located HQL query plan in cache (select generatedAlias0 from BloodDonation as generatedAlias0 where generatedAlias0.id=:id)
2021-11-19T10:23:44,193|[TRACE] QueryPlanCache - Located HQL query plan in cache (select generatedAlias0 from BloodDonation as generatedAlias0 where generatedAlias0.id=:id)
2021-11-19T10:23:44,193|[TRACE] HQLQueryPlan - Find: select generatedAlias0 from BloodDonation as generatedAlias0 where generatedAlias0.id=:id
2021-11-19T10:23:44,193|[TRACE] QueryParameters - Named parameters: {id=1}
2021-11-19T10:23:44,193|[DEBUG] SQL - 
    /* select
        generatedAlias0 
    from
        BloodDonation as generatedAlias0 
    where
        generatedAlias0.id=:id */ select
            blooddonat0_.donation_id as donation1_2_,
            blooddonat0_.created as created2_2_,
            blooddonat0_.updated as updated3_2_,
            blooddonat0_.version as version4_2_,
            blooddonat0_.bank_id as bank_id8_2_,
            blooddonat0_.blood_group as blood_gr5_2_,
            blooddonat0_.rhd as rhd6_2_,
            blooddonat0_.milliliters as millilit7_2_ 
        from
            blood_donation blooddonat0_ 
        where
            blooddonat0_.donation_id=?
2021-11-19T10:23:44,194|[TRACE] ResourceRegistryStandardImpl - Registering statement [com.mysql.cj.jdbc.ClientPreparedStatement: /* select generatedAlias0 from BloodDonation as generatedAlias0 where generatedAlias0.id=:id */ select blooddonat0_.donation_id as donation1_2_, blooddonat0_.created as created2_2_, blooddonat0_.updated as updated3_2_, blooddonat0_.version as version4_2_, blooddonat0_.bank_id as bank_id8_2_, blooddonat0_.blood_group as blood_gr5_2_, blooddonat0_.rhd as rhd6_2_, blooddonat0_.milliliters as millilit7_2_ from blood_donation blooddonat0_ where blooddonat0_.donation_id=** NOT SPECIFIED **]
2021-11-19T10:23:44,194|[TRACE] JdbcCoordinatorImpl - Registering last query statement [com.mysql.cj.jdbc.ClientPreparedStatement: /* select generatedAlias0 from BloodDonation as generatedAlias0 where generatedAlias0.id=:id */ select blooddonat0_.donation_id as donation1_2_, blooddonat0_.created as created2_2_, blooddonat0_.updated as updated3_2_, blooddonat0_.version as version4_2_, blooddonat0_.bank_id as bank_id8_2_, blooddonat0_.blood_group as blood_gr5_2_, blooddonat0_.rhd as rhd6_2_, blooddonat0_.milliliters as millilit7_2_ from blood_donation blooddonat0_ where blooddonat0_.donation_id=** NOT SPECIFIED **]
2021-11-19T10:23:44,194|[TRACE] BasicBinder - binding parameter [1] as [INTEGER] - [1]
2021-11-19T10:23:44,194|[TRACE] Loader - Bound [2] parameters total
2021-11-19T10:23:44,195|[TRACE] ResourceRegistryStandardImpl - Registering result set [com.mysql.cj.jdbc.result.ResultSetImpl@4e3ee457]
2021-11-19T10:23:44,195|[TRACE] Loader - Processing result set
2021-11-19T10:23:44,195|[DEBUG] Loader - Result set row: 0
2021-11-19T10:23:44,195|[TRACE] BasicExtractor - extracted value ([donation1_2_] : [INTEGER]) - [1]
2021-11-19T10:23:44,195|[DEBUG] Loader - Result row: EntityKey[bloodbank.entity.BloodDonation#1]
2021-11-19T10:23:44,195|[TRACE] Loader - Done processing result set (1 rows)
2021-11-19T10:23:44,195|[TRACE] Loader - Total objects hydrated: 0
2021-11-19T10:23:44,195|[TRACE] ResourceRegistryStandardImpl - Releasing statement [com.mysql.cj.jdbc.ClientPreparedStatement: /* select generatedAlias0 from BloodDonation as generatedAlias0 where generatedAlias0.id=:id */ select blooddonat0_.donation_id as donation1_2_, blooddonat0_.created as created2_2_, blooddonat0_.updated as updated3_2_, blooddonat0_.version as version4_2_, blooddonat0_.bank_id as bank_id8_2_, blooddonat0_.blood_group as blood_gr5_2_, blooddonat0_.rhd as rhd6_2_, blooddonat0_.milliliters as millilit7_2_ from blood_donation blooddonat0_ where blooddonat0_.donation_id=1]
2021-11-19T10:23:44,195|[TRACE] ResourceRegistryStandardImpl - Closing result set [com.mysql.cj.jdbc.result.ResultSetImpl@4e3ee457]
2021-11-19T10:23:44,195|[TRACE] ResourceRegistryStandardImpl - Closing prepared statement [com.mysql.cj.jdbc.ClientPreparedStatement: /* select generatedAlias0 from BloodDonation as generatedAlias0 where generatedAlias0.id=:id */ select blooddonat0_.donation_id as donation1_2_, blooddonat0_.created as created2_2_, blooddonat0_.updated as updated3_2_, blooddonat0_.version as version4_2_, blooddonat0_.bank_id as bank_id8_2_, blooddonat0_.blood_group as blood_gr5_2_, blooddonat0_.rhd as rhd6_2_, blooddonat0_.milliliters as millilit7_2_ from blood_donation blooddonat0_ where blooddonat0_.donation_id=1]
2021-11-19T10:23:44,195|[TRACE] JdbcCoordinatorImpl - Starting after statement execution processing [AFTER_TRANSACTION]
2021-11-19T10:23:44,195|[TRACE] StatefulPersistenceContext - Initializing non-lazy collections
2021-11-19T10:23:44,195|[TRACE] AbstractLogicalConnectionImplementor - LogicalConnection#afterTransaction
2021-11-19T10:23:44,196|[TRACE] ResourceRegistryStandardImpl - Releasing JDBC resources
2021-11-19T10:23:44,196|[DEBUG] LogicalConnectionManagedImpl - Initiating JDBC connection release from afterTransaction
2021-11-19T10:23:44,196|[TRACE] ResourceRegistryStandardImpl - Releasing JDBC resources
2021-11-19T10:23:44,197|[TRACE] SessionImpl - Closing session [fd6614c8-1ccb-4b01-ba34-82ccc59542d6]
2021-11-19T10:23:44,197|[TRACE] JdbcCoordinatorImpl - Closing JDBC container [org.hibernate.engine.jdbc.internal.JdbcCoordinatorImpl@41b66d1]
2021-11-19T10:23:44,197|[TRACE] ResourceRegistryStandardImpl - Releasing JDBC resources
2021-11-19T10:23:44,197|[TRACE] LogicalConnectionManagedImpl - Closing logical connection
2021-11-19T10:23:44,197|[TRACE] LogicalConnectionManagedImpl - Logical connection closed
]]></system-out>
  </testcase>
  <testcase name="testUpdateDependencies" classname="bloodbank.entity.TestCRUDBloodDonation" time="0.03">
    <system-out><![CDATA[2021-11-19T10:23:44,198|[TRACE] SessionFactoryImpl$SessionBuilderImpl - Opening Hibernate Session.  tenant=null
2021-11-19T10:23:44,198|[TRACE] SessionImpl - Opened Session [d6405349-e870-4c45-be35-ba57de556569] at timestamp: 1637335424198
2021-11-19T10:23:44,198|[DEBUG] TransactionImpl - On TransactionImpl creation, JpaCompliance#isJpaTransactionComplianceEnabled == false
2021-11-19T10:23:44,199|[DEBUG] CriteriaQueryImpl - Rendered criteria query -> select generatedAlias0 from BloodDonation as generatedAlias0 where generatedAlias0.id=:id
2021-11-19T10:23:44,199|[TRACE] QueryPlanCache - Located HQL query plan in cache (select generatedAlias0 from BloodDonation as generatedAlias0 where generatedAlias0.id=:id)
2021-11-19T10:23:44,199|[TRACE] QueryPlanCache - Located HQL query plan in cache (select generatedAlias0 from BloodDonation as generatedAlias0 where generatedAlias0.id=:id)
2021-11-19T10:23:44,199|[TRACE] QueryPlanCache - Located HQL query plan in cache (select generatedAlias0 from BloodDonation as generatedAlias0 where generatedAlias0.id=:id)
2021-11-19T10:23:44,199|[TRACE] HQLQueryPlan - Find: select generatedAlias0 from BloodDonation as generatedAlias0 where generatedAlias0.id=:id
2021-11-19T10:23:44,199|[TRACE] QueryParameters - Named parameters: {id=1}
2021-11-19T10:23:44,199|[DEBUG] SQL - 
    /* select
        generatedAlias0 
    from
        BloodDonation as generatedAlias0 
    where
        generatedAlias0.id=:id */ select
            blooddonat0_.donation_id as donation1_2_,
            blooddonat0_.created as created2_2_,
            blooddonat0_.updated as updated3_2_,
            blooddonat0_.version as version4_2_,
            blooddonat0_.bank_id as bank_id8_2_,
            blooddonat0_.blood_group as blood_gr5_2_,
            blooddonat0_.rhd as rhd6_2_,
            blooddonat0_.milliliters as millilit7_2_ 
        from
            blood_donation blooddonat0_ 
        where
            blooddonat0_.donation_id=?
2021-11-19T10:23:44,200|[TRACE] ResourceRegistryStandardImpl - Registering statement [com.mysql.cj.jdbc.ClientPreparedStatement: /* select generatedAlias0 from BloodDonation as generatedAlias0 where generatedAlias0.id=:id */ select blooddonat0_.donation_id as donation1_2_, blooddonat0_.created as created2_2_, blooddonat0_.updated as updated3_2_, blooddonat0_.version as version4_2_, blooddonat0_.bank_id as bank_id8_2_, blooddonat0_.blood_group as blood_gr5_2_, blooddonat0_.rhd as rhd6_2_, blooddonat0_.milliliters as millilit7_2_ from blood_donation blooddonat0_ where blooddonat0_.donation_id=** NOT SPECIFIED **]
2021-11-19T10:23:44,200|[TRACE] JdbcCoordinatorImpl - Registering last query statement [com.mysql.cj.jdbc.ClientPreparedStatement: /* select generatedAlias0 from BloodDonation as generatedAlias0 where generatedAlias0.id=:id */ select blooddonat0_.donation_id as donation1_2_, blooddonat0_.created as created2_2_, blooddonat0_.updated as updated3_2_, blooddonat0_.version as version4_2_, blooddonat0_.bank_id as bank_id8_2_, blooddonat0_.blood_group as blood_gr5_2_, blooddonat0_.rhd as rhd6_2_, blooddonat0_.milliliters as millilit7_2_ from blood_donation blooddonat0_ where blooddonat0_.donation_id=** NOT SPECIFIED **]
2021-11-19T10:23:44,200|[TRACE] BasicBinder - binding parameter [1] as [INTEGER] - [1]
2021-11-19T10:23:44,200|[TRACE] Loader - Bound [2] parameters total
2021-11-19T10:23:44,201|[TRACE] ResourceRegistryStandardImpl - Registering result set [com.mysql.cj.jdbc.result.ResultSetImpl@72585e83]
2021-11-19T10:23:44,201|[TRACE] Loader - Processing result set
2021-11-19T10:23:44,201|[DEBUG] Loader - Result set row: 0
2021-11-19T10:23:44,201|[TRACE] BasicExtractor - extracted value ([donation1_2_] : [INTEGER]) - [1]
2021-11-19T10:23:44,201|[DEBUG] Loader - Result row: EntityKey[bloodbank.entity.BloodDonation#1]
2021-11-19T10:23:44,202|[TRACE] Loader - Initializing object from ResultSet: [bloodbank.entity.BloodDonation#1]
2021-11-19T10:23:44,202|[TRACE] AbstractEntityPersister - Hydrating entity: [bloodbank.entity.BloodDonation#1]
2021-11-19T10:23:44,202|[TRACE] BasicExtractor - extracted value ([created2_2_] : [BIGINT]) - [1637335424100]
2021-11-19T10:23:44,202|[TRACE] BasicExtractor - extracted value ([updated3_2_] : [BIGINT]) - [1637335424100]
2021-11-19T10:23:44,202|[TRACE] BasicExtractor - extracted value ([version4_2_] : [INTEGER]) - [0]
2021-11-19T10:23:44,202|[TRACE] BasicExtractor - extracted value ([bank_id8_2_] : [INTEGER]) - [1]
2021-11-19T10:23:44,202|[TRACE] BasicExtractor - extracted value ([blood_gr5_2_] : [VARCHAR]) - [AB]
2021-11-19T10:23:44,202|[TRACE] BasicExtractor - extracted value ([rhd6_2_] : [TINYINT]) - [1]
2021-11-19T10:23:44,202|[TRACE] BasicExtractor - extracted value ([millilit7_2_] : [INTEGER]) - [5]
2021-11-19T10:23:44,202|[TRACE] TwoPhaseLoad - Version: 0
2021-11-19T10:23:44,202|[TRACE] Loader - Done processing result set (1 rows)
2021-11-19T10:23:44,202|[TRACE] Loader - Total objects hydrated: 1
2021-11-19T10:23:44,202|[DEBUG] TwoPhaseLoad - Resolving attributes for [bloodbank.entity.BloodDonation#1]
2021-11-19T10:23:44,202|[DEBUG] TwoPhaseLoad - Processing attribute `epochCreated` : value = 1637335424100
2021-11-19T10:23:44,202|[DEBUG] TwoPhaseLoad - Attribute (`epochCreated`)  - enhanced for lazy-loading? - false
2021-11-19T10:23:44,202|[DEBUG] TwoPhaseLoad - Processing attribute `epochUpdated` : value = 1637335424100
2021-11-19T10:23:44,202|[DEBUG] TwoPhaseLoad - Attribute (`epochUpdated`)  - enhanced for lazy-loading? - false
2021-11-19T10:23:44,202|[DEBUG] TwoPhaseLoad - Processing attribute `version` : value = 0
2021-11-19T10:23:44,202|[DEBUG] TwoPhaseLoad - Attribute (`version`)  - enhanced for lazy-loading? - false
2021-11-19T10:23:44,202|[DEBUG] TwoPhaseLoad - Processing attribute `bank` : value = 1
2021-11-19T10:23:44,202|[DEBUG] TwoPhaseLoad - Attribute (`bank`)  - enhanced for lazy-loading? - false
2021-11-19T10:23:44,202|[TRACE] DefaultLoadEventListener - Loading entity: [bloodbank.entity.BloodBank#1]
2021-11-19T10:23:44,202|[TRACE] DefaultLoadEventListener - Creating new proxy for entity
2021-11-19T10:23:44,202|[DEBUG] TwoPhaseLoad - Processing attribute `bloodType` : value = [Ljava.lang.Object;@1d5bb5c
2021-11-19T10:23:44,202|[DEBUG] TwoPhaseLoad - Attribute (`bloodType`)  - enhanced for lazy-loading? - false
2021-11-19T10:23:44,202|[DEBUG] TwoPhaseLoad - Processing attribute `milliliters` : value = 5
2021-11-19T10:23:44,202|[DEBUG] TwoPhaseLoad - Attribute (`milliliters`)  - enhanced for lazy-loading? - false
2021-11-19T10:23:44,202|[DEBUG] TwoPhaseLoad - Processing attribute `record` : value = 1
2021-11-19T10:23:44,202|[DEBUG] TwoPhaseLoad - Attribute (`record`)  - enhanced for lazy-loading? - false
2021-11-19T10:23:44,202|[TRACE] DefaultLoadEventListener - Loading entity: [bloodbank.entity.DonationRecord#1]
2021-11-19T10:23:44,202|[TRACE] DefaultLoadEventListener - Attempting to resolve: [bloodbank.entity.DonationRecord#1]
2021-11-19T10:23:44,202|[TRACE] DefaultLoadEventListener - Object not resolved in any cache: [bloodbank.entity.DonationRecord#1]
2021-11-19T10:23:44,202|[TRACE] AbstractEntityPersister - Fetching entity: [bloodbank.entity.DonationRecord#1]
2021-11-19T10:23:44,202|[DEBUG] SQL - 
    select
        donationre0_.record_id as record_i1_4_0_,
        donationre0_.created as created2_4_0_,
        donationre0_.updated as updated3_4_0_,
        donationre0_.version as version4_4_0_,
        donationre0_.donation_id as donation6_4_0_,
        donationre0_.person_id as person_i7_4_0_,
        donationre0_.tested as tested5_4_0_,
        blooddonat1_.donation_id as donation1_2_1_,
        blooddonat1_.created as created2_2_1_,
        blooddonat1_.updated as updated3_2_1_,
        blooddonat1_.version as version4_2_1_,
        blooddonat1_.bank_id as bank_id8_2_1_,
        blooddonat1_.blood_group as blood_gr5_2_1_,
        blooddonat1_.rhd as rhd6_2_1_,
        blooddonat1_.milliliters as millilit7_2_1_ 
    from
        donation_record donationre0_ 
    inner join
        blood_donation blooddonat1_ 
            on donationre0_.donation_id=blooddonat1_.donation_id 
    where
        donationre0_.record_id=?
2021-11-19T10:23:44,203|[TRACE] ResourceRegistryStandardImpl - Registering statement [com.mysql.cj.jdbc.ClientPreparedStatement: select donationre0_.record_id as record_i1_4_0_, donationre0_.created as created2_4_0_, donationre0_.updated as updated3_4_0_, donationre0_.version as version4_4_0_, donationre0_.donation_id as donation6_4_0_, donationre0_.person_id as person_i7_4_0_, donationre0_.tested as tested5_4_0_, blooddonat1_.donation_id as donation1_2_1_, blooddonat1_.created as created2_2_1_, blooddonat1_.updated as updated3_2_1_, blooddonat1_.version as version4_2_1_, blooddonat1_.bank_id as bank_id8_2_1_, blooddonat1_.blood_group as blood_gr5_2_1_, blooddonat1_.rhd as rhd6_2_1_, blooddonat1_.milliliters as millilit7_2_1_ from donation_record donationre0_ inner join blood_donation blooddonat1_ on donationre0_.donation_id=blooddonat1_.donation_id where donationre0_.record_id=** NOT SPECIFIED **]
2021-11-19T10:23:44,203|[TRACE] JdbcCoordinatorImpl - Registering last query statement [com.mysql.cj.jdbc.ClientPreparedStatement: select donationre0_.record_id as record_i1_4_0_, donationre0_.created as created2_4_0_, donationre0_.updated as updated3_4_0_, donationre0_.version as version4_4_0_, donationre0_.donation_id as donation6_4_0_, donationre0_.person_id as person_i7_4_0_, donationre0_.tested as tested5_4_0_, blooddonat1_.donation_id as donation1_2_1_, blooddonat1_.created as created2_2_1_, blooddonat1_.updated as updated3_2_1_, blooddonat1_.version as version4_2_1_, blooddonat1_.bank_id as bank_id8_2_1_, blooddonat1_.blood_group as blood_gr5_2_1_, blooddonat1_.rhd as rhd6_2_1_, blooddonat1_.milliliters as millilit7_2_1_ from donation_record donationre0_ inner join blood_donation blooddonat1_ on donationre0_.donation_id=blooddonat1_.donation_id where donationre0_.record_id=** NOT SPECIFIED **]
2021-11-19T10:23:44,203|[TRACE] BasicBinder - binding parameter [1] as [INTEGER] - [1]
2021-11-19T10:23:44,203|[TRACE] AbstractLoadPlanBasedLoader - Bound [2] parameters total
2021-11-19T10:23:44,204|[TRACE] ResourceRegistryStandardImpl - Registering result set [com.mysql.cj.jdbc.result.ResultSetImpl@48da64f2]
2021-11-19T10:23:44,204|[TRACE] ResultSetProcessorImpl - Processing result set
2021-11-19T10:23:44,204|[TRACE] ResultSetProcessorImpl - Starting ResultSet row #0
2021-11-19T10:23:44,204|[TRACE] BasicExtractor - extracted value ([donation1_2_1_] : [INTEGER]) - [1]
2021-11-19T10:23:44,204|[DEBUG] EntityReferenceInitializerImpl - On call to EntityIdentifierReaderImpl#resolve, EntityKey was already known; should only happen on root returns with an optional identifier specified
2021-11-19T10:23:44,204|[TRACE] EntityReferenceInitializerImpl - hydrating entity state
2021-11-19T10:23:44,204|[TRACE] EntityReferenceInitializerImpl - Initializing object from ResultSet: [bloodbank.entity.DonationRecord#1]
2021-11-19T10:23:44,204|[TRACE] AbstractEntityPersister - Hydrating entity: [bloodbank.entity.DonationRecord#1]
2021-11-19T10:23:44,205|[TRACE] BasicExtractor - extracted value ([created2_4_0_] : [BIGINT]) - [1637335424099]
2021-11-19T10:23:44,205|[TRACE] BasicExtractor - extracted value ([updated3_4_0_] : [BIGINT]) - [1637335424099]
2021-11-19T10:23:44,205|[TRACE] BasicExtractor - extracted value ([version4_4_0_] : [INTEGER]) - [0]
2021-11-19T10:23:44,205|[TRACE] BasicExtractor - extracted value ([donation6_4_0_] : [INTEGER]) - [1]
2021-11-19T10:23:44,205|[TRACE] BasicExtractor - extracted value ([person_i7_4_0_] : [INTEGER]) - [1]
2021-11-19T10:23:44,205|[TRACE] BasicExtractor - extracted value ([tested5_4_0_] : [TINYINT]) - [0]
2021-11-19T10:23:44,205|[TRACE] TwoPhaseLoad - Version: 0
2021-11-19T10:23:44,205|[TRACE] ResultSetProcessorImpl - Done processing result set (1 rows)
2021-11-19T10:23:44,205|[TRACE] AbstractRowReader - Total objects hydrated: 1
2021-11-19T10:23:44,205|[DEBUG] TwoPhaseLoad - Resolving attributes for [bloodbank.entity.DonationRecord#1]
2021-11-19T10:23:44,205|[DEBUG] TwoPhaseLoad - Processing attribute `epochCreated` : value = 1637335424099
2021-11-19T10:23:44,205|[DEBUG] TwoPhaseLoad - Attribute (`epochCreated`)  - enhanced for lazy-loading? - false
2021-11-19T10:23:44,205|[DEBUG] TwoPhaseLoad - Processing attribute `epochUpdated` : value = 1637335424099
2021-11-19T10:23:44,205|[DEBUG] TwoPhaseLoad - Attribute (`epochUpdated`)  - enhanced for lazy-loading? - false
2021-11-19T10:23:44,205|[DEBUG] TwoPhaseLoad - Processing attribute `version` : value = 0
2021-11-19T10:23:44,205|[DEBUG] TwoPhaseLoad - Attribute (`version`)  - enhanced for lazy-loading? - false
2021-11-19T10:23:44,205|[DEBUG] TwoPhaseLoad - Processing attribute `donation` : value = 1
2021-11-19T10:23:44,205|[DEBUG] TwoPhaseLoad - Attribute (`donation`)  - enhanced for lazy-loading? - false
2021-11-19T10:23:44,205|[TRACE] DefaultLoadEventListener - Loading entity: [bloodbank.entity.BloodDonation#1]
2021-11-19T10:23:44,205|[TRACE] DefaultLoadEventListener - Attempting to resolve: [bloodbank.entity.BloodDonation#1]
2021-11-19T10:23:44,205|[DEBUG] TwoPhaseLoad - Processing attribute `owner` : value = 1
2021-11-19T10:23:44,205|[DEBUG] TwoPhaseLoad - Attribute (`owner`)  - enhanced for lazy-loading? - false
2021-11-19T10:23:44,205|[TRACE] DefaultLoadEventListener - Loading entity: [bloodbank.entity.Person#1]
2021-11-19T10:23:44,205|[TRACE] DefaultLoadEventListener - Creating new proxy for entity
2021-11-19T10:23:44,206|[DEBUG] TwoPhaseLoad - Processing attribute `tested` : value = 0
2021-11-19T10:23:44,206|[DEBUG] TwoPhaseLoad - Attribute (`tested`)  - enhanced for lazy-loading? - false
2021-11-19T10:23:44,206|[DEBUG] TwoPhaseLoad - Done materializing entity [bloodbank.entity.DonationRecord#1]
2021-11-19T10:23:44,206|[TRACE] ResultSetProcessingContextImpl - Skipping create subselects because there are fewer than 2 results, so query by key is more efficient.
2021-11-19T10:23:44,206|[TRACE] ResourceRegistryStandardImpl - Releasing statement [com.mysql.cj.jdbc.ClientPreparedStatement: select donationre0_.record_id as record_i1_4_0_, donationre0_.created as created2_4_0_, donationre0_.updated as updated3_4_0_, donationre0_.version as version4_4_0_, donationre0_.donation_id as donation6_4_0_, donationre0_.person_id as person_i7_4_0_, donationre0_.tested as tested5_4_0_, blooddonat1_.donation_id as donation1_2_1_, blooddonat1_.created as created2_2_1_, blooddonat1_.updated as updated3_2_1_, blooddonat1_.version as version4_2_1_, blooddonat1_.bank_id as bank_id8_2_1_, blooddonat1_.blood_group as blood_gr5_2_1_, blooddonat1_.rhd as rhd6_2_1_, blooddonat1_.milliliters as millilit7_2_1_ from donation_record donationre0_ inner join blood_donation blooddonat1_ on donationre0_.donation_id=blooddonat1_.donation_id where donationre0_.record_id=1]
2021-11-19T10:23:44,206|[TRACE] ResourceRegistryStandardImpl - Closing result set [com.mysql.cj.jdbc.result.ResultSetImpl@48da64f2]
2021-11-19T10:23:44,206|[TRACE] ResourceRegistryStandardImpl - Closing prepared statement [com.mysql.cj.jdbc.ClientPreparedStatement: select donationre0_.record_id as record_i1_4_0_, donationre0_.created as created2_4_0_, donationre0_.updated as updated3_4_0_, donationre0_.version as version4_4_0_, donationre0_.donation_id as donation6_4_0_, donationre0_.person_id as person_i7_4_0_, donationre0_.tested as tested5_4_0_, blooddonat1_.donation_id as donation1_2_1_, blooddonat1_.created as created2_2_1_, blooddonat1_.updated as updated3_2_1_, blooddonat1_.version as version4_2_1_, blooddonat1_.bank_id as bank_id8_2_1_, blooddonat1_.blood_group as blood_gr5_2_1_, blooddonat1_.rhd as rhd6_2_1_, blooddonat1_.milliliters as millilit7_2_1_ from donation_record donationre0_ inner join blood_donation blooddonat1_ on donationre0_.donation_id=blooddonat1_.donation_id where donationre0_.record_id=1]
2021-11-19T10:23:44,206|[TRACE] JdbcCoordinatorImpl - Starting after statement execution processing [AFTER_TRANSACTION]
2021-11-19T10:23:44,206|[DEBUG] AbstractLoadPlanBasedEntityLoader - Done entity load : bloodbank.entity.DonationRecord#1
2021-11-19T10:23:44,206|[DEBUG] TwoPhaseLoad - Done materializing entity [bloodbank.entity.BloodDonation#1]
2021-11-19T10:23:44,206|[TRACE] ResourceRegistryStandardImpl - Releasing statement [com.mysql.cj.jdbc.ClientPreparedStatement: /* select generatedAlias0 from BloodDonation as generatedAlias0 where generatedAlias0.id=:id */ select blooddonat0_.donation_id as donation1_2_, blooddonat0_.created as created2_2_, blooddonat0_.updated as updated3_2_, blooddonat0_.version as version4_2_, blooddonat0_.bank_id as bank_id8_2_, blooddonat0_.blood_group as blood_gr5_2_, blooddonat0_.rhd as rhd6_2_, blooddonat0_.milliliters as millilit7_2_ from blood_donation blooddonat0_ where blooddonat0_.donation_id=1]
2021-11-19T10:23:44,206|[TRACE] ResourceRegistryStandardImpl - Closing result set [com.mysql.cj.jdbc.result.ResultSetImpl@72585e83]
2021-11-19T10:23:44,206|[TRACE] ResourceRegistryStandardImpl - Closing prepared statement [com.mysql.cj.jdbc.ClientPreparedStatement: /* select generatedAlias0 from BloodDonation as generatedAlias0 where generatedAlias0.id=:id */ select blooddonat0_.donation_id as donation1_2_, blooddonat0_.created as created2_2_, blooddonat0_.updated as updated3_2_, blooddonat0_.version as version4_2_, blooddonat0_.bank_id as bank_id8_2_, blooddonat0_.blood_group as blood_gr5_2_, blooddonat0_.rhd as rhd6_2_, blooddonat0_.milliliters as millilit7_2_ from blood_donation blooddonat0_ where blooddonat0_.donation_id=1]
2021-11-19T10:23:44,206|[TRACE] JdbcCoordinatorImpl - Starting after statement execution processing [AFTER_TRANSACTION]
2021-11-19T10:23:44,206|[TRACE] StatefulPersistenceContext - Initializing non-lazy collections
2021-11-19T10:23:44,206|[TRACE] AbstractLogicalConnectionImplementor - LogicalConnection#afterTransaction
2021-11-19T10:23:44,206|[TRACE] ResourceRegistryStandardImpl - Releasing JDBC resources
2021-11-19T10:23:44,206|[DEBUG] LogicalConnectionManagedImpl - Initiating JDBC connection release from afterTransaction
2021-11-19T10:23:44,207|[TRACE] ResourceRegistryStandardImpl - Releasing JDBC resources
2021-11-19T10:23:44,207|[DEBUG] SessionImpl - Initializing proxy: [bloodbank.entity.BloodBank#1]
2021-11-19T10:23:44,207|[TRACE] DefaultLoadEventListener - Attempting to resolve: [bloodbank.entity.BloodBank#1]
2021-11-19T10:23:44,207|[TRACE] DefaultLoadEventListener - Object not resolved in any cache: [bloodbank.entity.BloodBank#1]
2021-11-19T10:23:44,207|[TRACE] AbstractEntityPersister - Fetching entity: [bloodbank.entity.BloodBank#1]
2021-11-19T10:23:44,207|[DEBUG] SQL - 
    select
        bloodbank0_.bank_id as bank_id2_1_0_,
        bloodbank0_.created as created3_1_0_,
        bloodbank0_.updated as updated4_1_0_,
        bloodbank0_.version as version5_1_0_,
        bloodbank0_.name as name6_1_0_,
        bloodbank0_.privately_owned as privatel1_1_0_ 
    from
        blood_bank bloodbank0_ 
    where
        bloodbank0_.bank_id=?
2021-11-19T10:23:44,208|[TRACE] ResourceRegistryStandardImpl - Registering statement [com.mysql.cj.jdbc.ClientPreparedStatement: select bloodbank0_.bank_id as bank_id2_1_0_, bloodbank0_.created as created3_1_0_, bloodbank0_.updated as updated4_1_0_, bloodbank0_.version as version5_1_0_, bloodbank0_.name as name6_1_0_, bloodbank0_.privately_owned as privatel1_1_0_ from blood_bank bloodbank0_ where bloodbank0_.bank_id=** NOT SPECIFIED **]
2021-11-19T10:23:44,208|[TRACE] JdbcCoordinatorImpl - Registering last query statement [com.mysql.cj.jdbc.ClientPreparedStatement: select bloodbank0_.bank_id as bank_id2_1_0_, bloodbank0_.created as created3_1_0_, bloodbank0_.updated as updated4_1_0_, bloodbank0_.version as version5_1_0_, bloodbank0_.name as name6_1_0_, bloodbank0_.privately_owned as privatel1_1_0_ from blood_bank bloodbank0_ where bloodbank0_.bank_id=** NOT SPECIFIED **]
2021-11-19T10:23:44,208|[TRACE] BasicBinder - binding parameter [1] as [INTEGER] - [1]
2021-11-19T10:23:44,208|[TRACE] AbstractLoadPlanBasedLoader - Bound [2] parameters total
2021-11-19T10:23:44,209|[TRACE] ResourceRegistryStandardImpl - Registering result set [com.mysql.cj.jdbc.result.ResultSetImpl@66abb2fa]
2021-11-19T10:23:44,209|[TRACE] ResultSetProcessorImpl - Processing result set
2021-11-19T10:23:44,209|[TRACE] ResultSetProcessorImpl - Starting ResultSet row #0
2021-11-19T10:23:44,210|[DEBUG] EntityReferenceInitializerImpl - On call to EntityIdentifierReaderImpl#resolve, EntityKey was already known; should only happen on root returns with an optional identifier specified
2021-11-19T10:23:44,210|[TRACE] BasicExtractor - extracted value ([privatel1_1_0_] : [INTEGER]) - [1]
2021-11-19T10:23:44,210|[TRACE] EntityReferenceInitializerImpl - hydrating entity state
2021-11-19T10:23:44,210|[TRACE] EntityReferenceInitializerImpl - Initializing object from ResultSet: [bloodbank.entity.PrivateBloodBank#1]
2021-11-19T10:23:44,210|[TRACE] AbstractEntityPersister - Hydrating entity: [bloodbank.entity.PrivateBloodBank#1]
2021-11-19T10:23:44,210|[TRACE] BasicExtractor - extracted value ([created3_1_0_] : [BIGINT]) - [1637335424100]
2021-11-19T10:23:44,210|[TRACE] BasicExtractor - extracted value ([updated4_1_0_] : [BIGINT]) - [1637335424100]
2021-11-19T10:23:44,210|[TRACE] BasicExtractor - extracted value ([version5_1_0_] : [INTEGER]) - [0]
2021-11-19T10:23:44,210|[TRACE] BasicExtractor - extracted value ([name6_1_0_] : [VARCHAR]) - [Simzhuo Blood Bank]
2021-11-19T10:23:44,210|[TRACE] TwoPhaseLoad - Version: 0
2021-11-19T10:23:44,210|[TRACE] ResultSetProcessorImpl - Done processing result set (1 rows)
2021-11-19T10:23:44,210|[TRACE] AbstractRowReader - Total objects hydrated: 1
2021-11-19T10:23:44,210|[DEBUG] TwoPhaseLoad - Resolving attributes for [bloodbank.entity.PrivateBloodBank#1]
2021-11-19T10:23:44,210|[DEBUG] TwoPhaseLoad - Processing attribute `epochCreated` : value = 1637335424100
2021-11-19T10:23:44,210|[DEBUG] TwoPhaseLoad - Attribute (`epochCreated`)  - enhanced for lazy-loading? - false
2021-11-19T10:23:44,210|[DEBUG] TwoPhaseLoad - Processing attribute `epochUpdated` : value = 1637335424100
2021-11-19T10:23:44,210|[DEBUG] TwoPhaseLoad - Attribute (`epochUpdated`)  - enhanced for lazy-loading? - false
2021-11-19T10:23:44,210|[DEBUG] TwoPhaseLoad - Processing attribute `version` : value = 0
2021-11-19T10:23:44,210|[DEBUG] TwoPhaseLoad - Attribute (`version`)  - enhanced for lazy-loading? - false
2021-11-19T10:23:44,210|[DEBUG] TwoPhaseLoad - Processing attribute `donations` : value = NOT NULL COLLECTION
2021-11-19T10:23:44,210|[DEBUG] TwoPhaseLoad - Attribute (`donations`)  - enhanced for lazy-loading? - false
2021-11-19T10:23:44,210|[TRACE] CollectionType - Created collection wrapper: [bloodbank.entity.BloodBank.donations#1]
2021-11-19T10:23:44,210|[DEBUG] TwoPhaseLoad - Processing attribute `name` : value = Simzhuo Blood Bank
2021-11-19T10:23:44,210|[DEBUG] TwoPhaseLoad - Attribute (`name`)  - enhanced for lazy-loading? - false
2021-11-19T10:23:44,210|[DEBUG] TwoPhaseLoad - Done materializing entity [bloodbank.entity.PrivateBloodBank#1]
2021-11-19T10:23:44,210|[TRACE] ResultSetProcessingContextImpl - Skipping create subselects because there are fewer than 2 results, so query by key is more efficient.
2021-11-19T10:23:44,210|[TRACE] ResourceRegistryStandardImpl - Releasing statement [com.mysql.cj.jdbc.ClientPreparedStatement: select bloodbank0_.bank_id as bank_id2_1_0_, bloodbank0_.created as created3_1_0_, bloodbank0_.updated as updated4_1_0_, bloodbank0_.version as version5_1_0_, bloodbank0_.name as name6_1_0_, bloodbank0_.privately_owned as privatel1_1_0_ from blood_bank bloodbank0_ where bloodbank0_.bank_id=1]
2021-11-19T10:23:44,210|[TRACE] ResourceRegistryStandardImpl - Closing result set [com.mysql.cj.jdbc.result.ResultSetImpl@66abb2fa]
2021-11-19T10:23:44,210|[TRACE] ResourceRegistryStandardImpl - Closing prepared statement [com.mysql.cj.jdbc.ClientPreparedStatement: select bloodbank0_.bank_id as bank_id2_1_0_, bloodbank0_.created as created3_1_0_, bloodbank0_.updated as updated4_1_0_, bloodbank0_.version as version5_1_0_, bloodbank0_.name as name6_1_0_, bloodbank0_.privately_owned as privatel1_1_0_ from blood_bank bloodbank0_ where bloodbank0_.bank_id=1]
2021-11-19T10:23:44,210|[TRACE] JdbcCoordinatorImpl - Starting after statement execution processing [AFTER_TRANSACTION]
2021-11-19T10:23:44,210|[TRACE] StatefulPersistenceContext - Initializing non-lazy collections
2021-11-19T10:23:44,211|[DEBUG] AbstractLoadPlanBasedEntityLoader - Done entity load : bloodbank.entity.BloodBank#1
2021-11-19T10:23:44,211|[DEBUG] TransactionImpl - begin
2021-11-19T10:23:44,211|[TRACE] AbstractLogicalConnectionImplementor - Preparing to begin transaction via JDBC Connection.setAutoCommit(false)
2021-11-19T10:23:44,211|[TRACE] AbstractLogicalConnectionImplementor - Transaction begun via JDBC Connection.setAutoCommit(false)
2021-11-19T10:23:44,211|[TRACE] JdbcResourceLocalTransactionCoordinatorImpl - ResourceLocalTransactionCoordinatorImpl#afterBeginCallback
2021-11-19T10:23:44,211|[TRACE] EntityState - Persistent instance of: bloodbank.entity.BloodDonation
2021-11-19T10:23:44,211|[TRACE] DefaultMergeEventListener - Ignoring persistent instance
2021-11-19T10:23:44,211|[TRACE] Cascade - Processing cascade ACTION_MERGE for: bloodbank.entity.BloodDonation
2021-11-19T10:23:44,211|[TRACE] CascadingAction - Cascading to merge: bloodbank.entity.BloodBank
2021-11-19T10:23:44,211|[TRACE] EntityState - Persistent instance of: bloodbank.entity.BloodBank
2021-11-19T10:23:44,211|[TRACE] DefaultMergeEventListener - Ignoring persistent instance
2021-11-19T10:23:44,211|[TRACE] Cascade - Processing cascade ACTION_MERGE for: bloodbank.entity.PrivateBloodBank
2021-11-19T10:23:44,211|[TRACE] Cascade - Cascade ACTION_MERGE for collection: bloodbank.entity.BloodBank.donations
2021-11-19T10:23:44,211|[TRACE] Cascade - Done cascade ACTION_MERGE for collection: bloodbank.entity.BloodBank.donations
2021-11-19T10:23:44,211|[TRACE] Cascade - Done processing cascade ACTION_MERGE for: bloodbank.entity.PrivateBloodBank
2021-11-19T10:23:44,211|[TRACE] Cascade - Done processing cascade ACTION_MERGE for: bloodbank.entity.BloodDonation
2021-11-19T10:23:44,212|[DEBUG] TransactionImpl - committing
2021-11-19T10:23:44,212|[TRACE] JdbcResourceLocalTransactionCoordinatorImpl - ResourceLocalTransactionCoordinatorImpl#beforeCompletionCallback
2021-11-19T10:23:44,212|[TRACE] SessionImpl - SessionImpl#beforeTransactionCompletion()
2021-11-19T10:23:44,212|[TRACE] SessionImpl - Automatically flushing session
2021-11-19T10:23:44,212|[TRACE] AbstractFlushingEventListener - Flushing session
2021-11-19T10:23:44,212|[DEBUG] AbstractFlushingEventListener - Processing flush-time cascades
2021-11-19T10:23:44,212|[TRACE] Cascade - Processing cascade ACTION_PERSIST_ON_FLUSH for: bloodbank.entity.BloodDonation
2021-11-19T10:23:44,212|[TRACE] CascadingAction - Cascading to persist on flush: bloodbank.entity.BloodBank
2021-11-19T10:23:44,212|[TRACE] EntityState - Persistent instance of: bloodbank.entity.BloodBank
2021-11-19T10:23:44,212|[TRACE] DefaultPersistEventListener - Ignoring persistent instance
2021-11-19T10:23:44,212|[TRACE] Cascade - Processing cascade ACTION_PERSIST_ON_FLUSH for: bloodbank.entity.PrivateBloodBank
2021-11-19T10:23:44,212|[TRACE] Cascade - Done processing cascade ACTION_PERSIST_ON_FLUSH for: bloodbank.entity.PrivateBloodBank
2021-11-19T10:23:44,212|[TRACE] Cascade - Processing cascade ACTION_PERSIST_ON_FLUSH for: bloodbank.entity.PrivateBloodBank
2021-11-19T10:23:44,212|[TRACE] Cascade - Cascade ACTION_PERSIST_ON_FLUSH for collection: bloodbank.entity.BloodBank.donations
2021-11-19T10:23:44,212|[TRACE] Cascade - Done cascade ACTION_PERSIST_ON_FLUSH for collection: bloodbank.entity.BloodBank.donations
2021-11-19T10:23:44,212|[TRACE] Cascade - Done processing cascade ACTION_PERSIST_ON_FLUSH for: bloodbank.entity.PrivateBloodBank
2021-11-19T10:23:44,212|[TRACE] Cascade - Done processing cascade ACTION_PERSIST_ON_FLUSH for: bloodbank.entity.BloodDonation
2021-11-19T10:23:44,212|[TRACE] Cascade - Processing cascade ACTION_PERSIST_ON_FLUSH for: bloodbank.entity.DonationRecord
2021-11-19T10:23:44,212|[TRACE] CascadingAction - Cascading to persist on flush: bloodbank.entity.BloodDonation
2021-11-19T10:23:44,212|[TRACE] EntityState - Persistent instance of: bloodbank.entity.BloodDonation
2021-11-19T10:23:44,212|[TRACE] DefaultPersistEventListener - Ignoring persistent instance
2021-11-19T10:23:44,212|[TRACE] Cascade - Processing cascade ACTION_PERSIST_ON_FLUSH for: bloodbank.entity.BloodDonation
2021-11-19T10:23:44,212|[TRACE] CascadingAction - Cascading to persist on flush: bloodbank.entity.BloodBank
2021-11-19T10:23:44,212|[TRACE] EntityState - Persistent instance of: bloodbank.entity.BloodBank
2021-11-19T10:23:44,212|[TRACE] DefaultPersistEventListener - Ignoring persistent instance
2021-11-19T10:23:44,212|[TRACE] Cascade - Done processing cascade ACTION_PERSIST_ON_FLUSH for: bloodbank.entity.BloodDonation
2021-11-19T10:23:44,212|[TRACE] Cascade - Processing cascade ACTION_PERSIST_ON_FLUSH for: bloodbank.entity.BloodDonation
2021-11-19T10:23:44,212|[TRACE] Cascade - Done processing cascade ACTION_PERSIST_ON_FLUSH for: bloodbank.entity.BloodDonation
2021-11-19T10:23:44,212|[TRACE] Cascade - Done processing cascade ACTION_PERSIST_ON_FLUSH for: bloodbank.entity.DonationRecord
2021-11-19T10:23:44,212|[TRACE] Cascade - Processing cascade ACTION_PERSIST_ON_FLUSH for: bloodbank.entity.PrivateBloodBank
2021-11-19T10:23:44,212|[TRACE] Cascade - Cascade ACTION_PERSIST_ON_FLUSH for collection: bloodbank.entity.BloodBank.donations
2021-11-19T10:23:44,212|[TRACE] Cascade - Done cascade ACTION_PERSIST_ON_FLUSH for collection: bloodbank.entity.BloodBank.donations
2021-11-19T10:23:44,212|[TRACE] Cascade - Done processing cascade ACTION_PERSIST_ON_FLUSH for: bloodbank.entity.PrivateBloodBank
2021-11-19T10:23:44,212|[DEBUG] AbstractFlushingEventListener - Dirty checking collections
2021-11-19T10:23:44,212|[TRACE] AbstractFlushingEventListener - Flushing entities and processing referenced collections
2021-11-19T10:23:44,212|[TRACE] AbstractEntityPersister - bloodbank.entity.DonationRecord.tested is dirty
2021-11-19T10:23:44,212|[TRACE] DefaultFlushEntityEventListener - Found dirty properties [[bloodbank.entity.DonationRecord#1]] : [tested]
2021-11-19T10:23:44,212|[TRACE] DefaultFlushEntityEventListener - Updating entity: [bloodbank.entity.DonationRecord#1]
2021-11-19T10:23:44,212|[TRACE] AbstractEntityPersister - bloodbank.entity.DonationRecord.epochCreated is dirty
2021-11-19T10:23:44,212|[TRACE] AbstractEntityPersister - bloodbank.entity.DonationRecord.tested is dirty
2021-11-19T10:23:44,212|[TRACE] DefaultFlushEntityEventListener - Found dirty properties [[bloodbank.entity.DonationRecord#1]] : [epochCreated, tested]
2021-11-19T10:23:44,212|[TRACE] Versioning - Incrementing: 0 to 1
2021-11-19T10:23:44,212|[TRACE] AbstractEntityPersister - bloodbank.entity.PrivateBloodBank.name is dirty
2021-11-19T10:23:44,212|[TRACE] DefaultFlushEntityEventListener - Found dirty properties [[bloodbank.entity.PrivateBloodBank#1]] : [name]
2021-11-19T10:23:44,212|[TRACE] DefaultFlushEntityEventListener - Updating entity: [bloodbank.entity.PrivateBloodBank#1]
2021-11-19T10:23:44,212|[TRACE] AbstractEntityPersister - bloodbank.entity.PrivateBloodBank.epochCreated is dirty
2021-11-19T10:23:44,212|[TRACE] AbstractEntityPersister - bloodbank.entity.PrivateBloodBank.name is dirty
2021-11-19T10:23:44,212|[TRACE] DefaultFlushEntityEventListener - Found dirty properties [[bloodbank.entity.PrivateBloodBank#1]] : [epochCreated, name]
2021-11-19T10:23:44,212|[TRACE] Versioning - Incrementing: 0 to 1
2021-11-19T10:23:44,213|[DEBUG] Collections - Collection found: [bloodbank.entity.BloodBank.donations#1], was: [bloodbank.entity.BloodBank.donations#1] (uninitialized)
2021-11-19T10:23:44,213|[TRACE] AbstractFlushingEventListener - Processing unreferenced collections
2021-11-19T10:23:44,213|[TRACE] AbstractFlushingEventListener - Scheduling collection removes/(re)creates/updates
2021-11-19T10:23:44,213|[DEBUG] AbstractFlushingEventListener - Flushed: 0 insertions, 2 updates, 0 deletions to 3 objects
2021-11-19T10:23:44,213|[DEBUG] AbstractFlushingEventListener - Flushed: 0 (re)creations, 0 updates, 0 removals to 1 collections
2021-11-19T10:23:44,213|[DEBUG] EntityPrinter - Listing entities:
2021-11-19T10:23:44,213|[DEBUG] EntityPrinter - bloodbank.entity.BloodDonation{bank=bloodbank.entity.BloodBank#1, record=bloodbank.entity.DonationRecord#1, milliliters=5, id=1, epochCreated=1637335424100, bloodType=component[bloodGroup,rhd]{bloodGroup=AB, rhd=1}, version=0, epochUpdated=1637335424100}
2021-11-19T10:23:44,213|[DEBUG] EntityPrinter - bloodbank.entity.BloodBank{donations=<uninitialized>, name=Updated Bank, id=1, epochCreated=1637335424212, version=1, epochUpdated=1637335424100}
2021-11-19T10:23:44,213|[DEBUG] EntityPrinter - bloodbank.entity.DonationRecord{owner=<uninitialized>, tested=1, donation=bloodbank.entity.BloodDonation#1, id=1, epochCreated=1637335424212, version=1, epochUpdated=1637335424099}
2021-11-19T10:23:44,213|[TRACE] AbstractFlushingEventListener - Executing flush
2021-11-19T10:23:44,213|[TRACE] AbstractEntityPersister - Updating entity: [bloodbank.entity.DonationRecord#1]
2021-11-19T10:23:44,213|[TRACE] AbstractEntityPersister - Existing version: 0 -> New version:1
2021-11-19T10:23:44,213|[DEBUG] SQL - 
    /* update
        bloodbank.entity.DonationRecord */ update
            donation_record 
        set
            created=?,
            updated=?,
            version=?,
            donation_id=?,
            person_id=?,
            tested=? 
        where
            record_id=? 
            and version=?
2021-11-19T10:23:44,213|[TRACE] ResourceRegistryStandardImpl - Registering statement [com.mysql.cj.jdbc.ClientPreparedStatement: /* update bloodbank.entity.DonationRecord */ update donation_record set created=** NOT SPECIFIED **, updated=** NOT SPECIFIED **, version=** NOT SPECIFIED **, donation_id=** NOT SPECIFIED **, person_id=** NOT SPECIFIED **, tested=** NOT SPECIFIED ** where record_id=** NOT SPECIFIED ** and version=** NOT SPECIFIED **]
2021-11-19T10:23:44,213|[TRACE] AbstractEntityPersister - Dehydrating entity: [bloodbank.entity.DonationRecord#1]
2021-11-19T10:23:44,213|[TRACE] BasicBinder - binding parameter [1] as [BIGINT] - [1637335424212]
2021-11-19T10:23:44,213|[TRACE] BasicBinder - binding parameter [2] as [BIGINT] - [1637335424099]
2021-11-19T10:23:44,213|[TRACE] BasicBinder - binding parameter [3] as [INTEGER] - [1]
2021-11-19T10:23:44,213|[TRACE] BasicBinder - binding parameter [4] as [INTEGER] - [1]
2021-11-19T10:23:44,213|[TRACE] BasicBinder - binding parameter [5] as [INTEGER] - [1]
2021-11-19T10:23:44,213|[TRACE] BasicBinder - binding parameter [6] as [TINYINT] - [1]
2021-11-19T10:23:44,213|[TRACE] BasicBinder - binding parameter [7] as [INTEGER] - [1]
2021-11-19T10:23:44,213|[TRACE] BasicBinder - binding parameter [8] as [INTEGER] - [0]
2021-11-19T10:23:44,215|[TRACE] ResourceRegistryStandardImpl - Releasing statement [com.mysql.cj.jdbc.ClientPreparedStatement: /* update bloodbank.entity.DonationRecord */ update donation_record set created=1637335424212, updated=1637335424099, version=1, donation_id=1, person_id=1, tested=1 where record_id=1 and version=0]
2021-11-19T10:23:44,215|[TRACE] ResourceRegistryStandardImpl - Closing prepared statement [com.mysql.cj.jdbc.ClientPreparedStatement: /* update bloodbank.entity.DonationRecord */ update donation_record set created=1637335424212, updated=1637335424099, version=1, donation_id=1, person_id=1, tested=1 where record_id=1 and version=0]
2021-11-19T10:23:44,215|[TRACE] JdbcCoordinatorImpl - Starting after statement execution processing [AFTER_TRANSACTION]
2021-11-19T10:23:44,215|[TRACE] AbstractEntityPersister - Updating entity: [bloodbank.entity.PrivateBloodBank#1]
2021-11-19T10:23:44,216|[TRACE] AbstractEntityPersister - Existing version: 0 -> New version:1
2021-11-19T10:23:44,216|[DEBUG] SQL - 
    /* update
        bloodbank.entity.PrivateBloodBank */ update
            blood_bank 
        set
            created=?,
            updated=?,
            version=?,
            name=? 
        where
            bank_id=? 
            and version=?
2021-11-19T10:23:44,216|[TRACE] ResourceRegistryStandardImpl - Registering statement [com.mysql.cj.jdbc.ClientPreparedStatement: /* update bloodbank.entity.PrivateBloodBank */ update blood_bank set created=** NOT SPECIFIED **, updated=** NOT SPECIFIED **, version=** NOT SPECIFIED **, name=** NOT SPECIFIED ** where bank_id=** NOT SPECIFIED ** and version=** NOT SPECIFIED **]
2021-11-19T10:23:44,216|[TRACE] AbstractEntityPersister - Dehydrating entity: [bloodbank.entity.PrivateBloodBank#1]
2021-11-19T10:23:44,216|[TRACE] BasicBinder - binding parameter [1] as [BIGINT] - [1637335424212]
2021-11-19T10:23:44,216|[TRACE] BasicBinder - binding parameter [2] as [BIGINT] - [1637335424100]
2021-11-19T10:23:44,216|[TRACE] BasicBinder - binding parameter [3] as [INTEGER] - [1]
2021-11-19T10:23:44,216|[TRACE] BasicBinder - binding parameter [4] as [VARCHAR] - [Updated Bank]
2021-11-19T10:23:44,216|[TRACE] BasicBinder - binding parameter [5] as [INTEGER] - [1]
2021-11-19T10:23:44,216|[TRACE] BasicBinder - binding parameter [6] as [INTEGER] - [0]
2021-11-19T10:23:44,217|[TRACE] ResourceRegistryStandardImpl - Releasing statement [com.mysql.cj.jdbc.ClientPreparedStatement: /* update bloodbank.entity.PrivateBloodBank */ update blood_bank set created=1637335424212, updated=1637335424100, version=1, name='Updated Bank' where bank_id=1 and version=0]
2021-11-19T10:23:44,217|[TRACE] ResourceRegistryStandardImpl - Closing prepared statement [com.mysql.cj.jdbc.ClientPreparedStatement: /* update bloodbank.entity.PrivateBloodBank */ update blood_bank set created=1637335424212, updated=1637335424100, version=1, name='Updated Bank' where bank_id=1 and version=0]
2021-11-19T10:23:44,217|[TRACE] JdbcCoordinatorImpl - Starting after statement execution processing [AFTER_TRANSACTION]
2021-11-19T10:23:44,218|[TRACE] JdbcCoordinatorImpl - Starting after statement execution processing [AFTER_TRANSACTION]
2021-11-19T10:23:44,218|[TRACE] AbstractFlushingEventListener - Post flush
2021-11-19T10:23:44,218|[TRACE] AbstractLogicalConnectionImplementor - LogicalConnection#beforeTransactionCompletion
2021-11-19T10:23:44,218|[TRACE] SynchronizationRegistryStandardImpl - SynchronizationRegistryStandardImpl.notifySynchronizationsBeforeTransactionCompletion
2021-11-19T10:23:44,218|[TRACE] AbstractLogicalConnectionImplementor - Preparing to commit transaction via JDBC Connection.commit()
2021-11-19T10:23:44,221|[TRACE] AbstractLogicalConnectionImplementor - Transaction committed via JDBC Connection.commit()
2021-11-19T10:23:44,221|[TRACE] AbstractLogicalConnectionImplementor - LogicalConnection#afterTransaction
2021-11-19T10:23:44,221|[TRACE] ResourceRegistryStandardImpl - Releasing JDBC resources
2021-11-19T10:23:44,221|[DEBUG] LogicalConnectionManagedImpl - Initiating JDBC connection release from afterTransaction
2021-11-19T10:23:44,222|[TRACE] ResourceRegistryStandardImpl - Releasing JDBC resources
2021-11-19T10:23:44,222|[TRACE] JdbcResourceLocalTransactionCoordinatorImpl - ResourceLocalTransactionCoordinatorImpl#afterCompletionCallback(true)
2021-11-19T10:23:44,222|[TRACE] SynchronizationRegistryStandardImpl - SynchronizationRegistryStandardImpl.notifySynchronizationsAfterTransactionCompletion(3)
2021-11-19T10:23:44,222|[TRACE] AbstractLogicalConnectionImplementor - LogicalConnection#afterTransaction
2021-11-19T10:23:44,222|[TRACE] ResourceRegistryStandardImpl - Releasing JDBC resources
2021-11-19T10:23:44,222|[DEBUG] LogicalConnectionManagedImpl - Initiating JDBC connection release from afterTransaction
2021-11-19T10:23:44,222|[TRACE] SessionImpl - SessionImpl#afterTransactionCompletion(successful=true, delayed=false)
2021-11-19T10:23:44,222|[DEBUG] CriteriaQueryImpl - Rendered criteria query -> select generatedAlias0 from BloodDonation as generatedAlias0 where generatedAlias0.id=:id
2021-11-19T10:23:44,222|[TRACE] QueryPlanCache - Located HQL query plan in cache (select generatedAlias0 from BloodDonation as generatedAlias0 where generatedAlias0.id=:id)
2021-11-19T10:23:44,222|[TRACE] QueryPlanCache - Located HQL query plan in cache (select generatedAlias0 from BloodDonation as generatedAlias0 where generatedAlias0.id=:id)
2021-11-19T10:23:44,223|[TRACE] QueryPlanCache - Located HQL query plan in cache (select generatedAlias0 from BloodDonation as generatedAlias0 where generatedAlias0.id=:id)
2021-11-19T10:23:44,223|[TRACE] HQLQueryPlan - Find: select generatedAlias0 from BloodDonation as generatedAlias0 where generatedAlias0.id=:id
2021-11-19T10:23:44,223|[TRACE] QueryParameters - Named parameters: {id=1}
2021-11-19T10:23:44,223|[DEBUG] SQL - 
    /* select
        generatedAlias0 
    from
        BloodDonation as generatedAlias0 
    where
        generatedAlias0.id=:id */ select
            blooddonat0_.donation_id as donation1_2_,
            blooddonat0_.created as created2_2_,
            blooddonat0_.updated as updated3_2_,
            blooddonat0_.version as version4_2_,
            blooddonat0_.bank_id as bank_id8_2_,
            blooddonat0_.blood_group as blood_gr5_2_,
            blooddonat0_.rhd as rhd6_2_,
            blooddonat0_.milliliters as millilit7_2_ 
        from
            blood_donation blooddonat0_ 
        where
            blooddonat0_.donation_id=?
2021-11-19T10:23:44,224|[TRACE] ResourceRegistryStandardImpl - Registering statement [com.mysql.cj.jdbc.ClientPreparedStatement: /* select generatedAlias0 from BloodDonation as generatedAlias0 where generatedAlias0.id=:id */ select blooddonat0_.donation_id as donation1_2_, blooddonat0_.created as created2_2_, blooddonat0_.updated as updated3_2_, blooddonat0_.version as version4_2_, blooddonat0_.bank_id as bank_id8_2_, blooddonat0_.blood_group as blood_gr5_2_, blooddonat0_.rhd as rhd6_2_, blooddonat0_.milliliters as millilit7_2_ from blood_donation blooddonat0_ where blooddonat0_.donation_id=** NOT SPECIFIED **]
2021-11-19T10:23:44,224|[TRACE] JdbcCoordinatorImpl - Registering last query statement [com.mysql.cj.jdbc.ClientPreparedStatement: /* select generatedAlias0 from BloodDonation as generatedAlias0 where generatedAlias0.id=:id */ select blooddonat0_.donation_id as donation1_2_, blooddonat0_.created as created2_2_, blooddonat0_.updated as updated3_2_, blooddonat0_.version as version4_2_, blooddonat0_.bank_id as bank_id8_2_, blooddonat0_.blood_group as blood_gr5_2_, blooddonat0_.rhd as rhd6_2_, blooddonat0_.milliliters as millilit7_2_ from blood_donation blooddonat0_ where blooddonat0_.donation_id=** NOT SPECIFIED **]
2021-11-19T10:23:44,224|[TRACE] BasicBinder - binding parameter [1] as [INTEGER] - [1]
2021-11-19T10:23:44,224|[TRACE] Loader - Bound [2] parameters total
2021-11-19T10:23:44,226|[TRACE] ResourceRegistryStandardImpl - Registering result set [com.mysql.cj.jdbc.result.ResultSetImpl@55397d15]
2021-11-19T10:23:44,226|[TRACE] Loader - Processing result set
2021-11-19T10:23:44,226|[DEBUG] Loader - Result set row: 0
2021-11-19T10:23:44,226|[TRACE] BasicExtractor - extracted value ([donation1_2_] : [INTEGER]) - [1]
2021-11-19T10:23:44,226|[DEBUG] Loader - Result row: EntityKey[bloodbank.entity.BloodDonation#1]
2021-11-19T10:23:44,226|[TRACE] Loader - Done processing result set (1 rows)
2021-11-19T10:23:44,226|[TRACE] Loader - Total objects hydrated: 0
2021-11-19T10:23:44,226|[TRACE] ResourceRegistryStandardImpl - Releasing statement [com.mysql.cj.jdbc.ClientPreparedStatement: /* select generatedAlias0 from BloodDonation as generatedAlias0 where generatedAlias0.id=:id */ select blooddonat0_.donation_id as donation1_2_, blooddonat0_.created as created2_2_, blooddonat0_.updated as updated3_2_, blooddonat0_.version as version4_2_, blooddonat0_.bank_id as bank_id8_2_, blooddonat0_.blood_group as blood_gr5_2_, blooddonat0_.rhd as rhd6_2_, blooddonat0_.milliliters as millilit7_2_ from blood_donation blooddonat0_ where blooddonat0_.donation_id=1]
2021-11-19T10:23:44,226|[TRACE] ResourceRegistryStandardImpl - Closing result set [com.mysql.cj.jdbc.result.ResultSetImpl@55397d15]
2021-11-19T10:23:44,226|[TRACE] ResourceRegistryStandardImpl - Closing prepared statement [com.mysql.cj.jdbc.ClientPreparedStatement: /* select generatedAlias0 from BloodDonation as generatedAlias0 where generatedAlias0.id=:id */ select blooddonat0_.donation_id as donation1_2_, blooddonat0_.created as created2_2_, blooddonat0_.updated as updated3_2_, blooddonat0_.version as version4_2_, blooddonat0_.bank_id as bank_id8_2_, blooddonat0_.blood_group as blood_gr5_2_, blooddonat0_.rhd as rhd6_2_, blooddonat0_.milliliters as millilit7_2_ from blood_donation blooddonat0_ where blooddonat0_.donation_id=1]
2021-11-19T10:23:44,226|[TRACE] JdbcCoordinatorImpl - Starting after statement execution processing [AFTER_TRANSACTION]
2021-11-19T10:23:44,226|[TRACE] StatefulPersistenceContext - Initializing non-lazy collections
2021-11-19T10:23:44,226|[TRACE] AbstractLogicalConnectionImplementor - LogicalConnection#afterTransaction
2021-11-19T10:23:44,226|[TRACE] ResourceRegistryStandardImpl - Releasing JDBC resources
2021-11-19T10:23:44,226|[DEBUG] LogicalConnectionManagedImpl - Initiating JDBC connection release from afterTransaction
2021-11-19T10:23:44,227|[TRACE] ResourceRegistryStandardImpl - Releasing JDBC resources
2021-11-19T10:23:44,228|[TRACE] SessionImpl - Closing session [d6405349-e870-4c45-be35-ba57de556569]
2021-11-19T10:23:44,228|[TRACE] JdbcCoordinatorImpl - Closing JDBC container [org.hibernate.engine.jdbc.internal.JdbcCoordinatorImpl@5e360c3b]
2021-11-19T10:23:44,228|[TRACE] ResourceRegistryStandardImpl - Releasing JDBC resources
2021-11-19T10:23:44,228|[TRACE] LogicalConnectionManagedImpl - Closing logical connection
2021-11-19T10:23:44,228|[TRACE] LogicalConnectionManagedImpl - Logical connection closed
]]></system-out>
  </testcase>
  <testcase name="testDeleteDependency" classname="bloodbank.entity.TestCRUDBloodDonation" time="0.016">
    <system-out><![CDATA[2021-11-19T10:23:44,229|[TRACE] SessionFactoryImpl$SessionBuilderImpl - Opening Hibernate Session.  tenant=null
2021-11-19T10:23:44,229|[TRACE] SessionImpl - Opened Session [05780880-d8e0-4bcf-bd26-b95eeb83715c] at timestamp: 1637335424229
2021-11-19T10:23:44,229|[DEBUG] TransactionImpl - On TransactionImpl creation, JpaCompliance#isJpaTransactionComplianceEnabled == false
2021-11-19T10:23:44,229|[DEBUG] CriteriaQueryImpl - Rendered criteria query -> select generatedAlias0 from BloodDonation as generatedAlias0 where generatedAlias0.id=:id
2021-11-19T10:23:44,230|[TRACE] QueryPlanCache - Located HQL query plan in cache (select generatedAlias0 from BloodDonation as generatedAlias0 where generatedAlias0.id=:id)
2021-11-19T10:23:44,230|[TRACE] QueryPlanCache - Located HQL query plan in cache (select generatedAlias0 from BloodDonation as generatedAlias0 where generatedAlias0.id=:id)
2021-11-19T10:23:44,230|[TRACE] QueryPlanCache - Located HQL query plan in cache (select generatedAlias0 from BloodDonation as generatedAlias0 where generatedAlias0.id=:id)
2021-11-19T10:23:44,230|[TRACE] HQLQueryPlan - Find: select generatedAlias0 from BloodDonation as generatedAlias0 where generatedAlias0.id=:id
2021-11-19T10:23:44,230|[TRACE] QueryParameters - Named parameters: {id=1}
2021-11-19T10:23:44,230|[DEBUG] SQL - 
    /* select
        generatedAlias0 
    from
        BloodDonation as generatedAlias0 
    where
        generatedAlias0.id=:id */ select
            blooddonat0_.donation_id as donation1_2_,
            blooddonat0_.created as created2_2_,
            blooddonat0_.updated as updated3_2_,
            blooddonat0_.version as version4_2_,
            blooddonat0_.bank_id as bank_id8_2_,
            blooddonat0_.blood_group as blood_gr5_2_,
            blooddonat0_.rhd as rhd6_2_,
            blooddonat0_.milliliters as millilit7_2_ 
        from
            blood_donation blooddonat0_ 
        where
            blooddonat0_.donation_id=?
2021-11-19T10:23:44,231|[TRACE] ResourceRegistryStandardImpl - Registering statement [com.mysql.cj.jdbc.ClientPreparedStatement: /* select generatedAlias0 from BloodDonation as generatedAlias0 where generatedAlias0.id=:id */ select blooddonat0_.donation_id as donation1_2_, blooddonat0_.created as created2_2_, blooddonat0_.updated as updated3_2_, blooddonat0_.version as version4_2_, blooddonat0_.bank_id as bank_id8_2_, blooddonat0_.blood_group as blood_gr5_2_, blooddonat0_.rhd as rhd6_2_, blooddonat0_.milliliters as millilit7_2_ from blood_donation blooddonat0_ where blooddonat0_.donation_id=** NOT SPECIFIED **]
2021-11-19T10:23:44,231|[TRACE] JdbcCoordinatorImpl - Registering last query statement [com.mysql.cj.jdbc.ClientPreparedStatement: /* select generatedAlias0 from BloodDonation as generatedAlias0 where generatedAlias0.id=:id */ select blooddonat0_.donation_id as donation1_2_, blooddonat0_.created as created2_2_, blooddonat0_.updated as updated3_2_, blooddonat0_.version as version4_2_, blooddonat0_.bank_id as bank_id8_2_, blooddonat0_.blood_group as blood_gr5_2_, blooddonat0_.rhd as rhd6_2_, blooddonat0_.milliliters as millilit7_2_ from blood_donation blooddonat0_ where blooddonat0_.donation_id=** NOT SPECIFIED **]
2021-11-19T10:23:44,231|[TRACE] BasicBinder - binding parameter [1] as [INTEGER] - [1]
2021-11-19T10:23:44,231|[TRACE] Loader - Bound [2] parameters total
2021-11-19T10:23:44,233|[TRACE] ResourceRegistryStandardImpl - Registering result set [com.mysql.cj.jdbc.result.ResultSetImpl@4c4215d7]
2021-11-19T10:23:44,233|[TRACE] Loader - Processing result set
2021-11-19T10:23:44,233|[DEBUG] Loader - Result set row: 0
2021-11-19T10:23:44,233|[TRACE] BasicExtractor - extracted value ([donation1_2_] : [INTEGER]) - [1]
2021-11-19T10:23:44,233|[DEBUG] Loader - Result row: EntityKey[bloodbank.entity.BloodDonation#1]
2021-11-19T10:23:44,233|[TRACE] Loader - Initializing object from ResultSet: [bloodbank.entity.BloodDonation#1]
2021-11-19T10:23:44,233|[TRACE] AbstractEntityPersister - Hydrating entity: [bloodbank.entity.BloodDonation#1]
2021-11-19T10:23:44,233|[TRACE] BasicExtractor - extracted value ([created2_2_] : [BIGINT]) - [1637335424100]
2021-11-19T10:23:44,233|[TRACE] BasicExtractor - extracted value ([updated3_2_] : [BIGINT]) - [1637335424100]
2021-11-19T10:23:44,234|[TRACE] BasicExtractor - extracted value ([version4_2_] : [INTEGER]) - [0]
2021-11-19T10:23:44,234|[TRACE] BasicExtractor - extracted value ([bank_id8_2_] : [INTEGER]) - [1]
2021-11-19T10:23:44,234|[TRACE] BasicExtractor - extracted value ([blood_gr5_2_] : [VARCHAR]) - [AB]
2021-11-19T10:23:44,234|[TRACE] BasicExtractor - extracted value ([rhd6_2_] : [TINYINT]) - [1]
2021-11-19T10:23:44,234|[TRACE] BasicExtractor - extracted value ([millilit7_2_] : [INTEGER]) - [5]
2021-11-19T10:23:44,234|[TRACE] TwoPhaseLoad - Version: 0
2021-11-19T10:23:44,234|[TRACE] Loader - Done processing result set (1 rows)
2021-11-19T10:23:44,234|[TRACE] Loader - Total objects hydrated: 1
2021-11-19T10:23:44,234|[DEBUG] TwoPhaseLoad - Resolving attributes for [bloodbank.entity.BloodDonation#1]
2021-11-19T10:23:44,234|[DEBUG] TwoPhaseLoad - Processing attribute `epochCreated` : value = 1637335424100
2021-11-19T10:23:44,234|[DEBUG] TwoPhaseLoad - Attribute (`epochCreated`)  - enhanced for lazy-loading? - false
2021-11-19T10:23:44,234|[DEBUG] TwoPhaseLoad - Processing attribute `epochUpdated` : value = 1637335424100
2021-11-19T10:23:44,234|[DEBUG] TwoPhaseLoad - Attribute (`epochUpdated`)  - enhanced for lazy-loading? - false
2021-11-19T10:23:44,234|[DEBUG] TwoPhaseLoad - Processing attribute `version` : value = 0
2021-11-19T10:23:44,234|[DEBUG] TwoPhaseLoad - Attribute (`version`)  - enhanced for lazy-loading? - false
2021-11-19T10:23:44,234|[DEBUG] TwoPhaseLoad - Processing attribute `bank` : value = 1
2021-11-19T10:23:44,234|[DEBUG] TwoPhaseLoad - Attribute (`bank`)  - enhanced for lazy-loading? - false
2021-11-19T10:23:44,234|[TRACE] DefaultLoadEventListener - Loading entity: [bloodbank.entity.BloodBank#1]
2021-11-19T10:23:44,234|[TRACE] DefaultLoadEventListener - Creating new proxy for entity
2021-11-19T10:23:44,234|[DEBUG] TwoPhaseLoad - Processing attribute `bloodType` : value = [Ljava.lang.Object;@13f36d75
2021-11-19T10:23:44,234|[DEBUG] TwoPhaseLoad - Attribute (`bloodType`)  - enhanced for lazy-loading? - false
2021-11-19T10:23:44,234|[DEBUG] TwoPhaseLoad - Processing attribute `milliliters` : value = 5
2021-11-19T10:23:44,234|[DEBUG] TwoPhaseLoad - Attribute (`milliliters`)  - enhanced for lazy-loading? - false
2021-11-19T10:23:44,234|[DEBUG] TwoPhaseLoad - Processing attribute `record` : value = 1
2021-11-19T10:23:44,234|[DEBUG] TwoPhaseLoad - Attribute (`record`)  - enhanced for lazy-loading? - false
2021-11-19T10:23:44,234|[TRACE] DefaultLoadEventListener - Loading entity: [bloodbank.entity.DonationRecord#1]
2021-11-19T10:23:44,234|[TRACE] DefaultLoadEventListener - Attempting to resolve: [bloodbank.entity.DonationRecord#1]
2021-11-19T10:23:44,234|[TRACE] DefaultLoadEventListener - Object not resolved in any cache: [bloodbank.entity.DonationRecord#1]
2021-11-19T10:23:44,234|[TRACE] AbstractEntityPersister - Fetching entity: [bloodbank.entity.DonationRecord#1]
2021-11-19T10:23:44,234|[DEBUG] SQL - 
    select
        donationre0_.record_id as record_i1_4_0_,
        donationre0_.created as created2_4_0_,
        donationre0_.updated as updated3_4_0_,
        donationre0_.version as version4_4_0_,
        donationre0_.donation_id as donation6_4_0_,
        donationre0_.person_id as person_i7_4_0_,
        donationre0_.tested as tested5_4_0_,
        blooddonat1_.donation_id as donation1_2_1_,
        blooddonat1_.created as created2_2_1_,
        blooddonat1_.updated as updated3_2_1_,
        blooddonat1_.version as version4_2_1_,
        blooddonat1_.bank_id as bank_id8_2_1_,
        blooddonat1_.blood_group as blood_gr5_2_1_,
        blooddonat1_.rhd as rhd6_2_1_,
        blooddonat1_.milliliters as millilit7_2_1_ 
    from
        donation_record donationre0_ 
    inner join
        blood_donation blooddonat1_ 
            on donationre0_.donation_id=blooddonat1_.donation_id 
    where
        donationre0_.record_id=?
2021-11-19T10:23:44,235|[TRACE] ResourceRegistryStandardImpl - Registering statement [com.mysql.cj.jdbc.ClientPreparedStatement: select donationre0_.record_id as record_i1_4_0_, donationre0_.created as created2_4_0_, donationre0_.updated as updated3_4_0_, donationre0_.version as version4_4_0_, donationre0_.donation_id as donation6_4_0_, donationre0_.person_id as person_i7_4_0_, donationre0_.tested as tested5_4_0_, blooddonat1_.donation_id as donation1_2_1_, blooddonat1_.created as created2_2_1_, blooddonat1_.updated as updated3_2_1_, blooddonat1_.version as version4_2_1_, blooddonat1_.bank_id as bank_id8_2_1_, blooddonat1_.blood_group as blood_gr5_2_1_, blooddonat1_.rhd as rhd6_2_1_, blooddonat1_.milliliters as millilit7_2_1_ from donation_record donationre0_ inner join blood_donation blooddonat1_ on donationre0_.donation_id=blooddonat1_.donation_id where donationre0_.record_id=** NOT SPECIFIED **]
2021-11-19T10:23:44,235|[TRACE] JdbcCoordinatorImpl - Registering last query statement [com.mysql.cj.jdbc.ClientPreparedStatement: select donationre0_.record_id as record_i1_4_0_, donationre0_.created as created2_4_0_, donationre0_.updated as updated3_4_0_, donationre0_.version as version4_4_0_, donationre0_.donation_id as donation6_4_0_, donationre0_.person_id as person_i7_4_0_, donationre0_.tested as tested5_4_0_, blooddonat1_.donation_id as donation1_2_1_, blooddonat1_.created as created2_2_1_, blooddonat1_.updated as updated3_2_1_, blooddonat1_.version as version4_2_1_, blooddonat1_.bank_id as bank_id8_2_1_, blooddonat1_.blood_group as blood_gr5_2_1_, blooddonat1_.rhd as rhd6_2_1_, blooddonat1_.milliliters as millilit7_2_1_ from donation_record donationre0_ inner join blood_donation blooddonat1_ on donationre0_.donation_id=blooddonat1_.donation_id where donationre0_.record_id=** NOT SPECIFIED **]
2021-11-19T10:23:44,235|[TRACE] BasicBinder - binding parameter [1] as [INTEGER] - [1]
2021-11-19T10:23:44,235|[TRACE] AbstractLoadPlanBasedLoader - Bound [2] parameters total
2021-11-19T10:23:44,236|[TRACE] ResourceRegistryStandardImpl - Registering result set [com.mysql.cj.jdbc.result.ResultSetImpl@3155f190]
2021-11-19T10:23:44,236|[TRACE] ResultSetProcessorImpl - Processing result set
2021-11-19T10:23:44,236|[TRACE] ResultSetProcessorImpl - Starting ResultSet row #0
2021-11-19T10:23:44,237|[TRACE] BasicExtractor - extracted value ([donation1_2_1_] : [INTEGER]) - [1]
2021-11-19T10:23:44,237|[DEBUG] EntityReferenceInitializerImpl - On call to EntityIdentifierReaderImpl#resolve, EntityKey was already known; should only happen on root returns with an optional identifier specified
2021-11-19T10:23:44,237|[TRACE] EntityReferenceInitializerImpl - hydrating entity state
2021-11-19T10:23:44,237|[TRACE] EntityReferenceInitializerImpl - Initializing object from ResultSet: [bloodbank.entity.DonationRecord#1]
2021-11-19T10:23:44,237|[TRACE] AbstractEntityPersister - Hydrating entity: [bloodbank.entity.DonationRecord#1]
2021-11-19T10:23:44,237|[TRACE] BasicExtractor - extracted value ([created2_4_0_] : [BIGINT]) - [1637335424212]
2021-11-19T10:23:44,237|[TRACE] BasicExtractor - extracted value ([updated3_4_0_] : [BIGINT]) - [1637335424099]
2021-11-19T10:23:44,237|[TRACE] BasicExtractor - extracted value ([version4_4_0_] : [INTEGER]) - [1]
2021-11-19T10:23:44,237|[TRACE] BasicExtractor - extracted value ([donation6_4_0_] : [INTEGER]) - [1]
2021-11-19T10:23:44,237|[TRACE] BasicExtractor - extracted value ([person_i7_4_0_] : [INTEGER]) - [1]
2021-11-19T10:23:44,237|[TRACE] BasicExtractor - extracted value ([tested5_4_0_] : [TINYINT]) - [1]
2021-11-19T10:23:44,237|[TRACE] TwoPhaseLoad - Version: 1
2021-11-19T10:23:44,237|[TRACE] ResultSetProcessorImpl - Done processing result set (1 rows)
2021-11-19T10:23:44,237|[TRACE] AbstractRowReader - Total objects hydrated: 1
2021-11-19T10:23:44,237|[DEBUG] TwoPhaseLoad - Resolving attributes for [bloodbank.entity.DonationRecord#1]
2021-11-19T10:23:44,237|[DEBUG] TwoPhaseLoad - Processing attribute `epochCreated` : value = 1637335424212
2021-11-19T10:23:44,237|[DEBUG] TwoPhaseLoad - Attribute (`epochCreated`)  - enhanced for lazy-loading? - false
2021-11-19T10:23:44,237|[DEBUG] TwoPhaseLoad - Processing attribute `epochUpdated` : value = 1637335424099
2021-11-19T10:23:44,237|[DEBUG] TwoPhaseLoad - Attribute (`epochUpdated`)  - enhanced for lazy-loading? - false
2021-11-19T10:23:44,237|[DEBUG] TwoPhaseLoad - Processing attribute `version` : value = 1
2021-11-19T10:23:44,237|[DEBUG] TwoPhaseLoad - Attribute (`version`)  - enhanced for lazy-loading? - false
2021-11-19T10:23:44,237|[DEBUG] TwoPhaseLoad - Processing attribute `donation` : value = 1
2021-11-19T10:23:44,237|[DEBUG] TwoPhaseLoad - Attribute (`donation`)  - enhanced for lazy-loading? - false
2021-11-19T10:23:44,237|[TRACE] DefaultLoadEventListener - Loading entity: [bloodbank.entity.BloodDonation#1]
2021-11-19T10:23:44,237|[TRACE] DefaultLoadEventListener - Attempting to resolve: [bloodbank.entity.BloodDonation#1]
2021-11-19T10:23:44,237|[DEBUG] TwoPhaseLoad - Processing attribute `owner` : value = 1
2021-11-19T10:23:44,237|[DEBUG] TwoPhaseLoad - Attribute (`owner`)  - enhanced for lazy-loading? - false
2021-11-19T10:23:44,237|[TRACE] DefaultLoadEventListener - Loading entity: [bloodbank.entity.Person#1]
2021-11-19T10:23:44,237|[TRACE] DefaultLoadEventListener - Creating new proxy for entity
2021-11-19T10:23:44,237|[DEBUG] TwoPhaseLoad - Processing attribute `tested` : value = 1
2021-11-19T10:23:44,237|[DEBUG] TwoPhaseLoad - Attribute (`tested`)  - enhanced for lazy-loading? - false
2021-11-19T10:23:44,238|[DEBUG] TwoPhaseLoad - Done materializing entity [bloodbank.entity.DonationRecord#1]
2021-11-19T10:23:44,238|[TRACE] ResultSetProcessingContextImpl - Skipping create subselects because there are fewer than 2 results, so query by key is more efficient.
2021-11-19T10:23:44,238|[TRACE] ResourceRegistryStandardImpl - Releasing statement [com.mysql.cj.jdbc.ClientPreparedStatement: select donationre0_.record_id as record_i1_4_0_, donationre0_.created as created2_4_0_, donationre0_.updated as updated3_4_0_, donationre0_.version as version4_4_0_, donationre0_.donation_id as donation6_4_0_, donationre0_.person_id as person_i7_4_0_, donationre0_.tested as tested5_4_0_, blooddonat1_.donation_id as donation1_2_1_, blooddonat1_.created as created2_2_1_, blooddonat1_.updated as updated3_2_1_, blooddonat1_.version as version4_2_1_, blooddonat1_.bank_id as bank_id8_2_1_, blooddonat1_.blood_group as blood_gr5_2_1_, blooddonat1_.rhd as rhd6_2_1_, blooddonat1_.milliliters as millilit7_2_1_ from donation_record donationre0_ inner join blood_donation blooddonat1_ on donationre0_.donation_id=blooddonat1_.donation_id where donationre0_.record_id=1]
2021-11-19T10:23:44,238|[TRACE] ResourceRegistryStandardImpl - Closing result set [com.mysql.cj.jdbc.result.ResultSetImpl@3155f190]
2021-11-19T10:23:44,238|[TRACE] ResourceRegistryStandardImpl - Closing prepared statement [com.mysql.cj.jdbc.ClientPreparedStatement: select donationre0_.record_id as record_i1_4_0_, donationre0_.created as created2_4_0_, donationre0_.updated as updated3_4_0_, donationre0_.version as version4_4_0_, donationre0_.donation_id as donation6_4_0_, donationre0_.person_id as person_i7_4_0_, donationre0_.tested as tested5_4_0_, blooddonat1_.donation_id as donation1_2_1_, blooddonat1_.created as created2_2_1_, blooddonat1_.updated as updated3_2_1_, blooddonat1_.version as version4_2_1_, blooddonat1_.bank_id as bank_id8_2_1_, blooddonat1_.blood_group as blood_gr5_2_1_, blooddonat1_.rhd as rhd6_2_1_, blooddonat1_.milliliters as millilit7_2_1_ from donation_record donationre0_ inner join blood_donation blooddonat1_ on donationre0_.donation_id=blooddonat1_.donation_id where donationre0_.record_id=1]
2021-11-19T10:23:44,238|[TRACE] JdbcCoordinatorImpl - Starting after statement execution processing [AFTER_TRANSACTION]
2021-11-19T10:23:44,238|[DEBUG] AbstractLoadPlanBasedEntityLoader - Done entity load : bloodbank.entity.DonationRecord#1
2021-11-19T10:23:44,238|[DEBUG] TwoPhaseLoad - Done materializing entity [bloodbank.entity.BloodDonation#1]
2021-11-19T10:23:44,238|[TRACE] ResourceRegistryStandardImpl - Releasing statement [com.mysql.cj.jdbc.ClientPreparedStatement: /* select generatedAlias0 from BloodDonation as generatedAlias0 where generatedAlias0.id=:id */ select blooddonat0_.donation_id as donation1_2_, blooddonat0_.created as created2_2_, blooddonat0_.updated as updated3_2_, blooddonat0_.version as version4_2_, blooddonat0_.bank_id as bank_id8_2_, blooddonat0_.blood_group as blood_gr5_2_, blooddonat0_.rhd as rhd6_2_, blooddonat0_.milliliters as millilit7_2_ from blood_donation blooddonat0_ where blooddonat0_.donation_id=1]
2021-11-19T10:23:44,238|[TRACE] ResourceRegistryStandardImpl - Closing result set [com.mysql.cj.jdbc.result.ResultSetImpl@4c4215d7]
2021-11-19T10:23:44,238|[TRACE] ResourceRegistryStandardImpl - Closing prepared statement [com.mysql.cj.jdbc.ClientPreparedStatement: /* select generatedAlias0 from BloodDonation as generatedAlias0 where generatedAlias0.id=:id */ select blooddonat0_.donation_id as donation1_2_, blooddonat0_.created as created2_2_, blooddonat0_.updated as updated3_2_, blooddonat0_.version as version4_2_, blooddonat0_.bank_id as bank_id8_2_, blooddonat0_.blood_group as blood_gr5_2_, blooddonat0_.rhd as rhd6_2_, blooddonat0_.milliliters as millilit7_2_ from blood_donation blooddonat0_ where blooddonat0_.donation_id=1]
2021-11-19T10:23:44,238|[TRACE] JdbcCoordinatorImpl - Starting after statement execution processing [AFTER_TRANSACTION]
2021-11-19T10:23:44,238|[TRACE] StatefulPersistenceContext - Initializing non-lazy collections
2021-11-19T10:23:44,238|[TRACE] AbstractLogicalConnectionImplementor - LogicalConnection#afterTransaction
2021-11-19T10:23:44,238|[TRACE] ResourceRegistryStandardImpl - Releasing JDBC resources
2021-11-19T10:23:44,238|[DEBUG] LogicalConnectionManagedImpl - Initiating JDBC connection release from afterTransaction
2021-11-19T10:23:44,239|[TRACE] ResourceRegistryStandardImpl - Releasing JDBC resources
2021-11-19T10:23:44,239|[DEBUG] TransactionImpl - begin
2021-11-19T10:23:44,240|[TRACE] AbstractLogicalConnectionImplementor - Preparing to begin transaction via JDBC Connection.setAutoCommit(false)
2021-11-19T10:23:44,241|[TRACE] AbstractLogicalConnectionImplementor - Transaction begun via JDBC Connection.setAutoCommit(false)
2021-11-19T10:23:44,241|[TRACE] JdbcResourceLocalTransactionCoordinatorImpl - ResourceLocalTransactionCoordinatorImpl#afterBeginCallback
2021-11-19T10:23:44,241|[TRACE] EntityState - Persistent instance of: bloodbank.entity.BloodDonation
2021-11-19T10:23:44,241|[TRACE] DefaultMergeEventListener - Ignoring persistent instance
2021-11-19T10:23:44,241|[TRACE] Cascade - Processing cascade ACTION_MERGE for: bloodbank.entity.BloodDonation
2021-11-19T10:23:44,241|[TRACE] CascadingAction - Cascading to merge: bloodbank.entity.BloodBank
2021-11-19T10:23:44,241|[TRACE] DefaultMergeEventListener - Ignoring uninitialized proxy
2021-11-19T10:23:44,241|[TRACE] DefaultLoadEventListener - Loading entity: [bloodbank.entity.BloodBank#1]
2021-11-19T10:23:44,241|[TRACE] DefaultLoadEventListener - Entity proxy found in session cache
2021-11-19T10:23:44,241|[TRACE] Cascade - Done processing cascade ACTION_MERGE for: bloodbank.entity.BloodDonation
2021-11-19T10:23:44,241|[DEBUG] TransactionImpl - committing
2021-11-19T10:23:44,241|[TRACE] JdbcResourceLocalTransactionCoordinatorImpl - ResourceLocalTransactionCoordinatorImpl#beforeCompletionCallback
2021-11-19T10:23:44,241|[TRACE] SessionImpl - SessionImpl#beforeTransactionCompletion()
2021-11-19T10:23:44,241|[TRACE] SessionImpl - Automatically flushing session
2021-11-19T10:23:44,241|[TRACE] AbstractFlushingEventListener - Flushing session
2021-11-19T10:23:44,241|[DEBUG] AbstractFlushingEventListener - Processing flush-time cascades
2021-11-19T10:23:44,241|[TRACE] Cascade - Processing cascade ACTION_PERSIST_ON_FLUSH for: bloodbank.entity.BloodDonation
2021-11-19T10:23:44,241|[TRACE] CascadingAction - Cascading to persist on flush: bloodbank.entity.BloodBank
2021-11-19T10:23:44,241|[TRACE] Cascade - Done processing cascade ACTION_PERSIST_ON_FLUSH for: bloodbank.entity.BloodDonation
2021-11-19T10:23:44,241|[TRACE] Cascade - Processing cascade ACTION_PERSIST_ON_FLUSH for: bloodbank.entity.DonationRecord
2021-11-19T10:23:44,241|[TRACE] CascadingAction - Cascading to persist on flush: bloodbank.entity.BloodDonation
2021-11-19T10:23:44,241|[TRACE] EntityState - Persistent instance of: bloodbank.entity.BloodDonation
2021-11-19T10:23:44,241|[TRACE] DefaultPersistEventListener - Ignoring persistent instance
2021-11-19T10:23:44,241|[TRACE] Cascade - Processing cascade ACTION_PERSIST_ON_FLUSH for: bloodbank.entity.BloodDonation
2021-11-19T10:23:44,241|[TRACE] CascadingAction - Cascading to persist on flush: bloodbank.entity.BloodBank
2021-11-19T10:23:44,241|[TRACE] Cascade - Done processing cascade ACTION_PERSIST_ON_FLUSH for: bloodbank.entity.BloodDonation
2021-11-19T10:23:44,241|[TRACE] Cascade - Processing cascade ACTION_PERSIST_ON_FLUSH for: bloodbank.entity.BloodDonation
2021-11-19T10:23:44,241|[TRACE] Cascade - Done processing cascade ACTION_PERSIST_ON_FLUSH for: bloodbank.entity.BloodDonation
2021-11-19T10:23:44,241|[TRACE] Cascade - Done processing cascade ACTION_PERSIST_ON_FLUSH for: bloodbank.entity.DonationRecord
2021-11-19T10:23:44,241|[DEBUG] AbstractFlushingEventListener - Dirty checking collections
2021-11-19T10:23:44,241|[TRACE] AbstractFlushingEventListener - Flushing entities and processing referenced collections
2021-11-19T10:23:44,241|[TRACE] AbstractFlushingEventListener - Processing unreferenced collections
2021-11-19T10:23:44,241|[TRACE] AbstractFlushingEventListener - Scheduling collection removes/(re)creates/updates
2021-11-19T10:23:44,241|[DEBUG] AbstractFlushingEventListener - Flushed: 0 insertions, 0 updates, 0 deletions to 2 objects
2021-11-19T10:23:44,241|[DEBUG] AbstractFlushingEventListener - Flushed: 0 (re)creations, 0 updates, 0 removals to 0 collections
2021-11-19T10:23:44,241|[DEBUG] EntityPrinter - Listing entities:
2021-11-19T10:23:44,241|[DEBUG] EntityPrinter - bloodbank.entity.BloodDonation{bank=<uninitialized>, record=null, milliliters=5, id=1, epochCreated=1637335424100, bloodType=component[bloodGroup,rhd]{bloodGroup=AB, rhd=1}, version=0, epochUpdated=1637335424100}
2021-11-19T10:23:44,242|[DEBUG] EntityPrinter - bloodbank.entity.DonationRecord{owner=<uninitialized>, tested=1, donation=bloodbank.entity.BloodDonation#1, id=1, epochCreated=1637335424212, version=1, epochUpdated=1637335424099}
2021-11-19T10:23:44,242|[TRACE] AbstractFlushingEventListener - Executing flush
2021-11-19T10:23:44,242|[TRACE] JdbcCoordinatorImpl - Starting after statement execution processing [AFTER_TRANSACTION]
2021-11-19T10:23:44,242|[TRACE] AbstractFlushingEventListener - Post flush
2021-11-19T10:23:44,242|[TRACE] AbstractLogicalConnectionImplementor - LogicalConnection#beforeTransactionCompletion
2021-11-19T10:23:44,242|[TRACE] SynchronizationRegistryStandardImpl - SynchronizationRegistryStandardImpl.notifySynchronizationsBeforeTransactionCompletion
2021-11-19T10:23:44,242|[TRACE] AbstractLogicalConnectionImplementor - Preparing to commit transaction via JDBC Connection.commit()
2021-11-19T10:23:44,242|[TRACE] AbstractLogicalConnectionImplementor - Transaction committed via JDBC Connection.commit()
2021-11-19T10:23:44,242|[TRACE] AbstractLogicalConnectionImplementor - LogicalConnection#afterTransaction
2021-11-19T10:23:44,242|[TRACE] ResourceRegistryStandardImpl - Releasing JDBC resources
2021-11-19T10:23:44,242|[DEBUG] LogicalConnectionManagedImpl - Initiating JDBC connection release from afterTransaction
2021-11-19T10:23:44,242|[TRACE] ResourceRegistryStandardImpl - Releasing JDBC resources
2021-11-19T10:23:44,242|[TRACE] JdbcResourceLocalTransactionCoordinatorImpl - ResourceLocalTransactionCoordinatorImpl#afterCompletionCallback(true)
2021-11-19T10:23:44,242|[TRACE] SynchronizationRegistryStandardImpl - SynchronizationRegistryStandardImpl.notifySynchronizationsAfterTransactionCompletion(3)
2021-11-19T10:23:44,242|[TRACE] AbstractLogicalConnectionImplementor - LogicalConnection#afterTransaction
2021-11-19T10:23:44,242|[TRACE] ResourceRegistryStandardImpl - Releasing JDBC resources
2021-11-19T10:23:44,242|[DEBUG] LogicalConnectionManagedImpl - Initiating JDBC connection release from afterTransaction
2021-11-19T10:23:44,242|[TRACE] SessionImpl - SessionImpl#afterTransactionCompletion(successful=true, delayed=false)
2021-11-19T10:23:44,242|[DEBUG] CriteriaQueryImpl - Rendered criteria query -> select generatedAlias0 from BloodDonation as generatedAlias0 where generatedAlias0.id=:id
2021-11-19T10:23:44,242|[TRACE] QueryPlanCache - Located HQL query plan in cache (select generatedAlias0 from BloodDonation as generatedAlias0 where generatedAlias0.id=:id)
2021-11-19T10:23:44,242|[TRACE] QueryPlanCache - Located HQL query plan in cache (select generatedAlias0 from BloodDonation as generatedAlias0 where generatedAlias0.id=:id)
2021-11-19T10:23:44,243|[TRACE] QueryPlanCache - Located HQL query plan in cache (select generatedAlias0 from BloodDonation as generatedAlias0 where generatedAlias0.id=:id)
2021-11-19T10:23:44,243|[TRACE] HQLQueryPlan - Find: select generatedAlias0 from BloodDonation as generatedAlias0 where generatedAlias0.id=:id
2021-11-19T10:23:44,243|[TRACE] QueryParameters - Named parameters: {id=1}
2021-11-19T10:23:44,243|[DEBUG] SQL - 
    /* select
        generatedAlias0 
    from
        BloodDonation as generatedAlias0 
    where
        generatedAlias0.id=:id */ select
            blooddonat0_.donation_id as donation1_2_,
            blooddonat0_.created as created2_2_,
            blooddonat0_.updated as updated3_2_,
            blooddonat0_.version as version4_2_,
            blooddonat0_.bank_id as bank_id8_2_,
            blooddonat0_.blood_group as blood_gr5_2_,
            blooddonat0_.rhd as rhd6_2_,
            blooddonat0_.milliliters as millilit7_2_ 
        from
            blood_donation blooddonat0_ 
        where
            blooddonat0_.donation_id=?
2021-11-19T10:23:44,243|[TRACE] ResourceRegistryStandardImpl - Registering statement [com.mysql.cj.jdbc.ClientPreparedStatement: /* select generatedAlias0 from BloodDonation as generatedAlias0 where generatedAlias0.id=:id */ select blooddonat0_.donation_id as donation1_2_, blooddonat0_.created as created2_2_, blooddonat0_.updated as updated3_2_, blooddonat0_.version as version4_2_, blooddonat0_.bank_id as bank_id8_2_, blooddonat0_.blood_group as blood_gr5_2_, blooddonat0_.rhd as rhd6_2_, blooddonat0_.milliliters as millilit7_2_ from blood_donation blooddonat0_ where blooddonat0_.donation_id=** NOT SPECIFIED **]
2021-11-19T10:23:44,243|[TRACE] JdbcCoordinatorImpl - Registering last query statement [com.mysql.cj.jdbc.ClientPreparedStatement: /* select generatedAlias0 from BloodDonation as generatedAlias0 where generatedAlias0.id=:id */ select blooddonat0_.donation_id as donation1_2_, blooddonat0_.created as created2_2_, blooddonat0_.updated as updated3_2_, blooddonat0_.version as version4_2_, blooddonat0_.bank_id as bank_id8_2_, blooddonat0_.blood_group as blood_gr5_2_, blooddonat0_.rhd as rhd6_2_, blooddonat0_.milliliters as millilit7_2_ from blood_donation blooddonat0_ where blooddonat0_.donation_id=** NOT SPECIFIED **]
2021-11-19T10:23:44,243|[TRACE] BasicBinder - binding parameter [1] as [INTEGER] - [1]
2021-11-19T10:23:44,243|[TRACE] Loader - Bound [2] parameters total
2021-11-19T10:23:44,244|[TRACE] ResourceRegistryStandardImpl - Registering result set [com.mysql.cj.jdbc.result.ResultSetImpl@360a3106]
2021-11-19T10:23:44,244|[TRACE] Loader - Processing result set
2021-11-19T10:23:44,244|[DEBUG] Loader - Result set row: 0
2021-11-19T10:23:44,244|[TRACE] BasicExtractor - extracted value ([donation1_2_] : [INTEGER]) - [1]
2021-11-19T10:23:44,244|[DEBUG] Loader - Result row: EntityKey[bloodbank.entity.BloodDonation#1]
2021-11-19T10:23:44,244|[TRACE] Loader - Done processing result set (1 rows)
2021-11-19T10:23:44,244|[TRACE] Loader - Total objects hydrated: 0
2021-11-19T10:23:44,244|[TRACE] ResourceRegistryStandardImpl - Releasing statement [com.mysql.cj.jdbc.ClientPreparedStatement: /* select generatedAlias0 from BloodDonation as generatedAlias0 where generatedAlias0.id=:id */ select blooddonat0_.donation_id as donation1_2_, blooddonat0_.created as created2_2_, blooddonat0_.updated as updated3_2_, blooddonat0_.version as version4_2_, blooddonat0_.bank_id as bank_id8_2_, blooddonat0_.blood_group as blood_gr5_2_, blooddonat0_.rhd as rhd6_2_, blooddonat0_.milliliters as millilit7_2_ from blood_donation blooddonat0_ where blooddonat0_.donation_id=1]
2021-11-19T10:23:44,244|[TRACE] ResourceRegistryStandardImpl - Closing result set [com.mysql.cj.jdbc.result.ResultSetImpl@360a3106]
2021-11-19T10:23:44,244|[TRACE] ResourceRegistryStandardImpl - Closing prepared statement [com.mysql.cj.jdbc.ClientPreparedStatement: /* select generatedAlias0 from BloodDonation as generatedAlias0 where generatedAlias0.id=:id */ select blooddonat0_.donation_id as donation1_2_, blooddonat0_.created as created2_2_, blooddonat0_.updated as updated3_2_, blooddonat0_.version as version4_2_, blooddonat0_.bank_id as bank_id8_2_, blooddonat0_.blood_group as blood_gr5_2_, blooddonat0_.rhd as rhd6_2_, blooddonat0_.milliliters as millilit7_2_ from blood_donation blooddonat0_ where blooddonat0_.donation_id=1]
2021-11-19T10:23:44,244|[TRACE] JdbcCoordinatorImpl - Starting after statement execution processing [AFTER_TRANSACTION]
2021-11-19T10:23:44,244|[TRACE] StatefulPersistenceContext - Initializing non-lazy collections
2021-11-19T10:23:44,244|[TRACE] AbstractLogicalConnectionImplementor - LogicalConnection#afterTransaction
2021-11-19T10:23:44,244|[TRACE] ResourceRegistryStandardImpl - Releasing JDBC resources
2021-11-19T10:23:44,244|[DEBUG] LogicalConnectionManagedImpl - Initiating JDBC connection release from afterTransaction
2021-11-19T10:23:44,245|[TRACE] ResourceRegistryStandardImpl - Releasing JDBC resources
2021-11-19T10:23:44,245|[TRACE] SessionImpl - Closing session [05780880-d8e0-4bcf-bd26-b95eeb83715c]
2021-11-19T10:23:44,245|[TRACE] JdbcCoordinatorImpl - Closing JDBC container [org.hibernate.engine.jdbc.internal.JdbcCoordinatorImpl@75aa7703]
2021-11-19T10:23:44,245|[TRACE] ResourceRegistryStandardImpl - Releasing JDBC resources
2021-11-19T10:23:44,245|[TRACE] LogicalConnectionManagedImpl - Closing logical connection
2021-11-19T10:23:44,245|[TRACE] LogicalConnectionManagedImpl - Logical connection closed
]]></system-out>
  </testcase>
  <testcase name="testDelete" classname="bloodbank.entity.TestCRUDBloodDonation" time="0.023">
    <system-out><![CDATA[2021-11-19T10:23:44,246|[TRACE] SessionFactoryImpl$SessionBuilderImpl - Opening Hibernate Session.  tenant=null
2021-11-19T10:23:44,246|[TRACE] SessionImpl - Opened Session [d09152e3-f2f8-4cc3-95db-cfacbc0f5fbe] at timestamp: 1637335424246
2021-11-19T10:23:44,246|[DEBUG] TransactionImpl - On TransactionImpl creation, JpaCompliance#isJpaTransactionComplianceEnabled == false
2021-11-19T10:23:44,246|[DEBUG] CriteriaQueryImpl - Rendered criteria query -> select generatedAlias0 from BloodDonation as generatedAlias0 where generatedAlias0.id=:id
2021-11-19T10:23:44,246|[TRACE] QueryPlanCache - Located HQL query plan in cache (select generatedAlias0 from BloodDonation as generatedAlias0 where generatedAlias0.id=:id)
2021-11-19T10:23:44,247|[TRACE] QueryPlanCache - Located HQL query plan in cache (select generatedAlias0 from BloodDonation as generatedAlias0 where generatedAlias0.id=:id)
2021-11-19T10:23:44,247|[TRACE] QueryPlanCache - Located HQL query plan in cache (select generatedAlias0 from BloodDonation as generatedAlias0 where generatedAlias0.id=:id)
2021-11-19T10:23:44,247|[TRACE] HQLQueryPlan - Find: select generatedAlias0 from BloodDonation as generatedAlias0 where generatedAlias0.id=:id
2021-11-19T10:23:44,247|[TRACE] QueryParameters - Named parameters: {id=1}
2021-11-19T10:23:44,247|[DEBUG] SQL - 
    /* select
        generatedAlias0 
    from
        BloodDonation as generatedAlias0 
    where
        generatedAlias0.id=:id */ select
            blooddonat0_.donation_id as donation1_2_,
            blooddonat0_.created as created2_2_,
            blooddonat0_.updated as updated3_2_,
            blooddonat0_.version as version4_2_,
            blooddonat0_.bank_id as bank_id8_2_,
            blooddonat0_.blood_group as blood_gr5_2_,
            blooddonat0_.rhd as rhd6_2_,
            blooddonat0_.milliliters as millilit7_2_ 
        from
            blood_donation blooddonat0_ 
        where
            blooddonat0_.donation_id=?
2021-11-19T10:23:44,248|[TRACE] ResourceRegistryStandardImpl - Registering statement [com.mysql.cj.jdbc.ClientPreparedStatement: /* select generatedAlias0 from BloodDonation as generatedAlias0 where generatedAlias0.id=:id */ select blooddonat0_.donation_id as donation1_2_, blooddonat0_.created as created2_2_, blooddonat0_.updated as updated3_2_, blooddonat0_.version as version4_2_, blooddonat0_.bank_id as bank_id8_2_, blooddonat0_.blood_group as blood_gr5_2_, blooddonat0_.rhd as rhd6_2_, blooddonat0_.milliliters as millilit7_2_ from blood_donation blooddonat0_ where blooddonat0_.donation_id=** NOT SPECIFIED **]
2021-11-19T10:23:44,248|[TRACE] JdbcCoordinatorImpl - Registering last query statement [com.mysql.cj.jdbc.ClientPreparedStatement: /* select generatedAlias0 from BloodDonation as generatedAlias0 where generatedAlias0.id=:id */ select blooddonat0_.donation_id as donation1_2_, blooddonat0_.created as created2_2_, blooddonat0_.updated as updated3_2_, blooddonat0_.version as version4_2_, blooddonat0_.bank_id as bank_id8_2_, blooddonat0_.blood_group as blood_gr5_2_, blooddonat0_.rhd as rhd6_2_, blooddonat0_.milliliters as millilit7_2_ from blood_donation blooddonat0_ where blooddonat0_.donation_id=** NOT SPECIFIED **]
2021-11-19T10:23:44,248|[TRACE] BasicBinder - binding parameter [1] as [INTEGER] - [1]
2021-11-19T10:23:44,248|[TRACE] Loader - Bound [2] parameters total
2021-11-19T10:23:44,248|[TRACE] ResourceRegistryStandardImpl - Registering result set [com.mysql.cj.jdbc.result.ResultSetImpl@7831d1aa]
2021-11-19T10:23:44,249|[TRACE] Loader - Processing result set
2021-11-19T10:23:44,249|[DEBUG] Loader - Result set row: 0
2021-11-19T10:23:44,249|[TRACE] BasicExtractor - extracted value ([donation1_2_] : [INTEGER]) - [1]
2021-11-19T10:23:44,249|[DEBUG] Loader - Result row: EntityKey[bloodbank.entity.BloodDonation#1]
2021-11-19T10:23:44,249|[TRACE] Loader - Initializing object from ResultSet: [bloodbank.entity.BloodDonation#1]
2021-11-19T10:23:44,249|[TRACE] AbstractEntityPersister - Hydrating entity: [bloodbank.entity.BloodDonation#1]
2021-11-19T10:23:44,249|[TRACE] BasicExtractor - extracted value ([created2_2_] : [BIGINT]) - [1637335424100]
2021-11-19T10:23:44,249|[TRACE] BasicExtractor - extracted value ([updated3_2_] : [BIGINT]) - [1637335424100]
2021-11-19T10:23:44,249|[TRACE] BasicExtractor - extracted value ([version4_2_] : [INTEGER]) - [0]
2021-11-19T10:23:44,249|[TRACE] BasicExtractor - extracted value ([bank_id8_2_] : [INTEGER]) - [1]
2021-11-19T10:23:44,249|[TRACE] BasicExtractor - extracted value ([blood_gr5_2_] : [VARCHAR]) - [AB]
2021-11-19T10:23:44,249|[TRACE] BasicExtractor - extracted value ([rhd6_2_] : [TINYINT]) - [1]
2021-11-19T10:23:44,249|[TRACE] BasicExtractor - extracted value ([millilit7_2_] : [INTEGER]) - [5]
2021-11-19T10:23:44,249|[TRACE] TwoPhaseLoad - Version: 0
2021-11-19T10:23:44,249|[TRACE] Loader - Done processing result set (1 rows)
2021-11-19T10:23:44,249|[TRACE] Loader - Total objects hydrated: 1
2021-11-19T10:23:44,249|[DEBUG] TwoPhaseLoad - Resolving attributes for [bloodbank.entity.BloodDonation#1]
2021-11-19T10:23:44,249|[DEBUG] TwoPhaseLoad - Processing attribute `epochCreated` : value = 1637335424100
2021-11-19T10:23:44,249|[DEBUG] TwoPhaseLoad - Attribute (`epochCreated`)  - enhanced for lazy-loading? - false
2021-11-19T10:23:44,249|[DEBUG] TwoPhaseLoad - Processing attribute `epochUpdated` : value = 1637335424100
2021-11-19T10:23:44,249|[DEBUG] TwoPhaseLoad - Attribute (`epochUpdated`)  - enhanced for lazy-loading? - false
2021-11-19T10:23:44,249|[DEBUG] TwoPhaseLoad - Processing attribute `version` : value = 0
2021-11-19T10:23:44,249|[DEBUG] TwoPhaseLoad - Attribute (`version`)  - enhanced for lazy-loading? - false
2021-11-19T10:23:44,249|[DEBUG] TwoPhaseLoad - Processing attribute `bank` : value = 1
2021-11-19T10:23:44,249|[DEBUG] TwoPhaseLoad - Attribute (`bank`)  - enhanced for lazy-loading? - false
2021-11-19T10:23:44,249|[TRACE] DefaultLoadEventListener - Loading entity: [bloodbank.entity.BloodBank#1]
2021-11-19T10:23:44,249|[TRACE] DefaultLoadEventListener - Creating new proxy for entity
2021-11-19T10:23:44,249|[DEBUG] TwoPhaseLoad - Processing attribute `bloodType` : value = [Ljava.lang.Object;@27746c5e
2021-11-19T10:23:44,249|[DEBUG] TwoPhaseLoad - Attribute (`bloodType`)  - enhanced for lazy-loading? - false
2021-11-19T10:23:44,249|[DEBUG] TwoPhaseLoad - Processing attribute `milliliters` : value = 5
2021-11-19T10:23:44,249|[DEBUG] TwoPhaseLoad - Attribute (`milliliters`)  - enhanced for lazy-loading? - false
2021-11-19T10:23:44,249|[DEBUG] TwoPhaseLoad - Processing attribute `record` : value = 1
2021-11-19T10:23:44,249|[DEBUG] TwoPhaseLoad - Attribute (`record`)  - enhanced for lazy-loading? - false
2021-11-19T10:23:44,249|[TRACE] DefaultLoadEventListener - Loading entity: [bloodbank.entity.DonationRecord#1]
2021-11-19T10:23:44,249|[TRACE] DefaultLoadEventListener - Attempting to resolve: [bloodbank.entity.DonationRecord#1]
2021-11-19T10:23:44,249|[TRACE] DefaultLoadEventListener - Object not resolved in any cache: [bloodbank.entity.DonationRecord#1]
2021-11-19T10:23:44,249|[TRACE] AbstractEntityPersister - Fetching entity: [bloodbank.entity.DonationRecord#1]
2021-11-19T10:23:44,249|[DEBUG] SQL - 
    select
        donationre0_.record_id as record_i1_4_0_,
        donationre0_.created as created2_4_0_,
        donationre0_.updated as updated3_4_0_,
        donationre0_.version as version4_4_0_,
        donationre0_.donation_id as donation6_4_0_,
        donationre0_.person_id as person_i7_4_0_,
        donationre0_.tested as tested5_4_0_,
        blooddonat1_.donation_id as donation1_2_1_,
        blooddonat1_.created as created2_2_1_,
        blooddonat1_.updated as updated3_2_1_,
        blooddonat1_.version as version4_2_1_,
        blooddonat1_.bank_id as bank_id8_2_1_,
        blooddonat1_.blood_group as blood_gr5_2_1_,
        blooddonat1_.rhd as rhd6_2_1_,
        blooddonat1_.milliliters as millilit7_2_1_ 
    from
        donation_record donationre0_ 
    inner join
        blood_donation blooddonat1_ 
            on donationre0_.donation_id=blooddonat1_.donation_id 
    where
        donationre0_.record_id=?
2021-11-19T10:23:44,250|[TRACE] ResourceRegistryStandardImpl - Registering statement [com.mysql.cj.jdbc.ClientPreparedStatement: select donationre0_.record_id as record_i1_4_0_, donationre0_.created as created2_4_0_, donationre0_.updated as updated3_4_0_, donationre0_.version as version4_4_0_, donationre0_.donation_id as donation6_4_0_, donationre0_.person_id as person_i7_4_0_, donationre0_.tested as tested5_4_0_, blooddonat1_.donation_id as donation1_2_1_, blooddonat1_.created as created2_2_1_, blooddonat1_.updated as updated3_2_1_, blooddonat1_.version as version4_2_1_, blooddonat1_.bank_id as bank_id8_2_1_, blooddonat1_.blood_group as blood_gr5_2_1_, blooddonat1_.rhd as rhd6_2_1_, blooddonat1_.milliliters as millilit7_2_1_ from donation_record donationre0_ inner join blood_donation blooddonat1_ on donationre0_.donation_id=blooddonat1_.donation_id where donationre0_.record_id=** NOT SPECIFIED **]
2021-11-19T10:23:44,250|[TRACE] JdbcCoordinatorImpl - Registering last query statement [com.mysql.cj.jdbc.ClientPreparedStatement: select donationre0_.record_id as record_i1_4_0_, donationre0_.created as created2_4_0_, donationre0_.updated as updated3_4_0_, donationre0_.version as version4_4_0_, donationre0_.donation_id as donation6_4_0_, donationre0_.person_id as person_i7_4_0_, donationre0_.tested as tested5_4_0_, blooddonat1_.donation_id as donation1_2_1_, blooddonat1_.created as created2_2_1_, blooddonat1_.updated as updated3_2_1_, blooddonat1_.version as version4_2_1_, blooddonat1_.bank_id as bank_id8_2_1_, blooddonat1_.blood_group as blood_gr5_2_1_, blooddonat1_.rhd as rhd6_2_1_, blooddonat1_.milliliters as millilit7_2_1_ from donation_record donationre0_ inner join blood_donation blooddonat1_ on donationre0_.donation_id=blooddonat1_.donation_id where donationre0_.record_id=** NOT SPECIFIED **]
2021-11-19T10:23:44,250|[TRACE] BasicBinder - binding parameter [1] as [INTEGER] - [1]
2021-11-19T10:23:44,250|[TRACE] AbstractLoadPlanBasedLoader - Bound [2] parameters total
2021-11-19T10:23:44,251|[TRACE] ResourceRegistryStandardImpl - Registering result set [com.mysql.cj.jdbc.result.ResultSetImpl@2270f58d]
2021-11-19T10:23:44,251|[TRACE] ResultSetProcessorImpl - Processing result set
2021-11-19T10:23:44,251|[TRACE] ResultSetProcessorImpl - Starting ResultSet row #0
2021-11-19T10:23:44,251|[TRACE] BasicExtractor - extracted value ([donation1_2_1_] : [INTEGER]) - [1]
2021-11-19T10:23:44,251|[DEBUG] EntityReferenceInitializerImpl - On call to EntityIdentifierReaderImpl#resolve, EntityKey was already known; should only happen on root returns with an optional identifier specified
2021-11-19T10:23:44,251|[TRACE] EntityReferenceInitializerImpl - hydrating entity state
2021-11-19T10:23:44,251|[TRACE] EntityReferenceInitializerImpl - Initializing object from ResultSet: [bloodbank.entity.DonationRecord#1]
2021-11-19T10:23:44,251|[TRACE] AbstractEntityPersister - Hydrating entity: [bloodbank.entity.DonationRecord#1]
2021-11-19T10:23:44,251|[TRACE] BasicExtractor - extracted value ([created2_4_0_] : [BIGINT]) - [1637335424212]
2021-11-19T10:23:44,251|[TRACE] BasicExtractor - extracted value ([updated3_4_0_] : [BIGINT]) - [1637335424099]
2021-11-19T10:23:44,251|[TRACE] BasicExtractor - extracted value ([version4_4_0_] : [INTEGER]) - [1]
2021-11-19T10:23:44,251|[TRACE] BasicExtractor - extracted value ([donation6_4_0_] : [INTEGER]) - [1]
2021-11-19T10:23:44,251|[TRACE] BasicExtractor - extracted value ([person_i7_4_0_] : [INTEGER]) - [1]
2021-11-19T10:23:44,251|[TRACE] BasicExtractor - extracted value ([tested5_4_0_] : [TINYINT]) - [1]
2021-11-19T10:23:44,252|[TRACE] TwoPhaseLoad - Version: 1
2021-11-19T10:23:44,252|[TRACE] ResultSetProcessorImpl - Done processing result set (1 rows)
2021-11-19T10:23:44,252|[TRACE] AbstractRowReader - Total objects hydrated: 1
2021-11-19T10:23:44,252|[DEBUG] TwoPhaseLoad - Resolving attributes for [bloodbank.entity.DonationRecord#1]
2021-11-19T10:23:44,252|[DEBUG] TwoPhaseLoad - Processing attribute `epochCreated` : value = 1637335424212
2021-11-19T10:23:44,252|[DEBUG] TwoPhaseLoad - Attribute (`epochCreated`)  - enhanced for lazy-loading? - false
2021-11-19T10:23:44,252|[DEBUG] TwoPhaseLoad - Processing attribute `epochUpdated` : value = 1637335424099
2021-11-19T10:23:44,252|[DEBUG] TwoPhaseLoad - Attribute (`epochUpdated`)  - enhanced for lazy-loading? - false
2021-11-19T10:23:44,252|[DEBUG] TwoPhaseLoad - Processing attribute `version` : value = 1
2021-11-19T10:23:44,252|[DEBUG] TwoPhaseLoad - Attribute (`version`)  - enhanced for lazy-loading? - false
2021-11-19T10:23:44,252|[DEBUG] TwoPhaseLoad - Processing attribute `donation` : value = 1
2021-11-19T10:23:44,252|[DEBUG] TwoPhaseLoad - Attribute (`donation`)  - enhanced for lazy-loading? - false
2021-11-19T10:23:44,252|[TRACE] DefaultLoadEventListener - Loading entity: [bloodbank.entity.BloodDonation#1]
2021-11-19T10:23:44,252|[TRACE] DefaultLoadEventListener - Attempting to resolve: [bloodbank.entity.BloodDonation#1]
2021-11-19T10:23:44,252|[DEBUG] TwoPhaseLoad - Processing attribute `owner` : value = 1
2021-11-19T10:23:44,252|[DEBUG] TwoPhaseLoad - Attribute (`owner`)  - enhanced for lazy-loading? - false
2021-11-19T10:23:44,252|[TRACE] DefaultLoadEventListener - Loading entity: [bloodbank.entity.Person#1]
2021-11-19T10:23:44,252|[TRACE] DefaultLoadEventListener - Creating new proxy for entity
2021-11-19T10:23:44,252|[DEBUG] TwoPhaseLoad - Processing attribute `tested` : value = 1
2021-11-19T10:23:44,252|[DEBUG] TwoPhaseLoad - Attribute (`tested`)  - enhanced for lazy-loading? - false
2021-11-19T10:23:44,252|[DEBUG] TwoPhaseLoad - Done materializing entity [bloodbank.entity.DonationRecord#1]
2021-11-19T10:23:44,252|[TRACE] ResultSetProcessingContextImpl - Skipping create subselects because there are fewer than 2 results, so query by key is more efficient.
2021-11-19T10:23:44,252|[TRACE] ResourceRegistryStandardImpl - Releasing statement [com.mysql.cj.jdbc.ClientPreparedStatement: select donationre0_.record_id as record_i1_4_0_, donationre0_.created as created2_4_0_, donationre0_.updated as updated3_4_0_, donationre0_.version as version4_4_0_, donationre0_.donation_id as donation6_4_0_, donationre0_.person_id as person_i7_4_0_, donationre0_.tested as tested5_4_0_, blooddonat1_.donation_id as donation1_2_1_, blooddonat1_.created as created2_2_1_, blooddonat1_.updated as updated3_2_1_, blooddonat1_.version as version4_2_1_, blooddonat1_.bank_id as bank_id8_2_1_, blooddonat1_.blood_group as blood_gr5_2_1_, blooddonat1_.rhd as rhd6_2_1_, blooddonat1_.milliliters as millilit7_2_1_ from donation_record donationre0_ inner join blood_donation blooddonat1_ on donationre0_.donation_id=blooddonat1_.donation_id where donationre0_.record_id=1]
2021-11-19T10:23:44,252|[TRACE] ResourceRegistryStandardImpl - Closing result set [com.mysql.cj.jdbc.result.ResultSetImpl@2270f58d]
2021-11-19T10:23:44,252|[TRACE] ResourceRegistryStandardImpl - Closing prepared statement [com.mysql.cj.jdbc.ClientPreparedStatement: select donationre0_.record_id as record_i1_4_0_, donationre0_.created as created2_4_0_, donationre0_.updated as updated3_4_0_, donationre0_.version as version4_4_0_, donationre0_.donation_id as donation6_4_0_, donationre0_.person_id as person_i7_4_0_, donationre0_.tested as tested5_4_0_, blooddonat1_.donation_id as donation1_2_1_, blooddonat1_.created as created2_2_1_, blooddonat1_.updated as updated3_2_1_, blooddonat1_.version as version4_2_1_, blooddonat1_.bank_id as bank_id8_2_1_, blooddonat1_.blood_group as blood_gr5_2_1_, blooddonat1_.rhd as rhd6_2_1_, blooddonat1_.milliliters as millilit7_2_1_ from donation_record donationre0_ inner join blood_donation blooddonat1_ on donationre0_.donation_id=blooddonat1_.donation_id where donationre0_.record_id=1]
2021-11-19T10:23:44,252|[TRACE] JdbcCoordinatorImpl - Starting after statement execution processing [AFTER_TRANSACTION]
2021-11-19T10:23:44,252|[DEBUG] AbstractLoadPlanBasedEntityLoader - Done entity load : bloodbank.entity.DonationRecord#1
2021-11-19T10:23:44,252|[DEBUG] TwoPhaseLoad - Done materializing entity [bloodbank.entity.BloodDonation#1]
2021-11-19T10:23:44,252|[TRACE] ResourceRegistryStandardImpl - Releasing statement [com.mysql.cj.jdbc.ClientPreparedStatement: /* select generatedAlias0 from BloodDonation as generatedAlias0 where generatedAlias0.id=:id */ select blooddonat0_.donation_id as donation1_2_, blooddonat0_.created as created2_2_, blooddonat0_.updated as updated3_2_, blooddonat0_.version as version4_2_, blooddonat0_.bank_id as bank_id8_2_, blooddonat0_.blood_group as blood_gr5_2_, blooddonat0_.rhd as rhd6_2_, blooddonat0_.milliliters as millilit7_2_ from blood_donation blooddonat0_ where blooddonat0_.donation_id=1]
2021-11-19T10:23:44,252|[TRACE] ResourceRegistryStandardImpl - Closing result set [com.mysql.cj.jdbc.result.ResultSetImpl@7831d1aa]
2021-11-19T10:23:44,252|[TRACE] ResourceRegistryStandardImpl - Closing prepared statement [com.mysql.cj.jdbc.ClientPreparedStatement: /* select generatedAlias0 from BloodDonation as generatedAlias0 where generatedAlias0.id=:id */ select blooddonat0_.donation_id as donation1_2_, blooddonat0_.created as created2_2_, blooddonat0_.updated as updated3_2_, blooddonat0_.version as version4_2_, blooddonat0_.bank_id as bank_id8_2_, blooddonat0_.blood_group as blood_gr5_2_, blooddonat0_.rhd as rhd6_2_, blooddonat0_.milliliters as millilit7_2_ from blood_donation blooddonat0_ where blooddonat0_.donation_id=1]
2021-11-19T10:23:44,252|[TRACE] JdbcCoordinatorImpl - Starting after statement execution processing [AFTER_TRANSACTION]
2021-11-19T10:23:44,252|[TRACE] StatefulPersistenceContext - Initializing non-lazy collections
2021-11-19T10:23:44,253|[TRACE] AbstractLogicalConnectionImplementor - LogicalConnection#afterTransaction
2021-11-19T10:23:44,253|[TRACE] ResourceRegistryStandardImpl - Releasing JDBC resources
2021-11-19T10:23:44,253|[DEBUG] LogicalConnectionManagedImpl - Initiating JDBC connection release from afterTransaction
2021-11-19T10:23:44,253|[TRACE] ResourceRegistryStandardImpl - Releasing JDBC resources
2021-11-19T10:23:44,253|[DEBUG] TransactionImpl - begin
2021-11-19T10:23:44,254|[TRACE] AbstractLogicalConnectionImplementor - Preparing to begin transaction via JDBC Connection.setAutoCommit(false)
2021-11-19T10:23:44,254|[TRACE] AbstractLogicalConnectionImplementor - Transaction begun via JDBC Connection.setAutoCommit(false)
2021-11-19T10:23:44,254|[TRACE] JdbcResourceLocalTransactionCoordinatorImpl - ResourceLocalTransactionCoordinatorImpl#afterBeginCallback
2021-11-19T10:23:44,254|[TRACE] DefaultDeleteEventListener - Deleting a persistent instance
2021-11-19T10:23:44,254|[TRACE] DefaultDeleteEventListener - Deleting [bloodbank.entity.BloodDonation#1]
2021-11-19T10:23:44,254|[TRACE] Cascade - Processing cascade ACTION_DELETE for: bloodbank.entity.BloodDonation
2021-11-19T10:23:44,254|[TRACE] Cascade - Done processing cascade ACTION_DELETE for: bloodbank.entity.BloodDonation
2021-11-19T10:23:44,254|[TRACE] Cascade - Processing cascade ACTION_DELETE for: bloodbank.entity.BloodDonation
2021-11-19T10:23:44,254|[TRACE] CascadingAction - Cascading to delete: bloodbank.entity.BloodBank
2021-11-19T10:23:44,254|[DEBUG] SessionImpl - Initializing proxy: [bloodbank.entity.BloodBank#1]
2021-11-19T10:23:44,254|[TRACE] DefaultLoadEventListener - Attempting to resolve: [bloodbank.entity.BloodBank#1]
2021-11-19T10:23:44,254|[TRACE] DefaultLoadEventListener - Object not resolved in any cache: [bloodbank.entity.BloodBank#1]
2021-11-19T10:23:44,254|[TRACE] AbstractEntityPersister - Fetching entity: [bloodbank.entity.BloodBank#1]
2021-11-19T10:23:44,255|[DEBUG] SQL - 
    select
        bloodbank0_.bank_id as bank_id2_1_0_,
        bloodbank0_.created as created3_1_0_,
        bloodbank0_.updated as updated4_1_0_,
        bloodbank0_.version as version5_1_0_,
        bloodbank0_.name as name6_1_0_,
        bloodbank0_.privately_owned as privatel1_1_0_ 
    from
        blood_bank bloodbank0_ 
    where
        bloodbank0_.bank_id=?
2021-11-19T10:23:44,255|[TRACE] ResourceRegistryStandardImpl - Registering statement [com.mysql.cj.jdbc.ClientPreparedStatement: select bloodbank0_.bank_id as bank_id2_1_0_, bloodbank0_.created as created3_1_0_, bloodbank0_.updated as updated4_1_0_, bloodbank0_.version as version5_1_0_, bloodbank0_.name as name6_1_0_, bloodbank0_.privately_owned as privatel1_1_0_ from blood_bank bloodbank0_ where bloodbank0_.bank_id=** NOT SPECIFIED **]
2021-11-19T10:23:44,255|[TRACE] JdbcCoordinatorImpl - Registering last query statement [com.mysql.cj.jdbc.ClientPreparedStatement: select bloodbank0_.bank_id as bank_id2_1_0_, bloodbank0_.created as created3_1_0_, bloodbank0_.updated as updated4_1_0_, bloodbank0_.version as version5_1_0_, bloodbank0_.name as name6_1_0_, bloodbank0_.privately_owned as privatel1_1_0_ from blood_bank bloodbank0_ where bloodbank0_.bank_id=** NOT SPECIFIED **]
2021-11-19T10:23:44,255|[TRACE] BasicBinder - binding parameter [1] as [INTEGER] - [1]
2021-11-19T10:23:44,255|[TRACE] AbstractLoadPlanBasedLoader - Bound [2] parameters total
2021-11-19T10:23:44,256|[TRACE] ResourceRegistryStandardImpl - Registering result set [com.mysql.cj.jdbc.result.ResultSetImpl@2c02a007]
2021-11-19T10:23:44,256|[TRACE] ResultSetProcessorImpl - Processing result set
2021-11-19T10:23:44,256|[TRACE] ResultSetProcessorImpl - Starting ResultSet row #0
2021-11-19T10:23:44,256|[DEBUG] EntityReferenceInitializerImpl - On call to EntityIdentifierReaderImpl#resolve, EntityKey was already known; should only happen on root returns with an optional identifier specified
2021-11-19T10:23:44,257|[TRACE] BasicExtractor - extracted value ([privatel1_1_0_] : [INTEGER]) - [1]
2021-11-19T10:23:44,257|[TRACE] EntityReferenceInitializerImpl - hydrating entity state
2021-11-19T10:23:44,257|[TRACE] EntityReferenceInitializerImpl - Initializing object from ResultSet: [bloodbank.entity.PrivateBloodBank#1]
2021-11-19T10:23:44,257|[TRACE] AbstractEntityPersister - Hydrating entity: [bloodbank.entity.PrivateBloodBank#1]
2021-11-19T10:23:44,257|[TRACE] BasicExtractor - extracted value ([created3_1_0_] : [BIGINT]) - [1637335424212]
2021-11-19T10:23:44,257|[TRACE] BasicExtractor - extracted value ([updated4_1_0_] : [BIGINT]) - [1637335424100]
2021-11-19T10:23:44,257|[TRACE] BasicExtractor - extracted value ([version5_1_0_] : [INTEGER]) - [1]
2021-11-19T10:23:44,257|[TRACE] BasicExtractor - extracted value ([name6_1_0_] : [VARCHAR]) - [Updated Bank]
2021-11-19T10:23:44,257|[TRACE] TwoPhaseLoad - Version: 1
2021-11-19T10:23:44,257|[TRACE] ResultSetProcessorImpl - Done processing result set (1 rows)
2021-11-19T10:23:44,257|[TRACE] AbstractRowReader - Total objects hydrated: 1
2021-11-19T10:23:44,257|[DEBUG] TwoPhaseLoad - Resolving attributes for [bloodbank.entity.PrivateBloodBank#1]
2021-11-19T10:23:44,257|[DEBUG] TwoPhaseLoad - Processing attribute `epochCreated` : value = 1637335424212
2021-11-19T10:23:44,257|[DEBUG] TwoPhaseLoad - Attribute (`epochCreated`)  - enhanced for lazy-loading? - false
2021-11-19T10:23:44,257|[DEBUG] TwoPhaseLoad - Processing attribute `epochUpdated` : value = 1637335424100
2021-11-19T10:23:44,257|[DEBUG] TwoPhaseLoad - Attribute (`epochUpdated`)  - enhanced for lazy-loading? - false
2021-11-19T10:23:44,257|[DEBUG] TwoPhaseLoad - Processing attribute `version` : value = 1
2021-11-19T10:23:44,257|[DEBUG] TwoPhaseLoad - Attribute (`version`)  - enhanced for lazy-loading? - false
2021-11-19T10:23:44,257|[DEBUG] TwoPhaseLoad - Processing attribute `donations` : value = NOT NULL COLLECTION
2021-11-19T10:23:44,257|[DEBUG] TwoPhaseLoad - Attribute (`donations`)  - enhanced for lazy-loading? - false
2021-11-19T10:23:44,257|[TRACE] CollectionType - Created collection wrapper: [bloodbank.entity.BloodBank.donations#1]
2021-11-19T10:23:44,257|[DEBUG] TwoPhaseLoad - Processing attribute `name` : value = Updated Bank
2021-11-19T10:23:44,257|[DEBUG] TwoPhaseLoad - Attribute (`name`)  - enhanced for lazy-loading? - false
2021-11-19T10:23:44,257|[DEBUG] TwoPhaseLoad - Done materializing entity [bloodbank.entity.PrivateBloodBank#1]
2021-11-19T10:23:44,257|[TRACE] ResultSetProcessingContextImpl - Skipping create subselects because there are fewer than 2 results, so query by key is more efficient.
2021-11-19T10:23:44,257|[TRACE] ResourceRegistryStandardImpl - Releasing statement [com.mysql.cj.jdbc.ClientPreparedStatement: select bloodbank0_.bank_id as bank_id2_1_0_, bloodbank0_.created as created3_1_0_, bloodbank0_.updated as updated4_1_0_, bloodbank0_.version as version5_1_0_, bloodbank0_.name as name6_1_0_, bloodbank0_.privately_owned as privatel1_1_0_ from blood_bank bloodbank0_ where bloodbank0_.bank_id=1]
2021-11-19T10:23:44,258|[TRACE] ResourceRegistryStandardImpl - Closing result set [com.mysql.cj.jdbc.result.ResultSetImpl@2c02a007]
2021-11-19T10:23:44,258|[TRACE] ResourceRegistryStandardImpl - Closing prepared statement [com.mysql.cj.jdbc.ClientPreparedStatement: select bloodbank0_.bank_id as bank_id2_1_0_, bloodbank0_.created as created3_1_0_, bloodbank0_.updated as updated4_1_0_, bloodbank0_.version as version5_1_0_, bloodbank0_.name as name6_1_0_, bloodbank0_.privately_owned as privatel1_1_0_ from blood_bank bloodbank0_ where bloodbank0_.bank_id=1]
2021-11-19T10:23:44,258|[TRACE] JdbcCoordinatorImpl - Starting after statement execution processing [AFTER_TRANSACTION]
2021-11-19T10:23:44,258|[TRACE] StatefulPersistenceContext - Initializing non-lazy collections
2021-11-19T10:23:44,258|[DEBUG] AbstractLoadPlanBasedEntityLoader - Done entity load : bloodbank.entity.BloodBank#1
2021-11-19T10:23:44,258|[TRACE] DefaultDeleteEventListener - Deleting a persistent instance
2021-11-19T10:23:44,258|[TRACE] DefaultDeleteEventListener - Deleting [bloodbank.entity.PrivateBloodBank#1]
2021-11-19T10:23:44,258|[TRACE] Cascade - Processing cascade ACTION_DELETE for: bloodbank.entity.PrivateBloodBank
2021-11-19T10:23:44,258|[TRACE] Cascade - Cascade ACTION_DELETE for collection: bloodbank.entity.BloodBank.donations
2021-11-19T10:23:44,259|[TRACE] DefaultInitializeCollectionEventListener - Initializing collection [bloodbank.entity.BloodBank.donations#1]
2021-11-19T10:23:44,259|[TRACE] DefaultInitializeCollectionEventListener - Checking second-level cache
2021-11-19T10:23:44,259|[TRACE] DefaultInitializeCollectionEventListener - Collection not cached
2021-11-19T10:23:44,259|[DEBUG] AbstractLoadPlanBasedCollectionInitializer - Loading collection: [bloodbank.entity.BloodBank.donations#1]
2021-11-19T10:23:44,259|[DEBUG] SQL - 
    select
        donations0_.bank_id as bank_id8_2_0_,
        donations0_.donation_id as donation1_2_0_,
        donations0_.donation_id as donation1_2_1_,
        donations0_.created as created2_2_1_,
        donations0_.updated as updated3_2_1_,
        donations0_.version as version4_2_1_,
        donations0_.bank_id as bank_id8_2_1_,
        donations0_.blood_group as blood_gr5_2_1_,
        donations0_.rhd as rhd6_2_1_,
        donations0_.milliliters as millilit7_2_1_ 
    from
        blood_donation donations0_ 
    where
        donations0_.bank_id=?
2021-11-19T10:23:44,260|[TRACE] ResourceRegistryStandardImpl - Registering statement [com.mysql.cj.jdbc.ClientPreparedStatement: select donations0_.bank_id as bank_id8_2_0_, donations0_.donation_id as donation1_2_0_, donations0_.donation_id as donation1_2_1_, donations0_.created as created2_2_1_, donations0_.updated as updated3_2_1_, donations0_.version as version4_2_1_, donations0_.bank_id as bank_id8_2_1_, donations0_.blood_group as blood_gr5_2_1_, donations0_.rhd as rhd6_2_1_, donations0_.milliliters as millilit7_2_1_ from blood_donation donations0_ where donations0_.bank_id=** NOT SPECIFIED **]
2021-11-19T10:23:44,260|[TRACE] JdbcCoordinatorImpl - Registering last query statement [com.mysql.cj.jdbc.ClientPreparedStatement: select donations0_.bank_id as bank_id8_2_0_, donations0_.donation_id as donation1_2_0_, donations0_.donation_id as donation1_2_1_, donations0_.created as created2_2_1_, donations0_.updated as updated3_2_1_, donations0_.version as version4_2_1_, donations0_.bank_id as bank_id8_2_1_, donations0_.blood_group as blood_gr5_2_1_, donations0_.rhd as rhd6_2_1_, donations0_.milliliters as millilit7_2_1_ from blood_donation donations0_ where donations0_.bank_id=** NOT SPECIFIED **]
2021-11-19T10:23:44,260|[TRACE] BasicBinder - binding parameter [1] as [INTEGER] - [1]
2021-11-19T10:23:44,260|[TRACE] AbstractLoadPlanBasedLoader - Bound [2] parameters total
2021-11-19T10:23:44,261|[TRACE] ResourceRegistryStandardImpl - Registering result set [com.mysql.cj.jdbc.result.ResultSetImpl@25f14e93]
2021-11-19T10:23:44,261|[DEBUG] ResultSetProcessorImpl - Preparing collection initializer : [bloodbank.entity.BloodBank.donations#1]
2021-11-19T10:23:44,261|[TRACE] LoadContexts - Constructing collection load context for result set [com.mysql.cj.jdbc.result.ResultSetImpl@25f14e93]
2021-11-19T10:23:44,262|[TRACE] CollectionLoadContext - Starting attempt to find loading collection [[bloodbank.entity.BloodBank.donations#1]]
2021-11-19T10:23:44,263|[TRACE] CollectionLoadContext - Collection not yet initialized; initializing
2021-11-19T10:23:44,263|[TRACE] ResultSetProcessorImpl - Processing result set
2021-11-19T10:23:44,263|[TRACE] ResultSetProcessorImpl - Starting ResultSet row #0
2021-11-19T10:23:44,263|[TRACE] BasicExtractor - extracted value ([donation1_2_1_] : [INTEGER]) - [1]
2021-11-19T10:23:44,263|[TRACE] BasicExtractor - extracted value ([bank_id8_2_0_] : [INTEGER]) - [1]
2021-11-19T10:23:44,263|[DEBUG] CollectionReferenceInitializerImpl - Found row of collection: [bloodbank.entity.BloodBank.donations#1]
2021-11-19T10:23:44,263|[TRACE] CollectionLoadContext - Starting attempt to find loading collection [[bloodbank.entity.BloodBank.donations#1]]
2021-11-19T10:23:44,263|[TRACE] LoadContexts - Attempting to locate loading collection entry [CollectionKey[bloodbank.entity.BloodBank.donations#1]] in any result-set context
2021-11-19T10:23:44,263|[TRACE] LoadContexts - Collection [CollectionKey[bloodbank.entity.BloodBank.donations#1]] located in load context
2021-11-19T10:23:44,263|[TRACE] CollectionLoadContext - Found loading collection bound to current result set processing; reading row
2021-11-19T10:23:44,263|[TRACE] BasicExtractor - extracted value ([donation1_2_0_] : [INTEGER]) - [1]
2021-11-19T10:23:44,263|[TRACE] DefaultLoadEventListener - Loading entity: [bloodbank.entity.BloodDonation#1]
2021-11-19T10:23:44,263|[TRACE] DefaultLoadEventListener - Attempting to resolve: [bloodbank.entity.BloodDonation#1]
2021-11-19T10:23:44,263|[TRACE] ResultSetProcessorImpl - Done processing result set (1 rows)
2021-11-19T10:23:44,263|[TRACE] AbstractRowReader - Total objects hydrated: 0
2021-11-19T10:23:44,263|[TRACE] LoadContexts - Attempting to locate loading collection entry [CollectionKey[bloodbank.entity.BloodBank.donations#1]] in any result-set context
2021-11-19T10:23:44,263|[TRACE] LoadContexts - Collection [CollectionKey[bloodbank.entity.BloodBank.donations#1]] located in load context
2021-11-19T10:23:44,263|[TRACE] CollectionLoadContext - Removing collection load entry [org.hibernate.engine.loading.internal.LoadingCollectionEntry<rs=com.mysql.cj.jdbc.result.ResultSetImpl@25f14e93, coll=[bloodbank.entity.BloodBank.donations#1]>@5e055ce1]
2021-11-19T10:23:44,264|[DEBUG] CollectionLoadContext - 1 collections were found in result set for role: bloodbank.entity.BloodBank.donations
2021-11-19T10:23:44,264|[TRACE] CollectionLoadContext - Ending loading collection [org.hibernate.engine.loading.internal.LoadingCollectionEntry<rs=com.mysql.cj.jdbc.result.ResultSetImpl@25f14e93, coll=[bloodbank.entity.BloodBank.donations#1]>@5e055ce1]
2021-11-19T10:23:44,264|[DEBUG] CollectionLoadContext - Collection fully initialized: [bloodbank.entity.BloodBank.donations#1]
2021-11-19T10:23:44,264|[DEBUG] CollectionLoadContext - 1 collections initialized for role: bloodbank.entity.BloodBank.donations
2021-11-19T10:23:44,264|[TRACE] ResultSetProcessingContextImpl - Skipping create subselects because there are fewer than 2 results, so query by key is more efficient.
2021-11-19T10:23:44,264|[TRACE] ResourceRegistryStandardImpl - Releasing statement [com.mysql.cj.jdbc.ClientPreparedStatement: select donations0_.bank_id as bank_id8_2_0_, donations0_.donation_id as donation1_2_0_, donations0_.donation_id as donation1_2_1_, donations0_.created as created2_2_1_, donations0_.updated as updated3_2_1_, donations0_.version as version4_2_1_, donations0_.bank_id as bank_id8_2_1_, donations0_.blood_group as blood_gr5_2_1_, donations0_.rhd as rhd6_2_1_, donations0_.milliliters as millilit7_2_1_ from blood_donation donations0_ where donations0_.bank_id=1]
2021-11-19T10:23:44,264|[TRACE] ResourceRegistryStandardImpl - Closing result set [com.mysql.cj.jdbc.result.ResultSetImpl@25f14e93]
2021-11-19T10:23:44,264|[TRACE] ResourceRegistryStandardImpl - Closing prepared statement [com.mysql.cj.jdbc.ClientPreparedStatement: select donations0_.bank_id as bank_id8_2_0_, donations0_.donation_id as donation1_2_0_, donations0_.donation_id as donation1_2_1_, donations0_.created as created2_2_1_, donations0_.updated as updated3_2_1_, donations0_.version as version4_2_1_, donations0_.bank_id as bank_id8_2_1_, donations0_.blood_group as blood_gr5_2_1_, donations0_.rhd as rhd6_2_1_, donations0_.milliliters as millilit7_2_1_ from blood_donation donations0_ where donations0_.bank_id=1]
2021-11-19T10:23:44,264|[TRACE] JdbcCoordinatorImpl - Starting after statement execution processing [AFTER_TRANSACTION]
2021-11-19T10:23:44,264|[TRACE] StatefulPersistenceContext - Initializing non-lazy collections
2021-11-19T10:23:44,264|[DEBUG] AbstractLoadPlanBasedCollectionInitializer - Done loading collection
2021-11-19T10:23:44,264|[TRACE] DefaultInitializeCollectionEventListener - Collection initialized
2021-11-19T10:23:44,264|[TRACE] CascadingAction - Cascading to delete: bloodbank.entity.BloodDonation
2021-11-19T10:23:44,264|[TRACE] DefaultDeleteEventListener - Deleting a persistent instance
2021-11-19T10:23:44,264|[TRACE] DefaultDeleteEventListener - Object was already deleted
2021-11-19T10:23:44,264|[TRACE] Cascade - Done cascade ACTION_DELETE for collection: bloodbank.entity.BloodBank.donations
2021-11-19T10:23:44,264|[TRACE] Cascade - Done processing cascade ACTION_DELETE for: bloodbank.entity.PrivateBloodBank
2021-11-19T10:23:44,264|[TRACE] Cascade - Processing cascade ACTION_DELETE for: bloodbank.entity.PrivateBloodBank
2021-11-19T10:23:44,264|[TRACE] Cascade - Done processing cascade ACTION_DELETE for: bloodbank.entity.PrivateBloodBank
2021-11-19T10:23:44,264|[TRACE] Cascade - Done processing cascade ACTION_DELETE for: bloodbank.entity.BloodDonation
2021-11-19T10:23:44,264|[DEBUG] TransactionImpl - committing
2021-11-19T10:23:44,264|[TRACE] JdbcResourceLocalTransactionCoordinatorImpl - ResourceLocalTransactionCoordinatorImpl#beforeCompletionCallback
2021-11-19T10:23:44,264|[TRACE] SessionImpl - SessionImpl#beforeTransactionCompletion()
2021-11-19T10:23:44,264|[TRACE] SessionImpl - Automatically flushing session
2021-11-19T10:23:44,264|[TRACE] AbstractFlushingEventListener - Flushing session
2021-11-19T10:23:44,264|[DEBUG] AbstractFlushingEventListener - Processing flush-time cascades
2021-11-19T10:23:44,264|[TRACE] Cascade - Processing cascade ACTION_PERSIST_ON_FLUSH for: bloodbank.entity.DonationRecord
2021-11-19T10:23:44,264|[TRACE] CascadingAction - Cascading to persist on flush: bloodbank.entity.BloodDonation
2021-11-19T10:23:44,264|[TRACE] EntityState - Deleted instance of: bloodbank.entity.BloodDonation
2021-11-19T10:23:44,264|[TRACE] DefaultPersistEventListener - un-scheduling entity deletion [[bloodbank.entity.BloodDonation#1]]
2021-11-19T10:23:44,264|[TRACE] Cascade - Processing cascade ACTION_PERSIST_ON_FLUSH for: bloodbank.entity.BloodDonation
2021-11-19T10:23:44,264|[TRACE] CascadingAction - Cascading to persist on flush: bloodbank.entity.BloodBank
2021-11-19T10:23:44,264|[TRACE] EntityState - Deleted instance of: bloodbank.entity.BloodBank
2021-11-19T10:23:44,264|[TRACE] DefaultPersistEventListener - un-scheduling entity deletion [[bloodbank.entity.PrivateBloodBank#1]]
2021-11-19T10:23:44,264|[TRACE] Cascade - Processing cascade ACTION_PERSIST_ON_FLUSH for: bloodbank.entity.PrivateBloodBank
2021-11-19T10:23:44,264|[TRACE] Cascade - Done processing cascade ACTION_PERSIST_ON_FLUSH for: bloodbank.entity.PrivateBloodBank
2021-11-19T10:23:44,264|[TRACE] Cascade - Processing cascade ACTION_PERSIST_ON_FLUSH for: bloodbank.entity.PrivateBloodBank
2021-11-19T10:23:44,264|[TRACE] Cascade - Cascade ACTION_PERSIST_ON_FLUSH for collection: bloodbank.entity.BloodBank.donations
2021-11-19T10:23:44,264|[TRACE] CascadingAction - Cascading to persist on flush: bloodbank.entity.BloodDonation
2021-11-19T10:23:44,264|[TRACE] EntityState - Persistent instance of: bloodbank.entity.BloodDonation
2021-11-19T10:23:44,264|[TRACE] DefaultPersistEventListener - Ignoring persistent instance
2021-11-19T10:23:44,264|[TRACE] Cascade - Done cascade ACTION_PERSIST_ON_FLUSH for collection: bloodbank.entity.BloodBank.donations
2021-11-19T10:23:44,264|[TRACE] Cascade - Done processing cascade ACTION_PERSIST_ON_FLUSH for: bloodbank.entity.PrivateBloodBank
2021-11-19T10:23:44,264|[TRACE] Cascade - Done processing cascade ACTION_PERSIST_ON_FLUSH for: bloodbank.entity.BloodDonation
2021-11-19T10:23:44,264|[TRACE] Cascade - Processing cascade ACTION_PERSIST_ON_FLUSH for: bloodbank.entity.BloodDonation
2021-11-19T10:23:44,264|[TRACE] Cascade - Done processing cascade ACTION_PERSIST_ON_FLUSH for: bloodbank.entity.BloodDonation
2021-11-19T10:23:44,264|[TRACE] Cascade - Done processing cascade ACTION_PERSIST_ON_FLUSH for: bloodbank.entity.DonationRecord
2021-11-19T10:23:44,264|[TRACE] Cascade - Processing cascade ACTION_PERSIST_ON_FLUSH for: bloodbank.entity.PrivateBloodBank
2021-11-19T10:23:44,264|[TRACE] Cascade - Cascade ACTION_PERSIST_ON_FLUSH for collection: bloodbank.entity.BloodBank.donations
2021-11-19T10:23:44,264|[TRACE] CascadingAction - Cascading to persist on flush: bloodbank.entity.BloodDonation
2021-11-19T10:23:44,264|[TRACE] EntityState - Persistent instance of: bloodbank.entity.BloodDonation
2021-11-19T10:23:44,264|[TRACE] DefaultPersistEventListener - Ignoring persistent instance
2021-11-19T10:23:44,264|[TRACE] Cascade - Done cascade ACTION_PERSIST_ON_FLUSH for collection: bloodbank.entity.BloodBank.donations
2021-11-19T10:23:44,264|[TRACE] Cascade - Done processing cascade ACTION_PERSIST_ON_FLUSH for: bloodbank.entity.PrivateBloodBank
2021-11-19T10:23:44,264|[DEBUG] AbstractFlushingEventListener - Dirty checking collections
2021-11-19T10:23:44,264|[TRACE] AbstractFlushingEventListener - Flushing entities and processing referenced collections
2021-11-19T10:23:44,265|[DEBUG] Collections - Collection found: [bloodbank.entity.BloodBank.donations#1], was: [bloodbank.entity.BloodBank.donations#1] (initialized)
2021-11-19T10:23:44,265|[TRACE] AbstractFlushingEventListener - Processing unreferenced collections
2021-11-19T10:23:44,265|[TRACE] AbstractFlushingEventListener - Scheduling collection removes/(re)creates/updates
2021-11-19T10:23:44,265|[DEBUG] AbstractFlushingEventListener - Flushed: 0 insertions, 0 updates, 0 deletions to 3 objects
2021-11-19T10:23:44,265|[DEBUG] AbstractFlushingEventListener - Flushed: 0 (re)creations, 0 updates, 0 removals to 1 collections
2021-11-19T10:23:44,265|[DEBUG] EntityPrinter - Listing entities:
2021-11-19T10:23:44,265|[DEBUG] EntityPrinter - bloodbank.entity.BloodDonation{bank=bloodbank.entity.BloodBank#1, record=bloodbank.entity.DonationRecord#1, milliliters=5, id=1, epochCreated=1637335424100, bloodType=component[bloodGroup,rhd]{bloodGroup=AB, rhd=1}, version=0, epochUpdated=1637335424100}
2021-11-19T10:23:44,265|[DEBUG] EntityPrinter - bloodbank.entity.BloodBank{donations=[bloodbank.entity.BloodDonation#1], name=Updated Bank, id=1, epochCreated=1637335424212, version=1, epochUpdated=1637335424100}
2021-11-19T10:23:44,265|[DEBUG] EntityPrinter - bloodbank.entity.DonationRecord{owner=<uninitialized>, tested=1, donation=bloodbank.entity.BloodDonation#1, id=1, epochCreated=1637335424212, version=1, epochUpdated=1637335424099}
2021-11-19T10:23:44,265|[TRACE] AbstractFlushingEventListener - Executing flush
2021-11-19T10:23:44,265|[TRACE] JdbcCoordinatorImpl - Starting after statement execution processing [AFTER_TRANSACTION]
2021-11-19T10:23:44,265|[TRACE] AbstractFlushingEventListener - Post flush
2021-11-19T10:23:44,265|[TRACE] AbstractLogicalConnectionImplementor - LogicalConnection#beforeTransactionCompletion
2021-11-19T10:23:44,265|[TRACE] SynchronizationRegistryStandardImpl - SynchronizationRegistryStandardImpl.notifySynchronizationsBeforeTransactionCompletion
2021-11-19T10:23:44,265|[TRACE] AbstractLogicalConnectionImplementor - Preparing to commit transaction via JDBC Connection.commit()
2021-11-19T10:23:44,265|[TRACE] AbstractLogicalConnectionImplementor - Transaction committed via JDBC Connection.commit()
2021-11-19T10:23:44,265|[TRACE] AbstractLogicalConnectionImplementor - LogicalConnection#afterTransaction
2021-11-19T10:23:44,265|[TRACE] ResourceRegistryStandardImpl - Releasing JDBC resources
2021-11-19T10:23:44,265|[DEBUG] LogicalConnectionManagedImpl - Initiating JDBC connection release from afterTransaction
2021-11-19T10:23:44,266|[TRACE] ResourceRegistryStandardImpl - Releasing JDBC resources
2021-11-19T10:23:44,266|[TRACE] JdbcResourceLocalTransactionCoordinatorImpl - ResourceLocalTransactionCoordinatorImpl#afterCompletionCallback(true)
2021-11-19T10:23:44,266|[TRACE] SynchronizationRegistryStandardImpl - SynchronizationRegistryStandardImpl.notifySynchronizationsAfterTransactionCompletion(3)
2021-11-19T10:23:44,266|[TRACE] AbstractLogicalConnectionImplementor - LogicalConnection#afterTransaction
2021-11-19T10:23:44,266|[TRACE] ResourceRegistryStandardImpl - Releasing JDBC resources
2021-11-19T10:23:44,266|[DEBUG] LogicalConnectionManagedImpl - Initiating JDBC connection release from afterTransaction
2021-11-19T10:23:44,266|[TRACE] SessionImpl - SessionImpl#afterTransactionCompletion(successful=true, delayed=false)
2021-11-19T10:23:44,266|[DEBUG] CriteriaQueryImpl - Rendered criteria query -> select count(generatedAlias0) from BloodDonation as generatedAlias0 where generatedAlias0.id=:id
2021-11-19T10:23:44,266|[TRACE] QueryPlanCache - Located HQL query plan in cache (select count(generatedAlias0) from BloodDonation as generatedAlias0 where generatedAlias0.id=:id)
2021-11-19T10:23:44,266|[TRACE] QueryPlanCache - Located HQL query plan in cache (select count(generatedAlias0) from BloodDonation as generatedAlias0 where generatedAlias0.id=:id)
2021-11-19T10:23:44,266|[TRACE] QueryPlanCache - Located HQL query plan in cache (select count(generatedAlias0) from BloodDonation as generatedAlias0 where generatedAlias0.id=:id)
2021-11-19T10:23:44,266|[TRACE] HQLQueryPlan - Find: select count(generatedAlias0) from BloodDonation as generatedAlias0 where generatedAlias0.id=:id
2021-11-19T10:23:44,266|[TRACE] QueryParameters - Named parameters: {id=1}
2021-11-19T10:23:44,266|[DEBUG] SQL - 
    /* select
        count(generatedAlias0) 
    from
        BloodDonation as generatedAlias0 
    where
        generatedAlias0.id=:id */ select
            count(blooddonat0_.donation_id) as col_0_0_ 
        from
            blood_donation blooddonat0_ 
        where
            blooddonat0_.donation_id=?
2021-11-19T10:23:44,267|[TRACE] ResourceRegistryStandardImpl - Registering statement [com.mysql.cj.jdbc.ClientPreparedStatement: /* select count(generatedAlias0) from BloodDonation as generatedAlias0 where generatedAlias0.id=:id */ select count(blooddonat0_.donation_id) as col_0_0_ from blood_donation blooddonat0_ where blooddonat0_.donation_id=** NOT SPECIFIED **]
2021-11-19T10:23:44,267|[TRACE] JdbcCoordinatorImpl - Registering last query statement [com.mysql.cj.jdbc.ClientPreparedStatement: /* select count(generatedAlias0) from BloodDonation as generatedAlias0 where generatedAlias0.id=:id */ select count(blooddonat0_.donation_id) as col_0_0_ from blood_donation blooddonat0_ where blooddonat0_.donation_id=** NOT SPECIFIED **]
2021-11-19T10:23:44,267|[TRACE] BasicBinder - binding parameter [1] as [INTEGER] - [1]
2021-11-19T10:23:44,267|[TRACE] Loader - Bound [2] parameters total
2021-11-19T10:23:44,267|[TRACE] ResourceRegistryStandardImpl - Registering result set [com.mysql.cj.jdbc.result.ResultSetImpl@3c8758d1]
2021-11-19T10:23:44,268|[TRACE] Loader - Processing result set
2021-11-19T10:23:44,268|[DEBUG] Loader - Result set row: 0
2021-11-19T10:23:44,268|[DEBUG] Loader - Result row: 
2021-11-19T10:23:44,268|[TRACE] BasicExtractor - extracted value ([col_0_0_] : [BIGINT]) - [1]
2021-11-19T10:23:44,268|[TRACE] Loader - Done processing result set (1 rows)
2021-11-19T10:23:44,268|[TRACE] ResourceRegistryStandardImpl - Releasing statement [com.mysql.cj.jdbc.ClientPreparedStatement: /* select count(generatedAlias0) from BloodDonation as generatedAlias0 where generatedAlias0.id=:id */ select count(blooddonat0_.donation_id) as col_0_0_ from blood_donation blooddonat0_ where blooddonat0_.donation_id=1]
2021-11-19T10:23:44,268|[TRACE] ResourceRegistryStandardImpl - Closing result set [com.mysql.cj.jdbc.result.ResultSetImpl@3c8758d1]
2021-11-19T10:23:44,268|[TRACE] ResourceRegistryStandardImpl - Closing prepared statement [com.mysql.cj.jdbc.ClientPreparedStatement: /* select count(generatedAlias0) from BloodDonation as generatedAlias0 where generatedAlias0.id=:id */ select count(blooddonat0_.donation_id) as col_0_0_ from blood_donation blooddonat0_ where blooddonat0_.donation_id=1]
2021-11-19T10:23:44,268|[TRACE] JdbcCoordinatorImpl - Starting after statement execution processing [AFTER_TRANSACTION]
2021-11-19T10:23:44,268|[TRACE] StatefulPersistenceContext - Initializing non-lazy collections
2021-11-19T10:23:44,268|[TRACE] AbstractLogicalConnectionImplementor - LogicalConnection#afterTransaction
2021-11-19T10:23:44,268|[TRACE] ResourceRegistryStandardImpl - Releasing JDBC resources
2021-11-19T10:23:44,268|[DEBUG] LogicalConnectionManagedImpl - Initiating JDBC connection release from afterTransaction
2021-11-19T10:23:44,269|[TRACE] ResourceRegistryStandardImpl - Releasing JDBC resources
2021-11-19T10:23:44,269|[TRACE] SessionImpl - Closing session [d09152e3-f2f8-4cc3-95db-cfacbc0f5fbe]
2021-11-19T10:23:44,269|[TRACE] JdbcCoordinatorImpl - Closing JDBC container [org.hibernate.engine.jdbc.internal.JdbcCoordinatorImpl@166ddfb7]
2021-11-19T10:23:44,269|[TRACE] ResourceRegistryStandardImpl - Releasing JDBC resources
2021-11-19T10:23:44,269|[TRACE] LogicalConnectionManagedImpl - Closing logical connection
2021-11-19T10:23:44,269|[TRACE] LogicalConnectionManagedImpl - Logical connection closed
]]></system-out>
  </testcase>
</testsuite>