<?xml version="1.0" encoding="UTF-8"?>
<testsuite xmlns:xsi="http://www.w3.org/2001/XMLSchema-instance" xsi:noNamespaceSchemaLocation="https://maven.apache.org/surefire/maven-surefire-plugin/xsd/surefire-test-report-3.0.xsd" version="3.0" name="bloodbank.entity.TestCRUDDonationRecord" time="3.9" tests="8" errors="0" skipped="0" failures="0">
  <properties>
    <property name="sun.desktop" value="windows"/>
    <property name="awt.toolkit" value="sun.awt.windows.WToolkit"/>
    <property name="java.specification.version" value="11"/>
    <property name="sun.cpu.isalist" value="amd64"/>
    <property name="sun.jnu.encoding" value="Cp1252"/>
    <property name="java.class.path" value="D:\Computer Programming\Level 4\CST8277_300 Enterprise Application\Assignments\Assignment03\BloodBank-JPA-Mapping-JUnit-Skeleton\BloodBank-JPA-Mapping-JUnit-Skeleton\target\test-classes;C:\Users\simondaxia\.m2\repository\org\junit\jupiter\junit-jupiter\5.7.0\junit-jupiter-5.7.0.jar;C:\Users\simondaxia\.m2\repository\org\junit\jupiter\junit-jupiter-api\5.7.0\junit-jupiter-api-5.7.0.jar;C:\Users\simondaxia\.m2\repository\org\apiguardian\apiguardian-api\1.1.0\apiguardian-api-1.1.0.jar;C:\Users\simondaxia\.m2\repository\org\opentest4j\opentest4j\1.2.0\opentest4j-1.2.0.jar;C:\Users\simondaxia\.m2\repository\org\junit\platform\junit-platform-commons\1.7.0\junit-platform-commons-1.7.0.jar;C:\Users\simondaxia\.m2\repository\org\junit\jupiter\junit-jupiter-params\5.7.0\junit-jupiter-params-5.7.0.jar;C:\Users\simondaxia\.m2\repository\org\junit\jupiter\junit-jupiter-engine\5.7.0\junit-jupiter-engine-5.7.0.jar;C:\Users\simondaxia\.m2\repository\org\junit\platform\junit-platform-engine\1.7.0\junit-platform-engine-1.7.0.jar;C:\Users\simondaxia\.m2\repository\org\hamcrest\hamcrest\2.2\hamcrest-2.2.jar;C:\Users\simondaxia\.m2\repository\org\hamcrest\hamcrest-library\2.2\hamcrest-library-2.2.jar;C:\Users\simondaxia\.m2\repository\org\hamcrest\hamcrest-core\2.2\hamcrest-core-2.2.jar;C:\Users\simondaxia\.m2\repository\org\jboss\logging\jboss-logging\3.4.1.Final\jboss-logging-3.4.1.Final.jar;C:\Users\simondaxia\.m2\repository\org\javassist\javassist\3.27.0-GA\javassist-3.27.0-GA.jar;C:\Users\simondaxia\.m2\repository\net\bytebuddy\byte-buddy\1.10.17\byte-buddy-1.10.17.jar;C:\Users\simondaxia\.m2\repository\antlr\antlr\2.7.7\antlr-2.7.7.jar;C:\Users\simondaxia\.m2\repository\org\jboss\spec\javax\transaction\jboss-transaction-api_1.2_spec\1.1.1.Final\jboss-transaction-api_1.2_spec-1.1.1.Final.jar;C:\Users\simondaxia\.m2\repository\org\jboss\jandex\2.1.3.Final\jandex-2.1.3.Final.jar;C:\Users\simondaxia\.m2\repository\com\fasterxml\classmate\1.5.1\classmate-1.5.1.jar;C:\Users\simondaxia\.m2\repository\javax\activation\javax.activation-api\1.2.0\javax.activation-api-1.2.0.jar;C:\Users\simondaxia\.m2\repository\org\dom4j\dom4j\2.1.3\dom4j-2.1.3.jar;C:\Users\simondaxia\.m2\repository\org\hibernate\common\hibernate-commons-annotations\5.1.2.Final\hibernate-commons-annotations-5.1.2.Final.jar;C:\Users\simondaxia\.m2\repository\javax\xml\bind\jaxb-api\2.3.1\jaxb-api-2.3.1.jar;C:\Users\simondaxia\.m2\repository\org\glassfish\jaxb\jaxb-runtime\2.3.1\jaxb-runtime-2.3.1.jar;C:\Users\simondaxia\.m2\repository\org\glassfish\jaxb\txw2\2.3.1\txw2-2.3.1.jar;C:\Users\simondaxia\.m2\repository\com\sun\istack\istack-commons-runtime\3.0.7\istack-commons-runtime-3.0.7.jar;C:\Users\simondaxia\.m2\repository\org\jvnet\staxex\stax-ex\1.8\stax-ex-1.8.jar;C:\Users\simondaxia\.m2\repository\com\sun\xml\fastinfoset\FastInfoset\1.2.15\FastInfoset-1.2.15.jar;C:\Users\simondaxia\.m2\repository\mysql\mysql-connector-java\8.0.23\mysql-connector-java-8.0.23.jar;C:\Users\simondaxia\.m2\repository\com\google\protobuf\protobuf-java\3.11.4\protobuf-java-3.11.4.jar;"/>
    <property name="java.vm.vendor" value="Amazon.com Inc."/>
    <property name="sun.arch.data.model" value="64"/>
    <property name="user.variant" value=""/>
    <property name="java.vendor.url" value="https://aws.amazon.com/corretto/"/>
    <property name="user.timezone" value="America/New_York"/>
    <property name="java.vm.specification.version" value="11"/>
    <property name="os.name" value="Windows 10"/>
    <property name="sun.java.launcher" value="SUN_STANDARD"/>
    <property name="user.country" value="CA"/>
    <property name="sun.boot.library.path" value="C:\Program Files\Amazon Corretto\jdk11.0.11_9\bin"/>
    <property name="sun.java.command" value="org.apache.maven.surefire.booter.ForkedBooter C:\Users\simondaxia\AppData\Local\Temp\surefire18336507460364361438 2021-11-19T10-23-33_773-jvmRun1 surefire10358599284016281038tmp surefire_028660401499378696tmp"/>
    <property name="jdk.debug" value="release"/>
    <property name="surefire.test.class.path" value="D:\Computer Programming\Level 4\CST8277_300 Enterprise Application\Assignments\Assignment03\BloodBank-JPA-Mapping-JUnit-Skeleton\BloodBank-JPA-Mapping-JUnit-Skeleton\target\test-classes;C:\Users\simondaxia\.m2\repository\org\junit\jupiter\junit-jupiter\5.7.0\junit-jupiter-5.7.0.jar;C:\Users\simondaxia\.m2\repository\org\junit\jupiter\junit-jupiter-api\5.7.0\junit-jupiter-api-5.7.0.jar;C:\Users\simondaxia\.m2\repository\org\apiguardian\apiguardian-api\1.1.0\apiguardian-api-1.1.0.jar;C:\Users\simondaxia\.m2\repository\org\opentest4j\opentest4j\1.2.0\opentest4j-1.2.0.jar;C:\Users\simondaxia\.m2\repository\org\junit\platform\junit-platform-commons\1.7.0\junit-platform-commons-1.7.0.jar;C:\Users\simondaxia\.m2\repository\org\junit\jupiter\junit-jupiter-params\5.7.0\junit-jupiter-params-5.7.0.jar;C:\Users\simondaxia\.m2\repository\org\junit\jupiter\junit-jupiter-engine\5.7.0\junit-jupiter-engine-5.7.0.jar;C:\Users\simondaxia\.m2\repository\org\junit\platform\junit-platform-engine\1.7.0\junit-platform-engine-1.7.0.jar;C:\Users\simondaxia\.m2\repository\org\hamcrest\hamcrest\2.2\hamcrest-2.2.jar;C:\Users\simondaxia\.m2\repository\org\hamcrest\hamcrest-library\2.2\hamcrest-library-2.2.jar;C:\Users\simondaxia\.m2\repository\org\hamcrest\hamcrest-core\2.2\hamcrest-core-2.2.jar;C:\Users\simondaxia\.m2\repository\org\jboss\logging\jboss-logging\3.4.1.Final\jboss-logging-3.4.1.Final.jar;C:\Users\simondaxia\.m2\repository\org\javassist\javassist\3.27.0-GA\javassist-3.27.0-GA.jar;C:\Users\simondaxia\.m2\repository\net\bytebuddy\byte-buddy\1.10.17\byte-buddy-1.10.17.jar;C:\Users\simondaxia\.m2\repository\antlr\antlr\2.7.7\antlr-2.7.7.jar;C:\Users\simondaxia\.m2\repository\org\jboss\spec\javax\transaction\jboss-transaction-api_1.2_spec\1.1.1.Final\jboss-transaction-api_1.2_spec-1.1.1.Final.jar;C:\Users\simondaxia\.m2\repository\org\jboss\jandex\2.1.3.Final\jandex-2.1.3.Final.jar;C:\Users\simondaxia\.m2\repository\com\fasterxml\classmate\1.5.1\classmate-1.5.1.jar;C:\Users\simondaxia\.m2\repository\javax\activation\javax.activation-api\1.2.0\javax.activation-api-1.2.0.jar;C:\Users\simondaxia\.m2\repository\org\dom4j\dom4j\2.1.3\dom4j-2.1.3.jar;C:\Users\simondaxia\.m2\repository\org\hibernate\common\hibernate-commons-annotations\5.1.2.Final\hibernate-commons-annotations-5.1.2.Final.jar;C:\Users\simondaxia\.m2\repository\javax\xml\bind\jaxb-api\2.3.1\jaxb-api-2.3.1.jar;C:\Users\simondaxia\.m2\repository\org\glassfish\jaxb\jaxb-runtime\2.3.1\jaxb-runtime-2.3.1.jar;C:\Users\simondaxia\.m2\repository\org\glassfish\jaxb\txw2\2.3.1\txw2-2.3.1.jar;C:\Users\simondaxia\.m2\repository\com\sun\istack\istack-commons-runtime\3.0.7\istack-commons-runtime-3.0.7.jar;C:\Users\simondaxia\.m2\repository\org\jvnet\staxex\stax-ex\1.8\stax-ex-1.8.jar;C:\Users\simondaxia\.m2\repository\com\sun\xml\fastinfoset\FastInfoset\1.2.15\FastInfoset-1.2.15.jar;C:\Users\simondaxia\.m2\repository\mysql\mysql-connector-java\8.0.23\mysql-connector-java-8.0.23.jar;C:\Users\simondaxia\.m2\repository\com\google\protobuf\protobuf-java\3.11.4\protobuf-java-3.11.4.jar;"/>
    <property name="sun.cpu.endian" value="little"/>
    <property name="user.home" value="C:\Users\simondaxia"/>
    <property name="user.language" value="en"/>
    <property name="java.specification.vendor" value="Oracle Corporation"/>
    <property name="jdk.module.path" value="D:\Computer Programming\Level 4\CST8277_300 Enterprise Application\Assignments\Assignment03\BloodBank-JPA-Mapping-JUnit-Skeleton\BloodBank-JPA-Mapping-JUnit-Skeleton\target\classes;C:\Users\simondaxia\.m2\repository\org\apache\logging\log4j\log4j-api\2.14.0\log4j-api-2.14.0.jar;C:\Users\simondaxia\.m2\repository\org\apache\logging\log4j\log4j-core\2.14.0\log4j-core-2.14.0.jar;C:\Users\simondaxia\.m2\repository\org\hibernate\hibernate-core\5.4.27.Final\hibernate-core-5.4.27.Final.jar;C:\Users\simondaxia\.m2\repository\jakarta\platform\jakarta.jakartaee-api\8.0.0\jakarta.jakartaee-api-8.0.0.jar"/>
    <property name="java.version.date" value="2021-04-20"/>
    <property name="generateReports" value="flase"/>
    <property name="java.home" value="C:\Program Files\Amazon Corretto\jdk11.0.11_9"/>
    <property name="file.separator" value="\"/>
    <property name="basedir" value="D:\Computer Programming\Level 4\CST8277_300 Enterprise Application\Assignments\Assignment03\BloodBank-JPA-Mapping-JUnit-Skeleton\BloodBank-JPA-Mapping-JUnit-Skeleton"/>
    <property name="java.vm.compressedOopsMode" value="32-bit"/>
    <property name="line.separator" value="&#10;"/>
    <property name="java.specification.name" value="Java Platform API Specification"/>
    <property name="java.vm.specification.vendor" value="Oracle Corporation"/>
    <property name="java.awt.graphicsenv" value="sun.awt.Win32GraphicsEnvironment"/>
    <property name="surefire.real.class.path" value="C:\Users\simondaxia\.m2\repository\org\apache\maven\surefire\surefire-booter\3.0.0-M5\surefire-booter-3.0.0-M5.jar;C:\Users\simondaxia\.m2\repository\org\apache\maven\surefire\surefire-api\3.0.0-M5\surefire-api-3.0.0-M5.jar;C:\Users\simondaxia\.m2\repository\org\apache\maven\surefire\surefire-logger-api\3.0.0-M5\surefire-logger-api-3.0.0-M5.jar;C:\Users\simondaxia\.m2\repository\org\apache\maven\surefire\surefire-shared-utils\3.0.0-M4\surefire-shared-utils-3.0.0-M4.jar;C:\Users\simondaxia\.m2\repository\org\apache\maven\surefire\surefire-extensions-spi\3.0.0-M5\surefire-extensions-spi-3.0.0-M5.jar;D:\Computer Programming\Level 4\CST8277_300 Enterprise Application\Assignments\Assignment03\BloodBank-JPA-Mapping-JUnit-Skeleton\BloodBank-JPA-Mapping-JUnit-Skeleton\target\test-classes;C:\Users\simondaxia\.m2\repository\org\junit\jupiter\junit-jupiter\5.7.0\junit-jupiter-5.7.0.jar;C:\Users\simondaxia\.m2\repository\org\junit\jupiter\junit-jupiter-api\5.7.0\junit-jupiter-api-5.7.0.jar;C:\Users\simondaxia\.m2\repository\org\apiguardian\apiguardian-api\1.1.0\apiguardian-api-1.1.0.jar;C:\Users\simondaxia\.m2\repository\org\opentest4j\opentest4j\1.2.0\opentest4j-1.2.0.jar;C:\Users\simondaxia\.m2\repository\org\junit\platform\junit-platform-commons\1.7.0\junit-platform-commons-1.7.0.jar;C:\Users\simondaxia\.m2\repository\org\junit\jupiter\junit-jupiter-params\5.7.0\junit-jupiter-params-5.7.0.jar;C:\Users\simondaxia\.m2\repository\org\junit\jupiter\junit-jupiter-engine\5.7.0\junit-jupiter-engine-5.7.0.jar;C:\Users\simondaxia\.m2\repository\org\junit\platform\junit-platform-engine\1.7.0\junit-platform-engine-1.7.0.jar;C:\Users\simondaxia\.m2\repository\org\hamcrest\hamcrest\2.2\hamcrest-2.2.jar;C:\Users\simondaxia\.m2\repository\org\hamcrest\hamcrest-library\2.2\hamcrest-library-2.2.jar;C:\Users\simondaxia\.m2\repository\org\hamcrest\hamcrest-core\2.2\hamcrest-core-2.2.jar;C:\Users\simondaxia\.m2\repository\org\jboss\logging\jboss-logging\3.4.1.Final\jboss-logging-3.4.1.Final.jar;C:\Users\simondaxia\.m2\repository\org\javassist\javassist\3.27.0-GA\javassist-3.27.0-GA.jar;C:\Users\simondaxia\.m2\repository\net\bytebuddy\byte-buddy\1.10.17\byte-buddy-1.10.17.jar;C:\Users\simondaxia\.m2\repository\antlr\antlr\2.7.7\antlr-2.7.7.jar;C:\Users\simondaxia\.m2\repository\org\jboss\spec\javax\transaction\jboss-transaction-api_1.2_spec\1.1.1.Final\jboss-transaction-api_1.2_spec-1.1.1.Final.jar;C:\Users\simondaxia\.m2\repository\org\jboss\jandex\2.1.3.Final\jandex-2.1.3.Final.jar;C:\Users\simondaxia\.m2\repository\com\fasterxml\classmate\1.5.1\classmate-1.5.1.jar;C:\Users\simondaxia\.m2\repository\javax\activation\javax.activation-api\1.2.0\javax.activation-api-1.2.0.jar;C:\Users\simondaxia\.m2\repository\org\dom4j\dom4j\2.1.3\dom4j-2.1.3.jar;C:\Users\simondaxia\.m2\repository\org\hibernate\common\hibernate-commons-annotations\5.1.2.Final\hibernate-commons-annotations-5.1.2.Final.jar;C:\Users\simondaxia\.m2\repository\javax\xml\bind\jaxb-api\2.3.1\jaxb-api-2.3.1.jar;C:\Users\simondaxia\.m2\repository\org\glassfish\jaxb\jaxb-runtime\2.3.1\jaxb-runtime-2.3.1.jar;C:\Users\simondaxia\.m2\repository\org\glassfish\jaxb\txw2\2.3.1\txw2-2.3.1.jar;C:\Users\simondaxia\.m2\repository\com\sun\istack\istack-commons-runtime\3.0.7\istack-commons-runtime-3.0.7.jar;C:\Users\simondaxia\.m2\repository\org\jvnet\staxex\stax-ex\1.8\stax-ex-1.8.jar;C:\Users\simondaxia\.m2\repository\com\sun\xml\fastinfoset\FastInfoset\1.2.15\FastInfoset-1.2.15.jar;C:\Users\simondaxia\.m2\repository\mysql\mysql-connector-java\8.0.23\mysql-connector-java-8.0.23.jar;C:\Users\simondaxia\.m2\repository\com\google\protobuf\protobuf-java\3.11.4\protobuf-java-3.11.4.jar;C:\Users\simondaxia\.m2\repository\org\apache\maven\surefire\surefire-junit-platform\3.0.0-M5\surefire-junit-platform-3.0.0-M5.jar;C:\Users\simondaxia\.m2\repository\org\apache\maven\surefire\common-java5\3.0.0-M5\common-java5-3.0.0-M5.jar;C:\Users\simondaxia\.m2\repository\org\junit\platform\junit-platform-launcher\1.7.0\junit-platform-launcher-1.7.0.jar"/>
    <property name="user.script" value=""/>
    <property name="sun.management.compiler" value="HotSpot 64-Bit Tiered Compilers"/>
    <property name="java.runtime.version" value="11.0.11+9-LTS"/>
    <property name="user.name" value="simondaxia"/>
    <property name="path.separator" value=";"/>
    <property name="os.version" value="10.0"/>
    <property name="java.runtime.name" value="OpenJDK Runtime Environment"/>
    <property name="file.encoding" value="Cp1252"/>
    <property name="java.vm.name" value="OpenJDK 64-Bit Server VM"/>
    <property name="java.vendor.version" value="Corretto-11.0.11.9.1"/>
    <property name="localRepository" value="C:\Users\simondaxia\.m2\repository"/>
    <property name="java.vendor.url.bug" value="https://github.com/corretto/corretto-11/issues/"/>
    <property name="java.io.tmpdir" value="C:\Users\SIMOND~1\AppData\Local\Temp\"/>
    <property name="java.version" value="11.0.11"/>
    <property name="user.dir" value="D:\Computer Programming\Level 4\CST8277_300 Enterprise Application\Assignments\Assignment03\BloodBank-JPA-Mapping-JUnit-Skeleton\BloodBank-JPA-Mapping-JUnit-Skeleton"/>
    <property name="os.arch" value="amd64"/>
    <property name="java.vm.specification.name" value="Java Virtual Machine Specification"/>
    <property name="java.awt.printerjob" value="sun.awt.windows.WPrinterJob"/>
    <property name="sun.os.patch.level" value=""/>
    <property name="java.library.path" value="C:\Program Files\Amazon Corretto\jdk11.0.11_9\bin;C:\WINDOWS\Sun\Java\bin;C:\WINDOWS\system32;C:\WINDOWS;C:/Program Files/Amazon Corretto/jdk11.0.11_9/bin/server;C:/Program Files/Amazon Corretto/jdk11.0.11_9/bin;D:\Python39\Scripts\;D:\Python39\;D:\app\simondaxia\product\12.1.0\bin;D:\app\simondaxia\product\12.1.0\dbhome_1\bin;D:\app\simondaxia\product\12.1.0\dbhome_2\bin;C:\Program Files\Amazon Corretto\jdk11.0.11_9\bin;D:\oraclexe\app\oracle\product\11.2.0\server\bin;;C:\AmazonCorretto\jdk11.0.8_10\bin;C:\Program Files (x86)\Common Files\Oracle\Java\javapath;C:\Program Files (x86)\Intel\Intel(R) Management Engine Components\iCLS\;C:\Program Files\Intel\Intel(R) Management Engine Components\iCLS\;C:\Windows\system32;C:\Windows;C:\Windows\System32\Wbem;C:\Windows\System32\WindowsPowerShell\v1.0\;C:\Windows\System32\OpenSSH\;C:\Program Files (x86)\Intel\Intel(R) Management Engine Components\DAL;C:\Program Files\Intel\Intel(R) Management Engine Components\DAL;C:\Program Files (x86)\Intel\Intel(R) Management Engine Components\IPT;C:\Program Files\Intel\Intel(R) Management Engine Components\IPT;C:\Program Files (x86)\NVIDIA Corporation\PhysX\Common;C:\Program Files\Intel\WiFi\bin\;C:\Program Files\Common Files\Intel\WirelessCommon\;C:\WINDOWS\system32;C:\WINDOWS;C:\WINDOWS\System32\Wbem;C:\WINDOWS\System32\WindowsPowerShell\v1.0\;C:\WINDOWS\System32\OpenSSH\;C:\Program Files (x86)\pgmodeler;C:\Program Files\Git\cmd;C:\Users\simondaxia\AppData\Local\Microsoft\WindowsApps;C:\Program Files\Java\jdk1.8.0_271\bin;C:\Program Files\Microsoft SQL Server\Client SDK\ODBC\130\Tools\Binn\;C:\Program Files (x86)\Microsoft SQL Server\140\Tools\Binn\;C:\Program Files\Microsoft SQL Server\140\Tools\Binn\;C:\Program Files\Microsoft SQL Server\140\DTS\Binn\;C:\Program Files (x86)\Microsoft SQL Server\150\DTS\Binn\;C:\Program Files\Azure Data Studio\bin;C:\Users\simondaxia\AppData\Local\Microsoft\WindowsApps;;D:\Microsoft VS Code\bin;C:\Program Files\Azure Data Studio\bin;D:\JetBrains\PyCharm Community Edition 2021.2.2\bin;;D:\Programs\mongosh\;C:\Users\simondaxia\Desktop;;."/>
    <property name="java.vm.info" value="mixed mode"/>
    <property name="java.vendor" value="Amazon.com Inc."/>
    <property name="java.vm.version" value="11.0.11+9-LTS"/>
    <property name="sun.io.unicode.encoding" value="UnicodeLittle"/>
    <property name="java.class.version" value="55.0"/>
  </properties>
  <testcase name="testEmpty" classname="bloodbank.entity.TestCRUDDonationRecord" time="0.005">
    <system-out><![CDATA[2021-11-19T10:23:48,515|[TRACE] HibernatePersistenceProvider - Starting createEntityManagerFactory for persistenceUnitName bloodbank-PU
2021-11-19T10:23:48,515|[TRACE] HibernatePersistenceProvider - Attempting to obtain correct EntityManagerFactoryBuilder for persistenceUnitName : bloodbank-PU
2021-11-19T10:23:48,516|[TRACE] PersistenceXmlParser - Attempting to parse persistence.xml file : file:/D:/Computer%20Programming/Level%204/CST8277_300%20Enterprise%20Application/Assignments/Assignment03/BloodBank-JPA-Mapping-JUnit-Skeleton/BloodBank-JPA-Mapping-JUnit-Skeleton/target/classes/META-INF/persistence.xml
2021-11-19T10:23:48,521|[TRACE] ArchiveHelper - JAR URL from URL Entry: file:/D:/Computer%20Programming/Level%204/CST8277_300%20Enterprise%20Application/Assignments/Assignment03/BloodBank-JPA-Mapping-JUnit-Skeleton/BloodBank-JPA-Mapping-JUnit-Skeleton/target/classes/META-INF/persistence.xml >> file:/D:/Computer%20Programming/Level%204/CST8277_300%20Enterprise%20Application/Assignments/Assignment03/BloodBank-JPA-Mapping-JUnit-Skeleton/BloodBank-JPA-Mapping-JUnit-Skeleton/target/classes
2021-11-19T10:23:48,521|[TRACE] PersistenceXmlParser - Persistence unit name from persistence.xml : bloodbank-PU
2021-11-19T10:23:48,521|[DEBUG] HibernatePersistenceProvider - Located and parsed 1 persistence units; checking each
2021-11-19T10:23:48,521|[DEBUG] HibernatePersistenceProvider - Checking persistence-unit [name=bloodbank-PU, explicit-provider=org.hibernate.jpa.HibernatePersistenceProvider] against incoming persistence unit name [bloodbank-PU]
2021-11-19T10:23:48,521|[DEBUG] ProviderChecker - Persistence-unit [bloodbank-PU] requested PersistenceProvider [org.hibernate.jpa.HibernatePersistenceProvider]
2021-11-19T10:23:48,521|[TRACE] ProviderChecker - Checking requested PersistenceProvider name [org.hibernate.jpa.HibernatePersistenceProvider] against Hibernate provider names
2021-11-19T10:23:48,521|[DEBUG] LogHelper - PersistenceUnitInfo [
	name: bloodbank-PU
	persistence provider classname: org.hibernate.jpa.HibernatePersistenceProvider
	classloader: null
	excludeUnlistedClasses: false
	JTA datasource: null
	Non JTA datasource: null
	Transaction type: RESOURCE_LOCAL
	PU root URL: file:/D:/Computer%20Programming/Level%204/CST8277_300%20Enterprise%20Application/Assignments/Assignment03/BloodBank-JPA-Mapping-JUnit-Skeleton/BloodBank-JPA-Mapping-JUnit-Skeleton/target/classes
	Shared Cache Mode: null
	Validation Mode: null
	Jar files URLs []
	Managed classes names []
	Mapping files names []
	Properties [
		javax.persistence.schema-generation.drop-source: script
		hibernate.use_sql_comments: true
		javax.persistence.schema-generation.drop-script-source: META-INF/sql/bloodbank-drop.sql
		hibernate.hbm2ddl.import_files_sql_extractor: org.hibernate.tool.hbm2ddl.MultipleLinesSqlCommandExtractor
		javax.persistence.jdbc.user: cst8277
		javax.persistence.schema-generation.create-source: script
		hibernate.dialect: org.hibernate.dialect.MySQL8Dialect
		javax.persistence.jdbc.url: jdbc:mysql://localhost:3306/bloodbank?createDatabaseIfNotExist=true&zeroDateTimeBehavior=convertToNull
		javax.persistence.schema-generation.create-script-source: META-INF/sql/bloodbank-create.sql
		javax.persistence.jdbc.driver: com.mysql.cj.jdbc.Driver
		hibernate.format_sql: true
		javax.persistence.jdbc.password: 8277
		javax.persistence.schema-generation.database.action: drop-and-create]
2021-11-19T10:23:48,522|[DEBUG] IntegratorServiceImpl - Adding Integrator [org.hibernate.cfg.beanvalidation.BeanValidationIntegrator].
2021-11-19T10:23:48,522|[DEBUG] IntegratorServiceImpl - Adding Integrator [org.hibernate.secure.spi.JaccIntegrator].
2021-11-19T10:23:48,522|[DEBUG] IntegratorServiceImpl - Adding Integrator [org.hibernate.cache.internal.CollectionCacheInvalidator].
2021-11-19T10:23:48,522|[TRACE] StrategySelectorImpl - Registering named strategy selector [org.hibernate.resource.transaction.spi.TransactionCoordinatorBuilder] : [jdbc] -> [org.hibernate.resource.transaction.backend.jdbc.internal.JdbcResourceLocalTransactionCoordinatorBuilderImpl]
2021-11-19T10:23:48,522|[TRACE] StrategySelectorImpl - Registering named strategy selector [org.hibernate.resource.transaction.spi.TransactionCoordinatorBuilder] : [jta] -> [org.hibernate.resource.transaction.backend.jta.internal.JtaTransactionCoordinatorBuilderImpl]
2021-11-19T10:23:48,522|[TRACE] StrategySelectorImpl - Registering named strategy selector [org.hibernate.resource.transaction.spi.TransactionCoordinatorBuilder] : [org.hibernate.transaction.JDBCTransactionFactory] -> [org.hibernate.resource.transaction.backend.jdbc.internal.JdbcResourceLocalTransactionCoordinatorBuilderImpl]
2021-11-19T10:23:48,522|[TRACE] StrategySelectorImpl - Registering named strategy selector [org.hibernate.resource.transaction.spi.TransactionCoordinatorBuilder] : [org.hibernate.transaction.JTATransactionFactory] -> [org.hibernate.resource.transaction.backend.jta.internal.JtaTransactionCoordinatorBuilderImpl]
2021-11-19T10:23:48,522|[TRACE] StrategySelectorImpl - Registering named strategy selector [org.hibernate.resource.transaction.spi.TransactionCoordinatorBuilder] : [org.hibernate.transaction.CMTTransactionFactory] -> [org.hibernate.resource.transaction.backend.jta.internal.JtaTransactionCoordinatorBuilderImpl]
2021-11-19T10:23:48,522|[TRACE] StrategySelectorImpl - Registering named strategy selector [org.hibernate.hql.spi.id.MultiTableBulkIdStrategy] : [persistent] -> [org.hibernate.hql.spi.id.persistent.PersistentTableBulkIdStrategy]
2021-11-19T10:23:48,522|[TRACE] StrategySelectorImpl - Registering named strategy selector [org.hibernate.hql.spi.id.MultiTableBulkIdStrategy] : [global_temporary] -> [org.hibernate.hql.spi.id.global.GlobalTemporaryTableBulkIdStrategy]
2021-11-19T10:23:48,522|[TRACE] StrategySelectorImpl - Registering named strategy selector [org.hibernate.hql.spi.id.MultiTableBulkIdStrategy] : [local_temporary] -> [org.hibernate.hql.spi.id.local.LocalTemporaryTableBulkIdStrategy]
2021-11-19T10:23:48,522|[TRACE] StrategySelectorImpl - Registering named strategy selector [org.hibernate.boot.model.naming.ImplicitNamingStrategy] : [default] -> [org.hibernate.boot.model.naming.ImplicitNamingStrategyJpaCompliantImpl]
2021-11-19T10:23:48,522|[TRACE] StrategySelectorImpl - Registering named strategy selector [org.hibernate.boot.model.naming.ImplicitNamingStrategy] : [jpa] -> [org.hibernate.boot.model.naming.ImplicitNamingStrategyJpaCompliantImpl]
2021-11-19T10:23:48,522|[TRACE] StrategySelectorImpl - Registering named strategy selector [org.hibernate.boot.model.naming.ImplicitNamingStrategy] : [legacy-jpa] -> [org.hibernate.boot.model.naming.ImplicitNamingStrategyLegacyJpaImpl]
2021-11-19T10:23:48,522|[TRACE] StrategySelectorImpl - Registering named strategy selector [org.hibernate.boot.model.naming.ImplicitNamingStrategy] : [legacy-hbm] -> [org.hibernate.boot.model.naming.ImplicitNamingStrategyLegacyHbmImpl]
2021-11-19T10:23:48,522|[TRACE] StrategySelectorImpl - Registering named strategy selector [org.hibernate.boot.model.naming.ImplicitNamingStrategy] : [component-path] -> [org.hibernate.boot.model.naming.ImplicitNamingStrategyComponentPathImpl]
2021-11-19T10:23:48,522|[TRACE] StrategySelectorImpl - Registering named strategy selector [org.hibernate.cache.spi.CacheKeysFactory] : [default] -> [org.hibernate.cache.internal.DefaultCacheKeysFactory]
2021-11-19T10:23:48,522|[TRACE] StrategySelectorImpl - Registering named strategy selector [org.hibernate.cache.spi.CacheKeysFactory] : [simple] -> [org.hibernate.cache.internal.SimpleCacheKeysFactory]
2021-11-19T10:23:48,524|[DEBUG] ServiceBinding - Overriding existing service binding [org.hibernate.secure.spi.JaccService]
2021-11-19T10:23:48,524|[TRACE] AbstractServiceRegistryImpl - Initializing service [role=org.hibernate.engine.config.spi.ConfigurationService]
2021-11-19T10:23:48,524|[TRACE] AbstractServiceRegistryImpl - Initializing service [role=org.hibernate.cache.spi.RegionFactory]
2021-11-19T10:23:48,524|[DEBUG] RegionFactoryInitiator - Cannot default RegionFactory based on registered strategies as `[]` RegionFactory strategies were registered
2021-11-19T10:23:48,524|[DEBUG] RegionFactoryInitiator - Cache region factory : org.hibernate.cache.internal.NoCachingRegionFactory
2021-11-19T10:23:48,524|[DEBUG] BasicTypeRegistry - Adding type registration boolean -> org.hibernate.type.BooleanType@7351a16e
2021-11-19T10:23:48,524|[DEBUG] BasicTypeRegistry - Adding type registration boolean -> org.hibernate.type.BooleanType@7351a16e
2021-11-19T10:23:48,524|[DEBUG] BasicTypeRegistry - Adding type registration java.lang.Boolean -> org.hibernate.type.BooleanType@7351a16e
2021-11-19T10:23:48,524|[DEBUG] BasicTypeRegistry - Adding type registration numeric_boolean -> org.hibernate.type.NumericBooleanType@3ed0918d
2021-11-19T10:23:48,524|[DEBUG] BasicTypeRegistry - Adding type registration true_false -> org.hibernate.type.TrueFalseType@3c0fbd3a
2021-11-19T10:23:48,524|[DEBUG] BasicTypeRegistry - Adding type registration yes_no -> org.hibernate.type.YesNoType@5b12012e
2021-11-19T10:23:48,524|[DEBUG] BasicTypeRegistry - Adding type registration byte -> org.hibernate.type.ByteType@2b4786dd
2021-11-19T10:23:48,524|[DEBUG] BasicTypeRegistry - Adding type registration byte -> org.hibernate.type.ByteType@2b4786dd
2021-11-19T10:23:48,524|[DEBUG] BasicTypeRegistry - Adding type registration java.lang.Byte -> org.hibernate.type.ByteType@2b4786dd
2021-11-19T10:23:48,524|[DEBUG] BasicTypeRegistry - Adding type registration character -> org.hibernate.type.CharacterType@1f38957
2021-11-19T10:23:48,524|[DEBUG] BasicTypeRegistry - Adding type registration char -> org.hibernate.type.CharacterType@1f38957
2021-11-19T10:23:48,524|[DEBUG] BasicTypeRegistry - Adding type registration java.lang.Character -> org.hibernate.type.CharacterType@1f38957
2021-11-19T10:23:48,524|[DEBUG] BasicTypeRegistry - Adding type registration short -> org.hibernate.type.ShortType@6136998b
2021-11-19T10:23:48,524|[DEBUG] BasicTypeRegistry - Adding type registration short -> org.hibernate.type.ShortType@6136998b
2021-11-19T10:23:48,524|[DEBUG] BasicTypeRegistry - Adding type registration java.lang.Short -> org.hibernate.type.ShortType@6136998b
2021-11-19T10:23:48,524|[DEBUG] BasicTypeRegistry - Adding type registration integer -> org.hibernate.type.IntegerType@6892cc6f
2021-11-19T10:23:48,524|[DEBUG] BasicTypeRegistry - Adding type registration int -> org.hibernate.type.IntegerType@6892cc6f
2021-11-19T10:23:48,524|[DEBUG] BasicTypeRegistry - Adding type registration java.lang.Integer -> org.hibernate.type.IntegerType@6892cc6f
2021-11-19T10:23:48,524|[DEBUG] BasicTypeRegistry - Adding type registration long -> org.hibernate.type.LongType@ae7950d
2021-11-19T10:23:48,524|[DEBUG] BasicTypeRegistry - Adding type registration long -> org.hibernate.type.LongType@ae7950d
2021-11-19T10:23:48,524|[DEBUG] BasicTypeRegistry - Adding type registration java.lang.Long -> org.hibernate.type.LongType@ae7950d
2021-11-19T10:23:48,524|[DEBUG] BasicTypeRegistry - Adding type registration float -> org.hibernate.type.FloatType@4dafba3e
2021-11-19T10:23:48,524|[DEBUG] BasicTypeRegistry - Adding type registration float -> org.hibernate.type.FloatType@4dafba3e
2021-11-19T10:23:48,524|[DEBUG] BasicTypeRegistry - Adding type registration java.lang.Float -> org.hibernate.type.FloatType@4dafba3e
2021-11-19T10:23:48,524|[DEBUG] BasicTypeRegistry - Adding type registration double -> org.hibernate.type.DoubleType@676ff3b0
2021-11-19T10:23:48,524|[DEBUG] BasicTypeRegistry - Adding type registration double -> org.hibernate.type.DoubleType@676ff3b0
2021-11-19T10:23:48,524|[DEBUG] BasicTypeRegistry - Adding type registration java.lang.Double -> org.hibernate.type.DoubleType@676ff3b0
2021-11-19T10:23:48,524|[DEBUG] BasicTypeRegistry - Adding type registration big_decimal -> org.hibernate.type.BigDecimalType@65bcf7c2
2021-11-19T10:23:48,524|[DEBUG] BasicTypeRegistry - Adding type registration java.math.BigDecimal -> org.hibernate.type.BigDecimalType@65bcf7c2
2021-11-19T10:23:48,524|[DEBUG] BasicTypeRegistry - Adding type registration big_integer -> org.hibernate.type.BigIntegerType@232cce0
2021-11-19T10:23:48,524|[DEBUG] BasicTypeRegistry - Adding type registration java.math.BigInteger -> org.hibernate.type.BigIntegerType@232cce0
2021-11-19T10:23:48,524|[DEBUG] BasicTypeRegistry - Adding type registration string -> org.hibernate.type.StringType@7fc645e4
2021-11-19T10:23:48,524|[DEBUG] BasicTypeRegistry - Adding type registration java.lang.String -> org.hibernate.type.StringType@7fc645e4
2021-11-19T10:23:48,524|[DEBUG] BasicTypeRegistry - Adding type registration nstring -> org.hibernate.type.StringNVarcharType@719843e5
2021-11-19T10:23:48,524|[DEBUG] BasicTypeRegistry - Adding type registration ncharacter -> org.hibernate.type.CharacterNCharType@3104f7bd
2021-11-19T10:23:48,524|[DEBUG] BasicTypeRegistry - Adding type registration url -> org.hibernate.type.UrlType@6d171ce0
2021-11-19T10:23:48,524|[DEBUG] BasicTypeRegistry - Adding type registration java.net.URL -> org.hibernate.type.UrlType@6d171ce0
2021-11-19T10:23:48,524|[DEBUG] BasicTypeRegistry - Adding type registration Duration -> org.hibernate.type.DurationType@57b75756
2021-11-19T10:23:48,524|[DEBUG] BasicTypeRegistry - Adding type registration java.time.Duration -> org.hibernate.type.DurationType@57b75756
2021-11-19T10:23:48,524|[DEBUG] BasicTypeRegistry - Adding type registration Instant -> org.hibernate.type.InstantType@3b36e000
2021-11-19T10:23:48,524|[DEBUG] BasicTypeRegistry - Adding type registration java.time.Instant -> org.hibernate.type.InstantType@3b36e000
2021-11-19T10:23:48,524|[DEBUG] BasicTypeRegistry - Adding type registration LocalDateTime -> org.hibernate.type.LocalDateTimeType@3fae596
2021-11-19T10:23:48,524|[DEBUG] BasicTypeRegistry - Adding type registration java.time.LocalDateTime -> org.hibernate.type.LocalDateTimeType@3fae596
2021-11-19T10:23:48,524|[DEBUG] BasicTypeRegistry - Adding type registration LocalDate -> org.hibernate.type.LocalDateType@7f829c76
2021-11-19T10:23:48,524|[DEBUG] BasicTypeRegistry - Adding type registration java.time.LocalDate -> org.hibernate.type.LocalDateType@7f829c76
2021-11-19T10:23:48,524|[DEBUG] BasicTypeRegistry - Adding type registration LocalTime -> org.hibernate.type.LocalTimeType@6ae7deac
2021-11-19T10:23:48,524|[DEBUG] BasicTypeRegistry - Adding type registration java.time.LocalTime -> org.hibernate.type.LocalTimeType@6ae7deac
2021-11-19T10:23:48,524|[DEBUG] BasicTypeRegistry - Adding type registration OffsetDateTime -> org.hibernate.type.OffsetDateTimeType@21fdfefc
2021-11-19T10:23:48,524|[DEBUG] BasicTypeRegistry - Adding type registration java.time.OffsetDateTime -> org.hibernate.type.OffsetDateTimeType@21fdfefc
2021-11-19T10:23:48,524|[DEBUG] BasicTypeRegistry - Adding type registration OffsetTime -> org.hibernate.type.OffsetTimeType@108bdbd8
2021-11-19T10:23:48,524|[DEBUG] BasicTypeRegistry - Adding type registration java.time.OffsetTime -> org.hibernate.type.OffsetTimeType@108bdbd8
2021-11-19T10:23:48,524|[DEBUG] BasicTypeRegistry - Adding type registration ZonedDateTime -> org.hibernate.type.ZonedDateTimeType@54aca26f
2021-11-19T10:23:48,524|[DEBUG] BasicTypeRegistry - Adding type registration java.time.ZonedDateTime -> org.hibernate.type.ZonedDateTimeType@54aca26f
2021-11-19T10:23:48,524|[DEBUG] BasicTypeRegistry - Adding type registration date -> org.hibernate.type.DateType@528f8f8b
2021-11-19T10:23:48,524|[DEBUG] BasicTypeRegistry - Adding type registration java.sql.Date -> org.hibernate.type.DateType@528f8f8b
2021-11-19T10:23:48,524|[DEBUG] BasicTypeRegistry - Adding type registration time -> org.hibernate.type.TimeType@234a8f27
2021-11-19T10:23:48,524|[DEBUG] BasicTypeRegistry - Adding type registration java.sql.Time -> org.hibernate.type.TimeType@234a8f27
2021-11-19T10:23:48,524|[DEBUG] BasicTypeRegistry - Adding type registration timestamp -> org.hibernate.type.TimestampType@2f61f937
2021-11-19T10:23:48,524|[DEBUG] BasicTypeRegistry - Adding type registration java.sql.Timestamp -> org.hibernate.type.TimestampType@2f61f937
2021-11-19T10:23:48,524|[DEBUG] BasicTypeRegistry - Adding type registration java.util.Date -> org.hibernate.type.TimestampType@2f61f937
2021-11-19T10:23:48,524|[DEBUG] BasicTypeRegistry - Adding type registration dbtimestamp -> org.hibernate.type.DbTimestampType@369c9bb
2021-11-19T10:23:48,524|[DEBUG] BasicTypeRegistry - Adding type registration calendar -> org.hibernate.type.CalendarType@7d37f1c
2021-11-19T10:23:48,525|[DEBUG] BasicTypeRegistry - Adding type registration java.util.Calendar -> org.hibernate.type.CalendarType@7d37f1c
2021-11-19T10:23:48,525|[DEBUG] BasicTypeRegistry - Adding type registration java.util.GregorianCalendar -> org.hibernate.type.CalendarType@7d37f1c
2021-11-19T10:23:48,525|[DEBUG] BasicTypeRegistry - Adding type registration calendar_date -> org.hibernate.type.CalendarDateType@6cf31447
2021-11-19T10:23:48,525|[DEBUG] BasicTypeRegistry - Adding type registration calendar_time -> org.hibernate.type.CalendarTimeType@6f7e336b
2021-11-19T10:23:48,525|[DEBUG] BasicTypeRegistry - Adding type registration locale -> org.hibernate.type.LocaleType@1f966492
2021-11-19T10:23:48,525|[DEBUG] BasicTypeRegistry - Adding type registration java.util.Locale -> org.hibernate.type.LocaleType@1f966492
2021-11-19T10:23:48,525|[DEBUG] BasicTypeRegistry - Adding type registration currency -> org.hibernate.type.CurrencyType@2063c53e
2021-11-19T10:23:48,525|[DEBUG] BasicTypeRegistry - Adding type registration java.util.Currency -> org.hibernate.type.CurrencyType@2063c53e
2021-11-19T10:23:48,525|[DEBUG] BasicTypeRegistry - Adding type registration timezone -> org.hibernate.type.TimeZoneType@24e08d59
2021-11-19T10:23:48,525|[DEBUG] BasicTypeRegistry - Adding type registration java.util.TimeZone -> org.hibernate.type.TimeZoneType@24e08d59
2021-11-19T10:23:48,525|[DEBUG] BasicTypeRegistry - Adding type registration class -> org.hibernate.type.ClassType@16ade133
2021-11-19T10:23:48,525|[DEBUG] BasicTypeRegistry - Adding type registration java.lang.Class -> org.hibernate.type.ClassType@16ade133
2021-11-19T10:23:48,525|[DEBUG] BasicTypeRegistry - Adding type registration uuid-binary -> org.hibernate.type.UUIDBinaryType@1a28aef1
2021-11-19T10:23:48,525|[DEBUG] BasicTypeRegistry - Adding type registration java.util.UUID -> org.hibernate.type.UUIDBinaryType@1a28aef1
2021-11-19T10:23:48,525|[DEBUG] BasicTypeRegistry - Adding type registration uuid-char -> org.hibernate.type.UUIDCharType@6a9b0a6f
2021-11-19T10:23:48,525|[DEBUG] BasicTypeRegistry - Adding type registration binary -> org.hibernate.type.BinaryType@4b54af3d
2021-11-19T10:23:48,525|[DEBUG] BasicTypeRegistry - Adding type registration byte[] -> org.hibernate.type.BinaryType@4b54af3d
2021-11-19T10:23:48,525|[DEBUG] BasicTypeRegistry - Adding type registration [B -> org.hibernate.type.BinaryType@4b54af3d
2021-11-19T10:23:48,525|[DEBUG] BasicTypeRegistry - Adding type registration wrapper-binary -> org.hibernate.type.WrapperBinaryType@2116b68b
2021-11-19T10:23:48,525|[DEBUG] BasicTypeRegistry - Adding type registration Byte[] -> org.hibernate.type.WrapperBinaryType@2116b68b
2021-11-19T10:23:48,525|[DEBUG] BasicTypeRegistry - Adding type registration [Ljava.lang.Byte; -> org.hibernate.type.WrapperBinaryType@2116b68b
2021-11-19T10:23:48,525|[DEBUG] BasicTypeRegistry - Adding type registration row_version -> org.hibernate.type.RowVersionType@3e1624c7
2021-11-19T10:23:48,525|[DEBUG] BasicTypeRegistry - Adding type registration image -> org.hibernate.type.ImageType@48535004
2021-11-19T10:23:48,525|[DEBUG] BasicTypeRegistry - Adding type registration characters -> org.hibernate.type.CharArrayType@1aa99005
2021-11-19T10:23:48,525|[DEBUG] BasicTypeRegistry - Adding type registration char[] -> org.hibernate.type.CharArrayType@1aa99005
2021-11-19T10:23:48,525|[DEBUG] BasicTypeRegistry - Adding type registration [C -> org.hibernate.type.CharArrayType@1aa99005
2021-11-19T10:23:48,525|[DEBUG] BasicTypeRegistry - Adding type registration wrapper-characters -> org.hibernate.type.CharacterArrayType@33b082c5
2021-11-19T10:23:48,525|[DEBUG] BasicTypeRegistry - Adding type registration [Ljava.lang.Character; -> org.hibernate.type.CharacterArrayType@33b082c5
2021-11-19T10:23:48,525|[DEBUG] BasicTypeRegistry - Adding type registration Character[] -> org.hibernate.type.CharacterArrayType@33b082c5
2021-11-19T10:23:48,525|[DEBUG] BasicTypeRegistry - Adding type registration text -> org.hibernate.type.TextType@3bead518
2021-11-19T10:23:48,525|[DEBUG] BasicTypeRegistry - Adding type registration ntext -> org.hibernate.type.NTextType@7918c7f8
2021-11-19T10:23:48,525|[DEBUG] BasicTypeRegistry - Adding type registration blob -> org.hibernate.type.BlobType@289fdb08
2021-11-19T10:23:48,525|[DEBUG] BasicTypeRegistry - Adding type registration java.sql.Blob -> org.hibernate.type.BlobType@289fdb08
2021-11-19T10:23:48,525|[DEBUG] BasicTypeRegistry - Adding type registration materialized_blob -> org.hibernate.type.MaterializedBlobType@49cf9028
2021-11-19T10:23:48,525|[DEBUG] BasicTypeRegistry - Adding type registration clob -> org.hibernate.type.ClobType@5136207f
2021-11-19T10:23:48,525|[DEBUG] BasicTypeRegistry - Adding type registration java.sql.Clob -> org.hibernate.type.ClobType@5136207f
2021-11-19T10:23:48,525|[DEBUG] BasicTypeRegistry - Adding type registration nclob -> org.hibernate.type.NClobType@2764c546
2021-11-19T10:23:48,525|[DEBUG] BasicTypeRegistry - Adding type registration java.sql.NClob -> org.hibernate.type.NClobType@2764c546
2021-11-19T10:23:48,525|[DEBUG] BasicTypeRegistry - Adding type registration materialized_clob -> org.hibernate.type.MaterializedClobType@787f32b7
2021-11-19T10:23:48,525|[DEBUG] BasicTypeRegistry - Adding type registration materialized_nclob -> org.hibernate.type.MaterializedNClobType@a52ca2e
2021-11-19T10:23:48,525|[DEBUG] BasicTypeRegistry - Adding type registration serializable -> org.hibernate.type.SerializableType@5cbd159f
2021-11-19T10:23:48,525|[DEBUG] BasicTypeRegistry - Adding type registration object -> org.hibernate.type.ObjectType@6972c30a
2021-11-19T10:23:48,525|[DEBUG] BasicTypeRegistry - Adding type registration java.lang.Object -> org.hibernate.type.ObjectType@6972c30a
2021-11-19T10:23:48,525|[DEBUG] BasicTypeRegistry - Adding type registration imm_date -> org.hibernate.type.AdaptedImmutableType@77881b7a
2021-11-19T10:23:48,525|[DEBUG] BasicTypeRegistry - Adding type registration imm_time -> org.hibernate.type.AdaptedImmutableType@59ac77f9
2021-11-19T10:23:48,525|[DEBUG] BasicTypeRegistry - Adding type registration imm_timestamp -> org.hibernate.type.AdaptedImmutableType@6d92e327
2021-11-19T10:23:48,525|[DEBUG] BasicTypeRegistry - Adding type registration imm_dbtimestamp -> org.hibernate.type.AdaptedImmutableType@76134251
2021-11-19T10:23:48,525|[DEBUG] BasicTypeRegistry - Adding type registration imm_calendar -> org.hibernate.type.AdaptedImmutableType@4177d422
2021-11-19T10:23:48,525|[DEBUG] BasicTypeRegistry - Adding type registration imm_calendar_date -> org.hibernate.type.AdaptedImmutableType@7bde704a
2021-11-19T10:23:48,525|[DEBUG] BasicTypeRegistry - Adding type registration imm_binary -> org.hibernate.type.AdaptedImmutableType@12f3fcd
2021-11-19T10:23:48,525|[DEBUG] BasicTypeRegistry - Adding type registration imm_serializable -> org.hibernate.type.AdaptedImmutableType@6dc2e473
2021-11-19T10:23:48,526|[TRACE] AbstractServiceRegistryImpl - Initializing service [role=org.hibernate.boot.cfgxml.spi.CfgXmlAccessService]
2021-11-19T10:23:48,526|[DEBUG] BootstrapContextImpl - Injecting ScanEnvironment [org.hibernate.jpa.boot.internal.StandardJpaScanEnvironmentImpl@12ebfb2d] into BootstrapContext; was [null]
2021-11-19T10:23:48,526|[DEBUG] BootstrapContextImpl - Injecting ScanOptions [org.hibernate.boot.archive.scan.internal.StandardScanOptions@1abf951a] into BootstrapContext; was [org.hibernate.boot.archive.scan.internal.StandardScanOptions@629600d7]
2021-11-19T10:23:48,549|[DEBUG] BootstrapContextImpl - Injecting JPA temp ClassLoader [null] into BootstrapContext; was [null]
2021-11-19T10:23:48,549|[DEBUG] ClassLoaderAccessImpl - ClassLoaderAccessImpl#injectTempClassLoader(null) [was null]
2021-11-19T10:23:48,549|[TRACE] AbstractServiceRegistryImpl - Initializing service [role=org.hibernate.id.factory.spi.MutableIdentifierGeneratorFactory]
2021-11-19T10:23:48,549|[DEBUG] DefaultIdentifierGeneratorFactory - Registering IdentifierGenerator strategy [uuid2] -> [org.hibernate.id.UUIDGenerator]
2021-11-19T10:23:48,549|[DEBUG] DefaultIdentifierGeneratorFactory - Registering IdentifierGenerator strategy [guid] -> [org.hibernate.id.GUIDGenerator]
2021-11-19T10:23:48,549|[DEBUG] DefaultIdentifierGeneratorFactory - Registering IdentifierGenerator strategy [uuid] -> [org.hibernate.id.UUIDHexGenerator]
2021-11-19T10:23:48,549|[DEBUG] DefaultIdentifierGeneratorFactory - Registering IdentifierGenerator strategy [uuid.hex] -> [org.hibernate.id.UUIDHexGenerator]
2021-11-19T10:23:48,549|[DEBUG] DefaultIdentifierGeneratorFactory - Registering IdentifierGenerator strategy [assigned] -> [org.hibernate.id.Assigned]
2021-11-19T10:23:48,549|[DEBUG] DefaultIdentifierGeneratorFactory - Registering IdentifierGenerator strategy [identity] -> [org.hibernate.id.IdentityGenerator]
2021-11-19T10:23:48,549|[DEBUG] DefaultIdentifierGeneratorFactory - Registering IdentifierGenerator strategy [select] -> [org.hibernate.id.SelectGenerator]
2021-11-19T10:23:48,549|[DEBUG] DefaultIdentifierGeneratorFactory - Registering IdentifierGenerator strategy [sequence] -> [org.hibernate.id.enhanced.SequenceStyleGenerator]
2021-11-19T10:23:48,549|[DEBUG] DefaultIdentifierGeneratorFactory - Registering IdentifierGenerator strategy [seqhilo] -> [org.hibernate.id.SequenceHiLoGenerator]
2021-11-19T10:23:48,549|[DEBUG] DefaultIdentifierGeneratorFactory - Registering IdentifierGenerator strategy [increment] -> [org.hibernate.id.IncrementGenerator]
2021-11-19T10:23:48,549|[DEBUG] DefaultIdentifierGeneratorFactory - Registering IdentifierGenerator strategy [foreign] -> [org.hibernate.id.ForeignGenerator]
2021-11-19T10:23:48,549|[DEBUG] DefaultIdentifierGeneratorFactory - Registering IdentifierGenerator strategy [sequence-identity] -> [org.hibernate.id.SequenceIdentityGenerator]
2021-11-19T10:23:48,549|[DEBUG] DefaultIdentifierGeneratorFactory - Registering IdentifierGenerator strategy [enhanced-sequence] -> [org.hibernate.id.enhanced.SequenceStyleGenerator]
2021-11-19T10:23:48,549|[DEBUG] DefaultIdentifierGeneratorFactory - Registering IdentifierGenerator strategy [enhanced-table] -> [org.hibernate.id.enhanced.TableGenerator]
2021-11-19T10:23:48,549|[TRACE] AbstractServiceRegistryImpl - Initializing service [role=org.hibernate.engine.jdbc.env.spi.JdbcEnvironment]
2021-11-19T10:23:48,549|[TRACE] AbstractServiceRegistryImpl - Initializing service [role=org.hibernate.engine.jdbc.dialect.spi.DialectFactory]
2021-11-19T10:23:48,549|[TRACE] AbstractServiceRegistryImpl - Initializing service [role=org.hibernate.engine.jdbc.dialect.spi.DialectResolver]
2021-11-19T10:23:48,549|[TRACE] AbstractServiceRegistryImpl - Initializing service [role=org.hibernate.engine.jdbc.connections.spi.ConnectionProvider]
2021-11-19T10:23:48,549|[WARN ] pooling - HHH10001002: Using Hibernate built-in connection pool (not for production use!)
2021-11-19T10:23:48,549|[INFO ] pooling - HHH10001005: using driver [com.mysql.cj.jdbc.Driver] at URL [jdbc:mysql://localhost:3306/bloodbank?createDatabaseIfNotExist=true&zeroDateTimeBehavior=convertToNull]
2021-11-19T10:23:48,550|[INFO ] pooling - HHH10001001: Connection properties: {password=8277, user=cst8277}
2021-11-19T10:23:48,550|[INFO ] pooling - HHH10001003: Autocommit mode: false
2021-11-19T10:23:48,550|[DEBUG] DriverManagerConnectionProviderImpl - Initializing Connection pool with 1 Connections
2021-11-19T10:23:48,550|[INFO ] DriverManagerConnectionProviderImpl - HHH000115: Hibernate connection pool size: 20 (min=1)
2021-11-19T10:23:48,570|[DEBUG] JdbcEnvironmentInitiator - Database ->
       name : MySQL
    version : 8.0.23
      major : 8
      minor : 0
2021-11-19T10:23:48,570|[DEBUG] JdbcEnvironmentInitiator - Driver ->
       name : MySQL Connector/J
    version : mysql-connector-java-8.0.23 (Revision: 18bbd5e68195d0da083cbd5bd0d05d76320df7cd)
      major : 8
      minor : 0
2021-11-19T10:23:48,570|[DEBUG] JdbcEnvironmentInitiator - JDBC version : 4.2
2021-11-19T10:23:48,570|[INFO ] Dialect - HHH000400: Using dialect: org.hibernate.dialect.MySQL8Dialect
2021-11-19T10:23:48,571|[DEBUG] IdentifierHelperBuilder - JDBC driver metadata reported database stores quoted identifiers in more than one case
2021-11-19T10:23:48,571|[DEBUG] IdentifierHelperBuilder - IdentifierCaseStrategy for both quoted and unquoted identifiers was set to the same strategy [LOWER]; that will likely lead to problems in schema update and validation if using quoted identifiers
2021-11-19T10:23:48,572|[TRACE] NormalizingIdentifierHelperImpl - Normalizing identifier quoting [bloodbank]
2021-11-19T10:23:48,573|[TRACE] NormalizingIdentifierHelperImpl - Normalizing identifier quoting [null]
2021-11-19T10:23:48,574|[TRACE] AbstractServiceRegistryImpl - Initializing service [role=org.hibernate.engine.jdbc.spi.JdbcServices]
2021-11-19T10:23:48,574|[DEBUG] Namespace - Created database namespace [logicalName=Name{catalog=null, schema=null}, physicalName=Name{catalog=null, schema=null}]
2021-11-19T10:23:48,575|[DEBUG] TypeConfiguration$Scope - Scoping TypeConfiguration [org.hibernate.type.spi.TypeConfiguration@310f8a05] to MetadataBuildingContext [org.hibernate.boot.internal.MetadataBuildingContextRootImpl@4f98ac31]
2021-11-19T10:23:48,576|[DEBUG] AnnotationBinder - Binding entity from annotated class: bloodbank.entity.Contact
2021-11-19T10:23:48,576|[DEBUG] QueryBinder - Binding named query: Contact.findAll => SELECT c FROM Contact c
2021-11-19T10:23:48,576|[TRACE] NormalizingIdentifierHelperImpl - Normalizing identifier quoting [DTYPE]
2021-11-19T10:23:48,576|[DEBUG] Ejb3Column - Binding column: Ejb3DiscriminatorColumn{logicalColumnName'DTYPE', discriminatorTypeName='string'}
2021-11-19T10:23:48,576|[DEBUG] EntityBinder - Import with entity name Contact
2021-11-19T10:23:48,576|[TRACE] InFlightMetadataCollectorImpl - Import: Contact -> bloodbank.entity.Contact
2021-11-19T10:23:48,576|[TRACE] InFlightMetadataCollectorImpl - Import: bloodbank.entity.Contact -> bloodbank.entity.Contact
2021-11-19T10:23:48,576|[TRACE] NormalizingIdentifierHelperImpl - Normalizing identifier quoting [contact]
2021-11-19T10:23:48,576|[TRACE] NormalizingIdentifierHelperImpl - Normalizing identifier quoting [contact]
2021-11-19T10:23:48,576|[DEBUG] EntityBinder - Bind entity bloodbank.entity.Contact on table contact
2021-11-19T10:23:48,577|[TRACE] AnnotationBinder - Processing annotations of bloodbank.entity.Contact.id
2021-11-19T10:23:48,577|[TRACE] NormalizingIdentifierHelperImpl - Normalizing identifier quoting [id]
2021-11-19T10:23:48,577|[TRACE] NormalizingIdentifierHelperImpl - Normalizing identifier quoting [id]
2021-11-19T10:23:48,577|[DEBUG] Ejb3Column - Binding column: Ejb3Column{table=org.hibernate.mapping.Table(contact), mappingColumn=id, insertable=true, updatable=true, unique=false}
2021-11-19T10:23:48,577|[DEBUG] ClassLoaderAccessImpl - Not known whether passed class name [bloodbank.entity.Contact] is safe
2021-11-19T10:23:48,577|[DEBUG] ClassLoaderAccessImpl - No temp ClassLoader provided; using live ClassLoader for loading potentially unsafe class : bloodbank.entity.Contact
2021-11-19T10:23:48,577|[TRACE] AnnotationBinder - Binding component with path: bloodbank.entity.Contact.id
2021-11-19T10:23:48,577|[TRACE] AnnotationBinder - Processing annotations of bloodbank.entity.ContactPK.personId
2021-11-19T10:23:48,577|[TRACE] NormalizingIdentifierHelperImpl - Normalizing identifier quoting [person_id]
2021-11-19T10:23:48,577|[TRACE] NormalizingIdentifierHelperImpl - Normalizing identifier quoting [person_id]
2021-11-19T10:23:48,577|[DEBUG] Ejb3Column - Binding column: Ejb3Column{table=org.hibernate.mapping.Table(contact), mappingColumn=person_id, insertable=true, updatable=true, unique=false}
2021-11-19T10:23:48,578|[TRACE] NormalizingIdentifierHelperImpl - Normalizing identifier quoting [person_id]
2021-11-19T10:23:48,578|[DEBUG] Ejb3Column - Binding column: Ejb3JoinColumn{logicalColumnName='person_id', referencedColumn='id', mappedBy=''}
2021-11-19T10:23:48,578|[DEBUG] PropertyBinder - MetadataSourceProcessor property personId with lazy=false
2021-11-19T10:23:48,578|[DEBUG] AbstractPropertyHolder - Attempting to locate auto-apply AttributeConverter for property [bloodbank.entity.Contact.id:personId]
2021-11-19T10:23:48,578|[DEBUG] SimpleValueBinder - building SimpleValue for personId
2021-11-19T10:23:48,578|[TRACE] NormalizingIdentifierHelperImpl - Normalizing identifier quoting [person_id]
2021-11-19T10:23:48,578|[TRACE] NormalizingIdentifierHelperImpl - Normalizing identifier quoting [id]
2021-11-19T10:23:48,578|[TRACE] NormalizingIdentifierHelperImpl - Normalizing identifier quoting [person_id]
2021-11-19T10:23:48,578|[TRACE] NormalizingIdentifierHelperImpl - Normalizing identifier quoting [person_id]
2021-11-19T10:23:48,578|[DEBUG] PropertyBinder - Building property personId
2021-11-19T10:23:48,578|[TRACE] PropertyBinder - Cascading personId with null
2021-11-19T10:23:48,578|[DEBUG] BinderHelper - #makeIdGenerator(org.hibernate.mapping.SimpleValue([org.hibernate.mapping.Column(person_id)]), personId, foreign, Hibernate-local--foreign generator, ...)
2021-11-19T10:23:48,578|[TRACE] AnnotationBinder - Processing annotations of bloodbank.entity.ContactPK.phoneId
2021-11-19T10:23:48,578|[TRACE] NormalizingIdentifierHelperImpl - Normalizing identifier quoting [phone_id]
2021-11-19T10:23:48,578|[TRACE] NormalizingIdentifierHelperImpl - Normalizing identifier quoting [phone_id]
2021-11-19T10:23:48,579|[DEBUG] Ejb3Column - Binding column: Ejb3Column{table=org.hibernate.mapping.Table(contact), mappingColumn=phone_id, insertable=true, updatable=true, unique=false}
2021-11-19T10:23:48,579|[TRACE] NormalizingIdentifierHelperImpl - Normalizing identifier quoting [phone_id]
2021-11-19T10:23:48,579|[DEBUG] Ejb3Column - Binding column: Ejb3JoinColumn{logicalColumnName='phone_id', referencedColumn='phone_id', mappedBy=''}
2021-11-19T10:23:48,579|[DEBUG] PropertyBinder - MetadataSourceProcessor property phoneId with lazy=false
2021-11-19T10:23:48,579|[DEBUG] AbstractPropertyHolder - Attempting to locate auto-apply AttributeConverter for property [bloodbank.entity.Contact.id:phoneId]
2021-11-19T10:23:48,579|[DEBUG] SimpleValueBinder - building SimpleValue for phoneId
2021-11-19T10:23:48,579|[TRACE] NormalizingIdentifierHelperImpl - Normalizing identifier quoting [phone_id]
2021-11-19T10:23:48,579|[TRACE] NormalizingIdentifierHelperImpl - Normalizing identifier quoting [phone_id]
2021-11-19T10:23:48,579|[TRACE] NormalizingIdentifierHelperImpl - Normalizing identifier quoting [phone_id]
2021-11-19T10:23:48,579|[TRACE] NormalizingIdentifierHelperImpl - Normalizing identifier quoting [phone_id]
2021-11-19T10:23:48,579|[DEBUG] PropertyBinder - Building property phoneId
2021-11-19T10:23:48,579|[TRACE] PropertyBinder - Cascading phoneId with null
2021-11-19T10:23:48,579|[DEBUG] BinderHelper - #makeIdGenerator(org.hibernate.mapping.SimpleValue([org.hibernate.mapping.Column(phone_id)]), phoneId, foreign, Hibernate-local--foreign generator, ...)
2021-11-19T10:23:48,579|[DEBUG] PropertyBinder - Building property id
2021-11-19T10:23:48,579|[TRACE] PropertyBinder - Cascading id with null
2021-11-19T10:23:48,579|[DEBUG] BinderHelper - #makeIdGenerator(org.hibernate.mapping.Component([org.hibernate.mapping.Property(personId), org.hibernate.mapping.Property(phoneId)]), id, assigned, , ...)
2021-11-19T10:23:48,579|[TRACE] AnnotationBinder - Bind @EmbeddedId on id
2021-11-19T10:23:48,579|[TRACE] AnnotationBinder - Processing annotations of bloodbank.entity.Contact.epochCreated
2021-11-19T10:23:48,579|[TRACE] NormalizingIdentifierHelperImpl - Normalizing identifier quoting [created]
2021-11-19T10:23:48,579|[TRACE] NormalizingIdentifierHelperImpl - Normalizing identifier quoting [created]
2021-11-19T10:23:48,579|[DEBUG] Ejb3Column - Binding column: Ejb3Column{table=org.hibernate.mapping.Table(contact), mappingColumn=created, insertable=true, updatable=true, unique=false}
2021-11-19T10:23:48,579|[DEBUG] PropertyBinder - MetadataSourceProcessor property epochCreated with lazy=false
2021-11-19T10:23:48,579|[DEBUG] AbstractPropertyHolder - Attempting to locate auto-apply AttributeConverter for property [bloodbank.entity.Contact:epochCreated]
2021-11-19T10:23:48,579|[DEBUG] SimpleValueBinder - building SimpleValue for epochCreated
2021-11-19T10:23:48,579|[TRACE] NormalizingIdentifierHelperImpl - Normalizing identifier quoting [created]
2021-11-19T10:23:48,579|[DEBUG] PropertyBinder - Building property epochCreated
2021-11-19T10:23:48,579|[TRACE] PropertyBinder - Cascading epochCreated with null
2021-11-19T10:23:48,579|[TRACE] AnnotationBinder - Processing annotations of bloodbank.entity.Contact.epochUpdated
2021-11-19T10:23:48,579|[TRACE] NormalizingIdentifierHelperImpl - Normalizing identifier quoting [updated]
2021-11-19T10:23:48,579|[TRACE] NormalizingIdentifierHelperImpl - Normalizing identifier quoting [updated]
2021-11-19T10:23:48,579|[DEBUG] Ejb3Column - Binding column: Ejb3Column{table=org.hibernate.mapping.Table(contact), mappingColumn=updated, insertable=true, updatable=true, unique=false}
2021-11-19T10:23:48,579|[DEBUG] PropertyBinder - MetadataSourceProcessor property epochUpdated with lazy=false
2021-11-19T10:23:48,579|[DEBUG] AbstractPropertyHolder - Attempting to locate auto-apply AttributeConverter for property [bloodbank.entity.Contact:epochUpdated]
2021-11-19T10:23:48,579|[DEBUG] SimpleValueBinder - building SimpleValue for epochUpdated
2021-11-19T10:23:48,579|[TRACE] NormalizingIdentifierHelperImpl - Normalizing identifier quoting [updated]
2021-11-19T10:23:48,579|[DEBUG] PropertyBinder - Building property epochUpdated
2021-11-19T10:23:48,579|[TRACE] PropertyBinder - Cascading epochUpdated with null
2021-11-19T10:23:48,579|[TRACE] AnnotationBinder - Processing annotations of bloodbank.entity.Contact.version
2021-11-19T10:23:48,579|[TRACE] NormalizingIdentifierHelperImpl - Normalizing identifier quoting [version]
2021-11-19T10:23:48,579|[TRACE] NormalizingIdentifierHelperImpl - Normalizing identifier quoting [version]
2021-11-19T10:23:48,580|[DEBUG] Ejb3Column - Binding column: Ejb3Column{table=org.hibernate.mapping.Table(contact), mappingColumn=version, insertable=true, updatable=true, unique=false}
2021-11-19T10:23:48,580|[TRACE] AnnotationBinder - version is a version property
2021-11-19T10:23:48,580|[DEBUG] PropertyBinder - MetadataSourceProcessor property version with lazy=false
2021-11-19T10:23:48,580|[DEBUG] AbstractPropertyHolder - Attempting to locate auto-apply AttributeConverter for property [bloodbank.entity.Contact:version]
2021-11-19T10:23:48,580|[DEBUG] SimpleValueBinder - building SimpleValue for version
2021-11-19T10:23:48,580|[TRACE] NormalizingIdentifierHelperImpl - Normalizing identifier quoting [version]
2021-11-19T10:23:48,580|[TRACE] NormalizingIdentifierHelperImpl - Normalizing identifier quoting [version]
2021-11-19T10:23:48,580|[TRACE] NormalizingIdentifierHelperImpl - Normalizing identifier quoting [version]
2021-11-19T10:23:48,580|[DEBUG] PropertyBinder - Building property version
2021-11-19T10:23:48,580|[TRACE] PropertyBinder - Cascading version with null
2021-11-19T10:23:48,580|[TRACE] AnnotationBinder - Version name: version, unsavedValue: undefined
2021-11-19T10:23:48,580|[TRACE] AnnotationBinder - Processing annotations of bloodbank.entity.Contact.address
2021-11-19T10:23:48,580|[TRACE] NormalizingIdentifierHelperImpl - Normalizing identifier quoting [address_id]
2021-11-19T10:23:48,580|[DEBUG] Ejb3Column - Binding column: Ejb3JoinColumn{logicalColumnName='address_id', referencedColumn='address_id', mappedBy=''}
2021-11-19T10:23:48,580|[TRACE] NormalizingIdentifierHelperImpl - Normalizing identifier quoting [address]
2021-11-19T10:23:48,580|[TRACE] NormalizingIdentifierHelperImpl - Normalizing identifier quoting [address]
2021-11-19T10:23:48,580|[DEBUG] Ejb3Column - Binding column: Ejb3Column{table=org.hibernate.mapping.Table(contact), mappingColumn=address, insertable=true, updatable=true, unique=false}
2021-11-19T10:23:48,580|[DEBUG] PropertyBinder - Building property address
2021-11-19T10:23:48,580|[TRACE] PropertyBinder - Cascading address with all
2021-11-19T10:23:48,580|[TRACE] AnnotationBinder - Processing annotations of bloodbank.entity.Contact.contactType
2021-11-19T10:23:48,580|[TRACE] NormalizingIdentifierHelperImpl - Normalizing identifier quoting [contact_type]
2021-11-19T10:23:48,580|[TRACE] NormalizingIdentifierHelperImpl - Normalizing identifier quoting [contact_type]
2021-11-19T10:23:48,580|[DEBUG] Ejb3Column - Binding column: Ejb3Column{table=org.hibernate.mapping.Table(contact), mappingColumn=contact_type, insertable=true, updatable=true, unique=false}
2021-11-19T10:23:48,580|[DEBUG] PropertyBinder - MetadataSourceProcessor property contactType with lazy=false
2021-11-19T10:23:48,580|[DEBUG] AbstractPropertyHolder - Attempting to locate auto-apply AttributeConverter for property [bloodbank.entity.Contact:contactType]
2021-11-19T10:23:48,580|[DEBUG] SimpleValueBinder - building SimpleValue for contactType
2021-11-19T10:23:48,580|[TRACE] NormalizingIdentifierHelperImpl - Normalizing identifier quoting [contact_type]
2021-11-19T10:23:48,580|[DEBUG] PropertyBinder - Building property contactType
2021-11-19T10:23:48,580|[TRACE] PropertyBinder - Cascading contactType with null
2021-11-19T10:23:48,580|[TRACE] AnnotationBinder - Processing annotations of bloodbank.entity.Contact.email
2021-11-19T10:23:48,580|[TRACE] NormalizingIdentifierHelperImpl - Normalizing identifier quoting [email]
2021-11-19T10:23:48,580|[TRACE] NormalizingIdentifierHelperImpl - Normalizing identifier quoting [email]
2021-11-19T10:23:48,580|[DEBUG] Ejb3Column - Binding column: Ejb3Column{table=org.hibernate.mapping.Table(contact), mappingColumn=email, insertable=true, updatable=true, unique=false}
2021-11-19T10:23:48,580|[DEBUG] PropertyBinder - MetadataSourceProcessor property email with lazy=false
2021-11-19T10:23:48,580|[DEBUG] AbstractPropertyHolder - Attempting to locate auto-apply AttributeConverter for property [bloodbank.entity.Contact:email]
2021-11-19T10:23:48,580|[DEBUG] SimpleValueBinder - building SimpleValue for email
2021-11-19T10:23:48,580|[TRACE] NormalizingIdentifierHelperImpl - Normalizing identifier quoting [email]
2021-11-19T10:23:48,580|[DEBUG] PropertyBinder - Building property email
2021-11-19T10:23:48,580|[TRACE] PropertyBinder - Cascading email with null
2021-11-19T10:23:48,580|[TRACE] AnnotationBinder - Processing annotations of bloodbank.entity.Contact.owner
2021-11-19T10:23:48,580|[TRACE] NormalizingIdentifierHelperImpl - Normalizing identifier quoting [person_id]
2021-11-19T10:23:48,580|[DEBUG] Ejb3Column - Binding column: Ejb3JoinColumn{logicalColumnName='person_id', referencedColumn='id', mappedBy=''}
2021-11-19T10:23:48,580|[TRACE] NormalizingIdentifierHelperImpl - Normalizing identifier quoting [owner]
2021-11-19T10:23:48,580|[TRACE] NormalizingIdentifierHelperImpl - Normalizing identifier quoting [owner]
2021-11-19T10:23:48,580|[DEBUG] Ejb3Column - Binding column: Ejb3Column{table=org.hibernate.mapping.Table(contact), mappingColumn=owner, insertable=true, updatable=true, unique=false}
2021-11-19T10:23:48,580|[DEBUG] PropertyBinder - Building property owner
2021-11-19T10:23:48,580|[TRACE] PropertyBinder - Cascading owner with all,persist
2021-11-19T10:23:48,580|[TRACE] AnnotationBinder - Processing annotations of bloodbank.entity.Contact.phone
2021-11-19T10:23:48,580|[TRACE] NormalizingIdentifierHelperImpl - Normalizing identifier quoting [phone_id]
2021-11-19T10:23:48,580|[DEBUG] Ejb3Column - Binding column: Ejb3JoinColumn{logicalColumnName='phone_id', referencedColumn='phone_id', mappedBy=''}
2021-11-19T10:23:48,581|[TRACE] NormalizingIdentifierHelperImpl - Normalizing identifier quoting [phone]
2021-11-19T10:23:48,581|[TRACE] NormalizingIdentifierHelperImpl - Normalizing identifier quoting [phone]
2021-11-19T10:23:48,581|[DEBUG] Ejb3Column - Binding column: Ejb3Column{table=org.hibernate.mapping.Table(contact), mappingColumn=phone, insertable=true, updatable=true, unique=false}
2021-11-19T10:23:48,581|[DEBUG] PropertyBinder - Building property phone
2021-11-19T10:23:48,581|[TRACE] PropertyBinder - Cascading phone with all,persist
2021-11-19T10:23:48,581|[DEBUG] AnnotationBinder - Binding entity from annotated class: bloodbank.entity.Phone
2021-11-19T10:23:48,581|[TRACE] NormalizingIdentifierHelperImpl - Normalizing identifier quoting [DTYPE]
2021-11-19T10:23:48,581|[DEBUG] Ejb3Column - Binding column: Ejb3DiscriminatorColumn{logicalColumnName'DTYPE', discriminatorTypeName='string'}
2021-11-19T10:23:48,581|[DEBUG] EntityBinder - Import with entity name Phone
2021-11-19T10:23:48,581|[TRACE] InFlightMetadataCollectorImpl - Import: Phone -> bloodbank.entity.Phone
2021-11-19T10:23:48,581|[TRACE] InFlightMetadataCollectorImpl - Import: bloodbank.entity.Phone -> bloodbank.entity.Phone
2021-11-19T10:23:48,581|[TRACE] NormalizingIdentifierHelperImpl - Normalizing identifier quoting [phone]
2021-11-19T10:23:48,581|[TRACE] NormalizingIdentifierHelperImpl - Normalizing identifier quoting [phone]
2021-11-19T10:23:48,581|[DEBUG] EntityBinder - Bind entity bloodbank.entity.Phone on table phone
2021-11-19T10:23:48,581|[TRACE] AnnotationBinder - Processing annotations of bloodbank.entity.Phone.id
2021-11-19T10:23:48,581|[DEBUG] Ejb3Column - Column(s) overridden for property id
2021-11-19T10:23:48,581|[TRACE] NormalizingIdentifierHelperImpl - Normalizing identifier quoting [phone_id]
2021-11-19T10:23:48,581|[TRACE] NormalizingIdentifierHelperImpl - Normalizing identifier quoting [phone_id]
2021-11-19T10:23:48,581|[DEBUG] Ejb3Column - Binding column: Ejb3Column{table=org.hibernate.mapping.Table(phone), mappingColumn=phone_id, insertable=true, updatable=true, unique=false}
2021-11-19T10:23:48,581|[DEBUG] ClassLoaderAccessImpl - Not known whether passed class name [bloodbank.entity.Phone] is safe
2021-11-19T10:23:48,581|[DEBUG] ClassLoaderAccessImpl - No temp ClassLoader provided; using live ClassLoader for loading potentially unsafe class : bloodbank.entity.Phone
2021-11-19T10:23:48,581|[DEBUG] PropertyBinder - MetadataSourceProcessor property id with lazy=false
2021-11-19T10:23:48,581|[DEBUG] AbstractPropertyHolder - Attempting to locate auto-apply AttributeConverter for property [bloodbank.entity.Phone:id]
2021-11-19T10:23:48,581|[DEBUG] SimpleValueBinder - building SimpleValue for id
2021-11-19T10:23:48,581|[TRACE] NormalizingIdentifierHelperImpl - Normalizing identifier quoting [phone_id]
2021-11-19T10:23:48,581|[DEBUG] PropertyBinder - Building property id
2021-11-19T10:23:48,581|[TRACE] PropertyBinder - Cascading id with null
2021-11-19T10:23:48,581|[DEBUG] BinderHelper - #makeIdGenerator(org.hibernate.mapping.SimpleValue([org.hibernate.mapping.Column(phone_id)]), id, identity, , ...)
2021-11-19T10:23:48,581|[TRACE] AnnotationBinder - Bind @Id on id
2021-11-19T10:23:48,581|[TRACE] AnnotationBinder - Processing annotations of bloodbank.entity.Phone.epochCreated
2021-11-19T10:23:48,582|[TRACE] NormalizingIdentifierHelperImpl - Normalizing identifier quoting [created]
2021-11-19T10:23:48,582|[TRACE] NormalizingIdentifierHelperImpl - Normalizing identifier quoting [created]
2021-11-19T10:23:48,582|[DEBUG] Ejb3Column - Binding column: Ejb3Column{table=org.hibernate.mapping.Table(phone), mappingColumn=created, insertable=true, updatable=true, unique=false}
2021-11-19T10:23:48,582|[DEBUG] PropertyBinder - MetadataSourceProcessor property epochCreated with lazy=false
2021-11-19T10:23:48,582|[DEBUG] AbstractPropertyHolder - Attempting to locate auto-apply AttributeConverter for property [bloodbank.entity.Phone:epochCreated]
2021-11-19T10:23:48,582|[DEBUG] SimpleValueBinder - building SimpleValue for epochCreated
2021-11-19T10:23:48,582|[TRACE] NormalizingIdentifierHelperImpl - Normalizing identifier quoting [created]
2021-11-19T10:23:48,582|[DEBUG] PropertyBinder - Building property epochCreated
2021-11-19T10:23:48,582|[TRACE] PropertyBinder - Cascading epochCreated with null
2021-11-19T10:23:48,582|[TRACE] AnnotationBinder - Processing annotations of bloodbank.entity.Phone.epochUpdated
2021-11-19T10:23:48,582|[TRACE] NormalizingIdentifierHelperImpl - Normalizing identifier quoting [updated]
2021-11-19T10:23:48,582|[TRACE] NormalizingIdentifierHelperImpl - Normalizing identifier quoting [updated]
2021-11-19T10:23:48,582|[DEBUG] Ejb3Column - Binding column: Ejb3Column{table=org.hibernate.mapping.Table(phone), mappingColumn=updated, insertable=true, updatable=true, unique=false}
2021-11-19T10:23:48,582|[DEBUG] PropertyBinder - MetadataSourceProcessor property epochUpdated with lazy=false
2021-11-19T10:23:48,582|[DEBUG] AbstractPropertyHolder - Attempting to locate auto-apply AttributeConverter for property [bloodbank.entity.Phone:epochUpdated]
2021-11-19T10:23:48,582|[DEBUG] SimpleValueBinder - building SimpleValue for epochUpdated
2021-11-19T10:23:48,582|[TRACE] NormalizingIdentifierHelperImpl - Normalizing identifier quoting [updated]
2021-11-19T10:23:48,582|[DEBUG] PropertyBinder - Building property epochUpdated
2021-11-19T10:23:48,582|[TRACE] PropertyBinder - Cascading epochUpdated with null
2021-11-19T10:23:48,582|[TRACE] AnnotationBinder - Processing annotations of bloodbank.entity.Phone.version
2021-11-19T10:23:48,582|[TRACE] NormalizingIdentifierHelperImpl - Normalizing identifier quoting [version]
2021-11-19T10:23:48,582|[TRACE] NormalizingIdentifierHelperImpl - Normalizing identifier quoting [version]
2021-11-19T10:23:48,582|[DEBUG] Ejb3Column - Binding column: Ejb3Column{table=org.hibernate.mapping.Table(phone), mappingColumn=version, insertable=true, updatable=true, unique=false}
2021-11-19T10:23:48,582|[TRACE] AnnotationBinder - version is a version property
2021-11-19T10:23:48,582|[DEBUG] PropertyBinder - MetadataSourceProcessor property version with lazy=false
2021-11-19T10:23:48,582|[DEBUG] AbstractPropertyHolder - Attempting to locate auto-apply AttributeConverter for property [bloodbank.entity.Phone:version]
2021-11-19T10:23:48,582|[DEBUG] SimpleValueBinder - building SimpleValue for version
2021-11-19T10:23:48,582|[TRACE] NormalizingIdentifierHelperImpl - Normalizing identifier quoting [version]
2021-11-19T10:23:48,582|[TRACE] NormalizingIdentifierHelperImpl - Normalizing identifier quoting [version]
2021-11-19T10:23:48,582|[TRACE] NormalizingIdentifierHelperImpl - Normalizing identifier quoting [version]
2021-11-19T10:23:48,582|[DEBUG] PropertyBinder - Building property version
2021-11-19T10:23:48,582|[TRACE] PropertyBinder - Cascading version with null
2021-11-19T10:23:48,582|[TRACE] AnnotationBinder - Version name: version, unsavedValue: undefined
2021-11-19T10:23:48,582|[TRACE] AnnotationBinder - Processing annotations of bloodbank.entity.Phone.areaCode
2021-11-19T10:23:48,582|[TRACE] NormalizingIdentifierHelperImpl - Normalizing identifier quoting [area_code]
2021-11-19T10:23:48,582|[TRACE] NormalizingIdentifierHelperImpl - Normalizing identifier quoting [area_code]
2021-11-19T10:23:48,582|[DEBUG] Ejb3Column - Binding column: Ejb3Column{table=org.hibernate.mapping.Table(phone), mappingColumn=area_code, insertable=true, updatable=true, unique=false}
2021-11-19T10:23:48,582|[DEBUG] PropertyBinder - MetadataSourceProcessor property areaCode with lazy=false
2021-11-19T10:23:48,582|[DEBUG] AbstractPropertyHolder - Attempting to locate auto-apply AttributeConverter for property [bloodbank.entity.Phone:areaCode]
2021-11-19T10:23:48,582|[DEBUG] SimpleValueBinder - building SimpleValue for areaCode
2021-11-19T10:23:48,582|[TRACE] NormalizingIdentifierHelperImpl - Normalizing identifier quoting [area_code]
2021-11-19T10:23:48,582|[DEBUG] PropertyBinder - Building property areaCode
2021-11-19T10:23:48,582|[TRACE] PropertyBinder - Cascading areaCode with null
2021-11-19T10:23:48,582|[TRACE] AnnotationBinder - Processing annotations of bloodbank.entity.Phone.contacts
2021-11-19T10:23:48,582|[TRACE] NormalizingIdentifierHelperImpl - Normalizing identifier quoting [phone_id]
2021-11-19T10:23:48,582|[DEBUG] Ejb3Column - Binding column: Ejb3JoinColumn{logicalColumnName='phone_id', referencedColumn='phone_id', mappedBy=''}
2021-11-19T10:23:48,582|[TRACE] NormalizingIdentifierHelperImpl - Normalizing identifier quoting [contacts]
2021-11-19T10:23:48,582|[TRACE] NormalizingIdentifierHelperImpl - Normalizing identifier quoting [contacts]
2021-11-19T10:23:48,582|[DEBUG] Ejb3Column - Binding column: Ejb3Column{table=org.hibernate.mapping.Table(phone), mappingColumn=contacts, insertable=true, updatable=true, unique=false}
2021-11-19T10:23:48,582|[DEBUG] Ejb3Column - Binding column: Ejb3Column{table=org.hibernate.mapping.Table(phone), mappingColumn=null, insertable=true, updatable=true, unique=false}
2021-11-19T10:23:48,582|[TRACE] NormalizingIdentifierHelperImpl - Normalizing identifier quoting [element]
2021-11-19T10:23:48,582|[TRACE] NormalizingIdentifierHelperImpl - Normalizing identifier quoting [element]
2021-11-19T10:23:48,582|[DEBUG] Ejb3Column - Binding column: Ejb3Column{table=org.hibernate.mapping.Table(phone), mappingColumn=element, insertable=true, updatable=true, unique=false}
2021-11-19T10:23:48,582|[TRACE] NormalizingIdentifierHelperImpl - Normalizing identifier quoting [contacts_KEY]
2021-11-19T10:23:48,582|[DEBUG] Ejb3Column - Binding column: Ejb3Column{table=org.hibernate.mapping.Table(phone), mappingColumn=contacts_KEY, insertable=true, updatable=true, unique=false}
2021-11-19T10:23:48,582|[TRACE] NormalizingIdentifierHelperImpl - Normalizing identifier quoting [contacts_KEY]
2021-11-19T10:23:48,582|[DEBUG] Ejb3Column - Binding column: Ejb3JoinColumn{logicalColumnName='contacts_KEY', referencedColumn='null', mappedBy='null'}
2021-11-19T10:23:48,582|[DEBUG] Ejb3Column - Binding column: Ejb3JoinColumn{logicalColumnName='null', referencedColumn='null', mappedBy=''}
2021-11-19T10:23:48,582|[DEBUG] Ejb3Column - Binding column: Ejb3JoinColumn{logicalColumnName='null', referencedColumn='null', mappedBy=''}
2021-11-19T10:23:48,582|[DEBUG] CollectionBinder - Collection role: bloodbank.entity.Phone.contacts
2021-11-19T10:23:48,582|[DEBUG] PropertyBinder - Building property contacts
2021-11-19T10:23:48,582|[TRACE] PropertyBinder - Cascading contacts with persist,merge,refresh,evict
2021-11-19T10:23:48,582|[TRACE] AnnotationBinder - Processing annotations of bloodbank.entity.Phone.countryCode
2021-11-19T10:23:48,582|[TRACE] NormalizingIdentifierHelperImpl - Normalizing identifier quoting [country_code]
2021-11-19T10:23:48,582|[TRACE] NormalizingIdentifierHelperImpl - Normalizing identifier quoting [country_code]
2021-11-19T10:23:48,582|[DEBUG] Ejb3Column - Binding column: Ejb3Column{table=org.hibernate.mapping.Table(phone), mappingColumn=country_code, insertable=true, updatable=true, unique=false}
2021-11-19T10:23:48,582|[DEBUG] PropertyBinder - MetadataSourceProcessor property countryCode with lazy=false
2021-11-19T10:23:48,582|[DEBUG] AbstractPropertyHolder - Attempting to locate auto-apply AttributeConverter for property [bloodbank.entity.Phone:countryCode]
2021-11-19T10:23:48,583|[DEBUG] SimpleValueBinder - building SimpleValue for countryCode
2021-11-19T10:23:48,583|[TRACE] NormalizingIdentifierHelperImpl - Normalizing identifier quoting [country_code]
2021-11-19T10:23:48,583|[DEBUG] PropertyBinder - Building property countryCode
2021-11-19T10:23:48,583|[TRACE] PropertyBinder - Cascading countryCode with null
2021-11-19T10:23:48,583|[TRACE] AnnotationBinder - Processing annotations of bloodbank.entity.Phone.number
2021-11-19T10:23:48,583|[TRACE] NormalizingIdentifierHelperImpl - Normalizing identifier quoting [number]
2021-11-19T10:23:48,583|[TRACE] NormalizingIdentifierHelperImpl - Normalizing identifier quoting [number]
2021-11-19T10:23:48,583|[DEBUG] Ejb3Column - Binding column: Ejb3Column{table=org.hibernate.mapping.Table(phone), mappingColumn=number, insertable=true, updatable=true, unique=false}
2021-11-19T10:23:48,583|[DEBUG] PropertyBinder - MetadataSourceProcessor property number with lazy=false
2021-11-19T10:23:48,583|[DEBUG] AbstractPropertyHolder - Attempting to locate auto-apply AttributeConverter for property [bloodbank.entity.Phone:number]
2021-11-19T10:23:48,583|[DEBUG] SimpleValueBinder - building SimpleValue for number
2021-11-19T10:23:48,583|[TRACE] NormalizingIdentifierHelperImpl - Normalizing identifier quoting [number]
2021-11-19T10:23:48,583|[TRACE] NormalizingIdentifierHelperImpl - Normalizing identifier quoting [number]
2021-11-19T10:23:48,583|[TRACE] NormalizingIdentifierHelperImpl - Normalizing identifier quoting [number]
2021-11-19T10:23:48,583|[DEBUG] PropertyBinder - Building property number
2021-11-19T10:23:48,583|[TRACE] PropertyBinder - Cascading number with null
2021-11-19T10:23:48,583|[DEBUG] AnnotationBinder - Binding entity from annotated class: bloodbank.entity.BloodDonation
2021-11-19T10:23:48,583|[TRACE] NormalizingIdentifierHelperImpl - Normalizing identifier quoting [DTYPE]
2021-11-19T10:23:48,583|[DEBUG] Ejb3Column - Binding column: Ejb3DiscriminatorColumn{logicalColumnName'DTYPE', discriminatorTypeName='string'}
2021-11-19T10:23:48,583|[DEBUG] EntityBinder - Import with entity name BloodDonation
2021-11-19T10:23:48,583|[TRACE] InFlightMetadataCollectorImpl - Import: BloodDonation -> bloodbank.entity.BloodDonation
2021-11-19T10:23:48,583|[TRACE] InFlightMetadataCollectorImpl - Import: bloodbank.entity.BloodDonation -> bloodbank.entity.BloodDonation
2021-11-19T10:23:48,583|[TRACE] NormalizingIdentifierHelperImpl - Normalizing identifier quoting [blood_donation]
2021-11-19T10:23:48,583|[TRACE] NormalizingIdentifierHelperImpl - Normalizing identifier quoting [blood_donation]
2021-11-19T10:23:48,583|[DEBUG] EntityBinder - Bind entity bloodbank.entity.BloodDonation on table blood_donation
2021-11-19T10:23:48,583|[TRACE] AnnotationBinder - Processing annotations of bloodbank.entity.BloodDonation.id
2021-11-19T10:23:48,583|[DEBUG] Ejb3Column - Column(s) overridden for property id
2021-11-19T10:23:48,583|[TRACE] NormalizingIdentifierHelperImpl - Normalizing identifier quoting [donation_id]
2021-11-19T10:23:48,583|[TRACE] NormalizingIdentifierHelperImpl - Normalizing identifier quoting [donation_id]
2021-11-19T10:23:48,583|[DEBUG] Ejb3Column - Binding column: Ejb3Column{table=org.hibernate.mapping.Table(blood_donation), mappingColumn=donation_id, insertable=true, updatable=true, unique=false}
2021-11-19T10:23:48,583|[DEBUG] ClassLoaderAccessImpl - Not known whether passed class name [bloodbank.entity.BloodDonation] is safe
2021-11-19T10:23:48,583|[DEBUG] ClassLoaderAccessImpl - No temp ClassLoader provided; using live ClassLoader for loading potentially unsafe class : bloodbank.entity.BloodDonation
2021-11-19T10:23:48,583|[DEBUG] PropertyBinder - MetadataSourceProcessor property id with lazy=false
2021-11-19T10:23:48,583|[DEBUG] AbstractPropertyHolder - Attempting to locate auto-apply AttributeConverter for property [bloodbank.entity.BloodDonation:id]
2021-11-19T10:23:48,583|[DEBUG] SimpleValueBinder - building SimpleValue for id
2021-11-19T10:23:48,583|[TRACE] NormalizingIdentifierHelperImpl - Normalizing identifier quoting [donation_id]
2021-11-19T10:23:48,583|[DEBUG] PropertyBinder - Building property id
2021-11-19T10:23:48,583|[TRACE] PropertyBinder - Cascading id with null
2021-11-19T10:23:48,583|[DEBUG] BinderHelper - #makeIdGenerator(org.hibernate.mapping.SimpleValue([org.hibernate.mapping.Column(donation_id)]), id, identity, , ...)
2021-11-19T10:23:48,583|[TRACE] AnnotationBinder - Bind @Id on id
2021-11-19T10:23:48,583|[TRACE] AnnotationBinder - Processing annotations of bloodbank.entity.BloodDonation.epochCreated
2021-11-19T10:23:48,583|[TRACE] NormalizingIdentifierHelperImpl - Normalizing identifier quoting [created]
2021-11-19T10:23:48,583|[TRACE] NormalizingIdentifierHelperImpl - Normalizing identifier quoting [created]
2021-11-19T10:23:48,583|[DEBUG] Ejb3Column - Binding column: Ejb3Column{table=org.hibernate.mapping.Table(blood_donation), mappingColumn=created, insertable=true, updatable=true, unique=false}
2021-11-19T10:23:48,583|[DEBUG] PropertyBinder - MetadataSourceProcessor property epochCreated with lazy=false
2021-11-19T10:23:48,583|[DEBUG] AbstractPropertyHolder - Attempting to locate auto-apply AttributeConverter for property [bloodbank.entity.BloodDonation:epochCreated]
2021-11-19T10:23:48,583|[DEBUG] SimpleValueBinder - building SimpleValue for epochCreated
2021-11-19T10:23:48,583|[TRACE] NormalizingIdentifierHelperImpl - Normalizing identifier quoting [created]
2021-11-19T10:23:48,583|[DEBUG] PropertyBinder - Building property epochCreated
2021-11-19T10:23:48,583|[TRACE] PropertyBinder - Cascading epochCreated with null
2021-11-19T10:23:48,583|[TRACE] AnnotationBinder - Processing annotations of bloodbank.entity.BloodDonation.epochUpdated
2021-11-19T10:23:48,583|[TRACE] NormalizingIdentifierHelperImpl - Normalizing identifier quoting [updated]
2021-11-19T10:23:48,583|[TRACE] NormalizingIdentifierHelperImpl - Normalizing identifier quoting [updated]
2021-11-19T10:23:48,583|[DEBUG] Ejb3Column - Binding column: Ejb3Column{table=org.hibernate.mapping.Table(blood_donation), mappingColumn=updated, insertable=true, updatable=true, unique=false}
2021-11-19T10:23:48,583|[DEBUG] PropertyBinder - MetadataSourceProcessor property epochUpdated with lazy=false
2021-11-19T10:23:48,583|[DEBUG] AbstractPropertyHolder - Attempting to locate auto-apply AttributeConverter for property [bloodbank.entity.BloodDonation:epochUpdated]
2021-11-19T10:23:48,583|[DEBUG] SimpleValueBinder - building SimpleValue for epochUpdated
2021-11-19T10:23:48,583|[TRACE] NormalizingIdentifierHelperImpl - Normalizing identifier quoting [updated]
2021-11-19T10:23:48,583|[DEBUG] PropertyBinder - Building property epochUpdated
2021-11-19T10:23:48,584|[TRACE] PropertyBinder - Cascading epochUpdated with null
2021-11-19T10:23:48,584|[TRACE] AnnotationBinder - Processing annotations of bloodbank.entity.BloodDonation.version
2021-11-19T10:23:48,584|[TRACE] NormalizingIdentifierHelperImpl - Normalizing identifier quoting [version]
2021-11-19T10:23:48,584|[TRACE] NormalizingIdentifierHelperImpl - Normalizing identifier quoting [version]
2021-11-19T10:23:48,584|[DEBUG] Ejb3Column - Binding column: Ejb3Column{table=org.hibernate.mapping.Table(blood_donation), mappingColumn=version, insertable=true, updatable=true, unique=false}
2021-11-19T10:23:48,584|[TRACE] AnnotationBinder - version is a version property
2021-11-19T10:23:48,584|[DEBUG] PropertyBinder - MetadataSourceProcessor property version with lazy=false
2021-11-19T10:23:48,584|[DEBUG] AbstractPropertyHolder - Attempting to locate auto-apply AttributeConverter for property [bloodbank.entity.BloodDonation:version]
2021-11-19T10:23:48,584|[DEBUG] SimpleValueBinder - building SimpleValue for version
2021-11-19T10:23:48,584|[TRACE] NormalizingIdentifierHelperImpl - Normalizing identifier quoting [version]
2021-11-19T10:23:48,584|[TRACE] NormalizingIdentifierHelperImpl - Normalizing identifier quoting [version]
2021-11-19T10:23:48,584|[TRACE] NormalizingIdentifierHelperImpl - Normalizing identifier quoting [version]
2021-11-19T10:23:48,584|[DEBUG] PropertyBinder - Building property version
2021-11-19T10:23:48,584|[TRACE] PropertyBinder - Cascading version with null
2021-11-19T10:23:48,584|[TRACE] AnnotationBinder - Version name: version, unsavedValue: undefined
2021-11-19T10:23:48,584|[TRACE] AnnotationBinder - Processing annotations of bloodbank.entity.BloodDonation.bank
2021-11-19T10:23:48,584|[TRACE] NormalizingIdentifierHelperImpl - Normalizing identifier quoting [bank_id]
2021-11-19T10:23:48,584|[DEBUG] Ejb3Column - Binding column: Ejb3JoinColumn{logicalColumnName='bank_id', referencedColumn='bank_id', mappedBy=''}
2021-11-19T10:23:48,584|[TRACE] NormalizingIdentifierHelperImpl - Normalizing identifier quoting [bank]
2021-11-19T10:23:48,584|[TRACE] NormalizingIdentifierHelperImpl - Normalizing identifier quoting [bank]
2021-11-19T10:23:48,584|[DEBUG] Ejb3Column - Binding column: Ejb3Column{table=org.hibernate.mapping.Table(blood_donation), mappingColumn=bank, insertable=true, updatable=true, unique=false}
2021-11-19T10:23:48,584|[DEBUG] PropertyBinder - Building property bank
2021-11-19T10:23:48,584|[TRACE] PropertyBinder - Cascading bank with all
2021-11-19T10:23:48,584|[TRACE] AnnotationBinder - Processing annotations of bloodbank.entity.BloodDonation.bloodType
2021-11-19T10:23:48,584|[TRACE] NormalizingIdentifierHelperImpl - Normalizing identifier quoting [bloodType]
2021-11-19T10:23:48,584|[TRACE] NormalizingIdentifierHelperImpl - Normalizing identifier quoting [bloodType]
2021-11-19T10:23:48,584|[DEBUG] Ejb3Column - Binding column: Ejb3Column{table=org.hibernate.mapping.Table(blood_donation), mappingColumn=bloodType, insertable=true, updatable=true, unique=false}
2021-11-19T10:23:48,584|[TRACE] AnnotationBinder - Binding component with path: bloodbank.entity.BloodDonation.bloodType
2021-11-19T10:23:48,584|[TRACE] AnnotationBinder - Processing annotations of bloodbank.entity.BloodType.bloodGroup
2021-11-19T10:23:48,584|[TRACE] NormalizingIdentifierHelperImpl - Normalizing identifier quoting [blood_group]
2021-11-19T10:23:48,584|[TRACE] NormalizingIdentifierHelperImpl - Normalizing identifier quoting [blood_group]
2021-11-19T10:23:48,584|[DEBUG] Ejb3Column - Binding column: Ejb3Column{table=org.hibernate.mapping.Table(blood_donation), mappingColumn=blood_group, insertable=true, updatable=true, unique=false}
2021-11-19T10:23:48,584|[DEBUG] PropertyBinder - MetadataSourceProcessor property bloodGroup with lazy=false
2021-11-19T10:23:48,584|[DEBUG] AbstractPropertyHolder - Attempting to locate auto-apply AttributeConverter for property [bloodbank.entity.BloodDonation.bloodType:bloodGroup]
2021-11-19T10:23:48,584|[DEBUG] SimpleValueBinder - building SimpleValue for bloodGroup
2021-11-19T10:23:48,584|[TRACE] NormalizingIdentifierHelperImpl - Normalizing identifier quoting [blood_group]
2021-11-19T10:23:48,584|[DEBUG] PropertyBinder - Building property bloodGroup
2021-11-19T10:23:48,584|[TRACE] PropertyBinder - Cascading bloodGroup with null
2021-11-19T10:23:48,584|[TRACE] AnnotationBinder - Processing annotations of bloodbank.entity.BloodType.rhd
2021-11-19T10:23:48,584|[TRACE] NormalizingIdentifierHelperImpl - Normalizing identifier quoting [rhd]
2021-11-19T10:23:48,584|[TRACE] NormalizingIdentifierHelperImpl - Normalizing identifier quoting [rhd]
2021-11-19T10:23:48,584|[DEBUG] Ejb3Column - Binding column: Ejb3Column{table=org.hibernate.mapping.Table(blood_donation), mappingColumn=rhd, insertable=true, updatable=true, unique=false}
2021-11-19T10:23:48,584|[DEBUG] PropertyBinder - MetadataSourceProcessor property rhd with lazy=false
2021-11-19T10:23:48,584|[DEBUG] AbstractPropertyHolder - Attempting to locate auto-apply AttributeConverter for property [bloodbank.entity.BloodDonation.bloodType:rhd]
2021-11-19T10:23:48,584|[DEBUG] SimpleValueBinder - building SimpleValue for rhd
2021-11-19T10:23:48,584|[TRACE] NormalizingIdentifierHelperImpl - Normalizing identifier quoting [rhd]
2021-11-19T10:23:48,584|[DEBUG] PropertyBinder - Building property rhd
2021-11-19T10:23:48,584|[TRACE] PropertyBinder - Cascading rhd with null
2021-11-19T10:23:48,584|[DEBUG] PropertyBinder - Building property bloodType
2021-11-19T10:23:48,584|[TRACE] PropertyBinder - Cascading bloodType with null
2021-11-19T10:23:48,584|[TRACE] AnnotationBinder - Processing annotations of bloodbank.entity.BloodDonation.milliliters
2021-11-19T10:23:48,584|[TRACE] NormalizingIdentifierHelperImpl - Normalizing identifier quoting [milliliters]
2021-11-19T10:23:48,584|[TRACE] NormalizingIdentifierHelperImpl - Normalizing identifier quoting [milliliters]
2021-11-19T10:23:48,584|[DEBUG] Ejb3Column - Binding column: Ejb3Column{table=org.hibernate.mapping.Table(blood_donation), mappingColumn=milliliters, insertable=true, updatable=true, unique=false}
2021-11-19T10:23:48,584|[DEBUG] PropertyBinder - MetadataSourceProcessor property milliliters with lazy=false
2021-11-19T10:23:48,584|[DEBUG] AbstractPropertyHolder - Attempting to locate auto-apply AttributeConverter for property [bloodbank.entity.BloodDonation:milliliters]
2021-11-19T10:23:48,584|[DEBUG] SimpleValueBinder - building SimpleValue for milliliters
2021-11-19T10:23:48,584|[TRACE] NormalizingIdentifierHelperImpl - Normalizing identifier quoting [milliliters]
2021-11-19T10:23:48,584|[TRACE] NormalizingIdentifierHelperImpl - Normalizing identifier quoting [milliliters]
2021-11-19T10:23:48,584|[TRACE] NormalizingIdentifierHelperImpl - Normalizing identifier quoting [milliliters]
2021-11-19T10:23:48,584|[DEBUG] PropertyBinder - Building property milliliters
2021-11-19T10:23:48,584|[TRACE] PropertyBinder - Cascading milliliters with null
2021-11-19T10:23:48,584|[TRACE] AnnotationBinder - Processing annotations of bloodbank.entity.BloodDonation.record
2021-11-19T10:23:48,584|[TRACE] NormalizingIdentifierHelperImpl - Normalizing identifier quoting [donation_id]
2021-11-19T10:23:48,584|[DEBUG] Ejb3Column - Binding column: Ejb3JoinColumn{logicalColumnName='donation_id', referencedColumn='donation_id', mappedBy=''}
2021-11-19T10:23:48,584|[TRACE] NormalizingIdentifierHelperImpl - Normalizing identifier quoting [record]
2021-11-19T10:23:48,584|[TRACE] NormalizingIdentifierHelperImpl - Normalizing identifier quoting [record]
2021-11-19T10:23:48,584|[DEBUG] Ejb3Column - Binding column: Ejb3Column{table=org.hibernate.mapping.Table(blood_donation), mappingColumn=record, insertable=true, updatable=true, unique=false}
2021-11-19T10:23:48,584|[TRACE] AnnotationBinder - Fetching record with SELECT
2021-11-19T10:23:48,584|[DEBUG] AnnotationBinder - Binding entity from annotated class: bloodbank.entity.BloodBank
2021-11-19T10:23:48,585|[TRACE] NormalizingIdentifierHelperImpl - Normalizing identifier quoting [privately_owned]
2021-11-19T10:23:48,585|[DEBUG] Ejb3Column - Binding column: Ejb3DiscriminatorColumn{logicalColumnName'privately_owned', discriminatorTypeName='integer'}
2021-11-19T10:23:48,585|[DEBUG] EntityBinder - Import with entity name BloodBank
2021-11-19T10:23:48,585|[TRACE] InFlightMetadataCollectorImpl - Import: BloodBank -> bloodbank.entity.BloodBank
2021-11-19T10:23:48,585|[TRACE] InFlightMetadataCollectorImpl - Import: bloodbank.entity.BloodBank -> bloodbank.entity.BloodBank
2021-11-19T10:23:48,585|[TRACE] NormalizingIdentifierHelperImpl - Normalizing identifier quoting [blood_bank]
2021-11-19T10:23:48,585|[TRACE] NormalizingIdentifierHelperImpl - Normalizing identifier quoting [blood_bank]
2021-11-19T10:23:48,585|[DEBUG] EntityBinder - Bind entity bloodbank.entity.BloodBank on table blood_bank
2021-11-19T10:23:48,585|[TRACE] NormalizingIdentifierHelperImpl - Normalizing identifier quoting [privately_owned]
2021-11-19T10:23:48,585|[TRACE] AnnotationBinder - Setting discriminator for entity bloodbank.entity.BloodBank
2021-11-19T10:23:48,585|[TRACE] AnnotationBinder - Processing annotations of bloodbank.entity.BloodBank.id
2021-11-19T10:23:48,585|[DEBUG] Ejb3Column - Column(s) overridden for property id
2021-11-19T10:23:48,585|[TRACE] NormalizingIdentifierHelperImpl - Normalizing identifier quoting [bank_id]
2021-11-19T10:23:48,585|[TRACE] NormalizingIdentifierHelperImpl - Normalizing identifier quoting [bank_id]
2021-11-19T10:23:48,585|[DEBUG] Ejb3Column - Binding column: Ejb3Column{table=org.hibernate.mapping.Table(blood_bank), mappingColumn=bank_id, insertable=true, updatable=true, unique=false}
2021-11-19T10:23:48,585|[DEBUG] ClassLoaderAccessImpl - Not known whether passed class name [bloodbank.entity.BloodBank] is safe
2021-11-19T10:23:48,585|[DEBUG] ClassLoaderAccessImpl - No temp ClassLoader provided; using live ClassLoader for loading potentially unsafe class : bloodbank.entity.BloodBank
2021-11-19T10:23:48,585|[DEBUG] PropertyBinder - MetadataSourceProcessor property id with lazy=false
2021-11-19T10:23:48,585|[DEBUG] AbstractPropertyHolder - Attempting to locate auto-apply AttributeConverter for property [bloodbank.entity.BloodBank:id]
2021-11-19T10:23:48,585|[DEBUG] SimpleValueBinder - building SimpleValue for id
2021-11-19T10:23:48,585|[TRACE] NormalizingIdentifierHelperImpl - Normalizing identifier quoting [bank_id]
2021-11-19T10:23:48,585|[DEBUG] PropertyBinder - Building property id
2021-11-19T10:23:48,585|[TRACE] PropertyBinder - Cascading id with null
2021-11-19T10:23:48,585|[DEBUG] BinderHelper - #makeIdGenerator(org.hibernate.mapping.SimpleValue([org.hibernate.mapping.Column(bank_id)]), id, identity, , ...)
2021-11-19T10:23:48,585|[TRACE] AnnotationBinder - Bind @Id on id
2021-11-19T10:23:48,585|[TRACE] AnnotationBinder - Processing annotations of bloodbank.entity.BloodBank.epochCreated
2021-11-19T10:23:48,585|[TRACE] NormalizingIdentifierHelperImpl - Normalizing identifier quoting [created]
2021-11-19T10:23:48,585|[TRACE] NormalizingIdentifierHelperImpl - Normalizing identifier quoting [created]
2021-11-19T10:23:48,585|[DEBUG] Ejb3Column - Binding column: Ejb3Column{table=org.hibernate.mapping.Table(blood_bank), mappingColumn=created, insertable=true, updatable=true, unique=false}
2021-11-19T10:23:48,585|[DEBUG] PropertyBinder - MetadataSourceProcessor property epochCreated with lazy=false
2021-11-19T10:23:48,585|[DEBUG] AbstractPropertyHolder - Attempting to locate auto-apply AttributeConverter for property [bloodbank.entity.BloodBank:epochCreated]
2021-11-19T10:23:48,585|[DEBUG] SimpleValueBinder - building SimpleValue for epochCreated
2021-11-19T10:23:48,585|[TRACE] NormalizingIdentifierHelperImpl - Normalizing identifier quoting [created]
2021-11-19T10:23:48,585|[DEBUG] PropertyBinder - Building property epochCreated
2021-11-19T10:23:48,585|[TRACE] PropertyBinder - Cascading epochCreated with null
2021-11-19T10:23:48,585|[TRACE] AnnotationBinder - Processing annotations of bloodbank.entity.BloodBank.epochUpdated
2021-11-19T10:23:48,585|[TRACE] NormalizingIdentifierHelperImpl - Normalizing identifier quoting [updated]
2021-11-19T10:23:48,585|[TRACE] NormalizingIdentifierHelperImpl - Normalizing identifier quoting [updated]
2021-11-19T10:23:48,585|[DEBUG] Ejb3Column - Binding column: Ejb3Column{table=org.hibernate.mapping.Table(blood_bank), mappingColumn=updated, insertable=true, updatable=true, unique=false}
2021-11-19T10:23:48,585|[DEBUG] PropertyBinder - MetadataSourceProcessor property epochUpdated with lazy=false
2021-11-19T10:23:48,585|[DEBUG] AbstractPropertyHolder - Attempting to locate auto-apply AttributeConverter for property [bloodbank.entity.BloodBank:epochUpdated]
2021-11-19T10:23:48,586|[DEBUG] SimpleValueBinder - building SimpleValue for epochUpdated
2021-11-19T10:23:48,586|[TRACE] NormalizingIdentifierHelperImpl - Normalizing identifier quoting [updated]
2021-11-19T10:23:48,586|[DEBUG] PropertyBinder - Building property epochUpdated
2021-11-19T10:23:48,586|[TRACE] PropertyBinder - Cascading epochUpdated with null
2021-11-19T10:23:48,586|[TRACE] AnnotationBinder - Processing annotations of bloodbank.entity.BloodBank.version
2021-11-19T10:23:48,586|[TRACE] NormalizingIdentifierHelperImpl - Normalizing identifier quoting [version]
2021-11-19T10:23:48,586|[TRACE] NormalizingIdentifierHelperImpl - Normalizing identifier quoting [version]
2021-11-19T10:23:48,586|[DEBUG] Ejb3Column - Binding column: Ejb3Column{table=org.hibernate.mapping.Table(blood_bank), mappingColumn=version, insertable=true, updatable=true, unique=false}
2021-11-19T10:23:48,586|[TRACE] AnnotationBinder - version is a version property
2021-11-19T10:23:48,586|[DEBUG] PropertyBinder - MetadataSourceProcessor property version with lazy=false
2021-11-19T10:23:48,586|[DEBUG] AbstractPropertyHolder - Attempting to locate auto-apply AttributeConverter for property [bloodbank.entity.BloodBank:version]
2021-11-19T10:23:48,586|[DEBUG] SimpleValueBinder - building SimpleValue for version
2021-11-19T10:23:48,586|[TRACE] NormalizingIdentifierHelperImpl - Normalizing identifier quoting [version]
2021-11-19T10:23:48,586|[TRACE] NormalizingIdentifierHelperImpl - Normalizing identifier quoting [version]
2021-11-19T10:23:48,586|[TRACE] NormalizingIdentifierHelperImpl - Normalizing identifier quoting [version]
2021-11-19T10:23:48,586|[DEBUG] PropertyBinder - Building property version
2021-11-19T10:23:48,586|[TRACE] PropertyBinder - Cascading version with null
2021-11-19T10:23:48,586|[TRACE] AnnotationBinder - Version name: version, unsavedValue: undefined
2021-11-19T10:23:48,586|[TRACE] AnnotationBinder - Processing annotations of bloodbank.entity.BloodBank.donations
2021-11-19T10:23:48,586|[DEBUG] Ejb3Column - Binding column: Ejb3JoinColumn{logicalColumnName='null', referencedColumn='null', mappedBy='bank'}
2021-11-19T10:23:48,586|[TRACE] NormalizingIdentifierHelperImpl - Normalizing identifier quoting [donations]
2021-11-19T10:23:48,586|[TRACE] NormalizingIdentifierHelperImpl - Normalizing identifier quoting [donations]
2021-11-19T10:23:48,586|[DEBUG] Ejb3Column - Binding column: Ejb3Column{table=org.hibernate.mapping.Table(blood_bank), mappingColumn=donations, insertable=true, updatable=true, unique=false}
2021-11-19T10:23:48,586|[DEBUG] Ejb3Column - Binding column: Ejb3Column{table=org.hibernate.mapping.Table(blood_bank), mappingColumn=null, insertable=true, updatable=true, unique=false}
2021-11-19T10:23:48,586|[TRACE] NormalizingIdentifierHelperImpl - Normalizing identifier quoting [element]
2021-11-19T10:23:48,586|[TRACE] NormalizingIdentifierHelperImpl - Normalizing identifier quoting [element]
2021-11-19T10:23:48,586|[DEBUG] Ejb3Column - Binding column: Ejb3Column{table=org.hibernate.mapping.Table(blood_bank), mappingColumn=element, insertable=true, updatable=true, unique=false}
2021-11-19T10:23:48,586|[TRACE] NormalizingIdentifierHelperImpl - Normalizing identifier quoting [donations_KEY]
2021-11-19T10:23:48,586|[DEBUG] Ejb3Column - Binding column: Ejb3Column{table=org.hibernate.mapping.Table(blood_bank), mappingColumn=donations_KEY, insertable=true, updatable=true, unique=false}
2021-11-19T10:23:48,586|[TRACE] NormalizingIdentifierHelperImpl - Normalizing identifier quoting [donations_KEY]
2021-11-19T10:23:48,586|[DEBUG] Ejb3Column - Binding column: Ejb3JoinColumn{logicalColumnName='donations_KEY', referencedColumn='null', mappedBy='null'}
2021-11-19T10:23:48,586|[DEBUG] Ejb3Column - Binding column: Ejb3JoinColumn{logicalColumnName='null', referencedColumn='null', mappedBy='bank'}
2021-11-19T10:23:48,586|[DEBUG] Ejb3Column - Binding column: Ejb3JoinColumn{logicalColumnName='null', referencedColumn='null', mappedBy='bank'}
2021-11-19T10:23:48,586|[DEBUG] CollectionBinder - Collection role: bloodbank.entity.BloodBank.donations
2021-11-19T10:23:48,586|[DEBUG] PropertyBinder - Building property donations
2021-11-19T10:23:48,586|[TRACE] PropertyBinder - Cascading donations with all
2021-11-19T10:23:48,586|[TRACE] AnnotationBinder - Processing annotations of bloodbank.entity.BloodBank.name
2021-11-19T10:23:48,586|[TRACE] NormalizingIdentifierHelperImpl - Normalizing identifier quoting [name]
2021-11-19T10:23:48,586|[TRACE] NormalizingIdentifierHelperImpl - Normalizing identifier quoting [name]
2021-11-19T10:23:48,586|[DEBUG] Ejb3Column - Binding column: Ejb3Column{table=org.hibernate.mapping.Table(blood_bank), mappingColumn=name, insertable=true, updatable=true, unique=false}
2021-11-19T10:23:48,586|[DEBUG] PropertyBinder - MetadataSourceProcessor property name with lazy=false
2021-11-19T10:23:48,586|[DEBUG] AbstractPropertyHolder - Attempting to locate auto-apply AttributeConverter for property [bloodbank.entity.BloodBank:name]
2021-11-19T10:23:48,586|[DEBUG] SimpleValueBinder - building SimpleValue for name
2021-11-19T10:23:48,586|[TRACE] NormalizingIdentifierHelperImpl - Normalizing identifier quoting [name]
2021-11-19T10:23:48,586|[TRACE] NormalizingIdentifierHelperImpl - Normalizing identifier quoting [name]
2021-11-19T10:23:48,586|[TRACE] NormalizingIdentifierHelperImpl - Normalizing identifier quoting [name]
2021-11-19T10:23:48,586|[DEBUG] PropertyBinder - Building property name
2021-11-19T10:23:48,586|[TRACE] PropertyBinder - Cascading name with null
2021-11-19T10:23:48,586|[DEBUG] AnnotationBinder - Binding entity from annotated class: bloodbank.entity.PrivateBloodBank
2021-11-19T10:23:48,586|[DEBUG] EntityBinder - Import with entity name PrivateBloodBank
2021-11-19T10:23:48,586|[TRACE] InFlightMetadataCollectorImpl - Import: PrivateBloodBank -> bloodbank.entity.PrivateBloodBank
2021-11-19T10:23:48,586|[TRACE] InFlightMetadataCollectorImpl - Import: bloodbank.entity.PrivateBloodBank -> bloodbank.entity.PrivateBloodBank
2021-11-19T10:23:48,586|[TRACE] NormalizingIdentifierHelperImpl - Normalizing identifier quoting [blood_bank]
2021-11-19T10:23:48,587|[DEBUG] AnnotationBinder - Binding entity from annotated class: bloodbank.entity.Address
2021-11-19T10:23:48,587|[DEBUG] QueryBinder - Binding named query: Address.findAll => SELECT a FROM Address a
2021-11-19T10:23:48,587|[TRACE] NormalizingIdentifierHelperImpl - Normalizing identifier quoting [DTYPE]
2021-11-19T10:23:48,587|[DEBUG] Ejb3Column - Binding column: Ejb3DiscriminatorColumn{logicalColumnName'DTYPE', discriminatorTypeName='string'}
2021-11-19T10:23:48,587|[DEBUG] EntityBinder - Import with entity name Address
2021-11-19T10:23:48,587|[TRACE] InFlightMetadataCollectorImpl - Import: Address -> bloodbank.entity.Address
2021-11-19T10:23:48,587|[TRACE] InFlightMetadataCollectorImpl - Import: bloodbank.entity.Address -> bloodbank.entity.Address
2021-11-19T10:23:48,587|[TRACE] NormalizingIdentifierHelperImpl - Normalizing identifier quoting [address]
2021-11-19T10:23:48,587|[TRACE] NormalizingIdentifierHelperImpl - Normalizing identifier quoting [address]
2021-11-19T10:23:48,587|[DEBUG] EntityBinder - Bind entity bloodbank.entity.Address on table address
2021-11-19T10:23:48,587|[TRACE] AnnotationBinder - Processing annotations of bloodbank.entity.Address.id
2021-11-19T10:23:48,587|[DEBUG] Ejb3Column - Column(s) overridden for property id
2021-11-19T10:23:48,587|[TRACE] NormalizingIdentifierHelperImpl - Normalizing identifier quoting [address_id]
2021-11-19T10:23:48,587|[TRACE] NormalizingIdentifierHelperImpl - Normalizing identifier quoting [address_id]
2021-11-19T10:23:48,587|[DEBUG] Ejb3Column - Binding column: Ejb3Column{table=org.hibernate.mapping.Table(address), mappingColumn=address_id, insertable=true, updatable=true, unique=false}
2021-11-19T10:23:48,587|[DEBUG] ClassLoaderAccessImpl - Not known whether passed class name [bloodbank.entity.Address] is safe
2021-11-19T10:23:48,587|[DEBUG] ClassLoaderAccessImpl - No temp ClassLoader provided; using live ClassLoader for loading potentially unsafe class : bloodbank.entity.Address
2021-11-19T10:23:48,587|[DEBUG] PropertyBinder - MetadataSourceProcessor property id with lazy=false
2021-11-19T10:23:48,587|[DEBUG] AbstractPropertyHolder - Attempting to locate auto-apply AttributeConverter for property [bloodbank.entity.Address:id]
2021-11-19T10:23:48,587|[DEBUG] SimpleValueBinder - building SimpleValue for id
2021-11-19T10:23:48,587|[TRACE] NormalizingIdentifierHelperImpl - Normalizing identifier quoting [address_id]
2021-11-19T10:23:48,587|[DEBUG] PropertyBinder - Building property id
2021-11-19T10:23:48,587|[TRACE] PropertyBinder - Cascading id with null
2021-11-19T10:23:48,587|[DEBUG] BinderHelper - #makeIdGenerator(org.hibernate.mapping.SimpleValue([org.hibernate.mapping.Column(address_id)]), id, identity, , ...)
2021-11-19T10:23:48,587|[TRACE] AnnotationBinder - Bind @Id on id
2021-11-19T10:23:48,587|[TRACE] AnnotationBinder - Processing annotations of bloodbank.entity.Address.epochCreated
2021-11-19T10:23:48,587|[TRACE] NormalizingIdentifierHelperImpl - Normalizing identifier quoting [created]
2021-11-19T10:23:48,587|[TRACE] NormalizingIdentifierHelperImpl - Normalizing identifier quoting [created]
2021-11-19T10:23:48,587|[DEBUG] Ejb3Column - Binding column: Ejb3Column{table=org.hibernate.mapping.Table(address), mappingColumn=created, insertable=true, updatable=true, unique=false}
2021-11-19T10:23:48,587|[DEBUG] PropertyBinder - MetadataSourceProcessor property epochCreated with lazy=false
2021-11-19T10:23:48,588|[DEBUG] AbstractPropertyHolder - Attempting to locate auto-apply AttributeConverter for property [bloodbank.entity.Address:epochCreated]
2021-11-19T10:23:48,588|[DEBUG] SimpleValueBinder - building SimpleValue for epochCreated
2021-11-19T10:23:48,588|[TRACE] NormalizingIdentifierHelperImpl - Normalizing identifier quoting [created]
2021-11-19T10:23:48,588|[DEBUG] PropertyBinder - Building property epochCreated
2021-11-19T10:23:48,588|[TRACE] PropertyBinder - Cascading epochCreated with null
2021-11-19T10:23:48,588|[TRACE] AnnotationBinder - Processing annotations of bloodbank.entity.Address.epochUpdated
2021-11-19T10:23:48,588|[TRACE] NormalizingIdentifierHelperImpl - Normalizing identifier quoting [updated]
2021-11-19T10:23:48,588|[TRACE] NormalizingIdentifierHelperImpl - Normalizing identifier quoting [updated]
2021-11-19T10:23:48,588|[DEBUG] Ejb3Column - Binding column: Ejb3Column{table=org.hibernate.mapping.Table(address), mappingColumn=updated, insertable=true, updatable=true, unique=false}
2021-11-19T10:23:48,588|[DEBUG] PropertyBinder - MetadataSourceProcessor property epochUpdated with lazy=false
2021-11-19T10:23:48,588|[DEBUG] AbstractPropertyHolder - Attempting to locate auto-apply AttributeConverter for property [bloodbank.entity.Address:epochUpdated]
2021-11-19T10:23:48,588|[DEBUG] SimpleValueBinder - building SimpleValue for epochUpdated
2021-11-19T10:23:48,588|[TRACE] NormalizingIdentifierHelperImpl - Normalizing identifier quoting [updated]
2021-11-19T10:23:48,588|[DEBUG] PropertyBinder - Building property epochUpdated
2021-11-19T10:23:48,588|[TRACE] PropertyBinder - Cascading epochUpdated with null
2021-11-19T10:23:48,588|[TRACE] AnnotationBinder - Processing annotations of bloodbank.entity.Address.version
2021-11-19T10:23:48,588|[TRACE] NormalizingIdentifierHelperImpl - Normalizing identifier quoting [version]
2021-11-19T10:23:48,588|[TRACE] NormalizingIdentifierHelperImpl - Normalizing identifier quoting [version]
2021-11-19T10:23:48,588|[DEBUG] Ejb3Column - Binding column: Ejb3Column{table=org.hibernate.mapping.Table(address), mappingColumn=version, insertable=true, updatable=true, unique=false}
2021-11-19T10:23:48,588|[TRACE] AnnotationBinder - version is a version property
2021-11-19T10:23:48,588|[DEBUG] PropertyBinder - MetadataSourceProcessor property version with lazy=false
2021-11-19T10:23:48,588|[DEBUG] AbstractPropertyHolder - Attempting to locate auto-apply AttributeConverter for property [bloodbank.entity.Address:version]
2021-11-19T10:23:48,588|[DEBUG] SimpleValueBinder - building SimpleValue for version
2021-11-19T10:23:48,588|[TRACE] NormalizingIdentifierHelperImpl - Normalizing identifier quoting [version]
2021-11-19T10:23:48,588|[TRACE] NormalizingIdentifierHelperImpl - Normalizing identifier quoting [version]
2021-11-19T10:23:48,588|[TRACE] NormalizingIdentifierHelperImpl - Normalizing identifier quoting [version]
2021-11-19T10:23:48,588|[DEBUG] PropertyBinder - Building property version
2021-11-19T10:23:48,588|[TRACE] PropertyBinder - Cascading version with null
2021-11-19T10:23:48,588|[TRACE] AnnotationBinder - Version name: version, unsavedValue: undefined
2021-11-19T10:23:48,588|[TRACE] AnnotationBinder - Processing annotations of bloodbank.entity.Address.city
2021-11-19T10:23:48,588|[TRACE] NormalizingIdentifierHelperImpl - Normalizing identifier quoting [city]
2021-11-19T10:23:48,588|[TRACE] NormalizingIdentifierHelperImpl - Normalizing identifier quoting [city]
2021-11-19T10:23:48,588|[DEBUG] Ejb3Column - Binding column: Ejb3Column{table=org.hibernate.mapping.Table(address), mappingColumn=city, insertable=true, updatable=true, unique=false}
2021-11-19T10:23:48,588|[DEBUG] PropertyBinder - MetadataSourceProcessor property city with lazy=false
2021-11-19T10:23:48,588|[DEBUG] AbstractPropertyHolder - Attempting to locate auto-apply AttributeConverter for property [bloodbank.entity.Address:city]
2021-11-19T10:23:48,588|[DEBUG] SimpleValueBinder - building SimpleValue for city
2021-11-19T10:23:48,588|[TRACE] NormalizingIdentifierHelperImpl - Normalizing identifier quoting [city]
2021-11-19T10:23:48,588|[TRACE] NormalizingIdentifierHelperImpl - Normalizing identifier quoting [city]
2021-11-19T10:23:48,588|[TRACE] NormalizingIdentifierHelperImpl - Normalizing identifier quoting [city]
2021-11-19T10:23:48,588|[DEBUG] PropertyBinder - Building property city
2021-11-19T10:23:48,588|[TRACE] PropertyBinder - Cascading city with null
2021-11-19T10:23:48,588|[TRACE] AnnotationBinder - Processing annotations of bloodbank.entity.Address.contacts
2021-11-19T10:23:48,588|[TRACE] NormalizingIdentifierHelperImpl - Normalizing identifier quoting [address_id]
2021-11-19T10:23:48,588|[DEBUG] Ejb3Column - Binding column: Ejb3JoinColumn{logicalColumnName='address_id', referencedColumn='address_id', mappedBy=''}
2021-11-19T10:23:48,588|[TRACE] NormalizingIdentifierHelperImpl - Normalizing identifier quoting [contacts]
2021-11-19T10:23:48,588|[TRACE] NormalizingIdentifierHelperImpl - Normalizing identifier quoting [contacts]
2021-11-19T10:23:48,588|[DEBUG] Ejb3Column - Binding column: Ejb3Column{table=org.hibernate.mapping.Table(address), mappingColumn=contacts, insertable=true, updatable=true, unique=false}
2021-11-19T10:23:48,588|[DEBUG] Ejb3Column - Binding column: Ejb3Column{table=org.hibernate.mapping.Table(address), mappingColumn=null, insertable=true, updatable=true, unique=false}
2021-11-19T10:23:48,588|[TRACE] NormalizingIdentifierHelperImpl - Normalizing identifier quoting [element]
2021-11-19T10:23:48,588|[TRACE] NormalizingIdentifierHelperImpl - Normalizing identifier quoting [element]
2021-11-19T10:23:48,588|[DEBUG] Ejb3Column - Binding column: Ejb3Column{table=org.hibernate.mapping.Table(address), mappingColumn=element, insertable=true, updatable=true, unique=false}
2021-11-19T10:23:48,588|[TRACE] NormalizingIdentifierHelperImpl - Normalizing identifier quoting [contacts_KEY]
2021-11-19T10:23:48,588|[DEBUG] Ejb3Column - Binding column: Ejb3Column{table=org.hibernate.mapping.Table(address), mappingColumn=contacts_KEY, insertable=true, updatable=true, unique=false}
2021-11-19T10:23:48,588|[TRACE] NormalizingIdentifierHelperImpl - Normalizing identifier quoting [contacts_KEY]
2021-11-19T10:23:48,588|[DEBUG] Ejb3Column - Binding column: Ejb3JoinColumn{logicalColumnName='contacts_KEY', referencedColumn='null', mappedBy='null'}
2021-11-19T10:23:48,588|[DEBUG] Ejb3Column - Binding column: Ejb3JoinColumn{logicalColumnName='null', referencedColumn='null', mappedBy=''}
2021-11-19T10:23:48,588|[DEBUG] Ejb3Column - Binding column: Ejb3JoinColumn{logicalColumnName='null', referencedColumn='null', mappedBy=''}
2021-11-19T10:23:48,588|[DEBUG] CollectionBinder - Collection role: bloodbank.entity.Address.contacts
2021-11-19T10:23:48,588|[DEBUG] PropertyBinder - Building property contacts
2021-11-19T10:23:48,588|[TRACE] PropertyBinder - Cascading contacts with none
2021-11-19T10:23:48,588|[TRACE] AnnotationBinder - Processing annotations of bloodbank.entity.Address.country
2021-11-19T10:23:48,588|[TRACE] NormalizingIdentifierHelperImpl - Normalizing identifier quoting [country]
2021-11-19T10:23:48,588|[TRACE] NormalizingIdentifierHelperImpl - Normalizing identifier quoting [country]
2021-11-19T10:23:48,588|[DEBUG] Ejb3Column - Binding column: Ejb3Column{table=org.hibernate.mapping.Table(address), mappingColumn=country, insertable=true, updatable=true, unique=false}
2021-11-19T10:23:48,588|[DEBUG] PropertyBinder - MetadataSourceProcessor property country with lazy=false
2021-11-19T10:23:48,588|[DEBUG] AbstractPropertyHolder - Attempting to locate auto-apply AttributeConverter for property [bloodbank.entity.Address:country]
2021-11-19T10:23:48,589|[DEBUG] SimpleValueBinder - building SimpleValue for country
2021-11-19T10:23:48,589|[TRACE] NormalizingIdentifierHelperImpl - Normalizing identifier quoting [country]
2021-11-19T10:23:48,589|[TRACE] NormalizingIdentifierHelperImpl - Normalizing identifier quoting [country]
2021-11-19T10:23:48,589|[TRACE] NormalizingIdentifierHelperImpl - Normalizing identifier quoting [country]
2021-11-19T10:23:48,589|[DEBUG] PropertyBinder - Building property country
2021-11-19T10:23:48,589|[TRACE] PropertyBinder - Cascading country with null
2021-11-19T10:23:48,589|[TRACE] AnnotationBinder - Processing annotations of bloodbank.entity.Address.province
2021-11-19T10:23:48,589|[TRACE] NormalizingIdentifierHelperImpl - Normalizing identifier quoting [province]
2021-11-19T10:23:48,589|[TRACE] NormalizingIdentifierHelperImpl - Normalizing identifier quoting [province]
2021-11-19T10:23:48,589|[DEBUG] Ejb3Column - Binding column: Ejb3Column{table=org.hibernate.mapping.Table(address), mappingColumn=province, insertable=true, updatable=true, unique=false}
2021-11-19T10:23:48,589|[DEBUG] PropertyBinder - MetadataSourceProcessor property province with lazy=false
2021-11-19T10:23:48,589|[DEBUG] AbstractPropertyHolder - Attempting to locate auto-apply AttributeConverter for property [bloodbank.entity.Address:province]
2021-11-19T10:23:48,589|[DEBUG] SimpleValueBinder - building SimpleValue for province
2021-11-19T10:23:48,589|[TRACE] NormalizingIdentifierHelperImpl - Normalizing identifier quoting [province]
2021-11-19T10:23:48,589|[TRACE] NormalizingIdentifierHelperImpl - Normalizing identifier quoting [province]
2021-11-19T10:23:48,589|[TRACE] NormalizingIdentifierHelperImpl - Normalizing identifier quoting [province]
2021-11-19T10:23:48,589|[DEBUG] PropertyBinder - Building property province
2021-11-19T10:23:48,589|[TRACE] PropertyBinder - Cascading province with null
2021-11-19T10:23:48,589|[TRACE] AnnotationBinder - Processing annotations of bloodbank.entity.Address.street
2021-11-19T10:23:48,589|[TRACE] NormalizingIdentifierHelperImpl - Normalizing identifier quoting [street]
2021-11-19T10:23:48,589|[TRACE] NormalizingIdentifierHelperImpl - Normalizing identifier quoting [street]
2021-11-19T10:23:48,589|[DEBUG] Ejb3Column - Binding column: Ejb3Column{table=org.hibernate.mapping.Table(address), mappingColumn=street, insertable=true, updatable=true, unique=false}
2021-11-19T10:23:48,589|[DEBUG] PropertyBinder - MetadataSourceProcessor property street with lazy=false
2021-11-19T10:23:48,589|[DEBUG] AbstractPropertyHolder - Attempting to locate auto-apply AttributeConverter for property [bloodbank.entity.Address:street]
2021-11-19T10:23:48,589|[DEBUG] SimpleValueBinder - building SimpleValue for street
2021-11-19T10:23:48,589|[TRACE] NormalizingIdentifierHelperImpl - Normalizing identifier quoting [street]
2021-11-19T10:23:48,589|[TRACE] NormalizingIdentifierHelperImpl - Normalizing identifier quoting [street]
2021-11-19T10:23:48,589|[TRACE] NormalizingIdentifierHelperImpl - Normalizing identifier quoting [street]
2021-11-19T10:23:48,589|[DEBUG] PropertyBinder - Building property street
2021-11-19T10:23:48,589|[TRACE] PropertyBinder - Cascading street with null
2021-11-19T10:23:48,589|[TRACE] AnnotationBinder - Processing annotations of bloodbank.entity.Address.streetNumber
2021-11-19T10:23:48,589|[TRACE] NormalizingIdentifierHelperImpl - Normalizing identifier quoting [street_number]
2021-11-19T10:23:48,589|[TRACE] NormalizingIdentifierHelperImpl - Normalizing identifier quoting [street_number]
2021-11-19T10:23:48,589|[DEBUG] Ejb3Column - Binding column: Ejb3Column{table=org.hibernate.mapping.Table(address), mappingColumn=street_number, insertable=true, updatable=true, unique=false}
2021-11-19T10:23:48,589|[DEBUG] PropertyBinder - MetadataSourceProcessor property streetNumber with lazy=false
2021-11-19T10:23:48,589|[DEBUG] AbstractPropertyHolder - Attempting to locate auto-apply AttributeConverter for property [bloodbank.entity.Address:streetNumber]
2021-11-19T10:23:48,589|[DEBUG] SimpleValueBinder - building SimpleValue for streetNumber
2021-11-19T10:23:48,589|[TRACE] NormalizingIdentifierHelperImpl - Normalizing identifier quoting [street_number]
2021-11-19T10:23:48,589|[DEBUG] PropertyBinder - Building property streetNumber
2021-11-19T10:23:48,589|[TRACE] PropertyBinder - Cascading streetNumber with null
2021-11-19T10:23:48,589|[TRACE] AnnotationBinder - Processing annotations of bloodbank.entity.Address.zipcode
2021-11-19T10:23:48,589|[TRACE] NormalizingIdentifierHelperImpl - Normalizing identifier quoting [zipcode]
2021-11-19T10:23:48,589|[TRACE] NormalizingIdentifierHelperImpl - Normalizing identifier quoting [zipcode]
2021-11-19T10:23:48,589|[DEBUG] Ejb3Column - Binding column: Ejb3Column{table=org.hibernate.mapping.Table(address), mappingColumn=zipcode, insertable=true, updatable=true, unique=false}
2021-11-19T10:23:48,589|[DEBUG] PropertyBinder - MetadataSourceProcessor property zipcode with lazy=false
2021-11-19T10:23:48,589|[DEBUG] AbstractPropertyHolder - Attempting to locate auto-apply AttributeConverter for property [bloodbank.entity.Address:zipcode]
2021-11-19T10:23:48,589|[DEBUG] SimpleValueBinder - building SimpleValue for zipcode
2021-11-19T10:23:48,589|[TRACE] NormalizingIdentifierHelperImpl - Normalizing identifier quoting [zipcode]
2021-11-19T10:23:48,589|[TRACE] NormalizingIdentifierHelperImpl - Normalizing identifier quoting [zipcode]
2021-11-19T10:23:48,589|[TRACE] NormalizingIdentifierHelperImpl - Normalizing identifier quoting [zipcode]
2021-11-19T10:23:48,589|[DEBUG] PropertyBinder - Building property zipcode
2021-11-19T10:23:48,589|[TRACE] PropertyBinder - Cascading zipcode with null
2021-11-19T10:23:48,589|[DEBUG] AnnotationBinder - Binding entity from annotated class: bloodbank.entity.Person
2021-11-19T10:23:48,589|[TRACE] NormalizingIdentifierHelperImpl - Normalizing identifier quoting [DTYPE]
2021-11-19T10:23:48,589|[DEBUG] Ejb3Column - Binding column: Ejb3DiscriminatorColumn{logicalColumnName'DTYPE', discriminatorTypeName='string'}
2021-11-19T10:23:48,589|[DEBUG] EntityBinder - Import with entity name Person
2021-11-19T10:23:48,589|[TRACE] InFlightMetadataCollectorImpl - Import: Person -> bloodbank.entity.Person
2021-11-19T10:23:48,589|[TRACE] InFlightMetadataCollectorImpl - Import: bloodbank.entity.Person -> bloodbank.entity.Person
2021-11-19T10:23:48,589|[TRACE] NormalizingIdentifierHelperImpl - Normalizing identifier quoting [person]
2021-11-19T10:23:48,589|[TRACE] NormalizingIdentifierHelperImpl - Normalizing identifier quoting [person]
2021-11-19T10:23:48,589|[DEBUG] EntityBinder - Bind entity bloodbank.entity.Person on table person
2021-11-19T10:23:48,589|[TRACE] AnnotationBinder - Processing annotations of bloodbank.entity.Person.id
2021-11-19T10:23:48,589|[TRACE] NormalizingIdentifierHelperImpl - Normalizing identifier quoting [id]
2021-11-19T10:23:48,589|[TRACE] NormalizingIdentifierHelperImpl - Normalizing identifier quoting [id]
2021-11-19T10:23:48,589|[DEBUG] Ejb3Column - Binding column: Ejb3Column{table=org.hibernate.mapping.Table(person), mappingColumn=id, insertable=true, updatable=true, unique=false}
2021-11-19T10:23:48,589|[DEBUG] ClassLoaderAccessImpl - Not known whether passed class name [bloodbank.entity.Person] is safe
2021-11-19T10:23:48,589|[DEBUG] ClassLoaderAccessImpl - No temp ClassLoader provided; using live ClassLoader for loading potentially unsafe class : bloodbank.entity.Person
2021-11-19T10:23:48,590|[DEBUG] PropertyBinder - MetadataSourceProcessor property id with lazy=false
2021-11-19T10:23:48,590|[DEBUG] AbstractPropertyHolder - Attempting to locate auto-apply AttributeConverter for property [bloodbank.entity.Person:id]
2021-11-19T10:23:48,590|[DEBUG] SimpleValueBinder - building SimpleValue for id
2021-11-19T10:23:48,590|[TRACE] NormalizingIdentifierHelperImpl - Normalizing identifier quoting [id]
2021-11-19T10:23:48,590|[TRACE] NormalizingIdentifierHelperImpl - Normalizing identifier quoting [id]
2021-11-19T10:23:48,590|[TRACE] NormalizingIdentifierHelperImpl - Normalizing identifier quoting [id]
2021-11-19T10:23:48,590|[DEBUG] PropertyBinder - Building property id
2021-11-19T10:23:48,590|[TRACE] PropertyBinder - Cascading id with null
2021-11-19T10:23:48,590|[DEBUG] BinderHelper - #makeIdGenerator(org.hibernate.mapping.SimpleValue([org.hibernate.mapping.Column(id)]), id, identity, , ...)
2021-11-19T10:23:48,590|[TRACE] AnnotationBinder - Bind @Id on id
2021-11-19T10:23:48,590|[TRACE] AnnotationBinder - Processing annotations of bloodbank.entity.Person.epochCreated
2021-11-19T10:23:48,590|[TRACE] NormalizingIdentifierHelperImpl - Normalizing identifier quoting [created]
2021-11-19T10:23:48,590|[TRACE] NormalizingIdentifierHelperImpl - Normalizing identifier quoting [created]
2021-11-19T10:23:48,590|[DEBUG] Ejb3Column - Binding column: Ejb3Column{table=org.hibernate.mapping.Table(person), mappingColumn=created, insertable=true, updatable=true, unique=false}
2021-11-19T10:23:48,590|[DEBUG] PropertyBinder - MetadataSourceProcessor property epochCreated with lazy=false
2021-11-19T10:23:48,590|[DEBUG] AbstractPropertyHolder - Attempting to locate auto-apply AttributeConverter for property [bloodbank.entity.Person:epochCreated]
2021-11-19T10:23:48,590|[DEBUG] SimpleValueBinder - building SimpleValue for epochCreated
2021-11-19T10:23:48,590|[TRACE] NormalizingIdentifierHelperImpl - Normalizing identifier quoting [created]
2021-11-19T10:23:48,590|[DEBUG] PropertyBinder - Building property epochCreated
2021-11-19T10:23:48,590|[TRACE] PropertyBinder - Cascading epochCreated with null
2021-11-19T10:23:48,590|[TRACE] AnnotationBinder - Processing annotations of bloodbank.entity.Person.epochUpdated
2021-11-19T10:23:48,590|[TRACE] NormalizingIdentifierHelperImpl - Normalizing identifier quoting [updated]
2021-11-19T10:23:48,590|[TRACE] NormalizingIdentifierHelperImpl - Normalizing identifier quoting [updated]
2021-11-19T10:23:48,590|[DEBUG] Ejb3Column - Binding column: Ejb3Column{table=org.hibernate.mapping.Table(person), mappingColumn=updated, insertable=true, updatable=true, unique=false}
2021-11-19T10:23:48,590|[DEBUG] PropertyBinder - MetadataSourceProcessor property epochUpdated with lazy=false
2021-11-19T10:23:48,590|[DEBUG] AbstractPropertyHolder - Attempting to locate auto-apply AttributeConverter for property [bloodbank.entity.Person:epochUpdated]
2021-11-19T10:23:48,590|[DEBUG] SimpleValueBinder - building SimpleValue for epochUpdated
2021-11-19T10:23:48,590|[TRACE] NormalizingIdentifierHelperImpl - Normalizing identifier quoting [updated]
2021-11-19T10:23:48,590|[DEBUG] PropertyBinder - Building property epochUpdated
2021-11-19T10:23:48,590|[TRACE] PropertyBinder - Cascading epochUpdated with null
2021-11-19T10:23:48,590|[TRACE] AnnotationBinder - Processing annotations of bloodbank.entity.Person.version
2021-11-19T10:23:48,590|[TRACE] NormalizingIdentifierHelperImpl - Normalizing identifier quoting [version]
2021-11-19T10:23:48,590|[TRACE] NormalizingIdentifierHelperImpl - Normalizing identifier quoting [version]
2021-11-19T10:23:48,590|[DEBUG] Ejb3Column - Binding column: Ejb3Column{table=org.hibernate.mapping.Table(person), mappingColumn=version, insertable=true, updatable=true, unique=false}
2021-11-19T10:23:48,590|[TRACE] AnnotationBinder - version is a version property
2021-11-19T10:23:48,590|[DEBUG] PropertyBinder - MetadataSourceProcessor property version with lazy=false
2021-11-19T10:23:48,590|[DEBUG] AbstractPropertyHolder - Attempting to locate auto-apply AttributeConverter for property [bloodbank.entity.Person:version]
2021-11-19T10:23:48,590|[DEBUG] SimpleValueBinder - building SimpleValue for version
2021-11-19T10:23:48,590|[TRACE] NormalizingIdentifierHelperImpl - Normalizing identifier quoting [version]
2021-11-19T10:23:48,590|[TRACE] NormalizingIdentifierHelperImpl - Normalizing identifier quoting [version]
2021-11-19T10:23:48,590|[TRACE] NormalizingIdentifierHelperImpl - Normalizing identifier quoting [version]
2021-11-19T10:23:48,590|[DEBUG] PropertyBinder - Building property version
2021-11-19T10:23:48,590|[TRACE] PropertyBinder - Cascading version with null
2021-11-19T10:23:48,590|[TRACE] AnnotationBinder - Version name: version, unsavedValue: undefined
2021-11-19T10:23:48,590|[TRACE] AnnotationBinder - Processing annotations of bloodbank.entity.Person.contacts
2021-11-19T10:23:48,590|[DEBUG] Ejb3Column - Binding column: Ejb3JoinColumn{logicalColumnName='null', referencedColumn='null', mappedBy='owner'}
2021-11-19T10:23:48,590|[TRACE] NormalizingIdentifierHelperImpl - Normalizing identifier quoting [contacts]
2021-11-19T10:23:48,590|[TRACE] NormalizingIdentifierHelperImpl - Normalizing identifier quoting [contacts]
2021-11-19T10:23:48,590|[DEBUG] Ejb3Column - Binding column: Ejb3Column{table=org.hibernate.mapping.Table(person), mappingColumn=contacts, insertable=true, updatable=true, unique=false}
2021-11-19T10:23:48,590|[DEBUG] Ejb3Column - Binding column: Ejb3Column{table=org.hibernate.mapping.Table(person), mappingColumn=null, insertable=true, updatable=true, unique=false}
2021-11-19T10:23:48,590|[TRACE] NormalizingIdentifierHelperImpl - Normalizing identifier quoting [element]
2021-11-19T10:23:48,590|[TRACE] NormalizingIdentifierHelperImpl - Normalizing identifier quoting [element]
2021-11-19T10:23:48,590|[DEBUG] Ejb3Column - Binding column: Ejb3Column{table=org.hibernate.mapping.Table(person), mappingColumn=element, insertable=true, updatable=true, unique=false}
2021-11-19T10:23:48,590|[TRACE] NormalizingIdentifierHelperImpl - Normalizing identifier quoting [contacts_KEY]
2021-11-19T10:23:48,590|[DEBUG] Ejb3Column - Binding column: Ejb3Column{table=org.hibernate.mapping.Table(person), mappingColumn=contacts_KEY, insertable=true, updatable=true, unique=false}
2021-11-19T10:23:48,590|[TRACE] NormalizingIdentifierHelperImpl - Normalizing identifier quoting [contacts_KEY]
2021-11-19T10:23:48,590|[DEBUG] Ejb3Column - Binding column: Ejb3JoinColumn{logicalColumnName='contacts_KEY', referencedColumn='null', mappedBy='null'}
2021-11-19T10:23:48,590|[DEBUG] Ejb3Column - Binding column: Ejb3JoinColumn{logicalColumnName='null', referencedColumn='null', mappedBy='owner'}
2021-11-19T10:23:48,590|[DEBUG] Ejb3Column - Binding column: Ejb3JoinColumn{logicalColumnName='null', referencedColumn='null', mappedBy='owner'}
2021-11-19T10:23:48,590|[DEBUG] CollectionBinder - Collection role: bloodbank.entity.Person.contacts
2021-11-19T10:23:48,590|[DEBUG] PropertyBinder - Building property contacts
2021-11-19T10:23:48,590|[TRACE] PropertyBinder - Cascading contacts with persist,merge,refresh,evict
2021-11-19T10:23:48,590|[TRACE] AnnotationBinder - Processing annotations of bloodbank.entity.Person.donations
2021-11-19T10:23:48,590|[DEBUG] Ejb3Column - Binding column: Ejb3JoinColumn{logicalColumnName='null', referencedColumn='null', mappedBy='owner'}
2021-11-19T10:23:48,591|[TRACE] NormalizingIdentifierHelperImpl - Normalizing identifier quoting [donations]
2021-11-19T10:23:48,591|[TRACE] NormalizingIdentifierHelperImpl - Normalizing identifier quoting [donations]
2021-11-19T10:23:48,591|[DEBUG] Ejb3Column - Binding column: Ejb3Column{table=org.hibernate.mapping.Table(person), mappingColumn=donations, insertable=true, updatable=true, unique=false}
2021-11-19T10:23:48,591|[DEBUG] Ejb3Column - Binding column: Ejb3Column{table=org.hibernate.mapping.Table(person), mappingColumn=null, insertable=true, updatable=true, unique=false}
2021-11-19T10:23:48,591|[TRACE] NormalizingIdentifierHelperImpl - Normalizing identifier quoting [element]
2021-11-19T10:23:48,591|[TRACE] NormalizingIdentifierHelperImpl - Normalizing identifier quoting [element]
2021-11-19T10:23:48,591|[DEBUG] Ejb3Column - Binding column: Ejb3Column{table=org.hibernate.mapping.Table(person), mappingColumn=element, insertable=true, updatable=true, unique=false}
2021-11-19T10:23:48,591|[TRACE] NormalizingIdentifierHelperImpl - Normalizing identifier quoting [donations_KEY]
2021-11-19T10:23:48,591|[DEBUG] Ejb3Column - Binding column: Ejb3Column{table=org.hibernate.mapping.Table(person), mappingColumn=donations_KEY, insertable=true, updatable=true, unique=false}
2021-11-19T10:23:48,591|[TRACE] NormalizingIdentifierHelperImpl - Normalizing identifier quoting [donations_KEY]
2021-11-19T10:23:48,591|[DEBUG] Ejb3Column - Binding column: Ejb3JoinColumn{logicalColumnName='donations_KEY', referencedColumn='null', mappedBy='null'}
2021-11-19T10:23:48,591|[DEBUG] Ejb3Column - Binding column: Ejb3JoinColumn{logicalColumnName='null', referencedColumn='null', mappedBy='owner'}
2021-11-19T10:23:48,591|[DEBUG] Ejb3Column - Binding column: Ejb3JoinColumn{logicalColumnName='null', referencedColumn='null', mappedBy='owner'}
2021-11-19T10:23:48,610|[DEBUG] CollectionBinder - Collection role: bloodbank.entity.Person.donations
2021-11-19T10:23:48,610|[DEBUG] PropertyBinder - Building property donations
2021-11-19T10:23:48,611|[TRACE] PropertyBinder - Cascading donations with persist,merge,refresh,evict
2021-11-19T10:23:48,611|[TRACE] AnnotationBinder - Processing annotations of bloodbank.entity.Person.firstName
2021-11-19T10:23:48,611|[TRACE] NormalizingIdentifierHelperImpl - Normalizing identifier quoting [first_name]
2021-11-19T10:23:48,611|[TRACE] NormalizingIdentifierHelperImpl - Normalizing identifier quoting [first_name]
2021-11-19T10:23:48,611|[DEBUG] Ejb3Column - Binding column: Ejb3Column{table=org.hibernate.mapping.Table(person), mappingColumn=first_name, insertable=true, updatable=true, unique=false}
2021-11-19T10:23:48,611|[DEBUG] PropertyBinder - MetadataSourceProcessor property firstName with lazy=false
2021-11-19T10:23:48,611|[DEBUG] AbstractPropertyHolder - Attempting to locate auto-apply AttributeConverter for property [bloodbank.entity.Person:firstName]
2021-11-19T10:23:48,611|[DEBUG] SimpleValueBinder - building SimpleValue for firstName
2021-11-19T10:23:48,611|[TRACE] NormalizingIdentifierHelperImpl - Normalizing identifier quoting [first_name]
2021-11-19T10:23:48,611|[DEBUG] PropertyBinder - Building property firstName
2021-11-19T10:23:48,611|[TRACE] PropertyBinder - Cascading firstName with null
2021-11-19T10:23:48,611|[TRACE] AnnotationBinder - Processing annotations of bloodbank.entity.Person.lastName
2021-11-19T10:23:48,611|[TRACE] NormalizingIdentifierHelperImpl - Normalizing identifier quoting [last_name]
2021-11-19T10:23:48,611|[TRACE] NormalizingIdentifierHelperImpl - Normalizing identifier quoting [last_name]
2021-11-19T10:23:48,611|[DEBUG] Ejb3Column - Binding column: Ejb3Column{table=org.hibernate.mapping.Table(person), mappingColumn=last_name, insertable=true, updatable=true, unique=false}
2021-11-19T10:23:48,611|[DEBUG] PropertyBinder - MetadataSourceProcessor property lastName with lazy=false
2021-11-19T10:23:48,611|[DEBUG] AbstractPropertyHolder - Attempting to locate auto-apply AttributeConverter for property [bloodbank.entity.Person:lastName]
2021-11-19T10:23:48,611|[DEBUG] SimpleValueBinder - building SimpleValue for lastName
2021-11-19T10:23:48,611|[TRACE] NormalizingIdentifierHelperImpl - Normalizing identifier quoting [last_name]
2021-11-19T10:23:48,611|[DEBUG] PropertyBinder - Building property lastName
2021-11-19T10:23:48,611|[TRACE] PropertyBinder - Cascading lastName with null
2021-11-19T10:23:48,611|[DEBUG] AnnotationBinder - Binding entity from annotated class: bloodbank.entity.PublicBloodBank
2021-11-19T10:23:48,612|[DEBUG] EntityBinder - Import with entity name PublicBloodBank
2021-11-19T10:23:48,612|[TRACE] InFlightMetadataCollectorImpl - Import: PublicBloodBank -> bloodbank.entity.PublicBloodBank
2021-11-19T10:23:48,612|[TRACE] InFlightMetadataCollectorImpl - Import: bloodbank.entity.PublicBloodBank -> bloodbank.entity.PublicBloodBank
2021-11-19T10:23:48,612|[TRACE] NormalizingIdentifierHelperImpl - Normalizing identifier quoting [blood_bank]
2021-11-19T10:23:48,612|[DEBUG] AnnotationBinder - Binding entity from annotated class: bloodbank.entity.DonationRecord
2021-11-19T10:23:48,612|[TRACE] NormalizingIdentifierHelperImpl - Normalizing identifier quoting [DTYPE]
2021-11-19T10:23:48,612|[DEBUG] Ejb3Column - Binding column: Ejb3DiscriminatorColumn{logicalColumnName'DTYPE', discriminatorTypeName='string'}
2021-11-19T10:23:48,612|[DEBUG] EntityBinder - Import with entity name DonationRecord
2021-11-19T10:23:48,612|[TRACE] InFlightMetadataCollectorImpl - Import: DonationRecord -> bloodbank.entity.DonationRecord
2021-11-19T10:23:48,612|[TRACE] InFlightMetadataCollectorImpl - Import: bloodbank.entity.DonationRecord -> bloodbank.entity.DonationRecord
2021-11-19T10:23:48,612|[TRACE] NormalizingIdentifierHelperImpl - Normalizing identifier quoting [donation_record]
2021-11-19T10:23:48,612|[TRACE] NormalizingIdentifierHelperImpl - Normalizing identifier quoting [donation_record]
2021-11-19T10:23:48,612|[DEBUG] EntityBinder - Bind entity bloodbank.entity.DonationRecord on table donation_record
2021-11-19T10:23:48,612|[TRACE] AnnotationBinder - Processing annotations of bloodbank.entity.DonationRecord.id
2021-11-19T10:23:48,612|[DEBUG] Ejb3Column - Column(s) overridden for property id
2021-11-19T10:23:48,612|[TRACE] NormalizingIdentifierHelperImpl - Normalizing identifier quoting [record_id]
2021-11-19T10:23:48,612|[TRACE] NormalizingIdentifierHelperImpl - Normalizing identifier quoting [record_id]
2021-11-19T10:23:48,612|[DEBUG] Ejb3Column - Binding column: Ejb3Column{table=org.hibernate.mapping.Table(donation_record), mappingColumn=record_id, insertable=true, updatable=true, unique=false}
2021-11-19T10:23:48,612|[DEBUG] ClassLoaderAccessImpl - Not known whether passed class name [bloodbank.entity.DonationRecord] is safe
2021-11-19T10:23:48,612|[DEBUG] ClassLoaderAccessImpl - No temp ClassLoader provided; using live ClassLoader for loading potentially unsafe class : bloodbank.entity.DonationRecord
2021-11-19T10:23:48,612|[DEBUG] PropertyBinder - MetadataSourceProcessor property id with lazy=false
2021-11-19T10:23:48,612|[DEBUG] AbstractPropertyHolder - Attempting to locate auto-apply AttributeConverter for property [bloodbank.entity.DonationRecord:id]
2021-11-19T10:23:48,612|[DEBUG] SimpleValueBinder - building SimpleValue for id
2021-11-19T10:23:48,613|[TRACE] NormalizingIdentifierHelperImpl - Normalizing identifier quoting [record_id]
2021-11-19T10:23:48,613|[DEBUG] PropertyBinder - Building property id
2021-11-19T10:23:48,613|[TRACE] PropertyBinder - Cascading id with null
2021-11-19T10:23:48,613|[DEBUG] BinderHelper - #makeIdGenerator(org.hibernate.mapping.SimpleValue([org.hibernate.mapping.Column(record_id)]), id, identity, , ...)
2021-11-19T10:23:48,613|[TRACE] AnnotationBinder - Bind @Id on id
2021-11-19T10:23:48,613|[TRACE] AnnotationBinder - Processing annotations of bloodbank.entity.DonationRecord.epochCreated
2021-11-19T10:23:48,613|[TRACE] NormalizingIdentifierHelperImpl - Normalizing identifier quoting [created]
2021-11-19T10:23:48,613|[TRACE] NormalizingIdentifierHelperImpl - Normalizing identifier quoting [created]
2021-11-19T10:23:48,613|[DEBUG] Ejb3Column - Binding column: Ejb3Column{table=org.hibernate.mapping.Table(donation_record), mappingColumn=created, insertable=true, updatable=true, unique=false}
2021-11-19T10:23:48,613|[DEBUG] PropertyBinder - MetadataSourceProcessor property epochCreated with lazy=false
2021-11-19T10:23:48,613|[DEBUG] AbstractPropertyHolder - Attempting to locate auto-apply AttributeConverter for property [bloodbank.entity.DonationRecord:epochCreated]
2021-11-19T10:23:48,613|[DEBUG] SimpleValueBinder - building SimpleValue for epochCreated
2021-11-19T10:23:48,613|[TRACE] NormalizingIdentifierHelperImpl - Normalizing identifier quoting [created]
2021-11-19T10:23:48,613|[DEBUG] PropertyBinder - Building property epochCreated
2021-11-19T10:23:48,613|[TRACE] PropertyBinder - Cascading epochCreated with null
2021-11-19T10:23:48,613|[TRACE] AnnotationBinder - Processing annotations of bloodbank.entity.DonationRecord.epochUpdated
2021-11-19T10:23:48,613|[TRACE] NormalizingIdentifierHelperImpl - Normalizing identifier quoting [updated]
2021-11-19T10:23:48,613|[TRACE] NormalizingIdentifierHelperImpl - Normalizing identifier quoting [updated]
2021-11-19T10:23:48,613|[DEBUG] Ejb3Column - Binding column: Ejb3Column{table=org.hibernate.mapping.Table(donation_record), mappingColumn=updated, insertable=true, updatable=true, unique=false}
2021-11-19T10:23:48,613|[DEBUG] PropertyBinder - MetadataSourceProcessor property epochUpdated with lazy=false
2021-11-19T10:23:48,613|[DEBUG] AbstractPropertyHolder - Attempting to locate auto-apply AttributeConverter for property [bloodbank.entity.DonationRecord:epochUpdated]
2021-11-19T10:23:48,613|[DEBUG] SimpleValueBinder - building SimpleValue for epochUpdated
2021-11-19T10:23:48,613|[TRACE] NormalizingIdentifierHelperImpl - Normalizing identifier quoting [updated]
2021-11-19T10:23:48,613|[DEBUG] PropertyBinder - Building property epochUpdated
2021-11-19T10:23:48,613|[TRACE] PropertyBinder - Cascading epochUpdated with null
2021-11-19T10:23:48,613|[TRACE] AnnotationBinder - Processing annotations of bloodbank.entity.DonationRecord.version
2021-11-19T10:23:48,613|[TRACE] NormalizingIdentifierHelperImpl - Normalizing identifier quoting [version]
2021-11-19T10:23:48,613|[TRACE] NormalizingIdentifierHelperImpl - Normalizing identifier quoting [version]
2021-11-19T10:23:48,613|[DEBUG] Ejb3Column - Binding column: Ejb3Column{table=org.hibernate.mapping.Table(donation_record), mappingColumn=version, insertable=true, updatable=true, unique=false}
2021-11-19T10:23:48,613|[TRACE] AnnotationBinder - version is a version property
2021-11-19T10:23:48,613|[DEBUG] PropertyBinder - MetadataSourceProcessor property version with lazy=false
2021-11-19T10:23:48,613|[DEBUG] AbstractPropertyHolder - Attempting to locate auto-apply AttributeConverter for property [bloodbank.entity.DonationRecord:version]
2021-11-19T10:23:48,613|[DEBUG] SimpleValueBinder - building SimpleValue for version
2021-11-19T10:23:48,613|[TRACE] NormalizingIdentifierHelperImpl - Normalizing identifier quoting [version]
2021-11-19T10:23:48,613|[TRACE] NormalizingIdentifierHelperImpl - Normalizing identifier quoting [version]
2021-11-19T10:23:48,613|[TRACE] NormalizingIdentifierHelperImpl - Normalizing identifier quoting [version]
2021-11-19T10:23:48,613|[DEBUG] PropertyBinder - Building property version
2021-11-19T10:23:48,613|[TRACE] PropertyBinder - Cascading version with null
2021-11-19T10:23:48,613|[TRACE] AnnotationBinder - Version name: version, unsavedValue: undefined
2021-11-19T10:23:48,613|[TRACE] AnnotationBinder - Processing annotations of bloodbank.entity.DonationRecord.donation
2021-11-19T10:23:48,613|[TRACE] NormalizingIdentifierHelperImpl - Normalizing identifier quoting [donation_id]
2021-11-19T10:23:48,613|[DEBUG] Ejb3Column - Binding column: Ejb3JoinColumn{logicalColumnName='donation_id', referencedColumn='donation_id', mappedBy=''}
2021-11-19T10:23:48,613|[TRACE] NormalizingIdentifierHelperImpl - Normalizing identifier quoting [donation]
2021-11-19T10:23:48,613|[TRACE] NormalizingIdentifierHelperImpl - Normalizing identifier quoting [donation]
2021-11-19T10:23:48,613|[DEBUG] Ejb3Column - Binding column: Ejb3Column{table=org.hibernate.mapping.Table(donation_record), mappingColumn=donation, insertable=true, updatable=true, unique=false}
2021-11-19T10:23:48,613|[TRACE] AnnotationBinder - Fetching donation with JOIN
2021-11-19T10:23:48,614|[DEBUG] PropertyBinder - Building property donation
2021-11-19T10:23:48,614|[TRACE] PropertyBinder - Cascading donation with all
2021-11-19T10:23:48,614|[TRACE] AnnotationBinder - Processing annotations of bloodbank.entity.DonationRecord.owner
2021-11-19T10:23:48,614|[TRACE] NormalizingIdentifierHelperImpl - Normalizing identifier quoting [person_id]
2021-11-19T10:23:48,614|[DEBUG] Ejb3Column - Binding column: Ejb3JoinColumn{logicalColumnName='person_id', referencedColumn='id', mappedBy=''}
2021-11-19T10:23:48,614|[TRACE] NormalizingIdentifierHelperImpl - Normalizing identifier quoting [owner]
2021-11-19T10:23:48,614|[TRACE] NormalizingIdentifierHelperImpl - Normalizing identifier quoting [owner]
2021-11-19T10:23:48,614|[DEBUG] Ejb3Column - Binding column: Ejb3Column{table=org.hibernate.mapping.Table(donation_record), mappingColumn=owner, insertable=true, updatable=true, unique=false}
2021-11-19T10:23:48,614|[DEBUG] PropertyBinder - Building property owner
2021-11-19T10:23:48,614|[TRACE] PropertyBinder - Cascading owner with none
2021-11-19T10:23:48,614|[TRACE] AnnotationBinder - Processing annotations of bloodbank.entity.DonationRecord.tested
2021-11-19T10:23:48,614|[TRACE] NormalizingIdentifierHelperImpl - Normalizing identifier quoting [tested]
2021-11-19T10:23:48,614|[TRACE] NormalizingIdentifierHelperImpl - Normalizing identifier quoting [tested]
2021-11-19T10:23:48,614|[DEBUG] Ejb3Column - Binding column: Ejb3Column{table=org.hibernate.mapping.Table(donation_record), mappingColumn=tested, insertable=true, updatable=true, unique=false}
2021-11-19T10:23:48,614|[DEBUG] PropertyBinder - MetadataSourceProcessor property tested with lazy=false
2021-11-19T10:23:48,614|[DEBUG] AbstractPropertyHolder - Attempting to locate auto-apply AttributeConverter for property [bloodbank.entity.DonationRecord:tested]
2021-11-19T10:23:48,614|[DEBUG] SimpleValueBinder - building SimpleValue for tested
2021-11-19T10:23:48,614|[TRACE] NormalizingIdentifierHelperImpl - Normalizing identifier quoting [tested]
2021-11-19T10:23:48,614|[TRACE] NormalizingIdentifierHelperImpl - Normalizing identifier quoting [tested]
2021-11-19T10:23:48,614|[TRACE] NormalizingIdentifierHelperImpl - Normalizing identifier quoting [tested]
2021-11-19T10:23:48,614|[DEBUG] PropertyBinder - Building property tested
2021-11-19T10:23:48,614|[TRACE] PropertyBinder - Cascading tested with null
2021-11-19T10:23:48,615|[DEBUG] SimpleValueBinder - Starting fillSimpleValue for personId
2021-11-19T10:23:48,615|[DEBUG] SimpleValueBinder - Starting fillSimpleValue for phoneId
2021-11-19T10:23:48,615|[DEBUG] SimpleValueBinder - Starting fillSimpleValue for epochCreated
2021-11-19T10:23:48,615|[DEBUG] SimpleValueBinder - Starting fillSimpleValue for epochUpdated
2021-11-19T10:23:48,615|[DEBUG] SimpleValueBinder - Starting fillSimpleValue for version
2021-11-19T10:23:48,615|[DEBUG] SimpleValueBinder - Starting fillSimpleValue for contactType
2021-11-19T10:23:48,615|[DEBUG] SimpleValueBinder - Starting fillSimpleValue for email
2021-11-19T10:23:48,615|[DEBUG] SimpleValueBinder - Starting fillSimpleValue for id
2021-11-19T10:23:48,615|[DEBUG] SimpleValueBinder - Starting fillSimpleValue for epochCreated
2021-11-19T10:23:48,615|[DEBUG] SimpleValueBinder - Starting fillSimpleValue for epochUpdated
2021-11-19T10:23:48,615|[DEBUG] SimpleValueBinder - Starting fillSimpleValue for version
2021-11-19T10:23:48,615|[DEBUG] SimpleValueBinder - Starting fillSimpleValue for areaCode
2021-11-19T10:23:48,615|[DEBUG] SimpleValueBinder - Starting fillSimpleValue for countryCode
2021-11-19T10:23:48,615|[DEBUG] SimpleValueBinder - Starting fillSimpleValue for number
2021-11-19T10:23:48,615|[DEBUG] SimpleValueBinder - Starting fillSimpleValue for id
2021-11-19T10:23:48,615|[DEBUG] SimpleValueBinder - Starting fillSimpleValue for epochCreated
2021-11-19T10:23:48,615|[DEBUG] SimpleValueBinder - Starting fillSimpleValue for epochUpdated
2021-11-19T10:23:48,615|[DEBUG] SimpleValueBinder - Starting fillSimpleValue for version
2021-11-19T10:23:48,615|[DEBUG] SimpleValueBinder - Starting fillSimpleValue for bloodGroup
2021-11-19T10:23:48,615|[DEBUG] SimpleValueBinder - Starting fillSimpleValue for rhd
2021-11-19T10:23:48,615|[DEBUG] SimpleValueBinder - Starting fillSimpleValue for milliliters
2021-11-19T10:23:48,615|[DEBUG] SimpleValueBinder - Starting fillSimpleValue for id
2021-11-19T10:23:48,615|[DEBUG] SimpleValueBinder - Starting fillSimpleValue for epochCreated
2021-11-19T10:23:48,615|[DEBUG] SimpleValueBinder - Starting fillSimpleValue for epochUpdated
2021-11-19T10:23:48,615|[DEBUG] SimpleValueBinder - Starting fillSimpleValue for version
2021-11-19T10:23:48,615|[DEBUG] SimpleValueBinder - Starting fillSimpleValue for name
2021-11-19T10:23:48,615|[DEBUG] SimpleValueBinder - Starting fillSimpleValue for id
2021-11-19T10:23:48,615|[DEBUG] SimpleValueBinder - Starting fillSimpleValue for epochCreated
2021-11-19T10:23:48,615|[DEBUG] SimpleValueBinder - Starting fillSimpleValue for epochUpdated
2021-11-19T10:23:48,615|[DEBUG] SimpleValueBinder - Starting fillSimpleValue for version
2021-11-19T10:23:48,615|[DEBUG] SimpleValueBinder - Starting fillSimpleValue for city
2021-11-19T10:23:48,615|[DEBUG] SimpleValueBinder - Starting fillSimpleValue for country
2021-11-19T10:23:48,615|[DEBUG] SimpleValueBinder - Starting fillSimpleValue for province
2021-11-19T10:23:48,615|[DEBUG] SimpleValueBinder - Starting fillSimpleValue for street
2021-11-19T10:23:48,615|[DEBUG] SimpleValueBinder - Starting fillSimpleValue for streetNumber
2021-11-19T10:23:48,615|[DEBUG] SimpleValueBinder - Starting fillSimpleValue for zipcode
2021-11-19T10:23:48,615|[DEBUG] SimpleValueBinder - Starting fillSimpleValue for id
2021-11-19T10:23:48,615|[DEBUG] SimpleValueBinder - Starting fillSimpleValue for epochCreated
2021-11-19T10:23:48,615|[DEBUG] SimpleValueBinder - Starting fillSimpleValue for epochUpdated
2021-11-19T10:23:48,615|[DEBUG] SimpleValueBinder - Starting fillSimpleValue for version
2021-11-19T10:23:48,615|[DEBUG] SimpleValueBinder - Starting fillSimpleValue for firstName
2021-11-19T10:23:48,615|[DEBUG] SimpleValueBinder - Starting fillSimpleValue for lastName
2021-11-19T10:23:48,615|[DEBUG] SimpleValueBinder - Starting fillSimpleValue for id
2021-11-19T10:23:48,615|[DEBUG] SimpleValueBinder - Starting fillSimpleValue for epochCreated
2021-11-19T10:23:48,615|[DEBUG] SimpleValueBinder - Starting fillSimpleValue for epochUpdated
2021-11-19T10:23:48,615|[DEBUG] SimpleValueBinder - Starting fillSimpleValue for version
2021-11-19T10:23:48,615|[DEBUG] SimpleValueBinder - Starting fillSimpleValue for tested
2021-11-19T10:23:48,615|[TRACE] NormalizingIdentifierHelperImpl - Normalizing identifier quoting [address_id]
2021-11-19T10:23:48,615|[TRACE] NormalizingIdentifierHelperImpl - Normalizing identifier quoting [address_id]
2021-11-19T10:23:48,615|[TRACE] NormalizingIdentifierHelperImpl - Normalizing identifier quoting [address_id]
2021-11-19T10:23:48,615|[TRACE] NormalizingIdentifierHelperImpl - Normalizing identifier quoting [address_id]
2021-11-19T10:23:48,615|[TRACE] NormalizingIdentifierHelperImpl - Normalizing identifier quoting [address_id]
2021-11-19T10:23:48,615|[TRACE] NormalizingIdentifierHelperImpl - Normalizing identifier quoting [address_id]
2021-11-19T10:23:48,615|[TRACE] NormalizingIdentifierHelperImpl - Normalizing identifier quoting [address_id]
2021-11-19T10:23:48,615|[TRACE] NormalizingIdentifierHelperImpl - Normalizing identifier quoting [address_id]
2021-11-19T10:23:48,615|[TRACE] NormalizingIdentifierHelperImpl - Normalizing identifier quoting [address_id]
2021-11-19T10:23:48,615|[TRACE] NormalizingIdentifierHelperImpl - Normalizing identifier quoting [id]
2021-11-19T10:23:48,615|[TRACE] NormalizingIdentifierHelperImpl - Normalizing identifier quoting [id]
2021-11-19T10:23:48,616|[TRACE] NormalizingIdentifierHelperImpl - Normalizing identifier quoting [id]
2021-11-19T10:23:48,616|[TRACE] NormalizingIdentifierHelperImpl - Normalizing identifier quoting [id]
2021-11-19T10:23:48,616|[TRACE] NormalizingIdentifierHelperImpl - Normalizing identifier quoting [id]
2021-11-19T10:23:48,616|[TRACE] NormalizingIdentifierHelperImpl - Normalizing identifier quoting [person_id]
2021-11-19T10:23:48,616|[TRACE] NormalizingIdentifierHelperImpl - Normalizing identifier quoting [id]
2021-11-19T10:23:48,616|[TRACE] NormalizingIdentifierHelperImpl - Normalizing identifier quoting [person_id]
2021-11-19T10:23:48,616|[TRACE] NormalizingIdentifierHelperImpl - Normalizing identifier quoting [person_id]
2021-11-19T10:23:48,616|[TRACE] NormalizingIdentifierHelperImpl - Normalizing identifier quoting [phone_id]
2021-11-19T10:23:48,616|[TRACE] NormalizingIdentifierHelperImpl - Normalizing identifier quoting [phone_id]
2021-11-19T10:23:48,616|[TRACE] NormalizingIdentifierHelperImpl - Normalizing identifier quoting [phone_id]
2021-11-19T10:23:48,616|[TRACE] NormalizingIdentifierHelperImpl - Normalizing identifier quoting [phone_id]
2021-11-19T10:23:48,616|[TRACE] NormalizingIdentifierHelperImpl - Normalizing identifier quoting [phone_id]
2021-11-19T10:23:48,616|[TRACE] NormalizingIdentifierHelperImpl - Normalizing identifier quoting [phone_id]
2021-11-19T10:23:48,616|[TRACE] NormalizingIdentifierHelperImpl - Normalizing identifier quoting [phone_id]
2021-11-19T10:23:48,616|[TRACE] NormalizingIdentifierHelperImpl - Normalizing identifier quoting [phone_id]
2021-11-19T10:23:48,616|[TRACE] NormalizingIdentifierHelperImpl - Normalizing identifier quoting [phone_id]
2021-11-19T10:23:48,616|[TRACE] NormalizingIdentifierHelperImpl - Normalizing identifier quoting [bank_id]
2021-11-19T10:23:48,616|[TRACE] NormalizingIdentifierHelperImpl - Normalizing identifier quoting [bank_id]
2021-11-19T10:23:48,616|[TRACE] NormalizingIdentifierHelperImpl - Normalizing identifier quoting [bank_id]
2021-11-19T10:23:48,616|[TRACE] NormalizingIdentifierHelperImpl - Normalizing identifier quoting [bank_id]
2021-11-19T10:23:48,616|[TRACE] NormalizingIdentifierHelperImpl - Normalizing identifier quoting [bank_id]
2021-11-19T10:23:48,616|[TRACE] NormalizingIdentifierHelperImpl - Normalizing identifier quoting [bank_id]
2021-11-19T10:23:48,616|[TRACE] NormalizingIdentifierHelperImpl - Normalizing identifier quoting [bank_id]
2021-11-19T10:23:48,616|[TRACE] NormalizingIdentifierHelperImpl - Normalizing identifier quoting [bank_id]
2021-11-19T10:23:48,616|[TRACE] NormalizingIdentifierHelperImpl - Normalizing identifier quoting [bank_id]
2021-11-19T10:23:48,616|[TRACE] NormalizingIdentifierHelperImpl - Normalizing identifier quoting [donation_id]
2021-11-19T10:23:48,616|[TRACE] NormalizingIdentifierHelperImpl - Normalizing identifier quoting [donation_id]
2021-11-19T10:23:48,616|[TRACE] NormalizingIdentifierHelperImpl - Normalizing identifier quoting [donation_id]
2021-11-19T10:23:48,616|[TRACE] NormalizingIdentifierHelperImpl - Normalizing identifier quoting [donation_id]
2021-11-19T10:23:48,616|[TRACE] NormalizingIdentifierHelperImpl - Normalizing identifier quoting [donation_id]
2021-11-19T10:23:48,616|[TRACE] NormalizingIdentifierHelperImpl - Normalizing identifier quoting [donation_id]
2021-11-19T10:23:48,616|[TRACE] NormalizingIdentifierHelperImpl - Normalizing identifier quoting [donation_id]
2021-11-19T10:23:48,616|[TRACE] NormalizingIdentifierHelperImpl - Normalizing identifier quoting [donation_id]
2021-11-19T10:23:48,616|[TRACE] NormalizingIdentifierHelperImpl - Normalizing identifier quoting [donation_id]
2021-11-19T10:23:48,616|[TRACE] NormalizingIdentifierHelperImpl - Normalizing identifier quoting [id]
2021-11-19T10:23:48,616|[TRACE] NormalizingIdentifierHelperImpl - Normalizing identifier quoting [id]
2021-11-19T10:23:48,616|[TRACE] NormalizingIdentifierHelperImpl - Normalizing identifier quoting [id]
2021-11-19T10:23:48,616|[TRACE] NormalizingIdentifierHelperImpl - Normalizing identifier quoting [id]
2021-11-19T10:23:48,616|[TRACE] NormalizingIdentifierHelperImpl - Normalizing identifier quoting [id]
2021-11-19T10:23:48,616|[TRACE] NormalizingIdentifierHelperImpl - Normalizing identifier quoting [person_id]
2021-11-19T10:23:48,616|[TRACE] NormalizingIdentifierHelperImpl - Normalizing identifier quoting [id]
2021-11-19T10:23:48,616|[TRACE] NormalizingIdentifierHelperImpl - Normalizing identifier quoting [person_id]
2021-11-19T10:23:48,616|[TRACE] NormalizingIdentifierHelperImpl - Normalizing identifier quoting [person_id]
2021-11-19T10:23:48,616|[DEBUG] PrimaryKey - Forcing column [person_id] to be non-null as it is part of the primary key for table [contact]
2021-11-19T10:23:48,616|[DEBUG] PrimaryKey - Forcing column [phone_id] to be non-null as it is part of the primary key for table [contact]
2021-11-19T10:23:48,616|[DEBUG] PrimaryKey - Forcing column [phone_id] to be non-null as it is part of the primary key for table [phone]
2021-11-19T10:23:48,616|[DEBUG] PrimaryKey - Forcing column [donation_id] to be non-null as it is part of the primary key for table [blood_donation]
2021-11-19T10:23:48,616|[DEBUG] PrimaryKey - Forcing column [bank_id] to be non-null as it is part of the primary key for table [blood_bank]
2021-11-19T10:23:48,616|[DEBUG] PrimaryKey - Forcing column [address_id] to be non-null as it is part of the primary key for table [address]
2021-11-19T10:23:48,616|[DEBUG] PrimaryKey - Forcing column [id] to be non-null as it is part of the primary key for table [person]
2021-11-19T10:23:48,616|[DEBUG] PrimaryKey - Forcing column [record_id] to be non-null as it is part of the primary key for table [donation_record]
2021-11-19T10:23:48,616|[DEBUG] CollectionSecondPass - Second pass for collection: bloodbank.entity.Address.contacts
2021-11-19T10:23:48,616|[DEBUG] CollectionBinder - Binding a OneToMany: bloodbank.entity.Address.contacts through a foreign key
2021-11-19T10:23:48,616|[DEBUG] CollectionBinder - Mapping collection: bloodbank.entity.Address.contacts -> contact
2021-11-19T10:23:48,616|[TRACE] NormalizingIdentifierHelperImpl - Normalizing identifier quoting [address_id]
2021-11-19T10:23:48,616|[TRACE] NormalizingIdentifierHelperImpl - Normalizing identifier quoting [address_id]
2021-11-19T10:23:48,616|[TRACE] NormalizingIdentifierHelperImpl - Normalizing identifier quoting [address_id]
2021-11-19T10:23:48,616|[TRACE] NormalizingIdentifierHelperImpl - Normalizing identifier quoting [address_id]
2021-11-19T10:23:48,616|[TRACE] NormalizingIdentifierHelperImpl - Normalizing identifier quoting [address_id]
2021-11-19T10:23:48,616|[TRACE] NormalizingIdentifierHelperImpl - Normalizing identifier quoting [address_id]
2021-11-19T10:23:48,616|[TRACE] NormalizingIdentifierHelperImpl - Normalizing identifier quoting [address_id]
2021-11-19T10:23:48,616|[TRACE] NormalizingIdentifierHelperImpl - Normalizing identifier quoting [address_id]
2021-11-19T10:23:48,616|[TRACE] NormalizingIdentifierHelperImpl - Normalizing identifier quoting [address_id]
2021-11-19T10:23:48,617|[DEBUG] CollectionSecondPass - Mapped collection key: address_id, one-to-many: bloodbank.entity.Contact
2021-11-19T10:23:48,617|[DEBUG] PropertyBinder - Building property record
2021-11-19T10:23:48,617|[TRACE] PropertyBinder - Cascading record with none
2021-11-19T10:23:48,617|[DEBUG] CollectionSecondPass - Second pass for collection: bloodbank.entity.Phone.contacts
2021-11-19T10:23:48,617|[DEBUG] CollectionBinder - Binding a OneToMany: bloodbank.entity.Phone.contacts through a foreign key
2021-11-19T10:23:48,617|[DEBUG] CollectionBinder - Mapping collection: bloodbank.entity.Phone.contacts -> contact
2021-11-19T10:23:48,617|[TRACE] NormalizingIdentifierHelperImpl - Normalizing identifier quoting [phone_id]
2021-11-19T10:23:48,617|[TRACE] NormalizingIdentifierHelperImpl - Normalizing identifier quoting [phone_id]
2021-11-19T10:23:48,617|[TRACE] NormalizingIdentifierHelperImpl - Normalizing identifier quoting [phone_id]
2021-11-19T10:23:48,617|[TRACE] NormalizingIdentifierHelperImpl - Normalizing identifier quoting [phone_id]
2021-11-19T10:23:48,617|[TRACE] NormalizingIdentifierHelperImpl - Normalizing identifier quoting [phone_id]
2021-11-19T10:23:48,617|[TRACE] NormalizingIdentifierHelperImpl - Normalizing identifier quoting [phone_id]
2021-11-19T10:23:48,617|[TRACE] NormalizingIdentifierHelperImpl - Normalizing identifier quoting [phone_id]
2021-11-19T10:23:48,617|[TRACE] NormalizingIdentifierHelperImpl - Normalizing identifier quoting [phone_id]
2021-11-19T10:23:48,617|[TRACE] NormalizingIdentifierHelperImpl - Normalizing identifier quoting [phone_id]
2021-11-19T10:23:48,617|[DEBUG] CollectionSecondPass - Mapped collection key: phone_id, one-to-many: bloodbank.entity.Contact
2021-11-19T10:23:48,617|[DEBUG] CollectionSecondPass - Second pass for collection: bloodbank.entity.BloodBank.donations
2021-11-19T10:23:48,617|[DEBUG] CollectionBinder - Binding a OneToMany: bloodbank.entity.BloodBank.donations through a foreign key
2021-11-19T10:23:48,617|[DEBUG] CollectionBinder - Mapping collection: bloodbank.entity.BloodBank.donations -> blood_donation
2021-11-19T10:23:48,617|[DEBUG] TableBinder - Retrieving property bloodbank.entity.BloodDonation.bank
2021-11-19T10:23:48,617|[DEBUG] CollectionSecondPass - Mapped collection key: bank_id, one-to-many: bloodbank.entity.BloodDonation
2021-11-19T10:23:48,617|[DEBUG] CollectionSecondPass - Second pass for collection: bloodbank.entity.Person.contacts
2021-11-19T10:23:48,617|[DEBUG] CollectionBinder - Binding a OneToMany: bloodbank.entity.Person.contacts through a foreign key
2021-11-19T10:23:48,617|[DEBUG] CollectionBinder - Mapping collection: bloodbank.entity.Person.contacts -> contact
2021-11-19T10:23:48,617|[DEBUG] TableBinder - Retrieving property bloodbank.entity.Contact.owner
2021-11-19T10:23:48,617|[DEBUG] CollectionSecondPass - Mapped collection key: person_id, one-to-many: bloodbank.entity.Contact
2021-11-19T10:23:48,617|[DEBUG] CollectionSecondPass - Second pass for collection: bloodbank.entity.Person.donations
2021-11-19T10:23:48,617|[DEBUG] CollectionBinder - Binding a OneToMany: bloodbank.entity.Person.donations through a foreign key
2021-11-19T10:23:48,617|[DEBUG] CollectionBinder - Mapping collection: bloodbank.entity.Person.donations -> donation_record
2021-11-19T10:23:48,617|[DEBUG] TableBinder - Retrieving property bloodbank.entity.DonationRecord.owner
2021-11-19T10:23:48,617|[DEBUG] CollectionSecondPass - Mapped collection key: person_id, one-to-many: bloodbank.entity.DonationRecord
2021-11-19T10:23:48,617|[DEBUG] InFlightMetadataCollectorImpl - Resolving reference to class: bloodbank.entity.BloodBank
2021-11-19T10:23:48,617|[TRACE] NormalizingIdentifierHelperImpl - Normalizing identifier quoting [bank_id]
2021-11-19T10:23:48,617|[TRACE] NormalizingIdentifierHelperImpl - Normalizing identifier quoting [FK35l5lwcy7xl2a6tvg04g7o78o]
2021-11-19T10:23:48,617|[DEBUG] InFlightMetadataCollectorImpl - Resolving reference to class: bloodbank.entity.Address
2021-11-19T10:23:48,617|[TRACE] NormalizingIdentifierHelperImpl - Normalizing identifier quoting [address_id]
2021-11-19T10:23:48,617|[TRACE] NormalizingIdentifierHelperImpl - Normalizing identifier quoting [FKl0sju2uai8cgdtic18wy5hlfr]
2021-11-19T10:23:48,617|[DEBUG] InFlightMetadataCollectorImpl - Resolving reference to class: bloodbank.entity.Person
2021-11-19T10:23:48,617|[TRACE] NormalizingIdentifierHelperImpl - Normalizing identifier quoting [person_id]
2021-11-19T10:23:48,617|[TRACE] NormalizingIdentifierHelperImpl - Normalizing identifier quoting [FKjbcdaayhsa4dhcuc5q0kkw8et]
2021-11-19T10:23:48,617|[DEBUG] InFlightMetadataCollectorImpl - Resolving reference to class: bloodbank.entity.Phone
2021-11-19T10:23:48,617|[TRACE] NormalizingIdentifierHelperImpl - Normalizing identifier quoting [phone_id]
2021-11-19T10:23:48,617|[TRACE] NormalizingIdentifierHelperImpl - Normalizing identifier quoting [FKj0erqcin09fsecb869qdkgnli]
2021-11-19T10:23:48,617|[DEBUG] InFlightMetadataCollectorImpl - Resolving reference to class: bloodbank.entity.BloodDonation
2021-11-19T10:23:48,618|[TRACE] NormalizingIdentifierHelperImpl - Normalizing identifier quoting [donation_id]
2021-11-19T10:23:48,618|[TRACE] NormalizingIdentifierHelperImpl - Normalizing identifier quoting [FK5os0h3pehrbipqs82hpi2roqi]
2021-11-19T10:23:48,618|[DEBUG] InFlightMetadataCollectorImpl - Resolving reference to class: bloodbank.entity.Person
2021-11-19T10:23:48,618|[TRACE] NormalizingIdentifierHelperImpl - Normalizing identifier quoting [person_id]
2021-11-19T10:23:48,618|[TRACE] NormalizingIdentifierHelperImpl - Normalizing identifier quoting [FKg7oj3wip5i4to211cj8e1d4nx]
2021-11-19T10:23:48,618|[DEBUG] InFlightMetadataCollectorImpl - Resolving reference to class: bloodbank.entity.BloodBank
2021-11-19T10:23:48,618|[TRACE] NormalizingIdentifierHelperImpl - Normalizing identifier quoting [bank_id]
2021-11-19T10:23:48,618|[DEBUG] InFlightMetadataCollectorImpl - Resolving reference to class: bloodbank.entity.Address
2021-11-19T10:23:48,618|[TRACE] NormalizingIdentifierHelperImpl - Normalizing identifier quoting [address_id]
2021-11-19T10:23:48,618|[DEBUG] InFlightMetadataCollectorImpl - Resolving reference to class: bloodbank.entity.Person
2021-11-19T10:23:48,618|[TRACE] NormalizingIdentifierHelperImpl - Normalizing identifier quoting [person_id]
2021-11-19T10:23:48,618|[DEBUG] InFlightMetadataCollectorImpl - Resolving reference to class: bloodbank.entity.Phone
2021-11-19T10:23:48,618|[TRACE] NormalizingIdentifierHelperImpl - Normalizing identifier quoting [phone_id]
2021-11-19T10:23:48,618|[DEBUG] InFlightMetadataCollectorImpl - Resolving reference to class: bloodbank.entity.BloodDonation
2021-11-19T10:23:48,618|[TRACE] NormalizingIdentifierHelperImpl - Normalizing identifier quoting [donation_id]
2021-11-19T10:23:48,618|[DEBUG] InFlightMetadataCollectorImpl - Resolving reference to class: bloodbank.entity.Person
2021-11-19T10:23:48,618|[TRACE] NormalizingIdentifierHelperImpl - Normalizing identifier quoting [person_id]
2021-11-19T10:23:48,619|[TRACE] AbstractServiceRegistryImpl - Initializing service [role=org.hibernate.property.access.spi.PropertyAccessStrategyResolver]
2021-11-19T10:23:48,619|[TRACE] AbstractServiceRegistryImpl - Initializing service [role=org.hibernate.boot.spi.SessionFactoryBuilderService]
2021-11-19T10:23:48,619|[TRACE] BatchFetchStyle - Interpreting BatchFetchStyle from setting : null
2021-11-19T10:23:48,619|[TRACE] AbstractServiceRegistryImpl - Initializing service [role=org.hibernate.resource.transaction.spi.TransactionCoordinatorBuilder]
2021-11-19T10:23:48,620|[TRACE] AbstractServiceRegistryImpl - Initializing service [role=org.hibernate.bytecode.spi.BytecodeProvider]
2021-11-19T10:23:48,620|[DEBUG] SessionFactoryImpl - Building session factory
2021-11-19T10:23:48,620|[DEBUG] Settings - SessionFactory name : null
2021-11-19T10:23:48,620|[DEBUG] Settings - Automatic flush during beforeCompletion(): enabled
2021-11-19T10:23:48,620|[DEBUG] Settings - Automatic session close at end of transaction: disabled
2021-11-19T10:23:48,620|[DEBUG] Settings - Statistics: disabled
2021-11-19T10:23:48,620|[DEBUG] Settings - Deleted entity synthetic identifier rollback: disabled
2021-11-19T10:23:48,620|[DEBUG] Settings - Default entity-mode: pojo
2021-11-19T10:23:48,620|[DEBUG] Settings - Check Nullability in Core (should be disabled when Bean Validation is on): enabled
2021-11-19T10:23:48,620|[DEBUG] Settings - Allow initialization of lazy state outside session : disabled
2021-11-19T10:23:48,620|[DEBUG] Settings - Using BatchFetchStyle : LEGACY
2021-11-19T10:23:48,620|[DEBUG] Settings - Default batch fetch size: -1
2021-11-19T10:23:48,620|[DEBUG] Settings - Maximum outer join fetch depth: 2
2021-11-19T10:23:48,620|[DEBUG] Settings - Default null ordering: NONE
2021-11-19T10:23:48,620|[DEBUG] Settings - Order SQL updates by primary key: disabled
2021-11-19T10:23:48,620|[DEBUG] Settings - Order SQL inserts for batching: disabled
2021-11-19T10:23:48,620|[DEBUG] Settings - multi-tenancy strategy : NONE
2021-11-19T10:23:48,620|[DEBUG] Settings - JTA Track by Thread: enabled
2021-11-19T10:23:48,620|[DEBUG] Settings - Query language substitutions: {}
2021-11-19T10:23:48,620|[DEBUG] Settings - Named query checking : enabled
2021-11-19T10:23:48,648|[DEBUG] Settings - Second-level cache: disabled
2021-11-19T10:23:48,648|[DEBUG] Settings - Second-level query cache: disabled
2021-11-19T10:23:48,648|[DEBUG] Settings - Second-level query cache factory: null
2021-11-19T10:23:48,648|[DEBUG] Settings - Second-level cache region prefix: null
2021-11-19T10:23:48,648|[DEBUG] Settings - Optimize second-level cache for minimal puts: disabled
2021-11-19T10:23:48,648|[DEBUG] Settings - Structured second-level cache entries: disabled
2021-11-19T10:23:48,648|[DEBUG] Settings - Second-level cache direct-reference entries: disabled
2021-11-19T10:23:48,648|[DEBUG] Settings - Automatic eviction of collection cache: disabled
2021-11-19T10:23:48,648|[DEBUG] Settings - JDBC batch size: 15
2021-11-19T10:23:48,648|[DEBUG] Settings - JDBC batch updates for versioned data: enabled
2021-11-19T10:23:48,648|[DEBUG] Settings - Scrollable result sets: enabled
2021-11-19T10:23:48,648|[DEBUG] Settings - Wrap result sets: disabled
2021-11-19T10:23:48,648|[DEBUG] Settings - JDBC3 getGeneratedKeys(): enabled
2021-11-19T10:23:48,648|[DEBUG] Settings - JDBC result set fetch size: null
2021-11-19T10:23:48,648|[DEBUG] Settings - Connection release mode: AFTER_TRANSACTION
2021-11-19T10:23:48,648|[DEBUG] Settings - Generate SQL with comments: enabled
2021-11-19T10:23:48,648|[DEBUG] Settings - JPA compliance - query : disabled
2021-11-19T10:23:48,648|[DEBUG] Settings - JPA compliance - closed-handling : disabled
2021-11-19T10:23:48,648|[DEBUG] Settings - JPA compliance - lists : disabled
2021-11-19T10:23:48,648|[DEBUG] Settings - JPA compliance - transactions : disabled
2021-11-19T10:23:48,648|[TRACE] AbstractServiceRegistryImpl - Initializing service [role=org.hibernate.service.spi.SessionFactoryServiceRegistryFactory]
2021-11-19T10:23:48,649|[TRACE] AbstractServiceRegistryImpl - Initializing service [role=org.hibernate.event.service.spi.EventListenerRegistry]
2021-11-19T10:23:48,649|[TRACE] AbstractServiceRegistryImpl - Initializing service [role=org.hibernate.resource.beans.spi.ManagedBeanRegistry]
2021-11-19T10:23:48,649|[INFO ] beans - HHH10005002: No explicit CDI BeanManager reference was passed to Hibernate, but CDI is available on the Hibernate ClassLoader.
2021-11-19T10:23:48,649|[TRACE] FallbackBeanInstanceProducer - Creating ManagedBean(bloodbank.entity.PojoCompositeListener) using direct instantiation
2021-11-19T10:23:48,649|[DEBUG] CallbackBuilderLegacyImpl - Adding setUpdatedDate as PreUpdate callback for entity bloodbank.entity.Contact
2021-11-19T10:23:48,650|[DEBUG] CallbackBuilderLegacyImpl - Adding setCreatedOnDate as PrePersist callback for entity bloodbank.entity.Contact
2021-11-19T10:23:48,650|[TRACE] FallbackBeanInstanceProducer - Creating ManagedBean(bloodbank.entity.PojoListener) using direct instantiation
2021-11-19T10:23:48,650|[DEBUG] CallbackBuilderLegacyImpl - Adding setUpdatedDate as PreUpdate callback for entity bloodbank.entity.Phone
2021-11-19T10:23:48,650|[DEBUG] CallbackBuilderLegacyImpl - Adding setCreatedOnDate as PrePersist callback for entity bloodbank.entity.Phone
2021-11-19T10:23:48,650|[DEBUG] CallbackBuilderLegacyImpl - Adding setUpdatedDate as PreUpdate callback for entity bloodbank.entity.BloodDonation
2021-11-19T10:23:48,650|[DEBUG] CallbackBuilderLegacyImpl - Adding setCreatedOnDate as PrePersist callback for entity bloodbank.entity.BloodDonation
2021-11-19T10:23:48,650|[DEBUG] CallbackBuilderLegacyImpl - Adding setUpdatedDate as PreUpdate callback for entity bloodbank.entity.BloodBank
2021-11-19T10:23:48,650|[DEBUG] CallbackBuilderLegacyImpl - Adding setCreatedOnDate as PrePersist callback for entity bloodbank.entity.BloodBank
2021-11-19T10:23:48,650|[DEBUG] ClassLoaderAccessImpl - Not known whether passed class name [bloodbank.entity.PrivateBloodBank] is safe
2021-11-19T10:23:48,650|[DEBUG] ClassLoaderAccessImpl - No temp ClassLoader provided; using live ClassLoader for loading potentially unsafe class : bloodbank.entity.PrivateBloodBank
2021-11-19T10:23:48,650|[DEBUG] CallbackBuilderLegacyImpl - Adding setUpdatedDate as PreUpdate callback for entity bloodbank.entity.PrivateBloodBank
2021-11-19T10:23:48,650|[DEBUG] CallbackBuilderLegacyImpl - Adding setCreatedOnDate as PrePersist callback for entity bloodbank.entity.PrivateBloodBank
2021-11-19T10:23:48,650|[DEBUG] CallbackBuilderLegacyImpl - Adding setUpdatedDate as PreUpdate callback for entity bloodbank.entity.DonationRecord
2021-11-19T10:23:48,650|[DEBUG] CallbackBuilderLegacyImpl - Adding setCreatedOnDate as PrePersist callback for entity bloodbank.entity.DonationRecord
2021-11-19T10:23:48,651|[DEBUG] CallbackBuilderLegacyImpl - Adding setUpdatedDate as PreUpdate callback for entity bloodbank.entity.Address
2021-11-19T10:23:48,651|[DEBUG] CallbackBuilderLegacyImpl - Adding setCreatedOnDate as PrePersist callback for entity bloodbank.entity.Address
2021-11-19T10:23:48,651|[DEBUG] CallbackBuilderLegacyImpl - Adding setUpdatedDate as PreUpdate callback for entity bloodbank.entity.Person
2021-11-19T10:23:48,651|[DEBUG] CallbackBuilderLegacyImpl - Adding setCreatedOnDate as PrePersist callback for entity bloodbank.entity.Person
2021-11-19T10:23:48,651|[DEBUG] ClassLoaderAccessImpl - Not known whether passed class name [bloodbank.entity.PublicBloodBank] is safe
2021-11-19T10:23:48,651|[DEBUG] ClassLoaderAccessImpl - No temp ClassLoader provided; using live ClassLoader for loading potentially unsafe class : bloodbank.entity.PublicBloodBank
2021-11-19T10:23:48,651|[DEBUG] CallbackBuilderLegacyImpl - Adding setUpdatedDate as PreUpdate callback for entity bloodbank.entity.PublicBloodBank
2021-11-19T10:23:48,651|[DEBUG] CallbackBuilderLegacyImpl - Adding setCreatedOnDate as PrePersist callback for entity bloodbank.entity.PublicBloodBank
2021-11-19T10:23:48,651|[TRACE] AbstractServiceRegistryImpl - Initializing service [role=org.hibernate.cache.spi.CacheImplementor]
2021-11-19T10:23:48,651|[DEBUG] SessionFactoryImpl - Session factory constructed with filter configurations : {}
2021-11-19T10:23:48,651|[DEBUG] SessionFactoryImpl - Instantiating session factory with properties: {sun.desktop=windows, awt.toolkit=sun.awt.windows.WToolkit, hibernate.format_sql=true, java.specification.version=11, sun.cpu.isalist=amd64, sun.jnu.encoding=Cp1252, hibernate.dialect=org.hibernate.dialect.MySQL8Dialect, java.class.path=D:\Computer Programming\Level 4\CST8277_300 Enterprise Application\Assignments\Assignment03\BloodBank-JPA-Mapping-JUnit-Skeleton\BloodBank-JPA-Mapping-JUnit-Skeleton\target\test-classes;C:\Users\simondaxia\.m2\repository\org\junit\jupiter\junit-jupiter\5.7.0\junit-jupiter-5.7.0.jar;C:\Users\simondaxia\.m2\repository\org\junit\jupiter\junit-jupiter-api\5.7.0\junit-jupiter-api-5.7.0.jar;C:\Users\simondaxia\.m2\repository\org\apiguardian\apiguardian-api\1.1.0\apiguardian-api-1.1.0.jar;C:\Users\simondaxia\.m2\repository\org\opentest4j\opentest4j\1.2.0\opentest4j-1.2.0.jar;C:\Users\simondaxia\.m2\repository\org\junit\platform\junit-platform-commons\1.7.0\junit-platform-commons-1.7.0.jar;C:\Users\simondaxia\.m2\repository\org\junit\jupiter\junit-jupiter-params\5.7.0\junit-jupiter-params-5.7.0.jar;C:\Users\simondaxia\.m2\repository\org\junit\jupiter\junit-jupiter-engine\5.7.0\junit-jupiter-engine-5.7.0.jar;C:\Users\simondaxia\.m2\repository\org\junit\platform\junit-platform-engine\1.7.0\junit-platform-engine-1.7.0.jar;C:\Users\simondaxia\.m2\repository\org\hamcrest\hamcrest\2.2\hamcrest-2.2.jar;C:\Users\simondaxia\.m2\repository\org\hamcrest\hamcrest-library\2.2\hamcrest-library-2.2.jar;C:\Users\simondaxia\.m2\repository\org\hamcrest\hamcrest-core\2.2\hamcrest-core-2.2.jar;C:\Users\simondaxia\.m2\repository\org\jboss\logging\jboss-logging\3.4.1.Final\jboss-logging-3.4.1.Final.jar;C:\Users\simondaxia\.m2\repository\org\javassist\javassist\3.27.0-GA\javassist-3.27.0-GA.jar;C:\Users\simondaxia\.m2\repository\net\bytebuddy\byte-buddy\1.10.17\byte-buddy-1.10.17.jar;C:\Users\simondaxia\.m2\repository\antlr\antlr\2.7.7\antlr-2.7.7.jar;C:\Users\simondaxia\.m2\repository\org\jboss\spec\javax\transaction\jboss-transaction-api_1.2_spec\1.1.1.Final\jboss-transaction-api_1.2_spec-1.1.1.Final.jar;C:\Users\simondaxia\.m2\repository\org\jboss\jandex\2.1.3.Final\jandex-2.1.3.Final.jar;C:\Users\simondaxia\.m2\repository\com\fasterxml\classmate\1.5.1\classmate-1.5.1.jar;C:\Users\simondaxia\.m2\repository\javax\activation\javax.activation-api\1.2.0\javax.activation-api-1.2.0.jar;C:\Users\simondaxia\.m2\repository\org\dom4j\dom4j\2.1.3\dom4j-2.1.3.jar;C:\Users\simondaxia\.m2\repository\org\hibernate\common\hibernate-commons-annotations\5.1.2.Final\hibernate-commons-annotations-5.1.2.Final.jar;C:\Users\simondaxia\.m2\repository\javax\xml\bind\jaxb-api\2.3.1\jaxb-api-2.3.1.jar;C:\Users\simondaxia\.m2\repository\org\glassfish\jaxb\jaxb-runtime\2.3.1\jaxb-runtime-2.3.1.jar;C:\Users\simondaxia\.m2\repository\org\glassfish\jaxb\txw2\2.3.1\txw2-2.3.1.jar;C:\Users\simondaxia\.m2\repository\com\sun\istack\istack-commons-runtime\3.0.7\istack-commons-runtime-3.0.7.jar;C:\Users\simondaxia\.m2\repository\org\jvnet\staxex\stax-ex\1.8\stax-ex-1.8.jar;C:\Users\simondaxia\.m2\repository\com\sun\xml\fastinfoset\FastInfoset\1.2.15\FastInfoset-1.2.15.jar;C:\Users\simondaxia\.m2\repository\mysql\mysql-connector-java\8.0.23\mysql-connector-java-8.0.23.jar;C:\Users\simondaxia\.m2\repository\com\google\protobuf\protobuf-java\3.11.4\protobuf-java-3.11.4.jar;, java.vm.vendor=Amazon.com Inc., sun.arch.data.model=64, user.variant=, java.vendor.url=https://aws.amazon.com/corretto/, user.timezone=America/New_York, javax.persistence.jdbc.url=jdbc:mysql://localhost:3306/bloodbank?createDatabaseIfNotExist=true&zeroDateTimeBehavior=convertToNull, javax.persistence.jdbc.user=****, os.name=Windows 10, java.vm.specification.version=11, javax.persistence.schema-generation.create-script-source=META-INF/sql/bloodbank-create.sql, sun.java.launcher=SUN_STANDARD, user.country=CA, local.setting.IS_JTA_TXN_COORD=false, sun.boot.library.path=C:\Program Files\Amazon Corretto\jdk11.0.11_9\bin, sun.java.command=org.apache.maven.surefire.booter.ForkedBooter C:\Users\simondaxia\AppData\Local\Temp\surefire18336507460364361438 2021-11-19T10-23-33_773-jvmRun1 surefire10358599284016281038tmp surefire_028660401499378696tmp, hibernate.use_sql_comments=true, jdk.debug=release, surefire.test.class.path=D:\Computer Programming\Level 4\CST8277_300 Enterprise Application\Assignments\Assignment03\BloodBank-JPA-Mapping-JUnit-Skeleton\BloodBank-JPA-Mapping-JUnit-Skeleton\target\test-classes;C:\Users\simondaxia\.m2\repository\org\junit\jupiter\junit-jupiter\5.7.0\junit-jupiter-5.7.0.jar;C:\Users\simondaxia\.m2\repository\org\junit\jupiter\junit-jupiter-api\5.7.0\junit-jupiter-api-5.7.0.jar;C:\Users\simondaxia\.m2\repository\org\apiguardian\apiguardian-api\1.1.0\apiguardian-api-1.1.0.jar;C:\Users\simondaxia\.m2\repository\org\opentest4j\opentest4j\1.2.0\opentest4j-1.2.0.jar;C:\Users\simondaxia\.m2\repository\org\junit\platform\junit-platform-commons\1.7.0\junit-platform-commons-1.7.0.jar;C:\Users\simondaxia\.m2\repository\org\junit\jupiter\junit-jupiter-params\5.7.0\junit-jupiter-params-5.7.0.jar;C:\Users\simondaxia\.m2\repository\org\junit\jupiter\junit-jupiter-engine\5.7.0\junit-jupiter-engine-5.7.0.jar;C:\Users\simondaxia\.m2\repository\org\junit\platform\junit-platform-engine\1.7.0\junit-platform-engine-1.7.0.jar;C:\Users\simondaxia\.m2\repository\org\hamcrest\hamcrest\2.2\hamcrest-2.2.jar;C:\Users\simondaxia\.m2\repository\org\hamcrest\hamcrest-library\2.2\hamcrest-library-2.2.jar;C:\Users\simondaxia\.m2\repository\org\hamcrest\hamcrest-core\2.2\hamcrest-core-2.2.jar;C:\Users\simondaxia\.m2\repository\org\jboss\logging\jboss-logging\3.4.1.Final\jboss-logging-3.4.1.Final.jar;C:\Users\simondaxia\.m2\repository\org\javassist\javassist\3.27.0-GA\javassist-3.27.0-GA.jar;C:\Users\simondaxia\.m2\repository\net\bytebuddy\byte-buddy\1.10.17\byte-buddy-1.10.17.jar;C:\Users\simondaxia\.m2\repository\antlr\antlr\2.7.7\antlr-2.7.7.jar;C:\Users\simondaxia\.m2\repository\org\jboss\spec\javax\transaction\jboss-transaction-api_1.2_spec\1.1.1.Final\jboss-transaction-api_1.2_spec-1.1.1.Final.jar;C:\Users\simondaxia\.m2\repository\org\jboss\jandex\2.1.3.Final\jandex-2.1.3.Final.jar;C:\Users\simondaxia\.m2\repository\com\fasterxml\classmate\1.5.1\classmate-1.5.1.jar;C:\Users\simondaxia\.m2\repository\javax\activation\javax.activation-api\1.2.0\javax.activation-api-1.2.0.jar;C:\Users\simondaxia\.m2\repository\org\dom4j\dom4j\2.1.3\dom4j-2.1.3.jar;C:\Users\simondaxia\.m2\repository\org\hibernate\common\hibernate-commons-annotations\5.1.2.Final\hibernate-commons-annotations-5.1.2.Final.jar;C:\Users\simondaxia\.m2\repository\javax\xml\bind\jaxb-api\2.3.1\jaxb-api-2.3.1.jar;C:\Users\simondaxia\.m2\repository\org\glassfish\jaxb\jaxb-runtime\2.3.1\jaxb-runtime-2.3.1.jar;C:\Users\simondaxia\.m2\repository\org\glassfish\jaxb\txw2\2.3.1\txw2-2.3.1.jar;C:\Users\simondaxia\.m2\repository\com\sun\istack\istack-commons-runtime\3.0.7\istack-commons-runtime-3.0.7.jar;C:\Users\simondaxia\.m2\repository\org\jvnet\staxex\stax-ex\1.8\stax-ex-1.8.jar;C:\Users\simondaxia\.m2\repository\com\sun\xml\fastinfoset\FastInfoset\1.2.15\FastInfoset-1.2.15.jar;C:\Users\simondaxia\.m2\repository\mysql\mysql-connector-java\8.0.23\mysql-connector-java-8.0.23.jar;C:\Users\simondaxia\.m2\repository\com\google\protobuf\protobuf-java\3.11.4\protobuf-java-3.11.4.jar;, sun.cpu.endian=little, user.home=C:\Users\simondaxia, user.language=en, java.specification.vendor=Oracle Corporation, jdk.module.path=D:\Computer Programming\Level 4\CST8277_300 Enterprise Application\Assignments\Assignment03\BloodBank-JPA-Mapping-JUnit-Skeleton\BloodBank-JPA-Mapping-JUnit-Skeleton\target\classes;C:\Users\simondaxia\.m2\repository\org\apache\logging\log4j\log4j-api\2.14.0\log4j-api-2.14.0.jar;C:\Users\simondaxia\.m2\repository\org\apache\logging\log4j\log4j-core\2.14.0\log4j-core-2.14.0.jar;C:\Users\simondaxia\.m2\repository\org\hibernate\hibernate-core\5.4.27.Final\hibernate-core-5.4.27.Final.jar;C:\Users\simondaxia\.m2\repository\jakarta\platform\jakarta.jakartaee-api\8.0.0\jakarta.jakartaee-api-8.0.0.jar, java.version.date=2021-04-20, generateReports=flase, java.home=C:\Program Files\Amazon Corretto\jdk11.0.11_9, file.separator=\, basedir=D:\Computer Programming\Level 4\CST8277_300 Enterprise Application\Assignments\Assignment03\BloodBank-JPA-Mapping-JUnit-Skeleton\BloodBank-JPA-Mapping-JUnit-Skeleton, java.vm.compressedOopsMode=32-bit, line.separator=
, java.specification.name=Java Platform API Specification, java.vm.specification.vendor=Oracle Corporation, hibernate.transaction.coordinator_class=class org.hibernate.resource.transaction.backend.jdbc.internal.JdbcResourceLocalTransactionCoordinatorBuilderImpl, java.awt.graphicsenv=sun.awt.Win32GraphicsEnvironment, javax.persistence.jdbc.driver=com.mysql.cj.jdbc.Driver, surefire.real.class.path=C:\Users\simondaxia\.m2\repository\org\apache\maven\surefire\surefire-booter\3.0.0-M5\surefire-booter-3.0.0-M5.jar;C:\Users\simondaxia\.m2\repository\org\apache\maven\surefire\surefire-api\3.0.0-M5\surefire-api-3.0.0-M5.jar;C:\Users\simondaxia\.m2\repository\org\apache\maven\surefire\surefire-logger-api\3.0.0-M5\surefire-logger-api-3.0.0-M5.jar;C:\Users\simondaxia\.m2\repository\org\apache\maven\surefire\surefire-shared-utils\3.0.0-M4\surefire-shared-utils-3.0.0-M4.jar;C:\Users\simondaxia\.m2\repository\org\apache\maven\surefire\surefire-extensions-spi\3.0.0-M5\surefire-extensions-spi-3.0.0-M5.jar;D:\Computer Programming\Level 4\CST8277_300 Enterprise Application\Assignments\Assignment03\BloodBank-JPA-Mapping-JUnit-Skeleton\BloodBank-JPA-Mapping-JUnit-Skeleton\target\test-classes;C:\Users\simondaxia\.m2\repository\org\junit\jupiter\junit-jupiter\5.7.0\junit-jupiter-5.7.0.jar;C:\Users\simondaxia\.m2\repository\org\junit\jupiter\junit-jupiter-api\5.7.0\junit-jupiter-api-5.7.0.jar;C:\Users\simondaxia\.m2\repository\org\apiguardian\apiguardian-api\1.1.0\apiguardian-api-1.1.0.jar;C:\Users\simondaxia\.m2\repository\org\opentest4j\opentest4j\1.2.0\opentest4j-1.2.0.jar;C:\Users\simondaxia\.m2\repository\org\junit\platform\junit-platform-commons\1.7.0\junit-platform-commons-1.7.0.jar;C:\Users\simondaxia\.m2\repository\org\junit\jupiter\junit-jupiter-params\5.7.0\junit-jupiter-params-5.7.0.jar;C:\Users\simondaxia\.m2\repository\org\junit\jupiter\junit-jupiter-engine\5.7.0\junit-jupiter-engine-5.7.0.jar;C:\Users\simondaxia\.m2\repository\org\junit\platform\junit-platform-engine\1.7.0\junit-platform-engine-1.7.0.jar;C:\Users\simondaxia\.m2\repository\org\hamcrest\hamcrest\2.2\hamcrest-2.2.jar;C:\Users\simondaxia\.m2\repository\org\hamcrest\hamcrest-library\2.2\hamcrest-library-2.2.jar;C:\Users\simondaxia\.m2\repository\org\hamcrest\hamcrest-core\2.2\hamcrest-core-2.2.jar;C:\Users\simondaxia\.m2\repository\org\jboss\logging\jboss-logging\3.4.1.Final\jboss-logging-3.4.1.Final.jar;C:\Users\simondaxia\.m2\repository\org\javassist\javassist\3.27.0-GA\javassist-3.27.0-GA.jar;C:\Users\simondaxia\.m2\repository\net\bytebuddy\byte-buddy\1.10.17\byte-buddy-1.10.17.jar;C:\Users\simondaxia\.m2\repository\antlr\antlr\2.7.7\antlr-2.7.7.jar;C:\Users\simondaxia\.m2\repository\org\jboss\spec\javax\transaction\jboss-transaction-api_1.2_spec\1.1.1.Final\jboss-transaction-api_1.2_spec-1.1.1.Final.jar;C:\Users\simondaxia\.m2\repository\org\jboss\jandex\2.1.3.Final\jandex-2.1.3.Final.jar;C:\Users\simondaxia\.m2\repository\com\fasterxml\classmate\1.5.1\classmate-1.5.1.jar;C:\Users\simondaxia\.m2\repository\javax\activation\javax.activation-api\1.2.0\javax.activation-api-1.2.0.jar;C:\Users\simondaxia\.m2\repository\org\dom4j\dom4j\2.1.3\dom4j-2.1.3.jar;C:\Users\simondaxia\.m2\repository\org\hibernate\common\hibernate-commons-annotations\5.1.2.Final\hibernate-commons-annotations-5.1.2.Final.jar;C:\Users\simondaxia\.m2\repository\javax\xml\bind\jaxb-api\2.3.1\jaxb-api-2.3.1.jar;C:\Users\simondaxia\.m2\repository\org\glassfish\jaxb\jaxb-runtime\2.3.1\jaxb-runtime-2.3.1.jar;C:\Users\simondaxia\.m2\repository\org\glassfish\jaxb\txw2\2.3.1\txw2-2.3.1.jar;C:\Users\simondaxia\.m2\repository\com\sun\istack\istack-commons-runtime\3.0.7\istack-commons-runtime-3.0.7.jar;C:\Users\simondaxia\.m2\repository\org\jvnet\staxex\stax-ex\1.8\stax-ex-1.8.jar;C:\Users\simondaxia\.m2\repository\com\sun\xml\fastinfoset\FastInfoset\1.2.15\FastInfoset-1.2.15.jar;C:\Users\simondaxia\.m2\repository\mysql\mysql-connector-java\8.0.23\mysql-connector-java-8.0.23.jar;C:\Users\simondaxia\.m2\repository\com\google\protobuf\protobuf-java\3.11.4\protobuf-java-3.11.4.jar;C:\Users\simondaxia\.m2\repository\org\apache\maven\surefire\surefire-junit-platform\3.0.0-M5\surefire-junit-platform-3.0.0-M5.jar;C:\Users\simondaxia\.m2\repository\org\apache\maven\surefire\common-java5\3.0.0-M5\common-java5-3.0.0-M5.jar;C:\Users\simondaxia\.m2\repository\org\junit\platform\junit-platform-launcher\1.7.0\junit-platform-launcher-1.7.0.jar, user.script=, sun.management.compiler=HotSpot 64-Bit Tiered Compilers, java.runtime.version=11.0.11+9-LTS, user.name=simondaxia, path.separator=;, hibernate.connection.username=****, os.version=10.0, hibernate.hbm2ddl.import_files_sql_extractor=org.hibernate.tool.hbm2ddl.MultipleLinesSqlCommandExtractor, java.runtime.name=OpenJDK Runtime Environment, hibernate.connection.url=jdbc:mysql://localhost:3306/bloodbank?createDatabaseIfNotExist=true&zeroDateTimeBehavior=convertToNull, file.encoding=Cp1252, hibernate.ejb.persistenceUnitName=bloodbank-PU, java.vm.name=OpenJDK 64-Bit Server VM, java.vendor.version=Corretto-11.0.11.9.1, javax.persistence.schema-generation.drop-script-source=META-INF/sql/bloodbank-drop.sql, localRepository=C:\Users\simondaxia\.m2\repository, hibernate.connection.driver_class=com.mysql.cj.jdbc.Driver, java.vendor.url.bug=https://github.com/corretto/corretto-11/issues/, java.io.tmpdir=C:\Users\SIMOND~1\AppData\Local\Temp\, javax.persistence.schema-generation.drop-source=script, javax.persistence.schema-generation.create-source=script, java.version=11.0.11, user.dir=D:\Computer Programming\Level 4\CST8277_300 Enterprise Application\Assignments\Assignment03\BloodBank-JPA-Mapping-JUnit-Skeleton\BloodBank-JPA-Mapping-JUnit-Skeleton, os.arch=amd64, java.vm.specification.name=Java Virtual Machine Specification, java.awt.printerjob=sun.awt.windows.WPrinterJob, javax.persistence.schema-generation.database.action=drop-and-create, hibernate.connection.password=****, sun.os.patch.level=, hibernate.boot.CfgXmlAccessService.key=org.hibernate.boot.registry.StandardServiceRegistryBuilder$1@26d445e9, java.library.path=C:\Program Files\Amazon Corretto\jdk11.0.11_9\bin;C:\WINDOWS\Sun\Java\bin;C:\WINDOWS\system32;C:\WINDOWS;C:/Program Files/Amazon Corretto/jdk11.0.11_9/bin/server;C:/Program Files/Amazon Corretto/jdk11.0.11_9/bin;D:\Python39\Scripts\;D:\Python39\;D:\app\simondaxia\product\12.1.0\bin;D:\app\simondaxia\product\12.1.0\dbhome_1\bin;D:\app\simondaxia\product\12.1.0\dbhome_2\bin;C:\Program Files\Amazon Corretto\jdk11.0.11_9\bin;D:\oraclexe\app\oracle\product\11.2.0\server\bin;;C:\AmazonCorretto\jdk11.0.8_10\bin;C:\Program Files (x86)\Common Files\Oracle\Java\javapath;C:\Program Files (x86)\Intel\Intel(R) Management Engine Components\iCLS\;C:\Program Files\Intel\Intel(R) Management Engine Components\iCLS\;C:\Windows\system32;C:\Windows;C:\Windows\System32\Wbem;C:\Windows\System32\WindowsPowerShell\v1.0\;C:\Windows\System32\OpenSSH\;C:\Program Files (x86)\Intel\Intel(R) Management Engine Components\DAL;C:\Program Files\Intel\Intel(R) Management Engine Components\DAL;C:\Program Files (x86)\Intel\Intel(R) Management Engine Components\IPT;C:\Program Files\Intel\Intel(R) Management Engine Components\IPT;C:\Program Files (x86)\NVIDIA Corporation\PhysX\Common;C:\Program Files\Intel\WiFi\bin\;C:\Program Files\Common Files\Intel\WirelessCommon\;C:\WINDOWS\system32;C:\WINDOWS;C:\WINDOWS\System32\Wbem;C:\WINDOWS\System32\WindowsPowerShell\v1.0\;C:\WINDOWS\System32\OpenSSH\;C:\Program Files (x86)\pgmodeler;C:\Program Files\Git\cmd;C:\Users\simondaxia\AppData\Local\Microsoft\WindowsApps;C:\Program Files\Java\jdk1.8.0_271\bin;C:\Program Files\Microsoft SQL Server\Client SDK\ODBC\130\Tools\Binn\;C:\Program Files (x86)\Microsoft SQL Server\140\Tools\Binn\;C:\Program Files\Microsoft SQL Server\140\Tools\Binn\;C:\Program Files\Microsoft SQL Server\140\DTS\Binn\;C:\Program Files (x86)\Microsoft SQL Server\150\DTS\Binn\;C:\Program Files\Azure Data Studio\bin;C:\Users\simondaxia\AppData\Local\Microsoft\WindowsApps;;D:\Microsoft VS Code\bin;C:\Program Files\Azure Data Studio\bin;D:\JetBrains\PyCharm Community Edition 2021.2.2\bin;;D:\Programs\mongosh\;C:\Users\simondaxia\Desktop;;., java.vendor=Amazon.com Inc., java.vm.info=mixed mode, java.vm.version=11.0.11+9-LTS, hibernate.bytecode.use_reflection_optimizer=false, sun.io.unicode.encoding=UnicodeLittle, javax.persistence.jdbc.password=****, java.class.version=55.0}
2021-11-19T10:23:48,651|[TRACE] AbstractServiceRegistryImpl - Initializing service [role=org.hibernate.engine.query.spi.NativeQueryInterpreter]
2021-11-19T10:23:48,652|[DEBUG] TypeSafeActivator - Unable to acquire Bean Validation ValidatorFactory, skipping activation
2021-11-19T10:23:48,652|[DEBUG] JaccIntegrator - Skipping JACC integration as it was not enabled
2021-11-19T10:23:48,652|[DEBUG] SessionFactoryImpl - Instantiated session factory
2021-11-19T10:23:48,652|[DEBUG] TypeConfiguration$Scope - Scoping TypeConfiguration [org.hibernate.type.spi.TypeConfiguration@310f8a05] to SessionFactoryImpl [org.hibernate.internal.SessionFactoryImpl@6e7f29d5]
2021-11-19T10:23:48,652|[TRACE] AbstractServiceRegistryImpl - Initializing service [role=org.hibernate.persister.spi.PersisterFactory]
2021-11-19T10:23:48,652|[TRACE] AbstractServiceRegistryImpl - Initializing service [role=org.hibernate.persister.spi.PersisterClassResolver]
2021-11-19T10:23:48,652|[DEBUG] ClassLoaderAccessImpl - Not known whether passed class name [bloodbank.entity.Contact] is safe
2021-11-19T10:23:48,652|[DEBUG] ClassLoaderAccessImpl - No temp ClassLoader provided; using live ClassLoader for loading potentially unsafe class : bloodbank.entity.Contact
2021-11-19T10:23:48,652|[TRACE] AbstractServiceRegistryImpl - Initializing service [role=org.hibernate.bytecode.spi.ProxyFactoryFactory]
2021-11-19T10:23:48,659|[TRACE] AbstractPropertyMapping - Skipping duplicate registration of path [address.id], existing type = [org.hibernate.type.IntegerType@6892cc6f], incoming type = [org.hibernate.type.IntegerType@6892cc6f]
2021-11-19T10:23:48,659|[TRACE] AbstractPropertyMapping - Skipping duplicate registration of path [owner.id], existing type = [org.hibernate.type.IntegerType@6892cc6f], incoming type = [org.hibernate.type.IntegerType@6892cc6f]
2021-11-19T10:23:48,659|[TRACE] AbstractPropertyMapping - Skipping duplicate registration of path [phone.id], existing type = [org.hibernate.type.IntegerType@6892cc6f], incoming type = [org.hibernate.type.IntegerType@6892cc6f]
2021-11-19T10:23:48,659|[TRACE] AbstractPropertyMapping - Skipping duplicate registration of path [epochCreated], existing type = [org.hibernate.type.LongType@ae7950d], incoming type = [org.hibernate.type.LongType@ae7950d]
2021-11-19T10:23:48,659|[TRACE] AbstractPropertyMapping - Skipping duplicate registration of path [epochUpdated], existing type = [org.hibernate.type.LongType@ae7950d], incoming type = [org.hibernate.type.LongType@ae7950d]
2021-11-19T10:23:48,659|[TRACE] AbstractPropertyMapping - Skipping duplicate registration of path [version], existing type = [org.hibernate.type.IntegerType@6892cc6f], incoming type = [org.hibernate.type.IntegerType@6892cc6f]
2021-11-19T10:23:48,659|[TRACE] AbstractPropertyMapping - Skipping duplicate registration of path [address], existing type = [org.hibernate.type.ManyToOneType(bloodbank.entity.Address)], incoming type = [org.hibernate.type.ManyToOneType(bloodbank.entity.Address)]
2021-11-19T10:23:48,659|[TRACE] AbstractPropertyMapping - Skipping duplicate registration of path [address.id], existing type = [org.hibernate.type.IntegerType@6892cc6f], incoming type = [org.hibernate.type.IntegerType@6892cc6f]
2021-11-19T10:23:48,659|[TRACE] AbstractPropertyMapping - Skipping duplicate registration of path [address.id], existing type = [org.hibernate.type.IntegerType@6892cc6f], incoming type = [org.hibernate.type.IntegerType@6892cc6f]
2021-11-19T10:23:48,660|[TRACE] AbstractPropertyMapping - Skipping duplicate registration of path [contactType], existing type = [org.hibernate.type.StringType@7fc645e4], incoming type = [org.hibernate.type.StringType@7fc645e4]
2021-11-19T10:23:48,660|[TRACE] AbstractPropertyMapping - Skipping duplicate registration of path [email], existing type = [org.hibernate.type.StringType@7fc645e4], incoming type = [org.hibernate.type.StringType@7fc645e4]
2021-11-19T10:23:48,660|[TRACE] AbstractPropertyMapping - Skipping duplicate registration of path [owner], existing type = [org.hibernate.type.ManyToOneType(bloodbank.entity.Person)], incoming type = [org.hibernate.type.ManyToOneType(bloodbank.entity.Person)]
2021-11-19T10:23:48,660|[TRACE] AbstractPropertyMapping - Skipping duplicate registration of path [owner.id], existing type = [org.hibernate.type.IntegerType@6892cc6f], incoming type = [org.hibernate.type.IntegerType@6892cc6f]
2021-11-19T10:23:48,660|[TRACE] AbstractPropertyMapping - Skipping duplicate registration of path [owner.id], existing type = [org.hibernate.type.IntegerType@6892cc6f], incoming type = [org.hibernate.type.IntegerType@6892cc6f]
2021-11-19T10:23:48,660|[TRACE] AbstractPropertyMapping - Skipping duplicate registration of path [phone], existing type = [org.hibernate.type.ManyToOneType(bloodbank.entity.Phone)], incoming type = [org.hibernate.type.ManyToOneType(bloodbank.entity.Phone)]
2021-11-19T10:23:48,660|[TRACE] AbstractPropertyMapping - Skipping duplicate registration of path [phone.id], existing type = [org.hibernate.type.IntegerType@6892cc6f], incoming type = [org.hibernate.type.IntegerType@6892cc6f]
2021-11-19T10:23:48,660|[TRACE] AbstractPropertyMapping - Skipping duplicate registration of path [phone.id], existing type = [org.hibernate.type.IntegerType@6892cc6f], incoming type = [org.hibernate.type.IntegerType@6892cc6f]
2021-11-19T10:23:48,660|[TRACE] AbstractPropertyMapping - Skipping duplicate registration of path [id], existing type = [org.hibernate.type.ComponentType@486dd616], incoming type = [org.hibernate.type.ComponentType@486dd616]
2021-11-19T10:23:48,660|[TRACE] AbstractPropertyMapping - Skipping duplicate registration of path [id.personId], existing type = [org.hibernate.type.IntegerType@6892cc6f], incoming type = [org.hibernate.type.IntegerType@6892cc6f]
2021-11-19T10:23:48,660|[TRACE] AbstractPropertyMapping - Skipping duplicate registration of path [id.phoneId], existing type = [org.hibernate.type.IntegerType@6892cc6f], incoming type = [org.hibernate.type.IntegerType@6892cc6f]
2021-11-19T10:23:48,660|[DEBUG] ClassLoaderAccessImpl - Not known whether passed class name [bloodbank.entity.Phone] is safe
2021-11-19T10:23:48,660|[DEBUG] ClassLoaderAccessImpl - No temp ClassLoader provided; using live ClassLoader for loading potentially unsafe class : bloodbank.entity.Phone
2021-11-19T10:23:48,667|[TRACE] AbstractPropertyMapping - Skipping duplicate registration of path [epochCreated], existing type = [org.hibernate.type.LongType@ae7950d], incoming type = [org.hibernate.type.LongType@ae7950d]
2021-11-19T10:23:48,667|[TRACE] AbstractPropertyMapping - Skipping duplicate registration of path [epochUpdated], existing type = [org.hibernate.type.LongType@ae7950d], incoming type = [org.hibernate.type.LongType@ae7950d]
2021-11-19T10:23:48,667|[TRACE] AbstractPropertyMapping - Skipping duplicate registration of path [version], existing type = [org.hibernate.type.IntegerType@6892cc6f], incoming type = [org.hibernate.type.IntegerType@6892cc6f]
2021-11-19T10:23:48,667|[TRACE] AbstractPropertyMapping - Skipping duplicate registration of path [areaCode], existing type = [org.hibernate.type.StringType@7fc645e4], incoming type = [org.hibernate.type.StringType@7fc645e4]
2021-11-19T10:23:48,667|[TRACE] AbstractPropertyMapping - Skipping duplicate registration of path [contacts], existing type = [org.hibernate.type.SetType(bloodbank.entity.Phone.contacts)], incoming type = [org.hibernate.type.SetType(bloodbank.entity.Phone.contacts)]
2021-11-19T10:23:48,667|[TRACE] AbstractPropertyMapping - Skipping duplicate registration of path [countryCode], existing type = [org.hibernate.type.StringType@7fc645e4], incoming type = [org.hibernate.type.StringType@7fc645e4]
2021-11-19T10:23:48,667|[TRACE] AbstractPropertyMapping - Skipping duplicate registration of path [number], existing type = [org.hibernate.type.StringType@7fc645e4], incoming type = [org.hibernate.type.StringType@7fc645e4]
2021-11-19T10:23:48,667|[TRACE] AbstractPropertyMapping - Skipping duplicate registration of path [id], existing type = [org.hibernate.type.IntegerType@6892cc6f], incoming type = [org.hibernate.type.IntegerType@6892cc6f]
2021-11-19T10:23:48,668|[DEBUG] ClassLoaderAccessImpl - Not known whether passed class name [bloodbank.entity.BloodDonation] is safe
2021-11-19T10:23:48,668|[DEBUG] ClassLoaderAccessImpl - No temp ClassLoader provided; using live ClassLoader for loading potentially unsafe class : bloodbank.entity.BloodDonation
2021-11-19T10:23:48,675|[TRACE] AbstractPropertyMapping - Skipping duplicate registration of path [bank.id], existing type = [org.hibernate.type.IntegerType@6892cc6f], incoming type = [org.hibernate.type.IntegerType@6892cc6f]
2021-11-19T10:23:48,675|[TRACE] AbstractPropertyMapping - Skipping duplicate registration of path [epochCreated], existing type = [org.hibernate.type.LongType@ae7950d], incoming type = [org.hibernate.type.LongType@ae7950d]
2021-11-19T10:23:48,675|[TRACE] AbstractPropertyMapping - Skipping duplicate registration of path [epochUpdated], existing type = [org.hibernate.type.LongType@ae7950d], incoming type = [org.hibernate.type.LongType@ae7950d]
2021-11-19T10:23:48,675|[TRACE] AbstractPropertyMapping - Skipping duplicate registration of path [version], existing type = [org.hibernate.type.IntegerType@6892cc6f], incoming type = [org.hibernate.type.IntegerType@6892cc6f]
2021-11-19T10:23:48,675|[TRACE] AbstractPropertyMapping - Skipping duplicate registration of path [bank], existing type = [org.hibernate.type.ManyToOneType(bloodbank.entity.BloodBank)], incoming type = [org.hibernate.type.ManyToOneType(bloodbank.entity.BloodBank)]
2021-11-19T10:23:48,675|[TRACE] AbstractPropertyMapping - Skipping duplicate registration of path [bank.id], existing type = [org.hibernate.type.IntegerType@6892cc6f], incoming type = [org.hibernate.type.IntegerType@6892cc6f]
2021-11-19T10:23:48,675|[TRACE] AbstractPropertyMapping - Skipping duplicate registration of path [bank.id], existing type = [org.hibernate.type.IntegerType@6892cc6f], incoming type = [org.hibernate.type.IntegerType@6892cc6f]
2021-11-19T10:23:48,675|[TRACE] AbstractPropertyMapping - Skipping duplicate registration of path [bloodType], existing type = [org.hibernate.type.ComponentType@c7cf8c4], incoming type = [org.hibernate.type.ComponentType@c7cf8c4]
2021-11-19T10:23:48,675|[TRACE] AbstractPropertyMapping - Skipping duplicate registration of path [bloodType.bloodGroup], existing type = [org.hibernate.type.StringType@7fc645e4], incoming type = [org.hibernate.type.StringType@7fc645e4]
2021-11-19T10:23:48,675|[TRACE] AbstractPropertyMapping - Skipping duplicate registration of path [bloodType.rhd], existing type = [org.hibernate.type.ByteType@2b4786dd], incoming type = [org.hibernate.type.ByteType@2b4786dd]
2021-11-19T10:23:48,675|[TRACE] AbstractPropertyMapping - Skipping duplicate registration of path [milliliters], existing type = [org.hibernate.type.IntegerType@6892cc6f], incoming type = [org.hibernate.type.IntegerType@6892cc6f]
2021-11-19T10:23:48,675|[TRACE] AbstractPropertyMapping - Skipping duplicate registration of path [record], existing type = [org.hibernate.type.OneToOneType(bloodbank.entity.DonationRecord)], incoming type = [org.hibernate.type.OneToOneType(bloodbank.entity.DonationRecord)]
2021-11-19T10:23:48,675|[TRACE] AbstractPropertyMapping - Skipping duplicate registration of path [id], existing type = [org.hibernate.type.IntegerType@6892cc6f], incoming type = [org.hibernate.type.IntegerType@6892cc6f]
2021-11-19T10:23:48,675|[DEBUG] ClassLoaderAccessImpl - Not known whether passed class name [bloodbank.entity.BloodBank] is safe
2021-11-19T10:23:48,675|[DEBUG] ClassLoaderAccessImpl - No temp ClassLoader provided; using live ClassLoader for loading potentially unsafe class : bloodbank.entity.BloodBank
2021-11-19T10:23:48,675|[DEBUG] ClassLoaderAccessImpl - Not known whether passed class name [bloodbank.entity.PrivateBloodBank] is safe
2021-11-19T10:23:48,675|[DEBUG] ClassLoaderAccessImpl - No temp ClassLoader provided; using live ClassLoader for loading potentially unsafe class : bloodbank.entity.PrivateBloodBank
2021-11-19T10:23:48,675|[DEBUG] ClassLoaderAccessImpl - Not known whether passed class name [bloodbank.entity.PublicBloodBank] is safe
2021-11-19T10:23:48,675|[DEBUG] ClassLoaderAccessImpl - No temp ClassLoader provided; using live ClassLoader for loading potentially unsafe class : bloodbank.entity.PublicBloodBank
2021-11-19T10:23:48,681|[TRACE] AbstractPropertyMapping - Skipping duplicate registration of path [epochCreated], existing type = [org.hibernate.type.LongType@ae7950d], incoming type = [org.hibernate.type.LongType@ae7950d]
2021-11-19T10:23:48,681|[TRACE] AbstractPropertyMapping - Skipping duplicate registration of path [epochUpdated], existing type = [org.hibernate.type.LongType@ae7950d], incoming type = [org.hibernate.type.LongType@ae7950d]
2021-11-19T10:23:48,681|[TRACE] AbstractPropertyMapping - Skipping duplicate registration of path [version], existing type = [org.hibernate.type.IntegerType@6892cc6f], incoming type = [org.hibernate.type.IntegerType@6892cc6f]
2021-11-19T10:23:48,681|[TRACE] AbstractPropertyMapping - Skipping duplicate registration of path [donations], existing type = [org.hibernate.type.SetType(bloodbank.entity.BloodBank.donations)], incoming type = [org.hibernate.type.SetType(bloodbank.entity.BloodBank.donations)]
2021-11-19T10:23:48,681|[TRACE] AbstractPropertyMapping - Skipping duplicate registration of path [name], existing type = [org.hibernate.type.StringType@7fc645e4], incoming type = [org.hibernate.type.StringType@7fc645e4]
2021-11-19T10:23:48,681|[TRACE] AbstractPropertyMapping - Skipping duplicate registration of path [id], existing type = [org.hibernate.type.IntegerType@6892cc6f], incoming type = [org.hibernate.type.IntegerType@6892cc6f]
2021-11-19T10:23:48,687|[TRACE] AbstractPropertyMapping - Skipping duplicate registration of path [epochCreated], existing type = [org.hibernate.type.LongType@ae7950d], incoming type = [org.hibernate.type.LongType@ae7950d]
2021-11-19T10:23:48,687|[TRACE] AbstractPropertyMapping - Skipping duplicate registration of path [epochUpdated], existing type = [org.hibernate.type.LongType@ae7950d], incoming type = [org.hibernate.type.LongType@ae7950d]
2021-11-19T10:23:48,687|[TRACE] AbstractPropertyMapping - Skipping duplicate registration of path [version], existing type = [org.hibernate.type.IntegerType@6892cc6f], incoming type = [org.hibernate.type.IntegerType@6892cc6f]
2021-11-19T10:23:48,687|[TRACE] AbstractPropertyMapping - Skipping duplicate registration of path [donations], existing type = [org.hibernate.type.SetType(bloodbank.entity.BloodBank.donations)], incoming type = [org.hibernate.type.SetType(bloodbank.entity.BloodBank.donations)]
2021-11-19T10:23:48,687|[TRACE] AbstractPropertyMapping - Skipping duplicate registration of path [name], existing type = [org.hibernate.type.StringType@7fc645e4], incoming type = [org.hibernate.type.StringType@7fc645e4]
2021-11-19T10:23:48,687|[TRACE] AbstractPropertyMapping - Skipping duplicate registration of path [id], existing type = [org.hibernate.type.IntegerType@6892cc6f], incoming type = [org.hibernate.type.IntegerType@6892cc6f]
2021-11-19T10:23:48,688|[DEBUG] ClassLoaderAccessImpl - Not known whether passed class name [bloodbank.entity.DonationRecord] is safe
2021-11-19T10:23:48,688|[DEBUG] ClassLoaderAccessImpl - No temp ClassLoader provided; using live ClassLoader for loading potentially unsafe class : bloodbank.entity.DonationRecord
2021-11-19T10:23:48,693|[TRACE] AbstractPropertyMapping - Skipping duplicate registration of path [donation.id], existing type = [org.hibernate.type.IntegerType@6892cc6f], incoming type = [org.hibernate.type.IntegerType@6892cc6f]
2021-11-19T10:23:48,693|[TRACE] AbstractPropertyMapping - Skipping duplicate registration of path [owner.id], existing type = [org.hibernate.type.IntegerType@6892cc6f], incoming type = [org.hibernate.type.IntegerType@6892cc6f]
2021-11-19T10:23:48,693|[TRACE] AbstractPropertyMapping - Skipping duplicate registration of path [epochCreated], existing type = [org.hibernate.type.LongType@ae7950d], incoming type = [org.hibernate.type.LongType@ae7950d]
2021-11-19T10:23:48,693|[TRACE] AbstractPropertyMapping - Skipping duplicate registration of path [epochUpdated], existing type = [org.hibernate.type.LongType@ae7950d], incoming type = [org.hibernate.type.LongType@ae7950d]
2021-11-19T10:23:48,693|[TRACE] AbstractPropertyMapping - Skipping duplicate registration of path [version], existing type = [org.hibernate.type.IntegerType@6892cc6f], incoming type = [org.hibernate.type.IntegerType@6892cc6f]
2021-11-19T10:23:48,693|[TRACE] AbstractPropertyMapping - Skipping duplicate registration of path [donation], existing type = [org.hibernate.type.ManyToOneType(bloodbank.entity.BloodDonation)], incoming type = [org.hibernate.type.ManyToOneType(bloodbank.entity.BloodDonation)]
2021-11-19T10:23:48,693|[TRACE] AbstractPropertyMapping - Skipping duplicate registration of path [donation.id], existing type = [org.hibernate.type.IntegerType@6892cc6f], incoming type = [org.hibernate.type.IntegerType@6892cc6f]
2021-11-19T10:23:48,693|[TRACE] AbstractPropertyMapping - Skipping duplicate registration of path [donation.id], existing type = [org.hibernate.type.IntegerType@6892cc6f], incoming type = [org.hibernate.type.IntegerType@6892cc6f]
2021-11-19T10:23:48,693|[TRACE] AbstractPropertyMapping - Skipping duplicate registration of path [owner], existing type = [org.hibernate.type.ManyToOneType(bloodbank.entity.Person)], incoming type = [org.hibernate.type.ManyToOneType(bloodbank.entity.Person)]
2021-11-19T10:23:48,693|[TRACE] AbstractPropertyMapping - Skipping duplicate registration of path [owner.id], existing type = [org.hibernate.type.IntegerType@6892cc6f], incoming type = [org.hibernate.type.IntegerType@6892cc6f]
2021-11-19T10:23:48,693|[TRACE] AbstractPropertyMapping - Skipping duplicate registration of path [owner.id], existing type = [org.hibernate.type.IntegerType@6892cc6f], incoming type = [org.hibernate.type.IntegerType@6892cc6f]
2021-11-19T10:23:48,693|[TRACE] AbstractPropertyMapping - Skipping duplicate registration of path [tested], existing type = [org.hibernate.type.ByteType@2b4786dd], incoming type = [org.hibernate.type.ByteType@2b4786dd]
2021-11-19T10:23:48,693|[TRACE] AbstractPropertyMapping - Skipping duplicate registration of path [id], existing type = [org.hibernate.type.IntegerType@6892cc6f], incoming type = [org.hibernate.type.IntegerType@6892cc6f]
2021-11-19T10:23:48,694|[DEBUG] ClassLoaderAccessImpl - Not known whether passed class name [bloodbank.entity.Address] is safe
2021-11-19T10:23:48,694|[DEBUG] ClassLoaderAccessImpl - No temp ClassLoader provided; using live ClassLoader for loading potentially unsafe class : bloodbank.entity.Address
2021-11-19T10:23:48,702|[TRACE] AbstractPropertyMapping - Skipping duplicate registration of path [epochCreated], existing type = [org.hibernate.type.LongType@ae7950d], incoming type = [org.hibernate.type.LongType@ae7950d]
2021-11-19T10:23:48,702|[TRACE] AbstractPropertyMapping - Skipping duplicate registration of path [epochUpdated], existing type = [org.hibernate.type.LongType@ae7950d], incoming type = [org.hibernate.type.LongType@ae7950d]
2021-11-19T10:23:48,702|[TRACE] AbstractPropertyMapping - Skipping duplicate registration of path [version], existing type = [org.hibernate.type.IntegerType@6892cc6f], incoming type = [org.hibernate.type.IntegerType@6892cc6f]
2021-11-19T10:23:48,702|[TRACE] AbstractPropertyMapping - Skipping duplicate registration of path [city], existing type = [org.hibernate.type.StringType@7fc645e4], incoming type = [org.hibernate.type.StringType@7fc645e4]
2021-11-19T10:23:48,702|[TRACE] AbstractPropertyMapping - Skipping duplicate registration of path [contacts], existing type = [org.hibernate.type.SetType(bloodbank.entity.Address.contacts)], incoming type = [org.hibernate.type.SetType(bloodbank.entity.Address.contacts)]
2021-11-19T10:23:48,702|[TRACE] AbstractPropertyMapping - Skipping duplicate registration of path [country], existing type = [org.hibernate.type.StringType@7fc645e4], incoming type = [org.hibernate.type.StringType@7fc645e4]
2021-11-19T10:23:48,702|[TRACE] AbstractPropertyMapping - Skipping duplicate registration of path [province], existing type = [org.hibernate.type.StringType@7fc645e4], incoming type = [org.hibernate.type.StringType@7fc645e4]
2021-11-19T10:23:48,702|[TRACE] AbstractPropertyMapping - Skipping duplicate registration of path [street], existing type = [org.hibernate.type.StringType@7fc645e4], incoming type = [org.hibernate.type.StringType@7fc645e4]
2021-11-19T10:23:48,702|[TRACE] AbstractPropertyMapping - Skipping duplicate registration of path [streetNumber], existing type = [org.hibernate.type.StringType@7fc645e4], incoming type = [org.hibernate.type.StringType@7fc645e4]
2021-11-19T10:23:48,702|[TRACE] AbstractPropertyMapping - Skipping duplicate registration of path [zipcode], existing type = [org.hibernate.type.StringType@7fc645e4], incoming type = [org.hibernate.type.StringType@7fc645e4]
2021-11-19T10:23:48,702|[TRACE] AbstractPropertyMapping - Skipping duplicate registration of path [id], existing type = [org.hibernate.type.IntegerType@6892cc6f], incoming type = [org.hibernate.type.IntegerType@6892cc6f]
2021-11-19T10:23:48,703|[DEBUG] ClassLoaderAccessImpl - Not known whether passed class name [bloodbank.entity.Person] is safe
2021-11-19T10:23:48,703|[DEBUG] ClassLoaderAccessImpl - No temp ClassLoader provided; using live ClassLoader for loading potentially unsafe class : bloodbank.entity.Person
2021-11-19T10:23:48,708|[TRACE] AbstractPropertyMapping - Skipping duplicate registration of path [epochCreated], existing type = [org.hibernate.type.LongType@ae7950d], incoming type = [org.hibernate.type.LongType@ae7950d]
2021-11-19T10:23:48,708|[TRACE] AbstractPropertyMapping - Skipping duplicate registration of path [epochUpdated], existing type = [org.hibernate.type.LongType@ae7950d], incoming type = [org.hibernate.type.LongType@ae7950d]
2021-11-19T10:23:48,709|[TRACE] AbstractPropertyMapping - Skipping duplicate registration of path [version], existing type = [org.hibernate.type.IntegerType@6892cc6f], incoming type = [org.hibernate.type.IntegerType@6892cc6f]
2021-11-19T10:23:48,709|[TRACE] AbstractPropertyMapping - Skipping duplicate registration of path [contacts], existing type = [org.hibernate.type.SetType(bloodbank.entity.Person.contacts)], incoming type = [org.hibernate.type.SetType(bloodbank.entity.Person.contacts)]
2021-11-19T10:23:48,709|[TRACE] AbstractPropertyMapping - Skipping duplicate registration of path [donations], existing type = [org.hibernate.type.SetType(bloodbank.entity.Person.donations)], incoming type = [org.hibernate.type.SetType(bloodbank.entity.Person.donations)]
2021-11-19T10:23:48,709|[TRACE] AbstractPropertyMapping - Skipping duplicate registration of path [firstName], existing type = [org.hibernate.type.StringType@7fc645e4], incoming type = [org.hibernate.type.StringType@7fc645e4]
2021-11-19T10:23:48,709|[TRACE] AbstractPropertyMapping - Skipping duplicate registration of path [lastName], existing type = [org.hibernate.type.StringType@7fc645e4], incoming type = [org.hibernate.type.StringType@7fc645e4]
2021-11-19T10:23:48,709|[TRACE] AbstractPropertyMapping - Skipping duplicate registration of path [id], existing type = [org.hibernate.type.IntegerType@6892cc6f], incoming type = [org.hibernate.type.IntegerType@6892cc6f]
2021-11-19T10:23:48,715|[TRACE] AbstractPropertyMapping - Skipping duplicate registration of path [epochCreated], existing type = [org.hibernate.type.LongType@ae7950d], incoming type = [org.hibernate.type.LongType@ae7950d]
2021-11-19T10:23:48,715|[TRACE] AbstractPropertyMapping - Skipping duplicate registration of path [epochUpdated], existing type = [org.hibernate.type.LongType@ae7950d], incoming type = [org.hibernate.type.LongType@ae7950d]
2021-11-19T10:23:48,715|[TRACE] AbstractPropertyMapping - Skipping duplicate registration of path [version], existing type = [org.hibernate.type.IntegerType@6892cc6f], incoming type = [org.hibernate.type.IntegerType@6892cc6f]
2021-11-19T10:23:48,715|[TRACE] AbstractPropertyMapping - Skipping duplicate registration of path [donations], existing type = [org.hibernate.type.SetType(bloodbank.entity.BloodBank.donations)], incoming type = [org.hibernate.type.SetType(bloodbank.entity.BloodBank.donations)]
2021-11-19T10:23:48,715|[TRACE] AbstractPropertyMapping - Skipping duplicate registration of path [name], existing type = [org.hibernate.type.StringType@7fc645e4], incoming type = [org.hibernate.type.StringType@7fc645e4]
2021-11-19T10:23:48,715|[TRACE] AbstractPropertyMapping - Skipping duplicate registration of path [id], existing type = [org.hibernate.type.IntegerType@6892cc6f], incoming type = [org.hibernate.type.IntegerType@6892cc6f]
2021-11-19T10:23:48,716|[DEBUG] AbstractCollectionPersister - Static SQL for collection: bloodbank.entity.Address.contacts
2021-11-19T10:23:48,716|[DEBUG] AbstractCollectionPersister -  Row insert: /* create one-to-many row bloodbank.entity.Address.contacts */ update contact set address_id=? where person_id=? and phone_id=?
2021-11-19T10:23:48,716|[DEBUG] AbstractCollectionPersister -  Row update: update contact set  where person_id=? and phone_id=?
2021-11-19T10:23:48,716|[DEBUG] AbstractCollectionPersister -  Row delete: /* delete one-to-many row bloodbank.entity.Address.contacts */ update contact set address_id=null where address_id=? and person_id=? and phone_id=?
2021-11-19T10:23:48,716|[DEBUG] AbstractCollectionPersister -  One-shot delete: /* delete one-to-many bloodbank.entity.Address.contacts */ update contact set address_id=null where address_id=?
2021-11-19T10:23:48,716|[DEBUG] AbstractCollectionPersister - Static SQL for collection: bloodbank.entity.Person.donations
2021-11-19T10:23:48,716|[DEBUG] AbstractCollectionPersister -  Row insert: /* create one-to-many row bloodbank.entity.Person.donations */ update donation_record set person_id=? where record_id=?
2021-11-19T10:23:48,716|[DEBUG] AbstractCollectionPersister -  Row update: update donation_record set  where record_id=?
2021-11-19T10:23:48,716|[DEBUG] AbstractCollectionPersister -  Row delete: /* delete one-to-many row bloodbank.entity.Person.donations */ update donation_record set person_id=null where person_id=? and record_id=?
2021-11-19T10:23:48,716|[DEBUG] AbstractCollectionPersister -  One-shot delete: /* delete one-to-many bloodbank.entity.Person.donations */ update donation_record set person_id=null where person_id=?
2021-11-19T10:23:48,716|[DEBUG] AbstractCollectionPersister - Static SQL for collection: bloodbank.entity.Person.contacts
2021-11-19T10:23:48,716|[DEBUG] AbstractCollectionPersister -  Row insert: /* create one-to-many row bloodbank.entity.Person.contacts */ update contact set person_id=? where person_id=? and phone_id=?
2021-11-19T10:23:48,716|[DEBUG] AbstractCollectionPersister -  Row update: update contact set  where person_id=? and phone_id=?
2021-11-19T10:23:48,716|[DEBUG] AbstractCollectionPersister -  Row delete: /* delete one-to-many row bloodbank.entity.Person.contacts */ update contact set person_id=null where person_id=? and phone_id=?
2021-11-19T10:23:48,716|[DEBUG] AbstractCollectionPersister -  One-shot delete: /* delete one-to-many bloodbank.entity.Person.contacts */ update contact set person_id=null where person_id=?
2021-11-19T10:23:48,716|[DEBUG] AbstractCollectionPersister - Static SQL for collection: bloodbank.entity.Phone.contacts
2021-11-19T10:23:48,716|[DEBUG] AbstractCollectionPersister -  Row insert: /* create one-to-many row bloodbank.entity.Phone.contacts */ update contact set phone_id=? where person_id=? and phone_id=?
2021-11-19T10:23:48,716|[DEBUG] AbstractCollectionPersister -  Row update: update contact set  where person_id=? and phone_id=?
2021-11-19T10:23:48,716|[DEBUG] AbstractCollectionPersister -  Row delete: /* delete one-to-many row bloodbank.entity.Phone.contacts */ update contact set phone_id=null where phone_id=? and person_id=?
2021-11-19T10:23:48,716|[DEBUG] AbstractCollectionPersister -  One-shot delete: /* delete one-to-many bloodbank.entity.Phone.contacts */ update contact set phone_id=null where phone_id=?
2021-11-19T10:23:48,716|[DEBUG] AbstractCollectionPersister - Static SQL for collection: bloodbank.entity.BloodBank.donations
2021-11-19T10:23:48,716|[DEBUG] AbstractCollectionPersister -  Row insert: /* create one-to-many row bloodbank.entity.BloodBank.donations */ update blood_donation set bank_id=? where donation_id=?
2021-11-19T10:23:48,716|[DEBUG] AbstractCollectionPersister -  Row update: update blood_donation set  where donation_id=?
2021-11-19T10:23:48,716|[DEBUG] AbstractCollectionPersister -  Row delete: /* delete one-to-many row bloodbank.entity.BloodBank.donations */ update blood_donation set bank_id=null where bank_id=? and donation_id=?
2021-11-19T10:23:48,716|[DEBUG] AbstractCollectionPersister -  One-shot delete: /* delete one-to-many bloodbank.entity.BloodBank.donations */ update blood_donation set bank_id=null where bank_id=?
2021-11-19T10:23:48,717|[TRACE] AbstractEntityPersister - Ignoring subclass attribute definition [bloodbank.entity.BloodBank.epochCreated] because it is defined in a superclass 
2021-11-19T10:23:48,717|[TRACE] AbstractEntityPersister - Ignoring subclass attribute definition [bloodbank.entity.BloodBank.epochUpdated] because it is defined in a superclass 
2021-11-19T10:23:48,717|[TRACE] AbstractEntityPersister - Ignoring subclass attribute definition [bloodbank.entity.BloodBank.version] because it is defined in a superclass 
2021-11-19T10:23:48,717|[TRACE] AbstractEntityPersister - Ignoring subclass attribute definition [bloodbank.entity.BloodBank.donations] because it is defined in a superclass 
2021-11-19T10:23:48,717|[TRACE] AbstractEntityPersister - Ignoring subclass attribute definition [bloodbank.entity.BloodBank.name] because it is defined in a superclass 
2021-11-19T10:23:48,717|[TRACE] AbstractEntityPersister - Ignoring subclass attribute definition [bloodbank.entity.BloodBank.epochCreated] because it is defined in a superclass 
2021-11-19T10:23:48,717|[TRACE] AbstractEntityPersister - Ignoring subclass attribute definition [bloodbank.entity.BloodBank.epochUpdated] because it is defined in a superclass 
2021-11-19T10:23:48,717|[TRACE] AbstractEntityPersister - Ignoring subclass attribute definition [bloodbank.entity.BloodBank.version] because it is defined in a superclass 
2021-11-19T10:23:48,717|[TRACE] AbstractEntityPersister - Ignoring subclass attribute definition [bloodbank.entity.BloodBank.donations] because it is defined in a superclass 
2021-11-19T10:23:48,717|[TRACE] AbstractEntityPersister - Ignoring subclass attribute definition [bloodbank.entity.BloodBank.name] because it is defined in a superclass 
2021-11-19T10:23:48,717|[DEBUG] AbstractEntityPersister - Static SQL for entity: bloodbank.entity.Contact
2021-11-19T10:23:48,717|[DEBUG] AbstractEntityPersister -  Version select: /* get version bloodbank.entity.Contact */ select version from contact where person_id =? and phone_id =?
2021-11-19T10:23:48,717|[DEBUG] AbstractEntityPersister -  Snapshot select: /* get current state bloodbank.entity.Contact */ select contact_.person_id, contact_.phone_id, contact_.created as created3_3_, contact_.updated as updated4_3_, contact_.version as version5_3_, contact_.address_id as address_8_3_, contact_.contact_type as contact_6_3_, contact_.email as email7_3_ from contact contact_ where contact_.person_id=? and contact_.phone_id=?
2021-11-19T10:23:48,717|[DEBUG] AbstractEntityPersister -  Insert 0: /* insert bloodbank.entity.Contact */ insert into contact (created, updated, version, address_id, contact_type, email, person_id, phone_id) values (?, ?, ?, ?, ?, ?, ?, ?)
2021-11-19T10:23:48,717|[DEBUG] AbstractEntityPersister -  Update 0: /* update bloodbank.entity.Contact */ update contact set created=?, updated=?, version=?, address_id=?, contact_type=?, email=? where person_id=? and phone_id=? and version=?
2021-11-19T10:23:48,717|[DEBUG] AbstractEntityPersister -  Delete 0: /* delete bloodbank.entity.Contact */ delete from contact where person_id=? and phone_id=? and version=?
2021-11-19T10:23:48,717|[TRACE] AbstractLoadPlanBuildingAssociationVisitationStrategy -  Starting root entity : bloodbank.entity.Contact
2021-11-19T10:23:48,717|[DEBUG] QuerySpacesImpl - Adding QuerySpace : uid = <gen:0> -> org.hibernate.loader.plan.build.internal.spaces.EntityQuerySpaceImpl@3ebc6d8b]
2021-11-19T10:23:48,717|[DEBUG] QuerySpacesImpl - Adding QuerySpace : uid = <gen:0>-id -> org.hibernate.loader.plan.build.internal.spaces.CompositeQuerySpaceImpl@1eab0700]
2021-11-19T10:23:48,717|[TRACE] AbstractLoadPlanBuildingAssociationVisitationStrategy - Pushing fetch source to stack : org.hibernate.loader.plan.build.internal.returns.EntityReturnImpl@7e7391e8
2021-11-19T10:23:48,717|[TRACE] AbstractLoadPlanBuildingAssociationVisitationStrategy - .. Registering AssociationKey : AssociationKey(table=contact, columns={person_id,phone_id}) -> org.hibernate.loader.plan.build.internal.returns.EntityReturnImpl@7e7391e8
2021-11-19T10:23:48,717|[TRACE] AbstractLoadPlanBuildingAssociationVisitationStrategy - >> Starting entity identifier : bloodbank.entity.Contact
2021-11-19T10:23:48,717|[TRACE] AbstractLoadPlanBuildingAssociationVisitationStrategy - Pushing fetch source to stack : org.hibernate.loader.plan.build.internal.returns.EncapsulatedEntityIdentifierDescription@1fa44f66
2021-11-19T10:23:48,717|[TRACE] AbstractLoadPlanBuildingAssociationVisitationStrategy - >>>> Starting composite : id
2021-11-19T10:23:48,717|[DEBUG] MetamodelGraphWalker - Visiting attribute path : personId
2021-11-19T10:23:48,718|[TRACE] AbstractLoadPlanBuildingAssociationVisitationStrategy - >>>> Starting attribute org.hibernate.persister.walking.internal.CompositionSingularSubAttributesHelper$1$1$3@4229b92c
2021-11-19T10:23:48,718|[TRACE] AbstractLoadPlanBuildingAssociationVisitationStrategy - <<<< Finishing up attribute : org.hibernate.persister.walking.internal.CompositionSingularSubAttributesHelper$1$1$3@4229b92c
2021-11-19T10:23:48,718|[DEBUG] MetamodelGraphWalker - Visiting attribute path : phoneId
2021-11-19T10:23:48,718|[TRACE] AbstractLoadPlanBuildingAssociationVisitationStrategy - >>>> Starting attribute org.hibernate.persister.walking.internal.CompositionSingularSubAttributesHelper$1$1$3@47c356e
2021-11-19T10:23:48,718|[TRACE] AbstractLoadPlanBuildingAssociationVisitationStrategy - <<<< Finishing up attribute : org.hibernate.persister.walking.internal.CompositionSingularSubAttributesHelper$1$1$3@47c356e
2021-11-19T10:23:48,718|[TRACE] AbstractLoadPlanBuildingAssociationVisitationStrategy - <<<< Finishing composite : id
2021-11-19T10:23:48,718|[TRACE] AbstractLoadPlanBuildingAssociationVisitationStrategy - Popped fetch owner from stack : org.hibernate.loader.plan.build.internal.returns.EncapsulatedEntityIdentifierDescription@1fa44f66
2021-11-19T10:23:48,718|[TRACE] AbstractLoadPlanBuildingAssociationVisitationStrategy - << Finished entity identifier : bloodbank.entity.Contact
2021-11-19T10:23:48,718|[DEBUG] MetamodelGraphWalker - Visiting attribute path : epochCreated
2021-11-19T10:23:48,718|[TRACE] AbstractLoadPlanBuildingAssociationVisitationStrategy - >> Starting attribute Attribute(name=epochCreated, type=long [non-identifier])
2021-11-19T10:23:48,718|[TRACE] AbstractLoadPlanBuildingAssociationVisitationStrategy - << Finishing up attribute : Attribute(name=epochCreated, type=long [non-identifier])
2021-11-19T10:23:48,718|[DEBUG] MetamodelGraphWalker - Visiting attribute path : epochUpdated
2021-11-19T10:23:48,718|[TRACE] AbstractLoadPlanBuildingAssociationVisitationStrategy - >> Starting attribute Attribute(name=epochUpdated, type=long [non-identifier])
2021-11-19T10:23:48,718|[TRACE] AbstractLoadPlanBuildingAssociationVisitationStrategy - << Finishing up attribute : Attribute(name=epochUpdated, type=long [non-identifier])
2021-11-19T10:23:48,718|[DEBUG] MetamodelGraphWalker - Visiting attribute path : version
2021-11-19T10:23:48,718|[TRACE] AbstractLoadPlanBuildingAssociationVisitationStrategy - >> Starting attribute Attribute(name=version, type=integer [non-identifier])
2021-11-19T10:23:48,718|[TRACE] AbstractLoadPlanBuildingAssociationVisitationStrategy - << Finishing up attribute : Attribute(name=version, type=integer [non-identifier])
2021-11-19T10:23:48,718|[DEBUG] MetamodelGraphWalker - Visiting attribute path : address
2021-11-19T10:23:48,718|[TRACE] AbstractLoadPlanBuildingAssociationVisitationStrategy - >> Starting attribute Attribute(name=address, type=bloodbank.entity.Address [non-identifier,association])
2021-11-19T10:23:48,718|[DEBUG] QuerySpacesImpl - Adding QuerySpace : uid = <gen:1> -> org.hibernate.loader.plan.build.internal.spaces.EntityQuerySpaceImpl@66e218d8]
2021-11-19T10:23:48,718|[TRACE] AbstractLoadPlanBuildingAssociationVisitationStrategy - << Finishing up attribute : Attribute(name=address, type=bloodbank.entity.Address [non-identifier,association])
2021-11-19T10:23:48,718|[DEBUG] MetamodelGraphWalker - Visiting attribute path : contactType
2021-11-19T10:23:48,718|[TRACE] AbstractLoadPlanBuildingAssociationVisitationStrategy - >> Starting attribute Attribute(name=contactType, type=string [non-identifier])
2021-11-19T10:23:48,718|[TRACE] AbstractLoadPlanBuildingAssociationVisitationStrategy - << Finishing up attribute : Attribute(name=contactType, type=string [non-identifier])
2021-11-19T10:23:48,718|[DEBUG] MetamodelGraphWalker - Visiting attribute path : email
2021-11-19T10:23:48,718|[TRACE] AbstractLoadPlanBuildingAssociationVisitationStrategy - >> Starting attribute Attribute(name=email, type=string [non-identifier])
2021-11-19T10:23:48,718|[TRACE] AbstractLoadPlanBuildingAssociationVisitationStrategy - << Finishing up attribute : Attribute(name=email, type=string [non-identifier])
2021-11-19T10:23:48,718|[DEBUG] MetamodelGraphWalker - Visiting attribute path : owner
2021-11-19T10:23:48,718|[TRACE] AbstractLoadPlanBuildingAssociationVisitationStrategy - >> Starting attribute Attribute(name=owner, type=bloodbank.entity.Person [non-identifier,association])
2021-11-19T10:23:48,718|[DEBUG] QuerySpacesImpl - Adding QuerySpace : uid = <gen:2> -> org.hibernate.loader.plan.build.internal.spaces.EntityQuerySpaceImpl@5b80b41d]
2021-11-19T10:23:48,718|[TRACE] AbstractLoadPlanBuildingAssociationVisitationStrategy - << Finishing up attribute : Attribute(name=owner, type=bloodbank.entity.Person [non-identifier,association])
2021-11-19T10:23:48,718|[DEBUG] MetamodelGraphWalker - Visiting attribute path : phone
2021-11-19T10:23:48,718|[TRACE] AbstractLoadPlanBuildingAssociationVisitationStrategy - >> Starting attribute Attribute(name=phone, type=bloodbank.entity.Phone [non-identifier,association])
2021-11-19T10:23:48,718|[DEBUG] QuerySpacesImpl - Adding QuerySpace : uid = <gen:3> -> org.hibernate.loader.plan.build.internal.spaces.EntityQuerySpaceImpl@54ef9698]
2021-11-19T10:23:48,718|[TRACE] AbstractLoadPlanBuildingAssociationVisitationStrategy - << Finishing up attribute : Attribute(name=phone, type=bloodbank.entity.Phone [non-identifier,association])
2021-11-19T10:23:48,718|[TRACE] AbstractLoadPlanBuildingAssociationVisitationStrategy - Popped fetch owner from stack : org.hibernate.loader.plan.build.internal.returns.EntityReturnImpl@7e7391e8
2021-11-19T10:23:48,718|[TRACE] AbstractLoadPlanBuildingAssociationVisitationStrategy -  Finished root entity : bloodbank.entity.Contact
2021-11-19T10:23:48,718|[DEBUG] FetchStyleLoadPlanBuildingAssociationVisitationStrategy - Building LoadPlan...
2021-11-19T10:23:48,718|[DEBUG] LoadQueryJoinAndFetchProcessor - processing queryspace <gen:0>
2021-11-19T10:23:48,719|[DEBUG] LoadPlanTreePrinter - LoadPlan(entity=bloodbank.entity.Contact)
    - Returns
       - EntityReturnImpl(entity=bloodbank.entity.Contact, querySpaceUid=<gen:0>, path=bloodbank.entity.Contact)
          - EntityAttributeFetchImpl(entity=bloodbank.entity.Address, querySpaceUid=<gen:1>, path=bloodbank.entity.Contact.address)
          - EntityAttributeFetchImpl(entity=bloodbank.entity.Person, querySpaceUid=<gen:2>, path=bloodbank.entity.Contact.owner)
          - EntityAttributeFetchImpl(entity=bloodbank.entity.Phone, querySpaceUid=<gen:3>, path=bloodbank.entity.Contact.phone)
    - QuerySpaces
       - EntityQuerySpaceImpl(uid=<gen:0>, entity=bloodbank.entity.Contact)
          - SQL table alias mapping - contact0_
          - alias suffix - 0_
          - suffixed key columns - {person_i1_3_0_, phone_id2_3_0_}
          - JOIN (JoinDefinedByMetadata(id)) : <gen:0> -> <gen:0>-id
             - CompositeQuerySpaceImpl(uid=<gen:0>-id)
                - SQL table alias mapping - contact0_

2021-11-19T10:23:48,719|[DEBUG] EntityLoader - Static select for entity bloodbank.entity.Contact [NONE]: select contact0_.person_id as person_i1_3_0_, contact0_.phone_id as phone_id2_3_0_, contact0_.created as created3_3_0_, contact0_.updated as updated4_3_0_, contact0_.version as version5_3_0_, contact0_.address_id as address_8_3_0_, contact0_.contact_type as contact_6_3_0_, contact0_.email as email7_3_0_ from contact contact0_ where contact0_.person_id=? and contact0_.phone_id=?
2021-11-19T10:23:48,719|[DEBUG] AbstractEntityPersister - Static SQL for entity: bloodbank.entity.Phone
2021-11-19T10:23:48,719|[DEBUG] AbstractEntityPersister -  Version select: /* get version bloodbank.entity.Phone */ select version from phone where phone_id =?
2021-11-19T10:23:48,719|[DEBUG] AbstractEntityPersister -  Snapshot select: /* get current state bloodbank.entity.Phone */ select phone_.phone_id, phone_.created as created2_6_, phone_.updated as updated3_6_, phone_.version as version4_6_, phone_.area_code as area_cod5_6_, phone_.country_code as country_6_6_, phone_.number as number7_6_ from phone phone_ where phone_.phone_id=?
2021-11-19T10:23:48,719|[DEBUG] AbstractEntityPersister -  Insert 0: /* insert bloodbank.entity.Phone */ insert into phone (created, updated, version, area_code, country_code, number, phone_id) values (?, ?, ?, ?, ?, ?, ?)
2021-11-19T10:23:48,719|[DEBUG] AbstractEntityPersister -  Update 0: /* update bloodbank.entity.Phone */ update phone set created=?, updated=?, version=?, area_code=?, country_code=?, number=? where phone_id=? and version=?
2021-11-19T10:23:48,719|[DEBUG] AbstractEntityPersister -  Delete 0: /* delete bloodbank.entity.Phone */ delete from phone where phone_id=? and version=?
2021-11-19T10:23:48,719|[DEBUG] AbstractEntityPersister -  Identity insert: /* insert bloodbank.entity.Phone */ insert into phone (created, updated, version, area_code, country_code, number) values (?, ?, ?, ?, ?, ?)
2021-11-19T10:23:48,719|[TRACE] AbstractLoadPlanBuildingAssociationVisitationStrategy -  Starting root entity : bloodbank.entity.Phone
2021-11-19T10:23:48,719|[DEBUG] QuerySpacesImpl - Adding QuerySpace : uid = <gen:0> -> org.hibernate.loader.plan.build.internal.spaces.EntityQuerySpaceImpl@31dd0e2e]
2021-11-19T10:23:48,719|[TRACE] AbstractLoadPlanBuildingAssociationVisitationStrategy - Pushing fetch source to stack : org.hibernate.loader.plan.build.internal.returns.EntityReturnImpl@478fe415
2021-11-19T10:23:48,719|[TRACE] AbstractLoadPlanBuildingAssociationVisitationStrategy - .. Registering AssociationKey : AssociationKey(table=phone, columns={phone_id}) -> org.hibernate.loader.plan.build.internal.returns.EntityReturnImpl@478fe415
2021-11-19T10:23:48,719|[TRACE] AbstractLoadPlanBuildingAssociationVisitationStrategy - >> Starting entity identifier : bloodbank.entity.Phone
2021-11-19T10:23:48,719|[DEBUG] MetamodelGraphWalker - Visiting attribute path : epochCreated
2021-11-19T10:23:48,719|[TRACE] AbstractLoadPlanBuildingAssociationVisitationStrategy - >> Starting attribute Attribute(name=epochCreated, type=long [non-identifier])
2021-11-19T10:23:48,719|[TRACE] AbstractLoadPlanBuildingAssociationVisitationStrategy - << Finishing up attribute : Attribute(name=epochCreated, type=long [non-identifier])
2021-11-19T10:23:48,719|[DEBUG] MetamodelGraphWalker - Visiting attribute path : epochUpdated
2021-11-19T10:23:48,719|[TRACE] AbstractLoadPlanBuildingAssociationVisitationStrategy - >> Starting attribute Attribute(name=epochUpdated, type=long [non-identifier])
2021-11-19T10:23:48,719|[TRACE] AbstractLoadPlanBuildingAssociationVisitationStrategy - << Finishing up attribute : Attribute(name=epochUpdated, type=long [non-identifier])
2021-11-19T10:23:48,719|[DEBUG] MetamodelGraphWalker - Visiting attribute path : version
2021-11-19T10:23:48,719|[TRACE] AbstractLoadPlanBuildingAssociationVisitationStrategy - >> Starting attribute Attribute(name=version, type=integer [non-identifier])
2021-11-19T10:23:48,719|[TRACE] AbstractLoadPlanBuildingAssociationVisitationStrategy - << Finishing up attribute : Attribute(name=version, type=integer [non-identifier])
2021-11-19T10:23:48,719|[DEBUG] MetamodelGraphWalker - Visiting attribute path : areaCode
2021-11-19T10:23:48,719|[TRACE] AbstractLoadPlanBuildingAssociationVisitationStrategy - >> Starting attribute Attribute(name=areaCode, type=string [non-identifier])
2021-11-19T10:23:48,719|[TRACE] AbstractLoadPlanBuildingAssociationVisitationStrategy - << Finishing up attribute : Attribute(name=areaCode, type=string [non-identifier])
2021-11-19T10:23:48,719|[DEBUG] MetamodelGraphWalker - Visiting attribute path : contacts
2021-11-19T10:23:48,719|[TRACE] AbstractLoadPlanBuildingAssociationVisitationStrategy - >> Starting attribute Attribute(name=contacts, type=java.util.Set(bloodbank.entity.Phone.contacts) [non-identifier,association])
2021-11-19T10:23:48,720|[DEBUG] QuerySpacesImpl - Adding QuerySpace : uid = <gen:1> -> org.hibernate.loader.plan.build.internal.spaces.CollectionQuerySpaceImpl@197180a5]
2021-11-19T10:23:48,720|[DEBUG] QuerySpacesImpl - Adding QuerySpace : uid = <gen:2> -> org.hibernate.loader.plan.build.internal.spaces.EntityQuerySpaceImpl@31028e45]
2021-11-19T10:23:48,720|[DEBUG] QuerySpacesImpl - Adding QuerySpace : uid = <gen:2>-id -> org.hibernate.loader.plan.build.internal.spaces.CompositeQuerySpaceImpl@68f75a35]
2021-11-19T10:23:48,720|[TRACE] AbstractLoadPlanBuildingAssociationVisitationStrategy - << Finishing up attribute : Attribute(name=contacts, type=java.util.Set(bloodbank.entity.Phone.contacts) [non-identifier,association])
2021-11-19T10:23:48,720|[DEBUG] MetamodelGraphWalker - Visiting attribute path : countryCode
2021-11-19T10:23:48,720|[TRACE] AbstractLoadPlanBuildingAssociationVisitationStrategy - >> Starting attribute Attribute(name=countryCode, type=string [non-identifier])
2021-11-19T10:23:48,720|[TRACE] AbstractLoadPlanBuildingAssociationVisitationStrategy - << Finishing up attribute : Attribute(name=countryCode, type=string [non-identifier])
2021-11-19T10:23:48,720|[DEBUG] MetamodelGraphWalker - Visiting attribute path : number
2021-11-19T10:23:48,720|[TRACE] AbstractLoadPlanBuildingAssociationVisitationStrategy - >> Starting attribute Attribute(name=number, type=string [non-identifier])
2021-11-19T10:23:48,720|[TRACE] AbstractLoadPlanBuildingAssociationVisitationStrategy - << Finishing up attribute : Attribute(name=number, type=string [non-identifier])
2021-11-19T10:23:48,720|[TRACE] AbstractLoadPlanBuildingAssociationVisitationStrategy - Popped fetch owner from stack : org.hibernate.loader.plan.build.internal.returns.EntityReturnImpl@478fe415
2021-11-19T10:23:48,720|[TRACE] AbstractLoadPlanBuildingAssociationVisitationStrategy -  Finished root entity : bloodbank.entity.Phone
2021-11-19T10:23:48,720|[DEBUG] FetchStyleLoadPlanBuildingAssociationVisitationStrategy - Building LoadPlan...
2021-11-19T10:23:48,720|[DEBUG] LoadQueryJoinAndFetchProcessor - processing queryspace <gen:0>
2021-11-19T10:23:48,720|[DEBUG] LoadPlanTreePrinter - LoadPlan(entity=bloodbank.entity.Phone)
    - Returns
       - EntityReturnImpl(entity=bloodbank.entity.Phone, querySpaceUid=<gen:0>, path=bloodbank.entity.Phone)
          - CollectionAttributeFetchImpl(collection=bloodbank.entity.Phone.contacts, querySpaceUid=<gen:1>, path=bloodbank.entity.Phone.contacts)
             - (collection element) CollectionFetchableElementEntityGraph(entity=bloodbank.entity.Contact, querySpaceUid=<gen:2>, path=bloodbank.entity.Phone.contacts.<elements>)
    - QuerySpaces
       - EntityQuerySpaceImpl(uid=<gen:0>, entity=bloodbank.entity.Phone)
          - SQL table alias mapping - phone0_
          - alias suffix - 0_
          - suffixed key columns - {phone_id1_6_0_}

2021-11-19T10:23:48,720|[DEBUG] EntityLoader - Static select for entity bloodbank.entity.Phone [NONE]: select phone0_.phone_id as phone_id1_6_0_, phone0_.created as created2_6_0_, phone0_.updated as updated3_6_0_, phone0_.version as version4_6_0_, phone0_.area_code as area_cod5_6_0_, phone0_.country_code as country_6_6_0_, phone0_.number as number7_6_0_ from phone phone0_ where phone0_.phone_id=?
2021-11-19T10:23:48,721|[DEBUG] AbstractEntityPersister - Static SQL for entity: bloodbank.entity.BloodDonation
2021-11-19T10:23:48,721|[DEBUG] AbstractEntityPersister -  Version select: /* get version bloodbank.entity.BloodDonation */ select version from blood_donation where donation_id =?
2021-11-19T10:23:48,721|[DEBUG] AbstractEntityPersister -  Snapshot select: /* get current state bloodbank.entity.BloodDonation */ select blooddonat_.donation_id, blooddonat_.created as created2_2_, blooddonat_.updated as updated3_2_, blooddonat_.version as version4_2_, blooddonat_.bank_id as bank_id8_2_, blooddonat_.blood_group as blood_gr5_2_, blooddonat_.rhd as rhd6_2_, blooddonat_.milliliters as millilit7_2_ from blood_donation blooddonat_ where blooddonat_.donation_id=?
2021-11-19T10:23:48,721|[DEBUG] AbstractEntityPersister -  Insert 0: /* insert bloodbank.entity.BloodDonation */ insert into blood_donation (created, updated, version, bank_id, blood_group, rhd, milliliters, donation_id) values (?, ?, ?, ?, ?, ?, ?, ?)
2021-11-19T10:23:48,721|[DEBUG] AbstractEntityPersister -  Update 0: /* update bloodbank.entity.BloodDonation */ update blood_donation set created=?, updated=?, version=?, bank_id=?, blood_group=?, rhd=?, milliliters=? where donation_id=? and version=?
2021-11-19T10:23:48,721|[DEBUG] AbstractEntityPersister -  Delete 0: /* delete bloodbank.entity.BloodDonation */ delete from blood_donation where donation_id=? and version=?
2021-11-19T10:23:48,721|[DEBUG] AbstractEntityPersister -  Identity insert: /* insert bloodbank.entity.BloodDonation */ insert into blood_donation (created, updated, version, bank_id, blood_group, rhd, milliliters) values (?, ?, ?, ?, ?, ?, ?)
2021-11-19T10:23:48,721|[TRACE] AbstractLoadPlanBuildingAssociationVisitationStrategy -  Starting root entity : bloodbank.entity.BloodDonation
2021-11-19T10:23:48,721|[DEBUG] QuerySpacesImpl - Adding QuerySpace : uid = <gen:0> -> org.hibernate.loader.plan.build.internal.spaces.EntityQuerySpaceImpl@50e0b472]
2021-11-19T10:23:48,721|[TRACE] AbstractLoadPlanBuildingAssociationVisitationStrategy - Pushing fetch source to stack : org.hibernate.loader.plan.build.internal.returns.EntityReturnImpl@45017263
2021-11-19T10:23:48,721|[TRACE] AbstractLoadPlanBuildingAssociationVisitationStrategy - .. Registering AssociationKey : AssociationKey(table=blood_donation, columns={donation_id}) -> org.hibernate.loader.plan.build.internal.returns.EntityReturnImpl@45017263
2021-11-19T10:23:48,721|[TRACE] AbstractLoadPlanBuildingAssociationVisitationStrategy - >> Starting entity identifier : bloodbank.entity.BloodDonation
2021-11-19T10:23:48,721|[DEBUG] MetamodelGraphWalker - Visiting attribute path : epochCreated
2021-11-19T10:23:48,721|[TRACE] AbstractLoadPlanBuildingAssociationVisitationStrategy - >> Starting attribute Attribute(name=epochCreated, type=long [non-identifier])
2021-11-19T10:23:48,721|[TRACE] AbstractLoadPlanBuildingAssociationVisitationStrategy - << Finishing up attribute : Attribute(name=epochCreated, type=long [non-identifier])
2021-11-19T10:23:48,721|[DEBUG] MetamodelGraphWalker - Visiting attribute path : epochUpdated
2021-11-19T10:23:48,721|[TRACE] AbstractLoadPlanBuildingAssociationVisitationStrategy - >> Starting attribute Attribute(name=epochUpdated, type=long [non-identifier])
2021-11-19T10:23:48,721|[TRACE] AbstractLoadPlanBuildingAssociationVisitationStrategy - << Finishing up attribute : Attribute(name=epochUpdated, type=long [non-identifier])
2021-11-19T10:23:48,721|[DEBUG] MetamodelGraphWalker - Visiting attribute path : version
2021-11-19T10:23:48,721|[TRACE] AbstractLoadPlanBuildingAssociationVisitationStrategy - >> Starting attribute Attribute(name=version, type=integer [non-identifier])
2021-11-19T10:23:48,721|[TRACE] AbstractLoadPlanBuildingAssociationVisitationStrategy - << Finishing up attribute : Attribute(name=version, type=integer [non-identifier])
2021-11-19T10:23:48,721|[DEBUG] MetamodelGraphWalker - Visiting attribute path : bank
2021-11-19T10:23:48,721|[TRACE] AbstractLoadPlanBuildingAssociationVisitationStrategy - >> Starting attribute Attribute(name=bank, type=bloodbank.entity.BloodBank [non-identifier,association])
2021-11-19T10:23:48,721|[DEBUG] QuerySpacesImpl - Adding QuerySpace : uid = <gen:1> -> org.hibernate.loader.plan.build.internal.spaces.EntityQuerySpaceImpl@6054ac20]
2021-11-19T10:23:48,721|[TRACE] AbstractLoadPlanBuildingAssociationVisitationStrategy - << Finishing up attribute : Attribute(name=bank, type=bloodbank.entity.BloodBank [non-identifier,association])
2021-11-19T10:23:48,721|[DEBUG] MetamodelGraphWalker - Visiting attribute path : bloodType
2021-11-19T10:23:48,721|[TRACE] AbstractLoadPlanBuildingAssociationVisitationStrategy - >> Starting attribute Attribute(name=bloodType, type=component[bloodGroup,rhd] [non-identifier,composition])
2021-11-19T10:23:48,721|[DEBUG] QuerySpacesImpl - Adding QuerySpace : uid = <gen:2> -> org.hibernate.loader.plan.build.internal.spaces.CompositeQuerySpaceImpl@32a074ed]
2021-11-19T10:23:48,721|[TRACE] AbstractLoadPlanBuildingAssociationVisitationStrategy - Pushing fetch source to stack : org.hibernate.loader.plan.build.internal.returns.CompositeAttributeFetchImpl@673605ef
2021-11-19T10:23:48,721|[TRACE] AbstractLoadPlanBuildingAssociationVisitationStrategy - >>>> Starting composite : bloodType
2021-11-19T10:23:48,721|[DEBUG] MetamodelGraphWalker - Visiting attribute path : bloodType.bloodGroup
2021-11-19T10:23:48,721|[TRACE] AbstractLoadPlanBuildingAssociationVisitationStrategy - >>>> Starting attribute Attribute(name=bloodGroup, type=string [non-identifier])
2021-11-19T10:23:48,721|[TRACE] AbstractLoadPlanBuildingAssociationVisitationStrategy - <<<< Finishing up attribute : Attribute(name=bloodGroup, type=string [non-identifier])
2021-11-19T10:23:48,721|[DEBUG] MetamodelGraphWalker - Visiting attribute path : bloodType.rhd
2021-11-19T10:23:48,721|[TRACE] AbstractLoadPlanBuildingAssociationVisitationStrategy - >>>> Starting attribute Attribute(name=rhd, type=byte [non-identifier])
2021-11-19T10:23:48,721|[TRACE] AbstractLoadPlanBuildingAssociationVisitationStrategy - <<<< Finishing up attribute : Attribute(name=rhd, type=byte [non-identifier])
2021-11-19T10:23:48,721|[TRACE] AbstractLoadPlanBuildingAssociationVisitationStrategy - <<<< Finishing composite : bloodType
2021-11-19T10:23:48,721|[TRACE] AbstractLoadPlanBuildingAssociationVisitationStrategy - Popped fetch owner from stack : org.hibernate.loader.plan.build.internal.returns.CompositeAttributeFetchImpl@673605ef
2021-11-19T10:23:48,721|[TRACE] AbstractLoadPlanBuildingAssociationVisitationStrategy - << Finishing up attribute : Attribute(name=bloodType, type=component[bloodGroup,rhd] [non-identifier,composition])
2021-11-19T10:23:48,721|[DEBUG] MetamodelGraphWalker - Visiting attribute path : milliliters
2021-11-19T10:23:48,721|[TRACE] AbstractLoadPlanBuildingAssociationVisitationStrategy - >> Starting attribute Attribute(name=milliliters, type=integer [non-identifier])
2021-11-19T10:23:48,721|[TRACE] AbstractLoadPlanBuildingAssociationVisitationStrategy - << Finishing up attribute : Attribute(name=milliliters, type=integer [non-identifier])
2021-11-19T10:23:48,721|[DEBUG] MetamodelGraphWalker - Visiting attribute path : record
2021-11-19T10:23:48,722|[DEBUG] MetamodelGraphWalker - Property path deemed to be circular : record
2021-11-19T10:23:48,722|[TRACE] AbstractLoadPlanBuildingAssociationVisitationStrategy - Popped fetch owner from stack : org.hibernate.loader.plan.build.internal.returns.EntityReturnImpl@45017263
2021-11-19T10:23:48,722|[TRACE] AbstractLoadPlanBuildingAssociationVisitationStrategy -  Finished root entity : bloodbank.entity.BloodDonation
2021-11-19T10:23:48,722|[DEBUG] FetchStyleLoadPlanBuildingAssociationVisitationStrategy - Building LoadPlan...
2021-11-19T10:23:48,722|[DEBUG] LoadQueryJoinAndFetchProcessor - processing queryspace <gen:0>
2021-11-19T10:23:48,722|[DEBUG] LoadPlanTreePrinter - LoadPlan(entity=bloodbank.entity.BloodDonation)
    - Returns
       - EntityReturnImpl(entity=bloodbank.entity.BloodDonation, querySpaceUid=<gen:0>, path=bloodbank.entity.BloodDonation)
          - EntityAttributeFetchImpl(entity=bloodbank.entity.BloodBank, querySpaceUid=<gen:1>, path=bloodbank.entity.BloodDonation.bank)
          - CompositeAttributeFetchImpl(composite=bloodbank.entity.BloodType, querySpaceUid=<gen:2>, path=bloodbank.entity.BloodDonation.bloodType)
    - QuerySpaces
       - EntityQuerySpaceImpl(uid=<gen:0>, entity=bloodbank.entity.BloodDonation)
          - SQL table alias mapping - blooddonat0_
          - alias suffix - 0_
          - suffixed key columns - {donation1_2_0_}
          - JOIN (JoinDefinedByMetadata(bloodType)) : <gen:0> -> <gen:2>
             - CompositeQuerySpaceImpl(uid=<gen:2>)
                - SQL table alias mapping - blooddonat0_

2021-11-19T10:23:48,722|[DEBUG] EntityLoader - Static select for entity bloodbank.entity.BloodDonation [NONE]: select blooddonat0_.donation_id as donation1_2_0_, blooddonat0_.created as created2_2_0_, blooddonat0_.updated as updated3_2_0_, blooddonat0_.version as version4_2_0_, blooddonat0_.bank_id as bank_id8_2_0_, blooddonat0_.blood_group as blood_gr5_2_0_, blooddonat0_.rhd as rhd6_2_0_, blooddonat0_.milliliters as millilit7_2_0_ from blood_donation blooddonat0_ where blooddonat0_.donation_id=?
2021-11-19T10:23:48,722|[DEBUG] AbstractEntityPersister - Static SQL for entity: bloodbank.entity.BloodBank
2021-11-19T10:23:48,722|[DEBUG] AbstractEntityPersister -  Version select: /* get version bloodbank.entity.BloodBank */ select version from blood_bank where bank_id =?
2021-11-19T10:23:48,722|[DEBUG] AbstractEntityPersister -  Snapshot select: /* get current state bloodbank.entity.BloodBank */ select bloodbank_.bank_id, bloodbank_.created as created3_1_, bloodbank_.updated as updated4_1_, bloodbank_.version as version5_1_, bloodbank_.name as name6_1_ from blood_bank bloodbank_ where bloodbank_.bank_id=?
2021-11-19T10:23:48,722|[DEBUG] AbstractEntityPersister -  Insert 0: /* insert bloodbank.entity.BloodBank */ insert into blood_bank (created, updated, version, name, privately_owned, bank_id) values (?, ?, ?, ?, -1082010826, ?)
2021-11-19T10:23:48,722|[DEBUG] AbstractEntityPersister -  Update 0: /* update bloodbank.entity.BloodBank */ update blood_bank set created=?, updated=?, version=?, name=? where bank_id=? and version=?
2021-11-19T10:23:48,723|[DEBUG] AbstractEntityPersister -  Delete 0: /* delete bloodbank.entity.BloodBank */ delete from blood_bank where bank_id=? and version=?
2021-11-19T10:23:48,723|[DEBUG] AbstractEntityPersister -  Identity insert: /* insert bloodbank.entity.BloodBank */ insert into blood_bank (created, updated, version, name, privately_owned) values (?, ?, ?, ?, -1082010826)
2021-11-19T10:23:48,723|[TRACE] AbstractLoadPlanBuildingAssociationVisitationStrategy -  Starting root entity : bloodbank.entity.BloodBank
2021-11-19T10:23:48,723|[DEBUG] QuerySpacesImpl - Adding QuerySpace : uid = <gen:0> -> org.hibernate.loader.plan.build.internal.spaces.EntityQuerySpaceImpl@29eaf100]
2021-11-19T10:23:48,723|[TRACE] AbstractLoadPlanBuildingAssociationVisitationStrategy - Pushing fetch source to stack : org.hibernate.loader.plan.build.internal.returns.EntityReturnImpl@6c1a6db1
2021-11-19T10:23:48,723|[TRACE] AbstractLoadPlanBuildingAssociationVisitationStrategy - .. Registering AssociationKey : AssociationKey(table=blood_bank, columns={bank_id}) -> org.hibernate.loader.plan.build.internal.returns.EntityReturnImpl@6c1a6db1
2021-11-19T10:23:48,723|[TRACE] AbstractLoadPlanBuildingAssociationVisitationStrategy - >> Starting entity identifier : bloodbank.entity.BloodBank
2021-11-19T10:23:48,723|[DEBUG] MetamodelGraphWalker - Visiting attribute path : epochCreated
2021-11-19T10:23:48,723|[TRACE] AbstractLoadPlanBuildingAssociationVisitationStrategy - >> Starting attribute Attribute(name=epochCreated, type=long [non-identifier])
2021-11-19T10:23:48,723|[TRACE] AbstractLoadPlanBuildingAssociationVisitationStrategy - << Finishing up attribute : Attribute(name=epochCreated, type=long [non-identifier])
2021-11-19T10:23:48,723|[DEBUG] MetamodelGraphWalker - Visiting attribute path : epochUpdated
2021-11-19T10:23:48,723|[TRACE] AbstractLoadPlanBuildingAssociationVisitationStrategy - >> Starting attribute Attribute(name=epochUpdated, type=long [non-identifier])
2021-11-19T10:23:48,723|[TRACE] AbstractLoadPlanBuildingAssociationVisitationStrategy - << Finishing up attribute : Attribute(name=epochUpdated, type=long [non-identifier])
2021-11-19T10:23:48,723|[DEBUG] MetamodelGraphWalker - Visiting attribute path : version
2021-11-19T10:23:48,723|[TRACE] AbstractLoadPlanBuildingAssociationVisitationStrategy - >> Starting attribute Attribute(name=version, type=integer [non-identifier])
2021-11-19T10:23:48,723|[TRACE] AbstractLoadPlanBuildingAssociationVisitationStrategy - << Finishing up attribute : Attribute(name=version, type=integer [non-identifier])
2021-11-19T10:23:48,723|[DEBUG] MetamodelGraphWalker - Visiting attribute path : donations
2021-11-19T10:23:48,723|[TRACE] AbstractLoadPlanBuildingAssociationVisitationStrategy - >> Starting attribute Attribute(name=donations, type=java.util.Set(bloodbank.entity.BloodBank.donations) [non-identifier,association])
2021-11-19T10:23:48,723|[DEBUG] QuerySpacesImpl - Adding QuerySpace : uid = <gen:1> -> org.hibernate.loader.plan.build.internal.spaces.CollectionQuerySpaceImpl@5dac6bc3]
2021-11-19T10:23:48,723|[DEBUG] QuerySpacesImpl - Adding QuerySpace : uid = <gen:2> -> org.hibernate.loader.plan.build.internal.spaces.EntityQuerySpaceImpl@a6204e4]
2021-11-19T10:23:48,723|[TRACE] AbstractLoadPlanBuildingAssociationVisitationStrategy - << Finishing up attribute : Attribute(name=donations, type=java.util.Set(bloodbank.entity.BloodBank.donations) [non-identifier,association])
2021-11-19T10:23:48,723|[DEBUG] MetamodelGraphWalker - Visiting attribute path : name
2021-11-19T10:23:48,723|[TRACE] AbstractLoadPlanBuildingAssociationVisitationStrategy - >> Starting attribute Attribute(name=name, type=string [non-identifier])
2021-11-19T10:23:48,723|[TRACE] AbstractLoadPlanBuildingAssociationVisitationStrategy - << Finishing up attribute : Attribute(name=name, type=string [non-identifier])
2021-11-19T10:23:48,723|[TRACE] AbstractLoadPlanBuildingAssociationVisitationStrategy - Popped fetch owner from stack : org.hibernate.loader.plan.build.internal.returns.EntityReturnImpl@6c1a6db1
2021-11-19T10:23:48,723|[TRACE] AbstractLoadPlanBuildingAssociationVisitationStrategy -  Finished root entity : bloodbank.entity.BloodBank
2021-11-19T10:23:48,723|[DEBUG] FetchStyleLoadPlanBuildingAssociationVisitationStrategy - Building LoadPlan...
2021-11-19T10:23:48,723|[DEBUG] LoadQueryJoinAndFetchProcessor - processing queryspace <gen:0>
2021-11-19T10:23:48,723|[DEBUG] LoadPlanTreePrinter - LoadPlan(entity=bloodbank.entity.BloodBank)
    - Returns
       - EntityReturnImpl(entity=bloodbank.entity.BloodBank, querySpaceUid=<gen:0>, path=bloodbank.entity.BloodBank)
          - CollectionAttributeFetchImpl(collection=bloodbank.entity.BloodBank.donations, querySpaceUid=<gen:1>, path=bloodbank.entity.BloodBank.donations)
             - (collection element) CollectionFetchableElementEntityGraph(entity=bloodbank.entity.BloodDonation, querySpaceUid=<gen:2>, path=bloodbank.entity.BloodBank.donations.<elements>)
    - QuerySpaces
       - EntityQuerySpaceImpl(uid=<gen:0>, entity=bloodbank.entity.BloodBank)
          - SQL table alias mapping - bloodbank0_
          - alias suffix - 0_
          - suffixed key columns - {bank_id2_1_0_}

2021-11-19T10:23:48,724|[DEBUG] EntityLoader - Static select for entity bloodbank.entity.BloodBank [NONE]: select bloodbank0_.bank_id as bank_id2_1_0_, bloodbank0_.created as created3_1_0_, bloodbank0_.updated as updated4_1_0_, bloodbank0_.version as version5_1_0_, bloodbank0_.name as name6_1_0_, bloodbank0_.privately_owned as privatel1_1_0_ from blood_bank bloodbank0_ where bloodbank0_.bank_id=?
2021-11-19T10:23:48,724|[DEBUG] AbstractEntityPersister - Static SQL for entity: bloodbank.entity.PrivateBloodBank
2021-11-19T10:23:48,724|[DEBUG] AbstractEntityPersister -  Version select: /* get version bloodbank.entity.PrivateBloodBank */ select version from blood_bank where bank_id =?
2021-11-19T10:23:48,724|[DEBUG] AbstractEntityPersister -  Snapshot select: /* get current state bloodbank.entity.PrivateBloodBank */ select privateblo_.bank_id, privateblo_.created as created3_1_, privateblo_.updated as updated4_1_, privateblo_.version as version5_1_, privateblo_.name as name6_1_ from blood_bank privateblo_ where privateblo_.bank_id=?
2021-11-19T10:23:48,724|[DEBUG] AbstractEntityPersister -  Insert 0: /* insert bloodbank.entity.PrivateBloodBank */ insert into blood_bank (created, updated, version, name, privately_owned, bank_id) values (?, ?, ?, ?, 1, ?)
2021-11-19T10:23:48,724|[DEBUG] AbstractEntityPersister -  Update 0: /* update bloodbank.entity.PrivateBloodBank */ update blood_bank set created=?, updated=?, version=?, name=? where bank_id=? and version=?
2021-11-19T10:23:48,724|[DEBUG] AbstractEntityPersister -  Delete 0: /* delete bloodbank.entity.PrivateBloodBank */ delete from blood_bank where bank_id=? and version=?
2021-11-19T10:23:48,724|[DEBUG] AbstractEntityPersister -  Identity insert: /* insert bloodbank.entity.PrivateBloodBank */ insert into blood_bank (created, updated, version, name, privately_owned) values (?, ?, ?, ?, 1)
2021-11-19T10:23:48,724|[TRACE] AbstractLoadPlanBuildingAssociationVisitationStrategy -  Starting root entity : bloodbank.entity.PrivateBloodBank
2021-11-19T10:23:48,724|[DEBUG] QuerySpacesImpl - Adding QuerySpace : uid = <gen:0> -> org.hibernate.loader.plan.build.internal.spaces.EntityQuerySpaceImpl@747e8659]
2021-11-19T10:23:48,724|[TRACE] AbstractLoadPlanBuildingAssociationVisitationStrategy - Pushing fetch source to stack : org.hibernate.loader.plan.build.internal.returns.EntityReturnImpl@4b360a82
2021-11-19T10:23:48,724|[TRACE] AbstractLoadPlanBuildingAssociationVisitationStrategy - .. Registering AssociationKey : AssociationKey(table=blood_bank, columns={bank_id}) -> org.hibernate.loader.plan.build.internal.returns.EntityReturnImpl@4b360a82
2021-11-19T10:23:48,724|[TRACE] AbstractLoadPlanBuildingAssociationVisitationStrategy - >> Starting entity identifier : bloodbank.entity.PrivateBloodBank
2021-11-19T10:23:48,724|[DEBUG] MetamodelGraphWalker - Visiting attribute path : epochCreated
2021-11-19T10:23:48,724|[TRACE] AbstractLoadPlanBuildingAssociationVisitationStrategy - >> Starting attribute Attribute(name=epochCreated, type=long [non-identifier])
2021-11-19T10:23:48,724|[TRACE] AbstractLoadPlanBuildingAssociationVisitationStrategy - << Finishing up attribute : Attribute(name=epochCreated, type=long [non-identifier])
2021-11-19T10:23:48,724|[DEBUG] MetamodelGraphWalker - Visiting attribute path : epochUpdated
2021-11-19T10:23:48,724|[TRACE] AbstractLoadPlanBuildingAssociationVisitationStrategy - >> Starting attribute Attribute(name=epochUpdated, type=long [non-identifier])
2021-11-19T10:23:48,724|[TRACE] AbstractLoadPlanBuildingAssociationVisitationStrategy - << Finishing up attribute : Attribute(name=epochUpdated, type=long [non-identifier])
2021-11-19T10:23:48,724|[DEBUG] MetamodelGraphWalker - Visiting attribute path : version
2021-11-19T10:23:48,724|[TRACE] AbstractLoadPlanBuildingAssociationVisitationStrategy - >> Starting attribute Attribute(name=version, type=integer [non-identifier])
2021-11-19T10:23:48,724|[TRACE] AbstractLoadPlanBuildingAssociationVisitationStrategy - << Finishing up attribute : Attribute(name=version, type=integer [non-identifier])
2021-11-19T10:23:48,724|[DEBUG] MetamodelGraphWalker - Visiting attribute path : donations
2021-11-19T10:23:48,724|[TRACE] AbstractLoadPlanBuildingAssociationVisitationStrategy - >> Starting attribute Attribute(name=donations, type=java.util.Set(bloodbank.entity.BloodBank.donations) [non-identifier,association])
2021-11-19T10:23:48,724|[DEBUG] QuerySpacesImpl - Adding QuerySpace : uid = <gen:1> -> org.hibernate.loader.plan.build.internal.spaces.CollectionQuerySpaceImpl@75fa9254]
2021-11-19T10:23:48,724|[DEBUG] QuerySpacesImpl - Adding QuerySpace : uid = <gen:2> -> org.hibernate.loader.plan.build.internal.spaces.EntityQuerySpaceImpl@6f25ed2b]
2021-11-19T10:23:48,724|[TRACE] AbstractLoadPlanBuildingAssociationVisitationStrategy - << Finishing up attribute : Attribute(name=donations, type=java.util.Set(bloodbank.entity.BloodBank.donations) [non-identifier,association])
2021-11-19T10:23:48,724|[DEBUG] MetamodelGraphWalker - Visiting attribute path : name
2021-11-19T10:23:48,724|[TRACE] AbstractLoadPlanBuildingAssociationVisitationStrategy - >> Starting attribute Attribute(name=name, type=string [non-identifier])
2021-11-19T10:23:48,724|[TRACE] AbstractLoadPlanBuildingAssociationVisitationStrategy - << Finishing up attribute : Attribute(name=name, type=string [non-identifier])
2021-11-19T10:23:48,724|[TRACE] AbstractLoadPlanBuildingAssociationVisitationStrategy - Popped fetch owner from stack : org.hibernate.loader.plan.build.internal.returns.EntityReturnImpl@4b360a82
2021-11-19T10:23:48,724|[TRACE] AbstractLoadPlanBuildingAssociationVisitationStrategy -  Finished root entity : bloodbank.entity.PrivateBloodBank
2021-11-19T10:23:48,724|[DEBUG] FetchStyleLoadPlanBuildingAssociationVisitationStrategy - Building LoadPlan...
2021-11-19T10:23:48,724|[DEBUG] LoadQueryJoinAndFetchProcessor - processing queryspace <gen:0>
2021-11-19T10:23:48,724|[DEBUG] LoadPlanTreePrinter - LoadPlan(entity=bloodbank.entity.PrivateBloodBank)
    - Returns
       - EntityReturnImpl(entity=bloodbank.entity.PrivateBloodBank, querySpaceUid=<gen:0>, path=bloodbank.entity.PrivateBloodBank)
          - CollectionAttributeFetchImpl(collection=bloodbank.entity.BloodBank.donations, querySpaceUid=<gen:1>, path=bloodbank.entity.PrivateBloodBank.donations)
             - (collection element) CollectionFetchableElementEntityGraph(entity=bloodbank.entity.BloodDonation, querySpaceUid=<gen:2>, path=bloodbank.entity.PrivateBloodBank.donations.<elements>)
    - QuerySpaces
       - EntityQuerySpaceImpl(uid=<gen:0>, entity=bloodbank.entity.PrivateBloodBank)
          - SQL table alias mapping - privateblo0_
          - alias suffix - 0_
          - suffixed key columns - {bank_id2_1_0_}

2021-11-19T10:23:48,724|[DEBUG] EntityLoader - Static select for entity bloodbank.entity.PrivateBloodBank [NONE]: select privateblo0_.bank_id as bank_id2_1_0_, privateblo0_.created as created3_1_0_, privateblo0_.updated as updated4_1_0_, privateblo0_.version as version5_1_0_, privateblo0_.name as name6_1_0_ from blood_bank privateblo0_ where privateblo0_.bank_id=? and privateblo0_.privately_owned=1
2021-11-19T10:23:48,724|[DEBUG] AbstractEntityPersister - Static SQL for entity: bloodbank.entity.DonationRecord
2021-11-19T10:23:48,724|[DEBUG] AbstractEntityPersister -  Version select: /* get version bloodbank.entity.DonationRecord */ select version from donation_record where record_id =?
2021-11-19T10:23:48,724|[DEBUG] AbstractEntityPersister -  Snapshot select: /* get current state bloodbank.entity.DonationRecord */ select donationre_.record_id, donationre_.created as created2_4_, donationre_.updated as updated3_4_, donationre_.version as version4_4_, donationre_.donation_id as donation6_4_, donationre_.person_id as person_i7_4_, donationre_.tested as tested5_4_ from donation_record donationre_ where donationre_.record_id=?
2021-11-19T10:23:48,724|[DEBUG] AbstractEntityPersister -  Insert 0: /* insert bloodbank.entity.DonationRecord */ insert into donation_record (created, updated, version, donation_id, person_id, tested, record_id) values (?, ?, ?, ?, ?, ?, ?)
2021-11-19T10:23:48,724|[DEBUG] AbstractEntityPersister -  Update 0: /* update bloodbank.entity.DonationRecord */ update donation_record set created=?, updated=?, version=?, donation_id=?, person_id=?, tested=? where record_id=? and version=?
2021-11-19T10:23:48,724|[DEBUG] AbstractEntityPersister -  Delete 0: /* delete bloodbank.entity.DonationRecord */ delete from donation_record where record_id=? and version=?
2021-11-19T10:23:48,724|[DEBUG] AbstractEntityPersister -  Identity insert: /* insert bloodbank.entity.DonationRecord */ insert into donation_record (created, updated, version, donation_id, person_id, tested) values (?, ?, ?, ?, ?, ?)
2021-11-19T10:23:48,724|[TRACE] AbstractLoadPlanBuildingAssociationVisitationStrategy -  Starting root entity : bloodbank.entity.DonationRecord
2021-11-19T10:23:48,724|[DEBUG] QuerySpacesImpl - Adding QuerySpace : uid = <gen:0> -> org.hibernate.loader.plan.build.internal.spaces.EntityQuerySpaceImpl@6f69e2d8]
2021-11-19T10:23:48,724|[TRACE] AbstractLoadPlanBuildingAssociationVisitationStrategy - Pushing fetch source to stack : org.hibernate.loader.plan.build.internal.returns.EntityReturnImpl@147097ad
2021-11-19T10:23:48,725|[TRACE] AbstractLoadPlanBuildingAssociationVisitationStrategy - .. Registering AssociationKey : AssociationKey(table=donation_record, columns={record_id}) -> org.hibernate.loader.plan.build.internal.returns.EntityReturnImpl@147097ad
2021-11-19T10:23:48,725|[TRACE] AbstractLoadPlanBuildingAssociationVisitationStrategy - >> Starting entity identifier : bloodbank.entity.DonationRecord
2021-11-19T10:23:48,725|[DEBUG] MetamodelGraphWalker - Visiting attribute path : epochCreated
2021-11-19T10:23:48,725|[TRACE] AbstractLoadPlanBuildingAssociationVisitationStrategy - >> Starting attribute Attribute(name=epochCreated, type=long [non-identifier])
2021-11-19T10:23:48,725|[TRACE] AbstractLoadPlanBuildingAssociationVisitationStrategy - << Finishing up attribute : Attribute(name=epochCreated, type=long [non-identifier])
2021-11-19T10:23:48,725|[DEBUG] MetamodelGraphWalker - Visiting attribute path : epochUpdated
2021-11-19T10:23:48,725|[TRACE] AbstractLoadPlanBuildingAssociationVisitationStrategy - >> Starting attribute Attribute(name=epochUpdated, type=long [non-identifier])
2021-11-19T10:23:48,725|[TRACE] AbstractLoadPlanBuildingAssociationVisitationStrategy - << Finishing up attribute : Attribute(name=epochUpdated, type=long [non-identifier])
2021-11-19T10:23:48,725|[DEBUG] MetamodelGraphWalker - Visiting attribute path : version
2021-11-19T10:23:48,725|[TRACE] AbstractLoadPlanBuildingAssociationVisitationStrategy - >> Starting attribute Attribute(name=version, type=integer [non-identifier])
2021-11-19T10:23:48,725|[TRACE] AbstractLoadPlanBuildingAssociationVisitationStrategy - << Finishing up attribute : Attribute(name=version, type=integer [non-identifier])
2021-11-19T10:23:48,725|[DEBUG] MetamodelGraphWalker - Visiting attribute path : donation
2021-11-19T10:23:48,725|[TRACE] AbstractLoadPlanBuildingAssociationVisitationStrategy - >> Starting attribute Attribute(name=donation, type=bloodbank.entity.BloodDonation [non-identifier,association])
2021-11-19T10:23:48,725|[DEBUG] QuerySpacesImpl - Adding QuerySpace : uid = <gen:1> -> org.hibernate.loader.plan.build.internal.spaces.EntityQuerySpaceImpl@3539cf45]
2021-11-19T10:23:48,725|[TRACE] AbstractLoadPlanBuildingAssociationVisitationStrategy - Pushing fetch source to stack : org.hibernate.loader.plan.build.internal.returns.EntityAttributeFetchImpl@7535307c
2021-11-19T10:23:48,725|[TRACE] AbstractLoadPlanBuildingAssociationVisitationStrategy - .... Registering AssociationKey : AssociationKey(table=donation_record, columns={donation_id}) -> org.hibernate.loader.plan.build.internal.returns.EntityAttributeFetchImpl@7535307c
2021-11-19T10:23:48,725|[TRACE] AbstractLoadPlanBuildingAssociationVisitationStrategy - >>>> Starting entity identifier : bloodbank.entity.BloodDonation
2021-11-19T10:23:48,725|[DEBUG] MetamodelGraphWalker - Visiting attribute path : donation.epochCreated
2021-11-19T10:23:48,725|[TRACE] AbstractLoadPlanBuildingAssociationVisitationStrategy - >>>> Starting attribute Attribute(name=epochCreated, type=long [non-identifier])
2021-11-19T10:23:48,725|[TRACE] AbstractLoadPlanBuildingAssociationVisitationStrategy - <<<< Finishing up attribute : Attribute(name=epochCreated, type=long [non-identifier])
2021-11-19T10:23:48,725|[DEBUG] MetamodelGraphWalker - Visiting attribute path : donation.epochUpdated
2021-11-19T10:23:48,725|[TRACE] AbstractLoadPlanBuildingAssociationVisitationStrategy - >>>> Starting attribute Attribute(name=epochUpdated, type=long [non-identifier])
2021-11-19T10:23:48,725|[TRACE] AbstractLoadPlanBuildingAssociationVisitationStrategy - <<<< Finishing up attribute : Attribute(name=epochUpdated, type=long [non-identifier])
2021-11-19T10:23:48,725|[DEBUG] MetamodelGraphWalker - Visiting attribute path : donation.version
2021-11-19T10:23:48,725|[TRACE] AbstractLoadPlanBuildingAssociationVisitationStrategy - >>>> Starting attribute Attribute(name=version, type=integer [non-identifier])
2021-11-19T10:23:48,725|[TRACE] AbstractLoadPlanBuildingAssociationVisitationStrategy - <<<< Finishing up attribute : Attribute(name=version, type=integer [non-identifier])
2021-11-19T10:23:48,725|[DEBUG] MetamodelGraphWalker - Visiting attribute path : donation.bank
2021-11-19T10:23:48,725|[TRACE] AbstractLoadPlanBuildingAssociationVisitationStrategy - >>>> Starting attribute Attribute(name=bank, type=bloodbank.entity.BloodBank [non-identifier,association])
2021-11-19T10:23:48,725|[DEBUG] QuerySpacesImpl - Adding QuerySpace : uid = <gen:2> -> org.hibernate.loader.plan.build.internal.spaces.EntityQuerySpaceImpl@556a6320]
2021-11-19T10:23:48,725|[TRACE] AbstractLoadPlanBuildingAssociationVisitationStrategy - <<<< Finishing up attribute : Attribute(name=bank, type=bloodbank.entity.BloodBank [non-identifier,association])
2021-11-19T10:23:48,725|[DEBUG] MetamodelGraphWalker - Visiting attribute path : donation.bloodType
2021-11-19T10:23:48,725|[TRACE] AbstractLoadPlanBuildingAssociationVisitationStrategy - >>>> Starting attribute Attribute(name=bloodType, type=component[bloodGroup,rhd] [non-identifier,composition])
2021-11-19T10:23:48,725|[DEBUG] QuerySpacesImpl - Adding QuerySpace : uid = <gen:3> -> org.hibernate.loader.plan.build.internal.spaces.CompositeQuerySpaceImpl@45375bdf]
2021-11-19T10:23:48,725|[TRACE] AbstractLoadPlanBuildingAssociationVisitationStrategy - Pushing fetch source to stack : org.hibernate.loader.plan.build.internal.returns.CompositeAttributeFetchImpl@3e8fe7db
2021-11-19T10:23:48,725|[TRACE] AbstractLoadPlanBuildingAssociationVisitationStrategy - >>>>>> Starting composite : bloodType
2021-11-19T10:23:48,725|[DEBUG] MetamodelGraphWalker - Visiting attribute path : donation.bloodType.bloodGroup
2021-11-19T10:23:48,725|[TRACE] AbstractLoadPlanBuildingAssociationVisitationStrategy - >>>>>> Starting attribute Attribute(name=bloodGroup, type=string [non-identifier])
2021-11-19T10:23:48,725|[TRACE] AbstractLoadPlanBuildingAssociationVisitationStrategy - <<<<<< Finishing up attribute : Attribute(name=bloodGroup, type=string [non-identifier])
2021-11-19T10:23:48,725|[DEBUG] MetamodelGraphWalker - Visiting attribute path : donation.bloodType.rhd
2021-11-19T10:23:48,725|[TRACE] AbstractLoadPlanBuildingAssociationVisitationStrategy - >>>>>> Starting attribute Attribute(name=rhd, type=byte [non-identifier])
2021-11-19T10:23:48,725|[TRACE] AbstractLoadPlanBuildingAssociationVisitationStrategy - <<<<<< Finishing up attribute : Attribute(name=rhd, type=byte [non-identifier])
2021-11-19T10:23:48,725|[TRACE] AbstractLoadPlanBuildingAssociationVisitationStrategy - <<<<<< Finishing composite : bloodType
2021-11-19T10:23:48,725|[TRACE] AbstractLoadPlanBuildingAssociationVisitationStrategy - Popped fetch owner from stack : org.hibernate.loader.plan.build.internal.returns.CompositeAttributeFetchImpl@3e8fe7db
2021-11-19T10:23:48,725|[TRACE] AbstractLoadPlanBuildingAssociationVisitationStrategy - <<<< Finishing up attribute : Attribute(name=bloodType, type=component[bloodGroup,rhd] [non-identifier,composition])
2021-11-19T10:23:48,725|[DEBUG] MetamodelGraphWalker - Visiting attribute path : donation.milliliters
2021-11-19T10:23:48,725|[TRACE] AbstractLoadPlanBuildingAssociationVisitationStrategy - >>>> Starting attribute Attribute(name=milliliters, type=integer [non-identifier])
2021-11-19T10:23:48,725|[TRACE] AbstractLoadPlanBuildingAssociationVisitationStrategy - <<<< Finishing up attribute : Attribute(name=milliliters, type=integer [non-identifier])
2021-11-19T10:23:48,725|[DEBUG] MetamodelGraphWalker - Visiting attribute path : donation.record
2021-11-19T10:23:48,725|[TRACE] AbstractLoadPlanBuildingAssociationVisitationStrategy - >>>> Starting attribute Attribute(name=record, type=bloodbank.entity.DonationRecord [non-identifier,association])
2021-11-19T10:23:48,725|[DEBUG] QuerySpacesImpl - Adding QuerySpace : uid = <gen:4> -> org.hibernate.loader.plan.build.internal.spaces.EntityQuerySpaceImpl@62e586a6]
2021-11-19T10:23:48,725|[TRACE] AbstractLoadPlanBuildingAssociationVisitationStrategy - <<<< Finishing up attribute : Attribute(name=record, type=bloodbank.entity.DonationRecord [non-identifier,association])
2021-11-19T10:23:48,725|[TRACE] AbstractLoadPlanBuildingAssociationVisitationStrategy - Popped fetch owner from stack : org.hibernate.loader.plan.build.internal.returns.EntityAttributeFetchImpl@7535307c
2021-11-19T10:23:48,725|[TRACE] AbstractLoadPlanBuildingAssociationVisitationStrategy - << Finishing up attribute : Attribute(name=donation, type=bloodbank.entity.BloodDonation [non-identifier,association])
2021-11-19T10:23:48,725|[DEBUG] MetamodelGraphWalker - Visiting attribute path : owner
2021-11-19T10:23:48,725|[TRACE] AbstractLoadPlanBuildingAssociationVisitationStrategy - >> Starting attribute Attribute(name=owner, type=bloodbank.entity.Person [non-identifier,association])
2021-11-19T10:23:48,725|[DEBUG] QuerySpacesImpl - Adding QuerySpace : uid = <gen:5> -> org.hibernate.loader.plan.build.internal.spaces.EntityQuerySpaceImpl@64908ab9]
2021-11-19T10:23:48,725|[TRACE] AbstractLoadPlanBuildingAssociationVisitationStrategy - << Finishing up attribute : Attribute(name=owner, type=bloodbank.entity.Person [non-identifier,association])
2021-11-19T10:23:48,725|[DEBUG] MetamodelGraphWalker - Visiting attribute path : tested
2021-11-19T10:23:48,725|[TRACE] AbstractLoadPlanBuildingAssociationVisitationStrategy - >> Starting attribute Attribute(name=tested, type=byte [non-identifier])
2021-11-19T10:23:48,725|[TRACE] AbstractLoadPlanBuildingAssociationVisitationStrategy - << Finishing up attribute : Attribute(name=tested, type=byte [non-identifier])
2021-11-19T10:23:48,725|[TRACE] AbstractLoadPlanBuildingAssociationVisitationStrategy - Popped fetch owner from stack : org.hibernate.loader.plan.build.internal.returns.EntityReturnImpl@147097ad
2021-11-19T10:23:48,725|[TRACE] AbstractLoadPlanBuildingAssociationVisitationStrategy -  Finished root entity : bloodbank.entity.DonationRecord
2021-11-19T10:23:48,725|[DEBUG] FetchStyleLoadPlanBuildingAssociationVisitationStrategy - Building LoadPlan...
2021-11-19T10:23:48,725|[DEBUG] LoadQueryJoinAndFetchProcessor - processing queryspace <gen:0>
2021-11-19T10:23:48,726|[DEBUG] LoadPlanTreePrinter - LoadPlan(entity=bloodbank.entity.DonationRecord)
    - Returns
       - EntityReturnImpl(entity=bloodbank.entity.DonationRecord, querySpaceUid=<gen:0>, path=bloodbank.entity.DonationRecord)
          - EntityAttributeFetchImpl(entity=bloodbank.entity.BloodDonation, querySpaceUid=<gen:1>, path=bloodbank.entity.DonationRecord.donation)
             - EntityAttributeFetchImpl(entity=bloodbank.entity.BloodBank, querySpaceUid=<gen:2>, path=bloodbank.entity.DonationRecord.donation.bank)
             - CompositeAttributeFetchImpl(composite=bloodbank.entity.BloodType, querySpaceUid=<gen:3>, path=bloodbank.entity.DonationRecord.donation.bloodType)
             - EntityAttributeFetchImpl(entity=bloodbank.entity.DonationRecord, querySpaceUid=<gen:4>, path=bloodbank.entity.DonationRecord.donation.record)
          - EntityAttributeFetchImpl(entity=bloodbank.entity.Person, querySpaceUid=<gen:5>, path=bloodbank.entity.DonationRecord.owner)
    - QuerySpaces
       - EntityQuerySpaceImpl(uid=<gen:0>, entity=bloodbank.entity.DonationRecord)
          - SQL table alias mapping - donationre0_
          - alias suffix - 0_
          - suffixed key columns - {record_i1_4_0_}
          - JOIN (JoinDefinedByMetadata(donation)) : <gen:0> -> <gen:1>
             - EntityQuerySpaceImpl(uid=<gen:1>, entity=bloodbank.entity.BloodDonation)
                - SQL table alias mapping - blooddonat1_
                - alias suffix - 1_
                - suffixed key columns - {donation1_2_1_}
                - JOIN (JoinDefinedByMetadata(bloodType)) : <gen:1> -> <gen:3>
                   - CompositeQuerySpaceImpl(uid=<gen:3>)
                      - SQL table alias mapping - blooddonat1_

2021-11-19T10:23:48,726|[DEBUG] EntityLoader - Static select for entity bloodbank.entity.DonationRecord [NONE]: select donationre0_.record_id as record_i1_4_0_, donationre0_.created as created2_4_0_, donationre0_.updated as updated3_4_0_, donationre0_.version as version4_4_0_, donationre0_.donation_id as donation6_4_0_, donationre0_.person_id as person_i7_4_0_, donationre0_.tested as tested5_4_0_, blooddonat1_.donation_id as donation1_2_1_, blooddonat1_.created as created2_2_1_, blooddonat1_.updated as updated3_2_1_, blooddonat1_.version as version4_2_1_, blooddonat1_.bank_id as bank_id8_2_1_, blooddonat1_.blood_group as blood_gr5_2_1_, blooddonat1_.rhd as rhd6_2_1_, blooddonat1_.milliliters as millilit7_2_1_ from donation_record donationre0_ inner join blood_donation blooddonat1_ on donationre0_.donation_id=blooddonat1_.donation_id where donationre0_.record_id=?
2021-11-19T10:23:48,727|[DEBUG] AbstractEntityPersister - Static SQL for entity: bloodbank.entity.Address
2021-11-19T10:23:48,727|[DEBUG] AbstractEntityPersister -  Version select: /* get version bloodbank.entity.Address */ select version from address where address_id =?
2021-11-19T10:23:48,727|[DEBUG] AbstractEntityPersister -  Snapshot select: /* get current state bloodbank.entity.Address */ select address_.address_id, address_.created as created2_0_, address_.updated as updated3_0_, address_.version as version4_0_, address_.city as city5_0_, address_.country as country6_0_, address_.province as province7_0_, address_.street as street8_0_, address_.street_number as street_n9_0_, address_.zipcode as zipcode10_0_ from address address_ where address_.address_id=?
2021-11-19T10:23:48,727|[DEBUG] AbstractEntityPersister -  Insert 0: /* insert bloodbank.entity.Address */ insert into address (created, updated, version, city, country, province, street, street_number, zipcode, address_id) values (?, ?, ?, ?, ?, ?, ?, ?, ?, ?)
2021-11-19T10:23:48,727|[DEBUG] AbstractEntityPersister -  Update 0: /* update bloodbank.entity.Address */ update address set created=?, updated=?, version=?, city=?, country=?, province=?, street=?, street_number=?, zipcode=? where address_id=? and version=?
2021-11-19T10:23:48,727|[DEBUG] AbstractEntityPersister -  Delete 0: /* delete bloodbank.entity.Address */ delete from address where address_id=? and version=?
2021-11-19T10:23:48,727|[DEBUG] AbstractEntityPersister -  Identity insert: /* insert bloodbank.entity.Address */ insert into address (created, updated, version, city, country, province, street, street_number, zipcode) values (?, ?, ?, ?, ?, ?, ?, ?, ?)
2021-11-19T10:23:48,727|[TRACE] AbstractLoadPlanBuildingAssociationVisitationStrategy -  Starting root entity : bloodbank.entity.Address
2021-11-19T10:23:48,727|[DEBUG] QuerySpacesImpl - Adding QuerySpace : uid = <gen:0> -> org.hibernate.loader.plan.build.internal.spaces.EntityQuerySpaceImpl@1b06dc57]
2021-11-19T10:23:48,727|[TRACE] AbstractLoadPlanBuildingAssociationVisitationStrategy - Pushing fetch source to stack : org.hibernate.loader.plan.build.internal.returns.EntityReturnImpl@5af641d3
2021-11-19T10:23:48,727|[TRACE] AbstractLoadPlanBuildingAssociationVisitationStrategy - .. Registering AssociationKey : AssociationKey(table=address, columns={address_id}) -> org.hibernate.loader.plan.build.internal.returns.EntityReturnImpl@5af641d3
2021-11-19T10:23:48,727|[TRACE] AbstractLoadPlanBuildingAssociationVisitationStrategy - >> Starting entity identifier : bloodbank.entity.Address
2021-11-19T10:23:48,727|[DEBUG] MetamodelGraphWalker - Visiting attribute path : epochCreated
2021-11-19T10:23:48,727|[TRACE] AbstractLoadPlanBuildingAssociationVisitationStrategy - >> Starting attribute Attribute(name=epochCreated, type=long [non-identifier])
2021-11-19T10:23:48,727|[TRACE] AbstractLoadPlanBuildingAssociationVisitationStrategy - << Finishing up attribute : Attribute(name=epochCreated, type=long [non-identifier])
2021-11-19T10:23:48,727|[DEBUG] MetamodelGraphWalker - Visiting attribute path : epochUpdated
2021-11-19T10:23:48,727|[TRACE] AbstractLoadPlanBuildingAssociationVisitationStrategy - >> Starting attribute Attribute(name=epochUpdated, type=long [non-identifier])
2021-11-19T10:23:48,727|[TRACE] AbstractLoadPlanBuildingAssociationVisitationStrategy - << Finishing up attribute : Attribute(name=epochUpdated, type=long [non-identifier])
2021-11-19T10:23:48,727|[DEBUG] MetamodelGraphWalker - Visiting attribute path : version
2021-11-19T10:23:48,727|[TRACE] AbstractLoadPlanBuildingAssociationVisitationStrategy - >> Starting attribute Attribute(name=version, type=integer [non-identifier])
2021-11-19T10:23:48,727|[TRACE] AbstractLoadPlanBuildingAssociationVisitationStrategy - << Finishing up attribute : Attribute(name=version, type=integer [non-identifier])
2021-11-19T10:23:48,727|[DEBUG] MetamodelGraphWalker - Visiting attribute path : city
2021-11-19T10:23:48,727|[TRACE] AbstractLoadPlanBuildingAssociationVisitationStrategy - >> Starting attribute Attribute(name=city, type=string [non-identifier])
2021-11-19T10:23:48,727|[TRACE] AbstractLoadPlanBuildingAssociationVisitationStrategy - << Finishing up attribute : Attribute(name=city, type=string [non-identifier])
2021-11-19T10:23:48,727|[DEBUG] MetamodelGraphWalker - Visiting attribute path : contacts
2021-11-19T10:23:48,727|[TRACE] AbstractLoadPlanBuildingAssociationVisitationStrategy - >> Starting attribute Attribute(name=contacts, type=java.util.Set(bloodbank.entity.Address.contacts) [non-identifier,association])
2021-11-19T10:23:48,727|[DEBUG] QuerySpacesImpl - Adding QuerySpace : uid = <gen:1> -> org.hibernate.loader.plan.build.internal.spaces.CollectionQuerySpaceImpl@14e83c9d]
2021-11-19T10:23:48,728|[DEBUG] QuerySpacesImpl - Adding QuerySpace : uid = <gen:2> -> org.hibernate.loader.plan.build.internal.spaces.EntityQuerySpaceImpl@744db9fb]
2021-11-19T10:23:48,728|[DEBUG] QuerySpacesImpl - Adding QuerySpace : uid = <gen:2>-id -> org.hibernate.loader.plan.build.internal.spaces.CompositeQuerySpaceImpl@59043741]
2021-11-19T10:23:48,728|[TRACE] AbstractLoadPlanBuildingAssociationVisitationStrategy - << Finishing up attribute : Attribute(name=contacts, type=java.util.Set(bloodbank.entity.Address.contacts) [non-identifier,association])
2021-11-19T10:23:48,728|[DEBUG] MetamodelGraphWalker - Visiting attribute path : country
2021-11-19T10:23:48,728|[TRACE] AbstractLoadPlanBuildingAssociationVisitationStrategy - >> Starting attribute Attribute(name=country, type=string [non-identifier])
2021-11-19T10:23:48,728|[TRACE] AbstractLoadPlanBuildingAssociationVisitationStrategy - << Finishing up attribute : Attribute(name=country, type=string [non-identifier])
2021-11-19T10:23:48,728|[DEBUG] MetamodelGraphWalker - Visiting attribute path : province
2021-11-19T10:23:48,728|[TRACE] AbstractLoadPlanBuildingAssociationVisitationStrategy - >> Starting attribute Attribute(name=province, type=string [non-identifier])
2021-11-19T10:23:48,728|[TRACE] AbstractLoadPlanBuildingAssociationVisitationStrategy - << Finishing up attribute : Attribute(name=province, type=string [non-identifier])
2021-11-19T10:23:48,728|[DEBUG] MetamodelGraphWalker - Visiting attribute path : street
2021-11-19T10:23:48,728|[TRACE] AbstractLoadPlanBuildingAssociationVisitationStrategy - >> Starting attribute Attribute(name=street, type=string [non-identifier])
2021-11-19T10:23:48,728|[TRACE] AbstractLoadPlanBuildingAssociationVisitationStrategy - << Finishing up attribute : Attribute(name=street, type=string [non-identifier])
2021-11-19T10:23:48,728|[DEBUG] MetamodelGraphWalker - Visiting attribute path : streetNumber
2021-11-19T10:23:48,728|[TRACE] AbstractLoadPlanBuildingAssociationVisitationStrategy - >> Starting attribute Attribute(name=streetNumber, type=string [non-identifier])
2021-11-19T10:23:48,728|[TRACE] AbstractLoadPlanBuildingAssociationVisitationStrategy - << Finishing up attribute : Attribute(name=streetNumber, type=string [non-identifier])
2021-11-19T10:23:48,728|[DEBUG] MetamodelGraphWalker - Visiting attribute path : zipcode
2021-11-19T10:23:48,728|[TRACE] AbstractLoadPlanBuildingAssociationVisitationStrategy - >> Starting attribute Attribute(name=zipcode, type=string [non-identifier])
2021-11-19T10:23:48,728|[TRACE] AbstractLoadPlanBuildingAssociationVisitationStrategy - << Finishing up attribute : Attribute(name=zipcode, type=string [non-identifier])
2021-11-19T10:23:48,728|[TRACE] AbstractLoadPlanBuildingAssociationVisitationStrategy - Popped fetch owner from stack : org.hibernate.loader.plan.build.internal.returns.EntityReturnImpl@5af641d3
2021-11-19T10:23:48,728|[TRACE] AbstractLoadPlanBuildingAssociationVisitationStrategy -  Finished root entity : bloodbank.entity.Address
2021-11-19T10:23:48,728|[DEBUG] FetchStyleLoadPlanBuildingAssociationVisitationStrategy - Building LoadPlan...
2021-11-19T10:23:48,728|[DEBUG] LoadQueryJoinAndFetchProcessor - processing queryspace <gen:0>
2021-11-19T10:23:48,728|[DEBUG] LoadPlanTreePrinter - LoadPlan(entity=bloodbank.entity.Address)
    - Returns
       - EntityReturnImpl(entity=bloodbank.entity.Address, querySpaceUid=<gen:0>, path=bloodbank.entity.Address)
          - CollectionAttributeFetchImpl(collection=bloodbank.entity.Address.contacts, querySpaceUid=<gen:1>, path=bloodbank.entity.Address.contacts)
             - (collection element) CollectionFetchableElementEntityGraph(entity=bloodbank.entity.Contact, querySpaceUid=<gen:2>, path=bloodbank.entity.Address.contacts.<elements>)
    - QuerySpaces
       - EntityQuerySpaceImpl(uid=<gen:0>, entity=bloodbank.entity.Address)
          - SQL table alias mapping - address0_
          - alias suffix - 0_
          - suffixed key columns - {address_1_0_0_}

2021-11-19T10:23:48,729|[DEBUG] EntityLoader - Static select for entity bloodbank.entity.Address [NONE]: select address0_.address_id as address_1_0_0_, address0_.created as created2_0_0_, address0_.updated as updated3_0_0_, address0_.version as version4_0_0_, address0_.city as city5_0_0_, address0_.country as country6_0_0_, address0_.province as province7_0_0_, address0_.street as street8_0_0_, address0_.street_number as street_n9_0_0_, address0_.zipcode as zipcode10_0_0_ from address address0_ where address0_.address_id=?
2021-11-19T10:23:48,729|[DEBUG] AbstractEntityPersister - Static SQL for entity: bloodbank.entity.Person
2021-11-19T10:23:48,729|[DEBUG] AbstractEntityPersister -  Version select: /* get version bloodbank.entity.Person */ select version from person where id =?
2021-11-19T10:23:48,729|[DEBUG] AbstractEntityPersister -  Snapshot select: /* get current state bloodbank.entity.Person */ select person_.id, person_.created as created2_5_, person_.updated as updated3_5_, person_.version as version4_5_, person_.first_name as first_na5_5_, person_.last_name as last_nam6_5_ from person person_ where person_.id=?
2021-11-19T10:23:48,729|[DEBUG] AbstractEntityPersister -  Insert 0: /* insert bloodbank.entity.Person */ insert into person (created, updated, version, first_name, last_name, id) values (?, ?, ?, ?, ?, ?)
2021-11-19T10:23:48,729|[DEBUG] AbstractEntityPersister -  Update 0: /* update bloodbank.entity.Person */ update person set created=?, updated=?, version=?, first_name=?, last_name=? where id=? and version=?
2021-11-19T10:23:48,729|[DEBUG] AbstractEntityPersister -  Delete 0: /* delete bloodbank.entity.Person */ delete from person where id=? and version=?
2021-11-19T10:23:48,729|[DEBUG] AbstractEntityPersister -  Identity insert: /* insert bloodbank.entity.Person */ insert into person (created, updated, version, first_name, last_name) values (?, ?, ?, ?, ?)
2021-11-19T10:23:48,729|[TRACE] AbstractLoadPlanBuildingAssociationVisitationStrategy -  Starting root entity : bloodbank.entity.Person
2021-11-19T10:23:48,729|[DEBUG] QuerySpacesImpl - Adding QuerySpace : uid = <gen:0> -> org.hibernate.loader.plan.build.internal.spaces.EntityQuerySpaceImpl@31940d6b]
2021-11-19T10:23:48,729|[TRACE] AbstractLoadPlanBuildingAssociationVisitationStrategy - Pushing fetch source to stack : org.hibernate.loader.plan.build.internal.returns.EntityReturnImpl@64cdc310
2021-11-19T10:23:48,729|[TRACE] AbstractLoadPlanBuildingAssociationVisitationStrategy - .. Registering AssociationKey : AssociationKey(table=person, columns={id}) -> org.hibernate.loader.plan.build.internal.returns.EntityReturnImpl@64cdc310
2021-11-19T10:23:48,729|[TRACE] AbstractLoadPlanBuildingAssociationVisitationStrategy - >> Starting entity identifier : bloodbank.entity.Person
2021-11-19T10:23:48,729|[DEBUG] MetamodelGraphWalker - Visiting attribute path : epochCreated
2021-11-19T10:23:48,729|[TRACE] AbstractLoadPlanBuildingAssociationVisitationStrategy - >> Starting attribute Attribute(name=epochCreated, type=long [non-identifier])
2021-11-19T10:23:48,729|[TRACE] AbstractLoadPlanBuildingAssociationVisitationStrategy - << Finishing up attribute : Attribute(name=epochCreated, type=long [non-identifier])
2021-11-19T10:23:48,729|[DEBUG] MetamodelGraphWalker - Visiting attribute path : epochUpdated
2021-11-19T10:23:48,729|[TRACE] AbstractLoadPlanBuildingAssociationVisitationStrategy - >> Starting attribute Attribute(name=epochUpdated, type=long [non-identifier])
2021-11-19T10:23:48,729|[TRACE] AbstractLoadPlanBuildingAssociationVisitationStrategy - << Finishing up attribute : Attribute(name=epochUpdated, type=long [non-identifier])
2021-11-19T10:23:48,751|[DEBUG] MetamodelGraphWalker - Visiting attribute path : version
2021-11-19T10:23:48,752|[TRACE] AbstractLoadPlanBuildingAssociationVisitationStrategy - >> Starting attribute Attribute(name=version, type=integer [non-identifier])
2021-11-19T10:23:48,752|[TRACE] AbstractLoadPlanBuildingAssociationVisitationStrategy - << Finishing up attribute : Attribute(name=version, type=integer [non-identifier])
2021-11-19T10:23:48,752|[DEBUG] MetamodelGraphWalker - Visiting attribute path : contacts
2021-11-19T10:23:48,752|[TRACE] AbstractLoadPlanBuildingAssociationVisitationStrategy - >> Starting attribute Attribute(name=contacts, type=java.util.Set(bloodbank.entity.Person.contacts) [non-identifier,association])
2021-11-19T10:23:48,752|[DEBUG] QuerySpacesImpl - Adding QuerySpace : uid = <gen:1> -> org.hibernate.loader.plan.build.internal.spaces.CollectionQuerySpaceImpl@7d563c13]
2021-11-19T10:23:48,752|[DEBUG] QuerySpacesImpl - Adding QuerySpace : uid = <gen:2> -> org.hibernate.loader.plan.build.internal.spaces.EntityQuerySpaceImpl@510a2c7]
2021-11-19T10:23:48,752|[DEBUG] QuerySpacesImpl - Adding QuerySpace : uid = <gen:2>-id -> org.hibernate.loader.plan.build.internal.spaces.CompositeQuerySpaceImpl@14fe085b]
2021-11-19T10:23:48,752|[TRACE] AbstractLoadPlanBuildingAssociationVisitationStrategy - << Finishing up attribute : Attribute(name=contacts, type=java.util.Set(bloodbank.entity.Person.contacts) [non-identifier,association])
2021-11-19T10:23:48,752|[DEBUG] MetamodelGraphWalker - Visiting attribute path : donations
2021-11-19T10:23:48,752|[TRACE] AbstractLoadPlanBuildingAssociationVisitationStrategy - >> Starting attribute Attribute(name=donations, type=java.util.Set(bloodbank.entity.Person.donations) [non-identifier,association])
2021-11-19T10:23:48,752|[DEBUG] QuerySpacesImpl - Adding QuerySpace : uid = <gen:3> -> org.hibernate.loader.plan.build.internal.spaces.CollectionQuerySpaceImpl@1ea19c97]
2021-11-19T10:23:48,752|[DEBUG] QuerySpacesImpl - Adding QuerySpace : uid = <gen:4> -> org.hibernate.loader.plan.build.internal.spaces.EntityQuerySpaceImpl@525b9df4]
2021-11-19T10:23:48,752|[TRACE] AbstractLoadPlanBuildingAssociationVisitationStrategy - << Finishing up attribute : Attribute(name=donations, type=java.util.Set(bloodbank.entity.Person.donations) [non-identifier,association])
2021-11-19T10:23:48,752|[DEBUG] MetamodelGraphWalker - Visiting attribute path : firstName
2021-11-19T10:23:48,752|[TRACE] AbstractLoadPlanBuildingAssociationVisitationStrategy - >> Starting attribute Attribute(name=firstName, type=string [non-identifier])
2021-11-19T10:23:48,752|[TRACE] AbstractLoadPlanBuildingAssociationVisitationStrategy - << Finishing up attribute : Attribute(name=firstName, type=string [non-identifier])
2021-11-19T10:23:48,752|[DEBUG] MetamodelGraphWalker - Visiting attribute path : lastName
2021-11-19T10:23:48,752|[TRACE] AbstractLoadPlanBuildingAssociationVisitationStrategy - >> Starting attribute Attribute(name=lastName, type=string [non-identifier])
2021-11-19T10:23:48,752|[TRACE] AbstractLoadPlanBuildingAssociationVisitationStrategy - << Finishing up attribute : Attribute(name=lastName, type=string [non-identifier])
2021-11-19T10:23:48,752|[TRACE] AbstractLoadPlanBuildingAssociationVisitationStrategy - Popped fetch owner from stack : org.hibernate.loader.plan.build.internal.returns.EntityReturnImpl@64cdc310
2021-11-19T10:23:48,752|[TRACE] AbstractLoadPlanBuildingAssociationVisitationStrategy -  Finished root entity : bloodbank.entity.Person
2021-11-19T10:23:48,752|[DEBUG] FetchStyleLoadPlanBuildingAssociationVisitationStrategy - Building LoadPlan...
2021-11-19T10:23:48,752|[DEBUG] LoadQueryJoinAndFetchProcessor - processing queryspace <gen:0>
2021-11-19T10:23:48,752|[DEBUG] LoadPlanTreePrinter - LoadPlan(entity=bloodbank.entity.Person)
    - Returns
       - EntityReturnImpl(entity=bloodbank.entity.Person, querySpaceUid=<gen:0>, path=bloodbank.entity.Person)
          - CollectionAttributeFetchImpl(collection=bloodbank.entity.Person.contacts, querySpaceUid=<gen:1>, path=bloodbank.entity.Person.contacts)
             - (collection element) CollectionFetchableElementEntityGraph(entity=bloodbank.entity.Contact, querySpaceUid=<gen:2>, path=bloodbank.entity.Person.contacts.<elements>)
          - CollectionAttributeFetchImpl(collection=bloodbank.entity.Person.donations, querySpaceUid=<gen:3>, path=bloodbank.entity.Person.donations)
             - (collection element) CollectionFetchableElementEntityGraph(entity=bloodbank.entity.DonationRecord, querySpaceUid=<gen:4>, path=bloodbank.entity.Person.donations.<elements>)
    - QuerySpaces
       - EntityQuerySpaceImpl(uid=<gen:0>, entity=bloodbank.entity.Person)
          - SQL table alias mapping - person0_
          - alias suffix - 0_
          - suffixed key columns - {id1_5_0_}

2021-11-19T10:23:48,753|[DEBUG] EntityLoader - Static select for entity bloodbank.entity.Person [NONE]: select person0_.id as id1_5_0_, person0_.created as created2_5_0_, person0_.updated as updated3_5_0_, person0_.version as version4_5_0_, person0_.first_name as first_na5_5_0_, person0_.last_name as last_nam6_5_0_ from person person0_ where person0_.id=?
2021-11-19T10:23:48,753|[DEBUG] AbstractEntityPersister - Static SQL for entity: bloodbank.entity.PublicBloodBank
2021-11-19T10:23:48,753|[DEBUG] AbstractEntityPersister -  Version select: /* get version bloodbank.entity.PublicBloodBank */ select version from blood_bank where bank_id =?
2021-11-19T10:23:48,753|[DEBUG] AbstractEntityPersister -  Snapshot select: /* get current state bloodbank.entity.PublicBloodBank */ select publicbloo_.bank_id, publicbloo_.created as created3_1_, publicbloo_.updated as updated4_1_, publicbloo_.version as version5_1_, publicbloo_.name as name6_1_ from blood_bank publicbloo_ where publicbloo_.bank_id=?
2021-11-19T10:23:48,753|[DEBUG] AbstractEntityPersister -  Insert 0: /* insert bloodbank.entity.PublicBloodBank */ insert into blood_bank (created, updated, version, name, privately_owned, bank_id) values (?, ?, ?, ?, 0, ?)
2021-11-19T10:23:48,753|[DEBUG] AbstractEntityPersister -  Update 0: /* update bloodbank.entity.PublicBloodBank */ update blood_bank set created=?, updated=?, version=?, name=? where bank_id=? and version=?
2021-11-19T10:23:48,753|[DEBUG] AbstractEntityPersister -  Delete 0: /* delete bloodbank.entity.PublicBloodBank */ delete from blood_bank where bank_id=? and version=?
2021-11-19T10:23:48,753|[DEBUG] AbstractEntityPersister -  Identity insert: /* insert bloodbank.entity.PublicBloodBank */ insert into blood_bank (created, updated, version, name, privately_owned) values (?, ?, ?, ?, 0)
2021-11-19T10:23:48,753|[TRACE] AbstractLoadPlanBuildingAssociationVisitationStrategy -  Starting root entity : bloodbank.entity.PublicBloodBank
2021-11-19T10:23:48,753|[DEBUG] QuerySpacesImpl - Adding QuerySpace : uid = <gen:0> -> org.hibernate.loader.plan.build.internal.spaces.EntityQuerySpaceImpl@52dd1be2]
2021-11-19T10:23:48,753|[TRACE] AbstractLoadPlanBuildingAssociationVisitationStrategy - Pushing fetch source to stack : org.hibernate.loader.plan.build.internal.returns.EntityReturnImpl@36857d32
2021-11-19T10:23:48,753|[TRACE] AbstractLoadPlanBuildingAssociationVisitationStrategy - .. Registering AssociationKey : AssociationKey(table=blood_bank, columns={bank_id}) -> org.hibernate.loader.plan.build.internal.returns.EntityReturnImpl@36857d32
2021-11-19T10:23:48,753|[TRACE] AbstractLoadPlanBuildingAssociationVisitationStrategy - >> Starting entity identifier : bloodbank.entity.PublicBloodBank
2021-11-19T10:23:48,753|[DEBUG] MetamodelGraphWalker - Visiting attribute path : epochCreated
2021-11-19T10:23:48,753|[TRACE] AbstractLoadPlanBuildingAssociationVisitationStrategy - >> Starting attribute Attribute(name=epochCreated, type=long [non-identifier])
2021-11-19T10:23:48,753|[TRACE] AbstractLoadPlanBuildingAssociationVisitationStrategy - << Finishing up attribute : Attribute(name=epochCreated, type=long [non-identifier])
2021-11-19T10:23:48,753|[DEBUG] MetamodelGraphWalker - Visiting attribute path : epochUpdated
2021-11-19T10:23:48,753|[TRACE] AbstractLoadPlanBuildingAssociationVisitationStrategy - >> Starting attribute Attribute(name=epochUpdated, type=long [non-identifier])
2021-11-19T10:23:48,753|[TRACE] AbstractLoadPlanBuildingAssociationVisitationStrategy - << Finishing up attribute : Attribute(name=epochUpdated, type=long [non-identifier])
2021-11-19T10:23:48,753|[DEBUG] MetamodelGraphWalker - Visiting attribute path : version
2021-11-19T10:23:48,753|[TRACE] AbstractLoadPlanBuildingAssociationVisitationStrategy - >> Starting attribute Attribute(name=version, type=integer [non-identifier])
2021-11-19T10:23:48,753|[TRACE] AbstractLoadPlanBuildingAssociationVisitationStrategy - << Finishing up attribute : Attribute(name=version, type=integer [non-identifier])
2021-11-19T10:23:48,753|[DEBUG] MetamodelGraphWalker - Visiting attribute path : donations
2021-11-19T10:23:48,753|[TRACE] AbstractLoadPlanBuildingAssociationVisitationStrategy - >> Starting attribute Attribute(name=donations, type=java.util.Set(bloodbank.entity.BloodBank.donations) [non-identifier,association])
2021-11-19T10:23:48,753|[DEBUG] QuerySpacesImpl - Adding QuerySpace : uid = <gen:1> -> org.hibernate.loader.plan.build.internal.spaces.CollectionQuerySpaceImpl@24520a51]
2021-11-19T10:23:48,753|[DEBUG] QuerySpacesImpl - Adding QuerySpace : uid = <gen:2> -> org.hibernate.loader.plan.build.internal.spaces.EntityQuerySpaceImpl@2ae88712]
2021-11-19T10:23:48,753|[TRACE] AbstractLoadPlanBuildingAssociationVisitationStrategy - << Finishing up attribute : Attribute(name=donations, type=java.util.Set(bloodbank.entity.BloodBank.donations) [non-identifier,association])
2021-11-19T10:23:48,753|[DEBUG] MetamodelGraphWalker - Visiting attribute path : name
2021-11-19T10:23:48,753|[TRACE] AbstractLoadPlanBuildingAssociationVisitationStrategy - >> Starting attribute Attribute(name=name, type=string [non-identifier])
2021-11-19T10:23:48,753|[TRACE] AbstractLoadPlanBuildingAssociationVisitationStrategy - << Finishing up attribute : Attribute(name=name, type=string [non-identifier])
2021-11-19T10:23:48,753|[TRACE] AbstractLoadPlanBuildingAssociationVisitationStrategy - Popped fetch owner from stack : org.hibernate.loader.plan.build.internal.returns.EntityReturnImpl@36857d32
2021-11-19T10:23:48,753|[TRACE] AbstractLoadPlanBuildingAssociationVisitationStrategy -  Finished root entity : bloodbank.entity.PublicBloodBank
2021-11-19T10:23:48,753|[DEBUG] FetchStyleLoadPlanBuildingAssociationVisitationStrategy - Building LoadPlan...
2021-11-19T10:23:48,753|[DEBUG] LoadQueryJoinAndFetchProcessor - processing queryspace <gen:0>
2021-11-19T10:23:48,754|[DEBUG] LoadPlanTreePrinter - LoadPlan(entity=bloodbank.entity.PublicBloodBank)
    - Returns
       - EntityReturnImpl(entity=bloodbank.entity.PublicBloodBank, querySpaceUid=<gen:0>, path=bloodbank.entity.PublicBloodBank)
          - CollectionAttributeFetchImpl(collection=bloodbank.entity.BloodBank.donations, querySpaceUid=<gen:1>, path=bloodbank.entity.PublicBloodBank.donations)
             - (collection element) CollectionFetchableElementEntityGraph(entity=bloodbank.entity.BloodDonation, querySpaceUid=<gen:2>, path=bloodbank.entity.PublicBloodBank.donations.<elements>)
    - QuerySpaces
       - EntityQuerySpaceImpl(uid=<gen:0>, entity=bloodbank.entity.PublicBloodBank)
          - SQL table alias mapping - publicbloo0_
          - alias suffix - 0_
          - suffixed key columns - {bank_id2_1_0_}

2021-11-19T10:23:48,754|[DEBUG] EntityLoader - Static select for entity bloodbank.entity.PublicBloodBank [NONE]: select publicbloo0_.bank_id as bank_id2_1_0_, publicbloo0_.created as created3_1_0_, publicbloo0_.updated as updated4_1_0_, publicbloo0_.version as version5_1_0_, publicbloo0_.name as name6_1_0_ from blood_bank publicbloo0_ where publicbloo0_.bank_id=? and publicbloo0_.privately_owned=0
2021-11-19T10:23:48,754|[TRACE] AbstractLoadPlanBuildingAssociationVisitationStrategy -  Starting root collection : bloodbank.entity.Address.contacts
2021-11-19T10:23:48,754|[DEBUG] QuerySpacesImpl - Adding QuerySpace : uid = <gen:0> -> org.hibernate.loader.plan.build.internal.spaces.CollectionQuerySpaceImpl@10508ba6]
2021-11-19T10:23:48,754|[DEBUG] QuerySpacesImpl - Adding QuerySpace : uid = <gen:1> -> org.hibernate.loader.plan.build.internal.spaces.EntityQuerySpaceImpl@da11873]
2021-11-19T10:23:48,754|[DEBUG] QuerySpacesImpl - Adding QuerySpace : uid = <gen:1>-id -> org.hibernate.loader.plan.build.internal.spaces.CompositeQuerySpaceImpl@39159b14]
2021-11-19T10:23:48,754|[TRACE] AbstractLoadPlanBuildingAssociationVisitationStrategy - Pushing collection reference to stack : org.hibernate.loader.plan.build.internal.returns.CollectionReturnImpl@57ab4b33
2021-11-19T10:23:48,754|[TRACE] AbstractLoadPlanBuildingAssociationVisitationStrategy -  Registering AssociationKey : AssociationKey(table=contact, columns={address_id}) -> null
2021-11-19T10:23:48,754|[TRACE] AbstractLoadPlanBuildingAssociationVisitationStrategy -  Starting collection element graph : bloodbank.entity.Address.contacts
2021-11-19T10:23:48,754|[TRACE] AbstractLoadPlanBuildingAssociationVisitationStrategy - Pushing fetch source to stack : org.hibernate.loader.plan.build.internal.returns.CollectionFetchableElementEntityGraph@43b2e7db
2021-11-19T10:23:48,754|[TRACE] AbstractLoadPlanBuildingAssociationVisitationStrategy - >> Starting entity identifier : bloodbank.entity.Contact
2021-11-19T10:23:48,754|[TRACE] AbstractLoadPlanBuildingAssociationVisitationStrategy - Pushing fetch source to stack : org.hibernate.loader.plan.build.internal.returns.EncapsulatedEntityIdentifierDescription@46d51d5e
2021-11-19T10:23:48,754|[TRACE] AbstractLoadPlanBuildingAssociationVisitationStrategy - >>>> Starting composite : id
2021-11-19T10:23:48,754|[DEBUG] MetamodelGraphWalker - Visiting attribute path : personId
2021-11-19T10:23:48,754|[TRACE] AbstractLoadPlanBuildingAssociationVisitationStrategy - >>>> Starting attribute org.hibernate.persister.walking.internal.CompositionSingularSubAttributesHelper$1$1$3@530df3ab
2021-11-19T10:23:48,754|[TRACE] AbstractLoadPlanBuildingAssociationVisitationStrategy - <<<< Finishing up attribute : org.hibernate.persister.walking.internal.CompositionSingularSubAttributesHelper$1$1$3@530df3ab
2021-11-19T10:23:48,754|[DEBUG] MetamodelGraphWalker - Visiting attribute path : phoneId
2021-11-19T10:23:48,754|[TRACE] AbstractLoadPlanBuildingAssociationVisitationStrategy - >>>> Starting attribute org.hibernate.persister.walking.internal.CompositionSingularSubAttributesHelper$1$1$3@5e72c82a
2021-11-19T10:23:48,754|[TRACE] AbstractLoadPlanBuildingAssociationVisitationStrategy - <<<< Finishing up attribute : org.hibernate.persister.walking.internal.CompositionSingularSubAttributesHelper$1$1$3@5e72c82a
2021-11-19T10:23:48,754|[TRACE] AbstractLoadPlanBuildingAssociationVisitationStrategy - <<<< Finishing composite : id
2021-11-19T10:23:48,754|[TRACE] AbstractLoadPlanBuildingAssociationVisitationStrategy - Popped fetch owner from stack : org.hibernate.loader.plan.build.internal.returns.EncapsulatedEntityIdentifierDescription@46d51d5e
2021-11-19T10:23:48,754|[TRACE] AbstractLoadPlanBuildingAssociationVisitationStrategy - << Finished entity identifier : bloodbank.entity.Contact
2021-11-19T10:23:48,754|[DEBUG] MetamodelGraphWalker - Visiting attribute path : epochCreated
2021-11-19T10:23:48,754|[TRACE] AbstractLoadPlanBuildingAssociationVisitationStrategy - >> Starting attribute Attribute(name=epochCreated, type=long [non-identifier])
2021-11-19T10:23:48,754|[TRACE] AbstractLoadPlanBuildingAssociationVisitationStrategy - << Finishing up attribute : Attribute(name=epochCreated, type=long [non-identifier])
2021-11-19T10:23:48,754|[DEBUG] MetamodelGraphWalker - Visiting attribute path : epochUpdated
2021-11-19T10:23:48,754|[TRACE] AbstractLoadPlanBuildingAssociationVisitationStrategy - >> Starting attribute Attribute(name=epochUpdated, type=long [non-identifier])
2021-11-19T10:23:48,754|[TRACE] AbstractLoadPlanBuildingAssociationVisitationStrategy - << Finishing up attribute : Attribute(name=epochUpdated, type=long [non-identifier])
2021-11-19T10:23:48,754|[DEBUG] MetamodelGraphWalker - Visiting attribute path : version
2021-11-19T10:23:48,754|[TRACE] AbstractLoadPlanBuildingAssociationVisitationStrategy - >> Starting attribute Attribute(name=version, type=integer [non-identifier])
2021-11-19T10:23:48,754|[TRACE] AbstractLoadPlanBuildingAssociationVisitationStrategy - << Finishing up attribute : Attribute(name=version, type=integer [non-identifier])
2021-11-19T10:23:48,754|[DEBUG] MetamodelGraphWalker - Visiting attribute path : address
2021-11-19T10:23:48,754|[DEBUG] MetamodelGraphWalker - Property path deemed to be circular : address
2021-11-19T10:23:48,754|[DEBUG] MetamodelGraphWalker - Visiting attribute path : contactType
2021-11-19T10:23:48,754|[TRACE] AbstractLoadPlanBuildingAssociationVisitationStrategy - >> Starting attribute Attribute(name=contactType, type=string [non-identifier])
2021-11-19T10:23:48,754|[TRACE] AbstractLoadPlanBuildingAssociationVisitationStrategy - << Finishing up attribute : Attribute(name=contactType, type=string [non-identifier])
2021-11-19T10:23:48,754|[DEBUG] MetamodelGraphWalker - Visiting attribute path : email
2021-11-19T10:23:48,754|[TRACE] AbstractLoadPlanBuildingAssociationVisitationStrategy - >> Starting attribute Attribute(name=email, type=string [non-identifier])
2021-11-19T10:23:48,754|[TRACE] AbstractLoadPlanBuildingAssociationVisitationStrategy - << Finishing up attribute : Attribute(name=email, type=string [non-identifier])
2021-11-19T10:23:48,754|[DEBUG] MetamodelGraphWalker - Visiting attribute path : owner
2021-11-19T10:23:48,754|[TRACE] AbstractLoadPlanBuildingAssociationVisitationStrategy - >> Starting attribute Attribute(name=owner, type=bloodbank.entity.Person [non-identifier,association])
2021-11-19T10:23:48,754|[DEBUG] QuerySpacesImpl - Adding QuerySpace : uid = <gen:2> -> org.hibernate.loader.plan.build.internal.spaces.EntityQuerySpaceImpl@aaa7000]
2021-11-19T10:23:48,754|[TRACE] AbstractLoadPlanBuildingAssociationVisitationStrategy - << Finishing up attribute : Attribute(name=owner, type=bloodbank.entity.Person [non-identifier,association])
2021-11-19T10:23:48,754|[DEBUG] MetamodelGraphWalker - Visiting attribute path : phone
2021-11-19T10:23:48,754|[TRACE] AbstractLoadPlanBuildingAssociationVisitationStrategy - >> Starting attribute Attribute(name=phone, type=bloodbank.entity.Phone [non-identifier,association])
2021-11-19T10:23:48,754|[DEBUG] QuerySpacesImpl - Adding QuerySpace : uid = <gen:3> -> org.hibernate.loader.plan.build.internal.spaces.EntityQuerySpaceImpl@64fba3e6]
2021-11-19T10:23:48,754|[TRACE] AbstractLoadPlanBuildingAssociationVisitationStrategy - << Finishing up attribute : Attribute(name=phone, type=bloodbank.entity.Phone [non-identifier,association])
2021-11-19T10:23:48,754|[TRACE] AbstractLoadPlanBuildingAssociationVisitationStrategy - Popped fetch owner from stack : org.hibernate.loader.plan.build.internal.returns.CollectionFetchableElementEntityGraph@43b2e7db
2021-11-19T10:23:48,754|[TRACE] AbstractLoadPlanBuildingAssociationVisitationStrategy -  Finished collection element graph : bloodbank.entity.Address.contacts
2021-11-19T10:23:48,754|[TRACE] AbstractLoadPlanBuildingAssociationVisitationStrategy - Popped collection reference from stack : org.hibernate.loader.plan.build.internal.returns.CollectionReturnImpl@57ab4b33
2021-11-19T10:23:48,754|[TRACE] AbstractLoadPlanBuildingAssociationVisitationStrategy -  Finished root collection : bloodbank.entity.Address.contacts
2021-11-19T10:23:48,754|[DEBUG] FetchStyleLoadPlanBuildingAssociationVisitationStrategy - Building LoadPlan...
2021-11-19T10:23:48,755|[DEBUG] LoadQueryJoinAndFetchProcessor - processing queryspace <gen:0>
2021-11-19T10:23:48,755|[DEBUG] LoadPlanTreePrinter - LoadPlan(collection=bloodbank.entity.Address.contacts)
    - Returns
       - CollectionReturnImpl(collection=bloodbank.entity.Address.contacts, querySpaceUid=<gen:0>, path=[bloodbank.entity.Address.contacts])
          - (collection element) CollectionFetchableElementEntityGraph(entity=bloodbank.entity.Contact, querySpaceUid=<gen:1>, path=[bloodbank.entity.Address.contacts].<elements>)
             - EntityAttributeFetchImpl(entity=bloodbank.entity.Person, querySpaceUid=<gen:2>, path=[bloodbank.entity.Address.contacts].<elements>.owner)
             - EntityAttributeFetchImpl(entity=bloodbank.entity.Phone, querySpaceUid=<gen:3>, path=[bloodbank.entity.Address.contacts].<elements>.phone)
    - QuerySpaces
       - CollectionQuerySpaceImpl(uid=<gen:0>, collection=bloodbank.entity.Address.contacts)
          - SQL table alias mapping - contacts0_
          - alias suffix - 0_
          - suffixed key columns - {address_8_3_0_}
          - entity-element alias suffix - 1_
          - 1_entity-element suffixed key columns - person_i1_3_1_, phone_id2_3_1_
          - JOIN (JoinDefinedByMetadata(elements)) : <gen:0> -> <gen:1>
             - EntityQuerySpaceImpl(uid=<gen:1>, entity=bloodbank.entity.Contact)
                - SQL table alias mapping - contacts0_
                - alias suffix - 1_
                - suffixed key columns - {person_i1_3_1_, phone_id2_3_1_}
                - JOIN (JoinDefinedByMetadata(id)) : <gen:1> -> <gen:1>-id
                   - CompositeQuerySpaceImpl(uid=<gen:1>-id)
                      - SQL table alias mapping - contacts0_

2021-11-19T10:23:48,755|[DEBUG] CollectionLoader - Static select for collection bloodbank.entity.Address.contacts: select contacts0_.address_id as address_8_3_0_, contacts0_.person_id as person_i1_3_0_, contacts0_.phone_id as phone_id2_3_0_, contacts0_.person_id as person_i1_3_1_, contacts0_.phone_id as phone_id2_3_1_, contacts0_.created as created3_3_1_, contacts0_.updated as updated4_3_1_, contacts0_.version as version5_3_1_, contacts0_.address_id as address_8_3_1_, contacts0_.contact_type as contact_6_3_1_, contacts0_.email as email7_3_1_ from contact contacts0_ where contacts0_.address_id=?
2021-11-19T10:23:48,755|[TRACE] AbstractLoadPlanBuildingAssociationVisitationStrategy -  Starting root collection : bloodbank.entity.Person.donations
2021-11-19T10:23:48,755|[DEBUG] QuerySpacesImpl - Adding QuerySpace : uid = <gen:0> -> org.hibernate.loader.plan.build.internal.spaces.CollectionQuerySpaceImpl@58d79479]
2021-11-19T10:23:48,755|[DEBUG] QuerySpacesImpl - Adding QuerySpace : uid = <gen:1> -> org.hibernate.loader.plan.build.internal.spaces.EntityQuerySpaceImpl@102c24d1]
2021-11-19T10:23:48,755|[TRACE] AbstractLoadPlanBuildingAssociationVisitationStrategy - Pushing collection reference to stack : org.hibernate.loader.plan.build.internal.returns.CollectionReturnImpl@495f7ca4
2021-11-19T10:23:48,755|[TRACE] AbstractLoadPlanBuildingAssociationVisitationStrategy -  Registering AssociationKey : AssociationKey(table=donation_record, columns={person_id}) -> null
2021-11-19T10:23:48,755|[TRACE] AbstractLoadPlanBuildingAssociationVisitationStrategy -  Starting collection element graph : bloodbank.entity.Person.donations
2021-11-19T10:23:48,755|[TRACE] AbstractLoadPlanBuildingAssociationVisitationStrategy - Pushing fetch source to stack : org.hibernate.loader.plan.build.internal.returns.CollectionFetchableElementEntityGraph@700202fa
2021-11-19T10:23:48,755|[TRACE] AbstractLoadPlanBuildingAssociationVisitationStrategy - >> Starting entity identifier : bloodbank.entity.DonationRecord
2021-11-19T10:23:48,755|[DEBUG] MetamodelGraphWalker - Visiting attribute path : epochCreated
2021-11-19T10:23:48,755|[TRACE] AbstractLoadPlanBuildingAssociationVisitationStrategy - >> Starting attribute Attribute(name=epochCreated, type=long [non-identifier])
2021-11-19T10:23:48,755|[TRACE] AbstractLoadPlanBuildingAssociationVisitationStrategy - << Finishing up attribute : Attribute(name=epochCreated, type=long [non-identifier])
2021-11-19T10:23:48,755|[DEBUG] MetamodelGraphWalker - Visiting attribute path : epochUpdated
2021-11-19T10:23:48,755|[TRACE] AbstractLoadPlanBuildingAssociationVisitationStrategy - >> Starting attribute Attribute(name=epochUpdated, type=long [non-identifier])
2021-11-19T10:23:48,755|[TRACE] AbstractLoadPlanBuildingAssociationVisitationStrategy - << Finishing up attribute : Attribute(name=epochUpdated, type=long [non-identifier])
2021-11-19T10:23:48,755|[DEBUG] MetamodelGraphWalker - Visiting attribute path : version
2021-11-19T10:23:48,755|[TRACE] AbstractLoadPlanBuildingAssociationVisitationStrategy - >> Starting attribute Attribute(name=version, type=integer [non-identifier])
2021-11-19T10:23:48,755|[TRACE] AbstractLoadPlanBuildingAssociationVisitationStrategy - << Finishing up attribute : Attribute(name=version, type=integer [non-identifier])
2021-11-19T10:23:48,755|[DEBUG] MetamodelGraphWalker - Visiting attribute path : donation
2021-11-19T10:23:48,755|[TRACE] AbstractLoadPlanBuildingAssociationVisitationStrategy - >> Starting attribute Attribute(name=donation, type=bloodbank.entity.BloodDonation [non-identifier,association])
2021-11-19T10:23:48,755|[DEBUG] QuerySpacesImpl - Adding QuerySpace : uid = <gen:2> -> org.hibernate.loader.plan.build.internal.spaces.EntityQuerySpaceImpl@141234df]
2021-11-19T10:23:48,755|[TRACE] AbstractLoadPlanBuildingAssociationVisitationStrategy - Pushing fetch source to stack : org.hibernate.loader.plan.build.internal.returns.EntityAttributeFetchImpl@65698020
2021-11-19T10:23:48,755|[TRACE] AbstractLoadPlanBuildingAssociationVisitationStrategy - .... Registering AssociationKey : AssociationKey(table=donation_record, columns={donation_id}) -> org.hibernate.loader.plan.build.internal.returns.EntityAttributeFetchImpl@65698020
2021-11-19T10:23:48,755|[TRACE] AbstractLoadPlanBuildingAssociationVisitationStrategy - >>>> Starting entity identifier : bloodbank.entity.BloodDonation
2021-11-19T10:23:48,755|[DEBUG] MetamodelGraphWalker - Visiting attribute path : donation.epochCreated
2021-11-19T10:23:48,755|[TRACE] AbstractLoadPlanBuildingAssociationVisitationStrategy - >>>> Starting attribute Attribute(name=epochCreated, type=long [non-identifier])
2021-11-19T10:23:48,755|[TRACE] AbstractLoadPlanBuildingAssociationVisitationStrategy - <<<< Finishing up attribute : Attribute(name=epochCreated, type=long [non-identifier])
2021-11-19T10:23:48,755|[DEBUG] MetamodelGraphWalker - Visiting attribute path : donation.epochUpdated
2021-11-19T10:23:48,755|[TRACE] AbstractLoadPlanBuildingAssociationVisitationStrategy - >>>> Starting attribute Attribute(name=epochUpdated, type=long [non-identifier])
2021-11-19T10:23:48,755|[TRACE] AbstractLoadPlanBuildingAssociationVisitationStrategy - <<<< Finishing up attribute : Attribute(name=epochUpdated, type=long [non-identifier])
2021-11-19T10:23:48,755|[DEBUG] MetamodelGraphWalker - Visiting attribute path : donation.version
2021-11-19T10:23:48,755|[TRACE] AbstractLoadPlanBuildingAssociationVisitationStrategy - >>>> Starting attribute Attribute(name=version, type=integer [non-identifier])
2021-11-19T10:23:48,755|[TRACE] AbstractLoadPlanBuildingAssociationVisitationStrategy - <<<< Finishing up attribute : Attribute(name=version, type=integer [non-identifier])
2021-11-19T10:23:48,755|[DEBUG] MetamodelGraphWalker - Visiting attribute path : donation.bank
2021-11-19T10:23:48,755|[TRACE] AbstractLoadPlanBuildingAssociationVisitationStrategy - >>>> Starting attribute Attribute(name=bank, type=bloodbank.entity.BloodBank [non-identifier,association])
2021-11-19T10:23:48,755|[DEBUG] QuerySpacesImpl - Adding QuerySpace : uid = <gen:3> -> org.hibernate.loader.plan.build.internal.spaces.EntityQuerySpaceImpl@57617a75]
2021-11-19T10:23:48,756|[TRACE] AbstractLoadPlanBuildingAssociationVisitationStrategy - <<<< Finishing up attribute : Attribute(name=bank, type=bloodbank.entity.BloodBank [non-identifier,association])
2021-11-19T10:23:48,756|[DEBUG] MetamodelGraphWalker - Visiting attribute path : donation.bloodType
2021-11-19T10:23:48,756|[TRACE] AbstractLoadPlanBuildingAssociationVisitationStrategy - >>>> Starting attribute Attribute(name=bloodType, type=component[bloodGroup,rhd] [non-identifier,composition])
2021-11-19T10:23:48,756|[DEBUG] QuerySpacesImpl - Adding QuerySpace : uid = <gen:4> -> org.hibernate.loader.plan.build.internal.spaces.CompositeQuerySpaceImpl@3794b7b1]
2021-11-19T10:23:48,756|[TRACE] AbstractLoadPlanBuildingAssociationVisitationStrategy - Pushing fetch source to stack : org.hibernate.loader.plan.build.internal.returns.CompositeAttributeFetchImpl@3225d950
2021-11-19T10:23:48,756|[TRACE] AbstractLoadPlanBuildingAssociationVisitationStrategy - >>>>>> Starting composite : bloodType
2021-11-19T10:23:48,756|[DEBUG] MetamodelGraphWalker - Visiting attribute path : donation.bloodType.bloodGroup
2021-11-19T10:23:48,756|[TRACE] AbstractLoadPlanBuildingAssociationVisitationStrategy - >>>>>> Starting attribute Attribute(name=bloodGroup, type=string [non-identifier])
2021-11-19T10:23:48,756|[TRACE] AbstractLoadPlanBuildingAssociationVisitationStrategy - <<<<<< Finishing up attribute : Attribute(name=bloodGroup, type=string [non-identifier])
2021-11-19T10:23:48,756|[DEBUG] MetamodelGraphWalker - Visiting attribute path : donation.bloodType.rhd
2021-11-19T10:23:48,756|[TRACE] AbstractLoadPlanBuildingAssociationVisitationStrategy - >>>>>> Starting attribute Attribute(name=rhd, type=byte [non-identifier])
2021-11-19T10:23:48,756|[TRACE] AbstractLoadPlanBuildingAssociationVisitationStrategy - <<<<<< Finishing up attribute : Attribute(name=rhd, type=byte [non-identifier])
2021-11-19T10:23:48,756|[TRACE] AbstractLoadPlanBuildingAssociationVisitationStrategy - <<<<<< Finishing composite : bloodType
2021-11-19T10:23:48,756|[TRACE] AbstractLoadPlanBuildingAssociationVisitationStrategy - Popped fetch owner from stack : org.hibernate.loader.plan.build.internal.returns.CompositeAttributeFetchImpl@3225d950
2021-11-19T10:23:48,756|[TRACE] AbstractLoadPlanBuildingAssociationVisitationStrategy - <<<< Finishing up attribute : Attribute(name=bloodType, type=component[bloodGroup,rhd] [non-identifier,composition])
2021-11-19T10:23:48,756|[DEBUG] MetamodelGraphWalker - Visiting attribute path : donation.milliliters
2021-11-19T10:23:48,756|[TRACE] AbstractLoadPlanBuildingAssociationVisitationStrategy - >>>> Starting attribute Attribute(name=milliliters, type=integer [non-identifier])
2021-11-19T10:23:48,756|[TRACE] AbstractLoadPlanBuildingAssociationVisitationStrategy - <<<< Finishing up attribute : Attribute(name=milliliters, type=integer [non-identifier])
2021-11-19T10:23:48,756|[DEBUG] MetamodelGraphWalker - Visiting attribute path : donation.record
2021-11-19T10:23:48,756|[TRACE] AbstractLoadPlanBuildingAssociationVisitationStrategy - >>>> Starting attribute Attribute(name=record, type=bloodbank.entity.DonationRecord [non-identifier,association])
2021-11-19T10:23:48,756|[DEBUG] QuerySpacesImpl - Adding QuerySpace : uid = <gen:5> -> org.hibernate.loader.plan.build.internal.spaces.EntityQuerySpaceImpl@1be427b4]
2021-11-19T10:23:48,756|[TRACE] AbstractLoadPlanBuildingAssociationVisitationStrategy - <<<< Finishing up attribute : Attribute(name=record, type=bloodbank.entity.DonationRecord [non-identifier,association])
2021-11-19T10:23:48,756|[TRACE] AbstractLoadPlanBuildingAssociationVisitationStrategy - Popped fetch owner from stack : org.hibernate.loader.plan.build.internal.returns.EntityAttributeFetchImpl@65698020
2021-11-19T10:23:48,756|[TRACE] AbstractLoadPlanBuildingAssociationVisitationStrategy - << Finishing up attribute : Attribute(name=donation, type=bloodbank.entity.BloodDonation [non-identifier,association])
2021-11-19T10:23:48,756|[DEBUG] MetamodelGraphWalker - Visiting attribute path : owner
2021-11-19T10:23:48,756|[DEBUG] MetamodelGraphWalker - Property path deemed to be circular : owner
2021-11-19T10:23:48,756|[DEBUG] MetamodelGraphWalker - Visiting attribute path : tested
2021-11-19T10:23:48,756|[TRACE] AbstractLoadPlanBuildingAssociationVisitationStrategy - >> Starting attribute Attribute(name=tested, type=byte [non-identifier])
2021-11-19T10:23:48,756|[TRACE] AbstractLoadPlanBuildingAssociationVisitationStrategy - << Finishing up attribute : Attribute(name=tested, type=byte [non-identifier])
2021-11-19T10:23:48,756|[TRACE] AbstractLoadPlanBuildingAssociationVisitationStrategy - Popped fetch owner from stack : org.hibernate.loader.plan.build.internal.returns.CollectionFetchableElementEntityGraph@700202fa
2021-11-19T10:23:48,756|[TRACE] AbstractLoadPlanBuildingAssociationVisitationStrategy -  Finished collection element graph : bloodbank.entity.Person.donations
2021-11-19T10:23:48,756|[TRACE] AbstractLoadPlanBuildingAssociationVisitationStrategy - Popped collection reference from stack : org.hibernate.loader.plan.build.internal.returns.CollectionReturnImpl@495f7ca4
2021-11-19T10:23:48,756|[TRACE] AbstractLoadPlanBuildingAssociationVisitationStrategy -  Finished root collection : bloodbank.entity.Person.donations
2021-11-19T10:23:48,756|[DEBUG] FetchStyleLoadPlanBuildingAssociationVisitationStrategy - Building LoadPlan...
2021-11-19T10:23:48,756|[DEBUG] LoadQueryJoinAndFetchProcessor - processing queryspace <gen:0>
2021-11-19T10:23:48,757|[DEBUG] LoadPlanTreePrinter - LoadPlan(collection=bloodbank.entity.Person.donations)
    - Returns
       - CollectionReturnImpl(collection=bloodbank.entity.Person.donations, querySpaceUid=<gen:0>, path=[bloodbank.entity.Person.donations])
          - (collection element) CollectionFetchableElementEntityGraph(entity=bloodbank.entity.DonationRecord, querySpaceUid=<gen:1>, path=[bloodbank.entity.Person.donations].<elements>)
             - EntityAttributeFetchImpl(entity=bloodbank.entity.BloodDonation, querySpaceUid=<gen:2>, path=[bloodbank.entity.Person.donations].<elements>.donation)
                - EntityAttributeFetchImpl(entity=bloodbank.entity.BloodBank, querySpaceUid=<gen:3>, path=[bloodbank.entity.Person.donations].<elements>.donation.bank)
                - CompositeAttributeFetchImpl(composite=bloodbank.entity.BloodType, querySpaceUid=<gen:4>, path=[bloodbank.entity.Person.donations].<elements>.donation.bloodType)
                - EntityAttributeFetchImpl(entity=bloodbank.entity.DonationRecord, querySpaceUid=<gen:5>, path=[bloodbank.entity.Person.donations].<elements>.donation.record)
    - QuerySpaces
       - CollectionQuerySpaceImpl(uid=<gen:0>, collection=bloodbank.entity.Person.donations)
          - SQL table alias mapping - donations0_
          - alias suffix - 0_
          - suffixed key columns - {person_i7_4_0_}
          - entity-element alias suffix - 1_
          - 1_entity-element suffixed key columns - record_i1_4_1_
          - JOIN (JoinDefinedByMetadata(elements)) : <gen:0> -> <gen:1>
             - EntityQuerySpaceImpl(uid=<gen:1>, entity=bloodbank.entity.DonationRecord)
                - SQL table alias mapping - donations0_
                - alias suffix - 1_
                - suffixed key columns - {record_i1_4_1_}
                - JOIN (JoinDefinedByMetadata(donation)) : <gen:1> -> <gen:2>
                   - EntityQuerySpaceImpl(uid=<gen:2>, entity=bloodbank.entity.BloodDonation)
                      - SQL table alias mapping - blooddonat1_
                      - alias suffix - 2_
                      - suffixed key columns - {donation1_2_2_}
                      - JOIN (JoinDefinedByMetadata(bloodType)) : <gen:2> -> <gen:4>
                         - CompositeQuerySpaceImpl(uid=<gen:4>)
                            - SQL table alias mapping - blooddonat1_

2021-11-19T10:23:48,757|[DEBUG] CollectionLoader - Static select for collection bloodbank.entity.Person.donations: select donations0_.person_id as person_i7_4_0_, donations0_.record_id as record_i1_4_0_, donations0_.record_id as record_i1_4_1_, donations0_.created as created2_4_1_, donations0_.updated as updated3_4_1_, donations0_.version as version4_4_1_, donations0_.donation_id as donation6_4_1_, donations0_.person_id as person_i7_4_1_, donations0_.tested as tested5_4_1_, blooddonat1_.donation_id as donation1_2_2_, blooddonat1_.created as created2_2_2_, blooddonat1_.updated as updated3_2_2_, blooddonat1_.version as version4_2_2_, blooddonat1_.bank_id as bank_id8_2_2_, blooddonat1_.blood_group as blood_gr5_2_2_, blooddonat1_.rhd as rhd6_2_2_, blooddonat1_.milliliters as millilit7_2_2_ from donation_record donations0_ inner join blood_donation blooddonat1_ on donations0_.donation_id=blooddonat1_.donation_id where donations0_.person_id=?
2021-11-19T10:23:48,757|[TRACE] AbstractLoadPlanBuildingAssociationVisitationStrategy -  Starting root collection : bloodbank.entity.Person.contacts
2021-11-19T10:23:48,757|[DEBUG] QuerySpacesImpl - Adding QuerySpace : uid = <gen:0> -> org.hibernate.loader.plan.build.internal.spaces.CollectionQuerySpaceImpl@470a446f]
2021-11-19T10:23:48,757|[DEBUG] QuerySpacesImpl - Adding QuerySpace : uid = <gen:1> -> org.hibernate.loader.plan.build.internal.spaces.EntityQuerySpaceImpl@55315a00]
2021-11-19T10:23:48,757|[DEBUG] QuerySpacesImpl - Adding QuerySpace : uid = <gen:1>-id -> org.hibernate.loader.plan.build.internal.spaces.CompositeQuerySpaceImpl@4942e6af]
2021-11-19T10:23:48,757|[TRACE] AbstractLoadPlanBuildingAssociationVisitationStrategy - Pushing collection reference to stack : org.hibernate.loader.plan.build.internal.returns.CollectionReturnImpl@73a1a1b4
2021-11-19T10:23:48,757|[TRACE] AbstractLoadPlanBuildingAssociationVisitationStrategy -  Registering AssociationKey : AssociationKey(table=contact, columns={person_id}) -> null
2021-11-19T10:23:48,757|[TRACE] AbstractLoadPlanBuildingAssociationVisitationStrategy -  Starting collection element graph : bloodbank.entity.Person.contacts
2021-11-19T10:23:48,757|[TRACE] AbstractLoadPlanBuildingAssociationVisitationStrategy - Pushing fetch source to stack : org.hibernate.loader.plan.build.internal.returns.CollectionFetchableElementEntityGraph@669daa93
2021-11-19T10:23:48,757|[TRACE] AbstractLoadPlanBuildingAssociationVisitationStrategy - >> Starting entity identifier : bloodbank.entity.Contact
2021-11-19T10:23:48,757|[TRACE] AbstractLoadPlanBuildingAssociationVisitationStrategy - Pushing fetch source to stack : org.hibernate.loader.plan.build.internal.returns.EncapsulatedEntityIdentifierDescription@39a30d1a
2021-11-19T10:23:48,757|[TRACE] AbstractLoadPlanBuildingAssociationVisitationStrategy - >>>> Starting composite : id
2021-11-19T10:23:48,757|[DEBUG] MetamodelGraphWalker - Visiting attribute path : personId
2021-11-19T10:23:48,757|[TRACE] AbstractLoadPlanBuildingAssociationVisitationStrategy - >>>> Starting attribute org.hibernate.persister.walking.internal.CompositionSingularSubAttributesHelper$1$1$3@670ae31f
2021-11-19T10:23:48,757|[TRACE] AbstractLoadPlanBuildingAssociationVisitationStrategy - <<<< Finishing up attribute : org.hibernate.persister.walking.internal.CompositionSingularSubAttributesHelper$1$1$3@670ae31f
2021-11-19T10:23:48,757|[DEBUG] MetamodelGraphWalker - Visiting attribute path : phoneId
2021-11-19T10:23:48,757|[TRACE] AbstractLoadPlanBuildingAssociationVisitationStrategy - >>>> Starting attribute org.hibernate.persister.walking.internal.CompositionSingularSubAttributesHelper$1$1$3@1958524b
2021-11-19T10:23:48,757|[TRACE] AbstractLoadPlanBuildingAssociationVisitationStrategy - <<<< Finishing up attribute : org.hibernate.persister.walking.internal.CompositionSingularSubAttributesHelper$1$1$3@1958524b
2021-11-19T10:23:48,757|[TRACE] AbstractLoadPlanBuildingAssociationVisitationStrategy - <<<< Finishing composite : id
2021-11-19T10:23:48,757|[TRACE] AbstractLoadPlanBuildingAssociationVisitationStrategy - Popped fetch owner from stack : org.hibernate.loader.plan.build.internal.returns.EncapsulatedEntityIdentifierDescription@39a30d1a
2021-11-19T10:23:48,757|[TRACE] AbstractLoadPlanBuildingAssociationVisitationStrategy - << Finished entity identifier : bloodbank.entity.Contact
2021-11-19T10:23:48,781|[DEBUG] MetamodelGraphWalker - Visiting attribute path : epochCreated
2021-11-19T10:23:48,781|[TRACE] AbstractLoadPlanBuildingAssociationVisitationStrategy - >> Starting attribute Attribute(name=epochCreated, type=long [non-identifier])
2021-11-19T10:23:48,782|[TRACE] AbstractLoadPlanBuildingAssociationVisitationStrategy - << Finishing up attribute : Attribute(name=epochCreated, type=long [non-identifier])
2021-11-19T10:23:48,782|[DEBUG] MetamodelGraphWalker - Visiting attribute path : epochUpdated
2021-11-19T10:23:48,782|[TRACE] AbstractLoadPlanBuildingAssociationVisitationStrategy - >> Starting attribute Attribute(name=epochUpdated, type=long [non-identifier])
2021-11-19T10:23:48,782|[TRACE] AbstractLoadPlanBuildingAssociationVisitationStrategy - << Finishing up attribute : Attribute(name=epochUpdated, type=long [non-identifier])
2021-11-19T10:23:48,782|[DEBUG] MetamodelGraphWalker - Visiting attribute path : version
2021-11-19T10:23:48,782|[TRACE] AbstractLoadPlanBuildingAssociationVisitationStrategy - >> Starting attribute Attribute(name=version, type=integer [non-identifier])
2021-11-19T10:23:48,782|[TRACE] AbstractLoadPlanBuildingAssociationVisitationStrategy - << Finishing up attribute : Attribute(name=version, type=integer [non-identifier])
2021-11-19T10:23:48,782|[DEBUG] MetamodelGraphWalker - Visiting attribute path : address
2021-11-19T10:23:48,782|[TRACE] AbstractLoadPlanBuildingAssociationVisitationStrategy - >> Starting attribute Attribute(name=address, type=bloodbank.entity.Address [non-identifier,association])
2021-11-19T10:23:48,782|[DEBUG] QuerySpacesImpl - Adding QuerySpace : uid = <gen:2> -> org.hibernate.loader.plan.build.internal.spaces.EntityQuerySpaceImpl@129aaac1]
2021-11-19T10:23:48,782|[TRACE] AbstractLoadPlanBuildingAssociationVisitationStrategy - << Finishing up attribute : Attribute(name=address, type=bloodbank.entity.Address [non-identifier,association])
2021-11-19T10:23:48,782|[DEBUG] MetamodelGraphWalker - Visiting attribute path : contactType
2021-11-19T10:23:48,782|[TRACE] AbstractLoadPlanBuildingAssociationVisitationStrategy - >> Starting attribute Attribute(name=contactType, type=string [non-identifier])
2021-11-19T10:23:48,782|[TRACE] AbstractLoadPlanBuildingAssociationVisitationStrategy - << Finishing up attribute : Attribute(name=contactType, type=string [non-identifier])
2021-11-19T10:23:48,782|[DEBUG] MetamodelGraphWalker - Visiting attribute path : email
2021-11-19T10:23:48,782|[TRACE] AbstractLoadPlanBuildingAssociationVisitationStrategy - >> Starting attribute Attribute(name=email, type=string [non-identifier])
2021-11-19T10:23:48,782|[TRACE] AbstractLoadPlanBuildingAssociationVisitationStrategy - << Finishing up attribute : Attribute(name=email, type=string [non-identifier])
2021-11-19T10:23:48,782|[DEBUG] MetamodelGraphWalker - Visiting attribute path : owner
2021-11-19T10:23:48,782|[DEBUG] MetamodelGraphWalker - Property path deemed to be circular : owner
2021-11-19T10:23:48,782|[DEBUG] MetamodelGraphWalker - Visiting attribute path : phone
2021-11-19T10:23:48,782|[TRACE] AbstractLoadPlanBuildingAssociationVisitationStrategy - >> Starting attribute Attribute(name=phone, type=bloodbank.entity.Phone [non-identifier,association])
2021-11-19T10:23:48,782|[DEBUG] QuerySpacesImpl - Adding QuerySpace : uid = <gen:3> -> org.hibernate.loader.plan.build.internal.spaces.EntityQuerySpaceImpl@3370be55]
2021-11-19T10:23:48,782|[TRACE] AbstractLoadPlanBuildingAssociationVisitationStrategy - << Finishing up attribute : Attribute(name=phone, type=bloodbank.entity.Phone [non-identifier,association])
2021-11-19T10:23:48,782|[TRACE] AbstractLoadPlanBuildingAssociationVisitationStrategy - Popped fetch owner from stack : org.hibernate.loader.plan.build.internal.returns.CollectionFetchableElementEntityGraph@669daa93
2021-11-19T10:23:48,782|[TRACE] AbstractLoadPlanBuildingAssociationVisitationStrategy -  Finished collection element graph : bloodbank.entity.Person.contacts
2021-11-19T10:23:48,782|[TRACE] AbstractLoadPlanBuildingAssociationVisitationStrategy - Popped collection reference from stack : org.hibernate.loader.plan.build.internal.returns.CollectionReturnImpl@73a1a1b4
2021-11-19T10:23:48,782|[TRACE] AbstractLoadPlanBuildingAssociationVisitationStrategy -  Finished root collection : bloodbank.entity.Person.contacts
2021-11-19T10:23:48,782|[DEBUG] FetchStyleLoadPlanBuildingAssociationVisitationStrategy - Building LoadPlan...
2021-11-19T10:23:48,782|[DEBUG] LoadQueryJoinAndFetchProcessor - processing queryspace <gen:0>
2021-11-19T10:23:48,782|[DEBUG] LoadPlanTreePrinter - LoadPlan(collection=bloodbank.entity.Person.contacts)
    - Returns
       - CollectionReturnImpl(collection=bloodbank.entity.Person.contacts, querySpaceUid=<gen:0>, path=[bloodbank.entity.Person.contacts])
          - (collection element) CollectionFetchableElementEntityGraph(entity=bloodbank.entity.Contact, querySpaceUid=<gen:1>, path=[bloodbank.entity.Person.contacts].<elements>)
             - EntityAttributeFetchImpl(entity=bloodbank.entity.Address, querySpaceUid=<gen:2>, path=[bloodbank.entity.Person.contacts].<elements>.address)
             - EntityAttributeFetchImpl(entity=bloodbank.entity.Phone, querySpaceUid=<gen:3>, path=[bloodbank.entity.Person.contacts].<elements>.phone)
    - QuerySpaces
       - CollectionQuerySpaceImpl(uid=<gen:0>, collection=bloodbank.entity.Person.contacts)
          - SQL table alias mapping - contacts0_
          - alias suffix - 0_
          - suffixed key columns - {person_i1_3_0_}
          - entity-element alias suffix - 1_
          - 1_entity-element suffixed key columns - person_i1_3_1_, phone_id2_3_1_
          - JOIN (JoinDefinedByMetadata(elements)) : <gen:0> -> <gen:1>
             - EntityQuerySpaceImpl(uid=<gen:1>, entity=bloodbank.entity.Contact)
                - SQL table alias mapping - contacts0_
                - alias suffix - 1_
                - suffixed key columns - {person_i1_3_1_, phone_id2_3_1_}
                - JOIN (JoinDefinedByMetadata(id)) : <gen:1> -> <gen:1>-id
                   - CompositeQuerySpaceImpl(uid=<gen:1>-id)
                      - SQL table alias mapping - contacts0_

2021-11-19T10:23:48,782|[DEBUG] CollectionLoader - Static select for collection bloodbank.entity.Person.contacts: select contacts0_.person_id as person_i1_3_0_, contacts0_.phone_id as phone_id2_3_0_, contacts0_.person_id as person_i1_3_1_, contacts0_.phone_id as phone_id2_3_1_, contacts0_.created as created3_3_1_, contacts0_.updated as updated4_3_1_, contacts0_.version as version5_3_1_, contacts0_.address_id as address_8_3_1_, contacts0_.contact_type as contact_6_3_1_, contacts0_.email as email7_3_1_ from contact contacts0_ where contacts0_.person_id=?
2021-11-19T10:23:48,782|[TRACE] AbstractLoadPlanBuildingAssociationVisitationStrategy -  Starting root collection : bloodbank.entity.Phone.contacts
2021-11-19T10:23:48,782|[DEBUG] QuerySpacesImpl - Adding QuerySpace : uid = <gen:0> -> org.hibernate.loader.plan.build.internal.spaces.CollectionQuerySpaceImpl@3d2b13f]
2021-11-19T10:23:48,782|[DEBUG] QuerySpacesImpl - Adding QuerySpace : uid = <gen:1> -> org.hibernate.loader.plan.build.internal.spaces.EntityQuerySpaceImpl@58c36104]
2021-11-19T10:23:48,782|[DEBUG] QuerySpacesImpl - Adding QuerySpace : uid = <gen:1>-id -> org.hibernate.loader.plan.build.internal.spaces.CompositeQuerySpaceImpl@1fc8047f]
2021-11-19T10:23:48,782|[TRACE] AbstractLoadPlanBuildingAssociationVisitationStrategy - Pushing collection reference to stack : org.hibernate.loader.plan.build.internal.returns.CollectionReturnImpl@29fc83c5
2021-11-19T10:23:48,782|[TRACE] AbstractLoadPlanBuildingAssociationVisitationStrategy -  Registering AssociationKey : AssociationKey(table=contact, columns={phone_id}) -> null
2021-11-19T10:23:48,782|[TRACE] AbstractLoadPlanBuildingAssociationVisitationStrategy -  Starting collection element graph : bloodbank.entity.Phone.contacts
2021-11-19T10:23:48,782|[TRACE] AbstractLoadPlanBuildingAssociationVisitationStrategy - Pushing fetch source to stack : org.hibernate.loader.plan.build.internal.returns.CollectionFetchableElementEntityGraph@3fb1948c
2021-11-19T10:23:48,782|[TRACE] AbstractLoadPlanBuildingAssociationVisitationStrategy - >> Starting entity identifier : bloodbank.entity.Contact
2021-11-19T10:23:48,782|[TRACE] AbstractLoadPlanBuildingAssociationVisitationStrategy - Pushing fetch source to stack : org.hibernate.loader.plan.build.internal.returns.EncapsulatedEntityIdentifierDescription@7c39193f
2021-11-19T10:23:48,782|[TRACE] AbstractLoadPlanBuildingAssociationVisitationStrategy - >>>> Starting composite : id
2021-11-19T10:23:48,782|[DEBUG] MetamodelGraphWalker - Visiting attribute path : personId
2021-11-19T10:23:48,782|[TRACE] AbstractLoadPlanBuildingAssociationVisitationStrategy - >>>> Starting attribute org.hibernate.persister.walking.internal.CompositionSingularSubAttributesHelper$1$1$3@230d013b
2021-11-19T10:23:48,782|[TRACE] AbstractLoadPlanBuildingAssociationVisitationStrategy - <<<< Finishing up attribute : org.hibernate.persister.walking.internal.CompositionSingularSubAttributesHelper$1$1$3@230d013b
2021-11-19T10:23:48,782|[DEBUG] MetamodelGraphWalker - Visiting attribute path : phoneId
2021-11-19T10:23:48,782|[TRACE] AbstractLoadPlanBuildingAssociationVisitationStrategy - >>>> Starting attribute org.hibernate.persister.walking.internal.CompositionSingularSubAttributesHelper$1$1$3@6e225c34
2021-11-19T10:23:48,782|[TRACE] AbstractLoadPlanBuildingAssociationVisitationStrategy - <<<< Finishing up attribute : org.hibernate.persister.walking.internal.CompositionSingularSubAttributesHelper$1$1$3@6e225c34
2021-11-19T10:23:48,782|[TRACE] AbstractLoadPlanBuildingAssociationVisitationStrategy - <<<< Finishing composite : id
2021-11-19T10:23:48,782|[TRACE] AbstractLoadPlanBuildingAssociationVisitationStrategy - Popped fetch owner from stack : org.hibernate.loader.plan.build.internal.returns.EncapsulatedEntityIdentifierDescription@7c39193f
2021-11-19T10:23:48,782|[TRACE] AbstractLoadPlanBuildingAssociationVisitationStrategy - << Finished entity identifier : bloodbank.entity.Contact
2021-11-19T10:23:48,782|[DEBUG] MetamodelGraphWalker - Visiting attribute path : epochCreated
2021-11-19T10:23:48,782|[TRACE] AbstractLoadPlanBuildingAssociationVisitationStrategy - >> Starting attribute Attribute(name=epochCreated, type=long [non-identifier])
2021-11-19T10:23:48,782|[TRACE] AbstractLoadPlanBuildingAssociationVisitationStrategy - << Finishing up attribute : Attribute(name=epochCreated, type=long [non-identifier])
2021-11-19T10:23:48,782|[DEBUG] MetamodelGraphWalker - Visiting attribute path : epochUpdated
2021-11-19T10:23:48,782|[TRACE] AbstractLoadPlanBuildingAssociationVisitationStrategy - >> Starting attribute Attribute(name=epochUpdated, type=long [non-identifier])
2021-11-19T10:23:48,782|[TRACE] AbstractLoadPlanBuildingAssociationVisitationStrategy - << Finishing up attribute : Attribute(name=epochUpdated, type=long [non-identifier])
2021-11-19T10:23:48,782|[DEBUG] MetamodelGraphWalker - Visiting attribute path : version
2021-11-19T10:23:48,782|[TRACE] AbstractLoadPlanBuildingAssociationVisitationStrategy - >> Starting attribute Attribute(name=version, type=integer [non-identifier])
2021-11-19T10:23:48,782|[TRACE] AbstractLoadPlanBuildingAssociationVisitationStrategy - << Finishing up attribute : Attribute(name=version, type=integer [non-identifier])
2021-11-19T10:23:48,782|[DEBUG] MetamodelGraphWalker - Visiting attribute path : address
2021-11-19T10:23:48,782|[TRACE] AbstractLoadPlanBuildingAssociationVisitationStrategy - >> Starting attribute Attribute(name=address, type=bloodbank.entity.Address [non-identifier,association])
2021-11-19T10:23:48,782|[DEBUG] QuerySpacesImpl - Adding QuerySpace : uid = <gen:2> -> org.hibernate.loader.plan.build.internal.spaces.EntityQuerySpaceImpl@5d84b088]
2021-11-19T10:23:48,782|[TRACE] AbstractLoadPlanBuildingAssociationVisitationStrategy - << Finishing up attribute : Attribute(name=address, type=bloodbank.entity.Address [non-identifier,association])
2021-11-19T10:23:48,782|[DEBUG] MetamodelGraphWalker - Visiting attribute path : contactType
2021-11-19T10:23:48,782|[TRACE] AbstractLoadPlanBuildingAssociationVisitationStrategy - >> Starting attribute Attribute(name=contactType, type=string [non-identifier])
2021-11-19T10:23:48,782|[TRACE] AbstractLoadPlanBuildingAssociationVisitationStrategy - << Finishing up attribute : Attribute(name=contactType, type=string [non-identifier])
2021-11-19T10:23:48,782|[DEBUG] MetamodelGraphWalker - Visiting attribute path : email
2021-11-19T10:23:48,783|[TRACE] AbstractLoadPlanBuildingAssociationVisitationStrategy - >> Starting attribute Attribute(name=email, type=string [non-identifier])
2021-11-19T10:23:48,783|[TRACE] AbstractLoadPlanBuildingAssociationVisitationStrategy - << Finishing up attribute : Attribute(name=email, type=string [non-identifier])
2021-11-19T10:23:48,783|[DEBUG] MetamodelGraphWalker - Visiting attribute path : owner
2021-11-19T10:23:48,783|[TRACE] AbstractLoadPlanBuildingAssociationVisitationStrategy - >> Starting attribute Attribute(name=owner, type=bloodbank.entity.Person [non-identifier,association])
2021-11-19T10:23:48,783|[DEBUG] QuerySpacesImpl - Adding QuerySpace : uid = <gen:3> -> org.hibernate.loader.plan.build.internal.spaces.EntityQuerySpaceImpl@69c0bae6]
2021-11-19T10:23:48,783|[TRACE] AbstractLoadPlanBuildingAssociationVisitationStrategy - << Finishing up attribute : Attribute(name=owner, type=bloodbank.entity.Person [non-identifier,association])
2021-11-19T10:23:48,783|[DEBUG] MetamodelGraphWalker - Visiting attribute path : phone
2021-11-19T10:23:48,783|[DEBUG] MetamodelGraphWalker - Property path deemed to be circular : phone
2021-11-19T10:23:48,783|[TRACE] AbstractLoadPlanBuildingAssociationVisitationStrategy - Popped fetch owner from stack : org.hibernate.loader.plan.build.internal.returns.CollectionFetchableElementEntityGraph@3fb1948c
2021-11-19T10:23:48,783|[TRACE] AbstractLoadPlanBuildingAssociationVisitationStrategy -  Finished collection element graph : bloodbank.entity.Phone.contacts
2021-11-19T10:23:48,783|[TRACE] AbstractLoadPlanBuildingAssociationVisitationStrategy - Popped collection reference from stack : org.hibernate.loader.plan.build.internal.returns.CollectionReturnImpl@29fc83c5
2021-11-19T10:23:48,783|[TRACE] AbstractLoadPlanBuildingAssociationVisitationStrategy -  Finished root collection : bloodbank.entity.Phone.contacts
2021-11-19T10:23:48,783|[DEBUG] FetchStyleLoadPlanBuildingAssociationVisitationStrategy - Building LoadPlan...
2021-11-19T10:23:48,783|[DEBUG] LoadQueryJoinAndFetchProcessor - processing queryspace <gen:0>
2021-11-19T10:23:48,783|[DEBUG] LoadPlanTreePrinter - LoadPlan(collection=bloodbank.entity.Phone.contacts)
    - Returns
       - CollectionReturnImpl(collection=bloodbank.entity.Phone.contacts, querySpaceUid=<gen:0>, path=[bloodbank.entity.Phone.contacts])
          - (collection element) CollectionFetchableElementEntityGraph(entity=bloodbank.entity.Contact, querySpaceUid=<gen:1>, path=[bloodbank.entity.Phone.contacts].<elements>)
             - EntityAttributeFetchImpl(entity=bloodbank.entity.Address, querySpaceUid=<gen:2>, path=[bloodbank.entity.Phone.contacts].<elements>.address)
             - EntityAttributeFetchImpl(entity=bloodbank.entity.Person, querySpaceUid=<gen:3>, path=[bloodbank.entity.Phone.contacts].<elements>.owner)
    - QuerySpaces
       - CollectionQuerySpaceImpl(uid=<gen:0>, collection=bloodbank.entity.Phone.contacts)
          - SQL table alias mapping - contacts0_
          - alias suffix - 0_
          - suffixed key columns - {phone_id2_3_0_}
          - entity-element alias suffix - 1_
          - 1_entity-element suffixed key columns - person_i1_3_1_, phone_id2_3_1_
          - JOIN (JoinDefinedByMetadata(elements)) : <gen:0> -> <gen:1>
             - EntityQuerySpaceImpl(uid=<gen:1>, entity=bloodbank.entity.Contact)
                - SQL table alias mapping - contacts0_
                - alias suffix - 1_
                - suffixed key columns - {person_i1_3_1_, phone_id2_3_1_}
                - JOIN (JoinDefinedByMetadata(id)) : <gen:1> -> <gen:1>-id
                   - CompositeQuerySpaceImpl(uid=<gen:1>-id)
                      - SQL table alias mapping - contacts0_

2021-11-19T10:23:48,783|[DEBUG] CollectionLoader - Static select for collection bloodbank.entity.Phone.contacts: select contacts0_.phone_id as phone_id2_3_0_, contacts0_.person_id as person_i1_3_0_, contacts0_.person_id as person_i1_3_1_, contacts0_.phone_id as phone_id2_3_1_, contacts0_.created as created3_3_1_, contacts0_.updated as updated4_3_1_, contacts0_.version as version5_3_1_, contacts0_.address_id as address_8_3_1_, contacts0_.contact_type as contact_6_3_1_, contacts0_.email as email7_3_1_ from contact contacts0_ where contacts0_.phone_id=?
2021-11-19T10:23:48,783|[TRACE] AbstractLoadPlanBuildingAssociationVisitationStrategy -  Starting root collection : bloodbank.entity.BloodBank.donations
2021-11-19T10:23:48,783|[DEBUG] QuerySpacesImpl - Adding QuerySpace : uid = <gen:0> -> org.hibernate.loader.plan.build.internal.spaces.CollectionQuerySpaceImpl@220f6a3c]
2021-11-19T10:23:48,783|[DEBUG] QuerySpacesImpl - Adding QuerySpace : uid = <gen:1> -> org.hibernate.loader.plan.build.internal.spaces.EntityQuerySpaceImpl@5eb041b5]
2021-11-19T10:23:48,783|[TRACE] AbstractLoadPlanBuildingAssociationVisitationStrategy - Pushing collection reference to stack : org.hibernate.loader.plan.build.internal.returns.CollectionReturnImpl@2648aa1b
2021-11-19T10:23:48,783|[TRACE] AbstractLoadPlanBuildingAssociationVisitationStrategy -  Registering AssociationKey : AssociationKey(table=blood_donation, columns={bank_id}) -> null
2021-11-19T10:23:48,783|[TRACE] AbstractLoadPlanBuildingAssociationVisitationStrategy -  Starting collection element graph : bloodbank.entity.BloodBank.donations
2021-11-19T10:23:48,783|[TRACE] AbstractLoadPlanBuildingAssociationVisitationStrategy - Pushing fetch source to stack : org.hibernate.loader.plan.build.internal.returns.CollectionFetchableElementEntityGraph@4a3333be
2021-11-19T10:23:48,783|[TRACE] AbstractLoadPlanBuildingAssociationVisitationStrategy - >> Starting entity identifier : bloodbank.entity.BloodDonation
2021-11-19T10:23:48,783|[DEBUG] MetamodelGraphWalker - Visiting attribute path : epochCreated
2021-11-19T10:23:48,783|[TRACE] AbstractLoadPlanBuildingAssociationVisitationStrategy - >> Starting attribute Attribute(name=epochCreated, type=long [non-identifier])
2021-11-19T10:23:48,783|[TRACE] AbstractLoadPlanBuildingAssociationVisitationStrategy - << Finishing up attribute : Attribute(name=epochCreated, type=long [non-identifier])
2021-11-19T10:23:48,783|[DEBUG] MetamodelGraphWalker - Visiting attribute path : epochUpdated
2021-11-19T10:23:48,783|[TRACE] AbstractLoadPlanBuildingAssociationVisitationStrategy - >> Starting attribute Attribute(name=epochUpdated, type=long [non-identifier])
2021-11-19T10:23:48,783|[TRACE] AbstractLoadPlanBuildingAssociationVisitationStrategy - << Finishing up attribute : Attribute(name=epochUpdated, type=long [non-identifier])
2021-11-19T10:23:48,783|[DEBUG] MetamodelGraphWalker - Visiting attribute path : version
2021-11-19T10:23:48,783|[TRACE] AbstractLoadPlanBuildingAssociationVisitationStrategy - >> Starting attribute Attribute(name=version, type=integer [non-identifier])
2021-11-19T10:23:48,783|[TRACE] AbstractLoadPlanBuildingAssociationVisitationStrategy - << Finishing up attribute : Attribute(name=version, type=integer [non-identifier])
2021-11-19T10:23:48,783|[DEBUG] MetamodelGraphWalker - Visiting attribute path : bank
2021-11-19T10:23:48,783|[DEBUG] MetamodelGraphWalker - Property path deemed to be circular : bank
2021-11-19T10:23:48,783|[DEBUG] MetamodelGraphWalker - Visiting attribute path : bloodType
2021-11-19T10:23:48,783|[TRACE] AbstractLoadPlanBuildingAssociationVisitationStrategy - >> Starting attribute Attribute(name=bloodType, type=component[bloodGroup,rhd] [non-identifier,composition])
2021-11-19T10:23:48,783|[DEBUG] QuerySpacesImpl - Adding QuerySpace : uid = <gen:2> -> org.hibernate.loader.plan.build.internal.spaces.CompositeQuerySpaceImpl@13b4ee4e]
2021-11-19T10:23:48,783|[TRACE] AbstractLoadPlanBuildingAssociationVisitationStrategy - Pushing fetch source to stack : org.hibernate.loader.plan.build.internal.returns.CompositeAttributeFetchImpl@4f55a864
2021-11-19T10:23:48,783|[TRACE] AbstractLoadPlanBuildingAssociationVisitationStrategy - >>>> Starting composite : bloodType
2021-11-19T10:23:48,783|[DEBUG] MetamodelGraphWalker - Visiting attribute path : bloodType.bloodGroup
2021-11-19T10:23:48,783|[TRACE] AbstractLoadPlanBuildingAssociationVisitationStrategy - >>>> Starting attribute Attribute(name=bloodGroup, type=string [non-identifier])
2021-11-19T10:23:48,783|[TRACE] AbstractLoadPlanBuildingAssociationVisitationStrategy - <<<< Finishing up attribute : Attribute(name=bloodGroup, type=string [non-identifier])
2021-11-19T10:23:48,783|[DEBUG] MetamodelGraphWalker - Visiting attribute path : bloodType.rhd
2021-11-19T10:23:48,783|[TRACE] AbstractLoadPlanBuildingAssociationVisitationStrategy - >>>> Starting attribute Attribute(name=rhd, type=byte [non-identifier])
2021-11-19T10:23:48,783|[TRACE] AbstractLoadPlanBuildingAssociationVisitationStrategy - <<<< Finishing up attribute : Attribute(name=rhd, type=byte [non-identifier])
2021-11-19T10:23:48,783|[TRACE] AbstractLoadPlanBuildingAssociationVisitationStrategy - <<<< Finishing composite : bloodType
2021-11-19T10:23:48,783|[TRACE] AbstractLoadPlanBuildingAssociationVisitationStrategy - Popped fetch owner from stack : org.hibernate.loader.plan.build.internal.returns.CompositeAttributeFetchImpl@4f55a864
2021-11-19T10:23:48,783|[TRACE] AbstractLoadPlanBuildingAssociationVisitationStrategy - << Finishing up attribute : Attribute(name=bloodType, type=component[bloodGroup,rhd] [non-identifier,composition])
2021-11-19T10:23:48,783|[DEBUG] MetamodelGraphWalker - Visiting attribute path : milliliters
2021-11-19T10:23:48,783|[TRACE] AbstractLoadPlanBuildingAssociationVisitationStrategy - >> Starting attribute Attribute(name=milliliters, type=integer [non-identifier])
2021-11-19T10:23:48,783|[TRACE] AbstractLoadPlanBuildingAssociationVisitationStrategy - << Finishing up attribute : Attribute(name=milliliters, type=integer [non-identifier])
2021-11-19T10:23:48,783|[DEBUG] MetamodelGraphWalker - Visiting attribute path : record
2021-11-19T10:23:48,783|[TRACE] AbstractLoadPlanBuildingAssociationVisitationStrategy - >> Starting attribute Attribute(name=record, type=bloodbank.entity.DonationRecord [non-identifier,association])
2021-11-19T10:23:48,783|[DEBUG] QuerySpacesImpl - Adding QuerySpace : uid = <gen:3> -> org.hibernate.loader.plan.build.internal.spaces.EntityQuerySpaceImpl@2c2edbe7]
2021-11-19T10:23:48,783|[TRACE] AbstractLoadPlanBuildingAssociationVisitationStrategy - << Finishing up attribute : Attribute(name=record, type=bloodbank.entity.DonationRecord [non-identifier,association])
2021-11-19T10:23:48,783|[TRACE] AbstractLoadPlanBuildingAssociationVisitationStrategy - Popped fetch owner from stack : org.hibernate.loader.plan.build.internal.returns.CollectionFetchableElementEntityGraph@4a3333be
2021-11-19T10:23:48,783|[TRACE] AbstractLoadPlanBuildingAssociationVisitationStrategy -  Finished collection element graph : bloodbank.entity.BloodBank.donations
2021-11-19T10:23:48,783|[TRACE] AbstractLoadPlanBuildingAssociationVisitationStrategy - Popped collection reference from stack : org.hibernate.loader.plan.build.internal.returns.CollectionReturnImpl@2648aa1b
2021-11-19T10:23:48,783|[TRACE] AbstractLoadPlanBuildingAssociationVisitationStrategy -  Finished root collection : bloodbank.entity.BloodBank.donations
2021-11-19T10:23:48,783|[DEBUG] FetchStyleLoadPlanBuildingAssociationVisitationStrategy - Building LoadPlan...
2021-11-19T10:23:48,784|[DEBUG] LoadQueryJoinAndFetchProcessor - processing queryspace <gen:0>
2021-11-19T10:23:48,784|[DEBUG] LoadPlanTreePrinter - LoadPlan(collection=bloodbank.entity.BloodBank.donations)
    - Returns
       - CollectionReturnImpl(collection=bloodbank.entity.BloodBank.donations, querySpaceUid=<gen:0>, path=[bloodbank.entity.BloodBank.donations])
          - (collection element) CollectionFetchableElementEntityGraph(entity=bloodbank.entity.BloodDonation, querySpaceUid=<gen:1>, path=[bloodbank.entity.BloodBank.donations].<elements>)
             - CompositeAttributeFetchImpl(composite=bloodbank.entity.BloodType, querySpaceUid=<gen:2>, path=[bloodbank.entity.BloodBank.donations].<elements>.bloodType)
             - EntityAttributeFetchImpl(entity=bloodbank.entity.DonationRecord, querySpaceUid=<gen:3>, path=[bloodbank.entity.BloodBank.donations].<elements>.record)
    - QuerySpaces
       - CollectionQuerySpaceImpl(uid=<gen:0>, collection=bloodbank.entity.BloodBank.donations)
          - SQL table alias mapping - donations0_
          - alias suffix - 0_
          - suffixed key columns - {bank_id8_2_0_}
          - entity-element alias suffix - 1_
          - 1_entity-element suffixed key columns - donation1_2_1_
          - JOIN (JoinDefinedByMetadata(elements)) : <gen:0> -> <gen:1>
             - EntityQuerySpaceImpl(uid=<gen:1>, entity=bloodbank.entity.BloodDonation)
                - SQL table alias mapping - donations0_
                - alias suffix - 1_
                - suffixed key columns - {donation1_2_1_}
                - JOIN (JoinDefinedByMetadata(bloodType)) : <gen:1> -> <gen:2>
                   - CompositeQuerySpaceImpl(uid=<gen:2>)
                      - SQL table alias mapping - donations0_

2021-11-19T10:23:48,784|[DEBUG] CollectionLoader - Static select for collection bloodbank.entity.BloodBank.donations: select donations0_.bank_id as bank_id8_2_0_, donations0_.donation_id as donation1_2_0_, donations0_.donation_id as donation1_2_1_, donations0_.created as created2_2_1_, donations0_.updated as updated3_2_1_, donations0_.version as version4_2_1_, donations0_.bank_id as bank_id8_2_1_, donations0_.blood_group as blood_gr5_2_1_, donations0_.rhd as rhd6_2_1_, donations0_.milliliters as millilit7_2_1_ from blood_donation donations0_ where donations0_.bank_id=?
2021-11-19T10:23:48,784|[TRACE] MetadataContext - Wrapping up metadata context...
2021-11-19T10:23:48,784|[TRACE] MetadataContext - Starting mapped superclass [bloodbank.entity.PojoBaseCompositeKey]
2021-11-19T10:23:48,784|[TRACE] AttributeFactory - Building version attribute [ownerType.getTypeName().property.getName()]
2021-11-19T10:23:48,784|[TRACE] AttributeFactory - Starting attribute metadata determination [version]
2021-11-19T10:23:48,784|[TRACE] AttributeFactory -     Determined member [protected int bloodbank.entity.PojoBaseCompositeKey.version]
2021-11-19T10:23:48,784|[TRACE] AttributeFactory -     Determined type [name=integer, class=org.hibernate.type.IntegerType]
2021-11-19T10:23:48,784|[TRACE] AttributeFactory - Building attribute [bloodbank.entity.PojoBaseCompositeKey.epochCreated]
2021-11-19T10:23:48,784|[TRACE] AttributeFactory - Starting attribute metadata determination [epochCreated]
2021-11-19T10:23:48,784|[TRACE] AttributeFactory -     Determined member [protected long bloodbank.entity.PojoBaseCompositeKey.epochCreated]
2021-11-19T10:23:48,784|[TRACE] AttributeFactory -     Determined type [name=long, class=org.hibernate.type.LongType]
2021-11-19T10:23:48,784|[TRACE] AttributeFactory - Building attribute [bloodbank.entity.PojoBaseCompositeKey.epochUpdated]
2021-11-19T10:23:48,784|[TRACE] AttributeFactory - Starting attribute metadata determination [epochUpdated]
2021-11-19T10:23:48,784|[TRACE] AttributeFactory -     Determined member [protected long bloodbank.entity.PojoBaseCompositeKey.epochUpdated]
2021-11-19T10:23:48,784|[TRACE] AttributeFactory -     Determined type [name=long, class=org.hibernate.type.LongType]
2021-11-19T10:23:48,784|[TRACE] MetadataContext - Completed mapped superclass [bloodbank.entity.PojoBaseCompositeKey]
2021-11-19T10:23:48,784|[TRACE] MetadataContext - Starting entity [bloodbank.entity.Contact]
2021-11-19T10:23:48,784|[TRACE] AttributeFactory - Building identifier attribute [Contact.id]
2021-11-19T10:23:48,784|[TRACE] AttributeFactory - Starting attribute metadata determination [id]
2021-11-19T10:23:48,784|[TRACE] AttributeFactory -     Determined member [private bloodbank.entity.ContactPK bloodbank.entity.Contact.id]
2021-11-19T10:23:48,784|[TRACE] AttributeFactory -     Determined type [name=component[personId,phoneId], class=org.hibernate.type.ComponentType]
2021-11-19T10:23:48,784|[TRACE] AttributeFactory - Building attribute [unknown.personId]
2021-11-19T10:23:48,784|[TRACE] AttributeFactory - Starting attribute metadata determination [personId]
2021-11-19T10:23:48,784|[TRACE] AttributeFactory -     Determined member [private int bloodbank.entity.ContactPK.personId]
2021-11-19T10:23:48,784|[TRACE] AttributeFactory -     Determined type [name=integer, class=org.hibernate.type.IntegerType]
2021-11-19T10:23:48,784|[TRACE] AttributeFactory - Building attribute [unknown.phoneId]
2021-11-19T10:23:48,784|[TRACE] AttributeFactory - Starting attribute metadata determination [phoneId]
2021-11-19T10:23:48,784|[TRACE] AttributeFactory -     Determined member [private int bloodbank.entity.ContactPK.phoneId]
2021-11-19T10:23:48,784|[TRACE] AttributeFactory -     Determined type [name=integer, class=org.hibernate.type.IntegerType]
2021-11-19T10:23:48,784|[TRACE] AttributeFactory - Building attribute [Contact.address]
2021-11-19T10:23:48,784|[TRACE] AttributeFactory - Starting attribute metadata determination [address]
2021-11-19T10:23:48,784|[TRACE] AttributeFactory -     Determined member [private bloodbank.entity.Address bloodbank.entity.Contact.address]
2021-11-19T10:23:48,784|[TRACE] AttributeFactory -     Determined type [name=bloodbank.entity.Address, class=org.hibernate.type.ManyToOneType]
2021-11-19T10:23:48,784|[TRACE] AttributeFactory - Building attribute [Contact.contactType]
2021-11-19T10:23:48,784|[TRACE] AttributeFactory - Starting attribute metadata determination [contactType]
2021-11-19T10:23:48,784|[TRACE] AttributeFactory -     Determined member [private java.lang.String bloodbank.entity.Contact.contactType]
2021-11-19T10:23:48,784|[TRACE] AttributeFactory -     Determined type [name=string, class=org.hibernate.type.StringType]
2021-11-19T10:23:48,784|[TRACE] AttributeFactory - Building attribute [Contact.email]
2021-11-19T10:23:48,784|[TRACE] AttributeFactory - Starting attribute metadata determination [email]
2021-11-19T10:23:48,784|[TRACE] AttributeFactory -     Determined member [private java.lang.String bloodbank.entity.Contact.email]
2021-11-19T10:23:48,784|[TRACE] AttributeFactory -     Determined type [name=string, class=org.hibernate.type.StringType]
2021-11-19T10:23:48,784|[TRACE] AttributeFactory - Building attribute [Contact.owner]
2021-11-19T10:23:48,784|[TRACE] AttributeFactory - Starting attribute metadata determination [owner]
2021-11-19T10:23:48,784|[TRACE] AttributeFactory -     Determined member [private bloodbank.entity.Person bloodbank.entity.Contact.owner]
2021-11-19T10:23:48,784|[TRACE] AttributeFactory -     Determined type [name=bloodbank.entity.Person, class=org.hibernate.type.ManyToOneType]
2021-11-19T10:23:48,785|[TRACE] AttributeFactory - Building attribute [Contact.phone]
2021-11-19T10:23:48,785|[TRACE] AttributeFactory - Starting attribute metadata determination [phone]
2021-11-19T10:23:48,785|[TRACE] AttributeFactory -     Determined member [private bloodbank.entity.Phone bloodbank.entity.Contact.phone]
2021-11-19T10:23:48,785|[TRACE] AttributeFactory -     Determined type [name=bloodbank.entity.Phone, class=org.hibernate.type.ManyToOneType]
2021-11-19T10:23:48,785|[TRACE] MetadataContext - Completed entity [bloodbank.entity.Contact]
2021-11-19T10:23:48,785|[TRACE] MetadataContext - Starting mapped superclass [bloodbank.entity.PojoBase]
2021-11-19T10:23:48,785|[TRACE] AttributeFactory - Building identifier attribute [bloodbank.entity.PojoBase.id]
2021-11-19T10:23:48,785|[TRACE] AttributeFactory - Starting attribute metadata determination [id]
2021-11-19T10:23:48,785|[TRACE] AttributeFactory -     Determined member [protected int bloodbank.entity.PojoBase.id]
2021-11-19T10:23:48,785|[TRACE] AttributeFactory -     Determined type [name=integer, class=org.hibernate.type.IntegerType]
2021-11-19T10:23:48,785|[TRACE] AttributeFactory - Building version attribute [ownerType.getTypeName().property.getName()]
2021-11-19T10:23:48,785|[TRACE] AttributeFactory - Starting attribute metadata determination [version]
2021-11-19T10:23:48,785|[TRACE] AttributeFactory -     Determined member [protected int bloodbank.entity.PojoBase.version]
2021-11-19T10:23:48,785|[TRACE] AttributeFactory -     Determined type [name=integer, class=org.hibernate.type.IntegerType]
2021-11-19T10:23:48,785|[TRACE] AttributeFactory - Building attribute [bloodbank.entity.PojoBase.epochCreated]
2021-11-19T10:23:48,785|[TRACE] AttributeFactory - Starting attribute metadata determination [epochCreated]
2021-11-19T10:23:48,785|[TRACE] AttributeFactory -     Determined member [protected long bloodbank.entity.PojoBase.epochCreated]
2021-11-19T10:23:48,785|[TRACE] AttributeFactory -     Determined type [name=long, class=org.hibernate.type.LongType]
2021-11-19T10:23:48,785|[TRACE] AttributeFactory - Building attribute [bloodbank.entity.PojoBase.epochUpdated]
2021-11-19T10:23:48,785|[TRACE] AttributeFactory - Starting attribute metadata determination [epochUpdated]
2021-11-19T10:23:48,785|[TRACE] AttributeFactory -     Determined member [protected long bloodbank.entity.PojoBase.epochUpdated]
2021-11-19T10:23:48,785|[TRACE] AttributeFactory -     Determined type [name=long, class=org.hibernate.type.LongType]
2021-11-19T10:23:48,785|[TRACE] AttributeFactory - Building attribute [bloodbank.entity.PojoBase.version]
2021-11-19T10:23:48,785|[TRACE] AttributeFactory - Starting attribute metadata determination [version]
2021-11-19T10:23:48,785|[TRACE] AttributeFactory -     Determined member [protected int bloodbank.entity.PojoBase.version]
2021-11-19T10:23:48,785|[TRACE] AttributeFactory -     Determined type [name=integer, class=org.hibernate.type.IntegerType]
2021-11-19T10:23:48,785|[TRACE] MetadataContext - Completed mapped superclass [bloodbank.entity.PojoBase]
2021-11-19T10:23:48,785|[TRACE] MetadataContext - Starting entity [bloodbank.entity.Phone]
2021-11-19T10:23:48,785|[TRACE] AttributeFactory - Building attribute [Phone.areaCode]
2021-11-19T10:23:48,785|[TRACE] AttributeFactory - Starting attribute metadata determination [areaCode]
2021-11-19T10:23:48,785|[TRACE] AttributeFactory -     Determined member [private java.lang.String bloodbank.entity.Phone.areaCode]
2021-11-19T10:23:48,785|[TRACE] AttributeFactory -     Determined type [name=string, class=org.hibernate.type.StringType]
2021-11-19T10:23:48,785|[TRACE] AttributeFactory - Building attribute [Phone.contacts]
2021-11-19T10:23:48,785|[TRACE] AttributeFactory - Starting attribute metadata determination [contacts]
2021-11-19T10:23:48,785|[TRACE] AttributeFactory -     Determined member [private java.util.Set bloodbank.entity.Phone.contacts]
2021-11-19T10:23:48,785|[TRACE] AttributeFactory -     Determined type [name=java.util.Set(bloodbank.entity.Phone.contacts), class=org.hibernate.type.SetType]
2021-11-19T10:23:48,785|[TRACE] AttributeFactory - Building attribute [Phone.countryCode]
2021-11-19T10:23:48,785|[TRACE] AttributeFactory - Starting attribute metadata determination [countryCode]
2021-11-19T10:23:48,785|[TRACE] AttributeFactory -     Determined member [private java.lang.String bloodbank.entity.Phone.countryCode]
2021-11-19T10:23:48,785|[TRACE] AttributeFactory -     Determined type [name=string, class=org.hibernate.type.StringType]
2021-11-19T10:23:48,785|[TRACE] AttributeFactory - Building attribute [Phone.number]
2021-11-19T10:23:48,785|[TRACE] AttributeFactory - Starting attribute metadata determination [number]
2021-11-19T10:23:48,785|[TRACE] AttributeFactory -     Determined member [private java.lang.String bloodbank.entity.Phone.number]
2021-11-19T10:23:48,785|[TRACE] AttributeFactory -     Determined type [name=string, class=org.hibernate.type.StringType]
2021-11-19T10:23:48,785|[TRACE] MetadataContext - Completed entity [bloodbank.entity.Phone]
2021-11-19T10:23:48,785|[TRACE] MetadataContext - Starting entity [bloodbank.entity.BloodDonation]
2021-11-19T10:23:48,785|[TRACE] AttributeFactory - Building attribute [BloodDonation.bank]
2021-11-19T10:23:48,785|[TRACE] AttributeFactory - Starting attribute metadata determination [bank]
2021-11-19T10:23:48,785|[TRACE] AttributeFactory -     Determined member [private bloodbank.entity.BloodBank bloodbank.entity.BloodDonation.bank]
2021-11-19T10:23:48,785|[TRACE] AttributeFactory -     Determined type [name=bloodbank.entity.BloodBank, class=org.hibernate.type.ManyToOneType]
2021-11-19T10:23:48,785|[TRACE] AttributeFactory - Building attribute [BloodDonation.bloodType]
2021-11-19T10:23:48,785|[TRACE] AttributeFactory - Starting attribute metadata determination [bloodType]
2021-11-19T10:23:48,785|[TRACE] AttributeFactory -     Determined member [private bloodbank.entity.BloodType bloodbank.entity.BloodDonation.bloodType]
2021-11-19T10:23:48,785|[TRACE] AttributeFactory -     Determined type [name=component[bloodGroup,rhd], class=org.hibernate.type.ComponentType]
2021-11-19T10:23:48,785|[TRACE] AttributeFactory - Building attribute [unknown.bloodGroup]
2021-11-19T10:23:48,785|[TRACE] AttributeFactory - Starting attribute metadata determination [bloodGroup]
2021-11-19T10:23:48,785|[TRACE] AttributeFactory -     Determined member [private java.lang.String bloodbank.entity.BloodType.bloodGroup]
2021-11-19T10:23:48,785|[TRACE] AttributeFactory -     Determined type [name=string, class=org.hibernate.type.StringType]
2021-11-19T10:23:48,785|[TRACE] AttributeFactory - Building attribute [unknown.rhd]
2021-11-19T10:23:48,785|[TRACE] AttributeFactory - Starting attribute metadata determination [rhd]
2021-11-19T10:23:48,785|[TRACE] AttributeFactory -     Determined member [private byte bloodbank.entity.BloodType.rhd]
2021-11-19T10:23:48,785|[TRACE] AttributeFactory -     Determined type [name=byte, class=org.hibernate.type.ByteType]
2021-11-19T10:23:48,813|[TRACE] AttributeFactory - Building attribute [BloodDonation.milliliters]
2021-11-19T10:23:48,813|[TRACE] AttributeFactory - Starting attribute metadata determination [milliliters]
2021-11-19T10:23:48,813|[TRACE] AttributeFactory -     Determined member [private int bloodbank.entity.BloodDonation.milliliters]
2021-11-19T10:23:48,813|[TRACE] AttributeFactory -     Determined type [name=integer, class=org.hibernate.type.IntegerType]
2021-11-19T10:23:48,813|[TRACE] AttributeFactory - Building attribute [BloodDonation.record]
2021-11-19T10:23:48,813|[TRACE] AttributeFactory - Starting attribute metadata determination [record]
2021-11-19T10:23:48,813|[TRACE] AttributeFactory -     Determined member [private bloodbank.entity.DonationRecord bloodbank.entity.BloodDonation.record]
2021-11-19T10:23:48,813|[TRACE] AttributeFactory -     Determined type [name=bloodbank.entity.DonationRecord, class=org.hibernate.type.OneToOneType]
2021-11-19T10:23:48,813|[TRACE] MetadataContext - Completed entity [bloodbank.entity.BloodDonation]
2021-11-19T10:23:48,813|[TRACE] MetadataContext - Starting entity [bloodbank.entity.BloodBank]
2021-11-19T10:23:48,813|[TRACE] AttributeFactory - Building attribute [BloodBank.donations]
2021-11-19T10:23:48,813|[TRACE] AttributeFactory - Starting attribute metadata determination [donations]
2021-11-19T10:23:48,813|[TRACE] AttributeFactory -     Determined member [private java.util.Set bloodbank.entity.BloodBank.donations]
2021-11-19T10:23:48,813|[TRACE] AttributeFactory -     Determined type [name=java.util.Set(bloodbank.entity.BloodBank.donations), class=org.hibernate.type.SetType]
2021-11-19T10:23:48,813|[TRACE] AttributeFactory - Building attribute [BloodBank.name]
2021-11-19T10:23:48,813|[TRACE] AttributeFactory - Starting attribute metadata determination [name]
2021-11-19T10:23:48,813|[TRACE] AttributeFactory -     Determined member [private java.lang.String bloodbank.entity.BloodBank.name]
2021-11-19T10:23:48,813|[TRACE] AttributeFactory -     Determined type [name=string, class=org.hibernate.type.StringType]
2021-11-19T10:23:48,813|[TRACE] MetadataContext - Completed entity [bloodbank.entity.BloodBank]
2021-11-19T10:23:48,813|[TRACE] MetadataContext - Starting entity [bloodbank.entity.PrivateBloodBank]
2021-11-19T10:23:48,813|[TRACE] MetadataContext - Completed entity [bloodbank.entity.PrivateBloodBank]
2021-11-19T10:23:48,813|[TRACE] MetadataContext - Starting entity [bloodbank.entity.DonationRecord]
2021-11-19T10:23:48,813|[TRACE] AttributeFactory - Building attribute [DonationRecord.donation]
2021-11-19T10:23:48,813|[TRACE] AttributeFactory - Starting attribute metadata determination [donation]
2021-11-19T10:23:48,813|[TRACE] AttributeFactory -     Determined member [private bloodbank.entity.BloodDonation bloodbank.entity.DonationRecord.donation]
2021-11-19T10:23:48,813|[TRACE] AttributeFactory -     Determined type [name=bloodbank.entity.BloodDonation, class=org.hibernate.type.ManyToOneType]
2021-11-19T10:23:48,813|[TRACE] AttributeFactory - Building attribute [DonationRecord.owner]
2021-11-19T10:23:48,813|[TRACE] AttributeFactory - Starting attribute metadata determination [owner]
2021-11-19T10:23:48,813|[TRACE] AttributeFactory -     Determined member [private bloodbank.entity.Person bloodbank.entity.DonationRecord.owner]
2021-11-19T10:23:48,813|[TRACE] AttributeFactory -     Determined type [name=bloodbank.entity.Person, class=org.hibernate.type.ManyToOneType]
2021-11-19T10:23:48,814|[TRACE] AttributeFactory - Building attribute [DonationRecord.tested]
2021-11-19T10:23:48,814|[TRACE] AttributeFactory - Starting attribute metadata determination [tested]
2021-11-19T10:23:48,814|[TRACE] AttributeFactory -     Determined member [private byte bloodbank.entity.DonationRecord.tested]
2021-11-19T10:23:48,814|[TRACE] AttributeFactory -     Determined type [name=byte, class=org.hibernate.type.ByteType]
2021-11-19T10:23:48,814|[TRACE] MetadataContext - Completed entity [bloodbank.entity.DonationRecord]
2021-11-19T10:23:48,814|[TRACE] MetadataContext - Starting entity [bloodbank.entity.Address]
2021-11-19T10:23:48,814|[TRACE] AttributeFactory - Building attribute [Address.city]
2021-11-19T10:23:48,814|[TRACE] AttributeFactory - Starting attribute metadata determination [city]
2021-11-19T10:23:48,814|[TRACE] AttributeFactory -     Determined member [private java.lang.String bloodbank.entity.Address.city]
2021-11-19T10:23:48,814|[TRACE] AttributeFactory -     Determined type [name=string, class=org.hibernate.type.StringType]
2021-11-19T10:23:48,814|[TRACE] AttributeFactory - Building attribute [Address.contacts]
2021-11-19T10:23:48,814|[TRACE] AttributeFactory - Starting attribute metadata determination [contacts]
2021-11-19T10:23:48,814|[TRACE] AttributeFactory -     Determined member [private java.util.Set bloodbank.entity.Address.contacts]
2021-11-19T10:23:48,814|[TRACE] AttributeFactory -     Determined type [name=java.util.Set(bloodbank.entity.Address.contacts), class=org.hibernate.type.SetType]
2021-11-19T10:23:48,814|[TRACE] AttributeFactory - Building attribute [Address.country]
2021-11-19T10:23:48,814|[TRACE] AttributeFactory - Starting attribute metadata determination [country]
2021-11-19T10:23:48,814|[TRACE] AttributeFactory -     Determined member [private java.lang.String bloodbank.entity.Address.country]
2021-11-19T10:23:48,814|[TRACE] AttributeFactory -     Determined type [name=string, class=org.hibernate.type.StringType]
2021-11-19T10:23:48,814|[TRACE] AttributeFactory - Building attribute [Address.province]
2021-11-19T10:23:48,814|[TRACE] AttributeFactory - Starting attribute metadata determination [province]
2021-11-19T10:23:48,814|[TRACE] AttributeFactory -     Determined member [private java.lang.String bloodbank.entity.Address.province]
2021-11-19T10:23:48,814|[TRACE] AttributeFactory -     Determined type [name=string, class=org.hibernate.type.StringType]
2021-11-19T10:23:48,814|[TRACE] AttributeFactory - Building attribute [Address.street]
2021-11-19T10:23:48,814|[TRACE] AttributeFactory - Starting attribute metadata determination [street]
2021-11-19T10:23:48,814|[TRACE] AttributeFactory -     Determined member [private java.lang.String bloodbank.entity.Address.street]
2021-11-19T10:23:48,814|[TRACE] AttributeFactory -     Determined type [name=string, class=org.hibernate.type.StringType]
2021-11-19T10:23:48,814|[TRACE] AttributeFactory - Building attribute [Address.streetNumber]
2021-11-19T10:23:48,814|[TRACE] AttributeFactory - Starting attribute metadata determination [streetNumber]
2021-11-19T10:23:48,814|[TRACE] AttributeFactory -     Determined member [private java.lang.String bloodbank.entity.Address.streetNumber]
2021-11-19T10:23:48,814|[TRACE] AttributeFactory -     Determined type [name=string, class=org.hibernate.type.StringType]
2021-11-19T10:23:48,814|[TRACE] AttributeFactory - Building attribute [Address.zipcode]
2021-11-19T10:23:48,814|[TRACE] AttributeFactory - Starting attribute metadata determination [zipcode]
2021-11-19T10:23:48,814|[TRACE] AttributeFactory -     Determined member [private java.lang.String bloodbank.entity.Address.zipcode]
2021-11-19T10:23:48,814|[TRACE] AttributeFactory -     Determined type [name=string, class=org.hibernate.type.StringType]
2021-11-19T10:23:48,814|[TRACE] MetadataContext - Completed entity [bloodbank.entity.Address]
2021-11-19T10:23:48,814|[TRACE] MetadataContext - Starting entity [bloodbank.entity.Person]
2021-11-19T10:23:48,814|[TRACE] AttributeFactory - Building attribute [Person.contacts]
2021-11-19T10:23:48,814|[TRACE] AttributeFactory - Starting attribute metadata determination [contacts]
2021-11-19T10:23:48,814|[TRACE] AttributeFactory -     Determined member [private java.util.Set bloodbank.entity.Person.contacts]
2021-11-19T10:23:48,814|[TRACE] AttributeFactory -     Determined type [name=java.util.Set(bloodbank.entity.Person.contacts), class=org.hibernate.type.SetType]
2021-11-19T10:23:48,814|[TRACE] AttributeFactory - Building attribute [Person.donations]
2021-11-19T10:23:48,814|[TRACE] AttributeFactory - Starting attribute metadata determination [donations]
2021-11-19T10:23:48,814|[TRACE] AttributeFactory -     Determined member [private java.util.Set bloodbank.entity.Person.donations]
2021-11-19T10:23:48,814|[TRACE] AttributeFactory -     Determined type [name=java.util.Set(bloodbank.entity.Person.donations), class=org.hibernate.type.SetType]
2021-11-19T10:23:48,814|[TRACE] AttributeFactory - Building attribute [Person.firstName]
2021-11-19T10:23:48,814|[TRACE] AttributeFactory - Starting attribute metadata determination [firstName]
2021-11-19T10:23:48,814|[TRACE] AttributeFactory -     Determined member [private java.lang.String bloodbank.entity.Person.firstName]
2021-11-19T10:23:48,814|[TRACE] AttributeFactory -     Determined type [name=string, class=org.hibernate.type.StringType]
2021-11-19T10:23:48,814|[TRACE] AttributeFactory - Building attribute [Person.lastName]
2021-11-19T10:23:48,814|[TRACE] AttributeFactory - Starting attribute metadata determination [lastName]
2021-11-19T10:23:48,814|[TRACE] AttributeFactory -     Determined member [private java.lang.String bloodbank.entity.Person.lastName]
2021-11-19T10:23:48,814|[TRACE] AttributeFactory -     Determined type [name=string, class=org.hibernate.type.StringType]
2021-11-19T10:23:48,814|[TRACE] MetadataContext - Completed entity [bloodbank.entity.Person]
2021-11-19T10:23:48,814|[TRACE] MetadataContext - Starting entity [bloodbank.entity.PublicBloodBank]
2021-11-19T10:23:48,814|[TRACE] MetadataContext - Completed entity [bloodbank.entity.PublicBloodBank]
2021-11-19T10:23:48,814|[TRACE] AbstractServiceRegistryImpl - Initializing service [role=org.hibernate.tool.schema.spi.SchemaManagementTool]
2021-11-19T10:23:48,814|[DEBUG] Helper - Attempting to resolve script source setting : META-INF/sql/bloodbank-drop.sql
2021-11-19T10:23:48,814|[TRACE] Helper - Trying as URL...
2021-11-19T10:23:48,815|[TRACE] AbstractServiceRegistryImpl - Initializing service [role=org.hibernate.tool.hbm2ddl.ImportSqlCommandExtractor]
2021-11-19T10:23:48,815|[INFO ] SchemaCreatorImpl - HHH000476: Executing import script 'file:/D:/Computer%20Programming/Level%204/CST8277_300%20Enterprise%20Application/Assignments/Assignment03/BloodBank-JPA-Mapping-JUnit-Skeleton/BloodBank-JPA-Mapping-JUnit-Skeleton/target/classes/META-INF/sql/bloodbank-drop.sql'
2021-11-19T10:23:48,815|[TRACE] graph - -> script
2021-11-19T10:23:48,815|[TRACE] graph - ---> blankSpacesToSkip
2021-11-19T10:23:48,815|[TRACE] graph - <--- blankSpacesToSkip
2021-11-19T10:23:48,815|[TRACE] graph - ---> statement
2021-11-19T10:23:48,815|[TRACE] graph - -----> statementFirstPart
2021-11-19T10:23:48,815|[TRACE] graph - -------> nonSkippedChar
2021-11-19T10:23:48,815|[TRACE] script - #out(`D`) [token]
2021-11-19T10:23:48,815|[TRACE] graph - <------- nonSkippedChar
2021-11-19T10:23:48,815|[TRACE] graph - <----- statementFirstPart
2021-11-19T10:23:48,815|[TRACE] graph - -----> statementPart
2021-11-19T10:23:48,815|[TRACE] graph - -------> nonSkippedChar
2021-11-19T10:23:48,815|[TRACE] script - #out(`R`) [token]
2021-11-19T10:23:48,815|[TRACE] graph - <------- nonSkippedChar
2021-11-19T10:23:48,815|[TRACE] graph - <----- statementPart
2021-11-19T10:23:48,815|[TRACE] graph - -----> statementPart
2021-11-19T10:23:48,815|[TRACE] graph - -------> nonSkippedChar
2021-11-19T10:23:48,815|[TRACE] script - #out(`O`) [token]
2021-11-19T10:23:48,815|[TRACE] graph - <------- nonSkippedChar
2021-11-19T10:23:48,815|[TRACE] graph - <----- statementPart
2021-11-19T10:23:48,815|[TRACE] graph - -----> statementPart
2021-11-19T10:23:48,815|[TRACE] graph - -------> nonSkippedChar
2021-11-19T10:23:48,815|[TRACE] script - #out(`P`) [token]
2021-11-19T10:23:48,815|[TRACE] graph - <------- nonSkippedChar
2021-11-19T10:23:48,815|[TRACE] graph - <----- statementPart
2021-11-19T10:23:48,815|[TRACE] graph - -----> statementPart
2021-11-19T10:23:48,815|[TRACE] graph - -------> nonSkippedSpace
2021-11-19T10:23:48,815|[TRACE] script - #out(` `) [token]
2021-11-19T10:23:48,815|[TRACE] graph - <------- nonSkippedSpace
2021-11-19T10:23:48,815|[TRACE] graph - <----- statementPart
2021-11-19T10:23:48,815|[TRACE] graph - -----> statementPart
2021-11-19T10:23:48,815|[TRACE] graph - -------> nonSkippedChar
2021-11-19T10:23:48,815|[TRACE] script - #out(`S`) [token]
2021-11-19T10:23:48,815|[TRACE] graph - <------- nonSkippedChar
2021-11-19T10:23:48,815|[TRACE] graph - <----- statementPart
2021-11-19T10:23:48,815|[TRACE] graph - -----> statementPart
2021-11-19T10:23:48,815|[TRACE] graph - -------> nonSkippedChar
2021-11-19T10:23:48,815|[TRACE] script - #out(`C`) [token]
2021-11-19T10:23:48,815|[TRACE] graph - <------- nonSkippedChar
2021-11-19T10:23:48,815|[TRACE] graph - <----- statementPart
2021-11-19T10:23:48,815|[TRACE] graph - -----> statementPart
2021-11-19T10:23:48,815|[TRACE] graph - -------> nonSkippedChar
2021-11-19T10:23:48,815|[TRACE] script - #out(`H`) [token]
2021-11-19T10:23:48,815|[TRACE] graph - <------- nonSkippedChar
2021-11-19T10:23:48,815|[TRACE] graph - <----- statementPart
2021-11-19T10:23:48,815|[TRACE] graph - -----> statementPart
2021-11-19T10:23:48,815|[TRACE] graph - -------> nonSkippedChar
2021-11-19T10:23:48,815|[TRACE] script - #out(`E`) [token]
2021-11-19T10:23:48,815|[TRACE] graph - <------- nonSkippedChar
2021-11-19T10:23:48,815|[TRACE] graph - <----- statementPart
2021-11-19T10:23:48,815|[TRACE] graph - -----> statementPart
2021-11-19T10:23:48,815|[TRACE] graph - -------> nonSkippedChar
2021-11-19T10:23:48,815|[TRACE] script - #out(`M`) [token]
2021-11-19T10:23:48,815|[TRACE] graph - <------- nonSkippedChar
2021-11-19T10:23:48,815|[TRACE] graph - <----- statementPart
2021-11-19T10:23:48,815|[TRACE] graph - -----> statementPart
2021-11-19T10:23:48,815|[TRACE] graph - -------> nonSkippedChar
2021-11-19T10:23:48,815|[TRACE] script - #out(`A`) [token]
2021-11-19T10:23:48,815|[TRACE] graph - <------- nonSkippedChar
2021-11-19T10:23:48,815|[TRACE] graph - <----- statementPart
2021-11-19T10:23:48,815|[TRACE] graph - -----> statementPart
2021-11-19T10:23:48,815|[TRACE] graph - -------> nonSkippedSpace
2021-11-19T10:23:48,815|[TRACE] script - #out(` `) [token]
2021-11-19T10:23:48,815|[TRACE] graph - <------- nonSkippedSpace
2021-11-19T10:23:48,815|[TRACE] graph - <----- statementPart
2021-11-19T10:23:48,815|[TRACE] graph - -----> statementPart
2021-11-19T10:23:48,815|[TRACE] graph - -------> nonSkippedChar
2021-11-19T10:23:48,815|[TRACE] script - #out(`I`) [token]
2021-11-19T10:23:48,815|[TRACE] graph - <------- nonSkippedChar
2021-11-19T10:23:48,815|[TRACE] graph - <----- statementPart
2021-11-19T10:23:48,815|[TRACE] graph - -----> statementPart
2021-11-19T10:23:48,815|[TRACE] graph - -------> nonSkippedChar
2021-11-19T10:23:48,815|[TRACE] script - #out(`F`) [token]
2021-11-19T10:23:48,815|[TRACE] graph - <------- nonSkippedChar
2021-11-19T10:23:48,815|[TRACE] graph - <----- statementPart
2021-11-19T10:23:48,815|[TRACE] graph - -----> statementPart
2021-11-19T10:23:48,815|[TRACE] graph - -------> nonSkippedSpace
2021-11-19T10:23:48,815|[TRACE] script - #out(` `) [token]
2021-11-19T10:23:48,815|[TRACE] graph - <------- nonSkippedSpace
2021-11-19T10:23:48,815|[TRACE] graph - <----- statementPart
2021-11-19T10:23:48,815|[TRACE] graph - -----> statementPart
2021-11-19T10:23:48,815|[TRACE] graph - -------> nonSkippedChar
2021-11-19T10:23:48,815|[TRACE] script - #out(`E`) [token]
2021-11-19T10:23:48,815|[TRACE] graph - <------- nonSkippedChar
2021-11-19T10:23:48,815|[TRACE] graph - <----- statementPart
2021-11-19T10:23:48,815|[TRACE] graph - -----> statementPart
2021-11-19T10:23:48,815|[TRACE] graph - -------> nonSkippedChar
2021-11-19T10:23:48,815|[TRACE] script - #out(`X`) [token]
2021-11-19T10:23:48,815|[TRACE] graph - <------- nonSkippedChar
2021-11-19T10:23:48,815|[TRACE] graph - <----- statementPart
2021-11-19T10:23:48,815|[TRACE] graph - -----> statementPart
2021-11-19T10:23:48,815|[TRACE] graph - -------> nonSkippedChar
2021-11-19T10:23:48,815|[TRACE] script - #out(`I`) [token]
2021-11-19T10:23:48,815|[TRACE] graph - <------- nonSkippedChar
2021-11-19T10:23:48,815|[TRACE] graph - <----- statementPart
2021-11-19T10:23:48,815|[TRACE] graph - -----> statementPart
2021-11-19T10:23:48,815|[TRACE] graph - -------> nonSkippedChar
2021-11-19T10:23:48,815|[TRACE] script - #out(`S`) [token]
2021-11-19T10:23:48,815|[TRACE] graph - <------- nonSkippedChar
2021-11-19T10:23:48,815|[TRACE] graph - <----- statementPart
2021-11-19T10:23:48,815|[TRACE] graph - -----> statementPart
2021-11-19T10:23:48,815|[TRACE] graph - -------> nonSkippedChar
2021-11-19T10:23:48,815|[TRACE] script - #out(`T`) [token]
2021-11-19T10:23:48,816|[TRACE] graph - <------- nonSkippedChar
2021-11-19T10:23:48,816|[TRACE] graph - <----- statementPart
2021-11-19T10:23:48,816|[TRACE] graph - -----> statementPart
2021-11-19T10:23:48,816|[TRACE] graph - -------> nonSkippedChar
2021-11-19T10:23:48,816|[TRACE] script - #out(`S`) [token]
2021-11-19T10:23:48,816|[TRACE] graph - <------- nonSkippedChar
2021-11-19T10:23:48,816|[TRACE] graph - <----- statementPart
2021-11-19T10:23:48,816|[TRACE] graph - -----> statementPart
2021-11-19T10:23:48,816|[TRACE] graph - -------> nonSkippedSpace
2021-11-19T10:23:48,816|[TRACE] script - #out(` `) [token]
2021-11-19T10:23:48,816|[TRACE] graph - <------- nonSkippedSpace
2021-11-19T10:23:48,816|[TRACE] graph - <----- statementPart
2021-11-19T10:23:48,816|[TRACE] graph - -----> statementPart
2021-11-19T10:23:48,816|[TRACE] graph - -------> nonSkippedChar
2021-11-19T10:23:48,816|[TRACE] script - #out(`b`) [token]
2021-11-19T10:23:48,816|[TRACE] graph - <------- nonSkippedChar
2021-11-19T10:23:48,816|[TRACE] graph - <----- statementPart
2021-11-19T10:23:48,816|[TRACE] graph - -----> statementPart
2021-11-19T10:23:48,816|[TRACE] graph - -------> nonSkippedChar
2021-11-19T10:23:48,816|[TRACE] script - #out(`l`) [token]
2021-11-19T10:23:48,816|[TRACE] graph - <------- nonSkippedChar
2021-11-19T10:23:48,816|[TRACE] graph - <----- statementPart
2021-11-19T10:23:48,816|[TRACE] graph - -----> statementPart
2021-11-19T10:23:48,816|[TRACE] graph - -------> nonSkippedChar
2021-11-19T10:23:48,816|[TRACE] script - #out(`o`) [token]
2021-11-19T10:23:48,816|[TRACE] graph - <------- nonSkippedChar
2021-11-19T10:23:48,816|[TRACE] graph - <----- statementPart
2021-11-19T10:23:48,816|[TRACE] graph - -----> statementPart
2021-11-19T10:23:48,816|[TRACE] graph - -------> nonSkippedChar
2021-11-19T10:23:48,816|[TRACE] script - #out(`o`) [token]
2021-11-19T10:23:48,816|[TRACE] graph - <------- nonSkippedChar
2021-11-19T10:23:48,816|[TRACE] graph - <----- statementPart
2021-11-19T10:23:48,816|[TRACE] graph - -----> statementPart
2021-11-19T10:23:48,816|[TRACE] graph - -------> nonSkippedChar
2021-11-19T10:23:48,816|[TRACE] script - #out(`d`) [token]
2021-11-19T10:23:48,816|[TRACE] graph - <------- nonSkippedChar
2021-11-19T10:23:48,816|[TRACE] graph - <----- statementPart
2021-11-19T10:23:48,816|[TRACE] graph - -----> statementPart
2021-11-19T10:23:48,816|[TRACE] graph - -------> nonSkippedChar
2021-11-19T10:23:48,816|[TRACE] script - #out(`b`) [token]
2021-11-19T10:23:48,816|[TRACE] graph - <------- nonSkippedChar
2021-11-19T10:23:48,816|[TRACE] graph - <----- statementPart
2021-11-19T10:23:48,816|[TRACE] graph - -----> statementPart
2021-11-19T10:23:48,816|[TRACE] graph - -------> nonSkippedChar
2021-11-19T10:23:48,816|[TRACE] script - #out(`a`) [token]
2021-11-19T10:23:48,816|[TRACE] graph - <------- nonSkippedChar
2021-11-19T10:23:48,816|[TRACE] graph - <----- statementPart
2021-11-19T10:23:48,816|[TRACE] graph - -----> statementPart
2021-11-19T10:23:48,816|[TRACE] graph - -------> nonSkippedChar
2021-11-19T10:23:48,816|[TRACE] script - #out(`n`) [token]
2021-11-19T10:23:48,816|[TRACE] graph - <------- nonSkippedChar
2021-11-19T10:23:48,816|[TRACE] graph - <----- statementPart
2021-11-19T10:23:48,816|[TRACE] graph - -----> statementPart
2021-11-19T10:23:48,816|[TRACE] graph - -------> nonSkippedChar
2021-11-19T10:23:48,816|[TRACE] script - #out(`k`) [token]
2021-11-19T10:23:48,816|[TRACE] graph - <------- nonSkippedChar
2021-11-19T10:23:48,816|[TRACE] graph - <----- statementPart
2021-11-19T10:23:48,816|[DEBUG] graph - Import statement : DROP SCHEMA IF EXISTS bloodbank
2021-11-19T10:23:48,816|[TRACE] graph - <--- statement
2021-11-19T10:23:48,816|[TRACE] graph - ---> blankSpacesToSkip
2021-11-19T10:23:48,816|[TRACE] graph - -----> newLineToSkip
2021-11-19T10:23:48,816|[TRACE] graph - <----- newLineToSkip
2021-11-19T10:23:48,816|[TRACE] graph - <--- blankSpacesToSkip
2021-11-19T10:23:48,816|[TRACE] graph - <- script
2021-11-19T10:23:48,816|[DEBUG] SQL - 
    
    DROP SCHEMA IF EXISTS bloodbank
2021-11-19T10:23:48,817|[INFO ] access - HHH10001501: Connection obtained from JdbcConnectionAccess [org.hibernate.engine.jdbc.env.internal.JdbcEnvironmentInitiator$ConnectionProviderJdbcConnectionAccess@9a37591] for (non-JTA) DDL execution was not in auto-commit mode; the Connection 'local transaction' will be committed and the Connection will be set into auto-commit mode.
2021-11-19T10:23:48,945|[DEBUG] Helper - Attempting to resolve script source setting : META-INF/sql/bloodbank-create.sql
2021-11-19T10:23:48,945|[TRACE] Helper - Trying as URL...
2021-11-19T10:23:48,945|[INFO ] SchemaCreatorImpl - HHH000476: Executing import script 'file:/D:/Computer%20Programming/Level%204/CST8277_300%20Enterprise%20Application/Assignments/Assignment03/BloodBank-JPA-Mapping-JUnit-Skeleton/BloodBank-JPA-Mapping-JUnit-Skeleton/target/classes/META-INF/sql/bloodbank-create.sql'
2021-11-19T10:23:48,946|[TRACE] graph - -> script
2021-11-19T10:23:48,946|[TRACE] graph - ---> blankSpacesToSkip
2021-11-19T10:23:48,946|[TRACE] graph - -----> newLineToSkip
2021-11-19T10:23:48,946|[TRACE] graph - <----- newLineToSkip
2021-11-19T10:23:48,946|[TRACE] graph - -----> newLineToSkip
2021-11-19T10:23:48,946|[TRACE] graph - <----- newLineToSkip
2021-11-19T10:23:48,946|[TRACE] graph - <--- blankSpacesToSkip
2021-11-19T10:23:48,946|[TRACE] graph - ---> statement
2021-11-19T10:23:48,946|[TRACE] graph - -----> statementFirstPart
2021-11-19T10:23:48,946|[TRACE] graph - -------> nonSkippedChar
2021-11-19T10:23:48,946|[TRACE] script - #out(`S`) [token]
2021-11-19T10:23:48,946|[TRACE] graph - <------- nonSkippedChar
2021-11-19T10:23:48,946|[TRACE] graph - <----- statementFirstPart
2021-11-19T10:23:48,946|[TRACE] graph - -----> statementPart
2021-11-19T10:23:48,946|[TRACE] graph - -------> nonSkippedChar
2021-11-19T10:23:48,946|[TRACE] script - #out(`E`) [token]
2021-11-19T10:23:48,946|[TRACE] graph - <------- nonSkippedChar
2021-11-19T10:23:48,946|[TRACE] graph - <----- statementPart
2021-11-19T10:23:48,946|[TRACE] graph - -----> statementPart
2021-11-19T10:23:48,946|[TRACE] graph - -------> nonSkippedChar
2021-11-19T10:23:48,946|[TRACE] script - #out(`T`) [token]
2021-11-19T10:23:48,946|[TRACE] graph - <------- nonSkippedChar
2021-11-19T10:23:48,946|[TRACE] graph - <----- statementPart
2021-11-19T10:23:48,946|[TRACE] graph - -----> statementPart
2021-11-19T10:23:48,946|[TRACE] graph - -------> nonSkippedSpace
2021-11-19T10:23:48,946|[TRACE] script - #out(` `) [token]
2021-11-19T10:23:48,946|[TRACE] graph - <------- nonSkippedSpace
2021-11-19T10:23:48,946|[TRACE] graph - <----- statementPart
2021-11-19T10:23:48,946|[TRACE] graph - -----> statementPart
2021-11-19T10:23:48,946|[TRACE] graph - -------> nonSkippedChar
2021-11-19T10:23:48,946|[TRACE] script - #out(`@`) [token]
2021-11-19T10:23:48,946|[TRACE] graph - <------- nonSkippedChar
2021-11-19T10:23:48,946|[TRACE] graph - <----- statementPart
2021-11-19T10:23:48,946|[TRACE] graph - -----> statementPart
2021-11-19T10:23:48,946|[TRACE] graph - -------> nonSkippedChar
2021-11-19T10:23:48,946|[TRACE] script - #out(`O`) [token]
2021-11-19T10:23:48,946|[TRACE] graph - <------- nonSkippedChar
2021-11-19T10:23:48,946|[TRACE] graph - <----- statementPart
2021-11-19T10:23:48,946|[TRACE] graph - -----> statementPart
2021-11-19T10:23:48,946|[TRACE] graph - -------> nonSkippedChar
2021-11-19T10:23:48,946|[TRACE] script - #out(`L`) [token]
2021-11-19T10:23:48,946|[TRACE] graph - <------- nonSkippedChar
2021-11-19T10:23:48,946|[TRACE] graph - <----- statementPart
2021-11-19T10:23:48,946|[TRACE] graph - -----> statementPart
2021-11-19T10:23:48,946|[TRACE] graph - -------> nonSkippedChar
2021-11-19T10:23:48,946|[TRACE] script - #out(`D`) [token]
2021-11-19T10:23:48,946|[TRACE] graph - <------- nonSkippedChar
2021-11-19T10:23:48,946|[TRACE] graph - <----- statementPart
2021-11-19T10:23:48,946|[TRACE] graph - -----> statementPart
2021-11-19T10:23:48,946|[TRACE] graph - -------> nonSkippedChar
2021-11-19T10:23:48,946|[TRACE] script - #out(`_`) [token]
2021-11-19T10:23:48,946|[TRACE] graph - <------- nonSkippedChar
2021-11-19T10:23:48,946|[TRACE] graph - <----- statementPart
2021-11-19T10:23:48,946|[TRACE] graph - -----> statementPart
2021-11-19T10:23:48,946|[TRACE] graph - -------> nonSkippedChar
2021-11-19T10:23:48,946|[TRACE] script - #out(`U`) [token]
2021-11-19T10:23:48,946|[TRACE] graph - <------- nonSkippedChar
2021-11-19T10:23:48,946|[TRACE] graph - <----- statementPart
2021-11-19T10:23:48,946|[TRACE] graph - -----> statementPart
2021-11-19T10:23:48,946|[TRACE] graph - -------> nonSkippedChar
2021-11-19T10:23:48,946|[TRACE] script - #out(`N`) [token]
2021-11-19T10:23:48,946|[TRACE] graph - <------- nonSkippedChar
2021-11-19T10:23:48,946|[TRACE] graph - <----- statementPart
2021-11-19T10:23:48,946|[TRACE] graph - -----> statementPart
2021-11-19T10:23:48,946|[TRACE] graph - -------> nonSkippedChar
2021-11-19T10:23:48,946|[TRACE] script - #out(`I`) [token]
2021-11-19T10:23:48,946|[TRACE] graph - <------- nonSkippedChar
2021-11-19T10:23:48,946|[TRACE] graph - <----- statementPart
2021-11-19T10:23:48,946|[TRACE] graph - -----> statementPart
2021-11-19T10:23:48,946|[TRACE] graph - -------> nonSkippedChar
2021-11-19T10:23:48,946|[TRACE] script - #out(`Q`) [token]
2021-11-19T10:23:48,946|[TRACE] graph - <------- nonSkippedChar
2021-11-19T10:23:48,946|[TRACE] graph - <----- statementPart
2021-11-19T10:23:48,946|[TRACE] graph - -----> statementPart
2021-11-19T10:23:48,946|[TRACE] graph - -------> nonSkippedChar
2021-11-19T10:23:48,946|[TRACE] script - #out(`U`) [token]
2021-11-19T10:23:48,946|[TRACE] graph - <------- nonSkippedChar
2021-11-19T10:23:48,946|[TRACE] graph - <----- statementPart
2021-11-19T10:23:48,946|[TRACE] graph - -----> statementPart
2021-11-19T10:23:48,946|[TRACE] graph - -------> nonSkippedChar
2021-11-19T10:23:48,946|[TRACE] script - #out(`E`) [token]
2021-11-19T10:23:48,946|[TRACE] graph - <------- nonSkippedChar
2021-11-19T10:23:48,946|[TRACE] graph - <----- statementPart
2021-11-19T10:23:48,946|[TRACE] graph - -----> statementPart
2021-11-19T10:23:48,946|[TRACE] graph - -------> nonSkippedChar
2021-11-19T10:23:48,946|[TRACE] script - #out(`_`) [token]
2021-11-19T10:23:48,946|[TRACE] graph - <------- nonSkippedChar
2021-11-19T10:23:48,946|[TRACE] graph - <----- statementPart
2021-11-19T10:23:48,946|[TRACE] graph - -----> statementPart
2021-11-19T10:23:48,946|[TRACE] graph - -------> nonSkippedChar
2021-11-19T10:23:48,946|[TRACE] script - #out(`C`) [token]
2021-11-19T10:23:48,946|[TRACE] graph - <------- nonSkippedChar
2021-11-19T10:23:48,946|[TRACE] graph - <----- statementPart
2021-11-19T10:23:48,946|[TRACE] graph - -----> statementPart
2021-11-19T10:23:48,946|[TRACE] graph - -------> nonSkippedChar
2021-11-19T10:23:48,946|[TRACE] script - #out(`H`) [token]
2021-11-19T10:23:48,946|[TRACE] graph - <------- nonSkippedChar
2021-11-19T10:23:48,946|[TRACE] graph - <----- statementPart
2021-11-19T10:23:48,946|[TRACE] graph - -----> statementPart
2021-11-19T10:23:48,946|[TRACE] graph - -------> nonSkippedChar
2021-11-19T10:23:48,946|[TRACE] script - #out(`E`) [token]
2021-11-19T10:23:48,946|[TRACE] graph - <------- nonSkippedChar
2021-11-19T10:23:48,946|[TRACE] graph - <----- statementPart
2021-11-19T10:23:48,946|[TRACE] graph - -----> statementPart
2021-11-19T10:23:48,946|[TRACE] graph - -------> nonSkippedChar
2021-11-19T10:23:48,946|[TRACE] script - #out(`C`) [token]
2021-11-19T10:23:48,946|[TRACE] graph - <------- nonSkippedChar
2021-11-19T10:23:48,946|[TRACE] graph - <----- statementPart
2021-11-19T10:23:48,946|[TRACE] graph - -----> statementPart
2021-11-19T10:23:48,946|[TRACE] graph - -------> nonSkippedChar
2021-11-19T10:23:48,946|[TRACE] script - #out(`K`) [token]
2021-11-19T10:23:48,946|[TRACE] graph - <------- nonSkippedChar
2021-11-19T10:23:48,946|[TRACE] graph - <----- statementPart
2021-11-19T10:23:48,946|[TRACE] graph - -----> statementPart
2021-11-19T10:23:48,946|[TRACE] graph - -------> nonSkippedChar
2021-11-19T10:23:48,946|[TRACE] script - #out(`S`) [token]
2021-11-19T10:23:48,946|[TRACE] graph - <------- nonSkippedChar
2021-11-19T10:23:48,946|[TRACE] graph - <----- statementPart
2021-11-19T10:23:48,946|[TRACE] graph - -----> statementPart
2021-11-19T10:23:48,946|[TRACE] graph - -------> nonSkippedChar
2021-11-19T10:23:48,946|[TRACE] script - #out(`=`) [token]
2021-11-19T10:23:48,946|[TRACE] graph - <------- nonSkippedChar
2021-11-19T10:23:48,946|[TRACE] graph - <----- statementPart
2021-11-19T10:23:48,946|[TRACE] graph - -----> statementPart
2021-11-19T10:23:48,946|[TRACE] graph - -------> nonSkippedChar
2021-11-19T10:23:48,946|[TRACE] script - #out(`@`) [token]
2021-11-19T10:23:48,946|[TRACE] graph - <------- nonSkippedChar
2021-11-19T10:23:48,946|[TRACE] graph - <----- statementPart
2021-11-19T10:23:48,946|[TRACE] graph - -----> statementPart
2021-11-19T10:23:48,946|[TRACE] graph - -------> nonSkippedChar
2021-11-19T10:23:48,946|[TRACE] script - #out(`@`) [token]
2021-11-19T10:23:48,946|[TRACE] graph - <------- nonSkippedChar
2021-11-19T10:23:48,946|[TRACE] graph - <----- statementPart
2021-11-19T10:23:48,946|[TRACE] graph - -----> statementPart
2021-11-19T10:23:48,946|[TRACE] graph - -------> nonSkippedChar
2021-11-19T10:23:48,946|[TRACE] script - #out(`U`) [token]
2021-11-19T10:23:48,946|[TRACE] graph - <------- nonSkippedChar
2021-11-19T10:23:48,946|[TRACE] graph - <----- statementPart
2021-11-19T10:23:48,946|[TRACE] graph - -----> statementPart
2021-11-19T10:23:48,946|[TRACE] graph - -------> nonSkippedChar
2021-11-19T10:23:48,946|[TRACE] script - #out(`N`) [token]
2021-11-19T10:23:48,946|[TRACE] graph - <------- nonSkippedChar
2021-11-19T10:23:48,946|[TRACE] graph - <----- statementPart
2021-11-19T10:23:48,946|[TRACE] graph - -----> statementPart
2021-11-19T10:23:48,946|[TRACE] graph - -------> nonSkippedChar
2021-11-19T10:23:48,946|[TRACE] script - #out(`I`) [token]
2021-11-19T10:23:48,946|[TRACE] graph - <------- nonSkippedChar
2021-11-19T10:23:48,946|[TRACE] graph - <----- statementPart
2021-11-19T10:23:48,946|[TRACE] graph - -----> statementPart
2021-11-19T10:23:48,946|[TRACE] graph - -------> nonSkippedChar
2021-11-19T10:23:48,946|[TRACE] script - #out(`Q`) [token]
2021-11-19T10:23:48,946|[TRACE] graph - <------- nonSkippedChar
2021-11-19T10:23:48,946|[TRACE] graph - <----- statementPart
2021-11-19T10:23:48,946|[TRACE] graph - -----> statementPart
2021-11-19T10:23:48,946|[TRACE] graph - -------> nonSkippedChar
2021-11-19T10:23:48,946|[TRACE] script - #out(`U`) [token]
2021-11-19T10:23:48,946|[TRACE] graph - <------- nonSkippedChar
2021-11-19T10:23:48,946|[TRACE] graph - <----- statementPart
2021-11-19T10:23:48,946|[TRACE] graph - -----> statementPart
2021-11-19T10:23:48,946|[TRACE] graph - -------> nonSkippedChar
2021-11-19T10:23:48,946|[TRACE] script - #out(`E`) [token]
2021-11-19T10:23:48,946|[TRACE] graph - <------- nonSkippedChar
2021-11-19T10:23:48,946|[TRACE] graph - <----- statementPart
2021-11-19T10:23:48,946|[TRACE] graph - -----> statementPart
2021-11-19T10:23:48,946|[TRACE] graph - -------> nonSkippedChar
2021-11-19T10:23:48,946|[TRACE] script - #out(`_`) [token]
2021-11-19T10:23:48,946|[TRACE] graph - <------- nonSkippedChar
2021-11-19T10:23:48,946|[TRACE] graph - <----- statementPart
2021-11-19T10:23:48,946|[TRACE] graph - -----> statementPart
2021-11-19T10:23:48,946|[TRACE] graph - -------> nonSkippedChar
2021-11-19T10:23:48,946|[TRACE] script - #out(`C`) [token]
2021-11-19T10:23:48,946|[TRACE] graph - <------- nonSkippedChar
2021-11-19T10:23:48,946|[TRACE] graph - <----- statementPart
2021-11-19T10:23:48,947|[TRACE] graph - -----> statementPart
2021-11-19T10:23:48,947|[TRACE] graph - -------> nonSkippedChar
2021-11-19T10:23:48,947|[TRACE] script - #out(`H`) [token]
2021-11-19T10:23:48,947|[TRACE] graph - <------- nonSkippedChar
2021-11-19T10:23:48,947|[TRACE] graph - <----- statementPart
2021-11-19T10:23:48,947|[TRACE] graph - -----> statementPart
2021-11-19T10:23:48,947|[TRACE] graph - -------> nonSkippedChar
2021-11-19T10:23:48,947|[TRACE] script - #out(`E`) [token]
2021-11-19T10:23:48,947|[TRACE] graph - <------- nonSkippedChar
2021-11-19T10:23:48,947|[TRACE] graph - <----- statementPart
2021-11-19T10:23:48,947|[TRACE] graph - -----> statementPart
2021-11-19T10:23:48,947|[TRACE] graph - -------> nonSkippedChar
2021-11-19T10:23:48,947|[TRACE] script - #out(`C`) [token]
2021-11-19T10:23:48,947|[TRACE] graph - <------- nonSkippedChar
2021-11-19T10:23:48,947|[TRACE] graph - <----- statementPart
2021-11-19T10:23:48,947|[TRACE] graph - -----> statementPart
2021-11-19T10:23:48,947|[TRACE] graph - -------> nonSkippedChar
2021-11-19T10:23:48,947|[TRACE] script - #out(`K`) [token]
2021-11-19T10:23:48,947|[TRACE] graph - <------- nonSkippedChar
2021-11-19T10:23:48,947|[TRACE] graph - <----- statementPart
2021-11-19T10:23:48,947|[TRACE] graph - -----> statementPart
2021-11-19T10:23:48,947|[TRACE] graph - -------> nonSkippedChar
2021-11-19T10:23:48,947|[TRACE] script - #out(`S`) [token]
2021-11-19T10:23:48,947|[TRACE] graph - <------- nonSkippedChar
2021-11-19T10:23:48,947|[TRACE] graph - <----- statementPart
2021-11-19T10:23:48,947|[TRACE] graph - -----> statementPart
2021-11-19T10:23:48,947|[TRACE] graph - -------> nonSkippedChar
2021-11-19T10:23:48,947|[TRACE] script - #out(`,`) [token]
2021-11-19T10:23:48,947|[TRACE] graph - <------- nonSkippedChar
2021-11-19T10:23:48,947|[TRACE] graph - <----- statementPart
2021-11-19T10:23:48,947|[TRACE] graph - -----> statementPart
2021-11-19T10:23:48,947|[TRACE] graph - -------> nonSkippedSpace
2021-11-19T10:23:48,947|[TRACE] script - #out(` `) [token]
2021-11-19T10:23:48,947|[TRACE] graph - <------- nonSkippedSpace
2021-11-19T10:23:48,947|[TRACE] graph - <----- statementPart
2021-11-19T10:23:48,947|[TRACE] graph - -----> statementPart
2021-11-19T10:23:48,947|[TRACE] graph - -------> nonSkippedChar
2021-11-19T10:23:48,947|[TRACE] script - #out(`U`) [token]
2021-11-19T10:23:48,947|[TRACE] graph - <------- nonSkippedChar
2021-11-19T10:23:48,947|[TRACE] graph - <----- statementPart
2021-11-19T10:23:48,947|[TRACE] graph - -----> statementPart
2021-11-19T10:23:48,947|[TRACE] graph - -------> nonSkippedChar
2021-11-19T10:23:48,947|[TRACE] script - #out(`N`) [token]
2021-11-19T10:23:48,947|[TRACE] graph - <------- nonSkippedChar
2021-11-19T10:23:48,947|[TRACE] graph - <----- statementPart
2021-11-19T10:23:48,947|[TRACE] graph - -----> statementPart
2021-11-19T10:23:48,947|[TRACE] graph - -------> nonSkippedChar
2021-11-19T10:23:48,947|[TRACE] script - #out(`I`) [token]
2021-11-19T10:23:48,947|[TRACE] graph - <------- nonSkippedChar
2021-11-19T10:23:48,947|[TRACE] graph - <----- statementPart
2021-11-19T10:23:48,947|[TRACE] graph - -----> statementPart
2021-11-19T10:23:48,947|[TRACE] graph - -------> nonSkippedChar
2021-11-19T10:23:48,947|[TRACE] script - #out(`Q`) [token]
2021-11-19T10:23:48,947|[TRACE] graph - <------- nonSkippedChar
2021-11-19T10:23:48,947|[TRACE] graph - <----- statementPart
2021-11-19T10:23:48,947|[TRACE] graph - -----> statementPart
2021-11-19T10:23:48,947|[TRACE] graph - -------> nonSkippedChar
2021-11-19T10:23:48,947|[TRACE] script - #out(`U`) [token]
2021-11-19T10:23:48,947|[TRACE] graph - <------- nonSkippedChar
2021-11-19T10:23:48,947|[TRACE] graph - <----- statementPart
2021-11-19T10:23:48,947|[TRACE] graph - -----> statementPart
2021-11-19T10:23:48,947|[TRACE] graph - -------> nonSkippedChar
2021-11-19T10:23:48,947|[TRACE] script - #out(`E`) [token]
2021-11-19T10:23:48,947|[TRACE] graph - <------- nonSkippedChar
2021-11-19T10:23:48,947|[TRACE] graph - <----- statementPart
2021-11-19T10:23:48,947|[TRACE] graph - -----> statementPart
2021-11-19T10:23:48,947|[TRACE] graph - -------> nonSkippedChar
2021-11-19T10:23:48,947|[TRACE] script - #out(`_`) [token]
2021-11-19T10:23:48,947|[TRACE] graph - <------- nonSkippedChar
2021-11-19T10:23:48,947|[TRACE] graph - <----- statementPart
2021-11-19T10:23:48,947|[TRACE] graph - -----> statementPart
2021-11-19T10:23:48,947|[TRACE] graph - -------> nonSkippedChar
2021-11-19T10:23:48,947|[TRACE] script - #out(`C`) [token]
2021-11-19T10:23:48,947|[TRACE] graph - <------- nonSkippedChar
2021-11-19T10:23:48,947|[TRACE] graph - <----- statementPart
2021-11-19T10:23:48,947|[TRACE] graph - -----> statementPart
2021-11-19T10:23:48,947|[TRACE] graph - -------> nonSkippedChar
2021-11-19T10:23:48,947|[TRACE] script - #out(`H`) [token]
2021-11-19T10:23:48,947|[TRACE] graph - <------- nonSkippedChar
2021-11-19T10:23:48,947|[TRACE] graph - <----- statementPart
2021-11-19T10:23:48,947|[TRACE] graph - -----> statementPart
2021-11-19T10:23:48,947|[TRACE] graph - -------> nonSkippedChar
2021-11-19T10:23:48,947|[TRACE] script - #out(`E`) [token]
2021-11-19T10:23:48,947|[TRACE] graph - <------- nonSkippedChar
2021-11-19T10:23:48,947|[TRACE] graph - <----- statementPart
2021-11-19T10:23:48,947|[TRACE] graph - -----> statementPart
2021-11-19T10:23:48,947|[TRACE] graph - -------> nonSkippedChar
2021-11-19T10:23:48,947|[TRACE] script - #out(`C`) [token]
2021-11-19T10:23:48,947|[TRACE] graph - <------- nonSkippedChar
2021-11-19T10:23:48,947|[TRACE] graph - <----- statementPart
2021-11-19T10:23:48,947|[TRACE] graph - -----> statementPart
2021-11-19T10:23:48,947|[TRACE] graph - -------> nonSkippedChar
2021-11-19T10:23:48,947|[TRACE] script - #out(`K`) [token]
2021-11-19T10:23:48,947|[TRACE] graph - <------- nonSkippedChar
2021-11-19T10:23:48,947|[TRACE] graph - <----- statementPart
2021-11-19T10:23:48,947|[TRACE] graph - -----> statementPart
2021-11-19T10:23:48,947|[TRACE] graph - -------> nonSkippedChar
2021-11-19T10:23:48,947|[TRACE] script - #out(`S`) [token]
2021-11-19T10:23:48,947|[TRACE] graph - <------- nonSkippedChar
2021-11-19T10:23:48,947|[TRACE] graph - <----- statementPart
2021-11-19T10:23:48,947|[TRACE] graph - -----> statementPart
2021-11-19T10:23:48,947|[TRACE] graph - -------> nonSkippedChar
2021-11-19T10:23:48,947|[TRACE] script - #out(`=`) [token]
2021-11-19T10:23:48,947|[TRACE] graph - <------- nonSkippedChar
2021-11-19T10:23:48,947|[TRACE] graph - <----- statementPart
2021-11-19T10:23:48,947|[TRACE] graph - -----> statementPart
2021-11-19T10:23:48,947|[TRACE] graph - -------> nonSkippedChar
2021-11-19T10:23:48,947|[TRACE] script - #out(`0`) [token]
2021-11-19T10:23:48,947|[TRACE] graph - <------- nonSkippedChar
2021-11-19T10:23:48,947|[TRACE] graph - <----- statementPart
2021-11-19T10:23:48,947|[DEBUG] graph - Import statement : SET @OLD_UNIQUE_CHECKS=@@UNIQUE_CHECKS, UNIQUE_CHECKS=0
2021-11-19T10:23:48,947|[TRACE] graph - <--- statement
2021-11-19T10:23:48,947|[TRACE] graph - ---> blankSpacesToSkip
2021-11-19T10:23:48,947|[TRACE] graph - -----> newLineToSkip
2021-11-19T10:23:48,947|[TRACE] graph - <----- newLineToSkip
2021-11-19T10:23:48,947|[TRACE] graph - <--- blankSpacesToSkip
2021-11-19T10:23:48,947|[TRACE] graph - ---> statement
2021-11-19T10:23:48,947|[TRACE] graph - -----> statementFirstPart
2021-11-19T10:23:48,947|[TRACE] graph - -------> nonSkippedChar
2021-11-19T10:23:48,947|[TRACE] script - #out(`S`) [token]
2021-11-19T10:23:48,947|[TRACE] graph - <------- nonSkippedChar
2021-11-19T10:23:48,947|[TRACE] graph - <----- statementFirstPart
2021-11-19T10:23:48,947|[TRACE] graph - -----> statementPart
2021-11-19T10:23:48,947|[TRACE] graph - -------> nonSkippedChar
2021-11-19T10:23:48,947|[TRACE] script - #out(`E`) [token]
2021-11-19T10:23:48,947|[TRACE] graph - <------- nonSkippedChar
2021-11-19T10:23:48,947|[TRACE] graph - <----- statementPart
2021-11-19T10:23:48,947|[TRACE] graph - -----> statementPart
2021-11-19T10:23:48,947|[TRACE] graph - -------> nonSkippedChar
2021-11-19T10:23:48,947|[TRACE] script - #out(`T`) [token]
2021-11-19T10:23:48,947|[TRACE] graph - <------- nonSkippedChar
2021-11-19T10:23:48,947|[TRACE] graph - <----- statementPart
2021-11-19T10:23:48,947|[TRACE] graph - -----> statementPart
2021-11-19T10:23:48,947|[TRACE] graph - -------> nonSkippedSpace
2021-11-19T10:23:48,947|[TRACE] script - #out(` `) [token]
2021-11-19T10:23:48,947|[TRACE] graph - <------- nonSkippedSpace
2021-11-19T10:23:48,947|[TRACE] graph - <----- statementPart
2021-11-19T10:23:48,947|[TRACE] graph - -----> statementPart
2021-11-19T10:23:48,947|[TRACE] graph - -------> nonSkippedChar
2021-11-19T10:23:48,947|[TRACE] script - #out(`@`) [token]
2021-11-19T10:23:48,947|[TRACE] graph - <------- nonSkippedChar
2021-11-19T10:23:48,947|[TRACE] graph - <----- statementPart
2021-11-19T10:23:48,947|[TRACE] graph - -----> statementPart
2021-11-19T10:23:48,947|[TRACE] graph - -------> nonSkippedChar
2021-11-19T10:23:48,947|[TRACE] script - #out(`O`) [token]
2021-11-19T10:23:48,947|[TRACE] graph - <------- nonSkippedChar
2021-11-19T10:23:48,947|[TRACE] graph - <----- statementPart
2021-11-19T10:23:48,947|[TRACE] graph - -----> statementPart
2021-11-19T10:23:48,947|[TRACE] graph - -------> nonSkippedChar
2021-11-19T10:23:48,948|[TRACE] script - #out(`L`) [token]
2021-11-19T10:23:48,948|[TRACE] graph - <------- nonSkippedChar
2021-11-19T10:23:48,948|[TRACE] graph - <----- statementPart
2021-11-19T10:23:48,948|[TRACE] graph - -----> statementPart
2021-11-19T10:23:48,948|[TRACE] graph - -------> nonSkippedChar
2021-11-19T10:23:48,948|[TRACE] script - #out(`D`) [token]
2021-11-19T10:23:48,948|[TRACE] graph - <------- nonSkippedChar
2021-11-19T10:23:48,948|[TRACE] graph - <----- statementPart
2021-11-19T10:23:48,948|[TRACE] graph - -----> statementPart
2021-11-19T10:23:48,948|[TRACE] graph - -------> nonSkippedChar
2021-11-19T10:23:48,948|[TRACE] script - #out(`_`) [token]
2021-11-19T10:23:48,948|[TRACE] graph - <------- nonSkippedChar
2021-11-19T10:23:48,948|[TRACE] graph - <----- statementPart
2021-11-19T10:23:48,948|[TRACE] graph - -----> statementPart
2021-11-19T10:23:48,948|[TRACE] graph - -------> nonSkippedChar
2021-11-19T10:23:48,948|[TRACE] script - #out(`F`) [token]
2021-11-19T10:23:48,948|[TRACE] graph - <------- nonSkippedChar
2021-11-19T10:23:48,948|[TRACE] graph - <----- statementPart
2021-11-19T10:23:48,948|[TRACE] graph - -----> statementPart
2021-11-19T10:23:48,948|[TRACE] graph - -------> nonSkippedChar
2021-11-19T10:23:48,948|[TRACE] script - #out(`O`) [token]
2021-11-19T10:23:48,948|[TRACE] graph - <------- nonSkippedChar
2021-11-19T10:23:48,948|[TRACE] graph - <----- statementPart
2021-11-19T10:23:48,948|[TRACE] graph - -----> statementPart
2021-11-19T10:23:48,948|[TRACE] graph - -------> nonSkippedChar
2021-11-19T10:23:48,948|[TRACE] script - #out(`R`) [token]
2021-11-19T10:23:48,948|[TRACE] graph - <------- nonSkippedChar
2021-11-19T10:23:48,948|[TRACE] graph - <----- statementPart
2021-11-19T10:23:48,948|[TRACE] graph - -----> statementPart
2021-11-19T10:23:48,948|[TRACE] graph - -------> nonSkippedChar
2021-11-19T10:23:48,948|[TRACE] script - #out(`E`) [token]
2021-11-19T10:23:48,948|[TRACE] graph - <------- nonSkippedChar
2021-11-19T10:23:48,948|[TRACE] graph - <----- statementPart
2021-11-19T10:23:48,948|[TRACE] graph - -----> statementPart
2021-11-19T10:23:48,948|[TRACE] graph - -------> nonSkippedChar
2021-11-19T10:23:48,948|[TRACE] script - #out(`I`) [token]
2021-11-19T10:23:48,948|[TRACE] graph - <------- nonSkippedChar
2021-11-19T10:23:48,948|[TRACE] graph - <----- statementPart
2021-11-19T10:23:48,948|[TRACE] graph - -----> statementPart
2021-11-19T10:23:48,948|[TRACE] graph - -------> nonSkippedChar
2021-11-19T10:23:48,948|[TRACE] script - #out(`G`) [token]
2021-11-19T10:23:48,948|[TRACE] graph - <------- nonSkippedChar
2021-11-19T10:23:48,948|[TRACE] graph - <----- statementPart
2021-11-19T10:23:48,948|[TRACE] graph - -----> statementPart
2021-11-19T10:23:48,948|[TRACE] graph - -------> nonSkippedChar
2021-11-19T10:23:48,948|[TRACE] script - #out(`N`) [token]
2021-11-19T10:23:48,948|[TRACE] graph - <------- nonSkippedChar
2021-11-19T10:23:48,948|[TRACE] graph - <----- statementPart
2021-11-19T10:23:48,948|[TRACE] graph - -----> statementPart
2021-11-19T10:23:48,948|[TRACE] graph - -------> nonSkippedChar
2021-11-19T10:23:48,948|[TRACE] script - #out(`_`) [token]
2021-11-19T10:23:48,948|[TRACE] graph - <------- nonSkippedChar
2021-11-19T10:23:48,948|[TRACE] graph - <----- statementPart
2021-11-19T10:23:48,948|[TRACE] graph - -----> statementPart
2021-11-19T10:23:48,948|[TRACE] graph - -------> nonSkippedChar
2021-11-19T10:23:48,948|[TRACE] script - #out(`K`) [token]
2021-11-19T10:23:48,948|[TRACE] graph - <------- nonSkippedChar
2021-11-19T10:23:48,948|[TRACE] graph - <----- statementPart
2021-11-19T10:23:48,948|[TRACE] graph - -----> statementPart
2021-11-19T10:23:48,948|[TRACE] graph - -------> nonSkippedChar
2021-11-19T10:23:48,948|[TRACE] script - #out(`E`) [token]
2021-11-19T10:23:48,948|[TRACE] graph - <------- nonSkippedChar
2021-11-19T10:23:48,948|[TRACE] graph - <----- statementPart
2021-11-19T10:23:48,948|[TRACE] graph - -----> statementPart
2021-11-19T10:23:48,948|[TRACE] graph - -------> nonSkippedChar
2021-11-19T10:23:48,948|[TRACE] script - #out(`Y`) [token]
2021-11-19T10:23:48,948|[TRACE] graph - <------- nonSkippedChar
2021-11-19T10:23:48,948|[TRACE] graph - <----- statementPart
2021-11-19T10:23:48,948|[TRACE] graph - -----> statementPart
2021-11-19T10:23:48,948|[TRACE] graph - -------> nonSkippedChar
2021-11-19T10:23:48,948|[TRACE] script - #out(`_`) [token]
2021-11-19T10:23:48,948|[TRACE] graph - <------- nonSkippedChar
2021-11-19T10:23:48,948|[TRACE] graph - <----- statementPart
2021-11-19T10:23:48,948|[TRACE] graph - -----> statementPart
2021-11-19T10:23:48,948|[TRACE] graph - -------> nonSkippedChar
2021-11-19T10:23:48,948|[TRACE] script - #out(`C`) [token]
2021-11-19T10:23:48,948|[TRACE] graph - <------- nonSkippedChar
2021-11-19T10:23:48,948|[TRACE] graph - <----- statementPart
2021-11-19T10:23:48,948|[TRACE] graph - -----> statementPart
2021-11-19T10:23:48,948|[TRACE] graph - -------> nonSkippedChar
2021-11-19T10:23:48,948|[TRACE] script - #out(`H`) [token]
2021-11-19T10:23:48,948|[TRACE] graph - <------- nonSkippedChar
2021-11-19T10:23:48,948|[TRACE] graph - <----- statementPart
2021-11-19T10:23:48,948|[TRACE] graph - -----> statementPart
2021-11-19T10:23:48,948|[TRACE] graph - -------> nonSkippedChar
2021-11-19T10:23:48,948|[TRACE] script - #out(`E`) [token]
2021-11-19T10:23:48,948|[TRACE] graph - <------- nonSkippedChar
2021-11-19T10:23:48,948|[TRACE] graph - <----- statementPart
2021-11-19T10:23:48,948|[TRACE] graph - -----> statementPart
2021-11-19T10:23:48,948|[TRACE] graph - -------> nonSkippedChar
2021-11-19T10:23:48,948|[TRACE] script - #out(`C`) [token]
2021-11-19T10:23:48,948|[TRACE] graph - <------- nonSkippedChar
2021-11-19T10:23:48,948|[TRACE] graph - <----- statementPart
2021-11-19T10:23:48,948|[TRACE] graph - -----> statementPart
2021-11-19T10:23:48,948|[TRACE] graph - -------> nonSkippedChar
2021-11-19T10:23:48,948|[TRACE] script - #out(`K`) [token]
2021-11-19T10:23:48,948|[TRACE] graph - <------- nonSkippedChar
2021-11-19T10:23:48,948|[TRACE] graph - <----- statementPart
2021-11-19T10:23:48,948|[TRACE] graph - -----> statementPart
2021-11-19T10:23:48,948|[TRACE] graph - -------> nonSkippedChar
2021-11-19T10:23:48,948|[TRACE] script - #out(`S`) [token]
2021-11-19T10:23:48,948|[TRACE] graph - <------- nonSkippedChar
2021-11-19T10:23:48,948|[TRACE] graph - <----- statementPart
2021-11-19T10:23:48,948|[TRACE] graph - -----> statementPart
2021-11-19T10:23:48,948|[TRACE] graph - -------> nonSkippedChar
2021-11-19T10:23:48,948|[TRACE] script - #out(`=`) [token]
2021-11-19T10:23:48,948|[TRACE] graph - <------- nonSkippedChar
2021-11-19T10:23:48,948|[TRACE] graph - <----- statementPart
2021-11-19T10:23:48,948|[TRACE] graph - -----> statementPart
2021-11-19T10:23:48,948|[TRACE] graph - -------> nonSkippedChar
2021-11-19T10:23:48,948|[TRACE] script - #out(`@`) [token]
2021-11-19T10:23:48,948|[TRACE] graph - <------- nonSkippedChar
2021-11-19T10:23:48,948|[TRACE] graph - <----- statementPart
2021-11-19T10:23:48,948|[TRACE] graph - -----> statementPart
2021-11-19T10:23:48,948|[TRACE] graph - -------> nonSkippedChar
2021-11-19T10:23:48,948|[TRACE] script - #out(`@`) [token]
2021-11-19T10:23:48,948|[TRACE] graph - <------- nonSkippedChar
2021-11-19T10:23:48,948|[TRACE] graph - <----- statementPart
2021-11-19T10:23:48,948|[TRACE] graph - -----> statementPart
2021-11-19T10:23:48,948|[TRACE] graph - -------> nonSkippedChar
2021-11-19T10:23:48,948|[TRACE] script - #out(`F`) [token]
2021-11-19T10:23:48,948|[TRACE] graph - <------- nonSkippedChar
2021-11-19T10:23:48,948|[TRACE] graph - <----- statementPart
2021-11-19T10:23:48,948|[TRACE] graph - -----> statementPart
2021-11-19T10:23:48,948|[TRACE] graph - -------> nonSkippedChar
2021-11-19T10:23:48,948|[TRACE] script - #out(`O`) [token]
2021-11-19T10:23:48,948|[TRACE] graph - <------- nonSkippedChar
2021-11-19T10:23:48,948|[TRACE] graph - <----- statementPart
2021-11-19T10:23:48,948|[TRACE] graph - -----> statementPart
2021-11-19T10:23:48,948|[TRACE] graph - -------> nonSkippedChar
2021-11-19T10:23:48,948|[TRACE] script - #out(`R`) [token]
2021-11-19T10:23:48,948|[TRACE] graph - <------- nonSkippedChar
2021-11-19T10:23:48,948|[TRACE] graph - <----- statementPart
2021-11-19T10:23:48,948|[TRACE] graph - -----> statementPart
2021-11-19T10:23:48,948|[TRACE] graph - -------> nonSkippedChar
2021-11-19T10:23:48,948|[TRACE] script - #out(`E`) [token]
2021-11-19T10:23:48,948|[TRACE] graph - <------- nonSkippedChar
2021-11-19T10:23:48,948|[TRACE] graph - <----- statementPart
2021-11-19T10:23:48,948|[TRACE] graph - -----> statementPart
2021-11-19T10:23:48,948|[TRACE] graph - -------> nonSkippedChar
2021-11-19T10:23:48,948|[TRACE] script - #out(`I`) [token]
2021-11-19T10:23:48,948|[TRACE] graph - <------- nonSkippedChar
2021-11-19T10:23:48,948|[TRACE] graph - <----- statementPart
2021-11-19T10:23:48,948|[TRACE] graph - -----> statementPart
2021-11-19T10:23:48,948|[TRACE] graph - -------> nonSkippedChar
2021-11-19T10:23:48,948|[TRACE] script - #out(`G`) [token]
2021-11-19T10:23:48,948|[TRACE] graph - <------- nonSkippedChar
2021-11-19T10:23:48,948|[TRACE] graph - <----- statementPart
2021-11-19T10:23:48,948|[TRACE] graph - -----> statementPart
2021-11-19T10:23:48,948|[TRACE] graph - -------> nonSkippedChar
2021-11-19T10:23:48,948|[TRACE] script - #out(`N`) [token]
2021-11-19T10:23:48,948|[TRACE] graph - <------- nonSkippedChar
2021-11-19T10:23:48,948|[TRACE] graph - <----- statementPart
2021-11-19T10:23:48,948|[TRACE] graph - -----> statementPart
2021-11-19T10:23:48,948|[TRACE] graph - -------> nonSkippedChar
2021-11-19T10:23:48,948|[TRACE] script - #out(`_`) [token]
2021-11-19T10:23:48,949|[TRACE] graph - <------- nonSkippedChar
2021-11-19T10:23:48,949|[TRACE] graph - <----- statementPart
2021-11-19T10:23:48,949|[TRACE] graph - -----> statementPart
2021-11-19T10:23:48,949|[TRACE] graph - -------> nonSkippedChar
2021-11-19T10:23:48,949|[TRACE] script - #out(`K`) [token]
2021-11-19T10:23:48,949|[TRACE] graph - <------- nonSkippedChar
2021-11-19T10:23:48,949|[TRACE] graph - <----- statementPart
2021-11-19T10:23:48,949|[TRACE] graph - -----> statementPart
2021-11-19T10:23:48,949|[TRACE] graph - -------> nonSkippedChar
2021-11-19T10:23:48,949|[TRACE] script - #out(`E`) [token]
2021-11-19T10:23:48,949|[TRACE] graph - <------- nonSkippedChar
2021-11-19T10:23:48,949|[TRACE] graph - <----- statementPart
2021-11-19T10:23:48,949|[TRACE] graph - -----> statementPart
2021-11-19T10:23:48,949|[TRACE] graph - -------> nonSkippedChar
2021-11-19T10:23:48,949|[TRACE] script - #out(`Y`) [token]
2021-11-19T10:23:48,949|[TRACE] graph - <------- nonSkippedChar
2021-11-19T10:23:48,949|[TRACE] graph - <----- statementPart
2021-11-19T10:23:48,949|[TRACE] graph - -----> statementPart
2021-11-19T10:23:48,949|[TRACE] graph - -------> nonSkippedChar
2021-11-19T10:23:48,949|[TRACE] script - #out(`_`) [token]
2021-11-19T10:23:48,949|[TRACE] graph - <------- nonSkippedChar
2021-11-19T10:23:48,949|[TRACE] graph - <----- statementPart
2021-11-19T10:23:48,949|[TRACE] graph - -----> statementPart
2021-11-19T10:23:48,949|[TRACE] graph - -------> nonSkippedChar
2021-11-19T10:23:48,949|[TRACE] script - #out(`C`) [token]
2021-11-19T10:23:48,949|[TRACE] graph - <------- nonSkippedChar
2021-11-19T10:23:48,949|[TRACE] graph - <----- statementPart
2021-11-19T10:23:48,949|[TRACE] graph - -----> statementPart
2021-11-19T10:23:48,949|[TRACE] graph - -------> nonSkippedChar
2021-11-19T10:23:48,949|[TRACE] script - #out(`H`) [token]
2021-11-19T10:23:48,949|[TRACE] graph - <------- nonSkippedChar
2021-11-19T10:23:48,949|[TRACE] graph - <----- statementPart
2021-11-19T10:23:48,949|[TRACE] graph - -----> statementPart
2021-11-19T10:23:48,949|[TRACE] graph - -------> nonSkippedChar
2021-11-19T10:23:48,949|[TRACE] script - #out(`E`) [token]
2021-11-19T10:23:48,949|[TRACE] graph - <------- nonSkippedChar
2021-11-19T10:23:48,949|[TRACE] graph - <----- statementPart
2021-11-19T10:23:48,949|[TRACE] graph - -----> statementPart
2021-11-19T10:23:48,949|[TRACE] graph - -------> nonSkippedChar
2021-11-19T10:23:48,949|[TRACE] script - #out(`C`) [token]
2021-11-19T10:23:48,949|[TRACE] graph - <------- nonSkippedChar
2021-11-19T10:23:48,949|[TRACE] graph - <----- statementPart
2021-11-19T10:23:48,949|[TRACE] graph - -----> statementPart
2021-11-19T10:23:48,949|[TRACE] graph - -------> nonSkippedChar
2021-11-19T10:23:48,949|[TRACE] script - #out(`K`) [token]
2021-11-19T10:23:48,949|[TRACE] graph - <------- nonSkippedChar
2021-11-19T10:23:48,949|[TRACE] graph - <----- statementPart
2021-11-19T10:23:48,949|[TRACE] graph - -----> statementPart
2021-11-19T10:23:48,949|[TRACE] graph - -------> nonSkippedChar
2021-11-19T10:23:48,949|[TRACE] script - #out(`S`) [token]
2021-11-19T10:23:48,949|[TRACE] graph - <------- nonSkippedChar
2021-11-19T10:23:48,949|[TRACE] graph - <----- statementPart
2021-11-19T10:23:48,949|[TRACE] graph - -----> statementPart
2021-11-19T10:23:48,949|[TRACE] graph - -------> nonSkippedChar
2021-11-19T10:23:48,949|[TRACE] script - #out(`,`) [token]
2021-11-19T10:23:48,949|[TRACE] graph - <------- nonSkippedChar
2021-11-19T10:23:48,949|[TRACE] graph - <----- statementPart
2021-11-19T10:23:48,949|[TRACE] graph - -----> statementPart
2021-11-19T10:23:48,949|[TRACE] graph - -------> nonSkippedSpace
2021-11-19T10:23:48,949|[TRACE] script - #out(` `) [token]
2021-11-19T10:23:48,949|[TRACE] graph - <------- nonSkippedSpace
2021-11-19T10:23:48,949|[TRACE] graph - <----- statementPart
2021-11-19T10:23:48,949|[TRACE] graph - -----> statementPart
2021-11-19T10:23:48,949|[TRACE] graph - -------> nonSkippedChar
2021-11-19T10:23:48,949|[TRACE] script - #out(`F`) [token]
2021-11-19T10:23:48,949|[TRACE] graph - <------- nonSkippedChar
2021-11-19T10:23:48,949|[TRACE] graph - <----- statementPart
2021-11-19T10:23:48,949|[TRACE] graph - -----> statementPart
2021-11-19T10:23:48,949|[TRACE] graph - -------> nonSkippedChar
2021-11-19T10:23:48,949|[TRACE] script - #out(`O`) [token]
2021-11-19T10:23:48,949|[TRACE] graph - <------- nonSkippedChar
2021-11-19T10:23:48,949|[TRACE] graph - <----- statementPart
2021-11-19T10:23:48,949|[TRACE] graph - -----> statementPart
2021-11-19T10:23:48,949|[TRACE] graph - -------> nonSkippedChar
2021-11-19T10:23:48,949|[TRACE] script - #out(`R`) [token]
2021-11-19T10:23:48,949|[TRACE] graph - <------- nonSkippedChar
2021-11-19T10:23:48,949|[TRACE] graph - <----- statementPart
2021-11-19T10:23:48,949|[TRACE] graph - -----> statementPart
2021-11-19T10:23:48,949|[TRACE] graph - -------> nonSkippedChar
2021-11-19T10:23:48,949|[TRACE] script - #out(`E`) [token]
2021-11-19T10:23:48,949|[TRACE] graph - <------- nonSkippedChar
2021-11-19T10:23:48,949|[TRACE] graph - <----- statementPart
2021-11-19T10:23:48,949|[TRACE] graph - -----> statementPart
2021-11-19T10:23:48,949|[TRACE] graph - -------> nonSkippedChar
2021-11-19T10:23:48,949|[TRACE] script - #out(`I`) [token]
2021-11-19T10:23:48,949|[TRACE] graph - <------- nonSkippedChar
2021-11-19T10:23:48,949|[TRACE] graph - <----- statementPart
2021-11-19T10:23:48,949|[TRACE] graph - -----> statementPart
2021-11-19T10:23:48,949|[TRACE] graph - -------> nonSkippedChar
2021-11-19T10:23:48,949|[TRACE] script - #out(`G`) [token]
2021-11-19T10:23:48,949|[TRACE] graph - <------- nonSkippedChar
2021-11-19T10:23:48,949|[TRACE] graph - <----- statementPart
2021-11-19T10:23:48,949|[TRACE] graph - -----> statementPart
2021-11-19T10:23:48,949|[TRACE] graph - -------> nonSkippedChar
2021-11-19T10:23:48,949|[TRACE] script - #out(`N`) [token]
2021-11-19T10:23:48,949|[TRACE] graph - <------- nonSkippedChar
2021-11-19T10:23:48,949|[TRACE] graph - <----- statementPart
2021-11-19T10:23:48,949|[TRACE] graph - -----> statementPart
2021-11-19T10:23:48,949|[TRACE] graph - -------> nonSkippedChar
2021-11-19T10:23:48,949|[TRACE] script - #out(`_`) [token]
2021-11-19T10:23:48,949|[TRACE] graph - <------- nonSkippedChar
2021-11-19T10:23:48,949|[TRACE] graph - <----- statementPart
2021-11-19T10:23:48,949|[TRACE] graph - -----> statementPart
2021-11-19T10:23:48,949|[TRACE] graph - -------> nonSkippedChar
2021-11-19T10:23:48,949|[TRACE] script - #out(`K`) [token]
2021-11-19T10:23:48,949|[TRACE] graph - <------- nonSkippedChar
2021-11-19T10:23:48,949|[TRACE] graph - <----- statementPart
2021-11-19T10:23:48,949|[TRACE] graph - -----> statementPart
2021-11-19T10:23:48,949|[TRACE] graph - -------> nonSkippedChar
2021-11-19T10:23:48,949|[TRACE] script - #out(`E`) [token]
2021-11-19T10:23:48,949|[TRACE] graph - <------- nonSkippedChar
2021-11-19T10:23:48,949|[TRACE] graph - <----- statementPart
2021-11-19T10:23:48,949|[TRACE] graph - -----> statementPart
2021-11-19T10:23:48,949|[TRACE] graph - -------> nonSkippedChar
2021-11-19T10:23:48,949|[TRACE] script - #out(`Y`) [token]
2021-11-19T10:23:48,949|[TRACE] graph - <------- nonSkippedChar
2021-11-19T10:23:48,949|[TRACE] graph - <----- statementPart
2021-11-19T10:23:48,949|[TRACE] graph - -----> statementPart
2021-11-19T10:23:48,949|[TRACE] graph - -------> nonSkippedChar
2021-11-19T10:23:48,949|[TRACE] script - #out(`_`) [token]
2021-11-19T10:23:48,949|[TRACE] graph - <------- nonSkippedChar
2021-11-19T10:23:48,949|[TRACE] graph - <----- statementPart
2021-11-19T10:23:48,949|[TRACE] graph - -----> statementPart
2021-11-19T10:23:48,949|[TRACE] graph - -------> nonSkippedChar
2021-11-19T10:23:48,949|[TRACE] script - #out(`C`) [token]
2021-11-19T10:23:48,949|[TRACE] graph - <------- nonSkippedChar
2021-11-19T10:23:48,949|[TRACE] graph - <----- statementPart
2021-11-19T10:23:48,949|[TRACE] graph - -----> statementPart
2021-11-19T10:23:48,949|[TRACE] graph - -------> nonSkippedChar
2021-11-19T10:23:48,949|[TRACE] script - #out(`H`) [token]
2021-11-19T10:23:48,949|[TRACE] graph - <------- nonSkippedChar
2021-11-19T10:23:48,949|[TRACE] graph - <----- statementPart
2021-11-19T10:23:48,949|[TRACE] graph - -----> statementPart
2021-11-19T10:23:48,949|[TRACE] graph - -------> nonSkippedChar
2021-11-19T10:23:48,949|[TRACE] script - #out(`E`) [token]
2021-11-19T10:23:48,949|[TRACE] graph - <------- nonSkippedChar
2021-11-19T10:23:48,949|[TRACE] graph - <----- statementPart
2021-11-19T10:23:48,949|[TRACE] graph - -----> statementPart
2021-11-19T10:23:48,949|[TRACE] graph - -------> nonSkippedChar
2021-11-19T10:23:48,949|[TRACE] script - #out(`C`) [token]
2021-11-19T10:23:48,949|[TRACE] graph - <------- nonSkippedChar
2021-11-19T10:23:48,949|[TRACE] graph - <----- statementPart
2021-11-19T10:23:48,949|[TRACE] graph - -----> statementPart
2021-11-19T10:23:48,949|[TRACE] graph - -------> nonSkippedChar
2021-11-19T10:23:48,949|[TRACE] script - #out(`K`) [token]
2021-11-19T10:23:48,949|[TRACE] graph - <------- nonSkippedChar
2021-11-19T10:23:48,949|[TRACE] graph - <----- statementPart
2021-11-19T10:23:48,949|[TRACE] graph - -----> statementPart
2021-11-19T10:23:48,949|[TRACE] graph - -------> nonSkippedChar
2021-11-19T10:23:48,949|[TRACE] script - #out(`S`) [token]
2021-11-19T10:23:48,949|[TRACE] graph - <------- nonSkippedChar
2021-11-19T10:23:48,949|[TRACE] graph - <----- statementPart
2021-11-19T10:23:48,949|[TRACE] graph - -----> statementPart
2021-11-19T10:23:48,949|[TRACE] graph - -------> nonSkippedChar
2021-11-19T10:23:48,949|[TRACE] script - #out(`=`) [token]
2021-11-19T10:23:48,949|[TRACE] graph - <------- nonSkippedChar
2021-11-19T10:23:48,949|[TRACE] graph - <----- statementPart
2021-11-19T10:23:48,949|[TRACE] graph - -----> statementPart
2021-11-19T10:23:48,949|[TRACE] graph - -------> nonSkippedChar
2021-11-19T10:23:48,949|[TRACE] script - #out(`0`) [token]
2021-11-19T10:23:48,949|[TRACE] graph - <------- nonSkippedChar
2021-11-19T10:23:48,949|[TRACE] graph - <----- statementPart
2021-11-19T10:23:48,949|[DEBUG] graph - Import statement : SET @OLD_FOREIGN_KEY_CHECKS=@@FOREIGN_KEY_CHECKS, FOREIGN_KEY_CHECKS=0
2021-11-19T10:23:48,949|[TRACE] graph - <--- statement
2021-11-19T10:23:48,949|[TRACE] graph - ---> blankSpacesToSkip
2021-11-19T10:23:48,949|[TRACE] graph - -----> newLineToSkip
2021-11-19T10:23:48,949|[TRACE] graph - <----- newLineToSkip
2021-11-19T10:23:48,949|[TRACE] graph - <--- blankSpacesToSkip
2021-11-19T10:23:48,949|[TRACE] graph - ---> statement
2021-11-19T10:23:48,950|[TRACE] graph - -----> statementFirstPart
2021-11-19T10:23:48,950|[TRACE] graph - -------> nonSkippedChar
2021-11-19T10:23:48,950|[TRACE] script - #out(`S`) [token]
2021-11-19T10:23:48,950|[TRACE] graph - <------- nonSkippedChar
2021-11-19T10:23:48,950|[TRACE] graph - <----- statementFirstPart
2021-11-19T10:23:48,950|[TRACE] graph - -----> statementPart
2021-11-19T10:23:48,950|[TRACE] graph - -------> nonSkippedChar
2021-11-19T10:23:48,950|[TRACE] script - #out(`E`) [token]
2021-11-19T10:23:48,950|[TRACE] graph - <------- nonSkippedChar
2021-11-19T10:23:48,950|[TRACE] graph - <----- statementPart
2021-11-19T10:23:48,950|[TRACE] graph - -----> statementPart
2021-11-19T10:23:48,950|[TRACE] graph - -------> nonSkippedChar
2021-11-19T10:23:48,950|[TRACE] script - #out(`T`) [token]
2021-11-19T10:23:48,950|[TRACE] graph - <------- nonSkippedChar
2021-11-19T10:23:48,950|[TRACE] graph - <----- statementPart
2021-11-19T10:23:48,950|[TRACE] graph - -----> statementPart
2021-11-19T10:23:48,950|[TRACE] graph - -------> nonSkippedSpace
2021-11-19T10:23:48,950|[TRACE] script - #out(` `) [token]
2021-11-19T10:23:48,950|[TRACE] graph - <------- nonSkippedSpace
2021-11-19T10:23:48,950|[TRACE] graph - <----- statementPart
2021-11-19T10:23:48,950|[TRACE] graph - -----> statementPart
2021-11-19T10:23:48,950|[TRACE] graph - -------> nonSkippedChar
2021-11-19T10:23:48,950|[TRACE] script - #out(`@`) [token]
2021-11-19T10:23:48,950|[TRACE] graph - <------- nonSkippedChar
2021-11-19T10:23:48,950|[TRACE] graph - <----- statementPart
2021-11-19T10:23:48,950|[TRACE] graph - -----> statementPart
2021-11-19T10:23:48,950|[TRACE] graph - -------> nonSkippedChar
2021-11-19T10:23:48,950|[TRACE] script - #out(`O`) [token]
2021-11-19T10:23:48,950|[TRACE] graph - <------- nonSkippedChar
2021-11-19T10:23:48,950|[TRACE] graph - <----- statementPart
2021-11-19T10:23:48,950|[TRACE] graph - -----> statementPart
2021-11-19T10:23:48,950|[TRACE] graph - -------> nonSkippedChar
2021-11-19T10:23:48,950|[TRACE] script - #out(`L`) [token]
2021-11-19T10:23:48,950|[TRACE] graph - <------- nonSkippedChar
2021-11-19T10:23:48,950|[TRACE] graph - <----- statementPart
2021-11-19T10:23:48,950|[TRACE] graph - -----> statementPart
2021-11-19T10:23:48,950|[TRACE] graph - -------> nonSkippedChar
2021-11-19T10:23:48,950|[TRACE] script - #out(`D`) [token]
2021-11-19T10:23:48,950|[TRACE] graph - <------- nonSkippedChar
2021-11-19T10:23:48,950|[TRACE] graph - <----- statementPart
2021-11-19T10:23:48,950|[TRACE] graph - -----> statementPart
2021-11-19T10:23:48,950|[TRACE] graph - -------> nonSkippedChar
2021-11-19T10:23:48,950|[TRACE] script - #out(`_`) [token]
2021-11-19T10:23:48,950|[TRACE] graph - <------- nonSkippedChar
2021-11-19T10:23:48,950|[TRACE] graph - <----- statementPart
2021-11-19T10:23:48,950|[TRACE] graph - -----> statementPart
2021-11-19T10:23:48,950|[TRACE] graph - -------> nonSkippedChar
2021-11-19T10:23:48,950|[TRACE] script - #out(`S`) [token]
2021-11-19T10:23:48,950|[TRACE] graph - <------- nonSkippedChar
2021-11-19T10:23:48,950|[TRACE] graph - <----- statementPart
2021-11-19T10:23:48,950|[TRACE] graph - -----> statementPart
2021-11-19T10:23:48,950|[TRACE] graph - -------> nonSkippedChar
2021-11-19T10:23:48,950|[TRACE] script - #out(`Q`) [token]
2021-11-19T10:23:48,950|[TRACE] graph - <------- nonSkippedChar
2021-11-19T10:23:48,950|[TRACE] graph - <----- statementPart
2021-11-19T10:23:48,950|[TRACE] graph - -----> statementPart
2021-11-19T10:23:48,950|[TRACE] graph - -------> nonSkippedChar
2021-11-19T10:23:48,950|[TRACE] script - #out(`L`) [token]
2021-11-19T10:23:48,950|[TRACE] graph - <------- nonSkippedChar
2021-11-19T10:23:48,950|[TRACE] graph - <----- statementPart
2021-11-19T10:23:48,950|[TRACE] graph - -----> statementPart
2021-11-19T10:23:48,950|[TRACE] graph - -------> nonSkippedChar
2021-11-19T10:23:48,950|[TRACE] script - #out(`_`) [token]
2021-11-19T10:23:48,950|[TRACE] graph - <------- nonSkippedChar
2021-11-19T10:23:48,950|[TRACE] graph - <----- statementPart
2021-11-19T10:23:48,950|[TRACE] graph - -----> statementPart
2021-11-19T10:23:48,950|[TRACE] graph - -------> nonSkippedChar
2021-11-19T10:23:48,950|[TRACE] script - #out(`M`) [token]
2021-11-19T10:23:48,950|[TRACE] graph - <------- nonSkippedChar
2021-11-19T10:23:48,950|[TRACE] graph - <----- statementPart
2021-11-19T10:23:48,950|[TRACE] graph - -----> statementPart
2021-11-19T10:23:48,950|[TRACE] graph - -------> nonSkippedChar
2021-11-19T10:23:48,950|[TRACE] script - #out(`O`) [token]
2021-11-19T10:23:48,950|[TRACE] graph - <------- nonSkippedChar
2021-11-19T10:23:48,950|[TRACE] graph - <----- statementPart
2021-11-19T10:23:48,950|[TRACE] graph - -----> statementPart
2021-11-19T10:23:48,950|[TRACE] graph - -------> nonSkippedChar
2021-11-19T10:23:48,950|[TRACE] script - #out(`D`) [token]
2021-11-19T10:23:48,950|[TRACE] graph - <------- nonSkippedChar
2021-11-19T10:23:48,950|[TRACE] graph - <----- statementPart
2021-11-19T10:23:48,950|[TRACE] graph - -----> statementPart
2021-11-19T10:23:48,950|[TRACE] graph - -------> nonSkippedChar
2021-11-19T10:23:48,950|[TRACE] script - #out(`E`) [token]
2021-11-19T10:23:48,950|[TRACE] graph - <------- nonSkippedChar
2021-11-19T10:23:48,950|[TRACE] graph - <----- statementPart
2021-11-19T10:23:48,950|[TRACE] graph - -----> statementPart
2021-11-19T10:23:48,950|[TRACE] graph - -------> nonSkippedChar
2021-11-19T10:23:48,950|[TRACE] script - #out(`=`) [token]
2021-11-19T10:23:48,950|[TRACE] graph - <------- nonSkippedChar
2021-11-19T10:23:48,950|[TRACE] graph - <----- statementPart
2021-11-19T10:23:48,950|[TRACE] graph - -----> statementPart
2021-11-19T10:23:48,950|[TRACE] graph - -------> nonSkippedChar
2021-11-19T10:23:48,950|[TRACE] script - #out(`@`) [token]
2021-11-19T10:23:48,950|[TRACE] graph - <------- nonSkippedChar
2021-11-19T10:23:48,950|[TRACE] graph - <----- statementPart
2021-11-19T10:23:48,950|[TRACE] graph - -----> statementPart
2021-11-19T10:23:48,950|[TRACE] graph - -------> nonSkippedChar
2021-11-19T10:23:48,950|[TRACE] script - #out(`@`) [token]
2021-11-19T10:23:48,950|[TRACE] graph - <------- nonSkippedChar
2021-11-19T10:23:48,950|[TRACE] graph - <----- statementPart
2021-11-19T10:23:48,950|[TRACE] graph - -----> statementPart
2021-11-19T10:23:48,950|[TRACE] graph - -------> nonSkippedChar
2021-11-19T10:23:48,950|[TRACE] script - #out(`S`) [token]
2021-11-19T10:23:48,950|[TRACE] graph - <------- nonSkippedChar
2021-11-19T10:23:48,950|[TRACE] graph - <----- statementPart
2021-11-19T10:23:48,950|[TRACE] graph - -----> statementPart
2021-11-19T10:23:48,950|[TRACE] graph - -------> nonSkippedChar
2021-11-19T10:23:48,950|[TRACE] script - #out(`Q`) [token]
2021-11-19T10:23:48,950|[TRACE] graph - <------- nonSkippedChar
2021-11-19T10:23:48,950|[TRACE] graph - <----- statementPart
2021-11-19T10:23:48,950|[TRACE] graph - -----> statementPart
2021-11-19T10:23:48,950|[TRACE] graph - -------> nonSkippedChar
2021-11-19T10:23:48,950|[TRACE] script - #out(`L`) [token]
2021-11-19T10:23:48,950|[TRACE] graph - <------- nonSkippedChar
2021-11-19T10:23:48,950|[TRACE] graph - <----- statementPart
2021-11-19T10:23:48,950|[TRACE] graph - -----> statementPart
2021-11-19T10:23:48,950|[TRACE] graph - -------> nonSkippedChar
2021-11-19T10:23:48,950|[TRACE] script - #out(`_`) [token]
2021-11-19T10:23:48,950|[TRACE] graph - <------- nonSkippedChar
2021-11-19T10:23:48,950|[TRACE] graph - <----- statementPart
2021-11-19T10:23:48,950|[TRACE] graph - -----> statementPart
2021-11-19T10:23:48,950|[TRACE] graph - -------> nonSkippedChar
2021-11-19T10:23:48,950|[TRACE] script - #out(`M`) [token]
2021-11-19T10:23:48,950|[TRACE] graph - <------- nonSkippedChar
2021-11-19T10:23:48,950|[TRACE] graph - <----- statementPart
2021-11-19T10:23:48,950|[TRACE] graph - -----> statementPart
2021-11-19T10:23:48,950|[TRACE] graph - -------> nonSkippedChar
2021-11-19T10:23:48,950|[TRACE] script - #out(`O`) [token]
2021-11-19T10:23:48,950|[TRACE] graph - <------- nonSkippedChar
2021-11-19T10:23:48,950|[TRACE] graph - <----- statementPart
2021-11-19T10:23:48,950|[TRACE] graph - -----> statementPart
2021-11-19T10:23:48,950|[TRACE] graph - -------> nonSkippedChar
2021-11-19T10:23:48,950|[TRACE] script - #out(`D`) [token]
2021-11-19T10:23:48,950|[TRACE] graph - <------- nonSkippedChar
2021-11-19T10:23:48,950|[TRACE] graph - <----- statementPart
2021-11-19T10:23:48,950|[TRACE] graph - -----> statementPart
2021-11-19T10:23:48,950|[TRACE] graph - -------> nonSkippedChar
2021-11-19T10:23:48,950|[TRACE] script - #out(`E`) [token]
2021-11-19T10:23:48,950|[TRACE] graph - <------- nonSkippedChar
2021-11-19T10:23:48,950|[TRACE] graph - <----- statementPart
2021-11-19T10:23:48,950|[TRACE] graph - -----> statementPart
2021-11-19T10:23:48,950|[TRACE] graph - -------> nonSkippedChar
2021-11-19T10:23:48,950|[TRACE] script - #out(`,`) [token]
2021-11-19T10:23:48,950|[TRACE] graph - <------- nonSkippedChar
2021-11-19T10:23:48,950|[TRACE] graph - <----- statementPart
2021-11-19T10:23:48,950|[TRACE] graph - -----> statementPart
2021-11-19T10:23:48,950|[TRACE] graph - -------> nonSkippedSpace
2021-11-19T10:23:48,950|[TRACE] script - #out(` `) [token]
2021-11-19T10:23:48,950|[TRACE] graph - <------- nonSkippedSpace
2021-11-19T10:23:48,950|[TRACE] graph - <----- statementPart
2021-11-19T10:23:48,950|[TRACE] graph - -----> statementPart
2021-11-19T10:23:48,950|[TRACE] graph - -------> nonSkippedChar
2021-11-19T10:23:48,950|[TRACE] script - #out(`S`) [token]
2021-11-19T10:23:48,950|[TRACE] graph - <------- nonSkippedChar
2021-11-19T10:23:48,950|[TRACE] graph - <----- statementPart
2021-11-19T10:23:48,950|[TRACE] graph - -----> statementPart
2021-11-19T10:23:48,950|[TRACE] graph - -------> nonSkippedChar
2021-11-19T10:23:48,950|[TRACE] script - #out(`Q`) [token]
2021-11-19T10:23:48,950|[TRACE] graph - <------- nonSkippedChar
2021-11-19T10:23:48,950|[TRACE] graph - <----- statementPart
2021-11-19T10:23:48,950|[TRACE] graph - -----> statementPart
2021-11-19T10:23:48,950|[TRACE] graph - -------> nonSkippedChar
2021-11-19T10:23:48,950|[TRACE] script - #out(`L`) [token]
2021-11-19T10:23:48,950|[TRACE] graph - <------- nonSkippedChar
2021-11-19T10:23:48,950|[TRACE] graph - <----- statementPart
2021-11-19T10:23:48,950|[TRACE] graph - -----> statementPart
2021-11-19T10:23:48,950|[TRACE] graph - -------> nonSkippedChar
2021-11-19T10:23:48,950|[TRACE] script - #out(`_`) [token]
2021-11-19T10:23:48,950|[TRACE] graph - <------- nonSkippedChar
2021-11-19T10:23:48,950|[TRACE] graph - <----- statementPart
2021-11-19T10:23:48,950|[TRACE] graph - -----> statementPart
2021-11-19T10:23:48,950|[TRACE] graph - -------> nonSkippedChar
2021-11-19T10:23:48,950|[TRACE] script - #out(`M`) [token]
2021-11-19T10:23:48,950|[TRACE] graph - <------- nonSkippedChar
2021-11-19T10:23:48,950|[TRACE] graph - <----- statementPart
2021-11-19T10:23:48,950|[TRACE] graph - -----> statementPart
2021-11-19T10:23:48,950|[TRACE] graph - -------> nonSkippedChar
2021-11-19T10:23:48,950|[TRACE] script - #out(`O`) [token]
2021-11-19T10:23:48,950|[TRACE] graph - <------- nonSkippedChar
2021-11-19T10:23:48,950|[TRACE] graph - <----- statementPart
2021-11-19T10:23:48,950|[TRACE] graph - -----> statementPart
2021-11-19T10:23:48,950|[TRACE] graph - -------> nonSkippedChar
2021-11-19T10:23:48,950|[TRACE] script - #out(`D`) [token]
2021-11-19T10:23:48,950|[TRACE] graph - <------- nonSkippedChar
2021-11-19T10:23:48,951|[TRACE] graph - <----- statementPart
2021-11-19T10:23:48,951|[TRACE] graph - -----> statementPart
2021-11-19T10:23:48,951|[TRACE] graph - -------> nonSkippedChar
2021-11-19T10:23:48,951|[TRACE] script - #out(`E`) [token]
2021-11-19T10:23:48,951|[TRACE] graph - <------- nonSkippedChar
2021-11-19T10:23:48,951|[TRACE] graph - <----- statementPart
2021-11-19T10:23:48,951|[TRACE] graph - -----> statementPart
2021-11-19T10:23:48,951|[TRACE] graph - -------> nonSkippedChar
2021-11-19T10:23:48,951|[TRACE] script - #out(`=`) [token]
2021-11-19T10:23:48,951|[TRACE] graph - <------- nonSkippedChar
2021-11-19T10:23:48,951|[TRACE] graph - <----- statementPart
2021-11-19T10:23:48,951|[TRACE] graph - -----> statementPart
2021-11-19T10:23:48,951|[TRACE] graph - -------> quotedString
2021-11-19T10:23:48,951|[TRACE] script - #out(`'ONLY_FULL_GROUP_BY,STRICT_TRANS_TABLES,NO_ZERO_IN_DATE,NO_ZERO_DATE,ERROR_FOR_DIVISION_BY_ZERO,NO_ENGINE_SUBSTITUTION'`) [token]
2021-11-19T10:23:48,951|[TRACE] graph - <------- quotedString
2021-11-19T10:23:48,951|[TRACE] graph - <----- statementPart
2021-11-19T10:23:48,951|[DEBUG] graph - Import statement : SET @OLD_SQL_MODE=@@SQL_MODE, SQL_MODE='ONLY_FULL_GROUP_BY,STRICT_TRANS_TABLES,NO_ZERO_IN_DATE,NO_ZERO_DATE,ERROR_FOR_DIVISION_BY_ZERO,NO_ENGINE_SUBSTITUTION'
2021-11-19T10:23:48,951|[TRACE] graph - <--- statement
2021-11-19T10:23:48,951|[TRACE] graph - ---> blankSpacesToSkip
2021-11-19T10:23:48,951|[TRACE] graph - -----> newLineToSkip
2021-11-19T10:23:48,951|[TRACE] graph - <----- newLineToSkip
2021-11-19T10:23:48,951|[TRACE] graph - -----> newLineToSkip
2021-11-19T10:23:48,951|[TRACE] graph - <----- newLineToSkip
2021-11-19T10:23:48,951|[TRACE] graph - -----> newLineToSkip
2021-11-19T10:23:48,951|[TRACE] graph - <----- newLineToSkip
2021-11-19T10:23:48,951|[TRACE] graph - -----> newLineToSkip
2021-11-19T10:23:48,951|[TRACE] graph - <----- newLineToSkip
2021-11-19T10:23:48,951|[TRACE] graph - -----> newLineToSkip
2021-11-19T10:23:48,951|[TRACE] graph - <----- newLineToSkip
2021-11-19T10:23:48,951|[TRACE] graph - <--- blankSpacesToSkip
2021-11-19T10:23:48,951|[TRACE] graph - ---> statement
2021-11-19T10:23:48,951|[TRACE] graph - -----> statementFirstPart
2021-11-19T10:23:48,951|[TRACE] graph - -------> nonSkippedChar
2021-11-19T10:23:48,951|[TRACE] script - #out(`C`) [token]
2021-11-19T10:23:48,951|[TRACE] graph - <------- nonSkippedChar
2021-11-19T10:23:48,951|[TRACE] graph - <----- statementFirstPart
2021-11-19T10:23:48,951|[TRACE] graph - -----> statementPart
2021-11-19T10:23:48,951|[TRACE] graph - -------> nonSkippedChar
2021-11-19T10:23:48,951|[TRACE] script - #out(`R`) [token]
2021-11-19T10:23:48,951|[TRACE] graph - <------- nonSkippedChar
2021-11-19T10:23:48,951|[TRACE] graph - <----- statementPart
2021-11-19T10:23:48,951|[TRACE] graph - -----> statementPart
2021-11-19T10:23:48,951|[TRACE] graph - -------> nonSkippedChar
2021-11-19T10:23:48,951|[TRACE] script - #out(`E`) [token]
2021-11-19T10:23:48,951|[TRACE] graph - <------- nonSkippedChar
2021-11-19T10:23:48,951|[TRACE] graph - <----- statementPart
2021-11-19T10:23:48,951|[TRACE] graph - -----> statementPart
2021-11-19T10:23:48,951|[TRACE] graph - -------> nonSkippedChar
2021-11-19T10:23:48,951|[TRACE] script - #out(`A`) [token]
2021-11-19T10:23:48,951|[TRACE] graph - <------- nonSkippedChar
2021-11-19T10:23:48,951|[TRACE] graph - <----- statementPart
2021-11-19T10:23:48,951|[TRACE] graph - -----> statementPart
2021-11-19T10:23:48,951|[TRACE] graph - -------> nonSkippedChar
2021-11-19T10:23:48,951|[TRACE] script - #out(`T`) [token]
2021-11-19T10:23:48,951|[TRACE] graph - <------- nonSkippedChar
2021-11-19T10:23:48,951|[TRACE] graph - <----- statementPart
2021-11-19T10:23:48,951|[TRACE] graph - -----> statementPart
2021-11-19T10:23:48,951|[TRACE] graph - -------> nonSkippedChar
2021-11-19T10:23:48,951|[TRACE] script - #out(`E`) [token]
2021-11-19T10:23:48,951|[TRACE] graph - <------- nonSkippedChar
2021-11-19T10:23:48,951|[TRACE] graph - <----- statementPart
2021-11-19T10:23:48,951|[TRACE] graph - -----> statementPart
2021-11-19T10:23:48,951|[TRACE] graph - -------> nonSkippedSpace
2021-11-19T10:23:48,951|[TRACE] script - #out(` `) [token]
2021-11-19T10:23:48,951|[TRACE] graph - <------- nonSkippedSpace
2021-11-19T10:23:48,951|[TRACE] graph - <----- statementPart
2021-11-19T10:23:48,951|[TRACE] graph - -----> statementPart
2021-11-19T10:23:48,951|[TRACE] graph - -------> nonSkippedChar
2021-11-19T10:23:48,951|[TRACE] script - #out(`S`) [token]
2021-11-19T10:23:48,951|[TRACE] graph - <------- nonSkippedChar
2021-11-19T10:23:48,951|[TRACE] graph - <----- statementPart
2021-11-19T10:23:48,951|[TRACE] graph - -----> statementPart
2021-11-19T10:23:48,951|[TRACE] graph - -------> nonSkippedChar
2021-11-19T10:23:48,951|[TRACE] script - #out(`C`) [token]
2021-11-19T10:23:48,951|[TRACE] graph - <------- nonSkippedChar
2021-11-19T10:23:48,951|[TRACE] graph - <----- statementPart
2021-11-19T10:23:48,951|[TRACE] graph - -----> statementPart
2021-11-19T10:23:48,951|[TRACE] graph - -------> nonSkippedChar
2021-11-19T10:23:48,951|[TRACE] script - #out(`H`) [token]
2021-11-19T10:23:48,951|[TRACE] graph - <------- nonSkippedChar
2021-11-19T10:23:48,951|[TRACE] graph - <----- statementPart
2021-11-19T10:23:48,951|[TRACE] graph - -----> statementPart
2021-11-19T10:23:48,951|[TRACE] graph - -------> nonSkippedChar
2021-11-19T10:23:48,951|[TRACE] script - #out(`E`) [token]
2021-11-19T10:23:48,951|[TRACE] graph - <------- nonSkippedChar
2021-11-19T10:23:48,951|[TRACE] graph - <----- statementPart
2021-11-19T10:23:48,951|[TRACE] graph - -----> statementPart
2021-11-19T10:23:48,951|[TRACE] graph - -------> nonSkippedChar
2021-11-19T10:23:48,951|[TRACE] script - #out(`M`) [token]
2021-11-19T10:23:48,951|[TRACE] graph - <------- nonSkippedChar
2021-11-19T10:23:48,951|[TRACE] graph - <----- statementPart
2021-11-19T10:23:48,951|[TRACE] graph - -----> statementPart
2021-11-19T10:23:48,951|[TRACE] graph - -------> nonSkippedChar
2021-11-19T10:23:48,951|[TRACE] script - #out(`A`) [token]
2021-11-19T10:23:48,951|[TRACE] graph - <------- nonSkippedChar
2021-11-19T10:23:48,951|[TRACE] graph - <----- statementPart
2021-11-19T10:23:48,951|[TRACE] graph - -----> statementPart
2021-11-19T10:23:48,951|[TRACE] graph - -------> nonSkippedSpace
2021-11-19T10:23:48,951|[TRACE] script - #out(` `) [token]
2021-11-19T10:23:48,951|[TRACE] graph - <------- nonSkippedSpace
2021-11-19T10:23:48,951|[TRACE] graph - <----- statementPart
2021-11-19T10:23:48,951|[TRACE] graph - -----> statementPart
2021-11-19T10:23:48,951|[TRACE] graph - -------> nonSkippedChar
2021-11-19T10:23:48,951|[TRACE] script - #out(`I`) [token]
2021-11-19T10:23:48,951|[TRACE] graph - <------- nonSkippedChar
2021-11-19T10:23:48,951|[TRACE] graph - <----- statementPart
2021-11-19T10:23:48,951|[TRACE] graph - -----> statementPart
2021-11-19T10:23:48,951|[TRACE] graph - -------> nonSkippedChar
2021-11-19T10:23:48,951|[TRACE] script - #out(`F`) [token]
2021-11-19T10:23:48,951|[TRACE] graph - <------- nonSkippedChar
2021-11-19T10:23:48,951|[TRACE] graph - <----- statementPart
2021-11-19T10:23:48,951|[TRACE] graph - -----> statementPart
2021-11-19T10:23:48,951|[TRACE] graph - -------> nonSkippedSpace
2021-11-19T10:23:48,951|[TRACE] script - #out(` `) [token]
2021-11-19T10:23:48,951|[TRACE] graph - <------- nonSkippedSpace
2021-11-19T10:23:48,951|[TRACE] graph - <----- statementPart
2021-11-19T10:23:48,951|[TRACE] graph - -----> statementPart
2021-11-19T10:23:48,951|[TRACE] graph - -------> nonSkippedChar
2021-11-19T10:23:48,951|[TRACE] script - #out(`N`) [token]
2021-11-19T10:23:48,951|[TRACE] graph - <------- nonSkippedChar
2021-11-19T10:23:48,951|[TRACE] graph - <----- statementPart
2021-11-19T10:23:48,951|[TRACE] graph - -----> statementPart
2021-11-19T10:23:48,951|[TRACE] graph - -------> nonSkippedChar
2021-11-19T10:23:48,951|[TRACE] script - #out(`O`) [token]
2021-11-19T10:23:48,951|[TRACE] graph - <------- nonSkippedChar
2021-11-19T10:23:48,951|[TRACE] graph - <----- statementPart
2021-11-19T10:23:48,951|[TRACE] graph - -----> statementPart
2021-11-19T10:23:48,951|[TRACE] graph - -------> nonSkippedChar
2021-11-19T10:23:48,951|[TRACE] script - #out(`T`) [token]
2021-11-19T10:23:48,951|[TRACE] graph - <------- nonSkippedChar
2021-11-19T10:23:48,951|[TRACE] graph - <----- statementPart
2021-11-19T10:23:48,951|[TRACE] graph - -----> statementPart
2021-11-19T10:23:48,951|[TRACE] graph - -------> nonSkippedSpace
2021-11-19T10:23:48,951|[TRACE] script - #out(` `) [token]
2021-11-19T10:23:48,951|[TRACE] graph - <------- nonSkippedSpace
2021-11-19T10:23:48,951|[TRACE] graph - <----- statementPart
2021-11-19T10:23:48,951|[TRACE] graph - -----> statementPart
2021-11-19T10:23:48,951|[TRACE] graph - -------> nonSkippedChar
2021-11-19T10:23:48,951|[TRACE] script - #out(`E`) [token]
2021-11-19T10:23:48,951|[TRACE] graph - <------- nonSkippedChar
2021-11-19T10:23:48,951|[TRACE] graph - <----- statementPart
2021-11-19T10:23:48,951|[TRACE] graph - -----> statementPart
2021-11-19T10:23:48,951|[TRACE] graph - -------> nonSkippedChar
2021-11-19T10:23:48,951|[TRACE] script - #out(`X`) [token]
2021-11-19T10:23:48,951|[TRACE] graph - <------- nonSkippedChar
2021-11-19T10:23:48,951|[TRACE] graph - <----- statementPart
2021-11-19T10:23:48,951|[TRACE] graph - -----> statementPart
2021-11-19T10:23:48,951|[TRACE] graph - -------> nonSkippedChar
2021-11-19T10:23:48,951|[TRACE] script - #out(`I`) [token]
2021-11-19T10:23:48,951|[TRACE] graph - <------- nonSkippedChar
2021-11-19T10:23:48,951|[TRACE] graph - <----- statementPart
2021-11-19T10:23:48,951|[TRACE] graph - -----> statementPart
2021-11-19T10:23:48,951|[TRACE] graph - -------> nonSkippedChar
2021-11-19T10:23:48,951|[TRACE] script - #out(`S`) [token]
2021-11-19T10:23:48,951|[TRACE] graph - <------- nonSkippedChar
2021-11-19T10:23:48,951|[TRACE] graph - <----- statementPart
2021-11-19T10:23:48,951|[TRACE] graph - -----> statementPart
2021-11-19T10:23:48,951|[TRACE] graph - -------> nonSkippedChar
2021-11-19T10:23:48,951|[TRACE] script - #out(`T`) [token]
2021-11-19T10:23:48,951|[TRACE] graph - <------- nonSkippedChar
2021-11-19T10:23:48,951|[TRACE] graph - <----- statementPart
2021-11-19T10:23:48,951|[TRACE] graph - -----> statementPart
2021-11-19T10:23:48,951|[TRACE] graph - -------> nonSkippedChar
2021-11-19T10:23:48,951|[TRACE] script - #out(`S`) [token]
2021-11-19T10:23:48,951|[TRACE] graph - <------- nonSkippedChar
2021-11-19T10:23:48,951|[TRACE] graph - <----- statementPart
2021-11-19T10:23:48,951|[TRACE] graph - -----> statementPart
2021-11-19T10:23:48,951|[TRACE] graph - -------> nonSkippedSpace
2021-11-19T10:23:48,951|[TRACE] script - #out(` `) [token]
2021-11-19T10:23:48,951|[TRACE] graph - <------- nonSkippedSpace
2021-11-19T10:23:48,951|[TRACE] graph - <----- statementPart
2021-11-19T10:23:48,951|[TRACE] graph - -----> statementPart
2021-11-19T10:23:48,951|[TRACE] graph - -------> quotedString
2021-11-19T10:23:48,951|[TRACE] script - #out(``bloodbank``) [token]
2021-11-19T10:23:48,951|[TRACE] graph - <------- quotedString
2021-11-19T10:23:48,951|[TRACE] graph - <----- statementPart
2021-11-19T10:23:48,951|[TRACE] graph - -----> statementPart
2021-11-19T10:23:48,951|[TRACE] graph - -------> nonSkippedSpace
2021-11-19T10:23:48,951|[TRACE] script - #out(` `) [token]
2021-11-19T10:23:48,951|[TRACE] graph - <------- nonSkippedSpace
2021-11-19T10:23:48,951|[TRACE] graph - <----- statementPart
2021-11-19T10:23:48,951|[TRACE] graph - -----> statementPart
2021-11-19T10:23:48,951|[TRACE] graph - -------> nonSkippedChar
2021-11-19T10:23:48,951|[TRACE] script - #out(`D`) [token]
2021-11-19T10:23:48,951|[TRACE] graph - <------- nonSkippedChar
2021-11-19T10:23:48,951|[TRACE] graph - <----- statementPart
2021-11-19T10:23:48,951|[TRACE] graph - -----> statementPart
2021-11-19T10:23:48,951|[TRACE] graph - -------> nonSkippedChar
2021-11-19T10:23:48,951|[TRACE] script - #out(`E`) [token]
2021-11-19T10:23:48,951|[TRACE] graph - <------- nonSkippedChar
2021-11-19T10:23:48,951|[TRACE] graph - <----- statementPart
2021-11-19T10:23:48,951|[TRACE] graph - -----> statementPart
2021-11-19T10:23:48,951|[TRACE] graph - -------> nonSkippedChar
2021-11-19T10:23:48,951|[TRACE] script - #out(`F`) [token]
2021-11-19T10:23:48,951|[TRACE] graph - <------- nonSkippedChar
2021-11-19T10:23:48,951|[TRACE] graph - <----- statementPart
2021-11-19T10:23:48,951|[TRACE] graph - -----> statementPart
2021-11-19T10:23:48,951|[TRACE] graph - -------> nonSkippedChar
2021-11-19T10:23:48,951|[TRACE] script - #out(`A`) [token]
2021-11-19T10:23:48,951|[TRACE] graph - <------- nonSkippedChar
2021-11-19T10:23:48,951|[TRACE] graph - <----- statementPart
2021-11-19T10:23:48,952|[TRACE] graph - -----> statementPart
2021-11-19T10:23:48,952|[TRACE] graph - -------> nonSkippedChar
2021-11-19T10:23:48,952|[TRACE] script - #out(`U`) [token]
2021-11-19T10:23:48,952|[TRACE] graph - <------- nonSkippedChar
2021-11-19T10:23:48,952|[TRACE] graph - <----- statementPart
2021-11-19T10:23:48,952|[TRACE] graph - -----> statementPart
2021-11-19T10:23:48,952|[TRACE] graph - -------> nonSkippedChar
2021-11-19T10:23:48,952|[TRACE] script - #out(`L`) [token]
2021-11-19T10:23:48,952|[TRACE] graph - <------- nonSkippedChar
2021-11-19T10:23:48,952|[TRACE] graph - <----- statementPart
2021-11-19T10:23:48,952|[TRACE] graph - -----> statementPart
2021-11-19T10:23:48,952|[TRACE] graph - -------> nonSkippedChar
2021-11-19T10:23:48,952|[TRACE] script - #out(`T`) [token]
2021-11-19T10:23:48,952|[TRACE] graph - <------- nonSkippedChar
2021-11-19T10:23:48,952|[TRACE] graph - <----- statementPart
2021-11-19T10:23:48,952|[TRACE] graph - -----> statementPart
2021-11-19T10:23:48,952|[TRACE] graph - -------> nonSkippedSpace
2021-11-19T10:23:48,952|[TRACE] script - #out(` `) [token]
2021-11-19T10:23:48,952|[TRACE] graph - <------- nonSkippedSpace
2021-11-19T10:23:48,952|[TRACE] graph - <----- statementPart
2021-11-19T10:23:48,952|[TRACE] graph - -----> statementPart
2021-11-19T10:23:48,952|[TRACE] graph - -------> nonSkippedChar
2021-11-19T10:23:48,952|[TRACE] script - #out(`C`) [token]
2021-11-19T10:23:48,952|[TRACE] graph - <------- nonSkippedChar
2021-11-19T10:23:48,952|[TRACE] graph - <----- statementPart
2021-11-19T10:23:48,952|[TRACE] graph - -----> statementPart
2021-11-19T10:23:48,952|[TRACE] graph - -------> nonSkippedChar
2021-11-19T10:23:48,952|[TRACE] script - #out(`H`) [token]
2021-11-19T10:23:48,952|[TRACE] graph - <------- nonSkippedChar
2021-11-19T10:23:48,952|[TRACE] graph - <----- statementPart
2021-11-19T10:23:48,952|[TRACE] graph - -----> statementPart
2021-11-19T10:23:48,952|[TRACE] graph - -------> nonSkippedChar
2021-11-19T10:23:48,952|[TRACE] script - #out(`A`) [token]
2021-11-19T10:23:48,952|[TRACE] graph - <------- nonSkippedChar
2021-11-19T10:23:48,952|[TRACE] graph - <----- statementPart
2021-11-19T10:23:48,952|[TRACE] graph - -----> statementPart
2021-11-19T10:23:48,952|[TRACE] graph - -------> nonSkippedChar
2021-11-19T10:23:48,952|[TRACE] script - #out(`R`) [token]
2021-11-19T10:23:48,952|[TRACE] graph - <------- nonSkippedChar
2021-11-19T10:23:48,952|[TRACE] graph - <----- statementPart
2021-11-19T10:23:48,952|[TRACE] graph - -----> statementPart
2021-11-19T10:23:48,952|[TRACE] graph - -------> nonSkippedChar
2021-11-19T10:23:48,952|[TRACE] script - #out(`A`) [token]
2021-11-19T10:23:48,952|[TRACE] graph - <------- nonSkippedChar
2021-11-19T10:23:48,952|[TRACE] graph - <----- statementPart
2021-11-19T10:23:48,999|[TRACE] graph - -----> statementPart
2021-11-19T10:23:48,999|[TRACE] graph - -------> nonSkippedChar
2021-11-19T10:23:48,999|[TRACE] script - #out(`C`) [token]
2021-11-19T10:23:48,999|[TRACE] graph - <------- nonSkippedChar
2021-11-19T10:23:48,999|[TRACE] graph - <----- statementPart
2021-11-19T10:23:48,999|[TRACE] graph - -----> statementPart
2021-11-19T10:23:48,999|[TRACE] graph - -------> nonSkippedChar
2021-11-19T10:23:48,999|[TRACE] script - #out(`T`) [token]
2021-11-19T10:23:48,999|[TRACE] graph - <------- nonSkippedChar
2021-11-19T10:23:48,999|[TRACE] graph - <----- statementPart
2021-11-19T10:23:48,999|[TRACE] graph - -----> statementPart
2021-11-19T10:23:48,999|[TRACE] graph - -------> nonSkippedChar
2021-11-19T10:23:48,999|[TRACE] script - #out(`E`) [token]
2021-11-19T10:23:48,999|[TRACE] graph - <------- nonSkippedChar
2021-11-19T10:23:48,999|[TRACE] graph - <----- statementPart
2021-11-19T10:23:48,999|[TRACE] graph - -----> statementPart
2021-11-19T10:23:48,999|[TRACE] graph - -------> nonSkippedChar
2021-11-19T10:23:48,999|[TRACE] script - #out(`R`) [token]
2021-11-19T10:23:48,999|[TRACE] graph - <------- nonSkippedChar
2021-11-19T10:23:48,999|[TRACE] graph - <----- statementPart
2021-11-19T10:23:48,999|[TRACE] graph - -----> statementPart
2021-11-19T10:23:48,999|[TRACE] graph - -------> nonSkippedSpace
2021-11-19T10:23:48,999|[TRACE] script - #out(` `) [token]
2021-11-19T10:23:48,999|[TRACE] graph - <------- nonSkippedSpace
2021-11-19T10:23:48,999|[TRACE] graph - <----- statementPart
2021-11-19T10:23:48,999|[TRACE] graph - -----> statementPart
2021-11-19T10:23:48,999|[TRACE] graph - -------> nonSkippedChar
2021-11-19T10:23:48,999|[TRACE] script - #out(`S`) [token]
2021-11-19T10:23:48,999|[TRACE] graph - <------- nonSkippedChar
2021-11-19T10:23:48,999|[TRACE] graph - <----- statementPart
2021-11-19T10:23:48,999|[TRACE] graph - -----> statementPart
2021-11-19T10:23:48,999|[TRACE] graph - -------> nonSkippedChar
2021-11-19T10:23:48,999|[TRACE] script - #out(`E`) [token]
2021-11-19T10:23:48,999|[TRACE] graph - <------- nonSkippedChar
2021-11-19T10:23:48,999|[TRACE] graph - <----- statementPart
2021-11-19T10:23:48,999|[TRACE] graph - -----> statementPart
2021-11-19T10:23:48,999|[TRACE] graph - -------> nonSkippedChar
2021-11-19T10:23:48,999|[TRACE] script - #out(`T`) [token]
2021-11-19T10:23:48,999|[TRACE] graph - <------- nonSkippedChar
2021-11-19T10:23:48,999|[TRACE] graph - <----- statementPart
2021-11-19T10:23:48,999|[TRACE] graph - -----> statementPart
2021-11-19T10:23:48,999|[TRACE] graph - -------> nonSkippedSpace
2021-11-19T10:23:48,999|[TRACE] script - #out(` `) [token]
2021-11-19T10:23:48,999|[TRACE] graph - <------- nonSkippedSpace
2021-11-19T10:23:48,999|[TRACE] graph - <----- statementPart
2021-11-19T10:23:48,999|[TRACE] graph - -----> statementPart
2021-11-19T10:23:48,999|[TRACE] graph - -------> nonSkippedChar
2021-11-19T10:23:48,999|[TRACE] script - #out(`u`) [token]
2021-11-19T10:23:48,999|[TRACE] graph - <------- nonSkippedChar
2021-11-19T10:23:48,999|[TRACE] graph - <----- statementPart
2021-11-19T10:23:48,999|[TRACE] graph - -----> statementPart
2021-11-19T10:23:48,999|[TRACE] graph - -------> nonSkippedChar
2021-11-19T10:23:48,999|[TRACE] script - #out(`t`) [token]
2021-11-19T10:23:48,999|[TRACE] graph - <------- nonSkippedChar
2021-11-19T10:23:48,999|[TRACE] graph - <----- statementPart
2021-11-19T10:23:48,999|[TRACE] graph - -----> statementPart
2021-11-19T10:23:48,999|[TRACE] graph - -------> nonSkippedChar
2021-11-19T10:23:48,999|[TRACE] script - #out(`f`) [token]
2021-11-19T10:23:48,999|[TRACE] graph - <------- nonSkippedChar
2021-11-19T10:23:48,999|[TRACE] graph - <----- statementPart
2021-11-19T10:23:49,000|[TRACE] graph - -----> statementPart
2021-11-19T10:23:49,000|[TRACE] graph - -------> nonSkippedChar
2021-11-19T10:23:49,000|[TRACE] script - #out(`8`) [token]
2021-11-19T10:23:49,000|[TRACE] graph - <------- nonSkippedChar
2021-11-19T10:23:49,000|[TRACE] graph - <----- statementPart
2021-11-19T10:23:49,000|[TRACE] graph - -----> statementPart
2021-11-19T10:23:49,000|[TRACE] graph - -------> nonSkippedChar
2021-11-19T10:23:49,000|[TRACE] script - #out(`m`) [token]
2021-11-19T10:23:49,000|[TRACE] graph - <------- nonSkippedChar
2021-11-19T10:23:49,000|[TRACE] graph - <----- statementPart
2021-11-19T10:23:49,000|[TRACE] graph - -----> statementPart
2021-11-19T10:23:49,000|[TRACE] graph - -------> nonSkippedChar
2021-11-19T10:23:49,000|[TRACE] script - #out(`b`) [token]
2021-11-19T10:23:49,000|[TRACE] graph - <------- nonSkippedChar
2021-11-19T10:23:49,000|[TRACE] graph - <----- statementPart
2021-11-19T10:23:49,000|[TRACE] graph - -----> statementPart
2021-11-19T10:23:49,000|[TRACE] graph - -------> nonSkippedChar
2021-11-19T10:23:49,000|[TRACE] script - #out(`4`) [token]
2021-11-19T10:23:49,000|[TRACE] graph - <------- nonSkippedChar
2021-11-19T10:23:49,000|[TRACE] graph - <----- statementPart
2021-11-19T10:23:49,000|[TRACE] graph - -----> statementPart
2021-11-19T10:23:49,000|[TRACE] graph - -------> nonSkippedSpace
2021-11-19T10:23:49,000|[TRACE] script - #out(` `) [token]
2021-11-19T10:23:49,000|[TRACE] graph - <------- nonSkippedSpace
2021-11-19T10:23:49,000|[TRACE] graph - <----- statementPart
2021-11-19T10:23:49,000|[TRACE] graph - -----> statementPart
2021-11-19T10:23:49,000|[TRACE] graph - -------> nonSkippedChar
2021-11-19T10:23:49,000|[TRACE] script - #out(`C`) [token]
2021-11-19T10:23:49,000|[TRACE] graph - <------- nonSkippedChar
2021-11-19T10:23:49,000|[TRACE] graph - <----- statementPart
2021-11-19T10:23:49,000|[TRACE] graph - -----> statementPart
2021-11-19T10:23:49,000|[TRACE] graph - -------> nonSkippedChar
2021-11-19T10:23:49,000|[TRACE] script - #out(`O`) [token]
2021-11-19T10:23:49,000|[TRACE] graph - <------- nonSkippedChar
2021-11-19T10:23:49,000|[TRACE] graph - <----- statementPart
2021-11-19T10:23:49,000|[TRACE] graph - -----> statementPart
2021-11-19T10:23:49,000|[TRACE] graph - -------> nonSkippedChar
2021-11-19T10:23:49,000|[TRACE] script - #out(`L`) [token]
2021-11-19T10:23:49,000|[TRACE] graph - <------- nonSkippedChar
2021-11-19T10:23:49,000|[TRACE] graph - <----- statementPart
2021-11-19T10:23:49,000|[TRACE] graph - -----> statementPart
2021-11-19T10:23:49,000|[TRACE] graph - -------> nonSkippedChar
2021-11-19T10:23:49,000|[TRACE] script - #out(`L`) [token]
2021-11-19T10:23:49,000|[TRACE] graph - <------- nonSkippedChar
2021-11-19T10:23:49,000|[TRACE] graph - <----- statementPart
2021-11-19T10:23:49,000|[TRACE] graph - -----> statementPart
2021-11-19T10:23:49,000|[TRACE] graph - -------> nonSkippedChar
2021-11-19T10:23:49,000|[TRACE] script - #out(`A`) [token]
2021-11-19T10:23:49,000|[TRACE] graph - <------- nonSkippedChar
2021-11-19T10:23:49,000|[TRACE] graph - <----- statementPart
2021-11-19T10:23:49,000|[TRACE] graph - -----> statementPart
2021-11-19T10:23:49,000|[TRACE] graph - -------> nonSkippedChar
2021-11-19T10:23:49,000|[TRACE] script - #out(`T`) [token]
2021-11-19T10:23:49,000|[TRACE] graph - <------- nonSkippedChar
2021-11-19T10:23:49,000|[TRACE] graph - <----- statementPart
2021-11-19T10:23:49,000|[TRACE] graph - -----> statementPart
2021-11-19T10:23:49,000|[TRACE] graph - -------> nonSkippedChar
2021-11-19T10:23:49,000|[TRACE] script - #out(`E`) [token]
2021-11-19T10:23:49,000|[TRACE] graph - <------- nonSkippedChar
2021-11-19T10:23:49,000|[TRACE] graph - <----- statementPart
2021-11-19T10:23:49,000|[TRACE] graph - -----> statementPart
2021-11-19T10:23:49,000|[TRACE] graph - -------> nonSkippedSpace
2021-11-19T10:23:49,000|[TRACE] script - #out(` `) [token]
2021-11-19T10:23:49,000|[TRACE] graph - <------- nonSkippedSpace
2021-11-19T10:23:49,000|[TRACE] graph - <----- statementPart
2021-11-19T10:23:49,000|[TRACE] graph - -----> statementPart
2021-11-19T10:23:49,000|[TRACE] graph - -------> nonSkippedChar
2021-11-19T10:23:49,000|[TRACE] script - #out(`u`) [token]
2021-11-19T10:23:49,000|[TRACE] graph - <------- nonSkippedChar
2021-11-19T10:23:49,000|[TRACE] graph - <----- statementPart
2021-11-19T10:23:49,000|[TRACE] graph - -----> statementPart
2021-11-19T10:23:49,000|[TRACE] graph - -------> nonSkippedChar
2021-11-19T10:23:49,000|[TRACE] script - #out(`t`) [token]
2021-11-19T10:23:49,000|[TRACE] graph - <------- nonSkippedChar
2021-11-19T10:23:49,000|[TRACE] graph - <----- statementPart
2021-11-19T10:23:49,000|[TRACE] graph - -----> statementPart
2021-11-19T10:23:49,000|[TRACE] graph - -------> nonSkippedChar
2021-11-19T10:23:49,000|[TRACE] script - #out(`f`) [token]
2021-11-19T10:23:49,000|[TRACE] graph - <------- nonSkippedChar
2021-11-19T10:23:49,000|[TRACE] graph - <----- statementPart
2021-11-19T10:23:49,000|[TRACE] graph - -----> statementPart
2021-11-19T10:23:49,000|[TRACE] graph - -------> nonSkippedChar
2021-11-19T10:23:49,000|[TRACE] script - #out(`8`) [token]
2021-11-19T10:23:49,000|[TRACE] graph - <------- nonSkippedChar
2021-11-19T10:23:49,000|[TRACE] graph - <----- statementPart
2021-11-19T10:23:49,000|[TRACE] graph - -----> statementPart
2021-11-19T10:23:49,000|[TRACE] graph - -------> nonSkippedChar
2021-11-19T10:23:49,000|[TRACE] script - #out(`m`) [token]
2021-11-19T10:23:49,000|[TRACE] graph - <------- nonSkippedChar
2021-11-19T10:23:49,000|[TRACE] graph - <----- statementPart
2021-11-19T10:23:49,000|[TRACE] graph - -----> statementPart
2021-11-19T10:23:49,000|[TRACE] graph - -------> nonSkippedChar
2021-11-19T10:23:49,000|[TRACE] script - #out(`b`) [token]
2021-11-19T10:23:49,000|[TRACE] graph - <------- nonSkippedChar
2021-11-19T10:23:49,000|[TRACE] graph - <----- statementPart
2021-11-19T10:23:49,000|[TRACE] graph - -----> statementPart
2021-11-19T10:23:49,000|[TRACE] graph - -------> nonSkippedChar
2021-11-19T10:23:49,000|[TRACE] script - #out(`4`) [token]
2021-11-19T10:23:49,000|[TRACE] graph - <------- nonSkippedChar
2021-11-19T10:23:49,000|[TRACE] graph - <----- statementPart
2021-11-19T10:23:49,000|[TRACE] graph - -----> statementPart
2021-11-19T10:23:49,000|[TRACE] graph - -------> nonSkippedChar
2021-11-19T10:23:49,000|[TRACE] script - #out(`_`) [token]
2021-11-19T10:23:49,000|[TRACE] graph - <------- nonSkippedChar
2021-11-19T10:23:49,000|[TRACE] graph - <----- statementPart
2021-11-19T10:23:49,000|[TRACE] graph - -----> statementPart
2021-11-19T10:23:49,000|[TRACE] graph - -------> nonSkippedChar
2021-11-19T10:23:49,000|[TRACE] script - #out(`0`) [token]
2021-11-19T10:23:49,000|[TRACE] graph - <------- nonSkippedChar
2021-11-19T10:23:49,000|[TRACE] graph - <----- statementPart
2021-11-19T10:23:49,000|[TRACE] graph - -----> statementPart
2021-11-19T10:23:49,000|[TRACE] graph - -------> nonSkippedChar
2021-11-19T10:23:49,000|[TRACE] script - #out(`9`) [token]
2021-11-19T10:23:49,000|[TRACE] graph - <------- nonSkippedChar
2021-11-19T10:23:49,000|[TRACE] graph - <----- statementPart
2021-11-19T10:23:49,000|[TRACE] graph - -----> statementPart
2021-11-19T10:23:49,000|[TRACE] graph - -------> nonSkippedChar
2021-11-19T10:23:49,000|[TRACE] script - #out(`0`) [token]
2021-11-19T10:23:49,000|[TRACE] graph - <------- nonSkippedChar
2021-11-19T10:23:49,000|[TRACE] graph - <----- statementPart
2021-11-19T10:23:49,000|[TRACE] graph - -----> statementPart
2021-11-19T10:23:49,000|[TRACE] graph - -------> nonSkippedChar
2021-11-19T10:23:49,000|[TRACE] script - #out(`0`) [token]
2021-11-19T10:23:49,000|[TRACE] graph - <------- nonSkippedChar
2021-11-19T10:23:49,000|[TRACE] graph - <----- statementPart
2021-11-19T10:23:49,000|[TRACE] graph - -----> statementPart
2021-11-19T10:23:49,000|[TRACE] graph - -------> nonSkippedChar
2021-11-19T10:23:49,000|[TRACE] script - #out(`_`) [token]
2021-11-19T10:23:49,000|[TRACE] graph - <------- nonSkippedChar
2021-11-19T10:23:49,000|[TRACE] graph - <----- statementPart
2021-11-19T10:23:49,000|[TRACE] graph - -----> statementPart
2021-11-19T10:23:49,000|[TRACE] graph - -------> nonSkippedChar
2021-11-19T10:23:49,000|[TRACE] script - #out(`a`) [token]
2021-11-19T10:23:49,000|[TRACE] graph - <------- nonSkippedChar
2021-11-19T10:23:49,000|[TRACE] graph - <----- statementPart
2021-11-19T10:23:49,000|[TRACE] graph - -----> statementPart
2021-11-19T10:23:49,000|[TRACE] graph - -------> nonSkippedChar
2021-11-19T10:23:49,000|[TRACE] script - #out(`i`) [token]
2021-11-19T10:23:49,000|[TRACE] graph - <------- nonSkippedChar
2021-11-19T10:23:49,000|[TRACE] graph - <----- statementPart
2021-11-19T10:23:49,000|[TRACE] graph - -----> statementPart
2021-11-19T10:23:49,000|[TRACE] graph - -------> nonSkippedChar
2021-11-19T10:23:49,000|[TRACE] script - #out(`_`) [token]
2021-11-19T10:23:49,000|[TRACE] graph - <------- nonSkippedChar
2021-11-19T10:23:49,000|[TRACE] graph - <----- statementPart
2021-11-19T10:23:49,000|[TRACE] graph - -----> statementPart
2021-11-19T10:23:49,000|[TRACE] graph - -------> nonSkippedChar
2021-11-19T10:23:49,000|[TRACE] script - #out(`c`) [token]
2021-11-19T10:23:49,000|[TRACE] graph - <------- nonSkippedChar
2021-11-19T10:23:49,000|[TRACE] graph - <----- statementPart
2021-11-19T10:23:49,000|[TRACE] graph - -----> statementPart
2021-11-19T10:23:49,000|[TRACE] graph - -------> nonSkippedChar
2021-11-19T10:23:49,000|[TRACE] script - #out(`i`) [token]
2021-11-19T10:23:49,000|[TRACE] graph - <------- nonSkippedChar
2021-11-19T10:23:49,000|[TRACE] graph - <----- statementPart
2021-11-19T10:23:49,000|[TRACE] graph - -----> statementPart
2021-11-19T10:23:49,000|[TRACE] graph - -------> nonSkippedSpace
2021-11-19T10:23:49,000|[TRACE] script - #out(` `) [token]
2021-11-19T10:23:49,000|[TRACE] graph - <------- nonSkippedSpace
2021-11-19T10:23:49,000|[TRACE] graph - <----- statementPart
2021-11-19T10:23:49,000|[DEBUG] graph - Import statement : CREATE SCHEMA IF NOT EXISTS `bloodbank` DEFAULT CHARACTER SET utf8mb4 COLLATE utf8mb4_0900_ai_ci
2021-11-19T10:23:49,000|[TRACE] graph - <--- statement
2021-11-19T10:23:49,000|[TRACE] graph - ---> blankSpacesToSkip
2021-11-19T10:23:49,000|[TRACE] graph - -----> newLineToSkip
2021-11-19T10:23:49,000|[TRACE] graph - <----- newLineToSkip
2021-11-19T10:23:49,000|[TRACE] graph - <--- blankSpacesToSkip
2021-11-19T10:23:49,000|[TRACE] graph - ---> statement
2021-11-19T10:23:49,000|[TRACE] graph - -----> statementFirstPart
2021-11-19T10:23:49,000|[TRACE] graph - -------> nonSkippedChar
2021-11-19T10:23:49,000|[TRACE] script - #out(`U`) [token]
2021-11-19T10:23:49,000|[TRACE] graph - <------- nonSkippedChar
2021-11-19T10:23:49,000|[TRACE] graph - <----- statementFirstPart
2021-11-19T10:23:49,000|[TRACE] graph - -----> statementPart
2021-11-19T10:23:49,000|[TRACE] graph - -------> nonSkippedChar
2021-11-19T10:23:49,000|[TRACE] script - #out(`S`) [token]
2021-11-19T10:23:49,000|[TRACE] graph - <------- nonSkippedChar
2021-11-19T10:23:49,000|[TRACE] graph - <----- statementPart
2021-11-19T10:23:49,000|[TRACE] graph - -----> statementPart
2021-11-19T10:23:49,000|[TRACE] graph - -------> nonSkippedChar
2021-11-19T10:23:49,000|[TRACE] script - #out(`E`) [token]
2021-11-19T10:23:49,000|[TRACE] graph - <------- nonSkippedChar
2021-11-19T10:23:49,000|[TRACE] graph - <----- statementPart
2021-11-19T10:23:49,000|[TRACE] graph - -----> statementPart
2021-11-19T10:23:49,000|[TRACE] graph - -------> nonSkippedSpace
2021-11-19T10:23:49,000|[TRACE] script - #out(` `) [token]
2021-11-19T10:23:49,000|[TRACE] graph - <------- nonSkippedSpace
2021-11-19T10:23:49,000|[TRACE] graph - <----- statementPart
2021-11-19T10:23:49,000|[TRACE] graph - -----> statementPart
2021-11-19T10:23:49,000|[TRACE] graph - -------> quotedString
2021-11-19T10:23:49,000|[TRACE] script - #out(``bloodbank``) [token]
2021-11-19T10:23:49,000|[TRACE] graph - <------- quotedString
2021-11-19T10:23:49,000|[TRACE] graph - <----- statementPart
2021-11-19T10:23:49,000|[TRACE] graph - -----> statementPart
2021-11-19T10:23:49,000|[TRACE] graph - -------> nonSkippedSpace
2021-11-19T10:23:49,000|[TRACE] script - #out(` `) [token]
2021-11-19T10:23:49,000|[TRACE] graph - <------- nonSkippedSpace
2021-11-19T10:23:49,000|[TRACE] graph - <----- statementPart
2021-11-19T10:23:49,000|[DEBUG] graph - Import statement : USE `bloodbank`
2021-11-19T10:23:49,000|[TRACE] graph - <--- statement
2021-11-19T10:23:49,000|[TRACE] graph - ---> blankSpacesToSkip
2021-11-19T10:23:49,000|[TRACE] graph - -----> newLineToSkip
2021-11-19T10:23:49,000|[TRACE] graph - <----- newLineToSkip
2021-11-19T10:23:49,000|[TRACE] graph - -----> newLineToSkip
2021-11-19T10:23:49,000|[TRACE] graph - <----- newLineToSkip
2021-11-19T10:23:49,000|[TRACE] graph - -----> newLineToSkip
2021-11-19T10:23:49,000|[TRACE] graph - <----- newLineToSkip
2021-11-19T10:23:49,000|[TRACE] graph - -----> newLineToSkip
2021-11-19T10:23:49,000|[TRACE] graph - <----- newLineToSkip
2021-11-19T10:23:49,000|[TRACE] graph - -----> newLineToSkip
2021-11-19T10:23:49,000|[TRACE] graph - <----- newLineToSkip
2021-11-19T10:23:49,000|[TRACE] graph - <--- blankSpacesToSkip
2021-11-19T10:23:49,000|[TRACE] graph - ---> statement
2021-11-19T10:23:49,000|[TRACE] graph - -----> statementFirstPart
2021-11-19T10:23:49,000|[TRACE] graph - -------> nonSkippedChar
2021-11-19T10:23:49,000|[TRACE] script - #out(`C`) [token]
2021-11-19T10:23:49,000|[TRACE] graph - <------- nonSkippedChar
2021-11-19T10:23:49,000|[TRACE] graph - <----- statementFirstPart
2021-11-19T10:23:49,000|[TRACE] graph - -----> statementPart
2021-11-19T10:23:49,000|[TRACE] graph - -------> nonSkippedChar
2021-11-19T10:23:49,000|[TRACE] script - #out(`R`) [token]
2021-11-19T10:23:49,000|[TRACE] graph - <------- nonSkippedChar
2021-11-19T10:23:49,000|[TRACE] graph - <----- statementPart
2021-11-19T10:23:49,000|[TRACE] graph - -----> statementPart
2021-11-19T10:23:49,000|[TRACE] graph - -------> nonSkippedChar
2021-11-19T10:23:49,000|[TRACE] script - #out(`E`) [token]
2021-11-19T10:23:49,000|[TRACE] graph - <------- nonSkippedChar
2021-11-19T10:23:49,000|[TRACE] graph - <----- statementPart
2021-11-19T10:23:49,000|[TRACE] graph - -----> statementPart
2021-11-19T10:23:49,000|[TRACE] graph - -------> nonSkippedChar
2021-11-19T10:23:49,000|[TRACE] script - #out(`A`) [token]
2021-11-19T10:23:49,000|[TRACE] graph - <------- nonSkippedChar
2021-11-19T10:23:49,000|[TRACE] graph - <----- statementPart
2021-11-19T10:23:49,000|[TRACE] graph - -----> statementPart
2021-11-19T10:23:49,000|[TRACE] graph - -------> nonSkippedChar
2021-11-19T10:23:49,000|[TRACE] script - #out(`T`) [token]
2021-11-19T10:23:49,000|[TRACE] graph - <------- nonSkippedChar
2021-11-19T10:23:49,000|[TRACE] graph - <----- statementPart
2021-11-19T10:23:49,000|[TRACE] graph - -----> statementPart
2021-11-19T10:23:49,000|[TRACE] graph - -------> nonSkippedChar
2021-11-19T10:23:49,000|[TRACE] script - #out(`E`) [token]
2021-11-19T10:23:49,000|[TRACE] graph - <------- nonSkippedChar
2021-11-19T10:23:49,000|[TRACE] graph - <----- statementPart
2021-11-19T10:23:49,000|[TRACE] graph - -----> statementPart
2021-11-19T10:23:49,000|[TRACE] graph - -------> nonSkippedSpace
2021-11-19T10:23:49,000|[TRACE] script - #out(` `) [token]
2021-11-19T10:23:49,000|[TRACE] graph - <------- nonSkippedSpace
2021-11-19T10:23:49,000|[TRACE] graph - <----- statementPart
2021-11-19T10:23:49,000|[TRACE] graph - -----> statementPart
2021-11-19T10:23:49,000|[TRACE] graph - -------> nonSkippedChar
2021-11-19T10:23:49,000|[TRACE] script - #out(`T`) [token]
2021-11-19T10:23:49,000|[TRACE] graph - <------- nonSkippedChar
2021-11-19T10:23:49,000|[TRACE] graph - <----- statementPart
2021-11-19T10:23:49,000|[TRACE] graph - -----> statementPart
2021-11-19T10:23:49,000|[TRACE] graph - -------> nonSkippedChar
2021-11-19T10:23:49,000|[TRACE] script - #out(`A`) [token]
2021-11-19T10:23:49,000|[TRACE] graph - <------- nonSkippedChar
2021-11-19T10:23:49,000|[TRACE] graph - <----- statementPart
2021-11-19T10:23:49,006|[TRACE] graph - -----> statementPart
2021-11-19T10:23:49,006|[TRACE] graph - -------> nonSkippedChar
2021-11-19T10:23:49,006|[TRACE] script - #out(`B`) [token]
2021-11-19T10:23:49,006|[TRACE] graph - <------- nonSkippedChar
2021-11-19T10:23:49,006|[TRACE] graph - <----- statementPart
2021-11-19T10:23:49,006|[TRACE] graph - -----> statementPart
2021-11-19T10:23:49,006|[TRACE] graph - -------> nonSkippedChar
2021-11-19T10:23:49,006|[TRACE] script - #out(`L`) [token]
2021-11-19T10:23:49,006|[TRACE] graph - <------- nonSkippedChar
2021-11-19T10:23:49,006|[TRACE] graph - <----- statementPart
2021-11-19T10:23:49,006|[TRACE] graph - -----> statementPart
2021-11-19T10:23:49,006|[TRACE] graph - -------> nonSkippedChar
2021-11-19T10:23:49,006|[TRACE] script - #out(`E`) [token]
2021-11-19T10:23:49,006|[TRACE] graph - <------- nonSkippedChar
2021-11-19T10:23:49,006|[TRACE] graph - <----- statementPart
2021-11-19T10:23:49,006|[TRACE] graph - -----> statementPart
2021-11-19T10:23:49,006|[TRACE] graph - -------> nonSkippedSpace
2021-11-19T10:23:49,006|[TRACE] script - #out(` `) [token]
2021-11-19T10:23:49,006|[TRACE] graph - <------- nonSkippedSpace
2021-11-19T10:23:49,006|[TRACE] graph - <----- statementPart
2021-11-19T10:23:49,006|[TRACE] graph - -----> statementPart
2021-11-19T10:23:49,006|[TRACE] graph - -------> nonSkippedChar
2021-11-19T10:23:49,006|[TRACE] script - #out(`I`) [token]
2021-11-19T10:23:49,006|[TRACE] graph - <------- nonSkippedChar
2021-11-19T10:23:49,006|[TRACE] graph - <----- statementPart
2021-11-19T10:23:49,007|[TRACE] graph - -----> statementPart
2021-11-19T10:23:49,007|[TRACE] graph - -------> nonSkippedChar
2021-11-19T10:23:49,007|[TRACE] script - #out(`F`) [token]
2021-11-19T10:23:49,007|[TRACE] graph - <------- nonSkippedChar
2021-11-19T10:23:49,007|[TRACE] graph - <----- statementPart
2021-11-19T10:23:49,007|[TRACE] graph - -----> statementPart
2021-11-19T10:23:49,007|[TRACE] graph - -------> nonSkippedSpace
2021-11-19T10:23:49,007|[TRACE] script - #out(` `) [token]
2021-11-19T10:23:49,007|[TRACE] graph - <------- nonSkippedSpace
2021-11-19T10:23:49,007|[TRACE] graph - <----- statementPart
2021-11-19T10:23:49,007|[TRACE] graph - -----> statementPart
2021-11-19T10:23:49,007|[TRACE] graph - -------> nonSkippedChar
2021-11-19T10:23:49,007|[TRACE] script - #out(`N`) [token]
2021-11-19T10:23:49,007|[TRACE] graph - <------- nonSkippedChar
2021-11-19T10:23:49,007|[TRACE] graph - <----- statementPart
2021-11-19T10:23:49,007|[TRACE] graph - -----> statementPart
2021-11-19T10:23:49,007|[TRACE] graph - -------> nonSkippedChar
2021-11-19T10:23:49,007|[TRACE] script - #out(`O`) [token]
2021-11-19T10:23:49,007|[TRACE] graph - <------- nonSkippedChar
2021-11-19T10:23:49,007|[TRACE] graph - <----- statementPart
2021-11-19T10:23:49,007|[TRACE] graph - -----> statementPart
2021-11-19T10:23:49,007|[TRACE] graph - -------> nonSkippedChar
2021-11-19T10:23:49,007|[TRACE] script - #out(`T`) [token]
2021-11-19T10:23:49,007|[TRACE] graph - <------- nonSkippedChar
2021-11-19T10:23:49,007|[TRACE] graph - <----- statementPart
2021-11-19T10:23:49,007|[TRACE] graph - -----> statementPart
2021-11-19T10:23:49,007|[TRACE] graph - -------> nonSkippedSpace
2021-11-19T10:23:49,007|[TRACE] script - #out(` `) [token]
2021-11-19T10:23:49,007|[TRACE] graph - <------- nonSkippedSpace
2021-11-19T10:23:49,007|[TRACE] graph - <----- statementPart
2021-11-19T10:23:49,007|[TRACE] graph - -----> statementPart
2021-11-19T10:23:49,007|[TRACE] graph - -------> nonSkippedChar
2021-11-19T10:23:49,007|[TRACE] script - #out(`E`) [token]
2021-11-19T10:23:49,007|[TRACE] graph - <------- nonSkippedChar
2021-11-19T10:23:49,007|[TRACE] graph - <----- statementPart
2021-11-19T10:23:49,007|[TRACE] graph - -----> statementPart
2021-11-19T10:23:49,007|[TRACE] graph - -------> nonSkippedChar
2021-11-19T10:23:49,007|[TRACE] script - #out(`X`) [token]
2021-11-19T10:23:49,007|[TRACE] graph - <------- nonSkippedChar
2021-11-19T10:23:49,007|[TRACE] graph - <----- statementPart
2021-11-19T10:23:49,007|[TRACE] graph - -----> statementPart
2021-11-19T10:23:49,007|[TRACE] graph - -------> nonSkippedChar
2021-11-19T10:23:49,007|[TRACE] script - #out(`I`) [token]
2021-11-19T10:23:49,007|[TRACE] graph - <------- nonSkippedChar
2021-11-19T10:23:49,007|[TRACE] graph - <----- statementPart
2021-11-19T10:23:49,007|[TRACE] graph - -----> statementPart
2021-11-19T10:23:49,007|[TRACE] graph - -------> nonSkippedChar
2021-11-19T10:23:49,007|[TRACE] script - #out(`S`) [token]
2021-11-19T10:23:49,007|[TRACE] graph - <------- nonSkippedChar
2021-11-19T10:23:49,007|[TRACE] graph - <----- statementPart
2021-11-19T10:23:49,007|[TRACE] graph - -----> statementPart
2021-11-19T10:23:49,007|[TRACE] graph - -------> nonSkippedChar
2021-11-19T10:23:49,007|[TRACE] script - #out(`T`) [token]
2021-11-19T10:23:49,007|[TRACE] graph - <------- nonSkippedChar
2021-11-19T10:23:49,007|[TRACE] graph - <----- statementPart
2021-11-19T10:23:49,007|[TRACE] graph - -----> statementPart
2021-11-19T10:23:49,007|[TRACE] graph - -------> nonSkippedChar
2021-11-19T10:23:49,007|[TRACE] script - #out(`S`) [token]
2021-11-19T10:23:49,007|[TRACE] graph - <------- nonSkippedChar
2021-11-19T10:23:49,007|[TRACE] graph - <----- statementPart
2021-11-19T10:23:49,007|[TRACE] graph - -----> statementPart
2021-11-19T10:23:49,007|[TRACE] graph - -------> nonSkippedSpace
2021-11-19T10:23:49,007|[TRACE] script - #out(` `) [token]
2021-11-19T10:23:49,007|[TRACE] graph - <------- nonSkippedSpace
2021-11-19T10:23:49,007|[TRACE] graph - <----- statementPart
2021-11-19T10:23:49,007|[TRACE] graph - -----> statementPart
2021-11-19T10:23:49,007|[TRACE] graph - -------> quotedString
2021-11-19T10:23:49,007|[TRACE] script - #out(``bloodbank``) [token]
2021-11-19T10:23:49,007|[TRACE] graph - <------- quotedString
2021-11-19T10:23:49,007|[TRACE] graph - <----- statementPart
2021-11-19T10:23:49,007|[TRACE] graph - -----> statementPart
2021-11-19T10:23:49,007|[TRACE] graph - -------> nonSkippedChar
2021-11-19T10:23:49,007|[TRACE] script - #out(`.`) [token]
2021-11-19T10:23:49,007|[TRACE] graph - <------- nonSkippedChar
2021-11-19T10:23:49,007|[TRACE] graph - <----- statementPart
2021-11-19T10:23:49,007|[TRACE] graph - -----> statementPart
2021-11-19T10:23:49,007|[TRACE] graph - -------> quotedString
2021-11-19T10:23:49,007|[TRACE] script - #out(``person``) [token]
2021-11-19T10:23:49,007|[TRACE] graph - <------- quotedString
2021-11-19T10:23:49,007|[TRACE] graph - <----- statementPart
2021-11-19T10:23:49,007|[TRACE] graph - -----> statementPart
2021-11-19T10:23:49,007|[TRACE] graph - -------> nonSkippedSpace
2021-11-19T10:23:49,007|[TRACE] script - #out(` `) [token]
2021-11-19T10:23:49,007|[TRACE] graph - <------- nonSkippedSpace
2021-11-19T10:23:49,007|[TRACE] graph - <----- statementPart
2021-11-19T10:23:49,007|[TRACE] graph - -----> statementPart
2021-11-19T10:23:49,007|[TRACE] graph - -------> nonSkippedChar
2021-11-19T10:23:49,007|[TRACE] script - #out(`(`) [token]
2021-11-19T10:23:49,007|[TRACE] graph - <------- nonSkippedChar
2021-11-19T10:23:49,007|[TRACE] graph - <----- statementPart
2021-11-19T10:23:49,007|[TRACE] graph - -----> afterStatementPartNewline
2021-11-19T10:23:49,007|[TRACE] script - #out(` `) [text]
2021-11-19T10:23:49,007|[TRACE] graph - <----- afterStatementPartNewline
2021-11-19T10:23:49,007|[TRACE] graph - -----> statementPart
2021-11-19T10:23:49,007|[TRACE] graph - -------> nonSkippedSpace
2021-11-19T10:23:49,007|[TRACE] script - #out(` `) [token]
2021-11-19T10:23:49,007|[TRACE] graph - <------- nonSkippedSpace
2021-11-19T10:23:49,007|[TRACE] graph - <----- statementPart
2021-11-19T10:23:49,007|[TRACE] graph - -----> statementPart
2021-11-19T10:23:49,007|[TRACE] graph - -------> nonSkippedSpace
2021-11-19T10:23:49,007|[TRACE] script - #out(` `) [token]
2021-11-19T10:23:49,007|[TRACE] graph - <------- nonSkippedSpace
2021-11-19T10:23:49,007|[TRACE] graph - <----- statementPart
2021-11-19T10:23:49,007|[TRACE] graph - -----> statementPart
2021-11-19T10:23:49,007|[TRACE] graph - -------> quotedString
2021-11-19T10:23:49,007|[TRACE] script - #out(``id``) [token]
2021-11-19T10:23:49,007|[TRACE] graph - <------- quotedString
2021-11-19T10:23:49,007|[TRACE] graph - <----- statementPart
2021-11-19T10:23:49,007|[TRACE] graph - -----> statementPart
2021-11-19T10:23:49,007|[TRACE] graph - -------> nonSkippedSpace
2021-11-19T10:23:49,007|[TRACE] script - #out(` `) [token]
2021-11-19T10:23:49,007|[TRACE] graph - <------- nonSkippedSpace
2021-11-19T10:23:49,007|[TRACE] graph - <----- statementPart
2021-11-19T10:23:49,007|[TRACE] graph - -----> statementPart
2021-11-19T10:23:49,007|[TRACE] graph - -------> nonSkippedChar
2021-11-19T10:23:49,007|[TRACE] script - #out(`I`) [token]
2021-11-19T10:23:49,007|[TRACE] graph - <------- nonSkippedChar
2021-11-19T10:23:49,007|[TRACE] graph - <----- statementPart
2021-11-19T10:23:49,007|[TRACE] graph - -----> statementPart
2021-11-19T10:23:49,007|[TRACE] graph - -------> nonSkippedChar
2021-11-19T10:23:49,007|[TRACE] script - #out(`N`) [token]
2021-11-19T10:23:49,007|[TRACE] graph - <------- nonSkippedChar
2021-11-19T10:23:49,054|[TRACE] graph - <----- statementPart
2021-11-19T10:23:49,054|[TRACE] graph - -----> statementPart
2021-11-19T10:23:49,054|[TRACE] graph - -------> nonSkippedChar
2021-11-19T10:23:49,054|[TRACE] script - #out(`T`) [token]
2021-11-19T10:23:49,054|[TRACE] graph - <------- nonSkippedChar
2021-11-19T10:23:49,054|[TRACE] graph - <----- statementPart
2021-11-19T10:23:49,054|[TRACE] graph - -----> statementPart
2021-11-19T10:23:49,054|[TRACE] graph - -------> nonSkippedSpace
2021-11-19T10:23:49,054|[TRACE] script - #out(` `) [token]
2021-11-19T10:23:49,054|[TRACE] graph - <------- nonSkippedSpace
2021-11-19T10:23:49,054|[TRACE] graph - <----- statementPart
2021-11-19T10:23:49,054|[TRACE] graph - -----> statementPart
2021-11-19T10:23:49,054|[TRACE] graph - -------> nonSkippedChar
2021-11-19T10:23:49,054|[TRACE] script - #out(`N`) [token]
2021-11-19T10:23:49,054|[TRACE] graph - <------- nonSkippedChar
2021-11-19T10:23:49,054|[TRACE] graph - <----- statementPart
2021-11-19T10:23:49,054|[TRACE] graph - -----> statementPart
2021-11-19T10:23:49,054|[TRACE] graph - -------> nonSkippedChar
2021-11-19T10:23:49,054|[TRACE] script - #out(`O`) [token]
2021-11-19T10:23:49,054|[TRACE] graph - <------- nonSkippedChar
2021-11-19T10:23:49,054|[TRACE] graph - <----- statementPart
2021-11-19T10:23:49,054|[TRACE] graph - -----> statementPart
2021-11-19T10:23:49,054|[TRACE] graph - -------> nonSkippedChar
2021-11-19T10:23:49,054|[TRACE] script - #out(`T`) [token]
2021-11-19T10:23:49,054|[TRACE] graph - <------- nonSkippedChar
2021-11-19T10:23:49,054|[TRACE] graph - <----- statementPart
2021-11-19T10:23:49,054|[TRACE] graph - -----> statementPart
2021-11-19T10:23:49,054|[TRACE] graph - -------> nonSkippedSpace
2021-11-19T10:23:49,054|[TRACE] script - #out(` `) [token]
2021-11-19T10:23:49,054|[TRACE] graph - <------- nonSkippedSpace
2021-11-19T10:23:49,054|[TRACE] graph - <----- statementPart
2021-11-19T10:23:49,054|[TRACE] graph - -----> statementPart
2021-11-19T10:23:49,054|[TRACE] graph - -------> nonSkippedChar
2021-11-19T10:23:49,054|[TRACE] script - #out(`N`) [token]
2021-11-19T10:23:49,054|[TRACE] graph - <------- nonSkippedChar
2021-11-19T10:23:49,054|[TRACE] graph - <----- statementPart
2021-11-19T10:23:49,054|[TRACE] graph - -----> statementPart
2021-11-19T10:23:49,054|[TRACE] graph - -------> nonSkippedChar
2021-11-19T10:23:49,054|[TRACE] script - #out(`U`) [token]
2021-11-19T10:23:49,054|[TRACE] graph - <------- nonSkippedChar
2021-11-19T10:23:49,054|[TRACE] graph - <----- statementPart
2021-11-19T10:23:49,054|[TRACE] graph - -----> statementPart
2021-11-19T10:23:49,054|[TRACE] graph - -------> nonSkippedChar
2021-11-19T10:23:49,054|[TRACE] script - #out(`L`) [token]
2021-11-19T10:23:49,054|[TRACE] graph - <------- nonSkippedChar
2021-11-19T10:23:49,054|[TRACE] graph - <----- statementPart
2021-11-19T10:23:49,054|[TRACE] graph - -----> statementPart
2021-11-19T10:23:49,054|[TRACE] graph - -------> nonSkippedChar
2021-11-19T10:23:49,054|[TRACE] script - #out(`L`) [token]
2021-11-19T10:23:49,054|[TRACE] graph - <------- nonSkippedChar
2021-11-19T10:23:49,055|[TRACE] graph - <----- statementPart
2021-11-19T10:23:49,055|[TRACE] graph - -----> statementPart
2021-11-19T10:23:49,055|[TRACE] graph - -------> nonSkippedSpace
2021-11-19T10:23:49,055|[TRACE] script - #out(` `) [token]
2021-11-19T10:23:49,055|[TRACE] graph - <------- nonSkippedSpace
2021-11-19T10:23:49,055|[TRACE] graph - <----- statementPart
2021-11-19T10:23:49,055|[TRACE] graph - -----> statementPart
2021-11-19T10:23:49,055|[TRACE] graph - -------> nonSkippedChar
2021-11-19T10:23:49,055|[TRACE] script - #out(`A`) [token]
2021-11-19T10:23:49,055|[TRACE] graph - <------- nonSkippedChar
2021-11-19T10:23:49,055|[TRACE] graph - <----- statementPart
2021-11-19T10:23:49,055|[TRACE] graph - -----> statementPart
2021-11-19T10:23:49,055|[TRACE] graph - -------> nonSkippedChar
2021-11-19T10:23:49,055|[TRACE] script - #out(`U`) [token]
2021-11-19T10:23:49,055|[TRACE] graph - <------- nonSkippedChar
2021-11-19T10:23:49,055|[TRACE] graph - <----- statementPart
2021-11-19T10:23:49,055|[TRACE] graph - -----> statementPart
2021-11-19T10:23:49,055|[TRACE] graph - -------> nonSkippedChar
2021-11-19T10:23:49,055|[TRACE] script - #out(`T`) [token]
2021-11-19T10:23:49,055|[TRACE] graph - <------- nonSkippedChar
2021-11-19T10:23:49,055|[TRACE] graph - <----- statementPart
2021-11-19T10:23:49,055|[TRACE] graph - -----> statementPart
2021-11-19T10:23:49,055|[TRACE] graph - -------> nonSkippedChar
2021-11-19T10:23:49,055|[TRACE] script - #out(`O`) [token]
2021-11-19T10:23:49,055|[TRACE] graph - <------- nonSkippedChar
2021-11-19T10:23:49,055|[TRACE] graph - <----- statementPart
2021-11-19T10:23:49,055|[TRACE] graph - -----> statementPart
2021-11-19T10:23:49,055|[TRACE] graph - -------> nonSkippedChar
2021-11-19T10:23:49,055|[TRACE] script - #out(`_`) [token]
2021-11-19T10:23:49,055|[TRACE] graph - <------- nonSkippedChar
2021-11-19T10:23:49,055|[TRACE] graph - <----- statementPart
2021-11-19T10:23:49,055|[TRACE] graph - -----> statementPart
2021-11-19T10:23:49,055|[TRACE] graph - -------> nonSkippedChar
2021-11-19T10:23:49,055|[TRACE] script - #out(`I`) [token]
2021-11-19T10:23:49,055|[TRACE] graph - <------- nonSkippedChar
2021-11-19T10:23:49,055|[TRACE] graph - <----- statementPart
2021-11-19T10:23:49,055|[TRACE] graph - -----> statementPart
2021-11-19T10:23:49,055|[TRACE] graph - -------> nonSkippedChar
2021-11-19T10:23:49,055|[TRACE] script - #out(`N`) [token]
2021-11-19T10:23:49,055|[TRACE] graph - <------- nonSkippedChar
2021-11-19T10:23:49,055|[TRACE] graph - <----- statementPart
2021-11-19T10:23:49,055|[TRACE] graph - -----> statementPart
2021-11-19T10:23:49,055|[TRACE] graph - -------> nonSkippedChar
2021-11-19T10:23:49,055|[TRACE] script - #out(`C`) [token]
2021-11-19T10:23:49,055|[TRACE] graph - <------- nonSkippedChar
2021-11-19T10:23:49,055|[TRACE] graph - <----- statementPart
2021-11-19T10:23:49,055|[TRACE] graph - -----> statementPart
2021-11-19T10:23:49,055|[TRACE] graph - -------> nonSkippedChar
2021-11-19T10:23:49,055|[TRACE] script - #out(`R`) [token]
2021-11-19T10:23:49,055|[TRACE] graph - <------- nonSkippedChar
2021-11-19T10:23:49,055|[TRACE] graph - <----- statementPart
2021-11-19T10:23:49,055|[TRACE] graph - -----> statementPart
2021-11-19T10:23:49,055|[TRACE] graph - -------> nonSkippedChar
2021-11-19T10:23:49,055|[TRACE] script - #out(`E`) [token]
2021-11-19T10:23:49,055|[TRACE] graph - <------- nonSkippedChar
2021-11-19T10:23:49,055|[TRACE] graph - <----- statementPart
2021-11-19T10:23:49,055|[TRACE] graph - -----> statementPart
2021-11-19T10:23:49,055|[TRACE] graph - -------> nonSkippedChar
2021-11-19T10:23:49,055|[TRACE] script - #out(`M`) [token]
2021-11-19T10:23:49,055|[TRACE] graph - <------- nonSkippedChar
2021-11-19T10:23:49,055|[TRACE] graph - <----- statementPart
2021-11-19T10:23:49,055|[TRACE] graph - -----> statementPart
2021-11-19T10:23:49,055|[TRACE] graph - -------> nonSkippedChar
2021-11-19T10:23:49,055|[TRACE] script - #out(`E`) [token]
2021-11-19T10:23:49,055|[TRACE] graph - <------- nonSkippedChar
2021-11-19T10:23:49,055|[TRACE] graph - <----- statementPart
2021-11-19T10:23:49,055|[TRACE] graph - -----> statementPart
2021-11-19T10:23:49,055|[TRACE] graph - -------> nonSkippedChar
2021-11-19T10:23:49,055|[TRACE] script - #out(`N`) [token]
2021-11-19T10:23:49,055|[TRACE] graph - <------- nonSkippedChar
2021-11-19T10:23:49,055|[TRACE] graph - <----- statementPart
2021-11-19T10:23:49,055|[TRACE] graph - -----> statementPart
2021-11-19T10:23:49,055|[TRACE] graph - -------> nonSkippedChar
2021-11-19T10:23:49,055|[TRACE] script - #out(`T`) [token]
2021-11-19T10:23:49,055|[TRACE] graph - <------- nonSkippedChar
2021-11-19T10:23:49,055|[TRACE] graph - <----- statementPart
2021-11-19T10:23:49,055|[TRACE] graph - -----> statementPart
2021-11-19T10:23:49,055|[TRACE] graph - -------> nonSkippedChar
2021-11-19T10:23:49,055|[TRACE] script - #out(`,`) [token]
2021-11-19T10:23:49,055|[TRACE] graph - <------- nonSkippedChar
2021-11-19T10:23:49,055|[TRACE] graph - <----- statementPart
2021-11-19T10:23:49,055|[TRACE] graph - -----> afterStatementPartNewline
2021-11-19T10:23:49,055|[TRACE] script - #out(` `) [text]
2021-11-19T10:23:49,055|[TRACE] graph - <----- afterStatementPartNewline
2021-11-19T10:23:49,055|[TRACE] graph - -----> statementPart
2021-11-19T10:23:49,055|[TRACE] graph - -------> nonSkippedSpace
2021-11-19T10:23:49,055|[TRACE] script - #out(` `) [token]
2021-11-19T10:23:49,055|[TRACE] graph - <------- nonSkippedSpace
2021-11-19T10:23:49,055|[TRACE] graph - <----- statementPart
2021-11-19T10:23:49,055|[TRACE] graph - -----> statementPart
2021-11-19T10:23:49,055|[TRACE] graph - -------> nonSkippedSpace
2021-11-19T10:23:49,055|[TRACE] script - #out(` `) [token]
2021-11-19T10:23:49,055|[TRACE] graph - <------- nonSkippedSpace
2021-11-19T10:23:49,055|[TRACE] graph - <----- statementPart
2021-11-19T10:23:49,055|[TRACE] graph - -----> statementPart
2021-11-19T10:23:49,055|[TRACE] graph - -------> quotedString
2021-11-19T10:23:49,055|[TRACE] script - #out(``first_name``) [token]
2021-11-19T10:23:49,055|[TRACE] graph - <------- quotedString
2021-11-19T10:23:49,055|[TRACE] graph - <----- statementPart
2021-11-19T10:23:49,055|[TRACE] graph - -----> statementPart
2021-11-19T10:23:49,055|[TRACE] graph - -------> nonSkippedSpace
2021-11-19T10:23:49,055|[TRACE] script - #out(` `) [token]
2021-11-19T10:23:49,055|[TRACE] graph - <------- nonSkippedSpace
2021-11-19T10:23:49,055|[TRACE] graph - <----- statementPart
2021-11-19T10:23:49,055|[TRACE] graph - -----> statementPart
2021-11-19T10:23:49,055|[TRACE] graph - -------> nonSkippedChar
2021-11-19T10:23:49,055|[TRACE] script - #out(`V`) [token]
2021-11-19T10:23:49,055|[TRACE] graph - <------- nonSkippedChar
2021-11-19T10:23:49,055|[TRACE] graph - <----- statementPart
2021-11-19T10:23:49,055|[TRACE] graph - -----> statementPart
2021-11-19T10:23:49,055|[TRACE] graph - -------> nonSkippedChar
2021-11-19T10:23:49,055|[TRACE] script - #out(`A`) [token]
2021-11-19T10:23:49,055|[TRACE] graph - <------- nonSkippedChar
2021-11-19T10:23:49,055|[TRACE] graph - <----- statementPart
2021-11-19T10:23:49,055|[TRACE] graph - -----> statementPart
2021-11-19T10:23:49,055|[TRACE] graph - -------> nonSkippedChar
2021-11-19T10:23:49,055|[TRACE] script - #out(`R`) [token]
2021-11-19T10:23:49,055|[TRACE] graph - <------- nonSkippedChar
2021-11-19T10:23:49,055|[TRACE] graph - <----- statementPart
2021-11-19T10:23:49,055|[TRACE] graph - -----> statementPart
2021-11-19T10:23:49,055|[TRACE] graph - -------> nonSkippedChar
2021-11-19T10:23:49,055|[TRACE] script - #out(`C`) [token]
2021-11-19T10:23:49,055|[TRACE] graph - <------- nonSkippedChar
2021-11-19T10:23:49,055|[TRACE] graph - <----- statementPart
2021-11-19T10:23:49,055|[TRACE] graph - -----> statementPart
2021-11-19T10:23:49,055|[TRACE] graph - -------> nonSkippedChar
2021-11-19T10:23:49,055|[TRACE] script - #out(`H`) [token]
2021-11-19T10:23:49,055|[TRACE] graph - <------- nonSkippedChar
2021-11-19T10:23:49,055|[TRACE] graph - <----- statementPart
2021-11-19T10:23:49,055|[TRACE] graph - -----> statementPart
2021-11-19T10:23:49,055|[TRACE] graph - -------> nonSkippedChar
2021-11-19T10:23:49,055|[TRACE] script - #out(`A`) [token]
2021-11-19T10:23:49,055|[TRACE] graph - <------- nonSkippedChar
2021-11-19T10:23:49,055|[TRACE] graph - <----- statementPart
2021-11-19T10:23:49,055|[TRACE] graph - -----> statementPart
2021-11-19T10:23:49,055|[TRACE] graph - -------> nonSkippedChar
2021-11-19T10:23:49,055|[TRACE] script - #out(`R`) [token]
2021-11-19T10:23:49,055|[TRACE] graph - <------- nonSkippedChar
2021-11-19T10:23:49,055|[TRACE] graph - <----- statementPart
2021-11-19T10:23:49,055|[TRACE] graph - -----> statementPart
2021-11-19T10:23:49,055|[TRACE] graph - -------> nonSkippedChar
2021-11-19T10:23:49,055|[TRACE] script - #out(`(`) [token]
2021-11-19T10:23:49,055|[TRACE] graph - <------- nonSkippedChar
2021-11-19T10:23:49,055|[TRACE] graph - <----- statementPart
2021-11-19T10:23:49,055|[TRACE] graph - -----> statementPart
2021-11-19T10:23:49,055|[TRACE] graph - -------> nonSkippedChar
2021-11-19T10:23:49,055|[TRACE] script - #out(`5`) [token]
2021-11-19T10:23:49,055|[TRACE] graph - <------- nonSkippedChar
2021-11-19T10:23:49,055|[TRACE] graph - <----- statementPart
2021-11-19T10:23:49,055|[TRACE] graph - -----> statementPart
2021-11-19T10:23:49,055|[TRACE] graph - -------> nonSkippedChar
2021-11-19T10:23:49,055|[TRACE] script - #out(`0`) [token]
2021-11-19T10:23:49,055|[TRACE] graph - <------- nonSkippedChar
2021-11-19T10:23:49,055|[TRACE] graph - <----- statementPart
2021-11-19T10:23:49,055|[TRACE] graph - -----> statementPart
2021-11-19T10:23:49,055|[TRACE] graph - -------> nonSkippedChar
2021-11-19T10:23:49,055|[TRACE] script - #out(`)`) [token]
2021-11-19T10:23:49,055|[TRACE] graph - <------- nonSkippedChar
2021-11-19T10:23:49,055|[TRACE] graph - <----- statementPart
2021-11-19T10:23:49,055|[TRACE] graph - -----> statementPart
2021-11-19T10:23:49,055|[TRACE] graph - -------> nonSkippedSpace
2021-11-19T10:23:49,055|[TRACE] script - #out(` `) [token]
2021-11-19T10:23:49,055|[TRACE] graph - <------- nonSkippedSpace
2021-11-19T10:23:49,055|[TRACE] graph - <----- statementPart
2021-11-19T10:23:49,055|[TRACE] graph - -----> statementPart
2021-11-19T10:23:49,055|[TRACE] graph - -------> nonSkippedChar
2021-11-19T10:23:49,055|[TRACE] script - #out(`N`) [token]
2021-11-19T10:23:49,055|[TRACE] graph - <------- nonSkippedChar
2021-11-19T10:23:49,055|[TRACE] graph - <----- statementPart
2021-11-19T10:23:49,055|[TRACE] graph - -----> statementPart
2021-11-19T10:23:49,055|[TRACE] graph - -------> nonSkippedChar
2021-11-19T10:23:49,055|[TRACE] script - #out(`O`) [token]
2021-11-19T10:23:49,055|[TRACE] graph - <------- nonSkippedChar
2021-11-19T10:23:49,055|[TRACE] graph - <----- statementPart
2021-11-19T10:23:49,055|[TRACE] graph - -----> statementPart
2021-11-19T10:23:49,055|[TRACE] graph - -------> nonSkippedChar
2021-11-19T10:23:49,055|[TRACE] script - #out(`T`) [token]
2021-11-19T10:23:49,055|[TRACE] graph - <------- nonSkippedChar
2021-11-19T10:23:49,055|[TRACE] graph - <----- statementPart
2021-11-19T10:23:49,055|[TRACE] graph - -----> statementPart
2021-11-19T10:23:49,055|[TRACE] graph - -------> nonSkippedSpace
2021-11-19T10:23:49,055|[TRACE] script - #out(` `) [token]
2021-11-19T10:23:49,055|[TRACE] graph - <------- nonSkippedSpace
2021-11-19T10:23:49,055|[TRACE] graph - <----- statementPart
2021-11-19T10:23:49,055|[TRACE] graph - -----> statementPart
2021-11-19T10:23:49,055|[TRACE] graph - -------> nonSkippedChar
2021-11-19T10:23:49,055|[TRACE] script - #out(`N`) [token]
2021-11-19T10:23:49,055|[TRACE] graph - <------- nonSkippedChar
2021-11-19T10:23:49,055|[TRACE] graph - <----- statementPart
2021-11-19T10:23:49,055|[TRACE] graph - -----> statementPart
2021-11-19T10:23:49,055|[TRACE] graph - -------> nonSkippedChar
2021-11-19T10:23:49,055|[TRACE] script - #out(`U`) [token]
2021-11-19T10:23:49,055|[TRACE] graph - <------- nonSkippedChar
2021-11-19T10:23:49,055|[TRACE] graph - <----- statementPart
2021-11-19T10:23:49,055|[TRACE] graph - -----> statementPart
2021-11-19T10:23:49,055|[TRACE] graph - -------> nonSkippedChar
2021-11-19T10:23:49,055|[TRACE] script - #out(`L`) [token]
2021-11-19T10:23:49,055|[TRACE] graph - <------- nonSkippedChar
2021-11-19T10:23:49,055|[TRACE] graph - <----- statementPart
2021-11-19T10:23:49,055|[TRACE] graph - -----> statementPart
2021-11-19T10:23:49,055|[TRACE] graph - -------> nonSkippedChar
2021-11-19T10:23:49,055|[TRACE] script - #out(`L`) [token]
2021-11-19T10:23:49,055|[TRACE] graph - <------- nonSkippedChar
2021-11-19T10:23:49,055|[TRACE] graph - <----- statementPart
2021-11-19T10:23:49,055|[TRACE] graph - -----> statementPart
2021-11-19T10:23:49,055|[TRACE] graph - -------> nonSkippedChar
2021-11-19T10:23:49,055|[TRACE] script - #out(`,`) [token]
2021-11-19T10:23:49,055|[TRACE] graph - <------- nonSkippedChar
2021-11-19T10:23:49,055|[TRACE] graph - <----- statementPart
2021-11-19T10:23:49,055|[TRACE] graph - -----> afterStatementPartNewline
2021-11-19T10:23:49,055|[TRACE] script - #out(` `) [text]
2021-11-19T10:23:49,055|[TRACE] graph - <----- afterStatementPartNewline
2021-11-19T10:23:49,055|[TRACE] graph - -----> statementPart
2021-11-19T10:23:49,055|[TRACE] graph - -------> nonSkippedSpace
2021-11-19T10:23:49,055|[TRACE] script - #out(` `) [token]
2021-11-19T10:23:49,055|[TRACE] graph - <------- nonSkippedSpace
2021-11-19T10:23:49,055|[TRACE] graph - <----- statementPart
2021-11-19T10:23:49,055|[TRACE] graph - -----> statementPart
2021-11-19T10:23:49,055|[TRACE] graph - -------> nonSkippedSpace
2021-11-19T10:23:49,055|[TRACE] script - #out(` `) [token]
2021-11-19T10:23:49,055|[TRACE] graph - <------- nonSkippedSpace
2021-11-19T10:23:49,055|[TRACE] graph - <----- statementPart
2021-11-19T10:23:49,055|[TRACE] graph - -----> statementPart
2021-11-19T10:23:49,055|[TRACE] graph - -------> quotedString
2021-11-19T10:23:49,055|[TRACE] script - #out(``last_name``) [token]
2021-11-19T10:23:49,055|[TRACE] graph - <------- quotedString
2021-11-19T10:23:49,055|[TRACE] graph - <----- statementPart
2021-11-19T10:23:49,055|[TRACE] graph - -----> statementPart
2021-11-19T10:23:49,055|[TRACE] graph - -------> nonSkippedSpace
2021-11-19T10:23:49,055|[TRACE] script - #out(` `) [token]
2021-11-19T10:23:49,055|[TRACE] graph - <------- nonSkippedSpace
2021-11-19T10:23:49,055|[TRACE] graph - <----- statementPart
2021-11-19T10:23:49,055|[TRACE] graph - -----> statementPart
2021-11-19T10:23:49,055|[TRACE] graph - -------> nonSkippedChar
2021-11-19T10:23:49,055|[TRACE] script - #out(`V`) [token]
2021-11-19T10:23:49,055|[TRACE] graph - <------- nonSkippedChar
2021-11-19T10:23:49,055|[TRACE] graph - <----- statementPart
2021-11-19T10:23:49,055|[TRACE] graph - -----> statementPart
2021-11-19T10:23:49,055|[TRACE] graph - -------> nonSkippedChar
2021-11-19T10:23:49,055|[TRACE] script - #out(`A`) [token]
2021-11-19T10:23:49,055|[TRACE] graph - <------- nonSkippedChar
2021-11-19T10:23:49,055|[TRACE] graph - <----- statementPart
2021-11-19T10:23:49,055|[TRACE] graph - -----> statementPart
2021-11-19T10:23:49,055|[TRACE] graph - -------> nonSkippedChar
2021-11-19T10:23:49,055|[TRACE] script - #out(`R`) [token]
2021-11-19T10:23:49,055|[TRACE] graph - <------- nonSkippedChar
2021-11-19T10:23:49,055|[TRACE] graph - <----- statementPart
2021-11-19T10:23:49,055|[TRACE] graph - -----> statementPart
2021-11-19T10:23:49,055|[TRACE] graph - -------> nonSkippedChar
2021-11-19T10:23:49,055|[TRACE] script - #out(`C`) [token]
2021-11-19T10:23:49,055|[TRACE] graph - <------- nonSkippedChar
2021-11-19T10:23:49,055|[TRACE] graph - <----- statementPart
2021-11-19T10:23:49,055|[TRACE] graph - -----> statementPart
2021-11-19T10:23:49,055|[TRACE] graph - -------> nonSkippedChar
2021-11-19T10:23:49,055|[TRACE] script - #out(`H`) [token]
2021-11-19T10:23:49,055|[TRACE] graph - <------- nonSkippedChar
2021-11-19T10:23:49,055|[TRACE] graph - <----- statementPart
2021-11-19T10:23:49,055|[TRACE] graph - -----> statementPart
2021-11-19T10:23:49,055|[TRACE] graph - -------> nonSkippedChar
2021-11-19T10:23:49,055|[TRACE] script - #out(`A`) [token]
2021-11-19T10:23:49,055|[TRACE] graph - <------- nonSkippedChar
2021-11-19T10:23:49,055|[TRACE] graph - <----- statementPart
2021-11-19T10:23:49,055|[TRACE] graph - -----> statementPart
2021-11-19T10:23:49,055|[TRACE] graph - -------> nonSkippedChar
2021-11-19T10:23:49,055|[TRACE] script - #out(`R`) [token]
2021-11-19T10:23:49,055|[TRACE] graph - <------- nonSkippedChar
2021-11-19T10:23:49,055|[TRACE] graph - <----- statementPart
2021-11-19T10:23:49,055|[TRACE] graph - -----> statementPart
2021-11-19T10:23:49,055|[TRACE] graph - -------> nonSkippedChar
2021-11-19T10:23:49,055|[TRACE] script - #out(`(`) [token]
2021-11-19T10:23:49,055|[TRACE] graph - <------- nonSkippedChar
2021-11-19T10:23:49,055|[TRACE] graph - <----- statementPart
2021-11-19T10:23:49,055|[TRACE] graph - -----> statementPart
2021-11-19T10:23:49,055|[TRACE] graph - -------> nonSkippedChar
2021-11-19T10:23:49,055|[TRACE] script - #out(`5`) [token]
2021-11-19T10:23:49,055|[TRACE] graph - <------- nonSkippedChar
2021-11-19T10:23:49,055|[TRACE] graph - <----- statementPart
2021-11-19T10:23:49,055|[TRACE] graph - -----> statementPart
2021-11-19T10:23:49,055|[TRACE] graph - -------> nonSkippedChar
2021-11-19T10:23:49,055|[TRACE] script - #out(`0`) [token]
2021-11-19T10:23:49,055|[TRACE] graph - <------- nonSkippedChar
2021-11-19T10:23:49,055|[TRACE] graph - <----- statementPart
2021-11-19T10:23:49,055|[TRACE] graph - -----> statementPart
2021-11-19T10:23:49,055|[TRACE] graph - -------> nonSkippedChar
2021-11-19T10:23:49,055|[TRACE] script - #out(`)`) [token]
2021-11-19T10:23:49,055|[TRACE] graph - <------- nonSkippedChar
2021-11-19T10:23:49,055|[TRACE] graph - <----- statementPart
2021-11-19T10:23:49,055|[TRACE] graph - -----> statementPart
2021-11-19T10:23:49,055|[TRACE] graph - -------> nonSkippedSpace
2021-11-19T10:23:49,055|[TRACE] script - #out(` `) [token]
2021-11-19T10:23:49,055|[TRACE] graph - <------- nonSkippedSpace
2021-11-19T10:23:49,056|[TRACE] graph - <----- statementPart
2021-11-19T10:23:49,056|[TRACE] graph - -----> statementPart
2021-11-19T10:23:49,056|[TRACE] graph - -------> nonSkippedChar
2021-11-19T10:23:49,056|[TRACE] script - #out(`N`) [token]
2021-11-19T10:23:49,056|[TRACE] graph - <------- nonSkippedChar
2021-11-19T10:23:49,056|[TRACE] graph - <----- statementPart
2021-11-19T10:23:49,056|[TRACE] graph - -----> statementPart
2021-11-19T10:23:49,056|[TRACE] graph - -------> nonSkippedChar
2021-11-19T10:23:49,056|[TRACE] script - #out(`O`) [token]
2021-11-19T10:23:49,056|[TRACE] graph - <------- nonSkippedChar
2021-11-19T10:23:49,056|[TRACE] graph - <----- statementPart
2021-11-19T10:23:49,056|[TRACE] graph - -----> statementPart
2021-11-19T10:23:49,056|[TRACE] graph - -------> nonSkippedChar
2021-11-19T10:23:49,056|[TRACE] script - #out(`T`) [token]
2021-11-19T10:23:49,056|[TRACE] graph - <------- nonSkippedChar
2021-11-19T10:23:49,056|[TRACE] graph - <----- statementPart
2021-11-19T10:23:49,056|[TRACE] graph - -----> statementPart
2021-11-19T10:23:49,056|[TRACE] graph - -------> nonSkippedSpace
2021-11-19T10:23:49,056|[TRACE] script - #out(` `) [token]
2021-11-19T10:23:49,056|[TRACE] graph - <------- nonSkippedSpace
2021-11-19T10:23:49,056|[TRACE] graph - <----- statementPart
2021-11-19T10:23:49,056|[TRACE] graph - -----> statementPart
2021-11-19T10:23:49,056|[TRACE] graph - -------> nonSkippedChar
2021-11-19T10:23:49,056|[TRACE] script - #out(`N`) [token]
2021-11-19T10:23:49,056|[TRACE] graph - <------- nonSkippedChar
2021-11-19T10:23:49,056|[TRACE] graph - <----- statementPart
2021-11-19T10:23:49,056|[TRACE] graph - -----> statementPart
2021-11-19T10:23:49,056|[TRACE] graph - -------> nonSkippedChar
2021-11-19T10:23:49,056|[TRACE] script - #out(`U`) [token]
2021-11-19T10:23:49,056|[TRACE] graph - <------- nonSkippedChar
2021-11-19T10:23:49,056|[TRACE] graph - <----- statementPart
2021-11-19T10:23:49,056|[TRACE] graph - -----> statementPart
2021-11-19T10:23:49,056|[TRACE] graph - -------> nonSkippedChar
2021-11-19T10:23:49,056|[TRACE] script - #out(`L`) [token]
2021-11-19T10:23:49,056|[TRACE] graph - <------- nonSkippedChar
2021-11-19T10:23:49,056|[TRACE] graph - <----- statementPart
2021-11-19T10:23:49,056|[TRACE] graph - -----> statementPart
2021-11-19T10:23:49,056|[TRACE] graph - -------> nonSkippedChar
2021-11-19T10:23:49,056|[TRACE] script - #out(`L`) [token]
2021-11-19T10:23:49,056|[TRACE] graph - <------- nonSkippedChar
2021-11-19T10:23:49,056|[TRACE] graph - <----- statementPart
2021-11-19T10:23:49,056|[TRACE] graph - -----> statementPart
2021-11-19T10:23:49,056|[TRACE] graph - -------> nonSkippedChar
2021-11-19T10:23:49,056|[TRACE] script - #out(`,`) [token]
2021-11-19T10:23:49,056|[TRACE] graph - <------- nonSkippedChar
2021-11-19T10:23:49,056|[TRACE] graph - <----- statementPart
2021-11-19T10:23:49,056|[TRACE] graph - -----> afterStatementPartNewline
2021-11-19T10:23:49,056|[TRACE] script - #out(` `) [text]
2021-11-19T10:23:49,056|[TRACE] graph - <----- afterStatementPartNewline
2021-11-19T10:23:49,056|[TRACE] graph - -----> statementPart
2021-11-19T10:23:49,056|[TRACE] graph - -------> nonSkippedSpace
2021-11-19T10:23:49,056|[TRACE] script - #out(` `) [token]
2021-11-19T10:23:49,056|[TRACE] graph - <------- nonSkippedSpace
2021-11-19T10:23:49,056|[TRACE] graph - <----- statementPart
2021-11-19T10:23:49,056|[TRACE] graph - -----> statementPart
2021-11-19T10:23:49,056|[TRACE] graph - -------> nonSkippedSpace
2021-11-19T10:23:49,056|[TRACE] script - #out(` `) [token]
2021-11-19T10:23:49,056|[TRACE] graph - <------- nonSkippedSpace
2021-11-19T10:23:49,056|[TRACE] graph - <----- statementPart
2021-11-19T10:23:49,056|[TRACE] graph - -----> statementPart
2021-11-19T10:23:49,056|[TRACE] graph - -------> quotedString
2021-11-19T10:23:49,056|[TRACE] script - #out(``created``) [token]
2021-11-19T10:23:49,056|[TRACE] graph - <------- quotedString
2021-11-19T10:23:49,056|[TRACE] graph - <----- statementPart
2021-11-19T10:23:49,056|[TRACE] graph - -----> statementPart
2021-11-19T10:23:49,056|[TRACE] graph - -------> nonSkippedSpace
2021-11-19T10:23:49,056|[TRACE] script - #out(` `) [token]
2021-11-19T10:23:49,056|[TRACE] graph - <------- nonSkippedSpace
2021-11-19T10:23:49,056|[TRACE] graph - <----- statementPart
2021-11-19T10:23:49,056|[TRACE] graph - -----> statementPart
2021-11-19T10:23:49,056|[TRACE] graph - -------> nonSkippedChar
2021-11-19T10:23:49,056|[TRACE] script - #out(`B`) [token]
2021-11-19T10:23:49,056|[TRACE] graph - <------- nonSkippedChar
2021-11-19T10:23:49,056|[TRACE] graph - <----- statementPart
2021-11-19T10:23:49,056|[TRACE] graph - -----> statementPart
2021-11-19T10:23:49,056|[TRACE] graph - -------> nonSkippedChar
2021-11-19T10:23:49,056|[TRACE] script - #out(`I`) [token]
2021-11-19T10:23:49,056|[TRACE] graph - <------- nonSkippedChar
2021-11-19T10:23:49,056|[TRACE] graph - <----- statementPart
2021-11-19T10:23:49,056|[TRACE] graph - -----> statementPart
2021-11-19T10:23:49,056|[TRACE] graph - -------> nonSkippedChar
2021-11-19T10:23:49,056|[TRACE] script - #out(`G`) [token]
2021-11-19T10:23:49,056|[TRACE] graph - <------- nonSkippedChar
2021-11-19T10:23:49,056|[TRACE] graph - <----- statementPart
2021-11-19T10:23:49,056|[TRACE] graph - -----> statementPart
2021-11-19T10:23:49,056|[TRACE] graph - -------> nonSkippedChar
2021-11-19T10:23:49,056|[TRACE] script - #out(`I`) [token]
2021-11-19T10:23:49,056|[TRACE] graph - <------- nonSkippedChar
2021-11-19T10:23:49,056|[TRACE] graph - <----- statementPart
2021-11-19T10:23:49,056|[TRACE] graph - -----> statementPart
2021-11-19T10:23:49,056|[TRACE] graph - -------> nonSkippedChar
2021-11-19T10:23:49,056|[TRACE] script - #out(`N`) [token]
2021-11-19T10:23:49,056|[TRACE] graph - <------- nonSkippedChar
2021-11-19T10:23:49,056|[TRACE] graph - <----- statementPart
2021-11-19T10:23:49,056|[TRACE] graph - -----> statementPart
2021-11-19T10:23:49,056|[TRACE] graph - -------> nonSkippedChar
2021-11-19T10:23:49,056|[TRACE] script - #out(`T`) [token]
2021-11-19T10:23:49,056|[TRACE] graph - <------- nonSkippedChar
2021-11-19T10:23:49,056|[TRACE] graph - <----- statementPart
2021-11-19T10:23:49,056|[TRACE] graph - -----> statementPart
2021-11-19T10:23:49,056|[TRACE] graph - -------> nonSkippedSpace
2021-11-19T10:23:49,056|[TRACE] script - #out(` `) [token]
2021-11-19T10:23:49,056|[TRACE] graph - <------- nonSkippedSpace
2021-11-19T10:23:49,056|[TRACE] graph - <----- statementPart
2021-11-19T10:23:49,056|[TRACE] graph - -----> statementPart
2021-11-19T10:23:49,056|[TRACE] graph - -------> nonSkippedChar
2021-11-19T10:23:49,056|[TRACE] script - #out(`N`) [token]
2021-11-19T10:23:49,056|[TRACE] graph - <------- nonSkippedChar
2021-11-19T10:23:49,056|[TRACE] graph - <----- statementPart
2021-11-19T10:23:49,056|[TRACE] graph - -----> statementPart
2021-11-19T10:23:49,056|[TRACE] graph - -------> nonSkippedChar
2021-11-19T10:23:49,056|[TRACE] script - #out(`O`) [token]
2021-11-19T10:23:49,056|[TRACE] graph - <------- nonSkippedChar
2021-11-19T10:23:49,056|[TRACE] graph - <----- statementPart
2021-11-19T10:23:49,056|[TRACE] graph - -----> statementPart
2021-11-19T10:23:49,056|[TRACE] graph - -------> nonSkippedChar
2021-11-19T10:23:49,056|[TRACE] script - #out(`T`) [token]
2021-11-19T10:23:49,056|[TRACE] graph - <------- nonSkippedChar
2021-11-19T10:23:49,056|[TRACE] graph - <----- statementPart
2021-11-19T10:23:49,056|[TRACE] graph - -----> statementPart
2021-11-19T10:23:49,056|[TRACE] graph - -------> nonSkippedSpace
2021-11-19T10:23:49,056|[TRACE] script - #out(` `) [token]
2021-11-19T10:23:49,056|[TRACE] graph - <------- nonSkippedSpace
2021-11-19T10:23:49,115|[TRACE] graph - <----- statementPart
2021-11-19T10:23:49,115|[TRACE] graph - -----> statementPart
2021-11-19T10:23:49,115|[TRACE] graph - -------> nonSkippedChar
2021-11-19T10:23:49,115|[TRACE] script - #out(`N`) [token]
2021-11-19T10:23:49,115|[TRACE] graph - <------- nonSkippedChar
2021-11-19T10:23:49,115|[TRACE] graph - <----- statementPart
2021-11-19T10:23:49,115|[TRACE] graph - -----> statementPart
2021-11-19T10:23:49,115|[TRACE] graph - -------> nonSkippedChar
2021-11-19T10:23:49,115|[TRACE] script - #out(`U`) [token]
2021-11-19T10:23:49,115|[TRACE] graph - <------- nonSkippedChar
2021-11-19T10:23:49,115|[TRACE] graph - <----- statementPart
2021-11-19T10:23:49,115|[TRACE] graph - -----> statementPart
2021-11-19T10:23:49,115|[TRACE] graph - -------> nonSkippedChar
2021-11-19T10:23:49,115|[TRACE] script - #out(`L`) [token]
2021-11-19T10:23:49,115|[TRACE] graph - <------- nonSkippedChar
2021-11-19T10:23:49,115|[TRACE] graph - <----- statementPart
2021-11-19T10:23:49,115|[TRACE] graph - -----> statementPart
2021-11-19T10:23:49,115|[TRACE] graph - -------> nonSkippedChar
2021-11-19T10:23:49,115|[TRACE] script - #out(`L`) [token]
2021-11-19T10:23:49,115|[TRACE] graph - <------- nonSkippedChar
2021-11-19T10:23:49,115|[TRACE] graph - <----- statementPart
2021-11-19T10:23:49,115|[TRACE] graph - -----> statementPart
2021-11-19T10:23:49,115|[TRACE] graph - -------> nonSkippedSpace
2021-11-19T10:23:49,115|[TRACE] script - #out(` `) [token]
2021-11-19T10:23:49,115|[TRACE] graph - <------- nonSkippedSpace
2021-11-19T10:23:49,115|[TRACE] graph - <----- statementPart
2021-11-19T10:23:49,115|[TRACE] graph - -----> statementPart
2021-11-19T10:23:49,115|[TRACE] graph - -------> nonSkippedChar
2021-11-19T10:23:49,115|[TRACE] script - #out(`D`) [token]
2021-11-19T10:23:49,115|[TRACE] graph - <------- nonSkippedChar
2021-11-19T10:23:49,115|[TRACE] graph - <----- statementPart
2021-11-19T10:23:49,115|[TRACE] graph - -----> statementPart
2021-11-19T10:23:49,115|[TRACE] graph - -------> nonSkippedChar
2021-11-19T10:23:49,115|[TRACE] script - #out(`E`) [token]
2021-11-19T10:23:49,115|[TRACE] graph - <------- nonSkippedChar
2021-11-19T10:23:49,115|[TRACE] graph - <----- statementPart
2021-11-19T10:23:49,115|[TRACE] graph - -----> statementPart
2021-11-19T10:23:49,115|[TRACE] graph - -------> nonSkippedChar
2021-11-19T10:23:49,115|[TRACE] script - #out(`F`) [token]
2021-11-19T10:23:49,115|[TRACE] graph - <------- nonSkippedChar
2021-11-19T10:23:49,115|[TRACE] graph - <----- statementPart
2021-11-19T10:23:49,115|[TRACE] graph - -----> statementPart
2021-11-19T10:23:49,115|[TRACE] graph - -------> nonSkippedChar
2021-11-19T10:23:49,115|[TRACE] script - #out(`A`) [token]
2021-11-19T10:23:49,115|[TRACE] graph - <------- nonSkippedChar
2021-11-19T10:23:49,115|[TRACE] graph - <----- statementPart
2021-11-19T10:23:49,115|[TRACE] graph - -----> statementPart
2021-11-19T10:23:49,115|[TRACE] graph - -------> nonSkippedChar
2021-11-19T10:23:49,115|[TRACE] script - #out(`U`) [token]
2021-11-19T10:23:49,115|[TRACE] graph - <------- nonSkippedChar
2021-11-19T10:23:49,115|[TRACE] graph - <----- statementPart
2021-11-19T10:23:49,115|[TRACE] graph - -----> statementPart
2021-11-19T10:23:49,115|[TRACE] graph - -------> nonSkippedChar
2021-11-19T10:23:49,115|[TRACE] script - #out(`L`) [token]
2021-11-19T10:23:49,115|[TRACE] graph - <------- nonSkippedChar
2021-11-19T10:23:49,115|[TRACE] graph - <----- statementPart
2021-11-19T10:23:49,115|[TRACE] graph - -----> statementPart
2021-11-19T10:23:49,115|[TRACE] graph - -------> nonSkippedChar
2021-11-19T10:23:49,115|[TRACE] script - #out(`T`) [token]
2021-11-19T10:23:49,115|[TRACE] graph - <------- nonSkippedChar
2021-11-19T10:23:49,115|[TRACE] graph - <----- statementPart
2021-11-19T10:23:49,115|[TRACE] graph - -----> statementPart
2021-11-19T10:23:49,115|[TRACE] graph - -------> nonSkippedSpace
2021-11-19T10:23:49,115|[TRACE] script - #out(` `) [token]
2021-11-19T10:23:49,115|[TRACE] graph - <------- nonSkippedSpace
2021-11-19T10:23:49,115|[TRACE] graph - <----- statementPart
2021-11-19T10:23:49,115|[TRACE] graph - -----> statementPart
2021-11-19T10:23:49,115|[TRACE] graph - -------> nonSkippedChar
2021-11-19T10:23:49,115|[TRACE] script - #out(`(`) [token]
2021-11-19T10:23:49,115|[TRACE] graph - <------- nonSkippedChar
2021-11-19T10:23:49,115|[TRACE] graph - <----- statementPart
2021-11-19T10:23:49,115|[TRACE] graph - -----> statementPart
2021-11-19T10:23:49,116|[TRACE] graph - -------> nonSkippedChar
2021-11-19T10:23:49,116|[TRACE] script - #out(`u`) [token]
2021-11-19T10:23:49,116|[TRACE] graph - <------- nonSkippedChar
2021-11-19T10:23:49,116|[TRACE] graph - <----- statementPart
2021-11-19T10:23:49,116|[TRACE] graph - -----> statementPart
2021-11-19T10:23:49,116|[TRACE] graph - -------> nonSkippedChar
2021-11-19T10:23:49,116|[TRACE] script - #out(`n`) [token]
2021-11-19T10:23:49,116|[TRACE] graph - <------- nonSkippedChar
2021-11-19T10:23:49,116|[TRACE] graph - <----- statementPart
2021-11-19T10:23:49,116|[TRACE] graph - -----> statementPart
2021-11-19T10:23:49,116|[TRACE] graph - -------> nonSkippedChar
2021-11-19T10:23:49,116|[TRACE] script - #out(`i`) [token]
2021-11-19T10:23:49,116|[TRACE] graph - <------- nonSkippedChar
2021-11-19T10:23:49,116|[TRACE] graph - <----- statementPart
2021-11-19T10:23:49,116|[TRACE] graph - -----> statementPart
2021-11-19T10:23:49,116|[TRACE] graph - -------> nonSkippedChar
2021-11-19T10:23:49,116|[TRACE] script - #out(`x`) [token]
2021-11-19T10:23:49,116|[TRACE] graph - <------- nonSkippedChar
2021-11-19T10:23:49,116|[TRACE] graph - <----- statementPart
2021-11-19T10:23:49,116|[TRACE] graph - -----> statementPart
2021-11-19T10:23:49,116|[TRACE] graph - -------> nonSkippedChar
2021-11-19T10:23:49,116|[TRACE] script - #out(`_`) [token]
2021-11-19T10:23:49,116|[TRACE] graph - <------- nonSkippedChar
2021-11-19T10:23:49,116|[TRACE] graph - <----- statementPart
2021-11-19T10:23:49,116|[TRACE] graph - -----> statementPart
2021-11-19T10:23:49,116|[TRACE] graph - -------> nonSkippedChar
2021-11-19T10:23:49,116|[TRACE] script - #out(`t`) [token]
2021-11-19T10:23:49,116|[TRACE] graph - <------- nonSkippedChar
2021-11-19T10:23:49,116|[TRACE] graph - <----- statementPart
2021-11-19T10:23:49,116|[TRACE] graph - -----> statementPart
2021-11-19T10:23:49,116|[TRACE] graph - -------> nonSkippedChar
2021-11-19T10:23:49,116|[TRACE] script - #out(`i`) [token]
2021-11-19T10:23:49,116|[TRACE] graph - <------- nonSkippedChar
2021-11-19T10:23:49,116|[TRACE] graph - <----- statementPart
2021-11-19T10:23:49,116|[TRACE] graph - -----> statementPart
2021-11-19T10:23:49,116|[TRACE] graph - -------> nonSkippedChar
2021-11-19T10:23:49,116|[TRACE] script - #out(`m`) [token]
2021-11-19T10:23:49,116|[TRACE] graph - <------- nonSkippedChar
2021-11-19T10:23:49,116|[TRACE] graph - <----- statementPart
2021-11-19T10:23:49,116|[TRACE] graph - -----> statementPart
2021-11-19T10:23:49,116|[TRACE] graph - -------> nonSkippedChar
2021-11-19T10:23:49,116|[TRACE] script - #out(`e`) [token]
2021-11-19T10:23:49,116|[TRACE] graph - <------- nonSkippedChar
2021-11-19T10:23:49,116|[TRACE] graph - <----- statementPart
2021-11-19T10:23:49,116|[TRACE] graph - -----> statementPart
2021-11-19T10:23:49,116|[TRACE] graph - -------> nonSkippedChar
2021-11-19T10:23:49,116|[TRACE] script - #out(`s`) [token]
2021-11-19T10:23:49,116|[TRACE] graph - <------- nonSkippedChar
2021-11-19T10:23:49,116|[TRACE] graph - <----- statementPart
2021-11-19T10:23:49,116|[TRACE] graph - -----> statementPart
2021-11-19T10:23:49,116|[TRACE] graph - -------> nonSkippedChar
2021-11-19T10:23:49,116|[TRACE] script - #out(`t`) [token]
2021-11-19T10:23:49,116|[TRACE] graph - <------- nonSkippedChar
2021-11-19T10:23:49,116|[TRACE] graph - <----- statementPart
2021-11-19T10:23:49,116|[TRACE] graph - -----> statementPart
2021-11-19T10:23:49,116|[TRACE] graph - -------> nonSkippedChar
2021-11-19T10:23:49,116|[TRACE] script - #out(`a`) [token]
2021-11-19T10:23:49,116|[TRACE] graph - <------- nonSkippedChar
2021-11-19T10:23:49,116|[TRACE] graph - <----- statementPart
2021-11-19T10:23:49,116|[TRACE] graph - -----> statementPart
2021-11-19T10:23:49,116|[TRACE] graph - -------> nonSkippedChar
2021-11-19T10:23:49,116|[TRACE] script - #out(`m`) [token]
2021-11-19T10:23:49,116|[TRACE] graph - <------- nonSkippedChar
2021-11-19T10:23:49,116|[TRACE] graph - <----- statementPart
2021-11-19T10:23:49,116|[TRACE] graph - -----> statementPart
2021-11-19T10:23:49,116|[TRACE] graph - -------> nonSkippedChar
2021-11-19T10:23:49,116|[TRACE] script - #out(`p`) [token]
2021-11-19T10:23:49,116|[TRACE] graph - <------- nonSkippedChar
2021-11-19T10:23:49,116|[TRACE] graph - <----- statementPart
2021-11-19T10:23:49,116|[TRACE] graph - -----> statementPart
2021-11-19T10:23:49,116|[TRACE] graph - -------> nonSkippedChar
2021-11-19T10:23:49,116|[TRACE] script - #out(`(`) [token]
2021-11-19T10:23:49,116|[TRACE] graph - <------- nonSkippedChar
2021-11-19T10:23:49,116|[TRACE] graph - <----- statementPart
2021-11-19T10:23:49,116|[TRACE] graph - -----> statementPart
2021-11-19T10:23:49,116|[TRACE] graph - -------> nonSkippedChar
2021-11-19T10:23:49,116|[TRACE] script - #out(`n`) [token]
2021-11-19T10:23:49,116|[TRACE] graph - <------- nonSkippedChar
2021-11-19T10:23:49,116|[TRACE] graph - <----- statementPart
2021-11-19T10:23:49,116|[TRACE] graph - -----> statementPart
2021-11-19T10:23:49,116|[TRACE] graph - -------> nonSkippedChar
2021-11-19T10:23:49,116|[TRACE] script - #out(`o`) [token]
2021-11-19T10:23:49,116|[TRACE] graph - <------- nonSkippedChar
2021-11-19T10:23:49,116|[TRACE] graph - <----- statementPart
2021-11-19T10:23:49,116|[TRACE] graph - -----> statementPart
2021-11-19T10:23:49,116|[TRACE] graph - -------> nonSkippedChar
2021-11-19T10:23:49,116|[TRACE] script - #out(`w`) [token]
2021-11-19T10:23:49,116|[TRACE] graph - <------- nonSkippedChar
2021-11-19T10:23:49,116|[TRACE] graph - <----- statementPart
2021-11-19T10:23:49,116|[TRACE] graph - -----> statementPart
2021-11-19T10:23:49,116|[TRACE] graph - -------> nonSkippedChar
2021-11-19T10:23:49,116|[TRACE] script - #out(`(`) [token]
2021-11-19T10:23:49,116|[TRACE] graph - <------- nonSkippedChar
2021-11-19T10:23:49,116|[TRACE] graph - <----- statementPart
2021-11-19T10:23:49,116|[TRACE] graph - -----> statementPart
2021-11-19T10:23:49,116|[TRACE] graph - -------> nonSkippedChar
2021-11-19T10:23:49,116|[TRACE] script - #out(`)`) [token]
2021-11-19T10:23:49,116|[TRACE] graph - <------- nonSkippedChar
2021-11-19T10:23:49,116|[TRACE] graph - <----- statementPart
2021-11-19T10:23:49,116|[TRACE] graph - -----> statementPart
2021-11-19T10:23:49,116|[TRACE] graph - -------> nonSkippedChar
2021-11-19T10:23:49,116|[TRACE] script - #out(`)`) [token]
2021-11-19T10:23:49,116|[TRACE] graph - <------- nonSkippedChar
2021-11-19T10:23:49,116|[TRACE] graph - <----- statementPart
2021-11-19T10:23:49,116|[TRACE] graph - -----> statementPart
2021-11-19T10:23:49,116|[TRACE] graph - -------> nonSkippedSpace
2021-11-19T10:23:49,116|[TRACE] script - #out(` `) [token]
2021-11-19T10:23:49,116|[TRACE] graph - <------- nonSkippedSpace
2021-11-19T10:23:49,116|[TRACE] graph - <----- statementPart
2021-11-19T10:23:49,116|[TRACE] graph - -----> statementPart
2021-11-19T10:23:49,116|[TRACE] graph - -------> nonSkippedChar
2021-11-19T10:23:49,116|[TRACE] script - #out(`*`) [token]
2021-11-19T10:23:49,116|[TRACE] graph - <------- nonSkippedChar
2021-11-19T10:23:49,116|[TRACE] graph - <----- statementPart
2021-11-19T10:23:49,116|[TRACE] graph - -----> statementPart
2021-11-19T10:23:49,116|[TRACE] graph - -------> nonSkippedSpace
2021-11-19T10:23:49,116|[TRACE] script - #out(` `) [token]
2021-11-19T10:23:49,116|[TRACE] graph - <------- nonSkippedSpace
2021-11-19T10:23:49,116|[TRACE] graph - <----- statementPart
2021-11-19T10:23:49,116|[TRACE] graph - -----> statementPart
2021-11-19T10:23:49,116|[TRACE] graph - -------> nonSkippedChar
2021-11-19T10:23:49,116|[TRACE] script - #out(`1`) [token]
2021-11-19T10:23:49,116|[TRACE] graph - <------- nonSkippedChar
2021-11-19T10:23:49,116|[TRACE] graph - <----- statementPart
2021-11-19T10:23:49,116|[TRACE] graph - -----> statementPart
2021-11-19T10:23:49,116|[TRACE] graph - -------> nonSkippedChar
2021-11-19T10:23:49,116|[TRACE] script - #out(`0`) [token]
2021-11-19T10:23:49,116|[TRACE] graph - <------- nonSkippedChar
2021-11-19T10:23:49,116|[TRACE] graph - <----- statementPart
2021-11-19T10:23:49,116|[TRACE] graph - -----> statementPart
2021-11-19T10:23:49,116|[TRACE] graph - -------> nonSkippedChar
2021-11-19T10:23:49,116|[TRACE] script - #out(`0`) [token]
2021-11-19T10:23:49,116|[TRACE] graph - <------- nonSkippedChar
2021-11-19T10:23:49,116|[TRACE] graph - <----- statementPart
2021-11-19T10:23:49,116|[TRACE] graph - -----> statementPart
2021-11-19T10:23:49,116|[TRACE] graph - -------> nonSkippedChar
2021-11-19T10:23:49,116|[TRACE] script - #out(`0`) [token]
2021-11-19T10:23:49,116|[TRACE] graph - <------- nonSkippedChar
2021-11-19T10:23:49,116|[TRACE] graph - <----- statementPart
2021-11-19T10:23:49,116|[TRACE] graph - -----> statementPart
2021-11-19T10:23:49,116|[TRACE] graph - -------> nonSkippedChar
2021-11-19T10:23:49,116|[TRACE] script - #out(`)`) [token]
2021-11-19T10:23:49,116|[TRACE] graph - <------- nonSkippedChar
2021-11-19T10:23:49,116|[TRACE] graph - <----- statementPart
2021-11-19T10:23:49,116|[TRACE] graph - -----> statementPart
2021-11-19T10:23:49,116|[TRACE] graph - -------> nonSkippedChar
2021-11-19T10:23:49,116|[TRACE] script - #out(`,`) [token]
2021-11-19T10:23:49,116|[TRACE] graph - <------- nonSkippedChar
2021-11-19T10:23:49,116|[TRACE] graph - <----- statementPart
2021-11-19T10:23:49,116|[TRACE] graph - -----> afterStatementPartNewline
2021-11-19T10:23:49,116|[TRACE] script - #out(` `) [text]
2021-11-19T10:23:49,116|[TRACE] graph - <----- afterStatementPartNewline
2021-11-19T10:23:49,116|[TRACE] graph - -----> statementPart
2021-11-19T10:23:49,116|[TRACE] graph - -------> nonSkippedSpace
2021-11-19T10:23:49,116|[TRACE] script - #out(` `) [token]
2021-11-19T10:23:49,116|[TRACE] graph - <------- nonSkippedSpace
2021-11-19T10:23:49,116|[TRACE] graph - <----- statementPart
2021-11-19T10:23:49,116|[TRACE] graph - -----> statementPart
2021-11-19T10:23:49,116|[TRACE] graph - -------> nonSkippedSpace
2021-11-19T10:23:49,116|[TRACE] script - #out(` `) [token]
2021-11-19T10:23:49,116|[TRACE] graph - <------- nonSkippedSpace
2021-11-19T10:23:49,116|[TRACE] graph - <----- statementPart
2021-11-19T10:23:49,116|[TRACE] graph - -----> statementPart
2021-11-19T10:23:49,116|[TRACE] graph - -------> quotedString
2021-11-19T10:23:49,116|[TRACE] script - #out(``updated``) [token]
2021-11-19T10:23:49,116|[TRACE] graph - <------- quotedString
2021-11-19T10:23:49,116|[TRACE] graph - <----- statementPart
2021-11-19T10:23:49,116|[TRACE] graph - -----> statementPart
2021-11-19T10:23:49,116|[TRACE] graph - -------> nonSkippedSpace
2021-11-19T10:23:49,116|[TRACE] script - #out(` `) [token]
2021-11-19T10:23:49,116|[TRACE] graph - <------- nonSkippedSpace
2021-11-19T10:23:49,116|[TRACE] graph - <----- statementPart
2021-11-19T10:23:49,116|[TRACE] graph - -----> statementPart
2021-11-19T10:23:49,116|[TRACE] graph - -------> nonSkippedChar
2021-11-19T10:23:49,116|[TRACE] script - #out(`B`) [token]
2021-11-19T10:23:49,116|[TRACE] graph - <------- nonSkippedChar
2021-11-19T10:23:49,116|[TRACE] graph - <----- statementPart
2021-11-19T10:23:49,116|[TRACE] graph - -----> statementPart
2021-11-19T10:23:49,116|[TRACE] graph - -------> nonSkippedChar
2021-11-19T10:23:49,116|[TRACE] script - #out(`I`) [token]
2021-11-19T10:23:49,116|[TRACE] graph - <------- nonSkippedChar
2021-11-19T10:23:49,116|[TRACE] graph - <----- statementPart
2021-11-19T10:23:49,116|[TRACE] graph - -----> statementPart
2021-11-19T10:23:49,116|[TRACE] graph - -------> nonSkippedChar
2021-11-19T10:23:49,116|[TRACE] script - #out(`G`) [token]
2021-11-19T10:23:49,116|[TRACE] graph - <------- nonSkippedChar
2021-11-19T10:23:49,116|[TRACE] graph - <----- statementPart
2021-11-19T10:23:49,116|[TRACE] graph - -----> statementPart
2021-11-19T10:23:49,116|[TRACE] graph - -------> nonSkippedChar
2021-11-19T10:23:49,116|[TRACE] script - #out(`I`) [token]
2021-11-19T10:23:49,116|[TRACE] graph - <------- nonSkippedChar
2021-11-19T10:23:49,116|[TRACE] graph - <----- statementPart
2021-11-19T10:23:49,116|[TRACE] graph - -----> statementPart
2021-11-19T10:23:49,116|[TRACE] graph - -------> nonSkippedChar
2021-11-19T10:23:49,116|[TRACE] script - #out(`N`) [token]
2021-11-19T10:23:49,116|[TRACE] graph - <------- nonSkippedChar
2021-11-19T10:23:49,116|[TRACE] graph - <----- statementPart
2021-11-19T10:23:49,116|[TRACE] graph - -----> statementPart
2021-11-19T10:23:49,116|[TRACE] graph - -------> nonSkippedChar
2021-11-19T10:23:49,116|[TRACE] script - #out(`T`) [token]
2021-11-19T10:23:49,116|[TRACE] graph - <------- nonSkippedChar
2021-11-19T10:23:49,116|[TRACE] graph - <----- statementPart
2021-11-19T10:23:49,116|[TRACE] graph - -----> statementPart
2021-11-19T10:23:49,116|[TRACE] graph - -------> nonSkippedSpace
2021-11-19T10:23:49,116|[TRACE] script - #out(` `) [token]
2021-11-19T10:23:49,116|[TRACE] graph - <------- nonSkippedSpace
2021-11-19T10:23:49,116|[TRACE] graph - <----- statementPart
2021-11-19T10:23:49,116|[TRACE] graph - -----> statementPart
2021-11-19T10:23:49,116|[TRACE] graph - -------> nonSkippedChar
2021-11-19T10:23:49,116|[TRACE] script - #out(`N`) [token]
2021-11-19T10:23:49,116|[TRACE] graph - <------- nonSkippedChar
2021-11-19T10:23:49,116|[TRACE] graph - <----- statementPart
2021-11-19T10:23:49,116|[TRACE] graph - -----> statementPart
2021-11-19T10:23:49,116|[TRACE] graph - -------> nonSkippedChar
2021-11-19T10:23:49,116|[TRACE] script - #out(`O`) [token]
2021-11-19T10:23:49,116|[TRACE] graph - <------- nonSkippedChar
2021-11-19T10:23:49,116|[TRACE] graph - <----- statementPart
2021-11-19T10:23:49,116|[TRACE] graph - -----> statementPart
2021-11-19T10:23:49,116|[TRACE] graph - -------> nonSkippedChar
2021-11-19T10:23:49,116|[TRACE] script - #out(`T`) [token]
2021-11-19T10:23:49,116|[TRACE] graph - <------- nonSkippedChar
2021-11-19T10:23:49,116|[TRACE] graph - <----- statementPart
2021-11-19T10:23:49,116|[TRACE] graph - -----> statementPart
2021-11-19T10:23:49,116|[TRACE] graph - -------> nonSkippedSpace
2021-11-19T10:23:49,116|[TRACE] script - #out(` `) [token]
2021-11-19T10:23:49,116|[TRACE] graph - <------- nonSkippedSpace
2021-11-19T10:23:49,116|[TRACE] graph - <----- statementPart
2021-11-19T10:23:49,116|[TRACE] graph - -----> statementPart
2021-11-19T10:23:49,116|[TRACE] graph - -------> nonSkippedChar
2021-11-19T10:23:49,116|[TRACE] script - #out(`N`) [token]
2021-11-19T10:23:49,116|[TRACE] graph - <------- nonSkippedChar
2021-11-19T10:23:49,116|[TRACE] graph - <----- statementPart
2021-11-19T10:23:49,116|[TRACE] graph - -----> statementPart
2021-11-19T10:23:49,116|[TRACE] graph - -------> nonSkippedChar
2021-11-19T10:23:49,116|[TRACE] script - #out(`U`) [token]
2021-11-19T10:23:49,116|[TRACE] graph - <------- nonSkippedChar
2021-11-19T10:23:49,116|[TRACE] graph - <----- statementPart
2021-11-19T10:23:49,116|[TRACE] graph - -----> statementPart
2021-11-19T10:23:49,116|[TRACE] graph - -------> nonSkippedChar
2021-11-19T10:23:49,116|[TRACE] script - #out(`L`) [token]
2021-11-19T10:23:49,116|[TRACE] graph - <------- nonSkippedChar
2021-11-19T10:23:49,116|[TRACE] graph - <----- statementPart
2021-11-19T10:23:49,116|[TRACE] graph - -----> statementPart
2021-11-19T10:23:49,116|[TRACE] graph - -------> nonSkippedChar
2021-11-19T10:23:49,116|[TRACE] script - #out(`L`) [token]
2021-11-19T10:23:49,116|[TRACE] graph - <------- nonSkippedChar
2021-11-19T10:23:49,116|[TRACE] graph - <----- statementPart
2021-11-19T10:23:49,116|[TRACE] graph - -----> statementPart
2021-11-19T10:23:49,116|[TRACE] graph - -------> nonSkippedSpace
2021-11-19T10:23:49,116|[TRACE] script - #out(` `) [token]
2021-11-19T10:23:49,116|[TRACE] graph - <------- nonSkippedSpace
2021-11-19T10:23:49,116|[TRACE] graph - <----- statementPart
2021-11-19T10:23:49,116|[TRACE] graph - -----> statementPart
2021-11-19T10:23:49,116|[TRACE] graph - -------> nonSkippedChar
2021-11-19T10:23:49,116|[TRACE] script - #out(`D`) [token]
2021-11-19T10:23:49,116|[TRACE] graph - <------- nonSkippedChar
2021-11-19T10:23:49,116|[TRACE] graph - <----- statementPart
2021-11-19T10:23:49,116|[TRACE] graph - -----> statementPart
2021-11-19T10:23:49,116|[TRACE] graph - -------> nonSkippedChar
2021-11-19T10:23:49,116|[TRACE] script - #out(`E`) [token]
2021-11-19T10:23:49,116|[TRACE] graph - <------- nonSkippedChar
2021-11-19T10:23:49,116|[TRACE] graph - <----- statementPart
2021-11-19T10:23:49,116|[TRACE] graph - -----> statementPart
2021-11-19T10:23:49,116|[TRACE] graph - -------> nonSkippedChar
2021-11-19T10:23:49,116|[TRACE] script - #out(`F`) [token]
2021-11-19T10:23:49,116|[TRACE] graph - <------- nonSkippedChar
2021-11-19T10:23:49,116|[TRACE] graph - <----- statementPart
2021-11-19T10:23:49,116|[TRACE] graph - -----> statementPart
2021-11-19T10:23:49,116|[TRACE] graph - -------> nonSkippedChar
2021-11-19T10:23:49,116|[TRACE] script - #out(`A`) [token]
2021-11-19T10:23:49,116|[TRACE] graph - <------- nonSkippedChar
2021-11-19T10:23:49,116|[TRACE] graph - <----- statementPart
2021-11-19T10:23:49,116|[TRACE] graph - -----> statementPart
2021-11-19T10:23:49,116|[TRACE] graph - -------> nonSkippedChar
2021-11-19T10:23:49,116|[TRACE] script - #out(`U`) [token]
2021-11-19T10:23:49,116|[TRACE] graph - <------- nonSkippedChar
2021-11-19T10:23:49,116|[TRACE] graph - <----- statementPart
2021-11-19T10:23:49,116|[TRACE] graph - -----> statementPart
2021-11-19T10:23:49,116|[TRACE] graph - -------> nonSkippedChar
2021-11-19T10:23:49,116|[TRACE] script - #out(`L`) [token]
2021-11-19T10:23:49,116|[TRACE] graph - <------- nonSkippedChar
2021-11-19T10:23:49,116|[TRACE] graph - <----- statementPart
2021-11-19T10:23:49,116|[TRACE] graph - -----> statementPart
2021-11-19T10:23:49,116|[TRACE] graph - -------> nonSkippedChar
2021-11-19T10:23:49,116|[TRACE] script - #out(`T`) [token]
2021-11-19T10:23:49,116|[TRACE] graph - <------- nonSkippedChar
2021-11-19T10:23:49,116|[TRACE] graph - <----- statementPart
2021-11-19T10:23:49,116|[TRACE] graph - -----> statementPart
2021-11-19T10:23:49,116|[TRACE] graph - -------> nonSkippedSpace
2021-11-19T10:23:49,116|[TRACE] script - #out(` `) [token]
2021-11-19T10:23:49,116|[TRACE] graph - <------- nonSkippedSpace
2021-11-19T10:23:49,116|[TRACE] graph - <----- statementPart
2021-11-19T10:23:49,116|[TRACE] graph - -----> statementPart
2021-11-19T10:23:49,116|[TRACE] graph - -------> nonSkippedChar
2021-11-19T10:23:49,117|[TRACE] script - #out(`(`) [token]
2021-11-19T10:23:49,117|[TRACE] graph - <------- nonSkippedChar
2021-11-19T10:23:49,117|[TRACE] graph - <----- statementPart
2021-11-19T10:23:49,117|[TRACE] graph - -----> statementPart
2021-11-19T10:23:49,117|[TRACE] graph - -------> nonSkippedChar
2021-11-19T10:23:49,117|[TRACE] script - #out(`u`) [token]
2021-11-19T10:23:49,117|[TRACE] graph - <------- nonSkippedChar
2021-11-19T10:23:49,117|[TRACE] graph - <----- statementPart
2021-11-19T10:23:49,117|[TRACE] graph - -----> statementPart
2021-11-19T10:23:49,117|[TRACE] graph - -------> nonSkippedChar
2021-11-19T10:23:49,117|[TRACE] script - #out(`n`) [token]
2021-11-19T10:23:49,117|[TRACE] graph - <------- nonSkippedChar
2021-11-19T10:23:49,117|[TRACE] graph - <----- statementPart
2021-11-19T10:23:49,117|[TRACE] graph - -----> statementPart
2021-11-19T10:23:49,117|[TRACE] graph - -------> nonSkippedChar
2021-11-19T10:23:49,117|[TRACE] script - #out(`i`) [token]
2021-11-19T10:23:49,117|[TRACE] graph - <------- nonSkippedChar
2021-11-19T10:23:49,117|[TRACE] graph - <----- statementPart
2021-11-19T10:23:49,117|[TRACE] graph - -----> statementPart
2021-11-19T10:23:49,117|[TRACE] graph - -------> nonSkippedChar
2021-11-19T10:23:49,117|[TRACE] script - #out(`x`) [token]
2021-11-19T10:23:49,117|[TRACE] graph - <------- nonSkippedChar
2021-11-19T10:23:49,117|[TRACE] graph - <----- statementPart
2021-11-19T10:23:49,117|[TRACE] graph - -----> statementPart
2021-11-19T10:23:49,117|[TRACE] graph - -------> nonSkippedChar
2021-11-19T10:23:49,117|[TRACE] script - #out(`_`) [token]
2021-11-19T10:23:49,117|[TRACE] graph - <------- nonSkippedChar
2021-11-19T10:23:49,117|[TRACE] graph - <----- statementPart
2021-11-19T10:23:49,117|[TRACE] graph - -----> statementPart
2021-11-19T10:23:49,117|[TRACE] graph - -------> nonSkippedChar
2021-11-19T10:23:49,117|[TRACE] script - #out(`t`) [token]
2021-11-19T10:23:49,117|[TRACE] graph - <------- nonSkippedChar
2021-11-19T10:23:49,117|[TRACE] graph - <----- statementPart
2021-11-19T10:23:49,117|[TRACE] graph - -----> statementPart
2021-11-19T10:23:49,117|[TRACE] graph - -------> nonSkippedChar
2021-11-19T10:23:49,117|[TRACE] script - #out(`i`) [token]
2021-11-19T10:23:49,117|[TRACE] graph - <------- nonSkippedChar
2021-11-19T10:23:49,117|[TRACE] graph - <----- statementPart
2021-11-19T10:23:49,117|[TRACE] graph - -----> statementPart
2021-11-19T10:23:49,117|[TRACE] graph - -------> nonSkippedChar
2021-11-19T10:23:49,117|[TRACE] script - #out(`m`) [token]
2021-11-19T10:23:49,117|[TRACE] graph - <------- nonSkippedChar
2021-11-19T10:23:49,117|[TRACE] graph - <----- statementPart
2021-11-19T10:23:49,117|[TRACE] graph - -----> statementPart
2021-11-19T10:23:49,117|[TRACE] graph - -------> nonSkippedChar
2021-11-19T10:23:49,117|[TRACE] script - #out(`e`) [token]
2021-11-19T10:23:49,117|[TRACE] graph - <------- nonSkippedChar
2021-11-19T10:23:49,117|[TRACE] graph - <----- statementPart
2021-11-19T10:23:49,117|[TRACE] graph - -----> statementPart
2021-11-19T10:23:49,117|[TRACE] graph - -------> nonSkippedChar
2021-11-19T10:23:49,117|[TRACE] script - #out(`s`) [token]
2021-11-19T10:23:49,117|[TRACE] graph - <------- nonSkippedChar
2021-11-19T10:23:49,117|[TRACE] graph - <----- statementPart
2021-11-19T10:23:49,117|[TRACE] graph - -----> statementPart
2021-11-19T10:23:49,117|[TRACE] graph - -------> nonSkippedChar
2021-11-19T10:23:49,117|[TRACE] script - #out(`t`) [token]
2021-11-19T10:23:49,117|[TRACE] graph - <------- nonSkippedChar
2021-11-19T10:23:49,117|[TRACE] graph - <----- statementPart
2021-11-19T10:23:49,117|[TRACE] graph - -----> statementPart
2021-11-19T10:23:49,117|[TRACE] graph - -------> nonSkippedChar
2021-11-19T10:23:49,117|[TRACE] script - #out(`a`) [token]
2021-11-19T10:23:49,117|[TRACE] graph - <------- nonSkippedChar
2021-11-19T10:23:49,117|[TRACE] graph - <----- statementPart
2021-11-19T10:23:49,117|[TRACE] graph - -----> statementPart
2021-11-19T10:23:49,117|[TRACE] graph - -------> nonSkippedChar
2021-11-19T10:23:49,117|[TRACE] script - #out(`m`) [token]
2021-11-19T10:23:49,117|[TRACE] graph - <------- nonSkippedChar
2021-11-19T10:23:49,117|[TRACE] graph - <----- statementPart
2021-11-19T10:23:49,117|[TRACE] graph - -----> statementPart
2021-11-19T10:23:49,117|[TRACE] graph - -------> nonSkippedChar
2021-11-19T10:23:49,117|[TRACE] script - #out(`p`) [token]
2021-11-19T10:23:49,117|[TRACE] graph - <------- nonSkippedChar
2021-11-19T10:23:49,117|[TRACE] graph - <----- statementPart
2021-11-19T10:23:49,117|[TRACE] graph - -----> statementPart
2021-11-19T10:23:49,117|[TRACE] graph - -------> nonSkippedChar
2021-11-19T10:23:49,117|[TRACE] script - #out(`(`) [token]
2021-11-19T10:23:49,117|[TRACE] graph - <------- nonSkippedChar
2021-11-19T10:23:49,117|[TRACE] graph - <----- statementPart
2021-11-19T10:23:49,117|[TRACE] graph - -----> statementPart
2021-11-19T10:23:49,117|[TRACE] graph - -------> nonSkippedChar
2021-11-19T10:23:49,117|[TRACE] script - #out(`n`) [token]
2021-11-19T10:23:49,117|[TRACE] graph - <------- nonSkippedChar
2021-11-19T10:23:49,117|[TRACE] graph - <----- statementPart
2021-11-19T10:23:49,117|[TRACE] graph - -----> statementPart
2021-11-19T10:23:49,117|[TRACE] graph - -------> nonSkippedChar
2021-11-19T10:23:49,117|[TRACE] script - #out(`o`) [token]
2021-11-19T10:23:49,117|[TRACE] graph - <------- nonSkippedChar
2021-11-19T10:23:49,117|[TRACE] graph - <----- statementPart
2021-11-19T10:23:49,117|[TRACE] graph - -----> statementPart
2021-11-19T10:23:49,117|[TRACE] graph - -------> nonSkippedChar
2021-11-19T10:23:49,117|[TRACE] script - #out(`w`) [token]
2021-11-19T10:23:49,117|[TRACE] graph - <------- nonSkippedChar
2021-11-19T10:23:49,117|[TRACE] graph - <----- statementPart
2021-11-19T10:23:49,117|[TRACE] graph - -----> statementPart
2021-11-19T10:23:49,117|[TRACE] graph - -------> nonSkippedChar
2021-11-19T10:23:49,117|[TRACE] script - #out(`(`) [token]
2021-11-19T10:23:49,117|[TRACE] graph - <------- nonSkippedChar
2021-11-19T10:23:49,117|[TRACE] graph - <----- statementPart
2021-11-19T10:23:49,117|[TRACE] graph - -----> statementPart
2021-11-19T10:23:49,174|[TRACE] graph - -------> nonSkippedChar
2021-11-19T10:23:49,174|[TRACE] script - #out(`)`) [token]
2021-11-19T10:23:49,174|[TRACE] graph - <------- nonSkippedChar
2021-11-19T10:23:49,174|[TRACE] graph - <----- statementPart
2021-11-19T10:23:49,174|[TRACE] graph - -----> statementPart
2021-11-19T10:23:49,174|[TRACE] graph - -------> nonSkippedChar
2021-11-19T10:23:49,174|[TRACE] script - #out(`)`) [token]
2021-11-19T10:23:49,174|[TRACE] graph - <------- nonSkippedChar
2021-11-19T10:23:49,174|[TRACE] graph - <----- statementPart
2021-11-19T10:23:49,174|[TRACE] graph - -----> statementPart
2021-11-19T10:23:49,174|[TRACE] graph - -------> nonSkippedSpace
2021-11-19T10:23:49,174|[TRACE] script - #out(` `) [token]
2021-11-19T10:23:49,174|[TRACE] graph - <------- nonSkippedSpace
2021-11-19T10:23:49,174|[TRACE] graph - <----- statementPart
2021-11-19T10:23:49,174|[TRACE] graph - -----> statementPart
2021-11-19T10:23:49,174|[TRACE] graph - -------> nonSkippedChar
2021-11-19T10:23:49,174|[TRACE] script - #out(`*`) [token]
2021-11-19T10:23:49,174|[TRACE] graph - <------- nonSkippedChar
2021-11-19T10:23:49,174|[TRACE] graph - <----- statementPart
2021-11-19T10:23:49,174|[TRACE] graph - -----> statementPart
2021-11-19T10:23:49,174|[TRACE] graph - -------> nonSkippedSpace
2021-11-19T10:23:49,174|[TRACE] script - #out(` `) [token]
2021-11-19T10:23:49,174|[TRACE] graph - <------- nonSkippedSpace
2021-11-19T10:23:49,174|[TRACE] graph - <----- statementPart
2021-11-19T10:23:49,174|[TRACE] graph - -----> statementPart
2021-11-19T10:23:49,174|[TRACE] graph - -------> nonSkippedChar
2021-11-19T10:23:49,174|[TRACE] script - #out(`1`) [token]
2021-11-19T10:23:49,174|[TRACE] graph - <------- nonSkippedChar
2021-11-19T10:23:49,174|[TRACE] graph - <----- statementPart
2021-11-19T10:23:49,174|[TRACE] graph - -----> statementPart
2021-11-19T10:23:49,174|[TRACE] graph - -------> nonSkippedChar
2021-11-19T10:23:49,174|[TRACE] script - #out(`0`) [token]
2021-11-19T10:23:49,174|[TRACE] graph - <------- nonSkippedChar
2021-11-19T10:23:49,174|[TRACE] graph - <----- statementPart
2021-11-19T10:23:49,174|[TRACE] graph - -----> statementPart
2021-11-19T10:23:49,174|[TRACE] graph - -------> nonSkippedChar
2021-11-19T10:23:49,174|[TRACE] script - #out(`0`) [token]
2021-11-19T10:23:49,174|[TRACE] graph - <------- nonSkippedChar
2021-11-19T10:23:49,174|[TRACE] graph - <----- statementPart
2021-11-19T10:23:49,174|[TRACE] graph - -----> statementPart
2021-11-19T10:23:49,174|[TRACE] graph - -------> nonSkippedChar
2021-11-19T10:23:49,174|[TRACE] script - #out(`0`) [token]
2021-11-19T10:23:49,174|[TRACE] graph - <------- nonSkippedChar
2021-11-19T10:23:49,174|[TRACE] graph - <----- statementPart
2021-11-19T10:23:49,174|[TRACE] graph - -----> statementPart
2021-11-19T10:23:49,174|[TRACE] graph - -------> nonSkippedChar
2021-11-19T10:23:49,174|[TRACE] script - #out(`)`) [token]
2021-11-19T10:23:49,174|[TRACE] graph - <------- nonSkippedChar
2021-11-19T10:23:49,174|[TRACE] graph - <----- statementPart
2021-11-19T10:23:49,174|[TRACE] graph - -----> statementPart
2021-11-19T10:23:49,174|[TRACE] graph - -------> nonSkippedChar
2021-11-19T10:23:49,174|[TRACE] script - #out(`,`) [token]
2021-11-19T10:23:49,174|[TRACE] graph - <------- nonSkippedChar
2021-11-19T10:23:49,174|[TRACE] graph - <----- statementPart
2021-11-19T10:23:49,174|[TRACE] graph - -----> afterStatementPartNewline
2021-11-19T10:23:49,174|[TRACE] script - #out(` `) [text]
2021-11-19T10:23:49,174|[TRACE] graph - <----- afterStatementPartNewline
2021-11-19T10:23:49,174|[TRACE] graph - -----> statementPart
2021-11-19T10:23:49,174|[TRACE] graph - -------> nonSkippedSpace
2021-11-19T10:23:49,174|[TRACE] script - #out(` `) [token]
2021-11-19T10:23:49,174|[TRACE] graph - <------- nonSkippedSpace
2021-11-19T10:23:49,174|[TRACE] graph - <----- statementPart
2021-11-19T10:23:49,174|[TRACE] graph - -----> statementPart
2021-11-19T10:23:49,174|[TRACE] graph - -------> nonSkippedSpace
2021-11-19T10:23:49,174|[TRACE] script - #out(` `) [token]
2021-11-19T10:23:49,174|[TRACE] graph - <------- nonSkippedSpace
2021-11-19T10:23:49,174|[TRACE] graph - <----- statementPart
2021-11-19T10:23:49,174|[TRACE] graph - -----> statementPart
2021-11-19T10:23:49,174|[TRACE] graph - -------> quotedString
2021-11-19T10:23:49,174|[TRACE] script - #out(``version``) [token]
2021-11-19T10:23:49,174|[TRACE] graph - <------- quotedString
2021-11-19T10:23:49,174|[TRACE] graph - <----- statementPart
2021-11-19T10:23:49,174|[TRACE] graph - -----> statementPart
2021-11-19T10:23:49,174|[TRACE] graph - -------> nonSkippedSpace
2021-11-19T10:23:49,174|[TRACE] script - #out(` `) [token]
2021-11-19T10:23:49,174|[TRACE] graph - <------- nonSkippedSpace
2021-11-19T10:23:49,174|[TRACE] graph - <----- statementPart
2021-11-19T10:23:49,174|[TRACE] graph - -----> statementPart
2021-11-19T10:23:49,174|[TRACE] graph - -------> nonSkippedChar
2021-11-19T10:23:49,174|[TRACE] script - #out(`I`) [token]
2021-11-19T10:23:49,174|[TRACE] graph - <------- nonSkippedChar
2021-11-19T10:23:49,174|[TRACE] graph - <----- statementPart
2021-11-19T10:23:49,174|[TRACE] graph - -----> statementPart
2021-11-19T10:23:49,174|[TRACE] graph - -------> nonSkippedChar
2021-11-19T10:23:49,174|[TRACE] script - #out(`N`) [token]
2021-11-19T10:23:49,174|[TRACE] graph - <------- nonSkippedChar
2021-11-19T10:23:49,174|[TRACE] graph - <----- statementPart
2021-11-19T10:23:49,174|[TRACE] graph - -----> statementPart
2021-11-19T10:23:49,174|[TRACE] graph - -------> nonSkippedChar
2021-11-19T10:23:49,174|[TRACE] script - #out(`T`) [token]
2021-11-19T10:23:49,175|[TRACE] graph - <------- nonSkippedChar
2021-11-19T10:23:49,175|[TRACE] graph - <----- statementPart
2021-11-19T10:23:49,175|[TRACE] graph - -----> statementPart
2021-11-19T10:23:49,175|[TRACE] graph - -------> nonSkippedSpace
2021-11-19T10:23:49,175|[TRACE] script - #out(` `) [token]
2021-11-19T10:23:49,175|[TRACE] graph - <------- nonSkippedSpace
2021-11-19T10:23:49,175|[TRACE] graph - <----- statementPart
2021-11-19T10:23:49,175|[TRACE] graph - -----> statementPart
2021-11-19T10:23:49,175|[TRACE] graph - -------> nonSkippedChar
2021-11-19T10:23:49,175|[TRACE] script - #out(`N`) [token]
2021-11-19T10:23:49,175|[TRACE] graph - <------- nonSkippedChar
2021-11-19T10:23:49,175|[TRACE] graph - <----- statementPart
2021-11-19T10:23:49,175|[TRACE] graph - -----> statementPart
2021-11-19T10:23:49,175|[TRACE] graph - -------> nonSkippedChar
2021-11-19T10:23:49,175|[TRACE] script - #out(`O`) [token]
2021-11-19T10:23:49,175|[TRACE] graph - <------- nonSkippedChar
2021-11-19T10:23:49,175|[TRACE] graph - <----- statementPart
2021-11-19T10:23:49,175|[TRACE] graph - -----> statementPart
2021-11-19T10:23:49,175|[TRACE] graph - -------> nonSkippedChar
2021-11-19T10:23:49,175|[TRACE] script - #out(`T`) [token]
2021-11-19T10:23:49,175|[TRACE] graph - <------- nonSkippedChar
2021-11-19T10:23:49,175|[TRACE] graph - <----- statementPart
2021-11-19T10:23:49,175|[TRACE] graph - -----> statementPart
2021-11-19T10:23:49,175|[TRACE] graph - -------> nonSkippedSpace
2021-11-19T10:23:49,175|[TRACE] script - #out(` `) [token]
2021-11-19T10:23:49,175|[TRACE] graph - <------- nonSkippedSpace
2021-11-19T10:23:49,175|[TRACE] graph - <----- statementPart
2021-11-19T10:23:49,175|[TRACE] graph - -----> statementPart
2021-11-19T10:23:49,175|[TRACE] graph - -------> nonSkippedChar
2021-11-19T10:23:49,175|[TRACE] script - #out(`N`) [token]
2021-11-19T10:23:49,175|[TRACE] graph - <------- nonSkippedChar
2021-11-19T10:23:49,175|[TRACE] graph - <----- statementPart
2021-11-19T10:23:49,175|[TRACE] graph - -----> statementPart
2021-11-19T10:23:49,175|[TRACE] graph - -------> nonSkippedChar
2021-11-19T10:23:49,175|[TRACE] script - #out(`U`) [token]
2021-11-19T10:23:49,175|[TRACE] graph - <------- nonSkippedChar
2021-11-19T10:23:49,175|[TRACE] graph - <----- statementPart
2021-11-19T10:23:49,175|[TRACE] graph - -----> statementPart
2021-11-19T10:23:49,175|[TRACE] graph - -------> nonSkippedChar
2021-11-19T10:23:49,175|[TRACE] script - #out(`L`) [token]
2021-11-19T10:23:49,175|[TRACE] graph - <------- nonSkippedChar
2021-11-19T10:23:49,175|[TRACE] graph - <----- statementPart
2021-11-19T10:23:49,175|[TRACE] graph - -----> statementPart
2021-11-19T10:23:49,175|[TRACE] graph - -------> nonSkippedChar
2021-11-19T10:23:49,175|[TRACE] script - #out(`L`) [token]
2021-11-19T10:23:49,175|[TRACE] graph - <------- nonSkippedChar
2021-11-19T10:23:49,175|[TRACE] graph - <----- statementPart
2021-11-19T10:23:49,175|[TRACE] graph - -----> statementPart
2021-11-19T10:23:49,175|[TRACE] graph - -------> nonSkippedSpace
2021-11-19T10:23:49,175|[TRACE] script - #out(` `) [token]
2021-11-19T10:23:49,175|[TRACE] graph - <------- nonSkippedSpace
2021-11-19T10:23:49,175|[TRACE] graph - <----- statementPart
2021-11-19T10:23:49,175|[TRACE] graph - -----> statementPart
2021-11-19T10:23:49,175|[TRACE] graph - -------> nonSkippedChar
2021-11-19T10:23:49,175|[TRACE] script - #out(`D`) [token]
2021-11-19T10:23:49,175|[TRACE] graph - <------- nonSkippedChar
2021-11-19T10:23:49,175|[TRACE] graph - <----- statementPart
2021-11-19T10:23:49,175|[TRACE] graph - -----> statementPart
2021-11-19T10:23:49,175|[TRACE] graph - -------> nonSkippedChar
2021-11-19T10:23:49,175|[TRACE] script - #out(`E`) [token]
2021-11-19T10:23:49,175|[TRACE] graph - <------- nonSkippedChar
2021-11-19T10:23:49,175|[TRACE] graph - <----- statementPart
2021-11-19T10:23:49,175|[TRACE] graph - -----> statementPart
2021-11-19T10:23:49,175|[TRACE] graph - -------> nonSkippedChar
2021-11-19T10:23:49,175|[TRACE] script - #out(`F`) [token]
2021-11-19T10:23:49,175|[TRACE] graph - <------- nonSkippedChar
2021-11-19T10:23:49,175|[TRACE] graph - <----- statementPart
2021-11-19T10:23:49,175|[TRACE] graph - -----> statementPart
2021-11-19T10:23:49,175|[TRACE] graph - -------> nonSkippedChar
2021-11-19T10:23:49,175|[TRACE] script - #out(`A`) [token]
2021-11-19T10:23:49,175|[TRACE] graph - <------- nonSkippedChar
2021-11-19T10:23:49,175|[TRACE] graph - <----- statementPart
2021-11-19T10:23:49,175|[TRACE] graph - -----> statementPart
2021-11-19T10:23:49,175|[TRACE] graph - -------> nonSkippedChar
2021-11-19T10:23:49,175|[TRACE] script - #out(`U`) [token]
2021-11-19T10:23:49,175|[TRACE] graph - <------- nonSkippedChar
2021-11-19T10:23:49,175|[TRACE] graph - <----- statementPart
2021-11-19T10:23:49,175|[TRACE] graph - -----> statementPart
2021-11-19T10:23:49,175|[TRACE] graph - -------> nonSkippedChar
2021-11-19T10:23:49,175|[TRACE] script - #out(`L`) [token]
2021-11-19T10:23:49,175|[TRACE] graph - <------- nonSkippedChar
2021-11-19T10:23:49,175|[TRACE] graph - <----- statementPart
2021-11-19T10:23:49,175|[TRACE] graph - -----> statementPart
2021-11-19T10:23:49,175|[TRACE] graph - -------> nonSkippedChar
2021-11-19T10:23:49,175|[TRACE] script - #out(`T`) [token]
2021-11-19T10:23:49,175|[TRACE] graph - <------- nonSkippedChar
2021-11-19T10:23:49,175|[TRACE] graph - <----- statementPart
2021-11-19T10:23:49,175|[TRACE] graph - -----> statementPart
2021-11-19T10:23:49,175|[TRACE] graph - -------> nonSkippedSpace
2021-11-19T10:23:49,175|[TRACE] script - #out(` `) [token]
2021-11-19T10:23:49,175|[TRACE] graph - <------- nonSkippedSpace
2021-11-19T10:23:49,175|[TRACE] graph - <----- statementPart
2021-11-19T10:23:49,175|[TRACE] graph - -----> statementPart
2021-11-19T10:23:49,175|[TRACE] graph - -------> quotedString
2021-11-19T10:23:49,175|[TRACE] script - #out(`'1'`) [token]
2021-11-19T10:23:49,175|[TRACE] graph - <------- quotedString
2021-11-19T10:23:49,175|[TRACE] graph - <----- statementPart
2021-11-19T10:23:49,175|[TRACE] graph - -----> statementPart
2021-11-19T10:23:49,175|[TRACE] graph - -------> nonSkippedChar
2021-11-19T10:23:49,175|[TRACE] script - #out(`,`) [token]
2021-11-19T10:23:49,175|[TRACE] graph - <------- nonSkippedChar
2021-11-19T10:23:49,175|[TRACE] graph - <----- statementPart
2021-11-19T10:23:49,175|[TRACE] graph - -----> afterStatementPartNewline
2021-11-19T10:23:49,175|[TRACE] script - #out(` `) [text]
2021-11-19T10:23:49,175|[TRACE] graph - <----- afterStatementPartNewline
2021-11-19T10:23:49,175|[TRACE] graph - -----> statementPart
2021-11-19T10:23:49,175|[TRACE] graph - -------> nonSkippedSpace
2021-11-19T10:23:49,175|[TRACE] script - #out(` `) [token]
2021-11-19T10:23:49,175|[TRACE] graph - <------- nonSkippedSpace
2021-11-19T10:23:49,175|[TRACE] graph - <----- statementPart
2021-11-19T10:23:49,175|[TRACE] graph - -----> statementPart
2021-11-19T10:23:49,175|[TRACE] graph - -------> nonSkippedSpace
2021-11-19T10:23:49,175|[TRACE] script - #out(` `) [token]
2021-11-19T10:23:49,175|[TRACE] graph - <------- nonSkippedSpace
2021-11-19T10:23:49,175|[TRACE] graph - <----- statementPart
2021-11-19T10:23:49,175|[TRACE] graph - -----> statementPart
2021-11-19T10:23:49,175|[TRACE] graph - -------> nonSkippedChar
2021-11-19T10:23:49,175|[TRACE] script - #out(`P`) [token]
2021-11-19T10:23:49,175|[TRACE] graph - <------- nonSkippedChar
2021-11-19T10:23:49,175|[TRACE] graph - <----- statementPart
2021-11-19T10:23:49,175|[TRACE] graph - -----> statementPart
2021-11-19T10:23:49,175|[TRACE] graph - -------> nonSkippedChar
2021-11-19T10:23:49,175|[TRACE] script - #out(`R`) [token]
2021-11-19T10:23:49,175|[TRACE] graph - <------- nonSkippedChar
2021-11-19T10:23:49,175|[TRACE] graph - <----- statementPart
2021-11-19T10:23:49,175|[TRACE] graph - -----> statementPart
2021-11-19T10:23:49,175|[TRACE] graph - -------> nonSkippedChar
2021-11-19T10:23:49,175|[TRACE] script - #out(`I`) [token]
2021-11-19T10:23:49,175|[TRACE] graph - <------- nonSkippedChar
2021-11-19T10:23:49,175|[TRACE] graph - <----- statementPart
2021-11-19T10:23:49,175|[TRACE] graph - -----> statementPart
2021-11-19T10:23:49,175|[TRACE] graph - -------> nonSkippedChar
2021-11-19T10:23:49,175|[TRACE] script - #out(`M`) [token]
2021-11-19T10:23:49,175|[TRACE] graph - <------- nonSkippedChar
2021-11-19T10:23:49,175|[TRACE] graph - <----- statementPart
2021-11-19T10:23:49,175|[TRACE] graph - -----> statementPart
2021-11-19T10:23:49,175|[TRACE] graph - -------> nonSkippedChar
2021-11-19T10:23:49,175|[TRACE] script - #out(`A`) [token]
2021-11-19T10:23:49,175|[TRACE] graph - <------- nonSkippedChar
2021-11-19T10:23:49,175|[TRACE] graph - <----- statementPart
2021-11-19T10:23:49,175|[TRACE] graph - -----> statementPart
2021-11-19T10:23:49,175|[TRACE] graph - -------> nonSkippedChar
2021-11-19T10:23:49,175|[TRACE] script - #out(`R`) [token]
2021-11-19T10:23:49,175|[TRACE] graph - <------- nonSkippedChar
2021-11-19T10:23:49,175|[TRACE] graph - <----- statementPart
2021-11-19T10:23:49,175|[TRACE] graph - -----> statementPart
2021-11-19T10:23:49,175|[TRACE] graph - -------> nonSkippedChar
2021-11-19T10:23:49,175|[TRACE] script - #out(`Y`) [token]
2021-11-19T10:23:49,175|[TRACE] graph - <------- nonSkippedChar
2021-11-19T10:23:49,175|[TRACE] graph - <----- statementPart
2021-11-19T10:23:49,175|[TRACE] graph - -----> statementPart
2021-11-19T10:23:49,175|[TRACE] graph - -------> nonSkippedSpace
2021-11-19T10:23:49,175|[TRACE] script - #out(` `) [token]
2021-11-19T10:23:49,175|[TRACE] graph - <------- nonSkippedSpace
2021-11-19T10:23:49,175|[TRACE] graph - <----- statementPart
2021-11-19T10:23:49,175|[TRACE] graph - -----> statementPart
2021-11-19T10:23:49,175|[TRACE] graph - -------> nonSkippedChar
2021-11-19T10:23:49,175|[TRACE] script - #out(`K`) [token]
2021-11-19T10:23:49,175|[TRACE] graph - <------- nonSkippedChar
2021-11-19T10:23:49,175|[TRACE] graph - <----- statementPart
2021-11-19T10:23:49,175|[TRACE] graph - -----> statementPart
2021-11-19T10:23:49,175|[TRACE] graph - -------> nonSkippedChar
2021-11-19T10:23:49,175|[TRACE] script - #out(`E`) [token]
2021-11-19T10:23:49,175|[TRACE] graph - <------- nonSkippedChar
2021-11-19T10:23:49,175|[TRACE] graph - <----- statementPart
2021-11-19T10:23:49,175|[TRACE] graph - -----> statementPart
2021-11-19T10:23:49,175|[TRACE] graph - -------> nonSkippedChar
2021-11-19T10:23:49,175|[TRACE] script - #out(`Y`) [token]
2021-11-19T10:23:49,175|[TRACE] graph - <------- nonSkippedChar
2021-11-19T10:23:49,175|[TRACE] graph - <----- statementPart
2021-11-19T10:23:49,175|[TRACE] graph - -----> statementPart
2021-11-19T10:23:49,175|[TRACE] graph - -------> nonSkippedSpace
2021-11-19T10:23:49,175|[TRACE] script - #out(` `) [token]
2021-11-19T10:23:49,175|[TRACE] graph - <------- nonSkippedSpace
2021-11-19T10:23:49,175|[TRACE] graph - <----- statementPart
2021-11-19T10:23:49,175|[TRACE] graph - -----> statementPart
2021-11-19T10:23:49,175|[TRACE] graph - -------> nonSkippedChar
2021-11-19T10:23:49,175|[TRACE] script - #out(`(`) [token]
2021-11-19T10:23:49,175|[TRACE] graph - <------- nonSkippedChar
2021-11-19T10:23:49,175|[TRACE] graph - <----- statementPart
2021-11-19T10:23:49,175|[TRACE] graph - -----> statementPart
2021-11-19T10:23:49,175|[TRACE] graph - -------> quotedString
2021-11-19T10:23:49,175|[TRACE] script - #out(``id``) [token]
2021-11-19T10:23:49,175|[TRACE] graph - <------- quotedString
2021-11-19T10:23:49,175|[TRACE] graph - <----- statementPart
2021-11-19T10:23:49,175|[TRACE] graph - -----> statementPart
2021-11-19T10:23:49,175|[TRACE] graph - -------> nonSkippedChar
2021-11-19T10:23:49,175|[TRACE] script - #out(`)`) [token]
2021-11-19T10:23:49,175|[TRACE] graph - <------- nonSkippedChar
2021-11-19T10:23:49,175|[TRACE] graph - <----- statementPart
2021-11-19T10:23:49,175|[TRACE] graph - -----> statementPart
2021-11-19T10:23:49,175|[TRACE] graph - -------> nonSkippedChar
2021-11-19T10:23:49,175|[TRACE] script - #out(`)`) [token]
2021-11-19T10:23:49,175|[TRACE] graph - <------- nonSkippedChar
2021-11-19T10:23:49,175|[TRACE] graph - <----- statementPart
2021-11-19T10:23:49,175|[TRACE] graph - -----> afterStatementPartNewline
2021-11-19T10:23:49,175|[TRACE] script - #out(` `) [text]
2021-11-19T10:23:49,175|[TRACE] graph - <----- afterStatementPartNewline
2021-11-19T10:23:49,175|[TRACE] graph - -----> statementPart
2021-11-19T10:23:49,175|[TRACE] graph - -------> nonSkippedChar
2021-11-19T10:23:49,175|[TRACE] script - #out(`E`) [token]
2021-11-19T10:23:49,175|[TRACE] graph - <------- nonSkippedChar
2021-11-19T10:23:49,175|[TRACE] graph - <----- statementPart
2021-11-19T10:23:49,175|[TRACE] graph - -----> statementPart
2021-11-19T10:23:49,175|[TRACE] graph - -------> nonSkippedChar
2021-11-19T10:23:49,175|[TRACE] script - #out(`N`) [token]
2021-11-19T10:23:49,175|[TRACE] graph - <------- nonSkippedChar
2021-11-19T10:23:49,175|[TRACE] graph - <----- statementPart
2021-11-19T10:23:49,175|[TRACE] graph - -----> statementPart
2021-11-19T10:23:49,175|[TRACE] graph - -------> nonSkippedChar
2021-11-19T10:23:49,175|[TRACE] script - #out(`G`) [token]
2021-11-19T10:23:49,175|[TRACE] graph - <------- nonSkippedChar
2021-11-19T10:23:49,175|[TRACE] graph - <----- statementPart
2021-11-19T10:23:49,175|[TRACE] graph - -----> statementPart
2021-11-19T10:23:49,175|[TRACE] graph - -------> nonSkippedChar
2021-11-19T10:23:49,175|[TRACE] script - #out(`I`) [token]
2021-11-19T10:23:49,175|[TRACE] graph - <------- nonSkippedChar
2021-11-19T10:23:49,175|[TRACE] graph - <----- statementPart
2021-11-19T10:23:49,175|[TRACE] graph - -----> statementPart
2021-11-19T10:23:49,175|[TRACE] graph - -------> nonSkippedChar
2021-11-19T10:23:49,175|[TRACE] script - #out(`N`) [token]
2021-11-19T10:23:49,175|[TRACE] graph - <------- nonSkippedChar
2021-11-19T10:23:49,175|[TRACE] graph - <----- statementPart
2021-11-19T10:23:49,175|[TRACE] graph - -----> statementPart
2021-11-19T10:23:49,175|[TRACE] graph - -------> nonSkippedChar
2021-11-19T10:23:49,175|[TRACE] script - #out(`E`) [token]
2021-11-19T10:23:49,175|[TRACE] graph - <------- nonSkippedChar
2021-11-19T10:23:49,175|[TRACE] graph - <----- statementPart
2021-11-19T10:23:49,175|[TRACE] graph - -----> statementPart
2021-11-19T10:23:49,175|[TRACE] graph - -------> nonSkippedSpace
2021-11-19T10:23:49,175|[TRACE] script - #out(` `) [token]
2021-11-19T10:23:49,175|[TRACE] graph - <------- nonSkippedSpace
2021-11-19T10:23:49,175|[TRACE] graph - <----- statementPart
2021-11-19T10:23:49,175|[TRACE] graph - -----> statementPart
2021-11-19T10:23:49,175|[TRACE] graph - -------> nonSkippedChar
2021-11-19T10:23:49,175|[TRACE] script - #out(`=`) [token]
2021-11-19T10:23:49,175|[TRACE] graph - <------- nonSkippedChar
2021-11-19T10:23:49,175|[TRACE] graph - <----- statementPart
2021-11-19T10:23:49,175|[TRACE] graph - -----> statementPart
2021-11-19T10:23:49,175|[TRACE] graph - -------> nonSkippedSpace
2021-11-19T10:23:49,175|[TRACE] script - #out(` `) [token]
2021-11-19T10:23:49,175|[TRACE] graph - <------- nonSkippedSpace
2021-11-19T10:23:49,175|[TRACE] graph - <----- statementPart
2021-11-19T10:23:49,175|[TRACE] graph - -----> statementPart
2021-11-19T10:23:49,175|[TRACE] graph - -------> nonSkippedChar
2021-11-19T10:23:49,175|[TRACE] script - #out(`I`) [token]
2021-11-19T10:23:49,175|[TRACE] graph - <------- nonSkippedChar
2021-11-19T10:23:49,175|[TRACE] graph - <----- statementPart
2021-11-19T10:23:49,175|[TRACE] graph - -----> statementPart
2021-11-19T10:23:49,175|[TRACE] graph - -------> nonSkippedChar
2021-11-19T10:23:49,175|[TRACE] script - #out(`n`) [token]
2021-11-19T10:23:49,175|[TRACE] graph - <------- nonSkippedChar
2021-11-19T10:23:49,175|[TRACE] graph - <----- statementPart
2021-11-19T10:23:49,175|[TRACE] graph - -----> statementPart
2021-11-19T10:23:49,175|[TRACE] graph - -------> nonSkippedChar
2021-11-19T10:23:49,175|[TRACE] script - #out(`n`) [token]
2021-11-19T10:23:49,175|[TRACE] graph - <------- nonSkippedChar
2021-11-19T10:23:49,175|[TRACE] graph - <----- statementPart
2021-11-19T10:23:49,175|[TRACE] graph - -----> statementPart
2021-11-19T10:23:49,175|[TRACE] graph - -------> nonSkippedChar
2021-11-19T10:23:49,175|[TRACE] script - #out(`o`) [token]
2021-11-19T10:23:49,175|[TRACE] graph - <------- nonSkippedChar
2021-11-19T10:23:49,175|[TRACE] graph - <----- statementPart
2021-11-19T10:23:49,175|[TRACE] graph - -----> statementPart
2021-11-19T10:23:49,175|[TRACE] graph - -------> nonSkippedChar
2021-11-19T10:23:49,175|[TRACE] script - #out(`D`) [token]
2021-11-19T10:23:49,175|[TRACE] graph - <------- nonSkippedChar
2021-11-19T10:23:49,175|[TRACE] graph - <----- statementPart
2021-11-19T10:23:49,175|[TRACE] graph - -----> statementPart
2021-11-19T10:23:49,175|[TRACE] graph - -------> nonSkippedChar
2021-11-19T10:23:49,175|[TRACE] script - #out(`B`) [token]
2021-11-19T10:23:49,175|[TRACE] graph - <------- nonSkippedChar
2021-11-19T10:23:49,175|[TRACE] graph - <----- statementPart
2021-11-19T10:23:49,175|[TRACE] graph - -----> afterStatementPartNewline
2021-11-19T10:23:49,175|[TRACE] script - #out(` `) [text]
2021-11-19T10:23:49,175|[TRACE] graph - <----- afterStatementPartNewline
2021-11-19T10:23:49,175|[TRACE] graph - -----> statementPart
2021-11-19T10:23:49,175|[TRACE] graph - -------> nonSkippedChar
2021-11-19T10:23:49,175|[TRACE] script - #out(`D`) [token]
2021-11-19T10:23:49,175|[TRACE] graph - <------- nonSkippedChar
2021-11-19T10:23:49,175|[TRACE] graph - <----- statementPart
2021-11-19T10:23:49,175|[TRACE] graph - -----> statementPart
2021-11-19T10:23:49,175|[TRACE] graph - -------> nonSkippedChar
2021-11-19T10:23:49,175|[TRACE] script - #out(`E`) [token]
2021-11-19T10:23:49,175|[TRACE] graph - <------- nonSkippedChar
2021-11-19T10:23:49,175|[TRACE] graph - <----- statementPart
2021-11-19T10:23:49,175|[TRACE] graph - -----> statementPart
2021-11-19T10:23:49,175|[TRACE] graph - -------> nonSkippedChar
2021-11-19T10:23:49,175|[TRACE] script - #out(`F`) [token]
2021-11-19T10:23:49,175|[TRACE] graph - <------- nonSkippedChar
2021-11-19T10:23:49,175|[TRACE] graph - <----- statementPart
2021-11-19T10:23:49,176|[TRACE] graph - -----> statementPart
2021-11-19T10:23:49,176|[TRACE] graph - -------> nonSkippedChar
2021-11-19T10:23:49,176|[TRACE] script - #out(`A`) [token]
2021-11-19T10:23:49,176|[TRACE] graph - <------- nonSkippedChar
2021-11-19T10:23:49,176|[TRACE] graph - <----- statementPart
2021-11-19T10:23:49,176|[TRACE] graph - -----> statementPart
2021-11-19T10:23:49,176|[TRACE] graph - -------> nonSkippedChar
2021-11-19T10:23:49,176|[TRACE] script - #out(`U`) [token]
2021-11-19T10:23:49,176|[TRACE] graph - <------- nonSkippedChar
2021-11-19T10:23:49,176|[TRACE] graph - <----- statementPart
2021-11-19T10:23:49,176|[TRACE] graph - -----> statementPart
2021-11-19T10:23:49,176|[TRACE] graph - -------> nonSkippedChar
2021-11-19T10:23:49,176|[TRACE] script - #out(`L`) [token]
2021-11-19T10:23:49,176|[TRACE] graph - <------- nonSkippedChar
2021-11-19T10:23:49,176|[TRACE] graph - <----- statementPart
2021-11-19T10:23:49,176|[TRACE] graph - -----> statementPart
2021-11-19T10:23:49,176|[TRACE] graph - -------> nonSkippedChar
2021-11-19T10:23:49,176|[TRACE] script - #out(`T`) [token]
2021-11-19T10:23:49,176|[TRACE] graph - <------- nonSkippedChar
2021-11-19T10:23:49,176|[TRACE] graph - <----- statementPart
2021-11-19T10:23:49,176|[TRACE] graph - -----> statementPart
2021-11-19T10:23:49,176|[TRACE] graph - -------> nonSkippedSpace
2021-11-19T10:23:49,176|[TRACE] script - #out(` `) [token]
2021-11-19T10:23:49,176|[TRACE] graph - <------- nonSkippedSpace
2021-11-19T10:23:49,176|[TRACE] graph - <----- statementPart
2021-11-19T10:23:49,176|[TRACE] graph - -----> statementPart
2021-11-19T10:23:49,176|[TRACE] graph - -------> nonSkippedChar
2021-11-19T10:23:49,176|[TRACE] script - #out(`C`) [token]
2021-11-19T10:23:49,176|[TRACE] graph - <------- nonSkippedChar
2021-11-19T10:23:49,176|[TRACE] graph - <----- statementPart
2021-11-19T10:23:49,176|[TRACE] graph - -----> statementPart
2021-11-19T10:23:49,176|[TRACE] graph - -------> nonSkippedChar
2021-11-19T10:23:49,176|[TRACE] script - #out(`H`) [token]
2021-11-19T10:23:49,176|[TRACE] graph - <------- nonSkippedChar
2021-11-19T10:23:49,176|[TRACE] graph - <----- statementPart
2021-11-19T10:23:49,176|[TRACE] graph - -----> statementPart
2021-11-19T10:23:49,176|[TRACE] graph - -------> nonSkippedChar
2021-11-19T10:23:49,176|[TRACE] script - #out(`A`) [token]
2021-11-19T10:23:49,176|[TRACE] graph - <------- nonSkippedChar
2021-11-19T10:23:49,176|[TRACE] graph - <----- statementPart
2021-11-19T10:23:49,176|[TRACE] graph - -----> statementPart
2021-11-19T10:23:49,176|[TRACE] graph - -------> nonSkippedChar
2021-11-19T10:23:49,176|[TRACE] script - #out(`R`) [token]
2021-11-19T10:23:49,176|[TRACE] graph - <------- nonSkippedChar
2021-11-19T10:23:49,176|[TRACE] graph - <----- statementPart
2021-11-19T10:23:49,176|[TRACE] graph - -----> statementPart
2021-11-19T10:23:49,176|[TRACE] graph - -------> nonSkippedChar
2021-11-19T10:23:49,176|[TRACE] script - #out(`A`) [token]
2021-11-19T10:23:49,176|[TRACE] graph - <------- nonSkippedChar
2021-11-19T10:23:49,176|[TRACE] graph - <----- statementPart
2021-11-19T10:23:49,176|[TRACE] graph - -----> statementPart
2021-11-19T10:23:49,176|[TRACE] graph - -------> nonSkippedChar
2021-11-19T10:23:49,176|[TRACE] script - #out(`C`) [token]
2021-11-19T10:23:49,176|[TRACE] graph - <------- nonSkippedChar
2021-11-19T10:23:49,176|[TRACE] graph - <----- statementPart
2021-11-19T10:23:49,176|[TRACE] graph - -----> statementPart
2021-11-19T10:23:49,176|[TRACE] graph - -------> nonSkippedChar
2021-11-19T10:23:49,176|[TRACE] script - #out(`T`) [token]
2021-11-19T10:23:49,176|[TRACE] graph - <------- nonSkippedChar
2021-11-19T10:23:49,176|[TRACE] graph - <----- statementPart
2021-11-19T10:23:49,176|[TRACE] graph - -----> statementPart
2021-11-19T10:23:49,176|[TRACE] graph - -------> nonSkippedChar
2021-11-19T10:23:49,176|[TRACE] script - #out(`E`) [token]
2021-11-19T10:23:49,176|[TRACE] graph - <------- nonSkippedChar
2021-11-19T10:23:49,176|[TRACE] graph - <----- statementPart
2021-11-19T10:23:49,176|[TRACE] graph - -----> statementPart
2021-11-19T10:23:49,176|[TRACE] graph - -------> nonSkippedChar
2021-11-19T10:23:49,176|[TRACE] script - #out(`R`) [token]
2021-11-19T10:23:49,176|[TRACE] graph - <------- nonSkippedChar
2021-11-19T10:23:49,176|[TRACE] graph - <----- statementPart
2021-11-19T10:23:49,176|[TRACE] graph - -----> statementPart
2021-11-19T10:23:49,176|[TRACE] graph - -------> nonSkippedSpace
2021-11-19T10:23:49,176|[TRACE] script - #out(` `) [token]
2021-11-19T10:23:49,176|[TRACE] graph - <------- nonSkippedSpace
2021-11-19T10:23:49,176|[TRACE] graph - <----- statementPart
2021-11-19T10:23:49,176|[TRACE] graph - -----> statementPart
2021-11-19T10:23:49,176|[TRACE] graph - -------> nonSkippedChar
2021-11-19T10:23:49,176|[TRACE] script - #out(`S`) [token]
2021-11-19T10:23:49,176|[TRACE] graph - <------- nonSkippedChar
2021-11-19T10:23:49,176|[TRACE] graph - <----- statementPart
2021-11-19T10:23:49,176|[TRACE] graph - -----> statementPart
2021-11-19T10:23:49,176|[TRACE] graph - -------> nonSkippedChar
2021-11-19T10:23:49,176|[TRACE] script - #out(`E`) [token]
2021-11-19T10:23:49,234|[TRACE] graph - <------- nonSkippedChar
2021-11-19T10:23:49,234|[TRACE] graph - <----- statementPart
2021-11-19T10:23:49,234|[TRACE] graph - -----> statementPart
2021-11-19T10:23:49,234|[TRACE] graph - -------> nonSkippedChar
2021-11-19T10:23:49,234|[TRACE] script - #out(`T`) [token]
2021-11-19T10:23:49,234|[TRACE] graph - <------- nonSkippedChar
2021-11-19T10:23:49,234|[TRACE] graph - <----- statementPart
2021-11-19T10:23:49,234|[TRACE] graph - -----> statementPart
2021-11-19T10:23:49,234|[TRACE] graph - -------> nonSkippedSpace
2021-11-19T10:23:49,234|[TRACE] script - #out(` `) [token]
2021-11-19T10:23:49,234|[TRACE] graph - <------- nonSkippedSpace
2021-11-19T10:23:49,234|[TRACE] graph - <----- statementPart
2021-11-19T10:23:49,234|[TRACE] graph - -----> statementPart
2021-11-19T10:23:49,234|[TRACE] graph - -------> nonSkippedChar
2021-11-19T10:23:49,235|[TRACE] script - #out(`=`) [token]
2021-11-19T10:23:49,235|[TRACE] graph - <------- nonSkippedChar
2021-11-19T10:23:49,235|[TRACE] graph - <----- statementPart
2021-11-19T10:23:49,235|[TRACE] graph - -----> statementPart
2021-11-19T10:23:49,235|[TRACE] graph - -------> nonSkippedSpace
2021-11-19T10:23:49,235|[TRACE] script - #out(` `) [token]
2021-11-19T10:23:49,235|[TRACE] graph - <------- nonSkippedSpace
2021-11-19T10:23:49,235|[TRACE] graph - <----- statementPart
2021-11-19T10:23:49,235|[TRACE] graph - -----> statementPart
2021-11-19T10:23:49,235|[TRACE] graph - -------> nonSkippedChar
2021-11-19T10:23:49,235|[TRACE] script - #out(`u`) [token]
2021-11-19T10:23:49,235|[TRACE] graph - <------- nonSkippedChar
2021-11-19T10:23:49,235|[TRACE] graph - <----- statementPart
2021-11-19T10:23:49,235|[TRACE] graph - -----> statementPart
2021-11-19T10:23:49,235|[TRACE] graph - -------> nonSkippedChar
2021-11-19T10:23:49,235|[TRACE] script - #out(`t`) [token]
2021-11-19T10:23:49,235|[TRACE] graph - <------- nonSkippedChar
2021-11-19T10:23:49,235|[TRACE] graph - <----- statementPart
2021-11-19T10:23:49,235|[TRACE] graph - -----> statementPart
2021-11-19T10:23:49,235|[TRACE] graph - -------> nonSkippedChar
2021-11-19T10:23:49,235|[TRACE] script - #out(`f`) [token]
2021-11-19T10:23:49,235|[TRACE] graph - <------- nonSkippedChar
2021-11-19T10:23:49,235|[TRACE] graph - <----- statementPart
2021-11-19T10:23:49,235|[TRACE] graph - -----> statementPart
2021-11-19T10:23:49,235|[TRACE] graph - -------> nonSkippedChar
2021-11-19T10:23:49,235|[TRACE] script - #out(`8`) [token]
2021-11-19T10:23:49,235|[TRACE] graph - <------- nonSkippedChar
2021-11-19T10:23:49,235|[TRACE] graph - <----- statementPart
2021-11-19T10:23:49,235|[TRACE] graph - -----> statementPart
2021-11-19T10:23:49,235|[TRACE] graph - -------> nonSkippedChar
2021-11-19T10:23:49,235|[TRACE] script - #out(`m`) [token]
2021-11-19T10:23:49,235|[TRACE] graph - <------- nonSkippedChar
2021-11-19T10:23:49,235|[TRACE] graph - <----- statementPart
2021-11-19T10:23:49,235|[TRACE] graph - -----> statementPart
2021-11-19T10:23:49,235|[TRACE] graph - -------> nonSkippedChar
2021-11-19T10:23:49,235|[TRACE] script - #out(`b`) [token]
2021-11-19T10:23:49,235|[TRACE] graph - <------- nonSkippedChar
2021-11-19T10:23:49,235|[TRACE] graph - <----- statementPart
2021-11-19T10:23:49,235|[TRACE] graph - -----> statementPart
2021-11-19T10:23:49,235|[TRACE] graph - -------> nonSkippedChar
2021-11-19T10:23:49,235|[TRACE] script - #out(`4`) [token]
2021-11-19T10:23:49,235|[TRACE] graph - <------- nonSkippedChar
2021-11-19T10:23:49,235|[TRACE] graph - <----- statementPart
2021-11-19T10:23:49,235|[TRACE] graph - -----> afterStatementPartNewline
2021-11-19T10:23:49,235|[TRACE] script - #out(` `) [text]
2021-11-19T10:23:49,235|[TRACE] graph - <----- afterStatementPartNewline
2021-11-19T10:23:49,235|[TRACE] graph - -----> statementPart
2021-11-19T10:23:49,235|[TRACE] graph - -------> nonSkippedChar
2021-11-19T10:23:49,235|[TRACE] script - #out(`C`) [token]
2021-11-19T10:23:49,235|[TRACE] graph - <------- nonSkippedChar
2021-11-19T10:23:49,235|[TRACE] graph - <----- statementPart
2021-11-19T10:23:49,235|[TRACE] graph - -----> statementPart
2021-11-19T10:23:49,235|[TRACE] graph - -------> nonSkippedChar
2021-11-19T10:23:49,235|[TRACE] script - #out(`O`) [token]
2021-11-19T10:23:49,235|[TRACE] graph - <------- nonSkippedChar
2021-11-19T10:23:49,235|[TRACE] graph - <----- statementPart
2021-11-19T10:23:49,235|[TRACE] graph - -----> statementPart
2021-11-19T10:23:49,235|[TRACE] graph - -------> nonSkippedChar
2021-11-19T10:23:49,235|[TRACE] script - #out(`L`) [token]
2021-11-19T10:23:49,235|[TRACE] graph - <------- nonSkippedChar
2021-11-19T10:23:49,235|[TRACE] graph - <----- statementPart
2021-11-19T10:23:49,235|[TRACE] graph - -----> statementPart
2021-11-19T10:23:49,235|[TRACE] graph - -------> nonSkippedChar
2021-11-19T10:23:49,235|[TRACE] script - #out(`L`) [token]
2021-11-19T10:23:49,235|[TRACE] graph - <------- nonSkippedChar
2021-11-19T10:23:49,235|[TRACE] graph - <----- statementPart
2021-11-19T10:23:49,235|[TRACE] graph - -----> statementPart
2021-11-19T10:23:49,235|[TRACE] graph - -------> nonSkippedChar
2021-11-19T10:23:49,235|[TRACE] script - #out(`A`) [token]
2021-11-19T10:23:49,235|[TRACE] graph - <------- nonSkippedChar
2021-11-19T10:23:49,235|[TRACE] graph - <----- statementPart
2021-11-19T10:23:49,235|[TRACE] graph - -----> statementPart
2021-11-19T10:23:49,235|[TRACE] graph - -------> nonSkippedChar
2021-11-19T10:23:49,235|[TRACE] script - #out(`T`) [token]
2021-11-19T10:23:49,235|[TRACE] graph - <------- nonSkippedChar
2021-11-19T10:23:49,235|[TRACE] graph - <----- statementPart
2021-11-19T10:23:49,235|[TRACE] graph - -----> statementPart
2021-11-19T10:23:49,235|[TRACE] graph - -------> nonSkippedChar
2021-11-19T10:23:49,235|[TRACE] script - #out(`E`) [token]
2021-11-19T10:23:49,235|[TRACE] graph - <------- nonSkippedChar
2021-11-19T10:23:49,235|[TRACE] graph - <----- statementPart
2021-11-19T10:23:49,235|[TRACE] graph - -----> statementPart
2021-11-19T10:23:49,235|[TRACE] graph - -------> nonSkippedSpace
2021-11-19T10:23:49,235|[TRACE] script - #out(` `) [token]
2021-11-19T10:23:49,235|[TRACE] graph - <------- nonSkippedSpace
2021-11-19T10:23:49,235|[TRACE] graph - <----- statementPart
2021-11-19T10:23:49,235|[TRACE] graph - -----> statementPart
2021-11-19T10:23:49,235|[TRACE] graph - -------> nonSkippedChar
2021-11-19T10:23:49,235|[TRACE] script - #out(`=`) [token]
2021-11-19T10:23:49,235|[TRACE] graph - <------- nonSkippedChar
2021-11-19T10:23:49,235|[TRACE] graph - <----- statementPart
2021-11-19T10:23:49,235|[TRACE] graph - -----> statementPart
2021-11-19T10:23:49,235|[TRACE] graph - -------> nonSkippedSpace
2021-11-19T10:23:49,235|[TRACE] script - #out(` `) [token]
2021-11-19T10:23:49,235|[TRACE] graph - <------- nonSkippedSpace
2021-11-19T10:23:49,235|[TRACE] graph - <----- statementPart
2021-11-19T10:23:49,235|[TRACE] graph - -----> statementPart
2021-11-19T10:23:49,235|[TRACE] graph - -------> nonSkippedChar
2021-11-19T10:23:49,235|[TRACE] script - #out(`u`) [token]
2021-11-19T10:23:49,235|[TRACE] graph - <------- nonSkippedChar
2021-11-19T10:23:49,235|[TRACE] graph - <----- statementPart
2021-11-19T10:23:49,235|[TRACE] graph - -----> statementPart
2021-11-19T10:23:49,235|[TRACE] graph - -------> nonSkippedChar
2021-11-19T10:23:49,235|[TRACE] script - #out(`t`) [token]
2021-11-19T10:23:49,235|[TRACE] graph - <------- nonSkippedChar
2021-11-19T10:23:49,235|[TRACE] graph - <----- statementPart
2021-11-19T10:23:49,235|[TRACE] graph - -----> statementPart
2021-11-19T10:23:49,235|[TRACE] graph - -------> nonSkippedChar
2021-11-19T10:23:49,235|[TRACE] script - #out(`f`) [token]
2021-11-19T10:23:49,235|[TRACE] graph - <------- nonSkippedChar
2021-11-19T10:23:49,235|[TRACE] graph - <----- statementPart
2021-11-19T10:23:49,235|[TRACE] graph - -----> statementPart
2021-11-19T10:23:49,235|[TRACE] graph - -------> nonSkippedChar
2021-11-19T10:23:49,235|[TRACE] script - #out(`8`) [token]
2021-11-19T10:23:49,235|[TRACE] graph - <------- nonSkippedChar
2021-11-19T10:23:49,235|[TRACE] graph - <----- statementPart
2021-11-19T10:23:49,235|[TRACE] graph - -----> statementPart
2021-11-19T10:23:49,235|[TRACE] graph - -------> nonSkippedChar
2021-11-19T10:23:49,235|[TRACE] script - #out(`m`) [token]
2021-11-19T10:23:49,235|[TRACE] graph - <------- nonSkippedChar
2021-11-19T10:23:49,235|[TRACE] graph - <----- statementPart
2021-11-19T10:23:49,235|[TRACE] graph - -----> statementPart
2021-11-19T10:23:49,235|[TRACE] graph - -------> nonSkippedChar
2021-11-19T10:23:49,235|[TRACE] script - #out(`b`) [token]
2021-11-19T10:23:49,235|[TRACE] graph - <------- nonSkippedChar
2021-11-19T10:23:49,235|[TRACE] graph - <----- statementPart
2021-11-19T10:23:49,235|[TRACE] graph - -----> statementPart
2021-11-19T10:23:49,235|[TRACE] graph - -------> nonSkippedChar
2021-11-19T10:23:49,235|[TRACE] script - #out(`4`) [token]
2021-11-19T10:23:49,235|[TRACE] graph - <------- nonSkippedChar
2021-11-19T10:23:49,235|[TRACE] graph - <----- statementPart
2021-11-19T10:23:49,235|[TRACE] graph - -----> statementPart
2021-11-19T10:23:49,235|[TRACE] graph - -------> nonSkippedChar
2021-11-19T10:23:49,235|[TRACE] script - #out(`_`) [token]
2021-11-19T10:23:49,235|[TRACE] graph - <------- nonSkippedChar
2021-11-19T10:23:49,235|[TRACE] graph - <----- statementPart
2021-11-19T10:23:49,235|[TRACE] graph - -----> statementPart
2021-11-19T10:23:49,235|[TRACE] graph - -------> nonSkippedChar
2021-11-19T10:23:49,235|[TRACE] script - #out(`0`) [token]
2021-11-19T10:23:49,235|[TRACE] graph - <------- nonSkippedChar
2021-11-19T10:23:49,235|[TRACE] graph - <----- statementPart
2021-11-19T10:23:49,235|[TRACE] graph - -----> statementPart
2021-11-19T10:23:49,235|[TRACE] graph - -------> nonSkippedChar
2021-11-19T10:23:49,235|[TRACE] script - #out(`9`) [token]
2021-11-19T10:23:49,235|[TRACE] graph - <------- nonSkippedChar
2021-11-19T10:23:49,235|[TRACE] graph - <----- statementPart
2021-11-19T10:23:49,235|[TRACE] graph - -----> statementPart
2021-11-19T10:23:49,235|[TRACE] graph - -------> nonSkippedChar
2021-11-19T10:23:49,235|[TRACE] script - #out(`0`) [token]
2021-11-19T10:23:49,235|[TRACE] graph - <------- nonSkippedChar
2021-11-19T10:23:49,235|[TRACE] graph - <----- statementPart
2021-11-19T10:23:49,235|[TRACE] graph - -----> statementPart
2021-11-19T10:23:49,235|[TRACE] graph - -------> nonSkippedChar
2021-11-19T10:23:49,235|[TRACE] script - #out(`0`) [token]
2021-11-19T10:23:49,235|[TRACE] graph - <------- nonSkippedChar
2021-11-19T10:23:49,235|[TRACE] graph - <----- statementPart
2021-11-19T10:23:49,235|[TRACE] graph - -----> statementPart
2021-11-19T10:23:49,235|[TRACE] graph - -------> nonSkippedChar
2021-11-19T10:23:49,235|[TRACE] script - #out(`_`) [token]
2021-11-19T10:23:49,235|[TRACE] graph - <------- nonSkippedChar
2021-11-19T10:23:49,235|[TRACE] graph - <----- statementPart
2021-11-19T10:23:49,235|[TRACE] graph - -----> statementPart
2021-11-19T10:23:49,235|[TRACE] graph - -------> nonSkippedChar
2021-11-19T10:23:49,235|[TRACE] script - #out(`a`) [token]
2021-11-19T10:23:49,235|[TRACE] graph - <------- nonSkippedChar
2021-11-19T10:23:49,235|[TRACE] graph - <----- statementPart
2021-11-19T10:23:49,235|[TRACE] graph - -----> statementPart
2021-11-19T10:23:49,235|[TRACE] graph - -------> nonSkippedChar
2021-11-19T10:23:49,235|[TRACE] script - #out(`i`) [token]
2021-11-19T10:23:49,235|[TRACE] graph - <------- nonSkippedChar
2021-11-19T10:23:49,235|[TRACE] graph - <----- statementPart
2021-11-19T10:23:49,235|[TRACE] graph - -----> statementPart
2021-11-19T10:23:49,235|[TRACE] graph - -------> nonSkippedChar
2021-11-19T10:23:49,235|[TRACE] script - #out(`_`) [token]
2021-11-19T10:23:49,235|[TRACE] graph - <------- nonSkippedChar
2021-11-19T10:23:49,235|[TRACE] graph - <----- statementPart
2021-11-19T10:23:49,235|[TRACE] graph - -----> statementPart
2021-11-19T10:23:49,235|[TRACE] graph - -------> nonSkippedChar
2021-11-19T10:23:49,235|[TRACE] script - #out(`c`) [token]
2021-11-19T10:23:49,235|[TRACE] graph - <------- nonSkippedChar
2021-11-19T10:23:49,235|[TRACE] graph - <----- statementPart
2021-11-19T10:23:49,235|[TRACE] graph - -----> statementPart
2021-11-19T10:23:49,235|[TRACE] graph - -------> nonSkippedChar
2021-11-19T10:23:49,235|[TRACE] script - #out(`i`) [token]
2021-11-19T10:23:49,235|[TRACE] graph - <------- nonSkippedChar
2021-11-19T10:23:49,235|[TRACE] graph - <----- statementPart
2021-11-19T10:23:49,235|[DEBUG] graph - Import statement : CREATE TABLE IF NOT EXISTS `bloodbank`.`person` (   `id` INT NOT NULL AUTO_INCREMENT,   `first_name` VARCHAR(50) NOT NULL,   `last_name` VARCHAR(50) NOT NULL,   `created` BIGINT NOT NULL DEFAULT (unix_timestamp(now()) * 1000),   `updated` BIGINT NOT NULL DEFAULT (unix_timestamp(now()) * 1000),   `version` INT NOT NULL DEFAULT '1',   PRIMARY KEY (`id`)) ENGINE = InnoDB DEFAULT CHARACTER SET = utf8mb4 COLLATE = utf8mb4_0900_ai_ci
2021-11-19T10:23:49,235|[TRACE] graph - <--- statement
2021-11-19T10:23:49,235|[TRACE] graph - ---> blankSpacesToSkip
2021-11-19T10:23:49,235|[TRACE] graph - -----> newLineToSkip
2021-11-19T10:23:49,235|[TRACE] graph - <----- newLineToSkip
2021-11-19T10:23:49,235|[TRACE] graph - -----> newLineToSkip
2021-11-19T10:23:49,235|[TRACE] graph - <----- newLineToSkip
2021-11-19T10:23:49,235|[TRACE] graph - -----> newLineToSkip
2021-11-19T10:23:49,235|[TRACE] graph - <----- newLineToSkip
2021-11-19T10:23:49,235|[TRACE] graph - -----> newLineToSkip
2021-11-19T10:23:49,235|[TRACE] graph - <----- newLineToSkip
2021-11-19T10:23:49,235|[TRACE] graph - -----> newLineToSkip
2021-11-19T10:23:49,235|[TRACE] graph - <----- newLineToSkip
2021-11-19T10:23:49,235|[TRACE] graph - -----> newLineToSkip
2021-11-19T10:23:49,235|[TRACE] graph - <----- newLineToSkip
2021-11-19T10:23:49,235|[TRACE] graph - <--- blankSpacesToSkip
2021-11-19T10:23:49,235|[TRACE] graph - ---> statement
2021-11-19T10:23:49,235|[TRACE] graph - -----> statementFirstPart
2021-11-19T10:23:49,235|[TRACE] graph - -------> nonSkippedChar
2021-11-19T10:23:49,235|[TRACE] script - #out(`C`) [token]
2021-11-19T10:23:49,235|[TRACE] graph - <------- nonSkippedChar
2021-11-19T10:23:49,235|[TRACE] graph - <----- statementFirstPart
2021-11-19T10:23:49,235|[TRACE] graph - -----> statementPart
2021-11-19T10:23:49,235|[TRACE] graph - -------> nonSkippedChar
2021-11-19T10:23:49,235|[TRACE] script - #out(`R`) [token]
2021-11-19T10:23:49,235|[TRACE] graph - <------- nonSkippedChar
2021-11-19T10:23:49,235|[TRACE] graph - <----- statementPart
2021-11-19T10:23:49,235|[TRACE] graph - -----> statementPart
2021-11-19T10:23:49,235|[TRACE] graph - -------> nonSkippedChar
2021-11-19T10:23:49,235|[TRACE] script - #out(`E`) [token]
2021-11-19T10:23:49,235|[TRACE] graph - <------- nonSkippedChar
2021-11-19T10:23:49,235|[TRACE] graph - <----- statementPart
2021-11-19T10:23:49,235|[TRACE] graph - -----> statementPart
2021-11-19T10:23:49,235|[TRACE] graph - -------> nonSkippedChar
2021-11-19T10:23:49,235|[TRACE] script - #out(`A`) [token]
2021-11-19T10:23:49,235|[TRACE] graph - <------- nonSkippedChar
2021-11-19T10:23:49,235|[TRACE] graph - <----- statementPart
2021-11-19T10:23:49,235|[TRACE] graph - -----> statementPart
2021-11-19T10:23:49,235|[TRACE] graph - -------> nonSkippedChar
2021-11-19T10:23:49,235|[TRACE] script - #out(`T`) [token]
2021-11-19T10:23:49,235|[TRACE] graph - <------- nonSkippedChar
2021-11-19T10:23:49,235|[TRACE] graph - <----- statementPart
2021-11-19T10:23:49,235|[TRACE] graph - -----> statementPart
2021-11-19T10:23:49,235|[TRACE] graph - -------> nonSkippedChar
2021-11-19T10:23:49,235|[TRACE] script - #out(`E`) [token]
2021-11-19T10:23:49,235|[TRACE] graph - <------- nonSkippedChar
2021-11-19T10:23:49,235|[TRACE] graph - <----- statementPart
2021-11-19T10:23:49,235|[TRACE] graph - -----> statementPart
2021-11-19T10:23:49,235|[TRACE] graph - -------> nonSkippedSpace
2021-11-19T10:23:49,235|[TRACE] script - #out(` `) [token]
2021-11-19T10:23:49,235|[TRACE] graph - <------- nonSkippedSpace
2021-11-19T10:23:49,235|[TRACE] graph - <----- statementPart
2021-11-19T10:23:49,235|[TRACE] graph - -----> statementPart
2021-11-19T10:23:49,235|[TRACE] graph - -------> nonSkippedChar
2021-11-19T10:23:49,235|[TRACE] script - #out(`T`) [token]
2021-11-19T10:23:49,235|[TRACE] graph - <------- nonSkippedChar
2021-11-19T10:23:49,235|[TRACE] graph - <----- statementPart
2021-11-19T10:23:49,235|[TRACE] graph - -----> statementPart
2021-11-19T10:23:49,235|[TRACE] graph - -------> nonSkippedChar
2021-11-19T10:23:49,235|[TRACE] script - #out(`A`) [token]
2021-11-19T10:23:49,235|[TRACE] graph - <------- nonSkippedChar
2021-11-19T10:23:49,235|[TRACE] graph - <----- statementPart
2021-11-19T10:23:49,235|[TRACE] graph - -----> statementPart
2021-11-19T10:23:49,235|[TRACE] graph - -------> nonSkippedChar
2021-11-19T10:23:49,235|[TRACE] script - #out(`B`) [token]
2021-11-19T10:23:49,235|[TRACE] graph - <------- nonSkippedChar
2021-11-19T10:23:49,235|[TRACE] graph - <----- statementPart
2021-11-19T10:23:49,235|[TRACE] graph - -----> statementPart
2021-11-19T10:23:49,235|[TRACE] graph - -------> nonSkippedChar
2021-11-19T10:23:49,235|[TRACE] script - #out(`L`) [token]
2021-11-19T10:23:49,235|[TRACE] graph - <------- nonSkippedChar
2021-11-19T10:23:49,235|[TRACE] graph - <----- statementPart
2021-11-19T10:23:49,235|[TRACE] graph - -----> statementPart
2021-11-19T10:23:49,235|[TRACE] graph - -------> nonSkippedChar
2021-11-19T10:23:49,235|[TRACE] script - #out(`E`) [token]
2021-11-19T10:23:49,235|[TRACE] graph - <------- nonSkippedChar
2021-11-19T10:23:49,235|[TRACE] graph - <----- statementPart
2021-11-19T10:23:49,235|[TRACE] graph - -----> statementPart
2021-11-19T10:23:49,235|[TRACE] graph - -------> nonSkippedSpace
2021-11-19T10:23:49,235|[TRACE] script - #out(` `) [token]
2021-11-19T10:23:49,235|[TRACE] graph - <------- nonSkippedSpace
2021-11-19T10:23:49,235|[TRACE] graph - <----- statementPart
2021-11-19T10:23:49,235|[TRACE] graph - -----> statementPart
2021-11-19T10:23:49,235|[TRACE] graph - -------> nonSkippedChar
2021-11-19T10:23:49,235|[TRACE] script - #out(`I`) [token]
2021-11-19T10:23:49,235|[TRACE] graph - <------- nonSkippedChar
2021-11-19T10:23:49,235|[TRACE] graph - <----- statementPart
2021-11-19T10:23:49,235|[TRACE] graph - -----> statementPart
2021-11-19T10:23:49,235|[TRACE] graph - -------> nonSkippedChar
2021-11-19T10:23:49,235|[TRACE] script - #out(`F`) [token]
2021-11-19T10:23:49,235|[TRACE] graph - <------- nonSkippedChar
2021-11-19T10:23:49,235|[TRACE] graph - <----- statementPart
2021-11-19T10:23:49,236|[TRACE] graph - -----> statementPart
2021-11-19T10:23:49,236|[TRACE] graph - -------> nonSkippedSpace
2021-11-19T10:23:49,236|[TRACE] script - #out(` `) [token]
2021-11-19T10:23:49,236|[TRACE] graph - <------- nonSkippedSpace
2021-11-19T10:23:49,236|[TRACE] graph - <----- statementPart
2021-11-19T10:23:49,236|[TRACE] graph - -----> statementPart
2021-11-19T10:23:49,236|[TRACE] graph - -------> nonSkippedChar
2021-11-19T10:23:49,236|[TRACE] script - #out(`N`) [token]
2021-11-19T10:23:49,236|[TRACE] graph - <------- nonSkippedChar
2021-11-19T10:23:49,236|[TRACE] graph - <----- statementPart
2021-11-19T10:23:49,236|[TRACE] graph - -----> statementPart
2021-11-19T10:23:49,236|[TRACE] graph - -------> nonSkippedChar
2021-11-19T10:23:49,236|[TRACE] script - #out(`O`) [token]
2021-11-19T10:23:49,236|[TRACE] graph - <------- nonSkippedChar
2021-11-19T10:23:49,236|[TRACE] graph - <----- statementPart
2021-11-19T10:23:49,236|[TRACE] graph - -----> statementPart
2021-11-19T10:23:49,236|[TRACE] graph - -------> nonSkippedChar
2021-11-19T10:23:49,236|[TRACE] script - #out(`T`) [token]
2021-11-19T10:23:49,236|[TRACE] graph - <------- nonSkippedChar
2021-11-19T10:23:49,236|[TRACE] graph - <----- statementPart
2021-11-19T10:23:49,236|[TRACE] graph - -----> statementPart
2021-11-19T10:23:49,236|[TRACE] graph - -------> nonSkippedSpace
2021-11-19T10:23:49,236|[TRACE] script - #out(` `) [token]
2021-11-19T10:23:49,236|[TRACE] graph - <------- nonSkippedSpace
2021-11-19T10:23:49,236|[TRACE] graph - <----- statementPart
2021-11-19T10:23:49,236|[TRACE] graph - -----> statementPart
2021-11-19T10:23:49,236|[TRACE] graph - -------> nonSkippedChar
2021-11-19T10:23:49,236|[TRACE] script - #out(`E`) [token]
2021-11-19T10:23:49,236|[TRACE] graph - <------- nonSkippedChar
2021-11-19T10:23:49,236|[TRACE] graph - <----- statementPart
2021-11-19T10:23:49,236|[TRACE] graph - -----> statementPart
2021-11-19T10:23:49,236|[TRACE] graph - -------> nonSkippedChar
2021-11-19T10:23:49,236|[TRACE] script - #out(`X`) [token]
2021-11-19T10:23:49,236|[TRACE] graph - <------- nonSkippedChar
2021-11-19T10:23:49,236|[TRACE] graph - <----- statementPart
2021-11-19T10:23:49,236|[TRACE] graph - -----> statementPart
2021-11-19T10:23:49,236|[TRACE] graph - -------> nonSkippedChar
2021-11-19T10:23:49,236|[TRACE] script - #out(`I`) [token]
2021-11-19T10:23:49,236|[TRACE] graph - <------- nonSkippedChar
2021-11-19T10:23:49,236|[TRACE] graph - <----- statementPart
2021-11-19T10:23:49,236|[TRACE] graph - -----> statementPart
2021-11-19T10:23:49,236|[TRACE] graph - -------> nonSkippedChar
2021-11-19T10:23:49,236|[TRACE] script - #out(`S`) [token]
2021-11-19T10:23:49,236|[TRACE] graph - <------- nonSkippedChar
2021-11-19T10:23:49,236|[TRACE] graph - <----- statementPart
2021-11-19T10:23:49,236|[TRACE] graph - -----> statementPart
2021-11-19T10:23:49,236|[TRACE] graph - -------> nonSkippedChar
2021-11-19T10:23:49,236|[TRACE] script - #out(`T`) [token]
2021-11-19T10:23:49,236|[TRACE] graph - <------- nonSkippedChar
2021-11-19T10:23:49,236|[TRACE] graph - <----- statementPart
2021-11-19T10:23:49,236|[TRACE] graph - -----> statementPart
2021-11-19T10:23:49,236|[TRACE] graph - -------> nonSkippedChar
2021-11-19T10:23:49,236|[TRACE] script - #out(`S`) [token]
2021-11-19T10:23:49,236|[TRACE] graph - <------- nonSkippedChar
2021-11-19T10:23:49,236|[TRACE] graph - <----- statementPart
2021-11-19T10:23:49,236|[TRACE] graph - -----> statementPart
2021-11-19T10:23:49,236|[TRACE] graph - -------> nonSkippedSpace
2021-11-19T10:23:49,236|[TRACE] script - #out(` `) [token]
2021-11-19T10:23:49,236|[TRACE] graph - <------- nonSkippedSpace
2021-11-19T10:23:49,236|[TRACE] graph - <----- statementPart
2021-11-19T10:23:49,236|[TRACE] graph - -----> statementPart
2021-11-19T10:23:49,236|[TRACE] graph - -------> quotedString
2021-11-19T10:23:49,236|[TRACE] script - #out(``bloodbank``) [token]
2021-11-19T10:23:49,236|[TRACE] graph - <------- quotedString
2021-11-19T10:23:49,236|[TRACE] graph - <----- statementPart
2021-11-19T10:23:49,236|[TRACE] graph - -----> statementPart
2021-11-19T10:23:49,236|[TRACE] graph - -------> nonSkippedChar
2021-11-19T10:23:49,236|[TRACE] script - #out(`.`) [token]
2021-11-19T10:23:49,236|[TRACE] graph - <------- nonSkippedChar
2021-11-19T10:23:49,236|[TRACE] graph - <----- statementPart
2021-11-19T10:23:49,236|[TRACE] graph - -----> statementPart
2021-11-19T10:23:49,236|[TRACE] graph - -------> quotedString
2021-11-19T10:23:49,236|[TRACE] script - #out(``blood_bank``) [token]
2021-11-19T10:23:49,236|[TRACE] graph - <------- quotedString
2021-11-19T10:23:49,236|[TRACE] graph - <----- statementPart
2021-11-19T10:23:49,236|[TRACE] graph - -----> statementPart
2021-11-19T10:23:49,236|[TRACE] graph - -------> nonSkippedSpace
2021-11-19T10:23:49,236|[TRACE] script - #out(` `) [token]
2021-11-19T10:23:49,236|[TRACE] graph - <------- nonSkippedSpace
2021-11-19T10:23:49,236|[TRACE] graph - <----- statementPart
2021-11-19T10:23:49,236|[TRACE] graph - -----> statementPart
2021-11-19T10:23:49,236|[TRACE] graph - -------> nonSkippedChar
2021-11-19T10:23:49,236|[TRACE] script - #out(`(`) [token]
2021-11-19T10:23:49,236|[TRACE] graph - <------- nonSkippedChar
2021-11-19T10:23:49,236|[TRACE] graph - <----- statementPart
2021-11-19T10:23:49,236|[TRACE] graph - -----> afterStatementPartNewline
2021-11-19T10:23:49,236|[TRACE] script - #out(` `) [text]
2021-11-19T10:23:49,236|[TRACE] graph - <----- afterStatementPartNewline
2021-11-19T10:23:49,236|[TRACE] graph - -----> statementPart
2021-11-19T10:23:49,236|[TRACE] graph - -------> nonSkippedSpace
2021-11-19T10:23:49,236|[TRACE] script - #out(` `) [token]
2021-11-19T10:23:49,236|[TRACE] graph - <------- nonSkippedSpace
2021-11-19T10:23:49,236|[TRACE] graph - <----- statementPart
2021-11-19T10:23:49,236|[TRACE] graph - -----> statementPart
2021-11-19T10:23:49,236|[TRACE] graph - -------> nonSkippedSpace
2021-11-19T10:23:49,236|[TRACE] script - #out(` `) [token]
2021-11-19T10:23:49,236|[TRACE] graph - <------- nonSkippedSpace
2021-11-19T10:23:49,236|[TRACE] graph - <----- statementPart
2021-11-19T10:23:49,236|[TRACE] graph - -----> statementPart
2021-11-19T10:23:49,236|[TRACE] graph - -------> quotedString
2021-11-19T10:23:49,236|[TRACE] script - #out(``bank_id``) [token]
2021-11-19T10:23:49,236|[TRACE] graph - <------- quotedString
2021-11-19T10:23:49,236|[TRACE] graph - <----- statementPart
2021-11-19T10:23:49,236|[TRACE] graph - -----> statementPart
2021-11-19T10:23:49,236|[TRACE] graph - -------> nonSkippedSpace
2021-11-19T10:23:49,236|[TRACE] script - #out(` `) [token]
2021-11-19T10:23:49,236|[TRACE] graph - <------- nonSkippedSpace
2021-11-19T10:23:49,236|[TRACE] graph - <----- statementPart
2021-11-19T10:23:49,236|[TRACE] graph - -----> statementPart
2021-11-19T10:23:49,236|[TRACE] graph - -------> nonSkippedChar
2021-11-19T10:23:49,236|[TRACE] script - #out(`I`) [token]
2021-11-19T10:23:49,236|[TRACE] graph - <------- nonSkippedChar
2021-11-19T10:23:49,236|[TRACE] graph - <----- statementPart
2021-11-19T10:23:49,236|[TRACE] graph - -----> statementPart
2021-11-19T10:23:49,236|[TRACE] graph - -------> nonSkippedChar
2021-11-19T10:23:49,236|[TRACE] script - #out(`N`) [token]
2021-11-19T10:23:49,236|[TRACE] graph - <------- nonSkippedChar
2021-11-19T10:23:49,236|[TRACE] graph - <----- statementPart
2021-11-19T10:23:49,236|[TRACE] graph - -----> statementPart
2021-11-19T10:23:49,236|[TRACE] graph - -------> nonSkippedChar
2021-11-19T10:23:49,236|[TRACE] script - #out(`T`) [token]
2021-11-19T10:23:49,236|[TRACE] graph - <------- nonSkippedChar
2021-11-19T10:23:49,236|[TRACE] graph - <----- statementPart
2021-11-19T10:23:49,236|[TRACE] graph - -----> statementPart
2021-11-19T10:23:49,236|[TRACE] graph - -------> nonSkippedSpace
2021-11-19T10:23:49,236|[TRACE] script - #out(` `) [token]
2021-11-19T10:23:49,236|[TRACE] graph - <------- nonSkippedSpace
2021-11-19T10:23:49,236|[TRACE] graph - <----- statementPart
2021-11-19T10:23:49,236|[TRACE] graph - -----> statementPart
2021-11-19T10:23:49,236|[TRACE] graph - -------> nonSkippedChar
2021-11-19T10:23:49,236|[TRACE] script - #out(`N`) [token]
2021-11-19T10:23:49,236|[TRACE] graph - <------- nonSkippedChar
2021-11-19T10:23:49,236|[TRACE] graph - <----- statementPart
2021-11-19T10:23:49,236|[TRACE] graph - -----> statementPart
2021-11-19T10:23:49,236|[TRACE] graph - -------> nonSkippedChar
2021-11-19T10:23:49,236|[TRACE] script - #out(`O`) [token]
2021-11-19T10:23:49,236|[TRACE] graph - <------- nonSkippedChar
2021-11-19T10:23:49,236|[TRACE] graph - <----- statementPart
2021-11-19T10:23:49,236|[TRACE] graph - -----> statementPart
2021-11-19T10:23:49,236|[TRACE] graph - -------> nonSkippedChar
2021-11-19T10:23:49,236|[TRACE] script - #out(`T`) [token]
2021-11-19T10:23:49,236|[TRACE] graph - <------- nonSkippedChar
2021-11-19T10:23:49,236|[TRACE] graph - <----- statementPart
2021-11-19T10:23:49,236|[TRACE] graph - -----> statementPart
2021-11-19T10:23:49,236|[TRACE] graph - -------> nonSkippedSpace
2021-11-19T10:23:49,236|[TRACE] script - #out(` `) [token]
2021-11-19T10:23:49,236|[TRACE] graph - <------- nonSkippedSpace
2021-11-19T10:23:49,236|[TRACE] graph - <----- statementPart
2021-11-19T10:23:49,236|[TRACE] graph - -----> statementPart
2021-11-19T10:23:49,236|[TRACE] graph - -------> nonSkippedChar
2021-11-19T10:23:49,236|[TRACE] script - #out(`N`) [token]
2021-11-19T10:23:49,236|[TRACE] graph - <------- nonSkippedChar
2021-11-19T10:23:49,236|[TRACE] graph - <----- statementPart
2021-11-19T10:23:49,236|[TRACE] graph - -----> statementPart
2021-11-19T10:23:49,236|[TRACE] graph - -------> nonSkippedChar
2021-11-19T10:23:49,236|[TRACE] script - #out(`U`) [token]
2021-11-19T10:23:49,236|[TRACE] graph - <------- nonSkippedChar
2021-11-19T10:23:49,236|[TRACE] graph - <----- statementPart
2021-11-19T10:23:49,236|[TRACE] graph - -----> statementPart
2021-11-19T10:23:49,236|[TRACE] graph - -------> nonSkippedChar
2021-11-19T10:23:49,236|[TRACE] script - #out(`L`) [token]
2021-11-19T10:23:49,236|[TRACE] graph - <------- nonSkippedChar
2021-11-19T10:23:49,236|[TRACE] graph - <----- statementPart
2021-11-19T10:23:49,236|[TRACE] graph - -----> statementPart
2021-11-19T10:23:49,236|[TRACE] graph - -------> nonSkippedChar
2021-11-19T10:23:49,236|[TRACE] script - #out(`L`) [token]
2021-11-19T10:23:49,236|[TRACE] graph - <------- nonSkippedChar
2021-11-19T10:23:49,236|[TRACE] graph - <----- statementPart
2021-11-19T10:23:49,295|[TRACE] graph - -----> statementPart
2021-11-19T10:23:49,295|[TRACE] graph - -------> nonSkippedSpace
2021-11-19T10:23:49,295|[TRACE] script - #out(` `) [token]
2021-11-19T10:23:49,295|[TRACE] graph - <------- nonSkippedSpace
2021-11-19T10:23:49,295|[TRACE] graph - <----- statementPart
2021-11-19T10:23:49,295|[TRACE] graph - -----> statementPart
2021-11-19T10:23:49,295|[TRACE] graph - -------> nonSkippedChar
2021-11-19T10:23:49,295|[TRACE] script - #out(`A`) [token]
2021-11-19T10:23:49,295|[TRACE] graph - <------- nonSkippedChar
2021-11-19T10:23:49,295|[TRACE] graph - <----- statementPart
2021-11-19T10:23:49,295|[TRACE] graph - -----> statementPart
2021-11-19T10:23:49,295|[TRACE] graph - -------> nonSkippedChar
2021-11-19T10:23:49,295|[TRACE] script - #out(`U`) [token]
2021-11-19T10:23:49,295|[TRACE] graph - <------- nonSkippedChar
2021-11-19T10:23:49,295|[TRACE] graph - <----- statementPart
2021-11-19T10:23:49,295|[TRACE] graph - -----> statementPart
2021-11-19T10:23:49,295|[TRACE] graph - -------> nonSkippedChar
2021-11-19T10:23:49,295|[TRACE] script - #out(`T`) [token]
2021-11-19T10:23:49,295|[TRACE] graph - <------- nonSkippedChar
2021-11-19T10:23:49,295|[TRACE] graph - <----- statementPart
2021-11-19T10:23:49,295|[TRACE] graph - -----> statementPart
2021-11-19T10:23:49,295|[TRACE] graph - -------> nonSkippedChar
2021-11-19T10:23:49,295|[TRACE] script - #out(`O`) [token]
2021-11-19T10:23:49,295|[TRACE] graph - <------- nonSkippedChar
2021-11-19T10:23:49,295|[TRACE] graph - <----- statementPart
2021-11-19T10:23:49,295|[TRACE] graph - -----> statementPart
2021-11-19T10:23:49,295|[TRACE] graph - -------> nonSkippedChar
2021-11-19T10:23:49,295|[TRACE] script - #out(`_`) [token]
2021-11-19T10:23:49,295|[TRACE] graph - <------- nonSkippedChar
2021-11-19T10:23:49,295|[TRACE] graph - <----- statementPart
2021-11-19T10:23:49,295|[TRACE] graph - -----> statementPart
2021-11-19T10:23:49,295|[TRACE] graph - -------> nonSkippedChar
2021-11-19T10:23:49,295|[TRACE] script - #out(`I`) [token]
2021-11-19T10:23:49,295|[TRACE] graph - <------- nonSkippedChar
2021-11-19T10:23:49,295|[TRACE] graph - <----- statementPart
2021-11-19T10:23:49,295|[TRACE] graph - -----> statementPart
2021-11-19T10:23:49,295|[TRACE] graph - -------> nonSkippedChar
2021-11-19T10:23:49,295|[TRACE] script - #out(`N`) [token]
2021-11-19T10:23:49,295|[TRACE] graph - <------- nonSkippedChar
2021-11-19T10:23:49,295|[TRACE] graph - <----- statementPart
2021-11-19T10:23:49,295|[TRACE] graph - -----> statementPart
2021-11-19T10:23:49,295|[TRACE] graph - -------> nonSkippedChar
2021-11-19T10:23:49,295|[TRACE] script - #out(`C`) [token]
2021-11-19T10:23:49,295|[TRACE] graph - <------- nonSkippedChar
2021-11-19T10:23:49,295|[TRACE] graph - <----- statementPart
2021-11-19T10:23:49,295|[TRACE] graph - -----> statementPart
2021-11-19T10:23:49,295|[TRACE] graph - -------> nonSkippedChar
2021-11-19T10:23:49,295|[TRACE] script - #out(`R`) [token]
2021-11-19T10:23:49,295|[TRACE] graph - <------- nonSkippedChar
2021-11-19T10:23:49,295|[TRACE] graph - <----- statementPart
2021-11-19T10:23:49,295|[TRACE] graph - -----> statementPart
2021-11-19T10:23:49,295|[TRACE] graph - -------> nonSkippedChar
2021-11-19T10:23:49,295|[TRACE] script - #out(`E`) [token]
2021-11-19T10:23:49,296|[TRACE] graph - <------- nonSkippedChar
2021-11-19T10:23:49,296|[TRACE] graph - <----- statementPart
2021-11-19T10:23:49,296|[TRACE] graph - -----> statementPart
2021-11-19T10:23:49,296|[TRACE] graph - -------> nonSkippedChar
2021-11-19T10:23:49,296|[TRACE] script - #out(`M`) [token]
2021-11-19T10:23:49,296|[TRACE] graph - <------- nonSkippedChar
2021-11-19T10:23:49,296|[TRACE] graph - <----- statementPart
2021-11-19T10:23:49,296|[TRACE] graph - -----> statementPart
2021-11-19T10:23:49,296|[TRACE] graph - -------> nonSkippedChar
2021-11-19T10:23:49,296|[TRACE] script - #out(`E`) [token]
2021-11-19T10:23:49,296|[TRACE] graph - <------- nonSkippedChar
2021-11-19T10:23:49,296|[TRACE] graph - <----- statementPart
2021-11-19T10:23:49,296|[TRACE] graph - -----> statementPart
2021-11-19T10:23:49,296|[TRACE] graph - -------> nonSkippedChar
2021-11-19T10:23:49,296|[TRACE] script - #out(`N`) [token]
2021-11-19T10:23:49,296|[TRACE] graph - <------- nonSkippedChar
2021-11-19T10:23:49,296|[TRACE] graph - <----- statementPart
2021-11-19T10:23:49,296|[TRACE] graph - -----> statementPart
2021-11-19T10:23:49,296|[TRACE] graph - -------> nonSkippedChar
2021-11-19T10:23:49,296|[TRACE] script - #out(`T`) [token]
2021-11-19T10:23:49,296|[TRACE] graph - <------- nonSkippedChar
2021-11-19T10:23:49,296|[TRACE] graph - <----- statementPart
2021-11-19T10:23:49,296|[TRACE] graph - -----> statementPart
2021-11-19T10:23:49,296|[TRACE] graph - -------> nonSkippedChar
2021-11-19T10:23:49,296|[TRACE] script - #out(`,`) [token]
2021-11-19T10:23:49,296|[TRACE] graph - <------- nonSkippedChar
2021-11-19T10:23:49,296|[TRACE] graph - <----- statementPart
2021-11-19T10:23:49,296|[TRACE] graph - -----> afterStatementPartNewline
2021-11-19T10:23:49,296|[TRACE] script - #out(` `) [text]
2021-11-19T10:23:49,296|[TRACE] graph - <----- afterStatementPartNewline
2021-11-19T10:23:49,296|[TRACE] graph - -----> statementPart
2021-11-19T10:23:49,296|[TRACE] graph - -------> nonSkippedSpace
2021-11-19T10:23:49,296|[TRACE] script - #out(` `) [token]
2021-11-19T10:23:49,296|[TRACE] graph - <------- nonSkippedSpace
2021-11-19T10:23:49,296|[TRACE] graph - <----- statementPart
2021-11-19T10:23:49,296|[TRACE] graph - -----> statementPart
2021-11-19T10:23:49,296|[TRACE] graph - -------> nonSkippedSpace
2021-11-19T10:23:49,296|[TRACE] script - #out(` `) [token]
2021-11-19T10:23:49,296|[TRACE] graph - <------- nonSkippedSpace
2021-11-19T10:23:49,296|[TRACE] graph - <----- statementPart
2021-11-19T10:23:49,296|[TRACE] graph - -----> statementPart
2021-11-19T10:23:49,296|[TRACE] graph - -------> quotedString
2021-11-19T10:23:49,296|[TRACE] script - #out(``name``) [token]
2021-11-19T10:23:49,296|[TRACE] graph - <------- quotedString
2021-11-19T10:23:49,296|[TRACE] graph - <----- statementPart
2021-11-19T10:23:49,296|[TRACE] graph - -----> statementPart
2021-11-19T10:23:49,296|[TRACE] graph - -------> nonSkippedSpace
2021-11-19T10:23:49,296|[TRACE] script - #out(` `) [token]
2021-11-19T10:23:49,296|[TRACE] graph - <------- nonSkippedSpace
2021-11-19T10:23:49,296|[TRACE] graph - <----- statementPart
2021-11-19T10:23:49,296|[TRACE] graph - -----> statementPart
2021-11-19T10:23:49,296|[TRACE] graph - -------> nonSkippedChar
2021-11-19T10:23:49,296|[TRACE] script - #out(`V`) [token]
2021-11-19T10:23:49,296|[TRACE] graph - <------- nonSkippedChar
2021-11-19T10:23:49,296|[TRACE] graph - <----- statementPart
2021-11-19T10:23:49,296|[TRACE] graph - -----> statementPart
2021-11-19T10:23:49,296|[TRACE] graph - -------> nonSkippedChar
2021-11-19T10:23:49,296|[TRACE] script - #out(`A`) [token]
2021-11-19T10:23:49,296|[TRACE] graph - <------- nonSkippedChar
2021-11-19T10:23:49,296|[TRACE] graph - <----- statementPart
2021-11-19T10:23:49,296|[TRACE] graph - -----> statementPart
2021-11-19T10:23:49,296|[TRACE] graph - -------> nonSkippedChar
2021-11-19T10:23:49,296|[TRACE] script - #out(`R`) [token]
2021-11-19T10:23:49,296|[TRACE] graph - <------- nonSkippedChar
2021-11-19T10:23:49,296|[TRACE] graph - <----- statementPart
2021-11-19T10:23:49,296|[TRACE] graph - -----> statementPart
2021-11-19T10:23:49,296|[TRACE] graph - -------> nonSkippedChar
2021-11-19T10:23:49,296|[TRACE] script - #out(`C`) [token]
2021-11-19T10:23:49,296|[TRACE] graph - <------- nonSkippedChar
2021-11-19T10:23:49,296|[TRACE] graph - <----- statementPart
2021-11-19T10:23:49,296|[TRACE] graph - -----> statementPart
2021-11-19T10:23:49,296|[TRACE] graph - -------> nonSkippedChar
2021-11-19T10:23:49,296|[TRACE] script - #out(`H`) [token]
2021-11-19T10:23:49,296|[TRACE] graph - <------- nonSkippedChar
2021-11-19T10:23:49,296|[TRACE] graph - <----- statementPart
2021-11-19T10:23:49,296|[TRACE] graph - -----> statementPart
2021-11-19T10:23:49,296|[TRACE] graph - -------> nonSkippedChar
2021-11-19T10:23:49,296|[TRACE] script - #out(`A`) [token]
2021-11-19T10:23:49,296|[TRACE] graph - <------- nonSkippedChar
2021-11-19T10:23:49,296|[TRACE] graph - <----- statementPart
2021-11-19T10:23:49,296|[TRACE] graph - -----> statementPart
2021-11-19T10:23:49,296|[TRACE] graph - -------> nonSkippedChar
2021-11-19T10:23:49,296|[TRACE] script - #out(`R`) [token]
2021-11-19T10:23:49,296|[TRACE] graph - <------- nonSkippedChar
2021-11-19T10:23:49,296|[TRACE] graph - <----- statementPart
2021-11-19T10:23:49,296|[TRACE] graph - -----> statementPart
2021-11-19T10:23:49,296|[TRACE] graph - -------> nonSkippedChar
2021-11-19T10:23:49,296|[TRACE] script - #out(`(`) [token]
2021-11-19T10:23:49,296|[TRACE] graph - <------- nonSkippedChar
2021-11-19T10:23:49,296|[TRACE] graph - <----- statementPart
2021-11-19T10:23:49,296|[TRACE] graph - -----> statementPart
2021-11-19T10:23:49,296|[TRACE] graph - -------> nonSkippedChar
2021-11-19T10:23:49,296|[TRACE] script - #out(`1`) [token]
2021-11-19T10:23:49,296|[TRACE] graph - <------- nonSkippedChar
2021-11-19T10:23:49,296|[TRACE] graph - <----- statementPart
2021-11-19T10:23:49,296|[TRACE] graph - -----> statementPart
2021-11-19T10:23:49,296|[TRACE] graph - -------> nonSkippedChar
2021-11-19T10:23:49,296|[TRACE] script - #out(`0`) [token]
2021-11-19T10:23:49,296|[TRACE] graph - <------- nonSkippedChar
2021-11-19T10:23:49,296|[TRACE] graph - <----- statementPart
2021-11-19T10:23:49,296|[TRACE] graph - -----> statementPart
2021-11-19T10:23:49,296|[TRACE] graph - -------> nonSkippedChar
2021-11-19T10:23:49,296|[TRACE] script - #out(`0`) [token]
2021-11-19T10:23:49,296|[TRACE] graph - <------- nonSkippedChar
2021-11-19T10:23:49,296|[TRACE] graph - <----- statementPart
2021-11-19T10:23:49,296|[TRACE] graph - -----> statementPart
2021-11-19T10:23:49,296|[TRACE] graph - -------> nonSkippedChar
2021-11-19T10:23:49,296|[TRACE] script - #out(`)`) [token]
2021-11-19T10:23:49,296|[TRACE] graph - <------- nonSkippedChar
2021-11-19T10:23:49,296|[TRACE] graph - <----- statementPart
2021-11-19T10:23:49,296|[TRACE] graph - -----> statementPart
2021-11-19T10:23:49,296|[TRACE] graph - -------> nonSkippedSpace
2021-11-19T10:23:49,296|[TRACE] script - #out(` `) [token]
2021-11-19T10:23:49,296|[TRACE] graph - <------- nonSkippedSpace
2021-11-19T10:23:49,296|[TRACE] graph - <----- statementPart
2021-11-19T10:23:49,296|[TRACE] graph - -----> statementPart
2021-11-19T10:23:49,296|[TRACE] graph - -------> nonSkippedChar
2021-11-19T10:23:49,296|[TRACE] script - #out(`N`) [token]
2021-11-19T10:23:49,296|[TRACE] graph - <------- nonSkippedChar
2021-11-19T10:23:49,296|[TRACE] graph - <----- statementPart
2021-11-19T10:23:49,296|[TRACE] graph - -----> statementPart
2021-11-19T10:23:49,296|[TRACE] graph - -------> nonSkippedChar
2021-11-19T10:23:49,296|[TRACE] script - #out(`O`) [token]
2021-11-19T10:23:49,296|[TRACE] graph - <------- nonSkippedChar
2021-11-19T10:23:49,296|[TRACE] graph - <----- statementPart
2021-11-19T10:23:49,296|[TRACE] graph - -----> statementPart
2021-11-19T10:23:49,296|[TRACE] graph - -------> nonSkippedChar
2021-11-19T10:23:49,296|[TRACE] script - #out(`T`) [token]
2021-11-19T10:23:49,296|[TRACE] graph - <------- nonSkippedChar
2021-11-19T10:23:49,296|[TRACE] graph - <----- statementPart
2021-11-19T10:23:49,296|[TRACE] graph - -----> statementPart
2021-11-19T10:23:49,296|[TRACE] graph - -------> nonSkippedSpace
2021-11-19T10:23:49,296|[TRACE] script - #out(` `) [token]
2021-11-19T10:23:49,296|[TRACE] graph - <------- nonSkippedSpace
2021-11-19T10:23:49,296|[TRACE] graph - <----- statementPart
2021-11-19T10:23:49,296|[TRACE] graph - -----> statementPart
2021-11-19T10:23:49,296|[TRACE] graph - -------> nonSkippedChar
2021-11-19T10:23:49,296|[TRACE] script - #out(`N`) [token]
2021-11-19T10:23:49,296|[TRACE] graph - <------- nonSkippedChar
2021-11-19T10:23:49,296|[TRACE] graph - <----- statementPart
2021-11-19T10:23:49,296|[TRACE] graph - -----> statementPart
2021-11-19T10:23:49,296|[TRACE] graph - -------> nonSkippedChar
2021-11-19T10:23:49,296|[TRACE] script - #out(`U`) [token]
2021-11-19T10:23:49,296|[TRACE] graph - <------- nonSkippedChar
2021-11-19T10:23:49,296|[TRACE] graph - <----- statementPart
2021-11-19T10:23:49,296|[TRACE] graph - -----> statementPart
2021-11-19T10:23:49,296|[TRACE] graph - -------> nonSkippedChar
2021-11-19T10:23:49,296|[TRACE] script - #out(`L`) [token]
2021-11-19T10:23:49,296|[TRACE] graph - <------- nonSkippedChar
2021-11-19T10:23:49,296|[TRACE] graph - <----- statementPart
2021-11-19T10:23:49,296|[TRACE] graph - -----> statementPart
2021-11-19T10:23:49,296|[TRACE] graph - -------> nonSkippedChar
2021-11-19T10:23:49,296|[TRACE] script - #out(`L`) [token]
2021-11-19T10:23:49,296|[TRACE] graph - <------- nonSkippedChar
2021-11-19T10:23:49,296|[TRACE] graph - <----- statementPart
2021-11-19T10:23:49,296|[TRACE] graph - -----> statementPart
2021-11-19T10:23:49,296|[TRACE] graph - -------> nonSkippedChar
2021-11-19T10:23:49,296|[TRACE] script - #out(`,`) [token]
2021-11-19T10:23:49,296|[TRACE] graph - <------- nonSkippedChar
2021-11-19T10:23:49,296|[TRACE] graph - <----- statementPart
2021-11-19T10:23:49,296|[TRACE] graph - -----> afterStatementPartNewline
2021-11-19T10:23:49,296|[TRACE] script - #out(` `) [text]
2021-11-19T10:23:49,296|[TRACE] graph - <----- afterStatementPartNewline
2021-11-19T10:23:49,296|[TRACE] graph - -----> statementPart
2021-11-19T10:23:49,296|[TRACE] graph - -------> nonSkippedSpace
2021-11-19T10:23:49,296|[TRACE] script - #out(` `) [token]
2021-11-19T10:23:49,296|[TRACE] graph - <------- nonSkippedSpace
2021-11-19T10:23:49,296|[TRACE] graph - <----- statementPart
2021-11-19T10:23:49,296|[TRACE] graph - -----> statementPart
2021-11-19T10:23:49,296|[TRACE] graph - -------> nonSkippedSpace
2021-11-19T10:23:49,296|[TRACE] script - #out(` `) [token]
2021-11-19T10:23:49,296|[TRACE] graph - <------- nonSkippedSpace
2021-11-19T10:23:49,296|[TRACE] graph - <----- statementPart
2021-11-19T10:23:49,296|[TRACE] graph - -----> statementPart
2021-11-19T10:23:49,296|[TRACE] graph - -------> quotedString
2021-11-19T10:23:49,296|[TRACE] script - #out(``privately_owned``) [token]
2021-11-19T10:23:49,296|[TRACE] graph - <------- quotedString
2021-11-19T10:23:49,296|[TRACE] graph - <----- statementPart
2021-11-19T10:23:49,296|[TRACE] graph - -----> statementPart
2021-11-19T10:23:49,296|[TRACE] graph - -------> nonSkippedSpace
2021-11-19T10:23:49,296|[TRACE] script - #out(` `) [token]
2021-11-19T10:23:49,296|[TRACE] graph - <------- nonSkippedSpace
2021-11-19T10:23:49,296|[TRACE] graph - <----- statementPart
2021-11-19T10:23:49,296|[TRACE] graph - -----> statementPart
2021-11-19T10:23:49,296|[TRACE] graph - -------> nonSkippedChar
2021-11-19T10:23:49,296|[TRACE] script - #out(`B`) [token]
2021-11-19T10:23:49,296|[TRACE] graph - <------- nonSkippedChar
2021-11-19T10:23:49,296|[TRACE] graph - <----- statementPart
2021-11-19T10:23:49,296|[TRACE] graph - -----> statementPart
2021-11-19T10:23:49,296|[TRACE] graph - -------> nonSkippedChar
2021-11-19T10:23:49,296|[TRACE] script - #out(`I`) [token]
2021-11-19T10:23:49,296|[TRACE] graph - <------- nonSkippedChar
2021-11-19T10:23:49,296|[TRACE] graph - <----- statementPart
2021-11-19T10:23:49,296|[TRACE] graph - -----> statementPart
2021-11-19T10:23:49,296|[TRACE] graph - -------> nonSkippedChar
2021-11-19T10:23:49,296|[TRACE] script - #out(`T`) [token]
2021-11-19T10:23:49,296|[TRACE] graph - <------- nonSkippedChar
2021-11-19T10:23:49,296|[TRACE] graph - <----- statementPart
2021-11-19T10:23:49,296|[TRACE] graph - -----> statementPart
2021-11-19T10:23:49,296|[TRACE] graph - -------> nonSkippedChar
2021-11-19T10:23:49,296|[TRACE] script - #out(`(`) [token]
2021-11-19T10:23:49,296|[TRACE] graph - <------- nonSkippedChar
2021-11-19T10:23:49,296|[TRACE] graph - <----- statementPart
2021-11-19T10:23:49,296|[TRACE] graph - -----> statementPart
2021-11-19T10:23:49,296|[TRACE] graph - -------> nonSkippedChar
2021-11-19T10:23:49,296|[TRACE] script - #out(`1`) [token]
2021-11-19T10:23:49,296|[TRACE] graph - <------- nonSkippedChar
2021-11-19T10:23:49,296|[TRACE] graph - <----- statementPart
2021-11-19T10:23:49,296|[TRACE] graph - -----> statementPart
2021-11-19T10:23:49,296|[TRACE] graph - -------> nonSkippedChar
2021-11-19T10:23:49,296|[TRACE] script - #out(`)`) [token]
2021-11-19T10:23:49,296|[TRACE] graph - <------- nonSkippedChar
2021-11-19T10:23:49,296|[TRACE] graph - <----- statementPart
2021-11-19T10:23:49,296|[TRACE] graph - -----> statementPart
2021-11-19T10:23:49,296|[TRACE] graph - -------> nonSkippedSpace
2021-11-19T10:23:49,296|[TRACE] script - #out(` `) [token]
2021-11-19T10:23:49,296|[TRACE] graph - <------- nonSkippedSpace
2021-11-19T10:23:49,296|[TRACE] graph - <----- statementPart
2021-11-19T10:23:49,296|[TRACE] graph - -----> statementPart
2021-11-19T10:23:49,296|[TRACE] graph - -------> nonSkippedChar
2021-11-19T10:23:49,296|[TRACE] script - #out(`N`) [token]
2021-11-19T10:23:49,296|[TRACE] graph - <------- nonSkippedChar
2021-11-19T10:23:49,296|[TRACE] graph - <----- statementPart
2021-11-19T10:23:49,296|[TRACE] graph - -----> statementPart
2021-11-19T10:23:49,296|[TRACE] graph - -------> nonSkippedChar
2021-11-19T10:23:49,296|[TRACE] script - #out(`O`) [token]
2021-11-19T10:23:49,296|[TRACE] graph - <------- nonSkippedChar
2021-11-19T10:23:49,296|[TRACE] graph - <----- statementPart
2021-11-19T10:23:49,296|[TRACE] graph - -----> statementPart
2021-11-19T10:23:49,296|[TRACE] graph - -------> nonSkippedChar
2021-11-19T10:23:49,296|[TRACE] script - #out(`T`) [token]
2021-11-19T10:23:49,296|[TRACE] graph - <------- nonSkippedChar
2021-11-19T10:23:49,296|[TRACE] graph - <----- statementPart
2021-11-19T10:23:49,296|[TRACE] graph - -----> statementPart
2021-11-19T10:23:49,296|[TRACE] graph - -------> nonSkippedSpace
2021-11-19T10:23:49,296|[TRACE] script - #out(` `) [token]
2021-11-19T10:23:49,296|[TRACE] graph - <------- nonSkippedSpace
2021-11-19T10:23:49,296|[TRACE] graph - <----- statementPart
2021-11-19T10:23:49,296|[TRACE] graph - -----> statementPart
2021-11-19T10:23:49,296|[TRACE] graph - -------> nonSkippedChar
2021-11-19T10:23:49,296|[TRACE] script - #out(`N`) [token]
2021-11-19T10:23:49,296|[TRACE] graph - <------- nonSkippedChar
2021-11-19T10:23:49,296|[TRACE] graph - <----- statementPart
2021-11-19T10:23:49,296|[TRACE] graph - -----> statementPart
2021-11-19T10:23:49,296|[TRACE] graph - -------> nonSkippedChar
2021-11-19T10:23:49,296|[TRACE] script - #out(`U`) [token]
2021-11-19T10:23:49,296|[TRACE] graph - <------- nonSkippedChar
2021-11-19T10:23:49,296|[TRACE] graph - <----- statementPart
2021-11-19T10:23:49,296|[TRACE] graph - -----> statementPart
2021-11-19T10:23:49,296|[TRACE] graph - -------> nonSkippedChar
2021-11-19T10:23:49,296|[TRACE] script - #out(`L`) [token]
2021-11-19T10:23:49,296|[TRACE] graph - <------- nonSkippedChar
2021-11-19T10:23:49,296|[TRACE] graph - <----- statementPart
2021-11-19T10:23:49,296|[TRACE] graph - -----> statementPart
2021-11-19T10:23:49,296|[TRACE] graph - -------> nonSkippedChar
2021-11-19T10:23:49,296|[TRACE] script - #out(`L`) [token]
2021-11-19T10:23:49,296|[TRACE] graph - <------- nonSkippedChar
2021-11-19T10:23:49,296|[TRACE] graph - <----- statementPart
2021-11-19T10:23:49,296|[TRACE] graph - -----> statementPart
2021-11-19T10:23:49,296|[TRACE] graph - -------> nonSkippedChar
2021-11-19T10:23:49,296|[TRACE] script - #out(`,`) [token]
2021-11-19T10:23:49,296|[TRACE] graph - <------- nonSkippedChar
2021-11-19T10:23:49,296|[TRACE] graph - <----- statementPart
2021-11-19T10:23:49,296|[TRACE] graph - -----> afterStatementPartNewline
2021-11-19T10:23:49,296|[TRACE] script - #out(` `) [text]
2021-11-19T10:23:49,296|[TRACE] graph - <----- afterStatementPartNewline
2021-11-19T10:23:49,296|[TRACE] graph - -----> statementPart
2021-11-19T10:23:49,296|[TRACE] graph - -------> nonSkippedSpace
2021-11-19T10:23:49,296|[TRACE] script - #out(` `) [token]
2021-11-19T10:23:49,296|[TRACE] graph - <------- nonSkippedSpace
2021-11-19T10:23:49,296|[TRACE] graph - <----- statementPart
2021-11-19T10:23:49,296|[TRACE] graph - -----> statementPart
2021-11-19T10:23:49,296|[TRACE] graph - -------> nonSkippedSpace
2021-11-19T10:23:49,296|[TRACE] script - #out(` `) [token]
2021-11-19T10:23:49,296|[TRACE] graph - <------- nonSkippedSpace
2021-11-19T10:23:49,296|[TRACE] graph - <----- statementPart
2021-11-19T10:23:49,296|[TRACE] graph - -----> statementPart
2021-11-19T10:23:49,296|[TRACE] graph - -------> quotedString
2021-11-19T10:23:49,296|[TRACE] script - #out(``created``) [token]
2021-11-19T10:23:49,296|[TRACE] graph - <------- quotedString
2021-11-19T10:23:49,296|[TRACE] graph - <----- statementPart
2021-11-19T10:23:49,296|[TRACE] graph - -----> statementPart
2021-11-19T10:23:49,296|[TRACE] graph - -------> nonSkippedSpace
2021-11-19T10:23:49,296|[TRACE] script - #out(` `) [token]
2021-11-19T10:23:49,296|[TRACE] graph - <------- nonSkippedSpace
2021-11-19T10:23:49,296|[TRACE] graph - <----- statementPart
2021-11-19T10:23:49,296|[TRACE] graph - -----> statementPart
2021-11-19T10:23:49,296|[TRACE] graph - -------> nonSkippedChar
2021-11-19T10:23:49,296|[TRACE] script - #out(`B`) [token]
2021-11-19T10:23:49,296|[TRACE] graph - <------- nonSkippedChar
2021-11-19T10:23:49,296|[TRACE] graph - <----- statementPart
2021-11-19T10:23:49,296|[TRACE] graph - -----> statementPart
2021-11-19T10:23:49,296|[TRACE] graph - -------> nonSkippedChar
2021-11-19T10:23:49,296|[TRACE] script - #out(`I`) [token]
2021-11-19T10:23:49,296|[TRACE] graph - <------- nonSkippedChar
2021-11-19T10:23:49,296|[TRACE] graph - <----- statementPart
2021-11-19T10:23:49,296|[TRACE] graph - -----> statementPart
2021-11-19T10:23:49,296|[TRACE] graph - -------> nonSkippedChar
2021-11-19T10:23:49,296|[TRACE] script - #out(`G`) [token]
2021-11-19T10:23:49,296|[TRACE] graph - <------- nonSkippedChar
2021-11-19T10:23:49,296|[TRACE] graph - <----- statementPart
2021-11-19T10:23:49,296|[TRACE] graph - -----> statementPart
2021-11-19T10:23:49,296|[TRACE] graph - -------> nonSkippedChar
2021-11-19T10:23:49,296|[TRACE] script - #out(`I`) [token]
2021-11-19T10:23:49,296|[TRACE] graph - <------- nonSkippedChar
2021-11-19T10:23:49,296|[TRACE] graph - <----- statementPart
2021-11-19T10:23:49,296|[TRACE] graph - -----> statementPart
2021-11-19T10:23:49,296|[TRACE] graph - -------> nonSkippedChar
2021-11-19T10:23:49,296|[TRACE] script - #out(`N`) [token]
2021-11-19T10:23:49,296|[TRACE] graph - <------- nonSkippedChar
2021-11-19T10:23:49,297|[TRACE] graph - <----- statementPart
2021-11-19T10:23:49,297|[TRACE] graph - -----> statementPart
2021-11-19T10:23:49,297|[TRACE] graph - -------> nonSkippedChar
2021-11-19T10:23:49,297|[TRACE] script - #out(`T`) [token]
2021-11-19T10:23:49,297|[TRACE] graph - <------- nonSkippedChar
2021-11-19T10:23:49,297|[TRACE] graph - <----- statementPart
2021-11-19T10:23:49,297|[TRACE] graph - -----> statementPart
2021-11-19T10:23:49,297|[TRACE] graph - -------> nonSkippedSpace
2021-11-19T10:23:49,297|[TRACE] script - #out(` `) [token]
2021-11-19T10:23:49,297|[TRACE] graph - <------- nonSkippedSpace
2021-11-19T10:23:49,297|[TRACE] graph - <----- statementPart
2021-11-19T10:23:49,297|[TRACE] graph - -----> statementPart
2021-11-19T10:23:49,297|[TRACE] graph - -------> nonSkippedChar
2021-11-19T10:23:49,297|[TRACE] script - #out(`N`) [token]
2021-11-19T10:23:49,297|[TRACE] graph - <------- nonSkippedChar
2021-11-19T10:23:49,297|[TRACE] graph - <----- statementPart
2021-11-19T10:23:49,297|[TRACE] graph - -----> statementPart
2021-11-19T10:23:49,297|[TRACE] graph - -------> nonSkippedChar
2021-11-19T10:23:49,297|[TRACE] script - #out(`O`) [token]
2021-11-19T10:23:49,297|[TRACE] graph - <------- nonSkippedChar
2021-11-19T10:23:49,297|[TRACE] graph - <----- statementPart
2021-11-19T10:23:49,297|[TRACE] graph - -----> statementPart
2021-11-19T10:23:49,297|[TRACE] graph - -------> nonSkippedChar
2021-11-19T10:23:49,297|[TRACE] script - #out(`T`) [token]
2021-11-19T10:23:49,297|[TRACE] graph - <------- nonSkippedChar
2021-11-19T10:23:49,297|[TRACE] graph - <----- statementPart
2021-11-19T10:23:49,297|[TRACE] graph - -----> statementPart
2021-11-19T10:23:49,297|[TRACE] graph - -------> nonSkippedSpace
2021-11-19T10:23:49,297|[TRACE] script - #out(` `) [token]
2021-11-19T10:23:49,297|[TRACE] graph - <------- nonSkippedSpace
2021-11-19T10:23:49,297|[TRACE] graph - <----- statementPart
2021-11-19T10:23:49,297|[TRACE] graph - -----> statementPart
2021-11-19T10:23:49,297|[TRACE] graph - -------> nonSkippedChar
2021-11-19T10:23:49,297|[TRACE] script - #out(`N`) [token]
2021-11-19T10:23:49,297|[TRACE] graph - <------- nonSkippedChar
2021-11-19T10:23:49,297|[TRACE] graph - <----- statementPart
2021-11-19T10:23:49,297|[TRACE] graph - -----> statementPart
2021-11-19T10:23:49,297|[TRACE] graph - -------> nonSkippedChar
2021-11-19T10:23:49,297|[TRACE] script - #out(`U`) [token]
2021-11-19T10:23:49,297|[TRACE] graph - <------- nonSkippedChar
2021-11-19T10:23:49,297|[TRACE] graph - <----- statementPart
2021-11-19T10:23:49,297|[TRACE] graph - -----> statementPart
2021-11-19T10:23:49,297|[TRACE] graph - -------> nonSkippedChar
2021-11-19T10:23:49,297|[TRACE] script - #out(`L`) [token]
2021-11-19T10:23:49,297|[TRACE] graph - <------- nonSkippedChar
2021-11-19T10:23:49,297|[TRACE] graph - <----- statementPart
2021-11-19T10:23:49,297|[TRACE] graph - -----> statementPart
2021-11-19T10:23:49,297|[TRACE] graph - -------> nonSkippedChar
2021-11-19T10:23:49,297|[TRACE] script - #out(`L`) [token]
2021-11-19T10:23:49,297|[TRACE] graph - <------- nonSkippedChar
2021-11-19T10:23:49,297|[TRACE] graph - <----- statementPart
2021-11-19T10:23:49,297|[TRACE] graph - -----> statementPart
2021-11-19T10:23:49,297|[TRACE] graph - -------> nonSkippedSpace
2021-11-19T10:23:49,297|[TRACE] script - #out(` `) [token]
2021-11-19T10:23:49,297|[TRACE] graph - <------- nonSkippedSpace
2021-11-19T10:23:49,297|[TRACE] graph - <----- statementPart
2021-11-19T10:23:49,297|[TRACE] graph - -----> statementPart
2021-11-19T10:23:49,297|[TRACE] graph - -------> nonSkippedChar
2021-11-19T10:23:49,297|[TRACE] script - #out(`D`) [token]
2021-11-19T10:23:49,297|[TRACE] graph - <------- nonSkippedChar
2021-11-19T10:23:49,297|[TRACE] graph - <----- statementPart
2021-11-19T10:23:49,297|[TRACE] graph - -----> statementPart
2021-11-19T10:23:49,297|[TRACE] graph - -------> nonSkippedChar
2021-11-19T10:23:49,297|[TRACE] script - #out(`E`) [token]
2021-11-19T10:23:49,297|[TRACE] graph - <------- nonSkippedChar
2021-11-19T10:23:49,297|[TRACE] graph - <----- statementPart
2021-11-19T10:23:49,297|[TRACE] graph - -----> statementPart
2021-11-19T10:23:49,297|[TRACE] graph - -------> nonSkippedChar
2021-11-19T10:23:49,297|[TRACE] script - #out(`F`) [token]
2021-11-19T10:23:49,297|[TRACE] graph - <------- nonSkippedChar
2021-11-19T10:23:49,297|[TRACE] graph - <----- statementPart
2021-11-19T10:23:49,297|[TRACE] graph - -----> statementPart
2021-11-19T10:23:49,297|[TRACE] graph - -------> nonSkippedChar
2021-11-19T10:23:49,297|[TRACE] script - #out(`A`) [token]
2021-11-19T10:23:49,297|[TRACE] graph - <------- nonSkippedChar
2021-11-19T10:23:49,297|[TRACE] graph - <----- statementPart
2021-11-19T10:23:49,297|[TRACE] graph - -----> statementPart
2021-11-19T10:23:49,297|[TRACE] graph - -------> nonSkippedChar
2021-11-19T10:23:49,297|[TRACE] script - #out(`U`) [token]
2021-11-19T10:23:49,297|[TRACE] graph - <------- nonSkippedChar
2021-11-19T10:23:49,297|[TRACE] graph - <----- statementPart
2021-11-19T10:23:49,297|[TRACE] graph - -----> statementPart
2021-11-19T10:23:49,297|[TRACE] graph - -------> nonSkippedChar
2021-11-19T10:23:49,297|[TRACE] script - #out(`L`) [token]
2021-11-19T10:23:49,297|[TRACE] graph - <------- nonSkippedChar
2021-11-19T10:23:49,297|[TRACE] graph - <----- statementPart
2021-11-19T10:23:49,297|[TRACE] graph - -----> statementPart
2021-11-19T10:23:49,297|[TRACE] graph - -------> nonSkippedChar
2021-11-19T10:23:49,297|[TRACE] script - #out(`T`) [token]
2021-11-19T10:23:49,297|[TRACE] graph - <------- nonSkippedChar
2021-11-19T10:23:49,297|[TRACE] graph - <----- statementPart
2021-11-19T10:23:49,297|[TRACE] graph - -----> statementPart
2021-11-19T10:23:49,297|[TRACE] graph - -------> nonSkippedSpace
2021-11-19T10:23:49,297|[TRACE] script - #out(` `) [token]
2021-11-19T10:23:49,297|[TRACE] graph - <------- nonSkippedSpace
2021-11-19T10:23:49,297|[TRACE] graph - <----- statementPart
2021-11-19T10:23:49,297|[TRACE] graph - -----> statementPart
2021-11-19T10:23:49,297|[TRACE] graph - -------> nonSkippedChar
2021-11-19T10:23:49,297|[TRACE] script - #out(`(`) [token]
2021-11-19T10:23:49,297|[TRACE] graph - <------- nonSkippedChar
2021-11-19T10:23:49,297|[TRACE] graph - <----- statementPart
2021-11-19T10:23:49,355|[TRACE] graph - -----> statementPart
2021-11-19T10:23:49,355|[TRACE] graph - -------> nonSkippedChar
2021-11-19T10:23:49,355|[TRACE] script - #out(`u`) [token]
2021-11-19T10:23:49,355|[TRACE] graph - <------- nonSkippedChar
2021-11-19T10:23:49,355|[TRACE] graph - <----- statementPart
2021-11-19T10:23:49,356|[TRACE] graph - -----> statementPart
2021-11-19T10:23:49,356|[TRACE] graph - -------> nonSkippedChar
2021-11-19T10:23:49,356|[TRACE] script - #out(`n`) [token]
2021-11-19T10:23:49,356|[TRACE] graph - <------- nonSkippedChar
2021-11-19T10:23:49,356|[TRACE] graph - <----- statementPart
2021-11-19T10:23:49,356|[TRACE] graph - -----> statementPart
2021-11-19T10:23:49,356|[TRACE] graph - -------> nonSkippedChar
2021-11-19T10:23:49,356|[TRACE] script - #out(`i`) [token]
2021-11-19T10:23:49,356|[TRACE] graph - <------- nonSkippedChar
2021-11-19T10:23:49,356|[TRACE] graph - <----- statementPart
2021-11-19T10:23:49,356|[TRACE] graph - -----> statementPart
2021-11-19T10:23:49,356|[TRACE] graph - -------> nonSkippedChar
2021-11-19T10:23:49,356|[TRACE] script - #out(`x`) [token]
2021-11-19T10:23:49,356|[TRACE] graph - <------- nonSkippedChar
2021-11-19T10:23:49,356|[TRACE] graph - <----- statementPart
2021-11-19T10:23:49,356|[TRACE] graph - -----> statementPart
2021-11-19T10:23:49,356|[TRACE] graph - -------> nonSkippedChar
2021-11-19T10:23:49,356|[TRACE] script - #out(`_`) [token]
2021-11-19T10:23:49,356|[TRACE] graph - <------- nonSkippedChar
2021-11-19T10:23:49,356|[TRACE] graph - <----- statementPart
2021-11-19T10:23:49,356|[TRACE] graph - -----> statementPart
2021-11-19T10:23:49,356|[TRACE] graph - -------> nonSkippedChar
2021-11-19T10:23:49,356|[TRACE] script - #out(`t`) [token]
2021-11-19T10:23:49,356|[TRACE] graph - <------- nonSkippedChar
2021-11-19T10:23:49,356|[TRACE] graph - <----- statementPart
2021-11-19T10:23:49,356|[TRACE] graph - -----> statementPart
2021-11-19T10:23:49,356|[TRACE] graph - -------> nonSkippedChar
2021-11-19T10:23:49,356|[TRACE] script - #out(`i`) [token]
2021-11-19T10:23:49,356|[TRACE] graph - <------- nonSkippedChar
2021-11-19T10:23:49,356|[TRACE] graph - <----- statementPart
2021-11-19T10:23:49,356|[TRACE] graph - -----> statementPart
2021-11-19T10:23:49,356|[TRACE] graph - -------> nonSkippedChar
2021-11-19T10:23:49,356|[TRACE] script - #out(`m`) [token]
2021-11-19T10:23:49,356|[TRACE] graph - <------- nonSkippedChar
2021-11-19T10:23:49,356|[TRACE] graph - <----- statementPart
2021-11-19T10:23:49,356|[TRACE] graph - -----> statementPart
2021-11-19T10:23:49,356|[TRACE] graph - -------> nonSkippedChar
2021-11-19T10:23:49,356|[TRACE] script - #out(`e`) [token]
2021-11-19T10:23:49,356|[TRACE] graph - <------- nonSkippedChar
2021-11-19T10:23:49,356|[TRACE] graph - <----- statementPart
2021-11-19T10:23:49,356|[TRACE] graph - -----> statementPart
2021-11-19T10:23:49,356|[TRACE] graph - -------> nonSkippedChar
2021-11-19T10:23:49,356|[TRACE] script - #out(`s`) [token]
2021-11-19T10:23:49,356|[TRACE] graph - <------- nonSkippedChar
2021-11-19T10:23:49,356|[TRACE] graph - <----- statementPart
2021-11-19T10:23:49,356|[TRACE] graph - -----> statementPart
2021-11-19T10:23:49,356|[TRACE] graph - -------> nonSkippedChar
2021-11-19T10:23:49,356|[TRACE] script - #out(`t`) [token]
2021-11-19T10:23:49,356|[TRACE] graph - <------- nonSkippedChar
2021-11-19T10:23:49,356|[TRACE] graph - <----- statementPart
2021-11-19T10:23:49,356|[TRACE] graph - -----> statementPart
2021-11-19T10:23:49,356|[TRACE] graph - -------> nonSkippedChar
2021-11-19T10:23:49,356|[TRACE] script - #out(`a`) [token]
2021-11-19T10:23:49,356|[TRACE] graph - <------- nonSkippedChar
2021-11-19T10:23:49,356|[TRACE] graph - <----- statementPart
2021-11-19T10:23:49,356|[TRACE] graph - -----> statementPart
2021-11-19T10:23:49,356|[TRACE] graph - -------> nonSkippedChar
2021-11-19T10:23:49,356|[TRACE] script - #out(`m`) [token]
2021-11-19T10:23:49,356|[TRACE] graph - <------- nonSkippedChar
2021-11-19T10:23:49,356|[TRACE] graph - <----- statementPart
2021-11-19T10:23:49,356|[TRACE] graph - -----> statementPart
2021-11-19T10:23:49,356|[TRACE] graph - -------> nonSkippedChar
2021-11-19T10:23:49,356|[TRACE] script - #out(`p`) [token]
2021-11-19T10:23:49,356|[TRACE] graph - <------- nonSkippedChar
2021-11-19T10:23:49,356|[TRACE] graph - <----- statementPart
2021-11-19T10:23:49,356|[TRACE] graph - -----> statementPart
2021-11-19T10:23:49,356|[TRACE] graph - -------> nonSkippedChar
2021-11-19T10:23:49,356|[TRACE] script - #out(`(`) [token]
2021-11-19T10:23:49,356|[TRACE] graph - <------- nonSkippedChar
2021-11-19T10:23:49,356|[TRACE] graph - <----- statementPart
2021-11-19T10:23:49,356|[TRACE] graph - -----> statementPart
2021-11-19T10:23:49,356|[TRACE] graph - -------> nonSkippedChar
2021-11-19T10:23:49,356|[TRACE] script - #out(`n`) [token]
2021-11-19T10:23:49,356|[TRACE] graph - <------- nonSkippedChar
2021-11-19T10:23:49,356|[TRACE] graph - <----- statementPart
2021-11-19T10:23:49,356|[TRACE] graph - -----> statementPart
2021-11-19T10:23:49,356|[TRACE] graph - -------> nonSkippedChar
2021-11-19T10:23:49,356|[TRACE] script - #out(`o`) [token]
2021-11-19T10:23:49,356|[TRACE] graph - <------- nonSkippedChar
2021-11-19T10:23:49,356|[TRACE] graph - <----- statementPart
2021-11-19T10:23:49,356|[TRACE] graph - -----> statementPart
2021-11-19T10:23:49,356|[TRACE] graph - -------> nonSkippedChar
2021-11-19T10:23:49,356|[TRACE] script - #out(`w`) [token]
2021-11-19T10:23:49,356|[TRACE] graph - <------- nonSkippedChar
2021-11-19T10:23:49,356|[TRACE] graph - <----- statementPart
2021-11-19T10:23:49,356|[TRACE] graph - -----> statementPart
2021-11-19T10:23:49,356|[TRACE] graph - -------> nonSkippedChar
2021-11-19T10:23:49,356|[TRACE] script - #out(`(`) [token]
2021-11-19T10:23:49,356|[TRACE] graph - <------- nonSkippedChar
2021-11-19T10:23:49,356|[TRACE] graph - <----- statementPart
2021-11-19T10:23:49,356|[TRACE] graph - -----> statementPart
2021-11-19T10:23:49,356|[TRACE] graph - -------> nonSkippedChar
2021-11-19T10:23:49,356|[TRACE] script - #out(`)`) [token]
2021-11-19T10:23:49,356|[TRACE] graph - <------- nonSkippedChar
2021-11-19T10:23:49,356|[TRACE] graph - <----- statementPart
2021-11-19T10:23:49,356|[TRACE] graph - -----> statementPart
2021-11-19T10:23:49,356|[TRACE] graph - -------> nonSkippedChar
2021-11-19T10:23:49,356|[TRACE] script - #out(`)`) [token]
2021-11-19T10:23:49,356|[TRACE] graph - <------- nonSkippedChar
2021-11-19T10:23:49,356|[TRACE] graph - <----- statementPart
2021-11-19T10:23:49,356|[TRACE] graph - -----> statementPart
2021-11-19T10:23:49,356|[TRACE] graph - -------> nonSkippedSpace
2021-11-19T10:23:49,356|[TRACE] script - #out(` `) [token]
2021-11-19T10:23:49,356|[TRACE] graph - <------- nonSkippedSpace
2021-11-19T10:23:49,356|[TRACE] graph - <----- statementPart
2021-11-19T10:23:49,356|[TRACE] graph - -----> statementPart
2021-11-19T10:23:49,356|[TRACE] graph - -------> nonSkippedChar
2021-11-19T10:23:49,356|[TRACE] script - #out(`*`) [token]
2021-11-19T10:23:49,356|[TRACE] graph - <------- nonSkippedChar
2021-11-19T10:23:49,356|[TRACE] graph - <----- statementPart
2021-11-19T10:23:49,356|[TRACE] graph - -----> statementPart
2021-11-19T10:23:49,356|[TRACE] graph - -------> nonSkippedSpace
2021-11-19T10:23:49,356|[TRACE] script - #out(` `) [token]
2021-11-19T10:23:49,356|[TRACE] graph - <------- nonSkippedSpace
2021-11-19T10:23:49,356|[TRACE] graph - <----- statementPart
2021-11-19T10:23:49,356|[TRACE] graph - -----> statementPart
2021-11-19T10:23:49,356|[TRACE] graph - -------> nonSkippedChar
2021-11-19T10:23:49,356|[TRACE] script - #out(`1`) [token]
2021-11-19T10:23:49,356|[TRACE] graph - <------- nonSkippedChar
2021-11-19T10:23:49,356|[TRACE] graph - <----- statementPart
2021-11-19T10:23:49,356|[TRACE] graph - -----> statementPart
2021-11-19T10:23:49,356|[TRACE] graph - -------> nonSkippedChar
2021-11-19T10:23:49,356|[TRACE] script - #out(`0`) [token]
2021-11-19T10:23:49,356|[TRACE] graph - <------- nonSkippedChar
2021-11-19T10:23:49,356|[TRACE] graph - <----- statementPart
2021-11-19T10:23:49,356|[TRACE] graph - -----> statementPart
2021-11-19T10:23:49,356|[TRACE] graph - -------> nonSkippedChar
2021-11-19T10:23:49,356|[TRACE] script - #out(`0`) [token]
2021-11-19T10:23:49,356|[TRACE] graph - <------- nonSkippedChar
2021-11-19T10:23:49,356|[TRACE] graph - <----- statementPart
2021-11-19T10:23:49,356|[TRACE] graph - -----> statementPart
2021-11-19T10:23:49,356|[TRACE] graph - -------> nonSkippedChar
2021-11-19T10:23:49,356|[TRACE] script - #out(`0`) [token]
2021-11-19T10:23:49,356|[TRACE] graph - <------- nonSkippedChar
2021-11-19T10:23:49,356|[TRACE] graph - <----- statementPart
2021-11-19T10:23:49,356|[TRACE] graph - -----> statementPart
2021-11-19T10:23:49,356|[TRACE] graph - -------> nonSkippedChar
2021-11-19T10:23:49,356|[TRACE] script - #out(`)`) [token]
2021-11-19T10:23:49,356|[TRACE] graph - <------- nonSkippedChar
2021-11-19T10:23:49,356|[TRACE] graph - <----- statementPart
2021-11-19T10:23:49,356|[TRACE] graph - -----> statementPart
2021-11-19T10:23:49,356|[TRACE] graph - -------> nonSkippedChar
2021-11-19T10:23:49,356|[TRACE] script - #out(`,`) [token]
2021-11-19T10:23:49,356|[TRACE] graph - <------- nonSkippedChar
2021-11-19T10:23:49,356|[TRACE] graph - <----- statementPart
2021-11-19T10:23:49,356|[TRACE] graph - -----> afterStatementPartNewline
2021-11-19T10:23:49,356|[TRACE] script - #out(` `) [text]
2021-11-19T10:23:49,356|[TRACE] graph - <----- afterStatementPartNewline
2021-11-19T10:23:49,356|[TRACE] graph - -----> statementPart
2021-11-19T10:23:49,356|[TRACE] graph - -------> nonSkippedSpace
2021-11-19T10:23:49,356|[TRACE] script - #out(` `) [token]
2021-11-19T10:23:49,356|[TRACE] graph - <------- nonSkippedSpace
2021-11-19T10:23:49,356|[TRACE] graph - <----- statementPart
2021-11-19T10:23:49,356|[TRACE] graph - -----> statementPart
2021-11-19T10:23:49,356|[TRACE] graph - -------> nonSkippedSpace
2021-11-19T10:23:49,356|[TRACE] script - #out(` `) [token]
2021-11-19T10:23:49,356|[TRACE] graph - <------- nonSkippedSpace
2021-11-19T10:23:49,356|[TRACE] graph - <----- statementPart
2021-11-19T10:23:49,356|[TRACE] graph - -----> statementPart
2021-11-19T10:23:49,356|[TRACE] graph - -------> quotedString
2021-11-19T10:23:49,356|[TRACE] script - #out(``updated``) [token]
2021-11-19T10:23:49,356|[TRACE] graph - <------- quotedString
2021-11-19T10:23:49,356|[TRACE] graph - <----- statementPart
2021-11-19T10:23:49,356|[TRACE] graph - -----> statementPart
2021-11-19T10:23:49,356|[TRACE] graph - -------> nonSkippedSpace
2021-11-19T10:23:49,356|[TRACE] script - #out(` `) [token]
2021-11-19T10:23:49,356|[TRACE] graph - <------- nonSkippedSpace
2021-11-19T10:23:49,356|[TRACE] graph - <----- statementPart
2021-11-19T10:23:49,357|[TRACE] graph - -----> statementPart
2021-11-19T10:23:49,357|[TRACE] graph - -------> nonSkippedChar
2021-11-19T10:23:49,357|[TRACE] script - #out(`B`) [token]
2021-11-19T10:23:49,357|[TRACE] graph - <------- nonSkippedChar
2021-11-19T10:23:49,357|[TRACE] graph - <----- statementPart
2021-11-19T10:23:49,357|[TRACE] graph - -----> statementPart
2021-11-19T10:23:49,357|[TRACE] graph - -------> nonSkippedChar
2021-11-19T10:23:49,357|[TRACE] script - #out(`I`) [token]
2021-11-19T10:23:49,357|[TRACE] graph - <------- nonSkippedChar
2021-11-19T10:23:49,357|[TRACE] graph - <----- statementPart
2021-11-19T10:23:49,357|[TRACE] graph - -----> statementPart
2021-11-19T10:23:49,357|[TRACE] graph - -------> nonSkippedChar
2021-11-19T10:23:49,357|[TRACE] script - #out(`G`) [token]
2021-11-19T10:23:49,357|[TRACE] graph - <------- nonSkippedChar
2021-11-19T10:23:49,357|[TRACE] graph - <----- statementPart
2021-11-19T10:23:49,357|[TRACE] graph - -----> statementPart
2021-11-19T10:23:49,357|[TRACE] graph - -------> nonSkippedChar
2021-11-19T10:23:49,357|[TRACE] script - #out(`I`) [token]
2021-11-19T10:23:49,357|[TRACE] graph - <------- nonSkippedChar
2021-11-19T10:23:49,357|[TRACE] graph - <----- statementPart
2021-11-19T10:23:49,357|[TRACE] graph - -----> statementPart
2021-11-19T10:23:49,357|[TRACE] graph - -------> nonSkippedChar
2021-11-19T10:23:49,357|[TRACE] script - #out(`N`) [token]
2021-11-19T10:23:49,357|[TRACE] graph - <------- nonSkippedChar
2021-11-19T10:23:49,357|[TRACE] graph - <----- statementPart
2021-11-19T10:23:49,357|[TRACE] graph - -----> statementPart
2021-11-19T10:23:49,357|[TRACE] graph - -------> nonSkippedChar
2021-11-19T10:23:49,357|[TRACE] script - #out(`T`) [token]
2021-11-19T10:23:49,357|[TRACE] graph - <------- nonSkippedChar
2021-11-19T10:23:49,357|[TRACE] graph - <----- statementPart
2021-11-19T10:23:49,357|[TRACE] graph - -----> statementPart
2021-11-19T10:23:49,357|[TRACE] graph - -------> nonSkippedSpace
2021-11-19T10:23:49,357|[TRACE] script - #out(` `) [token]
2021-11-19T10:23:49,357|[TRACE] graph - <------- nonSkippedSpace
2021-11-19T10:23:49,357|[TRACE] graph - <----- statementPart
2021-11-19T10:23:49,357|[TRACE] graph - -----> statementPart
2021-11-19T10:23:49,357|[TRACE] graph - -------> nonSkippedChar
2021-11-19T10:23:49,357|[TRACE] script - #out(`N`) [token]
2021-11-19T10:23:49,357|[TRACE] graph - <------- nonSkippedChar
2021-11-19T10:23:49,357|[TRACE] graph - <----- statementPart
2021-11-19T10:23:49,357|[TRACE] graph - -----> statementPart
2021-11-19T10:23:49,357|[TRACE] graph - -------> nonSkippedChar
2021-11-19T10:23:49,357|[TRACE] script - #out(`O`) [token]
2021-11-19T10:23:49,357|[TRACE] graph - <------- nonSkippedChar
2021-11-19T10:23:49,357|[TRACE] graph - <----- statementPart
2021-11-19T10:23:49,357|[TRACE] graph - -----> statementPart
2021-11-19T10:23:49,357|[TRACE] graph - -------> nonSkippedChar
2021-11-19T10:23:49,357|[TRACE] script - #out(`T`) [token]
2021-11-19T10:23:49,357|[TRACE] graph - <------- nonSkippedChar
2021-11-19T10:23:49,357|[TRACE] graph - <----- statementPart
2021-11-19T10:23:49,357|[TRACE] graph - -----> statementPart
2021-11-19T10:23:49,357|[TRACE] graph - -------> nonSkippedSpace
2021-11-19T10:23:49,357|[TRACE] script - #out(` `) [token]
2021-11-19T10:23:49,357|[TRACE] graph - <------- nonSkippedSpace
2021-11-19T10:23:49,357|[TRACE] graph - <----- statementPart
2021-11-19T10:23:49,357|[TRACE] graph - -----> statementPart
2021-11-19T10:23:49,357|[TRACE] graph - -------> nonSkippedChar
2021-11-19T10:23:49,357|[TRACE] script - #out(`N`) [token]
2021-11-19T10:23:49,357|[TRACE] graph - <------- nonSkippedChar
2021-11-19T10:23:49,357|[TRACE] graph - <----- statementPart
2021-11-19T10:23:49,357|[TRACE] graph - -----> statementPart
2021-11-19T10:23:49,357|[TRACE] graph - -------> nonSkippedChar
2021-11-19T10:23:49,357|[TRACE] script - #out(`U`) [token]
2021-11-19T10:23:49,357|[TRACE] graph - <------- nonSkippedChar
2021-11-19T10:23:49,357|[TRACE] graph - <----- statementPart
2021-11-19T10:23:49,357|[TRACE] graph - -----> statementPart
2021-11-19T10:23:49,357|[TRACE] graph - -------> nonSkippedChar
2021-11-19T10:23:49,357|[TRACE] script - #out(`L`) [token]
2021-11-19T10:23:49,357|[TRACE] graph - <------- nonSkippedChar
2021-11-19T10:23:49,357|[TRACE] graph - <----- statementPart
2021-11-19T10:23:49,357|[TRACE] graph - -----> statementPart
2021-11-19T10:23:49,357|[TRACE] graph - -------> nonSkippedChar
2021-11-19T10:23:49,357|[TRACE] script - #out(`L`) [token]
2021-11-19T10:23:49,357|[TRACE] graph - <------- nonSkippedChar
2021-11-19T10:23:49,357|[TRACE] graph - <----- statementPart
2021-11-19T10:23:49,357|[TRACE] graph - -----> statementPart
2021-11-19T10:23:49,357|[TRACE] graph - -------> nonSkippedSpace
2021-11-19T10:23:49,357|[TRACE] script - #out(` `) [token]
2021-11-19T10:23:49,357|[TRACE] graph - <------- nonSkippedSpace
2021-11-19T10:23:49,357|[TRACE] graph - <----- statementPart
2021-11-19T10:23:49,357|[TRACE] graph - -----> statementPart
2021-11-19T10:23:49,357|[TRACE] graph - -------> nonSkippedChar
2021-11-19T10:23:49,357|[TRACE] script - #out(`D`) [token]
2021-11-19T10:23:49,357|[TRACE] graph - <------- nonSkippedChar
2021-11-19T10:23:49,357|[TRACE] graph - <----- statementPart
2021-11-19T10:23:49,357|[TRACE] graph - -----> statementPart
2021-11-19T10:23:49,357|[TRACE] graph - -------> nonSkippedChar
2021-11-19T10:23:49,357|[TRACE] script - #out(`E`) [token]
2021-11-19T10:23:49,357|[TRACE] graph - <------- nonSkippedChar
2021-11-19T10:23:49,357|[TRACE] graph - <----- statementPart
2021-11-19T10:23:49,357|[TRACE] graph - -----> statementPart
2021-11-19T10:23:49,357|[TRACE] graph - -------> nonSkippedChar
2021-11-19T10:23:49,357|[TRACE] script - #out(`F`) [token]
2021-11-19T10:23:49,357|[TRACE] graph - <------- nonSkippedChar
2021-11-19T10:23:49,357|[TRACE] graph - <----- statementPart
2021-11-19T10:23:49,357|[TRACE] graph - -----> statementPart
2021-11-19T10:23:49,357|[TRACE] graph - -------> nonSkippedChar
2021-11-19T10:23:49,357|[TRACE] script - #out(`A`) [token]
2021-11-19T10:23:49,357|[TRACE] graph - <------- nonSkippedChar
2021-11-19T10:23:49,357|[TRACE] graph - <----- statementPart
2021-11-19T10:23:49,357|[TRACE] graph - -----> statementPart
2021-11-19T10:23:49,357|[TRACE] graph - -------> nonSkippedChar
2021-11-19T10:23:49,357|[TRACE] script - #out(`U`) [token]
2021-11-19T10:23:49,357|[TRACE] graph - <------- nonSkippedChar
2021-11-19T10:23:49,357|[TRACE] graph - <----- statementPart
2021-11-19T10:23:49,357|[TRACE] graph - -----> statementPart
2021-11-19T10:23:49,357|[TRACE] graph - -------> nonSkippedChar
2021-11-19T10:23:49,357|[TRACE] script - #out(`L`) [token]
2021-11-19T10:23:49,357|[TRACE] graph - <------- nonSkippedChar
2021-11-19T10:23:49,357|[TRACE] graph - <----- statementPart
2021-11-19T10:23:49,357|[TRACE] graph - -----> statementPart
2021-11-19T10:23:49,357|[TRACE] graph - -------> nonSkippedChar
2021-11-19T10:23:49,357|[TRACE] script - #out(`T`) [token]
2021-11-19T10:23:49,357|[TRACE] graph - <------- nonSkippedChar
2021-11-19T10:23:49,357|[TRACE] graph - <----- statementPart
2021-11-19T10:23:49,357|[TRACE] graph - -----> statementPart
2021-11-19T10:23:49,357|[TRACE] graph - -------> nonSkippedSpace
2021-11-19T10:23:49,357|[TRACE] script - #out(` `) [token]
2021-11-19T10:23:49,357|[TRACE] graph - <------- nonSkippedSpace
2021-11-19T10:23:49,357|[TRACE] graph - <----- statementPart
2021-11-19T10:23:49,357|[TRACE] graph - -----> statementPart
2021-11-19T10:23:49,357|[TRACE] graph - -------> nonSkippedChar
2021-11-19T10:23:49,357|[TRACE] script - #out(`(`) [token]
2021-11-19T10:23:49,357|[TRACE] graph - <------- nonSkippedChar
2021-11-19T10:23:49,357|[TRACE] graph - <----- statementPart
2021-11-19T10:23:49,357|[TRACE] graph - -----> statementPart
2021-11-19T10:23:49,357|[TRACE] graph - -------> nonSkippedChar
2021-11-19T10:23:49,357|[TRACE] script - #out(`u`) [token]
2021-11-19T10:23:49,357|[TRACE] graph - <------- nonSkippedChar
2021-11-19T10:23:49,357|[TRACE] graph - <----- statementPart
2021-11-19T10:23:49,357|[TRACE] graph - -----> statementPart
2021-11-19T10:23:49,357|[TRACE] graph - -------> nonSkippedChar
2021-11-19T10:23:49,357|[TRACE] script - #out(`n`) [token]
2021-11-19T10:23:49,357|[TRACE] graph - <------- nonSkippedChar
2021-11-19T10:23:49,357|[TRACE] graph - <----- statementPart
2021-11-19T10:23:49,357|[TRACE] graph - -----> statementPart
2021-11-19T10:23:49,357|[TRACE] graph - -------> nonSkippedChar
2021-11-19T10:23:49,357|[TRACE] script - #out(`i`) [token]
2021-11-19T10:23:49,357|[TRACE] graph - <------- nonSkippedChar
2021-11-19T10:23:49,357|[TRACE] graph - <----- statementPart
2021-11-19T10:23:49,357|[TRACE] graph - -----> statementPart
2021-11-19T10:23:49,357|[TRACE] graph - -------> nonSkippedChar
2021-11-19T10:23:49,357|[TRACE] script - #out(`x`) [token]
2021-11-19T10:23:49,357|[TRACE] graph - <------- nonSkippedChar
2021-11-19T10:23:49,357|[TRACE] graph - <----- statementPart
2021-11-19T10:23:49,357|[TRACE] graph - -----> statementPart
2021-11-19T10:23:49,357|[TRACE] graph - -------> nonSkippedChar
2021-11-19T10:23:49,357|[TRACE] script - #out(`_`) [token]
2021-11-19T10:23:49,357|[TRACE] graph - <------- nonSkippedChar
2021-11-19T10:23:49,357|[TRACE] graph - <----- statementPart
2021-11-19T10:23:49,358|[TRACE] graph - -----> statementPart
2021-11-19T10:23:49,358|[TRACE] graph - -------> nonSkippedChar
2021-11-19T10:23:49,358|[TRACE] script - #out(`t`) [token]
2021-11-19T10:23:49,358|[TRACE] graph - <------- nonSkippedChar
2021-11-19T10:23:49,358|[TRACE] graph - <----- statementPart
2021-11-19T10:23:49,358|[TRACE] graph - -----> statementPart
2021-11-19T10:23:49,358|[TRACE] graph - -------> nonSkippedChar
2021-11-19T10:23:49,358|[TRACE] script - #out(`i`) [token]
2021-11-19T10:23:49,358|[TRACE] graph - <------- nonSkippedChar
2021-11-19T10:23:49,358|[TRACE] graph - <----- statementPart
2021-11-19T10:23:49,358|[TRACE] graph - -----> statementPart
2021-11-19T10:23:49,358|[TRACE] graph - -------> nonSkippedChar
2021-11-19T10:23:49,358|[TRACE] script - #out(`m`) [token]
2021-11-19T10:23:49,358|[TRACE] graph - <------- nonSkippedChar
2021-11-19T10:23:49,358|[TRACE] graph - <----- statementPart
2021-11-19T10:23:49,358|[TRACE] graph - -----> statementPart
2021-11-19T10:23:49,358|[TRACE] graph - -------> nonSkippedChar
2021-11-19T10:23:49,358|[TRACE] script - #out(`e`) [token]
2021-11-19T10:23:49,358|[TRACE] graph - <------- nonSkippedChar
2021-11-19T10:23:49,358|[TRACE] graph - <----- statementPart
2021-11-19T10:23:49,358|[TRACE] graph - -----> statementPart
2021-11-19T10:23:49,358|[TRACE] graph - -------> nonSkippedChar
2021-11-19T10:23:49,358|[TRACE] script - #out(`s`) [token]
2021-11-19T10:23:49,358|[TRACE] graph - <------- nonSkippedChar
2021-11-19T10:23:49,358|[TRACE] graph - <----- statementPart
2021-11-19T10:23:49,358|[TRACE] graph - -----> statementPart
2021-11-19T10:23:49,358|[TRACE] graph - -------> nonSkippedChar
2021-11-19T10:23:49,358|[TRACE] script - #out(`t`) [token]
2021-11-19T10:23:49,358|[TRACE] graph - <------- nonSkippedChar
2021-11-19T10:23:49,358|[TRACE] graph - <----- statementPart
2021-11-19T10:23:49,358|[TRACE] graph - -----> statementPart
2021-11-19T10:23:49,358|[TRACE] graph - -------> nonSkippedChar
2021-11-19T10:23:49,358|[TRACE] script - #out(`a`) [token]
2021-11-19T10:23:49,358|[TRACE] graph - <------- nonSkippedChar
2021-11-19T10:23:49,358|[TRACE] graph - <----- statementPart
2021-11-19T10:23:49,358|[TRACE] graph - -----> statementPart
2021-11-19T10:23:49,358|[TRACE] graph - -------> nonSkippedChar
2021-11-19T10:23:49,358|[TRACE] script - #out(`m`) [token]
2021-11-19T10:23:49,358|[TRACE] graph - <------- nonSkippedChar
2021-11-19T10:23:49,358|[TRACE] graph - <----- statementPart
2021-11-19T10:23:49,358|[TRACE] graph - -----> statementPart
2021-11-19T10:23:49,358|[TRACE] graph - -------> nonSkippedChar
2021-11-19T10:23:49,358|[TRACE] script - #out(`p`) [token]
2021-11-19T10:23:49,358|[TRACE] graph - <------- nonSkippedChar
2021-11-19T10:23:49,358|[TRACE] graph - <----- statementPart
2021-11-19T10:23:49,358|[TRACE] graph - -----> statementPart
2021-11-19T10:23:49,358|[TRACE] graph - -------> nonSkippedChar
2021-11-19T10:23:49,358|[TRACE] script - #out(`(`) [token]
2021-11-19T10:23:49,358|[TRACE] graph - <------- nonSkippedChar
2021-11-19T10:23:49,358|[TRACE] graph - <----- statementPart
2021-11-19T10:23:49,358|[TRACE] graph - -----> statementPart
2021-11-19T10:23:49,358|[TRACE] graph - -------> nonSkippedChar
2021-11-19T10:23:49,358|[TRACE] script - #out(`n`) [token]
2021-11-19T10:23:49,358|[TRACE] graph - <------- nonSkippedChar
2021-11-19T10:23:49,358|[TRACE] graph - <----- statementPart
2021-11-19T10:23:49,358|[TRACE] graph - -----> statementPart
2021-11-19T10:23:49,358|[TRACE] graph - -------> nonSkippedChar
2021-11-19T10:23:49,358|[TRACE] script - #out(`o`) [token]
2021-11-19T10:23:49,358|[TRACE] graph - <------- nonSkippedChar
2021-11-19T10:23:49,358|[TRACE] graph - <----- statementPart
2021-11-19T10:23:49,358|[TRACE] graph - -----> statementPart
2021-11-19T10:23:49,358|[TRACE] graph - -------> nonSkippedChar
2021-11-19T10:23:49,358|[TRACE] script - #out(`w`) [token]
2021-11-19T10:23:49,358|[TRACE] graph - <------- nonSkippedChar
2021-11-19T10:23:49,358|[TRACE] graph - <----- statementPart
2021-11-19T10:23:49,358|[TRACE] graph - -----> statementPart
2021-11-19T10:23:49,358|[TRACE] graph - -------> nonSkippedChar
2021-11-19T10:23:49,358|[TRACE] script - #out(`(`) [token]
2021-11-19T10:23:49,358|[TRACE] graph - <------- nonSkippedChar
2021-11-19T10:23:49,358|[TRACE] graph - <----- statementPart
2021-11-19T10:23:49,358|[TRACE] graph - -----> statementPart
2021-11-19T10:23:49,358|[TRACE] graph - -------> nonSkippedChar
2021-11-19T10:23:49,358|[TRACE] script - #out(`)`) [token]
2021-11-19T10:23:49,358|[TRACE] graph - <------- nonSkippedChar
2021-11-19T10:23:49,358|[TRACE] graph - <----- statementPart
2021-11-19T10:23:49,358|[TRACE] graph - -----> statementPart
2021-11-19T10:23:49,358|[TRACE] graph - -------> nonSkippedChar
2021-11-19T10:23:49,358|[TRACE] script - #out(`)`) [token]
2021-11-19T10:23:49,358|[TRACE] graph - <------- nonSkippedChar
2021-11-19T10:23:49,358|[TRACE] graph - <----- statementPart
2021-11-19T10:23:49,358|[TRACE] graph - -----> statementPart
2021-11-19T10:23:49,358|[TRACE] graph - -------> nonSkippedSpace
2021-11-19T10:23:49,358|[TRACE] script - #out(` `) [token]
2021-11-19T10:23:49,358|[TRACE] graph - <------- nonSkippedSpace
2021-11-19T10:23:49,358|[TRACE] graph - <----- statementPart
2021-11-19T10:23:49,358|[TRACE] graph - -----> statementPart
2021-11-19T10:23:49,358|[TRACE] graph - -------> nonSkippedChar
2021-11-19T10:23:49,358|[TRACE] script - #out(`*`) [token]
2021-11-19T10:23:49,358|[TRACE] graph - <------- nonSkippedChar
2021-11-19T10:23:49,358|[TRACE] graph - <----- statementPart
2021-11-19T10:23:49,358|[TRACE] graph - -----> statementPart
2021-11-19T10:23:49,358|[TRACE] graph - -------> nonSkippedSpace
2021-11-19T10:23:49,358|[TRACE] script - #out(` `) [token]
2021-11-19T10:23:49,358|[TRACE] graph - <------- nonSkippedSpace
2021-11-19T10:23:49,358|[TRACE] graph - <----- statementPart
2021-11-19T10:23:49,358|[TRACE] graph - -----> statementPart
2021-11-19T10:23:49,358|[TRACE] graph - -------> nonSkippedChar
2021-11-19T10:23:49,358|[TRACE] script - #out(`1`) [token]
2021-11-19T10:23:49,358|[TRACE] graph - <------- nonSkippedChar
2021-11-19T10:23:49,358|[TRACE] graph - <----- statementPart
2021-11-19T10:23:49,358|[TRACE] graph - -----> statementPart
2021-11-19T10:23:49,358|[TRACE] graph - -------> nonSkippedChar
2021-11-19T10:23:49,358|[TRACE] script - #out(`0`) [token]
2021-11-19T10:23:49,358|[TRACE] graph - <------- nonSkippedChar
2021-11-19T10:23:49,358|[TRACE] graph - <----- statementPart
2021-11-19T10:23:49,358|[TRACE] graph - -----> statementPart
2021-11-19T10:23:49,358|[TRACE] graph - -------> nonSkippedChar
2021-11-19T10:23:49,358|[TRACE] script - #out(`0`) [token]
2021-11-19T10:23:49,358|[TRACE] graph - <------- nonSkippedChar
2021-11-19T10:23:49,358|[TRACE] graph - <----- statementPart
2021-11-19T10:23:49,358|[TRACE] graph - -----> statementPart
2021-11-19T10:23:49,358|[TRACE] graph - -------> nonSkippedChar
2021-11-19T10:23:49,358|[TRACE] script - #out(`0`) [token]
2021-11-19T10:23:49,358|[TRACE] graph - <------- nonSkippedChar
2021-11-19T10:23:49,358|[TRACE] graph - <----- statementPart
2021-11-19T10:23:49,358|[TRACE] graph - -----> statementPart
2021-11-19T10:23:49,358|[TRACE] graph - -------> nonSkippedChar
2021-11-19T10:23:49,358|[TRACE] script - #out(`)`) [token]
2021-11-19T10:23:49,358|[TRACE] graph - <------- nonSkippedChar
2021-11-19T10:23:49,358|[TRACE] graph - <----- statementPart
2021-11-19T10:23:49,358|[TRACE] graph - -----> statementPart
2021-11-19T10:23:49,358|[TRACE] graph - -------> nonSkippedChar
2021-11-19T10:23:49,358|[TRACE] script - #out(`,`) [token]
2021-11-19T10:23:49,358|[TRACE] graph - <------- nonSkippedChar
2021-11-19T10:23:49,358|[TRACE] graph - <----- statementPart
2021-11-19T10:23:49,358|[TRACE] graph - -----> afterStatementPartNewline
2021-11-19T10:23:49,358|[TRACE] script - #out(` `) [text]
2021-11-19T10:23:49,358|[TRACE] graph - <----- afterStatementPartNewline
2021-11-19T10:23:49,358|[TRACE] graph - -----> statementPart
2021-11-19T10:23:49,358|[TRACE] graph - -------> nonSkippedSpace
2021-11-19T10:23:49,358|[TRACE] script - #out(` `) [token]
2021-11-19T10:23:49,358|[TRACE] graph - <------- nonSkippedSpace
2021-11-19T10:23:49,358|[TRACE] graph - <----- statementPart
2021-11-19T10:23:49,358|[TRACE] graph - -----> statementPart
2021-11-19T10:23:49,358|[TRACE] graph - -------> nonSkippedSpace
2021-11-19T10:23:49,358|[TRACE] script - #out(` `) [token]
2021-11-19T10:23:49,359|[TRACE] graph - <------- nonSkippedSpace
2021-11-19T10:23:49,359|[TRACE] graph - <----- statementPart
2021-11-19T10:23:49,359|[TRACE] graph - -----> statementPart
2021-11-19T10:23:49,359|[TRACE] graph - -------> quotedString
2021-11-19T10:23:49,359|[TRACE] script - #out(``version``) [token]
2021-11-19T10:23:49,359|[TRACE] graph - <------- quotedString
2021-11-19T10:23:49,414|[TRACE] graph - <----- statementPart
2021-11-19T10:23:49,414|[TRACE] graph - -----> statementPart
2021-11-19T10:23:49,414|[TRACE] graph - -------> nonSkippedSpace
2021-11-19T10:23:49,414|[TRACE] script - #out(` `) [token]
2021-11-19T10:23:49,414|[TRACE] graph - <------- nonSkippedSpace
2021-11-19T10:23:49,414|[TRACE] graph - <----- statementPart
2021-11-19T10:23:49,414|[TRACE] graph - -----> statementPart
2021-11-19T10:23:49,414|[TRACE] graph - -------> nonSkippedChar
2021-11-19T10:23:49,414|[TRACE] script - #out(`I`) [token]
2021-11-19T10:23:49,414|[TRACE] graph - <------- nonSkippedChar
2021-11-19T10:23:49,414|[TRACE] graph - <----- statementPart
2021-11-19T10:23:49,414|[TRACE] graph - -----> statementPart
2021-11-19T10:23:49,414|[TRACE] graph - -------> nonSkippedChar
2021-11-19T10:23:49,414|[TRACE] script - #out(`N`) [token]
2021-11-19T10:23:49,414|[TRACE] graph - <------- nonSkippedChar
2021-11-19T10:23:49,414|[TRACE] graph - <----- statementPart
2021-11-19T10:23:49,414|[TRACE] graph - -----> statementPart
2021-11-19T10:23:49,414|[TRACE] graph - -------> nonSkippedChar
2021-11-19T10:23:49,414|[TRACE] script - #out(`T`) [token]
2021-11-19T10:23:49,414|[TRACE] graph - <------- nonSkippedChar
2021-11-19T10:23:49,414|[TRACE] graph - <----- statementPart
2021-11-19T10:23:49,414|[TRACE] graph - -----> statementPart
2021-11-19T10:23:49,414|[TRACE] graph - -------> nonSkippedSpace
2021-11-19T10:23:49,414|[TRACE] script - #out(` `) [token]
2021-11-19T10:23:49,414|[TRACE] graph - <------- nonSkippedSpace
2021-11-19T10:23:49,414|[TRACE] graph - <----- statementPart
2021-11-19T10:23:49,414|[TRACE] graph - -----> statementPart
2021-11-19T10:23:49,414|[TRACE] graph - -------> nonSkippedChar
2021-11-19T10:23:49,414|[TRACE] script - #out(`N`) [token]
2021-11-19T10:23:49,414|[TRACE] graph - <------- nonSkippedChar
2021-11-19T10:23:49,414|[TRACE] graph - <----- statementPart
2021-11-19T10:23:49,414|[TRACE] graph - -----> statementPart
2021-11-19T10:23:49,414|[TRACE] graph - -------> nonSkippedChar
2021-11-19T10:23:49,414|[TRACE] script - #out(`O`) [token]
2021-11-19T10:23:49,414|[TRACE] graph - <------- nonSkippedChar
2021-11-19T10:23:49,414|[TRACE] graph - <----- statementPart
2021-11-19T10:23:49,414|[TRACE] graph - -----> statementPart
2021-11-19T10:23:49,414|[TRACE] graph - -------> nonSkippedChar
2021-11-19T10:23:49,414|[TRACE] script - #out(`T`) [token]
2021-11-19T10:23:49,414|[TRACE] graph - <------- nonSkippedChar
2021-11-19T10:23:49,414|[TRACE] graph - <----- statementPart
2021-11-19T10:23:49,414|[TRACE] graph - -----> statementPart
2021-11-19T10:23:49,414|[TRACE] graph - -------> nonSkippedSpace
2021-11-19T10:23:49,414|[TRACE] script - #out(` `) [token]
2021-11-19T10:23:49,414|[TRACE] graph - <------- nonSkippedSpace
2021-11-19T10:23:49,414|[TRACE] graph - <----- statementPart
2021-11-19T10:23:49,414|[TRACE] graph - -----> statementPart
2021-11-19T10:23:49,414|[TRACE] graph - -------> nonSkippedChar
2021-11-19T10:23:49,414|[TRACE] script - #out(`N`) [token]
2021-11-19T10:23:49,414|[TRACE] graph - <------- nonSkippedChar
2021-11-19T10:23:49,414|[TRACE] graph - <----- statementPart
2021-11-19T10:23:49,414|[TRACE] graph - -----> statementPart
2021-11-19T10:23:49,414|[TRACE] graph - -------> nonSkippedChar
2021-11-19T10:23:49,414|[TRACE] script - #out(`U`) [token]
2021-11-19T10:23:49,414|[TRACE] graph - <------- nonSkippedChar
2021-11-19T10:23:49,414|[TRACE] graph - <----- statementPart
2021-11-19T10:23:49,414|[TRACE] graph - -----> statementPart
2021-11-19T10:23:49,414|[TRACE] graph - -------> nonSkippedChar
2021-11-19T10:23:49,414|[TRACE] script - #out(`L`) [token]
2021-11-19T10:23:49,414|[TRACE] graph - <------- nonSkippedChar
2021-11-19T10:23:49,414|[TRACE] graph - <----- statementPart
2021-11-19T10:23:49,414|[TRACE] graph - -----> statementPart
2021-11-19T10:23:49,414|[TRACE] graph - -------> nonSkippedChar
2021-11-19T10:23:49,414|[TRACE] script - #out(`L`) [token]
2021-11-19T10:23:49,414|[TRACE] graph - <------- nonSkippedChar
2021-11-19T10:23:49,414|[TRACE] graph - <----- statementPart
2021-11-19T10:23:49,414|[TRACE] graph - -----> statementPart
2021-11-19T10:23:49,414|[TRACE] graph - -------> nonSkippedSpace
2021-11-19T10:23:49,414|[TRACE] script - #out(` `) [token]
2021-11-19T10:23:49,414|[TRACE] graph - <------- nonSkippedSpace
2021-11-19T10:23:49,414|[TRACE] graph - <----- statementPart
2021-11-19T10:23:49,414|[TRACE] graph - -----> statementPart
2021-11-19T10:23:49,414|[TRACE] graph - -------> nonSkippedChar
2021-11-19T10:23:49,414|[TRACE] script - #out(`D`) [token]
2021-11-19T10:23:49,414|[TRACE] graph - <------- nonSkippedChar
2021-11-19T10:23:49,414|[TRACE] graph - <----- statementPart
2021-11-19T10:23:49,414|[TRACE] graph - -----> statementPart
2021-11-19T10:23:49,414|[TRACE] graph - -------> nonSkippedChar
2021-11-19T10:23:49,414|[TRACE] script - #out(`E`) [token]
2021-11-19T10:23:49,414|[TRACE] graph - <------- nonSkippedChar
2021-11-19T10:23:49,414|[TRACE] graph - <----- statementPart
2021-11-19T10:23:49,414|[TRACE] graph - -----> statementPart
2021-11-19T10:23:49,414|[TRACE] graph - -------> nonSkippedChar
2021-11-19T10:23:49,414|[TRACE] script - #out(`F`) [token]
2021-11-19T10:23:49,414|[TRACE] graph - <------- nonSkippedChar
2021-11-19T10:23:49,414|[TRACE] graph - <----- statementPart
2021-11-19T10:23:49,414|[TRACE] graph - -----> statementPart
2021-11-19T10:23:49,414|[TRACE] graph - -------> nonSkippedChar
2021-11-19T10:23:49,414|[TRACE] script - #out(`A`) [token]
2021-11-19T10:23:49,414|[TRACE] graph - <------- nonSkippedChar
2021-11-19T10:23:49,414|[TRACE] graph - <----- statementPart
2021-11-19T10:23:49,414|[TRACE] graph - -----> statementPart
2021-11-19T10:23:49,414|[TRACE] graph - -------> nonSkippedChar
2021-11-19T10:23:49,414|[TRACE] script - #out(`U`) [token]
2021-11-19T10:23:49,414|[TRACE] graph - <------- nonSkippedChar
2021-11-19T10:23:49,414|[TRACE] graph - <----- statementPart
2021-11-19T10:23:49,414|[TRACE] graph - -----> statementPart
2021-11-19T10:23:49,414|[TRACE] graph - -------> nonSkippedChar
2021-11-19T10:23:49,414|[TRACE] script - #out(`L`) [token]
2021-11-19T10:23:49,414|[TRACE] graph - <------- nonSkippedChar
2021-11-19T10:23:49,414|[TRACE] graph - <----- statementPart
2021-11-19T10:23:49,414|[TRACE] graph - -----> statementPart
2021-11-19T10:23:49,414|[TRACE] graph - -------> nonSkippedChar
2021-11-19T10:23:49,414|[TRACE] script - #out(`T`) [token]
2021-11-19T10:23:49,414|[TRACE] graph - <------- nonSkippedChar
2021-11-19T10:23:49,414|[TRACE] graph - <----- statementPart
2021-11-19T10:23:49,415|[TRACE] graph - -----> statementPart
2021-11-19T10:23:49,415|[TRACE] graph - -------> nonSkippedSpace
2021-11-19T10:23:49,415|[TRACE] script - #out(` `) [token]
2021-11-19T10:23:49,415|[TRACE] graph - <------- nonSkippedSpace
2021-11-19T10:23:49,415|[TRACE] graph - <----- statementPart
2021-11-19T10:23:49,415|[TRACE] graph - -----> statementPart
2021-11-19T10:23:49,415|[TRACE] graph - -------> nonSkippedChar
2021-11-19T10:23:49,415|[TRACE] script - #out(`1`) [token]
2021-11-19T10:23:49,415|[TRACE] graph - <------- nonSkippedChar
2021-11-19T10:23:49,415|[TRACE] graph - <----- statementPart
2021-11-19T10:23:49,415|[TRACE] graph - -----> statementPart
2021-11-19T10:23:49,415|[TRACE] graph - -------> nonSkippedChar
2021-11-19T10:23:49,415|[TRACE] script - #out(`,`) [token]
2021-11-19T10:23:49,415|[TRACE] graph - <------- nonSkippedChar
2021-11-19T10:23:49,415|[TRACE] graph - <----- statementPart
2021-11-19T10:23:49,415|[TRACE] graph - -----> afterStatementPartNewline
2021-11-19T10:23:49,415|[TRACE] script - #out(` `) [text]
2021-11-19T10:23:49,415|[TRACE] graph - <----- afterStatementPartNewline
2021-11-19T10:23:49,415|[TRACE] graph - -----> statementPart
2021-11-19T10:23:49,415|[TRACE] graph - -------> nonSkippedSpace
2021-11-19T10:23:49,415|[TRACE] script - #out(` `) [token]
2021-11-19T10:23:49,415|[TRACE] graph - <------- nonSkippedSpace
2021-11-19T10:23:49,415|[TRACE] graph - <----- statementPart
2021-11-19T10:23:49,415|[TRACE] graph - -----> statementPart
2021-11-19T10:23:49,415|[TRACE] graph - -------> nonSkippedSpace
2021-11-19T10:23:49,415|[TRACE] script - #out(` `) [token]
2021-11-19T10:23:49,415|[TRACE] graph - <------- nonSkippedSpace
2021-11-19T10:23:49,415|[TRACE] graph - <----- statementPart
2021-11-19T10:23:49,415|[TRACE] graph - -----> statementPart
2021-11-19T10:23:49,415|[TRACE] graph - -------> nonSkippedChar
2021-11-19T10:23:49,415|[TRACE] script - #out(`P`) [token]
2021-11-19T10:23:49,415|[TRACE] graph - <------- nonSkippedChar
2021-11-19T10:23:49,415|[TRACE] graph - <----- statementPart
2021-11-19T10:23:49,415|[TRACE] graph - -----> statementPart
2021-11-19T10:23:49,415|[TRACE] graph - -------> nonSkippedChar
2021-11-19T10:23:49,415|[TRACE] script - #out(`R`) [token]
2021-11-19T10:23:49,415|[TRACE] graph - <------- nonSkippedChar
2021-11-19T10:23:49,415|[TRACE] graph - <----- statementPart
2021-11-19T10:23:49,415|[TRACE] graph - -----> statementPart
2021-11-19T10:23:49,415|[TRACE] graph - -------> nonSkippedChar
2021-11-19T10:23:49,415|[TRACE] script - #out(`I`) [token]
2021-11-19T10:23:49,415|[TRACE] graph - <------- nonSkippedChar
2021-11-19T10:23:49,415|[TRACE] graph - <----- statementPart
2021-11-19T10:23:49,415|[TRACE] graph - -----> statementPart
2021-11-19T10:23:49,415|[TRACE] graph - -------> nonSkippedChar
2021-11-19T10:23:49,415|[TRACE] script - #out(`M`) [token]
2021-11-19T10:23:49,415|[TRACE] graph - <------- nonSkippedChar
2021-11-19T10:23:49,415|[TRACE] graph - <----- statementPart
2021-11-19T10:23:49,415|[TRACE] graph - -----> statementPart
2021-11-19T10:23:49,415|[TRACE] graph - -------> nonSkippedChar
2021-11-19T10:23:49,415|[TRACE] script - #out(`A`) [token]
2021-11-19T10:23:49,415|[TRACE] graph - <------- nonSkippedChar
2021-11-19T10:23:49,415|[TRACE] graph - <----- statementPart
2021-11-19T10:23:49,415|[TRACE] graph - -----> statementPart
2021-11-19T10:23:49,415|[TRACE] graph - -------> nonSkippedChar
2021-11-19T10:23:49,415|[TRACE] script - #out(`R`) [token]
2021-11-19T10:23:49,415|[TRACE] graph - <------- nonSkippedChar
2021-11-19T10:23:49,415|[TRACE] graph - <----- statementPart
2021-11-19T10:23:49,415|[TRACE] graph - -----> statementPart
2021-11-19T10:23:49,415|[TRACE] graph - -------> nonSkippedChar
2021-11-19T10:23:49,415|[TRACE] script - #out(`Y`) [token]
2021-11-19T10:23:49,415|[TRACE] graph - <------- nonSkippedChar
2021-11-19T10:23:49,415|[TRACE] graph - <----- statementPart
2021-11-19T10:23:49,415|[TRACE] graph - -----> statementPart
2021-11-19T10:23:49,415|[TRACE] graph - -------> nonSkippedSpace
2021-11-19T10:23:49,415|[TRACE] script - #out(` `) [token]
2021-11-19T10:23:49,415|[TRACE] graph - <------- nonSkippedSpace
2021-11-19T10:23:49,415|[TRACE] graph - <----- statementPart
2021-11-19T10:23:49,415|[TRACE] graph - -----> statementPart
2021-11-19T10:23:49,415|[TRACE] graph - -------> nonSkippedChar
2021-11-19T10:23:49,415|[TRACE] script - #out(`K`) [token]
2021-11-19T10:23:49,415|[TRACE] graph - <------- nonSkippedChar
2021-11-19T10:23:49,415|[TRACE] graph - <----- statementPart
2021-11-19T10:23:49,415|[TRACE] graph - -----> statementPart
2021-11-19T10:23:49,415|[TRACE] graph - -------> nonSkippedChar
2021-11-19T10:23:49,415|[TRACE] script - #out(`E`) [token]
2021-11-19T10:23:49,415|[TRACE] graph - <------- nonSkippedChar
2021-11-19T10:23:49,415|[TRACE] graph - <----- statementPart
2021-11-19T10:23:49,415|[TRACE] graph - -----> statementPart
2021-11-19T10:23:49,415|[TRACE] graph - -------> nonSkippedChar
2021-11-19T10:23:49,415|[TRACE] script - #out(`Y`) [token]
2021-11-19T10:23:49,415|[TRACE] graph - <------- nonSkippedChar
2021-11-19T10:23:49,415|[TRACE] graph - <----- statementPart
2021-11-19T10:23:49,415|[TRACE] graph - -----> statementPart
2021-11-19T10:23:49,415|[TRACE] graph - -------> nonSkippedSpace
2021-11-19T10:23:49,415|[TRACE] script - #out(` `) [token]
2021-11-19T10:23:49,415|[TRACE] graph - <------- nonSkippedSpace
2021-11-19T10:23:49,415|[TRACE] graph - <----- statementPart
2021-11-19T10:23:49,415|[TRACE] graph - -----> statementPart
2021-11-19T10:23:49,415|[TRACE] graph - -------> nonSkippedChar
2021-11-19T10:23:49,415|[TRACE] script - #out(`(`) [token]
2021-11-19T10:23:49,415|[TRACE] graph - <------- nonSkippedChar
2021-11-19T10:23:49,415|[TRACE] graph - <----- statementPart
2021-11-19T10:23:49,415|[TRACE] graph - -----> statementPart
2021-11-19T10:23:49,415|[TRACE] graph - -------> quotedString
2021-11-19T10:23:49,415|[TRACE] script - #out(``bank_id``) [token]
2021-11-19T10:23:49,415|[TRACE] graph - <------- quotedString
2021-11-19T10:23:49,415|[TRACE] graph - <----- statementPart
2021-11-19T10:23:49,415|[TRACE] graph - -----> statementPart
2021-11-19T10:23:49,415|[TRACE] graph - -------> nonSkippedChar
2021-11-19T10:23:49,415|[TRACE] script - #out(`)`) [token]
2021-11-19T10:23:49,415|[TRACE] graph - <------- nonSkippedChar
2021-11-19T10:23:49,415|[TRACE] graph - <----- statementPart
2021-11-19T10:23:49,415|[TRACE] graph - -----> statementPart
2021-11-19T10:23:49,415|[TRACE] graph - -------> nonSkippedChar
2021-11-19T10:23:49,415|[TRACE] script - #out(`,`) [token]
2021-11-19T10:23:49,415|[TRACE] graph - <------- nonSkippedChar
2021-11-19T10:23:49,415|[TRACE] graph - <----- statementPart
2021-11-19T10:23:49,415|[TRACE] graph - -----> afterStatementPartNewline
2021-11-19T10:23:49,415|[TRACE] script - #out(` `) [text]
2021-11-19T10:23:49,415|[TRACE] graph - <----- afterStatementPartNewline
2021-11-19T10:23:49,415|[TRACE] graph - -----> statementPart
2021-11-19T10:23:49,415|[TRACE] graph - -------> nonSkippedSpace
2021-11-19T10:23:49,415|[TRACE] script - #out(` `) [token]
2021-11-19T10:23:49,415|[TRACE] graph - <------- nonSkippedSpace
2021-11-19T10:23:49,415|[TRACE] graph - <----- statementPart
2021-11-19T10:23:49,415|[TRACE] graph - -----> statementPart
2021-11-19T10:23:49,415|[TRACE] graph - -------> nonSkippedSpace
2021-11-19T10:23:49,415|[TRACE] script - #out(` `) [token]
2021-11-19T10:23:49,415|[TRACE] graph - <------- nonSkippedSpace
2021-11-19T10:23:49,415|[TRACE] graph - <----- statementPart
2021-11-19T10:23:49,415|[TRACE] graph - -----> statementPart
2021-11-19T10:23:49,415|[TRACE] graph - -------> nonSkippedChar
2021-11-19T10:23:49,415|[TRACE] script - #out(`U`) [token]
2021-11-19T10:23:49,415|[TRACE] graph - <------- nonSkippedChar
2021-11-19T10:23:49,415|[TRACE] graph - <----- statementPart
2021-11-19T10:23:49,415|[TRACE] graph - -----> statementPart
2021-11-19T10:23:49,415|[TRACE] graph - -------> nonSkippedChar
2021-11-19T10:23:49,415|[TRACE] script - #out(`N`) [token]
2021-11-19T10:23:49,415|[TRACE] graph - <------- nonSkippedChar
2021-11-19T10:23:49,415|[TRACE] graph - <----- statementPart
2021-11-19T10:23:49,415|[TRACE] graph - -----> statementPart
2021-11-19T10:23:49,415|[TRACE] graph - -------> nonSkippedChar
2021-11-19T10:23:49,415|[TRACE] script - #out(`I`) [token]
2021-11-19T10:23:49,415|[TRACE] graph - <------- nonSkippedChar
2021-11-19T10:23:49,415|[TRACE] graph - <----- statementPart
2021-11-19T10:23:49,415|[TRACE] graph - -----> statementPart
2021-11-19T10:23:49,415|[TRACE] graph - -------> nonSkippedChar
2021-11-19T10:23:49,415|[TRACE] script - #out(`Q`) [token]
2021-11-19T10:23:49,415|[TRACE] graph - <------- nonSkippedChar
2021-11-19T10:23:49,415|[TRACE] graph - <----- statementPart
2021-11-19T10:23:49,415|[TRACE] graph - -----> statementPart
2021-11-19T10:23:49,415|[TRACE] graph - -------> nonSkippedChar
2021-11-19T10:23:49,415|[TRACE] script - #out(`U`) [token]
2021-11-19T10:23:49,415|[TRACE] graph - <------- nonSkippedChar
2021-11-19T10:23:49,415|[TRACE] graph - <----- statementPart
2021-11-19T10:23:49,415|[TRACE] graph - -----> statementPart
2021-11-19T10:23:49,415|[TRACE] graph - -------> nonSkippedChar
2021-11-19T10:23:49,415|[TRACE] script - #out(`E`) [token]
2021-11-19T10:23:49,415|[TRACE] graph - <------- nonSkippedChar
2021-11-19T10:23:49,415|[TRACE] graph - <----- statementPart
2021-11-19T10:23:49,415|[TRACE] graph - -----> statementPart
2021-11-19T10:23:49,415|[TRACE] graph - -------> nonSkippedSpace
2021-11-19T10:23:49,415|[TRACE] script - #out(` `) [token]
2021-11-19T10:23:49,415|[TRACE] graph - <------- nonSkippedSpace
2021-11-19T10:23:49,415|[TRACE] graph - <----- statementPart
2021-11-19T10:23:49,416|[TRACE] graph - -----> statementPart
2021-11-19T10:23:49,416|[TRACE] graph - -------> nonSkippedChar
2021-11-19T10:23:49,416|[TRACE] script - #out(`I`) [token]
2021-11-19T10:23:49,416|[TRACE] graph - <------- nonSkippedChar
2021-11-19T10:23:49,416|[TRACE] graph - <----- statementPart
2021-11-19T10:23:49,416|[TRACE] graph - -----> statementPart
2021-11-19T10:23:49,416|[TRACE] graph - -------> nonSkippedChar
2021-11-19T10:23:49,416|[TRACE] script - #out(`N`) [token]
2021-11-19T10:23:49,416|[TRACE] graph - <------- nonSkippedChar
2021-11-19T10:23:49,416|[TRACE] graph - <----- statementPart
2021-11-19T10:23:49,416|[TRACE] graph - -----> statementPart
2021-11-19T10:23:49,416|[TRACE] graph - -------> nonSkippedChar
2021-11-19T10:23:49,416|[TRACE] script - #out(`D`) [token]
2021-11-19T10:23:49,416|[TRACE] graph - <------- nonSkippedChar
2021-11-19T10:23:49,416|[TRACE] graph - <----- statementPart
2021-11-19T10:23:49,416|[TRACE] graph - -----> statementPart
2021-11-19T10:23:49,416|[TRACE] graph - -------> nonSkippedChar
2021-11-19T10:23:49,416|[TRACE] script - #out(`E`) [token]
2021-11-19T10:23:49,416|[TRACE] graph - <------- nonSkippedChar
2021-11-19T10:23:49,416|[TRACE] graph - <----- statementPart
2021-11-19T10:23:49,416|[TRACE] graph - -----> statementPart
2021-11-19T10:23:49,416|[TRACE] graph - -------> nonSkippedChar
2021-11-19T10:23:49,416|[TRACE] script - #out(`X`) [token]
2021-11-19T10:23:49,416|[TRACE] graph - <------- nonSkippedChar
2021-11-19T10:23:49,416|[TRACE] graph - <----- statementPart
2021-11-19T10:23:49,416|[TRACE] graph - -----> statementPart
2021-11-19T10:23:49,416|[TRACE] graph - -------> nonSkippedSpace
2021-11-19T10:23:49,416|[TRACE] script - #out(` `) [token]
2021-11-19T10:23:49,416|[TRACE] graph - <------- nonSkippedSpace
2021-11-19T10:23:49,416|[TRACE] graph - <----- statementPart
2021-11-19T10:23:49,416|[TRACE] graph - -----> statementPart
2021-11-19T10:23:49,416|[TRACE] graph - -------> quotedString
2021-11-19T10:23:49,416|[TRACE] script - #out(``name_UNIQUE``) [token]
2021-11-19T10:23:49,416|[TRACE] graph - <------- quotedString
2021-11-19T10:23:49,416|[TRACE] graph - <----- statementPart
2021-11-19T10:23:49,416|[TRACE] graph - -----> statementPart
2021-11-19T10:23:49,416|[TRACE] graph - -------> nonSkippedSpace
2021-11-19T10:23:49,416|[TRACE] script - #out(` `) [token]
2021-11-19T10:23:49,416|[TRACE] graph - <------- nonSkippedSpace
2021-11-19T10:23:49,416|[TRACE] graph - <----- statementPart
2021-11-19T10:23:49,416|[TRACE] graph - -----> statementPart
2021-11-19T10:23:49,416|[TRACE] graph - -------> nonSkippedChar
2021-11-19T10:23:49,416|[TRACE] script - #out(`(`) [token]
2021-11-19T10:23:49,416|[TRACE] graph - <------- nonSkippedChar
2021-11-19T10:23:49,416|[TRACE] graph - <----- statementPart
2021-11-19T10:23:49,416|[TRACE] graph - -----> statementPart
2021-11-19T10:23:49,416|[TRACE] graph - -------> quotedString
2021-11-19T10:23:49,416|[TRACE] script - #out(``name``) [token]
2021-11-19T10:23:49,416|[TRACE] graph - <------- quotedString
2021-11-19T10:23:49,416|[TRACE] graph - <----- statementPart
2021-11-19T10:23:49,416|[TRACE] graph - -----> statementPart
2021-11-19T10:23:49,416|[TRACE] graph - -------> nonSkippedSpace
2021-11-19T10:23:49,416|[TRACE] script - #out(` `) [token]
2021-11-19T10:23:49,416|[TRACE] graph - <------- nonSkippedSpace
2021-11-19T10:23:49,416|[TRACE] graph - <----- statementPart
2021-11-19T10:23:49,416|[TRACE] graph - -----> statementPart
2021-11-19T10:23:49,416|[TRACE] graph - -------> nonSkippedChar
2021-11-19T10:23:49,416|[TRACE] script - #out(`A`) [token]
2021-11-19T10:23:49,416|[TRACE] graph - <------- nonSkippedChar
2021-11-19T10:23:49,416|[TRACE] graph - <----- statementPart
2021-11-19T10:23:49,416|[TRACE] graph - -----> statementPart
2021-11-19T10:23:49,416|[TRACE] graph - -------> nonSkippedChar
2021-11-19T10:23:49,416|[TRACE] script - #out(`S`) [token]
2021-11-19T10:23:49,416|[TRACE] graph - <------- nonSkippedChar
2021-11-19T10:23:49,416|[TRACE] graph - <----- statementPart
2021-11-19T10:23:49,416|[TRACE] graph - -----> statementPart
2021-11-19T10:23:49,416|[TRACE] graph - -------> nonSkippedChar
2021-11-19T10:23:49,416|[TRACE] script - #out(`C`) [token]
2021-11-19T10:23:49,416|[TRACE] graph - <------- nonSkippedChar
2021-11-19T10:23:49,416|[TRACE] graph - <----- statementPart
2021-11-19T10:23:49,416|[TRACE] graph - -----> statementPart
2021-11-19T10:23:49,416|[TRACE] graph - -------> nonSkippedChar
2021-11-19T10:23:49,416|[TRACE] script - #out(`)`) [token]
2021-11-19T10:23:49,416|[TRACE] graph - <------- nonSkippedChar
2021-11-19T10:23:49,416|[TRACE] graph - <----- statementPart
2021-11-19T10:23:49,416|[TRACE] graph - -----> statementPart
2021-11-19T10:23:49,416|[TRACE] graph - -------> nonSkippedSpace
2021-11-19T10:23:49,416|[TRACE] script - #out(` `) [token]
2021-11-19T10:23:49,416|[TRACE] graph - <------- nonSkippedSpace
2021-11-19T10:23:49,416|[TRACE] graph - <----- statementPart
2021-11-19T10:23:49,416|[TRACE] graph - -----> statementPart
2021-11-19T10:23:49,416|[TRACE] graph - -------> nonSkippedChar
2021-11-19T10:23:49,416|[TRACE] script - #out(`V`) [token]
2021-11-19T10:23:49,416|[TRACE] graph - <------- nonSkippedChar
2021-11-19T10:23:49,416|[TRACE] graph - <----- statementPart
2021-11-19T10:23:49,416|[TRACE] graph - -----> statementPart
2021-11-19T10:23:49,416|[TRACE] graph - -------> nonSkippedChar
2021-11-19T10:23:49,416|[TRACE] script - #out(`I`) [token]
2021-11-19T10:23:49,416|[TRACE] graph - <------- nonSkippedChar
2021-11-19T10:23:49,416|[TRACE] graph - <----- statementPart
2021-11-19T10:23:49,416|[TRACE] graph - -----> statementPart
2021-11-19T10:23:49,416|[TRACE] graph - -------> nonSkippedChar
2021-11-19T10:23:49,416|[TRACE] script - #out(`S`) [token]
2021-11-19T10:23:49,416|[TRACE] graph - <------- nonSkippedChar
2021-11-19T10:23:49,416|[TRACE] graph - <----- statementPart
2021-11-19T10:23:49,416|[TRACE] graph - -----> statementPart
2021-11-19T10:23:49,416|[TRACE] graph - -------> nonSkippedChar
2021-11-19T10:23:49,416|[TRACE] script - #out(`I`) [token]
2021-11-19T10:23:49,416|[TRACE] graph - <------- nonSkippedChar
2021-11-19T10:23:49,416|[TRACE] graph - <----- statementPart
2021-11-19T10:23:49,416|[TRACE] graph - -----> statementPart
2021-11-19T10:23:49,416|[TRACE] graph - -------> nonSkippedChar
2021-11-19T10:23:49,416|[TRACE] script - #out(`B`) [token]
2021-11-19T10:23:49,416|[TRACE] graph - <------- nonSkippedChar
2021-11-19T10:23:49,416|[TRACE] graph - <----- statementPart
2021-11-19T10:23:49,416|[TRACE] graph - -----> statementPart
2021-11-19T10:23:49,416|[TRACE] graph - -------> nonSkippedChar
2021-11-19T10:23:49,416|[TRACE] script - #out(`L`) [token]
2021-11-19T10:23:49,416|[TRACE] graph - <------- nonSkippedChar
2021-11-19T10:23:49,416|[TRACE] graph - <----- statementPart
2021-11-19T10:23:49,416|[TRACE] graph - -----> statementPart
2021-11-19T10:23:49,416|[TRACE] graph - -------> nonSkippedChar
2021-11-19T10:23:49,416|[TRACE] script - #out(`E`) [token]
2021-11-19T10:23:49,416|[TRACE] graph - <------- nonSkippedChar
2021-11-19T10:23:49,416|[TRACE] graph - <----- statementPart
2021-11-19T10:23:49,416|[TRACE] graph - -----> statementPart
2021-11-19T10:23:49,416|[TRACE] graph - -------> nonSkippedChar
2021-11-19T10:23:49,416|[TRACE] script - #out(`)`) [token]
2021-11-19T10:23:49,416|[TRACE] graph - <------- nonSkippedChar
2021-11-19T10:23:49,416|[TRACE] graph - <----- statementPart
2021-11-19T10:23:49,416|[TRACE] graph - -----> afterStatementPartNewline
2021-11-19T10:23:49,416|[TRACE] script - #out(` `) [text]
2021-11-19T10:23:49,416|[TRACE] graph - <----- afterStatementPartNewline
2021-11-19T10:23:49,416|[TRACE] graph - -----> statementPart
2021-11-19T10:23:49,416|[TRACE] graph - -------> nonSkippedChar
2021-11-19T10:23:49,416|[TRACE] script - #out(`E`) [token]
2021-11-19T10:23:49,416|[TRACE] graph - <------- nonSkippedChar
2021-11-19T10:23:49,416|[TRACE] graph - <----- statementPart
2021-11-19T10:23:49,416|[TRACE] graph - -----> statementPart
2021-11-19T10:23:49,416|[TRACE] graph - -------> nonSkippedChar
2021-11-19T10:23:49,416|[TRACE] script - #out(`N`) [token]
2021-11-19T10:23:49,416|[TRACE] graph - <------- nonSkippedChar
2021-11-19T10:23:49,416|[TRACE] graph - <----- statementPart
2021-11-19T10:23:49,416|[TRACE] graph - -----> statementPart
2021-11-19T10:23:49,416|[TRACE] graph - -------> nonSkippedChar
2021-11-19T10:23:49,416|[TRACE] script - #out(`G`) [token]
2021-11-19T10:23:49,416|[TRACE] graph - <------- nonSkippedChar
2021-11-19T10:23:49,416|[TRACE] graph - <----- statementPart
2021-11-19T10:23:49,416|[TRACE] graph - -----> statementPart
2021-11-19T10:23:49,416|[TRACE] graph - -------> nonSkippedChar
2021-11-19T10:23:49,416|[TRACE] script - #out(`I`) [token]
2021-11-19T10:23:49,416|[TRACE] graph - <------- nonSkippedChar
2021-11-19T10:23:49,416|[TRACE] graph - <----- statementPart
2021-11-19T10:23:49,416|[TRACE] graph - -----> statementPart
2021-11-19T10:23:49,416|[TRACE] graph - -------> nonSkippedChar
2021-11-19T10:23:49,416|[TRACE] script - #out(`N`) [token]
2021-11-19T10:23:49,416|[TRACE] graph - <------- nonSkippedChar
2021-11-19T10:23:49,416|[TRACE] graph - <----- statementPart
2021-11-19T10:23:49,416|[TRACE] graph - -----> statementPart
2021-11-19T10:23:49,417|[TRACE] graph - -------> nonSkippedChar
2021-11-19T10:23:49,417|[TRACE] script - #out(`E`) [token]
2021-11-19T10:23:49,417|[TRACE] graph - <------- nonSkippedChar
2021-11-19T10:23:49,417|[TRACE] graph - <----- statementPart
2021-11-19T10:23:49,417|[TRACE] graph - -----> statementPart
2021-11-19T10:23:49,417|[TRACE] graph - -------> nonSkippedSpace
2021-11-19T10:23:49,417|[TRACE] script - #out(` `) [token]
2021-11-19T10:23:49,417|[TRACE] graph - <------- nonSkippedSpace
2021-11-19T10:23:49,417|[TRACE] graph - <----- statementPart
2021-11-19T10:23:49,417|[TRACE] graph - -----> statementPart
2021-11-19T10:23:49,417|[TRACE] graph - -------> nonSkippedChar
2021-11-19T10:23:49,417|[TRACE] script - #out(`=`) [token]
2021-11-19T10:23:49,417|[TRACE] graph - <------- nonSkippedChar
2021-11-19T10:23:49,417|[TRACE] graph - <----- statementPart
2021-11-19T10:23:49,417|[TRACE] graph - -----> statementPart
2021-11-19T10:23:49,417|[TRACE] graph - -------> nonSkippedSpace
2021-11-19T10:23:49,417|[TRACE] script - #out(` `) [token]
2021-11-19T10:23:49,417|[TRACE] graph - <------- nonSkippedSpace
2021-11-19T10:23:49,417|[TRACE] graph - <----- statementPart
2021-11-19T10:23:49,417|[TRACE] graph - -----> statementPart
2021-11-19T10:23:49,417|[TRACE] graph - -------> nonSkippedChar
2021-11-19T10:23:49,417|[TRACE] script - #out(`I`) [token]
2021-11-19T10:23:49,417|[TRACE] graph - <------- nonSkippedChar
2021-11-19T10:23:49,417|[TRACE] graph - <----- statementPart
2021-11-19T10:23:49,417|[TRACE] graph - -----> statementPart
2021-11-19T10:23:49,417|[TRACE] graph - -------> nonSkippedChar
2021-11-19T10:23:49,417|[TRACE] script - #out(`n`) [token]
2021-11-19T10:23:49,417|[TRACE] graph - <------- nonSkippedChar
2021-11-19T10:23:49,417|[TRACE] graph - <----- statementPart
2021-11-19T10:23:49,417|[TRACE] graph - -----> statementPart
2021-11-19T10:23:49,417|[TRACE] graph - -------> nonSkippedChar
2021-11-19T10:23:49,417|[TRACE] script - #out(`n`) [token]
2021-11-19T10:23:49,417|[TRACE] graph - <------- nonSkippedChar
2021-11-19T10:23:49,417|[TRACE] graph - <----- statementPart
2021-11-19T10:23:49,417|[TRACE] graph - -----> statementPart
2021-11-19T10:23:49,417|[TRACE] graph - -------> nonSkippedChar
2021-11-19T10:23:49,417|[TRACE] script - #out(`o`) [token]
2021-11-19T10:23:49,417|[TRACE] graph - <------- nonSkippedChar
2021-11-19T10:23:49,417|[TRACE] graph - <----- statementPart
2021-11-19T10:23:49,417|[TRACE] graph - -----> statementPart
2021-11-19T10:23:49,417|[TRACE] graph - -------> nonSkippedChar
2021-11-19T10:23:49,417|[TRACE] script - #out(`D`) [token]
2021-11-19T10:23:49,417|[TRACE] graph - <------- nonSkippedChar
2021-11-19T10:23:49,417|[TRACE] graph - <----- statementPart
2021-11-19T10:23:49,417|[TRACE] graph - -----> statementPart
2021-11-19T10:23:49,417|[TRACE] graph - -------> nonSkippedChar
2021-11-19T10:23:49,417|[TRACE] script - #out(`B`) [token]
2021-11-19T10:23:49,417|[TRACE] graph - <------- nonSkippedChar
2021-11-19T10:23:49,417|[TRACE] graph - <----- statementPart
2021-11-19T10:23:49,417|[DEBUG] graph - Import statement : CREATE TABLE IF NOT EXISTS `bloodbank`.`blood_bank` (   `bank_id` INT NOT NULL AUTO_INCREMENT,   `name` VARCHAR(100) NOT NULL,   `privately_owned` BIT(1) NOT NULL,   `created` BIGINT NOT NULL DEFAULT (unix_timestamp(now()) * 1000),   `updated` BIGINT NOT NULL DEFAULT (unix_timestamp(now()) * 1000),   `version` INT NOT NULL DEFAULT 1,   PRIMARY KEY (`bank_id`),   UNIQUE INDEX `name_UNIQUE` (`name` ASC) VISIBLE) ENGINE = InnoDB
2021-11-19T10:23:49,468|[TRACE] graph - <--- statement
2021-11-19T10:23:49,468|[TRACE] graph - ---> blankSpacesToSkip
2021-11-19T10:23:49,468|[TRACE] graph - -----> newLineToSkip
2021-11-19T10:23:49,468|[TRACE] graph - <----- newLineToSkip
2021-11-19T10:23:49,468|[TRACE] graph - -----> newLineToSkip
2021-11-19T10:23:49,469|[TRACE] graph - <----- newLineToSkip
2021-11-19T10:23:49,469|[TRACE] graph - -----> newLineToSkip
2021-11-19T10:23:49,469|[TRACE] graph - <----- newLineToSkip
2021-11-19T10:23:49,469|[TRACE] graph - -----> newLineToSkip
2021-11-19T10:23:49,469|[TRACE] graph - <----- newLineToSkip
2021-11-19T10:23:49,469|[TRACE] graph - -----> newLineToSkip
2021-11-19T10:23:49,469|[TRACE] graph - <----- newLineToSkip
2021-11-19T10:23:49,469|[TRACE] graph - -----> newLineToSkip
2021-11-19T10:23:49,469|[TRACE] graph - <----- newLineToSkip
2021-11-19T10:23:49,469|[TRACE] graph - <--- blankSpacesToSkip
2021-11-19T10:23:49,469|[TRACE] graph - ---> statement
2021-11-19T10:23:49,469|[TRACE] graph - -----> statementFirstPart
2021-11-19T10:23:49,469|[TRACE] graph - -------> nonSkippedChar
2021-11-19T10:23:49,469|[TRACE] script - #out(`C`) [token]
2021-11-19T10:23:49,469|[TRACE] graph - <------- nonSkippedChar
2021-11-19T10:23:49,469|[TRACE] graph - <----- statementFirstPart
2021-11-19T10:23:49,469|[TRACE] graph - -----> statementPart
2021-11-19T10:23:49,469|[TRACE] graph - -------> nonSkippedChar
2021-11-19T10:23:49,469|[TRACE] script - #out(`R`) [token]
2021-11-19T10:23:49,469|[TRACE] graph - <------- nonSkippedChar
2021-11-19T10:23:49,469|[TRACE] graph - <----- statementPart
2021-11-19T10:23:49,469|[TRACE] graph - -----> statementPart
2021-11-19T10:23:49,469|[TRACE] graph - -------> nonSkippedChar
2021-11-19T10:23:49,469|[TRACE] script - #out(`E`) [token]
2021-11-19T10:23:49,469|[TRACE] graph - <------- nonSkippedChar
2021-11-19T10:23:49,469|[TRACE] graph - <----- statementPart
2021-11-19T10:23:49,469|[TRACE] graph - -----> statementPart
2021-11-19T10:23:49,469|[TRACE] graph - -------> nonSkippedChar
2021-11-19T10:23:49,469|[TRACE] script - #out(`A`) [token]
2021-11-19T10:23:49,469|[TRACE] graph - <------- nonSkippedChar
2021-11-19T10:23:49,469|[TRACE] graph - <----- statementPart
2021-11-19T10:23:49,469|[TRACE] graph - -----> statementPart
2021-11-19T10:23:49,469|[TRACE] graph - -------> nonSkippedChar
2021-11-19T10:23:49,469|[TRACE] script - #out(`T`) [token]
2021-11-19T10:23:49,469|[TRACE] graph - <------- nonSkippedChar
2021-11-19T10:23:49,469|[TRACE] graph - <----- statementPart
2021-11-19T10:23:49,469|[TRACE] graph - -----> statementPart
2021-11-19T10:23:49,469|[TRACE] graph - -------> nonSkippedChar
2021-11-19T10:23:49,469|[TRACE] script - #out(`E`) [token]
2021-11-19T10:23:49,469|[TRACE] graph - <------- nonSkippedChar
2021-11-19T10:23:49,469|[TRACE] graph - <----- statementPart
2021-11-19T10:23:49,469|[TRACE] graph - -----> statementPart
2021-11-19T10:23:49,469|[TRACE] graph - -------> nonSkippedSpace
2021-11-19T10:23:49,469|[TRACE] script - #out(` `) [token]
2021-11-19T10:23:49,469|[TRACE] graph - <------- nonSkippedSpace
2021-11-19T10:23:49,469|[TRACE] graph - <----- statementPart
2021-11-19T10:23:49,469|[TRACE] graph - -----> statementPart
2021-11-19T10:23:49,469|[TRACE] graph - -------> nonSkippedChar
2021-11-19T10:23:49,469|[TRACE] script - #out(`T`) [token]
2021-11-19T10:23:49,469|[TRACE] graph - <------- nonSkippedChar
2021-11-19T10:23:49,469|[TRACE] graph - <----- statementPart
2021-11-19T10:23:49,469|[TRACE] graph - -----> statementPart
2021-11-19T10:23:49,469|[TRACE] graph - -------> nonSkippedChar
2021-11-19T10:23:49,469|[TRACE] script - #out(`A`) [token]
2021-11-19T10:23:49,469|[TRACE] graph - <------- nonSkippedChar
2021-11-19T10:23:49,469|[TRACE] graph - <----- statementPart
2021-11-19T10:23:49,469|[TRACE] graph - -----> statementPart
2021-11-19T10:23:49,469|[TRACE] graph - -------> nonSkippedChar
2021-11-19T10:23:49,469|[TRACE] script - #out(`B`) [token]
2021-11-19T10:23:49,469|[TRACE] graph - <------- nonSkippedChar
2021-11-19T10:23:49,469|[TRACE] graph - <----- statementPart
2021-11-19T10:23:49,469|[TRACE] graph - -----> statementPart
2021-11-19T10:23:49,469|[TRACE] graph - -------> nonSkippedChar
2021-11-19T10:23:49,469|[TRACE] script - #out(`L`) [token]
2021-11-19T10:23:49,469|[TRACE] graph - <------- nonSkippedChar
2021-11-19T10:23:49,469|[TRACE] graph - <----- statementPart
2021-11-19T10:23:49,469|[TRACE] graph - -----> statementPart
2021-11-19T10:23:49,469|[TRACE] graph - -------> nonSkippedChar
2021-11-19T10:23:49,469|[TRACE] script - #out(`E`) [token]
2021-11-19T10:23:49,469|[TRACE] graph - <------- nonSkippedChar
2021-11-19T10:23:49,469|[TRACE] graph - <----- statementPart
2021-11-19T10:23:49,469|[TRACE] graph - -----> statementPart
2021-11-19T10:23:49,469|[TRACE] graph - -------> nonSkippedSpace
2021-11-19T10:23:49,469|[TRACE] script - #out(` `) [token]
2021-11-19T10:23:49,469|[TRACE] graph - <------- nonSkippedSpace
2021-11-19T10:23:49,469|[TRACE] graph - <----- statementPart
2021-11-19T10:23:49,469|[TRACE] graph - -----> statementPart
2021-11-19T10:23:49,469|[TRACE] graph - -------> nonSkippedChar
2021-11-19T10:23:49,469|[TRACE] script - #out(`I`) [token]
2021-11-19T10:23:49,469|[TRACE] graph - <------- nonSkippedChar
2021-11-19T10:23:49,469|[TRACE] graph - <----- statementPart
2021-11-19T10:23:49,469|[TRACE] graph - -----> statementPart
2021-11-19T10:23:49,469|[TRACE] graph - -------> nonSkippedChar
2021-11-19T10:23:49,469|[TRACE] script - #out(`F`) [token]
2021-11-19T10:23:49,469|[TRACE] graph - <------- nonSkippedChar
2021-11-19T10:23:49,469|[TRACE] graph - <----- statementPart
2021-11-19T10:23:49,469|[TRACE] graph - -----> statementPart
2021-11-19T10:23:49,469|[TRACE] graph - -------> nonSkippedSpace
2021-11-19T10:23:49,469|[TRACE] script - #out(` `) [token]
2021-11-19T10:23:49,469|[TRACE] graph - <------- nonSkippedSpace
2021-11-19T10:23:49,469|[TRACE] graph - <----- statementPart
2021-11-19T10:23:49,469|[TRACE] graph - -----> statementPart
2021-11-19T10:23:49,469|[TRACE] graph - -------> nonSkippedChar
2021-11-19T10:23:49,469|[TRACE] script - #out(`N`) [token]
2021-11-19T10:23:49,469|[TRACE] graph - <------- nonSkippedChar
2021-11-19T10:23:49,469|[TRACE] graph - <----- statementPart
2021-11-19T10:23:49,469|[TRACE] graph - -----> statementPart
2021-11-19T10:23:49,469|[TRACE] graph - -------> nonSkippedChar
2021-11-19T10:23:49,469|[TRACE] script - #out(`O`) [token]
2021-11-19T10:23:49,469|[TRACE] graph - <------- nonSkippedChar
2021-11-19T10:23:49,469|[TRACE] graph - <----- statementPart
2021-11-19T10:23:49,469|[TRACE] graph - -----> statementPart
2021-11-19T10:23:49,469|[TRACE] graph - -------> nonSkippedChar
2021-11-19T10:23:49,469|[TRACE] script - #out(`T`) [token]
2021-11-19T10:23:49,469|[TRACE] graph - <------- nonSkippedChar
2021-11-19T10:23:49,469|[TRACE] graph - <----- statementPart
2021-11-19T10:23:49,469|[TRACE] graph - -----> statementPart
2021-11-19T10:23:49,469|[TRACE] graph - -------> nonSkippedSpace
2021-11-19T10:23:49,469|[TRACE] script - #out(` `) [token]
2021-11-19T10:23:49,469|[TRACE] graph - <------- nonSkippedSpace
2021-11-19T10:23:49,469|[TRACE] graph - <----- statementPart
2021-11-19T10:23:49,469|[TRACE] graph - -----> statementPart
2021-11-19T10:23:49,469|[TRACE] graph - -------> nonSkippedChar
2021-11-19T10:23:49,469|[TRACE] script - #out(`E`) [token]
2021-11-19T10:23:49,469|[TRACE] graph - <------- nonSkippedChar
2021-11-19T10:23:49,469|[TRACE] graph - <----- statementPart
2021-11-19T10:23:49,469|[TRACE] graph - -----> statementPart
2021-11-19T10:23:49,469|[TRACE] graph - -------> nonSkippedChar
2021-11-19T10:23:49,469|[TRACE] script - #out(`X`) [token]
2021-11-19T10:23:49,469|[TRACE] graph - <------- nonSkippedChar
2021-11-19T10:23:49,470|[TRACE] graph - <----- statementPart
2021-11-19T10:23:49,470|[TRACE] graph - -----> statementPart
2021-11-19T10:23:49,470|[TRACE] graph - -------> nonSkippedChar
2021-11-19T10:23:49,470|[TRACE] script - #out(`I`) [token]
2021-11-19T10:23:49,470|[TRACE] graph - <------- nonSkippedChar
2021-11-19T10:23:49,470|[TRACE] graph - <----- statementPart
2021-11-19T10:23:49,470|[TRACE] graph - -----> statementPart
2021-11-19T10:23:49,470|[TRACE] graph - -------> nonSkippedChar
2021-11-19T10:23:49,470|[TRACE] script - #out(`S`) [token]
2021-11-19T10:23:49,470|[TRACE] graph - <------- nonSkippedChar
2021-11-19T10:23:49,470|[TRACE] graph - <----- statementPart
2021-11-19T10:23:49,470|[TRACE] graph - -----> statementPart
2021-11-19T10:23:49,470|[TRACE] graph - -------> nonSkippedChar
2021-11-19T10:23:49,470|[TRACE] script - #out(`T`) [token]
2021-11-19T10:23:49,470|[TRACE] graph - <------- nonSkippedChar
2021-11-19T10:23:49,470|[TRACE] graph - <----- statementPart
2021-11-19T10:23:49,470|[TRACE] graph - -----> statementPart
2021-11-19T10:23:49,470|[TRACE] graph - -------> nonSkippedChar
2021-11-19T10:23:49,470|[TRACE] script - #out(`S`) [token]
2021-11-19T10:23:49,470|[TRACE] graph - <------- nonSkippedChar
2021-11-19T10:23:49,470|[TRACE] graph - <----- statementPart
2021-11-19T10:23:49,470|[TRACE] graph - -----> statementPart
2021-11-19T10:23:49,470|[TRACE] graph - -------> nonSkippedSpace
2021-11-19T10:23:49,470|[TRACE] script - #out(` `) [token]
2021-11-19T10:23:49,470|[TRACE] graph - <------- nonSkippedSpace
2021-11-19T10:23:49,470|[TRACE] graph - <----- statementPart
2021-11-19T10:23:49,470|[TRACE] graph - -----> statementPart
2021-11-19T10:23:49,470|[TRACE] graph - -------> quotedString
2021-11-19T10:23:49,470|[TRACE] script - #out(``bloodbank``) [token]
2021-11-19T10:23:49,470|[TRACE] graph - <------- quotedString
2021-11-19T10:23:49,470|[TRACE] graph - <----- statementPart
2021-11-19T10:23:49,470|[TRACE] graph - -----> statementPart
2021-11-19T10:23:49,470|[TRACE] graph - -------> nonSkippedChar
2021-11-19T10:23:49,470|[TRACE] script - #out(`.`) [token]
2021-11-19T10:23:49,470|[TRACE] graph - <------- nonSkippedChar
2021-11-19T10:23:49,470|[TRACE] graph - <----- statementPart
2021-11-19T10:23:49,470|[TRACE] graph - -----> statementPart
2021-11-19T10:23:49,470|[TRACE] graph - -------> quotedString
2021-11-19T10:23:49,470|[TRACE] script - #out(``blood_donation``) [token]
2021-11-19T10:23:49,470|[TRACE] graph - <------- quotedString
2021-11-19T10:23:49,470|[TRACE] graph - <----- statementPart
2021-11-19T10:23:49,470|[TRACE] graph - -----> statementPart
2021-11-19T10:23:49,470|[TRACE] graph - -------> nonSkippedSpace
2021-11-19T10:23:49,470|[TRACE] script - #out(` `) [token]
2021-11-19T10:23:49,470|[TRACE] graph - <------- nonSkippedSpace
2021-11-19T10:23:49,470|[TRACE] graph - <----- statementPart
2021-11-19T10:23:49,470|[TRACE] graph - -----> statementPart
2021-11-19T10:23:49,470|[TRACE] graph - -------> nonSkippedChar
2021-11-19T10:23:49,470|[TRACE] script - #out(`(`) [token]
2021-11-19T10:23:49,470|[TRACE] graph - <------- nonSkippedChar
2021-11-19T10:23:49,470|[TRACE] graph - <----- statementPart
2021-11-19T10:23:49,470|[TRACE] graph - -----> afterStatementPartNewline
2021-11-19T10:23:49,470|[TRACE] script - #out(` `) [text]
2021-11-19T10:23:49,470|[TRACE] graph - <----- afterStatementPartNewline
2021-11-19T10:23:49,470|[TRACE] graph - -----> statementPart
2021-11-19T10:23:49,470|[TRACE] graph - -------> nonSkippedSpace
2021-11-19T10:23:49,470|[TRACE] script - #out(` `) [token]
2021-11-19T10:23:49,470|[TRACE] graph - <------- nonSkippedSpace
2021-11-19T10:23:49,470|[TRACE] graph - <----- statementPart
2021-11-19T10:23:49,470|[TRACE] graph - -----> statementPart
2021-11-19T10:23:49,470|[TRACE] graph - -------> nonSkippedSpace
2021-11-19T10:23:49,470|[TRACE] script - #out(` `) [token]
2021-11-19T10:23:49,470|[TRACE] graph - <------- nonSkippedSpace
2021-11-19T10:23:49,470|[TRACE] graph - <----- statementPart
2021-11-19T10:23:49,470|[TRACE] graph - -----> statementPart
2021-11-19T10:23:49,470|[TRACE] graph - -------> quotedString
2021-11-19T10:23:49,470|[TRACE] script - #out(``donation_id``) [token]
2021-11-19T10:23:49,470|[TRACE] graph - <------- quotedString
2021-11-19T10:23:49,470|[TRACE] graph - <----- statementPart
2021-11-19T10:23:49,470|[TRACE] graph - -----> statementPart
2021-11-19T10:23:49,470|[TRACE] graph - -------> nonSkippedSpace
2021-11-19T10:23:49,470|[TRACE] script - #out(` `) [token]
2021-11-19T10:23:49,470|[TRACE] graph - <------- nonSkippedSpace
2021-11-19T10:23:49,470|[TRACE] graph - <----- statementPart
2021-11-19T10:23:49,470|[TRACE] graph - -----> statementPart
2021-11-19T10:23:49,470|[TRACE] graph - -------> nonSkippedChar
2021-11-19T10:23:49,470|[TRACE] script - #out(`I`) [token]
2021-11-19T10:23:49,470|[TRACE] graph - <------- nonSkippedChar
2021-11-19T10:23:49,470|[TRACE] graph - <----- statementPart
2021-11-19T10:23:49,470|[TRACE] graph - -----> statementPart
2021-11-19T10:23:49,470|[TRACE] graph - -------> nonSkippedChar
2021-11-19T10:23:49,470|[TRACE] script - #out(`N`) [token]
2021-11-19T10:23:49,470|[TRACE] graph - <------- nonSkippedChar
2021-11-19T10:23:49,470|[TRACE] graph - <----- statementPart
2021-11-19T10:23:49,470|[TRACE] graph - -----> statementPart
2021-11-19T10:23:49,470|[TRACE] graph - -------> nonSkippedChar
2021-11-19T10:23:49,470|[TRACE] script - #out(`T`) [token]
2021-11-19T10:23:49,470|[TRACE] graph - <------- nonSkippedChar
2021-11-19T10:23:49,470|[TRACE] graph - <----- statementPart
2021-11-19T10:23:49,470|[TRACE] graph - -----> statementPart
2021-11-19T10:23:49,470|[TRACE] graph - -------> nonSkippedSpace
2021-11-19T10:23:49,470|[TRACE] script - #out(` `) [token]
2021-11-19T10:23:49,470|[TRACE] graph - <------- nonSkippedSpace
2021-11-19T10:23:49,470|[TRACE] graph - <----- statementPart
2021-11-19T10:23:49,470|[TRACE] graph - -----> statementPart
2021-11-19T10:23:49,470|[TRACE] graph - -------> nonSkippedChar
2021-11-19T10:23:49,470|[TRACE] script - #out(`N`) [token]
2021-11-19T10:23:49,470|[TRACE] graph - <------- nonSkippedChar
2021-11-19T10:23:49,470|[TRACE] graph - <----- statementPart
2021-11-19T10:23:49,470|[TRACE] graph - -----> statementPart
2021-11-19T10:23:49,470|[TRACE] graph - -------> nonSkippedChar
2021-11-19T10:23:49,470|[TRACE] script - #out(`O`) [token]
2021-11-19T10:23:49,470|[TRACE] graph - <------- nonSkippedChar
2021-11-19T10:23:49,470|[TRACE] graph - <----- statementPart
2021-11-19T10:23:49,470|[TRACE] graph - -----> statementPart
2021-11-19T10:23:49,470|[TRACE] graph - -------> nonSkippedChar
2021-11-19T10:23:49,470|[TRACE] script - #out(`T`) [token]
2021-11-19T10:23:49,470|[TRACE] graph - <------- nonSkippedChar
2021-11-19T10:23:49,470|[TRACE] graph - <----- statementPart
2021-11-19T10:23:49,470|[TRACE] graph - -----> statementPart
2021-11-19T10:23:49,470|[TRACE] graph - -------> nonSkippedSpace
2021-11-19T10:23:49,470|[TRACE] script - #out(` `) [token]
2021-11-19T10:23:49,470|[TRACE] graph - <------- nonSkippedSpace
2021-11-19T10:23:49,470|[TRACE] graph - <----- statementPart
2021-11-19T10:23:49,470|[TRACE] graph - -----> statementPart
2021-11-19T10:23:49,470|[TRACE] graph - -------> nonSkippedChar
2021-11-19T10:23:49,470|[TRACE] script - #out(`N`) [token]
2021-11-19T10:23:49,470|[TRACE] graph - <------- nonSkippedChar
2021-11-19T10:23:49,470|[TRACE] graph - <----- statementPart
2021-11-19T10:23:49,470|[TRACE] graph - -----> statementPart
2021-11-19T10:23:49,470|[TRACE] graph - -------> nonSkippedChar
2021-11-19T10:23:49,470|[TRACE] script - #out(`U`) [token]
2021-11-19T10:23:49,470|[TRACE] graph - <------- nonSkippedChar
2021-11-19T10:23:49,470|[TRACE] graph - <----- statementPart
2021-11-19T10:23:49,470|[TRACE] graph - -----> statementPart
2021-11-19T10:23:49,470|[TRACE] graph - -------> nonSkippedChar
2021-11-19T10:23:49,471|[TRACE] script - #out(`L`) [token]
2021-11-19T10:23:49,471|[TRACE] graph - <------- nonSkippedChar
2021-11-19T10:23:49,471|[TRACE] graph - <----- statementPart
2021-11-19T10:23:49,471|[TRACE] graph - -----> statementPart
2021-11-19T10:23:49,471|[TRACE] graph - -------> nonSkippedChar
2021-11-19T10:23:49,471|[TRACE] script - #out(`L`) [token]
2021-11-19T10:23:49,471|[TRACE] graph - <------- nonSkippedChar
2021-11-19T10:23:49,471|[TRACE] graph - <----- statementPart
2021-11-19T10:23:49,471|[TRACE] graph - -----> statementPart
2021-11-19T10:23:49,471|[TRACE] graph - -------> nonSkippedSpace
2021-11-19T10:23:49,471|[TRACE] script - #out(` `) [token]
2021-11-19T10:23:49,471|[TRACE] graph - <------- nonSkippedSpace
2021-11-19T10:23:49,471|[TRACE] graph - <----- statementPart
2021-11-19T10:23:49,471|[TRACE] graph - -----> statementPart
2021-11-19T10:23:49,471|[TRACE] graph - -------> nonSkippedChar
2021-11-19T10:23:49,471|[TRACE] script - #out(`A`) [token]
2021-11-19T10:23:49,471|[TRACE] graph - <------- nonSkippedChar
2021-11-19T10:23:49,471|[TRACE] graph - <----- statementPart
2021-11-19T10:23:49,471|[TRACE] graph - -----> statementPart
2021-11-19T10:23:49,471|[TRACE] graph - -------> nonSkippedChar
2021-11-19T10:23:49,471|[TRACE] script - #out(`U`) [token]
2021-11-19T10:23:49,471|[TRACE] graph - <------- nonSkippedChar
2021-11-19T10:23:49,471|[TRACE] graph - <----- statementPart
2021-11-19T10:23:49,471|[TRACE] graph - -----> statementPart
2021-11-19T10:23:49,471|[TRACE] graph - -------> nonSkippedChar
2021-11-19T10:23:49,471|[TRACE] script - #out(`T`) [token]
2021-11-19T10:23:49,471|[TRACE] graph - <------- nonSkippedChar
2021-11-19T10:23:49,471|[TRACE] graph - <----- statementPart
2021-11-19T10:23:49,471|[TRACE] graph - -----> statementPart
2021-11-19T10:23:49,471|[TRACE] graph - -------> nonSkippedChar
2021-11-19T10:23:49,471|[TRACE] script - #out(`O`) [token]
2021-11-19T10:23:49,471|[TRACE] graph - <------- nonSkippedChar
2021-11-19T10:23:49,471|[TRACE] graph - <----- statementPart
2021-11-19T10:23:49,471|[TRACE] graph - -----> statementPart
2021-11-19T10:23:49,471|[TRACE] graph - -------> nonSkippedChar
2021-11-19T10:23:49,471|[TRACE] script - #out(`_`) [token]
2021-11-19T10:23:49,471|[TRACE] graph - <------- nonSkippedChar
2021-11-19T10:23:49,471|[TRACE] graph - <----- statementPart
2021-11-19T10:23:49,471|[TRACE] graph - -----> statementPart
2021-11-19T10:23:49,471|[TRACE] graph - -------> nonSkippedChar
2021-11-19T10:23:49,471|[TRACE] script - #out(`I`) [token]
2021-11-19T10:23:49,471|[TRACE] graph - <------- nonSkippedChar
2021-11-19T10:23:49,471|[TRACE] graph - <----- statementPart
2021-11-19T10:23:49,471|[TRACE] graph - -----> statementPart
2021-11-19T10:23:49,471|[TRACE] graph - -------> nonSkippedChar
2021-11-19T10:23:49,471|[TRACE] script - #out(`N`) [token]
2021-11-19T10:23:49,471|[TRACE] graph - <------- nonSkippedChar
2021-11-19T10:23:49,471|[TRACE] graph - <----- statementPart
2021-11-19T10:23:49,471|[TRACE] graph - -----> statementPart
2021-11-19T10:23:49,471|[TRACE] graph - -------> nonSkippedChar
2021-11-19T10:23:49,471|[TRACE] script - #out(`C`) [token]
2021-11-19T10:23:49,471|[TRACE] graph - <------- nonSkippedChar
2021-11-19T10:23:49,471|[TRACE] graph - <----- statementPart
2021-11-19T10:23:49,471|[TRACE] graph - -----> statementPart
2021-11-19T10:23:49,471|[TRACE] graph - -------> nonSkippedChar
2021-11-19T10:23:49,471|[TRACE] script - #out(`R`) [token]
2021-11-19T10:23:49,471|[TRACE] graph - <------- nonSkippedChar
2021-11-19T10:23:49,471|[TRACE] graph - <----- statementPart
2021-11-19T10:23:49,471|[TRACE] graph - -----> statementPart
2021-11-19T10:23:49,471|[TRACE] graph - -------> nonSkippedChar
2021-11-19T10:23:49,471|[TRACE] script - #out(`E`) [token]
2021-11-19T10:23:49,471|[TRACE] graph - <------- nonSkippedChar
2021-11-19T10:23:49,471|[TRACE] graph - <----- statementPart
2021-11-19T10:23:49,471|[TRACE] graph - -----> statementPart
2021-11-19T10:23:49,471|[TRACE] graph - -------> nonSkippedChar
2021-11-19T10:23:49,471|[TRACE] script - #out(`M`) [token]
2021-11-19T10:23:49,471|[TRACE] graph - <------- nonSkippedChar
2021-11-19T10:23:49,471|[TRACE] graph - <----- statementPart
2021-11-19T10:23:49,471|[TRACE] graph - -----> statementPart
2021-11-19T10:23:49,471|[TRACE] graph - -------> nonSkippedChar
2021-11-19T10:23:49,471|[TRACE] script - #out(`E`) [token]
2021-11-19T10:23:49,471|[TRACE] graph - <------- nonSkippedChar
2021-11-19T10:23:49,471|[TRACE] graph - <----- statementPart
2021-11-19T10:23:49,471|[TRACE] graph - -----> statementPart
2021-11-19T10:23:49,471|[TRACE] graph - -------> nonSkippedChar
2021-11-19T10:23:49,471|[TRACE] script - #out(`N`) [token]
2021-11-19T10:23:49,471|[TRACE] graph - <------- nonSkippedChar
2021-11-19T10:23:49,471|[TRACE] graph - <----- statementPart
2021-11-19T10:23:49,471|[TRACE] graph - -----> statementPart
2021-11-19T10:23:49,471|[TRACE] graph - -------> nonSkippedChar
2021-11-19T10:23:49,471|[TRACE] script - #out(`T`) [token]
2021-11-19T10:23:49,471|[TRACE] graph - <------- nonSkippedChar
2021-11-19T10:23:49,471|[TRACE] graph - <----- statementPart
2021-11-19T10:23:49,471|[TRACE] graph - -----> statementPart
2021-11-19T10:23:49,471|[TRACE] graph - -------> nonSkippedChar
2021-11-19T10:23:49,471|[TRACE] script - #out(`,`) [token]
2021-11-19T10:23:49,471|[TRACE] graph - <------- nonSkippedChar
2021-11-19T10:23:49,471|[TRACE] graph - <----- statementPart
2021-11-19T10:23:49,471|[TRACE] graph - -----> afterStatementPartNewline
2021-11-19T10:23:49,471|[TRACE] script - #out(` `) [text]
2021-11-19T10:23:49,471|[TRACE] graph - <----- afterStatementPartNewline
2021-11-19T10:23:49,471|[TRACE] graph - -----> statementPart
2021-11-19T10:23:49,471|[TRACE] graph - -------> nonSkippedSpace
2021-11-19T10:23:49,471|[TRACE] script - #out(` `) [token]
2021-11-19T10:23:49,471|[TRACE] graph - <------- nonSkippedSpace
2021-11-19T10:23:49,471|[TRACE] graph - <----- statementPart
2021-11-19T10:23:49,471|[TRACE] graph - -----> statementPart
2021-11-19T10:23:49,471|[TRACE] graph - -------> nonSkippedSpace
2021-11-19T10:23:49,471|[TRACE] script - #out(` `) [token]
2021-11-19T10:23:49,471|[TRACE] graph - <------- nonSkippedSpace
2021-11-19T10:23:49,471|[TRACE] graph - <----- statementPart
2021-11-19T10:23:49,471|[TRACE] graph - -----> statementPart
2021-11-19T10:23:49,471|[TRACE] graph - -------> quotedString
2021-11-19T10:23:49,471|[TRACE] script - #out(``bank_id``) [token]
2021-11-19T10:23:49,471|[TRACE] graph - <------- quotedString
2021-11-19T10:23:49,471|[TRACE] graph - <----- statementPart
2021-11-19T10:23:49,471|[TRACE] graph - -----> statementPart
2021-11-19T10:23:49,471|[TRACE] graph - -------> nonSkippedSpace
2021-11-19T10:23:49,471|[TRACE] script - #out(` `) [token]
2021-11-19T10:23:49,471|[TRACE] graph - <------- nonSkippedSpace
2021-11-19T10:23:49,471|[TRACE] graph - <----- statementPart
2021-11-19T10:23:49,471|[TRACE] graph - -----> statementPart
2021-11-19T10:23:49,471|[TRACE] graph - -------> nonSkippedChar
2021-11-19T10:23:49,471|[TRACE] script - #out(`I`) [token]
2021-11-19T10:23:49,471|[TRACE] graph - <------- nonSkippedChar
2021-11-19T10:23:49,471|[TRACE] graph - <----- statementPart
2021-11-19T10:23:49,471|[TRACE] graph - -----> statementPart
2021-11-19T10:23:49,471|[TRACE] graph - -------> nonSkippedChar
2021-11-19T10:23:49,471|[TRACE] script - #out(`N`) [token]
2021-11-19T10:23:49,471|[TRACE] graph - <------- nonSkippedChar
2021-11-19T10:23:49,471|[TRACE] graph - <----- statementPart
2021-11-19T10:23:49,471|[TRACE] graph - -----> statementPart
2021-11-19T10:23:49,471|[TRACE] graph - -------> nonSkippedChar
2021-11-19T10:23:49,471|[TRACE] script - #out(`T`) [token]
2021-11-19T10:23:49,471|[TRACE] graph - <------- nonSkippedChar
2021-11-19T10:23:49,471|[TRACE] graph - <----- statementPart
2021-11-19T10:23:49,472|[TRACE] graph - -----> statementPart
2021-11-19T10:23:49,472|[TRACE] graph - -------> nonSkippedSpace
2021-11-19T10:23:49,472|[TRACE] script - #out(` `) [token]
2021-11-19T10:23:49,472|[TRACE] graph - <------- nonSkippedSpace
2021-11-19T10:23:49,472|[TRACE] graph - <----- statementPart
2021-11-19T10:23:49,472|[TRACE] graph - -----> statementPart
2021-11-19T10:23:49,472|[TRACE] graph - -------> nonSkippedChar
2021-11-19T10:23:49,472|[TRACE] script - #out(`N`) [token]
2021-11-19T10:23:49,472|[TRACE] graph - <------- nonSkippedChar
2021-11-19T10:23:49,472|[TRACE] graph - <----- statementPart
2021-11-19T10:23:49,472|[TRACE] graph - -----> statementPart
2021-11-19T10:23:49,472|[TRACE] graph - -------> nonSkippedChar
2021-11-19T10:23:49,472|[TRACE] script - #out(`O`) [token]
2021-11-19T10:23:49,472|[TRACE] graph - <------- nonSkippedChar
2021-11-19T10:23:49,472|[TRACE] graph - <----- statementPart
2021-11-19T10:23:49,472|[TRACE] graph - -----> statementPart
2021-11-19T10:23:49,472|[TRACE] graph - -------> nonSkippedChar
2021-11-19T10:23:49,472|[TRACE] script - #out(`T`) [token]
2021-11-19T10:23:49,472|[TRACE] graph - <------- nonSkippedChar
2021-11-19T10:23:49,472|[TRACE] graph - <----- statementPart
2021-11-19T10:23:49,472|[TRACE] graph - -----> statementPart
2021-11-19T10:23:49,472|[TRACE] graph - -------> nonSkippedSpace
2021-11-19T10:23:49,472|[TRACE] script - #out(` `) [token]
2021-11-19T10:23:49,472|[TRACE] graph - <------- nonSkippedSpace
2021-11-19T10:23:49,472|[TRACE] graph - <----- statementPart
2021-11-19T10:23:49,472|[TRACE] graph - -----> statementPart
2021-11-19T10:23:49,472|[TRACE] graph - -------> nonSkippedChar
2021-11-19T10:23:49,472|[TRACE] script - #out(`N`) [token]
2021-11-19T10:23:49,472|[TRACE] graph - <------- nonSkippedChar
2021-11-19T10:23:49,472|[TRACE] graph - <----- statementPart
2021-11-19T10:23:49,472|[TRACE] graph - -----> statementPart
2021-11-19T10:23:49,472|[TRACE] graph - -------> nonSkippedChar
2021-11-19T10:23:49,472|[TRACE] script - #out(`U`) [token]
2021-11-19T10:23:49,472|[TRACE] graph - <------- nonSkippedChar
2021-11-19T10:23:49,472|[TRACE] graph - <----- statementPart
2021-11-19T10:23:49,472|[TRACE] graph - -----> statementPart
2021-11-19T10:23:49,472|[TRACE] graph - -------> nonSkippedChar
2021-11-19T10:23:49,472|[TRACE] script - #out(`L`) [token]
2021-11-19T10:23:49,472|[TRACE] graph - <------- nonSkippedChar
2021-11-19T10:23:49,472|[TRACE] graph - <----- statementPart
2021-11-19T10:23:49,472|[TRACE] graph - -----> statementPart
2021-11-19T10:23:49,472|[TRACE] graph - -------> nonSkippedChar
2021-11-19T10:23:49,472|[TRACE] script - #out(`L`) [token]
2021-11-19T10:23:49,472|[TRACE] graph - <------- nonSkippedChar
2021-11-19T10:23:49,472|[TRACE] graph - <----- statementPart
2021-11-19T10:23:49,472|[TRACE] graph - -----> statementPart
2021-11-19T10:23:49,472|[TRACE] graph - -------> nonSkippedChar
2021-11-19T10:23:49,472|[TRACE] script - #out(`,`) [token]
2021-11-19T10:23:49,472|[TRACE] graph - <------- nonSkippedChar
2021-11-19T10:23:49,472|[TRACE] graph - <----- statementPart
2021-11-19T10:23:49,472|[TRACE] graph - -----> afterStatementPartNewline
2021-11-19T10:23:49,472|[TRACE] script - #out(` `) [text]
2021-11-19T10:23:49,472|[TRACE] graph - <----- afterStatementPartNewline
2021-11-19T10:23:49,472|[TRACE] graph - -----> statementPart
2021-11-19T10:23:49,472|[TRACE] graph - -------> nonSkippedSpace
2021-11-19T10:23:49,472|[TRACE] script - #out(` `) [token]
2021-11-19T10:23:49,472|[TRACE] graph - <------- nonSkippedSpace
2021-11-19T10:23:49,472|[TRACE] graph - <----- statementPart
2021-11-19T10:23:49,472|[TRACE] graph - -----> statementPart
2021-11-19T10:23:49,472|[TRACE] graph - -------> nonSkippedSpace
2021-11-19T10:23:49,472|[TRACE] script - #out(` `) [token]
2021-11-19T10:23:49,472|[TRACE] graph - <------- nonSkippedSpace
2021-11-19T10:23:49,472|[TRACE] graph - <----- statementPart
2021-11-19T10:23:49,472|[TRACE] graph - -----> statementPart
2021-11-19T10:23:49,472|[TRACE] graph - -------> quotedString
2021-11-19T10:23:49,472|[TRACE] script - #out(``milliliters``) [token]
2021-11-19T10:23:49,472|[TRACE] graph - <------- quotedString
2021-11-19T10:23:49,472|[TRACE] graph - <----- statementPart
2021-11-19T10:23:49,472|[TRACE] graph - -----> statementPart
2021-11-19T10:23:49,472|[TRACE] graph - -------> nonSkippedSpace
2021-11-19T10:23:49,472|[TRACE] script - #out(` `) [token]
2021-11-19T10:23:49,472|[TRACE] graph - <------- nonSkippedSpace
2021-11-19T10:23:49,472|[TRACE] graph - <----- statementPart
2021-11-19T10:23:49,472|[TRACE] graph - -----> statementPart
2021-11-19T10:23:49,472|[TRACE] graph - -------> nonSkippedChar
2021-11-19T10:23:49,472|[TRACE] script - #out(`I`) [token]
2021-11-19T10:23:49,472|[TRACE] graph - <------- nonSkippedChar
2021-11-19T10:23:49,472|[TRACE] graph - <----- statementPart
2021-11-19T10:23:49,472|[TRACE] graph - -----> statementPart
2021-11-19T10:23:49,472|[TRACE] graph - -------> nonSkippedChar
2021-11-19T10:23:49,472|[TRACE] script - #out(`N`) [token]
2021-11-19T10:23:49,472|[TRACE] graph - <------- nonSkippedChar
2021-11-19T10:23:49,472|[TRACE] graph - <----- statementPart
2021-11-19T10:23:49,579|[TRACE] graph - -----> statementPart
2021-11-19T10:23:49,579|[TRACE] graph - -------> nonSkippedChar
2021-11-19T10:23:49,579|[TRACE] script - #out(`T`) [token]
2021-11-19T10:23:49,579|[TRACE] graph - <------- nonSkippedChar
2021-11-19T10:23:49,579|[TRACE] graph - <----- statementPart
2021-11-19T10:23:49,579|[TRACE] graph - -----> statementPart
2021-11-19T10:23:49,579|[TRACE] graph - -------> nonSkippedSpace
2021-11-19T10:23:49,579|[TRACE] script - #out(` `) [token]
2021-11-19T10:23:49,579|[TRACE] graph - <------- nonSkippedSpace
2021-11-19T10:23:49,579|[TRACE] graph - <----- statementPart
2021-11-19T10:23:49,579|[TRACE] graph - -----> statementPart
2021-11-19T10:23:49,579|[TRACE] graph - -------> nonSkippedChar
2021-11-19T10:23:49,579|[TRACE] script - #out(`N`) [token]
2021-11-19T10:23:49,579|[TRACE] graph - <------- nonSkippedChar
2021-11-19T10:23:49,579|[TRACE] graph - <----- statementPart
2021-11-19T10:23:49,579|[TRACE] graph - -----> statementPart
2021-11-19T10:23:49,579|[TRACE] graph - -------> nonSkippedChar
2021-11-19T10:23:49,579|[TRACE] script - #out(`O`) [token]
2021-11-19T10:23:49,579|[TRACE] graph - <------- nonSkippedChar
2021-11-19T10:23:49,579|[TRACE] graph - <----- statementPart
2021-11-19T10:23:49,579|[TRACE] graph - -----> statementPart
2021-11-19T10:23:49,579|[TRACE] graph - -------> nonSkippedChar
2021-11-19T10:23:49,579|[TRACE] script - #out(`T`) [token]
2021-11-19T10:23:49,579|[TRACE] graph - <------- nonSkippedChar
2021-11-19T10:23:49,579|[TRACE] graph - <----- statementPart
2021-11-19T10:23:49,579|[TRACE] graph - -----> statementPart
2021-11-19T10:23:49,579|[TRACE] graph - -------> nonSkippedSpace
2021-11-19T10:23:49,579|[TRACE] script - #out(` `) [token]
2021-11-19T10:23:49,579|[TRACE] graph - <------- nonSkippedSpace
2021-11-19T10:23:49,579|[TRACE] graph - <----- statementPart
2021-11-19T10:23:49,579|[TRACE] graph - -----> statementPart
2021-11-19T10:23:49,579|[TRACE] graph - -------> nonSkippedChar
2021-11-19T10:23:49,579|[TRACE] script - #out(`N`) [token]
2021-11-19T10:23:49,579|[TRACE] graph - <------- nonSkippedChar
2021-11-19T10:23:49,579|[TRACE] graph - <----- statementPart
2021-11-19T10:23:49,579|[TRACE] graph - -----> statementPart
2021-11-19T10:23:49,579|[TRACE] graph - -------> nonSkippedChar
2021-11-19T10:23:49,579|[TRACE] script - #out(`U`) [token]
2021-11-19T10:23:49,579|[TRACE] graph - <------- nonSkippedChar
2021-11-19T10:23:49,579|[TRACE] graph - <----- statementPart
2021-11-19T10:23:49,579|[TRACE] graph - -----> statementPart
2021-11-19T10:23:49,579|[TRACE] graph - -------> nonSkippedChar
2021-11-19T10:23:49,579|[TRACE] script - #out(`L`) [token]
2021-11-19T10:23:49,579|[TRACE] graph - <------- nonSkippedChar
2021-11-19T10:23:49,579|[TRACE] graph - <----- statementPart
2021-11-19T10:23:49,579|[TRACE] graph - -----> statementPart
2021-11-19T10:23:49,579|[TRACE] graph - -------> nonSkippedChar
2021-11-19T10:23:49,579|[TRACE] script - #out(`L`) [token]
2021-11-19T10:23:49,579|[TRACE] graph - <------- nonSkippedChar
2021-11-19T10:23:49,579|[TRACE] graph - <----- statementPart
2021-11-19T10:23:49,579|[TRACE] graph - -----> statementPart
2021-11-19T10:23:49,579|[TRACE] graph - -------> nonSkippedChar
2021-11-19T10:23:49,579|[TRACE] script - #out(`,`) [token]
2021-11-19T10:23:49,579|[TRACE] graph - <------- nonSkippedChar
2021-11-19T10:23:49,579|[TRACE] graph - <----- statementPart
2021-11-19T10:23:49,579|[TRACE] graph - -----> afterStatementPartNewline
2021-11-19T10:23:49,579|[TRACE] script - #out(` `) [text]
2021-11-19T10:23:49,579|[TRACE] graph - <----- afterStatementPartNewline
2021-11-19T10:23:49,579|[TRACE] graph - -----> statementPart
2021-11-19T10:23:49,579|[TRACE] graph - -------> nonSkippedSpace
2021-11-19T10:23:49,579|[TRACE] script - #out(` `) [token]
2021-11-19T10:23:49,579|[TRACE] graph - <------- nonSkippedSpace
2021-11-19T10:23:49,579|[TRACE] graph - <----- statementPart
2021-11-19T10:23:49,579|[TRACE] graph - -----> statementPart
2021-11-19T10:23:49,579|[TRACE] graph - -------> nonSkippedSpace
2021-11-19T10:23:49,579|[TRACE] script - #out(` `) [token]
2021-11-19T10:23:49,579|[TRACE] graph - <------- nonSkippedSpace
2021-11-19T10:23:49,579|[TRACE] graph - <----- statementPart
2021-11-19T10:23:49,579|[TRACE] graph - -----> statementPart
2021-11-19T10:23:49,579|[TRACE] graph - -------> quotedString
2021-11-19T10:23:49,579|[TRACE] script - #out(``blood_group``) [token]
2021-11-19T10:23:49,579|[TRACE] graph - <------- quotedString
2021-11-19T10:23:49,579|[TRACE] graph - <----- statementPart
2021-11-19T10:23:49,579|[TRACE] graph - -----> statementPart
2021-11-19T10:23:49,579|[TRACE] graph - -------> nonSkippedSpace
2021-11-19T10:23:49,579|[TRACE] script - #out(` `) [token]
2021-11-19T10:23:49,579|[TRACE] graph - <------- nonSkippedSpace
2021-11-19T10:23:49,579|[TRACE] graph - <----- statementPart
2021-11-19T10:23:49,579|[TRACE] graph - -----> statementPart
2021-11-19T10:23:49,579|[TRACE] graph - -------> nonSkippedChar
2021-11-19T10:23:49,579|[TRACE] script - #out(`C`) [token]
2021-11-19T10:23:49,579|[TRACE] graph - <------- nonSkippedChar
2021-11-19T10:23:49,579|[TRACE] graph - <----- statementPart
2021-11-19T10:23:49,579|[TRACE] graph - -----> statementPart
2021-11-19T10:23:49,579|[TRACE] graph - -------> nonSkippedChar
2021-11-19T10:23:49,579|[TRACE] script - #out(`H`) [token]
2021-11-19T10:23:49,579|[TRACE] graph - <------- nonSkippedChar
2021-11-19T10:23:49,579|[TRACE] graph - <----- statementPart
2021-11-19T10:23:49,579|[TRACE] graph - -----> statementPart
2021-11-19T10:23:49,579|[TRACE] graph - -------> nonSkippedChar
2021-11-19T10:23:49,579|[TRACE] script - #out(`A`) [token]
2021-11-19T10:23:49,579|[TRACE] graph - <------- nonSkippedChar
2021-11-19T10:23:49,579|[TRACE] graph - <----- statementPart
2021-11-19T10:23:49,579|[TRACE] graph - -----> statementPart
2021-11-19T10:23:49,579|[TRACE] graph - -------> nonSkippedChar
2021-11-19T10:23:49,579|[TRACE] script - #out(`R`) [token]
2021-11-19T10:23:49,579|[TRACE] graph - <------- nonSkippedChar
2021-11-19T10:23:49,579|[TRACE] graph - <----- statementPart
2021-11-19T10:23:49,579|[TRACE] graph - -----> statementPart
2021-11-19T10:23:49,579|[TRACE] graph - -------> nonSkippedChar
2021-11-19T10:23:49,579|[TRACE] script - #out(`(`) [token]
2021-11-19T10:23:49,579|[TRACE] graph - <------- nonSkippedChar
2021-11-19T10:23:49,579|[TRACE] graph - <----- statementPart
2021-11-19T10:23:49,579|[TRACE] graph - -----> statementPart
2021-11-19T10:23:49,579|[TRACE] graph - -------> nonSkippedChar
2021-11-19T10:23:49,579|[TRACE] script - #out(`2`) [token]
2021-11-19T10:23:49,579|[TRACE] graph - <------- nonSkippedChar
2021-11-19T10:23:49,579|[TRACE] graph - <----- statementPart
2021-11-19T10:23:49,579|[TRACE] graph - -----> statementPart
2021-11-19T10:23:49,579|[TRACE] graph - -------> nonSkippedChar
2021-11-19T10:23:49,579|[TRACE] script - #out(`)`) [token]
2021-11-19T10:23:49,579|[TRACE] graph - <------- nonSkippedChar
2021-11-19T10:23:49,579|[TRACE] graph - <----- statementPart
2021-11-19T10:23:49,579|[TRACE] graph - -----> statementPart
2021-11-19T10:23:49,579|[TRACE] graph - -------> nonSkippedSpace
2021-11-19T10:23:49,579|[TRACE] script - #out(` `) [token]
2021-11-19T10:23:49,579|[TRACE] graph - <------- nonSkippedSpace
2021-11-19T10:23:49,579|[TRACE] graph - <----- statementPart
2021-11-19T10:23:49,579|[TRACE] graph - -----> statementPart
2021-11-19T10:23:49,579|[TRACE] graph - -------> nonSkippedChar
2021-11-19T10:23:49,579|[TRACE] script - #out(`N`) [token]
2021-11-19T10:23:49,579|[TRACE] graph - <------- nonSkippedChar
2021-11-19T10:23:49,579|[TRACE] graph - <----- statementPart
2021-11-19T10:23:49,579|[TRACE] graph - -----> statementPart
2021-11-19T10:23:49,579|[TRACE] graph - -------> nonSkippedChar
2021-11-19T10:23:49,579|[TRACE] script - #out(`O`) [token]
2021-11-19T10:23:49,579|[TRACE] graph - <------- nonSkippedChar
2021-11-19T10:23:49,579|[TRACE] graph - <----- statementPart
2021-11-19T10:23:49,579|[TRACE] graph - -----> statementPart
2021-11-19T10:23:49,579|[TRACE] graph - -------> nonSkippedChar
2021-11-19T10:23:49,579|[TRACE] script - #out(`T`) [token]
2021-11-19T10:23:49,579|[TRACE] graph - <------- nonSkippedChar
2021-11-19T10:23:49,579|[TRACE] graph - <----- statementPart
2021-11-19T10:23:49,579|[TRACE] graph - -----> statementPart
2021-11-19T10:23:49,579|[TRACE] graph - -------> nonSkippedSpace
2021-11-19T10:23:49,579|[TRACE] script - #out(` `) [token]
2021-11-19T10:23:49,579|[TRACE] graph - <------- nonSkippedSpace
2021-11-19T10:23:49,579|[TRACE] graph - <----- statementPart
2021-11-19T10:23:49,579|[TRACE] graph - -----> statementPart
2021-11-19T10:23:49,579|[TRACE] graph - -------> nonSkippedChar
2021-11-19T10:23:49,579|[TRACE] script - #out(`N`) [token]
2021-11-19T10:23:49,579|[TRACE] graph - <------- nonSkippedChar
2021-11-19T10:23:49,579|[TRACE] graph - <----- statementPart
2021-11-19T10:23:49,579|[TRACE] graph - -----> statementPart
2021-11-19T10:23:49,579|[TRACE] graph - -------> nonSkippedChar
2021-11-19T10:23:49,579|[TRACE] script - #out(`U`) [token]
2021-11-19T10:23:49,579|[TRACE] graph - <------- nonSkippedChar
2021-11-19T10:23:49,579|[TRACE] graph - <----- statementPart
2021-11-19T10:23:49,579|[TRACE] graph - -----> statementPart
2021-11-19T10:23:49,579|[TRACE] graph - -------> nonSkippedChar
2021-11-19T10:23:49,579|[TRACE] script - #out(`L`) [token]
2021-11-19T10:23:49,579|[TRACE] graph - <------- nonSkippedChar
2021-11-19T10:23:49,579|[TRACE] graph - <----- statementPart
2021-11-19T10:23:49,579|[TRACE] graph - -----> statementPart
2021-11-19T10:23:49,579|[TRACE] graph - -------> nonSkippedChar
2021-11-19T10:23:49,579|[TRACE] script - #out(`L`) [token]
2021-11-19T10:23:49,579|[TRACE] graph - <------- nonSkippedChar
2021-11-19T10:23:49,579|[TRACE] graph - <----- statementPart
2021-11-19T10:23:49,580|[TRACE] graph - -----> statementPart
2021-11-19T10:23:49,580|[TRACE] graph - -------> nonSkippedChar
2021-11-19T10:23:49,580|[TRACE] script - #out(`,`) [token]
2021-11-19T10:23:49,580|[TRACE] graph - <------- nonSkippedChar
2021-11-19T10:23:49,580|[TRACE] graph - <----- statementPart
2021-11-19T10:23:49,580|[TRACE] graph - -----> afterStatementPartNewline
2021-11-19T10:23:49,580|[TRACE] script - #out(` `) [text]
2021-11-19T10:23:49,580|[TRACE] graph - <----- afterStatementPartNewline
2021-11-19T10:23:49,580|[TRACE] graph - -----> statementPart
2021-11-19T10:23:49,580|[TRACE] graph - -------> nonSkippedSpace
2021-11-19T10:23:49,580|[TRACE] script - #out(` `) [token]
2021-11-19T10:23:49,580|[TRACE] graph - <------- nonSkippedSpace
2021-11-19T10:23:49,580|[TRACE] graph - <----- statementPart
2021-11-19T10:23:49,580|[TRACE] graph - -----> statementPart
2021-11-19T10:23:49,580|[TRACE] graph - -------> nonSkippedSpace
2021-11-19T10:23:49,580|[TRACE] script - #out(` `) [token]
2021-11-19T10:23:49,580|[TRACE] graph - <------- nonSkippedSpace
2021-11-19T10:23:49,580|[TRACE] graph - <----- statementPart
2021-11-19T10:23:49,580|[TRACE] graph - -----> statementPart
2021-11-19T10:23:49,580|[TRACE] graph - -------> quotedString
2021-11-19T10:23:49,580|[TRACE] script - #out(``rhd``) [token]
2021-11-19T10:23:49,580|[TRACE] graph - <------- quotedString
2021-11-19T10:23:49,580|[TRACE] graph - <----- statementPart
2021-11-19T10:23:49,580|[TRACE] graph - -----> statementPart
2021-11-19T10:23:49,580|[TRACE] graph - -------> nonSkippedSpace
2021-11-19T10:23:49,580|[TRACE] script - #out(` `) [token]
2021-11-19T10:23:49,580|[TRACE] graph - <------- nonSkippedSpace
2021-11-19T10:23:49,580|[TRACE] graph - <----- statementPart
2021-11-19T10:23:49,580|[TRACE] graph - -----> statementPart
2021-11-19T10:23:49,580|[TRACE] graph - -------> nonSkippedChar
2021-11-19T10:23:49,580|[TRACE] script - #out(`B`) [token]
2021-11-19T10:23:49,580|[TRACE] graph - <------- nonSkippedChar
2021-11-19T10:23:49,580|[TRACE] graph - <----- statementPart
2021-11-19T10:23:49,580|[TRACE] graph - -----> statementPart
2021-11-19T10:23:49,580|[TRACE] graph - -------> nonSkippedChar
2021-11-19T10:23:49,580|[TRACE] script - #out(`I`) [token]
2021-11-19T10:23:49,580|[TRACE] graph - <------- nonSkippedChar
2021-11-19T10:23:49,580|[TRACE] graph - <----- statementPart
2021-11-19T10:23:49,580|[TRACE] graph - -----> statementPart
2021-11-19T10:23:49,580|[TRACE] graph - -------> nonSkippedChar
2021-11-19T10:23:49,580|[TRACE] script - #out(`T`) [token]
2021-11-19T10:23:49,580|[TRACE] graph - <------- nonSkippedChar
2021-11-19T10:23:49,580|[TRACE] graph - <----- statementPart
2021-11-19T10:23:49,580|[TRACE] graph - -----> statementPart
2021-11-19T10:23:49,580|[TRACE] graph - -------> nonSkippedChar
2021-11-19T10:23:49,580|[TRACE] script - #out(`(`) [token]
2021-11-19T10:23:49,580|[TRACE] graph - <------- nonSkippedChar
2021-11-19T10:23:49,580|[TRACE] graph - <----- statementPart
2021-11-19T10:23:49,580|[TRACE] graph - -----> statementPart
2021-11-19T10:23:49,580|[TRACE] graph - -------> nonSkippedChar
2021-11-19T10:23:49,580|[TRACE] script - #out(`1`) [token]
2021-11-19T10:23:49,580|[TRACE] graph - <------- nonSkippedChar
2021-11-19T10:23:49,580|[TRACE] graph - <----- statementPart
2021-11-19T10:23:49,580|[TRACE] graph - -----> statementPart
2021-11-19T10:23:49,580|[TRACE] graph - -------> nonSkippedChar
2021-11-19T10:23:49,580|[TRACE] script - #out(`)`) [token]
2021-11-19T10:23:49,580|[TRACE] graph - <------- nonSkippedChar
2021-11-19T10:23:49,580|[TRACE] graph - <----- statementPart
2021-11-19T10:23:49,580|[TRACE] graph - -----> statementPart
2021-11-19T10:23:49,580|[TRACE] graph - -------> nonSkippedSpace
2021-11-19T10:23:49,580|[TRACE] script - #out(` `) [token]
2021-11-19T10:23:49,580|[TRACE] graph - <------- nonSkippedSpace
2021-11-19T10:23:49,580|[TRACE] graph - <----- statementPart
2021-11-19T10:23:49,580|[TRACE] graph - -----> statementPart
2021-11-19T10:23:49,580|[TRACE] graph - -------> nonSkippedChar
2021-11-19T10:23:49,580|[TRACE] script - #out(`N`) [token]
2021-11-19T10:23:49,580|[TRACE] graph - <------- nonSkippedChar
2021-11-19T10:23:49,580|[TRACE] graph - <----- statementPart
2021-11-19T10:23:49,580|[TRACE] graph - -----> statementPart
2021-11-19T10:23:49,580|[TRACE] graph - -------> nonSkippedChar
2021-11-19T10:23:49,580|[TRACE] script - #out(`O`) [token]
2021-11-19T10:23:49,580|[TRACE] graph - <------- nonSkippedChar
2021-11-19T10:23:49,580|[TRACE] graph - <----- statementPart
2021-11-19T10:23:49,580|[TRACE] graph - -----> statementPart
2021-11-19T10:23:49,580|[TRACE] graph - -------> nonSkippedChar
2021-11-19T10:23:49,580|[TRACE] script - #out(`T`) [token]
2021-11-19T10:23:49,580|[TRACE] graph - <------- nonSkippedChar
2021-11-19T10:23:49,580|[TRACE] graph - <----- statementPart
2021-11-19T10:23:49,580|[TRACE] graph - -----> statementPart
2021-11-19T10:23:49,580|[TRACE] graph - -------> nonSkippedSpace
2021-11-19T10:23:49,580|[TRACE] script - #out(` `) [token]
2021-11-19T10:23:49,580|[TRACE] graph - <------- nonSkippedSpace
2021-11-19T10:23:49,580|[TRACE] graph - <----- statementPart
2021-11-19T10:23:49,580|[TRACE] graph - -----> statementPart
2021-11-19T10:23:49,580|[TRACE] graph - -------> nonSkippedChar
2021-11-19T10:23:49,580|[TRACE] script - #out(`N`) [token]
2021-11-19T10:23:49,580|[TRACE] graph - <------- nonSkippedChar
2021-11-19T10:23:49,580|[TRACE] graph - <----- statementPart
2021-11-19T10:23:49,580|[TRACE] graph - -----> statementPart
2021-11-19T10:23:49,580|[TRACE] graph - -------> nonSkippedChar
2021-11-19T10:23:49,580|[TRACE] script - #out(`U`) [token]
2021-11-19T10:23:49,580|[TRACE] graph - <------- nonSkippedChar
2021-11-19T10:23:49,580|[TRACE] graph - <----- statementPart
2021-11-19T10:23:49,580|[TRACE] graph - -----> statementPart
2021-11-19T10:23:49,580|[TRACE] graph - -------> nonSkippedChar
2021-11-19T10:23:49,580|[TRACE] script - #out(`L`) [token]
2021-11-19T10:23:49,580|[TRACE] graph - <------- nonSkippedChar
2021-11-19T10:23:49,580|[TRACE] graph - <----- statementPart
2021-11-19T10:23:49,580|[TRACE] graph - -----> statementPart
2021-11-19T10:23:49,580|[TRACE] graph - -------> nonSkippedChar
2021-11-19T10:23:49,580|[TRACE] script - #out(`L`) [token]
2021-11-19T10:23:49,580|[TRACE] graph - <------- nonSkippedChar
2021-11-19T10:23:49,580|[TRACE] graph - <----- statementPart
2021-11-19T10:23:49,580|[TRACE] graph - -----> statementPart
2021-11-19T10:23:49,580|[TRACE] graph - -------> nonSkippedChar
2021-11-19T10:23:49,580|[TRACE] script - #out(`,`) [token]
2021-11-19T10:23:49,580|[TRACE] graph - <------- nonSkippedChar
2021-11-19T10:23:49,580|[TRACE] graph - <----- statementPart
2021-11-19T10:23:49,580|[TRACE] graph - -----> afterStatementPartNewline
2021-11-19T10:23:49,580|[TRACE] script - #out(` `) [text]
2021-11-19T10:23:49,580|[TRACE] graph - <----- afterStatementPartNewline
2021-11-19T10:23:49,580|[TRACE] graph - -----> statementPart
2021-11-19T10:23:49,580|[TRACE] graph - -------> nonSkippedSpace
2021-11-19T10:23:49,580|[TRACE] script - #out(` `) [token]
2021-11-19T10:23:49,580|[TRACE] graph - <------- nonSkippedSpace
2021-11-19T10:23:49,580|[TRACE] graph - <----- statementPart
2021-11-19T10:23:49,580|[TRACE] graph - -----> statementPart
2021-11-19T10:23:49,580|[TRACE] graph - -------> nonSkippedSpace
2021-11-19T10:23:49,580|[TRACE] script - #out(` `) [token]
2021-11-19T10:23:49,580|[TRACE] graph - <------- nonSkippedSpace
2021-11-19T10:23:49,580|[TRACE] graph - <----- statementPart
2021-11-19T10:23:49,580|[TRACE] graph - -----> statementPart
2021-11-19T10:23:49,580|[TRACE] graph - -------> quotedString
2021-11-19T10:23:49,580|[TRACE] script - #out(``created``) [token]
2021-11-19T10:23:49,580|[TRACE] graph - <------- quotedString
2021-11-19T10:23:49,580|[TRACE] graph - <----- statementPart
2021-11-19T10:23:49,580|[TRACE] graph - -----> statementPart
2021-11-19T10:23:49,580|[TRACE] graph - -------> nonSkippedSpace
2021-11-19T10:23:49,580|[TRACE] script - #out(` `) [token]
2021-11-19T10:23:49,580|[TRACE] graph - <------- nonSkippedSpace
2021-11-19T10:23:49,580|[TRACE] graph - <----- statementPart
2021-11-19T10:23:49,580|[TRACE] graph - -----> statementPart
2021-11-19T10:23:49,580|[TRACE] graph - -------> nonSkippedChar
2021-11-19T10:23:49,580|[TRACE] script - #out(`B`) [token]
2021-11-19T10:23:49,580|[TRACE] graph - <------- nonSkippedChar
2021-11-19T10:23:49,580|[TRACE] graph - <----- statementPart
2021-11-19T10:23:49,580|[TRACE] graph - -----> statementPart
2021-11-19T10:23:49,580|[TRACE] graph - -------> nonSkippedChar
2021-11-19T10:23:49,580|[TRACE] script - #out(`I`) [token]
2021-11-19T10:23:49,580|[TRACE] graph - <------- nonSkippedChar
2021-11-19T10:23:49,580|[TRACE] graph - <----- statementPart
2021-11-19T10:23:49,580|[TRACE] graph - -----> statementPart
2021-11-19T10:23:49,580|[TRACE] graph - -------> nonSkippedChar
2021-11-19T10:23:49,580|[TRACE] script - #out(`G`) [token]
2021-11-19T10:23:49,580|[TRACE] graph - <------- nonSkippedChar
2021-11-19T10:23:49,580|[TRACE] graph - <----- statementPart
2021-11-19T10:23:49,580|[TRACE] graph - -----> statementPart
2021-11-19T10:23:49,580|[TRACE] graph - -------> nonSkippedChar
2021-11-19T10:23:49,580|[TRACE] script - #out(`I`) [token]
2021-11-19T10:23:49,580|[TRACE] graph - <------- nonSkippedChar
2021-11-19T10:23:49,580|[TRACE] graph - <----- statementPart
2021-11-19T10:23:49,580|[TRACE] graph - -----> statementPart
2021-11-19T10:23:49,580|[TRACE] graph - -------> nonSkippedChar
2021-11-19T10:23:49,580|[TRACE] script - #out(`N`) [token]
2021-11-19T10:23:49,580|[TRACE] graph - <------- nonSkippedChar
2021-11-19T10:23:49,580|[TRACE] graph - <----- statementPart
2021-11-19T10:23:49,580|[TRACE] graph - -----> statementPart
2021-11-19T10:23:49,580|[TRACE] graph - -------> nonSkippedChar
2021-11-19T10:23:49,580|[TRACE] script - #out(`T`) [token]
2021-11-19T10:23:49,580|[TRACE] graph - <------- nonSkippedChar
2021-11-19T10:23:49,580|[TRACE] graph - <----- statementPart
2021-11-19T10:23:49,580|[TRACE] graph - -----> statementPart
2021-11-19T10:23:49,580|[TRACE] graph - -------> nonSkippedSpace
2021-11-19T10:23:49,580|[TRACE] script - #out(` `) [token]
2021-11-19T10:23:49,580|[TRACE] graph - <------- nonSkippedSpace
2021-11-19T10:23:49,580|[TRACE] graph - <----- statementPart
2021-11-19T10:23:49,580|[TRACE] graph - -----> statementPart
2021-11-19T10:23:49,580|[TRACE] graph - -------> nonSkippedChar
2021-11-19T10:23:49,580|[TRACE] script - #out(`N`) [token]
2021-11-19T10:23:49,580|[TRACE] graph - <------- nonSkippedChar
2021-11-19T10:23:49,580|[TRACE] graph - <----- statementPart
2021-11-19T10:23:49,580|[TRACE] graph - -----> statementPart
2021-11-19T10:23:49,580|[TRACE] graph - -------> nonSkippedChar
2021-11-19T10:23:49,580|[TRACE] script - #out(`O`) [token]
2021-11-19T10:23:49,580|[TRACE] graph - <------- nonSkippedChar
2021-11-19T10:23:49,580|[TRACE] graph - <----- statementPart
2021-11-19T10:23:49,580|[TRACE] graph - -----> statementPart
2021-11-19T10:23:49,580|[TRACE] graph - -------> nonSkippedChar
2021-11-19T10:23:49,580|[TRACE] script - #out(`T`) [token]
2021-11-19T10:23:49,580|[TRACE] graph - <------- nonSkippedChar
2021-11-19T10:23:49,580|[TRACE] graph - <----- statementPart
2021-11-19T10:23:49,580|[TRACE] graph - -----> statementPart
2021-11-19T10:23:49,580|[TRACE] graph - -------> nonSkippedSpace
2021-11-19T10:23:49,580|[TRACE] script - #out(` `) [token]
2021-11-19T10:23:49,580|[TRACE] graph - <------- nonSkippedSpace
2021-11-19T10:23:49,580|[TRACE] graph - <----- statementPart
2021-11-19T10:23:49,580|[TRACE] graph - -----> statementPart
2021-11-19T10:23:49,580|[TRACE] graph - -------> nonSkippedChar
2021-11-19T10:23:49,580|[TRACE] script - #out(`N`) [token]
2021-11-19T10:23:49,580|[TRACE] graph - <------- nonSkippedChar
2021-11-19T10:23:49,580|[TRACE] graph - <----- statementPart
2021-11-19T10:23:49,580|[TRACE] graph - -----> statementPart
2021-11-19T10:23:49,580|[TRACE] graph - -------> nonSkippedChar
2021-11-19T10:23:49,580|[TRACE] script - #out(`U`) [token]
2021-11-19T10:23:49,580|[TRACE] graph - <------- nonSkippedChar
2021-11-19T10:23:49,580|[TRACE] graph - <----- statementPart
2021-11-19T10:23:49,580|[TRACE] graph - -----> statementPart
2021-11-19T10:23:49,580|[TRACE] graph - -------> nonSkippedChar
2021-11-19T10:23:49,580|[TRACE] script - #out(`L`) [token]
2021-11-19T10:23:49,580|[TRACE] graph - <------- nonSkippedChar
2021-11-19T10:23:49,580|[TRACE] graph - <----- statementPart
2021-11-19T10:23:49,580|[TRACE] graph - -----> statementPart
2021-11-19T10:23:49,580|[TRACE] graph - -------> nonSkippedChar
2021-11-19T10:23:49,580|[TRACE] script - #out(`L`) [token]
2021-11-19T10:23:49,580|[TRACE] graph - <------- nonSkippedChar
2021-11-19T10:23:49,580|[TRACE] graph - <----- statementPart
2021-11-19T10:23:49,580|[TRACE] graph - -----> statementPart
2021-11-19T10:23:49,580|[TRACE] graph - -------> nonSkippedSpace
2021-11-19T10:23:49,580|[TRACE] script - #out(` `) [token]
2021-11-19T10:23:49,580|[TRACE] graph - <------- nonSkippedSpace
2021-11-19T10:23:49,580|[TRACE] graph - <----- statementPart
2021-11-19T10:23:49,580|[TRACE] graph - -----> statementPart
2021-11-19T10:23:49,580|[TRACE] graph - -------> nonSkippedChar
2021-11-19T10:23:49,580|[TRACE] script - #out(`D`) [token]
2021-11-19T10:23:49,580|[TRACE] graph - <------- nonSkippedChar
2021-11-19T10:23:49,580|[TRACE] graph - <----- statementPart
2021-11-19T10:23:49,580|[TRACE] graph - -----> statementPart
2021-11-19T10:23:49,580|[TRACE] graph - -------> nonSkippedChar
2021-11-19T10:23:49,580|[TRACE] script - #out(`E`) [token]
2021-11-19T10:23:49,580|[TRACE] graph - <------- nonSkippedChar
2021-11-19T10:23:49,580|[TRACE] graph - <----- statementPart
2021-11-19T10:23:49,580|[TRACE] graph - -----> statementPart
2021-11-19T10:23:49,580|[TRACE] graph - -------> nonSkippedChar
2021-11-19T10:23:49,580|[TRACE] script - #out(`F`) [token]
2021-11-19T10:23:49,580|[TRACE] graph - <------- nonSkippedChar
2021-11-19T10:23:49,580|[TRACE] graph - <----- statementPart
2021-11-19T10:23:49,580|[TRACE] graph - -----> statementPart
2021-11-19T10:23:49,580|[TRACE] graph - -------> nonSkippedChar
2021-11-19T10:23:49,580|[TRACE] script - #out(`A`) [token]
2021-11-19T10:23:49,580|[TRACE] graph - <------- nonSkippedChar
2021-11-19T10:23:49,580|[TRACE] graph - <----- statementPart
2021-11-19T10:23:49,580|[TRACE] graph - -----> statementPart
2021-11-19T10:23:49,580|[TRACE] graph - -------> nonSkippedChar
2021-11-19T10:23:49,580|[TRACE] script - #out(`U`) [token]
2021-11-19T10:23:49,580|[TRACE] graph - <------- nonSkippedChar
2021-11-19T10:23:49,580|[TRACE] graph - <----- statementPart
2021-11-19T10:23:49,580|[TRACE] graph - -----> statementPart
2021-11-19T10:23:49,580|[TRACE] graph - -------> nonSkippedChar
2021-11-19T10:23:49,580|[TRACE] script - #out(`L`) [token]
2021-11-19T10:23:49,580|[TRACE] graph - <------- nonSkippedChar
2021-11-19T10:23:49,580|[TRACE] graph - <----- statementPart
2021-11-19T10:23:49,580|[TRACE] graph - -----> statementPart
2021-11-19T10:23:49,580|[TRACE] graph - -------> nonSkippedChar
2021-11-19T10:23:49,580|[TRACE] script - #out(`T`) [token]
2021-11-19T10:23:49,580|[TRACE] graph - <------- nonSkippedChar
2021-11-19T10:23:49,580|[TRACE] graph - <----- statementPart
2021-11-19T10:23:49,580|[TRACE] graph - -----> statementPart
2021-11-19T10:23:49,580|[TRACE] graph - -------> nonSkippedSpace
2021-11-19T10:23:49,580|[TRACE] script - #out(` `) [token]
2021-11-19T10:23:49,580|[TRACE] graph - <------- nonSkippedSpace
2021-11-19T10:23:49,580|[TRACE] graph - <----- statementPart
2021-11-19T10:23:49,580|[TRACE] graph - -----> statementPart
2021-11-19T10:23:49,580|[TRACE] graph - -------> nonSkippedChar
2021-11-19T10:23:49,580|[TRACE] script - #out(`(`) [token]
2021-11-19T10:23:49,580|[TRACE] graph - <------- nonSkippedChar
2021-11-19T10:23:49,580|[TRACE] graph - <----- statementPart
2021-11-19T10:23:49,580|[TRACE] graph - -----> statementPart
2021-11-19T10:23:49,580|[TRACE] graph - -------> nonSkippedChar
2021-11-19T10:23:49,580|[TRACE] script - #out(`u`) [token]
2021-11-19T10:23:49,580|[TRACE] graph - <------- nonSkippedChar
2021-11-19T10:23:49,580|[TRACE] graph - <----- statementPart
2021-11-19T10:23:49,580|[TRACE] graph - -----> statementPart
2021-11-19T10:23:49,580|[TRACE] graph - -------> nonSkippedChar
2021-11-19T10:23:49,580|[TRACE] script - #out(`n`) [token]
2021-11-19T10:23:49,580|[TRACE] graph - <------- nonSkippedChar
2021-11-19T10:23:49,580|[TRACE] graph - <----- statementPart
2021-11-19T10:23:49,580|[TRACE] graph - -----> statementPart
2021-11-19T10:23:49,580|[TRACE] graph - -------> nonSkippedChar
2021-11-19T10:23:49,580|[TRACE] script - #out(`i`) [token]
2021-11-19T10:23:49,580|[TRACE] graph - <------- nonSkippedChar
2021-11-19T10:23:49,580|[TRACE] graph - <----- statementPart
2021-11-19T10:23:49,580|[TRACE] graph - -----> statementPart
2021-11-19T10:23:49,580|[TRACE] graph - -------> nonSkippedChar
2021-11-19T10:23:49,580|[TRACE] script - #out(`x`) [token]
2021-11-19T10:23:49,580|[TRACE] graph - <------- nonSkippedChar
2021-11-19T10:23:49,580|[TRACE] graph - <----- statementPart
2021-11-19T10:23:49,580|[TRACE] graph - -----> statementPart
2021-11-19T10:23:49,580|[TRACE] graph - -------> nonSkippedChar
2021-11-19T10:23:49,580|[TRACE] script - #out(`_`) [token]
2021-11-19T10:23:49,580|[TRACE] graph - <------- nonSkippedChar
2021-11-19T10:23:49,580|[TRACE] graph - <----- statementPart
2021-11-19T10:23:49,580|[TRACE] graph - -----> statementPart
2021-11-19T10:23:49,580|[TRACE] graph - -------> nonSkippedChar
2021-11-19T10:23:49,580|[TRACE] script - #out(`t`) [token]
2021-11-19T10:23:49,580|[TRACE] graph - <------- nonSkippedChar
2021-11-19T10:23:49,580|[TRACE] graph - <----- statementPart
2021-11-19T10:23:49,580|[TRACE] graph - -----> statementPart
2021-11-19T10:23:49,580|[TRACE] graph - -------> nonSkippedChar
2021-11-19T10:23:49,580|[TRACE] script - #out(`i`) [token]
2021-11-19T10:23:49,580|[TRACE] graph - <------- nonSkippedChar
2021-11-19T10:23:49,580|[TRACE] graph - <----- statementPart
2021-11-19T10:23:49,581|[TRACE] graph - -----> statementPart
2021-11-19T10:23:49,581|[TRACE] graph - -------> nonSkippedChar
2021-11-19T10:23:49,581|[TRACE] script - #out(`m`) [token]
2021-11-19T10:23:49,581|[TRACE] graph - <------- nonSkippedChar
2021-11-19T10:23:49,581|[TRACE] graph - <----- statementPart
2021-11-19T10:23:49,581|[TRACE] graph - -----> statementPart
2021-11-19T10:23:49,581|[TRACE] graph - -------> nonSkippedChar
2021-11-19T10:23:49,581|[TRACE] script - #out(`e`) [token]
2021-11-19T10:23:49,581|[TRACE] graph - <------- nonSkippedChar
2021-11-19T10:23:49,581|[TRACE] graph - <----- statementPart
2021-11-19T10:23:49,581|[TRACE] graph - -----> statementPart
2021-11-19T10:23:49,581|[TRACE] graph - -------> nonSkippedChar
2021-11-19T10:23:49,581|[TRACE] script - #out(`s`) [token]
2021-11-19T10:23:49,581|[TRACE] graph - <------- nonSkippedChar
2021-11-19T10:23:49,581|[TRACE] graph - <----- statementPart
2021-11-19T10:23:49,684|[TRACE] graph - -----> statementPart
2021-11-19T10:23:49,684|[TRACE] graph - -------> nonSkippedChar
2021-11-19T10:23:49,684|[TRACE] script - #out(`t`) [token]
2021-11-19T10:23:49,684|[TRACE] graph - <------- nonSkippedChar
2021-11-19T10:23:49,684|[TRACE] graph - <----- statementPart
2021-11-19T10:23:49,684|[TRACE] graph - -----> statementPart
2021-11-19T10:23:49,684|[TRACE] graph - -------> nonSkippedChar
2021-11-19T10:23:49,684|[TRACE] script - #out(`a`) [token]
2021-11-19T10:23:49,684|[TRACE] graph - <------- nonSkippedChar
2021-11-19T10:23:49,684|[TRACE] graph - <----- statementPart
2021-11-19T10:23:49,684|[TRACE] graph - -----> statementPart
2021-11-19T10:23:49,684|[TRACE] graph - -------> nonSkippedChar
2021-11-19T10:23:49,684|[TRACE] script - #out(`m`) [token]
2021-11-19T10:23:49,684|[TRACE] graph - <------- nonSkippedChar
2021-11-19T10:23:49,684|[TRACE] graph - <----- statementPart
2021-11-19T10:23:49,684|[TRACE] graph - -----> statementPart
2021-11-19T10:23:49,684|[TRACE] graph - -------> nonSkippedChar
2021-11-19T10:23:49,684|[TRACE] script - #out(`p`) [token]
2021-11-19T10:23:49,684|[TRACE] graph - <------- nonSkippedChar
2021-11-19T10:23:49,684|[TRACE] graph - <----- statementPart
2021-11-19T10:23:49,684|[TRACE] graph - -----> statementPart
2021-11-19T10:23:49,684|[TRACE] graph - -------> nonSkippedChar
2021-11-19T10:23:49,684|[TRACE] script - #out(`(`) [token]
2021-11-19T10:23:49,684|[TRACE] graph - <------- nonSkippedChar
2021-11-19T10:23:49,684|[TRACE] graph - <----- statementPart
2021-11-19T10:23:49,684|[TRACE] graph - -----> statementPart
2021-11-19T10:23:49,684|[TRACE] graph - -------> nonSkippedChar
2021-11-19T10:23:49,684|[TRACE] script - #out(`n`) [token]
2021-11-19T10:23:49,684|[TRACE] graph - <------- nonSkippedChar
2021-11-19T10:23:49,684|[TRACE] graph - <----- statementPart
2021-11-19T10:23:49,684|[TRACE] graph - -----> statementPart
2021-11-19T10:23:49,684|[TRACE] graph - -------> nonSkippedChar
2021-11-19T10:23:49,684|[TRACE] script - #out(`o`) [token]
2021-11-19T10:23:49,684|[TRACE] graph - <------- nonSkippedChar
2021-11-19T10:23:49,684|[TRACE] graph - <----- statementPart
2021-11-19T10:23:49,684|[TRACE] graph - -----> statementPart
2021-11-19T10:23:49,684|[TRACE] graph - -------> nonSkippedChar
2021-11-19T10:23:49,684|[TRACE] script - #out(`w`) [token]
2021-11-19T10:23:49,684|[TRACE] graph - <------- nonSkippedChar
2021-11-19T10:23:49,684|[TRACE] graph - <----- statementPart
2021-11-19T10:23:49,684|[TRACE] graph - -----> statementPart
2021-11-19T10:23:49,684|[TRACE] graph - -------> nonSkippedChar
2021-11-19T10:23:49,684|[TRACE] script - #out(`(`) [token]
2021-11-19T10:23:49,684|[TRACE] graph - <------- nonSkippedChar
2021-11-19T10:23:49,684|[TRACE] graph - <----- statementPart
2021-11-19T10:23:49,684|[TRACE] graph - -----> statementPart
2021-11-19T10:23:49,684|[TRACE] graph - -------> nonSkippedChar
2021-11-19T10:23:49,684|[TRACE] script - #out(`)`) [token]
2021-11-19T10:23:49,684|[TRACE] graph - <------- nonSkippedChar
2021-11-19T10:23:49,684|[TRACE] graph - <----- statementPart
2021-11-19T10:23:49,684|[TRACE] graph - -----> statementPart
2021-11-19T10:23:49,684|[TRACE] graph - -------> nonSkippedChar
2021-11-19T10:23:49,684|[TRACE] script - #out(`)`) [token]
2021-11-19T10:23:49,684|[TRACE] graph - <------- nonSkippedChar
2021-11-19T10:23:49,684|[TRACE] graph - <----- statementPart
2021-11-19T10:23:49,684|[TRACE] graph - -----> statementPart
2021-11-19T10:23:49,684|[TRACE] graph - -------> nonSkippedSpace
2021-11-19T10:23:49,684|[TRACE] script - #out(` `) [token]
2021-11-19T10:23:49,684|[TRACE] graph - <------- nonSkippedSpace
2021-11-19T10:23:49,684|[TRACE] graph - <----- statementPart
2021-11-19T10:23:49,684|[TRACE] graph - -----> statementPart
2021-11-19T10:23:49,684|[TRACE] graph - -------> nonSkippedChar
2021-11-19T10:23:49,684|[TRACE] script - #out(`*`) [token]
2021-11-19T10:23:49,684|[TRACE] graph - <------- nonSkippedChar
2021-11-19T10:23:49,684|[TRACE] graph - <----- statementPart
2021-11-19T10:23:49,684|[TRACE] graph - -----> statementPart
2021-11-19T10:23:49,684|[TRACE] graph - -------> nonSkippedSpace
2021-11-19T10:23:49,684|[TRACE] script - #out(` `) [token]
2021-11-19T10:23:49,684|[TRACE] graph - <------- nonSkippedSpace
2021-11-19T10:23:49,684|[TRACE] graph - <----- statementPart
2021-11-19T10:23:49,684|[TRACE] graph - -----> statementPart
2021-11-19T10:23:49,684|[TRACE] graph - -------> nonSkippedChar
2021-11-19T10:23:49,684|[TRACE] script - #out(`1`) [token]
2021-11-19T10:23:49,684|[TRACE] graph - <------- nonSkippedChar
2021-11-19T10:23:49,684|[TRACE] graph - <----- statementPart
2021-11-19T10:23:49,684|[TRACE] graph - -----> statementPart
2021-11-19T10:23:49,684|[TRACE] graph - -------> nonSkippedChar
2021-11-19T10:23:49,684|[TRACE] script - #out(`0`) [token]
2021-11-19T10:23:49,684|[TRACE] graph - <------- nonSkippedChar
2021-11-19T10:23:49,684|[TRACE] graph - <----- statementPart
2021-11-19T10:23:49,684|[TRACE] graph - -----> statementPart
2021-11-19T10:23:49,684|[TRACE] graph - -------> nonSkippedChar
2021-11-19T10:23:49,684|[TRACE] script - #out(`0`) [token]
2021-11-19T10:23:49,684|[TRACE] graph - <------- nonSkippedChar
2021-11-19T10:23:49,684|[TRACE] graph - <----- statementPart
2021-11-19T10:23:49,684|[TRACE] graph - -----> statementPart
2021-11-19T10:23:49,684|[TRACE] graph - -------> nonSkippedChar
2021-11-19T10:23:49,684|[TRACE] script - #out(`0`) [token]
2021-11-19T10:23:49,684|[TRACE] graph - <------- nonSkippedChar
2021-11-19T10:23:49,684|[TRACE] graph - <----- statementPart
2021-11-19T10:23:49,684|[TRACE] graph - -----> statementPart
2021-11-19T10:23:49,684|[TRACE] graph - -------> nonSkippedChar
2021-11-19T10:23:49,684|[TRACE] script - #out(`)`) [token]
2021-11-19T10:23:49,684|[TRACE] graph - <------- nonSkippedChar
2021-11-19T10:23:49,684|[TRACE] graph - <----- statementPart
2021-11-19T10:23:49,684|[TRACE] graph - -----> statementPart
2021-11-19T10:23:49,684|[TRACE] graph - -------> nonSkippedChar
2021-11-19T10:23:49,684|[TRACE] script - #out(`,`) [token]
2021-11-19T10:23:49,684|[TRACE] graph - <------- nonSkippedChar
2021-11-19T10:23:49,684|[TRACE] graph - <----- statementPart
2021-11-19T10:23:49,684|[TRACE] graph - -----> afterStatementPartNewline
2021-11-19T10:23:49,684|[TRACE] script - #out(` `) [text]
2021-11-19T10:23:49,684|[TRACE] graph - <----- afterStatementPartNewline
2021-11-19T10:23:49,684|[TRACE] graph - -----> statementPart
2021-11-19T10:23:49,684|[TRACE] graph - -------> nonSkippedSpace
2021-11-19T10:23:49,684|[TRACE] script - #out(` `) [token]
2021-11-19T10:23:49,684|[TRACE] graph - <------- nonSkippedSpace
2021-11-19T10:23:49,684|[TRACE] graph - <----- statementPart
2021-11-19T10:23:49,684|[TRACE] graph - -----> statementPart
2021-11-19T10:23:49,684|[TRACE] graph - -------> nonSkippedSpace
2021-11-19T10:23:49,684|[TRACE] script - #out(` `) [token]
2021-11-19T10:23:49,684|[TRACE] graph - <------- nonSkippedSpace
2021-11-19T10:23:49,684|[TRACE] graph - <----- statementPart
2021-11-19T10:23:49,684|[TRACE] graph - -----> statementPart
2021-11-19T10:23:49,684|[TRACE] graph - -------> quotedString
2021-11-19T10:23:49,684|[TRACE] script - #out(``updated``) [token]
2021-11-19T10:23:49,684|[TRACE] graph - <------- quotedString
2021-11-19T10:23:49,684|[TRACE] graph - <----- statementPart
2021-11-19T10:23:49,684|[TRACE] graph - -----> statementPart
2021-11-19T10:23:49,684|[TRACE] graph - -------> nonSkippedSpace
2021-11-19T10:23:49,684|[TRACE] script - #out(` `) [token]
2021-11-19T10:23:49,684|[TRACE] graph - <------- nonSkippedSpace
2021-11-19T10:23:49,684|[TRACE] graph - <----- statementPart
2021-11-19T10:23:49,684|[TRACE] graph - -----> statementPart
2021-11-19T10:23:49,684|[TRACE] graph - -------> nonSkippedChar
2021-11-19T10:23:49,684|[TRACE] script - #out(`B`) [token]
2021-11-19T10:23:49,684|[TRACE] graph - <------- nonSkippedChar
2021-11-19T10:23:49,685|[TRACE] graph - <----- statementPart
2021-11-19T10:23:49,685|[TRACE] graph - -----> statementPart
2021-11-19T10:23:49,685|[TRACE] graph - -------> nonSkippedChar
2021-11-19T10:23:49,685|[TRACE] script - #out(`I`) [token]
2021-11-19T10:23:49,685|[TRACE] graph - <------- nonSkippedChar
2021-11-19T10:23:49,685|[TRACE] graph - <----- statementPart
2021-11-19T10:23:49,685|[TRACE] graph - -----> statementPart
2021-11-19T10:23:49,685|[TRACE] graph - -------> nonSkippedChar
2021-11-19T10:23:49,685|[TRACE] script - #out(`G`) [token]
2021-11-19T10:23:49,685|[TRACE] graph - <------- nonSkippedChar
2021-11-19T10:23:49,685|[TRACE] graph - <----- statementPart
2021-11-19T10:23:49,685|[TRACE] graph - -----> statementPart
2021-11-19T10:23:49,685|[TRACE] graph - -------> nonSkippedChar
2021-11-19T10:23:49,685|[TRACE] script - #out(`I`) [token]
2021-11-19T10:23:49,685|[TRACE] graph - <------- nonSkippedChar
2021-11-19T10:23:49,685|[TRACE] graph - <----- statementPart
2021-11-19T10:23:49,685|[TRACE] graph - -----> statementPart
2021-11-19T10:23:49,685|[TRACE] graph - -------> nonSkippedChar
2021-11-19T10:23:49,685|[TRACE] script - #out(`N`) [token]
2021-11-19T10:23:49,685|[TRACE] graph - <------- nonSkippedChar
2021-11-19T10:23:49,685|[TRACE] graph - <----- statementPart
2021-11-19T10:23:49,685|[TRACE] graph - -----> statementPart
2021-11-19T10:23:49,685|[TRACE] graph - -------> nonSkippedChar
2021-11-19T10:23:49,685|[TRACE] script - #out(`T`) [token]
2021-11-19T10:23:49,685|[TRACE] graph - <------- nonSkippedChar
2021-11-19T10:23:49,685|[TRACE] graph - <----- statementPart
2021-11-19T10:23:49,685|[TRACE] graph - -----> statementPart
2021-11-19T10:23:49,685|[TRACE] graph - -------> nonSkippedSpace
2021-11-19T10:23:49,685|[TRACE] script - #out(` `) [token]
2021-11-19T10:23:49,685|[TRACE] graph - <------- nonSkippedSpace
2021-11-19T10:23:49,685|[TRACE] graph - <----- statementPart
2021-11-19T10:23:49,685|[TRACE] graph - -----> statementPart
2021-11-19T10:23:49,685|[TRACE] graph - -------> nonSkippedChar
2021-11-19T10:23:49,685|[TRACE] script - #out(`N`) [token]
2021-11-19T10:23:49,685|[TRACE] graph - <------- nonSkippedChar
2021-11-19T10:23:49,685|[TRACE] graph - <----- statementPart
2021-11-19T10:23:49,685|[TRACE] graph - -----> statementPart
2021-11-19T10:23:49,685|[TRACE] graph - -------> nonSkippedChar
2021-11-19T10:23:49,685|[TRACE] script - #out(`O`) [token]
2021-11-19T10:23:49,685|[TRACE] graph - <------- nonSkippedChar
2021-11-19T10:23:49,685|[TRACE] graph - <----- statementPart
2021-11-19T10:23:49,685|[TRACE] graph - -----> statementPart
2021-11-19T10:23:49,685|[TRACE] graph - -------> nonSkippedChar
2021-11-19T10:23:49,685|[TRACE] script - #out(`T`) [token]
2021-11-19T10:23:49,685|[TRACE] graph - <------- nonSkippedChar
2021-11-19T10:23:49,685|[TRACE] graph - <----- statementPart
2021-11-19T10:23:49,685|[TRACE] graph - -----> statementPart
2021-11-19T10:23:49,685|[TRACE] graph - -------> nonSkippedSpace
2021-11-19T10:23:49,685|[TRACE] script - #out(` `) [token]
2021-11-19T10:23:49,685|[TRACE] graph - <------- nonSkippedSpace
2021-11-19T10:23:49,685|[TRACE] graph - <----- statementPart
2021-11-19T10:23:49,685|[TRACE] graph - -----> statementPart
2021-11-19T10:23:49,685|[TRACE] graph - -------> nonSkippedChar
2021-11-19T10:23:49,685|[TRACE] script - #out(`N`) [token]
2021-11-19T10:23:49,685|[TRACE] graph - <------- nonSkippedChar
2021-11-19T10:23:49,685|[TRACE] graph - <----- statementPart
2021-11-19T10:23:49,685|[TRACE] graph - -----> statementPart
2021-11-19T10:23:49,685|[TRACE] graph - -------> nonSkippedChar
2021-11-19T10:23:49,685|[TRACE] script - #out(`U`) [token]
2021-11-19T10:23:49,685|[TRACE] graph - <------- nonSkippedChar
2021-11-19T10:23:49,685|[TRACE] graph - <----- statementPart
2021-11-19T10:23:49,685|[TRACE] graph - -----> statementPart
2021-11-19T10:23:49,685|[TRACE] graph - -------> nonSkippedChar
2021-11-19T10:23:49,685|[TRACE] script - #out(`L`) [token]
2021-11-19T10:23:49,685|[TRACE] graph - <------- nonSkippedChar
2021-11-19T10:23:49,685|[TRACE] graph - <----- statementPart
2021-11-19T10:23:49,685|[TRACE] graph - -----> statementPart
2021-11-19T10:23:49,685|[TRACE] graph - -------> nonSkippedChar
2021-11-19T10:23:49,685|[TRACE] script - #out(`L`) [token]
2021-11-19T10:23:49,685|[TRACE] graph - <------- nonSkippedChar
2021-11-19T10:23:49,685|[TRACE] graph - <----- statementPart
2021-11-19T10:23:49,685|[TRACE] graph - -----> statementPart
2021-11-19T10:23:49,685|[TRACE] graph - -------> nonSkippedSpace
2021-11-19T10:23:49,685|[TRACE] script - #out(` `) [token]
2021-11-19T10:23:49,685|[TRACE] graph - <------- nonSkippedSpace
2021-11-19T10:23:49,685|[TRACE] graph - <----- statementPart
2021-11-19T10:23:49,685|[TRACE] graph - -----> statementPart
2021-11-19T10:23:49,685|[TRACE] graph - -------> nonSkippedChar
2021-11-19T10:23:49,685|[TRACE] script - #out(`D`) [token]
2021-11-19T10:23:49,685|[TRACE] graph - <------- nonSkippedChar
2021-11-19T10:23:49,685|[TRACE] graph - <----- statementPart
2021-11-19T10:23:49,685|[TRACE] graph - -----> statementPart
2021-11-19T10:23:49,685|[TRACE] graph - -------> nonSkippedChar
2021-11-19T10:23:49,685|[TRACE] script - #out(`E`) [token]
2021-11-19T10:23:49,685|[TRACE] graph - <------- nonSkippedChar
2021-11-19T10:23:49,685|[TRACE] graph - <----- statementPart
2021-11-19T10:23:49,685|[TRACE] graph - -----> statementPart
2021-11-19T10:23:49,685|[TRACE] graph - -------> nonSkippedChar
2021-11-19T10:23:49,685|[TRACE] script - #out(`F`) [token]
2021-11-19T10:23:49,685|[TRACE] graph - <------- nonSkippedChar
2021-11-19T10:23:49,685|[TRACE] graph - <----- statementPart
2021-11-19T10:23:49,685|[TRACE] graph - -----> statementPart
2021-11-19T10:23:49,685|[TRACE] graph - -------> nonSkippedChar
2021-11-19T10:23:49,685|[TRACE] script - #out(`A`) [token]
2021-11-19T10:23:49,685|[TRACE] graph - <------- nonSkippedChar
2021-11-19T10:23:49,685|[TRACE] graph - <----- statementPart
2021-11-19T10:23:49,685|[TRACE] graph - -----> statementPart
2021-11-19T10:23:49,685|[TRACE] graph - -------> nonSkippedChar
2021-11-19T10:23:49,685|[TRACE] script - #out(`U`) [token]
2021-11-19T10:23:49,685|[TRACE] graph - <------- nonSkippedChar
2021-11-19T10:23:49,685|[TRACE] graph - <----- statementPart
2021-11-19T10:23:49,685|[TRACE] graph - -----> statementPart
2021-11-19T10:23:49,685|[TRACE] graph - -------> nonSkippedChar
2021-11-19T10:23:49,685|[TRACE] script - #out(`L`) [token]
2021-11-19T10:23:49,685|[TRACE] graph - <------- nonSkippedChar
2021-11-19T10:23:49,685|[TRACE] graph - <----- statementPart
2021-11-19T10:23:49,685|[TRACE] graph - -----> statementPart
2021-11-19T10:23:49,685|[TRACE] graph - -------> nonSkippedChar
2021-11-19T10:23:49,685|[TRACE] script - #out(`T`) [token]
2021-11-19T10:23:49,685|[TRACE] graph - <------- nonSkippedChar
2021-11-19T10:23:49,685|[TRACE] graph - <----- statementPart
2021-11-19T10:23:49,685|[TRACE] graph - -----> statementPart
2021-11-19T10:23:49,685|[TRACE] graph - -------> nonSkippedSpace
2021-11-19T10:23:49,685|[TRACE] script - #out(` `) [token]
2021-11-19T10:23:49,685|[TRACE] graph - <------- nonSkippedSpace
2021-11-19T10:23:49,685|[TRACE] graph - <----- statementPart
2021-11-19T10:23:49,685|[TRACE] graph - -----> statementPart
2021-11-19T10:23:49,685|[TRACE] graph - -------> nonSkippedChar
2021-11-19T10:23:49,685|[TRACE] script - #out(`(`) [token]
2021-11-19T10:23:49,685|[TRACE] graph - <------- nonSkippedChar
2021-11-19T10:23:49,685|[TRACE] graph - <----- statementPart
2021-11-19T10:23:49,685|[TRACE] graph - -----> statementPart
2021-11-19T10:23:49,685|[TRACE] graph - -------> nonSkippedChar
2021-11-19T10:23:49,685|[TRACE] script - #out(`u`) [token]
2021-11-19T10:23:49,685|[TRACE] graph - <------- nonSkippedChar
2021-11-19T10:23:49,685|[TRACE] graph - <----- statementPart
2021-11-19T10:23:49,685|[TRACE] graph - -----> statementPart
2021-11-19T10:23:49,685|[TRACE] graph - -------> nonSkippedChar
2021-11-19T10:23:49,685|[TRACE] script - #out(`n`) [token]
2021-11-19T10:23:49,685|[TRACE] graph - <------- nonSkippedChar
2021-11-19T10:23:49,685|[TRACE] graph - <----- statementPart
2021-11-19T10:23:49,685|[TRACE] graph - -----> statementPart
2021-11-19T10:23:49,685|[TRACE] graph - -------> nonSkippedChar
2021-11-19T10:23:49,685|[TRACE] script - #out(`i`) [token]
2021-11-19T10:23:49,685|[TRACE] graph - <------- nonSkippedChar
2021-11-19T10:23:49,685|[TRACE] graph - <----- statementPart
2021-11-19T10:23:49,685|[TRACE] graph - -----> statementPart
2021-11-19T10:23:49,685|[TRACE] graph - -------> nonSkippedChar
2021-11-19T10:23:49,685|[TRACE] script - #out(`x`) [token]
2021-11-19T10:23:49,685|[TRACE] graph - <------- nonSkippedChar
2021-11-19T10:23:49,685|[TRACE] graph - <----- statementPart
2021-11-19T10:23:49,685|[TRACE] graph - -----> statementPart
2021-11-19T10:23:49,686|[TRACE] graph - -------> nonSkippedChar
2021-11-19T10:23:49,686|[TRACE] script - #out(`_`) [token]
2021-11-19T10:23:49,686|[TRACE] graph - <------- nonSkippedChar
2021-11-19T10:23:49,686|[TRACE] graph - <----- statementPart
2021-11-19T10:23:49,686|[TRACE] graph - -----> statementPart
2021-11-19T10:23:49,686|[TRACE] graph - -------> nonSkippedChar
2021-11-19T10:23:49,686|[TRACE] script - #out(`t`) [token]
2021-11-19T10:23:49,686|[TRACE] graph - <------- nonSkippedChar
2021-11-19T10:23:49,686|[TRACE] graph - <----- statementPart
2021-11-19T10:23:49,686|[TRACE] graph - -----> statementPart
2021-11-19T10:23:49,686|[TRACE] graph - -------> nonSkippedChar
2021-11-19T10:23:49,686|[TRACE] script - #out(`i`) [token]
2021-11-19T10:23:49,686|[TRACE] graph - <------- nonSkippedChar
2021-11-19T10:23:49,686|[TRACE] graph - <----- statementPart
2021-11-19T10:23:49,686|[TRACE] graph - -----> statementPart
2021-11-19T10:23:49,686|[TRACE] graph - -------> nonSkippedChar
2021-11-19T10:23:49,686|[TRACE] script - #out(`m`) [token]
2021-11-19T10:23:49,686|[TRACE] graph - <------- nonSkippedChar
2021-11-19T10:23:49,686|[TRACE] graph - <----- statementPart
2021-11-19T10:23:49,686|[TRACE] graph - -----> statementPart
2021-11-19T10:23:49,686|[TRACE] graph - -------> nonSkippedChar
2021-11-19T10:23:49,686|[TRACE] script - #out(`e`) [token]
2021-11-19T10:23:49,686|[TRACE] graph - <------- nonSkippedChar
2021-11-19T10:23:49,686|[TRACE] graph - <----- statementPart
2021-11-19T10:23:49,686|[TRACE] graph - -----> statementPart
2021-11-19T10:23:49,686|[TRACE] graph - -------> nonSkippedChar
2021-11-19T10:23:49,686|[TRACE] script - #out(`s`) [token]
2021-11-19T10:23:49,686|[TRACE] graph - <------- nonSkippedChar
2021-11-19T10:23:49,686|[TRACE] graph - <----- statementPart
2021-11-19T10:23:49,686|[TRACE] graph - -----> statementPart
2021-11-19T10:23:49,686|[TRACE] graph - -------> nonSkippedChar
2021-11-19T10:23:49,686|[TRACE] script - #out(`t`) [token]
2021-11-19T10:23:49,686|[TRACE] graph - <------- nonSkippedChar
2021-11-19T10:23:49,686|[TRACE] graph - <----- statementPart
2021-11-19T10:23:49,686|[TRACE] graph - -----> statementPart
2021-11-19T10:23:49,686|[TRACE] graph - -------> nonSkippedChar
2021-11-19T10:23:49,686|[TRACE] script - #out(`a`) [token]
2021-11-19T10:23:49,686|[TRACE] graph - <------- nonSkippedChar
2021-11-19T10:23:49,686|[TRACE] graph - <----- statementPart
2021-11-19T10:23:49,686|[TRACE] graph - -----> statementPart
2021-11-19T10:23:49,686|[TRACE] graph - -------> nonSkippedChar
2021-11-19T10:23:49,686|[TRACE] script - #out(`m`) [token]
2021-11-19T10:23:49,686|[TRACE] graph - <------- nonSkippedChar
2021-11-19T10:23:49,686|[TRACE] graph - <----- statementPart
2021-11-19T10:23:49,686|[TRACE] graph - -----> statementPart
2021-11-19T10:23:49,686|[TRACE] graph - -------> nonSkippedChar
2021-11-19T10:23:49,686|[TRACE] script - #out(`p`) [token]
2021-11-19T10:23:49,686|[TRACE] graph - <------- nonSkippedChar
2021-11-19T10:23:49,686|[TRACE] graph - <----- statementPart
2021-11-19T10:23:49,686|[TRACE] graph - -----> statementPart
2021-11-19T10:23:49,686|[TRACE] graph - -------> nonSkippedChar
2021-11-19T10:23:49,686|[TRACE] script - #out(`(`) [token]
2021-11-19T10:23:49,686|[TRACE] graph - <------- nonSkippedChar
2021-11-19T10:23:49,686|[TRACE] graph - <----- statementPart
2021-11-19T10:23:49,686|[TRACE] graph - -----> statementPart
2021-11-19T10:23:49,686|[TRACE] graph - -------> nonSkippedChar
2021-11-19T10:23:49,686|[TRACE] script - #out(`n`) [token]
2021-11-19T10:23:49,686|[TRACE] graph - <------- nonSkippedChar
2021-11-19T10:23:49,686|[TRACE] graph - <----- statementPart
2021-11-19T10:23:49,686|[TRACE] graph - -----> statementPart
2021-11-19T10:23:49,686|[TRACE] graph - -------> nonSkippedChar
2021-11-19T10:23:49,686|[TRACE] script - #out(`o`) [token]
2021-11-19T10:23:49,686|[TRACE] graph - <------- nonSkippedChar
2021-11-19T10:23:49,686|[TRACE] graph - <----- statementPart
2021-11-19T10:23:49,686|[TRACE] graph - -----> statementPart
2021-11-19T10:23:49,686|[TRACE] graph - -------> nonSkippedChar
2021-11-19T10:23:49,686|[TRACE] script - #out(`w`) [token]
2021-11-19T10:23:49,686|[TRACE] graph - <------- nonSkippedChar
2021-11-19T10:23:49,686|[TRACE] graph - <----- statementPart
2021-11-19T10:23:49,686|[TRACE] graph - -----> statementPart
2021-11-19T10:23:49,686|[TRACE] graph - -------> nonSkippedChar
2021-11-19T10:23:49,686|[TRACE] script - #out(`(`) [token]
2021-11-19T10:23:49,686|[TRACE] graph - <------- nonSkippedChar
2021-11-19T10:23:49,686|[TRACE] graph - <----- statementPart
2021-11-19T10:23:49,686|[TRACE] graph - -----> statementPart
2021-11-19T10:23:49,686|[TRACE] graph - -------> nonSkippedChar
2021-11-19T10:23:49,686|[TRACE] script - #out(`)`) [token]
2021-11-19T10:23:49,686|[TRACE] graph - <------- nonSkippedChar
2021-11-19T10:23:49,686|[TRACE] graph - <----- statementPart
2021-11-19T10:23:49,686|[TRACE] graph - -----> statementPart
2021-11-19T10:23:49,686|[TRACE] graph - -------> nonSkippedChar
2021-11-19T10:23:49,686|[TRACE] script - #out(`)`) [token]
2021-11-19T10:23:49,686|[TRACE] graph - <------- nonSkippedChar
2021-11-19T10:23:49,686|[TRACE] graph - <----- statementPart
2021-11-19T10:23:49,686|[TRACE] graph - -----> statementPart
2021-11-19T10:23:49,686|[TRACE] graph - -------> nonSkippedSpace
2021-11-19T10:23:49,686|[TRACE] script - #out(` `) [token]
2021-11-19T10:23:49,686|[TRACE] graph - <------- nonSkippedSpace
2021-11-19T10:23:49,686|[TRACE] graph - <----- statementPart
2021-11-19T10:23:49,686|[TRACE] graph - -----> statementPart
2021-11-19T10:23:49,686|[TRACE] graph - -------> nonSkippedChar
2021-11-19T10:23:49,686|[TRACE] script - #out(`*`) [token]
2021-11-19T10:23:49,686|[TRACE] graph - <------- nonSkippedChar
2021-11-19T10:23:49,686|[TRACE] graph - <----- statementPart
2021-11-19T10:23:49,686|[TRACE] graph - -----> statementPart
2021-11-19T10:23:49,686|[TRACE] graph - -------> nonSkippedSpace
2021-11-19T10:23:49,686|[TRACE] script - #out(` `) [token]
2021-11-19T10:23:49,686|[TRACE] graph - <------- nonSkippedSpace
2021-11-19T10:23:49,686|[TRACE] graph - <----- statementPart
2021-11-19T10:23:49,686|[TRACE] graph - -----> statementPart
2021-11-19T10:23:49,686|[TRACE] graph - -------> nonSkippedChar
2021-11-19T10:23:49,686|[TRACE] script - #out(`1`) [token]
2021-11-19T10:23:49,686|[TRACE] graph - <------- nonSkippedChar
2021-11-19T10:23:49,686|[TRACE] graph - <----- statementPart
2021-11-19T10:23:49,686|[TRACE] graph - -----> statementPart
2021-11-19T10:23:49,686|[TRACE] graph - -------> nonSkippedChar
2021-11-19T10:23:49,686|[TRACE] script - #out(`0`) [token]
2021-11-19T10:23:49,686|[TRACE] graph - <------- nonSkippedChar
2021-11-19T10:23:49,686|[TRACE] graph - <----- statementPart
2021-11-19T10:23:49,686|[TRACE] graph - -----> statementPart
2021-11-19T10:23:49,686|[TRACE] graph - -------> nonSkippedChar
2021-11-19T10:23:49,686|[TRACE] script - #out(`0`) [token]
2021-11-19T10:23:49,686|[TRACE] graph - <------- nonSkippedChar
2021-11-19T10:23:49,686|[TRACE] graph - <----- statementPart
2021-11-19T10:23:49,686|[TRACE] graph - -----> statementPart
2021-11-19T10:23:49,686|[TRACE] graph - -------> nonSkippedChar
2021-11-19T10:23:49,686|[TRACE] script - #out(`0`) [token]
2021-11-19T10:23:49,686|[TRACE] graph - <------- nonSkippedChar
2021-11-19T10:23:49,686|[TRACE] graph - <----- statementPart
2021-11-19T10:23:49,686|[TRACE] graph - -----> statementPart
2021-11-19T10:23:49,686|[TRACE] graph - -------> nonSkippedChar
2021-11-19T10:23:49,686|[TRACE] script - #out(`)`) [token]
2021-11-19T10:23:49,686|[TRACE] graph - <------- nonSkippedChar
2021-11-19T10:23:49,686|[TRACE] graph - <----- statementPart
2021-11-19T10:23:49,686|[TRACE] graph - -----> statementPart
2021-11-19T10:23:49,686|[TRACE] graph - -------> nonSkippedChar
2021-11-19T10:23:49,686|[TRACE] script - #out(`,`) [token]
2021-11-19T10:23:49,686|[TRACE] graph - <------- nonSkippedChar
2021-11-19T10:23:49,686|[TRACE] graph - <----- statementPart
2021-11-19T10:23:49,686|[TRACE] graph - -----> afterStatementPartNewline
2021-11-19T10:23:49,686|[TRACE] script - #out(` `) [text]
2021-11-19T10:23:49,686|[TRACE] graph - <----- afterStatementPartNewline
2021-11-19T10:23:49,686|[TRACE] graph - -----> statementPart
2021-11-19T10:23:49,686|[TRACE] graph - -------> nonSkippedSpace
2021-11-19T10:23:49,686|[TRACE] script - #out(` `) [token]
2021-11-19T10:23:49,686|[TRACE] graph - <------- nonSkippedSpace
2021-11-19T10:23:49,686|[TRACE] graph - <----- statementPart
2021-11-19T10:23:49,686|[TRACE] graph - -----> statementPart
2021-11-19T10:23:49,686|[TRACE] graph - -------> nonSkippedSpace
2021-11-19T10:23:49,686|[TRACE] script - #out(` `) [token]
2021-11-19T10:23:49,686|[TRACE] graph - <------- nonSkippedSpace
2021-11-19T10:23:49,686|[TRACE] graph - <----- statementPart
2021-11-19T10:23:49,686|[TRACE] graph - -----> statementPart
2021-11-19T10:23:49,687|[TRACE] graph - -------> quotedString
2021-11-19T10:23:49,687|[TRACE] script - #out(``version``) [token]
2021-11-19T10:23:49,687|[TRACE] graph - <------- quotedString
2021-11-19T10:23:49,687|[TRACE] graph - <----- statementPart
2021-11-19T10:23:49,687|[TRACE] graph - -----> statementPart
2021-11-19T10:23:49,687|[TRACE] graph - -------> nonSkippedSpace
2021-11-19T10:23:49,687|[TRACE] script - #out(` `) [token]
2021-11-19T10:23:49,687|[TRACE] graph - <------- nonSkippedSpace
2021-11-19T10:23:49,687|[TRACE] graph - <----- statementPart
2021-11-19T10:23:49,687|[TRACE] graph - -----> statementPart
2021-11-19T10:23:49,687|[TRACE] graph - -------> nonSkippedChar
2021-11-19T10:23:49,687|[TRACE] script - #out(`I`) [token]
2021-11-19T10:23:49,687|[TRACE] graph - <------- nonSkippedChar
2021-11-19T10:23:49,687|[TRACE] graph - <----- statementPart
2021-11-19T10:23:49,687|[TRACE] graph - -----> statementPart
2021-11-19T10:23:49,687|[TRACE] graph - -------> nonSkippedChar
2021-11-19T10:23:49,687|[TRACE] script - #out(`N`) [token]
2021-11-19T10:23:49,687|[TRACE] graph - <------- nonSkippedChar
2021-11-19T10:23:49,687|[TRACE] graph - <----- statementPart
2021-11-19T10:23:49,687|[TRACE] graph - -----> statementPart
2021-11-19T10:23:49,687|[TRACE] graph - -------> nonSkippedChar
2021-11-19T10:23:49,687|[TRACE] script - #out(`T`) [token]
2021-11-19T10:23:49,687|[TRACE] graph - <------- nonSkippedChar
2021-11-19T10:23:49,687|[TRACE] graph - <----- statementPart
2021-11-19T10:23:49,687|[TRACE] graph - -----> statementPart
2021-11-19T10:23:49,687|[TRACE] graph - -------> nonSkippedSpace
2021-11-19T10:23:49,687|[TRACE] script - #out(` `) [token]
2021-11-19T10:23:49,687|[TRACE] graph - <------- nonSkippedSpace
2021-11-19T10:23:49,687|[TRACE] graph - <----- statementPart
2021-11-19T10:23:49,687|[TRACE] graph - -----> statementPart
2021-11-19T10:23:49,687|[TRACE] graph - -------> nonSkippedChar
2021-11-19T10:23:49,687|[TRACE] script - #out(`N`) [token]
2021-11-19T10:23:49,687|[TRACE] graph - <------- nonSkippedChar
2021-11-19T10:23:49,687|[TRACE] graph - <----- statementPart
2021-11-19T10:23:49,687|[TRACE] graph - -----> statementPart
2021-11-19T10:23:49,687|[TRACE] graph - -------> nonSkippedChar
2021-11-19T10:23:49,687|[TRACE] script - #out(`O`) [token]
2021-11-19T10:23:49,687|[TRACE] graph - <------- nonSkippedChar
2021-11-19T10:23:49,687|[TRACE] graph - <----- statementPart
2021-11-19T10:23:49,687|[TRACE] graph - -----> statementPart
2021-11-19T10:23:49,687|[TRACE] graph - -------> nonSkippedChar
2021-11-19T10:23:49,687|[TRACE] script - #out(`T`) [token]
2021-11-19T10:23:49,687|[TRACE] graph - <------- nonSkippedChar
2021-11-19T10:23:49,687|[TRACE] graph - <----- statementPart
2021-11-19T10:23:49,687|[TRACE] graph - -----> statementPart
2021-11-19T10:23:49,687|[TRACE] graph - -------> nonSkippedSpace
2021-11-19T10:23:49,687|[TRACE] script - #out(` `) [token]
2021-11-19T10:23:49,687|[TRACE] graph - <------- nonSkippedSpace
2021-11-19T10:23:49,687|[TRACE] graph - <----- statementPart
2021-11-19T10:23:49,687|[TRACE] graph - -----> statementPart
2021-11-19T10:23:49,687|[TRACE] graph - -------> nonSkippedChar
2021-11-19T10:23:49,687|[TRACE] script - #out(`N`) [token]
2021-11-19T10:23:49,687|[TRACE] graph - <------- nonSkippedChar
2021-11-19T10:23:49,838|[TRACE] graph - <----- statementPart
2021-11-19T10:23:49,838|[TRACE] graph - -----> statementPart
2021-11-19T10:23:49,838|[TRACE] graph - -------> nonSkippedChar
2021-11-19T10:23:49,838|[TRACE] script - #out(`U`) [token]
2021-11-19T10:23:49,838|[TRACE] graph - <------- nonSkippedChar
2021-11-19T10:23:49,838|[TRACE] graph - <----- statementPart
2021-11-19T10:23:49,838|[TRACE] graph - -----> statementPart
2021-11-19T10:23:49,838|[TRACE] graph - -------> nonSkippedChar
2021-11-19T10:23:49,838|[TRACE] script - #out(`L`) [token]
2021-11-19T10:23:49,838|[TRACE] graph - <------- nonSkippedChar
2021-11-19T10:23:49,838|[TRACE] graph - <----- statementPart
2021-11-19T10:23:49,838|[TRACE] graph - -----> statementPart
2021-11-19T10:23:49,838|[TRACE] graph - -------> nonSkippedChar
2021-11-19T10:23:49,838|[TRACE] script - #out(`L`) [token]
2021-11-19T10:23:49,838|[TRACE] graph - <------- nonSkippedChar
2021-11-19T10:23:49,838|[TRACE] graph - <----- statementPart
2021-11-19T10:23:49,838|[TRACE] graph - -----> statementPart
2021-11-19T10:23:49,838|[TRACE] graph - -------> nonSkippedSpace
2021-11-19T10:23:49,838|[TRACE] script - #out(` `) [token]
2021-11-19T10:23:49,838|[TRACE] graph - <------- nonSkippedSpace
2021-11-19T10:23:49,838|[TRACE] graph - <----- statementPart
2021-11-19T10:23:49,838|[TRACE] graph - -----> statementPart
2021-11-19T10:23:49,838|[TRACE] graph - -------> nonSkippedChar
2021-11-19T10:23:49,838|[TRACE] script - #out(`D`) [token]
2021-11-19T10:23:49,838|[TRACE] graph - <------- nonSkippedChar
2021-11-19T10:23:49,838|[TRACE] graph - <----- statementPart
2021-11-19T10:23:49,838|[TRACE] graph - -----> statementPart
2021-11-19T10:23:49,838|[TRACE] graph - -------> nonSkippedChar
2021-11-19T10:23:49,838|[TRACE] script - #out(`E`) [token]
2021-11-19T10:23:49,838|[TRACE] graph - <------- nonSkippedChar
2021-11-19T10:23:49,838|[TRACE] graph - <----- statementPart
2021-11-19T10:23:49,838|[TRACE] graph - -----> statementPart
2021-11-19T10:23:49,838|[TRACE] graph - -------> nonSkippedChar
2021-11-19T10:23:49,838|[TRACE] script - #out(`F`) [token]
2021-11-19T10:23:49,838|[TRACE] graph - <------- nonSkippedChar
2021-11-19T10:23:49,838|[TRACE] graph - <----- statementPart
2021-11-19T10:23:49,838|[TRACE] graph - -----> statementPart
2021-11-19T10:23:49,838|[TRACE] graph - -------> nonSkippedChar
2021-11-19T10:23:49,838|[TRACE] script - #out(`A`) [token]
2021-11-19T10:23:49,838|[TRACE] graph - <------- nonSkippedChar
2021-11-19T10:23:49,838|[TRACE] graph - <----- statementPart
2021-11-19T10:23:49,838|[TRACE] graph - -----> statementPart
2021-11-19T10:23:49,838|[TRACE] graph - -------> nonSkippedChar
2021-11-19T10:23:49,838|[TRACE] script - #out(`U`) [token]
2021-11-19T10:23:49,838|[TRACE] graph - <------- nonSkippedChar
2021-11-19T10:23:49,838|[TRACE] graph - <----- statementPart
2021-11-19T10:23:49,838|[TRACE] graph - -----> statementPart
2021-11-19T10:23:49,838|[TRACE] graph - -------> nonSkippedChar
2021-11-19T10:23:49,838|[TRACE] script - #out(`L`) [token]
2021-11-19T10:23:49,838|[TRACE] graph - <------- nonSkippedChar
2021-11-19T10:23:49,838|[TRACE] graph - <----- statementPart
2021-11-19T10:23:49,838|[TRACE] graph - -----> statementPart
2021-11-19T10:23:49,838|[TRACE] graph - -------> nonSkippedChar
2021-11-19T10:23:49,838|[TRACE] script - #out(`T`) [token]
2021-11-19T10:23:49,838|[TRACE] graph - <------- nonSkippedChar
2021-11-19T10:23:49,838|[TRACE] graph - <----- statementPart
2021-11-19T10:23:49,838|[TRACE] graph - -----> statementPart
2021-11-19T10:23:49,838|[TRACE] graph - -------> nonSkippedSpace
2021-11-19T10:23:49,838|[TRACE] script - #out(` `) [token]
2021-11-19T10:23:49,838|[TRACE] graph - <------- nonSkippedSpace
2021-11-19T10:23:49,838|[TRACE] graph - <----- statementPart
2021-11-19T10:23:49,838|[TRACE] graph - -----> statementPart
2021-11-19T10:23:49,838|[TRACE] graph - -------> nonSkippedChar
2021-11-19T10:23:49,838|[TRACE] script - #out(`1`) [token]
2021-11-19T10:23:49,838|[TRACE] graph - <------- nonSkippedChar
2021-11-19T10:23:49,838|[TRACE] graph - <----- statementPart
2021-11-19T10:23:49,838|[TRACE] graph - -----> statementPart
2021-11-19T10:23:49,838|[TRACE] graph - -------> nonSkippedChar
2021-11-19T10:23:49,838|[TRACE] script - #out(`,`) [token]
2021-11-19T10:23:49,838|[TRACE] graph - <------- nonSkippedChar
2021-11-19T10:23:49,838|[TRACE] graph - <----- statementPart
2021-11-19T10:23:49,838|[TRACE] graph - -----> afterStatementPartNewline
2021-11-19T10:23:49,838|[TRACE] script - #out(` `) [text]
2021-11-19T10:23:49,838|[TRACE] graph - <----- afterStatementPartNewline
2021-11-19T10:23:49,838|[TRACE] graph - -----> statementPart
2021-11-19T10:23:49,838|[TRACE] graph - -------> nonSkippedSpace
2021-11-19T10:23:49,838|[TRACE] script - #out(` `) [token]
2021-11-19T10:23:49,838|[TRACE] graph - <------- nonSkippedSpace
2021-11-19T10:23:49,838|[TRACE] graph - <----- statementPart
2021-11-19T10:23:49,838|[TRACE] graph - -----> statementPart
2021-11-19T10:23:49,838|[TRACE] graph - -------> nonSkippedSpace
2021-11-19T10:23:49,838|[TRACE] script - #out(` `) [token]
2021-11-19T10:23:49,838|[TRACE] graph - <------- nonSkippedSpace
2021-11-19T10:23:49,838|[TRACE] graph - <----- statementPart
2021-11-19T10:23:49,838|[TRACE] graph - -----> statementPart
2021-11-19T10:23:49,838|[TRACE] graph - -------> nonSkippedChar
2021-11-19T10:23:49,838|[TRACE] script - #out(`P`) [token]
2021-11-19T10:23:49,838|[TRACE] graph - <------- nonSkippedChar
2021-11-19T10:23:49,838|[TRACE] graph - <----- statementPart
2021-11-19T10:23:49,838|[TRACE] graph - -----> statementPart
2021-11-19T10:23:49,838|[TRACE] graph - -------> nonSkippedChar
2021-11-19T10:23:49,838|[TRACE] script - #out(`R`) [token]
2021-11-19T10:23:49,838|[TRACE] graph - <------- nonSkippedChar
2021-11-19T10:23:49,838|[TRACE] graph - <----- statementPart
2021-11-19T10:23:49,838|[TRACE] graph - -----> statementPart
2021-11-19T10:23:49,838|[TRACE] graph - -------> nonSkippedChar
2021-11-19T10:23:49,838|[TRACE] script - #out(`I`) [token]
2021-11-19T10:23:49,838|[TRACE] graph - <------- nonSkippedChar
2021-11-19T10:23:49,838|[TRACE] graph - <----- statementPart
2021-11-19T10:23:49,838|[TRACE] graph - -----> statementPart
2021-11-19T10:23:49,838|[TRACE] graph - -------> nonSkippedChar
2021-11-19T10:23:49,838|[TRACE] script - #out(`M`) [token]
2021-11-19T10:23:49,838|[TRACE] graph - <------- nonSkippedChar
2021-11-19T10:23:49,838|[TRACE] graph - <----- statementPart
2021-11-19T10:23:49,838|[TRACE] graph - -----> statementPart
2021-11-19T10:23:49,838|[TRACE] graph - -------> nonSkippedChar
2021-11-19T10:23:49,838|[TRACE] script - #out(`A`) [token]
2021-11-19T10:23:49,838|[TRACE] graph - <------- nonSkippedChar
2021-11-19T10:23:49,838|[TRACE] graph - <----- statementPart
2021-11-19T10:23:49,838|[TRACE] graph - -----> statementPart
2021-11-19T10:23:49,838|[TRACE] graph - -------> nonSkippedChar
2021-11-19T10:23:49,838|[TRACE] script - #out(`R`) [token]
2021-11-19T10:23:49,838|[TRACE] graph - <------- nonSkippedChar
2021-11-19T10:23:49,838|[TRACE] graph - <----- statementPart
2021-11-19T10:23:49,838|[TRACE] graph - -----> statementPart
2021-11-19T10:23:49,838|[TRACE] graph - -------> nonSkippedChar
2021-11-19T10:23:49,838|[TRACE] script - #out(`Y`) [token]
2021-11-19T10:23:49,838|[TRACE] graph - <------- nonSkippedChar
2021-11-19T10:23:49,838|[TRACE] graph - <----- statementPart
2021-11-19T10:23:49,838|[TRACE] graph - -----> statementPart
2021-11-19T10:23:49,838|[TRACE] graph - -------> nonSkippedSpace
2021-11-19T10:23:49,838|[TRACE] script - #out(` `) [token]
2021-11-19T10:23:49,838|[TRACE] graph - <------- nonSkippedSpace
2021-11-19T10:23:49,838|[TRACE] graph - <----- statementPart
2021-11-19T10:23:49,838|[TRACE] graph - -----> statementPart
2021-11-19T10:23:49,838|[TRACE] graph - -------> nonSkippedChar
2021-11-19T10:23:49,838|[TRACE] script - #out(`K`) [token]
2021-11-19T10:23:49,838|[TRACE] graph - <------- nonSkippedChar
2021-11-19T10:23:49,838|[TRACE] graph - <----- statementPart
2021-11-19T10:23:49,838|[TRACE] graph - -----> statementPart
2021-11-19T10:23:49,838|[TRACE] graph - -------> nonSkippedChar
2021-11-19T10:23:49,838|[TRACE] script - #out(`E`) [token]
2021-11-19T10:23:49,838|[TRACE] graph - <------- nonSkippedChar
2021-11-19T10:23:49,838|[TRACE] graph - <----- statementPart
2021-11-19T10:23:49,838|[TRACE] graph - -----> statementPart
2021-11-19T10:23:49,838|[TRACE] graph - -------> nonSkippedChar
2021-11-19T10:23:49,838|[TRACE] script - #out(`Y`) [token]
2021-11-19T10:23:49,838|[TRACE] graph - <------- nonSkippedChar
2021-11-19T10:23:49,838|[TRACE] graph - <----- statementPart
2021-11-19T10:23:49,838|[TRACE] graph - -----> statementPart
2021-11-19T10:23:49,838|[TRACE] graph - -------> nonSkippedSpace
2021-11-19T10:23:49,838|[TRACE] script - #out(` `) [token]
2021-11-19T10:23:49,838|[TRACE] graph - <------- nonSkippedSpace
2021-11-19T10:23:49,838|[TRACE] graph - <----- statementPart
2021-11-19T10:23:49,838|[TRACE] graph - -----> statementPart
2021-11-19T10:23:49,838|[TRACE] graph - -------> nonSkippedChar
2021-11-19T10:23:49,838|[TRACE] script - #out(`(`) [token]
2021-11-19T10:23:49,838|[TRACE] graph - <------- nonSkippedChar
2021-11-19T10:23:49,838|[TRACE] graph - <----- statementPart
2021-11-19T10:23:49,838|[TRACE] graph - -----> statementPart
2021-11-19T10:23:49,838|[TRACE] graph - -------> quotedString
2021-11-19T10:23:49,838|[TRACE] script - #out(``donation_id``) [token]
2021-11-19T10:23:49,838|[TRACE] graph - <------- quotedString
2021-11-19T10:23:49,838|[TRACE] graph - <----- statementPart
2021-11-19T10:23:49,838|[TRACE] graph - -----> statementPart
2021-11-19T10:23:49,838|[TRACE] graph - -------> nonSkippedChar
2021-11-19T10:23:49,838|[TRACE] script - #out(`)`) [token]
2021-11-19T10:23:49,838|[TRACE] graph - <------- nonSkippedChar
2021-11-19T10:23:49,838|[TRACE] graph - <----- statementPart
2021-11-19T10:23:49,838|[TRACE] graph - -----> statementPart
2021-11-19T10:23:49,838|[TRACE] graph - -------> nonSkippedChar
2021-11-19T10:23:49,838|[TRACE] script - #out(`,`) [token]
2021-11-19T10:23:49,838|[TRACE] graph - <------- nonSkippedChar
2021-11-19T10:23:49,838|[TRACE] graph - <----- statementPart
2021-11-19T10:23:49,838|[TRACE] graph - -----> afterStatementPartNewline
2021-11-19T10:23:49,838|[TRACE] script - #out(` `) [text]
2021-11-19T10:23:49,838|[TRACE] graph - <----- afterStatementPartNewline
2021-11-19T10:23:49,838|[TRACE] graph - -----> statementPart
2021-11-19T10:23:49,838|[TRACE] graph - -------> nonSkippedSpace
2021-11-19T10:23:49,838|[TRACE] script - #out(` `) [token]
2021-11-19T10:23:49,838|[TRACE] graph - <------- nonSkippedSpace
2021-11-19T10:23:49,838|[TRACE] graph - <----- statementPart
2021-11-19T10:23:49,838|[TRACE] graph - -----> statementPart
2021-11-19T10:23:49,838|[TRACE] graph - -------> nonSkippedSpace
2021-11-19T10:23:49,838|[TRACE] script - #out(` `) [token]
2021-11-19T10:23:49,838|[TRACE] graph - <------- nonSkippedSpace
2021-11-19T10:23:49,838|[TRACE] graph - <----- statementPart
2021-11-19T10:23:49,838|[TRACE] graph - -----> statementPart
2021-11-19T10:23:49,838|[TRACE] graph - -------> nonSkippedChar
2021-11-19T10:23:49,838|[TRACE] script - #out(`I`) [token]
2021-11-19T10:23:49,838|[TRACE] graph - <------- nonSkippedChar
2021-11-19T10:23:49,838|[TRACE] graph - <----- statementPart
2021-11-19T10:23:49,838|[TRACE] graph - -----> statementPart
2021-11-19T10:23:49,838|[TRACE] graph - -------> nonSkippedChar
2021-11-19T10:23:49,838|[TRACE] script - #out(`N`) [token]
2021-11-19T10:23:49,838|[TRACE] graph - <------- nonSkippedChar
2021-11-19T10:23:49,838|[TRACE] graph - <----- statementPart
2021-11-19T10:23:49,838|[TRACE] graph - -----> statementPart
2021-11-19T10:23:49,838|[TRACE] graph - -------> nonSkippedChar
2021-11-19T10:23:49,838|[TRACE] script - #out(`D`) [token]
2021-11-19T10:23:49,838|[TRACE] graph - <------- nonSkippedChar
2021-11-19T10:23:49,838|[TRACE] graph - <----- statementPart
2021-11-19T10:23:49,839|[TRACE] graph - -----> statementPart
2021-11-19T10:23:49,839|[TRACE] graph - -------> nonSkippedChar
2021-11-19T10:23:49,839|[TRACE] script - #out(`E`) [token]
2021-11-19T10:23:49,839|[TRACE] graph - <------- nonSkippedChar
2021-11-19T10:23:49,839|[TRACE] graph - <----- statementPart
2021-11-19T10:23:49,839|[TRACE] graph - -----> statementPart
2021-11-19T10:23:49,839|[TRACE] graph - -------> nonSkippedChar
2021-11-19T10:23:49,839|[TRACE] script - #out(`X`) [token]
2021-11-19T10:23:49,839|[TRACE] graph - <------- nonSkippedChar
2021-11-19T10:23:49,839|[TRACE] graph - <----- statementPart
2021-11-19T10:23:49,839|[TRACE] graph - -----> statementPart
2021-11-19T10:23:49,839|[TRACE] graph - -------> nonSkippedSpace
2021-11-19T10:23:49,839|[TRACE] script - #out(` `) [token]
2021-11-19T10:23:49,839|[TRACE] graph - <------- nonSkippedSpace
2021-11-19T10:23:49,839|[TRACE] graph - <----- statementPart
2021-11-19T10:23:49,839|[TRACE] graph - -----> statementPart
2021-11-19T10:23:49,839|[TRACE] graph - -------> quotedString
2021-11-19T10:23:49,839|[TRACE] script - #out(``fk_blood_donation_blood_bank1_idx``) [token]
2021-11-19T10:23:49,839|[TRACE] graph - <------- quotedString
2021-11-19T10:23:49,839|[TRACE] graph - <----- statementPart
2021-11-19T10:23:49,839|[TRACE] graph - -----> statementPart
2021-11-19T10:23:49,839|[TRACE] graph - -------> nonSkippedSpace
2021-11-19T10:23:49,839|[TRACE] script - #out(` `) [token]
2021-11-19T10:23:49,839|[TRACE] graph - <------- nonSkippedSpace
2021-11-19T10:23:49,839|[TRACE] graph - <----- statementPart
2021-11-19T10:23:49,839|[TRACE] graph - -----> statementPart
2021-11-19T10:23:49,839|[TRACE] graph - -------> nonSkippedChar
2021-11-19T10:23:49,839|[TRACE] script - #out(`(`) [token]
2021-11-19T10:23:49,839|[TRACE] graph - <------- nonSkippedChar
2021-11-19T10:23:49,839|[TRACE] graph - <----- statementPart
2021-11-19T10:23:49,839|[TRACE] graph - -----> statementPart
2021-11-19T10:23:49,839|[TRACE] graph - -------> quotedString
2021-11-19T10:23:49,839|[TRACE] script - #out(``bank_id``) [token]
2021-11-19T10:23:49,839|[TRACE] graph - <------- quotedString
2021-11-19T10:23:49,839|[TRACE] graph - <----- statementPart
2021-11-19T10:23:49,839|[TRACE] graph - -----> statementPart
2021-11-19T10:23:49,839|[TRACE] graph - -------> nonSkippedSpace
2021-11-19T10:23:49,839|[TRACE] script - #out(` `) [token]
2021-11-19T10:23:49,839|[TRACE] graph - <------- nonSkippedSpace
2021-11-19T10:23:49,839|[TRACE] graph - <----- statementPart
2021-11-19T10:23:49,839|[TRACE] graph - -----> statementPart
2021-11-19T10:23:49,839|[TRACE] graph - -------> nonSkippedChar
2021-11-19T10:23:49,839|[TRACE] script - #out(`A`) [token]
2021-11-19T10:23:49,839|[TRACE] graph - <------- nonSkippedChar
2021-11-19T10:23:49,839|[TRACE] graph - <----- statementPart
2021-11-19T10:23:49,839|[TRACE] graph - -----> statementPart
2021-11-19T10:23:49,839|[TRACE] graph - -------> nonSkippedChar
2021-11-19T10:23:49,839|[TRACE] script - #out(`S`) [token]
2021-11-19T10:23:49,839|[TRACE] graph - <------- nonSkippedChar
2021-11-19T10:23:49,839|[TRACE] graph - <----- statementPart
2021-11-19T10:23:49,839|[TRACE] graph - -----> statementPart
2021-11-19T10:23:49,839|[TRACE] graph - -------> nonSkippedChar
2021-11-19T10:23:49,839|[TRACE] script - #out(`C`) [token]
2021-11-19T10:23:49,839|[TRACE] graph - <------- nonSkippedChar
2021-11-19T10:23:49,839|[TRACE] graph - <----- statementPart
2021-11-19T10:23:49,839|[TRACE] graph - -----> statementPart
2021-11-19T10:23:49,839|[TRACE] graph - -------> nonSkippedChar
2021-11-19T10:23:49,839|[TRACE] script - #out(`)`) [token]
2021-11-19T10:23:49,839|[TRACE] graph - <------- nonSkippedChar
2021-11-19T10:23:49,839|[TRACE] graph - <----- statementPart
2021-11-19T10:23:49,839|[TRACE] graph - -----> statementPart
2021-11-19T10:23:49,839|[TRACE] graph - -------> nonSkippedSpace
2021-11-19T10:23:49,839|[TRACE] script - #out(` `) [token]
2021-11-19T10:23:49,839|[TRACE] graph - <------- nonSkippedSpace
2021-11-19T10:23:49,839|[TRACE] graph - <----- statementPart
2021-11-19T10:23:49,839|[TRACE] graph - -----> statementPart
2021-11-19T10:23:49,839|[TRACE] graph - -------> nonSkippedChar
2021-11-19T10:23:49,839|[TRACE] script - #out(`V`) [token]
2021-11-19T10:23:49,839|[TRACE] graph - <------- nonSkippedChar
2021-11-19T10:23:49,839|[TRACE] graph - <----- statementPart
2021-11-19T10:23:49,839|[TRACE] graph - -----> statementPart
2021-11-19T10:23:49,839|[TRACE] graph - -------> nonSkippedChar
2021-11-19T10:23:49,839|[TRACE] script - #out(`I`) [token]
2021-11-19T10:23:49,839|[TRACE] graph - <------- nonSkippedChar
2021-11-19T10:23:49,839|[TRACE] graph - <----- statementPart
2021-11-19T10:23:49,839|[TRACE] graph - -----> statementPart
2021-11-19T10:23:49,839|[TRACE] graph - -------> nonSkippedChar
2021-11-19T10:23:49,839|[TRACE] script - #out(`S`) [token]
2021-11-19T10:23:49,839|[TRACE] graph - <------- nonSkippedChar
2021-11-19T10:23:49,839|[TRACE] graph - <----- statementPart
2021-11-19T10:23:49,839|[TRACE] graph - -----> statementPart
2021-11-19T10:23:49,839|[TRACE] graph - -------> nonSkippedChar
2021-11-19T10:23:49,839|[TRACE] script - #out(`I`) [token]
2021-11-19T10:23:49,839|[TRACE] graph - <------- nonSkippedChar
2021-11-19T10:23:49,839|[TRACE] graph - <----- statementPart
2021-11-19T10:23:49,839|[TRACE] graph - -----> statementPart
2021-11-19T10:23:49,839|[TRACE] graph - -------> nonSkippedChar
2021-11-19T10:23:49,839|[TRACE] script - #out(`B`) [token]
2021-11-19T10:23:49,839|[TRACE] graph - <------- nonSkippedChar
2021-11-19T10:23:49,839|[TRACE] graph - <----- statementPart
2021-11-19T10:23:49,839|[TRACE] graph - -----> statementPart
2021-11-19T10:23:49,839|[TRACE] graph - -------> nonSkippedChar
2021-11-19T10:23:49,839|[TRACE] script - #out(`L`) [token]
2021-11-19T10:23:49,839|[TRACE] graph - <------- nonSkippedChar
2021-11-19T10:23:49,839|[TRACE] graph - <----- statementPart
2021-11-19T10:23:49,839|[TRACE] graph - -----> statementPart
2021-11-19T10:23:49,839|[TRACE] graph - -------> nonSkippedChar
2021-11-19T10:23:49,839|[TRACE] script - #out(`E`) [token]
2021-11-19T10:23:49,839|[TRACE] graph - <------- nonSkippedChar
2021-11-19T10:23:49,839|[TRACE] graph - <----- statementPart
2021-11-19T10:23:49,839|[TRACE] graph - -----> statementPart
2021-11-19T10:23:49,839|[TRACE] graph - -------> nonSkippedChar
2021-11-19T10:23:49,839|[TRACE] script - #out(`,`) [token]
2021-11-19T10:23:49,839|[TRACE] graph - <------- nonSkippedChar
2021-11-19T10:23:49,839|[TRACE] graph - <----- statementPart
2021-11-19T10:23:49,839|[TRACE] graph - -----> afterStatementPartNewline
2021-11-19T10:23:49,839|[TRACE] script - #out(` `) [text]
2021-11-19T10:23:49,839|[TRACE] graph - <----- afterStatementPartNewline
2021-11-19T10:23:49,839|[TRACE] graph - -----> statementPart
2021-11-19T10:23:49,839|[TRACE] graph - -------> nonSkippedSpace
2021-11-19T10:23:49,839|[TRACE] script - #out(` `) [token]
2021-11-19T10:23:49,839|[TRACE] graph - <------- nonSkippedSpace
2021-11-19T10:23:49,839|[TRACE] graph - <----- statementPart
2021-11-19T10:23:49,839|[TRACE] graph - -----> statementPart
2021-11-19T10:23:49,839|[TRACE] graph - -------> nonSkippedSpace
2021-11-19T10:23:49,839|[TRACE] script - #out(` `) [token]
2021-11-19T10:23:49,839|[TRACE] graph - <------- nonSkippedSpace
2021-11-19T10:23:49,839|[TRACE] graph - <----- statementPart
2021-11-19T10:23:49,839|[TRACE] graph - -----> statementPart
2021-11-19T10:23:49,839|[TRACE] graph - -------> nonSkippedChar
2021-11-19T10:23:49,839|[TRACE] script - #out(`C`) [token]
2021-11-19T10:23:49,839|[TRACE] graph - <------- nonSkippedChar
2021-11-19T10:23:49,839|[TRACE] graph - <----- statementPart
2021-11-19T10:23:49,839|[TRACE] graph - -----> statementPart
2021-11-19T10:23:49,839|[TRACE] graph - -------> nonSkippedChar
2021-11-19T10:23:49,839|[TRACE] script - #out(`O`) [token]
2021-11-19T10:23:49,839|[TRACE] graph - <------- nonSkippedChar
2021-11-19T10:23:49,839|[TRACE] graph - <----- statementPart
2021-11-19T10:23:49,839|[TRACE] graph - -----> statementPart
2021-11-19T10:23:49,839|[TRACE] graph - -------> nonSkippedChar
2021-11-19T10:23:49,839|[TRACE] script - #out(`N`) [token]
2021-11-19T10:23:49,839|[TRACE] graph - <------- nonSkippedChar
2021-11-19T10:23:49,839|[TRACE] graph - <----- statementPart
2021-11-19T10:23:49,839|[TRACE] graph - -----> statementPart
2021-11-19T10:23:49,839|[TRACE] graph - -------> nonSkippedChar
2021-11-19T10:23:49,839|[TRACE] script - #out(`S`) [token]
2021-11-19T10:23:49,839|[TRACE] graph - <------- nonSkippedChar
2021-11-19T10:23:49,839|[TRACE] graph - <----- statementPart
2021-11-19T10:23:49,839|[TRACE] graph - -----> statementPart
2021-11-19T10:23:49,839|[TRACE] graph - -------> nonSkippedChar
2021-11-19T10:23:49,839|[TRACE] script - #out(`T`) [token]
2021-11-19T10:23:49,839|[TRACE] graph - <------- nonSkippedChar
2021-11-19T10:23:49,839|[TRACE] graph - <----- statementPart
2021-11-19T10:23:49,839|[TRACE] graph - -----> statementPart
2021-11-19T10:23:49,839|[TRACE] graph - -------> nonSkippedChar
2021-11-19T10:23:49,839|[TRACE] script - #out(`R`) [token]
2021-11-19T10:23:49,839|[TRACE] graph - <------- nonSkippedChar
2021-11-19T10:23:49,839|[TRACE] graph - <----- statementPart
2021-11-19T10:23:49,839|[TRACE] graph - -----> statementPart
2021-11-19T10:23:49,839|[TRACE] graph - -------> nonSkippedChar
2021-11-19T10:23:49,839|[TRACE] script - #out(`A`) [token]
2021-11-19T10:23:49,839|[TRACE] graph - <------- nonSkippedChar
2021-11-19T10:23:49,839|[TRACE] graph - <----- statementPart
2021-11-19T10:23:49,839|[TRACE] graph - -----> statementPart
2021-11-19T10:23:49,839|[TRACE] graph - -------> nonSkippedChar
2021-11-19T10:23:49,839|[TRACE] script - #out(`I`) [token]
2021-11-19T10:23:49,839|[TRACE] graph - <------- nonSkippedChar
2021-11-19T10:23:49,839|[TRACE] graph - <----- statementPart
2021-11-19T10:23:49,839|[TRACE] graph - -----> statementPart
2021-11-19T10:23:49,839|[TRACE] graph - -------> nonSkippedChar
2021-11-19T10:23:49,839|[TRACE] script - #out(`N`) [token]
2021-11-19T10:23:49,839|[TRACE] graph - <------- nonSkippedChar
2021-11-19T10:23:49,839|[TRACE] graph - <----- statementPart
2021-11-19T10:23:49,839|[TRACE] graph - -----> statementPart
2021-11-19T10:23:49,839|[TRACE] graph - -------> nonSkippedChar
2021-11-19T10:23:49,839|[TRACE] script - #out(`T`) [token]
2021-11-19T10:23:49,839|[TRACE] graph - <------- nonSkippedChar
2021-11-19T10:23:49,839|[TRACE] graph - <----- statementPart
2021-11-19T10:23:49,839|[TRACE] graph - -----> statementPart
2021-11-19T10:23:49,839|[TRACE] graph - -------> nonSkippedSpace
2021-11-19T10:23:49,839|[TRACE] script - #out(` `) [token]
2021-11-19T10:23:49,839|[TRACE] graph - <------- nonSkippedSpace
2021-11-19T10:23:49,839|[TRACE] graph - <----- statementPart
2021-11-19T10:23:49,839|[TRACE] graph - -----> statementPart
2021-11-19T10:23:49,839|[TRACE] graph - -------> quotedString
2021-11-19T10:23:49,839|[TRACE] script - #out(``fk_blood_donation_blood_bank1``) [token]
2021-11-19T10:23:49,839|[TRACE] graph - <------- quotedString
2021-11-19T10:23:49,839|[TRACE] graph - <----- statementPart
2021-11-19T10:23:49,839|[TRACE] graph - -----> afterStatementPartNewline
2021-11-19T10:23:49,839|[TRACE] script - #out(` `) [text]
2021-11-19T10:23:49,839|[TRACE] graph - <----- afterStatementPartNewline
2021-11-19T10:23:49,839|[TRACE] graph - -----> statementPart
2021-11-19T10:23:49,839|[TRACE] graph - -------> nonSkippedSpace
2021-11-19T10:23:49,839|[TRACE] script - #out(` `) [token]
2021-11-19T10:23:49,839|[TRACE] graph - <------- nonSkippedSpace
2021-11-19T10:23:49,839|[TRACE] graph - <----- statementPart
2021-11-19T10:23:49,839|[TRACE] graph - -----> statementPart
2021-11-19T10:23:49,839|[TRACE] graph - -------> nonSkippedSpace
2021-11-19T10:23:49,839|[TRACE] script - #out(` `) [token]
2021-11-19T10:23:49,839|[TRACE] graph - <------- nonSkippedSpace
2021-11-19T10:23:49,839|[TRACE] graph - <----- statementPart
2021-11-19T10:23:49,839|[TRACE] graph - -----> statementPart
2021-11-19T10:23:49,839|[TRACE] graph - -------> nonSkippedSpace
2021-11-19T10:23:49,839|[TRACE] script - #out(` `) [token]
2021-11-19T10:23:49,839|[TRACE] graph - <------- nonSkippedSpace
2021-11-19T10:23:49,839|[TRACE] graph - <----- statementPart
2021-11-19T10:23:49,839|[TRACE] graph - -----> statementPart
2021-11-19T10:23:49,839|[TRACE] graph - -------> nonSkippedSpace
2021-11-19T10:23:49,839|[TRACE] script - #out(` `) [token]
2021-11-19T10:23:49,839|[TRACE] graph - <------- nonSkippedSpace
2021-11-19T10:23:49,839|[TRACE] graph - <----- statementPart
2021-11-19T10:23:49,839|[TRACE] graph - -----> statementPart
2021-11-19T10:23:49,839|[TRACE] graph - -------> nonSkippedChar
2021-11-19T10:23:49,839|[TRACE] script - #out(`F`) [token]
2021-11-19T10:23:49,839|[TRACE] graph - <------- nonSkippedChar
2021-11-19T10:23:49,839|[TRACE] graph - <----- statementPart
2021-11-19T10:23:49,839|[TRACE] graph - -----> statementPart
2021-11-19T10:23:49,839|[TRACE] graph - -------> nonSkippedChar
2021-11-19T10:23:49,839|[TRACE] script - #out(`O`) [token]
2021-11-19T10:23:49,839|[TRACE] graph - <------- nonSkippedChar
2021-11-19T10:23:49,839|[TRACE] graph - <----- statementPart
2021-11-19T10:23:49,839|[TRACE] graph - -----> statementPart
2021-11-19T10:23:49,839|[TRACE] graph - -------> nonSkippedChar
2021-11-19T10:23:49,839|[TRACE] script - #out(`R`) [token]
2021-11-19T10:23:49,839|[TRACE] graph - <------- nonSkippedChar
2021-11-19T10:23:49,839|[TRACE] graph - <----- statementPart
2021-11-19T10:23:49,839|[TRACE] graph - -----> statementPart
2021-11-19T10:23:49,839|[TRACE] graph - -------> nonSkippedChar
2021-11-19T10:23:49,839|[TRACE] script - #out(`E`) [token]
2021-11-19T10:23:49,839|[TRACE] graph - <------- nonSkippedChar
2021-11-19T10:23:49,839|[TRACE] graph - <----- statementPart
2021-11-19T10:23:49,839|[TRACE] graph - -----> statementPart
2021-11-19T10:23:49,839|[TRACE] graph - -------> nonSkippedChar
2021-11-19T10:23:49,839|[TRACE] script - #out(`I`) [token]
2021-11-19T10:23:49,839|[TRACE] graph - <------- nonSkippedChar
2021-11-19T10:23:49,839|[TRACE] graph - <----- statementPart
2021-11-19T10:23:49,839|[TRACE] graph - -----> statementPart
2021-11-19T10:23:49,839|[TRACE] graph - -------> nonSkippedChar
2021-11-19T10:23:49,840|[TRACE] script - #out(`G`) [token]
2021-11-19T10:23:49,840|[TRACE] graph - <------- nonSkippedChar
2021-11-19T10:23:49,840|[TRACE] graph - <----- statementPart
2021-11-19T10:23:49,840|[TRACE] graph - -----> statementPart
2021-11-19T10:23:49,840|[TRACE] graph - -------> nonSkippedChar
2021-11-19T10:23:49,840|[TRACE] script - #out(`N`) [token]
2021-11-19T10:23:49,840|[TRACE] graph - <------- nonSkippedChar
2021-11-19T10:23:49,840|[TRACE] graph - <----- statementPart
2021-11-19T10:23:49,840|[TRACE] graph - -----> statementPart
2021-11-19T10:23:49,840|[TRACE] graph - -------> nonSkippedSpace
2021-11-19T10:23:49,840|[TRACE] script - #out(` `) [token]
2021-11-19T10:23:49,840|[TRACE] graph - <------- nonSkippedSpace
2021-11-19T10:23:49,840|[TRACE] graph - <----- statementPart
2021-11-19T10:23:49,840|[TRACE] graph - -----> statementPart
2021-11-19T10:23:49,840|[TRACE] graph - -------> nonSkippedChar
2021-11-19T10:23:49,840|[TRACE] script - #out(`K`) [token]
2021-11-19T10:23:49,840|[TRACE] graph - <------- nonSkippedChar
2021-11-19T10:23:49,840|[TRACE] graph - <----- statementPart
2021-11-19T10:23:49,840|[TRACE] graph - -----> statementPart
2021-11-19T10:23:49,840|[TRACE] graph - -------> nonSkippedChar
2021-11-19T10:23:49,840|[TRACE] script - #out(`E`) [token]
2021-11-19T10:23:49,840|[TRACE] graph - <------- nonSkippedChar
2021-11-19T10:23:49,840|[TRACE] graph - <----- statementPart
2021-11-19T10:23:49,840|[TRACE] graph - -----> statementPart
2021-11-19T10:23:49,840|[TRACE] graph - -------> nonSkippedChar
2021-11-19T10:23:49,840|[TRACE] script - #out(`Y`) [token]
2021-11-19T10:23:49,840|[TRACE] graph - <------- nonSkippedChar
2021-11-19T10:23:49,840|[TRACE] graph - <----- statementPart
2021-11-19T10:23:49,840|[TRACE] graph - -----> statementPart
2021-11-19T10:23:49,840|[TRACE] graph - -------> nonSkippedSpace
2021-11-19T10:23:49,840|[TRACE] script - #out(` `) [token]
2021-11-19T10:23:49,840|[TRACE] graph - <------- nonSkippedSpace
2021-11-19T10:23:49,840|[TRACE] graph - <----- statementPart
2021-11-19T10:23:49,840|[TRACE] graph - -----> statementPart
2021-11-19T10:23:49,840|[TRACE] graph - -------> nonSkippedChar
2021-11-19T10:23:49,840|[TRACE] script - #out(`(`) [token]
2021-11-19T10:23:49,840|[TRACE] graph - <------- nonSkippedChar
2021-11-19T10:23:49,840|[TRACE] graph - <----- statementPart
2021-11-19T10:23:49,840|[TRACE] graph - -----> statementPart
2021-11-19T10:23:49,840|[TRACE] graph - -------> quotedString
2021-11-19T10:23:49,840|[TRACE] script - #out(``bank_id``) [token]
2021-11-19T10:23:49,840|[TRACE] graph - <------- quotedString
2021-11-19T10:23:49,840|[TRACE] graph - <----- statementPart
2021-11-19T10:23:49,840|[TRACE] graph - -----> statementPart
2021-11-19T10:23:49,973|[TRACE] graph - -------> nonSkippedChar
2021-11-19T10:23:49,973|[TRACE] script - #out(`)`) [token]
2021-11-19T10:23:49,973|[TRACE] graph - <------- nonSkippedChar
2021-11-19T10:23:49,973|[TRACE] graph - <----- statementPart
2021-11-19T10:23:49,973|[TRACE] graph - -----> afterStatementPartNewline
2021-11-19T10:23:49,973|[TRACE] script - #out(` `) [text]
2021-11-19T10:23:49,973|[TRACE] graph - <----- afterStatementPartNewline
2021-11-19T10:23:49,973|[TRACE] graph - -----> statementPart
2021-11-19T10:23:49,973|[TRACE] graph - -------> nonSkippedSpace
2021-11-19T10:23:49,973|[TRACE] script - #out(` `) [token]
2021-11-19T10:23:49,973|[TRACE] graph - <------- nonSkippedSpace
2021-11-19T10:23:49,973|[TRACE] graph - <----- statementPart
2021-11-19T10:23:49,973|[TRACE] graph - -----> statementPart
2021-11-19T10:23:49,973|[TRACE] graph - -------> nonSkippedSpace
2021-11-19T10:23:49,973|[TRACE] script - #out(` `) [token]
2021-11-19T10:23:49,973|[TRACE] graph - <------- nonSkippedSpace
2021-11-19T10:23:49,973|[TRACE] graph - <----- statementPart
2021-11-19T10:23:49,973|[TRACE] graph - -----> statementPart
2021-11-19T10:23:49,973|[TRACE] graph - -------> nonSkippedSpace
2021-11-19T10:23:49,973|[TRACE] script - #out(` `) [token]
2021-11-19T10:23:49,973|[TRACE] graph - <------- nonSkippedSpace
2021-11-19T10:23:49,973|[TRACE] graph - <----- statementPart
2021-11-19T10:23:49,973|[TRACE] graph - -----> statementPart
2021-11-19T10:23:49,973|[TRACE] graph - -------> nonSkippedSpace
2021-11-19T10:23:49,973|[TRACE] script - #out(` `) [token]
2021-11-19T10:23:49,973|[TRACE] graph - <------- nonSkippedSpace
2021-11-19T10:23:49,973|[TRACE] graph - <----- statementPart
2021-11-19T10:23:49,973|[TRACE] graph - -----> statementPart
2021-11-19T10:23:49,973|[TRACE] graph - -------> nonSkippedChar
2021-11-19T10:23:49,973|[TRACE] script - #out(`R`) [token]
2021-11-19T10:23:49,973|[TRACE] graph - <------- nonSkippedChar
2021-11-19T10:23:49,973|[TRACE] graph - <----- statementPart
2021-11-19T10:23:49,973|[TRACE] graph - -----> statementPart
2021-11-19T10:23:49,973|[TRACE] graph - -------> nonSkippedChar
2021-11-19T10:23:49,973|[TRACE] script - #out(`E`) [token]
2021-11-19T10:23:49,973|[TRACE] graph - <------- nonSkippedChar
2021-11-19T10:23:49,973|[TRACE] graph - <----- statementPart
2021-11-19T10:23:49,973|[TRACE] graph - -----> statementPart
2021-11-19T10:23:49,973|[TRACE] graph - -------> nonSkippedChar
2021-11-19T10:23:49,973|[TRACE] script - #out(`F`) [token]
2021-11-19T10:23:49,973|[TRACE] graph - <------- nonSkippedChar
2021-11-19T10:23:49,973|[TRACE] graph - <----- statementPart
2021-11-19T10:23:49,973|[TRACE] graph - -----> statementPart
2021-11-19T10:23:49,973|[TRACE] graph - -------> nonSkippedChar
2021-11-19T10:23:49,973|[TRACE] script - #out(`E`) [token]
2021-11-19T10:23:49,973|[TRACE] graph - <------- nonSkippedChar
2021-11-19T10:23:49,973|[TRACE] graph - <----- statementPart
2021-11-19T10:23:49,973|[TRACE] graph - -----> statementPart
2021-11-19T10:23:49,973|[TRACE] graph - -------> nonSkippedChar
2021-11-19T10:23:49,973|[TRACE] script - #out(`R`) [token]
2021-11-19T10:23:49,973|[TRACE] graph - <------- nonSkippedChar
2021-11-19T10:23:49,973|[TRACE] graph - <----- statementPart
2021-11-19T10:23:49,973|[TRACE] graph - -----> statementPart
2021-11-19T10:23:49,973|[TRACE] graph - -------> nonSkippedChar
2021-11-19T10:23:49,973|[TRACE] script - #out(`E`) [token]
2021-11-19T10:23:49,973|[TRACE] graph - <------- nonSkippedChar
2021-11-19T10:23:49,973|[TRACE] graph - <----- statementPart
2021-11-19T10:23:49,973|[TRACE] graph - -----> statementPart
2021-11-19T10:23:49,973|[TRACE] graph - -------> nonSkippedChar
2021-11-19T10:23:49,973|[TRACE] script - #out(`N`) [token]
2021-11-19T10:23:49,973|[TRACE] graph - <------- nonSkippedChar
2021-11-19T10:23:49,973|[TRACE] graph - <----- statementPart
2021-11-19T10:23:49,973|[TRACE] graph - -----> statementPart
2021-11-19T10:23:49,973|[TRACE] graph - -------> nonSkippedChar
2021-11-19T10:23:49,973|[TRACE] script - #out(`C`) [token]
2021-11-19T10:23:49,973|[TRACE] graph - <------- nonSkippedChar
2021-11-19T10:23:49,973|[TRACE] graph - <----- statementPart
2021-11-19T10:23:49,973|[TRACE] graph - -----> statementPart
2021-11-19T10:23:49,973|[TRACE] graph - -------> nonSkippedChar
2021-11-19T10:23:49,973|[TRACE] script - #out(`E`) [token]
2021-11-19T10:23:49,973|[TRACE] graph - <------- nonSkippedChar
2021-11-19T10:23:49,973|[TRACE] graph - <----- statementPart
2021-11-19T10:23:49,973|[TRACE] graph - -----> statementPart
2021-11-19T10:23:49,973|[TRACE] graph - -------> nonSkippedChar
2021-11-19T10:23:49,973|[TRACE] script - #out(`S`) [token]
2021-11-19T10:23:49,973|[TRACE] graph - <------- nonSkippedChar
2021-11-19T10:23:49,973|[TRACE] graph - <----- statementPart
2021-11-19T10:23:49,973|[TRACE] graph - -----> statementPart
2021-11-19T10:23:49,973|[TRACE] graph - -------> nonSkippedSpace
2021-11-19T10:23:49,973|[TRACE] script - #out(` `) [token]
2021-11-19T10:23:49,973|[TRACE] graph - <------- nonSkippedSpace
2021-11-19T10:23:49,973|[TRACE] graph - <----- statementPart
2021-11-19T10:23:49,973|[TRACE] graph - -----> statementPart
2021-11-19T10:23:49,973|[TRACE] graph - -------> quotedString
2021-11-19T10:23:49,973|[TRACE] script - #out(``bloodbank``) [token]
2021-11-19T10:23:49,973|[TRACE] graph - <------- quotedString
2021-11-19T10:23:49,973|[TRACE] graph - <----- statementPart
2021-11-19T10:23:49,973|[TRACE] graph - -----> statementPart
2021-11-19T10:23:49,973|[TRACE] graph - -------> nonSkippedChar
2021-11-19T10:23:49,973|[TRACE] script - #out(`.`) [token]
2021-11-19T10:23:49,973|[TRACE] graph - <------- nonSkippedChar
2021-11-19T10:23:49,973|[TRACE] graph - <----- statementPart
2021-11-19T10:23:49,973|[TRACE] graph - -----> statementPart
2021-11-19T10:23:49,973|[TRACE] graph - -------> quotedString
2021-11-19T10:23:49,973|[TRACE] script - #out(``blood_bank``) [token]
2021-11-19T10:23:49,973|[TRACE] graph - <------- quotedString
2021-11-19T10:23:49,973|[TRACE] graph - <----- statementPart
2021-11-19T10:23:49,973|[TRACE] graph - -----> statementPart
2021-11-19T10:23:49,973|[TRACE] graph - -------> nonSkippedSpace
2021-11-19T10:23:49,973|[TRACE] script - #out(` `) [token]
2021-11-19T10:23:49,973|[TRACE] graph - <------- nonSkippedSpace
2021-11-19T10:23:49,973|[TRACE] graph - <----- statementPart
2021-11-19T10:23:49,973|[TRACE] graph - -----> statementPart
2021-11-19T10:23:49,973|[TRACE] graph - -------> nonSkippedChar
2021-11-19T10:23:49,973|[TRACE] script - #out(`(`) [token]
2021-11-19T10:23:49,973|[TRACE] graph - <------- nonSkippedChar
2021-11-19T10:23:49,973|[TRACE] graph - <----- statementPart
2021-11-19T10:23:49,973|[TRACE] graph - -----> statementPart
2021-11-19T10:23:49,973|[TRACE] graph - -------> quotedString
2021-11-19T10:23:49,973|[TRACE] script - #out(``bank_id``) [token]
2021-11-19T10:23:49,973|[TRACE] graph - <------- quotedString
2021-11-19T10:23:49,973|[TRACE] graph - <----- statementPart
2021-11-19T10:23:49,973|[TRACE] graph - -----> statementPart
2021-11-19T10:23:49,973|[TRACE] graph - -------> nonSkippedChar
2021-11-19T10:23:49,973|[TRACE] script - #out(`)`) [token]
2021-11-19T10:23:49,973|[TRACE] graph - <------- nonSkippedChar
2021-11-19T10:23:49,973|[TRACE] graph - <----- statementPart
2021-11-19T10:23:49,973|[TRACE] graph - -----> afterStatementPartNewline
2021-11-19T10:23:49,973|[TRACE] script - #out(` `) [text]
2021-11-19T10:23:49,973|[TRACE] graph - <----- afterStatementPartNewline
2021-11-19T10:23:49,973|[TRACE] graph - -----> statementPart
2021-11-19T10:23:49,973|[TRACE] graph - -------> nonSkippedSpace
2021-11-19T10:23:49,973|[TRACE] script - #out(` `) [token]
2021-11-19T10:23:49,973|[TRACE] graph - <------- nonSkippedSpace
2021-11-19T10:23:49,973|[TRACE] graph - <----- statementPart
2021-11-19T10:23:49,973|[TRACE] graph - -----> statementPart
2021-11-19T10:23:49,973|[TRACE] graph - -------> nonSkippedSpace
2021-11-19T10:23:49,973|[TRACE] script - #out(` `) [token]
2021-11-19T10:23:49,973|[TRACE] graph - <------- nonSkippedSpace
2021-11-19T10:23:49,973|[TRACE] graph - <----- statementPart
2021-11-19T10:23:49,973|[TRACE] graph - -----> statementPart
2021-11-19T10:23:49,973|[TRACE] graph - -------> nonSkippedSpace
2021-11-19T10:23:49,973|[TRACE] script - #out(` `) [token]
2021-11-19T10:23:49,973|[TRACE] graph - <------- nonSkippedSpace
2021-11-19T10:23:49,973|[TRACE] graph - <----- statementPart
2021-11-19T10:23:49,973|[TRACE] graph - -----> statementPart
2021-11-19T10:23:49,973|[TRACE] graph - -------> nonSkippedSpace
2021-11-19T10:23:49,973|[TRACE] script - #out(` `) [token]
2021-11-19T10:23:49,973|[TRACE] graph - <------- nonSkippedSpace
2021-11-19T10:23:49,973|[TRACE] graph - <----- statementPart
2021-11-19T10:23:49,973|[TRACE] graph - -----> statementPart
2021-11-19T10:23:49,973|[TRACE] graph - -------> nonSkippedChar
2021-11-19T10:23:49,973|[TRACE] script - #out(`O`) [token]
2021-11-19T10:23:49,973|[TRACE] graph - <------- nonSkippedChar
2021-11-19T10:23:49,973|[TRACE] graph - <----- statementPart
2021-11-19T10:23:49,973|[TRACE] graph - -----> statementPart
2021-11-19T10:23:49,973|[TRACE] graph - -------> nonSkippedChar
2021-11-19T10:23:49,973|[TRACE] script - #out(`N`) [token]
2021-11-19T10:23:49,973|[TRACE] graph - <------- nonSkippedChar
2021-11-19T10:23:49,973|[TRACE] graph - <----- statementPart
2021-11-19T10:23:49,973|[TRACE] graph - -----> statementPart
2021-11-19T10:23:49,973|[TRACE] graph - -------> nonSkippedSpace
2021-11-19T10:23:49,973|[TRACE] script - #out(` `) [token]
2021-11-19T10:23:49,973|[TRACE] graph - <------- nonSkippedSpace
2021-11-19T10:23:49,973|[TRACE] graph - <----- statementPart
2021-11-19T10:23:49,973|[TRACE] graph - -----> statementPart
2021-11-19T10:23:49,973|[TRACE] graph - -------> nonSkippedChar
2021-11-19T10:23:49,973|[TRACE] script - #out(`D`) [token]
2021-11-19T10:23:49,973|[TRACE] graph - <------- nonSkippedChar
2021-11-19T10:23:49,973|[TRACE] graph - <----- statementPart
2021-11-19T10:23:49,973|[TRACE] graph - -----> statementPart
2021-11-19T10:23:49,973|[TRACE] graph - -------> nonSkippedChar
2021-11-19T10:23:49,973|[TRACE] script - #out(`E`) [token]
2021-11-19T10:23:49,973|[TRACE] graph - <------- nonSkippedChar
2021-11-19T10:23:49,973|[TRACE] graph - <----- statementPart
2021-11-19T10:23:49,973|[TRACE] graph - -----> statementPart
2021-11-19T10:23:49,973|[TRACE] graph - -------> nonSkippedChar
2021-11-19T10:23:49,973|[TRACE] script - #out(`L`) [token]
2021-11-19T10:23:49,973|[TRACE] graph - <------- nonSkippedChar
2021-11-19T10:23:49,973|[TRACE] graph - <----- statementPart
2021-11-19T10:23:49,973|[TRACE] graph - -----> statementPart
2021-11-19T10:23:49,973|[TRACE] graph - -------> nonSkippedChar
2021-11-19T10:23:49,973|[TRACE] script - #out(`E`) [token]
2021-11-19T10:23:49,973|[TRACE] graph - <------- nonSkippedChar
2021-11-19T10:23:49,973|[TRACE] graph - <----- statementPart
2021-11-19T10:23:49,973|[TRACE] graph - -----> statementPart
2021-11-19T10:23:49,973|[TRACE] graph - -------> nonSkippedChar
2021-11-19T10:23:49,973|[TRACE] script - #out(`T`) [token]
2021-11-19T10:23:49,973|[TRACE] graph - <------- nonSkippedChar
2021-11-19T10:23:49,973|[TRACE] graph - <----- statementPart
2021-11-19T10:23:49,973|[TRACE] graph - -----> statementPart
2021-11-19T10:23:49,973|[TRACE] graph - -------> nonSkippedChar
2021-11-19T10:23:49,973|[TRACE] script - #out(`E`) [token]
2021-11-19T10:23:49,973|[TRACE] graph - <------- nonSkippedChar
2021-11-19T10:23:49,973|[TRACE] graph - <----- statementPart
2021-11-19T10:23:49,973|[TRACE] graph - -----> statementPart
2021-11-19T10:23:49,973|[TRACE] graph - -------> nonSkippedSpace
2021-11-19T10:23:49,973|[TRACE] script - #out(` `) [token]
2021-11-19T10:23:49,973|[TRACE] graph - <------- nonSkippedSpace
2021-11-19T10:23:49,973|[TRACE] graph - <----- statementPart
2021-11-19T10:23:49,973|[TRACE] graph - -----> statementPart
2021-11-19T10:23:49,973|[TRACE] graph - -------> nonSkippedChar
2021-11-19T10:23:49,973|[TRACE] script - #out(`N`) [token]
2021-11-19T10:23:49,973|[TRACE] graph - <------- nonSkippedChar
2021-11-19T10:23:49,973|[TRACE] graph - <----- statementPart
2021-11-19T10:23:49,973|[TRACE] graph - -----> statementPart
2021-11-19T10:23:49,973|[TRACE] graph - -------> nonSkippedChar
2021-11-19T10:23:49,973|[TRACE] script - #out(`O`) [token]
2021-11-19T10:23:49,973|[TRACE] graph - <------- nonSkippedChar
2021-11-19T10:23:49,973|[TRACE] graph - <----- statementPart
2021-11-19T10:23:49,973|[TRACE] graph - -----> statementPart
2021-11-19T10:23:49,973|[TRACE] graph - -------> nonSkippedSpace
2021-11-19T10:23:49,973|[TRACE] script - #out(` `) [token]
2021-11-19T10:23:49,973|[TRACE] graph - <------- nonSkippedSpace
2021-11-19T10:23:49,973|[TRACE] graph - <----- statementPart
2021-11-19T10:23:49,973|[TRACE] graph - -----> statementPart
2021-11-19T10:23:49,973|[TRACE] graph - -------> nonSkippedChar
2021-11-19T10:23:49,973|[TRACE] script - #out(`A`) [token]
2021-11-19T10:23:49,973|[TRACE] graph - <------- nonSkippedChar
2021-11-19T10:23:49,973|[TRACE] graph - <----- statementPart
2021-11-19T10:23:49,973|[TRACE] graph - -----> statementPart
2021-11-19T10:23:49,973|[TRACE] graph - -------> nonSkippedChar
2021-11-19T10:23:49,973|[TRACE] script - #out(`C`) [token]
2021-11-19T10:23:49,973|[TRACE] graph - <------- nonSkippedChar
2021-11-19T10:23:49,973|[TRACE] graph - <----- statementPart
2021-11-19T10:23:49,973|[TRACE] graph - -----> statementPart
2021-11-19T10:23:49,973|[TRACE] graph - -------> nonSkippedChar
2021-11-19T10:23:49,973|[TRACE] script - #out(`T`) [token]
2021-11-19T10:23:49,973|[TRACE] graph - <------- nonSkippedChar
2021-11-19T10:23:49,973|[TRACE] graph - <----- statementPart
2021-11-19T10:23:49,973|[TRACE] graph - -----> statementPart
2021-11-19T10:23:49,973|[TRACE] graph - -------> nonSkippedChar
2021-11-19T10:23:49,973|[TRACE] script - #out(`I`) [token]
2021-11-19T10:23:49,973|[TRACE] graph - <------- nonSkippedChar
2021-11-19T10:23:49,973|[TRACE] graph - <----- statementPart
2021-11-19T10:23:49,973|[TRACE] graph - -----> statementPart
2021-11-19T10:23:49,973|[TRACE] graph - -------> nonSkippedChar
2021-11-19T10:23:49,973|[TRACE] script - #out(`O`) [token]
2021-11-19T10:23:49,973|[TRACE] graph - <------- nonSkippedChar
2021-11-19T10:23:49,973|[TRACE] graph - <----- statementPart
2021-11-19T10:23:49,973|[TRACE] graph - -----> statementPart
2021-11-19T10:23:49,973|[TRACE] graph - -------> nonSkippedChar
2021-11-19T10:23:49,973|[TRACE] script - #out(`N`) [token]
2021-11-19T10:23:49,973|[TRACE] graph - <------- nonSkippedChar
2021-11-19T10:23:49,973|[TRACE] graph - <----- statementPart
2021-11-19T10:23:49,973|[TRACE] graph - -----> afterStatementPartNewline
2021-11-19T10:23:49,973|[TRACE] script - #out(` `) [text]
2021-11-19T10:23:49,973|[TRACE] graph - <----- afterStatementPartNewline
2021-11-19T10:23:49,973|[TRACE] graph - -----> statementPart
2021-11-19T10:23:49,974|[TRACE] graph - -------> nonSkippedSpace
2021-11-19T10:23:49,974|[TRACE] script - #out(` `) [token]
2021-11-19T10:23:49,974|[TRACE] graph - <------- nonSkippedSpace
2021-11-19T10:23:49,974|[TRACE] graph - <----- statementPart
2021-11-19T10:23:49,974|[TRACE] graph - -----> statementPart
2021-11-19T10:23:49,974|[TRACE] graph - -------> nonSkippedSpace
2021-11-19T10:23:49,974|[TRACE] script - #out(` `) [token]
2021-11-19T10:23:49,974|[TRACE] graph - <------- nonSkippedSpace
2021-11-19T10:23:49,974|[TRACE] graph - <----- statementPart
2021-11-19T10:23:49,974|[TRACE] graph - -----> statementPart
2021-11-19T10:23:49,974|[TRACE] graph - -------> nonSkippedSpace
2021-11-19T10:23:49,974|[TRACE] script - #out(` `) [token]
2021-11-19T10:23:49,974|[TRACE] graph - <------- nonSkippedSpace
2021-11-19T10:23:49,974|[TRACE] graph - <----- statementPart
2021-11-19T10:23:49,974|[TRACE] graph - -----> statementPart
2021-11-19T10:23:49,974|[TRACE] graph - -------> nonSkippedSpace
2021-11-19T10:23:49,974|[TRACE] script - #out(` `) [token]
2021-11-19T10:23:49,974|[TRACE] graph - <------- nonSkippedSpace
2021-11-19T10:23:49,974|[TRACE] graph - <----- statementPart
2021-11-19T10:23:49,974|[TRACE] graph - -----> statementPart
2021-11-19T10:23:49,974|[TRACE] graph - -------> nonSkippedChar
2021-11-19T10:23:49,974|[TRACE] script - #out(`O`) [token]
2021-11-19T10:23:49,974|[TRACE] graph - <------- nonSkippedChar
2021-11-19T10:23:49,974|[TRACE] graph - <----- statementPart
2021-11-19T10:23:49,974|[TRACE] graph - -----> statementPart
2021-11-19T10:23:49,974|[TRACE] graph - -------> nonSkippedChar
2021-11-19T10:23:49,974|[TRACE] script - #out(`N`) [token]
2021-11-19T10:23:49,974|[TRACE] graph - <------- nonSkippedChar
2021-11-19T10:23:49,974|[TRACE] graph - <----- statementPart
2021-11-19T10:23:49,974|[TRACE] graph - -----> statementPart
2021-11-19T10:23:49,974|[TRACE] graph - -------> nonSkippedSpace
2021-11-19T10:23:49,974|[TRACE] script - #out(` `) [token]
2021-11-19T10:23:49,974|[TRACE] graph - <------- nonSkippedSpace
2021-11-19T10:23:49,974|[TRACE] graph - <----- statementPart
2021-11-19T10:23:49,974|[TRACE] graph - -----> statementPart
2021-11-19T10:23:49,974|[TRACE] graph - -------> nonSkippedChar
2021-11-19T10:23:49,974|[TRACE] script - #out(`U`) [token]
2021-11-19T10:23:49,974|[TRACE] graph - <------- nonSkippedChar
2021-11-19T10:23:49,974|[TRACE] graph - <----- statementPart
2021-11-19T10:23:49,974|[TRACE] graph - -----> statementPart
2021-11-19T10:23:49,974|[TRACE] graph - -------> nonSkippedChar
2021-11-19T10:23:49,974|[TRACE] script - #out(`P`) [token]
2021-11-19T10:23:49,974|[TRACE] graph - <------- nonSkippedChar
2021-11-19T10:23:49,974|[TRACE] graph - <----- statementPart
2021-11-19T10:23:49,974|[TRACE] graph - -----> statementPart
2021-11-19T10:23:49,974|[TRACE] graph - -------> nonSkippedChar
2021-11-19T10:23:49,974|[TRACE] script - #out(`D`) [token]
2021-11-19T10:23:49,974|[TRACE] graph - <------- nonSkippedChar
2021-11-19T10:23:49,974|[TRACE] graph - <----- statementPart
2021-11-19T10:23:49,974|[TRACE] graph - -----> statementPart
2021-11-19T10:23:49,974|[TRACE] graph - -------> nonSkippedChar
2021-11-19T10:23:49,974|[TRACE] script - #out(`A`) [token]
2021-11-19T10:23:49,974|[TRACE] graph - <------- nonSkippedChar
2021-11-19T10:23:49,974|[TRACE] graph - <----- statementPart
2021-11-19T10:23:49,974|[TRACE] graph - -----> statementPart
2021-11-19T10:23:49,974|[TRACE] graph - -------> nonSkippedChar
2021-11-19T10:23:49,974|[TRACE] script - #out(`T`) [token]
2021-11-19T10:23:49,974|[TRACE] graph - <------- nonSkippedChar
2021-11-19T10:23:49,974|[TRACE] graph - <----- statementPart
2021-11-19T10:23:49,974|[TRACE] graph - -----> statementPart
2021-11-19T10:23:49,974|[TRACE] graph - -------> nonSkippedChar
2021-11-19T10:23:49,974|[TRACE] script - #out(`E`) [token]
2021-11-19T10:23:49,974|[TRACE] graph - <------- nonSkippedChar
2021-11-19T10:23:49,974|[TRACE] graph - <----- statementPart
2021-11-19T10:23:49,974|[TRACE] graph - -----> statementPart
2021-11-19T10:23:49,974|[TRACE] graph - -------> nonSkippedSpace
2021-11-19T10:23:49,974|[TRACE] script - #out(` `) [token]
2021-11-19T10:23:49,974|[TRACE] graph - <------- nonSkippedSpace
2021-11-19T10:23:49,974|[TRACE] graph - <----- statementPart
2021-11-19T10:23:49,974|[TRACE] graph - -----> statementPart
2021-11-19T10:23:49,974|[TRACE] graph - -------> nonSkippedChar
2021-11-19T10:23:49,974|[TRACE] script - #out(`N`) [token]
2021-11-19T10:23:49,974|[TRACE] graph - <------- nonSkippedChar
2021-11-19T10:23:49,974|[TRACE] graph - <----- statementPart
2021-11-19T10:23:49,974|[TRACE] graph - -----> statementPart
2021-11-19T10:23:49,974|[TRACE] graph - -------> nonSkippedChar
2021-11-19T10:23:49,974|[TRACE] script - #out(`O`) [token]
2021-11-19T10:23:49,974|[TRACE] graph - <------- nonSkippedChar
2021-11-19T10:23:49,974|[TRACE] graph - <----- statementPart
2021-11-19T10:23:49,974|[TRACE] graph - -----> statementPart
2021-11-19T10:23:49,974|[TRACE] graph - -------> nonSkippedSpace
2021-11-19T10:23:49,974|[TRACE] script - #out(` `) [token]
2021-11-19T10:23:49,974|[TRACE] graph - <------- nonSkippedSpace
2021-11-19T10:23:49,974|[TRACE] graph - <----- statementPart
2021-11-19T10:23:49,974|[TRACE] graph - -----> statementPart
2021-11-19T10:23:49,974|[TRACE] graph - -------> nonSkippedChar
2021-11-19T10:23:49,974|[TRACE] script - #out(`A`) [token]
2021-11-19T10:23:49,974|[TRACE] graph - <------- nonSkippedChar
2021-11-19T10:23:49,974|[TRACE] graph - <----- statementPart
2021-11-19T10:23:49,974|[TRACE] graph - -----> statementPart
2021-11-19T10:23:49,974|[TRACE] graph - -------> nonSkippedChar
2021-11-19T10:23:49,974|[TRACE] script - #out(`C`) [token]
2021-11-19T10:23:49,974|[TRACE] graph - <------- nonSkippedChar
2021-11-19T10:23:49,974|[TRACE] graph - <----- statementPart
2021-11-19T10:23:49,974|[TRACE] graph - -----> statementPart
2021-11-19T10:23:49,974|[TRACE] graph - -------> nonSkippedChar
2021-11-19T10:23:49,974|[TRACE] script - #out(`T`) [token]
2021-11-19T10:23:49,974|[TRACE] graph - <------- nonSkippedChar
2021-11-19T10:23:49,974|[TRACE] graph - <----- statementPart
2021-11-19T10:23:49,974|[TRACE] graph - -----> statementPart
2021-11-19T10:23:49,974|[TRACE] graph - -------> nonSkippedChar
2021-11-19T10:23:49,974|[TRACE] script - #out(`I`) [token]
2021-11-19T10:23:49,974|[TRACE] graph - <------- nonSkippedChar
2021-11-19T10:23:49,974|[TRACE] graph - <----- statementPart
2021-11-19T10:23:49,974|[TRACE] graph - -----> statementPart
2021-11-19T10:23:49,974|[TRACE] graph - -------> nonSkippedChar
2021-11-19T10:23:49,974|[TRACE] script - #out(`O`) [token]
2021-11-19T10:23:49,974|[TRACE] graph - <------- nonSkippedChar
2021-11-19T10:23:49,974|[TRACE] graph - <----- statementPart
2021-11-19T10:23:49,974|[TRACE] graph - -----> statementPart
2021-11-19T10:23:49,974|[TRACE] graph - -------> nonSkippedChar
2021-11-19T10:23:49,974|[TRACE] script - #out(`N`) [token]
2021-11-19T10:23:49,974|[TRACE] graph - <------- nonSkippedChar
2021-11-19T10:23:49,974|[TRACE] graph - <----- statementPart
2021-11-19T10:23:49,974|[TRACE] graph - -----> statementPart
2021-11-19T10:23:49,974|[TRACE] graph - -------> nonSkippedChar
2021-11-19T10:23:49,974|[TRACE] script - #out(`)`) [token]
2021-11-19T10:23:49,974|[TRACE] graph - <------- nonSkippedChar
2021-11-19T10:23:49,974|[TRACE] graph - <----- statementPart
2021-11-19T10:23:49,974|[TRACE] graph - -----> afterStatementPartNewline
2021-11-19T10:23:49,974|[TRACE] script - #out(` `) [text]
2021-11-19T10:23:49,974|[TRACE] graph - <----- afterStatementPartNewline
2021-11-19T10:23:49,974|[TRACE] graph - -----> statementPart
2021-11-19T10:23:49,974|[TRACE] graph - -------> nonSkippedChar
2021-11-19T10:23:49,974|[TRACE] script - #out(`E`) [token]
2021-11-19T10:23:49,974|[TRACE] graph - <------- nonSkippedChar
2021-11-19T10:23:49,974|[TRACE] graph - <----- statementPart
2021-11-19T10:23:49,974|[TRACE] graph - -----> statementPart
2021-11-19T10:23:49,974|[TRACE] graph - -------> nonSkippedChar
2021-11-19T10:23:49,974|[TRACE] script - #out(`N`) [token]
2021-11-19T10:23:49,974|[TRACE] graph - <------- nonSkippedChar
2021-11-19T10:23:49,974|[TRACE] graph - <----- statementPart
2021-11-19T10:23:49,974|[TRACE] graph - -----> statementPart
2021-11-19T10:23:49,974|[TRACE] graph - -------> nonSkippedChar
2021-11-19T10:23:49,974|[TRACE] script - #out(`G`) [token]
2021-11-19T10:23:49,974|[TRACE] graph - <------- nonSkippedChar
2021-11-19T10:23:49,974|[TRACE] graph - <----- statementPart
2021-11-19T10:23:49,974|[TRACE] graph - -----> statementPart
2021-11-19T10:23:49,974|[TRACE] graph - -------> nonSkippedChar
2021-11-19T10:23:49,974|[TRACE] script - #out(`I`) [token]
2021-11-19T10:23:49,974|[TRACE] graph - <------- nonSkippedChar
2021-11-19T10:23:49,974|[TRACE] graph - <----- statementPart
2021-11-19T10:23:49,974|[TRACE] graph - -----> statementPart
2021-11-19T10:23:49,974|[TRACE] graph - -------> nonSkippedChar
2021-11-19T10:23:49,974|[TRACE] script - #out(`N`) [token]
2021-11-19T10:23:49,974|[TRACE] graph - <------- nonSkippedChar
2021-11-19T10:23:49,974|[TRACE] graph - <----- statementPart
2021-11-19T10:23:49,974|[TRACE] graph - -----> statementPart
2021-11-19T10:23:49,974|[TRACE] graph - -------> nonSkippedChar
2021-11-19T10:23:49,974|[TRACE] script - #out(`E`) [token]
2021-11-19T10:23:49,974|[TRACE] graph - <------- nonSkippedChar
2021-11-19T10:23:49,974|[TRACE] graph - <----- statementPart
2021-11-19T10:23:49,974|[TRACE] graph - -----> statementPart
2021-11-19T10:23:49,974|[TRACE] graph - -------> nonSkippedSpace
2021-11-19T10:23:49,974|[TRACE] script - #out(` `) [token]
2021-11-19T10:23:49,974|[TRACE] graph - <------- nonSkippedSpace
2021-11-19T10:23:49,974|[TRACE] graph - <----- statementPart
2021-11-19T10:23:49,974|[TRACE] graph - -----> statementPart
2021-11-19T10:23:49,974|[TRACE] graph - -------> nonSkippedChar
2021-11-19T10:23:49,974|[TRACE] script - #out(`=`) [token]
2021-11-19T10:23:49,974|[TRACE] graph - <------- nonSkippedChar
2021-11-19T10:23:49,975|[TRACE] graph - <----- statementPart
2021-11-19T10:23:49,975|[TRACE] graph - -----> statementPart
2021-11-19T10:23:49,975|[TRACE] graph - -------> nonSkippedSpace
2021-11-19T10:23:49,975|[TRACE] script - #out(` `) [token]
2021-11-19T10:23:49,975|[TRACE] graph - <------- nonSkippedSpace
2021-11-19T10:23:49,975|[TRACE] graph - <----- statementPart
2021-11-19T10:23:49,975|[TRACE] graph - -----> statementPart
2021-11-19T10:23:49,975|[TRACE] graph - -------> nonSkippedChar
2021-11-19T10:23:49,975|[TRACE] script - #out(`I`) [token]
2021-11-19T10:23:49,975|[TRACE] graph - <------- nonSkippedChar
2021-11-19T10:23:49,975|[TRACE] graph - <----- statementPart
2021-11-19T10:23:49,975|[TRACE] graph - -----> statementPart
2021-11-19T10:23:49,975|[TRACE] graph - -------> nonSkippedChar
2021-11-19T10:23:49,975|[TRACE] script - #out(`n`) [token]
2021-11-19T10:23:49,975|[TRACE] graph - <------- nonSkippedChar
2021-11-19T10:23:49,975|[TRACE] graph - <----- statementPart
2021-11-19T10:23:49,975|[TRACE] graph - -----> statementPart
2021-11-19T10:23:49,975|[TRACE] graph - -------> nonSkippedChar
2021-11-19T10:23:49,975|[TRACE] script - #out(`n`) [token]
2021-11-19T10:23:49,975|[TRACE] graph - <------- nonSkippedChar
2021-11-19T10:23:49,975|[TRACE] graph - <----- statementPart
2021-11-19T10:23:49,975|[TRACE] graph - -----> statementPart
2021-11-19T10:23:49,975|[TRACE] graph - -------> nonSkippedChar
2021-11-19T10:23:49,975|[TRACE] script - #out(`o`) [token]
2021-11-19T10:23:49,975|[TRACE] graph - <------- nonSkippedChar
2021-11-19T10:23:49,975|[TRACE] graph - <----- statementPart
2021-11-19T10:23:49,975|[TRACE] graph - -----> statementPart
2021-11-19T10:23:49,975|[TRACE] graph - -------> nonSkippedChar
2021-11-19T10:23:49,975|[TRACE] script - #out(`D`) [token]
2021-11-19T10:23:49,975|[TRACE] graph - <------- nonSkippedChar
2021-11-19T10:23:49,975|[TRACE] graph - <----- statementPart
2021-11-19T10:23:49,975|[TRACE] graph - -----> statementPart
2021-11-19T10:23:49,975|[TRACE] graph - -------> nonSkippedChar
2021-11-19T10:23:49,975|[TRACE] script - #out(`B`) [token]
2021-11-19T10:23:49,975|[TRACE] graph - <------- nonSkippedChar
2021-11-19T10:23:49,975|[TRACE] graph - <----- statementPart
2021-11-19T10:23:49,975|[DEBUG] graph - Import statement : CREATE TABLE IF NOT EXISTS `bloodbank`.`blood_donation` (   `donation_id` INT NOT NULL AUTO_INCREMENT,   `bank_id` INT NOT NULL,   `milliliters` INT NOT NULL,   `blood_group` CHAR(2) NOT NULL,   `rhd` BIT(1) NOT NULL,   `created` BIGINT NOT NULL DEFAULT (unix_timestamp(now()) * 1000),   `updated` BIGINT NOT NULL DEFAULT (unix_timestamp(now()) * 1000),   `version` INT NOT NULL DEFAULT 1,   PRIMARY KEY (`donation_id`),   INDEX `fk_blood_donation_blood_bank1_idx` (`bank_id` ASC) VISIBLE,   CONSTRAINT `fk_blood_donation_blood_bank1`     FOREIGN KEY (`bank_id`)     REFERENCES `bloodbank`.`blood_bank` (`bank_id`)     ON DELETE NO ACTION     ON UPDATE NO ACTION) ENGINE = InnoDB
2021-11-19T10:23:49,975|[TRACE] graph - <--- statement
2021-11-19T10:23:49,975|[TRACE] graph - ---> blankSpacesToSkip
2021-11-19T10:23:49,975|[TRACE] graph - -----> newLineToSkip
2021-11-19T10:23:49,975|[TRACE] graph - <----- newLineToSkip
2021-11-19T10:23:49,975|[TRACE] graph - -----> newLineToSkip
2021-11-19T10:23:49,975|[TRACE] graph - <----- newLineToSkip
2021-11-19T10:23:49,975|[TRACE] graph - -----> newLineToSkip
2021-11-19T10:23:49,975|[TRACE] graph - <----- newLineToSkip
2021-11-19T10:23:49,975|[TRACE] graph - -----> newLineToSkip
2021-11-19T10:23:49,975|[TRACE] graph - <----- newLineToSkip
2021-11-19T10:23:49,975|[TRACE] graph - -----> newLineToSkip
2021-11-19T10:23:49,975|[TRACE] graph - <----- newLineToSkip
2021-11-19T10:23:49,975|[TRACE] graph - -----> newLineToSkip
2021-11-19T10:23:49,975|[TRACE] graph - <----- newLineToSkip
2021-11-19T10:23:49,975|[TRACE] graph - <--- blankSpacesToSkip
2021-11-19T10:23:49,975|[TRACE] graph - ---> statement
2021-11-19T10:23:49,975|[TRACE] graph - -----> statementFirstPart
2021-11-19T10:23:49,975|[TRACE] graph - -------> nonSkippedChar
2021-11-19T10:23:49,975|[TRACE] script - #out(`C`) [token]
2021-11-19T10:23:49,975|[TRACE] graph - <------- nonSkippedChar
2021-11-19T10:23:49,975|[TRACE] graph - <----- statementFirstPart
2021-11-19T10:23:50,102|[TRACE] graph - -----> statementPart
2021-11-19T10:23:50,103|[TRACE] graph - -------> nonSkippedChar
2021-11-19T10:23:50,103|[TRACE] script - #out(`R`) [token]
2021-11-19T10:23:50,103|[TRACE] graph - <------- nonSkippedChar
2021-11-19T10:23:50,103|[TRACE] graph - <----- statementPart
2021-11-19T10:23:50,103|[TRACE] graph - -----> statementPart
2021-11-19T10:23:50,103|[TRACE] graph - -------> nonSkippedChar
2021-11-19T10:23:50,103|[TRACE] script - #out(`E`) [token]
2021-11-19T10:23:50,103|[TRACE] graph - <------- nonSkippedChar
2021-11-19T10:23:50,103|[TRACE] graph - <----- statementPart
2021-11-19T10:23:50,103|[TRACE] graph - -----> statementPart
2021-11-19T10:23:50,103|[TRACE] graph - -------> nonSkippedChar
2021-11-19T10:23:50,103|[TRACE] script - #out(`A`) [token]
2021-11-19T10:23:50,103|[TRACE] graph - <------- nonSkippedChar
2021-11-19T10:23:50,103|[TRACE] graph - <----- statementPart
2021-11-19T10:23:50,103|[TRACE] graph - -----> statementPart
2021-11-19T10:23:50,103|[TRACE] graph - -------> nonSkippedChar
2021-11-19T10:23:50,103|[TRACE] script - #out(`T`) [token]
2021-11-19T10:23:50,103|[TRACE] graph - <------- nonSkippedChar
2021-11-19T10:23:50,103|[TRACE] graph - <----- statementPart
2021-11-19T10:23:50,103|[TRACE] graph - -----> statementPart
2021-11-19T10:23:50,103|[TRACE] graph - -------> nonSkippedChar
2021-11-19T10:23:50,103|[TRACE] script - #out(`E`) [token]
2021-11-19T10:23:50,103|[TRACE] graph - <------- nonSkippedChar
2021-11-19T10:23:50,103|[TRACE] graph - <----- statementPart
2021-11-19T10:23:50,103|[TRACE] graph - -----> statementPart
2021-11-19T10:23:50,103|[TRACE] graph - -------> nonSkippedSpace
2021-11-19T10:23:50,103|[TRACE] script - #out(` `) [token]
2021-11-19T10:23:50,103|[TRACE] graph - <------- nonSkippedSpace
2021-11-19T10:23:50,103|[TRACE] graph - <----- statementPart
2021-11-19T10:23:50,103|[TRACE] graph - -----> statementPart
2021-11-19T10:23:50,103|[TRACE] graph - -------> nonSkippedChar
2021-11-19T10:23:50,103|[TRACE] script - #out(`T`) [token]
2021-11-19T10:23:50,103|[TRACE] graph - <------- nonSkippedChar
2021-11-19T10:23:50,103|[TRACE] graph - <----- statementPart
2021-11-19T10:23:50,103|[TRACE] graph - -----> statementPart
2021-11-19T10:23:50,103|[TRACE] graph - -------> nonSkippedChar
2021-11-19T10:23:50,103|[TRACE] script - #out(`A`) [token]
2021-11-19T10:23:50,103|[TRACE] graph - <------- nonSkippedChar
2021-11-19T10:23:50,103|[TRACE] graph - <----- statementPart
2021-11-19T10:23:50,103|[TRACE] graph - -----> statementPart
2021-11-19T10:23:50,103|[TRACE] graph - -------> nonSkippedChar
2021-11-19T10:23:50,103|[TRACE] script - #out(`B`) [token]
2021-11-19T10:23:50,103|[TRACE] graph - <------- nonSkippedChar
2021-11-19T10:23:50,103|[TRACE] graph - <----- statementPart
2021-11-19T10:23:50,103|[TRACE] graph - -----> statementPart
2021-11-19T10:23:50,103|[TRACE] graph - -------> nonSkippedChar
2021-11-19T10:23:50,103|[TRACE] script - #out(`L`) [token]
2021-11-19T10:23:50,103|[TRACE] graph - <------- nonSkippedChar
2021-11-19T10:23:50,103|[TRACE] graph - <----- statementPart
2021-11-19T10:23:50,103|[TRACE] graph - -----> statementPart
2021-11-19T10:23:50,103|[TRACE] graph - -------> nonSkippedChar
2021-11-19T10:23:50,103|[TRACE] script - #out(`E`) [token]
2021-11-19T10:23:50,103|[TRACE] graph - <------- nonSkippedChar
2021-11-19T10:23:50,103|[TRACE] graph - <----- statementPart
2021-11-19T10:23:50,103|[TRACE] graph - -----> statementPart
2021-11-19T10:23:50,103|[TRACE] graph - -------> nonSkippedSpace
2021-11-19T10:23:50,103|[TRACE] script - #out(` `) [token]
2021-11-19T10:23:50,103|[TRACE] graph - <------- nonSkippedSpace
2021-11-19T10:23:50,103|[TRACE] graph - <----- statementPart
2021-11-19T10:23:50,103|[TRACE] graph - -----> statementPart
2021-11-19T10:23:50,103|[TRACE] graph - -------> nonSkippedChar
2021-11-19T10:23:50,103|[TRACE] script - #out(`I`) [token]
2021-11-19T10:23:50,103|[TRACE] graph - <------- nonSkippedChar
2021-11-19T10:23:50,103|[TRACE] graph - <----- statementPart
2021-11-19T10:23:50,103|[TRACE] graph - -----> statementPart
2021-11-19T10:23:50,103|[TRACE] graph - -------> nonSkippedChar
2021-11-19T10:23:50,103|[TRACE] script - #out(`F`) [token]
2021-11-19T10:23:50,103|[TRACE] graph - <------- nonSkippedChar
2021-11-19T10:23:50,103|[TRACE] graph - <----- statementPart
2021-11-19T10:23:50,103|[TRACE] graph - -----> statementPart
2021-11-19T10:23:50,103|[TRACE] graph - -------> nonSkippedSpace
2021-11-19T10:23:50,103|[TRACE] script - #out(` `) [token]
2021-11-19T10:23:50,103|[TRACE] graph - <------- nonSkippedSpace
2021-11-19T10:23:50,103|[TRACE] graph - <----- statementPart
2021-11-19T10:23:50,103|[TRACE] graph - -----> statementPart
2021-11-19T10:23:50,103|[TRACE] graph - -------> nonSkippedChar
2021-11-19T10:23:50,103|[TRACE] script - #out(`N`) [token]
2021-11-19T10:23:50,103|[TRACE] graph - <------- nonSkippedChar
2021-11-19T10:23:50,103|[TRACE] graph - <----- statementPart
2021-11-19T10:23:50,103|[TRACE] graph - -----> statementPart
2021-11-19T10:23:50,103|[TRACE] graph - -------> nonSkippedChar
2021-11-19T10:23:50,103|[TRACE] script - #out(`O`) [token]
2021-11-19T10:23:50,103|[TRACE] graph - <------- nonSkippedChar
2021-11-19T10:23:50,103|[TRACE] graph - <----- statementPart
2021-11-19T10:23:50,103|[TRACE] graph - -----> statementPart
2021-11-19T10:23:50,103|[TRACE] graph - -------> nonSkippedChar
2021-11-19T10:23:50,103|[TRACE] script - #out(`T`) [token]
2021-11-19T10:23:50,103|[TRACE] graph - <------- nonSkippedChar
2021-11-19T10:23:50,103|[TRACE] graph - <----- statementPart
2021-11-19T10:23:50,103|[TRACE] graph - -----> statementPart
2021-11-19T10:23:50,103|[TRACE] graph - -------> nonSkippedSpace
2021-11-19T10:23:50,103|[TRACE] script - #out(` `) [token]
2021-11-19T10:23:50,103|[TRACE] graph - <------- nonSkippedSpace
2021-11-19T10:23:50,103|[TRACE] graph - <----- statementPart
2021-11-19T10:23:50,103|[TRACE] graph - -----> statementPart
2021-11-19T10:23:50,103|[TRACE] graph - -------> nonSkippedChar
2021-11-19T10:23:50,103|[TRACE] script - #out(`E`) [token]
2021-11-19T10:23:50,103|[TRACE] graph - <------- nonSkippedChar
2021-11-19T10:23:50,103|[TRACE] graph - <----- statementPart
2021-11-19T10:23:50,103|[TRACE] graph - -----> statementPart
2021-11-19T10:23:50,103|[TRACE] graph - -------> nonSkippedChar
2021-11-19T10:23:50,103|[TRACE] script - #out(`X`) [token]
2021-11-19T10:23:50,103|[TRACE] graph - <------- nonSkippedChar
2021-11-19T10:23:50,103|[TRACE] graph - <----- statementPart
2021-11-19T10:23:50,103|[TRACE] graph - -----> statementPart
2021-11-19T10:23:50,103|[TRACE] graph - -------> nonSkippedChar
2021-11-19T10:23:50,103|[TRACE] script - #out(`I`) [token]
2021-11-19T10:23:50,103|[TRACE] graph - <------- nonSkippedChar
2021-11-19T10:23:50,103|[TRACE] graph - <----- statementPart
2021-11-19T10:23:50,103|[TRACE] graph - -----> statementPart
2021-11-19T10:23:50,103|[TRACE] graph - -------> nonSkippedChar
2021-11-19T10:23:50,103|[TRACE] script - #out(`S`) [token]
2021-11-19T10:23:50,103|[TRACE] graph - <------- nonSkippedChar
2021-11-19T10:23:50,103|[TRACE] graph - <----- statementPart
2021-11-19T10:23:50,103|[TRACE] graph - -----> statementPart
2021-11-19T10:23:50,103|[TRACE] graph - -------> nonSkippedChar
2021-11-19T10:23:50,103|[TRACE] script - #out(`T`) [token]
2021-11-19T10:23:50,103|[TRACE] graph - <------- nonSkippedChar
2021-11-19T10:23:50,103|[TRACE] graph - <----- statementPart
2021-11-19T10:23:50,103|[TRACE] graph - -----> statementPart
2021-11-19T10:23:50,103|[TRACE] graph - -------> nonSkippedChar
2021-11-19T10:23:50,103|[TRACE] script - #out(`S`) [token]
2021-11-19T10:23:50,103|[TRACE] graph - <------- nonSkippedChar
2021-11-19T10:23:50,103|[TRACE] graph - <----- statementPart
2021-11-19T10:23:50,103|[TRACE] graph - -----> statementPart
2021-11-19T10:23:50,103|[TRACE] graph - -------> nonSkippedSpace
2021-11-19T10:23:50,103|[TRACE] script - #out(` `) [token]
2021-11-19T10:23:50,103|[TRACE] graph - <------- nonSkippedSpace
2021-11-19T10:23:50,103|[TRACE] graph - <----- statementPart
2021-11-19T10:23:50,103|[TRACE] graph - -----> statementPart
2021-11-19T10:23:50,103|[TRACE] graph - -------> quotedString
2021-11-19T10:23:50,103|[TRACE] script - #out(``bloodbank``) [token]
2021-11-19T10:23:50,103|[TRACE] graph - <------- quotedString
2021-11-19T10:23:50,103|[TRACE] graph - <----- statementPart
2021-11-19T10:23:50,103|[TRACE] graph - -----> statementPart
2021-11-19T10:23:50,103|[TRACE] graph - -------> nonSkippedChar
2021-11-19T10:23:50,103|[TRACE] script - #out(`.`) [token]
2021-11-19T10:23:50,103|[TRACE] graph - <------- nonSkippedChar
2021-11-19T10:23:50,103|[TRACE] graph - <----- statementPart
2021-11-19T10:23:50,103|[TRACE] graph - -----> statementPart
2021-11-19T10:23:50,103|[TRACE] graph - -------> quotedString
2021-11-19T10:23:50,103|[TRACE] script - #out(``donation_record``) [token]
2021-11-19T10:23:50,103|[TRACE] graph - <------- quotedString
2021-11-19T10:23:50,103|[TRACE] graph - <----- statementPart
2021-11-19T10:23:50,103|[TRACE] graph - -----> statementPart
2021-11-19T10:23:50,103|[TRACE] graph - -------> nonSkippedSpace
2021-11-19T10:23:50,103|[TRACE] script - #out(` `) [token]
2021-11-19T10:23:50,103|[TRACE] graph - <------- nonSkippedSpace
2021-11-19T10:23:50,103|[TRACE] graph - <----- statementPart
2021-11-19T10:23:50,103|[TRACE] graph - -----> statementPart
2021-11-19T10:23:50,103|[TRACE] graph - -------> nonSkippedChar
2021-11-19T10:23:50,103|[TRACE] script - #out(`(`) [token]
2021-11-19T10:23:50,103|[TRACE] graph - <------- nonSkippedChar
2021-11-19T10:23:50,103|[TRACE] graph - <----- statementPart
2021-11-19T10:23:50,103|[TRACE] graph - -----> afterStatementPartNewline
2021-11-19T10:23:50,103|[TRACE] script - #out(` `) [text]
2021-11-19T10:23:50,103|[TRACE] graph - <----- afterStatementPartNewline
2021-11-19T10:23:50,103|[TRACE] graph - -----> statementPart
2021-11-19T10:23:50,103|[TRACE] graph - -------> nonSkippedSpace
2021-11-19T10:23:50,103|[TRACE] script - #out(` `) [token]
2021-11-19T10:23:50,103|[TRACE] graph - <------- nonSkippedSpace
2021-11-19T10:23:50,103|[TRACE] graph - <----- statementPart
2021-11-19T10:23:50,103|[TRACE] graph - -----> statementPart
2021-11-19T10:23:50,103|[TRACE] graph - -------> nonSkippedSpace
2021-11-19T10:23:50,103|[TRACE] script - #out(` `) [token]
2021-11-19T10:23:50,103|[TRACE] graph - <------- nonSkippedSpace
2021-11-19T10:23:50,103|[TRACE] graph - <----- statementPart
2021-11-19T10:23:50,103|[TRACE] graph - -----> statementPart
2021-11-19T10:23:50,103|[TRACE] graph - -------> quotedString
2021-11-19T10:23:50,103|[TRACE] script - #out(``record_id``) [token]
2021-11-19T10:23:50,103|[TRACE] graph - <------- quotedString
2021-11-19T10:23:50,103|[TRACE] graph - <----- statementPart
2021-11-19T10:23:50,103|[TRACE] graph - -----> statementPart
2021-11-19T10:23:50,103|[TRACE] graph - -------> nonSkippedSpace
2021-11-19T10:23:50,103|[TRACE] script - #out(` `) [token]
2021-11-19T10:23:50,103|[TRACE] graph - <------- nonSkippedSpace
2021-11-19T10:23:50,103|[TRACE] graph - <----- statementPart
2021-11-19T10:23:50,103|[TRACE] graph - -----> statementPart
2021-11-19T10:23:50,103|[TRACE] graph - -------> nonSkippedChar
2021-11-19T10:23:50,103|[TRACE] script - #out(`I`) [token]
2021-11-19T10:23:50,103|[TRACE] graph - <------- nonSkippedChar
2021-11-19T10:23:50,103|[TRACE] graph - <----- statementPart
2021-11-19T10:23:50,103|[TRACE] graph - -----> statementPart
2021-11-19T10:23:50,103|[TRACE] graph - -------> nonSkippedChar
2021-11-19T10:23:50,103|[TRACE] script - #out(`N`) [token]
2021-11-19T10:23:50,103|[TRACE] graph - <------- nonSkippedChar
2021-11-19T10:23:50,103|[TRACE] graph - <----- statementPart
2021-11-19T10:23:50,103|[TRACE] graph - -----> statementPart
2021-11-19T10:23:50,103|[TRACE] graph - -------> nonSkippedChar
2021-11-19T10:23:50,103|[TRACE] script - #out(`T`) [token]
2021-11-19T10:23:50,103|[TRACE] graph - <------- nonSkippedChar
2021-11-19T10:23:50,103|[TRACE] graph - <----- statementPart
2021-11-19T10:23:50,103|[TRACE] graph - -----> statementPart
2021-11-19T10:23:50,103|[TRACE] graph - -------> nonSkippedSpace
2021-11-19T10:23:50,103|[TRACE] script - #out(` `) [token]
2021-11-19T10:23:50,103|[TRACE] graph - <------- nonSkippedSpace
2021-11-19T10:23:50,103|[TRACE] graph - <----- statementPart
2021-11-19T10:23:50,103|[TRACE] graph - -----> statementPart
2021-11-19T10:23:50,103|[TRACE] graph - -------> nonSkippedChar
2021-11-19T10:23:50,103|[TRACE] script - #out(`N`) [token]
2021-11-19T10:23:50,103|[TRACE] graph - <------- nonSkippedChar
2021-11-19T10:23:50,103|[TRACE] graph - <----- statementPart
2021-11-19T10:23:50,103|[TRACE] graph - -----> statementPart
2021-11-19T10:23:50,103|[TRACE] graph - -------> nonSkippedChar
2021-11-19T10:23:50,103|[TRACE] script - #out(`O`) [token]
2021-11-19T10:23:50,103|[TRACE] graph - <------- nonSkippedChar
2021-11-19T10:23:50,103|[TRACE] graph - <----- statementPart
2021-11-19T10:23:50,103|[TRACE] graph - -----> statementPart
2021-11-19T10:23:50,103|[TRACE] graph - -------> nonSkippedChar
2021-11-19T10:23:50,103|[TRACE] script - #out(`T`) [token]
2021-11-19T10:23:50,103|[TRACE] graph - <------- nonSkippedChar
2021-11-19T10:23:50,103|[TRACE] graph - <----- statementPart
2021-11-19T10:23:50,103|[TRACE] graph - -----> statementPart
2021-11-19T10:23:50,103|[TRACE] graph - -------> nonSkippedSpace
2021-11-19T10:23:50,103|[TRACE] script - #out(` `) [token]
2021-11-19T10:23:50,103|[TRACE] graph - <------- nonSkippedSpace
2021-11-19T10:23:50,103|[TRACE] graph - <----- statementPart
2021-11-19T10:23:50,103|[TRACE] graph - -----> statementPart
2021-11-19T10:23:50,103|[TRACE] graph - -------> nonSkippedChar
2021-11-19T10:23:50,103|[TRACE] script - #out(`N`) [token]
2021-11-19T10:23:50,103|[TRACE] graph - <------- nonSkippedChar
2021-11-19T10:23:50,103|[TRACE] graph - <----- statementPart
2021-11-19T10:23:50,103|[TRACE] graph - -----> statementPart
2021-11-19T10:23:50,103|[TRACE] graph - -------> nonSkippedChar
2021-11-19T10:23:50,103|[TRACE] script - #out(`U`) [token]
2021-11-19T10:23:50,103|[TRACE] graph - <------- nonSkippedChar
2021-11-19T10:23:50,103|[TRACE] graph - <----- statementPart
2021-11-19T10:23:50,103|[TRACE] graph - -----> statementPart
2021-11-19T10:23:50,103|[TRACE] graph - -------> nonSkippedChar
2021-11-19T10:23:50,103|[TRACE] script - #out(`L`) [token]
2021-11-19T10:23:50,103|[TRACE] graph - <------- nonSkippedChar
2021-11-19T10:23:50,103|[TRACE] graph - <----- statementPart
2021-11-19T10:23:50,103|[TRACE] graph - -----> statementPart
2021-11-19T10:23:50,103|[TRACE] graph - -------> nonSkippedChar
2021-11-19T10:23:50,103|[TRACE] script - #out(`L`) [token]
2021-11-19T10:23:50,103|[TRACE] graph - <------- nonSkippedChar
2021-11-19T10:23:50,103|[TRACE] graph - <----- statementPart
2021-11-19T10:23:50,103|[TRACE] graph - -----> statementPart
2021-11-19T10:23:50,103|[TRACE] graph - -------> nonSkippedSpace
2021-11-19T10:23:50,103|[TRACE] script - #out(` `) [token]
2021-11-19T10:23:50,103|[TRACE] graph - <------- nonSkippedSpace
2021-11-19T10:23:50,103|[TRACE] graph - <----- statementPart
2021-11-19T10:23:50,103|[TRACE] graph - -----> statementPart
2021-11-19T10:23:50,103|[TRACE] graph - -------> nonSkippedChar
2021-11-19T10:23:50,103|[TRACE] script - #out(`A`) [token]
2021-11-19T10:23:50,103|[TRACE] graph - <------- nonSkippedChar
2021-11-19T10:23:50,103|[TRACE] graph - <----- statementPart
2021-11-19T10:23:50,103|[TRACE] graph - -----> statementPart
2021-11-19T10:23:50,103|[TRACE] graph - -------> nonSkippedChar
2021-11-19T10:23:50,103|[TRACE] script - #out(`U`) [token]
2021-11-19T10:23:50,103|[TRACE] graph - <------- nonSkippedChar
2021-11-19T10:23:50,103|[TRACE] graph - <----- statementPart
2021-11-19T10:23:50,103|[TRACE] graph - -----> statementPart
2021-11-19T10:23:50,103|[TRACE] graph - -------> nonSkippedChar
2021-11-19T10:23:50,103|[TRACE] script - #out(`T`) [token]
2021-11-19T10:23:50,103|[TRACE] graph - <------- nonSkippedChar
2021-11-19T10:23:50,103|[TRACE] graph - <----- statementPart
2021-11-19T10:23:50,103|[TRACE] graph - -----> statementPart
2021-11-19T10:23:50,103|[TRACE] graph - -------> nonSkippedChar
2021-11-19T10:23:50,103|[TRACE] script - #out(`O`) [token]
2021-11-19T10:23:50,103|[TRACE] graph - <------- nonSkippedChar
2021-11-19T10:23:50,103|[TRACE] graph - <----- statementPart
2021-11-19T10:23:50,103|[TRACE] graph - -----> statementPart
2021-11-19T10:23:50,103|[TRACE] graph - -------> nonSkippedChar
2021-11-19T10:23:50,103|[TRACE] script - #out(`_`) [token]
2021-11-19T10:23:50,103|[TRACE] graph - <------- nonSkippedChar
2021-11-19T10:23:50,103|[TRACE] graph - <----- statementPart
2021-11-19T10:23:50,103|[TRACE] graph - -----> statementPart
2021-11-19T10:23:50,103|[TRACE] graph - -------> nonSkippedChar
2021-11-19T10:23:50,103|[TRACE] script - #out(`I`) [token]
2021-11-19T10:23:50,103|[TRACE] graph - <------- nonSkippedChar
2021-11-19T10:23:50,103|[TRACE] graph - <----- statementPart
2021-11-19T10:23:50,103|[TRACE] graph - -----> statementPart
2021-11-19T10:23:50,103|[TRACE] graph - -------> nonSkippedChar
2021-11-19T10:23:50,103|[TRACE] script - #out(`N`) [token]
2021-11-19T10:23:50,103|[TRACE] graph - <------- nonSkippedChar
2021-11-19T10:23:50,103|[TRACE] graph - <----- statementPart
2021-11-19T10:23:50,103|[TRACE] graph - -----> statementPart
2021-11-19T10:23:50,103|[TRACE] graph - -------> nonSkippedChar
2021-11-19T10:23:50,103|[TRACE] script - #out(`C`) [token]
2021-11-19T10:23:50,103|[TRACE] graph - <------- nonSkippedChar
2021-11-19T10:23:50,103|[TRACE] graph - <----- statementPart
2021-11-19T10:23:50,104|[TRACE] graph - -----> statementPart
2021-11-19T10:23:50,104|[TRACE] graph - -------> nonSkippedChar
2021-11-19T10:23:50,104|[TRACE] script - #out(`R`) [token]
2021-11-19T10:23:50,104|[TRACE] graph - <------- nonSkippedChar
2021-11-19T10:23:50,104|[TRACE] graph - <----- statementPart
2021-11-19T10:23:50,104|[TRACE] graph - -----> statementPart
2021-11-19T10:23:50,104|[TRACE] graph - -------> nonSkippedChar
2021-11-19T10:23:50,104|[TRACE] script - #out(`E`) [token]
2021-11-19T10:23:50,104|[TRACE] graph - <------- nonSkippedChar
2021-11-19T10:23:50,104|[TRACE] graph - <----- statementPart
2021-11-19T10:23:50,104|[TRACE] graph - -----> statementPart
2021-11-19T10:23:50,104|[TRACE] graph - -------> nonSkippedChar
2021-11-19T10:23:50,104|[TRACE] script - #out(`M`) [token]
2021-11-19T10:23:50,104|[TRACE] graph - <------- nonSkippedChar
2021-11-19T10:23:50,104|[TRACE] graph - <----- statementPart
2021-11-19T10:23:50,104|[TRACE] graph - -----> statementPart
2021-11-19T10:23:50,104|[TRACE] graph - -------> nonSkippedChar
2021-11-19T10:23:50,104|[TRACE] script - #out(`E`) [token]
2021-11-19T10:23:50,104|[TRACE] graph - <------- nonSkippedChar
2021-11-19T10:23:50,104|[TRACE] graph - <----- statementPart
2021-11-19T10:23:50,104|[TRACE] graph - -----> statementPart
2021-11-19T10:23:50,104|[TRACE] graph - -------> nonSkippedChar
2021-11-19T10:23:50,104|[TRACE] script - #out(`N`) [token]
2021-11-19T10:23:50,104|[TRACE] graph - <------- nonSkippedChar
2021-11-19T10:23:50,104|[TRACE] graph - <----- statementPart
2021-11-19T10:23:50,104|[TRACE] graph - -----> statementPart
2021-11-19T10:23:50,104|[TRACE] graph - -------> nonSkippedChar
2021-11-19T10:23:50,104|[TRACE] script - #out(`T`) [token]
2021-11-19T10:23:50,104|[TRACE] graph - <------- nonSkippedChar
2021-11-19T10:23:50,104|[TRACE] graph - <----- statementPart
2021-11-19T10:23:50,104|[TRACE] graph - -----> statementPart
2021-11-19T10:23:50,104|[TRACE] graph - -------> nonSkippedChar
2021-11-19T10:23:50,104|[TRACE] script - #out(`,`) [token]
2021-11-19T10:23:50,104|[TRACE] graph - <------- nonSkippedChar
2021-11-19T10:23:50,104|[TRACE] graph - <----- statementPart
2021-11-19T10:23:50,104|[TRACE] graph - -----> afterStatementPartNewline
2021-11-19T10:23:50,104|[TRACE] script - #out(` `) [text]
2021-11-19T10:23:50,104|[TRACE] graph - <----- afterStatementPartNewline
2021-11-19T10:23:50,104|[TRACE] graph - -----> statementPart
2021-11-19T10:23:50,104|[TRACE] graph - -------> nonSkippedSpace
2021-11-19T10:23:50,104|[TRACE] script - #out(` `) [token]
2021-11-19T10:23:50,104|[TRACE] graph - <------- nonSkippedSpace
2021-11-19T10:23:50,104|[TRACE] graph - <----- statementPart
2021-11-19T10:23:50,104|[TRACE] graph - -----> statementPart
2021-11-19T10:23:50,104|[TRACE] graph - -------> nonSkippedSpace
2021-11-19T10:23:50,104|[TRACE] script - #out(` `) [token]
2021-11-19T10:23:50,104|[TRACE] graph - <------- nonSkippedSpace
2021-11-19T10:23:50,104|[TRACE] graph - <----- statementPart
2021-11-19T10:23:50,104|[TRACE] graph - -----> statementPart
2021-11-19T10:23:50,104|[TRACE] graph - -------> quotedString
2021-11-19T10:23:50,104|[TRACE] script - #out(``person_id``) [token]
2021-11-19T10:23:50,104|[TRACE] graph - <------- quotedString
2021-11-19T10:23:50,104|[TRACE] graph - <----- statementPart
2021-11-19T10:23:50,104|[TRACE] graph - -----> statementPart
2021-11-19T10:23:50,104|[TRACE] graph - -------> nonSkippedSpace
2021-11-19T10:23:50,104|[TRACE] script - #out(` `) [token]
2021-11-19T10:23:50,104|[TRACE] graph - <------- nonSkippedSpace
2021-11-19T10:23:50,104|[TRACE] graph - <----- statementPart
2021-11-19T10:23:50,104|[TRACE] graph - -----> statementPart
2021-11-19T10:23:50,104|[TRACE] graph - -------> nonSkippedChar
2021-11-19T10:23:50,104|[TRACE] script - #out(`I`) [token]
2021-11-19T10:23:50,104|[TRACE] graph - <------- nonSkippedChar
2021-11-19T10:23:50,104|[TRACE] graph - <----- statementPart
2021-11-19T10:23:50,104|[TRACE] graph - -----> statementPart
2021-11-19T10:23:50,104|[TRACE] graph - -------> nonSkippedChar
2021-11-19T10:23:50,104|[TRACE] script - #out(`N`) [token]
2021-11-19T10:23:50,104|[TRACE] graph - <------- nonSkippedChar
2021-11-19T10:23:50,104|[TRACE] graph - <----- statementPart
2021-11-19T10:23:50,104|[TRACE] graph - -----> statementPart
2021-11-19T10:23:50,104|[TRACE] graph - -------> nonSkippedChar
2021-11-19T10:23:50,104|[TRACE] script - #out(`T`) [token]
2021-11-19T10:23:50,104|[TRACE] graph - <------- nonSkippedChar
2021-11-19T10:23:50,104|[TRACE] graph - <----- statementPart
2021-11-19T10:23:50,104|[TRACE] graph - -----> statementPart
2021-11-19T10:23:50,104|[TRACE] graph - -------> nonSkippedSpace
2021-11-19T10:23:50,104|[TRACE] script - #out(` `) [token]
2021-11-19T10:23:50,104|[TRACE] graph - <------- nonSkippedSpace
2021-11-19T10:23:50,104|[TRACE] graph - <----- statementPart
2021-11-19T10:23:50,104|[TRACE] graph - -----> statementPart
2021-11-19T10:23:50,104|[TRACE] graph - -------> nonSkippedChar
2021-11-19T10:23:50,104|[TRACE] script - #out(`N`) [token]
2021-11-19T10:23:50,104|[TRACE] graph - <------- nonSkippedChar
2021-11-19T10:23:50,104|[TRACE] graph - <----- statementPart
2021-11-19T10:23:50,104|[TRACE] graph - -----> statementPart
2021-11-19T10:23:50,104|[TRACE] graph - -------> nonSkippedChar
2021-11-19T10:23:50,104|[TRACE] script - #out(`O`) [token]
2021-11-19T10:23:50,104|[TRACE] graph - <------- nonSkippedChar
2021-11-19T10:23:50,104|[TRACE] graph - <----- statementPart
2021-11-19T10:23:50,104|[TRACE] graph - -----> statementPart
2021-11-19T10:23:50,104|[TRACE] graph - -------> nonSkippedChar
2021-11-19T10:23:50,104|[TRACE] script - #out(`T`) [token]
2021-11-19T10:23:50,104|[TRACE] graph - <------- nonSkippedChar
2021-11-19T10:23:50,104|[TRACE] graph - <----- statementPart
2021-11-19T10:23:50,104|[TRACE] graph - -----> statementPart
2021-11-19T10:23:50,104|[TRACE] graph - -------> nonSkippedSpace
2021-11-19T10:23:50,104|[TRACE] script - #out(` `) [token]
2021-11-19T10:23:50,104|[TRACE] graph - <------- nonSkippedSpace
2021-11-19T10:23:50,104|[TRACE] graph - <----- statementPart
2021-11-19T10:23:50,104|[TRACE] graph - -----> statementPart
2021-11-19T10:23:50,104|[TRACE] graph - -------> nonSkippedChar
2021-11-19T10:23:50,104|[TRACE] script - #out(`N`) [token]
2021-11-19T10:23:50,104|[TRACE] graph - <------- nonSkippedChar
2021-11-19T10:23:50,104|[TRACE] graph - <----- statementPart
2021-11-19T10:23:50,104|[TRACE] graph - -----> statementPart
2021-11-19T10:23:50,104|[TRACE] graph - -------> nonSkippedChar
2021-11-19T10:23:50,104|[TRACE] script - #out(`U`) [token]
2021-11-19T10:23:50,104|[TRACE] graph - <------- nonSkippedChar
2021-11-19T10:23:50,104|[TRACE] graph - <----- statementPart
2021-11-19T10:23:50,104|[TRACE] graph - -----> statementPart
2021-11-19T10:23:50,104|[TRACE] graph - -------> nonSkippedChar
2021-11-19T10:23:50,104|[TRACE] script - #out(`L`) [token]
2021-11-19T10:23:50,104|[TRACE] graph - <------- nonSkippedChar
2021-11-19T10:23:50,104|[TRACE] graph - <----- statementPart
2021-11-19T10:23:50,104|[TRACE] graph - -----> statementPart
2021-11-19T10:23:50,104|[TRACE] graph - -------> nonSkippedChar
2021-11-19T10:23:50,104|[TRACE] script - #out(`L`) [token]
2021-11-19T10:23:50,104|[TRACE] graph - <------- nonSkippedChar
2021-11-19T10:23:50,104|[TRACE] graph - <----- statementPart
2021-11-19T10:23:50,104|[TRACE] graph - -----> statementPart
2021-11-19T10:23:50,104|[TRACE] graph - -------> nonSkippedChar
2021-11-19T10:23:50,104|[TRACE] script - #out(`,`) [token]
2021-11-19T10:23:50,104|[TRACE] graph - <------- nonSkippedChar
2021-11-19T10:23:50,104|[TRACE] graph - <----- statementPart
2021-11-19T10:23:50,104|[TRACE] graph - -----> afterStatementPartNewline
2021-11-19T10:23:50,104|[TRACE] script - #out(` `) [text]
2021-11-19T10:23:50,104|[TRACE] graph - <----- afterStatementPartNewline
2021-11-19T10:23:50,104|[TRACE] graph - -----> statementPart
2021-11-19T10:23:50,104|[TRACE] graph - -------> nonSkippedSpace
2021-11-19T10:23:50,104|[TRACE] script - #out(` `) [token]
2021-11-19T10:23:50,104|[TRACE] graph - <------- nonSkippedSpace
2021-11-19T10:23:50,104|[TRACE] graph - <----- statementPart
2021-11-19T10:23:50,104|[TRACE] graph - -----> statementPart
2021-11-19T10:23:50,104|[TRACE] graph - -------> nonSkippedSpace
2021-11-19T10:23:50,104|[TRACE] script - #out(` `) [token]
2021-11-19T10:23:50,104|[TRACE] graph - <------- nonSkippedSpace
2021-11-19T10:23:50,104|[TRACE] graph - <----- statementPart
2021-11-19T10:23:50,104|[TRACE] graph - -----> statementPart
2021-11-19T10:23:50,104|[TRACE] graph - -------> quotedString
2021-11-19T10:23:50,104|[TRACE] script - #out(``donation_id``) [token]
2021-11-19T10:23:50,104|[TRACE] graph - <------- quotedString
2021-11-19T10:23:50,104|[TRACE] graph - <----- statementPart
2021-11-19T10:23:50,104|[TRACE] graph - -----> statementPart
2021-11-19T10:23:50,104|[TRACE] graph - -------> nonSkippedSpace
2021-11-19T10:23:50,104|[TRACE] script - #out(` `) [token]
2021-11-19T10:23:50,104|[TRACE] graph - <------- nonSkippedSpace
2021-11-19T10:23:50,104|[TRACE] graph - <----- statementPart
2021-11-19T10:23:50,104|[TRACE] graph - -----> statementPart
2021-11-19T10:23:50,104|[TRACE] graph - -------> nonSkippedChar
2021-11-19T10:23:50,104|[TRACE] script - #out(`I`) [token]
2021-11-19T10:23:50,104|[TRACE] graph - <------- nonSkippedChar
2021-11-19T10:23:50,104|[TRACE] graph - <----- statementPart
2021-11-19T10:23:50,104|[TRACE] graph - -----> statementPart
2021-11-19T10:23:50,104|[TRACE] graph - -------> nonSkippedChar
2021-11-19T10:23:50,104|[TRACE] script - #out(`N`) [token]
2021-11-19T10:23:50,104|[TRACE] graph - <------- nonSkippedChar
2021-11-19T10:23:50,104|[TRACE] graph - <----- statementPart
2021-11-19T10:23:50,104|[TRACE] graph - -----> statementPart
2021-11-19T10:23:50,104|[TRACE] graph - -------> nonSkippedChar
2021-11-19T10:23:50,104|[TRACE] script - #out(`T`) [token]
2021-11-19T10:23:50,104|[TRACE] graph - <------- nonSkippedChar
2021-11-19T10:23:50,104|[TRACE] graph - <----- statementPart
2021-11-19T10:23:50,104|[TRACE] graph - -----> statementPart
2021-11-19T10:23:50,104|[TRACE] graph - -------> nonSkippedSpace
2021-11-19T10:23:50,104|[TRACE] script - #out(` `) [token]
2021-11-19T10:23:50,104|[TRACE] graph - <------- nonSkippedSpace
2021-11-19T10:23:50,104|[TRACE] graph - <----- statementPart
2021-11-19T10:23:50,104|[TRACE] graph - -----> statementPart
2021-11-19T10:23:50,104|[TRACE] graph - -------> nonSkippedChar
2021-11-19T10:23:50,104|[TRACE] script - #out(`N`) [token]
2021-11-19T10:23:50,104|[TRACE] graph - <------- nonSkippedChar
2021-11-19T10:23:50,104|[TRACE] graph - <----- statementPart
2021-11-19T10:23:50,104|[TRACE] graph - -----> statementPart
2021-11-19T10:23:50,104|[TRACE] graph - -------> nonSkippedChar
2021-11-19T10:23:50,104|[TRACE] script - #out(`U`) [token]
2021-11-19T10:23:50,104|[TRACE] graph - <------- nonSkippedChar
2021-11-19T10:23:50,104|[TRACE] graph - <----- statementPart
2021-11-19T10:23:50,104|[TRACE] graph - -----> statementPart
2021-11-19T10:23:50,104|[TRACE] graph - -------> nonSkippedChar
2021-11-19T10:23:50,104|[TRACE] script - #out(`L`) [token]
2021-11-19T10:23:50,104|[TRACE] graph - <------- nonSkippedChar
2021-11-19T10:23:50,104|[TRACE] graph - <----- statementPart
2021-11-19T10:23:50,228|[TRACE] graph - -----> statementPart
2021-11-19T10:23:50,228|[TRACE] graph - -------> nonSkippedChar
2021-11-19T10:23:50,228|[TRACE] script - #out(`L`) [token]
2021-11-19T10:23:50,228|[TRACE] graph - <------- nonSkippedChar
2021-11-19T10:23:50,228|[TRACE] graph - <----- statementPart
2021-11-19T10:23:50,228|[TRACE] graph - -----> statementPart
2021-11-19T10:23:50,228|[TRACE] graph - -------> nonSkippedChar
2021-11-19T10:23:50,228|[TRACE] script - #out(`,`) [token]
2021-11-19T10:23:50,228|[TRACE] graph - <------- nonSkippedChar
2021-11-19T10:23:50,228|[TRACE] graph - <----- statementPart
2021-11-19T10:23:50,228|[TRACE] graph - -----> afterStatementPartNewline
2021-11-19T10:23:50,228|[TRACE] script - #out(` `) [text]
2021-11-19T10:23:50,228|[TRACE] graph - <----- afterStatementPartNewline
2021-11-19T10:23:50,228|[TRACE] graph - -----> statementPart
2021-11-19T10:23:50,228|[TRACE] graph - -------> nonSkippedSpace
2021-11-19T10:23:50,228|[TRACE] script - #out(` `) [token]
2021-11-19T10:23:50,228|[TRACE] graph - <------- nonSkippedSpace
2021-11-19T10:23:50,228|[TRACE] graph - <----- statementPart
2021-11-19T10:23:50,228|[TRACE] graph - -----> statementPart
2021-11-19T10:23:50,228|[TRACE] graph - -------> nonSkippedSpace
2021-11-19T10:23:50,228|[TRACE] script - #out(` `) [token]
2021-11-19T10:23:50,228|[TRACE] graph - <------- nonSkippedSpace
2021-11-19T10:23:50,228|[TRACE] graph - <----- statementPart
2021-11-19T10:23:50,228|[TRACE] graph - -----> statementPart
2021-11-19T10:23:50,228|[TRACE] graph - -------> quotedString
2021-11-19T10:23:50,228|[TRACE] script - #out(``tested``) [token]
2021-11-19T10:23:50,228|[TRACE] graph - <------- quotedString
2021-11-19T10:23:50,228|[TRACE] graph - <----- statementPart
2021-11-19T10:23:50,228|[TRACE] graph - -----> statementPart
2021-11-19T10:23:50,228|[TRACE] graph - -------> nonSkippedSpace
2021-11-19T10:23:50,228|[TRACE] script - #out(` `) [token]
2021-11-19T10:23:50,228|[TRACE] graph - <------- nonSkippedSpace
2021-11-19T10:23:50,228|[TRACE] graph - <----- statementPart
2021-11-19T10:23:50,228|[TRACE] graph - -----> statementPart
2021-11-19T10:23:50,228|[TRACE] graph - -------> nonSkippedChar
2021-11-19T10:23:50,228|[TRACE] script - #out(`B`) [token]
2021-11-19T10:23:50,228|[TRACE] graph - <------- nonSkippedChar
2021-11-19T10:23:50,228|[TRACE] graph - <----- statementPart
2021-11-19T10:23:50,228|[TRACE] graph - -----> statementPart
2021-11-19T10:23:50,228|[TRACE] graph - -------> nonSkippedChar
2021-11-19T10:23:50,228|[TRACE] script - #out(`I`) [token]
2021-11-19T10:23:50,228|[TRACE] graph - <------- nonSkippedChar
2021-11-19T10:23:50,228|[TRACE] graph - <----- statementPart
2021-11-19T10:23:50,228|[TRACE] graph - -----> statementPart
2021-11-19T10:23:50,228|[TRACE] graph - -------> nonSkippedChar
2021-11-19T10:23:50,228|[TRACE] script - #out(`T`) [token]
2021-11-19T10:23:50,228|[TRACE] graph - <------- nonSkippedChar
2021-11-19T10:23:50,228|[TRACE] graph - <----- statementPart
2021-11-19T10:23:50,228|[TRACE] graph - -----> statementPart
2021-11-19T10:23:50,228|[TRACE] graph - -------> nonSkippedChar
2021-11-19T10:23:50,228|[TRACE] script - #out(`(`) [token]
2021-11-19T10:23:50,228|[TRACE] graph - <------- nonSkippedChar
2021-11-19T10:23:50,228|[TRACE] graph - <----- statementPart
2021-11-19T10:23:50,228|[TRACE] graph - -----> statementPart
2021-11-19T10:23:50,228|[TRACE] graph - -------> nonSkippedChar
2021-11-19T10:23:50,228|[TRACE] script - #out(`1`) [token]
2021-11-19T10:23:50,228|[TRACE] graph - <------- nonSkippedChar
2021-11-19T10:23:50,228|[TRACE] graph - <----- statementPart
2021-11-19T10:23:50,228|[TRACE] graph - -----> statementPart
2021-11-19T10:23:50,228|[TRACE] graph - -------> nonSkippedChar
2021-11-19T10:23:50,228|[TRACE] script - #out(`)`) [token]
2021-11-19T10:23:50,228|[TRACE] graph - <------- nonSkippedChar
2021-11-19T10:23:50,228|[TRACE] graph - <----- statementPart
2021-11-19T10:23:50,228|[TRACE] graph - -----> statementPart
2021-11-19T10:23:50,228|[TRACE] graph - -------> nonSkippedSpace
2021-11-19T10:23:50,228|[TRACE] script - #out(` `) [token]
2021-11-19T10:23:50,228|[TRACE] graph - <------- nonSkippedSpace
2021-11-19T10:23:50,228|[TRACE] graph - <----- statementPart
2021-11-19T10:23:50,228|[TRACE] graph - -----> statementPart
2021-11-19T10:23:50,228|[TRACE] graph - -------> nonSkippedChar
2021-11-19T10:23:50,228|[TRACE] script - #out(`N`) [token]
2021-11-19T10:23:50,228|[TRACE] graph - <------- nonSkippedChar
2021-11-19T10:23:50,228|[TRACE] graph - <----- statementPart
2021-11-19T10:23:50,228|[TRACE] graph - -----> statementPart
2021-11-19T10:23:50,228|[TRACE] graph - -------> nonSkippedChar
2021-11-19T10:23:50,228|[TRACE] script - #out(`O`) [token]
2021-11-19T10:23:50,228|[TRACE] graph - <------- nonSkippedChar
2021-11-19T10:23:50,228|[TRACE] graph - <----- statementPart
2021-11-19T10:23:50,228|[TRACE] graph - -----> statementPart
2021-11-19T10:23:50,228|[TRACE] graph - -------> nonSkippedChar
2021-11-19T10:23:50,228|[TRACE] script - #out(`T`) [token]
2021-11-19T10:23:50,228|[TRACE] graph - <------- nonSkippedChar
2021-11-19T10:23:50,228|[TRACE] graph - <----- statementPart
2021-11-19T10:23:50,228|[TRACE] graph - -----> statementPart
2021-11-19T10:23:50,228|[TRACE] graph - -------> nonSkippedSpace
2021-11-19T10:23:50,228|[TRACE] script - #out(` `) [token]
2021-11-19T10:23:50,228|[TRACE] graph - <------- nonSkippedSpace
2021-11-19T10:23:50,228|[TRACE] graph - <----- statementPart
2021-11-19T10:23:50,228|[TRACE] graph - -----> statementPart
2021-11-19T10:23:50,228|[TRACE] graph - -------> nonSkippedChar
2021-11-19T10:23:50,228|[TRACE] script - #out(`N`) [token]
2021-11-19T10:23:50,228|[TRACE] graph - <------- nonSkippedChar
2021-11-19T10:23:50,228|[TRACE] graph - <----- statementPart
2021-11-19T10:23:50,228|[TRACE] graph - -----> statementPart
2021-11-19T10:23:50,228|[TRACE] graph - -------> nonSkippedChar
2021-11-19T10:23:50,228|[TRACE] script - #out(`U`) [token]
2021-11-19T10:23:50,228|[TRACE] graph - <------- nonSkippedChar
2021-11-19T10:23:50,228|[TRACE] graph - <----- statementPart
2021-11-19T10:23:50,228|[TRACE] graph - -----> statementPart
2021-11-19T10:23:50,228|[TRACE] graph - -------> nonSkippedChar
2021-11-19T10:23:50,228|[TRACE] script - #out(`L`) [token]
2021-11-19T10:23:50,228|[TRACE] graph - <------- nonSkippedChar
2021-11-19T10:23:50,228|[TRACE] graph - <----- statementPart
2021-11-19T10:23:50,228|[TRACE] graph - -----> statementPart
2021-11-19T10:23:50,228|[TRACE] graph - -------> nonSkippedChar
2021-11-19T10:23:50,228|[TRACE] script - #out(`L`) [token]
2021-11-19T10:23:50,228|[TRACE] graph - <------- nonSkippedChar
2021-11-19T10:23:50,228|[TRACE] graph - <----- statementPart
2021-11-19T10:23:50,228|[TRACE] graph - -----> statementPart
2021-11-19T10:23:50,228|[TRACE] graph - -------> nonSkippedChar
2021-11-19T10:23:50,228|[TRACE] script - #out(`,`) [token]
2021-11-19T10:23:50,228|[TRACE] graph - <------- nonSkippedChar
2021-11-19T10:23:50,228|[TRACE] graph - <----- statementPart
2021-11-19T10:23:50,228|[TRACE] graph - -----> afterStatementPartNewline
2021-11-19T10:23:50,228|[TRACE] script - #out(` `) [text]
2021-11-19T10:23:50,228|[TRACE] graph - <----- afterStatementPartNewline
2021-11-19T10:23:50,228|[TRACE] graph - -----> statementPart
2021-11-19T10:23:50,228|[TRACE] graph - -------> nonSkippedSpace
2021-11-19T10:23:50,228|[TRACE] script - #out(` `) [token]
2021-11-19T10:23:50,228|[TRACE] graph - <------- nonSkippedSpace
2021-11-19T10:23:50,228|[TRACE] graph - <----- statementPart
2021-11-19T10:23:50,229|[TRACE] graph - -----> statementPart
2021-11-19T10:23:50,229|[TRACE] graph - -------> nonSkippedSpace
2021-11-19T10:23:50,229|[TRACE] script - #out(` `) [token]
2021-11-19T10:23:50,229|[TRACE] graph - <------- nonSkippedSpace
2021-11-19T10:23:50,229|[TRACE] graph - <----- statementPart
2021-11-19T10:23:50,229|[TRACE] graph - -----> statementPart
2021-11-19T10:23:50,229|[TRACE] graph - -------> quotedString
2021-11-19T10:23:50,229|[TRACE] script - #out(``created``) [token]
2021-11-19T10:23:50,229|[TRACE] graph - <------- quotedString
2021-11-19T10:23:50,229|[TRACE] graph - <----- statementPart
2021-11-19T10:23:50,229|[TRACE] graph - -----> statementPart
2021-11-19T10:23:50,229|[TRACE] graph - -------> nonSkippedSpace
2021-11-19T10:23:50,229|[TRACE] script - #out(` `) [token]
2021-11-19T10:23:50,229|[TRACE] graph - <------- nonSkippedSpace
2021-11-19T10:23:50,229|[TRACE] graph - <----- statementPart
2021-11-19T10:23:50,229|[TRACE] graph - -----> statementPart
2021-11-19T10:23:50,229|[TRACE] graph - -------> nonSkippedChar
2021-11-19T10:23:50,229|[TRACE] script - #out(`B`) [token]
2021-11-19T10:23:50,229|[TRACE] graph - <------- nonSkippedChar
2021-11-19T10:23:50,229|[TRACE] graph - <----- statementPart
2021-11-19T10:23:50,229|[TRACE] graph - -----> statementPart
2021-11-19T10:23:50,229|[TRACE] graph - -------> nonSkippedChar
2021-11-19T10:23:50,229|[TRACE] script - #out(`I`) [token]
2021-11-19T10:23:50,229|[TRACE] graph - <------- nonSkippedChar
2021-11-19T10:23:50,229|[TRACE] graph - <----- statementPart
2021-11-19T10:23:50,229|[TRACE] graph - -----> statementPart
2021-11-19T10:23:50,229|[TRACE] graph - -------> nonSkippedChar
2021-11-19T10:23:50,229|[TRACE] script - #out(`G`) [token]
2021-11-19T10:23:50,229|[TRACE] graph - <------- nonSkippedChar
2021-11-19T10:23:50,229|[TRACE] graph - <----- statementPart
2021-11-19T10:23:50,229|[TRACE] graph - -----> statementPart
2021-11-19T10:23:50,229|[TRACE] graph - -------> nonSkippedChar
2021-11-19T10:23:50,229|[TRACE] script - #out(`I`) [token]
2021-11-19T10:23:50,229|[TRACE] graph - <------- nonSkippedChar
2021-11-19T10:23:50,229|[TRACE] graph - <----- statementPart
2021-11-19T10:23:50,229|[TRACE] graph - -----> statementPart
2021-11-19T10:23:50,229|[TRACE] graph - -------> nonSkippedChar
2021-11-19T10:23:50,229|[TRACE] script - #out(`N`) [token]
2021-11-19T10:23:50,229|[TRACE] graph - <------- nonSkippedChar
2021-11-19T10:23:50,229|[TRACE] graph - <----- statementPart
2021-11-19T10:23:50,229|[TRACE] graph - -----> statementPart
2021-11-19T10:23:50,229|[TRACE] graph - -------> nonSkippedChar
2021-11-19T10:23:50,229|[TRACE] script - #out(`T`) [token]
2021-11-19T10:23:50,229|[TRACE] graph - <------- nonSkippedChar
2021-11-19T10:23:50,229|[TRACE] graph - <----- statementPart
2021-11-19T10:23:50,229|[TRACE] graph - -----> statementPart
2021-11-19T10:23:50,229|[TRACE] graph - -------> nonSkippedSpace
2021-11-19T10:23:50,229|[TRACE] script - #out(` `) [token]
2021-11-19T10:23:50,229|[TRACE] graph - <------- nonSkippedSpace
2021-11-19T10:23:50,229|[TRACE] graph - <----- statementPart
2021-11-19T10:23:50,229|[TRACE] graph - -----> statementPart
2021-11-19T10:23:50,229|[TRACE] graph - -------> nonSkippedChar
2021-11-19T10:23:50,229|[TRACE] script - #out(`N`) [token]
2021-11-19T10:23:50,229|[TRACE] graph - <------- nonSkippedChar
2021-11-19T10:23:50,229|[TRACE] graph - <----- statementPart
2021-11-19T10:23:50,229|[TRACE] graph - -----> statementPart
2021-11-19T10:23:50,229|[TRACE] graph - -------> nonSkippedChar
2021-11-19T10:23:50,229|[TRACE] script - #out(`O`) [token]
2021-11-19T10:23:50,229|[TRACE] graph - <------- nonSkippedChar
2021-11-19T10:23:50,229|[TRACE] graph - <----- statementPart
2021-11-19T10:23:50,229|[TRACE] graph - -----> statementPart
2021-11-19T10:23:50,229|[TRACE] graph - -------> nonSkippedChar
2021-11-19T10:23:50,229|[TRACE] script - #out(`T`) [token]
2021-11-19T10:23:50,229|[TRACE] graph - <------- nonSkippedChar
2021-11-19T10:23:50,229|[TRACE] graph - <----- statementPart
2021-11-19T10:23:50,229|[TRACE] graph - -----> statementPart
2021-11-19T10:23:50,229|[TRACE] graph - -------> nonSkippedSpace
2021-11-19T10:23:50,229|[TRACE] script - #out(` `) [token]
2021-11-19T10:23:50,229|[TRACE] graph - <------- nonSkippedSpace
2021-11-19T10:23:50,229|[TRACE] graph - <----- statementPart
2021-11-19T10:23:50,229|[TRACE] graph - -----> statementPart
2021-11-19T10:23:50,229|[TRACE] graph - -------> nonSkippedChar
2021-11-19T10:23:50,229|[TRACE] script - #out(`N`) [token]
2021-11-19T10:23:50,229|[TRACE] graph - <------- nonSkippedChar
2021-11-19T10:23:50,229|[TRACE] graph - <----- statementPart
2021-11-19T10:23:50,229|[TRACE] graph - -----> statementPart
2021-11-19T10:23:50,229|[TRACE] graph - -------> nonSkippedChar
2021-11-19T10:23:50,229|[TRACE] script - #out(`U`) [token]
2021-11-19T10:23:50,229|[TRACE] graph - <------- nonSkippedChar
2021-11-19T10:23:50,229|[TRACE] graph - <----- statementPart
2021-11-19T10:23:50,229|[TRACE] graph - -----> statementPart
2021-11-19T10:23:50,229|[TRACE] graph - -------> nonSkippedChar
2021-11-19T10:23:50,229|[TRACE] script - #out(`L`) [token]
2021-11-19T10:23:50,229|[TRACE] graph - <------- nonSkippedChar
2021-11-19T10:23:50,229|[TRACE] graph - <----- statementPart
2021-11-19T10:23:50,229|[TRACE] graph - -----> statementPart
2021-11-19T10:23:50,229|[TRACE] graph - -------> nonSkippedChar
2021-11-19T10:23:50,229|[TRACE] script - #out(`L`) [token]
2021-11-19T10:23:50,229|[TRACE] graph - <------- nonSkippedChar
2021-11-19T10:23:50,229|[TRACE] graph - <----- statementPart
2021-11-19T10:23:50,229|[TRACE] graph - -----> statementPart
2021-11-19T10:23:50,229|[TRACE] graph - -------> nonSkippedSpace
2021-11-19T10:23:50,229|[TRACE] script - #out(` `) [token]
2021-11-19T10:23:50,229|[TRACE] graph - <------- nonSkippedSpace
2021-11-19T10:23:50,229|[TRACE] graph - <----- statementPart
2021-11-19T10:23:50,229|[TRACE] graph - -----> statementPart
2021-11-19T10:23:50,229|[TRACE] graph - -------> nonSkippedChar
2021-11-19T10:23:50,229|[TRACE] script - #out(`D`) [token]
2021-11-19T10:23:50,229|[TRACE] graph - <------- nonSkippedChar
2021-11-19T10:23:50,229|[TRACE] graph - <----- statementPart
2021-11-19T10:23:50,229|[TRACE] graph - -----> statementPart
2021-11-19T10:23:50,229|[TRACE] graph - -------> nonSkippedChar
2021-11-19T10:23:50,229|[TRACE] script - #out(`E`) [token]
2021-11-19T10:23:50,229|[TRACE] graph - <------- nonSkippedChar
2021-11-19T10:23:50,229|[TRACE] graph - <----- statementPart
2021-11-19T10:23:50,229|[TRACE] graph - -----> statementPart
2021-11-19T10:23:50,229|[TRACE] graph - -------> nonSkippedChar
2021-11-19T10:23:50,229|[TRACE] script - #out(`F`) [token]
2021-11-19T10:23:50,229|[TRACE] graph - <------- nonSkippedChar
2021-11-19T10:23:50,229|[TRACE] graph - <----- statementPart
2021-11-19T10:23:50,229|[TRACE] graph - -----> statementPart
2021-11-19T10:23:50,229|[TRACE] graph - -------> nonSkippedChar
2021-11-19T10:23:50,229|[TRACE] script - #out(`A`) [token]
2021-11-19T10:23:50,229|[TRACE] graph - <------- nonSkippedChar
2021-11-19T10:23:50,229|[TRACE] graph - <----- statementPart
2021-11-19T10:23:50,229|[TRACE] graph - -----> statementPart
2021-11-19T10:23:50,229|[TRACE] graph - -------> nonSkippedChar
2021-11-19T10:23:50,229|[TRACE] script - #out(`U`) [token]
2021-11-19T10:23:50,229|[TRACE] graph - <------- nonSkippedChar
2021-11-19T10:23:50,229|[TRACE] graph - <----- statementPart
2021-11-19T10:23:50,229|[TRACE] graph - -----> statementPart
2021-11-19T10:23:50,229|[TRACE] graph - -------> nonSkippedChar
2021-11-19T10:23:50,229|[TRACE] script - #out(`L`) [token]
2021-11-19T10:23:50,229|[TRACE] graph - <------- nonSkippedChar
2021-11-19T10:23:50,229|[TRACE] graph - <----- statementPart
2021-11-19T10:23:50,229|[TRACE] graph - -----> statementPart
2021-11-19T10:23:50,229|[TRACE] graph - -------> nonSkippedChar
2021-11-19T10:23:50,229|[TRACE] script - #out(`T`) [token]
2021-11-19T10:23:50,229|[TRACE] graph - <------- nonSkippedChar
2021-11-19T10:23:50,229|[TRACE] graph - <----- statementPart
2021-11-19T10:23:50,229|[TRACE] graph - -----> statementPart
2021-11-19T10:23:50,229|[TRACE] graph - -------> nonSkippedSpace
2021-11-19T10:23:50,229|[TRACE] script - #out(` `) [token]
2021-11-19T10:23:50,229|[TRACE] graph - <------- nonSkippedSpace
2021-11-19T10:23:50,229|[TRACE] graph - <----- statementPart
2021-11-19T10:23:50,229|[TRACE] graph - -----> statementPart
2021-11-19T10:23:50,229|[TRACE] graph - -------> nonSkippedChar
2021-11-19T10:23:50,229|[TRACE] script - #out(`(`) [token]
2021-11-19T10:23:50,230|[TRACE] graph - <------- nonSkippedChar
2021-11-19T10:23:50,230|[TRACE] graph - <----- statementPart
2021-11-19T10:23:50,230|[TRACE] graph - -----> statementPart
2021-11-19T10:23:50,230|[TRACE] graph - -------> nonSkippedChar
2021-11-19T10:23:50,230|[TRACE] script - #out(`u`) [token]
2021-11-19T10:23:50,230|[TRACE] graph - <------- nonSkippedChar
2021-11-19T10:23:50,230|[TRACE] graph - <----- statementPart
2021-11-19T10:23:50,230|[TRACE] graph - -----> statementPart
2021-11-19T10:23:50,230|[TRACE] graph - -------> nonSkippedChar
2021-11-19T10:23:50,230|[TRACE] script - #out(`n`) [token]
2021-11-19T10:23:50,230|[TRACE] graph - <------- nonSkippedChar
2021-11-19T10:23:50,230|[TRACE] graph - <----- statementPart
2021-11-19T10:23:50,230|[TRACE] graph - -----> statementPart
2021-11-19T10:23:50,230|[TRACE] graph - -------> nonSkippedChar
2021-11-19T10:23:50,230|[TRACE] script - #out(`i`) [token]
2021-11-19T10:23:50,230|[TRACE] graph - <------- nonSkippedChar
2021-11-19T10:23:50,230|[TRACE] graph - <----- statementPart
2021-11-19T10:23:50,230|[TRACE] graph - -----> statementPart
2021-11-19T10:23:50,230|[TRACE] graph - -------> nonSkippedChar
2021-11-19T10:23:50,230|[TRACE] script - #out(`x`) [token]
2021-11-19T10:23:50,230|[TRACE] graph - <------- nonSkippedChar
2021-11-19T10:23:50,230|[TRACE] graph - <----- statementPart
2021-11-19T10:23:50,230|[TRACE] graph - -----> statementPart
2021-11-19T10:23:50,230|[TRACE] graph - -------> nonSkippedChar
2021-11-19T10:23:50,230|[TRACE] script - #out(`_`) [token]
2021-11-19T10:23:50,230|[TRACE] graph - <------- nonSkippedChar
2021-11-19T10:23:50,230|[TRACE] graph - <----- statementPart
2021-11-19T10:23:50,230|[TRACE] graph - -----> statementPart
2021-11-19T10:23:50,230|[TRACE] graph - -------> nonSkippedChar
2021-11-19T10:23:50,230|[TRACE] script - #out(`t`) [token]
2021-11-19T10:23:50,230|[TRACE] graph - <------- nonSkippedChar
2021-11-19T10:23:50,230|[TRACE] graph - <----- statementPart
2021-11-19T10:23:50,230|[TRACE] graph - -----> statementPart
2021-11-19T10:23:50,230|[TRACE] graph - -------> nonSkippedChar
2021-11-19T10:23:50,230|[TRACE] script - #out(`i`) [token]
2021-11-19T10:23:50,230|[TRACE] graph - <------- nonSkippedChar
2021-11-19T10:23:50,230|[TRACE] graph - <----- statementPart
2021-11-19T10:23:50,230|[TRACE] graph - -----> statementPart
2021-11-19T10:23:50,230|[TRACE] graph - -------> nonSkippedChar
2021-11-19T10:23:50,230|[TRACE] script - #out(`m`) [token]
2021-11-19T10:23:50,230|[TRACE] graph - <------- nonSkippedChar
2021-11-19T10:23:50,230|[TRACE] graph - <----- statementPart
2021-11-19T10:23:50,230|[TRACE] graph - -----> statementPart
2021-11-19T10:23:50,230|[TRACE] graph - -------> nonSkippedChar
2021-11-19T10:23:50,230|[TRACE] script - #out(`e`) [token]
2021-11-19T10:23:50,230|[TRACE] graph - <------- nonSkippedChar
2021-11-19T10:23:50,230|[TRACE] graph - <----- statementPart
2021-11-19T10:23:50,230|[TRACE] graph - -----> statementPart
2021-11-19T10:23:50,230|[TRACE] graph - -------> nonSkippedChar
2021-11-19T10:23:50,230|[TRACE] script - #out(`s`) [token]
2021-11-19T10:23:50,230|[TRACE] graph - <------- nonSkippedChar
2021-11-19T10:23:50,230|[TRACE] graph - <----- statementPart
2021-11-19T10:23:50,230|[TRACE] graph - -----> statementPart
2021-11-19T10:23:50,230|[TRACE] graph - -------> nonSkippedChar
2021-11-19T10:23:50,230|[TRACE] script - #out(`t`) [token]
2021-11-19T10:23:50,230|[TRACE] graph - <------- nonSkippedChar
2021-11-19T10:23:50,230|[TRACE] graph - <----- statementPart
2021-11-19T10:23:50,230|[TRACE] graph - -----> statementPart
2021-11-19T10:23:50,230|[TRACE] graph - -------> nonSkippedChar
2021-11-19T10:23:50,230|[TRACE] script - #out(`a`) [token]
2021-11-19T10:23:50,230|[TRACE] graph - <------- nonSkippedChar
2021-11-19T10:23:50,230|[TRACE] graph - <----- statementPart
2021-11-19T10:23:50,230|[TRACE] graph - -----> statementPart
2021-11-19T10:23:50,230|[TRACE] graph - -------> nonSkippedChar
2021-11-19T10:23:50,230|[TRACE] script - #out(`m`) [token]
2021-11-19T10:23:50,230|[TRACE] graph - <------- nonSkippedChar
2021-11-19T10:23:50,230|[TRACE] graph - <----- statementPart
2021-11-19T10:23:50,230|[TRACE] graph - -----> statementPart
2021-11-19T10:23:50,230|[TRACE] graph - -------> nonSkippedChar
2021-11-19T10:23:50,230|[TRACE] script - #out(`p`) [token]
2021-11-19T10:23:50,230|[TRACE] graph - <------- nonSkippedChar
2021-11-19T10:23:50,230|[TRACE] graph - <----- statementPart
2021-11-19T10:23:50,230|[TRACE] graph - -----> statementPart
2021-11-19T10:23:50,230|[TRACE] graph - -------> nonSkippedChar
2021-11-19T10:23:50,230|[TRACE] script - #out(`(`) [token]
2021-11-19T10:23:50,230|[TRACE] graph - <------- nonSkippedChar
2021-11-19T10:23:50,230|[TRACE] graph - <----- statementPart
2021-11-19T10:23:50,230|[TRACE] graph - -----> statementPart
2021-11-19T10:23:50,230|[TRACE] graph - -------> nonSkippedChar
2021-11-19T10:23:50,230|[TRACE] script - #out(`n`) [token]
2021-11-19T10:23:50,230|[TRACE] graph - <------- nonSkippedChar
2021-11-19T10:23:50,230|[TRACE] graph - <----- statementPart
2021-11-19T10:23:50,230|[TRACE] graph - -----> statementPart
2021-11-19T10:23:50,230|[TRACE] graph - -------> nonSkippedChar
2021-11-19T10:23:50,230|[TRACE] script - #out(`o`) [token]
2021-11-19T10:23:50,230|[TRACE] graph - <------- nonSkippedChar
2021-11-19T10:23:50,230|[TRACE] graph - <----- statementPart
2021-11-19T10:23:50,230|[TRACE] graph - -----> statementPart
2021-11-19T10:23:50,230|[TRACE] graph - -------> nonSkippedChar
2021-11-19T10:23:50,230|[TRACE] script - #out(`w`) [token]
2021-11-19T10:23:50,230|[TRACE] graph - <------- nonSkippedChar
2021-11-19T10:23:50,230|[TRACE] graph - <----- statementPart
2021-11-19T10:23:50,230|[TRACE] graph - -----> statementPart
2021-11-19T10:23:50,230|[TRACE] graph - -------> nonSkippedChar
2021-11-19T10:23:50,230|[TRACE] script - #out(`(`) [token]
2021-11-19T10:23:50,230|[TRACE] graph - <------- nonSkippedChar
2021-11-19T10:23:50,230|[TRACE] graph - <----- statementPart
2021-11-19T10:23:50,230|[TRACE] graph - -----> statementPart
2021-11-19T10:23:50,230|[TRACE] graph - -------> nonSkippedChar
2021-11-19T10:23:50,230|[TRACE] script - #out(`)`) [token]
2021-11-19T10:23:50,230|[TRACE] graph - <------- nonSkippedChar
2021-11-19T10:23:50,230|[TRACE] graph - <----- statementPart
2021-11-19T10:23:50,230|[TRACE] graph - -----> statementPart
2021-11-19T10:23:50,230|[TRACE] graph - -------> nonSkippedChar
2021-11-19T10:23:50,230|[TRACE] script - #out(`)`) [token]
2021-11-19T10:23:50,230|[TRACE] graph - <------- nonSkippedChar
2021-11-19T10:23:50,230|[TRACE] graph - <----- statementPart
2021-11-19T10:23:50,230|[TRACE] graph - -----> statementPart
2021-11-19T10:23:50,230|[TRACE] graph - -------> nonSkippedSpace
2021-11-19T10:23:50,230|[TRACE] script - #out(` `) [token]
2021-11-19T10:23:50,230|[TRACE] graph - <------- nonSkippedSpace
2021-11-19T10:23:50,230|[TRACE] graph - <----- statementPart
2021-11-19T10:23:50,230|[TRACE] graph - -----> statementPart
2021-11-19T10:23:50,230|[TRACE] graph - -------> nonSkippedChar
2021-11-19T10:23:50,230|[TRACE] script - #out(`*`) [token]
2021-11-19T10:23:50,230|[TRACE] graph - <------- nonSkippedChar
2021-11-19T10:23:50,230|[TRACE] graph - <----- statementPart
2021-11-19T10:23:50,230|[TRACE] graph - -----> statementPart
2021-11-19T10:23:50,230|[TRACE] graph - -------> nonSkippedSpace
2021-11-19T10:23:50,230|[TRACE] script - #out(` `) [token]
2021-11-19T10:23:50,230|[TRACE] graph - <------- nonSkippedSpace
2021-11-19T10:23:50,230|[TRACE] graph - <----- statementPart
2021-11-19T10:23:50,230|[TRACE] graph - -----> statementPart
2021-11-19T10:23:50,230|[TRACE] graph - -------> nonSkippedChar
2021-11-19T10:23:50,230|[TRACE] script - #out(`1`) [token]
2021-11-19T10:23:50,230|[TRACE] graph - <------- nonSkippedChar
2021-11-19T10:23:50,230|[TRACE] graph - <----- statementPart
2021-11-19T10:23:50,230|[TRACE] graph - -----> statementPart
2021-11-19T10:23:50,230|[TRACE] graph - -------> nonSkippedChar
2021-11-19T10:23:50,230|[TRACE] script - #out(`0`) [token]
2021-11-19T10:23:50,230|[TRACE] graph - <------- nonSkippedChar
2021-11-19T10:23:50,230|[TRACE] graph - <----- statementPart
2021-11-19T10:23:50,230|[TRACE] graph - -----> statementPart
2021-11-19T10:23:50,230|[TRACE] graph - -------> nonSkippedChar
2021-11-19T10:23:50,230|[TRACE] script - #out(`0`) [token]
2021-11-19T10:23:50,230|[TRACE] graph - <------- nonSkippedChar
2021-11-19T10:23:50,230|[TRACE] graph - <----- statementPart
2021-11-19T10:23:50,230|[TRACE] graph - -----> statementPart
2021-11-19T10:23:50,231|[TRACE] graph - -------> nonSkippedChar
2021-11-19T10:23:50,231|[TRACE] script - #out(`0`) [token]
2021-11-19T10:23:50,231|[TRACE] graph - <------- nonSkippedChar
2021-11-19T10:23:50,231|[TRACE] graph - <----- statementPart
2021-11-19T10:23:50,231|[TRACE] graph - -----> statementPart
2021-11-19T10:23:50,231|[TRACE] graph - -------> nonSkippedChar
2021-11-19T10:23:50,231|[TRACE] script - #out(`)`) [token]
2021-11-19T10:23:50,231|[TRACE] graph - <------- nonSkippedChar
2021-11-19T10:23:50,231|[TRACE] graph - <----- statementPart
2021-11-19T10:23:50,231|[TRACE] graph - -----> statementPart
2021-11-19T10:23:50,231|[TRACE] graph - -------> nonSkippedChar
2021-11-19T10:23:50,231|[TRACE] script - #out(`,`) [token]
2021-11-19T10:23:50,231|[TRACE] graph - <------- nonSkippedChar
2021-11-19T10:23:50,231|[TRACE] graph - <----- statementPart
2021-11-19T10:23:50,231|[TRACE] graph - -----> afterStatementPartNewline
2021-11-19T10:23:50,231|[TRACE] script - #out(` `) [text]
2021-11-19T10:23:50,231|[TRACE] graph - <----- afterStatementPartNewline
2021-11-19T10:23:50,231|[TRACE] graph - -----> statementPart
2021-11-19T10:23:50,231|[TRACE] graph - -------> nonSkippedSpace
2021-11-19T10:23:50,231|[TRACE] script - #out(` `) [token]
2021-11-19T10:23:50,231|[TRACE] graph - <------- nonSkippedSpace
2021-11-19T10:23:50,231|[TRACE] graph - <----- statementPart
2021-11-19T10:23:50,231|[TRACE] graph - -----> statementPart
2021-11-19T10:23:50,231|[TRACE] graph - -------> nonSkippedSpace
2021-11-19T10:23:50,231|[TRACE] script - #out(` `) [token]
2021-11-19T10:23:50,231|[TRACE] graph - <------- nonSkippedSpace
2021-11-19T10:23:50,231|[TRACE] graph - <----- statementPart
2021-11-19T10:23:50,231|[TRACE] graph - -----> statementPart
2021-11-19T10:23:50,231|[TRACE] graph - -------> quotedString
2021-11-19T10:23:50,231|[TRACE] script - #out(``updated``) [token]
2021-11-19T10:23:50,231|[TRACE] graph - <------- quotedString
2021-11-19T10:23:50,231|[TRACE] graph - <----- statementPart
2021-11-19T10:23:50,231|[TRACE] graph - -----> statementPart
2021-11-19T10:23:50,231|[TRACE] graph - -------> nonSkippedSpace
2021-11-19T10:23:50,231|[TRACE] script - #out(` `) [token]
2021-11-19T10:23:50,231|[TRACE] graph - <------- nonSkippedSpace
2021-11-19T10:23:50,231|[TRACE] graph - <----- statementPart
2021-11-19T10:23:50,231|[TRACE] graph - -----> statementPart
2021-11-19T10:23:50,231|[TRACE] graph - -------> nonSkippedChar
2021-11-19T10:23:50,231|[TRACE] script - #out(`B`) [token]
2021-11-19T10:23:50,231|[TRACE] graph - <------- nonSkippedChar
2021-11-19T10:23:50,231|[TRACE] graph - <----- statementPart
2021-11-19T10:23:50,231|[TRACE] graph - -----> statementPart
2021-11-19T10:23:50,231|[TRACE] graph - -------> nonSkippedChar
2021-11-19T10:23:50,231|[TRACE] script - #out(`I`) [token]
2021-11-19T10:23:50,231|[TRACE] graph - <------- nonSkippedChar
2021-11-19T10:23:50,231|[TRACE] graph - <----- statementPart
2021-11-19T10:23:50,231|[TRACE] graph - -----> statementPart
2021-11-19T10:23:50,231|[TRACE] graph - -------> nonSkippedChar
2021-11-19T10:23:50,231|[TRACE] script - #out(`G`) [token]
2021-11-19T10:23:50,231|[TRACE] graph - <------- nonSkippedChar
2021-11-19T10:23:50,231|[TRACE] graph - <----- statementPart
2021-11-19T10:23:50,231|[TRACE] graph - -----> statementPart
2021-11-19T10:23:50,231|[TRACE] graph - -------> nonSkippedChar
2021-11-19T10:23:50,231|[TRACE] script - #out(`I`) [token]
2021-11-19T10:23:50,231|[TRACE] graph - <------- nonSkippedChar
2021-11-19T10:23:50,231|[TRACE] graph - <----- statementPart
2021-11-19T10:23:50,231|[TRACE] graph - -----> statementPart
2021-11-19T10:23:50,231|[TRACE] graph - -------> nonSkippedChar
2021-11-19T10:23:50,231|[TRACE] script - #out(`N`) [token]
2021-11-19T10:23:50,231|[TRACE] graph - <------- nonSkippedChar
2021-11-19T10:23:50,231|[TRACE] graph - <----- statementPart
2021-11-19T10:23:50,231|[TRACE] graph - -----> statementPart
2021-11-19T10:23:50,231|[TRACE] graph - -------> nonSkippedChar
2021-11-19T10:23:50,231|[TRACE] script - #out(`T`) [token]
2021-11-19T10:23:50,231|[TRACE] graph - <------- nonSkippedChar
2021-11-19T10:23:50,231|[TRACE] graph - <----- statementPart
2021-11-19T10:23:50,358|[TRACE] graph - -----> statementPart
2021-11-19T10:23:50,358|[TRACE] graph - -------> nonSkippedSpace
2021-11-19T10:23:50,358|[TRACE] script - #out(` `) [token]
2021-11-19T10:23:50,358|[TRACE] graph - <------- nonSkippedSpace
2021-11-19T10:23:50,358|[TRACE] graph - <----- statementPart
2021-11-19T10:23:50,358|[TRACE] graph - -----> statementPart
2021-11-19T10:23:50,358|[TRACE] graph - -------> nonSkippedChar
2021-11-19T10:23:50,358|[TRACE] script - #out(`N`) [token]
2021-11-19T10:23:50,358|[TRACE] graph - <------- nonSkippedChar
2021-11-19T10:23:50,358|[TRACE] graph - <----- statementPart
2021-11-19T10:23:50,358|[TRACE] graph - -----> statementPart
2021-11-19T10:23:50,358|[TRACE] graph - -------> nonSkippedChar
2021-11-19T10:23:50,358|[TRACE] script - #out(`O`) [token]
2021-11-19T10:23:50,358|[TRACE] graph - <------- nonSkippedChar
2021-11-19T10:23:50,358|[TRACE] graph - <----- statementPart
2021-11-19T10:23:50,358|[TRACE] graph - -----> statementPart
2021-11-19T10:23:50,358|[TRACE] graph - -------> nonSkippedChar
2021-11-19T10:23:50,358|[TRACE] script - #out(`T`) [token]
2021-11-19T10:23:50,358|[TRACE] graph - <------- nonSkippedChar
2021-11-19T10:23:50,358|[TRACE] graph - <----- statementPart
2021-11-19T10:23:50,358|[TRACE] graph - -----> statementPart
2021-11-19T10:23:50,358|[TRACE] graph - -------> nonSkippedSpace
2021-11-19T10:23:50,358|[TRACE] script - #out(` `) [token]
2021-11-19T10:23:50,358|[TRACE] graph - <------- nonSkippedSpace
2021-11-19T10:23:50,358|[TRACE] graph - <----- statementPart
2021-11-19T10:23:50,358|[TRACE] graph - -----> statementPart
2021-11-19T10:23:50,358|[TRACE] graph - -------> nonSkippedChar
2021-11-19T10:23:50,358|[TRACE] script - #out(`N`) [token]
2021-11-19T10:23:50,358|[TRACE] graph - <------- nonSkippedChar
2021-11-19T10:23:50,358|[TRACE] graph - <----- statementPart
2021-11-19T10:23:50,358|[TRACE] graph - -----> statementPart
2021-11-19T10:23:50,358|[TRACE] graph - -------> nonSkippedChar
2021-11-19T10:23:50,358|[TRACE] script - #out(`U`) [token]
2021-11-19T10:23:50,358|[TRACE] graph - <------- nonSkippedChar
2021-11-19T10:23:50,358|[TRACE] graph - <----- statementPart
2021-11-19T10:23:50,358|[TRACE] graph - -----> statementPart
2021-11-19T10:23:50,358|[TRACE] graph - -------> nonSkippedChar
2021-11-19T10:23:50,358|[TRACE] script - #out(`L`) [token]
2021-11-19T10:23:50,358|[TRACE] graph - <------- nonSkippedChar
2021-11-19T10:23:50,358|[TRACE] graph - <----- statementPart
2021-11-19T10:23:50,358|[TRACE] graph - -----> statementPart
2021-11-19T10:23:50,358|[TRACE] graph - -------> nonSkippedChar
2021-11-19T10:23:50,358|[TRACE] script - #out(`L`) [token]
2021-11-19T10:23:50,358|[TRACE] graph - <------- nonSkippedChar
2021-11-19T10:23:50,358|[TRACE] graph - <----- statementPart
2021-11-19T10:23:50,358|[TRACE] graph - -----> statementPart
2021-11-19T10:23:50,358|[TRACE] graph - -------> nonSkippedSpace
2021-11-19T10:23:50,358|[TRACE] script - #out(` `) [token]
2021-11-19T10:23:50,358|[TRACE] graph - <------- nonSkippedSpace
2021-11-19T10:23:50,358|[TRACE] graph - <----- statementPart
2021-11-19T10:23:50,358|[TRACE] graph - -----> statementPart
2021-11-19T10:23:50,358|[TRACE] graph - -------> nonSkippedChar
2021-11-19T10:23:50,358|[TRACE] script - #out(`D`) [token]
2021-11-19T10:23:50,358|[TRACE] graph - <------- nonSkippedChar
2021-11-19T10:23:50,358|[TRACE] graph - <----- statementPart
2021-11-19T10:23:50,358|[TRACE] graph - -----> statementPart
2021-11-19T10:23:50,358|[TRACE] graph - -------> nonSkippedChar
2021-11-19T10:23:50,358|[TRACE] script - #out(`E`) [token]
2021-11-19T10:23:50,358|[TRACE] graph - <------- nonSkippedChar
2021-11-19T10:23:50,358|[TRACE] graph - <----- statementPart
2021-11-19T10:23:50,358|[TRACE] graph - -----> statementPart
2021-11-19T10:23:50,358|[TRACE] graph - -------> nonSkippedChar
2021-11-19T10:23:50,358|[TRACE] script - #out(`F`) [token]
2021-11-19T10:23:50,358|[TRACE] graph - <------- nonSkippedChar
2021-11-19T10:23:50,358|[TRACE] graph - <----- statementPart
2021-11-19T10:23:50,358|[TRACE] graph - -----> statementPart
2021-11-19T10:23:50,358|[TRACE] graph - -------> nonSkippedChar
2021-11-19T10:23:50,358|[TRACE] script - #out(`A`) [token]
2021-11-19T10:23:50,358|[TRACE] graph - <------- nonSkippedChar
2021-11-19T10:23:50,358|[TRACE] graph - <----- statementPart
2021-11-19T10:23:50,358|[TRACE] graph - -----> statementPart
2021-11-19T10:23:50,358|[TRACE] graph - -------> nonSkippedChar
2021-11-19T10:23:50,358|[TRACE] script - #out(`U`) [token]
2021-11-19T10:23:50,358|[TRACE] graph - <------- nonSkippedChar
2021-11-19T10:23:50,358|[TRACE] graph - <----- statementPart
2021-11-19T10:23:50,358|[TRACE] graph - -----> statementPart
2021-11-19T10:23:50,358|[TRACE] graph - -------> nonSkippedChar
2021-11-19T10:23:50,358|[TRACE] script - #out(`L`) [token]
2021-11-19T10:23:50,358|[TRACE] graph - <------- nonSkippedChar
2021-11-19T10:23:50,358|[TRACE] graph - <----- statementPart
2021-11-19T10:23:50,358|[TRACE] graph - -----> statementPart
2021-11-19T10:23:50,358|[TRACE] graph - -------> nonSkippedChar
2021-11-19T10:23:50,358|[TRACE] script - #out(`T`) [token]
2021-11-19T10:23:50,358|[TRACE] graph - <------- nonSkippedChar
2021-11-19T10:23:50,358|[TRACE] graph - <----- statementPart
2021-11-19T10:23:50,358|[TRACE] graph - -----> statementPart
2021-11-19T10:23:50,358|[TRACE] graph - -------> nonSkippedSpace
2021-11-19T10:23:50,358|[TRACE] script - #out(` `) [token]
2021-11-19T10:23:50,358|[TRACE] graph - <------- nonSkippedSpace
2021-11-19T10:23:50,358|[TRACE] graph - <----- statementPart
2021-11-19T10:23:50,358|[TRACE] graph - -----> statementPart
2021-11-19T10:23:50,358|[TRACE] graph - -------> nonSkippedChar
2021-11-19T10:23:50,358|[TRACE] script - #out(`(`) [token]
2021-11-19T10:23:50,358|[TRACE] graph - <------- nonSkippedChar
2021-11-19T10:23:50,358|[TRACE] graph - <----- statementPart
2021-11-19T10:23:50,358|[TRACE] graph - -----> statementPart
2021-11-19T10:23:50,358|[TRACE] graph - -------> nonSkippedChar
2021-11-19T10:23:50,358|[TRACE] script - #out(`u`) [token]
2021-11-19T10:23:50,358|[TRACE] graph - <------- nonSkippedChar
2021-11-19T10:23:50,358|[TRACE] graph - <----- statementPart
2021-11-19T10:23:50,358|[TRACE] graph - -----> statementPart
2021-11-19T10:23:50,358|[TRACE] graph - -------> nonSkippedChar
2021-11-19T10:23:50,358|[TRACE] script - #out(`n`) [token]
2021-11-19T10:23:50,358|[TRACE] graph - <------- nonSkippedChar
2021-11-19T10:23:50,358|[TRACE] graph - <----- statementPart
2021-11-19T10:23:50,358|[TRACE] graph - -----> statementPart
2021-11-19T10:23:50,358|[TRACE] graph - -------> nonSkippedChar
2021-11-19T10:23:50,358|[TRACE] script - #out(`i`) [token]
2021-11-19T10:23:50,358|[TRACE] graph - <------- nonSkippedChar
2021-11-19T10:23:50,358|[TRACE] graph - <----- statementPart
2021-11-19T10:23:50,358|[TRACE] graph - -----> statementPart
2021-11-19T10:23:50,358|[TRACE] graph - -------> nonSkippedChar
2021-11-19T10:23:50,358|[TRACE] script - #out(`x`) [token]
2021-11-19T10:23:50,358|[TRACE] graph - <------- nonSkippedChar
2021-11-19T10:23:50,358|[TRACE] graph - <----- statementPart
2021-11-19T10:23:50,358|[TRACE] graph - -----> statementPart
2021-11-19T10:23:50,358|[TRACE] graph - -------> nonSkippedChar
2021-11-19T10:23:50,358|[TRACE] script - #out(`_`) [token]
2021-11-19T10:23:50,358|[TRACE] graph - <------- nonSkippedChar
2021-11-19T10:23:50,358|[TRACE] graph - <----- statementPart
2021-11-19T10:23:50,358|[TRACE] graph - -----> statementPart
2021-11-19T10:23:50,358|[TRACE] graph - -------> nonSkippedChar
2021-11-19T10:23:50,358|[TRACE] script - #out(`t`) [token]
2021-11-19T10:23:50,358|[TRACE] graph - <------- nonSkippedChar
2021-11-19T10:23:50,358|[TRACE] graph - <----- statementPart
2021-11-19T10:23:50,358|[TRACE] graph - -----> statementPart
2021-11-19T10:23:50,358|[TRACE] graph - -------> nonSkippedChar
2021-11-19T10:23:50,358|[TRACE] script - #out(`i`) [token]
2021-11-19T10:23:50,358|[TRACE] graph - <------- nonSkippedChar
2021-11-19T10:23:50,358|[TRACE] graph - <----- statementPart
2021-11-19T10:23:50,358|[TRACE] graph - -----> statementPart
2021-11-19T10:23:50,358|[TRACE] graph - -------> nonSkippedChar
2021-11-19T10:23:50,358|[TRACE] script - #out(`m`) [token]
2021-11-19T10:23:50,358|[TRACE] graph - <------- nonSkippedChar
2021-11-19T10:23:50,358|[TRACE] graph - <----- statementPart
2021-11-19T10:23:50,358|[TRACE] graph - -----> statementPart
2021-11-19T10:23:50,358|[TRACE] graph - -------> nonSkippedChar
2021-11-19T10:23:50,358|[TRACE] script - #out(`e`) [token]
2021-11-19T10:23:50,358|[TRACE] graph - <------- nonSkippedChar
2021-11-19T10:23:50,358|[TRACE] graph - <----- statementPart
2021-11-19T10:23:50,358|[TRACE] graph - -----> statementPart
2021-11-19T10:23:50,358|[TRACE] graph - -------> nonSkippedChar
2021-11-19T10:23:50,358|[TRACE] script - #out(`s`) [token]
2021-11-19T10:23:50,358|[TRACE] graph - <------- nonSkippedChar
2021-11-19T10:23:50,358|[TRACE] graph - <----- statementPart
2021-11-19T10:23:50,358|[TRACE] graph - -----> statementPart
2021-11-19T10:23:50,358|[TRACE] graph - -------> nonSkippedChar
2021-11-19T10:23:50,358|[TRACE] script - #out(`t`) [token]
2021-11-19T10:23:50,358|[TRACE] graph - <------- nonSkippedChar
2021-11-19T10:23:50,358|[TRACE] graph - <----- statementPart
2021-11-19T10:23:50,358|[TRACE] graph - -----> statementPart
2021-11-19T10:23:50,358|[TRACE] graph - -------> nonSkippedChar
2021-11-19T10:23:50,358|[TRACE] script - #out(`a`) [token]
2021-11-19T10:23:50,358|[TRACE] graph - <------- nonSkippedChar
2021-11-19T10:23:50,358|[TRACE] graph - <----- statementPart
2021-11-19T10:23:50,358|[TRACE] graph - -----> statementPart
2021-11-19T10:23:50,358|[TRACE] graph - -------> nonSkippedChar
2021-11-19T10:23:50,358|[TRACE] script - #out(`m`) [token]
2021-11-19T10:23:50,358|[TRACE] graph - <------- nonSkippedChar
2021-11-19T10:23:50,358|[TRACE] graph - <----- statementPart
2021-11-19T10:23:50,358|[TRACE] graph - -----> statementPart
2021-11-19T10:23:50,358|[TRACE] graph - -------> nonSkippedChar
2021-11-19T10:23:50,358|[TRACE] script - #out(`p`) [token]
2021-11-19T10:23:50,358|[TRACE] graph - <------- nonSkippedChar
2021-11-19T10:23:50,358|[TRACE] graph - <----- statementPart
2021-11-19T10:23:50,358|[TRACE] graph - -----> statementPart
2021-11-19T10:23:50,358|[TRACE] graph - -------> nonSkippedChar
2021-11-19T10:23:50,358|[TRACE] script - #out(`(`) [token]
2021-11-19T10:23:50,358|[TRACE] graph - <------- nonSkippedChar
2021-11-19T10:23:50,358|[TRACE] graph - <----- statementPart
2021-11-19T10:23:50,358|[TRACE] graph - -----> statementPart
2021-11-19T10:23:50,358|[TRACE] graph - -------> nonSkippedChar
2021-11-19T10:23:50,358|[TRACE] script - #out(`n`) [token]
2021-11-19T10:23:50,358|[TRACE] graph - <------- nonSkippedChar
2021-11-19T10:23:50,358|[TRACE] graph - <----- statementPart
2021-11-19T10:23:50,358|[TRACE] graph - -----> statementPart
2021-11-19T10:23:50,358|[TRACE] graph - -------> nonSkippedChar
2021-11-19T10:23:50,358|[TRACE] script - #out(`o`) [token]
2021-11-19T10:23:50,358|[TRACE] graph - <------- nonSkippedChar
2021-11-19T10:23:50,358|[TRACE] graph - <----- statementPart
2021-11-19T10:23:50,358|[TRACE] graph - -----> statementPart
2021-11-19T10:23:50,358|[TRACE] graph - -------> nonSkippedChar
2021-11-19T10:23:50,358|[TRACE] script - #out(`w`) [token]
2021-11-19T10:23:50,358|[TRACE] graph - <------- nonSkippedChar
2021-11-19T10:23:50,358|[TRACE] graph - <----- statementPart
2021-11-19T10:23:50,358|[TRACE] graph - -----> statementPart
2021-11-19T10:23:50,358|[TRACE] graph - -------> nonSkippedChar
2021-11-19T10:23:50,358|[TRACE] script - #out(`(`) [token]
2021-11-19T10:23:50,358|[TRACE] graph - <------- nonSkippedChar
2021-11-19T10:23:50,358|[TRACE] graph - <----- statementPart
2021-11-19T10:23:50,358|[TRACE] graph - -----> statementPart
2021-11-19T10:23:50,358|[TRACE] graph - -------> nonSkippedChar
2021-11-19T10:23:50,358|[TRACE] script - #out(`)`) [token]
2021-11-19T10:23:50,358|[TRACE] graph - <------- nonSkippedChar
2021-11-19T10:23:50,358|[TRACE] graph - <----- statementPart
2021-11-19T10:23:50,358|[TRACE] graph - -----> statementPart
2021-11-19T10:23:50,358|[TRACE] graph - -------> nonSkippedChar
2021-11-19T10:23:50,358|[TRACE] script - #out(`)`) [token]
2021-11-19T10:23:50,358|[TRACE] graph - <------- nonSkippedChar
2021-11-19T10:23:50,359|[TRACE] graph - <----- statementPart
2021-11-19T10:23:50,359|[TRACE] graph - -----> statementPart
2021-11-19T10:23:50,359|[TRACE] graph - -------> nonSkippedSpace
2021-11-19T10:23:50,359|[TRACE] script - #out(` `) [token]
2021-11-19T10:23:50,359|[TRACE] graph - <------- nonSkippedSpace
2021-11-19T10:23:50,359|[TRACE] graph - <----- statementPart
2021-11-19T10:23:50,359|[TRACE] graph - -----> statementPart
2021-11-19T10:23:50,359|[TRACE] graph - -------> nonSkippedChar
2021-11-19T10:23:50,359|[TRACE] script - #out(`*`) [token]
2021-11-19T10:23:50,359|[TRACE] graph - <------- nonSkippedChar
2021-11-19T10:23:50,359|[TRACE] graph - <----- statementPart
2021-11-19T10:23:50,359|[TRACE] graph - -----> statementPart
2021-11-19T10:23:50,359|[TRACE] graph - -------> nonSkippedSpace
2021-11-19T10:23:50,359|[TRACE] script - #out(` `) [token]
2021-11-19T10:23:50,359|[TRACE] graph - <------- nonSkippedSpace
2021-11-19T10:23:50,359|[TRACE] graph - <----- statementPart
2021-11-19T10:23:50,359|[TRACE] graph - -----> statementPart
2021-11-19T10:23:50,359|[TRACE] graph - -------> nonSkippedChar
2021-11-19T10:23:50,359|[TRACE] script - #out(`1`) [token]
2021-11-19T10:23:50,359|[TRACE] graph - <------- nonSkippedChar
2021-11-19T10:23:50,359|[TRACE] graph - <----- statementPart
2021-11-19T10:23:50,359|[TRACE] graph - -----> statementPart
2021-11-19T10:23:50,359|[TRACE] graph - -------> nonSkippedChar
2021-11-19T10:23:50,359|[TRACE] script - #out(`0`) [token]
2021-11-19T10:23:50,359|[TRACE] graph - <------- nonSkippedChar
2021-11-19T10:23:50,359|[TRACE] graph - <----- statementPart
2021-11-19T10:23:50,359|[TRACE] graph - -----> statementPart
2021-11-19T10:23:50,359|[TRACE] graph - -------> nonSkippedChar
2021-11-19T10:23:50,359|[TRACE] script - #out(`0`) [token]
2021-11-19T10:23:50,359|[TRACE] graph - <------- nonSkippedChar
2021-11-19T10:23:50,359|[TRACE] graph - <----- statementPart
2021-11-19T10:23:50,359|[TRACE] graph - -----> statementPart
2021-11-19T10:23:50,359|[TRACE] graph - -------> nonSkippedChar
2021-11-19T10:23:50,359|[TRACE] script - #out(`0`) [token]
2021-11-19T10:23:50,359|[TRACE] graph - <------- nonSkippedChar
2021-11-19T10:23:50,359|[TRACE] graph - <----- statementPart
2021-11-19T10:23:50,359|[TRACE] graph - -----> statementPart
2021-11-19T10:23:50,359|[TRACE] graph - -------> nonSkippedChar
2021-11-19T10:23:50,359|[TRACE] script - #out(`)`) [token]
2021-11-19T10:23:50,359|[TRACE] graph - <------- nonSkippedChar
2021-11-19T10:23:50,359|[TRACE] graph - <----- statementPart
2021-11-19T10:23:50,359|[TRACE] graph - -----> statementPart
2021-11-19T10:23:50,359|[TRACE] graph - -------> nonSkippedChar
2021-11-19T10:23:50,359|[TRACE] script - #out(`,`) [token]
2021-11-19T10:23:50,359|[TRACE] graph - <------- nonSkippedChar
2021-11-19T10:23:50,359|[TRACE] graph - <----- statementPart
2021-11-19T10:23:50,359|[TRACE] graph - -----> afterStatementPartNewline
2021-11-19T10:23:50,359|[TRACE] script - #out(` `) [text]
2021-11-19T10:23:50,359|[TRACE] graph - <----- afterStatementPartNewline
2021-11-19T10:23:50,359|[TRACE] graph - -----> statementPart
2021-11-19T10:23:50,359|[TRACE] graph - -------> nonSkippedSpace
2021-11-19T10:23:50,359|[TRACE] script - #out(` `) [token]
2021-11-19T10:23:50,359|[TRACE] graph - <------- nonSkippedSpace
2021-11-19T10:23:50,359|[TRACE] graph - <----- statementPart
2021-11-19T10:23:50,359|[TRACE] graph - -----> statementPart
2021-11-19T10:23:50,359|[TRACE] graph - -------> nonSkippedSpace
2021-11-19T10:23:50,359|[TRACE] script - #out(` `) [token]
2021-11-19T10:23:50,359|[TRACE] graph - <------- nonSkippedSpace
2021-11-19T10:23:50,359|[TRACE] graph - <----- statementPart
2021-11-19T10:23:50,359|[TRACE] graph - -----> statementPart
2021-11-19T10:23:50,359|[TRACE] graph - -------> quotedString
2021-11-19T10:23:50,359|[TRACE] script - #out(``version``) [token]
2021-11-19T10:23:50,359|[TRACE] graph - <------- quotedString
2021-11-19T10:23:50,359|[TRACE] graph - <----- statementPart
2021-11-19T10:23:50,359|[TRACE] graph - -----> statementPart
2021-11-19T10:23:50,359|[TRACE] graph - -------> nonSkippedSpace
2021-11-19T10:23:50,359|[TRACE] script - #out(` `) [token]
2021-11-19T10:23:50,359|[TRACE] graph - <------- nonSkippedSpace
2021-11-19T10:23:50,359|[TRACE] graph - <----- statementPart
2021-11-19T10:23:50,359|[TRACE] graph - -----> statementPart
2021-11-19T10:23:50,359|[TRACE] graph - -------> nonSkippedChar
2021-11-19T10:23:50,359|[TRACE] script - #out(`I`) [token]
2021-11-19T10:23:50,359|[TRACE] graph - <------- nonSkippedChar
2021-11-19T10:23:50,359|[TRACE] graph - <----- statementPart
2021-11-19T10:23:50,359|[TRACE] graph - -----> statementPart
2021-11-19T10:23:50,359|[TRACE] graph - -------> nonSkippedChar
2021-11-19T10:23:50,359|[TRACE] script - #out(`N`) [token]
2021-11-19T10:23:50,359|[TRACE] graph - <------- nonSkippedChar
2021-11-19T10:23:50,359|[TRACE] graph - <----- statementPart
2021-11-19T10:23:50,359|[TRACE] graph - -----> statementPart
2021-11-19T10:23:50,359|[TRACE] graph - -------> nonSkippedChar
2021-11-19T10:23:50,359|[TRACE] script - #out(`T`) [token]
2021-11-19T10:23:50,359|[TRACE] graph - <------- nonSkippedChar
2021-11-19T10:23:50,359|[TRACE] graph - <----- statementPart
2021-11-19T10:23:50,359|[TRACE] graph - -----> statementPart
2021-11-19T10:23:50,359|[TRACE] graph - -------> nonSkippedSpace
2021-11-19T10:23:50,359|[TRACE] script - #out(` `) [token]
2021-11-19T10:23:50,359|[TRACE] graph - <------- nonSkippedSpace
2021-11-19T10:23:50,359|[TRACE] graph - <----- statementPart
2021-11-19T10:23:50,359|[TRACE] graph - -----> statementPart
2021-11-19T10:23:50,359|[TRACE] graph - -------> nonSkippedChar
2021-11-19T10:23:50,359|[TRACE] script - #out(`N`) [token]
2021-11-19T10:23:50,359|[TRACE] graph - <------- nonSkippedChar
2021-11-19T10:23:50,359|[TRACE] graph - <----- statementPart
2021-11-19T10:23:50,359|[TRACE] graph - -----> statementPart
2021-11-19T10:23:50,359|[TRACE] graph - -------> nonSkippedChar
2021-11-19T10:23:50,359|[TRACE] script - #out(`O`) [token]
2021-11-19T10:23:50,359|[TRACE] graph - <------- nonSkippedChar
2021-11-19T10:23:50,359|[TRACE] graph - <----- statementPart
2021-11-19T10:23:50,359|[TRACE] graph - -----> statementPart
2021-11-19T10:23:50,359|[TRACE] graph - -------> nonSkippedChar
2021-11-19T10:23:50,359|[TRACE] script - #out(`T`) [token]
2021-11-19T10:23:50,359|[TRACE] graph - <------- nonSkippedChar
2021-11-19T10:23:50,359|[TRACE] graph - <----- statementPart
2021-11-19T10:23:50,359|[TRACE] graph - -----> statementPart
2021-11-19T10:23:50,359|[TRACE] graph - -------> nonSkippedSpace
2021-11-19T10:23:50,359|[TRACE] script - #out(` `) [token]
2021-11-19T10:23:50,359|[TRACE] graph - <------- nonSkippedSpace
2021-11-19T10:23:50,359|[TRACE] graph - <----- statementPart
2021-11-19T10:23:50,359|[TRACE] graph - -----> statementPart
2021-11-19T10:23:50,359|[TRACE] graph - -------> nonSkippedChar
2021-11-19T10:23:50,359|[TRACE] script - #out(`N`) [token]
2021-11-19T10:23:50,359|[TRACE] graph - <------- nonSkippedChar
2021-11-19T10:23:50,359|[TRACE] graph - <----- statementPart
2021-11-19T10:23:50,359|[TRACE] graph - -----> statementPart
2021-11-19T10:23:50,359|[TRACE] graph - -------> nonSkippedChar
2021-11-19T10:23:50,359|[TRACE] script - #out(`U`) [token]
2021-11-19T10:23:50,359|[TRACE] graph - <------- nonSkippedChar
2021-11-19T10:23:50,359|[TRACE] graph - <----- statementPart
2021-11-19T10:23:50,359|[TRACE] graph - -----> statementPart
2021-11-19T10:23:50,359|[TRACE] graph - -------> nonSkippedChar
2021-11-19T10:23:50,359|[TRACE] script - #out(`L`) [token]
2021-11-19T10:23:50,359|[TRACE] graph - <------- nonSkippedChar
2021-11-19T10:23:50,359|[TRACE] graph - <----- statementPart
2021-11-19T10:23:50,359|[TRACE] graph - -----> statementPart
2021-11-19T10:23:50,359|[TRACE] graph - -------> nonSkippedChar
2021-11-19T10:23:50,359|[TRACE] script - #out(`L`) [token]
2021-11-19T10:23:50,359|[TRACE] graph - <------- nonSkippedChar
2021-11-19T10:23:50,359|[TRACE] graph - <----- statementPart
2021-11-19T10:23:50,359|[TRACE] graph - -----> statementPart
2021-11-19T10:23:50,359|[TRACE] graph - -------> nonSkippedSpace
2021-11-19T10:23:50,359|[TRACE] script - #out(` `) [token]
2021-11-19T10:23:50,359|[TRACE] graph - <------- nonSkippedSpace
2021-11-19T10:23:50,359|[TRACE] graph - <----- statementPart
2021-11-19T10:23:50,359|[TRACE] graph - -----> statementPart
2021-11-19T10:23:50,359|[TRACE] graph - -------> nonSkippedChar
2021-11-19T10:23:50,359|[TRACE] script - #out(`D`) [token]
2021-11-19T10:23:50,359|[TRACE] graph - <------- nonSkippedChar
2021-11-19T10:23:50,359|[TRACE] graph - <----- statementPart
2021-11-19T10:23:50,359|[TRACE] graph - -----> statementPart
2021-11-19T10:23:50,359|[TRACE] graph - -------> nonSkippedChar
2021-11-19T10:23:50,359|[TRACE] script - #out(`E`) [token]
2021-11-19T10:23:50,359|[TRACE] graph - <------- nonSkippedChar
2021-11-19T10:23:50,359|[TRACE] graph - <----- statementPart
2021-11-19T10:23:50,359|[TRACE] graph - -----> statementPart
2021-11-19T10:23:50,359|[TRACE] graph - -------> nonSkippedChar
2021-11-19T10:23:50,359|[TRACE] script - #out(`F`) [token]
2021-11-19T10:23:50,359|[TRACE] graph - <------- nonSkippedChar
2021-11-19T10:23:50,359|[TRACE] graph - <----- statementPart
2021-11-19T10:23:50,359|[TRACE] graph - -----> statementPart
2021-11-19T10:23:50,359|[TRACE] graph - -------> nonSkippedChar
2021-11-19T10:23:50,359|[TRACE] script - #out(`A`) [token]
2021-11-19T10:23:50,359|[TRACE] graph - <------- nonSkippedChar
2021-11-19T10:23:50,359|[TRACE] graph - <----- statementPart
2021-11-19T10:23:50,359|[TRACE] graph - -----> statementPart
2021-11-19T10:23:50,359|[TRACE] graph - -------> nonSkippedChar
2021-11-19T10:23:50,359|[TRACE] script - #out(`U`) [token]
2021-11-19T10:23:50,359|[TRACE] graph - <------- nonSkippedChar
2021-11-19T10:23:50,359|[TRACE] graph - <----- statementPart
2021-11-19T10:23:50,359|[TRACE] graph - -----> statementPart
2021-11-19T10:23:50,359|[TRACE] graph - -------> nonSkippedChar
2021-11-19T10:23:50,359|[TRACE] script - #out(`L`) [token]
2021-11-19T10:23:50,359|[TRACE] graph - <------- nonSkippedChar
2021-11-19T10:23:50,365|[TRACE] graph - <----- statementPart
2021-11-19T10:23:50,365|[TRACE] graph - -----> statementPart
2021-11-19T10:23:50,365|[TRACE] graph - -------> nonSkippedChar
2021-11-19T10:23:50,365|[TRACE] script - #out(`T`) [token]
2021-11-19T10:23:50,365|[TRACE] graph - <------- nonSkippedChar
2021-11-19T10:23:50,365|[TRACE] graph - <----- statementPart
2021-11-19T10:23:50,365|[TRACE] graph - -----> statementPart
2021-11-19T10:23:50,365|[TRACE] graph - -------> nonSkippedSpace
2021-11-19T10:23:50,365|[TRACE] script - #out(` `) [token]
2021-11-19T10:23:50,365|[TRACE] graph - <------- nonSkippedSpace
2021-11-19T10:23:50,365|[TRACE] graph - <----- statementPart
2021-11-19T10:23:50,365|[TRACE] graph - -----> statementPart
2021-11-19T10:23:50,365|[TRACE] graph - -------> nonSkippedChar
2021-11-19T10:23:50,365|[TRACE] script - #out(`1`) [token]
2021-11-19T10:23:50,365|[TRACE] graph - <------- nonSkippedChar
2021-11-19T10:23:50,365|[TRACE] graph - <----- statementPart
2021-11-19T10:23:50,365|[TRACE] graph - -----> statementPart
2021-11-19T10:23:50,365|[TRACE] graph - -------> nonSkippedChar
2021-11-19T10:23:50,365|[TRACE] script - #out(`,`) [token]
2021-11-19T10:23:50,365|[TRACE] graph - <------- nonSkippedChar
2021-11-19T10:23:50,365|[TRACE] graph - <----- statementPart
2021-11-19T10:23:50,365|[TRACE] graph - -----> afterStatementPartNewline
2021-11-19T10:23:50,365|[TRACE] script - #out(` `) [text]
2021-11-19T10:23:50,365|[TRACE] graph - <----- afterStatementPartNewline
2021-11-19T10:23:50,365|[TRACE] graph - -----> statementPart
2021-11-19T10:23:50,365|[TRACE] graph - -------> nonSkippedSpace
2021-11-19T10:23:50,365|[TRACE] script - #out(` `) [token]
2021-11-19T10:23:50,365|[TRACE] graph - <------- nonSkippedSpace
2021-11-19T10:23:50,365|[TRACE] graph - <----- statementPart
2021-11-19T10:23:50,365|[TRACE] graph - -----> statementPart
2021-11-19T10:23:50,365|[TRACE] graph - -------> nonSkippedSpace
2021-11-19T10:23:50,365|[TRACE] script - #out(` `) [token]
2021-11-19T10:23:50,365|[TRACE] graph - <------- nonSkippedSpace
2021-11-19T10:23:50,365|[TRACE] graph - <----- statementPart
2021-11-19T10:23:50,365|[TRACE] graph - -----> statementPart
2021-11-19T10:23:50,365|[TRACE] graph - -------> nonSkippedChar
2021-11-19T10:23:50,365|[TRACE] script - #out(`I`) [token]
2021-11-19T10:23:50,365|[TRACE] graph - <------- nonSkippedChar
2021-11-19T10:23:50,365|[TRACE] graph - <----- statementPart
2021-11-19T10:23:50,365|[TRACE] graph - -----> statementPart
2021-11-19T10:23:50,365|[TRACE] graph - -------> nonSkippedChar
2021-11-19T10:23:50,365|[TRACE] script - #out(`N`) [token]
2021-11-19T10:23:50,365|[TRACE] graph - <------- nonSkippedChar
2021-11-19T10:23:50,365|[TRACE] graph - <----- statementPart
2021-11-19T10:23:50,365|[TRACE] graph - -----> statementPart
2021-11-19T10:23:50,365|[TRACE] graph - -------> nonSkippedChar
2021-11-19T10:23:50,365|[TRACE] script - #out(`D`) [token]
2021-11-19T10:23:50,365|[TRACE] graph - <------- nonSkippedChar
2021-11-19T10:23:50,365|[TRACE] graph - <----- statementPart
2021-11-19T10:23:50,365|[TRACE] graph - -----> statementPart
2021-11-19T10:23:50,365|[TRACE] graph - -------> nonSkippedChar
2021-11-19T10:23:50,365|[TRACE] script - #out(`E`) [token]
2021-11-19T10:23:50,365|[TRACE] graph - <------- nonSkippedChar
2021-11-19T10:23:50,365|[TRACE] graph - <----- statementPart
2021-11-19T10:23:50,365|[TRACE] graph - -----> statementPart
2021-11-19T10:23:50,365|[TRACE] graph - -------> nonSkippedChar
2021-11-19T10:23:50,365|[TRACE] script - #out(`X`) [token]
2021-11-19T10:23:50,365|[TRACE] graph - <------- nonSkippedChar
2021-11-19T10:23:50,365|[TRACE] graph - <----- statementPart
2021-11-19T10:23:50,365|[TRACE] graph - -----> statementPart
2021-11-19T10:23:50,365|[TRACE] graph - -------> nonSkippedSpace
2021-11-19T10:23:50,365|[TRACE] script - #out(` `) [token]
2021-11-19T10:23:50,365|[TRACE] graph - <------- nonSkippedSpace
2021-11-19T10:23:50,365|[TRACE] graph - <----- statementPart
2021-11-19T10:23:50,365|[TRACE] graph - -----> statementPart
2021-11-19T10:23:50,365|[TRACE] graph - -------> quotedString
2021-11-19T10:23:50,365|[TRACE] script - #out(``fk_donation_record_person1_idx``) [token]
2021-11-19T10:23:50,365|[TRACE] graph - <------- quotedString
2021-11-19T10:23:50,365|[TRACE] graph - <----- statementPart
2021-11-19T10:23:50,365|[TRACE] graph - -----> statementPart
2021-11-19T10:23:50,365|[TRACE] graph - -------> nonSkippedSpace
2021-11-19T10:23:50,365|[TRACE] script - #out(` `) [token]
2021-11-19T10:23:50,365|[TRACE] graph - <------- nonSkippedSpace
2021-11-19T10:23:50,365|[TRACE] graph - <----- statementPart
2021-11-19T10:23:50,365|[TRACE] graph - -----> statementPart
2021-11-19T10:23:50,365|[TRACE] graph - -------> nonSkippedChar
2021-11-19T10:23:50,365|[TRACE] script - #out(`(`) [token]
2021-11-19T10:23:50,365|[TRACE] graph - <------- nonSkippedChar
2021-11-19T10:23:50,365|[TRACE] graph - <----- statementPart
2021-11-19T10:23:50,365|[TRACE] graph - -----> statementPart
2021-11-19T10:23:50,365|[TRACE] graph - -------> quotedString
2021-11-19T10:23:50,365|[TRACE] script - #out(``person_id``) [token]
2021-11-19T10:23:50,365|[TRACE] graph - <------- quotedString
2021-11-19T10:23:50,365|[TRACE] graph - <----- statementPart
2021-11-19T10:23:50,365|[TRACE] graph - -----> statementPart
2021-11-19T10:23:50,365|[TRACE] graph - -------> nonSkippedSpace
2021-11-19T10:23:50,365|[TRACE] script - #out(` `) [token]
2021-11-19T10:23:50,365|[TRACE] graph - <------- nonSkippedSpace
2021-11-19T10:23:50,365|[TRACE] graph - <----- statementPart
2021-11-19T10:23:50,365|[TRACE] graph - -----> statementPart
2021-11-19T10:23:50,365|[TRACE] graph - -------> nonSkippedChar
2021-11-19T10:23:50,365|[TRACE] script - #out(`A`) [token]
2021-11-19T10:23:50,365|[TRACE] graph - <------- nonSkippedChar
2021-11-19T10:23:50,365|[TRACE] graph - <----- statementPart
2021-11-19T10:23:50,365|[TRACE] graph - -----> statementPart
2021-11-19T10:23:50,365|[TRACE] graph - -------> nonSkippedChar
2021-11-19T10:23:50,365|[TRACE] script - #out(`S`) [token]
2021-11-19T10:23:50,365|[TRACE] graph - <------- nonSkippedChar
2021-11-19T10:23:50,365|[TRACE] graph - <----- statementPart
2021-11-19T10:23:50,365|[TRACE] graph - -----> statementPart
2021-11-19T10:23:50,365|[TRACE] graph - -------> nonSkippedChar
2021-11-19T10:23:50,365|[TRACE] script - #out(`C`) [token]
2021-11-19T10:23:50,468|[TRACE] graph - <------- nonSkippedChar
2021-11-19T10:23:50,468|[TRACE] graph - <----- statementPart
2021-11-19T10:23:50,468|[TRACE] graph - -----> statementPart
2021-11-19T10:23:50,468|[TRACE] graph - -------> nonSkippedChar
2021-11-19T10:23:50,468|[TRACE] script - #out(`)`) [token]
2021-11-19T10:23:50,468|[TRACE] graph - <------- nonSkippedChar
2021-11-19T10:23:50,468|[TRACE] graph - <----- statementPart
2021-11-19T10:23:50,468|[TRACE] graph - -----> statementPart
2021-11-19T10:23:50,468|[TRACE] graph - -------> nonSkippedSpace
2021-11-19T10:23:50,468|[TRACE] script - #out(` `) [token]
2021-11-19T10:23:50,468|[TRACE] graph - <------- nonSkippedSpace
2021-11-19T10:23:50,468|[TRACE] graph - <----- statementPart
2021-11-19T10:23:50,468|[TRACE] graph - -----> statementPart
2021-11-19T10:23:50,468|[TRACE] graph - -------> nonSkippedChar
2021-11-19T10:23:50,468|[TRACE] script - #out(`V`) [token]
2021-11-19T10:23:50,468|[TRACE] graph - <------- nonSkippedChar
2021-11-19T10:23:50,468|[TRACE] graph - <----- statementPart
2021-11-19T10:23:50,468|[TRACE] graph - -----> statementPart
2021-11-19T10:23:50,468|[TRACE] graph - -------> nonSkippedChar
2021-11-19T10:23:50,468|[TRACE] script - #out(`I`) [token]
2021-11-19T10:23:50,468|[TRACE] graph - <------- nonSkippedChar
2021-11-19T10:23:50,468|[TRACE] graph - <----- statementPart
2021-11-19T10:23:50,468|[TRACE] graph - -----> statementPart
2021-11-19T10:23:50,469|[TRACE] graph - -------> nonSkippedChar
2021-11-19T10:23:50,469|[TRACE] script - #out(`S`) [token]
2021-11-19T10:23:50,469|[TRACE] graph - <------- nonSkippedChar
2021-11-19T10:23:50,469|[TRACE] graph - <----- statementPart
2021-11-19T10:23:50,469|[TRACE] graph - -----> statementPart
2021-11-19T10:23:50,469|[TRACE] graph - -------> nonSkippedChar
2021-11-19T10:23:50,469|[TRACE] script - #out(`I`) [token]
2021-11-19T10:23:50,469|[TRACE] graph - <------- nonSkippedChar
2021-11-19T10:23:50,469|[TRACE] graph - <----- statementPart
2021-11-19T10:23:50,469|[TRACE] graph - -----> statementPart
2021-11-19T10:23:50,469|[TRACE] graph - -------> nonSkippedChar
2021-11-19T10:23:50,469|[TRACE] script - #out(`B`) [token]
2021-11-19T10:23:50,469|[TRACE] graph - <------- nonSkippedChar
2021-11-19T10:23:50,469|[TRACE] graph - <----- statementPart
2021-11-19T10:23:50,469|[TRACE] graph - -----> statementPart
2021-11-19T10:23:50,469|[TRACE] graph - -------> nonSkippedChar
2021-11-19T10:23:50,469|[TRACE] script - #out(`L`) [token]
2021-11-19T10:23:50,469|[TRACE] graph - <------- nonSkippedChar
2021-11-19T10:23:50,469|[TRACE] graph - <----- statementPart
2021-11-19T10:23:50,469|[TRACE] graph - -----> statementPart
2021-11-19T10:23:50,469|[TRACE] graph - -------> nonSkippedChar
2021-11-19T10:23:50,469|[TRACE] script - #out(`E`) [token]
2021-11-19T10:23:50,469|[TRACE] graph - <------- nonSkippedChar
2021-11-19T10:23:50,469|[TRACE] graph - <----- statementPart
2021-11-19T10:23:50,469|[TRACE] graph - -----> statementPart
2021-11-19T10:23:50,469|[TRACE] graph - -------> nonSkippedChar
2021-11-19T10:23:50,469|[TRACE] script - #out(`,`) [token]
2021-11-19T10:23:50,469|[TRACE] graph - <------- nonSkippedChar
2021-11-19T10:23:50,469|[TRACE] graph - <----- statementPart
2021-11-19T10:23:50,469|[TRACE] graph - -----> afterStatementPartNewline
2021-11-19T10:23:50,469|[TRACE] script - #out(` `) [text]
2021-11-19T10:23:50,469|[TRACE] graph - <----- afterStatementPartNewline
2021-11-19T10:23:50,469|[TRACE] graph - -----> statementPart
2021-11-19T10:23:50,469|[TRACE] graph - -------> nonSkippedSpace
2021-11-19T10:23:50,469|[TRACE] script - #out(` `) [token]
2021-11-19T10:23:50,469|[TRACE] graph - <------- nonSkippedSpace
2021-11-19T10:23:50,469|[TRACE] graph - <----- statementPart
2021-11-19T10:23:50,469|[TRACE] graph - -----> statementPart
2021-11-19T10:23:50,469|[TRACE] graph - -------> nonSkippedSpace
2021-11-19T10:23:50,469|[TRACE] script - #out(` `) [token]
2021-11-19T10:23:50,469|[TRACE] graph - <------- nonSkippedSpace
2021-11-19T10:23:50,469|[TRACE] graph - <----- statementPart
2021-11-19T10:23:50,469|[TRACE] graph - -----> statementPart
2021-11-19T10:23:50,469|[TRACE] graph - -------> nonSkippedChar
2021-11-19T10:23:50,469|[TRACE] script - #out(`I`) [token]
2021-11-19T10:23:50,469|[TRACE] graph - <------- nonSkippedChar
2021-11-19T10:23:50,469|[TRACE] graph - <----- statementPart
2021-11-19T10:23:50,469|[TRACE] graph - -----> statementPart
2021-11-19T10:23:50,469|[TRACE] graph - -------> nonSkippedChar
2021-11-19T10:23:50,469|[TRACE] script - #out(`N`) [token]
2021-11-19T10:23:50,469|[TRACE] graph - <------- nonSkippedChar
2021-11-19T10:23:50,469|[TRACE] graph - <----- statementPart
2021-11-19T10:23:50,469|[TRACE] graph - -----> statementPart
2021-11-19T10:23:50,469|[TRACE] graph - -------> nonSkippedChar
2021-11-19T10:23:50,469|[TRACE] script - #out(`D`) [token]
2021-11-19T10:23:50,469|[TRACE] graph - <------- nonSkippedChar
2021-11-19T10:23:50,469|[TRACE] graph - <----- statementPart
2021-11-19T10:23:50,469|[TRACE] graph - -----> statementPart
2021-11-19T10:23:50,469|[TRACE] graph - -------> nonSkippedChar
2021-11-19T10:23:50,469|[TRACE] script - #out(`E`) [token]
2021-11-19T10:23:50,469|[TRACE] graph - <------- nonSkippedChar
2021-11-19T10:23:50,469|[TRACE] graph - <----- statementPart
2021-11-19T10:23:50,469|[TRACE] graph - -----> statementPart
2021-11-19T10:23:50,469|[TRACE] graph - -------> nonSkippedChar
2021-11-19T10:23:50,469|[TRACE] script - #out(`X`) [token]
2021-11-19T10:23:50,469|[TRACE] graph - <------- nonSkippedChar
2021-11-19T10:23:50,469|[TRACE] graph - <----- statementPart
2021-11-19T10:23:50,469|[TRACE] graph - -----> statementPart
2021-11-19T10:23:50,469|[TRACE] graph - -------> nonSkippedSpace
2021-11-19T10:23:50,469|[TRACE] script - #out(` `) [token]
2021-11-19T10:23:50,469|[TRACE] graph - <------- nonSkippedSpace
2021-11-19T10:23:50,469|[TRACE] graph - <----- statementPart
2021-11-19T10:23:50,469|[TRACE] graph - -----> statementPart
2021-11-19T10:23:50,469|[TRACE] graph - -------> quotedString
2021-11-19T10:23:50,469|[TRACE] script - #out(``fk_donation_record_blood_donation1_idx``) [token]
2021-11-19T10:23:50,469|[TRACE] graph - <------- quotedString
2021-11-19T10:23:50,469|[TRACE] graph - <----- statementPart
2021-11-19T10:23:50,469|[TRACE] graph - -----> statementPart
2021-11-19T10:23:50,469|[TRACE] graph - -------> nonSkippedSpace
2021-11-19T10:23:50,469|[TRACE] script - #out(` `) [token]
2021-11-19T10:23:50,469|[TRACE] graph - <------- nonSkippedSpace
2021-11-19T10:23:50,469|[TRACE] graph - <----- statementPart
2021-11-19T10:23:50,469|[TRACE] graph - -----> statementPart
2021-11-19T10:23:50,469|[TRACE] graph - -------> nonSkippedChar
2021-11-19T10:23:50,469|[TRACE] script - #out(`(`) [token]
2021-11-19T10:23:50,469|[TRACE] graph - <------- nonSkippedChar
2021-11-19T10:23:50,469|[TRACE] graph - <----- statementPart
2021-11-19T10:23:50,469|[TRACE] graph - -----> statementPart
2021-11-19T10:23:50,469|[TRACE] graph - -------> quotedString
2021-11-19T10:23:50,469|[TRACE] script - #out(``donation_id``) [token]
2021-11-19T10:23:50,469|[TRACE] graph - <------- quotedString
2021-11-19T10:23:50,469|[TRACE] graph - <----- statementPart
2021-11-19T10:23:50,469|[TRACE] graph - -----> statementPart
2021-11-19T10:23:50,469|[TRACE] graph - -------> nonSkippedSpace
2021-11-19T10:23:50,469|[TRACE] script - #out(` `) [token]
2021-11-19T10:23:50,469|[TRACE] graph - <------- nonSkippedSpace
2021-11-19T10:23:50,469|[TRACE] graph - <----- statementPart
2021-11-19T10:23:50,469|[TRACE] graph - -----> statementPart
2021-11-19T10:23:50,469|[TRACE] graph - -------> nonSkippedChar
2021-11-19T10:23:50,469|[TRACE] script - #out(`A`) [token]
2021-11-19T10:23:50,469|[TRACE] graph - <------- nonSkippedChar
2021-11-19T10:23:50,469|[TRACE] graph - <----- statementPart
2021-11-19T10:23:50,469|[TRACE] graph - -----> statementPart
2021-11-19T10:23:50,469|[TRACE] graph - -------> nonSkippedChar
2021-11-19T10:23:50,469|[TRACE] script - #out(`S`) [token]
2021-11-19T10:23:50,469|[TRACE] graph - <------- nonSkippedChar
2021-11-19T10:23:50,469|[TRACE] graph - <----- statementPart
2021-11-19T10:23:50,469|[TRACE] graph - -----> statementPart
2021-11-19T10:23:50,469|[TRACE] graph - -------> nonSkippedChar
2021-11-19T10:23:50,469|[TRACE] script - #out(`C`) [token]
2021-11-19T10:23:50,469|[TRACE] graph - <------- nonSkippedChar
2021-11-19T10:23:50,469|[TRACE] graph - <----- statementPart
2021-11-19T10:23:50,469|[TRACE] graph - -----> statementPart
2021-11-19T10:23:50,469|[TRACE] graph - -------> nonSkippedChar
2021-11-19T10:23:50,469|[TRACE] script - #out(`)`) [token]
2021-11-19T10:23:50,469|[TRACE] graph - <------- nonSkippedChar
2021-11-19T10:23:50,469|[TRACE] graph - <----- statementPart
2021-11-19T10:23:50,469|[TRACE] graph - -----> statementPart
2021-11-19T10:23:50,469|[TRACE] graph - -------> nonSkippedSpace
2021-11-19T10:23:50,469|[TRACE] script - #out(` `) [token]
2021-11-19T10:23:50,469|[TRACE] graph - <------- nonSkippedSpace
2021-11-19T10:23:50,469|[TRACE] graph - <----- statementPart
2021-11-19T10:23:50,469|[TRACE] graph - -----> statementPart
2021-11-19T10:23:50,469|[TRACE] graph - -------> nonSkippedChar
2021-11-19T10:23:50,469|[TRACE] script - #out(`V`) [token]
2021-11-19T10:23:50,469|[TRACE] graph - <------- nonSkippedChar
2021-11-19T10:23:50,469|[TRACE] graph - <----- statementPart
2021-11-19T10:23:50,469|[TRACE] graph - -----> statementPart
2021-11-19T10:23:50,469|[TRACE] graph - -------> nonSkippedChar
2021-11-19T10:23:50,469|[TRACE] script - #out(`I`) [token]
2021-11-19T10:23:50,469|[TRACE] graph - <------- nonSkippedChar
2021-11-19T10:23:50,469|[TRACE] graph - <----- statementPart
2021-11-19T10:23:50,469|[TRACE] graph - -----> statementPart
2021-11-19T10:23:50,469|[TRACE] graph - -------> nonSkippedChar
2021-11-19T10:23:50,469|[TRACE] script - #out(`S`) [token]
2021-11-19T10:23:50,469|[TRACE] graph - <------- nonSkippedChar
2021-11-19T10:23:50,469|[TRACE] graph - <----- statementPart
2021-11-19T10:23:50,469|[TRACE] graph - -----> statementPart
2021-11-19T10:23:50,469|[TRACE] graph - -------> nonSkippedChar
2021-11-19T10:23:50,469|[TRACE] script - #out(`I`) [token]
2021-11-19T10:23:50,469|[TRACE] graph - <------- nonSkippedChar
2021-11-19T10:23:50,469|[TRACE] graph - <----- statementPart
2021-11-19T10:23:50,469|[TRACE] graph - -----> statementPart
2021-11-19T10:23:50,469|[TRACE] graph - -------> nonSkippedChar
2021-11-19T10:23:50,469|[TRACE] script - #out(`B`) [token]
2021-11-19T10:23:50,469|[TRACE] graph - <------- nonSkippedChar
2021-11-19T10:23:50,469|[TRACE] graph - <----- statementPart
2021-11-19T10:23:50,469|[TRACE] graph - -----> statementPart
2021-11-19T10:23:50,469|[TRACE] graph - -------> nonSkippedChar
2021-11-19T10:23:50,469|[TRACE] script - #out(`L`) [token]
2021-11-19T10:23:50,469|[TRACE] graph - <------- nonSkippedChar
2021-11-19T10:23:50,469|[TRACE] graph - <----- statementPart
2021-11-19T10:23:50,469|[TRACE] graph - -----> statementPart
2021-11-19T10:23:50,469|[TRACE] graph - -------> nonSkippedChar
2021-11-19T10:23:50,469|[TRACE] script - #out(`E`) [token]
2021-11-19T10:23:50,469|[TRACE] graph - <------- nonSkippedChar
2021-11-19T10:23:50,469|[TRACE] graph - <----- statementPart
2021-11-19T10:23:50,469|[TRACE] graph - -----> statementPart
2021-11-19T10:23:50,469|[TRACE] graph - -------> nonSkippedChar
2021-11-19T10:23:50,469|[TRACE] script - #out(`,`) [token]
2021-11-19T10:23:50,469|[TRACE] graph - <------- nonSkippedChar
2021-11-19T10:23:50,469|[TRACE] graph - <----- statementPart
2021-11-19T10:23:50,469|[TRACE] graph - -----> afterStatementPartNewline
2021-11-19T10:23:50,469|[TRACE] script - #out(` `) [text]
2021-11-19T10:23:50,469|[TRACE] graph - <----- afterStatementPartNewline
2021-11-19T10:23:50,469|[TRACE] graph - -----> statementPart
2021-11-19T10:23:50,469|[TRACE] graph - -------> nonSkippedSpace
2021-11-19T10:23:50,469|[TRACE] script - #out(` `) [token]
2021-11-19T10:23:50,469|[TRACE] graph - <------- nonSkippedSpace
2021-11-19T10:23:50,469|[TRACE] graph - <----- statementPart
2021-11-19T10:23:50,469|[TRACE] graph - -----> statementPart
2021-11-19T10:23:50,469|[TRACE] graph - -------> nonSkippedSpace
2021-11-19T10:23:50,469|[TRACE] script - #out(` `) [token]
2021-11-19T10:23:50,469|[TRACE] graph - <------- nonSkippedSpace
2021-11-19T10:23:50,469|[TRACE] graph - <----- statementPart
2021-11-19T10:23:50,469|[TRACE] graph - -----> statementPart
2021-11-19T10:23:50,469|[TRACE] graph - -------> nonSkippedChar
2021-11-19T10:23:50,469|[TRACE] script - #out(`U`) [token]
2021-11-19T10:23:50,469|[TRACE] graph - <------- nonSkippedChar
2021-11-19T10:23:50,469|[TRACE] graph - <----- statementPart
2021-11-19T10:23:50,469|[TRACE] graph - -----> statementPart
2021-11-19T10:23:50,469|[TRACE] graph - -------> nonSkippedChar
2021-11-19T10:23:50,469|[TRACE] script - #out(`N`) [token]
2021-11-19T10:23:50,469|[TRACE] graph - <------- nonSkippedChar
2021-11-19T10:23:50,469|[TRACE] graph - <----- statementPart
2021-11-19T10:23:50,469|[TRACE] graph - -----> statementPart
2021-11-19T10:23:50,469|[TRACE] graph - -------> nonSkippedChar
2021-11-19T10:23:50,469|[TRACE] script - #out(`I`) [token]
2021-11-19T10:23:50,469|[TRACE] graph - <------- nonSkippedChar
2021-11-19T10:23:50,469|[TRACE] graph - <----- statementPart
2021-11-19T10:23:50,469|[TRACE] graph - -----> statementPart
2021-11-19T10:23:50,469|[TRACE] graph - -------> nonSkippedChar
2021-11-19T10:23:50,469|[TRACE] script - #out(`Q`) [token]
2021-11-19T10:23:50,469|[TRACE] graph - <------- nonSkippedChar
2021-11-19T10:23:50,469|[TRACE] graph - <----- statementPart
2021-11-19T10:23:50,469|[TRACE] graph - -----> statementPart
2021-11-19T10:23:50,469|[TRACE] graph - -------> nonSkippedChar
2021-11-19T10:23:50,469|[TRACE] script - #out(`U`) [token]
2021-11-19T10:23:50,469|[TRACE] graph - <------- nonSkippedChar
2021-11-19T10:23:50,469|[TRACE] graph - <----- statementPart
2021-11-19T10:23:50,469|[TRACE] graph - -----> statementPart
2021-11-19T10:23:50,469|[TRACE] graph - -------> nonSkippedChar
2021-11-19T10:23:50,469|[TRACE] script - #out(`E`) [token]
2021-11-19T10:23:50,469|[TRACE] graph - <------- nonSkippedChar
2021-11-19T10:23:50,469|[TRACE] graph - <----- statementPart
2021-11-19T10:23:50,469|[TRACE] graph - -----> statementPart
2021-11-19T10:23:50,469|[TRACE] graph - -------> nonSkippedSpace
2021-11-19T10:23:50,469|[TRACE] script - #out(` `) [token]
2021-11-19T10:23:50,469|[TRACE] graph - <------- nonSkippedSpace
2021-11-19T10:23:50,469|[TRACE] graph - <----- statementPart
2021-11-19T10:23:50,469|[TRACE] graph - -----> statementPart
2021-11-19T10:23:50,469|[TRACE] graph - -------> nonSkippedChar
2021-11-19T10:23:50,469|[TRACE] script - #out(`I`) [token]
2021-11-19T10:23:50,469|[TRACE] graph - <------- nonSkippedChar
2021-11-19T10:23:50,469|[TRACE] graph - <----- statementPart
2021-11-19T10:23:50,469|[TRACE] graph - -----> statementPart
2021-11-19T10:23:50,469|[TRACE] graph - -------> nonSkippedChar
2021-11-19T10:23:50,469|[TRACE] script - #out(`N`) [token]
2021-11-19T10:23:50,469|[TRACE] graph - <------- nonSkippedChar
2021-11-19T10:23:50,469|[TRACE] graph - <----- statementPart
2021-11-19T10:23:50,469|[TRACE] graph - -----> statementPart
2021-11-19T10:23:50,469|[TRACE] graph - -------> nonSkippedChar
2021-11-19T10:23:50,469|[TRACE] script - #out(`D`) [token]
2021-11-19T10:23:50,469|[TRACE] graph - <------- nonSkippedChar
2021-11-19T10:23:50,469|[TRACE] graph - <----- statementPart
2021-11-19T10:23:50,469|[TRACE] graph - -----> statementPart
2021-11-19T10:23:50,469|[TRACE] graph - -------> nonSkippedChar
2021-11-19T10:23:50,469|[TRACE] script - #out(`E`) [token]
2021-11-19T10:23:50,469|[TRACE] graph - <------- nonSkippedChar
2021-11-19T10:23:50,469|[TRACE] graph - <----- statementPart
2021-11-19T10:23:50,469|[TRACE] graph - -----> statementPart
2021-11-19T10:23:50,469|[TRACE] graph - -------> nonSkippedChar
2021-11-19T10:23:50,469|[TRACE] script - #out(`X`) [token]
2021-11-19T10:23:50,469|[TRACE] graph - <------- nonSkippedChar
2021-11-19T10:23:50,469|[TRACE] graph - <----- statementPart
2021-11-19T10:23:50,469|[TRACE] graph - -----> statementPart
2021-11-19T10:23:50,469|[TRACE] graph - -------> nonSkippedSpace
2021-11-19T10:23:50,469|[TRACE] script - #out(` `) [token]
2021-11-19T10:23:50,469|[TRACE] graph - <------- nonSkippedSpace
2021-11-19T10:23:50,469|[TRACE] graph - <----- statementPart
2021-11-19T10:23:50,469|[TRACE] graph - -----> statementPart
2021-11-19T10:23:50,469|[TRACE] graph - -------> quotedString
2021-11-19T10:23:50,469|[TRACE] script - #out(``record_id_UNIQUE``) [token]
2021-11-19T10:23:50,469|[TRACE] graph - <------- quotedString
2021-11-19T10:23:50,469|[TRACE] graph - <----- statementPart
2021-11-19T10:23:50,469|[TRACE] graph - -----> statementPart
2021-11-19T10:23:50,469|[TRACE] graph - -------> nonSkippedSpace
2021-11-19T10:23:50,469|[TRACE] script - #out(` `) [token]
2021-11-19T10:23:50,469|[TRACE] graph - <------- nonSkippedSpace
2021-11-19T10:23:50,469|[TRACE] graph - <----- statementPart
2021-11-19T10:23:50,469|[TRACE] graph - -----> statementPart
2021-11-19T10:23:50,469|[TRACE] graph - -------> nonSkippedChar
2021-11-19T10:23:50,469|[TRACE] script - #out(`(`) [token]
2021-11-19T10:23:50,469|[TRACE] graph - <------- nonSkippedChar
2021-11-19T10:23:50,469|[TRACE] graph - <----- statementPart
2021-11-19T10:23:50,469|[TRACE] graph - -----> statementPart
2021-11-19T10:23:50,469|[TRACE] graph - -------> quotedString
2021-11-19T10:23:50,469|[TRACE] script - #out(``record_id``) [token]
2021-11-19T10:23:50,469|[TRACE] graph - <------- quotedString
2021-11-19T10:23:50,469|[TRACE] graph - <----- statementPart
2021-11-19T10:23:50,469|[TRACE] graph - -----> statementPart
2021-11-19T10:23:50,469|[TRACE] graph - -------> nonSkippedSpace
2021-11-19T10:23:50,469|[TRACE] script - #out(` `) [token]
2021-11-19T10:23:50,469|[TRACE] graph - <------- nonSkippedSpace
2021-11-19T10:23:50,469|[TRACE] graph - <----- statementPart
2021-11-19T10:23:50,469|[TRACE] graph - -----> statementPart
2021-11-19T10:23:50,469|[TRACE] graph - -------> nonSkippedChar
2021-11-19T10:23:50,469|[TRACE] script - #out(`A`) [token]
2021-11-19T10:23:50,469|[TRACE] graph - <------- nonSkippedChar
2021-11-19T10:23:50,469|[TRACE] graph - <----- statementPart
2021-11-19T10:23:50,469|[TRACE] graph - -----> statementPart
2021-11-19T10:23:50,469|[TRACE] graph - -------> nonSkippedChar
2021-11-19T10:23:50,469|[TRACE] script - #out(`S`) [token]
2021-11-19T10:23:50,469|[TRACE] graph - <------- nonSkippedChar
2021-11-19T10:23:50,469|[TRACE] graph - <----- statementPart
2021-11-19T10:23:50,469|[TRACE] graph - -----> statementPart
2021-11-19T10:23:50,469|[TRACE] graph - -------> nonSkippedChar
2021-11-19T10:23:50,469|[TRACE] script - #out(`C`) [token]
2021-11-19T10:23:50,470|[TRACE] graph - <------- nonSkippedChar
2021-11-19T10:23:50,470|[TRACE] graph - <----- statementPart
2021-11-19T10:23:50,470|[TRACE] graph - -----> statementPart
2021-11-19T10:23:50,470|[TRACE] graph - -------> nonSkippedChar
2021-11-19T10:23:50,470|[TRACE] script - #out(`)`) [token]
2021-11-19T10:23:50,470|[TRACE] graph - <------- nonSkippedChar
2021-11-19T10:23:50,470|[TRACE] graph - <----- statementPart
2021-11-19T10:23:50,470|[TRACE] graph - -----> statementPart
2021-11-19T10:23:50,470|[TRACE] graph - -------> nonSkippedSpace
2021-11-19T10:23:50,470|[TRACE] script - #out(` `) [token]
2021-11-19T10:23:50,470|[TRACE] graph - <------- nonSkippedSpace
2021-11-19T10:23:50,470|[TRACE] graph - <----- statementPart
2021-11-19T10:23:50,470|[TRACE] graph - -----> statementPart
2021-11-19T10:23:50,470|[TRACE] graph - -------> nonSkippedChar
2021-11-19T10:23:50,470|[TRACE] script - #out(`V`) [token]
2021-11-19T10:23:50,470|[TRACE] graph - <------- nonSkippedChar
2021-11-19T10:23:50,470|[TRACE] graph - <----- statementPart
2021-11-19T10:23:50,470|[TRACE] graph - -----> statementPart
2021-11-19T10:23:50,470|[TRACE] graph - -------> nonSkippedChar
2021-11-19T10:23:50,470|[TRACE] script - #out(`I`) [token]
2021-11-19T10:23:50,470|[TRACE] graph - <------- nonSkippedChar
2021-11-19T10:23:50,470|[TRACE] graph - <----- statementPart
2021-11-19T10:23:50,470|[TRACE] graph - -----> statementPart
2021-11-19T10:23:50,470|[TRACE] graph - -------> nonSkippedChar
2021-11-19T10:23:50,470|[TRACE] script - #out(`S`) [token]
2021-11-19T10:23:50,470|[TRACE] graph - <------- nonSkippedChar
2021-11-19T10:23:50,470|[TRACE] graph - <----- statementPart
2021-11-19T10:23:50,470|[TRACE] graph - -----> statementPart
2021-11-19T10:23:50,470|[TRACE] graph - -------> nonSkippedChar
2021-11-19T10:23:50,470|[TRACE] script - #out(`I`) [token]
2021-11-19T10:23:50,470|[TRACE] graph - <------- nonSkippedChar
2021-11-19T10:23:50,470|[TRACE] graph - <----- statementPart
2021-11-19T10:23:50,470|[TRACE] graph - -----> statementPart
2021-11-19T10:23:50,470|[TRACE] graph - -------> nonSkippedChar
2021-11-19T10:23:50,470|[TRACE] script - #out(`B`) [token]
2021-11-19T10:23:50,470|[TRACE] graph - <------- nonSkippedChar
2021-11-19T10:23:50,470|[TRACE] graph - <----- statementPart
2021-11-19T10:23:50,470|[TRACE] graph - -----> statementPart
2021-11-19T10:23:50,470|[TRACE] graph - -------> nonSkippedChar
2021-11-19T10:23:50,470|[TRACE] script - #out(`L`) [token]
2021-11-19T10:23:50,470|[TRACE] graph - <------- nonSkippedChar
2021-11-19T10:23:50,470|[TRACE] graph - <----- statementPart
2021-11-19T10:23:50,470|[TRACE] graph - -----> statementPart
2021-11-19T10:23:50,470|[TRACE] graph - -------> nonSkippedChar
2021-11-19T10:23:50,470|[TRACE] script - #out(`E`) [token]
2021-11-19T10:23:50,470|[TRACE] graph - <------- nonSkippedChar
2021-11-19T10:23:50,470|[TRACE] graph - <----- statementPart
2021-11-19T10:23:50,470|[TRACE] graph - -----> statementPart
2021-11-19T10:23:50,470|[TRACE] graph - -------> nonSkippedChar
2021-11-19T10:23:50,470|[TRACE] script - #out(`,`) [token]
2021-11-19T10:23:50,470|[TRACE] graph - <------- nonSkippedChar
2021-11-19T10:23:50,470|[TRACE] graph - <----- statementPart
2021-11-19T10:23:50,470|[TRACE] graph - -----> afterStatementPartNewline
2021-11-19T10:23:50,470|[TRACE] script - #out(` `) [text]
2021-11-19T10:23:50,470|[TRACE] graph - <----- afterStatementPartNewline
2021-11-19T10:23:50,470|[TRACE] graph - -----> statementPart
2021-11-19T10:23:50,470|[TRACE] graph - -------> nonSkippedSpace
2021-11-19T10:23:50,470|[TRACE] script - #out(` `) [token]
2021-11-19T10:23:50,470|[TRACE] graph - <------- nonSkippedSpace
2021-11-19T10:23:50,470|[TRACE] graph - <----- statementPart
2021-11-19T10:23:50,470|[TRACE] graph - -----> statementPart
2021-11-19T10:23:50,470|[TRACE] graph - -------> nonSkippedSpace
2021-11-19T10:23:50,470|[TRACE] script - #out(` `) [token]
2021-11-19T10:23:50,470|[TRACE] graph - <------- nonSkippedSpace
2021-11-19T10:23:50,470|[TRACE] graph - <----- statementPart
2021-11-19T10:23:50,470|[TRACE] graph - -----> statementPart
2021-11-19T10:23:50,470|[TRACE] graph - -------> nonSkippedChar
2021-11-19T10:23:50,470|[TRACE] script - #out(`P`) [token]
2021-11-19T10:23:50,470|[TRACE] graph - <------- nonSkippedChar
2021-11-19T10:23:50,470|[TRACE] graph - <----- statementPart
2021-11-19T10:23:50,470|[TRACE] graph - -----> statementPart
2021-11-19T10:23:50,470|[TRACE] graph - -------> nonSkippedChar
2021-11-19T10:23:50,470|[TRACE] script - #out(`R`) [token]
2021-11-19T10:23:50,470|[TRACE] graph - <------- nonSkippedChar
2021-11-19T10:23:50,470|[TRACE] graph - <----- statementPart
2021-11-19T10:23:50,470|[TRACE] graph - -----> statementPart
2021-11-19T10:23:50,470|[TRACE] graph - -------> nonSkippedChar
2021-11-19T10:23:50,470|[TRACE] script - #out(`I`) [token]
2021-11-19T10:23:50,470|[TRACE] graph - <------- nonSkippedChar
2021-11-19T10:23:50,470|[TRACE] graph - <----- statementPart
2021-11-19T10:23:50,470|[TRACE] graph - -----> statementPart
2021-11-19T10:23:50,470|[TRACE] graph - -------> nonSkippedChar
2021-11-19T10:23:50,470|[TRACE] script - #out(`M`) [token]
2021-11-19T10:23:50,470|[TRACE] graph - <------- nonSkippedChar
2021-11-19T10:23:50,470|[TRACE] graph - <----- statementPart
2021-11-19T10:23:50,470|[TRACE] graph - -----> statementPart
2021-11-19T10:23:50,470|[TRACE] graph - -------> nonSkippedChar
2021-11-19T10:23:50,470|[TRACE] script - #out(`A`) [token]
2021-11-19T10:23:50,470|[TRACE] graph - <------- nonSkippedChar
2021-11-19T10:23:50,470|[TRACE] graph - <----- statementPart
2021-11-19T10:23:50,470|[TRACE] graph - -----> statementPart
2021-11-19T10:23:50,470|[TRACE] graph - -------> nonSkippedChar
2021-11-19T10:23:50,470|[TRACE] script - #out(`R`) [token]
2021-11-19T10:23:50,470|[TRACE] graph - <------- nonSkippedChar
2021-11-19T10:23:50,470|[TRACE] graph - <----- statementPart
2021-11-19T10:23:50,470|[TRACE] graph - -----> statementPart
2021-11-19T10:23:50,470|[TRACE] graph - -------> nonSkippedChar
2021-11-19T10:23:50,470|[TRACE] script - #out(`Y`) [token]
2021-11-19T10:23:50,470|[TRACE] graph - <------- nonSkippedChar
2021-11-19T10:23:50,470|[TRACE] graph - <----- statementPart
2021-11-19T10:23:50,470|[TRACE] graph - -----> statementPart
2021-11-19T10:23:50,470|[TRACE] graph - -------> nonSkippedSpace
2021-11-19T10:23:50,470|[TRACE] script - #out(` `) [token]
2021-11-19T10:23:50,470|[TRACE] graph - <------- nonSkippedSpace
2021-11-19T10:23:50,470|[TRACE] graph - <----- statementPart
2021-11-19T10:23:50,470|[TRACE] graph - -----> statementPart
2021-11-19T10:23:50,470|[TRACE] graph - -------> nonSkippedChar
2021-11-19T10:23:50,470|[TRACE] script - #out(`K`) [token]
2021-11-19T10:23:50,470|[TRACE] graph - <------- nonSkippedChar
2021-11-19T10:23:50,470|[TRACE] graph - <----- statementPart
2021-11-19T10:23:50,470|[TRACE] graph - -----> statementPart
2021-11-19T10:23:50,470|[TRACE] graph - -------> nonSkippedChar
2021-11-19T10:23:50,470|[TRACE] script - #out(`E`) [token]
2021-11-19T10:23:50,470|[TRACE] graph - <------- nonSkippedChar
2021-11-19T10:23:50,470|[TRACE] graph - <----- statementPart
2021-11-19T10:23:50,470|[TRACE] graph - -----> statementPart
2021-11-19T10:23:50,470|[TRACE] graph - -------> nonSkippedChar
2021-11-19T10:23:50,470|[TRACE] script - #out(`Y`) [token]
2021-11-19T10:23:50,470|[TRACE] graph - <------- nonSkippedChar
2021-11-19T10:23:50,470|[TRACE] graph - <----- statementPart
2021-11-19T10:23:50,470|[TRACE] graph - -----> statementPart
2021-11-19T10:23:50,470|[TRACE] graph - -------> nonSkippedSpace
2021-11-19T10:23:50,470|[TRACE] script - #out(` `) [token]
2021-11-19T10:23:50,470|[TRACE] graph - <------- nonSkippedSpace
2021-11-19T10:23:50,470|[TRACE] graph - <----- statementPart
2021-11-19T10:23:50,470|[TRACE] graph - -----> statementPart
2021-11-19T10:23:50,470|[TRACE] graph - -------> nonSkippedChar
2021-11-19T10:23:50,470|[TRACE] script - #out(`(`) [token]
2021-11-19T10:23:50,470|[TRACE] graph - <------- nonSkippedChar
2021-11-19T10:23:50,470|[TRACE] graph - <----- statementPart
2021-11-19T10:23:50,470|[TRACE] graph - -----> statementPart
2021-11-19T10:23:50,470|[TRACE] graph - -------> quotedString
2021-11-19T10:23:50,470|[TRACE] script - #out(``record_id``) [token]
2021-11-19T10:23:50,470|[TRACE] graph - <------- quotedString
2021-11-19T10:23:50,470|[TRACE] graph - <----- statementPart
2021-11-19T10:23:50,470|[TRACE] graph - -----> statementPart
2021-11-19T10:23:50,470|[TRACE] graph - -------> nonSkippedChar
2021-11-19T10:23:50,470|[TRACE] script - #out(`)`) [token]
2021-11-19T10:23:50,470|[TRACE] graph - <------- nonSkippedChar
2021-11-19T10:23:50,470|[TRACE] graph - <----- statementPart
2021-11-19T10:23:50,470|[TRACE] graph - -----> statementPart
2021-11-19T10:23:50,470|[TRACE] graph - -------> nonSkippedChar
2021-11-19T10:23:50,470|[TRACE] script - #out(`,`) [token]
2021-11-19T10:23:50,470|[TRACE] graph - <------- nonSkippedChar
2021-11-19T10:23:50,470|[TRACE] graph - <----- statementPart
2021-11-19T10:23:50,470|[TRACE] graph - -----> afterStatementPartNewline
2021-11-19T10:23:50,470|[TRACE] script - #out(` `) [text]
2021-11-19T10:23:50,470|[TRACE] graph - <----- afterStatementPartNewline
2021-11-19T10:23:50,470|[TRACE] graph - -----> statementPart
2021-11-19T10:23:50,470|[TRACE] graph - -------> nonSkippedSpace
2021-11-19T10:23:50,470|[TRACE] script - #out(` `) [token]
2021-11-19T10:23:50,470|[TRACE] graph - <------- nonSkippedSpace
2021-11-19T10:23:50,470|[TRACE] graph - <----- statementPart
2021-11-19T10:23:50,470|[TRACE] graph - -----> statementPart
2021-11-19T10:23:50,470|[TRACE] graph - -------> nonSkippedSpace
2021-11-19T10:23:50,470|[TRACE] script - #out(` `) [token]
2021-11-19T10:23:50,470|[TRACE] graph - <------- nonSkippedSpace
2021-11-19T10:23:50,470|[TRACE] graph - <----- statementPart
2021-11-19T10:23:50,470|[TRACE] graph - -----> statementPart
2021-11-19T10:23:50,470|[TRACE] graph - -------> nonSkippedChar
2021-11-19T10:23:50,470|[TRACE] script - #out(`C`) [token]
2021-11-19T10:23:50,470|[TRACE] graph - <------- nonSkippedChar
2021-11-19T10:23:50,470|[TRACE] graph - <----- statementPart
2021-11-19T10:23:50,578|[TRACE] graph - -----> statementPart
2021-11-19T10:23:50,578|[TRACE] graph - -------> nonSkippedChar
2021-11-19T10:23:50,578|[TRACE] script - #out(`O`) [token]
2021-11-19T10:23:50,578|[TRACE] graph - <------- nonSkippedChar
2021-11-19T10:23:50,578|[TRACE] graph - <----- statementPart
2021-11-19T10:23:50,578|[TRACE] graph - -----> statementPart
2021-11-19T10:23:50,578|[TRACE] graph - -------> nonSkippedChar
2021-11-19T10:23:50,578|[TRACE] script - #out(`N`) [token]
2021-11-19T10:23:50,578|[TRACE] graph - <------- nonSkippedChar
2021-11-19T10:23:50,578|[TRACE] graph - <----- statementPart
2021-11-19T10:23:50,578|[TRACE] graph - -----> statementPart
2021-11-19T10:23:50,578|[TRACE] graph - -------> nonSkippedChar
2021-11-19T10:23:50,578|[TRACE] script - #out(`S`) [token]
2021-11-19T10:23:50,578|[TRACE] graph - <------- nonSkippedChar
2021-11-19T10:23:50,578|[TRACE] graph - <----- statementPart
2021-11-19T10:23:50,578|[TRACE] graph - -----> statementPart
2021-11-19T10:23:50,578|[TRACE] graph - -------> nonSkippedChar
2021-11-19T10:23:50,578|[TRACE] script - #out(`T`) [token]
2021-11-19T10:23:50,578|[TRACE] graph - <------- nonSkippedChar
2021-11-19T10:23:50,578|[TRACE] graph - <----- statementPart
2021-11-19T10:23:50,578|[TRACE] graph - -----> statementPart
2021-11-19T10:23:50,578|[TRACE] graph - -------> nonSkippedChar
2021-11-19T10:23:50,578|[TRACE] script - #out(`R`) [token]
2021-11-19T10:23:50,578|[TRACE] graph - <------- nonSkippedChar
2021-11-19T10:23:50,578|[TRACE] graph - <----- statementPart
2021-11-19T10:23:50,578|[TRACE] graph - -----> statementPart
2021-11-19T10:23:50,578|[TRACE] graph - -------> nonSkippedChar
2021-11-19T10:23:50,578|[TRACE] script - #out(`A`) [token]
2021-11-19T10:23:50,578|[TRACE] graph - <------- nonSkippedChar
2021-11-19T10:23:50,578|[TRACE] graph - <----- statementPart
2021-11-19T10:23:50,578|[TRACE] graph - -----> statementPart
2021-11-19T10:23:50,578|[TRACE] graph - -------> nonSkippedChar
2021-11-19T10:23:50,578|[TRACE] script - #out(`I`) [token]
2021-11-19T10:23:50,578|[TRACE] graph - <------- nonSkippedChar
2021-11-19T10:23:50,578|[TRACE] graph - <----- statementPart
2021-11-19T10:23:50,578|[TRACE] graph - -----> statementPart
2021-11-19T10:23:50,578|[TRACE] graph - -------> nonSkippedChar
2021-11-19T10:23:50,578|[TRACE] script - #out(`N`) [token]
2021-11-19T10:23:50,578|[TRACE] graph - <------- nonSkippedChar
2021-11-19T10:23:50,578|[TRACE] graph - <----- statementPart
2021-11-19T10:23:50,578|[TRACE] graph - -----> statementPart
2021-11-19T10:23:50,578|[TRACE] graph - -------> nonSkippedChar
2021-11-19T10:23:50,578|[TRACE] script - #out(`T`) [token]
2021-11-19T10:23:50,578|[TRACE] graph - <------- nonSkippedChar
2021-11-19T10:23:50,578|[TRACE] graph - <----- statementPart
2021-11-19T10:23:50,578|[TRACE] graph - -----> statementPart
2021-11-19T10:23:50,578|[TRACE] graph - -------> nonSkippedSpace
2021-11-19T10:23:50,578|[TRACE] script - #out(` `) [token]
2021-11-19T10:23:50,578|[TRACE] graph - <------- nonSkippedSpace
2021-11-19T10:23:50,578|[TRACE] graph - <----- statementPart
2021-11-19T10:23:50,578|[TRACE] graph - -----> statementPart
2021-11-19T10:23:50,578|[TRACE] graph - -------> quotedString
2021-11-19T10:23:50,578|[TRACE] script - #out(``fk_donation_record_person1``) [token]
2021-11-19T10:23:50,578|[TRACE] graph - <------- quotedString
2021-11-19T10:23:50,578|[TRACE] graph - <----- statementPart
2021-11-19T10:23:50,578|[TRACE] graph - -----> afterStatementPartNewline
2021-11-19T10:23:50,578|[TRACE] script - #out(` `) [text]
2021-11-19T10:23:50,578|[TRACE] graph - <----- afterStatementPartNewline
2021-11-19T10:23:50,578|[TRACE] graph - -----> statementPart
2021-11-19T10:23:50,578|[TRACE] graph - -------> nonSkippedSpace
2021-11-19T10:23:50,578|[TRACE] script - #out(` `) [token]
2021-11-19T10:23:50,578|[TRACE] graph - <------- nonSkippedSpace
2021-11-19T10:23:50,578|[TRACE] graph - <----- statementPart
2021-11-19T10:23:50,578|[TRACE] graph - -----> statementPart
2021-11-19T10:23:50,578|[TRACE] graph - -------> nonSkippedSpace
2021-11-19T10:23:50,578|[TRACE] script - #out(` `) [token]
2021-11-19T10:23:50,578|[TRACE] graph - <------- nonSkippedSpace
2021-11-19T10:23:50,578|[TRACE] graph - <----- statementPart
2021-11-19T10:23:50,578|[TRACE] graph - -----> statementPart
2021-11-19T10:23:50,578|[TRACE] graph - -------> nonSkippedSpace
2021-11-19T10:23:50,578|[TRACE] script - #out(` `) [token]
2021-11-19T10:23:50,578|[TRACE] graph - <------- nonSkippedSpace
2021-11-19T10:23:50,578|[TRACE] graph - <----- statementPart
2021-11-19T10:23:50,578|[TRACE] graph - -----> statementPart
2021-11-19T10:23:50,578|[TRACE] graph - -------> nonSkippedSpace
2021-11-19T10:23:50,578|[TRACE] script - #out(` `) [token]
2021-11-19T10:23:50,578|[TRACE] graph - <------- nonSkippedSpace
2021-11-19T10:23:50,578|[TRACE] graph - <----- statementPart
2021-11-19T10:23:50,578|[TRACE] graph - -----> statementPart
2021-11-19T10:23:50,578|[TRACE] graph - -------> nonSkippedChar
2021-11-19T10:23:50,578|[TRACE] script - #out(`F`) [token]
2021-11-19T10:23:50,578|[TRACE] graph - <------- nonSkippedChar
2021-11-19T10:23:50,578|[TRACE] graph - <----- statementPart
2021-11-19T10:23:50,578|[TRACE] graph - -----> statementPart
2021-11-19T10:23:50,578|[TRACE] graph - -------> nonSkippedChar
2021-11-19T10:23:50,578|[TRACE] script - #out(`O`) [token]
2021-11-19T10:23:50,578|[TRACE] graph - <------- nonSkippedChar
2021-11-19T10:23:50,578|[TRACE] graph - <----- statementPart
2021-11-19T10:23:50,578|[TRACE] graph - -----> statementPart
2021-11-19T10:23:50,578|[TRACE] graph - -------> nonSkippedChar
2021-11-19T10:23:50,578|[TRACE] script - #out(`R`) [token]
2021-11-19T10:23:50,578|[TRACE] graph - <------- nonSkippedChar
2021-11-19T10:23:50,578|[TRACE] graph - <----- statementPart
2021-11-19T10:23:50,578|[TRACE] graph - -----> statementPart
2021-11-19T10:23:50,578|[TRACE] graph - -------> nonSkippedChar
2021-11-19T10:23:50,578|[TRACE] script - #out(`E`) [token]
2021-11-19T10:23:50,578|[TRACE] graph - <------- nonSkippedChar
2021-11-19T10:23:50,578|[TRACE] graph - <----- statementPart
2021-11-19T10:23:50,578|[TRACE] graph - -----> statementPart
2021-11-19T10:23:50,578|[TRACE] graph - -------> nonSkippedChar
2021-11-19T10:23:50,578|[TRACE] script - #out(`I`) [token]
2021-11-19T10:23:50,578|[TRACE] graph - <------- nonSkippedChar
2021-11-19T10:23:50,578|[TRACE] graph - <----- statementPart
2021-11-19T10:23:50,578|[TRACE] graph - -----> statementPart
2021-11-19T10:23:50,578|[TRACE] graph - -------> nonSkippedChar
2021-11-19T10:23:50,578|[TRACE] script - #out(`G`) [token]
2021-11-19T10:23:50,578|[TRACE] graph - <------- nonSkippedChar
2021-11-19T10:23:50,578|[TRACE] graph - <----- statementPart
2021-11-19T10:23:50,578|[TRACE] graph - -----> statementPart
2021-11-19T10:23:50,578|[TRACE] graph - -------> nonSkippedChar
2021-11-19T10:23:50,578|[TRACE] script - #out(`N`) [token]
2021-11-19T10:23:50,578|[TRACE] graph - <------- nonSkippedChar
2021-11-19T10:23:50,578|[TRACE] graph - <----- statementPart
2021-11-19T10:23:50,578|[TRACE] graph - -----> statementPart
2021-11-19T10:23:50,578|[TRACE] graph - -------> nonSkippedSpace
2021-11-19T10:23:50,578|[TRACE] script - #out(` `) [token]
2021-11-19T10:23:50,578|[TRACE] graph - <------- nonSkippedSpace
2021-11-19T10:23:50,578|[TRACE] graph - <----- statementPart
2021-11-19T10:23:50,578|[TRACE] graph - -----> statementPart
2021-11-19T10:23:50,578|[TRACE] graph - -------> nonSkippedChar
2021-11-19T10:23:50,578|[TRACE] script - #out(`K`) [token]
2021-11-19T10:23:50,578|[TRACE] graph - <------- nonSkippedChar
2021-11-19T10:23:50,578|[TRACE] graph - <----- statementPart
2021-11-19T10:23:50,578|[TRACE] graph - -----> statementPart
2021-11-19T10:23:50,578|[TRACE] graph - -------> nonSkippedChar
2021-11-19T10:23:50,578|[TRACE] script - #out(`E`) [token]
2021-11-19T10:23:50,578|[TRACE] graph - <------- nonSkippedChar
2021-11-19T10:23:50,578|[TRACE] graph - <----- statementPart
2021-11-19T10:23:50,578|[TRACE] graph - -----> statementPart
2021-11-19T10:23:50,578|[TRACE] graph - -------> nonSkippedChar
2021-11-19T10:23:50,578|[TRACE] script - #out(`Y`) [token]
2021-11-19T10:23:50,578|[TRACE] graph - <------- nonSkippedChar
2021-11-19T10:23:50,578|[TRACE] graph - <----- statementPart
2021-11-19T10:23:50,578|[TRACE] graph - -----> statementPart
2021-11-19T10:23:50,578|[TRACE] graph - -------> nonSkippedSpace
2021-11-19T10:23:50,578|[TRACE] script - #out(` `) [token]
2021-11-19T10:23:50,578|[TRACE] graph - <------- nonSkippedSpace
2021-11-19T10:23:50,578|[TRACE] graph - <----- statementPart
2021-11-19T10:23:50,578|[TRACE] graph - -----> statementPart
2021-11-19T10:23:50,578|[TRACE] graph - -------> nonSkippedChar
2021-11-19T10:23:50,578|[TRACE] script - #out(`(`) [token]
2021-11-19T10:23:50,578|[TRACE] graph - <------- nonSkippedChar
2021-11-19T10:23:50,578|[TRACE] graph - <----- statementPart
2021-11-19T10:23:50,578|[TRACE] graph - -----> statementPart
2021-11-19T10:23:50,578|[TRACE] graph - -------> quotedString
2021-11-19T10:23:50,578|[TRACE] script - #out(``person_id``) [token]
2021-11-19T10:23:50,578|[TRACE] graph - <------- quotedString
2021-11-19T10:23:50,578|[TRACE] graph - <----- statementPart
2021-11-19T10:23:50,578|[TRACE] graph - -----> statementPart
2021-11-19T10:23:50,578|[TRACE] graph - -------> nonSkippedChar
2021-11-19T10:23:50,578|[TRACE] script - #out(`)`) [token]
2021-11-19T10:23:50,578|[TRACE] graph - <------- nonSkippedChar
2021-11-19T10:23:50,578|[TRACE] graph - <----- statementPart
2021-11-19T10:23:50,578|[TRACE] graph - -----> afterStatementPartNewline
2021-11-19T10:23:50,578|[TRACE] script - #out(` `) [text]
2021-11-19T10:23:50,579|[TRACE] graph - <----- afterStatementPartNewline
2021-11-19T10:23:50,579|[TRACE] graph - -----> statementPart
2021-11-19T10:23:50,579|[TRACE] graph - -------> nonSkippedSpace
2021-11-19T10:23:50,579|[TRACE] script - #out(` `) [token]
2021-11-19T10:23:50,579|[TRACE] graph - <------- nonSkippedSpace
2021-11-19T10:23:50,579|[TRACE] graph - <----- statementPart
2021-11-19T10:23:50,579|[TRACE] graph - -----> statementPart
2021-11-19T10:23:50,579|[TRACE] graph - -------> nonSkippedSpace
2021-11-19T10:23:50,579|[TRACE] script - #out(` `) [token]
2021-11-19T10:23:50,579|[TRACE] graph - <------- nonSkippedSpace
2021-11-19T10:23:50,579|[TRACE] graph - <----- statementPart
2021-11-19T10:23:50,579|[TRACE] graph - -----> statementPart
2021-11-19T10:23:50,579|[TRACE] graph - -------> nonSkippedSpace
2021-11-19T10:23:50,579|[TRACE] script - #out(` `) [token]
2021-11-19T10:23:50,579|[TRACE] graph - <------- nonSkippedSpace
2021-11-19T10:23:50,579|[TRACE] graph - <----- statementPart
2021-11-19T10:23:50,579|[TRACE] graph - -----> statementPart
2021-11-19T10:23:50,579|[TRACE] graph - -------> nonSkippedSpace
2021-11-19T10:23:50,579|[TRACE] script - #out(` `) [token]
2021-11-19T10:23:50,579|[TRACE] graph - <------- nonSkippedSpace
2021-11-19T10:23:50,579|[TRACE] graph - <----- statementPart
2021-11-19T10:23:50,579|[TRACE] graph - -----> statementPart
2021-11-19T10:23:50,579|[TRACE] graph - -------> nonSkippedChar
2021-11-19T10:23:50,579|[TRACE] script - #out(`R`) [token]
2021-11-19T10:23:50,579|[TRACE] graph - <------- nonSkippedChar
2021-11-19T10:23:50,579|[TRACE] graph - <----- statementPart
2021-11-19T10:23:50,579|[TRACE] graph - -----> statementPart
2021-11-19T10:23:50,579|[TRACE] graph - -------> nonSkippedChar
2021-11-19T10:23:50,579|[TRACE] script - #out(`E`) [token]
2021-11-19T10:23:50,579|[TRACE] graph - <------- nonSkippedChar
2021-11-19T10:23:50,579|[TRACE] graph - <----- statementPart
2021-11-19T10:23:50,579|[TRACE] graph - -----> statementPart
2021-11-19T10:23:50,579|[TRACE] graph - -------> nonSkippedChar
2021-11-19T10:23:50,579|[TRACE] script - #out(`F`) [token]
2021-11-19T10:23:50,579|[TRACE] graph - <------- nonSkippedChar
2021-11-19T10:23:50,579|[TRACE] graph - <----- statementPart
2021-11-19T10:23:50,579|[TRACE] graph - -----> statementPart
2021-11-19T10:23:50,579|[TRACE] graph - -------> nonSkippedChar
2021-11-19T10:23:50,579|[TRACE] script - #out(`E`) [token]
2021-11-19T10:23:50,579|[TRACE] graph - <------- nonSkippedChar
2021-11-19T10:23:50,579|[TRACE] graph - <----- statementPart
2021-11-19T10:23:50,579|[TRACE] graph - -----> statementPart
2021-11-19T10:23:50,579|[TRACE] graph - -------> nonSkippedChar
2021-11-19T10:23:50,579|[TRACE] script - #out(`R`) [token]
2021-11-19T10:23:50,579|[TRACE] graph - <------- nonSkippedChar
2021-11-19T10:23:50,579|[TRACE] graph - <----- statementPart
2021-11-19T10:23:50,579|[TRACE] graph - -----> statementPart
2021-11-19T10:23:50,579|[TRACE] graph - -------> nonSkippedChar
2021-11-19T10:23:50,579|[TRACE] script - #out(`E`) [token]
2021-11-19T10:23:50,579|[TRACE] graph - <------- nonSkippedChar
2021-11-19T10:23:50,579|[TRACE] graph - <----- statementPart
2021-11-19T10:23:50,579|[TRACE] graph - -----> statementPart
2021-11-19T10:23:50,579|[TRACE] graph - -------> nonSkippedChar
2021-11-19T10:23:50,579|[TRACE] script - #out(`N`) [token]
2021-11-19T10:23:50,579|[TRACE] graph - <------- nonSkippedChar
2021-11-19T10:23:50,579|[TRACE] graph - <----- statementPart
2021-11-19T10:23:50,579|[TRACE] graph - -----> statementPart
2021-11-19T10:23:50,579|[TRACE] graph - -------> nonSkippedChar
2021-11-19T10:23:50,579|[TRACE] script - #out(`C`) [token]
2021-11-19T10:23:50,579|[TRACE] graph - <------- nonSkippedChar
2021-11-19T10:23:50,579|[TRACE] graph - <----- statementPart
2021-11-19T10:23:50,579|[TRACE] graph - -----> statementPart
2021-11-19T10:23:50,579|[TRACE] graph - -------> nonSkippedChar
2021-11-19T10:23:50,579|[TRACE] script - #out(`E`) [token]
2021-11-19T10:23:50,579|[TRACE] graph - <------- nonSkippedChar
2021-11-19T10:23:50,579|[TRACE] graph - <----- statementPart
2021-11-19T10:23:50,579|[TRACE] graph - -----> statementPart
2021-11-19T10:23:50,579|[TRACE] graph - -------> nonSkippedChar
2021-11-19T10:23:50,579|[TRACE] script - #out(`S`) [token]
2021-11-19T10:23:50,579|[TRACE] graph - <------- nonSkippedChar
2021-11-19T10:23:50,579|[TRACE] graph - <----- statementPart
2021-11-19T10:23:50,579|[TRACE] graph - -----> statementPart
2021-11-19T10:23:50,579|[TRACE] graph - -------> nonSkippedSpace
2021-11-19T10:23:50,579|[TRACE] script - #out(` `) [token]
2021-11-19T10:23:50,579|[TRACE] graph - <------- nonSkippedSpace
2021-11-19T10:23:50,579|[TRACE] graph - <----- statementPart
2021-11-19T10:23:50,579|[TRACE] graph - -----> statementPart
2021-11-19T10:23:50,579|[TRACE] graph - -------> quotedString
2021-11-19T10:23:50,579|[TRACE] script - #out(``bloodbank``) [token]
2021-11-19T10:23:50,579|[TRACE] graph - <------- quotedString
2021-11-19T10:23:50,579|[TRACE] graph - <----- statementPart
2021-11-19T10:23:50,579|[TRACE] graph - -----> statementPart
2021-11-19T10:23:50,579|[TRACE] graph - -------> nonSkippedChar
2021-11-19T10:23:50,579|[TRACE] script - #out(`.`) [token]
2021-11-19T10:23:50,579|[TRACE] graph - <------- nonSkippedChar
2021-11-19T10:23:50,579|[TRACE] graph - <----- statementPart
2021-11-19T10:23:50,579|[TRACE] graph - -----> statementPart
2021-11-19T10:23:50,579|[TRACE] graph - -------> quotedString
2021-11-19T10:23:50,579|[TRACE] script - #out(``person``) [token]
2021-11-19T10:23:50,579|[TRACE] graph - <------- quotedString
2021-11-19T10:23:50,579|[TRACE] graph - <----- statementPart
2021-11-19T10:23:50,579|[TRACE] graph - -----> statementPart
2021-11-19T10:23:50,579|[TRACE] graph - -------> nonSkippedSpace
2021-11-19T10:23:50,579|[TRACE] script - #out(` `) [token]
2021-11-19T10:23:50,579|[TRACE] graph - <------- nonSkippedSpace
2021-11-19T10:23:50,579|[TRACE] graph - <----- statementPart
2021-11-19T10:23:50,579|[TRACE] graph - -----> statementPart
2021-11-19T10:23:50,579|[TRACE] graph - -------> nonSkippedChar
2021-11-19T10:23:50,579|[TRACE] script - #out(`(`) [token]
2021-11-19T10:23:50,579|[TRACE] graph - <------- nonSkippedChar
2021-11-19T10:23:50,579|[TRACE] graph - <----- statementPart
2021-11-19T10:23:50,579|[TRACE] graph - -----> statementPart
2021-11-19T10:23:50,579|[TRACE] graph - -------> quotedString
2021-11-19T10:23:50,579|[TRACE] script - #out(``id``) [token]
2021-11-19T10:23:50,579|[TRACE] graph - <------- quotedString
2021-11-19T10:23:50,579|[TRACE] graph - <----- statementPart
2021-11-19T10:23:50,579|[TRACE] graph - -----> statementPart
2021-11-19T10:23:50,579|[TRACE] graph - -------> nonSkippedChar
2021-11-19T10:23:50,579|[TRACE] script - #out(`)`) [token]
2021-11-19T10:23:50,579|[TRACE] graph - <------- nonSkippedChar
2021-11-19T10:23:50,579|[TRACE] graph - <----- statementPart
2021-11-19T10:23:50,579|[TRACE] graph - -----> afterStatementPartNewline
2021-11-19T10:23:50,579|[TRACE] script - #out(` `) [text]
2021-11-19T10:23:50,579|[TRACE] graph - <----- afterStatementPartNewline
2021-11-19T10:23:50,579|[TRACE] graph - -----> statementPart
2021-11-19T10:23:50,579|[TRACE] graph - -------> nonSkippedSpace
2021-11-19T10:23:50,579|[TRACE] script - #out(` `) [token]
2021-11-19T10:23:50,579|[TRACE] graph - <------- nonSkippedSpace
2021-11-19T10:23:50,579|[TRACE] graph - <----- statementPart
2021-11-19T10:23:50,579|[TRACE] graph - -----> statementPart
2021-11-19T10:23:50,579|[TRACE] graph - -------> nonSkippedSpace
2021-11-19T10:23:50,579|[TRACE] script - #out(` `) [token]
2021-11-19T10:23:50,579|[TRACE] graph - <------- nonSkippedSpace
2021-11-19T10:23:50,579|[TRACE] graph - <----- statementPart
2021-11-19T10:23:50,579|[TRACE] graph - -----> statementPart
2021-11-19T10:23:50,579|[TRACE] graph - -------> nonSkippedSpace
2021-11-19T10:23:50,579|[TRACE] script - #out(` `) [token]
2021-11-19T10:23:50,579|[TRACE] graph - <------- nonSkippedSpace
2021-11-19T10:23:50,579|[TRACE] graph - <----- statementPart
2021-11-19T10:23:50,579|[TRACE] graph - -----> statementPart
2021-11-19T10:23:50,579|[TRACE] graph - -------> nonSkippedSpace
2021-11-19T10:23:50,579|[TRACE] script - #out(` `) [token]
2021-11-19T10:23:50,579|[TRACE] graph - <------- nonSkippedSpace
2021-11-19T10:23:50,579|[TRACE] graph - <----- statementPart
2021-11-19T10:23:50,579|[TRACE] graph - -----> statementPart
2021-11-19T10:23:50,579|[TRACE] graph - -------> nonSkippedChar
2021-11-19T10:23:50,579|[TRACE] script - #out(`O`) [token]
2021-11-19T10:23:50,579|[TRACE] graph - <------- nonSkippedChar
2021-11-19T10:23:50,579|[TRACE] graph - <----- statementPart
2021-11-19T10:23:50,579|[TRACE] graph - -----> statementPart
2021-11-19T10:23:50,579|[TRACE] graph - -------> nonSkippedChar
2021-11-19T10:23:50,579|[TRACE] script - #out(`N`) [token]
2021-11-19T10:23:50,579|[TRACE] graph - <------- nonSkippedChar
2021-11-19T10:23:50,579|[TRACE] graph - <----- statementPart
2021-11-19T10:23:50,579|[TRACE] graph - -----> statementPart
2021-11-19T10:23:50,579|[TRACE] graph - -------> nonSkippedSpace
2021-11-19T10:23:50,579|[TRACE] script - #out(` `) [token]
2021-11-19T10:23:50,579|[TRACE] graph - <------- nonSkippedSpace
2021-11-19T10:23:50,579|[TRACE] graph - <----- statementPart
2021-11-19T10:23:50,579|[TRACE] graph - -----> statementPart
2021-11-19T10:23:50,579|[TRACE] graph - -------> nonSkippedChar
2021-11-19T10:23:50,579|[TRACE] script - #out(`D`) [token]
2021-11-19T10:23:50,579|[TRACE] graph - <------- nonSkippedChar
2021-11-19T10:23:50,579|[TRACE] graph - <----- statementPart
2021-11-19T10:23:50,579|[TRACE] graph - -----> statementPart
2021-11-19T10:23:50,579|[TRACE] graph - -------> nonSkippedChar
2021-11-19T10:23:50,579|[TRACE] script - #out(`E`) [token]
2021-11-19T10:23:50,579|[TRACE] graph - <------- nonSkippedChar
2021-11-19T10:23:50,579|[TRACE] graph - <----- statementPart
2021-11-19T10:23:50,579|[TRACE] graph - -----> statementPart
2021-11-19T10:23:50,579|[TRACE] graph - -------> nonSkippedChar
2021-11-19T10:23:50,579|[TRACE] script - #out(`L`) [token]
2021-11-19T10:23:50,579|[TRACE] graph - <------- nonSkippedChar
2021-11-19T10:23:50,579|[TRACE] graph - <----- statementPart
2021-11-19T10:23:50,579|[TRACE] graph - -----> statementPart
2021-11-19T10:23:50,579|[TRACE] graph - -------> nonSkippedChar
2021-11-19T10:23:50,579|[TRACE] script - #out(`E`) [token]
2021-11-19T10:23:50,579|[TRACE] graph - <------- nonSkippedChar
2021-11-19T10:23:50,579|[TRACE] graph - <----- statementPart
2021-11-19T10:23:50,579|[TRACE] graph - -----> statementPart
2021-11-19T10:23:50,579|[TRACE] graph - -------> nonSkippedChar
2021-11-19T10:23:50,579|[TRACE] script - #out(`T`) [token]
2021-11-19T10:23:50,579|[TRACE] graph - <------- nonSkippedChar
2021-11-19T10:23:50,579|[TRACE] graph - <----- statementPart
2021-11-19T10:23:50,579|[TRACE] graph - -----> statementPart
2021-11-19T10:23:50,579|[TRACE] graph - -------> nonSkippedChar
2021-11-19T10:23:50,579|[TRACE] script - #out(`E`) [token]
2021-11-19T10:23:50,579|[TRACE] graph - <------- nonSkippedChar
2021-11-19T10:23:50,579|[TRACE] graph - <----- statementPart
2021-11-19T10:23:50,579|[TRACE] graph - -----> statementPart
2021-11-19T10:23:50,579|[TRACE] graph - -------> nonSkippedSpace
2021-11-19T10:23:50,579|[TRACE] script - #out(` `) [token]
2021-11-19T10:23:50,579|[TRACE] graph - <------- nonSkippedSpace
2021-11-19T10:23:50,579|[TRACE] graph - <----- statementPart
2021-11-19T10:23:50,579|[TRACE] graph - -----> statementPart
2021-11-19T10:23:50,579|[TRACE] graph - -------> nonSkippedChar
2021-11-19T10:23:50,579|[TRACE] script - #out(`N`) [token]
2021-11-19T10:23:50,579|[TRACE] graph - <------- nonSkippedChar
2021-11-19T10:23:50,579|[TRACE] graph - <----- statementPart
2021-11-19T10:23:50,579|[TRACE] graph - -----> statementPart
2021-11-19T10:23:50,579|[TRACE] graph - -------> nonSkippedChar
2021-11-19T10:23:50,579|[TRACE] script - #out(`O`) [token]
2021-11-19T10:23:50,579|[TRACE] graph - <------- nonSkippedChar
2021-11-19T10:23:50,579|[TRACE] graph - <----- statementPart
2021-11-19T10:23:50,579|[TRACE] graph - -----> statementPart
2021-11-19T10:23:50,579|[TRACE] graph - -------> nonSkippedSpace
2021-11-19T10:23:50,579|[TRACE] script - #out(` `) [token]
2021-11-19T10:23:50,579|[TRACE] graph - <------- nonSkippedSpace
2021-11-19T10:23:50,579|[TRACE] graph - <----- statementPart
2021-11-19T10:23:50,579|[TRACE] graph - -----> statementPart
2021-11-19T10:23:50,579|[TRACE] graph - -------> nonSkippedChar
2021-11-19T10:23:50,579|[TRACE] script - #out(`A`) [token]
2021-11-19T10:23:50,579|[TRACE] graph - <------- nonSkippedChar
2021-11-19T10:23:50,579|[TRACE] graph - <----- statementPart
2021-11-19T10:23:50,579|[TRACE] graph - -----> statementPart
2021-11-19T10:23:50,579|[TRACE] graph - -------> nonSkippedChar
2021-11-19T10:23:50,579|[TRACE] script - #out(`C`) [token]
2021-11-19T10:23:50,579|[TRACE] graph - <------- nonSkippedChar
2021-11-19T10:23:50,579|[TRACE] graph - <----- statementPart
2021-11-19T10:23:50,579|[TRACE] graph - -----> statementPart
2021-11-19T10:23:50,579|[TRACE] graph - -------> nonSkippedChar
2021-11-19T10:23:50,579|[TRACE] script - #out(`T`) [token]
2021-11-19T10:23:50,579|[TRACE] graph - <------- nonSkippedChar
2021-11-19T10:23:50,579|[TRACE] graph - <----- statementPart
2021-11-19T10:23:50,579|[TRACE] graph - -----> statementPart
2021-11-19T10:23:50,579|[TRACE] graph - -------> nonSkippedChar
2021-11-19T10:23:50,579|[TRACE] script - #out(`I`) [token]
2021-11-19T10:23:50,579|[TRACE] graph - <------- nonSkippedChar
2021-11-19T10:23:50,579|[TRACE] graph - <----- statementPart
2021-11-19T10:23:50,579|[TRACE] graph - -----> statementPart
2021-11-19T10:23:50,579|[TRACE] graph - -------> nonSkippedChar
2021-11-19T10:23:50,579|[TRACE] script - #out(`O`) [token]
2021-11-19T10:23:50,579|[TRACE] graph - <------- nonSkippedChar
2021-11-19T10:23:50,579|[TRACE] graph - <----- statementPart
2021-11-19T10:23:50,579|[TRACE] graph - -----> statementPart
2021-11-19T10:23:50,579|[TRACE] graph - -------> nonSkippedChar
2021-11-19T10:23:50,579|[TRACE] script - #out(`N`) [token]
2021-11-19T10:23:50,579|[TRACE] graph - <------- nonSkippedChar
2021-11-19T10:23:50,579|[TRACE] graph - <----- statementPart
2021-11-19T10:23:50,579|[TRACE] graph - -----> afterStatementPartNewline
2021-11-19T10:23:50,579|[TRACE] script - #out(` `) [text]
2021-11-19T10:23:50,579|[TRACE] graph - <----- afterStatementPartNewline
2021-11-19T10:23:50,579|[TRACE] graph - -----> statementPart
2021-11-19T10:23:50,579|[TRACE] graph - -------> nonSkippedSpace
2021-11-19T10:23:50,579|[TRACE] script - #out(` `) [token]
2021-11-19T10:23:50,579|[TRACE] graph - <------- nonSkippedSpace
2021-11-19T10:23:50,579|[TRACE] graph - <----- statementPart
2021-11-19T10:23:50,579|[TRACE] graph - -----> statementPart
2021-11-19T10:23:50,579|[TRACE] graph - -------> nonSkippedSpace
2021-11-19T10:23:50,579|[TRACE] script - #out(` `) [token]
2021-11-19T10:23:50,579|[TRACE] graph - <------- nonSkippedSpace
2021-11-19T10:23:50,579|[TRACE] graph - <----- statementPart
2021-11-19T10:23:50,579|[TRACE] graph - -----> statementPart
2021-11-19T10:23:50,579|[TRACE] graph - -------> nonSkippedSpace
2021-11-19T10:23:50,579|[TRACE] script - #out(` `) [token]
2021-11-19T10:23:50,579|[TRACE] graph - <------- nonSkippedSpace
2021-11-19T10:23:50,579|[TRACE] graph - <----- statementPart
2021-11-19T10:23:50,579|[TRACE] graph - -----> statementPart
2021-11-19T10:23:50,579|[TRACE] graph - -------> nonSkippedSpace
2021-11-19T10:23:50,579|[TRACE] script - #out(` `) [token]
2021-11-19T10:23:50,579|[TRACE] graph - <------- nonSkippedSpace
2021-11-19T10:23:50,579|[TRACE] graph - <----- statementPart
2021-11-19T10:23:50,579|[TRACE] graph - -----> statementPart
2021-11-19T10:23:50,579|[TRACE] graph - -------> nonSkippedChar
2021-11-19T10:23:50,579|[TRACE] script - #out(`O`) [token]
2021-11-19T10:23:50,579|[TRACE] graph - <------- nonSkippedChar
2021-11-19T10:23:50,579|[TRACE] graph - <----- statementPart
2021-11-19T10:23:50,579|[TRACE] graph - -----> statementPart
2021-11-19T10:23:50,579|[TRACE] graph - -------> nonSkippedChar
2021-11-19T10:23:50,579|[TRACE] script - #out(`N`) [token]
2021-11-19T10:23:50,579|[TRACE] graph - <------- nonSkippedChar
2021-11-19T10:23:50,579|[TRACE] graph - <----- statementPart
2021-11-19T10:23:50,579|[TRACE] graph - -----> statementPart
2021-11-19T10:23:50,579|[TRACE] graph - -------> nonSkippedSpace
2021-11-19T10:23:50,579|[TRACE] script - #out(` `) [token]
2021-11-19T10:23:50,579|[TRACE] graph - <------- nonSkippedSpace
2021-11-19T10:23:50,579|[TRACE] graph - <----- statementPart
2021-11-19T10:23:50,580|[TRACE] graph - -----> statementPart
2021-11-19T10:23:50,580|[TRACE] graph - -------> nonSkippedChar
2021-11-19T10:23:50,580|[TRACE] script - #out(`U`) [token]
2021-11-19T10:23:50,580|[TRACE] graph - <------- nonSkippedChar
2021-11-19T10:23:50,580|[TRACE] graph - <----- statementPart
2021-11-19T10:23:50,580|[TRACE] graph - -----> statementPart
2021-11-19T10:23:50,580|[TRACE] graph - -------> nonSkippedChar
2021-11-19T10:23:50,580|[TRACE] script - #out(`P`) [token]
2021-11-19T10:23:50,580|[TRACE] graph - <------- nonSkippedChar
2021-11-19T10:23:50,580|[TRACE] graph - <----- statementPart
2021-11-19T10:23:50,580|[TRACE] graph - -----> statementPart
2021-11-19T10:23:50,580|[TRACE] graph - -------> nonSkippedChar
2021-11-19T10:23:50,580|[TRACE] script - #out(`D`) [token]
2021-11-19T10:23:50,580|[TRACE] graph - <------- nonSkippedChar
2021-11-19T10:23:50,580|[TRACE] graph - <----- statementPart
2021-11-19T10:23:50,580|[TRACE] graph - -----> statementPart
2021-11-19T10:23:50,580|[TRACE] graph - -------> nonSkippedChar
2021-11-19T10:23:50,580|[TRACE] script - #out(`A`) [token]
2021-11-19T10:23:50,580|[TRACE] graph - <------- nonSkippedChar
2021-11-19T10:23:50,580|[TRACE] graph - <----- statementPart
2021-11-19T10:23:50,580|[TRACE] graph - -----> statementPart
2021-11-19T10:23:50,580|[TRACE] graph - -------> nonSkippedChar
2021-11-19T10:23:50,580|[TRACE] script - #out(`T`) [token]
2021-11-19T10:23:50,580|[TRACE] graph - <------- nonSkippedChar
2021-11-19T10:23:50,580|[TRACE] graph - <----- statementPart
2021-11-19T10:23:50,580|[TRACE] graph - -----> statementPart
2021-11-19T10:23:50,580|[TRACE] graph - -------> nonSkippedChar
2021-11-19T10:23:50,580|[TRACE] script - #out(`E`) [token]
2021-11-19T10:23:50,580|[TRACE] graph - <------- nonSkippedChar
2021-11-19T10:23:50,580|[TRACE] graph - <----- statementPart
2021-11-19T10:23:50,580|[TRACE] graph - -----> statementPart
2021-11-19T10:23:50,580|[TRACE] graph - -------> nonSkippedSpace
2021-11-19T10:23:50,580|[TRACE] script - #out(` `) [token]
2021-11-19T10:23:50,580|[TRACE] graph - <------- nonSkippedSpace
2021-11-19T10:23:50,580|[TRACE] graph - <----- statementPart
2021-11-19T10:23:50,580|[TRACE] graph - -----> statementPart
2021-11-19T10:23:50,580|[TRACE] graph - -------> nonSkippedChar
2021-11-19T10:23:50,580|[TRACE] script - #out(`N`) [token]
2021-11-19T10:23:50,580|[TRACE] graph - <------- nonSkippedChar
2021-11-19T10:23:50,580|[TRACE] graph - <----- statementPart
2021-11-19T10:23:50,580|[TRACE] graph - -----> statementPart
2021-11-19T10:23:50,580|[TRACE] graph - -------> nonSkippedChar
2021-11-19T10:23:50,770|[TRACE] script - #out(`O`) [token]
2021-11-19T10:23:50,770|[TRACE] graph - <------- nonSkippedChar
2021-11-19T10:23:50,770|[TRACE] graph - <----- statementPart
2021-11-19T10:23:50,770|[TRACE] graph - -----> statementPart
2021-11-19T10:23:50,770|[TRACE] graph - -------> nonSkippedSpace
2021-11-19T10:23:50,770|[TRACE] script - #out(` `) [token]
2021-11-19T10:23:50,770|[TRACE] graph - <------- nonSkippedSpace
2021-11-19T10:23:50,770|[TRACE] graph - <----- statementPart
2021-11-19T10:23:50,770|[TRACE] graph - -----> statementPart
2021-11-19T10:23:50,770|[TRACE] graph - -------> nonSkippedChar
2021-11-19T10:23:50,770|[TRACE] script - #out(`A`) [token]
2021-11-19T10:23:50,770|[TRACE] graph - <------- nonSkippedChar
2021-11-19T10:23:50,770|[TRACE] graph - <----- statementPart
2021-11-19T10:23:50,770|[TRACE] graph - -----> statementPart
2021-11-19T10:23:50,770|[TRACE] graph - -------> nonSkippedChar
2021-11-19T10:23:50,770|[TRACE] script - #out(`C`) [token]
2021-11-19T10:23:50,771|[TRACE] graph - <------- nonSkippedChar
2021-11-19T10:23:50,771|[TRACE] graph - <----- statementPart
2021-11-19T10:23:50,771|[TRACE] graph - -----> statementPart
2021-11-19T10:23:50,771|[TRACE] graph - -------> nonSkippedChar
2021-11-19T10:23:50,771|[TRACE] script - #out(`T`) [token]
2021-11-19T10:23:50,771|[TRACE] graph - <------- nonSkippedChar
2021-11-19T10:23:50,771|[TRACE] graph - <----- statementPart
2021-11-19T10:23:50,771|[TRACE] graph - -----> statementPart
2021-11-19T10:23:50,771|[TRACE] graph - -------> nonSkippedChar
2021-11-19T10:23:50,771|[TRACE] script - #out(`I`) [token]
2021-11-19T10:23:50,771|[TRACE] graph - <------- nonSkippedChar
2021-11-19T10:23:50,771|[TRACE] graph - <----- statementPart
2021-11-19T10:23:50,771|[TRACE] graph - -----> statementPart
2021-11-19T10:23:50,771|[TRACE] graph - -------> nonSkippedChar
2021-11-19T10:23:50,771|[TRACE] script - #out(`O`) [token]
2021-11-19T10:23:50,771|[TRACE] graph - <------- nonSkippedChar
2021-11-19T10:23:50,771|[TRACE] graph - <----- statementPart
2021-11-19T10:23:50,771|[TRACE] graph - -----> statementPart
2021-11-19T10:23:50,771|[TRACE] graph - -------> nonSkippedChar
2021-11-19T10:23:50,771|[TRACE] script - #out(`N`) [token]
2021-11-19T10:23:50,771|[TRACE] graph - <------- nonSkippedChar
2021-11-19T10:23:50,771|[TRACE] graph - <----- statementPart
2021-11-19T10:23:50,771|[TRACE] graph - -----> statementPart
2021-11-19T10:23:50,771|[TRACE] graph - -------> nonSkippedChar
2021-11-19T10:23:50,771|[TRACE] script - #out(`,`) [token]
2021-11-19T10:23:50,771|[TRACE] graph - <------- nonSkippedChar
2021-11-19T10:23:50,771|[TRACE] graph - <----- statementPart
2021-11-19T10:23:50,771|[TRACE] graph - -----> afterStatementPartNewline
2021-11-19T10:23:50,771|[TRACE] script - #out(` `) [text]
2021-11-19T10:23:50,771|[TRACE] graph - <----- afterStatementPartNewline
2021-11-19T10:23:50,771|[TRACE] graph - -----> statementPart
2021-11-19T10:23:50,771|[TRACE] graph - -------> nonSkippedSpace
2021-11-19T10:23:50,771|[TRACE] script - #out(` `) [token]
2021-11-19T10:23:50,771|[TRACE] graph - <------- nonSkippedSpace
2021-11-19T10:23:50,771|[TRACE] graph - <----- statementPart
2021-11-19T10:23:50,771|[TRACE] graph - -----> statementPart
2021-11-19T10:23:50,771|[TRACE] graph - -------> nonSkippedSpace
2021-11-19T10:23:50,771|[TRACE] script - #out(` `) [token]
2021-11-19T10:23:50,771|[TRACE] graph - <------- nonSkippedSpace
2021-11-19T10:23:50,771|[TRACE] graph - <----- statementPart
2021-11-19T10:23:50,771|[TRACE] graph - -----> statementPart
2021-11-19T10:23:50,771|[TRACE] graph - -------> nonSkippedChar
2021-11-19T10:23:50,771|[TRACE] script - #out(`C`) [token]
2021-11-19T10:23:50,771|[TRACE] graph - <------- nonSkippedChar
2021-11-19T10:23:50,771|[TRACE] graph - <----- statementPart
2021-11-19T10:23:50,771|[TRACE] graph - -----> statementPart
2021-11-19T10:23:50,771|[TRACE] graph - -------> nonSkippedChar
2021-11-19T10:23:50,771|[TRACE] script - #out(`O`) [token]
2021-11-19T10:23:50,771|[TRACE] graph - <------- nonSkippedChar
2021-11-19T10:23:50,771|[TRACE] graph - <----- statementPart
2021-11-19T10:23:50,771|[TRACE] graph - -----> statementPart
2021-11-19T10:23:50,771|[TRACE] graph - -------> nonSkippedChar
2021-11-19T10:23:50,771|[TRACE] script - #out(`N`) [token]
2021-11-19T10:23:50,771|[TRACE] graph - <------- nonSkippedChar
2021-11-19T10:23:50,771|[TRACE] graph - <----- statementPart
2021-11-19T10:23:50,771|[TRACE] graph - -----> statementPart
2021-11-19T10:23:50,771|[TRACE] graph - -------> nonSkippedChar
2021-11-19T10:23:50,771|[TRACE] script - #out(`S`) [token]
2021-11-19T10:23:50,771|[TRACE] graph - <------- nonSkippedChar
2021-11-19T10:23:50,771|[TRACE] graph - <----- statementPart
2021-11-19T10:23:50,771|[TRACE] graph - -----> statementPart
2021-11-19T10:23:50,771|[TRACE] graph - -------> nonSkippedChar
2021-11-19T10:23:50,771|[TRACE] script - #out(`T`) [token]
2021-11-19T10:23:50,771|[TRACE] graph - <------- nonSkippedChar
2021-11-19T10:23:50,771|[TRACE] graph - <----- statementPart
2021-11-19T10:23:50,771|[TRACE] graph - -----> statementPart
2021-11-19T10:23:50,771|[TRACE] graph - -------> nonSkippedChar
2021-11-19T10:23:50,771|[TRACE] script - #out(`R`) [token]
2021-11-19T10:23:50,771|[TRACE] graph - <------- nonSkippedChar
2021-11-19T10:23:50,771|[TRACE] graph - <----- statementPart
2021-11-19T10:23:50,771|[TRACE] graph - -----> statementPart
2021-11-19T10:23:50,771|[TRACE] graph - -------> nonSkippedChar
2021-11-19T10:23:50,771|[TRACE] script - #out(`A`) [token]
2021-11-19T10:23:50,771|[TRACE] graph - <------- nonSkippedChar
2021-11-19T10:23:50,771|[TRACE] graph - <----- statementPart
2021-11-19T10:23:50,771|[TRACE] graph - -----> statementPart
2021-11-19T10:23:50,771|[TRACE] graph - -------> nonSkippedChar
2021-11-19T10:23:50,771|[TRACE] script - #out(`I`) [token]
2021-11-19T10:23:50,771|[TRACE] graph - <------- nonSkippedChar
2021-11-19T10:23:50,771|[TRACE] graph - <----- statementPart
2021-11-19T10:23:50,771|[TRACE] graph - -----> statementPart
2021-11-19T10:23:50,771|[TRACE] graph - -------> nonSkippedChar
2021-11-19T10:23:50,771|[TRACE] script - #out(`N`) [token]
2021-11-19T10:23:50,771|[TRACE] graph - <------- nonSkippedChar
2021-11-19T10:23:50,771|[TRACE] graph - <----- statementPart
2021-11-19T10:23:50,771|[TRACE] graph - -----> statementPart
2021-11-19T10:23:50,771|[TRACE] graph - -------> nonSkippedChar
2021-11-19T10:23:50,771|[TRACE] script - #out(`T`) [token]
2021-11-19T10:23:50,771|[TRACE] graph - <------- nonSkippedChar
2021-11-19T10:23:50,771|[TRACE] graph - <----- statementPart
2021-11-19T10:23:50,771|[TRACE] graph - -----> statementPart
2021-11-19T10:23:50,771|[TRACE] graph - -------> nonSkippedSpace
2021-11-19T10:23:50,771|[TRACE] script - #out(` `) [token]
2021-11-19T10:23:50,771|[TRACE] graph - <------- nonSkippedSpace
2021-11-19T10:23:50,771|[TRACE] graph - <----- statementPart
2021-11-19T10:23:50,771|[TRACE] graph - -----> statementPart
2021-11-19T10:23:50,771|[TRACE] graph - -------> quotedString
2021-11-19T10:23:50,771|[TRACE] script - #out(``fk_donation_record_blood_donation1``) [token]
2021-11-19T10:23:50,771|[TRACE] graph - <------- quotedString
2021-11-19T10:23:50,771|[TRACE] graph - <----- statementPart
2021-11-19T10:23:50,771|[TRACE] graph - -----> afterStatementPartNewline
2021-11-19T10:23:50,771|[TRACE] script - #out(` `) [text]
2021-11-19T10:23:50,771|[TRACE] graph - <----- afterStatementPartNewline
2021-11-19T10:23:50,771|[TRACE] graph - -----> statementPart
2021-11-19T10:23:50,771|[TRACE] graph - -------> nonSkippedSpace
2021-11-19T10:23:50,771|[TRACE] script - #out(` `) [token]
2021-11-19T10:23:50,771|[TRACE] graph - <------- nonSkippedSpace
2021-11-19T10:23:50,771|[TRACE] graph - <----- statementPart
2021-11-19T10:23:50,771|[TRACE] graph - -----> statementPart
2021-11-19T10:23:50,771|[TRACE] graph - -------> nonSkippedSpace
2021-11-19T10:23:50,771|[TRACE] script - #out(` `) [token]
2021-11-19T10:23:50,771|[TRACE] graph - <------- nonSkippedSpace
2021-11-19T10:23:50,771|[TRACE] graph - <----- statementPart
2021-11-19T10:23:50,771|[TRACE] graph - -----> statementPart
2021-11-19T10:23:50,771|[TRACE] graph - -------> nonSkippedSpace
2021-11-19T10:23:50,771|[TRACE] script - #out(` `) [token]
2021-11-19T10:23:50,771|[TRACE] graph - <------- nonSkippedSpace
2021-11-19T10:23:50,771|[TRACE] graph - <----- statementPart
2021-11-19T10:23:50,771|[TRACE] graph - -----> statementPart
2021-11-19T10:23:50,771|[TRACE] graph - -------> nonSkippedSpace
2021-11-19T10:23:50,771|[TRACE] script - #out(` `) [token]
2021-11-19T10:23:50,771|[TRACE] graph - <------- nonSkippedSpace
2021-11-19T10:23:50,771|[TRACE] graph - <----- statementPart
2021-11-19T10:23:50,771|[TRACE] graph - -----> statementPart
2021-11-19T10:23:50,771|[TRACE] graph - -------> nonSkippedChar
2021-11-19T10:23:50,771|[TRACE] script - #out(`F`) [token]
2021-11-19T10:23:50,771|[TRACE] graph - <------- nonSkippedChar
2021-11-19T10:23:50,771|[TRACE] graph - <----- statementPart
2021-11-19T10:23:50,771|[TRACE] graph - -----> statementPart
2021-11-19T10:23:50,771|[TRACE] graph - -------> nonSkippedChar
2021-11-19T10:23:50,771|[TRACE] script - #out(`O`) [token]
2021-11-19T10:23:50,771|[TRACE] graph - <------- nonSkippedChar
2021-11-19T10:23:50,771|[TRACE] graph - <----- statementPart
2021-11-19T10:23:50,771|[TRACE] graph - -----> statementPart
2021-11-19T10:23:50,771|[TRACE] graph - -------> nonSkippedChar
2021-11-19T10:23:50,771|[TRACE] script - #out(`R`) [token]
2021-11-19T10:23:50,771|[TRACE] graph - <------- nonSkippedChar
2021-11-19T10:23:50,771|[TRACE] graph - <----- statementPart
2021-11-19T10:23:50,771|[TRACE] graph - -----> statementPart
2021-11-19T10:23:50,771|[TRACE] graph - -------> nonSkippedChar
2021-11-19T10:23:50,771|[TRACE] script - #out(`E`) [token]
2021-11-19T10:23:50,771|[TRACE] graph - <------- nonSkippedChar
2021-11-19T10:23:50,771|[TRACE] graph - <----- statementPart
2021-11-19T10:23:50,771|[TRACE] graph - -----> statementPart
2021-11-19T10:23:50,771|[TRACE] graph - -------> nonSkippedChar
2021-11-19T10:23:50,771|[TRACE] script - #out(`I`) [token]
2021-11-19T10:23:50,771|[TRACE] graph - <------- nonSkippedChar
2021-11-19T10:23:50,771|[TRACE] graph - <----- statementPart
2021-11-19T10:23:50,771|[TRACE] graph - -----> statementPart
2021-11-19T10:23:50,771|[TRACE] graph - -------> nonSkippedChar
2021-11-19T10:23:50,771|[TRACE] script - #out(`G`) [token]
2021-11-19T10:23:50,771|[TRACE] graph - <------- nonSkippedChar
2021-11-19T10:23:50,771|[TRACE] graph - <----- statementPart
2021-11-19T10:23:50,771|[TRACE] graph - -----> statementPart
2021-11-19T10:23:50,771|[TRACE] graph - -------> nonSkippedChar
2021-11-19T10:23:50,771|[TRACE] script - #out(`N`) [token]
2021-11-19T10:23:50,771|[TRACE] graph - <------- nonSkippedChar
2021-11-19T10:23:50,771|[TRACE] graph - <----- statementPart
2021-11-19T10:23:50,772|[TRACE] graph - -----> statementPart
2021-11-19T10:23:50,772|[TRACE] graph - -------> nonSkippedSpace
2021-11-19T10:23:50,772|[TRACE] script - #out(` `) [token]
2021-11-19T10:23:50,772|[TRACE] graph - <------- nonSkippedSpace
2021-11-19T10:23:50,772|[TRACE] graph - <----- statementPart
2021-11-19T10:23:50,772|[TRACE] graph - -----> statementPart
2021-11-19T10:23:50,772|[TRACE] graph - -------> nonSkippedChar
2021-11-19T10:23:50,772|[TRACE] script - #out(`K`) [token]
2021-11-19T10:23:50,772|[TRACE] graph - <------- nonSkippedChar
2021-11-19T10:23:50,772|[TRACE] graph - <----- statementPart
2021-11-19T10:23:50,772|[TRACE] graph - -----> statementPart
2021-11-19T10:23:50,772|[TRACE] graph - -------> nonSkippedChar
2021-11-19T10:23:50,772|[TRACE] script - #out(`E`) [token]
2021-11-19T10:23:50,772|[TRACE] graph - <------- nonSkippedChar
2021-11-19T10:23:50,772|[TRACE] graph - <----- statementPart
2021-11-19T10:23:50,772|[TRACE] graph - -----> statementPart
2021-11-19T10:23:50,772|[TRACE] graph - -------> nonSkippedChar
2021-11-19T10:23:50,772|[TRACE] script - #out(`Y`) [token]
2021-11-19T10:23:50,772|[TRACE] graph - <------- nonSkippedChar
2021-11-19T10:23:50,772|[TRACE] graph - <----- statementPart
2021-11-19T10:23:50,772|[TRACE] graph - -----> statementPart
2021-11-19T10:23:50,772|[TRACE] graph - -------> nonSkippedSpace
2021-11-19T10:23:50,772|[TRACE] script - #out(` `) [token]
2021-11-19T10:23:50,772|[TRACE] graph - <------- nonSkippedSpace
2021-11-19T10:23:50,772|[TRACE] graph - <----- statementPart
2021-11-19T10:23:50,772|[TRACE] graph - -----> statementPart
2021-11-19T10:23:50,772|[TRACE] graph - -------> nonSkippedChar
2021-11-19T10:23:50,772|[TRACE] script - #out(`(`) [token]
2021-11-19T10:23:50,772|[TRACE] graph - <------- nonSkippedChar
2021-11-19T10:23:50,772|[TRACE] graph - <----- statementPart
2021-11-19T10:23:50,772|[TRACE] graph - -----> statementPart
2021-11-19T10:23:50,772|[TRACE] graph - -------> quotedString
2021-11-19T10:23:50,772|[TRACE] script - #out(``donation_id``) [token]
2021-11-19T10:23:50,772|[TRACE] graph - <------- quotedString
2021-11-19T10:23:50,772|[TRACE] graph - <----- statementPart
2021-11-19T10:23:50,772|[TRACE] graph - -----> statementPart
2021-11-19T10:23:50,772|[TRACE] graph - -------> nonSkippedChar
2021-11-19T10:23:50,772|[TRACE] script - #out(`)`) [token]
2021-11-19T10:23:50,772|[TRACE] graph - <------- nonSkippedChar
2021-11-19T10:23:50,772|[TRACE] graph - <----- statementPart
2021-11-19T10:23:50,772|[TRACE] graph - -----> afterStatementPartNewline
2021-11-19T10:23:50,772|[TRACE] script - #out(` `) [text]
2021-11-19T10:23:50,772|[TRACE] graph - <----- afterStatementPartNewline
2021-11-19T10:23:50,772|[TRACE] graph - -----> statementPart
2021-11-19T10:23:50,772|[TRACE] graph - -------> nonSkippedSpace
2021-11-19T10:23:50,772|[TRACE] script - #out(` `) [token]
2021-11-19T10:23:50,772|[TRACE] graph - <------- nonSkippedSpace
2021-11-19T10:23:50,772|[TRACE] graph - <----- statementPart
2021-11-19T10:23:50,772|[TRACE] graph - -----> statementPart
2021-11-19T10:23:50,772|[TRACE] graph - -------> nonSkippedSpace
2021-11-19T10:23:50,772|[TRACE] script - #out(` `) [token]
2021-11-19T10:23:50,772|[TRACE] graph - <------- nonSkippedSpace
2021-11-19T10:23:50,772|[TRACE] graph - <----- statementPart
2021-11-19T10:23:50,772|[TRACE] graph - -----> statementPart
2021-11-19T10:23:50,772|[TRACE] graph - -------> nonSkippedSpace
2021-11-19T10:23:50,772|[TRACE] script - #out(` `) [token]
2021-11-19T10:23:50,772|[TRACE] graph - <------- nonSkippedSpace
2021-11-19T10:23:50,772|[TRACE] graph - <----- statementPart
2021-11-19T10:23:50,772|[TRACE] graph - -----> statementPart
2021-11-19T10:23:50,772|[TRACE] graph - -------> nonSkippedSpace
2021-11-19T10:23:50,772|[TRACE] script - #out(` `) [token]
2021-11-19T10:23:50,772|[TRACE] graph - <------- nonSkippedSpace
2021-11-19T10:23:50,772|[TRACE] graph - <----- statementPart
2021-11-19T10:23:50,772|[TRACE] graph - -----> statementPart
2021-11-19T10:23:50,772|[TRACE] graph - -------> nonSkippedChar
2021-11-19T10:23:50,772|[TRACE] script - #out(`R`) [token]
2021-11-19T10:23:50,772|[TRACE] graph - <------- nonSkippedChar
2021-11-19T10:23:50,772|[TRACE] graph - <----- statementPart
2021-11-19T10:23:50,772|[TRACE] graph - -----> statementPart
2021-11-19T10:23:50,772|[TRACE] graph - -------> nonSkippedChar
2021-11-19T10:23:50,772|[TRACE] script - #out(`E`) [token]
2021-11-19T10:23:50,772|[TRACE] graph - <------- nonSkippedChar
2021-11-19T10:23:50,772|[TRACE] graph - <----- statementPart
2021-11-19T10:23:50,772|[TRACE] graph - -----> statementPart
2021-11-19T10:23:50,772|[TRACE] graph - -------> nonSkippedChar
2021-11-19T10:23:50,772|[TRACE] script - #out(`F`) [token]
2021-11-19T10:23:50,772|[TRACE] graph - <------- nonSkippedChar
2021-11-19T10:23:50,772|[TRACE] graph - <----- statementPart
2021-11-19T10:23:50,772|[TRACE] graph - -----> statementPart
2021-11-19T10:23:50,772|[TRACE] graph - -------> nonSkippedChar
2021-11-19T10:23:50,772|[TRACE] script - #out(`E`) [token]
2021-11-19T10:23:50,772|[TRACE] graph - <------- nonSkippedChar
2021-11-19T10:23:50,772|[TRACE] graph - <----- statementPart
2021-11-19T10:23:50,772|[TRACE] graph - -----> statementPart
2021-11-19T10:23:50,772|[TRACE] graph - -------> nonSkippedChar
2021-11-19T10:23:50,772|[TRACE] script - #out(`R`) [token]
2021-11-19T10:23:50,772|[TRACE] graph - <------- nonSkippedChar
2021-11-19T10:23:50,772|[TRACE] graph - <----- statementPart
2021-11-19T10:23:50,772|[TRACE] graph - -----> statementPart
2021-11-19T10:23:50,772|[TRACE] graph - -------> nonSkippedChar
2021-11-19T10:23:50,772|[TRACE] script - #out(`E`) [token]
2021-11-19T10:23:50,772|[TRACE] graph - <------- nonSkippedChar
2021-11-19T10:23:50,772|[TRACE] graph - <----- statementPart
2021-11-19T10:23:50,772|[TRACE] graph - -----> statementPart
2021-11-19T10:23:50,772|[TRACE] graph - -------> nonSkippedChar
2021-11-19T10:23:50,772|[TRACE] script - #out(`N`) [token]
2021-11-19T10:23:50,772|[TRACE] graph - <------- nonSkippedChar
2021-11-19T10:23:50,772|[TRACE] graph - <----- statementPart
2021-11-19T10:23:50,772|[TRACE] graph - -----> statementPart
2021-11-19T10:23:50,772|[TRACE] graph - -------> nonSkippedChar
2021-11-19T10:23:50,772|[TRACE] script - #out(`C`) [token]
2021-11-19T10:23:50,772|[TRACE] graph - <------- nonSkippedChar
2021-11-19T10:23:50,772|[TRACE] graph - <----- statementPart
2021-11-19T10:23:50,772|[TRACE] graph - -----> statementPart
2021-11-19T10:23:50,772|[TRACE] graph - -------> nonSkippedChar
2021-11-19T10:23:50,772|[TRACE] script - #out(`E`) [token]
2021-11-19T10:23:50,772|[TRACE] graph - <------- nonSkippedChar
2021-11-19T10:23:50,772|[TRACE] graph - <----- statementPart
2021-11-19T10:23:50,772|[TRACE] graph - -----> statementPart
2021-11-19T10:23:50,772|[TRACE] graph - -------> nonSkippedChar
2021-11-19T10:23:50,772|[TRACE] script - #out(`S`) [token]
2021-11-19T10:23:50,772|[TRACE] graph - <------- nonSkippedChar
2021-11-19T10:23:50,772|[TRACE] graph - <----- statementPart
2021-11-19T10:23:50,772|[TRACE] graph - -----> statementPart
2021-11-19T10:23:50,772|[TRACE] graph - -------> nonSkippedSpace
2021-11-19T10:23:50,772|[TRACE] script - #out(` `) [token]
2021-11-19T10:23:50,772|[TRACE] graph - <------- nonSkippedSpace
2021-11-19T10:23:50,772|[TRACE] graph - <----- statementPart
2021-11-19T10:23:50,772|[TRACE] graph - -----> statementPart
2021-11-19T10:23:50,772|[TRACE] graph - -------> quotedString
2021-11-19T10:23:50,772|[TRACE] script - #out(``bloodbank``) [token]
2021-11-19T10:23:50,772|[TRACE] graph - <------- quotedString
2021-11-19T10:23:50,772|[TRACE] graph - <----- statementPart
2021-11-19T10:23:50,772|[TRACE] graph - -----> statementPart
2021-11-19T10:23:50,772|[TRACE] graph - -------> nonSkippedChar
2021-11-19T10:23:50,772|[TRACE] script - #out(`.`) [token]
2021-11-19T10:23:50,772|[TRACE] graph - <------- nonSkippedChar
2021-11-19T10:23:50,772|[TRACE] graph - <----- statementPart
2021-11-19T10:23:50,772|[TRACE] graph - -----> statementPart
2021-11-19T10:23:50,772|[TRACE] graph - -------> quotedString
2021-11-19T10:23:50,772|[TRACE] script - #out(``blood_donation``) [token]
2021-11-19T10:23:50,772|[TRACE] graph - <------- quotedString
2021-11-19T10:23:50,772|[TRACE] graph - <----- statementPart
2021-11-19T10:23:50,772|[TRACE] graph - -----> statementPart
2021-11-19T10:23:50,772|[TRACE] graph - -------> nonSkippedSpace
2021-11-19T10:23:50,772|[TRACE] script - #out(` `) [token]
2021-11-19T10:23:50,772|[TRACE] graph - <------- nonSkippedSpace
2021-11-19T10:23:50,772|[TRACE] graph - <----- statementPart
2021-11-19T10:23:50,772|[TRACE] graph - -----> statementPart
2021-11-19T10:23:50,772|[TRACE] graph - -------> nonSkippedChar
2021-11-19T10:23:50,772|[TRACE] script - #out(`(`) [token]
2021-11-19T10:23:50,772|[TRACE] graph - <------- nonSkippedChar
2021-11-19T10:23:50,772|[TRACE] graph - <----- statementPart
2021-11-19T10:23:50,772|[TRACE] graph - -----> statementPart
2021-11-19T10:23:50,772|[TRACE] graph - -------> quotedString
2021-11-19T10:23:50,772|[TRACE] script - #out(``donation_id``) [token]
2021-11-19T10:23:50,772|[TRACE] graph - <------- quotedString
2021-11-19T10:23:50,772|[TRACE] graph - <----- statementPart
2021-11-19T10:23:50,772|[TRACE] graph - -----> statementPart
2021-11-19T10:23:50,772|[TRACE] graph - -------> nonSkippedChar
2021-11-19T10:23:50,772|[TRACE] script - #out(`)`) [token]
2021-11-19T10:23:50,772|[TRACE] graph - <------- nonSkippedChar
2021-11-19T10:23:50,772|[TRACE] graph - <----- statementPart
2021-11-19T10:23:50,772|[TRACE] graph - -----> afterStatementPartNewline
2021-11-19T10:23:50,772|[TRACE] script - #out(` `) [text]
2021-11-19T10:23:50,772|[TRACE] graph - <----- afterStatementPartNewline
2021-11-19T10:23:50,772|[TRACE] graph - -----> statementPart
2021-11-19T10:23:50,772|[TRACE] graph - -------> nonSkippedSpace
2021-11-19T10:23:50,772|[TRACE] script - #out(` `) [token]
2021-11-19T10:23:50,772|[TRACE] graph - <------- nonSkippedSpace
2021-11-19T10:23:50,772|[TRACE] graph - <----- statementPart
2021-11-19T10:23:50,772|[TRACE] graph - -----> statementPart
2021-11-19T10:23:50,772|[TRACE] graph - -------> nonSkippedSpace
2021-11-19T10:23:50,772|[TRACE] script - #out(` `) [token]
2021-11-19T10:23:50,772|[TRACE] graph - <------- nonSkippedSpace
2021-11-19T10:23:50,772|[TRACE] graph - <----- statementPart
2021-11-19T10:23:50,772|[TRACE] graph - -----> statementPart
2021-11-19T10:23:50,772|[TRACE] graph - -------> nonSkippedSpace
2021-11-19T10:23:50,772|[TRACE] script - #out(` `) [token]
2021-11-19T10:23:50,772|[TRACE] graph - <------- nonSkippedSpace
2021-11-19T10:23:50,772|[TRACE] graph - <----- statementPart
2021-11-19T10:23:50,772|[TRACE] graph - -----> statementPart
2021-11-19T10:23:50,772|[TRACE] graph - -------> nonSkippedSpace
2021-11-19T10:23:50,772|[TRACE] script - #out(` `) [token]
2021-11-19T10:23:50,772|[TRACE] graph - <------- nonSkippedSpace
2021-11-19T10:23:50,772|[TRACE] graph - <----- statementPart
2021-11-19T10:23:50,772|[TRACE] graph - -----> statementPart
2021-11-19T10:23:50,772|[TRACE] graph - -------> nonSkippedChar
2021-11-19T10:23:50,772|[TRACE] script - #out(`O`) [token]
2021-11-19T10:23:50,772|[TRACE] graph - <------- nonSkippedChar
2021-11-19T10:23:50,772|[TRACE] graph - <----- statementPart
2021-11-19T10:23:50,772|[TRACE] graph - -----> statementPart
2021-11-19T10:23:50,773|[TRACE] graph - -------> nonSkippedChar
2021-11-19T10:23:50,773|[TRACE] script - #out(`N`) [token]
2021-11-19T10:23:50,773|[TRACE] graph - <------- nonSkippedChar
2021-11-19T10:23:50,773|[TRACE] graph - <----- statementPart
2021-11-19T10:23:50,773|[TRACE] graph - -----> statementPart
2021-11-19T10:23:50,773|[TRACE] graph - -------> nonSkippedSpace
2021-11-19T10:23:50,773|[TRACE] script - #out(` `) [token]
2021-11-19T10:23:50,773|[TRACE] graph - <------- nonSkippedSpace
2021-11-19T10:23:50,773|[TRACE] graph - <----- statementPart
2021-11-19T10:23:50,773|[TRACE] graph - -----> statementPart
2021-11-19T10:23:50,773|[TRACE] graph - -------> nonSkippedChar
2021-11-19T10:23:50,773|[TRACE] script - #out(`D`) [token]
2021-11-19T10:23:50,773|[TRACE] graph - <------- nonSkippedChar
2021-11-19T10:23:50,773|[TRACE] graph - <----- statementPart
2021-11-19T10:23:50,773|[TRACE] graph - -----> statementPart
2021-11-19T10:23:50,773|[TRACE] graph - -------> nonSkippedChar
2021-11-19T10:23:50,773|[TRACE] script - #out(`E`) [token]
2021-11-19T10:23:50,773|[TRACE] graph - <------- nonSkippedChar
2021-11-19T10:23:50,773|[TRACE] graph - <----- statementPart
2021-11-19T10:23:50,773|[TRACE] graph - -----> statementPart
2021-11-19T10:23:50,773|[TRACE] graph - -------> nonSkippedChar
2021-11-19T10:23:50,773|[TRACE] script - #out(`L`) [token]
2021-11-19T10:23:50,773|[TRACE] graph - <------- nonSkippedChar
2021-11-19T10:23:50,773|[TRACE] graph - <----- statementPart
2021-11-19T10:23:50,773|[TRACE] graph - -----> statementPart
2021-11-19T10:23:50,773|[TRACE] graph - -------> nonSkippedChar
2021-11-19T10:23:50,773|[TRACE] script - #out(`E`) [token]
2021-11-19T10:23:50,773|[TRACE] graph - <------- nonSkippedChar
2021-11-19T10:23:50,773|[TRACE] graph - <----- statementPart
2021-11-19T10:23:50,773|[TRACE] graph - -----> statementPart
2021-11-19T10:23:50,773|[TRACE] graph - -------> nonSkippedChar
2021-11-19T10:23:50,773|[TRACE] script - #out(`T`) [token]
2021-11-19T10:23:50,773|[TRACE] graph - <------- nonSkippedChar
2021-11-19T10:23:50,773|[TRACE] graph - <----- statementPart
2021-11-19T10:23:50,773|[TRACE] graph - -----> statementPart
2021-11-19T10:23:50,773|[TRACE] graph - -------> nonSkippedChar
2021-11-19T10:23:50,773|[TRACE] script - #out(`E`) [token]
2021-11-19T10:23:50,773|[TRACE] graph - <------- nonSkippedChar
2021-11-19T10:23:50,773|[TRACE] graph - <----- statementPart
2021-11-19T10:23:50,773|[TRACE] graph - -----> statementPart
2021-11-19T10:23:50,773|[TRACE] graph - -------> nonSkippedSpace
2021-11-19T10:23:50,773|[TRACE] script - #out(` `) [token]
2021-11-19T10:23:50,773|[TRACE] graph - <------- nonSkippedSpace
2021-11-19T10:23:50,773|[TRACE] graph - <----- statementPart
2021-11-19T10:23:50,773|[TRACE] graph - -----> statementPart
2021-11-19T10:23:50,773|[TRACE] graph - -------> nonSkippedChar
2021-11-19T10:23:50,773|[TRACE] script - #out(`N`) [token]
2021-11-19T10:23:50,773|[TRACE] graph - <------- nonSkippedChar
2021-11-19T10:23:50,773|[TRACE] graph - <----- statementPart
2021-11-19T10:23:50,773|[TRACE] graph - -----> statementPart
2021-11-19T10:23:50,773|[TRACE] graph - -------> nonSkippedChar
2021-11-19T10:23:50,773|[TRACE] script - #out(`O`) [token]
2021-11-19T10:23:50,773|[TRACE] graph - <------- nonSkippedChar
2021-11-19T10:23:50,773|[TRACE] graph - <----- statementPart
2021-11-19T10:23:50,773|[TRACE] graph - -----> statementPart
2021-11-19T10:23:50,773|[TRACE] graph - -------> nonSkippedSpace
2021-11-19T10:23:50,773|[TRACE] script - #out(` `) [token]
2021-11-19T10:23:50,773|[TRACE] graph - <------- nonSkippedSpace
2021-11-19T10:23:50,773|[TRACE] graph - <----- statementPart
2021-11-19T10:23:50,773|[TRACE] graph - -----> statementPart
2021-11-19T10:23:50,773|[TRACE] graph - -------> nonSkippedChar
2021-11-19T10:23:50,773|[TRACE] script - #out(`A`) [token]
2021-11-19T10:23:50,773|[TRACE] graph - <------- nonSkippedChar
2021-11-19T10:23:50,773|[TRACE] graph - <----- statementPart
2021-11-19T10:23:50,773|[TRACE] graph - -----> statementPart
2021-11-19T10:23:50,773|[TRACE] graph - -------> nonSkippedChar
2021-11-19T10:23:50,773|[TRACE] script - #out(`C`) [token]
2021-11-19T10:23:50,773|[TRACE] graph - <------- nonSkippedChar
2021-11-19T10:23:50,773|[TRACE] graph - <----- statementPart
2021-11-19T10:23:50,773|[TRACE] graph - -----> statementPart
2021-11-19T10:23:50,773|[TRACE] graph - -------> nonSkippedChar
2021-11-19T10:23:50,773|[TRACE] script - #out(`T`) [token]
2021-11-19T10:23:50,773|[TRACE] graph - <------- nonSkippedChar
2021-11-19T10:23:50,773|[TRACE] graph - <----- statementPart
2021-11-19T10:23:50,773|[TRACE] graph - -----> statementPart
2021-11-19T10:23:50,773|[TRACE] graph - -------> nonSkippedChar
2021-11-19T10:23:50,773|[TRACE] script - #out(`I`) [token]
2021-11-19T10:23:50,773|[TRACE] graph - <------- nonSkippedChar
2021-11-19T10:23:50,773|[TRACE] graph - <----- statementPart
2021-11-19T10:23:50,773|[TRACE] graph - -----> statementPart
2021-11-19T10:23:50,773|[TRACE] graph - -------> nonSkippedChar
2021-11-19T10:23:50,773|[TRACE] script - #out(`O`) [token]
2021-11-19T10:23:50,773|[TRACE] graph - <------- nonSkippedChar
2021-11-19T10:23:50,773|[TRACE] graph - <----- statementPart
2021-11-19T10:23:50,773|[TRACE] graph - -----> statementPart
2021-11-19T10:23:50,773|[TRACE] graph - -------> nonSkippedChar
2021-11-19T10:23:50,773|[TRACE] script - #out(`N`) [token]
2021-11-19T10:23:50,773|[TRACE] graph - <------- nonSkippedChar
2021-11-19T10:23:50,773|[TRACE] graph - <----- statementPart
2021-11-19T10:23:50,773|[TRACE] graph - -----> afterStatementPartNewline
2021-11-19T10:23:50,773|[TRACE] script - #out(` `) [text]
2021-11-19T10:23:50,773|[TRACE] graph - <----- afterStatementPartNewline
2021-11-19T10:23:50,773|[TRACE] graph - -----> statementPart
2021-11-19T10:23:50,773|[TRACE] graph - -------> nonSkippedSpace
2021-11-19T10:23:50,773|[TRACE] script - #out(` `) [token]
2021-11-19T10:23:50,773|[TRACE] graph - <------- nonSkippedSpace
2021-11-19T10:23:50,773|[TRACE] graph - <----- statementPart
2021-11-19T10:23:50,773|[TRACE] graph - -----> statementPart
2021-11-19T10:23:50,773|[TRACE] graph - -------> nonSkippedSpace
2021-11-19T10:23:50,773|[TRACE] script - #out(` `) [token]
2021-11-19T10:23:50,773|[TRACE] graph - <------- nonSkippedSpace
2021-11-19T10:23:50,773|[TRACE] graph - <----- statementPart
2021-11-19T10:23:50,773|[TRACE] graph - -----> statementPart
2021-11-19T10:23:50,773|[TRACE] graph - -------> nonSkippedSpace
2021-11-19T10:23:50,773|[TRACE] script - #out(` `) [token]
2021-11-19T10:23:50,773|[TRACE] graph - <------- nonSkippedSpace
2021-11-19T10:23:50,773|[TRACE] graph - <----- statementPart
2021-11-19T10:23:50,773|[TRACE] graph - -----> statementPart
2021-11-19T10:23:50,948|[TRACE] graph - -------> nonSkippedSpace
2021-11-19T10:23:50,948|[TRACE] script - #out(` `) [token]
2021-11-19T10:23:50,948|[TRACE] graph - <------- nonSkippedSpace
2021-11-19T10:23:50,948|[TRACE] graph - <----- statementPart
2021-11-19T10:23:50,948|[TRACE] graph - -----> statementPart
2021-11-19T10:23:50,948|[TRACE] graph - -------> nonSkippedChar
2021-11-19T10:23:50,948|[TRACE] script - #out(`O`) [token]
2021-11-19T10:23:50,948|[TRACE] graph - <------- nonSkippedChar
2021-11-19T10:23:50,948|[TRACE] graph - <----- statementPart
2021-11-19T10:23:50,948|[TRACE] graph - -----> statementPart
2021-11-19T10:23:50,948|[TRACE] graph - -------> nonSkippedChar
2021-11-19T10:23:50,948|[TRACE] script - #out(`N`) [token]
2021-11-19T10:23:50,948|[TRACE] graph - <------- nonSkippedChar
2021-11-19T10:23:50,948|[TRACE] graph - <----- statementPart
2021-11-19T10:23:50,948|[TRACE] graph - -----> statementPart
2021-11-19T10:23:50,948|[TRACE] graph - -------> nonSkippedSpace
2021-11-19T10:23:50,948|[TRACE] script - #out(` `) [token]
2021-11-19T10:23:50,948|[TRACE] graph - <------- nonSkippedSpace
2021-11-19T10:23:50,948|[TRACE] graph - <----- statementPart
2021-11-19T10:23:50,948|[TRACE] graph - -----> statementPart
2021-11-19T10:23:50,948|[TRACE] graph - -------> nonSkippedChar
2021-11-19T10:23:50,948|[TRACE] script - #out(`U`) [token]
2021-11-19T10:23:50,948|[TRACE] graph - <------- nonSkippedChar
2021-11-19T10:23:50,948|[TRACE] graph - <----- statementPart
2021-11-19T10:23:50,948|[TRACE] graph - -----> statementPart
2021-11-19T10:23:50,948|[TRACE] graph - -------> nonSkippedChar
2021-11-19T10:23:50,948|[TRACE] script - #out(`P`) [token]
2021-11-19T10:23:50,948|[TRACE] graph - <------- nonSkippedChar
2021-11-19T10:23:50,948|[TRACE] graph - <----- statementPart
2021-11-19T10:23:50,948|[TRACE] graph - -----> statementPart
2021-11-19T10:23:50,948|[TRACE] graph - -------> nonSkippedChar
2021-11-19T10:23:50,948|[TRACE] script - #out(`D`) [token]
2021-11-19T10:23:50,948|[TRACE] graph - <------- nonSkippedChar
2021-11-19T10:23:50,948|[TRACE] graph - <----- statementPart
2021-11-19T10:23:50,948|[TRACE] graph - -----> statementPart
2021-11-19T10:23:50,948|[TRACE] graph - -------> nonSkippedChar
2021-11-19T10:23:50,948|[TRACE] script - #out(`A`) [token]
2021-11-19T10:23:50,948|[TRACE] graph - <------- nonSkippedChar
2021-11-19T10:23:50,948|[TRACE] graph - <----- statementPart
2021-11-19T10:23:50,948|[TRACE] graph - -----> statementPart
2021-11-19T10:23:50,948|[TRACE] graph - -------> nonSkippedChar
2021-11-19T10:23:50,948|[TRACE] script - #out(`T`) [token]
2021-11-19T10:23:50,948|[TRACE] graph - <------- nonSkippedChar
2021-11-19T10:23:50,948|[TRACE] graph - <----- statementPart
2021-11-19T10:23:50,948|[TRACE] graph - -----> statementPart
2021-11-19T10:23:50,948|[TRACE] graph - -------> nonSkippedChar
2021-11-19T10:23:50,948|[TRACE] script - #out(`E`) [token]
2021-11-19T10:23:50,948|[TRACE] graph - <------- nonSkippedChar
2021-11-19T10:23:50,948|[TRACE] graph - <----- statementPart
2021-11-19T10:23:50,948|[TRACE] graph - -----> statementPart
2021-11-19T10:23:50,948|[TRACE] graph - -------> nonSkippedSpace
2021-11-19T10:23:50,948|[TRACE] script - #out(` `) [token]
2021-11-19T10:23:50,949|[TRACE] graph - <------- nonSkippedSpace
2021-11-19T10:23:50,949|[TRACE] graph - <----- statementPart
2021-11-19T10:23:50,949|[TRACE] graph - -----> statementPart
2021-11-19T10:23:50,949|[TRACE] graph - -------> nonSkippedChar
2021-11-19T10:23:50,949|[TRACE] script - #out(`N`) [token]
2021-11-19T10:23:50,949|[TRACE] graph - <------- nonSkippedChar
2021-11-19T10:23:50,949|[TRACE] graph - <----- statementPart
2021-11-19T10:23:50,949|[TRACE] graph - -----> statementPart
2021-11-19T10:23:50,949|[TRACE] graph - -------> nonSkippedChar
2021-11-19T10:23:50,949|[TRACE] script - #out(`O`) [token]
2021-11-19T10:23:50,949|[TRACE] graph - <------- nonSkippedChar
2021-11-19T10:23:50,949|[TRACE] graph - <----- statementPart
2021-11-19T10:23:50,949|[TRACE] graph - -----> statementPart
2021-11-19T10:23:50,949|[TRACE] graph - -------> nonSkippedSpace
2021-11-19T10:23:50,949|[TRACE] script - #out(` `) [token]
2021-11-19T10:23:50,949|[TRACE] graph - <------- nonSkippedSpace
2021-11-19T10:23:50,949|[TRACE] graph - <----- statementPart
2021-11-19T10:23:50,949|[TRACE] graph - -----> statementPart
2021-11-19T10:23:50,949|[TRACE] graph - -------> nonSkippedChar
2021-11-19T10:23:50,949|[TRACE] script - #out(`A`) [token]
2021-11-19T10:23:50,949|[TRACE] graph - <------- nonSkippedChar
2021-11-19T10:23:50,949|[TRACE] graph - <----- statementPart
2021-11-19T10:23:50,949|[TRACE] graph - -----> statementPart
2021-11-19T10:23:50,949|[TRACE] graph - -------> nonSkippedChar
2021-11-19T10:23:50,949|[TRACE] script - #out(`C`) [token]
2021-11-19T10:23:50,949|[TRACE] graph - <------- nonSkippedChar
2021-11-19T10:23:50,949|[TRACE] graph - <----- statementPart
2021-11-19T10:23:50,949|[TRACE] graph - -----> statementPart
2021-11-19T10:23:50,949|[TRACE] graph - -------> nonSkippedChar
2021-11-19T10:23:50,949|[TRACE] script - #out(`T`) [token]
2021-11-19T10:23:50,949|[TRACE] graph - <------- nonSkippedChar
2021-11-19T10:23:50,949|[TRACE] graph - <----- statementPart
2021-11-19T10:23:50,949|[TRACE] graph - -----> statementPart
2021-11-19T10:23:50,949|[TRACE] graph - -------> nonSkippedChar
2021-11-19T10:23:50,949|[TRACE] script - #out(`I`) [token]
2021-11-19T10:23:50,949|[TRACE] graph - <------- nonSkippedChar
2021-11-19T10:23:50,949|[TRACE] graph - <----- statementPart
2021-11-19T10:23:50,949|[TRACE] graph - -----> statementPart
2021-11-19T10:23:50,949|[TRACE] graph - -------> nonSkippedChar
2021-11-19T10:23:50,949|[TRACE] script - #out(`O`) [token]
2021-11-19T10:23:50,949|[TRACE] graph - <------- nonSkippedChar
2021-11-19T10:23:50,949|[TRACE] graph - <----- statementPart
2021-11-19T10:23:50,949|[TRACE] graph - -----> statementPart
2021-11-19T10:23:50,949|[TRACE] graph - -------> nonSkippedChar
2021-11-19T10:23:50,949|[TRACE] script - #out(`N`) [token]
2021-11-19T10:23:50,949|[TRACE] graph - <------- nonSkippedChar
2021-11-19T10:23:50,949|[TRACE] graph - <----- statementPart
2021-11-19T10:23:50,949|[TRACE] graph - -----> statementPart
2021-11-19T10:23:50,949|[TRACE] graph - -------> nonSkippedChar
2021-11-19T10:23:50,949|[TRACE] script - #out(`)`) [token]
2021-11-19T10:23:50,949|[TRACE] graph - <------- nonSkippedChar
2021-11-19T10:23:50,949|[TRACE] graph - <----- statementPart
2021-11-19T10:23:50,949|[TRACE] graph - -----> afterStatementPartNewline
2021-11-19T10:23:50,949|[TRACE] script - #out(` `) [text]
2021-11-19T10:23:50,949|[TRACE] graph - <----- afterStatementPartNewline
2021-11-19T10:23:50,949|[TRACE] graph - -----> statementPart
2021-11-19T10:23:50,949|[TRACE] graph - -------> nonSkippedChar
2021-11-19T10:23:50,949|[TRACE] script - #out(`E`) [token]
2021-11-19T10:23:50,949|[TRACE] graph - <------- nonSkippedChar
2021-11-19T10:23:50,949|[TRACE] graph - <----- statementPart
2021-11-19T10:23:50,949|[TRACE] graph - -----> statementPart
2021-11-19T10:23:50,949|[TRACE] graph - -------> nonSkippedChar
2021-11-19T10:23:50,949|[TRACE] script - #out(`N`) [token]
2021-11-19T10:23:50,949|[TRACE] graph - <------- nonSkippedChar
2021-11-19T10:23:50,949|[TRACE] graph - <----- statementPart
2021-11-19T10:23:50,949|[TRACE] graph - -----> statementPart
2021-11-19T10:23:50,949|[TRACE] graph - -------> nonSkippedChar
2021-11-19T10:23:50,949|[TRACE] script - #out(`G`) [token]
2021-11-19T10:23:50,949|[TRACE] graph - <------- nonSkippedChar
2021-11-19T10:23:50,949|[TRACE] graph - <----- statementPart
2021-11-19T10:23:50,949|[TRACE] graph - -----> statementPart
2021-11-19T10:23:50,949|[TRACE] graph - -------> nonSkippedChar
2021-11-19T10:23:50,949|[TRACE] script - #out(`I`) [token]
2021-11-19T10:23:50,949|[TRACE] graph - <------- nonSkippedChar
2021-11-19T10:23:50,949|[TRACE] graph - <----- statementPart
2021-11-19T10:23:50,949|[TRACE] graph - -----> statementPart
2021-11-19T10:23:50,949|[TRACE] graph - -------> nonSkippedChar
2021-11-19T10:23:50,949|[TRACE] script - #out(`N`) [token]
2021-11-19T10:23:50,949|[TRACE] graph - <------- nonSkippedChar
2021-11-19T10:23:50,949|[TRACE] graph - <----- statementPart
2021-11-19T10:23:50,949|[TRACE] graph - -----> statementPart
2021-11-19T10:23:50,949|[TRACE] graph - -------> nonSkippedChar
2021-11-19T10:23:50,949|[TRACE] script - #out(`E`) [token]
2021-11-19T10:23:50,949|[TRACE] graph - <------- nonSkippedChar
2021-11-19T10:23:50,949|[TRACE] graph - <----- statementPart
2021-11-19T10:23:50,949|[TRACE] graph - -----> statementPart
2021-11-19T10:23:50,949|[TRACE] graph - -------> nonSkippedSpace
2021-11-19T10:23:50,949|[TRACE] script - #out(` `) [token]
2021-11-19T10:23:50,949|[TRACE] graph - <------- nonSkippedSpace
2021-11-19T10:23:50,949|[TRACE] graph - <----- statementPart
2021-11-19T10:23:50,949|[TRACE] graph - -----> statementPart
2021-11-19T10:23:50,949|[TRACE] graph - -------> nonSkippedChar
2021-11-19T10:23:50,949|[TRACE] script - #out(`=`) [token]
2021-11-19T10:23:50,949|[TRACE] graph - <------- nonSkippedChar
2021-11-19T10:23:50,949|[TRACE] graph - <----- statementPart
2021-11-19T10:23:50,949|[TRACE] graph - -----> statementPart
2021-11-19T10:23:50,949|[TRACE] graph - -------> nonSkippedSpace
2021-11-19T10:23:50,949|[TRACE] script - #out(` `) [token]
2021-11-19T10:23:50,949|[TRACE] graph - <------- nonSkippedSpace
2021-11-19T10:23:50,949|[TRACE] graph - <----- statementPart
2021-11-19T10:23:50,949|[TRACE] graph - -----> statementPart
2021-11-19T10:23:50,949|[TRACE] graph - -------> nonSkippedChar
2021-11-19T10:23:50,949|[TRACE] script - #out(`I`) [token]
2021-11-19T10:23:50,949|[TRACE] graph - <------- nonSkippedChar
2021-11-19T10:23:50,949|[TRACE] graph - <----- statementPart
2021-11-19T10:23:50,949|[TRACE] graph - -----> statementPart
2021-11-19T10:23:50,949|[TRACE] graph - -------> nonSkippedChar
2021-11-19T10:23:50,949|[TRACE] script - #out(`n`) [token]
2021-11-19T10:23:50,949|[TRACE] graph - <------- nonSkippedChar
2021-11-19T10:23:50,949|[TRACE] graph - <----- statementPart
2021-11-19T10:23:50,949|[TRACE] graph - -----> statementPart
2021-11-19T10:23:50,949|[TRACE] graph - -------> nonSkippedChar
2021-11-19T10:23:50,949|[TRACE] script - #out(`n`) [token]
2021-11-19T10:23:50,949|[TRACE] graph - <------- nonSkippedChar
2021-11-19T10:23:50,949|[TRACE] graph - <----- statementPart
2021-11-19T10:23:50,949|[TRACE] graph - -----> statementPart
2021-11-19T10:23:50,949|[TRACE] graph - -------> nonSkippedChar
2021-11-19T10:23:50,949|[TRACE] script - #out(`o`) [token]
2021-11-19T10:23:50,949|[TRACE] graph - <------- nonSkippedChar
2021-11-19T10:23:50,949|[TRACE] graph - <----- statementPart
2021-11-19T10:23:50,949|[TRACE] graph - -----> statementPart
2021-11-19T10:23:50,949|[TRACE] graph - -------> nonSkippedChar
2021-11-19T10:23:50,949|[TRACE] script - #out(`D`) [token]
2021-11-19T10:23:50,949|[TRACE] graph - <------- nonSkippedChar
2021-11-19T10:23:50,949|[TRACE] graph - <----- statementPart
2021-11-19T10:23:50,949|[TRACE] graph - -----> statementPart
2021-11-19T10:23:50,949|[TRACE] graph - -------> nonSkippedChar
2021-11-19T10:23:50,949|[TRACE] script - #out(`B`) [token]
2021-11-19T10:23:50,949|[TRACE] graph - <------- nonSkippedChar
2021-11-19T10:23:50,949|[TRACE] graph - <----- statementPart
2021-11-19T10:23:50,949|[DEBUG] graph - Import statement : CREATE TABLE IF NOT EXISTS `bloodbank`.`donation_record` (   `record_id` INT NOT NULL AUTO_INCREMENT,   `person_id` INT NOT NULL,   `donation_id` INT NULL,   `tested` BIT(1) NOT NULL,   `created` BIGINT NOT NULL DEFAULT (unix_timestamp(now()) * 1000),   `updated` BIGINT NOT NULL DEFAULT (unix_timestamp(now()) * 1000),   `version` INT NOT NULL DEFAULT 1,   INDEX `fk_donation_record_person1_idx` (`person_id` ASC) VISIBLE,   INDEX `fk_donation_record_blood_donation1_idx` (`donation_id` ASC) VISIBLE,   UNIQUE INDEX `record_id_UNIQUE` (`record_id` ASC) VISIBLE,   PRIMARY KEY (`record_id`),   CONSTRAINT `fk_donation_record_person1`     FOREIGN KEY (`person_id`)     REFERENCES `bloodbank`.`person` (`id`)     ON DELETE NO ACTION     ON UPDATE NO ACTION,   CONSTRAINT `fk_donation_record_blood_donation1`     FOREIGN KEY (`donation_id`)     REFERENCES `bloodbank`.`blood_donation` (`donation_id`)     ON DELETE NO ACTION     ON UPDATE NO ACTION) ENGINE = InnoDB
2021-11-19T10:23:50,949|[TRACE] graph - <--- statement
2021-11-19T10:23:50,949|[TRACE] graph - ---> blankSpacesToSkip
2021-11-19T10:23:50,949|[TRACE] graph - -----> newLineToSkip
2021-11-19T10:23:50,949|[TRACE] graph - <----- newLineToSkip
2021-11-19T10:23:50,949|[TRACE] graph - -----> newLineToSkip
2021-11-19T10:23:50,949|[TRACE] graph - <----- newLineToSkip
2021-11-19T10:23:50,949|[TRACE] graph - -----> newLineToSkip
2021-11-19T10:23:50,949|[TRACE] graph - <----- newLineToSkip
2021-11-19T10:23:50,949|[TRACE] graph - -----> newLineToSkip
2021-11-19T10:23:50,949|[TRACE] graph - <----- newLineToSkip
2021-11-19T10:23:50,949|[TRACE] graph - -----> newLineToSkip
2021-11-19T10:23:50,949|[TRACE] graph - <----- newLineToSkip
2021-11-19T10:23:50,949|[TRACE] graph - -----> newLineToSkip
2021-11-19T10:23:50,949|[TRACE] graph - <----- newLineToSkip
2021-11-19T10:23:50,949|[TRACE] graph - <--- blankSpacesToSkip
2021-11-19T10:23:50,949|[TRACE] graph - ---> statement
2021-11-19T10:23:50,949|[TRACE] graph - -----> statementFirstPart
2021-11-19T10:23:50,949|[TRACE] graph - -------> nonSkippedChar
2021-11-19T10:23:50,949|[TRACE] script - #out(`C`) [token]
2021-11-19T10:23:50,949|[TRACE] graph - <------- nonSkippedChar
2021-11-19T10:23:50,949|[TRACE] graph - <----- statementFirstPart
2021-11-19T10:23:50,949|[TRACE] graph - -----> statementPart
2021-11-19T10:23:50,949|[TRACE] graph - -------> nonSkippedChar
2021-11-19T10:23:50,949|[TRACE] script - #out(`R`) [token]
2021-11-19T10:23:50,949|[TRACE] graph - <------- nonSkippedChar
2021-11-19T10:23:50,949|[TRACE] graph - <----- statementPart
2021-11-19T10:23:50,949|[TRACE] graph - -----> statementPart
2021-11-19T10:23:50,949|[TRACE] graph - -------> nonSkippedChar
2021-11-19T10:23:50,949|[TRACE] script - #out(`E`) [token]
2021-11-19T10:23:50,949|[TRACE] graph - <------- nonSkippedChar
2021-11-19T10:23:50,949|[TRACE] graph - <----- statementPart
2021-11-19T10:23:50,949|[TRACE] graph - -----> statementPart
2021-11-19T10:23:50,949|[TRACE] graph - -------> nonSkippedChar
2021-11-19T10:23:50,949|[TRACE] script - #out(`A`) [token]
2021-11-19T10:23:50,949|[TRACE] graph - <------- nonSkippedChar
2021-11-19T10:23:50,949|[TRACE] graph - <----- statementPart
2021-11-19T10:23:50,949|[TRACE] graph - -----> statementPart
2021-11-19T10:23:50,949|[TRACE] graph - -------> nonSkippedChar
2021-11-19T10:23:50,949|[TRACE] script - #out(`T`) [token]
2021-11-19T10:23:50,949|[TRACE] graph - <------- nonSkippedChar
2021-11-19T10:23:50,949|[TRACE] graph - <----- statementPart
2021-11-19T10:23:50,949|[TRACE] graph - -----> statementPart
2021-11-19T10:23:50,949|[TRACE] graph - -------> nonSkippedChar
2021-11-19T10:23:50,949|[TRACE] script - #out(`E`) [token]
2021-11-19T10:23:50,949|[TRACE] graph - <------- nonSkippedChar
2021-11-19T10:23:50,949|[TRACE] graph - <----- statementPart
2021-11-19T10:23:50,949|[TRACE] graph - -----> statementPart
2021-11-19T10:23:50,949|[TRACE] graph - -------> nonSkippedSpace
2021-11-19T10:23:50,949|[TRACE] script - #out(` `) [token]
2021-11-19T10:23:50,949|[TRACE] graph - <------- nonSkippedSpace
2021-11-19T10:23:50,949|[TRACE] graph - <----- statementPart
2021-11-19T10:23:50,949|[TRACE] graph - -----> statementPart
2021-11-19T10:23:50,949|[TRACE] graph - -------> nonSkippedChar
2021-11-19T10:23:50,949|[TRACE] script - #out(`T`) [token]
2021-11-19T10:23:50,949|[TRACE] graph - <------- nonSkippedChar
2021-11-19T10:23:50,949|[TRACE] graph - <----- statementPart
2021-11-19T10:23:50,949|[TRACE] graph - -----> statementPart
2021-11-19T10:23:50,949|[TRACE] graph - -------> nonSkippedChar
2021-11-19T10:23:50,949|[TRACE] script - #out(`A`) [token]
2021-11-19T10:23:50,949|[TRACE] graph - <------- nonSkippedChar
2021-11-19T10:23:50,949|[TRACE] graph - <----- statementPart
2021-11-19T10:23:50,949|[TRACE] graph - -----> statementPart
2021-11-19T10:23:50,949|[TRACE] graph - -------> nonSkippedChar
2021-11-19T10:23:50,949|[TRACE] script - #out(`B`) [token]
2021-11-19T10:23:50,949|[TRACE] graph - <------- nonSkippedChar
2021-11-19T10:23:50,949|[TRACE] graph - <----- statementPart
2021-11-19T10:23:50,949|[TRACE] graph - -----> statementPart
2021-11-19T10:23:50,949|[TRACE] graph - -------> nonSkippedChar
2021-11-19T10:23:50,949|[TRACE] script - #out(`L`) [token]
2021-11-19T10:23:50,949|[TRACE] graph - <------- nonSkippedChar
2021-11-19T10:23:50,949|[TRACE] graph - <----- statementPart
2021-11-19T10:23:50,949|[TRACE] graph - -----> statementPart
2021-11-19T10:23:50,949|[TRACE] graph - -------> nonSkippedChar
2021-11-19T10:23:50,949|[TRACE] script - #out(`E`) [token]
2021-11-19T10:23:50,949|[TRACE] graph - <------- nonSkippedChar
2021-11-19T10:23:50,949|[TRACE] graph - <----- statementPart
2021-11-19T10:23:50,949|[TRACE] graph - -----> statementPart
2021-11-19T10:23:50,949|[TRACE] graph - -------> nonSkippedSpace
2021-11-19T10:23:50,949|[TRACE] script - #out(` `) [token]
2021-11-19T10:23:50,949|[TRACE] graph - <------- nonSkippedSpace
2021-11-19T10:23:50,949|[TRACE] graph - <----- statementPart
2021-11-19T10:23:50,949|[TRACE] graph - -----> statementPart
2021-11-19T10:23:50,949|[TRACE] graph - -------> nonSkippedChar
2021-11-19T10:23:50,949|[TRACE] script - #out(`I`) [token]
2021-11-19T10:23:50,949|[TRACE] graph - <------- nonSkippedChar
2021-11-19T10:23:50,949|[TRACE] graph - <----- statementPart
2021-11-19T10:23:50,949|[TRACE] graph - -----> statementPart
2021-11-19T10:23:50,949|[TRACE] graph - -------> nonSkippedChar
2021-11-19T10:23:50,949|[TRACE] script - #out(`F`) [token]
2021-11-19T10:23:50,949|[TRACE] graph - <------- nonSkippedChar
2021-11-19T10:23:50,949|[TRACE] graph - <----- statementPart
2021-11-19T10:23:50,949|[TRACE] graph - -----> statementPart
2021-11-19T10:23:50,949|[TRACE] graph - -------> nonSkippedSpace
2021-11-19T10:23:50,949|[TRACE] script - #out(` `) [token]
2021-11-19T10:23:50,949|[TRACE] graph - <------- nonSkippedSpace
2021-11-19T10:23:50,949|[TRACE] graph - <----- statementPart
2021-11-19T10:23:50,949|[TRACE] graph - -----> statementPart
2021-11-19T10:23:50,949|[TRACE] graph - -------> nonSkippedChar
2021-11-19T10:23:50,949|[TRACE] script - #out(`N`) [token]
2021-11-19T10:23:50,949|[TRACE] graph - <------- nonSkippedChar
2021-11-19T10:23:50,949|[TRACE] graph - <----- statementPart
2021-11-19T10:23:50,949|[TRACE] graph - -----> statementPart
2021-11-19T10:23:50,949|[TRACE] graph - -------> nonSkippedChar
2021-11-19T10:23:50,949|[TRACE] script - #out(`O`) [token]
2021-11-19T10:23:50,949|[TRACE] graph - <------- nonSkippedChar
2021-11-19T10:23:50,949|[TRACE] graph - <----- statementPart
2021-11-19T10:23:50,949|[TRACE] graph - -----> statementPart
2021-11-19T10:23:50,949|[TRACE] graph - -------> nonSkippedChar
2021-11-19T10:23:50,949|[TRACE] script - #out(`T`) [token]
2021-11-19T10:23:50,949|[TRACE] graph - <------- nonSkippedChar
2021-11-19T10:23:50,949|[TRACE] graph - <----- statementPart
2021-11-19T10:23:50,949|[TRACE] graph - -----> statementPart
2021-11-19T10:23:50,949|[TRACE] graph - -------> nonSkippedSpace
2021-11-19T10:23:50,949|[TRACE] script - #out(` `) [token]
2021-11-19T10:23:50,949|[TRACE] graph - <------- nonSkippedSpace
2021-11-19T10:23:50,949|[TRACE] graph - <----- statementPart
2021-11-19T10:23:50,949|[TRACE] graph - -----> statementPart
2021-11-19T10:23:50,949|[TRACE] graph - -------> nonSkippedChar
2021-11-19T10:23:50,949|[TRACE] script - #out(`E`) [token]
2021-11-19T10:23:50,949|[TRACE] graph - <------- nonSkippedChar
2021-11-19T10:23:50,949|[TRACE] graph - <----- statementPart
2021-11-19T10:23:50,949|[TRACE] graph - -----> statementPart
2021-11-19T10:23:50,949|[TRACE] graph - -------> nonSkippedChar
2021-11-19T10:23:50,949|[TRACE] script - #out(`X`) [token]
2021-11-19T10:23:50,949|[TRACE] graph - <------- nonSkippedChar
2021-11-19T10:23:50,949|[TRACE] graph - <----- statementPart
2021-11-19T10:23:50,949|[TRACE] graph - -----> statementPart
2021-11-19T10:23:50,949|[TRACE] graph - -------> nonSkippedChar
2021-11-19T10:23:50,949|[TRACE] script - #out(`I`) [token]
2021-11-19T10:23:50,949|[TRACE] graph - <------- nonSkippedChar
2021-11-19T10:23:50,949|[TRACE] graph - <----- statementPart
2021-11-19T10:23:50,949|[TRACE] graph - -----> statementPart
2021-11-19T10:23:50,949|[TRACE] graph - -------> nonSkippedChar
2021-11-19T10:23:50,949|[TRACE] script - #out(`S`) [token]
2021-11-19T10:23:50,949|[TRACE] graph - <------- nonSkippedChar
2021-11-19T10:23:50,949|[TRACE] graph - <----- statementPart
2021-11-19T10:23:50,949|[TRACE] graph - -----> statementPart
2021-11-19T10:23:50,949|[TRACE] graph - -------> nonSkippedChar
2021-11-19T10:23:50,949|[TRACE] script - #out(`T`) [token]
2021-11-19T10:23:50,949|[TRACE] graph - <------- nonSkippedChar
2021-11-19T10:23:50,949|[TRACE] graph - <----- statementPart
2021-11-19T10:23:50,949|[TRACE] graph - -----> statementPart
2021-11-19T10:23:50,949|[TRACE] graph - -------> nonSkippedChar
2021-11-19T10:23:50,949|[TRACE] script - #out(`S`) [token]
2021-11-19T10:23:50,949|[TRACE] graph - <------- nonSkippedChar
2021-11-19T10:23:50,949|[TRACE] graph - <----- statementPart
2021-11-19T10:23:50,949|[TRACE] graph - -----> statementPart
2021-11-19T10:23:50,949|[TRACE] graph - -------> nonSkippedSpace
2021-11-19T10:23:50,949|[TRACE] script - #out(` `) [token]
2021-11-19T10:23:50,949|[TRACE] graph - <------- nonSkippedSpace
2021-11-19T10:23:50,950|[TRACE] graph - <----- statementPart
2021-11-19T10:23:50,950|[TRACE] graph - -----> statementPart
2021-11-19T10:23:50,950|[TRACE] graph - -------> quotedString
2021-11-19T10:23:50,950|[TRACE] script - #out(``bloodbank``) [token]
2021-11-19T10:23:50,950|[TRACE] graph - <------- quotedString
2021-11-19T10:23:50,950|[TRACE] graph - <----- statementPart
2021-11-19T10:23:50,950|[TRACE] graph - -----> statementPart
2021-11-19T10:23:50,950|[TRACE] graph - -------> nonSkippedChar
2021-11-19T10:23:50,950|[TRACE] script - #out(`.`) [token]
2021-11-19T10:23:50,950|[TRACE] graph - <------- nonSkippedChar
2021-11-19T10:23:50,950|[TRACE] graph - <----- statementPart
2021-11-19T10:23:50,950|[TRACE] graph - -----> statementPart
2021-11-19T10:23:50,950|[TRACE] graph - -------> quotedString
2021-11-19T10:23:50,950|[TRACE] script - #out(``address``) [token]
2021-11-19T10:23:50,950|[TRACE] graph - <------- quotedString
2021-11-19T10:23:50,950|[TRACE] graph - <----- statementPart
2021-11-19T10:23:50,950|[TRACE] graph - -----> statementPart
2021-11-19T10:23:50,950|[TRACE] graph - -------> nonSkippedSpace
2021-11-19T10:23:50,950|[TRACE] script - #out(` `) [token]
2021-11-19T10:23:50,950|[TRACE] graph - <------- nonSkippedSpace
2021-11-19T10:23:50,950|[TRACE] graph - <----- statementPart
2021-11-19T10:23:50,950|[TRACE] graph - -----> statementPart
2021-11-19T10:23:50,950|[TRACE] graph - -------> nonSkippedChar
2021-11-19T10:23:50,950|[TRACE] script - #out(`(`) [token]
2021-11-19T10:23:50,950|[TRACE] graph - <------- nonSkippedChar
2021-11-19T10:23:50,950|[TRACE] graph - <----- statementPart
2021-11-19T10:23:50,950|[TRACE] graph - -----> afterStatementPartNewline
2021-11-19T10:23:50,950|[TRACE] script - #out(` `) [text]
2021-11-19T10:23:50,950|[TRACE] graph - <----- afterStatementPartNewline
2021-11-19T10:23:50,950|[TRACE] graph - -----> statementPart
2021-11-19T10:23:50,950|[TRACE] graph - -------> nonSkippedSpace
2021-11-19T10:23:50,950|[TRACE] script - #out(` `) [token]
2021-11-19T10:23:50,950|[TRACE] graph - <------- nonSkippedSpace
2021-11-19T10:23:50,950|[TRACE] graph - <----- statementPart
2021-11-19T10:23:50,950|[TRACE] graph - -----> statementPart
2021-11-19T10:23:50,950|[TRACE] graph - -------> nonSkippedSpace
2021-11-19T10:23:50,950|[TRACE] script - #out(` `) [token]
2021-11-19T10:23:50,950|[TRACE] graph - <------- nonSkippedSpace
2021-11-19T10:23:50,950|[TRACE] graph - <----- statementPart
2021-11-19T10:23:50,950|[TRACE] graph - -----> statementPart
2021-11-19T10:23:50,950|[TRACE] graph - -------> quotedString
2021-11-19T10:23:50,950|[TRACE] script - #out(``address_id``) [token]
2021-11-19T10:23:50,950|[TRACE] graph - <------- quotedString
2021-11-19T10:23:50,950|[TRACE] graph - <----- statementPart
2021-11-19T10:23:50,950|[TRACE] graph - -----> statementPart
2021-11-19T10:23:50,950|[TRACE] graph - -------> nonSkippedSpace
2021-11-19T10:23:50,950|[TRACE] script - #out(` `) [token]
2021-11-19T10:23:50,950|[TRACE] graph - <------- nonSkippedSpace
2021-11-19T10:23:50,950|[TRACE] graph - <----- statementPart
2021-11-19T10:23:50,950|[TRACE] graph - -----> statementPart
2021-11-19T10:23:50,950|[TRACE] graph - -------> nonSkippedChar
2021-11-19T10:23:50,950|[TRACE] script - #out(`I`) [token]
2021-11-19T10:23:50,950|[TRACE] graph - <------- nonSkippedChar
2021-11-19T10:23:50,950|[TRACE] graph - <----- statementPart
2021-11-19T10:23:50,950|[TRACE] graph - -----> statementPart
2021-11-19T10:23:50,950|[TRACE] graph - -------> nonSkippedChar
2021-11-19T10:23:50,950|[TRACE] script - #out(`N`) [token]
2021-11-19T10:23:50,950|[TRACE] graph - <------- nonSkippedChar
2021-11-19T10:23:50,950|[TRACE] graph - <----- statementPart
2021-11-19T10:23:50,950|[TRACE] graph - -----> statementPart
2021-11-19T10:23:50,950|[TRACE] graph - -------> nonSkippedChar
2021-11-19T10:23:50,950|[TRACE] script - #out(`T`) [token]
2021-11-19T10:23:50,950|[TRACE] graph - <------- nonSkippedChar
2021-11-19T10:23:50,950|[TRACE] graph - <----- statementPart
2021-11-19T10:23:50,950|[TRACE] graph - -----> statementPart
2021-11-19T10:23:50,950|[TRACE] graph - -------> nonSkippedSpace
2021-11-19T10:23:50,950|[TRACE] script - #out(` `) [token]
2021-11-19T10:23:50,950|[TRACE] graph - <------- nonSkippedSpace
2021-11-19T10:23:50,950|[TRACE] graph - <----- statementPart
2021-11-19T10:23:50,950|[TRACE] graph - -----> statementPart
2021-11-19T10:23:50,950|[TRACE] graph - -------> nonSkippedChar
2021-11-19T10:23:50,950|[TRACE] script - #out(`N`) [token]
2021-11-19T10:23:50,950|[TRACE] graph - <------- nonSkippedChar
2021-11-19T10:23:50,950|[TRACE] graph - <----- statementPart
2021-11-19T10:23:50,950|[TRACE] graph - -----> statementPart
2021-11-19T10:23:50,950|[TRACE] graph - -------> nonSkippedChar
2021-11-19T10:23:50,950|[TRACE] script - #out(`O`) [token]
2021-11-19T10:23:50,950|[TRACE] graph - <------- nonSkippedChar
2021-11-19T10:23:50,950|[TRACE] graph - <----- statementPart
2021-11-19T10:23:50,950|[TRACE] graph - -----> statementPart
2021-11-19T10:23:50,950|[TRACE] graph - -------> nonSkippedChar
2021-11-19T10:23:50,950|[TRACE] script - #out(`T`) [token]
2021-11-19T10:23:50,950|[TRACE] graph - <------- nonSkippedChar
2021-11-19T10:23:50,950|[TRACE] graph - <----- statementPart
2021-11-19T10:23:50,950|[TRACE] graph - -----> statementPart
2021-11-19T10:23:50,950|[TRACE] graph - -------> nonSkippedSpace
2021-11-19T10:23:50,950|[TRACE] script - #out(` `) [token]
2021-11-19T10:23:50,950|[TRACE] graph - <------- nonSkippedSpace
2021-11-19T10:23:50,950|[TRACE] graph - <----- statementPart
2021-11-19T10:23:50,950|[TRACE] graph - -----> statementPart
2021-11-19T10:23:50,950|[TRACE] graph - -------> nonSkippedChar
2021-11-19T10:23:50,950|[TRACE] script - #out(`N`) [token]
2021-11-19T10:23:50,950|[TRACE] graph - <------- nonSkippedChar
2021-11-19T10:23:50,950|[TRACE] graph - <----- statementPart
2021-11-19T10:23:50,950|[TRACE] graph - -----> statementPart
2021-11-19T10:23:50,950|[TRACE] graph - -------> nonSkippedChar
2021-11-19T10:23:50,950|[TRACE] script - #out(`U`) [token]
2021-11-19T10:23:50,950|[TRACE] graph - <------- nonSkippedChar
2021-11-19T10:23:50,950|[TRACE] graph - <----- statementPart
2021-11-19T10:23:50,950|[TRACE] graph - -----> statementPart
2021-11-19T10:23:50,950|[TRACE] graph - -------> nonSkippedChar
2021-11-19T10:23:50,950|[TRACE] script - #out(`L`) [token]
2021-11-19T10:23:50,950|[TRACE] graph - <------- nonSkippedChar
2021-11-19T10:23:50,950|[TRACE] graph - <----- statementPart
2021-11-19T10:23:50,950|[TRACE] graph - -----> statementPart
2021-11-19T10:23:50,950|[TRACE] graph - -------> nonSkippedChar
2021-11-19T10:23:50,950|[TRACE] script - #out(`L`) [token]
2021-11-19T10:23:50,950|[TRACE] graph - <------- nonSkippedChar
2021-11-19T10:23:50,950|[TRACE] graph - <----- statementPart
2021-11-19T10:23:50,950|[TRACE] graph - -----> statementPart
2021-11-19T10:23:50,950|[TRACE] graph - -------> nonSkippedSpace
2021-11-19T10:23:50,950|[TRACE] script - #out(` `) [token]
2021-11-19T10:23:50,950|[TRACE] graph - <------- nonSkippedSpace
2021-11-19T10:23:50,950|[TRACE] graph - <----- statementPart
2021-11-19T10:23:50,950|[TRACE] graph - -----> statementPart
2021-11-19T10:23:50,950|[TRACE] graph - -------> nonSkippedChar
2021-11-19T10:23:50,950|[TRACE] script - #out(`A`) [token]
2021-11-19T10:23:50,950|[TRACE] graph - <------- nonSkippedChar
2021-11-19T10:23:50,950|[TRACE] graph - <----- statementPart
2021-11-19T10:23:50,950|[TRACE] graph - -----> statementPart
2021-11-19T10:23:50,950|[TRACE] graph - -------> nonSkippedChar
2021-11-19T10:23:50,950|[TRACE] script - #out(`U`) [token]
2021-11-19T10:23:51,085|[TRACE] graph - <------- nonSkippedChar
2021-11-19T10:23:51,085|[TRACE] graph - <----- statementPart
2021-11-19T10:23:51,085|[TRACE] graph - -----> statementPart
2021-11-19T10:23:51,085|[TRACE] graph - -------> nonSkippedChar
2021-11-19T10:23:51,085|[TRACE] script - #out(`T`) [token]
2021-11-19T10:23:51,085|[TRACE] graph - <------- nonSkippedChar
2021-11-19T10:23:51,085|[TRACE] graph - <----- statementPart
2021-11-19T10:23:51,085|[TRACE] graph - -----> statementPart
2021-11-19T10:23:51,085|[TRACE] graph - -------> nonSkippedChar
2021-11-19T10:23:51,085|[TRACE] script - #out(`O`) [token]
2021-11-19T10:23:51,085|[TRACE] graph - <------- nonSkippedChar
2021-11-19T10:23:51,085|[TRACE] graph - <----- statementPart
2021-11-19T10:23:51,085|[TRACE] graph - -----> statementPart
2021-11-19T10:23:51,085|[TRACE] graph - -------> nonSkippedChar
2021-11-19T10:23:51,085|[TRACE] script - #out(`_`) [token]
2021-11-19T10:23:51,085|[TRACE] graph - <------- nonSkippedChar
2021-11-19T10:23:51,085|[TRACE] graph - <----- statementPart
2021-11-19T10:23:51,085|[TRACE] graph - -----> statementPart
2021-11-19T10:23:51,085|[TRACE] graph - -------> nonSkippedChar
2021-11-19T10:23:51,085|[TRACE] script - #out(`I`) [token]
2021-11-19T10:23:51,085|[TRACE] graph - <------- nonSkippedChar
2021-11-19T10:23:51,085|[TRACE] graph - <----- statementPart
2021-11-19T10:23:51,085|[TRACE] graph - -----> statementPart
2021-11-19T10:23:51,085|[TRACE] graph - -------> nonSkippedChar
2021-11-19T10:23:51,085|[TRACE] script - #out(`N`) [token]
2021-11-19T10:23:51,085|[TRACE] graph - <------- nonSkippedChar
2021-11-19T10:23:51,085|[TRACE] graph - <----- statementPart
2021-11-19T10:23:51,085|[TRACE] graph - -----> statementPart
2021-11-19T10:23:51,085|[TRACE] graph - -------> nonSkippedChar
2021-11-19T10:23:51,085|[TRACE] script - #out(`C`) [token]
2021-11-19T10:23:51,085|[TRACE] graph - <------- nonSkippedChar
2021-11-19T10:23:51,085|[TRACE] graph - <----- statementPart
2021-11-19T10:23:51,085|[TRACE] graph - -----> statementPart
2021-11-19T10:23:51,085|[TRACE] graph - -------> nonSkippedChar
2021-11-19T10:23:51,085|[TRACE] script - #out(`R`) [token]
2021-11-19T10:23:51,085|[TRACE] graph - <------- nonSkippedChar
2021-11-19T10:23:51,085|[TRACE] graph - <----- statementPart
2021-11-19T10:23:51,085|[TRACE] graph - -----> statementPart
2021-11-19T10:23:51,085|[TRACE] graph - -------> nonSkippedChar
2021-11-19T10:23:51,085|[TRACE] script - #out(`E`) [token]
2021-11-19T10:23:51,085|[TRACE] graph - <------- nonSkippedChar
2021-11-19T10:23:51,085|[TRACE] graph - <----- statementPart
2021-11-19T10:23:51,085|[TRACE] graph - -----> statementPart
2021-11-19T10:23:51,085|[TRACE] graph - -------> nonSkippedChar
2021-11-19T10:23:51,085|[TRACE] script - #out(`M`) [token]
2021-11-19T10:23:51,085|[TRACE] graph - <------- nonSkippedChar
2021-11-19T10:23:51,085|[TRACE] graph - <----- statementPart
2021-11-19T10:23:51,085|[TRACE] graph - -----> statementPart
2021-11-19T10:23:51,085|[TRACE] graph - -------> nonSkippedChar
2021-11-19T10:23:51,085|[TRACE] script - #out(`E`) [token]
2021-11-19T10:23:51,085|[TRACE] graph - <------- nonSkippedChar
2021-11-19T10:23:51,085|[TRACE] graph - <----- statementPart
2021-11-19T10:23:51,085|[TRACE] graph - -----> statementPart
2021-11-19T10:23:51,085|[TRACE] graph - -------> nonSkippedChar
2021-11-19T10:23:51,085|[TRACE] script - #out(`N`) [token]
2021-11-19T10:23:51,085|[TRACE] graph - <------- nonSkippedChar
2021-11-19T10:23:51,085|[TRACE] graph - <----- statementPart
2021-11-19T10:23:51,085|[TRACE] graph - -----> statementPart
2021-11-19T10:23:51,085|[TRACE] graph - -------> nonSkippedChar
2021-11-19T10:23:51,085|[TRACE] script - #out(`T`) [token]
2021-11-19T10:23:51,085|[TRACE] graph - <------- nonSkippedChar
2021-11-19T10:23:51,085|[TRACE] graph - <----- statementPart
2021-11-19T10:23:51,085|[TRACE] graph - -----> statementPart
2021-11-19T10:23:51,085|[TRACE] graph - -------> nonSkippedChar
2021-11-19T10:23:51,085|[TRACE] script - #out(`,`) [token]
2021-11-19T10:23:51,085|[TRACE] graph - <------- nonSkippedChar
2021-11-19T10:23:51,085|[TRACE] graph - <----- statementPart
2021-11-19T10:23:51,085|[TRACE] graph - -----> afterStatementPartNewline
2021-11-19T10:23:51,085|[TRACE] script - #out(` `) [text]
2021-11-19T10:23:51,085|[TRACE] graph - <----- afterStatementPartNewline
2021-11-19T10:23:51,085|[TRACE] graph - -----> statementPart
2021-11-19T10:23:51,085|[TRACE] graph - -------> nonSkippedSpace
2021-11-19T10:23:51,085|[TRACE] script - #out(` `) [token]
2021-11-19T10:23:51,085|[TRACE] graph - <------- nonSkippedSpace
2021-11-19T10:23:51,085|[TRACE] graph - <----- statementPart
2021-11-19T10:23:51,085|[TRACE] graph - -----> statementPart
2021-11-19T10:23:51,085|[TRACE] graph - -------> nonSkippedSpace
2021-11-19T10:23:51,085|[TRACE] script - #out(` `) [token]
2021-11-19T10:23:51,085|[TRACE] graph - <------- nonSkippedSpace
2021-11-19T10:23:51,085|[TRACE] graph - <----- statementPart
2021-11-19T10:23:51,085|[TRACE] graph - -----> statementPart
2021-11-19T10:23:51,085|[TRACE] graph - -------> quotedString
2021-11-19T10:23:51,085|[TRACE] script - #out(``street_number``) [token]
2021-11-19T10:23:51,085|[TRACE] graph - <------- quotedString
2021-11-19T10:23:51,085|[TRACE] graph - <----- statementPart
2021-11-19T10:23:51,085|[TRACE] graph - -----> statementPart
2021-11-19T10:23:51,085|[TRACE] graph - -------> nonSkippedSpace
2021-11-19T10:23:51,085|[TRACE] script - #out(` `) [token]
2021-11-19T10:23:51,085|[TRACE] graph - <------- nonSkippedSpace
2021-11-19T10:23:51,085|[TRACE] graph - <----- statementPart
2021-11-19T10:23:51,085|[TRACE] graph - -----> statementPart
2021-11-19T10:23:51,085|[TRACE] graph - -------> nonSkippedChar
2021-11-19T10:23:51,085|[TRACE] script - #out(`V`) [token]
2021-11-19T10:23:51,085|[TRACE] graph - <------- nonSkippedChar
2021-11-19T10:23:51,085|[TRACE] graph - <----- statementPart
2021-11-19T10:23:51,085|[TRACE] graph - -----> statementPart
2021-11-19T10:23:51,085|[TRACE] graph - -------> nonSkippedChar
2021-11-19T10:23:51,085|[TRACE] script - #out(`A`) [token]
2021-11-19T10:23:51,085|[TRACE] graph - <------- nonSkippedChar
2021-11-19T10:23:51,085|[TRACE] graph - <----- statementPart
2021-11-19T10:23:51,085|[TRACE] graph - -----> statementPart
2021-11-19T10:23:51,085|[TRACE] graph - -------> nonSkippedChar
2021-11-19T10:23:51,085|[TRACE] script - #out(`R`) [token]
2021-11-19T10:23:51,085|[TRACE] graph - <------- nonSkippedChar
2021-11-19T10:23:51,085|[TRACE] graph - <----- statementPart
2021-11-19T10:23:51,085|[TRACE] graph - -----> statementPart
2021-11-19T10:23:51,085|[TRACE] graph - -------> nonSkippedChar
2021-11-19T10:23:51,085|[TRACE] script - #out(`C`) [token]
2021-11-19T10:23:51,085|[TRACE] graph - <------- nonSkippedChar
2021-11-19T10:23:51,085|[TRACE] graph - <----- statementPart
2021-11-19T10:23:51,085|[TRACE] graph - -----> statementPart
2021-11-19T10:23:51,085|[TRACE] graph - -------> nonSkippedChar
2021-11-19T10:23:51,085|[TRACE] script - #out(`H`) [token]
2021-11-19T10:23:51,085|[TRACE] graph - <------- nonSkippedChar
2021-11-19T10:23:51,085|[TRACE] graph - <----- statementPart
2021-11-19T10:23:51,085|[TRACE] graph - -----> statementPart
2021-11-19T10:23:51,085|[TRACE] graph - -------> nonSkippedChar
2021-11-19T10:23:51,085|[TRACE] script - #out(`A`) [token]
2021-11-19T10:23:51,085|[TRACE] graph - <------- nonSkippedChar
2021-11-19T10:23:51,085|[TRACE] graph - <----- statementPart
2021-11-19T10:23:51,085|[TRACE] graph - -----> statementPart
2021-11-19T10:23:51,085|[TRACE] graph - -------> nonSkippedChar
2021-11-19T10:23:51,085|[TRACE] script - #out(`R`) [token]
2021-11-19T10:23:51,085|[TRACE] graph - <------- nonSkippedChar
2021-11-19T10:23:51,085|[TRACE] graph - <----- statementPart
2021-11-19T10:23:51,085|[TRACE] graph - -----> statementPart
2021-11-19T10:23:51,085|[TRACE] graph - -------> nonSkippedChar
2021-11-19T10:23:51,085|[TRACE] script - #out(`(`) [token]
2021-11-19T10:23:51,085|[TRACE] graph - <------- nonSkippedChar
2021-11-19T10:23:51,085|[TRACE] graph - <----- statementPart
2021-11-19T10:23:51,085|[TRACE] graph - -----> statementPart
2021-11-19T10:23:51,085|[TRACE] graph - -------> nonSkippedChar
2021-11-19T10:23:51,085|[TRACE] script - #out(`1`) [token]
2021-11-19T10:23:51,085|[TRACE] graph - <------- nonSkippedChar
2021-11-19T10:23:51,085|[TRACE] graph - <----- statementPart
2021-11-19T10:23:51,085|[TRACE] graph - -----> statementPart
2021-11-19T10:23:51,085|[TRACE] graph - -------> nonSkippedChar
2021-11-19T10:23:51,085|[TRACE] script - #out(`0`) [token]
2021-11-19T10:23:51,085|[TRACE] graph - <------- nonSkippedChar
2021-11-19T10:23:51,086|[TRACE] graph - <----- statementPart
2021-11-19T10:23:51,086|[TRACE] graph - -----> statementPart
2021-11-19T10:23:51,086|[TRACE] graph - -------> nonSkippedChar
2021-11-19T10:23:51,086|[TRACE] script - #out(`)`) [token]
2021-11-19T10:23:51,086|[TRACE] graph - <------- nonSkippedChar
2021-11-19T10:23:51,086|[TRACE] graph - <----- statementPart
2021-11-19T10:23:51,086|[TRACE] graph - -----> statementPart
2021-11-19T10:23:51,086|[TRACE] graph - -------> nonSkippedSpace
2021-11-19T10:23:51,086|[TRACE] script - #out(` `) [token]
2021-11-19T10:23:51,086|[TRACE] graph - <------- nonSkippedSpace
2021-11-19T10:23:51,086|[TRACE] graph - <----- statementPart
2021-11-19T10:23:51,086|[TRACE] graph - -----> statementPart
2021-11-19T10:23:51,086|[TRACE] graph - -------> nonSkippedChar
2021-11-19T10:23:51,086|[TRACE] script - #out(`N`) [token]
2021-11-19T10:23:51,086|[TRACE] graph - <------- nonSkippedChar
2021-11-19T10:23:51,086|[TRACE] graph - <----- statementPart
2021-11-19T10:23:51,086|[TRACE] graph - -----> statementPart
2021-11-19T10:23:51,086|[TRACE] graph - -------> nonSkippedChar
2021-11-19T10:23:51,086|[TRACE] script - #out(`O`) [token]
2021-11-19T10:23:51,086|[TRACE] graph - <------- nonSkippedChar
2021-11-19T10:23:51,086|[TRACE] graph - <----- statementPart
2021-11-19T10:23:51,086|[TRACE] graph - -----> statementPart
2021-11-19T10:23:51,086|[TRACE] graph - -------> nonSkippedChar
2021-11-19T10:23:51,086|[TRACE] script - #out(`T`) [token]
2021-11-19T10:23:51,086|[TRACE] graph - <------- nonSkippedChar
2021-11-19T10:23:51,086|[TRACE] graph - <----- statementPart
2021-11-19T10:23:51,086|[TRACE] graph - -----> statementPart
2021-11-19T10:23:51,086|[TRACE] graph - -------> nonSkippedSpace
2021-11-19T10:23:51,086|[TRACE] script - #out(` `) [token]
2021-11-19T10:23:51,086|[TRACE] graph - <------- nonSkippedSpace
2021-11-19T10:23:51,086|[TRACE] graph - <----- statementPart
2021-11-19T10:23:51,086|[TRACE] graph - -----> statementPart
2021-11-19T10:23:51,086|[TRACE] graph - -------> nonSkippedChar
2021-11-19T10:23:51,086|[TRACE] script - #out(`N`) [token]
2021-11-19T10:23:51,086|[TRACE] graph - <------- nonSkippedChar
2021-11-19T10:23:51,086|[TRACE] graph - <----- statementPart
2021-11-19T10:23:51,086|[TRACE] graph - -----> statementPart
2021-11-19T10:23:51,086|[TRACE] graph - -------> nonSkippedChar
2021-11-19T10:23:51,086|[TRACE] script - #out(`U`) [token]
2021-11-19T10:23:51,086|[TRACE] graph - <------- nonSkippedChar
2021-11-19T10:23:51,086|[TRACE] graph - <----- statementPart
2021-11-19T10:23:51,086|[TRACE] graph - -----> statementPart
2021-11-19T10:23:51,086|[TRACE] graph - -------> nonSkippedChar
2021-11-19T10:23:51,086|[TRACE] script - #out(`L`) [token]
2021-11-19T10:23:51,086|[TRACE] graph - <------- nonSkippedChar
2021-11-19T10:23:51,086|[TRACE] graph - <----- statementPart
2021-11-19T10:23:51,086|[TRACE] graph - -----> statementPart
2021-11-19T10:23:51,086|[TRACE] graph - -------> nonSkippedChar
2021-11-19T10:23:51,086|[TRACE] script - #out(`L`) [token]
2021-11-19T10:23:51,086|[TRACE] graph - <------- nonSkippedChar
2021-11-19T10:23:51,086|[TRACE] graph - <----- statementPart
2021-11-19T10:23:51,086|[TRACE] graph - -----> statementPart
2021-11-19T10:23:51,086|[TRACE] graph - -------> nonSkippedChar
2021-11-19T10:23:51,086|[TRACE] script - #out(`,`) [token]
2021-11-19T10:23:51,086|[TRACE] graph - <------- nonSkippedChar
2021-11-19T10:23:51,086|[TRACE] graph - <----- statementPart
2021-11-19T10:23:51,086|[TRACE] graph - -----> afterStatementPartNewline
2021-11-19T10:23:51,086|[TRACE] script - #out(` `) [text]
2021-11-19T10:23:51,086|[TRACE] graph - <----- afterStatementPartNewline
2021-11-19T10:23:51,086|[TRACE] graph - -----> statementPart
2021-11-19T10:23:51,086|[TRACE] graph - -------> nonSkippedSpace
2021-11-19T10:23:51,086|[TRACE] script - #out(` `) [token]
2021-11-19T10:23:51,086|[TRACE] graph - <------- nonSkippedSpace
2021-11-19T10:23:51,086|[TRACE] graph - <----- statementPart
2021-11-19T10:23:51,086|[TRACE] graph - -----> statementPart
2021-11-19T10:23:51,086|[TRACE] graph - -------> nonSkippedSpace
2021-11-19T10:23:51,086|[TRACE] script - #out(` `) [token]
2021-11-19T10:23:51,086|[TRACE] graph - <------- nonSkippedSpace
2021-11-19T10:23:51,086|[TRACE] graph - <----- statementPart
2021-11-19T10:23:51,086|[TRACE] graph - -----> statementPart
2021-11-19T10:23:51,086|[TRACE] graph - -------> quotedString
2021-11-19T10:23:51,086|[TRACE] script - #out(``street``) [token]
2021-11-19T10:23:51,086|[TRACE] graph - <------- quotedString
2021-11-19T10:23:51,086|[TRACE] graph - <----- statementPart
2021-11-19T10:23:51,086|[TRACE] graph - -----> statementPart
2021-11-19T10:23:51,086|[TRACE] graph - -------> nonSkippedSpace
2021-11-19T10:23:51,086|[TRACE] script - #out(` `) [token]
2021-11-19T10:23:51,086|[TRACE] graph - <------- nonSkippedSpace
2021-11-19T10:23:51,086|[TRACE] graph - <----- statementPart
2021-11-19T10:23:51,086|[TRACE] graph - -----> statementPart
2021-11-19T10:23:51,086|[TRACE] graph - -------> nonSkippedChar
2021-11-19T10:23:51,086|[TRACE] script - #out(`V`) [token]
2021-11-19T10:23:51,086|[TRACE] graph - <------- nonSkippedChar
2021-11-19T10:23:51,086|[TRACE] graph - <----- statementPart
2021-11-19T10:23:51,086|[TRACE] graph - -----> statementPart
2021-11-19T10:23:51,086|[TRACE] graph - -------> nonSkippedChar
2021-11-19T10:23:51,086|[TRACE] script - #out(`A`) [token]
2021-11-19T10:23:51,086|[TRACE] graph - <------- nonSkippedChar
2021-11-19T10:23:51,086|[TRACE] graph - <----- statementPart
2021-11-19T10:23:51,086|[TRACE] graph - -----> statementPart
2021-11-19T10:23:51,086|[TRACE] graph - -------> nonSkippedChar
2021-11-19T10:23:51,086|[TRACE] script - #out(`R`) [token]
2021-11-19T10:23:51,086|[TRACE] graph - <------- nonSkippedChar
2021-11-19T10:23:51,086|[TRACE] graph - <----- statementPart
2021-11-19T10:23:51,086|[TRACE] graph - -----> statementPart
2021-11-19T10:23:51,086|[TRACE] graph - -------> nonSkippedChar
2021-11-19T10:23:51,086|[TRACE] script - #out(`C`) [token]
2021-11-19T10:23:51,086|[TRACE] graph - <------- nonSkippedChar
2021-11-19T10:23:51,086|[TRACE] graph - <----- statementPart
2021-11-19T10:23:51,086|[TRACE] graph - -----> statementPart
2021-11-19T10:23:51,086|[TRACE] graph - -------> nonSkippedChar
2021-11-19T10:23:51,086|[TRACE] script - #out(`H`) [token]
2021-11-19T10:23:51,086|[TRACE] graph - <------- nonSkippedChar
2021-11-19T10:23:51,086|[TRACE] graph - <----- statementPart
2021-11-19T10:23:51,086|[TRACE] graph - -----> statementPart
2021-11-19T10:23:51,086|[TRACE] graph - -------> nonSkippedChar
2021-11-19T10:23:51,086|[TRACE] script - #out(`A`) [token]
2021-11-19T10:23:51,086|[TRACE] graph - <------- nonSkippedChar
2021-11-19T10:23:51,086|[TRACE] graph - <----- statementPart
2021-11-19T10:23:51,086|[TRACE] graph - -----> statementPart
2021-11-19T10:23:51,086|[TRACE] graph - -------> nonSkippedChar
2021-11-19T10:23:51,086|[TRACE] script - #out(`R`) [token]
2021-11-19T10:23:51,086|[TRACE] graph - <------- nonSkippedChar
2021-11-19T10:23:51,086|[TRACE] graph - <----- statementPart
2021-11-19T10:23:51,086|[TRACE] graph - -----> statementPart
2021-11-19T10:23:51,086|[TRACE] graph - -------> nonSkippedChar
2021-11-19T10:23:51,086|[TRACE] script - #out(`(`) [token]
2021-11-19T10:23:51,086|[TRACE] graph - <------- nonSkippedChar
2021-11-19T10:23:51,086|[TRACE] graph - <----- statementPart
2021-11-19T10:23:51,086|[TRACE] graph - -----> statementPart
2021-11-19T10:23:51,086|[TRACE] graph - -------> nonSkippedChar
2021-11-19T10:23:51,086|[TRACE] script - #out(`1`) [token]
2021-11-19T10:23:51,086|[TRACE] graph - <------- nonSkippedChar
2021-11-19T10:23:51,086|[TRACE] graph - <----- statementPart
2021-11-19T10:23:51,086|[TRACE] graph - -----> statementPart
2021-11-19T10:23:51,086|[TRACE] graph - -------> nonSkippedChar
2021-11-19T10:23:51,086|[TRACE] script - #out(`0`) [token]
2021-11-19T10:23:51,086|[TRACE] graph - <------- nonSkippedChar
2021-11-19T10:23:51,086|[TRACE] graph - <----- statementPart
2021-11-19T10:23:51,086|[TRACE] graph - -----> statementPart
2021-11-19T10:23:51,086|[TRACE] graph - -------> nonSkippedChar
2021-11-19T10:23:51,086|[TRACE] script - #out(`0`) [token]
2021-11-19T10:23:51,086|[TRACE] graph - <------- nonSkippedChar
2021-11-19T10:23:51,086|[TRACE] graph - <----- statementPart
2021-11-19T10:23:51,086|[TRACE] graph - -----> statementPart
2021-11-19T10:23:51,086|[TRACE] graph - -------> nonSkippedChar
2021-11-19T10:23:51,086|[TRACE] script - #out(`)`) [token]
2021-11-19T10:23:51,086|[TRACE] graph - <------- nonSkippedChar
2021-11-19T10:23:51,086|[TRACE] graph - <----- statementPart
2021-11-19T10:23:51,086|[TRACE] graph - -----> statementPart
2021-11-19T10:23:51,086|[TRACE] graph - -------> nonSkippedSpace
2021-11-19T10:23:51,086|[TRACE] script - #out(` `) [token]
2021-11-19T10:23:51,086|[TRACE] graph - <------- nonSkippedSpace
2021-11-19T10:23:51,086|[TRACE] graph - <----- statementPart
2021-11-19T10:23:51,086|[TRACE] graph - -----> statementPart
2021-11-19T10:23:51,086|[TRACE] graph - -------> nonSkippedChar
2021-11-19T10:23:51,086|[TRACE] script - #out(`N`) [token]
2021-11-19T10:23:51,086|[TRACE] graph - <------- nonSkippedChar
2021-11-19T10:23:51,086|[TRACE] graph - <----- statementPart
2021-11-19T10:23:51,086|[TRACE] graph - -----> statementPart
2021-11-19T10:23:51,086|[TRACE] graph - -------> nonSkippedChar
2021-11-19T10:23:51,086|[TRACE] script - #out(`O`) [token]
2021-11-19T10:23:51,086|[TRACE] graph - <------- nonSkippedChar
2021-11-19T10:23:51,086|[TRACE] graph - <----- statementPart
2021-11-19T10:23:51,086|[TRACE] graph - -----> statementPart
2021-11-19T10:23:51,086|[TRACE] graph - -------> nonSkippedChar
2021-11-19T10:23:51,086|[TRACE] script - #out(`T`) [token]
2021-11-19T10:23:51,086|[TRACE] graph - <------- nonSkippedChar
2021-11-19T10:23:51,087|[TRACE] graph - <----- statementPart
2021-11-19T10:23:51,087|[TRACE] graph - -----> statementPart
2021-11-19T10:23:51,087|[TRACE] graph - -------> nonSkippedSpace
2021-11-19T10:23:51,087|[TRACE] script - #out(` `) [token]
2021-11-19T10:23:51,087|[TRACE] graph - <------- nonSkippedSpace
2021-11-19T10:23:51,087|[TRACE] graph - <----- statementPart
2021-11-19T10:23:51,087|[TRACE] graph - -----> statementPart
2021-11-19T10:23:51,087|[TRACE] graph - -------> nonSkippedChar
2021-11-19T10:23:51,087|[TRACE] script - #out(`N`) [token]
2021-11-19T10:23:51,087|[TRACE] graph - <------- nonSkippedChar
2021-11-19T10:23:51,087|[TRACE] graph - <----- statementPart
2021-11-19T10:23:51,087|[TRACE] graph - -----> statementPart
2021-11-19T10:23:51,087|[TRACE] graph - -------> nonSkippedChar
2021-11-19T10:23:51,087|[TRACE] script - #out(`U`) [token]
2021-11-19T10:23:51,087|[TRACE] graph - <------- nonSkippedChar
2021-11-19T10:23:51,087|[TRACE] graph - <----- statementPart
2021-11-19T10:23:51,087|[TRACE] graph - -----> statementPart
2021-11-19T10:23:51,087|[TRACE] graph - -------> nonSkippedChar
2021-11-19T10:23:51,087|[TRACE] script - #out(`L`) [token]
2021-11-19T10:23:51,087|[TRACE] graph - <------- nonSkippedChar
2021-11-19T10:23:51,087|[TRACE] graph - <----- statementPart
2021-11-19T10:23:51,087|[TRACE] graph - -----> statementPart
2021-11-19T10:23:51,087|[TRACE] graph - -------> nonSkippedChar
2021-11-19T10:23:51,087|[TRACE] script - #out(`L`) [token]
2021-11-19T10:23:51,087|[TRACE] graph - <------- nonSkippedChar
2021-11-19T10:23:51,087|[TRACE] graph - <----- statementPart
2021-11-19T10:23:51,087|[TRACE] graph - -----> statementPart
2021-11-19T10:23:51,087|[TRACE] graph - -------> nonSkippedChar
2021-11-19T10:23:51,087|[TRACE] script - #out(`,`) [token]
2021-11-19T10:23:51,087|[TRACE] graph - <------- nonSkippedChar
2021-11-19T10:23:51,087|[TRACE] graph - <----- statementPart
2021-11-19T10:23:51,087|[TRACE] graph - -----> afterStatementPartNewline
2021-11-19T10:23:51,087|[TRACE] script - #out(` `) [text]
2021-11-19T10:23:51,087|[TRACE] graph - <----- afterStatementPartNewline
2021-11-19T10:23:51,087|[TRACE] graph - -----> statementPart
2021-11-19T10:23:51,087|[TRACE] graph - -------> nonSkippedSpace
2021-11-19T10:23:51,087|[TRACE] script - #out(` `) [token]
2021-11-19T10:23:51,087|[TRACE] graph - <------- nonSkippedSpace
2021-11-19T10:23:51,087|[TRACE] graph - <----- statementPart
2021-11-19T10:23:51,087|[TRACE] graph - -----> statementPart
2021-11-19T10:23:51,087|[TRACE] graph - -------> nonSkippedSpace
2021-11-19T10:23:51,087|[TRACE] script - #out(` `) [token]
2021-11-19T10:23:51,087|[TRACE] graph - <------- nonSkippedSpace
2021-11-19T10:23:51,087|[TRACE] graph - <----- statementPart
2021-11-19T10:23:51,087|[TRACE] graph - -----> statementPart
2021-11-19T10:23:51,087|[TRACE] graph - -------> quotedString
2021-11-19T10:23:51,087|[TRACE] script - #out(``city``) [token]
2021-11-19T10:23:51,087|[TRACE] graph - <------- quotedString
2021-11-19T10:23:51,087|[TRACE] graph - <----- statementPart
2021-11-19T10:23:51,087|[TRACE] graph - -----> statementPart
2021-11-19T10:23:51,087|[TRACE] graph - -------> nonSkippedSpace
2021-11-19T10:23:51,087|[TRACE] script - #out(` `) [token]
2021-11-19T10:23:51,087|[TRACE] graph - <------- nonSkippedSpace
2021-11-19T10:23:51,087|[TRACE] graph - <----- statementPart
2021-11-19T10:23:51,087|[TRACE] graph - -----> statementPart
2021-11-19T10:23:51,087|[TRACE] graph - -------> nonSkippedChar
2021-11-19T10:23:51,087|[TRACE] script - #out(`V`) [token]
2021-11-19T10:23:51,087|[TRACE] graph - <------- nonSkippedChar
2021-11-19T10:23:51,087|[TRACE] graph - <----- statementPart
2021-11-19T10:23:51,087|[TRACE] graph - -----> statementPart
2021-11-19T10:23:51,087|[TRACE] graph - -------> nonSkippedChar
2021-11-19T10:23:51,087|[TRACE] script - #out(`A`) [token]
2021-11-19T10:23:51,087|[TRACE] graph - <------- nonSkippedChar
2021-11-19T10:23:51,087|[TRACE] graph - <----- statementPart
2021-11-19T10:23:51,087|[TRACE] graph - -----> statementPart
2021-11-19T10:23:51,087|[TRACE] graph - -------> nonSkippedChar
2021-11-19T10:23:51,087|[TRACE] script - #out(`R`) [token]
2021-11-19T10:23:51,087|[TRACE] graph - <------- nonSkippedChar
2021-11-19T10:23:51,087|[TRACE] graph - <----- statementPart
2021-11-19T10:23:51,087|[TRACE] graph - -----> statementPart
2021-11-19T10:23:51,087|[TRACE] graph - -------> nonSkippedChar
2021-11-19T10:23:51,087|[TRACE] script - #out(`C`) [token]
2021-11-19T10:23:51,087|[TRACE] graph - <------- nonSkippedChar
2021-11-19T10:23:51,087|[TRACE] graph - <----- statementPart
2021-11-19T10:23:51,087|[TRACE] graph - -----> statementPart
2021-11-19T10:23:51,087|[TRACE] graph - -------> nonSkippedChar
2021-11-19T10:23:51,087|[TRACE] script - #out(`H`) [token]
2021-11-19T10:23:51,087|[TRACE] graph - <------- nonSkippedChar
2021-11-19T10:23:51,087|[TRACE] graph - <----- statementPart
2021-11-19T10:23:51,087|[TRACE] graph - -----> statementPart
2021-11-19T10:23:51,087|[TRACE] graph - -------> nonSkippedChar
2021-11-19T10:23:51,087|[TRACE] script - #out(`A`) [token]
2021-11-19T10:23:51,087|[TRACE] graph - <------- nonSkippedChar
2021-11-19T10:23:51,087|[TRACE] graph - <----- statementPart
2021-11-19T10:23:51,087|[TRACE] graph - -----> statementPart
2021-11-19T10:23:51,087|[TRACE] graph - -------> nonSkippedChar
2021-11-19T10:23:51,087|[TRACE] script - #out(`R`) [token]
2021-11-19T10:23:51,087|[TRACE] graph - <------- nonSkippedChar
2021-11-19T10:23:51,087|[TRACE] graph - <----- statementPart
2021-11-19T10:23:51,087|[TRACE] graph - -----> statementPart
2021-11-19T10:23:51,087|[TRACE] graph - -------> nonSkippedChar
2021-11-19T10:23:51,087|[TRACE] script - #out(`(`) [token]
2021-11-19T10:23:51,087|[TRACE] graph - <------- nonSkippedChar
2021-11-19T10:23:51,087|[TRACE] graph - <----- statementPart
2021-11-19T10:23:51,087|[TRACE] graph - -----> statementPart
2021-11-19T10:23:51,087|[TRACE] graph - -------> nonSkippedChar
2021-11-19T10:23:51,087|[TRACE] script - #out(`1`) [token]
2021-11-19T10:23:51,087|[TRACE] graph - <------- nonSkippedChar
2021-11-19T10:23:51,087|[TRACE] graph - <----- statementPart
2021-11-19T10:23:51,087|[TRACE] graph - -----> statementPart
2021-11-19T10:23:51,087|[TRACE] graph - -------> nonSkippedChar
2021-11-19T10:23:51,087|[TRACE] script - #out(`0`) [token]
2021-11-19T10:23:51,087|[TRACE] graph - <------- nonSkippedChar
2021-11-19T10:23:51,087|[TRACE] graph - <----- statementPart
2021-11-19T10:23:51,087|[TRACE] graph - -----> statementPart
2021-11-19T10:23:51,087|[TRACE] graph - -------> nonSkippedChar
2021-11-19T10:23:51,087|[TRACE] script - #out(`0`) [token]
2021-11-19T10:23:51,087|[TRACE] graph - <------- nonSkippedChar
2021-11-19T10:23:51,087|[TRACE] graph - <----- statementPart
2021-11-19T10:23:51,087|[TRACE] graph - -----> statementPart
2021-11-19T10:23:51,087|[TRACE] graph - -------> nonSkippedChar
2021-11-19T10:23:51,087|[TRACE] script - #out(`)`) [token]
2021-11-19T10:23:51,087|[TRACE] graph - <------- nonSkippedChar
2021-11-19T10:23:51,087|[TRACE] graph - <----- statementPart
2021-11-19T10:23:51,087|[TRACE] graph - -----> statementPart
2021-11-19T10:23:51,087|[TRACE] graph - -------> nonSkippedSpace
2021-11-19T10:23:51,087|[TRACE] script - #out(` `) [token]
2021-11-19T10:23:51,087|[TRACE] graph - <------- nonSkippedSpace
2021-11-19T10:23:51,087|[TRACE] graph - <----- statementPart
2021-11-19T10:23:51,087|[TRACE] graph - -----> statementPart
2021-11-19T10:23:51,087|[TRACE] graph - -------> nonSkippedChar
2021-11-19T10:23:51,087|[TRACE] script - #out(`N`) [token]
2021-11-19T10:23:51,087|[TRACE] graph - <------- nonSkippedChar
2021-11-19T10:23:51,087|[TRACE] graph - <----- statementPart
2021-11-19T10:23:51,087|[TRACE] graph - -----> statementPart
2021-11-19T10:23:51,087|[TRACE] graph - -------> nonSkippedChar
2021-11-19T10:23:51,087|[TRACE] script - #out(`O`) [token]
2021-11-19T10:23:51,087|[TRACE] graph - <------- nonSkippedChar
2021-11-19T10:23:51,087|[TRACE] graph - <----- statementPart
2021-11-19T10:23:51,087|[TRACE] graph - -----> statementPart
2021-11-19T10:23:51,087|[TRACE] graph - -------> nonSkippedChar
2021-11-19T10:23:51,087|[TRACE] script - #out(`T`) [token]
2021-11-19T10:23:51,087|[TRACE] graph - <------- nonSkippedChar
2021-11-19T10:23:51,087|[TRACE] graph - <----- statementPart
2021-11-19T10:23:51,087|[TRACE] graph - -----> statementPart
2021-11-19T10:23:51,087|[TRACE] graph - -------> nonSkippedSpace
2021-11-19T10:23:51,087|[TRACE] script - #out(` `) [token]
2021-11-19T10:23:51,087|[TRACE] graph - <------- nonSkippedSpace
2021-11-19T10:23:51,087|[TRACE] graph - <----- statementPart
2021-11-19T10:23:51,087|[TRACE] graph - -----> statementPart
2021-11-19T10:23:51,087|[TRACE] graph - -------> nonSkippedChar
2021-11-19T10:23:51,087|[TRACE] script - #out(`N`) [token]
2021-11-19T10:23:51,087|[TRACE] graph - <------- nonSkippedChar
2021-11-19T10:23:51,087|[TRACE] graph - <----- statementPart
2021-11-19T10:23:51,087|[TRACE] graph - -----> statementPart
2021-11-19T10:23:51,087|[TRACE] graph - -------> nonSkippedChar
2021-11-19T10:23:51,087|[TRACE] script - #out(`U`) [token]
2021-11-19T10:23:51,087|[TRACE] graph - <------- nonSkippedChar
2021-11-19T10:23:51,087|[TRACE] graph - <----- statementPart
2021-11-19T10:23:51,087|[TRACE] graph - -----> statementPart
2021-11-19T10:23:51,087|[TRACE] graph - -------> nonSkippedChar
2021-11-19T10:23:51,087|[TRACE] script - #out(`L`) [token]
2021-11-19T10:23:51,087|[TRACE] graph - <------- nonSkippedChar
2021-11-19T10:23:51,087|[TRACE] graph - <----- statementPart
2021-11-19T10:23:51,087|[TRACE] graph - -----> statementPart
2021-11-19T10:23:51,087|[TRACE] graph - -------> nonSkippedChar
2021-11-19T10:23:51,087|[TRACE] script - #out(`L`) [token]
2021-11-19T10:23:51,087|[TRACE] graph - <------- nonSkippedChar
2021-11-19T10:23:51,087|[TRACE] graph - <----- statementPart
2021-11-19T10:23:51,087|[TRACE] graph - -----> statementPart
2021-11-19T10:23:51,087|[TRACE] graph - -------> nonSkippedChar
2021-11-19T10:23:51,087|[TRACE] script - #out(`,`) [token]
2021-11-19T10:23:51,087|[TRACE] graph - <------- nonSkippedChar
2021-11-19T10:23:51,087|[TRACE] graph - <----- statementPart
2021-11-19T10:23:51,087|[TRACE] graph - -----> afterStatementPartNewline
2021-11-19T10:23:51,087|[TRACE] script - #out(` `) [text]
2021-11-19T10:23:51,087|[TRACE] graph - <----- afterStatementPartNewline
2021-11-19T10:23:51,143|[TRACE] graph - -----> statementPart
2021-11-19T10:23:51,143|[TRACE] graph - -------> nonSkippedSpace
2021-11-19T10:23:51,143|[TRACE] script - #out(` `) [token]
2021-11-19T10:23:51,143|[TRACE] graph - <------- nonSkippedSpace
2021-11-19T10:23:51,143|[TRACE] graph - <----- statementPart
2021-11-19T10:23:51,143|[TRACE] graph - -----> statementPart
2021-11-19T10:23:51,143|[TRACE] graph - -------> nonSkippedSpace
2021-11-19T10:23:51,143|[TRACE] script - #out(` `) [token]
2021-11-19T10:23:51,143|[TRACE] graph - <------- nonSkippedSpace
2021-11-19T10:23:51,143|[TRACE] graph - <----- statementPart
2021-11-19T10:23:51,143|[TRACE] graph - -----> statementPart
2021-11-19T10:23:51,143|[TRACE] graph - -------> quotedString
2021-11-19T10:23:51,143|[TRACE] script - #out(``province``) [token]
2021-11-19T10:23:51,143|[TRACE] graph - <------- quotedString
2021-11-19T10:23:51,143|[TRACE] graph - <----- statementPart
2021-11-19T10:23:51,143|[TRACE] graph - -----> statementPart
2021-11-19T10:23:51,143|[TRACE] graph - -------> nonSkippedSpace
2021-11-19T10:23:51,143|[TRACE] script - #out(` `) [token]
2021-11-19T10:23:51,143|[TRACE] graph - <------- nonSkippedSpace
2021-11-19T10:23:51,143|[TRACE] graph - <----- statementPart
2021-11-19T10:23:51,143|[TRACE] graph - -----> statementPart
2021-11-19T10:23:51,143|[TRACE] graph - -------> nonSkippedChar
2021-11-19T10:23:51,143|[TRACE] script - #out(`V`) [token]
2021-11-19T10:23:51,143|[TRACE] graph - <------- nonSkippedChar
2021-11-19T10:23:51,143|[TRACE] graph - <----- statementPart
2021-11-19T10:23:51,143|[TRACE] graph - -----> statementPart
2021-11-19T10:23:51,143|[TRACE] graph - -------> nonSkippedChar
2021-11-19T10:23:51,143|[TRACE] script - #out(`A`) [token]
2021-11-19T10:23:51,143|[TRACE] graph - <------- nonSkippedChar
2021-11-19T10:23:51,143|[TRACE] graph - <----- statementPart
2021-11-19T10:23:51,143|[TRACE] graph - -----> statementPart
2021-11-19T10:23:51,143|[TRACE] graph - -------> nonSkippedChar
2021-11-19T10:23:51,143|[TRACE] script - #out(`R`) [token]
2021-11-19T10:23:51,143|[TRACE] graph - <------- nonSkippedChar
2021-11-19T10:23:51,143|[TRACE] graph - <----- statementPart
2021-11-19T10:23:51,143|[TRACE] graph - -----> statementPart
2021-11-19T10:23:51,143|[TRACE] graph - -------> nonSkippedChar
2021-11-19T10:23:51,143|[TRACE] script - #out(`C`) [token]
2021-11-19T10:23:51,143|[TRACE] graph - <------- nonSkippedChar
2021-11-19T10:23:51,143|[TRACE] graph - <----- statementPart
2021-11-19T10:23:51,143|[TRACE] graph - -----> statementPart
2021-11-19T10:23:51,143|[TRACE] graph - -------> nonSkippedChar
2021-11-19T10:23:51,143|[TRACE] script - #out(`H`) [token]
2021-11-19T10:23:51,143|[TRACE] graph - <------- nonSkippedChar
2021-11-19T10:23:51,143|[TRACE] graph - <----- statementPart
2021-11-19T10:23:51,143|[TRACE] graph - -----> statementPart
2021-11-19T10:23:51,143|[TRACE] graph - -------> nonSkippedChar
2021-11-19T10:23:51,143|[TRACE] script - #out(`A`) [token]
2021-11-19T10:23:51,143|[TRACE] graph - <------- nonSkippedChar
2021-11-19T10:23:51,143|[TRACE] graph - <----- statementPart
2021-11-19T10:23:51,143|[TRACE] graph - -----> statementPart
2021-11-19T10:23:51,143|[TRACE] graph - -------> nonSkippedChar
2021-11-19T10:23:51,143|[TRACE] script - #out(`R`) [token]
2021-11-19T10:23:51,143|[TRACE] graph - <------- nonSkippedChar
2021-11-19T10:23:51,143|[TRACE] graph - <----- statementPart
2021-11-19T10:23:51,143|[TRACE] graph - -----> statementPart
2021-11-19T10:23:51,143|[TRACE] graph - -------> nonSkippedChar
2021-11-19T10:23:51,143|[TRACE] script - #out(`(`) [token]
2021-11-19T10:23:51,143|[TRACE] graph - <------- nonSkippedChar
2021-11-19T10:23:51,143|[TRACE] graph - <----- statementPart
2021-11-19T10:23:51,143|[TRACE] graph - -----> statementPart
2021-11-19T10:23:51,143|[TRACE] graph - -------> nonSkippedChar
2021-11-19T10:23:51,143|[TRACE] script - #out(`1`) [token]
2021-11-19T10:23:51,143|[TRACE] graph - <------- nonSkippedChar
2021-11-19T10:23:51,143|[TRACE] graph - <----- statementPart
2021-11-19T10:23:51,143|[TRACE] graph - -----> statementPart
2021-11-19T10:23:51,143|[TRACE] graph - -------> nonSkippedChar
2021-11-19T10:23:51,143|[TRACE] script - #out(`0`) [token]
2021-11-19T10:23:51,143|[TRACE] graph - <------- nonSkippedChar
2021-11-19T10:23:51,143|[TRACE] graph - <----- statementPart
2021-11-19T10:23:51,143|[TRACE] graph - -----> statementPart
2021-11-19T10:23:51,143|[TRACE] graph - -------> nonSkippedChar
2021-11-19T10:23:51,143|[TRACE] script - #out(`0`) [token]
2021-11-19T10:23:51,143|[TRACE] graph - <------- nonSkippedChar
2021-11-19T10:23:51,143|[TRACE] graph - <----- statementPart
2021-11-19T10:23:51,143|[TRACE] graph - -----> statementPart
2021-11-19T10:23:51,143|[TRACE] graph - -------> nonSkippedChar
2021-11-19T10:23:51,143|[TRACE] script - #out(`)`) [token]
2021-11-19T10:23:51,143|[TRACE] graph - <------- nonSkippedChar
2021-11-19T10:23:51,143|[TRACE] graph - <----- statementPart
2021-11-19T10:23:51,143|[TRACE] graph - -----> statementPart
2021-11-19T10:23:51,143|[TRACE] graph - -------> nonSkippedSpace
2021-11-19T10:23:51,143|[TRACE] script - #out(` `) [token]
2021-11-19T10:23:51,143|[TRACE] graph - <------- nonSkippedSpace
2021-11-19T10:23:51,143|[TRACE] graph - <----- statementPart
2021-11-19T10:23:51,143|[TRACE] graph - -----> statementPart
2021-11-19T10:23:51,143|[TRACE] graph - -------> nonSkippedChar
2021-11-19T10:23:51,143|[TRACE] script - #out(`N`) [token]
2021-11-19T10:23:51,143|[TRACE] graph - <------- nonSkippedChar
2021-11-19T10:23:51,143|[TRACE] graph - <----- statementPart
2021-11-19T10:23:51,143|[TRACE] graph - -----> statementPart
2021-11-19T10:23:51,143|[TRACE] graph - -------> nonSkippedChar
2021-11-19T10:23:51,143|[TRACE] script - #out(`O`) [token]
2021-11-19T10:23:51,143|[TRACE] graph - <------- nonSkippedChar
2021-11-19T10:23:51,143|[TRACE] graph - <----- statementPart
2021-11-19T10:23:51,143|[TRACE] graph - -----> statementPart
2021-11-19T10:23:51,143|[TRACE] graph - -------> nonSkippedChar
2021-11-19T10:23:51,143|[TRACE] script - #out(`T`) [token]
2021-11-19T10:23:51,143|[TRACE] graph - <------- nonSkippedChar
2021-11-19T10:23:51,143|[TRACE] graph - <----- statementPart
2021-11-19T10:23:51,143|[TRACE] graph - -----> statementPart
2021-11-19T10:23:51,143|[TRACE] graph - -------> nonSkippedSpace
2021-11-19T10:23:51,143|[TRACE] script - #out(` `) [token]
2021-11-19T10:23:51,143|[TRACE] graph - <------- nonSkippedSpace
2021-11-19T10:23:51,143|[TRACE] graph - <----- statementPart
2021-11-19T10:23:51,143|[TRACE] graph - -----> statementPart
2021-11-19T10:23:51,143|[TRACE] graph - -------> nonSkippedChar
2021-11-19T10:23:51,143|[TRACE] script - #out(`N`) [token]
2021-11-19T10:23:51,143|[TRACE] graph - <------- nonSkippedChar
2021-11-19T10:23:51,143|[TRACE] graph - <----- statementPart
2021-11-19T10:23:51,143|[TRACE] graph - -----> statementPart
2021-11-19T10:23:51,143|[TRACE] graph - -------> nonSkippedChar
2021-11-19T10:23:51,143|[TRACE] script - #out(`U`) [token]
2021-11-19T10:23:51,143|[TRACE] graph - <------- nonSkippedChar
2021-11-19T10:23:51,143|[TRACE] graph - <----- statementPart
2021-11-19T10:23:51,143|[TRACE] graph - -----> statementPart
2021-11-19T10:23:51,143|[TRACE] graph - -------> nonSkippedChar
2021-11-19T10:23:51,143|[TRACE] script - #out(`L`) [token]
2021-11-19T10:23:51,143|[TRACE] graph - <------- nonSkippedChar
2021-11-19T10:23:51,143|[TRACE] graph - <----- statementPart
2021-11-19T10:23:51,143|[TRACE] graph - -----> statementPart
2021-11-19T10:23:51,143|[TRACE] graph - -------> nonSkippedChar
2021-11-19T10:23:51,143|[TRACE] script - #out(`L`) [token]
2021-11-19T10:23:51,143|[TRACE] graph - <------- nonSkippedChar
2021-11-19T10:23:51,143|[TRACE] graph - <----- statementPart
2021-11-19T10:23:51,143|[TRACE] graph - -----> statementPart
2021-11-19T10:23:51,143|[TRACE] graph - -------> nonSkippedChar
2021-11-19T10:23:51,143|[TRACE] script - #out(`,`) [token]
2021-11-19T10:23:51,143|[TRACE] graph - <------- nonSkippedChar
2021-11-19T10:23:51,143|[TRACE] graph - <----- statementPart
2021-11-19T10:23:51,143|[TRACE] graph - -----> afterStatementPartNewline
2021-11-19T10:23:51,143|[TRACE] script - #out(` `) [text]
2021-11-19T10:23:51,143|[TRACE] graph - <----- afterStatementPartNewline
2021-11-19T10:23:51,143|[TRACE] graph - -----> statementPart
2021-11-19T10:23:51,143|[TRACE] graph - -------> nonSkippedSpace
2021-11-19T10:23:51,143|[TRACE] script - #out(` `) [token]
2021-11-19T10:23:51,143|[TRACE] graph - <------- nonSkippedSpace
2021-11-19T10:23:51,143|[TRACE] graph - <----- statementPart
2021-11-19T10:23:51,143|[TRACE] graph - -----> statementPart
2021-11-19T10:23:51,143|[TRACE] graph - -------> nonSkippedSpace
2021-11-19T10:23:51,143|[TRACE] script - #out(` `) [token]
2021-11-19T10:23:51,143|[TRACE] graph - <------- nonSkippedSpace
2021-11-19T10:23:51,143|[TRACE] graph - <----- statementPart
2021-11-19T10:23:51,143|[TRACE] graph - -----> statementPart
2021-11-19T10:23:51,143|[TRACE] graph - -------> quotedString
2021-11-19T10:23:51,143|[TRACE] script - #out(``country``) [token]
2021-11-19T10:23:51,143|[TRACE] graph - <------- quotedString
2021-11-19T10:23:51,143|[TRACE] graph - <----- statementPart
2021-11-19T10:23:51,143|[TRACE] graph - -----> statementPart
2021-11-19T10:23:51,143|[TRACE] graph - -------> nonSkippedSpace
2021-11-19T10:23:51,143|[TRACE] script - #out(` `) [token]
2021-11-19T10:23:51,143|[TRACE] graph - <------- nonSkippedSpace
2021-11-19T10:23:51,143|[TRACE] graph - <----- statementPart
2021-11-19T10:23:51,143|[TRACE] graph - -----> statementPart
2021-11-19T10:23:51,143|[TRACE] graph - -------> nonSkippedChar
2021-11-19T10:23:51,143|[TRACE] script - #out(`V`) [token]
2021-11-19T10:23:51,143|[TRACE] graph - <------- nonSkippedChar
2021-11-19T10:23:51,143|[TRACE] graph - <----- statementPart
2021-11-19T10:23:51,143|[TRACE] graph - -----> statementPart
2021-11-19T10:23:51,143|[TRACE] graph - -------> nonSkippedChar
2021-11-19T10:23:51,143|[TRACE] script - #out(`A`) [token]
2021-11-19T10:23:51,143|[TRACE] graph - <------- nonSkippedChar
2021-11-19T10:23:51,143|[TRACE] graph - <----- statementPart
2021-11-19T10:23:51,143|[TRACE] graph - -----> statementPart
2021-11-19T10:23:51,143|[TRACE] graph - -------> nonSkippedChar
2021-11-19T10:23:51,143|[TRACE] script - #out(`R`) [token]
2021-11-19T10:23:51,143|[TRACE] graph - <------- nonSkippedChar
2021-11-19T10:23:51,143|[TRACE] graph - <----- statementPart
2021-11-19T10:23:51,143|[TRACE] graph - -----> statementPart
2021-11-19T10:23:51,143|[TRACE] graph - -------> nonSkippedChar
2021-11-19T10:23:51,143|[TRACE] script - #out(`C`) [token]
2021-11-19T10:23:51,143|[TRACE] graph - <------- nonSkippedChar
2021-11-19T10:23:51,143|[TRACE] graph - <----- statementPart
2021-11-19T10:23:51,143|[TRACE] graph - -----> statementPart
2021-11-19T10:23:51,143|[TRACE] graph - -------> nonSkippedChar
2021-11-19T10:23:51,143|[TRACE] script - #out(`H`) [token]
2021-11-19T10:23:51,143|[TRACE] graph - <------- nonSkippedChar
2021-11-19T10:23:51,143|[TRACE] graph - <----- statementPart
2021-11-19T10:23:51,143|[TRACE] graph - -----> statementPart
2021-11-19T10:23:51,143|[TRACE] graph - -------> nonSkippedChar
2021-11-19T10:23:51,143|[TRACE] script - #out(`A`) [token]
2021-11-19T10:23:51,143|[TRACE] graph - <------- nonSkippedChar
2021-11-19T10:23:51,143|[TRACE] graph - <----- statementPart
2021-11-19T10:23:51,143|[TRACE] graph - -----> statementPart
2021-11-19T10:23:51,143|[TRACE] graph - -------> nonSkippedChar
2021-11-19T10:23:51,143|[TRACE] script - #out(`R`) [token]
2021-11-19T10:23:51,143|[TRACE] graph - <------- nonSkippedChar
2021-11-19T10:23:51,143|[TRACE] graph - <----- statementPart
2021-11-19T10:23:51,143|[TRACE] graph - -----> statementPart
2021-11-19T10:23:51,144|[TRACE] graph - -------> nonSkippedChar
2021-11-19T10:23:51,144|[TRACE] script - #out(`(`) [token]
2021-11-19T10:23:51,144|[TRACE] graph - <------- nonSkippedChar
2021-11-19T10:23:51,144|[TRACE] graph - <----- statementPart
2021-11-19T10:23:51,144|[TRACE] graph - -----> statementPart
2021-11-19T10:23:51,144|[TRACE] graph - -------> nonSkippedChar
2021-11-19T10:23:51,144|[TRACE] script - #out(`1`) [token]
2021-11-19T10:23:51,144|[TRACE] graph - <------- nonSkippedChar
2021-11-19T10:23:51,144|[TRACE] graph - <----- statementPart
2021-11-19T10:23:51,144|[TRACE] graph - -----> statementPart
2021-11-19T10:23:51,144|[TRACE] graph - -------> nonSkippedChar
2021-11-19T10:23:51,144|[TRACE] script - #out(`0`) [token]
2021-11-19T10:23:51,144|[TRACE] graph - <------- nonSkippedChar
2021-11-19T10:23:51,144|[TRACE] graph - <----- statementPart
2021-11-19T10:23:51,144|[TRACE] graph - -----> statementPart
2021-11-19T10:23:51,144|[TRACE] graph - -------> nonSkippedChar
2021-11-19T10:23:51,144|[TRACE] script - #out(`0`) [token]
2021-11-19T10:23:51,144|[TRACE] graph - <------- nonSkippedChar
2021-11-19T10:23:51,144|[TRACE] graph - <----- statementPart
2021-11-19T10:23:51,144|[TRACE] graph - -----> statementPart
2021-11-19T10:23:51,144|[TRACE] graph - -------> nonSkippedChar
2021-11-19T10:23:51,144|[TRACE] script - #out(`)`) [token]
2021-11-19T10:23:51,144|[TRACE] graph - <------- nonSkippedChar
2021-11-19T10:23:51,144|[TRACE] graph - <----- statementPart
2021-11-19T10:23:51,144|[TRACE] graph - -----> statementPart
2021-11-19T10:23:51,144|[TRACE] graph - -------> nonSkippedSpace
2021-11-19T10:23:51,144|[TRACE] script - #out(` `) [token]
2021-11-19T10:23:51,144|[TRACE] graph - <------- nonSkippedSpace
2021-11-19T10:23:51,144|[TRACE] graph - <----- statementPart
2021-11-19T10:23:51,144|[TRACE] graph - -----> statementPart
2021-11-19T10:23:51,144|[TRACE] graph - -------> nonSkippedChar
2021-11-19T10:23:51,144|[TRACE] script - #out(`N`) [token]
2021-11-19T10:23:51,144|[TRACE] graph - <------- nonSkippedChar
2021-11-19T10:23:51,144|[TRACE] graph - <----- statementPart
2021-11-19T10:23:51,144|[TRACE] graph - -----> statementPart
2021-11-19T10:23:51,144|[TRACE] graph - -------> nonSkippedChar
2021-11-19T10:23:51,144|[TRACE] script - #out(`O`) [token]
2021-11-19T10:23:51,144|[TRACE] graph - <------- nonSkippedChar
2021-11-19T10:23:51,144|[TRACE] graph - <----- statementPart
2021-11-19T10:23:51,144|[TRACE] graph - -----> statementPart
2021-11-19T10:23:51,144|[TRACE] graph - -------> nonSkippedChar
2021-11-19T10:23:51,144|[TRACE] script - #out(`T`) [token]
2021-11-19T10:23:51,144|[TRACE] graph - <------- nonSkippedChar
2021-11-19T10:23:51,144|[TRACE] graph - <----- statementPart
2021-11-19T10:23:51,144|[TRACE] graph - -----> statementPart
2021-11-19T10:23:51,144|[TRACE] graph - -------> nonSkippedSpace
2021-11-19T10:23:51,144|[TRACE] script - #out(` `) [token]
2021-11-19T10:23:51,144|[TRACE] graph - <------- nonSkippedSpace
2021-11-19T10:23:51,144|[TRACE] graph - <----- statementPart
2021-11-19T10:23:51,144|[TRACE] graph - -----> statementPart
2021-11-19T10:23:51,144|[TRACE] graph - -------> nonSkippedChar
2021-11-19T10:23:51,144|[TRACE] script - #out(`N`) [token]
2021-11-19T10:23:51,144|[TRACE] graph - <------- nonSkippedChar
2021-11-19T10:23:51,144|[TRACE] graph - <----- statementPart
2021-11-19T10:23:51,144|[TRACE] graph - -----> statementPart
2021-11-19T10:23:51,144|[TRACE] graph - -------> nonSkippedChar
2021-11-19T10:23:51,144|[TRACE] script - #out(`U`) [token]
2021-11-19T10:23:51,144|[TRACE] graph - <------- nonSkippedChar
2021-11-19T10:23:51,144|[TRACE] graph - <----- statementPart
2021-11-19T10:23:51,144|[TRACE] graph - -----> statementPart
2021-11-19T10:23:51,144|[TRACE] graph - -------> nonSkippedChar
2021-11-19T10:23:51,144|[TRACE] script - #out(`L`) [token]
2021-11-19T10:23:51,144|[TRACE] graph - <------- nonSkippedChar
2021-11-19T10:23:51,144|[TRACE] graph - <----- statementPart
2021-11-19T10:23:51,144|[TRACE] graph - -----> statementPart
2021-11-19T10:23:51,144|[TRACE] graph - -------> nonSkippedChar
2021-11-19T10:23:51,144|[TRACE] script - #out(`L`) [token]
2021-11-19T10:23:51,144|[TRACE] graph - <------- nonSkippedChar
2021-11-19T10:23:51,144|[TRACE] graph - <----- statementPart
2021-11-19T10:23:51,144|[TRACE] graph - -----> statementPart
2021-11-19T10:23:51,144|[TRACE] graph - -------> nonSkippedChar
2021-11-19T10:23:51,144|[TRACE] script - #out(`,`) [token]
2021-11-19T10:23:51,144|[TRACE] graph - <------- nonSkippedChar
2021-11-19T10:23:51,144|[TRACE] graph - <----- statementPart
2021-11-19T10:23:51,144|[TRACE] graph - -----> afterStatementPartNewline
2021-11-19T10:23:51,144|[TRACE] script - #out(` `) [text]
2021-11-19T10:23:51,144|[TRACE] graph - <----- afterStatementPartNewline
2021-11-19T10:23:51,144|[TRACE] graph - -----> statementPart
2021-11-19T10:23:51,144|[TRACE] graph - -------> nonSkippedSpace
2021-11-19T10:23:51,144|[TRACE] script - #out(` `) [token]
2021-11-19T10:23:51,144|[TRACE] graph - <------- nonSkippedSpace
2021-11-19T10:23:51,144|[TRACE] graph - <----- statementPart
2021-11-19T10:23:51,144|[TRACE] graph - -----> statementPart
2021-11-19T10:23:51,144|[TRACE] graph - -------> nonSkippedSpace
2021-11-19T10:23:51,144|[TRACE] script - #out(` `) [token]
2021-11-19T10:23:51,144|[TRACE] graph - <------- nonSkippedSpace
2021-11-19T10:23:51,144|[TRACE] graph - <----- statementPart
2021-11-19T10:23:51,144|[TRACE] graph - -----> statementPart
2021-11-19T10:23:51,144|[TRACE] graph - -------> quotedString
2021-11-19T10:23:51,144|[TRACE] script - #out(``zipcode``) [token]
2021-11-19T10:23:51,144|[TRACE] graph - <------- quotedString
2021-11-19T10:23:51,144|[TRACE] graph - <----- statementPart
2021-11-19T10:23:51,144|[TRACE] graph - -----> statementPart
2021-11-19T10:23:51,144|[TRACE] graph - -------> nonSkippedSpace
2021-11-19T10:23:51,144|[TRACE] script - #out(` `) [token]
2021-11-19T10:23:51,144|[TRACE] graph - <------- nonSkippedSpace
2021-11-19T10:23:51,144|[TRACE] graph - <----- statementPart
2021-11-19T10:23:51,144|[TRACE] graph - -----> statementPart
2021-11-19T10:23:51,144|[TRACE] graph - -------> nonSkippedChar
2021-11-19T10:23:51,144|[TRACE] script - #out(`V`) [token]
2021-11-19T10:23:51,144|[TRACE] graph - <------- nonSkippedChar
2021-11-19T10:23:51,144|[TRACE] graph - <----- statementPart
2021-11-19T10:23:51,144|[TRACE] graph - -----> statementPart
2021-11-19T10:23:51,144|[TRACE] graph - -------> nonSkippedChar
2021-11-19T10:23:51,144|[TRACE] script - #out(`A`) [token]
2021-11-19T10:23:51,144|[TRACE] graph - <------- nonSkippedChar
2021-11-19T10:23:51,144|[TRACE] graph - <----- statementPart
2021-11-19T10:23:51,144|[TRACE] graph - -----> statementPart
2021-11-19T10:23:51,144|[TRACE] graph - -------> nonSkippedChar
2021-11-19T10:23:51,144|[TRACE] script - #out(`R`) [token]
2021-11-19T10:23:51,144|[TRACE] graph - <------- nonSkippedChar
2021-11-19T10:23:51,144|[TRACE] graph - <----- statementPart
2021-11-19T10:23:51,144|[TRACE] graph - -----> statementPart
2021-11-19T10:23:51,144|[TRACE] graph - -------> nonSkippedChar
2021-11-19T10:23:51,144|[TRACE] script - #out(`C`) [token]
2021-11-19T10:23:51,144|[TRACE] graph - <------- nonSkippedChar
2021-11-19T10:23:51,144|[TRACE] graph - <----- statementPart
2021-11-19T10:23:51,144|[TRACE] graph - -----> statementPart
2021-11-19T10:23:51,144|[TRACE] graph - -------> nonSkippedChar
2021-11-19T10:23:51,144|[TRACE] script - #out(`H`) [token]
2021-11-19T10:23:51,144|[TRACE] graph - <------- nonSkippedChar
2021-11-19T10:23:51,144|[TRACE] graph - <----- statementPart
2021-11-19T10:23:51,144|[TRACE] graph - -----> statementPart
2021-11-19T10:23:51,144|[TRACE] graph - -------> nonSkippedChar
2021-11-19T10:23:51,144|[TRACE] script - #out(`A`) [token]
2021-11-19T10:23:51,144|[TRACE] graph - <------- nonSkippedChar
2021-11-19T10:23:51,144|[TRACE] graph - <----- statementPart
2021-11-19T10:23:51,144|[TRACE] graph - -----> statementPart
2021-11-19T10:23:51,144|[TRACE] graph - -------> nonSkippedChar
2021-11-19T10:23:51,144|[TRACE] script - #out(`R`) [token]
2021-11-19T10:23:51,144|[TRACE] graph - <------- nonSkippedChar
2021-11-19T10:23:51,144|[TRACE] graph - <----- statementPart
2021-11-19T10:23:51,144|[TRACE] graph - -----> statementPart
2021-11-19T10:23:51,144|[TRACE] graph - -------> nonSkippedChar
2021-11-19T10:23:51,144|[TRACE] script - #out(`(`) [token]
2021-11-19T10:23:51,144|[TRACE] graph - <------- nonSkippedChar
2021-11-19T10:23:51,144|[TRACE] graph - <----- statementPart
2021-11-19T10:23:51,144|[TRACE] graph - -----> statementPart
2021-11-19T10:23:51,144|[TRACE] graph - -------> nonSkippedChar
2021-11-19T10:23:51,144|[TRACE] script - #out(`1`) [token]
2021-11-19T10:23:51,144|[TRACE] graph - <------- nonSkippedChar
2021-11-19T10:23:51,144|[TRACE] graph - <----- statementPart
2021-11-19T10:23:51,144|[TRACE] graph - -----> statementPart
2021-11-19T10:23:51,144|[TRACE] graph - -------> nonSkippedChar
2021-11-19T10:23:51,144|[TRACE] script - #out(`0`) [token]
2021-11-19T10:23:51,144|[TRACE] graph - <------- nonSkippedChar
2021-11-19T10:23:51,144|[TRACE] graph - <----- statementPart
2021-11-19T10:23:51,144|[TRACE] graph - -----> statementPart
2021-11-19T10:23:51,144|[TRACE] graph - -------> nonSkippedChar
2021-11-19T10:23:51,144|[TRACE] script - #out(`0`) [token]
2021-11-19T10:23:51,144|[TRACE] graph - <------- nonSkippedChar
2021-11-19T10:23:51,144|[TRACE] graph - <----- statementPart
2021-11-19T10:23:51,144|[TRACE] graph - -----> statementPart
2021-11-19T10:23:51,144|[TRACE] graph - -------> nonSkippedChar
2021-11-19T10:23:51,144|[TRACE] script - #out(`)`) [token]
2021-11-19T10:23:51,144|[TRACE] graph - <------- nonSkippedChar
2021-11-19T10:23:51,144|[TRACE] graph - <----- statementPart
2021-11-19T10:23:51,144|[TRACE] graph - -----> statementPart
2021-11-19T10:23:51,144|[TRACE] graph - -------> nonSkippedSpace
2021-11-19T10:23:51,144|[TRACE] script - #out(` `) [token]
2021-11-19T10:23:51,144|[TRACE] graph - <------- nonSkippedSpace
2021-11-19T10:23:51,144|[TRACE] graph - <----- statementPart
2021-11-19T10:23:51,144|[TRACE] graph - -----> statementPart
2021-11-19T10:23:51,144|[TRACE] graph - -------> nonSkippedChar
2021-11-19T10:23:51,144|[TRACE] script - #out(`N`) [token]
2021-11-19T10:23:51,144|[TRACE] graph - <------- nonSkippedChar
2021-11-19T10:23:51,144|[TRACE] graph - <----- statementPart
2021-11-19T10:23:51,144|[TRACE] graph - -----> statementPart
2021-11-19T10:23:51,144|[TRACE] graph - -------> nonSkippedChar
2021-11-19T10:23:51,144|[TRACE] script - #out(`O`) [token]
2021-11-19T10:23:51,144|[TRACE] graph - <------- nonSkippedChar
2021-11-19T10:23:51,144|[TRACE] graph - <----- statementPart
2021-11-19T10:23:51,144|[TRACE] graph - -----> statementPart
2021-11-19T10:23:51,144|[TRACE] graph - -------> nonSkippedChar
2021-11-19T10:23:51,144|[TRACE] script - #out(`T`) [token]
2021-11-19T10:23:51,144|[TRACE] graph - <------- nonSkippedChar
2021-11-19T10:23:51,144|[TRACE] graph - <----- statementPart
2021-11-19T10:23:51,144|[TRACE] graph - -----> statementPart
2021-11-19T10:23:51,144|[TRACE] graph - -------> nonSkippedSpace
2021-11-19T10:23:51,144|[TRACE] script - #out(` `) [token]
2021-11-19T10:23:51,144|[TRACE] graph - <------- nonSkippedSpace
2021-11-19T10:23:51,144|[TRACE] graph - <----- statementPart
2021-11-19T10:23:51,144|[TRACE] graph - -----> statementPart
2021-11-19T10:23:51,144|[TRACE] graph - -------> nonSkippedChar
2021-11-19T10:23:51,144|[TRACE] script - #out(`N`) [token]
2021-11-19T10:23:51,144|[TRACE] graph - <------- nonSkippedChar
2021-11-19T10:23:51,144|[TRACE] graph - <----- statementPart
2021-11-19T10:23:51,144|[TRACE] graph - -----> statementPart
2021-11-19T10:23:51,144|[TRACE] graph - -------> nonSkippedChar
2021-11-19T10:23:51,144|[TRACE] script - #out(`U`) [token]
2021-11-19T10:23:51,144|[TRACE] graph - <------- nonSkippedChar
2021-11-19T10:23:51,144|[TRACE] graph - <----- statementPart
2021-11-19T10:23:51,144|[TRACE] graph - -----> statementPart
2021-11-19T10:23:51,144|[TRACE] graph - -------> nonSkippedChar
2021-11-19T10:23:51,144|[TRACE] script - #out(`L`) [token]
2021-11-19T10:23:51,144|[TRACE] graph - <------- nonSkippedChar
2021-11-19T10:23:51,144|[TRACE] graph - <----- statementPart
2021-11-19T10:23:51,144|[TRACE] graph - -----> statementPart
2021-11-19T10:23:51,144|[TRACE] graph - -------> nonSkippedChar
2021-11-19T10:23:51,144|[TRACE] script - #out(`L`) [token]
2021-11-19T10:23:51,144|[TRACE] graph - <------- nonSkippedChar
2021-11-19T10:23:51,144|[TRACE] graph - <----- statementPart
2021-11-19T10:23:51,144|[TRACE] graph - -----> statementPart
2021-11-19T10:23:51,144|[TRACE] graph - -------> nonSkippedChar
2021-11-19T10:23:51,144|[TRACE] script - #out(`,`) [token]
2021-11-19T10:23:51,144|[TRACE] graph - <------- nonSkippedChar
2021-11-19T10:23:51,144|[TRACE] graph - <----- statementPart
2021-11-19T10:23:51,144|[TRACE] graph - -----> afterStatementPartNewline
2021-11-19T10:23:51,144|[TRACE] script - #out(` `) [text]
2021-11-19T10:23:51,144|[TRACE] graph - <----- afterStatementPartNewline
2021-11-19T10:23:51,144|[TRACE] graph - -----> statementPart
2021-11-19T10:23:51,144|[TRACE] graph - -------> nonSkippedSpace
2021-11-19T10:23:51,144|[TRACE] script - #out(` `) [token]
2021-11-19T10:23:51,144|[TRACE] graph - <------- nonSkippedSpace
2021-11-19T10:23:51,144|[TRACE] graph - <----- statementPart
2021-11-19T10:23:51,144|[TRACE] graph - -----> statementPart
2021-11-19T10:23:51,144|[TRACE] graph - -------> nonSkippedSpace
2021-11-19T10:23:51,144|[TRACE] script - #out(` `) [token]
2021-11-19T10:23:51,144|[TRACE] graph - <------- nonSkippedSpace
2021-11-19T10:23:51,144|[TRACE] graph - <----- statementPart
2021-11-19T10:23:51,144|[TRACE] graph - -----> statementPart
2021-11-19T10:23:51,144|[TRACE] graph - -------> quotedString
2021-11-19T10:23:51,144|[TRACE] script - #out(``created``) [token]
2021-11-19T10:23:51,144|[TRACE] graph - <------- quotedString
2021-11-19T10:23:51,144|[TRACE] graph - <----- statementPart
2021-11-19T10:23:51,144|[TRACE] graph - -----> statementPart
2021-11-19T10:23:51,144|[TRACE] graph - -------> nonSkippedSpace
2021-11-19T10:23:51,144|[TRACE] script - #out(` `) [token]
2021-11-19T10:23:51,144|[TRACE] graph - <------- nonSkippedSpace
2021-11-19T10:23:51,144|[TRACE] graph - <----- statementPart
2021-11-19T10:23:51,144|[TRACE] graph - -----> statementPart
2021-11-19T10:23:51,144|[TRACE] graph - -------> nonSkippedChar
2021-11-19T10:23:51,144|[TRACE] script - #out(`B`) [token]
2021-11-19T10:23:51,144|[TRACE] graph - <------- nonSkippedChar
2021-11-19T10:23:51,144|[TRACE] graph - <----- statementPart
2021-11-19T10:23:51,144|[TRACE] graph - -----> statementPart
2021-11-19T10:23:51,144|[TRACE] graph - -------> nonSkippedChar
2021-11-19T10:23:51,144|[TRACE] script - #out(`I`) [token]
2021-11-19T10:23:51,144|[TRACE] graph - <------- nonSkippedChar
2021-11-19T10:23:51,144|[TRACE] graph - <----- statementPart
2021-11-19T10:23:51,144|[TRACE] graph - -----> statementPart
2021-11-19T10:23:51,144|[TRACE] graph - -------> nonSkippedChar
2021-11-19T10:23:51,144|[TRACE] script - #out(`G`) [token]
2021-11-19T10:23:51,144|[TRACE] graph - <------- nonSkippedChar
2021-11-19T10:23:51,144|[TRACE] graph - <----- statementPart
2021-11-19T10:23:51,144|[TRACE] graph - -----> statementPart
2021-11-19T10:23:51,144|[TRACE] graph - -------> nonSkippedChar
2021-11-19T10:23:51,144|[TRACE] script - #out(`I`) [token]
2021-11-19T10:23:51,144|[TRACE] graph - <------- nonSkippedChar
2021-11-19T10:23:51,144|[TRACE] graph - <----- statementPart
2021-11-19T10:23:51,144|[TRACE] graph - -----> statementPart
2021-11-19T10:23:51,144|[TRACE] graph - -------> nonSkippedChar
2021-11-19T10:23:51,144|[TRACE] script - #out(`N`) [token]
2021-11-19T10:23:51,144|[TRACE] graph - <------- nonSkippedChar
2021-11-19T10:23:51,144|[TRACE] graph - <----- statementPart
2021-11-19T10:23:51,144|[TRACE] graph - -----> statementPart
2021-11-19T10:23:51,144|[TRACE] graph - -------> nonSkippedChar
2021-11-19T10:23:51,144|[TRACE] script - #out(`T`) [token]
2021-11-19T10:23:51,144|[TRACE] graph - <------- nonSkippedChar
2021-11-19T10:23:51,144|[TRACE] graph - <----- statementPart
2021-11-19T10:23:51,144|[TRACE] graph - -----> statementPart
2021-11-19T10:23:51,144|[TRACE] graph - -------> nonSkippedSpace
2021-11-19T10:23:51,144|[TRACE] script - #out(` `) [token]
2021-11-19T10:23:51,144|[TRACE] graph - <------- nonSkippedSpace
2021-11-19T10:23:51,144|[TRACE] graph - <----- statementPart
2021-11-19T10:23:51,144|[TRACE] graph - -----> statementPart
2021-11-19T10:23:51,144|[TRACE] graph - -------> nonSkippedChar
2021-11-19T10:23:51,144|[TRACE] script - #out(`N`) [token]
2021-11-19T10:23:51,144|[TRACE] graph - <------- nonSkippedChar
2021-11-19T10:23:51,144|[TRACE] graph - <----- statementPart
2021-11-19T10:23:51,144|[TRACE] graph - -----> statementPart
2021-11-19T10:23:51,144|[TRACE] graph - -------> nonSkippedChar
2021-11-19T10:23:51,144|[TRACE] script - #out(`O`) [token]
2021-11-19T10:23:51,144|[TRACE] graph - <------- nonSkippedChar
2021-11-19T10:23:51,144|[TRACE] graph - <----- statementPart
2021-11-19T10:23:51,197|[TRACE] graph - -----> statementPart
2021-11-19T10:23:51,197|[TRACE] graph - -------> nonSkippedChar
2021-11-19T10:23:51,197|[TRACE] script - #out(`T`) [token]
2021-11-19T10:23:51,197|[TRACE] graph - <------- nonSkippedChar
2021-11-19T10:23:51,197|[TRACE] graph - <----- statementPart
2021-11-19T10:23:51,197|[TRACE] graph - -----> statementPart
2021-11-19T10:23:51,197|[TRACE] graph - -------> nonSkippedSpace
2021-11-19T10:23:51,197|[TRACE] script - #out(` `) [token]
2021-11-19T10:23:51,197|[TRACE] graph - <------- nonSkippedSpace
2021-11-19T10:23:51,197|[TRACE] graph - <----- statementPart
2021-11-19T10:23:51,197|[TRACE] graph - -----> statementPart
2021-11-19T10:23:51,197|[TRACE] graph - -------> nonSkippedChar
2021-11-19T10:23:51,197|[TRACE] script - #out(`N`) [token]
2021-11-19T10:23:51,197|[TRACE] graph - <------- nonSkippedChar
2021-11-19T10:23:51,197|[TRACE] graph - <----- statementPart
2021-11-19T10:23:51,197|[TRACE] graph - -----> statementPart
2021-11-19T10:23:51,197|[TRACE] graph - -------> nonSkippedChar
2021-11-19T10:23:51,197|[TRACE] script - #out(`U`) [token]
2021-11-19T10:23:51,197|[TRACE] graph - <------- nonSkippedChar
2021-11-19T10:23:51,197|[TRACE] graph - <----- statementPart
2021-11-19T10:23:51,197|[TRACE] graph - -----> statementPart
2021-11-19T10:23:51,197|[TRACE] graph - -------> nonSkippedChar
2021-11-19T10:23:51,197|[TRACE] script - #out(`L`) [token]
2021-11-19T10:23:51,197|[TRACE] graph - <------- nonSkippedChar
2021-11-19T10:23:51,197|[TRACE] graph - <----- statementPart
2021-11-19T10:23:51,197|[TRACE] graph - -----> statementPart
2021-11-19T10:23:51,197|[TRACE] graph - -------> nonSkippedChar
2021-11-19T10:23:51,197|[TRACE] script - #out(`L`) [token]
2021-11-19T10:23:51,197|[TRACE] graph - <------- nonSkippedChar
2021-11-19T10:23:51,197|[TRACE] graph - <----- statementPart
2021-11-19T10:23:51,197|[TRACE] graph - -----> statementPart
2021-11-19T10:23:51,197|[TRACE] graph - -------> nonSkippedSpace
2021-11-19T10:23:51,197|[TRACE] script - #out(` `) [token]
2021-11-19T10:23:51,197|[TRACE] graph - <------- nonSkippedSpace
2021-11-19T10:23:51,197|[TRACE] graph - <----- statementPart
2021-11-19T10:23:51,197|[TRACE] graph - -----> statementPart
2021-11-19T10:23:51,197|[TRACE] graph - -------> nonSkippedChar
2021-11-19T10:23:51,197|[TRACE] script - #out(`D`) [token]
2021-11-19T10:23:51,197|[TRACE] graph - <------- nonSkippedChar
2021-11-19T10:23:51,197|[TRACE] graph - <----- statementPart
2021-11-19T10:23:51,197|[TRACE] graph - -----> statementPart
2021-11-19T10:23:51,197|[TRACE] graph - -------> nonSkippedChar
2021-11-19T10:23:51,197|[TRACE] script - #out(`E`) [token]
2021-11-19T10:23:51,197|[TRACE] graph - <------- nonSkippedChar
2021-11-19T10:23:51,197|[TRACE] graph - <----- statementPart
2021-11-19T10:23:51,197|[TRACE] graph - -----> statementPart
2021-11-19T10:23:51,198|[TRACE] graph - -------> nonSkippedChar
2021-11-19T10:23:51,198|[TRACE] script - #out(`F`) [token]
2021-11-19T10:23:51,198|[TRACE] graph - <------- nonSkippedChar
2021-11-19T10:23:51,198|[TRACE] graph - <----- statementPart
2021-11-19T10:23:51,198|[TRACE] graph - -----> statementPart
2021-11-19T10:23:51,198|[TRACE] graph - -------> nonSkippedChar
2021-11-19T10:23:51,198|[TRACE] script - #out(`A`) [token]
2021-11-19T10:23:51,198|[TRACE] graph - <------- nonSkippedChar
2021-11-19T10:23:51,198|[TRACE] graph - <----- statementPart
2021-11-19T10:23:51,198|[TRACE] graph - -----> statementPart
2021-11-19T10:23:51,198|[TRACE] graph - -------> nonSkippedChar
2021-11-19T10:23:51,198|[TRACE] script - #out(`U`) [token]
2021-11-19T10:23:51,198|[TRACE] graph - <------- nonSkippedChar
2021-11-19T10:23:51,198|[TRACE] graph - <----- statementPart
2021-11-19T10:23:51,198|[TRACE] graph - -----> statementPart
2021-11-19T10:23:51,198|[TRACE] graph - -------> nonSkippedChar
2021-11-19T10:23:51,198|[TRACE] script - #out(`L`) [token]
2021-11-19T10:23:51,198|[TRACE] graph - <------- nonSkippedChar
2021-11-19T10:23:51,198|[TRACE] graph - <----- statementPart
2021-11-19T10:23:51,198|[TRACE] graph - -----> statementPart
2021-11-19T10:23:51,198|[TRACE] graph - -------> nonSkippedChar
2021-11-19T10:23:51,198|[TRACE] script - #out(`T`) [token]
2021-11-19T10:23:51,198|[TRACE] graph - <------- nonSkippedChar
2021-11-19T10:23:51,198|[TRACE] graph - <----- statementPart
2021-11-19T10:23:51,198|[TRACE] graph - -----> statementPart
2021-11-19T10:23:51,198|[TRACE] graph - -------> nonSkippedSpace
2021-11-19T10:23:51,198|[TRACE] script - #out(` `) [token]
2021-11-19T10:23:51,198|[TRACE] graph - <------- nonSkippedSpace
2021-11-19T10:23:51,198|[TRACE] graph - <----- statementPart
2021-11-19T10:23:51,198|[TRACE] graph - -----> statementPart
2021-11-19T10:23:51,198|[TRACE] graph - -------> nonSkippedChar
2021-11-19T10:23:51,198|[TRACE] script - #out(`(`) [token]
2021-11-19T10:23:51,198|[TRACE] graph - <------- nonSkippedChar
2021-11-19T10:23:51,198|[TRACE] graph - <----- statementPart
2021-11-19T10:23:51,198|[TRACE] graph - -----> statementPart
2021-11-19T10:23:51,198|[TRACE] graph - -------> nonSkippedChar
2021-11-19T10:23:51,198|[TRACE] script - #out(`u`) [token]
2021-11-19T10:23:51,198|[TRACE] graph - <------- nonSkippedChar
2021-11-19T10:23:51,198|[TRACE] graph - <----- statementPart
2021-11-19T10:23:51,198|[TRACE] graph - -----> statementPart
2021-11-19T10:23:51,198|[TRACE] graph - -------> nonSkippedChar
2021-11-19T10:23:51,198|[TRACE] script - #out(`n`) [token]
2021-11-19T10:23:51,198|[TRACE] graph - <------- nonSkippedChar
2021-11-19T10:23:51,198|[TRACE] graph - <----- statementPart
2021-11-19T10:23:51,198|[TRACE] graph - -----> statementPart
2021-11-19T10:23:51,198|[TRACE] graph - -------> nonSkippedChar
2021-11-19T10:23:51,198|[TRACE] script - #out(`i`) [token]
2021-11-19T10:23:51,198|[TRACE] graph - <------- nonSkippedChar
2021-11-19T10:23:51,198|[TRACE] graph - <----- statementPart
2021-11-19T10:23:51,198|[TRACE] graph - -----> statementPart
2021-11-19T10:23:51,198|[TRACE] graph - -------> nonSkippedChar
2021-11-19T10:23:51,198|[TRACE] script - #out(`x`) [token]
2021-11-19T10:23:51,198|[TRACE] graph - <------- nonSkippedChar
2021-11-19T10:23:51,198|[TRACE] graph - <----- statementPart
2021-11-19T10:23:51,198|[TRACE] graph - -----> statementPart
2021-11-19T10:23:51,198|[TRACE] graph - -------> nonSkippedChar
2021-11-19T10:23:51,198|[TRACE] script - #out(`_`) [token]
2021-11-19T10:23:51,198|[TRACE] graph - <------- nonSkippedChar
2021-11-19T10:23:51,198|[TRACE] graph - <----- statementPart
2021-11-19T10:23:51,198|[TRACE] graph - -----> statementPart
2021-11-19T10:23:51,198|[TRACE] graph - -------> nonSkippedChar
2021-11-19T10:23:51,198|[TRACE] script - #out(`t`) [token]
2021-11-19T10:23:51,198|[TRACE] graph - <------- nonSkippedChar
2021-11-19T10:23:51,198|[TRACE] graph - <----- statementPart
2021-11-19T10:23:51,198|[TRACE] graph - -----> statementPart
2021-11-19T10:23:51,198|[TRACE] graph - -------> nonSkippedChar
2021-11-19T10:23:51,198|[TRACE] script - #out(`i`) [token]
2021-11-19T10:23:51,198|[TRACE] graph - <------- nonSkippedChar
2021-11-19T10:23:51,198|[TRACE] graph - <----- statementPart
2021-11-19T10:23:51,198|[TRACE] graph - -----> statementPart
2021-11-19T10:23:51,198|[TRACE] graph - -------> nonSkippedChar
2021-11-19T10:23:51,198|[TRACE] script - #out(`m`) [token]
2021-11-19T10:23:51,198|[TRACE] graph - <------- nonSkippedChar
2021-11-19T10:23:51,198|[TRACE] graph - <----- statementPart
2021-11-19T10:23:51,198|[TRACE] graph - -----> statementPart
2021-11-19T10:23:51,198|[TRACE] graph - -------> nonSkippedChar
2021-11-19T10:23:51,198|[TRACE] script - #out(`e`) [token]
2021-11-19T10:23:51,198|[TRACE] graph - <------- nonSkippedChar
2021-11-19T10:23:51,198|[TRACE] graph - <----- statementPart
2021-11-19T10:23:51,198|[TRACE] graph - -----> statementPart
2021-11-19T10:23:51,198|[TRACE] graph - -------> nonSkippedChar
2021-11-19T10:23:51,198|[TRACE] script - #out(`s`) [token]
2021-11-19T10:23:51,198|[TRACE] graph - <------- nonSkippedChar
2021-11-19T10:23:51,198|[TRACE] graph - <----- statementPart
2021-11-19T10:23:51,198|[TRACE] graph - -----> statementPart
2021-11-19T10:23:51,198|[TRACE] graph - -------> nonSkippedChar
2021-11-19T10:23:51,198|[TRACE] script - #out(`t`) [token]
2021-11-19T10:23:51,198|[TRACE] graph - <------- nonSkippedChar
2021-11-19T10:23:51,198|[TRACE] graph - <----- statementPart
2021-11-19T10:23:51,198|[TRACE] graph - -----> statementPart
2021-11-19T10:23:51,198|[TRACE] graph - -------> nonSkippedChar
2021-11-19T10:23:51,198|[TRACE] script - #out(`a`) [token]
2021-11-19T10:23:51,198|[TRACE] graph - <------- nonSkippedChar
2021-11-19T10:23:51,198|[TRACE] graph - <----- statementPart
2021-11-19T10:23:51,198|[TRACE] graph - -----> statementPart
2021-11-19T10:23:51,198|[TRACE] graph - -------> nonSkippedChar
2021-11-19T10:23:51,198|[TRACE] script - #out(`m`) [token]
2021-11-19T10:23:51,198|[TRACE] graph - <------- nonSkippedChar
2021-11-19T10:23:51,198|[TRACE] graph - <----- statementPart
2021-11-19T10:23:51,198|[TRACE] graph - -----> statementPart
2021-11-19T10:23:51,198|[TRACE] graph - -------> nonSkippedChar
2021-11-19T10:23:51,198|[TRACE] script - #out(`p`) [token]
2021-11-19T10:23:51,198|[TRACE] graph - <------- nonSkippedChar
2021-11-19T10:23:51,198|[TRACE] graph - <----- statementPart
2021-11-19T10:23:51,198|[TRACE] graph - -----> statementPart
2021-11-19T10:23:51,198|[TRACE] graph - -------> nonSkippedChar
2021-11-19T10:23:51,198|[TRACE] script - #out(`(`) [token]
2021-11-19T10:23:51,198|[TRACE] graph - <------- nonSkippedChar
2021-11-19T10:23:51,198|[TRACE] graph - <----- statementPart
2021-11-19T10:23:51,198|[TRACE] graph - -----> statementPart
2021-11-19T10:23:51,198|[TRACE] graph - -------> nonSkippedChar
2021-11-19T10:23:51,198|[TRACE] script - #out(`n`) [token]
2021-11-19T10:23:51,198|[TRACE] graph - <------- nonSkippedChar
2021-11-19T10:23:51,198|[TRACE] graph - <----- statementPart
2021-11-19T10:23:51,198|[TRACE] graph - -----> statementPart
2021-11-19T10:23:51,198|[TRACE] graph - -------> nonSkippedChar
2021-11-19T10:23:51,198|[TRACE] script - #out(`o`) [token]
2021-11-19T10:23:51,198|[TRACE] graph - <------- nonSkippedChar
2021-11-19T10:23:51,198|[TRACE] graph - <----- statementPart
2021-11-19T10:23:51,198|[TRACE] graph - -----> statementPart
2021-11-19T10:23:51,198|[TRACE] graph - -------> nonSkippedChar
2021-11-19T10:23:51,198|[TRACE] script - #out(`w`) [token]
2021-11-19T10:23:51,198|[TRACE] graph - <------- nonSkippedChar
2021-11-19T10:23:51,198|[TRACE] graph - <----- statementPart
2021-11-19T10:23:51,198|[TRACE] graph - -----> statementPart
2021-11-19T10:23:51,198|[TRACE] graph - -------> nonSkippedChar
2021-11-19T10:23:51,198|[TRACE] script - #out(`(`) [token]
2021-11-19T10:23:51,198|[TRACE] graph - <------- nonSkippedChar
2021-11-19T10:23:51,198|[TRACE] graph - <----- statementPart
2021-11-19T10:23:51,198|[TRACE] graph - -----> statementPart
2021-11-19T10:23:51,198|[TRACE] graph - -------> nonSkippedChar
2021-11-19T10:23:51,198|[TRACE] script - #out(`)`) [token]
2021-11-19T10:23:51,198|[TRACE] graph - <------- nonSkippedChar
2021-11-19T10:23:51,198|[TRACE] graph - <----- statementPart
2021-11-19T10:23:51,198|[TRACE] graph - -----> statementPart
2021-11-19T10:23:51,198|[TRACE] graph - -------> nonSkippedChar
2021-11-19T10:23:51,198|[TRACE] script - #out(`)`) [token]
2021-11-19T10:23:51,198|[TRACE] graph - <------- nonSkippedChar
2021-11-19T10:23:51,198|[TRACE] graph - <----- statementPart
2021-11-19T10:23:51,198|[TRACE] graph - -----> statementPart
2021-11-19T10:23:51,198|[TRACE] graph - -------> nonSkippedSpace
2021-11-19T10:23:51,198|[TRACE] script - #out(` `) [token]
2021-11-19T10:23:51,198|[TRACE] graph - <------- nonSkippedSpace
2021-11-19T10:23:51,198|[TRACE] graph - <----- statementPart
2021-11-19T10:23:51,198|[TRACE] graph - -----> statementPart
2021-11-19T10:23:51,198|[TRACE] graph - -------> nonSkippedChar
2021-11-19T10:23:51,198|[TRACE] script - #out(`*`) [token]
2021-11-19T10:23:51,198|[TRACE] graph - <------- nonSkippedChar
2021-11-19T10:23:51,198|[TRACE] graph - <----- statementPart
2021-11-19T10:23:51,198|[TRACE] graph - -----> statementPart
2021-11-19T10:23:51,198|[TRACE] graph - -------> nonSkippedSpace
2021-11-19T10:23:51,198|[TRACE] script - #out(` `) [token]
2021-11-19T10:23:51,198|[TRACE] graph - <------- nonSkippedSpace
2021-11-19T10:23:51,198|[TRACE] graph - <----- statementPart
2021-11-19T10:23:51,198|[TRACE] graph - -----> statementPart
2021-11-19T10:23:51,198|[TRACE] graph - -------> nonSkippedChar
2021-11-19T10:23:51,198|[TRACE] script - #out(`1`) [token]
2021-11-19T10:23:51,198|[TRACE] graph - <------- nonSkippedChar
2021-11-19T10:23:51,198|[TRACE] graph - <----- statementPart
2021-11-19T10:23:51,198|[TRACE] graph - -----> statementPart
2021-11-19T10:23:51,198|[TRACE] graph - -------> nonSkippedChar
2021-11-19T10:23:51,198|[TRACE] script - #out(`0`) [token]
2021-11-19T10:23:51,198|[TRACE] graph - <------- nonSkippedChar
2021-11-19T10:23:51,198|[TRACE] graph - <----- statementPart
2021-11-19T10:23:51,198|[TRACE] graph - -----> statementPart
2021-11-19T10:23:51,198|[TRACE] graph - -------> nonSkippedChar
2021-11-19T10:23:51,198|[TRACE] script - #out(`0`) [token]
2021-11-19T10:23:51,198|[TRACE] graph - <------- nonSkippedChar
2021-11-19T10:23:51,198|[TRACE] graph - <----- statementPart
2021-11-19T10:23:51,198|[TRACE] graph - -----> statementPart
2021-11-19T10:23:51,198|[TRACE] graph - -------> nonSkippedChar
2021-11-19T10:23:51,198|[TRACE] script - #out(`0`) [token]
2021-11-19T10:23:51,198|[TRACE] graph - <------- nonSkippedChar
2021-11-19T10:23:51,198|[TRACE] graph - <----- statementPart
2021-11-19T10:23:51,198|[TRACE] graph - -----> statementPart
2021-11-19T10:23:51,198|[TRACE] graph - -------> nonSkippedChar
2021-11-19T10:23:51,198|[TRACE] script - #out(`)`) [token]
2021-11-19T10:23:51,198|[TRACE] graph - <------- nonSkippedChar
2021-11-19T10:23:51,198|[TRACE] graph - <----- statementPart
2021-11-19T10:23:51,198|[TRACE] graph - -----> statementPart
2021-11-19T10:23:51,198|[TRACE] graph - -------> nonSkippedChar
2021-11-19T10:23:51,198|[TRACE] script - #out(`,`) [token]
2021-11-19T10:23:51,198|[TRACE] graph - <------- nonSkippedChar
2021-11-19T10:23:51,198|[TRACE] graph - <----- statementPart
2021-11-19T10:23:51,198|[TRACE] graph - -----> afterStatementPartNewline
2021-11-19T10:23:51,198|[TRACE] script - #out(` `) [text]
2021-11-19T10:23:51,198|[TRACE] graph - <----- afterStatementPartNewline
2021-11-19T10:23:51,198|[TRACE] graph - -----> statementPart
2021-11-19T10:23:51,198|[TRACE] graph - -------> nonSkippedSpace
2021-11-19T10:23:51,198|[TRACE] script - #out(` `) [token]
2021-11-19T10:23:51,198|[TRACE] graph - <------- nonSkippedSpace
2021-11-19T10:23:51,198|[TRACE] graph - <----- statementPart
2021-11-19T10:23:51,198|[TRACE] graph - -----> statementPart
2021-11-19T10:23:51,198|[TRACE] graph - -------> nonSkippedSpace
2021-11-19T10:23:51,198|[TRACE] script - #out(` `) [token]
2021-11-19T10:23:51,198|[TRACE] graph - <------- nonSkippedSpace
2021-11-19T10:23:51,198|[TRACE] graph - <----- statementPart
2021-11-19T10:23:51,198|[TRACE] graph - -----> statementPart
2021-11-19T10:23:51,198|[TRACE] graph - -------> quotedString
2021-11-19T10:23:51,198|[TRACE] script - #out(``updated``) [token]
2021-11-19T10:23:51,198|[TRACE] graph - <------- quotedString
2021-11-19T10:23:51,198|[TRACE] graph - <----- statementPart
2021-11-19T10:23:51,198|[TRACE] graph - -----> statementPart
2021-11-19T10:23:51,198|[TRACE] graph - -------> nonSkippedSpace
2021-11-19T10:23:51,198|[TRACE] script - #out(` `) [token]
2021-11-19T10:23:51,198|[TRACE] graph - <------- nonSkippedSpace
2021-11-19T10:23:51,198|[TRACE] graph - <----- statementPart
2021-11-19T10:23:51,198|[TRACE] graph - -----> statementPart
2021-11-19T10:23:51,198|[TRACE] graph - -------> nonSkippedChar
2021-11-19T10:23:51,198|[TRACE] script - #out(`B`) [token]
2021-11-19T10:23:51,198|[TRACE] graph - <------- nonSkippedChar
2021-11-19T10:23:51,198|[TRACE] graph - <----- statementPart
2021-11-19T10:23:51,198|[TRACE] graph - -----> statementPart
2021-11-19T10:23:51,198|[TRACE] graph - -------> nonSkippedChar
2021-11-19T10:23:51,198|[TRACE] script - #out(`I`) [token]
2021-11-19T10:23:51,198|[TRACE] graph - <------- nonSkippedChar
2021-11-19T10:23:51,198|[TRACE] graph - <----- statementPart
2021-11-19T10:23:51,198|[TRACE] graph - -----> statementPart
2021-11-19T10:23:51,198|[TRACE] graph - -------> nonSkippedChar
2021-11-19T10:23:51,198|[TRACE] script - #out(`G`) [token]
2021-11-19T10:23:51,198|[TRACE] graph - <------- nonSkippedChar
2021-11-19T10:23:51,198|[TRACE] graph - <----- statementPart
2021-11-19T10:23:51,198|[TRACE] graph - -----> statementPart
2021-11-19T10:23:51,198|[TRACE] graph - -------> nonSkippedChar
2021-11-19T10:23:51,198|[TRACE] script - #out(`I`) [token]
2021-11-19T10:23:51,198|[TRACE] graph - <------- nonSkippedChar
2021-11-19T10:23:51,198|[TRACE] graph - <----- statementPart
2021-11-19T10:23:51,198|[TRACE] graph - -----> statementPart
2021-11-19T10:23:51,198|[TRACE] graph - -------> nonSkippedChar
2021-11-19T10:23:51,198|[TRACE] script - #out(`N`) [token]
2021-11-19T10:23:51,198|[TRACE] graph - <------- nonSkippedChar
2021-11-19T10:23:51,198|[TRACE] graph - <----- statementPart
2021-11-19T10:23:51,198|[TRACE] graph - -----> statementPart
2021-11-19T10:23:51,198|[TRACE] graph - -------> nonSkippedChar
2021-11-19T10:23:51,198|[TRACE] script - #out(`T`) [token]
2021-11-19T10:23:51,198|[TRACE] graph - <------- nonSkippedChar
2021-11-19T10:23:51,198|[TRACE] graph - <----- statementPart
2021-11-19T10:23:51,198|[TRACE] graph - -----> statementPart
2021-11-19T10:23:51,198|[TRACE] graph - -------> nonSkippedSpace
2021-11-19T10:23:51,198|[TRACE] script - #out(` `) [token]
2021-11-19T10:23:51,198|[TRACE] graph - <------- nonSkippedSpace
2021-11-19T10:23:51,198|[TRACE] graph - <----- statementPart
2021-11-19T10:23:51,198|[TRACE] graph - -----> statementPart
2021-11-19T10:23:51,198|[TRACE] graph - -------> nonSkippedChar
2021-11-19T10:23:51,198|[TRACE] script - #out(`N`) [token]
2021-11-19T10:23:51,198|[TRACE] graph - <------- nonSkippedChar
2021-11-19T10:23:51,198|[TRACE] graph - <----- statementPart
2021-11-19T10:23:51,198|[TRACE] graph - -----> statementPart
2021-11-19T10:23:51,198|[TRACE] graph - -------> nonSkippedChar
2021-11-19T10:23:51,198|[TRACE] script - #out(`O`) [token]
2021-11-19T10:23:51,198|[TRACE] graph - <------- nonSkippedChar
2021-11-19T10:23:51,198|[TRACE] graph - <----- statementPart
2021-11-19T10:23:51,198|[TRACE] graph - -----> statementPart
2021-11-19T10:23:51,198|[TRACE] graph - -------> nonSkippedChar
2021-11-19T10:23:51,198|[TRACE] script - #out(`T`) [token]
2021-11-19T10:23:51,198|[TRACE] graph - <------- nonSkippedChar
2021-11-19T10:23:51,198|[TRACE] graph - <----- statementPart
2021-11-19T10:23:51,198|[TRACE] graph - -----> statementPart
2021-11-19T10:23:51,198|[TRACE] graph - -------> nonSkippedSpace
2021-11-19T10:23:51,198|[TRACE] script - #out(` `) [token]
2021-11-19T10:23:51,198|[TRACE] graph - <------- nonSkippedSpace
2021-11-19T10:23:51,198|[TRACE] graph - <----- statementPart
2021-11-19T10:23:51,198|[TRACE] graph - -----> statementPart
2021-11-19T10:23:51,198|[TRACE] graph - -------> nonSkippedChar
2021-11-19T10:23:51,198|[TRACE] script - #out(`N`) [token]
2021-11-19T10:23:51,198|[TRACE] graph - <------- nonSkippedChar
2021-11-19T10:23:51,198|[TRACE] graph - <----- statementPart
2021-11-19T10:23:51,198|[TRACE] graph - -----> statementPart
2021-11-19T10:23:51,198|[TRACE] graph - -------> nonSkippedChar
2021-11-19T10:23:51,198|[TRACE] script - #out(`U`) [token]
2021-11-19T10:23:51,198|[TRACE] graph - <------- nonSkippedChar
2021-11-19T10:23:51,198|[TRACE] graph - <----- statementPart
2021-11-19T10:23:51,198|[TRACE] graph - -----> statementPart
2021-11-19T10:23:51,198|[TRACE] graph - -------> nonSkippedChar
2021-11-19T10:23:51,198|[TRACE] script - #out(`L`) [token]
2021-11-19T10:23:51,198|[TRACE] graph - <------- nonSkippedChar
2021-11-19T10:23:51,198|[TRACE] graph - <----- statementPart
2021-11-19T10:23:51,198|[TRACE] graph - -----> statementPart
2021-11-19T10:23:51,198|[TRACE] graph - -------> nonSkippedChar
2021-11-19T10:23:51,198|[TRACE] script - #out(`L`) [token]
2021-11-19T10:23:51,198|[TRACE] graph - <------- nonSkippedChar
2021-11-19T10:23:51,198|[TRACE] graph - <----- statementPart
2021-11-19T10:23:51,198|[TRACE] graph - -----> statementPart
2021-11-19T10:23:51,198|[TRACE] graph - -------> nonSkippedSpace
2021-11-19T10:23:51,198|[TRACE] script - #out(` `) [token]
2021-11-19T10:23:51,198|[TRACE] graph - <------- nonSkippedSpace
2021-11-19T10:23:51,198|[TRACE] graph - <----- statementPart
2021-11-19T10:23:51,198|[TRACE] graph - -----> statementPart
2021-11-19T10:23:51,198|[TRACE] graph - -------> nonSkippedChar
2021-11-19T10:23:51,198|[TRACE] script - #out(`D`) [token]
2021-11-19T10:23:51,198|[TRACE] graph - <------- nonSkippedChar
2021-11-19T10:23:51,198|[TRACE] graph - <----- statementPart
2021-11-19T10:23:51,199|[TRACE] graph - -----> statementPart
2021-11-19T10:23:51,199|[TRACE] graph - -------> nonSkippedChar
2021-11-19T10:23:51,199|[TRACE] script - #out(`E`) [token]
2021-11-19T10:23:51,199|[TRACE] graph - <------- nonSkippedChar
2021-11-19T10:23:51,199|[TRACE] graph - <----- statementPart
2021-11-19T10:23:51,199|[TRACE] graph - -----> statementPart
2021-11-19T10:23:51,199|[TRACE] graph - -------> nonSkippedChar
2021-11-19T10:23:51,199|[TRACE] script - #out(`F`) [token]
2021-11-19T10:23:51,199|[TRACE] graph - <------- nonSkippedChar
2021-11-19T10:23:51,199|[TRACE] graph - <----- statementPart
2021-11-19T10:23:51,199|[TRACE] graph - -----> statementPart
2021-11-19T10:23:51,199|[TRACE] graph - -------> nonSkippedChar
2021-11-19T10:23:51,199|[TRACE] script - #out(`A`) [token]
2021-11-19T10:23:51,199|[TRACE] graph - <------- nonSkippedChar
2021-11-19T10:23:51,199|[TRACE] graph - <----- statementPart
2021-11-19T10:23:51,199|[TRACE] graph - -----> statementPart
2021-11-19T10:23:51,199|[TRACE] graph - -------> nonSkippedChar
2021-11-19T10:23:51,199|[TRACE] script - #out(`U`) [token]
2021-11-19T10:23:51,199|[TRACE] graph - <------- nonSkippedChar
2021-11-19T10:23:51,199|[TRACE] graph - <----- statementPart
2021-11-19T10:23:51,199|[TRACE] graph - -----> statementPart
2021-11-19T10:23:51,199|[TRACE] graph - -------> nonSkippedChar
2021-11-19T10:23:51,199|[TRACE] script - #out(`L`) [token]
2021-11-19T10:23:51,199|[TRACE] graph - <------- nonSkippedChar
2021-11-19T10:23:51,199|[TRACE] graph - <----- statementPart
2021-11-19T10:23:51,199|[TRACE] graph - -----> statementPart
2021-11-19T10:23:51,199|[TRACE] graph - -------> nonSkippedChar
2021-11-19T10:23:51,199|[TRACE] script - #out(`T`) [token]
2021-11-19T10:23:51,199|[TRACE] graph - <------- nonSkippedChar
2021-11-19T10:23:51,199|[TRACE] graph - <----- statementPart
2021-11-19T10:23:51,199|[TRACE] graph - -----> statementPart
2021-11-19T10:23:51,199|[TRACE] graph - -------> nonSkippedSpace
2021-11-19T10:23:51,199|[TRACE] script - #out(` `) [token]
2021-11-19T10:23:51,199|[TRACE] graph - <------- nonSkippedSpace
2021-11-19T10:23:51,199|[TRACE] graph - <----- statementPart
2021-11-19T10:23:51,199|[TRACE] graph - -----> statementPart
2021-11-19T10:23:51,199|[TRACE] graph - -------> nonSkippedChar
2021-11-19T10:23:51,199|[TRACE] script - #out(`(`) [token]
2021-11-19T10:23:51,199|[TRACE] graph - <------- nonSkippedChar
2021-11-19T10:23:51,199|[TRACE] graph - <----- statementPart
2021-11-19T10:23:51,199|[TRACE] graph - -----> statementPart
2021-11-19T10:23:51,199|[TRACE] graph - -------> nonSkippedChar
2021-11-19T10:23:51,199|[TRACE] script - #out(`u`) [token]
2021-11-19T10:23:51,199|[TRACE] graph - <------- nonSkippedChar
2021-11-19T10:23:51,199|[TRACE] graph - <----- statementPart
2021-11-19T10:23:51,199|[TRACE] graph - -----> statementPart
2021-11-19T10:23:51,199|[TRACE] graph - -------> nonSkippedChar
2021-11-19T10:23:51,199|[TRACE] script - #out(`n`) [token]
2021-11-19T10:23:51,199|[TRACE] graph - <------- nonSkippedChar
2021-11-19T10:23:51,199|[TRACE] graph - <----- statementPart
2021-11-19T10:23:51,199|[TRACE] graph - -----> statementPart
2021-11-19T10:23:51,199|[TRACE] graph - -------> nonSkippedChar
2021-11-19T10:23:51,199|[TRACE] script - #out(`i`) [token]
2021-11-19T10:23:51,199|[TRACE] graph - <------- nonSkippedChar
2021-11-19T10:23:51,199|[TRACE] graph - <----- statementPart
2021-11-19T10:23:51,199|[TRACE] graph - -----> statementPart
2021-11-19T10:23:51,199|[TRACE] graph - -------> nonSkippedChar
2021-11-19T10:23:51,199|[TRACE] script - #out(`x`) [token]
2021-11-19T10:23:51,199|[TRACE] graph - <------- nonSkippedChar
2021-11-19T10:23:51,199|[TRACE] graph - <----- statementPart
2021-11-19T10:23:51,199|[TRACE] graph - -----> statementPart
2021-11-19T10:23:51,199|[TRACE] graph - -------> nonSkippedChar
2021-11-19T10:23:51,199|[TRACE] script - #out(`_`) [token]
2021-11-19T10:23:51,199|[TRACE] graph - <------- nonSkippedChar
2021-11-19T10:23:51,199|[TRACE] graph - <----- statementPart
2021-11-19T10:23:51,199|[TRACE] graph - -----> statementPart
2021-11-19T10:23:51,199|[TRACE] graph - -------> nonSkippedChar
2021-11-19T10:23:51,199|[TRACE] script - #out(`t`) [token]
2021-11-19T10:23:51,199|[TRACE] graph - <------- nonSkippedChar
2021-11-19T10:23:51,199|[TRACE] graph - <----- statementPart
2021-11-19T10:23:51,199|[TRACE] graph - -----> statementPart
2021-11-19T10:23:51,199|[TRACE] graph - -------> nonSkippedChar
2021-11-19T10:23:51,199|[TRACE] script - #out(`i`) [token]
2021-11-19T10:23:51,199|[TRACE] graph - <------- nonSkippedChar
2021-11-19T10:23:51,199|[TRACE] graph - <----- statementPart
2021-11-19T10:23:51,199|[TRACE] graph - -----> statementPart
2021-11-19T10:23:51,199|[TRACE] graph - -------> nonSkippedChar
2021-11-19T10:23:51,199|[TRACE] script - #out(`m`) [token]
2021-11-19T10:23:51,199|[TRACE] graph - <------- nonSkippedChar
2021-11-19T10:23:51,199|[TRACE] graph - <----- statementPart
2021-11-19T10:23:51,199|[TRACE] graph - -----> statementPart
2021-11-19T10:23:51,199|[TRACE] graph - -------> nonSkippedChar
2021-11-19T10:23:51,199|[TRACE] script - #out(`e`) [token]
2021-11-19T10:23:51,199|[TRACE] graph - <------- nonSkippedChar
2021-11-19T10:23:51,199|[TRACE] graph - <----- statementPart
2021-11-19T10:23:51,199|[TRACE] graph - -----> statementPart
2021-11-19T10:23:51,199|[TRACE] graph - -------> nonSkippedChar
2021-11-19T10:23:51,199|[TRACE] script - #out(`s`) [token]
2021-11-19T10:23:51,199|[TRACE] graph - <------- nonSkippedChar
2021-11-19T10:23:51,199|[TRACE] graph - <----- statementPart
2021-11-19T10:23:51,199|[TRACE] graph - -----> statementPart
2021-11-19T10:23:51,199|[TRACE] graph - -------> nonSkippedChar
2021-11-19T10:23:51,199|[TRACE] script - #out(`t`) [token]
2021-11-19T10:23:51,199|[TRACE] graph - <------- nonSkippedChar
2021-11-19T10:23:51,199|[TRACE] graph - <----- statementPart
2021-11-19T10:23:51,199|[TRACE] graph - -----> statementPart
2021-11-19T10:23:51,199|[TRACE] graph - -------> nonSkippedChar
2021-11-19T10:23:51,199|[TRACE] script - #out(`a`) [token]
2021-11-19T10:23:51,199|[TRACE] graph - <------- nonSkippedChar
2021-11-19T10:23:51,199|[TRACE] graph - <----- statementPart
2021-11-19T10:23:51,199|[TRACE] graph - -----> statementPart
2021-11-19T10:23:51,199|[TRACE] graph - -------> nonSkippedChar
2021-11-19T10:23:51,199|[TRACE] script - #out(`m`) [token]
2021-11-19T10:23:51,199|[TRACE] graph - <------- nonSkippedChar
2021-11-19T10:23:51,199|[TRACE] graph - <----- statementPart
2021-11-19T10:23:51,199|[TRACE] graph - -----> statementPart
2021-11-19T10:23:51,199|[TRACE] graph - -------> nonSkippedChar
2021-11-19T10:23:51,199|[TRACE] script - #out(`p`) [token]
2021-11-19T10:23:51,199|[TRACE] graph - <------- nonSkippedChar
2021-11-19T10:23:51,199|[TRACE] graph - <----- statementPart
2021-11-19T10:23:51,199|[TRACE] graph - -----> statementPart
2021-11-19T10:23:51,199|[TRACE] graph - -------> nonSkippedChar
2021-11-19T10:23:51,199|[TRACE] script - #out(`(`) [token]
2021-11-19T10:23:51,199|[TRACE] graph - <------- nonSkippedChar
2021-11-19T10:23:51,199|[TRACE] graph - <----- statementPart
2021-11-19T10:23:51,199|[TRACE] graph - -----> statementPart
2021-11-19T10:23:51,199|[TRACE] graph - -------> nonSkippedChar
2021-11-19T10:23:51,199|[TRACE] script - #out(`n`) [token]
2021-11-19T10:23:51,199|[TRACE] graph - <------- nonSkippedChar
2021-11-19T10:23:51,199|[TRACE] graph - <----- statementPart
2021-11-19T10:23:51,199|[TRACE] graph - -----> statementPart
2021-11-19T10:23:51,199|[TRACE] graph - -------> nonSkippedChar
2021-11-19T10:23:51,199|[TRACE] script - #out(`o`) [token]
2021-11-19T10:23:51,199|[TRACE] graph - <------- nonSkippedChar
2021-11-19T10:23:51,199|[TRACE] graph - <----- statementPart
2021-11-19T10:23:51,199|[TRACE] graph - -----> statementPart
2021-11-19T10:23:51,199|[TRACE] graph - -------> nonSkippedChar
2021-11-19T10:23:51,253|[TRACE] script - #out(`w`) [token]
2021-11-19T10:23:51,253|[TRACE] graph - <------- nonSkippedChar
2021-11-19T10:23:51,253|[TRACE] graph - <----- statementPart
2021-11-19T10:23:51,253|[TRACE] graph - -----> statementPart
2021-11-19T10:23:51,253|[TRACE] graph - -------> nonSkippedChar
2021-11-19T10:23:51,253|[TRACE] script - #out(`(`) [token]
2021-11-19T10:23:51,253|[TRACE] graph - <------- nonSkippedChar
2021-11-19T10:23:51,253|[TRACE] graph - <----- statementPart
2021-11-19T10:23:51,253|[TRACE] graph - -----> statementPart
2021-11-19T10:23:51,253|[TRACE] graph - -------> nonSkippedChar
2021-11-19T10:23:51,253|[TRACE] script - #out(`)`) [token]
2021-11-19T10:23:51,253|[TRACE] graph - <------- nonSkippedChar
2021-11-19T10:23:51,253|[TRACE] graph - <----- statementPart
2021-11-19T10:23:51,253|[TRACE] graph - -----> statementPart
2021-11-19T10:23:51,253|[TRACE] graph - -------> nonSkippedChar
2021-11-19T10:23:51,253|[TRACE] script - #out(`)`) [token]
2021-11-19T10:23:51,253|[TRACE] graph - <------- nonSkippedChar
2021-11-19T10:23:51,253|[TRACE] graph - <----- statementPart
2021-11-19T10:23:51,253|[TRACE] graph - -----> statementPart
2021-11-19T10:23:51,254|[TRACE] graph - -------> nonSkippedSpace
2021-11-19T10:23:51,254|[TRACE] script - #out(` `) [token]
2021-11-19T10:23:51,254|[TRACE] graph - <------- nonSkippedSpace
2021-11-19T10:23:51,254|[TRACE] graph - <----- statementPart
2021-11-19T10:23:51,254|[TRACE] graph - -----> statementPart
2021-11-19T10:23:51,254|[TRACE] graph - -------> nonSkippedChar
2021-11-19T10:23:51,254|[TRACE] script - #out(`*`) [token]
2021-11-19T10:23:51,254|[TRACE] graph - <------- nonSkippedChar
2021-11-19T10:23:51,254|[TRACE] graph - <----- statementPart
2021-11-19T10:23:51,254|[TRACE] graph - -----> statementPart
2021-11-19T10:23:51,254|[TRACE] graph - -------> nonSkippedSpace
2021-11-19T10:23:51,254|[TRACE] script - #out(` `) [token]
2021-11-19T10:23:51,254|[TRACE] graph - <------- nonSkippedSpace
2021-11-19T10:23:51,254|[TRACE] graph - <----- statementPart
2021-11-19T10:23:51,254|[TRACE] graph - -----> statementPart
2021-11-19T10:23:51,254|[TRACE] graph - -------> nonSkippedChar
2021-11-19T10:23:51,254|[TRACE] script - #out(`1`) [token]
2021-11-19T10:23:51,254|[TRACE] graph - <------- nonSkippedChar
2021-11-19T10:23:51,254|[TRACE] graph - <----- statementPart
2021-11-19T10:23:51,254|[TRACE] graph - -----> statementPart
2021-11-19T10:23:51,254|[TRACE] graph - -------> nonSkippedChar
2021-11-19T10:23:51,254|[TRACE] script - #out(`0`) [token]
2021-11-19T10:23:51,254|[TRACE] graph - <------- nonSkippedChar
2021-11-19T10:23:51,254|[TRACE] graph - <----- statementPart
2021-11-19T10:23:51,254|[TRACE] graph - -----> statementPart
2021-11-19T10:23:51,254|[TRACE] graph - -------> nonSkippedChar
2021-11-19T10:23:51,254|[TRACE] script - #out(`0`) [token]
2021-11-19T10:23:51,254|[TRACE] graph - <------- nonSkippedChar
2021-11-19T10:23:51,254|[TRACE] graph - <----- statementPart
2021-11-19T10:23:51,254|[TRACE] graph - -----> statementPart
2021-11-19T10:23:51,254|[TRACE] graph - -------> nonSkippedChar
2021-11-19T10:23:51,254|[TRACE] script - #out(`0`) [token]
2021-11-19T10:23:51,254|[TRACE] graph - <------- nonSkippedChar
2021-11-19T10:23:51,254|[TRACE] graph - <----- statementPart
2021-11-19T10:23:51,254|[TRACE] graph - -----> statementPart
2021-11-19T10:23:51,254|[TRACE] graph - -------> nonSkippedChar
2021-11-19T10:23:51,254|[TRACE] script - #out(`)`) [token]
2021-11-19T10:23:51,254|[TRACE] graph - <------- nonSkippedChar
2021-11-19T10:23:51,254|[TRACE] graph - <----- statementPart
2021-11-19T10:23:51,254|[TRACE] graph - -----> statementPart
2021-11-19T10:23:51,254|[TRACE] graph - -------> nonSkippedChar
2021-11-19T10:23:51,254|[TRACE] script - #out(`,`) [token]
2021-11-19T10:23:51,254|[TRACE] graph - <------- nonSkippedChar
2021-11-19T10:23:51,254|[TRACE] graph - <----- statementPart
2021-11-19T10:23:51,254|[TRACE] graph - -----> afterStatementPartNewline
2021-11-19T10:23:51,254|[TRACE] script - #out(` `) [text]
2021-11-19T10:23:51,254|[TRACE] graph - <----- afterStatementPartNewline
2021-11-19T10:23:51,254|[TRACE] graph - -----> statementPart
2021-11-19T10:23:51,254|[TRACE] graph - -------> nonSkippedSpace
2021-11-19T10:23:51,254|[TRACE] script - #out(` `) [token]
2021-11-19T10:23:51,254|[TRACE] graph - <------- nonSkippedSpace
2021-11-19T10:23:51,254|[TRACE] graph - <----- statementPart
2021-11-19T10:23:51,254|[TRACE] graph - -----> statementPart
2021-11-19T10:23:51,254|[TRACE] graph - -------> nonSkippedSpace
2021-11-19T10:23:51,254|[TRACE] script - #out(` `) [token]
2021-11-19T10:23:51,254|[TRACE] graph - <------- nonSkippedSpace
2021-11-19T10:23:51,254|[TRACE] graph - <----- statementPart
2021-11-19T10:23:51,254|[TRACE] graph - -----> statementPart
2021-11-19T10:23:51,254|[TRACE] graph - -------> quotedString
2021-11-19T10:23:51,254|[TRACE] script - #out(``version``) [token]
2021-11-19T10:23:51,254|[TRACE] graph - <------- quotedString
2021-11-19T10:23:51,254|[TRACE] graph - <----- statementPart
2021-11-19T10:23:51,254|[TRACE] graph - -----> statementPart
2021-11-19T10:23:51,254|[TRACE] graph - -------> nonSkippedSpace
2021-11-19T10:23:51,254|[TRACE] script - #out(` `) [token]
2021-11-19T10:23:51,254|[TRACE] graph - <------- nonSkippedSpace
2021-11-19T10:23:51,254|[TRACE] graph - <----- statementPart
2021-11-19T10:23:51,254|[TRACE] graph - -----> statementPart
2021-11-19T10:23:51,254|[TRACE] graph - -------> nonSkippedChar
2021-11-19T10:23:51,254|[TRACE] script - #out(`I`) [token]
2021-11-19T10:23:51,254|[TRACE] graph - <------- nonSkippedChar
2021-11-19T10:23:51,254|[TRACE] graph - <----- statementPart
2021-11-19T10:23:51,254|[TRACE] graph - -----> statementPart
2021-11-19T10:23:51,254|[TRACE] graph - -------> nonSkippedChar
2021-11-19T10:23:51,254|[TRACE] script - #out(`N`) [token]
2021-11-19T10:23:51,254|[TRACE] graph - <------- nonSkippedChar
2021-11-19T10:23:51,254|[TRACE] graph - <----- statementPart
2021-11-19T10:23:51,254|[TRACE] graph - -----> statementPart
2021-11-19T10:23:51,254|[TRACE] graph - -------> nonSkippedChar
2021-11-19T10:23:51,254|[TRACE] script - #out(`T`) [token]
2021-11-19T10:23:51,254|[TRACE] graph - <------- nonSkippedChar
2021-11-19T10:23:51,254|[TRACE] graph - <----- statementPart
2021-11-19T10:23:51,254|[TRACE] graph - -----> statementPart
2021-11-19T10:23:51,254|[TRACE] graph - -------> nonSkippedSpace
2021-11-19T10:23:51,254|[TRACE] script - #out(` `) [token]
2021-11-19T10:23:51,254|[TRACE] graph - <------- nonSkippedSpace
2021-11-19T10:23:51,254|[TRACE] graph - <----- statementPart
2021-11-19T10:23:51,254|[TRACE] graph - -----> statementPart
2021-11-19T10:23:51,254|[TRACE] graph - -------> nonSkippedChar
2021-11-19T10:23:51,254|[TRACE] script - #out(`N`) [token]
2021-11-19T10:23:51,254|[TRACE] graph - <------- nonSkippedChar
2021-11-19T10:23:51,254|[TRACE] graph - <----- statementPart
2021-11-19T10:23:51,254|[TRACE] graph - -----> statementPart
2021-11-19T10:23:51,254|[TRACE] graph - -------> nonSkippedChar
2021-11-19T10:23:51,254|[TRACE] script - #out(`O`) [token]
2021-11-19T10:23:51,254|[TRACE] graph - <------- nonSkippedChar
2021-11-19T10:23:51,254|[TRACE] graph - <----- statementPart
2021-11-19T10:23:51,254|[TRACE] graph - -----> statementPart
2021-11-19T10:23:51,254|[TRACE] graph - -------> nonSkippedChar
2021-11-19T10:23:51,254|[TRACE] script - #out(`T`) [token]
2021-11-19T10:23:51,254|[TRACE] graph - <------- nonSkippedChar
2021-11-19T10:23:51,254|[TRACE] graph - <----- statementPart
2021-11-19T10:23:51,254|[TRACE] graph - -----> statementPart
2021-11-19T10:23:51,254|[TRACE] graph - -------> nonSkippedSpace
2021-11-19T10:23:51,254|[TRACE] script - #out(` `) [token]
2021-11-19T10:23:51,254|[TRACE] graph - <------- nonSkippedSpace
2021-11-19T10:23:51,254|[TRACE] graph - <----- statementPart
2021-11-19T10:23:51,254|[TRACE] graph - -----> statementPart
2021-11-19T10:23:51,254|[TRACE] graph - -------> nonSkippedChar
2021-11-19T10:23:51,254|[TRACE] script - #out(`N`) [token]
2021-11-19T10:23:51,254|[TRACE] graph - <------- nonSkippedChar
2021-11-19T10:23:51,254|[TRACE] graph - <----- statementPart
2021-11-19T10:23:51,254|[TRACE] graph - -----> statementPart
2021-11-19T10:23:51,254|[TRACE] graph - -------> nonSkippedChar
2021-11-19T10:23:51,254|[TRACE] script - #out(`U`) [token]
2021-11-19T10:23:51,254|[TRACE] graph - <------- nonSkippedChar
2021-11-19T10:23:51,254|[TRACE] graph - <----- statementPart
2021-11-19T10:23:51,254|[TRACE] graph - -----> statementPart
2021-11-19T10:23:51,254|[TRACE] graph - -------> nonSkippedChar
2021-11-19T10:23:51,254|[TRACE] script - #out(`L`) [token]
2021-11-19T10:23:51,254|[TRACE] graph - <------- nonSkippedChar
2021-11-19T10:23:51,254|[TRACE] graph - <----- statementPart
2021-11-19T10:23:51,254|[TRACE] graph - -----> statementPart
2021-11-19T10:23:51,254|[TRACE] graph - -------> nonSkippedChar
2021-11-19T10:23:51,254|[TRACE] script - #out(`L`) [token]
2021-11-19T10:23:51,254|[TRACE] graph - <------- nonSkippedChar
2021-11-19T10:23:51,254|[TRACE] graph - <----- statementPart
2021-11-19T10:23:51,254|[TRACE] graph - -----> statementPart
2021-11-19T10:23:51,254|[TRACE] graph - -------> nonSkippedSpace
2021-11-19T10:23:51,254|[TRACE] script - #out(` `) [token]
2021-11-19T10:23:51,254|[TRACE] graph - <------- nonSkippedSpace
2021-11-19T10:23:51,254|[TRACE] graph - <----- statementPart
2021-11-19T10:23:51,254|[TRACE] graph - -----> statementPart
2021-11-19T10:23:51,254|[TRACE] graph - -------> nonSkippedChar
2021-11-19T10:23:51,254|[TRACE] script - #out(`D`) [token]
2021-11-19T10:23:51,254|[TRACE] graph - <------- nonSkippedChar
2021-11-19T10:23:51,254|[TRACE] graph - <----- statementPart
2021-11-19T10:23:51,254|[TRACE] graph - -----> statementPart
2021-11-19T10:23:51,254|[TRACE] graph - -------> nonSkippedChar
2021-11-19T10:23:51,254|[TRACE] script - #out(`E`) [token]
2021-11-19T10:23:51,254|[TRACE] graph - <------- nonSkippedChar
2021-11-19T10:23:51,254|[TRACE] graph - <----- statementPart
2021-11-19T10:23:51,254|[TRACE] graph - -----> statementPart
2021-11-19T10:23:51,254|[TRACE] graph - -------> nonSkippedChar
2021-11-19T10:23:51,254|[TRACE] script - #out(`F`) [token]
2021-11-19T10:23:51,254|[TRACE] graph - <------- nonSkippedChar
2021-11-19T10:23:51,254|[TRACE] graph - <----- statementPart
2021-11-19T10:23:51,254|[TRACE] graph - -----> statementPart
2021-11-19T10:23:51,254|[TRACE] graph - -------> nonSkippedChar
2021-11-19T10:23:51,254|[TRACE] script - #out(`A`) [token]
2021-11-19T10:23:51,254|[TRACE] graph - <------- nonSkippedChar
2021-11-19T10:23:51,254|[TRACE] graph - <----- statementPart
2021-11-19T10:23:51,254|[TRACE] graph - -----> statementPart
2021-11-19T10:23:51,254|[TRACE] graph - -------> nonSkippedChar
2021-11-19T10:23:51,254|[TRACE] script - #out(`U`) [token]
2021-11-19T10:23:51,254|[TRACE] graph - <------- nonSkippedChar
2021-11-19T10:23:51,254|[TRACE] graph - <----- statementPart
2021-11-19T10:23:51,254|[TRACE] graph - -----> statementPart
2021-11-19T10:23:51,254|[TRACE] graph - -------> nonSkippedChar
2021-11-19T10:23:51,254|[TRACE] script - #out(`L`) [token]
2021-11-19T10:23:51,254|[TRACE] graph - <------- nonSkippedChar
2021-11-19T10:23:51,254|[TRACE] graph - <----- statementPart
2021-11-19T10:23:51,254|[TRACE] graph - -----> statementPart
2021-11-19T10:23:51,254|[TRACE] graph - -------> nonSkippedChar
2021-11-19T10:23:51,254|[TRACE] script - #out(`T`) [token]
2021-11-19T10:23:51,254|[TRACE] graph - <------- nonSkippedChar
2021-11-19T10:23:51,254|[TRACE] graph - <----- statementPart
2021-11-19T10:23:51,254|[TRACE] graph - -----> statementPart
2021-11-19T10:23:51,254|[TRACE] graph - -------> nonSkippedSpace
2021-11-19T10:23:51,254|[TRACE] script - #out(` `) [token]
2021-11-19T10:23:51,254|[TRACE] graph - <------- nonSkippedSpace
2021-11-19T10:23:51,254|[TRACE] graph - <----- statementPart
2021-11-19T10:23:51,254|[TRACE] graph - -----> statementPart
2021-11-19T10:23:51,254|[TRACE] graph - -------> nonSkippedChar
2021-11-19T10:23:51,254|[TRACE] script - #out(`1`) [token]
2021-11-19T10:23:51,254|[TRACE] graph - <------- nonSkippedChar
2021-11-19T10:23:51,254|[TRACE] graph - <----- statementPart
2021-11-19T10:23:51,254|[TRACE] graph - -----> statementPart
2021-11-19T10:23:51,254|[TRACE] graph - -------> nonSkippedChar
2021-11-19T10:23:51,254|[TRACE] script - #out(`,`) [token]
2021-11-19T10:23:51,254|[TRACE] graph - <------- nonSkippedChar
2021-11-19T10:23:51,254|[TRACE] graph - <----- statementPart
2021-11-19T10:23:51,254|[TRACE] graph - -----> afterStatementPartNewline
2021-11-19T10:23:51,254|[TRACE] script - #out(` `) [text]
2021-11-19T10:23:51,254|[TRACE] graph - <----- afterStatementPartNewline
2021-11-19T10:23:51,254|[TRACE] graph - -----> statementPart
2021-11-19T10:23:51,254|[TRACE] graph - -------> nonSkippedSpace
2021-11-19T10:23:51,254|[TRACE] script - #out(` `) [token]
2021-11-19T10:23:51,254|[TRACE] graph - <------- nonSkippedSpace
2021-11-19T10:23:51,254|[TRACE] graph - <----- statementPart
2021-11-19T10:23:51,254|[TRACE] graph - -----> statementPart
2021-11-19T10:23:51,254|[TRACE] graph - -------> nonSkippedSpace
2021-11-19T10:23:51,254|[TRACE] script - #out(` `) [token]
2021-11-19T10:23:51,254|[TRACE] graph - <------- nonSkippedSpace
2021-11-19T10:23:51,254|[TRACE] graph - <----- statementPart
2021-11-19T10:23:51,254|[TRACE] graph - -----> statementPart
2021-11-19T10:23:51,254|[TRACE] graph - -------> nonSkippedChar
2021-11-19T10:23:51,254|[TRACE] script - #out(`P`) [token]
2021-11-19T10:23:51,254|[TRACE] graph - <------- nonSkippedChar
2021-11-19T10:23:51,254|[TRACE] graph - <----- statementPart
2021-11-19T10:23:51,254|[TRACE] graph - -----> statementPart
2021-11-19T10:23:51,254|[TRACE] graph - -------> nonSkippedChar
2021-11-19T10:23:51,254|[TRACE] script - #out(`R`) [token]
2021-11-19T10:23:51,254|[TRACE] graph - <------- nonSkippedChar
2021-11-19T10:23:51,254|[TRACE] graph - <----- statementPart
2021-11-19T10:23:51,254|[TRACE] graph - -----> statementPart
2021-11-19T10:23:51,254|[TRACE] graph - -------> nonSkippedChar
2021-11-19T10:23:51,254|[TRACE] script - #out(`I`) [token]
2021-11-19T10:23:51,254|[TRACE] graph - <------- nonSkippedChar
2021-11-19T10:23:51,254|[TRACE] graph - <----- statementPart
2021-11-19T10:23:51,254|[TRACE] graph - -----> statementPart
2021-11-19T10:23:51,254|[TRACE] graph - -------> nonSkippedChar
2021-11-19T10:23:51,254|[TRACE] script - #out(`M`) [token]
2021-11-19T10:23:51,254|[TRACE] graph - <------- nonSkippedChar
2021-11-19T10:23:51,254|[TRACE] graph - <----- statementPart
2021-11-19T10:23:51,254|[TRACE] graph - -----> statementPart
2021-11-19T10:23:51,254|[TRACE] graph - -------> nonSkippedChar
2021-11-19T10:23:51,254|[TRACE] script - #out(`A`) [token]
2021-11-19T10:23:51,254|[TRACE] graph - <------- nonSkippedChar
2021-11-19T10:23:51,254|[TRACE] graph - <----- statementPart
2021-11-19T10:23:51,254|[TRACE] graph - -----> statementPart
2021-11-19T10:23:51,254|[TRACE] graph - -------> nonSkippedChar
2021-11-19T10:23:51,254|[TRACE] script - #out(`R`) [token]
2021-11-19T10:23:51,254|[TRACE] graph - <------- nonSkippedChar
2021-11-19T10:23:51,254|[TRACE] graph - <----- statementPart
2021-11-19T10:23:51,254|[TRACE] graph - -----> statementPart
2021-11-19T10:23:51,254|[TRACE] graph - -------> nonSkippedChar
2021-11-19T10:23:51,254|[TRACE] script - #out(`Y`) [token]
2021-11-19T10:23:51,254|[TRACE] graph - <------- nonSkippedChar
2021-11-19T10:23:51,254|[TRACE] graph - <----- statementPart
2021-11-19T10:23:51,254|[TRACE] graph - -----> statementPart
2021-11-19T10:23:51,254|[TRACE] graph - -------> nonSkippedSpace
2021-11-19T10:23:51,254|[TRACE] script - #out(` `) [token]
2021-11-19T10:23:51,254|[TRACE] graph - <------- nonSkippedSpace
2021-11-19T10:23:51,254|[TRACE] graph - <----- statementPart
2021-11-19T10:23:51,254|[TRACE] graph - -----> statementPart
2021-11-19T10:23:51,254|[TRACE] graph - -------> nonSkippedChar
2021-11-19T10:23:51,254|[TRACE] script - #out(`K`) [token]
2021-11-19T10:23:51,254|[TRACE] graph - <------- nonSkippedChar
2021-11-19T10:23:51,254|[TRACE] graph - <----- statementPart
2021-11-19T10:23:51,254|[TRACE] graph - -----> statementPart
2021-11-19T10:23:51,254|[TRACE] graph - -------> nonSkippedChar
2021-11-19T10:23:51,254|[TRACE] script - #out(`E`) [token]
2021-11-19T10:23:51,254|[TRACE] graph - <------- nonSkippedChar
2021-11-19T10:23:51,254|[TRACE] graph - <----- statementPart
2021-11-19T10:23:51,254|[TRACE] graph - -----> statementPart
2021-11-19T10:23:51,254|[TRACE] graph - -------> nonSkippedChar
2021-11-19T10:23:51,254|[TRACE] script - #out(`Y`) [token]
2021-11-19T10:23:51,254|[TRACE] graph - <------- nonSkippedChar
2021-11-19T10:23:51,254|[TRACE] graph - <----- statementPart
2021-11-19T10:23:51,254|[TRACE] graph - -----> statementPart
2021-11-19T10:23:51,254|[TRACE] graph - -------> nonSkippedSpace
2021-11-19T10:23:51,254|[TRACE] script - #out(` `) [token]
2021-11-19T10:23:51,254|[TRACE] graph - <------- nonSkippedSpace
2021-11-19T10:23:51,254|[TRACE] graph - <----- statementPart
2021-11-19T10:23:51,254|[TRACE] graph - -----> statementPart
2021-11-19T10:23:51,254|[TRACE] graph - -------> nonSkippedChar
2021-11-19T10:23:51,254|[TRACE] script - #out(`(`) [token]
2021-11-19T10:23:51,254|[TRACE] graph - <------- nonSkippedChar
2021-11-19T10:23:51,254|[TRACE] graph - <----- statementPart
2021-11-19T10:23:51,254|[TRACE] graph - -----> statementPart
2021-11-19T10:23:51,254|[TRACE] graph - -------> quotedString
2021-11-19T10:23:51,254|[TRACE] script - #out(``address_id``) [token]
2021-11-19T10:23:51,254|[TRACE] graph - <------- quotedString
2021-11-19T10:23:51,254|[TRACE] graph - <----- statementPart
2021-11-19T10:23:51,254|[TRACE] graph - -----> statementPart
2021-11-19T10:23:51,254|[TRACE] graph - -------> nonSkippedChar
2021-11-19T10:23:51,254|[TRACE] script - #out(`)`) [token]
2021-11-19T10:23:51,254|[TRACE] graph - <------- nonSkippedChar
2021-11-19T10:23:51,254|[TRACE] graph - <----- statementPart
2021-11-19T10:23:51,254|[TRACE] graph - -----> statementPart
2021-11-19T10:23:51,254|[TRACE] graph - -------> nonSkippedChar
2021-11-19T10:23:51,254|[TRACE] script - #out(`)`) [token]
2021-11-19T10:23:51,254|[TRACE] graph - <------- nonSkippedChar
2021-11-19T10:23:51,254|[TRACE] graph - <----- statementPart
2021-11-19T10:23:51,254|[TRACE] graph - -----> afterStatementPartNewline
2021-11-19T10:23:51,254|[TRACE] script - #out(` `) [text]
2021-11-19T10:23:51,254|[TRACE] graph - <----- afterStatementPartNewline
2021-11-19T10:23:51,254|[TRACE] graph - -----> statementPart
2021-11-19T10:23:51,254|[TRACE] graph - -------> nonSkippedChar
2021-11-19T10:23:51,254|[TRACE] script - #out(`E`) [token]
2021-11-19T10:23:51,254|[TRACE] graph - <------- nonSkippedChar
2021-11-19T10:23:51,254|[TRACE] graph - <----- statementPart
2021-11-19T10:23:51,254|[TRACE] graph - -----> statementPart
2021-11-19T10:23:51,254|[TRACE] graph - -------> nonSkippedChar
2021-11-19T10:23:51,254|[TRACE] script - #out(`N`) [token]
2021-11-19T10:23:51,254|[TRACE] graph - <------- nonSkippedChar
2021-11-19T10:23:51,254|[TRACE] graph - <----- statementPart
2021-11-19T10:23:51,254|[TRACE] graph - -----> statementPart
2021-11-19T10:23:51,254|[TRACE] graph - -------> nonSkippedChar
2021-11-19T10:23:51,254|[TRACE] script - #out(`G`) [token]
2021-11-19T10:23:51,254|[TRACE] graph - <------- nonSkippedChar
2021-11-19T10:23:51,254|[TRACE] graph - <----- statementPart
2021-11-19T10:23:51,254|[TRACE] graph - -----> statementPart
2021-11-19T10:23:51,254|[TRACE] graph - -------> nonSkippedChar
2021-11-19T10:23:51,254|[TRACE] script - #out(`I`) [token]
2021-11-19T10:23:51,254|[TRACE] graph - <------- nonSkippedChar
2021-11-19T10:23:51,254|[TRACE] graph - <----- statementPart
2021-11-19T10:23:51,254|[TRACE] graph - -----> statementPart
2021-11-19T10:23:51,254|[TRACE] graph - -------> nonSkippedChar
2021-11-19T10:23:51,254|[TRACE] script - #out(`N`) [token]
2021-11-19T10:23:51,254|[TRACE] graph - <------- nonSkippedChar
2021-11-19T10:23:51,254|[TRACE] graph - <----- statementPart
2021-11-19T10:23:51,254|[TRACE] graph - -----> statementPart
2021-11-19T10:23:51,254|[TRACE] graph - -------> nonSkippedChar
2021-11-19T10:23:51,254|[TRACE] script - #out(`E`) [token]
2021-11-19T10:23:51,254|[TRACE] graph - <------- nonSkippedChar
2021-11-19T10:23:51,254|[TRACE] graph - <----- statementPart
2021-11-19T10:23:51,254|[TRACE] graph - -----> statementPart
2021-11-19T10:23:51,254|[TRACE] graph - -------> nonSkippedSpace
2021-11-19T10:23:51,254|[TRACE] script - #out(` `) [token]
2021-11-19T10:23:51,254|[TRACE] graph - <------- nonSkippedSpace
2021-11-19T10:23:51,254|[TRACE] graph - <----- statementPart
2021-11-19T10:23:51,254|[TRACE] graph - -----> statementPart
2021-11-19T10:23:51,254|[TRACE] graph - -------> nonSkippedChar
2021-11-19T10:23:51,254|[TRACE] script - #out(`=`) [token]
2021-11-19T10:23:51,255|[TRACE] graph - <------- nonSkippedChar
2021-11-19T10:23:51,255|[TRACE] graph - <----- statementPart
2021-11-19T10:23:51,255|[TRACE] graph - -----> statementPart
2021-11-19T10:23:51,255|[TRACE] graph - -------> nonSkippedSpace
2021-11-19T10:23:51,255|[TRACE] script - #out(` `) [token]
2021-11-19T10:23:51,255|[TRACE] graph - <------- nonSkippedSpace
2021-11-19T10:23:51,255|[TRACE] graph - <----- statementPart
2021-11-19T10:23:51,255|[TRACE] graph - -----> statementPart
2021-11-19T10:23:51,255|[TRACE] graph - -------> nonSkippedChar
2021-11-19T10:23:51,255|[TRACE] script - #out(`I`) [token]
2021-11-19T10:23:51,255|[TRACE] graph - <------- nonSkippedChar
2021-11-19T10:23:51,255|[TRACE] graph - <----- statementPart
2021-11-19T10:23:51,255|[TRACE] graph - -----> statementPart
2021-11-19T10:23:51,255|[TRACE] graph - -------> nonSkippedChar
2021-11-19T10:23:51,255|[TRACE] script - #out(`n`) [token]
2021-11-19T10:23:51,255|[TRACE] graph - <------- nonSkippedChar
2021-11-19T10:23:51,255|[TRACE] graph - <----- statementPart
2021-11-19T10:23:51,255|[TRACE] graph - -----> statementPart
2021-11-19T10:23:51,255|[TRACE] graph - -------> nonSkippedChar
2021-11-19T10:23:51,255|[TRACE] script - #out(`n`) [token]
2021-11-19T10:23:51,255|[TRACE] graph - <------- nonSkippedChar
2021-11-19T10:23:51,255|[TRACE] graph - <----- statementPart
2021-11-19T10:23:51,255|[TRACE] graph - -----> statementPart
2021-11-19T10:23:51,255|[TRACE] graph - -------> nonSkippedChar
2021-11-19T10:23:51,255|[TRACE] script - #out(`o`) [token]
2021-11-19T10:23:51,255|[TRACE] graph - <------- nonSkippedChar
2021-11-19T10:23:51,255|[TRACE] graph - <----- statementPart
2021-11-19T10:23:51,255|[TRACE] graph - -----> statementPart
2021-11-19T10:23:51,255|[TRACE] graph - -------> nonSkippedChar
2021-11-19T10:23:51,255|[TRACE] script - #out(`D`) [token]
2021-11-19T10:23:51,255|[TRACE] graph - <------- nonSkippedChar
2021-11-19T10:23:51,255|[TRACE] graph - <----- statementPart
2021-11-19T10:23:51,255|[TRACE] graph - -----> statementPart
2021-11-19T10:23:51,255|[TRACE] graph - -------> nonSkippedChar
2021-11-19T10:23:51,255|[TRACE] script - #out(`B`) [token]
2021-11-19T10:23:51,255|[TRACE] graph - <------- nonSkippedChar
2021-11-19T10:23:51,255|[TRACE] graph - <----- statementPart
2021-11-19T10:23:51,255|[DEBUG] graph - Import statement : CREATE TABLE IF NOT EXISTS `bloodbank`.`address` (   `address_id` INT NOT NULL AUTO_INCREMENT,   `street_number` VARCHAR(10) NOT NULL,   `street` VARCHAR(100) NOT NULL,   `city` VARCHAR(100) NOT NULL,   `province` VARCHAR(100) NOT NULL,   `country` VARCHAR(100) NOT NULL,   `zipcode` VARCHAR(100) NOT NULL,   `created` BIGINT NOT NULL DEFAULT (unix_timestamp(now()) * 1000),   `updated` BIGINT NOT NULL DEFAULT (unix_timestamp(now()) * 1000),   `version` INT NOT NULL DEFAULT 1,   PRIMARY KEY (`address_id`)) ENGINE = InnoDB
2021-11-19T10:23:51,255|[TRACE] graph - <--- statement
2021-11-19T10:23:51,255|[TRACE] graph - ---> blankSpacesToSkip
2021-11-19T10:23:51,255|[TRACE] graph - -----> newLineToSkip
2021-11-19T10:23:51,255|[TRACE] graph - <----- newLineToSkip
2021-11-19T10:23:51,255|[TRACE] graph - -----> newLineToSkip
2021-11-19T10:23:51,255|[TRACE] graph - <----- newLineToSkip
2021-11-19T10:23:51,255|[TRACE] graph - -----> newLineToSkip
2021-11-19T10:23:51,255|[TRACE] graph - <----- newLineToSkip
2021-11-19T10:23:51,255|[TRACE] graph - -----> newLineToSkip
2021-11-19T10:23:51,255|[TRACE] graph - <----- newLineToSkip
2021-11-19T10:23:51,255|[TRACE] graph - -----> newLineToSkip
2021-11-19T10:23:51,255|[TRACE] graph - <----- newLineToSkip
2021-11-19T10:23:51,255|[TRACE] graph - -----> newLineToSkip
2021-11-19T10:23:51,255|[TRACE] graph - <----- newLineToSkip
2021-11-19T10:23:51,255|[TRACE] graph - <--- blankSpacesToSkip
2021-11-19T10:23:51,255|[TRACE] graph - ---> statement
2021-11-19T10:23:51,255|[TRACE] graph - -----> statementFirstPart
2021-11-19T10:23:51,255|[TRACE] graph - -------> nonSkippedChar
2021-11-19T10:23:51,255|[TRACE] script - #out(`C`) [token]
2021-11-19T10:23:51,255|[TRACE] graph - <------- nonSkippedChar
2021-11-19T10:23:51,255|[TRACE] graph - <----- statementFirstPart
2021-11-19T10:23:51,255|[TRACE] graph - -----> statementPart
2021-11-19T10:23:51,255|[TRACE] graph - -------> nonSkippedChar
2021-11-19T10:23:51,255|[TRACE] script - #out(`R`) [token]
2021-11-19T10:23:51,255|[TRACE] graph - <------- nonSkippedChar
2021-11-19T10:23:51,255|[TRACE] graph - <----- statementPart
2021-11-19T10:23:51,255|[TRACE] graph - -----> statementPart
2021-11-19T10:23:51,255|[TRACE] graph - -------> nonSkippedChar
2021-11-19T10:23:51,255|[TRACE] script - #out(`E`) [token]
2021-11-19T10:23:51,255|[TRACE] graph - <------- nonSkippedChar
2021-11-19T10:23:51,255|[TRACE] graph - <----- statementPart
2021-11-19T10:23:51,255|[TRACE] graph - -----> statementPart
2021-11-19T10:23:51,255|[TRACE] graph - -------> nonSkippedChar
2021-11-19T10:23:51,255|[TRACE] script - #out(`A`) [token]
2021-11-19T10:23:51,255|[TRACE] graph - <------- nonSkippedChar
2021-11-19T10:23:51,255|[TRACE] graph - <----- statementPart
2021-11-19T10:23:51,255|[TRACE] graph - -----> statementPart
2021-11-19T10:23:51,255|[TRACE] graph - -------> nonSkippedChar
2021-11-19T10:23:51,255|[TRACE] script - #out(`T`) [token]
2021-11-19T10:23:51,255|[TRACE] graph - <------- nonSkippedChar
2021-11-19T10:23:51,255|[TRACE] graph - <----- statementPart
2021-11-19T10:23:51,255|[TRACE] graph - -----> statementPart
2021-11-19T10:23:51,255|[TRACE] graph - -------> nonSkippedChar
2021-11-19T10:23:51,255|[TRACE] script - #out(`E`) [token]
2021-11-19T10:23:51,255|[TRACE] graph - <------- nonSkippedChar
2021-11-19T10:23:51,255|[TRACE] graph - <----- statementPart
2021-11-19T10:23:51,255|[TRACE] graph - -----> statementPart
2021-11-19T10:23:51,255|[TRACE] graph - -------> nonSkippedSpace
2021-11-19T10:23:51,255|[TRACE] script - #out(` `) [token]
2021-11-19T10:23:51,255|[TRACE] graph - <------- nonSkippedSpace
2021-11-19T10:23:51,255|[TRACE] graph - <----- statementPart
2021-11-19T10:23:51,255|[TRACE] graph - -----> statementPart
2021-11-19T10:23:51,255|[TRACE] graph - -------> nonSkippedChar
2021-11-19T10:23:51,255|[TRACE] script - #out(`T`) [token]
2021-11-19T10:23:51,255|[TRACE] graph - <------- nonSkippedChar
2021-11-19T10:23:51,255|[TRACE] graph - <----- statementPart
2021-11-19T10:23:51,255|[TRACE] graph - -----> statementPart
2021-11-19T10:23:51,255|[TRACE] graph - -------> nonSkippedChar
2021-11-19T10:23:51,255|[TRACE] script - #out(`A`) [token]
2021-11-19T10:23:51,255|[TRACE] graph - <------- nonSkippedChar
2021-11-19T10:23:51,255|[TRACE] graph - <----- statementPart
2021-11-19T10:23:51,255|[TRACE] graph - -----> statementPart
2021-11-19T10:23:51,255|[TRACE] graph - -------> nonSkippedChar
2021-11-19T10:23:51,255|[TRACE] script - #out(`B`) [token]
2021-11-19T10:23:51,255|[TRACE] graph - <------- nonSkippedChar
2021-11-19T10:23:51,255|[TRACE] graph - <----- statementPart
2021-11-19T10:23:51,255|[TRACE] graph - -----> statementPart
2021-11-19T10:23:51,255|[TRACE] graph - -------> nonSkippedChar
2021-11-19T10:23:51,255|[TRACE] script - #out(`L`) [token]
2021-11-19T10:23:51,255|[TRACE] graph - <------- nonSkippedChar
2021-11-19T10:23:51,255|[TRACE] graph - <----- statementPart
2021-11-19T10:23:51,255|[TRACE] graph - -----> statementPart
2021-11-19T10:23:51,255|[TRACE] graph - -------> nonSkippedChar
2021-11-19T10:23:51,255|[TRACE] script - #out(`E`) [token]
2021-11-19T10:23:51,255|[TRACE] graph - <------- nonSkippedChar
2021-11-19T10:23:51,255|[TRACE] graph - <----- statementPart
2021-11-19T10:23:51,255|[TRACE] graph - -----> statementPart
2021-11-19T10:23:51,255|[TRACE] graph - -------> nonSkippedSpace
2021-11-19T10:23:51,255|[TRACE] script - #out(` `) [token]
2021-11-19T10:23:51,255|[TRACE] graph - <------- nonSkippedSpace
2021-11-19T10:23:51,255|[TRACE] graph - <----- statementPart
2021-11-19T10:23:51,255|[TRACE] graph - -----> statementPart
2021-11-19T10:23:51,255|[TRACE] graph - -------> nonSkippedChar
2021-11-19T10:23:51,255|[TRACE] script - #out(`I`) [token]
2021-11-19T10:23:51,255|[TRACE] graph - <------- nonSkippedChar
2021-11-19T10:23:51,255|[TRACE] graph - <----- statementPart
2021-11-19T10:23:51,310|[TRACE] graph - -----> statementPart
2021-11-19T10:23:51,310|[TRACE] graph - -------> nonSkippedChar
2021-11-19T10:23:51,310|[TRACE] script - #out(`F`) [token]
2021-11-19T10:23:51,310|[TRACE] graph - <------- nonSkippedChar
2021-11-19T10:23:51,310|[TRACE] graph - <----- statementPart
2021-11-19T10:23:51,310|[TRACE] graph - -----> statementPart
2021-11-19T10:23:51,310|[TRACE] graph - -------> nonSkippedSpace
2021-11-19T10:23:51,310|[TRACE] script - #out(` `) [token]
2021-11-19T10:23:51,310|[TRACE] graph - <------- nonSkippedSpace
2021-11-19T10:23:51,310|[TRACE] graph - <----- statementPart
2021-11-19T10:23:51,310|[TRACE] graph - -----> statementPart
2021-11-19T10:23:51,310|[TRACE] graph - -------> nonSkippedChar
2021-11-19T10:23:51,310|[TRACE] script - #out(`N`) [token]
2021-11-19T10:23:51,310|[TRACE] graph - <------- nonSkippedChar
2021-11-19T10:23:51,310|[TRACE] graph - <----- statementPart
2021-11-19T10:23:51,310|[TRACE] graph - -----> statementPart
2021-11-19T10:23:51,310|[TRACE] graph - -------> nonSkippedChar
2021-11-19T10:23:51,310|[TRACE] script - #out(`O`) [token]
2021-11-19T10:23:51,310|[TRACE] graph - <------- nonSkippedChar
2021-11-19T10:23:51,310|[TRACE] graph - <----- statementPart
2021-11-19T10:23:51,310|[TRACE] graph - -----> statementPart
2021-11-19T10:23:51,310|[TRACE] graph - -------> nonSkippedChar
2021-11-19T10:23:51,310|[TRACE] script - #out(`T`) [token]
2021-11-19T10:23:51,310|[TRACE] graph - <------- nonSkippedChar
2021-11-19T10:23:51,310|[TRACE] graph - <----- statementPart
2021-11-19T10:23:51,310|[TRACE] graph - -----> statementPart
2021-11-19T10:23:51,310|[TRACE] graph - -------> nonSkippedSpace
2021-11-19T10:23:51,310|[TRACE] script - #out(` `) [token]
2021-11-19T10:23:51,310|[TRACE] graph - <------- nonSkippedSpace
2021-11-19T10:23:51,310|[TRACE] graph - <----- statementPart
2021-11-19T10:23:51,310|[TRACE] graph - -----> statementPart
2021-11-19T10:23:51,310|[TRACE] graph - -------> nonSkippedChar
2021-11-19T10:23:51,310|[TRACE] script - #out(`E`) [token]
2021-11-19T10:23:51,310|[TRACE] graph - <------- nonSkippedChar
2021-11-19T10:23:51,310|[TRACE] graph - <----- statementPart
2021-11-19T10:23:51,310|[TRACE] graph - -----> statementPart
2021-11-19T10:23:51,310|[TRACE] graph - -------> nonSkippedChar
2021-11-19T10:23:51,310|[TRACE] script - #out(`X`) [token]
2021-11-19T10:23:51,310|[TRACE] graph - <------- nonSkippedChar
2021-11-19T10:23:51,310|[TRACE] graph - <----- statementPart
2021-11-19T10:23:51,310|[TRACE] graph - -----> statementPart
2021-11-19T10:23:51,310|[TRACE] graph - -------> nonSkippedChar
2021-11-19T10:23:51,310|[TRACE] script - #out(`I`) [token]
2021-11-19T10:23:51,310|[TRACE] graph - <------- nonSkippedChar
2021-11-19T10:23:51,310|[TRACE] graph - <----- statementPart
2021-11-19T10:23:51,310|[TRACE] graph - -----> statementPart
2021-11-19T10:23:51,310|[TRACE] graph - -------> nonSkippedChar
2021-11-19T10:23:51,310|[TRACE] script - #out(`S`) [token]
2021-11-19T10:23:51,310|[TRACE] graph - <------- nonSkippedChar
2021-11-19T10:23:51,310|[TRACE] graph - <----- statementPart
2021-11-19T10:23:51,310|[TRACE] graph - -----> statementPart
2021-11-19T10:23:51,310|[TRACE] graph - -------> nonSkippedChar
2021-11-19T10:23:51,310|[TRACE] script - #out(`T`) [token]
2021-11-19T10:23:51,310|[TRACE] graph - <------- nonSkippedChar
2021-11-19T10:23:51,310|[TRACE] graph - <----- statementPart
2021-11-19T10:23:51,310|[TRACE] graph - -----> statementPart
2021-11-19T10:23:51,310|[TRACE] graph - -------> nonSkippedChar
2021-11-19T10:23:51,310|[TRACE] script - #out(`S`) [token]
2021-11-19T10:23:51,310|[TRACE] graph - <------- nonSkippedChar
2021-11-19T10:23:51,310|[TRACE] graph - <----- statementPart
2021-11-19T10:23:51,310|[TRACE] graph - -----> statementPart
2021-11-19T10:23:51,310|[TRACE] graph - -------> nonSkippedSpace
2021-11-19T10:23:51,310|[TRACE] script - #out(` `) [token]
2021-11-19T10:23:51,310|[TRACE] graph - <------- nonSkippedSpace
2021-11-19T10:23:51,310|[TRACE] graph - <----- statementPart
2021-11-19T10:23:51,310|[TRACE] graph - -----> statementPart
2021-11-19T10:23:51,310|[TRACE] graph - -------> quotedString
2021-11-19T10:23:51,310|[TRACE] script - #out(``bloodbank``) [token]
2021-11-19T10:23:51,310|[TRACE] graph - <------- quotedString
2021-11-19T10:23:51,310|[TRACE] graph - <----- statementPart
2021-11-19T10:23:51,310|[TRACE] graph - -----> statementPart
2021-11-19T10:23:51,310|[TRACE] graph - -------> nonSkippedChar
2021-11-19T10:23:51,310|[TRACE] script - #out(`.`) [token]
2021-11-19T10:23:51,310|[TRACE] graph - <------- nonSkippedChar
2021-11-19T10:23:51,310|[TRACE] graph - <----- statementPart
2021-11-19T10:23:51,310|[TRACE] graph - -----> statementPart
2021-11-19T10:23:51,310|[TRACE] graph - -------> quotedString
2021-11-19T10:23:51,310|[TRACE] script - #out(``phone``) [token]
2021-11-19T10:23:51,310|[TRACE] graph - <------- quotedString
2021-11-19T10:23:51,310|[TRACE] graph - <----- statementPart
2021-11-19T10:23:51,310|[TRACE] graph - -----> statementPart
2021-11-19T10:23:51,310|[TRACE] graph - -------> nonSkippedSpace
2021-11-19T10:23:51,310|[TRACE] script - #out(` `) [token]
2021-11-19T10:23:51,310|[TRACE] graph - <------- nonSkippedSpace
2021-11-19T10:23:51,310|[TRACE] graph - <----- statementPart
2021-11-19T10:23:51,310|[TRACE] graph - -----> statementPart
2021-11-19T10:23:51,310|[TRACE] graph - -------> nonSkippedChar
2021-11-19T10:23:51,310|[TRACE] script - #out(`(`) [token]
2021-11-19T10:23:51,310|[TRACE] graph - <------- nonSkippedChar
2021-11-19T10:23:51,310|[TRACE] graph - <----- statementPart
2021-11-19T10:23:51,310|[TRACE] graph - -----> afterStatementPartNewline
2021-11-19T10:23:51,310|[TRACE] script - #out(` `) [text]
2021-11-19T10:23:51,310|[TRACE] graph - <----- afterStatementPartNewline
2021-11-19T10:23:51,310|[TRACE] graph - -----> statementPart
2021-11-19T10:23:51,310|[TRACE] graph - -------> nonSkippedSpace
2021-11-19T10:23:51,310|[TRACE] script - #out(` `) [token]
2021-11-19T10:23:51,310|[TRACE] graph - <------- nonSkippedSpace
2021-11-19T10:23:51,310|[TRACE] graph - <----- statementPart
2021-11-19T10:23:51,310|[TRACE] graph - -----> statementPart
2021-11-19T10:23:51,310|[TRACE] graph - -------> nonSkippedSpace
2021-11-19T10:23:51,310|[TRACE] script - #out(` `) [token]
2021-11-19T10:23:51,310|[TRACE] graph - <------- nonSkippedSpace
2021-11-19T10:23:51,310|[TRACE] graph - <----- statementPart
2021-11-19T10:23:51,310|[TRACE] graph - -----> statementPart
2021-11-19T10:23:51,310|[TRACE] graph - -------> quotedString
2021-11-19T10:23:51,310|[TRACE] script - #out(``phone_id``) [token]
2021-11-19T10:23:51,310|[TRACE] graph - <------- quotedString
2021-11-19T10:23:51,310|[TRACE] graph - <----- statementPart
2021-11-19T10:23:51,310|[TRACE] graph - -----> statementPart
2021-11-19T10:23:51,310|[TRACE] graph - -------> nonSkippedSpace
2021-11-19T10:23:51,310|[TRACE] script - #out(` `) [token]
2021-11-19T10:23:51,310|[TRACE] graph - <------- nonSkippedSpace
2021-11-19T10:23:51,310|[TRACE] graph - <----- statementPart
2021-11-19T10:23:51,310|[TRACE] graph - -----> statementPart
2021-11-19T10:23:51,310|[TRACE] graph - -------> nonSkippedChar
2021-11-19T10:23:51,310|[TRACE] script - #out(`I`) [token]
2021-11-19T10:23:51,310|[TRACE] graph - <------- nonSkippedChar
2021-11-19T10:23:51,310|[TRACE] graph - <----- statementPart
2021-11-19T10:23:51,310|[TRACE] graph - -----> statementPart
2021-11-19T10:23:51,310|[TRACE] graph - -------> nonSkippedChar
2021-11-19T10:23:51,310|[TRACE] script - #out(`N`) [token]
2021-11-19T10:23:51,310|[TRACE] graph - <------- nonSkippedChar
2021-11-19T10:23:51,310|[TRACE] graph - <----- statementPart
2021-11-19T10:23:51,310|[TRACE] graph - -----> statementPart
2021-11-19T10:23:51,310|[TRACE] graph - -------> nonSkippedChar
2021-11-19T10:23:51,310|[TRACE] script - #out(`T`) [token]
2021-11-19T10:23:51,310|[TRACE] graph - <------- nonSkippedChar
2021-11-19T10:23:51,310|[TRACE] graph - <----- statementPart
2021-11-19T10:23:51,310|[TRACE] graph - -----> statementPart
2021-11-19T10:23:51,310|[TRACE] graph - -------> nonSkippedSpace
2021-11-19T10:23:51,310|[TRACE] script - #out(` `) [token]
2021-11-19T10:23:51,310|[TRACE] graph - <------- nonSkippedSpace
2021-11-19T10:23:51,310|[TRACE] graph - <----- statementPart
2021-11-19T10:23:51,310|[TRACE] graph - -----> statementPart
2021-11-19T10:23:51,310|[TRACE] graph - -------> nonSkippedChar
2021-11-19T10:23:51,310|[TRACE] script - #out(`N`) [token]
2021-11-19T10:23:51,310|[TRACE] graph - <------- nonSkippedChar
2021-11-19T10:23:51,310|[TRACE] graph - <----- statementPart
2021-11-19T10:23:51,310|[TRACE] graph - -----> statementPart
2021-11-19T10:23:51,310|[TRACE] graph - -------> nonSkippedChar
2021-11-19T10:23:51,310|[TRACE] script - #out(`O`) [token]
2021-11-19T10:23:51,310|[TRACE] graph - <------- nonSkippedChar
2021-11-19T10:23:51,310|[TRACE] graph - <----- statementPart
2021-11-19T10:23:51,310|[TRACE] graph - -----> statementPart
2021-11-19T10:23:51,310|[TRACE] graph - -------> nonSkippedChar
2021-11-19T10:23:51,310|[TRACE] script - #out(`T`) [token]
2021-11-19T10:23:51,310|[TRACE] graph - <------- nonSkippedChar
2021-11-19T10:23:51,310|[TRACE] graph - <----- statementPart
2021-11-19T10:23:51,310|[TRACE] graph - -----> statementPart
2021-11-19T10:23:51,310|[TRACE] graph - -------> nonSkippedSpace
2021-11-19T10:23:51,310|[TRACE] script - #out(` `) [token]
2021-11-19T10:23:51,310|[TRACE] graph - <------- nonSkippedSpace
2021-11-19T10:23:51,310|[TRACE] graph - <----- statementPart
2021-11-19T10:23:51,310|[TRACE] graph - -----> statementPart
2021-11-19T10:23:51,310|[TRACE] graph - -------> nonSkippedChar
2021-11-19T10:23:51,311|[TRACE] script - #out(`N`) [token]
2021-11-19T10:23:51,311|[TRACE] graph - <------- nonSkippedChar
2021-11-19T10:23:51,311|[TRACE] graph - <----- statementPart
2021-11-19T10:23:51,311|[TRACE] graph - -----> statementPart
2021-11-19T10:23:51,311|[TRACE] graph - -------> nonSkippedChar
2021-11-19T10:23:51,311|[TRACE] script - #out(`U`) [token]
2021-11-19T10:23:51,311|[TRACE] graph - <------- nonSkippedChar
2021-11-19T10:23:51,311|[TRACE] graph - <----- statementPart
2021-11-19T10:23:51,311|[TRACE] graph - -----> statementPart
2021-11-19T10:23:51,311|[TRACE] graph - -------> nonSkippedChar
2021-11-19T10:23:51,311|[TRACE] script - #out(`L`) [token]
2021-11-19T10:23:51,311|[TRACE] graph - <------- nonSkippedChar
2021-11-19T10:23:51,311|[TRACE] graph - <----- statementPart
2021-11-19T10:23:51,311|[TRACE] graph - -----> statementPart
2021-11-19T10:23:51,311|[TRACE] graph - -------> nonSkippedChar
2021-11-19T10:23:51,311|[TRACE] script - #out(`L`) [token]
2021-11-19T10:23:51,311|[TRACE] graph - <------- nonSkippedChar
2021-11-19T10:23:51,311|[TRACE] graph - <----- statementPart
2021-11-19T10:23:51,311|[TRACE] graph - -----> statementPart
2021-11-19T10:23:51,311|[TRACE] graph - -------> nonSkippedSpace
2021-11-19T10:23:51,311|[TRACE] script - #out(` `) [token]
2021-11-19T10:23:51,311|[TRACE] graph - <------- nonSkippedSpace
2021-11-19T10:23:51,311|[TRACE] graph - <----- statementPart
2021-11-19T10:23:51,311|[TRACE] graph - -----> statementPart
2021-11-19T10:23:51,311|[TRACE] graph - -------> nonSkippedChar
2021-11-19T10:23:51,311|[TRACE] script - #out(`A`) [token]
2021-11-19T10:23:51,311|[TRACE] graph - <------- nonSkippedChar
2021-11-19T10:23:51,311|[TRACE] graph - <----- statementPart
2021-11-19T10:23:51,311|[TRACE] graph - -----> statementPart
2021-11-19T10:23:51,311|[TRACE] graph - -------> nonSkippedChar
2021-11-19T10:23:51,311|[TRACE] script - #out(`U`) [token]
2021-11-19T10:23:51,311|[TRACE] graph - <------- nonSkippedChar
2021-11-19T10:23:51,311|[TRACE] graph - <----- statementPart
2021-11-19T10:23:51,311|[TRACE] graph - -----> statementPart
2021-11-19T10:23:51,311|[TRACE] graph - -------> nonSkippedChar
2021-11-19T10:23:51,311|[TRACE] script - #out(`T`) [token]
2021-11-19T10:23:51,311|[TRACE] graph - <------- nonSkippedChar
2021-11-19T10:23:51,311|[TRACE] graph - <----- statementPart
2021-11-19T10:23:51,311|[TRACE] graph - -----> statementPart
2021-11-19T10:23:51,311|[TRACE] graph - -------> nonSkippedChar
2021-11-19T10:23:51,311|[TRACE] script - #out(`O`) [token]
2021-11-19T10:23:51,311|[TRACE] graph - <------- nonSkippedChar
2021-11-19T10:23:51,311|[TRACE] graph - <----- statementPart
2021-11-19T10:23:51,311|[TRACE] graph - -----> statementPart
2021-11-19T10:23:51,311|[TRACE] graph - -------> nonSkippedChar
2021-11-19T10:23:51,311|[TRACE] script - #out(`_`) [token]
2021-11-19T10:23:51,311|[TRACE] graph - <------- nonSkippedChar
2021-11-19T10:23:51,311|[TRACE] graph - <----- statementPart
2021-11-19T10:23:51,311|[TRACE] graph - -----> statementPart
2021-11-19T10:23:51,311|[TRACE] graph - -------> nonSkippedChar
2021-11-19T10:23:51,311|[TRACE] script - #out(`I`) [token]
2021-11-19T10:23:51,311|[TRACE] graph - <------- nonSkippedChar
2021-11-19T10:23:51,311|[TRACE] graph - <----- statementPart
2021-11-19T10:23:51,311|[TRACE] graph - -----> statementPart
2021-11-19T10:23:51,311|[TRACE] graph - -------> nonSkippedChar
2021-11-19T10:23:51,311|[TRACE] script - #out(`N`) [token]
2021-11-19T10:23:51,311|[TRACE] graph - <------- nonSkippedChar
2021-11-19T10:23:51,311|[TRACE] graph - <----- statementPart
2021-11-19T10:23:51,311|[TRACE] graph - -----> statementPart
2021-11-19T10:23:51,311|[TRACE] graph - -------> nonSkippedChar
2021-11-19T10:23:51,311|[TRACE] script - #out(`C`) [token]
2021-11-19T10:23:51,311|[TRACE] graph - <------- nonSkippedChar
2021-11-19T10:23:51,311|[TRACE] graph - <----- statementPart
2021-11-19T10:23:51,311|[TRACE] graph - -----> statementPart
2021-11-19T10:23:51,311|[TRACE] graph - -------> nonSkippedChar
2021-11-19T10:23:51,311|[TRACE] script - #out(`R`) [token]
2021-11-19T10:23:51,311|[TRACE] graph - <------- nonSkippedChar
2021-11-19T10:23:51,311|[TRACE] graph - <----- statementPart
2021-11-19T10:23:51,311|[TRACE] graph - -----> statementPart
2021-11-19T10:23:51,311|[TRACE] graph - -------> nonSkippedChar
2021-11-19T10:23:51,311|[TRACE] script - #out(`E`) [token]
2021-11-19T10:23:51,311|[TRACE] graph - <------- nonSkippedChar
2021-11-19T10:23:51,311|[TRACE] graph - <----- statementPart
2021-11-19T10:23:51,311|[TRACE] graph - -----> statementPart
2021-11-19T10:23:51,311|[TRACE] graph - -------> nonSkippedChar
2021-11-19T10:23:51,311|[TRACE] script - #out(`M`) [token]
2021-11-19T10:23:51,311|[TRACE] graph - <------- nonSkippedChar
2021-11-19T10:23:51,311|[TRACE] graph - <----- statementPart
2021-11-19T10:23:51,311|[TRACE] graph - -----> statementPart
2021-11-19T10:23:51,311|[TRACE] graph - -------> nonSkippedChar
2021-11-19T10:23:51,311|[TRACE] script - #out(`E`) [token]
2021-11-19T10:23:51,311|[TRACE] graph - <------- nonSkippedChar
2021-11-19T10:23:51,311|[TRACE] graph - <----- statementPart
2021-11-19T10:23:51,311|[TRACE] graph - -----> statementPart
2021-11-19T10:23:51,311|[TRACE] graph - -------> nonSkippedChar
2021-11-19T10:23:51,311|[TRACE] script - #out(`N`) [token]
2021-11-19T10:23:51,311|[TRACE] graph - <------- nonSkippedChar
2021-11-19T10:23:51,311|[TRACE] graph - <----- statementPart
2021-11-19T10:23:51,311|[TRACE] graph - -----> statementPart
2021-11-19T10:23:51,311|[TRACE] graph - -------> nonSkippedChar
2021-11-19T10:23:51,311|[TRACE] script - #out(`T`) [token]
2021-11-19T10:23:51,311|[TRACE] graph - <------- nonSkippedChar
2021-11-19T10:23:51,311|[TRACE] graph - <----- statementPart
2021-11-19T10:23:51,311|[TRACE] graph - -----> statementPart
2021-11-19T10:23:51,311|[TRACE] graph - -------> nonSkippedChar
2021-11-19T10:23:51,311|[TRACE] script - #out(`,`) [token]
2021-11-19T10:23:51,311|[TRACE] graph - <------- nonSkippedChar
2021-11-19T10:23:51,311|[TRACE] graph - <----- statementPart
2021-11-19T10:23:51,311|[TRACE] graph - -----> afterStatementPartNewline
2021-11-19T10:23:51,311|[TRACE] script - #out(` `) [text]
2021-11-19T10:23:51,311|[TRACE] graph - <----- afterStatementPartNewline
2021-11-19T10:23:51,311|[TRACE] graph - -----> statementPart
2021-11-19T10:23:51,311|[TRACE] graph - -------> nonSkippedSpace
2021-11-19T10:23:51,311|[TRACE] script - #out(` `) [token]
2021-11-19T10:23:51,311|[TRACE] graph - <------- nonSkippedSpace
2021-11-19T10:23:51,311|[TRACE] graph - <----- statementPart
2021-11-19T10:23:51,311|[TRACE] graph - -----> statementPart
2021-11-19T10:23:51,311|[TRACE] graph - -------> nonSkippedSpace
2021-11-19T10:23:51,311|[TRACE] script - #out(` `) [token]
2021-11-19T10:23:51,311|[TRACE] graph - <------- nonSkippedSpace
2021-11-19T10:23:51,311|[TRACE] graph - <----- statementPart
2021-11-19T10:23:51,311|[TRACE] graph - -----> statementPart
2021-11-19T10:23:51,311|[TRACE] graph - -------> quotedString
2021-11-19T10:23:51,311|[TRACE] script - #out(``country_code``) [token]
2021-11-19T10:23:51,311|[TRACE] graph - <------- quotedString
2021-11-19T10:23:51,311|[TRACE] graph - <----- statementPart
2021-11-19T10:23:51,311|[TRACE] graph - -----> statementPart
2021-11-19T10:23:51,311|[TRACE] graph - -------> nonSkippedSpace
2021-11-19T10:23:51,311|[TRACE] script - #out(` `) [token]
2021-11-19T10:23:51,311|[TRACE] graph - <------- nonSkippedSpace
2021-11-19T10:23:51,311|[TRACE] graph - <----- statementPart
2021-11-19T10:23:51,311|[TRACE] graph - -----> statementPart
2021-11-19T10:23:51,311|[TRACE] graph - -------> nonSkippedChar
2021-11-19T10:23:51,311|[TRACE] script - #out(`V`) [token]
2021-11-19T10:23:51,311|[TRACE] graph - <------- nonSkippedChar
2021-11-19T10:23:51,311|[TRACE] graph - <----- statementPart
2021-11-19T10:23:51,311|[TRACE] graph - -----> statementPart
2021-11-19T10:23:51,311|[TRACE] graph - -------> nonSkippedChar
2021-11-19T10:23:51,311|[TRACE] script - #out(`A`) [token]
2021-11-19T10:23:51,311|[TRACE] graph - <------- nonSkippedChar
2021-11-19T10:23:51,311|[TRACE] graph - <----- statementPart
2021-11-19T10:23:51,311|[TRACE] graph - -----> statementPart
2021-11-19T10:23:51,311|[TRACE] graph - -------> nonSkippedChar
2021-11-19T10:23:51,311|[TRACE] script - #out(`R`) [token]
2021-11-19T10:23:51,311|[TRACE] graph - <------- nonSkippedChar
2021-11-19T10:23:51,311|[TRACE] graph - <----- statementPart
2021-11-19T10:23:51,311|[TRACE] graph - -----> statementPart
2021-11-19T10:23:51,311|[TRACE] graph - -------> nonSkippedChar
2021-11-19T10:23:51,311|[TRACE] script - #out(`C`) [token]
2021-11-19T10:23:51,311|[TRACE] graph - <------- nonSkippedChar
2021-11-19T10:23:51,311|[TRACE] graph - <----- statementPart
2021-11-19T10:23:51,311|[TRACE] graph - -----> statementPart
2021-11-19T10:23:51,311|[TRACE] graph - -------> nonSkippedChar
2021-11-19T10:23:51,311|[TRACE] script - #out(`H`) [token]
2021-11-19T10:23:51,311|[TRACE] graph - <------- nonSkippedChar
2021-11-19T10:23:51,311|[TRACE] graph - <----- statementPart
2021-11-19T10:23:51,311|[TRACE] graph - -----> statementPart
2021-11-19T10:23:51,312|[TRACE] graph - -------> nonSkippedChar
2021-11-19T10:23:51,312|[TRACE] script - #out(`A`) [token]
2021-11-19T10:23:51,312|[TRACE] graph - <------- nonSkippedChar
2021-11-19T10:23:51,312|[TRACE] graph - <----- statementPart
2021-11-19T10:23:51,312|[TRACE] graph - -----> statementPart
2021-11-19T10:23:51,312|[TRACE] graph - -------> nonSkippedChar
2021-11-19T10:23:51,312|[TRACE] script - #out(`R`) [token]
2021-11-19T10:23:51,312|[TRACE] graph - <------- nonSkippedChar
2021-11-19T10:23:51,312|[TRACE] graph - <----- statementPart
2021-11-19T10:23:51,312|[TRACE] graph - -----> statementPart
2021-11-19T10:23:51,312|[TRACE] graph - -------> nonSkippedChar
2021-11-19T10:23:51,312|[TRACE] script - #out(`(`) [token]
2021-11-19T10:23:51,312|[TRACE] graph - <------- nonSkippedChar
2021-11-19T10:23:51,312|[TRACE] graph - <----- statementPart
2021-11-19T10:23:51,312|[TRACE] graph - -----> statementPart
2021-11-19T10:23:51,312|[TRACE] graph - -------> nonSkippedChar
2021-11-19T10:23:51,312|[TRACE] script - #out(`1`) [token]
2021-11-19T10:23:51,312|[TRACE] graph - <------- nonSkippedChar
2021-11-19T10:23:51,312|[TRACE] graph - <----- statementPart
2021-11-19T10:23:51,312|[TRACE] graph - -----> statementPart
2021-11-19T10:23:51,312|[TRACE] graph - -------> nonSkippedChar
2021-11-19T10:23:51,312|[TRACE] script - #out(`0`) [token]
2021-11-19T10:23:51,312|[TRACE] graph - <------- nonSkippedChar
2021-11-19T10:23:51,312|[TRACE] graph - <----- statementPart
2021-11-19T10:23:51,312|[TRACE] graph - -----> statementPart
2021-11-19T10:23:51,312|[TRACE] graph - -------> nonSkippedChar
2021-11-19T10:23:51,312|[TRACE] script - #out(`)`) [token]
2021-11-19T10:23:51,312|[TRACE] graph - <------- nonSkippedChar
2021-11-19T10:23:51,312|[TRACE] graph - <----- statementPart
2021-11-19T10:23:51,312|[TRACE] graph - -----> statementPart
2021-11-19T10:23:51,312|[TRACE] graph - -------> nonSkippedSpace
2021-11-19T10:23:51,312|[TRACE] script - #out(` `) [token]
2021-11-19T10:23:51,312|[TRACE] graph - <------- nonSkippedSpace
2021-11-19T10:23:51,312|[TRACE] graph - <----- statementPart
2021-11-19T10:23:51,312|[TRACE] graph - -----> statementPart
2021-11-19T10:23:51,312|[TRACE] graph - -------> nonSkippedChar
2021-11-19T10:23:51,312|[TRACE] script - #out(`N`) [token]
2021-11-19T10:23:51,312|[TRACE] graph - <------- nonSkippedChar
2021-11-19T10:23:51,312|[TRACE] graph - <----- statementPart
2021-11-19T10:23:51,312|[TRACE] graph - -----> statementPart
2021-11-19T10:23:51,312|[TRACE] graph - -------> nonSkippedChar
2021-11-19T10:23:51,312|[TRACE] script - #out(`O`) [token]
2021-11-19T10:23:51,312|[TRACE] graph - <------- nonSkippedChar
2021-11-19T10:23:51,312|[TRACE] graph - <----- statementPart
2021-11-19T10:23:51,312|[TRACE] graph - -----> statementPart
2021-11-19T10:23:51,312|[TRACE] graph - -------> nonSkippedChar
2021-11-19T10:23:51,312|[TRACE] script - #out(`T`) [token]
2021-11-19T10:23:51,312|[TRACE] graph - <------- nonSkippedChar
2021-11-19T10:23:51,312|[TRACE] graph - <----- statementPart
2021-11-19T10:23:51,312|[TRACE] graph - -----> statementPart
2021-11-19T10:23:51,312|[TRACE] graph - -------> nonSkippedSpace
2021-11-19T10:23:51,312|[TRACE] script - #out(` `) [token]
2021-11-19T10:23:51,312|[TRACE] graph - <------- nonSkippedSpace
2021-11-19T10:23:51,312|[TRACE] graph - <----- statementPart
2021-11-19T10:23:51,312|[TRACE] graph - -----> statementPart
2021-11-19T10:23:51,312|[TRACE] graph - -------> nonSkippedChar
2021-11-19T10:23:51,312|[TRACE] script - #out(`N`) [token]
2021-11-19T10:23:51,312|[TRACE] graph - <------- nonSkippedChar
2021-11-19T10:23:51,312|[TRACE] graph - <----- statementPart
2021-11-19T10:23:51,312|[TRACE] graph - -----> statementPart
2021-11-19T10:23:51,312|[TRACE] graph - -------> nonSkippedChar
2021-11-19T10:23:51,312|[TRACE] script - #out(`U`) [token]
2021-11-19T10:23:51,312|[TRACE] graph - <------- nonSkippedChar
2021-11-19T10:23:51,312|[TRACE] graph - <----- statementPart
2021-11-19T10:23:51,312|[TRACE] graph - -----> statementPart
2021-11-19T10:23:51,312|[TRACE] graph - -------> nonSkippedChar
2021-11-19T10:23:51,312|[TRACE] script - #out(`L`) [token]
2021-11-19T10:23:51,312|[TRACE] graph - <------- nonSkippedChar
2021-11-19T10:23:51,312|[TRACE] graph - <----- statementPart
2021-11-19T10:23:51,312|[TRACE] graph - -----> statementPart
2021-11-19T10:23:51,312|[TRACE] graph - -------> nonSkippedChar
2021-11-19T10:23:51,312|[TRACE] script - #out(`L`) [token]
2021-11-19T10:23:51,312|[TRACE] graph - <------- nonSkippedChar
2021-11-19T10:23:51,312|[TRACE] graph - <----- statementPart
2021-11-19T10:23:51,312|[TRACE] graph - -----> statementPart
2021-11-19T10:23:51,312|[TRACE] graph - -------> nonSkippedSpace
2021-11-19T10:23:51,312|[TRACE] script - #out(` `) [token]
2021-11-19T10:23:51,312|[TRACE] graph - <------- nonSkippedSpace
2021-11-19T10:23:51,312|[TRACE] graph - <----- statementPart
2021-11-19T10:23:51,312|[TRACE] graph - -----> statementPart
2021-11-19T10:23:51,312|[TRACE] graph - -------> nonSkippedChar
2021-11-19T10:23:51,312|[TRACE] script - #out(`D`) [token]
2021-11-19T10:23:51,312|[TRACE] graph - <------- nonSkippedChar
2021-11-19T10:23:51,312|[TRACE] graph - <----- statementPart
2021-11-19T10:23:51,312|[TRACE] graph - -----> statementPart
2021-11-19T10:23:51,312|[TRACE] graph - -------> nonSkippedChar
2021-11-19T10:23:51,312|[TRACE] script - #out(`E`) [token]
2021-11-19T10:23:51,312|[TRACE] graph - <------- nonSkippedChar
2021-11-19T10:23:51,312|[TRACE] graph - <----- statementPart
2021-11-19T10:23:51,312|[TRACE] graph - -----> statementPart
2021-11-19T10:23:51,312|[TRACE] graph - -------> nonSkippedChar
2021-11-19T10:23:51,312|[TRACE] script - #out(`F`) [token]
2021-11-19T10:23:51,312|[TRACE] graph - <------- nonSkippedChar
2021-11-19T10:23:51,312|[TRACE] graph - <----- statementPart
2021-11-19T10:23:51,312|[TRACE] graph - -----> statementPart
2021-11-19T10:23:51,312|[TRACE] graph - -------> nonSkippedChar
2021-11-19T10:23:51,312|[TRACE] script - #out(`A`) [token]
2021-11-19T10:23:51,312|[TRACE] graph - <------- nonSkippedChar
2021-11-19T10:23:51,312|[TRACE] graph - <----- statementPart
2021-11-19T10:23:51,312|[TRACE] graph - -----> statementPart
2021-11-19T10:23:51,312|[TRACE] graph - -------> nonSkippedChar
2021-11-19T10:23:51,312|[TRACE] script - #out(`U`) [token]
2021-11-19T10:23:51,312|[TRACE] graph - <------- nonSkippedChar
2021-11-19T10:23:51,312|[TRACE] graph - <----- statementPart
2021-11-19T10:23:51,312|[TRACE] graph - -----> statementPart
2021-11-19T10:23:51,312|[TRACE] graph - -------> nonSkippedChar
2021-11-19T10:23:51,312|[TRACE] script - #out(`L`) [token]
2021-11-19T10:23:51,312|[TRACE] graph - <------- nonSkippedChar
2021-11-19T10:23:51,312|[TRACE] graph - <----- statementPart
2021-11-19T10:23:51,312|[TRACE] graph - -----> statementPart
2021-11-19T10:23:51,312|[TRACE] graph - -------> nonSkippedChar
2021-11-19T10:23:51,312|[TRACE] script - #out(`T`) [token]
2021-11-19T10:23:51,312|[TRACE] graph - <------- nonSkippedChar
2021-11-19T10:23:51,312|[TRACE] graph - <----- statementPart
2021-11-19T10:23:51,312|[TRACE] graph - -----> statementPart
2021-11-19T10:23:51,312|[TRACE] graph - -------> nonSkippedSpace
2021-11-19T10:23:51,312|[TRACE] script - #out(` `) [token]
2021-11-19T10:23:51,312|[TRACE] graph - <------- nonSkippedSpace
2021-11-19T10:23:51,312|[TRACE] graph - <----- statementPart
2021-11-19T10:23:51,312|[TRACE] graph - -----> statementPart
2021-11-19T10:23:51,312|[TRACE] graph - -------> quotedString
2021-11-19T10:23:51,312|[TRACE] script - #out(`'1'`) [token]
2021-11-19T10:23:51,312|[TRACE] graph - <------- quotedString
2021-11-19T10:23:51,312|[TRACE] graph - <----- statementPart
2021-11-19T10:23:51,312|[TRACE] graph - -----> statementPart
2021-11-19T10:23:51,312|[TRACE] graph - -------> nonSkippedChar
2021-11-19T10:23:51,312|[TRACE] script - #out(`,`) [token]
2021-11-19T10:23:51,312|[TRACE] graph - <------- nonSkippedChar
2021-11-19T10:23:51,312|[TRACE] graph - <----- statementPart
2021-11-19T10:23:51,312|[TRACE] graph - -----> afterStatementPartNewline
2021-11-19T10:23:51,312|[TRACE] script - #out(` `) [text]
2021-11-19T10:23:51,312|[TRACE] graph - <----- afterStatementPartNewline
2021-11-19T10:23:51,312|[TRACE] graph - -----> statementPart
2021-11-19T10:23:51,312|[TRACE] graph - -------> nonSkippedSpace
2021-11-19T10:23:51,312|[TRACE] script - #out(` `) [token]
2021-11-19T10:23:51,312|[TRACE] graph - <------- nonSkippedSpace
2021-11-19T10:23:51,312|[TRACE] graph - <----- statementPart
2021-11-19T10:23:51,312|[TRACE] graph - -----> statementPart
2021-11-19T10:23:51,312|[TRACE] graph - -------> nonSkippedSpace
2021-11-19T10:23:51,312|[TRACE] script - #out(` `) [token]
2021-11-19T10:23:51,312|[TRACE] graph - <------- nonSkippedSpace
2021-11-19T10:23:51,312|[TRACE] graph - <----- statementPart
2021-11-19T10:23:51,312|[TRACE] graph - -----> statementPart
2021-11-19T10:23:51,312|[TRACE] graph - -------> quotedString
2021-11-19T10:23:51,312|[TRACE] script - #out(``area_code``) [token]
2021-11-19T10:23:51,312|[TRACE] graph - <------- quotedString
2021-11-19T10:23:51,312|[TRACE] graph - <----- statementPart
2021-11-19T10:23:51,312|[TRACE] graph - -----> statementPart
2021-11-19T10:23:51,313|[TRACE] graph - -------> nonSkippedSpace
2021-11-19T10:23:51,313|[TRACE] script - #out(` `) [token]
2021-11-19T10:23:51,313|[TRACE] graph - <------- nonSkippedSpace
2021-11-19T10:23:51,313|[TRACE] graph - <----- statementPart
2021-11-19T10:23:51,313|[TRACE] graph - -----> statementPart
2021-11-19T10:23:51,313|[TRACE] graph - -------> nonSkippedChar
2021-11-19T10:23:51,313|[TRACE] script - #out(`V`) [token]
2021-11-19T10:23:51,313|[TRACE] graph - <------- nonSkippedChar
2021-11-19T10:23:51,313|[TRACE] graph - <----- statementPart
2021-11-19T10:23:51,313|[TRACE] graph - -----> statementPart
2021-11-19T10:23:51,313|[TRACE] graph - -------> nonSkippedChar
2021-11-19T10:23:51,313|[TRACE] script - #out(`A`) [token]
2021-11-19T10:23:51,313|[TRACE] graph - <------- nonSkippedChar
2021-11-19T10:23:51,313|[TRACE] graph - <----- statementPart
2021-11-19T10:23:51,365|[TRACE] graph - -----> statementPart
2021-11-19T10:23:51,365|[TRACE] graph - -------> nonSkippedChar
2021-11-19T10:23:51,365|[TRACE] script - #out(`R`) [token]
2021-11-19T10:23:51,365|[TRACE] graph - <------- nonSkippedChar
2021-11-19T10:23:51,365|[TRACE] graph - <----- statementPart
2021-11-19T10:23:51,365|[TRACE] graph - -----> statementPart
2021-11-19T10:23:51,365|[TRACE] graph - -------> nonSkippedChar
2021-11-19T10:23:51,365|[TRACE] script - #out(`C`) [token]
2021-11-19T10:23:51,365|[TRACE] graph - <------- nonSkippedChar
2021-11-19T10:23:51,366|[TRACE] graph - <----- statementPart
2021-11-19T10:23:51,366|[TRACE] graph - -----> statementPart
2021-11-19T10:23:51,366|[TRACE] graph - -------> nonSkippedChar
2021-11-19T10:23:51,366|[TRACE] script - #out(`H`) [token]
2021-11-19T10:23:51,366|[TRACE] graph - <------- nonSkippedChar
2021-11-19T10:23:51,366|[TRACE] graph - <----- statementPart
2021-11-19T10:23:51,366|[TRACE] graph - -----> statementPart
2021-11-19T10:23:51,366|[TRACE] graph - -------> nonSkippedChar
2021-11-19T10:23:51,366|[TRACE] script - #out(`A`) [token]
2021-11-19T10:23:51,366|[TRACE] graph - <------- nonSkippedChar
2021-11-19T10:23:51,366|[TRACE] graph - <----- statementPart
2021-11-19T10:23:51,366|[TRACE] graph - -----> statementPart
2021-11-19T10:23:51,366|[TRACE] graph - -------> nonSkippedChar
2021-11-19T10:23:51,366|[TRACE] script - #out(`R`) [token]
2021-11-19T10:23:51,366|[TRACE] graph - <------- nonSkippedChar
2021-11-19T10:23:51,366|[TRACE] graph - <----- statementPart
2021-11-19T10:23:51,366|[TRACE] graph - -----> statementPart
2021-11-19T10:23:51,366|[TRACE] graph - -------> nonSkippedChar
2021-11-19T10:23:51,366|[TRACE] script - #out(`(`) [token]
2021-11-19T10:23:51,366|[TRACE] graph - <------- nonSkippedChar
2021-11-19T10:23:51,366|[TRACE] graph - <----- statementPart
2021-11-19T10:23:51,366|[TRACE] graph - -----> statementPart
2021-11-19T10:23:51,366|[TRACE] graph - -------> nonSkippedChar
2021-11-19T10:23:51,366|[TRACE] script - #out(`1`) [token]
2021-11-19T10:23:51,366|[TRACE] graph - <------- nonSkippedChar
2021-11-19T10:23:51,366|[TRACE] graph - <----- statementPart
2021-11-19T10:23:51,366|[TRACE] graph - -----> statementPart
2021-11-19T10:23:51,366|[TRACE] graph - -------> nonSkippedChar
2021-11-19T10:23:51,366|[TRACE] script - #out(`0`) [token]
2021-11-19T10:23:51,366|[TRACE] graph - <------- nonSkippedChar
2021-11-19T10:23:51,366|[TRACE] graph - <----- statementPart
2021-11-19T10:23:51,366|[TRACE] graph - -----> statementPart
2021-11-19T10:23:51,366|[TRACE] graph - -------> nonSkippedChar
2021-11-19T10:23:51,366|[TRACE] script - #out(`)`) [token]
2021-11-19T10:23:51,366|[TRACE] graph - <------- nonSkippedChar
2021-11-19T10:23:51,366|[TRACE] graph - <----- statementPart
2021-11-19T10:23:51,366|[TRACE] graph - -----> statementPart
2021-11-19T10:23:51,366|[TRACE] graph - -------> nonSkippedSpace
2021-11-19T10:23:51,366|[TRACE] script - #out(` `) [token]
2021-11-19T10:23:51,366|[TRACE] graph - <------- nonSkippedSpace
2021-11-19T10:23:51,366|[TRACE] graph - <----- statementPart
2021-11-19T10:23:51,366|[TRACE] graph - -----> statementPart
2021-11-19T10:23:51,366|[TRACE] graph - -------> nonSkippedChar
2021-11-19T10:23:51,366|[TRACE] script - #out(`N`) [token]
2021-11-19T10:23:51,366|[TRACE] graph - <------- nonSkippedChar
2021-11-19T10:23:51,366|[TRACE] graph - <----- statementPart
2021-11-19T10:23:51,366|[TRACE] graph - -----> statementPart
2021-11-19T10:23:51,366|[TRACE] graph - -------> nonSkippedChar
2021-11-19T10:23:51,366|[TRACE] script - #out(`O`) [token]
2021-11-19T10:23:51,366|[TRACE] graph - <------- nonSkippedChar
2021-11-19T10:23:51,366|[TRACE] graph - <----- statementPart
2021-11-19T10:23:51,366|[TRACE] graph - -----> statementPart
2021-11-19T10:23:51,366|[TRACE] graph - -------> nonSkippedChar
2021-11-19T10:23:51,366|[TRACE] script - #out(`T`) [token]
2021-11-19T10:23:51,366|[TRACE] graph - <------- nonSkippedChar
2021-11-19T10:23:51,366|[TRACE] graph - <----- statementPart
2021-11-19T10:23:51,366|[TRACE] graph - -----> statementPart
2021-11-19T10:23:51,366|[TRACE] graph - -------> nonSkippedSpace
2021-11-19T10:23:51,366|[TRACE] script - #out(` `) [token]
2021-11-19T10:23:51,366|[TRACE] graph - <------- nonSkippedSpace
2021-11-19T10:23:51,366|[TRACE] graph - <----- statementPart
2021-11-19T10:23:51,366|[TRACE] graph - -----> statementPart
2021-11-19T10:23:51,366|[TRACE] graph - -------> nonSkippedChar
2021-11-19T10:23:51,366|[TRACE] script - #out(`N`) [token]
2021-11-19T10:23:51,366|[TRACE] graph - <------- nonSkippedChar
2021-11-19T10:23:51,366|[TRACE] graph - <----- statementPart
2021-11-19T10:23:51,366|[TRACE] graph - -----> statementPart
2021-11-19T10:23:51,366|[TRACE] graph - -------> nonSkippedChar
2021-11-19T10:23:51,366|[TRACE] script - #out(`U`) [token]
2021-11-19T10:23:51,366|[TRACE] graph - <------- nonSkippedChar
2021-11-19T10:23:51,366|[TRACE] graph - <----- statementPart
2021-11-19T10:23:51,366|[TRACE] graph - -----> statementPart
2021-11-19T10:23:51,366|[TRACE] graph - -------> nonSkippedChar
2021-11-19T10:23:51,366|[TRACE] script - #out(`L`) [token]
2021-11-19T10:23:51,366|[TRACE] graph - <------- nonSkippedChar
2021-11-19T10:23:51,366|[TRACE] graph - <----- statementPart
2021-11-19T10:23:51,366|[TRACE] graph - -----> statementPart
2021-11-19T10:23:51,366|[TRACE] graph - -------> nonSkippedChar
2021-11-19T10:23:51,366|[TRACE] script - #out(`L`) [token]
2021-11-19T10:23:51,366|[TRACE] graph - <------- nonSkippedChar
2021-11-19T10:23:51,366|[TRACE] graph - <----- statementPart
2021-11-19T10:23:51,366|[TRACE] graph - -----> statementPart
2021-11-19T10:23:51,366|[TRACE] graph - -------> nonSkippedChar
2021-11-19T10:23:51,366|[TRACE] script - #out(`,`) [token]
2021-11-19T10:23:51,366|[TRACE] graph - <------- nonSkippedChar
2021-11-19T10:23:51,366|[TRACE] graph - <----- statementPart
2021-11-19T10:23:51,366|[TRACE] graph - -----> afterStatementPartNewline
2021-11-19T10:23:51,366|[TRACE] script - #out(` `) [text]
2021-11-19T10:23:51,366|[TRACE] graph - <----- afterStatementPartNewline
2021-11-19T10:23:51,366|[TRACE] graph - -----> statementPart
2021-11-19T10:23:51,366|[TRACE] graph - -------> nonSkippedSpace
2021-11-19T10:23:51,366|[TRACE] script - #out(` `) [token]
2021-11-19T10:23:51,366|[TRACE] graph - <------- nonSkippedSpace
2021-11-19T10:23:51,366|[TRACE] graph - <----- statementPart
2021-11-19T10:23:51,366|[TRACE] graph - -----> statementPart
2021-11-19T10:23:51,366|[TRACE] graph - -------> nonSkippedSpace
2021-11-19T10:23:51,366|[TRACE] script - #out(` `) [token]
2021-11-19T10:23:51,366|[TRACE] graph - <------- nonSkippedSpace
2021-11-19T10:23:51,366|[TRACE] graph - <----- statementPart
2021-11-19T10:23:51,366|[TRACE] graph - -----> statementPart
2021-11-19T10:23:51,366|[TRACE] graph - -------> quotedString
2021-11-19T10:23:51,366|[TRACE] script - #out(``number``) [token]
2021-11-19T10:23:51,366|[TRACE] graph - <------- quotedString
2021-11-19T10:23:51,366|[TRACE] graph - <----- statementPart
2021-11-19T10:23:51,366|[TRACE] graph - -----> statementPart
2021-11-19T10:23:51,366|[TRACE] graph - -------> nonSkippedSpace
2021-11-19T10:23:51,366|[TRACE] script - #out(` `) [token]
2021-11-19T10:23:51,366|[TRACE] graph - <------- nonSkippedSpace
2021-11-19T10:23:51,366|[TRACE] graph - <----- statementPart
2021-11-19T10:23:51,366|[TRACE] graph - -----> statementPart
2021-11-19T10:23:51,366|[TRACE] graph - -------> nonSkippedChar
2021-11-19T10:23:51,366|[TRACE] script - #out(`V`) [token]
2021-11-19T10:23:51,366|[TRACE] graph - <------- nonSkippedChar
2021-11-19T10:23:51,366|[TRACE] graph - <----- statementPart
2021-11-19T10:23:51,366|[TRACE] graph - -----> statementPart
2021-11-19T10:23:51,366|[TRACE] graph - -------> nonSkippedChar
2021-11-19T10:23:51,366|[TRACE] script - #out(`A`) [token]
2021-11-19T10:23:51,366|[TRACE] graph - <------- nonSkippedChar
2021-11-19T10:23:51,366|[TRACE] graph - <----- statementPart
2021-11-19T10:23:51,366|[TRACE] graph - -----> statementPart
2021-11-19T10:23:51,366|[TRACE] graph - -------> nonSkippedChar
2021-11-19T10:23:51,366|[TRACE] script - #out(`R`) [token]
2021-11-19T10:23:51,366|[TRACE] graph - <------- nonSkippedChar
2021-11-19T10:23:51,366|[TRACE] graph - <----- statementPart
2021-11-19T10:23:51,366|[TRACE] graph - -----> statementPart
2021-11-19T10:23:51,366|[TRACE] graph - -------> nonSkippedChar
2021-11-19T10:23:51,366|[TRACE] script - #out(`C`) [token]
2021-11-19T10:23:51,366|[TRACE] graph - <------- nonSkippedChar
2021-11-19T10:23:51,366|[TRACE] graph - <----- statementPart
2021-11-19T10:23:51,366|[TRACE] graph - -----> statementPart
2021-11-19T10:23:51,366|[TRACE] graph - -------> nonSkippedChar
2021-11-19T10:23:51,366|[TRACE] script - #out(`H`) [token]
2021-11-19T10:23:51,366|[TRACE] graph - <------- nonSkippedChar
2021-11-19T10:23:51,366|[TRACE] graph - <----- statementPart
2021-11-19T10:23:51,366|[TRACE] graph - -----> statementPart
2021-11-19T10:23:51,367|[TRACE] graph - -------> nonSkippedChar
2021-11-19T10:23:51,367|[TRACE] script - #out(`A`) [token]
2021-11-19T10:23:51,367|[TRACE] graph - <------- nonSkippedChar
2021-11-19T10:23:51,367|[TRACE] graph - <----- statementPart
2021-11-19T10:23:51,367|[TRACE] graph - -----> statementPart
2021-11-19T10:23:51,367|[TRACE] graph - -------> nonSkippedChar
2021-11-19T10:23:51,367|[TRACE] script - #out(`R`) [token]
2021-11-19T10:23:51,367|[TRACE] graph - <------- nonSkippedChar
2021-11-19T10:23:51,367|[TRACE] graph - <----- statementPart
2021-11-19T10:23:51,367|[TRACE] graph - -----> statementPart
2021-11-19T10:23:51,367|[TRACE] graph - -------> nonSkippedChar
2021-11-19T10:23:51,367|[TRACE] script - #out(`(`) [token]
2021-11-19T10:23:51,367|[TRACE] graph - <------- nonSkippedChar
2021-11-19T10:23:51,367|[TRACE] graph - <----- statementPart
2021-11-19T10:23:51,367|[TRACE] graph - -----> statementPart
2021-11-19T10:23:51,367|[TRACE] graph - -------> nonSkippedChar
2021-11-19T10:23:51,367|[TRACE] script - #out(`1`) [token]
2021-11-19T10:23:51,367|[TRACE] graph - <------- nonSkippedChar
2021-11-19T10:23:51,367|[TRACE] graph - <----- statementPart
2021-11-19T10:23:51,367|[TRACE] graph - -----> statementPart
2021-11-19T10:23:51,367|[TRACE] graph - -------> nonSkippedChar
2021-11-19T10:23:51,367|[TRACE] script - #out(`0`) [token]
2021-11-19T10:23:51,367|[TRACE] graph - <------- nonSkippedChar
2021-11-19T10:23:51,367|[TRACE] graph - <----- statementPart
2021-11-19T10:23:51,367|[TRACE] graph - -----> statementPart
2021-11-19T10:23:51,367|[TRACE] graph - -------> nonSkippedChar
2021-11-19T10:23:51,367|[TRACE] script - #out(`)`) [token]
2021-11-19T10:23:51,367|[TRACE] graph - <------- nonSkippedChar
2021-11-19T10:23:51,367|[TRACE] graph - <----- statementPart
2021-11-19T10:23:51,367|[TRACE] graph - -----> statementPart
2021-11-19T10:23:51,367|[TRACE] graph - -------> nonSkippedSpace
2021-11-19T10:23:51,367|[TRACE] script - #out(` `) [token]
2021-11-19T10:23:51,367|[TRACE] graph - <------- nonSkippedSpace
2021-11-19T10:23:51,367|[TRACE] graph - <----- statementPart
2021-11-19T10:23:51,367|[TRACE] graph - -----> statementPart
2021-11-19T10:23:51,367|[TRACE] graph - -------> nonSkippedChar
2021-11-19T10:23:51,367|[TRACE] script - #out(`N`) [token]
2021-11-19T10:23:51,367|[TRACE] graph - <------- nonSkippedChar
2021-11-19T10:23:51,367|[TRACE] graph - <----- statementPart
2021-11-19T10:23:51,367|[TRACE] graph - -----> statementPart
2021-11-19T10:23:51,367|[TRACE] graph - -------> nonSkippedChar
2021-11-19T10:23:51,367|[TRACE] script - #out(`O`) [token]
2021-11-19T10:23:51,367|[TRACE] graph - <------- nonSkippedChar
2021-11-19T10:23:51,367|[TRACE] graph - <----- statementPart
2021-11-19T10:23:51,367|[TRACE] graph - -----> statementPart
2021-11-19T10:23:51,367|[TRACE] graph - -------> nonSkippedChar
2021-11-19T10:23:51,367|[TRACE] script - #out(`T`) [token]
2021-11-19T10:23:51,367|[TRACE] graph - <------- nonSkippedChar
2021-11-19T10:23:51,367|[TRACE] graph - <----- statementPart
2021-11-19T10:23:51,367|[TRACE] graph - -----> statementPart
2021-11-19T10:23:51,367|[TRACE] graph - -------> nonSkippedSpace
2021-11-19T10:23:51,367|[TRACE] script - #out(` `) [token]
2021-11-19T10:23:51,367|[TRACE] graph - <------- nonSkippedSpace
2021-11-19T10:23:51,367|[TRACE] graph - <----- statementPart
2021-11-19T10:23:51,367|[TRACE] graph - -----> statementPart
2021-11-19T10:23:51,367|[TRACE] graph - -------> nonSkippedChar
2021-11-19T10:23:51,367|[TRACE] script - #out(`N`) [token]
2021-11-19T10:23:51,367|[TRACE] graph - <------- nonSkippedChar
2021-11-19T10:23:51,367|[TRACE] graph - <----- statementPart
2021-11-19T10:23:51,367|[TRACE] graph - -----> statementPart
2021-11-19T10:23:51,367|[TRACE] graph - -------> nonSkippedChar
2021-11-19T10:23:51,367|[TRACE] script - #out(`U`) [token]
2021-11-19T10:23:51,367|[TRACE] graph - <------- nonSkippedChar
2021-11-19T10:23:51,367|[TRACE] graph - <----- statementPart
2021-11-19T10:23:51,367|[TRACE] graph - -----> statementPart
2021-11-19T10:23:51,367|[TRACE] graph - -------> nonSkippedChar
2021-11-19T10:23:51,367|[TRACE] script - #out(`L`) [token]
2021-11-19T10:23:51,367|[TRACE] graph - <------- nonSkippedChar
2021-11-19T10:23:51,367|[TRACE] graph - <----- statementPart
2021-11-19T10:23:51,367|[TRACE] graph - -----> statementPart
2021-11-19T10:23:51,367|[TRACE] graph - -------> nonSkippedChar
2021-11-19T10:23:51,367|[TRACE] script - #out(`L`) [token]
2021-11-19T10:23:51,367|[TRACE] graph - <------- nonSkippedChar
2021-11-19T10:23:51,367|[TRACE] graph - <----- statementPart
2021-11-19T10:23:51,367|[TRACE] graph - -----> statementPart
2021-11-19T10:23:51,367|[TRACE] graph - -------> nonSkippedChar
2021-11-19T10:23:51,367|[TRACE] script - #out(`,`) [token]
2021-11-19T10:23:51,367|[TRACE] graph - <------- nonSkippedChar
2021-11-19T10:23:51,367|[TRACE] graph - <----- statementPart
2021-11-19T10:23:51,367|[TRACE] graph - -----> afterStatementPartNewline
2021-11-19T10:23:51,367|[TRACE] script - #out(` `) [text]
2021-11-19T10:23:51,367|[TRACE] graph - <----- afterStatementPartNewline
2021-11-19T10:23:51,367|[TRACE] graph - -----> statementPart
2021-11-19T10:23:51,367|[TRACE] graph - -------> nonSkippedSpace
2021-11-19T10:23:51,367|[TRACE] script - #out(` `) [token]
2021-11-19T10:23:51,367|[TRACE] graph - <------- nonSkippedSpace
2021-11-19T10:23:51,367|[TRACE] graph - <----- statementPart
2021-11-19T10:23:51,367|[TRACE] graph - -----> statementPart
2021-11-19T10:23:51,367|[TRACE] graph - -------> nonSkippedSpace
2021-11-19T10:23:51,367|[TRACE] script - #out(` `) [token]
2021-11-19T10:23:51,367|[TRACE] graph - <------- nonSkippedSpace
2021-11-19T10:23:51,367|[TRACE] graph - <----- statementPart
2021-11-19T10:23:51,367|[TRACE] graph - -----> statementPart
2021-11-19T10:23:51,367|[TRACE] graph - -------> quotedString
2021-11-19T10:23:51,367|[TRACE] script - #out(``created``) [token]
2021-11-19T10:23:51,367|[TRACE] graph - <------- quotedString
2021-11-19T10:23:51,367|[TRACE] graph - <----- statementPart
2021-11-19T10:23:51,367|[TRACE] graph - -----> statementPart
2021-11-19T10:23:51,367|[TRACE] graph - -------> nonSkippedSpace
2021-11-19T10:23:51,367|[TRACE] script - #out(` `) [token]
2021-11-19T10:23:51,367|[TRACE] graph - <------- nonSkippedSpace
2021-11-19T10:23:51,367|[TRACE] graph - <----- statementPart
2021-11-19T10:23:51,367|[TRACE] graph - -----> statementPart
2021-11-19T10:23:51,367|[TRACE] graph - -------> nonSkippedChar
2021-11-19T10:23:51,367|[TRACE] script - #out(`B`) [token]
2021-11-19T10:23:51,367|[TRACE] graph - <------- nonSkippedChar
2021-11-19T10:23:51,367|[TRACE] graph - <----- statementPart
2021-11-19T10:23:51,367|[TRACE] graph - -----> statementPart
2021-11-19T10:23:51,367|[TRACE] graph - -------> nonSkippedChar
2021-11-19T10:23:51,367|[TRACE] script - #out(`I`) [token]
2021-11-19T10:23:51,367|[TRACE] graph - <------- nonSkippedChar
2021-11-19T10:23:51,367|[TRACE] graph - <----- statementPart
2021-11-19T10:23:51,367|[TRACE] graph - -----> statementPart
2021-11-19T10:23:51,367|[TRACE] graph - -------> nonSkippedChar
2021-11-19T10:23:51,367|[TRACE] script - #out(`G`) [token]
2021-11-19T10:23:51,367|[TRACE] graph - <------- nonSkippedChar
2021-11-19T10:23:51,367|[TRACE] graph - <----- statementPart
2021-11-19T10:23:51,367|[TRACE] graph - -----> statementPart
2021-11-19T10:23:51,367|[TRACE] graph - -------> nonSkippedChar
2021-11-19T10:23:51,367|[TRACE] script - #out(`I`) [token]
2021-11-19T10:23:51,367|[TRACE] graph - <------- nonSkippedChar
2021-11-19T10:23:51,367|[TRACE] graph - <----- statementPart
2021-11-19T10:23:51,367|[TRACE] graph - -----> statementPart
2021-11-19T10:23:51,367|[TRACE] graph - -------> nonSkippedChar
2021-11-19T10:23:51,367|[TRACE] script - #out(`N`) [token]
2021-11-19T10:23:51,367|[TRACE] graph - <------- nonSkippedChar
2021-11-19T10:23:51,367|[TRACE] graph - <----- statementPart
2021-11-19T10:23:51,367|[TRACE] graph - -----> statementPart
2021-11-19T10:23:51,367|[TRACE] graph - -------> nonSkippedChar
2021-11-19T10:23:51,367|[TRACE] script - #out(`T`) [token]
2021-11-19T10:23:51,367|[TRACE] graph - <------- nonSkippedChar
2021-11-19T10:23:51,367|[TRACE] graph - <----- statementPart
2021-11-19T10:23:51,367|[TRACE] graph - -----> statementPart
2021-11-19T10:23:51,367|[TRACE] graph - -------> nonSkippedSpace
2021-11-19T10:23:51,367|[TRACE] script - #out(` `) [token]
2021-11-19T10:23:51,367|[TRACE] graph - <------- nonSkippedSpace
2021-11-19T10:23:51,367|[TRACE] graph - <----- statementPart
2021-11-19T10:23:51,367|[TRACE] graph - -----> statementPart
2021-11-19T10:23:51,367|[TRACE] graph - -------> nonSkippedChar
2021-11-19T10:23:51,368|[TRACE] script - #out(`N`) [token]
2021-11-19T10:23:51,368|[TRACE] graph - <------- nonSkippedChar
2021-11-19T10:23:51,368|[TRACE] graph - <----- statementPart
2021-11-19T10:23:51,368|[TRACE] graph - -----> statementPart
2021-11-19T10:23:51,368|[TRACE] graph - -------> nonSkippedChar
2021-11-19T10:23:51,368|[TRACE] script - #out(`O`) [token]
2021-11-19T10:23:51,368|[TRACE] graph - <------- nonSkippedChar
2021-11-19T10:23:51,368|[TRACE] graph - <----- statementPart
2021-11-19T10:23:51,368|[TRACE] graph - -----> statementPart
2021-11-19T10:23:51,368|[TRACE] graph - -------> nonSkippedChar
2021-11-19T10:23:51,368|[TRACE] script - #out(`T`) [token]
2021-11-19T10:23:51,368|[TRACE] graph - <------- nonSkippedChar
2021-11-19T10:23:51,368|[TRACE] graph - <----- statementPart
2021-11-19T10:23:51,368|[TRACE] graph - -----> statementPart
2021-11-19T10:23:51,368|[TRACE] graph - -------> nonSkippedSpace
2021-11-19T10:23:51,368|[TRACE] script - #out(` `) [token]
2021-11-19T10:23:51,368|[TRACE] graph - <------- nonSkippedSpace
2021-11-19T10:23:51,368|[TRACE] graph - <----- statementPart
2021-11-19T10:23:51,368|[TRACE] graph - -----> statementPart
2021-11-19T10:23:51,368|[TRACE] graph - -------> nonSkippedChar
2021-11-19T10:23:51,368|[TRACE] script - #out(`N`) [token]
2021-11-19T10:23:51,368|[TRACE] graph - <------- nonSkippedChar
2021-11-19T10:23:51,368|[TRACE] graph - <----- statementPart
2021-11-19T10:23:51,368|[TRACE] graph - -----> statementPart
2021-11-19T10:23:51,368|[TRACE] graph - -------> nonSkippedChar
2021-11-19T10:23:51,368|[TRACE] script - #out(`U`) [token]
2021-11-19T10:23:51,368|[TRACE] graph - <------- nonSkippedChar
2021-11-19T10:23:51,368|[TRACE] graph - <----- statementPart
2021-11-19T10:23:51,368|[TRACE] graph - -----> statementPart
2021-11-19T10:23:51,368|[TRACE] graph - -------> nonSkippedChar
2021-11-19T10:23:51,368|[TRACE] script - #out(`L`) [token]
2021-11-19T10:23:51,368|[TRACE] graph - <------- nonSkippedChar
2021-11-19T10:23:51,368|[TRACE] graph - <----- statementPart
2021-11-19T10:23:51,368|[TRACE] graph - -----> statementPart
2021-11-19T10:23:51,368|[TRACE] graph - -------> nonSkippedChar
2021-11-19T10:23:51,368|[TRACE] script - #out(`L`) [token]
2021-11-19T10:23:51,368|[TRACE] graph - <------- nonSkippedChar
2021-11-19T10:23:51,368|[TRACE] graph - <----- statementPart
2021-11-19T10:23:51,368|[TRACE] graph - -----> statementPart
2021-11-19T10:23:51,368|[TRACE] graph - -------> nonSkippedSpace
2021-11-19T10:23:51,368|[TRACE] script - #out(` `) [token]
2021-11-19T10:23:51,368|[TRACE] graph - <------- nonSkippedSpace
2021-11-19T10:23:51,368|[TRACE] graph - <----- statementPart
2021-11-19T10:23:51,368|[TRACE] graph - -----> statementPart
2021-11-19T10:23:51,368|[TRACE] graph - -------> nonSkippedChar
2021-11-19T10:23:51,368|[TRACE] script - #out(`D`) [token]
2021-11-19T10:23:51,368|[TRACE] graph - <------- nonSkippedChar
2021-11-19T10:23:51,368|[TRACE] graph - <----- statementPart
2021-11-19T10:23:51,368|[TRACE] graph - -----> statementPart
2021-11-19T10:23:51,368|[TRACE] graph - -------> nonSkippedChar
2021-11-19T10:23:51,368|[TRACE] script - #out(`E`) [token]
2021-11-19T10:23:51,368|[TRACE] graph - <------- nonSkippedChar
2021-11-19T10:23:51,368|[TRACE] graph - <----- statementPart
2021-11-19T10:23:51,368|[TRACE] graph - -----> statementPart
2021-11-19T10:23:51,368|[TRACE] graph - -------> nonSkippedChar
2021-11-19T10:23:51,368|[TRACE] script - #out(`F`) [token]
2021-11-19T10:23:51,368|[TRACE] graph - <------- nonSkippedChar
2021-11-19T10:23:51,368|[TRACE] graph - <----- statementPart
2021-11-19T10:23:51,368|[TRACE] graph - -----> statementPart
2021-11-19T10:23:51,368|[TRACE] graph - -------> nonSkippedChar
2021-11-19T10:23:51,368|[TRACE] script - #out(`A`) [token]
2021-11-19T10:23:51,368|[TRACE] graph - <------- nonSkippedChar
2021-11-19T10:23:51,368|[TRACE] graph - <----- statementPart
2021-11-19T10:23:51,368|[TRACE] graph - -----> statementPart
2021-11-19T10:23:51,368|[TRACE] graph - -------> nonSkippedChar
2021-11-19T10:23:51,368|[TRACE] script - #out(`U`) [token]
2021-11-19T10:23:51,368|[TRACE] graph - <------- nonSkippedChar
2021-11-19T10:23:51,368|[TRACE] graph - <----- statementPart
2021-11-19T10:23:51,368|[TRACE] graph - -----> statementPart
2021-11-19T10:23:51,368|[TRACE] graph - -------> nonSkippedChar
2021-11-19T10:23:51,368|[TRACE] script - #out(`L`) [token]
2021-11-19T10:23:51,368|[TRACE] graph - <------- nonSkippedChar
2021-11-19T10:23:51,368|[TRACE] graph - <----- statementPart
2021-11-19T10:23:51,368|[TRACE] graph - -----> statementPart
2021-11-19T10:23:51,368|[TRACE] graph - -------> nonSkippedChar
2021-11-19T10:23:51,368|[TRACE] script - #out(`T`) [token]
2021-11-19T10:23:51,368|[TRACE] graph - <------- nonSkippedChar
2021-11-19T10:23:51,368|[TRACE] graph - <----- statementPart
2021-11-19T10:23:51,368|[TRACE] graph - -----> statementPart
2021-11-19T10:23:51,368|[TRACE] graph - -------> nonSkippedSpace
2021-11-19T10:23:51,368|[TRACE] script - #out(` `) [token]
2021-11-19T10:23:51,368|[TRACE] graph - <------- nonSkippedSpace
2021-11-19T10:23:51,368|[TRACE] graph - <----- statementPart
2021-11-19T10:23:51,368|[TRACE] graph - -----> statementPart
2021-11-19T10:23:51,368|[TRACE] graph - -------> nonSkippedChar
2021-11-19T10:23:51,368|[TRACE] script - #out(`(`) [token]
2021-11-19T10:23:51,368|[TRACE] graph - <------- nonSkippedChar
2021-11-19T10:23:51,368|[TRACE] graph - <----- statementPart
2021-11-19T10:23:51,368|[TRACE] graph - -----> statementPart
2021-11-19T10:23:51,368|[TRACE] graph - -------> nonSkippedChar
2021-11-19T10:23:51,368|[TRACE] script - #out(`u`) [token]
2021-11-19T10:23:51,368|[TRACE] graph - <------- nonSkippedChar
2021-11-19T10:23:51,368|[TRACE] graph - <----- statementPart
2021-11-19T10:23:51,368|[TRACE] graph - -----> statementPart
2021-11-19T10:23:51,368|[TRACE] graph - -------> nonSkippedChar
2021-11-19T10:23:51,368|[TRACE] script - #out(`n`) [token]
2021-11-19T10:23:51,368|[TRACE] graph - <------- nonSkippedChar
2021-11-19T10:23:51,368|[TRACE] graph - <----- statementPart
2021-11-19T10:23:51,368|[TRACE] graph - -----> statementPart
2021-11-19T10:23:51,368|[TRACE] graph - -------> nonSkippedChar
2021-11-19T10:23:51,368|[TRACE] script - #out(`i`) [token]
2021-11-19T10:23:51,368|[TRACE] graph - <------- nonSkippedChar
2021-11-19T10:23:51,368|[TRACE] graph - <----- statementPart
2021-11-19T10:23:51,368|[TRACE] graph - -----> statementPart
2021-11-19T10:23:51,368|[TRACE] graph - -------> nonSkippedChar
2021-11-19T10:23:51,368|[TRACE] script - #out(`x`) [token]
2021-11-19T10:23:51,368|[TRACE] graph - <------- nonSkippedChar
2021-11-19T10:23:51,368|[TRACE] graph - <----- statementPart
2021-11-19T10:23:51,368|[TRACE] graph - -----> statementPart
2021-11-19T10:23:51,368|[TRACE] graph - -------> nonSkippedChar
2021-11-19T10:23:51,368|[TRACE] script - #out(`_`) [token]
2021-11-19T10:23:51,368|[TRACE] graph - <------- nonSkippedChar
2021-11-19T10:23:51,368|[TRACE] graph - <----- statementPart
2021-11-19T10:23:51,368|[TRACE] graph - -----> statementPart
2021-11-19T10:23:51,368|[TRACE] graph - -------> nonSkippedChar
2021-11-19T10:23:51,368|[TRACE] script - #out(`t`) [token]
2021-11-19T10:23:51,368|[TRACE] graph - <------- nonSkippedChar
2021-11-19T10:23:51,368|[TRACE] graph - <----- statementPart
2021-11-19T10:23:51,368|[TRACE] graph - -----> statementPart
2021-11-19T10:23:51,368|[TRACE] graph - -------> nonSkippedChar
2021-11-19T10:23:51,368|[TRACE] script - #out(`i`) [token]
2021-11-19T10:23:51,368|[TRACE] graph - <------- nonSkippedChar
2021-11-19T10:23:51,368|[TRACE] graph - <----- statementPart
2021-11-19T10:23:51,368|[TRACE] graph - -----> statementPart
2021-11-19T10:23:51,368|[TRACE] graph - -------> nonSkippedChar
2021-11-19T10:23:51,368|[TRACE] script - #out(`m`) [token]
2021-11-19T10:23:51,368|[TRACE] graph - <------- nonSkippedChar
2021-11-19T10:23:51,368|[TRACE] graph - <----- statementPart
2021-11-19T10:23:51,368|[TRACE] graph - -----> statementPart
2021-11-19T10:23:51,368|[TRACE] graph - -------> nonSkippedChar
2021-11-19T10:23:51,368|[TRACE] script - #out(`e`) [token]
2021-11-19T10:23:51,368|[TRACE] graph - <------- nonSkippedChar
2021-11-19T10:23:51,368|[TRACE] graph - <----- statementPart
2021-11-19T10:23:51,368|[TRACE] graph - -----> statementPart
2021-11-19T10:23:51,368|[TRACE] graph - -------> nonSkippedChar
2021-11-19T10:23:51,368|[TRACE] script - #out(`s`) [token]
2021-11-19T10:23:51,368|[TRACE] graph - <------- nonSkippedChar
2021-11-19T10:23:51,368|[TRACE] graph - <----- statementPart
2021-11-19T10:23:51,368|[TRACE] graph - -----> statementPart
2021-11-19T10:23:51,368|[TRACE] graph - -------> nonSkippedChar
2021-11-19T10:23:51,368|[TRACE] script - #out(`t`) [token]
2021-11-19T10:23:51,369|[TRACE] graph - <------- nonSkippedChar
2021-11-19T10:23:51,369|[TRACE] graph - <----- statementPart
2021-11-19T10:23:51,369|[TRACE] graph - -----> statementPart
2021-11-19T10:23:51,369|[TRACE] graph - -------> nonSkippedChar
2021-11-19T10:23:51,369|[TRACE] script - #out(`a`) [token]
2021-11-19T10:23:51,369|[TRACE] graph - <------- nonSkippedChar
2021-11-19T10:23:51,369|[TRACE] graph - <----- statementPart
2021-11-19T10:23:51,369|[TRACE] graph - -----> statementPart
2021-11-19T10:23:51,369|[TRACE] graph - -------> nonSkippedChar
2021-11-19T10:23:51,369|[TRACE] script - #out(`m`) [token]
2021-11-19T10:23:51,369|[TRACE] graph - <------- nonSkippedChar
2021-11-19T10:23:51,369|[TRACE] graph - <----- statementPart
2021-11-19T10:23:51,369|[TRACE] graph - -----> statementPart
2021-11-19T10:23:51,369|[TRACE] graph - -------> nonSkippedChar
2021-11-19T10:23:51,369|[TRACE] script - #out(`p`) [token]
2021-11-19T10:23:51,369|[TRACE] graph - <------- nonSkippedChar
2021-11-19T10:23:51,369|[TRACE] graph - <----- statementPart
2021-11-19T10:23:51,369|[TRACE] graph - -----> statementPart
2021-11-19T10:23:51,369|[TRACE] graph - -------> nonSkippedChar
2021-11-19T10:23:51,369|[TRACE] script - #out(`(`) [token]
2021-11-19T10:23:51,369|[TRACE] graph - <------- nonSkippedChar
2021-11-19T10:23:51,369|[TRACE] graph - <----- statementPart
2021-11-19T10:23:51,369|[TRACE] graph - -----> statementPart
2021-11-19T10:23:51,369|[TRACE] graph - -------> nonSkippedChar
2021-11-19T10:23:51,369|[TRACE] script - #out(`n`) [token]
2021-11-19T10:23:51,369|[TRACE] graph - <------- nonSkippedChar
2021-11-19T10:23:51,369|[TRACE] graph - <----- statementPart
2021-11-19T10:23:51,369|[TRACE] graph - -----> statementPart
2021-11-19T10:23:51,369|[TRACE] graph - -------> nonSkippedChar
2021-11-19T10:23:51,369|[TRACE] script - #out(`o`) [token]
2021-11-19T10:23:51,369|[TRACE] graph - <------- nonSkippedChar
2021-11-19T10:23:51,369|[TRACE] graph - <----- statementPart
2021-11-19T10:23:51,369|[TRACE] graph - -----> statementPart
2021-11-19T10:23:51,369|[TRACE] graph - -------> nonSkippedChar
2021-11-19T10:23:51,369|[TRACE] script - #out(`w`) [token]
2021-11-19T10:23:51,369|[TRACE] graph - <------- nonSkippedChar
2021-11-19T10:23:51,369|[TRACE] graph - <----- statementPart
2021-11-19T10:23:51,369|[TRACE] graph - -----> statementPart
2021-11-19T10:23:51,369|[TRACE] graph - -------> nonSkippedChar
2021-11-19T10:23:51,369|[TRACE] script - #out(`(`) [token]
2021-11-19T10:23:51,369|[TRACE] graph - <------- nonSkippedChar
2021-11-19T10:23:51,423|[TRACE] graph - <----- statementPart
2021-11-19T10:23:51,423|[TRACE] graph - -----> statementPart
2021-11-19T10:23:51,423|[TRACE] graph - -------> nonSkippedChar
2021-11-19T10:23:51,423|[TRACE] script - #out(`)`) [token]
2021-11-19T10:23:51,423|[TRACE] graph - <------- nonSkippedChar
2021-11-19T10:23:51,423|[TRACE] graph - <----- statementPart
2021-11-19T10:23:51,423|[TRACE] graph - -----> statementPart
2021-11-19T10:23:51,423|[TRACE] graph - -------> nonSkippedChar
2021-11-19T10:23:51,423|[TRACE] script - #out(`)`) [token]
2021-11-19T10:23:51,423|[TRACE] graph - <------- nonSkippedChar
2021-11-19T10:23:51,423|[TRACE] graph - <----- statementPart
2021-11-19T10:23:51,423|[TRACE] graph - -----> statementPart
2021-11-19T10:23:51,423|[TRACE] graph - -------> nonSkippedSpace
2021-11-19T10:23:51,423|[TRACE] script - #out(` `) [token]
2021-11-19T10:23:51,423|[TRACE] graph - <------- nonSkippedSpace
2021-11-19T10:23:51,423|[TRACE] graph - <----- statementPart
2021-11-19T10:23:51,423|[TRACE] graph - -----> statementPart
2021-11-19T10:23:51,423|[TRACE] graph - -------> nonSkippedChar
2021-11-19T10:23:51,423|[TRACE] script - #out(`*`) [token]
2021-11-19T10:23:51,423|[TRACE] graph - <------- nonSkippedChar
2021-11-19T10:23:51,423|[TRACE] graph - <----- statementPart
2021-11-19T10:23:51,423|[TRACE] graph - -----> statementPart
2021-11-19T10:23:51,423|[TRACE] graph - -------> nonSkippedSpace
2021-11-19T10:23:51,423|[TRACE] script - #out(` `) [token]
2021-11-19T10:23:51,423|[TRACE] graph - <------- nonSkippedSpace
2021-11-19T10:23:51,423|[TRACE] graph - <----- statementPart
2021-11-19T10:23:51,423|[TRACE] graph - -----> statementPart
2021-11-19T10:23:51,423|[TRACE] graph - -------> nonSkippedChar
2021-11-19T10:23:51,423|[TRACE] script - #out(`1`) [token]
2021-11-19T10:23:51,423|[TRACE] graph - <------- nonSkippedChar
2021-11-19T10:23:51,423|[TRACE] graph - <----- statementPart
2021-11-19T10:23:51,423|[TRACE] graph - -----> statementPart
2021-11-19T10:23:51,423|[TRACE] graph - -------> nonSkippedChar
2021-11-19T10:23:51,423|[TRACE] script - #out(`0`) [token]
2021-11-19T10:23:51,423|[TRACE] graph - <------- nonSkippedChar
2021-11-19T10:23:51,423|[TRACE] graph - <----- statementPart
2021-11-19T10:23:51,423|[TRACE] graph - -----> statementPart
2021-11-19T10:23:51,423|[TRACE] graph - -------> nonSkippedChar
2021-11-19T10:23:51,423|[TRACE] script - #out(`0`) [token]
2021-11-19T10:23:51,423|[TRACE] graph - <------- nonSkippedChar
2021-11-19T10:23:51,423|[TRACE] graph - <----- statementPart
2021-11-19T10:23:51,423|[TRACE] graph - -----> statementPart
2021-11-19T10:23:51,423|[TRACE] graph - -------> nonSkippedChar
2021-11-19T10:23:51,423|[TRACE] script - #out(`0`) [token]
2021-11-19T10:23:51,423|[TRACE] graph - <------- nonSkippedChar
2021-11-19T10:23:51,423|[TRACE] graph - <----- statementPart
2021-11-19T10:23:51,423|[TRACE] graph - -----> statementPart
2021-11-19T10:23:51,423|[TRACE] graph - -------> nonSkippedChar
2021-11-19T10:23:51,423|[TRACE] script - #out(`)`) [token]
2021-11-19T10:23:51,423|[TRACE] graph - <------- nonSkippedChar
2021-11-19T10:23:51,423|[TRACE] graph - <----- statementPart
2021-11-19T10:23:51,423|[TRACE] graph - -----> statementPart
2021-11-19T10:23:51,423|[TRACE] graph - -------> nonSkippedChar
2021-11-19T10:23:51,423|[TRACE] script - #out(`,`) [token]
2021-11-19T10:23:51,423|[TRACE] graph - <------- nonSkippedChar
2021-11-19T10:23:51,423|[TRACE] graph - <----- statementPart
2021-11-19T10:23:51,423|[TRACE] graph - -----> afterStatementPartNewline
2021-11-19T10:23:51,423|[TRACE] script - #out(` `) [text]
2021-11-19T10:23:51,423|[TRACE] graph - <----- afterStatementPartNewline
2021-11-19T10:23:51,423|[TRACE] graph - -----> statementPart
2021-11-19T10:23:51,423|[TRACE] graph - -------> nonSkippedSpace
2021-11-19T10:23:51,423|[TRACE] script - #out(` `) [token]
2021-11-19T10:23:51,423|[TRACE] graph - <------- nonSkippedSpace
2021-11-19T10:23:51,423|[TRACE] graph - <----- statementPart
2021-11-19T10:23:51,423|[TRACE] graph - -----> statementPart
2021-11-19T10:23:51,423|[TRACE] graph - -------> nonSkippedSpace
2021-11-19T10:23:51,423|[TRACE] script - #out(` `) [token]
2021-11-19T10:23:51,423|[TRACE] graph - <------- nonSkippedSpace
2021-11-19T10:23:51,423|[TRACE] graph - <----- statementPart
2021-11-19T10:23:51,423|[TRACE] graph - -----> statementPart
2021-11-19T10:23:51,423|[TRACE] graph - -------> quotedString
2021-11-19T10:23:51,423|[TRACE] script - #out(``updated``) [token]
2021-11-19T10:23:51,423|[TRACE] graph - <------- quotedString
2021-11-19T10:23:51,423|[TRACE] graph - <----- statementPart
2021-11-19T10:23:51,423|[TRACE] graph - -----> statementPart
2021-11-19T10:23:51,423|[TRACE] graph - -------> nonSkippedSpace
2021-11-19T10:23:51,423|[TRACE] script - #out(` `) [token]
2021-11-19T10:23:51,423|[TRACE] graph - <------- nonSkippedSpace
2021-11-19T10:23:51,423|[TRACE] graph - <----- statementPart
2021-11-19T10:23:51,423|[TRACE] graph - -----> statementPart
2021-11-19T10:23:51,423|[TRACE] graph - -------> nonSkippedChar
2021-11-19T10:23:51,423|[TRACE] script - #out(`B`) [token]
2021-11-19T10:23:51,423|[TRACE] graph - <------- nonSkippedChar
2021-11-19T10:23:51,423|[TRACE] graph - <----- statementPart
2021-11-19T10:23:51,423|[TRACE] graph - -----> statementPart
2021-11-19T10:23:51,423|[TRACE] graph - -------> nonSkippedChar
2021-11-19T10:23:51,423|[TRACE] script - #out(`I`) [token]
2021-11-19T10:23:51,423|[TRACE] graph - <------- nonSkippedChar
2021-11-19T10:23:51,423|[TRACE] graph - <----- statementPart
2021-11-19T10:23:51,423|[TRACE] graph - -----> statementPart
2021-11-19T10:23:51,423|[TRACE] graph - -------> nonSkippedChar
2021-11-19T10:23:51,423|[TRACE] script - #out(`G`) [token]
2021-11-19T10:23:51,423|[TRACE] graph - <------- nonSkippedChar
2021-11-19T10:23:51,423|[TRACE] graph - <----- statementPart
2021-11-19T10:23:51,423|[TRACE] graph - -----> statementPart
2021-11-19T10:23:51,423|[TRACE] graph - -------> nonSkippedChar
2021-11-19T10:23:51,423|[TRACE] script - #out(`I`) [token]
2021-11-19T10:23:51,423|[TRACE] graph - <------- nonSkippedChar
2021-11-19T10:23:51,423|[TRACE] graph - <----- statementPart
2021-11-19T10:23:51,423|[TRACE] graph - -----> statementPart
2021-11-19T10:23:51,423|[TRACE] graph - -------> nonSkippedChar
2021-11-19T10:23:51,423|[TRACE] script - #out(`N`) [token]
2021-11-19T10:23:51,423|[TRACE] graph - <------- nonSkippedChar
2021-11-19T10:23:51,423|[TRACE] graph - <----- statementPart
2021-11-19T10:23:51,423|[TRACE] graph - -----> statementPart
2021-11-19T10:23:51,423|[TRACE] graph - -------> nonSkippedChar
2021-11-19T10:23:51,423|[TRACE] script - #out(`T`) [token]
2021-11-19T10:23:51,423|[TRACE] graph - <------- nonSkippedChar
2021-11-19T10:23:51,423|[TRACE] graph - <----- statementPart
2021-11-19T10:23:51,423|[TRACE] graph - -----> statementPart
2021-11-19T10:23:51,423|[TRACE] graph - -------> nonSkippedSpace
2021-11-19T10:23:51,423|[TRACE] script - #out(` `) [token]
2021-11-19T10:23:51,423|[TRACE] graph - <------- nonSkippedSpace
2021-11-19T10:23:51,423|[TRACE] graph - <----- statementPart
2021-11-19T10:23:51,423|[TRACE] graph - -----> statementPart
2021-11-19T10:23:51,423|[TRACE] graph - -------> nonSkippedChar
2021-11-19T10:23:51,423|[TRACE] script - #out(`N`) [token]
2021-11-19T10:23:51,423|[TRACE] graph - <------- nonSkippedChar
2021-11-19T10:23:51,423|[TRACE] graph - <----- statementPart
2021-11-19T10:23:51,423|[TRACE] graph - -----> statementPart
2021-11-19T10:23:51,423|[TRACE] graph - -------> nonSkippedChar
2021-11-19T10:23:51,423|[TRACE] script - #out(`O`) [token]
2021-11-19T10:23:51,423|[TRACE] graph - <------- nonSkippedChar
2021-11-19T10:23:51,423|[TRACE] graph - <----- statementPart
2021-11-19T10:23:51,423|[TRACE] graph - -----> statementPart
2021-11-19T10:23:51,423|[TRACE] graph - -------> nonSkippedChar
2021-11-19T10:23:51,423|[TRACE] script - #out(`T`) [token]
2021-11-19T10:23:51,423|[TRACE] graph - <------- nonSkippedChar
2021-11-19T10:23:51,423|[TRACE] graph - <----- statementPart
2021-11-19T10:23:51,423|[TRACE] graph - -----> statementPart
2021-11-19T10:23:51,423|[TRACE] graph - -------> nonSkippedSpace
2021-11-19T10:23:51,423|[TRACE] script - #out(` `) [token]
2021-11-19T10:23:51,423|[TRACE] graph - <------- nonSkippedSpace
2021-11-19T10:23:51,423|[TRACE] graph - <----- statementPart
2021-11-19T10:23:51,423|[TRACE] graph - -----> statementPart
2021-11-19T10:23:51,423|[TRACE] graph - -------> nonSkippedChar
2021-11-19T10:23:51,423|[TRACE] script - #out(`N`) [token]
2021-11-19T10:23:51,423|[TRACE] graph - <------- nonSkippedChar
2021-11-19T10:23:51,423|[TRACE] graph - <----- statementPart
2021-11-19T10:23:51,423|[TRACE] graph - -----> statementPart
2021-11-19T10:23:51,423|[TRACE] graph - -------> nonSkippedChar
2021-11-19T10:23:51,423|[TRACE] script - #out(`U`) [token]
2021-11-19T10:23:51,423|[TRACE] graph - <------- nonSkippedChar
2021-11-19T10:23:51,423|[TRACE] graph - <----- statementPart
2021-11-19T10:23:51,423|[TRACE] graph - -----> statementPart
2021-11-19T10:23:51,423|[TRACE] graph - -------> nonSkippedChar
2021-11-19T10:23:51,423|[TRACE] script - #out(`L`) [token]
2021-11-19T10:23:51,423|[TRACE] graph - <------- nonSkippedChar
2021-11-19T10:23:51,423|[TRACE] graph - <----- statementPart
2021-11-19T10:23:51,423|[TRACE] graph - -----> statementPart
2021-11-19T10:23:51,423|[TRACE] graph - -------> nonSkippedChar
2021-11-19T10:23:51,423|[TRACE] script - #out(`L`) [token]
2021-11-19T10:23:51,423|[TRACE] graph - <------- nonSkippedChar
2021-11-19T10:23:51,423|[TRACE] graph - <----- statementPart
2021-11-19T10:23:51,423|[TRACE] graph - -----> statementPart
2021-11-19T10:23:51,423|[TRACE] graph - -------> nonSkippedSpace
2021-11-19T10:23:51,423|[TRACE] script - #out(` `) [token]
2021-11-19T10:23:51,423|[TRACE] graph - <------- nonSkippedSpace
2021-11-19T10:23:51,424|[TRACE] graph - <----- statementPart
2021-11-19T10:23:51,424|[TRACE] graph - -----> statementPart
2021-11-19T10:23:51,424|[TRACE] graph - -------> nonSkippedChar
2021-11-19T10:23:51,424|[TRACE] script - #out(`D`) [token]
2021-11-19T10:23:51,424|[TRACE] graph - <------- nonSkippedChar
2021-11-19T10:23:51,424|[TRACE] graph - <----- statementPart
2021-11-19T10:23:51,424|[TRACE] graph - -----> statementPart
2021-11-19T10:23:51,424|[TRACE] graph - -------> nonSkippedChar
2021-11-19T10:23:51,424|[TRACE] script - #out(`E`) [token]
2021-11-19T10:23:51,424|[TRACE] graph - <------- nonSkippedChar
2021-11-19T10:23:51,424|[TRACE] graph - <----- statementPart
2021-11-19T10:23:51,424|[TRACE] graph - -----> statementPart
2021-11-19T10:23:51,424|[TRACE] graph - -------> nonSkippedChar
2021-11-19T10:23:51,424|[TRACE] script - #out(`F`) [token]
2021-11-19T10:23:51,424|[TRACE] graph - <------- nonSkippedChar
2021-11-19T10:23:51,424|[TRACE] graph - <----- statementPart
2021-11-19T10:23:51,424|[TRACE] graph - -----> statementPart
2021-11-19T10:23:51,424|[TRACE] graph - -------> nonSkippedChar
2021-11-19T10:23:51,424|[TRACE] script - #out(`A`) [token]
2021-11-19T10:23:51,424|[TRACE] graph - <------- nonSkippedChar
2021-11-19T10:23:51,424|[TRACE] graph - <----- statementPart
2021-11-19T10:23:51,424|[TRACE] graph - -----> statementPart
2021-11-19T10:23:51,424|[TRACE] graph - -------> nonSkippedChar
2021-11-19T10:23:51,424|[TRACE] script - #out(`U`) [token]
2021-11-19T10:23:51,424|[TRACE] graph - <------- nonSkippedChar
2021-11-19T10:23:51,424|[TRACE] graph - <----- statementPart
2021-11-19T10:23:51,424|[TRACE] graph - -----> statementPart
2021-11-19T10:23:51,424|[TRACE] graph - -------> nonSkippedChar
2021-11-19T10:23:51,424|[TRACE] script - #out(`L`) [token]
2021-11-19T10:23:51,424|[TRACE] graph - <------- nonSkippedChar
2021-11-19T10:23:51,424|[TRACE] graph - <----- statementPart
2021-11-19T10:23:51,424|[TRACE] graph - -----> statementPart
2021-11-19T10:23:51,424|[TRACE] graph - -------> nonSkippedChar
2021-11-19T10:23:51,424|[TRACE] script - #out(`T`) [token]
2021-11-19T10:23:51,424|[TRACE] graph - <------- nonSkippedChar
2021-11-19T10:23:51,424|[TRACE] graph - <----- statementPart
2021-11-19T10:23:51,424|[TRACE] graph - -----> statementPart
2021-11-19T10:23:51,424|[TRACE] graph - -------> nonSkippedSpace
2021-11-19T10:23:51,424|[TRACE] script - #out(` `) [token]
2021-11-19T10:23:51,424|[TRACE] graph - <------- nonSkippedSpace
2021-11-19T10:23:51,424|[TRACE] graph - <----- statementPart
2021-11-19T10:23:51,424|[TRACE] graph - -----> statementPart
2021-11-19T10:23:51,424|[TRACE] graph - -------> nonSkippedChar
2021-11-19T10:23:51,424|[TRACE] script - #out(`(`) [token]
2021-11-19T10:23:51,424|[TRACE] graph - <------- nonSkippedChar
2021-11-19T10:23:51,424|[TRACE] graph - <----- statementPart
2021-11-19T10:23:51,424|[TRACE] graph - -----> statementPart
2021-11-19T10:23:51,424|[TRACE] graph - -------> nonSkippedChar
2021-11-19T10:23:51,424|[TRACE] script - #out(`u`) [token]
2021-11-19T10:23:51,424|[TRACE] graph - <------- nonSkippedChar
2021-11-19T10:23:51,424|[TRACE] graph - <----- statementPart
2021-11-19T10:23:51,424|[TRACE] graph - -----> statementPart
2021-11-19T10:23:51,424|[TRACE] graph - -------> nonSkippedChar
2021-11-19T10:23:51,424|[TRACE] script - #out(`n`) [token]
2021-11-19T10:23:51,424|[TRACE] graph - <------- nonSkippedChar
2021-11-19T10:23:51,424|[TRACE] graph - <----- statementPart
2021-11-19T10:23:51,424|[TRACE] graph - -----> statementPart
2021-11-19T10:23:51,424|[TRACE] graph - -------> nonSkippedChar
2021-11-19T10:23:51,424|[TRACE] script - #out(`i`) [token]
2021-11-19T10:23:51,424|[TRACE] graph - <------- nonSkippedChar
2021-11-19T10:23:51,424|[TRACE] graph - <----- statementPart
2021-11-19T10:23:51,424|[TRACE] graph - -----> statementPart
2021-11-19T10:23:51,424|[TRACE] graph - -------> nonSkippedChar
2021-11-19T10:23:51,424|[TRACE] script - #out(`x`) [token]
2021-11-19T10:23:51,424|[TRACE] graph - <------- nonSkippedChar
2021-11-19T10:23:51,424|[TRACE] graph - <----- statementPart
2021-11-19T10:23:51,424|[TRACE] graph - -----> statementPart
2021-11-19T10:23:51,424|[TRACE] graph - -------> nonSkippedChar
2021-11-19T10:23:51,424|[TRACE] script - #out(`_`) [token]
2021-11-19T10:23:51,424|[TRACE] graph - <------- nonSkippedChar
2021-11-19T10:23:51,424|[TRACE] graph - <----- statementPart
2021-11-19T10:23:51,424|[TRACE] graph - -----> statementPart
2021-11-19T10:23:51,424|[TRACE] graph - -------> nonSkippedChar
2021-11-19T10:23:51,424|[TRACE] script - #out(`t`) [token]
2021-11-19T10:23:51,424|[TRACE] graph - <------- nonSkippedChar
2021-11-19T10:23:51,424|[TRACE] graph - <----- statementPart
2021-11-19T10:23:51,424|[TRACE] graph - -----> statementPart
2021-11-19T10:23:51,424|[TRACE] graph - -------> nonSkippedChar
2021-11-19T10:23:51,424|[TRACE] script - #out(`i`) [token]
2021-11-19T10:23:51,424|[TRACE] graph - <------- nonSkippedChar
2021-11-19T10:23:51,424|[TRACE] graph - <----- statementPart
2021-11-19T10:23:51,424|[TRACE] graph - -----> statementPart
2021-11-19T10:23:51,424|[TRACE] graph - -------> nonSkippedChar
2021-11-19T10:23:51,424|[TRACE] script - #out(`m`) [token]
2021-11-19T10:23:51,424|[TRACE] graph - <------- nonSkippedChar
2021-11-19T10:23:51,424|[TRACE] graph - <----- statementPart
2021-11-19T10:23:51,424|[TRACE] graph - -----> statementPart
2021-11-19T10:23:51,424|[TRACE] graph - -------> nonSkippedChar
2021-11-19T10:23:51,424|[TRACE] script - #out(`e`) [token]
2021-11-19T10:23:51,424|[TRACE] graph - <------- nonSkippedChar
2021-11-19T10:23:51,424|[TRACE] graph - <----- statementPart
2021-11-19T10:23:51,424|[TRACE] graph - -----> statementPart
2021-11-19T10:23:51,424|[TRACE] graph - -------> nonSkippedChar
2021-11-19T10:23:51,424|[TRACE] script - #out(`s`) [token]
2021-11-19T10:23:51,424|[TRACE] graph - <------- nonSkippedChar
2021-11-19T10:23:51,424|[TRACE] graph - <----- statementPart
2021-11-19T10:23:51,424|[TRACE] graph - -----> statementPart
2021-11-19T10:23:51,424|[TRACE] graph - -------> nonSkippedChar
2021-11-19T10:23:51,424|[TRACE] script - #out(`t`) [token]
2021-11-19T10:23:51,424|[TRACE] graph - <------- nonSkippedChar
2021-11-19T10:23:51,424|[TRACE] graph - <----- statementPart
2021-11-19T10:23:51,424|[TRACE] graph - -----> statementPart
2021-11-19T10:23:51,424|[TRACE] graph - -------> nonSkippedChar
2021-11-19T10:23:51,424|[TRACE] script - #out(`a`) [token]
2021-11-19T10:23:51,424|[TRACE] graph - <------- nonSkippedChar
2021-11-19T10:23:51,424|[TRACE] graph - <----- statementPart
2021-11-19T10:23:51,424|[TRACE] graph - -----> statementPart
2021-11-19T10:23:51,424|[TRACE] graph - -------> nonSkippedChar
2021-11-19T10:23:51,424|[TRACE] script - #out(`m`) [token]
2021-11-19T10:23:51,424|[TRACE] graph - <------- nonSkippedChar
2021-11-19T10:23:51,424|[TRACE] graph - <----- statementPart
2021-11-19T10:23:51,424|[TRACE] graph - -----> statementPart
2021-11-19T10:23:51,424|[TRACE] graph - -------> nonSkippedChar
2021-11-19T10:23:51,424|[TRACE] script - #out(`p`) [token]
2021-11-19T10:23:51,424|[TRACE] graph - <------- nonSkippedChar
2021-11-19T10:23:51,424|[TRACE] graph - <----- statementPart
2021-11-19T10:23:51,424|[TRACE] graph - -----> statementPart
2021-11-19T10:23:51,424|[TRACE] graph - -------> nonSkippedChar
2021-11-19T10:23:51,424|[TRACE] script - #out(`(`) [token]
2021-11-19T10:23:51,424|[TRACE] graph - <------- nonSkippedChar
2021-11-19T10:23:51,424|[TRACE] graph - <----- statementPart
2021-11-19T10:23:51,424|[TRACE] graph - -----> statementPart
2021-11-19T10:23:51,424|[TRACE] graph - -------> nonSkippedChar
2021-11-19T10:23:51,424|[TRACE] script - #out(`n`) [token]
2021-11-19T10:23:51,424|[TRACE] graph - <------- nonSkippedChar
2021-11-19T10:23:51,424|[TRACE] graph - <----- statementPart
2021-11-19T10:23:51,424|[TRACE] graph - -----> statementPart
2021-11-19T10:23:51,424|[TRACE] graph - -------> nonSkippedChar
2021-11-19T10:23:51,424|[TRACE] script - #out(`o`) [token]
2021-11-19T10:23:51,424|[TRACE] graph - <------- nonSkippedChar
2021-11-19T10:23:51,424|[TRACE] graph - <----- statementPart
2021-11-19T10:23:51,424|[TRACE] graph - -----> statementPart
2021-11-19T10:23:51,424|[TRACE] graph - -------> nonSkippedChar
2021-11-19T10:23:51,424|[TRACE] script - #out(`w`) [token]
2021-11-19T10:23:51,424|[TRACE] graph - <------- nonSkippedChar
2021-11-19T10:23:51,424|[TRACE] graph - <----- statementPart
2021-11-19T10:23:51,424|[TRACE] graph - -----> statementPart
2021-11-19T10:23:51,424|[TRACE] graph - -------> nonSkippedChar
2021-11-19T10:23:51,424|[TRACE] script - #out(`(`) [token]
2021-11-19T10:23:51,424|[TRACE] graph - <------- nonSkippedChar
2021-11-19T10:23:51,424|[TRACE] graph - <----- statementPart
2021-11-19T10:23:51,424|[TRACE] graph - -----> statementPart
2021-11-19T10:23:51,424|[TRACE] graph - -------> nonSkippedChar
2021-11-19T10:23:51,424|[TRACE] script - #out(`)`) [token]
2021-11-19T10:23:51,424|[TRACE] graph - <------- nonSkippedChar
2021-11-19T10:23:51,424|[TRACE] graph - <----- statementPart
2021-11-19T10:23:51,424|[TRACE] graph - -----> statementPart
2021-11-19T10:23:51,424|[TRACE] graph - -------> nonSkippedChar
2021-11-19T10:23:51,424|[TRACE] script - #out(`)`) [token]
2021-11-19T10:23:51,424|[TRACE] graph - <------- nonSkippedChar
2021-11-19T10:23:51,424|[TRACE] graph - <----- statementPart
2021-11-19T10:23:51,424|[TRACE] graph - -----> statementPart
2021-11-19T10:23:51,424|[TRACE] graph - -------> nonSkippedSpace
2021-11-19T10:23:51,424|[TRACE] script - #out(` `) [token]
2021-11-19T10:23:51,424|[TRACE] graph - <------- nonSkippedSpace
2021-11-19T10:23:51,424|[TRACE] graph - <----- statementPart
2021-11-19T10:23:51,424|[TRACE] graph - -----> statementPart
2021-11-19T10:23:51,424|[TRACE] graph - -------> nonSkippedChar
2021-11-19T10:23:51,424|[TRACE] script - #out(`*`) [token]
2021-11-19T10:23:51,424|[TRACE] graph - <------- nonSkippedChar
2021-11-19T10:23:51,424|[TRACE] graph - <----- statementPart
2021-11-19T10:23:51,424|[TRACE] graph - -----> statementPart
2021-11-19T10:23:51,424|[TRACE] graph - -------> nonSkippedSpace
2021-11-19T10:23:51,424|[TRACE] script - #out(` `) [token]
2021-11-19T10:23:51,424|[TRACE] graph - <------- nonSkippedSpace
2021-11-19T10:23:51,424|[TRACE] graph - <----- statementPart
2021-11-19T10:23:51,424|[TRACE] graph - -----> statementPart
2021-11-19T10:23:51,424|[TRACE] graph - -------> nonSkippedChar
2021-11-19T10:23:51,424|[TRACE] script - #out(`1`) [token]
2021-11-19T10:23:51,424|[TRACE] graph - <------- nonSkippedChar
2021-11-19T10:23:51,424|[TRACE] graph - <----- statementPart
2021-11-19T10:23:51,424|[TRACE] graph - -----> statementPart
2021-11-19T10:23:51,424|[TRACE] graph - -------> nonSkippedChar
2021-11-19T10:23:51,424|[TRACE] script - #out(`0`) [token]
2021-11-19T10:23:51,424|[TRACE] graph - <------- nonSkippedChar
2021-11-19T10:23:51,424|[TRACE] graph - <----- statementPart
2021-11-19T10:23:51,424|[TRACE] graph - -----> statementPart
2021-11-19T10:23:51,424|[TRACE] graph - -------> nonSkippedChar
2021-11-19T10:23:51,424|[TRACE] script - #out(`0`) [token]
2021-11-19T10:23:51,424|[TRACE] graph - <------- nonSkippedChar
2021-11-19T10:23:51,424|[TRACE] graph - <----- statementPart
2021-11-19T10:23:51,424|[TRACE] graph - -----> statementPart
2021-11-19T10:23:51,424|[TRACE] graph - -------> nonSkippedChar
2021-11-19T10:23:51,424|[TRACE] script - #out(`0`) [token]
2021-11-19T10:23:51,424|[TRACE] graph - <------- nonSkippedChar
2021-11-19T10:23:51,424|[TRACE] graph - <----- statementPart
2021-11-19T10:23:51,424|[TRACE] graph - -----> statementPart
2021-11-19T10:23:51,424|[TRACE] graph - -------> nonSkippedChar
2021-11-19T10:23:51,424|[TRACE] script - #out(`)`) [token]
2021-11-19T10:23:51,424|[TRACE] graph - <------- nonSkippedChar
2021-11-19T10:23:51,424|[TRACE] graph - <----- statementPart
2021-11-19T10:23:51,424|[TRACE] graph - -----> statementPart
2021-11-19T10:23:51,424|[TRACE] graph - -------> nonSkippedChar
2021-11-19T10:23:51,424|[TRACE] script - #out(`,`) [token]
2021-11-19T10:23:51,424|[TRACE] graph - <------- nonSkippedChar
2021-11-19T10:23:51,424|[TRACE] graph - <----- statementPart
2021-11-19T10:23:51,424|[TRACE] graph - -----> afterStatementPartNewline
2021-11-19T10:23:51,424|[TRACE] script - #out(` `) [text]
2021-11-19T10:23:51,424|[TRACE] graph - <----- afterStatementPartNewline
2021-11-19T10:23:51,424|[TRACE] graph - -----> statementPart
2021-11-19T10:23:51,424|[TRACE] graph - -------> nonSkippedSpace
2021-11-19T10:23:51,424|[TRACE] script - #out(` `) [token]
2021-11-19T10:23:51,424|[TRACE] graph - <------- nonSkippedSpace
2021-11-19T10:23:51,424|[TRACE] graph - <----- statementPart
2021-11-19T10:23:51,424|[TRACE] graph - -----> statementPart
2021-11-19T10:23:51,424|[TRACE] graph - -------> nonSkippedSpace
2021-11-19T10:23:51,424|[TRACE] script - #out(` `) [token]
2021-11-19T10:23:51,424|[TRACE] graph - <------- nonSkippedSpace
2021-11-19T10:23:51,424|[TRACE] graph - <----- statementPart
2021-11-19T10:23:51,424|[TRACE] graph - -----> statementPart
2021-11-19T10:23:51,424|[TRACE] graph - -------> quotedString
2021-11-19T10:23:51,424|[TRACE] script - #out(``version``) [token]
2021-11-19T10:23:51,424|[TRACE] graph - <------- quotedString
2021-11-19T10:23:51,424|[TRACE] graph - <----- statementPart
2021-11-19T10:23:51,424|[TRACE] graph - -----> statementPart
2021-11-19T10:23:51,424|[TRACE] graph - -------> nonSkippedSpace
2021-11-19T10:23:51,424|[TRACE] script - #out(` `) [token]
2021-11-19T10:23:51,424|[TRACE] graph - <------- nonSkippedSpace
2021-11-19T10:23:51,424|[TRACE] graph - <----- statementPart
2021-11-19T10:23:51,424|[TRACE] graph - -----> statementPart
2021-11-19T10:23:51,424|[TRACE] graph - -------> nonSkippedChar
2021-11-19T10:23:51,424|[TRACE] script - #out(`I`) [token]
2021-11-19T10:23:51,424|[TRACE] graph - <------- nonSkippedChar
2021-11-19T10:23:51,424|[TRACE] graph - <----- statementPart
2021-11-19T10:23:51,424|[TRACE] graph - -----> statementPart
2021-11-19T10:23:51,424|[TRACE] graph - -------> nonSkippedChar
2021-11-19T10:23:51,424|[TRACE] script - #out(`N`) [token]
2021-11-19T10:23:51,424|[TRACE] graph - <------- nonSkippedChar
2021-11-19T10:23:51,424|[TRACE] graph - <----- statementPart
2021-11-19T10:23:51,424|[TRACE] graph - -----> statementPart
2021-11-19T10:23:51,424|[TRACE] graph - -------> nonSkippedChar
2021-11-19T10:23:51,424|[TRACE] script - #out(`T`) [token]
2021-11-19T10:23:51,424|[TRACE] graph - <------- nonSkippedChar
2021-11-19T10:23:51,424|[TRACE] graph - <----- statementPart
2021-11-19T10:23:51,424|[TRACE] graph - -----> statementPart
2021-11-19T10:23:51,424|[TRACE] graph - -------> nonSkippedSpace
2021-11-19T10:23:51,424|[TRACE] script - #out(` `) [token]
2021-11-19T10:23:51,424|[TRACE] graph - <------- nonSkippedSpace
2021-11-19T10:23:51,424|[TRACE] graph - <----- statementPart
2021-11-19T10:23:51,424|[TRACE] graph - -----> statementPart
2021-11-19T10:23:51,424|[TRACE] graph - -------> nonSkippedChar
2021-11-19T10:23:51,424|[TRACE] script - #out(`N`) [token]
2021-11-19T10:23:51,424|[TRACE] graph - <------- nonSkippedChar
2021-11-19T10:23:51,424|[TRACE] graph - <----- statementPart
2021-11-19T10:23:51,424|[TRACE] graph - -----> statementPart
2021-11-19T10:23:51,424|[TRACE] graph - -------> nonSkippedChar
2021-11-19T10:23:51,424|[TRACE] script - #out(`O`) [token]
2021-11-19T10:23:51,424|[TRACE] graph - <------- nonSkippedChar
2021-11-19T10:23:51,424|[TRACE] graph - <----- statementPart
2021-11-19T10:23:51,424|[TRACE] graph - -----> statementPart
2021-11-19T10:23:51,424|[TRACE] graph - -------> nonSkippedChar
2021-11-19T10:23:51,424|[TRACE] script - #out(`T`) [token]
2021-11-19T10:23:51,424|[TRACE] graph - <------- nonSkippedChar
2021-11-19T10:23:51,424|[TRACE] graph - <----- statementPart
2021-11-19T10:23:51,424|[TRACE] graph - -----> statementPart
2021-11-19T10:23:51,424|[TRACE] graph - -------> nonSkippedSpace
2021-11-19T10:23:51,424|[TRACE] script - #out(` `) [token]
2021-11-19T10:23:51,424|[TRACE] graph - <------- nonSkippedSpace
2021-11-19T10:23:51,424|[TRACE] graph - <----- statementPart
2021-11-19T10:23:51,424|[TRACE] graph - -----> statementPart
2021-11-19T10:23:51,424|[TRACE] graph - -------> nonSkippedChar
2021-11-19T10:23:51,424|[TRACE] script - #out(`N`) [token]
2021-11-19T10:23:51,424|[TRACE] graph - <------- nonSkippedChar
2021-11-19T10:23:51,424|[TRACE] graph - <----- statementPart
2021-11-19T10:23:51,424|[TRACE] graph - -----> statementPart
2021-11-19T10:23:51,424|[TRACE] graph - -------> nonSkippedChar
2021-11-19T10:23:51,424|[TRACE] script - #out(`U`) [token]
2021-11-19T10:23:51,424|[TRACE] graph - <------- nonSkippedChar
2021-11-19T10:23:51,424|[TRACE] graph - <----- statementPart
2021-11-19T10:23:51,424|[TRACE] graph - -----> statementPart
2021-11-19T10:23:51,424|[TRACE] graph - -------> nonSkippedChar
2021-11-19T10:23:51,424|[TRACE] script - #out(`L`) [token]
2021-11-19T10:23:51,424|[TRACE] graph - <------- nonSkippedChar
2021-11-19T10:23:51,424|[TRACE] graph - <----- statementPart
2021-11-19T10:23:51,424|[TRACE] graph - -----> statementPart
2021-11-19T10:23:51,424|[TRACE] graph - -------> nonSkippedChar
2021-11-19T10:23:51,424|[TRACE] script - #out(`L`) [token]
2021-11-19T10:23:51,424|[TRACE] graph - <------- nonSkippedChar
2021-11-19T10:23:51,424|[TRACE] graph - <----- statementPart
2021-11-19T10:23:51,424|[TRACE] graph - -----> statementPart
2021-11-19T10:23:51,424|[TRACE] graph - -------> nonSkippedSpace
2021-11-19T10:23:51,424|[TRACE] script - #out(` `) [token]
2021-11-19T10:23:51,424|[TRACE] graph - <------- nonSkippedSpace
2021-11-19T10:23:51,424|[TRACE] graph - <----- statementPart
2021-11-19T10:23:51,424|[TRACE] graph - -----> statementPart
2021-11-19T10:23:51,424|[TRACE] graph - -------> nonSkippedChar
2021-11-19T10:23:51,424|[TRACE] script - #out(`D`) [token]
2021-11-19T10:23:51,424|[TRACE] graph - <------- nonSkippedChar
2021-11-19T10:23:51,424|[TRACE] graph - <----- statementPart
2021-11-19T10:23:51,424|[TRACE] graph - -----> statementPart
2021-11-19T10:23:51,424|[TRACE] graph - -------> nonSkippedChar
2021-11-19T10:23:51,424|[TRACE] script - #out(`E`) [token]
2021-11-19T10:23:51,424|[TRACE] graph - <------- nonSkippedChar
2021-11-19T10:23:51,424|[TRACE] graph - <----- statementPart
2021-11-19T10:23:51,424|[TRACE] graph - -----> statementPart
2021-11-19T10:23:51,424|[TRACE] graph - -------> nonSkippedChar
2021-11-19T10:23:51,424|[TRACE] script - #out(`F`) [token]
2021-11-19T10:23:51,424|[TRACE] graph - <------- nonSkippedChar
2021-11-19T10:23:51,424|[TRACE] graph - <----- statementPart
2021-11-19T10:23:51,425|[TRACE] graph - -----> statementPart
2021-11-19T10:23:51,425|[TRACE] graph - -------> nonSkippedChar
2021-11-19T10:23:51,425|[TRACE] script - #out(`A`) [token]
2021-11-19T10:23:51,425|[TRACE] graph - <------- nonSkippedChar
2021-11-19T10:23:51,425|[TRACE] graph - <----- statementPart
2021-11-19T10:23:51,425|[TRACE] graph - -----> statementPart
2021-11-19T10:23:51,425|[TRACE] graph - -------> nonSkippedChar
2021-11-19T10:23:51,425|[TRACE] script - #out(`U`) [token]
2021-11-19T10:23:51,493|[TRACE] graph - <------- nonSkippedChar
2021-11-19T10:23:51,493|[TRACE] graph - <----- statementPart
2021-11-19T10:23:51,493|[TRACE] graph - -----> statementPart
2021-11-19T10:23:51,493|[TRACE] graph - -------> nonSkippedChar
2021-11-19T10:23:51,493|[TRACE] script - #out(`L`) [token]
2021-11-19T10:23:51,493|[TRACE] graph - <------- nonSkippedChar
2021-11-19T10:23:51,493|[TRACE] graph - <----- statementPart
2021-11-19T10:23:51,493|[TRACE] graph - -----> statementPart
2021-11-19T10:23:51,493|[TRACE] graph - -------> nonSkippedChar
2021-11-19T10:23:51,493|[TRACE] script - #out(`T`) [token]
2021-11-19T10:23:51,493|[TRACE] graph - <------- nonSkippedChar
2021-11-19T10:23:51,493|[TRACE] graph - <----- statementPart
2021-11-19T10:23:51,493|[TRACE] graph - -----> statementPart
2021-11-19T10:23:51,493|[TRACE] graph - -------> nonSkippedSpace
2021-11-19T10:23:51,493|[TRACE] script - #out(` `) [token]
2021-11-19T10:23:51,493|[TRACE] graph - <------- nonSkippedSpace
2021-11-19T10:23:51,493|[TRACE] graph - <----- statementPart
2021-11-19T10:23:51,493|[TRACE] graph - -----> statementPart
2021-11-19T10:23:51,493|[TRACE] graph - -------> nonSkippedChar
2021-11-19T10:23:51,493|[TRACE] script - #out(`1`) [token]
2021-11-19T10:23:51,493|[TRACE] graph - <------- nonSkippedChar
2021-11-19T10:23:51,493|[TRACE] graph - <----- statementPart
2021-11-19T10:23:51,493|[TRACE] graph - -----> statementPart
2021-11-19T10:23:51,493|[TRACE] graph - -------> nonSkippedChar
2021-11-19T10:23:51,493|[TRACE] script - #out(`,`) [token]
2021-11-19T10:23:51,493|[TRACE] graph - <------- nonSkippedChar
2021-11-19T10:23:51,493|[TRACE] graph - <----- statementPart
2021-11-19T10:23:51,493|[TRACE] graph - -----> afterStatementPartNewline
2021-11-19T10:23:51,493|[TRACE] script - #out(` `) [text]
2021-11-19T10:23:51,493|[TRACE] graph - <----- afterStatementPartNewline
2021-11-19T10:23:51,493|[TRACE] graph - -----> statementPart
2021-11-19T10:23:51,493|[TRACE] graph - -------> nonSkippedSpace
2021-11-19T10:23:51,493|[TRACE] script - #out(` `) [token]
2021-11-19T10:23:51,493|[TRACE] graph - <------- nonSkippedSpace
2021-11-19T10:23:51,493|[TRACE] graph - <----- statementPart
2021-11-19T10:23:51,493|[TRACE] graph - -----> statementPart
2021-11-19T10:23:51,493|[TRACE] graph - -------> nonSkippedSpace
2021-11-19T10:23:51,493|[TRACE] script - #out(` `) [token]
2021-11-19T10:23:51,493|[TRACE] graph - <------- nonSkippedSpace
2021-11-19T10:23:51,493|[TRACE] graph - <----- statementPart
2021-11-19T10:23:51,493|[TRACE] graph - -----> statementPart
2021-11-19T10:23:51,493|[TRACE] graph - -------> nonSkippedChar
2021-11-19T10:23:51,493|[TRACE] script - #out(`P`) [token]
2021-11-19T10:23:51,493|[TRACE] graph - <------- nonSkippedChar
2021-11-19T10:23:51,493|[TRACE] graph - <----- statementPart
2021-11-19T10:23:51,493|[TRACE] graph - -----> statementPart
2021-11-19T10:23:51,493|[TRACE] graph - -------> nonSkippedChar
2021-11-19T10:23:51,493|[TRACE] script - #out(`R`) [token]
2021-11-19T10:23:51,493|[TRACE] graph - <------- nonSkippedChar
2021-11-19T10:23:51,493|[TRACE] graph - <----- statementPart
2021-11-19T10:23:51,493|[TRACE] graph - -----> statementPart
2021-11-19T10:23:51,493|[TRACE] graph - -------> nonSkippedChar
2021-11-19T10:23:51,493|[TRACE] script - #out(`I`) [token]
2021-11-19T10:23:51,493|[TRACE] graph - <------- nonSkippedChar
2021-11-19T10:23:51,493|[TRACE] graph - <----- statementPart
2021-11-19T10:23:51,493|[TRACE] graph - -----> statementPart
2021-11-19T10:23:51,493|[TRACE] graph - -------> nonSkippedChar
2021-11-19T10:23:51,493|[TRACE] script - #out(`M`) [token]
2021-11-19T10:23:51,493|[TRACE] graph - <------- nonSkippedChar
2021-11-19T10:23:51,493|[TRACE] graph - <----- statementPart
2021-11-19T10:23:51,493|[TRACE] graph - -----> statementPart
2021-11-19T10:23:51,493|[TRACE] graph - -------> nonSkippedChar
2021-11-19T10:23:51,493|[TRACE] script - #out(`A`) [token]
2021-11-19T10:23:51,493|[TRACE] graph - <------- nonSkippedChar
2021-11-19T10:23:51,493|[TRACE] graph - <----- statementPart
2021-11-19T10:23:51,493|[TRACE] graph - -----> statementPart
2021-11-19T10:23:51,493|[TRACE] graph - -------> nonSkippedChar
2021-11-19T10:23:51,493|[TRACE] script - #out(`R`) [token]
2021-11-19T10:23:51,493|[TRACE] graph - <------- nonSkippedChar
2021-11-19T10:23:51,493|[TRACE] graph - <----- statementPart
2021-11-19T10:23:51,493|[TRACE] graph - -----> statementPart
2021-11-19T10:23:51,493|[TRACE] graph - -------> nonSkippedChar
2021-11-19T10:23:51,493|[TRACE] script - #out(`Y`) [token]
2021-11-19T10:23:51,493|[TRACE] graph - <------- nonSkippedChar
2021-11-19T10:23:51,493|[TRACE] graph - <----- statementPart
2021-11-19T10:23:51,493|[TRACE] graph - -----> statementPart
2021-11-19T10:23:51,493|[TRACE] graph - -------> nonSkippedSpace
2021-11-19T10:23:51,493|[TRACE] script - #out(` `) [token]
2021-11-19T10:23:51,493|[TRACE] graph - <------- nonSkippedSpace
2021-11-19T10:23:51,493|[TRACE] graph - <----- statementPart
2021-11-19T10:23:51,493|[TRACE] graph - -----> statementPart
2021-11-19T10:23:51,493|[TRACE] graph - -------> nonSkippedChar
2021-11-19T10:23:51,493|[TRACE] script - #out(`K`) [token]
2021-11-19T10:23:51,493|[TRACE] graph - <------- nonSkippedChar
2021-11-19T10:23:51,493|[TRACE] graph - <----- statementPart
2021-11-19T10:23:51,493|[TRACE] graph - -----> statementPart
2021-11-19T10:23:51,493|[TRACE] graph - -------> nonSkippedChar
2021-11-19T10:23:51,493|[TRACE] script - #out(`E`) [token]
2021-11-19T10:23:51,493|[TRACE] graph - <------- nonSkippedChar
2021-11-19T10:23:51,493|[TRACE] graph - <----- statementPart
2021-11-19T10:23:51,493|[TRACE] graph - -----> statementPart
2021-11-19T10:23:51,493|[TRACE] graph - -------> nonSkippedChar
2021-11-19T10:23:51,493|[TRACE] script - #out(`Y`) [token]
2021-11-19T10:23:51,493|[TRACE] graph - <------- nonSkippedChar
2021-11-19T10:23:51,493|[TRACE] graph - <----- statementPart
2021-11-19T10:23:51,493|[TRACE] graph - -----> statementPart
2021-11-19T10:23:51,493|[TRACE] graph - -------> nonSkippedSpace
2021-11-19T10:23:51,493|[TRACE] script - #out(` `) [token]
2021-11-19T10:23:51,493|[TRACE] graph - <------- nonSkippedSpace
2021-11-19T10:23:51,493|[TRACE] graph - <----- statementPart
2021-11-19T10:23:51,493|[TRACE] graph - -----> statementPart
2021-11-19T10:23:51,493|[TRACE] graph - -------> nonSkippedChar
2021-11-19T10:23:51,493|[TRACE] script - #out(`(`) [token]
2021-11-19T10:23:51,493|[TRACE] graph - <------- nonSkippedChar
2021-11-19T10:23:51,493|[TRACE] graph - <----- statementPart
2021-11-19T10:23:51,493|[TRACE] graph - -----> statementPart
2021-11-19T10:23:51,493|[TRACE] graph - -------> quotedString
2021-11-19T10:23:51,493|[TRACE] script - #out(``phone_id``) [token]
2021-11-19T10:23:51,494|[TRACE] graph - <------- quotedString
2021-11-19T10:23:51,494|[TRACE] graph - <----- statementPart
2021-11-19T10:23:51,494|[TRACE] graph - -----> statementPart
2021-11-19T10:23:51,494|[TRACE] graph - -------> nonSkippedChar
2021-11-19T10:23:51,494|[TRACE] script - #out(`)`) [token]
2021-11-19T10:23:51,494|[TRACE] graph - <------- nonSkippedChar
2021-11-19T10:23:51,494|[TRACE] graph - <----- statementPart
2021-11-19T10:23:51,494|[TRACE] graph - -----> statementPart
2021-11-19T10:23:51,494|[TRACE] graph - -------> nonSkippedChar
2021-11-19T10:23:51,494|[TRACE] script - #out(`)`) [token]
2021-11-19T10:23:51,494|[TRACE] graph - <------- nonSkippedChar
2021-11-19T10:23:51,494|[TRACE] graph - <----- statementPart
2021-11-19T10:23:51,494|[TRACE] graph - -----> afterStatementPartNewline
2021-11-19T10:23:51,494|[TRACE] script - #out(` `) [text]
2021-11-19T10:23:51,494|[TRACE] graph - <----- afterStatementPartNewline
2021-11-19T10:23:51,494|[TRACE] graph - -----> statementPart
2021-11-19T10:23:51,494|[TRACE] graph - -------> nonSkippedChar
2021-11-19T10:23:51,494|[TRACE] script - #out(`E`) [token]
2021-11-19T10:23:51,494|[TRACE] graph - <------- nonSkippedChar
2021-11-19T10:23:51,494|[TRACE] graph - <----- statementPart
2021-11-19T10:23:51,494|[TRACE] graph - -----> statementPart
2021-11-19T10:23:51,494|[TRACE] graph - -------> nonSkippedChar
2021-11-19T10:23:51,494|[TRACE] script - #out(`N`) [token]
2021-11-19T10:23:51,494|[TRACE] graph - <------- nonSkippedChar
2021-11-19T10:23:51,494|[TRACE] graph - <----- statementPart
2021-11-19T10:23:51,494|[TRACE] graph - -----> statementPart
2021-11-19T10:23:51,494|[TRACE] graph - -------> nonSkippedChar
2021-11-19T10:23:51,494|[TRACE] script - #out(`G`) [token]
2021-11-19T10:23:51,494|[TRACE] graph - <------- nonSkippedChar
2021-11-19T10:23:51,494|[TRACE] graph - <----- statementPart
2021-11-19T10:23:51,494|[TRACE] graph - -----> statementPart
2021-11-19T10:23:51,494|[TRACE] graph - -------> nonSkippedChar
2021-11-19T10:23:51,494|[TRACE] script - #out(`I`) [token]
2021-11-19T10:23:51,494|[TRACE] graph - <------- nonSkippedChar
2021-11-19T10:23:51,494|[TRACE] graph - <----- statementPart
2021-11-19T10:23:51,494|[TRACE] graph - -----> statementPart
2021-11-19T10:23:51,494|[TRACE] graph - -------> nonSkippedChar
2021-11-19T10:23:51,494|[TRACE] script - #out(`N`) [token]
2021-11-19T10:23:51,494|[TRACE] graph - <------- nonSkippedChar
2021-11-19T10:23:51,494|[TRACE] graph - <----- statementPart
2021-11-19T10:23:51,494|[TRACE] graph - -----> statementPart
2021-11-19T10:23:51,494|[TRACE] graph - -------> nonSkippedChar
2021-11-19T10:23:51,494|[TRACE] script - #out(`E`) [token]
2021-11-19T10:23:51,494|[TRACE] graph - <------- nonSkippedChar
2021-11-19T10:23:51,494|[TRACE] graph - <----- statementPart
2021-11-19T10:23:51,494|[TRACE] graph - -----> statementPart
2021-11-19T10:23:51,494|[TRACE] graph - -------> nonSkippedSpace
2021-11-19T10:23:51,494|[TRACE] script - #out(` `) [token]
2021-11-19T10:23:51,494|[TRACE] graph - <------- nonSkippedSpace
2021-11-19T10:23:51,494|[TRACE] graph - <----- statementPart
2021-11-19T10:23:51,494|[TRACE] graph - -----> statementPart
2021-11-19T10:23:51,494|[TRACE] graph - -------> nonSkippedChar
2021-11-19T10:23:51,494|[TRACE] script - #out(`=`) [token]
2021-11-19T10:23:51,494|[TRACE] graph - <------- nonSkippedChar
2021-11-19T10:23:51,494|[TRACE] graph - <----- statementPart
2021-11-19T10:23:51,494|[TRACE] graph - -----> statementPart
2021-11-19T10:23:51,494|[TRACE] graph - -------> nonSkippedSpace
2021-11-19T10:23:51,494|[TRACE] script - #out(` `) [token]
2021-11-19T10:23:51,494|[TRACE] graph - <------- nonSkippedSpace
2021-11-19T10:23:51,494|[TRACE] graph - <----- statementPart
2021-11-19T10:23:51,494|[TRACE] graph - -----> statementPart
2021-11-19T10:23:51,494|[TRACE] graph - -------> nonSkippedChar
2021-11-19T10:23:51,494|[TRACE] script - #out(`I`) [token]
2021-11-19T10:23:51,494|[TRACE] graph - <------- nonSkippedChar
2021-11-19T10:23:51,494|[TRACE] graph - <----- statementPart
2021-11-19T10:23:51,494|[TRACE] graph - -----> statementPart
2021-11-19T10:23:51,494|[TRACE] graph - -------> nonSkippedChar
2021-11-19T10:23:51,494|[TRACE] script - #out(`n`) [token]
2021-11-19T10:23:51,494|[TRACE] graph - <------- nonSkippedChar
2021-11-19T10:23:51,494|[TRACE] graph - <----- statementPart
2021-11-19T10:23:51,494|[TRACE] graph - -----> statementPart
2021-11-19T10:23:51,494|[TRACE] graph - -------> nonSkippedChar
2021-11-19T10:23:51,494|[TRACE] script - #out(`n`) [token]
2021-11-19T10:23:51,494|[TRACE] graph - <------- nonSkippedChar
2021-11-19T10:23:51,494|[TRACE] graph - <----- statementPart
2021-11-19T10:23:51,494|[TRACE] graph - -----> statementPart
2021-11-19T10:23:51,494|[TRACE] graph - -------> nonSkippedChar
2021-11-19T10:23:51,494|[TRACE] script - #out(`o`) [token]
2021-11-19T10:23:51,494|[TRACE] graph - <------- nonSkippedChar
2021-11-19T10:23:51,494|[TRACE] graph - <----- statementPart
2021-11-19T10:23:51,494|[TRACE] graph - -----> statementPart
2021-11-19T10:23:51,494|[TRACE] graph - -------> nonSkippedChar
2021-11-19T10:23:51,494|[TRACE] script - #out(`D`) [token]
2021-11-19T10:23:51,494|[TRACE] graph - <------- nonSkippedChar
2021-11-19T10:23:51,494|[TRACE] graph - <----- statementPart
2021-11-19T10:23:51,494|[TRACE] graph - -----> statementPart
2021-11-19T10:23:51,494|[TRACE] graph - -------> nonSkippedChar
2021-11-19T10:23:51,494|[TRACE] script - #out(`B`) [token]
2021-11-19T10:23:51,494|[TRACE] graph - <------- nonSkippedChar
2021-11-19T10:23:51,494|[TRACE] graph - <----- statementPart
2021-11-19T10:23:51,494|[DEBUG] graph - Import statement : CREATE TABLE IF NOT EXISTS `bloodbank`.`phone` (   `phone_id` INT NOT NULL AUTO_INCREMENT,   `country_code` VARCHAR(10) NOT NULL DEFAULT '1',   `area_code` VARCHAR(10) NOT NULL,   `number` VARCHAR(10) NOT NULL,   `created` BIGINT NOT NULL DEFAULT (unix_timestamp(now()) * 1000),   `updated` BIGINT NOT NULL DEFAULT (unix_timestamp(now()) * 1000),   `version` INT NOT NULL DEFAULT 1,   PRIMARY KEY (`phone_id`)) ENGINE = InnoDB
2021-11-19T10:23:51,494|[TRACE] graph - <--- statement
2021-11-19T10:23:51,494|[TRACE] graph - ---> blankSpacesToSkip
2021-11-19T10:23:51,494|[TRACE] graph - -----> newLineToSkip
2021-11-19T10:23:51,494|[TRACE] graph - <----- newLineToSkip
2021-11-19T10:23:51,494|[TRACE] graph - -----> newLineToSkip
2021-11-19T10:23:51,494|[TRACE] graph - <----- newLineToSkip
2021-11-19T10:23:51,494|[TRACE] graph - -----> newLineToSkip
2021-11-19T10:23:51,494|[TRACE] graph - <----- newLineToSkip
2021-11-19T10:23:51,494|[TRACE] graph - -----> newLineToSkip
2021-11-19T10:23:51,494|[TRACE] graph - <----- newLineToSkip
2021-11-19T10:23:51,494|[TRACE] graph - -----> newLineToSkip
2021-11-19T10:23:51,494|[TRACE] graph - <----- newLineToSkip
2021-11-19T10:23:51,494|[TRACE] graph - -----> newLineToSkip
2021-11-19T10:23:51,494|[TRACE] graph - <----- newLineToSkip
2021-11-19T10:23:51,494|[TRACE] graph - <--- blankSpacesToSkip
2021-11-19T10:23:51,494|[TRACE] graph - ---> statement
2021-11-19T10:23:51,494|[TRACE] graph - -----> statementFirstPart
2021-11-19T10:23:51,494|[TRACE] graph - -------> nonSkippedChar
2021-11-19T10:23:51,494|[TRACE] script - #out(`C`) [token]
2021-11-19T10:23:51,494|[TRACE] graph - <------- nonSkippedChar
2021-11-19T10:23:51,494|[TRACE] graph - <----- statementFirstPart
2021-11-19T10:23:51,494|[TRACE] graph - -----> statementPart
2021-11-19T10:23:51,494|[TRACE] graph - -------> nonSkippedChar
2021-11-19T10:23:51,494|[TRACE] script - #out(`R`) [token]
2021-11-19T10:23:51,494|[TRACE] graph - <------- nonSkippedChar
2021-11-19T10:23:51,494|[TRACE] graph - <----- statementPart
2021-11-19T10:23:51,494|[TRACE] graph - -----> statementPart
2021-11-19T10:23:51,494|[TRACE] graph - -------> nonSkippedChar
2021-11-19T10:23:51,494|[TRACE] script - #out(`E`) [token]
2021-11-19T10:23:51,494|[TRACE] graph - <------- nonSkippedChar
2021-11-19T10:23:51,494|[TRACE] graph - <----- statementPart
2021-11-19T10:23:51,494|[TRACE] graph - -----> statementPart
2021-11-19T10:23:51,494|[TRACE] graph - -------> nonSkippedChar
2021-11-19T10:23:51,494|[TRACE] script - #out(`A`) [token]
2021-11-19T10:23:51,494|[TRACE] graph - <------- nonSkippedChar
2021-11-19T10:23:51,494|[TRACE] graph - <----- statementPart
2021-11-19T10:23:51,494|[TRACE] graph - -----> statementPart
2021-11-19T10:23:51,494|[TRACE] graph - -------> nonSkippedChar
2021-11-19T10:23:51,494|[TRACE] script - #out(`T`) [token]
2021-11-19T10:23:51,494|[TRACE] graph - <------- nonSkippedChar
2021-11-19T10:23:51,494|[TRACE] graph - <----- statementPart
2021-11-19T10:23:51,494|[TRACE] graph - -----> statementPart
2021-11-19T10:23:51,494|[TRACE] graph - -------> nonSkippedChar
2021-11-19T10:23:51,494|[TRACE] script - #out(`E`) [token]
2021-11-19T10:23:51,494|[TRACE] graph - <------- nonSkippedChar
2021-11-19T10:23:51,494|[TRACE] graph - <----- statementPart
2021-11-19T10:23:51,494|[TRACE] graph - -----> statementPart
2021-11-19T10:23:51,494|[TRACE] graph - -------> nonSkippedSpace
2021-11-19T10:23:51,494|[TRACE] script - #out(` `) [token]
2021-11-19T10:23:51,494|[TRACE] graph - <------- nonSkippedSpace
2021-11-19T10:23:51,494|[TRACE] graph - <----- statementPart
2021-11-19T10:23:51,494|[TRACE] graph - -----> statementPart
2021-11-19T10:23:51,494|[TRACE] graph - -------> nonSkippedChar
2021-11-19T10:23:51,494|[TRACE] script - #out(`T`) [token]
2021-11-19T10:23:51,494|[TRACE] graph - <------- nonSkippedChar
2021-11-19T10:23:51,494|[TRACE] graph - <----- statementPart
2021-11-19T10:23:51,494|[TRACE] graph - -----> statementPart
2021-11-19T10:23:51,494|[TRACE] graph - -------> nonSkippedChar
2021-11-19T10:23:51,494|[TRACE] script - #out(`A`) [token]
2021-11-19T10:23:51,494|[TRACE] graph - <------- nonSkippedChar
2021-11-19T10:23:51,494|[TRACE] graph - <----- statementPart
2021-11-19T10:23:51,494|[TRACE] graph - -----> statementPart
2021-11-19T10:23:51,494|[TRACE] graph - -------> nonSkippedChar
2021-11-19T10:23:51,494|[TRACE] script - #out(`B`) [token]
2021-11-19T10:23:51,494|[TRACE] graph - <------- nonSkippedChar
2021-11-19T10:23:51,494|[TRACE] graph - <----- statementPart
2021-11-19T10:23:51,494|[TRACE] graph - -----> statementPart
2021-11-19T10:23:51,494|[TRACE] graph - -------> nonSkippedChar
2021-11-19T10:23:51,494|[TRACE] script - #out(`L`) [token]
2021-11-19T10:23:51,494|[TRACE] graph - <------- nonSkippedChar
2021-11-19T10:23:51,494|[TRACE] graph - <----- statementPart
2021-11-19T10:23:51,494|[TRACE] graph - -----> statementPart
2021-11-19T10:23:51,494|[TRACE] graph - -------> nonSkippedChar
2021-11-19T10:23:51,494|[TRACE] script - #out(`E`) [token]
2021-11-19T10:23:51,494|[TRACE] graph - <------- nonSkippedChar
2021-11-19T10:23:51,494|[TRACE] graph - <----- statementPart
2021-11-19T10:23:51,494|[TRACE] graph - -----> statementPart
2021-11-19T10:23:51,494|[TRACE] graph - -------> nonSkippedSpace
2021-11-19T10:23:51,494|[TRACE] script - #out(` `) [token]
2021-11-19T10:23:51,494|[TRACE] graph - <------- nonSkippedSpace
2021-11-19T10:23:51,494|[TRACE] graph - <----- statementPart
2021-11-19T10:23:51,494|[TRACE] graph - -----> statementPart
2021-11-19T10:23:51,494|[TRACE] graph - -------> nonSkippedChar
2021-11-19T10:23:51,494|[TRACE] script - #out(`I`) [token]
2021-11-19T10:23:51,494|[TRACE] graph - <------- nonSkippedChar
2021-11-19T10:23:51,494|[TRACE] graph - <----- statementPart
2021-11-19T10:23:51,494|[TRACE] graph - -----> statementPart
2021-11-19T10:23:51,494|[TRACE] graph - -------> nonSkippedChar
2021-11-19T10:23:51,494|[TRACE] script - #out(`F`) [token]
2021-11-19T10:23:51,494|[TRACE] graph - <------- nonSkippedChar
2021-11-19T10:23:51,494|[TRACE] graph - <----- statementPart
2021-11-19T10:23:51,494|[TRACE] graph - -----> statementPart
2021-11-19T10:23:51,494|[TRACE] graph - -------> nonSkippedSpace
2021-11-19T10:23:51,494|[TRACE] script - #out(` `) [token]
2021-11-19T10:23:51,494|[TRACE] graph - <------- nonSkippedSpace
2021-11-19T10:23:51,494|[TRACE] graph - <----- statementPart
2021-11-19T10:23:51,494|[TRACE] graph - -----> statementPart
2021-11-19T10:23:51,494|[TRACE] graph - -------> nonSkippedChar
2021-11-19T10:23:51,494|[TRACE] script - #out(`N`) [token]
2021-11-19T10:23:51,494|[TRACE] graph - <------- nonSkippedChar
2021-11-19T10:23:51,494|[TRACE] graph - <----- statementPart
2021-11-19T10:23:51,494|[TRACE] graph - -----> statementPart
2021-11-19T10:23:51,494|[TRACE] graph - -------> nonSkippedChar
2021-11-19T10:23:51,494|[TRACE] script - #out(`O`) [token]
2021-11-19T10:23:51,494|[TRACE] graph - <------- nonSkippedChar
2021-11-19T10:23:51,494|[TRACE] graph - <----- statementPart
2021-11-19T10:23:51,494|[TRACE] graph - -----> statementPart
2021-11-19T10:23:51,494|[TRACE] graph - -------> nonSkippedChar
2021-11-19T10:23:51,494|[TRACE] script - #out(`T`) [token]
2021-11-19T10:23:51,494|[TRACE] graph - <------- nonSkippedChar
2021-11-19T10:23:51,494|[TRACE] graph - <----- statementPart
2021-11-19T10:23:51,494|[TRACE] graph - -----> statementPart
2021-11-19T10:23:51,494|[TRACE] graph - -------> nonSkippedSpace
2021-11-19T10:23:51,494|[TRACE] script - #out(` `) [token]
2021-11-19T10:23:51,494|[TRACE] graph - <------- nonSkippedSpace
2021-11-19T10:23:51,494|[TRACE] graph - <----- statementPart
2021-11-19T10:23:51,494|[TRACE] graph - -----> statementPart
2021-11-19T10:23:51,494|[TRACE] graph - -------> nonSkippedChar
2021-11-19T10:23:51,494|[TRACE] script - #out(`E`) [token]
2021-11-19T10:23:51,494|[TRACE] graph - <------- nonSkippedChar
2021-11-19T10:23:51,494|[TRACE] graph - <----- statementPart
2021-11-19T10:23:51,494|[TRACE] graph - -----> statementPart
2021-11-19T10:23:51,494|[TRACE] graph - -------> nonSkippedChar
2021-11-19T10:23:51,494|[TRACE] script - #out(`X`) [token]
2021-11-19T10:23:51,494|[TRACE] graph - <------- nonSkippedChar
2021-11-19T10:23:51,494|[TRACE] graph - <----- statementPart
2021-11-19T10:23:51,494|[TRACE] graph - -----> statementPart
2021-11-19T10:23:51,494|[TRACE] graph - -------> nonSkippedChar
2021-11-19T10:23:51,494|[TRACE] script - #out(`I`) [token]
2021-11-19T10:23:51,494|[TRACE] graph - <------- nonSkippedChar
2021-11-19T10:23:51,494|[TRACE] graph - <----- statementPart
2021-11-19T10:23:51,494|[TRACE] graph - -----> statementPart
2021-11-19T10:23:51,494|[TRACE] graph - -------> nonSkippedChar
2021-11-19T10:23:51,494|[TRACE] script - #out(`S`) [token]
2021-11-19T10:23:51,494|[TRACE] graph - <------- nonSkippedChar
2021-11-19T10:23:51,494|[TRACE] graph - <----- statementPart
2021-11-19T10:23:51,494|[TRACE] graph - -----> statementPart
2021-11-19T10:23:51,494|[TRACE] graph - -------> nonSkippedChar
2021-11-19T10:23:51,494|[TRACE] script - #out(`T`) [token]
2021-11-19T10:23:51,494|[TRACE] graph - <------- nonSkippedChar
2021-11-19T10:23:51,494|[TRACE] graph - <----- statementPart
2021-11-19T10:23:51,494|[TRACE] graph - -----> statementPart
2021-11-19T10:23:51,494|[TRACE] graph - -------> nonSkippedChar
2021-11-19T10:23:51,494|[TRACE] script - #out(`S`) [token]
2021-11-19T10:23:51,494|[TRACE] graph - <------- nonSkippedChar
2021-11-19T10:23:51,494|[TRACE] graph - <----- statementPart
2021-11-19T10:23:51,494|[TRACE] graph - -----> statementPart
2021-11-19T10:23:51,494|[TRACE] graph - -------> nonSkippedSpace
2021-11-19T10:23:51,494|[TRACE] script - #out(` `) [token]
2021-11-19T10:23:51,494|[TRACE] graph - <------- nonSkippedSpace
2021-11-19T10:23:51,494|[TRACE] graph - <----- statementPart
2021-11-19T10:23:51,494|[TRACE] graph - -----> statementPart
2021-11-19T10:23:51,494|[TRACE] graph - -------> quotedString
2021-11-19T10:23:51,494|[TRACE] script - #out(``bloodbank``) [token]
2021-11-19T10:23:51,494|[TRACE] graph - <------- quotedString
2021-11-19T10:23:51,494|[TRACE] graph - <----- statementPart
2021-11-19T10:23:51,494|[TRACE] graph - -----> statementPart
2021-11-19T10:23:51,494|[TRACE] graph - -------> nonSkippedChar
2021-11-19T10:23:51,494|[TRACE] script - #out(`.`) [token]
2021-11-19T10:23:51,494|[TRACE] graph - <------- nonSkippedChar
2021-11-19T10:23:51,494|[TRACE] graph - <----- statementPart
2021-11-19T10:23:51,494|[TRACE] graph - -----> statementPart
2021-11-19T10:23:51,495|[TRACE] graph - -------> quotedString
2021-11-19T10:23:51,495|[TRACE] script - #out(``contact``) [token]
2021-11-19T10:23:51,495|[TRACE] graph - <------- quotedString
2021-11-19T10:23:51,495|[TRACE] graph - <----- statementPart
2021-11-19T10:23:51,495|[TRACE] graph - -----> statementPart
2021-11-19T10:23:51,495|[TRACE] graph - -------> nonSkippedSpace
2021-11-19T10:23:51,495|[TRACE] script - #out(` `) [token]
2021-11-19T10:23:51,495|[TRACE] graph - <------- nonSkippedSpace
2021-11-19T10:23:51,495|[TRACE] graph - <----- statementPart
2021-11-19T10:23:51,495|[TRACE] graph - -----> statementPart
2021-11-19T10:23:51,495|[TRACE] graph - -------> nonSkippedChar
2021-11-19T10:23:51,495|[TRACE] script - #out(`(`) [token]
2021-11-19T10:23:51,495|[TRACE] graph - <------- nonSkippedChar
2021-11-19T10:23:51,495|[TRACE] graph - <----- statementPart
2021-11-19T10:23:51,495|[TRACE] graph - -----> afterStatementPartNewline
2021-11-19T10:23:51,495|[TRACE] script - #out(` `) [text]
2021-11-19T10:23:51,495|[TRACE] graph - <----- afterStatementPartNewline
2021-11-19T10:23:51,495|[TRACE] graph - -----> statementPart
2021-11-19T10:23:51,495|[TRACE] graph - -------> nonSkippedSpace
2021-11-19T10:23:51,495|[TRACE] script - #out(` `) [token]
2021-11-19T10:23:51,495|[TRACE] graph - <------- nonSkippedSpace
2021-11-19T10:23:51,495|[TRACE] graph - <----- statementPart
2021-11-19T10:23:51,495|[TRACE] graph - -----> statementPart
2021-11-19T10:23:51,495|[TRACE] graph - -------> nonSkippedSpace
2021-11-19T10:23:51,495|[TRACE] script - #out(` `) [token]
2021-11-19T10:23:51,495|[TRACE] graph - <------- nonSkippedSpace
2021-11-19T10:23:51,495|[TRACE] graph - <----- statementPart
2021-11-19T10:23:51,495|[TRACE] graph - -----> statementPart
2021-11-19T10:23:51,495|[TRACE] graph - -------> quotedString
2021-11-19T10:23:51,495|[TRACE] script - #out(``person_id``) [token]
2021-11-19T10:23:51,495|[TRACE] graph - <------- quotedString
2021-11-19T10:23:51,495|[TRACE] graph - <----- statementPart
2021-11-19T10:23:51,495|[TRACE] graph - -----> statementPart
2021-11-19T10:23:51,495|[TRACE] graph - -------> nonSkippedSpace
2021-11-19T10:23:51,495|[TRACE] script - #out(` `) [token]
2021-11-19T10:23:51,495|[TRACE] graph - <------- nonSkippedSpace
2021-11-19T10:23:51,495|[TRACE] graph - <----- statementPart
2021-11-19T10:23:51,495|[TRACE] graph - -----> statementPart
2021-11-19T10:23:51,495|[TRACE] graph - -------> nonSkippedChar
2021-11-19T10:23:51,495|[TRACE] script - #out(`I`) [token]
2021-11-19T10:23:51,495|[TRACE] graph - <------- nonSkippedChar
2021-11-19T10:23:51,495|[TRACE] graph - <----- statementPart
2021-11-19T10:23:51,495|[TRACE] graph - -----> statementPart
2021-11-19T10:23:51,495|[TRACE] graph - -------> nonSkippedChar
2021-11-19T10:23:51,495|[TRACE] script - #out(`N`) [token]
2021-11-19T10:23:51,495|[TRACE] graph - <------- nonSkippedChar
2021-11-19T10:23:51,495|[TRACE] graph - <----- statementPart
2021-11-19T10:23:51,495|[TRACE] graph - -----> statementPart
2021-11-19T10:23:51,495|[TRACE] graph - -------> nonSkippedChar
2021-11-19T10:23:51,495|[TRACE] script - #out(`T`) [token]
2021-11-19T10:23:51,495|[TRACE] graph - <------- nonSkippedChar
2021-11-19T10:23:51,495|[TRACE] graph - <----- statementPart
2021-11-19T10:23:51,495|[TRACE] graph - -----> statementPart
2021-11-19T10:23:51,495|[TRACE] graph - -------> nonSkippedSpace
2021-11-19T10:23:51,495|[TRACE] script - #out(` `) [token]
2021-11-19T10:23:51,495|[TRACE] graph - <------- nonSkippedSpace
2021-11-19T10:23:51,495|[TRACE] graph - <----- statementPart
2021-11-19T10:23:51,495|[TRACE] graph - -----> statementPart
2021-11-19T10:23:51,495|[TRACE] graph - -------> nonSkippedChar
2021-11-19T10:23:51,495|[TRACE] script - #out(`N`) [token]
2021-11-19T10:23:51,495|[TRACE] graph - <------- nonSkippedChar
2021-11-19T10:23:51,495|[TRACE] graph - <----- statementPart
2021-11-19T10:23:51,495|[TRACE] graph - -----> statementPart
2021-11-19T10:23:51,495|[TRACE] graph - -------> nonSkippedChar
2021-11-19T10:23:51,495|[TRACE] script - #out(`O`) [token]
2021-11-19T10:23:51,495|[TRACE] graph - <------- nonSkippedChar
2021-11-19T10:23:51,495|[TRACE] graph - <----- statementPart
2021-11-19T10:23:51,495|[TRACE] graph - -----> statementPart
2021-11-19T10:23:51,495|[TRACE] graph - -------> nonSkippedChar
2021-11-19T10:23:51,495|[TRACE] script - #out(`T`) [token]
2021-11-19T10:23:51,495|[TRACE] graph - <------- nonSkippedChar
2021-11-19T10:23:51,495|[TRACE] graph - <----- statementPart
2021-11-19T10:23:51,495|[TRACE] graph - -----> statementPart
2021-11-19T10:23:51,495|[TRACE] graph - -------> nonSkippedSpace
2021-11-19T10:23:51,495|[TRACE] script - #out(` `) [token]
2021-11-19T10:23:51,495|[TRACE] graph - <------- nonSkippedSpace
2021-11-19T10:23:51,495|[TRACE] graph - <----- statementPart
2021-11-19T10:23:51,495|[TRACE] graph - -----> statementPart
2021-11-19T10:23:51,495|[TRACE] graph - -------> nonSkippedChar
2021-11-19T10:23:51,495|[TRACE] script - #out(`N`) [token]
2021-11-19T10:23:51,495|[TRACE] graph - <------- nonSkippedChar
2021-11-19T10:23:51,495|[TRACE] graph - <----- statementPart
2021-11-19T10:23:51,495|[TRACE] graph - -----> statementPart
2021-11-19T10:23:51,495|[TRACE] graph - -------> nonSkippedChar
2021-11-19T10:23:51,495|[TRACE] script - #out(`U`) [token]
2021-11-19T10:23:51,495|[TRACE] graph - <------- nonSkippedChar
2021-11-19T10:23:51,495|[TRACE] graph - <----- statementPart
2021-11-19T10:23:51,495|[TRACE] graph - -----> statementPart
2021-11-19T10:23:51,495|[TRACE] graph - -------> nonSkippedChar
2021-11-19T10:23:51,495|[TRACE] script - #out(`L`) [token]
2021-11-19T10:23:51,495|[TRACE] graph - <------- nonSkippedChar
2021-11-19T10:23:51,495|[TRACE] graph - <----- statementPart
2021-11-19T10:23:51,495|[TRACE] graph - -----> statementPart
2021-11-19T10:23:51,495|[TRACE] graph - -------> nonSkippedChar
2021-11-19T10:23:51,495|[TRACE] script - #out(`L`) [token]
2021-11-19T10:23:51,495|[TRACE] graph - <------- nonSkippedChar
2021-11-19T10:23:51,495|[TRACE] graph - <----- statementPart
2021-11-19T10:23:51,495|[TRACE] graph - -----> statementPart
2021-11-19T10:23:51,495|[TRACE] graph - -------> nonSkippedChar
2021-11-19T10:23:51,551|[TRACE] script - #out(`,`) [token]
2021-11-19T10:23:51,552|[TRACE] graph - <------- nonSkippedChar
2021-11-19T10:23:51,552|[TRACE] graph - <----- statementPart
2021-11-19T10:23:51,552|[TRACE] graph - -----> afterStatementPartNewline
2021-11-19T10:23:51,552|[TRACE] script - #out(` `) [text]
2021-11-19T10:23:51,552|[TRACE] graph - <----- afterStatementPartNewline
2021-11-19T10:23:51,552|[TRACE] graph - -----> statementPart
2021-11-19T10:23:51,552|[TRACE] graph - -------> nonSkippedSpace
2021-11-19T10:23:51,552|[TRACE] script - #out(` `) [token]
2021-11-19T10:23:51,552|[TRACE] graph - <------- nonSkippedSpace
2021-11-19T10:23:51,552|[TRACE] graph - <----- statementPart
2021-11-19T10:23:51,552|[TRACE] graph - -----> statementPart
2021-11-19T10:23:51,552|[TRACE] graph - -------> nonSkippedSpace
2021-11-19T10:23:51,552|[TRACE] script - #out(` `) [token]
2021-11-19T10:23:51,552|[TRACE] graph - <------- nonSkippedSpace
2021-11-19T10:23:51,552|[TRACE] graph - <----- statementPart
2021-11-19T10:23:51,552|[TRACE] graph - -----> statementPart
2021-11-19T10:23:51,552|[TRACE] graph - -------> quotedString
2021-11-19T10:23:51,552|[TRACE] script - #out(``phone_id``) [token]
2021-11-19T10:23:51,552|[TRACE] graph - <------- quotedString
2021-11-19T10:23:51,552|[TRACE] graph - <----- statementPart
2021-11-19T10:23:51,552|[TRACE] graph - -----> statementPart
2021-11-19T10:23:51,552|[TRACE] graph - -------> nonSkippedSpace
2021-11-19T10:23:51,552|[TRACE] script - #out(` `) [token]
2021-11-19T10:23:51,552|[TRACE] graph - <------- nonSkippedSpace
2021-11-19T10:23:51,552|[TRACE] graph - <----- statementPart
2021-11-19T10:23:51,552|[TRACE] graph - -----> statementPart
2021-11-19T10:23:51,552|[TRACE] graph - -------> nonSkippedChar
2021-11-19T10:23:51,552|[TRACE] script - #out(`I`) [token]
2021-11-19T10:23:51,552|[TRACE] graph - <------- nonSkippedChar
2021-11-19T10:23:51,552|[TRACE] graph - <----- statementPart
2021-11-19T10:23:51,552|[TRACE] graph - -----> statementPart
2021-11-19T10:23:51,552|[TRACE] graph - -------> nonSkippedChar
2021-11-19T10:23:51,552|[TRACE] script - #out(`N`) [token]
2021-11-19T10:23:51,552|[TRACE] graph - <------- nonSkippedChar
2021-11-19T10:23:51,552|[TRACE] graph - <----- statementPart
2021-11-19T10:23:51,552|[TRACE] graph - -----> statementPart
2021-11-19T10:23:51,552|[TRACE] graph - -------> nonSkippedChar
2021-11-19T10:23:51,552|[TRACE] script - #out(`T`) [token]
2021-11-19T10:23:51,552|[TRACE] graph - <------- nonSkippedChar
2021-11-19T10:23:51,552|[TRACE] graph - <----- statementPart
2021-11-19T10:23:51,552|[TRACE] graph - -----> statementPart
2021-11-19T10:23:51,552|[TRACE] graph - -------> nonSkippedSpace
2021-11-19T10:23:51,552|[TRACE] script - #out(` `) [token]
2021-11-19T10:23:51,552|[TRACE] graph - <------- nonSkippedSpace
2021-11-19T10:23:51,552|[TRACE] graph - <----- statementPart
2021-11-19T10:23:51,552|[TRACE] graph - -----> statementPart
2021-11-19T10:23:51,552|[TRACE] graph - -------> nonSkippedChar
2021-11-19T10:23:51,552|[TRACE] script - #out(`N`) [token]
2021-11-19T10:23:51,552|[TRACE] graph - <------- nonSkippedChar
2021-11-19T10:23:51,552|[TRACE] graph - <----- statementPart
2021-11-19T10:23:51,552|[TRACE] graph - -----> statementPart
2021-11-19T10:23:51,552|[TRACE] graph - -------> nonSkippedChar
2021-11-19T10:23:51,552|[TRACE] script - #out(`O`) [token]
2021-11-19T10:23:51,552|[TRACE] graph - <------- nonSkippedChar
2021-11-19T10:23:51,552|[TRACE] graph - <----- statementPart
2021-11-19T10:23:51,552|[TRACE] graph - -----> statementPart
2021-11-19T10:23:51,552|[TRACE] graph - -------> nonSkippedChar
2021-11-19T10:23:51,552|[TRACE] script - #out(`T`) [token]
2021-11-19T10:23:51,552|[TRACE] graph - <------- nonSkippedChar
2021-11-19T10:23:51,552|[TRACE] graph - <----- statementPart
2021-11-19T10:23:51,552|[TRACE] graph - -----> statementPart
2021-11-19T10:23:51,552|[TRACE] graph - -------> nonSkippedSpace
2021-11-19T10:23:51,552|[TRACE] script - #out(` `) [token]
2021-11-19T10:23:51,552|[TRACE] graph - <------- nonSkippedSpace
2021-11-19T10:23:51,552|[TRACE] graph - <----- statementPart
2021-11-19T10:23:51,552|[TRACE] graph - -----> statementPart
2021-11-19T10:23:51,552|[TRACE] graph - -------> nonSkippedChar
2021-11-19T10:23:51,552|[TRACE] script - #out(`N`) [token]
2021-11-19T10:23:51,552|[TRACE] graph - <------- nonSkippedChar
2021-11-19T10:23:51,552|[TRACE] graph - <----- statementPart
2021-11-19T10:23:51,552|[TRACE] graph - -----> statementPart
2021-11-19T10:23:51,552|[TRACE] graph - -------> nonSkippedChar
2021-11-19T10:23:51,552|[TRACE] script - #out(`U`) [token]
2021-11-19T10:23:51,552|[TRACE] graph - <------- nonSkippedChar
2021-11-19T10:23:51,552|[TRACE] graph - <----- statementPart
2021-11-19T10:23:51,552|[TRACE] graph - -----> statementPart
2021-11-19T10:23:51,552|[TRACE] graph - -------> nonSkippedChar
2021-11-19T10:23:51,552|[TRACE] script - #out(`L`) [token]
2021-11-19T10:23:51,552|[TRACE] graph - <------- nonSkippedChar
2021-11-19T10:23:51,552|[TRACE] graph - <----- statementPart
2021-11-19T10:23:51,552|[TRACE] graph - -----> statementPart
2021-11-19T10:23:51,552|[TRACE] graph - -------> nonSkippedChar
2021-11-19T10:23:51,552|[TRACE] script - #out(`L`) [token]
2021-11-19T10:23:51,552|[TRACE] graph - <------- nonSkippedChar
2021-11-19T10:23:51,552|[TRACE] graph - <----- statementPart
2021-11-19T10:23:51,552|[TRACE] graph - -----> statementPart
2021-11-19T10:23:51,552|[TRACE] graph - -------> nonSkippedChar
2021-11-19T10:23:51,552|[TRACE] script - #out(`,`) [token]
2021-11-19T10:23:51,552|[TRACE] graph - <------- nonSkippedChar
2021-11-19T10:23:51,552|[TRACE] graph - <----- statementPart
2021-11-19T10:23:51,552|[TRACE] graph - -----> afterStatementPartNewline
2021-11-19T10:23:51,552|[TRACE] script - #out(` `) [text]
2021-11-19T10:23:51,552|[TRACE] graph - <----- afterStatementPartNewline
2021-11-19T10:23:51,552|[TRACE] graph - -----> statementPart
2021-11-19T10:23:51,552|[TRACE] graph - -------> nonSkippedSpace
2021-11-19T10:23:51,552|[TRACE] script - #out(` `) [token]
2021-11-19T10:23:51,552|[TRACE] graph - <------- nonSkippedSpace
2021-11-19T10:23:51,552|[TRACE] graph - <----- statementPart
2021-11-19T10:23:51,552|[TRACE] graph - -----> statementPart
2021-11-19T10:23:51,552|[TRACE] graph - -------> nonSkippedSpace
2021-11-19T10:23:51,552|[TRACE] script - #out(` `) [token]
2021-11-19T10:23:51,552|[TRACE] graph - <------- nonSkippedSpace
2021-11-19T10:23:51,552|[TRACE] graph - <----- statementPart
2021-11-19T10:23:51,552|[TRACE] graph - -----> statementPart
2021-11-19T10:23:51,552|[TRACE] graph - -------> quotedString
2021-11-19T10:23:51,552|[TRACE] script - #out(``contact_type``) [token]
2021-11-19T10:23:51,552|[TRACE] graph - <------- quotedString
2021-11-19T10:23:51,552|[TRACE] graph - <----- statementPart
2021-11-19T10:23:51,552|[TRACE] graph - -----> statementPart
2021-11-19T10:23:51,552|[TRACE] graph - -------> nonSkippedSpace
2021-11-19T10:23:51,552|[TRACE] script - #out(` `) [token]
2021-11-19T10:23:51,552|[TRACE] graph - <------- nonSkippedSpace
2021-11-19T10:23:51,552|[TRACE] graph - <----- statementPart
2021-11-19T10:23:51,552|[TRACE] graph - -----> statementPart
2021-11-19T10:23:51,552|[TRACE] graph - -------> nonSkippedChar
2021-11-19T10:23:51,552|[TRACE] script - #out(`V`) [token]
2021-11-19T10:23:51,552|[TRACE] graph - <------- nonSkippedChar
2021-11-19T10:23:51,552|[TRACE] graph - <----- statementPart
2021-11-19T10:23:51,552|[TRACE] graph - -----> statementPart
2021-11-19T10:23:51,552|[TRACE] graph - -------> nonSkippedChar
2021-11-19T10:23:51,552|[TRACE] script - #out(`A`) [token]
2021-11-19T10:23:51,552|[TRACE] graph - <------- nonSkippedChar
2021-11-19T10:23:51,552|[TRACE] graph - <----- statementPart
2021-11-19T10:23:51,552|[TRACE] graph - -----> statementPart
2021-11-19T10:23:51,552|[TRACE] graph - -------> nonSkippedChar
2021-11-19T10:23:51,552|[TRACE] script - #out(`R`) [token]
2021-11-19T10:23:51,552|[TRACE] graph - <------- nonSkippedChar
2021-11-19T10:23:51,552|[TRACE] graph - <----- statementPart
2021-11-19T10:23:51,552|[TRACE] graph - -----> statementPart
2021-11-19T10:23:51,552|[TRACE] graph - -------> nonSkippedChar
2021-11-19T10:23:51,552|[TRACE] script - #out(`C`) [token]
2021-11-19T10:23:51,552|[TRACE] graph - <------- nonSkippedChar
2021-11-19T10:23:51,552|[TRACE] graph - <----- statementPart
2021-11-19T10:23:51,552|[TRACE] graph - -----> statementPart
2021-11-19T10:23:51,552|[TRACE] graph - -------> nonSkippedChar
2021-11-19T10:23:51,552|[TRACE] script - #out(`H`) [token]
2021-11-19T10:23:51,552|[TRACE] graph - <------- nonSkippedChar
2021-11-19T10:23:51,552|[TRACE] graph - <----- statementPart
2021-11-19T10:23:51,552|[TRACE] graph - -----> statementPart
2021-11-19T10:23:51,552|[TRACE] graph - -------> nonSkippedChar
2021-11-19T10:23:51,552|[TRACE] script - #out(`A`) [token]
2021-11-19T10:23:51,552|[TRACE] graph - <------- nonSkippedChar
2021-11-19T10:23:51,552|[TRACE] graph - <----- statementPart
2021-11-19T10:23:51,552|[TRACE] graph - -----> statementPart
2021-11-19T10:23:51,552|[TRACE] graph - -------> nonSkippedChar
2021-11-19T10:23:51,552|[TRACE] script - #out(`R`) [token]
2021-11-19T10:23:51,552|[TRACE] graph - <------- nonSkippedChar
2021-11-19T10:23:51,552|[TRACE] graph - <----- statementPart
2021-11-19T10:23:51,552|[TRACE] graph - -----> statementPart
2021-11-19T10:23:51,552|[TRACE] graph - -------> nonSkippedChar
2021-11-19T10:23:51,552|[TRACE] script - #out(`(`) [token]
2021-11-19T10:23:51,552|[TRACE] graph - <------- nonSkippedChar
2021-11-19T10:23:51,552|[TRACE] graph - <----- statementPart
2021-11-19T10:23:51,552|[TRACE] graph - -----> statementPart
2021-11-19T10:23:51,552|[TRACE] graph - -------> nonSkippedChar
2021-11-19T10:23:51,552|[TRACE] script - #out(`1`) [token]
2021-11-19T10:23:51,552|[TRACE] graph - <------- nonSkippedChar
2021-11-19T10:23:51,552|[TRACE] graph - <----- statementPart
2021-11-19T10:23:51,552|[TRACE] graph - -----> statementPart
2021-11-19T10:23:51,552|[TRACE] graph - -------> nonSkippedChar
2021-11-19T10:23:51,552|[TRACE] script - #out(`0`) [token]
2021-11-19T10:23:51,552|[TRACE] graph - <------- nonSkippedChar
2021-11-19T10:23:51,552|[TRACE] graph - <----- statementPart
2021-11-19T10:23:51,552|[TRACE] graph - -----> statementPart
2021-11-19T10:23:51,553|[TRACE] graph - -------> nonSkippedChar
2021-11-19T10:23:51,553|[TRACE] script - #out(`)`) [token]
2021-11-19T10:23:51,553|[TRACE] graph - <------- nonSkippedChar
2021-11-19T10:23:51,553|[TRACE] graph - <----- statementPart
2021-11-19T10:23:51,553|[TRACE] graph - -----> statementPart
2021-11-19T10:23:51,553|[TRACE] graph - -------> nonSkippedSpace
2021-11-19T10:23:51,553|[TRACE] script - #out(` `) [token]
2021-11-19T10:23:51,553|[TRACE] graph - <------- nonSkippedSpace
2021-11-19T10:23:51,553|[TRACE] graph - <----- statementPart
2021-11-19T10:23:51,553|[TRACE] graph - -----> statementPart
2021-11-19T10:23:51,553|[TRACE] graph - -------> nonSkippedChar
2021-11-19T10:23:51,553|[TRACE] script - #out(`N`) [token]
2021-11-19T10:23:51,553|[TRACE] graph - <------- nonSkippedChar
2021-11-19T10:23:51,553|[TRACE] graph - <----- statementPart
2021-11-19T10:23:51,553|[TRACE] graph - -----> statementPart
2021-11-19T10:23:51,553|[TRACE] graph - -------> nonSkippedChar
2021-11-19T10:23:51,553|[TRACE] script - #out(`O`) [token]
2021-11-19T10:23:51,553|[TRACE] graph - <------- nonSkippedChar
2021-11-19T10:23:51,553|[TRACE] graph - <----- statementPart
2021-11-19T10:23:51,553|[TRACE] graph - -----> statementPart
2021-11-19T10:23:51,553|[TRACE] graph - -------> nonSkippedChar
2021-11-19T10:23:51,553|[TRACE] script - #out(`T`) [token]
2021-11-19T10:23:51,553|[TRACE] graph - <------- nonSkippedChar
2021-11-19T10:23:51,553|[TRACE] graph - <----- statementPart
2021-11-19T10:23:51,553|[TRACE] graph - -----> statementPart
2021-11-19T10:23:51,553|[TRACE] graph - -------> nonSkippedSpace
2021-11-19T10:23:51,553|[TRACE] script - #out(` `) [token]
2021-11-19T10:23:51,553|[TRACE] graph - <------- nonSkippedSpace
2021-11-19T10:23:51,553|[TRACE] graph - <----- statementPart
2021-11-19T10:23:51,553|[TRACE] graph - -----> statementPart
2021-11-19T10:23:51,553|[TRACE] graph - -------> nonSkippedChar
2021-11-19T10:23:51,553|[TRACE] script - #out(`N`) [token]
2021-11-19T10:23:51,553|[TRACE] graph - <------- nonSkippedChar
2021-11-19T10:23:51,553|[TRACE] graph - <----- statementPart
2021-11-19T10:23:51,553|[TRACE] graph - -----> statementPart
2021-11-19T10:23:51,553|[TRACE] graph - -------> nonSkippedChar
2021-11-19T10:23:51,553|[TRACE] script - #out(`U`) [token]
2021-11-19T10:23:51,553|[TRACE] graph - <------- nonSkippedChar
2021-11-19T10:23:51,553|[TRACE] graph - <----- statementPart
2021-11-19T10:23:51,553|[TRACE] graph - -----> statementPart
2021-11-19T10:23:51,553|[TRACE] graph - -------> nonSkippedChar
2021-11-19T10:23:51,553|[TRACE] script - #out(`L`) [token]
2021-11-19T10:23:51,553|[TRACE] graph - <------- nonSkippedChar
2021-11-19T10:23:51,553|[TRACE] graph - <----- statementPart
2021-11-19T10:23:51,553|[TRACE] graph - -----> statementPart
2021-11-19T10:23:51,553|[TRACE] graph - -------> nonSkippedChar
2021-11-19T10:23:51,553|[TRACE] script - #out(`L`) [token]
2021-11-19T10:23:51,553|[TRACE] graph - <------- nonSkippedChar
2021-11-19T10:23:51,553|[TRACE] graph - <----- statementPart
2021-11-19T10:23:51,553|[TRACE] graph - -----> statementPart
2021-11-19T10:23:51,553|[TRACE] graph - -------> nonSkippedChar
2021-11-19T10:23:51,553|[TRACE] script - #out(`,`) [token]
2021-11-19T10:23:51,553|[TRACE] graph - <------- nonSkippedChar
2021-11-19T10:23:51,553|[TRACE] graph - <----- statementPart
2021-11-19T10:23:51,553|[TRACE] graph - -----> afterStatementPartNewline
2021-11-19T10:23:51,553|[TRACE] script - #out(` `) [text]
2021-11-19T10:23:51,553|[TRACE] graph - <----- afterStatementPartNewline
2021-11-19T10:23:51,553|[TRACE] graph - -----> statementPart
2021-11-19T10:23:51,553|[TRACE] graph - -------> nonSkippedSpace
2021-11-19T10:23:51,553|[TRACE] script - #out(` `) [token]
2021-11-19T10:23:51,553|[TRACE] graph - <------- nonSkippedSpace
2021-11-19T10:23:51,553|[TRACE] graph - <----- statementPart
2021-11-19T10:23:51,553|[TRACE] graph - -----> statementPart
2021-11-19T10:23:51,553|[TRACE] graph - -------> nonSkippedSpace
2021-11-19T10:23:51,553|[TRACE] script - #out(` `) [token]
2021-11-19T10:23:51,553|[TRACE] graph - <------- nonSkippedSpace
2021-11-19T10:23:51,553|[TRACE] graph - <----- statementPart
2021-11-19T10:23:51,553|[TRACE] graph - -----> statementPart
2021-11-19T10:23:51,553|[TRACE] graph - -------> quotedString
2021-11-19T10:23:51,553|[TRACE] script - #out(``email``) [token]
2021-11-19T10:23:51,553|[TRACE] graph - <------- quotedString
2021-11-19T10:23:51,553|[TRACE] graph - <----- statementPart
2021-11-19T10:23:51,553|[TRACE] graph - -----> statementPart
2021-11-19T10:23:51,553|[TRACE] graph - -------> nonSkippedSpace
2021-11-19T10:23:51,553|[TRACE] script - #out(` `) [token]
2021-11-19T10:23:51,553|[TRACE] graph - <------- nonSkippedSpace
2021-11-19T10:23:51,553|[TRACE] graph - <----- statementPart
2021-11-19T10:23:51,553|[TRACE] graph - -----> statementPart
2021-11-19T10:23:51,553|[TRACE] graph - -------> nonSkippedChar
2021-11-19T10:23:51,553|[TRACE] script - #out(`V`) [token]
2021-11-19T10:23:51,553|[TRACE] graph - <------- nonSkippedChar
2021-11-19T10:23:51,553|[TRACE] graph - <----- statementPart
2021-11-19T10:23:51,553|[TRACE] graph - -----> statementPart
2021-11-19T10:23:51,553|[TRACE] graph - -------> nonSkippedChar
2021-11-19T10:23:51,553|[TRACE] script - #out(`A`) [token]
2021-11-19T10:23:51,553|[TRACE] graph - <------- nonSkippedChar
2021-11-19T10:23:51,553|[TRACE] graph - <----- statementPart
2021-11-19T10:23:51,553|[TRACE] graph - -----> statementPart
2021-11-19T10:23:51,553|[TRACE] graph - -------> nonSkippedChar
2021-11-19T10:23:51,553|[TRACE] script - #out(`R`) [token]
2021-11-19T10:23:51,553|[TRACE] graph - <------- nonSkippedChar
2021-11-19T10:23:51,553|[TRACE] graph - <----- statementPart
2021-11-19T10:23:51,553|[TRACE] graph - -----> statementPart
2021-11-19T10:23:51,553|[TRACE] graph - -------> nonSkippedChar
2021-11-19T10:23:51,553|[TRACE] script - #out(`C`) [token]
2021-11-19T10:23:51,553|[TRACE] graph - <------- nonSkippedChar
2021-11-19T10:23:51,553|[TRACE] graph - <----- statementPart
2021-11-19T10:23:51,553|[TRACE] graph - -----> statementPart
2021-11-19T10:23:51,553|[TRACE] graph - -------> nonSkippedChar
2021-11-19T10:23:51,553|[TRACE] script - #out(`H`) [token]
2021-11-19T10:23:51,553|[TRACE] graph - <------- nonSkippedChar
2021-11-19T10:23:51,553|[TRACE] graph - <----- statementPart
2021-11-19T10:23:51,553|[TRACE] graph - -----> statementPart
2021-11-19T10:23:51,553|[TRACE] graph - -------> nonSkippedChar
2021-11-19T10:23:51,553|[TRACE] script - #out(`A`) [token]
2021-11-19T10:23:51,553|[TRACE] graph - <------- nonSkippedChar
2021-11-19T10:23:51,553|[TRACE] graph - <----- statementPart
2021-11-19T10:23:51,553|[TRACE] graph - -----> statementPart
2021-11-19T10:23:51,553|[TRACE] graph - -------> nonSkippedChar
2021-11-19T10:23:51,553|[TRACE] script - #out(`R`) [token]
2021-11-19T10:23:51,553|[TRACE] graph - <------- nonSkippedChar
2021-11-19T10:23:51,553|[TRACE] graph - <----- statementPart
2021-11-19T10:23:51,553|[TRACE] graph - -----> statementPart
2021-11-19T10:23:51,553|[TRACE] graph - -------> nonSkippedChar
2021-11-19T10:23:51,553|[TRACE] script - #out(`(`) [token]
2021-11-19T10:23:51,553|[TRACE] graph - <------- nonSkippedChar
2021-11-19T10:23:51,553|[TRACE] graph - <----- statementPart
2021-11-19T10:23:51,553|[TRACE] graph - -----> statementPart
2021-11-19T10:23:51,553|[TRACE] graph - -------> nonSkippedChar
2021-11-19T10:23:51,553|[TRACE] script - #out(`1`) [token]
2021-11-19T10:23:51,553|[TRACE] graph - <------- nonSkippedChar
2021-11-19T10:23:51,553|[TRACE] graph - <----- statementPart
2021-11-19T10:23:51,553|[TRACE] graph - -----> statementPart
2021-11-19T10:23:51,553|[TRACE] graph - -------> nonSkippedChar
2021-11-19T10:23:51,553|[TRACE] script - #out(`0`) [token]
2021-11-19T10:23:51,553|[TRACE] graph - <------- nonSkippedChar
2021-11-19T10:23:51,554|[TRACE] graph - <----- statementPart
2021-11-19T10:23:51,554|[TRACE] graph - -----> statementPart
2021-11-19T10:23:51,554|[TRACE] graph - -------> nonSkippedChar
2021-11-19T10:23:51,554|[TRACE] script - #out(`0`) [token]
2021-11-19T10:23:51,554|[TRACE] graph - <------- nonSkippedChar
2021-11-19T10:23:51,554|[TRACE] graph - <----- statementPart
2021-11-19T10:23:51,554|[TRACE] graph - -----> statementPart
2021-11-19T10:23:51,554|[TRACE] graph - -------> nonSkippedChar
2021-11-19T10:23:51,554|[TRACE] script - #out(`)`) [token]
2021-11-19T10:23:51,554|[TRACE] graph - <------- nonSkippedChar
2021-11-19T10:23:51,554|[TRACE] graph - <----- statementPart
2021-11-19T10:23:51,554|[TRACE] graph - -----> statementPart
2021-11-19T10:23:51,554|[TRACE] graph - -------> nonSkippedSpace
2021-11-19T10:23:51,554|[TRACE] script - #out(` `) [token]
2021-11-19T10:23:51,554|[TRACE] graph - <------- nonSkippedSpace
2021-11-19T10:23:51,554|[TRACE] graph - <----- statementPart
2021-11-19T10:23:51,554|[TRACE] graph - -----> statementPart
2021-11-19T10:23:51,554|[TRACE] graph - -------> nonSkippedChar
2021-11-19T10:23:51,554|[TRACE] script - #out(`N`) [token]
2021-11-19T10:23:51,554|[TRACE] graph - <------- nonSkippedChar
2021-11-19T10:23:51,554|[TRACE] graph - <----- statementPart
2021-11-19T10:23:51,554|[TRACE] graph - -----> statementPart
2021-11-19T10:23:51,554|[TRACE] graph - -------> nonSkippedChar
2021-11-19T10:23:51,554|[TRACE] script - #out(`U`) [token]
2021-11-19T10:23:51,554|[TRACE] graph - <------- nonSkippedChar
2021-11-19T10:23:51,554|[TRACE] graph - <----- statementPart
2021-11-19T10:23:51,554|[TRACE] graph - -----> statementPart
2021-11-19T10:23:51,554|[TRACE] graph - -------> nonSkippedChar
2021-11-19T10:23:51,554|[TRACE] script - #out(`L`) [token]
2021-11-19T10:23:51,554|[TRACE] graph - <------- nonSkippedChar
2021-11-19T10:23:51,554|[TRACE] graph - <----- statementPart
2021-11-19T10:23:51,554|[TRACE] graph - -----> statementPart
2021-11-19T10:23:51,554|[TRACE] graph - -------> nonSkippedChar
2021-11-19T10:23:51,554|[TRACE] script - #out(`L`) [token]
2021-11-19T10:23:51,554|[TRACE] graph - <------- nonSkippedChar
2021-11-19T10:23:51,554|[TRACE] graph - <----- statementPart
2021-11-19T10:23:51,554|[TRACE] graph - -----> statementPart
2021-11-19T10:23:51,554|[TRACE] graph - -------> nonSkippedChar
2021-11-19T10:23:51,554|[TRACE] script - #out(`,`) [token]
2021-11-19T10:23:51,554|[TRACE] graph - <------- nonSkippedChar
2021-11-19T10:23:51,554|[TRACE] graph - <----- statementPart
2021-11-19T10:23:51,554|[TRACE] graph - -----> afterStatementPartNewline
2021-11-19T10:23:51,554|[TRACE] script - #out(` `) [text]
2021-11-19T10:23:51,554|[TRACE] graph - <----- afterStatementPartNewline
2021-11-19T10:23:51,554|[TRACE] graph - -----> statementPart
2021-11-19T10:23:51,554|[TRACE] graph - -------> nonSkippedSpace
2021-11-19T10:23:51,554|[TRACE] script - #out(` `) [token]
2021-11-19T10:23:51,554|[TRACE] graph - <------- nonSkippedSpace
2021-11-19T10:23:51,554|[TRACE] graph - <----- statementPart
2021-11-19T10:23:51,554|[TRACE] graph - -----> statementPart
2021-11-19T10:23:51,554|[TRACE] graph - -------> nonSkippedSpace
2021-11-19T10:23:51,554|[TRACE] script - #out(` `) [token]
2021-11-19T10:23:51,554|[TRACE] graph - <------- nonSkippedSpace
2021-11-19T10:23:51,554|[TRACE] graph - <----- statementPart
2021-11-19T10:23:51,554|[TRACE] graph - -----> statementPart
2021-11-19T10:23:51,554|[TRACE] graph - -------> quotedString
2021-11-19T10:23:51,554|[TRACE] script - #out(``address_id``) [token]
2021-11-19T10:23:51,554|[TRACE] graph - <------- quotedString
2021-11-19T10:23:51,554|[TRACE] graph - <----- statementPart
2021-11-19T10:23:51,554|[TRACE] graph - -----> statementPart
2021-11-19T10:23:51,554|[TRACE] graph - -------> nonSkippedSpace
2021-11-19T10:23:51,554|[TRACE] script - #out(` `) [token]
2021-11-19T10:23:51,554|[TRACE] graph - <------- nonSkippedSpace
2021-11-19T10:23:51,554|[TRACE] graph - <----- statementPart
2021-11-19T10:23:51,554|[TRACE] graph - -----> statementPart
2021-11-19T10:23:51,554|[TRACE] graph - -------> nonSkippedChar
2021-11-19T10:23:51,554|[TRACE] script - #out(`I`) [token]
2021-11-19T10:23:51,554|[TRACE] graph - <------- nonSkippedChar
2021-11-19T10:23:51,554|[TRACE] graph - <----- statementPart
2021-11-19T10:23:51,554|[TRACE] graph - -----> statementPart
2021-11-19T10:23:51,554|[TRACE] graph - -------> nonSkippedChar
2021-11-19T10:23:51,554|[TRACE] script - #out(`N`) [token]
2021-11-19T10:23:51,554|[TRACE] graph - <------- nonSkippedChar
2021-11-19T10:23:51,554|[TRACE] graph - <----- statementPart
2021-11-19T10:23:51,554|[TRACE] graph - -----> statementPart
2021-11-19T10:23:51,554|[TRACE] graph - -------> nonSkippedChar
2021-11-19T10:23:51,554|[TRACE] script - #out(`T`) [token]
2021-11-19T10:23:51,554|[TRACE] graph - <------- nonSkippedChar
2021-11-19T10:23:51,554|[TRACE] graph - <----- statementPart
2021-11-19T10:23:51,554|[TRACE] graph - -----> statementPart
2021-11-19T10:23:51,554|[TRACE] graph - -------> nonSkippedSpace
2021-11-19T10:23:51,554|[TRACE] script - #out(` `) [token]
2021-11-19T10:23:51,554|[TRACE] graph - <------- nonSkippedSpace
2021-11-19T10:23:51,554|[TRACE] graph - <----- statementPart
2021-11-19T10:23:51,554|[TRACE] graph - -----> statementPart
2021-11-19T10:23:51,554|[TRACE] graph - -------> nonSkippedChar
2021-11-19T10:23:51,554|[TRACE] script - #out(`N`) [token]
2021-11-19T10:23:51,554|[TRACE] graph - <------- nonSkippedChar
2021-11-19T10:23:51,554|[TRACE] graph - <----- statementPart
2021-11-19T10:23:51,554|[TRACE] graph - -----> statementPart
2021-11-19T10:23:51,554|[TRACE] graph - -------> nonSkippedChar
2021-11-19T10:23:51,554|[TRACE] script - #out(`U`) [token]
2021-11-19T10:23:51,554|[TRACE] graph - <------- nonSkippedChar
2021-11-19T10:23:51,554|[TRACE] graph - <----- statementPart
2021-11-19T10:23:51,554|[TRACE] graph - -----> statementPart
2021-11-19T10:23:51,554|[TRACE] graph - -------> nonSkippedChar
2021-11-19T10:23:51,554|[TRACE] script - #out(`L`) [token]
2021-11-19T10:23:51,554|[TRACE] graph - <------- nonSkippedChar
2021-11-19T10:23:51,554|[TRACE] graph - <----- statementPart
2021-11-19T10:23:51,554|[TRACE] graph - -----> statementPart
2021-11-19T10:23:51,554|[TRACE] graph - -------> nonSkippedChar
2021-11-19T10:23:51,554|[TRACE] script - #out(`L`) [token]
2021-11-19T10:23:51,554|[TRACE] graph - <------- nonSkippedChar
2021-11-19T10:23:51,554|[TRACE] graph - <----- statementPart
2021-11-19T10:23:51,554|[TRACE] graph - -----> statementPart
2021-11-19T10:23:51,554|[TRACE] graph - -------> nonSkippedChar
2021-11-19T10:23:51,554|[TRACE] script - #out(`,`) [token]
2021-11-19T10:23:51,554|[TRACE] graph - <------- nonSkippedChar
2021-11-19T10:23:51,554|[TRACE] graph - <----- statementPart
2021-11-19T10:23:51,554|[TRACE] graph - -----> afterStatementPartNewline
2021-11-19T10:23:51,554|[TRACE] script - #out(` `) [text]
2021-11-19T10:23:51,554|[TRACE] graph - <----- afterStatementPartNewline
2021-11-19T10:23:51,554|[TRACE] graph - -----> statementPart
2021-11-19T10:23:51,554|[TRACE] graph - -------> nonSkippedSpace
2021-11-19T10:23:51,554|[TRACE] script - #out(` `) [token]
2021-11-19T10:23:51,554|[TRACE] graph - <------- nonSkippedSpace
2021-11-19T10:23:51,554|[TRACE] graph - <----- statementPart
2021-11-19T10:23:51,554|[TRACE] graph - -----> statementPart
2021-11-19T10:23:51,554|[TRACE] graph - -------> nonSkippedSpace
2021-11-19T10:23:51,554|[TRACE] script - #out(` `) [token]
2021-11-19T10:23:51,554|[TRACE] graph - <------- nonSkippedSpace
2021-11-19T10:23:51,554|[TRACE] graph - <----- statementPart
2021-11-19T10:23:51,554|[TRACE] graph - -----> statementPart
2021-11-19T10:23:51,554|[TRACE] graph - -------> quotedString
2021-11-19T10:23:51,554|[TRACE] script - #out(``created``) [token]
2021-11-19T10:23:51,554|[TRACE] graph - <------- quotedString
2021-11-19T10:23:51,554|[TRACE] graph - <----- statementPart
2021-11-19T10:23:51,554|[TRACE] graph - -----> statementPart
2021-11-19T10:23:51,554|[TRACE] graph - -------> nonSkippedSpace
2021-11-19T10:23:51,554|[TRACE] script - #out(` `) [token]
2021-11-19T10:23:51,554|[TRACE] graph - <------- nonSkippedSpace
2021-11-19T10:23:51,554|[TRACE] graph - <----- statementPart
2021-11-19T10:23:51,554|[TRACE] graph - -----> statementPart
2021-11-19T10:23:51,554|[TRACE] graph - -------> nonSkippedChar
2021-11-19T10:23:51,554|[TRACE] script - #out(`B`) [token]
2021-11-19T10:23:51,554|[TRACE] graph - <------- nonSkippedChar
2021-11-19T10:23:51,554|[TRACE] graph - <----- statementPart
2021-11-19T10:23:51,554|[TRACE] graph - -----> statementPart
2021-11-19T10:23:51,554|[TRACE] graph - -------> nonSkippedChar
2021-11-19T10:23:51,554|[TRACE] script - #out(`I`) [token]
2021-11-19T10:23:51,554|[TRACE] graph - <------- nonSkippedChar
2021-11-19T10:23:51,554|[TRACE] graph - <----- statementPart
2021-11-19T10:23:51,554|[TRACE] graph - -----> statementPart
2021-11-19T10:23:51,554|[TRACE] graph - -------> nonSkippedChar
2021-11-19T10:23:51,554|[TRACE] script - #out(`G`) [token]
2021-11-19T10:23:51,554|[TRACE] graph - <------- nonSkippedChar
2021-11-19T10:23:51,554|[TRACE] graph - <----- statementPart
2021-11-19T10:23:51,554|[TRACE] graph - -----> statementPart
2021-11-19T10:23:51,554|[TRACE] graph - -------> nonSkippedChar
2021-11-19T10:23:51,554|[TRACE] script - #out(`I`) [token]
2021-11-19T10:23:51,554|[TRACE] graph - <------- nonSkippedChar
2021-11-19T10:23:51,554|[TRACE] graph - <----- statementPart
2021-11-19T10:23:51,554|[TRACE] graph - -----> statementPart
2021-11-19T10:23:51,554|[TRACE] graph - -------> nonSkippedChar
2021-11-19T10:23:51,554|[TRACE] script - #out(`N`) [token]
2021-11-19T10:23:51,554|[TRACE] graph - <------- nonSkippedChar
2021-11-19T10:23:51,554|[TRACE] graph - <----- statementPart
2021-11-19T10:23:51,554|[TRACE] graph - -----> statementPart
2021-11-19T10:23:51,554|[TRACE] graph - -------> nonSkippedChar
2021-11-19T10:23:51,554|[TRACE] script - #out(`T`) [token]
2021-11-19T10:23:51,554|[TRACE] graph - <------- nonSkippedChar
2021-11-19T10:23:51,554|[TRACE] graph - <----- statementPart
2021-11-19T10:23:51,554|[TRACE] graph - -----> statementPart
2021-11-19T10:23:51,554|[TRACE] graph - -------> nonSkippedSpace
2021-11-19T10:23:51,554|[TRACE] script - #out(` `) [token]
2021-11-19T10:23:51,554|[TRACE] graph - <------- nonSkippedSpace
2021-11-19T10:23:51,554|[TRACE] graph - <----- statementPart
2021-11-19T10:23:51,554|[TRACE] graph - -----> statementPart
2021-11-19T10:23:51,554|[TRACE] graph - -------> nonSkippedChar
2021-11-19T10:23:51,554|[TRACE] script - #out(`N`) [token]
2021-11-19T10:23:51,554|[TRACE] graph - <------- nonSkippedChar
2021-11-19T10:23:51,554|[TRACE] graph - <----- statementPart
2021-11-19T10:23:51,554|[TRACE] graph - -----> statementPart
2021-11-19T10:23:51,619|[TRACE] graph - -------> nonSkippedChar
2021-11-19T10:23:51,619|[TRACE] script - #out(`O`) [token]
2021-11-19T10:23:51,619|[TRACE] graph - <------- nonSkippedChar
2021-11-19T10:23:51,619|[TRACE] graph - <----- statementPart
2021-11-19T10:23:51,619|[TRACE] graph - -----> statementPart
2021-11-19T10:23:51,619|[TRACE] graph - -------> nonSkippedChar
2021-11-19T10:23:51,619|[TRACE] script - #out(`T`) [token]
2021-11-19T10:23:51,619|[TRACE] graph - <------- nonSkippedChar
2021-11-19T10:23:51,619|[TRACE] graph - <----- statementPart
2021-11-19T10:23:51,619|[TRACE] graph - -----> statementPart
2021-11-19T10:23:51,619|[TRACE] graph - -------> nonSkippedSpace
2021-11-19T10:23:51,619|[TRACE] script - #out(` `) [token]
2021-11-19T10:23:51,619|[TRACE] graph - <------- nonSkippedSpace
2021-11-19T10:23:51,619|[TRACE] graph - <----- statementPart
2021-11-19T10:23:51,619|[TRACE] graph - -----> statementPart
2021-11-19T10:23:51,619|[TRACE] graph - -------> nonSkippedChar
2021-11-19T10:23:51,619|[TRACE] script - #out(`N`) [token]
2021-11-19T10:23:51,619|[TRACE] graph - <------- nonSkippedChar
2021-11-19T10:23:51,619|[TRACE] graph - <----- statementPart
2021-11-19T10:23:51,619|[TRACE] graph - -----> statementPart
2021-11-19T10:23:51,619|[TRACE] graph - -------> nonSkippedChar
2021-11-19T10:23:51,619|[TRACE] script - #out(`U`) [token]
2021-11-19T10:23:51,619|[TRACE] graph - <------- nonSkippedChar
2021-11-19T10:23:51,619|[TRACE] graph - <----- statementPart
2021-11-19T10:23:51,619|[TRACE] graph - -----> statementPart
2021-11-19T10:23:51,619|[TRACE] graph - -------> nonSkippedChar
2021-11-19T10:23:51,619|[TRACE] script - #out(`L`) [token]
2021-11-19T10:23:51,619|[TRACE] graph - <------- nonSkippedChar
2021-11-19T10:23:51,619|[TRACE] graph - <----- statementPart
2021-11-19T10:23:51,619|[TRACE] graph - -----> statementPart
2021-11-19T10:23:51,619|[TRACE] graph - -------> nonSkippedChar
2021-11-19T10:23:51,619|[TRACE] script - #out(`L`) [token]
2021-11-19T10:23:51,619|[TRACE] graph - <------- nonSkippedChar
2021-11-19T10:23:51,619|[TRACE] graph - <----- statementPart
2021-11-19T10:23:51,619|[TRACE] graph - -----> statementPart
2021-11-19T10:23:51,619|[TRACE] graph - -------> nonSkippedSpace
2021-11-19T10:23:51,619|[TRACE] script - #out(` `) [token]
2021-11-19T10:23:51,619|[TRACE] graph - <------- nonSkippedSpace
2021-11-19T10:23:51,619|[TRACE] graph - <----- statementPart
2021-11-19T10:23:51,619|[TRACE] graph - -----> statementPart
2021-11-19T10:23:51,619|[TRACE] graph - -------> nonSkippedChar
2021-11-19T10:23:51,619|[TRACE] script - #out(`D`) [token]
2021-11-19T10:23:51,619|[TRACE] graph - <------- nonSkippedChar
2021-11-19T10:23:51,619|[TRACE] graph - <----- statementPart
2021-11-19T10:23:51,619|[TRACE] graph - -----> statementPart
2021-11-19T10:23:51,619|[TRACE] graph - -------> nonSkippedChar
2021-11-19T10:23:51,619|[TRACE] script - #out(`E`) [token]
2021-11-19T10:23:51,619|[TRACE] graph - <------- nonSkippedChar
2021-11-19T10:23:51,619|[TRACE] graph - <----- statementPart
2021-11-19T10:23:51,619|[TRACE] graph - -----> statementPart
2021-11-19T10:23:51,619|[TRACE] graph - -------> nonSkippedChar
2021-11-19T10:23:51,619|[TRACE] script - #out(`F`) [token]
2021-11-19T10:23:51,619|[TRACE] graph - <------- nonSkippedChar
2021-11-19T10:23:51,619|[TRACE] graph - <----- statementPart
2021-11-19T10:23:51,619|[TRACE] graph - -----> statementPart
2021-11-19T10:23:51,619|[TRACE] graph - -------> nonSkippedChar
2021-11-19T10:23:51,619|[TRACE] script - #out(`A`) [token]
2021-11-19T10:23:51,619|[TRACE] graph - <------- nonSkippedChar
2021-11-19T10:23:51,619|[TRACE] graph - <----- statementPart
2021-11-19T10:23:51,619|[TRACE] graph - -----> statementPart
2021-11-19T10:23:51,619|[TRACE] graph - -------> nonSkippedChar
2021-11-19T10:23:51,619|[TRACE] script - #out(`U`) [token]
2021-11-19T10:23:51,619|[TRACE] graph - <------- nonSkippedChar
2021-11-19T10:23:51,619|[TRACE] graph - <----- statementPart
2021-11-19T10:23:51,619|[TRACE] graph - -----> statementPart
2021-11-19T10:23:51,619|[TRACE] graph - -------> nonSkippedChar
2021-11-19T10:23:51,619|[TRACE] script - #out(`L`) [token]
2021-11-19T10:23:51,619|[TRACE] graph - <------- nonSkippedChar
2021-11-19T10:23:51,619|[TRACE] graph - <----- statementPart
2021-11-19T10:23:51,619|[TRACE] graph - -----> statementPart
2021-11-19T10:23:51,619|[TRACE] graph - -------> nonSkippedChar
2021-11-19T10:23:51,619|[TRACE] script - #out(`T`) [token]
2021-11-19T10:23:51,619|[TRACE] graph - <------- nonSkippedChar
2021-11-19T10:23:51,619|[TRACE] graph - <----- statementPart
2021-11-19T10:23:51,619|[TRACE] graph - -----> statementPart
2021-11-19T10:23:51,619|[TRACE] graph - -------> nonSkippedSpace
2021-11-19T10:23:51,619|[TRACE] script - #out(` `) [token]
2021-11-19T10:23:51,619|[TRACE] graph - <------- nonSkippedSpace
2021-11-19T10:23:51,619|[TRACE] graph - <----- statementPart
2021-11-19T10:23:51,619|[TRACE] graph - -----> statementPart
2021-11-19T10:23:51,619|[TRACE] graph - -------> nonSkippedChar
2021-11-19T10:23:51,619|[TRACE] script - #out(`(`) [token]
2021-11-19T10:23:51,619|[TRACE] graph - <------- nonSkippedChar
2021-11-19T10:23:51,619|[TRACE] graph - <----- statementPart
2021-11-19T10:23:51,619|[TRACE] graph - -----> statementPart
2021-11-19T10:23:51,619|[TRACE] graph - -------> nonSkippedChar
2021-11-19T10:23:51,619|[TRACE] script - #out(`u`) [token]
2021-11-19T10:23:51,619|[TRACE] graph - <------- nonSkippedChar
2021-11-19T10:23:51,619|[TRACE] graph - <----- statementPart
2021-11-19T10:23:51,619|[TRACE] graph - -----> statementPart
2021-11-19T10:23:51,619|[TRACE] graph - -------> nonSkippedChar
2021-11-19T10:23:51,619|[TRACE] script - #out(`n`) [token]
2021-11-19T10:23:51,619|[TRACE] graph - <------- nonSkippedChar
2021-11-19T10:23:51,619|[TRACE] graph - <----- statementPart
2021-11-19T10:23:51,619|[TRACE] graph - -----> statementPart
2021-11-19T10:23:51,619|[TRACE] graph - -------> nonSkippedChar
2021-11-19T10:23:51,619|[TRACE] script - #out(`i`) [token]
2021-11-19T10:23:51,619|[TRACE] graph - <------- nonSkippedChar
2021-11-19T10:23:51,619|[TRACE] graph - <----- statementPart
2021-11-19T10:23:51,619|[TRACE] graph - -----> statementPart
2021-11-19T10:23:51,619|[TRACE] graph - -------> nonSkippedChar
2021-11-19T10:23:51,619|[TRACE] script - #out(`x`) [token]
2021-11-19T10:23:51,619|[TRACE] graph - <------- nonSkippedChar
2021-11-19T10:23:51,619|[TRACE] graph - <----- statementPart
2021-11-19T10:23:51,619|[TRACE] graph - -----> statementPart
2021-11-19T10:23:51,619|[TRACE] graph - -------> nonSkippedChar
2021-11-19T10:23:51,619|[TRACE] script - #out(`_`) [token]
2021-11-19T10:23:51,619|[TRACE] graph - <------- nonSkippedChar
2021-11-19T10:23:51,619|[TRACE] graph - <----- statementPart
2021-11-19T10:23:51,619|[TRACE] graph - -----> statementPart
2021-11-19T10:23:51,619|[TRACE] graph - -------> nonSkippedChar
2021-11-19T10:23:51,619|[TRACE] script - #out(`t`) [token]
2021-11-19T10:23:51,619|[TRACE] graph - <------- nonSkippedChar
2021-11-19T10:23:51,619|[TRACE] graph - <----- statementPart
2021-11-19T10:23:51,619|[TRACE] graph - -----> statementPart
2021-11-19T10:23:51,619|[TRACE] graph - -------> nonSkippedChar
2021-11-19T10:23:51,619|[TRACE] script - #out(`i`) [token]
2021-11-19T10:23:51,619|[TRACE] graph - <------- nonSkippedChar
2021-11-19T10:23:51,619|[TRACE] graph - <----- statementPart
2021-11-19T10:23:51,619|[TRACE] graph - -----> statementPart
2021-11-19T10:23:51,619|[TRACE] graph - -------> nonSkippedChar
2021-11-19T10:23:51,619|[TRACE] script - #out(`m`) [token]
2021-11-19T10:23:51,619|[TRACE] graph - <------- nonSkippedChar
2021-11-19T10:23:51,619|[TRACE] graph - <----- statementPart
2021-11-19T10:23:51,619|[TRACE] graph - -----> statementPart
2021-11-19T10:23:51,619|[TRACE] graph - -------> nonSkippedChar
2021-11-19T10:23:51,619|[TRACE] script - #out(`e`) [token]
2021-11-19T10:23:51,619|[TRACE] graph - <------- nonSkippedChar
2021-11-19T10:23:51,619|[TRACE] graph - <----- statementPart
2021-11-19T10:23:51,619|[TRACE] graph - -----> statementPart
2021-11-19T10:23:51,619|[TRACE] graph - -------> nonSkippedChar
2021-11-19T10:23:51,619|[TRACE] script - #out(`s`) [token]
2021-11-19T10:23:51,619|[TRACE] graph - <------- nonSkippedChar
2021-11-19T10:23:51,619|[TRACE] graph - <----- statementPart
2021-11-19T10:23:51,619|[TRACE] graph - -----> statementPart
2021-11-19T10:23:51,619|[TRACE] graph - -------> nonSkippedChar
2021-11-19T10:23:51,619|[TRACE] script - #out(`t`) [token]
2021-11-19T10:23:51,619|[TRACE] graph - <------- nonSkippedChar
2021-11-19T10:23:51,619|[TRACE] graph - <----- statementPart
2021-11-19T10:23:51,619|[TRACE] graph - -----> statementPart
2021-11-19T10:23:51,619|[TRACE] graph - -------> nonSkippedChar
2021-11-19T10:23:51,619|[TRACE] script - #out(`a`) [token]
2021-11-19T10:23:51,619|[TRACE] graph - <------- nonSkippedChar
2021-11-19T10:23:51,619|[TRACE] graph - <----- statementPart
2021-11-19T10:23:51,619|[TRACE] graph - -----> statementPart
2021-11-19T10:23:51,619|[TRACE] graph - -------> nonSkippedChar
2021-11-19T10:23:51,619|[TRACE] script - #out(`m`) [token]
2021-11-19T10:23:51,619|[TRACE] graph - <------- nonSkippedChar
2021-11-19T10:23:51,619|[TRACE] graph - <----- statementPart
2021-11-19T10:23:51,619|[TRACE] graph - -----> statementPart
2021-11-19T10:23:51,619|[TRACE] graph - -------> nonSkippedChar
2021-11-19T10:23:51,619|[TRACE] script - #out(`p`) [token]
2021-11-19T10:23:51,619|[TRACE] graph - <------- nonSkippedChar
2021-11-19T10:23:51,619|[TRACE] graph - <----- statementPart
2021-11-19T10:23:51,619|[TRACE] graph - -----> statementPart
2021-11-19T10:23:51,619|[TRACE] graph - -------> nonSkippedChar
2021-11-19T10:23:51,619|[TRACE] script - #out(`(`) [token]
2021-11-19T10:23:51,619|[TRACE] graph - <------- nonSkippedChar
2021-11-19T10:23:51,619|[TRACE] graph - <----- statementPart
2021-11-19T10:23:51,619|[TRACE] graph - -----> statementPart
2021-11-19T10:23:51,619|[TRACE] graph - -------> nonSkippedChar
2021-11-19T10:23:51,619|[TRACE] script - #out(`n`) [token]
2021-11-19T10:23:51,619|[TRACE] graph - <------- nonSkippedChar
2021-11-19T10:23:51,619|[TRACE] graph - <----- statementPart
2021-11-19T10:23:51,619|[TRACE] graph - -----> statementPart
2021-11-19T10:23:51,619|[TRACE] graph - -------> nonSkippedChar
2021-11-19T10:23:51,619|[TRACE] script - #out(`o`) [token]
2021-11-19T10:23:51,619|[TRACE] graph - <------- nonSkippedChar
2021-11-19T10:23:51,619|[TRACE] graph - <----- statementPart
2021-11-19T10:23:51,619|[TRACE] graph - -----> statementPart
2021-11-19T10:23:51,619|[TRACE] graph - -------> nonSkippedChar
2021-11-19T10:23:51,619|[TRACE] script - #out(`w`) [token]
2021-11-19T10:23:51,619|[TRACE] graph - <------- nonSkippedChar
2021-11-19T10:23:51,619|[TRACE] graph - <----- statementPart
2021-11-19T10:23:51,619|[TRACE] graph - -----> statementPart
2021-11-19T10:23:51,619|[TRACE] graph - -------> nonSkippedChar
2021-11-19T10:23:51,619|[TRACE] script - #out(`(`) [token]
2021-11-19T10:23:51,619|[TRACE] graph - <------- nonSkippedChar
2021-11-19T10:23:51,619|[TRACE] graph - <----- statementPart
2021-11-19T10:23:51,619|[TRACE] graph - -----> statementPart
2021-11-19T10:23:51,619|[TRACE] graph - -------> nonSkippedChar
2021-11-19T10:23:51,619|[TRACE] script - #out(`)`) [token]
2021-11-19T10:23:51,619|[TRACE] graph - <------- nonSkippedChar
2021-11-19T10:23:51,619|[TRACE] graph - <----- statementPart
2021-11-19T10:23:51,619|[TRACE] graph - -----> statementPart
2021-11-19T10:23:51,619|[TRACE] graph - -------> nonSkippedChar
2021-11-19T10:23:51,619|[TRACE] script - #out(`)`) [token]
2021-11-19T10:23:51,619|[TRACE] graph - <------- nonSkippedChar
2021-11-19T10:23:51,619|[TRACE] graph - <----- statementPart
2021-11-19T10:23:51,619|[TRACE] graph - -----> statementPart
2021-11-19T10:23:51,619|[TRACE] graph - -------> nonSkippedSpace
2021-11-19T10:23:51,619|[TRACE] script - #out(` `) [token]
2021-11-19T10:23:51,619|[TRACE] graph - <------- nonSkippedSpace
2021-11-19T10:23:51,619|[TRACE] graph - <----- statementPart
2021-11-19T10:23:51,619|[TRACE] graph - -----> statementPart
2021-11-19T10:23:51,619|[TRACE] graph - -------> nonSkippedChar
2021-11-19T10:23:51,619|[TRACE] script - #out(`*`) [token]
2021-11-19T10:23:51,619|[TRACE] graph - <------- nonSkippedChar
2021-11-19T10:23:51,619|[TRACE] graph - <----- statementPart
2021-11-19T10:23:51,619|[TRACE] graph - -----> statementPart
2021-11-19T10:23:51,619|[TRACE] graph - -------> nonSkippedSpace
2021-11-19T10:23:51,619|[TRACE] script - #out(` `) [token]
2021-11-19T10:23:51,619|[TRACE] graph - <------- nonSkippedSpace
2021-11-19T10:23:51,619|[TRACE] graph - <----- statementPart
2021-11-19T10:23:51,619|[TRACE] graph - -----> statementPart
2021-11-19T10:23:51,619|[TRACE] graph - -------> nonSkippedChar
2021-11-19T10:23:51,619|[TRACE] script - #out(`1`) [token]
2021-11-19T10:23:51,619|[TRACE] graph - <------- nonSkippedChar
2021-11-19T10:23:51,619|[TRACE] graph - <----- statementPart
2021-11-19T10:23:51,619|[TRACE] graph - -----> statementPart
2021-11-19T10:23:51,619|[TRACE] graph - -------> nonSkippedChar
2021-11-19T10:23:51,619|[TRACE] script - #out(`0`) [token]
2021-11-19T10:23:51,619|[TRACE] graph - <------- nonSkippedChar
2021-11-19T10:23:51,619|[TRACE] graph - <----- statementPart
2021-11-19T10:23:51,619|[TRACE] graph - -----> statementPart
2021-11-19T10:23:51,619|[TRACE] graph - -------> nonSkippedChar
2021-11-19T10:23:51,619|[TRACE] script - #out(`0`) [token]
2021-11-19T10:23:51,619|[TRACE] graph - <------- nonSkippedChar
2021-11-19T10:23:51,619|[TRACE] graph - <----- statementPart
2021-11-19T10:23:51,620|[TRACE] graph - -----> statementPart
2021-11-19T10:23:51,620|[TRACE] graph - -------> nonSkippedChar
2021-11-19T10:23:51,620|[TRACE] script - #out(`0`) [token]
2021-11-19T10:23:51,620|[TRACE] graph - <------- nonSkippedChar
2021-11-19T10:23:51,620|[TRACE] graph - <----- statementPart
2021-11-19T10:23:51,620|[TRACE] graph - -----> statementPart
2021-11-19T10:23:51,620|[TRACE] graph - -------> nonSkippedChar
2021-11-19T10:23:51,620|[TRACE] script - #out(`)`) [token]
2021-11-19T10:23:51,620|[TRACE] graph - <------- nonSkippedChar
2021-11-19T10:23:51,620|[TRACE] graph - <----- statementPart
2021-11-19T10:23:51,620|[TRACE] graph - -----> statementPart
2021-11-19T10:23:51,620|[TRACE] graph - -------> nonSkippedChar
2021-11-19T10:23:51,620|[TRACE] script - #out(`,`) [token]
2021-11-19T10:23:51,620|[TRACE] graph - <------- nonSkippedChar
2021-11-19T10:23:51,620|[TRACE] graph - <----- statementPart
2021-11-19T10:23:51,620|[TRACE] graph - -----> afterStatementPartNewline
2021-11-19T10:23:51,620|[TRACE] script - #out(` `) [text]
2021-11-19T10:23:51,620|[TRACE] graph - <----- afterStatementPartNewline
2021-11-19T10:23:51,620|[TRACE] graph - -----> statementPart
2021-11-19T10:23:51,620|[TRACE] graph - -------> nonSkippedSpace
2021-11-19T10:23:51,620|[TRACE] script - #out(` `) [token]
2021-11-19T10:23:51,620|[TRACE] graph - <------- nonSkippedSpace
2021-11-19T10:23:51,620|[TRACE] graph - <----- statementPart
2021-11-19T10:23:51,620|[TRACE] graph - -----> statementPart
2021-11-19T10:23:51,620|[TRACE] graph - -------> nonSkippedSpace
2021-11-19T10:23:51,620|[TRACE] script - #out(` `) [token]
2021-11-19T10:23:51,620|[TRACE] graph - <------- nonSkippedSpace
2021-11-19T10:23:51,620|[TRACE] graph - <----- statementPart
2021-11-19T10:23:51,620|[TRACE] graph - -----> statementPart
2021-11-19T10:23:51,620|[TRACE] graph - -------> quotedString
2021-11-19T10:23:51,620|[TRACE] script - #out(``updated``) [token]
2021-11-19T10:23:51,620|[TRACE] graph - <------- quotedString
2021-11-19T10:23:51,620|[TRACE] graph - <----- statementPart
2021-11-19T10:23:51,620|[TRACE] graph - -----> statementPart
2021-11-19T10:23:51,620|[TRACE] graph - -------> nonSkippedSpace
2021-11-19T10:23:51,620|[TRACE] script - #out(` `) [token]
2021-11-19T10:23:51,620|[TRACE] graph - <------- nonSkippedSpace
2021-11-19T10:23:51,620|[TRACE] graph - <----- statementPart
2021-11-19T10:23:51,620|[TRACE] graph - -----> statementPart
2021-11-19T10:23:51,620|[TRACE] graph - -------> nonSkippedChar
2021-11-19T10:23:51,620|[TRACE] script - #out(`B`) [token]
2021-11-19T10:23:51,620|[TRACE] graph - <------- nonSkippedChar
2021-11-19T10:23:51,620|[TRACE] graph - <----- statementPart
2021-11-19T10:23:51,620|[TRACE] graph - -----> statementPart
2021-11-19T10:23:51,620|[TRACE] graph - -------> nonSkippedChar
2021-11-19T10:23:51,620|[TRACE] script - #out(`I`) [token]
2021-11-19T10:23:51,620|[TRACE] graph - <------- nonSkippedChar
2021-11-19T10:23:51,620|[TRACE] graph - <----- statementPart
2021-11-19T10:23:51,620|[TRACE] graph - -----> statementPart
2021-11-19T10:23:51,620|[TRACE] graph - -------> nonSkippedChar
2021-11-19T10:23:51,620|[TRACE] script - #out(`G`) [token]
2021-11-19T10:23:51,620|[TRACE] graph - <------- nonSkippedChar
2021-11-19T10:23:51,620|[TRACE] graph - <----- statementPart
2021-11-19T10:23:51,620|[TRACE] graph - -----> statementPart
2021-11-19T10:23:51,620|[TRACE] graph - -------> nonSkippedChar
2021-11-19T10:23:51,620|[TRACE] script - #out(`I`) [token]
2021-11-19T10:23:51,620|[TRACE] graph - <------- nonSkippedChar
2021-11-19T10:23:51,620|[TRACE] graph - <----- statementPart
2021-11-19T10:23:51,620|[TRACE] graph - -----> statementPart
2021-11-19T10:23:51,620|[TRACE] graph - -------> nonSkippedChar
2021-11-19T10:23:51,620|[TRACE] script - #out(`N`) [token]
2021-11-19T10:23:51,620|[TRACE] graph - <------- nonSkippedChar
2021-11-19T10:23:51,620|[TRACE] graph - <----- statementPart
2021-11-19T10:23:51,620|[TRACE] graph - -----> statementPart
2021-11-19T10:23:51,620|[TRACE] graph - -------> nonSkippedChar
2021-11-19T10:23:51,620|[TRACE] script - #out(`T`) [token]
2021-11-19T10:23:51,620|[TRACE] graph - <------- nonSkippedChar
2021-11-19T10:23:51,620|[TRACE] graph - <----- statementPart
2021-11-19T10:23:51,620|[TRACE] graph - -----> statementPart
2021-11-19T10:23:51,620|[TRACE] graph - -------> nonSkippedSpace
2021-11-19T10:23:51,620|[TRACE] script - #out(` `) [token]
2021-11-19T10:23:51,620|[TRACE] graph - <------- nonSkippedSpace
2021-11-19T10:23:51,620|[TRACE] graph - <----- statementPart
2021-11-19T10:23:51,620|[TRACE] graph - -----> statementPart
2021-11-19T10:23:51,620|[TRACE] graph - -------> nonSkippedChar
2021-11-19T10:23:51,620|[TRACE] script - #out(`N`) [token]
2021-11-19T10:23:51,620|[TRACE] graph - <------- nonSkippedChar
2021-11-19T10:23:51,620|[TRACE] graph - <----- statementPart
2021-11-19T10:23:51,620|[TRACE] graph - -----> statementPart
2021-11-19T10:23:51,620|[TRACE] graph - -------> nonSkippedChar
2021-11-19T10:23:51,620|[TRACE] script - #out(`O`) [token]
2021-11-19T10:23:51,620|[TRACE] graph - <------- nonSkippedChar
2021-11-19T10:23:51,620|[TRACE] graph - <----- statementPart
2021-11-19T10:23:51,620|[TRACE] graph - -----> statementPart
2021-11-19T10:23:51,620|[TRACE] graph - -------> nonSkippedChar
2021-11-19T10:23:51,620|[TRACE] script - #out(`T`) [token]
2021-11-19T10:23:51,620|[TRACE] graph - <------- nonSkippedChar
2021-11-19T10:23:51,620|[TRACE] graph - <----- statementPart
2021-11-19T10:23:51,620|[TRACE] graph - -----> statementPart
2021-11-19T10:23:51,620|[TRACE] graph - -------> nonSkippedSpace
2021-11-19T10:23:51,620|[TRACE] script - #out(` `) [token]
2021-11-19T10:23:51,620|[TRACE] graph - <------- nonSkippedSpace
2021-11-19T10:23:51,620|[TRACE] graph - <----- statementPart
2021-11-19T10:23:51,620|[TRACE] graph - -----> statementPart
2021-11-19T10:23:51,620|[TRACE] graph - -------> nonSkippedChar
2021-11-19T10:23:51,620|[TRACE] script - #out(`N`) [token]
2021-11-19T10:23:51,620|[TRACE] graph - <------- nonSkippedChar
2021-11-19T10:23:51,620|[TRACE] graph - <----- statementPart
2021-11-19T10:23:51,620|[TRACE] graph - -----> statementPart
2021-11-19T10:23:51,620|[TRACE] graph - -------> nonSkippedChar
2021-11-19T10:23:51,620|[TRACE] script - #out(`U`) [token]
2021-11-19T10:23:51,620|[TRACE] graph - <------- nonSkippedChar
2021-11-19T10:23:51,620|[TRACE] graph - <----- statementPart
2021-11-19T10:23:51,620|[TRACE] graph - -----> statementPart
2021-11-19T10:23:51,620|[TRACE] graph - -------> nonSkippedChar
2021-11-19T10:23:51,620|[TRACE] script - #out(`L`) [token]
2021-11-19T10:23:51,620|[TRACE] graph - <------- nonSkippedChar
2021-11-19T10:23:51,620|[TRACE] graph - <----- statementPart
2021-11-19T10:23:51,620|[TRACE] graph - -----> statementPart
2021-11-19T10:23:51,620|[TRACE] graph - -------> nonSkippedChar
2021-11-19T10:23:51,620|[TRACE] script - #out(`L`) [token]
2021-11-19T10:23:51,620|[TRACE] graph - <------- nonSkippedChar
2021-11-19T10:23:51,620|[TRACE] graph - <----- statementPart
2021-11-19T10:23:51,620|[TRACE] graph - -----> statementPart
2021-11-19T10:23:51,620|[TRACE] graph - -------> nonSkippedSpace
2021-11-19T10:23:51,620|[TRACE] script - #out(` `) [token]
2021-11-19T10:23:51,620|[TRACE] graph - <------- nonSkippedSpace
2021-11-19T10:23:51,620|[TRACE] graph - <----- statementPart
2021-11-19T10:23:51,620|[TRACE] graph - -----> statementPart
2021-11-19T10:23:51,620|[TRACE] graph - -------> nonSkippedChar
2021-11-19T10:23:51,620|[TRACE] script - #out(`D`) [token]
2021-11-19T10:23:51,620|[TRACE] graph - <------- nonSkippedChar
2021-11-19T10:23:51,620|[TRACE] graph - <----- statementPart
2021-11-19T10:23:51,620|[TRACE] graph - -----> statementPart
2021-11-19T10:23:51,620|[TRACE] graph - -------> nonSkippedChar
2021-11-19T10:23:51,620|[TRACE] script - #out(`E`) [token]
2021-11-19T10:23:51,620|[TRACE] graph - <------- nonSkippedChar
2021-11-19T10:23:51,620|[TRACE] graph - <----- statementPart
2021-11-19T10:23:51,620|[TRACE] graph - -----> statementPart
2021-11-19T10:23:51,620|[TRACE] graph - -------> nonSkippedChar
2021-11-19T10:23:51,620|[TRACE] script - #out(`F`) [token]
2021-11-19T10:23:51,620|[TRACE] graph - <------- nonSkippedChar
2021-11-19T10:23:51,620|[TRACE] graph - <----- statementPart
2021-11-19T10:23:51,620|[TRACE] graph - -----> statementPart
2021-11-19T10:23:51,620|[TRACE] graph - -------> nonSkippedChar
2021-11-19T10:23:51,620|[TRACE] script - #out(`A`) [token]
2021-11-19T10:23:51,620|[TRACE] graph - <------- nonSkippedChar
2021-11-19T10:23:51,620|[TRACE] graph - <----- statementPart
2021-11-19T10:23:51,620|[TRACE] graph - -----> statementPart
2021-11-19T10:23:51,620|[TRACE] graph - -------> nonSkippedChar
2021-11-19T10:23:51,620|[TRACE] script - #out(`U`) [token]
2021-11-19T10:23:51,620|[TRACE] graph - <------- nonSkippedChar
2021-11-19T10:23:51,620|[TRACE] graph - <----- statementPart
2021-11-19T10:23:51,620|[TRACE] graph - -----> statementPart
2021-11-19T10:23:51,620|[TRACE] graph - -------> nonSkippedChar
2021-11-19T10:23:51,620|[TRACE] script - #out(`L`) [token]
2021-11-19T10:23:51,620|[TRACE] graph - <------- nonSkippedChar
2021-11-19T10:23:51,620|[TRACE] graph - <----- statementPart
2021-11-19T10:23:51,620|[TRACE] graph - -----> statementPart
2021-11-19T10:23:51,620|[TRACE] graph - -------> nonSkippedChar
2021-11-19T10:23:51,620|[TRACE] script - #out(`T`) [token]
2021-11-19T10:23:51,620|[TRACE] graph - <------- nonSkippedChar
2021-11-19T10:23:51,620|[TRACE] graph - <----- statementPart
2021-11-19T10:23:51,620|[TRACE] graph - -----> statementPart
2021-11-19T10:23:51,620|[TRACE] graph - -------> nonSkippedSpace
2021-11-19T10:23:51,620|[TRACE] script - #out(` `) [token]
2021-11-19T10:23:51,620|[TRACE] graph - <------- nonSkippedSpace
2021-11-19T10:23:51,620|[TRACE] graph - <----- statementPart
2021-11-19T10:23:51,620|[TRACE] graph - -----> statementPart
2021-11-19T10:23:51,620|[TRACE] graph - -------> nonSkippedChar
2021-11-19T10:23:51,620|[TRACE] script - #out(`(`) [token]
2021-11-19T10:23:51,620|[TRACE] graph - <------- nonSkippedChar
2021-11-19T10:23:51,620|[TRACE] graph - <----- statementPart
2021-11-19T10:23:51,620|[TRACE] graph - -----> statementPart
2021-11-19T10:23:51,620|[TRACE] graph - -------> nonSkippedChar
2021-11-19T10:23:51,620|[TRACE] script - #out(`u`) [token]
2021-11-19T10:23:51,620|[TRACE] graph - <------- nonSkippedChar
2021-11-19T10:23:51,620|[TRACE] graph - <----- statementPart
2021-11-19T10:23:51,620|[TRACE] graph - -----> statementPart
2021-11-19T10:23:51,620|[TRACE] graph - -------> nonSkippedChar
2021-11-19T10:23:51,620|[TRACE] script - #out(`n`) [token]
2021-11-19T10:23:51,620|[TRACE] graph - <------- nonSkippedChar
2021-11-19T10:23:51,620|[TRACE] graph - <----- statementPart
2021-11-19T10:23:51,620|[TRACE] graph - -----> statementPart
2021-11-19T10:23:51,620|[TRACE] graph - -------> nonSkippedChar
2021-11-19T10:23:51,620|[TRACE] script - #out(`i`) [token]
2021-11-19T10:23:51,620|[TRACE] graph - <------- nonSkippedChar
2021-11-19T10:23:51,620|[TRACE] graph - <----- statementPart
2021-11-19T10:23:51,620|[TRACE] graph - -----> statementPart
2021-11-19T10:23:51,620|[TRACE] graph - -------> nonSkippedChar
2021-11-19T10:23:51,620|[TRACE] script - #out(`x`) [token]
2021-11-19T10:23:51,620|[TRACE] graph - <------- nonSkippedChar
2021-11-19T10:23:51,620|[TRACE] graph - <----- statementPart
2021-11-19T10:23:51,620|[TRACE] graph - -----> statementPart
2021-11-19T10:23:51,620|[TRACE] graph - -------> nonSkippedChar
2021-11-19T10:23:51,620|[TRACE] script - #out(`_`) [token]
2021-11-19T10:23:51,620|[TRACE] graph - <------- nonSkippedChar
2021-11-19T10:23:51,620|[TRACE] graph - <----- statementPart
2021-11-19T10:23:51,620|[TRACE] graph - -----> statementPart
2021-11-19T10:23:51,620|[TRACE] graph - -------> nonSkippedChar
2021-11-19T10:23:51,620|[TRACE] script - #out(`t`) [token]
2021-11-19T10:23:51,620|[TRACE] graph - <------- nonSkippedChar
2021-11-19T10:23:51,620|[TRACE] graph - <----- statementPart
2021-11-19T10:23:51,620|[TRACE] graph - -----> statementPart
2021-11-19T10:23:51,620|[TRACE] graph - -------> nonSkippedChar
2021-11-19T10:23:51,620|[TRACE] script - #out(`i`) [token]
2021-11-19T10:23:51,620|[TRACE] graph - <------- nonSkippedChar
2021-11-19T10:23:51,620|[TRACE] graph - <----- statementPart
2021-11-19T10:23:51,620|[TRACE] graph - -----> statementPart
2021-11-19T10:23:51,620|[TRACE] graph - -------> nonSkippedChar
2021-11-19T10:23:51,620|[TRACE] script - #out(`m`) [token]
2021-11-19T10:23:51,620|[TRACE] graph - <------- nonSkippedChar
2021-11-19T10:23:51,621|[TRACE] graph - <----- statementPart
2021-11-19T10:23:51,621|[TRACE] graph - -----> statementPart
2021-11-19T10:23:51,621|[TRACE] graph - -------> nonSkippedChar
2021-11-19T10:23:51,621|[TRACE] script - #out(`e`) [token]
2021-11-19T10:23:51,621|[TRACE] graph - <------- nonSkippedChar
2021-11-19T10:23:51,621|[TRACE] graph - <----- statementPart
2021-11-19T10:23:51,621|[TRACE] graph - -----> statementPart
2021-11-19T10:23:51,621|[TRACE] graph - -------> nonSkippedChar
2021-11-19T10:23:51,621|[TRACE] script - #out(`s`) [token]
2021-11-19T10:23:51,621|[TRACE] graph - <------- nonSkippedChar
2021-11-19T10:23:51,621|[TRACE] graph - <----- statementPart
2021-11-19T10:23:51,621|[TRACE] graph - -----> statementPart
2021-11-19T10:23:51,621|[TRACE] graph - -------> nonSkippedChar
2021-11-19T10:23:51,621|[TRACE] script - #out(`t`) [token]
2021-11-19T10:23:51,621|[TRACE] graph - <------- nonSkippedChar
2021-11-19T10:23:51,621|[TRACE] graph - <----- statementPart
2021-11-19T10:23:51,621|[TRACE] graph - -----> statementPart
2021-11-19T10:23:51,621|[TRACE] graph - -------> nonSkippedChar
2021-11-19T10:23:51,621|[TRACE] script - #out(`a`) [token]
2021-11-19T10:23:51,621|[TRACE] graph - <------- nonSkippedChar
2021-11-19T10:23:51,621|[TRACE] graph - <----- statementPart
2021-11-19T10:23:51,621|[TRACE] graph - -----> statementPart
2021-11-19T10:23:51,621|[TRACE] graph - -------> nonSkippedChar
2021-11-19T10:23:51,621|[TRACE] script - #out(`m`) [token]
2021-11-19T10:23:51,621|[TRACE] graph - <------- nonSkippedChar
2021-11-19T10:23:51,621|[TRACE] graph - <----- statementPart
2021-11-19T10:23:51,621|[TRACE] graph - -----> statementPart
2021-11-19T10:23:51,621|[TRACE] graph - -------> nonSkippedChar
2021-11-19T10:23:51,621|[TRACE] script - #out(`p`) [token]
2021-11-19T10:23:51,621|[TRACE] graph - <------- nonSkippedChar
2021-11-19T10:23:51,621|[TRACE] graph - <----- statementPart
2021-11-19T10:23:51,621|[TRACE] graph - -----> statementPart
2021-11-19T10:23:51,621|[TRACE] graph - -------> nonSkippedChar
2021-11-19T10:23:51,621|[TRACE] script - #out(`(`) [token]
2021-11-19T10:23:51,621|[TRACE] graph - <------- nonSkippedChar
2021-11-19T10:23:51,621|[TRACE] graph - <----- statementPart
2021-11-19T10:23:51,621|[TRACE] graph - -----> statementPart
2021-11-19T10:23:51,621|[TRACE] graph - -------> nonSkippedChar
2021-11-19T10:23:51,621|[TRACE] script - #out(`n`) [token]
2021-11-19T10:23:51,621|[TRACE] graph - <------- nonSkippedChar
2021-11-19T10:23:51,621|[TRACE] graph - <----- statementPart
2021-11-19T10:23:51,621|[TRACE] graph - -----> statementPart
2021-11-19T10:23:51,621|[TRACE] graph - -------> nonSkippedChar
2021-11-19T10:23:51,621|[TRACE] script - #out(`o`) [token]
2021-11-19T10:23:51,674|[TRACE] graph - <------- nonSkippedChar
2021-11-19T10:23:51,674|[TRACE] graph - <----- statementPart
2021-11-19T10:23:51,674|[TRACE] graph - -----> statementPart
2021-11-19T10:23:51,674|[TRACE] graph - -------> nonSkippedChar
2021-11-19T10:23:51,674|[TRACE] script - #out(`w`) [token]
2021-11-19T10:23:51,674|[TRACE] graph - <------- nonSkippedChar
2021-11-19T10:23:51,674|[TRACE] graph - <----- statementPart
2021-11-19T10:23:51,674|[TRACE] graph - -----> statementPart
2021-11-19T10:23:51,674|[TRACE] graph - -------> nonSkippedChar
2021-11-19T10:23:51,674|[TRACE] script - #out(`(`) [token]
2021-11-19T10:23:51,674|[TRACE] graph - <------- nonSkippedChar
2021-11-19T10:23:51,674|[TRACE] graph - <----- statementPart
2021-11-19T10:23:51,674|[TRACE] graph - -----> statementPart
2021-11-19T10:23:51,674|[TRACE] graph - -------> nonSkippedChar
2021-11-19T10:23:51,674|[TRACE] script - #out(`)`) [token]
2021-11-19T10:23:51,674|[TRACE] graph - <------- nonSkippedChar
2021-11-19T10:23:51,674|[TRACE] graph - <----- statementPart
2021-11-19T10:23:51,674|[TRACE] graph - -----> statementPart
2021-11-19T10:23:51,674|[TRACE] graph - -------> nonSkippedChar
2021-11-19T10:23:51,674|[TRACE] script - #out(`)`) [token]
2021-11-19T10:23:51,674|[TRACE] graph - <------- nonSkippedChar
2021-11-19T10:23:51,674|[TRACE] graph - <----- statementPart
2021-11-19T10:23:51,674|[TRACE] graph - -----> statementPart
2021-11-19T10:23:51,674|[TRACE] graph - -------> nonSkippedSpace
2021-11-19T10:23:51,674|[TRACE] script - #out(` `) [token]
2021-11-19T10:23:51,674|[TRACE] graph - <------- nonSkippedSpace
2021-11-19T10:23:51,674|[TRACE] graph - <----- statementPart
2021-11-19T10:23:51,674|[TRACE] graph - -----> statementPart
2021-11-19T10:23:51,674|[TRACE] graph - -------> nonSkippedChar
2021-11-19T10:23:51,674|[TRACE] script - #out(`*`) [token]
2021-11-19T10:23:51,674|[TRACE] graph - <------- nonSkippedChar
2021-11-19T10:23:51,674|[TRACE] graph - <----- statementPart
2021-11-19T10:23:51,674|[TRACE] graph - -----> statementPart
2021-11-19T10:23:51,674|[TRACE] graph - -------> nonSkippedSpace
2021-11-19T10:23:51,674|[TRACE] script - #out(` `) [token]
2021-11-19T10:23:51,674|[TRACE] graph - <------- nonSkippedSpace
2021-11-19T10:23:51,674|[TRACE] graph - <----- statementPart
2021-11-19T10:23:51,674|[TRACE] graph - -----> statementPart
2021-11-19T10:23:51,674|[TRACE] graph - -------> nonSkippedChar
2021-11-19T10:23:51,674|[TRACE] script - #out(`1`) [token]
2021-11-19T10:23:51,674|[TRACE] graph - <------- nonSkippedChar
2021-11-19T10:23:51,674|[TRACE] graph - <----- statementPart
2021-11-19T10:23:51,674|[TRACE] graph - -----> statementPart
2021-11-19T10:23:51,674|[TRACE] graph - -------> nonSkippedChar
2021-11-19T10:23:51,674|[TRACE] script - #out(`0`) [token]
2021-11-19T10:23:51,674|[TRACE] graph - <------- nonSkippedChar
2021-11-19T10:23:51,674|[TRACE] graph - <----- statementPart
2021-11-19T10:23:51,674|[TRACE] graph - -----> statementPart
2021-11-19T10:23:51,674|[TRACE] graph - -------> nonSkippedChar
2021-11-19T10:23:51,674|[TRACE] script - #out(`0`) [token]
2021-11-19T10:23:51,674|[TRACE] graph - <------- nonSkippedChar
2021-11-19T10:23:51,674|[TRACE] graph - <----- statementPart
2021-11-19T10:23:51,674|[TRACE] graph - -----> statementPart
2021-11-19T10:23:51,674|[TRACE] graph - -------> nonSkippedChar
2021-11-19T10:23:51,675|[TRACE] script - #out(`0`) [token]
2021-11-19T10:23:51,675|[TRACE] graph - <------- nonSkippedChar
2021-11-19T10:23:51,675|[TRACE] graph - <----- statementPart
2021-11-19T10:23:51,675|[TRACE] graph - -----> statementPart
2021-11-19T10:23:51,675|[TRACE] graph - -------> nonSkippedChar
2021-11-19T10:23:51,675|[TRACE] script - #out(`)`) [token]
2021-11-19T10:23:51,675|[TRACE] graph - <------- nonSkippedChar
2021-11-19T10:23:51,675|[TRACE] graph - <----- statementPart
2021-11-19T10:23:51,675|[TRACE] graph - -----> statementPart
2021-11-19T10:23:51,675|[TRACE] graph - -------> nonSkippedChar
2021-11-19T10:23:51,675|[TRACE] script - #out(`,`) [token]
2021-11-19T10:23:51,675|[TRACE] graph - <------- nonSkippedChar
2021-11-19T10:23:51,675|[TRACE] graph - <----- statementPart
2021-11-19T10:23:51,675|[TRACE] graph - -----> afterStatementPartNewline
2021-11-19T10:23:51,675|[TRACE] script - #out(` `) [text]
2021-11-19T10:23:51,675|[TRACE] graph - <----- afterStatementPartNewline
2021-11-19T10:23:51,675|[TRACE] graph - -----> statementPart
2021-11-19T10:23:51,675|[TRACE] graph - -------> nonSkippedSpace
2021-11-19T10:23:51,675|[TRACE] script - #out(` `) [token]
2021-11-19T10:23:51,675|[TRACE] graph - <------- nonSkippedSpace
2021-11-19T10:23:51,675|[TRACE] graph - <----- statementPart
2021-11-19T10:23:51,675|[TRACE] graph - -----> statementPart
2021-11-19T10:23:51,675|[TRACE] graph - -------> nonSkippedSpace
2021-11-19T10:23:51,675|[TRACE] script - #out(` `) [token]
2021-11-19T10:23:51,675|[TRACE] graph - <------- nonSkippedSpace
2021-11-19T10:23:51,675|[TRACE] graph - <----- statementPart
2021-11-19T10:23:51,675|[TRACE] graph - -----> statementPart
2021-11-19T10:23:51,675|[TRACE] graph - -------> quotedString
2021-11-19T10:23:51,675|[TRACE] script - #out(``version``) [token]
2021-11-19T10:23:51,675|[TRACE] graph - <------- quotedString
2021-11-19T10:23:51,675|[TRACE] graph - <----- statementPart
2021-11-19T10:23:51,675|[TRACE] graph - -----> statementPart
2021-11-19T10:23:51,675|[TRACE] graph - -------> nonSkippedSpace
2021-11-19T10:23:51,675|[TRACE] script - #out(` `) [token]
2021-11-19T10:23:51,675|[TRACE] graph - <------- nonSkippedSpace
2021-11-19T10:23:51,675|[TRACE] graph - <----- statementPart
2021-11-19T10:23:51,675|[TRACE] graph - -----> statementPart
2021-11-19T10:23:51,675|[TRACE] graph - -------> nonSkippedChar
2021-11-19T10:23:51,675|[TRACE] script - #out(`I`) [token]
2021-11-19T10:23:51,675|[TRACE] graph - <------- nonSkippedChar
2021-11-19T10:23:51,675|[TRACE] graph - <----- statementPart
2021-11-19T10:23:51,675|[TRACE] graph - -----> statementPart
2021-11-19T10:23:51,675|[TRACE] graph - -------> nonSkippedChar
2021-11-19T10:23:51,675|[TRACE] script - #out(`N`) [token]
2021-11-19T10:23:51,675|[TRACE] graph - <------- nonSkippedChar
2021-11-19T10:23:51,675|[TRACE] graph - <----- statementPart
2021-11-19T10:23:51,675|[TRACE] graph - -----> statementPart
2021-11-19T10:23:51,675|[TRACE] graph - -------> nonSkippedChar
2021-11-19T10:23:51,675|[TRACE] script - #out(`T`) [token]
2021-11-19T10:23:51,675|[TRACE] graph - <------- nonSkippedChar
2021-11-19T10:23:51,675|[TRACE] graph - <----- statementPart
2021-11-19T10:23:51,675|[TRACE] graph - -----> statementPart
2021-11-19T10:23:51,675|[TRACE] graph - -------> nonSkippedSpace
2021-11-19T10:23:51,675|[TRACE] script - #out(` `) [token]
2021-11-19T10:23:51,675|[TRACE] graph - <------- nonSkippedSpace
2021-11-19T10:23:51,675|[TRACE] graph - <----- statementPart
2021-11-19T10:23:51,675|[TRACE] graph - -----> statementPart
2021-11-19T10:23:51,675|[TRACE] graph - -------> nonSkippedChar
2021-11-19T10:23:51,675|[TRACE] script - #out(`N`) [token]
2021-11-19T10:23:51,675|[TRACE] graph - <------- nonSkippedChar
2021-11-19T10:23:51,675|[TRACE] graph - <----- statementPart
2021-11-19T10:23:51,675|[TRACE] graph - -----> statementPart
2021-11-19T10:23:51,675|[TRACE] graph - -------> nonSkippedChar
2021-11-19T10:23:51,675|[TRACE] script - #out(`O`) [token]
2021-11-19T10:23:51,675|[TRACE] graph - <------- nonSkippedChar
2021-11-19T10:23:51,675|[TRACE] graph - <----- statementPart
2021-11-19T10:23:51,675|[TRACE] graph - -----> statementPart
2021-11-19T10:23:51,675|[TRACE] graph - -------> nonSkippedChar
2021-11-19T10:23:51,675|[TRACE] script - #out(`T`) [token]
2021-11-19T10:23:51,675|[TRACE] graph - <------- nonSkippedChar
2021-11-19T10:23:51,675|[TRACE] graph - <----- statementPart
2021-11-19T10:23:51,675|[TRACE] graph - -----> statementPart
2021-11-19T10:23:51,675|[TRACE] graph - -------> nonSkippedSpace
2021-11-19T10:23:51,675|[TRACE] script - #out(` `) [token]
2021-11-19T10:23:51,675|[TRACE] graph - <------- nonSkippedSpace
2021-11-19T10:23:51,675|[TRACE] graph - <----- statementPart
2021-11-19T10:23:51,675|[TRACE] graph - -----> statementPart
2021-11-19T10:23:51,675|[TRACE] graph - -------> nonSkippedChar
2021-11-19T10:23:51,675|[TRACE] script - #out(`N`) [token]
2021-11-19T10:23:51,675|[TRACE] graph - <------- nonSkippedChar
2021-11-19T10:23:51,675|[TRACE] graph - <----- statementPart
2021-11-19T10:23:51,675|[TRACE] graph - -----> statementPart
2021-11-19T10:23:51,675|[TRACE] graph - -------> nonSkippedChar
2021-11-19T10:23:51,675|[TRACE] script - #out(`U`) [token]
2021-11-19T10:23:51,675|[TRACE] graph - <------- nonSkippedChar
2021-11-19T10:23:51,675|[TRACE] graph - <----- statementPart
2021-11-19T10:23:51,675|[TRACE] graph - -----> statementPart
2021-11-19T10:23:51,675|[TRACE] graph - -------> nonSkippedChar
2021-11-19T10:23:51,675|[TRACE] script - #out(`L`) [token]
2021-11-19T10:23:51,675|[TRACE] graph - <------- nonSkippedChar
2021-11-19T10:23:51,675|[TRACE] graph - <----- statementPart
2021-11-19T10:23:51,675|[TRACE] graph - -----> statementPart
2021-11-19T10:23:51,675|[TRACE] graph - -------> nonSkippedChar
2021-11-19T10:23:51,675|[TRACE] script - #out(`L`) [token]
2021-11-19T10:23:51,675|[TRACE] graph - <------- nonSkippedChar
2021-11-19T10:23:51,675|[TRACE] graph - <----- statementPart
2021-11-19T10:23:51,675|[TRACE] graph - -----> statementPart
2021-11-19T10:23:51,675|[TRACE] graph - -------> nonSkippedSpace
2021-11-19T10:23:51,675|[TRACE] script - #out(` `) [token]
2021-11-19T10:23:51,675|[TRACE] graph - <------- nonSkippedSpace
2021-11-19T10:23:51,675|[TRACE] graph - <----- statementPart
2021-11-19T10:23:51,675|[TRACE] graph - -----> statementPart
2021-11-19T10:23:51,675|[TRACE] graph - -------> nonSkippedChar
2021-11-19T10:23:51,675|[TRACE] script - #out(`D`) [token]
2021-11-19T10:23:51,675|[TRACE] graph - <------- nonSkippedChar
2021-11-19T10:23:51,675|[TRACE] graph - <----- statementPart
2021-11-19T10:23:51,675|[TRACE] graph - -----> statementPart
2021-11-19T10:23:51,675|[TRACE] graph - -------> nonSkippedChar
2021-11-19T10:23:51,675|[TRACE] script - #out(`E`) [token]
2021-11-19T10:23:51,675|[TRACE] graph - <------- nonSkippedChar
2021-11-19T10:23:51,676|[TRACE] graph - <----- statementPart
2021-11-19T10:23:51,676|[TRACE] graph - -----> statementPart
2021-11-19T10:23:51,676|[TRACE] graph - -------> nonSkippedChar
2021-11-19T10:23:51,676|[TRACE] script - #out(`F`) [token]
2021-11-19T10:23:51,676|[TRACE] graph - <------- nonSkippedChar
2021-11-19T10:23:51,676|[TRACE] graph - <----- statementPart
2021-11-19T10:23:51,676|[TRACE] graph - -----> statementPart
2021-11-19T10:23:51,676|[TRACE] graph - -------> nonSkippedChar
2021-11-19T10:23:51,676|[TRACE] script - #out(`A`) [token]
2021-11-19T10:23:51,676|[TRACE] graph - <------- nonSkippedChar
2021-11-19T10:23:51,676|[TRACE] graph - <----- statementPart
2021-11-19T10:23:51,676|[TRACE] graph - -----> statementPart
2021-11-19T10:23:51,676|[TRACE] graph - -------> nonSkippedChar
2021-11-19T10:23:51,676|[TRACE] script - #out(`U`) [token]
2021-11-19T10:23:51,676|[TRACE] graph - <------- nonSkippedChar
2021-11-19T10:23:51,676|[TRACE] graph - <----- statementPart
2021-11-19T10:23:51,676|[TRACE] graph - -----> statementPart
2021-11-19T10:23:51,676|[TRACE] graph - -------> nonSkippedChar
2021-11-19T10:23:51,676|[TRACE] script - #out(`L`) [token]
2021-11-19T10:23:51,676|[TRACE] graph - <------- nonSkippedChar
2021-11-19T10:23:51,676|[TRACE] graph - <----- statementPart
2021-11-19T10:23:51,676|[TRACE] graph - -----> statementPart
2021-11-19T10:23:51,676|[TRACE] graph - -------> nonSkippedChar
2021-11-19T10:23:51,676|[TRACE] script - #out(`T`) [token]
2021-11-19T10:23:51,676|[TRACE] graph - <------- nonSkippedChar
2021-11-19T10:23:51,676|[TRACE] graph - <----- statementPart
2021-11-19T10:23:51,676|[TRACE] graph - -----> statementPart
2021-11-19T10:23:51,676|[TRACE] graph - -------> nonSkippedSpace
2021-11-19T10:23:51,676|[TRACE] script - #out(` `) [token]
2021-11-19T10:23:51,676|[TRACE] graph - <------- nonSkippedSpace
2021-11-19T10:23:51,676|[TRACE] graph - <----- statementPart
2021-11-19T10:23:51,676|[TRACE] graph - -----> statementPart
2021-11-19T10:23:51,676|[TRACE] graph - -------> nonSkippedChar
2021-11-19T10:23:51,676|[TRACE] script - #out(`1`) [token]
2021-11-19T10:23:51,676|[TRACE] graph - <------- nonSkippedChar
2021-11-19T10:23:51,676|[TRACE] graph - <----- statementPart
2021-11-19T10:23:51,676|[TRACE] graph - -----> statementPart
2021-11-19T10:23:51,676|[TRACE] graph - -------> nonSkippedChar
2021-11-19T10:23:51,676|[TRACE] script - #out(`,`) [token]
2021-11-19T10:23:51,676|[TRACE] graph - <------- nonSkippedChar
2021-11-19T10:23:51,676|[TRACE] graph - <----- statementPart
2021-11-19T10:23:51,676|[TRACE] graph - -----> afterStatementPartNewline
2021-11-19T10:23:51,676|[TRACE] script - #out(` `) [text]
2021-11-19T10:23:51,676|[TRACE] graph - <----- afterStatementPartNewline
2021-11-19T10:23:51,676|[TRACE] graph - -----> statementPart
2021-11-19T10:23:51,676|[TRACE] graph - -------> nonSkippedSpace
2021-11-19T10:23:51,676|[TRACE] script - #out(` `) [token]
2021-11-19T10:23:51,676|[TRACE] graph - <------- nonSkippedSpace
2021-11-19T10:23:51,676|[TRACE] graph - <----- statementPart
2021-11-19T10:23:51,676|[TRACE] graph - -----> statementPart
2021-11-19T10:23:51,676|[TRACE] graph - -------> nonSkippedSpace
2021-11-19T10:23:51,676|[TRACE] script - #out(` `) [token]
2021-11-19T10:23:51,676|[TRACE] graph - <------- nonSkippedSpace
2021-11-19T10:23:51,676|[TRACE] graph - <----- statementPart
2021-11-19T10:23:51,676|[TRACE] graph - -----> statementPart
2021-11-19T10:23:51,676|[TRACE] graph - -------> nonSkippedChar
2021-11-19T10:23:51,676|[TRACE] script - #out(`P`) [token]
2021-11-19T10:23:51,676|[TRACE] graph - <------- nonSkippedChar
2021-11-19T10:23:51,676|[TRACE] graph - <----- statementPart
2021-11-19T10:23:51,676|[TRACE] graph - -----> statementPart
2021-11-19T10:23:51,676|[TRACE] graph - -------> nonSkippedChar
2021-11-19T10:23:51,676|[TRACE] script - #out(`R`) [token]
2021-11-19T10:23:51,676|[TRACE] graph - <------- nonSkippedChar
2021-11-19T10:23:51,676|[TRACE] graph - <----- statementPart
2021-11-19T10:23:51,676|[TRACE] graph - -----> statementPart
2021-11-19T10:23:51,676|[TRACE] graph - -------> nonSkippedChar
2021-11-19T10:23:51,676|[TRACE] script - #out(`I`) [token]
2021-11-19T10:23:51,676|[TRACE] graph - <------- nonSkippedChar
2021-11-19T10:23:51,676|[TRACE] graph - <----- statementPart
2021-11-19T10:23:51,676|[TRACE] graph - -----> statementPart
2021-11-19T10:23:51,676|[TRACE] graph - -------> nonSkippedChar
2021-11-19T10:23:51,676|[TRACE] script - #out(`M`) [token]
2021-11-19T10:23:51,676|[TRACE] graph - <------- nonSkippedChar
2021-11-19T10:23:51,676|[TRACE] graph - <----- statementPart
2021-11-19T10:23:51,676|[TRACE] graph - -----> statementPart
2021-11-19T10:23:51,676|[TRACE] graph - -------> nonSkippedChar
2021-11-19T10:23:51,676|[TRACE] script - #out(`A`) [token]
2021-11-19T10:23:51,676|[TRACE] graph - <------- nonSkippedChar
2021-11-19T10:23:51,676|[TRACE] graph - <----- statementPart
2021-11-19T10:23:51,676|[TRACE] graph - -----> statementPart
2021-11-19T10:23:51,676|[TRACE] graph - -------> nonSkippedChar
2021-11-19T10:23:51,676|[TRACE] script - #out(`R`) [token]
2021-11-19T10:23:51,676|[TRACE] graph - <------- nonSkippedChar
2021-11-19T10:23:51,676|[TRACE] graph - <----- statementPart
2021-11-19T10:23:51,676|[TRACE] graph - -----> statementPart
2021-11-19T10:23:51,676|[TRACE] graph - -------> nonSkippedChar
2021-11-19T10:23:51,676|[TRACE] script - #out(`Y`) [token]
2021-11-19T10:23:51,676|[TRACE] graph - <------- nonSkippedChar
2021-11-19T10:23:51,676|[TRACE] graph - <----- statementPart
2021-11-19T10:23:51,676|[TRACE] graph - -----> statementPart
2021-11-19T10:23:51,676|[TRACE] graph - -------> nonSkippedSpace
2021-11-19T10:23:51,676|[TRACE] script - #out(` `) [token]
2021-11-19T10:23:51,676|[TRACE] graph - <------- nonSkippedSpace
2021-11-19T10:23:51,676|[TRACE] graph - <----- statementPart
2021-11-19T10:23:51,676|[TRACE] graph - -----> statementPart
2021-11-19T10:23:51,676|[TRACE] graph - -------> nonSkippedChar
2021-11-19T10:23:51,676|[TRACE] script - #out(`K`) [token]
2021-11-19T10:23:51,676|[TRACE] graph - <------- nonSkippedChar
2021-11-19T10:23:51,676|[TRACE] graph - <----- statementPart
2021-11-19T10:23:51,676|[TRACE] graph - -----> statementPart
2021-11-19T10:23:51,676|[TRACE] graph - -------> nonSkippedChar
2021-11-19T10:23:51,676|[TRACE] script - #out(`E`) [token]
2021-11-19T10:23:51,676|[TRACE] graph - <------- nonSkippedChar
2021-11-19T10:23:51,676|[TRACE] graph - <----- statementPart
2021-11-19T10:23:51,676|[TRACE] graph - -----> statementPart
2021-11-19T10:23:51,676|[TRACE] graph - -------> nonSkippedChar
2021-11-19T10:23:51,676|[TRACE] script - #out(`Y`) [token]
2021-11-19T10:23:51,676|[TRACE] graph - <------- nonSkippedChar
2021-11-19T10:23:51,676|[TRACE] graph - <----- statementPart
2021-11-19T10:23:51,676|[TRACE] graph - -----> statementPart
2021-11-19T10:23:51,676|[TRACE] graph - -------> nonSkippedSpace
2021-11-19T10:23:51,676|[TRACE] script - #out(` `) [token]
2021-11-19T10:23:51,677|[TRACE] graph - <------- nonSkippedSpace
2021-11-19T10:23:51,677|[TRACE] graph - <----- statementPart
2021-11-19T10:23:51,677|[TRACE] graph - -----> statementPart
2021-11-19T10:23:51,677|[TRACE] graph - -------> nonSkippedChar
2021-11-19T10:23:51,677|[TRACE] script - #out(`(`) [token]
2021-11-19T10:23:51,677|[TRACE] graph - <------- nonSkippedChar
2021-11-19T10:23:51,677|[TRACE] graph - <----- statementPart
2021-11-19T10:23:51,677|[TRACE] graph - -----> statementPart
2021-11-19T10:23:51,677|[TRACE] graph - -------> quotedString
2021-11-19T10:23:51,677|[TRACE] script - #out(``person_id``) [token]
2021-11-19T10:23:51,677|[TRACE] graph - <------- quotedString
2021-11-19T10:23:51,677|[TRACE] graph - <----- statementPart
2021-11-19T10:23:51,677|[TRACE] graph - -----> statementPart
2021-11-19T10:23:51,677|[TRACE] graph - -------> nonSkippedChar
2021-11-19T10:23:51,677|[TRACE] script - #out(`,`) [token]
2021-11-19T10:23:51,677|[TRACE] graph - <------- nonSkippedChar
2021-11-19T10:23:51,677|[TRACE] graph - <----- statementPart
2021-11-19T10:23:51,677|[TRACE] graph - -----> statementPart
2021-11-19T10:23:51,677|[TRACE] graph - -------> nonSkippedSpace
2021-11-19T10:23:51,677|[TRACE] script - #out(` `) [token]
2021-11-19T10:23:51,677|[TRACE] graph - <------- nonSkippedSpace
2021-11-19T10:23:51,677|[TRACE] graph - <----- statementPart
2021-11-19T10:23:51,677|[TRACE] graph - -----> statementPart
2021-11-19T10:23:51,677|[TRACE] graph - -------> quotedString
2021-11-19T10:23:51,677|[TRACE] script - #out(``phone_id``) [token]
2021-11-19T10:23:51,677|[TRACE] graph - <------- quotedString
2021-11-19T10:23:51,677|[TRACE] graph - <----- statementPart
2021-11-19T10:23:51,677|[TRACE] graph - -----> statementPart
2021-11-19T10:23:51,677|[TRACE] graph - -------> nonSkippedChar
2021-11-19T10:23:51,677|[TRACE] script - #out(`)`) [token]
2021-11-19T10:23:51,677|[TRACE] graph - <------- nonSkippedChar
2021-11-19T10:23:51,677|[TRACE] graph - <----- statementPart
2021-11-19T10:23:51,677|[TRACE] graph - -----> statementPart
2021-11-19T10:23:51,677|[TRACE] graph - -------> nonSkippedChar
2021-11-19T10:23:51,677|[TRACE] script - #out(`,`) [token]
2021-11-19T10:23:51,677|[TRACE] graph - <------- nonSkippedChar
2021-11-19T10:23:51,677|[TRACE] graph - <----- statementPart
2021-11-19T10:23:51,677|[TRACE] graph - -----> afterStatementPartNewline
2021-11-19T10:23:51,677|[TRACE] script - #out(` `) [text]
2021-11-19T10:23:51,677|[TRACE] graph - <----- afterStatementPartNewline
2021-11-19T10:23:51,677|[TRACE] graph - -----> statementPart
2021-11-19T10:23:51,677|[TRACE] graph - -------> nonSkippedSpace
2021-11-19T10:23:51,677|[TRACE] script - #out(` `) [token]
2021-11-19T10:23:51,677|[TRACE] graph - <------- nonSkippedSpace
2021-11-19T10:23:51,677|[TRACE] graph - <----- statementPart
2021-11-19T10:23:51,677|[TRACE] graph - -----> statementPart
2021-11-19T10:23:51,677|[TRACE] graph - -------> nonSkippedSpace
2021-11-19T10:23:51,677|[TRACE] script - #out(` `) [token]
2021-11-19T10:23:51,677|[TRACE] graph - <------- nonSkippedSpace
2021-11-19T10:23:51,677|[TRACE] graph - <----- statementPart
2021-11-19T10:23:51,677|[TRACE] graph - -----> statementPart
2021-11-19T10:23:51,677|[TRACE] graph - -------> nonSkippedChar
2021-11-19T10:23:51,677|[TRACE] script - #out(`I`) [token]
2021-11-19T10:23:51,677|[TRACE] graph - <------- nonSkippedChar
2021-11-19T10:23:51,677|[TRACE] graph - <----- statementPart
2021-11-19T10:23:51,677|[TRACE] graph - -----> statementPart
2021-11-19T10:23:51,677|[TRACE] graph - -------> nonSkippedChar
2021-11-19T10:23:51,677|[TRACE] script - #out(`N`) [token]
2021-11-19T10:23:51,677|[TRACE] graph - <------- nonSkippedChar
2021-11-19T10:23:51,677|[TRACE] graph - <----- statementPart
2021-11-19T10:23:51,677|[TRACE] graph - -----> statementPart
2021-11-19T10:23:51,677|[TRACE] graph - -------> nonSkippedChar
2021-11-19T10:23:51,677|[TRACE] script - #out(`D`) [token]
2021-11-19T10:23:51,677|[TRACE] graph - <------- nonSkippedChar
2021-11-19T10:23:51,677|[TRACE] graph - <----- statementPart
2021-11-19T10:23:51,677|[TRACE] graph - -----> statementPart
2021-11-19T10:23:51,677|[TRACE] graph - -------> nonSkippedChar
2021-11-19T10:23:51,677|[TRACE] script - #out(`E`) [token]
2021-11-19T10:23:51,677|[TRACE] graph - <------- nonSkippedChar
2021-11-19T10:23:51,677|[TRACE] graph - <----- statementPart
2021-11-19T10:23:51,677|[TRACE] graph - -----> statementPart
2021-11-19T10:23:51,677|[TRACE] graph - -------> nonSkippedChar
2021-11-19T10:23:51,677|[TRACE] script - #out(`X`) [token]
2021-11-19T10:23:51,677|[TRACE] graph - <------- nonSkippedChar
2021-11-19T10:23:51,677|[TRACE] graph - <----- statementPart
2021-11-19T10:23:51,677|[TRACE] graph - -----> statementPart
2021-11-19T10:23:51,677|[TRACE] graph - -------> nonSkippedSpace
2021-11-19T10:23:51,677|[TRACE] script - #out(` `) [token]
2021-11-19T10:23:51,677|[TRACE] graph - <------- nonSkippedSpace
2021-11-19T10:23:51,677|[TRACE] graph - <----- statementPart
2021-11-19T10:23:51,677|[TRACE] graph - -----> statementPart
2021-11-19T10:23:51,677|[TRACE] graph - -------> quotedString
2021-11-19T10:23:51,677|[TRACE] script - #out(``fk_contact_phone1_idx``) [token]
2021-11-19T10:23:51,677|[TRACE] graph - <------- quotedString
2021-11-19T10:23:51,677|[TRACE] graph - <----- statementPart
2021-11-19T10:23:51,677|[TRACE] graph - -----> statementPart
2021-11-19T10:23:51,677|[TRACE] graph - -------> nonSkippedSpace
2021-11-19T10:23:51,677|[TRACE] script - #out(` `) [token]
2021-11-19T10:23:51,677|[TRACE] graph - <------- nonSkippedSpace
2021-11-19T10:23:51,677|[TRACE] graph - <----- statementPart
2021-11-19T10:23:51,677|[TRACE] graph - -----> statementPart
2021-11-19T10:23:51,677|[TRACE] graph - -------> nonSkippedChar
2021-11-19T10:23:51,677|[TRACE] script - #out(`(`) [token]
2021-11-19T10:23:51,677|[TRACE] graph - <------- nonSkippedChar
2021-11-19T10:23:51,677|[TRACE] graph - <----- statementPart
2021-11-19T10:23:51,677|[TRACE] graph - -----> statementPart
2021-11-19T10:23:51,677|[TRACE] graph - -------> quotedString
2021-11-19T10:23:51,677|[TRACE] script - #out(``phone_id``) [token]
2021-11-19T10:23:51,677|[TRACE] graph - <------- quotedString
2021-11-19T10:23:51,677|[TRACE] graph - <----- statementPart
2021-11-19T10:23:51,677|[TRACE] graph - -----> statementPart
2021-11-19T10:23:51,677|[TRACE] graph - -------> nonSkippedSpace
2021-11-19T10:23:51,677|[TRACE] script - #out(` `) [token]
2021-11-19T10:23:51,677|[TRACE] graph - <------- nonSkippedSpace
2021-11-19T10:23:51,677|[TRACE] graph - <----- statementPart
2021-11-19T10:23:51,677|[TRACE] graph - -----> statementPart
2021-11-19T10:23:51,677|[TRACE] graph - -------> nonSkippedChar
2021-11-19T10:23:51,677|[TRACE] script - #out(`A`) [token]
2021-11-19T10:23:51,677|[TRACE] graph - <------- nonSkippedChar
2021-11-19T10:23:51,677|[TRACE] graph - <----- statementPart
2021-11-19T10:23:51,677|[TRACE] graph - -----> statementPart
2021-11-19T10:23:51,677|[TRACE] graph - -------> nonSkippedChar
2021-11-19T10:23:51,677|[TRACE] script - #out(`S`) [token]
2021-11-19T10:23:51,677|[TRACE] graph - <------- nonSkippedChar
2021-11-19T10:23:51,677|[TRACE] graph - <----- statementPart
2021-11-19T10:23:51,677|[TRACE] graph - -----> statementPart
2021-11-19T10:23:51,677|[TRACE] graph - -------> nonSkippedChar
2021-11-19T10:23:51,677|[TRACE] script - #out(`C`) [token]
2021-11-19T10:23:51,677|[TRACE] graph - <------- nonSkippedChar
2021-11-19T10:23:51,677|[TRACE] graph - <----- statementPart
2021-11-19T10:23:51,677|[TRACE] graph - -----> statementPart
2021-11-19T10:23:51,677|[TRACE] graph - -------> nonSkippedChar
2021-11-19T10:23:51,677|[TRACE] script - #out(`)`) [token]
2021-11-19T10:23:51,677|[TRACE] graph - <------- nonSkippedChar
2021-11-19T10:23:51,677|[TRACE] graph - <----- statementPart
2021-11-19T10:23:51,677|[TRACE] graph - -----> statementPart
2021-11-19T10:23:51,677|[TRACE] graph - -------> nonSkippedSpace
2021-11-19T10:23:51,678|[TRACE] script - #out(` `) [token]
2021-11-19T10:23:51,684|[TRACE] graph - <------- nonSkippedSpace
2021-11-19T10:23:51,684|[TRACE] graph - <----- statementPart
2021-11-19T10:23:51,684|[TRACE] graph - -----> statementPart
2021-11-19T10:23:51,684|[TRACE] graph - -------> nonSkippedChar
2021-11-19T10:23:51,684|[TRACE] script - #out(`V`) [token]
2021-11-19T10:23:51,684|[TRACE] graph - <------- nonSkippedChar
2021-11-19T10:23:51,684|[TRACE] graph - <----- statementPart
2021-11-19T10:23:51,684|[TRACE] graph - -----> statementPart
2021-11-19T10:23:51,684|[TRACE] graph - -------> nonSkippedChar
2021-11-19T10:23:51,684|[TRACE] script - #out(`I`) [token]
2021-11-19T10:23:51,684|[TRACE] graph - <------- nonSkippedChar
2021-11-19T10:23:51,684|[TRACE] graph - <----- statementPart
2021-11-19T10:23:51,684|[TRACE] graph - -----> statementPart
2021-11-19T10:23:51,684|[TRACE] graph - -------> nonSkippedChar
2021-11-19T10:23:51,684|[TRACE] script - #out(`S`) [token]
2021-11-19T10:23:51,684|[TRACE] graph - <------- nonSkippedChar
2021-11-19T10:23:51,684|[TRACE] graph - <----- statementPart
2021-11-19T10:23:51,684|[TRACE] graph - -----> statementPart
2021-11-19T10:23:51,684|[TRACE] graph - -------> nonSkippedChar
2021-11-19T10:23:51,684|[TRACE] script - #out(`I`) [token]
2021-11-19T10:23:51,684|[TRACE] graph - <------- nonSkippedChar
2021-11-19T10:23:51,684|[TRACE] graph - <----- statementPart
2021-11-19T10:23:51,684|[TRACE] graph - -----> statementPart
2021-11-19T10:23:51,684|[TRACE] graph - -------> nonSkippedChar
2021-11-19T10:23:51,684|[TRACE] script - #out(`B`) [token]
2021-11-19T10:23:51,684|[TRACE] graph - <------- nonSkippedChar
2021-11-19T10:23:51,684|[TRACE] graph - <----- statementPart
2021-11-19T10:23:51,684|[TRACE] graph - -----> statementPart
2021-11-19T10:23:51,684|[TRACE] graph - -------> nonSkippedChar
2021-11-19T10:23:51,684|[TRACE] script - #out(`L`) [token]
2021-11-19T10:23:51,684|[TRACE] graph - <------- nonSkippedChar
2021-11-19T10:23:51,684|[TRACE] graph - <----- statementPart
2021-11-19T10:23:51,684|[TRACE] graph - -----> statementPart
2021-11-19T10:23:51,684|[TRACE] graph - -------> nonSkippedChar
2021-11-19T10:23:51,684|[TRACE] script - #out(`E`) [token]
2021-11-19T10:23:51,684|[TRACE] graph - <------- nonSkippedChar
2021-11-19T10:23:51,684|[TRACE] graph - <----- statementPart
2021-11-19T10:23:51,684|[TRACE] graph - -----> statementPart
2021-11-19T10:23:51,684|[TRACE] graph - -------> nonSkippedChar
2021-11-19T10:23:51,684|[TRACE] script - #out(`,`) [token]
2021-11-19T10:23:51,684|[TRACE] graph - <------- nonSkippedChar
2021-11-19T10:23:51,684|[TRACE] graph - <----- statementPart
2021-11-19T10:23:51,684|[TRACE] graph - -----> afterStatementPartNewline
2021-11-19T10:23:51,684|[TRACE] script - #out(` `) [text]
2021-11-19T10:23:51,684|[TRACE] graph - <----- afterStatementPartNewline
2021-11-19T10:23:51,684|[TRACE] graph - -----> statementPart
2021-11-19T10:23:51,684|[TRACE] graph - -------> nonSkippedSpace
2021-11-19T10:23:51,684|[TRACE] script - #out(` `) [token]
2021-11-19T10:23:51,685|[TRACE] graph - <------- nonSkippedSpace
2021-11-19T10:23:51,685|[TRACE] graph - <----- statementPart
2021-11-19T10:23:51,685|[TRACE] graph - -----> statementPart
2021-11-19T10:23:51,685|[TRACE] graph - -------> nonSkippedSpace
2021-11-19T10:23:51,685|[TRACE] script - #out(` `) [token]
2021-11-19T10:23:51,685|[TRACE] graph - <------- nonSkippedSpace
2021-11-19T10:23:51,685|[TRACE] graph - <----- statementPart
2021-11-19T10:23:51,685|[TRACE] graph - -----> statementPart
2021-11-19T10:23:51,685|[TRACE] graph - -------> nonSkippedChar
2021-11-19T10:23:51,685|[TRACE] script - #out(`I`) [token]
2021-11-19T10:23:51,685|[TRACE] graph - <------- nonSkippedChar
2021-11-19T10:23:51,685|[TRACE] graph - <----- statementPart
2021-11-19T10:23:51,741|[TRACE] graph - -----> statementPart
2021-11-19T10:23:51,741|[TRACE] graph - -------> nonSkippedChar
2021-11-19T10:23:51,741|[TRACE] script - #out(`N`) [token]
2021-11-19T10:23:51,741|[TRACE] graph - <------- nonSkippedChar
2021-11-19T10:23:51,741|[TRACE] graph - <----- statementPart
2021-11-19T10:23:51,741|[TRACE] graph - -----> statementPart
2021-11-19T10:23:51,741|[TRACE] graph - -------> nonSkippedChar
2021-11-19T10:23:51,741|[TRACE] script - #out(`D`) [token]
2021-11-19T10:23:51,741|[TRACE] graph - <------- nonSkippedChar
2021-11-19T10:23:51,741|[TRACE] graph - <----- statementPart
2021-11-19T10:23:51,741|[TRACE] graph - -----> statementPart
2021-11-19T10:23:51,741|[TRACE] graph - -------> nonSkippedChar
2021-11-19T10:23:51,741|[TRACE] script - #out(`E`) [token]
2021-11-19T10:23:51,741|[TRACE] graph - <------- nonSkippedChar
2021-11-19T10:23:51,741|[TRACE] graph - <----- statementPart
2021-11-19T10:23:51,741|[TRACE] graph - -----> statementPart
2021-11-19T10:23:51,741|[TRACE] graph - -------> nonSkippedChar
2021-11-19T10:23:51,741|[TRACE] script - #out(`X`) [token]
2021-11-19T10:23:51,741|[TRACE] graph - <------- nonSkippedChar
2021-11-19T10:23:51,741|[TRACE] graph - <----- statementPart
2021-11-19T10:23:51,741|[TRACE] graph - -----> statementPart
2021-11-19T10:23:51,741|[TRACE] graph - -------> nonSkippedSpace
2021-11-19T10:23:51,741|[TRACE] script - #out(` `) [token]
2021-11-19T10:23:51,741|[TRACE] graph - <------- nonSkippedSpace
2021-11-19T10:23:51,741|[TRACE] graph - <----- statementPart
2021-11-19T10:23:51,741|[TRACE] graph - -----> statementPart
2021-11-19T10:23:51,741|[TRACE] graph - -------> quotedString
2021-11-19T10:23:51,741|[TRACE] script - #out(``fk_contact_person1_idx``) [token]
2021-11-19T10:23:51,741|[TRACE] graph - <------- quotedString
2021-11-19T10:23:51,741|[TRACE] graph - <----- statementPart
2021-11-19T10:23:51,741|[TRACE] graph - -----> statementPart
2021-11-19T10:23:51,741|[TRACE] graph - -------> nonSkippedSpace
2021-11-19T10:23:51,741|[TRACE] script - #out(` `) [token]
2021-11-19T10:23:51,741|[TRACE] graph - <------- nonSkippedSpace
2021-11-19T10:23:51,741|[TRACE] graph - <----- statementPart
2021-11-19T10:23:51,741|[TRACE] graph - -----> statementPart
2021-11-19T10:23:51,741|[TRACE] graph - -------> nonSkippedChar
2021-11-19T10:23:51,741|[TRACE] script - #out(`(`) [token]
2021-11-19T10:23:51,741|[TRACE] graph - <------- nonSkippedChar
2021-11-19T10:23:51,741|[TRACE] graph - <----- statementPart
2021-11-19T10:23:51,741|[TRACE] graph - -----> statementPart
2021-11-19T10:23:51,741|[TRACE] graph - -------> quotedString
2021-11-19T10:23:51,741|[TRACE] script - #out(``person_id``) [token]
2021-11-19T10:23:51,741|[TRACE] graph - <------- quotedString
2021-11-19T10:23:51,741|[TRACE] graph - <----- statementPart
2021-11-19T10:23:51,741|[TRACE] graph - -----> statementPart
2021-11-19T10:23:51,741|[TRACE] graph - -------> nonSkippedSpace
2021-11-19T10:23:51,741|[TRACE] script - #out(` `) [token]
2021-11-19T10:23:51,741|[TRACE] graph - <------- nonSkippedSpace
2021-11-19T10:23:51,741|[TRACE] graph - <----- statementPart
2021-11-19T10:23:51,741|[TRACE] graph - -----> statementPart
2021-11-19T10:23:51,741|[TRACE] graph - -------> nonSkippedChar
2021-11-19T10:23:51,741|[TRACE] script - #out(`A`) [token]
2021-11-19T10:23:51,741|[TRACE] graph - <------- nonSkippedChar
2021-11-19T10:23:51,741|[TRACE] graph - <----- statementPart
2021-11-19T10:23:51,741|[TRACE] graph - -----> statementPart
2021-11-19T10:23:51,741|[TRACE] graph - -------> nonSkippedChar
2021-11-19T10:23:51,741|[TRACE] script - #out(`S`) [token]
2021-11-19T10:23:51,741|[TRACE] graph - <------- nonSkippedChar
2021-11-19T10:23:51,741|[TRACE] graph - <----- statementPart
2021-11-19T10:23:51,741|[TRACE] graph - -----> statementPart
2021-11-19T10:23:51,741|[TRACE] graph - -------> nonSkippedChar
2021-11-19T10:23:51,741|[TRACE] script - #out(`C`) [token]
2021-11-19T10:23:51,741|[TRACE] graph - <------- nonSkippedChar
2021-11-19T10:23:51,741|[TRACE] graph - <----- statementPart
2021-11-19T10:23:51,741|[TRACE] graph - -----> statementPart
2021-11-19T10:23:51,741|[TRACE] graph - -------> nonSkippedChar
2021-11-19T10:23:51,741|[TRACE] script - #out(`)`) [token]
2021-11-19T10:23:51,741|[TRACE] graph - <------- nonSkippedChar
2021-11-19T10:23:51,741|[TRACE] graph - <----- statementPart
2021-11-19T10:23:51,742|[TRACE] graph - -----> statementPart
2021-11-19T10:23:51,742|[TRACE] graph - -------> nonSkippedSpace
2021-11-19T10:23:51,742|[TRACE] script - #out(` `) [token]
2021-11-19T10:23:51,742|[TRACE] graph - <------- nonSkippedSpace
2021-11-19T10:23:51,742|[TRACE] graph - <----- statementPart
2021-11-19T10:23:51,742|[TRACE] graph - -----> statementPart
2021-11-19T10:23:51,742|[TRACE] graph - -------> nonSkippedChar
2021-11-19T10:23:51,742|[TRACE] script - #out(`V`) [token]
2021-11-19T10:23:51,742|[TRACE] graph - <------- nonSkippedChar
2021-11-19T10:23:51,742|[TRACE] graph - <----- statementPart
2021-11-19T10:23:51,742|[TRACE] graph - -----> statementPart
2021-11-19T10:23:51,742|[TRACE] graph - -------> nonSkippedChar
2021-11-19T10:23:51,742|[TRACE] script - #out(`I`) [token]
2021-11-19T10:23:51,742|[TRACE] graph - <------- nonSkippedChar
2021-11-19T10:23:51,742|[TRACE] graph - <----- statementPart
2021-11-19T10:23:51,742|[TRACE] graph - -----> statementPart
2021-11-19T10:23:51,742|[TRACE] graph - -------> nonSkippedChar
2021-11-19T10:23:51,742|[TRACE] script - #out(`S`) [token]
2021-11-19T10:23:51,742|[TRACE] graph - <------- nonSkippedChar
2021-11-19T10:23:51,742|[TRACE] graph - <----- statementPart
2021-11-19T10:23:51,742|[TRACE] graph - -----> statementPart
2021-11-19T10:23:51,742|[TRACE] graph - -------> nonSkippedChar
2021-11-19T10:23:51,742|[TRACE] script - #out(`I`) [token]
2021-11-19T10:23:51,742|[TRACE] graph - <------- nonSkippedChar
2021-11-19T10:23:51,742|[TRACE] graph - <----- statementPart
2021-11-19T10:23:51,742|[TRACE] graph - -----> statementPart
2021-11-19T10:23:51,742|[TRACE] graph - -------> nonSkippedChar
2021-11-19T10:23:51,742|[TRACE] script - #out(`B`) [token]
2021-11-19T10:23:51,742|[TRACE] graph - <------- nonSkippedChar
2021-11-19T10:23:51,742|[TRACE] graph - <----- statementPart
2021-11-19T10:23:51,742|[TRACE] graph - -----> statementPart
2021-11-19T10:23:51,742|[TRACE] graph - -------> nonSkippedChar
2021-11-19T10:23:51,742|[TRACE] script - #out(`L`) [token]
2021-11-19T10:23:51,742|[TRACE] graph - <------- nonSkippedChar
2021-11-19T10:23:51,742|[TRACE] graph - <----- statementPart
2021-11-19T10:23:51,742|[TRACE] graph - -----> statementPart
2021-11-19T10:23:51,742|[TRACE] graph - -------> nonSkippedChar
2021-11-19T10:23:51,742|[TRACE] script - #out(`E`) [token]
2021-11-19T10:23:51,742|[TRACE] graph - <------- nonSkippedChar
2021-11-19T10:23:51,742|[TRACE] graph - <----- statementPart
2021-11-19T10:23:51,742|[TRACE] graph - -----> statementPart
2021-11-19T10:23:51,742|[TRACE] graph - -------> nonSkippedChar
2021-11-19T10:23:51,742|[TRACE] script - #out(`,`) [token]
2021-11-19T10:23:51,742|[TRACE] graph - <------- nonSkippedChar
2021-11-19T10:23:51,742|[TRACE] graph - <----- statementPart
2021-11-19T10:23:51,742|[TRACE] graph - -----> afterStatementPartNewline
2021-11-19T10:23:51,742|[TRACE] script - #out(` `) [text]
2021-11-19T10:23:51,742|[TRACE] graph - <----- afterStatementPartNewline
2021-11-19T10:23:51,742|[TRACE] graph - -----> statementPart
2021-11-19T10:23:51,742|[TRACE] graph - -------> nonSkippedSpace
2021-11-19T10:23:51,742|[TRACE] script - #out(` `) [token]
2021-11-19T10:23:51,742|[TRACE] graph - <------- nonSkippedSpace
2021-11-19T10:23:51,742|[TRACE] graph - <----- statementPart
2021-11-19T10:23:51,742|[TRACE] graph - -----> statementPart
2021-11-19T10:23:51,742|[TRACE] graph - -------> nonSkippedSpace
2021-11-19T10:23:51,742|[TRACE] script - #out(` `) [token]
2021-11-19T10:23:51,742|[TRACE] graph - <------- nonSkippedSpace
2021-11-19T10:23:51,742|[TRACE] graph - <----- statementPart
2021-11-19T10:23:51,742|[TRACE] graph - -----> statementPart
2021-11-19T10:23:51,742|[TRACE] graph - -------> nonSkippedChar
2021-11-19T10:23:51,742|[TRACE] script - #out(`C`) [token]
2021-11-19T10:23:51,742|[TRACE] graph - <------- nonSkippedChar
2021-11-19T10:23:51,742|[TRACE] graph - <----- statementPart
2021-11-19T10:23:51,742|[TRACE] graph - -----> statementPart
2021-11-19T10:23:51,742|[TRACE] graph - -------> nonSkippedChar
2021-11-19T10:23:51,742|[TRACE] script - #out(`O`) [token]
2021-11-19T10:23:51,742|[TRACE] graph - <------- nonSkippedChar
2021-11-19T10:23:51,742|[TRACE] graph - <----- statementPart
2021-11-19T10:23:51,742|[TRACE] graph - -----> statementPart
2021-11-19T10:23:51,742|[TRACE] graph - -------> nonSkippedChar
2021-11-19T10:23:51,742|[TRACE] script - #out(`N`) [token]
2021-11-19T10:23:51,742|[TRACE] graph - <------- nonSkippedChar
2021-11-19T10:23:51,742|[TRACE] graph - <----- statementPart
2021-11-19T10:23:51,742|[TRACE] graph - -----> statementPart
2021-11-19T10:23:51,742|[TRACE] graph - -------> nonSkippedChar
2021-11-19T10:23:51,742|[TRACE] script - #out(`S`) [token]
2021-11-19T10:23:51,742|[TRACE] graph - <------- nonSkippedChar
2021-11-19T10:23:51,742|[TRACE] graph - <----- statementPart
2021-11-19T10:23:51,742|[TRACE] graph - -----> statementPart
2021-11-19T10:23:51,742|[TRACE] graph - -------> nonSkippedChar
2021-11-19T10:23:51,742|[TRACE] script - #out(`T`) [token]
2021-11-19T10:23:51,742|[TRACE] graph - <------- nonSkippedChar
2021-11-19T10:23:51,742|[TRACE] graph - <----- statementPart
2021-11-19T10:23:51,742|[TRACE] graph - -----> statementPart
2021-11-19T10:23:51,742|[TRACE] graph - -------> nonSkippedChar
2021-11-19T10:23:51,742|[TRACE] script - #out(`R`) [token]
2021-11-19T10:23:51,742|[TRACE] graph - <------- nonSkippedChar
2021-11-19T10:23:51,742|[TRACE] graph - <----- statementPart
2021-11-19T10:23:51,742|[TRACE] graph - -----> statementPart
2021-11-19T10:23:51,742|[TRACE] graph - -------> nonSkippedChar
2021-11-19T10:23:51,742|[TRACE] script - #out(`A`) [token]
2021-11-19T10:23:51,742|[TRACE] graph - <------- nonSkippedChar
2021-11-19T10:23:51,742|[TRACE] graph - <----- statementPart
2021-11-19T10:23:51,742|[TRACE] graph - -----> statementPart
2021-11-19T10:23:51,742|[TRACE] graph - -------> nonSkippedChar
2021-11-19T10:23:51,742|[TRACE] script - #out(`I`) [token]
2021-11-19T10:23:51,742|[TRACE] graph - <------- nonSkippedChar
2021-11-19T10:23:51,742|[TRACE] graph - <----- statementPart
2021-11-19T10:23:51,742|[TRACE] graph - -----> statementPart
2021-11-19T10:23:51,742|[TRACE] graph - -------> nonSkippedChar
2021-11-19T10:23:51,742|[TRACE] script - #out(`N`) [token]
2021-11-19T10:23:51,742|[TRACE] graph - <------- nonSkippedChar
2021-11-19T10:23:51,742|[TRACE] graph - <----- statementPart
2021-11-19T10:23:51,742|[TRACE] graph - -----> statementPart
2021-11-19T10:23:51,742|[TRACE] graph - -------> nonSkippedChar
2021-11-19T10:23:51,742|[TRACE] script - #out(`T`) [token]
2021-11-19T10:23:51,742|[TRACE] graph - <------- nonSkippedChar
2021-11-19T10:23:51,742|[TRACE] graph - <----- statementPart
2021-11-19T10:23:51,742|[TRACE] graph - -----> statementPart
2021-11-19T10:23:51,742|[TRACE] graph - -------> nonSkippedSpace
2021-11-19T10:23:51,742|[TRACE] script - #out(` `) [token]
2021-11-19T10:23:51,742|[TRACE] graph - <------- nonSkippedSpace
2021-11-19T10:23:51,742|[TRACE] graph - <----- statementPart
2021-11-19T10:23:51,742|[TRACE] graph - -----> statementPart
2021-11-19T10:23:51,742|[TRACE] graph - -------> quotedString
2021-11-19T10:23:51,742|[TRACE] script - #out(``fk_contact_address1``) [token]
2021-11-19T10:23:51,742|[TRACE] graph - <------- quotedString
2021-11-19T10:23:51,742|[TRACE] graph - <----- statementPart
2021-11-19T10:23:51,742|[TRACE] graph - -----> afterStatementPartNewline
2021-11-19T10:23:51,742|[TRACE] script - #out(` `) [text]
2021-11-19T10:23:51,742|[TRACE] graph - <----- afterStatementPartNewline
2021-11-19T10:23:51,742|[TRACE] graph - -----> statementPart
2021-11-19T10:23:51,742|[TRACE] graph - -------> nonSkippedSpace
2021-11-19T10:23:51,742|[TRACE] script - #out(` `) [token]
2021-11-19T10:23:51,742|[TRACE] graph - <------- nonSkippedSpace
2021-11-19T10:23:51,742|[TRACE] graph - <----- statementPart
2021-11-19T10:23:51,742|[TRACE] graph - -----> statementPart
2021-11-19T10:23:51,742|[TRACE] graph - -------> nonSkippedSpace
2021-11-19T10:23:51,742|[TRACE] script - #out(` `) [token]
2021-11-19T10:23:51,742|[TRACE] graph - <------- nonSkippedSpace
2021-11-19T10:23:51,742|[TRACE] graph - <----- statementPart
2021-11-19T10:23:51,742|[TRACE] graph - -----> statementPart
2021-11-19T10:23:51,742|[TRACE] graph - -------> nonSkippedSpace
2021-11-19T10:23:51,742|[TRACE] script - #out(` `) [token]
2021-11-19T10:23:51,742|[TRACE] graph - <------- nonSkippedSpace
2021-11-19T10:23:51,742|[TRACE] graph - <----- statementPart
2021-11-19T10:23:51,742|[TRACE] graph - -----> statementPart
2021-11-19T10:23:51,742|[TRACE] graph - -------> nonSkippedSpace
2021-11-19T10:23:51,742|[TRACE] script - #out(` `) [token]
2021-11-19T10:23:51,742|[TRACE] graph - <------- nonSkippedSpace
2021-11-19T10:23:51,742|[TRACE] graph - <----- statementPart
2021-11-19T10:23:51,742|[TRACE] graph - -----> statementPart
2021-11-19T10:23:51,742|[TRACE] graph - -------> nonSkippedChar
2021-11-19T10:23:51,742|[TRACE] script - #out(`F`) [token]
2021-11-19T10:23:51,742|[TRACE] graph - <------- nonSkippedChar
2021-11-19T10:23:51,742|[TRACE] graph - <----- statementPart
2021-11-19T10:23:51,742|[TRACE] graph - -----> statementPart
2021-11-19T10:23:51,742|[TRACE] graph - -------> nonSkippedChar
2021-11-19T10:23:51,742|[TRACE] script - #out(`O`) [token]
2021-11-19T10:23:51,742|[TRACE] graph - <------- nonSkippedChar
2021-11-19T10:23:51,742|[TRACE] graph - <----- statementPart
2021-11-19T10:23:51,742|[TRACE] graph - -----> statementPart
2021-11-19T10:23:51,742|[TRACE] graph - -------> nonSkippedChar
2021-11-19T10:23:51,742|[TRACE] script - #out(`R`) [token]
2021-11-19T10:23:51,742|[TRACE] graph - <------- nonSkippedChar
2021-11-19T10:23:51,742|[TRACE] graph - <----- statementPart
2021-11-19T10:23:51,742|[TRACE] graph - -----> statementPart
2021-11-19T10:23:51,742|[TRACE] graph - -------> nonSkippedChar
2021-11-19T10:23:51,742|[TRACE] script - #out(`E`) [token]
2021-11-19T10:23:51,742|[TRACE] graph - <------- nonSkippedChar
2021-11-19T10:23:51,742|[TRACE] graph - <----- statementPart
2021-11-19T10:23:51,742|[TRACE] graph - -----> statementPart
2021-11-19T10:23:51,742|[TRACE] graph - -------> nonSkippedChar
2021-11-19T10:23:51,742|[TRACE] script - #out(`I`) [token]
2021-11-19T10:23:51,742|[TRACE] graph - <------- nonSkippedChar
2021-11-19T10:23:51,742|[TRACE] graph - <----- statementPart
2021-11-19T10:23:51,742|[TRACE] graph - -----> statementPart
2021-11-19T10:23:51,742|[TRACE] graph - -------> nonSkippedChar
2021-11-19T10:23:51,742|[TRACE] script - #out(`G`) [token]
2021-11-19T10:23:51,742|[TRACE] graph - <------- nonSkippedChar
2021-11-19T10:23:51,742|[TRACE] graph - <----- statementPart
2021-11-19T10:23:51,742|[TRACE] graph - -----> statementPart
2021-11-19T10:23:51,742|[TRACE] graph - -------> nonSkippedChar
2021-11-19T10:23:51,742|[TRACE] script - #out(`N`) [token]
2021-11-19T10:23:51,742|[TRACE] graph - <------- nonSkippedChar
2021-11-19T10:23:51,742|[TRACE] graph - <----- statementPart
2021-11-19T10:23:51,742|[TRACE] graph - -----> statementPart
2021-11-19T10:23:51,742|[TRACE] graph - -------> nonSkippedSpace
2021-11-19T10:23:51,742|[TRACE] script - #out(` `) [token]
2021-11-19T10:23:51,742|[TRACE] graph - <------- nonSkippedSpace
2021-11-19T10:23:51,742|[TRACE] graph - <----- statementPart
2021-11-19T10:23:51,742|[TRACE] graph - -----> statementPart
2021-11-19T10:23:51,742|[TRACE] graph - -------> nonSkippedChar
2021-11-19T10:23:51,742|[TRACE] script - #out(`K`) [token]
2021-11-19T10:23:51,742|[TRACE] graph - <------- nonSkippedChar
2021-11-19T10:23:51,742|[TRACE] graph - <----- statementPart
2021-11-19T10:23:51,742|[TRACE] graph - -----> statementPart
2021-11-19T10:23:51,742|[TRACE] graph - -------> nonSkippedChar
2021-11-19T10:23:51,742|[TRACE] script - #out(`E`) [token]
2021-11-19T10:23:51,742|[TRACE] graph - <------- nonSkippedChar
2021-11-19T10:23:51,742|[TRACE] graph - <----- statementPart
2021-11-19T10:23:51,742|[TRACE] graph - -----> statementPart
2021-11-19T10:23:51,742|[TRACE] graph - -------> nonSkippedChar
2021-11-19T10:23:51,742|[TRACE] script - #out(`Y`) [token]
2021-11-19T10:23:51,742|[TRACE] graph - <------- nonSkippedChar
2021-11-19T10:23:51,742|[TRACE] graph - <----- statementPart
2021-11-19T10:23:51,742|[TRACE] graph - -----> statementPart
2021-11-19T10:23:51,742|[TRACE] graph - -------> nonSkippedSpace
2021-11-19T10:23:51,742|[TRACE] script - #out(` `) [token]
2021-11-19T10:23:51,742|[TRACE] graph - <------- nonSkippedSpace
2021-11-19T10:23:51,742|[TRACE] graph - <----- statementPart
2021-11-19T10:23:51,742|[TRACE] graph - -----> statementPart
2021-11-19T10:23:51,742|[TRACE] graph - -------> nonSkippedChar
2021-11-19T10:23:51,742|[TRACE] script - #out(`(`) [token]
2021-11-19T10:23:51,742|[TRACE] graph - <------- nonSkippedChar
2021-11-19T10:23:51,742|[TRACE] graph - <----- statementPart
2021-11-19T10:23:51,742|[TRACE] graph - -----> statementPart
2021-11-19T10:23:51,742|[TRACE] graph - -------> quotedString
2021-11-19T10:23:51,742|[TRACE] script - #out(``address_id``) [token]
2021-11-19T10:23:51,742|[TRACE] graph - <------- quotedString
2021-11-19T10:23:51,742|[TRACE] graph - <----- statementPart
2021-11-19T10:23:51,742|[TRACE] graph - -----> statementPart
2021-11-19T10:23:51,742|[TRACE] graph - -------> nonSkippedChar
2021-11-19T10:23:51,742|[TRACE] script - #out(`)`) [token]
2021-11-19T10:23:51,742|[TRACE] graph - <------- nonSkippedChar
2021-11-19T10:23:51,742|[TRACE] graph - <----- statementPart
2021-11-19T10:23:51,742|[TRACE] graph - -----> afterStatementPartNewline
2021-11-19T10:23:51,742|[TRACE] script - #out(` `) [text]
2021-11-19T10:23:51,742|[TRACE] graph - <----- afterStatementPartNewline
2021-11-19T10:23:51,742|[TRACE] graph - -----> statementPart
2021-11-19T10:23:51,742|[TRACE] graph - -------> nonSkippedSpace
2021-11-19T10:23:51,742|[TRACE] script - #out(` `) [token]
2021-11-19T10:23:51,742|[TRACE] graph - <------- nonSkippedSpace
2021-11-19T10:23:51,742|[TRACE] graph - <----- statementPart
2021-11-19T10:23:51,742|[TRACE] graph - -----> statementPart
2021-11-19T10:23:51,742|[TRACE] graph - -------> nonSkippedSpace
2021-11-19T10:23:51,742|[TRACE] script - #out(` `) [token]
2021-11-19T10:23:51,742|[TRACE] graph - <------- nonSkippedSpace
2021-11-19T10:23:51,742|[TRACE] graph - <----- statementPart
2021-11-19T10:23:51,742|[TRACE] graph - -----> statementPart
2021-11-19T10:23:51,742|[TRACE] graph - -------> nonSkippedSpace
2021-11-19T10:23:51,742|[TRACE] script - #out(` `) [token]
2021-11-19T10:23:51,742|[TRACE] graph - <------- nonSkippedSpace
2021-11-19T10:23:51,742|[TRACE] graph - <----- statementPart
2021-11-19T10:23:51,742|[TRACE] graph - -----> statementPart
2021-11-19T10:23:51,742|[TRACE] graph - -------> nonSkippedSpace
2021-11-19T10:23:51,742|[TRACE] script - #out(` `) [token]
2021-11-19T10:23:51,742|[TRACE] graph - <------- nonSkippedSpace
2021-11-19T10:23:51,742|[TRACE] graph - <----- statementPart
2021-11-19T10:23:51,742|[TRACE] graph - -----> statementPart
2021-11-19T10:23:51,742|[TRACE] graph - -------> nonSkippedChar
2021-11-19T10:23:51,742|[TRACE] script - #out(`R`) [token]
2021-11-19T10:23:51,742|[TRACE] graph - <------- nonSkippedChar
2021-11-19T10:23:51,742|[TRACE] graph - <----- statementPart
2021-11-19T10:23:51,742|[TRACE] graph - -----> statementPart
2021-11-19T10:23:51,742|[TRACE] graph - -------> nonSkippedChar
2021-11-19T10:23:51,742|[TRACE] script - #out(`E`) [token]
2021-11-19T10:23:51,742|[TRACE] graph - <------- nonSkippedChar
2021-11-19T10:23:51,742|[TRACE] graph - <----- statementPart
2021-11-19T10:23:51,742|[TRACE] graph - -----> statementPart
2021-11-19T10:23:51,742|[TRACE] graph - -------> nonSkippedChar
2021-11-19T10:23:51,742|[TRACE] script - #out(`F`) [token]
2021-11-19T10:23:51,742|[TRACE] graph - <------- nonSkippedChar
2021-11-19T10:23:51,742|[TRACE] graph - <----- statementPart
2021-11-19T10:23:51,742|[TRACE] graph - -----> statementPart
2021-11-19T10:23:51,742|[TRACE] graph - -------> nonSkippedChar
2021-11-19T10:23:51,742|[TRACE] script - #out(`E`) [token]
2021-11-19T10:23:51,742|[TRACE] graph - <------- nonSkippedChar
2021-11-19T10:23:51,742|[TRACE] graph - <----- statementPart
2021-11-19T10:23:51,742|[TRACE] graph - -----> statementPart
2021-11-19T10:23:51,742|[TRACE] graph - -------> nonSkippedChar
2021-11-19T10:23:51,742|[TRACE] script - #out(`R`) [token]
2021-11-19T10:23:51,742|[TRACE] graph - <------- nonSkippedChar
2021-11-19T10:23:51,742|[TRACE] graph - <----- statementPart
2021-11-19T10:23:51,742|[TRACE] graph - -----> statementPart
2021-11-19T10:23:51,742|[TRACE] graph - -------> nonSkippedChar
2021-11-19T10:23:51,742|[TRACE] script - #out(`E`) [token]
2021-11-19T10:23:51,742|[TRACE] graph - <------- nonSkippedChar
2021-11-19T10:23:51,742|[TRACE] graph - <----- statementPart
2021-11-19T10:23:51,742|[TRACE] graph - -----> statementPart
2021-11-19T10:23:51,742|[TRACE] graph - -------> nonSkippedChar
2021-11-19T10:23:51,742|[TRACE] script - #out(`N`) [token]
2021-11-19T10:23:51,742|[TRACE] graph - <------- nonSkippedChar
2021-11-19T10:23:51,742|[TRACE] graph - <----- statementPart
2021-11-19T10:23:51,742|[TRACE] graph - -----> statementPart
2021-11-19T10:23:51,742|[TRACE] graph - -------> nonSkippedChar
2021-11-19T10:23:51,742|[TRACE] script - #out(`C`) [token]
2021-11-19T10:23:51,742|[TRACE] graph - <------- nonSkippedChar
2021-11-19T10:23:51,742|[TRACE] graph - <----- statementPart
2021-11-19T10:23:51,742|[TRACE] graph - -----> statementPart
2021-11-19T10:23:51,742|[TRACE] graph - -------> nonSkippedChar
2021-11-19T10:23:51,742|[TRACE] script - #out(`E`) [token]
2021-11-19T10:23:51,742|[TRACE] graph - <------- nonSkippedChar
2021-11-19T10:23:51,742|[TRACE] graph - <----- statementPart
2021-11-19T10:23:51,742|[TRACE] graph - -----> statementPart
2021-11-19T10:23:51,742|[TRACE] graph - -------> nonSkippedChar
2021-11-19T10:23:51,742|[TRACE] script - #out(`S`) [token]
2021-11-19T10:23:51,742|[TRACE] graph - <------- nonSkippedChar
2021-11-19T10:23:51,742|[TRACE] graph - <----- statementPart
2021-11-19T10:23:51,742|[TRACE] graph - -----> statementPart
2021-11-19T10:23:51,742|[TRACE] graph - -------> nonSkippedSpace
2021-11-19T10:23:51,742|[TRACE] script - #out(` `) [token]
2021-11-19T10:23:51,742|[TRACE] graph - <------- nonSkippedSpace
2021-11-19T10:23:51,743|[TRACE] graph - <----- statementPart
2021-11-19T10:23:51,743|[TRACE] graph - -----> statementPart
2021-11-19T10:23:51,743|[TRACE] graph - -------> quotedString
2021-11-19T10:23:51,743|[TRACE] script - #out(``bloodbank``) [token]
2021-11-19T10:23:51,743|[TRACE] graph - <------- quotedString
2021-11-19T10:23:51,743|[TRACE] graph - <----- statementPart
2021-11-19T10:23:51,743|[TRACE] graph - -----> statementPart
2021-11-19T10:23:51,743|[TRACE] graph - -------> nonSkippedChar
2021-11-19T10:23:51,743|[TRACE] script - #out(`.`) [token]
2021-11-19T10:23:51,743|[TRACE] graph - <------- nonSkippedChar
2021-11-19T10:23:51,743|[TRACE] graph - <----- statementPart
2021-11-19T10:23:51,743|[TRACE] graph - -----> statementPart
2021-11-19T10:23:51,743|[TRACE] graph - -------> quotedString
2021-11-19T10:23:51,743|[TRACE] script - #out(``address``) [token]
2021-11-19T10:23:51,743|[TRACE] graph - <------- quotedString
2021-11-19T10:23:51,743|[TRACE] graph - <----- statementPart
2021-11-19T10:23:51,743|[TRACE] graph - -----> statementPart
2021-11-19T10:23:51,743|[TRACE] graph - -------> nonSkippedSpace
2021-11-19T10:23:51,743|[TRACE] script - #out(` `) [token]
2021-11-19T10:23:51,743|[TRACE] graph - <------- nonSkippedSpace
2021-11-19T10:23:51,743|[TRACE] graph - <----- statementPart
2021-11-19T10:23:51,743|[TRACE] graph - -----> statementPart
2021-11-19T10:23:51,743|[TRACE] graph - -------> nonSkippedChar
2021-11-19T10:23:51,743|[TRACE] script - #out(`(`) [token]
2021-11-19T10:23:51,743|[TRACE] graph - <------- nonSkippedChar
2021-11-19T10:23:51,743|[TRACE] graph - <----- statementPart
2021-11-19T10:23:51,743|[TRACE] graph - -----> statementPart
2021-11-19T10:23:51,743|[TRACE] graph - -------> quotedString
2021-11-19T10:23:51,743|[TRACE] script - #out(``address_id``) [token]
2021-11-19T10:23:51,743|[TRACE] graph - <------- quotedString
2021-11-19T10:23:51,743|[TRACE] graph - <----- statementPart
2021-11-19T10:23:51,743|[TRACE] graph - -----> statementPart
2021-11-19T10:23:51,743|[TRACE] graph - -------> nonSkippedChar
2021-11-19T10:23:51,743|[TRACE] script - #out(`)`) [token]
2021-11-19T10:23:51,743|[TRACE] graph - <------- nonSkippedChar
2021-11-19T10:23:51,743|[TRACE] graph - <----- statementPart
2021-11-19T10:23:51,743|[TRACE] graph - -----> afterStatementPartNewline
2021-11-19T10:23:51,743|[TRACE] script - #out(` `) [text]
2021-11-19T10:23:51,743|[TRACE] graph - <----- afterStatementPartNewline
2021-11-19T10:23:51,743|[TRACE] graph - -----> statementPart
2021-11-19T10:23:51,743|[TRACE] graph - -------> nonSkippedSpace
2021-11-19T10:23:51,743|[TRACE] script - #out(` `) [token]
2021-11-19T10:23:51,743|[TRACE] graph - <------- nonSkippedSpace
2021-11-19T10:23:51,743|[TRACE] graph - <----- statementPart
2021-11-19T10:23:51,743|[TRACE] graph - -----> statementPart
2021-11-19T10:23:51,743|[TRACE] graph - -------> nonSkippedSpace
2021-11-19T10:23:51,743|[TRACE] script - #out(` `) [token]
2021-11-19T10:23:51,743|[TRACE] graph - <------- nonSkippedSpace
2021-11-19T10:23:51,743|[TRACE] graph - <----- statementPart
2021-11-19T10:23:51,743|[TRACE] graph - -----> statementPart
2021-11-19T10:23:51,743|[TRACE] graph - -------> nonSkippedSpace
2021-11-19T10:23:51,743|[TRACE] script - #out(` `) [token]
2021-11-19T10:23:51,743|[TRACE] graph - <------- nonSkippedSpace
2021-11-19T10:23:51,743|[TRACE] graph - <----- statementPart
2021-11-19T10:23:51,743|[TRACE] graph - -----> statementPart
2021-11-19T10:23:51,743|[TRACE] graph - -------> nonSkippedSpace
2021-11-19T10:23:51,743|[TRACE] script - #out(` `) [token]
2021-11-19T10:23:51,743|[TRACE] graph - <------- nonSkippedSpace
2021-11-19T10:23:51,743|[TRACE] graph - <----- statementPart
2021-11-19T10:23:51,743|[TRACE] graph - -----> statementPart
2021-11-19T10:23:51,743|[TRACE] graph - -------> nonSkippedChar
2021-11-19T10:23:51,743|[TRACE] script - #out(`O`) [token]
2021-11-19T10:23:51,743|[TRACE] graph - <------- nonSkippedChar
2021-11-19T10:23:51,743|[TRACE] graph - <----- statementPart
2021-11-19T10:23:51,743|[TRACE] graph - -----> statementPart
2021-11-19T10:23:51,743|[TRACE] graph - -------> nonSkippedChar
2021-11-19T10:23:51,743|[TRACE] script - #out(`N`) [token]
2021-11-19T10:23:51,743|[TRACE] graph - <------- nonSkippedChar
2021-11-19T10:23:51,743|[TRACE] graph - <----- statementPart
2021-11-19T10:23:51,743|[TRACE] graph - -----> statementPart
2021-11-19T10:23:51,743|[TRACE] graph - -------> nonSkippedSpace
2021-11-19T10:23:51,743|[TRACE] script - #out(` `) [token]
2021-11-19T10:23:51,743|[TRACE] graph - <------- nonSkippedSpace
2021-11-19T10:23:51,743|[TRACE] graph - <----- statementPart
2021-11-19T10:23:51,743|[TRACE] graph - -----> statementPart
2021-11-19T10:23:51,743|[TRACE] graph - -------> nonSkippedChar
2021-11-19T10:23:51,743|[TRACE] script - #out(`D`) [token]
2021-11-19T10:23:51,743|[TRACE] graph - <------- nonSkippedChar
2021-11-19T10:23:51,743|[TRACE] graph - <----- statementPart
2021-11-19T10:23:51,743|[TRACE] graph - -----> statementPart
2021-11-19T10:23:51,743|[TRACE] graph - -------> nonSkippedChar
2021-11-19T10:23:51,743|[TRACE] script - #out(`E`) [token]
2021-11-19T10:23:51,743|[TRACE] graph - <------- nonSkippedChar
2021-11-19T10:23:51,743|[TRACE] graph - <----- statementPart
2021-11-19T10:23:51,743|[TRACE] graph - -----> statementPart
2021-11-19T10:23:51,743|[TRACE] graph - -------> nonSkippedChar
2021-11-19T10:23:51,743|[TRACE] script - #out(`L`) [token]
2021-11-19T10:23:51,743|[TRACE] graph - <------- nonSkippedChar
2021-11-19T10:23:51,743|[TRACE] graph - <----- statementPart
2021-11-19T10:23:51,743|[TRACE] graph - -----> statementPart
2021-11-19T10:23:51,743|[TRACE] graph - -------> nonSkippedChar
2021-11-19T10:23:51,743|[TRACE] script - #out(`E`) [token]
2021-11-19T10:23:51,743|[TRACE] graph - <------- nonSkippedChar
2021-11-19T10:23:51,743|[TRACE] graph - <----- statementPart
2021-11-19T10:23:51,743|[TRACE] graph - -----> statementPart
2021-11-19T10:23:51,743|[TRACE] graph - -------> nonSkippedChar
2021-11-19T10:23:51,743|[TRACE] script - #out(`T`) [token]
2021-11-19T10:23:51,743|[TRACE] graph - <------- nonSkippedChar
2021-11-19T10:23:51,743|[TRACE] graph - <----- statementPart
2021-11-19T10:23:51,743|[TRACE] graph - -----> statementPart
2021-11-19T10:23:51,743|[TRACE] graph - -------> nonSkippedChar
2021-11-19T10:23:51,797|[TRACE] script - #out(`E`) [token]
2021-11-19T10:23:51,797|[TRACE] graph - <------- nonSkippedChar
2021-11-19T10:23:51,797|[TRACE] graph - <----- statementPart
2021-11-19T10:23:51,797|[TRACE] graph - -----> statementPart
2021-11-19T10:23:51,797|[TRACE] graph - -------> nonSkippedSpace
2021-11-19T10:23:51,797|[TRACE] script - #out(` `) [token]
2021-11-19T10:23:51,797|[TRACE] graph - <------- nonSkippedSpace
2021-11-19T10:23:51,797|[TRACE] graph - <----- statementPart
2021-11-19T10:23:51,797|[TRACE] graph - -----> statementPart
2021-11-19T10:23:51,797|[TRACE] graph - -------> nonSkippedChar
2021-11-19T10:23:51,797|[TRACE] script - #out(`N`) [token]
2021-11-19T10:23:51,797|[TRACE] graph - <------- nonSkippedChar
2021-11-19T10:23:51,797|[TRACE] graph - <----- statementPart
2021-11-19T10:23:51,797|[TRACE] graph - -----> statementPart
2021-11-19T10:23:51,797|[TRACE] graph - -------> nonSkippedChar
2021-11-19T10:23:51,797|[TRACE] script - #out(`O`) [token]
2021-11-19T10:23:51,797|[TRACE] graph - <------- nonSkippedChar
2021-11-19T10:23:51,797|[TRACE] graph - <----- statementPart
2021-11-19T10:23:51,797|[TRACE] graph - -----> statementPart
2021-11-19T10:23:51,797|[TRACE] graph - -------> nonSkippedSpace
2021-11-19T10:23:51,797|[TRACE] script - #out(` `) [token]
2021-11-19T10:23:51,797|[TRACE] graph - <------- nonSkippedSpace
2021-11-19T10:23:51,797|[TRACE] graph - <----- statementPart
2021-11-19T10:23:51,798|[TRACE] graph - -----> statementPart
2021-11-19T10:23:51,798|[TRACE] graph - -------> nonSkippedChar
2021-11-19T10:23:51,798|[TRACE] script - #out(`A`) [token]
2021-11-19T10:23:51,798|[TRACE] graph - <------- nonSkippedChar
2021-11-19T10:23:51,798|[TRACE] graph - <----- statementPart
2021-11-19T10:23:51,798|[TRACE] graph - -----> statementPart
2021-11-19T10:23:51,798|[TRACE] graph - -------> nonSkippedChar
2021-11-19T10:23:51,798|[TRACE] script - #out(`C`) [token]
2021-11-19T10:23:51,798|[TRACE] graph - <------- nonSkippedChar
2021-11-19T10:23:51,798|[TRACE] graph - <----- statementPart
2021-11-19T10:23:51,798|[TRACE] graph - -----> statementPart
2021-11-19T10:23:51,798|[TRACE] graph - -------> nonSkippedChar
2021-11-19T10:23:51,798|[TRACE] script - #out(`T`) [token]
2021-11-19T10:23:51,798|[TRACE] graph - <------- nonSkippedChar
2021-11-19T10:23:51,798|[TRACE] graph - <----- statementPart
2021-11-19T10:23:51,798|[TRACE] graph - -----> statementPart
2021-11-19T10:23:51,798|[TRACE] graph - -------> nonSkippedChar
2021-11-19T10:23:51,798|[TRACE] script - #out(`I`) [token]
2021-11-19T10:23:51,798|[TRACE] graph - <------- nonSkippedChar
2021-11-19T10:23:51,798|[TRACE] graph - <----- statementPart
2021-11-19T10:23:51,798|[TRACE] graph - -----> statementPart
2021-11-19T10:23:51,798|[TRACE] graph - -------> nonSkippedChar
2021-11-19T10:23:51,798|[TRACE] script - #out(`O`) [token]
2021-11-19T10:23:51,798|[TRACE] graph - <------- nonSkippedChar
2021-11-19T10:23:51,798|[TRACE] graph - <----- statementPart
2021-11-19T10:23:51,798|[TRACE] graph - -----> statementPart
2021-11-19T10:23:51,798|[TRACE] graph - -------> nonSkippedChar
2021-11-19T10:23:51,798|[TRACE] script - #out(`N`) [token]
2021-11-19T10:23:51,798|[TRACE] graph - <------- nonSkippedChar
2021-11-19T10:23:51,798|[TRACE] graph - <----- statementPart
2021-11-19T10:23:51,798|[TRACE] graph - -----> afterStatementPartNewline
2021-11-19T10:23:51,798|[TRACE] script - #out(` `) [text]
2021-11-19T10:23:51,798|[TRACE] graph - <----- afterStatementPartNewline
2021-11-19T10:23:51,798|[TRACE] graph - -----> statementPart
2021-11-19T10:23:51,798|[TRACE] graph - -------> nonSkippedSpace
2021-11-19T10:23:51,798|[TRACE] script - #out(` `) [token]
2021-11-19T10:23:51,798|[TRACE] graph - <------- nonSkippedSpace
2021-11-19T10:23:51,798|[TRACE] graph - <----- statementPart
2021-11-19T10:23:51,798|[TRACE] graph - -----> statementPart
2021-11-19T10:23:51,798|[TRACE] graph - -------> nonSkippedSpace
2021-11-19T10:23:51,798|[TRACE] script - #out(` `) [token]
2021-11-19T10:23:51,798|[TRACE] graph - <------- nonSkippedSpace
2021-11-19T10:23:51,798|[TRACE] graph - <----- statementPart
2021-11-19T10:23:51,798|[TRACE] graph - -----> statementPart
2021-11-19T10:23:51,798|[TRACE] graph - -------> nonSkippedSpace
2021-11-19T10:23:51,798|[TRACE] script - #out(` `) [token]
2021-11-19T10:23:51,798|[TRACE] graph - <------- nonSkippedSpace
2021-11-19T10:23:51,798|[TRACE] graph - <----- statementPart
2021-11-19T10:23:51,798|[TRACE] graph - -----> statementPart
2021-11-19T10:23:51,798|[TRACE] graph - -------> nonSkippedSpace
2021-11-19T10:23:51,798|[TRACE] script - #out(` `) [token]
2021-11-19T10:23:51,798|[TRACE] graph - <------- nonSkippedSpace
2021-11-19T10:23:51,798|[TRACE] graph - <----- statementPart
2021-11-19T10:23:51,798|[TRACE] graph - -----> statementPart
2021-11-19T10:23:51,798|[TRACE] graph - -------> nonSkippedChar
2021-11-19T10:23:51,798|[TRACE] script - #out(`O`) [token]
2021-11-19T10:23:51,798|[TRACE] graph - <------- nonSkippedChar
2021-11-19T10:23:51,798|[TRACE] graph - <----- statementPart
2021-11-19T10:23:51,798|[TRACE] graph - -----> statementPart
2021-11-19T10:23:51,798|[TRACE] graph - -------> nonSkippedChar
2021-11-19T10:23:51,798|[TRACE] script - #out(`N`) [token]
2021-11-19T10:23:51,798|[TRACE] graph - <------- nonSkippedChar
2021-11-19T10:23:51,798|[TRACE] graph - <----- statementPart
2021-11-19T10:23:51,798|[TRACE] graph - -----> statementPart
2021-11-19T10:23:51,798|[TRACE] graph - -------> nonSkippedSpace
2021-11-19T10:23:51,798|[TRACE] script - #out(` `) [token]
2021-11-19T10:23:51,798|[TRACE] graph - <------- nonSkippedSpace
2021-11-19T10:23:51,798|[TRACE] graph - <----- statementPart
2021-11-19T10:23:51,798|[TRACE] graph - -----> statementPart
2021-11-19T10:23:51,798|[TRACE] graph - -------> nonSkippedChar
2021-11-19T10:23:51,798|[TRACE] script - #out(`U`) [token]
2021-11-19T10:23:51,798|[TRACE] graph - <------- nonSkippedChar
2021-11-19T10:23:51,798|[TRACE] graph - <----- statementPart
2021-11-19T10:23:51,798|[TRACE] graph - -----> statementPart
2021-11-19T10:23:51,798|[TRACE] graph - -------> nonSkippedChar
2021-11-19T10:23:51,798|[TRACE] script - #out(`P`) [token]
2021-11-19T10:23:51,798|[TRACE] graph - <------- nonSkippedChar
2021-11-19T10:23:51,798|[TRACE] graph - <----- statementPart
2021-11-19T10:23:51,798|[TRACE] graph - -----> statementPart
2021-11-19T10:23:51,798|[TRACE] graph - -------> nonSkippedChar
2021-11-19T10:23:51,798|[TRACE] script - #out(`D`) [token]
2021-11-19T10:23:51,798|[TRACE] graph - <------- nonSkippedChar
2021-11-19T10:23:51,798|[TRACE] graph - <----- statementPart
2021-11-19T10:23:51,798|[TRACE] graph - -----> statementPart
2021-11-19T10:23:51,798|[TRACE] graph - -------> nonSkippedChar
2021-11-19T10:23:51,798|[TRACE] script - #out(`A`) [token]
2021-11-19T10:23:51,798|[TRACE] graph - <------- nonSkippedChar
2021-11-19T10:23:51,798|[TRACE] graph - <----- statementPart
2021-11-19T10:23:51,798|[TRACE] graph - -----> statementPart
2021-11-19T10:23:51,798|[TRACE] graph - -------> nonSkippedChar
2021-11-19T10:23:51,798|[TRACE] script - #out(`T`) [token]
2021-11-19T10:23:51,798|[TRACE] graph - <------- nonSkippedChar
2021-11-19T10:23:51,798|[TRACE] graph - <----- statementPart
2021-11-19T10:23:51,798|[TRACE] graph - -----> statementPart
2021-11-19T10:23:51,798|[TRACE] graph - -------> nonSkippedChar
2021-11-19T10:23:51,798|[TRACE] script - #out(`E`) [token]
2021-11-19T10:23:51,798|[TRACE] graph - <------- nonSkippedChar
2021-11-19T10:23:51,798|[TRACE] graph - <----- statementPart
2021-11-19T10:23:51,798|[TRACE] graph - -----> statementPart
2021-11-19T10:23:51,798|[TRACE] graph - -------> nonSkippedSpace
2021-11-19T10:23:51,798|[TRACE] script - #out(` `) [token]
2021-11-19T10:23:51,798|[TRACE] graph - <------- nonSkippedSpace
2021-11-19T10:23:51,798|[TRACE] graph - <----- statementPart
2021-11-19T10:23:51,798|[TRACE] graph - -----> statementPart
2021-11-19T10:23:51,798|[TRACE] graph - -------> nonSkippedChar
2021-11-19T10:23:51,798|[TRACE] script - #out(`N`) [token]
2021-11-19T10:23:51,798|[TRACE] graph - <------- nonSkippedChar
2021-11-19T10:23:51,798|[TRACE] graph - <----- statementPart
2021-11-19T10:23:51,798|[TRACE] graph - -----> statementPart
2021-11-19T10:23:51,798|[TRACE] graph - -------> nonSkippedChar
2021-11-19T10:23:51,798|[TRACE] script - #out(`O`) [token]
2021-11-19T10:23:51,798|[TRACE] graph - <------- nonSkippedChar
2021-11-19T10:23:51,798|[TRACE] graph - <----- statementPart
2021-11-19T10:23:51,798|[TRACE] graph - -----> statementPart
2021-11-19T10:23:51,798|[TRACE] graph - -------> nonSkippedSpace
2021-11-19T10:23:51,798|[TRACE] script - #out(` `) [token]
2021-11-19T10:23:51,798|[TRACE] graph - <------- nonSkippedSpace
2021-11-19T10:23:51,798|[TRACE] graph - <----- statementPart
2021-11-19T10:23:51,798|[TRACE] graph - -----> statementPart
2021-11-19T10:23:51,798|[TRACE] graph - -------> nonSkippedChar
2021-11-19T10:23:51,798|[TRACE] script - #out(`A`) [token]
2021-11-19T10:23:51,798|[TRACE] graph - <------- nonSkippedChar
2021-11-19T10:23:51,798|[TRACE] graph - <----- statementPart
2021-11-19T10:23:51,798|[TRACE] graph - -----> statementPart
2021-11-19T10:23:51,798|[TRACE] graph - -------> nonSkippedChar
2021-11-19T10:23:51,798|[TRACE] script - #out(`C`) [token]
2021-11-19T10:23:51,798|[TRACE] graph - <------- nonSkippedChar
2021-11-19T10:23:51,798|[TRACE] graph - <----- statementPart
2021-11-19T10:23:51,798|[TRACE] graph - -----> statementPart
2021-11-19T10:23:51,798|[TRACE] graph - -------> nonSkippedChar
2021-11-19T10:23:51,798|[TRACE] script - #out(`T`) [token]
2021-11-19T10:23:51,798|[TRACE] graph - <------- nonSkippedChar
2021-11-19T10:23:51,798|[TRACE] graph - <----- statementPart
2021-11-19T10:23:51,798|[TRACE] graph - -----> statementPart
2021-11-19T10:23:51,798|[TRACE] graph - -------> nonSkippedChar
2021-11-19T10:23:51,798|[TRACE] script - #out(`I`) [token]
2021-11-19T10:23:51,798|[TRACE] graph - <------- nonSkippedChar
2021-11-19T10:23:51,798|[TRACE] graph - <----- statementPart
2021-11-19T10:23:51,798|[TRACE] graph - -----> statementPart
2021-11-19T10:23:51,798|[TRACE] graph - -------> nonSkippedChar
2021-11-19T10:23:51,798|[TRACE] script - #out(`O`) [token]
2021-11-19T10:23:51,798|[TRACE] graph - <------- nonSkippedChar
2021-11-19T10:23:51,798|[TRACE] graph - <----- statementPart
2021-11-19T10:23:51,798|[TRACE] graph - -----> statementPart
2021-11-19T10:23:51,798|[TRACE] graph - -------> nonSkippedChar
2021-11-19T10:23:51,798|[TRACE] script - #out(`N`) [token]
2021-11-19T10:23:51,798|[TRACE] graph - <------- nonSkippedChar
2021-11-19T10:23:51,798|[TRACE] graph - <----- statementPart
2021-11-19T10:23:51,798|[TRACE] graph - -----> statementPart
2021-11-19T10:23:51,798|[TRACE] graph - -------> nonSkippedChar
2021-11-19T10:23:51,798|[TRACE] script - #out(`,`) [token]
2021-11-19T10:23:51,798|[TRACE] graph - <------- nonSkippedChar
2021-11-19T10:23:51,798|[TRACE] graph - <----- statementPart
2021-11-19T10:23:51,798|[TRACE] graph - -----> afterStatementPartNewline
2021-11-19T10:23:51,798|[TRACE] script - #out(` `) [text]
2021-11-19T10:23:51,798|[TRACE] graph - <----- afterStatementPartNewline
2021-11-19T10:23:51,798|[TRACE] graph - -----> statementPart
2021-11-19T10:23:51,798|[TRACE] graph - -------> nonSkippedSpace
2021-11-19T10:23:51,798|[TRACE] script - #out(` `) [token]
2021-11-19T10:23:51,798|[TRACE] graph - <------- nonSkippedSpace
2021-11-19T10:23:51,798|[TRACE] graph - <----- statementPart
2021-11-19T10:23:51,798|[TRACE] graph - -----> statementPart
2021-11-19T10:23:51,798|[TRACE] graph - -------> nonSkippedSpace
2021-11-19T10:23:51,798|[TRACE] script - #out(` `) [token]
2021-11-19T10:23:51,798|[TRACE] graph - <------- nonSkippedSpace
2021-11-19T10:23:51,798|[TRACE] graph - <----- statementPart
2021-11-19T10:23:51,798|[TRACE] graph - -----> statementPart
2021-11-19T10:23:51,798|[TRACE] graph - -------> nonSkippedChar
2021-11-19T10:23:51,798|[TRACE] script - #out(`C`) [token]
2021-11-19T10:23:51,798|[TRACE] graph - <------- nonSkippedChar
2021-11-19T10:23:51,798|[TRACE] graph - <----- statementPart
2021-11-19T10:23:51,798|[TRACE] graph - -----> statementPart
2021-11-19T10:23:51,798|[TRACE] graph - -------> nonSkippedChar
2021-11-19T10:23:51,798|[TRACE] script - #out(`O`) [token]
2021-11-19T10:23:51,798|[TRACE] graph - <------- nonSkippedChar
2021-11-19T10:23:51,798|[TRACE] graph - <----- statementPart
2021-11-19T10:23:51,798|[TRACE] graph - -----> statementPart
2021-11-19T10:23:51,798|[TRACE] graph - -------> nonSkippedChar
2021-11-19T10:23:51,798|[TRACE] script - #out(`N`) [token]
2021-11-19T10:23:51,798|[TRACE] graph - <------- nonSkippedChar
2021-11-19T10:23:51,798|[TRACE] graph - <----- statementPart
2021-11-19T10:23:51,798|[TRACE] graph - -----> statementPart
2021-11-19T10:23:51,798|[TRACE] graph - -------> nonSkippedChar
2021-11-19T10:23:51,798|[TRACE] script - #out(`S`) [token]
2021-11-19T10:23:51,798|[TRACE] graph - <------- nonSkippedChar
2021-11-19T10:23:51,798|[TRACE] graph - <----- statementPart
2021-11-19T10:23:51,798|[TRACE] graph - -----> statementPart
2021-11-19T10:23:51,798|[TRACE] graph - -------> nonSkippedChar
2021-11-19T10:23:51,798|[TRACE] script - #out(`T`) [token]
2021-11-19T10:23:51,798|[TRACE] graph - <------- nonSkippedChar
2021-11-19T10:23:51,798|[TRACE] graph - <----- statementPart
2021-11-19T10:23:51,798|[TRACE] graph - -----> statementPart
2021-11-19T10:23:51,798|[TRACE] graph - -------> nonSkippedChar
2021-11-19T10:23:51,798|[TRACE] script - #out(`R`) [token]
2021-11-19T10:23:51,798|[TRACE] graph - <------- nonSkippedChar
2021-11-19T10:23:51,798|[TRACE] graph - <----- statementPart
2021-11-19T10:23:51,798|[TRACE] graph - -----> statementPart
2021-11-19T10:23:51,798|[TRACE] graph - -------> nonSkippedChar
2021-11-19T10:23:51,798|[TRACE] script - #out(`A`) [token]
2021-11-19T10:23:51,798|[TRACE] graph - <------- nonSkippedChar
2021-11-19T10:23:51,798|[TRACE] graph - <----- statementPart
2021-11-19T10:23:51,798|[TRACE] graph - -----> statementPart
2021-11-19T10:23:51,798|[TRACE] graph - -------> nonSkippedChar
2021-11-19T10:23:51,798|[TRACE] script - #out(`I`) [token]
2021-11-19T10:23:51,798|[TRACE] graph - <------- nonSkippedChar
2021-11-19T10:23:51,798|[TRACE] graph - <----- statementPart
2021-11-19T10:23:51,798|[TRACE] graph - -----> statementPart
2021-11-19T10:23:51,798|[TRACE] graph - -------> nonSkippedChar
2021-11-19T10:23:51,798|[TRACE] script - #out(`N`) [token]
2021-11-19T10:23:51,798|[TRACE] graph - <------- nonSkippedChar
2021-11-19T10:23:51,798|[TRACE] graph - <----- statementPart
2021-11-19T10:23:51,798|[TRACE] graph - -----> statementPart
2021-11-19T10:23:51,799|[TRACE] graph - -------> nonSkippedChar
2021-11-19T10:23:51,799|[TRACE] script - #out(`T`) [token]
2021-11-19T10:23:51,799|[TRACE] graph - <------- nonSkippedChar
2021-11-19T10:23:51,799|[TRACE] graph - <----- statementPart
2021-11-19T10:23:51,799|[TRACE] graph - -----> statementPart
2021-11-19T10:23:51,799|[TRACE] graph - -------> nonSkippedSpace
2021-11-19T10:23:51,799|[TRACE] script - #out(` `) [token]
2021-11-19T10:23:51,799|[TRACE] graph - <------- nonSkippedSpace
2021-11-19T10:23:51,799|[TRACE] graph - <----- statementPart
2021-11-19T10:23:51,799|[TRACE] graph - -----> statementPart
2021-11-19T10:23:51,799|[TRACE] graph - -------> quotedString
2021-11-19T10:23:51,799|[TRACE] script - #out(``fk_contact_phone1``) [token]
2021-11-19T10:23:51,799|[TRACE] graph - <------- quotedString
2021-11-19T10:23:51,799|[TRACE] graph - <----- statementPart
2021-11-19T10:23:51,799|[TRACE] graph - -----> afterStatementPartNewline
2021-11-19T10:23:51,799|[TRACE] script - #out(` `) [text]
2021-11-19T10:23:51,799|[TRACE] graph - <----- afterStatementPartNewline
2021-11-19T10:23:51,799|[TRACE] graph - -----> statementPart
2021-11-19T10:23:51,799|[TRACE] graph - -------> nonSkippedSpace
2021-11-19T10:23:51,799|[TRACE] script - #out(` `) [token]
2021-11-19T10:23:51,799|[TRACE] graph - <------- nonSkippedSpace
2021-11-19T10:23:51,799|[TRACE] graph - <----- statementPart
2021-11-19T10:23:51,799|[TRACE] graph - -----> statementPart
2021-11-19T10:23:51,799|[TRACE] graph - -------> nonSkippedSpace
2021-11-19T10:23:51,799|[TRACE] script - #out(` `) [token]
2021-11-19T10:23:51,799|[TRACE] graph - <------- nonSkippedSpace
2021-11-19T10:23:51,799|[TRACE] graph - <----- statementPart
2021-11-19T10:23:51,799|[TRACE] graph - -----> statementPart
2021-11-19T10:23:51,799|[TRACE] graph - -------> nonSkippedSpace
2021-11-19T10:23:51,799|[TRACE] script - #out(` `) [token]
2021-11-19T10:23:51,799|[TRACE] graph - <------- nonSkippedSpace
2021-11-19T10:23:51,799|[TRACE] graph - <----- statementPart
2021-11-19T10:23:51,799|[TRACE] graph - -----> statementPart
2021-11-19T10:23:51,799|[TRACE] graph - -------> nonSkippedSpace
2021-11-19T10:23:51,799|[TRACE] script - #out(` `) [token]
2021-11-19T10:23:51,799|[TRACE] graph - <------- nonSkippedSpace
2021-11-19T10:23:51,799|[TRACE] graph - <----- statementPart
2021-11-19T10:23:51,799|[TRACE] graph - -----> statementPart
2021-11-19T10:23:51,799|[TRACE] graph - -------> nonSkippedChar
2021-11-19T10:23:51,799|[TRACE] script - #out(`F`) [token]
2021-11-19T10:23:51,799|[TRACE] graph - <------- nonSkippedChar
2021-11-19T10:23:51,799|[TRACE] graph - <----- statementPart
2021-11-19T10:23:51,799|[TRACE] graph - -----> statementPart
2021-11-19T10:23:51,799|[TRACE] graph - -------> nonSkippedChar
2021-11-19T10:23:51,799|[TRACE] script - #out(`O`) [token]
2021-11-19T10:23:51,799|[TRACE] graph - <------- nonSkippedChar
2021-11-19T10:23:51,799|[TRACE] graph - <----- statementPart
2021-11-19T10:23:51,799|[TRACE] graph - -----> statementPart
2021-11-19T10:23:51,799|[TRACE] graph - -------> nonSkippedChar
2021-11-19T10:23:51,799|[TRACE] script - #out(`R`) [token]
2021-11-19T10:23:51,799|[TRACE] graph - <------- nonSkippedChar
2021-11-19T10:23:51,799|[TRACE] graph - <----- statementPart
2021-11-19T10:23:51,799|[TRACE] graph - -----> statementPart
2021-11-19T10:23:51,799|[TRACE] graph - -------> nonSkippedChar
2021-11-19T10:23:51,799|[TRACE] script - #out(`E`) [token]
2021-11-19T10:23:51,799|[TRACE] graph - <------- nonSkippedChar
2021-11-19T10:23:51,799|[TRACE] graph - <----- statementPart
2021-11-19T10:23:51,799|[TRACE] graph - -----> statementPart
2021-11-19T10:23:51,799|[TRACE] graph - -------> nonSkippedChar
2021-11-19T10:23:51,799|[TRACE] script - #out(`I`) [token]
2021-11-19T10:23:51,799|[TRACE] graph - <------- nonSkippedChar
2021-11-19T10:23:51,799|[TRACE] graph - <----- statementPart
2021-11-19T10:23:51,799|[TRACE] graph - -----> statementPart
2021-11-19T10:23:51,799|[TRACE] graph - -------> nonSkippedChar
2021-11-19T10:23:51,799|[TRACE] script - #out(`G`) [token]
2021-11-19T10:23:51,799|[TRACE] graph - <------- nonSkippedChar
2021-11-19T10:23:51,799|[TRACE] graph - <----- statementPart
2021-11-19T10:23:51,799|[TRACE] graph - -----> statementPart
2021-11-19T10:23:51,799|[TRACE] graph - -------> nonSkippedChar
2021-11-19T10:23:51,799|[TRACE] script - #out(`N`) [token]
2021-11-19T10:23:51,799|[TRACE] graph - <------- nonSkippedChar
2021-11-19T10:23:51,799|[TRACE] graph - <----- statementPart
2021-11-19T10:23:51,799|[TRACE] graph - -----> statementPart
2021-11-19T10:23:51,799|[TRACE] graph - -------> nonSkippedSpace
2021-11-19T10:23:51,799|[TRACE] script - #out(` `) [token]
2021-11-19T10:23:51,799|[TRACE] graph - <------- nonSkippedSpace
2021-11-19T10:23:51,799|[TRACE] graph - <----- statementPart
2021-11-19T10:23:51,799|[TRACE] graph - -----> statementPart
2021-11-19T10:23:51,799|[TRACE] graph - -------> nonSkippedChar
2021-11-19T10:23:51,799|[TRACE] script - #out(`K`) [token]
2021-11-19T10:23:51,799|[TRACE] graph - <------- nonSkippedChar
2021-11-19T10:23:51,799|[TRACE] graph - <----- statementPart
2021-11-19T10:23:51,799|[TRACE] graph - -----> statementPart
2021-11-19T10:23:51,799|[TRACE] graph - -------> nonSkippedChar
2021-11-19T10:23:51,799|[TRACE] script - #out(`E`) [token]
2021-11-19T10:23:51,799|[TRACE] graph - <------- nonSkippedChar
2021-11-19T10:23:51,799|[TRACE] graph - <----- statementPart
2021-11-19T10:23:51,799|[TRACE] graph - -----> statementPart
2021-11-19T10:23:51,799|[TRACE] graph - -------> nonSkippedChar
2021-11-19T10:23:51,799|[TRACE] script - #out(`Y`) [token]
2021-11-19T10:23:51,799|[TRACE] graph - <------- nonSkippedChar
2021-11-19T10:23:51,799|[TRACE] graph - <----- statementPart
2021-11-19T10:23:51,799|[TRACE] graph - -----> statementPart
2021-11-19T10:23:51,799|[TRACE] graph - -------> nonSkippedSpace
2021-11-19T10:23:51,799|[TRACE] script - #out(` `) [token]
2021-11-19T10:23:51,799|[TRACE] graph - <------- nonSkippedSpace
2021-11-19T10:23:51,799|[TRACE] graph - <----- statementPart
2021-11-19T10:23:51,799|[TRACE] graph - -----> statementPart
2021-11-19T10:23:51,799|[TRACE] graph - -------> nonSkippedChar
2021-11-19T10:23:51,799|[TRACE] script - #out(`(`) [token]
2021-11-19T10:23:51,799|[TRACE] graph - <------- nonSkippedChar
2021-11-19T10:23:51,799|[TRACE] graph - <----- statementPart
2021-11-19T10:23:51,799|[TRACE] graph - -----> statementPart
2021-11-19T10:23:51,799|[TRACE] graph - -------> quotedString
2021-11-19T10:23:51,799|[TRACE] script - #out(``phone_id``) [token]
2021-11-19T10:23:51,799|[TRACE] graph - <------- quotedString
2021-11-19T10:23:51,799|[TRACE] graph - <----- statementPart
2021-11-19T10:23:51,799|[TRACE] graph - -----> statementPart
2021-11-19T10:23:51,799|[TRACE] graph - -------> nonSkippedChar
2021-11-19T10:23:51,799|[TRACE] script - #out(`)`) [token]
2021-11-19T10:23:51,799|[TRACE] graph - <------- nonSkippedChar
2021-11-19T10:23:51,799|[TRACE] graph - <----- statementPart
2021-11-19T10:23:51,799|[TRACE] graph - -----> afterStatementPartNewline
2021-11-19T10:23:51,799|[TRACE] script - #out(` `) [text]
2021-11-19T10:23:51,799|[TRACE] graph - <----- afterStatementPartNewline
2021-11-19T10:23:51,799|[TRACE] graph - -----> statementPart
2021-11-19T10:23:51,799|[TRACE] graph - -------> nonSkippedSpace
2021-11-19T10:23:51,799|[TRACE] script - #out(` `) [token]
2021-11-19T10:23:51,799|[TRACE] graph - <------- nonSkippedSpace
2021-11-19T10:23:51,799|[TRACE] graph - <----- statementPart
2021-11-19T10:23:51,799|[TRACE] graph - -----> statementPart
2021-11-19T10:23:51,799|[TRACE] graph - -------> nonSkippedSpace
2021-11-19T10:23:51,799|[TRACE] script - #out(` `) [token]
2021-11-19T10:23:51,799|[TRACE] graph - <------- nonSkippedSpace
2021-11-19T10:23:51,799|[TRACE] graph - <----- statementPart
2021-11-19T10:23:51,799|[TRACE] graph - -----> statementPart
2021-11-19T10:23:51,799|[TRACE] graph - -------> nonSkippedSpace
2021-11-19T10:23:51,799|[TRACE] script - #out(` `) [token]
2021-11-19T10:23:51,799|[TRACE] graph - <------- nonSkippedSpace
2021-11-19T10:23:51,799|[TRACE] graph - <----- statementPart
2021-11-19T10:23:51,799|[TRACE] graph - -----> statementPart
2021-11-19T10:23:51,799|[TRACE] graph - -------> nonSkippedSpace
2021-11-19T10:23:51,799|[TRACE] script - #out(` `) [token]
2021-11-19T10:23:51,799|[TRACE] graph - <------- nonSkippedSpace
2021-11-19T10:23:51,799|[TRACE] graph - <----- statementPart
2021-11-19T10:23:51,799|[TRACE] graph - -----> statementPart
2021-11-19T10:23:51,799|[TRACE] graph - -------> nonSkippedChar
2021-11-19T10:23:51,799|[TRACE] script - #out(`R`) [token]
2021-11-19T10:23:51,799|[TRACE] graph - <------- nonSkippedChar
2021-11-19T10:23:51,799|[TRACE] graph - <----- statementPart
2021-11-19T10:23:51,799|[TRACE] graph - -----> statementPart
2021-11-19T10:23:51,799|[TRACE] graph - -------> nonSkippedChar
2021-11-19T10:23:51,799|[TRACE] script - #out(`E`) [token]
2021-11-19T10:23:51,799|[TRACE] graph - <------- nonSkippedChar
2021-11-19T10:23:51,799|[TRACE] graph - <----- statementPart
2021-11-19T10:23:51,799|[TRACE] graph - -----> statementPart
2021-11-19T10:23:51,799|[TRACE] graph - -------> nonSkippedChar
2021-11-19T10:23:51,799|[TRACE] script - #out(`F`) [token]
2021-11-19T10:23:51,799|[TRACE] graph - <------- nonSkippedChar
2021-11-19T10:23:51,799|[TRACE] graph - <----- statementPart
2021-11-19T10:23:51,799|[TRACE] graph - -----> statementPart
2021-11-19T10:23:51,799|[TRACE] graph - -------> nonSkippedChar
2021-11-19T10:23:51,799|[TRACE] script - #out(`E`) [token]
2021-11-19T10:23:51,799|[TRACE] graph - <------- nonSkippedChar
2021-11-19T10:23:51,799|[TRACE] graph - <----- statementPart
2021-11-19T10:23:51,799|[TRACE] graph - -----> statementPart
2021-11-19T10:23:51,799|[TRACE] graph - -------> nonSkippedChar
2021-11-19T10:23:51,799|[TRACE] script - #out(`R`) [token]
2021-11-19T10:23:51,799|[TRACE] graph - <------- nonSkippedChar
2021-11-19T10:23:51,799|[TRACE] graph - <----- statementPart
2021-11-19T10:23:51,799|[TRACE] graph - -----> statementPart
2021-11-19T10:23:51,799|[TRACE] graph - -------> nonSkippedChar
2021-11-19T10:23:51,799|[TRACE] script - #out(`E`) [token]
2021-11-19T10:23:51,799|[TRACE] graph - <------- nonSkippedChar
2021-11-19T10:23:51,799|[TRACE] graph - <----- statementPart
2021-11-19T10:23:51,799|[TRACE] graph - -----> statementPart
2021-11-19T10:23:51,799|[TRACE] graph - -------> nonSkippedChar
2021-11-19T10:23:51,799|[TRACE] script - #out(`N`) [token]
2021-11-19T10:23:51,799|[TRACE] graph - <------- nonSkippedChar
2021-11-19T10:23:51,799|[TRACE] graph - <----- statementPart
2021-11-19T10:23:51,799|[TRACE] graph - -----> statementPart
2021-11-19T10:23:51,799|[TRACE] graph - -------> nonSkippedChar
2021-11-19T10:23:51,799|[TRACE] script - #out(`C`) [token]
2021-11-19T10:23:51,799|[TRACE] graph - <------- nonSkippedChar
2021-11-19T10:23:51,799|[TRACE] graph - <----- statementPart
2021-11-19T10:23:51,799|[TRACE] graph - -----> statementPart
2021-11-19T10:23:51,799|[TRACE] graph - -------> nonSkippedChar
2021-11-19T10:23:51,799|[TRACE] script - #out(`E`) [token]
2021-11-19T10:23:51,799|[TRACE] graph - <------- nonSkippedChar
2021-11-19T10:23:51,799|[TRACE] graph - <----- statementPart
2021-11-19T10:23:51,799|[TRACE] graph - -----> statementPart
2021-11-19T10:23:51,799|[TRACE] graph - -------> nonSkippedChar
2021-11-19T10:23:51,799|[TRACE] script - #out(`S`) [token]
2021-11-19T10:23:51,799|[TRACE] graph - <------- nonSkippedChar
2021-11-19T10:23:51,799|[TRACE] graph - <----- statementPart
2021-11-19T10:23:51,799|[TRACE] graph - -----> statementPart
2021-11-19T10:23:51,799|[TRACE] graph - -------> nonSkippedSpace
2021-11-19T10:23:51,799|[TRACE] script - #out(` `) [token]
2021-11-19T10:23:51,799|[TRACE] graph - <------- nonSkippedSpace
2021-11-19T10:23:51,799|[TRACE] graph - <----- statementPart
2021-11-19T10:23:51,799|[TRACE] graph - -----> statementPart
2021-11-19T10:23:51,799|[TRACE] graph - -------> quotedString
2021-11-19T10:23:51,799|[TRACE] script - #out(``bloodbank``) [token]
2021-11-19T10:23:51,799|[TRACE] graph - <------- quotedString
2021-11-19T10:23:51,799|[TRACE] graph - <----- statementPart
2021-11-19T10:23:51,799|[TRACE] graph - -----> statementPart
2021-11-19T10:23:51,799|[TRACE] graph - -------> nonSkippedChar
2021-11-19T10:23:51,799|[TRACE] script - #out(`.`) [token]
2021-11-19T10:23:51,799|[TRACE] graph - <------- nonSkippedChar
2021-11-19T10:23:51,799|[TRACE] graph - <----- statementPart
2021-11-19T10:23:51,799|[TRACE] graph - -----> statementPart
2021-11-19T10:23:51,799|[TRACE] graph - -------> quotedString
2021-11-19T10:23:51,799|[TRACE] script - #out(``phone``) [token]
2021-11-19T10:23:51,799|[TRACE] graph - <------- quotedString
2021-11-19T10:23:51,799|[TRACE] graph - <----- statementPart
2021-11-19T10:23:51,799|[TRACE] graph - -----> statementPart
2021-11-19T10:23:51,799|[TRACE] graph - -------> nonSkippedSpace
2021-11-19T10:23:51,799|[TRACE] script - #out(` `) [token]
2021-11-19T10:23:51,799|[TRACE] graph - <------- nonSkippedSpace
2021-11-19T10:23:51,799|[TRACE] graph - <----- statementPart
2021-11-19T10:23:51,799|[TRACE] graph - -----> statementPart
2021-11-19T10:23:51,799|[TRACE] graph - -------> nonSkippedChar
2021-11-19T10:23:51,799|[TRACE] script - #out(`(`) [token]
2021-11-19T10:23:51,799|[TRACE] graph - <------- nonSkippedChar
2021-11-19T10:23:51,799|[TRACE] graph - <----- statementPart
2021-11-19T10:23:51,799|[TRACE] graph - -----> statementPart
2021-11-19T10:23:51,799|[TRACE] graph - -------> quotedString
2021-11-19T10:23:51,799|[TRACE] script - #out(``phone_id``) [token]
2021-11-19T10:23:51,799|[TRACE] graph - <------- quotedString
2021-11-19T10:23:51,799|[TRACE] graph - <----- statementPart
2021-11-19T10:23:51,799|[TRACE] graph - -----> statementPart
2021-11-19T10:23:51,799|[TRACE] graph - -------> nonSkippedChar
2021-11-19T10:23:51,799|[TRACE] script - #out(`)`) [token]
2021-11-19T10:23:51,799|[TRACE] graph - <------- nonSkippedChar
2021-11-19T10:23:51,799|[TRACE] graph - <----- statementPart
2021-11-19T10:23:51,799|[TRACE] graph - -----> afterStatementPartNewline
2021-11-19T10:23:51,799|[TRACE] script - #out(` `) [text]
2021-11-19T10:23:51,799|[TRACE] graph - <----- afterStatementPartNewline
2021-11-19T10:23:51,799|[TRACE] graph - -----> statementPart
2021-11-19T10:23:51,855|[TRACE] graph - -------> nonSkippedSpace
2021-11-19T10:23:51,855|[TRACE] script - #out(` `) [token]
2021-11-19T10:23:51,855|[TRACE] graph - <------- nonSkippedSpace
2021-11-19T10:23:51,855|[TRACE] graph - <----- statementPart
2021-11-19T10:23:51,855|[TRACE] graph - -----> statementPart
2021-11-19T10:23:51,855|[TRACE] graph - -------> nonSkippedSpace
2021-11-19T10:23:51,855|[TRACE] script - #out(` `) [token]
2021-11-19T10:23:51,855|[TRACE] graph - <------- nonSkippedSpace
2021-11-19T10:23:51,855|[TRACE] graph - <----- statementPart
2021-11-19T10:23:51,855|[TRACE] graph - -----> statementPart
2021-11-19T10:23:51,855|[TRACE] graph - -------> nonSkippedSpace
2021-11-19T10:23:51,855|[TRACE] script - #out(` `) [token]
2021-11-19T10:23:51,855|[TRACE] graph - <------- nonSkippedSpace
2021-11-19T10:23:51,855|[TRACE] graph - <----- statementPart
2021-11-19T10:23:51,855|[TRACE] graph - -----> statementPart
2021-11-19T10:23:51,855|[TRACE] graph - -------> nonSkippedSpace
2021-11-19T10:23:51,855|[TRACE] script - #out(` `) [token]
2021-11-19T10:23:51,855|[TRACE] graph - <------- nonSkippedSpace
2021-11-19T10:23:51,855|[TRACE] graph - <----- statementPart
2021-11-19T10:23:51,855|[TRACE] graph - -----> statementPart
2021-11-19T10:23:51,855|[TRACE] graph - -------> nonSkippedChar
2021-11-19T10:23:51,855|[TRACE] script - #out(`O`) [token]
2021-11-19T10:23:51,855|[TRACE] graph - <------- nonSkippedChar
2021-11-19T10:23:51,855|[TRACE] graph - <----- statementPart
2021-11-19T10:23:51,855|[TRACE] graph - -----> statementPart
2021-11-19T10:23:51,855|[TRACE] graph - -------> nonSkippedChar
2021-11-19T10:23:51,855|[TRACE] script - #out(`N`) [token]
2021-11-19T10:23:51,855|[TRACE] graph - <------- nonSkippedChar
2021-11-19T10:23:51,855|[TRACE] graph - <----- statementPart
2021-11-19T10:23:51,855|[TRACE] graph - -----> statementPart
2021-11-19T10:23:51,855|[TRACE] graph - -------> nonSkippedSpace
2021-11-19T10:23:51,855|[TRACE] script - #out(` `) [token]
2021-11-19T10:23:51,855|[TRACE] graph - <------- nonSkippedSpace
2021-11-19T10:23:51,855|[TRACE] graph - <----- statementPart
2021-11-19T10:23:51,855|[TRACE] graph - -----> statementPart
2021-11-19T10:23:51,855|[TRACE] graph - -------> nonSkippedChar
2021-11-19T10:23:51,855|[TRACE] script - #out(`D`) [token]
2021-11-19T10:23:51,855|[TRACE] graph - <------- nonSkippedChar
2021-11-19T10:23:51,855|[TRACE] graph - <----- statementPart
2021-11-19T10:23:51,855|[TRACE] graph - -----> statementPart
2021-11-19T10:23:51,855|[TRACE] graph - -------> nonSkippedChar
2021-11-19T10:23:51,855|[TRACE] script - #out(`E`) [token]
2021-11-19T10:23:51,855|[TRACE] graph - <------- nonSkippedChar
2021-11-19T10:23:51,855|[TRACE] graph - <----- statementPart
2021-11-19T10:23:51,855|[TRACE] graph - -----> statementPart
2021-11-19T10:23:51,855|[TRACE] graph - -------> nonSkippedChar
2021-11-19T10:23:51,855|[TRACE] script - #out(`L`) [token]
2021-11-19T10:23:51,855|[TRACE] graph - <------- nonSkippedChar
2021-11-19T10:23:51,855|[TRACE] graph - <----- statementPart
2021-11-19T10:23:51,855|[TRACE] graph - -----> statementPart
2021-11-19T10:23:51,855|[TRACE] graph - -------> nonSkippedChar
2021-11-19T10:23:51,855|[TRACE] script - #out(`E`) [token]
2021-11-19T10:23:51,855|[TRACE] graph - <------- nonSkippedChar
2021-11-19T10:23:51,855|[TRACE] graph - <----- statementPart
2021-11-19T10:23:51,855|[TRACE] graph - -----> statementPart
2021-11-19T10:23:51,855|[TRACE] graph - -------> nonSkippedChar
2021-11-19T10:23:51,855|[TRACE] script - #out(`T`) [token]
2021-11-19T10:23:51,855|[TRACE] graph - <------- nonSkippedChar
2021-11-19T10:23:51,855|[TRACE] graph - <----- statementPart
2021-11-19T10:23:51,855|[TRACE] graph - -----> statementPart
2021-11-19T10:23:51,855|[TRACE] graph - -------> nonSkippedChar
2021-11-19T10:23:51,855|[TRACE] script - #out(`E`) [token]
2021-11-19T10:23:51,855|[TRACE] graph - <------- nonSkippedChar
2021-11-19T10:23:51,855|[TRACE] graph - <----- statementPart
2021-11-19T10:23:51,855|[TRACE] graph - -----> statementPart
2021-11-19T10:23:51,855|[TRACE] graph - -------> nonSkippedSpace
2021-11-19T10:23:51,855|[TRACE] script - #out(` `) [token]
2021-11-19T10:23:51,855|[TRACE] graph - <------- nonSkippedSpace
2021-11-19T10:23:51,855|[TRACE] graph - <----- statementPart
2021-11-19T10:23:51,855|[TRACE] graph - -----> statementPart
2021-11-19T10:23:51,855|[TRACE] graph - -------> nonSkippedChar
2021-11-19T10:23:51,855|[TRACE] script - #out(`N`) [token]
2021-11-19T10:23:51,855|[TRACE] graph - <------- nonSkippedChar
2021-11-19T10:23:51,855|[TRACE] graph - <----- statementPart
2021-11-19T10:23:51,855|[TRACE] graph - -----> statementPart
2021-11-19T10:23:51,855|[TRACE] graph - -------> nonSkippedChar
2021-11-19T10:23:51,855|[TRACE] script - #out(`O`) [token]
2021-11-19T10:23:51,855|[TRACE] graph - <------- nonSkippedChar
2021-11-19T10:23:51,855|[TRACE] graph - <----- statementPart
2021-11-19T10:23:51,855|[TRACE] graph - -----> statementPart
2021-11-19T10:23:51,855|[TRACE] graph - -------> nonSkippedSpace
2021-11-19T10:23:51,855|[TRACE] script - #out(` `) [token]
2021-11-19T10:23:51,855|[TRACE] graph - <------- nonSkippedSpace
2021-11-19T10:23:51,855|[TRACE] graph - <----- statementPart
2021-11-19T10:23:51,855|[TRACE] graph - -----> statementPart
2021-11-19T10:23:51,855|[TRACE] graph - -------> nonSkippedChar
2021-11-19T10:23:51,855|[TRACE] script - #out(`A`) [token]
2021-11-19T10:23:51,855|[TRACE] graph - <------- nonSkippedChar
2021-11-19T10:23:51,855|[TRACE] graph - <----- statementPart
2021-11-19T10:23:51,855|[TRACE] graph - -----> statementPart
2021-11-19T10:23:51,855|[TRACE] graph - -------> nonSkippedChar
2021-11-19T10:23:51,855|[TRACE] script - #out(`C`) [token]
2021-11-19T10:23:51,855|[TRACE] graph - <------- nonSkippedChar
2021-11-19T10:23:51,855|[TRACE] graph - <----- statementPart
2021-11-19T10:23:51,855|[TRACE] graph - -----> statementPart
2021-11-19T10:23:51,855|[TRACE] graph - -------> nonSkippedChar
2021-11-19T10:23:51,855|[TRACE] script - #out(`T`) [token]
2021-11-19T10:23:51,855|[TRACE] graph - <------- nonSkippedChar
2021-11-19T10:23:51,855|[TRACE] graph - <----- statementPart
2021-11-19T10:23:51,855|[TRACE] graph - -----> statementPart
2021-11-19T10:23:51,855|[TRACE] graph - -------> nonSkippedChar
2021-11-19T10:23:51,855|[TRACE] script - #out(`I`) [token]
2021-11-19T10:23:51,855|[TRACE] graph - <------- nonSkippedChar
2021-11-19T10:23:51,855|[TRACE] graph - <----- statementPart
2021-11-19T10:23:51,855|[TRACE] graph - -----> statementPart
2021-11-19T10:23:51,855|[TRACE] graph - -------> nonSkippedChar
2021-11-19T10:23:51,855|[TRACE] script - #out(`O`) [token]
2021-11-19T10:23:51,855|[TRACE] graph - <------- nonSkippedChar
2021-11-19T10:23:51,855|[TRACE] graph - <----- statementPart
2021-11-19T10:23:51,855|[TRACE] graph - -----> statementPart
2021-11-19T10:23:51,855|[TRACE] graph - -------> nonSkippedChar
2021-11-19T10:23:51,855|[TRACE] script - #out(`N`) [token]
2021-11-19T10:23:51,855|[TRACE] graph - <------- nonSkippedChar
2021-11-19T10:23:51,855|[TRACE] graph - <----- statementPart
2021-11-19T10:23:51,855|[TRACE] graph - -----> afterStatementPartNewline
2021-11-19T10:23:51,855|[TRACE] script - #out(` `) [text]
2021-11-19T10:23:51,855|[TRACE] graph - <----- afterStatementPartNewline
2021-11-19T10:23:51,855|[TRACE] graph - -----> statementPart
2021-11-19T10:23:51,855|[TRACE] graph - -------> nonSkippedSpace
2021-11-19T10:23:51,855|[TRACE] script - #out(` `) [token]
2021-11-19T10:23:51,855|[TRACE] graph - <------- nonSkippedSpace
2021-11-19T10:23:51,855|[TRACE] graph - <----- statementPart
2021-11-19T10:23:51,855|[TRACE] graph - -----> statementPart
2021-11-19T10:23:51,855|[TRACE] graph - -------> nonSkippedSpace
2021-11-19T10:23:51,855|[TRACE] script - #out(` `) [token]
2021-11-19T10:23:51,855|[TRACE] graph - <------- nonSkippedSpace
2021-11-19T10:23:51,855|[TRACE] graph - <----- statementPart
2021-11-19T10:23:51,855|[TRACE] graph - -----> statementPart
2021-11-19T10:23:51,855|[TRACE] graph - -------> nonSkippedSpace
2021-11-19T10:23:51,855|[TRACE] script - #out(` `) [token]
2021-11-19T10:23:51,855|[TRACE] graph - <------- nonSkippedSpace
2021-11-19T10:23:51,855|[TRACE] graph - <----- statementPart
2021-11-19T10:23:51,855|[TRACE] graph - -----> statementPart
2021-11-19T10:23:51,855|[TRACE] graph - -------> nonSkippedSpace
2021-11-19T10:23:51,855|[TRACE] script - #out(` `) [token]
2021-11-19T10:23:51,855|[TRACE] graph - <------- nonSkippedSpace
2021-11-19T10:23:51,855|[TRACE] graph - <----- statementPart
2021-11-19T10:23:51,855|[TRACE] graph - -----> statementPart
2021-11-19T10:23:51,855|[TRACE] graph - -------> nonSkippedChar
2021-11-19T10:23:51,855|[TRACE] script - #out(`O`) [token]
2021-11-19T10:23:51,855|[TRACE] graph - <------- nonSkippedChar
2021-11-19T10:23:51,855|[TRACE] graph - <----- statementPart
2021-11-19T10:23:51,855|[TRACE] graph - -----> statementPart
2021-11-19T10:23:51,855|[TRACE] graph - -------> nonSkippedChar
2021-11-19T10:23:51,855|[TRACE] script - #out(`N`) [token]
2021-11-19T10:23:51,855|[TRACE] graph - <------- nonSkippedChar
2021-11-19T10:23:51,855|[TRACE] graph - <----- statementPart
2021-11-19T10:23:51,855|[TRACE] graph - -----> statementPart
2021-11-19T10:23:51,855|[TRACE] graph - -------> nonSkippedSpace
2021-11-19T10:23:51,855|[TRACE] script - #out(` `) [token]
2021-11-19T10:23:51,855|[TRACE] graph - <------- nonSkippedSpace
2021-11-19T10:23:51,855|[TRACE] graph - <----- statementPart
2021-11-19T10:23:51,855|[TRACE] graph - -----> statementPart
2021-11-19T10:23:51,855|[TRACE] graph - -------> nonSkippedChar
2021-11-19T10:23:51,855|[TRACE] script - #out(`U`) [token]
2021-11-19T10:23:51,855|[TRACE] graph - <------- nonSkippedChar
2021-11-19T10:23:51,855|[TRACE] graph - <----- statementPart
2021-11-19T10:23:51,855|[TRACE] graph - -----> statementPart
2021-11-19T10:23:51,855|[TRACE] graph - -------> nonSkippedChar
2021-11-19T10:23:51,855|[TRACE] script - #out(`P`) [token]
2021-11-19T10:23:51,855|[TRACE] graph - <------- nonSkippedChar
2021-11-19T10:23:51,855|[TRACE] graph - <----- statementPart
2021-11-19T10:23:51,856|[TRACE] graph - -----> statementPart
2021-11-19T10:23:51,856|[TRACE] graph - -------> nonSkippedChar
2021-11-19T10:23:51,856|[TRACE] script - #out(`D`) [token]
2021-11-19T10:23:51,856|[TRACE] graph - <------- nonSkippedChar
2021-11-19T10:23:51,856|[TRACE] graph - <----- statementPart
2021-11-19T10:23:51,856|[TRACE] graph - -----> statementPart
2021-11-19T10:23:51,856|[TRACE] graph - -------> nonSkippedChar
2021-11-19T10:23:51,856|[TRACE] script - #out(`A`) [token]
2021-11-19T10:23:51,856|[TRACE] graph - <------- nonSkippedChar
2021-11-19T10:23:51,856|[TRACE] graph - <----- statementPart
2021-11-19T10:23:51,856|[TRACE] graph - -----> statementPart
2021-11-19T10:23:51,856|[TRACE] graph - -------> nonSkippedChar
2021-11-19T10:23:51,856|[TRACE] script - #out(`T`) [token]
2021-11-19T10:23:51,856|[TRACE] graph - <------- nonSkippedChar
2021-11-19T10:23:51,856|[TRACE] graph - <----- statementPart
2021-11-19T10:23:51,856|[TRACE] graph - -----> statementPart
2021-11-19T10:23:51,856|[TRACE] graph - -------> nonSkippedChar
2021-11-19T10:23:51,856|[TRACE] script - #out(`E`) [token]
2021-11-19T10:23:51,856|[TRACE] graph - <------- nonSkippedChar
2021-11-19T10:23:51,856|[TRACE] graph - <----- statementPart
2021-11-19T10:23:51,856|[TRACE] graph - -----> statementPart
2021-11-19T10:23:51,856|[TRACE] graph - -------> nonSkippedSpace
2021-11-19T10:23:51,856|[TRACE] script - #out(` `) [token]
2021-11-19T10:23:51,856|[TRACE] graph - <------- nonSkippedSpace
2021-11-19T10:23:51,856|[TRACE] graph - <----- statementPart
2021-11-19T10:23:51,856|[TRACE] graph - -----> statementPart
2021-11-19T10:23:51,856|[TRACE] graph - -------> nonSkippedChar
2021-11-19T10:23:51,856|[TRACE] script - #out(`N`) [token]
2021-11-19T10:23:51,856|[TRACE] graph - <------- nonSkippedChar
2021-11-19T10:23:51,856|[TRACE] graph - <----- statementPart
2021-11-19T10:23:51,856|[TRACE] graph - -----> statementPart
2021-11-19T10:23:51,856|[TRACE] graph - -------> nonSkippedChar
2021-11-19T10:23:51,856|[TRACE] script - #out(`O`) [token]
2021-11-19T10:23:51,856|[TRACE] graph - <------- nonSkippedChar
2021-11-19T10:23:51,856|[TRACE] graph - <----- statementPart
2021-11-19T10:23:51,856|[TRACE] graph - -----> statementPart
2021-11-19T10:23:51,856|[TRACE] graph - -------> nonSkippedSpace
2021-11-19T10:23:51,856|[TRACE] script - #out(` `) [token]
2021-11-19T10:23:51,856|[TRACE] graph - <------- nonSkippedSpace
2021-11-19T10:23:51,856|[TRACE] graph - <----- statementPart
2021-11-19T10:23:51,856|[TRACE] graph - -----> statementPart
2021-11-19T10:23:51,856|[TRACE] graph - -------> nonSkippedChar
2021-11-19T10:23:51,856|[TRACE] script - #out(`A`) [token]
2021-11-19T10:23:51,856|[TRACE] graph - <------- nonSkippedChar
2021-11-19T10:23:51,856|[TRACE] graph - <----- statementPart
2021-11-19T10:23:51,856|[TRACE] graph - -----> statementPart
2021-11-19T10:23:51,856|[TRACE] graph - -------> nonSkippedChar
2021-11-19T10:23:51,856|[TRACE] script - #out(`C`) [token]
2021-11-19T10:23:51,856|[TRACE] graph - <------- nonSkippedChar
2021-11-19T10:23:51,856|[TRACE] graph - <----- statementPart
2021-11-19T10:23:51,856|[TRACE] graph - -----> statementPart
2021-11-19T10:23:51,856|[TRACE] graph - -------> nonSkippedChar
2021-11-19T10:23:51,856|[TRACE] script - #out(`T`) [token]
2021-11-19T10:23:51,856|[TRACE] graph - <------- nonSkippedChar
2021-11-19T10:23:51,856|[TRACE] graph - <----- statementPart
2021-11-19T10:23:51,856|[TRACE] graph - -----> statementPart
2021-11-19T10:23:51,856|[TRACE] graph - -------> nonSkippedChar
2021-11-19T10:23:51,856|[TRACE] script - #out(`I`) [token]
2021-11-19T10:23:51,856|[TRACE] graph - <------- nonSkippedChar
2021-11-19T10:23:51,856|[TRACE] graph - <----- statementPart
2021-11-19T10:23:51,856|[TRACE] graph - -----> statementPart
2021-11-19T10:23:51,856|[TRACE] graph - -------> nonSkippedChar
2021-11-19T10:23:51,856|[TRACE] script - #out(`O`) [token]
2021-11-19T10:23:51,856|[TRACE] graph - <------- nonSkippedChar
2021-11-19T10:23:51,856|[TRACE] graph - <----- statementPart
2021-11-19T10:23:51,856|[TRACE] graph - -----> statementPart
2021-11-19T10:23:51,856|[TRACE] graph - -------> nonSkippedChar
2021-11-19T10:23:51,856|[TRACE] script - #out(`N`) [token]
2021-11-19T10:23:51,856|[TRACE] graph - <------- nonSkippedChar
2021-11-19T10:23:51,856|[TRACE] graph - <----- statementPart
2021-11-19T10:23:51,856|[TRACE] graph - -----> statementPart
2021-11-19T10:23:51,856|[TRACE] graph - -------> nonSkippedChar
2021-11-19T10:23:51,856|[TRACE] script - #out(`,`) [token]
2021-11-19T10:23:51,856|[TRACE] graph - <------- nonSkippedChar
2021-11-19T10:23:51,856|[TRACE] graph - <----- statementPart
2021-11-19T10:23:51,856|[TRACE] graph - -----> afterStatementPartNewline
2021-11-19T10:23:51,856|[TRACE] script - #out(` `) [text]
2021-11-19T10:23:51,856|[TRACE] graph - <----- afterStatementPartNewline
2021-11-19T10:23:51,856|[TRACE] graph - -----> statementPart
2021-11-19T10:23:51,856|[TRACE] graph - -------> nonSkippedSpace
2021-11-19T10:23:51,856|[TRACE] script - #out(` `) [token]
2021-11-19T10:23:51,856|[TRACE] graph - <------- nonSkippedSpace
2021-11-19T10:23:51,856|[TRACE] graph - <----- statementPart
2021-11-19T10:23:51,856|[TRACE] graph - -----> statementPart
2021-11-19T10:23:51,856|[TRACE] graph - -------> nonSkippedSpace
2021-11-19T10:23:51,856|[TRACE] script - #out(` `) [token]
2021-11-19T10:23:51,856|[TRACE] graph - <------- nonSkippedSpace
2021-11-19T10:23:51,856|[TRACE] graph - <----- statementPart
2021-11-19T10:23:51,856|[TRACE] graph - -----> statementPart
2021-11-19T10:23:51,856|[TRACE] graph - -------> nonSkippedChar
2021-11-19T10:23:51,856|[TRACE] script - #out(`C`) [token]
2021-11-19T10:23:51,856|[TRACE] graph - <------- nonSkippedChar
2021-11-19T10:23:51,856|[TRACE] graph - <----- statementPart
2021-11-19T10:23:51,856|[TRACE] graph - -----> statementPart
2021-11-19T10:23:51,856|[TRACE] graph - -------> nonSkippedChar
2021-11-19T10:23:51,856|[TRACE] script - #out(`O`) [token]
2021-11-19T10:23:51,856|[TRACE] graph - <------- nonSkippedChar
2021-11-19T10:23:51,856|[TRACE] graph - <----- statementPart
2021-11-19T10:23:51,856|[TRACE] graph - -----> statementPart
2021-11-19T10:23:51,856|[TRACE] graph - -------> nonSkippedChar
2021-11-19T10:23:51,856|[TRACE] script - #out(`N`) [token]
2021-11-19T10:23:51,856|[TRACE] graph - <------- nonSkippedChar
2021-11-19T10:23:51,856|[TRACE] graph - <----- statementPart
2021-11-19T10:23:51,856|[TRACE] graph - -----> statementPart
2021-11-19T10:23:51,856|[TRACE] graph - -------> nonSkippedChar
2021-11-19T10:23:51,856|[TRACE] script - #out(`S`) [token]
2021-11-19T10:23:51,856|[TRACE] graph - <------- nonSkippedChar
2021-11-19T10:23:51,856|[TRACE] graph - <----- statementPart
2021-11-19T10:23:51,856|[TRACE] graph - -----> statementPart
2021-11-19T10:23:51,856|[TRACE] graph - -------> nonSkippedChar
2021-11-19T10:23:51,856|[TRACE] script - #out(`T`) [token]
2021-11-19T10:23:51,856|[TRACE] graph - <------- nonSkippedChar
2021-11-19T10:23:51,856|[TRACE] graph - <----- statementPart
2021-11-19T10:23:51,856|[TRACE] graph - -----> statementPart
2021-11-19T10:23:51,856|[TRACE] graph - -------> nonSkippedChar
2021-11-19T10:23:51,856|[TRACE] script - #out(`R`) [token]
2021-11-19T10:23:51,856|[TRACE] graph - <------- nonSkippedChar
2021-11-19T10:23:51,856|[TRACE] graph - <----- statementPart
2021-11-19T10:23:51,856|[TRACE] graph - -----> statementPart
2021-11-19T10:23:51,856|[TRACE] graph - -------> nonSkippedChar
2021-11-19T10:23:51,856|[TRACE] script - #out(`A`) [token]
2021-11-19T10:23:51,856|[TRACE] graph - <------- nonSkippedChar
2021-11-19T10:23:51,856|[TRACE] graph - <----- statementPart
2021-11-19T10:23:51,856|[TRACE] graph - -----> statementPart
2021-11-19T10:23:51,856|[TRACE] graph - -------> nonSkippedChar
2021-11-19T10:23:51,856|[TRACE] script - #out(`I`) [token]
2021-11-19T10:23:51,857|[TRACE] graph - <------- nonSkippedChar
2021-11-19T10:23:51,857|[TRACE] graph - <----- statementPart
2021-11-19T10:23:51,857|[TRACE] graph - -----> statementPart
2021-11-19T10:23:51,857|[TRACE] graph - -------> nonSkippedChar
2021-11-19T10:23:51,857|[TRACE] script - #out(`N`) [token]
2021-11-19T10:23:51,857|[TRACE] graph - <------- nonSkippedChar
2021-11-19T10:23:51,857|[TRACE] graph - <----- statementPart
2021-11-19T10:23:51,857|[TRACE] graph - -----> statementPart
2021-11-19T10:23:51,857|[TRACE] graph - -------> nonSkippedChar
2021-11-19T10:23:51,857|[TRACE] script - #out(`T`) [token]
2021-11-19T10:23:51,857|[TRACE] graph - <------- nonSkippedChar
2021-11-19T10:23:51,857|[TRACE] graph - <----- statementPart
2021-11-19T10:23:51,857|[TRACE] graph - -----> statementPart
2021-11-19T10:23:51,857|[TRACE] graph - -------> nonSkippedSpace
2021-11-19T10:23:51,857|[TRACE] script - #out(` `) [token]
2021-11-19T10:23:51,857|[TRACE] graph - <------- nonSkippedSpace
2021-11-19T10:23:51,857|[TRACE] graph - <----- statementPart
2021-11-19T10:23:51,857|[TRACE] graph - -----> statementPart
2021-11-19T10:23:51,857|[TRACE] graph - -------> quotedString
2021-11-19T10:23:51,857|[TRACE] script - #out(``fk_contact_person1``) [token]
2021-11-19T10:23:51,857|[TRACE] graph - <------- quotedString
2021-11-19T10:23:51,857|[TRACE] graph - <----- statementPart
2021-11-19T10:23:51,857|[TRACE] graph - -----> afterStatementPartNewline
2021-11-19T10:23:51,857|[TRACE] script - #out(` `) [text]
2021-11-19T10:23:51,857|[TRACE] graph - <----- afterStatementPartNewline
2021-11-19T10:23:51,857|[TRACE] graph - -----> statementPart
2021-11-19T10:23:51,857|[TRACE] graph - -------> nonSkippedSpace
2021-11-19T10:23:51,857|[TRACE] script - #out(` `) [token]
2021-11-19T10:23:51,857|[TRACE] graph - <------- nonSkippedSpace
2021-11-19T10:23:51,857|[TRACE] graph - <----- statementPart
2021-11-19T10:23:51,857|[TRACE] graph - -----> statementPart
2021-11-19T10:23:51,857|[TRACE] graph - -------> nonSkippedSpace
2021-11-19T10:23:51,857|[TRACE] script - #out(` `) [token]
2021-11-19T10:23:51,857|[TRACE] graph - <------- nonSkippedSpace
2021-11-19T10:23:51,857|[TRACE] graph - <----- statementPart
2021-11-19T10:23:51,857|[TRACE] graph - -----> statementPart
2021-11-19T10:23:51,857|[TRACE] graph - -------> nonSkippedSpace
2021-11-19T10:23:51,857|[TRACE] script - #out(` `) [token]
2021-11-19T10:23:51,857|[TRACE] graph - <------- nonSkippedSpace
2021-11-19T10:23:51,857|[TRACE] graph - <----- statementPart
2021-11-19T10:23:51,857|[TRACE] graph - -----> statementPart
2021-11-19T10:23:51,857|[TRACE] graph - -------> nonSkippedSpace
2021-11-19T10:23:51,857|[TRACE] script - #out(` `) [token]
2021-11-19T10:23:51,857|[TRACE] graph - <------- nonSkippedSpace
2021-11-19T10:23:51,857|[TRACE] graph - <----- statementPart
2021-11-19T10:23:51,857|[TRACE] graph - -----> statementPart
2021-11-19T10:23:51,857|[TRACE] graph - -------> nonSkippedChar
2021-11-19T10:23:51,857|[TRACE] script - #out(`F`) [token]
2021-11-19T10:23:51,857|[TRACE] graph - <------- nonSkippedChar
2021-11-19T10:23:51,857|[TRACE] graph - <----- statementPart
2021-11-19T10:23:51,857|[TRACE] graph - -----> statementPart
2021-11-19T10:23:51,857|[TRACE] graph - -------> nonSkippedChar
2021-11-19T10:23:51,857|[TRACE] script - #out(`O`) [token]
2021-11-19T10:23:51,857|[TRACE] graph - <------- nonSkippedChar
2021-11-19T10:23:51,857|[TRACE] graph - <----- statementPart
2021-11-19T10:23:51,857|[TRACE] graph - -----> statementPart
2021-11-19T10:23:51,857|[TRACE] graph - -------> nonSkippedChar
2021-11-19T10:23:51,857|[TRACE] script - #out(`R`) [token]
2021-11-19T10:23:51,857|[TRACE] graph - <------- nonSkippedChar
2021-11-19T10:23:51,857|[TRACE] graph - <----- statementPart
2021-11-19T10:23:51,857|[TRACE] graph - -----> statementPart
2021-11-19T10:23:51,857|[TRACE] graph - -------> nonSkippedChar
2021-11-19T10:23:51,857|[TRACE] script - #out(`E`) [token]
2021-11-19T10:23:51,857|[TRACE] graph - <------- nonSkippedChar
2021-11-19T10:23:51,857|[TRACE] graph - <----- statementPart
2021-11-19T10:23:51,857|[TRACE] graph - -----> statementPart
2021-11-19T10:23:51,857|[TRACE] graph - -------> nonSkippedChar
2021-11-19T10:23:51,857|[TRACE] script - #out(`I`) [token]
2021-11-19T10:23:51,857|[TRACE] graph - <------- nonSkippedChar
2021-11-19T10:23:51,857|[TRACE] graph - <----- statementPart
2021-11-19T10:23:51,857|[TRACE] graph - -----> statementPart
2021-11-19T10:23:51,857|[TRACE] graph - -------> nonSkippedChar
2021-11-19T10:23:51,857|[TRACE] script - #out(`G`) [token]
2021-11-19T10:23:51,857|[TRACE] graph - <------- nonSkippedChar
2021-11-19T10:23:51,857|[TRACE] graph - <----- statementPart
2021-11-19T10:23:51,857|[TRACE] graph - -----> statementPart
2021-11-19T10:23:51,857|[TRACE] graph - -------> nonSkippedChar
2021-11-19T10:23:51,857|[TRACE] script - #out(`N`) [token]
2021-11-19T10:23:51,857|[TRACE] graph - <------- nonSkippedChar
2021-11-19T10:23:51,857|[TRACE] graph - <----- statementPart
2021-11-19T10:23:51,857|[TRACE] graph - -----> statementPart
2021-11-19T10:23:51,857|[TRACE] graph - -------> nonSkippedSpace
2021-11-19T10:23:51,857|[TRACE] script - #out(` `) [token]
2021-11-19T10:23:51,857|[TRACE] graph - <------- nonSkippedSpace
2021-11-19T10:23:51,857|[TRACE] graph - <----- statementPart
2021-11-19T10:23:51,857|[TRACE] graph - -----> statementPart
2021-11-19T10:23:51,857|[TRACE] graph - -------> nonSkippedChar
2021-11-19T10:23:51,857|[TRACE] script - #out(`K`) [token]
2021-11-19T10:23:51,857|[TRACE] graph - <------- nonSkippedChar
2021-11-19T10:23:51,857|[TRACE] graph - <----- statementPart
2021-11-19T10:23:51,857|[TRACE] graph - -----> statementPart
2021-11-19T10:23:51,857|[TRACE] graph - -------> nonSkippedChar
2021-11-19T10:23:51,857|[TRACE] script - #out(`E`) [token]
2021-11-19T10:23:51,857|[TRACE] graph - <------- nonSkippedChar
2021-11-19T10:23:51,857|[TRACE] graph - <----- statementPart
2021-11-19T10:23:51,857|[TRACE] graph - -----> statementPart
2021-11-19T10:23:51,857|[TRACE] graph - -------> nonSkippedChar
2021-11-19T10:23:51,857|[TRACE] script - #out(`Y`) [token]
2021-11-19T10:23:51,857|[TRACE] graph - <------- nonSkippedChar
2021-11-19T10:23:51,857|[TRACE] graph - <----- statementPart
2021-11-19T10:23:51,857|[TRACE] graph - -----> statementPart
2021-11-19T10:23:51,857|[TRACE] graph - -------> nonSkippedSpace
2021-11-19T10:23:51,857|[TRACE] script - #out(` `) [token]
2021-11-19T10:23:51,857|[TRACE] graph - <------- nonSkippedSpace
2021-11-19T10:23:51,857|[TRACE] graph - <----- statementPart
2021-11-19T10:23:51,857|[TRACE] graph - -----> statementPart
2021-11-19T10:23:51,857|[TRACE] graph - -------> nonSkippedChar
2021-11-19T10:23:51,857|[TRACE] script - #out(`(`) [token]
2021-11-19T10:23:51,857|[TRACE] graph - <------- nonSkippedChar
2021-11-19T10:23:51,857|[TRACE] graph - <----- statementPart
2021-11-19T10:23:51,857|[TRACE] graph - -----> statementPart
2021-11-19T10:23:51,857|[TRACE] graph - -------> quotedString
2021-11-19T10:23:51,857|[TRACE] script - #out(``person_id``) [token]
2021-11-19T10:23:51,857|[TRACE] graph - <------- quotedString
2021-11-19T10:23:51,857|[TRACE] graph - <----- statementPart
2021-11-19T10:23:51,857|[TRACE] graph - -----> statementPart
2021-11-19T10:23:51,857|[TRACE] graph - -------> nonSkippedChar
2021-11-19T10:23:51,857|[TRACE] script - #out(`)`) [token]
2021-11-19T10:23:51,857|[TRACE] graph - <------- nonSkippedChar
2021-11-19T10:23:51,857|[TRACE] graph - <----- statementPart
2021-11-19T10:23:51,857|[TRACE] graph - -----> afterStatementPartNewline
2021-11-19T10:23:51,857|[TRACE] script - #out(` `) [text]
2021-11-19T10:23:51,857|[TRACE] graph - <----- afterStatementPartNewline
2021-11-19T10:23:51,857|[TRACE] graph - -----> statementPart
2021-11-19T10:23:51,857|[TRACE] graph - -------> nonSkippedSpace
2021-11-19T10:23:51,857|[TRACE] script - #out(` `) [token]
2021-11-19T10:23:51,857|[TRACE] graph - <------- nonSkippedSpace
2021-11-19T10:23:51,858|[TRACE] graph - <----- statementPart
2021-11-19T10:23:51,858|[TRACE] graph - -----> statementPart
2021-11-19T10:23:51,858|[TRACE] graph - -------> nonSkippedSpace
2021-11-19T10:23:51,858|[TRACE] script - #out(` `) [token]
2021-11-19T10:23:51,858|[TRACE] graph - <------- nonSkippedSpace
2021-11-19T10:23:51,858|[TRACE] graph - <----- statementPart
2021-11-19T10:23:51,858|[TRACE] graph - -----> statementPart
2021-11-19T10:23:51,858|[TRACE] graph - -------> nonSkippedSpace
2021-11-19T10:23:51,858|[TRACE] script - #out(` `) [token]
2021-11-19T10:23:51,858|[TRACE] graph - <------- nonSkippedSpace
2021-11-19T10:23:51,858|[TRACE] graph - <----- statementPart
2021-11-19T10:23:51,858|[TRACE] graph - -----> statementPart
2021-11-19T10:23:51,858|[TRACE] graph - -------> nonSkippedSpace
2021-11-19T10:23:51,858|[TRACE] script - #out(` `) [token]
2021-11-19T10:23:51,858|[TRACE] graph - <------- nonSkippedSpace
2021-11-19T10:23:51,858|[TRACE] graph - <----- statementPart
2021-11-19T10:23:51,858|[TRACE] graph - -----> statementPart
2021-11-19T10:23:51,858|[TRACE] graph - -------> nonSkippedChar
2021-11-19T10:23:51,858|[TRACE] script - #out(`R`) [token]
2021-11-19T10:23:51,858|[TRACE] graph - <------- nonSkippedChar
2021-11-19T10:23:51,858|[TRACE] graph - <----- statementPart
2021-11-19T10:23:51,858|[TRACE] graph - -----> statementPart
2021-11-19T10:23:51,858|[TRACE] graph - -------> nonSkippedChar
2021-11-19T10:23:51,858|[TRACE] script - #out(`E`) [token]
2021-11-19T10:23:51,858|[TRACE] graph - <------- nonSkippedChar
2021-11-19T10:23:51,858|[TRACE] graph - <----- statementPart
2021-11-19T10:23:51,858|[TRACE] graph - -----> statementPart
2021-11-19T10:23:51,858|[TRACE] graph - -------> nonSkippedChar
2021-11-19T10:23:51,858|[TRACE] script - #out(`F`) [token]
2021-11-19T10:23:51,858|[TRACE] graph - <------- nonSkippedChar
2021-11-19T10:23:51,858|[TRACE] graph - <----- statementPart
2021-11-19T10:23:51,858|[TRACE] graph - -----> statementPart
2021-11-19T10:23:51,858|[TRACE] graph - -------> nonSkippedChar
2021-11-19T10:23:51,858|[TRACE] script - #out(`E`) [token]
2021-11-19T10:23:51,858|[TRACE] graph - <------- nonSkippedChar
2021-11-19T10:23:51,858|[TRACE] graph - <----- statementPart
2021-11-19T10:23:51,858|[TRACE] graph - -----> statementPart
2021-11-19T10:23:51,858|[TRACE] graph - -------> nonSkippedChar
2021-11-19T10:23:51,858|[TRACE] script - #out(`R`) [token]
2021-11-19T10:23:51,858|[TRACE] graph - <------- nonSkippedChar
2021-11-19T10:23:51,858|[TRACE] graph - <----- statementPart
2021-11-19T10:23:51,858|[TRACE] graph - -----> statementPart
2021-11-19T10:23:51,858|[TRACE] graph - -------> nonSkippedChar
2021-11-19T10:23:51,858|[TRACE] script - #out(`E`) [token]
2021-11-19T10:23:51,858|[TRACE] graph - <------- nonSkippedChar
2021-11-19T10:23:51,858|[TRACE] graph - <----- statementPart
2021-11-19T10:23:51,858|[TRACE] graph - -----> statementPart
2021-11-19T10:23:51,858|[TRACE] graph - -------> nonSkippedChar
2021-11-19T10:23:51,858|[TRACE] script - #out(`N`) [token]
2021-11-19T10:23:51,910|[TRACE] graph - <------- nonSkippedChar
2021-11-19T10:23:51,910|[TRACE] graph - <----- statementPart
2021-11-19T10:23:51,910|[TRACE] graph - -----> statementPart
2021-11-19T10:23:51,910|[TRACE] graph - -------> nonSkippedChar
2021-11-19T10:23:51,910|[TRACE] script - #out(`C`) [token]
2021-11-19T10:23:51,910|[TRACE] graph - <------- nonSkippedChar
2021-11-19T10:23:51,910|[TRACE] graph - <----- statementPart
2021-11-19T10:23:51,910|[TRACE] graph - -----> statementPart
2021-11-19T10:23:51,910|[TRACE] graph - -------> nonSkippedChar
2021-11-19T10:23:51,910|[TRACE] script - #out(`E`) [token]
2021-11-19T10:23:51,910|[TRACE] graph - <------- nonSkippedChar
2021-11-19T10:23:51,910|[TRACE] graph - <----- statementPart
2021-11-19T10:23:51,910|[TRACE] graph - -----> statementPart
2021-11-19T10:23:51,910|[TRACE] graph - -------> nonSkippedChar
2021-11-19T10:23:51,910|[TRACE] script - #out(`S`) [token]
2021-11-19T10:23:51,910|[TRACE] graph - <------- nonSkippedChar
2021-11-19T10:23:51,910|[TRACE] graph - <----- statementPart
2021-11-19T10:23:51,910|[TRACE] graph - -----> statementPart
2021-11-19T10:23:51,910|[TRACE] graph - -------> nonSkippedSpace
2021-11-19T10:23:51,910|[TRACE] script - #out(` `) [token]
2021-11-19T10:23:51,910|[TRACE] graph - <------- nonSkippedSpace
2021-11-19T10:23:51,910|[TRACE] graph - <----- statementPart
2021-11-19T10:23:51,910|[TRACE] graph - -----> statementPart
2021-11-19T10:23:51,910|[TRACE] graph - -------> quotedString
2021-11-19T10:23:51,910|[TRACE] script - #out(``bloodbank``) [token]
2021-11-19T10:23:51,910|[TRACE] graph - <------- quotedString
2021-11-19T10:23:51,910|[TRACE] graph - <----- statementPart
2021-11-19T10:23:51,910|[TRACE] graph - -----> statementPart
2021-11-19T10:23:51,910|[TRACE] graph - -------> nonSkippedChar
2021-11-19T10:23:51,910|[TRACE] script - #out(`.`) [token]
2021-11-19T10:23:51,910|[TRACE] graph - <------- nonSkippedChar
2021-11-19T10:23:51,910|[TRACE] graph - <----- statementPart
2021-11-19T10:23:51,910|[TRACE] graph - -----> statementPart
2021-11-19T10:23:51,910|[TRACE] graph - -------> quotedString
2021-11-19T10:23:51,910|[TRACE] script - #out(``person``) [token]
2021-11-19T10:23:51,910|[TRACE] graph - <------- quotedString
2021-11-19T10:23:51,910|[TRACE] graph - <----- statementPart
2021-11-19T10:23:51,910|[TRACE] graph - -----> statementPart
2021-11-19T10:23:51,910|[TRACE] graph - -------> nonSkippedSpace
2021-11-19T10:23:51,910|[TRACE] script - #out(` `) [token]
2021-11-19T10:23:51,910|[TRACE] graph - <------- nonSkippedSpace
2021-11-19T10:23:51,910|[TRACE] graph - <----- statementPart
2021-11-19T10:23:51,910|[TRACE] graph - -----> statementPart
2021-11-19T10:23:51,910|[TRACE] graph - -------> nonSkippedChar
2021-11-19T10:23:51,910|[TRACE] script - #out(`(`) [token]
2021-11-19T10:23:51,910|[TRACE] graph - <------- nonSkippedChar
2021-11-19T10:23:51,910|[TRACE] graph - <----- statementPart
2021-11-19T10:23:51,910|[TRACE] graph - -----> statementPart
2021-11-19T10:23:51,910|[TRACE] graph - -------> quotedString
2021-11-19T10:23:51,910|[TRACE] script - #out(``id``) [token]
2021-11-19T10:23:51,910|[TRACE] graph - <------- quotedString
2021-11-19T10:23:51,910|[TRACE] graph - <----- statementPart
2021-11-19T10:23:51,910|[TRACE] graph - -----> statementPart
2021-11-19T10:23:51,911|[TRACE] graph - -------> nonSkippedChar
2021-11-19T10:23:51,911|[TRACE] script - #out(`)`) [token]
2021-11-19T10:23:51,911|[TRACE] graph - <------- nonSkippedChar
2021-11-19T10:23:51,911|[TRACE] graph - <----- statementPart
2021-11-19T10:23:51,911|[TRACE] graph - -----> afterStatementPartNewline
2021-11-19T10:23:51,911|[TRACE] script - #out(` `) [text]
2021-11-19T10:23:51,911|[TRACE] graph - <----- afterStatementPartNewline
2021-11-19T10:23:51,911|[TRACE] graph - -----> statementPart
2021-11-19T10:23:51,911|[TRACE] graph - -------> nonSkippedSpace
2021-11-19T10:23:51,911|[TRACE] script - #out(` `) [token]
2021-11-19T10:23:51,911|[TRACE] graph - <------- nonSkippedSpace
2021-11-19T10:23:51,911|[TRACE] graph - <----- statementPart
2021-11-19T10:23:51,911|[TRACE] graph - -----> statementPart
2021-11-19T10:23:51,911|[TRACE] graph - -------> nonSkippedSpace
2021-11-19T10:23:51,911|[TRACE] script - #out(` `) [token]
2021-11-19T10:23:51,911|[TRACE] graph - <------- nonSkippedSpace
2021-11-19T10:23:51,911|[TRACE] graph - <----- statementPart
2021-11-19T10:23:51,911|[TRACE] graph - -----> statementPart
2021-11-19T10:23:51,911|[TRACE] graph - -------> nonSkippedSpace
2021-11-19T10:23:51,911|[TRACE] script - #out(` `) [token]
2021-11-19T10:23:51,911|[TRACE] graph - <------- nonSkippedSpace
2021-11-19T10:23:51,911|[TRACE] graph - <----- statementPart
2021-11-19T10:23:51,911|[TRACE] graph - -----> statementPart
2021-11-19T10:23:51,911|[TRACE] graph - -------> nonSkippedSpace
2021-11-19T10:23:51,911|[TRACE] script - #out(` `) [token]
2021-11-19T10:23:51,911|[TRACE] graph - <------- nonSkippedSpace
2021-11-19T10:23:51,911|[TRACE] graph - <----- statementPart
2021-11-19T10:23:51,911|[TRACE] graph - -----> statementPart
2021-11-19T10:23:51,911|[TRACE] graph - -------> nonSkippedChar
2021-11-19T10:23:51,911|[TRACE] script - #out(`O`) [token]
2021-11-19T10:23:51,911|[TRACE] graph - <------- nonSkippedChar
2021-11-19T10:23:51,911|[TRACE] graph - <----- statementPart
2021-11-19T10:23:51,911|[TRACE] graph - -----> statementPart
2021-11-19T10:23:51,911|[TRACE] graph - -------> nonSkippedChar
2021-11-19T10:23:51,911|[TRACE] script - #out(`N`) [token]
2021-11-19T10:23:51,911|[TRACE] graph - <------- nonSkippedChar
2021-11-19T10:23:51,911|[TRACE] graph - <----- statementPart
2021-11-19T10:23:51,911|[TRACE] graph - -----> statementPart
2021-11-19T10:23:51,911|[TRACE] graph - -------> nonSkippedSpace
2021-11-19T10:23:51,911|[TRACE] script - #out(` `) [token]
2021-11-19T10:23:51,911|[TRACE] graph - <------- nonSkippedSpace
2021-11-19T10:23:51,911|[TRACE] graph - <----- statementPart
2021-11-19T10:23:51,911|[TRACE] graph - -----> statementPart
2021-11-19T10:23:51,911|[TRACE] graph - -------> nonSkippedChar
2021-11-19T10:23:51,911|[TRACE] script - #out(`D`) [token]
2021-11-19T10:23:51,911|[TRACE] graph - <------- nonSkippedChar
2021-11-19T10:23:51,911|[TRACE] graph - <----- statementPart
2021-11-19T10:23:51,911|[TRACE] graph - -----> statementPart
2021-11-19T10:23:51,911|[TRACE] graph - -------> nonSkippedChar
2021-11-19T10:23:51,911|[TRACE] script - #out(`E`) [token]
2021-11-19T10:23:51,911|[TRACE] graph - <------- nonSkippedChar
2021-11-19T10:23:51,911|[TRACE] graph - <----- statementPart
2021-11-19T10:23:51,911|[TRACE] graph - -----> statementPart
2021-11-19T10:23:51,911|[TRACE] graph - -------> nonSkippedChar
2021-11-19T10:23:51,911|[TRACE] script - #out(`L`) [token]
2021-11-19T10:23:51,911|[TRACE] graph - <------- nonSkippedChar
2021-11-19T10:23:51,911|[TRACE] graph - <----- statementPart
2021-11-19T10:23:51,911|[TRACE] graph - -----> statementPart
2021-11-19T10:23:51,911|[TRACE] graph - -------> nonSkippedChar
2021-11-19T10:23:51,911|[TRACE] script - #out(`E`) [token]
2021-11-19T10:23:51,911|[TRACE] graph - <------- nonSkippedChar
2021-11-19T10:23:51,911|[TRACE] graph - <----- statementPart
2021-11-19T10:23:51,911|[TRACE] graph - -----> statementPart
2021-11-19T10:23:51,911|[TRACE] graph - -------> nonSkippedChar
2021-11-19T10:23:51,911|[TRACE] script - #out(`T`) [token]
2021-11-19T10:23:51,911|[TRACE] graph - <------- nonSkippedChar
2021-11-19T10:23:51,911|[TRACE] graph - <----- statementPart
2021-11-19T10:23:51,911|[TRACE] graph - -----> statementPart
2021-11-19T10:23:51,911|[TRACE] graph - -------> nonSkippedChar
2021-11-19T10:23:51,911|[TRACE] script - #out(`E`) [token]
2021-11-19T10:23:51,911|[TRACE] graph - <------- nonSkippedChar
2021-11-19T10:23:51,911|[TRACE] graph - <----- statementPart
2021-11-19T10:23:51,911|[TRACE] graph - -----> statementPart
2021-11-19T10:23:51,911|[TRACE] graph - -------> nonSkippedSpace
2021-11-19T10:23:51,911|[TRACE] script - #out(` `) [token]
2021-11-19T10:23:51,911|[TRACE] graph - <------- nonSkippedSpace
2021-11-19T10:23:51,911|[TRACE] graph - <----- statementPart
2021-11-19T10:23:51,911|[TRACE] graph - -----> statementPart
2021-11-19T10:23:51,911|[TRACE] graph - -------> nonSkippedChar
2021-11-19T10:23:51,911|[TRACE] script - #out(`N`) [token]
2021-11-19T10:23:51,911|[TRACE] graph - <------- nonSkippedChar
2021-11-19T10:23:51,911|[TRACE] graph - <----- statementPart
2021-11-19T10:23:51,911|[TRACE] graph - -----> statementPart
2021-11-19T10:23:51,911|[TRACE] graph - -------> nonSkippedChar
2021-11-19T10:23:51,911|[TRACE] script - #out(`O`) [token]
2021-11-19T10:23:51,911|[TRACE] graph - <------- nonSkippedChar
2021-11-19T10:23:51,911|[TRACE] graph - <----- statementPart
2021-11-19T10:23:51,911|[TRACE] graph - -----> statementPart
2021-11-19T10:23:51,911|[TRACE] graph - -------> nonSkippedSpace
2021-11-19T10:23:51,911|[TRACE] script - #out(` `) [token]
2021-11-19T10:23:51,911|[TRACE] graph - <------- nonSkippedSpace
2021-11-19T10:23:51,911|[TRACE] graph - <----- statementPart
2021-11-19T10:23:51,911|[TRACE] graph - -----> statementPart
2021-11-19T10:23:51,911|[TRACE] graph - -------> nonSkippedChar
2021-11-19T10:23:51,911|[TRACE] script - #out(`A`) [token]
2021-11-19T10:23:51,911|[TRACE] graph - <------- nonSkippedChar
2021-11-19T10:23:51,911|[TRACE] graph - <----- statementPart
2021-11-19T10:23:51,911|[TRACE] graph - -----> statementPart
2021-11-19T10:23:51,911|[TRACE] graph - -------> nonSkippedChar
2021-11-19T10:23:51,911|[TRACE] script - #out(`C`) [token]
2021-11-19T10:23:51,911|[TRACE] graph - <------- nonSkippedChar
2021-11-19T10:23:51,911|[TRACE] graph - <----- statementPart
2021-11-19T10:23:51,911|[TRACE] graph - -----> statementPart
2021-11-19T10:23:51,911|[TRACE] graph - -------> nonSkippedChar
2021-11-19T10:23:51,911|[TRACE] script - #out(`T`) [token]
2021-11-19T10:23:51,911|[TRACE] graph - <------- nonSkippedChar
2021-11-19T10:23:51,911|[TRACE] graph - <----- statementPart
2021-11-19T10:23:51,911|[TRACE] graph - -----> statementPart
2021-11-19T10:23:51,911|[TRACE] graph - -------> nonSkippedChar
2021-11-19T10:23:51,911|[TRACE] script - #out(`I`) [token]
2021-11-19T10:23:51,911|[TRACE] graph - <------- nonSkippedChar
2021-11-19T10:23:51,911|[TRACE] graph - <----- statementPart
2021-11-19T10:23:51,911|[TRACE] graph - -----> statementPart
2021-11-19T10:23:51,911|[TRACE] graph - -------> nonSkippedChar
2021-11-19T10:23:51,911|[TRACE] script - #out(`O`) [token]
2021-11-19T10:23:51,911|[TRACE] graph - <------- nonSkippedChar
2021-11-19T10:23:51,911|[TRACE] graph - <----- statementPart
2021-11-19T10:23:51,911|[TRACE] graph - -----> statementPart
2021-11-19T10:23:51,911|[TRACE] graph - -------> nonSkippedChar
2021-11-19T10:23:51,911|[TRACE] script - #out(`N`) [token]
2021-11-19T10:23:51,911|[TRACE] graph - <------- nonSkippedChar
2021-11-19T10:23:51,911|[TRACE] graph - <----- statementPart
2021-11-19T10:23:51,911|[TRACE] graph - -----> afterStatementPartNewline
2021-11-19T10:23:51,911|[TRACE] script - #out(` `) [text]
2021-11-19T10:23:51,911|[TRACE] graph - <----- afterStatementPartNewline
2021-11-19T10:23:51,911|[TRACE] graph - -----> statementPart
2021-11-19T10:23:51,911|[TRACE] graph - -------> nonSkippedSpace
2021-11-19T10:23:51,911|[TRACE] script - #out(` `) [token]
2021-11-19T10:23:51,911|[TRACE] graph - <------- nonSkippedSpace
2021-11-19T10:23:51,911|[TRACE] graph - <----- statementPart
2021-11-19T10:23:51,911|[TRACE] graph - -----> statementPart
2021-11-19T10:23:51,911|[TRACE] graph - -------> nonSkippedSpace
2021-11-19T10:23:51,911|[TRACE] script - #out(` `) [token]
2021-11-19T10:23:51,911|[TRACE] graph - <------- nonSkippedSpace
2021-11-19T10:23:51,911|[TRACE] graph - <----- statementPart
2021-11-19T10:23:51,911|[TRACE] graph - -----> statementPart
2021-11-19T10:23:51,911|[TRACE] graph - -------> nonSkippedSpace
2021-11-19T10:23:51,911|[TRACE] script - #out(` `) [token]
2021-11-19T10:23:51,911|[TRACE] graph - <------- nonSkippedSpace
2021-11-19T10:23:51,911|[TRACE] graph - <----- statementPart
2021-11-19T10:23:51,911|[TRACE] graph - -----> statementPart
2021-11-19T10:23:51,911|[TRACE] graph - -------> nonSkippedSpace
2021-11-19T10:23:51,911|[TRACE] script - #out(` `) [token]
2021-11-19T10:23:51,911|[TRACE] graph - <------- nonSkippedSpace
2021-11-19T10:23:51,911|[TRACE] graph - <----- statementPart
2021-11-19T10:23:51,911|[TRACE] graph - -----> statementPart
2021-11-19T10:23:51,911|[TRACE] graph - -------> nonSkippedChar
2021-11-19T10:23:51,911|[TRACE] script - #out(`O`) [token]
2021-11-19T10:23:51,911|[TRACE] graph - <------- nonSkippedChar
2021-11-19T10:23:51,911|[TRACE] graph - <----- statementPart
2021-11-19T10:23:51,911|[TRACE] graph - -----> statementPart
2021-11-19T10:23:51,911|[TRACE] graph - -------> nonSkippedChar
2021-11-19T10:23:51,911|[TRACE] script - #out(`N`) [token]
2021-11-19T10:23:51,911|[TRACE] graph - <------- nonSkippedChar
2021-11-19T10:23:51,911|[TRACE] graph - <----- statementPart
2021-11-19T10:23:51,911|[TRACE] graph - -----> statementPart
2021-11-19T10:23:51,911|[TRACE] graph - -------> nonSkippedSpace
2021-11-19T10:23:51,911|[TRACE] script - #out(` `) [token]
2021-11-19T10:23:51,911|[TRACE] graph - <------- nonSkippedSpace
2021-11-19T10:23:51,911|[TRACE] graph - <----- statementPart
2021-11-19T10:23:51,911|[TRACE] graph - -----> statementPart
2021-11-19T10:23:51,911|[TRACE] graph - -------> nonSkippedChar
2021-11-19T10:23:51,911|[TRACE] script - #out(`U`) [token]
2021-11-19T10:23:51,911|[TRACE] graph - <------- nonSkippedChar
2021-11-19T10:23:51,911|[TRACE] graph - <----- statementPart
2021-11-19T10:23:51,911|[TRACE] graph - -----> statementPart
2021-11-19T10:23:51,911|[TRACE] graph - -------> nonSkippedChar
2021-11-19T10:23:51,911|[TRACE] script - #out(`P`) [token]
2021-11-19T10:23:51,911|[TRACE] graph - <------- nonSkippedChar
2021-11-19T10:23:51,911|[TRACE] graph - <----- statementPart
2021-11-19T10:23:51,911|[TRACE] graph - -----> statementPart
2021-11-19T10:23:51,911|[TRACE] graph - -------> nonSkippedChar
2021-11-19T10:23:51,911|[TRACE] script - #out(`D`) [token]
2021-11-19T10:23:51,911|[TRACE] graph - <------- nonSkippedChar
2021-11-19T10:23:51,911|[TRACE] graph - <----- statementPart
2021-11-19T10:23:51,911|[TRACE] graph - -----> statementPart
2021-11-19T10:23:51,911|[TRACE] graph - -------> nonSkippedChar
2021-11-19T10:23:51,911|[TRACE] script - #out(`A`) [token]
2021-11-19T10:23:51,911|[TRACE] graph - <------- nonSkippedChar
2021-11-19T10:23:51,911|[TRACE] graph - <----- statementPart
2021-11-19T10:23:51,911|[TRACE] graph - -----> statementPart
2021-11-19T10:23:51,911|[TRACE] graph - -------> nonSkippedChar
2021-11-19T10:23:51,911|[TRACE] script - #out(`T`) [token]
2021-11-19T10:23:51,911|[TRACE] graph - <------- nonSkippedChar
2021-11-19T10:23:51,911|[TRACE] graph - <----- statementPart
2021-11-19T10:23:51,911|[TRACE] graph - -----> statementPart
2021-11-19T10:23:51,911|[TRACE] graph - -------> nonSkippedChar
2021-11-19T10:23:51,911|[TRACE] script - #out(`E`) [token]
2021-11-19T10:23:51,911|[TRACE] graph - <------- nonSkippedChar
2021-11-19T10:23:51,911|[TRACE] graph - <----- statementPart
2021-11-19T10:23:51,911|[TRACE] graph - -----> statementPart
2021-11-19T10:23:51,911|[TRACE] graph - -------> nonSkippedSpace
2021-11-19T10:23:51,911|[TRACE] script - #out(` `) [token]
2021-11-19T10:23:51,911|[TRACE] graph - <------- nonSkippedSpace
2021-11-19T10:23:51,911|[TRACE] graph - <----- statementPart
2021-11-19T10:23:51,911|[TRACE] graph - -----> statementPart
2021-11-19T10:23:51,911|[TRACE] graph - -------> nonSkippedChar
2021-11-19T10:23:51,911|[TRACE] script - #out(`N`) [token]
2021-11-19T10:23:51,911|[TRACE] graph - <------- nonSkippedChar
2021-11-19T10:23:51,911|[TRACE] graph - <----- statementPart
2021-11-19T10:23:51,911|[TRACE] graph - -----> statementPart
2021-11-19T10:23:51,911|[TRACE] graph - -------> nonSkippedChar
2021-11-19T10:23:51,911|[TRACE] script - #out(`O`) [token]
2021-11-19T10:23:51,911|[TRACE] graph - <------- nonSkippedChar
2021-11-19T10:23:51,911|[TRACE] graph - <----- statementPart
2021-11-19T10:23:51,911|[TRACE] graph - -----> statementPart
2021-11-19T10:23:51,911|[TRACE] graph - -------> nonSkippedSpace
2021-11-19T10:23:51,911|[TRACE] script - #out(` `) [token]
2021-11-19T10:23:51,911|[TRACE] graph - <------- nonSkippedSpace
2021-11-19T10:23:51,911|[TRACE] graph - <----- statementPart
2021-11-19T10:23:51,911|[TRACE] graph - -----> statementPart
2021-11-19T10:23:51,911|[TRACE] graph - -------> nonSkippedChar
2021-11-19T10:23:51,911|[TRACE] script - #out(`A`) [token]
2021-11-19T10:23:51,911|[TRACE] graph - <------- nonSkippedChar
2021-11-19T10:23:51,911|[TRACE] graph - <----- statementPart
2021-11-19T10:23:51,911|[TRACE] graph - -----> statementPart
2021-11-19T10:23:51,911|[TRACE] graph - -------> nonSkippedChar
2021-11-19T10:23:51,911|[TRACE] script - #out(`C`) [token]
2021-11-19T10:23:51,911|[TRACE] graph - <------- nonSkippedChar
2021-11-19T10:23:51,911|[TRACE] graph - <----- statementPart
2021-11-19T10:23:51,911|[TRACE] graph - -----> statementPart
2021-11-19T10:23:51,911|[TRACE] graph - -------> nonSkippedChar
2021-11-19T10:23:51,911|[TRACE] script - #out(`T`) [token]
2021-11-19T10:23:51,911|[TRACE] graph - <------- nonSkippedChar
2021-11-19T10:23:51,911|[TRACE] graph - <----- statementPart
2021-11-19T10:23:51,911|[TRACE] graph - -----> statementPart
2021-11-19T10:23:51,911|[TRACE] graph - -------> nonSkippedChar
2021-11-19T10:23:51,911|[TRACE] script - #out(`I`) [token]
2021-11-19T10:23:51,911|[TRACE] graph - <------- nonSkippedChar
2021-11-19T10:23:51,911|[TRACE] graph - <----- statementPart
2021-11-19T10:23:51,911|[TRACE] graph - -----> statementPart
2021-11-19T10:23:51,911|[TRACE] graph - -------> nonSkippedChar
2021-11-19T10:23:51,911|[TRACE] script - #out(`O`) [token]
2021-11-19T10:23:51,911|[TRACE] graph - <------- nonSkippedChar
2021-11-19T10:23:51,911|[TRACE] graph - <----- statementPart
2021-11-19T10:23:51,911|[TRACE] graph - -----> statementPart
2021-11-19T10:23:51,911|[TRACE] graph - -------> nonSkippedChar
2021-11-19T10:23:51,911|[TRACE] script - #out(`N`) [token]
2021-11-19T10:23:51,911|[TRACE] graph - <------- nonSkippedChar
2021-11-19T10:23:51,911|[TRACE] graph - <----- statementPart
2021-11-19T10:23:51,911|[TRACE] graph - -----> statementPart
2021-11-19T10:23:51,911|[TRACE] graph - -------> nonSkippedChar
2021-11-19T10:23:51,911|[TRACE] script - #out(`)`) [token]
2021-11-19T10:23:51,911|[TRACE] graph - <------- nonSkippedChar
2021-11-19T10:23:51,911|[TRACE] graph - <----- statementPart
2021-11-19T10:23:51,911|[TRACE] graph - -----> afterStatementPartNewline
2021-11-19T10:23:51,911|[TRACE] script - #out(` `) [text]
2021-11-19T10:23:51,911|[TRACE] graph - <----- afterStatementPartNewline
2021-11-19T10:23:51,911|[TRACE] graph - -----> statementPart
2021-11-19T10:23:51,911|[TRACE] graph - -------> nonSkippedChar
2021-11-19T10:23:51,911|[TRACE] script - #out(`E`) [token]
2021-11-19T10:23:51,911|[TRACE] graph - <------- nonSkippedChar
2021-11-19T10:23:51,911|[TRACE] graph - <----- statementPart
2021-11-19T10:23:51,911|[TRACE] graph - -----> statementPart
2021-11-19T10:23:51,911|[TRACE] graph - -------> nonSkippedChar
2021-11-19T10:23:51,911|[TRACE] script - #out(`N`) [token]
2021-11-19T10:23:51,911|[TRACE] graph - <------- nonSkippedChar
2021-11-19T10:23:51,911|[TRACE] graph - <----- statementPart
2021-11-19T10:23:51,911|[TRACE] graph - -----> statementPart
2021-11-19T10:23:51,911|[TRACE] graph - -------> nonSkippedChar
2021-11-19T10:23:51,911|[TRACE] script - #out(`G`) [token]
2021-11-19T10:23:51,911|[TRACE] graph - <------- nonSkippedChar
2021-11-19T10:23:51,911|[TRACE] graph - <----- statementPart
2021-11-19T10:23:51,911|[TRACE] graph - -----> statementPart
2021-11-19T10:23:51,911|[TRACE] graph - -------> nonSkippedChar
2021-11-19T10:23:51,911|[TRACE] script - #out(`I`) [token]
2021-11-19T10:23:51,911|[TRACE] graph - <------- nonSkippedChar
2021-11-19T10:23:51,911|[TRACE] graph - <----- statementPart
2021-11-19T10:23:51,911|[TRACE] graph - -----> statementPart
2021-11-19T10:23:51,911|[TRACE] graph - -------> nonSkippedChar
2021-11-19T10:23:51,911|[TRACE] script - #out(`N`) [token]
2021-11-19T10:23:51,911|[TRACE] graph - <------- nonSkippedChar
2021-11-19T10:23:51,911|[TRACE] graph - <----- statementPart
2021-11-19T10:23:51,911|[TRACE] graph - -----> statementPart
2021-11-19T10:23:51,911|[TRACE] graph - -------> nonSkippedChar
2021-11-19T10:23:51,911|[TRACE] script - #out(`E`) [token]
2021-11-19T10:23:51,911|[TRACE] graph - <------- nonSkippedChar
2021-11-19T10:23:51,911|[TRACE] graph - <----- statementPart
2021-11-19T10:23:51,911|[TRACE] graph - -----> statementPart
2021-11-19T10:23:51,911|[TRACE] graph - -------> nonSkippedSpace
2021-11-19T10:23:51,911|[TRACE] script - #out(` `) [token]
2021-11-19T10:23:51,911|[TRACE] graph - <------- nonSkippedSpace
2021-11-19T10:23:51,911|[TRACE] graph - <----- statementPart
2021-11-19T10:23:51,911|[TRACE] graph - -----> statementPart
2021-11-19T10:23:51,911|[TRACE] graph - -------> nonSkippedChar
2021-11-19T10:23:51,911|[TRACE] script - #out(`=`) [token]
2021-11-19T10:23:51,911|[TRACE] graph - <------- nonSkippedChar
2021-11-19T10:23:51,911|[TRACE] graph - <----- statementPart
2021-11-19T10:23:51,911|[TRACE] graph - -----> statementPart
2021-11-19T10:23:51,911|[TRACE] graph - -------> nonSkippedSpace
2021-11-19T10:23:51,911|[TRACE] script - #out(` `) [token]
2021-11-19T10:23:51,911|[TRACE] graph - <------- nonSkippedSpace
2021-11-19T10:23:51,911|[TRACE] graph - <----- statementPart
2021-11-19T10:23:51,911|[TRACE] graph - -----> statementPart
2021-11-19T10:23:51,911|[TRACE] graph - -------> nonSkippedChar
2021-11-19T10:23:51,912|[TRACE] script - #out(`I`) [token]
2021-11-19T10:23:51,912|[TRACE] graph - <------- nonSkippedChar
2021-11-19T10:23:51,912|[TRACE] graph - <----- statementPart
2021-11-19T10:23:51,912|[TRACE] graph - -----> statementPart
2021-11-19T10:23:51,912|[TRACE] graph - -------> nonSkippedChar
2021-11-19T10:23:51,912|[TRACE] script - #out(`n`) [token]
2021-11-19T10:23:51,912|[TRACE] graph - <------- nonSkippedChar
2021-11-19T10:23:51,912|[TRACE] graph - <----- statementPart
2021-11-19T10:23:51,912|[TRACE] graph - -----> statementPart
2021-11-19T10:23:51,912|[TRACE] graph - -------> nonSkippedChar
2021-11-19T10:23:51,912|[TRACE] script - #out(`n`) [token]
2021-11-19T10:23:51,912|[TRACE] graph - <------- nonSkippedChar
2021-11-19T10:23:51,912|[TRACE] graph - <----- statementPart
2021-11-19T10:23:51,912|[TRACE] graph - -----> statementPart
2021-11-19T10:23:51,912|[TRACE] graph - -------> nonSkippedChar
2021-11-19T10:23:51,912|[TRACE] script - #out(`o`) [token]
2021-11-19T10:23:51,912|[TRACE] graph - <------- nonSkippedChar
2021-11-19T10:23:51,912|[TRACE] graph - <----- statementPart
2021-11-19T10:23:51,912|[TRACE] graph - -----> statementPart
2021-11-19T10:23:51,912|[TRACE] graph - -------> nonSkippedChar
2021-11-19T10:23:51,912|[TRACE] script - #out(`D`) [token]
2021-11-19T10:23:51,912|[TRACE] graph - <------- nonSkippedChar
2021-11-19T10:23:51,912|[TRACE] graph - <----- statementPart
2021-11-19T10:23:51,912|[TRACE] graph - -----> statementPart
2021-11-19T10:23:51,912|[TRACE] graph - -------> nonSkippedChar
2021-11-19T10:23:51,912|[TRACE] script - #out(`B`) [token]
2021-11-19T10:23:51,912|[TRACE] graph - <------- nonSkippedChar
2021-11-19T10:23:51,912|[TRACE] graph - <----- statementPart
2021-11-19T10:23:51,912|[DEBUG] graph - Import statement : CREATE TABLE IF NOT EXISTS `bloodbank`.`contact` (   `person_id` INT NOT NULL,   `phone_id` INT NOT NULL,   `contact_type` VARCHAR(10) NOT NULL,   `email` VARCHAR(100) NULL,   `address_id` INT NULL,   `created` BIGINT NOT NULL DEFAULT (unix_timestamp(now()) * 1000),   `updated` BIGINT NOT NULL DEFAULT (unix_timestamp(now()) * 1000),   `version` INT NOT NULL DEFAULT 1,   PRIMARY KEY (`person_id`, `phone_id`),   INDEX `fk_contact_phone1_idx` (`phone_id` ASC) VISIBLE,   INDEX `fk_contact_person1_idx` (`person_id` ASC) VISIBLE,   CONSTRAINT `fk_contact_address1`     FOREIGN KEY (`address_id`)     REFERENCES `bloodbank`.`address` (`address_id`)     ON DELETE NO ACTION     ON UPDATE NO ACTION,   CONSTRAINT `fk_contact_phone1`     FOREIGN KEY (`phone_id`)     REFERENCES `bloodbank`.`phone` (`phone_id`)     ON DELETE NO ACTION     ON UPDATE NO ACTION,   CONSTRAINT `fk_contact_person1`     FOREIGN KEY (`person_id`)     REFERENCES `bloodbank`.`person` (`id`)     ON DELETE NO ACTION     ON UPDATE NO ACTION) ENGINE = InnoDB
2021-11-19T10:23:51,912|[TRACE] graph - <--- statement
2021-11-19T10:23:51,912|[TRACE] graph - ---> blankSpacesToSkip
2021-11-19T10:23:51,912|[TRACE] graph - -----> newLineToSkip
2021-11-19T10:23:51,912|[TRACE] graph - <----- newLineToSkip
2021-11-19T10:23:51,912|[TRACE] graph - -----> newLineToSkip
2021-11-19T10:23:51,912|[TRACE] graph - <----- newLineToSkip
2021-11-19T10:23:51,912|[TRACE] graph - -----> newLineToSkip
2021-11-19T10:23:51,912|[TRACE] graph - <----- newLineToSkip
2021-11-19T10:23:51,912|[TRACE] graph - <--- blankSpacesToSkip
2021-11-19T10:23:51,912|[TRACE] graph - ---> statement
2021-11-19T10:23:51,912|[TRACE] graph - -----> statementFirstPart
2021-11-19T10:23:51,912|[TRACE] graph - -------> nonSkippedChar
2021-11-19T10:23:51,912|[TRACE] script - #out(`S`) [token]
2021-11-19T10:23:51,912|[TRACE] graph - <------- nonSkippedChar
2021-11-19T10:23:51,912|[TRACE] graph - <----- statementFirstPart
2021-11-19T10:23:51,912|[TRACE] graph - -----> statementPart
2021-11-19T10:23:51,912|[TRACE] graph - -------> nonSkippedChar
2021-11-19T10:23:51,912|[TRACE] script - #out(`E`) [token]
2021-11-19T10:23:51,912|[TRACE] graph - <------- nonSkippedChar
2021-11-19T10:23:51,912|[TRACE] graph - <----- statementPart
2021-11-19T10:23:51,912|[TRACE] graph - -----> statementPart
2021-11-19T10:23:51,912|[TRACE] graph - -------> nonSkippedChar
2021-11-19T10:23:51,912|[TRACE] script - #out(`T`) [token]
2021-11-19T10:23:51,912|[TRACE] graph - <------- nonSkippedChar
2021-11-19T10:23:51,912|[TRACE] graph - <----- statementPart
2021-11-19T10:23:51,912|[TRACE] graph - -----> statementPart
2021-11-19T10:23:51,912|[TRACE] graph - -------> nonSkippedSpace
2021-11-19T10:23:51,912|[TRACE] script - #out(` `) [token]
2021-11-19T10:23:51,912|[TRACE] graph - <------- nonSkippedSpace
2021-11-19T10:23:51,912|[TRACE] graph - <----- statementPart
2021-11-19T10:23:51,912|[TRACE] graph - -----> statementPart
2021-11-19T10:23:51,912|[TRACE] graph - -------> nonSkippedChar
2021-11-19T10:23:51,912|[TRACE] script - #out(`S`) [token]
2021-11-19T10:23:51,912|[TRACE] graph - <------- nonSkippedChar
2021-11-19T10:23:51,912|[TRACE] graph - <----- statementPart
2021-11-19T10:23:51,912|[TRACE] graph - -----> statementPart
2021-11-19T10:23:51,912|[TRACE] graph - -------> nonSkippedChar
2021-11-19T10:23:51,912|[TRACE] script - #out(`Q`) [token]
2021-11-19T10:23:51,912|[TRACE] graph - <------- nonSkippedChar
2021-11-19T10:23:51,912|[TRACE] graph - <----- statementPart
2021-11-19T10:23:51,912|[TRACE] graph - -----> statementPart
2021-11-19T10:23:51,912|[TRACE] graph - -------> nonSkippedChar
2021-11-19T10:23:51,912|[TRACE] script - #out(`L`) [token]
2021-11-19T10:23:51,912|[TRACE] graph - <------- nonSkippedChar
2021-11-19T10:23:51,912|[TRACE] graph - <----- statementPart
2021-11-19T10:23:51,912|[TRACE] graph - -----> statementPart
2021-11-19T10:23:51,912|[TRACE] graph - -------> nonSkippedChar
2021-11-19T10:23:51,912|[TRACE] script - #out(`_`) [token]
2021-11-19T10:23:51,912|[TRACE] graph - <------- nonSkippedChar
2021-11-19T10:23:51,912|[TRACE] graph - <----- statementPart
2021-11-19T10:23:51,912|[TRACE] graph - -----> statementPart
2021-11-19T10:23:51,912|[TRACE] graph - -------> nonSkippedChar
2021-11-19T10:23:51,912|[TRACE] script - #out(`M`) [token]
2021-11-19T10:23:51,912|[TRACE] graph - <------- nonSkippedChar
2021-11-19T10:23:51,912|[TRACE] graph - <----- statementPart
2021-11-19T10:23:51,912|[TRACE] graph - -----> statementPart
2021-11-19T10:23:51,912|[TRACE] graph - -------> nonSkippedChar
2021-11-19T10:23:51,912|[TRACE] script - #out(`O`) [token]
2021-11-19T10:23:51,912|[TRACE] graph - <------- nonSkippedChar
2021-11-19T10:23:51,912|[TRACE] graph - <----- statementPart
2021-11-19T10:23:51,912|[TRACE] graph - -----> statementPart
2021-11-19T10:23:51,912|[TRACE] graph - -------> nonSkippedChar
2021-11-19T10:23:51,912|[TRACE] script - #out(`D`) [token]
2021-11-19T10:23:51,912|[TRACE] graph - <------- nonSkippedChar
2021-11-19T10:23:51,912|[TRACE] graph - <----- statementPart
2021-11-19T10:23:51,912|[TRACE] graph - -----> statementPart
2021-11-19T10:23:51,912|[TRACE] graph - -------> nonSkippedChar
2021-11-19T10:23:51,912|[TRACE] script - #out(`E`) [token]
2021-11-19T10:23:51,912|[TRACE] graph - <------- nonSkippedChar
2021-11-19T10:23:51,912|[TRACE] graph - <----- statementPart
2021-11-19T10:23:51,912|[TRACE] graph - -----> statementPart
2021-11-19T10:23:51,912|[TRACE] graph - -------> nonSkippedChar
2021-11-19T10:23:51,912|[TRACE] script - #out(`=`) [token]
2021-11-19T10:23:51,912|[TRACE] graph - <------- nonSkippedChar
2021-11-19T10:23:51,912|[TRACE] graph - <----- statementPart
2021-11-19T10:23:51,912|[TRACE] graph - -----> statementPart
2021-11-19T10:23:51,912|[TRACE] graph - -------> nonSkippedChar
2021-11-19T10:23:51,912|[TRACE] script - #out(`@`) [token]
2021-11-19T10:23:51,965|[TRACE] graph - <------- nonSkippedChar
2021-11-19T10:23:51,965|[TRACE] graph - <----- statementPart
2021-11-19T10:23:51,965|[TRACE] graph - -----> statementPart
2021-11-19T10:23:51,965|[TRACE] graph - -------> nonSkippedChar
2021-11-19T10:23:51,965|[TRACE] script - #out(`O`) [token]
2021-11-19T10:23:51,965|[TRACE] graph - <------- nonSkippedChar
2021-11-19T10:23:51,965|[TRACE] graph - <----- statementPart
2021-11-19T10:23:51,965|[TRACE] graph - -----> statementPart
2021-11-19T10:23:51,965|[TRACE] graph - -------> nonSkippedChar
2021-11-19T10:23:51,965|[TRACE] script - #out(`L`) [token]
2021-11-19T10:23:51,965|[TRACE] graph - <------- nonSkippedChar
2021-11-19T10:23:51,966|[TRACE] graph - <----- statementPart
2021-11-19T10:23:51,966|[TRACE] graph - -----> statementPart
2021-11-19T10:23:51,966|[TRACE] graph - -------> nonSkippedChar
2021-11-19T10:23:51,966|[TRACE] script - #out(`D`) [token]
2021-11-19T10:23:51,966|[TRACE] graph - <------- nonSkippedChar
2021-11-19T10:23:51,966|[TRACE] graph - <----- statementPart
2021-11-19T10:23:51,966|[TRACE] graph - -----> statementPart
2021-11-19T10:23:51,966|[TRACE] graph - -------> nonSkippedChar
2021-11-19T10:23:51,966|[TRACE] script - #out(`_`) [token]
2021-11-19T10:23:51,966|[TRACE] graph - <------- nonSkippedChar
2021-11-19T10:23:51,966|[TRACE] graph - <----- statementPart
2021-11-19T10:23:51,966|[TRACE] graph - -----> statementPart
2021-11-19T10:23:51,966|[TRACE] graph - -------> nonSkippedChar
2021-11-19T10:23:51,966|[TRACE] script - #out(`S`) [token]
2021-11-19T10:23:51,966|[TRACE] graph - <------- nonSkippedChar
2021-11-19T10:23:51,966|[TRACE] graph - <----- statementPart
2021-11-19T10:23:51,966|[TRACE] graph - -----> statementPart
2021-11-19T10:23:51,966|[TRACE] graph - -------> nonSkippedChar
2021-11-19T10:23:51,966|[TRACE] script - #out(`Q`) [token]
2021-11-19T10:23:51,966|[TRACE] graph - <------- nonSkippedChar
2021-11-19T10:23:51,966|[TRACE] graph - <----- statementPart
2021-11-19T10:23:51,966|[TRACE] graph - -----> statementPart
2021-11-19T10:23:51,966|[TRACE] graph - -------> nonSkippedChar
2021-11-19T10:23:51,966|[TRACE] script - #out(`L`) [token]
2021-11-19T10:23:51,966|[TRACE] graph - <------- nonSkippedChar
2021-11-19T10:23:51,966|[TRACE] graph - <----- statementPart
2021-11-19T10:23:51,966|[TRACE] graph - -----> statementPart
2021-11-19T10:23:51,966|[TRACE] graph - -------> nonSkippedChar
2021-11-19T10:23:51,966|[TRACE] script - #out(`_`) [token]
2021-11-19T10:23:51,966|[TRACE] graph - <------- nonSkippedChar
2021-11-19T10:23:51,966|[TRACE] graph - <----- statementPart
2021-11-19T10:23:51,966|[TRACE] graph - -----> statementPart
2021-11-19T10:23:51,966|[TRACE] graph - -------> nonSkippedChar
2021-11-19T10:23:51,966|[TRACE] script - #out(`M`) [token]
2021-11-19T10:23:51,966|[TRACE] graph - <------- nonSkippedChar
2021-11-19T10:23:51,966|[TRACE] graph - <----- statementPart
2021-11-19T10:23:51,966|[TRACE] graph - -----> statementPart
2021-11-19T10:23:51,966|[TRACE] graph - -------> nonSkippedChar
2021-11-19T10:23:51,966|[TRACE] script - #out(`O`) [token]
2021-11-19T10:23:51,966|[TRACE] graph - <------- nonSkippedChar
2021-11-19T10:23:51,966|[TRACE] graph - <----- statementPart
2021-11-19T10:23:51,966|[TRACE] graph - -----> statementPart
2021-11-19T10:23:51,966|[TRACE] graph - -------> nonSkippedChar
2021-11-19T10:23:51,966|[TRACE] script - #out(`D`) [token]
2021-11-19T10:23:51,966|[TRACE] graph - <------- nonSkippedChar
2021-11-19T10:23:51,966|[TRACE] graph - <----- statementPart
2021-11-19T10:23:51,966|[TRACE] graph - -----> statementPart
2021-11-19T10:23:51,966|[TRACE] graph - -------> nonSkippedChar
2021-11-19T10:23:51,966|[TRACE] script - #out(`E`) [token]
2021-11-19T10:23:51,966|[TRACE] graph - <------- nonSkippedChar
2021-11-19T10:23:51,966|[TRACE] graph - <----- statementPart
2021-11-19T10:23:51,966|[DEBUG] graph - Import statement : SET SQL_MODE=@OLD_SQL_MODE
2021-11-19T10:23:51,966|[TRACE] graph - <--- statement
2021-11-19T10:23:51,966|[TRACE] graph - ---> blankSpacesToSkip
2021-11-19T10:23:51,966|[TRACE] graph - -----> newLineToSkip
2021-11-19T10:23:51,966|[TRACE] graph - <----- newLineToSkip
2021-11-19T10:23:51,966|[TRACE] graph - <--- blankSpacesToSkip
2021-11-19T10:23:51,966|[TRACE] graph - ---> statement
2021-11-19T10:23:51,966|[TRACE] graph - -----> statementFirstPart
2021-11-19T10:23:51,966|[TRACE] graph - -------> nonSkippedChar
2021-11-19T10:23:51,966|[TRACE] script - #out(`S`) [token]
2021-11-19T10:23:51,966|[TRACE] graph - <------- nonSkippedChar
2021-11-19T10:23:51,966|[TRACE] graph - <----- statementFirstPart
2021-11-19T10:23:51,966|[TRACE] graph - -----> statementPart
2021-11-19T10:23:51,966|[TRACE] graph - -------> nonSkippedChar
2021-11-19T10:23:51,966|[TRACE] script - #out(`E`) [token]
2021-11-19T10:23:51,966|[TRACE] graph - <------- nonSkippedChar
2021-11-19T10:23:51,966|[TRACE] graph - <----- statementPart
2021-11-19T10:23:51,966|[TRACE] graph - -----> statementPart
2021-11-19T10:23:51,966|[TRACE] graph - -------> nonSkippedChar
2021-11-19T10:23:51,966|[TRACE] script - #out(`T`) [token]
2021-11-19T10:23:51,966|[TRACE] graph - <------- nonSkippedChar
2021-11-19T10:23:51,966|[TRACE] graph - <----- statementPart
2021-11-19T10:23:51,966|[TRACE] graph - -----> statementPart
2021-11-19T10:23:51,966|[TRACE] graph - -------> nonSkippedSpace
2021-11-19T10:23:51,966|[TRACE] script - #out(` `) [token]
2021-11-19T10:23:51,966|[TRACE] graph - <------- nonSkippedSpace
2021-11-19T10:23:51,966|[TRACE] graph - <----- statementPart
2021-11-19T10:23:51,966|[TRACE] graph - -----> statementPart
2021-11-19T10:23:51,966|[TRACE] graph - -------> nonSkippedChar
2021-11-19T10:23:51,966|[TRACE] script - #out(`F`) [token]
2021-11-19T10:23:51,966|[TRACE] graph - <------- nonSkippedChar
2021-11-19T10:23:51,966|[TRACE] graph - <----- statementPart
2021-11-19T10:23:51,966|[TRACE] graph - -----> statementPart
2021-11-19T10:23:51,966|[TRACE] graph - -------> nonSkippedChar
2021-11-19T10:23:51,966|[TRACE] script - #out(`O`) [token]
2021-11-19T10:23:51,966|[TRACE] graph - <------- nonSkippedChar
2021-11-19T10:23:51,966|[TRACE] graph - <----- statementPart
2021-11-19T10:23:51,966|[TRACE] graph - -----> statementPart
2021-11-19T10:23:51,966|[TRACE] graph - -------> nonSkippedChar
2021-11-19T10:23:51,966|[TRACE] script - #out(`R`) [token]
2021-11-19T10:23:51,966|[TRACE] graph - <------- nonSkippedChar
2021-11-19T10:23:51,966|[TRACE] graph - <----- statementPart
2021-11-19T10:23:51,966|[TRACE] graph - -----> statementPart
2021-11-19T10:23:51,966|[TRACE] graph - -------> nonSkippedChar
2021-11-19T10:23:51,966|[TRACE] script - #out(`E`) [token]
2021-11-19T10:23:51,966|[TRACE] graph - <------- nonSkippedChar
2021-11-19T10:23:51,966|[TRACE] graph - <----- statementPart
2021-11-19T10:23:51,966|[TRACE] graph - -----> statementPart
2021-11-19T10:23:51,966|[TRACE] graph - -------> nonSkippedChar
2021-11-19T10:23:51,966|[TRACE] script - #out(`I`) [token]
2021-11-19T10:23:51,966|[TRACE] graph - <------- nonSkippedChar
2021-11-19T10:23:51,966|[TRACE] graph - <----- statementPart
2021-11-19T10:23:51,966|[TRACE] graph - -----> statementPart
2021-11-19T10:23:51,966|[TRACE] graph - -------> nonSkippedChar
2021-11-19T10:23:51,966|[TRACE] script - #out(`G`) [token]
2021-11-19T10:23:51,966|[TRACE] graph - <------- nonSkippedChar
2021-11-19T10:23:51,966|[TRACE] graph - <----- statementPart
2021-11-19T10:23:51,966|[TRACE] graph - -----> statementPart
2021-11-19T10:23:51,966|[TRACE] graph - -------> nonSkippedChar
2021-11-19T10:23:51,966|[TRACE] script - #out(`N`) [token]
2021-11-19T10:23:51,966|[TRACE] graph - <------- nonSkippedChar
2021-11-19T10:23:51,966|[TRACE] graph - <----- statementPart
2021-11-19T10:23:51,966|[TRACE] graph - -----> statementPart
2021-11-19T10:23:51,966|[TRACE] graph - -------> nonSkippedChar
2021-11-19T10:23:51,966|[TRACE] script - #out(`_`) [token]
2021-11-19T10:23:51,966|[TRACE] graph - <------- nonSkippedChar
2021-11-19T10:23:51,966|[TRACE] graph - <----- statementPart
2021-11-19T10:23:51,966|[TRACE] graph - -----> statementPart
2021-11-19T10:23:51,966|[TRACE] graph - -------> nonSkippedChar
2021-11-19T10:23:51,966|[TRACE] script - #out(`K`) [token]
2021-11-19T10:23:51,966|[TRACE] graph - <------- nonSkippedChar
2021-11-19T10:23:51,966|[TRACE] graph - <----- statementPart
2021-11-19T10:23:51,966|[TRACE] graph - -----> statementPart
2021-11-19T10:23:51,966|[TRACE] graph - -------> nonSkippedChar
2021-11-19T10:23:51,966|[TRACE] script - #out(`E`) [token]
2021-11-19T10:23:51,966|[TRACE] graph - <------- nonSkippedChar
2021-11-19T10:23:51,966|[TRACE] graph - <----- statementPart
2021-11-19T10:23:51,966|[TRACE] graph - -----> statementPart
2021-11-19T10:23:51,966|[TRACE] graph - -------> nonSkippedChar
2021-11-19T10:23:51,966|[TRACE] script - #out(`Y`) [token]
2021-11-19T10:23:51,966|[TRACE] graph - <------- nonSkippedChar
2021-11-19T10:23:51,966|[TRACE] graph - <----- statementPart
2021-11-19T10:23:51,966|[TRACE] graph - -----> statementPart
2021-11-19T10:23:51,966|[TRACE] graph - -------> nonSkippedChar
2021-11-19T10:23:51,966|[TRACE] script - #out(`_`) [token]
2021-11-19T10:23:51,966|[TRACE] graph - <------- nonSkippedChar
2021-11-19T10:23:51,966|[TRACE] graph - <----- statementPart
2021-11-19T10:23:51,966|[TRACE] graph - -----> statementPart
2021-11-19T10:23:51,966|[TRACE] graph - -------> nonSkippedChar
2021-11-19T10:23:51,966|[TRACE] script - #out(`C`) [token]
2021-11-19T10:23:51,966|[TRACE] graph - <------- nonSkippedChar
2021-11-19T10:23:51,966|[TRACE] graph - <----- statementPart
2021-11-19T10:23:51,966|[TRACE] graph - -----> statementPart
2021-11-19T10:23:51,966|[TRACE] graph - -------> nonSkippedChar
2021-11-19T10:23:51,966|[TRACE] script - #out(`H`) [token]
2021-11-19T10:23:51,966|[TRACE] graph - <------- nonSkippedChar
2021-11-19T10:23:51,966|[TRACE] graph - <----- statementPart
2021-11-19T10:23:51,966|[TRACE] graph - -----> statementPart
2021-11-19T10:23:51,966|[TRACE] graph - -------> nonSkippedChar
2021-11-19T10:23:51,966|[TRACE] script - #out(`E`) [token]
2021-11-19T10:23:51,966|[TRACE] graph - <------- nonSkippedChar
2021-11-19T10:23:51,966|[TRACE] graph - <----- statementPart
2021-11-19T10:23:51,966|[TRACE] graph - -----> statementPart
2021-11-19T10:23:51,966|[TRACE] graph - -------> nonSkippedChar
2021-11-19T10:23:51,966|[TRACE] script - #out(`C`) [token]
2021-11-19T10:23:51,966|[TRACE] graph - <------- nonSkippedChar
2021-11-19T10:23:51,966|[TRACE] graph - <----- statementPart
2021-11-19T10:23:51,966|[TRACE] graph - -----> statementPart
2021-11-19T10:23:51,966|[TRACE] graph - -------> nonSkippedChar
2021-11-19T10:23:51,966|[TRACE] script - #out(`K`) [token]
2021-11-19T10:23:51,966|[TRACE] graph - <------- nonSkippedChar
2021-11-19T10:23:51,966|[TRACE] graph - <----- statementPart
2021-11-19T10:23:51,966|[TRACE] graph - -----> statementPart
2021-11-19T10:23:51,966|[TRACE] graph - -------> nonSkippedChar
2021-11-19T10:23:51,966|[TRACE] script - #out(`S`) [token]
2021-11-19T10:23:51,966|[TRACE] graph - <------- nonSkippedChar
2021-11-19T10:23:51,966|[TRACE] graph - <----- statementPart
2021-11-19T10:23:51,966|[TRACE] graph - -----> statementPart
2021-11-19T10:23:51,966|[TRACE] graph - -------> nonSkippedChar
2021-11-19T10:23:51,966|[TRACE] script - #out(`=`) [token]
2021-11-19T10:23:51,966|[TRACE] graph - <------- nonSkippedChar
2021-11-19T10:23:51,966|[TRACE] graph - <----- statementPart
2021-11-19T10:23:51,966|[TRACE] graph - -----> statementPart
2021-11-19T10:23:51,966|[TRACE] graph - -------> nonSkippedChar
2021-11-19T10:23:51,966|[TRACE] script - #out(`@`) [token]
2021-11-19T10:23:51,966|[TRACE] graph - <------- nonSkippedChar
2021-11-19T10:23:51,966|[TRACE] graph - <----- statementPart
2021-11-19T10:23:51,966|[TRACE] graph - -----> statementPart
2021-11-19T10:23:51,966|[TRACE] graph - -------> nonSkippedChar
2021-11-19T10:23:51,966|[TRACE] script - #out(`O`) [token]
2021-11-19T10:23:51,966|[TRACE] graph - <------- nonSkippedChar
2021-11-19T10:23:51,966|[TRACE] graph - <----- statementPart
2021-11-19T10:23:51,966|[TRACE] graph - -----> statementPart
2021-11-19T10:23:51,966|[TRACE] graph - -------> nonSkippedChar
2021-11-19T10:23:51,966|[TRACE] script - #out(`L`) [token]
2021-11-19T10:23:51,966|[TRACE] graph - <------- nonSkippedChar
2021-11-19T10:23:51,966|[TRACE] graph - <----- statementPart
2021-11-19T10:23:51,966|[TRACE] graph - -----> statementPart
2021-11-19T10:23:51,966|[TRACE] graph - -------> nonSkippedChar
2021-11-19T10:23:51,966|[TRACE] script - #out(`D`) [token]
2021-11-19T10:23:51,966|[TRACE] graph - <------- nonSkippedChar
2021-11-19T10:23:51,966|[TRACE] graph - <----- statementPart
2021-11-19T10:23:51,966|[TRACE] graph - -----> statementPart
2021-11-19T10:23:51,966|[TRACE] graph - -------> nonSkippedChar
2021-11-19T10:23:51,966|[TRACE] script - #out(`_`) [token]
2021-11-19T10:23:51,966|[TRACE] graph - <------- nonSkippedChar
2021-11-19T10:23:51,966|[TRACE] graph - <----- statementPart
2021-11-19T10:23:51,966|[TRACE] graph - -----> statementPart
2021-11-19T10:23:51,966|[TRACE] graph - -------> nonSkippedChar
2021-11-19T10:23:51,966|[TRACE] script - #out(`F`) [token]
2021-11-19T10:23:51,966|[TRACE] graph - <------- nonSkippedChar
2021-11-19T10:23:51,966|[TRACE] graph - <----- statementPart
2021-11-19T10:23:51,966|[TRACE] graph - -----> statementPart
2021-11-19T10:23:51,966|[TRACE] graph - -------> nonSkippedChar
2021-11-19T10:23:51,966|[TRACE] script - #out(`O`) [token]
2021-11-19T10:23:51,966|[TRACE] graph - <------- nonSkippedChar
2021-11-19T10:23:51,966|[TRACE] graph - <----- statementPart
2021-11-19T10:23:51,966|[TRACE] graph - -----> statementPart
2021-11-19T10:23:51,966|[TRACE] graph - -------> nonSkippedChar
2021-11-19T10:23:51,966|[TRACE] script - #out(`R`) [token]
2021-11-19T10:23:51,966|[TRACE] graph - <------- nonSkippedChar
2021-11-19T10:23:51,966|[TRACE] graph - <----- statementPart
2021-11-19T10:23:51,966|[TRACE] graph - -----> statementPart
2021-11-19T10:23:51,966|[TRACE] graph - -------> nonSkippedChar
2021-11-19T10:23:51,966|[TRACE] script - #out(`E`) [token]
2021-11-19T10:23:51,966|[TRACE] graph - <------- nonSkippedChar
2021-11-19T10:23:51,966|[TRACE] graph - <----- statementPart
2021-11-19T10:23:51,967|[TRACE] graph - -----> statementPart
2021-11-19T10:23:51,967|[TRACE] graph - -------> nonSkippedChar
2021-11-19T10:23:51,967|[TRACE] script - #out(`I`) [token]
2021-11-19T10:23:51,967|[TRACE] graph - <------- nonSkippedChar
2021-11-19T10:23:51,967|[TRACE] graph - <----- statementPart
2021-11-19T10:23:51,967|[TRACE] graph - -----> statementPart
2021-11-19T10:23:51,967|[TRACE] graph - -------> nonSkippedChar
2021-11-19T10:23:51,967|[TRACE] script - #out(`G`) [token]
2021-11-19T10:23:51,967|[TRACE] graph - <------- nonSkippedChar
2021-11-19T10:23:51,967|[TRACE] graph - <----- statementPart
2021-11-19T10:23:51,967|[TRACE] graph - -----> statementPart
2021-11-19T10:23:51,967|[TRACE] graph - -------> nonSkippedChar
2021-11-19T10:23:51,967|[TRACE] script - #out(`N`) [token]
2021-11-19T10:23:51,967|[TRACE] graph - <------- nonSkippedChar
2021-11-19T10:23:51,967|[TRACE] graph - <----- statementPart
2021-11-19T10:23:51,967|[TRACE] graph - -----> statementPart
2021-11-19T10:23:51,967|[TRACE] graph - -------> nonSkippedChar
2021-11-19T10:23:51,967|[TRACE] script - #out(`_`) [token]
2021-11-19T10:23:51,967|[TRACE] graph - <------- nonSkippedChar
2021-11-19T10:23:51,967|[TRACE] graph - <----- statementPart
2021-11-19T10:23:51,967|[TRACE] graph - -----> statementPart
2021-11-19T10:23:51,967|[TRACE] graph - -------> nonSkippedChar
2021-11-19T10:23:51,967|[TRACE] script - #out(`K`) [token]
2021-11-19T10:23:51,967|[TRACE] graph - <------- nonSkippedChar
2021-11-19T10:23:51,967|[TRACE] graph - <----- statementPart
2021-11-19T10:23:51,967|[TRACE] graph - -----> statementPart
2021-11-19T10:23:51,967|[TRACE] graph - -------> nonSkippedChar
2021-11-19T10:23:51,967|[TRACE] script - #out(`E`) [token]
2021-11-19T10:23:51,967|[TRACE] graph - <------- nonSkippedChar
2021-11-19T10:23:51,967|[TRACE] graph - <----- statementPart
2021-11-19T10:23:51,967|[TRACE] graph - -----> statementPart
2021-11-19T10:23:51,967|[TRACE] graph - -------> nonSkippedChar
2021-11-19T10:23:51,967|[TRACE] script - #out(`Y`) [token]
2021-11-19T10:23:51,967|[TRACE] graph - <------- nonSkippedChar
2021-11-19T10:23:51,967|[TRACE] graph - <----- statementPart
2021-11-19T10:23:51,967|[TRACE] graph - -----> statementPart
2021-11-19T10:23:51,967|[TRACE] graph - -------> nonSkippedChar
2021-11-19T10:23:51,967|[TRACE] script - #out(`_`) [token]
2021-11-19T10:23:51,967|[TRACE] graph - <------- nonSkippedChar
2021-11-19T10:23:51,967|[TRACE] graph - <----- statementPart
2021-11-19T10:23:51,967|[TRACE] graph - -----> statementPart
2021-11-19T10:23:51,967|[TRACE] graph - -------> nonSkippedChar
2021-11-19T10:23:51,967|[TRACE] script - #out(`C`) [token]
2021-11-19T10:23:51,967|[TRACE] graph - <------- nonSkippedChar
2021-11-19T10:23:51,967|[TRACE] graph - <----- statementPart
2021-11-19T10:23:51,967|[TRACE] graph - -----> statementPart
2021-11-19T10:23:51,967|[TRACE] graph - -------> nonSkippedChar
2021-11-19T10:23:51,967|[TRACE] script - #out(`H`) [token]
2021-11-19T10:23:51,967|[TRACE] graph - <------- nonSkippedChar
2021-11-19T10:23:51,967|[TRACE] graph - <----- statementPart
2021-11-19T10:23:51,967|[TRACE] graph - -----> statementPart
2021-11-19T10:23:51,967|[TRACE] graph - -------> nonSkippedChar
2021-11-19T10:23:51,967|[TRACE] script - #out(`E`) [token]
2021-11-19T10:23:51,967|[TRACE] graph - <------- nonSkippedChar
2021-11-19T10:23:51,967|[TRACE] graph - <----- statementPart
2021-11-19T10:23:51,967|[TRACE] graph - -----> statementPart
2021-11-19T10:23:51,967|[TRACE] graph - -------> nonSkippedChar
2021-11-19T10:23:51,967|[TRACE] script - #out(`C`) [token]
2021-11-19T10:23:51,967|[TRACE] graph - <------- nonSkippedChar
2021-11-19T10:23:51,967|[TRACE] graph - <----- statementPart
2021-11-19T10:23:51,967|[TRACE] graph - -----> statementPart
2021-11-19T10:23:51,967|[TRACE] graph - -------> nonSkippedChar
2021-11-19T10:23:51,967|[TRACE] script - #out(`K`) [token]
2021-11-19T10:23:51,967|[TRACE] graph - <------- nonSkippedChar
2021-11-19T10:23:51,967|[TRACE] graph - <----- statementPart
2021-11-19T10:23:51,967|[TRACE] graph - -----> statementPart
2021-11-19T10:23:51,967|[TRACE] graph - -------> nonSkippedChar
2021-11-19T10:23:51,967|[TRACE] script - #out(`S`) [token]
2021-11-19T10:23:51,967|[TRACE] graph - <------- nonSkippedChar
2021-11-19T10:23:51,967|[TRACE] graph - <----- statementPart
2021-11-19T10:23:51,967|[DEBUG] graph - Import statement : SET FOREIGN_KEY_CHECKS=@OLD_FOREIGN_KEY_CHECKS
2021-11-19T10:23:51,967|[TRACE] graph - <--- statement
2021-11-19T10:23:51,967|[TRACE] graph - ---> blankSpacesToSkip
2021-11-19T10:23:51,967|[TRACE] graph - -----> newLineToSkip
2021-11-19T10:23:51,967|[TRACE] graph - <----- newLineToSkip
2021-11-19T10:23:51,967|[TRACE] graph - <--- blankSpacesToSkip
2021-11-19T10:23:51,967|[TRACE] graph - ---> statement
2021-11-19T10:23:51,967|[TRACE] graph - -----> statementFirstPart
2021-11-19T10:23:51,967|[TRACE] graph - -------> nonSkippedChar
2021-11-19T10:23:51,967|[TRACE] script - #out(`S`) [token]
2021-11-19T10:23:51,967|[TRACE] graph - <------- nonSkippedChar
2021-11-19T10:23:51,967|[TRACE] graph - <----- statementFirstPart
2021-11-19T10:23:51,967|[TRACE] graph - -----> statementPart
2021-11-19T10:23:51,967|[TRACE] graph - -------> nonSkippedChar
2021-11-19T10:23:51,967|[TRACE] script - #out(`E`) [token]
2021-11-19T10:23:51,967|[TRACE] graph - <------- nonSkippedChar
2021-11-19T10:23:51,967|[TRACE] graph - <----- statementPart
2021-11-19T10:23:51,967|[TRACE] graph - -----> statementPart
2021-11-19T10:23:51,967|[TRACE] graph - -------> nonSkippedChar
2021-11-19T10:23:51,967|[TRACE] script - #out(`T`) [token]
2021-11-19T10:23:51,967|[TRACE] graph - <------- nonSkippedChar
2021-11-19T10:23:51,967|[TRACE] graph - <----- statementPart
2021-11-19T10:23:51,967|[TRACE] graph - -----> statementPart
2021-11-19T10:23:51,967|[TRACE] graph - -------> nonSkippedSpace
2021-11-19T10:23:51,967|[TRACE] script - #out(` `) [token]
2021-11-19T10:23:51,967|[TRACE] graph - <------- nonSkippedSpace
2021-11-19T10:23:51,967|[TRACE] graph - <----- statementPart
2021-11-19T10:23:51,967|[TRACE] graph - -----> statementPart
2021-11-19T10:23:51,967|[TRACE] graph - -------> nonSkippedChar
2021-11-19T10:23:51,967|[TRACE] script - #out(`U`) [token]
2021-11-19T10:23:51,967|[TRACE] graph - <------- nonSkippedChar
2021-11-19T10:23:51,967|[TRACE] graph - <----- statementPart
2021-11-19T10:23:51,967|[TRACE] graph - -----> statementPart
2021-11-19T10:23:51,967|[TRACE] graph - -------> nonSkippedChar
2021-11-19T10:23:51,967|[TRACE] script - #out(`N`) [token]
2021-11-19T10:23:51,967|[TRACE] graph - <------- nonSkippedChar
2021-11-19T10:23:51,967|[TRACE] graph - <----- statementPart
2021-11-19T10:23:51,967|[TRACE] graph - -----> statementPart
2021-11-19T10:23:51,967|[TRACE] graph - -------> nonSkippedChar
2021-11-19T10:23:51,967|[TRACE] script - #out(`I`) [token]
2021-11-19T10:23:51,967|[TRACE] graph - <------- nonSkippedChar
2021-11-19T10:23:51,967|[TRACE] graph - <----- statementPart
2021-11-19T10:23:51,967|[TRACE] graph - -----> statementPart
2021-11-19T10:23:51,967|[TRACE] graph - -------> nonSkippedChar
2021-11-19T10:23:51,967|[TRACE] script - #out(`Q`) [token]
2021-11-19T10:23:51,967|[TRACE] graph - <------- nonSkippedChar
2021-11-19T10:23:51,967|[TRACE] graph - <----- statementPart
2021-11-19T10:23:51,967|[TRACE] graph - -----> statementPart
2021-11-19T10:23:51,967|[TRACE] graph - -------> nonSkippedChar
2021-11-19T10:23:51,967|[TRACE] script - #out(`U`) [token]
2021-11-19T10:23:51,967|[TRACE] graph - <------- nonSkippedChar
2021-11-19T10:23:51,967|[TRACE] graph - <----- statementPart
2021-11-19T10:23:51,967|[TRACE] graph - -----> statementPart
2021-11-19T10:23:51,967|[TRACE] graph - -------> nonSkippedChar
2021-11-19T10:23:51,967|[TRACE] script - #out(`E`) [token]
2021-11-19T10:23:51,967|[TRACE] graph - <------- nonSkippedChar
2021-11-19T10:23:51,967|[TRACE] graph - <----- statementPart
2021-11-19T10:23:51,967|[TRACE] graph - -----> statementPart
2021-11-19T10:23:51,967|[TRACE] graph - -------> nonSkippedChar
2021-11-19T10:23:51,967|[TRACE] script - #out(`_`) [token]
2021-11-19T10:23:51,967|[TRACE] graph - <------- nonSkippedChar
2021-11-19T10:23:51,967|[TRACE] graph - <----- statementPart
2021-11-19T10:23:51,967|[TRACE] graph - -----> statementPart
2021-11-19T10:23:51,967|[TRACE] graph - -------> nonSkippedChar
2021-11-19T10:23:51,967|[TRACE] script - #out(`C`) [token]
2021-11-19T10:23:51,967|[TRACE] graph - <------- nonSkippedChar
2021-11-19T10:23:51,967|[TRACE] graph - <----- statementPart
2021-11-19T10:23:51,967|[TRACE] graph - -----> statementPart
2021-11-19T10:23:51,967|[TRACE] graph - -------> nonSkippedChar
2021-11-19T10:23:51,967|[TRACE] script - #out(`H`) [token]
2021-11-19T10:23:51,967|[TRACE] graph - <------- nonSkippedChar
2021-11-19T10:23:51,967|[TRACE] graph - <----- statementPart
2021-11-19T10:23:51,967|[TRACE] graph - -----> statementPart
2021-11-19T10:23:51,967|[TRACE] graph - -------> nonSkippedChar
2021-11-19T10:23:51,967|[TRACE] script - #out(`E`) [token]
2021-11-19T10:23:51,967|[TRACE] graph - <------- nonSkippedChar
2021-11-19T10:23:51,967|[TRACE] graph - <----- statementPart
2021-11-19T10:23:51,967|[TRACE] graph - -----> statementPart
2021-11-19T10:23:51,967|[TRACE] graph - -------> nonSkippedChar
2021-11-19T10:23:51,967|[TRACE] script - #out(`C`) [token]
2021-11-19T10:23:51,967|[TRACE] graph - <------- nonSkippedChar
2021-11-19T10:23:51,967|[TRACE] graph - <----- statementPart
2021-11-19T10:23:51,967|[TRACE] graph - -----> statementPart
2021-11-19T10:23:51,967|[TRACE] graph - -------> nonSkippedChar
2021-11-19T10:23:51,967|[TRACE] script - #out(`K`) [token]
2021-11-19T10:23:51,967|[TRACE] graph - <------- nonSkippedChar
2021-11-19T10:23:51,967|[TRACE] graph - <----- statementPart
2021-11-19T10:23:51,967|[TRACE] graph - -----> statementPart
2021-11-19T10:23:51,967|[TRACE] graph - -------> nonSkippedChar
2021-11-19T10:23:51,967|[TRACE] script - #out(`S`) [token]
2021-11-19T10:23:51,967|[TRACE] graph - <------- nonSkippedChar
2021-11-19T10:23:51,967|[TRACE] graph - <----- statementPart
2021-11-19T10:23:51,967|[TRACE] graph - -----> statementPart
2021-11-19T10:23:51,967|[TRACE] graph - -------> nonSkippedChar
2021-11-19T10:23:51,967|[TRACE] script - #out(`=`) [token]
2021-11-19T10:23:51,967|[TRACE] graph - <------- nonSkippedChar
2021-11-19T10:23:51,967|[TRACE] graph - <----- statementPart
2021-11-19T10:23:51,967|[TRACE] graph - -----> statementPart
2021-11-19T10:23:51,967|[TRACE] graph - -------> nonSkippedChar
2021-11-19T10:23:51,967|[TRACE] script - #out(`@`) [token]
2021-11-19T10:23:51,967|[TRACE] graph - <------- nonSkippedChar
2021-11-19T10:23:51,967|[TRACE] graph - <----- statementPart
2021-11-19T10:23:51,967|[TRACE] graph - -----> statementPart
2021-11-19T10:23:51,967|[TRACE] graph - -------> nonSkippedChar
2021-11-19T10:23:51,967|[TRACE] script - #out(`O`) [token]
2021-11-19T10:23:51,967|[TRACE] graph - <------- nonSkippedChar
2021-11-19T10:23:51,967|[TRACE] graph - <----- statementPart
2021-11-19T10:23:51,967|[TRACE] graph - -----> statementPart
2021-11-19T10:23:51,967|[TRACE] graph - -------> nonSkippedChar
2021-11-19T10:23:51,967|[TRACE] script - #out(`L`) [token]
2021-11-19T10:23:51,967|[TRACE] graph - <------- nonSkippedChar
2021-11-19T10:23:51,967|[TRACE] graph - <----- statementPart
2021-11-19T10:23:51,967|[TRACE] graph - -----> statementPart
2021-11-19T10:23:51,967|[TRACE] graph - -------> nonSkippedChar
2021-11-19T10:23:51,967|[TRACE] script - #out(`D`) [token]
2021-11-19T10:23:51,967|[TRACE] graph - <------- nonSkippedChar
2021-11-19T10:23:51,967|[TRACE] graph - <----- statementPart
2021-11-19T10:23:51,967|[TRACE] graph - -----> statementPart
2021-11-19T10:23:51,967|[TRACE] graph - -------> nonSkippedChar
2021-11-19T10:23:51,967|[TRACE] script - #out(`_`) [token]
2021-11-19T10:23:51,967|[TRACE] graph - <------- nonSkippedChar
2021-11-19T10:23:51,967|[TRACE] graph - <----- statementPart
2021-11-19T10:23:51,967|[TRACE] graph - -----> statementPart
2021-11-19T10:23:51,967|[TRACE] graph - -------> nonSkippedChar
2021-11-19T10:23:51,967|[TRACE] script - #out(`U`) [token]
2021-11-19T10:23:51,967|[TRACE] graph - <------- nonSkippedChar
2021-11-19T10:23:51,967|[TRACE] graph - <----- statementPart
2021-11-19T10:23:51,967|[TRACE] graph - -----> statementPart
2021-11-19T10:23:51,967|[TRACE] graph - -------> nonSkippedChar
2021-11-19T10:23:51,967|[TRACE] script - #out(`N`) [token]
2021-11-19T10:23:51,967|[TRACE] graph - <------- nonSkippedChar
2021-11-19T10:23:51,967|[TRACE] graph - <----- statementPart
2021-11-19T10:23:51,967|[TRACE] graph - -----> statementPart
2021-11-19T10:23:51,967|[TRACE] graph - -------> nonSkippedChar
2021-11-19T10:23:51,967|[TRACE] script - #out(`I`) [token]
2021-11-19T10:23:51,967|[TRACE] graph - <------- nonSkippedChar
2021-11-19T10:23:51,967|[TRACE] graph - <----- statementPart
2021-11-19T10:23:51,967|[TRACE] graph - -----> statementPart
2021-11-19T10:23:51,967|[TRACE] graph - -------> nonSkippedChar
2021-11-19T10:23:51,967|[TRACE] script - #out(`Q`) [token]
2021-11-19T10:23:51,967|[TRACE] graph - <------- nonSkippedChar
2021-11-19T10:23:51,967|[TRACE] graph - <----- statementPart
2021-11-19T10:23:51,967|[TRACE] graph - -----> statementPart
2021-11-19T10:23:51,967|[TRACE] graph - -------> nonSkippedChar
2021-11-19T10:23:51,967|[TRACE] script - #out(`U`) [token]
2021-11-19T10:23:51,967|[TRACE] graph - <------- nonSkippedChar
2021-11-19T10:23:51,967|[TRACE] graph - <----- statementPart
2021-11-19T10:23:51,967|[TRACE] graph - -----> statementPart
2021-11-19T10:23:51,967|[TRACE] graph - -------> nonSkippedChar
2021-11-19T10:23:51,967|[TRACE] script - #out(`E`) [token]
2021-11-19T10:23:51,967|[TRACE] graph - <------- nonSkippedChar
2021-11-19T10:23:51,967|[TRACE] graph - <----- statementPart
2021-11-19T10:23:51,967|[TRACE] graph - -----> statementPart
2021-11-19T10:23:51,967|[TRACE] graph - -------> nonSkippedChar
2021-11-19T10:23:51,967|[TRACE] script - #out(`_`) [token]
2021-11-19T10:23:51,967|[TRACE] graph - <------- nonSkippedChar
2021-11-19T10:23:51,967|[TRACE] graph - <----- statementPart
2021-11-19T10:23:51,967|[TRACE] graph - -----> statementPart
2021-11-19T10:23:51,967|[TRACE] graph - -------> nonSkippedChar
2021-11-19T10:23:51,967|[TRACE] script - #out(`C`) [token]
2021-11-19T10:23:51,967|[TRACE] graph - <------- nonSkippedChar
2021-11-19T10:23:51,967|[TRACE] graph - <----- statementPart
2021-11-19T10:23:51,967|[TRACE] graph - -----> statementPart
2021-11-19T10:23:51,967|[TRACE] graph - -------> nonSkippedChar
2021-11-19T10:23:51,967|[TRACE] script - #out(`H`) [token]
2021-11-19T10:23:52,027|[TRACE] graph - <------- nonSkippedChar
2021-11-19T10:23:52,027|[TRACE] graph - <----- statementPart
2021-11-19T10:23:52,027|[TRACE] graph - -----> statementPart
2021-11-19T10:23:52,027|[TRACE] graph - -------> nonSkippedChar
2021-11-19T10:23:52,027|[TRACE] script - #out(`E`) [token]
2021-11-19T10:23:52,027|[TRACE] graph - <------- nonSkippedChar
2021-11-19T10:23:52,027|[TRACE] graph - <----- statementPart
2021-11-19T10:23:52,027|[TRACE] graph - -----> statementPart
2021-11-19T10:23:52,027|[TRACE] graph - -------> nonSkippedChar
2021-11-19T10:23:52,027|[TRACE] script - #out(`C`) [token]
2021-11-19T10:23:52,027|[TRACE] graph - <------- nonSkippedChar
2021-11-19T10:23:52,027|[TRACE] graph - <----- statementPart
2021-11-19T10:23:52,027|[TRACE] graph - -----> statementPart
2021-11-19T10:23:52,027|[TRACE] graph - -------> nonSkippedChar
2021-11-19T10:23:52,027|[TRACE] script - #out(`K`) [token]
2021-11-19T10:23:52,027|[TRACE] graph - <------- nonSkippedChar
2021-11-19T10:23:52,027|[TRACE] graph - <----- statementPart
2021-11-19T10:23:52,027|[TRACE] graph - -----> statementPart
2021-11-19T10:23:52,027|[TRACE] graph - -------> nonSkippedChar
2021-11-19T10:23:52,027|[TRACE] script - #out(`S`) [token]
2021-11-19T10:23:52,027|[TRACE] graph - <------- nonSkippedChar
2021-11-19T10:23:52,027|[TRACE] graph - <----- statementPart
2021-11-19T10:23:52,027|[DEBUG] graph - Import statement : SET UNIQUE_CHECKS=@OLD_UNIQUE_CHECKS
2021-11-19T10:23:52,027|[TRACE] graph - <--- statement
2021-11-19T10:23:52,027|[TRACE] graph - ---> blankSpacesToSkip
2021-11-19T10:23:52,027|[TRACE] graph - -----> newLineToSkip
2021-11-19T10:23:52,027|[TRACE] graph - <----- newLineToSkip
2021-11-19T10:23:52,027|[TRACE] graph - <--- blankSpacesToSkip
2021-11-19T10:23:52,027|[TRACE] graph - <- script
2021-11-19T10:23:52,027|[DEBUG] SQL - 
    
    SET @OLD_UNIQUE_CHECKS=@@UNIQUE_CHECKS, UNIQUE_CHECKS=0
2021-11-19T10:23:52,027|[INFO ] access - HHH10001501: Connection obtained from JdbcConnectionAccess [org.hibernate.engine.jdbc.env.internal.JdbcEnvironmentInitiator$ConnectionProviderJdbcConnectionAccess@4468c0ea] for (non-JTA) DDL execution was not in auto-commit mode; the Connection 'local transaction' will be committed and the Connection will be set into auto-commit mode.
2021-11-19T10:23:52,028|[DEBUG] SQL - 
    
    SET @OLD_FOREIGN_KEY_CHECKS=@@FOREIGN_KEY_CHECKS, FOREIGN_KEY_CHECKS=0
2021-11-19T10:23:52,028|[DEBUG] SQL - 
    
    SET @OLD_SQL_MODE=@@SQL_MODE, SQL_MODE='ONLY_FULL_GROUP_BY,STRICT_TRANS_TABLES,NO_ZERO_IN_DATE,NO_ZERO_DATE,ERROR_FOR_DIVISION_BY_ZERO,NO_ENGINE_SUBSTITUTION'
2021-11-19T10:23:52,028|[DEBUG] SQL - CREATE SCHEMA IF NOT EXISTS `bloodbank` DEFAULT CHARACTER SET utf8mb4 COLLATE utf8mb4_0900_ai_ci
2021-11-19T10:23:52,038|[DEBUG] SQL - 
    
    USE `bloodbank`
2021-11-19T10:23:52,039|[DEBUG] SQL - 
    
    CREATE TABLE IF NOT EXISTS `bloodbank`.`person` (
          `id` INT NOT NULL AUTO_INCREMENT,
          `first_name` VARCHAR(50) NOT NULL,
          `last_name` VARCHAR(50) NOT NULL,
          `created` BIGINT NOT NULL DEFAULT (unix_timestamp(now()) * 1000),
          `updated` BIGINT NOT NULL DEFAULT (unix_timestamp(now()) * 1000),
          `version` INT NOT NULL DEFAULT '1',
          PRIMARY KEY (`id`)
    ) ENGINE = InnoDB DEFAULT CHARACTER SET = utf8mb4 COLLATE = utf8mb4_0900_ai_ci
2021-11-19T10:23:52,069|[DEBUG] SQL - 
    
    CREATE TABLE IF NOT EXISTS `bloodbank`.`blood_bank` (
          `bank_id` INT NOT NULL AUTO_INCREMENT,
          `name` VARCHAR(100) NOT NULL,
          `privately_owned` BIT(1) NOT NULL,
          `created` BIGINT NOT NULL DEFAULT (unix_timestamp(now()) * 1000),
          `updated` BIGINT NOT NULL DEFAULT (unix_timestamp(now()) * 1000),
          `version` INT NOT NULL DEFAULT 1,
          PRIMARY KEY (`bank_id`),
          UNIQUE INDEX `name_UNIQUE` (`name` ASC) VISIBLE
    ) ENGINE = InnoDB
2021-11-19T10:23:52,109|[DEBUG] SQL - 
    
    CREATE TABLE IF NOT EXISTS `bloodbank`.`blood_donation` (
          `donation_id` INT NOT NULL AUTO_INCREMENT,
          `bank_id` INT NOT NULL,
          `milliliters` INT NOT NULL,
          `blood_group` CHAR(2) NOT NULL,
          `rhd` BIT(1) NOT NULL,
          `created` BIGINT NOT NULL DEFAULT (unix_timestamp(now()) * 1000),
          `updated` BIGINT NOT NULL DEFAULT (unix_timestamp(now()) * 1000),
          `version` INT NOT NULL DEFAULT 1,
          PRIMARY KEY (`donation_id`),
          INDEX `fk_blood_donation_blood_bank1_idx` (`bank_id` ASC) VISIBLE,
          CONSTRAINT `fk_blood_donation_blood_bank1`     FOREIGN KEY (`bank_id`)     REFERENCES `bloodbank`.`blood_bank` (`bank_id`)     ON DELETE NO ACTION     ON UPDATE NO ACTION
    ) ENGINE = InnoDB
2021-11-19T10:23:52,143|[DEBUG] SQL - 
    
    CREATE TABLE IF NOT EXISTS `bloodbank`.`donation_record` (
          `record_id` INT NOT NULL AUTO_INCREMENT,
          `person_id` INT NOT NULL,
          `donation_id` INT NULL,
          `tested` BIT(1) NOT NULL,
          `created` BIGINT NOT NULL DEFAULT (unix_timestamp(now()) * 1000),
          `updated` BIGINT NOT NULL DEFAULT (unix_timestamp(now()) * 1000),
          `version` INT NOT NULL DEFAULT 1,
          INDEX `fk_donation_record_person1_idx` (`person_id` ASC) VISIBLE,
          INDEX `fk_donation_record_blood_donation1_idx` (`donation_id` ASC) VISIBLE,
          UNIQUE INDEX `record_id_UNIQUE` (`record_id` ASC) VISIBLE,
          PRIMARY KEY (`record_id`),
          CONSTRAINT `fk_donation_record_person1`     FOREIGN KEY (`person_id`)     REFERENCES `bloodbank`.`person` (`id`)     ON DELETE NO ACTION     ON UPDATE NO ACTION,
          CONSTRAINT `fk_donation_record_blood_donation1`     FOREIGN KEY (`donation_id`)     REFERENCES `bloodbank`.`blood_donation` (`donation_id`)     ON DELETE NO ACTION     ON UPDATE NO ACTION
    ) ENGINE = InnoDB
2021-11-19T10:23:52,191|[DEBUG] SQL - 
    
    CREATE TABLE IF NOT EXISTS `bloodbank`.`address` (
          `address_id` INT NOT NULL AUTO_INCREMENT,
          `street_number` VARCHAR(10) NOT NULL,
          `street` VARCHAR(100) NOT NULL,
          `city` VARCHAR(100) NOT NULL,
          `province` VARCHAR(100) NOT NULL,
          `country` VARCHAR(100) NOT NULL,
          `zipcode` VARCHAR(100) NOT NULL,
          `created` BIGINT NOT NULL DEFAULT (unix_timestamp(now()) * 1000),
          `updated` BIGINT NOT NULL DEFAULT (unix_timestamp(now()) * 1000),
          `version` INT NOT NULL DEFAULT 1,
          PRIMARY KEY (`address_id`)
    ) ENGINE = InnoDB
2021-11-19T10:23:52,215|[DEBUG] SQL - 
    
    CREATE TABLE IF NOT EXISTS `bloodbank`.`phone` (
          `phone_id` INT NOT NULL AUTO_INCREMENT,
          `country_code` VARCHAR(10) NOT NULL DEFAULT '1',
          `area_code` VARCHAR(10) NOT NULL,
          `number` VARCHAR(10) NOT NULL,
          `created` BIGINT NOT NULL DEFAULT (unix_timestamp(now()) * 1000),
          `updated` BIGINT NOT NULL DEFAULT (unix_timestamp(now()) * 1000),
          `version` INT NOT NULL DEFAULT 1,
          PRIMARY KEY (`phone_id`)
    ) ENGINE = InnoDB
2021-11-19T10:23:52,238|[DEBUG] SQL - 
    
    CREATE TABLE IF NOT EXISTS `bloodbank`.`contact` (
          `person_id` INT NOT NULL,
          `phone_id` INT NOT NULL,
          `contact_type` VARCHAR(10) NOT NULL,
          `email` VARCHAR(100) NULL,
          `address_id` INT NULL,
          `created` BIGINT NOT NULL DEFAULT (unix_timestamp(now()) * 1000),
          `updated` BIGINT NOT NULL DEFAULT (unix_timestamp(now()) * 1000),
          `version` INT NOT NULL DEFAULT 1,
          PRIMARY KEY (`person_id`, `phone_id`),
          INDEX `fk_contact_phone1_idx` (`phone_id` ASC) VISIBLE,
          INDEX `fk_contact_person1_idx` (`person_id` ASC) VISIBLE,
          CONSTRAINT `fk_contact_address1`     FOREIGN KEY (`address_id`)     REFERENCES `bloodbank`.`address` (`address_id`)     ON DELETE NO ACTION     ON UPDATE NO ACTION,
          CONSTRAINT `fk_contact_phone1`     FOREIGN KEY (`phone_id`)     REFERENCES `bloodbank`.`phone` (`phone_id`)     ON DELETE NO ACTION     ON UPDATE NO ACTION,
          CONSTRAINT `fk_contact_person1`     FOREIGN KEY (`person_id`)     REFERENCES `bloodbank`.`person` (`id`)     ON DELETE NO ACTION     ON UPDATE NO ACTION
    ) ENGINE = InnoDB
2021-11-19T10:23:52,292|[DEBUG] SQL - 
    
    SET SQL_MODE=@OLD_SQL_MODE
2021-11-19T10:23:52,292|[DEBUG] SQL - 
    
    SET FOREIGN_KEY_CHECKS=@OLD_FOREIGN_KEY_CHECKS
2021-11-19T10:23:52,293|[DEBUG] SQL - 
    
    SET UNIQUE_CHECKS=@OLD_UNIQUE_CHECKS
2021-11-19T10:23:52,294|[TRACE] AbstractServiceRegistryImpl - Initializing service [role=org.hibernate.engine.transaction.jta.platform.spi.JtaPlatform]
2021-11-19T10:23:52,294|[DEBUG] JtaPlatformInitiator - No JtaPlatform was specified, checking resolver
2021-11-19T10:23:52,294|[TRACE] AbstractServiceRegistryImpl - Initializing service [role=org.hibernate.engine.transaction.jta.platform.spi.JtaPlatformResolver]
2021-11-19T10:23:52,294|[DEBUG] JtaPlatformResolverInitiator - No JtaPlatformResolver was specified, using default [org.hibernate.engine.transaction.jta.platform.internal.StandardJtaPlatformResolver]
2021-11-19T10:23:52,296|[DEBUG] StandardJtaPlatformResolver - Could not resolve JtaPlatform, using default [org.hibernate.engine.transaction.jta.platform.internal.NoJtaPlatform]
2021-11-19T10:23:52,296|[INFO ] JtaPlatformInitiator - HHH000490: Using JtaPlatform implementation: [org.hibernate.engine.transaction.jta.platform.internal.NoJtaPlatform]
2021-11-19T10:23:52,297|[DEBUG] NamedQueryRepository - Checking 2 named HQL queries
2021-11-19T10:23:52,297|[DEBUG] NamedQueryRepository - Checking named query: Contact.findAll
2021-11-19T10:23:52,297|[TRACE] AbstractServiceRegistryImpl - Initializing service [role=org.hibernate.stat.spi.StatisticsImplementor]
2021-11-19T10:23:52,297|[DEBUG] StatisticsInitiator - Statistics initialized [enabled=false]
2021-11-19T10:23:52,297|[TRACE] AbstractServiceRegistryImpl - Initializing service [role=org.hibernate.jmx.spi.JmxService]
2021-11-19T10:23:52,297|[TRACE] QueryPlanCache - Unable to locate HQL query plan in cache; generating (SELECT c FROM Contact c)
2021-11-19T10:23:52,297|[TRACE] AbstractServiceRegistryImpl - Initializing service [role=org.hibernate.hql.spi.QueryTranslatorFactory]
2021-11-19T10:23:52,297|[DEBUG] QueryTranslatorFactoryInitiator - QueryTranslatorFactory: org.hibernate.hql.internal.ast.ASTQueryTranslatorFactory@38a96593
2021-11-19T10:23:52,297|[DEBUG] QueryTranslatorImpl - parse() - HQL: SELECT c FROM bloodbank.entity.Contact c
2021-11-19T10:23:52,297|[TRACE] HqlParser - -> statement
2021-11-19T10:23:52,297|[TRACE] HqlParser - ---> selectStatement
2021-11-19T10:23:52,297|[TRACE] HqlParser - -----> queryRule
2021-11-19T10:23:52,297|[TRACE] HqlParser - -------> selectFrom
2021-11-19T10:23:52,297|[TRACE] HqlParser - ---------> selectClause
2021-11-19T10:23:52,297|[TRACE] HqlParser - -----------> selectedPropertiesList
2021-11-19T10:23:52,297|[TRACE] HqlParser - -------------> aliasedExpression
2021-11-19T10:23:52,297|[TRACE] HqlParser - ---------------> expression
2021-11-19T10:23:52,297|[TRACE] HqlParser - -----------------> logicalOrExpression
2021-11-19T10:23:52,297|[TRACE] HqlParser - -------------------> logicalAndExpression
2021-11-19T10:23:52,297|[TRACE] HqlParser - ---------------------> negatedExpression
2021-11-19T10:23:52,297|[TRACE] HqlParser - -----------------------> equalityExpression
2021-11-19T10:23:52,297|[TRACE] HqlParser - -------------------------> relationalExpression
2021-11-19T10:23:52,297|[TRACE] HqlParser - ---------------------------> concatenation
2021-11-19T10:23:52,297|[TRACE] HqlParser - -----------------------------> additiveExpression
2021-11-19T10:23:52,297|[TRACE] HqlParser - -------------------------------> multiplyExpression
2021-11-19T10:23:52,297|[TRACE] HqlParser - ---------------------------------> unaryExpression
2021-11-19T10:23:52,297|[TRACE] HqlParser - -----------------------------------> atom
2021-11-19T10:23:52,297|[TRACE] HqlParser - -------------------------------------> primaryExpression
2021-11-19T10:23:52,297|[TRACE] HqlParser - ---------------------------------------> identPrimary
2021-11-19T10:23:52,297|[TRACE] HqlParser - -----------------------------------------> identPrimaryBase
2021-11-19T10:23:52,297|[TRACE] HqlParser - -------------------------------------------> identifier
2021-11-19T10:23:52,297|[TRACE] HqlParser - <------------------------------------------- identifier
2021-11-19T10:23:52,297|[TRACE] HqlParser - <----------------------------------------- identPrimaryBase
2021-11-19T10:23:52,297|[TRACE] HqlParser - <--------------------------------------- identPrimary
2021-11-19T10:23:52,297|[TRACE] HqlParser - <------------------------------------- primaryExpression
2021-11-19T10:23:52,297|[TRACE] HqlParser - <----------------------------------- atom
2021-11-19T10:23:52,297|[TRACE] HqlParser - <--------------------------------- unaryExpression
2021-11-19T10:23:52,297|[TRACE] HqlParser - <------------------------------- multiplyExpression
2021-11-19T10:23:52,297|[TRACE] HqlParser - <----------------------------- additiveExpression
2021-11-19T10:23:52,297|[TRACE] HqlParser - <--------------------------- concatenation
2021-11-19T10:23:52,297|[TRACE] HqlParser - <------------------------- relationalExpression
2021-11-19T10:23:52,297|[TRACE] HqlParser - <----------------------- equalityExpression
2021-11-19T10:23:52,297|[TRACE] HqlParser - <--------------------- negatedExpression
2021-11-19T10:23:52,297|[TRACE] HqlParser - <------------------- logicalAndExpression
2021-11-19T10:23:52,297|[TRACE] HqlParser - <----------------- logicalOrExpression
2021-11-19T10:23:52,297|[TRACE] HqlParser - <--------------- expression
2021-11-19T10:23:52,297|[TRACE] HqlParser - <------------- aliasedExpression
2021-11-19T10:23:52,297|[TRACE] HqlParser - <----------- selectedPropertiesList
2021-11-19T10:23:52,297|[TRACE] HqlParser - <--------- selectClause
2021-11-19T10:23:52,297|[TRACE] HqlParser - ---------> fromClause
2021-11-19T10:23:52,297|[TRACE] HqlParser - -----------> fromRange
2021-11-19T10:23:52,297|[TRACE] HqlParser - -------------> fromClassOrOuterQueryPath
2021-11-19T10:23:52,297|[TRACE] HqlParser - ---------------> path
2021-11-19T10:23:52,297|[TRACE] HqlParser - -----------------> identifier
2021-11-19T10:23:52,297|[TRACE] HqlParser - <----------------- identifier
2021-11-19T10:23:52,297|[TRACE] HqlParser - -----------------> identifier
2021-11-19T10:23:52,297|[TRACE] HqlParser - <----------------- identifier
2021-11-19T10:23:52,297|[TRACE] HqlParser - -----------------> identifier
2021-11-19T10:23:52,297|[TRACE] HqlParser - <----------------- identifier
2021-11-19T10:23:52,297|[TRACE] HqlParser - <--------------- path
2021-11-19T10:23:52,297|[TRACE] HqlParser - ---------------> asAlias
2021-11-19T10:23:52,297|[TRACE] HqlParser - -----------------> alias
2021-11-19T10:23:52,297|[TRACE] HqlParser - -------------------> identifier
2021-11-19T10:23:52,297|[TRACE] HqlParser - <------------------- identifier
2021-11-19T10:23:52,297|[TRACE] HqlParser - <----------------- alias
2021-11-19T10:23:52,297|[TRACE] HqlParser - <--------------- asAlias
2021-11-19T10:23:52,297|[TRACE] HqlParser - <------------- fromClassOrOuterQueryPath
2021-11-19T10:23:52,297|[TRACE] HqlParser - <----------- fromRange
2021-11-19T10:23:52,297|[TRACE] HqlParser - <--------- fromClause
2021-11-19T10:23:52,297|[TRACE] HqlParser - <------- selectFrom
2021-11-19T10:23:52,297|[TRACE] HqlParser - <----- queryRule
2021-11-19T10:23:52,297|[TRACE] HqlParser - <--- selectStatement
2021-11-19T10:23:52,297|[TRACE] HqlParser - <- statement
2021-11-19T10:23:52,297|[DEBUG] ErrorTracker - throwQueryException() : no errors
2021-11-19T10:23:52,297|[DEBUG] QueryTranslatorImpl - --- HQL AST ---
 \-[QUERY] Node: 'query'
    \-[SELECT_FROM] Node: 'SELECT_FROM'
       +-[FROM] Node: 'FROM'
       |  \-[RANGE] Node: 'RANGE'
       |     +-[DOT] Node: '.'
       |     |  +-[DOT] Node: '.'
       |     |  |  +-[IDENT] Node: 'bloodbank'
       |     |  |  \-[IDENT] Node: 'entity'
       |     |  \-[IDENT] Node: 'Contact'
       |     \-[ALIAS] Node: 'c'
       \-[SELECT] Node: 'SELECT'
          \-[IDENT] Node: 'c'

2021-11-19T10:23:52,298|[DEBUG] HqlSqlBaseWalker - select << begin [level=1, statement=select]
2021-11-19T10:23:52,298|[DEBUG] FromElement - FromClause{level=1} : bloodbank.entity.Contact (c) -> contact0_
2021-11-19T10:23:52,298|[DEBUG] FromReferenceNode - Resolved : c -> contact0_.person_id, contact0_.phone_id
2021-11-19T10:23:52,298|[DEBUG] HqlSqlBaseWalker - select : finishing up [level=1, statement=select]
2021-11-19T10:23:52,298|[DEBUG] HqlSqlWalker - processQuery() :  ( SELECT ( {select clause} contact0_.person_id, contact0_.phone_id ) ( FromClause{level=1} contact contact0_ ) )
2021-11-19T10:23:52,298|[DEBUG] JoinProcessor - Tables referenced from query nodes:
 \-QueryNode
    +-SelectClause
    | referencedTables(entity Contact): [contact]
    |  +-IdentNode
    |  | persister: SingleTableEntityPersister(bloodbank.entity.Contact)
    |  | originalText: c
    |  \-SqlFragment
    \-FromClause
       \-FromElement

2021-11-19T10:23:52,298|[DEBUG] JoinProcessor - Using FROM fragment [contact contact0_]
2021-11-19T10:23:52,298|[DEBUG] HqlSqlBaseWalker - select >> end [level=1, statement=select]
2021-11-19T10:23:52,298|[DEBUG] QueryTranslatorImpl - --- SQL AST ---
 \-[SELECT] QueryNode: 'SELECT'  querySpaces (contact)
    +-[SELECT_CLAUSE] SelectClause: '{select clause}'
    |  +-[ALIAS_REF] IdentNode: 'contact0_.person_id as person_i1_3_, contact0_.phone_id as phone_id2_3_' {alias=c, className=bloodbank.entity.Contact, tableAlias=contact0_}
    |  \-[SQL_TOKEN] SqlFragment: 'contact0_.created as created3_3_, contact0_.updated as updated4_3_, contact0_.version as version5_3_, contact0_.address_id as address_8_3_, contact0_.contact_type as contact_6_3_, contact0_.email as email7_3_'
    \-[FROM] FromClause: 'FROM' FromClause{level=1, fromElementCounter=1, fromElements=1, fromElementByClassAlias=[c], fromElementByTableAlias=[contact0_], fromElementsByPath=[], collectionJoinFromElementsByPath=[], impliedElements=[]}
       \-[FROM_FRAGMENT] FromElement: 'contact contact0_' FromElement{explicit,not a collection join,not a fetch join,fetch non-lazy properties,classAlias=c,role=null,tableName=contact,tableAlias=contact0_,origin=null,columns={,className=bloodbank.entity.Contact}}

2021-11-19T10:23:52,298|[DEBUG] ErrorTracker - throwQueryException() : no errors
2021-11-19T10:23:52,298|[DEBUG] QueryTranslatorImpl - HQL: SELECT c FROM bloodbank.entity.Contact c
2021-11-19T10:23:52,298|[DEBUG] QueryTranslatorImpl - SQL: select contact0_.person_id as person_i1_3_, contact0_.phone_id as phone_id2_3_, contact0_.created as created3_3_, contact0_.updated as updated4_3_, contact0_.version as version5_3_, contact0_.address_id as address_8_3_, contact0_.contact_type as contact_6_3_, contact0_.email as email7_3_ from contact contact0_
2021-11-19T10:23:52,298|[DEBUG] ErrorTracker - throwQueryException() : no errors
2021-11-19T10:23:52,298|[DEBUG] NamedQueryRepository - Checking named query: Address.findAll
2021-11-19T10:23:52,298|[TRACE] QueryPlanCache - Unable to locate HQL query plan in cache; generating (SELECT a FROM Address a)
2021-11-19T10:23:52,298|[DEBUG] QueryTranslatorImpl - parse() - HQL: SELECT a FROM bloodbank.entity.Address a
2021-11-19T10:23:52,298|[TRACE] HqlParser - -> statement
2021-11-19T10:23:52,298|[TRACE] HqlParser - ---> selectStatement
2021-11-19T10:23:52,298|[TRACE] HqlParser - -----> queryRule
2021-11-19T10:23:52,298|[TRACE] HqlParser - -------> selectFrom
2021-11-19T10:23:52,298|[TRACE] HqlParser - ---------> selectClause
2021-11-19T10:23:52,298|[TRACE] HqlParser - -----------> selectedPropertiesList
2021-11-19T10:23:52,298|[TRACE] HqlParser - -------------> aliasedExpression
2021-11-19T10:23:52,298|[TRACE] HqlParser - ---------------> expression
2021-11-19T10:23:52,298|[TRACE] HqlParser - -----------------> logicalOrExpression
2021-11-19T10:23:52,298|[TRACE] HqlParser - -------------------> logicalAndExpression
2021-11-19T10:23:52,298|[TRACE] HqlParser - ---------------------> negatedExpression
2021-11-19T10:23:52,298|[TRACE] HqlParser - -----------------------> equalityExpression
2021-11-19T10:23:52,298|[TRACE] HqlParser - -------------------------> relationalExpression
2021-11-19T10:23:52,298|[TRACE] HqlParser - ---------------------------> concatenation
2021-11-19T10:23:52,298|[TRACE] HqlParser - -----------------------------> additiveExpression
2021-11-19T10:23:52,298|[TRACE] HqlParser - -------------------------------> multiplyExpression
2021-11-19T10:23:52,298|[TRACE] HqlParser - ---------------------------------> unaryExpression
2021-11-19T10:23:52,298|[TRACE] HqlParser - -----------------------------------> atom
2021-11-19T10:23:52,298|[TRACE] HqlParser - -------------------------------------> primaryExpression
2021-11-19T10:23:52,298|[TRACE] HqlParser - ---------------------------------------> identPrimary
2021-11-19T10:23:52,298|[TRACE] HqlParser - -----------------------------------------> identPrimaryBase
2021-11-19T10:23:52,298|[TRACE] HqlParser - -------------------------------------------> identifier
2021-11-19T10:23:52,298|[TRACE] HqlParser - <------------------------------------------- identifier
2021-11-19T10:23:52,298|[TRACE] HqlParser - <----------------------------------------- identPrimaryBase
2021-11-19T10:23:52,298|[TRACE] HqlParser - <--------------------------------------- identPrimary
2021-11-19T10:23:52,298|[TRACE] HqlParser - <------------------------------------- primaryExpression
2021-11-19T10:23:52,298|[TRACE] HqlParser - <----------------------------------- atom
2021-11-19T10:23:52,298|[TRACE] HqlParser - <--------------------------------- unaryExpression
2021-11-19T10:23:52,298|[TRACE] HqlParser - <------------------------------- multiplyExpression
2021-11-19T10:23:52,298|[TRACE] HqlParser - <----------------------------- additiveExpression
2021-11-19T10:23:52,298|[TRACE] HqlParser - <--------------------------- concatenation
2021-11-19T10:23:52,298|[TRACE] HqlParser - <------------------------- relationalExpression
2021-11-19T10:23:52,298|[TRACE] HqlParser - <----------------------- equalityExpression
2021-11-19T10:23:52,298|[TRACE] HqlParser - <--------------------- negatedExpression
2021-11-19T10:23:52,298|[TRACE] HqlParser - <------------------- logicalAndExpression
2021-11-19T10:23:52,298|[TRACE] HqlParser - <----------------- logicalOrExpression
2021-11-19T10:23:52,298|[TRACE] HqlParser - <--------------- expression
2021-11-19T10:23:52,298|[TRACE] HqlParser - <------------- aliasedExpression
2021-11-19T10:23:52,298|[TRACE] HqlParser - <----------- selectedPropertiesList
2021-11-19T10:23:52,298|[TRACE] HqlParser - <--------- selectClause
2021-11-19T10:23:52,298|[TRACE] HqlParser - ---------> fromClause
2021-11-19T10:23:52,298|[TRACE] HqlParser - -----------> fromRange
2021-11-19T10:23:52,298|[TRACE] HqlParser - -------------> fromClassOrOuterQueryPath
2021-11-19T10:23:52,298|[TRACE] HqlParser - ---------------> path
2021-11-19T10:23:52,298|[TRACE] HqlParser - -----------------> identifier
2021-11-19T10:23:52,298|[TRACE] HqlParser - <----------------- identifier
2021-11-19T10:23:52,298|[TRACE] HqlParser - -----------------> identifier
2021-11-19T10:23:52,298|[TRACE] HqlParser - <----------------- identifier
2021-11-19T10:23:52,299|[TRACE] HqlParser - -----------------> identifier
2021-11-19T10:23:52,299|[TRACE] HqlParser - <----------------- identifier
2021-11-19T10:23:52,299|[TRACE] HqlParser - <--------------- path
2021-11-19T10:23:52,299|[TRACE] HqlParser - ---------------> asAlias
2021-11-19T10:23:52,299|[TRACE] HqlParser - -----------------> alias
2021-11-19T10:23:52,299|[TRACE] HqlParser - -------------------> identifier
2021-11-19T10:23:52,299|[TRACE] HqlParser - <------------------- identifier
2021-11-19T10:23:52,299|[TRACE] HqlParser - <----------------- alias
2021-11-19T10:23:52,299|[TRACE] HqlParser - <--------------- asAlias
2021-11-19T10:23:52,299|[TRACE] HqlParser - <------------- fromClassOrOuterQueryPath
2021-11-19T10:23:52,299|[TRACE] HqlParser - <----------- fromRange
2021-11-19T10:23:52,299|[TRACE] HqlParser - <--------- fromClause
2021-11-19T10:23:52,299|[TRACE] HqlParser - <------- selectFrom
2021-11-19T10:23:52,299|[TRACE] HqlParser - <----- queryRule
2021-11-19T10:23:52,299|[TRACE] HqlParser - <--- selectStatement
2021-11-19T10:23:52,299|[TRACE] HqlParser - <- statement
2021-11-19T10:23:52,299|[DEBUG] ErrorTracker - throwQueryException() : no errors
2021-11-19T10:23:52,299|[DEBUG] QueryTranslatorImpl - --- HQL AST ---
 \-[QUERY] Node: 'query'
    \-[SELECT_FROM] Node: 'SELECT_FROM'
       +-[FROM] Node: 'FROM'
       |  \-[RANGE] Node: 'RANGE'
       |     +-[DOT] Node: '.'
       |     |  +-[DOT] Node: '.'
       |     |  |  +-[IDENT] Node: 'bloodbank'
       |     |  |  \-[IDENT] Node: 'entity'
       |     |  \-[IDENT] Node: 'Address'
       |     \-[ALIAS] Node: 'a'
       \-[SELECT] Node: 'SELECT'
          \-[IDENT] Node: 'a'

2021-11-19T10:23:52,299|[DEBUG] HqlSqlBaseWalker - select << begin [level=1, statement=select]
2021-11-19T10:23:52,299|[DEBUG] FromElement - FromClause{level=1} : bloodbank.entity.Address (a) -> address0_
2021-11-19T10:23:52,299|[DEBUG] FromReferenceNode - Resolved : a -> address0_.address_id
2021-11-19T10:23:52,299|[DEBUG] HqlSqlBaseWalker - select : finishing up [level=1, statement=select]
2021-11-19T10:23:52,299|[DEBUG] HqlSqlWalker - processQuery() :  ( SELECT ( {select clause} address0_.address_id ) ( FromClause{level=1} address address0_ ) )
2021-11-19T10:23:52,299|[DEBUG] JoinProcessor - Tables referenced from query nodes:
 \-QueryNode
    +-SelectClause
    | referencedTables(entity Address): [address]
    |  +-IdentNode
    |  | persister: SingleTableEntityPersister(bloodbank.entity.Address)
    |  | originalText: a
    |  \-SqlFragment
    \-FromClause
       \-FromElement

2021-11-19T10:23:52,299|[DEBUG] JoinProcessor - Using FROM fragment [address address0_]
2021-11-19T10:23:52,299|[DEBUG] HqlSqlBaseWalker - select >> end [level=1, statement=select]
2021-11-19T10:23:52,299|[DEBUG] QueryTranslatorImpl - --- SQL AST ---
 \-[SELECT] QueryNode: 'SELECT'  querySpaces (address)
    +-[SELECT_CLAUSE] SelectClause: '{select clause}'
    |  +-[ALIAS_REF] IdentNode: 'address0_.address_id as address_1_0_' {alias=a, className=bloodbank.entity.Address, tableAlias=address0_}
    |  \-[SQL_TOKEN] SqlFragment: 'address0_.created as created2_0_, address0_.updated as updated3_0_, address0_.version as version4_0_, address0_.city as city5_0_, address0_.country as country6_0_, address0_.province as province7_0_, address0_.street as street8_0_, address0_.street_number as street_n9_0_, address0_.zipcode as zipcode10_0_'
    \-[FROM] FromClause: 'FROM' FromClause{level=1, fromElementCounter=1, fromElements=1, fromElementByClassAlias=[a], fromElementByTableAlias=[address0_], fromElementsByPath=[], collectionJoinFromElementsByPath=[], impliedElements=[]}
       \-[FROM_FRAGMENT] FromElement: 'address address0_' FromElement{explicit,not a collection join,not a fetch join,fetch non-lazy properties,classAlias=a,role=null,tableName=address,tableAlias=address0_,origin=null,columns={,className=bloodbank.entity.Address}}

2021-11-19T10:23:52,299|[DEBUG] ErrorTracker - throwQueryException() : no errors
2021-11-19T10:23:52,299|[DEBUG] QueryTranslatorImpl - HQL: SELECT a FROM bloodbank.entity.Address a
2021-11-19T10:23:52,299|[DEBUG] QueryTranslatorImpl - SQL: select address0_.address_id as address_1_0_, address0_.created as created2_0_, address0_.updated as updated3_0_, address0_.version as version4_0_, address0_.city as city5_0_, address0_.country as country6_0_, address0_.province as province7_0_, address0_.street as street8_0_, address0_.street_number as street_n9_0_, address0_.zipcode as zipcode10_0_ from address address0_
2021-11-19T10:23:52,299|[DEBUG] ErrorTracker - throwQueryException() : no errors
2021-11-19T10:23:52,299|[DEBUG] NamedQueryRepository - Checking 0 named SQL queries
2021-11-19T10:23:52,299|[TRACE] TypeConfiguration$Scope - Handling #sessionFactoryCreated from [org.hibernate.internal.SessionFactoryImpl@6e7f29d5] for TypeConfiguration
2021-11-19T10:23:52,299|[TRACE] AbstractServiceRegistryImpl - Initializing service [role=org.hibernate.engine.jndi.spi.JndiService]
2021-11-19T10:23:52,299|[DEBUG] SessionFactoryRegistry - Registering SessionFactory: 85f0edb7-623a-46e7-bf8a-f1c65318960f (<unnamed>)
2021-11-19T10:23:52,299|[DEBUG] SessionFactoryRegistry - Not binding SessionFactory to JNDI, no JNDI name configured
2021-11-19T10:23:52,299|[TRACE] SessionFactoryImpl$SessionBuilderImpl - Opening Hibernate Session.  tenant=null
2021-11-19T10:23:52,299|[TRACE] SessionImpl - Opened Session [2e22a0f5-e4eb-4366-a2c2-787cdcee5606] at timestamp: 1637335432299
2021-11-19T10:23:52,299|[DEBUG] TransactionImpl - On TransactionImpl creation, JpaCompliance#isJpaTransactionComplianceEnabled == false
2021-11-19T10:23:52,300|[DEBUG] TransactionImpl - begin
2021-11-19T10:23:52,300|[TRACE] AbstractLogicalConnectionImplementor - Preparing to begin transaction via JDBC Connection.setAutoCommit(false)
2021-11-19T10:23:52,300|[TRACE] AbstractLogicalConnectionImplementor - Transaction begun via JDBC Connection.setAutoCommit(false)
2021-11-19T10:23:52,300|[TRACE] JdbcResourceLocalTransactionCoordinatorImpl - ResourceLocalTransactionCoordinatorImpl#afterBeginCallback
2021-11-19T10:23:52,300|[TRACE] QueryPlanCache - Unable to locate HQL query plan in cache; generating (delete DonationRecord as generatedAlias0)
2021-11-19T10:23:52,300|[DEBUG] QueryTranslatorImpl - parse() - HQL: delete bloodbank.entity.DonationRecord as generatedAlias0
2021-11-19T10:23:52,300|[TRACE] HqlParser - -> statement
2021-11-19T10:23:52,301|[TRACE] HqlParser - ---> deleteStatement
2021-11-19T10:23:52,301|[TRACE] HqlParser - -----> optionalFromTokenFromClause
2021-11-19T10:23:52,301|[TRACE] HqlParser - -------> path
2021-11-19T10:23:52,301|[TRACE] HqlParser - ---------> identifier
2021-11-19T10:23:52,301|[TRACE] HqlParser - <--------- identifier
2021-11-19T10:23:52,301|[TRACE] HqlParser - ---------> identifier
2021-11-19T10:23:52,301|[TRACE] HqlParser - <--------- identifier
2021-11-19T10:23:52,301|[TRACE] HqlParser - ---------> identifier
2021-11-19T10:23:52,301|[TRACE] HqlParser - <--------- identifier
2021-11-19T10:23:52,301|[TRACE] HqlParser - <------- path
2021-11-19T10:23:52,301|[TRACE] HqlParser - -------> asAlias
2021-11-19T10:23:52,301|[TRACE] HqlParser - ---------> alias
2021-11-19T10:23:52,301|[TRACE] HqlParser - -----------> identifier
2021-11-19T10:23:52,301|[TRACE] HqlParser - <----------- identifier
2021-11-19T10:23:52,301|[TRACE] HqlParser - <--------- alias
2021-11-19T10:23:52,301|[TRACE] HqlParser - <------- asAlias
2021-11-19T10:23:52,301|[TRACE] HqlParser - <----- optionalFromTokenFromClause
2021-11-19T10:23:52,301|[TRACE] HqlParser - <--- deleteStatement
2021-11-19T10:23:52,301|[TRACE] HqlParser - <- statement
2021-11-19T10:23:52,301|[DEBUG] ErrorTracker - throwQueryException() : no errors
2021-11-19T10:23:52,301|[DEBUG] QueryTranslatorImpl - --- HQL AST ---
 \-[DELETE] Node: 'delete'
    \-[FROM] Node: 'FROM'
       \-[RANGE] Node: 'RANGE'
          +-[DOT] Node: '.'
          |  +-[DOT] Node: '.'
          |  |  +-[IDENT] Node: 'bloodbank'
          |  |  \-[IDENT] Node: 'entity'
          |  \-[IDENT] Node: 'DonationRecord'
          \-[ALIAS] Node: 'generatedAlias0'

2021-11-19T10:23:52,301|[DEBUG] HqlSqlBaseWalker - delete << begin [level=1, statement=delete]
2021-11-19T10:23:52,301|[DEBUG] FromElement - FromClause{level=1} : bloodbank.entity.DonationRecord (generatedAlias0) -> donationre0_
2021-11-19T10:23:52,301|[DEBUG] HqlSqlBaseWalker - delete : finishing up [level=1, statement=delete]
2021-11-19T10:23:52,301|[DEBUG] HqlSqlBaseWalker - delete >> end [level=1, statement=delete]
2021-11-19T10:23:52,301|[DEBUG] QueryTranslatorImpl - --- SQL AST ---
 \-[DELETE] DeleteStatement: 'delete'  querySpaces (donation_record)
    \-[FROM] FromClause: 'FROM' FromClause{level=1, fromElementCounter=1, fromElements=1, fromElementByClassAlias=[generatedAlias0], fromElementByTableAlias=[donationre0_], fromElementsByPath=[], collectionJoinFromElementsByPath=[], impliedElements=[]}
       \-[FROM_FRAGMENT] FromElement: 'donation_record' FromElement{explicit,not a collection join,not a fetch join,fetch non-lazy properties,classAlias=generatedAlias0,role=null,tableName=donation_record,tableAlias=donationre0_,origin=null,columns={,className=bloodbank.entity.DonationRecord}}

2021-11-19T10:23:52,301|[DEBUG] ErrorTracker - throwQueryException() : no errors
2021-11-19T10:23:52,301|[DEBUG] ErrorTracker - throwQueryException() : no errors
2021-11-19T10:23:52,301|[TRACE] QueryPlanCache - Located HQL query plan in cache (delete DonationRecord as generatedAlias0)
2021-11-19T10:23:52,301|[TRACE] HQLQueryPlan - Execute update: delete DonationRecord as generatedAlias0
2021-11-19T10:23:52,301|[TRACE] QueryParameters - Named parameters: {}
2021-11-19T10:23:52,301|[DEBUG] SQL - 
    /* delete DonationRecord as generatedAlias0 */ delete 
        from
            donation_record
2021-11-19T10:23:52,301|[TRACE] ResourceRegistryStandardImpl - Registering statement [com.mysql.cj.jdbc.ClientPreparedStatement: /* delete DonationRecord as generatedAlias0 */ delete from donation_record]
2021-11-19T10:23:52,303|[TRACE] ResourceRegistryStandardImpl - Releasing statement [com.mysql.cj.jdbc.ClientPreparedStatement: /* delete DonationRecord as generatedAlias0 */ delete from donation_record]
2021-11-19T10:23:52,303|[TRACE] ResourceRegistryStandardImpl - Closing prepared statement [com.mysql.cj.jdbc.ClientPreparedStatement: /* delete DonationRecord as generatedAlias0 */ delete from donation_record]
2021-11-19T10:23:52,303|[TRACE] JdbcCoordinatorImpl - Starting after statement execution processing [AFTER_TRANSACTION]
2021-11-19T10:23:52,303|[TRACE] QueryPlanCache - Unable to locate HQL query plan in cache; generating (delete BloodDonation as generatedAlias0)
2021-11-19T10:23:52,303|[DEBUG] QueryTranslatorImpl - parse() - HQL: delete bloodbank.entity.BloodDonation as generatedAlias0
2021-11-19T10:23:52,303|[TRACE] HqlParser - -> statement
2021-11-19T10:23:52,303|[TRACE] HqlParser - ---> deleteStatement
2021-11-19T10:23:52,303|[TRACE] HqlParser - -----> optionalFromTokenFromClause
2021-11-19T10:23:52,303|[TRACE] HqlParser - -------> path
2021-11-19T10:23:52,303|[TRACE] HqlParser - ---------> identifier
2021-11-19T10:23:52,303|[TRACE] HqlParser - <--------- identifier
2021-11-19T10:23:52,303|[TRACE] HqlParser - ---------> identifier
2021-11-19T10:23:52,303|[TRACE] HqlParser - <--------- identifier
2021-11-19T10:23:52,303|[TRACE] HqlParser - ---------> identifier
2021-11-19T10:23:52,303|[TRACE] HqlParser - <--------- identifier
2021-11-19T10:23:52,303|[TRACE] HqlParser - <------- path
2021-11-19T10:23:52,303|[TRACE] HqlParser - -------> asAlias
2021-11-19T10:23:52,303|[TRACE] HqlParser - ---------> alias
2021-11-19T10:23:52,303|[TRACE] HqlParser - -----------> identifier
2021-11-19T10:23:52,303|[TRACE] HqlParser - <----------- identifier
2021-11-19T10:23:52,303|[TRACE] HqlParser - <--------- alias
2021-11-19T10:23:52,303|[TRACE] HqlParser - <------- asAlias
2021-11-19T10:23:52,303|[TRACE] HqlParser - <----- optionalFromTokenFromClause
2021-11-19T10:23:52,303|[TRACE] HqlParser - <--- deleteStatement
2021-11-19T10:23:52,303|[TRACE] HqlParser - <- statement
2021-11-19T10:23:52,303|[DEBUG] ErrorTracker - throwQueryException() : no errors
2021-11-19T10:23:52,304|[DEBUG] QueryTranslatorImpl - --- HQL AST ---
 \-[DELETE] Node: 'delete'
    \-[FROM] Node: 'FROM'
       \-[RANGE] Node: 'RANGE'
          +-[DOT] Node: '.'
          |  +-[DOT] Node: '.'
          |  |  +-[IDENT] Node: 'bloodbank'
          |  |  \-[IDENT] Node: 'entity'
          |  \-[IDENT] Node: 'BloodDonation'
          \-[ALIAS] Node: 'generatedAlias0'

2021-11-19T10:23:52,304|[DEBUG] HqlSqlBaseWalker - delete << begin [level=1, statement=delete]
2021-11-19T10:23:52,304|[DEBUG] FromElement - FromClause{level=1} : bloodbank.entity.BloodDonation (generatedAlias0) -> blooddonat0_
2021-11-19T10:23:52,304|[DEBUG] HqlSqlBaseWalker - delete : finishing up [level=1, statement=delete]
2021-11-19T10:23:52,304|[DEBUG] HqlSqlBaseWalker - delete >> end [level=1, statement=delete]
2021-11-19T10:23:52,304|[DEBUG] QueryTranslatorImpl - --- SQL AST ---
 \-[DELETE] DeleteStatement: 'delete'  querySpaces (blood_donation)
    \-[FROM] FromClause: 'FROM' FromClause{level=1, fromElementCounter=1, fromElements=1, fromElementByClassAlias=[generatedAlias0], fromElementByTableAlias=[blooddonat0_], fromElementsByPath=[], collectionJoinFromElementsByPath=[], impliedElements=[]}
       \-[FROM_FRAGMENT] FromElement: 'blood_donation' FromElement{explicit,not a collection join,not a fetch join,fetch non-lazy properties,classAlias=generatedAlias0,role=null,tableName=blood_donation,tableAlias=blooddonat0_,origin=null,columns={,className=bloodbank.entity.BloodDonation}}

2021-11-19T10:23:52,304|[DEBUG] ErrorTracker - throwQueryException() : no errors
2021-11-19T10:23:52,304|[DEBUG] ErrorTracker - throwQueryException() : no errors
2021-11-19T10:23:52,304|[TRACE] QueryPlanCache - Located HQL query plan in cache (delete BloodDonation as generatedAlias0)
2021-11-19T10:23:52,304|[TRACE] HQLQueryPlan - Execute update: delete BloodDonation as generatedAlias0
2021-11-19T10:23:52,304|[TRACE] QueryParameters - Named parameters: {}
2021-11-19T10:23:52,305|[DEBUG] SQL - 
    /* delete BloodDonation as generatedAlias0 */ delete 
        from
            blood_donation
2021-11-19T10:23:52,305|[TRACE] ResourceRegistryStandardImpl - Registering statement [com.mysql.cj.jdbc.ClientPreparedStatement: /* delete BloodDonation as generatedAlias0 */ delete from blood_donation]
2021-11-19T10:23:52,306|[TRACE] ResourceRegistryStandardImpl - Releasing statement [com.mysql.cj.jdbc.ClientPreparedStatement: /* delete BloodDonation as generatedAlias0 */ delete from blood_donation]
2021-11-19T10:23:52,306|[TRACE] ResourceRegistryStandardImpl - Closing prepared statement [com.mysql.cj.jdbc.ClientPreparedStatement: /* delete BloodDonation as generatedAlias0 */ delete from blood_donation]
2021-11-19T10:23:52,306|[TRACE] JdbcCoordinatorImpl - Starting after statement execution processing [AFTER_TRANSACTION]
2021-11-19T10:23:52,307|[TRACE] QueryPlanCache - Unable to locate HQL query plan in cache; generating (delete BloodBank as generatedAlias0)
2021-11-19T10:23:52,307|[DEBUG] QueryTranslatorImpl - parse() - HQL: delete bloodbank.entity.BloodBank as generatedAlias0
2021-11-19T10:23:52,307|[TRACE] HqlParser - -> statement
2021-11-19T10:23:52,307|[TRACE] HqlParser - ---> deleteStatement
2021-11-19T10:23:52,307|[TRACE] HqlParser - -----> optionalFromTokenFromClause
2021-11-19T10:23:52,307|[TRACE] HqlParser - -------> path
2021-11-19T10:23:52,307|[TRACE] HqlParser - ---------> identifier
2021-11-19T10:23:52,307|[TRACE] HqlParser - <--------- identifier
2021-11-19T10:23:52,307|[TRACE] HqlParser - ---------> identifier
2021-11-19T10:23:52,307|[TRACE] HqlParser - <--------- identifier
2021-11-19T10:23:52,307|[TRACE] HqlParser - ---------> identifier
2021-11-19T10:23:52,307|[TRACE] HqlParser - <--------- identifier
2021-11-19T10:23:52,307|[TRACE] HqlParser - <------- path
2021-11-19T10:23:52,307|[TRACE] HqlParser - -------> asAlias
2021-11-19T10:23:52,307|[TRACE] HqlParser - ---------> alias
2021-11-19T10:23:52,307|[TRACE] HqlParser - -----------> identifier
2021-11-19T10:23:52,307|[TRACE] HqlParser - <----------- identifier
2021-11-19T10:23:52,307|[TRACE] HqlParser - <--------- alias
2021-11-19T10:23:52,307|[TRACE] HqlParser - <------- asAlias
2021-11-19T10:23:52,307|[TRACE] HqlParser - <----- optionalFromTokenFromClause
2021-11-19T10:23:52,307|[TRACE] HqlParser - <--- deleteStatement
2021-11-19T10:23:52,307|[TRACE] HqlParser - <- statement
2021-11-19T10:23:52,307|[DEBUG] ErrorTracker - throwQueryException() : no errors
2021-11-19T10:23:52,307|[DEBUG] QueryTranslatorImpl - --- HQL AST ---
 \-[DELETE] Node: 'delete'
    \-[FROM] Node: 'FROM'
       \-[RANGE] Node: 'RANGE'
          +-[DOT] Node: '.'
          |  +-[DOT] Node: '.'
          |  |  +-[IDENT] Node: 'bloodbank'
          |  |  \-[IDENT] Node: 'entity'
          |  \-[IDENT] Node: 'BloodBank'
          \-[ALIAS] Node: 'generatedAlias0'

2021-11-19T10:23:52,307|[DEBUG] HqlSqlBaseWalker - delete << begin [level=1, statement=delete]
2021-11-19T10:23:52,307|[DEBUG] FromElement - FromClause{level=1} : bloodbank.entity.BloodBank (generatedAlias0) -> bloodbank0_
2021-11-19T10:23:52,307|[DEBUG] HqlSqlBaseWalker - delete : finishing up [level=1, statement=delete]
2021-11-19T10:23:52,307|[DEBUG] HqlSqlBaseWalker - delete >> end [level=1, statement=delete]
2021-11-19T10:23:52,307|[DEBUG] QueryTranslatorImpl - --- SQL AST ---
 \-[DELETE] DeleteStatement: 'delete'  querySpaces (blood_bank)
    \-[FROM] FromClause: 'FROM' FromClause{level=1, fromElementCounter=1, fromElements=1, fromElementByClassAlias=[generatedAlias0], fromElementByTableAlias=[bloodbank0_], fromElementsByPath=[], collectionJoinFromElementsByPath=[], impliedElements=[]}
       \-[FROM_FRAGMENT] FromElement: 'blood_bank' FromElement{explicit,not a collection join,not a fetch join,fetch non-lazy properties,classAlias=generatedAlias0,role=null,tableName=blood_bank,tableAlias=bloodbank0_,origin=null,columns={,className=bloodbank.entity.BloodBank}}

2021-11-19T10:23:52,307|[DEBUG] ErrorTracker - throwQueryException() : no errors
2021-11-19T10:23:52,307|[DEBUG] ErrorTracker - throwQueryException() : no errors
2021-11-19T10:23:52,307|[TRACE] QueryPlanCache - Located HQL query plan in cache (delete BloodBank as generatedAlias0)
2021-11-19T10:23:52,307|[TRACE] HQLQueryPlan - Execute update: delete BloodBank as generatedAlias0
2021-11-19T10:23:52,307|[TRACE] QueryParameters - Named parameters: {}
2021-11-19T10:23:52,307|[DEBUG] SQL - 
    /* delete BloodBank as generatedAlias0 */ delete 
        from
            blood_bank
2021-11-19T10:23:52,307|[TRACE] ResourceRegistryStandardImpl - Registering statement [com.mysql.cj.jdbc.ClientPreparedStatement: /* delete BloodBank as generatedAlias0 */ delete from blood_bank]
2021-11-19T10:23:52,309|[TRACE] ResourceRegistryStandardImpl - Releasing statement [com.mysql.cj.jdbc.ClientPreparedStatement: /* delete BloodBank as generatedAlias0 */ delete from blood_bank]
2021-11-19T10:23:52,309|[TRACE] ResourceRegistryStandardImpl - Closing prepared statement [com.mysql.cj.jdbc.ClientPreparedStatement: /* delete BloodBank as generatedAlias0 */ delete from blood_bank]
2021-11-19T10:23:52,309|[TRACE] JdbcCoordinatorImpl - Starting after statement execution processing [AFTER_TRANSACTION]
2021-11-19T10:23:52,309|[TRACE] QueryPlanCache - Unable to locate HQL query plan in cache; generating (delete Contact as generatedAlias0)
2021-11-19T10:23:52,309|[DEBUG] QueryTranslatorImpl - parse() - HQL: delete bloodbank.entity.Contact as generatedAlias0
2021-11-19T10:23:52,309|[TRACE] HqlParser - -> statement
2021-11-19T10:23:52,309|[TRACE] HqlParser - ---> deleteStatement
2021-11-19T10:23:52,309|[TRACE] HqlParser - -----> optionalFromTokenFromClause
2021-11-19T10:23:52,309|[TRACE] HqlParser - -------> path
2021-11-19T10:23:52,309|[TRACE] HqlParser - ---------> identifier
2021-11-19T10:23:52,309|[TRACE] HqlParser - <--------- identifier
2021-11-19T10:23:52,309|[TRACE] HqlParser - ---------> identifier
2021-11-19T10:23:52,309|[TRACE] HqlParser - <--------- identifier
2021-11-19T10:23:52,309|[TRACE] HqlParser - ---------> identifier
2021-11-19T10:23:52,309|[TRACE] HqlParser - <--------- identifier
2021-11-19T10:23:52,309|[TRACE] HqlParser - <------- path
2021-11-19T10:23:52,309|[TRACE] HqlParser - -------> asAlias
2021-11-19T10:23:52,309|[TRACE] HqlParser - ---------> alias
2021-11-19T10:23:52,309|[TRACE] HqlParser - -----------> identifier
2021-11-19T10:23:52,309|[TRACE] HqlParser - <----------- identifier
2021-11-19T10:23:52,309|[TRACE] HqlParser - <--------- alias
2021-11-19T10:23:52,309|[TRACE] HqlParser - <------- asAlias
2021-11-19T10:23:52,309|[TRACE] HqlParser - <----- optionalFromTokenFromClause
2021-11-19T10:23:52,310|[TRACE] HqlParser - <--- deleteStatement
2021-11-19T10:23:52,310|[TRACE] HqlParser - <- statement
2021-11-19T10:23:52,310|[DEBUG] ErrorTracker - throwQueryException() : no errors
2021-11-19T10:23:52,310|[DEBUG] QueryTranslatorImpl - --- HQL AST ---
 \-[DELETE] Node: 'delete'
    \-[FROM] Node: 'FROM'
       \-[RANGE] Node: 'RANGE'
          +-[DOT] Node: '.'
          |  +-[DOT] Node: '.'
          |  |  +-[IDENT] Node: 'bloodbank'
          |  |  \-[IDENT] Node: 'entity'
          |  \-[IDENT] Node: 'Contact'
          \-[ALIAS] Node: 'generatedAlias0'

2021-11-19T10:23:52,310|[DEBUG] HqlSqlBaseWalker - delete << begin [level=1, statement=delete]
2021-11-19T10:23:52,310|[DEBUG] FromElement - FromClause{level=1} : bloodbank.entity.Contact (generatedAlias0) -> contact0_
2021-11-19T10:23:52,310|[DEBUG] HqlSqlBaseWalker - delete : finishing up [level=1, statement=delete]
2021-11-19T10:23:52,310|[DEBUG] HqlSqlBaseWalker - delete >> end [level=1, statement=delete]
2021-11-19T10:23:52,310|[DEBUG] QueryTranslatorImpl - --- SQL AST ---
 \-[DELETE] DeleteStatement: 'delete'  querySpaces (contact)
    \-[FROM] FromClause: 'FROM' FromClause{level=1, fromElementCounter=1, fromElements=1, fromElementByClassAlias=[generatedAlias0], fromElementByTableAlias=[contact0_], fromElementsByPath=[], collectionJoinFromElementsByPath=[], impliedElements=[]}
       \-[FROM_FRAGMENT] FromElement: 'contact' FromElement{explicit,not a collection join,not a fetch join,fetch non-lazy properties,classAlias=generatedAlias0,role=null,tableName=contact,tableAlias=contact0_,origin=null,columns={,className=bloodbank.entity.Contact}}

2021-11-19T10:23:52,310|[DEBUG] ErrorTracker - throwQueryException() : no errors
2021-11-19T10:23:52,310|[DEBUG] ErrorTracker - throwQueryException() : no errors
2021-11-19T10:23:52,310|[TRACE] QueryPlanCache - Located HQL query plan in cache (delete Contact as generatedAlias0)
2021-11-19T10:23:52,310|[TRACE] HQLQueryPlan - Execute update: delete Contact as generatedAlias0
2021-11-19T10:23:52,310|[TRACE] QueryParameters - Named parameters: {}
2021-11-19T10:23:52,310|[DEBUG] SQL - 
    /* delete Contact as generatedAlias0 */ delete 
        from
            contact
2021-11-19T10:23:52,310|[TRACE] ResourceRegistryStandardImpl - Registering statement [com.mysql.cj.jdbc.ClientPreparedStatement: /* delete Contact as generatedAlias0 */ delete from contact]
2021-11-19T10:23:52,313|[TRACE] ResourceRegistryStandardImpl - Releasing statement [com.mysql.cj.jdbc.ClientPreparedStatement: /* delete Contact as generatedAlias0 */ delete from contact]
2021-11-19T10:23:52,313|[TRACE] ResourceRegistryStandardImpl - Closing prepared statement [com.mysql.cj.jdbc.ClientPreparedStatement: /* delete Contact as generatedAlias0 */ delete from contact]
2021-11-19T10:23:52,313|[TRACE] JdbcCoordinatorImpl - Starting after statement execution processing [AFTER_TRANSACTION]
2021-11-19T10:23:52,313|[TRACE] QueryPlanCache - Unable to locate HQL query plan in cache; generating (delete Person as generatedAlias0)
2021-11-19T10:23:52,313|[DEBUG] QueryTranslatorImpl - parse() - HQL: delete bloodbank.entity.Person as generatedAlias0
2021-11-19T10:23:52,313|[TRACE] HqlParser - -> statement
2021-11-19T10:23:52,313|[TRACE] HqlParser - ---> deleteStatement
2021-11-19T10:23:52,313|[TRACE] HqlParser - -----> optionalFromTokenFromClause
2021-11-19T10:23:52,313|[TRACE] HqlParser - -------> path
2021-11-19T10:23:52,313|[TRACE] HqlParser - ---------> identifier
2021-11-19T10:23:52,313|[TRACE] HqlParser - <--------- identifier
2021-11-19T10:23:52,313|[TRACE] HqlParser - ---------> identifier
2021-11-19T10:23:52,313|[TRACE] HqlParser - <--------- identifier
2021-11-19T10:23:52,313|[TRACE] HqlParser - ---------> identifier
2021-11-19T10:23:52,313|[TRACE] HqlParser - <--------- identifier
2021-11-19T10:23:52,313|[TRACE] HqlParser - <------- path
2021-11-19T10:23:52,313|[TRACE] HqlParser - -------> asAlias
2021-11-19T10:23:52,313|[TRACE] HqlParser - ---------> alias
2021-11-19T10:23:52,313|[TRACE] HqlParser - -----------> identifier
2021-11-19T10:23:52,313|[TRACE] HqlParser - <----------- identifier
2021-11-19T10:23:52,313|[TRACE] HqlParser - <--------- alias
2021-11-19T10:23:52,313|[TRACE] HqlParser - <------- asAlias
2021-11-19T10:23:52,313|[TRACE] HqlParser - <----- optionalFromTokenFromClause
2021-11-19T10:23:52,313|[TRACE] HqlParser - <--- deleteStatement
2021-11-19T10:23:52,313|[TRACE] HqlParser - <- statement
2021-11-19T10:23:52,313|[DEBUG] ErrorTracker - throwQueryException() : no errors
2021-11-19T10:23:52,313|[DEBUG] QueryTranslatorImpl - --- HQL AST ---
 \-[DELETE] Node: 'delete'
    \-[FROM] Node: 'FROM'
       \-[RANGE] Node: 'RANGE'
          +-[DOT] Node: '.'
          |  +-[DOT] Node: '.'
          |  |  +-[IDENT] Node: 'bloodbank'
          |  |  \-[IDENT] Node: 'entity'
          |  \-[IDENT] Node: 'Person'
          \-[ALIAS] Node: 'generatedAlias0'

2021-11-19T10:23:52,313|[DEBUG] HqlSqlBaseWalker - delete << begin [level=1, statement=delete]
2021-11-19T10:23:52,313|[DEBUG] FromElement - FromClause{level=1} : bloodbank.entity.Person (generatedAlias0) -> person0_
2021-11-19T10:23:52,313|[DEBUG] HqlSqlBaseWalker - delete : finishing up [level=1, statement=delete]
2021-11-19T10:23:52,313|[DEBUG] HqlSqlBaseWalker - delete >> end [level=1, statement=delete]
2021-11-19T10:23:52,314|[DEBUG] QueryTranslatorImpl - --- SQL AST ---
 \-[DELETE] DeleteStatement: 'delete'  querySpaces (person)
    \-[FROM] FromClause: 'FROM' FromClause{level=1, fromElementCounter=1, fromElements=1, fromElementByClassAlias=[generatedAlias0], fromElementByTableAlias=[person0_], fromElementsByPath=[], collectionJoinFromElementsByPath=[], impliedElements=[]}
       \-[FROM_FRAGMENT] FromElement: 'person' FromElement{explicit,not a collection join,not a fetch join,fetch non-lazy properties,classAlias=generatedAlias0,role=null,tableName=person,tableAlias=person0_,origin=null,columns={,className=bloodbank.entity.Person}}

2021-11-19T10:23:52,314|[DEBUG] ErrorTracker - throwQueryException() : no errors
2021-11-19T10:23:52,314|[DEBUG] ErrorTracker - throwQueryException() : no errors
2021-11-19T10:23:52,314|[TRACE] QueryPlanCache - Located HQL query plan in cache (delete Person as generatedAlias0)
2021-11-19T10:23:52,314|[TRACE] HQLQueryPlan - Execute update: delete Person as generatedAlias0
2021-11-19T10:23:52,314|[TRACE] QueryParameters - Named parameters: {}
2021-11-19T10:23:52,314|[DEBUG] SQL - 
    /* delete Person as generatedAlias0 */ delete 
        from
            person
2021-11-19T10:23:52,314|[TRACE] ResourceRegistryStandardImpl - Registering statement [com.mysql.cj.jdbc.ClientPreparedStatement: /* delete Person as generatedAlias0 */ delete from person]
2021-11-19T10:23:52,315|[TRACE] ResourceRegistryStandardImpl - Releasing statement [com.mysql.cj.jdbc.ClientPreparedStatement: /* delete Person as generatedAlias0 */ delete from person]
2021-11-19T10:23:52,315|[TRACE] ResourceRegistryStandardImpl - Closing prepared statement [com.mysql.cj.jdbc.ClientPreparedStatement: /* delete Person as generatedAlias0 */ delete from person]
2021-11-19T10:23:52,315|[TRACE] JdbcCoordinatorImpl - Starting after statement execution processing [AFTER_TRANSACTION]
2021-11-19T10:23:52,315|[TRACE] QueryPlanCache - Unable to locate HQL query plan in cache; generating (delete Phone as generatedAlias0)
2021-11-19T10:23:52,316|[DEBUG] QueryTranslatorImpl - parse() - HQL: delete bloodbank.entity.Phone as generatedAlias0
2021-11-19T10:23:52,316|[TRACE] HqlParser - -> statement
2021-11-19T10:23:52,316|[TRACE] HqlParser - ---> deleteStatement
2021-11-19T10:23:52,316|[TRACE] HqlParser - -----> optionalFromTokenFromClause
2021-11-19T10:23:52,316|[TRACE] HqlParser - -------> path
2021-11-19T10:23:52,316|[TRACE] HqlParser - ---------> identifier
2021-11-19T10:23:52,316|[TRACE] HqlParser - <--------- identifier
2021-11-19T10:23:52,316|[TRACE] HqlParser - ---------> identifier
2021-11-19T10:23:52,316|[TRACE] HqlParser - <--------- identifier
2021-11-19T10:23:52,316|[TRACE] HqlParser - ---------> identifier
2021-11-19T10:23:52,316|[TRACE] HqlParser - <--------- identifier
2021-11-19T10:23:52,316|[TRACE] HqlParser - <------- path
2021-11-19T10:23:52,316|[TRACE] HqlParser - -------> asAlias
2021-11-19T10:23:52,316|[TRACE] HqlParser - ---------> alias
2021-11-19T10:23:52,316|[TRACE] HqlParser - -----------> identifier
2021-11-19T10:23:52,316|[TRACE] HqlParser - <----------- identifier
2021-11-19T10:23:52,316|[TRACE] HqlParser - <--------- alias
2021-11-19T10:23:52,316|[TRACE] HqlParser - <------- asAlias
2021-11-19T10:23:52,316|[TRACE] HqlParser - <----- optionalFromTokenFromClause
2021-11-19T10:23:52,316|[TRACE] HqlParser - <--- deleteStatement
2021-11-19T10:23:52,316|[TRACE] HqlParser - <- statement
2021-11-19T10:23:52,316|[DEBUG] ErrorTracker - throwQueryException() : no errors
2021-11-19T10:23:52,316|[DEBUG] QueryTranslatorImpl - --- HQL AST ---
 \-[DELETE] Node: 'delete'
    \-[FROM] Node: 'FROM'
       \-[RANGE] Node: 'RANGE'
          +-[DOT] Node: '.'
          |  +-[DOT] Node: '.'
          |  |  +-[IDENT] Node: 'bloodbank'
          |  |  \-[IDENT] Node: 'entity'
          |  \-[IDENT] Node: 'Phone'
          \-[ALIAS] Node: 'generatedAlias0'

2021-11-19T10:23:52,316|[DEBUG] HqlSqlBaseWalker - delete << begin [level=1, statement=delete]
2021-11-19T10:23:52,316|[DEBUG] FromElement - FromClause{level=1} : bloodbank.entity.Phone (generatedAlias0) -> phone0_
2021-11-19T10:23:52,316|[DEBUG] HqlSqlBaseWalker - delete : finishing up [level=1, statement=delete]
2021-11-19T10:23:52,316|[DEBUG] HqlSqlBaseWalker - delete >> end [level=1, statement=delete]
2021-11-19T10:23:52,316|[DEBUG] QueryTranslatorImpl - --- SQL AST ---
 \-[DELETE] DeleteStatement: 'delete'  querySpaces (phone)
    \-[FROM] FromClause: 'FROM' FromClause{level=1, fromElementCounter=1, fromElements=1, fromElementByClassAlias=[generatedAlias0], fromElementByTableAlias=[phone0_], fromElementsByPath=[], collectionJoinFromElementsByPath=[], impliedElements=[]}
       \-[FROM_FRAGMENT] FromElement: 'phone' FromElement{explicit,not a collection join,not a fetch join,fetch non-lazy properties,classAlias=generatedAlias0,role=null,tableName=phone,tableAlias=phone0_,origin=null,columns={,className=bloodbank.entity.Phone}}

2021-11-19T10:23:52,316|[DEBUG] ErrorTracker - throwQueryException() : no errors
2021-11-19T10:23:52,316|[DEBUG] ErrorTracker - throwQueryException() : no errors
2021-11-19T10:23:52,316|[TRACE] QueryPlanCache - Located HQL query plan in cache (delete Phone as generatedAlias0)
2021-11-19T10:23:52,316|[TRACE] HQLQueryPlan - Execute update: delete Phone as generatedAlias0
2021-11-19T10:23:52,316|[TRACE] QueryParameters - Named parameters: {}
2021-11-19T10:23:52,316|[DEBUG] SQL - 
    /* delete Phone as generatedAlias0 */ delete 
        from
            phone
2021-11-19T10:23:52,316|[TRACE] ResourceRegistryStandardImpl - Registering statement [com.mysql.cj.jdbc.ClientPreparedStatement: /* delete Phone as generatedAlias0 */ delete from phone]
2021-11-19T10:23:52,318|[TRACE] ResourceRegistryStandardImpl - Releasing statement [com.mysql.cj.jdbc.ClientPreparedStatement: /* delete Phone as generatedAlias0 */ delete from phone]
2021-11-19T10:23:52,318|[TRACE] ResourceRegistryStandardImpl - Closing prepared statement [com.mysql.cj.jdbc.ClientPreparedStatement: /* delete Phone as generatedAlias0 */ delete from phone]
2021-11-19T10:23:52,318|[TRACE] JdbcCoordinatorImpl - Starting after statement execution processing [AFTER_TRANSACTION]
2021-11-19T10:23:52,318|[TRACE] QueryPlanCache - Unable to locate HQL query plan in cache; generating (delete Address as generatedAlias0)
2021-11-19T10:23:52,319|[DEBUG] QueryTranslatorImpl - parse() - HQL: delete bloodbank.entity.Address as generatedAlias0
2021-11-19T10:23:52,319|[TRACE] HqlParser - -> statement
2021-11-19T10:23:52,319|[TRACE] HqlParser - ---> deleteStatement
2021-11-19T10:23:52,319|[TRACE] HqlParser - -----> optionalFromTokenFromClause
2021-11-19T10:23:52,319|[TRACE] HqlParser - -------> path
2021-11-19T10:23:52,319|[TRACE] HqlParser - ---------> identifier
2021-11-19T10:23:52,319|[TRACE] HqlParser - <--------- identifier
2021-11-19T10:23:52,319|[TRACE] HqlParser - ---------> identifier
2021-11-19T10:23:52,319|[TRACE] HqlParser - <--------- identifier
2021-11-19T10:23:52,319|[TRACE] HqlParser - ---------> identifier
2021-11-19T10:23:52,319|[TRACE] HqlParser - <--------- identifier
2021-11-19T10:23:52,319|[TRACE] HqlParser - <------- path
2021-11-19T10:23:52,319|[TRACE] HqlParser - -------> asAlias
2021-11-19T10:23:52,319|[TRACE] HqlParser - ---------> alias
2021-11-19T10:23:52,319|[TRACE] HqlParser - -----------> identifier
2021-11-19T10:23:52,319|[TRACE] HqlParser - <----------- identifier
2021-11-19T10:23:52,319|[TRACE] HqlParser - <--------- alias
2021-11-19T10:23:52,319|[TRACE] HqlParser - <------- asAlias
2021-11-19T10:23:52,319|[TRACE] HqlParser - <----- optionalFromTokenFromClause
2021-11-19T10:23:52,319|[TRACE] HqlParser - <--- deleteStatement
2021-11-19T10:23:52,319|[TRACE] HqlParser - <- statement
2021-11-19T10:23:52,319|[DEBUG] ErrorTracker - throwQueryException() : no errors
2021-11-19T10:23:52,319|[DEBUG] QueryTranslatorImpl - --- HQL AST ---
 \-[DELETE] Node: 'delete'
    \-[FROM] Node: 'FROM'
       \-[RANGE] Node: 'RANGE'
          +-[DOT] Node: '.'
          |  +-[DOT] Node: '.'
          |  |  +-[IDENT] Node: 'bloodbank'
          |  |  \-[IDENT] Node: 'entity'
          |  \-[IDENT] Node: 'Address'
          \-[ALIAS] Node: 'generatedAlias0'

2021-11-19T10:23:52,319|[DEBUG] HqlSqlBaseWalker - delete << begin [level=1, statement=delete]
2021-11-19T10:23:52,319|[DEBUG] FromElement - FromClause{level=1} : bloodbank.entity.Address (generatedAlias0) -> address0_
2021-11-19T10:23:52,319|[DEBUG] HqlSqlBaseWalker - delete : finishing up [level=1, statement=delete]
2021-11-19T10:23:52,319|[DEBUG] HqlSqlBaseWalker - delete >> end [level=1, statement=delete]
2021-11-19T10:23:52,319|[DEBUG] QueryTranslatorImpl - --- SQL AST ---
 \-[DELETE] DeleteStatement: 'delete'  querySpaces (address)
    \-[FROM] FromClause: 'FROM' FromClause{level=1, fromElementCounter=1, fromElements=1, fromElementByClassAlias=[generatedAlias0], fromElementByTableAlias=[address0_], fromElementsByPath=[], collectionJoinFromElementsByPath=[], impliedElements=[]}
       \-[FROM_FRAGMENT] FromElement: 'address' FromElement{explicit,not a collection join,not a fetch join,fetch non-lazy properties,classAlias=generatedAlias0,role=null,tableName=address,tableAlias=address0_,origin=null,columns={,className=bloodbank.entity.Address}}

2021-11-19T10:23:52,319|[DEBUG] ErrorTracker - throwQueryException() : no errors
2021-11-19T10:23:52,319|[DEBUG] ErrorTracker - throwQueryException() : no errors
2021-11-19T10:23:52,319|[TRACE] QueryPlanCache - Located HQL query plan in cache (delete Address as generatedAlias0)
2021-11-19T10:23:52,319|[TRACE] HQLQueryPlan - Execute update: delete Address as generatedAlias0
2021-11-19T10:23:52,320|[TRACE] QueryParameters - Named parameters: {}
2021-11-19T10:23:52,320|[DEBUG] SQL - 
    /* delete Address as generatedAlias0 */ delete 
        from
            address
2021-11-19T10:23:52,320|[TRACE] ResourceRegistryStandardImpl - Registering statement [com.mysql.cj.jdbc.ClientPreparedStatement: /* delete Address as generatedAlias0 */ delete from address]
2021-11-19T10:23:52,321|[TRACE] ResourceRegistryStandardImpl - Releasing statement [com.mysql.cj.jdbc.ClientPreparedStatement: /* delete Address as generatedAlias0 */ delete from address]
2021-11-19T10:23:52,321|[TRACE] ResourceRegistryStandardImpl - Closing prepared statement [com.mysql.cj.jdbc.ClientPreparedStatement: /* delete Address as generatedAlias0 */ delete from address]
2021-11-19T10:23:52,321|[TRACE] JdbcCoordinatorImpl - Starting after statement execution processing [AFTER_TRANSACTION]
2021-11-19T10:23:52,321|[DEBUG] TransactionImpl - committing
2021-11-19T10:23:52,321|[TRACE] JdbcResourceLocalTransactionCoordinatorImpl - ResourceLocalTransactionCoordinatorImpl#beforeCompletionCallback
2021-11-19T10:23:52,321|[TRACE] SessionImpl - SessionImpl#beforeTransactionCompletion()
2021-11-19T10:23:52,321|[TRACE] SessionImpl - Automatically flushing session
2021-11-19T10:23:52,321|[TRACE] AbstractLogicalConnectionImplementor - LogicalConnection#beforeTransactionCompletion
2021-11-19T10:23:52,321|[TRACE] SynchronizationRegistryStandardImpl - SynchronizationRegistryStandardImpl.notifySynchronizationsBeforeTransactionCompletion
2021-11-19T10:23:52,321|[TRACE] AbstractLogicalConnectionImplementor - Preparing to commit transaction via JDBC Connection.commit()
2021-11-19T10:23:52,322|[TRACE] AbstractLogicalConnectionImplementor - Transaction committed via JDBC Connection.commit()
2021-11-19T10:23:52,322|[TRACE] AbstractLogicalConnectionImplementor - LogicalConnection#afterTransaction
2021-11-19T10:23:52,322|[TRACE] ResourceRegistryStandardImpl - Releasing JDBC resources
2021-11-19T10:23:52,322|[DEBUG] LogicalConnectionManagedImpl - Initiating JDBC connection release from afterTransaction
2021-11-19T10:23:52,322|[TRACE] ResourceRegistryStandardImpl - Releasing JDBC resources
2021-11-19T10:23:52,322|[TRACE] JdbcResourceLocalTransactionCoordinatorImpl - ResourceLocalTransactionCoordinatorImpl#afterCompletionCallback(true)
2021-11-19T10:23:52,322|[TRACE] SynchronizationRegistryStandardImpl - SynchronizationRegistryStandardImpl.notifySynchronizationsAfterTransactionCompletion(3)
2021-11-19T10:23:52,322|[TRACE] AbstractLogicalConnectionImplementor - LogicalConnection#afterTransaction
2021-11-19T10:23:52,322|[TRACE] ResourceRegistryStandardImpl - Releasing JDBC resources
2021-11-19T10:23:52,322|[DEBUG] LogicalConnectionManagedImpl - Initiating JDBC connection release from afterTransaction
2021-11-19T10:23:52,322|[TRACE] SessionImpl - SessionImpl#afterTransactionCompletion(successful=true, delayed=false)
2021-11-19T10:23:52,322|[TRACE] SessionImpl - Closing session [2e22a0f5-e4eb-4366-a2c2-787cdcee5606]
2021-11-19T10:23:52,322|[TRACE] JdbcCoordinatorImpl - Closing JDBC container [org.hibernate.engine.jdbc.internal.JdbcCoordinatorImpl@682fe17b]
2021-11-19T10:23:52,322|[TRACE] ResourceRegistryStandardImpl - Releasing JDBC resources
2021-11-19T10:23:52,322|[TRACE] LogicalConnectionManagedImpl - Closing logical connection
2021-11-19T10:23:52,322|[TRACE] LogicalConnectionManagedImpl - Logical connection closed
2021-11-19T10:23:52,323|[TRACE] SessionFactoryImpl$SessionBuilderImpl - Opening Hibernate Session.  tenant=null
2021-11-19T10:23:52,324|[TRACE] SessionImpl - Opened Session [2c8adb98-f956-484d-94e8-800e5b696e4e] at timestamp: 1637335432323
2021-11-19T10:23:52,324|[DEBUG] TransactionImpl - On TransactionImpl creation, JpaCompliance#isJpaTransactionComplianceEnabled == false
2021-11-19T10:23:52,324|[DEBUG] CriteriaQueryImpl - Rendered criteria query -> select count(generatedAlias0) from DonationRecord as generatedAlias0
2021-11-19T10:23:52,324|[TRACE] QueryPlanCache - Unable to locate HQL query plan in cache; generating (select count(generatedAlias0) from DonationRecord as generatedAlias0)
2021-11-19T10:23:52,324|[DEBUG] QueryTranslatorImpl - parse() - HQL: select count(generatedAlias0) from bloodbank.entity.DonationRecord as generatedAlias0
2021-11-19T10:23:52,324|[TRACE] HqlParser - -> statement
2021-11-19T10:23:52,324|[TRACE] HqlParser - ---> selectStatement
2021-11-19T10:23:52,324|[TRACE] HqlParser - -----> queryRule
2021-11-19T10:23:52,324|[TRACE] HqlParser - -------> selectFrom
2021-11-19T10:23:52,324|[TRACE] HqlParser - ---------> selectClause
2021-11-19T10:23:52,324|[TRACE] HqlParser - -----------> selectedPropertiesList
2021-11-19T10:23:52,324|[TRACE] HqlParser - -------------> aliasedExpression
2021-11-19T10:23:52,324|[TRACE] HqlParser - ---------------> expression
2021-11-19T10:23:52,324|[TRACE] HqlParser - -----------------> logicalOrExpression
2021-11-19T10:23:52,324|[TRACE] HqlParser - -------------------> logicalAndExpression
2021-11-19T10:23:52,324|[TRACE] HqlParser - ---------------------> negatedExpression
2021-11-19T10:23:52,324|[TRACE] HqlParser - -----------------------> equalityExpression
2021-11-19T10:23:52,324|[TRACE] HqlParser - -------------------------> relationalExpression
2021-11-19T10:23:52,324|[TRACE] HqlParser - ---------------------------> concatenation
2021-11-19T10:23:52,324|[TRACE] HqlParser - -----------------------------> additiveExpression
2021-11-19T10:23:52,324|[TRACE] HqlParser - -------------------------------> multiplyExpression
2021-11-19T10:23:52,324|[TRACE] HqlParser - ---------------------------------> unaryExpression
2021-11-19T10:23:52,324|[TRACE] HqlParser - -----------------------------------> atom
2021-11-19T10:23:52,324|[TRACE] HqlParser - -------------------------------------> primaryExpression
2021-11-19T10:23:52,324|[TRACE] HqlParser - ---------------------------------------> identPrimary
2021-11-19T10:23:52,324|[TRACE] HqlParser - -----------------------------------------> aggregate
2021-11-19T10:23:52,324|[TRACE] HqlParser - -------------------------------------------> path
2021-11-19T10:23:52,324|[TRACE] HqlParser - ---------------------------------------------> identifier
2021-11-19T10:23:52,324|[TRACE] HqlParser - <--------------------------------------------- identifier
2021-11-19T10:23:52,324|[TRACE] HqlParser - <------------------------------------------- path
2021-11-19T10:23:52,324|[TRACE] HqlParser - <----------------------------------------- aggregate
2021-11-19T10:23:52,324|[TRACE] HqlParser - <--------------------------------------- identPrimary
2021-11-19T10:23:52,324|[TRACE] HqlParser - <------------------------------------- primaryExpression
2021-11-19T10:23:52,324|[TRACE] HqlParser - <----------------------------------- atom
2021-11-19T10:23:52,324|[TRACE] HqlParser - <--------------------------------- unaryExpression
2021-11-19T10:23:52,324|[TRACE] HqlParser - <------------------------------- multiplyExpression
2021-11-19T10:23:52,324|[TRACE] HqlParser - <----------------------------- additiveExpression
2021-11-19T10:23:52,324|[TRACE] HqlParser - <--------------------------- concatenation
2021-11-19T10:23:52,324|[TRACE] HqlParser - <------------------------- relationalExpression
2021-11-19T10:23:52,324|[TRACE] HqlParser - <----------------------- equalityExpression
2021-11-19T10:23:52,324|[TRACE] HqlParser - <--------------------- negatedExpression
2021-11-19T10:23:52,324|[TRACE] HqlParser - <------------------- logicalAndExpression
2021-11-19T10:23:52,324|[TRACE] HqlParser - <----------------- logicalOrExpression
2021-11-19T10:23:52,324|[TRACE] HqlParser - <--------------- expression
2021-11-19T10:23:52,324|[TRACE] HqlParser - <------------- aliasedExpression
2021-11-19T10:23:52,324|[TRACE] HqlParser - <----------- selectedPropertiesList
2021-11-19T10:23:52,324|[TRACE] HqlParser - <--------- selectClause
2021-11-19T10:23:52,324|[TRACE] HqlParser - ---------> fromClause
2021-11-19T10:23:52,324|[TRACE] HqlParser - -----------> fromRange
2021-11-19T10:23:52,324|[TRACE] HqlParser - -------------> fromClassOrOuterQueryPath
2021-11-19T10:23:52,324|[TRACE] HqlParser - ---------------> path
2021-11-19T10:23:52,325|[TRACE] HqlParser - -----------------> identifier
2021-11-19T10:23:52,325|[TRACE] HqlParser - <----------------- identifier
2021-11-19T10:23:52,325|[TRACE] HqlParser - -----------------> identifier
2021-11-19T10:23:52,325|[TRACE] HqlParser - <----------------- identifier
2021-11-19T10:23:52,325|[TRACE] HqlParser - -----------------> identifier
2021-11-19T10:23:52,325|[TRACE] HqlParser - <----------------- identifier
2021-11-19T10:23:52,325|[TRACE] HqlParser - <--------------- path
2021-11-19T10:23:52,325|[TRACE] HqlParser - ---------------> asAlias
2021-11-19T10:23:52,325|[TRACE] HqlParser - -----------------> alias
2021-11-19T10:23:52,325|[TRACE] HqlParser - -------------------> identifier
2021-11-19T10:23:52,325|[TRACE] HqlParser - <------------------- identifier
2021-11-19T10:23:52,325|[TRACE] HqlParser - <----------------- alias
2021-11-19T10:23:52,325|[TRACE] HqlParser - <--------------- asAlias
2021-11-19T10:23:52,325|[TRACE] HqlParser - <------------- fromClassOrOuterQueryPath
2021-11-19T10:23:52,325|[TRACE] HqlParser - <----------- fromRange
2021-11-19T10:23:52,325|[TRACE] HqlParser - <--------- fromClause
2021-11-19T10:23:52,325|[TRACE] HqlParser - <------- selectFrom
2021-11-19T10:23:52,325|[TRACE] HqlParser - <----- queryRule
2021-11-19T10:23:52,325|[TRACE] HqlParser - <--- selectStatement
2021-11-19T10:23:52,325|[TRACE] HqlParser - <- statement
2021-11-19T10:23:52,325|[DEBUG] ErrorTracker - throwQueryException() : no errors
2021-11-19T10:23:52,325|[DEBUG] QueryTranslatorImpl - --- HQL AST ---
 \-[QUERY] Node: 'query'
    \-[SELECT_FROM] Node: 'SELECT_FROM'
       +-[FROM] Node: 'from'
       |  \-[RANGE] Node: 'RANGE'
       |     +-[DOT] Node: '.'
       |     |  +-[DOT] Node: '.'
       |     |  |  +-[IDENT] Node: 'bloodbank'
       |     |  |  \-[IDENT] Node: 'entity'
       |     |  \-[IDENT] Node: 'DonationRecord'
       |     \-[ALIAS] Node: 'generatedAlias0'
       \-[SELECT] Node: 'select'
          \-[COUNT] Node: 'count'
             \-[IDENT] Node: 'generatedAlias0'

2021-11-19T10:23:52,325|[DEBUG] HqlSqlBaseWalker - select << begin [level=1, statement=select]
2021-11-19T10:23:52,325|[DEBUG] FromElement - FromClause{level=1} : bloodbank.entity.DonationRecord (generatedAlias0) -> donationre0_
2021-11-19T10:23:52,325|[DEBUG] FromReferenceNode - Resolved : generatedAlias0 -> donationre0_.record_id
2021-11-19T10:23:52,325|[DEBUG] HqlSqlBaseWalker - select : finishing up [level=1, statement=select]
2021-11-19T10:23:52,325|[DEBUG] HqlSqlWalker - processQuery() :  ( SELECT ( {select clause} ( count donationre0_.record_id ) ) ( FromClause{level=1} donation_record donationre0_ ) )
2021-11-19T10:23:52,325|[DEBUG] JoinProcessor - Tables referenced from query nodes:
 \-QueryNode
    +-SelectClause
    |  +-CountNode
    |  |  \-IdentNode
    |  |    persister: SingleTableEntityPersister(bloodbank.entity.DonationRecord)
    |  |    originalText: generatedAlias0
    |  \-SqlNode
    \-FromClause
       \-FromElement

2021-11-19T10:23:52,325|[DEBUG] JoinProcessor - Using FROM fragment [donation_record donationre0_]
2021-11-19T10:23:52,325|[DEBUG] HqlSqlBaseWalker - select >> end [level=1, statement=select]
2021-11-19T10:23:52,326|[DEBUG] QueryTranslatorImpl - --- SQL AST ---
 \-[SELECT] QueryNode: 'SELECT'  querySpaces (donation_record)
    +-[SELECT_CLAUSE] SelectClause: '{select clause}'
    |  +-[COUNT] CountNode: 'count'
    |  |  \-[ALIAS_REF] IdentNode: 'donationre0_.record_id' {alias=generatedAlias0, className=bloodbank.entity.DonationRecord, tableAlias=donationre0_}
    |  \-[SELECT_COLUMNS] SqlNode: ' as col_0_0_'
    \-[FROM] FromClause: 'from' FromClause{level=1, fromElementCounter=1, fromElements=1, fromElementByClassAlias=[generatedAlias0], fromElementByTableAlias=[donationre0_], fromElementsByPath=[], collectionJoinFromElementsByPath=[], impliedElements=[]}
       \-[FROM_FRAGMENT] FromElement: 'donation_record donationre0_' FromElement{explicit,not a collection join,not a fetch join,fetch non-lazy properties,classAlias=generatedAlias0,role=null,tableName=donation_record,tableAlias=donationre0_,origin=null,columns={,className=bloodbank.entity.DonationRecord}}

2021-11-19T10:23:52,326|[DEBUG] ErrorTracker - throwQueryException() : no errors
2021-11-19T10:23:52,326|[DEBUG] QueryTranslatorImpl - HQL: select count(generatedAlias0) from bloodbank.entity.DonationRecord as generatedAlias0
2021-11-19T10:23:52,326|[DEBUG] QueryTranslatorImpl - SQL: select count(donationre0_.record_id) as col_0_0_ from donation_record donationre0_
2021-11-19T10:23:52,326|[DEBUG] ErrorTracker - throwQueryException() : no errors
2021-11-19T10:23:52,326|[TRACE] QueryPlanCache - Located HQL query plan in cache (select count(generatedAlias0) from DonationRecord as generatedAlias0)
2021-11-19T10:23:52,326|[TRACE] QueryPlanCache - Located HQL query plan in cache (select count(generatedAlias0) from DonationRecord as generatedAlias0)
2021-11-19T10:23:52,326|[TRACE] HQLQueryPlan - Find: select count(generatedAlias0) from DonationRecord as generatedAlias0
2021-11-19T10:23:52,326|[TRACE] QueryParameters - Named parameters: {}
2021-11-19T10:23:52,326|[DEBUG] SQL - 
    /* select
        count(generatedAlias0) 
    from
        DonationRecord as generatedAlias0 */ select
            count(donationre0_.record_id) as col_0_0_ 
        from
            donation_record donationre0_
2021-11-19T10:23:52,327|[TRACE] ResourceRegistryStandardImpl - Registering statement [com.mysql.cj.jdbc.ClientPreparedStatement: /* select count(generatedAlias0) from DonationRecord as generatedAlias0 */ select count(donationre0_.record_id) as col_0_0_ from donation_record donationre0_]
2021-11-19T10:23:52,327|[TRACE] JdbcCoordinatorImpl - Registering last query statement [com.mysql.cj.jdbc.ClientPreparedStatement: /* select count(generatedAlias0) from DonationRecord as generatedAlias0 */ select count(donationre0_.record_id) as col_0_0_ from donation_record donationre0_]
2021-11-19T10:23:52,327|[TRACE] Loader - Bound [1] parameters total
2021-11-19T10:23:52,327|[TRACE] ResourceRegistryStandardImpl - Registering result set [com.mysql.cj.jdbc.result.ResultSetImpl@333efb51]
2021-11-19T10:23:52,327|[TRACE] Loader - Processing result set
2021-11-19T10:23:52,327|[DEBUG] Loader - Result set row: 0
2021-11-19T10:23:52,327|[DEBUG] Loader - Result row: 
2021-11-19T10:23:52,328|[TRACE] BasicExtractor - extracted value ([col_0_0_] : [BIGINT]) - [0]
2021-11-19T10:23:52,328|[TRACE] Loader - Done processing result set (1 rows)
2021-11-19T10:23:52,328|[TRACE] ResourceRegistryStandardImpl - Releasing statement [com.mysql.cj.jdbc.ClientPreparedStatement: /* select count(generatedAlias0) from DonationRecord as generatedAlias0 */ select count(donationre0_.record_id) as col_0_0_ from donation_record donationre0_]
2021-11-19T10:23:52,328|[TRACE] ResourceRegistryStandardImpl - Closing result set [com.mysql.cj.jdbc.result.ResultSetImpl@333efb51]
2021-11-19T10:23:52,328|[TRACE] ResourceRegistryStandardImpl - Closing prepared statement [com.mysql.cj.jdbc.ClientPreparedStatement: /* select count(generatedAlias0) from DonationRecord as generatedAlias0 */ select count(donationre0_.record_id) as col_0_0_ from donation_record donationre0_]
2021-11-19T10:23:52,328|[TRACE] JdbcCoordinatorImpl - Starting after statement execution processing [AFTER_TRANSACTION]
2021-11-19T10:23:52,328|[TRACE] StatefulPersistenceContext - Initializing non-lazy collections
2021-11-19T10:23:52,328|[TRACE] AbstractLogicalConnectionImplementor - LogicalConnection#afterTransaction
2021-11-19T10:23:52,328|[TRACE] ResourceRegistryStandardImpl - Releasing JDBC resources
2021-11-19T10:23:52,328|[DEBUG] LogicalConnectionManagedImpl - Initiating JDBC connection release from afterTransaction
2021-11-19T10:23:52,328|[TRACE] ResourceRegistryStandardImpl - Releasing JDBC resources
2021-11-19T10:23:52,328|[TRACE] SessionImpl - Closing session [2c8adb98-f956-484d-94e8-800e5b696e4e]
2021-11-19T10:23:52,328|[TRACE] JdbcCoordinatorImpl - Closing JDBC container [org.hibernate.engine.jdbc.internal.JdbcCoordinatorImpl@2c451c4a]
2021-11-19T10:23:52,328|[TRACE] ResourceRegistryStandardImpl - Releasing JDBC resources
2021-11-19T10:23:52,328|[TRACE] LogicalConnectionManagedImpl - Closing logical connection
2021-11-19T10:23:52,328|[TRACE] LogicalConnectionManagedImpl - Logical connection closed
]]></system-out>
  </testcase>
  <testcase name="testCreate" classname="bloodbank.entity.TestCRUDDonationRecord" time="0.018">
    <system-out><![CDATA[2021-11-19T10:23:52,329|[TRACE] SessionFactoryImpl$SessionBuilderImpl - Opening Hibernate Session.  tenant=null
2021-11-19T10:23:52,329|[TRACE] SessionImpl - Opened Session [76352321-2a0e-4e51-b333-bcbd6b5366ce] at timestamp: 1637335432329
2021-11-19T10:23:52,329|[DEBUG] TransactionImpl - On TransactionImpl creation, JpaCompliance#isJpaTransactionComplianceEnabled == false
2021-11-19T10:23:52,329|[DEBUG] TransactionImpl - begin
2021-11-19T10:23:52,329|[TRACE] AbstractLogicalConnectionImplementor - Preparing to begin transaction via JDBC Connection.setAutoCommit(false)
2021-11-19T10:23:52,330|[TRACE] AbstractLogicalConnectionImplementor - Transaction begun via JDBC Connection.setAutoCommit(false)
2021-11-19T10:23:52,330|[TRACE] JdbcResourceLocalTransactionCoordinatorImpl - ResourceLocalTransactionCoordinatorImpl#afterBeginCallback
2021-11-19T10:23:52,330|[TRACE] VersionValue - Version unsaved-value strategy UNDEFINED
2021-11-19T10:23:52,330|[TRACE] IdentifierValue - ID unsaved-value: 0
2021-11-19T10:23:52,330|[TRACE] EntityState - Transient instance of: bloodbank.entity.Person
2021-11-19T10:23:52,330|[TRACE] DefaultPersistEventListener - Saving transient instance
2021-11-19T10:23:52,330|[TRACE] AbstractSaveEventListener - Saving [bloodbank.entity.Person#<null>]
2021-11-19T10:23:52,330|[TRACE] Cascade - Processing cascade ACTION_PERSIST for: bloodbank.entity.Person
2021-11-19T10:23:52,330|[TRACE] Cascade - Done processing cascade ACTION_PERSIST for: bloodbank.entity.Person
2021-11-19T10:23:52,330|[TRACE] Versioning - Using initial version: 0
2021-11-19T10:23:52,330|[TRACE] WrapVisitor - Wrapped collection in role: bloodbank.entity.Person.contacts
2021-11-19T10:23:52,330|[TRACE] WrapVisitor - Wrapped collection in role: bloodbank.entity.Person.donations
2021-11-19T10:23:52,330|[TRACE] ActionQueue - Adding an EntityIdentityInsertAction for [bloodbank.entity.Person] object
2021-11-19T10:23:52,330|[TRACE] ActionQueue - Executing inserts before finding non-nullable transient entities for early insert: [EntityIdentityInsertAction[bloodbank.entity.Person#<null>]]
2021-11-19T10:23:52,330|[TRACE] ActionQueue - Adding insert with no non-nullable, transient entities: [EntityIdentityInsertAction[bloodbank.entity.Person#<null>]]
2021-11-19T10:23:52,330|[TRACE] ActionQueue - Executing insertions before resolved early-insert
2021-11-19T10:23:52,330|[DEBUG] ActionQueue - Executing identity-insert immediately
2021-11-19T10:23:52,330|[TRACE] AbstractEntityPersister - Inserting entity: bloodbank.entity.Person (native id)
2021-11-19T10:23:52,330|[TRACE] AbstractEntityPersister - Version: 0
2021-11-19T10:23:52,330|[DEBUG] SQL - 
    /* insert bloodbank.entity.Person
        */ insert 
        into
            person
            (created, updated, version, first_name, last_name) 
        values
            (?, ?, ?, ?, ?)
2021-11-19T10:23:52,330|[TRACE] ResourceRegistryStandardImpl - Registering statement [com.mysql.cj.jdbc.ClientPreparedStatement: /* insert bloodbank.entity.Person */ insert into person (created, updated, version, first_name, last_name) values (** NOT SPECIFIED **, ** NOT SPECIFIED **, ** NOT SPECIFIED **, ** NOT SPECIFIED **, ** NOT SPECIFIED **)]
2021-11-19T10:23:52,330|[TRACE] AbstractEntityPersister - Dehydrating entity: [bloodbank.entity.Person#<null>]
2021-11-19T10:23:52,330|[TRACE] BasicBinder - binding parameter [1] as [BIGINT] - [1637335432330]
2021-11-19T10:23:52,330|[TRACE] BasicBinder - binding parameter [2] as [BIGINT] - [1637335432330]
2021-11-19T10:23:52,330|[TRACE] BasicBinder - binding parameter [3] as [INTEGER] - [0]
2021-11-19T10:23:52,330|[TRACE] BasicBinder - binding parameter [4] as [VARCHAR] - [Simzhuo]
2021-11-19T10:23:52,330|[TRACE] BasicBinder - binding parameter [5] as [VARCHAR] - [Aho]
2021-11-19T10:23:52,331|[DEBUG] IdentifierGeneratorHelper - Natively generated identity: 1
2021-11-19T10:23:52,331|[TRACE] ResourceRegistryStandardImpl - Releasing result set [com.mysql.cj.jdbc.result.ResultSetImpl@67b09e34]
2021-11-19T10:23:52,331|[TRACE] ResourceRegistryStandardImpl - Closing result set [com.mysql.cj.jdbc.result.ResultSetImpl@67b09e34]
2021-11-19T10:23:52,331|[TRACE] ResourceRegistryStandardImpl - Releasing statement [com.mysql.cj.jdbc.ClientPreparedStatement: /* insert bloodbank.entity.Person */ insert into person (created, updated, version, first_name, last_name) values (1637335432330, 1637335432330, 0, 'Simzhuo', 'Aho')]
2021-11-19T10:23:52,331|[DEBUG] ResourceRegistryStandardImpl - HHH000387: ResultSet's statement was not registered
2021-11-19T10:23:52,331|[TRACE] ResourceRegistryStandardImpl - Closing prepared statement [com.mysql.cj.jdbc.ClientPreparedStatement: /* insert bloodbank.entity.Person */ insert into person (created, updated, version, first_name, last_name) values (1637335432330, 1637335432330, 0, 'Simzhuo', 'Aho')]
2021-11-19T10:23:52,331|[TRACE] JdbcCoordinatorImpl - Starting after statement execution processing [AFTER_TRANSACTION]
2021-11-19T10:23:52,331|[TRACE] Cascade - Processing cascade ACTION_PERSIST for: bloodbank.entity.Person
2021-11-19T10:23:52,331|[TRACE] Cascade - Cascade ACTION_PERSIST for collection: bloodbank.entity.Person.contacts
2021-11-19T10:23:52,331|[TRACE] Cascade - Done cascade ACTION_PERSIST for collection: bloodbank.entity.Person.contacts
2021-11-19T10:23:52,332|[TRACE] Cascade - Cascade ACTION_PERSIST for collection: bloodbank.entity.Person.donations
2021-11-19T10:23:52,332|[TRACE] Cascade - Done cascade ACTION_PERSIST for collection: bloodbank.entity.Person.donations
2021-11-19T10:23:52,332|[TRACE] Cascade - Done processing cascade ACTION_PERSIST for: bloodbank.entity.Person
2021-11-19T10:23:52,332|[TRACE] VersionValue - Version unsaved-value strategy UNDEFINED
2021-11-19T10:23:52,332|[TRACE] IdentifierValue - ID unsaved-value: 0
2021-11-19T10:23:52,332|[TRACE] EntityState - Transient instance of: bloodbank.entity.DonationRecord
2021-11-19T10:23:52,332|[TRACE] DefaultPersistEventListener - Saving transient instance
2021-11-19T10:23:52,332|[TRACE] AbstractSaveEventListener - Saving [bloodbank.entity.DonationRecord#<null>]
2021-11-19T10:23:52,332|[TRACE] Cascade - Processing cascade ACTION_PERSIST for: bloodbank.entity.DonationRecord
2021-11-19T10:23:52,332|[TRACE] CascadingAction - Cascading to persist: bloodbank.entity.BloodDonation
2021-11-19T10:23:52,332|[TRACE] VersionValue - Version unsaved-value strategy UNDEFINED
2021-11-19T10:23:52,332|[TRACE] IdentifierValue - ID unsaved-value: 0
2021-11-19T10:23:52,332|[TRACE] EntityState - Transient instance of: bloodbank.entity.BloodDonation
2021-11-19T10:23:52,332|[TRACE] DefaultPersistEventListener - Saving transient instance
2021-11-19T10:23:52,332|[TRACE] AbstractSaveEventListener - Saving [bloodbank.entity.BloodDonation#<null>]
2021-11-19T10:23:52,332|[TRACE] Cascade - Processing cascade ACTION_PERSIST for: bloodbank.entity.BloodDonation
2021-11-19T10:23:52,332|[TRACE] CascadingAction - Cascading to persist: bloodbank.entity.BloodBank
2021-11-19T10:23:52,332|[TRACE] VersionValue - Version unsaved-value strategy UNDEFINED
2021-11-19T10:23:52,332|[TRACE] IdentifierValue - ID unsaved-value: 0
2021-11-19T10:23:52,332|[TRACE] EntityState - Transient instance of: bloodbank.entity.BloodBank
2021-11-19T10:23:52,332|[TRACE] DefaultPersistEventListener - Saving transient instance
2021-11-19T10:23:52,332|[TRACE] AbstractSaveEventListener - Saving [bloodbank.entity.PrivateBloodBank#<null>]
2021-11-19T10:23:52,332|[TRACE] Cascade - Processing cascade ACTION_PERSIST for: bloodbank.entity.PrivateBloodBank
2021-11-19T10:23:52,332|[TRACE] Cascade - Done processing cascade ACTION_PERSIST for: bloodbank.entity.PrivateBloodBank
2021-11-19T10:23:52,332|[TRACE] Versioning - Using initial version: 0
2021-11-19T10:23:52,332|[TRACE] WrapVisitor - Wrapped collection in role: bloodbank.entity.BloodBank.donations
2021-11-19T10:23:52,332|[TRACE] ActionQueue - Adding an EntityIdentityInsertAction for [bloodbank.entity.PrivateBloodBank] object
2021-11-19T10:23:52,332|[TRACE] ActionQueue - Executing inserts before finding non-nullable transient entities for early insert: [EntityIdentityInsertAction[bloodbank.entity.PrivateBloodBank#<null>]]
2021-11-19T10:23:52,332|[TRACE] ActionQueue - Adding insert with no non-nullable, transient entities: [EntityIdentityInsertAction[bloodbank.entity.PrivateBloodBank#<null>]]
2021-11-19T10:23:52,332|[TRACE] ActionQueue - Executing insertions before resolved early-insert
2021-11-19T10:23:52,332|[DEBUG] ActionQueue - Executing identity-insert immediately
2021-11-19T10:23:52,332|[TRACE] AbstractEntityPersister - Inserting entity: bloodbank.entity.PrivateBloodBank (native id)
2021-11-19T10:23:52,332|[TRACE] AbstractEntityPersister - Version: 0
2021-11-19T10:23:52,332|[DEBUG] SQL - 
    /* insert bloodbank.entity.PrivateBloodBank
        */ insert 
        into
            blood_bank
            (created, updated, version, name, privately_owned) 
        values
            (?, ?, ?, ?, 1)
2021-11-19T10:23:52,332|[TRACE] ResourceRegistryStandardImpl - Registering statement [com.mysql.cj.jdbc.ClientPreparedStatement: /* insert bloodbank.entity.PrivateBloodBank */ insert into blood_bank (created, updated, version, name, privately_owned) values (** NOT SPECIFIED **, ** NOT SPECIFIED **, ** NOT SPECIFIED **, ** NOT SPECIFIED **, 1)]
2021-11-19T10:23:52,332|[TRACE] AbstractEntityPersister - Dehydrating entity: [bloodbank.entity.PrivateBloodBank#<null>]
2021-11-19T10:23:52,332|[TRACE] BasicBinder - binding parameter [1] as [BIGINT] - [1637335432332]
2021-11-19T10:23:52,332|[TRACE] BasicBinder - binding parameter [2] as [BIGINT] - [1637335432332]
2021-11-19T10:23:52,332|[TRACE] BasicBinder - binding parameter [3] as [INTEGER] - [0]
2021-11-19T10:23:52,332|[TRACE] BasicBinder - binding parameter [4] as [VARCHAR] - [Simzhuo Blood Bank]
2021-11-19T10:23:52,333|[DEBUG] IdentifierGeneratorHelper - Natively generated identity: 1
2021-11-19T10:23:52,333|[TRACE] ResourceRegistryStandardImpl - Releasing result set [com.mysql.cj.jdbc.result.ResultSetImpl@41d84abb]
2021-11-19T10:23:52,333|[TRACE] ResourceRegistryStandardImpl - Closing result set [com.mysql.cj.jdbc.result.ResultSetImpl@41d84abb]
2021-11-19T10:23:52,333|[TRACE] ResourceRegistryStandardImpl - Releasing statement [com.mysql.cj.jdbc.ClientPreparedStatement: /* insert bloodbank.entity.PrivateBloodBank */ insert into blood_bank (created, updated, version, name, privately_owned) values (1637335432332, 1637335432332, 0, 'Simzhuo Blood Bank', 1)]
2021-11-19T10:23:52,333|[DEBUG] ResourceRegistryStandardImpl - HHH000387: ResultSet's statement was not registered
2021-11-19T10:23:52,333|[TRACE] ResourceRegistryStandardImpl - Closing prepared statement [com.mysql.cj.jdbc.ClientPreparedStatement: /* insert bloodbank.entity.PrivateBloodBank */ insert into blood_bank (created, updated, version, name, privately_owned) values (1637335432332, 1637335432332, 0, 'Simzhuo Blood Bank', 1)]
2021-11-19T10:23:52,333|[TRACE] JdbcCoordinatorImpl - Starting after statement execution processing [AFTER_TRANSACTION]
2021-11-19T10:23:52,333|[TRACE] Cascade - Processing cascade ACTION_PERSIST for: bloodbank.entity.PrivateBloodBank
2021-11-19T10:23:52,333|[TRACE] Cascade - Cascade ACTION_PERSIST for collection: bloodbank.entity.BloodBank.donations
2021-11-19T10:23:52,333|[TRACE] CascadingAction - Cascading to persist: bloodbank.entity.BloodDonation
2021-11-19T10:23:52,333|[TRACE] EntityState - Persistent instance of: bloodbank.entity.BloodDonation
2021-11-19T10:23:52,333|[TRACE] DefaultPersistEventListener - Ignoring persistent instance
2021-11-19T10:23:52,333|[TRACE] Cascade - Done cascade ACTION_PERSIST for collection: bloodbank.entity.BloodBank.donations
2021-11-19T10:23:52,333|[TRACE] Cascade - Done processing cascade ACTION_PERSIST for: bloodbank.entity.PrivateBloodBank
2021-11-19T10:23:52,333|[TRACE] Cascade - Done processing cascade ACTION_PERSIST for: bloodbank.entity.BloodDonation
2021-11-19T10:23:52,333|[TRACE] Versioning - Using initial version: 0
2021-11-19T10:23:52,333|[TRACE] ActionQueue - Adding an EntityIdentityInsertAction for [bloodbank.entity.BloodDonation] object
2021-11-19T10:23:52,333|[TRACE] ActionQueue - Executing inserts before finding non-nullable transient entities for early insert: [EntityIdentityInsertAction[bloodbank.entity.BloodDonation#<null>]]
2021-11-19T10:23:52,333|[TRACE] ActionQueue - Adding insert with no non-nullable, transient entities: [EntityIdentityInsertAction[bloodbank.entity.BloodDonation#<null>]]
2021-11-19T10:23:52,333|[TRACE] ActionQueue - Executing insertions before resolved early-insert
2021-11-19T10:23:52,333|[DEBUG] ActionQueue - Executing identity-insert immediately
2021-11-19T10:23:52,333|[TRACE] AbstractEntityPersister - Inserting entity: bloodbank.entity.BloodDonation (native id)
2021-11-19T10:23:52,333|[TRACE] AbstractEntityPersister - Version: 0
2021-11-19T10:23:52,334|[DEBUG] SQL - 
    /* insert bloodbank.entity.BloodDonation
        */ insert 
        into
            blood_donation
            (created, updated, version, bank_id, blood_group, rhd, milliliters) 
        values
            (?, ?, ?, ?, ?, ?, ?)
2021-11-19T10:23:52,334|[TRACE] ResourceRegistryStandardImpl - Registering statement [com.mysql.cj.jdbc.ClientPreparedStatement: /* insert bloodbank.entity.BloodDonation */ insert into blood_donation (created, updated, version, bank_id, blood_group, rhd, milliliters) values (** NOT SPECIFIED **, ** NOT SPECIFIED **, ** NOT SPECIFIED **, ** NOT SPECIFIED **, ** NOT SPECIFIED **, ** NOT SPECIFIED **, ** NOT SPECIFIED **)]
2021-11-19T10:23:52,334|[TRACE] AbstractEntityPersister - Dehydrating entity: [bloodbank.entity.BloodDonation#<null>]
2021-11-19T10:23:52,335|[TRACE] BasicBinder - binding parameter [1] as [BIGINT] - [1637335432332]
2021-11-19T10:23:52,335|[TRACE] BasicBinder - binding parameter [2] as [BIGINT] - [1637335432332]
2021-11-19T10:23:52,335|[TRACE] BasicBinder - binding parameter [3] as [INTEGER] - [0]
2021-11-19T10:23:52,335|[TRACE] BasicBinder - binding parameter [4] as [INTEGER] - [1]
2021-11-19T10:23:52,335|[TRACE] BasicBinder - binding parameter [5] as [VARCHAR] - [AB]
2021-11-19T10:23:52,335|[TRACE] BasicBinder - binding parameter [6] as [TINYINT] - [1]
2021-11-19T10:23:52,335|[TRACE] BasicBinder - binding parameter [7] as [INTEGER] - [5]
2021-11-19T10:23:52,336|[DEBUG] IdentifierGeneratorHelper - Natively generated identity: 1
2021-11-19T10:23:52,336|[TRACE] ResourceRegistryStandardImpl - Releasing result set [com.mysql.cj.jdbc.result.ResultSetImpl@4d7c9b42]
2021-11-19T10:23:52,336|[TRACE] ResourceRegistryStandardImpl - Closing result set [com.mysql.cj.jdbc.result.ResultSetImpl@4d7c9b42]
2021-11-19T10:23:52,336|[TRACE] ResourceRegistryStandardImpl - Releasing statement [com.mysql.cj.jdbc.ClientPreparedStatement: /* insert bloodbank.entity.BloodDonation */ insert into blood_donation (created, updated, version, bank_id, blood_group, rhd, milliliters) values (1637335432332, 1637335432332, 0, 1, 'AB', 1, 5)]
2021-11-19T10:23:52,336|[DEBUG] ResourceRegistryStandardImpl - HHH000387: ResultSet's statement was not registered
2021-11-19T10:23:52,336|[TRACE] ResourceRegistryStandardImpl - Closing prepared statement [com.mysql.cj.jdbc.ClientPreparedStatement: /* insert bloodbank.entity.BloodDonation */ insert into blood_donation (created, updated, version, bank_id, blood_group, rhd, milliliters) values (1637335432332, 1637335432332, 0, 1, 'AB', 1, 5)]
2021-11-19T10:23:52,336|[TRACE] JdbcCoordinatorImpl - Starting after statement execution processing [AFTER_TRANSACTION]
2021-11-19T10:23:52,336|[TRACE] Cascade - Processing cascade ACTION_PERSIST for: bloodbank.entity.BloodDonation
2021-11-19T10:23:52,336|[TRACE] Cascade - Done processing cascade ACTION_PERSIST for: bloodbank.entity.BloodDonation
2021-11-19T10:23:52,336|[TRACE] Cascade - Done processing cascade ACTION_PERSIST for: bloodbank.entity.DonationRecord
2021-11-19T10:23:52,336|[TRACE] Versioning - Using initial version: 0
2021-11-19T10:23:52,336|[TRACE] ActionQueue - Adding an EntityIdentityInsertAction for [bloodbank.entity.DonationRecord] object
2021-11-19T10:23:52,336|[TRACE] ActionQueue - Executing inserts before finding non-nullable transient entities for early insert: [EntityIdentityInsertAction[bloodbank.entity.DonationRecord#<null>]]
2021-11-19T10:23:52,336|[TRACE] ActionQueue - Adding insert with no non-nullable, transient entities: [EntityIdentityInsertAction[bloodbank.entity.DonationRecord#<null>]]
2021-11-19T10:23:52,336|[TRACE] ActionQueue - Executing insertions before resolved early-insert
2021-11-19T10:23:52,336|[DEBUG] ActionQueue - Executing identity-insert immediately
2021-11-19T10:23:52,336|[TRACE] AbstractEntityPersister - Inserting entity: bloodbank.entity.DonationRecord (native id)
2021-11-19T10:23:52,336|[TRACE] AbstractEntityPersister - Version: 0
2021-11-19T10:23:52,336|[DEBUG] SQL - 
    /* insert bloodbank.entity.DonationRecord
        */ insert 
        into
            donation_record
            (created, updated, version, donation_id, person_id, tested) 
        values
            (?, ?, ?, ?, ?, ?)
2021-11-19T10:23:52,336|[TRACE] ResourceRegistryStandardImpl - Registering statement [com.mysql.cj.jdbc.ClientPreparedStatement: /* insert bloodbank.entity.DonationRecord */ insert into donation_record (created, updated, version, donation_id, person_id, tested) values (** NOT SPECIFIED **, ** NOT SPECIFIED **, ** NOT SPECIFIED **, ** NOT SPECIFIED **, ** NOT SPECIFIED **, ** NOT SPECIFIED **)]
2021-11-19T10:23:52,336|[TRACE] AbstractEntityPersister - Dehydrating entity: [bloodbank.entity.DonationRecord#<null>]
2021-11-19T10:23:52,336|[TRACE] BasicBinder - binding parameter [1] as [BIGINT] - [1637335432332]
2021-11-19T10:23:52,336|[TRACE] BasicBinder - binding parameter [2] as [BIGINT] - [1637335432332]
2021-11-19T10:23:52,336|[TRACE] BasicBinder - binding parameter [3] as [INTEGER] - [0]
2021-11-19T10:23:52,336|[TRACE] BasicBinder - binding parameter [4] as [INTEGER] - [1]
2021-11-19T10:23:52,336|[TRACE] BasicBinder - binding parameter [5] as [INTEGER] - [1]
2021-11-19T10:23:52,336|[TRACE] BasicBinder - binding parameter [6] as [TINYINT] - [0]
2021-11-19T10:23:52,337|[DEBUG] IdentifierGeneratorHelper - Natively generated identity: 1
2021-11-19T10:23:52,337|[TRACE] ResourceRegistryStandardImpl - Releasing result set [com.mysql.cj.jdbc.result.ResultSetImpl@7ade62a6]
2021-11-19T10:23:52,337|[TRACE] ResourceRegistryStandardImpl - Closing result set [com.mysql.cj.jdbc.result.ResultSetImpl@7ade62a6]
2021-11-19T10:23:52,337|[TRACE] ResourceRegistryStandardImpl - Releasing statement [com.mysql.cj.jdbc.ClientPreparedStatement: /* insert bloodbank.entity.DonationRecord */ insert into donation_record (created, updated, version, donation_id, person_id, tested) values (1637335432332, 1637335432332, 0, 1, 1, 0)]
2021-11-19T10:23:52,337|[DEBUG] ResourceRegistryStandardImpl - HHH000387: ResultSet's statement was not registered
2021-11-19T10:23:52,337|[TRACE] ResourceRegistryStandardImpl - Closing prepared statement [com.mysql.cj.jdbc.ClientPreparedStatement: /* insert bloodbank.entity.DonationRecord */ insert into donation_record (created, updated, version, donation_id, person_id, tested) values (1637335432332, 1637335432332, 0, 1, 1, 0)]
2021-11-19T10:23:52,337|[TRACE] JdbcCoordinatorImpl - Starting after statement execution processing [AFTER_TRANSACTION]
2021-11-19T10:23:52,337|[TRACE] Cascade - Processing cascade ACTION_PERSIST for: bloodbank.entity.DonationRecord
2021-11-19T10:23:52,337|[TRACE] Cascade - Done processing cascade ACTION_PERSIST for: bloodbank.entity.DonationRecord
2021-11-19T10:23:52,337|[TRACE] EntityState - Persistent instance of: bloodbank.entity.PrivateBloodBank
2021-11-19T10:23:52,337|[TRACE] DefaultPersistEventListener - Ignoring persistent instance
2021-11-19T10:23:52,337|[TRACE] Cascade - Processing cascade ACTION_PERSIST for: bloodbank.entity.PrivateBloodBank
2021-11-19T10:23:52,337|[TRACE] Cascade - Done processing cascade ACTION_PERSIST for: bloodbank.entity.PrivateBloodBank
2021-11-19T10:23:52,337|[TRACE] Cascade - Processing cascade ACTION_PERSIST for: bloodbank.entity.PrivateBloodBank
2021-11-19T10:23:52,337|[TRACE] Cascade - Cascade ACTION_PERSIST for collection: bloodbank.entity.BloodBank.donations
2021-11-19T10:23:52,337|[TRACE] CascadingAction - Cascading to persist: bloodbank.entity.BloodDonation
2021-11-19T10:23:52,337|[TRACE] EntityState - Persistent instance of: bloodbank.entity.BloodDonation
2021-11-19T10:23:52,337|[TRACE] DefaultPersistEventListener - Ignoring persistent instance
2021-11-19T10:23:52,337|[TRACE] Cascade - Processing cascade ACTION_PERSIST for: bloodbank.entity.BloodDonation
2021-11-19T10:23:52,337|[TRACE] CascadingAction - Cascading to persist: bloodbank.entity.BloodBank
2021-11-19T10:23:52,337|[TRACE] EntityState - Persistent instance of: bloodbank.entity.BloodBank
2021-11-19T10:23:52,337|[TRACE] DefaultPersistEventListener - Ignoring persistent instance
2021-11-19T10:23:52,337|[TRACE] Cascade - Done processing cascade ACTION_PERSIST for: bloodbank.entity.BloodDonation
2021-11-19T10:23:52,337|[TRACE] Cascade - Processing cascade ACTION_PERSIST for: bloodbank.entity.BloodDonation
2021-11-19T10:23:52,337|[TRACE] Cascade - Done processing cascade ACTION_PERSIST for: bloodbank.entity.BloodDonation
2021-11-19T10:23:52,337|[TRACE] Cascade - Done cascade ACTION_PERSIST for collection: bloodbank.entity.BloodBank.donations
2021-11-19T10:23:52,337|[TRACE] Cascade - Done processing cascade ACTION_PERSIST for: bloodbank.entity.PrivateBloodBank
2021-11-19T10:23:52,337|[DEBUG] TransactionImpl - committing
2021-11-19T10:23:52,337|[TRACE] JdbcResourceLocalTransactionCoordinatorImpl - ResourceLocalTransactionCoordinatorImpl#beforeCompletionCallback
2021-11-19T10:23:52,337|[TRACE] SessionImpl - SessionImpl#beforeTransactionCompletion()
2021-11-19T10:23:52,337|[TRACE] SessionImpl - Automatically flushing session
2021-11-19T10:23:52,337|[TRACE] AbstractFlushingEventListener - Flushing session
2021-11-19T10:23:52,337|[DEBUG] AbstractFlushingEventListener - Processing flush-time cascades
2021-11-19T10:23:52,337|[TRACE] Cascade - Processing cascade ACTION_PERSIST_ON_FLUSH for: bloodbank.entity.Person
2021-11-19T10:23:52,337|[TRACE] Cascade - Cascade ACTION_PERSIST_ON_FLUSH for collection: bloodbank.entity.Person.contacts
2021-11-19T10:23:52,337|[TRACE] Cascade - Done cascade ACTION_PERSIST_ON_FLUSH for collection: bloodbank.entity.Person.contacts
2021-11-19T10:23:52,337|[TRACE] Cascade - Cascade ACTION_PERSIST_ON_FLUSH for collection: bloodbank.entity.Person.donations
2021-11-19T10:23:52,337|[TRACE] Cascade - Done cascade ACTION_PERSIST_ON_FLUSH for collection: bloodbank.entity.Person.donations
2021-11-19T10:23:52,337|[TRACE] Cascade - Done processing cascade ACTION_PERSIST_ON_FLUSH for: bloodbank.entity.Person
2021-11-19T10:23:52,337|[TRACE] Cascade - Processing cascade ACTION_PERSIST_ON_FLUSH for: bloodbank.entity.DonationRecord
2021-11-19T10:23:52,337|[TRACE] CascadingAction - Cascading to persist on flush: bloodbank.entity.BloodDonation
2021-11-19T10:23:52,337|[TRACE] EntityState - Persistent instance of: bloodbank.entity.BloodDonation
2021-11-19T10:23:52,337|[TRACE] DefaultPersistEventListener - Ignoring persistent instance
2021-11-19T10:23:52,337|[TRACE] Cascade - Processing cascade ACTION_PERSIST_ON_FLUSH for: bloodbank.entity.BloodDonation
2021-11-19T10:23:52,337|[TRACE] CascadingAction - Cascading to persist on flush: bloodbank.entity.BloodBank
2021-11-19T10:23:52,337|[TRACE] EntityState - Persistent instance of: bloodbank.entity.BloodBank
2021-11-19T10:23:52,337|[TRACE] DefaultPersistEventListener - Ignoring persistent instance
2021-11-19T10:23:52,337|[TRACE] Cascade - Processing cascade ACTION_PERSIST_ON_FLUSH for: bloodbank.entity.PrivateBloodBank
2021-11-19T10:23:52,337|[TRACE] Cascade - Done processing cascade ACTION_PERSIST_ON_FLUSH for: bloodbank.entity.PrivateBloodBank
2021-11-19T10:23:52,337|[TRACE] Cascade - Processing cascade ACTION_PERSIST_ON_FLUSH for: bloodbank.entity.PrivateBloodBank
2021-11-19T10:23:52,337|[TRACE] Cascade - Cascade ACTION_PERSIST_ON_FLUSH for collection: bloodbank.entity.BloodBank.donations
2021-11-19T10:23:52,337|[TRACE] CascadingAction - Cascading to persist on flush: bloodbank.entity.BloodDonation
2021-11-19T10:23:52,337|[TRACE] EntityState - Persistent instance of: bloodbank.entity.BloodDonation
2021-11-19T10:23:52,337|[TRACE] DefaultPersistEventListener - Ignoring persistent instance
2021-11-19T10:23:52,337|[TRACE] Cascade - Done cascade ACTION_PERSIST_ON_FLUSH for collection: bloodbank.entity.BloodBank.donations
2021-11-19T10:23:52,337|[TRACE] Cascade - Done processing cascade ACTION_PERSIST_ON_FLUSH for: bloodbank.entity.PrivateBloodBank
2021-11-19T10:23:52,337|[TRACE] Cascade - Done processing cascade ACTION_PERSIST_ON_FLUSH for: bloodbank.entity.BloodDonation
2021-11-19T10:23:52,337|[TRACE] Cascade - Processing cascade ACTION_PERSIST_ON_FLUSH for: bloodbank.entity.BloodDonation
2021-11-19T10:23:52,337|[TRACE] Cascade - Done processing cascade ACTION_PERSIST_ON_FLUSH for: bloodbank.entity.BloodDonation
2021-11-19T10:23:52,337|[TRACE] Cascade - Done processing cascade ACTION_PERSIST_ON_FLUSH for: bloodbank.entity.DonationRecord
2021-11-19T10:23:52,337|[TRACE] Cascade - Processing cascade ACTION_PERSIST_ON_FLUSH for: bloodbank.entity.BloodDonation
2021-11-19T10:23:52,337|[TRACE] CascadingAction - Cascading to persist on flush: bloodbank.entity.BloodBank
2021-11-19T10:23:52,337|[TRACE] EntityState - Persistent instance of: bloodbank.entity.BloodBank
2021-11-19T10:23:52,337|[TRACE] DefaultPersistEventListener - Ignoring persistent instance
2021-11-19T10:23:52,338|[TRACE] Cascade - Done processing cascade ACTION_PERSIST_ON_FLUSH for: bloodbank.entity.BloodDonation
2021-11-19T10:23:52,338|[TRACE] Cascade - Processing cascade ACTION_PERSIST_ON_FLUSH for: bloodbank.entity.PrivateBloodBank
2021-11-19T10:23:52,338|[TRACE] Cascade - Cascade ACTION_PERSIST_ON_FLUSH for collection: bloodbank.entity.BloodBank.donations
2021-11-19T10:23:52,338|[TRACE] CascadingAction - Cascading to persist on flush: bloodbank.entity.BloodDonation
2021-11-19T10:23:52,338|[TRACE] EntityState - Persistent instance of: bloodbank.entity.BloodDonation
2021-11-19T10:23:52,338|[TRACE] DefaultPersistEventListener - Ignoring persistent instance
2021-11-19T10:23:52,338|[TRACE] Cascade - Done cascade ACTION_PERSIST_ON_FLUSH for collection: bloodbank.entity.BloodBank.donations
2021-11-19T10:23:52,338|[TRACE] Cascade - Done processing cascade ACTION_PERSIST_ON_FLUSH for: bloodbank.entity.PrivateBloodBank
2021-11-19T10:23:52,338|[DEBUG] AbstractFlushingEventListener - Dirty checking collections
2021-11-19T10:23:52,338|[TRACE] AbstractFlushingEventListener - Flushing entities and processing referenced collections
2021-11-19T10:23:52,338|[DEBUG] Collections - Collection found: [bloodbank.entity.Person.contacts#1], was: [<unreferenced>] (initialized)
2021-11-19T10:23:52,338|[DEBUG] Collections - Collection found: [bloodbank.entity.Person.donations#1], was: [<unreferenced>] (initialized)
2021-11-19T10:23:52,338|[DEBUG] Collections - Collection found: [bloodbank.entity.BloodBank.donations#1], was: [<unreferenced>] (initialized)
2021-11-19T10:23:52,338|[TRACE] AbstractFlushingEventListener - Processing unreferenced collections
2021-11-19T10:23:52,338|[TRACE] AbstractFlushingEventListener - Scheduling collection removes/(re)creates/updates
2021-11-19T10:23:52,338|[DEBUG] AbstractFlushingEventListener - Flushed: 0 insertions, 0 updates, 0 deletions to 4 objects
2021-11-19T10:23:52,338|[DEBUG] AbstractFlushingEventListener - Flushed: 3 (re)creations, 0 updates, 0 removals to 3 collections
2021-11-19T10:23:52,338|[DEBUG] EntityPrinter - Listing entities:
2021-11-19T10:23:52,338|[DEBUG] EntityPrinter - bloodbank.entity.PrivateBloodBank{donations=[bloodbank.entity.BloodDonation#1], name=Simzhuo Blood Bank, id=1, epochCreated=1637335432332, version=0, epochUpdated=1637335432332}
2021-11-19T10:23:52,338|[DEBUG] EntityPrinter - bloodbank.entity.BloodDonation{bank=bloodbank.entity.BloodBank#1, record=bloodbank.entity.DonationRecord#1, milliliters=5, id=1, epochCreated=1637335432332, bloodType=component[bloodGroup,rhd]{bloodGroup=AB, rhd=1}, version=0, epochUpdated=1637335432332}
2021-11-19T10:23:52,338|[DEBUG] EntityPrinter - bloodbank.entity.DonationRecord{owner=bloodbank.entity.Person#1, tested=0, donation=bloodbank.entity.BloodDonation#1, id=1, epochCreated=1637335432332, version=0, epochUpdated=1637335432332}
2021-11-19T10:23:52,338|[DEBUG] EntityPrinter - bloodbank.entity.Person{firstName=Simzhuo, lastName=Aho, donations=[], id=1, epochCreated=1637335432330, version=0, contacts=[], epochUpdated=1637335432330}
2021-11-19T10:23:52,338|[TRACE] AbstractFlushingEventListener - Executing flush
2021-11-19T10:23:52,338|[TRACE] JdbcCoordinatorImpl - Starting after statement execution processing [AFTER_TRANSACTION]
2021-11-19T10:23:52,338|[TRACE] AbstractFlushingEventListener - Post flush
2021-11-19T10:23:52,338|[TRACE] AbstractLogicalConnectionImplementor - LogicalConnection#beforeTransactionCompletion
2021-11-19T10:23:52,338|[TRACE] SynchronizationRegistryStandardImpl - SynchronizationRegistryStandardImpl.notifySynchronizationsBeforeTransactionCompletion
2021-11-19T10:23:52,338|[TRACE] AbstractLogicalConnectionImplementor - Preparing to commit transaction via JDBC Connection.commit()
2021-11-19T10:23:52,341|[TRACE] AbstractLogicalConnectionImplementor - Transaction committed via JDBC Connection.commit()
2021-11-19T10:23:52,341|[TRACE] AbstractLogicalConnectionImplementor - LogicalConnection#afterTransaction
2021-11-19T10:23:52,341|[TRACE] ResourceRegistryStandardImpl - Releasing JDBC resources
2021-11-19T10:23:52,341|[DEBUG] LogicalConnectionManagedImpl - Initiating JDBC connection release from afterTransaction
2021-11-19T10:23:52,342|[TRACE] ResourceRegistryStandardImpl - Releasing JDBC resources
2021-11-19T10:23:52,342|[TRACE] JdbcResourceLocalTransactionCoordinatorImpl - ResourceLocalTransactionCoordinatorImpl#afterCompletionCallback(true)
2021-11-19T10:23:52,342|[TRACE] SynchronizationRegistryStandardImpl - SynchronizationRegistryStandardImpl.notifySynchronizationsAfterTransactionCompletion(3)
2021-11-19T10:23:52,342|[TRACE] AbstractLogicalConnectionImplementor - LogicalConnection#afterTransaction
2021-11-19T10:23:52,342|[TRACE] ResourceRegistryStandardImpl - Releasing JDBC resources
2021-11-19T10:23:52,342|[DEBUG] LogicalConnectionManagedImpl - Initiating JDBC connection release from afterTransaction
2021-11-19T10:23:52,342|[TRACE] SessionImpl - SessionImpl#afterTransactionCompletion(successful=true, delayed=false)
2021-11-19T10:23:52,342|[DEBUG] CriteriaQueryImpl - Rendered criteria query -> select count(generatedAlias0) from DonationRecord as generatedAlias0 where generatedAlias0.id=:id
2021-11-19T10:23:52,342|[TRACE] QueryPlanCache - Unable to locate HQL query plan in cache; generating (select count(generatedAlias0) from DonationRecord as generatedAlias0 where generatedAlias0.id=:id)
2021-11-19T10:23:52,342|[DEBUG] QueryTranslatorImpl - parse() - HQL: select count(generatedAlias0) from bloodbank.entity.DonationRecord as generatedAlias0 where generatedAlias0.id=:id
2021-11-19T10:23:52,342|[TRACE] HqlParser - -> statement
2021-11-19T10:23:52,342|[TRACE] HqlParser - ---> selectStatement
2021-11-19T10:23:52,342|[TRACE] HqlParser - -----> queryRule
2021-11-19T10:23:52,342|[TRACE] HqlParser - -------> selectFrom
2021-11-19T10:23:52,342|[TRACE] HqlParser - ---------> selectClause
2021-11-19T10:23:52,342|[TRACE] HqlParser - -----------> selectedPropertiesList
2021-11-19T10:23:52,342|[TRACE] HqlParser - -------------> aliasedExpression
2021-11-19T10:23:52,342|[TRACE] HqlParser - ---------------> expression
2021-11-19T10:23:52,342|[TRACE] HqlParser - -----------------> logicalOrExpression
2021-11-19T10:23:52,342|[TRACE] HqlParser - -------------------> logicalAndExpression
2021-11-19T10:23:52,342|[TRACE] HqlParser - ---------------------> negatedExpression
2021-11-19T10:23:52,342|[TRACE] HqlParser - -----------------------> equalityExpression
2021-11-19T10:23:52,342|[TRACE] HqlParser - -------------------------> relationalExpression
2021-11-19T10:23:52,342|[TRACE] HqlParser - ---------------------------> concatenation
2021-11-19T10:23:52,342|[TRACE] HqlParser - -----------------------------> additiveExpression
2021-11-19T10:23:52,342|[TRACE] HqlParser - -------------------------------> multiplyExpression
2021-11-19T10:23:52,342|[TRACE] HqlParser - ---------------------------------> unaryExpression
2021-11-19T10:23:52,342|[TRACE] HqlParser - -----------------------------------> atom
2021-11-19T10:23:52,342|[TRACE] HqlParser - -------------------------------------> primaryExpression
2021-11-19T10:23:52,342|[TRACE] HqlParser - ---------------------------------------> identPrimary
2021-11-19T10:23:52,342|[TRACE] HqlParser - -----------------------------------------> aggregate
2021-11-19T10:23:52,342|[TRACE] HqlParser - -------------------------------------------> path
2021-11-19T10:23:52,342|[TRACE] HqlParser - ---------------------------------------------> identifier
2021-11-19T10:23:52,342|[TRACE] HqlParser - <--------------------------------------------- identifier
2021-11-19T10:23:52,342|[TRACE] HqlParser - <------------------------------------------- path
2021-11-19T10:23:52,342|[TRACE] HqlParser - <----------------------------------------- aggregate
2021-11-19T10:23:52,342|[TRACE] HqlParser - <--------------------------------------- identPrimary
2021-11-19T10:23:52,342|[TRACE] HqlParser - <------------------------------------- primaryExpression
2021-11-19T10:23:52,342|[TRACE] HqlParser - <----------------------------------- atom
2021-11-19T10:23:52,342|[TRACE] HqlParser - <--------------------------------- unaryExpression
2021-11-19T10:23:52,342|[TRACE] HqlParser - <------------------------------- multiplyExpression
2021-11-19T10:23:52,342|[TRACE] HqlParser - <----------------------------- additiveExpression
2021-11-19T10:23:52,342|[TRACE] HqlParser - <--------------------------- concatenation
2021-11-19T10:23:52,342|[TRACE] HqlParser - <------------------------- relationalExpression
2021-11-19T10:23:52,342|[TRACE] HqlParser - <----------------------- equalityExpression
2021-11-19T10:23:52,342|[TRACE] HqlParser - <--------------------- negatedExpression
2021-11-19T10:23:52,342|[TRACE] HqlParser - <------------------- logicalAndExpression
2021-11-19T10:23:52,342|[TRACE] HqlParser - <----------------- logicalOrExpression
2021-11-19T10:23:52,342|[TRACE] HqlParser - <--------------- expression
2021-11-19T10:23:52,342|[TRACE] HqlParser - <------------- aliasedExpression
2021-11-19T10:23:52,342|[TRACE] HqlParser - <----------- selectedPropertiesList
2021-11-19T10:23:52,342|[TRACE] HqlParser - <--------- selectClause
2021-11-19T10:23:52,342|[TRACE] HqlParser - ---------> fromClause
2021-11-19T10:23:52,342|[TRACE] HqlParser - -----------> fromRange
2021-11-19T10:23:52,342|[TRACE] HqlParser - -------------> fromClassOrOuterQueryPath
2021-11-19T10:23:52,342|[TRACE] HqlParser - ---------------> path
2021-11-19T10:23:52,342|[TRACE] HqlParser - -----------------> identifier
2021-11-19T10:23:52,342|[TRACE] HqlParser - <----------------- identifier
2021-11-19T10:23:52,342|[TRACE] HqlParser - -----------------> identifier
2021-11-19T10:23:52,342|[TRACE] HqlParser - <----------------- identifier
2021-11-19T10:23:52,342|[TRACE] HqlParser - -----------------> identifier
2021-11-19T10:23:52,342|[TRACE] HqlParser - <----------------- identifier
2021-11-19T10:23:52,342|[TRACE] HqlParser - <--------------- path
2021-11-19T10:23:52,342|[TRACE] HqlParser - ---------------> asAlias
2021-11-19T10:23:52,342|[TRACE] HqlParser - -----------------> alias
2021-11-19T10:23:52,342|[TRACE] HqlParser - -------------------> identifier
2021-11-19T10:23:52,342|[TRACE] HqlParser - <------------------- identifier
2021-11-19T10:23:52,342|[TRACE] HqlParser - <----------------- alias
2021-11-19T10:23:52,342|[TRACE] HqlParser - <--------------- asAlias
2021-11-19T10:23:52,342|[TRACE] HqlParser - <------------- fromClassOrOuterQueryPath
2021-11-19T10:23:52,342|[TRACE] HqlParser - <----------- fromRange
2021-11-19T10:23:52,342|[TRACE] HqlParser - <--------- fromClause
2021-11-19T10:23:52,342|[TRACE] HqlParser - <------- selectFrom
2021-11-19T10:23:52,342|[TRACE] HqlParser - -------> whereClause
2021-11-19T10:23:52,342|[TRACE] HqlParser - ---------> logicalExpression
2021-11-19T10:23:52,342|[TRACE] HqlParser - -----------> expression
2021-11-19T10:23:52,342|[TRACE] HqlParser - -------------> logicalOrExpression
2021-11-19T10:23:52,342|[TRACE] HqlParser - ---------------> logicalAndExpression
2021-11-19T10:23:52,342|[TRACE] HqlParser - -----------------> negatedExpression
2021-11-19T10:23:52,343|[TRACE] HqlParser - -------------------> equalityExpression
2021-11-19T10:23:52,343|[TRACE] HqlParser - ---------------------> relationalExpression
2021-11-19T10:23:52,343|[TRACE] HqlParser - -----------------------> concatenation
2021-11-19T10:23:52,343|[TRACE] HqlParser - -------------------------> additiveExpression
2021-11-19T10:23:52,343|[TRACE] HqlParser - ---------------------------> multiplyExpression
2021-11-19T10:23:52,343|[TRACE] HqlParser - -----------------------------> unaryExpression
2021-11-19T10:23:52,343|[TRACE] HqlParser - -------------------------------> atom
2021-11-19T10:23:52,343|[TRACE] HqlParser - ---------------------------------> primaryExpression
2021-11-19T10:23:52,343|[TRACE] HqlParser - -----------------------------------> identPrimary
2021-11-19T10:23:52,343|[TRACE] HqlParser - -------------------------------------> identPrimaryBase
2021-11-19T10:23:52,343|[TRACE] HqlParser - ---------------------------------------> identifier
2021-11-19T10:23:52,343|[TRACE] HqlParser - <--------------------------------------- identifier
2021-11-19T10:23:52,343|[TRACE] HqlParser - <------------------------------------- identPrimaryBase
2021-11-19T10:23:52,343|[TRACE] HqlParser - -------------------------------------> identifier
2021-11-19T10:23:52,343|[TRACE] HqlParser - <------------------------------------- identifier
2021-11-19T10:23:52,343|[TRACE] HqlParser - <----------------------------------- identPrimary
2021-11-19T10:23:52,343|[TRACE] HqlParser - <--------------------------------- primaryExpression
2021-11-19T10:23:52,343|[TRACE] HqlParser - <------------------------------- atom
2021-11-19T10:23:52,343|[TRACE] HqlParser - <----------------------------- unaryExpression
2021-11-19T10:23:52,343|[TRACE] HqlParser - <--------------------------- multiplyExpression
2021-11-19T10:23:52,343|[TRACE] HqlParser - <------------------------- additiveExpression
2021-11-19T10:23:52,343|[TRACE] HqlParser - <----------------------- concatenation
2021-11-19T10:23:52,343|[TRACE] HqlParser - <--------------------- relationalExpression
2021-11-19T10:23:52,343|[TRACE] HqlParser - ---------------------> relationalExpression
2021-11-19T10:23:52,343|[TRACE] HqlParser - -----------------------> concatenation
2021-11-19T10:23:52,343|[TRACE] HqlParser - -------------------------> additiveExpression
2021-11-19T10:23:52,343|[TRACE] HqlParser - ---------------------------> multiplyExpression
2021-11-19T10:23:52,343|[TRACE] HqlParser - -----------------------------> unaryExpression
2021-11-19T10:23:52,343|[TRACE] HqlParser - -------------------------------> atom
2021-11-19T10:23:52,343|[TRACE] HqlParser - ---------------------------------> primaryExpression
2021-11-19T10:23:52,343|[TRACE] HqlParser - -----------------------------------> parameter
2021-11-19T10:23:52,343|[TRACE] HqlParser - <----------------------------------- parameter
2021-11-19T10:23:52,343|[TRACE] HqlParser - <--------------------------------- primaryExpression
2021-11-19T10:23:52,343|[TRACE] HqlParser - <------------------------------- atom
2021-11-19T10:23:52,343|[TRACE] HqlParser - <----------------------------- unaryExpression
2021-11-19T10:23:52,343|[TRACE] HqlParser - <--------------------------- multiplyExpression
2021-11-19T10:23:52,343|[TRACE] HqlParser - <------------------------- additiveExpression
2021-11-19T10:23:52,343|[TRACE] HqlParser - <----------------------- concatenation
2021-11-19T10:23:52,343|[TRACE] HqlParser - <--------------------- relationalExpression
2021-11-19T10:23:52,343|[TRACE] HqlParser - <------------------- equalityExpression
2021-11-19T10:23:52,343|[TRACE] HqlParser - <----------------- negatedExpression
2021-11-19T10:23:52,343|[TRACE] HqlParser - <--------------- logicalAndExpression
2021-11-19T10:23:52,343|[TRACE] HqlParser - <------------- logicalOrExpression
2021-11-19T10:23:52,343|[TRACE] HqlParser - <----------- expression
2021-11-19T10:23:52,343|[TRACE] HqlParser - <--------- logicalExpression
2021-11-19T10:23:52,343|[TRACE] HqlParser - <------- whereClause
2021-11-19T10:23:52,343|[TRACE] HqlParser - <----- queryRule
2021-11-19T10:23:52,343|[TRACE] HqlParser - <--- selectStatement
2021-11-19T10:23:52,343|[TRACE] HqlParser - <- statement
2021-11-19T10:23:52,343|[DEBUG] ErrorTracker - throwQueryException() : no errors
2021-11-19T10:23:52,343|[DEBUG] QueryTranslatorImpl - --- HQL AST ---
 \-[QUERY] Node: 'query'
    +-[SELECT_FROM] Node: 'SELECT_FROM'
    |  +-[FROM] Node: 'from'
    |  |  \-[RANGE] Node: 'RANGE'
    |  |     +-[DOT] Node: '.'
    |  |     |  +-[DOT] Node: '.'
    |  |     |  |  +-[IDENT] Node: 'bloodbank'
    |  |     |  |  \-[IDENT] Node: 'entity'
    |  |     |  \-[IDENT] Node: 'DonationRecord'
    |  |     \-[ALIAS] Node: 'generatedAlias0'
    |  \-[SELECT] Node: 'select'
    |     \-[COUNT] Node: 'count'
    |        \-[IDENT] Node: 'generatedAlias0'
    \-[WHERE] Node: 'where'
       \-[EQ] Node: '='
          +-[DOT] Node: '.'
          |  +-[IDENT] Node: 'generatedAlias0'
          |  \-[IDENT] Node: 'id'
          \-[COLON] Node: ':'
             \-[IDENT] Node: 'id'

2021-11-19T10:23:52,343|[DEBUG] HqlSqlBaseWalker - select << begin [level=1, statement=select]
2021-11-19T10:23:52,343|[DEBUG] FromElement - FromClause{level=1} : bloodbank.entity.DonationRecord (generatedAlias0) -> donationre0_
2021-11-19T10:23:52,343|[DEBUG] FromReferenceNode - Resolved : generatedAlias0 -> donationre0_.record_id
2021-11-19T10:23:52,343|[DEBUG] FromReferenceNode - Resolved : generatedAlias0 -> donationre0_.record_id
2021-11-19T10:23:52,343|[TRACE] FromElement - Handling property dereference [bloodbank.entity.DonationRecord (generatedAlias0) -> id (class)]
2021-11-19T10:23:52,343|[DEBUG] DotNode - getDataType() : id -> org.hibernate.type.IntegerType@6892cc6f
2021-11-19T10:23:52,343|[DEBUG] FromReferenceNode - Resolved : generatedAlias0.id -> donationre0_.record_id
2021-11-19T10:23:52,344|[DEBUG] HqlSqlBaseWalker - select : finishing up [level=1, statement=select]
2021-11-19T10:23:52,344|[DEBUG] HqlSqlWalker - processQuery() :  ( SELECT ( {select clause} ( count donationre0_.record_id ) ) ( FromClause{level=1} donation_record donationre0_ ) ( where ( = ( donationre0_.record_id donationre0_.record_id id ) ? ) ) )
2021-11-19T10:23:52,344|[DEBUG] JoinProcessor - Tables referenced from query nodes:
 \-QueryNode
    +-SelectClause
    |  +-CountNode
    |  |  \-IdentNode
    |  |    persister: SingleTableEntityPersister(bloodbank.entity.DonationRecord)
    |  |    originalText: generatedAlias0
    |  \-SqlNode
    +-FromClause
    |  \-FromElement
    \-SqlNode
       \-BinaryLogicOperatorNode
          +-DotNode
          | persister: SingleTableEntityPersister(bloodbank.entity.DonationRecord)
          | path: generatedAlias0.id
          |  +-IdentNode
          |  | persister: SingleTableEntityPersister(bloodbank.entity.DonationRecord)
          |  | originalText: generatedAlias0
          |  \-IdentNode
          |    persister: null
          |    originalText: id
          \-ParameterNode

2021-11-19T10:23:52,344|[DEBUG] JoinProcessor - Using FROM fragment [donation_record donationre0_]
2021-11-19T10:23:52,344|[DEBUG] HqlSqlBaseWalker - select >> end [level=1, statement=select]
2021-11-19T10:23:52,344|[DEBUG] QueryTranslatorImpl - --- SQL AST ---
 \-[SELECT] QueryNode: 'SELECT'  querySpaces (donation_record)
    +-[SELECT_CLAUSE] SelectClause: '{select clause}'
    |  +-[COUNT] CountNode: 'count'
    |  |  \-[ALIAS_REF] IdentNode: 'donationre0_.record_id' {alias=generatedAlias0, className=bloodbank.entity.DonationRecord, tableAlias=donationre0_}
    |  \-[SELECT_COLUMNS] SqlNode: ' as col_0_0_'
    +-[FROM] FromClause: 'from' FromClause{level=1, fromElementCounter=1, fromElements=1, fromElementByClassAlias=[generatedAlias0], fromElementByTableAlias=[donationre0_], fromElementsByPath=[], collectionJoinFromElementsByPath=[], impliedElements=[]}
    |  \-[FROM_FRAGMENT] FromElement: 'donation_record donationre0_' FromElement{explicit,not a collection join,not a fetch join,fetch non-lazy properties,classAlias=generatedAlias0,role=null,tableName=donation_record,tableAlias=donationre0_,origin=null,columns={,className=bloodbank.entity.DonationRecord}}
    \-[WHERE] SqlNode: 'where'
       \-[EQ] BinaryLogicOperatorNode: '='
          +-[DOT] DotNode: 'donationre0_.record_id' {propertyName=id,dereferenceType=PRIMITIVE,getPropertyPath=id,path=generatedAlias0.id,tableAlias=donationre0_,className=bloodbank.entity.DonationRecord,classAlias=generatedAlias0}
          |  +-[ALIAS_REF] IdentNode: 'donationre0_.record_id' {alias=generatedAlias0, className=bloodbank.entity.DonationRecord, tableAlias=donationre0_}
          |  \-[IDENT] IdentNode: 'id' {originalText=id}
          \-[NAMED_PARAM] ParameterNode: '?' {name=id, expectedType=org.hibernate.type.IntegerType@6892cc6f}

2021-11-19T10:23:52,344|[DEBUG] ErrorTracker - throwQueryException() : no errors
2021-11-19T10:23:52,344|[DEBUG] QueryTranslatorImpl - HQL: select count(generatedAlias0) from bloodbank.entity.DonationRecord as generatedAlias0 where generatedAlias0.id=:id
2021-11-19T10:23:52,344|[DEBUG] QueryTranslatorImpl - SQL: select count(donationre0_.record_id) as col_0_0_ from donation_record donationre0_ where donationre0_.record_id=?
2021-11-19T10:23:52,344|[DEBUG] ErrorTracker - throwQueryException() : no errors
2021-11-19T10:23:52,344|[TRACE] QueryPlanCache - Located HQL query plan in cache (select count(generatedAlias0) from DonationRecord as generatedAlias0 where generatedAlias0.id=:id)
2021-11-19T10:23:52,344|[TRACE] QueryPlanCache - Located HQL query plan in cache (select count(generatedAlias0) from DonationRecord as generatedAlias0 where generatedAlias0.id=:id)
2021-11-19T10:23:52,345|[TRACE] HQLQueryPlan - Find: select count(generatedAlias0) from DonationRecord as generatedAlias0 where generatedAlias0.id=:id
2021-11-19T10:23:52,345|[TRACE] QueryParameters - Named parameters: {id=1}
2021-11-19T10:23:52,345|[DEBUG] SQL - 
    /* select
        count(generatedAlias0) 
    from
        DonationRecord as generatedAlias0 
    where
        generatedAlias0.id=:id */ select
            count(donationre0_.record_id) as col_0_0_ 
        from
            donation_record donationre0_ 
        where
            donationre0_.record_id=?
2021-11-19T10:23:52,345|[TRACE] ResourceRegistryStandardImpl - Registering statement [com.mysql.cj.jdbc.ClientPreparedStatement: /* select count(generatedAlias0) from DonationRecord as generatedAlias0 where generatedAlias0.id=:id */ select count(donationre0_.record_id) as col_0_0_ from donation_record donationre0_ where donationre0_.record_id=** NOT SPECIFIED **]
2021-11-19T10:23:52,345|[TRACE] JdbcCoordinatorImpl - Registering last query statement [com.mysql.cj.jdbc.ClientPreparedStatement: /* select count(generatedAlias0) from DonationRecord as generatedAlias0 where generatedAlias0.id=:id */ select count(donationre0_.record_id) as col_0_0_ from donation_record donationre0_ where donationre0_.record_id=** NOT SPECIFIED **]
2021-11-19T10:23:52,345|[TRACE] BasicBinder - binding parameter [1] as [INTEGER] - [1]
2021-11-19T10:23:52,345|[TRACE] Loader - Bound [2] parameters total
2021-11-19T10:23:52,346|[TRACE] ResourceRegistryStandardImpl - Registering result set [com.mysql.cj.jdbc.result.ResultSetImpl@2d5e051e]
2021-11-19T10:23:52,346|[TRACE] Loader - Processing result set
2021-11-19T10:23:52,346|[DEBUG] Loader - Result set row: 0
2021-11-19T10:23:52,346|[DEBUG] Loader - Result row: 
2021-11-19T10:23:52,346|[TRACE] BasicExtractor - extracted value ([col_0_0_] : [BIGINT]) - [1]
2021-11-19T10:23:52,346|[TRACE] Loader - Done processing result set (1 rows)
2021-11-19T10:23:52,346|[TRACE] ResourceRegistryStandardImpl - Releasing statement [com.mysql.cj.jdbc.ClientPreparedStatement: /* select count(generatedAlias0) from DonationRecord as generatedAlias0 where generatedAlias0.id=:id */ select count(donationre0_.record_id) as col_0_0_ from donation_record donationre0_ where donationre0_.record_id=1]
2021-11-19T10:23:52,346|[TRACE] ResourceRegistryStandardImpl - Closing result set [com.mysql.cj.jdbc.result.ResultSetImpl@2d5e051e]
2021-11-19T10:23:52,346|[TRACE] ResourceRegistryStandardImpl - Closing prepared statement [com.mysql.cj.jdbc.ClientPreparedStatement: /* select count(generatedAlias0) from DonationRecord as generatedAlias0 where generatedAlias0.id=:id */ select count(donationre0_.record_id) as col_0_0_ from donation_record donationre0_ where donationre0_.record_id=1]
2021-11-19T10:23:52,346|[TRACE] JdbcCoordinatorImpl - Starting after statement execution processing [AFTER_TRANSACTION]
2021-11-19T10:23:52,346|[TRACE] StatefulPersistenceContext - Initializing non-lazy collections
2021-11-19T10:23:52,347|[TRACE] AbstractLogicalConnectionImplementor - LogicalConnection#afterTransaction
2021-11-19T10:23:52,347|[TRACE] ResourceRegistryStandardImpl - Releasing JDBC resources
2021-11-19T10:23:52,347|[DEBUG] LogicalConnectionManagedImpl - Initiating JDBC connection release from afterTransaction
2021-11-19T10:23:52,347|[TRACE] ResourceRegistryStandardImpl - Releasing JDBC resources
2021-11-19T10:23:52,347|[TRACE] SessionImpl - Closing session [76352321-2a0e-4e51-b333-bcbd6b5366ce]
2021-11-19T10:23:52,347|[TRACE] JdbcCoordinatorImpl - Closing JDBC container [org.hibernate.engine.jdbc.internal.JdbcCoordinatorImpl@2f29e630]
2021-11-19T10:23:52,347|[TRACE] ResourceRegistryStandardImpl - Releasing JDBC resources
2021-11-19T10:23:52,347|[TRACE] LogicalConnectionManagedImpl - Closing logical connection
2021-11-19T10:23:52,347|[TRACE] LogicalConnectionManagedImpl - Logical connection closed
]]></system-out>
  </testcase>
  <testcase name="testCreateInvalid" classname="bloodbank.entity.TestCRUDDonationRecord" time="0.005">
    <system-out><![CDATA[2021-11-19T10:23:52,348|[TRACE] SessionFactoryImpl$SessionBuilderImpl - Opening Hibernate Session.  tenant=null
2021-11-19T10:23:52,348|[TRACE] SessionImpl - Opened Session [6d2bd2c7-7bc7-4dfb-9f13-751449afba91] at timestamp: 1637335432348
2021-11-19T10:23:52,348|[DEBUG] TransactionImpl - On TransactionImpl creation, JpaCompliance#isJpaTransactionComplianceEnabled == false
2021-11-19T10:23:52,348|[DEBUG] TransactionImpl - begin
2021-11-19T10:23:52,349|[TRACE] AbstractLogicalConnectionImplementor - Preparing to begin transaction via JDBC Connection.setAutoCommit(false)
2021-11-19T10:23:52,349|[TRACE] AbstractLogicalConnectionImplementor - Transaction begun via JDBC Connection.setAutoCommit(false)
2021-11-19T10:23:52,349|[TRACE] JdbcResourceLocalTransactionCoordinatorImpl - ResourceLocalTransactionCoordinatorImpl#afterBeginCallback
2021-11-19T10:23:52,349|[TRACE] VersionValue - Version unsaved-value strategy UNDEFINED
2021-11-19T10:23:52,349|[TRACE] IdentifierValue - ID unsaved-value: 0
2021-11-19T10:23:52,350|[TRACE] EntityState - Transient instance of: bloodbank.entity.DonationRecord
2021-11-19T10:23:52,350|[TRACE] DefaultPersistEventListener - Saving transient instance
2021-11-19T10:23:52,350|[TRACE] AbstractSaveEventListener - Saving [bloodbank.entity.DonationRecord#<null>]
2021-11-19T10:23:52,350|[TRACE] Cascade - Processing cascade ACTION_PERSIST for: bloodbank.entity.DonationRecord
2021-11-19T10:23:52,350|[TRACE] Cascade - Done processing cascade ACTION_PERSIST for: bloodbank.entity.DonationRecord
2021-11-19T10:23:52,350|[TRACE] Versioning - Using initial version: 0
2021-11-19T10:23:52,350|[TRACE] ActionQueue - Adding an EntityIdentityInsertAction for [bloodbank.entity.DonationRecord] object
2021-11-19T10:23:52,350|[TRACE] ActionQueue - Executing inserts before finding non-nullable transient entities for early insert: [EntityIdentityInsertAction[bloodbank.entity.DonationRecord#<null>]]
2021-11-19T10:23:52,350|[TRACE] ActionQueue - Adding insert with no non-nullable, transient entities: [EntityIdentityInsertAction[bloodbank.entity.DonationRecord#<null>]]
2021-11-19T10:23:52,350|[TRACE] ActionQueue - Executing insertions before resolved early-insert
2021-11-19T10:23:52,350|[DEBUG] ActionQueue - Executing identity-insert immediately
2021-11-19T10:23:52,351|[DEBUG] JdbcResourceLocalTransactionCoordinatorImpl - JDBC transaction marked for rollback-only (exception provided for stack trace)
java.lang.Exception: exception just for purpose of providing stack trace
	at org.hibernate.resource.transaction.backend.jdbc.internal.JdbcResourceLocalTransactionCoordinatorImpl$TransactionDriverControlImpl.markRollbackOnly(JdbcResourceLocalTransactionCoordinatorImpl.java:324) ~[hibernate-core-5.4.27.Final.jar:?]
	at org.hibernate.engine.transaction.internal.TransactionImpl.markRollbackOnly(TransactionImpl.java:203) ~[hibernate-core-5.4.27.Final.jar:?]
	at org.hibernate.internal.AbstractSharedSessionContract.markForRollbackOnly(AbstractSharedSessionContract.java:396) ~[hibernate-core-5.4.27.Final.jar:?]
	at org.hibernate.internal.ExceptionConverterImpl.handlePersistenceException(ExceptionConverterImpl.java:297) ~[hibernate-core-5.4.27.Final.jar:?]
	at org.hibernate.internal.ExceptionConverterImpl.convert(ExceptionConverterImpl.java:155) ~[hibernate-core-5.4.27.Final.jar:?]
	at org.hibernate.internal.ExceptionConverterImpl.convert(ExceptionConverterImpl.java:181) ~[hibernate-core-5.4.27.Final.jar:?]
	at org.hibernate.internal.ExceptionConverterImpl.convert(ExceptionConverterImpl.java:188) ~[hibernate-core-5.4.27.Final.jar:?]
	at org.hibernate.internal.SessionImpl.firePersist(SessionImpl.java:726) ~[hibernate-core-5.4.27.Final.jar:?]
	at org.hibernate.internal.SessionImpl.persist(SessionImpl.java:706) ~[hibernate-core-5.4.27.Final.jar:?]
	at bloodbank.entity.TestCRUDDonationRecord.lambda$testCreateInvalid$0(TestCRUDDonationRecord.java:113) ~[test-classes/:?]
	at org.junit.jupiter.api.AssertThrows.assertThrows(AssertThrows.java:55) ~[junit-jupiter-api-5.7.0.jar:5.7.0]
	at org.junit.jupiter.api.AssertThrows.assertThrows(AssertThrows.java:37) ~[junit-jupiter-api-5.7.0.jar:5.7.0]
	at org.junit.jupiter.api.Assertions.assertThrows(Assertions.java:3007) ~[junit-jupiter-api-5.7.0.jar:5.7.0]
	at bloodbank.entity.TestCRUDDonationRecord.testCreateInvalid(TestCRUDDonationRecord.java:113) ~[test-classes/:?]
	at jdk.internal.reflect.NativeMethodAccessorImpl.invoke0(Native Method) ~[?:?]
	at jdk.internal.reflect.NativeMethodAccessorImpl.invoke(NativeMethodAccessorImpl.java:62) ~[?:?]
	at jdk.internal.reflect.DelegatingMethodAccessorImpl.invoke(DelegatingMethodAccessorImpl.java:43) ~[?:?]
	at java.lang.reflect.Method.invoke(Method.java:566) ~[?:?]
	at org.junit.platform.commons.util.ReflectionUtils.invokeMethod(ReflectionUtils.java:688) ~[junit-platform-commons-1.7.0.jar:1.7.0]
	at org.junit.jupiter.engine.execution.MethodInvocation.proceed(MethodInvocation.java:60) ~[junit-jupiter-engine-5.7.0.jar:5.7.0]
	at org.junit.jupiter.engine.execution.InvocationInterceptorChain$ValidatingInvocation.proceed(InvocationInterceptorChain.java:131) ~[junit-jupiter-engine-5.7.0.jar:5.7.0]
	at org.junit.jupiter.engine.extension.TimeoutExtension.intercept(TimeoutExtension.java:149) ~[junit-jupiter-engine-5.7.0.jar:5.7.0]
	at org.junit.jupiter.engine.extension.TimeoutExtension.interceptTestableMethod(TimeoutExtension.java:140) ~[junit-jupiter-engine-5.7.0.jar:5.7.0]
	at org.junit.jupiter.engine.extension.TimeoutExtension.interceptTestMethod(TimeoutExtension.java:84) ~[junit-jupiter-engine-5.7.0.jar:5.7.0]
	at org.junit.jupiter.engine.execution.ExecutableInvoker$ReflectiveInterceptorCall.lambda$ofVoidMethod$0(ExecutableInvoker.java:115) ~[junit-jupiter-engine-5.7.0.jar:5.7.0]
	at org.junit.jupiter.engine.execution.ExecutableInvoker.lambda$invoke$0(ExecutableInvoker.java:105) ~[junit-jupiter-engine-5.7.0.jar:5.7.0]
	at org.junit.jupiter.engine.execution.InvocationInterceptorChain$InterceptedInvocation.proceed(InvocationInterceptorChain.java:106) ~[junit-jupiter-engine-5.7.0.jar:5.7.0]
	at org.junit.jupiter.engine.execution.InvocationInterceptorChain.proceed(InvocationInterceptorChain.java:64) ~[junit-jupiter-engine-5.7.0.jar:5.7.0]
	at org.junit.jupiter.engine.execution.InvocationInterceptorChain.chainAndInvoke(InvocationInterceptorChain.java:45) ~[junit-jupiter-engine-5.7.0.jar:5.7.0]
	at org.junit.jupiter.engine.execution.InvocationInterceptorChain.invoke(InvocationInterceptorChain.java:37) ~[junit-jupiter-engine-5.7.0.jar:5.7.0]
	at org.junit.jupiter.engine.execution.ExecutableInvoker.invoke(ExecutableInvoker.java:104) ~[junit-jupiter-engine-5.7.0.jar:5.7.0]
	at org.junit.jupiter.engine.execution.ExecutableInvoker.invoke(ExecutableInvoker.java:98) ~[junit-jupiter-engine-5.7.0.jar:5.7.0]
	at org.junit.jupiter.engine.descriptor.TestMethodTestDescriptor.lambda$invokeTestMethod$6(TestMethodTestDescriptor.java:210) ~[junit-jupiter-engine-5.7.0.jar:5.7.0]
	at org.junit.platform.engine.support.hierarchical.ThrowableCollector.execute(ThrowableCollector.java:73) ~[junit-platform-engine-1.7.0.jar:1.7.0]
	at org.junit.jupiter.engine.descriptor.TestMethodTestDescriptor.invokeTestMethod(TestMethodTestDescriptor.java:206) ~[junit-jupiter-engine-5.7.0.jar:5.7.0]
	at org.junit.jupiter.engine.descriptor.TestMethodTestDescriptor.execute(TestMethodTestDescriptor.java:131) ~[junit-jupiter-engine-5.7.0.jar:5.7.0]
	at org.junit.jupiter.engine.descriptor.TestMethodTestDescriptor.execute(TestMethodTestDescriptor.java:65) ~[junit-jupiter-engine-5.7.0.jar:5.7.0]
	at org.junit.platform.engine.support.hierarchical.NodeTestTask.lambda$executeRecursively$5(NodeTestTask.java:139) ~[junit-platform-engine-1.7.0.jar:1.7.0]
	at org.junit.platform.engine.support.hierarchical.ThrowableCollector.execute(ThrowableCollector.java:73) ~[junit-platform-engine-1.7.0.jar:1.7.0]
	at org.junit.platform.engine.support.hierarchical.NodeTestTask.lambda$executeRecursively$7(NodeTestTask.java:129) ~[junit-platform-engine-1.7.0.jar:1.7.0]
	at org.junit.platform.engine.support.hierarchical.Node.around(Node.java:137) ~[junit-platform-engine-1.7.0.jar:1.7.0]
	at org.junit.platform.engine.support.hierarchical.NodeTestTask.lambda$executeRecursively$8(NodeTestTask.java:127) ~[junit-platform-engine-1.7.0.jar:1.7.0]
	at org.junit.platform.engine.support.hierarchical.ThrowableCollector.execute(ThrowableCollector.java:73) ~[junit-platform-engine-1.7.0.jar:1.7.0]
	at org.junit.platform.engine.support.hierarchical.NodeTestTask.executeRecursively(NodeTestTask.java:126) ~[junit-platform-engine-1.7.0.jar:1.7.0]
	at org.junit.platform.engine.support.hierarchical.NodeTestTask.execute(NodeTestTask.java:84) ~[junit-platform-engine-1.7.0.jar:1.7.0]
	at java.util.ArrayList.forEach(ArrayList.java:1541) ~[?:?]
	at org.junit.platform.engine.support.hierarchical.SameThreadHierarchicalTestExecutorService.invokeAll(SameThreadHierarchicalTestExecutorService.java:38) ~[junit-platform-engine-1.7.0.jar:1.7.0]
	at org.junit.platform.engine.support.hierarchical.NodeTestTask.lambda$executeRecursively$5(NodeTestTask.java:143) ~[junit-platform-engine-1.7.0.jar:1.7.0]
	at org.junit.platform.engine.support.hierarchical.ThrowableCollector.execute(ThrowableCollector.java:73) ~[junit-platform-engine-1.7.0.jar:1.7.0]
	at org.junit.platform.engine.support.hierarchical.NodeTestTask.lambda$executeRecursively$7(NodeTestTask.java:129) ~[junit-platform-engine-1.7.0.jar:1.7.0]
	at org.junit.platform.engine.support.hierarchical.Node.around(Node.java:137) ~[junit-platform-engine-1.7.0.jar:1.7.0]
	at org.junit.platform.engine.support.hierarchical.NodeTestTask.lambda$executeRecursively$8(NodeTestTask.java:127) ~[junit-platform-engine-1.7.0.jar:1.7.0]
	at org.junit.platform.engine.support.hierarchical.ThrowableCollector.execute(ThrowableCollector.java:73) ~[junit-platform-engine-1.7.0.jar:1.7.0]
	at org.junit.platform.engine.support.hierarchical.NodeTestTask.executeRecursively(NodeTestTask.java:126) ~[junit-platform-engine-1.7.0.jar:1.7.0]
	at org.junit.platform.engine.support.hierarchical.NodeTestTask.execute(NodeTestTask.java:84) ~[junit-platform-engine-1.7.0.jar:1.7.0]
	at java.util.ArrayList.forEach(ArrayList.java:1541) ~[?:?]
	at org.junit.platform.engine.support.hierarchical.SameThreadHierarchicalTestExecutorService.invokeAll(SameThreadHierarchicalTestExecutorService.java:38) ~[junit-platform-engine-1.7.0.jar:1.7.0]
	at org.junit.platform.engine.support.hierarchical.NodeTestTask.lambda$executeRecursively$5(NodeTestTask.java:143) ~[junit-platform-engine-1.7.0.jar:1.7.0]
	at org.junit.platform.engine.support.hierarchical.ThrowableCollector.execute(ThrowableCollector.java:73) ~[junit-platform-engine-1.7.0.jar:1.7.0]
	at org.junit.platform.engine.support.hierarchical.NodeTestTask.lambda$executeRecursively$7(NodeTestTask.java:129) ~[junit-platform-engine-1.7.0.jar:1.7.0]
	at org.junit.platform.engine.support.hierarchical.Node.around(Node.java:137) ~[junit-platform-engine-1.7.0.jar:1.7.0]
	at org.junit.platform.engine.support.hierarchical.NodeTestTask.lambda$executeRecursively$8(NodeTestTask.java:127) ~[junit-platform-engine-1.7.0.jar:1.7.0]
	at org.junit.platform.engine.support.hierarchical.ThrowableCollector.execute(ThrowableCollector.java:73) ~[junit-platform-engine-1.7.0.jar:1.7.0]
	at org.junit.platform.engine.support.hierarchical.NodeTestTask.executeRecursively(NodeTestTask.java:126) ~[junit-platform-engine-1.7.0.jar:1.7.0]
	at org.junit.platform.engine.support.hierarchical.NodeTestTask.execute(NodeTestTask.java:84) ~[junit-platform-engine-1.7.0.jar:1.7.0]
	at org.junit.platform.engine.support.hierarchical.SameThreadHierarchicalTestExecutorService.submit(SameThreadHierarchicalTestExecutorService.java:32) ~[junit-platform-engine-1.7.0.jar:1.7.0]
	at org.junit.platform.engine.support.hierarchical.HierarchicalTestExecutor.execute(HierarchicalTestExecutor.java:57) ~[junit-platform-engine-1.7.0.jar:1.7.0]
	at org.junit.platform.engine.support.hierarchical.HierarchicalTestEngine.execute(HierarchicalTestEngine.java:51) ~[junit-platform-engine-1.7.0.jar:1.7.0]
	at org.junit.platform.launcher.core.EngineExecutionOrchestrator.execute(EngineExecutionOrchestrator.java:108) ~[junit-platform-launcher-1.7.0.jar:1.7.0]
	at org.junit.platform.launcher.core.EngineExecutionOrchestrator.execute(EngineExecutionOrchestrator.java:88) ~[junit-platform-launcher-1.7.0.jar:1.7.0]
	at org.junit.platform.launcher.core.EngineExecutionOrchestrator.lambda$execute$0(EngineExecutionOrchestrator.java:54) ~[junit-platform-launcher-1.7.0.jar:1.7.0]
	at org.junit.platform.launcher.core.EngineExecutionOrchestrator.withInterceptedStreams(EngineExecutionOrchestrator.java:67) [junit-platform-launcher-1.7.0.jar:1.7.0]
	at org.junit.platform.launcher.core.EngineExecutionOrchestrator.execute(EngineExecutionOrchestrator.java:52) [junit-platform-launcher-1.7.0.jar:1.7.0]
	at org.junit.platform.launcher.core.DefaultLauncher.execute(DefaultLauncher.java:96) [junit-platform-launcher-1.7.0.jar:1.7.0]
	at org.junit.platform.launcher.core.DefaultLauncher.execute(DefaultLauncher.java:75) [junit-platform-launcher-1.7.0.jar:1.7.0]
	at org.apache.maven.surefire.junitplatform.JUnitPlatformProvider.execute(JUnitPlatformProvider.java:188) [surefire-junit-platform-3.0.0-M5.jar:3.0.0-M5]
	at org.apache.maven.surefire.junitplatform.JUnitPlatformProvider.invokeAllTests(JUnitPlatformProvider.java:154) [surefire-junit-platform-3.0.0-M5.jar:3.0.0-M5]
	at org.apache.maven.surefire.junitplatform.JUnitPlatformProvider.invoke(JUnitPlatformProvider.java:128) [surefire-junit-platform-3.0.0-M5.jar:3.0.0-M5]
	at org.apache.maven.surefire.booter.ForkedBooter.runSuitesInProcess(ForkedBooter.java:428) [surefire-booter-3.0.0-M5.jar:3.0.0-M5]
	at org.apache.maven.surefire.booter.ForkedBooter.execute(ForkedBooter.java:162) [surefire-booter-3.0.0-M5.jar:3.0.0-M5]
	at org.apache.maven.surefire.booter.ForkedBooter.run(ForkedBooter.java:562) [surefire-booter-3.0.0-M5.jar:3.0.0-M5]
	at org.apache.maven.surefire.booter.ForkedBooter.main(ForkedBooter.java:548) [surefire-booter-3.0.0-M5.jar:3.0.0-M5]
2021-11-19T10:23:52,352|[DEBUG] TransactionImpl - committing
2021-11-19T10:23:52,352|[DEBUG] JdbcResourceLocalTransactionCoordinatorImpl - On commit, transaction was marked for roll-back only, rolling back
2021-11-19T10:23:52,352|[TRACE] AbstractLogicalConnectionImplementor - Preparing to rollback transaction via JDBC Connection.rollback()
2021-11-19T10:23:52,352|[TRACE] AbstractLogicalConnectionImplementor - Transaction rolled-back via JDBC Connection.rollback()
2021-11-19T10:23:52,352|[TRACE] AbstractLogicalConnectionImplementor - LogicalConnection#afterTransaction
2021-11-19T10:23:52,352|[TRACE] ResourceRegistryStandardImpl - Releasing JDBC resources
2021-11-19T10:23:52,352|[DEBUG] LogicalConnectionManagedImpl - Initiating JDBC connection release from afterTransaction
2021-11-19T10:23:52,353|[TRACE] ResourceRegistryStandardImpl - Releasing JDBC resources
2021-11-19T10:23:52,353|[TRACE] JdbcResourceLocalTransactionCoordinatorImpl - ResourceLocalTransactionCoordinatorImpl#afterCompletionCallback(false)
2021-11-19T10:23:52,353|[TRACE] SynchronizationRegistryStandardImpl - SynchronizationRegistryStandardImpl.notifySynchronizationsAfterTransactionCompletion(5)
2021-11-19T10:23:52,353|[TRACE] AbstractLogicalConnectionImplementor - LogicalConnection#afterTransaction
2021-11-19T10:23:52,353|[TRACE] ResourceRegistryStandardImpl - Releasing JDBC resources
2021-11-19T10:23:52,353|[DEBUG] LogicalConnectionManagedImpl - Initiating JDBC connection release from afterTransaction
2021-11-19T10:23:52,353|[TRACE] SessionImpl - SessionImpl#afterTransactionCompletion(successful=false, delayed=false)
2021-11-19T10:23:52,353|[TRACE] SessionImpl - Closing session [6d2bd2c7-7bc7-4dfb-9f13-751449afba91]
2021-11-19T10:23:52,353|[TRACE] JdbcCoordinatorImpl - Closing JDBC container [org.hibernate.engine.jdbc.internal.JdbcCoordinatorImpl@3ee200ae]
2021-11-19T10:23:52,353|[TRACE] ResourceRegistryStandardImpl - Releasing JDBC resources
2021-11-19T10:23:52,353|[TRACE] LogicalConnectionManagedImpl - Closing logical connection
2021-11-19T10:23:52,353|[TRACE] LogicalConnectionManagedImpl - Logical connection closed
]]></system-out>
  </testcase>
  <testcase name="ReadDependencies" classname="bloodbank.entity.TestCRUDDonationRecord" time="0.012">
    <system-out><![CDATA[2021-11-19T10:23:52,354|[TRACE] SessionFactoryImpl$SessionBuilderImpl - Opening Hibernate Session.  tenant=null
2021-11-19T10:23:52,354|[TRACE] SessionImpl - Opened Session [7a89ee34-c82e-47fa-afed-3e62da16170a] at timestamp: 1637335432354
2021-11-19T10:23:52,354|[DEBUG] TransactionImpl - On TransactionImpl creation, JpaCompliance#isJpaTransactionComplianceEnabled == false
2021-11-19T10:23:52,354|[DEBUG] CriteriaQueryImpl - Rendered criteria query -> select generatedAlias0 from DonationRecord as generatedAlias0 where generatedAlias0.id=:id
2021-11-19T10:23:52,354|[TRACE] QueryPlanCache - Unable to locate HQL query plan in cache; generating (select generatedAlias0 from DonationRecord as generatedAlias0 where generatedAlias0.id=:id)
2021-11-19T10:23:52,354|[DEBUG] QueryTranslatorImpl - parse() - HQL: select generatedAlias0 from bloodbank.entity.DonationRecord as generatedAlias0 where generatedAlias0.id=:id
2021-11-19T10:23:52,354|[TRACE] HqlParser - -> statement
2021-11-19T10:23:52,354|[TRACE] HqlParser - ---> selectStatement
2021-11-19T10:23:52,354|[TRACE] HqlParser - -----> queryRule
2021-11-19T10:23:52,354|[TRACE] HqlParser - -------> selectFrom
2021-11-19T10:23:52,354|[TRACE] HqlParser - ---------> selectClause
2021-11-19T10:23:52,354|[TRACE] HqlParser - -----------> selectedPropertiesList
2021-11-19T10:23:52,354|[TRACE] HqlParser - -------------> aliasedExpression
2021-11-19T10:23:52,354|[TRACE] HqlParser - ---------------> expression
2021-11-19T10:23:52,354|[TRACE] HqlParser - -----------------> logicalOrExpression
2021-11-19T10:23:52,354|[TRACE] HqlParser - -------------------> logicalAndExpression
2021-11-19T10:23:52,354|[TRACE] HqlParser - ---------------------> negatedExpression
2021-11-19T10:23:52,354|[TRACE] HqlParser - -----------------------> equalityExpression
2021-11-19T10:23:52,354|[TRACE] HqlParser - -------------------------> relationalExpression
2021-11-19T10:23:52,354|[TRACE] HqlParser - ---------------------------> concatenation
2021-11-19T10:23:52,354|[TRACE] HqlParser - -----------------------------> additiveExpression
2021-11-19T10:23:52,354|[TRACE] HqlParser - -------------------------------> multiplyExpression
2021-11-19T10:23:52,354|[TRACE] HqlParser - ---------------------------------> unaryExpression
2021-11-19T10:23:52,354|[TRACE] HqlParser - -----------------------------------> atom
2021-11-19T10:23:52,354|[TRACE] HqlParser - -------------------------------------> primaryExpression
2021-11-19T10:23:52,354|[TRACE] HqlParser - ---------------------------------------> identPrimary
2021-11-19T10:23:52,354|[TRACE] HqlParser - -----------------------------------------> identPrimaryBase
2021-11-19T10:23:52,354|[TRACE] HqlParser - -------------------------------------------> identifier
2021-11-19T10:23:52,354|[TRACE] HqlParser - <------------------------------------------- identifier
2021-11-19T10:23:52,354|[TRACE] HqlParser - <----------------------------------------- identPrimaryBase
2021-11-19T10:23:52,354|[TRACE] HqlParser - <--------------------------------------- identPrimary
2021-11-19T10:23:52,354|[TRACE] HqlParser - <------------------------------------- primaryExpression
2021-11-19T10:23:52,354|[TRACE] HqlParser - <----------------------------------- atom
2021-11-19T10:23:52,354|[TRACE] HqlParser - <--------------------------------- unaryExpression
2021-11-19T10:23:52,354|[TRACE] HqlParser - <------------------------------- multiplyExpression
2021-11-19T10:23:52,354|[TRACE] HqlParser - <----------------------------- additiveExpression
2021-11-19T10:23:52,354|[TRACE] HqlParser - <--------------------------- concatenation
2021-11-19T10:23:52,354|[TRACE] HqlParser - <------------------------- relationalExpression
2021-11-19T10:23:52,355|[TRACE] HqlParser - <----------------------- equalityExpression
2021-11-19T10:23:52,355|[TRACE] HqlParser - <--------------------- negatedExpression
2021-11-19T10:23:52,355|[TRACE] HqlParser - <------------------- logicalAndExpression
2021-11-19T10:23:52,355|[TRACE] HqlParser - <----------------- logicalOrExpression
2021-11-19T10:23:52,355|[TRACE] HqlParser - <--------------- expression
2021-11-19T10:23:52,355|[TRACE] HqlParser - <------------- aliasedExpression
2021-11-19T10:23:52,355|[TRACE] HqlParser - <----------- selectedPropertiesList
2021-11-19T10:23:52,355|[TRACE] HqlParser - <--------- selectClause
2021-11-19T10:23:52,355|[TRACE] HqlParser - ---------> fromClause
2021-11-19T10:23:52,355|[TRACE] HqlParser - -----------> fromRange
2021-11-19T10:23:52,355|[TRACE] HqlParser - -------------> fromClassOrOuterQueryPath
2021-11-19T10:23:52,355|[TRACE] HqlParser - ---------------> path
2021-11-19T10:23:52,355|[TRACE] HqlParser - -----------------> identifier
2021-11-19T10:23:52,355|[TRACE] HqlParser - <----------------- identifier
2021-11-19T10:23:52,355|[TRACE] HqlParser - -----------------> identifier
2021-11-19T10:23:52,355|[TRACE] HqlParser - <----------------- identifier
2021-11-19T10:23:52,355|[TRACE] HqlParser - -----------------> identifier
2021-11-19T10:23:52,355|[TRACE] HqlParser - <----------------- identifier
2021-11-19T10:23:52,355|[TRACE] HqlParser - <--------------- path
2021-11-19T10:23:52,355|[TRACE] HqlParser - ---------------> asAlias
2021-11-19T10:23:52,355|[TRACE] HqlParser - -----------------> alias
2021-11-19T10:23:52,355|[TRACE] HqlParser - -------------------> identifier
2021-11-19T10:23:52,355|[TRACE] HqlParser - <------------------- identifier
2021-11-19T10:23:52,355|[TRACE] HqlParser - <----------------- alias
2021-11-19T10:23:52,355|[TRACE] HqlParser - <--------------- asAlias
2021-11-19T10:23:52,355|[TRACE] HqlParser - <------------- fromClassOrOuterQueryPath
2021-11-19T10:23:52,355|[TRACE] HqlParser - <----------- fromRange
2021-11-19T10:23:52,355|[TRACE] HqlParser - <--------- fromClause
2021-11-19T10:23:52,355|[TRACE] HqlParser - <------- selectFrom
2021-11-19T10:23:52,355|[TRACE] HqlParser - -------> whereClause
2021-11-19T10:23:52,355|[TRACE] HqlParser - ---------> logicalExpression
2021-11-19T10:23:52,355|[TRACE] HqlParser - -----------> expression
2021-11-19T10:23:52,355|[TRACE] HqlParser - -------------> logicalOrExpression
2021-11-19T10:23:52,355|[TRACE] HqlParser - ---------------> logicalAndExpression
2021-11-19T10:23:52,355|[TRACE] HqlParser - -----------------> negatedExpression
2021-11-19T10:23:52,355|[TRACE] HqlParser - -------------------> equalityExpression
2021-11-19T10:23:52,355|[TRACE] HqlParser - ---------------------> relationalExpression
2021-11-19T10:23:52,355|[TRACE] HqlParser - -----------------------> concatenation
2021-11-19T10:23:52,355|[TRACE] HqlParser - -------------------------> additiveExpression
2021-11-19T10:23:52,355|[TRACE] HqlParser - ---------------------------> multiplyExpression
2021-11-19T10:23:52,355|[TRACE] HqlParser - -----------------------------> unaryExpression
2021-11-19T10:23:52,355|[TRACE] HqlParser - -------------------------------> atom
2021-11-19T10:23:52,355|[TRACE] HqlParser - ---------------------------------> primaryExpression
2021-11-19T10:23:52,355|[TRACE] HqlParser - -----------------------------------> identPrimary
2021-11-19T10:23:52,355|[TRACE] HqlParser - -------------------------------------> identPrimaryBase
2021-11-19T10:23:52,355|[TRACE] HqlParser - ---------------------------------------> identifier
2021-11-19T10:23:52,355|[TRACE] HqlParser - <--------------------------------------- identifier
2021-11-19T10:23:52,355|[TRACE] HqlParser - <------------------------------------- identPrimaryBase
2021-11-19T10:23:52,355|[TRACE] HqlParser - -------------------------------------> identifier
2021-11-19T10:23:52,355|[TRACE] HqlParser - <------------------------------------- identifier
2021-11-19T10:23:52,355|[TRACE] HqlParser - <----------------------------------- identPrimary
2021-11-19T10:23:52,355|[TRACE] HqlParser - <--------------------------------- primaryExpression
2021-11-19T10:23:52,355|[TRACE] HqlParser - <------------------------------- atom
2021-11-19T10:23:52,355|[TRACE] HqlParser - <----------------------------- unaryExpression
2021-11-19T10:23:52,355|[TRACE] HqlParser - <--------------------------- multiplyExpression
2021-11-19T10:23:52,355|[TRACE] HqlParser - <------------------------- additiveExpression
2021-11-19T10:23:52,355|[TRACE] HqlParser - <----------------------- concatenation
2021-11-19T10:23:52,355|[TRACE] HqlParser - <--------------------- relationalExpression
2021-11-19T10:23:52,355|[TRACE] HqlParser - ---------------------> relationalExpression
2021-11-19T10:23:52,355|[TRACE] HqlParser - -----------------------> concatenation
2021-11-19T10:23:52,355|[TRACE] HqlParser - -------------------------> additiveExpression
2021-11-19T10:23:52,355|[TRACE] HqlParser - ---------------------------> multiplyExpression
2021-11-19T10:23:52,355|[TRACE] HqlParser - -----------------------------> unaryExpression
2021-11-19T10:23:52,355|[TRACE] HqlParser - -------------------------------> atom
2021-11-19T10:23:52,355|[TRACE] HqlParser - ---------------------------------> primaryExpression
2021-11-19T10:23:52,355|[TRACE] HqlParser - -----------------------------------> parameter
2021-11-19T10:23:52,355|[TRACE] HqlParser - <----------------------------------- parameter
2021-11-19T10:23:52,355|[TRACE] HqlParser - <--------------------------------- primaryExpression
2021-11-19T10:23:52,355|[TRACE] HqlParser - <------------------------------- atom
2021-11-19T10:23:52,355|[TRACE] HqlParser - <----------------------------- unaryExpression
2021-11-19T10:23:52,355|[TRACE] HqlParser - <--------------------------- multiplyExpression
2021-11-19T10:23:52,355|[TRACE] HqlParser - <------------------------- additiveExpression
2021-11-19T10:23:52,355|[TRACE] HqlParser - <----------------------- concatenation
2021-11-19T10:23:52,355|[TRACE] HqlParser - <--------------------- relationalExpression
2021-11-19T10:23:52,355|[TRACE] HqlParser - <------------------- equalityExpression
2021-11-19T10:23:52,355|[TRACE] HqlParser - <----------------- negatedExpression
2021-11-19T10:23:52,355|[TRACE] HqlParser - <--------------- logicalAndExpression
2021-11-19T10:23:52,355|[TRACE] HqlParser - <------------- logicalOrExpression
2021-11-19T10:23:52,355|[TRACE] HqlParser - <----------- expression
2021-11-19T10:23:52,355|[TRACE] HqlParser - <--------- logicalExpression
2021-11-19T10:23:52,355|[TRACE] HqlParser - <------- whereClause
2021-11-19T10:23:52,355|[TRACE] HqlParser - <----- queryRule
2021-11-19T10:23:52,355|[TRACE] HqlParser - <--- selectStatement
2021-11-19T10:23:52,355|[TRACE] HqlParser - <- statement
2021-11-19T10:23:52,355|[DEBUG] ErrorTracker - throwQueryException() : no errors
2021-11-19T10:23:52,355|[DEBUG] QueryTranslatorImpl - --- HQL AST ---
 \-[QUERY] Node: 'query'
    +-[SELECT_FROM] Node: 'SELECT_FROM'
    |  +-[FROM] Node: 'from'
    |  |  \-[RANGE] Node: 'RANGE'
    |  |     +-[DOT] Node: '.'
    |  |     |  +-[DOT] Node: '.'
    |  |     |  |  +-[IDENT] Node: 'bloodbank'
    |  |     |  |  \-[IDENT] Node: 'entity'
    |  |     |  \-[IDENT] Node: 'DonationRecord'
    |  |     \-[ALIAS] Node: 'generatedAlias0'
    |  \-[SELECT] Node: 'select'
    |     \-[IDENT] Node: 'generatedAlias0'
    \-[WHERE] Node: 'where'
       \-[EQ] Node: '='
          +-[DOT] Node: '.'
          |  +-[IDENT] Node: 'generatedAlias0'
          |  \-[IDENT] Node: 'id'
          \-[COLON] Node: ':'
             \-[IDENT] Node: 'id'

2021-11-19T10:23:52,355|[DEBUG] HqlSqlBaseWalker - select << begin [level=1, statement=select]
2021-11-19T10:23:52,355|[DEBUG] FromElement - FromClause{level=1} : bloodbank.entity.DonationRecord (generatedAlias0) -> donationre0_
2021-11-19T10:23:52,355|[DEBUG] FromReferenceNode - Resolved : generatedAlias0 -> donationre0_.record_id
2021-11-19T10:23:52,356|[DEBUG] FromReferenceNode - Resolved : generatedAlias0 -> donationre0_.record_id
2021-11-19T10:23:52,356|[TRACE] FromElement - Handling property dereference [bloodbank.entity.DonationRecord (generatedAlias0) -> id (class)]
2021-11-19T10:23:52,356|[DEBUG] DotNode - getDataType() : id -> org.hibernate.type.IntegerType@6892cc6f
2021-11-19T10:23:52,356|[DEBUG] FromReferenceNode - Resolved : generatedAlias0.id -> donationre0_.record_id
2021-11-19T10:23:52,356|[DEBUG] HqlSqlBaseWalker - select : finishing up [level=1, statement=select]
2021-11-19T10:23:52,356|[DEBUG] HqlSqlWalker - processQuery() :  ( SELECT ( {select clause} donationre0_.record_id ) ( FromClause{level=1} donation_record donationre0_ ) ( where ( = ( donationre0_.record_id donationre0_.record_id id ) ? ) ) )
2021-11-19T10:23:52,356|[DEBUG] JoinProcessor - Tables referenced from query nodes:
 \-QueryNode
    +-SelectClause
    | referencedTables(entity DonationRecord): [donation_record]
    |  +-IdentNode
    |  | persister: SingleTableEntityPersister(bloodbank.entity.DonationRecord)
    |  | originalText: generatedAlias0
    |  \-SqlFragment
    +-FromClause
    |  \-FromElement
    \-SqlNode
       \-BinaryLogicOperatorNode
          +-DotNode
          | persister: SingleTableEntityPersister(bloodbank.entity.DonationRecord)
          | path: generatedAlias0.id
          |  +-IdentNode
          |  | persister: SingleTableEntityPersister(bloodbank.entity.DonationRecord)
          |  | originalText: generatedAlias0
          |  \-IdentNode
          |    persister: null
          |    originalText: id
          \-ParameterNode

2021-11-19T10:23:52,356|[DEBUG] JoinProcessor - Using FROM fragment [donation_record donationre0_]
2021-11-19T10:23:52,356|[DEBUG] HqlSqlBaseWalker - select >> end [level=1, statement=select]
2021-11-19T10:23:52,356|[DEBUG] QueryTranslatorImpl - --- SQL AST ---
 \-[SELECT] QueryNode: 'SELECT'  querySpaces (donation_record)
    +-[SELECT_CLAUSE] SelectClause: '{select clause}'
    |  +-[ALIAS_REF] IdentNode: 'donationre0_.record_id as record_i1_4_' {alias=generatedAlias0, className=bloodbank.entity.DonationRecord, tableAlias=donationre0_}
    |  \-[SQL_TOKEN] SqlFragment: 'donationre0_.created as created2_4_, donationre0_.updated as updated3_4_, donationre0_.version as version4_4_, donationre0_.donation_id as donation6_4_, donationre0_.person_id as person_i7_4_, donationre0_.tested as tested5_4_'
    +-[FROM] FromClause: 'from' FromClause{level=1, fromElementCounter=1, fromElements=1, fromElementByClassAlias=[generatedAlias0], fromElementByTableAlias=[donationre0_], fromElementsByPath=[], collectionJoinFromElementsByPath=[], impliedElements=[]}
    |  \-[FROM_FRAGMENT] FromElement: 'donation_record donationre0_' FromElement{explicit,not a collection join,not a fetch join,fetch non-lazy properties,classAlias=generatedAlias0,role=null,tableName=donation_record,tableAlias=donationre0_,origin=null,columns={,className=bloodbank.entity.DonationRecord}}
    \-[WHERE] SqlNode: 'where'
       \-[EQ] BinaryLogicOperatorNode: '='
          +-[DOT] DotNode: 'donationre0_.record_id' {propertyName=id,dereferenceType=PRIMITIVE,getPropertyPath=id,path=generatedAlias0.id,tableAlias=donationre0_,className=bloodbank.entity.DonationRecord,classAlias=generatedAlias0}
          |  +-[ALIAS_REF] IdentNode: 'donationre0_.record_id' {alias=generatedAlias0, className=bloodbank.entity.DonationRecord, tableAlias=donationre0_}
          |  \-[IDENT] IdentNode: 'id' {originalText=id}
          \-[NAMED_PARAM] ParameterNode: '?' {name=id, expectedType=org.hibernate.type.IntegerType@6892cc6f}

2021-11-19T10:23:52,356|[DEBUG] ErrorTracker - throwQueryException() : no errors
2021-11-19T10:23:52,356|[DEBUG] QueryTranslatorImpl - HQL: select generatedAlias0 from bloodbank.entity.DonationRecord as generatedAlias0 where generatedAlias0.id=:id
2021-11-19T10:23:52,356|[DEBUG] QueryTranslatorImpl - SQL: select donationre0_.record_id as record_i1_4_, donationre0_.created as created2_4_, donationre0_.updated as updated3_4_, donationre0_.version as version4_4_, donationre0_.donation_id as donation6_4_, donationre0_.person_id as person_i7_4_, donationre0_.tested as tested5_4_ from donation_record donationre0_ where donationre0_.record_id=?
2021-11-19T10:23:52,356|[DEBUG] ErrorTracker - throwQueryException() : no errors
2021-11-19T10:23:52,356|[TRACE] QueryPlanCache - Located HQL query plan in cache (select generatedAlias0 from DonationRecord as generatedAlias0 where generatedAlias0.id=:id)
2021-11-19T10:23:52,357|[TRACE] QueryPlanCache - Located HQL query plan in cache (select generatedAlias0 from DonationRecord as generatedAlias0 where generatedAlias0.id=:id)
2021-11-19T10:23:52,357|[TRACE] HQLQueryPlan - Find: select generatedAlias0 from DonationRecord as generatedAlias0 where generatedAlias0.id=:id
2021-11-19T10:23:52,357|[TRACE] QueryParameters - Named parameters: {id=1}
2021-11-19T10:23:52,357|[DEBUG] SQL - 
    /* select
        generatedAlias0 
    from
        DonationRecord as generatedAlias0 
    where
        generatedAlias0.id=:id */ select
            donationre0_.record_id as record_i1_4_,
            donationre0_.created as created2_4_,
            donationre0_.updated as updated3_4_,
            donationre0_.version as version4_4_,
            donationre0_.donation_id as donation6_4_,
            donationre0_.person_id as person_i7_4_,
            donationre0_.tested as tested5_4_ 
        from
            donation_record donationre0_ 
        where
            donationre0_.record_id=?
2021-11-19T10:23:52,357|[TRACE] ResourceRegistryStandardImpl - Registering statement [com.mysql.cj.jdbc.ClientPreparedStatement: /* select generatedAlias0 from DonationRecord as generatedAlias0 where generatedAlias0.id=:id */ select donationre0_.record_id as record_i1_4_, donationre0_.created as created2_4_, donationre0_.updated as updated3_4_, donationre0_.version as version4_4_, donationre0_.donation_id as donation6_4_, donationre0_.person_id as person_i7_4_, donationre0_.tested as tested5_4_ from donation_record donationre0_ where donationre0_.record_id=** NOT SPECIFIED **]
2021-11-19T10:23:52,357|[TRACE] JdbcCoordinatorImpl - Registering last query statement [com.mysql.cj.jdbc.ClientPreparedStatement: /* select generatedAlias0 from DonationRecord as generatedAlias0 where generatedAlias0.id=:id */ select donationre0_.record_id as record_i1_4_, donationre0_.created as created2_4_, donationre0_.updated as updated3_4_, donationre0_.version as version4_4_, donationre0_.donation_id as donation6_4_, donationre0_.person_id as person_i7_4_, donationre0_.tested as tested5_4_ from donation_record donationre0_ where donationre0_.record_id=** NOT SPECIFIED **]
2021-11-19T10:23:52,358|[TRACE] BasicBinder - binding parameter [1] as [INTEGER] - [1]
2021-11-19T10:23:52,358|[TRACE] Loader - Bound [2] parameters total
2021-11-19T10:23:52,358|[TRACE] ResourceRegistryStandardImpl - Registering result set [com.mysql.cj.jdbc.result.ResultSetImpl@7c37ac3c]
2021-11-19T10:23:52,358|[TRACE] Loader - Processing result set
2021-11-19T10:23:52,358|[DEBUG] Loader - Result set row: 0
2021-11-19T10:23:52,358|[TRACE] BasicExtractor - extracted value ([record_i1_4_] : [INTEGER]) - [1]
2021-11-19T10:23:52,358|[DEBUG] Loader - Result row: EntityKey[bloodbank.entity.DonationRecord#1]
2021-11-19T10:23:52,358|[TRACE] Loader - Initializing object from ResultSet: [bloodbank.entity.DonationRecord#1]
2021-11-19T10:23:52,358|[TRACE] AbstractEntityPersister - Hydrating entity: [bloodbank.entity.DonationRecord#1]
2021-11-19T10:23:52,358|[TRACE] BasicExtractor - extracted value ([created2_4_] : [BIGINT]) - [1637335432332]
2021-11-19T10:23:52,358|[TRACE] BasicExtractor - extracted value ([updated3_4_] : [BIGINT]) - [1637335432332]
2021-11-19T10:23:52,359|[TRACE] BasicExtractor - extracted value ([version4_4_] : [INTEGER]) - [0]
2021-11-19T10:23:52,359|[TRACE] BasicExtractor - extracted value ([donation6_4_] : [INTEGER]) - [1]
2021-11-19T10:23:52,359|[TRACE] BasicExtractor - extracted value ([person_i7_4_] : [INTEGER]) - [1]
2021-11-19T10:23:52,359|[TRACE] BasicExtractor - extracted value ([tested5_4_] : [TINYINT]) - [0]
2021-11-19T10:23:52,359|[TRACE] TwoPhaseLoad - Version: 0
2021-11-19T10:23:52,359|[TRACE] Loader - Done processing result set (1 rows)
2021-11-19T10:23:52,359|[TRACE] Loader - Total objects hydrated: 1
2021-11-19T10:23:52,359|[DEBUG] TwoPhaseLoad - Resolving attributes for [bloodbank.entity.DonationRecord#1]
2021-11-19T10:23:52,359|[DEBUG] TwoPhaseLoad - Processing attribute `epochCreated` : value = 1637335432332
2021-11-19T10:23:52,359|[DEBUG] TwoPhaseLoad - Attribute (`epochCreated`)  - enhanced for lazy-loading? - false
2021-11-19T10:23:52,359|[DEBUG] TwoPhaseLoad - Processing attribute `epochUpdated` : value = 1637335432332
2021-11-19T10:23:52,359|[DEBUG] TwoPhaseLoad - Attribute (`epochUpdated`)  - enhanced for lazy-loading? - false
2021-11-19T10:23:52,359|[DEBUG] TwoPhaseLoad - Processing attribute `version` : value = 0
2021-11-19T10:23:52,359|[DEBUG] TwoPhaseLoad - Attribute (`version`)  - enhanced for lazy-loading? - false
2021-11-19T10:23:52,359|[DEBUG] TwoPhaseLoad - Processing attribute `donation` : value = 1
2021-11-19T10:23:52,359|[DEBUG] TwoPhaseLoad - Attribute (`donation`)  - enhanced for lazy-loading? - false
2021-11-19T10:23:52,359|[TRACE] DefaultLoadEventListener - Loading entity: [bloodbank.entity.BloodDonation#1]
2021-11-19T10:23:52,359|[TRACE] DefaultLoadEventListener - Attempting to resolve: [bloodbank.entity.BloodDonation#1]
2021-11-19T10:23:52,359|[TRACE] DefaultLoadEventListener - Object not resolved in any cache: [bloodbank.entity.BloodDonation#1]
2021-11-19T10:23:52,359|[TRACE] AbstractEntityPersister - Fetching entity: [bloodbank.entity.BloodDonation#1]
2021-11-19T10:23:52,359|[DEBUG] SQL - 
    select
        blooddonat0_.donation_id as donation1_2_0_,
        blooddonat0_.created as created2_2_0_,
        blooddonat0_.updated as updated3_2_0_,
        blooddonat0_.version as version4_2_0_,
        blooddonat0_.bank_id as bank_id8_2_0_,
        blooddonat0_.blood_group as blood_gr5_2_0_,
        blooddonat0_.rhd as rhd6_2_0_,
        blooddonat0_.milliliters as millilit7_2_0_ 
    from
        blood_donation blooddonat0_ 
    where
        blooddonat0_.donation_id=?
2021-11-19T10:23:52,359|[TRACE] ResourceRegistryStandardImpl - Registering statement [com.mysql.cj.jdbc.ClientPreparedStatement: select blooddonat0_.donation_id as donation1_2_0_, blooddonat0_.created as created2_2_0_, blooddonat0_.updated as updated3_2_0_, blooddonat0_.version as version4_2_0_, blooddonat0_.bank_id as bank_id8_2_0_, blooddonat0_.blood_group as blood_gr5_2_0_, blooddonat0_.rhd as rhd6_2_0_, blooddonat0_.milliliters as millilit7_2_0_ from blood_donation blooddonat0_ where blooddonat0_.donation_id=** NOT SPECIFIED **]
2021-11-19T10:23:52,359|[TRACE] JdbcCoordinatorImpl - Registering last query statement [com.mysql.cj.jdbc.ClientPreparedStatement: select blooddonat0_.donation_id as donation1_2_0_, blooddonat0_.created as created2_2_0_, blooddonat0_.updated as updated3_2_0_, blooddonat0_.version as version4_2_0_, blooddonat0_.bank_id as bank_id8_2_0_, blooddonat0_.blood_group as blood_gr5_2_0_, blooddonat0_.rhd as rhd6_2_0_, blooddonat0_.milliliters as millilit7_2_0_ from blood_donation blooddonat0_ where blooddonat0_.donation_id=** NOT SPECIFIED **]
2021-11-19T10:23:52,359|[TRACE] BasicBinder - binding parameter [1] as [INTEGER] - [1]
2021-11-19T10:23:52,359|[TRACE] AbstractLoadPlanBasedLoader - Bound [2] parameters total
2021-11-19T10:23:52,360|[TRACE] ResourceRegistryStandardImpl - Registering result set [com.mysql.cj.jdbc.result.ResultSetImpl@44117b0d]
2021-11-19T10:23:52,360|[TRACE] ResultSetProcessorImpl - Processing result set
2021-11-19T10:23:52,360|[TRACE] ResultSetProcessorImpl - Starting ResultSet row #0
2021-11-19T10:23:52,360|[DEBUG] EntityReferenceInitializerImpl - On call to EntityIdentifierReaderImpl#resolve, EntityKey was already known; should only happen on root returns with an optional identifier specified
2021-11-19T10:23:52,360|[TRACE] EntityReferenceInitializerImpl - hydrating entity state
2021-11-19T10:23:52,360|[TRACE] EntityReferenceInitializerImpl - Initializing object from ResultSet: [bloodbank.entity.BloodDonation#1]
2021-11-19T10:23:52,360|[TRACE] AbstractEntityPersister - Hydrating entity: [bloodbank.entity.BloodDonation#1]
2021-11-19T10:23:52,360|[TRACE] BasicExtractor - extracted value ([created2_2_0_] : [BIGINT]) - [1637335432332]
2021-11-19T10:23:52,360|[TRACE] BasicExtractor - extracted value ([updated3_2_0_] : [BIGINT]) - [1637335432332]
2021-11-19T10:23:52,360|[TRACE] BasicExtractor - extracted value ([version4_2_0_] : [INTEGER]) - [0]
2021-11-19T10:23:52,360|[TRACE] BasicExtractor - extracted value ([bank_id8_2_0_] : [INTEGER]) - [1]
2021-11-19T10:23:52,360|[TRACE] BasicExtractor - extracted value ([blood_gr5_2_0_] : [VARCHAR]) - [AB]
2021-11-19T10:23:52,360|[TRACE] BasicExtractor - extracted value ([rhd6_2_0_] : [TINYINT]) - [1]
2021-11-19T10:23:52,360|[TRACE] BasicExtractor - extracted value ([millilit7_2_0_] : [INTEGER]) - [5]
2021-11-19T10:23:52,360|[TRACE] TwoPhaseLoad - Version: 0
2021-11-19T10:23:52,360|[TRACE] ResultSetProcessorImpl - Done processing result set (1 rows)
2021-11-19T10:23:52,360|[TRACE] AbstractRowReader - Total objects hydrated: 1
2021-11-19T10:23:52,360|[DEBUG] TwoPhaseLoad - Resolving attributes for [bloodbank.entity.BloodDonation#1]
2021-11-19T10:23:52,360|[DEBUG] TwoPhaseLoad - Processing attribute `epochCreated` : value = 1637335432332
2021-11-19T10:23:52,360|[DEBUG] TwoPhaseLoad - Attribute (`epochCreated`)  - enhanced for lazy-loading? - false
2021-11-19T10:23:52,361|[DEBUG] TwoPhaseLoad - Processing attribute `epochUpdated` : value = 1637335432332
2021-11-19T10:23:52,361|[DEBUG] TwoPhaseLoad - Attribute (`epochUpdated`)  - enhanced for lazy-loading? - false
2021-11-19T10:23:52,361|[DEBUG] TwoPhaseLoad - Processing attribute `version` : value = 0
2021-11-19T10:23:52,361|[DEBUG] TwoPhaseLoad - Attribute (`version`)  - enhanced for lazy-loading? - false
2021-11-19T10:23:52,361|[DEBUG] TwoPhaseLoad - Processing attribute `bank` : value = 1
2021-11-19T10:23:52,361|[DEBUG] TwoPhaseLoad - Attribute (`bank`)  - enhanced for lazy-loading? - false
2021-11-19T10:23:52,361|[TRACE] DefaultLoadEventListener - Loading entity: [bloodbank.entity.BloodBank#1]
2021-11-19T10:23:52,361|[TRACE] DefaultLoadEventListener - Creating new proxy for entity
2021-11-19T10:23:52,361|[DEBUG] TwoPhaseLoad - Processing attribute `bloodType` : value = [Ljava.lang.Object;@1b26fac2
2021-11-19T10:23:52,361|[DEBUG] TwoPhaseLoad - Attribute (`bloodType`)  - enhanced for lazy-loading? - false
2021-11-19T10:23:52,361|[DEBUG] TwoPhaseLoad - Processing attribute `milliliters` : value = 5
2021-11-19T10:23:52,361|[DEBUG] TwoPhaseLoad - Attribute (`milliliters`)  - enhanced for lazy-loading? - false
2021-11-19T10:23:52,361|[DEBUG] TwoPhaseLoad - Processing attribute `record` : value = 1
2021-11-19T10:23:52,361|[DEBUG] TwoPhaseLoad - Attribute (`record`)  - enhanced for lazy-loading? - false
2021-11-19T10:23:52,361|[TRACE] DefaultLoadEventListener - Loading entity: [bloodbank.entity.DonationRecord#1]
2021-11-19T10:23:52,361|[TRACE] DefaultLoadEventListener - Attempting to resolve: [bloodbank.entity.DonationRecord#1]
2021-11-19T10:23:52,362|[DEBUG] TwoPhaseLoad - Done materializing entity [bloodbank.entity.BloodDonation#1]
2021-11-19T10:23:52,362|[TRACE] ResultSetProcessingContextImpl - Skipping create subselects because there are fewer than 2 results, so query by key is more efficient.
2021-11-19T10:23:52,362|[TRACE] ResourceRegistryStandardImpl - Releasing statement [com.mysql.cj.jdbc.ClientPreparedStatement: select blooddonat0_.donation_id as donation1_2_0_, blooddonat0_.created as created2_2_0_, blooddonat0_.updated as updated3_2_0_, blooddonat0_.version as version4_2_0_, blooddonat0_.bank_id as bank_id8_2_0_, blooddonat0_.blood_group as blood_gr5_2_0_, blooddonat0_.rhd as rhd6_2_0_, blooddonat0_.milliliters as millilit7_2_0_ from blood_donation blooddonat0_ where blooddonat0_.donation_id=1]
2021-11-19T10:23:52,362|[TRACE] ResourceRegistryStandardImpl - Closing result set [com.mysql.cj.jdbc.result.ResultSetImpl@44117b0d]
2021-11-19T10:23:52,362|[TRACE] ResourceRegistryStandardImpl - Closing prepared statement [com.mysql.cj.jdbc.ClientPreparedStatement: select blooddonat0_.donation_id as donation1_2_0_, blooddonat0_.created as created2_2_0_, blooddonat0_.updated as updated3_2_0_, blooddonat0_.version as version4_2_0_, blooddonat0_.bank_id as bank_id8_2_0_, blooddonat0_.blood_group as blood_gr5_2_0_, blooddonat0_.rhd as rhd6_2_0_, blooddonat0_.milliliters as millilit7_2_0_ from blood_donation blooddonat0_ where blooddonat0_.donation_id=1]
2021-11-19T10:23:52,362|[TRACE] JdbcCoordinatorImpl - Starting after statement execution processing [AFTER_TRANSACTION]
2021-11-19T10:23:52,362|[DEBUG] AbstractLoadPlanBasedEntityLoader - Done entity load : bloodbank.entity.BloodDonation#1
2021-11-19T10:23:52,362|[DEBUG] TwoPhaseLoad - Processing attribute `owner` : value = 1
2021-11-19T10:23:52,362|[DEBUG] TwoPhaseLoad - Attribute (`owner`)  - enhanced for lazy-loading? - false
2021-11-19T10:23:52,362|[TRACE] DefaultLoadEventListener - Loading entity: [bloodbank.entity.Person#1]
2021-11-19T10:23:52,362|[TRACE] DefaultLoadEventListener - Creating new proxy for entity
2021-11-19T10:23:52,362|[DEBUG] TwoPhaseLoad - Processing attribute `tested` : value = 0
2021-11-19T10:23:52,362|[DEBUG] TwoPhaseLoad - Attribute (`tested`)  - enhanced for lazy-loading? - false
2021-11-19T10:23:52,362|[DEBUG] TwoPhaseLoad - Done materializing entity [bloodbank.entity.DonationRecord#1]
2021-11-19T10:23:52,362|[TRACE] ResourceRegistryStandardImpl - Releasing statement [com.mysql.cj.jdbc.ClientPreparedStatement: /* select generatedAlias0 from DonationRecord as generatedAlias0 where generatedAlias0.id=:id */ select donationre0_.record_id as record_i1_4_, donationre0_.created as created2_4_, donationre0_.updated as updated3_4_, donationre0_.version as version4_4_, donationre0_.donation_id as donation6_4_, donationre0_.person_id as person_i7_4_, donationre0_.tested as tested5_4_ from donation_record donationre0_ where donationre0_.record_id=1]
2021-11-19T10:23:52,362|[TRACE] ResourceRegistryStandardImpl - Closing result set [com.mysql.cj.jdbc.result.ResultSetImpl@7c37ac3c]
2021-11-19T10:23:52,362|[TRACE] ResourceRegistryStandardImpl - Closing prepared statement [com.mysql.cj.jdbc.ClientPreparedStatement: /* select generatedAlias0 from DonationRecord as generatedAlias0 where generatedAlias0.id=:id */ select donationre0_.record_id as record_i1_4_, donationre0_.created as created2_4_, donationre0_.updated as updated3_4_, donationre0_.version as version4_4_, donationre0_.donation_id as donation6_4_, donationre0_.person_id as person_i7_4_, donationre0_.tested as tested5_4_ from donation_record donationre0_ where donationre0_.record_id=1]
2021-11-19T10:23:52,362|[TRACE] JdbcCoordinatorImpl - Starting after statement execution processing [AFTER_TRANSACTION]
2021-11-19T10:23:52,362|[TRACE] StatefulPersistenceContext - Initializing non-lazy collections
2021-11-19T10:23:52,362|[TRACE] AbstractLogicalConnectionImplementor - LogicalConnection#afterTransaction
2021-11-19T10:23:52,362|[TRACE] ResourceRegistryStandardImpl - Releasing JDBC resources
2021-11-19T10:23:52,362|[DEBUG] LogicalConnectionManagedImpl - Initiating JDBC connection release from afterTransaction
2021-11-19T10:23:52,363|[TRACE] ResourceRegistryStandardImpl - Releasing JDBC resources
2021-11-19T10:23:52,363|[DEBUG] SessionImpl - Initializing proxy: [bloodbank.entity.Person#1]
2021-11-19T10:23:52,363|[TRACE] DefaultLoadEventListener - Attempting to resolve: [bloodbank.entity.Person#1]
2021-11-19T10:23:52,363|[TRACE] DefaultLoadEventListener - Object not resolved in any cache: [bloodbank.entity.Person#1]
2021-11-19T10:23:52,363|[TRACE] AbstractEntityPersister - Fetching entity: [bloodbank.entity.Person#1]
2021-11-19T10:23:52,363|[DEBUG] SQL - 
    select
        person0_.id as id1_5_0_,
        person0_.created as created2_5_0_,
        person0_.updated as updated3_5_0_,
        person0_.version as version4_5_0_,
        person0_.first_name as first_na5_5_0_,
        person0_.last_name as last_nam6_5_0_ 
    from
        person person0_ 
    where
        person0_.id=?
2021-11-19T10:23:52,363|[TRACE] ResourceRegistryStandardImpl - Registering statement [com.mysql.cj.jdbc.ClientPreparedStatement: select person0_.id as id1_5_0_, person0_.created as created2_5_0_, person0_.updated as updated3_5_0_, person0_.version as version4_5_0_, person0_.first_name as first_na5_5_0_, person0_.last_name as last_nam6_5_0_ from person person0_ where person0_.id=** NOT SPECIFIED **]
2021-11-19T10:23:52,363|[TRACE] JdbcCoordinatorImpl - Registering last query statement [com.mysql.cj.jdbc.ClientPreparedStatement: select person0_.id as id1_5_0_, person0_.created as created2_5_0_, person0_.updated as updated3_5_0_, person0_.version as version4_5_0_, person0_.first_name as first_na5_5_0_, person0_.last_name as last_nam6_5_0_ from person person0_ where person0_.id=** NOT SPECIFIED **]
2021-11-19T10:23:52,363|[TRACE] BasicBinder - binding parameter [1] as [INTEGER] - [1]
2021-11-19T10:23:52,363|[TRACE] AbstractLoadPlanBasedLoader - Bound [2] parameters total
2021-11-19T10:23:52,364|[TRACE] ResourceRegistryStandardImpl - Registering result set [com.mysql.cj.jdbc.result.ResultSetImpl@3f142e87]
2021-11-19T10:23:52,364|[TRACE] ResultSetProcessorImpl - Processing result set
2021-11-19T10:23:52,364|[TRACE] ResultSetProcessorImpl - Starting ResultSet row #0
2021-11-19T10:23:52,364|[DEBUG] EntityReferenceInitializerImpl - On call to EntityIdentifierReaderImpl#resolve, EntityKey was already known; should only happen on root returns with an optional identifier specified
2021-11-19T10:23:52,364|[TRACE] EntityReferenceInitializerImpl - hydrating entity state
2021-11-19T10:23:52,364|[TRACE] EntityReferenceInitializerImpl - Initializing object from ResultSet: [bloodbank.entity.Person#1]
2021-11-19T10:23:52,364|[TRACE] AbstractEntityPersister - Hydrating entity: [bloodbank.entity.Person#1]
2021-11-19T10:23:52,364|[TRACE] BasicExtractor - extracted value ([created2_5_0_] : [BIGINT]) - [1637335432330]
2021-11-19T10:23:52,364|[TRACE] BasicExtractor - extracted value ([updated3_5_0_] : [BIGINT]) - [1637335432330]
2021-11-19T10:23:52,364|[TRACE] BasicExtractor - extracted value ([version4_5_0_] : [INTEGER]) - [0]
2021-11-19T10:23:52,364|[TRACE] BasicExtractor - extracted value ([first_na5_5_0_] : [VARCHAR]) - [Simzhuo]
2021-11-19T10:23:52,364|[TRACE] BasicExtractor - extracted value ([last_nam6_5_0_] : [VARCHAR]) - [Aho]
2021-11-19T10:23:52,364|[TRACE] TwoPhaseLoad - Version: 0
2021-11-19T10:23:52,364|[TRACE] ResultSetProcessorImpl - Done processing result set (1 rows)
2021-11-19T10:23:52,364|[TRACE] AbstractRowReader - Total objects hydrated: 1
2021-11-19T10:23:52,364|[DEBUG] TwoPhaseLoad - Resolving attributes for [bloodbank.entity.Person#1]
2021-11-19T10:23:52,364|[DEBUG] TwoPhaseLoad - Processing attribute `epochCreated` : value = 1637335432330
2021-11-19T10:23:52,364|[DEBUG] TwoPhaseLoad - Attribute (`epochCreated`)  - enhanced for lazy-loading? - false
2021-11-19T10:23:52,364|[DEBUG] TwoPhaseLoad - Processing attribute `epochUpdated` : value = 1637335432330
2021-11-19T10:23:52,364|[DEBUG] TwoPhaseLoad - Attribute (`epochUpdated`)  - enhanced for lazy-loading? - false
2021-11-19T10:23:52,364|[DEBUG] TwoPhaseLoad - Processing attribute `version` : value = 0
2021-11-19T10:23:52,364|[DEBUG] TwoPhaseLoad - Attribute (`version`)  - enhanced for lazy-loading? - false
2021-11-19T10:23:52,364|[DEBUG] TwoPhaseLoad - Processing attribute `contacts` : value = NOT NULL COLLECTION
2021-11-19T10:23:52,364|[DEBUG] TwoPhaseLoad - Attribute (`contacts`)  - enhanced for lazy-loading? - false
2021-11-19T10:23:52,364|[TRACE] CollectionType - Created collection wrapper: [bloodbank.entity.Person.contacts#1]
2021-11-19T10:23:52,364|[DEBUG] TwoPhaseLoad - Processing attribute `donations` : value = NOT NULL COLLECTION
2021-11-19T10:23:52,364|[DEBUG] TwoPhaseLoad - Attribute (`donations`)  - enhanced for lazy-loading? - false
2021-11-19T10:23:52,364|[TRACE] CollectionType - Created collection wrapper: [bloodbank.entity.Person.donations#1]
2021-11-19T10:23:52,364|[DEBUG] TwoPhaseLoad - Processing attribute `firstName` : value = Simzhuo
2021-11-19T10:23:52,364|[DEBUG] TwoPhaseLoad - Attribute (`firstName`)  - enhanced for lazy-loading? - false
2021-11-19T10:23:52,364|[DEBUG] TwoPhaseLoad - Processing attribute `lastName` : value = Aho
2021-11-19T10:23:52,364|[DEBUG] TwoPhaseLoad - Attribute (`lastName`)  - enhanced for lazy-loading? - false
2021-11-19T10:23:52,364|[DEBUG] TwoPhaseLoad - Done materializing entity [bloodbank.entity.Person#1]
2021-11-19T10:23:52,365|[TRACE] ResultSetProcessingContextImpl - Skipping create subselects because there are fewer than 2 results, so query by key is more efficient.
2021-11-19T10:23:52,365|[TRACE] ResourceRegistryStandardImpl - Releasing statement [com.mysql.cj.jdbc.ClientPreparedStatement: select person0_.id as id1_5_0_, person0_.created as created2_5_0_, person0_.updated as updated3_5_0_, person0_.version as version4_5_0_, person0_.first_name as first_na5_5_0_, person0_.last_name as last_nam6_5_0_ from person person0_ where person0_.id=1]
2021-11-19T10:23:52,365|[TRACE] ResourceRegistryStandardImpl - Closing result set [com.mysql.cj.jdbc.result.ResultSetImpl@3f142e87]
2021-11-19T10:23:52,365|[TRACE] ResourceRegistryStandardImpl - Closing prepared statement [com.mysql.cj.jdbc.ClientPreparedStatement: select person0_.id as id1_5_0_, person0_.created as created2_5_0_, person0_.updated as updated3_5_0_, person0_.version as version4_5_0_, person0_.first_name as first_na5_5_0_, person0_.last_name as last_nam6_5_0_ from person person0_ where person0_.id=1]
2021-11-19T10:23:52,365|[TRACE] JdbcCoordinatorImpl - Starting after statement execution processing [AFTER_TRANSACTION]
2021-11-19T10:23:52,365|[TRACE] StatefulPersistenceContext - Initializing non-lazy collections
2021-11-19T10:23:52,365|[DEBUG] AbstractLoadPlanBasedEntityLoader - Done entity load : bloodbank.entity.Person#1
2021-11-19T10:23:52,365|[TRACE] SessionImpl - Closing session [7a89ee34-c82e-47fa-afed-3e62da16170a]
2021-11-19T10:23:52,365|[TRACE] JdbcCoordinatorImpl - Closing JDBC container [org.hibernate.engine.jdbc.internal.JdbcCoordinatorImpl@70a54731]
2021-11-19T10:23:52,365|[TRACE] ResourceRegistryStandardImpl - Releasing JDBC resources
2021-11-19T10:23:52,365|[TRACE] LogicalConnectionManagedImpl - Closing logical connection
2021-11-19T10:23:52,365|[TRACE] ResourceRegistryStandardImpl - Releasing JDBC resources
2021-11-19T10:23:52,365|[TRACE] LogicalConnectionManagedImpl - Logical connection closed
]]></system-out>
  </testcase>
  <testcase name="testRead" classname="bloodbank.entity.TestCRUDDonationRecord" time="0.006">
    <system-out><![CDATA[2021-11-19T10:23:52,366|[TRACE] SessionFactoryImpl$SessionBuilderImpl - Opening Hibernate Session.  tenant=null
2021-11-19T10:23:52,366|[TRACE] SessionImpl - Opened Session [c632033f-b2da-4638-b736-e724b3a34ed5] at timestamp: 1637335432366
2021-11-19T10:23:52,366|[DEBUG] TransactionImpl - On TransactionImpl creation, JpaCompliance#isJpaTransactionComplianceEnabled == false
2021-11-19T10:23:52,367|[DEBUG] CriteriaQueryImpl - Rendered criteria query -> select generatedAlias0 from DonationRecord as generatedAlias0
2021-11-19T10:23:52,367|[TRACE] QueryPlanCache - Unable to locate HQL query plan in cache; generating (select generatedAlias0 from DonationRecord as generatedAlias0)
2021-11-19T10:23:52,367|[DEBUG] QueryTranslatorImpl - parse() - HQL: select generatedAlias0 from bloodbank.entity.DonationRecord as generatedAlias0
2021-11-19T10:23:52,367|[TRACE] HqlParser - -> statement
2021-11-19T10:23:52,367|[TRACE] HqlParser - ---> selectStatement
2021-11-19T10:23:52,367|[TRACE] HqlParser - -----> queryRule
2021-11-19T10:23:52,367|[TRACE] HqlParser - -------> selectFrom
2021-11-19T10:23:52,367|[TRACE] HqlParser - ---------> selectClause
2021-11-19T10:23:52,367|[TRACE] HqlParser - -----------> selectedPropertiesList
2021-11-19T10:23:52,367|[TRACE] HqlParser - -------------> aliasedExpression
2021-11-19T10:23:52,367|[TRACE] HqlParser - ---------------> expression
2021-11-19T10:23:52,367|[TRACE] HqlParser - -----------------> logicalOrExpression
2021-11-19T10:23:52,367|[TRACE] HqlParser - -------------------> logicalAndExpression
2021-11-19T10:23:52,367|[TRACE] HqlParser - ---------------------> negatedExpression
2021-11-19T10:23:52,367|[TRACE] HqlParser - -----------------------> equalityExpression
2021-11-19T10:23:52,367|[TRACE] HqlParser - -------------------------> relationalExpression
2021-11-19T10:23:52,367|[TRACE] HqlParser - ---------------------------> concatenation
2021-11-19T10:23:52,367|[TRACE] HqlParser - -----------------------------> additiveExpression
2021-11-19T10:23:52,367|[TRACE] HqlParser - -------------------------------> multiplyExpression
2021-11-19T10:23:52,367|[TRACE] HqlParser - ---------------------------------> unaryExpression
2021-11-19T10:23:52,367|[TRACE] HqlParser - -----------------------------------> atom
2021-11-19T10:23:52,367|[TRACE] HqlParser - -------------------------------------> primaryExpression
2021-11-19T10:23:52,367|[TRACE] HqlParser - ---------------------------------------> identPrimary
2021-11-19T10:23:52,367|[TRACE] HqlParser - -----------------------------------------> identPrimaryBase
2021-11-19T10:23:52,367|[TRACE] HqlParser - -------------------------------------------> identifier
2021-11-19T10:23:52,367|[TRACE] HqlParser - <------------------------------------------- identifier
2021-11-19T10:23:52,367|[TRACE] HqlParser - <----------------------------------------- identPrimaryBase
2021-11-19T10:23:52,367|[TRACE] HqlParser - <--------------------------------------- identPrimary
2021-11-19T10:23:52,367|[TRACE] HqlParser - <------------------------------------- primaryExpression
2021-11-19T10:23:52,367|[TRACE] HqlParser - <----------------------------------- atom
2021-11-19T10:23:52,367|[TRACE] HqlParser - <--------------------------------- unaryExpression
2021-11-19T10:23:52,367|[TRACE] HqlParser - <------------------------------- multiplyExpression
2021-11-19T10:23:52,367|[TRACE] HqlParser - <----------------------------- additiveExpression
2021-11-19T10:23:52,367|[TRACE] HqlParser - <--------------------------- concatenation
2021-11-19T10:23:52,367|[TRACE] HqlParser - <------------------------- relationalExpression
2021-11-19T10:23:52,367|[TRACE] HqlParser - <----------------------- equalityExpression
2021-11-19T10:23:52,367|[TRACE] HqlParser - <--------------------- negatedExpression
2021-11-19T10:23:52,367|[TRACE] HqlParser - <------------------- logicalAndExpression
2021-11-19T10:23:52,367|[TRACE] HqlParser - <----------------- logicalOrExpression
2021-11-19T10:23:52,367|[TRACE] HqlParser - <--------------- expression
2021-11-19T10:23:52,367|[TRACE] HqlParser - <------------- aliasedExpression
2021-11-19T10:23:52,368|[TRACE] HqlParser - <----------- selectedPropertiesList
2021-11-19T10:23:52,368|[TRACE] HqlParser - <--------- selectClause
2021-11-19T10:23:52,368|[TRACE] HqlParser - ---------> fromClause
2021-11-19T10:23:52,368|[TRACE] HqlParser - -----------> fromRange
2021-11-19T10:23:52,368|[TRACE] HqlParser - -------------> fromClassOrOuterQueryPath
2021-11-19T10:23:52,368|[TRACE] HqlParser - ---------------> path
2021-11-19T10:23:52,368|[TRACE] HqlParser - -----------------> identifier
2021-11-19T10:23:52,368|[TRACE] HqlParser - <----------------- identifier
2021-11-19T10:23:52,368|[TRACE] HqlParser - -----------------> identifier
2021-11-19T10:23:52,368|[TRACE] HqlParser - <----------------- identifier
2021-11-19T10:23:52,368|[TRACE] HqlParser - -----------------> identifier
2021-11-19T10:23:52,368|[TRACE] HqlParser - <----------------- identifier
2021-11-19T10:23:52,368|[TRACE] HqlParser - <--------------- path
2021-11-19T10:23:52,368|[TRACE] HqlParser - ---------------> asAlias
2021-11-19T10:23:52,368|[TRACE] HqlParser - -----------------> alias
2021-11-19T10:23:52,368|[TRACE] HqlParser - -------------------> identifier
2021-11-19T10:23:52,368|[TRACE] HqlParser - <------------------- identifier
2021-11-19T10:23:52,368|[TRACE] HqlParser - <----------------- alias
2021-11-19T10:23:52,368|[TRACE] HqlParser - <--------------- asAlias
2021-11-19T10:23:52,368|[TRACE] HqlParser - <------------- fromClassOrOuterQueryPath
2021-11-19T10:23:52,368|[TRACE] HqlParser - <----------- fromRange
2021-11-19T10:23:52,368|[TRACE] HqlParser - <--------- fromClause
2021-11-19T10:23:52,368|[TRACE] HqlParser - <------- selectFrom
2021-11-19T10:23:52,368|[TRACE] HqlParser - <----- queryRule
2021-11-19T10:23:52,368|[TRACE] HqlParser - <--- selectStatement
2021-11-19T10:23:52,368|[TRACE] HqlParser - <- statement
2021-11-19T10:23:52,368|[DEBUG] ErrorTracker - throwQueryException() : no errors
2021-11-19T10:23:52,368|[DEBUG] QueryTranslatorImpl - --- HQL AST ---
 \-[QUERY] Node: 'query'
    \-[SELECT_FROM] Node: 'SELECT_FROM'
       +-[FROM] Node: 'from'
       |  \-[RANGE] Node: 'RANGE'
       |     +-[DOT] Node: '.'
       |     |  +-[DOT] Node: '.'
       |     |  |  +-[IDENT] Node: 'bloodbank'
       |     |  |  \-[IDENT] Node: 'entity'
       |     |  \-[IDENT] Node: 'DonationRecord'
       |     \-[ALIAS] Node: 'generatedAlias0'
       \-[SELECT] Node: 'select'
          \-[IDENT] Node: 'generatedAlias0'

2021-11-19T10:23:52,368|[DEBUG] HqlSqlBaseWalker - select << begin [level=1, statement=select]
2021-11-19T10:23:52,368|[DEBUG] FromElement - FromClause{level=1} : bloodbank.entity.DonationRecord (generatedAlias0) -> donationre0_
2021-11-19T10:23:52,368|[DEBUG] FromReferenceNode - Resolved : generatedAlias0 -> donationre0_.record_id
2021-11-19T10:23:52,368|[DEBUG] HqlSqlBaseWalker - select : finishing up [level=1, statement=select]
2021-11-19T10:23:52,368|[DEBUG] HqlSqlWalker - processQuery() :  ( SELECT ( {select clause} donationre0_.record_id ) ( FromClause{level=1} donation_record donationre0_ ) )
2021-11-19T10:23:52,368|[DEBUG] JoinProcessor - Tables referenced from query nodes:
 \-QueryNode
    +-SelectClause
    | referencedTables(entity DonationRecord): [donation_record]
    |  +-IdentNode
    |  | persister: SingleTableEntityPersister(bloodbank.entity.DonationRecord)
    |  | originalText: generatedAlias0
    |  \-SqlFragment
    \-FromClause
       \-FromElement

2021-11-19T10:23:52,368|[DEBUG] JoinProcessor - Using FROM fragment [donation_record donationre0_]
2021-11-19T10:23:52,368|[DEBUG] HqlSqlBaseWalker - select >> end [level=1, statement=select]
2021-11-19T10:23:52,368|[DEBUG] QueryTranslatorImpl - --- SQL AST ---
 \-[SELECT] QueryNode: 'SELECT'  querySpaces (donation_record)
    +-[SELECT_CLAUSE] SelectClause: '{select clause}'
    |  +-[ALIAS_REF] IdentNode: 'donationre0_.record_id as record_i1_4_' {alias=generatedAlias0, className=bloodbank.entity.DonationRecord, tableAlias=donationre0_}
    |  \-[SQL_TOKEN] SqlFragment: 'donationre0_.created as created2_4_, donationre0_.updated as updated3_4_, donationre0_.version as version4_4_, donationre0_.donation_id as donation6_4_, donationre0_.person_id as person_i7_4_, donationre0_.tested as tested5_4_'
    \-[FROM] FromClause: 'from' FromClause{level=1, fromElementCounter=1, fromElements=1, fromElementByClassAlias=[generatedAlias0], fromElementByTableAlias=[donationre0_], fromElementsByPath=[], collectionJoinFromElementsByPath=[], impliedElements=[]}
       \-[FROM_FRAGMENT] FromElement: 'donation_record donationre0_' FromElement{explicit,not a collection join,not a fetch join,fetch non-lazy properties,classAlias=generatedAlias0,role=null,tableName=donation_record,tableAlias=donationre0_,origin=null,columns={,className=bloodbank.entity.DonationRecord}}

2021-11-19T10:23:52,368|[DEBUG] ErrorTracker - throwQueryException() : no errors
2021-11-19T10:23:52,368|[DEBUG] QueryTranslatorImpl - HQL: select generatedAlias0 from bloodbank.entity.DonationRecord as generatedAlias0
2021-11-19T10:23:52,368|[DEBUG] QueryTranslatorImpl - SQL: select donationre0_.record_id as record_i1_4_, donationre0_.created as created2_4_, donationre0_.updated as updated3_4_, donationre0_.version as version4_4_, donationre0_.donation_id as donation6_4_, donationre0_.person_id as person_i7_4_, donationre0_.tested as tested5_4_ from donation_record donationre0_
2021-11-19T10:23:52,368|[DEBUG] ErrorTracker - throwQueryException() : no errors
2021-11-19T10:23:52,368|[TRACE] QueryPlanCache - Located HQL query plan in cache (select generatedAlias0 from DonationRecord as generatedAlias0)
2021-11-19T10:23:52,368|[TRACE] QueryPlanCache - Located HQL query plan in cache (select generatedAlias0 from DonationRecord as generatedAlias0)
2021-11-19T10:23:52,368|[TRACE] HQLQueryPlan - Find: select generatedAlias0 from DonationRecord as generatedAlias0
2021-11-19T10:23:52,368|[TRACE] QueryParameters - Named parameters: {}
2021-11-19T10:23:52,368|[DEBUG] SQL - 
    /* select
        generatedAlias0 
    from
        DonationRecord as generatedAlias0 */ select
            donationre0_.record_id as record_i1_4_,
            donationre0_.created as created2_4_,
            donationre0_.updated as updated3_4_,
            donationre0_.version as version4_4_,
            donationre0_.donation_id as donation6_4_,
            donationre0_.person_id as person_i7_4_,
            donationre0_.tested as tested5_4_ 
        from
            donation_record donationre0_
2021-11-19T10:23:52,369|[TRACE] ResourceRegistryStandardImpl - Registering statement [com.mysql.cj.jdbc.ClientPreparedStatement: /* select generatedAlias0 from DonationRecord as generatedAlias0 */ select donationre0_.record_id as record_i1_4_, donationre0_.created as created2_4_, donationre0_.updated as updated3_4_, donationre0_.version as version4_4_, donationre0_.donation_id as donation6_4_, donationre0_.person_id as person_i7_4_, donationre0_.tested as tested5_4_ from donation_record donationre0_]
2021-11-19T10:23:52,369|[TRACE] JdbcCoordinatorImpl - Registering last query statement [com.mysql.cj.jdbc.ClientPreparedStatement: /* select generatedAlias0 from DonationRecord as generatedAlias0 */ select donationre0_.record_id as record_i1_4_, donationre0_.created as created2_4_, donationre0_.updated as updated3_4_, donationre0_.version as version4_4_, donationre0_.donation_id as donation6_4_, donationre0_.person_id as person_i7_4_, donationre0_.tested as tested5_4_ from donation_record donationre0_]
2021-11-19T10:23:52,369|[TRACE] Loader - Bound [1] parameters total
2021-11-19T10:23:52,369|[TRACE] ResourceRegistryStandardImpl - Registering result set [com.mysql.cj.jdbc.result.ResultSetImpl@3b3f62d7]
2021-11-19T10:23:52,369|[TRACE] Loader - Processing result set
2021-11-19T10:23:52,369|[DEBUG] Loader - Result set row: 0
2021-11-19T10:23:52,369|[TRACE] BasicExtractor - extracted value ([record_i1_4_] : [INTEGER]) - [1]
2021-11-19T10:23:52,369|[DEBUG] Loader - Result row: EntityKey[bloodbank.entity.DonationRecord#1]
2021-11-19T10:23:52,369|[TRACE] Loader - Initializing object from ResultSet: [bloodbank.entity.DonationRecord#1]
2021-11-19T10:23:52,369|[TRACE] AbstractEntityPersister - Hydrating entity: [bloodbank.entity.DonationRecord#1]
2021-11-19T10:23:52,370|[TRACE] BasicExtractor - extracted value ([created2_4_] : [BIGINT]) - [1637335432332]
2021-11-19T10:23:52,370|[TRACE] BasicExtractor - extracted value ([updated3_4_] : [BIGINT]) - [1637335432332]
2021-11-19T10:23:52,370|[TRACE] BasicExtractor - extracted value ([version4_4_] : [INTEGER]) - [0]
2021-11-19T10:23:52,370|[TRACE] BasicExtractor - extracted value ([donation6_4_] : [INTEGER]) - [1]
2021-11-19T10:23:52,370|[TRACE] BasicExtractor - extracted value ([person_i7_4_] : [INTEGER]) - [1]
2021-11-19T10:23:52,370|[TRACE] BasicExtractor - extracted value ([tested5_4_] : [TINYINT]) - [0]
2021-11-19T10:23:52,370|[TRACE] TwoPhaseLoad - Version: 0
2021-11-19T10:23:52,370|[TRACE] Loader - Done processing result set (1 rows)
2021-11-19T10:23:52,370|[TRACE] Loader - Total objects hydrated: 1
2021-11-19T10:23:52,370|[DEBUG] TwoPhaseLoad - Resolving attributes for [bloodbank.entity.DonationRecord#1]
2021-11-19T10:23:52,370|[DEBUG] TwoPhaseLoad - Processing attribute `epochCreated` : value = 1637335432332
2021-11-19T10:23:52,370|[DEBUG] TwoPhaseLoad - Attribute (`epochCreated`)  - enhanced for lazy-loading? - false
2021-11-19T10:23:52,370|[DEBUG] TwoPhaseLoad - Processing attribute `epochUpdated` : value = 1637335432332
2021-11-19T10:23:52,370|[DEBUG] TwoPhaseLoad - Attribute (`epochUpdated`)  - enhanced for lazy-loading? - false
2021-11-19T10:23:52,370|[DEBUG] TwoPhaseLoad - Processing attribute `version` : value = 0
2021-11-19T10:23:52,370|[DEBUG] TwoPhaseLoad - Attribute (`version`)  - enhanced for lazy-loading? - false
2021-11-19T10:23:52,370|[DEBUG] TwoPhaseLoad - Processing attribute `donation` : value = 1
2021-11-19T10:23:52,370|[DEBUG] TwoPhaseLoad - Attribute (`donation`)  - enhanced for lazy-loading? - false
2021-11-19T10:23:52,370|[TRACE] DefaultLoadEventListener - Loading entity: [bloodbank.entity.BloodDonation#1]
2021-11-19T10:23:52,370|[TRACE] DefaultLoadEventListener - Attempting to resolve: [bloodbank.entity.BloodDonation#1]
2021-11-19T10:23:52,370|[TRACE] DefaultLoadEventListener - Object not resolved in any cache: [bloodbank.entity.BloodDonation#1]
2021-11-19T10:23:52,370|[TRACE] AbstractEntityPersister - Fetching entity: [bloodbank.entity.BloodDonation#1]
2021-11-19T10:23:52,370|[DEBUG] SQL - 
    select
        blooddonat0_.donation_id as donation1_2_0_,
        blooddonat0_.created as created2_2_0_,
        blooddonat0_.updated as updated3_2_0_,
        blooddonat0_.version as version4_2_0_,
        blooddonat0_.bank_id as bank_id8_2_0_,
        blooddonat0_.blood_group as blood_gr5_2_0_,
        blooddonat0_.rhd as rhd6_2_0_,
        blooddonat0_.milliliters as millilit7_2_0_ 
    from
        blood_donation blooddonat0_ 
    where
        blooddonat0_.donation_id=?
2021-11-19T10:23:52,370|[TRACE] ResourceRegistryStandardImpl - Registering statement [com.mysql.cj.jdbc.ClientPreparedStatement: select blooddonat0_.donation_id as donation1_2_0_, blooddonat0_.created as created2_2_0_, blooddonat0_.updated as updated3_2_0_, blooddonat0_.version as version4_2_0_, blooddonat0_.bank_id as bank_id8_2_0_, blooddonat0_.blood_group as blood_gr5_2_0_, blooddonat0_.rhd as rhd6_2_0_, blooddonat0_.milliliters as millilit7_2_0_ from blood_donation blooddonat0_ where blooddonat0_.donation_id=** NOT SPECIFIED **]
2021-11-19T10:23:52,370|[TRACE] JdbcCoordinatorImpl - Registering last query statement [com.mysql.cj.jdbc.ClientPreparedStatement: select blooddonat0_.donation_id as donation1_2_0_, blooddonat0_.created as created2_2_0_, blooddonat0_.updated as updated3_2_0_, blooddonat0_.version as version4_2_0_, blooddonat0_.bank_id as bank_id8_2_0_, blooddonat0_.blood_group as blood_gr5_2_0_, blooddonat0_.rhd as rhd6_2_0_, blooddonat0_.milliliters as millilit7_2_0_ from blood_donation blooddonat0_ where blooddonat0_.donation_id=** NOT SPECIFIED **]
2021-11-19T10:23:52,370|[TRACE] BasicBinder - binding parameter [1] as [INTEGER] - [1]
2021-11-19T10:23:52,370|[TRACE] AbstractLoadPlanBasedLoader - Bound [2] parameters total
2021-11-19T10:23:52,371|[TRACE] ResourceRegistryStandardImpl - Registering result set [com.mysql.cj.jdbc.result.ResultSetImpl@18a38bba]
2021-11-19T10:23:52,371|[TRACE] ResultSetProcessorImpl - Processing result set
2021-11-19T10:23:52,371|[TRACE] ResultSetProcessorImpl - Starting ResultSet row #0
2021-11-19T10:23:52,371|[DEBUG] EntityReferenceInitializerImpl - On call to EntityIdentifierReaderImpl#resolve, EntityKey was already known; should only happen on root returns with an optional identifier specified
2021-11-19T10:23:52,371|[TRACE] EntityReferenceInitializerImpl - hydrating entity state
2021-11-19T10:23:52,371|[TRACE] EntityReferenceInitializerImpl - Initializing object from ResultSet: [bloodbank.entity.BloodDonation#1]
2021-11-19T10:23:52,371|[TRACE] AbstractEntityPersister - Hydrating entity: [bloodbank.entity.BloodDonation#1]
2021-11-19T10:23:52,371|[TRACE] BasicExtractor - extracted value ([created2_2_0_] : [BIGINT]) - [1637335432332]
2021-11-19T10:23:52,371|[TRACE] BasicExtractor - extracted value ([updated3_2_0_] : [BIGINT]) - [1637335432332]
2021-11-19T10:23:52,371|[TRACE] BasicExtractor - extracted value ([version4_2_0_] : [INTEGER]) - [0]
2021-11-19T10:23:52,371|[TRACE] BasicExtractor - extracted value ([bank_id8_2_0_] : [INTEGER]) - [1]
2021-11-19T10:23:52,371|[TRACE] BasicExtractor - extracted value ([blood_gr5_2_0_] : [VARCHAR]) - [AB]
2021-11-19T10:23:52,371|[TRACE] BasicExtractor - extracted value ([rhd6_2_0_] : [TINYINT]) - [1]
2021-11-19T10:23:52,371|[TRACE] BasicExtractor - extracted value ([millilit7_2_0_] : [INTEGER]) - [5]
2021-11-19T10:23:52,371|[TRACE] TwoPhaseLoad - Version: 0
2021-11-19T10:23:52,371|[TRACE] ResultSetProcessorImpl - Done processing result set (1 rows)
2021-11-19T10:23:52,371|[TRACE] AbstractRowReader - Total objects hydrated: 1
2021-11-19T10:23:52,371|[DEBUG] TwoPhaseLoad - Resolving attributes for [bloodbank.entity.BloodDonation#1]
2021-11-19T10:23:52,371|[DEBUG] TwoPhaseLoad - Processing attribute `epochCreated` : value = 1637335432332
2021-11-19T10:23:52,371|[DEBUG] TwoPhaseLoad - Attribute (`epochCreated`)  - enhanced for lazy-loading? - false
2021-11-19T10:23:52,371|[DEBUG] TwoPhaseLoad - Processing attribute `epochUpdated` : value = 1637335432332
2021-11-19T10:23:52,371|[DEBUG] TwoPhaseLoad - Attribute (`epochUpdated`)  - enhanced for lazy-loading? - false
2021-11-19T10:23:52,371|[DEBUG] TwoPhaseLoad - Processing attribute `version` : value = 0
2021-11-19T10:23:52,371|[DEBUG] TwoPhaseLoad - Attribute (`version`)  - enhanced for lazy-loading? - false
2021-11-19T10:23:52,371|[DEBUG] TwoPhaseLoad - Processing attribute `bank` : value = 1
2021-11-19T10:23:52,371|[DEBUG] TwoPhaseLoad - Attribute (`bank`)  - enhanced for lazy-loading? - false
2021-11-19T10:23:52,371|[TRACE] DefaultLoadEventListener - Loading entity: [bloodbank.entity.BloodBank#1]
2021-11-19T10:23:52,371|[TRACE] DefaultLoadEventListener - Creating new proxy for entity
2021-11-19T10:23:52,371|[DEBUG] TwoPhaseLoad - Processing attribute `bloodType` : value = [Ljava.lang.Object;@74797b90
2021-11-19T10:23:52,371|[DEBUG] TwoPhaseLoad - Attribute (`bloodType`)  - enhanced for lazy-loading? - false
2021-11-19T10:23:52,371|[DEBUG] TwoPhaseLoad - Processing attribute `milliliters` : value = 5
2021-11-19T10:23:52,371|[DEBUG] TwoPhaseLoad - Attribute (`milliliters`)  - enhanced for lazy-loading? - false
2021-11-19T10:23:52,371|[DEBUG] TwoPhaseLoad - Processing attribute `record` : value = 1
2021-11-19T10:23:52,371|[DEBUG] TwoPhaseLoad - Attribute (`record`)  - enhanced for lazy-loading? - false
2021-11-19T10:23:52,371|[TRACE] DefaultLoadEventListener - Loading entity: [bloodbank.entity.DonationRecord#1]
2021-11-19T10:23:52,371|[TRACE] DefaultLoadEventListener - Attempting to resolve: [bloodbank.entity.DonationRecord#1]
2021-11-19T10:23:52,371|[DEBUG] TwoPhaseLoad - Done materializing entity [bloodbank.entity.BloodDonation#1]
2021-11-19T10:23:52,371|[TRACE] ResultSetProcessingContextImpl - Skipping create subselects because there are fewer than 2 results, so query by key is more efficient.
2021-11-19T10:23:52,371|[TRACE] ResourceRegistryStandardImpl - Releasing statement [com.mysql.cj.jdbc.ClientPreparedStatement: select blooddonat0_.donation_id as donation1_2_0_, blooddonat0_.created as created2_2_0_, blooddonat0_.updated as updated3_2_0_, blooddonat0_.version as version4_2_0_, blooddonat0_.bank_id as bank_id8_2_0_, blooddonat0_.blood_group as blood_gr5_2_0_, blooddonat0_.rhd as rhd6_2_0_, blooddonat0_.milliliters as millilit7_2_0_ from blood_donation blooddonat0_ where blooddonat0_.donation_id=1]
2021-11-19T10:23:52,371|[TRACE] ResourceRegistryStandardImpl - Closing result set [com.mysql.cj.jdbc.result.ResultSetImpl@18a38bba]
2021-11-19T10:23:52,371|[TRACE] ResourceRegistryStandardImpl - Closing prepared statement [com.mysql.cj.jdbc.ClientPreparedStatement: select blooddonat0_.donation_id as donation1_2_0_, blooddonat0_.created as created2_2_0_, blooddonat0_.updated as updated3_2_0_, blooddonat0_.version as version4_2_0_, blooddonat0_.bank_id as bank_id8_2_0_, blooddonat0_.blood_group as blood_gr5_2_0_, blooddonat0_.rhd as rhd6_2_0_, blooddonat0_.milliliters as millilit7_2_0_ from blood_donation blooddonat0_ where blooddonat0_.donation_id=1]
2021-11-19T10:23:52,371|[TRACE] JdbcCoordinatorImpl - Starting after statement execution processing [AFTER_TRANSACTION]
2021-11-19T10:23:52,371|[DEBUG] AbstractLoadPlanBasedEntityLoader - Done entity load : bloodbank.entity.BloodDonation#1
2021-11-19T10:23:52,371|[DEBUG] TwoPhaseLoad - Processing attribute `owner` : value = 1
2021-11-19T10:23:52,371|[DEBUG] TwoPhaseLoad - Attribute (`owner`)  - enhanced for lazy-loading? - false
2021-11-19T10:23:52,371|[TRACE] DefaultLoadEventListener - Loading entity: [bloodbank.entity.Person#1]
2021-11-19T10:23:52,371|[TRACE] DefaultLoadEventListener - Creating new proxy for entity
2021-11-19T10:23:52,371|[DEBUG] TwoPhaseLoad - Processing attribute `tested` : value = 0
2021-11-19T10:23:52,371|[DEBUG] TwoPhaseLoad - Attribute (`tested`)  - enhanced for lazy-loading? - false
2021-11-19T10:23:52,371|[DEBUG] TwoPhaseLoad - Done materializing entity [bloodbank.entity.DonationRecord#1]
2021-11-19T10:23:52,371|[TRACE] ResourceRegistryStandardImpl - Releasing statement [com.mysql.cj.jdbc.ClientPreparedStatement: /* select generatedAlias0 from DonationRecord as generatedAlias0 */ select donationre0_.record_id as record_i1_4_, donationre0_.created as created2_4_, donationre0_.updated as updated3_4_, donationre0_.version as version4_4_, donationre0_.donation_id as donation6_4_, donationre0_.person_id as person_i7_4_, donationre0_.tested as tested5_4_ from donation_record donationre0_]
2021-11-19T10:23:52,371|[TRACE] ResourceRegistryStandardImpl - Closing result set [com.mysql.cj.jdbc.result.ResultSetImpl@3b3f62d7]
2021-11-19T10:23:52,371|[TRACE] ResourceRegistryStandardImpl - Closing prepared statement [com.mysql.cj.jdbc.ClientPreparedStatement: /* select generatedAlias0 from DonationRecord as generatedAlias0 */ select donationre0_.record_id as record_i1_4_, donationre0_.created as created2_4_, donationre0_.updated as updated3_4_, donationre0_.version as version4_4_, donationre0_.donation_id as donation6_4_, donationre0_.person_id as person_i7_4_, donationre0_.tested as tested5_4_ from donation_record donationre0_]
2021-11-19T10:23:52,371|[TRACE] JdbcCoordinatorImpl - Starting after statement execution processing [AFTER_TRANSACTION]
2021-11-19T10:23:52,371|[TRACE] StatefulPersistenceContext - Initializing non-lazy collections
2021-11-19T10:23:52,371|[TRACE] AbstractLogicalConnectionImplementor - LogicalConnection#afterTransaction
2021-11-19T10:23:52,371|[TRACE] ResourceRegistryStandardImpl - Releasing JDBC resources
2021-11-19T10:23:52,371|[DEBUG] LogicalConnectionManagedImpl - Initiating JDBC connection release from afterTransaction
2021-11-19T10:23:52,372|[TRACE] ResourceRegistryStandardImpl - Releasing JDBC resources
2021-11-19T10:23:52,372|[TRACE] SessionImpl - Closing session [c632033f-b2da-4638-b736-e724b3a34ed5]
2021-11-19T10:23:52,372|[TRACE] JdbcCoordinatorImpl - Closing JDBC container [org.hibernate.engine.jdbc.internal.JdbcCoordinatorImpl@7676b2b9]
2021-11-19T10:23:52,372|[TRACE] ResourceRegistryStandardImpl - Releasing JDBC resources
2021-11-19T10:23:52,372|[TRACE] LogicalConnectionManagedImpl - Closing logical connection
2021-11-19T10:23:52,372|[TRACE] LogicalConnectionManagedImpl - Logical connection closed
]]></system-out>
  </testcase>
  <testcase name="testUpdate" classname="bloodbank.entity.TestCRUDDonationRecord" time="0.013">
    <system-out><![CDATA[2021-11-19T10:23:52,373|[TRACE] SessionFactoryImpl$SessionBuilderImpl - Opening Hibernate Session.  tenant=null
2021-11-19T10:23:52,373|[TRACE] SessionImpl - Opened Session [428347c6-bb94-40df-9398-129e76727c4b] at timestamp: 1637335432373
2021-11-19T10:23:52,373|[DEBUG] TransactionImpl - On TransactionImpl creation, JpaCompliance#isJpaTransactionComplianceEnabled == false
2021-11-19T10:23:52,373|[DEBUG] CriteriaQueryImpl - Rendered criteria query -> select generatedAlias0 from DonationRecord as generatedAlias0 where generatedAlias0.id=:id
2021-11-19T10:23:52,373|[TRACE] QueryPlanCache - Located HQL query plan in cache (select generatedAlias0 from DonationRecord as generatedAlias0 where generatedAlias0.id=:id)
2021-11-19T10:23:52,373|[TRACE] QueryPlanCache - Located HQL query plan in cache (select generatedAlias0 from DonationRecord as generatedAlias0 where generatedAlias0.id=:id)
2021-11-19T10:23:52,373|[TRACE] QueryPlanCache - Located HQL query plan in cache (select generatedAlias0 from DonationRecord as generatedAlias0 where generatedAlias0.id=:id)
2021-11-19T10:23:52,373|[TRACE] HQLQueryPlan - Find: select generatedAlias0 from DonationRecord as generatedAlias0 where generatedAlias0.id=:id
2021-11-19T10:23:52,373|[TRACE] QueryParameters - Named parameters: {id=1}
2021-11-19T10:23:52,374|[DEBUG] SQL - 
    /* select
        generatedAlias0 
    from
        DonationRecord as generatedAlias0 
    where
        generatedAlias0.id=:id */ select
            donationre0_.record_id as record_i1_4_,
            donationre0_.created as created2_4_,
            donationre0_.updated as updated3_4_,
            donationre0_.version as version4_4_,
            donationre0_.donation_id as donation6_4_,
            donationre0_.person_id as person_i7_4_,
            donationre0_.tested as tested5_4_ 
        from
            donation_record donationre0_ 
        where
            donationre0_.record_id=?
2021-11-19T10:23:52,374|[TRACE] ResourceRegistryStandardImpl - Registering statement [com.mysql.cj.jdbc.ClientPreparedStatement: /* select generatedAlias0 from DonationRecord as generatedAlias0 where generatedAlias0.id=:id */ select donationre0_.record_id as record_i1_4_, donationre0_.created as created2_4_, donationre0_.updated as updated3_4_, donationre0_.version as version4_4_, donationre0_.donation_id as donation6_4_, donationre0_.person_id as person_i7_4_, donationre0_.tested as tested5_4_ from donation_record donationre0_ where donationre0_.record_id=** NOT SPECIFIED **]
2021-11-19T10:23:52,374|[TRACE] JdbcCoordinatorImpl - Registering last query statement [com.mysql.cj.jdbc.ClientPreparedStatement: /* select generatedAlias0 from DonationRecord as generatedAlias0 where generatedAlias0.id=:id */ select donationre0_.record_id as record_i1_4_, donationre0_.created as created2_4_, donationre0_.updated as updated3_4_, donationre0_.version as version4_4_, donationre0_.donation_id as donation6_4_, donationre0_.person_id as person_i7_4_, donationre0_.tested as tested5_4_ from donation_record donationre0_ where donationre0_.record_id=** NOT SPECIFIED **]
2021-11-19T10:23:52,374|[TRACE] BasicBinder - binding parameter [1] as [INTEGER] - [1]
2021-11-19T10:23:52,374|[TRACE] Loader - Bound [2] parameters total
2021-11-19T10:23:52,375|[TRACE] ResourceRegistryStandardImpl - Registering result set [com.mysql.cj.jdbc.result.ResultSetImpl@5aa334c]
2021-11-19T10:23:52,375|[TRACE] Loader - Processing result set
2021-11-19T10:23:52,375|[DEBUG] Loader - Result set row: 0
2021-11-19T10:23:52,375|[TRACE] BasicExtractor - extracted value ([record_i1_4_] : [INTEGER]) - [1]
2021-11-19T10:23:52,375|[DEBUG] Loader - Result row: EntityKey[bloodbank.entity.DonationRecord#1]
2021-11-19T10:23:52,375|[TRACE] Loader - Initializing object from ResultSet: [bloodbank.entity.DonationRecord#1]
2021-11-19T10:23:52,375|[TRACE] AbstractEntityPersister - Hydrating entity: [bloodbank.entity.DonationRecord#1]
2021-11-19T10:23:52,375|[TRACE] BasicExtractor - extracted value ([created2_4_] : [BIGINT]) - [1637335432332]
2021-11-19T10:23:52,375|[TRACE] BasicExtractor - extracted value ([updated3_4_] : [BIGINT]) - [1637335432332]
2021-11-19T10:23:52,375|[TRACE] BasicExtractor - extracted value ([version4_4_] : [INTEGER]) - [0]
2021-11-19T10:23:52,375|[TRACE] BasicExtractor - extracted value ([donation6_4_] : [INTEGER]) - [1]
2021-11-19T10:23:52,375|[TRACE] BasicExtractor - extracted value ([person_i7_4_] : [INTEGER]) - [1]
2021-11-19T10:23:52,375|[TRACE] BasicExtractor - extracted value ([tested5_4_] : [TINYINT]) - [0]
2021-11-19T10:23:52,375|[TRACE] TwoPhaseLoad - Version: 0
2021-11-19T10:23:52,375|[TRACE] Loader - Done processing result set (1 rows)
2021-11-19T10:23:52,375|[TRACE] Loader - Total objects hydrated: 1
2021-11-19T10:23:52,375|[DEBUG] TwoPhaseLoad - Resolving attributes for [bloodbank.entity.DonationRecord#1]
2021-11-19T10:23:52,375|[DEBUG] TwoPhaseLoad - Processing attribute `epochCreated` : value = 1637335432332
2021-11-19T10:23:52,375|[DEBUG] TwoPhaseLoad - Attribute (`epochCreated`)  - enhanced for lazy-loading? - false
2021-11-19T10:23:52,375|[DEBUG] TwoPhaseLoad - Processing attribute `epochUpdated` : value = 1637335432332
2021-11-19T10:23:52,375|[DEBUG] TwoPhaseLoad - Attribute (`epochUpdated`)  - enhanced for lazy-loading? - false
2021-11-19T10:23:52,375|[DEBUG] TwoPhaseLoad - Processing attribute `version` : value = 0
2021-11-19T10:23:52,375|[DEBUG] TwoPhaseLoad - Attribute (`version`)  - enhanced for lazy-loading? - false
2021-11-19T10:23:52,375|[DEBUG] TwoPhaseLoad - Processing attribute `donation` : value = 1
2021-11-19T10:23:52,375|[DEBUG] TwoPhaseLoad - Attribute (`donation`)  - enhanced for lazy-loading? - false
2021-11-19T10:23:52,375|[TRACE] DefaultLoadEventListener - Loading entity: [bloodbank.entity.BloodDonation#1]
2021-11-19T10:23:52,375|[TRACE] DefaultLoadEventListener - Attempting to resolve: [bloodbank.entity.BloodDonation#1]
2021-11-19T10:23:52,375|[TRACE] DefaultLoadEventListener - Object not resolved in any cache: [bloodbank.entity.BloodDonation#1]
2021-11-19T10:23:52,375|[TRACE] AbstractEntityPersister - Fetching entity: [bloodbank.entity.BloodDonation#1]
2021-11-19T10:23:52,375|[DEBUG] SQL - 
    select
        blooddonat0_.donation_id as donation1_2_0_,
        blooddonat0_.created as created2_2_0_,
        blooddonat0_.updated as updated3_2_0_,
        blooddonat0_.version as version4_2_0_,
        blooddonat0_.bank_id as bank_id8_2_0_,
        blooddonat0_.blood_group as blood_gr5_2_0_,
        blooddonat0_.rhd as rhd6_2_0_,
        blooddonat0_.milliliters as millilit7_2_0_ 
    from
        blood_donation blooddonat0_ 
    where
        blooddonat0_.donation_id=?
2021-11-19T10:23:52,375|[TRACE] ResourceRegistryStandardImpl - Registering statement [com.mysql.cj.jdbc.ClientPreparedStatement: select blooddonat0_.donation_id as donation1_2_0_, blooddonat0_.created as created2_2_0_, blooddonat0_.updated as updated3_2_0_, blooddonat0_.version as version4_2_0_, blooddonat0_.bank_id as bank_id8_2_0_, blooddonat0_.blood_group as blood_gr5_2_0_, blooddonat0_.rhd as rhd6_2_0_, blooddonat0_.milliliters as millilit7_2_0_ from blood_donation blooddonat0_ where blooddonat0_.donation_id=** NOT SPECIFIED **]
2021-11-19T10:23:52,375|[TRACE] JdbcCoordinatorImpl - Registering last query statement [com.mysql.cj.jdbc.ClientPreparedStatement: select blooddonat0_.donation_id as donation1_2_0_, blooddonat0_.created as created2_2_0_, blooddonat0_.updated as updated3_2_0_, blooddonat0_.version as version4_2_0_, blooddonat0_.bank_id as bank_id8_2_0_, blooddonat0_.blood_group as blood_gr5_2_0_, blooddonat0_.rhd as rhd6_2_0_, blooddonat0_.milliliters as millilit7_2_0_ from blood_donation blooddonat0_ where blooddonat0_.donation_id=** NOT SPECIFIED **]
2021-11-19T10:23:52,375|[TRACE] BasicBinder - binding parameter [1] as [INTEGER] - [1]
2021-11-19T10:23:52,375|[TRACE] AbstractLoadPlanBasedLoader - Bound [2] parameters total
2021-11-19T10:23:52,376|[TRACE] ResourceRegistryStandardImpl - Registering result set [com.mysql.cj.jdbc.result.ResultSetImpl@7a85dc58]
2021-11-19T10:23:52,376|[TRACE] ResultSetProcessorImpl - Processing result set
2021-11-19T10:23:52,376|[TRACE] ResultSetProcessorImpl - Starting ResultSet row #0
2021-11-19T10:23:52,376|[DEBUG] EntityReferenceInitializerImpl - On call to EntityIdentifierReaderImpl#resolve, EntityKey was already known; should only happen on root returns with an optional identifier specified
2021-11-19T10:23:52,376|[TRACE] EntityReferenceInitializerImpl - hydrating entity state
2021-11-19T10:23:52,376|[TRACE] EntityReferenceInitializerImpl - Initializing object from ResultSet: [bloodbank.entity.BloodDonation#1]
2021-11-19T10:23:52,376|[TRACE] AbstractEntityPersister - Hydrating entity: [bloodbank.entity.BloodDonation#1]
2021-11-19T10:23:52,376|[TRACE] BasicExtractor - extracted value ([created2_2_0_] : [BIGINT]) - [1637335432332]
2021-11-19T10:23:52,376|[TRACE] BasicExtractor - extracted value ([updated3_2_0_] : [BIGINT]) - [1637335432332]
2021-11-19T10:23:52,376|[TRACE] BasicExtractor - extracted value ([version4_2_0_] : [INTEGER]) - [0]
2021-11-19T10:23:52,376|[TRACE] BasicExtractor - extracted value ([bank_id8_2_0_] : [INTEGER]) - [1]
2021-11-19T10:23:52,376|[TRACE] BasicExtractor - extracted value ([blood_gr5_2_0_] : [VARCHAR]) - [AB]
2021-11-19T10:23:52,376|[TRACE] BasicExtractor - extracted value ([rhd6_2_0_] : [TINYINT]) - [1]
2021-11-19T10:23:52,376|[TRACE] BasicExtractor - extracted value ([millilit7_2_0_] : [INTEGER]) - [5]
2021-11-19T10:23:52,376|[TRACE] TwoPhaseLoad - Version: 0
2021-11-19T10:23:52,376|[TRACE] ResultSetProcessorImpl - Done processing result set (1 rows)
2021-11-19T10:23:52,376|[TRACE] AbstractRowReader - Total objects hydrated: 1
2021-11-19T10:23:52,376|[DEBUG] TwoPhaseLoad - Resolving attributes for [bloodbank.entity.BloodDonation#1]
2021-11-19T10:23:52,376|[DEBUG] TwoPhaseLoad - Processing attribute `epochCreated` : value = 1637335432332
2021-11-19T10:23:52,376|[DEBUG] TwoPhaseLoad - Attribute (`epochCreated`)  - enhanced for lazy-loading? - false
2021-11-19T10:23:52,376|[DEBUG] TwoPhaseLoad - Processing attribute `epochUpdated` : value = 1637335432332
2021-11-19T10:23:52,376|[DEBUG] TwoPhaseLoad - Attribute (`epochUpdated`)  - enhanced for lazy-loading? - false
2021-11-19T10:23:52,376|[DEBUG] TwoPhaseLoad - Processing attribute `version` : value = 0
2021-11-19T10:23:52,376|[DEBUG] TwoPhaseLoad - Attribute (`version`)  - enhanced for lazy-loading? - false
2021-11-19T10:23:52,376|[DEBUG] TwoPhaseLoad - Processing attribute `bank` : value = 1
2021-11-19T10:23:52,376|[DEBUG] TwoPhaseLoad - Attribute (`bank`)  - enhanced for lazy-loading? - false
2021-11-19T10:23:52,376|[TRACE] DefaultLoadEventListener - Loading entity: [bloodbank.entity.BloodBank#1]
2021-11-19T10:23:52,376|[TRACE] DefaultLoadEventListener - Creating new proxy for entity
2021-11-19T10:23:52,377|[DEBUG] TwoPhaseLoad - Processing attribute `bloodType` : value = [Ljava.lang.Object;@7f9e6167
2021-11-19T10:23:52,377|[DEBUG] TwoPhaseLoad - Attribute (`bloodType`)  - enhanced for lazy-loading? - false
2021-11-19T10:23:52,377|[DEBUG] TwoPhaseLoad - Processing attribute `milliliters` : value = 5
2021-11-19T10:23:52,377|[DEBUG] TwoPhaseLoad - Attribute (`milliliters`)  - enhanced for lazy-loading? - false
2021-11-19T10:23:52,377|[DEBUG] TwoPhaseLoad - Processing attribute `record` : value = 1
2021-11-19T10:23:52,377|[DEBUG] TwoPhaseLoad - Attribute (`record`)  - enhanced for lazy-loading? - false
2021-11-19T10:23:52,377|[TRACE] DefaultLoadEventListener - Loading entity: [bloodbank.entity.DonationRecord#1]
2021-11-19T10:23:52,377|[TRACE] DefaultLoadEventListener - Attempting to resolve: [bloodbank.entity.DonationRecord#1]
2021-11-19T10:23:52,377|[DEBUG] TwoPhaseLoad - Done materializing entity [bloodbank.entity.BloodDonation#1]
2021-11-19T10:23:52,377|[TRACE] ResultSetProcessingContextImpl - Skipping create subselects because there are fewer than 2 results, so query by key is more efficient.
2021-11-19T10:23:52,377|[TRACE] ResourceRegistryStandardImpl - Releasing statement [com.mysql.cj.jdbc.ClientPreparedStatement: select blooddonat0_.donation_id as donation1_2_0_, blooddonat0_.created as created2_2_0_, blooddonat0_.updated as updated3_2_0_, blooddonat0_.version as version4_2_0_, blooddonat0_.bank_id as bank_id8_2_0_, blooddonat0_.blood_group as blood_gr5_2_0_, blooddonat0_.rhd as rhd6_2_0_, blooddonat0_.milliliters as millilit7_2_0_ from blood_donation blooddonat0_ where blooddonat0_.donation_id=1]
2021-11-19T10:23:52,377|[TRACE] ResourceRegistryStandardImpl - Closing result set [com.mysql.cj.jdbc.result.ResultSetImpl@7a85dc58]
2021-11-19T10:23:52,377|[TRACE] ResourceRegistryStandardImpl - Closing prepared statement [com.mysql.cj.jdbc.ClientPreparedStatement: select blooddonat0_.donation_id as donation1_2_0_, blooddonat0_.created as created2_2_0_, blooddonat0_.updated as updated3_2_0_, blooddonat0_.version as version4_2_0_, blooddonat0_.bank_id as bank_id8_2_0_, blooddonat0_.blood_group as blood_gr5_2_0_, blooddonat0_.rhd as rhd6_2_0_, blooddonat0_.milliliters as millilit7_2_0_ from blood_donation blooddonat0_ where blooddonat0_.donation_id=1]
2021-11-19T10:23:52,377|[TRACE] JdbcCoordinatorImpl - Starting after statement execution processing [AFTER_TRANSACTION]
2021-11-19T10:23:52,377|[DEBUG] AbstractLoadPlanBasedEntityLoader - Done entity load : bloodbank.entity.BloodDonation#1
2021-11-19T10:23:52,377|[DEBUG] TwoPhaseLoad - Processing attribute `owner` : value = 1
2021-11-19T10:23:52,377|[DEBUG] TwoPhaseLoad - Attribute (`owner`)  - enhanced for lazy-loading? - false
2021-11-19T10:23:52,377|[TRACE] DefaultLoadEventListener - Loading entity: [bloodbank.entity.Person#1]
2021-11-19T10:23:52,377|[TRACE] DefaultLoadEventListener - Creating new proxy for entity
2021-11-19T10:23:52,377|[DEBUG] TwoPhaseLoad - Processing attribute `tested` : value = 0
2021-11-19T10:23:52,377|[DEBUG] TwoPhaseLoad - Attribute (`tested`)  - enhanced for lazy-loading? - false
2021-11-19T10:23:52,377|[DEBUG] TwoPhaseLoad - Done materializing entity [bloodbank.entity.DonationRecord#1]
2021-11-19T10:23:52,377|[TRACE] ResourceRegistryStandardImpl - Releasing statement [com.mysql.cj.jdbc.ClientPreparedStatement: /* select generatedAlias0 from DonationRecord as generatedAlias0 where generatedAlias0.id=:id */ select donationre0_.record_id as record_i1_4_, donationre0_.created as created2_4_, donationre0_.updated as updated3_4_, donationre0_.version as version4_4_, donationre0_.donation_id as donation6_4_, donationre0_.person_id as person_i7_4_, donationre0_.tested as tested5_4_ from donation_record donationre0_ where donationre0_.record_id=1]
2021-11-19T10:23:52,377|[TRACE] ResourceRegistryStandardImpl - Closing result set [com.mysql.cj.jdbc.result.ResultSetImpl@5aa334c]
2021-11-19T10:23:52,377|[TRACE] ResourceRegistryStandardImpl - Closing prepared statement [com.mysql.cj.jdbc.ClientPreparedStatement: /* select generatedAlias0 from DonationRecord as generatedAlias0 where generatedAlias0.id=:id */ select donationre0_.record_id as record_i1_4_, donationre0_.created as created2_4_, donationre0_.updated as updated3_4_, donationre0_.version as version4_4_, donationre0_.donation_id as donation6_4_, donationre0_.person_id as person_i7_4_, donationre0_.tested as tested5_4_ from donation_record donationre0_ where donationre0_.record_id=1]
2021-11-19T10:23:52,377|[TRACE] JdbcCoordinatorImpl - Starting after statement execution processing [AFTER_TRANSACTION]
2021-11-19T10:23:52,377|[TRACE] StatefulPersistenceContext - Initializing non-lazy collections
2021-11-19T10:23:52,377|[TRACE] AbstractLogicalConnectionImplementor - LogicalConnection#afterTransaction
2021-11-19T10:23:52,377|[TRACE] ResourceRegistryStandardImpl - Releasing JDBC resources
2021-11-19T10:23:52,377|[DEBUG] LogicalConnectionManagedImpl - Initiating JDBC connection release from afterTransaction
2021-11-19T10:23:52,377|[TRACE] ResourceRegistryStandardImpl - Releasing JDBC resources
2021-11-19T10:23:52,377|[DEBUG] TransactionImpl - begin
2021-11-19T10:23:52,377|[TRACE] AbstractLogicalConnectionImplementor - Preparing to begin transaction via JDBC Connection.setAutoCommit(false)
2021-11-19T10:23:52,378|[TRACE] AbstractLogicalConnectionImplementor - Transaction begun via JDBC Connection.setAutoCommit(false)
2021-11-19T10:23:52,378|[TRACE] JdbcResourceLocalTransactionCoordinatorImpl - ResourceLocalTransactionCoordinatorImpl#afterBeginCallback
2021-11-19T10:23:52,378|[TRACE] AbstractServiceRegistryImpl - Initializing service [role=org.hibernate.event.spi.EntityCopyObserverFactory]
2021-11-19T10:23:52,378|[DEBUG] EntityCopyObserverFactoryInitiator - Configured EntityCopyObserver strategy: disallow
2021-11-19T10:23:52,378|[TRACE] EntityState - Persistent instance of: bloodbank.entity.DonationRecord
2021-11-19T10:23:52,378|[TRACE] DefaultMergeEventListener - Ignoring persistent instance
2021-11-19T10:23:52,378|[TRACE] Cascade - Processing cascade ACTION_MERGE for: bloodbank.entity.DonationRecord
2021-11-19T10:23:52,378|[TRACE] CascadingAction - Cascading to merge: bloodbank.entity.BloodDonation
2021-11-19T10:23:52,378|[TRACE] EntityState - Persistent instance of: bloodbank.entity.BloodDonation
2021-11-19T10:23:52,378|[TRACE] DefaultMergeEventListener - Ignoring persistent instance
2021-11-19T10:23:52,378|[TRACE] Cascade - Processing cascade ACTION_MERGE for: bloodbank.entity.BloodDonation
2021-11-19T10:23:52,378|[TRACE] CascadingAction - Cascading to merge: bloodbank.entity.BloodBank
2021-11-19T10:23:52,378|[TRACE] DefaultMergeEventListener - Ignoring uninitialized proxy
2021-11-19T10:23:52,378|[TRACE] DefaultLoadEventListener - Loading entity: [bloodbank.entity.BloodBank#1]
2021-11-19T10:23:52,378|[TRACE] DefaultLoadEventListener - Entity proxy found in session cache
2021-11-19T10:23:52,378|[TRACE] Cascade - Done processing cascade ACTION_MERGE for: bloodbank.entity.BloodDonation
2021-11-19T10:23:52,378|[TRACE] Cascade - Done processing cascade ACTION_MERGE for: bloodbank.entity.DonationRecord
2021-11-19T10:23:52,378|[DEBUG] TransactionImpl - committing
2021-11-19T10:23:52,378|[TRACE] JdbcResourceLocalTransactionCoordinatorImpl - ResourceLocalTransactionCoordinatorImpl#beforeCompletionCallback
2021-11-19T10:23:52,378|[TRACE] SessionImpl - SessionImpl#beforeTransactionCompletion()
2021-11-19T10:23:52,378|[TRACE] SessionImpl - Automatically flushing session
2021-11-19T10:23:52,378|[TRACE] AbstractFlushingEventListener - Flushing session
2021-11-19T10:23:52,378|[DEBUG] AbstractFlushingEventListener - Processing flush-time cascades
2021-11-19T10:23:52,378|[TRACE] Cascade - Processing cascade ACTION_PERSIST_ON_FLUSH for: bloodbank.entity.DonationRecord
2021-11-19T10:23:52,378|[TRACE] CascadingAction - Cascading to persist on flush: bloodbank.entity.BloodDonation
2021-11-19T10:23:52,378|[TRACE] EntityState - Persistent instance of: bloodbank.entity.BloodDonation
2021-11-19T10:23:52,378|[TRACE] DefaultPersistEventListener - Ignoring persistent instance
2021-11-19T10:23:52,378|[TRACE] Cascade - Processing cascade ACTION_PERSIST_ON_FLUSH for: bloodbank.entity.BloodDonation
2021-11-19T10:23:52,378|[TRACE] CascadingAction - Cascading to persist on flush: bloodbank.entity.BloodBank
2021-11-19T10:23:52,378|[TRACE] Cascade - Done processing cascade ACTION_PERSIST_ON_FLUSH for: bloodbank.entity.BloodDonation
2021-11-19T10:23:52,378|[TRACE] Cascade - Processing cascade ACTION_PERSIST_ON_FLUSH for: bloodbank.entity.BloodDonation
2021-11-19T10:23:52,378|[TRACE] Cascade - Done processing cascade ACTION_PERSIST_ON_FLUSH for: bloodbank.entity.BloodDonation
2021-11-19T10:23:52,378|[TRACE] Cascade - Done processing cascade ACTION_PERSIST_ON_FLUSH for: bloodbank.entity.DonationRecord
2021-11-19T10:23:52,378|[TRACE] Cascade - Processing cascade ACTION_PERSIST_ON_FLUSH for: bloodbank.entity.BloodDonation
2021-11-19T10:23:52,378|[TRACE] CascadingAction - Cascading to persist on flush: bloodbank.entity.BloodBank
2021-11-19T10:23:52,378|[TRACE] Cascade - Done processing cascade ACTION_PERSIST_ON_FLUSH for: bloodbank.entity.BloodDonation
2021-11-19T10:23:52,378|[DEBUG] AbstractFlushingEventListener - Dirty checking collections
2021-11-19T10:23:52,378|[TRACE] AbstractFlushingEventListener - Flushing entities and processing referenced collections
2021-11-19T10:23:52,378|[TRACE] AbstractEntityPersister - bloodbank.entity.DonationRecord.tested is dirty
2021-11-19T10:23:52,378|[TRACE] DefaultFlushEntityEventListener - Found dirty properties [[bloodbank.entity.DonationRecord#1]] : [tested]
2021-11-19T10:23:52,378|[TRACE] DefaultFlushEntityEventListener - Updating entity: [bloodbank.entity.DonationRecord#1]
2021-11-19T10:23:52,378|[TRACE] AbstractEntityPersister - bloodbank.entity.DonationRecord.epochCreated is dirty
2021-11-19T10:23:52,378|[TRACE] AbstractEntityPersister - bloodbank.entity.DonationRecord.tested is dirty
2021-11-19T10:23:52,378|[TRACE] DefaultFlushEntityEventListener - Found dirty properties [[bloodbank.entity.DonationRecord#1]] : [epochCreated, tested]
2021-11-19T10:23:52,378|[TRACE] Versioning - Incrementing: 0 to 1
2021-11-19T10:23:52,378|[TRACE] AbstractFlushingEventListener - Processing unreferenced collections
2021-11-19T10:23:52,378|[TRACE] AbstractFlushingEventListener - Scheduling collection removes/(re)creates/updates
2021-11-19T10:23:52,378|[DEBUG] AbstractFlushingEventListener - Flushed: 0 insertions, 1 updates, 0 deletions to 2 objects
2021-11-19T10:23:52,378|[DEBUG] AbstractFlushingEventListener - Flushed: 0 (re)creations, 0 updates, 0 removals to 0 collections
2021-11-19T10:23:52,378|[DEBUG] EntityPrinter - Listing entities:
2021-11-19T10:23:52,378|[DEBUG] EntityPrinter - bloodbank.entity.BloodDonation{bank=<uninitialized>, record=bloodbank.entity.DonationRecord#1, milliliters=5, id=1, epochCreated=1637335432332, bloodType=component[bloodGroup,rhd]{bloodGroup=AB, rhd=1}, version=0, epochUpdated=1637335432332}
2021-11-19T10:23:52,378|[DEBUG] EntityPrinter - bloodbank.entity.DonationRecord{owner=<uninitialized>, tested=1, donation=bloodbank.entity.BloodDonation#1, id=1, epochCreated=1637335432378, version=1, epochUpdated=1637335432332}
2021-11-19T10:23:52,378|[TRACE] AbstractFlushingEventListener - Executing flush
2021-11-19T10:23:52,379|[TRACE] AbstractEntityPersister - Updating entity: [bloodbank.entity.DonationRecord#1]
2021-11-19T10:23:52,379|[TRACE] AbstractEntityPersister - Existing version: 0 -> New version:1
2021-11-19T10:23:52,379|[DEBUG] SQL - 
    /* update
        bloodbank.entity.DonationRecord */ update
            donation_record 
        set
            created=?,
            updated=?,
            version=?,
            donation_id=?,
            person_id=?,
            tested=? 
        where
            record_id=? 
            and version=?
2021-11-19T10:23:52,379|[TRACE] ResourceRegistryStandardImpl - Registering statement [com.mysql.cj.jdbc.ClientPreparedStatement: /* update bloodbank.entity.DonationRecord */ update donation_record set created=** NOT SPECIFIED **, updated=** NOT SPECIFIED **, version=** NOT SPECIFIED **, donation_id=** NOT SPECIFIED **, person_id=** NOT SPECIFIED **, tested=** NOT SPECIFIED ** where record_id=** NOT SPECIFIED ** and version=** NOT SPECIFIED **]
2021-11-19T10:23:52,379|[TRACE] AbstractEntityPersister - Dehydrating entity: [bloodbank.entity.DonationRecord#1]
2021-11-19T10:23:52,379|[TRACE] BasicBinder - binding parameter [1] as [BIGINT] - [1637335432378]
2021-11-19T10:23:52,379|[TRACE] BasicBinder - binding parameter [2] as [BIGINT] - [1637335432332]
2021-11-19T10:23:52,379|[TRACE] BasicBinder - binding parameter [3] as [INTEGER] - [1]
2021-11-19T10:23:52,379|[TRACE] BasicBinder - binding parameter [4] as [INTEGER] - [1]
2021-11-19T10:23:52,379|[TRACE] BasicBinder - binding parameter [5] as [INTEGER] - [1]
2021-11-19T10:23:52,379|[TRACE] BasicBinder - binding parameter [6] as [TINYINT] - [1]
2021-11-19T10:23:52,379|[TRACE] BasicBinder - binding parameter [7] as [INTEGER] - [1]
2021-11-19T10:23:52,379|[TRACE] BasicBinder - binding parameter [8] as [INTEGER] - [0]
2021-11-19T10:23:52,380|[TRACE] ResourceRegistryStandardImpl - Releasing statement [com.mysql.cj.jdbc.ClientPreparedStatement: /* update bloodbank.entity.DonationRecord */ update donation_record set created=1637335432378, updated=1637335432332, version=1, donation_id=1, person_id=1, tested=1 where record_id=1 and version=0]
2021-11-19T10:23:52,380|[TRACE] ResourceRegistryStandardImpl - Closing prepared statement [com.mysql.cj.jdbc.ClientPreparedStatement: /* update bloodbank.entity.DonationRecord */ update donation_record set created=1637335432378, updated=1637335432332, version=1, donation_id=1, person_id=1, tested=1 where record_id=1 and version=0]
2021-11-19T10:23:52,380|[TRACE] JdbcCoordinatorImpl - Starting after statement execution processing [AFTER_TRANSACTION]
2021-11-19T10:23:52,380|[TRACE] JdbcCoordinatorImpl - Starting after statement execution processing [AFTER_TRANSACTION]
2021-11-19T10:23:52,380|[TRACE] AbstractFlushingEventListener - Post flush
2021-11-19T10:23:52,380|[TRACE] AbstractLogicalConnectionImplementor - LogicalConnection#beforeTransactionCompletion
2021-11-19T10:23:52,380|[TRACE] SynchronizationRegistryStandardImpl - SynchronizationRegistryStandardImpl.notifySynchronizationsBeforeTransactionCompletion
2021-11-19T10:23:52,380|[TRACE] AbstractLogicalConnectionImplementor - Preparing to commit transaction via JDBC Connection.commit()
2021-11-19T10:23:52,383|[TRACE] AbstractLogicalConnectionImplementor - Transaction committed via JDBC Connection.commit()
2021-11-19T10:23:52,383|[TRACE] AbstractLogicalConnectionImplementor - LogicalConnection#afterTransaction
2021-11-19T10:23:52,383|[TRACE] ResourceRegistryStandardImpl - Releasing JDBC resources
2021-11-19T10:23:52,383|[DEBUG] LogicalConnectionManagedImpl - Initiating JDBC connection release from afterTransaction
2021-11-19T10:23:52,383|[TRACE] ResourceRegistryStandardImpl - Releasing JDBC resources
2021-11-19T10:23:52,383|[TRACE] JdbcResourceLocalTransactionCoordinatorImpl - ResourceLocalTransactionCoordinatorImpl#afterCompletionCallback(true)
2021-11-19T10:23:52,383|[TRACE] SynchronizationRegistryStandardImpl - SynchronizationRegistryStandardImpl.notifySynchronizationsAfterTransactionCompletion(3)
2021-11-19T10:23:52,383|[TRACE] AbstractLogicalConnectionImplementor - LogicalConnection#afterTransaction
2021-11-19T10:23:52,383|[TRACE] ResourceRegistryStandardImpl - Releasing JDBC resources
2021-11-19T10:23:52,383|[DEBUG] LogicalConnectionManagedImpl - Initiating JDBC connection release from afterTransaction
2021-11-19T10:23:52,383|[TRACE] SessionImpl - SessionImpl#afterTransactionCompletion(successful=true, delayed=false)
2021-11-19T10:23:52,383|[DEBUG] CriteriaQueryImpl - Rendered criteria query -> select generatedAlias0 from DonationRecord as generatedAlias0 where generatedAlias0.id=:id
2021-11-19T10:23:52,384|[TRACE] QueryPlanCache - Located HQL query plan in cache (select generatedAlias0 from DonationRecord as generatedAlias0 where generatedAlias0.id=:id)
2021-11-19T10:23:52,384|[TRACE] QueryPlanCache - Located HQL query plan in cache (select generatedAlias0 from DonationRecord as generatedAlias0 where generatedAlias0.id=:id)
2021-11-19T10:23:52,384|[TRACE] QueryPlanCache - Located HQL query plan in cache (select generatedAlias0 from DonationRecord as generatedAlias0 where generatedAlias0.id=:id)
2021-11-19T10:23:52,384|[TRACE] HQLQueryPlan - Find: select generatedAlias0 from DonationRecord as generatedAlias0 where generatedAlias0.id=:id
2021-11-19T10:23:52,384|[TRACE] QueryParameters - Named parameters: {id=1}
2021-11-19T10:23:52,384|[DEBUG] SQL - 
    /* select
        generatedAlias0 
    from
        DonationRecord as generatedAlias0 
    where
        generatedAlias0.id=:id */ select
            donationre0_.record_id as record_i1_4_,
            donationre0_.created as created2_4_,
            donationre0_.updated as updated3_4_,
            donationre0_.version as version4_4_,
            donationre0_.donation_id as donation6_4_,
            donationre0_.person_id as person_i7_4_,
            donationre0_.tested as tested5_4_ 
        from
            donation_record donationre0_ 
        where
            donationre0_.record_id=?
2021-11-19T10:23:52,384|[TRACE] ResourceRegistryStandardImpl - Registering statement [com.mysql.cj.jdbc.ClientPreparedStatement: /* select generatedAlias0 from DonationRecord as generatedAlias0 where generatedAlias0.id=:id */ select donationre0_.record_id as record_i1_4_, donationre0_.created as created2_4_, donationre0_.updated as updated3_4_, donationre0_.version as version4_4_, donationre0_.donation_id as donation6_4_, donationre0_.person_id as person_i7_4_, donationre0_.tested as tested5_4_ from donation_record donationre0_ where donationre0_.record_id=** NOT SPECIFIED **]
2021-11-19T10:23:52,384|[TRACE] JdbcCoordinatorImpl - Registering last query statement [com.mysql.cj.jdbc.ClientPreparedStatement: /* select generatedAlias0 from DonationRecord as generatedAlias0 where generatedAlias0.id=:id */ select donationre0_.record_id as record_i1_4_, donationre0_.created as created2_4_, donationre0_.updated as updated3_4_, donationre0_.version as version4_4_, donationre0_.donation_id as donation6_4_, donationre0_.person_id as person_i7_4_, donationre0_.tested as tested5_4_ from donation_record donationre0_ where donationre0_.record_id=** NOT SPECIFIED **]
2021-11-19T10:23:52,384|[TRACE] BasicBinder - binding parameter [1] as [INTEGER] - [1]
2021-11-19T10:23:52,384|[TRACE] Loader - Bound [2] parameters total
2021-11-19T10:23:52,385|[TRACE] ResourceRegistryStandardImpl - Registering result set [com.mysql.cj.jdbc.result.ResultSetImpl@10553a61]
2021-11-19T10:23:52,385|[TRACE] Loader - Processing result set
2021-11-19T10:23:52,385|[DEBUG] Loader - Result set row: 0
2021-11-19T10:23:52,385|[TRACE] BasicExtractor - extracted value ([record_i1_4_] : [INTEGER]) - [1]
2021-11-19T10:23:52,385|[DEBUG] Loader - Result row: EntityKey[bloodbank.entity.DonationRecord#1]
2021-11-19T10:23:52,385|[TRACE] Loader - Done processing result set (1 rows)
2021-11-19T10:23:52,385|[TRACE] Loader - Total objects hydrated: 0
2021-11-19T10:23:52,385|[TRACE] ResourceRegistryStandardImpl - Releasing statement [com.mysql.cj.jdbc.ClientPreparedStatement: /* select generatedAlias0 from DonationRecord as generatedAlias0 where generatedAlias0.id=:id */ select donationre0_.record_id as record_i1_4_, donationre0_.created as created2_4_, donationre0_.updated as updated3_4_, donationre0_.version as version4_4_, donationre0_.donation_id as donation6_4_, donationre0_.person_id as person_i7_4_, donationre0_.tested as tested5_4_ from donation_record donationre0_ where donationre0_.record_id=1]
2021-11-19T10:23:52,385|[TRACE] ResourceRegistryStandardImpl - Closing result set [com.mysql.cj.jdbc.result.ResultSetImpl@10553a61]
2021-11-19T10:23:52,385|[TRACE] ResourceRegistryStandardImpl - Closing prepared statement [com.mysql.cj.jdbc.ClientPreparedStatement: /* select generatedAlias0 from DonationRecord as generatedAlias0 where generatedAlias0.id=:id */ select donationre0_.record_id as record_i1_4_, donationre0_.created as created2_4_, donationre0_.updated as updated3_4_, donationre0_.version as version4_4_, donationre0_.donation_id as donation6_4_, donationre0_.person_id as person_i7_4_, donationre0_.tested as tested5_4_ from donation_record donationre0_ where donationre0_.record_id=1]
2021-11-19T10:23:52,385|[TRACE] JdbcCoordinatorImpl - Starting after statement execution processing [AFTER_TRANSACTION]
2021-11-19T10:23:52,385|[TRACE] StatefulPersistenceContext - Initializing non-lazy collections
2021-11-19T10:23:52,385|[TRACE] AbstractLogicalConnectionImplementor - LogicalConnection#afterTransaction
2021-11-19T10:23:52,385|[TRACE] ResourceRegistryStandardImpl - Releasing JDBC resources
2021-11-19T10:23:52,385|[DEBUG] LogicalConnectionManagedImpl - Initiating JDBC connection release from afterTransaction
2021-11-19T10:23:52,385|[TRACE] ResourceRegistryStandardImpl - Releasing JDBC resources
2021-11-19T10:23:52,385|[TRACE] SessionImpl - Closing session [428347c6-bb94-40df-9398-129e76727c4b]
2021-11-19T10:23:52,385|[TRACE] JdbcCoordinatorImpl - Closing JDBC container [org.hibernate.engine.jdbc.internal.JdbcCoordinatorImpl@3c8e4a82]
2021-11-19T10:23:52,385|[TRACE] ResourceRegistryStandardImpl - Releasing JDBC resources
2021-11-19T10:23:52,385|[TRACE] LogicalConnectionManagedImpl - Closing logical connection
2021-11-19T10:23:52,385|[TRACE] LogicalConnectionManagedImpl - Logical connection closed
]]></system-out>
  </testcase>
  <testcase name="testUpdateDependencies" classname="bloodbank.entity.TestCRUDDonationRecord" time="0.015">
    <system-out><![CDATA[2021-11-19T10:23:52,386|[TRACE] SessionFactoryImpl$SessionBuilderImpl - Opening Hibernate Session.  tenant=null
2021-11-19T10:23:52,386|[TRACE] SessionImpl - Opened Session [6e20eca0-58a0-4d4d-a153-f5ef75fb6495] at timestamp: 1637335432386
2021-11-19T10:23:52,386|[DEBUG] TransactionImpl - On TransactionImpl creation, JpaCompliance#isJpaTransactionComplianceEnabled == false
2021-11-19T10:23:52,387|[DEBUG] CriteriaQueryImpl - Rendered criteria query -> select generatedAlias0 from DonationRecord as generatedAlias0 where generatedAlias0.id=:id
2021-11-19T10:23:52,387|[TRACE] QueryPlanCache - Located HQL query plan in cache (select generatedAlias0 from DonationRecord as generatedAlias0 where generatedAlias0.id=:id)
2021-11-19T10:23:52,387|[TRACE] QueryPlanCache - Located HQL query plan in cache (select generatedAlias0 from DonationRecord as generatedAlias0 where generatedAlias0.id=:id)
2021-11-19T10:23:52,387|[TRACE] QueryPlanCache - Located HQL query plan in cache (select generatedAlias0 from DonationRecord as generatedAlias0 where generatedAlias0.id=:id)
2021-11-19T10:23:52,387|[TRACE] HQLQueryPlan - Find: select generatedAlias0 from DonationRecord as generatedAlias0 where generatedAlias0.id=:id
2021-11-19T10:23:52,387|[TRACE] QueryParameters - Named parameters: {id=1}
2021-11-19T10:23:52,387|[DEBUG] SQL - 
    /* select
        generatedAlias0 
    from
        DonationRecord as generatedAlias0 
    where
        generatedAlias0.id=:id */ select
            donationre0_.record_id as record_i1_4_,
            donationre0_.created as created2_4_,
            donationre0_.updated as updated3_4_,
            donationre0_.version as version4_4_,
            donationre0_.donation_id as donation6_4_,
            donationre0_.person_id as person_i7_4_,
            donationre0_.tested as tested5_4_ 
        from
            donation_record donationre0_ 
        where
            donationre0_.record_id=?
2021-11-19T10:23:52,387|[TRACE] ResourceRegistryStandardImpl - Registering statement [com.mysql.cj.jdbc.ClientPreparedStatement: /* select generatedAlias0 from DonationRecord as generatedAlias0 where generatedAlias0.id=:id */ select donationre0_.record_id as record_i1_4_, donationre0_.created as created2_4_, donationre0_.updated as updated3_4_, donationre0_.version as version4_4_, donationre0_.donation_id as donation6_4_, donationre0_.person_id as person_i7_4_, donationre0_.tested as tested5_4_ from donation_record donationre0_ where donationre0_.record_id=** NOT SPECIFIED **]
2021-11-19T10:23:52,387|[TRACE] JdbcCoordinatorImpl - Registering last query statement [com.mysql.cj.jdbc.ClientPreparedStatement: /* select generatedAlias0 from DonationRecord as generatedAlias0 where generatedAlias0.id=:id */ select donationre0_.record_id as record_i1_4_, donationre0_.created as created2_4_, donationre0_.updated as updated3_4_, donationre0_.version as version4_4_, donationre0_.donation_id as donation6_4_, donationre0_.person_id as person_i7_4_, donationre0_.tested as tested5_4_ from donation_record donationre0_ where donationre0_.record_id=** NOT SPECIFIED **]
2021-11-19T10:23:52,387|[TRACE] BasicBinder - binding parameter [1] as [INTEGER] - [1]
2021-11-19T10:23:52,387|[TRACE] Loader - Bound [2] parameters total
2021-11-19T10:23:52,388|[TRACE] ResourceRegistryStandardImpl - Registering result set [com.mysql.cj.jdbc.result.ResultSetImpl@357cdb00]
2021-11-19T10:23:52,388|[TRACE] Loader - Processing result set
2021-11-19T10:23:52,388|[DEBUG] Loader - Result set row: 0
2021-11-19T10:23:52,388|[TRACE] BasicExtractor - extracted value ([record_i1_4_] : [INTEGER]) - [1]
2021-11-19T10:23:52,388|[DEBUG] Loader - Result row: EntityKey[bloodbank.entity.DonationRecord#1]
2021-11-19T10:23:52,388|[TRACE] Loader - Initializing object from ResultSet: [bloodbank.entity.DonationRecord#1]
2021-11-19T10:23:52,388|[TRACE] AbstractEntityPersister - Hydrating entity: [bloodbank.entity.DonationRecord#1]
2021-11-19T10:23:52,388|[TRACE] BasicExtractor - extracted value ([created2_4_] : [BIGINT]) - [1637335432378]
2021-11-19T10:23:52,388|[TRACE] BasicExtractor - extracted value ([updated3_4_] : [BIGINT]) - [1637335432332]
2021-11-19T10:23:52,388|[TRACE] BasicExtractor - extracted value ([version4_4_] : [INTEGER]) - [1]
2021-11-19T10:23:52,388|[TRACE] BasicExtractor - extracted value ([donation6_4_] : [INTEGER]) - [1]
2021-11-19T10:23:52,388|[TRACE] BasicExtractor - extracted value ([person_i7_4_] : [INTEGER]) - [1]
2021-11-19T10:23:52,388|[TRACE] BasicExtractor - extracted value ([tested5_4_] : [TINYINT]) - [1]
2021-11-19T10:23:52,388|[TRACE] TwoPhaseLoad - Version: 1
2021-11-19T10:23:52,388|[TRACE] Loader - Done processing result set (1 rows)
2021-11-19T10:23:52,388|[TRACE] Loader - Total objects hydrated: 1
2021-11-19T10:23:52,388|[DEBUG] TwoPhaseLoad - Resolving attributes for [bloodbank.entity.DonationRecord#1]
2021-11-19T10:23:52,388|[DEBUG] TwoPhaseLoad - Processing attribute `epochCreated` : value = 1637335432378
2021-11-19T10:23:52,388|[DEBUG] TwoPhaseLoad - Attribute (`epochCreated`)  - enhanced for lazy-loading? - false
2021-11-19T10:23:52,388|[DEBUG] TwoPhaseLoad - Processing attribute `epochUpdated` : value = 1637335432332
2021-11-19T10:23:52,388|[DEBUG] TwoPhaseLoad - Attribute (`epochUpdated`)  - enhanced for lazy-loading? - false
2021-11-19T10:23:52,388|[DEBUG] TwoPhaseLoad - Processing attribute `version` : value = 1
2021-11-19T10:23:52,388|[DEBUG] TwoPhaseLoad - Attribute (`version`)  - enhanced for lazy-loading? - false
2021-11-19T10:23:52,388|[DEBUG] TwoPhaseLoad - Processing attribute `donation` : value = 1
2021-11-19T10:23:52,388|[DEBUG] TwoPhaseLoad - Attribute (`donation`)  - enhanced for lazy-loading? - false
2021-11-19T10:23:52,388|[TRACE] DefaultLoadEventListener - Loading entity: [bloodbank.entity.BloodDonation#1]
2021-11-19T10:23:52,388|[TRACE] DefaultLoadEventListener - Attempting to resolve: [bloodbank.entity.BloodDonation#1]
2021-11-19T10:23:52,388|[TRACE] DefaultLoadEventListener - Object not resolved in any cache: [bloodbank.entity.BloodDonation#1]
2021-11-19T10:23:52,388|[TRACE] AbstractEntityPersister - Fetching entity: [bloodbank.entity.BloodDonation#1]
2021-11-19T10:23:52,389|[DEBUG] SQL - 
    select
        blooddonat0_.donation_id as donation1_2_0_,
        blooddonat0_.created as created2_2_0_,
        blooddonat0_.updated as updated3_2_0_,
        blooddonat0_.version as version4_2_0_,
        blooddonat0_.bank_id as bank_id8_2_0_,
        blooddonat0_.blood_group as blood_gr5_2_0_,
        blooddonat0_.rhd as rhd6_2_0_,
        blooddonat0_.milliliters as millilit7_2_0_ 
    from
        blood_donation blooddonat0_ 
    where
        blooddonat0_.donation_id=?
2021-11-19T10:23:52,389|[TRACE] ResourceRegistryStandardImpl - Registering statement [com.mysql.cj.jdbc.ClientPreparedStatement: select blooddonat0_.donation_id as donation1_2_0_, blooddonat0_.created as created2_2_0_, blooddonat0_.updated as updated3_2_0_, blooddonat0_.version as version4_2_0_, blooddonat0_.bank_id as bank_id8_2_0_, blooddonat0_.blood_group as blood_gr5_2_0_, blooddonat0_.rhd as rhd6_2_0_, blooddonat0_.milliliters as millilit7_2_0_ from blood_donation blooddonat0_ where blooddonat0_.donation_id=** NOT SPECIFIED **]
2021-11-19T10:23:52,389|[TRACE] JdbcCoordinatorImpl - Registering last query statement [com.mysql.cj.jdbc.ClientPreparedStatement: select blooddonat0_.donation_id as donation1_2_0_, blooddonat0_.created as created2_2_0_, blooddonat0_.updated as updated3_2_0_, blooddonat0_.version as version4_2_0_, blooddonat0_.bank_id as bank_id8_2_0_, blooddonat0_.blood_group as blood_gr5_2_0_, blooddonat0_.rhd as rhd6_2_0_, blooddonat0_.milliliters as millilit7_2_0_ from blood_donation blooddonat0_ where blooddonat0_.donation_id=** NOT SPECIFIED **]
2021-11-19T10:23:52,389|[TRACE] BasicBinder - binding parameter [1] as [INTEGER] - [1]
2021-11-19T10:23:52,389|[TRACE] AbstractLoadPlanBasedLoader - Bound [2] parameters total
2021-11-19T10:23:52,389|[TRACE] ResourceRegistryStandardImpl - Registering result set [com.mysql.cj.jdbc.result.ResultSetImpl@58945295]
2021-11-19T10:23:52,389|[TRACE] ResultSetProcessorImpl - Processing result set
2021-11-19T10:23:52,389|[TRACE] ResultSetProcessorImpl - Starting ResultSet row #0
2021-11-19T10:23:52,389|[DEBUG] EntityReferenceInitializerImpl - On call to EntityIdentifierReaderImpl#resolve, EntityKey was already known; should only happen on root returns with an optional identifier specified
2021-11-19T10:23:52,389|[TRACE] EntityReferenceInitializerImpl - hydrating entity state
2021-11-19T10:23:52,389|[TRACE] EntityReferenceInitializerImpl - Initializing object from ResultSet: [bloodbank.entity.BloodDonation#1]
2021-11-19T10:23:52,389|[TRACE] AbstractEntityPersister - Hydrating entity: [bloodbank.entity.BloodDonation#1]
2021-11-19T10:23:52,389|[TRACE] BasicExtractor - extracted value ([created2_2_0_] : [BIGINT]) - [1637335432332]
2021-11-19T10:23:52,389|[TRACE] BasicExtractor - extracted value ([updated3_2_0_] : [BIGINT]) - [1637335432332]
2021-11-19T10:23:52,389|[TRACE] BasicExtractor - extracted value ([version4_2_0_] : [INTEGER]) - [0]
2021-11-19T10:23:52,389|[TRACE] BasicExtractor - extracted value ([bank_id8_2_0_] : [INTEGER]) - [1]
2021-11-19T10:23:52,390|[TRACE] BasicExtractor - extracted value ([blood_gr5_2_0_] : [VARCHAR]) - [AB]
2021-11-19T10:23:52,390|[TRACE] BasicExtractor - extracted value ([rhd6_2_0_] : [TINYINT]) - [1]
2021-11-19T10:23:52,390|[TRACE] BasicExtractor - extracted value ([millilit7_2_0_] : [INTEGER]) - [5]
2021-11-19T10:23:52,390|[TRACE] TwoPhaseLoad - Version: 0
2021-11-19T10:23:52,390|[TRACE] ResultSetProcessorImpl - Done processing result set (1 rows)
2021-11-19T10:23:52,390|[TRACE] AbstractRowReader - Total objects hydrated: 1
2021-11-19T10:23:52,390|[DEBUG] TwoPhaseLoad - Resolving attributes for [bloodbank.entity.BloodDonation#1]
2021-11-19T10:23:52,390|[DEBUG] TwoPhaseLoad - Processing attribute `epochCreated` : value = 1637335432332
2021-11-19T10:23:52,390|[DEBUG] TwoPhaseLoad - Attribute (`epochCreated`)  - enhanced for lazy-loading? - false
2021-11-19T10:23:52,390|[DEBUG] TwoPhaseLoad - Processing attribute `epochUpdated` : value = 1637335432332
2021-11-19T10:23:52,390|[DEBUG] TwoPhaseLoad - Attribute (`epochUpdated`)  - enhanced for lazy-loading? - false
2021-11-19T10:23:52,390|[DEBUG] TwoPhaseLoad - Processing attribute `version` : value = 0
2021-11-19T10:23:52,390|[DEBUG] TwoPhaseLoad - Attribute (`version`)  - enhanced for lazy-loading? - false
2021-11-19T10:23:52,390|[DEBUG] TwoPhaseLoad - Processing attribute `bank` : value = 1
2021-11-19T10:23:52,390|[DEBUG] TwoPhaseLoad - Attribute (`bank`)  - enhanced for lazy-loading? - false
2021-11-19T10:23:52,390|[TRACE] DefaultLoadEventListener - Loading entity: [bloodbank.entity.BloodBank#1]
2021-11-19T10:23:52,390|[TRACE] DefaultLoadEventListener - Creating new proxy for entity
2021-11-19T10:23:52,390|[DEBUG] TwoPhaseLoad - Processing attribute `bloodType` : value = [Ljava.lang.Object;@6839d03b
2021-11-19T10:23:52,390|[DEBUG] TwoPhaseLoad - Attribute (`bloodType`)  - enhanced for lazy-loading? - false
2021-11-19T10:23:52,390|[DEBUG] TwoPhaseLoad - Processing attribute `milliliters` : value = 5
2021-11-19T10:23:52,390|[DEBUG] TwoPhaseLoad - Attribute (`milliliters`)  - enhanced for lazy-loading? - false
2021-11-19T10:23:52,390|[DEBUG] TwoPhaseLoad - Processing attribute `record` : value = 1
2021-11-19T10:23:52,390|[DEBUG] TwoPhaseLoad - Attribute (`record`)  - enhanced for lazy-loading? - false
2021-11-19T10:23:52,390|[TRACE] DefaultLoadEventListener - Loading entity: [bloodbank.entity.DonationRecord#1]
2021-11-19T10:23:52,390|[TRACE] DefaultLoadEventListener - Attempting to resolve: [bloodbank.entity.DonationRecord#1]
2021-11-19T10:23:52,390|[DEBUG] TwoPhaseLoad - Done materializing entity [bloodbank.entity.BloodDonation#1]
2021-11-19T10:23:52,390|[TRACE] ResultSetProcessingContextImpl - Skipping create subselects because there are fewer than 2 results, so query by key is more efficient.
2021-11-19T10:23:52,390|[TRACE] ResourceRegistryStandardImpl - Releasing statement [com.mysql.cj.jdbc.ClientPreparedStatement: select blooddonat0_.donation_id as donation1_2_0_, blooddonat0_.created as created2_2_0_, blooddonat0_.updated as updated3_2_0_, blooddonat0_.version as version4_2_0_, blooddonat0_.bank_id as bank_id8_2_0_, blooddonat0_.blood_group as blood_gr5_2_0_, blooddonat0_.rhd as rhd6_2_0_, blooddonat0_.milliliters as millilit7_2_0_ from blood_donation blooddonat0_ where blooddonat0_.donation_id=1]
2021-11-19T10:23:52,390|[TRACE] ResourceRegistryStandardImpl - Closing result set [com.mysql.cj.jdbc.result.ResultSetImpl@58945295]
2021-11-19T10:23:52,390|[TRACE] ResourceRegistryStandardImpl - Closing prepared statement [com.mysql.cj.jdbc.ClientPreparedStatement: select blooddonat0_.donation_id as donation1_2_0_, blooddonat0_.created as created2_2_0_, blooddonat0_.updated as updated3_2_0_, blooddonat0_.version as version4_2_0_, blooddonat0_.bank_id as bank_id8_2_0_, blooddonat0_.blood_group as blood_gr5_2_0_, blooddonat0_.rhd as rhd6_2_0_, blooddonat0_.milliliters as millilit7_2_0_ from blood_donation blooddonat0_ where blooddonat0_.donation_id=1]
2021-11-19T10:23:52,390|[TRACE] JdbcCoordinatorImpl - Starting after statement execution processing [AFTER_TRANSACTION]
2021-11-19T10:23:52,390|[DEBUG] AbstractLoadPlanBasedEntityLoader - Done entity load : bloodbank.entity.BloodDonation#1
2021-11-19T10:23:52,390|[DEBUG] TwoPhaseLoad - Processing attribute `owner` : value = 1
2021-11-19T10:23:52,390|[DEBUG] TwoPhaseLoad - Attribute (`owner`)  - enhanced for lazy-loading? - false
2021-11-19T10:23:52,390|[TRACE] DefaultLoadEventListener - Loading entity: [bloodbank.entity.Person#1]
2021-11-19T10:23:52,390|[TRACE] DefaultLoadEventListener - Creating new proxy for entity
2021-11-19T10:23:52,390|[DEBUG] TwoPhaseLoad - Processing attribute `tested` : value = 1
2021-11-19T10:23:52,390|[DEBUG] TwoPhaseLoad - Attribute (`tested`)  - enhanced for lazy-loading? - false
2021-11-19T10:23:52,390|[DEBUG] TwoPhaseLoad - Done materializing entity [bloodbank.entity.DonationRecord#1]
2021-11-19T10:23:52,390|[TRACE] ResourceRegistryStandardImpl - Releasing statement [com.mysql.cj.jdbc.ClientPreparedStatement: /* select generatedAlias0 from DonationRecord as generatedAlias0 where generatedAlias0.id=:id */ select donationre0_.record_id as record_i1_4_, donationre0_.created as created2_4_, donationre0_.updated as updated3_4_, donationre0_.version as version4_4_, donationre0_.donation_id as donation6_4_, donationre0_.person_id as person_i7_4_, donationre0_.tested as tested5_4_ from donation_record donationre0_ where donationre0_.record_id=1]
2021-11-19T10:23:52,390|[TRACE] ResourceRegistryStandardImpl - Closing result set [com.mysql.cj.jdbc.result.ResultSetImpl@357cdb00]
2021-11-19T10:23:52,390|[TRACE] ResourceRegistryStandardImpl - Closing prepared statement [com.mysql.cj.jdbc.ClientPreparedStatement: /* select generatedAlias0 from DonationRecord as generatedAlias0 where generatedAlias0.id=:id */ select donationre0_.record_id as record_i1_4_, donationre0_.created as created2_4_, donationre0_.updated as updated3_4_, donationre0_.version as version4_4_, donationre0_.donation_id as donation6_4_, donationre0_.person_id as person_i7_4_, donationre0_.tested as tested5_4_ from donation_record donationre0_ where donationre0_.record_id=1]
2021-11-19T10:23:52,390|[TRACE] JdbcCoordinatorImpl - Starting after statement execution processing [AFTER_TRANSACTION]
2021-11-19T10:23:52,390|[TRACE] StatefulPersistenceContext - Initializing non-lazy collections
2021-11-19T10:23:52,390|[TRACE] AbstractLogicalConnectionImplementor - LogicalConnection#afterTransaction
2021-11-19T10:23:52,390|[TRACE] ResourceRegistryStandardImpl - Releasing JDBC resources
2021-11-19T10:23:52,390|[DEBUG] LogicalConnectionManagedImpl - Initiating JDBC connection release from afterTransaction
2021-11-19T10:23:52,391|[TRACE] ResourceRegistryStandardImpl - Releasing JDBC resources
2021-11-19T10:23:52,391|[DEBUG] SessionImpl - Initializing proxy: [bloodbank.entity.Person#1]
2021-11-19T10:23:52,391|[TRACE] DefaultLoadEventListener - Attempting to resolve: [bloodbank.entity.Person#1]
2021-11-19T10:23:52,391|[TRACE] DefaultLoadEventListener - Object not resolved in any cache: [bloodbank.entity.Person#1]
2021-11-19T10:23:52,391|[TRACE] AbstractEntityPersister - Fetching entity: [bloodbank.entity.Person#1]
2021-11-19T10:23:52,391|[DEBUG] SQL - 
    select
        person0_.id as id1_5_0_,
        person0_.created as created2_5_0_,
        person0_.updated as updated3_5_0_,
        person0_.version as version4_5_0_,
        person0_.first_name as first_na5_5_0_,
        person0_.last_name as last_nam6_5_0_ 
    from
        person person0_ 
    where
        person0_.id=?
2021-11-19T10:23:52,391|[TRACE] ResourceRegistryStandardImpl - Registering statement [com.mysql.cj.jdbc.ClientPreparedStatement: select person0_.id as id1_5_0_, person0_.created as created2_5_0_, person0_.updated as updated3_5_0_, person0_.version as version4_5_0_, person0_.first_name as first_na5_5_0_, person0_.last_name as last_nam6_5_0_ from person person0_ where person0_.id=** NOT SPECIFIED **]
2021-11-19T10:23:52,391|[TRACE] JdbcCoordinatorImpl - Registering last query statement [com.mysql.cj.jdbc.ClientPreparedStatement: select person0_.id as id1_5_0_, person0_.created as created2_5_0_, person0_.updated as updated3_5_0_, person0_.version as version4_5_0_, person0_.first_name as first_na5_5_0_, person0_.last_name as last_nam6_5_0_ from person person0_ where person0_.id=** NOT SPECIFIED **]
2021-11-19T10:23:52,391|[TRACE] BasicBinder - binding parameter [1] as [INTEGER] - [1]
2021-11-19T10:23:52,391|[TRACE] AbstractLoadPlanBasedLoader - Bound [2] parameters total
2021-11-19T10:23:52,392|[TRACE] ResourceRegistryStandardImpl - Registering result set [com.mysql.cj.jdbc.result.ResultSetImpl@703e5614]
2021-11-19T10:23:52,392|[TRACE] ResultSetProcessorImpl - Processing result set
2021-11-19T10:23:52,392|[TRACE] ResultSetProcessorImpl - Starting ResultSet row #0
2021-11-19T10:23:52,392|[DEBUG] EntityReferenceInitializerImpl - On call to EntityIdentifierReaderImpl#resolve, EntityKey was already known; should only happen on root returns with an optional identifier specified
2021-11-19T10:23:52,392|[TRACE] EntityReferenceInitializerImpl - hydrating entity state
2021-11-19T10:23:52,392|[TRACE] EntityReferenceInitializerImpl - Initializing object from ResultSet: [bloodbank.entity.Person#1]
2021-11-19T10:23:52,392|[TRACE] AbstractEntityPersister - Hydrating entity: [bloodbank.entity.Person#1]
2021-11-19T10:23:52,392|[TRACE] BasicExtractor - extracted value ([created2_5_0_] : [BIGINT]) - [1637335432330]
2021-11-19T10:23:52,392|[TRACE] BasicExtractor - extracted value ([updated3_5_0_] : [BIGINT]) - [1637335432330]
2021-11-19T10:23:52,392|[TRACE] BasicExtractor - extracted value ([version4_5_0_] : [INTEGER]) - [0]
2021-11-19T10:23:52,392|[TRACE] BasicExtractor - extracted value ([first_na5_5_0_] : [VARCHAR]) - [Simzhuo]
2021-11-19T10:23:52,392|[TRACE] BasicExtractor - extracted value ([last_nam6_5_0_] : [VARCHAR]) - [Aho]
2021-11-19T10:23:52,392|[TRACE] TwoPhaseLoad - Version: 0
2021-11-19T10:23:52,392|[TRACE] ResultSetProcessorImpl - Done processing result set (1 rows)
2021-11-19T10:23:52,392|[TRACE] AbstractRowReader - Total objects hydrated: 1
2021-11-19T10:23:52,392|[DEBUG] TwoPhaseLoad - Resolving attributes for [bloodbank.entity.Person#1]
2021-11-19T10:23:52,392|[DEBUG] TwoPhaseLoad - Processing attribute `epochCreated` : value = 1637335432330
2021-11-19T10:23:52,392|[DEBUG] TwoPhaseLoad - Attribute (`epochCreated`)  - enhanced for lazy-loading? - false
2021-11-19T10:23:52,392|[DEBUG] TwoPhaseLoad - Processing attribute `epochUpdated` : value = 1637335432330
2021-11-19T10:23:52,392|[DEBUG] TwoPhaseLoad - Attribute (`epochUpdated`)  - enhanced for lazy-loading? - false
2021-11-19T10:23:52,392|[DEBUG] TwoPhaseLoad - Processing attribute `version` : value = 0
2021-11-19T10:23:52,392|[DEBUG] TwoPhaseLoad - Attribute (`version`)  - enhanced for lazy-loading? - false
2021-11-19T10:23:52,392|[DEBUG] TwoPhaseLoad - Processing attribute `contacts` : value = NOT NULL COLLECTION
2021-11-19T10:23:52,392|[DEBUG] TwoPhaseLoad - Attribute (`contacts`)  - enhanced for lazy-loading? - false
2021-11-19T10:23:52,392|[TRACE] CollectionType - Created collection wrapper: [bloodbank.entity.Person.contacts#1]
2021-11-19T10:23:52,392|[DEBUG] TwoPhaseLoad - Processing attribute `donations` : value = NOT NULL COLLECTION
2021-11-19T10:23:52,392|[DEBUG] TwoPhaseLoad - Attribute (`donations`)  - enhanced for lazy-loading? - false
2021-11-19T10:23:52,392|[TRACE] CollectionType - Created collection wrapper: [bloodbank.entity.Person.donations#1]
2021-11-19T10:23:52,392|[DEBUG] TwoPhaseLoad - Processing attribute `firstName` : value = Simzhuo
2021-11-19T10:23:52,392|[DEBUG] TwoPhaseLoad - Attribute (`firstName`)  - enhanced for lazy-loading? - false
2021-11-19T10:23:52,392|[DEBUG] TwoPhaseLoad - Processing attribute `lastName` : value = Aho
2021-11-19T10:23:52,392|[DEBUG] TwoPhaseLoad - Attribute (`lastName`)  - enhanced for lazy-loading? - false
2021-11-19T10:23:52,392|[DEBUG] TwoPhaseLoad - Done materializing entity [bloodbank.entity.Person#1]
2021-11-19T10:23:52,392|[TRACE] ResultSetProcessingContextImpl - Skipping create subselects because there are fewer than 2 results, so query by key is more efficient.
2021-11-19T10:23:52,392|[TRACE] ResourceRegistryStandardImpl - Releasing statement [com.mysql.cj.jdbc.ClientPreparedStatement: select person0_.id as id1_5_0_, person0_.created as created2_5_0_, person0_.updated as updated3_5_0_, person0_.version as version4_5_0_, person0_.first_name as first_na5_5_0_, person0_.last_name as last_nam6_5_0_ from person person0_ where person0_.id=1]
2021-11-19T10:23:52,392|[TRACE] ResourceRegistryStandardImpl - Closing result set [com.mysql.cj.jdbc.result.ResultSetImpl@703e5614]
2021-11-19T10:23:52,392|[TRACE] ResourceRegistryStandardImpl - Closing prepared statement [com.mysql.cj.jdbc.ClientPreparedStatement: select person0_.id as id1_5_0_, person0_.created as created2_5_0_, person0_.updated as updated3_5_0_, person0_.version as version4_5_0_, person0_.first_name as first_na5_5_0_, person0_.last_name as last_nam6_5_0_ from person person0_ where person0_.id=1]
2021-11-19T10:23:52,392|[TRACE] JdbcCoordinatorImpl - Starting after statement execution processing [AFTER_TRANSACTION]
2021-11-19T10:23:52,392|[TRACE] StatefulPersistenceContext - Initializing non-lazy collections
2021-11-19T10:23:52,392|[DEBUG] AbstractLoadPlanBasedEntityLoader - Done entity load : bloodbank.entity.Person#1
2021-11-19T10:23:52,392|[DEBUG] TransactionImpl - begin
2021-11-19T10:23:52,392|[TRACE] AbstractLogicalConnectionImplementor - Preparing to begin transaction via JDBC Connection.setAutoCommit(false)
2021-11-19T10:23:52,392|[TRACE] AbstractLogicalConnectionImplementor - Transaction begun via JDBC Connection.setAutoCommit(false)
2021-11-19T10:23:52,392|[TRACE] JdbcResourceLocalTransactionCoordinatorImpl - ResourceLocalTransactionCoordinatorImpl#afterBeginCallback
2021-11-19T10:23:52,392|[TRACE] EntityState - Persistent instance of: bloodbank.entity.DonationRecord
2021-11-19T10:23:52,392|[TRACE] DefaultMergeEventListener - Ignoring persistent instance
2021-11-19T10:23:52,392|[TRACE] Cascade - Processing cascade ACTION_MERGE for: bloodbank.entity.DonationRecord
2021-11-19T10:23:52,393|[TRACE] CascadingAction - Cascading to merge: bloodbank.entity.BloodDonation
2021-11-19T10:23:52,393|[TRACE] EntityState - Persistent instance of: bloodbank.entity.BloodDonation
2021-11-19T10:23:52,393|[TRACE] DefaultMergeEventListener - Ignoring persistent instance
2021-11-19T10:23:52,393|[TRACE] Cascade - Processing cascade ACTION_MERGE for: bloodbank.entity.BloodDonation
2021-11-19T10:23:52,393|[TRACE] CascadingAction - Cascading to merge: bloodbank.entity.BloodBank
2021-11-19T10:23:52,393|[TRACE] DefaultMergeEventListener - Ignoring uninitialized proxy
2021-11-19T10:23:52,393|[TRACE] DefaultLoadEventListener - Loading entity: [bloodbank.entity.BloodBank#1]
2021-11-19T10:23:52,393|[TRACE] DefaultLoadEventListener - Entity proxy found in session cache
2021-11-19T10:23:52,393|[TRACE] Cascade - Done processing cascade ACTION_MERGE for: bloodbank.entity.BloodDonation
2021-11-19T10:23:52,393|[TRACE] Cascade - Done processing cascade ACTION_MERGE for: bloodbank.entity.DonationRecord
2021-11-19T10:23:52,393|[DEBUG] TransactionImpl - committing
2021-11-19T10:23:52,393|[TRACE] JdbcResourceLocalTransactionCoordinatorImpl - ResourceLocalTransactionCoordinatorImpl#beforeCompletionCallback
2021-11-19T10:23:52,393|[TRACE] SessionImpl - SessionImpl#beforeTransactionCompletion()
2021-11-19T10:23:52,393|[TRACE] SessionImpl - Automatically flushing session
2021-11-19T10:23:52,393|[TRACE] AbstractFlushingEventListener - Flushing session
2021-11-19T10:23:52,393|[DEBUG] AbstractFlushingEventListener - Processing flush-time cascades
2021-11-19T10:23:52,393|[TRACE] Cascade - Processing cascade ACTION_PERSIST_ON_FLUSH for: bloodbank.entity.DonationRecord
2021-11-19T10:23:52,393|[TRACE] CascadingAction - Cascading to persist on flush: bloodbank.entity.BloodDonation
2021-11-19T10:23:52,393|[TRACE] EntityState - Persistent instance of: bloodbank.entity.BloodDonation
2021-11-19T10:23:52,393|[TRACE] DefaultPersistEventListener - Ignoring persistent instance
2021-11-19T10:23:52,393|[TRACE] Cascade - Processing cascade ACTION_PERSIST_ON_FLUSH for: bloodbank.entity.BloodDonation
2021-11-19T10:23:52,393|[TRACE] CascadingAction - Cascading to persist on flush: bloodbank.entity.BloodBank
2021-11-19T10:23:52,393|[TRACE] Cascade - Done processing cascade ACTION_PERSIST_ON_FLUSH for: bloodbank.entity.BloodDonation
2021-11-19T10:23:52,393|[TRACE] Cascade - Processing cascade ACTION_PERSIST_ON_FLUSH for: bloodbank.entity.BloodDonation
2021-11-19T10:23:52,393|[TRACE] Cascade - Done processing cascade ACTION_PERSIST_ON_FLUSH for: bloodbank.entity.BloodDonation
2021-11-19T10:23:52,393|[TRACE] Cascade - Done processing cascade ACTION_PERSIST_ON_FLUSH for: bloodbank.entity.DonationRecord
2021-11-19T10:23:52,393|[TRACE] Cascade - Processing cascade ACTION_PERSIST_ON_FLUSH for: bloodbank.entity.BloodDonation
2021-11-19T10:23:52,393|[TRACE] CascadingAction - Cascading to persist on flush: bloodbank.entity.BloodBank
2021-11-19T10:23:52,393|[TRACE] Cascade - Done processing cascade ACTION_PERSIST_ON_FLUSH for: bloodbank.entity.BloodDonation
2021-11-19T10:23:52,393|[TRACE] Cascade - Processing cascade ACTION_PERSIST_ON_FLUSH for: bloodbank.entity.Person
2021-11-19T10:23:52,393|[TRACE] Cascade - Cascade ACTION_PERSIST_ON_FLUSH for collection: bloodbank.entity.Person.contacts
2021-11-19T10:23:52,393|[TRACE] Cascade - Done cascade ACTION_PERSIST_ON_FLUSH for collection: bloodbank.entity.Person.contacts
2021-11-19T10:23:52,393|[TRACE] Cascade - Cascade ACTION_PERSIST_ON_FLUSH for collection: bloodbank.entity.Person.donations
2021-11-19T10:23:52,393|[TRACE] Cascade - Done cascade ACTION_PERSIST_ON_FLUSH for collection: bloodbank.entity.Person.donations
2021-11-19T10:23:52,393|[TRACE] Cascade - Done processing cascade ACTION_PERSIST_ON_FLUSH for: bloodbank.entity.Person
2021-11-19T10:23:52,393|[DEBUG] AbstractFlushingEventListener - Dirty checking collections
2021-11-19T10:23:52,393|[TRACE] AbstractFlushingEventListener - Flushing entities and processing referenced collections
2021-11-19T10:23:52,393|[TRACE] AbstractEntityPersister - bloodbank.entity.Person.firstName is dirty
2021-11-19T10:23:52,393|[TRACE] AbstractEntityPersister - bloodbank.entity.Person.lastName is dirty
2021-11-19T10:23:52,393|[TRACE] DefaultFlushEntityEventListener - Found dirty properties [[bloodbank.entity.Person#1]] : [firstName, lastName]
2021-11-19T10:23:52,393|[TRACE] DefaultFlushEntityEventListener - Updating entity: [bloodbank.entity.Person#1]
2021-11-19T10:23:52,393|[TRACE] AbstractEntityPersister - bloodbank.entity.Person.epochCreated is dirty
2021-11-19T10:23:52,393|[TRACE] AbstractEntityPersister - bloodbank.entity.Person.firstName is dirty
2021-11-19T10:23:52,393|[TRACE] AbstractEntityPersister - bloodbank.entity.Person.lastName is dirty
2021-11-19T10:23:52,393|[TRACE] DefaultFlushEntityEventListener - Found dirty properties [[bloodbank.entity.Person#1]] : [epochCreated, firstName, lastName]
2021-11-19T10:23:52,393|[TRACE] Versioning - Incrementing: 0 to 1
2021-11-19T10:23:52,393|[DEBUG] Collections - Collection found: [bloodbank.entity.Person.contacts#1], was: [bloodbank.entity.Person.contacts#1] (uninitialized)
2021-11-19T10:23:52,393|[DEBUG] Collections - Collection found: [bloodbank.entity.Person.donations#1], was: [bloodbank.entity.Person.donations#1] (uninitialized)
2021-11-19T10:23:52,393|[TRACE] AbstractFlushingEventListener - Processing unreferenced collections
2021-11-19T10:23:52,393|[TRACE] AbstractFlushingEventListener - Scheduling collection removes/(re)creates/updates
2021-11-19T10:23:52,393|[DEBUG] AbstractFlushingEventListener - Flushed: 0 insertions, 1 updates, 0 deletions to 3 objects
2021-11-19T10:23:52,393|[DEBUG] AbstractFlushingEventListener - Flushed: 0 (re)creations, 0 updates, 0 removals to 2 collections
2021-11-19T10:23:52,393|[DEBUG] EntityPrinter - Listing entities:
2021-11-19T10:23:52,393|[DEBUG] EntityPrinter - bloodbank.entity.BloodDonation{bank=<uninitialized>, record=bloodbank.entity.DonationRecord#1, milliliters=5, id=1, epochCreated=1637335432332, bloodType=component[bloodGroup,rhd]{bloodGroup=AB, rhd=1}, version=0, epochUpdated=1637335432332}
2021-11-19T10:23:52,393|[DEBUG] EntityPrinter - bloodbank.entity.DonationRecord{owner=bloodbank.entity.Person#1, tested=1, donation=bloodbank.entity.BloodDonation#1, id=1, epochCreated=1637335432378, version=1, epochUpdated=1637335432332}
2021-11-19T10:23:52,393|[DEBUG] EntityPrinter - bloodbank.entity.Person{firstName=Nao, lastName=Aizo, donations=<uninitialized>, id=1, epochCreated=1637335432393, version=1, contacts=<uninitialized>, epochUpdated=1637335432330}
2021-11-19T10:23:52,393|[TRACE] AbstractFlushingEventListener - Executing flush
2021-11-19T10:23:52,393|[TRACE] AbstractEntityPersister - Updating entity: [bloodbank.entity.Person#1]
2021-11-19T10:23:52,393|[TRACE] AbstractEntityPersister - Existing version: 0 -> New version:1
2021-11-19T10:23:52,394|[DEBUG] SQL - 
    /* update
        bloodbank.entity.Person */ update
            person 
        set
            created=?,
            updated=?,
            version=?,
            first_name=?,
            last_name=? 
        where
            id=? 
            and version=?
2021-11-19T10:23:52,394|[TRACE] ResourceRegistryStandardImpl - Registering statement [com.mysql.cj.jdbc.ClientPreparedStatement: /* update bloodbank.entity.Person */ update person set created=** NOT SPECIFIED **, updated=** NOT SPECIFIED **, version=** NOT SPECIFIED **, first_name=** NOT SPECIFIED **, last_name=** NOT SPECIFIED ** where id=** NOT SPECIFIED ** and version=** NOT SPECIFIED **]
2021-11-19T10:23:52,394|[TRACE] AbstractEntityPersister - Dehydrating entity: [bloodbank.entity.Person#1]
2021-11-19T10:23:52,394|[TRACE] BasicBinder - binding parameter [1] as [BIGINT] - [1637335432393]
2021-11-19T10:23:52,394|[TRACE] BasicBinder - binding parameter [2] as [BIGINT] - [1637335432330]
2021-11-19T10:23:52,394|[TRACE] BasicBinder - binding parameter [3] as [INTEGER] - [1]
2021-11-19T10:23:52,394|[TRACE] BasicBinder - binding parameter [4] as [VARCHAR] - [Nao]
2021-11-19T10:23:52,394|[TRACE] BasicBinder - binding parameter [5] as [VARCHAR] - [Aizo]
2021-11-19T10:23:52,394|[TRACE] BasicBinder - binding parameter [6] as [INTEGER] - [1]
2021-11-19T10:23:52,394|[TRACE] BasicBinder - binding parameter [7] as [INTEGER] - [0]
2021-11-19T10:23:52,395|[TRACE] ResourceRegistryStandardImpl - Releasing statement [com.mysql.cj.jdbc.ClientPreparedStatement: /* update bloodbank.entity.Person */ update person set created=1637335432393, updated=1637335432330, version=1, first_name='Nao', last_name='Aizo' where id=1 and version=0]
2021-11-19T10:23:52,395|[TRACE] ResourceRegistryStandardImpl - Closing prepared statement [com.mysql.cj.jdbc.ClientPreparedStatement: /* update bloodbank.entity.Person */ update person set created=1637335432393, updated=1637335432330, version=1, first_name='Nao', last_name='Aizo' where id=1 and version=0]
2021-11-19T10:23:52,395|[TRACE] JdbcCoordinatorImpl - Starting after statement execution processing [AFTER_TRANSACTION]
2021-11-19T10:23:52,395|[TRACE] JdbcCoordinatorImpl - Starting after statement execution processing [AFTER_TRANSACTION]
2021-11-19T10:23:52,395|[TRACE] AbstractFlushingEventListener - Post flush
2021-11-19T10:23:52,395|[TRACE] AbstractLogicalConnectionImplementor - LogicalConnection#beforeTransactionCompletion
2021-11-19T10:23:52,395|[TRACE] SynchronizationRegistryStandardImpl - SynchronizationRegistryStandardImpl.notifySynchronizationsBeforeTransactionCompletion
2021-11-19T10:23:52,395|[TRACE] AbstractLogicalConnectionImplementor - Preparing to commit transaction via JDBC Connection.commit()
2021-11-19T10:23:52,398|[TRACE] AbstractLogicalConnectionImplementor - Transaction committed via JDBC Connection.commit()
2021-11-19T10:23:52,398|[TRACE] AbstractLogicalConnectionImplementor - LogicalConnection#afterTransaction
2021-11-19T10:23:52,398|[TRACE] ResourceRegistryStandardImpl - Releasing JDBC resources
2021-11-19T10:23:52,398|[DEBUG] LogicalConnectionManagedImpl - Initiating JDBC connection release from afterTransaction
2021-11-19T10:23:52,398|[TRACE] ResourceRegistryStandardImpl - Releasing JDBC resources
2021-11-19T10:23:52,398|[TRACE] JdbcResourceLocalTransactionCoordinatorImpl - ResourceLocalTransactionCoordinatorImpl#afterCompletionCallback(true)
2021-11-19T10:23:52,398|[TRACE] SynchronizationRegistryStandardImpl - SynchronizationRegistryStandardImpl.notifySynchronizationsAfterTransactionCompletion(3)
2021-11-19T10:23:52,398|[TRACE] AbstractLogicalConnectionImplementor - LogicalConnection#afterTransaction
2021-11-19T10:23:52,398|[TRACE] ResourceRegistryStandardImpl - Releasing JDBC resources
2021-11-19T10:23:52,398|[DEBUG] LogicalConnectionManagedImpl - Initiating JDBC connection release from afterTransaction
2021-11-19T10:23:52,398|[TRACE] SessionImpl - SessionImpl#afterTransactionCompletion(successful=true, delayed=false)
2021-11-19T10:23:52,398|[DEBUG] CriteriaQueryImpl - Rendered criteria query -> select generatedAlias0 from DonationRecord as generatedAlias0 where generatedAlias0.id=:id
2021-11-19T10:23:52,398|[TRACE] QueryPlanCache - Located HQL query plan in cache (select generatedAlias0 from DonationRecord as generatedAlias0 where generatedAlias0.id=:id)
2021-11-19T10:23:52,398|[TRACE] QueryPlanCache - Located HQL query plan in cache (select generatedAlias0 from DonationRecord as generatedAlias0 where generatedAlias0.id=:id)
2021-11-19T10:23:52,399|[TRACE] QueryPlanCache - Located HQL query plan in cache (select generatedAlias0 from DonationRecord as generatedAlias0 where generatedAlias0.id=:id)
2021-11-19T10:23:52,399|[TRACE] HQLQueryPlan - Find: select generatedAlias0 from DonationRecord as generatedAlias0 where generatedAlias0.id=:id
2021-11-19T10:23:52,399|[TRACE] QueryParameters - Named parameters: {id=1}
2021-11-19T10:23:52,399|[DEBUG] SQL - 
    /* select
        generatedAlias0 
    from
        DonationRecord as generatedAlias0 
    where
        generatedAlias0.id=:id */ select
            donationre0_.record_id as record_i1_4_,
            donationre0_.created as created2_4_,
            donationre0_.updated as updated3_4_,
            donationre0_.version as version4_4_,
            donationre0_.donation_id as donation6_4_,
            donationre0_.person_id as person_i7_4_,
            donationre0_.tested as tested5_4_ 
        from
            donation_record donationre0_ 
        where
            donationre0_.record_id=?
2021-11-19T10:23:52,399|[TRACE] ResourceRegistryStandardImpl - Registering statement [com.mysql.cj.jdbc.ClientPreparedStatement: /* select generatedAlias0 from DonationRecord as generatedAlias0 where generatedAlias0.id=:id */ select donationre0_.record_id as record_i1_4_, donationre0_.created as created2_4_, donationre0_.updated as updated3_4_, donationre0_.version as version4_4_, donationre0_.donation_id as donation6_4_, donationre0_.person_id as person_i7_4_, donationre0_.tested as tested5_4_ from donation_record donationre0_ where donationre0_.record_id=** NOT SPECIFIED **]
2021-11-19T10:23:52,399|[TRACE] JdbcCoordinatorImpl - Registering last query statement [com.mysql.cj.jdbc.ClientPreparedStatement: /* select generatedAlias0 from DonationRecord as generatedAlias0 where generatedAlias0.id=:id */ select donationre0_.record_id as record_i1_4_, donationre0_.created as created2_4_, donationre0_.updated as updated3_4_, donationre0_.version as version4_4_, donationre0_.donation_id as donation6_4_, donationre0_.person_id as person_i7_4_, donationre0_.tested as tested5_4_ from donation_record donationre0_ where donationre0_.record_id=** NOT SPECIFIED **]
2021-11-19T10:23:52,399|[TRACE] BasicBinder - binding parameter [1] as [INTEGER] - [1]
2021-11-19T10:23:52,399|[TRACE] Loader - Bound [2] parameters total
2021-11-19T10:23:52,400|[TRACE] ResourceRegistryStandardImpl - Registering result set [com.mysql.cj.jdbc.result.ResultSetImpl@9f52eb7]
2021-11-19T10:23:52,400|[TRACE] Loader - Processing result set
2021-11-19T10:23:52,400|[DEBUG] Loader - Result set row: 0
2021-11-19T10:23:52,400|[TRACE] BasicExtractor - extracted value ([record_i1_4_] : [INTEGER]) - [1]
2021-11-19T10:23:52,400|[DEBUG] Loader - Result row: EntityKey[bloodbank.entity.DonationRecord#1]
2021-11-19T10:23:52,400|[TRACE] Loader - Done processing result set (1 rows)
2021-11-19T10:23:52,400|[TRACE] Loader - Total objects hydrated: 0
2021-11-19T10:23:52,400|[TRACE] ResourceRegistryStandardImpl - Releasing statement [com.mysql.cj.jdbc.ClientPreparedStatement: /* select generatedAlias0 from DonationRecord as generatedAlias0 where generatedAlias0.id=:id */ select donationre0_.record_id as record_i1_4_, donationre0_.created as created2_4_, donationre0_.updated as updated3_4_, donationre0_.version as version4_4_, donationre0_.donation_id as donation6_4_, donationre0_.person_id as person_i7_4_, donationre0_.tested as tested5_4_ from donation_record donationre0_ where donationre0_.record_id=1]
2021-11-19T10:23:52,400|[TRACE] ResourceRegistryStandardImpl - Closing result set [com.mysql.cj.jdbc.result.ResultSetImpl@9f52eb7]
2021-11-19T10:23:52,400|[TRACE] ResourceRegistryStandardImpl - Closing prepared statement [com.mysql.cj.jdbc.ClientPreparedStatement: /* select generatedAlias0 from DonationRecord as generatedAlias0 where generatedAlias0.id=:id */ select donationre0_.record_id as record_i1_4_, donationre0_.created as created2_4_, donationre0_.updated as updated3_4_, donationre0_.version as version4_4_, donationre0_.donation_id as donation6_4_, donationre0_.person_id as person_i7_4_, donationre0_.tested as tested5_4_ from donation_record donationre0_ where donationre0_.record_id=1]
2021-11-19T10:23:52,400|[TRACE] JdbcCoordinatorImpl - Starting after statement execution processing [AFTER_TRANSACTION]
2021-11-19T10:23:52,400|[TRACE] StatefulPersistenceContext - Initializing non-lazy collections
2021-11-19T10:23:52,401|[TRACE] AbstractLogicalConnectionImplementor - LogicalConnection#afterTransaction
2021-11-19T10:23:52,401|[TRACE] ResourceRegistryStandardImpl - Releasing JDBC resources
2021-11-19T10:23:52,401|[DEBUG] LogicalConnectionManagedImpl - Initiating JDBC connection release from afterTransaction
2021-11-19T10:23:52,401|[TRACE] ResourceRegistryStandardImpl - Releasing JDBC resources
2021-11-19T10:23:52,401|[TRACE] SessionImpl - Closing session [6e20eca0-58a0-4d4d-a153-f5ef75fb6495]
2021-11-19T10:23:52,401|[TRACE] JdbcCoordinatorImpl - Closing JDBC container [org.hibernate.engine.jdbc.internal.JdbcCoordinatorImpl@46c2189e]
2021-11-19T10:23:52,401|[TRACE] ResourceRegistryStandardImpl - Releasing JDBC resources
2021-11-19T10:23:52,401|[TRACE] LogicalConnectionManagedImpl - Closing logical connection
2021-11-19T10:23:52,401|[TRACE] LogicalConnectionManagedImpl - Logical connection closed
]]></system-out>
  </testcase>
  <testcase name="testDelete" classname="bloodbank.entity.TestCRUDDonationRecord" time="0.011">
    <system-out><![CDATA[2021-11-19T10:23:52,402|[TRACE] SessionFactoryImpl$SessionBuilderImpl - Opening Hibernate Session.  tenant=null
2021-11-19T10:23:52,403|[TRACE] SessionImpl - Opened Session [9cb294ab-62e5-4534-a5e1-51b34e40753b] at timestamp: 1637335432402
2021-11-19T10:23:52,403|[DEBUG] TransactionImpl - On TransactionImpl creation, JpaCompliance#isJpaTransactionComplianceEnabled == false
2021-11-19T10:23:52,403|[DEBUG] CriteriaQueryImpl - Rendered criteria query -> select generatedAlias0 from DonationRecord as generatedAlias0 where generatedAlias0.id=:id
2021-11-19T10:23:52,403|[TRACE] QueryPlanCache - Located HQL query plan in cache (select generatedAlias0 from DonationRecord as generatedAlias0 where generatedAlias0.id=:id)
2021-11-19T10:23:52,403|[TRACE] QueryPlanCache - Located HQL query plan in cache (select generatedAlias0 from DonationRecord as generatedAlias0 where generatedAlias0.id=:id)
2021-11-19T10:23:52,403|[TRACE] QueryPlanCache - Located HQL query plan in cache (select generatedAlias0 from DonationRecord as generatedAlias0 where generatedAlias0.id=:id)
2021-11-19T10:23:52,403|[TRACE] HQLQueryPlan - Find: select generatedAlias0 from DonationRecord as generatedAlias0 where generatedAlias0.id=:id
2021-11-19T10:23:52,403|[TRACE] QueryParameters - Named parameters: {id=1}
2021-11-19T10:23:52,403|[DEBUG] SQL - 
    /* select
        generatedAlias0 
    from
        DonationRecord as generatedAlias0 
    where
        generatedAlias0.id=:id */ select
            donationre0_.record_id as record_i1_4_,
            donationre0_.created as created2_4_,
            donationre0_.updated as updated3_4_,
            donationre0_.version as version4_4_,
            donationre0_.donation_id as donation6_4_,
            donationre0_.person_id as person_i7_4_,
            donationre0_.tested as tested5_4_ 
        from
            donation_record donationre0_ 
        where
            donationre0_.record_id=?
2021-11-19T10:23:52,404|[TRACE] ResourceRegistryStandardImpl - Registering statement [com.mysql.cj.jdbc.ClientPreparedStatement: /* select generatedAlias0 from DonationRecord as generatedAlias0 where generatedAlias0.id=:id */ select donationre0_.record_id as record_i1_4_, donationre0_.created as created2_4_, donationre0_.updated as updated3_4_, donationre0_.version as version4_4_, donationre0_.donation_id as donation6_4_, donationre0_.person_id as person_i7_4_, donationre0_.tested as tested5_4_ from donation_record donationre0_ where donationre0_.record_id=** NOT SPECIFIED **]
2021-11-19T10:23:52,404|[TRACE] JdbcCoordinatorImpl - Registering last query statement [com.mysql.cj.jdbc.ClientPreparedStatement: /* select generatedAlias0 from DonationRecord as generatedAlias0 where generatedAlias0.id=:id */ select donationre0_.record_id as record_i1_4_, donationre0_.created as created2_4_, donationre0_.updated as updated3_4_, donationre0_.version as version4_4_, donationre0_.donation_id as donation6_4_, donationre0_.person_id as person_i7_4_, donationre0_.tested as tested5_4_ from donation_record donationre0_ where donationre0_.record_id=** NOT SPECIFIED **]
2021-11-19T10:23:52,404|[TRACE] BasicBinder - binding parameter [1] as [INTEGER] - [1]
2021-11-19T10:23:52,404|[TRACE] Loader - Bound [2] parameters total
2021-11-19T10:23:52,404|[TRACE] ResourceRegistryStandardImpl - Registering result set [com.mysql.cj.jdbc.result.ResultSetImpl@2570851e]
2021-11-19T10:23:52,404|[TRACE] Loader - Processing result set
2021-11-19T10:23:52,404|[DEBUG] Loader - Result set row: 0
2021-11-19T10:23:52,404|[TRACE] BasicExtractor - extracted value ([record_i1_4_] : [INTEGER]) - [1]
2021-11-19T10:23:52,404|[DEBUG] Loader - Result row: EntityKey[bloodbank.entity.DonationRecord#1]
2021-11-19T10:23:52,404|[TRACE] Loader - Initializing object from ResultSet: [bloodbank.entity.DonationRecord#1]
2021-11-19T10:23:52,404|[TRACE] AbstractEntityPersister - Hydrating entity: [bloodbank.entity.DonationRecord#1]
2021-11-19T10:23:52,404|[TRACE] BasicExtractor - extracted value ([created2_4_] : [BIGINT]) - [1637335432378]
2021-11-19T10:23:52,404|[TRACE] BasicExtractor - extracted value ([updated3_4_] : [BIGINT]) - [1637335432332]
2021-11-19T10:23:52,404|[TRACE] BasicExtractor - extracted value ([version4_4_] : [INTEGER]) - [1]
2021-11-19T10:23:52,404|[TRACE] BasicExtractor - extracted value ([donation6_4_] : [INTEGER]) - [1]
2021-11-19T10:23:52,404|[TRACE] BasicExtractor - extracted value ([person_i7_4_] : [INTEGER]) - [1]
2021-11-19T10:23:52,404|[TRACE] BasicExtractor - extracted value ([tested5_4_] : [TINYINT]) - [1]
2021-11-19T10:23:52,404|[TRACE] TwoPhaseLoad - Version: 1
2021-11-19T10:23:52,405|[TRACE] Loader - Done processing result set (1 rows)
2021-11-19T10:23:52,405|[TRACE] Loader - Total objects hydrated: 1
2021-11-19T10:23:52,405|[DEBUG] TwoPhaseLoad - Resolving attributes for [bloodbank.entity.DonationRecord#1]
2021-11-19T10:23:52,405|[DEBUG] TwoPhaseLoad - Processing attribute `epochCreated` : value = 1637335432378
2021-11-19T10:23:52,405|[DEBUG] TwoPhaseLoad - Attribute (`epochCreated`)  - enhanced for lazy-loading? - false
2021-11-19T10:23:52,405|[DEBUG] TwoPhaseLoad - Processing attribute `epochUpdated` : value = 1637335432332
2021-11-19T10:23:52,405|[DEBUG] TwoPhaseLoad - Attribute (`epochUpdated`)  - enhanced for lazy-loading? - false
2021-11-19T10:23:52,405|[DEBUG] TwoPhaseLoad - Processing attribute `version` : value = 1
2021-11-19T10:23:52,405|[DEBUG] TwoPhaseLoad - Attribute (`version`)  - enhanced for lazy-loading? - false
2021-11-19T10:23:52,405|[DEBUG] TwoPhaseLoad - Processing attribute `donation` : value = 1
2021-11-19T10:23:52,405|[DEBUG] TwoPhaseLoad - Attribute (`donation`)  - enhanced for lazy-loading? - false
2021-11-19T10:23:52,405|[TRACE] DefaultLoadEventListener - Loading entity: [bloodbank.entity.BloodDonation#1]
2021-11-19T10:23:52,405|[TRACE] DefaultLoadEventListener - Attempting to resolve: [bloodbank.entity.BloodDonation#1]
2021-11-19T10:23:52,405|[TRACE] DefaultLoadEventListener - Object not resolved in any cache: [bloodbank.entity.BloodDonation#1]
2021-11-19T10:23:52,405|[TRACE] AbstractEntityPersister - Fetching entity: [bloodbank.entity.BloodDonation#1]
2021-11-19T10:23:52,405|[DEBUG] SQL - 
    select
        blooddonat0_.donation_id as donation1_2_0_,
        blooddonat0_.created as created2_2_0_,
        blooddonat0_.updated as updated3_2_0_,
        blooddonat0_.version as version4_2_0_,
        blooddonat0_.bank_id as bank_id8_2_0_,
        blooddonat0_.blood_group as blood_gr5_2_0_,
        blooddonat0_.rhd as rhd6_2_0_,
        blooddonat0_.milliliters as millilit7_2_0_ 
    from
        blood_donation blooddonat0_ 
    where
        blooddonat0_.donation_id=?
2021-11-19T10:23:52,405|[TRACE] ResourceRegistryStandardImpl - Registering statement [com.mysql.cj.jdbc.ClientPreparedStatement: select blooddonat0_.donation_id as donation1_2_0_, blooddonat0_.created as created2_2_0_, blooddonat0_.updated as updated3_2_0_, blooddonat0_.version as version4_2_0_, blooddonat0_.bank_id as bank_id8_2_0_, blooddonat0_.blood_group as blood_gr5_2_0_, blooddonat0_.rhd as rhd6_2_0_, blooddonat0_.milliliters as millilit7_2_0_ from blood_donation blooddonat0_ where blooddonat0_.donation_id=** NOT SPECIFIED **]
2021-11-19T10:23:52,405|[TRACE] JdbcCoordinatorImpl - Registering last query statement [com.mysql.cj.jdbc.ClientPreparedStatement: select blooddonat0_.donation_id as donation1_2_0_, blooddonat0_.created as created2_2_0_, blooddonat0_.updated as updated3_2_0_, blooddonat0_.version as version4_2_0_, blooddonat0_.bank_id as bank_id8_2_0_, blooddonat0_.blood_group as blood_gr5_2_0_, blooddonat0_.rhd as rhd6_2_0_, blooddonat0_.milliliters as millilit7_2_0_ from blood_donation blooddonat0_ where blooddonat0_.donation_id=** NOT SPECIFIED **]
2021-11-19T10:23:52,405|[TRACE] BasicBinder - binding parameter [1] as [INTEGER] - [1]
2021-11-19T10:23:52,405|[TRACE] AbstractLoadPlanBasedLoader - Bound [2] parameters total
2021-11-19T10:23:52,406|[TRACE] ResourceRegistryStandardImpl - Registering result set [com.mysql.cj.jdbc.result.ResultSetImpl@261f5a45]
2021-11-19T10:23:52,406|[TRACE] ResultSetProcessorImpl - Processing result set
2021-11-19T10:23:52,406|[TRACE] ResultSetProcessorImpl - Starting ResultSet row #0
2021-11-19T10:23:52,406|[DEBUG] EntityReferenceInitializerImpl - On call to EntityIdentifierReaderImpl#resolve, EntityKey was already known; should only happen on root returns with an optional identifier specified
2021-11-19T10:23:52,406|[TRACE] EntityReferenceInitializerImpl - hydrating entity state
2021-11-19T10:23:52,406|[TRACE] EntityReferenceInitializerImpl - Initializing object from ResultSet: [bloodbank.entity.BloodDonation#1]
2021-11-19T10:23:52,406|[TRACE] AbstractEntityPersister - Hydrating entity: [bloodbank.entity.BloodDonation#1]
2021-11-19T10:23:52,406|[TRACE] BasicExtractor - extracted value ([created2_2_0_] : [BIGINT]) - [1637335432332]
2021-11-19T10:23:52,406|[TRACE] BasicExtractor - extracted value ([updated3_2_0_] : [BIGINT]) - [1637335432332]
2021-11-19T10:23:52,406|[TRACE] BasicExtractor - extracted value ([version4_2_0_] : [INTEGER]) - [0]
2021-11-19T10:23:52,406|[TRACE] BasicExtractor - extracted value ([bank_id8_2_0_] : [INTEGER]) - [1]
2021-11-19T10:23:52,406|[TRACE] BasicExtractor - extracted value ([blood_gr5_2_0_] : [VARCHAR]) - [AB]
2021-11-19T10:23:52,406|[TRACE] BasicExtractor - extracted value ([rhd6_2_0_] : [TINYINT]) - [1]
2021-11-19T10:23:52,406|[TRACE] BasicExtractor - extracted value ([millilit7_2_0_] : [INTEGER]) - [5]
2021-11-19T10:23:52,406|[TRACE] TwoPhaseLoad - Version: 0
2021-11-19T10:23:52,407|[TRACE] ResultSetProcessorImpl - Done processing result set (1 rows)
2021-11-19T10:23:52,407|[TRACE] AbstractRowReader - Total objects hydrated: 1
2021-11-19T10:23:52,407|[DEBUG] TwoPhaseLoad - Resolving attributes for [bloodbank.entity.BloodDonation#1]
2021-11-19T10:23:52,407|[DEBUG] TwoPhaseLoad - Processing attribute `epochCreated` : value = 1637335432332
2021-11-19T10:23:52,407|[DEBUG] TwoPhaseLoad - Attribute (`epochCreated`)  - enhanced for lazy-loading? - false
2021-11-19T10:23:52,407|[DEBUG] TwoPhaseLoad - Processing attribute `epochUpdated` : value = 1637335432332
2021-11-19T10:23:52,407|[DEBUG] TwoPhaseLoad - Attribute (`epochUpdated`)  - enhanced for lazy-loading? - false
2021-11-19T10:23:52,407|[DEBUG] TwoPhaseLoad - Processing attribute `version` : value = 0
2021-11-19T10:23:52,407|[DEBUG] TwoPhaseLoad - Attribute (`version`)  - enhanced for lazy-loading? - false
2021-11-19T10:23:52,407|[DEBUG] TwoPhaseLoad - Processing attribute `bank` : value = 1
2021-11-19T10:23:52,407|[DEBUG] TwoPhaseLoad - Attribute (`bank`)  - enhanced for lazy-loading? - false
2021-11-19T10:23:52,407|[TRACE] DefaultLoadEventListener - Loading entity: [bloodbank.entity.BloodBank#1]
2021-11-19T10:23:52,407|[TRACE] DefaultLoadEventListener - Creating new proxy for entity
2021-11-19T10:23:52,407|[DEBUG] TwoPhaseLoad - Processing attribute `bloodType` : value = [Ljava.lang.Object;@6d41200c
2021-11-19T10:23:52,407|[DEBUG] TwoPhaseLoad - Attribute (`bloodType`)  - enhanced for lazy-loading? - false
2021-11-19T10:23:52,407|[DEBUG] TwoPhaseLoad - Processing attribute `milliliters` : value = 5
2021-11-19T10:23:52,407|[DEBUG] TwoPhaseLoad - Attribute (`milliliters`)  - enhanced for lazy-loading? - false
2021-11-19T10:23:52,407|[DEBUG] TwoPhaseLoad - Processing attribute `record` : value = 1
2021-11-19T10:23:52,407|[DEBUG] TwoPhaseLoad - Attribute (`record`)  - enhanced for lazy-loading? - false
2021-11-19T10:23:52,407|[TRACE] DefaultLoadEventListener - Loading entity: [bloodbank.entity.DonationRecord#1]
2021-11-19T10:23:52,407|[TRACE] DefaultLoadEventListener - Attempting to resolve: [bloodbank.entity.DonationRecord#1]
2021-11-19T10:23:52,407|[DEBUG] TwoPhaseLoad - Done materializing entity [bloodbank.entity.BloodDonation#1]
2021-11-19T10:23:52,407|[TRACE] ResultSetProcessingContextImpl - Skipping create subselects because there are fewer than 2 results, so query by key is more efficient.
2021-11-19T10:23:52,407|[TRACE] ResourceRegistryStandardImpl - Releasing statement [com.mysql.cj.jdbc.ClientPreparedStatement: select blooddonat0_.donation_id as donation1_2_0_, blooddonat0_.created as created2_2_0_, blooddonat0_.updated as updated3_2_0_, blooddonat0_.version as version4_2_0_, blooddonat0_.bank_id as bank_id8_2_0_, blooddonat0_.blood_group as blood_gr5_2_0_, blooddonat0_.rhd as rhd6_2_0_, blooddonat0_.milliliters as millilit7_2_0_ from blood_donation blooddonat0_ where blooddonat0_.donation_id=1]
2021-11-19T10:23:52,407|[TRACE] ResourceRegistryStandardImpl - Closing result set [com.mysql.cj.jdbc.result.ResultSetImpl@261f5a45]
2021-11-19T10:23:52,407|[TRACE] ResourceRegistryStandardImpl - Closing prepared statement [com.mysql.cj.jdbc.ClientPreparedStatement: select blooddonat0_.donation_id as donation1_2_0_, blooddonat0_.created as created2_2_0_, blooddonat0_.updated as updated3_2_0_, blooddonat0_.version as version4_2_0_, blooddonat0_.bank_id as bank_id8_2_0_, blooddonat0_.blood_group as blood_gr5_2_0_, blooddonat0_.rhd as rhd6_2_0_, blooddonat0_.milliliters as millilit7_2_0_ from blood_donation blooddonat0_ where blooddonat0_.donation_id=1]
2021-11-19T10:23:52,407|[TRACE] JdbcCoordinatorImpl - Starting after statement execution processing [AFTER_TRANSACTION]
2021-11-19T10:23:52,407|[DEBUG] AbstractLoadPlanBasedEntityLoader - Done entity load : bloodbank.entity.BloodDonation#1
2021-11-19T10:23:52,407|[DEBUG] TwoPhaseLoad - Processing attribute `owner` : value = 1
2021-11-19T10:23:52,407|[DEBUG] TwoPhaseLoad - Attribute (`owner`)  - enhanced for lazy-loading? - false
2021-11-19T10:23:52,407|[TRACE] DefaultLoadEventListener - Loading entity: [bloodbank.entity.Person#1]
2021-11-19T10:23:52,407|[TRACE] DefaultLoadEventListener - Creating new proxy for entity
2021-11-19T10:23:52,407|[DEBUG] TwoPhaseLoad - Processing attribute `tested` : value = 1
2021-11-19T10:23:52,407|[DEBUG] TwoPhaseLoad - Attribute (`tested`)  - enhanced for lazy-loading? - false
2021-11-19T10:23:52,407|[DEBUG] TwoPhaseLoad - Done materializing entity [bloodbank.entity.DonationRecord#1]
2021-11-19T10:23:52,407|[TRACE] ResourceRegistryStandardImpl - Releasing statement [com.mysql.cj.jdbc.ClientPreparedStatement: /* select generatedAlias0 from DonationRecord as generatedAlias0 where generatedAlias0.id=:id */ select donationre0_.record_id as record_i1_4_, donationre0_.created as created2_4_, donationre0_.updated as updated3_4_, donationre0_.version as version4_4_, donationre0_.donation_id as donation6_4_, donationre0_.person_id as person_i7_4_, donationre0_.tested as tested5_4_ from donation_record donationre0_ where donationre0_.record_id=1]
2021-11-19T10:23:52,408|[TRACE] ResourceRegistryStandardImpl - Closing result set [com.mysql.cj.jdbc.result.ResultSetImpl@2570851e]
2021-11-19T10:23:52,408|[TRACE] ResourceRegistryStandardImpl - Closing prepared statement [com.mysql.cj.jdbc.ClientPreparedStatement: /* select generatedAlias0 from DonationRecord as generatedAlias0 where generatedAlias0.id=:id */ select donationre0_.record_id as record_i1_4_, donationre0_.created as created2_4_, donationre0_.updated as updated3_4_, donationre0_.version as version4_4_, donationre0_.donation_id as donation6_4_, donationre0_.person_id as person_i7_4_, donationre0_.tested as tested5_4_ from donation_record donationre0_ where donationre0_.record_id=1]
2021-11-19T10:23:52,408|[TRACE] JdbcCoordinatorImpl - Starting after statement execution processing [AFTER_TRANSACTION]
2021-11-19T10:23:52,408|[TRACE] StatefulPersistenceContext - Initializing non-lazy collections
2021-11-19T10:23:52,408|[TRACE] AbstractLogicalConnectionImplementor - LogicalConnection#afterTransaction
2021-11-19T10:23:52,408|[TRACE] ResourceRegistryStandardImpl - Releasing JDBC resources
2021-11-19T10:23:52,408|[DEBUG] LogicalConnectionManagedImpl - Initiating JDBC connection release from afterTransaction
2021-11-19T10:23:52,408|[TRACE] ResourceRegistryStandardImpl - Releasing JDBC resources
2021-11-19T10:23:52,408|[DEBUG] TransactionImpl - begin
2021-11-19T10:23:52,408|[TRACE] AbstractLogicalConnectionImplementor - Preparing to begin transaction via JDBC Connection.setAutoCommit(false)
2021-11-19T10:23:52,408|[TRACE] AbstractLogicalConnectionImplementor - Transaction begun via JDBC Connection.setAutoCommit(false)
2021-11-19T10:23:52,408|[TRACE] JdbcResourceLocalTransactionCoordinatorImpl - ResourceLocalTransactionCoordinatorImpl#afterBeginCallback
2021-11-19T10:23:52,409|[TRACE] EntityState - Persistent instance of: bloodbank.entity.DonationRecord
2021-11-19T10:23:52,409|[TRACE] DefaultMergeEventListener - Ignoring persistent instance
2021-11-19T10:23:52,409|[TRACE] Cascade - Processing cascade ACTION_MERGE for: bloodbank.entity.DonationRecord
2021-11-19T10:23:52,409|[TRACE] CascadingAction - Cascading to merge: bloodbank.entity.BloodDonation
2021-11-19T10:23:52,409|[TRACE] EntityState - Persistent instance of: bloodbank.entity.BloodDonation
2021-11-19T10:23:52,409|[TRACE] DefaultMergeEventListener - Ignoring persistent instance
2021-11-19T10:23:52,409|[TRACE] Cascade - Processing cascade ACTION_MERGE for: bloodbank.entity.BloodDonation
2021-11-19T10:23:52,409|[TRACE] CascadingAction - Cascading to merge: bloodbank.entity.BloodBank
2021-11-19T10:23:52,409|[TRACE] DefaultMergeEventListener - Ignoring uninitialized proxy
2021-11-19T10:23:52,409|[TRACE] DefaultLoadEventListener - Loading entity: [bloodbank.entity.BloodBank#1]
2021-11-19T10:23:52,409|[TRACE] DefaultLoadEventListener - Entity proxy found in session cache
2021-11-19T10:23:52,409|[TRACE] Cascade - Done processing cascade ACTION_MERGE for: bloodbank.entity.BloodDonation
2021-11-19T10:23:52,409|[TRACE] Cascade - Done processing cascade ACTION_MERGE for: bloodbank.entity.DonationRecord
2021-11-19T10:23:52,409|[DEBUG] TransactionImpl - committing
2021-11-19T10:23:52,409|[TRACE] JdbcResourceLocalTransactionCoordinatorImpl - ResourceLocalTransactionCoordinatorImpl#beforeCompletionCallback
2021-11-19T10:23:52,409|[TRACE] SessionImpl - SessionImpl#beforeTransactionCompletion()
2021-11-19T10:23:52,409|[TRACE] SessionImpl - Automatically flushing session
2021-11-19T10:23:52,409|[TRACE] AbstractFlushingEventListener - Flushing session
2021-11-19T10:23:52,409|[DEBUG] AbstractFlushingEventListener - Processing flush-time cascades
2021-11-19T10:23:52,409|[TRACE] Cascade - Processing cascade ACTION_PERSIST_ON_FLUSH for: bloodbank.entity.DonationRecord
2021-11-19T10:23:52,409|[TRACE] CascadingAction - Cascading to persist on flush: bloodbank.entity.BloodDonation
2021-11-19T10:23:52,409|[TRACE] EntityState - Persistent instance of: bloodbank.entity.BloodDonation
2021-11-19T10:23:52,409|[TRACE] DefaultPersistEventListener - Ignoring persistent instance
2021-11-19T10:23:52,409|[TRACE] Cascade - Processing cascade ACTION_PERSIST_ON_FLUSH for: bloodbank.entity.BloodDonation
2021-11-19T10:23:52,409|[TRACE] CascadingAction - Cascading to persist on flush: bloodbank.entity.BloodBank
2021-11-19T10:23:52,409|[TRACE] Cascade - Done processing cascade ACTION_PERSIST_ON_FLUSH for: bloodbank.entity.BloodDonation
2021-11-19T10:23:52,409|[TRACE] Cascade - Processing cascade ACTION_PERSIST_ON_FLUSH for: bloodbank.entity.BloodDonation
2021-11-19T10:23:52,409|[TRACE] Cascade - Done processing cascade ACTION_PERSIST_ON_FLUSH for: bloodbank.entity.BloodDonation
2021-11-19T10:23:52,409|[TRACE] Cascade - Done processing cascade ACTION_PERSIST_ON_FLUSH for: bloodbank.entity.DonationRecord
2021-11-19T10:23:52,409|[TRACE] Cascade - Processing cascade ACTION_PERSIST_ON_FLUSH for: bloodbank.entity.BloodDonation
2021-11-19T10:23:52,409|[TRACE] CascadingAction - Cascading to persist on flush: bloodbank.entity.BloodBank
2021-11-19T10:23:52,409|[TRACE] Cascade - Done processing cascade ACTION_PERSIST_ON_FLUSH for: bloodbank.entity.BloodDonation
2021-11-19T10:23:52,409|[DEBUG] AbstractFlushingEventListener - Dirty checking collections
2021-11-19T10:23:52,409|[TRACE] AbstractFlushingEventListener - Flushing entities and processing referenced collections
2021-11-19T10:23:52,409|[TRACE] AbstractFlushingEventListener - Processing unreferenced collections
2021-11-19T10:23:52,409|[TRACE] AbstractFlushingEventListener - Scheduling collection removes/(re)creates/updates
2021-11-19T10:23:52,409|[DEBUG] AbstractFlushingEventListener - Flushed: 0 insertions, 0 updates, 0 deletions to 2 objects
2021-11-19T10:23:52,409|[DEBUG] AbstractFlushingEventListener - Flushed: 0 (re)creations, 0 updates, 0 removals to 0 collections
2021-11-19T10:23:52,409|[DEBUG] EntityPrinter - Listing entities:
2021-11-19T10:23:52,409|[DEBUG] EntityPrinter - bloodbank.entity.BloodDonation{bank=<uninitialized>, record=bloodbank.entity.DonationRecord#1, milliliters=5, id=1, epochCreated=1637335432332, bloodType=component[bloodGroup,rhd]{bloodGroup=AB, rhd=1}, version=0, epochUpdated=1637335432332}
2021-11-19T10:23:52,409|[DEBUG] EntityPrinter - bloodbank.entity.DonationRecord{owner=<uninitialized>, tested=1, donation=bloodbank.entity.BloodDonation#1, id=1, epochCreated=1637335432378, version=1, epochUpdated=1637335432332}
2021-11-19T10:23:52,409|[TRACE] AbstractFlushingEventListener - Executing flush
2021-11-19T10:23:52,409|[TRACE] JdbcCoordinatorImpl - Starting after statement execution processing [AFTER_TRANSACTION]
2021-11-19T10:23:52,409|[TRACE] AbstractFlushingEventListener - Post flush
2021-11-19T10:23:52,409|[TRACE] AbstractLogicalConnectionImplementor - LogicalConnection#beforeTransactionCompletion
2021-11-19T10:23:52,409|[TRACE] SynchronizationRegistryStandardImpl - SynchronizationRegistryStandardImpl.notifySynchronizationsBeforeTransactionCompletion
2021-11-19T10:23:52,409|[TRACE] AbstractLogicalConnectionImplementor - Preparing to commit transaction via JDBC Connection.commit()
2021-11-19T10:23:52,410|[TRACE] AbstractLogicalConnectionImplementor - Transaction committed via JDBC Connection.commit()
2021-11-19T10:23:52,410|[TRACE] AbstractLogicalConnectionImplementor - LogicalConnection#afterTransaction
2021-11-19T10:23:52,410|[TRACE] ResourceRegistryStandardImpl - Releasing JDBC resources
2021-11-19T10:23:52,410|[DEBUG] LogicalConnectionManagedImpl - Initiating JDBC connection release from afterTransaction
2021-11-19T10:23:52,410|[TRACE] ResourceRegistryStandardImpl - Releasing JDBC resources
2021-11-19T10:23:52,410|[TRACE] JdbcResourceLocalTransactionCoordinatorImpl - ResourceLocalTransactionCoordinatorImpl#afterCompletionCallback(true)
2021-11-19T10:23:52,410|[TRACE] SynchronizationRegistryStandardImpl - SynchronizationRegistryStandardImpl.notifySynchronizationsAfterTransactionCompletion(3)
2021-11-19T10:23:52,410|[TRACE] AbstractLogicalConnectionImplementor - LogicalConnection#afterTransaction
2021-11-19T10:23:52,410|[TRACE] ResourceRegistryStandardImpl - Releasing JDBC resources
2021-11-19T10:23:52,410|[DEBUG] LogicalConnectionManagedImpl - Initiating JDBC connection release from afterTransaction
2021-11-19T10:23:52,410|[TRACE] SessionImpl - SessionImpl#afterTransactionCompletion(successful=true, delayed=false)
2021-11-19T10:23:52,410|[DEBUG] CriteriaQueryImpl - Rendered criteria query -> select count(generatedAlias0) from DonationRecord as generatedAlias0 where generatedAlias0.id=:id
2021-11-19T10:23:52,410|[TRACE] QueryPlanCache - Located HQL query plan in cache (select count(generatedAlias0) from DonationRecord as generatedAlias0 where generatedAlias0.id=:id)
2021-11-19T10:23:52,410|[TRACE] QueryPlanCache - Located HQL query plan in cache (select count(generatedAlias0) from DonationRecord as generatedAlias0 where generatedAlias0.id=:id)
2021-11-19T10:23:52,410|[TRACE] QueryPlanCache - Located HQL query plan in cache (select count(generatedAlias0) from DonationRecord as generatedAlias0 where generatedAlias0.id=:id)
2021-11-19T10:23:52,410|[TRACE] HQLQueryPlan - Find: select count(generatedAlias0) from DonationRecord as generatedAlias0 where generatedAlias0.id=:id
2021-11-19T10:23:52,410|[TRACE] QueryParameters - Named parameters: {id=1}
2021-11-19T10:23:52,410|[DEBUG] SQL - 
    /* select
        count(generatedAlias0) 
    from
        DonationRecord as generatedAlias0 
    where
        generatedAlias0.id=:id */ select
            count(donationre0_.record_id) as col_0_0_ 
        from
            donation_record donationre0_ 
        where
            donationre0_.record_id=?
2021-11-19T10:23:52,411|[TRACE] ResourceRegistryStandardImpl - Registering statement [com.mysql.cj.jdbc.ClientPreparedStatement: /* select count(generatedAlias0) from DonationRecord as generatedAlias0 where generatedAlias0.id=:id */ select count(donationre0_.record_id) as col_0_0_ from donation_record donationre0_ where donationre0_.record_id=** NOT SPECIFIED **]
2021-11-19T10:23:52,411|[TRACE] JdbcCoordinatorImpl - Registering last query statement [com.mysql.cj.jdbc.ClientPreparedStatement: /* select count(generatedAlias0) from DonationRecord as generatedAlias0 where generatedAlias0.id=:id */ select count(donationre0_.record_id) as col_0_0_ from donation_record donationre0_ where donationre0_.record_id=** NOT SPECIFIED **]
2021-11-19T10:23:52,411|[TRACE] BasicBinder - binding parameter [1] as [INTEGER] - [1]
2021-11-19T10:23:52,411|[TRACE] Loader - Bound [2] parameters total
2021-11-19T10:23:52,411|[TRACE] ResourceRegistryStandardImpl - Registering result set [com.mysql.cj.jdbc.result.ResultSetImpl@58e7f930]
2021-11-19T10:23:52,411|[TRACE] Loader - Processing result set
2021-11-19T10:23:52,412|[DEBUG] Loader - Result set row: 0
2021-11-19T10:23:52,412|[DEBUG] Loader - Result row: 
2021-11-19T10:23:52,412|[TRACE] BasicExtractor - extracted value ([col_0_0_] : [BIGINT]) - [1]
2021-11-19T10:23:52,412|[TRACE] Loader - Done processing result set (1 rows)
2021-11-19T10:23:52,412|[TRACE] ResourceRegistryStandardImpl - Releasing statement [com.mysql.cj.jdbc.ClientPreparedStatement: /* select count(generatedAlias0) from DonationRecord as generatedAlias0 where generatedAlias0.id=:id */ select count(donationre0_.record_id) as col_0_0_ from donation_record donationre0_ where donationre0_.record_id=1]
2021-11-19T10:23:52,412|[TRACE] ResourceRegistryStandardImpl - Closing result set [com.mysql.cj.jdbc.result.ResultSetImpl@58e7f930]
2021-11-19T10:23:52,412|[TRACE] ResourceRegistryStandardImpl - Closing prepared statement [com.mysql.cj.jdbc.ClientPreparedStatement: /* select count(generatedAlias0) from DonationRecord as generatedAlias0 where generatedAlias0.id=:id */ select count(donationre0_.record_id) as col_0_0_ from donation_record donationre0_ where donationre0_.record_id=1]
2021-11-19T10:23:52,412|[TRACE] JdbcCoordinatorImpl - Starting after statement execution processing [AFTER_TRANSACTION]
2021-11-19T10:23:52,412|[TRACE] StatefulPersistenceContext - Initializing non-lazy collections
2021-11-19T10:23:52,412|[TRACE] AbstractLogicalConnectionImplementor - LogicalConnection#afterTransaction
2021-11-19T10:23:52,412|[TRACE] ResourceRegistryStandardImpl - Releasing JDBC resources
2021-11-19T10:23:52,412|[DEBUG] LogicalConnectionManagedImpl - Initiating JDBC connection release from afterTransaction
2021-11-19T10:23:52,412|[TRACE] ResourceRegistryStandardImpl - Releasing JDBC resources
2021-11-19T10:23:52,412|[TRACE] SessionImpl - Closing session [9cb294ab-62e5-4534-a5e1-51b34e40753b]
2021-11-19T10:23:52,412|[TRACE] JdbcCoordinatorImpl - Closing JDBC container [org.hibernate.engine.jdbc.internal.JdbcCoordinatorImpl@406808eb]
2021-11-19T10:23:52,412|[TRACE] ResourceRegistryStandardImpl - Releasing JDBC resources
2021-11-19T10:23:52,412|[TRACE] LogicalConnectionManagedImpl - Closing logical connection
2021-11-19T10:23:52,412|[TRACE] LogicalConnectionManagedImpl - Logical connection closed
]]></system-out>
  </testcase>
</testsuite>